<?xml version="1.0" encoding="UTF-8"?>
<testsuite xmlns:xsi="http://www.w3.org/2001/XMLSchema-instance" xsi:noNamespaceSchemaLocation="https://maven.apache.org/surefire/maven-surefire-plugin/xsd/surefire-test-report.xsd" name="org.apache.hadoop.ozone.container.common.statemachine.commandhandler.TestBlockDeletion" time="101.963" tests="1" errors="0" skipped="0" failures="1">
  <properties>
    <property name="awt.toolkit" value="sun.awt.X11.XToolkit"/>
    <property name="file.encoding.pkg" value="sun.io"/>
    <property name="java.specification.version" value="1.8"/>
    <property name="sun.cpu.isalist" value=""/>
    <property name="sun.jnu.encoding" value="UTF-8"/>
    <property name="java.class.path" value="/workdir/hadoop-ozone/integration-test/target/test-classes:/workdir/hadoop-ozone/integration-test/target/classes:/home/user/.m2/repository/org/apache/hadoop/hadoop-ozone-common/0.4.1-SNAPSHOT/hadoop-ozone-common-0.4.1-SNAPSHOT.jar:/home/user/.m2/repository/org/apache/commons/commons-compress/1.4.1/commons-compress-1.4.1.jar:/home/user/.m2/repository/org/tukaani/xz/1.0/xz-1.0.jar:/home/user/.m2/repository/org/apache/hadoop/hadoop-common/3.2.0/hadoop-common-3.2.0.jar:/home/user/.m2/repository/org/apache/hadoop/hadoop-hdfs/3.2.0/hadoop-hdfs-3.2.0.jar:/home/user/.m2/repository/org/apache/hadoop/hadoop-hdfs-client/3.2.0/hadoop-hdfs-client-3.2.0.jar:/home/user/.m2/repository/com/fasterxml/jackson/core/jackson-annotations/2.9.5/jackson-annotations-2.9.5.jar:/home/user/.m2/repository/org/apache/hadoop/hadoop-hdds-common/0.4.1-SNAPSHOT/hadoop-hdds-common-0.4.1-SNAPSHOT.jar:/home/user/.m2/repository/javax/annotation/javax.annotation-api/1.2/javax.annotation-api-1.2.jar:/home/user/.m2/repository/org/apache/ratis/ratis-server/0.4.0-2337318-SNAPSHOT/ratis-server-0.4.0-2337318-SNAPSHOT.jar:/home/user/.m2/repository/org/apache/ratis/ratis-thirdparty-misc/0.2.0/ratis-thirdparty-misc-0.2.0.jar:/home/user/.m2/repository/org/apache/ratis/ratis-proto/0.4.0-2337318-SNAPSHOT/ratis-proto-0.4.0-2337318-SNAPSHOT.jar:/home/user/.m2/repository/org/apache/ratis/ratis-common/0.4.0-2337318-SNAPSHOT/ratis-common-0.4.0-2337318-SNAPSHOT.jar:/home/user/.m2/repository/org/apache/ratis/ratis-client/0.4.0-2337318-SNAPSHOT/ratis-client-0.4.0-2337318-SNAPSHOT.jar:/home/user/.m2/repository/org/apache/ratis/ratis-metrics/0.4.0-2337318-SNAPSHOT/ratis-metrics-0.4.0-2337318-SNAPSHOT.jar:/home/user/.m2/repository/org/apache/ratis/ratis-netty/0.4.0-2337318-SNAPSHOT/ratis-netty-0.4.0-2337318-SNAPSHOT.jar:/home/user/.m2/repository/org/apache/ratis/ratis-grpc/0.4.0-2337318-SNAPSHOT/ratis-grpc-0.4.0-2337318-SNAPSHOT.jar:/home/user/.m2/repository/org/rocksdb/rocksdbjni/6.0.1/rocksdbjni-6.0.1.jar:/home/user/.m2/repository/org/apache/logging/log4j/log4j-api/2.11.0/log4j-api-2.11.0.jar:/home/user/.m2/repository/org/apache/logging/log4j/log4j-core/2.11.0/log4j-core-2.11.0.jar:/home/user/.m2/repository/com/lmax/disruptor/3.4.2/disruptor-3.4.2.jar:/home/user/.m2/repository/org/apache/commons/commons-pool2/2.6.0/commons-pool2-2.6.0.jar:/home/user/.m2/repository/org/bouncycastle/bcpkix-jdk15on/1.60/bcpkix-jdk15on-1.60.jar:/home/user/.m2/repository/commons-validator/commons-validator/1.6/commons-validator-1.6.jar:/home/user/.m2/repository/commons-digester/commons-digester/1.8.1/commons-digester-1.8.1.jar:/home/user/.m2/repository/io/jaegertracing/jaeger-client/0.33.1/jaeger-client-0.33.1.jar:/home/user/.m2/repository/io/jaegertracing/jaeger-thrift/0.33.1/jaeger-thrift-0.33.1.jar:/home/user/.m2/repository/org/apache/thrift/libthrift/0.11.0/libthrift-0.11.0.jar:/home/user/.m2/repository/com/squareup/okhttp3/okhttp/3.9.0/okhttp-3.9.0.jar:/home/user/.m2/repository/com/squareup/okio/okio/1.13.0/okio-1.13.0.jar:/home/user/.m2/repository/io/jaegertracing/jaeger-core/0.33.1/jaeger-core-0.33.1.jar:/home/user/.m2/repository/io/jaegertracing/jaeger-tracerresolver/0.33.1/jaeger-tracerresolver-0.33.1.jar:/home/user/.m2/repository/io/opentracing/contrib/opentracing-tracerresolver/0.1.5/opentracing-tracerresolver-0.1.5.jar:/home/user/.m2/repository/io/opentracing/opentracing-util/0.31.0/opentracing-util-0.31.0.jar:/home/user/.m2/repository/io/opentracing/opentracing-api/0.31.0/opentracing-api-0.31.0.jar:/home/user/.m2/repository/io/opentracing/opentracing-noop/0.31.0/opentracing-noop-0.31.0.jar:/home/user/.m2/repository/org/apache/hadoop/hadoop-hdds-server-framework/0.4.1-SNAPSHOT/hadoop-hdds-server-framework-0.4.1-SNAPSHOT.jar:/home/user/.m2/repository/org/apache/hadoop/hadoop-hdds-container-service/0.4.1-SNAPSHOT/hadoop-hdds-container-service-0.4.1-SNAPSHOT.jar:/home/user/.m2/repository/org/apache/hadoop/hadoop-hdds-client/0.4.1-SNAPSHOT/hadoop-hdds-client-0.4.1-SNAPSHOT.jar:/home/user/.m2/repository/org/apache/hadoop/hadoop-hdds-tools/0.4.1-SNAPSHOT/hadoop-hdds-tools-0.4.1-SNAPSHOT.jar:/home/user/.m2/repository/org/apache/hadoop/hadoop-hdds-server-scm/0.4.1-SNAPSHOT/hadoop-hdds-server-scm-0.4.1-SNAPSHOT.jar:/home/user/.m2/repository/org/apache/hadoop/hadoop-hdds-docs/0.4.1-SNAPSHOT/hadoop-hdds-docs-0.4.1-SNAPSHOT.jar:/home/user/.m2/repository/io/dropwizard/metrics/metrics-core/3.2.4/metrics-core-3.2.4.jar:/home/user/.m2/repository/org/hamcrest/hamcrest-all/1.3/hamcrest-all-1.3.jar:/home/user/.m2/repository/org/bouncycastle/bcprov-jdk15on/1.60/bcprov-jdk15on-1.60.jar:/home/user/.m2/repository/info/picocli/picocli/3.9.6/picocli-3.9.6.jar:/home/user/.m2/repository/com/google/protobuf/protobuf-java/2.5.0/protobuf-java-2.5.0.jar:/home/user/.m2/repository/com/google/guava/guava/11.0.2/guava-11.0.2.jar:/home/user/.m2/repository/org/apache/hadoop/hadoop-ozone-ozone-manager/0.4.1-SNAPSHOT/hadoop-ozone-ozone-manager-0.4.1-SNAPSHOT.jar:/home/user/.m2/repository/org/apache/hadoop/hadoop-minikdc/3.2.0/hadoop-minikdc-3.2.0.jar:/home/user/.m2/repository/commons-io/commons-io/2.5/commons-io-2.5.jar:/home/user/.m2/repository/org/apache/kerby/kerb-simplekdc/1.0.1/kerb-simplekdc-1.0.1.jar:/home/user/.m2/repository/org/apache/kerby/kerb-client/1.0.1/kerb-client-1.0.1.jar:/home/user/.m2/repository/org/apache/kerby/kerby-config/1.0.1/kerby-config-1.0.1.jar:/home/user/.m2/repository/org/apache/kerby/kerb-core/1.0.1/kerb-core-1.0.1.jar:/home/user/.m2/repository/org/apache/kerby/kerby-pkix/1.0.1/kerby-pkix-1.0.1.jar:/home/user/.m2/repository/org/apache/kerby/kerby-asn1/1.0.1/kerby-asn1-1.0.1.jar:/home/user/.m2/repository/org/apache/kerby/kerby-util/1.0.1/kerby-util-1.0.1.jar:/home/user/.m2/repository/org/apache/kerby/kerb-common/1.0.1/kerb-common-1.0.1.jar:/home/user/.m2/repository/org/apache/kerby/kerb-crypto/1.0.1/kerb-crypto-1.0.1.jar:/home/user/.m2/repository/org/apache/kerby/kerb-util/1.0.1/kerb-util-1.0.1.jar:/home/user/.m2/repository/org/apache/kerby/token-provider/1.0.1/token-provider-1.0.1.jar:/home/user/.m2/repository/org/apache/kerby/kerb-admin/1.0.1/kerb-admin-1.0.1.jar:/home/user/.m2/repository/org/apache/kerby/kerb-server/1.0.1/kerb-server-1.0.1.jar:/home/user/.m2/repository/org/apache/kerby/kerb-identity/1.0.1/kerb-identity-1.0.1.jar:/home/user/.m2/repository/org/apache/kerby/kerby-xdr/1.0.1/kerby-xdr-1.0.1.jar:/home/user/.m2/repository/org/slf4j/slf4j-log4j12/1.7.25/slf4j-log4j12-1.7.25.jar:/home/user/.m2/repository/org/apache/hadoop/hadoop-ozone-objectstore-service/0.4.1-SNAPSHOT/hadoop-ozone-objectstore-service-0.4.1-SNAPSHOT.jar:/home/user/.m2/repository/org/apache/hadoop/hadoop-ozone-s3gateway/0.4.1-SNAPSHOT/hadoop-ozone-s3gateway-0.4.1-SNAPSHOT.jar:/home/user/.m2/repository/org/jboss/weld/servlet/weld-servlet/2.4.7.Final/weld-servlet-2.4.7.Final.jar:/home/user/.m2/repository/org/glassfish/jersey/containers/jersey-container-servlet-core/2.27/jersey-container-servlet-core-2.27.jar:/home/user/.m2/repository/org/glassfish/hk2/external/javax.inject/2.5.0-b42/javax.inject-2.5.0-b42.jar:/home/user/.m2/repository/org/glassfish/jersey/core/jersey-common/2.27/jersey-common-2.27.jar:/home/user/.m2/repository/org/glassfish/hk2/osgi-resource-locator/1.0.1/osgi-resource-locator-1.0.1.jar:/home/user/.m2/repository/javax/ws/rs/javax.ws.rs-api/2.1/javax.ws.rs-api-2.1.jar:/home/user/.m2/repository/org/glassfish/jersey/ext/cdi/jersey-cdi1x/2.27/jersey-cdi1x-2.27.jar:/home/user/.m2/repository/org/glassfish/jersey/inject/jersey-hk2/2.27/jersey-hk2-2.27.jar:/home/user/.m2/repository/org/glassfish/hk2/hk2-locator/2.5.0-b42/hk2-locator-2.5.0-b42.jar:/home/user/.m2/repository/org/javassist/javassist/3.22.0-CR2/javassist-3.22.0-CR2.jar:/home/user/.m2/repository/org/glassfish/hk2/hk2-api/2.5.0/hk2-api-2.5.0.jar:/home/user/.m2/repository/org/glassfish/hk2/external/jakarta.inject/2.5.0/jakarta.inject-2.5.0.jar:/home/user/.m2/repository/org/glassfish/hk2/hk2-utils/2.5.0/hk2-utils-2.5.0.jar:/home/user/.m2/repository/jakarta/annotation/jakarta.annotation-api/1.3.4/jakarta.annotation-api-1.3.4.jar:/home/user/.m2/repository/org/glassfish/hk2/external/aopalliance-repackaged/2.5.0/aopalliance-repackaged-2.5.0.jar:/home/user/.m2/repository/com/fasterxml/jackson/dataformat/jackson-dataformat-xml/2.9.0/jackson-dataformat-xml-2.9.0.jar:/home/user/.m2/repository/com/fasterxml/jackson/core/jackson-core/2.9.5/jackson-core-2.9.5.jar:/home/user/.m2/repository/com/fasterxml/jackson/module/jackson-module-jaxb-annotations/2.9.5/jackson-module-jaxb-annotations-2.9.5.jar:/home/user/.m2/repository/javax/enterprise/cdi-api/1.2/cdi-api-1.2.jar:/home/user/.m2/repository/javax/el/javax.el-api/3.0.0/javax.el-api-3.0.0.jar:/home/user/.m2/repository/javax/interceptor/javax.interceptor-api/1.2/javax.interceptor-api-1.2.jar:/home/user/.m2/repository/javax/inject/javax.inject/1/javax.inject-1.jar:/home/user/.m2/repository/com/sun/xml/bind/jaxb-impl/2.3.0.1/jaxb-impl-2.3.0.1.jar:/home/user/.m2/repository/com/sun/xml/bind/jaxb-core/2.3.0.1/jaxb-core-2.3.0.1.jar:/home/user/.m2/repository/javax/xml/bind/jaxb-api/2.3.0/jaxb-api-2.3.0.jar:/home/user/.m2/repository/javax/activation/activation/1.1.1/activation-1.1.1.jar:/home/user/.m2/repository/org/apache/hadoop/hadoop-ozone-csi/0.4.1-SNAPSHOT/hadoop-ozone-csi-0.4.1-SNAPSHOT.jar:/home/user/.m2/repository/com/google/protobuf/protobuf-java-util/3.5.1/protobuf-java-util-3.5.1.jar:/home/user/.m2/repository/org/apache/hadoop/hadoop-hdds-config/0.4.1-SNAPSHOT/hadoop-hdds-config-0.4.1-SNAPSHOT.jar:/home/user/.m2/repository/io/grpc/grpc-netty/1.17.1/grpc-netty-1.17.1.jar:/home/user/.m2/repository/io/grpc/grpc-core/1.17.1/grpc-core-1.17.1.jar:/home/user/.m2/repository/io/grpc/grpc-context/1.17.1/grpc-context-1.17.1.jar:/home/user/.m2/repository/com/google/errorprone/error_prone_annotations/2.2.0/error_prone_annotations-2.2.0.jar:/home/user/.m2/repository/org/codehaus/mojo/animal-sniffer-annotations/1.17/animal-sniffer-annotations-1.17.jar:/home/user/.m2/repository/io/opencensus/opencensus-api/0.17.0/opencensus-api-0.17.0.jar:/home/user/.m2/repository/io/opencensus/opencensus-contrib-grpc-metrics/0.17.0/opencensus-contrib-grpc-metrics-0.17.0.jar:/home/user/.m2/repository/io/netty/netty-codec-http2/4.1.30.Final/netty-codec-http2-4.1.30.Final.jar:/home/user/.m2/repository/io/netty/netty-codec-http/4.1.30.Final/netty-codec-http-4.1.30.Final.jar:/home/user/.m2/repository/io/netty/netty-codec/4.1.30.Final/netty-codec-4.1.30.Final.jar:/home/user/.m2/repository/io/netty/netty-handler/4.1.30.Final/netty-handler-4.1.30.Final.jar:/home/user/.m2/repository/io/netty/netty-handler-proxy/4.1.30.Final/netty-handler-proxy-4.1.30.Final.jar:/home/user/.m2/repository/io/netty/netty-codec-socks/4.1.30.Final/netty-codec-socks-4.1.30.Final.jar:/home/user/.m2/repository/io/netty/netty-transport-native-epoll/4.1.30.Final/netty-transport-native-epoll-4.1.30.Final.jar:/home/user/.m2/repository/io/netty/netty-common/4.1.30.Final/netty-common-4.1.30.Final.jar:/home/user/.m2/repository/io/netty/netty-buffer/4.1.30.Final/netty-buffer-4.1.30.Final.jar:/home/user/.m2/repository/io/netty/netty-transport/4.1.30.Final/netty-transport-4.1.30.Final.jar:/home/user/.m2/repository/io/netty/netty-resolver/4.1.30.Final/netty-resolver-4.1.30.Final.jar:/home/user/.m2/repository/io/netty/netty-transport-native-unix-common/4.1.30.Final/netty-transport-native-unix-common-4.1.30.Final.jar:/home/user/.m2/repository/io/grpc/grpc-protobuf/1.17.1/grpc-protobuf-1.17.1.jar:/home/user/.m2/repository/com/google/api/grpc/proto-google-common-protos/1.0.0/proto-google-common-protos-1.0.0.jar:/home/user/.m2/repository/io/grpc/grpc-protobuf-lite/1.17.1/grpc-protobuf-lite-1.17.1.jar:/home/user/.m2/repository/io/grpc/grpc-stub/1.17.1/grpc-stub-1.17.1.jar:/home/user/.m2/repository/org/apache/hadoop/hadoop-ozone-recon/0.4.1-SNAPSHOT/hadoop-ozone-recon-0.4.1-SNAPSHOT.jar:/home/user/.m2/repository/org/apache/hadoop/hadoop-ozone-reconcodegen/0.4.1-SNAPSHOT/hadoop-ozone-reconcodegen-0.4.1-SNAPSHOT.jar:/home/user/.m2/repository/com/google/inject/extensions/guice-multibindings/4.0/guice-multibindings-4.0.jar:/home/user/.m2/repository/com/google/inject/guice/4.0/guice-4.0.jar:/home/user/.m2/repository/aopalliance/aopalliance/1.0/aopalliance-1.0.jar:/home/user/.m2/repository/com/google/inject/extensions/guice-servlet/4.0/guice-servlet-4.0.jar:/home/user/.m2/repository/org/glassfish/jersey/containers/jersey-container-servlet/2.27/jersey-container-servlet-2.27.jar:/home/user/.m2/repository/org/glassfish/hk2/guice-bridge/2.5.0/guice-bridge-2.5.0.jar:/home/user/.m2/repository/org/glassfish/jersey/core/jersey-server/2.27/jersey-server-2.27.jar:/home/user/.m2/repository/org/glassfish/jersey/core/jersey-client/2.27/jersey-client-2.27.jar:/home/user/.m2/repository/org/glassfish/jersey/media/jersey-media-jaxb/2.27/jersey-media-jaxb-2.27.jar:/home/user/.m2/repository/javax/validation/validation-api/1.1.0.Final/validation-api-1.1.0.Final.jar:/home/user/.m2/repository/org/glassfish/jersey/media/jersey-media-json-jackson/2.27/jersey-media-json-jackson-2.27.jar:/home/user/.m2/repository/org/glassfish/jersey/ext/jersey-entity-filtering/2.27/jersey-entity-filtering-2.27.jar:/home/user/.m2/repository/com/google/inject/extensions/guice-assistedinject/4.0/guice-assistedinject-4.0.jar:/home/user/.m2/repository/org/jooq/jooq/3.11.10/jooq-3.11.10.jar:/home/user/.m2/repository/org/jooq/jooq-meta/3.11.10/jooq-meta-3.11.10.jar:/home/user/.m2/repository/org/jooq/jooq-codegen/3.11.10/jooq-codegen-3.11.10.jar:/home/user/.m2/repository/com/jolbox/bonecp/0.8.0.RELEASE/bonecp-0.8.0.RELEASE.jar:/home/user/.m2/repository/org/xerial/sqlite-jdbc/3.25.2/sqlite-jdbc-3.25.2.jar:/home/user/.m2/repository/org/springframework/spring-jdbc/5.1.3.RELEASE/spring-jdbc-5.1.3.RELEASE.jar:/home/user/.m2/repository/org/springframework/spring-beans/5.1.3.RELEASE/spring-beans-5.1.3.RELEASE.jar:/home/user/.m2/repository/org/springframework/spring-core/5.1.3.RELEASE/spring-core-5.1.3.RELEASE.jar:/home/user/.m2/repository/org/springframework/spring-jcl/5.1.3.RELEASE/spring-jcl-5.1.3.RELEASE.jar:/home/user/.m2/repository/org/springframework/spring-tx/5.1.3.RELEASE/spring-tx-5.1.3.RELEASE.jar:/home/user/.m2/repository/org/apache/hadoop/hadoop-ozone-client/0.4.1-SNAPSHOT/hadoop-ozone-client-0.4.1-SNAPSHOT.jar:/home/user/.m2/repository/commons-lang/commons-lang/2.6/commons-lang-2.6.jar:/home/user/.m2/repository/org/apache/hadoop/hadoop-ozone-ozone-manager/0.4.1-SNAPSHOT/hadoop-ozone-ozone-manager-0.4.1-SNAPSHOT-tests.jar:/home/user/.m2/repository/junit/junit/4.11/junit-4.11.jar:/home/user/.m2/repository/org/hamcrest/hamcrest-core/1.3/hamcrest-core-1.3.jar:/home/user/.m2/repository/org/openjdk/jmh/jmh-core/1.19/jmh-core-1.19.jar:/home/user/.m2/repository/net/sf/jopt-simple/jopt-simple/4.6/jopt-simple-4.6.jar:/home/user/.m2/repository/org/apache/commons/commons-math3/3.1.1/commons-math3-3.1.1.jar:/home/user/.m2/repository/org/openjdk/jmh/jmh-generator-annprocess/1.19/jmh-generator-annprocess-1.19.jar:/home/user/.m2/repository/org/mockito/mockito-all/1.8.5/mockito-all-1.8.5.jar:/home/user/.m2/repository/org/apache/hadoop/hadoop-kms/3.2.0/hadoop-kms-3.2.0.jar:/home/user/.m2/repository/org/apache/hadoop/hadoop-auth/3.2.0/hadoop-auth-3.2.0.jar:/home/user/.m2/repository/com/nimbusds/nimbus-jose-jwt/4.41.1/nimbus-jose-jwt-4.41.1.jar:/home/user/.m2/repository/com/github/stephenc/jcip/jcip-annotations/1.0-1/jcip-annotations-1.0-1.jar:/home/user/.m2/repository/net/minidev/json-smart/2.3/json-smart-2.3.jar:/home/user/.m2/repository/net/minidev/accessors-smart/1.2/accessors-smart-1.2.jar:/home/user/.m2/repository/org/ow2/asm/asm/5.0.4/asm-5.0.4.jar:/home/user/.m2/repository/org/apache/curator/curator-framework/2.12.0/curator-framework-2.12.0.jar:/home/user/.m2/repository/com/sun/jersey/jersey-core/1.19/jersey-core-1.19.jar:/home/user/.m2/repository/javax/ws/rs/jsr311-api/1.1.1/jsr311-api-1.1.1.jar:/home/user/.m2/repository/com/sun/jersey/jersey-server/1.19/jersey-server-1.19.jar:/home/user/.m2/repository/javax/servlet/javax.servlet-api/3.1.0/javax.servlet-api-3.1.0.jar:/home/user/.m2/repository/org/eclipse/jetty/jetty-server/9.3.24.v20180605/jetty-server-9.3.24.v20180605.jar:/home/user/.m2/repository/org/eclipse/jetty/jetty-http/9.3.24.v20180605/jetty-http-9.3.24.v20180605.jar:/home/user/.m2/repository/org/eclipse/jetty/jetty-io/9.3.24.v20180605/jetty-io-9.3.24.v20180605.jar:/home/user/.m2/repository/org/eclipse/jetty/jetty-webapp/9.3.24.v20180605/jetty-webapp-9.3.24.v20180605.jar:/home/user/.m2/repository/org/eclipse/jetty/jetty-xml/9.3.24.v20180605/jetty-xml-9.3.24.v20180605.jar:/home/user/.m2/repository/log4j/log4j/1.2.17/log4j-1.2.17.jar:/home/user/.m2/repository/org/slf4j/slf4j-api/1.7.25/slf4j-api-1.7.25.jar:/home/user/.m2/repository/org/slf4j/jul-to-slf4j/1.7.25/jul-to-slf4j-1.7.25.jar:/home/user/.m2/repository/org/eclipse/jetty/jetty-util/9.3.24.v20180605/jetty-util-9.3.24.v20180605.jar:/home/user/.m2/repository/com/fasterxml/jackson/core/jackson-databind/2.9.5/jackson-databind-2.9.5.jar:/home/user/.m2/repository/org/apache/hadoop/hadoop-kms/3.2.0/hadoop-kms-3.2.0-tests.jar:/home/user/.m2/repository/org/apache/hadoop/hadoop-hdds-server-scm/0.4.1-SNAPSHOT/hadoop-hdds-server-scm-0.4.1-SNAPSHOT-tests.jar:/home/user/.m2/repository/org/apache/hadoop/hadoop-hdds-container-service/0.4.1-SNAPSHOT/hadoop-hdds-container-service-0.4.1-SNAPSHOT-tests.jar:/home/user/.m2/repository/org/yaml/snakeyaml/1.16/snakeyaml-1.16.jar:/home/user/.m2/repository/org/apache/hadoop/hadoop-common/3.2.0/hadoop-common-3.2.0-tests.jar:/home/user/.m2/repository/org/apache/hadoop/hadoop-annotations/3.2.0/hadoop-annotations-3.2.0.jar:/usr/lib/jvm/java-1.8-openjdk/jre/../lib/tools.jar:/home/user/.m2/repository/commons-cli/commons-cli/1.2/commons-cli-1.2.jar:/home/user/.m2/repository/org/apache/httpcomponents/httpclient/4.5.2/httpclient-4.5.2.jar:/home/user/.m2/repository/org/apache/httpcomponents/httpcore/4.4.4/httpcore-4.4.4.jar:/home/user/.m2/repository/commons-codec/commons-codec/1.11/commons-codec-1.11.jar:/home/user/.m2/repository/commons-net/commons-net/3.6/commons-net-3.6.jar:/home/user/.m2/repository/commons-collections/commons-collections/3.2.2/commons-collections-3.2.2.jar:/home/user/.m2/repository/org/eclipse/jetty/jetty-servlet/9.3.24.v20180605/jetty-servlet-9.3.24.v20180605.jar:/home/user/.m2/repository/org/eclipse/jetty/jetty-security/9.3.24.v20180605/jetty-security-9.3.24.v20180605.jar:/home/user/.m2/repository/javax/servlet/jsp/jsp-api/2.1/jsp-api-2.1.jar:/home/user/.m2/repository/com/sun/jersey/jersey-servlet/1.19/jersey-servlet-1.19.jar:/home/user/.m2/repository/com/sun/jersey/jersey-json/1.19/jersey-json-1.19.jar:/home/user/.m2/repository/org/codehaus/jettison/jettison/1.1/jettison-1.1.jar:/home/user/.m2/repository/org/codehaus/jackson/jackson-core-asl/1.9.13/jackson-core-asl-1.9.13.jar:/home/user/.m2/repository/org/codehaus/jackson/jackson-mapper-asl/1.9.13/jackson-mapper-asl-1.9.13.jar:/home/user/.m2/repository/org/codehaus/jackson/jackson-jaxrs/1.9.13/jackson-jaxrs-1.9.13.jar:/home/user/.m2/repository/org/codehaus/jackson/jackson-xc/1.9.13/jackson-xc-1.9.13.jar:/home/user/.m2/repository/commons-logging/commons-logging/1.1.3/commons-logging-1.1.3.jar:/home/user/.m2/repository/commons-beanutils/commons-beanutils/1.9.3/commons-beanutils-1.9.3.jar:/home/user/.m2/repository/org/apache/commons/commons-configuration2/2.1.1/commons-configuration2-2.1.1.jar:/home/user/.m2/repository/org/apache/commons/commons-lang3/3.7/commons-lang3-3.7.jar:/home/user/.m2/repository/org/apache/commons/commons-text/1.4/commons-text-1.4.jar:/home/user/.m2/repository/org/apache/avro/avro/1.7.7/avro-1.7.7.jar:/home/user/.m2/repository/com/thoughtworks/paranamer/paranamer/2.3/paranamer-2.3.jar:/home/user/.m2/repository/org/xerial/snappy/snappy-java/1.0.5/snappy-java-1.0.5.jar:/home/user/.m2/repository/com/google/re2j/re2j/1.1/re2j-1.1.jar:/home/user/.m2/repository/com/google/code/gson/gson/2.2.4/gson-2.2.4.jar:/home/user/.m2/repository/com/jcraft/jsch/0.1.54/jsch-0.1.54.jar:/home/user/.m2/repository/org/apache/curator/curator-client/2.12.0/curator-client-2.12.0.jar:/home/user/.m2/repository/org/apache/curator/curator-recipes/2.12.0/curator-recipes-2.12.0.jar:/home/user/.m2/repository/com/google/code/findbugs/jsr305/3.0.0/jsr305-3.0.0.jar:/home/user/.m2/repository/org/apache/htrace/htrace-core4/4.1.0-incubating/htrace-core4-4.1.0-incubating.jar:/home/user/.m2/repository/org/apache/zookeeper/zookeeper/3.4.13/zookeeper-3.4.13.jar:/home/user/.m2/repository/org/apache/yetus/audience-annotations/0.5.0/audience-annotations-0.5.0.jar:/home/user/.m2/repository/org/codehaus/woodstox/stax2-api/3.1.4/stax2-api-3.1.4.jar:/home/user/.m2/repository/com/fasterxml/woodstox/woodstox-core/5.0.3/woodstox-core-5.0.3.jar:/home/user/.m2/repository/dnsjava/dnsjava/2.1.7/dnsjava-2.1.7.jar:/home/user/.m2/repository/org/apache/hadoop/hadoop-hdfs/3.2.0/hadoop-hdfs-3.2.0-tests.jar:/home/user/.m2/repository/org/eclipse/jetty/jetty-util-ajax/9.3.24.v20180605/jetty-util-ajax-9.3.24.v20180605.jar:/home/user/.m2/repository/commons-daemon/commons-daemon/1.0.13/commons-daemon-1.0.13.jar:/home/user/.m2/repository/io/netty/netty/3.10.5.Final/netty-3.10.5.Final.jar:/home/user/.m2/repository/io/netty/netty-all/4.0.52.Final/netty-all-4.0.52.Final.jar:/home/user/.m2/repository/org/fusesource/leveldbjni/leveldbjni-all/1.8/leveldbjni-all-1.8.jar:"/>
    <property name="java.vm.vendor" value="IcedTea"/>
    <property name="sun.arch.data.model" value="64"/>
    <property name="test.build.dir" value="/workdir/hadoop-ozone/integration-test/target/test-dir"/>
    <property name="test.cache.data" value=""/>
    <property name="java.vendor.url" value="https://icedtea.classpath.org"/>
    <property name="user.timezone" value=""/>
    <property name="java.vm.specification.version" value="1.8"/>
    <property name="os.name" value="Linux"/>
    <property name="test.build.data" value="/workdir/hadoop-ozone/integration-test/target/test-dir"/>
    <property name="user.country" value="US"/>
    <property name="sun.java.launcher" value="SUN_STANDARD"/>
    <property name="sun.boot.library.path" value="/usr/lib/jvm/java-1.8-openjdk/jre/lib/amd64"/>
    <property name="sun.java.command" value="/workdir/hadoop-ozone/integration-test/target/surefire/surefirebooter7524333552470966530.jar /workdir/hadoop-ozone/integration-test/target/surefire 2019-08-10T03-12-53_133-jvmRun1 surefire4957894509485308949tmp surefire_904875902147257784893tmp"/>
    <property name="surefire.test.class.path" value="/workdir/hadoop-ozone/integration-test/target/test-classes:/workdir/hadoop-ozone/integration-test/target/classes:/home/user/.m2/repository/org/apache/hadoop/hadoop-ozone-common/0.4.1-SNAPSHOT/hadoop-ozone-common-0.4.1-SNAPSHOT.jar:/home/user/.m2/repository/org/apache/commons/commons-compress/1.4.1/commons-compress-1.4.1.jar:/home/user/.m2/repository/org/tukaani/xz/1.0/xz-1.0.jar:/home/user/.m2/repository/org/apache/hadoop/hadoop-common/3.2.0/hadoop-common-3.2.0.jar:/home/user/.m2/repository/org/apache/hadoop/hadoop-hdfs/3.2.0/hadoop-hdfs-3.2.0.jar:/home/user/.m2/repository/org/apache/hadoop/hadoop-hdfs-client/3.2.0/hadoop-hdfs-client-3.2.0.jar:/home/user/.m2/repository/com/fasterxml/jackson/core/jackson-annotations/2.9.5/jackson-annotations-2.9.5.jar:/home/user/.m2/repository/org/apache/hadoop/hadoop-hdds-common/0.4.1-SNAPSHOT/hadoop-hdds-common-0.4.1-SNAPSHOT.jar:/home/user/.m2/repository/javax/annotation/javax.annotation-api/1.2/javax.annotation-api-1.2.jar:/home/user/.m2/repository/org/apache/ratis/ratis-server/0.4.0-2337318-SNAPSHOT/ratis-server-0.4.0-2337318-SNAPSHOT.jar:/home/user/.m2/repository/org/apache/ratis/ratis-thirdparty-misc/0.2.0/ratis-thirdparty-misc-0.2.0.jar:/home/user/.m2/repository/org/apache/ratis/ratis-proto/0.4.0-2337318-SNAPSHOT/ratis-proto-0.4.0-2337318-SNAPSHOT.jar:/home/user/.m2/repository/org/apache/ratis/ratis-common/0.4.0-2337318-SNAPSHOT/ratis-common-0.4.0-2337318-SNAPSHOT.jar:/home/user/.m2/repository/org/apache/ratis/ratis-client/0.4.0-2337318-SNAPSHOT/ratis-client-0.4.0-2337318-SNAPSHOT.jar:/home/user/.m2/repository/org/apache/ratis/ratis-metrics/0.4.0-2337318-SNAPSHOT/ratis-metrics-0.4.0-2337318-SNAPSHOT.jar:/home/user/.m2/repository/org/apache/ratis/ratis-netty/0.4.0-2337318-SNAPSHOT/ratis-netty-0.4.0-2337318-SNAPSHOT.jar:/home/user/.m2/repository/org/apache/ratis/ratis-grpc/0.4.0-2337318-SNAPSHOT/ratis-grpc-0.4.0-2337318-SNAPSHOT.jar:/home/user/.m2/repository/org/rocksdb/rocksdbjni/6.0.1/rocksdbjni-6.0.1.jar:/home/user/.m2/repository/org/apache/logging/log4j/log4j-api/2.11.0/log4j-api-2.11.0.jar:/home/user/.m2/repository/org/apache/logging/log4j/log4j-core/2.11.0/log4j-core-2.11.0.jar:/home/user/.m2/repository/com/lmax/disruptor/3.4.2/disruptor-3.4.2.jar:/home/user/.m2/repository/org/apache/commons/commons-pool2/2.6.0/commons-pool2-2.6.0.jar:/home/user/.m2/repository/org/bouncycastle/bcpkix-jdk15on/1.60/bcpkix-jdk15on-1.60.jar:/home/user/.m2/repository/commons-validator/commons-validator/1.6/commons-validator-1.6.jar:/home/user/.m2/repository/commons-digester/commons-digester/1.8.1/commons-digester-1.8.1.jar:/home/user/.m2/repository/io/jaegertracing/jaeger-client/0.33.1/jaeger-client-0.33.1.jar:/home/user/.m2/repository/io/jaegertracing/jaeger-thrift/0.33.1/jaeger-thrift-0.33.1.jar:/home/user/.m2/repository/org/apache/thrift/libthrift/0.11.0/libthrift-0.11.0.jar:/home/user/.m2/repository/com/squareup/okhttp3/okhttp/3.9.0/okhttp-3.9.0.jar:/home/user/.m2/repository/com/squareup/okio/okio/1.13.0/okio-1.13.0.jar:/home/user/.m2/repository/io/jaegertracing/jaeger-core/0.33.1/jaeger-core-0.33.1.jar:/home/user/.m2/repository/io/jaegertracing/jaeger-tracerresolver/0.33.1/jaeger-tracerresolver-0.33.1.jar:/home/user/.m2/repository/io/opentracing/contrib/opentracing-tracerresolver/0.1.5/opentracing-tracerresolver-0.1.5.jar:/home/user/.m2/repository/io/opentracing/opentracing-util/0.31.0/opentracing-util-0.31.0.jar:/home/user/.m2/repository/io/opentracing/opentracing-api/0.31.0/opentracing-api-0.31.0.jar:/home/user/.m2/repository/io/opentracing/opentracing-noop/0.31.0/opentracing-noop-0.31.0.jar:/home/user/.m2/repository/org/apache/hadoop/hadoop-hdds-server-framework/0.4.1-SNAPSHOT/hadoop-hdds-server-framework-0.4.1-SNAPSHOT.jar:/home/user/.m2/repository/org/apache/hadoop/hadoop-hdds-container-service/0.4.1-SNAPSHOT/hadoop-hdds-container-service-0.4.1-SNAPSHOT.jar:/home/user/.m2/repository/org/apache/hadoop/hadoop-hdds-client/0.4.1-SNAPSHOT/hadoop-hdds-client-0.4.1-SNAPSHOT.jar:/home/user/.m2/repository/org/apache/hadoop/hadoop-hdds-tools/0.4.1-SNAPSHOT/hadoop-hdds-tools-0.4.1-SNAPSHOT.jar:/home/user/.m2/repository/org/apache/hadoop/hadoop-hdds-server-scm/0.4.1-SNAPSHOT/hadoop-hdds-server-scm-0.4.1-SNAPSHOT.jar:/home/user/.m2/repository/org/apache/hadoop/hadoop-hdds-docs/0.4.1-SNAPSHOT/hadoop-hdds-docs-0.4.1-SNAPSHOT.jar:/home/user/.m2/repository/io/dropwizard/metrics/metrics-core/3.2.4/metrics-core-3.2.4.jar:/home/user/.m2/repository/org/hamcrest/hamcrest-all/1.3/hamcrest-all-1.3.jar:/home/user/.m2/repository/org/bouncycastle/bcprov-jdk15on/1.60/bcprov-jdk15on-1.60.jar:/home/user/.m2/repository/info/picocli/picocli/3.9.6/picocli-3.9.6.jar:/home/user/.m2/repository/com/google/protobuf/protobuf-java/2.5.0/protobuf-java-2.5.0.jar:/home/user/.m2/repository/com/google/guava/guava/11.0.2/guava-11.0.2.jar:/home/user/.m2/repository/org/apache/hadoop/hadoop-ozone-ozone-manager/0.4.1-SNAPSHOT/hadoop-ozone-ozone-manager-0.4.1-SNAPSHOT.jar:/home/user/.m2/repository/org/apache/hadoop/hadoop-minikdc/3.2.0/hadoop-minikdc-3.2.0.jar:/home/user/.m2/repository/commons-io/commons-io/2.5/commons-io-2.5.jar:/home/user/.m2/repository/org/apache/kerby/kerb-simplekdc/1.0.1/kerb-simplekdc-1.0.1.jar:/home/user/.m2/repository/org/apache/kerby/kerb-client/1.0.1/kerb-client-1.0.1.jar:/home/user/.m2/repository/org/apache/kerby/kerby-config/1.0.1/kerby-config-1.0.1.jar:/home/user/.m2/repository/org/apache/kerby/kerb-core/1.0.1/kerb-core-1.0.1.jar:/home/user/.m2/repository/org/apache/kerby/kerby-pkix/1.0.1/kerby-pkix-1.0.1.jar:/home/user/.m2/repository/org/apache/kerby/kerby-asn1/1.0.1/kerby-asn1-1.0.1.jar:/home/user/.m2/repository/org/apache/kerby/kerby-util/1.0.1/kerby-util-1.0.1.jar:/home/user/.m2/repository/org/apache/kerby/kerb-common/1.0.1/kerb-common-1.0.1.jar:/home/user/.m2/repository/org/apache/kerby/kerb-crypto/1.0.1/kerb-crypto-1.0.1.jar:/home/user/.m2/repository/org/apache/kerby/kerb-util/1.0.1/kerb-util-1.0.1.jar:/home/user/.m2/repository/org/apache/kerby/token-provider/1.0.1/token-provider-1.0.1.jar:/home/user/.m2/repository/org/apache/kerby/kerb-admin/1.0.1/kerb-admin-1.0.1.jar:/home/user/.m2/repository/org/apache/kerby/kerb-server/1.0.1/kerb-server-1.0.1.jar:/home/user/.m2/repository/org/apache/kerby/kerb-identity/1.0.1/kerb-identity-1.0.1.jar:/home/user/.m2/repository/org/apache/kerby/kerby-xdr/1.0.1/kerby-xdr-1.0.1.jar:/home/user/.m2/repository/org/slf4j/slf4j-log4j12/1.7.25/slf4j-log4j12-1.7.25.jar:/home/user/.m2/repository/org/apache/hadoop/hadoop-ozone-objectstore-service/0.4.1-SNAPSHOT/hadoop-ozone-objectstore-service-0.4.1-SNAPSHOT.jar:/home/user/.m2/repository/org/apache/hadoop/hadoop-ozone-s3gateway/0.4.1-SNAPSHOT/hadoop-ozone-s3gateway-0.4.1-SNAPSHOT.jar:/home/user/.m2/repository/org/jboss/weld/servlet/weld-servlet/2.4.7.Final/weld-servlet-2.4.7.Final.jar:/home/user/.m2/repository/org/glassfish/jersey/containers/jersey-container-servlet-core/2.27/jersey-container-servlet-core-2.27.jar:/home/user/.m2/repository/org/glassfish/hk2/external/javax.inject/2.5.0-b42/javax.inject-2.5.0-b42.jar:/home/user/.m2/repository/org/glassfish/jersey/core/jersey-common/2.27/jersey-common-2.27.jar:/home/user/.m2/repository/org/glassfish/hk2/osgi-resource-locator/1.0.1/osgi-resource-locator-1.0.1.jar:/home/user/.m2/repository/javax/ws/rs/javax.ws.rs-api/2.1/javax.ws.rs-api-2.1.jar:/home/user/.m2/repository/org/glassfish/jersey/ext/cdi/jersey-cdi1x/2.27/jersey-cdi1x-2.27.jar:/home/user/.m2/repository/org/glassfish/jersey/inject/jersey-hk2/2.27/jersey-hk2-2.27.jar:/home/user/.m2/repository/org/glassfish/hk2/hk2-locator/2.5.0-b42/hk2-locator-2.5.0-b42.jar:/home/user/.m2/repository/org/javassist/javassist/3.22.0-CR2/javassist-3.22.0-CR2.jar:/home/user/.m2/repository/org/glassfish/hk2/hk2-api/2.5.0/hk2-api-2.5.0.jar:/home/user/.m2/repository/org/glassfish/hk2/external/jakarta.inject/2.5.0/jakarta.inject-2.5.0.jar:/home/user/.m2/repository/org/glassfish/hk2/hk2-utils/2.5.0/hk2-utils-2.5.0.jar:/home/user/.m2/repository/jakarta/annotation/jakarta.annotation-api/1.3.4/jakarta.annotation-api-1.3.4.jar:/home/user/.m2/repository/org/glassfish/hk2/external/aopalliance-repackaged/2.5.0/aopalliance-repackaged-2.5.0.jar:/home/user/.m2/repository/com/fasterxml/jackson/dataformat/jackson-dataformat-xml/2.9.0/jackson-dataformat-xml-2.9.0.jar:/home/user/.m2/repository/com/fasterxml/jackson/core/jackson-core/2.9.5/jackson-core-2.9.5.jar:/home/user/.m2/repository/com/fasterxml/jackson/module/jackson-module-jaxb-annotations/2.9.5/jackson-module-jaxb-annotations-2.9.5.jar:/home/user/.m2/repository/javax/enterprise/cdi-api/1.2/cdi-api-1.2.jar:/home/user/.m2/repository/javax/el/javax.el-api/3.0.0/javax.el-api-3.0.0.jar:/home/user/.m2/repository/javax/interceptor/javax.interceptor-api/1.2/javax.interceptor-api-1.2.jar:/home/user/.m2/repository/javax/inject/javax.inject/1/javax.inject-1.jar:/home/user/.m2/repository/com/sun/xml/bind/jaxb-impl/2.3.0.1/jaxb-impl-2.3.0.1.jar:/home/user/.m2/repository/com/sun/xml/bind/jaxb-core/2.3.0.1/jaxb-core-2.3.0.1.jar:/home/user/.m2/repository/javax/xml/bind/jaxb-api/2.3.0/jaxb-api-2.3.0.jar:/home/user/.m2/repository/javax/activation/activation/1.1.1/activation-1.1.1.jar:/home/user/.m2/repository/org/apache/hadoop/hadoop-ozone-csi/0.4.1-SNAPSHOT/hadoop-ozone-csi-0.4.1-SNAPSHOT.jar:/home/user/.m2/repository/com/google/protobuf/protobuf-java-util/3.5.1/protobuf-java-util-3.5.1.jar:/home/user/.m2/repository/org/apache/hadoop/hadoop-hdds-config/0.4.1-SNAPSHOT/hadoop-hdds-config-0.4.1-SNAPSHOT.jar:/home/user/.m2/repository/io/grpc/grpc-netty/1.17.1/grpc-netty-1.17.1.jar:/home/user/.m2/repository/io/grpc/grpc-core/1.17.1/grpc-core-1.17.1.jar:/home/user/.m2/repository/io/grpc/grpc-context/1.17.1/grpc-context-1.17.1.jar:/home/user/.m2/repository/com/google/errorprone/error_prone_annotations/2.2.0/error_prone_annotations-2.2.0.jar:/home/user/.m2/repository/org/codehaus/mojo/animal-sniffer-annotations/1.17/animal-sniffer-annotations-1.17.jar:/home/user/.m2/repository/io/opencensus/opencensus-api/0.17.0/opencensus-api-0.17.0.jar:/home/user/.m2/repository/io/opencensus/opencensus-contrib-grpc-metrics/0.17.0/opencensus-contrib-grpc-metrics-0.17.0.jar:/home/user/.m2/repository/io/netty/netty-codec-http2/4.1.30.Final/netty-codec-http2-4.1.30.Final.jar:/home/user/.m2/repository/io/netty/netty-codec-http/4.1.30.Final/netty-codec-http-4.1.30.Final.jar:/home/user/.m2/repository/io/netty/netty-codec/4.1.30.Final/netty-codec-4.1.30.Final.jar:/home/user/.m2/repository/io/netty/netty-handler/4.1.30.Final/netty-handler-4.1.30.Final.jar:/home/user/.m2/repository/io/netty/netty-handler-proxy/4.1.30.Final/netty-handler-proxy-4.1.30.Final.jar:/home/user/.m2/repository/io/netty/netty-codec-socks/4.1.30.Final/netty-codec-socks-4.1.30.Final.jar:/home/user/.m2/repository/io/netty/netty-transport-native-epoll/4.1.30.Final/netty-transport-native-epoll-4.1.30.Final.jar:/home/user/.m2/repository/io/netty/netty-common/4.1.30.Final/netty-common-4.1.30.Final.jar:/home/user/.m2/repository/io/netty/netty-buffer/4.1.30.Final/netty-buffer-4.1.30.Final.jar:/home/user/.m2/repository/io/netty/netty-transport/4.1.30.Final/netty-transport-4.1.30.Final.jar:/home/user/.m2/repository/io/netty/netty-resolver/4.1.30.Final/netty-resolver-4.1.30.Final.jar:/home/user/.m2/repository/io/netty/netty-transport-native-unix-common/4.1.30.Final/netty-transport-native-unix-common-4.1.30.Final.jar:/home/user/.m2/repository/io/grpc/grpc-protobuf/1.17.1/grpc-protobuf-1.17.1.jar:/home/user/.m2/repository/com/google/api/grpc/proto-google-common-protos/1.0.0/proto-google-common-protos-1.0.0.jar:/home/user/.m2/repository/io/grpc/grpc-protobuf-lite/1.17.1/grpc-protobuf-lite-1.17.1.jar:/home/user/.m2/repository/io/grpc/grpc-stub/1.17.1/grpc-stub-1.17.1.jar:/home/user/.m2/repository/org/apache/hadoop/hadoop-ozone-recon/0.4.1-SNAPSHOT/hadoop-ozone-recon-0.4.1-SNAPSHOT.jar:/home/user/.m2/repository/org/apache/hadoop/hadoop-ozone-reconcodegen/0.4.1-SNAPSHOT/hadoop-ozone-reconcodegen-0.4.1-SNAPSHOT.jar:/home/user/.m2/repository/com/google/inject/extensions/guice-multibindings/4.0/guice-multibindings-4.0.jar:/home/user/.m2/repository/com/google/inject/guice/4.0/guice-4.0.jar:/home/user/.m2/repository/aopalliance/aopalliance/1.0/aopalliance-1.0.jar:/home/user/.m2/repository/com/google/inject/extensions/guice-servlet/4.0/guice-servlet-4.0.jar:/home/user/.m2/repository/org/glassfish/jersey/containers/jersey-container-servlet/2.27/jersey-container-servlet-2.27.jar:/home/user/.m2/repository/org/glassfish/hk2/guice-bridge/2.5.0/guice-bridge-2.5.0.jar:/home/user/.m2/repository/org/glassfish/jersey/core/jersey-server/2.27/jersey-server-2.27.jar:/home/user/.m2/repository/org/glassfish/jersey/core/jersey-client/2.27/jersey-client-2.27.jar:/home/user/.m2/repository/org/glassfish/jersey/media/jersey-media-jaxb/2.27/jersey-media-jaxb-2.27.jar:/home/user/.m2/repository/javax/validation/validation-api/1.1.0.Final/validation-api-1.1.0.Final.jar:/home/user/.m2/repository/org/glassfish/jersey/media/jersey-media-json-jackson/2.27/jersey-media-json-jackson-2.27.jar:/home/user/.m2/repository/org/glassfish/jersey/ext/jersey-entity-filtering/2.27/jersey-entity-filtering-2.27.jar:/home/user/.m2/repository/com/google/inject/extensions/guice-assistedinject/4.0/guice-assistedinject-4.0.jar:/home/user/.m2/repository/org/jooq/jooq/3.11.10/jooq-3.11.10.jar:/home/user/.m2/repository/org/jooq/jooq-meta/3.11.10/jooq-meta-3.11.10.jar:/home/user/.m2/repository/org/jooq/jooq-codegen/3.11.10/jooq-codegen-3.11.10.jar:/home/user/.m2/repository/com/jolbox/bonecp/0.8.0.RELEASE/bonecp-0.8.0.RELEASE.jar:/home/user/.m2/repository/org/xerial/sqlite-jdbc/3.25.2/sqlite-jdbc-3.25.2.jar:/home/user/.m2/repository/org/springframework/spring-jdbc/5.1.3.RELEASE/spring-jdbc-5.1.3.RELEASE.jar:/home/user/.m2/repository/org/springframework/spring-beans/5.1.3.RELEASE/spring-beans-5.1.3.RELEASE.jar:/home/user/.m2/repository/org/springframework/spring-core/5.1.3.RELEASE/spring-core-5.1.3.RELEASE.jar:/home/user/.m2/repository/org/springframework/spring-jcl/5.1.3.RELEASE/spring-jcl-5.1.3.RELEASE.jar:/home/user/.m2/repository/org/springframework/spring-tx/5.1.3.RELEASE/spring-tx-5.1.3.RELEASE.jar:/home/user/.m2/repository/org/apache/hadoop/hadoop-ozone-client/0.4.1-SNAPSHOT/hadoop-ozone-client-0.4.1-SNAPSHOT.jar:/home/user/.m2/repository/commons-lang/commons-lang/2.6/commons-lang-2.6.jar:/home/user/.m2/repository/org/apache/hadoop/hadoop-ozone-ozone-manager/0.4.1-SNAPSHOT/hadoop-ozone-ozone-manager-0.4.1-SNAPSHOT-tests.jar:/home/user/.m2/repository/junit/junit/4.11/junit-4.11.jar:/home/user/.m2/repository/org/hamcrest/hamcrest-core/1.3/hamcrest-core-1.3.jar:/home/user/.m2/repository/org/openjdk/jmh/jmh-core/1.19/jmh-core-1.19.jar:/home/user/.m2/repository/net/sf/jopt-simple/jopt-simple/4.6/jopt-simple-4.6.jar:/home/user/.m2/repository/org/apache/commons/commons-math3/3.1.1/commons-math3-3.1.1.jar:/home/user/.m2/repository/org/openjdk/jmh/jmh-generator-annprocess/1.19/jmh-generator-annprocess-1.19.jar:/home/user/.m2/repository/org/mockito/mockito-all/1.8.5/mockito-all-1.8.5.jar:/home/user/.m2/repository/org/apache/hadoop/hadoop-kms/3.2.0/hadoop-kms-3.2.0.jar:/home/user/.m2/repository/org/apache/hadoop/hadoop-auth/3.2.0/hadoop-auth-3.2.0.jar:/home/user/.m2/repository/com/nimbusds/nimbus-jose-jwt/4.41.1/nimbus-jose-jwt-4.41.1.jar:/home/user/.m2/repository/com/github/stephenc/jcip/jcip-annotations/1.0-1/jcip-annotations-1.0-1.jar:/home/user/.m2/repository/net/minidev/json-smart/2.3/json-smart-2.3.jar:/home/user/.m2/repository/net/minidev/accessors-smart/1.2/accessors-smart-1.2.jar:/home/user/.m2/repository/org/ow2/asm/asm/5.0.4/asm-5.0.4.jar:/home/user/.m2/repository/org/apache/curator/curator-framework/2.12.0/curator-framework-2.12.0.jar:/home/user/.m2/repository/com/sun/jersey/jersey-core/1.19/jersey-core-1.19.jar:/home/user/.m2/repository/javax/ws/rs/jsr311-api/1.1.1/jsr311-api-1.1.1.jar:/home/user/.m2/repository/com/sun/jersey/jersey-server/1.19/jersey-server-1.19.jar:/home/user/.m2/repository/javax/servlet/javax.servlet-api/3.1.0/javax.servlet-api-3.1.0.jar:/home/user/.m2/repository/org/eclipse/jetty/jetty-server/9.3.24.v20180605/jetty-server-9.3.24.v20180605.jar:/home/user/.m2/repository/org/eclipse/jetty/jetty-http/9.3.24.v20180605/jetty-http-9.3.24.v20180605.jar:/home/user/.m2/repository/org/eclipse/jetty/jetty-io/9.3.24.v20180605/jetty-io-9.3.24.v20180605.jar:/home/user/.m2/repository/org/eclipse/jetty/jetty-webapp/9.3.24.v20180605/jetty-webapp-9.3.24.v20180605.jar:/home/user/.m2/repository/org/eclipse/jetty/jetty-xml/9.3.24.v20180605/jetty-xml-9.3.24.v20180605.jar:/home/user/.m2/repository/log4j/log4j/1.2.17/log4j-1.2.17.jar:/home/user/.m2/repository/org/slf4j/slf4j-api/1.7.25/slf4j-api-1.7.25.jar:/home/user/.m2/repository/org/slf4j/jul-to-slf4j/1.7.25/jul-to-slf4j-1.7.25.jar:/home/user/.m2/repository/org/eclipse/jetty/jetty-util/9.3.24.v20180605/jetty-util-9.3.24.v20180605.jar:/home/user/.m2/repository/com/fasterxml/jackson/core/jackson-databind/2.9.5/jackson-databind-2.9.5.jar:/home/user/.m2/repository/org/apache/hadoop/hadoop-kms/3.2.0/hadoop-kms-3.2.0-tests.jar:/home/user/.m2/repository/org/apache/hadoop/hadoop-hdds-server-scm/0.4.1-SNAPSHOT/hadoop-hdds-server-scm-0.4.1-SNAPSHOT-tests.jar:/home/user/.m2/repository/org/apache/hadoop/hadoop-hdds-container-service/0.4.1-SNAPSHOT/hadoop-hdds-container-service-0.4.1-SNAPSHOT-tests.jar:/home/user/.m2/repository/org/yaml/snakeyaml/1.16/snakeyaml-1.16.jar:/home/user/.m2/repository/org/apache/hadoop/hadoop-common/3.2.0/hadoop-common-3.2.0-tests.jar:/home/user/.m2/repository/org/apache/hadoop/hadoop-annotations/3.2.0/hadoop-annotations-3.2.0.jar:/usr/lib/jvm/java-1.8-openjdk/jre/../lib/tools.jar:/home/user/.m2/repository/commons-cli/commons-cli/1.2/commons-cli-1.2.jar:/home/user/.m2/repository/org/apache/httpcomponents/httpclient/4.5.2/httpclient-4.5.2.jar:/home/user/.m2/repository/org/apache/httpcomponents/httpcore/4.4.4/httpcore-4.4.4.jar:/home/user/.m2/repository/commons-codec/commons-codec/1.11/commons-codec-1.11.jar:/home/user/.m2/repository/commons-net/commons-net/3.6/commons-net-3.6.jar:/home/user/.m2/repository/commons-collections/commons-collections/3.2.2/commons-collections-3.2.2.jar:/home/user/.m2/repository/org/eclipse/jetty/jetty-servlet/9.3.24.v20180605/jetty-servlet-9.3.24.v20180605.jar:/home/user/.m2/repository/org/eclipse/jetty/jetty-security/9.3.24.v20180605/jetty-security-9.3.24.v20180605.jar:/home/user/.m2/repository/javax/servlet/jsp/jsp-api/2.1/jsp-api-2.1.jar:/home/user/.m2/repository/com/sun/jersey/jersey-servlet/1.19/jersey-servlet-1.19.jar:/home/user/.m2/repository/com/sun/jersey/jersey-json/1.19/jersey-json-1.19.jar:/home/user/.m2/repository/org/codehaus/jettison/jettison/1.1/jettison-1.1.jar:/home/user/.m2/repository/org/codehaus/jackson/jackson-core-asl/1.9.13/jackson-core-asl-1.9.13.jar:/home/user/.m2/repository/org/codehaus/jackson/jackson-mapper-asl/1.9.13/jackson-mapper-asl-1.9.13.jar:/home/user/.m2/repository/org/codehaus/jackson/jackson-jaxrs/1.9.13/jackson-jaxrs-1.9.13.jar:/home/user/.m2/repository/org/codehaus/jackson/jackson-xc/1.9.13/jackson-xc-1.9.13.jar:/home/user/.m2/repository/commons-logging/commons-logging/1.1.3/commons-logging-1.1.3.jar:/home/user/.m2/repository/commons-beanutils/commons-beanutils/1.9.3/commons-beanutils-1.9.3.jar:/home/user/.m2/repository/org/apache/commons/commons-configuration2/2.1.1/commons-configuration2-2.1.1.jar:/home/user/.m2/repository/org/apache/commons/commons-lang3/3.7/commons-lang3-3.7.jar:/home/user/.m2/repository/org/apache/commons/commons-text/1.4/commons-text-1.4.jar:/home/user/.m2/repository/org/apache/avro/avro/1.7.7/avro-1.7.7.jar:/home/user/.m2/repository/com/thoughtworks/paranamer/paranamer/2.3/paranamer-2.3.jar:/home/user/.m2/repository/org/xerial/snappy/snappy-java/1.0.5/snappy-java-1.0.5.jar:/home/user/.m2/repository/com/google/re2j/re2j/1.1/re2j-1.1.jar:/home/user/.m2/repository/com/google/code/gson/gson/2.2.4/gson-2.2.4.jar:/home/user/.m2/repository/com/jcraft/jsch/0.1.54/jsch-0.1.54.jar:/home/user/.m2/repository/org/apache/curator/curator-client/2.12.0/curator-client-2.12.0.jar:/home/user/.m2/repository/org/apache/curator/curator-recipes/2.12.0/curator-recipes-2.12.0.jar:/home/user/.m2/repository/com/google/code/findbugs/jsr305/3.0.0/jsr305-3.0.0.jar:/home/user/.m2/repository/org/apache/htrace/htrace-core4/4.1.0-incubating/htrace-core4-4.1.0-incubating.jar:/home/user/.m2/repository/org/apache/zookeeper/zookeeper/3.4.13/zookeeper-3.4.13.jar:/home/user/.m2/repository/org/apache/yetus/audience-annotations/0.5.0/audience-annotations-0.5.0.jar:/home/user/.m2/repository/org/codehaus/woodstox/stax2-api/3.1.4/stax2-api-3.1.4.jar:/home/user/.m2/repository/com/fasterxml/woodstox/woodstox-core/5.0.3/woodstox-core-5.0.3.jar:/home/user/.m2/repository/dnsjava/dnsjava/2.1.7/dnsjava-2.1.7.jar:/home/user/.m2/repository/org/apache/hadoop/hadoop-hdfs/3.2.0/hadoop-hdfs-3.2.0-tests.jar:/home/user/.m2/repository/org/eclipse/jetty/jetty-util-ajax/9.3.24.v20180605/jetty-util-ajax-9.3.24.v20180605.jar:/home/user/.m2/repository/commons-daemon/commons-daemon/1.0.13/commons-daemon-1.0.13.jar:/home/user/.m2/repository/io/netty/netty/3.10.5.Final/netty-3.10.5.Final.jar:/home/user/.m2/repository/io/netty/netty-all/4.0.52.Final/netty-all-4.0.52.Final.jar:/home/user/.m2/repository/org/fusesource/leveldbjni/leveldbjni-all/1.8/leveldbjni-all-1.8.jar:"/>
    <property name="sun.cpu.endian" value="little"/>
    <property name="user.home" value="/home/user"/>
    <property name="user.language" value="en"/>
    <property name="java.specification.vendor" value="Oracle Corporation"/>
    <property name="java.home" value="/usr/lib/jvm/java-1.8-openjdk/jre"/>
    <property name="java.security.krb5.conf" value="/workdir/hadoop-ozone/integration-test/target/test-classes/krb5.conf"/>
    <property name="basedir" value="/workdir/hadoop-ozone/integration-test"/>
    <property name="file.separator" value="/"/>
    <property name="line.separator" value="&#10;"/>
    <property name="java.vm.specification.vendor" value="Oracle Corporation"/>
    <property name="java.specification.name" value="Java Platform API Specification"/>
    <property name="java.awt.graphicsenv" value="sun.awt.X11GraphicsEnvironment"/>
    <property name="surefire.real.class.path" value="/workdir/hadoop-ozone/integration-test/target/surefire/surefirebooter7524333552470966530.jar"/>
    <property name="hadoop.log.dir" value="/workdir/hadoop-ozone/integration-test/target/log"/>
    <property name="sun.boot.class.path" value="/usr/lib/jvm/java-1.8-openjdk/jre/lib/resources.jar:/usr/lib/jvm/java-1.8-openjdk/jre/lib/rt.jar:/usr/lib/jvm/java-1.8-openjdk/jre/lib/sunrsasign.jar:/usr/lib/jvm/java-1.8-openjdk/jre/lib/jsse.jar:/usr/lib/jvm/java-1.8-openjdk/jre/lib/jce.jar:/usr/lib/jvm/java-1.8-openjdk/jre/lib/charsets.jar:/usr/lib/jvm/java-1.8-openjdk/jre/lib/jfr.jar:/usr/lib/jvm/java-1.8-openjdk/jre/classes"/>
    <property name="sun.management.compiler" value="HotSpot 64-Bit Tiered Compilers"/>
    <property name="java.runtime.version" value="1.8.0_212-b04"/>
    <property name="java.net.preferIPv4Stack" value="true"/>
    <property name="user.name" value="jenkins1000"/>
    <property name="path.separator" value=":"/>
    <property name="java.security.egd" value="file:///dev/urandom"/>
    <property name="os.version" value="3.10.0-957.12.2.el7.x86_64"/>
    <property name="java.endorsed.dirs" value="/usr/lib/jvm/java-1.8-openjdk/jre/lib/endorsed"/>
    <property name="java.runtime.name" value="OpenJDK Runtime Environment"/>
    <property name="file.encoding" value="UTF-8"/>
    <property name="java.vm.name" value="OpenJDK 64-Bit Server VM"/>
    <property name="test.build.webapps" value=""/>
    <property name="localRepository" value="/home/user/.m2/repository"/>
    <property name="java.vendor.url.bug" value="https://icedtea.classpath.org/bugzilla"/>
    <property name="java.io.tmpdir" value="/tmp"/>
    <property name="require.test.libhadoop" value=""/>
    <property name="java.version" value="1.8.0_212"/>
    <property name="user.dir" value="/workdir/hadoop-ozone/integration-test"/>
    <property name="os.arch" value="amd64"/>
    <property name="java.vm.specification.name" value="Java Virtual Machine Specification"/>
    <property name="test.build.classes" value="/workdir/hadoop-ozone/integration-test/target/test-classes"/>
    <property name="java.awt.printerjob" value="sun.print.PSPrinterJob"/>
    <property name="sun.os.patch.level" value="unknown"/>
    <property name="hadoop.tmp.dir" value="/workdir/hadoop-ozone/integration-test/target/tmp"/>
    <property name="java.library.path" value="/usr/lib/jvm/java-1.8-openjdk/jre/lib/amd64/server:/usr/lib/jvm/java-1.8-openjdk/jre/lib/amd64:/usr/lib/jvm/java-1.8-openjdk/jre/../lib/amd64:/workdir/hadoop-ozone/integration-test/target/native/target/usr/local/lib:/workdir/hadoop-ozone/integration-test/../../hadoop-common-project/hadoop-common/target/native/target/usr/local/lib:/usr/java/packages/lib/amd64:/usr/lib64:/lib64:/lib:/usr/lib"/>
    <property name="java.vm.info" value="mixed mode"/>
    <property name="java.vendor" value="IcedTea"/>
    <property name="java.vm.version" value="25.212-b04"/>
    <property name="java.ext.dirs" value="/usr/lib/jvm/java-1.8-openjdk/jre/lib/ext:/usr/java/packages/lib/ext"/>
    <property name="sun.io.unicode.encoding" value="UnicodeLittle"/>
    <property name="java.class.version" value="52.0"/>
  </properties>
  <testcase name="testBlockDeletion" classname="org.apache.hadoop.ozone.container.common.statemachine.commandhandler.TestBlockDeletion" time="90.543">
    <failure message="expected null, but was:&lt;[B@53d6e959&gt;" type="java.lang.AssertionError"><![CDATA[java.lang.AssertionError: expected null, but was:<[B@53d6e959>
	at org.junit.Assert.fail(Assert.java:88)
	at org.junit.Assert.failNotNull(Assert.java:664)
	at org.junit.Assert.assertNull(Assert.java:646)
	at org.junit.Assert.assertNull(Assert.java:656)
	at org.apache.hadoop.ozone.container.common.statemachine.commandhandler.TestBlockDeletion.lambda$verifyBlocksDeleted$3(TestBlockDeletion.java:323)
	at org.apache.hadoop.ozone.OzoneTestUtils.performOperationOnKeyContainers(OzoneTestUtils.java:96)
	at org.apache.hadoop.ozone.container.common.statemachine.commandhandler.TestBlockDeletion.verifyBlocksDeleted(TestBlockDeletion.java:317)
	at org.apache.hadoop.ozone.container.common.statemachine.commandhandler.TestBlockDeletion.testBlockDeletion(TestBlockDeletion.java:177)
	at sun.reflect.NativeMethodAccessorImpl.invoke0(Native Method)
	at sun.reflect.NativeMethodAccessorImpl.invoke(NativeMethodAccessorImpl.java:62)
	at sun.reflect.DelegatingMethodAccessorImpl.invoke(DelegatingMethodAccessorImpl.java:43)
	at java.lang.reflect.Method.invoke(Method.java:498)
	at org.junit.runners.model.FrameworkMethod$1.runReflectiveCall(FrameworkMethod.java:47)
	at org.junit.internal.runners.model.ReflectiveCallable.run(ReflectiveCallable.java:12)
	at org.junit.runners.model.FrameworkMethod.invokeExplosively(FrameworkMethod.java:44)
	at org.junit.internal.runners.statements.InvokeMethod.evaluate(InvokeMethod.java:17)
	at org.junit.runners.ParentRunner.runLeaf(ParentRunner.java:271)
	at org.junit.runners.BlockJUnit4ClassRunner.runChild(BlockJUnit4ClassRunner.java:70)
	at org.junit.runners.BlockJUnit4ClassRunner.runChild(BlockJUnit4ClassRunner.java:50)
	at org.junit.runners.ParentRunner$3.run(ParentRunner.java:238)
	at org.junit.runners.ParentRunner$1.schedule(ParentRunner.java:63)
	at org.junit.runners.ParentRunner.runChildren(ParentRunner.java:236)
	at org.junit.runners.ParentRunner.access$000(ParentRunner.java:53)
	at org.junit.runners.ParentRunner$2.evaluate(ParentRunner.java:229)
	at org.junit.internal.runners.statements.RunBefores.evaluate(RunBefores.java:26)
	at org.junit.runners.ParentRunner.run(ParentRunner.java:309)
	at org.apache.maven.surefire.junit4.JUnit4Provider.execute(JUnit4Provider.java:365)
	at org.apache.maven.surefire.junit4.JUnit4Provider.executeWithRerun(JUnit4Provider.java:273)
	at org.apache.maven.surefire.junit4.JUnit4Provider.executeTestSet(JUnit4Provider.java:238)
	at org.apache.maven.surefire.junit4.JUnit4Provider.invoke(JUnit4Provider.java:159)
	at org.apache.maven.surefire.booter.ForkedBooter.invokeProviderInSameClassLoader(ForkedBooter.java:384)
	at org.apache.maven.surefire.booter.ForkedBooter.runSuitesInProcess(ForkedBooter.java:345)
	at org.apache.maven.surefire.booter.ForkedBooter.execute(ForkedBooter.java:126)
	at org.apache.maven.surefire.booter.ForkedBooter.main(ForkedBooter.java:418)
]]></failure>
    <system-out><![CDATA[2019-08-10 04:37:36,197 WARN  server.ServerUtils (ServerUtils.java:getScmDbDir(145)) - ozone.scm.db.dirs is not configured. We recommend adding this setting. Falling back to ozone.metadata.dirs instead.
2019-08-10 04:37:36,327 WARN  server.ServerUtils (ServerUtils.java:getScmDbDir(145)) - ozone.scm.db.dirs is not configured. We recommend adding this setting. Falling back to ozone.metadata.dirs instead.
2019-08-10 04:37:36,330 WARN  server.ServerUtils (ServerUtils.java:getScmDbDir(145)) - ozone.scm.db.dirs is not configured. We recommend adding this setting. Falling back to ozone.metadata.dirs instead.
2019-08-10 04:37:36,348 INFO  util.log (Log.java:initialized(192)) - Logging initialized @936ms
2019-08-10 04:37:36,452 INFO  db.DBStoreBuilder (DBStoreBuilder.java:addTable(110)) - using custom profile for table: deletedBlocks
2019-08-10 04:37:36,454 INFO  db.DBStoreBuilder (DBStoreBuilder.java:processTables(161)) - Using default column profile:DBProfile.DISK for Table:deletedBlocks
2019-08-10 04:37:36,455 INFO  db.DBStoreBuilder (DBStoreBuilder.java:addTable(110)) - using custom profile for table: validCerts
2019-08-10 04:37:36,455 INFO  db.DBStoreBuilder (DBStoreBuilder.java:processTables(161)) - Using default column profile:DBProfile.DISK for Table:validCerts
2019-08-10 04:37:36,455 INFO  db.DBStoreBuilder (DBStoreBuilder.java:addTable(110)) - using custom profile for table: revokedCerts
2019-08-10 04:37:36,456 INFO  db.DBStoreBuilder (DBStoreBuilder.java:processTables(161)) - Using default column profile:DBProfile.DISK for Table:revokedCerts
2019-08-10 04:37:36,467 INFO  db.DBStoreBuilder (DBStoreBuilder.java:addTable(110)) - using custom profile for table: default
2019-08-10 04:37:36,468 INFO  db.DBStoreBuilder (DBStoreBuilder.java:processTables(167)) - Using default column profile:DBProfile.DISK for Table:default
2019-08-10 04:37:36,469 INFO  db.DBStoreBuilder (DBStoreBuilder.java:getDbProfile(198)) - Using default options. DBProfile.DISK
2019-08-10 04:37:36,726 INFO  net.NodeSchemaLoader (NodeSchemaLoader.java:loadSchemaFromFile(125)) - Loading file from sun.misc.CompoundEnumeration@59fd97a8
2019-08-10 04:37:36,728 INFO  net.NodeSchemaLoader (NodeSchemaLoader.java:loadSchema(171)) - Loading network topology layer schema file
2019-08-10 04:37:36,809 INFO  node.SCMNodeManager (SCMNodeManager.java:<init>(121)) - Entering startup safe mode.
2019-08-10 04:37:36,894 WARN  server.ServerUtils (ServerUtils.java:getScmDbDir(145)) - ozone.scm.db.dirs is not configured. We recommend adding this setting. Falling back to ozone.metadata.dirs instead.
2019-08-10 04:37:36,985 INFO  pipeline.SCMPipelineManager (SCMPipelineManager.java:initializePipelineState(126)) - No pipeline exists in current db
2019-08-10 04:37:36,988 WARN  server.ServerUtils (ServerUtils.java:getScmDbDir(145)) - ozone.scm.db.dirs is not configured. We recommend adding this setting. Falling back to ozone.metadata.dirs instead.
2019-08-10 04:37:37,155 WARN  events.EventQueue (EventQueue.java:fireEvent(175)) - No event handler registered for event TypedEvent{payloadType=SafeModeStatus, name='SafeModeStatus'}
2019-08-10 04:37:37,533 INFO  ipc.CallQueueManager (CallQueueManager.java:<init>(84)) - Using callQueue: class java.util.concurrent.LinkedBlockingQueue, queueCapacity: 2000, scheduler: class org.apache.hadoop.ipc.DefaultRpcScheduler, ipcBackoff: false.
2019-08-10 04:37:37,560 INFO  ipc.Server (Server.java:run(1074)) - Starting Socket Reader #1 for port 42145
2019-08-10 04:37:37,584 INFO  ipc.CallQueueManager (CallQueueManager.java:<init>(84)) - Using callQueue: class java.util.concurrent.LinkedBlockingQueue, queueCapacity: 2000, scheduler: class org.apache.hadoop.ipc.DefaultRpcScheduler, ipcBackoff: false.
2019-08-10 04:37:37,585 INFO  ipc.Server (Server.java:run(1074)) - Starting Socket Reader #1 for port 35569
2019-08-10 04:37:37,591 INFO  ipc.CallQueueManager (CallQueueManager.java:<init>(84)) - Using callQueue: class java.util.concurrent.LinkedBlockingQueue, queueCapacity: 2000, scheduler: class org.apache.hadoop.ipc.DefaultRpcScheduler, ipcBackoff: false.
2019-08-10 04:37:37,593 INFO  ipc.Server (Server.java:run(1074)) - Starting Socket Reader #1 for port 33003
2019-08-10 04:37:37,733 INFO  hdfs.DFSUtil (DFSUtil.java:httpServerTemplateForNNAndJN(1641)) - Starting Web-server for scm at: http://0.0.0.0:0
2019-08-10 04:37:37,888 INFO  server.AuthenticationFilter (AuthenticationFilter.java:constructSecretProvider(240)) - Unable to initialize FileSignerSecretProvider, falling back to use random secrets.
2019-08-10 04:37:37,895 WARN  http.HttpRequestLog (HttpRequestLog.java:getRequestLog(97)) - Jetty request log can only be enabled using Log4j
2019-08-10 04:37:37,903 INFO  http.HttpServer2 (HttpServer2.java:addGlobalFilter(975)) - Added global filter 'safety' (class=org.apache.hadoop.http.HttpServer2$QuotingInputFilter)
2019-08-10 04:37:37,906 INFO  http.HttpServer2 (HttpServer2.java:addFilter(948)) - Added filter static_user_filter (class=org.apache.hadoop.http.lib.StaticUserWebFilter$StaticUserFilter) to context scm
2019-08-10 04:37:37,906 INFO  http.HttpServer2 (HttpServer2.java:addFilter(958)) - Added filter static_user_filter (class=org.apache.hadoop.http.lib.StaticUserWebFilter$StaticUserFilter) to context logs
2019-08-10 04:37:37,906 INFO  http.HttpServer2 (HttpServer2.java:addFilter(958)) - Added filter static_user_filter (class=org.apache.hadoop.http.lib.StaticUserWebFilter$StaticUserFilter) to context static
2019-08-10 04:37:37,933 INFO  server.StorageContainerManager (StorageContainerManager.java:start(759)) - StorageContainerLocationProtocol RPC server is listening at /0.0.0.0:33003
2019-08-10 04:37:37,988 WARN  impl.MetricsConfig (MetricsConfig.java:loadFirst(134)) - Cannot locate configuration: tried hadoop-metrics2-storagecontainermanager.properties,hadoop-metrics2.properties
2019-08-10 04:37:38,001 INFO  impl.MetricsSystemImpl (MetricsSystemImpl.java:startTimer(374)) - Scheduled Metric snapshot period at 10 second(s).
2019-08-10 04:37:38,001 INFO  impl.MetricsSystemImpl (MetricsSystemImpl.java:start(191)) - StorageContainerManager metrics system started
2019-08-10 04:37:38,218 INFO  server.SCMClientProtocolServer (SCMClientProtocolServer.java:start(151)) - RPC server for Client  is listening at /0.0.0.0:33003
2019-08-10 04:37:38,219 INFO  ipc.Server (Server.java:run(1314)) - IPC Server Responder: starting
2019-08-10 04:37:38,219 INFO  ipc.Server (Server.java:run(1153)) - IPC Server listener on 33003: starting
2019-08-10 04:37:38,224 INFO  server.StorageContainerManager (StorageContainerManager.java:start(769)) - ScmBlockLocationProtocol RPC server is listening at /0.0.0.0:35569
2019-08-10 04:37:38,224 INFO  server.SCMBlockProtocolServer (SCMBlockProtocolServer.java:start(140)) - RPC server for Block Protocol is listening at /0.0.0.0:35569
2019-08-10 04:37:38,224 INFO  ipc.Server (Server.java:run(1314)) - IPC Server Responder: starting
2019-08-10 04:37:38,224 INFO  ipc.Server (Server.java:run(1153)) - IPC Server listener on 35569: starting
2019-08-10 04:37:38,231 INFO  server.StorageContainerManager (StorageContainerManager.java:start(773)) - ScmDatanodeProtocl RPC server is listening at /0.0.0.0:42145
2019-08-10 04:37:38,231 INFO  server.SCMDatanodeProtocolServer (SCMDatanodeProtocolServer.java:start(191)) - RPC server for DataNodes is listening at /0.0.0.0:42145
2019-08-10 04:37:38,232 INFO  ipc.Server (Server.java:run(1314)) - IPC Server Responder: starting
2019-08-10 04:37:38,233 INFO  ipc.Server (Server.java:run(1153)) - IPC Server listener on 42145: starting
2019-08-10 04:37:38,245 INFO  http.HttpServer2 (HttpServer2.java:bindListener(1191)) - Jetty bound to port 34356
2019-08-10 04:37:38,247 INFO  server.Server (Server.java:doStart(351)) - jetty-9.3.24.v20180605, build timestamp: 2018-06-05T17:11:56Z, git hash: 84205aa28f11a4f31f2a3b86d1bba2cc8ab69827
2019-08-10 04:37:38,287 INFO  handler.ContextHandler (ContextHandler.java:doStart(781)) - Started o.e.j.s.ServletContextHandler@222eb8aa{/logs,file:///workdir/hadoop-ozone/integration-test/target/log,AVAILABLE}
2019-08-10 04:37:38,288 INFO  handler.ContextHandler (ContextHandler.java:doStart(781)) - Started o.e.j.s.ServletContextHandler@1852a3ff{/static,file:///workdir/hadoop-ozone/integration-test/target/test-classes/webapps/static,AVAILABLE}
2019-08-10 04:37:38,322 INFO  handler.ContextHandler (ContextHandler.java:doStart(781)) - Started o.e.j.w.WebAppContext@332a7fce{/,file:///workdir/hadoop-ozone/integration-test/target/test-classes/webapps/scm/,AVAILABLE}{/scm}
2019-08-10 04:37:38,328 INFO  server.AbstractConnector (AbstractConnector.java:doStart(278)) - Started ServerConnector@290b1b2e{HTTP/1.1,[http/1.1]}{0.0.0.0:34356}
2019-08-10 04:37:38,328 INFO  server.Server (Server.java:doStart(419)) - Started @2917ms
2019-08-10 04:37:38,330 INFO  server.BaseHttpServer (BaseHttpServer.java:updateConnectorAddress(207)) - HTTP server of SCM is listening at http://0.0.0.0:34356
2019-08-10 04:37:38,336 INFO  util.JvmPauseMonitor (JvmPauseMonitor.java:run(188)) - Starting JVM pause monitor
2019-08-10 04:37:38,338 WARN  server.ServerUtils (ServerUtils.java:getDBPath(222)) - ozone.om.db.dirs is not configured. We recommend adding this setting. Falling back to ozone.metadata.dirs instead.
2019-08-10 04:37:38,338 DEBUG block.SCMBlockDeletingService (SCMBlockDeletingService.java:call(138)) - Running DeletedBlockTransactionScanner
2019-08-10 04:37:38,351 DEBUG block.SCMBlockDeletingService (SCMBlockDeletingService.java:call(155)) - Scanned deleted blocks log and got 0 delTX to process.
2019-08-10 04:37:38,453 DEBUG block.SCMBlockDeletingService (SCMBlockDeletingService.java:call(138)) - Running DeletedBlockTransactionScanner
2019-08-10 04:37:38,454 DEBUG block.SCMBlockDeletingService (SCMBlockDeletingService.java:call(155)) - Scanned deleted blocks log and got 0 delTX to process.
2019-08-10 04:37:38,458 WARN  server.ServerUtils (ServerUtils.java:getDBPath(222)) - ozone.om.db.dirs is not configured. We recommend adding this setting. Falling back to ozone.metadata.dirs instead.
2019-08-10 04:37:38,459 WARN  server.ServerUtils (ServerUtils.java:getDBPath(222)) - ozone.om.db.dirs is not configured. We recommend adding this setting. Falling back to ozone.metadata.dirs instead.
2019-08-10 04:37:38,460 INFO  om.OzoneManager (OzoneManager.java:setOMNodeDetails(644)) - OM Service ID is not set. Setting it to the default ID: omServiceIdDefault
2019-08-10 04:37:38,460 INFO  om.OzoneManager (OzoneManager.java:setOMNodeDetails(650)) - OM Node ID is not set. Setting it to the OmStorage's OmID: 60e8718c-bf35-4ddf-ab3c-f9c4b9579316
2019-08-10 04:37:38,461 INFO  om.OzoneManager (OzoneManager.java:loadOMHAConfigs(601)) - Found matching OM address with OMServiceId: null, OMNodeId: null, RPC Address: localhost:0 and Ratis port: 9872
2019-08-10 04:37:38,555 DEBUG block.SCMBlockDeletingService (SCMBlockDeletingService.java:call(138)) - Running DeletedBlockTransactionScanner
2019-08-10 04:37:38,555 DEBUG block.SCMBlockDeletingService (SCMBlockDeletingService.java:call(155)) - Scanned deleted blocks log and got 0 delTX to process.
2019-08-10 04:37:38,656 DEBUG block.SCMBlockDeletingService (SCMBlockDeletingService.java:call(138)) - Running DeletedBlockTransactionScanner
2019-08-10 04:37:38,656 DEBUG block.SCMBlockDeletingService (SCMBlockDeletingService.java:call(155)) - Scanned deleted blocks log and got 0 delTX to process.
2019-08-10 04:37:38,757 DEBUG block.SCMBlockDeletingService (SCMBlockDeletingService.java:call(138)) - Running DeletedBlockTransactionScanner
2019-08-10 04:37:38,758 DEBUG block.SCMBlockDeletingService (SCMBlockDeletingService.java:call(155)) - Scanned deleted blocks log and got 0 delTX to process.
2019-08-10 04:37:38,858 DEBUG block.SCMBlockDeletingService (SCMBlockDeletingService.java:call(138)) - Running DeletedBlockTransactionScanner
2019-08-10 04:37:38,859 DEBUG block.SCMBlockDeletingService (SCMBlockDeletingService.java:call(155)) - Scanned deleted blocks log and got 0 delTX to process.
2019-08-10 04:37:38,960 DEBUG block.SCMBlockDeletingService (SCMBlockDeletingService.java:call(138)) - Running DeletedBlockTransactionScanner
2019-08-10 04:37:38,960 DEBUG block.SCMBlockDeletingService (SCMBlockDeletingService.java:call(155)) - Scanned deleted blocks log and got 0 delTX to process.
2019-08-10 04:37:39,061 DEBUG block.SCMBlockDeletingService (SCMBlockDeletingService.java:call(138)) - Running DeletedBlockTransactionScanner
2019-08-10 04:37:39,061 DEBUG block.SCMBlockDeletingService (SCMBlockDeletingService.java:call(155)) - Scanned deleted blocks log and got 0 delTX to process.
2019-08-10 04:37:39,134 WARN  server.ServerUtils (ServerUtils.java:getDBPath(222)) - ozone.om.db.dirs is not configured. We recommend adding this setting. Falling back to ozone.metadata.dirs instead.
2019-08-10 04:37:39,141 INFO  db.DBStoreBuilder (DBStoreBuilder.java:addTable(110)) - using custom profile for table: userTable
2019-08-10 04:37:39,141 INFO  db.DBStoreBuilder (DBStoreBuilder.java:processTables(161)) - Using default column profile:DBProfile.DISK for Table:userTable
2019-08-10 04:37:39,141 INFO  db.DBStoreBuilder (DBStoreBuilder.java:addTable(110)) - using custom profile for table: volumeTable
2019-08-10 04:37:39,142 INFO  db.DBStoreBuilder (DBStoreBuilder.java:processTables(161)) - Using default column profile:DBProfile.DISK for Table:volumeTable
2019-08-10 04:37:39,142 INFO  db.DBStoreBuilder (DBStoreBuilder.java:addTable(110)) - using custom profile for table: bucketTable
2019-08-10 04:37:39,142 INFO  db.DBStoreBuilder (DBStoreBuilder.java:processTables(161)) - Using default column profile:DBProfile.DISK for Table:bucketTable
2019-08-10 04:37:39,142 INFO  db.DBStoreBuilder (DBStoreBuilder.java:addTable(110)) - using custom profile for table: keyTable
2019-08-10 04:37:39,143 INFO  db.DBStoreBuilder (DBStoreBuilder.java:processTables(161)) - Using default column profile:DBProfile.DISK for Table:keyTable
2019-08-10 04:37:39,143 INFO  db.DBStoreBuilder (DBStoreBuilder.java:addTable(110)) - using custom profile for table: deletedTable
2019-08-10 04:37:39,143 INFO  db.DBStoreBuilder (DBStoreBuilder.java:processTables(161)) - Using default column profile:DBProfile.DISK for Table:deletedTable
2019-08-10 04:37:39,143 INFO  db.DBStoreBuilder (DBStoreBuilder.java:addTable(110)) - using custom profile for table: openKeyTable
2019-08-10 04:37:39,143 INFO  db.DBStoreBuilder (DBStoreBuilder.java:processTables(161)) - Using default column profile:DBProfile.DISK for Table:openKeyTable
2019-08-10 04:37:39,144 INFO  db.DBStoreBuilder (DBStoreBuilder.java:addTable(110)) - using custom profile for table: s3Table
2019-08-10 04:37:39,144 INFO  db.DBStoreBuilder (DBStoreBuilder.java:processTables(161)) - Using default column profile:DBProfile.DISK for Table:s3Table
2019-08-10 04:37:39,144 INFO  db.DBStoreBuilder (DBStoreBuilder.java:addTable(110)) - using custom profile for table: multipartInfoTable
2019-08-10 04:37:39,144 INFO  db.DBStoreBuilder (DBStoreBuilder.java:processTables(161)) - Using default column profile:DBProfile.DISK for Table:multipartInfoTable
2019-08-10 04:37:39,145 INFO  db.DBStoreBuilder (DBStoreBuilder.java:addTable(110)) - using custom profile for table: dTokenTable
2019-08-10 04:37:39,145 INFO  db.DBStoreBuilder (DBStoreBuilder.java:processTables(161)) - Using default column profile:DBProfile.DISK for Table:dTokenTable
2019-08-10 04:37:39,145 INFO  db.DBStoreBuilder (DBStoreBuilder.java:addTable(110)) - using custom profile for table: s3SecretTable
2019-08-10 04:37:39,145 INFO  db.DBStoreBuilder (DBStoreBuilder.java:processTables(161)) - Using default column profile:DBProfile.DISK for Table:s3SecretTable
2019-08-10 04:37:39,146 INFO  db.DBStoreBuilder (DBStoreBuilder.java:addTable(110)) - using custom profile for table: prefixTable
2019-08-10 04:37:39,146 INFO  db.DBStoreBuilder (DBStoreBuilder.java:processTables(161)) - Using default column profile:DBProfile.DISK for Table:prefixTable
2019-08-10 04:37:39,146 INFO  db.DBStoreBuilder (DBStoreBuilder.java:addTable(110)) - using custom profile for table: default
2019-08-10 04:37:39,146 INFO  db.DBStoreBuilder (DBStoreBuilder.java:processTables(167)) - Using default column profile:DBProfile.DISK for Table:default
2019-08-10 04:37:39,146 INFO  db.DBStoreBuilder (DBStoreBuilder.java:getDbProfile(198)) - Using default options. DBProfile.DISK
2019-08-10 04:37:39,162 DEBUG block.SCMBlockDeletingService (SCMBlockDeletingService.java:call(138)) - Running DeletedBlockTransactionScanner
2019-08-10 04:37:39,163 DEBUG block.SCMBlockDeletingService (SCMBlockDeletingService.java:call(155)) - Scanned deleted blocks log and got 0 delTX to process.
2019-08-10 04:37:39,263 DEBUG block.SCMBlockDeletingService (SCMBlockDeletingService.java:call(138)) - Running DeletedBlockTransactionScanner
2019-08-10 04:37:39,264 DEBUG block.SCMBlockDeletingService (SCMBlockDeletingService.java:call(155)) - Scanned deleted blocks log and got 0 delTX to process.
2019-08-10 04:37:39,364 DEBUG block.SCMBlockDeletingService (SCMBlockDeletingService.java:call(138)) - Running DeletedBlockTransactionScanner
2019-08-10 04:37:39,365 DEBUG block.SCMBlockDeletingService (SCMBlockDeletingService.java:call(155)) - Scanned deleted blocks log and got 0 delTX to process.
2019-08-10 04:37:39,466 DEBUG block.SCMBlockDeletingService (SCMBlockDeletingService.java:call(138)) - Running DeletedBlockTransactionScanner
2019-08-10 04:37:39,466 DEBUG block.SCMBlockDeletingService (SCMBlockDeletingService.java:call(155)) - Scanned deleted blocks log and got 0 delTX to process.
2019-08-10 04:37:39,567 DEBUG block.SCMBlockDeletingService (SCMBlockDeletingService.java:call(138)) - Running DeletedBlockTransactionScanner
2019-08-10 04:37:39,567 DEBUG block.SCMBlockDeletingService (SCMBlockDeletingService.java:call(155)) - Scanned deleted blocks log and got 0 delTX to process.
2019-08-10 04:37:39,668 DEBUG block.SCMBlockDeletingService (SCMBlockDeletingService.java:call(138)) - Running DeletedBlockTransactionScanner
2019-08-10 04:37:39,668 DEBUG block.SCMBlockDeletingService (SCMBlockDeletingService.java:call(155)) - Scanned deleted blocks log and got 0 delTX to process.
2019-08-10 04:37:39,763 INFO  ipc.CallQueueManager (CallQueueManager.java:<init>(84)) - Using callQueue: class java.util.concurrent.LinkedBlockingQueue, queueCapacity: 2000, scheduler: class org.apache.hadoop.ipc.DefaultRpcScheduler, ipcBackoff: false.
2019-08-10 04:37:39,765 INFO  ipc.Server (Server.java:run(1074)) - Starting Socket Reader #1 for port 40657
2019-08-10 04:37:39,769 DEBUG block.SCMBlockDeletingService (SCMBlockDeletingService.java:call(138)) - Running DeletedBlockTransactionScanner
2019-08-10 04:37:39,769 DEBUG block.SCMBlockDeletingService (SCMBlockDeletingService.java:call(155)) - Scanned deleted blocks log and got 0 delTX to process.
2019-08-10 04:37:39,787 INFO  om.OzoneManager (OzoneManager.java:start(1255)) - OzoneManager RPC server is listening at localhost/127.0.0.1:40657
2019-08-10 04:37:39,787 INFO  impl.MetricsSystemImpl (MetricsSystemImpl.java:init(158)) - OzoneManager metrics system started (again)
2019-08-10 04:37:39,790 INFO  ipc.Server (Server.java:run(1314)) - IPC Server Responder: starting
2019-08-10 04:37:39,791 INFO  ipc.Server (Server.java:run(1153)) - IPC Server listener on 40657: starting
2019-08-10 04:37:39,805 INFO  hdfs.DFSUtil (DFSUtil.java:httpServerTemplateForNNAndJN(1641)) - Starting Web-server for ozoneManager at: http://0.0.0.0:0
2019-08-10 04:37:39,807 INFO  server.AuthenticationFilter (AuthenticationFilter.java:constructSecretProvider(240)) - Unable to initialize FileSignerSecretProvider, falling back to use random secrets.
2019-08-10 04:37:39,808 WARN  http.HttpRequestLog (HttpRequestLog.java:getRequestLog(97)) - Jetty request log can only be enabled using Log4j
2019-08-10 04:37:39,811 INFO  http.HttpServer2 (HttpServer2.java:addGlobalFilter(975)) - Added global filter 'safety' (class=org.apache.hadoop.http.HttpServer2$QuotingInputFilter)
2019-08-10 04:37:39,812 INFO  http.HttpServer2 (HttpServer2.java:addFilter(948)) - Added filter static_user_filter (class=org.apache.hadoop.http.lib.StaticUserWebFilter$StaticUserFilter) to context ozoneManager
2019-08-10 04:37:39,812 INFO  http.HttpServer2 (HttpServer2.java:addFilter(958)) - Added filter static_user_filter (class=org.apache.hadoop.http.lib.StaticUserWebFilter$StaticUserFilter) to context logs
2019-08-10 04:37:39,812 INFO  http.HttpServer2 (HttpServer2.java:addFilter(958)) - Added filter static_user_filter (class=org.apache.hadoop.http.lib.StaticUserWebFilter$StaticUserFilter) to context static
2019-08-10 04:37:39,815 INFO  http.HttpServer2 (HttpServer2.java:bindListener(1191)) - Jetty bound to port 38873
2019-08-10 04:37:39,815 INFO  server.Server (Server.java:doStart(351)) - jetty-9.3.24.v20180605, build timestamp: 2018-06-05T17:11:56Z, git hash: 84205aa28f11a4f31f2a3b86d1bba2cc8ab69827
2019-08-10 04:37:39,817 INFO  handler.ContextHandler (ContextHandler.java:doStart(781)) - Started o.e.j.s.ServletContextHandler@4525d1d3{/logs,file:///workdir/hadoop-ozone/integration-test/target/log,AVAILABLE}
2019-08-10 04:37:39,818 INFO  handler.ContextHandler (ContextHandler.java:doStart(781)) - Started o.e.j.s.ServletContextHandler@1eea9d2d{/static,file:///workdir/hadoop-ozone/integration-test/target/test-classes/webapps/static,AVAILABLE}
2019-08-10 04:37:39,823 INFO  handler.ContextHandler (ContextHandler.java:doStart(781)) - Started o.e.j.w.WebAppContext@695a69a1{/,file:///workdir/hadoop-ozone/integration-test/target/test-classes/webapps/ozoneManager/,AVAILABLE}{/ozoneManager}
2019-08-10 04:37:39,825 INFO  server.AbstractConnector (AbstractConnector.java:doStart(278)) - Started ServerConnector@4b1abd11{HTTP/1.1,[http/1.1]}{0.0.0.0:38873}
2019-08-10 04:37:39,826 INFO  server.Server (Server.java:doStart(419)) - Started @4415ms
2019-08-10 04:37:39,827 INFO  server.BaseHttpServer (BaseHttpServer.java:updateConnectorAddress(207)) - HTTP server of OZONEMANAGER is listening at http://0.0.0.0:38873
2019-08-10 04:37:39,870 DEBUG block.SCMBlockDeletingService (SCMBlockDeletingService.java:call(138)) - Running DeletedBlockTransactionScanner
2019-08-10 04:37:39,870 DEBUG block.SCMBlockDeletingService (SCMBlockDeletingService.java:call(155)) - Scanned deleted blocks log and got 0 delTX to process.
2019-08-10 04:37:40,023 DEBUG block.SCMBlockDeletingService (SCMBlockDeletingService.java:call(138)) - Running DeletedBlockTransactionScanner
2019-08-10 04:37:40,023 DEBUG block.SCMBlockDeletingService (SCMBlockDeletingService.java:call(155)) - Scanned deleted blocks log and got 0 delTX to process.
2019-08-10 04:37:40,115 INFO  impl.MetricsSystemImpl (MetricsSystemImpl.java:init(158)) - HddsDatanode metrics system started (again)
2019-08-10 04:37:40,124 DEBUG block.SCMBlockDeletingService (SCMBlockDeletingService.java:call(138)) - Running DeletedBlockTransactionScanner
2019-08-10 04:37:40,124 DEBUG block.SCMBlockDeletingService (SCMBlockDeletingService.java:call(155)) - Scanned deleted blocks log and got 0 delTX to process.
2019-08-10 04:37:40,204 INFO  ozone.HddsDatanodeService (HddsDatanodeService.java:start(184)) - HddsDatanodeService host:byscane-nightly-wggqd-62853239 ip:192.168.157.255
2019-08-10 04:37:40,225 DEBUG block.SCMBlockDeletingService (SCMBlockDeletingService.java:call(138)) - Running DeletedBlockTransactionScanner
2019-08-10 04:37:40,225 DEBUG block.SCMBlockDeletingService (SCMBlockDeletingService.java:call(155)) - Scanned deleted blocks log and got 0 delTX to process.
2019-08-10 04:37:40,235 INFO  volume.HddsVolume (HddsVolume.java:<init>(176)) - Creating Volume: /workdir/hadoop-ozone/integration-test/target/test-dir/MiniOzoneClusterImpl-71466a3e-5472-4a77-a4de-c7daf4941d14/datanode-0/data/containers/hdds of  storage type : DISK and capacity : 52710309888
2019-08-10 04:37:40,237 INFO  volume.VolumeSet (VolumeSet.java:initializeVolumeSet(170)) - Added Volume : /workdir/hadoop-ozone/integration-test/target/test-dir/MiniOzoneClusterImpl-71466a3e-5472-4a77-a4de-c7daf4941d14/datanode-0/data/containers/hdds to VolumeSet
2019-08-10 04:37:40,239 INFO  volume.ThrottledAsyncChecker (ThrottledAsyncChecker.java:schedule(140)) - Scheduling a check for org.apache.hadoop.ozone.container.common.volume.HddsVolume@73017a80
2019-08-10 04:37:40,257 INFO  volume.HddsVolumeChecker (HddsVolumeChecker.java:checkAllVolumes(203)) - Scheduled health check for volume org.apache.hadoop.ozone.container.common.volume.HddsVolume@73017a80
2019-08-10 04:37:40,326 DEBUG block.SCMBlockDeletingService (SCMBlockDeletingService.java:call(138)) - Running DeletedBlockTransactionScanner
2019-08-10 04:37:40,326 DEBUG block.SCMBlockDeletingService (SCMBlockDeletingService.java:call(155)) - Scanned deleted blocks log and got 0 delTX to process.
2019-08-10 04:37:40,367 INFO  impl.RaftServerProxy (ConfUtils.java:logGet(43)) - raft.rpc.type = GRPC (default)
2019-08-10 04:37:40,427 DEBUG block.SCMBlockDeletingService (SCMBlockDeletingService.java:call(138)) - Running DeletedBlockTransactionScanner
2019-08-10 04:37:40,427 DEBUG block.SCMBlockDeletingService (SCMBlockDeletingService.java:call(155)) - Scanned deleted blocks log and got 0 delTX to process.
2019-08-10 04:37:40,431 INFO  grpc.GrpcFactory (GrpcFactory.java:checkPooledByteBufAllocatorUseCacheForAllThreads(45)) - PERFORMANCE WARNING: useCacheForAllThreads is true that may cause Netty to create a lot garbage objects and, as a result, trigger GC.
	It is recommended to disable useCacheForAllThreads by setting -Dorg.apache.ratis.thirdparty.io.netty.allocator.useCacheForAllThreads=false in command line.
2019-08-10 04:37:40,435 INFO  grpc.GrpcConfigKeys$Server (ConfUtils.java:logGet(43)) - raft.grpc.server.port = 0 (default)
2019-08-10 04:37:40,436 INFO  server.GrpcService (ConfUtils.java:logGet(43)) - raft.grpc.message.size.max = 33570816 (custom)
2019-08-10 04:37:40,437 INFO  server.RaftServerConfigKeys (ConfUtils.java:logGet(43)) - raft.server.log.appender.buffer.byte-limit = 33554432 (custom)
2019-08-10 04:37:40,438 INFO  server.GrpcService (ConfUtils.java:logGet(43)) - raft.grpc.flow.control.window = 1MB (=1048576) (default)
2019-08-10 04:37:40,439 INFO  server.RaftServerConfigKeys (ConfUtils.java:logGet(43)) - raft.server.rpc.request.timeout = 3000ms (default)
2019-08-10 04:37:40,528 DEBUG block.SCMBlockDeletingService (SCMBlockDeletingService.java:call(138)) - Running DeletedBlockTransactionScanner
2019-08-10 04:37:40,528 DEBUG block.SCMBlockDeletingService (SCMBlockDeletingService.java:call(155)) - Scanned deleted blocks log and got 0 delTX to process.
2019-08-10 04:37:40,604 INFO  server.RaftServerConfigKeys (ConfUtils.java:logGet(43)) - raft.server.storage.dir = [/workdir/hadoop-ozone/integration-test/target/test-dir/MiniOzoneClusterImpl-71466a3e-5472-4a77-a4de-c7daf4941d14/datanode-0/data/ratis] (custom)
2019-08-10 04:37:40,629 DEBUG block.SCMBlockDeletingService (SCMBlockDeletingService.java:call(138)) - Running DeletedBlockTransactionScanner
2019-08-10 04:37:40,630 DEBUG block.SCMBlockDeletingService (SCMBlockDeletingService.java:call(155)) - Scanned deleted blocks log and got 0 delTX to process.
2019-08-10 04:37:40,653 INFO  replication.SimpleContainerDownloader (SimpleContainerDownloader.java:<init>(72)) - Starting container downloader service to copy containers to replicate.
2019-08-10 04:37:40,667 INFO  hdfs.DFSUtil (DFSUtil.java:httpServerTemplateForNNAndJN(1641)) - Starting Web-server for hddsDatanode at: http://0.0.0.0:0
2019-08-10 04:37:40,669 INFO  server.AuthenticationFilter (AuthenticationFilter.java:constructSecretProvider(240)) - Unable to initialize FileSignerSecretProvider, falling back to use random secrets.
2019-08-10 04:37:40,670 WARN  http.HttpRequestLog (HttpRequestLog.java:getRequestLog(97)) - Jetty request log can only be enabled using Log4j
2019-08-10 04:37:40,672 INFO  http.HttpServer2 (HttpServer2.java:addGlobalFilter(975)) - Added global filter 'safety' (class=org.apache.hadoop.http.HttpServer2$QuotingInputFilter)
2019-08-10 04:37:40,673 INFO  http.HttpServer2 (HttpServer2.java:addFilter(948)) - Added filter static_user_filter (class=org.apache.hadoop.http.lib.StaticUserWebFilter$StaticUserFilter) to context hddsDatanode
2019-08-10 04:37:40,673 INFO  http.HttpServer2 (HttpServer2.java:addFilter(958)) - Added filter static_user_filter (class=org.apache.hadoop.http.lib.StaticUserWebFilter$StaticUserFilter) to context static
2019-08-10 04:37:40,673 INFO  http.HttpServer2 (HttpServer2.java:addFilter(958)) - Added filter static_user_filter (class=org.apache.hadoop.http.lib.StaticUserWebFilter$StaticUserFilter) to context logs
2019-08-10 04:37:40,675 INFO  http.HttpServer2 (HttpServer2.java:bindListener(1191)) - Jetty bound to port 38694
2019-08-10 04:37:40,675 INFO  server.Server (Server.java:doStart(351)) - jetty-9.3.24.v20180605, build timestamp: 2018-06-05T17:11:56Z, git hash: 84205aa28f11a4f31f2a3b86d1bba2cc8ab69827
2019-08-10 04:37:40,677 INFO  handler.ContextHandler (ContextHandler.java:doStart(781)) - Started o.e.j.s.ServletContextHandler@5c080ef3{/logs,file:///workdir/hadoop-ozone/integration-test/target/log,AVAILABLE}
2019-08-10 04:37:40,678 INFO  handler.ContextHandler (ContextHandler.java:doStart(781)) - Started o.e.j.s.ServletContextHandler@4ee6291f{/static,jar:file:/home/user/.m2/repository/org/apache/hadoop/hadoop-hdds-container-service/0.4.1-SNAPSHOT/hadoop-hdds-container-service-0.4.1-SNAPSHOT.jar!/webapps/static,AVAILABLE}
2019-08-10 04:37:40,711 INFO  handler.ContextHandler (ContextHandler.java:doStart(781)) - Started o.e.j.w.WebAppContext@302edb74{/,file:///tmp/jetty-0.0.0.0-38694-hddsDatanode-_-any-8912343052334909895.dir/webapp/,AVAILABLE}{/hddsDatanode}
2019-08-10 04:37:40,711 INFO  server.AbstractConnector (AbstractConnector.java:doStart(278)) - Started ServerConnector@7efd28bd{HTTP/1.1,[http/1.1]}{0.0.0.0:38694}
2019-08-10 04:37:40,712 INFO  server.Server (Server.java:doStart(419)) - Started @5301ms
2019-08-10 04:37:40,716 INFO  server.BaseHttpServer (BaseHttpServer.java:updateConnectorAddress(207)) - HTTP server of HDDSDATANODE is listening at http://0.0.0.0:38694
2019-08-10 04:37:40,730 DEBUG block.SCMBlockDeletingService (SCMBlockDeletingService.java:call(138)) - Running DeletedBlockTransactionScanner
2019-08-10 04:37:40,731 DEBUG block.SCMBlockDeletingService (SCMBlockDeletingService.java:call(155)) - Scanned deleted blocks log and got 0 delTX to process.
2019-08-10 04:37:40,831 DEBUG block.SCMBlockDeletingService (SCMBlockDeletingService.java:call(138)) - Running DeletedBlockTransactionScanner
2019-08-10 04:37:40,832 DEBUG block.SCMBlockDeletingService (SCMBlockDeletingService.java:call(155)) - Scanned deleted blocks log and got 0 delTX to process.
2019-08-10 04:37:40,932 DEBUG block.SCMBlockDeletingService (SCMBlockDeletingService.java:call(138)) - Running DeletedBlockTransactionScanner
2019-08-10 04:37:40,933 DEBUG block.SCMBlockDeletingService (SCMBlockDeletingService.java:call(155)) - Scanned deleted blocks log and got 0 delTX to process.
2019-08-10 04:37:41,033 DEBUG block.SCMBlockDeletingService (SCMBlockDeletingService.java:call(138)) - Running DeletedBlockTransactionScanner
2019-08-10 04:37:41,034 DEBUG block.SCMBlockDeletingService (SCMBlockDeletingService.java:call(155)) - Scanned deleted blocks log and got 0 delTX to process.
2019-08-10 04:37:41,135 DEBUG block.SCMBlockDeletingService (SCMBlockDeletingService.java:call(138)) - Running DeletedBlockTransactionScanner
2019-08-10 04:37:41,135 DEBUG block.SCMBlockDeletingService (SCMBlockDeletingService.java:call(155)) - Scanned deleted blocks log and got 0 delTX to process.
2019-08-10 04:37:41,236 DEBUG block.SCMBlockDeletingService (SCMBlockDeletingService.java:call(138)) - Running DeletedBlockTransactionScanner
2019-08-10 04:37:41,236 DEBUG block.SCMBlockDeletingService (SCMBlockDeletingService.java:call(155)) - Scanned deleted blocks log and got 0 delTX to process.
2019-08-10 04:37:41,336 DEBUG block.SCMBlockDeletingService (SCMBlockDeletingService.java:call(138)) - Running DeletedBlockTransactionScanner
2019-08-10 04:37:41,337 DEBUG block.SCMBlockDeletingService (SCMBlockDeletingService.java:call(155)) - Scanned deleted blocks log and got 0 delTX to process.
2019-08-10 04:37:41,438 DEBUG block.SCMBlockDeletingService (SCMBlockDeletingService.java:call(138)) - Running DeletedBlockTransactionScanner
2019-08-10 04:37:41,439 DEBUG block.SCMBlockDeletingService (SCMBlockDeletingService.java:call(155)) - Scanned deleted blocks log and got 0 delTX to process.
2019-08-10 04:37:41,539 DEBUG block.SCMBlockDeletingService (SCMBlockDeletingService.java:call(138)) - Running DeletedBlockTransactionScanner
2019-08-10 04:37:41,539 DEBUG block.SCMBlockDeletingService (SCMBlockDeletingService.java:call(155)) - Scanned deleted blocks log and got 0 delTX to process.
2019-08-10 04:37:41,640 DEBUG block.SCMBlockDeletingService (SCMBlockDeletingService.java:call(138)) - Running DeletedBlockTransactionScanner
2019-08-10 04:37:41,641 DEBUG block.SCMBlockDeletingService (SCMBlockDeletingService.java:call(155)) - Scanned deleted blocks log and got 0 delTX to process.
2019-08-10 04:37:41,742 DEBUG block.SCMBlockDeletingService (SCMBlockDeletingService.java:call(138)) - Running DeletedBlockTransactionScanner
2019-08-10 04:37:41,742 DEBUG block.SCMBlockDeletingService (SCMBlockDeletingService.java:call(155)) - Scanned deleted blocks log and got 0 delTX to process.
2019-08-10 04:37:41,843 DEBUG block.SCMBlockDeletingService (SCMBlockDeletingService.java:call(138)) - Running DeletedBlockTransactionScanner
2019-08-10 04:37:41,845 DEBUG block.SCMBlockDeletingService (SCMBlockDeletingService.java:call(155)) - Scanned deleted blocks log and got 0 delTX to process.
2019-08-10 04:37:41,852 INFO  ozone.HddsDatanodeService (HddsDatanodeService.java:startPlugins(395)) - Started plug-in org.apache.hadoop.ozone.web.OzoneHddsDatanodeService@3f8dfe74
2019-08-10 04:37:41,855 INFO  ozone.MiniOzoneClusterImpl (MiniOzoneClusterImpl.java:lambda$waitForClusterToBeReady$0(142)) - Waiting for cluster to be ready. Got 0 of 1 DN Heartbeats.
2019-08-10 04:37:41,862 INFO  util.JvmPauseMonitor (JvmPauseMonitor.java:run(188)) - Starting JVM pause monitor
2019-08-10 04:37:41,945 DEBUG block.SCMBlockDeletingService (SCMBlockDeletingService.java:call(138)) - Running DeletedBlockTransactionScanner
2019-08-10 04:37:41,946 DEBUG block.SCMBlockDeletingService (SCMBlockDeletingService.java:call(155)) - Scanned deleted blocks log and got 0 delTX to process.
2019-08-10 04:37:41,990 INFO  datanode.InitDatanodeState (InitDatanodeState.java:persistContainerDatanodeDetails(140)) - DatanodeDetails is persisted to /workdir/hadoop-ozone/integration-test/target/test-dir/MiniOzoneClusterImpl-71466a3e-5472-4a77-a4de-c7daf4941d14/datanode-0/meta/datanode.id
2019-08-10 04:37:42,046 DEBUG block.SCMBlockDeletingService (SCMBlockDeletingService.java:call(138)) - Running DeletedBlockTransactionScanner
2019-08-10 04:37:42,047 DEBUG block.SCMBlockDeletingService (SCMBlockDeletingService.java:call(155)) - Scanned deleted blocks log and got 0 delTX to process.
2019-08-10 04:37:42,148 DEBUG block.SCMBlockDeletingService (SCMBlockDeletingService.java:call(138)) - Running DeletedBlockTransactionScanner
2019-08-10 04:37:42,148 DEBUG block.SCMBlockDeletingService (SCMBlockDeletingService.java:call(155)) - Scanned deleted blocks log and got 0 delTX to process.
2019-08-10 04:37:42,248 DEBUG block.SCMBlockDeletingService (SCMBlockDeletingService.java:call(138)) - Running DeletedBlockTransactionScanner
2019-08-10 04:37:42,249 DEBUG block.SCMBlockDeletingService (SCMBlockDeletingService.java:call(155)) - Scanned deleted blocks log and got 0 delTX to process.
2019-08-10 04:37:42,349 DEBUG block.SCMBlockDeletingService (SCMBlockDeletingService.java:call(138)) - Running DeletedBlockTransactionScanner
2019-08-10 04:37:42,350 DEBUG block.SCMBlockDeletingService (SCMBlockDeletingService.java:call(155)) - Scanned deleted blocks log and got 0 delTX to process.
2019-08-10 04:37:42,451 DEBUG block.SCMBlockDeletingService (SCMBlockDeletingService.java:call(138)) - Running DeletedBlockTransactionScanner
2019-08-10 04:37:42,451 DEBUG block.SCMBlockDeletingService (SCMBlockDeletingService.java:call(155)) - Scanned deleted blocks log and got 0 delTX to process.
2019-08-10 04:37:42,552 DEBUG block.SCMBlockDeletingService (SCMBlockDeletingService.java:call(138)) - Running DeletedBlockTransactionScanner
2019-08-10 04:37:42,552 DEBUG block.SCMBlockDeletingService (SCMBlockDeletingService.java:call(155)) - Scanned deleted blocks log and got 0 delTX to process.
2019-08-10 04:37:42,653 DEBUG block.SCMBlockDeletingService (SCMBlockDeletingService.java:call(138)) - Running DeletedBlockTransactionScanner
2019-08-10 04:37:42,653 DEBUG block.SCMBlockDeletingService (SCMBlockDeletingService.java:call(155)) - Scanned deleted blocks log and got 0 delTX to process.
2019-08-10 04:37:42,754 DEBUG block.SCMBlockDeletingService (SCMBlockDeletingService.java:call(138)) - Running DeletedBlockTransactionScanner
2019-08-10 04:37:42,754 DEBUG block.SCMBlockDeletingService (SCMBlockDeletingService.java:call(155)) - Scanned deleted blocks log and got 0 delTX to process.
2019-08-10 04:37:42,855 DEBUG block.SCMBlockDeletingService (SCMBlockDeletingService.java:call(138)) - Running DeletedBlockTransactionScanner
2019-08-10 04:37:42,855 DEBUG block.SCMBlockDeletingService (SCMBlockDeletingService.java:call(155)) - Scanned deleted blocks log and got 0 delTX to process.
2019-08-10 04:37:42,856 INFO  ozone.MiniOzoneClusterImpl (MiniOzoneClusterImpl.java:lambda$waitForClusterToBeReady$0(142)) - Waiting for cluster to be ready. Got 0 of 1 DN Heartbeats.
2019-08-10 04:37:42,956 DEBUG block.SCMBlockDeletingService (SCMBlockDeletingService.java:call(138)) - Running DeletedBlockTransactionScanner
2019-08-10 04:37:42,956 DEBUG block.SCMBlockDeletingService (SCMBlockDeletingService.java:call(155)) - Scanned deleted blocks log and got 0 delTX to process.
2019-08-10 04:37:43,057 DEBUG block.SCMBlockDeletingService (SCMBlockDeletingService.java:call(138)) - Running DeletedBlockTransactionScanner
2019-08-10 04:37:43,057 DEBUG block.SCMBlockDeletingService (SCMBlockDeletingService.java:call(155)) - Scanned deleted blocks log and got 0 delTX to process.
2019-08-10 04:37:43,157 DEBUG block.SCMBlockDeletingService (SCMBlockDeletingService.java:call(138)) - Running DeletedBlockTransactionScanner
2019-08-10 04:37:43,158 DEBUG block.SCMBlockDeletingService (SCMBlockDeletingService.java:call(155)) - Scanned deleted blocks log and got 0 delTX to process.
2019-08-10 04:37:43,258 DEBUG block.SCMBlockDeletingService (SCMBlockDeletingService.java:call(138)) - Running DeletedBlockTransactionScanner
2019-08-10 04:37:43,259 DEBUG block.SCMBlockDeletingService (SCMBlockDeletingService.java:call(155)) - Scanned deleted blocks log and got 0 delTX to process.
2019-08-10 04:37:43,360 DEBUG block.SCMBlockDeletingService (SCMBlockDeletingService.java:call(138)) - Running DeletedBlockTransactionScanner
2019-08-10 04:37:43,360 DEBUG block.SCMBlockDeletingService (SCMBlockDeletingService.java:call(155)) - Scanned deleted blocks log and got 0 delTX to process.
2019-08-10 04:37:43,461 DEBUG block.SCMBlockDeletingService (SCMBlockDeletingService.java:call(138)) - Running DeletedBlockTransactionScanner
2019-08-10 04:37:43,461 DEBUG block.SCMBlockDeletingService (SCMBlockDeletingService.java:call(155)) - Scanned deleted blocks log and got 0 delTX to process.
2019-08-10 04:37:43,561 DEBUG block.SCMBlockDeletingService (SCMBlockDeletingService.java:call(138)) - Running DeletedBlockTransactionScanner
2019-08-10 04:37:43,562 DEBUG block.SCMBlockDeletingService (SCMBlockDeletingService.java:call(155)) - Scanned deleted blocks log and got 0 delTX to process.
2019-08-10 04:37:43,662 DEBUG block.SCMBlockDeletingService (SCMBlockDeletingService.java:call(138)) - Running DeletedBlockTransactionScanner
2019-08-10 04:37:43,663 DEBUG block.SCMBlockDeletingService (SCMBlockDeletingService.java:call(155)) - Scanned deleted blocks log and got 0 delTX to process.
2019-08-10 04:37:43,764 DEBUG block.SCMBlockDeletingService (SCMBlockDeletingService.java:call(138)) - Running DeletedBlockTransactionScanner
2019-08-10 04:37:43,764 DEBUG block.SCMBlockDeletingService (SCMBlockDeletingService.java:call(155)) - Scanned deleted blocks log and got 0 delTX to process.
2019-08-10 04:37:43,856 INFO  ozone.MiniOzoneClusterImpl (MiniOzoneClusterImpl.java:lambda$waitForClusterToBeReady$0(142)) - Waiting for cluster to be ready. Got 0 of 1 DN Heartbeats.
2019-08-10 04:37:43,865 DEBUG block.SCMBlockDeletingService (SCMBlockDeletingService.java:call(138)) - Running DeletedBlockTransactionScanner
2019-08-10 04:37:43,865 DEBUG block.SCMBlockDeletingService (SCMBlockDeletingService.java:call(155)) - Scanned deleted blocks log and got 0 delTX to process.
2019-08-10 04:37:43,932 INFO  ozoneimpl.OzoneContainer (OzoneContainer.java:start(186)) - Attempting to start container services.
2019-08-10 04:37:43,933 INFO  ozoneimpl.OzoneContainer (OzoneContainer.java:startContainerScrub(160)) - Background container scrubber has been disabled by hdds.containerscrub.enabled
2019-08-10 04:37:43,933 INFO  ratis.XceiverServerRatis (XceiverServerRatis.java:start(404)) - Starting XceiverServerRatis 6c928baf-cc3b-4a10-9362-ff4e15dca71d at port 0
2019-08-10 04:37:43,960 INFO  impl.RaftServerProxy (RaftServerProxy.java:lambda$start$3(299)) - 6c928baf-cc3b-4a10-9362-ff4e15dca71d: start RPC server
2019-08-10 04:37:43,966 DEBUG block.SCMBlockDeletingService (SCMBlockDeletingService.java:call(138)) - Running DeletedBlockTransactionScanner
2019-08-10 04:37:43,967 DEBUG block.SCMBlockDeletingService (SCMBlockDeletingService.java:call(155)) - Scanned deleted blocks log and got 0 delTX to process.
2019-08-10 04:37:44,067 DEBUG block.SCMBlockDeletingService (SCMBlockDeletingService.java:call(138)) - Running DeletedBlockTransactionScanner
2019-08-10 04:37:44,068 DEBUG block.SCMBlockDeletingService (SCMBlockDeletingService.java:call(155)) - Scanned deleted blocks log and got 0 delTX to process.
2019-08-10 04:37:44,101 INFO  server.GrpcService (GrpcService.java:startImpl(149)) - 6c928baf-cc3b-4a10-9362-ff4e15dca71d: GrpcService started, listening on 0.0.0.0/0.0.0.0:43126
2019-08-10 04:37:44,102 INFO  ratis.XceiverServerRatis (XceiverServerRatis.java:start(414)) - XceiverServerRatis 6c928baf-cc3b-4a10-9362-ff4e15dca71d is started using port 43126
2019-08-10 04:37:44,103 INFO  server.XceiverServerGrpc (XceiverServerGrpc.java:start(161)) - XceiverServerGrpc 6c928baf-cc3b-4a10-9362-ff4e15dca71d is started using port 39808
2019-08-10 04:37:44,168 DEBUG block.SCMBlockDeletingService (SCMBlockDeletingService.java:call(138)) - Running DeletedBlockTransactionScanner
2019-08-10 04:37:44,168 DEBUG block.SCMBlockDeletingService (SCMBlockDeletingService.java:call(155)) - Scanned deleted blocks log and got 0 delTX to process.
2019-08-10 04:37:44,269 DEBUG block.SCMBlockDeletingService (SCMBlockDeletingService.java:call(138)) - Running DeletedBlockTransactionScanner
2019-08-10 04:37:44,270 DEBUG block.SCMBlockDeletingService (SCMBlockDeletingService.java:call(155)) - Scanned deleted blocks log and got 0 delTX to process.
2019-08-10 04:37:44,370 DEBUG block.SCMBlockDeletingService (SCMBlockDeletingService.java:call(138)) - Running DeletedBlockTransactionScanner
2019-08-10 04:37:44,371 DEBUG block.SCMBlockDeletingService (SCMBlockDeletingService.java:call(155)) - Scanned deleted blocks log and got 0 delTX to process.
2019-08-10 04:37:44,471 DEBUG block.SCMBlockDeletingService (SCMBlockDeletingService.java:call(138)) - Running DeletedBlockTransactionScanner
2019-08-10 04:37:44,472 DEBUG block.SCMBlockDeletingService (SCMBlockDeletingService.java:call(155)) - Scanned deleted blocks log and got 0 delTX to process.
2019-08-10 04:37:44,572 DEBUG block.SCMBlockDeletingService (SCMBlockDeletingService.java:call(138)) - Running DeletedBlockTransactionScanner
2019-08-10 04:37:44,572 DEBUG block.SCMBlockDeletingService (SCMBlockDeletingService.java:call(155)) - Scanned deleted blocks log and got 0 delTX to process.
2019-08-10 04:37:44,673 DEBUG block.SCMBlockDeletingService (SCMBlockDeletingService.java:call(138)) - Running DeletedBlockTransactionScanner
2019-08-10 04:37:44,673 DEBUG block.SCMBlockDeletingService (SCMBlockDeletingService.java:call(155)) - Scanned deleted blocks log and got 0 delTX to process.
2019-08-10 04:37:44,774 DEBUG block.SCMBlockDeletingService (SCMBlockDeletingService.java:call(138)) - Running DeletedBlockTransactionScanner
2019-08-10 04:37:44,774 DEBUG block.SCMBlockDeletingService (SCMBlockDeletingService.java:call(155)) - Scanned deleted blocks log and got 0 delTX to process.
2019-08-10 04:37:44,857 INFO  ozone.MiniOzoneClusterImpl (MiniOzoneClusterImpl.java:lambda$waitForClusterToBeReady$0(142)) - Waiting for cluster to be ready. Got 0 of 1 DN Heartbeats.
2019-08-10 04:37:44,875 DEBUG block.SCMBlockDeletingService (SCMBlockDeletingService.java:call(138)) - Running DeletedBlockTransactionScanner
2019-08-10 04:37:44,875 DEBUG block.SCMBlockDeletingService (SCMBlockDeletingService.java:call(155)) - Scanned deleted blocks log and got 0 delTX to process.
2019-08-10 04:37:44,976 DEBUG block.SCMBlockDeletingService (SCMBlockDeletingService.java:call(138)) - Running DeletedBlockTransactionScanner
2019-08-10 04:37:44,976 DEBUG block.SCMBlockDeletingService (SCMBlockDeletingService.java:call(155)) - Scanned deleted blocks log and got 0 delTX to process.
2019-08-10 04:37:45,076 DEBUG block.SCMBlockDeletingService (SCMBlockDeletingService.java:call(138)) - Running DeletedBlockTransactionScanner
2019-08-10 04:37:45,077 DEBUG block.SCMBlockDeletingService (SCMBlockDeletingService.java:call(155)) - Scanned deleted blocks log and got 0 delTX to process.
2019-08-10 04:37:45,177 DEBUG block.SCMBlockDeletingService (SCMBlockDeletingService.java:call(138)) - Running DeletedBlockTransactionScanner
2019-08-10 04:37:45,178 DEBUG block.SCMBlockDeletingService (SCMBlockDeletingService.java:call(155)) - Scanned deleted blocks log and got 0 delTX to process.
2019-08-10 04:37:45,278 DEBUG block.SCMBlockDeletingService (SCMBlockDeletingService.java:call(138)) - Running DeletedBlockTransactionScanner
2019-08-10 04:37:45,279 DEBUG block.SCMBlockDeletingService (SCMBlockDeletingService.java:call(155)) - Scanned deleted blocks log and got 0 delTX to process.
2019-08-10 04:37:45,379 DEBUG block.SCMBlockDeletingService (SCMBlockDeletingService.java:call(138)) - Running DeletedBlockTransactionScanner
2019-08-10 04:37:45,379 DEBUG block.SCMBlockDeletingService (SCMBlockDeletingService.java:call(155)) - Scanned deleted blocks log and got 0 delTX to process.
2019-08-10 04:37:45,480 DEBUG block.SCMBlockDeletingService (SCMBlockDeletingService.java:call(138)) - Running DeletedBlockTransactionScanner
2019-08-10 04:37:45,480 DEBUG block.SCMBlockDeletingService (SCMBlockDeletingService.java:call(155)) - Scanned deleted blocks log and got 0 delTX to process.
2019-08-10 04:37:45,581 DEBUG block.SCMBlockDeletingService (SCMBlockDeletingService.java:call(138)) - Running DeletedBlockTransactionScanner
2019-08-10 04:37:45,581 DEBUG block.SCMBlockDeletingService (SCMBlockDeletingService.java:call(155)) - Scanned deleted blocks log and got 0 delTX to process.
2019-08-10 04:37:45,682 DEBUG block.SCMBlockDeletingService (SCMBlockDeletingService.java:call(138)) - Running DeletedBlockTransactionScanner
2019-08-10 04:37:45,682 DEBUG block.SCMBlockDeletingService (SCMBlockDeletingService.java:call(155)) - Scanned deleted blocks log and got 0 delTX to process.
2019-08-10 04:37:45,783 DEBUG block.SCMBlockDeletingService (SCMBlockDeletingService.java:call(138)) - Running DeletedBlockTransactionScanner
2019-08-10 04:37:45,783 DEBUG block.SCMBlockDeletingService (SCMBlockDeletingService.java:call(155)) - Scanned deleted blocks log and got 0 delTX to process.
2019-08-10 04:37:45,857 INFO  ozone.MiniOzoneClusterImpl (MiniOzoneClusterImpl.java:lambda$waitForClusterToBeReady$0(142)) - Waiting for cluster to be ready. Got 0 of 1 DN Heartbeats.
2019-08-10 04:37:45,883 DEBUG block.SCMBlockDeletingService (SCMBlockDeletingService.java:call(138)) - Running DeletedBlockTransactionScanner
2019-08-10 04:37:45,884 DEBUG block.SCMBlockDeletingService (SCMBlockDeletingService.java:call(155)) - Scanned deleted blocks log and got 0 delTX to process.
2019-08-10 04:37:45,903 INFO  net.NetworkTopology (NetworkTopologyImpl.java:add(110)) - Added a new node: /default-rack/6c928baf-cc3b-4a10-9362-ff4e15dca71d
2019-08-10 04:37:45,904 INFO  node.SCMNodeManager (SCMNodeManager.java:register(273)) - Registered Data node : 6c928baf-cc3b-4a10-9362-ff4e15dca71d{ip: 192.168.157.255, host: byscane-nightly-wggqd-62853239, networkLocation: /default-rack, certSerialId: null}
2019-08-10 04:37:45,909 INFO  safemode.SCMSafeModeManager (DataNodeSafeModeRule.java:process(71)) - SCM in safe mode. 1 DataNodes registered, 1 required.
2019-08-10 04:37:45,910 INFO  safemode.SCMSafeModeManager (SCMSafeModeManager.java:validateSafeModeExitRules(177)) - ScmSafeModeManager, all rules are successfully validated
2019-08-10 04:37:45,910 INFO  safemode.SCMSafeModeManager (SCMSafeModeManager.java:exitSafeMode(193)) - SCM exiting safe mode.
2019-08-10 04:37:45,984 DEBUG block.SCMBlockDeletingService (SCMBlockDeletingService.java:call(138)) - Running DeletedBlockTransactionScanner
2019-08-10 04:37:45,985 DEBUG block.SCMBlockDeletingService (SCMBlockDeletingService.java:call(155)) - Scanned deleted blocks log and got 0 delTX to process.
2019-08-10 04:37:46,085 DEBUG block.SCMBlockDeletingService (SCMBlockDeletingService.java:call(138)) - Running DeletedBlockTransactionScanner
2019-08-10 04:37:46,086 DEBUG block.SCMBlockDeletingService (SCMBlockDeletingService.java:call(155)) - Scanned deleted blocks log and got 0 delTX to process.
2019-08-10 04:37:46,186 DEBUG block.SCMBlockDeletingService (SCMBlockDeletingService.java:call(138)) - Running DeletedBlockTransactionScanner
2019-08-10 04:37:46,187 DEBUG block.SCMBlockDeletingService (SCMBlockDeletingService.java:call(155)) - Scanned deleted blocks log and got 0 delTX to process.
2019-08-10 04:37:46,287 DEBUG block.SCMBlockDeletingService (SCMBlockDeletingService.java:call(138)) - Running DeletedBlockTransactionScanner
2019-08-10 04:37:46,287 DEBUG block.SCMBlockDeletingService (SCMBlockDeletingService.java:call(155)) - Scanned deleted blocks log and got 0 delTX to process.
2019-08-10 04:37:46,388 DEBUG block.SCMBlockDeletingService (SCMBlockDeletingService.java:call(138)) - Running DeletedBlockTransactionScanner
2019-08-10 04:37:46,389 DEBUG block.SCMBlockDeletingService (SCMBlockDeletingService.java:call(155)) - Scanned deleted blocks log and got 0 delTX to process.
2019-08-10 04:37:46,455 INFO  impl.RaftServerProxy (RaftServerProxy.java:addNew(89)) - 6c928baf-cc3b-4a10-9362-ff4e15dca71d: addNew group-586430B97ADD:[6c928baf-cc3b-4a10-9362-ff4e15dca71d:192.168.157.255:43126] returns group-586430B97ADD:java.util.concurrent.CompletableFuture@310ca942[Not completed]
2019-08-10 04:37:46,476 INFO  impl.RaftServerImpl (RaftServerImpl.java:<init>(93)) - 6c928baf-cc3b-4a10-9362-ff4e15dca71d: new RaftServerImpl for group-586430B97ADD:[6c928baf-cc3b-4a10-9362-ff4e15dca71d:192.168.157.255:43126] with ContainerStateMachine:uninitialized
2019-08-10 04:37:46,479 INFO  server.RaftServerConfigKeys (ConfUtils.java:logGet(43)) - raft.server.rpc.timeout.min = 5s (custom)
2019-08-10 04:37:46,480 INFO  server.RaftServerConfigKeys (ConfUtils.java:logGet(43)) - raft.server.rpc.timeout.max = 5200ms (custom)
2019-08-10 04:37:46,480 INFO  server.RaftServerConfigKeys (ConfUtils.java:logGet(43)) - raft.server.rpcslowness.timeout = 120s (custom)
2019-08-10 04:37:46,481 INFO  server.RaftServerConfigKeys (ConfUtils.java:logGet(43)) - raft.server.sleep.deviation.threshold = 300 (default)
2019-08-10 04:37:46,483 INFO  server.RaftServerConfigKeys (ConfUtils.java:logGet(43)) - raft.server.log.appender.install.snapshot.enabled = false (custom)
2019-08-10 04:37:46,489 DEBUG block.SCMBlockDeletingService (SCMBlockDeletingService.java:call(138)) - Running DeletedBlockTransactionScanner
2019-08-10 04:37:46,489 DEBUG block.SCMBlockDeletingService (SCMBlockDeletingService.java:call(155)) - Scanned deleted blocks log and got 0 delTX to process.
2019-08-10 04:37:46,492 INFO  impl.RaftServerImpl (ServerState.java:<init>(105)) - 6c928baf-cc3b-4a10-9362-ff4e15dca71d:group-586430B97ADD ConfigurationManager, init=-1: [6c928baf-cc3b-4a10-9362-ff4e15dca71d:192.168.157.255:43126], old=null, confs=<EMPTY_MAP>
2019-08-10 04:37:46,493 INFO  server.RaftServerConfigKeys (ConfUtils.java:logGet(43)) - raft.server.storage.dir = [/workdir/hadoop-ozone/integration-test/target/test-dir/MiniOzoneClusterImpl-71466a3e-5472-4a77-a4de-c7daf4941d14/datanode-0/data/ratis] (custom)
2019-08-10 04:37:46,503 INFO  storage.RaftStorageDirectory (RaftStorageDirectory.java:analyzeStorage(246)) - The storage directory /workdir/hadoop-ozone/integration-test/target/test-dir/MiniOzoneClusterImpl-71466a3e-5472-4a77-a4de-c7daf4941d14/datanode-0/data/ratis/5118c932-2885-4a42-8030-586430b97add does not exist. Creating ...
2019-08-10 04:37:46,533 INFO  storage.RaftStorageDirectory (RaftStorageDirectory.java:tryLock(328)) - Lock on /workdir/hadoop-ozone/integration-test/target/test-dir/MiniOzoneClusterImpl-71466a3e-5472-4a77-a4de-c7daf4941d14/datanode-0/data/ratis/5118c932-2885-4a42-8030-586430b97add/in_use.lock acquired by nodename 15095@byscane-nightly-wggqd-62853239
2019-08-10 04:37:46,549 INFO  storage.RaftStorage (RaftStorage.java:format(72)) - Storage directory /workdir/hadoop-ozone/integration-test/target/test-dir/MiniOzoneClusterImpl-71466a3e-5472-4a77-a4de-c7daf4941d14/datanode-0/data/ratis/5118c932-2885-4a42-8030-586430b97add has been successfully formatted.
2019-08-10 04:37:46,552 INFO  ratis.ContainerStateMachine (ContainerStateMachine.java:loadSnapshot(213)) - group-586430B97ADD: The snapshot info is null. Setting the last applied indexto:(t:0, i:~)
2019-08-10 04:37:46,552 INFO  server.RaftServerConfigKeys (ConfUtils.java:logGet(43)) - raft.server.leader.election.timeout = 120s (custom)
2019-08-10 04:37:46,555 INFO  server.RaftServerConfigKeys (ConfUtils.java:logGet(43)) - raft.server.log.use.memory = false (default)
2019-08-10 04:37:46,563 INFO  server.RaftServerConfigKeys (ConfUtils.java:logGet(43)) - raft.server.log.purge.gap = 1000000000 (custom)
2019-08-10 04:37:46,563 INFO  server.RaftServerConfigKeys (ConfUtils.java:logGet(43)) - raft.server.log.appender.buffer.byte-limit = 33554432 (custom)
2019-08-10 04:37:46,907 INFO  ozone.MiniOzoneClusterImpl (MiniOzoneClusterImpl.java:lambda$waitForClusterToBeReady$0(142)) - Cluster is ready. Got 1 of 1 DN Heartbeats.
2019-08-10 04:37:46,908 DEBUG block.SCMBlockDeletingService (SCMBlockDeletingService.java:call(138)) - Running DeletedBlockTransactionScanner
2019-08-10 04:37:46,909 DEBUG block.SCMBlockDeletingService (SCMBlockDeletingService.java:call(155)) - Scanned deleted blocks log and got 0 delTX to process.
2019-08-10 04:37:46,910 INFO  server.RaftServerConfigKeys (ConfUtils.java:logGet(43)) - raft.server.log.segment.size.max = 1048576 (custom)
2019-08-10 04:37:46,918 INFO  server.RaftServerConfigKeys (ConfUtils.java:logGet(43)) - raft.server.log.segment.cache.num.max = 2 (custom)
2019-08-10 04:37:46,933 INFO  segmented.SegmentedRaftLogWorker (SegmentedRaftLogWorker.java:<init>(172)) - new 6c928baf-cc3b-4a10-9362-ff4e15dca71d-SegmentedRaftLogWorker:Storage Directory /workdir/hadoop-ozone/integration-test/target/test-dir/MiniOzoneClusterImpl-71466a3e-5472-4a77-a4de-c7daf4941d14/datanode-0/data/ratis/5118c932-2885-4a42-8030-586430b97add for RaftStorage:Storage Directory /workdir/hadoop-ozone/integration-test/target/test-dir/MiniOzoneClusterImpl-71466a3e-5472-4a77-a4de-c7daf4941d14/datanode-0/data/ratis/5118c932-2885-4a42-8030-586430b97add
2019-08-10 04:37:46,950 INFO  server.RaftServerConfigKeys (ConfUtils.java:logGet(43)) - raft.server.log.queue.byte-limit = 2147483647 (custom)
2019-08-10 04:37:46,950 INFO  server.RaftServerConfigKeys (ConfUtils.java:logGet(43)) - raft.server.log.queue.element-limit = 1024 (custom)
2019-08-10 04:37:46,957 INFO  server.RaftServerConfigKeys (ConfUtils.java:logGet(43)) - raft.server.log.segment.size.max = 1048576 (custom)
2019-08-10 04:37:46,958 INFO  server.RaftServerConfigKeys (ConfUtils.java:logGet(43)) - raft.server.log.preallocated.size = 16384 (custom)
2019-08-10 04:37:46,958 INFO  server.RaftServerConfigKeys (ConfUtils.java:logGet(43)) - raft.server.log.write.buffer.size = 33554432 (custom)
2019-08-10 04:37:46,959 INFO  server.RaftServerConfigKeys (ConfUtils.java:logGet(43)) - raft.server.log.force.sync.num = 128 (default)
2019-08-10 04:37:46,960 INFO  server.RaftServerConfigKeys (ConfUtils.java:logGet(43)) - raft.server.log.statemachine.data.sync = true (default)
2019-08-10 04:37:46,960 INFO  server.RaftServerConfigKeys (ConfUtils.java:logGet(43)) - raft.server.log.statemachine.data.sync.timeout = 10s (default)
2019-08-10 04:37:46,961 INFO  server.RaftServerConfigKeys (ConfUtils.java:logGet(43)) - raft.server.log.statemachine.data.sync.timeout.retry = -1 (default)
2019-08-10 04:37:46,976 INFO  server.RaftServerConfigKeys (ConfUtils.java:logGet(43)) - raft.server.log.statemachine.data.caching.enabled = true (custom)
2019-08-10 04:37:46,982 INFO  segmented.SegmentedRaftLogWorker (SegmentedRaftLogWorker.java:lambda$new$0(132)) - 6c928baf-cc3b-4a10-9362-ff4e15dca71d-SegmentedRaftLogWorker:Storage Directory /workdir/hadoop-ozone/integration-test/target/test-dir/MiniOzoneClusterImpl-71466a3e-5472-4a77-a4de-c7daf4941d14/datanode-0/data/ratis/5118c932-2885-4a42-8030-586430b97add: flushIndex: setUnconditionally 0 -> -1
2019-08-10 04:37:46,987 INFO  server.RaftServerConfigKeys (ConfUtils.java:logGet(43)) - raft.server.snapshot.auto.trigger.enabled = true (custom)
2019-08-10 04:37:46,988 INFO  server.RaftServerConfigKeys (ConfUtils.java:logGet(43)) - raft.server.snapshot.auto.trigger.threshold = 10000 (custom)
2019-08-10 04:37:46,988 INFO  server.RaftServerConfigKeys (ConfUtils.java:logGet(43)) - raft.server.retrycache.expirytime = 600000ms (custom)
2019-08-10 04:37:47,010 DEBUG block.SCMBlockDeletingService (SCMBlockDeletingService.java:call(138)) - Running DeletedBlockTransactionScanner
2019-08-10 04:37:47,012 DEBUG block.SCMBlockDeletingService (SCMBlockDeletingService.java:call(155)) - Scanned deleted blocks log and got 0 delTX to process.
2019-08-10 04:37:47,014 INFO  impl.RaftServerImpl (RaftServerImpl.java:start(180)) - 6c928baf-cc3b-4a10-9362-ff4e15dca71d: start group-586430B97ADD
2019-08-10 04:37:47,015 INFO  impl.RaftServerImpl (RaftServerImpl.java:setRole(171)) - 6c928baf-cc3b-4a10-9362-ff4e15dca71d:group-586430B97ADD changes role from null to FOLLOWER at term 0 for startAsFollower
2019-08-10 04:37:47,016 INFO  impl.RoleInfo (RoleInfo.java:updateAndGet(143)) - 6c928baf-cc3b-4a10-9362-ff4e15dca71d: start FollowerState
2019-08-10 04:37:47,018 INFO  util.JmxRegister (JmxRegister.java:tryRegister(44)) - Successfully registered JMX Bean with object name Ratis:service=RaftServer,group=group-586430B97ADD,id=6c928baf-cc3b-4a10-9362-ff4e15dca71d
2019-08-10 04:37:47,082 INFO  pipeline.PipelineStateManager (PipelineStateManager.java:addPipeline(56)) - Created pipeline Pipeline[ Id: 5118c932-2885-4a42-8030-586430b97add, Nodes: 6c928baf-cc3b-4a10-9362-ff4e15dca71d{ip: 192.168.157.255, host: byscane-nightly-wggqd-62853239, networkLocation: /default-rack, certSerialId: null}, Type:RATIS, Factor:ONE, State:OPEN]
2019-08-10 04:37:47,113 DEBUG block.SCMBlockDeletingService (SCMBlockDeletingService.java:call(138)) - Running DeletedBlockTransactionScanner
2019-08-10 04:37:47,113 DEBUG block.SCMBlockDeletingService (SCMBlockDeletingService.java:call(155)) - Scanned deleted blocks log and got 0 delTX to process.
2019-08-10 04:37:47,214 DEBUG block.SCMBlockDeletingService (SCMBlockDeletingService.java:call(138)) - Running DeletedBlockTransactionScanner
2019-08-10 04:37:47,214 DEBUG block.SCMBlockDeletingService (SCMBlockDeletingService.java:call(155)) - Scanned deleted blocks log and got 0 delTX to process.
2019-08-10 04:37:47,315 DEBUG block.SCMBlockDeletingService (SCMBlockDeletingService.java:call(138)) - Running DeletedBlockTransactionScanner
2019-08-10 04:37:47,315 DEBUG block.SCMBlockDeletingService (SCMBlockDeletingService.java:call(155)) - Scanned deleted blocks log and got 0 delTX to process.
2019-08-10 04:37:47,416 DEBUG block.SCMBlockDeletingService (SCMBlockDeletingService.java:call(138)) - Running DeletedBlockTransactionScanner
2019-08-10 04:37:47,416 DEBUG block.SCMBlockDeletingService (SCMBlockDeletingService.java:call(155)) - Scanned deleted blocks log and got 0 delTX to process.
2019-08-10 04:37:47,517 DEBUG block.SCMBlockDeletingService (SCMBlockDeletingService.java:call(138)) - Running DeletedBlockTransactionScanner
2019-08-10 04:37:47,517 DEBUG block.SCMBlockDeletingService (SCMBlockDeletingService.java:call(155)) - Scanned deleted blocks log and got 0 delTX to process.
2019-08-10 04:37:47,617 DEBUG block.SCMBlockDeletingService (SCMBlockDeletingService.java:call(138)) - Running DeletedBlockTransactionScanner
2019-08-10 04:37:47,618 DEBUG block.SCMBlockDeletingService (SCMBlockDeletingService.java:call(155)) - Scanned deleted blocks log and got 0 delTX to process.
2019-08-10 04:37:47,718 DEBUG block.SCMBlockDeletingService (SCMBlockDeletingService.java:call(138)) - Running DeletedBlockTransactionScanner
2019-08-10 04:37:47,718 DEBUG block.SCMBlockDeletingService (SCMBlockDeletingService.java:call(155)) - Scanned deleted blocks log and got 0 delTX to process.
2019-08-10 04:37:47,819 DEBUG block.SCMBlockDeletingService (SCMBlockDeletingService.java:call(138)) - Running DeletedBlockTransactionScanner
2019-08-10 04:37:47,819 DEBUG block.SCMBlockDeletingService (SCMBlockDeletingService.java:call(155)) - Scanned deleted blocks log and got 0 delTX to process.
2019-08-10 04:37:47,920 DEBUG block.SCMBlockDeletingService (SCMBlockDeletingService.java:call(138)) - Running DeletedBlockTransactionScanner
2019-08-10 04:37:47,920 DEBUG block.SCMBlockDeletingService (SCMBlockDeletingService.java:call(155)) - Scanned deleted blocks log and got 0 delTX to process.
2019-08-10 04:37:48,021 DEBUG block.SCMBlockDeletingService (SCMBlockDeletingService.java:call(138)) - Running DeletedBlockTransactionScanner
2019-08-10 04:37:48,021 DEBUG block.SCMBlockDeletingService (SCMBlockDeletingService.java:call(155)) - Scanned deleted blocks log and got 0 delTX to process.
2019-08-10 04:37:48,122 DEBUG block.SCMBlockDeletingService (SCMBlockDeletingService.java:call(138)) - Running DeletedBlockTransactionScanner
2019-08-10 04:37:48,122 DEBUG block.SCMBlockDeletingService (SCMBlockDeletingService.java:call(155)) - Scanned deleted blocks log and got 0 delTX to process.
2019-08-10 04:37:48,223 DEBUG block.SCMBlockDeletingService (SCMBlockDeletingService.java:call(138)) - Running DeletedBlockTransactionScanner
2019-08-10 04:37:48,223 DEBUG block.SCMBlockDeletingService (SCMBlockDeletingService.java:call(155)) - Scanned deleted blocks log and got 0 delTX to process.
2019-08-10 04:37:48,323 DEBUG block.SCMBlockDeletingService (SCMBlockDeletingService.java:call(138)) - Running DeletedBlockTransactionScanner
2019-08-10 04:37:48,324 DEBUG block.SCMBlockDeletingService (SCMBlockDeletingService.java:call(155)) - Scanned deleted blocks log and got 0 delTX to process.
2019-08-10 04:37:48,424 DEBUG block.SCMBlockDeletingService (SCMBlockDeletingService.java:call(138)) - Running DeletedBlockTransactionScanner
2019-08-10 04:37:48,425 DEBUG block.SCMBlockDeletingService (SCMBlockDeletingService.java:call(155)) - Scanned deleted blocks log and got 0 delTX to process.
2019-08-10 04:37:48,525 DEBUG block.SCMBlockDeletingService (SCMBlockDeletingService.java:call(138)) - Running DeletedBlockTransactionScanner
2019-08-10 04:37:48,525 DEBUG block.SCMBlockDeletingService (SCMBlockDeletingService.java:call(155)) - Scanned deleted blocks log and got 0 delTX to process.
2019-08-10 04:37:48,626 DEBUG block.SCMBlockDeletingService (SCMBlockDeletingService.java:call(138)) - Running DeletedBlockTransactionScanner
2019-08-10 04:37:48,626 DEBUG block.SCMBlockDeletingService (SCMBlockDeletingService.java:call(155)) - Scanned deleted blocks log and got 0 delTX to process.
2019-08-10 04:37:48,726 DEBUG block.SCMBlockDeletingService (SCMBlockDeletingService.java:call(138)) - Running DeletedBlockTransactionScanner
2019-08-10 04:37:48,727 DEBUG block.SCMBlockDeletingService (SCMBlockDeletingService.java:call(155)) - Scanned deleted blocks log and got 0 delTX to process.
2019-08-10 04:37:48,827 DEBUG block.SCMBlockDeletingService (SCMBlockDeletingService.java:call(138)) - Running DeletedBlockTransactionScanner
2019-08-10 04:37:48,827 DEBUG block.SCMBlockDeletingService (SCMBlockDeletingService.java:call(155)) - Scanned deleted blocks log and got 0 delTX to process.
2019-08-10 04:37:48,912 INFO  container.ReplicationManager (ReplicationManager.java:start(155)) - Starting Replication Monitor Thread.
2019-08-10 04:37:48,914 INFO  container.ReplicationManager (ReplicationManager.java:run(207)) - Replication Monitor Thread took 2 milliseconds for processing 0 containers.
2019-08-10 04:37:48,928 DEBUG block.SCMBlockDeletingService (SCMBlockDeletingService.java:call(138)) - Running DeletedBlockTransactionScanner
2019-08-10 04:37:48,928 DEBUG block.SCMBlockDeletingService (SCMBlockDeletingService.java:call(155)) - Scanned deleted blocks log and got 0 delTX to process.
2019-08-10 04:37:48,977 INFO  rpc.RpcClient (RpcClient.java:createVolume(288)) - Creating Volume: b1b3c9e8-42b7-4e2e-b227-5edcc273b8bb, with jenkins1000 as owner.
2019-08-10 04:37:49,015 INFO  rpc.RpcClient (RpcClient.java:createBucket(425)) - Creating Bucket: b1b3c9e8-42b7-4e2e-b227-5edcc273b8bb/809ef336-1c33-41fb-8d37-1aa07928e3d4, with Versioning false and Storage Type set to DISK and Encryption set to false 
2019-08-10 04:37:49,029 DEBUG block.SCMBlockDeletingService (SCMBlockDeletingService.java:call(138)) - Running DeletedBlockTransactionScanner
2019-08-10 04:37:49,029 DEBUG block.SCMBlockDeletingService (SCMBlockDeletingService.java:call(155)) - Scanned deleted blocks log and got 0 delTX to process.
2019-08-10 04:37:49,129 DEBUG block.SCMBlockDeletingService (SCMBlockDeletingService.java:call(138)) - Running DeletedBlockTransactionScanner
2019-08-10 04:37:49,130 DEBUG block.SCMBlockDeletingService (SCMBlockDeletingService.java:call(155)) - Scanned deleted blocks log and got 0 delTX to process.
2019-08-10 04:37:49,230 DEBUG block.SCMBlockDeletingService (SCMBlockDeletingService.java:call(138)) - Running DeletedBlockTransactionScanner
2019-08-10 04:37:49,230 DEBUG block.SCMBlockDeletingService (SCMBlockDeletingService.java:call(155)) - Scanned deleted blocks log and got 0 delTX to process.
2019-08-10 04:37:49,331 DEBUG block.SCMBlockDeletingService (SCMBlockDeletingService.java:call(138)) - Running DeletedBlockTransactionScanner
2019-08-10 04:37:49,331 DEBUG block.SCMBlockDeletingService (SCMBlockDeletingService.java:call(155)) - Scanned deleted blocks log and got 0 delTX to process.
2019-08-10 04:37:49,432 DEBUG block.SCMBlockDeletingService (SCMBlockDeletingService.java:call(138)) - Running DeletedBlockTransactionScanner
2019-08-10 04:37:49,432 DEBUG block.SCMBlockDeletingService (SCMBlockDeletingService.java:call(155)) - Scanned deleted blocks log and got 0 delTX to process.
2019-08-10 04:37:49,448 INFO  impl.MetricsSystemImpl (MetricsSystemImpl.java:init(158)) - XceiverClientMetrics metrics system started (again)
2019-08-10 04:37:49,532 DEBUG block.SCMBlockDeletingService (SCMBlockDeletingService.java:call(138)) - Running DeletedBlockTransactionScanner
2019-08-10 04:37:49,533 DEBUG block.SCMBlockDeletingService (SCMBlockDeletingService.java:call(155)) - Scanned deleted blocks log and got 0 delTX to process.
2019-08-10 04:37:49,577 INFO  client.GrpcClientProtocolClient (GrpcClientProtocolClient.java:onNext(255)) - client-71F61C017E1E->6c928baf-cc3b-4a10-9362-ff4e15dca71d: receive RaftClientReply:client-71F61C017E1E->6c928baf-cc3b-4a10-9362-ff4e15dca71d@group-586430B97ADD, cid=1, FAILED org.apache.ratis.protocol.NotLeaderException: Server 6c928baf-cc3b-4a10-9362-ff4e15dca71d is not the leader (null). Request must be sent to leader., logIndex=0, commits[6c928baf-cc3b-4a10-9362-ff4e15dca71d:c-1]
2019-08-10 04:37:49,633 DEBUG block.SCMBlockDeletingService (SCMBlockDeletingService.java:call(138)) - Running DeletedBlockTransactionScanner
2019-08-10 04:37:49,634 DEBUG block.SCMBlockDeletingService (SCMBlockDeletingService.java:call(155)) - Scanned deleted blocks log and got 0 delTX to process.
2019-08-10 04:37:49,734 DEBUG block.SCMBlockDeletingService (SCMBlockDeletingService.java:call(138)) - Running DeletedBlockTransactionScanner
2019-08-10 04:37:49,735 DEBUG block.SCMBlockDeletingService (SCMBlockDeletingService.java:call(155)) - Scanned deleted blocks log and got 0 delTX to process.
2019-08-10 04:37:49,835 DEBUG block.SCMBlockDeletingService (SCMBlockDeletingService.java:call(138)) - Running DeletedBlockTransactionScanner
2019-08-10 04:37:49,836 DEBUG block.SCMBlockDeletingService (SCMBlockDeletingService.java:call(155)) - Scanned deleted blocks log and got 0 delTX to process.
2019-08-10 04:37:49,936 DEBUG block.SCMBlockDeletingService (SCMBlockDeletingService.java:call(138)) - Running DeletedBlockTransactionScanner
2019-08-10 04:37:49,936 DEBUG block.SCMBlockDeletingService (SCMBlockDeletingService.java:call(155)) - Scanned deleted blocks log and got 0 delTX to process.
2019-08-10 04:37:50,037 DEBUG block.SCMBlockDeletingService (SCMBlockDeletingService.java:call(138)) - Running DeletedBlockTransactionScanner
2019-08-10 04:37:50,037 DEBUG block.SCMBlockDeletingService (SCMBlockDeletingService.java:call(155)) - Scanned deleted blocks log and got 0 delTX to process.
2019-08-10 04:37:50,138 DEBUG block.SCMBlockDeletingService (SCMBlockDeletingService.java:call(138)) - Running DeletedBlockTransactionScanner
2019-08-10 04:37:50,138 DEBUG block.SCMBlockDeletingService (SCMBlockDeletingService.java:call(155)) - Scanned deleted blocks log and got 0 delTX to process.
2019-08-10 04:37:50,239 DEBUG block.SCMBlockDeletingService (SCMBlockDeletingService.java:call(138)) - Running DeletedBlockTransactionScanner
2019-08-10 04:37:50,239 DEBUG block.SCMBlockDeletingService (SCMBlockDeletingService.java:call(155)) - Scanned deleted blocks log and got 0 delTX to process.
2019-08-10 04:37:50,339 DEBUG block.SCMBlockDeletingService (SCMBlockDeletingService.java:call(138)) - Running DeletedBlockTransactionScanner
2019-08-10 04:37:50,340 DEBUG block.SCMBlockDeletingService (SCMBlockDeletingService.java:call(155)) - Scanned deleted blocks log and got 0 delTX to process.
2019-08-10 04:37:50,440 DEBUG block.SCMBlockDeletingService (SCMBlockDeletingService.java:call(138)) - Running DeletedBlockTransactionScanner
2019-08-10 04:37:50,441 DEBUG block.SCMBlockDeletingService (SCMBlockDeletingService.java:call(155)) - Scanned deleted blocks log and got 0 delTX to process.
2019-08-10 04:37:50,541 DEBUG block.SCMBlockDeletingService (SCMBlockDeletingService.java:call(138)) - Running DeletedBlockTransactionScanner
2019-08-10 04:37:50,541 DEBUG block.SCMBlockDeletingService (SCMBlockDeletingService.java:call(155)) - Scanned deleted blocks log and got 0 delTX to process.
2019-08-10 04:37:50,642 DEBUG block.SCMBlockDeletingService (SCMBlockDeletingService.java:call(138)) - Running DeletedBlockTransactionScanner
2019-08-10 04:37:50,642 DEBUG block.SCMBlockDeletingService (SCMBlockDeletingService.java:call(155)) - Scanned deleted blocks log and got 0 delTX to process.
2019-08-10 04:37:50,743 DEBUG block.SCMBlockDeletingService (SCMBlockDeletingService.java:call(138)) - Running DeletedBlockTransactionScanner
2019-08-10 04:37:50,743 DEBUG block.SCMBlockDeletingService (SCMBlockDeletingService.java:call(155)) - Scanned deleted blocks log and got 0 delTX to process.
2019-08-10 04:37:50,844 DEBUG block.SCMBlockDeletingService (SCMBlockDeletingService.java:call(138)) - Running DeletedBlockTransactionScanner
2019-08-10 04:37:50,844 DEBUG block.SCMBlockDeletingService (SCMBlockDeletingService.java:call(155)) - Scanned deleted blocks log and got 0 delTX to process.
2019-08-10 04:37:50,944 DEBUG block.SCMBlockDeletingService (SCMBlockDeletingService.java:call(138)) - Running DeletedBlockTransactionScanner
2019-08-10 04:37:50,945 DEBUG block.SCMBlockDeletingService (SCMBlockDeletingService.java:call(155)) - Scanned deleted blocks log and got 0 delTX to process.
2019-08-10 04:37:51,045 DEBUG block.SCMBlockDeletingService (SCMBlockDeletingService.java:call(138)) - Running DeletedBlockTransactionScanner
2019-08-10 04:37:51,046 DEBUG block.SCMBlockDeletingService (SCMBlockDeletingService.java:call(155)) - Scanned deleted blocks log and got 0 delTX to process.
2019-08-10 04:37:51,146 DEBUG block.SCMBlockDeletingService (SCMBlockDeletingService.java:call(138)) - Running DeletedBlockTransactionScanner
2019-08-10 04:37:51,146 DEBUG block.SCMBlockDeletingService (SCMBlockDeletingService.java:call(155)) - Scanned deleted blocks log and got 0 delTX to process.
2019-08-10 04:37:51,247 DEBUG block.SCMBlockDeletingService (SCMBlockDeletingService.java:call(138)) - Running DeletedBlockTransactionScanner
2019-08-10 04:37:51,247 DEBUG block.SCMBlockDeletingService (SCMBlockDeletingService.java:call(155)) - Scanned deleted blocks log and got 0 delTX to process.
2019-08-10 04:37:51,348 DEBUG block.SCMBlockDeletingService (SCMBlockDeletingService.java:call(138)) - Running DeletedBlockTransactionScanner
2019-08-10 04:37:51,348 DEBUG block.SCMBlockDeletingService (SCMBlockDeletingService.java:call(155)) - Scanned deleted blocks log and got 0 delTX to process.
2019-08-10 04:37:51,448 DEBUG block.SCMBlockDeletingService (SCMBlockDeletingService.java:call(138)) - Running DeletedBlockTransactionScanner
2019-08-10 04:37:51,449 DEBUG block.SCMBlockDeletingService (SCMBlockDeletingService.java:call(155)) - Scanned deleted blocks log and got 0 delTX to process.
2019-08-10 04:37:51,549 DEBUG block.SCMBlockDeletingService (SCMBlockDeletingService.java:call(138)) - Running DeletedBlockTransactionScanner
2019-08-10 04:37:51,550 DEBUG block.SCMBlockDeletingService (SCMBlockDeletingService.java:call(155)) - Scanned deleted blocks log and got 0 delTX to process.
2019-08-10 04:37:51,635 INFO  client.GrpcClientProtocolClient (GrpcClientProtocolClient.java:onNext(255)) - client-71F61C017E1E->6c928baf-cc3b-4a10-9362-ff4e15dca71d: receive RaftClientReply:client-71F61C017E1E->6c928baf-cc3b-4a10-9362-ff4e15dca71d@group-586430B97ADD, cid=1, FAILED org.apache.ratis.protocol.NotLeaderException: Server 6c928baf-cc3b-4a10-9362-ff4e15dca71d is not the leader (null). Request must be sent to leader., logIndex=0, commits[6c928baf-cc3b-4a10-9362-ff4e15dca71d:c-1]
2019-08-10 04:37:51,650 DEBUG block.SCMBlockDeletingService (SCMBlockDeletingService.java:call(138)) - Running DeletedBlockTransactionScanner
2019-08-10 04:37:51,650 DEBUG block.SCMBlockDeletingService (SCMBlockDeletingService.java:call(155)) - Scanned deleted blocks log and got 0 delTX to process.
2019-08-10 04:37:51,751 DEBUG block.SCMBlockDeletingService (SCMBlockDeletingService.java:call(138)) - Running DeletedBlockTransactionScanner
2019-08-10 04:37:51,751 DEBUG block.SCMBlockDeletingService (SCMBlockDeletingService.java:call(155)) - Scanned deleted blocks log and got 0 delTX to process.
2019-08-10 04:37:51,852 DEBUG block.SCMBlockDeletingService (SCMBlockDeletingService.java:call(138)) - Running DeletedBlockTransactionScanner
2019-08-10 04:37:51,852 DEBUG block.SCMBlockDeletingService (SCMBlockDeletingService.java:call(155)) - Scanned deleted blocks log and got 0 delTX to process.
2019-08-10 04:37:51,953 DEBUG block.SCMBlockDeletingService (SCMBlockDeletingService.java:call(138)) - Running DeletedBlockTransactionScanner
2019-08-10 04:37:51,953 DEBUG block.SCMBlockDeletingService (SCMBlockDeletingService.java:call(155)) - Scanned deleted blocks log and got 0 delTX to process.
2019-08-10 04:37:52,053 DEBUG block.SCMBlockDeletingService (SCMBlockDeletingService.java:call(138)) - Running DeletedBlockTransactionScanner
2019-08-10 04:37:52,054 DEBUG block.SCMBlockDeletingService (SCMBlockDeletingService.java:call(155)) - Scanned deleted blocks log and got 0 delTX to process.
2019-08-10 04:37:52,155 DEBUG block.SCMBlockDeletingService (SCMBlockDeletingService.java:call(138)) - Running DeletedBlockTransactionScanner
2019-08-10 04:37:52,156 DEBUG block.SCMBlockDeletingService (SCMBlockDeletingService.java:call(155)) - Scanned deleted blocks log and got 0 delTX to process.
2019-08-10 04:37:52,180 INFO  impl.FollowerState (FollowerState.java:run(106)) - 6c928baf-cc3b-4a10-9362-ff4e15dca71d:group-586430B97ADD changes to CANDIDATE, lastRpcTime:5164, electionTimeout:5163ms
2019-08-10 04:37:52,180 INFO  impl.RoleInfo (RoleInfo.java:shutdownFollowerState(121)) - 6c928baf-cc3b-4a10-9362-ff4e15dca71d: shutdown FollowerState
2019-08-10 04:37:52,181 INFO  impl.RaftServerImpl (RaftServerImpl.java:setRole(171)) - 6c928baf-cc3b-4a10-9362-ff4e15dca71d:group-586430B97ADD changes role from FOLLOWER to CANDIDATE at term 0 for changeToCandidate
2019-08-10 04:37:52,186 INFO  impl.RoleInfo (RoleInfo.java:updateAndGet(143)) - 6c928baf-cc3b-4a10-9362-ff4e15dca71d: start LeaderElection
2019-08-10 04:37:52,202 INFO  impl.LeaderElection (LeaderElection.java:askForVotes(181)) - 6c928baf-cc3b-4a10-9362-ff4e15dca71d:group-586430B97ADD:LeaderElection1: begin an election at term 1 for -1: [6c928baf-cc3b-4a10-9362-ff4e15dca71d:192.168.157.255:43126], old=null
2019-08-10 04:37:52,204 INFO  impl.RoleInfo (RoleInfo.java:shutdownLeaderElection(134)) - 6c928baf-cc3b-4a10-9362-ff4e15dca71d: shutdown LeaderElection
2019-08-10 04:37:52,205 INFO  impl.RaftServerImpl (RaftServerImpl.java:setRole(171)) - 6c928baf-cc3b-4a10-9362-ff4e15dca71d:group-586430B97ADD changes role from CANDIDATE to LEADER at term 1 for changeToLeader
2019-08-10 04:37:52,206 INFO  impl.RaftServerImpl (ServerState.java:setLeader(263)) - 6c928baf-cc3b-4a10-9362-ff4e15dca71d:group-586430B97ADD change Leader from null to 6c928baf-cc3b-4a10-9362-ff4e15dca71d at term 1 for becomeLeader, leader elected after 5653ms
2019-08-10 04:37:52,214 INFO  server.RaftServerConfigKeys (ConfUtils.java:logGet(43)) - raft.server.staging.catchup.gap = 1000 (default)
2019-08-10 04:37:52,214 INFO  server.RaftServerConfigKeys (ConfUtils.java:logGet(43)) - raft.server.rpc.sleep.time = 25ms (default)
2019-08-10 04:37:52,218 INFO  server.RaftServerConfigKeys (ConfUtils.java:logGet(43)) - raft.server.write.element-limit = 4096 (default)
2019-08-10 04:37:52,222 INFO  server.RaftServerConfigKeys (ConfUtils.java:logGet(43)) - raft.server.watch.timeout = 10s (default)
2019-08-10 04:37:52,222 INFO  server.RaftServerConfigKeys (ConfUtils.java:logGet(43)) - raft.server.watch.timeout.denomination = 1s (default)
2019-08-10 04:37:52,223 INFO  server.RaftServerConfigKeys (ConfUtils.java:logGet(43)) - raft.server.watch.element-limit = 65536 (default)
2019-08-10 04:37:52,235 INFO  impl.RoleInfo (RoleInfo.java:updateAndGet(143)) - 6c928baf-cc3b-4a10-9362-ff4e15dca71d: start LeaderState
2019-08-10 04:37:52,257 DEBUG block.SCMBlockDeletingService (SCMBlockDeletingService.java:call(138)) - Running DeletedBlockTransactionScanner
2019-08-10 04:37:52,257 DEBUG block.SCMBlockDeletingService (SCMBlockDeletingService.java:call(155)) - Scanned deleted blocks log and got 0 delTX to process.
2019-08-10 04:37:52,258 INFO  segmented.SegmentedRaftLogWorker (SegmentedRaftLogWorker.java:startLogSegment(380)) - 6c928baf-cc3b-4a10-9362-ff4e15dca71d-SegmentedRaftLogWorker:Storage Directory /workdir/hadoop-ozone/integration-test/target/test-dir/MiniOzoneClusterImpl-71466a3e-5472-4a77-a4de-c7daf4941d14/datanode-0/data/ratis/5118c932-2885-4a42-8030-586430b97add: Starting segment from index:0
2019-08-10 04:37:52,270 INFO  impl.RaftServerImpl (ServerState.java:setRaftConf(361)) - 6c928baf-cc3b-4a10-9362-ff4e15dca71d:group-586430B97ADD set configuration 0: [6c928baf-cc3b-4a10-9362-ff4e15dca71d:192.168.157.255:43126], old=null at 0
2019-08-10 04:37:52,357 DEBUG block.SCMBlockDeletingService (SCMBlockDeletingService.java:call(138)) - Running DeletedBlockTransactionScanner
2019-08-10 04:37:52,358 DEBUG block.SCMBlockDeletingService (SCMBlockDeletingService.java:call(155)) - Scanned deleted blocks log and got 0 delTX to process.
2019-08-10 04:37:52,458 DEBUG block.SCMBlockDeletingService (SCMBlockDeletingService.java:call(138)) - Running DeletedBlockTransactionScanner
2019-08-10 04:37:52,458 DEBUG block.SCMBlockDeletingService (SCMBlockDeletingService.java:call(155)) - Scanned deleted blocks log and got 0 delTX to process.
2019-08-10 04:37:52,459 INFO  segmented.SegmentedRaftLogWorker (SegmentedRaftLogWorker.java:execute(569)) - 6c928baf-cc3b-4a10-9362-ff4e15dca71d-SegmentedRaftLogWorker:Storage Directory /workdir/hadoop-ozone/integration-test/target/test-dir/MiniOzoneClusterImpl-71466a3e-5472-4a77-a4de-c7daf4941d14/datanode-0/data/ratis/5118c932-2885-4a42-8030-586430b97add: created new log segment /workdir/hadoop-ozone/integration-test/target/test-dir/MiniOzoneClusterImpl-71466a3e-5472-4a77-a4de-c7daf4941d14/datanode-0/data/ratis/5118c932-2885-4a42-8030-586430b97add/current/log_inprogress_0
2019-08-10 04:37:52,559 DEBUG block.SCMBlockDeletingService (SCMBlockDeletingService.java:call(138)) - Running DeletedBlockTransactionScanner
2019-08-10 04:37:52,559 DEBUG block.SCMBlockDeletingService (SCMBlockDeletingService.java:call(155)) - Scanned deleted blocks log and got 0 delTX to process.
2019-08-10 04:37:52,660 DEBUG block.SCMBlockDeletingService (SCMBlockDeletingService.java:call(138)) - Running DeletedBlockTransactionScanner
2019-08-10 04:37:52,660 DEBUG block.SCMBlockDeletingService (SCMBlockDeletingService.java:call(155)) - Scanned deleted blocks log and got 0 delTX to process.
2019-08-10 04:37:52,760 DEBUG block.SCMBlockDeletingService (SCMBlockDeletingService.java:call(138)) - Running DeletedBlockTransactionScanner
2019-08-10 04:37:52,761 DEBUG block.SCMBlockDeletingService (SCMBlockDeletingService.java:call(155)) - Scanned deleted blocks log and got 0 delTX to process.
2019-08-10 04:37:52,861 DEBUG block.SCMBlockDeletingService (SCMBlockDeletingService.java:call(138)) - Running DeletedBlockTransactionScanner
2019-08-10 04:37:52,861 DEBUG block.SCMBlockDeletingService (SCMBlockDeletingService.java:call(155)) - Scanned deleted blocks log and got 0 delTX to process.
2019-08-10 04:37:52,962 DEBUG block.SCMBlockDeletingService (SCMBlockDeletingService.java:call(138)) - Running DeletedBlockTransactionScanner
2019-08-10 04:37:52,962 DEBUG block.SCMBlockDeletingService (SCMBlockDeletingService.java:call(155)) - Scanned deleted blocks log and got 0 delTX to process.
2019-08-10 04:37:53,063 DEBUG block.SCMBlockDeletingService (SCMBlockDeletingService.java:call(138)) - Running DeletedBlockTransactionScanner
2019-08-10 04:37:53,063 DEBUG block.SCMBlockDeletingService (SCMBlockDeletingService.java:call(155)) - Scanned deleted blocks log and got 0 delTX to process.
2019-08-10 04:37:53,164 DEBUG block.SCMBlockDeletingService (SCMBlockDeletingService.java:call(138)) - Running DeletedBlockTransactionScanner
2019-08-10 04:37:53,165 DEBUG block.SCMBlockDeletingService (SCMBlockDeletingService.java:call(155)) - Scanned deleted blocks log and got 0 delTX to process.
2019-08-10 04:37:53,265 DEBUG block.SCMBlockDeletingService (SCMBlockDeletingService.java:call(138)) - Running DeletedBlockTransactionScanner
2019-08-10 04:37:53,266 DEBUG block.SCMBlockDeletingService (SCMBlockDeletingService.java:call(155)) - Scanned deleted blocks log and got 0 delTX to process.
2019-08-10 04:37:53,366 DEBUG block.SCMBlockDeletingService (SCMBlockDeletingService.java:call(138)) - Running DeletedBlockTransactionScanner
2019-08-10 04:37:53,367 DEBUG block.SCMBlockDeletingService (SCMBlockDeletingService.java:call(155)) - Scanned deleted blocks log and got 0 delTX to process.
2019-08-10 04:37:53,468 DEBUG block.SCMBlockDeletingService (SCMBlockDeletingService.java:call(138)) - Running DeletedBlockTransactionScanner
2019-08-10 04:37:53,468 DEBUG block.SCMBlockDeletingService (SCMBlockDeletingService.java:call(155)) - Scanned deleted blocks log and got 0 delTX to process.
2019-08-10 04:37:53,568 DEBUG block.SCMBlockDeletingService (SCMBlockDeletingService.java:call(138)) - Running DeletedBlockTransactionScanner
2019-08-10 04:37:53,569 DEBUG block.SCMBlockDeletingService (SCMBlockDeletingService.java:call(155)) - Scanned deleted blocks log and got 0 delTX to process.
2019-08-10 04:37:53,669 DEBUG block.SCMBlockDeletingService (SCMBlockDeletingService.java:call(138)) - Running DeletedBlockTransactionScanner
2019-08-10 04:37:53,670 DEBUG block.SCMBlockDeletingService (SCMBlockDeletingService.java:call(155)) - Scanned deleted blocks log and got 0 delTX to process.
2019-08-10 04:37:53,770 DEBUG block.SCMBlockDeletingService (SCMBlockDeletingService.java:call(138)) - Running DeletedBlockTransactionScanner
2019-08-10 04:37:53,770 DEBUG block.SCMBlockDeletingService (SCMBlockDeletingService.java:call(155)) - Scanned deleted blocks log and got 0 delTX to process.
2019-08-10 04:37:53,871 DEBUG block.SCMBlockDeletingService (SCMBlockDeletingService.java:call(138)) - Running DeletedBlockTransactionScanner
2019-08-10 04:37:53,871 DEBUG block.SCMBlockDeletingService (SCMBlockDeletingService.java:call(155)) - Scanned deleted blocks log and got 0 delTX to process.
2019-08-10 04:37:53,927 INFO  client.GrpcClientProtocolClient (GrpcClientProtocolClient.java:onNext(255)) - client-71F61C017E1E->6c928baf-cc3b-4a10-9362-ff4e15dca71d: receive RaftClientReply:client-71F61C017E1E->6c928baf-cc3b-4a10-9362-ff4e15dca71d@group-586430B97ADD, cid=1, SUCCESS, logIndex=1, commits[6c928baf-cc3b-4a10-9362-ff4e15dca71d:c1]
2019-08-10 04:37:53,972 DEBUG block.SCMBlockDeletingService (SCMBlockDeletingService.java:call(138)) - Running DeletedBlockTransactionScanner
2019-08-10 04:37:53,972 DEBUG block.SCMBlockDeletingService (SCMBlockDeletingService.java:call(155)) - Scanned deleted blocks log and got 0 delTX to process.
2019-08-10 04:37:54,008 INFO  client.GrpcClientProtocolClient (GrpcClientProtocolClient.java:onNext(255)) - client-71F61C017E1E->6c928baf-cc3b-4a10-9362-ff4e15dca71d: receive RaftClientReply:client-71F61C017E1E->6c928baf-cc3b-4a10-9362-ff4e15dca71d@group-586430B97ADD, cid=2, SUCCESS, logIndex=3, commits[6c928baf-cc3b-4a10-9362-ff4e15dca71d:c7]
2019-08-10 04:37:54,014 INFO  client.GrpcClientProtocolClient (GrpcClientProtocolClient.java:onNext(255)) - client-71F61C017E1E->6c928baf-cc3b-4a10-9362-ff4e15dca71d: receive RaftClientReply:client-71F61C017E1E->6c928baf-cc3b-4a10-9362-ff4e15dca71d@group-586430B97ADD, cid=3, SUCCESS, logIndex=5, commits[6c928baf-cc3b-4a10-9362-ff4e15dca71d:c7]
2019-08-10 04:37:54,015 INFO  client.GrpcClientProtocolClient (GrpcClientProtocolClient.java:onNext(255)) - client-71F61C017E1E->6c928baf-cc3b-4a10-9362-ff4e15dca71d: receive RaftClientReply:client-71F61C017E1E->6c928baf-cc3b-4a10-9362-ff4e15dca71d@group-586430B97ADD, cid=4, SUCCESS, logIndex=6, commits[6c928baf-cc3b-4a10-9362-ff4e15dca71d:c7]
2019-08-10 04:37:54,064 INFO  client.GrpcClientProtocolClient (GrpcClientProtocolClient.java:onNext(255)) - client-71F61C017E1E->6c928baf-cc3b-4a10-9362-ff4e15dca71d: receive RaftClientReply:client-71F61C017E1E->6c928baf-cc3b-4a10-9362-ff4e15dca71d@group-586430B97ADD, cid=5, SUCCESS, logIndex=8, commits[6c928baf-cc3b-4a10-9362-ff4e15dca71d:c9]
2019-08-10 04:37:54,065 INFO  client.GrpcClientProtocolClient (GrpcClientProtocolClient.java:onNext(255)) - client-71F61C017E1E->6c928baf-cc3b-4a10-9362-ff4e15dca71d: receive RaftClientReply:client-71F61C017E1E->6c928baf-cc3b-4a10-9362-ff4e15dca71d@group-586430B97ADD, cid=6, SUCCESS, logIndex=9, commits[6c928baf-cc3b-4a10-9362-ff4e15dca71d:c9]
2019-08-10 04:37:54,072 DEBUG block.SCMBlockDeletingService (SCMBlockDeletingService.java:call(138)) - Running DeletedBlockTransactionScanner
2019-08-10 04:37:54,073 DEBUG block.SCMBlockDeletingService (SCMBlockDeletingService.java:call(155)) - Scanned deleted blocks log and got 0 delTX to process.
2019-08-10 04:37:54,082 INFO  client.GrpcClientProtocolClient (GrpcClientProtocolClient.java:onNext(255)) - client-71F61C017E1E->6c928baf-cc3b-4a10-9362-ff4e15dca71d: receive RaftClientReply:client-71F61C017E1E->6c928baf-cc3b-4a10-9362-ff4e15dca71d@group-586430B97ADD, cid=7, SUCCESS, logIndex=10, commits[6c928baf-cc3b-4a10-9362-ff4e15dca71d:c12]
2019-08-10 04:37:54,084 INFO  client.GrpcClientProtocolClient (GrpcClientProtocolClient.java:onNext(255)) - client-71F61C017E1E->6c928baf-cc3b-4a10-9362-ff4e15dca71d: receive RaftClientReply:client-71F61C017E1E->6c928baf-cc3b-4a10-9362-ff4e15dca71d@group-586430B97ADD, cid=8, SUCCESS, logIndex=12, commits[6c928baf-cc3b-4a10-9362-ff4e15dca71d:c12]
2019-08-10 04:37:54,174 DEBUG block.SCMBlockDeletingService (SCMBlockDeletingService.java:call(138)) - Running DeletedBlockTransactionScanner
2019-08-10 04:37:54,174 DEBUG block.SCMBlockDeletingService (SCMBlockDeletingService.java:call(155)) - Scanned deleted blocks log and got 0 delTX to process.
2019-08-10 04:37:54,208 INFO  client.GrpcClientProtocolClient (GrpcClientProtocolClient.java:onNext(255)) - client-71F61C017E1E->6c928baf-cc3b-4a10-9362-ff4e15dca71d: receive RaftClientReply:client-71F61C017E1E->6c928baf-cc3b-4a10-9362-ff4e15dca71d@group-586430B97ADD, cid=9, SUCCESS, logIndex=14, commits[6c928baf-cc3b-4a10-9362-ff4e15dca71d:c17]
2019-08-10 04:37:54,252 INFO  client.GrpcClientProtocolClient (GrpcClientProtocolClient.java:onNext(255)) - client-71F61C017E1E->6c928baf-cc3b-4a10-9362-ff4e15dca71d: receive RaftClientReply:client-71F61C017E1E->6c928baf-cc3b-4a10-9362-ff4e15dca71d@group-586430B97ADD, cid=10, SUCCESS, logIndex=15, commits[6c928baf-cc3b-4a10-9362-ff4e15dca71d:c18]
2019-08-10 04:37:54,255 INFO  client.GrpcClientProtocolClient (GrpcClientProtocolClient.java:onNext(255)) - client-71F61C017E1E->6c928baf-cc3b-4a10-9362-ff4e15dca71d: receive RaftClientReply:client-71F61C017E1E->6c928baf-cc3b-4a10-9362-ff4e15dca71d@group-586430B97ADD, cid=11, SUCCESS, logIndex=16, commits[6c928baf-cc3b-4a10-9362-ff4e15dca71d:c18]
2019-08-10 04:37:54,256 INFO  client.GrpcClientProtocolClient (GrpcClientProtocolClient.java:onNext(255)) - client-71F61C017E1E->6c928baf-cc3b-4a10-9362-ff4e15dca71d: receive RaftClientReply:client-71F61C017E1E->6c928baf-cc3b-4a10-9362-ff4e15dca71d@group-586430B97ADD, cid=12, SUCCESS, logIndex=17, commits[6c928baf-cc3b-4a10-9362-ff4e15dca71d:c18]
2019-08-10 04:37:54,275 DEBUG block.SCMBlockDeletingService (SCMBlockDeletingService.java:call(138)) - Running DeletedBlockTransactionScanner
2019-08-10 04:37:54,275 DEBUG block.SCMBlockDeletingService (SCMBlockDeletingService.java:call(155)) - Scanned deleted blocks log and got 0 delTX to process.
2019-08-10 04:37:54,293 INFO  client.GrpcClientProtocolClient (GrpcClientProtocolClient.java:onNext(255)) - client-71F61C017E1E->6c928baf-cc3b-4a10-9362-ff4e15dca71d: receive RaftClientReply:client-71F61C017E1E->6c928baf-cc3b-4a10-9362-ff4e15dca71d@group-586430B97ADD, cid=13, SUCCESS, logIndex=19, commits[6c928baf-cc3b-4a10-9362-ff4e15dca71d:c20]
2019-08-10 04:37:54,295 INFO  client.GrpcClientProtocolClient (GrpcClientProtocolClient.java:onNext(255)) - client-71F61C017E1E->6c928baf-cc3b-4a10-9362-ff4e15dca71d: receive RaftClientReply:client-71F61C017E1E->6c928baf-cc3b-4a10-9362-ff4e15dca71d@group-586430B97ADD, cid=14, SUCCESS, logIndex=20, commits[6c928baf-cc3b-4a10-9362-ff4e15dca71d:c20]
2019-08-10 04:37:54,307 INFO  client.GrpcClientProtocolClient (GrpcClientProtocolClient.java:onNext(255)) - client-71F61C017E1E->6c928baf-cc3b-4a10-9362-ff4e15dca71d: receive RaftClientReply:client-71F61C017E1E->6c928baf-cc3b-4a10-9362-ff4e15dca71d@group-586430B97ADD, cid=15, SUCCESS, logIndex=21, commits[6c928baf-cc3b-4a10-9362-ff4e15dca71d:c23]
2019-08-10 04:37:54,309 INFO  client.GrpcClientProtocolClient (GrpcClientProtocolClient.java:onNext(255)) - client-71F61C017E1E->6c928baf-cc3b-4a10-9362-ff4e15dca71d: receive RaftClientReply:client-71F61C017E1E->6c928baf-cc3b-4a10-9362-ff4e15dca71d@group-586430B97ADD, cid=16, SUCCESS, logIndex=22, commits[6c928baf-cc3b-4a10-9362-ff4e15dca71d:c24]
2019-08-10 04:37:54,376 DEBUG block.SCMBlockDeletingService (SCMBlockDeletingService.java:call(138)) - Running DeletedBlockTransactionScanner
2019-08-10 04:37:54,376 DEBUG block.SCMBlockDeletingService (SCMBlockDeletingService.java:call(155)) - Scanned deleted blocks log and got 0 delTX to process.
2019-08-10 04:37:54,427 INFO  client.GrpcClientProtocolClient (GrpcClientProtocolClient.java:onNext(255)) - client-71F61C017E1E->6c928baf-cc3b-4a10-9362-ff4e15dca71d: receive RaftClientReply:client-71F61C017E1E->6c928baf-cc3b-4a10-9362-ff4e15dca71d@group-586430B97ADD, cid=17, SUCCESS, logIndex=25, commits[6c928baf-cc3b-4a10-9362-ff4e15dca71d:c28]
2019-08-10 04:37:54,476 INFO  client.GrpcClientProtocolClient (GrpcClientProtocolClient.java:onNext(255)) - client-71F61C017E1E->6c928baf-cc3b-4a10-9362-ff4e15dca71d: receive RaftClientReply:client-71F61C017E1E->6c928baf-cc3b-4a10-9362-ff4e15dca71d@group-586430B97ADD, cid=18, SUCCESS, logIndex=26, commits[6c928baf-cc3b-4a10-9362-ff4e15dca71d:c29]
2019-08-10 04:37:54,477 INFO  client.GrpcClientProtocolClient (GrpcClientProtocolClient.java:onNext(255)) - client-71F61C017E1E->6c928baf-cc3b-4a10-9362-ff4e15dca71d: receive RaftClientReply:client-71F61C017E1E->6c928baf-cc3b-4a10-9362-ff4e15dca71d@group-586430B97ADD, cid=19, SUCCESS, logIndex=27, commits[6c928baf-cc3b-4a10-9362-ff4e15dca71d:c29]
2019-08-10 04:37:54,477 DEBUG block.SCMBlockDeletingService (SCMBlockDeletingService.java:call(138)) - Running DeletedBlockTransactionScanner
2019-08-10 04:37:54,478 DEBUG block.SCMBlockDeletingService (SCMBlockDeletingService.java:call(155)) - Scanned deleted blocks log and got 0 delTX to process.
2019-08-10 04:37:54,478 INFO  client.GrpcClientProtocolClient (GrpcClientProtocolClient.java:onNext(255)) - client-71F61C017E1E->6c928baf-cc3b-4a10-9362-ff4e15dca71d: receive RaftClientReply:client-71F61C017E1E->6c928baf-cc3b-4a10-9362-ff4e15dca71d@group-586430B97ADD, cid=20, SUCCESS, logIndex=28, commits[6c928baf-cc3b-4a10-9362-ff4e15dca71d:c29]
2019-08-10 04:37:54,514 INFO  client.GrpcClientProtocolClient (GrpcClientProtocolClient.java:onNext(255)) - client-71F61C017E1E->6c928baf-cc3b-4a10-9362-ff4e15dca71d: receive RaftClientReply:client-71F61C017E1E->6c928baf-cc3b-4a10-9362-ff4e15dca71d@group-586430B97ADD, cid=21, SUCCESS, logIndex=30, commits[6c928baf-cc3b-4a10-9362-ff4e15dca71d:c31]
2019-08-10 04:37:54,515 INFO  client.GrpcClientProtocolClient (GrpcClientProtocolClient.java:onNext(255)) - client-71F61C017E1E->6c928baf-cc3b-4a10-9362-ff4e15dca71d: receive RaftClientReply:client-71F61C017E1E->6c928baf-cc3b-4a10-9362-ff4e15dca71d@group-586430B97ADD, cid=22, SUCCESS, logIndex=31, commits[6c928baf-cc3b-4a10-9362-ff4e15dca71d:c31]
2019-08-10 04:37:54,525 INFO  client.GrpcClientProtocolClient (GrpcClientProtocolClient.java:onNext(255)) - client-71F61C017E1E->6c928baf-cc3b-4a10-9362-ff4e15dca71d: receive RaftClientReply:client-71F61C017E1E->6c928baf-cc3b-4a10-9362-ff4e15dca71d@group-586430B97ADD, cid=23, SUCCESS, logIndex=32, commits[6c928baf-cc3b-4a10-9362-ff4e15dca71d:c33]
2019-08-10 04:37:54,526 INFO  client.GrpcClientProtocolClient (GrpcClientProtocolClient.java:onNext(255)) - client-71F61C017E1E->6c928baf-cc3b-4a10-9362-ff4e15dca71d: receive RaftClientReply:client-71F61C017E1E->6c928baf-cc3b-4a10-9362-ff4e15dca71d@group-586430B97ADD, cid=24, SUCCESS, logIndex=33, commits[6c928baf-cc3b-4a10-9362-ff4e15dca71d:c35]
2019-08-10 04:37:54,555 INFO  client.GrpcClientProtocolClient (GrpcClientProtocolClient.java:onNext(255)) - client-71F61C017E1E->6c928baf-cc3b-4a10-9362-ff4e15dca71d: receive RaftClientReply:client-71F61C017E1E->6c928baf-cc3b-4a10-9362-ff4e15dca71d@group-586430B97ADD, cid=25, SUCCESS, logIndex=36, commits[6c928baf-cc3b-4a10-9362-ff4e15dca71d:c37]
2019-08-10 04:37:54,558 INFO  client.GrpcClientProtocolClient (GrpcClientProtocolClient.java:onNext(255)) - client-71F61C017E1E->6c928baf-cc3b-4a10-9362-ff4e15dca71d: receive RaftClientReply:client-71F61C017E1E->6c928baf-cc3b-4a10-9362-ff4e15dca71d@group-586430B97ADD, cid=26, SUCCESS, logIndex=37, commits[6c928baf-cc3b-4a10-9362-ff4e15dca71d:c40]
2019-08-10 04:37:54,559 INFO  client.GrpcClientProtocolClient (GrpcClientProtocolClient.java:onNext(255)) - client-71F61C017E1E->6c928baf-cc3b-4a10-9362-ff4e15dca71d: receive RaftClientReply:client-71F61C017E1E->6c928baf-cc3b-4a10-9362-ff4e15dca71d@group-586430B97ADD, cid=27, SUCCESS, logIndex=38, commits[6c928baf-cc3b-4a10-9362-ff4e15dca71d:c41]
2019-08-10 04:37:54,560 INFO  client.GrpcClientProtocolClient (GrpcClientProtocolClient.java:onNext(255)) - client-71F61C017E1E->6c928baf-cc3b-4a10-9362-ff4e15dca71d: receive RaftClientReply:client-71F61C017E1E->6c928baf-cc3b-4a10-9362-ff4e15dca71d@group-586430B97ADD, cid=28, SUCCESS, logIndex=39, commits[6c928baf-cc3b-4a10-9362-ff4e15dca71d:c41]
2019-08-10 04:37:54,580 DEBUG block.SCMBlockDeletingService (SCMBlockDeletingService.java:call(138)) - Running DeletedBlockTransactionScanner
2019-08-10 04:37:54,580 DEBUG block.SCMBlockDeletingService (SCMBlockDeletingService.java:call(155)) - Scanned deleted blocks log and got 0 delTX to process.
2019-08-10 04:37:54,590 INFO  client.GrpcClientProtocolClient (GrpcClientProtocolClient.java:onNext(255)) - client-71F61C017E1E->6c928baf-cc3b-4a10-9362-ff4e15dca71d: receive RaftClientReply:client-71F61C017E1E->6c928baf-cc3b-4a10-9362-ff4e15dca71d@group-586430B97ADD, cid=29, SUCCESS, logIndex=42, commits[6c928baf-cc3b-4a10-9362-ff4e15dca71d:c43]
2019-08-10 04:37:54,591 INFO  client.GrpcClientProtocolClient (GrpcClientProtocolClient.java:onNext(255)) - client-71F61C017E1E->6c928baf-cc3b-4a10-9362-ff4e15dca71d: receive RaftClientReply:client-71F61C017E1E->6c928baf-cc3b-4a10-9362-ff4e15dca71d@group-586430B97ADD, cid=30, SUCCESS, logIndex=43, commits[6c928baf-cc3b-4a10-9362-ff4e15dca71d:c43]
2019-08-10 04:37:54,600 INFO  client.GrpcClientProtocolClient (GrpcClientProtocolClient.java:onNext(255)) - client-71F61C017E1E->6c928baf-cc3b-4a10-9362-ff4e15dca71d: receive RaftClientReply:client-71F61C017E1E->6c928baf-cc3b-4a10-9362-ff4e15dca71d@group-586430B97ADD, cid=31, SUCCESS, logIndex=44, commits[6c928baf-cc3b-4a10-9362-ff4e15dca71d:c46]
2019-08-10 04:37:54,601 INFO  client.GrpcClientProtocolClient (GrpcClientProtocolClient.java:onNext(255)) - client-71F61C017E1E->6c928baf-cc3b-4a10-9362-ff4e15dca71d: receive RaftClientReply:client-71F61C017E1E->6c928baf-cc3b-4a10-9362-ff4e15dca71d@group-586430B97ADD, cid=32, SUCCESS, logIndex=45, commits[6c928baf-cc3b-4a10-9362-ff4e15dca71d:c47]
2019-08-10 04:37:54,631 INFO  client.GrpcClientProtocolClient (GrpcClientProtocolClient.java:onNext(255)) - client-71F61C017E1E->6c928baf-cc3b-4a10-9362-ff4e15dca71d: receive RaftClientReply:client-71F61C017E1E->6c928baf-cc3b-4a10-9362-ff4e15dca71d@group-586430B97ADD, cid=33, SUCCESS, logIndex=48, commits[6c928baf-cc3b-4a10-9362-ff4e15dca71d:c49]
2019-08-10 04:37:54,633 INFO  client.GrpcClientProtocolClient (GrpcClientProtocolClient.java:onNext(255)) - client-71F61C017E1E->6c928baf-cc3b-4a10-9362-ff4e15dca71d: receive RaftClientReply:client-71F61C017E1E->6c928baf-cc3b-4a10-9362-ff4e15dca71d@group-586430B97ADD, cid=34, SUCCESS, logIndex=49, commits[6c928baf-cc3b-4a10-9362-ff4e15dca71d:c49]
2019-08-10 04:37:54,641 INFO  client.GrpcClientProtocolClient (GrpcClientProtocolClient.java:onNext(255)) - client-71F61C017E1E->6c928baf-cc3b-4a10-9362-ff4e15dca71d: receive RaftClientReply:client-71F61C017E1E->6c928baf-cc3b-4a10-9362-ff4e15dca71d@group-586430B97ADD, cid=35, SUCCESS, logIndex=50, commits[6c928baf-cc3b-4a10-9362-ff4e15dca71d:c51]
2019-08-10 04:37:54,641 INFO  client.GrpcClientProtocolClient (GrpcClientProtocolClient.java:onNext(255)) - client-71F61C017E1E->6c928baf-cc3b-4a10-9362-ff4e15dca71d: receive RaftClientReply:client-71F61C017E1E->6c928baf-cc3b-4a10-9362-ff4e15dca71d@group-586430B97ADD, cid=36, SUCCESS, logIndex=51, commits[6c928baf-cc3b-4a10-9362-ff4e15dca71d:c52]
2019-08-10 04:37:54,667 INFO  client.GrpcClientProtocolClient (GrpcClientProtocolClient.java:onNext(255)) - client-71F61C017E1E->6c928baf-cc3b-4a10-9362-ff4e15dca71d: receive RaftClientReply:client-71F61C017E1E->6c928baf-cc3b-4a10-9362-ff4e15dca71d@group-586430B97ADD, cid=37, SUCCESS, logIndex=54, commits[6c928baf-cc3b-4a10-9362-ff4e15dca71d:c55]
2019-08-10 04:37:54,668 INFO  client.GrpcClientProtocolClient (GrpcClientProtocolClient.java:onNext(255)) - client-71F61C017E1E->6c928baf-cc3b-4a10-9362-ff4e15dca71d: receive RaftClientReply:client-71F61C017E1E->6c928baf-cc3b-4a10-9362-ff4e15dca71d@group-586430B97ADD, cid=38, SUCCESS, logIndex=55, commits[6c928baf-cc3b-4a10-9362-ff4e15dca71d:c58]
2019-08-10 04:37:54,669 INFO  client.GrpcClientProtocolClient (GrpcClientProtocolClient.java:onNext(255)) - client-71F61C017E1E->6c928baf-cc3b-4a10-9362-ff4e15dca71d: receive RaftClientReply:client-71F61C017E1E->6c928baf-cc3b-4a10-9362-ff4e15dca71d@group-586430B97ADD, cid=39, SUCCESS, logIndex=56, commits[6c928baf-cc3b-4a10-9362-ff4e15dca71d:c58]
2019-08-10 04:37:54,669 INFO  client.GrpcClientProtocolClient (GrpcClientProtocolClient.java:onNext(255)) - client-71F61C017E1E->6c928baf-cc3b-4a10-9362-ff4e15dca71d: receive RaftClientReply:client-71F61C017E1E->6c928baf-cc3b-4a10-9362-ff4e15dca71d@group-586430B97ADD, cid=40, SUCCESS, logIndex=57, commits[6c928baf-cc3b-4a10-9362-ff4e15dca71d:c58]
2019-08-10 04:37:54,680 DEBUG block.SCMBlockDeletingService (SCMBlockDeletingService.java:call(138)) - Running DeletedBlockTransactionScanner
2019-08-10 04:37:54,681 DEBUG block.SCMBlockDeletingService (SCMBlockDeletingService.java:call(155)) - Scanned deleted blocks log and got 0 delTX to process.
2019-08-10 04:37:54,693 INFO  client.GrpcClientProtocolClient (GrpcClientProtocolClient.java:onNext(255)) - client-71F61C017E1E->6c928baf-cc3b-4a10-9362-ff4e15dca71d: receive RaftClientReply:client-71F61C017E1E->6c928baf-cc3b-4a10-9362-ff4e15dca71d@group-586430B97ADD, cid=41, SUCCESS, logIndex=60, commits[6c928baf-cc3b-4a10-9362-ff4e15dca71d:c61]
2019-08-10 04:37:54,696 INFO  client.GrpcClientProtocolClient (GrpcClientProtocolClient.java:onNext(255)) - client-71F61C017E1E->6c928baf-cc3b-4a10-9362-ff4e15dca71d: receive RaftClientReply:client-71F61C017E1E->6c928baf-cc3b-4a10-9362-ff4e15dca71d@group-586430B97ADD, cid=42, SUCCESS, logIndex=61, commits[6c928baf-cc3b-4a10-9362-ff4e15dca71d:c63]
2019-08-10 04:37:54,696 INFO  client.GrpcClientProtocolClient (GrpcClientProtocolClient.java:onNext(255)) - client-71F61C017E1E->6c928baf-cc3b-4a10-9362-ff4e15dca71d: receive RaftClientReply:client-71F61C017E1E->6c928baf-cc3b-4a10-9362-ff4e15dca71d@group-586430B97ADD, cid=43, SUCCESS, logIndex=62, commits[6c928baf-cc3b-4a10-9362-ff4e15dca71d:c64]
2019-08-10 04:37:54,697 INFO  client.GrpcClientProtocolClient (GrpcClientProtocolClient.java:onNext(255)) - client-71F61C017E1E->6c928baf-cc3b-4a10-9362-ff4e15dca71d: receive RaftClientReply:client-71F61C017E1E->6c928baf-cc3b-4a10-9362-ff4e15dca71d@group-586430B97ADD, cid=44, SUCCESS, logIndex=63, commits[6c928baf-cc3b-4a10-9362-ff4e15dca71d:c65]
2019-08-10 04:37:54,781 DEBUG block.SCMBlockDeletingService (SCMBlockDeletingService.java:call(138)) - Running DeletedBlockTransactionScanner
2019-08-10 04:37:54,782 DEBUG block.SCMBlockDeletingService (SCMBlockDeletingService.java:call(155)) - Scanned deleted blocks log and got 0 delTX to process.
2019-08-10 04:37:54,882 DEBUG block.SCMBlockDeletingService (SCMBlockDeletingService.java:call(138)) - Running DeletedBlockTransactionScanner
2019-08-10 04:37:54,883 DEBUG block.SCMBlockDeletingService (SCMBlockDeletingService.java:call(155)) - Scanned deleted blocks log and got 0 delTX to process.
2019-08-10 04:37:54,983 DEBUG block.SCMBlockDeletingService (SCMBlockDeletingService.java:call(138)) - Running DeletedBlockTransactionScanner
2019-08-10 04:37:54,984 DEBUG block.SCMBlockDeletingService (SCMBlockDeletingService.java:call(155)) - Scanned deleted blocks log and got 0 delTX to process.
2019-08-10 04:37:55,003 INFO  client.GrpcClientProtocolClient (GrpcClientProtocolClient.java:onNext(255)) - client-71F61C017E1E->6c928baf-cc3b-4a10-9362-ff4e15dca71d: receive RaftClientReply:client-71F61C017E1E->6c928baf-cc3b-4a10-9362-ff4e15dca71d@group-586430B97ADD, cid=45, SUCCESS, logIndex=66, commits[6c928baf-cc3b-4a10-9362-ff4e15dca71d:c67]
2019-08-10 04:37:55,004 INFO  client.GrpcClientProtocolClient (GrpcClientProtocolClient.java:onNext(255)) - client-71F61C017E1E->6c928baf-cc3b-4a10-9362-ff4e15dca71d: receive RaftClientReply:client-71F61C017E1E->6c928baf-cc3b-4a10-9362-ff4e15dca71d@group-586430B97ADD, cid=46, SUCCESS, logIndex=67, commits[6c928baf-cc3b-4a10-9362-ff4e15dca71d:c69]
2019-08-10 04:37:55,005 INFO  client.GrpcClientProtocolClient (GrpcClientProtocolClient.java:onNext(255)) - client-71F61C017E1E->6c928baf-cc3b-4a10-9362-ff4e15dca71d: receive RaftClientReply:client-71F61C017E1E->6c928baf-cc3b-4a10-9362-ff4e15dca71d@group-586430B97ADD, cid=47, SUCCESS, logIndex=68, commits[6c928baf-cc3b-4a10-9362-ff4e15dca71d:c70]
2019-08-10 04:37:55,005 INFO  client.GrpcClientProtocolClient (GrpcClientProtocolClient.java:onNext(255)) - client-71F61C017E1E->6c928baf-cc3b-4a10-9362-ff4e15dca71d: receive RaftClientReply:client-71F61C017E1E->6c928baf-cc3b-4a10-9362-ff4e15dca71d@group-586430B97ADD, cid=48, SUCCESS, logIndex=69, commits[6c928baf-cc3b-4a10-9362-ff4e15dca71d:c71]
2019-08-10 04:37:55,084 DEBUG block.SCMBlockDeletingService (SCMBlockDeletingService.java:call(138)) - Running DeletedBlockTransactionScanner
2019-08-10 04:37:55,084 DEBUG block.SCMBlockDeletingService (SCMBlockDeletingService.java:call(155)) - Scanned deleted blocks log and got 0 delTX to process.
2019-08-10 04:37:55,186 DEBUG block.SCMBlockDeletingService (SCMBlockDeletingService.java:call(138)) - Running DeletedBlockTransactionScanner
2019-08-10 04:37:55,186 DEBUG block.SCMBlockDeletingService (SCMBlockDeletingService.java:call(155)) - Scanned deleted blocks log and got 0 delTX to process.
2019-08-10 04:37:55,187 INFO  client.GrpcClientProtocolClient (GrpcClientProtocolClient.java:onNext(255)) - client-71F61C017E1E->6c928baf-cc3b-4a10-9362-ff4e15dca71d: receive RaftClientReply:client-71F61C017E1E->6c928baf-cc3b-4a10-9362-ff4e15dca71d@group-586430B97ADD, cid=49, SUCCESS, logIndex=72, commits[6c928baf-cc3b-4a10-9362-ff4e15dca71d:c73]
2019-08-10 04:37:55,188 INFO  client.GrpcClientProtocolClient (GrpcClientProtocolClient.java:onNext(255)) - client-71F61C017E1E->6c928baf-cc3b-4a10-9362-ff4e15dca71d: receive RaftClientReply:client-71F61C017E1E->6c928baf-cc3b-4a10-9362-ff4e15dca71d@group-586430B97ADD, cid=50, SUCCESS, logIndex=73, commits[6c928baf-cc3b-4a10-9362-ff4e15dca71d:c73]
2019-08-10 04:37:55,195 INFO  client.GrpcClientProtocolClient (GrpcClientProtocolClient.java:onNext(255)) - client-71F61C017E1E->6c928baf-cc3b-4a10-9362-ff4e15dca71d: receive RaftClientReply:client-71F61C017E1E->6c928baf-cc3b-4a10-9362-ff4e15dca71d@group-586430B97ADD, cid=51, SUCCESS, logIndex=74, commits[6c928baf-cc3b-4a10-9362-ff4e15dca71d:c76]
2019-08-10 04:37:55,196 INFO  client.GrpcClientProtocolClient (GrpcClientProtocolClient.java:onNext(255)) - client-71F61C017E1E->6c928baf-cc3b-4a10-9362-ff4e15dca71d: receive RaftClientReply:client-71F61C017E1E->6c928baf-cc3b-4a10-9362-ff4e15dca71d@group-586430B97ADD, cid=52, SUCCESS, logIndex=75, commits[6c928baf-cc3b-4a10-9362-ff4e15dca71d:c77]
2019-08-10 04:37:55,243 INFO  client.GrpcClientProtocolClient (GrpcClientProtocolClient.java:onNext(255)) - client-71F61C017E1E->6c928baf-cc3b-4a10-9362-ff4e15dca71d: receive RaftClientReply:client-71F61C017E1E->6c928baf-cc3b-4a10-9362-ff4e15dca71d@group-586430B97ADD, cid=53, SUCCESS, logIndex=78, commits[6c928baf-cc3b-4a10-9362-ff4e15dca71d:c79]
2019-08-10 04:37:55,244 INFO  client.GrpcClientProtocolClient (GrpcClientProtocolClient.java:onNext(255)) - client-71F61C017E1E->6c928baf-cc3b-4a10-9362-ff4e15dca71d: receive RaftClientReply:client-71F61C017E1E->6c928baf-cc3b-4a10-9362-ff4e15dca71d@group-586430B97ADD, cid=54, SUCCESS, logIndex=79, commits[6c928baf-cc3b-4a10-9362-ff4e15dca71d:c79]
2019-08-10 04:37:55,254 INFO  client.GrpcClientProtocolClient (GrpcClientProtocolClient.java:onNext(255)) - client-71F61C017E1E->6c928baf-cc3b-4a10-9362-ff4e15dca71d: receive RaftClientReply:client-71F61C017E1E->6c928baf-cc3b-4a10-9362-ff4e15dca71d@group-586430B97ADD, cid=55, SUCCESS, logIndex=80, commits[6c928baf-cc3b-4a10-9362-ff4e15dca71d:c82]
2019-08-10 04:37:55,255 INFO  client.GrpcClientProtocolClient (GrpcClientProtocolClient.java:onNext(255)) - client-71F61C017E1E->6c928baf-cc3b-4a10-9362-ff4e15dca71d: receive RaftClientReply:client-71F61C017E1E->6c928baf-cc3b-4a10-9362-ff4e15dca71d@group-586430B97ADD, cid=56, SUCCESS, logIndex=81, commits[6c928baf-cc3b-4a10-9362-ff4e15dca71d:c83]
2019-08-10 04:37:55,286 DEBUG block.SCMBlockDeletingService (SCMBlockDeletingService.java:call(138)) - Running DeletedBlockTransactionScanner
2019-08-10 04:37:55,287 DEBUG block.SCMBlockDeletingService (SCMBlockDeletingService.java:call(155)) - Scanned deleted blocks log and got 0 delTX to process.
2019-08-10 04:37:55,298 INFO  client.GrpcClientProtocolClient (GrpcClientProtocolClient.java:onNext(255)) - client-71F61C017E1E->6c928baf-cc3b-4a10-9362-ff4e15dca71d: receive RaftClientReply:client-71F61C017E1E->6c928baf-cc3b-4a10-9362-ff4e15dca71d@group-586430B97ADD, cid=57, SUCCESS, logIndex=84, commits[6c928baf-cc3b-4a10-9362-ff4e15dca71d:c84]
2019-08-10 04:37:55,308 INFO  client.GrpcClientProtocolClient (GrpcClientProtocolClient.java:onNext(255)) - client-71F61C017E1E->6c928baf-cc3b-4a10-9362-ff4e15dca71d: receive RaftClientReply:client-71F61C017E1E->6c928baf-cc3b-4a10-9362-ff4e15dca71d@group-586430B97ADD, cid=58, SUCCESS, logIndex=85, commits[6c928baf-cc3b-4a10-9362-ff4e15dca71d:c87]
2019-08-10 04:37:55,309 INFO  client.GrpcClientProtocolClient (GrpcClientProtocolClient.java:onNext(255)) - client-71F61C017E1E->6c928baf-cc3b-4a10-9362-ff4e15dca71d: receive RaftClientReply:client-71F61C017E1E->6c928baf-cc3b-4a10-9362-ff4e15dca71d@group-586430B97ADD, cid=59, SUCCESS, logIndex=86, commits[6c928baf-cc3b-4a10-9362-ff4e15dca71d:c87]
2019-08-10 04:37:55,309 INFO  client.GrpcClientProtocolClient (GrpcClientProtocolClient.java:onNext(255)) - client-71F61C017E1E->6c928baf-cc3b-4a10-9362-ff4e15dca71d: receive RaftClientReply:client-71F61C017E1E->6c928baf-cc3b-4a10-9362-ff4e15dca71d@group-586430B97ADD, cid=60, SUCCESS, logIndex=87, commits[6c928baf-cc3b-4a10-9362-ff4e15dca71d:c88]
2019-08-10 04:37:55,350 INFO  client.GrpcClientProtocolClient (GrpcClientProtocolClient.java:onNext(255)) - client-71F61C017E1E->6c928baf-cc3b-4a10-9362-ff4e15dca71d: receive RaftClientReply:client-71F61C017E1E->6c928baf-cc3b-4a10-9362-ff4e15dca71d@group-586430B97ADD, cid=61, SUCCESS, logIndex=90, commits[6c928baf-cc3b-4a10-9362-ff4e15dca71d:c91]
2019-08-10 04:37:55,351 INFO  client.GrpcClientProtocolClient (GrpcClientProtocolClient.java:onNext(255)) - client-71F61C017E1E->6c928baf-cc3b-4a10-9362-ff4e15dca71d: receive RaftClientReply:client-71F61C017E1E->6c928baf-cc3b-4a10-9362-ff4e15dca71d@group-586430B97ADD, cid=62, SUCCESS, logIndex=91, commits[6c928baf-cc3b-4a10-9362-ff4e15dca71d:c91]
2019-08-10 04:37:55,361 INFO  client.GrpcClientProtocolClient (GrpcClientProtocolClient.java:onNext(255)) - client-71F61C017E1E->6c928baf-cc3b-4a10-9362-ff4e15dca71d: receive RaftClientReply:client-71F61C017E1E->6c928baf-cc3b-4a10-9362-ff4e15dca71d@group-586430B97ADD, cid=63, SUCCESS, logIndex=92, commits[6c928baf-cc3b-4a10-9362-ff4e15dca71d:c93]
2019-08-10 04:37:55,362 INFO  client.GrpcClientProtocolClient (GrpcClientProtocolClient.java:onNext(255)) - client-71F61C017E1E->6c928baf-cc3b-4a10-9362-ff4e15dca71d: receive RaftClientReply:client-71F61C017E1E->6c928baf-cc3b-4a10-9362-ff4e15dca71d@group-586430B97ADD, cid=64, SUCCESS, logIndex=93, commits[6c928baf-cc3b-4a10-9362-ff4e15dca71d:c93]
2019-08-10 04:37:55,388 DEBUG block.SCMBlockDeletingService (SCMBlockDeletingService.java:call(138)) - Running DeletedBlockTransactionScanner
2019-08-10 04:37:55,388 DEBUG block.SCMBlockDeletingService (SCMBlockDeletingService.java:call(155)) - Scanned deleted blocks log and got 0 delTX to process.
2019-08-10 04:37:55,394 INFO  client.GrpcClientProtocolClient (GrpcClientProtocolClient.java:onNext(255)) - client-71F61C017E1E->6c928baf-cc3b-4a10-9362-ff4e15dca71d: receive RaftClientReply:client-71F61C017E1E->6c928baf-cc3b-4a10-9362-ff4e15dca71d@group-586430B97ADD, cid=65, SUCCESS, logIndex=96, commits[6c928baf-cc3b-4a10-9362-ff4e15dca71d:c97]
2019-08-10 04:37:55,396 INFO  client.GrpcClientProtocolClient (GrpcClientProtocolClient.java:onNext(255)) - client-71F61C017E1E->6c928baf-cc3b-4a10-9362-ff4e15dca71d: receive RaftClientReply:client-71F61C017E1E->6c928baf-cc3b-4a10-9362-ff4e15dca71d@group-586430B97ADD, cid=66, SUCCESS, logIndex=97, commits[6c928baf-cc3b-4a10-9362-ff4e15dca71d:c97]
2019-08-10 04:37:55,400 INFO  client.GrpcClientProtocolClient (GrpcClientProtocolClient.java:onNext(255)) - client-71F61C017E1E->6c928baf-cc3b-4a10-9362-ff4e15dca71d: receive RaftClientReply:client-71F61C017E1E->6c928baf-cc3b-4a10-9362-ff4e15dca71d@group-586430B97ADD, cid=67, SUCCESS, logIndex=98, commits[6c928baf-cc3b-4a10-9362-ff4e15dca71d:c100]
2019-08-10 04:37:55,401 INFO  client.GrpcClientProtocolClient (GrpcClientProtocolClient.java:onNext(255)) - client-71F61C017E1E->6c928baf-cc3b-4a10-9362-ff4e15dca71d: receive RaftClientReply:client-71F61C017E1E->6c928baf-cc3b-4a10-9362-ff4e15dca71d@group-586430B97ADD, cid=68, SUCCESS, logIndex=99, commits[6c928baf-cc3b-4a10-9362-ff4e15dca71d:c100]
2019-08-10 04:37:55,436 INFO  client.GrpcClientProtocolClient (GrpcClientProtocolClient.java:onNext(255)) - client-71F61C017E1E->6c928baf-cc3b-4a10-9362-ff4e15dca71d: receive RaftClientReply:client-71F61C017E1E->6c928baf-cc3b-4a10-9362-ff4e15dca71d@group-586430B97ADD, cid=69, SUCCESS, logIndex=101, commits[6c928baf-cc3b-4a10-9362-ff4e15dca71d:c102]
2019-08-10 04:37:55,437 INFO  client.GrpcClientProtocolClient (GrpcClientProtocolClient.java:onNext(255)) - client-71F61C017E1E->6c928baf-cc3b-4a10-9362-ff4e15dca71d: receive RaftClientReply:client-71F61C017E1E->6c928baf-cc3b-4a10-9362-ff4e15dca71d@group-586430B97ADD, cid=70, SUCCESS, logIndex=102, commits[6c928baf-cc3b-4a10-9362-ff4e15dca71d:c102]
2019-08-10 04:37:55,438 INFO  client.GrpcClientProtocolClient (GrpcClientProtocolClient.java:onNext(255)) - client-71F61C017E1E->6c928baf-cc3b-4a10-9362-ff4e15dca71d: receive RaftClientReply:client-71F61C017E1E->6c928baf-cc3b-4a10-9362-ff4e15dca71d@group-586430B97ADD, cid=71, SUCCESS, logIndex=103, commits[6c928baf-cc3b-4a10-9362-ff4e15dca71d:c104]
2019-08-10 04:37:55,440 INFO  client.GrpcClientProtocolClient (GrpcClientProtocolClient.java:onNext(255)) - client-71F61C017E1E->6c928baf-cc3b-4a10-9362-ff4e15dca71d: receive RaftClientReply:client-71F61C017E1E->6c928baf-cc3b-4a10-9362-ff4e15dca71d@group-586430B97ADD, cid=72, SUCCESS, logIndex=104, commits[6c928baf-cc3b-4a10-9362-ff4e15dca71d:c104]
2019-08-10 04:37:55,474 INFO  client.GrpcClientProtocolClient (GrpcClientProtocolClient.java:onNext(255)) - client-71F61C017E1E->6c928baf-cc3b-4a10-9362-ff4e15dca71d: receive RaftClientReply:client-71F61C017E1E->6c928baf-cc3b-4a10-9362-ff4e15dca71d@group-586430B97ADD, cid=73, SUCCESS, logIndex=107, commits[6c928baf-cc3b-4a10-9362-ff4e15dca71d:c110]
2019-08-10 04:37:55,475 INFO  client.GrpcClientProtocolClient (GrpcClientProtocolClient.java:onNext(255)) - client-71F61C017E1E->6c928baf-cc3b-4a10-9362-ff4e15dca71d: receive RaftClientReply:client-71F61C017E1E->6c928baf-cc3b-4a10-9362-ff4e15dca71d@group-586430B97ADD, cid=74, SUCCESS, logIndex=108, commits[6c928baf-cc3b-4a10-9362-ff4e15dca71d:c110]
2019-08-10 04:37:55,476 INFO  client.GrpcClientProtocolClient (GrpcClientProtocolClient.java:onNext(255)) - client-71F61C017E1E->6c928baf-cc3b-4a10-9362-ff4e15dca71d: receive RaftClientReply:client-71F61C017E1E->6c928baf-cc3b-4a10-9362-ff4e15dca71d@group-586430B97ADD, cid=75, SUCCESS, logIndex=109, commits[6c928baf-cc3b-4a10-9362-ff4e15dca71d:c110]
2019-08-10 04:37:55,477 INFO  client.GrpcClientProtocolClient (GrpcClientProtocolClient.java:onNext(255)) - client-71F61C017E1E->6c928baf-cc3b-4a10-9362-ff4e15dca71d: receive RaftClientReply:client-71F61C017E1E->6c928baf-cc3b-4a10-9362-ff4e15dca71d@group-586430B97ADD, cid=76, SUCCESS, logIndex=110, commits[6c928baf-cc3b-4a10-9362-ff4e15dca71d:c110]
2019-08-10 04:37:55,489 DEBUG block.SCMBlockDeletingService (SCMBlockDeletingService.java:call(138)) - Running DeletedBlockTransactionScanner
2019-08-10 04:37:55,489 DEBUG block.SCMBlockDeletingService (SCMBlockDeletingService.java:call(155)) - Scanned deleted blocks log and got 0 delTX to process.
2019-08-10 04:37:55,503 INFO  client.GrpcClientProtocolClient (GrpcClientProtocolClient.java:onNext(255)) - client-71F61C017E1E->6c928baf-cc3b-4a10-9362-ff4e15dca71d: receive RaftClientReply:client-71F61C017E1E->6c928baf-cc3b-4a10-9362-ff4e15dca71d@group-586430B97ADD, cid=77, SUCCESS, logIndex=112, commits[6c928baf-cc3b-4a10-9362-ff4e15dca71d:c115]
2019-08-10 04:37:55,504 INFO  client.GrpcClientProtocolClient (GrpcClientProtocolClient.java:onNext(255)) - client-71F61C017E1E->6c928baf-cc3b-4a10-9362-ff4e15dca71d: receive RaftClientReply:client-71F61C017E1E->6c928baf-cc3b-4a10-9362-ff4e15dca71d@group-586430B97ADD, cid=78, SUCCESS, logIndex=113, commits[6c928baf-cc3b-4a10-9362-ff4e15dca71d:c116]
2019-08-10 04:37:55,505 INFO  client.GrpcClientProtocolClient (GrpcClientProtocolClient.java:onNext(255)) - client-71F61C017E1E->6c928baf-cc3b-4a10-9362-ff4e15dca71d: receive RaftClientReply:client-71F61C017E1E->6c928baf-cc3b-4a10-9362-ff4e15dca71d@group-586430B97ADD, cid=79, SUCCESS, logIndex=114, commits[6c928baf-cc3b-4a10-9362-ff4e15dca71d:c117]
2019-08-10 04:37:55,506 INFO  client.GrpcClientProtocolClient (GrpcClientProtocolClient.java:onNext(255)) - client-71F61C017E1E->6c928baf-cc3b-4a10-9362-ff4e15dca71d: receive RaftClientReply:client-71F61C017E1E->6c928baf-cc3b-4a10-9362-ff4e15dca71d@group-586430B97ADD, cid=80, SUCCESS, logIndex=115, commits[6c928baf-cc3b-4a10-9362-ff4e15dca71d:c117]
2019-08-10 04:37:55,601 DEBUG block.SCMBlockDeletingService (SCMBlockDeletingService.java:call(138)) - Running DeletedBlockTransactionScanner
2019-08-10 04:37:55,603 DEBUG block.SCMBlockDeletingService (SCMBlockDeletingService.java:call(155)) - Scanned deleted blocks log and got 0 delTX to process.
2019-08-10 04:37:55,615 INFO  client.GrpcClientProtocolClient (GrpcClientProtocolClient.java:onNext(255)) - client-71F61C017E1E->6c928baf-cc3b-4a10-9362-ff4e15dca71d: receive RaftClientReply:client-71F61C017E1E->6c928baf-cc3b-4a10-9362-ff4e15dca71d@group-586430B97ADD, cid=81, SUCCESS, logIndex=118, commits[6c928baf-cc3b-4a10-9362-ff4e15dca71d:c119]
2019-08-10 04:37:55,616 INFO  client.GrpcClientProtocolClient (GrpcClientProtocolClient.java:onNext(255)) - client-71F61C017E1E->6c928baf-cc3b-4a10-9362-ff4e15dca71d: receive RaftClientReply:client-71F61C017E1E->6c928baf-cc3b-4a10-9362-ff4e15dca71d@group-586430B97ADD, cid=82, SUCCESS, logIndex=119, commits[6c928baf-cc3b-4a10-9362-ff4e15dca71d:c119]
2019-08-10 04:37:55,625 INFO  client.GrpcClientProtocolClient (GrpcClientProtocolClient.java:onNext(255)) - client-71F61C017E1E->6c928baf-cc3b-4a10-9362-ff4e15dca71d: receive RaftClientReply:client-71F61C017E1E->6c928baf-cc3b-4a10-9362-ff4e15dca71d@group-586430B97ADD, cid=83, SUCCESS, logIndex=120, commits[6c928baf-cc3b-4a10-9362-ff4e15dca71d:c122]
2019-08-10 04:37:55,626 INFO  client.GrpcClientProtocolClient (GrpcClientProtocolClient.java:onNext(255)) - client-71F61C017E1E->6c928baf-cc3b-4a10-9362-ff4e15dca71d: receive RaftClientReply:client-71F61C017E1E->6c928baf-cc3b-4a10-9362-ff4e15dca71d@group-586430B97ADD, cid=84, SUCCESS, logIndex=121, commits[6c928baf-cc3b-4a10-9362-ff4e15dca71d:c122]
2019-08-10 04:37:55,648 INFO  client.GrpcClientProtocolClient (GrpcClientProtocolClient.java:onNext(255)) - client-71F61C017E1E->6c928baf-cc3b-4a10-9362-ff4e15dca71d: receive RaftClientReply:client-71F61C017E1E->6c928baf-cc3b-4a10-9362-ff4e15dca71d@group-586430B97ADD, cid=85, SUCCESS, logIndex=123, commits[6c928baf-cc3b-4a10-9362-ff4e15dca71d:c126]
2019-08-10 04:37:55,648 INFO  client.GrpcClientProtocolClient (GrpcClientProtocolClient.java:onNext(255)) - client-71F61C017E1E->6c928baf-cc3b-4a10-9362-ff4e15dca71d: receive RaftClientReply:client-71F61C017E1E->6c928baf-cc3b-4a10-9362-ff4e15dca71d@group-586430B97ADD, cid=86, SUCCESS, logIndex=124, commits[6c928baf-cc3b-4a10-9362-ff4e15dca71d:c126]
2019-08-10 04:37:55,649 INFO  client.GrpcClientProtocolClient (GrpcClientProtocolClient.java:onNext(255)) - client-71F61C017E1E->6c928baf-cc3b-4a10-9362-ff4e15dca71d: receive RaftClientReply:client-71F61C017E1E->6c928baf-cc3b-4a10-9362-ff4e15dca71d@group-586430B97ADD, cid=87, SUCCESS, logIndex=125, commits[6c928baf-cc3b-4a10-9362-ff4e15dca71d:c126]
2019-08-10 04:37:55,650 INFO  client.GrpcClientProtocolClient (GrpcClientProtocolClient.java:onNext(255)) - client-71F61C017E1E->6c928baf-cc3b-4a10-9362-ff4e15dca71d: receive RaftClientReply:client-71F61C017E1E->6c928baf-cc3b-4a10-9362-ff4e15dca71d@group-586430B97ADD, cid=88, SUCCESS, logIndex=126, commits[6c928baf-cc3b-4a10-9362-ff4e15dca71d:c126]
2019-08-10 04:37:55,703 DEBUG block.SCMBlockDeletingService (SCMBlockDeletingService.java:call(138)) - Running DeletedBlockTransactionScanner
2019-08-10 04:37:55,704 DEBUG block.SCMBlockDeletingService (SCMBlockDeletingService.java:call(155)) - Scanned deleted blocks log and got 0 delTX to process.
2019-08-10 04:37:55,784 INFO  client.GrpcClientProtocolClient (GrpcClientProtocolClient.java:onNext(255)) - client-71F61C017E1E->6c928baf-cc3b-4a10-9362-ff4e15dca71d: receive RaftClientReply:client-71F61C017E1E->6c928baf-cc3b-4a10-9362-ff4e15dca71d@group-586430B97ADD, cid=89, SUCCESS, logIndex=128, commits[6c928baf-cc3b-4a10-9362-ff4e15dca71d:c131]
2019-08-10 04:37:55,785 INFO  client.GrpcClientProtocolClient (GrpcClientProtocolClient.java:onNext(255)) - client-71F61C017E1E->6c928baf-cc3b-4a10-9362-ff4e15dca71d: receive RaftClientReply:client-71F61C017E1E->6c928baf-cc3b-4a10-9362-ff4e15dca71d@group-586430B97ADD, cid=90, SUCCESS, logIndex=129, commits[6c928baf-cc3b-4a10-9362-ff4e15dca71d:c132]
2019-08-10 04:37:55,786 INFO  client.GrpcClientProtocolClient (GrpcClientProtocolClient.java:onNext(255)) - client-71F61C017E1E->6c928baf-cc3b-4a10-9362-ff4e15dca71d: receive RaftClientReply:client-71F61C017E1E->6c928baf-cc3b-4a10-9362-ff4e15dca71d@group-586430B97ADD, cid=91, SUCCESS, logIndex=130, commits[6c928baf-cc3b-4a10-9362-ff4e15dca71d:c133]
2019-08-10 04:37:55,786 INFO  client.GrpcClientProtocolClient (GrpcClientProtocolClient.java:onNext(255)) - client-71F61C017E1E->6c928baf-cc3b-4a10-9362-ff4e15dca71d: receive RaftClientReply:client-71F61C017E1E->6c928baf-cc3b-4a10-9362-ff4e15dca71d@group-586430B97ADD, cid=92, SUCCESS, logIndex=131, commits[6c928baf-cc3b-4a10-9362-ff4e15dca71d:c133]
2019-08-10 04:37:55,804 DEBUG block.SCMBlockDeletingService (SCMBlockDeletingService.java:call(138)) - Running DeletedBlockTransactionScanner
2019-08-10 04:37:55,805 DEBUG block.SCMBlockDeletingService (SCMBlockDeletingService.java:call(155)) - Scanned deleted blocks log and got 0 delTX to process.
2019-08-10 04:37:55,812 INFO  client.GrpcClientProtocolClient (GrpcClientProtocolClient.java:onNext(255)) - client-71F61C017E1E->6c928baf-cc3b-4a10-9362-ff4e15dca71d: receive RaftClientReply:client-71F61C017E1E->6c928baf-cc3b-4a10-9362-ff4e15dca71d@group-586430B97ADD, cid=93, SUCCESS, logIndex=134, commits[6c928baf-cc3b-4a10-9362-ff4e15dca71d:c135]
2019-08-10 04:37:55,816 INFO  client.GrpcClientProtocolClient (GrpcClientProtocolClient.java:onNext(255)) - client-71F61C017E1E->6c928baf-cc3b-4a10-9362-ff4e15dca71d: receive RaftClientReply:client-71F61C017E1E->6c928baf-cc3b-4a10-9362-ff4e15dca71d@group-586430B97ADD, cid=94, SUCCESS, logIndex=135, commits[6c928baf-cc3b-4a10-9362-ff4e15dca71d:c138]
2019-08-10 04:37:55,816 INFO  client.GrpcClientProtocolClient (GrpcClientProtocolClient.java:onNext(255)) - client-71F61C017E1E->6c928baf-cc3b-4a10-9362-ff4e15dca71d: receive RaftClientReply:client-71F61C017E1E->6c928baf-cc3b-4a10-9362-ff4e15dca71d@group-586430B97ADD, cid=95, SUCCESS, logIndex=136, commits[6c928baf-cc3b-4a10-9362-ff4e15dca71d:c139]
2019-08-10 04:37:55,817 INFO  client.GrpcClientProtocolClient (GrpcClientProtocolClient.java:onNext(255)) - client-71F61C017E1E->6c928baf-cc3b-4a10-9362-ff4e15dca71d: receive RaftClientReply:client-71F61C017E1E->6c928baf-cc3b-4a10-9362-ff4e15dca71d@group-586430B97ADD, cid=96, SUCCESS, logIndex=137, commits[6c928baf-cc3b-4a10-9362-ff4e15dca71d:c139]
2019-08-10 04:37:55,858 INFO  client.GrpcClientProtocolClient (GrpcClientProtocolClient.java:onNext(255)) - client-71F61C017E1E->6c928baf-cc3b-4a10-9362-ff4e15dca71d: receive RaftClientReply:client-71F61C017E1E->6c928baf-cc3b-4a10-9362-ff4e15dca71d@group-586430B97ADD, cid=97, SUCCESS, logIndex=140, commits[6c928baf-cc3b-4a10-9362-ff4e15dca71d:c143]
2019-08-10 04:37:55,859 INFO  client.GrpcClientProtocolClient (GrpcClientProtocolClient.java:onNext(255)) - client-71F61C017E1E->6c928baf-cc3b-4a10-9362-ff4e15dca71d: receive RaftClientReply:client-71F61C017E1E->6c928baf-cc3b-4a10-9362-ff4e15dca71d@group-586430B97ADD, cid=98, SUCCESS, logIndex=141, commits[6c928baf-cc3b-4a10-9362-ff4e15dca71d:c143]
2019-08-10 04:37:55,860 INFO  client.GrpcClientProtocolClient (GrpcClientProtocolClient.java:onNext(255)) - client-71F61C017E1E->6c928baf-cc3b-4a10-9362-ff4e15dca71d: receive RaftClientReply:client-71F61C017E1E->6c928baf-cc3b-4a10-9362-ff4e15dca71d@group-586430B97ADD, cid=99, SUCCESS, logIndex=142, commits[6c928baf-cc3b-4a10-9362-ff4e15dca71d:c143]
2019-08-10 04:37:55,860 INFO  client.GrpcClientProtocolClient (GrpcClientProtocolClient.java:onNext(255)) - client-71F61C017E1E->6c928baf-cc3b-4a10-9362-ff4e15dca71d: receive RaftClientReply:client-71F61C017E1E->6c928baf-cc3b-4a10-9362-ff4e15dca71d@group-586430B97ADD, cid=100, SUCCESS, logIndex=143, commits[6c928baf-cc3b-4a10-9362-ff4e15dca71d:c143]
2019-08-10 04:37:55,886 INFO  client.GrpcClientProtocolClient (GrpcClientProtocolClient.java:onNext(255)) - client-71F61C017E1E->6c928baf-cc3b-4a10-9362-ff4e15dca71d: receive RaftClientReply:client-71F61C017E1E->6c928baf-cc3b-4a10-9362-ff4e15dca71d@group-586430B97ADD, cid=101, SUCCESS, logIndex=145, commits[6c928baf-cc3b-4a10-9362-ff4e15dca71d:c148]
2019-08-10 04:37:55,887 INFO  client.GrpcClientProtocolClient (GrpcClientProtocolClient.java:onNext(255)) - client-71F61C017E1E->6c928baf-cc3b-4a10-9362-ff4e15dca71d: receive RaftClientReply:client-71F61C017E1E->6c928baf-cc3b-4a10-9362-ff4e15dca71d@group-586430B97ADD, cid=102, SUCCESS, logIndex=146, commits[6c928baf-cc3b-4a10-9362-ff4e15dca71d:c148]
2019-08-10 04:37:55,888 INFO  client.GrpcClientProtocolClient (GrpcClientProtocolClient.java:onNext(255)) - client-71F61C017E1E->6c928baf-cc3b-4a10-9362-ff4e15dca71d: receive RaftClientReply:client-71F61C017E1E->6c928baf-cc3b-4a10-9362-ff4e15dca71d@group-586430B97ADD, cid=103, SUCCESS, logIndex=147, commits[6c928baf-cc3b-4a10-9362-ff4e15dca71d:c148]
2019-08-10 04:37:55,889 INFO  client.GrpcClientProtocolClient (GrpcClientProtocolClient.java:onNext(255)) - client-71F61C017E1E->6c928baf-cc3b-4a10-9362-ff4e15dca71d: receive RaftClientReply:client-71F61C017E1E->6c928baf-cc3b-4a10-9362-ff4e15dca71d@group-586430B97ADD, cid=104, SUCCESS, logIndex=148, commits[6c928baf-cc3b-4a10-9362-ff4e15dca71d:c148]
2019-08-10 04:37:55,905 DEBUG block.SCMBlockDeletingService (SCMBlockDeletingService.java:call(138)) - Running DeletedBlockTransactionScanner
2019-08-10 04:37:55,905 DEBUG block.SCMBlockDeletingService (SCMBlockDeletingService.java:call(155)) - Scanned deleted blocks log and got 0 delTX to process.
2019-08-10 04:37:55,922 INFO  client.GrpcClientProtocolClient (GrpcClientProtocolClient.java:onNext(255)) - client-71F61C017E1E->6c928baf-cc3b-4a10-9362-ff4e15dca71d: receive RaftClientReply:client-71F61C017E1E->6c928baf-cc3b-4a10-9362-ff4e15dca71d@group-586430B97ADD, cid=105, SUCCESS, logIndex=150, commits[6c928baf-cc3b-4a10-9362-ff4e15dca71d:c153]
2019-08-10 04:37:55,923 INFO  client.GrpcClientProtocolClient (GrpcClientProtocolClient.java:onNext(255)) - client-71F61C017E1E->6c928baf-cc3b-4a10-9362-ff4e15dca71d: receive RaftClientReply:client-71F61C017E1E->6c928baf-cc3b-4a10-9362-ff4e15dca71d@group-586430B97ADD, cid=106, SUCCESS, logIndex=151, commits[6c928baf-cc3b-4a10-9362-ff4e15dca71d:c153]
2019-08-10 04:37:55,923 INFO  client.GrpcClientProtocolClient (GrpcClientProtocolClient.java:onNext(255)) - client-71F61C017E1E->6c928baf-cc3b-4a10-9362-ff4e15dca71d: receive RaftClientReply:client-71F61C017E1E->6c928baf-cc3b-4a10-9362-ff4e15dca71d@group-586430B97ADD, cid=107, SUCCESS, logIndex=152, commits[6c928baf-cc3b-4a10-9362-ff4e15dca71d:c153]
2019-08-10 04:37:55,925 INFO  client.GrpcClientProtocolClient (GrpcClientProtocolClient.java:onNext(255)) - client-71F61C017E1E->6c928baf-cc3b-4a10-9362-ff4e15dca71d: receive RaftClientReply:client-71F61C017E1E->6c928baf-cc3b-4a10-9362-ff4e15dca71d@group-586430B97ADD, cid=108, SUCCESS, logIndex=153, commits[6c928baf-cc3b-4a10-9362-ff4e15dca71d:c153]
2019-08-10 04:37:55,952 INFO  client.GrpcClientProtocolClient (GrpcClientProtocolClient.java:onNext(255)) - client-71F61C017E1E->6c928baf-cc3b-4a10-9362-ff4e15dca71d: receive RaftClientReply:client-71F61C017E1E->6c928baf-cc3b-4a10-9362-ff4e15dca71d@group-586430B97ADD, cid=109, SUCCESS, logIndex=155, commits[6c928baf-cc3b-4a10-9362-ff4e15dca71d:c158]
2019-08-10 04:37:55,953 INFO  client.GrpcClientProtocolClient (GrpcClientProtocolClient.java:onNext(255)) - client-71F61C017E1E->6c928baf-cc3b-4a10-9362-ff4e15dca71d: receive RaftClientReply:client-71F61C017E1E->6c928baf-cc3b-4a10-9362-ff4e15dca71d@group-586430B97ADD, cid=110, SUCCESS, logIndex=156, commits[6c928baf-cc3b-4a10-9362-ff4e15dca71d:c158]
2019-08-10 04:37:55,953 INFO  client.GrpcClientProtocolClient (GrpcClientProtocolClient.java:onNext(255)) - client-71F61C017E1E->6c928baf-cc3b-4a10-9362-ff4e15dca71d: receive RaftClientReply:client-71F61C017E1E->6c928baf-cc3b-4a10-9362-ff4e15dca71d@group-586430B97ADD, cid=111, SUCCESS, logIndex=157, commits[6c928baf-cc3b-4a10-9362-ff4e15dca71d:c158]
2019-08-10 04:37:55,954 INFO  client.GrpcClientProtocolClient (GrpcClientProtocolClient.java:onNext(255)) - client-71F61C017E1E->6c928baf-cc3b-4a10-9362-ff4e15dca71d: receive RaftClientReply:client-71F61C017E1E->6c928baf-cc3b-4a10-9362-ff4e15dca71d@group-586430B97ADD, cid=112, SUCCESS, logIndex=158, commits[6c928baf-cc3b-4a10-9362-ff4e15dca71d:c158]
2019-08-10 04:37:55,986 INFO  client.GrpcClientProtocolClient (GrpcClientProtocolClient.java:onNext(255)) - client-71F61C017E1E->6c928baf-cc3b-4a10-9362-ff4e15dca71d: receive RaftClientReply:client-71F61C017E1E->6c928baf-cc3b-4a10-9362-ff4e15dca71d@group-586430B97ADD, cid=113, SUCCESS, logIndex=160, commits[6c928baf-cc3b-4a10-9362-ff4e15dca71d:c163]
2019-08-10 04:37:55,987 INFO  client.GrpcClientProtocolClient (GrpcClientProtocolClient.java:onNext(255)) - client-71F61C017E1E->6c928baf-cc3b-4a10-9362-ff4e15dca71d: receive RaftClientReply:client-71F61C017E1E->6c928baf-cc3b-4a10-9362-ff4e15dca71d@group-586430B97ADD, cid=114, SUCCESS, logIndex=161, commits[6c928baf-cc3b-4a10-9362-ff4e15dca71d:c164]
2019-08-10 04:37:55,988 INFO  client.GrpcClientProtocolClient (GrpcClientProtocolClient.java:onNext(255)) - client-71F61C017E1E->6c928baf-cc3b-4a10-9362-ff4e15dca71d: receive RaftClientReply:client-71F61C017E1E->6c928baf-cc3b-4a10-9362-ff4e15dca71d@group-586430B97ADD, cid=115, SUCCESS, logIndex=162, commits[6c928baf-cc3b-4a10-9362-ff4e15dca71d:c165]
2019-08-10 04:37:55,988 INFO  client.GrpcClientProtocolClient (GrpcClientProtocolClient.java:onNext(255)) - client-71F61C017E1E->6c928baf-cc3b-4a10-9362-ff4e15dca71d: receive RaftClientReply:client-71F61C017E1E->6c928baf-cc3b-4a10-9362-ff4e15dca71d@group-586430B97ADD, cid=116, SUCCESS, logIndex=163, commits[6c928baf-cc3b-4a10-9362-ff4e15dca71d:c165]
2019-08-10 04:37:56,006 DEBUG block.SCMBlockDeletingService (SCMBlockDeletingService.java:call(138)) - Running DeletedBlockTransactionScanner
2019-08-10 04:37:56,006 DEBUG block.SCMBlockDeletingService (SCMBlockDeletingService.java:call(155)) - Scanned deleted blocks log and got 0 delTX to process.
2019-08-10 04:37:56,016 INFO  client.GrpcClientProtocolClient (GrpcClientProtocolClient.java:onNext(255)) - client-71F61C017E1E->6c928baf-cc3b-4a10-9362-ff4e15dca71d: receive RaftClientReply:client-71F61C017E1E->6c928baf-cc3b-4a10-9362-ff4e15dca71d@group-586430B97ADD, cid=117, SUCCESS, logIndex=166, commits[6c928baf-cc3b-4a10-9362-ff4e15dca71d:c167]
2019-08-10 04:37:56,017 INFO  client.GrpcClientProtocolClient (GrpcClientProtocolClient.java:onNext(255)) - client-71F61C017E1E->6c928baf-cc3b-4a10-9362-ff4e15dca71d: receive RaftClientReply:client-71F61C017E1E->6c928baf-cc3b-4a10-9362-ff4e15dca71d@group-586430B97ADD, cid=118, SUCCESS, logIndex=167, commits[6c928baf-cc3b-4a10-9362-ff4e15dca71d:c170]
2019-08-10 04:37:56,018 INFO  client.GrpcClientProtocolClient (GrpcClientProtocolClient.java:onNext(255)) - client-71F61C017E1E->6c928baf-cc3b-4a10-9362-ff4e15dca71d: receive RaftClientReply:client-71F61C017E1E->6c928baf-cc3b-4a10-9362-ff4e15dca71d@group-586430B97ADD, cid=119, SUCCESS, logIndex=168, commits[6c928baf-cc3b-4a10-9362-ff4e15dca71d:c171]
2019-08-10 04:37:56,019 INFO  client.GrpcClientProtocolClient (GrpcClientProtocolClient.java:onNext(255)) - client-71F61C017E1E->6c928baf-cc3b-4a10-9362-ff4e15dca71d: receive RaftClientReply:client-71F61C017E1E->6c928baf-cc3b-4a10-9362-ff4e15dca71d@group-586430B97ADD, cid=120, SUCCESS, logIndex=169, commits[6c928baf-cc3b-4a10-9362-ff4e15dca71d:c171]
2019-08-10 04:37:56,052 INFO  client.GrpcClientProtocolClient (GrpcClientProtocolClient.java:onNext(255)) - client-71F61C017E1E->6c928baf-cc3b-4a10-9362-ff4e15dca71d: receive RaftClientReply:client-71F61C017E1E->6c928baf-cc3b-4a10-9362-ff4e15dca71d@group-586430B97ADD, cid=121, SUCCESS, logIndex=172, commits[6c928baf-cc3b-4a10-9362-ff4e15dca71d:c173]
2019-08-10 04:37:56,053 INFO  client.GrpcClientProtocolClient (GrpcClientProtocolClient.java:onNext(255)) - client-71F61C017E1E->6c928baf-cc3b-4a10-9362-ff4e15dca71d: receive RaftClientReply:client-71F61C017E1E->6c928baf-cc3b-4a10-9362-ff4e15dca71d@group-586430B97ADD, cid=122, SUCCESS, logIndex=173, commits[6c928baf-cc3b-4a10-9362-ff4e15dca71d:c173]
2019-08-10 04:37:56,066 INFO  client.GrpcClientProtocolClient (GrpcClientProtocolClient.java:onNext(255)) - client-71F61C017E1E->6c928baf-cc3b-4a10-9362-ff4e15dca71d: receive RaftClientReply:client-71F61C017E1E->6c928baf-cc3b-4a10-9362-ff4e15dca71d@group-586430B97ADD, cid=123, SUCCESS, logIndex=174, commits[6c928baf-cc3b-4a10-9362-ff4e15dca71d:c176]
2019-08-10 04:37:56,066 INFO  client.GrpcClientProtocolClient (GrpcClientProtocolClient.java:onNext(255)) - client-71F61C017E1E->6c928baf-cc3b-4a10-9362-ff4e15dca71d: receive RaftClientReply:client-71F61C017E1E->6c928baf-cc3b-4a10-9362-ff4e15dca71d@group-586430B97ADD, cid=124, SUCCESS, logIndex=175, commits[6c928baf-cc3b-4a10-9362-ff4e15dca71d:c177]
2019-08-10 04:37:56,092 INFO  client.GrpcClientProtocolClient (GrpcClientProtocolClient.java:onNext(255)) - client-71F61C017E1E->6c928baf-cc3b-4a10-9362-ff4e15dca71d: receive RaftClientReply:client-71F61C017E1E->6c928baf-cc3b-4a10-9362-ff4e15dca71d@group-586430B97ADD, cid=125, SUCCESS, logIndex=178, commits[6c928baf-cc3b-4a10-9362-ff4e15dca71d:c179]
2019-08-10 04:37:56,092 INFO  client.GrpcClientProtocolClient (GrpcClientProtocolClient.java:onNext(255)) - client-71F61C017E1E->6c928baf-cc3b-4a10-9362-ff4e15dca71d: receive RaftClientReply:client-71F61C017E1E->6c928baf-cc3b-4a10-9362-ff4e15dca71d@group-586430B97ADD, cid=126, SUCCESS, logIndex=179, commits[6c928baf-cc3b-4a10-9362-ff4e15dca71d:c182]
2019-08-10 04:37:56,093 INFO  client.GrpcClientProtocolClient (GrpcClientProtocolClient.java:onNext(255)) - client-71F61C017E1E->6c928baf-cc3b-4a10-9362-ff4e15dca71d: receive RaftClientReply:client-71F61C017E1E->6c928baf-cc3b-4a10-9362-ff4e15dca71d@group-586430B97ADD, cid=127, SUCCESS, logIndex=180, commits[6c928baf-cc3b-4a10-9362-ff4e15dca71d:c183]
2019-08-10 04:37:56,094 INFO  client.GrpcClientProtocolClient (GrpcClientProtocolClient.java:onNext(255)) - client-71F61C017E1E->6c928baf-cc3b-4a10-9362-ff4e15dca71d: receive RaftClientReply:client-71F61C017E1E->6c928baf-cc3b-4a10-9362-ff4e15dca71d@group-586430B97ADD, cid=128, SUCCESS, logIndex=181, commits[6c928baf-cc3b-4a10-9362-ff4e15dca71d:c183]
2019-08-10 04:37:56,106 DEBUG block.SCMBlockDeletingService (SCMBlockDeletingService.java:call(138)) - Running DeletedBlockTransactionScanner
2019-08-10 04:37:56,107 DEBUG block.SCMBlockDeletingService (SCMBlockDeletingService.java:call(155)) - Scanned deleted blocks log and got 0 delTX to process.
2019-08-10 04:37:56,133 INFO  client.GrpcClientProtocolClient (GrpcClientProtocolClient.java:onNext(255)) - client-71F61C017E1E->6c928baf-cc3b-4a10-9362-ff4e15dca71d: receive RaftClientReply:client-71F61C017E1E->6c928baf-cc3b-4a10-9362-ff4e15dca71d@group-586430B97ADD, cid=129, SUCCESS, logIndex=184, commits[6c928baf-cc3b-4a10-9362-ff4e15dca71d:c187]
2019-08-10 04:37:56,134 INFO  client.GrpcClientProtocolClient (GrpcClientProtocolClient.java:onNext(255)) - client-71F61C017E1E->6c928baf-cc3b-4a10-9362-ff4e15dca71d: receive RaftClientReply:client-71F61C017E1E->6c928baf-cc3b-4a10-9362-ff4e15dca71d@group-586430B97ADD, cid=130, SUCCESS, logIndex=185, commits[6c928baf-cc3b-4a10-9362-ff4e15dca71d:c187]
2019-08-10 04:37:56,135 INFO  client.GrpcClientProtocolClient (GrpcClientProtocolClient.java:onNext(255)) - client-71F61C017E1E->6c928baf-cc3b-4a10-9362-ff4e15dca71d: receive RaftClientReply:client-71F61C017E1E->6c928baf-cc3b-4a10-9362-ff4e15dca71d@group-586430B97ADD, cid=131, SUCCESS, logIndex=186, commits[6c928baf-cc3b-4a10-9362-ff4e15dca71d:c187]
2019-08-10 04:37:56,135 INFO  client.GrpcClientProtocolClient (GrpcClientProtocolClient.java:onNext(255)) - client-71F61C017E1E->6c928baf-cc3b-4a10-9362-ff4e15dca71d: receive RaftClientReply:client-71F61C017E1E->6c928baf-cc3b-4a10-9362-ff4e15dca71d@group-586430B97ADD, cid=132, SUCCESS, logIndex=187, commits[6c928baf-cc3b-4a10-9362-ff4e15dca71d:c187]
2019-08-10 04:37:56,207 DEBUG block.SCMBlockDeletingService (SCMBlockDeletingService.java:call(138)) - Running DeletedBlockTransactionScanner
2019-08-10 04:37:56,208 DEBUG block.SCMBlockDeletingService (SCMBlockDeletingService.java:call(155)) - Scanned deleted blocks log and got 0 delTX to process.
2019-08-10 04:37:56,286 INFO  client.GrpcClientProtocolClient (GrpcClientProtocolClient.java:onNext(255)) - client-71F61C017E1E->6c928baf-cc3b-4a10-9362-ff4e15dca71d: receive RaftClientReply:client-71F61C017E1E->6c928baf-cc3b-4a10-9362-ff4e15dca71d@group-586430B97ADD, cid=133, SUCCESS, logIndex=190, commits[6c928baf-cc3b-4a10-9362-ff4e15dca71d:c191]
2019-08-10 04:37:56,286 INFO  client.GrpcClientProtocolClient (GrpcClientProtocolClient.java:onNext(255)) - client-71F61C017E1E->6c928baf-cc3b-4a10-9362-ff4e15dca71d: receive RaftClientReply:client-71F61C017E1E->6c928baf-cc3b-4a10-9362-ff4e15dca71d@group-586430B97ADD, cid=134, SUCCESS, logIndex=191, commits[6c928baf-cc3b-4a10-9362-ff4e15dca71d:c191]
2019-08-10 04:37:56,296 INFO  client.GrpcClientProtocolClient (GrpcClientProtocolClient.java:onNext(255)) - client-71F61C017E1E->6c928baf-cc3b-4a10-9362-ff4e15dca71d: receive RaftClientReply:client-71F61C017E1E->6c928baf-cc3b-4a10-9362-ff4e15dca71d@group-586430B97ADD, cid=135, SUCCESS, logIndex=192, commits[6c928baf-cc3b-4a10-9362-ff4e15dca71d:c193]
2019-08-10 04:37:56,297 INFO  client.GrpcClientProtocolClient (GrpcClientProtocolClient.java:onNext(255)) - client-71F61C017E1E->6c928baf-cc3b-4a10-9362-ff4e15dca71d: receive RaftClientReply:client-71F61C017E1E->6c928baf-cc3b-4a10-9362-ff4e15dca71d@group-586430B97ADD, cid=136, SUCCESS, logIndex=193, commits[6c928baf-cc3b-4a10-9362-ff4e15dca71d:c195]
2019-08-10 04:37:56,308 DEBUG block.SCMBlockDeletingService (SCMBlockDeletingService.java:call(138)) - Running DeletedBlockTransactionScanner
2019-08-10 04:37:56,308 DEBUG block.SCMBlockDeletingService (SCMBlockDeletingService.java:call(155)) - Scanned deleted blocks log and got 0 delTX to process.
2019-08-10 04:37:56,329 INFO  client.GrpcClientProtocolClient (GrpcClientProtocolClient.java:onNext(255)) - client-71F61C017E1E->6c928baf-cc3b-4a10-9362-ff4e15dca71d: receive RaftClientReply:client-71F61C017E1E->6c928baf-cc3b-4a10-9362-ff4e15dca71d@group-586430B97ADD, cid=137, SUCCESS, logIndex=196, commits[6c928baf-cc3b-4a10-9362-ff4e15dca71d:c199]
2019-08-10 04:37:56,331 INFO  client.GrpcClientProtocolClient (GrpcClientProtocolClient.java:onNext(255)) - client-71F61C017E1E->6c928baf-cc3b-4a10-9362-ff4e15dca71d: receive RaftClientReply:client-71F61C017E1E->6c928baf-cc3b-4a10-9362-ff4e15dca71d@group-586430B97ADD, cid=138, SUCCESS, logIndex=197, commits[6c928baf-cc3b-4a10-9362-ff4e15dca71d:c200]
2019-08-10 04:37:56,331 INFO  client.GrpcClientProtocolClient (GrpcClientProtocolClient.java:onNext(255)) - client-71F61C017E1E->6c928baf-cc3b-4a10-9362-ff4e15dca71d: receive RaftClientReply:client-71F61C017E1E->6c928baf-cc3b-4a10-9362-ff4e15dca71d@group-586430B97ADD, cid=139, SUCCESS, logIndex=198, commits[6c928baf-cc3b-4a10-9362-ff4e15dca71d:c201]
2019-08-10 04:37:56,332 INFO  client.GrpcClientProtocolClient (GrpcClientProtocolClient.java:onNext(255)) - client-71F61C017E1E->6c928baf-cc3b-4a10-9362-ff4e15dca71d: receive RaftClientReply:client-71F61C017E1E->6c928baf-cc3b-4a10-9362-ff4e15dca71d@group-586430B97ADD, cid=140, SUCCESS, logIndex=199, commits[6c928baf-cc3b-4a10-9362-ff4e15dca71d:c201]
2019-08-10 04:37:56,356 INFO  client.GrpcClientProtocolClient (GrpcClientProtocolClient.java:onNext(255)) - client-71F61C017E1E->6c928baf-cc3b-4a10-9362-ff4e15dca71d: receive RaftClientReply:client-71F61C017E1E->6c928baf-cc3b-4a10-9362-ff4e15dca71d@group-586430B97ADD, cid=141, SUCCESS, logIndex=202, commits[6c928baf-cc3b-4a10-9362-ff4e15dca71d:c203]
2019-08-10 04:37:56,356 INFO  client.GrpcClientProtocolClient (GrpcClientProtocolClient.java:onNext(255)) - client-71F61C017E1E->6c928baf-cc3b-4a10-9362-ff4e15dca71d: receive RaftClientReply:client-71F61C017E1E->6c928baf-cc3b-4a10-9362-ff4e15dca71d@group-586430B97ADD, cid=142, SUCCESS, logIndex=203, commits[6c928baf-cc3b-4a10-9362-ff4e15dca71d:c205]
2019-08-10 04:37:56,357 INFO  client.GrpcClientProtocolClient (GrpcClientProtocolClient.java:onNext(255)) - client-71F61C017E1E->6c928baf-cc3b-4a10-9362-ff4e15dca71d: receive RaftClientReply:client-71F61C017E1E->6c928baf-cc3b-4a10-9362-ff4e15dca71d@group-586430B97ADD, cid=143, SUCCESS, logIndex=204, commits[6c928baf-cc3b-4a10-9362-ff4e15dca71d:c206]
2019-08-10 04:37:56,357 INFO  client.GrpcClientProtocolClient (GrpcClientProtocolClient.java:onNext(255)) - client-71F61C017E1E->6c928baf-cc3b-4a10-9362-ff4e15dca71d: receive RaftClientReply:client-71F61C017E1E->6c928baf-cc3b-4a10-9362-ff4e15dca71d@group-586430B97ADD, cid=144, SUCCESS, logIndex=205, commits[6c928baf-cc3b-4a10-9362-ff4e15dca71d:c207]
2019-08-10 04:37:56,396 INFO  client.GrpcClientProtocolClient (GrpcClientProtocolClient.java:onNext(255)) - client-71F61C017E1E->6c928baf-cc3b-4a10-9362-ff4e15dca71d: receive RaftClientReply:client-71F61C017E1E->6c928baf-cc3b-4a10-9362-ff4e15dca71d@group-586430B97ADD, cid=145, SUCCESS, logIndex=208, commits[6c928baf-cc3b-4a10-9362-ff4e15dca71d:c209]
2019-08-10 04:37:56,397 INFO  client.GrpcClientProtocolClient (GrpcClientProtocolClient.java:onNext(255)) - client-71F61C017E1E->6c928baf-cc3b-4a10-9362-ff4e15dca71d: receive RaftClientReply:client-71F61C017E1E->6c928baf-cc3b-4a10-9362-ff4e15dca71d@group-586430B97ADD, cid=146, SUCCESS, logIndex=209, commits[6c928baf-cc3b-4a10-9362-ff4e15dca71d:c212]
2019-08-10 04:37:56,397 INFO  client.GrpcClientProtocolClient (GrpcClientProtocolClient.java:onNext(255)) - client-71F61C017E1E->6c928baf-cc3b-4a10-9362-ff4e15dca71d: receive RaftClientReply:client-71F61C017E1E->6c928baf-cc3b-4a10-9362-ff4e15dca71d@group-586430B97ADD, cid=147, SUCCESS, logIndex=210, commits[6c928baf-cc3b-4a10-9362-ff4e15dca71d:c212]
2019-08-10 04:37:56,398 INFO  client.GrpcClientProtocolClient (GrpcClientProtocolClient.java:onNext(255)) - client-71F61C017E1E->6c928baf-cc3b-4a10-9362-ff4e15dca71d: receive RaftClientReply:client-71F61C017E1E->6c928baf-cc3b-4a10-9362-ff4e15dca71d@group-586430B97ADD, cid=148, SUCCESS, logIndex=211, commits[6c928baf-cc3b-4a10-9362-ff4e15dca71d:c213]
2019-08-10 04:37:56,409 DEBUG block.SCMBlockDeletingService (SCMBlockDeletingService.java:call(138)) - Running DeletedBlockTransactionScanner
2019-08-10 04:37:56,409 DEBUG block.SCMBlockDeletingService (SCMBlockDeletingService.java:call(155)) - Scanned deleted blocks log and got 0 delTX to process.
2019-08-10 04:37:56,422 INFO  client.GrpcClientProtocolClient (GrpcClientProtocolClient.java:onNext(255)) - client-71F61C017E1E->6c928baf-cc3b-4a10-9362-ff4e15dca71d: receive RaftClientReply:client-71F61C017E1E->6c928baf-cc3b-4a10-9362-ff4e15dca71d@group-586430B97ADD, cid=149, SUCCESS, logIndex=214, commits[6c928baf-cc3b-4a10-9362-ff4e15dca71d:c217]
2019-08-10 04:37:56,422 INFO  client.GrpcClientProtocolClient (GrpcClientProtocolClient.java:onNext(255)) - client-71F61C017E1E->6c928baf-cc3b-4a10-9362-ff4e15dca71d: receive RaftClientReply:client-71F61C017E1E->6c928baf-cc3b-4a10-9362-ff4e15dca71d@group-586430B97ADD, cid=150, SUCCESS, logIndex=215, commits[6c928baf-cc3b-4a10-9362-ff4e15dca71d:c218]
2019-08-10 04:37:56,423 INFO  client.GrpcClientProtocolClient (GrpcClientProtocolClient.java:onNext(255)) - client-71F61C017E1E->6c928baf-cc3b-4a10-9362-ff4e15dca71d: receive RaftClientReply:client-71F61C017E1E->6c928baf-cc3b-4a10-9362-ff4e15dca71d@group-586430B97ADD, cid=151, SUCCESS, logIndex=216, commits[6c928baf-cc3b-4a10-9362-ff4e15dca71d:c219]
2019-08-10 04:37:56,424 INFO  client.GrpcClientProtocolClient (GrpcClientProtocolClient.java:onNext(255)) - client-71F61C017E1E->6c928baf-cc3b-4a10-9362-ff4e15dca71d: receive RaftClientReply:client-71F61C017E1E->6c928baf-cc3b-4a10-9362-ff4e15dca71d@group-586430B97ADD, cid=152, SUCCESS, logIndex=217, commits[6c928baf-cc3b-4a10-9362-ff4e15dca71d:c219]
2019-08-10 04:37:56,456 INFO  client.GrpcClientProtocolClient (GrpcClientProtocolClient.java:onNext(255)) - client-71F61C017E1E->6c928baf-cc3b-4a10-9362-ff4e15dca71d: receive RaftClientReply:client-71F61C017E1E->6c928baf-cc3b-4a10-9362-ff4e15dca71d@group-586430B97ADD, cid=153, SUCCESS, logIndex=220, commits[6c928baf-cc3b-4a10-9362-ff4e15dca71d:c223]
2019-08-10 04:37:56,457 INFO  client.GrpcClientProtocolClient (GrpcClientProtocolClient.java:onNext(255)) - client-71F61C017E1E->6c928baf-cc3b-4a10-9362-ff4e15dca71d: receive RaftClientReply:client-71F61C017E1E->6c928baf-cc3b-4a10-9362-ff4e15dca71d@group-586430B97ADD, cid=154, SUCCESS, logIndex=221, commits[6c928baf-cc3b-4a10-9362-ff4e15dca71d:c224]
2019-08-10 04:37:56,457 INFO  client.GrpcClientProtocolClient (GrpcClientProtocolClient.java:onNext(255)) - client-71F61C017E1E->6c928baf-cc3b-4a10-9362-ff4e15dca71d: receive RaftClientReply:client-71F61C017E1E->6c928baf-cc3b-4a10-9362-ff4e15dca71d@group-586430B97ADD, cid=155, SUCCESS, logIndex=222, commits[6c928baf-cc3b-4a10-9362-ff4e15dca71d:c225]
2019-08-10 04:37:56,458 INFO  client.GrpcClientProtocolClient (GrpcClientProtocolClient.java:onNext(255)) - client-71F61C017E1E->6c928baf-cc3b-4a10-9362-ff4e15dca71d: receive RaftClientReply:client-71F61C017E1E->6c928baf-cc3b-4a10-9362-ff4e15dca71d@group-586430B97ADD, cid=156, SUCCESS, logIndex=223, commits[6c928baf-cc3b-4a10-9362-ff4e15dca71d:c225]
2019-08-10 04:37:56,481 INFO  client.GrpcClientProtocolClient (GrpcClientProtocolClient.java:onNext(255)) - client-71F61C017E1E->6c928baf-cc3b-4a10-9362-ff4e15dca71d: receive RaftClientReply:client-71F61C017E1E->6c928baf-cc3b-4a10-9362-ff4e15dca71d@group-586430B97ADD, cid=157, SUCCESS, logIndex=226, commits[6c928baf-cc3b-4a10-9362-ff4e15dca71d:c229]
2019-08-10 04:37:56,483 INFO  client.GrpcClientProtocolClient (GrpcClientProtocolClient.java:onNext(255)) - client-71F61C017E1E->6c928baf-cc3b-4a10-9362-ff4e15dca71d: receive RaftClientReply:client-71F61C017E1E->6c928baf-cc3b-4a10-9362-ff4e15dca71d@group-586430B97ADD, cid=158, SUCCESS, logIndex=227, commits[6c928baf-cc3b-4a10-9362-ff4e15dca71d:c231]
2019-08-10 04:37:56,483 INFO  client.GrpcClientProtocolClient (GrpcClientProtocolClient.java:onNext(255)) - client-71F61C017E1E->6c928baf-cc3b-4a10-9362-ff4e15dca71d: receive RaftClientReply:client-71F61C017E1E->6c928baf-cc3b-4a10-9362-ff4e15dca71d@group-586430B97ADD, cid=159, SUCCESS, logIndex=228, commits[6c928baf-cc3b-4a10-9362-ff4e15dca71d:c231]
2019-08-10 04:37:56,484 INFO  client.GrpcClientProtocolClient (GrpcClientProtocolClient.java:onNext(255)) - client-71F61C017E1E->6c928baf-cc3b-4a10-9362-ff4e15dca71d: receive RaftClientReply:client-71F61C017E1E->6c928baf-cc3b-4a10-9362-ff4e15dca71d@group-586430B97ADD, cid=160, SUCCESS, logIndex=229, commits[6c928baf-cc3b-4a10-9362-ff4e15dca71d:c231]
2019-08-10 04:37:56,509 DEBUG block.SCMBlockDeletingService (SCMBlockDeletingService.java:call(138)) - Running DeletedBlockTransactionScanner
2019-08-10 04:37:56,510 DEBUG block.SCMBlockDeletingService (SCMBlockDeletingService.java:call(155)) - Scanned deleted blocks log and got 0 delTX to process.
2019-08-10 04:37:56,516 INFO  client.GrpcClientProtocolClient (GrpcClientProtocolClient.java:onNext(255)) - client-71F61C017E1E->6c928baf-cc3b-4a10-9362-ff4e15dca71d: receive RaftClientReply:client-71F61C017E1E->6c928baf-cc3b-4a10-9362-ff4e15dca71d@group-586430B97ADD, cid=161, SUCCESS, logIndex=232, commits[6c928baf-cc3b-4a10-9362-ff4e15dca71d:c233]
2019-08-10 04:37:56,517 INFO  client.GrpcClientProtocolClient (GrpcClientProtocolClient.java:onNext(255)) - client-71F61C017E1E->6c928baf-cc3b-4a10-9362-ff4e15dca71d: receive RaftClientReply:client-71F61C017E1E->6c928baf-cc3b-4a10-9362-ff4e15dca71d@group-586430B97ADD, cid=162, SUCCESS, logIndex=233, commits[6c928baf-cc3b-4a10-9362-ff4e15dca71d:c236]
2019-08-10 04:37:56,517 INFO  client.GrpcClientProtocolClient (GrpcClientProtocolClient.java:onNext(255)) - client-71F61C017E1E->6c928baf-cc3b-4a10-9362-ff4e15dca71d: receive RaftClientReply:client-71F61C017E1E->6c928baf-cc3b-4a10-9362-ff4e15dca71d@group-586430B97ADD, cid=163, SUCCESS, logIndex=234, commits[6c928baf-cc3b-4a10-9362-ff4e15dca71d:c237]
2019-08-10 04:37:56,518 INFO  client.GrpcClientProtocolClient (GrpcClientProtocolClient.java:onNext(255)) - client-71F61C017E1E->6c928baf-cc3b-4a10-9362-ff4e15dca71d: receive RaftClientReply:client-71F61C017E1E->6c928baf-cc3b-4a10-9362-ff4e15dca71d@group-586430B97ADD, cid=164, SUCCESS, logIndex=235, commits[6c928baf-cc3b-4a10-9362-ff4e15dca71d:c237]
2019-08-10 04:37:56,542 INFO  client.GrpcClientProtocolClient (GrpcClientProtocolClient.java:onNext(255)) - client-71F61C017E1E->6c928baf-cc3b-4a10-9362-ff4e15dca71d: receive RaftClientReply:client-71F61C017E1E->6c928baf-cc3b-4a10-9362-ff4e15dca71d@group-586430B97ADD, cid=165, SUCCESS, logIndex=238, commits[6c928baf-cc3b-4a10-9362-ff4e15dca71d:c239]
2019-08-10 04:37:56,542 INFO  client.GrpcClientProtocolClient (GrpcClientProtocolClient.java:onNext(255)) - client-71F61C017E1E->6c928baf-cc3b-4a10-9362-ff4e15dca71d: receive RaftClientReply:client-71F61C017E1E->6c928baf-cc3b-4a10-9362-ff4e15dca71d@group-586430B97ADD, cid=166, SUCCESS, logIndex=239, commits[6c928baf-cc3b-4a10-9362-ff4e15dca71d:c242]
2019-08-10 04:37:56,543 INFO  client.GrpcClientProtocolClient (GrpcClientProtocolClient.java:onNext(255)) - client-71F61C017E1E->6c928baf-cc3b-4a10-9362-ff4e15dca71d: receive RaftClientReply:client-71F61C017E1E->6c928baf-cc3b-4a10-9362-ff4e15dca71d@group-586430B97ADD, cid=167, SUCCESS, logIndex=240, commits[6c928baf-cc3b-4a10-9362-ff4e15dca71d:c243]
2019-08-10 04:37:56,543 INFO  client.GrpcClientProtocolClient (GrpcClientProtocolClient.java:onNext(255)) - client-71F61C017E1E->6c928baf-cc3b-4a10-9362-ff4e15dca71d: receive RaftClientReply:client-71F61C017E1E->6c928baf-cc3b-4a10-9362-ff4e15dca71d@group-586430B97ADD, cid=168, SUCCESS, logIndex=241, commits[6c928baf-cc3b-4a10-9362-ff4e15dca71d:c243]
2019-08-10 04:37:56,576 INFO  client.GrpcClientProtocolClient (GrpcClientProtocolClient.java:onNext(255)) - client-71F61C017E1E->6c928baf-cc3b-4a10-9362-ff4e15dca71d: receive RaftClientReply:client-71F61C017E1E->6c928baf-cc3b-4a10-9362-ff4e15dca71d@group-586430B97ADD, cid=169, SUCCESS, logIndex=244, commits[6c928baf-cc3b-4a10-9362-ff4e15dca71d:c247]
2019-08-10 04:37:56,577 INFO  client.GrpcClientProtocolClient (GrpcClientProtocolClient.java:onNext(255)) - client-71F61C017E1E->6c928baf-cc3b-4a10-9362-ff4e15dca71d: receive RaftClientReply:client-71F61C017E1E->6c928baf-cc3b-4a10-9362-ff4e15dca71d@group-586430B97ADD, cid=170, SUCCESS, logIndex=245, commits[6c928baf-cc3b-4a10-9362-ff4e15dca71d:c249]
2019-08-10 04:37:56,578 INFO  client.GrpcClientProtocolClient (GrpcClientProtocolClient.java:onNext(255)) - client-71F61C017E1E->6c928baf-cc3b-4a10-9362-ff4e15dca71d: receive RaftClientReply:client-71F61C017E1E->6c928baf-cc3b-4a10-9362-ff4e15dca71d@group-586430B97ADD, cid=171, SUCCESS, logIndex=246, commits[6c928baf-cc3b-4a10-9362-ff4e15dca71d:c249]
2019-08-10 04:37:56,578 INFO  client.GrpcClientProtocolClient (GrpcClientProtocolClient.java:onNext(255)) - client-71F61C017E1E->6c928baf-cc3b-4a10-9362-ff4e15dca71d: receive RaftClientReply:client-71F61C017E1E->6c928baf-cc3b-4a10-9362-ff4e15dca71d@group-586430B97ADD, cid=172, SUCCESS, logIndex=247, commits[6c928baf-cc3b-4a10-9362-ff4e15dca71d:c249]
2019-08-10 04:37:56,602 INFO  client.GrpcClientProtocolClient (GrpcClientProtocolClient.java:onNext(255)) - client-71F61C017E1E->6c928baf-cc3b-4a10-9362-ff4e15dca71d: receive RaftClientReply:client-71F61C017E1E->6c928baf-cc3b-4a10-9362-ff4e15dca71d@group-586430B97ADD, cid=173, SUCCESS, logIndex=250, commits[6c928baf-cc3b-4a10-9362-ff4e15dca71d:c251]
2019-08-10 04:37:56,603 INFO  client.GrpcClientProtocolClient (GrpcClientProtocolClient.java:onNext(255)) - client-71F61C017E1E->6c928baf-cc3b-4a10-9362-ff4e15dca71d: receive RaftClientReply:client-71F61C017E1E->6c928baf-cc3b-4a10-9362-ff4e15dca71d@group-586430B97ADD, cid=174, SUCCESS, logIndex=251, commits[6c928baf-cc3b-4a10-9362-ff4e15dca71d:c254]
2019-08-10 04:37:56,604 INFO  client.GrpcClientProtocolClient (GrpcClientProtocolClient.java:onNext(255)) - client-71F61C017E1E->6c928baf-cc3b-4a10-9362-ff4e15dca71d: receive RaftClientReply:client-71F61C017E1E->6c928baf-cc3b-4a10-9362-ff4e15dca71d@group-586430B97ADD, cid=175, SUCCESS, logIndex=252, commits[6c928baf-cc3b-4a10-9362-ff4e15dca71d:c255]
2019-08-10 04:37:56,605 INFO  client.GrpcClientProtocolClient (GrpcClientProtocolClient.java:onNext(255)) - client-71F61C017E1E->6c928baf-cc3b-4a10-9362-ff4e15dca71d: receive RaftClientReply:client-71F61C017E1E->6c928baf-cc3b-4a10-9362-ff4e15dca71d@group-586430B97ADD, cid=176, SUCCESS, logIndex=253, commits[6c928baf-cc3b-4a10-9362-ff4e15dca71d:c255]
2019-08-10 04:37:56,610 DEBUG block.SCMBlockDeletingService (SCMBlockDeletingService.java:call(138)) - Running DeletedBlockTransactionScanner
2019-08-10 04:37:56,610 DEBUG block.SCMBlockDeletingService (SCMBlockDeletingService.java:call(155)) - Scanned deleted blocks log and got 0 delTX to process.
2019-08-10 04:37:56,711 DEBUG block.SCMBlockDeletingService (SCMBlockDeletingService.java:call(138)) - Running DeletedBlockTransactionScanner
2019-08-10 04:37:56,711 DEBUG block.SCMBlockDeletingService (SCMBlockDeletingService.java:call(155)) - Scanned deleted blocks log and got 0 delTX to process.
2019-08-10 04:37:56,766 INFO  client.GrpcClientProtocolClient (GrpcClientProtocolClient.java:onNext(255)) - client-71F61C017E1E->6c928baf-cc3b-4a10-9362-ff4e15dca71d: receive RaftClientReply:client-71F61C017E1E->6c928baf-cc3b-4a10-9362-ff4e15dca71d@group-586430B97ADD, cid=177, SUCCESS, logIndex=256, commits[6c928baf-cc3b-4a10-9362-ff4e15dca71d:c257]
2019-08-10 04:37:56,767 INFO  client.GrpcClientProtocolClient (GrpcClientProtocolClient.java:onNext(255)) - client-71F61C017E1E->6c928baf-cc3b-4a10-9362-ff4e15dca71d: receive RaftClientReply:client-71F61C017E1E->6c928baf-cc3b-4a10-9362-ff4e15dca71d@group-586430B97ADD, cid=178, SUCCESS, logIndex=257, commits[6c928baf-cc3b-4a10-9362-ff4e15dca71d:c257]
2019-08-10 04:37:56,777 INFO  client.GrpcClientProtocolClient (GrpcClientProtocolClient.java:onNext(255)) - client-71F61C017E1E->6c928baf-cc3b-4a10-9362-ff4e15dca71d: receive RaftClientReply:client-71F61C017E1E->6c928baf-cc3b-4a10-9362-ff4e15dca71d@group-586430B97ADD, cid=179, SUCCESS, logIndex=258, commits[6c928baf-cc3b-4a10-9362-ff4e15dca71d:c259]
2019-08-10 04:37:56,777 INFO  client.GrpcClientProtocolClient (GrpcClientProtocolClient.java:onNext(255)) - client-71F61C017E1E->6c928baf-cc3b-4a10-9362-ff4e15dca71d: receive RaftClientReply:client-71F61C017E1E->6c928baf-cc3b-4a10-9362-ff4e15dca71d@group-586430B97ADD, cid=180, SUCCESS, logIndex=259, commits[6c928baf-cc3b-4a10-9362-ff4e15dca71d:c260]
2019-08-10 04:37:56,802 INFO  client.GrpcClientProtocolClient (GrpcClientProtocolClient.java:onNext(255)) - client-71F61C017E1E->6c928baf-cc3b-4a10-9362-ff4e15dca71d: receive RaftClientReply:client-71F61C017E1E->6c928baf-cc3b-4a10-9362-ff4e15dca71d@group-586430B97ADD, cid=181, SUCCESS, logIndex=262, commits[6c928baf-cc3b-4a10-9362-ff4e15dca71d:c263]
2019-08-10 04:37:56,803 INFO  client.GrpcClientProtocolClient (GrpcClientProtocolClient.java:onNext(255)) - client-71F61C017E1E->6c928baf-cc3b-4a10-9362-ff4e15dca71d: receive RaftClientReply:client-71F61C017E1E->6c928baf-cc3b-4a10-9362-ff4e15dca71d@group-586430B97ADD, cid=182, SUCCESS, logIndex=263, commits[6c928baf-cc3b-4a10-9362-ff4e15dca71d:c263]
2019-08-10 04:37:56,811 DEBUG block.SCMBlockDeletingService (SCMBlockDeletingService.java:call(138)) - Running DeletedBlockTransactionScanner
2019-08-10 04:37:56,812 DEBUG block.SCMBlockDeletingService (SCMBlockDeletingService.java:call(155)) - Scanned deleted blocks log and got 0 delTX to process.
2019-08-10 04:37:56,816 INFO  client.GrpcClientProtocolClient (GrpcClientProtocolClient.java:onNext(255)) - client-71F61C017E1E->6c928baf-cc3b-4a10-9362-ff4e15dca71d: receive RaftClientReply:client-71F61C017E1E->6c928baf-cc3b-4a10-9362-ff4e15dca71d@group-586430B97ADD, cid=183, SUCCESS, logIndex=264, commits[6c928baf-cc3b-4a10-9362-ff4e15dca71d:c265]
2019-08-10 04:37:56,816 INFO  client.GrpcClientProtocolClient (GrpcClientProtocolClient.java:onNext(255)) - client-71F61C017E1E->6c928baf-cc3b-4a10-9362-ff4e15dca71d: receive RaftClientReply:client-71F61C017E1E->6c928baf-cc3b-4a10-9362-ff4e15dca71d@group-586430B97ADD, cid=184, SUCCESS, logIndex=265, commits[6c928baf-cc3b-4a10-9362-ff4e15dca71d:c267]
2019-08-10 04:37:56,847 INFO  client.GrpcClientProtocolClient (GrpcClientProtocolClient.java:onNext(255)) - client-71F61C017E1E->6c928baf-cc3b-4a10-9362-ff4e15dca71d: receive RaftClientReply:client-71F61C017E1E->6c928baf-cc3b-4a10-9362-ff4e15dca71d@group-586430B97ADD, cid=185, SUCCESS, logIndex=268, commits[6c928baf-cc3b-4a10-9362-ff4e15dca71d:c271]
2019-08-10 04:37:56,848 INFO  client.GrpcClientProtocolClient (GrpcClientProtocolClient.java:onNext(255)) - client-71F61C017E1E->6c928baf-cc3b-4a10-9362-ff4e15dca71d: receive RaftClientReply:client-71F61C017E1E->6c928baf-cc3b-4a10-9362-ff4e15dca71d@group-586430B97ADD, cid=186, SUCCESS, logIndex=269, commits[6c928baf-cc3b-4a10-9362-ff4e15dca71d:c272]
2019-08-10 04:37:56,849 INFO  client.GrpcClientProtocolClient (GrpcClientProtocolClient.java:onNext(255)) - client-71F61C017E1E->6c928baf-cc3b-4a10-9362-ff4e15dca71d: receive RaftClientReply:client-71F61C017E1E->6c928baf-cc3b-4a10-9362-ff4e15dca71d@group-586430B97ADD, cid=187, SUCCESS, logIndex=270, commits[6c928baf-cc3b-4a10-9362-ff4e15dca71d:c273]
2019-08-10 04:37:56,849 INFO  client.GrpcClientProtocolClient (GrpcClientProtocolClient.java:onNext(255)) - client-71F61C017E1E->6c928baf-cc3b-4a10-9362-ff4e15dca71d: receive RaftClientReply:client-71F61C017E1E->6c928baf-cc3b-4a10-9362-ff4e15dca71d@group-586430B97ADD, cid=188, SUCCESS, logIndex=271, commits[6c928baf-cc3b-4a10-9362-ff4e15dca71d:c273]
2019-08-10 04:37:56,873 INFO  client.GrpcClientProtocolClient (GrpcClientProtocolClient.java:onNext(255)) - client-71F61C017E1E->6c928baf-cc3b-4a10-9362-ff4e15dca71d: receive RaftClientReply:client-71F61C017E1E->6c928baf-cc3b-4a10-9362-ff4e15dca71d@group-586430B97ADD, cid=189, SUCCESS, logIndex=274, commits[6c928baf-cc3b-4a10-9362-ff4e15dca71d:c277]
2019-08-10 04:37:56,874 INFO  client.GrpcClientProtocolClient (GrpcClientProtocolClient.java:onNext(255)) - client-71F61C017E1E->6c928baf-cc3b-4a10-9362-ff4e15dca71d: receive RaftClientReply:client-71F61C017E1E->6c928baf-cc3b-4a10-9362-ff4e15dca71d@group-586430B97ADD, cid=190, SUCCESS, logIndex=275, commits[6c928baf-cc3b-4a10-9362-ff4e15dca71d:c278]
2019-08-10 04:37:56,874 INFO  client.GrpcClientProtocolClient (GrpcClientProtocolClient.java:onNext(255)) - client-71F61C017E1E->6c928baf-cc3b-4a10-9362-ff4e15dca71d: receive RaftClientReply:client-71F61C017E1E->6c928baf-cc3b-4a10-9362-ff4e15dca71d@group-586430B97ADD, cid=191, SUCCESS, logIndex=276, commits[6c928baf-cc3b-4a10-9362-ff4e15dca71d:c279]
2019-08-10 04:37:56,875 INFO  client.GrpcClientProtocolClient (GrpcClientProtocolClient.java:onNext(255)) - client-71F61C017E1E->6c928baf-cc3b-4a10-9362-ff4e15dca71d: receive RaftClientReply:client-71F61C017E1E->6c928baf-cc3b-4a10-9362-ff4e15dca71d@group-586430B97ADD, cid=192, SUCCESS, logIndex=277, commits[6c928baf-cc3b-4a10-9362-ff4e15dca71d:c279]
2019-08-10 04:37:56,905 INFO  client.GrpcClientProtocolClient (GrpcClientProtocolClient.java:onNext(255)) - client-71F61C017E1E->6c928baf-cc3b-4a10-9362-ff4e15dca71d: receive RaftClientReply:client-71F61C017E1E->6c928baf-cc3b-4a10-9362-ff4e15dca71d@group-586430B97ADD, cid=193, SUCCESS, logIndex=280, commits[6c928baf-cc3b-4a10-9362-ff4e15dca71d:c281]
2019-08-10 04:37:56,906 INFO  client.GrpcClientProtocolClient (GrpcClientProtocolClient.java:onNext(255)) - client-71F61C017E1E->6c928baf-cc3b-4a10-9362-ff4e15dca71d: receive RaftClientReply:client-71F61C017E1E->6c928baf-cc3b-4a10-9362-ff4e15dca71d@group-586430B97ADD, cid=194, SUCCESS, logIndex=281, commits[6c928baf-cc3b-4a10-9362-ff4e15dca71d:c284]
2019-08-10 04:37:56,906 INFO  client.GrpcClientProtocolClient (GrpcClientProtocolClient.java:onNext(255)) - client-71F61C017E1E->6c928baf-cc3b-4a10-9362-ff4e15dca71d: receive RaftClientReply:client-71F61C017E1E->6c928baf-cc3b-4a10-9362-ff4e15dca71d@group-586430B97ADD, cid=195, SUCCESS, logIndex=282, commits[6c928baf-cc3b-4a10-9362-ff4e15dca71d:c285]
2019-08-10 04:37:56,906 INFO  client.GrpcClientProtocolClient (GrpcClientProtocolClient.java:onNext(255)) - client-71F61C017E1E->6c928baf-cc3b-4a10-9362-ff4e15dca71d: receive RaftClientReply:client-71F61C017E1E->6c928baf-cc3b-4a10-9362-ff4e15dca71d@group-586430B97ADD, cid=196, SUCCESS, logIndex=283, commits[6c928baf-cc3b-4a10-9362-ff4e15dca71d:c285]
2019-08-10 04:37:56,912 DEBUG block.SCMBlockDeletingService (SCMBlockDeletingService.java:call(138)) - Running DeletedBlockTransactionScanner
2019-08-10 04:37:56,912 DEBUG block.SCMBlockDeletingService (SCMBlockDeletingService.java:call(155)) - Scanned deleted blocks log and got 0 delTX to process.
2019-08-10 04:37:56,929 INFO  client.GrpcClientProtocolClient (GrpcClientProtocolClient.java:onNext(255)) - client-71F61C017E1E->6c928baf-cc3b-4a10-9362-ff4e15dca71d: receive RaftClientReply:client-71F61C017E1E->6c928baf-cc3b-4a10-9362-ff4e15dca71d@group-586430B97ADD, cid=197, SUCCESS, logIndex=286, commits[6c928baf-cc3b-4a10-9362-ff4e15dca71d:c287]
2019-08-10 04:37:56,930 INFO  client.GrpcClientProtocolClient (GrpcClientProtocolClient.java:onNext(255)) - client-71F61C017E1E->6c928baf-cc3b-4a10-9362-ff4e15dca71d: receive RaftClientReply:client-71F61C017E1E->6c928baf-cc3b-4a10-9362-ff4e15dca71d@group-586430B97ADD, cid=198, SUCCESS, logIndex=287, commits[6c928baf-cc3b-4a10-9362-ff4e15dca71d:c290]
2019-08-10 04:37:56,931 INFO  client.GrpcClientProtocolClient (GrpcClientProtocolClient.java:onNext(255)) - client-71F61C017E1E->6c928baf-cc3b-4a10-9362-ff4e15dca71d: receive RaftClientReply:client-71F61C017E1E->6c928baf-cc3b-4a10-9362-ff4e15dca71d@group-586430B97ADD, cid=199, SUCCESS, logIndex=288, commits[6c928baf-cc3b-4a10-9362-ff4e15dca71d:c291]
2019-08-10 04:37:56,931 INFO  client.GrpcClientProtocolClient (GrpcClientProtocolClient.java:onNext(255)) - client-71F61C017E1E->6c928baf-cc3b-4a10-9362-ff4e15dca71d: receive RaftClientReply:client-71F61C017E1E->6c928baf-cc3b-4a10-9362-ff4e15dca71d@group-586430B97ADD, cid=200, SUCCESS, logIndex=289, commits[6c928baf-cc3b-4a10-9362-ff4e15dca71d:c291]
2019-08-10 04:37:56,961 INFO  client.GrpcClientProtocolClient (GrpcClientProtocolClient.java:onNext(255)) - client-71F61C017E1E->6c928baf-cc3b-4a10-9362-ff4e15dca71d: receive RaftClientReply:client-71F61C017E1E->6c928baf-cc3b-4a10-9362-ff4e15dca71d@group-586430B97ADD, cid=201, SUCCESS, logIndex=292, commits[6c928baf-cc3b-4a10-9362-ff4e15dca71d:c295]
2019-08-10 04:37:56,962 INFO  client.GrpcClientProtocolClient (GrpcClientProtocolClient.java:onNext(255)) - client-71F61C017E1E->6c928baf-cc3b-4a10-9362-ff4e15dca71d: receive RaftClientReply:client-71F61C017E1E->6c928baf-cc3b-4a10-9362-ff4e15dca71d@group-586430B97ADD, cid=202, SUCCESS, logIndex=293, commits[6c928baf-cc3b-4a10-9362-ff4e15dca71d:c296]
2019-08-10 04:37:56,962 INFO  client.GrpcClientProtocolClient (GrpcClientProtocolClient.java:onNext(255)) - client-71F61C017E1E->6c928baf-cc3b-4a10-9362-ff4e15dca71d: receive RaftClientReply:client-71F61C017E1E->6c928baf-cc3b-4a10-9362-ff4e15dca71d@group-586430B97ADD, cid=203, SUCCESS, logIndex=294, commits[6c928baf-cc3b-4a10-9362-ff4e15dca71d:c297]
2019-08-10 04:37:56,963 INFO  client.GrpcClientProtocolClient (GrpcClientProtocolClient.java:onNext(255)) - client-71F61C017E1E->6c928baf-cc3b-4a10-9362-ff4e15dca71d: receive RaftClientReply:client-71F61C017E1E->6c928baf-cc3b-4a10-9362-ff4e15dca71d@group-586430B97ADD, cid=204, SUCCESS, logIndex=295, commits[6c928baf-cc3b-4a10-9362-ff4e15dca71d:c297]
2019-08-10 04:37:56,984 INFO  client.GrpcClientProtocolClient (GrpcClientProtocolClient.java:onNext(255)) - client-71F61C017E1E->6c928baf-cc3b-4a10-9362-ff4e15dca71d: receive RaftClientReply:client-71F61C017E1E->6c928baf-cc3b-4a10-9362-ff4e15dca71d@group-586430B97ADD, cid=205, SUCCESS, logIndex=298, commits[6c928baf-cc3b-4a10-9362-ff4e15dca71d:c301]
2019-08-10 04:37:56,984 INFO  client.GrpcClientProtocolClient (GrpcClientProtocolClient.java:onNext(255)) - client-71F61C017E1E->6c928baf-cc3b-4a10-9362-ff4e15dca71d: receive RaftClientReply:client-71F61C017E1E->6c928baf-cc3b-4a10-9362-ff4e15dca71d@group-586430B97ADD, cid=206, SUCCESS, logIndex=299, commits[6c928baf-cc3b-4a10-9362-ff4e15dca71d:c302]
2019-08-10 04:37:56,985 INFO  client.GrpcClientProtocolClient (GrpcClientProtocolClient.java:onNext(255)) - client-71F61C017E1E->6c928baf-cc3b-4a10-9362-ff4e15dca71d: receive RaftClientReply:client-71F61C017E1E->6c928baf-cc3b-4a10-9362-ff4e15dca71d@group-586430B97ADD, cid=207, SUCCESS, logIndex=300, commits[6c928baf-cc3b-4a10-9362-ff4e15dca71d:c303]
2019-08-10 04:37:56,986 INFO  client.GrpcClientProtocolClient (GrpcClientProtocolClient.java:onNext(255)) - client-71F61C017E1E->6c928baf-cc3b-4a10-9362-ff4e15dca71d: receive RaftClientReply:client-71F61C017E1E->6c928baf-cc3b-4a10-9362-ff4e15dca71d@group-586430B97ADD, cid=208, SUCCESS, logIndex=301, commits[6c928baf-cc3b-4a10-9362-ff4e15dca71d:c303]
2019-08-10 04:37:57,013 DEBUG block.SCMBlockDeletingService (SCMBlockDeletingService.java:call(138)) - Running DeletedBlockTransactionScanner
2019-08-10 04:37:57,013 DEBUG block.SCMBlockDeletingService (SCMBlockDeletingService.java:call(155)) - Scanned deleted blocks log and got 0 delTX to process.
2019-08-10 04:37:57,015 INFO  client.GrpcClientProtocolClient (GrpcClientProtocolClient.java:onNext(255)) - client-71F61C017E1E->6c928baf-cc3b-4a10-9362-ff4e15dca71d: receive RaftClientReply:client-71F61C017E1E->6c928baf-cc3b-4a10-9362-ff4e15dca71d@group-586430B97ADD, cid=209, SUCCESS, logIndex=304, commits[6c928baf-cc3b-4a10-9362-ff4e15dca71d:c305]
2019-08-10 04:37:57,015 INFO  client.GrpcClientProtocolClient (GrpcClientProtocolClient.java:onNext(255)) - client-71F61C017E1E->6c928baf-cc3b-4a10-9362-ff4e15dca71d: receive RaftClientReply:client-71F61C017E1E->6c928baf-cc3b-4a10-9362-ff4e15dca71d@group-586430B97ADD, cid=210, SUCCESS, logIndex=305, commits[6c928baf-cc3b-4a10-9362-ff4e15dca71d:c307]
2019-08-10 04:37:57,016 INFO  client.GrpcClientProtocolClient (GrpcClientProtocolClient.java:onNext(255)) - client-71F61C017E1E->6c928baf-cc3b-4a10-9362-ff4e15dca71d: receive RaftClientReply:client-71F61C017E1E->6c928baf-cc3b-4a10-9362-ff4e15dca71d@group-586430B97ADD, cid=211, SUCCESS, logIndex=306, commits[6c928baf-cc3b-4a10-9362-ff4e15dca71d:c308]
2019-08-10 04:37:57,016 INFO  client.GrpcClientProtocolClient (GrpcClientProtocolClient.java:onNext(255)) - client-71F61C017E1E->6c928baf-cc3b-4a10-9362-ff4e15dca71d: receive RaftClientReply:client-71F61C017E1E->6c928baf-cc3b-4a10-9362-ff4e15dca71d@group-586430B97ADD, cid=212, SUCCESS, logIndex=307, commits[6c928baf-cc3b-4a10-9362-ff4e15dca71d:c309]
2019-08-10 04:37:57,036 INFO  client.GrpcClientProtocolClient (GrpcClientProtocolClient.java:onNext(255)) - client-71F61C017E1E->6c928baf-cc3b-4a10-9362-ff4e15dca71d: receive RaftClientReply:client-71F61C017E1E->6c928baf-cc3b-4a10-9362-ff4e15dca71d@group-586430B97ADD, cid=213, SUCCESS, logIndex=310, commits[6c928baf-cc3b-4a10-9362-ff4e15dca71d:c311]
2019-08-10 04:37:57,037 INFO  client.GrpcClientProtocolClient (GrpcClientProtocolClient.java:onNext(255)) - client-71F61C017E1E->6c928baf-cc3b-4a10-9362-ff4e15dca71d: receive RaftClientReply:client-71F61C017E1E->6c928baf-cc3b-4a10-9362-ff4e15dca71d@group-586430B97ADD, cid=214, SUCCESS, logIndex=311, commits[6c928baf-cc3b-4a10-9362-ff4e15dca71d:c313]
2019-08-10 04:37:57,037 INFO  client.GrpcClientProtocolClient (GrpcClientProtocolClient.java:onNext(255)) - client-71F61C017E1E->6c928baf-cc3b-4a10-9362-ff4e15dca71d: receive RaftClientReply:client-71F61C017E1E->6c928baf-cc3b-4a10-9362-ff4e15dca71d@group-586430B97ADD, cid=215, SUCCESS, logIndex=312, commits[6c928baf-cc3b-4a10-9362-ff4e15dca71d:c314]
2019-08-10 04:37:57,038 INFO  client.GrpcClientProtocolClient (GrpcClientProtocolClient.java:onNext(255)) - client-71F61C017E1E->6c928baf-cc3b-4a10-9362-ff4e15dca71d: receive RaftClientReply:client-71F61C017E1E->6c928baf-cc3b-4a10-9362-ff4e15dca71d@group-586430B97ADD, cid=216, SUCCESS, logIndex=313, commits[6c928baf-cc3b-4a10-9362-ff4e15dca71d:c315]
2019-08-10 04:37:57,068 INFO  client.GrpcClientProtocolClient (GrpcClientProtocolClient.java:onNext(255)) - client-71F61C017E1E->6c928baf-cc3b-4a10-9362-ff4e15dca71d: receive RaftClientReply:client-71F61C017E1E->6c928baf-cc3b-4a10-9362-ff4e15dca71d@group-586430B97ADD, cid=217, SUCCESS, logIndex=316, commits[6c928baf-cc3b-4a10-9362-ff4e15dca71d:c319]
2019-08-10 04:37:57,069 INFO  client.GrpcClientProtocolClient (GrpcClientProtocolClient.java:onNext(255)) - client-71F61C017E1E->6c928baf-cc3b-4a10-9362-ff4e15dca71d: receive RaftClientReply:client-71F61C017E1E->6c928baf-cc3b-4a10-9362-ff4e15dca71d@group-586430B97ADD, cid=218, SUCCESS, logIndex=317, commits[6c928baf-cc3b-4a10-9362-ff4e15dca71d:c320]
2019-08-10 04:37:57,069 INFO  client.GrpcClientProtocolClient (GrpcClientProtocolClient.java:onNext(255)) - client-71F61C017E1E->6c928baf-cc3b-4a10-9362-ff4e15dca71d: receive RaftClientReply:client-71F61C017E1E->6c928baf-cc3b-4a10-9362-ff4e15dca71d@group-586430B97ADD, cid=219, SUCCESS, logIndex=318, commits[6c928baf-cc3b-4a10-9362-ff4e15dca71d:c320]
2019-08-10 04:37:57,070 INFO  client.GrpcClientProtocolClient (GrpcClientProtocolClient.java:onNext(255)) - client-71F61C017E1E->6c928baf-cc3b-4a10-9362-ff4e15dca71d: receive RaftClientReply:client-71F61C017E1E->6c928baf-cc3b-4a10-9362-ff4e15dca71d@group-586430B97ADD, cid=220, SUCCESS, logIndex=319, commits[6c928baf-cc3b-4a10-9362-ff4e15dca71d:c320]
2019-08-10 04:37:57,181 DEBUG block.SCMBlockDeletingService (SCMBlockDeletingService.java:call(138)) - Running DeletedBlockTransactionScanner
2019-08-10 04:37:57,182 DEBUG block.SCMBlockDeletingService (SCMBlockDeletingService.java:call(155)) - Scanned deleted blocks log and got 0 delTX to process.
2019-08-10 04:37:57,282 DEBUG block.SCMBlockDeletingService (SCMBlockDeletingService.java:call(138)) - Running DeletedBlockTransactionScanner
2019-08-10 04:37:57,283 DEBUG block.SCMBlockDeletingService (SCMBlockDeletingService.java:call(155)) - Scanned deleted blocks log and got 0 delTX to process.
2019-08-10 04:37:57,322 INFO  client.GrpcClientProtocolClient (GrpcClientProtocolClient.java:onNext(255)) - client-71F61C017E1E->6c928baf-cc3b-4a10-9362-ff4e15dca71d: receive RaftClientReply:client-71F61C017E1E->6c928baf-cc3b-4a10-9362-ff4e15dca71d@group-586430B97ADD, cid=221, SUCCESS, logIndex=321, commits[6c928baf-cc3b-4a10-9362-ff4e15dca71d:c324]
2019-08-10 04:37:57,323 INFO  client.GrpcClientProtocolClient (GrpcClientProtocolClient.java:onNext(255)) - client-71F61C017E1E->6c928baf-cc3b-4a10-9362-ff4e15dca71d: receive RaftClientReply:client-71F61C017E1E->6c928baf-cc3b-4a10-9362-ff4e15dca71d@group-586430B97ADD, cid=222, SUCCESS, logIndex=322, commits[6c928baf-cc3b-4a10-9362-ff4e15dca71d:c326]
2019-08-10 04:37:57,323 INFO  client.GrpcClientProtocolClient (GrpcClientProtocolClient.java:onNext(255)) - client-71F61C017E1E->6c928baf-cc3b-4a10-9362-ff4e15dca71d: receive RaftClientReply:client-71F61C017E1E->6c928baf-cc3b-4a10-9362-ff4e15dca71d@group-586430B97ADD, cid=223, SUCCESS, logIndex=323, commits[6c928baf-cc3b-4a10-9362-ff4e15dca71d:c326]
2019-08-10 04:37:57,324 INFO  client.GrpcClientProtocolClient (GrpcClientProtocolClient.java:onNext(255)) - client-71F61C017E1E->6c928baf-cc3b-4a10-9362-ff4e15dca71d: receive RaftClientReply:client-71F61C017E1E->6c928baf-cc3b-4a10-9362-ff4e15dca71d@group-586430B97ADD, cid=224, SUCCESS, logIndex=324, commits[6c928baf-cc3b-4a10-9362-ff4e15dca71d:c326]
2019-08-10 04:37:57,356 INFO  client.GrpcClientProtocolClient (GrpcClientProtocolClient.java:onNext(255)) - client-71F61C017E1E->6c928baf-cc3b-4a10-9362-ff4e15dca71d: receive RaftClientReply:client-71F61C017E1E->6c928baf-cc3b-4a10-9362-ff4e15dca71d@group-586430B97ADD, cid=225, SUCCESS, logIndex=327, commits[6c928baf-cc3b-4a10-9362-ff4e15dca71d:c330]
2019-08-10 04:37:57,357 INFO  client.GrpcClientProtocolClient (GrpcClientProtocolClient.java:onNext(255)) - client-71F61C017E1E->6c928baf-cc3b-4a10-9362-ff4e15dca71d: receive RaftClientReply:client-71F61C017E1E->6c928baf-cc3b-4a10-9362-ff4e15dca71d@group-586430B97ADD, cid=226, SUCCESS, logIndex=328, commits[6c928baf-cc3b-4a10-9362-ff4e15dca71d:c330]
2019-08-10 04:37:57,358 INFO  client.GrpcClientProtocolClient (GrpcClientProtocolClient.java:onNext(255)) - client-71F61C017E1E->6c928baf-cc3b-4a10-9362-ff4e15dca71d: receive RaftClientReply:client-71F61C017E1E->6c928baf-cc3b-4a10-9362-ff4e15dca71d@group-586430B97ADD, cid=227, SUCCESS, logIndex=329, commits[6c928baf-cc3b-4a10-9362-ff4e15dca71d:c330]
2019-08-10 04:37:57,358 INFO  client.GrpcClientProtocolClient (GrpcClientProtocolClient.java:onNext(255)) - client-71F61C017E1E->6c928baf-cc3b-4a10-9362-ff4e15dca71d: receive RaftClientReply:client-71F61C017E1E->6c928baf-cc3b-4a10-9362-ff4e15dca71d@group-586430B97ADD, cid=228, SUCCESS, logIndex=330, commits[6c928baf-cc3b-4a10-9362-ff4e15dca71d:c330]
2019-08-10 04:37:57,379 INFO  client.GrpcClientProtocolClient (GrpcClientProtocolClient.java:onNext(255)) - client-71F61C017E1E->6c928baf-cc3b-4a10-9362-ff4e15dca71d: receive RaftClientReply:client-71F61C017E1E->6c928baf-cc3b-4a10-9362-ff4e15dca71d@group-586430B97ADD, cid=229, SUCCESS, logIndex=332, commits[6c928baf-cc3b-4a10-9362-ff4e15dca71d:c333]
2019-08-10 04:37:57,380 INFO  client.GrpcClientProtocolClient (GrpcClientProtocolClient.java:onNext(255)) - client-71F61C017E1E->6c928baf-cc3b-4a10-9362-ff4e15dca71d: receive RaftClientReply:client-71F61C017E1E->6c928baf-cc3b-4a10-9362-ff4e15dca71d@group-586430B97ADD, cid=230, SUCCESS, logIndex=333, commits[6c928baf-cc3b-4a10-9362-ff4e15dca71d:c336]
2019-08-10 04:37:57,381 INFO  client.GrpcClientProtocolClient (GrpcClientProtocolClient.java:onNext(255)) - client-71F61C017E1E->6c928baf-cc3b-4a10-9362-ff4e15dca71d: receive RaftClientReply:client-71F61C017E1E->6c928baf-cc3b-4a10-9362-ff4e15dca71d@group-586430B97ADD, cid=231, SUCCESS, logIndex=334, commits[6c928baf-cc3b-4a10-9362-ff4e15dca71d:c337]
2019-08-10 04:37:57,382 INFO  client.GrpcClientProtocolClient (GrpcClientProtocolClient.java:onNext(255)) - client-71F61C017E1E->6c928baf-cc3b-4a10-9362-ff4e15dca71d: receive RaftClientReply:client-71F61C017E1E->6c928baf-cc3b-4a10-9362-ff4e15dca71d@group-586430B97ADD, cid=232, SUCCESS, logIndex=335, commits[6c928baf-cc3b-4a10-9362-ff4e15dca71d:c337]
2019-08-10 04:37:57,383 DEBUG block.SCMBlockDeletingService (SCMBlockDeletingService.java:call(138)) - Running DeletedBlockTransactionScanner
2019-08-10 04:37:57,384 DEBUG block.SCMBlockDeletingService (SCMBlockDeletingService.java:call(155)) - Scanned deleted blocks log and got 0 delTX to process.
2019-08-10 04:37:57,412 INFO  client.GrpcClientProtocolClient (GrpcClientProtocolClient.java:onNext(255)) - client-71F61C017E1E->6c928baf-cc3b-4a10-9362-ff4e15dca71d: receive RaftClientReply:client-71F61C017E1E->6c928baf-cc3b-4a10-9362-ff4e15dca71d@group-586430B97ADD, cid=233, SUCCESS, logIndex=338, commits[6c928baf-cc3b-4a10-9362-ff4e15dca71d:c341]
2019-08-10 04:37:57,413 INFO  client.GrpcClientProtocolClient (GrpcClientProtocolClient.java:onNext(255)) - client-71F61C017E1E->6c928baf-cc3b-4a10-9362-ff4e15dca71d: receive RaftClientReply:client-71F61C017E1E->6c928baf-cc3b-4a10-9362-ff4e15dca71d@group-586430B97ADD, cid=234, SUCCESS, logIndex=339, commits[6c928baf-cc3b-4a10-9362-ff4e15dca71d:c342]
2019-08-10 04:37:57,413 INFO  client.GrpcClientProtocolClient (GrpcClientProtocolClient.java:onNext(255)) - client-71F61C017E1E->6c928baf-cc3b-4a10-9362-ff4e15dca71d: receive RaftClientReply:client-71F61C017E1E->6c928baf-cc3b-4a10-9362-ff4e15dca71d@group-586430B97ADD, cid=235, SUCCESS, logIndex=340, commits[6c928baf-cc3b-4a10-9362-ff4e15dca71d:c343]
2019-08-10 04:37:57,414 INFO  client.GrpcClientProtocolClient (GrpcClientProtocolClient.java:onNext(255)) - client-71F61C017E1E->6c928baf-cc3b-4a10-9362-ff4e15dca71d: receive RaftClientReply:client-71F61C017E1E->6c928baf-cc3b-4a10-9362-ff4e15dca71d@group-586430B97ADD, cid=236, SUCCESS, logIndex=341, commits[6c928baf-cc3b-4a10-9362-ff4e15dca71d:c343]
2019-08-10 04:37:57,436 INFO  client.GrpcClientProtocolClient (GrpcClientProtocolClient.java:onNext(255)) - client-71F61C017E1E->6c928baf-cc3b-4a10-9362-ff4e15dca71d: receive RaftClientReply:client-71F61C017E1E->6c928baf-cc3b-4a10-9362-ff4e15dca71d@group-586430B97ADD, cid=237, SUCCESS, logIndex=344, commits[6c928baf-cc3b-4a10-9362-ff4e15dca71d:c345]
2019-08-10 04:37:57,437 INFO  client.GrpcClientProtocolClient (GrpcClientProtocolClient.java:onNext(255)) - client-71F61C017E1E->6c928baf-cc3b-4a10-9362-ff4e15dca71d: receive RaftClientReply:client-71F61C017E1E->6c928baf-cc3b-4a10-9362-ff4e15dca71d@group-586430B97ADD, cid=238, SUCCESS, logIndex=345, commits[6c928baf-cc3b-4a10-9362-ff4e15dca71d:c348]
2019-08-10 04:37:57,438 INFO  client.GrpcClientProtocolClient (GrpcClientProtocolClient.java:onNext(255)) - client-71F61C017E1E->6c928baf-cc3b-4a10-9362-ff4e15dca71d: receive RaftClientReply:client-71F61C017E1E->6c928baf-cc3b-4a10-9362-ff4e15dca71d@group-586430B97ADD, cid=239, SUCCESS, logIndex=346, commits[6c928baf-cc3b-4a10-9362-ff4e15dca71d:c349]
2019-08-10 04:37:57,438 INFO  client.GrpcClientProtocolClient (GrpcClientProtocolClient.java:onNext(255)) - client-71F61C017E1E->6c928baf-cc3b-4a10-9362-ff4e15dca71d: receive RaftClientReply:client-71F61C017E1E->6c928baf-cc3b-4a10-9362-ff4e15dca71d@group-586430B97ADD, cid=240, SUCCESS, logIndex=347, commits[6c928baf-cc3b-4a10-9362-ff4e15dca71d:c349]
2019-08-10 04:37:57,467 INFO  client.GrpcClientProtocolClient (GrpcClientProtocolClient.java:onNext(255)) - client-71F61C017E1E->6c928baf-cc3b-4a10-9362-ff4e15dca71d: receive RaftClientReply:client-71F61C017E1E->6c928baf-cc3b-4a10-9362-ff4e15dca71d@group-586430B97ADD, cid=241, SUCCESS, logIndex=350, commits[6c928baf-cc3b-4a10-9362-ff4e15dca71d:c353]
2019-08-10 04:37:57,468 INFO  client.GrpcClientProtocolClient (GrpcClientProtocolClient.java:onNext(255)) - client-71F61C017E1E->6c928baf-cc3b-4a10-9362-ff4e15dca71d: receive RaftClientReply:client-71F61C017E1E->6c928baf-cc3b-4a10-9362-ff4e15dca71d@group-586430B97ADD, cid=242, SUCCESS, logIndex=351, commits[6c928baf-cc3b-4a10-9362-ff4e15dca71d:c354]
2019-08-10 04:37:57,468 INFO  client.GrpcClientProtocolClient (GrpcClientProtocolClient.java:onNext(255)) - client-71F61C017E1E->6c928baf-cc3b-4a10-9362-ff4e15dca71d: receive RaftClientReply:client-71F61C017E1E->6c928baf-cc3b-4a10-9362-ff4e15dca71d@group-586430B97ADD, cid=243, SUCCESS, logIndex=352, commits[6c928baf-cc3b-4a10-9362-ff4e15dca71d:c354]
2019-08-10 04:37:57,469 INFO  client.GrpcClientProtocolClient (GrpcClientProtocolClient.java:onNext(255)) - client-71F61C017E1E->6c928baf-cc3b-4a10-9362-ff4e15dca71d: receive RaftClientReply:client-71F61C017E1E->6c928baf-cc3b-4a10-9362-ff4e15dca71d@group-586430B97ADD, cid=244, SUCCESS, logIndex=353, commits[6c928baf-cc3b-4a10-9362-ff4e15dca71d:c355]
2019-08-10 04:37:57,484 DEBUG block.SCMBlockDeletingService (SCMBlockDeletingService.java:call(138)) - Running DeletedBlockTransactionScanner
2019-08-10 04:37:57,484 DEBUG block.SCMBlockDeletingService (SCMBlockDeletingService.java:call(155)) - Scanned deleted blocks log and got 0 delTX to process.
2019-08-10 04:37:57,494 INFO  client.GrpcClientProtocolClient (GrpcClientProtocolClient.java:onNext(255)) - client-71F61C017E1E->6c928baf-cc3b-4a10-9362-ff4e15dca71d: receive RaftClientReply:client-71F61C017E1E->6c928baf-cc3b-4a10-9362-ff4e15dca71d@group-586430B97ADD, cid=245, SUCCESS, logIndex=356, commits[6c928baf-cc3b-4a10-9362-ff4e15dca71d:c357]
2019-08-10 04:37:57,495 INFO  client.GrpcClientProtocolClient (GrpcClientProtocolClient.java:onNext(255)) - client-71F61C017E1E->6c928baf-cc3b-4a10-9362-ff4e15dca71d: receive RaftClientReply:client-71F61C017E1E->6c928baf-cc3b-4a10-9362-ff4e15dca71d@group-586430B97ADD, cid=246, SUCCESS, logIndex=357, commits[6c928baf-cc3b-4a10-9362-ff4e15dca71d:c359]
2019-08-10 04:37:57,495 INFO  client.GrpcClientProtocolClient (GrpcClientProtocolClient.java:onNext(255)) - client-71F61C017E1E->6c928baf-cc3b-4a10-9362-ff4e15dca71d: receive RaftClientReply:client-71F61C017E1E->6c928baf-cc3b-4a10-9362-ff4e15dca71d@group-586430B97ADD, cid=247, SUCCESS, logIndex=358, commits[6c928baf-cc3b-4a10-9362-ff4e15dca71d:c359]
2019-08-10 04:37:57,496 INFO  client.GrpcClientProtocolClient (GrpcClientProtocolClient.java:onNext(255)) - client-71F61C017E1E->6c928baf-cc3b-4a10-9362-ff4e15dca71d: receive RaftClientReply:client-71F61C017E1E->6c928baf-cc3b-4a10-9362-ff4e15dca71d@group-586430B97ADD, cid=248, SUCCESS, logIndex=359, commits[6c928baf-cc3b-4a10-9362-ff4e15dca71d:c359]
2019-08-10 04:37:57,529 INFO  client.GrpcClientProtocolClient (GrpcClientProtocolClient.java:onNext(255)) - client-71F61C017E1E->6c928baf-cc3b-4a10-9362-ff4e15dca71d: receive RaftClientReply:client-71F61C017E1E->6c928baf-cc3b-4a10-9362-ff4e15dca71d@group-586430B97ADD, cid=249, SUCCESS, logIndex=362, commits[6c928baf-cc3b-4a10-9362-ff4e15dca71d:c363]
2019-08-10 04:37:57,530 INFO  client.GrpcClientProtocolClient (GrpcClientProtocolClient.java:onNext(255)) - client-71F61C017E1E->6c928baf-cc3b-4a10-9362-ff4e15dca71d: receive RaftClientReply:client-71F61C017E1E->6c928baf-cc3b-4a10-9362-ff4e15dca71d@group-586430B97ADD, cid=250, SUCCESS, logIndex=363, commits[6c928baf-cc3b-4a10-9362-ff4e15dca71d:c365]
2019-08-10 04:37:57,530 INFO  client.GrpcClientProtocolClient (GrpcClientProtocolClient.java:onNext(255)) - client-71F61C017E1E->6c928baf-cc3b-4a10-9362-ff4e15dca71d: receive RaftClientReply:client-71F61C017E1E->6c928baf-cc3b-4a10-9362-ff4e15dca71d@group-586430B97ADD, cid=251, SUCCESS, logIndex=364, commits[6c928baf-cc3b-4a10-9362-ff4e15dca71d:c366]
2019-08-10 04:37:57,531 INFO  client.GrpcClientProtocolClient (GrpcClientProtocolClient.java:onNext(255)) - client-71F61C017E1E->6c928baf-cc3b-4a10-9362-ff4e15dca71d: receive RaftClientReply:client-71F61C017E1E->6c928baf-cc3b-4a10-9362-ff4e15dca71d@group-586430B97ADD, cid=252, SUCCESS, logIndex=365, commits[6c928baf-cc3b-4a10-9362-ff4e15dca71d:c366]
2019-08-10 04:37:57,554 INFO  client.GrpcClientProtocolClient (GrpcClientProtocolClient.java:onNext(255)) - client-71F61C017E1E->6c928baf-cc3b-4a10-9362-ff4e15dca71d: receive RaftClientReply:client-71F61C017E1E->6c928baf-cc3b-4a10-9362-ff4e15dca71d@group-586430B97ADD, cid=253, SUCCESS, logIndex=368, commits[6c928baf-cc3b-4a10-9362-ff4e15dca71d:c369]
2019-08-10 04:37:57,555 INFO  client.GrpcClientProtocolClient (GrpcClientProtocolClient.java:onNext(255)) - client-71F61C017E1E->6c928baf-cc3b-4a10-9362-ff4e15dca71d: receive RaftClientReply:client-71F61C017E1E->6c928baf-cc3b-4a10-9362-ff4e15dca71d@group-586430B97ADD, cid=254, SUCCESS, logIndex=369, commits[6c928baf-cc3b-4a10-9362-ff4e15dca71d:c372]
2019-08-10 04:37:57,555 INFO  client.GrpcClientProtocolClient (GrpcClientProtocolClient.java:onNext(255)) - client-71F61C017E1E->6c928baf-cc3b-4a10-9362-ff4e15dca71d: receive RaftClientReply:client-71F61C017E1E->6c928baf-cc3b-4a10-9362-ff4e15dca71d@group-586430B97ADD, cid=255, SUCCESS, logIndex=370, commits[6c928baf-cc3b-4a10-9362-ff4e15dca71d:c372]
2019-08-10 04:37:57,556 INFO  client.GrpcClientProtocolClient (GrpcClientProtocolClient.java:onNext(255)) - client-71F61C017E1E->6c928baf-cc3b-4a10-9362-ff4e15dca71d: receive RaftClientReply:client-71F61C017E1E->6c928baf-cc3b-4a10-9362-ff4e15dca71d@group-586430B97ADD, cid=256, SUCCESS, logIndex=371, commits[6c928baf-cc3b-4a10-9362-ff4e15dca71d:c373]
2019-08-10 04:37:57,585 DEBUG block.SCMBlockDeletingService (SCMBlockDeletingService.java:call(138)) - Running DeletedBlockTransactionScanner
2019-08-10 04:37:57,585 DEBUG block.SCMBlockDeletingService (SCMBlockDeletingService.java:call(155)) - Scanned deleted blocks log and got 0 delTX to process.
2019-08-10 04:37:57,586 INFO  client.GrpcClientProtocolClient (GrpcClientProtocolClient.java:onNext(255)) - client-71F61C017E1E->6c928baf-cc3b-4a10-9362-ff4e15dca71d: receive RaftClientReply:client-71F61C017E1E->6c928baf-cc3b-4a10-9362-ff4e15dca71d@group-586430B97ADD, cid=257, SUCCESS, logIndex=374, commits[6c928baf-cc3b-4a10-9362-ff4e15dca71d:c375]
2019-08-10 04:37:57,586 INFO  client.GrpcClientProtocolClient (GrpcClientProtocolClient.java:onNext(255)) - client-71F61C017E1E->6c928baf-cc3b-4a10-9362-ff4e15dca71d: receive RaftClientReply:client-71F61C017E1E->6c928baf-cc3b-4a10-9362-ff4e15dca71d@group-586430B97ADD, cid=258, SUCCESS, logIndex=375, commits[6c928baf-cc3b-4a10-9362-ff4e15dca71d:c378]
2019-08-10 04:37:57,587 INFO  client.GrpcClientProtocolClient (GrpcClientProtocolClient.java:onNext(255)) - client-71F61C017E1E->6c928baf-cc3b-4a10-9362-ff4e15dca71d: receive RaftClientReply:client-71F61C017E1E->6c928baf-cc3b-4a10-9362-ff4e15dca71d@group-586430B97ADD, cid=259, SUCCESS, logIndex=376, commits[6c928baf-cc3b-4a10-9362-ff4e15dca71d:c379]
2019-08-10 04:37:57,588 INFO  client.GrpcClientProtocolClient (GrpcClientProtocolClient.java:onNext(255)) - client-71F61C017E1E->6c928baf-cc3b-4a10-9362-ff4e15dca71d: receive RaftClientReply:client-71F61C017E1E->6c928baf-cc3b-4a10-9362-ff4e15dca71d@group-586430B97ADD, cid=260, SUCCESS, logIndex=377, commits[6c928baf-cc3b-4a10-9362-ff4e15dca71d:c379]
2019-08-10 04:37:57,609 INFO  client.GrpcClientProtocolClient (GrpcClientProtocolClient.java:onNext(255)) - client-71F61C017E1E->6c928baf-cc3b-4a10-9362-ff4e15dca71d: receive RaftClientReply:client-71F61C017E1E->6c928baf-cc3b-4a10-9362-ff4e15dca71d@group-586430B97ADD, cid=261, SUCCESS, logIndex=380, commits[6c928baf-cc3b-4a10-9362-ff4e15dca71d:c381]
2019-08-10 04:37:57,610 INFO  client.GrpcClientProtocolClient (GrpcClientProtocolClient.java:onNext(255)) - client-71F61C017E1E->6c928baf-cc3b-4a10-9362-ff4e15dca71d: receive RaftClientReply:client-71F61C017E1E->6c928baf-cc3b-4a10-9362-ff4e15dca71d@group-586430B97ADD, cid=262, SUCCESS, logIndex=381, commits[6c928baf-cc3b-4a10-9362-ff4e15dca71d:c383]
2019-08-10 04:37:57,610 INFO  client.GrpcClientProtocolClient (GrpcClientProtocolClient.java:onNext(255)) - client-71F61C017E1E->6c928baf-cc3b-4a10-9362-ff4e15dca71d: receive RaftClientReply:client-71F61C017E1E->6c928baf-cc3b-4a10-9362-ff4e15dca71d@group-586430B97ADD, cid=263, SUCCESS, logIndex=382, commits[6c928baf-cc3b-4a10-9362-ff4e15dca71d:c383]
2019-08-10 04:37:57,611 INFO  client.GrpcClientProtocolClient (GrpcClientProtocolClient.java:onNext(255)) - client-71F61C017E1E->6c928baf-cc3b-4a10-9362-ff4e15dca71d: receive RaftClientReply:client-71F61C017E1E->6c928baf-cc3b-4a10-9362-ff4e15dca71d@group-586430B97ADD, cid=264, SUCCESS, logIndex=383, commits[6c928baf-cc3b-4a10-9362-ff4e15dca71d:c383]
2019-08-10 04:37:57,685 DEBUG block.SCMBlockDeletingService (SCMBlockDeletingService.java:call(138)) - Running DeletedBlockTransactionScanner
2019-08-10 04:37:57,686 DEBUG block.SCMBlockDeletingService (SCMBlockDeletingService.java:call(155)) - Scanned deleted blocks log and got 0 delTX to process.
2019-08-10 04:37:57,747 INFO  client.GrpcClientProtocolClient (GrpcClientProtocolClient.java:onNext(255)) - client-71F61C017E1E->6c928baf-cc3b-4a10-9362-ff4e15dca71d: receive RaftClientReply:client-71F61C017E1E->6c928baf-cc3b-4a10-9362-ff4e15dca71d@group-586430B97ADD, cid=265, SUCCESS, logIndex=386, commits[6c928baf-cc3b-4a10-9362-ff4e15dca71d:c387]
2019-08-10 04:37:57,748 INFO  client.GrpcClientProtocolClient (GrpcClientProtocolClient.java:onNext(255)) - client-71F61C017E1E->6c928baf-cc3b-4a10-9362-ff4e15dca71d: receive RaftClientReply:client-71F61C017E1E->6c928baf-cc3b-4a10-9362-ff4e15dca71d@group-586430B97ADD, cid=266, SUCCESS, logIndex=387, commits[6c928baf-cc3b-4a10-9362-ff4e15dca71d:c387]
2019-08-10 04:37:57,748 INFO  client.GrpcClientProtocolClient (GrpcClientProtocolClient.java:onNext(255)) - client-71F61C017E1E->6c928baf-cc3b-4a10-9362-ff4e15dca71d: receive RaftClientReply:client-71F61C017E1E->6c928baf-cc3b-4a10-9362-ff4e15dca71d@group-586430B97ADD, cid=267, SUCCESS, logIndex=388, commits[6c928baf-cc3b-4a10-9362-ff4e15dca71d:c389]
2019-08-10 04:37:57,749 INFO  client.GrpcClientProtocolClient (GrpcClientProtocolClient.java:onNext(255)) - client-71F61C017E1E->6c928baf-cc3b-4a10-9362-ff4e15dca71d: receive RaftClientReply:client-71F61C017E1E->6c928baf-cc3b-4a10-9362-ff4e15dca71d@group-586430B97ADD, cid=268, SUCCESS, logIndex=389, commits[6c928baf-cc3b-4a10-9362-ff4e15dca71d:c389]
2019-08-10 04:37:57,775 INFO  client.GrpcClientProtocolClient (GrpcClientProtocolClient.java:onNext(255)) - client-71F61C017E1E->6c928baf-cc3b-4a10-9362-ff4e15dca71d: receive RaftClientReply:client-71F61C017E1E->6c928baf-cc3b-4a10-9362-ff4e15dca71d@group-586430B97ADD, cid=269, SUCCESS, logIndex=392, commits[6c928baf-cc3b-4a10-9362-ff4e15dca71d:c395]
2019-08-10 04:37:57,776 INFO  client.GrpcClientProtocolClient (GrpcClientProtocolClient.java:onNext(255)) - client-71F61C017E1E->6c928baf-cc3b-4a10-9362-ff4e15dca71d: receive RaftClientReply:client-71F61C017E1E->6c928baf-cc3b-4a10-9362-ff4e15dca71d@group-586430B97ADD, cid=270, SUCCESS, logIndex=393, commits[6c928baf-cc3b-4a10-9362-ff4e15dca71d:c396]
2019-08-10 04:37:57,776 INFO  client.GrpcClientProtocolClient (GrpcClientProtocolClient.java:onNext(255)) - client-71F61C017E1E->6c928baf-cc3b-4a10-9362-ff4e15dca71d: receive RaftClientReply:client-71F61C017E1E->6c928baf-cc3b-4a10-9362-ff4e15dca71d@group-586430B97ADD, cid=271, SUCCESS, logIndex=394, commits[6c928baf-cc3b-4a10-9362-ff4e15dca71d:c396]
2019-08-10 04:37:57,777 INFO  client.GrpcClientProtocolClient (GrpcClientProtocolClient.java:onNext(255)) - client-71F61C017E1E->6c928baf-cc3b-4a10-9362-ff4e15dca71d: receive RaftClientReply:client-71F61C017E1E->6c928baf-cc3b-4a10-9362-ff4e15dca71d@group-586430B97ADD, cid=272, SUCCESS, logIndex=395, commits[6c928baf-cc3b-4a10-9362-ff4e15dca71d:c396]
2019-08-10 04:37:57,786 DEBUG block.SCMBlockDeletingService (SCMBlockDeletingService.java:call(138)) - Running DeletedBlockTransactionScanner
2019-08-10 04:37:57,787 DEBUG block.SCMBlockDeletingService (SCMBlockDeletingService.java:call(155)) - Scanned deleted blocks log and got 0 delTX to process.
2019-08-10 04:37:57,806 INFO  client.GrpcClientProtocolClient (GrpcClientProtocolClient.java:onNext(255)) - client-71F61C017E1E->6c928baf-cc3b-4a10-9362-ff4e15dca71d: receive RaftClientReply:client-71F61C017E1E->6c928baf-cc3b-4a10-9362-ff4e15dca71d@group-586430B97ADD, cid=273, SUCCESS, logIndex=397, commits[6c928baf-cc3b-4a10-9362-ff4e15dca71d:c398]
2019-08-10 04:37:57,807 INFO  client.GrpcClientProtocolClient (GrpcClientProtocolClient.java:onNext(255)) - client-71F61C017E1E->6c928baf-cc3b-4a10-9362-ff4e15dca71d: receive RaftClientReply:client-71F61C017E1E->6c928baf-cc3b-4a10-9362-ff4e15dca71d@group-586430B97ADD, cid=274, SUCCESS, logIndex=398, commits[6c928baf-cc3b-4a10-9362-ff4e15dca71d:c401]
2019-08-10 04:37:57,808 INFO  client.GrpcClientProtocolClient (GrpcClientProtocolClient.java:onNext(255)) - client-71F61C017E1E->6c928baf-cc3b-4a10-9362-ff4e15dca71d: receive RaftClientReply:client-71F61C017E1E->6c928baf-cc3b-4a10-9362-ff4e15dca71d@group-586430B97ADD, cid=275, SUCCESS, logIndex=399, commits[6c928baf-cc3b-4a10-9362-ff4e15dca71d:c402]
2019-08-10 04:37:57,809 INFO  client.GrpcClientProtocolClient (GrpcClientProtocolClient.java:onNext(255)) - client-71F61C017E1E->6c928baf-cc3b-4a10-9362-ff4e15dca71d: receive RaftClientReply:client-71F61C017E1E->6c928baf-cc3b-4a10-9362-ff4e15dca71d@group-586430B97ADD, cid=276, SUCCESS, logIndex=400, commits[6c928baf-cc3b-4a10-9362-ff4e15dca71d:c402]
2019-08-10 04:37:57,831 INFO  client.GrpcClientProtocolClient (GrpcClientProtocolClient.java:onNext(255)) - client-71F61C017E1E->6c928baf-cc3b-4a10-9362-ff4e15dca71d: receive RaftClientReply:client-71F61C017E1E->6c928baf-cc3b-4a10-9362-ff4e15dca71d@group-586430B97ADD, cid=277, SUCCESS, logIndex=403, commits[6c928baf-cc3b-4a10-9362-ff4e15dca71d:c404]
2019-08-10 04:37:57,832 INFO  client.GrpcClientProtocolClient (GrpcClientProtocolClient.java:onNext(255)) - client-71F61C017E1E->6c928baf-cc3b-4a10-9362-ff4e15dca71d: receive RaftClientReply:client-71F61C017E1E->6c928baf-cc3b-4a10-9362-ff4e15dca71d@group-586430B97ADD, cid=278, SUCCESS, logIndex=404, commits[6c928baf-cc3b-4a10-9362-ff4e15dca71d:c407]
2019-08-10 04:37:57,832 INFO  client.GrpcClientProtocolClient (GrpcClientProtocolClient.java:onNext(255)) - client-71F61C017E1E->6c928baf-cc3b-4a10-9362-ff4e15dca71d: receive RaftClientReply:client-71F61C017E1E->6c928baf-cc3b-4a10-9362-ff4e15dca71d@group-586430B97ADD, cid=279, SUCCESS, logIndex=405, commits[6c928baf-cc3b-4a10-9362-ff4e15dca71d:c408]
2019-08-10 04:37:57,833 INFO  client.GrpcClientProtocolClient (GrpcClientProtocolClient.java:onNext(255)) - client-71F61C017E1E->6c928baf-cc3b-4a10-9362-ff4e15dca71d: receive RaftClientReply:client-71F61C017E1E->6c928baf-cc3b-4a10-9362-ff4e15dca71d@group-586430B97ADD, cid=280, SUCCESS, logIndex=406, commits[6c928baf-cc3b-4a10-9362-ff4e15dca71d:c408]
2019-08-10 04:37:57,862 INFO  client.GrpcClientProtocolClient (GrpcClientProtocolClient.java:onNext(255)) - client-71F61C017E1E->6c928baf-cc3b-4a10-9362-ff4e15dca71d: receive RaftClientReply:client-71F61C017E1E->6c928baf-cc3b-4a10-9362-ff4e15dca71d@group-586430B97ADD, cid=281, SUCCESS, logIndex=409, commits[6c928baf-cc3b-4a10-9362-ff4e15dca71d:c412]
2019-08-10 04:37:57,863 INFO  client.GrpcClientProtocolClient (GrpcClientProtocolClient.java:onNext(255)) - client-71F61C017E1E->6c928baf-cc3b-4a10-9362-ff4e15dca71d: receive RaftClientReply:client-71F61C017E1E->6c928baf-cc3b-4a10-9362-ff4e15dca71d@group-586430B97ADD, cid=282, SUCCESS, logIndex=410, commits[6c928baf-cc3b-4a10-9362-ff4e15dca71d:c413]
2019-08-10 04:37:57,864 INFO  client.GrpcClientProtocolClient (GrpcClientProtocolClient.java:onNext(255)) - client-71F61C017E1E->6c928baf-cc3b-4a10-9362-ff4e15dca71d: receive RaftClientReply:client-71F61C017E1E->6c928baf-cc3b-4a10-9362-ff4e15dca71d@group-586430B97ADD, cid=283, SUCCESS, logIndex=411, commits[6c928baf-cc3b-4a10-9362-ff4e15dca71d:c414]
2019-08-10 04:37:57,864 INFO  client.GrpcClientProtocolClient (GrpcClientProtocolClient.java:onNext(255)) - client-71F61C017E1E->6c928baf-cc3b-4a10-9362-ff4e15dca71d: receive RaftClientReply:client-71F61C017E1E->6c928baf-cc3b-4a10-9362-ff4e15dca71d@group-586430B97ADD, cid=284, SUCCESS, logIndex=412, commits[6c928baf-cc3b-4a10-9362-ff4e15dca71d:c414]
2019-08-10 04:37:57,887 DEBUG block.SCMBlockDeletingService (SCMBlockDeletingService.java:call(138)) - Running DeletedBlockTransactionScanner
2019-08-10 04:37:57,887 DEBUG block.SCMBlockDeletingService (SCMBlockDeletingService.java:call(155)) - Scanned deleted blocks log and got 0 delTX to process.
2019-08-10 04:37:57,887 INFO  client.GrpcClientProtocolClient (GrpcClientProtocolClient.java:onNext(255)) - client-71F61C017E1E->6c928baf-cc3b-4a10-9362-ff4e15dca71d: receive RaftClientReply:client-71F61C017E1E->6c928baf-cc3b-4a10-9362-ff4e15dca71d@group-586430B97ADD, cid=285, SUCCESS, logIndex=415, commits[6c928baf-cc3b-4a10-9362-ff4e15dca71d:c416]
2019-08-10 04:37:57,888 INFO  client.GrpcClientProtocolClient (GrpcClientProtocolClient.java:onNext(255)) - client-71F61C017E1E->6c928baf-cc3b-4a10-9362-ff4e15dca71d: receive RaftClientReply:client-71F61C017E1E->6c928baf-cc3b-4a10-9362-ff4e15dca71d@group-586430B97ADD, cid=286, SUCCESS, logIndex=416, commits[6c928baf-cc3b-4a10-9362-ff4e15dca71d:c419]
2019-08-10 04:37:57,889 INFO  client.GrpcClientProtocolClient (GrpcClientProtocolClient.java:onNext(255)) - client-71F61C017E1E->6c928baf-cc3b-4a10-9362-ff4e15dca71d: receive RaftClientReply:client-71F61C017E1E->6c928baf-cc3b-4a10-9362-ff4e15dca71d@group-586430B97ADD, cid=287, SUCCESS, logIndex=417, commits[6c928baf-cc3b-4a10-9362-ff4e15dca71d:c420]
2019-08-10 04:37:57,889 INFO  client.GrpcClientProtocolClient (GrpcClientProtocolClient.java:onNext(255)) - client-71F61C017E1E->6c928baf-cc3b-4a10-9362-ff4e15dca71d: receive RaftClientReply:client-71F61C017E1E->6c928baf-cc3b-4a10-9362-ff4e15dca71d@group-586430B97ADD, cid=288, SUCCESS, logIndex=418, commits[6c928baf-cc3b-4a10-9362-ff4e15dca71d:c420]
2019-08-10 04:37:57,919 INFO  client.GrpcClientProtocolClient (GrpcClientProtocolClient.java:onNext(255)) - client-71F61C017E1E->6c928baf-cc3b-4a10-9362-ff4e15dca71d: receive RaftClientReply:client-71F61C017E1E->6c928baf-cc3b-4a10-9362-ff4e15dca71d@group-586430B97ADD, cid=289, SUCCESS, logIndex=421, commits[6c928baf-cc3b-4a10-9362-ff4e15dca71d:c422]
2019-08-10 04:37:57,920 INFO  client.GrpcClientProtocolClient (GrpcClientProtocolClient.java:onNext(255)) - client-71F61C017E1E->6c928baf-cc3b-4a10-9362-ff4e15dca71d: receive RaftClientReply:client-71F61C017E1E->6c928baf-cc3b-4a10-9362-ff4e15dca71d@group-586430B97ADD, cid=290, SUCCESS, logIndex=422, commits[6c928baf-cc3b-4a10-9362-ff4e15dca71d:c425]
2019-08-10 04:37:57,920 INFO  client.GrpcClientProtocolClient (GrpcClientProtocolClient.java:onNext(255)) - client-71F61C017E1E->6c928baf-cc3b-4a10-9362-ff4e15dca71d: receive RaftClientReply:client-71F61C017E1E->6c928baf-cc3b-4a10-9362-ff4e15dca71d@group-586430B97ADD, cid=291, SUCCESS, logIndex=423, commits[6c928baf-cc3b-4a10-9362-ff4e15dca71d:c426]
2019-08-10 04:37:57,921 INFO  client.GrpcClientProtocolClient (GrpcClientProtocolClient.java:onNext(255)) - client-71F61C017E1E->6c928baf-cc3b-4a10-9362-ff4e15dca71d: receive RaftClientReply:client-71F61C017E1E->6c928baf-cc3b-4a10-9362-ff4e15dca71d@group-586430B97ADD, cid=292, SUCCESS, logIndex=424, commits[6c928baf-cc3b-4a10-9362-ff4e15dca71d:c426]
2019-08-10 04:37:57,943 INFO  client.GrpcClientProtocolClient (GrpcClientProtocolClient.java:onNext(255)) - client-71F61C017E1E->6c928baf-cc3b-4a10-9362-ff4e15dca71d: receive RaftClientReply:client-71F61C017E1E->6c928baf-cc3b-4a10-9362-ff4e15dca71d@group-586430B97ADD, cid=293, SUCCESS, logIndex=427, commits[6c928baf-cc3b-4a10-9362-ff4e15dca71d:c430]
2019-08-10 04:37:57,944 INFO  client.GrpcClientProtocolClient (GrpcClientProtocolClient.java:onNext(255)) - client-71F61C017E1E->6c928baf-cc3b-4a10-9362-ff4e15dca71d: receive RaftClientReply:client-71F61C017E1E->6c928baf-cc3b-4a10-9362-ff4e15dca71d@group-586430B97ADD, cid=294, SUCCESS, logIndex=428, commits[6c928baf-cc3b-4a10-9362-ff4e15dca71d:c431]
2019-08-10 04:37:57,944 INFO  client.GrpcClientProtocolClient (GrpcClientProtocolClient.java:onNext(255)) - client-71F61C017E1E->6c928baf-cc3b-4a10-9362-ff4e15dca71d: receive RaftClientReply:client-71F61C017E1E->6c928baf-cc3b-4a10-9362-ff4e15dca71d@group-586430B97ADD, cid=295, SUCCESS, logIndex=429, commits[6c928baf-cc3b-4a10-9362-ff4e15dca71d:c432]
2019-08-10 04:37:57,946 INFO  client.GrpcClientProtocolClient (GrpcClientProtocolClient.java:onNext(255)) - client-71F61C017E1E->6c928baf-cc3b-4a10-9362-ff4e15dca71d: receive RaftClientReply:client-71F61C017E1E->6c928baf-cc3b-4a10-9362-ff4e15dca71d@group-586430B97ADD, cid=296, SUCCESS, logIndex=430, commits[6c928baf-cc3b-4a10-9362-ff4e15dca71d:c432]
2019-08-10 04:37:57,973 INFO  client.GrpcClientProtocolClient (GrpcClientProtocolClient.java:onNext(255)) - client-71F61C017E1E->6c928baf-cc3b-4a10-9362-ff4e15dca71d: receive RaftClientReply:client-71F61C017E1E->6c928baf-cc3b-4a10-9362-ff4e15dca71d@group-586430B97ADD, cid=297, SUCCESS, logIndex=433, commits[6c928baf-cc3b-4a10-9362-ff4e15dca71d:c434]
2019-08-10 04:37:57,974 INFO  client.GrpcClientProtocolClient (GrpcClientProtocolClient.java:onNext(255)) - client-71F61C017E1E->6c928baf-cc3b-4a10-9362-ff4e15dca71d: receive RaftClientReply:client-71F61C017E1E->6c928baf-cc3b-4a10-9362-ff4e15dca71d@group-586430B97ADD, cid=298, SUCCESS, logIndex=434, commits[6c928baf-cc3b-4a10-9362-ff4e15dca71d:c434]
2019-08-10 04:37:57,975 INFO  client.GrpcClientProtocolClient (GrpcClientProtocolClient.java:onNext(255)) - client-71F61C017E1E->6c928baf-cc3b-4a10-9362-ff4e15dca71d: receive RaftClientReply:client-71F61C017E1E->6c928baf-cc3b-4a10-9362-ff4e15dca71d@group-586430B97ADD, cid=299, SUCCESS, logIndex=435, commits[6c928baf-cc3b-4a10-9362-ff4e15dca71d:c436]
2019-08-10 04:37:57,976 INFO  client.GrpcClientProtocolClient (GrpcClientProtocolClient.java:onNext(255)) - client-71F61C017E1E->6c928baf-cc3b-4a10-9362-ff4e15dca71d: receive RaftClientReply:client-71F61C017E1E->6c928baf-cc3b-4a10-9362-ff4e15dca71d@group-586430B97ADD, cid=300, SUCCESS, logIndex=436, commits[6c928baf-cc3b-4a10-9362-ff4e15dca71d:c436]
2019-08-10 04:37:57,988 DEBUG block.SCMBlockDeletingService (SCMBlockDeletingService.java:call(138)) - Running DeletedBlockTransactionScanner
2019-08-10 04:37:57,988 DEBUG block.SCMBlockDeletingService (SCMBlockDeletingService.java:call(155)) - Scanned deleted blocks log and got 0 delTX to process.
2019-08-10 04:37:58,020 INFO  client.GrpcClientProtocolClient (GrpcClientProtocolClient.java:onNext(255)) - client-71F61C017E1E->6c928baf-cc3b-4a10-9362-ff4e15dca71d: receive RaftClientReply:client-71F61C017E1E->6c928baf-cc3b-4a10-9362-ff4e15dca71d@group-586430B97ADD, cid=301, SUCCESS, logIndex=439, commits[6c928baf-cc3b-4a10-9362-ff4e15dca71d:c442]
2019-08-10 04:37:58,020 INFO  client.GrpcClientProtocolClient (GrpcClientProtocolClient.java:onNext(255)) - client-71F61C017E1E->6c928baf-cc3b-4a10-9362-ff4e15dca71d: receive RaftClientReply:client-71F61C017E1E->6c928baf-cc3b-4a10-9362-ff4e15dca71d@group-586430B97ADD, cid=302, SUCCESS, logIndex=440, commits[6c928baf-cc3b-4a10-9362-ff4e15dca71d:c442]
2019-08-10 04:37:58,021 INFO  client.GrpcClientProtocolClient (GrpcClientProtocolClient.java:onNext(255)) - client-71F61C017E1E->6c928baf-cc3b-4a10-9362-ff4e15dca71d: receive RaftClientReply:client-71F61C017E1E->6c928baf-cc3b-4a10-9362-ff4e15dca71d@group-586430B97ADD, cid=303, SUCCESS, logIndex=441, commits[6c928baf-cc3b-4a10-9362-ff4e15dca71d:c442]
2019-08-10 04:37:58,022 INFO  client.GrpcClientProtocolClient (GrpcClientProtocolClient.java:onNext(255)) - client-71F61C017E1E->6c928baf-cc3b-4a10-9362-ff4e15dca71d: receive RaftClientReply:client-71F61C017E1E->6c928baf-cc3b-4a10-9362-ff4e15dca71d@group-586430B97ADD, cid=304, SUCCESS, logIndex=442, commits[6c928baf-cc3b-4a10-9362-ff4e15dca71d:c442]
2019-08-10 04:37:58,056 INFO  client.GrpcClientProtocolClient (GrpcClientProtocolClient.java:onNext(255)) - client-71F61C017E1E->6c928baf-cc3b-4a10-9362-ff4e15dca71d: receive RaftClientReply:client-71F61C017E1E->6c928baf-cc3b-4a10-9362-ff4e15dca71d@group-586430B97ADD, cid=305, SUCCESS, logIndex=444, commits[6c928baf-cc3b-4a10-9362-ff4e15dca71d:c445]
2019-08-10 04:37:58,057 INFO  client.GrpcClientProtocolClient (GrpcClientProtocolClient.java:onNext(255)) - client-71F61C017E1E->6c928baf-cc3b-4a10-9362-ff4e15dca71d: receive RaftClientReply:client-71F61C017E1E->6c928baf-cc3b-4a10-9362-ff4e15dca71d@group-586430B97ADD, cid=306, SUCCESS, logIndex=445, commits[6c928baf-cc3b-4a10-9362-ff4e15dca71d:c447]
2019-08-10 04:37:58,057 INFO  client.GrpcClientProtocolClient (GrpcClientProtocolClient.java:onNext(255)) - client-71F61C017E1E->6c928baf-cc3b-4a10-9362-ff4e15dca71d: receive RaftClientReply:client-71F61C017E1E->6c928baf-cc3b-4a10-9362-ff4e15dca71d@group-586430B97ADD, cid=307, SUCCESS, logIndex=446, commits[6c928baf-cc3b-4a10-9362-ff4e15dca71d:c448]
2019-08-10 04:37:58,058 INFO  client.GrpcClientProtocolClient (GrpcClientProtocolClient.java:onNext(255)) - client-71F61C017E1E->6c928baf-cc3b-4a10-9362-ff4e15dca71d: receive RaftClientReply:client-71F61C017E1E->6c928baf-cc3b-4a10-9362-ff4e15dca71d@group-586430B97ADD, cid=308, SUCCESS, logIndex=447, commits[6c928baf-cc3b-4a10-9362-ff4e15dca71d:c448]
2019-08-10 04:37:58,089 DEBUG block.SCMBlockDeletingService (SCMBlockDeletingService.java:call(138)) - Running DeletedBlockTransactionScanner
2019-08-10 04:37:58,089 DEBUG block.SCMBlockDeletingService (SCMBlockDeletingService.java:call(155)) - Scanned deleted blocks log and got 0 delTX to process.
2019-08-10 04:37:58,190 DEBUG block.SCMBlockDeletingService (SCMBlockDeletingService.java:call(138)) - Running DeletedBlockTransactionScanner
2019-08-10 04:37:58,190 DEBUG block.SCMBlockDeletingService (SCMBlockDeletingService.java:call(155)) - Scanned deleted blocks log and got 0 delTX to process.
2019-08-10 04:37:58,194 INFO  client.GrpcClientProtocolClient (GrpcClientProtocolClient.java:onNext(255)) - client-71F61C017E1E->6c928baf-cc3b-4a10-9362-ff4e15dca71d: receive RaftClientReply:client-71F61C017E1E->6c928baf-cc3b-4a10-9362-ff4e15dca71d@group-586430B97ADD, cid=309, SUCCESS, logIndex=450, commits[6c928baf-cc3b-4a10-9362-ff4e15dca71d:c451]
2019-08-10 04:37:58,195 INFO  client.GrpcClientProtocolClient (GrpcClientProtocolClient.java:onNext(255)) - client-71F61C017E1E->6c928baf-cc3b-4a10-9362-ff4e15dca71d: receive RaftClientReply:client-71F61C017E1E->6c928baf-cc3b-4a10-9362-ff4e15dca71d@group-586430B97ADD, cid=310, SUCCESS, logIndex=451, commits[6c928baf-cc3b-4a10-9362-ff4e15dca71d:c453]
2019-08-10 04:37:58,195 INFO  client.GrpcClientProtocolClient (GrpcClientProtocolClient.java:onNext(255)) - client-71F61C017E1E->6c928baf-cc3b-4a10-9362-ff4e15dca71d: receive RaftClientReply:client-71F61C017E1E->6c928baf-cc3b-4a10-9362-ff4e15dca71d@group-586430B97ADD, cid=311, SUCCESS, logIndex=452, commits[6c928baf-cc3b-4a10-9362-ff4e15dca71d:c454]
2019-08-10 04:37:58,196 INFO  client.GrpcClientProtocolClient (GrpcClientProtocolClient.java:onNext(255)) - client-71F61C017E1E->6c928baf-cc3b-4a10-9362-ff4e15dca71d: receive RaftClientReply:client-71F61C017E1E->6c928baf-cc3b-4a10-9362-ff4e15dca71d@group-586430B97ADD, cid=312, SUCCESS, logIndex=453, commits[6c928baf-cc3b-4a10-9362-ff4e15dca71d:c455]
2019-08-10 04:37:58,227 INFO  client.GrpcClientProtocolClient (GrpcClientProtocolClient.java:onNext(255)) - client-71F61C017E1E->6c928baf-cc3b-4a10-9362-ff4e15dca71d: receive RaftClientReply:client-71F61C017E1E->6c928baf-cc3b-4a10-9362-ff4e15dca71d@group-586430B97ADD, cid=313, SUCCESS, logIndex=456, commits[6c928baf-cc3b-4a10-9362-ff4e15dca71d:c459]
2019-08-10 04:37:58,228 INFO  client.GrpcClientProtocolClient (GrpcClientProtocolClient.java:onNext(255)) - client-71F61C017E1E->6c928baf-cc3b-4a10-9362-ff4e15dca71d: receive RaftClientReply:client-71F61C017E1E->6c928baf-cc3b-4a10-9362-ff4e15dca71d@group-586430B97ADD, cid=314, SUCCESS, logIndex=457, commits[6c928baf-cc3b-4a10-9362-ff4e15dca71d:c460]
2019-08-10 04:37:58,228 INFO  client.GrpcClientProtocolClient (GrpcClientProtocolClient.java:onNext(255)) - client-71F61C017E1E->6c928baf-cc3b-4a10-9362-ff4e15dca71d: receive RaftClientReply:client-71F61C017E1E->6c928baf-cc3b-4a10-9362-ff4e15dca71d@group-586430B97ADD, cid=315, SUCCESS, logIndex=458, commits[6c928baf-cc3b-4a10-9362-ff4e15dca71d:c461]
2019-08-10 04:37:58,229 INFO  client.GrpcClientProtocolClient (GrpcClientProtocolClient.java:onNext(255)) - client-71F61C017E1E->6c928baf-cc3b-4a10-9362-ff4e15dca71d: receive RaftClientReply:client-71F61C017E1E->6c928baf-cc3b-4a10-9362-ff4e15dca71d@group-586430B97ADD, cid=316, SUCCESS, logIndex=459, commits[6c928baf-cc3b-4a10-9362-ff4e15dca71d:c461]
2019-08-10 04:37:58,251 INFO  client.GrpcClientProtocolClient (GrpcClientProtocolClient.java:onNext(255)) - client-71F61C017E1E->6c928baf-cc3b-4a10-9362-ff4e15dca71d: receive RaftClientReply:client-71F61C017E1E->6c928baf-cc3b-4a10-9362-ff4e15dca71d@group-586430B97ADD, cid=317, SUCCESS, logIndex=462, commits[6c928baf-cc3b-4a10-9362-ff4e15dca71d:c465]
2019-08-10 04:37:58,252 INFO  client.GrpcClientProtocolClient (GrpcClientProtocolClient.java:onNext(255)) - client-71F61C017E1E->6c928baf-cc3b-4a10-9362-ff4e15dca71d: receive RaftClientReply:client-71F61C017E1E->6c928baf-cc3b-4a10-9362-ff4e15dca71d@group-586430B97ADD, cid=318, SUCCESS, logIndex=463, commits[6c928baf-cc3b-4a10-9362-ff4e15dca71d:c466]
2019-08-10 04:37:58,252 INFO  client.GrpcClientProtocolClient (GrpcClientProtocolClient.java:onNext(255)) - client-71F61C017E1E->6c928baf-cc3b-4a10-9362-ff4e15dca71d: receive RaftClientReply:client-71F61C017E1E->6c928baf-cc3b-4a10-9362-ff4e15dca71d@group-586430B97ADD, cid=319, SUCCESS, logIndex=464, commits[6c928baf-cc3b-4a10-9362-ff4e15dca71d:c467]
2019-08-10 04:37:58,253 INFO  client.GrpcClientProtocolClient (GrpcClientProtocolClient.java:onNext(255)) - client-71F61C017E1E->6c928baf-cc3b-4a10-9362-ff4e15dca71d: receive RaftClientReply:client-71F61C017E1E->6c928baf-cc3b-4a10-9362-ff4e15dca71d@group-586430B97ADD, cid=320, SUCCESS, logIndex=465, commits[6c928baf-cc3b-4a10-9362-ff4e15dca71d:c467]
2019-08-10 04:37:58,290 DEBUG block.SCMBlockDeletingService (SCMBlockDeletingService.java:call(138)) - Running DeletedBlockTransactionScanner
2019-08-10 04:37:58,291 DEBUG block.SCMBlockDeletingService (SCMBlockDeletingService.java:call(155)) - Scanned deleted blocks log and got 0 delTX to process.
2019-08-10 04:37:58,298 INFO  client.GrpcClientProtocolClient (GrpcClientProtocolClient.java:onNext(255)) - client-71F61C017E1E->6c928baf-cc3b-4a10-9362-ff4e15dca71d: receive RaftClientReply:client-71F61C017E1E->6c928baf-cc3b-4a10-9362-ff4e15dca71d@group-586430B97ADD, cid=321, SUCCESS, logIndex=468, commits[6c928baf-cc3b-4a10-9362-ff4e15dca71d:c469]
2019-08-10 04:37:58,299 INFO  client.GrpcClientProtocolClient (GrpcClientProtocolClient.java:onNext(255)) - client-71F61C017E1E->6c928baf-cc3b-4a10-9362-ff4e15dca71d: receive RaftClientReply:client-71F61C017E1E->6c928baf-cc3b-4a10-9362-ff4e15dca71d@group-586430B97ADD, cid=322, SUCCESS, logIndex=469, commits[6c928baf-cc3b-4a10-9362-ff4e15dca71d:c469]
2019-08-10 04:37:58,299 INFO  client.GrpcClientProtocolClient (GrpcClientProtocolClient.java:onNext(255)) - client-71F61C017E1E->6c928baf-cc3b-4a10-9362-ff4e15dca71d: receive RaftClientReply:client-71F61C017E1E->6c928baf-cc3b-4a10-9362-ff4e15dca71d@group-586430B97ADD, cid=323, SUCCESS, logIndex=470, commits[6c928baf-cc3b-4a10-9362-ff4e15dca71d:c471]
2019-08-10 04:37:58,300 INFO  client.GrpcClientProtocolClient (GrpcClientProtocolClient.java:onNext(255)) - client-71F61C017E1E->6c928baf-cc3b-4a10-9362-ff4e15dca71d: receive RaftClientReply:client-71F61C017E1E->6c928baf-cc3b-4a10-9362-ff4e15dca71d@group-586430B97ADD, cid=324, SUCCESS, logIndex=471, commits[6c928baf-cc3b-4a10-9362-ff4e15dca71d:c471]
2019-08-10 04:37:58,311 INFO  client.GrpcClientProtocolClient (GrpcClientProtocolClient.java:onNext(255)) - client-71F61C017E1E->6c928baf-cc3b-4a10-9362-ff4e15dca71d: receive RaftClientReply:client-71F61C017E1E->6c928baf-cc3b-4a10-9362-ff4e15dca71d@group-586430B97ADD, cid=325, SUCCESS, logIndex=474, commits[6c928baf-cc3b-4a10-9362-ff4e15dca71d:c475]
2019-08-10 04:37:58,312 INFO  client.GrpcClientProtocolClient (GrpcClientProtocolClient.java:onNext(255)) - client-71F61C017E1E->6c928baf-cc3b-4a10-9362-ff4e15dca71d: receive RaftClientReply:client-71F61C017E1E->6c928baf-cc3b-4a10-9362-ff4e15dca71d@group-586430B97ADD, cid=326, SUCCESS, logIndex=475, commits[6c928baf-cc3b-4a10-9362-ff4e15dca71d:c475]
2019-08-10 04:37:58,324 INFO  client.GrpcClientProtocolClient (GrpcClientProtocolClient.java:onNext(255)) - client-71F61C017E1E->6c928baf-cc3b-4a10-9362-ff4e15dca71d: receive RaftClientReply:client-71F61C017E1E->6c928baf-cc3b-4a10-9362-ff4e15dca71d@group-586430B97ADD, cid=327, SUCCESS, logIndex=476, commits[6c928baf-cc3b-4a10-9362-ff4e15dca71d:c478]
2019-08-10 04:37:58,325 INFO  client.GrpcClientProtocolClient (GrpcClientProtocolClient.java:onNext(255)) - client-71F61C017E1E->6c928baf-cc3b-4a10-9362-ff4e15dca71d: receive RaftClientReply:client-71F61C017E1E->6c928baf-cc3b-4a10-9362-ff4e15dca71d@group-586430B97ADD, cid=328, SUCCESS, logIndex=478, commits[6c928baf-cc3b-4a10-9362-ff4e15dca71d:c478]
2019-08-10 04:37:58,353 INFO  client.GrpcClientProtocolClient (GrpcClientProtocolClient.java:onNext(255)) - client-71F61C017E1E->6c928baf-cc3b-4a10-9362-ff4e15dca71d: receive RaftClientReply:client-71F61C017E1E->6c928baf-cc3b-4a10-9362-ff4e15dca71d@group-586430B97ADD, cid=329, SUCCESS, logIndex=480, commits[6c928baf-cc3b-4a10-9362-ff4e15dca71d:c481]
2019-08-10 04:37:58,353 INFO  client.GrpcClientProtocolClient (GrpcClientProtocolClient.java:onNext(255)) - client-71F61C017E1E->6c928baf-cc3b-4a10-9362-ff4e15dca71d: receive RaftClientReply:client-71F61C017E1E->6c928baf-cc3b-4a10-9362-ff4e15dca71d@group-586430B97ADD, cid=330, SUCCESS, logIndex=481, commits[6c928baf-cc3b-4a10-9362-ff4e15dca71d:c483]
2019-08-10 04:37:58,354 INFO  client.GrpcClientProtocolClient (GrpcClientProtocolClient.java:onNext(255)) - client-71F61C017E1E->6c928baf-cc3b-4a10-9362-ff4e15dca71d: receive RaftClientReply:client-71F61C017E1E->6c928baf-cc3b-4a10-9362-ff4e15dca71d@group-586430B97ADD, cid=331, SUCCESS, logIndex=482, commits[6c928baf-cc3b-4a10-9362-ff4e15dca71d:c484]
2019-08-10 04:37:58,354 INFO  client.GrpcClientProtocolClient (GrpcClientProtocolClient.java:onNext(255)) - client-71F61C017E1E->6c928baf-cc3b-4a10-9362-ff4e15dca71d: receive RaftClientReply:client-71F61C017E1E->6c928baf-cc3b-4a10-9362-ff4e15dca71d@group-586430B97ADD, cid=332, SUCCESS, logIndex=483, commits[6c928baf-cc3b-4a10-9362-ff4e15dca71d:c484]
2019-08-10 04:37:58,375 INFO  client.GrpcClientProtocolClient (GrpcClientProtocolClient.java:onNext(255)) - client-71F61C017E1E->6c928baf-cc3b-4a10-9362-ff4e15dca71d: receive RaftClientReply:client-71F61C017E1E->6c928baf-cc3b-4a10-9362-ff4e15dca71d@group-586430B97ADD, cid=333, SUCCESS, logIndex=486, commits[6c928baf-cc3b-4a10-9362-ff4e15dca71d:c487]
2019-08-10 04:37:58,375 INFO  client.GrpcClientProtocolClient (GrpcClientProtocolClient.java:onNext(255)) - client-71F61C017E1E->6c928baf-cc3b-4a10-9362-ff4e15dca71d: receive RaftClientReply:client-71F61C017E1E->6c928baf-cc3b-4a10-9362-ff4e15dca71d@group-586430B97ADD, cid=334, SUCCESS, logIndex=487, commits[6c928baf-cc3b-4a10-9362-ff4e15dca71d:c490]
2019-08-10 04:37:58,376 INFO  client.GrpcClientProtocolClient (GrpcClientProtocolClient.java:onNext(255)) - client-71F61C017E1E->6c928baf-cc3b-4a10-9362-ff4e15dca71d: receive RaftClientReply:client-71F61C017E1E->6c928baf-cc3b-4a10-9362-ff4e15dca71d@group-586430B97ADD, cid=335, SUCCESS, logIndex=488, commits[6c928baf-cc3b-4a10-9362-ff4e15dca71d:c490]
2019-08-10 04:37:58,376 INFO  client.GrpcClientProtocolClient (GrpcClientProtocolClient.java:onNext(255)) - client-71F61C017E1E->6c928baf-cc3b-4a10-9362-ff4e15dca71d: receive RaftClientReply:client-71F61C017E1E->6c928baf-cc3b-4a10-9362-ff4e15dca71d@group-586430B97ADD, cid=336, SUCCESS, logIndex=489, commits[6c928baf-cc3b-4a10-9362-ff4e15dca71d:c491]
2019-08-10 04:37:58,391 DEBUG block.SCMBlockDeletingService (SCMBlockDeletingService.java:call(138)) - Running DeletedBlockTransactionScanner
2019-08-10 04:37:58,392 DEBUG block.SCMBlockDeletingService (SCMBlockDeletingService.java:call(155)) - Scanned deleted blocks log and got 0 delTX to process.
2019-08-10 04:37:58,401 INFO  client.GrpcClientProtocolClient (GrpcClientProtocolClient.java:onNext(255)) - client-71F61C017E1E->6c928baf-cc3b-4a10-9362-ff4e15dca71d: receive RaftClientReply:client-71F61C017E1E->6c928baf-cc3b-4a10-9362-ff4e15dca71d@group-586430B97ADD, cid=337, SUCCESS, logIndex=492, commits[6c928baf-cc3b-4a10-9362-ff4e15dca71d:c495]
2019-08-10 04:37:58,402 INFO  client.GrpcClientProtocolClient (GrpcClientProtocolClient.java:onNext(255)) - client-71F61C017E1E->6c928baf-cc3b-4a10-9362-ff4e15dca71d: receive RaftClientReply:client-71F61C017E1E->6c928baf-cc3b-4a10-9362-ff4e15dca71d@group-586430B97ADD, cid=338, SUCCESS, logIndex=493, commits[6c928baf-cc3b-4a10-9362-ff4e15dca71d:c496]
2019-08-10 04:37:58,403 INFO  client.GrpcClientProtocolClient (GrpcClientProtocolClient.java:onNext(255)) - client-71F61C017E1E->6c928baf-cc3b-4a10-9362-ff4e15dca71d: receive RaftClientReply:client-71F61C017E1E->6c928baf-cc3b-4a10-9362-ff4e15dca71d@group-586430B97ADD, cid=339, SUCCESS, logIndex=494, commits[6c928baf-cc3b-4a10-9362-ff4e15dca71d:c497]
2019-08-10 04:37:58,403 INFO  client.GrpcClientProtocolClient (GrpcClientProtocolClient.java:onNext(255)) - client-71F61C017E1E->6c928baf-cc3b-4a10-9362-ff4e15dca71d: receive RaftClientReply:client-71F61C017E1E->6c928baf-cc3b-4a10-9362-ff4e15dca71d@group-586430B97ADD, cid=340, SUCCESS, logIndex=495, commits[6c928baf-cc3b-4a10-9362-ff4e15dca71d:c497]
2019-08-10 04:37:58,424 INFO  client.GrpcClientProtocolClient (GrpcClientProtocolClient.java:onNext(255)) - client-71F61C017E1E->6c928baf-cc3b-4a10-9362-ff4e15dca71d: receive RaftClientReply:client-71F61C017E1E->6c928baf-cc3b-4a10-9362-ff4e15dca71d@group-586430B97ADD, cid=341, SUCCESS, logIndex=498, commits[6c928baf-cc3b-4a10-9362-ff4e15dca71d:c499]
2019-08-10 04:37:58,424 INFO  client.GrpcClientProtocolClient (GrpcClientProtocolClient.java:onNext(255)) - client-71F61C017E1E->6c928baf-cc3b-4a10-9362-ff4e15dca71d: receive RaftClientReply:client-71F61C017E1E->6c928baf-cc3b-4a10-9362-ff4e15dca71d@group-586430B97ADD, cid=342, SUCCESS, logIndex=499, commits[6c928baf-cc3b-4a10-9362-ff4e15dca71d:c499]
2019-08-10 04:37:58,425 INFO  client.GrpcClientProtocolClient (GrpcClientProtocolClient.java:onNext(255)) - client-71F61C017E1E->6c928baf-cc3b-4a10-9362-ff4e15dca71d: receive RaftClientReply:client-71F61C017E1E->6c928baf-cc3b-4a10-9362-ff4e15dca71d@group-586430B97ADD, cid=343, SUCCESS, logIndex=500, commits[6c928baf-cc3b-4a10-9362-ff4e15dca71d:c501]
2019-08-10 04:37:58,426 INFO  client.GrpcClientProtocolClient (GrpcClientProtocolClient.java:onNext(255)) - client-71F61C017E1E->6c928baf-cc3b-4a10-9362-ff4e15dca71d: receive RaftClientReply:client-71F61C017E1E->6c928baf-cc3b-4a10-9362-ff4e15dca71d@group-586430B97ADD, cid=344, SUCCESS, logIndex=501, commits[6c928baf-cc3b-4a10-9362-ff4e15dca71d:c501]
2019-08-10 04:37:58,455 INFO  client.GrpcClientProtocolClient (GrpcClientProtocolClient.java:onNext(255)) - client-71F61C017E1E->6c928baf-cc3b-4a10-9362-ff4e15dca71d: receive RaftClientReply:client-71F61C017E1E->6c928baf-cc3b-4a10-9362-ff4e15dca71d@group-586430B97ADD, cid=345, SUCCESS, logIndex=504, commits[6c928baf-cc3b-4a10-9362-ff4e15dca71d:c505]
2019-08-10 04:37:58,456 INFO  client.GrpcClientProtocolClient (GrpcClientProtocolClient.java:onNext(255)) - client-71F61C017E1E->6c928baf-cc3b-4a10-9362-ff4e15dca71d: receive RaftClientReply:client-71F61C017E1E->6c928baf-cc3b-4a10-9362-ff4e15dca71d@group-586430B97ADD, cid=346, SUCCESS, logIndex=505, commits[6c928baf-cc3b-4a10-9362-ff4e15dca71d:c508]
2019-08-10 04:37:58,457 INFO  client.GrpcClientProtocolClient (GrpcClientProtocolClient.java:onNext(255)) - client-71F61C017E1E->6c928baf-cc3b-4a10-9362-ff4e15dca71d: receive RaftClientReply:client-71F61C017E1E->6c928baf-cc3b-4a10-9362-ff4e15dca71d@group-586430B97ADD, cid=347, SUCCESS, logIndex=506, commits[6c928baf-cc3b-4a10-9362-ff4e15dca71d:c509]
2019-08-10 04:37:58,457 INFO  client.GrpcClientProtocolClient (GrpcClientProtocolClient.java:onNext(255)) - client-71F61C017E1E->6c928baf-cc3b-4a10-9362-ff4e15dca71d: receive RaftClientReply:client-71F61C017E1E->6c928baf-cc3b-4a10-9362-ff4e15dca71d@group-586430B97ADD, cid=348, SUCCESS, logIndex=507, commits[6c928baf-cc3b-4a10-9362-ff4e15dca71d:c509]
2019-08-10 04:37:58,470 INFO  client.GrpcClientProtocolClient (GrpcClientProtocolClient.java:onNext(255)) - client-71F61C017E1E->6c928baf-cc3b-4a10-9362-ff4e15dca71d: receive RaftClientReply:client-71F61C017E1E->6c928baf-cc3b-4a10-9362-ff4e15dca71d@group-586430B97ADD, cid=349, SUCCESS, logIndex=510, commits[6c928baf-cc3b-4a10-9362-ff4e15dca71d:c511]
2019-08-10 04:37:58,470 INFO  client.GrpcClientProtocolClient (GrpcClientProtocolClient.java:onNext(255)) - client-71F61C017E1E->6c928baf-cc3b-4a10-9362-ff4e15dca71d: receive RaftClientReply:client-71F61C017E1E->6c928baf-cc3b-4a10-9362-ff4e15dca71d@group-586430B97ADD, cid=350, SUCCESS, logIndex=511, commits[6c928baf-cc3b-4a10-9362-ff4e15dca71d:c511]
2019-08-10 04:37:58,481 INFO  client.GrpcClientProtocolClient (GrpcClientProtocolClient.java:onNext(255)) - client-71F61C017E1E->6c928baf-cc3b-4a10-9362-ff4e15dca71d: receive RaftClientReply:client-71F61C017E1E->6c928baf-cc3b-4a10-9362-ff4e15dca71d@group-586430B97ADD, cid=351, SUCCESS, logIndex=512, commits[6c928baf-cc3b-4a10-9362-ff4e15dca71d:c514]
2019-08-10 04:37:58,481 INFO  client.GrpcClientProtocolClient (GrpcClientProtocolClient.java:onNext(255)) - client-71F61C017E1E->6c928baf-cc3b-4a10-9362-ff4e15dca71d: receive RaftClientReply:client-71F61C017E1E->6c928baf-cc3b-4a10-9362-ff4e15dca71d@group-586430B97ADD, cid=352, SUCCESS, logIndex=514, commits[6c928baf-cc3b-4a10-9362-ff4e15dca71d:c514]
2019-08-10 04:37:58,492 DEBUG block.SCMBlockDeletingService (SCMBlockDeletingService.java:call(138)) - Running DeletedBlockTransactionScanner
2019-08-10 04:37:58,493 DEBUG block.SCMBlockDeletingService (SCMBlockDeletingService.java:call(155)) - Scanned deleted blocks log and got 0 delTX to process.
2019-08-10 04:37:58,593 DEBUG block.SCMBlockDeletingService (SCMBlockDeletingService.java:call(138)) - Running DeletedBlockTransactionScanner
2019-08-10 04:37:58,595 DEBUG block.SCMBlockDeletingService (SCMBlockDeletingService.java:call(155)) - Scanned deleted blocks log and got 0 delTX to process.
2019-08-10 04:37:58,620 INFO  client.GrpcClientProtocolClient (GrpcClientProtocolClient.java:onNext(255)) - client-71F61C017E1E->6c928baf-cc3b-4a10-9362-ff4e15dca71d: receive RaftClientReply:client-71F61C017E1E->6c928baf-cc3b-4a10-9362-ff4e15dca71d@group-586430B97ADD, cid=353, SUCCESS, logIndex=516, commits[6c928baf-cc3b-4a10-9362-ff4e15dca71d:c517]
2019-08-10 04:37:58,621 INFO  client.GrpcClientProtocolClient (GrpcClientProtocolClient.java:onNext(255)) - client-71F61C017E1E->6c928baf-cc3b-4a10-9362-ff4e15dca71d: receive RaftClientReply:client-71F61C017E1E->6c928baf-cc3b-4a10-9362-ff4e15dca71d@group-586430B97ADD, cid=354, SUCCESS, logIndex=517, commits[6c928baf-cc3b-4a10-9362-ff4e15dca71d:c517]
2019-08-10 04:37:58,621 INFO  client.GrpcClientProtocolClient (GrpcClientProtocolClient.java:onNext(255)) - client-71F61C017E1E->6c928baf-cc3b-4a10-9362-ff4e15dca71d: receive RaftClientReply:client-71F61C017E1E->6c928baf-cc3b-4a10-9362-ff4e15dca71d@group-586430B97ADD, cid=355, SUCCESS, logIndex=518, commits[6c928baf-cc3b-4a10-9362-ff4e15dca71d:c519]
2019-08-10 04:37:58,622 INFO  client.GrpcClientProtocolClient (GrpcClientProtocolClient.java:onNext(255)) - client-71F61C017E1E->6c928baf-cc3b-4a10-9362-ff4e15dca71d: receive RaftClientReply:client-71F61C017E1E->6c928baf-cc3b-4a10-9362-ff4e15dca71d@group-586430B97ADD, cid=356, SUCCESS, logIndex=519, commits[6c928baf-cc3b-4a10-9362-ff4e15dca71d:c520]
2019-08-10 04:37:58,644 INFO  client.GrpcClientProtocolClient (GrpcClientProtocolClient.java:onNext(255)) - client-71F61C017E1E->6c928baf-cc3b-4a10-9362-ff4e15dca71d: receive RaftClientReply:client-71F61C017E1E->6c928baf-cc3b-4a10-9362-ff4e15dca71d@group-586430B97ADD, cid=357, SUCCESS, logIndex=522, commits[6c928baf-cc3b-4a10-9362-ff4e15dca71d:c523]
2019-08-10 04:37:58,762 DEBUG block.SCMBlockDeletingService (SCMBlockDeletingService.java:call(138)) - Running DeletedBlockTransactionScanner
2019-08-10 04:37:58,765 DEBUG block.SCMBlockDeletingService (SCMBlockDeletingService.java:call(155)) - Scanned deleted blocks log and got 0 delTX to process.
2019-08-10 04:37:58,766 INFO  client.GrpcClientProtocolClient (GrpcClientProtocolClient.java:onNext(255)) - client-71F61C017E1E->6c928baf-cc3b-4a10-9362-ff4e15dca71d: receive RaftClientReply:client-71F61C017E1E->6c928baf-cc3b-4a10-9362-ff4e15dca71d@group-586430B97ADD, cid=358, SUCCESS, logIndex=523, commits[6c928baf-cc3b-4a10-9362-ff4e15dca71d:c526]
2019-08-10 04:37:58,767 INFO  client.GrpcClientProtocolClient (GrpcClientProtocolClient.java:onNext(255)) - client-71F61C017E1E->6c928baf-cc3b-4a10-9362-ff4e15dca71d: receive RaftClientReply:client-71F61C017E1E->6c928baf-cc3b-4a10-9362-ff4e15dca71d@group-586430B97ADD, cid=359, SUCCESS, logIndex=524, commits[6c928baf-cc3b-4a10-9362-ff4e15dca71d:c526]
2019-08-10 04:37:58,768 INFO  client.GrpcClientProtocolClient (GrpcClientProtocolClient.java:onNext(255)) - client-71F61C017E1E->6c928baf-cc3b-4a10-9362-ff4e15dca71d: receive RaftClientReply:client-71F61C017E1E->6c928baf-cc3b-4a10-9362-ff4e15dca71d@group-586430B97ADD, cid=360, SUCCESS, logIndex=525, commits[6c928baf-cc3b-4a10-9362-ff4e15dca71d:c527]
2019-08-10 04:37:58,807 INFO  client.GrpcClientProtocolClient (GrpcClientProtocolClient.java:onNext(255)) - client-71F61C017E1E->6c928baf-cc3b-4a10-9362-ff4e15dca71d: receive RaftClientReply:client-71F61C017E1E->6c928baf-cc3b-4a10-9362-ff4e15dca71d@group-586430B97ADD, cid=361, SUCCESS, logIndex=528, commits[6c928baf-cc3b-4a10-9362-ff4e15dca71d:c531]
2019-08-10 04:37:58,807 INFO  client.GrpcClientProtocolClient (GrpcClientProtocolClient.java:onNext(255)) - client-71F61C017E1E->6c928baf-cc3b-4a10-9362-ff4e15dca71d: receive RaftClientReply:client-71F61C017E1E->6c928baf-cc3b-4a10-9362-ff4e15dca71d@group-586430B97ADD, cid=362, SUCCESS, logIndex=529, commits[6c928baf-cc3b-4a10-9362-ff4e15dca71d:c533]
2019-08-10 04:37:58,808 INFO  client.GrpcClientProtocolClient (GrpcClientProtocolClient.java:onNext(255)) - client-71F61C017E1E->6c928baf-cc3b-4a10-9362-ff4e15dca71d: receive RaftClientReply:client-71F61C017E1E->6c928baf-cc3b-4a10-9362-ff4e15dca71d@group-586430B97ADD, cid=363, SUCCESS, logIndex=530, commits[6c928baf-cc3b-4a10-9362-ff4e15dca71d:c533]
2019-08-10 04:37:58,808 INFO  client.GrpcClientProtocolClient (GrpcClientProtocolClient.java:onNext(255)) - client-71F61C017E1E->6c928baf-cc3b-4a10-9362-ff4e15dca71d: receive RaftClientReply:client-71F61C017E1E->6c928baf-cc3b-4a10-9362-ff4e15dca71d@group-586430B97ADD, cid=364, SUCCESS, logIndex=531, commits[6c928baf-cc3b-4a10-9362-ff4e15dca71d:c533]
2019-08-10 04:37:58,832 INFO  client.GrpcClientProtocolClient (GrpcClientProtocolClient.java:onNext(255)) - client-71F61C017E1E->6c928baf-cc3b-4a10-9362-ff4e15dca71d: receive RaftClientReply:client-71F61C017E1E->6c928baf-cc3b-4a10-9362-ff4e15dca71d@group-586430B97ADD, cid=365, SUCCESS, logIndex=534, commits[6c928baf-cc3b-4a10-9362-ff4e15dca71d:c535]
2019-08-10 04:37:58,835 INFO  client.GrpcClientProtocolClient (GrpcClientProtocolClient.java:onNext(255)) - client-71F61C017E1E->6c928baf-cc3b-4a10-9362-ff4e15dca71d: receive RaftClientReply:client-71F61C017E1E->6c928baf-cc3b-4a10-9362-ff4e15dca71d@group-586430B97ADD, cid=366, SUCCESS, logIndex=535, commits[6c928baf-cc3b-4a10-9362-ff4e15dca71d:c535]
2019-08-10 04:37:58,846 INFO  client.GrpcClientProtocolClient (GrpcClientProtocolClient.java:onNext(255)) - client-71F61C017E1E->6c928baf-cc3b-4a10-9362-ff4e15dca71d: receive RaftClientReply:client-71F61C017E1E->6c928baf-cc3b-4a10-9362-ff4e15dca71d@group-586430B97ADD, cid=367, SUCCESS, logIndex=536, commits[6c928baf-cc3b-4a10-9362-ff4e15dca71d:c537]
2019-08-10 04:37:58,847 INFO  client.GrpcClientProtocolClient (GrpcClientProtocolClient.java:onNext(255)) - client-71F61C017E1E->6c928baf-cc3b-4a10-9362-ff4e15dca71d: receive RaftClientReply:client-71F61C017E1E->6c928baf-cc3b-4a10-9362-ff4e15dca71d@group-586430B97ADD, cid=368, SUCCESS, logIndex=537, commits[6c928baf-cc3b-4a10-9362-ff4e15dca71d:c539]
2019-08-10 04:37:58,866 DEBUG block.SCMBlockDeletingService (SCMBlockDeletingService.java:call(138)) - Running DeletedBlockTransactionScanner
2019-08-10 04:37:58,866 DEBUG block.SCMBlockDeletingService (SCMBlockDeletingService.java:call(155)) - Scanned deleted blocks log and got 0 delTX to process.
2019-08-10 04:37:58,879 INFO  client.GrpcClientProtocolClient (GrpcClientProtocolClient.java:onNext(255)) - client-71F61C017E1E->6c928baf-cc3b-4a10-9362-ff4e15dca71d: receive RaftClientReply:client-71F61C017E1E->6c928baf-cc3b-4a10-9362-ff4e15dca71d@group-586430B97ADD, cid=369, SUCCESS, logIndex=540, commits[6c928baf-cc3b-4a10-9362-ff4e15dca71d:c541]
2019-08-10 04:37:58,880 INFO  client.GrpcClientProtocolClient (GrpcClientProtocolClient.java:onNext(255)) - client-71F61C017E1E->6c928baf-cc3b-4a10-9362-ff4e15dca71d: receive RaftClientReply:client-71F61C017E1E->6c928baf-cc3b-4a10-9362-ff4e15dca71d@group-586430B97ADD, cid=370, SUCCESS, logIndex=541, commits[6c928baf-cc3b-4a10-9362-ff4e15dca71d:c543]
2019-08-10 04:37:58,880 INFO  client.GrpcClientProtocolClient (GrpcClientProtocolClient.java:onNext(255)) - client-71F61C017E1E->6c928baf-cc3b-4a10-9362-ff4e15dca71d: receive RaftClientReply:client-71F61C017E1E->6c928baf-cc3b-4a10-9362-ff4e15dca71d@group-586430B97ADD, cid=371, SUCCESS, logIndex=542, commits[6c928baf-cc3b-4a10-9362-ff4e15dca71d:c544]
2019-08-10 04:37:58,881 INFO  client.GrpcClientProtocolClient (GrpcClientProtocolClient.java:onNext(255)) - client-71F61C017E1E->6c928baf-cc3b-4a10-9362-ff4e15dca71d: receive RaftClientReply:client-71F61C017E1E->6c928baf-cc3b-4a10-9362-ff4e15dca71d@group-586430B97ADD, cid=372, SUCCESS, logIndex=543, commits[6c928baf-cc3b-4a10-9362-ff4e15dca71d:c545]
2019-08-10 04:37:58,904 INFO  client.GrpcClientProtocolClient (GrpcClientProtocolClient.java:onNext(255)) - client-71F61C017E1E->6c928baf-cc3b-4a10-9362-ff4e15dca71d: receive RaftClientReply:client-71F61C017E1E->6c928baf-cc3b-4a10-9362-ff4e15dca71d@group-586430B97ADD, cid=373, SUCCESS, logIndex=546, commits[6c928baf-cc3b-4a10-9362-ff4e15dca71d:c547]
2019-08-10 04:37:58,905 INFO  client.GrpcClientProtocolClient (GrpcClientProtocolClient.java:onNext(255)) - client-71F61C017E1E->6c928baf-cc3b-4a10-9362-ff4e15dca71d: receive RaftClientReply:client-71F61C017E1E->6c928baf-cc3b-4a10-9362-ff4e15dca71d@group-586430B97ADD, cid=374, SUCCESS, logIndex=547, commits[6c928baf-cc3b-4a10-9362-ff4e15dca71d:c550]
2019-08-10 04:37:58,906 INFO  client.GrpcClientProtocolClient (GrpcClientProtocolClient.java:onNext(255)) - client-71F61C017E1E->6c928baf-cc3b-4a10-9362-ff4e15dca71d: receive RaftClientReply:client-71F61C017E1E->6c928baf-cc3b-4a10-9362-ff4e15dca71d@group-586430B97ADD, cid=375, SUCCESS, logIndex=548, commits[6c928baf-cc3b-4a10-9362-ff4e15dca71d:c551]
2019-08-10 04:37:58,906 INFO  client.GrpcClientProtocolClient (GrpcClientProtocolClient.java:onNext(255)) - client-71F61C017E1E->6c928baf-cc3b-4a10-9362-ff4e15dca71d: receive RaftClientReply:client-71F61C017E1E->6c928baf-cc3b-4a10-9362-ff4e15dca71d@group-586430B97ADD, cid=376, SUCCESS, logIndex=549, commits[6c928baf-cc3b-4a10-9362-ff4e15dca71d:c551]
2019-08-10 04:37:58,934 INFO  client.GrpcClientProtocolClient (GrpcClientProtocolClient.java:onNext(255)) - client-71F61C017E1E->6c928baf-cc3b-4a10-9362-ff4e15dca71d: receive RaftClientReply:client-71F61C017E1E->6c928baf-cc3b-4a10-9362-ff4e15dca71d@group-586430B97ADD, cid=377, SUCCESS, logIndex=552, commits[6c928baf-cc3b-4a10-9362-ff4e15dca71d:c553]
2019-08-10 04:37:58,935 INFO  client.GrpcClientProtocolClient (GrpcClientProtocolClient.java:onNext(255)) - client-71F61C017E1E->6c928baf-cc3b-4a10-9362-ff4e15dca71d: receive RaftClientReply:client-71F61C017E1E->6c928baf-cc3b-4a10-9362-ff4e15dca71d@group-586430B97ADD, cid=378, SUCCESS, logIndex=553, commits[6c928baf-cc3b-4a10-9362-ff4e15dca71d:c555]
2019-08-10 04:37:58,936 INFO  client.GrpcClientProtocolClient (GrpcClientProtocolClient.java:onNext(255)) - client-71F61C017E1E->6c928baf-cc3b-4a10-9362-ff4e15dca71d: receive RaftClientReply:client-71F61C017E1E->6c928baf-cc3b-4a10-9362-ff4e15dca71d@group-586430B97ADD, cid=379, SUCCESS, logIndex=554, commits[6c928baf-cc3b-4a10-9362-ff4e15dca71d:c556]
2019-08-10 04:37:58,936 INFO  client.GrpcClientProtocolClient (GrpcClientProtocolClient.java:onNext(255)) - client-71F61C017E1E->6c928baf-cc3b-4a10-9362-ff4e15dca71d: receive RaftClientReply:client-71F61C017E1E->6c928baf-cc3b-4a10-9362-ff4e15dca71d@group-586430B97ADD, cid=380, SUCCESS, logIndex=555, commits[6c928baf-cc3b-4a10-9362-ff4e15dca71d:c557]
2019-08-10 04:37:58,959 INFO  client.GrpcClientProtocolClient (GrpcClientProtocolClient.java:onNext(255)) - client-71F61C017E1E->6c928baf-cc3b-4a10-9362-ff4e15dca71d: receive RaftClientReply:client-71F61C017E1E->6c928baf-cc3b-4a10-9362-ff4e15dca71d@group-586430B97ADD, cid=381, SUCCESS, logIndex=558, commits[6c928baf-cc3b-4a10-9362-ff4e15dca71d:c559]
2019-08-10 04:37:58,959 INFO  client.GrpcClientProtocolClient (GrpcClientProtocolClient.java:onNext(255)) - client-71F61C017E1E->6c928baf-cc3b-4a10-9362-ff4e15dca71d: receive RaftClientReply:client-71F61C017E1E->6c928baf-cc3b-4a10-9362-ff4e15dca71d@group-586430B97ADD, cid=382, SUCCESS, logIndex=559, commits[6c928baf-cc3b-4a10-9362-ff4e15dca71d:c559]
2019-08-10 04:37:58,960 INFO  client.GrpcClientProtocolClient (GrpcClientProtocolClient.java:onNext(255)) - client-71F61C017E1E->6c928baf-cc3b-4a10-9362-ff4e15dca71d: receive RaftClientReply:client-71F61C017E1E->6c928baf-cc3b-4a10-9362-ff4e15dca71d@group-586430B97ADD, cid=383, SUCCESS, logIndex=560, commits[6c928baf-cc3b-4a10-9362-ff4e15dca71d:c561]
2019-08-10 04:37:58,961 INFO  client.GrpcClientProtocolClient (GrpcClientProtocolClient.java:onNext(255)) - client-71F61C017E1E->6c928baf-cc3b-4a10-9362-ff4e15dca71d: receive RaftClientReply:client-71F61C017E1E->6c928baf-cc3b-4a10-9362-ff4e15dca71d@group-586430B97ADD, cid=384, SUCCESS, logIndex=561, commits[6c928baf-cc3b-4a10-9362-ff4e15dca71d:c561]
2019-08-10 04:37:58,967 DEBUG block.SCMBlockDeletingService (SCMBlockDeletingService.java:call(138)) - Running DeletedBlockTransactionScanner
2019-08-10 04:37:58,967 DEBUG block.SCMBlockDeletingService (SCMBlockDeletingService.java:call(155)) - Scanned deleted blocks log and got 0 delTX to process.
2019-08-10 04:37:58,989 INFO  client.GrpcClientProtocolClient (GrpcClientProtocolClient.java:onNext(255)) - client-71F61C017E1E->6c928baf-cc3b-4a10-9362-ff4e15dca71d: receive RaftClientReply:client-71F61C017E1E->6c928baf-cc3b-4a10-9362-ff4e15dca71d@group-586430B97ADD, cid=385, SUCCESS, logIndex=564, commits[6c928baf-cc3b-4a10-9362-ff4e15dca71d:c567]
2019-08-10 04:37:58,990 INFO  client.GrpcClientProtocolClient (GrpcClientProtocolClient.java:onNext(255)) - client-71F61C017E1E->6c928baf-cc3b-4a10-9362-ff4e15dca71d: receive RaftClientReply:client-71F61C017E1E->6c928baf-cc3b-4a10-9362-ff4e15dca71d@group-586430B97ADD, cid=386, SUCCESS, logIndex=565, commits[6c928baf-cc3b-4a10-9362-ff4e15dca71d:c569]
2019-08-10 04:37:58,990 INFO  client.GrpcClientProtocolClient (GrpcClientProtocolClient.java:onNext(255)) - client-71F61C017E1E->6c928baf-cc3b-4a10-9362-ff4e15dca71d: receive RaftClientReply:client-71F61C017E1E->6c928baf-cc3b-4a10-9362-ff4e15dca71d@group-586430B97ADD, cid=387, SUCCESS, logIndex=566, commits[6c928baf-cc3b-4a10-9362-ff4e15dca71d:c569]
2019-08-10 04:37:58,991 INFO  client.GrpcClientProtocolClient (GrpcClientProtocolClient.java:onNext(255)) - client-71F61C017E1E->6c928baf-cc3b-4a10-9362-ff4e15dca71d: receive RaftClientReply:client-71F61C017E1E->6c928baf-cc3b-4a10-9362-ff4e15dca71d@group-586430B97ADD, cid=388, SUCCESS, logIndex=567, commits[6c928baf-cc3b-4a10-9362-ff4e15dca71d:c569]
2019-08-10 04:37:59,011 INFO  client.GrpcClientProtocolClient (GrpcClientProtocolClient.java:onNext(255)) - client-71F61C017E1E->6c928baf-cc3b-4a10-9362-ff4e15dca71d: receive RaftClientReply:client-71F61C017E1E->6c928baf-cc3b-4a10-9362-ff4e15dca71d@group-586430B97ADD, cid=389, SUCCESS, logIndex=570, commits[6c928baf-cc3b-4a10-9362-ff4e15dca71d:c571]
2019-08-10 04:37:59,012 INFO  client.GrpcClientProtocolClient (GrpcClientProtocolClient.java:onNext(255)) - client-71F61C017E1E->6c928baf-cc3b-4a10-9362-ff4e15dca71d: receive RaftClientReply:client-71F61C017E1E->6c928baf-cc3b-4a10-9362-ff4e15dca71d@group-586430B97ADD, cid=390, SUCCESS, logIndex=571, commits[6c928baf-cc3b-4a10-9362-ff4e15dca71d:c573]
2019-08-10 04:37:59,012 INFO  client.GrpcClientProtocolClient (GrpcClientProtocolClient.java:onNext(255)) - client-71F61C017E1E->6c928baf-cc3b-4a10-9362-ff4e15dca71d: receive RaftClientReply:client-71F61C017E1E->6c928baf-cc3b-4a10-9362-ff4e15dca71d@group-586430B97ADD, cid=391, SUCCESS, logIndex=572, commits[6c928baf-cc3b-4a10-9362-ff4e15dca71d:c573]
2019-08-10 04:37:59,013 INFO  client.GrpcClientProtocolClient (GrpcClientProtocolClient.java:onNext(255)) - client-71F61C017E1E->6c928baf-cc3b-4a10-9362-ff4e15dca71d: receive RaftClientReply:client-71F61C017E1E->6c928baf-cc3b-4a10-9362-ff4e15dca71d@group-586430B97ADD, cid=392, SUCCESS, logIndex=573, commits[6c928baf-cc3b-4a10-9362-ff4e15dca71d:c574]
2019-08-10 04:37:59,036 INFO  client.GrpcClientProtocolClient (GrpcClientProtocolClient.java:onNext(255)) - client-71F61C017E1E->6c928baf-cc3b-4a10-9362-ff4e15dca71d: receive RaftClientReply:client-71F61C017E1E->6c928baf-cc3b-4a10-9362-ff4e15dca71d@group-586430B97ADD, cid=393, SUCCESS, logIndex=576, commits[6c928baf-cc3b-4a10-9362-ff4e15dca71d:c577]
2019-08-10 04:37:59,037 INFO  client.GrpcClientProtocolClient (GrpcClientProtocolClient.java:onNext(255)) - client-71F61C017E1E->6c928baf-cc3b-4a10-9362-ff4e15dca71d: receive RaftClientReply:client-71F61C017E1E->6c928baf-cc3b-4a10-9362-ff4e15dca71d@group-586430B97ADD, cid=394, SUCCESS, logIndex=577, commits[6c928baf-cc3b-4a10-9362-ff4e15dca71d:c579]
2019-08-10 04:37:59,037 INFO  client.GrpcClientProtocolClient (GrpcClientProtocolClient.java:onNext(255)) - client-71F61C017E1E->6c928baf-cc3b-4a10-9362-ff4e15dca71d: receive RaftClientReply:client-71F61C017E1E->6c928baf-cc3b-4a10-9362-ff4e15dca71d@group-586430B97ADD, cid=395, SUCCESS, logIndex=578, commits[6c928baf-cc3b-4a10-9362-ff4e15dca71d:c580]
2019-08-10 04:37:59,037 INFO  client.GrpcClientProtocolClient (GrpcClientProtocolClient.java:onNext(255)) - client-71F61C017E1E->6c928baf-cc3b-4a10-9362-ff4e15dca71d: receive RaftClientReply:client-71F61C017E1E->6c928baf-cc3b-4a10-9362-ff4e15dca71d@group-586430B97ADD, cid=396, SUCCESS, logIndex=579, commits[6c928baf-cc3b-4a10-9362-ff4e15dca71d:c581]
2019-08-10 04:37:59,067 DEBUG block.SCMBlockDeletingService (SCMBlockDeletingService.java:call(138)) - Running DeletedBlockTransactionScanner
2019-08-10 04:37:59,068 DEBUG block.SCMBlockDeletingService (SCMBlockDeletingService.java:call(155)) - Scanned deleted blocks log and got 0 delTX to process.
2019-08-10 04:37:59,156 INFO  client.GrpcClientProtocolClient (GrpcClientProtocolClient.java:onNext(255)) - client-71F61C017E1E->6c928baf-cc3b-4a10-9362-ff4e15dca71d: receive RaftClientReply:client-71F61C017E1E->6c928baf-cc3b-4a10-9362-ff4e15dca71d@group-586430B97ADD, cid=397, SUCCESS, logIndex=582, commits[6c928baf-cc3b-4a10-9362-ff4e15dca71d:c585]
2019-08-10 04:37:59,157 INFO  client.GrpcClientProtocolClient (GrpcClientProtocolClient.java:onNext(255)) - client-71F61C017E1E->6c928baf-cc3b-4a10-9362-ff4e15dca71d: receive RaftClientReply:client-71F61C017E1E->6c928baf-cc3b-4a10-9362-ff4e15dca71d@group-586430B97ADD, cid=398, SUCCESS, logIndex=583, commits[6c928baf-cc3b-4a10-9362-ff4e15dca71d:c586]
2019-08-10 04:37:59,157 INFO  client.GrpcClientProtocolClient (GrpcClientProtocolClient.java:onNext(255)) - client-71F61C017E1E->6c928baf-cc3b-4a10-9362-ff4e15dca71d: receive RaftClientReply:client-71F61C017E1E->6c928baf-cc3b-4a10-9362-ff4e15dca71d@group-586430B97ADD, cid=399, SUCCESS, logIndex=584, commits[6c928baf-cc3b-4a10-9362-ff4e15dca71d:c587]
2019-08-10 04:37:59,158 INFO  client.GrpcClientProtocolClient (GrpcClientProtocolClient.java:onNext(255)) - client-71F61C017E1E->6c928baf-cc3b-4a10-9362-ff4e15dca71d: receive RaftClientReply:client-71F61C017E1E->6c928baf-cc3b-4a10-9362-ff4e15dca71d@group-586430B97ADD, cid=400, SUCCESS, logIndex=585, commits[6c928baf-cc3b-4a10-9362-ff4e15dca71d:c587]
2019-08-10 04:37:59,168 DEBUG block.SCMBlockDeletingService (SCMBlockDeletingService.java:call(138)) - Running DeletedBlockTransactionScanner
2019-08-10 04:37:59,168 DEBUG block.SCMBlockDeletingService (SCMBlockDeletingService.java:call(155)) - Scanned deleted blocks log and got 0 delTX to process.
2019-08-10 04:37:59,186 INFO  client.GrpcClientProtocolClient (GrpcClientProtocolClient.java:onNext(255)) - client-71F61C017E1E->6c928baf-cc3b-4a10-9362-ff4e15dca71d: receive RaftClientReply:client-71F61C017E1E->6c928baf-cc3b-4a10-9362-ff4e15dca71d@group-586430B97ADD, cid=401, SUCCESS, logIndex=588, commits[6c928baf-cc3b-4a10-9362-ff4e15dca71d:c589]
2019-08-10 04:37:59,187 INFO  client.GrpcClientProtocolClient (GrpcClientProtocolClient.java:onNext(255)) - client-71F61C017E1E->6c928baf-cc3b-4a10-9362-ff4e15dca71d: receive RaftClientReply:client-71F61C017E1E->6c928baf-cc3b-4a10-9362-ff4e15dca71d@group-586430B97ADD, cid=402, SUCCESS, logIndex=589, commits[6c928baf-cc3b-4a10-9362-ff4e15dca71d:c592]
2019-08-10 04:37:59,187 INFO  client.GrpcClientProtocolClient (GrpcClientProtocolClient.java:onNext(255)) - client-71F61C017E1E->6c928baf-cc3b-4a10-9362-ff4e15dca71d: receive RaftClientReply:client-71F61C017E1E->6c928baf-cc3b-4a10-9362-ff4e15dca71d@group-586430B97ADD, cid=403, SUCCESS, logIndex=590, commits[6c928baf-cc3b-4a10-9362-ff4e15dca71d:c593]
2019-08-10 04:37:59,188 INFO  client.GrpcClientProtocolClient (GrpcClientProtocolClient.java:onNext(255)) - client-71F61C017E1E->6c928baf-cc3b-4a10-9362-ff4e15dca71d: receive RaftClientReply:client-71F61C017E1E->6c928baf-cc3b-4a10-9362-ff4e15dca71d@group-586430B97ADD, cid=404, SUCCESS, logIndex=591, commits[6c928baf-cc3b-4a10-9362-ff4e15dca71d:c593]
2019-08-10 04:37:59,209 INFO  client.GrpcClientProtocolClient (GrpcClientProtocolClient.java:onNext(255)) - client-71F61C017E1E->6c928baf-cc3b-4a10-9362-ff4e15dca71d: receive RaftClientReply:client-71F61C017E1E->6c928baf-cc3b-4a10-9362-ff4e15dca71d@group-586430B97ADD, cid=405, SUCCESS, logIndex=594, commits[6c928baf-cc3b-4a10-9362-ff4e15dca71d:c595]
2019-08-10 04:37:59,210 INFO  client.GrpcClientProtocolClient (GrpcClientProtocolClient.java:onNext(255)) - client-71F61C017E1E->6c928baf-cc3b-4a10-9362-ff4e15dca71d: receive RaftClientReply:client-71F61C017E1E->6c928baf-cc3b-4a10-9362-ff4e15dca71d@group-586430B97ADD, cid=406, SUCCESS, logIndex=595, commits[6c928baf-cc3b-4a10-9362-ff4e15dca71d:c598]
2019-08-10 04:37:59,210 INFO  client.GrpcClientProtocolClient (GrpcClientProtocolClient.java:onNext(255)) - client-71F61C017E1E->6c928baf-cc3b-4a10-9362-ff4e15dca71d: receive RaftClientReply:client-71F61C017E1E->6c928baf-cc3b-4a10-9362-ff4e15dca71d@group-586430B97ADD, cid=407, SUCCESS, logIndex=596, commits[6c928baf-cc3b-4a10-9362-ff4e15dca71d:c599]
2019-08-10 04:37:59,211 INFO  client.GrpcClientProtocolClient (GrpcClientProtocolClient.java:onNext(255)) - client-71F61C017E1E->6c928baf-cc3b-4a10-9362-ff4e15dca71d: receive RaftClientReply:client-71F61C017E1E->6c928baf-cc3b-4a10-9362-ff4e15dca71d@group-586430B97ADD, cid=408, SUCCESS, logIndex=597, commits[6c928baf-cc3b-4a10-9362-ff4e15dca71d:c599]
2019-08-10 04:37:59,248 INFO  client.GrpcClientProtocolClient (GrpcClientProtocolClient.java:onNext(255)) - client-71F61C017E1E->6c928baf-cc3b-4a10-9362-ff4e15dca71d: receive RaftClientReply:client-71F61C017E1E->6c928baf-cc3b-4a10-9362-ff4e15dca71d@group-586430B97ADD, cid=409, SUCCESS, logIndex=600, commits[6c928baf-cc3b-4a10-9362-ff4e15dca71d:c601]
2019-08-10 04:37:59,249 INFO  client.GrpcClientProtocolClient (GrpcClientProtocolClient.java:onNext(255)) - client-71F61C017E1E->6c928baf-cc3b-4a10-9362-ff4e15dca71d: receive RaftClientReply:client-71F61C017E1E->6c928baf-cc3b-4a10-9362-ff4e15dca71d@group-586430B97ADD, cid=410, SUCCESS, logIndex=601, commits[6c928baf-cc3b-4a10-9362-ff4e15dca71d:c604]
2019-08-10 04:37:59,250 INFO  client.GrpcClientProtocolClient (GrpcClientProtocolClient.java:onNext(255)) - client-71F61C017E1E->6c928baf-cc3b-4a10-9362-ff4e15dca71d: receive RaftClientReply:client-71F61C017E1E->6c928baf-cc3b-4a10-9362-ff4e15dca71d@group-586430B97ADD, cid=411, SUCCESS, logIndex=602, commits[6c928baf-cc3b-4a10-9362-ff4e15dca71d:c604]
2019-08-10 04:37:59,251 INFO  client.GrpcClientProtocolClient (GrpcClientProtocolClient.java:onNext(255)) - client-71F61C017E1E->6c928baf-cc3b-4a10-9362-ff4e15dca71d: receive RaftClientReply:client-71F61C017E1E->6c928baf-cc3b-4a10-9362-ff4e15dca71d@group-586430B97ADD, cid=412, SUCCESS, logIndex=603, commits[6c928baf-cc3b-4a10-9362-ff4e15dca71d:c604]
2019-08-10 04:37:59,269 DEBUG block.SCMBlockDeletingService (SCMBlockDeletingService.java:call(138)) - Running DeletedBlockTransactionScanner
2019-08-10 04:37:59,269 DEBUG block.SCMBlockDeletingService (SCMBlockDeletingService.java:call(155)) - Scanned deleted blocks log and got 0 delTX to process.
2019-08-10 04:37:59,273 INFO  client.GrpcClientProtocolClient (GrpcClientProtocolClient.java:onNext(255)) - client-71F61C017E1E->6c928baf-cc3b-4a10-9362-ff4e15dca71d: receive RaftClientReply:client-71F61C017E1E->6c928baf-cc3b-4a10-9362-ff4e15dca71d@group-586430B97ADD, cid=413, SUCCESS, logIndex=606, commits[6c928baf-cc3b-4a10-9362-ff4e15dca71d:c607]
2019-08-10 04:37:59,274 INFO  client.GrpcClientProtocolClient (GrpcClientProtocolClient.java:onNext(255)) - client-71F61C017E1E->6c928baf-cc3b-4a10-9362-ff4e15dca71d: receive RaftClientReply:client-71F61C017E1E->6c928baf-cc3b-4a10-9362-ff4e15dca71d@group-586430B97ADD, cid=414, SUCCESS, logIndex=607, commits[6c928baf-cc3b-4a10-9362-ff4e15dca71d:c610]
2019-08-10 04:37:59,274 INFO  client.GrpcClientProtocolClient (GrpcClientProtocolClient.java:onNext(255)) - client-71F61C017E1E->6c928baf-cc3b-4a10-9362-ff4e15dca71d: receive RaftClientReply:client-71F61C017E1E->6c928baf-cc3b-4a10-9362-ff4e15dca71d@group-586430B97ADD, cid=415, SUCCESS, logIndex=608, commits[6c928baf-cc3b-4a10-9362-ff4e15dca71d:c611]
2019-08-10 04:37:59,275 INFO  client.GrpcClientProtocolClient (GrpcClientProtocolClient.java:onNext(255)) - client-71F61C017E1E->6c928baf-cc3b-4a10-9362-ff4e15dca71d: receive RaftClientReply:client-71F61C017E1E->6c928baf-cc3b-4a10-9362-ff4e15dca71d@group-586430B97ADD, cid=416, SUCCESS, logIndex=609, commits[6c928baf-cc3b-4a10-9362-ff4e15dca71d:c611]
2019-08-10 04:37:59,301 INFO  client.GrpcClientProtocolClient (GrpcClientProtocolClient.java:onNext(255)) - client-71F61C017E1E->6c928baf-cc3b-4a10-9362-ff4e15dca71d: receive RaftClientReply:client-71F61C017E1E->6c928baf-cc3b-4a10-9362-ff4e15dca71d@group-586430B97ADD, cid=417, SUCCESS, logIndex=612, commits[6c928baf-cc3b-4a10-9362-ff4e15dca71d:c615]
2019-08-10 04:37:59,302 INFO  client.GrpcClientProtocolClient (GrpcClientProtocolClient.java:onNext(255)) - client-71F61C017E1E->6c928baf-cc3b-4a10-9362-ff4e15dca71d: receive RaftClientReply:client-71F61C017E1E->6c928baf-cc3b-4a10-9362-ff4e15dca71d@group-586430B97ADD, cid=418, SUCCESS, logIndex=613, commits[6c928baf-cc3b-4a10-9362-ff4e15dca71d:c615]
2019-08-10 04:37:59,302 INFO  client.GrpcClientProtocolClient (GrpcClientProtocolClient.java:onNext(255)) - client-71F61C017E1E->6c928baf-cc3b-4a10-9362-ff4e15dca71d: receive RaftClientReply:client-71F61C017E1E->6c928baf-cc3b-4a10-9362-ff4e15dca71d@group-586430B97ADD, cid=419, SUCCESS, logIndex=614, commits[6c928baf-cc3b-4a10-9362-ff4e15dca71d:c616]
2019-08-10 04:37:59,303 INFO  client.GrpcClientProtocolClient (GrpcClientProtocolClient.java:onNext(255)) - client-71F61C017E1E->6c928baf-cc3b-4a10-9362-ff4e15dca71d: receive RaftClientReply:client-71F61C017E1E->6c928baf-cc3b-4a10-9362-ff4e15dca71d@group-586430B97ADD, cid=420, SUCCESS, logIndex=615, commits[6c928baf-cc3b-4a10-9362-ff4e15dca71d:c617]
2019-08-10 04:37:59,324 INFO  client.GrpcClientProtocolClient (GrpcClientProtocolClient.java:onNext(255)) - client-71F61C017E1E->6c928baf-cc3b-4a10-9362-ff4e15dca71d: receive RaftClientReply:client-71F61C017E1E->6c928baf-cc3b-4a10-9362-ff4e15dca71d@group-586430B97ADD, cid=421, SUCCESS, logIndex=618, commits[6c928baf-cc3b-4a10-9362-ff4e15dca71d:c621]
2019-08-10 04:37:59,325 INFO  client.GrpcClientProtocolClient (GrpcClientProtocolClient.java:onNext(255)) - client-71F61C017E1E->6c928baf-cc3b-4a10-9362-ff4e15dca71d: receive RaftClientReply:client-71F61C017E1E->6c928baf-cc3b-4a10-9362-ff4e15dca71d@group-586430B97ADD, cid=422, SUCCESS, logIndex=619, commits[6c928baf-cc3b-4a10-9362-ff4e15dca71d:c622]
2019-08-10 04:37:59,325 INFO  client.GrpcClientProtocolClient (GrpcClientProtocolClient.java:onNext(255)) - client-71F61C017E1E->6c928baf-cc3b-4a10-9362-ff4e15dca71d: receive RaftClientReply:client-71F61C017E1E->6c928baf-cc3b-4a10-9362-ff4e15dca71d@group-586430B97ADD, cid=423, SUCCESS, logIndex=620, commits[6c928baf-cc3b-4a10-9362-ff4e15dca71d:c623]
2019-08-10 04:37:59,326 INFO  client.GrpcClientProtocolClient (GrpcClientProtocolClient.java:onNext(255)) - client-71F61C017E1E->6c928baf-cc3b-4a10-9362-ff4e15dca71d: receive RaftClientReply:client-71F61C017E1E->6c928baf-cc3b-4a10-9362-ff4e15dca71d@group-586430B97ADD, cid=424, SUCCESS, logIndex=621, commits[6c928baf-cc3b-4a10-9362-ff4e15dca71d:c623]
2019-08-10 04:37:59,354 INFO  client.GrpcClientProtocolClient (GrpcClientProtocolClient.java:onNext(255)) - client-71F61C017E1E->6c928baf-cc3b-4a10-9362-ff4e15dca71d: receive RaftClientReply:client-71F61C017E1E->6c928baf-cc3b-4a10-9362-ff4e15dca71d@group-586430B97ADD, cid=425, SUCCESS, logIndex=624, commits[6c928baf-cc3b-4a10-9362-ff4e15dca71d:c625]
2019-08-10 04:37:59,355 INFO  client.GrpcClientProtocolClient (GrpcClientProtocolClient.java:onNext(255)) - client-71F61C017E1E->6c928baf-cc3b-4a10-9362-ff4e15dca71d: receive RaftClientReply:client-71F61C017E1E->6c928baf-cc3b-4a10-9362-ff4e15dca71d@group-586430B97ADD, cid=426, SUCCESS, logIndex=625, commits[6c928baf-cc3b-4a10-9362-ff4e15dca71d:c625]
2019-08-10 04:37:59,356 INFO  client.GrpcClientProtocolClient (GrpcClientProtocolClient.java:onNext(255)) - client-71F61C017E1E->6c928baf-cc3b-4a10-9362-ff4e15dca71d: receive RaftClientReply:client-71F61C017E1E->6c928baf-cc3b-4a10-9362-ff4e15dca71d@group-586430B97ADD, cid=427, SUCCESS, logIndex=626, commits[6c928baf-cc3b-4a10-9362-ff4e15dca71d:c628]
2019-08-10 04:37:59,357 INFO  client.GrpcClientProtocolClient (GrpcClientProtocolClient.java:onNext(255)) - client-71F61C017E1E->6c928baf-cc3b-4a10-9362-ff4e15dca71d: receive RaftClientReply:client-71F61C017E1E->6c928baf-cc3b-4a10-9362-ff4e15dca71d@group-586430B97ADD, cid=428, SUCCESS, logIndex=627, commits[6c928baf-cc3b-4a10-9362-ff4e15dca71d:c628]
2019-08-10 04:37:59,369 DEBUG block.SCMBlockDeletingService (SCMBlockDeletingService.java:call(138)) - Running DeletedBlockTransactionScanner
2019-08-10 04:37:59,370 DEBUG block.SCMBlockDeletingService (SCMBlockDeletingService.java:call(155)) - Scanned deleted blocks log and got 0 delTX to process.
2019-08-10 04:37:59,378 INFO  client.GrpcClientProtocolClient (GrpcClientProtocolClient.java:onNext(255)) - client-71F61C017E1E->6c928baf-cc3b-4a10-9362-ff4e15dca71d: receive RaftClientReply:client-71F61C017E1E->6c928baf-cc3b-4a10-9362-ff4e15dca71d@group-586430B97ADD, cid=429, SUCCESS, logIndex=629, commits[6c928baf-cc3b-4a10-9362-ff4e15dca71d:c630]
2019-08-10 04:37:59,379 INFO  client.GrpcClientProtocolClient (GrpcClientProtocolClient.java:onNext(255)) - client-71F61C017E1E->6c928baf-cc3b-4a10-9362-ff4e15dca71d: receive RaftClientReply:client-71F61C017E1E->6c928baf-cc3b-4a10-9362-ff4e15dca71d@group-586430B97ADD, cid=430, SUCCESS, logIndex=630, commits[6c928baf-cc3b-4a10-9362-ff4e15dca71d:c633]
2019-08-10 04:37:59,379 INFO  client.GrpcClientProtocolClient (GrpcClientProtocolClient.java:onNext(255)) - client-71F61C017E1E->6c928baf-cc3b-4a10-9362-ff4e15dca71d: receive RaftClientReply:client-71F61C017E1E->6c928baf-cc3b-4a10-9362-ff4e15dca71d@group-586430B97ADD, cid=431, SUCCESS, logIndex=631, commits[6c928baf-cc3b-4a10-9362-ff4e15dca71d:c634]
2019-08-10 04:37:59,380 INFO  client.GrpcClientProtocolClient (GrpcClientProtocolClient.java:onNext(255)) - client-71F61C017E1E->6c928baf-cc3b-4a10-9362-ff4e15dca71d: receive RaftClientReply:client-71F61C017E1E->6c928baf-cc3b-4a10-9362-ff4e15dca71d@group-586430B97ADD, cid=432, SUCCESS, logIndex=632, commits[6c928baf-cc3b-4a10-9362-ff4e15dca71d:c634]
2019-08-10 04:37:59,407 INFO  client.GrpcClientProtocolClient (GrpcClientProtocolClient.java:onNext(255)) - client-71F61C017E1E->6c928baf-cc3b-4a10-9362-ff4e15dca71d: receive RaftClientReply:client-71F61C017E1E->6c928baf-cc3b-4a10-9362-ff4e15dca71d@group-586430B97ADD, cid=433, SUCCESS, logIndex=635, commits[6c928baf-cc3b-4a10-9362-ff4e15dca71d:c636]
2019-08-10 04:37:59,407 INFO  client.GrpcClientProtocolClient (GrpcClientProtocolClient.java:onNext(255)) - client-71F61C017E1E->6c928baf-cc3b-4a10-9362-ff4e15dca71d: receive RaftClientReply:client-71F61C017E1E->6c928baf-cc3b-4a10-9362-ff4e15dca71d@group-586430B97ADD, cid=434, SUCCESS, logIndex=636, commits[6c928baf-cc3b-4a10-9362-ff4e15dca71d:c639]
2019-08-10 04:37:59,408 INFO  client.GrpcClientProtocolClient (GrpcClientProtocolClient.java:onNext(255)) - client-71F61C017E1E->6c928baf-cc3b-4a10-9362-ff4e15dca71d: receive RaftClientReply:client-71F61C017E1E->6c928baf-cc3b-4a10-9362-ff4e15dca71d@group-586430B97ADD, cid=435, SUCCESS, logIndex=637, commits[6c928baf-cc3b-4a10-9362-ff4e15dca71d:c640]
2019-08-10 04:37:59,409 INFO  client.GrpcClientProtocolClient (GrpcClientProtocolClient.java:onNext(255)) - client-71F61C017E1E->6c928baf-cc3b-4a10-9362-ff4e15dca71d: receive RaftClientReply:client-71F61C017E1E->6c928baf-cc3b-4a10-9362-ff4e15dca71d@group-586430B97ADD, cid=436, SUCCESS, logIndex=638, commits[6c928baf-cc3b-4a10-9362-ff4e15dca71d:c640]
2019-08-10 04:37:59,429 INFO  client.GrpcClientProtocolClient (GrpcClientProtocolClient.java:onNext(255)) - client-71F61C017E1E->6c928baf-cc3b-4a10-9362-ff4e15dca71d: receive RaftClientReply:client-71F61C017E1E->6c928baf-cc3b-4a10-9362-ff4e15dca71d@group-586430B97ADD, cid=437, SUCCESS, logIndex=641, commits[6c928baf-cc3b-4a10-9362-ff4e15dca71d:c642]
2019-08-10 04:37:59,430 INFO  client.GrpcClientProtocolClient (GrpcClientProtocolClient.java:onNext(255)) - client-71F61C017E1E->6c928baf-cc3b-4a10-9362-ff4e15dca71d: receive RaftClientReply:client-71F61C017E1E->6c928baf-cc3b-4a10-9362-ff4e15dca71d@group-586430B97ADD, cid=438, SUCCESS, logIndex=642, commits[6c928baf-cc3b-4a10-9362-ff4e15dca71d:c645]
2019-08-10 04:37:59,430 INFO  client.GrpcClientProtocolClient (GrpcClientProtocolClient.java:onNext(255)) - client-71F61C017E1E->6c928baf-cc3b-4a10-9362-ff4e15dca71d: receive RaftClientReply:client-71F61C017E1E->6c928baf-cc3b-4a10-9362-ff4e15dca71d@group-586430B97ADD, cid=439, SUCCESS, logIndex=643, commits[6c928baf-cc3b-4a10-9362-ff4e15dca71d:c645]
2019-08-10 04:37:59,431 INFO  client.GrpcClientProtocolClient (GrpcClientProtocolClient.java:onNext(255)) - client-71F61C017E1E->6c928baf-cc3b-4a10-9362-ff4e15dca71d: receive RaftClientReply:client-71F61C017E1E->6c928baf-cc3b-4a10-9362-ff4e15dca71d@group-586430B97ADD, cid=440, SUCCESS, logIndex=644, commits[6c928baf-cc3b-4a10-9362-ff4e15dca71d:c645]
2019-08-10 04:37:59,501 DEBUG block.SCMBlockDeletingService (SCMBlockDeletingService.java:call(138)) - Running DeletedBlockTransactionScanner
2019-08-10 04:37:59,502 DEBUG block.SCMBlockDeletingService (SCMBlockDeletingService.java:call(155)) - Scanned deleted blocks log and got 0 delTX to process.
2019-08-10 04:37:59,520 INFO  client.GrpcClientProtocolClient (GrpcClientProtocolClient.java:onNext(255)) - client-71F61C017E1E->6c928baf-cc3b-4a10-9362-ff4e15dca71d: receive RaftClientReply:client-71F61C017E1E->6c928baf-cc3b-4a10-9362-ff4e15dca71d@group-586430B97ADD, cid=441, SUCCESS, logIndex=646, commits[6c928baf-cc3b-4a10-9362-ff4e15dca71d:c647]
2019-08-10 04:37:59,521 INFO  client.GrpcClientProtocolClient (GrpcClientProtocolClient.java:onNext(255)) - client-71F61C017E1E->6c928baf-cc3b-4a10-9362-ff4e15dca71d: receive RaftClientReply:client-71F61C017E1E->6c928baf-cc3b-4a10-9362-ff4e15dca71d@group-586430B97ADD, cid=442, SUCCESS, logIndex=647, commits[6c928baf-cc3b-4a10-9362-ff4e15dca71d:c647]
2019-08-10 04:37:59,602 DEBUG block.SCMBlockDeletingService (SCMBlockDeletingService.java:call(138)) - Running DeletedBlockTransactionScanner
2019-08-10 04:37:59,603 DEBUG block.SCMBlockDeletingService (SCMBlockDeletingService.java:call(155)) - Scanned deleted blocks log and got 0 delTX to process.
2019-08-10 04:37:59,640 INFO  client.GrpcClientProtocolClient (GrpcClientProtocolClient.java:onNext(255)) - client-71F61C017E1E->6c928baf-cc3b-4a10-9362-ff4e15dca71d: receive RaftClientReply:client-71F61C017E1E->6c928baf-cc3b-4a10-9362-ff4e15dca71d@group-586430B97ADD, cid=443, SUCCESS, logIndex=649, commits[6c928baf-cc3b-4a10-9362-ff4e15dca71d:c651]
2019-08-10 04:37:59,640 INFO  client.GrpcClientProtocolClient (GrpcClientProtocolClient.java:onNext(255)) - client-71F61C017E1E->6c928baf-cc3b-4a10-9362-ff4e15dca71d: receive RaftClientReply:client-71F61C017E1E->6c928baf-cc3b-4a10-9362-ff4e15dca71d@group-586430B97ADD, cid=444, SUCCESS, logIndex=650, commits[6c928baf-cc3b-4a10-9362-ff4e15dca71d:c651]
2019-08-10 04:37:59,661 INFO  client.GrpcClientProtocolClient (GrpcClientProtocolClient.java:onNext(255)) - client-71F61C017E1E->6c928baf-cc3b-4a10-9362-ff4e15dca71d: receive RaftClientReply:client-71F61C017E1E->6c928baf-cc3b-4a10-9362-ff4e15dca71d@group-586430B97ADD, cid=445, SUCCESS, logIndex=652, commits[6c928baf-cc3b-4a10-9362-ff4e15dca71d:c653]
2019-08-10 04:37:59,661 INFO  client.GrpcClientProtocolClient (GrpcClientProtocolClient.java:onNext(255)) - client-71F61C017E1E->6c928baf-cc3b-4a10-9362-ff4e15dca71d: receive RaftClientReply:client-71F61C017E1E->6c928baf-cc3b-4a10-9362-ff4e15dca71d@group-586430B97ADD, cid=446, SUCCESS, logIndex=653, commits[6c928baf-cc3b-4a10-9362-ff4e15dca71d:c653]
2019-08-10 04:37:59,662 INFO  client.GrpcClientProtocolClient (GrpcClientProtocolClient.java:onNext(255)) - client-71F61C017E1E->6c928baf-cc3b-4a10-9362-ff4e15dca71d: receive RaftClientReply:client-71F61C017E1E->6c928baf-cc3b-4a10-9362-ff4e15dca71d@group-586430B97ADD, cid=447, SUCCESS, logIndex=654, commits[6c928baf-cc3b-4a10-9362-ff4e15dca71d:c655]
2019-08-10 04:37:59,663 INFO  client.GrpcClientProtocolClient (GrpcClientProtocolClient.java:onNext(255)) - client-71F61C017E1E->6c928baf-cc3b-4a10-9362-ff4e15dca71d: receive RaftClientReply:client-71F61C017E1E->6c928baf-cc3b-4a10-9362-ff4e15dca71d@group-586430B97ADD, cid=448, SUCCESS, logIndex=655, commits[6c928baf-cc3b-4a10-9362-ff4e15dca71d:c655]
2019-08-10 04:37:59,689 INFO  client.GrpcClientProtocolClient (GrpcClientProtocolClient.java:onNext(255)) - client-71F61C017E1E->6c928baf-cc3b-4a10-9362-ff4e15dca71d: receive RaftClientReply:client-71F61C017E1E->6c928baf-cc3b-4a10-9362-ff4e15dca71d@group-586430B97ADD, cid=449, SUCCESS, logIndex=658, commits[6c928baf-cc3b-4a10-9362-ff4e15dca71d:c659]
2019-08-10 04:37:59,690 INFO  client.GrpcClientProtocolClient (GrpcClientProtocolClient.java:onNext(255)) - client-71F61C017E1E->6c928baf-cc3b-4a10-9362-ff4e15dca71d: receive RaftClientReply:client-71F61C017E1E->6c928baf-cc3b-4a10-9362-ff4e15dca71d@group-586430B97ADD, cid=450, SUCCESS, logIndex=659, commits[6c928baf-cc3b-4a10-9362-ff4e15dca71d:c662]
2019-08-10 04:37:59,690 INFO  client.GrpcClientProtocolClient (GrpcClientProtocolClient.java:onNext(255)) - client-71F61C017E1E->6c928baf-cc3b-4a10-9362-ff4e15dca71d: receive RaftClientReply:client-71F61C017E1E->6c928baf-cc3b-4a10-9362-ff4e15dca71d@group-586430B97ADD, cid=451, SUCCESS, logIndex=660, commits[6c928baf-cc3b-4a10-9362-ff4e15dca71d:c662]
2019-08-10 04:37:59,691 INFO  client.GrpcClientProtocolClient (GrpcClientProtocolClient.java:onNext(255)) - client-71F61C017E1E->6c928baf-cc3b-4a10-9362-ff4e15dca71d: receive RaftClientReply:client-71F61C017E1E->6c928baf-cc3b-4a10-9362-ff4e15dca71d@group-586430B97ADD, cid=452, SUCCESS, logIndex=661, commits[6c928baf-cc3b-4a10-9362-ff4e15dca71d:c663]
2019-08-10 04:37:59,703 DEBUG block.SCMBlockDeletingService (SCMBlockDeletingService.java:call(138)) - Running DeletedBlockTransactionScanner
2019-08-10 04:37:59,703 DEBUG block.SCMBlockDeletingService (SCMBlockDeletingService.java:call(155)) - Scanned deleted blocks log and got 0 delTX to process.
2019-08-10 04:37:59,711 INFO  client.GrpcClientProtocolClient (GrpcClientProtocolClient.java:onNext(255)) - client-71F61C017E1E->6c928baf-cc3b-4a10-9362-ff4e15dca71d: receive RaftClientReply:client-71F61C017E1E->6c928baf-cc3b-4a10-9362-ff4e15dca71d@group-586430B97ADD, cid=453, SUCCESS, logIndex=664, commits[6c928baf-cc3b-4a10-9362-ff4e15dca71d:c667]
2019-08-10 04:37:59,711 INFO  client.GrpcClientProtocolClient (GrpcClientProtocolClient.java:onNext(255)) - client-71F61C017E1E->6c928baf-cc3b-4a10-9362-ff4e15dca71d: receive RaftClientReply:client-71F61C017E1E->6c928baf-cc3b-4a10-9362-ff4e15dca71d@group-586430B97ADD, cid=454, SUCCESS, logIndex=665, commits[6c928baf-cc3b-4a10-9362-ff4e15dca71d:c668]
2019-08-10 04:37:59,712 INFO  client.GrpcClientProtocolClient (GrpcClientProtocolClient.java:onNext(255)) - client-71F61C017E1E->6c928baf-cc3b-4a10-9362-ff4e15dca71d: receive RaftClientReply:client-71F61C017E1E->6c928baf-cc3b-4a10-9362-ff4e15dca71d@group-586430B97ADD, cid=455, SUCCESS, logIndex=666, commits[6c928baf-cc3b-4a10-9362-ff4e15dca71d:c668]
2019-08-10 04:37:59,712 INFO  client.GrpcClientProtocolClient (GrpcClientProtocolClient.java:onNext(255)) - client-71F61C017E1E->6c928baf-cc3b-4a10-9362-ff4e15dca71d: receive RaftClientReply:client-71F61C017E1E->6c928baf-cc3b-4a10-9362-ff4e15dca71d@group-586430B97ADD, cid=456, SUCCESS, logIndex=667, commits[6c928baf-cc3b-4a10-9362-ff4e15dca71d:c669]
2019-08-10 04:37:59,736 INFO  client.GrpcClientProtocolClient (GrpcClientProtocolClient.java:onNext(255)) - client-71F61C017E1E->6c928baf-cc3b-4a10-9362-ff4e15dca71d: receive RaftClientReply:client-71F61C017E1E->6c928baf-cc3b-4a10-9362-ff4e15dca71d@group-586430B97ADD, cid=457, SUCCESS, logIndex=670, commits[6c928baf-cc3b-4a10-9362-ff4e15dca71d:c671]
2019-08-10 04:37:59,737 INFO  client.GrpcClientProtocolClient (GrpcClientProtocolClient.java:onNext(255)) - client-71F61C017E1E->6c928baf-cc3b-4a10-9362-ff4e15dca71d: receive RaftClientReply:client-71F61C017E1E->6c928baf-cc3b-4a10-9362-ff4e15dca71d@group-586430B97ADD, cid=458, SUCCESS, logIndex=671, commits[6c928baf-cc3b-4a10-9362-ff4e15dca71d:c671]
2019-08-10 04:37:59,738 INFO  client.GrpcClientProtocolClient (GrpcClientProtocolClient.java:onNext(255)) - client-71F61C017E1E->6c928baf-cc3b-4a10-9362-ff4e15dca71d: receive RaftClientReply:client-71F61C017E1E->6c928baf-cc3b-4a10-9362-ff4e15dca71d@group-586430B97ADD, cid=459, SUCCESS, logIndex=672, commits[6c928baf-cc3b-4a10-9362-ff4e15dca71d:c673]
2019-08-10 04:37:59,738 INFO  client.GrpcClientProtocolClient (GrpcClientProtocolClient.java:onNext(255)) - client-71F61C017E1E->6c928baf-cc3b-4a10-9362-ff4e15dca71d: receive RaftClientReply:client-71F61C017E1E->6c928baf-cc3b-4a10-9362-ff4e15dca71d@group-586430B97ADD, cid=460, SUCCESS, logIndex=673, commits[6c928baf-cc3b-4a10-9362-ff4e15dca71d:c673]
2019-08-10 04:37:59,750 INFO  client.GrpcClientProtocolClient (GrpcClientProtocolClient.java:onNext(255)) - client-71F61C017E1E->6c928baf-cc3b-4a10-9362-ff4e15dca71d: receive RaftClientReply:client-71F61C017E1E->6c928baf-cc3b-4a10-9362-ff4e15dca71d@group-586430B97ADD, cid=461, SUCCESS, logIndex=676, commits[6c928baf-cc3b-4a10-9362-ff4e15dca71d:c679]
2019-08-10 04:37:59,751 INFO  client.GrpcClientProtocolClient (GrpcClientProtocolClient.java:onNext(255)) - client-71F61C017E1E->6c928baf-cc3b-4a10-9362-ff4e15dca71d: receive RaftClientReply:client-71F61C017E1E->6c928baf-cc3b-4a10-9362-ff4e15dca71d@group-586430B97ADD, cid=462, SUCCESS, logIndex=677, commits[6c928baf-cc3b-4a10-9362-ff4e15dca71d:c680]
2019-08-10 04:37:59,752 INFO  client.GrpcClientProtocolClient (GrpcClientProtocolClient.java:onNext(255)) - client-71F61C017E1E->6c928baf-cc3b-4a10-9362-ff4e15dca71d: receive RaftClientReply:client-71F61C017E1E->6c928baf-cc3b-4a10-9362-ff4e15dca71d@group-586430B97ADD, cid=463, SUCCESS, logIndex=678, commits[6c928baf-cc3b-4a10-9362-ff4e15dca71d:c680]
2019-08-10 04:37:59,753 INFO  client.GrpcClientProtocolClient (GrpcClientProtocolClient.java:onNext(255)) - client-71F61C017E1E->6c928baf-cc3b-4a10-9362-ff4e15dca71d: receive RaftClientReply:client-71F61C017E1E->6c928baf-cc3b-4a10-9362-ff4e15dca71d@group-586430B97ADD, cid=464, SUCCESS, logIndex=679, commits[6c928baf-cc3b-4a10-9362-ff4e15dca71d:c680]
2019-08-10 04:37:59,777 INFO  client.GrpcClientProtocolClient (GrpcClientProtocolClient.java:onNext(255)) - client-71F61C017E1E->6c928baf-cc3b-4a10-9362-ff4e15dca71d: receive RaftClientReply:client-71F61C017E1E->6c928baf-cc3b-4a10-9362-ff4e15dca71d@group-586430B97ADD, cid=465, SUCCESS, logIndex=681, commits[6c928baf-cc3b-4a10-9362-ff4e15dca71d:c682]
2019-08-10 04:37:59,779 INFO  client.GrpcClientProtocolClient (GrpcClientProtocolClient.java:onNext(255)) - client-71F61C017E1E->6c928baf-cc3b-4a10-9362-ff4e15dca71d: receive RaftClientReply:client-71F61C017E1E->6c928baf-cc3b-4a10-9362-ff4e15dca71d@group-586430B97ADD, cid=466, SUCCESS, logIndex=682, commits[6c928baf-cc3b-4a10-9362-ff4e15dca71d:c684]
2019-08-10 04:37:59,779 INFO  client.GrpcClientProtocolClient (GrpcClientProtocolClient.java:onNext(255)) - client-71F61C017E1E->6c928baf-cc3b-4a10-9362-ff4e15dca71d: receive RaftClientReply:client-71F61C017E1E->6c928baf-cc3b-4a10-9362-ff4e15dca71d@group-586430B97ADD, cid=467, SUCCESS, logIndex=683, commits[6c928baf-cc3b-4a10-9362-ff4e15dca71d:c686]
2019-08-10 04:37:59,783 INFO  client.GrpcClientProtocolClient (GrpcClientProtocolClient.java:onNext(255)) - client-71F61C017E1E->6c928baf-cc3b-4a10-9362-ff4e15dca71d: receive RaftClientReply:client-71F61C017E1E->6c928baf-cc3b-4a10-9362-ff4e15dca71d@group-586430B97ADD, cid=468, SUCCESS, logIndex=684, commits[6c928baf-cc3b-4a10-9362-ff4e15dca71d:c686]
2019-08-10 04:37:59,800 INFO  client.GrpcClientProtocolClient (GrpcClientProtocolClient.java:onNext(255)) - client-71F61C017E1E->6c928baf-cc3b-4a10-9362-ff4e15dca71d: receive RaftClientReply:client-71F61C017E1E->6c928baf-cc3b-4a10-9362-ff4e15dca71d@group-586430B97ADD, cid=469, SUCCESS, logIndex=687, commits[6c928baf-cc3b-4a10-9362-ff4e15dca71d:c688]
2019-08-10 04:37:59,801 INFO  client.GrpcClientProtocolClient (GrpcClientProtocolClient.java:onNext(255)) - client-71F61C017E1E->6c928baf-cc3b-4a10-9362-ff4e15dca71d: receive RaftClientReply:client-71F61C017E1E->6c928baf-cc3b-4a10-9362-ff4e15dca71d@group-586430B97ADD, cid=470, SUCCESS, logIndex=688, commits[6c928baf-cc3b-4a10-9362-ff4e15dca71d:c690]
2019-08-10 04:37:59,801 INFO  client.GrpcClientProtocolClient (GrpcClientProtocolClient.java:onNext(255)) - client-71F61C017E1E->6c928baf-cc3b-4a10-9362-ff4e15dca71d: receive RaftClientReply:client-71F61C017E1E->6c928baf-cc3b-4a10-9362-ff4e15dca71d@group-586430B97ADD, cid=471, SUCCESS, logIndex=689, commits[6c928baf-cc3b-4a10-9362-ff4e15dca71d:c691]
2019-08-10 04:37:59,802 INFO  client.GrpcClientProtocolClient (GrpcClientProtocolClient.java:onNext(255)) - client-71F61C017E1E->6c928baf-cc3b-4a10-9362-ff4e15dca71d: receive RaftClientReply:client-71F61C017E1E->6c928baf-cc3b-4a10-9362-ff4e15dca71d@group-586430B97ADD, cid=472, SUCCESS, logIndex=690, commits[6c928baf-cc3b-4a10-9362-ff4e15dca71d:c692]
2019-08-10 04:37:59,804 DEBUG block.SCMBlockDeletingService (SCMBlockDeletingService.java:call(138)) - Running DeletedBlockTransactionScanner
2019-08-10 04:37:59,804 DEBUG block.SCMBlockDeletingService (SCMBlockDeletingService.java:call(155)) - Scanned deleted blocks log and got 0 delTX to process.
2019-08-10 04:37:59,831 INFO  client.GrpcClientProtocolClient (GrpcClientProtocolClient.java:onNext(255)) - client-71F61C017E1E->6c928baf-cc3b-4a10-9362-ff4e15dca71d: receive RaftClientReply:client-71F61C017E1E->6c928baf-cc3b-4a10-9362-ff4e15dca71d@group-586430B97ADD, cid=473, SUCCESS, logIndex=693, commits[6c928baf-cc3b-4a10-9362-ff4e15dca71d:c694]
2019-08-10 04:37:59,831 INFO  client.GrpcClientProtocolClient (GrpcClientProtocolClient.java:onNext(255)) - client-71F61C017E1E->6c928baf-cc3b-4a10-9362-ff4e15dca71d: receive RaftClientReply:client-71F61C017E1E->6c928baf-cc3b-4a10-9362-ff4e15dca71d@group-586430B97ADD, cid=474, SUCCESS, logIndex=694, commits[6c928baf-cc3b-4a10-9362-ff4e15dca71d:c696]
2019-08-10 04:37:59,832 INFO  client.GrpcClientProtocolClient (GrpcClientProtocolClient.java:onNext(255)) - client-71F61C017E1E->6c928baf-cc3b-4a10-9362-ff4e15dca71d: receive RaftClientReply:client-71F61C017E1E->6c928baf-cc3b-4a10-9362-ff4e15dca71d@group-586430B97ADD, cid=475, SUCCESS, logIndex=695, commits[6c928baf-cc3b-4a10-9362-ff4e15dca71d:c697]
2019-08-10 04:37:59,832 INFO  client.GrpcClientProtocolClient (GrpcClientProtocolClient.java:onNext(255)) - client-71F61C017E1E->6c928baf-cc3b-4a10-9362-ff4e15dca71d: receive RaftClientReply:client-71F61C017E1E->6c928baf-cc3b-4a10-9362-ff4e15dca71d@group-586430B97ADD, cid=476, SUCCESS, logIndex=696, commits[6c928baf-cc3b-4a10-9362-ff4e15dca71d:c697]
2019-08-10 04:37:59,843 INFO  client.GrpcClientProtocolClient (GrpcClientProtocolClient.java:onNext(255)) - client-71F61C017E1E->6c928baf-cc3b-4a10-9362-ff4e15dca71d: receive RaftClientReply:client-71F61C017E1E->6c928baf-cc3b-4a10-9362-ff4e15dca71d@group-586430B97ADD, cid=477, SUCCESS, logIndex=699, commits[6c928baf-cc3b-4a10-9362-ff4e15dca71d:c700]
2019-08-10 04:37:59,844 INFO  client.GrpcClientProtocolClient (GrpcClientProtocolClient.java:onNext(255)) - client-71F61C017E1E->6c928baf-cc3b-4a10-9362-ff4e15dca71d: receive RaftClientReply:client-71F61C017E1E->6c928baf-cc3b-4a10-9362-ff4e15dca71d@group-586430B97ADD, cid=478, SUCCESS, logIndex=700, commits[6c928baf-cc3b-4a10-9362-ff4e15dca71d:c702]
2019-08-10 04:37:59,844 INFO  client.GrpcClientProtocolClient (GrpcClientProtocolClient.java:onNext(255)) - client-71F61C017E1E->6c928baf-cc3b-4a10-9362-ff4e15dca71d: receive RaftClientReply:client-71F61C017E1E->6c928baf-cc3b-4a10-9362-ff4e15dca71d@group-586430B97ADD, cid=479, SUCCESS, logIndex=701, commits[6c928baf-cc3b-4a10-9362-ff4e15dca71d:c703]
2019-08-10 04:37:59,844 INFO  client.GrpcClientProtocolClient (GrpcClientProtocolClient.java:onNext(255)) - client-71F61C017E1E->6c928baf-cc3b-4a10-9362-ff4e15dca71d: receive RaftClientReply:client-71F61C017E1E->6c928baf-cc3b-4a10-9362-ff4e15dca71d@group-586430B97ADD, cid=480, SUCCESS, logIndex=702, commits[6c928baf-cc3b-4a10-9362-ff4e15dca71d:c703]
2019-08-10 04:37:59,870 INFO  client.GrpcClientProtocolClient (GrpcClientProtocolClient.java:onNext(255)) - client-71F61C017E1E->6c928baf-cc3b-4a10-9362-ff4e15dca71d: receive RaftClientReply:client-71F61C017E1E->6c928baf-cc3b-4a10-9362-ff4e15dca71d@group-586430B97ADD, cid=481, SUCCESS, logIndex=705, commits[6c928baf-cc3b-4a10-9362-ff4e15dca71d:c706]
2019-08-10 04:37:59,871 INFO  client.GrpcClientProtocolClient (GrpcClientProtocolClient.java:onNext(255)) - client-71F61C017E1E->6c928baf-cc3b-4a10-9362-ff4e15dca71d: receive RaftClientReply:client-71F61C017E1E->6c928baf-cc3b-4a10-9362-ff4e15dca71d@group-586430B97ADD, cid=482, SUCCESS, logIndex=706, commits[6c928baf-cc3b-4a10-9362-ff4e15dca71d:c708]
2019-08-10 04:37:59,871 INFO  client.GrpcClientProtocolClient (GrpcClientProtocolClient.java:onNext(255)) - client-71F61C017E1E->6c928baf-cc3b-4a10-9362-ff4e15dca71d: receive RaftClientReply:client-71F61C017E1E->6c928baf-cc3b-4a10-9362-ff4e15dca71d@group-586430B97ADD, cid=483, SUCCESS, logIndex=707, commits[6c928baf-cc3b-4a10-9362-ff4e15dca71d:c709]
2019-08-10 04:37:59,872 INFO  client.GrpcClientProtocolClient (GrpcClientProtocolClient.java:onNext(255)) - client-71F61C017E1E->6c928baf-cc3b-4a10-9362-ff4e15dca71d: receive RaftClientReply:client-71F61C017E1E->6c928baf-cc3b-4a10-9362-ff4e15dca71d@group-586430B97ADD, cid=484, SUCCESS, logIndex=708, commits[6c928baf-cc3b-4a10-9362-ff4e15dca71d:c710]
2019-08-10 04:37:59,891 INFO  client.GrpcClientProtocolClient (GrpcClientProtocolClient.java:onNext(255)) - client-71F61C017E1E->6c928baf-cc3b-4a10-9362-ff4e15dca71d: receive RaftClientReply:client-71F61C017E1E->6c928baf-cc3b-4a10-9362-ff4e15dca71d@group-586430B97ADD, cid=485, SUCCESS, logIndex=711, commits[6c928baf-cc3b-4a10-9362-ff4e15dca71d:c712]
2019-08-10 04:37:59,891 INFO  client.GrpcClientProtocolClient (GrpcClientProtocolClient.java:onNext(255)) - client-71F61C017E1E->6c928baf-cc3b-4a10-9362-ff4e15dca71d: receive RaftClientReply:client-71F61C017E1E->6c928baf-cc3b-4a10-9362-ff4e15dca71d@group-586430B97ADD, cid=486, SUCCESS, logIndex=712, commits[6c928baf-cc3b-4a10-9362-ff4e15dca71d:c712]
2019-08-10 04:37:59,905 DEBUG block.SCMBlockDeletingService (SCMBlockDeletingService.java:call(138)) - Running DeletedBlockTransactionScanner
2019-08-10 04:37:59,905 DEBUG block.SCMBlockDeletingService (SCMBlockDeletingService.java:call(155)) - Scanned deleted blocks log and got 0 delTX to process.
2019-08-10 04:37:59,982 INFO  client.GrpcClientProtocolClient (GrpcClientProtocolClient.java:onNext(255)) - client-71F61C017E1E->6c928baf-cc3b-4a10-9362-ff4e15dca71d: receive RaftClientReply:client-71F61C017E1E->6c928baf-cc3b-4a10-9362-ff4e15dca71d@group-586430B97ADD, cid=487, SUCCESS, logIndex=714, commits[6c928baf-cc3b-4a10-9362-ff4e15dca71d:c715]
2019-08-10 04:37:59,983 INFO  client.GrpcClientProtocolClient (GrpcClientProtocolClient.java:onNext(255)) - client-71F61C017E1E->6c928baf-cc3b-4a10-9362-ff4e15dca71d: receive RaftClientReply:client-71F61C017E1E->6c928baf-cc3b-4a10-9362-ff4e15dca71d@group-586430B97ADD, cid=488, SUCCESS, logIndex=715, commits[6c928baf-cc3b-4a10-9362-ff4e15dca71d:c716]
2019-08-10 04:38:00,005 DEBUG block.SCMBlockDeletingService (SCMBlockDeletingService.java:call(138)) - Running DeletedBlockTransactionScanner
2019-08-10 04:38:00,006 DEBUG block.SCMBlockDeletingService (SCMBlockDeletingService.java:call(155)) - Scanned deleted blocks log and got 0 delTX to process.
2019-08-10 04:38:00,008 INFO  client.GrpcClientProtocolClient (GrpcClientProtocolClient.java:onNext(255)) - client-71F61C017E1E->6c928baf-cc3b-4a10-9362-ff4e15dca71d: receive RaftClientReply:client-71F61C017E1E->6c928baf-cc3b-4a10-9362-ff4e15dca71d@group-586430B97ADD, cid=489, SUCCESS, logIndex=717, commits[6c928baf-cc3b-4a10-9362-ff4e15dca71d:c718]
2019-08-10 04:38:00,009 INFO  client.GrpcClientProtocolClient (GrpcClientProtocolClient.java:onNext(255)) - client-71F61C017E1E->6c928baf-cc3b-4a10-9362-ff4e15dca71d: receive RaftClientReply:client-71F61C017E1E->6c928baf-cc3b-4a10-9362-ff4e15dca71d@group-586430B97ADD, cid=490, SUCCESS, logIndex=718, commits[6c928baf-cc3b-4a10-9362-ff4e15dca71d:c720]
2019-08-10 04:38:00,010 INFO  client.GrpcClientProtocolClient (GrpcClientProtocolClient.java:onNext(255)) - client-71F61C017E1E->6c928baf-cc3b-4a10-9362-ff4e15dca71d: receive RaftClientReply:client-71F61C017E1E->6c928baf-cc3b-4a10-9362-ff4e15dca71d@group-586430B97ADD, cid=491, SUCCESS, logIndex=719, commits[6c928baf-cc3b-4a10-9362-ff4e15dca71d:c720]
2019-08-10 04:38:00,010 INFO  client.GrpcClientProtocolClient (GrpcClientProtocolClient.java:onNext(255)) - client-71F61C017E1E->6c928baf-cc3b-4a10-9362-ff4e15dca71d: receive RaftClientReply:client-71F61C017E1E->6c928baf-cc3b-4a10-9362-ff4e15dca71d@group-586430B97ADD, cid=492, SUCCESS, logIndex=720, commits[6c928baf-cc3b-4a10-9362-ff4e15dca71d:c721]
2019-08-10 04:38:00,030 INFO  client.GrpcClientProtocolClient (GrpcClientProtocolClient.java:onNext(255)) - client-71F61C017E1E->6c928baf-cc3b-4a10-9362-ff4e15dca71d: receive RaftClientReply:client-71F61C017E1E->6c928baf-cc3b-4a10-9362-ff4e15dca71d@group-586430B97ADD, cid=493, SUCCESS, logIndex=723, commits[6c928baf-cc3b-4a10-9362-ff4e15dca71d:c724]
2019-08-10 04:38:00,030 INFO  client.GrpcClientProtocolClient (GrpcClientProtocolClient.java:onNext(255)) - client-71F61C017E1E->6c928baf-cc3b-4a10-9362-ff4e15dca71d: receive RaftClientReply:client-71F61C017E1E->6c928baf-cc3b-4a10-9362-ff4e15dca71d@group-586430B97ADD, cid=494, SUCCESS, logIndex=724, commits[6c928baf-cc3b-4a10-9362-ff4e15dca71d:c726]
2019-08-10 04:38:00,031 INFO  client.GrpcClientProtocolClient (GrpcClientProtocolClient.java:onNext(255)) - client-71F61C017E1E->6c928baf-cc3b-4a10-9362-ff4e15dca71d: receive RaftClientReply:client-71F61C017E1E->6c928baf-cc3b-4a10-9362-ff4e15dca71d@group-586430B97ADD, cid=495, SUCCESS, logIndex=725, commits[6c928baf-cc3b-4a10-9362-ff4e15dca71d:c727]
2019-08-10 04:38:00,031 INFO  client.GrpcClientProtocolClient (GrpcClientProtocolClient.java:onNext(255)) - client-71F61C017E1E->6c928baf-cc3b-4a10-9362-ff4e15dca71d: receive RaftClientReply:client-71F61C017E1E->6c928baf-cc3b-4a10-9362-ff4e15dca71d@group-586430B97ADD, cid=496, SUCCESS, logIndex=726, commits[6c928baf-cc3b-4a10-9362-ff4e15dca71d:c727]
2019-08-10 04:38:00,058 INFO  client.GrpcClientProtocolClient (GrpcClientProtocolClient.java:onNext(255)) - client-71F61C017E1E->6c928baf-cc3b-4a10-9362-ff4e15dca71d: receive RaftClientReply:client-71F61C017E1E->6c928baf-cc3b-4a10-9362-ff4e15dca71d@group-586430B97ADD, cid=497, SUCCESS, logIndex=729, commits[6c928baf-cc3b-4a10-9362-ff4e15dca71d:c730]
2019-08-10 04:38:00,059 INFO  client.GrpcClientProtocolClient (GrpcClientProtocolClient.java:onNext(255)) - client-71F61C017E1E->6c928baf-cc3b-4a10-9362-ff4e15dca71d: receive RaftClientReply:client-71F61C017E1E->6c928baf-cc3b-4a10-9362-ff4e15dca71d@group-586430B97ADD, cid=498, SUCCESS, logIndex=730, commits[6c928baf-cc3b-4a10-9362-ff4e15dca71d:c730]
2019-08-10 04:38:00,060 INFO  client.GrpcClientProtocolClient (GrpcClientProtocolClient.java:onNext(255)) - client-71F61C017E1E->6c928baf-cc3b-4a10-9362-ff4e15dca71d: receive RaftClientReply:client-71F61C017E1E->6c928baf-cc3b-4a10-9362-ff4e15dca71d@group-586430B97ADD, cid=499, SUCCESS, logIndex=731, commits[6c928baf-cc3b-4a10-9362-ff4e15dca71d:c732]
2019-08-10 04:38:00,061 INFO  client.GrpcClientProtocolClient (GrpcClientProtocolClient.java:onNext(255)) - client-71F61C017E1E->6c928baf-cc3b-4a10-9362-ff4e15dca71d: receive RaftClientReply:client-71F61C017E1E->6c928baf-cc3b-4a10-9362-ff4e15dca71d@group-586430B97ADD, cid=500, SUCCESS, logIndex=732, commits[6c928baf-cc3b-4a10-9362-ff4e15dca71d:c732]
2019-08-10 04:38:00,161 DEBUG block.SCMBlockDeletingService (SCMBlockDeletingService.java:call(138)) - Running DeletedBlockTransactionScanner
2019-08-10 04:38:00,162 DEBUG block.SCMBlockDeletingService (SCMBlockDeletingService.java:call(155)) - Scanned deleted blocks log and got 0 delTX to process.
2019-08-10 04:38:00,162 INFO  client.GrpcClientProtocolClient (GrpcClientProtocolClient.java:onNext(255)) - client-71F61C017E1E->6c928baf-cc3b-4a10-9362-ff4e15dca71d: receive RaftClientReply:client-71F61C017E1E->6c928baf-cc3b-4a10-9362-ff4e15dca71d@group-586430B97ADD, cid=501, SUCCESS, logIndex=735, commits[6c928baf-cc3b-4a10-9362-ff4e15dca71d:c738]
2019-08-10 04:38:00,163 INFO  client.GrpcClientProtocolClient (GrpcClientProtocolClient.java:onNext(255)) - client-71F61C017E1E->6c928baf-cc3b-4a10-9362-ff4e15dca71d: receive RaftClientReply:client-71F61C017E1E->6c928baf-cc3b-4a10-9362-ff4e15dca71d@group-586430B97ADD, cid=502, SUCCESS, logIndex=736, commits[6c928baf-cc3b-4a10-9362-ff4e15dca71d:c739]
2019-08-10 04:38:00,163 INFO  client.GrpcClientProtocolClient (GrpcClientProtocolClient.java:onNext(255)) - client-71F61C017E1E->6c928baf-cc3b-4a10-9362-ff4e15dca71d: receive RaftClientReply:client-71F61C017E1E->6c928baf-cc3b-4a10-9362-ff4e15dca71d@group-586430B97ADD, cid=503, SUCCESS, logIndex=737, commits[6c928baf-cc3b-4a10-9362-ff4e15dca71d:c739]
2019-08-10 04:38:00,163 INFO  client.GrpcClientProtocolClient (GrpcClientProtocolClient.java:onNext(255)) - client-71F61C017E1E->6c928baf-cc3b-4a10-9362-ff4e15dca71d: receive RaftClientReply:client-71F61C017E1E->6c928baf-cc3b-4a10-9362-ff4e15dca71d@group-586430B97ADD, cid=504, SUCCESS, logIndex=738, commits[6c928baf-cc3b-4a10-9362-ff4e15dca71d:c739]
2019-08-10 04:38:00,192 INFO  client.GrpcClientProtocolClient (GrpcClientProtocolClient.java:onNext(255)) - client-71F61C017E1E->6c928baf-cc3b-4a10-9362-ff4e15dca71d: receive RaftClientReply:client-71F61C017E1E->6c928baf-cc3b-4a10-9362-ff4e15dca71d@group-586430B97ADD, cid=505, SUCCESS, logIndex=740, commits[6c928baf-cc3b-4a10-9362-ff4e15dca71d:c741]
2019-08-10 04:38:00,193 INFO  client.GrpcClientProtocolClient (GrpcClientProtocolClient.java:onNext(255)) - client-71F61C017E1E->6c928baf-cc3b-4a10-9362-ff4e15dca71d: receive RaftClientReply:client-71F61C017E1E->6c928baf-cc3b-4a10-9362-ff4e15dca71d@group-586430B97ADD, cid=506, SUCCESS, logIndex=741, commits[6c928baf-cc3b-4a10-9362-ff4e15dca71d:c744]
2019-08-10 04:38:00,194 INFO  client.GrpcClientProtocolClient (GrpcClientProtocolClient.java:onNext(255)) - client-71F61C017E1E->6c928baf-cc3b-4a10-9362-ff4e15dca71d: receive RaftClientReply:client-71F61C017E1E->6c928baf-cc3b-4a10-9362-ff4e15dca71d@group-586430B97ADD, cid=507, SUCCESS, logIndex=742, commits[6c928baf-cc3b-4a10-9362-ff4e15dca71d:c744]
2019-08-10 04:38:00,194 INFO  client.GrpcClientProtocolClient (GrpcClientProtocolClient.java:onNext(255)) - client-71F61C017E1E->6c928baf-cc3b-4a10-9362-ff4e15dca71d: receive RaftClientReply:client-71F61C017E1E->6c928baf-cc3b-4a10-9362-ff4e15dca71d@group-586430B97ADD, cid=508, SUCCESS, logIndex=743, commits[6c928baf-cc3b-4a10-9362-ff4e15dca71d:c745]
2019-08-10 04:38:00,220 INFO  client.GrpcClientProtocolClient (GrpcClientProtocolClient.java:onNext(255)) - client-71F61C017E1E->6c928baf-cc3b-4a10-9362-ff4e15dca71d: receive RaftClientReply:client-71F61C017E1E->6c928baf-cc3b-4a10-9362-ff4e15dca71d@group-586430B97ADD, cid=509, SUCCESS, logIndex=746, commits[6c928baf-cc3b-4a10-9362-ff4e15dca71d:c747]
2019-08-10 04:38:00,221 INFO  client.GrpcClientProtocolClient (GrpcClientProtocolClient.java:onNext(255)) - client-71F61C017E1E->6c928baf-cc3b-4a10-9362-ff4e15dca71d: receive RaftClientReply:client-71F61C017E1E->6c928baf-cc3b-4a10-9362-ff4e15dca71d@group-586430B97ADD, cid=510, SUCCESS, logIndex=747, commits[6c928baf-cc3b-4a10-9362-ff4e15dca71d:c749]
2019-08-10 04:38:00,221 INFO  client.GrpcClientProtocolClient (GrpcClientProtocolClient.java:onNext(255)) - client-71F61C017E1E->6c928baf-cc3b-4a10-9362-ff4e15dca71d: receive RaftClientReply:client-71F61C017E1E->6c928baf-cc3b-4a10-9362-ff4e15dca71d@group-586430B97ADD, cid=511, SUCCESS, logIndex=748, commits[6c928baf-cc3b-4a10-9362-ff4e15dca71d:c751]
2019-08-10 04:38:00,222 INFO  client.GrpcClientProtocolClient (GrpcClientProtocolClient.java:onNext(255)) - client-71F61C017E1E->6c928baf-cc3b-4a10-9362-ff4e15dca71d: receive RaftClientReply:client-71F61C017E1E->6c928baf-cc3b-4a10-9362-ff4e15dca71d@group-586430B97ADD, cid=512, SUCCESS, logIndex=749, commits[6c928baf-cc3b-4a10-9362-ff4e15dca71d:c751]
2019-08-10 04:38:00,251 INFO  client.GrpcClientProtocolClient (GrpcClientProtocolClient.java:onNext(255)) - client-71F61C017E1E->6c928baf-cc3b-4a10-9362-ff4e15dca71d: receive RaftClientReply:client-71F61C017E1E->6c928baf-cc3b-4a10-9362-ff4e15dca71d@group-586430B97ADD, cid=513, SUCCESS, logIndex=752, commits[6c928baf-cc3b-4a10-9362-ff4e15dca71d:c753]
2019-08-10 04:38:00,252 INFO  client.GrpcClientProtocolClient (GrpcClientProtocolClient.java:onNext(255)) - client-71F61C017E1E->6c928baf-cc3b-4a10-9362-ff4e15dca71d: receive RaftClientReply:client-71F61C017E1E->6c928baf-cc3b-4a10-9362-ff4e15dca71d@group-586430B97ADD, cid=514, SUCCESS, logIndex=753, commits[6c928baf-cc3b-4a10-9362-ff4e15dca71d:c753]
2019-08-10 04:38:00,252 INFO  client.GrpcClientProtocolClient (GrpcClientProtocolClient.java:onNext(255)) - client-71F61C017E1E->6c928baf-cc3b-4a10-9362-ff4e15dca71d: receive RaftClientReply:client-71F61C017E1E->6c928baf-cc3b-4a10-9362-ff4e15dca71d@group-586430B97ADD, cid=515, SUCCESS, logIndex=754, commits[6c928baf-cc3b-4a10-9362-ff4e15dca71d:c755]
2019-08-10 04:38:00,253 INFO  client.GrpcClientProtocolClient (GrpcClientProtocolClient.java:onNext(255)) - client-71F61C017E1E->6c928baf-cc3b-4a10-9362-ff4e15dca71d: receive RaftClientReply:client-71F61C017E1E->6c928baf-cc3b-4a10-9362-ff4e15dca71d@group-586430B97ADD, cid=516, SUCCESS, logIndex=755, commits[6c928baf-cc3b-4a10-9362-ff4e15dca71d:c755]
2019-08-10 04:38:00,262 DEBUG block.SCMBlockDeletingService (SCMBlockDeletingService.java:call(138)) - Running DeletedBlockTransactionScanner
2019-08-10 04:38:00,262 DEBUG block.SCMBlockDeletingService (SCMBlockDeletingService.java:call(155)) - Scanned deleted blocks log and got 0 delTX to process.
2019-08-10 04:38:00,276 INFO  client.GrpcClientProtocolClient (GrpcClientProtocolClient.java:onNext(255)) - client-71F61C017E1E->6c928baf-cc3b-4a10-9362-ff4e15dca71d: receive RaftClientReply:client-71F61C017E1E->6c928baf-cc3b-4a10-9362-ff4e15dca71d@group-586430B97ADD, cid=517, SUCCESS, logIndex=758, commits[6c928baf-cc3b-4a10-9362-ff4e15dca71d:c762]
2019-08-10 04:38:00,276 INFO  client.GrpcClientProtocolClient (GrpcClientProtocolClient.java:onNext(255)) - client-71F61C017E1E->6c928baf-cc3b-4a10-9362-ff4e15dca71d: receive RaftClientReply:client-71F61C017E1E->6c928baf-cc3b-4a10-9362-ff4e15dca71d@group-586430B97ADD, cid=518, SUCCESS, logIndex=759, commits[6c928baf-cc3b-4a10-9362-ff4e15dca71d:c762]
2019-08-10 04:38:00,277 INFO  client.GrpcClientProtocolClient (GrpcClientProtocolClient.java:onNext(255)) - client-71F61C017E1E->6c928baf-cc3b-4a10-9362-ff4e15dca71d: receive RaftClientReply:client-71F61C017E1E->6c928baf-cc3b-4a10-9362-ff4e15dca71d@group-586430B97ADD, cid=519, SUCCESS, logIndex=760, commits[6c928baf-cc3b-4a10-9362-ff4e15dca71d:c762]
2019-08-10 04:38:00,278 INFO  client.GrpcClientProtocolClient (GrpcClientProtocolClient.java:onNext(255)) - client-71F61C017E1E->6c928baf-cc3b-4a10-9362-ff4e15dca71d: receive RaftClientReply:client-71F61C017E1E->6c928baf-cc3b-4a10-9362-ff4e15dca71d@group-586430B97ADD, cid=520, SUCCESS, logIndex=761, commits[6c928baf-cc3b-4a10-9362-ff4e15dca71d:c762]
2019-08-10 04:38:00,308 INFO  client.GrpcClientProtocolClient (GrpcClientProtocolClient.java:onNext(255)) - client-71F61C017E1E->6c928baf-cc3b-4a10-9362-ff4e15dca71d: receive RaftClientReply:client-71F61C017E1E->6c928baf-cc3b-4a10-9362-ff4e15dca71d@group-586430B97ADD, cid=521, SUCCESS, logIndex=763, commits[6c928baf-cc3b-4a10-9362-ff4e15dca71d:c764]
2019-08-10 04:38:00,309 INFO  client.GrpcClientProtocolClient (GrpcClientProtocolClient.java:onNext(255)) - client-71F61C017E1E->6c928baf-cc3b-4a10-9362-ff4e15dca71d: receive RaftClientReply:client-71F61C017E1E->6c928baf-cc3b-4a10-9362-ff4e15dca71d@group-586430B97ADD, cid=522, SUCCESS, logIndex=764, commits[6c928baf-cc3b-4a10-9362-ff4e15dca71d:c767]
2019-08-10 04:38:00,309 INFO  client.GrpcClientProtocolClient (GrpcClientProtocolClient.java:onNext(255)) - client-71F61C017E1E->6c928baf-cc3b-4a10-9362-ff4e15dca71d: receive RaftClientReply:client-71F61C017E1E->6c928baf-cc3b-4a10-9362-ff4e15dca71d@group-586430B97ADD, cid=523, SUCCESS, logIndex=765, commits[6c928baf-cc3b-4a10-9362-ff4e15dca71d:c767]
2019-08-10 04:38:00,310 INFO  client.GrpcClientProtocolClient (GrpcClientProtocolClient.java:onNext(255)) - client-71F61C017E1E->6c928baf-cc3b-4a10-9362-ff4e15dca71d: receive RaftClientReply:client-71F61C017E1E->6c928baf-cc3b-4a10-9362-ff4e15dca71d@group-586430B97ADD, cid=524, SUCCESS, logIndex=766, commits[6c928baf-cc3b-4a10-9362-ff4e15dca71d:c768]
2019-08-10 04:38:00,331 INFO  client.GrpcClientProtocolClient (GrpcClientProtocolClient.java:onNext(255)) - client-71F61C017E1E->6c928baf-cc3b-4a10-9362-ff4e15dca71d: receive RaftClientReply:client-71F61C017E1E->6c928baf-cc3b-4a10-9362-ff4e15dca71d@group-586430B97ADD, cid=525, SUCCESS, logIndex=769, commits[6c928baf-cc3b-4a10-9362-ff4e15dca71d:c770]
2019-08-10 04:38:00,331 INFO  client.GrpcClientProtocolClient (GrpcClientProtocolClient.java:onNext(255)) - client-71F61C017E1E->6c928baf-cc3b-4a10-9362-ff4e15dca71d: receive RaftClientReply:client-71F61C017E1E->6c928baf-cc3b-4a10-9362-ff4e15dca71d@group-586430B97ADD, cid=526, SUCCESS, logIndex=770, commits[6c928baf-cc3b-4a10-9362-ff4e15dca71d:c770]
2019-08-10 04:38:00,333 INFO  client.GrpcClientProtocolClient (GrpcClientProtocolClient.java:onNext(255)) - client-71F61C017E1E->6c928baf-cc3b-4a10-9362-ff4e15dca71d: receive RaftClientReply:client-71F61C017E1E->6c928baf-cc3b-4a10-9362-ff4e15dca71d@group-586430B97ADD, cid=527, SUCCESS, logIndex=771, commits[6c928baf-cc3b-4a10-9362-ff4e15dca71d:c772]
2019-08-10 04:38:00,333 INFO  client.GrpcClientProtocolClient (GrpcClientProtocolClient.java:onNext(255)) - client-71F61C017E1E->6c928baf-cc3b-4a10-9362-ff4e15dca71d: receive RaftClientReply:client-71F61C017E1E->6c928baf-cc3b-4a10-9362-ff4e15dca71d@group-586430B97ADD, cid=528, SUCCESS, logIndex=772, commits[6c928baf-cc3b-4a10-9362-ff4e15dca71d:c772]
2019-08-10 04:38:00,363 DEBUG block.SCMBlockDeletingService (SCMBlockDeletingService.java:call(138)) - Running DeletedBlockTransactionScanner
2019-08-10 04:38:00,363 DEBUG block.SCMBlockDeletingService (SCMBlockDeletingService.java:call(155)) - Scanned deleted blocks log and got 0 delTX to process.
2019-08-10 04:38:00,364 INFO  client.GrpcClientProtocolClient (GrpcClientProtocolClient.java:onNext(255)) - client-71F61C017E1E->6c928baf-cc3b-4a10-9362-ff4e15dca71d: receive RaftClientReply:client-71F61C017E1E->6c928baf-cc3b-4a10-9362-ff4e15dca71d@group-586430B97ADD, cid=529, SUCCESS, logIndex=775, commits[6c928baf-cc3b-4a10-9362-ff4e15dca71d:c776]
2019-08-10 04:38:00,365 INFO  client.GrpcClientProtocolClient (GrpcClientProtocolClient.java:onNext(255)) - client-71F61C017E1E->6c928baf-cc3b-4a10-9362-ff4e15dca71d: receive RaftClientReply:client-71F61C017E1E->6c928baf-cc3b-4a10-9362-ff4e15dca71d@group-586430B97ADD, cid=530, SUCCESS, logIndex=776, commits[6c928baf-cc3b-4a10-9362-ff4e15dca71d:c777]
2019-08-10 04:38:00,464 DEBUG block.SCMBlockDeletingService (SCMBlockDeletingService.java:call(138)) - Running DeletedBlockTransactionScanner
2019-08-10 04:38:00,464 DEBUG block.SCMBlockDeletingService (SCMBlockDeletingService.java:call(155)) - Scanned deleted blocks log and got 0 delTX to process.
2019-08-10 04:38:00,478 INFO  client.GrpcClientProtocolClient (GrpcClientProtocolClient.java:onNext(255)) - client-71F61C017E1E->6c928baf-cc3b-4a10-9362-ff4e15dca71d: receive RaftClientReply:client-71F61C017E1E->6c928baf-cc3b-4a10-9362-ff4e15dca71d@group-586430B97ADD, cid=531, SUCCESS, logIndex=778, commits[6c928baf-cc3b-4a10-9362-ff4e15dca71d:c779]
2019-08-10 04:38:00,478 INFO  client.GrpcClientProtocolClient (GrpcClientProtocolClient.java:onNext(255)) - client-71F61C017E1E->6c928baf-cc3b-4a10-9362-ff4e15dca71d: receive RaftClientReply:client-71F61C017E1E->6c928baf-cc3b-4a10-9362-ff4e15dca71d@group-586430B97ADD, cid=532, SUCCESS, logIndex=779, commits[6c928baf-cc3b-4a10-9362-ff4e15dca71d:c779]
2019-08-10 04:38:00,499 INFO  client.GrpcClientProtocolClient (GrpcClientProtocolClient.java:onNext(255)) - client-71F61C017E1E->6c928baf-cc3b-4a10-9362-ff4e15dca71d: receive RaftClientReply:client-71F61C017E1E->6c928baf-cc3b-4a10-9362-ff4e15dca71d@group-586430B97ADD, cid=533, SUCCESS, logIndex=781, commits[6c928baf-cc3b-4a10-9362-ff4e15dca71d:c782]
2019-08-10 04:38:00,500 INFO  client.GrpcClientProtocolClient (GrpcClientProtocolClient.java:onNext(255)) - client-71F61C017E1E->6c928baf-cc3b-4a10-9362-ff4e15dca71d: receive RaftClientReply:client-71F61C017E1E->6c928baf-cc3b-4a10-9362-ff4e15dca71d@group-586430B97ADD, cid=534, SUCCESS, logIndex=782, commits[6c928baf-cc3b-4a10-9362-ff4e15dca71d:c784]
2019-08-10 04:38:00,500 INFO  client.GrpcClientProtocolClient (GrpcClientProtocolClient.java:onNext(255)) - client-71F61C017E1E->6c928baf-cc3b-4a10-9362-ff4e15dca71d: receive RaftClientReply:client-71F61C017E1E->6c928baf-cc3b-4a10-9362-ff4e15dca71d@group-586430B97ADD, cid=535, SUCCESS, logIndex=783, commits[6c928baf-cc3b-4a10-9362-ff4e15dca71d:c785]
2019-08-10 04:38:00,501 INFO  client.GrpcClientProtocolClient (GrpcClientProtocolClient.java:onNext(255)) - client-71F61C017E1E->6c928baf-cc3b-4a10-9362-ff4e15dca71d: receive RaftClientReply:client-71F61C017E1E->6c928baf-cc3b-4a10-9362-ff4e15dca71d@group-586430B97ADD, cid=536, SUCCESS, logIndex=784, commits[6c928baf-cc3b-4a10-9362-ff4e15dca71d:c786]
2019-08-10 04:38:00,530 INFO  client.GrpcClientProtocolClient (GrpcClientProtocolClient.java:onNext(255)) - client-71F61C017E1E->6c928baf-cc3b-4a10-9362-ff4e15dca71d: receive RaftClientReply:client-71F61C017E1E->6c928baf-cc3b-4a10-9362-ff4e15dca71d@group-586430B97ADD, cid=537, SUCCESS, logIndex=787, commits[6c928baf-cc3b-4a10-9362-ff4e15dca71d:c790]
2019-08-10 04:38:00,531 INFO  client.GrpcClientProtocolClient (GrpcClientProtocolClient.java:onNext(255)) - client-71F61C017E1E->6c928baf-cc3b-4a10-9362-ff4e15dca71d: receive RaftClientReply:client-71F61C017E1E->6c928baf-cc3b-4a10-9362-ff4e15dca71d@group-586430B97ADD, cid=538, SUCCESS, logIndex=788, commits[6c928baf-cc3b-4a10-9362-ff4e15dca71d:c791]
2019-08-10 04:38:00,532 INFO  client.GrpcClientProtocolClient (GrpcClientProtocolClient.java:onNext(255)) - client-71F61C017E1E->6c928baf-cc3b-4a10-9362-ff4e15dca71d: receive RaftClientReply:client-71F61C017E1E->6c928baf-cc3b-4a10-9362-ff4e15dca71d@group-586430B97ADD, cid=539, SUCCESS, logIndex=789, commits[6c928baf-cc3b-4a10-9362-ff4e15dca71d:c792]
2019-08-10 04:38:00,532 INFO  client.GrpcClientProtocolClient (GrpcClientProtocolClient.java:onNext(255)) - client-71F61C017E1E->6c928baf-cc3b-4a10-9362-ff4e15dca71d: receive RaftClientReply:client-71F61C017E1E->6c928baf-cc3b-4a10-9362-ff4e15dca71d@group-586430B97ADD, cid=540, SUCCESS, logIndex=790, commits[6c928baf-cc3b-4a10-9362-ff4e15dca71d:c792]
2019-08-10 04:38:00,554 INFO  client.GrpcClientProtocolClient (GrpcClientProtocolClient.java:onNext(255)) - client-71F61C017E1E->6c928baf-cc3b-4a10-9362-ff4e15dca71d: receive RaftClientReply:client-71F61C017E1E->6c928baf-cc3b-4a10-9362-ff4e15dca71d@group-586430B97ADD, cid=541, SUCCESS, logIndex=793, commits[6c928baf-cc3b-4a10-9362-ff4e15dca71d:c794]
2019-08-10 04:38:00,554 INFO  client.GrpcClientProtocolClient (GrpcClientProtocolClient.java:onNext(255)) - client-71F61C017E1E->6c928baf-cc3b-4a10-9362-ff4e15dca71d: receive RaftClientReply:client-71F61C017E1E->6c928baf-cc3b-4a10-9362-ff4e15dca71d@group-586430B97ADD, cid=542, SUCCESS, logIndex=794, commits[6c928baf-cc3b-4a10-9362-ff4e15dca71d:c797]
2019-08-10 04:38:00,555 INFO  client.GrpcClientProtocolClient (GrpcClientProtocolClient.java:onNext(255)) - client-71F61C017E1E->6c928baf-cc3b-4a10-9362-ff4e15dca71d: receive RaftClientReply:client-71F61C017E1E->6c928baf-cc3b-4a10-9362-ff4e15dca71d@group-586430B97ADD, cid=543, SUCCESS, logIndex=795, commits[6c928baf-cc3b-4a10-9362-ff4e15dca71d:c797]
2019-08-10 04:38:00,555 INFO  client.GrpcClientProtocolClient (GrpcClientProtocolClient.java:onNext(255)) - client-71F61C017E1E->6c928baf-cc3b-4a10-9362-ff4e15dca71d: receive RaftClientReply:client-71F61C017E1E->6c928baf-cc3b-4a10-9362-ff4e15dca71d@group-586430B97ADD, cid=544, SUCCESS, logIndex=796, commits[6c928baf-cc3b-4a10-9362-ff4e15dca71d:c798]
2019-08-10 04:38:00,564 DEBUG block.SCMBlockDeletingService (SCMBlockDeletingService.java:call(138)) - Running DeletedBlockTransactionScanner
2019-08-10 04:38:00,565 DEBUG block.SCMBlockDeletingService (SCMBlockDeletingService.java:call(155)) - Scanned deleted blocks log and got 0 delTX to process.
2019-08-10 04:38:00,584 INFO  client.GrpcClientProtocolClient (GrpcClientProtocolClient.java:onNext(255)) - client-71F61C017E1E->6c928baf-cc3b-4a10-9362-ff4e15dca71d: receive RaftClientReply:client-71F61C017E1E->6c928baf-cc3b-4a10-9362-ff4e15dca71d@group-586430B97ADD, cid=545, SUCCESS, logIndex=799, commits[6c928baf-cc3b-4a10-9362-ff4e15dca71d:c800]
2019-08-10 04:38:00,586 INFO  client.GrpcClientProtocolClient (GrpcClientProtocolClient.java:onNext(255)) - client-71F61C017E1E->6c928baf-cc3b-4a10-9362-ff4e15dca71d: receive RaftClientReply:client-71F61C017E1E->6c928baf-cc3b-4a10-9362-ff4e15dca71d@group-586430B97ADD, cid=546, SUCCESS, logIndex=800, commits[6c928baf-cc3b-4a10-9362-ff4e15dca71d:c802]
2019-08-10 04:38:00,586 INFO  client.GrpcClientProtocolClient (GrpcClientProtocolClient.java:onNext(255)) - client-71F61C017E1E->6c928baf-cc3b-4a10-9362-ff4e15dca71d: receive RaftClientReply:client-71F61C017E1E->6c928baf-cc3b-4a10-9362-ff4e15dca71d@group-586430B97ADD, cid=547, SUCCESS, logIndex=801, commits[6c928baf-cc3b-4a10-9362-ff4e15dca71d:c803]
2019-08-10 04:38:00,587 INFO  client.GrpcClientProtocolClient (GrpcClientProtocolClient.java:onNext(255)) - client-71F61C017E1E->6c928baf-cc3b-4a10-9362-ff4e15dca71d: receive RaftClientReply:client-71F61C017E1E->6c928baf-cc3b-4a10-9362-ff4e15dca71d@group-586430B97ADD, cid=548, SUCCESS, logIndex=802, commits[6c928baf-cc3b-4a10-9362-ff4e15dca71d:c804]
2019-08-10 04:38:00,609 INFO  client.GrpcClientProtocolClient (GrpcClientProtocolClient.java:onNext(255)) - client-71F61C017E1E->6c928baf-cc3b-4a10-9362-ff4e15dca71d: receive RaftClientReply:client-71F61C017E1E->6c928baf-cc3b-4a10-9362-ff4e15dca71d@group-586430B97ADD, cid=549, SUCCESS, logIndex=805, commits[6c928baf-cc3b-4a10-9362-ff4e15dca71d:c806]
2019-08-10 04:38:00,610 INFO  client.GrpcClientProtocolClient (GrpcClientProtocolClient.java:onNext(255)) - client-71F61C017E1E->6c928baf-cc3b-4a10-9362-ff4e15dca71d: receive RaftClientReply:client-71F61C017E1E->6c928baf-cc3b-4a10-9362-ff4e15dca71d@group-586430B97ADD, cid=550, SUCCESS, logIndex=806, commits[6c928baf-cc3b-4a10-9362-ff4e15dca71d:c809]
2019-08-10 04:38:00,610 INFO  client.GrpcClientProtocolClient (GrpcClientProtocolClient.java:onNext(255)) - client-71F61C017E1E->6c928baf-cc3b-4a10-9362-ff4e15dca71d: receive RaftClientReply:client-71F61C017E1E->6c928baf-cc3b-4a10-9362-ff4e15dca71d@group-586430B97ADD, cid=551, SUCCESS, logIndex=807, commits[6c928baf-cc3b-4a10-9362-ff4e15dca71d:c810]
2019-08-10 04:38:00,611 INFO  client.GrpcClientProtocolClient (GrpcClientProtocolClient.java:onNext(255)) - client-71F61C017E1E->6c928baf-cc3b-4a10-9362-ff4e15dca71d: receive RaftClientReply:client-71F61C017E1E->6c928baf-cc3b-4a10-9362-ff4e15dca71d@group-586430B97ADD, cid=552, SUCCESS, logIndex=808, commits[6c928baf-cc3b-4a10-9362-ff4e15dca71d:c810]
2019-08-10 04:38:00,638 INFO  client.GrpcClientProtocolClient (GrpcClientProtocolClient.java:onNext(255)) - client-71F61C017E1E->6c928baf-cc3b-4a10-9362-ff4e15dca71d: receive RaftClientReply:client-71F61C017E1E->6c928baf-cc3b-4a10-9362-ff4e15dca71d@group-586430B97ADD, cid=553, SUCCESS, logIndex=811, commits[6c928baf-cc3b-4a10-9362-ff4e15dca71d:c812]
2019-08-10 04:38:00,639 INFO  client.GrpcClientProtocolClient (GrpcClientProtocolClient.java:onNext(255)) - client-71F61C017E1E->6c928baf-cc3b-4a10-9362-ff4e15dca71d: receive RaftClientReply:client-71F61C017E1E->6c928baf-cc3b-4a10-9362-ff4e15dca71d@group-586430B97ADD, cid=554, SUCCESS, logIndex=812, commits[6c928baf-cc3b-4a10-9362-ff4e15dca71d:c814]
2019-08-10 04:38:00,640 INFO  client.GrpcClientProtocolClient (GrpcClientProtocolClient.java:onNext(255)) - client-71F61C017E1E->6c928baf-cc3b-4a10-9362-ff4e15dca71d: receive RaftClientReply:client-71F61C017E1E->6c928baf-cc3b-4a10-9362-ff4e15dca71d@group-586430B97ADD, cid=555, SUCCESS, logIndex=813, commits[6c928baf-cc3b-4a10-9362-ff4e15dca71d:c815]
2019-08-10 04:38:00,640 INFO  client.GrpcClientProtocolClient (GrpcClientProtocolClient.java:onNext(255)) - client-71F61C017E1E->6c928baf-cc3b-4a10-9362-ff4e15dca71d: receive RaftClientReply:client-71F61C017E1E->6c928baf-cc3b-4a10-9362-ff4e15dca71d@group-586430B97ADD, cid=556, SUCCESS, logIndex=814, commits[6c928baf-cc3b-4a10-9362-ff4e15dca71d:c815]
2019-08-10 04:38:00,660 INFO  client.GrpcClientProtocolClient (GrpcClientProtocolClient.java:onNext(255)) - client-71F61C017E1E->6c928baf-cc3b-4a10-9362-ff4e15dca71d: receive RaftClientReply:client-71F61C017E1E->6c928baf-cc3b-4a10-9362-ff4e15dca71d@group-586430B97ADD, cid=557, SUCCESS, logIndex=817, commits[6c928baf-cc3b-4a10-9362-ff4e15dca71d:c818]
2019-08-10 04:38:00,661 INFO  client.GrpcClientProtocolClient (GrpcClientProtocolClient.java:onNext(255)) - client-71F61C017E1E->6c928baf-cc3b-4a10-9362-ff4e15dca71d: receive RaftClientReply:client-71F61C017E1E->6c928baf-cc3b-4a10-9362-ff4e15dca71d@group-586430B97ADD, cid=558, SUCCESS, logIndex=818, commits[6c928baf-cc3b-4a10-9362-ff4e15dca71d:c818]
2019-08-10 04:38:00,663 INFO  client.GrpcClientProtocolClient (GrpcClientProtocolClient.java:onNext(255)) - client-71F61C017E1E->6c928baf-cc3b-4a10-9362-ff4e15dca71d: receive RaftClientReply:client-71F61C017E1E->6c928baf-cc3b-4a10-9362-ff4e15dca71d@group-586430B97ADD, cid=559, SUCCESS, logIndex=819, commits[6c928baf-cc3b-4a10-9362-ff4e15dca71d:c820]
2019-08-10 04:38:00,663 INFO  client.GrpcClientProtocolClient (GrpcClientProtocolClient.java:onNext(255)) - client-71F61C017E1E->6c928baf-cc3b-4a10-9362-ff4e15dca71d: receive RaftClientReply:client-71F61C017E1E->6c928baf-cc3b-4a10-9362-ff4e15dca71d@group-586430B97ADD, cid=560, SUCCESS, logIndex=820, commits[6c928baf-cc3b-4a10-9362-ff4e15dca71d:c820]
2019-08-10 04:38:00,665 DEBUG block.SCMBlockDeletingService (SCMBlockDeletingService.java:call(138)) - Running DeletedBlockTransactionScanner
2019-08-10 04:38:00,665 DEBUG block.SCMBlockDeletingService (SCMBlockDeletingService.java:call(155)) - Scanned deleted blocks log and got 0 delTX to process.
2019-08-10 04:38:00,680 INFO  client.GrpcClientProtocolClient (GrpcClientProtocolClient.java:onNext(255)) - client-71F61C017E1E->6c928baf-cc3b-4a10-9362-ff4e15dca71d: receive RaftClientReply:client-71F61C017E1E->6c928baf-cc3b-4a10-9362-ff4e15dca71d@group-586430B97ADD, cid=561, SUCCESS, logIndex=823, commits[6c928baf-cc3b-4a10-9362-ff4e15dca71d:c824]
2019-08-10 04:38:00,681 INFO  client.GrpcClientProtocolClient (GrpcClientProtocolClient.java:onNext(255)) - client-71F61C017E1E->6c928baf-cc3b-4a10-9362-ff4e15dca71d: receive RaftClientReply:client-71F61C017E1E->6c928baf-cc3b-4a10-9362-ff4e15dca71d@group-586430B97ADD, cid=562, SUCCESS, logIndex=824, commits[6c928baf-cc3b-4a10-9362-ff4e15dca71d:c824]
2019-08-10 04:38:00,692 INFO  client.GrpcClientProtocolClient (GrpcClientProtocolClient.java:onNext(255)) - client-71F61C017E1E->6c928baf-cc3b-4a10-9362-ff4e15dca71d: receive RaftClientReply:client-71F61C017E1E->6c928baf-cc3b-4a10-9362-ff4e15dca71d@group-586430B97ADD, cid=563, SUCCESS, logIndex=825, commits[6c928baf-cc3b-4a10-9362-ff4e15dca71d:c827]
2019-08-10 04:38:00,692 INFO  client.GrpcClientProtocolClient (GrpcClientProtocolClient.java:onNext(255)) - client-71F61C017E1E->6c928baf-cc3b-4a10-9362-ff4e15dca71d: receive RaftClientReply:client-71F61C017E1E->6c928baf-cc3b-4a10-9362-ff4e15dca71d@group-586430B97ADD, cid=564, SUCCESS, logIndex=827, commits[6c928baf-cc3b-4a10-9362-ff4e15dca71d:c827]
2019-08-10 04:38:00,712 INFO  client.GrpcClientProtocolClient (GrpcClientProtocolClient.java:onNext(255)) - client-71F61C017E1E->6c928baf-cc3b-4a10-9362-ff4e15dca71d: receive RaftClientReply:client-71F61C017E1E->6c928baf-cc3b-4a10-9362-ff4e15dca71d@group-586430B97ADD, cid=565, SUCCESS, logIndex=829, commits[6c928baf-cc3b-4a10-9362-ff4e15dca71d:c830]
2019-08-10 04:38:00,712 INFO  client.GrpcClientProtocolClient (GrpcClientProtocolClient.java:onNext(255)) - client-71F61C017E1E->6c928baf-cc3b-4a10-9362-ff4e15dca71d: receive RaftClientReply:client-71F61C017E1E->6c928baf-cc3b-4a10-9362-ff4e15dca71d@group-586430B97ADD, cid=566, SUCCESS, logIndex=830, commits[6c928baf-cc3b-4a10-9362-ff4e15dca71d:c830]
2019-08-10 04:38:00,714 INFO  client.GrpcClientProtocolClient (GrpcClientProtocolClient.java:onNext(255)) - client-71F61C017E1E->6c928baf-cc3b-4a10-9362-ff4e15dca71d: receive RaftClientReply:client-71F61C017E1E->6c928baf-cc3b-4a10-9362-ff4e15dca71d@group-586430B97ADD, cid=567, SUCCESS, logIndex=831, commits[6c928baf-cc3b-4a10-9362-ff4e15dca71d:c832]
2019-08-10 04:38:00,715 INFO  client.GrpcClientProtocolClient (GrpcClientProtocolClient.java:onNext(255)) - client-71F61C017E1E->6c928baf-cc3b-4a10-9362-ff4e15dca71d: receive RaftClientReply:client-71F61C017E1E->6c928baf-cc3b-4a10-9362-ff4e15dca71d@group-586430B97ADD, cid=568, SUCCESS, logIndex=832, commits[6c928baf-cc3b-4a10-9362-ff4e15dca71d:c832]
2019-08-10 04:38:00,742 INFO  client.GrpcClientProtocolClient (GrpcClientProtocolClient.java:onNext(255)) - client-71F61C017E1E->6c928baf-cc3b-4a10-9362-ff4e15dca71d: receive RaftClientReply:client-71F61C017E1E->6c928baf-cc3b-4a10-9362-ff4e15dca71d@group-586430B97ADD, cid=569, SUCCESS, logIndex=835, commits[6c928baf-cc3b-4a10-9362-ff4e15dca71d:c836]
2019-08-10 04:38:00,743 INFO  client.GrpcClientProtocolClient (GrpcClientProtocolClient.java:onNext(255)) - client-71F61C017E1E->6c928baf-cc3b-4a10-9362-ff4e15dca71d: receive RaftClientReply:client-71F61C017E1E->6c928baf-cc3b-4a10-9362-ff4e15dca71d@group-586430B97ADD, cid=570, SUCCESS, logIndex=836, commits[6c928baf-cc3b-4a10-9362-ff4e15dca71d:c838]
2019-08-10 04:38:00,743 INFO  client.GrpcClientProtocolClient (GrpcClientProtocolClient.java:onNext(255)) - client-71F61C017E1E->6c928baf-cc3b-4a10-9362-ff4e15dca71d: receive RaftClientReply:client-71F61C017E1E->6c928baf-cc3b-4a10-9362-ff4e15dca71d@group-586430B97ADD, cid=571, SUCCESS, logIndex=837, commits[6c928baf-cc3b-4a10-9362-ff4e15dca71d:c838]
2019-08-10 04:38:00,744 INFO  client.GrpcClientProtocolClient (GrpcClientProtocolClient.java:onNext(255)) - client-71F61C017E1E->6c928baf-cc3b-4a10-9362-ff4e15dca71d: receive RaftClientReply:client-71F61C017E1E->6c928baf-cc3b-4a10-9362-ff4e15dca71d@group-586430B97ADD, cid=572, SUCCESS, logIndex=838, commits[6c928baf-cc3b-4a10-9362-ff4e15dca71d:c840]
2019-08-10 04:38:00,765 INFO  client.GrpcClientProtocolClient (GrpcClientProtocolClient.java:onNext(255)) - client-71F61C017E1E->6c928baf-cc3b-4a10-9362-ff4e15dca71d: receive RaftClientReply:client-71F61C017E1E->6c928baf-cc3b-4a10-9362-ff4e15dca71d@group-586430B97ADD, cid=573, SUCCESS, logIndex=841, commits[6c928baf-cc3b-4a10-9362-ff4e15dca71d:c842]
2019-08-10 04:38:00,765 INFO  client.GrpcClientProtocolClient (GrpcClientProtocolClient.java:onNext(255)) - client-71F61C017E1E->6c928baf-cc3b-4a10-9362-ff4e15dca71d: receive RaftClientReply:client-71F61C017E1E->6c928baf-cc3b-4a10-9362-ff4e15dca71d@group-586430B97ADD, cid=574, SUCCESS, logIndex=842, commits[6c928baf-cc3b-4a10-9362-ff4e15dca71d:c843]
2019-08-10 04:38:00,766 DEBUG block.SCMBlockDeletingService (SCMBlockDeletingService.java:call(138)) - Running DeletedBlockTransactionScanner
2019-08-10 04:38:00,766 DEBUG block.SCMBlockDeletingService (SCMBlockDeletingService.java:call(155)) - Scanned deleted blocks log and got 0 delTX to process.
2019-08-10 04:38:00,958 DEBUG block.SCMBlockDeletingService (SCMBlockDeletingService.java:call(138)) - Running DeletedBlockTransactionScanner
2019-08-10 04:38:00,960 DEBUG block.SCMBlockDeletingService (SCMBlockDeletingService.java:call(155)) - Scanned deleted blocks log and got 0 delTX to process.
2019-08-10 04:38:00,984 INFO  client.GrpcClientProtocolClient (GrpcClientProtocolClient.java:onNext(255)) - client-71F61C017E1E->6c928baf-cc3b-4a10-9362-ff4e15dca71d: receive RaftClientReply:client-71F61C017E1E->6c928baf-cc3b-4a10-9362-ff4e15dca71d@group-586430B97ADD, cid=575, SUCCESS, logIndex=844, commits[6c928baf-cc3b-4a10-9362-ff4e15dca71d:c845]
2019-08-10 04:38:00,985 INFO  client.GrpcClientProtocolClient (GrpcClientProtocolClient.java:onNext(255)) - client-71F61C017E1E->6c928baf-cc3b-4a10-9362-ff4e15dca71d: receive RaftClientReply:client-71F61C017E1E->6c928baf-cc3b-4a10-9362-ff4e15dca71d@group-586430B97ADD, cid=576, SUCCESS, logIndex=845, commits[6c928baf-cc3b-4a10-9362-ff4e15dca71d:c845]
2019-08-10 04:38:01,016 INFO  client.GrpcClientProtocolClient (GrpcClientProtocolClient.java:onNext(255)) - client-71F61C017E1E->6c928baf-cc3b-4a10-9362-ff4e15dca71d: receive RaftClientReply:client-71F61C017E1E->6c928baf-cc3b-4a10-9362-ff4e15dca71d@group-586430B97ADD, cid=577, SUCCESS, logIndex=847, commits[6c928baf-cc3b-4a10-9362-ff4e15dca71d:c848]
2019-08-10 04:38:01,017 INFO  client.GrpcClientProtocolClient (GrpcClientProtocolClient.java:onNext(255)) - client-71F61C017E1E->6c928baf-cc3b-4a10-9362-ff4e15dca71d: receive RaftClientReply:client-71F61C017E1E->6c928baf-cc3b-4a10-9362-ff4e15dca71d@group-586430B97ADD, cid=578, SUCCESS, logIndex=848, commits[6c928baf-cc3b-4a10-9362-ff4e15dca71d:c850]
2019-08-10 04:38:01,018 INFO  client.GrpcClientProtocolClient (GrpcClientProtocolClient.java:onNext(255)) - client-71F61C017E1E->6c928baf-cc3b-4a10-9362-ff4e15dca71d: receive RaftClientReply:client-71F61C017E1E->6c928baf-cc3b-4a10-9362-ff4e15dca71d@group-586430B97ADD, cid=579, SUCCESS, logIndex=849, commits[6c928baf-cc3b-4a10-9362-ff4e15dca71d:c851]
2019-08-10 04:38:01,018 INFO  client.GrpcClientProtocolClient (GrpcClientProtocolClient.java:onNext(255)) - client-71F61C017E1E->6c928baf-cc3b-4a10-9362-ff4e15dca71d: receive RaftClientReply:client-71F61C017E1E->6c928baf-cc3b-4a10-9362-ff4e15dca71d@group-586430B97ADD, cid=580, SUCCESS, logIndex=850, commits[6c928baf-cc3b-4a10-9362-ff4e15dca71d:c852]
2019-08-10 04:38:01,041 INFO  client.GrpcClientProtocolClient (GrpcClientProtocolClient.java:onNext(255)) - client-71F61C017E1E->6c928baf-cc3b-4a10-9362-ff4e15dca71d: receive RaftClientReply:client-71F61C017E1E->6c928baf-cc3b-4a10-9362-ff4e15dca71d@group-586430B97ADD, cid=581, SUCCESS, logIndex=853, commits[6c928baf-cc3b-4a10-9362-ff4e15dca71d:c854]
2019-08-10 04:38:01,041 INFO  client.GrpcClientProtocolClient (GrpcClientProtocolClient.java:onNext(255)) - client-71F61C017E1E->6c928baf-cc3b-4a10-9362-ff4e15dca71d: receive RaftClientReply:client-71F61C017E1E->6c928baf-cc3b-4a10-9362-ff4e15dca71d@group-586430B97ADD, cid=582, SUCCESS, logIndex=854, commits[6c928baf-cc3b-4a10-9362-ff4e15dca71d:c857]
2019-08-10 04:38:01,042 INFO  client.GrpcClientProtocolClient (GrpcClientProtocolClient.java:onNext(255)) - client-71F61C017E1E->6c928baf-cc3b-4a10-9362-ff4e15dca71d: receive RaftClientReply:client-71F61C017E1E->6c928baf-cc3b-4a10-9362-ff4e15dca71d@group-586430B97ADD, cid=583, SUCCESS, logIndex=855, commits[6c928baf-cc3b-4a10-9362-ff4e15dca71d:c858]
2019-08-10 04:38:01,042 INFO  client.GrpcClientProtocolClient (GrpcClientProtocolClient.java:onNext(255)) - client-71F61C017E1E->6c928baf-cc3b-4a10-9362-ff4e15dca71d: receive RaftClientReply:client-71F61C017E1E->6c928baf-cc3b-4a10-9362-ff4e15dca71d@group-586430B97ADD, cid=584, SUCCESS, logIndex=856, commits[6c928baf-cc3b-4a10-9362-ff4e15dca71d:c858]
2019-08-10 04:38:01,060 DEBUG block.SCMBlockDeletingService (SCMBlockDeletingService.java:call(138)) - Running DeletedBlockTransactionScanner
2019-08-10 04:38:01,061 DEBUG block.SCMBlockDeletingService (SCMBlockDeletingService.java:call(155)) - Scanned deleted blocks log and got 0 delTX to process.
2019-08-10 04:38:01,071 INFO  client.GrpcClientProtocolClient (GrpcClientProtocolClient.java:onNext(255)) - client-71F61C017E1E->6c928baf-cc3b-4a10-9362-ff4e15dca71d: receive RaftClientReply:client-71F61C017E1E->6c928baf-cc3b-4a10-9362-ff4e15dca71d@group-586430B97ADD, cid=585, SUCCESS, logIndex=859, commits[6c928baf-cc3b-4a10-9362-ff4e15dca71d:c860]
2019-08-10 04:38:01,072 INFO  client.GrpcClientProtocolClient (GrpcClientProtocolClient.java:onNext(255)) - client-71F61C017E1E->6c928baf-cc3b-4a10-9362-ff4e15dca71d: receive RaftClientReply:client-71F61C017E1E->6c928baf-cc3b-4a10-9362-ff4e15dca71d@group-586430B97ADD, cid=586, SUCCESS, logIndex=860, commits[6c928baf-cc3b-4a10-9362-ff4e15dca71d:c862]
2019-08-10 04:38:01,073 INFO  client.GrpcClientProtocolClient (GrpcClientProtocolClient.java:onNext(255)) - client-71F61C017E1E->6c928baf-cc3b-4a10-9362-ff4e15dca71d: receive RaftClientReply:client-71F61C017E1E->6c928baf-cc3b-4a10-9362-ff4e15dca71d@group-586430B97ADD, cid=587, SUCCESS, logIndex=861, commits[6c928baf-cc3b-4a10-9362-ff4e15dca71d:c863]
2019-08-10 04:38:01,073 INFO  client.GrpcClientProtocolClient (GrpcClientProtocolClient.java:onNext(255)) - client-71F61C017E1E->6c928baf-cc3b-4a10-9362-ff4e15dca71d: receive RaftClientReply:client-71F61C017E1E->6c928baf-cc3b-4a10-9362-ff4e15dca71d@group-586430B97ADD, cid=588, SUCCESS, logIndex=862, commits[6c928baf-cc3b-4a10-9362-ff4e15dca71d:c863]
2019-08-10 04:38:01,094 INFO  client.GrpcClientProtocolClient (GrpcClientProtocolClient.java:onNext(255)) - client-71F61C017E1E->6c928baf-cc3b-4a10-9362-ff4e15dca71d: receive RaftClientReply:client-71F61C017E1E->6c928baf-cc3b-4a10-9362-ff4e15dca71d@group-586430B97ADD, cid=589, SUCCESS, logIndex=865, commits[6c928baf-cc3b-4a10-9362-ff4e15dca71d:c868]
2019-08-10 04:38:01,095 INFO  client.GrpcClientProtocolClient (GrpcClientProtocolClient.java:onNext(255)) - client-71F61C017E1E->6c928baf-cc3b-4a10-9362-ff4e15dca71d: receive RaftClientReply:client-71F61C017E1E->6c928baf-cc3b-4a10-9362-ff4e15dca71d@group-586430B97ADD, cid=590, SUCCESS, logIndex=866, commits[6c928baf-cc3b-4a10-9362-ff4e15dca71d:c868]
2019-08-10 04:38:01,095 INFO  client.GrpcClientProtocolClient (GrpcClientProtocolClient.java:onNext(255)) - client-71F61C017E1E->6c928baf-cc3b-4a10-9362-ff4e15dca71d: receive RaftClientReply:client-71F61C017E1E->6c928baf-cc3b-4a10-9362-ff4e15dca71d@group-586430B97ADD, cid=591, SUCCESS, logIndex=867, commits[6c928baf-cc3b-4a10-9362-ff4e15dca71d:c869]
2019-08-10 04:38:01,095 INFO  client.GrpcClientProtocolClient (GrpcClientProtocolClient.java:onNext(255)) - client-71F61C017E1E->6c928baf-cc3b-4a10-9362-ff4e15dca71d: receive RaftClientReply:client-71F61C017E1E->6c928baf-cc3b-4a10-9362-ff4e15dca71d@group-586430B97ADD, cid=592, SUCCESS, logIndex=868, commits[6c928baf-cc3b-4a10-9362-ff4e15dca71d:c869]
2019-08-10 04:38:01,123 INFO  client.GrpcClientProtocolClient (GrpcClientProtocolClient.java:onNext(255)) - client-71F61C017E1E->6c928baf-cc3b-4a10-9362-ff4e15dca71d: receive RaftClientReply:client-71F61C017E1E->6c928baf-cc3b-4a10-9362-ff4e15dca71d@group-586430B97ADD, cid=593, SUCCESS, logIndex=871, commits[6c928baf-cc3b-4a10-9362-ff4e15dca71d:c872]
2019-08-10 04:38:01,124 INFO  client.GrpcClientProtocolClient (GrpcClientProtocolClient.java:onNext(255)) - client-71F61C017E1E->6c928baf-cc3b-4a10-9362-ff4e15dca71d: receive RaftClientReply:client-71F61C017E1E->6c928baf-cc3b-4a10-9362-ff4e15dca71d@group-586430B97ADD, cid=594, SUCCESS, logIndex=872, commits[6c928baf-cc3b-4a10-9362-ff4e15dca71d:c872]
2019-08-10 04:38:01,125 INFO  client.GrpcClientProtocolClient (GrpcClientProtocolClient.java:onNext(255)) - client-71F61C017E1E->6c928baf-cc3b-4a10-9362-ff4e15dca71d: receive RaftClientReply:client-71F61C017E1E->6c928baf-cc3b-4a10-9362-ff4e15dca71d@group-586430B97ADD, cid=595, SUCCESS, logIndex=873, commits[6c928baf-cc3b-4a10-9362-ff4e15dca71d:c874]
2019-08-10 04:38:01,125 INFO  client.GrpcClientProtocolClient (GrpcClientProtocolClient.java:onNext(255)) - client-71F61C017E1E->6c928baf-cc3b-4a10-9362-ff4e15dca71d: receive RaftClientReply:client-71F61C017E1E->6c928baf-cc3b-4a10-9362-ff4e15dca71d@group-586430B97ADD, cid=596, SUCCESS, logIndex=874, commits[6c928baf-cc3b-4a10-9362-ff4e15dca71d:c875]
2019-08-10 04:38:01,146 INFO  client.GrpcClientProtocolClient (GrpcClientProtocolClient.java:onNext(255)) - client-71F61C017E1E->6c928baf-cc3b-4a10-9362-ff4e15dca71d: receive RaftClientReply:client-71F61C017E1E->6c928baf-cc3b-4a10-9362-ff4e15dca71d@group-586430B97ADD, cid=597, SUCCESS, logIndex=877, commits[6c928baf-cc3b-4a10-9362-ff4e15dca71d:c878]
2019-08-10 04:38:01,146 INFO  client.GrpcClientProtocolClient (GrpcClientProtocolClient.java:onNext(255)) - client-71F61C017E1E->6c928baf-cc3b-4a10-9362-ff4e15dca71d: receive RaftClientReply:client-71F61C017E1E->6c928baf-cc3b-4a10-9362-ff4e15dca71d@group-586430B97ADD, cid=598, SUCCESS, logIndex=878, commits[6c928baf-cc3b-4a10-9362-ff4e15dca71d:c880]
2019-08-10 04:38:01,147 INFO  client.GrpcClientProtocolClient (GrpcClientProtocolClient.java:onNext(255)) - client-71F61C017E1E->6c928baf-cc3b-4a10-9362-ff4e15dca71d: receive RaftClientReply:client-71F61C017E1E->6c928baf-cc3b-4a10-9362-ff4e15dca71d@group-586430B97ADD, cid=599, SUCCESS, logIndex=879, commits[6c928baf-cc3b-4a10-9362-ff4e15dca71d:c881]
2019-08-10 04:38:01,147 INFO  client.GrpcClientProtocolClient (GrpcClientProtocolClient.java:onNext(255)) - client-71F61C017E1E->6c928baf-cc3b-4a10-9362-ff4e15dca71d: receive RaftClientReply:client-71F61C017E1E->6c928baf-cc3b-4a10-9362-ff4e15dca71d@group-586430B97ADD, cid=600, SUCCESS, logIndex=880, commits[6c928baf-cc3b-4a10-9362-ff4e15dca71d:c882]
2019-08-10 04:38:01,161 DEBUG block.SCMBlockDeletingService (SCMBlockDeletingService.java:call(138)) - Running DeletedBlockTransactionScanner
2019-08-10 04:38:01,162 DEBUG block.SCMBlockDeletingService (SCMBlockDeletingService.java:call(155)) - Scanned deleted blocks log and got 0 delTX to process.
2019-08-10 04:38:01,176 INFO  client.GrpcClientProtocolClient (GrpcClientProtocolClient.java:onNext(255)) - client-71F61C017E1E->6c928baf-cc3b-4a10-9362-ff4e15dca71d: receive RaftClientReply:client-71F61C017E1E->6c928baf-cc3b-4a10-9362-ff4e15dca71d@group-586430B97ADD, cid=601, SUCCESS, logIndex=883, commits[6c928baf-cc3b-4a10-9362-ff4e15dca71d:c884]
2019-08-10 04:38:01,177 INFO  client.GrpcClientProtocolClient (GrpcClientProtocolClient.java:onNext(255)) - client-71F61C017E1E->6c928baf-cc3b-4a10-9362-ff4e15dca71d: receive RaftClientReply:client-71F61C017E1E->6c928baf-cc3b-4a10-9362-ff4e15dca71d@group-586430B97ADD, cid=602, SUCCESS, logIndex=884, commits[6c928baf-cc3b-4a10-9362-ff4e15dca71d:c886]
2019-08-10 04:38:01,177 INFO  client.GrpcClientProtocolClient (GrpcClientProtocolClient.java:onNext(255)) - client-71F61C017E1E->6c928baf-cc3b-4a10-9362-ff4e15dca71d: receive RaftClientReply:client-71F61C017E1E->6c928baf-cc3b-4a10-9362-ff4e15dca71d@group-586430B97ADD, cid=603, SUCCESS, logIndex=885, commits[6c928baf-cc3b-4a10-9362-ff4e15dca71d:c887]
2019-08-10 04:38:01,178 INFO  client.GrpcClientProtocolClient (GrpcClientProtocolClient.java:onNext(255)) - client-71F61C017E1E->6c928baf-cc3b-4a10-9362-ff4e15dca71d: receive RaftClientReply:client-71F61C017E1E->6c928baf-cc3b-4a10-9362-ff4e15dca71d@group-586430B97ADD, cid=604, SUCCESS, logIndex=886, commits[6c928baf-cc3b-4a10-9362-ff4e15dca71d:c888]
2019-08-10 04:38:01,198 INFO  client.GrpcClientProtocolClient (GrpcClientProtocolClient.java:onNext(255)) - client-71F61C017E1E->6c928baf-cc3b-4a10-9362-ff4e15dca71d: receive RaftClientReply:client-71F61C017E1E->6c928baf-cc3b-4a10-9362-ff4e15dca71d@group-586430B97ADD, cid=605, SUCCESS, logIndex=889, commits[6c928baf-cc3b-4a10-9362-ff4e15dca71d:c890]
2019-08-10 04:38:01,199 INFO  client.GrpcClientProtocolClient (GrpcClientProtocolClient.java:onNext(255)) - client-71F61C017E1E->6c928baf-cc3b-4a10-9362-ff4e15dca71d: receive RaftClientReply:client-71F61C017E1E->6c928baf-cc3b-4a10-9362-ff4e15dca71d@group-586430B97ADD, cid=606, SUCCESS, logIndex=890, commits[6c928baf-cc3b-4a10-9362-ff4e15dca71d:c890]
2019-08-10 04:38:01,200 INFO  client.GrpcClientProtocolClient (GrpcClientProtocolClient.java:onNext(255)) - client-71F61C017E1E->6c928baf-cc3b-4a10-9362-ff4e15dca71d: receive RaftClientReply:client-71F61C017E1E->6c928baf-cc3b-4a10-9362-ff4e15dca71d@group-586430B97ADD, cid=607, SUCCESS, logIndex=891, commits[6c928baf-cc3b-4a10-9362-ff4e15dca71d:c892]
2019-08-10 04:38:01,201 INFO  client.GrpcClientProtocolClient (GrpcClientProtocolClient.java:onNext(255)) - client-71F61C017E1E->6c928baf-cc3b-4a10-9362-ff4e15dca71d: receive RaftClientReply:client-71F61C017E1E->6c928baf-cc3b-4a10-9362-ff4e15dca71d@group-586430B97ADD, cid=608, SUCCESS, logIndex=892, commits[6c928baf-cc3b-4a10-9362-ff4e15dca71d:c893]
2019-08-10 04:38:01,230 INFO  client.GrpcClientProtocolClient (GrpcClientProtocolClient.java:onNext(255)) - client-71F61C017E1E->6c928baf-cc3b-4a10-9362-ff4e15dca71d: receive RaftClientReply:client-71F61C017E1E->6c928baf-cc3b-4a10-9362-ff4e15dca71d@group-586430B97ADD, cid=609, SUCCESS, logIndex=895, commits[6c928baf-cc3b-4a10-9362-ff4e15dca71d:c898]
2019-08-10 04:38:01,231 INFO  client.GrpcClientProtocolClient (GrpcClientProtocolClient.java:onNext(255)) - client-71F61C017E1E->6c928baf-cc3b-4a10-9362-ff4e15dca71d: receive RaftClientReply:client-71F61C017E1E->6c928baf-cc3b-4a10-9362-ff4e15dca71d@group-586430B97ADD, cid=610, SUCCESS, logIndex=896, commits[6c928baf-cc3b-4a10-9362-ff4e15dca71d:c898]
2019-08-10 04:38:01,231 INFO  client.GrpcClientProtocolClient (GrpcClientProtocolClient.java:onNext(255)) - client-71F61C017E1E->6c928baf-cc3b-4a10-9362-ff4e15dca71d: receive RaftClientReply:client-71F61C017E1E->6c928baf-cc3b-4a10-9362-ff4e15dca71d@group-586430B97ADD, cid=611, SUCCESS, logIndex=897, commits[6c928baf-cc3b-4a10-9362-ff4e15dca71d:c899]
2019-08-10 04:38:01,232 INFO  client.GrpcClientProtocolClient (GrpcClientProtocolClient.java:onNext(255)) - client-71F61C017E1E->6c928baf-cc3b-4a10-9362-ff4e15dca71d: receive RaftClientReply:client-71F61C017E1E->6c928baf-cc3b-4a10-9362-ff4e15dca71d@group-586430B97ADD, cid=612, SUCCESS, logIndex=898, commits[6c928baf-cc3b-4a10-9362-ff4e15dca71d:c899]
2019-08-10 04:38:01,250 INFO  client.GrpcClientProtocolClient (GrpcClientProtocolClient.java:onNext(255)) - client-71F61C017E1E->6c928baf-cc3b-4a10-9362-ff4e15dca71d: receive RaftClientReply:client-71F61C017E1E->6c928baf-cc3b-4a10-9362-ff4e15dca71d@group-586430B97ADD, cid=613, SUCCESS, logIndex=901, commits[6c928baf-cc3b-4a10-9362-ff4e15dca71d:c902]
2019-08-10 04:38:01,250 INFO  client.GrpcClientProtocolClient (GrpcClientProtocolClient.java:onNext(255)) - client-71F61C017E1E->6c928baf-cc3b-4a10-9362-ff4e15dca71d: receive RaftClientReply:client-71F61C017E1E->6c928baf-cc3b-4a10-9362-ff4e15dca71d@group-586430B97ADD, cid=614, SUCCESS, logIndex=902, commits[6c928baf-cc3b-4a10-9362-ff4e15dca71d:c904]
2019-08-10 04:38:01,254 INFO  client.GrpcClientProtocolClient (GrpcClientProtocolClient.java:onNext(255)) - client-71F61C017E1E->6c928baf-cc3b-4a10-9362-ff4e15dca71d: receive RaftClientReply:client-71F61C017E1E->6c928baf-cc3b-4a10-9362-ff4e15dca71d@group-586430B97ADD, cid=615, SUCCESS, logIndex=903, commits[6c928baf-cc3b-4a10-9362-ff4e15dca71d:c905]
2019-08-10 04:38:01,254 INFO  client.GrpcClientProtocolClient (GrpcClientProtocolClient.java:onNext(255)) - client-71F61C017E1E->6c928baf-cc3b-4a10-9362-ff4e15dca71d: receive RaftClientReply:client-71F61C017E1E->6c928baf-cc3b-4a10-9362-ff4e15dca71d@group-586430B97ADD, cid=616, SUCCESS, logIndex=904, commits[6c928baf-cc3b-4a10-9362-ff4e15dca71d:c906]
2019-08-10 04:38:01,262 DEBUG block.SCMBlockDeletingService (SCMBlockDeletingService.java:call(138)) - Running DeletedBlockTransactionScanner
2019-08-10 04:38:01,262 DEBUG block.SCMBlockDeletingService (SCMBlockDeletingService.java:call(155)) - Scanned deleted blocks log and got 0 delTX to process.
2019-08-10 04:38:01,282 INFO  client.GrpcClientProtocolClient (GrpcClientProtocolClient.java:onNext(255)) - client-71F61C017E1E->6c928baf-cc3b-4a10-9362-ff4e15dca71d: receive RaftClientReply:client-71F61C017E1E->6c928baf-cc3b-4a10-9362-ff4e15dca71d@group-586430B97ADD, cid=617, SUCCESS, logIndex=907, commits[6c928baf-cc3b-4a10-9362-ff4e15dca71d:c908]
2019-08-10 04:38:01,282 INFO  client.GrpcClientProtocolClient (GrpcClientProtocolClient.java:onNext(255)) - client-71F61C017E1E->6c928baf-cc3b-4a10-9362-ff4e15dca71d: receive RaftClientReply:client-71F61C017E1E->6c928baf-cc3b-4a10-9362-ff4e15dca71d@group-586430B97ADD, cid=618, SUCCESS, logIndex=908, commits[6c928baf-cc3b-4a10-9362-ff4e15dca71d:c908]
2019-08-10 04:38:01,363 DEBUG block.SCMBlockDeletingService (SCMBlockDeletingService.java:call(138)) - Running DeletedBlockTransactionScanner
2019-08-10 04:38:01,363 DEBUG block.SCMBlockDeletingService (SCMBlockDeletingService.java:call(155)) - Scanned deleted blocks log and got 0 delTX to process.
2019-08-10 04:38:01,372 INFO  client.GrpcClientProtocolClient (GrpcClientProtocolClient.java:onNext(255)) - client-71F61C017E1E->6c928baf-cc3b-4a10-9362-ff4e15dca71d: receive RaftClientReply:client-71F61C017E1E->6c928baf-cc3b-4a10-9362-ff4e15dca71d@group-586430B97ADD, cid=619, SUCCESS, logIndex=910, commits[6c928baf-cc3b-4a10-9362-ff4e15dca71d:c911]
2019-08-10 04:38:01,372 INFO  client.GrpcClientProtocolClient (GrpcClientProtocolClient.java:onNext(255)) - client-71F61C017E1E->6c928baf-cc3b-4a10-9362-ff4e15dca71d: receive RaftClientReply:client-71F61C017E1E->6c928baf-cc3b-4a10-9362-ff4e15dca71d@group-586430B97ADD, cid=620, SUCCESS, logIndex=911, commits[6c928baf-cc3b-4a10-9362-ff4e15dca71d:c911]
2019-08-10 04:38:01,383 INFO  client.GrpcClientProtocolClient (GrpcClientProtocolClient.java:onNext(255)) - client-71F61C017E1E->6c928baf-cc3b-4a10-9362-ff4e15dca71d: receive RaftClientReply:client-71F61C017E1E->6c928baf-cc3b-4a10-9362-ff4e15dca71d@group-586430B97ADD, cid=621, SUCCESS, logIndex=913, commits[6c928baf-cc3b-4a10-9362-ff4e15dca71d:c914]
2019-08-10 04:38:01,384 INFO  client.GrpcClientProtocolClient (GrpcClientProtocolClient.java:onNext(255)) - client-71F61C017E1E->6c928baf-cc3b-4a10-9362-ff4e15dca71d: receive RaftClientReply:client-71F61C017E1E->6c928baf-cc3b-4a10-9362-ff4e15dca71d@group-586430B97ADD, cid=622, SUCCESS, logIndex=914, commits[6c928baf-cc3b-4a10-9362-ff4e15dca71d:c914]
2019-08-10 04:38:01,395 INFO  client.GrpcClientProtocolClient (GrpcClientProtocolClient.java:onNext(255)) - client-71F61C017E1E->6c928baf-cc3b-4a10-9362-ff4e15dca71d: receive RaftClientReply:client-71F61C017E1E->6c928baf-cc3b-4a10-9362-ff4e15dca71d@group-586430B97ADD, cid=623, SUCCESS, logIndex=915, commits[6c928baf-cc3b-4a10-9362-ff4e15dca71d:c917]
2019-08-10 04:38:01,396 INFO  client.GrpcClientProtocolClient (GrpcClientProtocolClient.java:onNext(255)) - client-71F61C017E1E->6c928baf-cc3b-4a10-9362-ff4e15dca71d: receive RaftClientReply:client-71F61C017E1E->6c928baf-cc3b-4a10-9362-ff4e15dca71d@group-586430B97ADD, cid=624, SUCCESS, logIndex=917, commits[6c928baf-cc3b-4a10-9362-ff4e15dca71d:c918]
2019-08-10 04:38:01,423 INFO  client.GrpcClientProtocolClient (GrpcClientProtocolClient.java:onNext(255)) - client-71F61C017E1E->6c928baf-cc3b-4a10-9362-ff4e15dca71d: receive RaftClientReply:client-71F61C017E1E->6c928baf-cc3b-4a10-9362-ff4e15dca71d@group-586430B97ADD, cid=625, SUCCESS, logIndex=919, commits[6c928baf-cc3b-4a10-9362-ff4e15dca71d:c920]
2019-08-10 04:38:01,423 INFO  client.GrpcClientProtocolClient (GrpcClientProtocolClient.java:onNext(255)) - client-71F61C017E1E->6c928baf-cc3b-4a10-9362-ff4e15dca71d: receive RaftClientReply:client-71F61C017E1E->6c928baf-cc3b-4a10-9362-ff4e15dca71d@group-586430B97ADD, cid=626, SUCCESS, logIndex=920, commits[6c928baf-cc3b-4a10-9362-ff4e15dca71d:c920]
2019-08-10 04:38:01,425 INFO  client.GrpcClientProtocolClient (GrpcClientProtocolClient.java:onNext(255)) - client-71F61C017E1E->6c928baf-cc3b-4a10-9362-ff4e15dca71d: receive RaftClientReply:client-71F61C017E1E->6c928baf-cc3b-4a10-9362-ff4e15dca71d@group-586430B97ADD, cid=627, SUCCESS, logIndex=921, commits[6c928baf-cc3b-4a10-9362-ff4e15dca71d:c922]
2019-08-10 04:38:01,425 INFO  client.GrpcClientProtocolClient (GrpcClientProtocolClient.java:onNext(255)) - client-71F61C017E1E->6c928baf-cc3b-4a10-9362-ff4e15dca71d: receive RaftClientReply:client-71F61C017E1E->6c928baf-cc3b-4a10-9362-ff4e15dca71d@group-586430B97ADD, cid=628, SUCCESS, logIndex=922, commits[6c928baf-cc3b-4a10-9362-ff4e15dca71d:c922]
2019-08-10 04:38:01,448 INFO  client.GrpcClientProtocolClient (GrpcClientProtocolClient.java:onNext(255)) - client-71F61C017E1E->6c928baf-cc3b-4a10-9362-ff4e15dca71d: receive RaftClientReply:client-71F61C017E1E->6c928baf-cc3b-4a10-9362-ff4e15dca71d@group-586430B97ADD, cid=629, SUCCESS, logIndex=925, commits[6c928baf-cc3b-4a10-9362-ff4e15dca71d:c928]
2019-08-10 04:38:01,448 INFO  client.GrpcClientProtocolClient (GrpcClientProtocolClient.java:onNext(255)) - client-71F61C017E1E->6c928baf-cc3b-4a10-9362-ff4e15dca71d: receive RaftClientReply:client-71F61C017E1E->6c928baf-cc3b-4a10-9362-ff4e15dca71d@group-586430B97ADD, cid=630, SUCCESS, logIndex=926, commits[6c928baf-cc3b-4a10-9362-ff4e15dca71d:c929]
2019-08-10 04:38:01,449 INFO  client.GrpcClientProtocolClient (GrpcClientProtocolClient.java:onNext(255)) - client-71F61C017E1E->6c928baf-cc3b-4a10-9362-ff4e15dca71d: receive RaftClientReply:client-71F61C017E1E->6c928baf-cc3b-4a10-9362-ff4e15dca71d@group-586430B97ADD, cid=631, SUCCESS, logIndex=927, commits[6c928baf-cc3b-4a10-9362-ff4e15dca71d:c929]
2019-08-10 04:38:01,449 INFO  client.GrpcClientProtocolClient (GrpcClientProtocolClient.java:onNext(255)) - client-71F61C017E1E->6c928baf-cc3b-4a10-9362-ff4e15dca71d: receive RaftClientReply:client-71F61C017E1E->6c928baf-cc3b-4a10-9362-ff4e15dca71d@group-586430B97ADD, cid=632, SUCCESS, logIndex=928, commits[6c928baf-cc3b-4a10-9362-ff4e15dca71d:c929]
2019-08-10 04:38:01,463 DEBUG block.SCMBlockDeletingService (SCMBlockDeletingService.java:call(138)) - Running DeletedBlockTransactionScanner
2019-08-10 04:38:01,464 DEBUG block.SCMBlockDeletingService (SCMBlockDeletingService.java:call(155)) - Scanned deleted blocks log and got 0 delTX to process.
2019-08-10 04:38:01,478 INFO  client.GrpcClientProtocolClient (GrpcClientProtocolClient.java:onNext(255)) - client-71F61C017E1E->6c928baf-cc3b-4a10-9362-ff4e15dca71d: receive RaftClientReply:client-71F61C017E1E->6c928baf-cc3b-4a10-9362-ff4e15dca71d@group-586430B97ADD, cid=633, SUCCESS, logIndex=930, commits[6c928baf-cc3b-4a10-9362-ff4e15dca71d:c931]
2019-08-10 04:38:01,478 INFO  client.GrpcClientProtocolClient (GrpcClientProtocolClient.java:onNext(255)) - client-71F61C017E1E->6c928baf-cc3b-4a10-9362-ff4e15dca71d: receive RaftClientReply:client-71F61C017E1E->6c928baf-cc3b-4a10-9362-ff4e15dca71d@group-586430B97ADD, cid=634, SUCCESS, logIndex=931, commits[6c928baf-cc3b-4a10-9362-ff4e15dca71d:c931]
2019-08-10 04:38:01,479 INFO  client.GrpcClientProtocolClient (GrpcClientProtocolClient.java:onNext(255)) - client-71F61C017E1E->6c928baf-cc3b-4a10-9362-ff4e15dca71d: receive RaftClientReply:client-71F61C017E1E->6c928baf-cc3b-4a10-9362-ff4e15dca71d@group-586430B97ADD, cid=635, SUCCESS, logIndex=932, commits[6c928baf-cc3b-4a10-9362-ff4e15dca71d:c933]
2019-08-10 04:38:01,479 INFO  client.GrpcClientProtocolClient (GrpcClientProtocolClient.java:onNext(255)) - client-71F61C017E1E->6c928baf-cc3b-4a10-9362-ff4e15dca71d: receive RaftClientReply:client-71F61C017E1E->6c928baf-cc3b-4a10-9362-ff4e15dca71d@group-586430B97ADD, cid=636, SUCCESS, logIndex=933, commits[6c928baf-cc3b-4a10-9362-ff4e15dca71d:c934]
2019-08-10 04:38:01,499 INFO  client.GrpcClientProtocolClient (GrpcClientProtocolClient.java:onNext(255)) - client-71F61C017E1E->6c928baf-cc3b-4a10-9362-ff4e15dca71d: receive RaftClientReply:client-71F61C017E1E->6c928baf-cc3b-4a10-9362-ff4e15dca71d@group-586430B97ADD, cid=637, SUCCESS, logIndex=936, commits[6c928baf-cc3b-4a10-9362-ff4e15dca71d:c939]
2019-08-10 04:38:01,500 INFO  client.GrpcClientProtocolClient (GrpcClientProtocolClient.java:onNext(255)) - client-71F61C017E1E->6c928baf-cc3b-4a10-9362-ff4e15dca71d: receive RaftClientReply:client-71F61C017E1E->6c928baf-cc3b-4a10-9362-ff4e15dca71d@group-586430B97ADD, cid=638, SUCCESS, logIndex=937, commits[6c928baf-cc3b-4a10-9362-ff4e15dca71d:c940]
2019-08-10 04:38:01,500 INFO  client.GrpcClientProtocolClient (GrpcClientProtocolClient.java:onNext(255)) - client-71F61C017E1E->6c928baf-cc3b-4a10-9362-ff4e15dca71d: receive RaftClientReply:client-71F61C017E1E->6c928baf-cc3b-4a10-9362-ff4e15dca71d@group-586430B97ADD, cid=639, SUCCESS, logIndex=938, commits[6c928baf-cc3b-4a10-9362-ff4e15dca71d:c940]
2019-08-10 04:38:01,500 INFO  client.GrpcClientProtocolClient (GrpcClientProtocolClient.java:onNext(255)) - client-71F61C017E1E->6c928baf-cc3b-4a10-9362-ff4e15dca71d: receive RaftClientReply:client-71F61C017E1E->6c928baf-cc3b-4a10-9362-ff4e15dca71d@group-586430B97ADD, cid=640, SUCCESS, logIndex=939, commits[6c928baf-cc3b-4a10-9362-ff4e15dca71d:c941]
2019-08-10 04:38:01,521 INFO  client.GrpcClientProtocolClient (GrpcClientProtocolClient.java:onNext(255)) - client-71F61C017E1E->6c928baf-cc3b-4a10-9362-ff4e15dca71d: receive RaftClientReply:client-71F61C017E1E->6c928baf-cc3b-4a10-9362-ff4e15dca71d@group-586430B97ADD, cid=641, SUCCESS, logIndex=942, commits[6c928baf-cc3b-4a10-9362-ff4e15dca71d:c943]
2019-08-10 04:38:01,521 INFO  client.GrpcClientProtocolClient (GrpcClientProtocolClient.java:onNext(255)) - client-71F61C017E1E->6c928baf-cc3b-4a10-9362-ff4e15dca71d: receive RaftClientReply:client-71F61C017E1E->6c928baf-cc3b-4a10-9362-ff4e15dca71d@group-586430B97ADD, cid=642, SUCCESS, logIndex=943, commits[6c928baf-cc3b-4a10-9362-ff4e15dca71d:c943]
2019-08-10 04:38:01,523 INFO  client.GrpcClientProtocolClient (GrpcClientProtocolClient.java:onNext(255)) - client-71F61C017E1E->6c928baf-cc3b-4a10-9362-ff4e15dca71d: receive RaftClientReply:client-71F61C017E1E->6c928baf-cc3b-4a10-9362-ff4e15dca71d@group-586430B97ADD, cid=643, SUCCESS, logIndex=944, commits[6c928baf-cc3b-4a10-9362-ff4e15dca71d:c946]
2019-08-10 04:38:01,523 INFO  client.GrpcClientProtocolClient (GrpcClientProtocolClient.java:onNext(255)) - client-71F61C017E1E->6c928baf-cc3b-4a10-9362-ff4e15dca71d: receive RaftClientReply:client-71F61C017E1E->6c928baf-cc3b-4a10-9362-ff4e15dca71d@group-586430B97ADD, cid=644, SUCCESS, logIndex=946, commits[6c928baf-cc3b-4a10-9362-ff4e15dca71d:c947]
2019-08-10 04:38:01,543 INFO  client.GrpcClientProtocolClient (GrpcClientProtocolClient.java:onNext(255)) - client-71F61C017E1E->6c928baf-cc3b-4a10-9362-ff4e15dca71d: receive RaftClientReply:client-71F61C017E1E->6c928baf-cc3b-4a10-9362-ff4e15dca71d@group-586430B97ADD, cid=645, SUCCESS, logIndex=948, commits[6c928baf-cc3b-4a10-9362-ff4e15dca71d:c949]
2019-08-10 04:38:01,543 INFO  client.GrpcClientProtocolClient (GrpcClientProtocolClient.java:onNext(255)) - client-71F61C017E1E->6c928baf-cc3b-4a10-9362-ff4e15dca71d: receive RaftClientReply:client-71F61C017E1E->6c928baf-cc3b-4a10-9362-ff4e15dca71d@group-586430B97ADD, cid=646, SUCCESS, logIndex=949, commits[6c928baf-cc3b-4a10-9362-ff4e15dca71d:c951]
2019-08-10 04:38:01,544 INFO  client.GrpcClientProtocolClient (GrpcClientProtocolClient.java:onNext(255)) - client-71F61C017E1E->6c928baf-cc3b-4a10-9362-ff4e15dca71d: receive RaftClientReply:client-71F61C017E1E->6c928baf-cc3b-4a10-9362-ff4e15dca71d@group-586430B97ADD, cid=647, SUCCESS, logIndex=950, commits[6c928baf-cc3b-4a10-9362-ff4e15dca71d:c952]
2019-08-10 04:38:01,544 INFO  client.GrpcClientProtocolClient (GrpcClientProtocolClient.java:onNext(255)) - client-71F61C017E1E->6c928baf-cc3b-4a10-9362-ff4e15dca71d: receive RaftClientReply:client-71F61C017E1E->6c928baf-cc3b-4a10-9362-ff4e15dca71d@group-586430B97ADD, cid=648, SUCCESS, logIndex=951, commits[6c928baf-cc3b-4a10-9362-ff4e15dca71d:c953]
2019-08-10 04:38:01,636 DEBUG block.SCMBlockDeletingService (SCMBlockDeletingService.java:call(138)) - Running DeletedBlockTransactionScanner
2019-08-10 04:38:01,637 DEBUG block.SCMBlockDeletingService (SCMBlockDeletingService.java:call(155)) - Scanned deleted blocks log and got 0 delTX to process.
2019-08-10 04:38:01,650 INFO  client.GrpcClientProtocolClient (GrpcClientProtocolClient.java:onNext(255)) - client-71F61C017E1E->6c928baf-cc3b-4a10-9362-ff4e15dca71d: receive RaftClientReply:client-71F61C017E1E->6c928baf-cc3b-4a10-9362-ff4e15dca71d@group-586430B97ADD, cid=649, SUCCESS, logIndex=954, commits[6c928baf-cc3b-4a10-9362-ff4e15dca71d:c955]
2019-08-10 04:38:01,651 INFO  client.GrpcClientProtocolClient (GrpcClientProtocolClient.java:onNext(255)) - client-71F61C017E1E->6c928baf-cc3b-4a10-9362-ff4e15dca71d: receive RaftClientReply:client-71F61C017E1E->6c928baf-cc3b-4a10-9362-ff4e15dca71d@group-586430B97ADD, cid=650, SUCCESS, logIndex=955, commits[6c928baf-cc3b-4a10-9362-ff4e15dca71d:c958]
2019-08-10 04:38:01,651 INFO  client.GrpcClientProtocolClient (GrpcClientProtocolClient.java:onNext(255)) - client-71F61C017E1E->6c928baf-cc3b-4a10-9362-ff4e15dca71d: receive RaftClientReply:client-71F61C017E1E->6c928baf-cc3b-4a10-9362-ff4e15dca71d@group-586430B97ADD, cid=651, SUCCESS, logIndex=956, commits[6c928baf-cc3b-4a10-9362-ff4e15dca71d:c958]
2019-08-10 04:38:01,651 INFO  client.GrpcClientProtocolClient (GrpcClientProtocolClient.java:onNext(255)) - client-71F61C017E1E->6c928baf-cc3b-4a10-9362-ff4e15dca71d: receive RaftClientReply:client-71F61C017E1E->6c928baf-cc3b-4a10-9362-ff4e15dca71d@group-586430B97ADD, cid=652, SUCCESS, logIndex=957, commits[6c928baf-cc3b-4a10-9362-ff4e15dca71d:c959]
2019-08-10 04:38:01,673 INFO  client.GrpcClientProtocolClient (GrpcClientProtocolClient.java:onNext(255)) - client-71F61C017E1E->6c928baf-cc3b-4a10-9362-ff4e15dca71d: receive RaftClientReply:client-71F61C017E1E->6c928baf-cc3b-4a10-9362-ff4e15dca71d@group-586430B97ADD, cid=653, SUCCESS, logIndex=960, commits[6c928baf-cc3b-4a10-9362-ff4e15dca71d:c961]
2019-08-10 04:38:01,674 INFO  client.GrpcClientProtocolClient (GrpcClientProtocolClient.java:onNext(255)) - client-71F61C017E1E->6c928baf-cc3b-4a10-9362-ff4e15dca71d: receive RaftClientReply:client-71F61C017E1E->6c928baf-cc3b-4a10-9362-ff4e15dca71d@group-586430B97ADD, cid=654, SUCCESS, logIndex=961, commits[6c928baf-cc3b-4a10-9362-ff4e15dca71d:c964]
2019-08-10 04:38:01,674 INFO  client.GrpcClientProtocolClient (GrpcClientProtocolClient.java:onNext(255)) - client-71F61C017E1E->6c928baf-cc3b-4a10-9362-ff4e15dca71d: receive RaftClientReply:client-71F61C017E1E->6c928baf-cc3b-4a10-9362-ff4e15dca71d@group-586430B97ADD, cid=655, SUCCESS, logIndex=962, commits[6c928baf-cc3b-4a10-9362-ff4e15dca71d:c964]
2019-08-10 04:38:01,675 INFO  client.GrpcClientProtocolClient (GrpcClientProtocolClient.java:onNext(255)) - client-71F61C017E1E->6c928baf-cc3b-4a10-9362-ff4e15dca71d: receive RaftClientReply:client-71F61C017E1E->6c928baf-cc3b-4a10-9362-ff4e15dca71d@group-586430B97ADD, cid=656, SUCCESS, logIndex=963, commits[6c928baf-cc3b-4a10-9362-ff4e15dca71d:c965]
2019-08-10 04:38:01,704 INFO  client.GrpcClientProtocolClient (GrpcClientProtocolClient.java:onNext(255)) - client-71F61C017E1E->6c928baf-cc3b-4a10-9362-ff4e15dca71d: receive RaftClientReply:client-71F61C017E1E->6c928baf-cc3b-4a10-9362-ff4e15dca71d@group-586430B97ADD, cid=657, SUCCESS, logIndex=966, commits[6c928baf-cc3b-4a10-9362-ff4e15dca71d:c967]
2019-08-10 04:38:01,705 INFO  client.GrpcClientProtocolClient (GrpcClientProtocolClient.java:onNext(255)) - client-71F61C017E1E->6c928baf-cc3b-4a10-9362-ff4e15dca71d: receive RaftClientReply:client-71F61C017E1E->6c928baf-cc3b-4a10-9362-ff4e15dca71d@group-586430B97ADD, cid=658, SUCCESS, logIndex=967, commits[6c928baf-cc3b-4a10-9362-ff4e15dca71d:c967]
2019-08-10 04:38:01,706 INFO  client.GrpcClientProtocolClient (GrpcClientProtocolClient.java:onNext(255)) - client-71F61C017E1E->6c928baf-cc3b-4a10-9362-ff4e15dca71d: receive RaftClientReply:client-71F61C017E1E->6c928baf-cc3b-4a10-9362-ff4e15dca71d@group-586430B97ADD, cid=659, SUCCESS, logIndex=968, commits[6c928baf-cc3b-4a10-9362-ff4e15dca71d:c969]
2019-08-10 04:38:01,707 INFO  client.GrpcClientProtocolClient (GrpcClientProtocolClient.java:onNext(255)) - client-71F61C017E1E->6c928baf-cc3b-4a10-9362-ff4e15dca71d: receive RaftClientReply:client-71F61C017E1E->6c928baf-cc3b-4a10-9362-ff4e15dca71d@group-586430B97ADD, cid=660, SUCCESS, logIndex=969, commits[6c928baf-cc3b-4a10-9362-ff4e15dca71d:c969]
2019-08-10 04:38:01,729 INFO  client.GrpcClientProtocolClient (GrpcClientProtocolClient.java:onNext(255)) - client-71F61C017E1E->6c928baf-cc3b-4a10-9362-ff4e15dca71d: receive RaftClientReply:client-71F61C017E1E->6c928baf-cc3b-4a10-9362-ff4e15dca71d@group-586430B97ADD, cid=661, SUCCESS, logIndex=972, commits[6c928baf-cc3b-4a10-9362-ff4e15dca71d:c973]
2019-08-10 04:38:01,730 INFO  client.GrpcClientProtocolClient (GrpcClientProtocolClient.java:onNext(255)) - client-71F61C017E1E->6c928baf-cc3b-4a10-9362-ff4e15dca71d: receive RaftClientReply:client-71F61C017E1E->6c928baf-cc3b-4a10-9362-ff4e15dca71d@group-586430B97ADD, cid=662, SUCCESS, logIndex=973, commits[6c928baf-cc3b-4a10-9362-ff4e15dca71d:c973]
2019-08-10 04:38:01,737 DEBUG block.SCMBlockDeletingService (SCMBlockDeletingService.java:call(138)) - Running DeletedBlockTransactionScanner
2019-08-10 04:38:01,738 DEBUG block.SCMBlockDeletingService (SCMBlockDeletingService.java:call(155)) - Scanned deleted blocks log and got 0 delTX to process.
2019-08-10 04:38:01,838 DEBUG block.SCMBlockDeletingService (SCMBlockDeletingService.java:call(138)) - Running DeletedBlockTransactionScanner
2019-08-10 04:38:01,838 DEBUG block.SCMBlockDeletingService (SCMBlockDeletingService.java:call(155)) - Scanned deleted blocks log and got 0 delTX to process.
2019-08-10 04:38:01,840 INFO  client.GrpcClientProtocolClient (GrpcClientProtocolClient.java:onNext(255)) - client-71F61C017E1E->6c928baf-cc3b-4a10-9362-ff4e15dca71d: receive RaftClientReply:client-71F61C017E1E->6c928baf-cc3b-4a10-9362-ff4e15dca71d@group-586430B97ADD, cid=663, SUCCESS, logIndex=975, commits[6c928baf-cc3b-4a10-9362-ff4e15dca71d:c976]
2019-08-10 04:38:01,840 INFO  client.GrpcClientProtocolClient (GrpcClientProtocolClient.java:onNext(255)) - client-71F61C017E1E->6c928baf-cc3b-4a10-9362-ff4e15dca71d: receive RaftClientReply:client-71F61C017E1E->6c928baf-cc3b-4a10-9362-ff4e15dca71d@group-586430B97ADD, cid=664, SUCCESS, logIndex=976, commits[6c928baf-cc3b-4a10-9362-ff4e15dca71d:c976]
2019-08-10 04:38:01,868 INFO  client.GrpcClientProtocolClient (GrpcClientProtocolClient.java:onNext(255)) - client-71F61C017E1E->6c928baf-cc3b-4a10-9362-ff4e15dca71d: receive RaftClientReply:client-71F61C017E1E->6c928baf-cc3b-4a10-9362-ff4e15dca71d@group-586430B97ADD, cid=665, SUCCESS, logIndex=978, commits[6c928baf-cc3b-4a10-9362-ff4e15dca71d:c981]
2019-08-10 04:38:01,869 INFO  client.GrpcClientProtocolClient (GrpcClientProtocolClient.java:onNext(255)) - client-71F61C017E1E->6c928baf-cc3b-4a10-9362-ff4e15dca71d: receive RaftClientReply:client-71F61C017E1E->6c928baf-cc3b-4a10-9362-ff4e15dca71d@group-586430B97ADD, cid=666, SUCCESS, logIndex=979, commits[6c928baf-cc3b-4a10-9362-ff4e15dca71d:c982]
2019-08-10 04:38:01,869 INFO  client.GrpcClientProtocolClient (GrpcClientProtocolClient.java:onNext(255)) - client-71F61C017E1E->6c928baf-cc3b-4a10-9362-ff4e15dca71d: receive RaftClientReply:client-71F61C017E1E->6c928baf-cc3b-4a10-9362-ff4e15dca71d@group-586430B97ADD, cid=667, SUCCESS, logIndex=980, commits[6c928baf-cc3b-4a10-9362-ff4e15dca71d:c983]
2019-08-10 04:38:01,869 INFO  client.GrpcClientProtocolClient (GrpcClientProtocolClient.java:onNext(255)) - client-71F61C017E1E->6c928baf-cc3b-4a10-9362-ff4e15dca71d: receive RaftClientReply:client-71F61C017E1E->6c928baf-cc3b-4a10-9362-ff4e15dca71d@group-586430B97ADD, cid=668, SUCCESS, logIndex=981, commits[6c928baf-cc3b-4a10-9362-ff4e15dca71d:c983]
2019-08-10 04:38:01,890 INFO  client.GrpcClientProtocolClient (GrpcClientProtocolClient.java:onNext(255)) - client-71F61C017E1E->6c928baf-cc3b-4a10-9362-ff4e15dca71d: receive RaftClientReply:client-71F61C017E1E->6c928baf-cc3b-4a10-9362-ff4e15dca71d@group-586430B97ADD, cid=669, SUCCESS, logIndex=984, commits[6c928baf-cc3b-4a10-9362-ff4e15dca71d:c985]
2019-08-10 04:38:01,891 INFO  client.GrpcClientProtocolClient (GrpcClientProtocolClient.java:onNext(255)) - client-71F61C017E1E->6c928baf-cc3b-4a10-9362-ff4e15dca71d: receive RaftClientReply:client-71F61C017E1E->6c928baf-cc3b-4a10-9362-ff4e15dca71d@group-586430B97ADD, cid=670, SUCCESS, logIndex=985, commits[6c928baf-cc3b-4a10-9362-ff4e15dca71d:c985]
2019-08-10 04:38:01,892 INFO  client.GrpcClientProtocolClient (GrpcClientProtocolClient.java:onNext(255)) - client-71F61C017E1E->6c928baf-cc3b-4a10-9362-ff4e15dca71d: receive RaftClientReply:client-71F61C017E1E->6c928baf-cc3b-4a10-9362-ff4e15dca71d@group-586430B97ADD, cid=671, SUCCESS, logIndex=986, commits[6c928baf-cc3b-4a10-9362-ff4e15dca71d:c988]
2019-08-10 04:38:01,892 INFO  client.GrpcClientProtocolClient (GrpcClientProtocolClient.java:onNext(255)) - client-71F61C017E1E->6c928baf-cc3b-4a10-9362-ff4e15dca71d: receive RaftClientReply:client-71F61C017E1E->6c928baf-cc3b-4a10-9362-ff4e15dca71d@group-586430B97ADD, cid=672, SUCCESS, logIndex=987, commits[6c928baf-cc3b-4a10-9362-ff4e15dca71d:c988]
2019-08-10 04:38:01,933 INFO  client.GrpcClientProtocolClient (GrpcClientProtocolClient.java:onNext(255)) - client-71F61C017E1E->6c928baf-cc3b-4a10-9362-ff4e15dca71d: receive RaftClientReply:client-71F61C017E1E->6c928baf-cc3b-4a10-9362-ff4e15dca71d@group-586430B97ADD, cid=673, SUCCESS, logIndex=990, commits[6c928baf-cc3b-4a10-9362-ff4e15dca71d:c991]
2019-08-10 04:38:01,934 INFO  client.GrpcClientProtocolClient (GrpcClientProtocolClient.java:onNext(255)) - client-71F61C017E1E->6c928baf-cc3b-4a10-9362-ff4e15dca71d: receive RaftClientReply:client-71F61C017E1E->6c928baf-cc3b-4a10-9362-ff4e15dca71d@group-586430B97ADD, cid=674, SUCCESS, logIndex=991, commits[6c928baf-cc3b-4a10-9362-ff4e15dca71d:c993]
2019-08-10 04:38:01,934 INFO  client.GrpcClientProtocolClient (GrpcClientProtocolClient.java:onNext(255)) - client-71F61C017E1E->6c928baf-cc3b-4a10-9362-ff4e15dca71d: receive RaftClientReply:client-71F61C017E1E->6c928baf-cc3b-4a10-9362-ff4e15dca71d@group-586430B97ADD, cid=675, SUCCESS, logIndex=992, commits[6c928baf-cc3b-4a10-9362-ff4e15dca71d:c994]
2019-08-10 04:38:01,935 INFO  client.GrpcClientProtocolClient (GrpcClientProtocolClient.java:onNext(255)) - client-71F61C017E1E->6c928baf-cc3b-4a10-9362-ff4e15dca71d: receive RaftClientReply:client-71F61C017E1E->6c928baf-cc3b-4a10-9362-ff4e15dca71d@group-586430B97ADD, cid=676, SUCCESS, logIndex=993, commits[6c928baf-cc3b-4a10-9362-ff4e15dca71d:c995]
2019-08-10 04:38:01,939 DEBUG block.SCMBlockDeletingService (SCMBlockDeletingService.java:call(138)) - Running DeletedBlockTransactionScanner
2019-08-10 04:38:01,939 DEBUG block.SCMBlockDeletingService (SCMBlockDeletingService.java:call(155)) - Scanned deleted blocks log and got 0 delTX to process.
2019-08-10 04:38:01,960 INFO  client.GrpcClientProtocolClient (GrpcClientProtocolClient.java:onNext(255)) - client-71F61C017E1E->6c928baf-cc3b-4a10-9362-ff4e15dca71d: receive RaftClientReply:client-71F61C017E1E->6c928baf-cc3b-4a10-9362-ff4e15dca71d@group-586430B97ADD, cid=677, SUCCESS, logIndex=996, commits[6c928baf-cc3b-4a10-9362-ff4e15dca71d:c997]
2019-08-10 04:38:01,961 INFO  client.GrpcClientProtocolClient (GrpcClientProtocolClient.java:onNext(255)) - client-71F61C017E1E->6c928baf-cc3b-4a10-9362-ff4e15dca71d: receive RaftClientReply:client-71F61C017E1E->6c928baf-cc3b-4a10-9362-ff4e15dca71d@group-586430B97ADD, cid=678, SUCCESS, logIndex=997, commits[6c928baf-cc3b-4a10-9362-ff4e15dca71d:c997]
2019-08-10 04:38:01,967 INFO  client.GrpcClientProtocolClient (GrpcClientProtocolClient.java:onNext(255)) - client-71F61C017E1E->6c928baf-cc3b-4a10-9362-ff4e15dca71d: receive RaftClientReply:client-71F61C017E1E->6c928baf-cc3b-4a10-9362-ff4e15dca71d@group-586430B97ADD, cid=679, SUCCESS, logIndex=998, commits[6c928baf-cc3b-4a10-9362-ff4e15dca71d:c999]
2019-08-10 04:38:01,968 INFO  client.GrpcClientProtocolClient (GrpcClientProtocolClient.java:onNext(255)) - client-71F61C017E1E->6c928baf-cc3b-4a10-9362-ff4e15dca71d: receive RaftClientReply:client-71F61C017E1E->6c928baf-cc3b-4a10-9362-ff4e15dca71d@group-586430B97ADD, cid=680, SUCCESS, logIndex=999, commits[6c928baf-cc3b-4a10-9362-ff4e15dca71d:c999]
2019-08-10 04:38:02,006 INFO  client.GrpcClientProtocolClient (GrpcClientProtocolClient.java:onNext(255)) - client-71F61C017E1E->6c928baf-cc3b-4a10-9362-ff4e15dca71d: receive RaftClientReply:client-71F61C017E1E->6c928baf-cc3b-4a10-9362-ff4e15dca71d@group-586430B97ADD, cid=681, SUCCESS, logIndex=1002, commits[6c928baf-cc3b-4a10-9362-ff4e15dca71d:c1005]
2019-08-10 04:38:02,007 INFO  client.GrpcClientProtocolClient (GrpcClientProtocolClient.java:onNext(255)) - client-71F61C017E1E->6c928baf-cc3b-4a10-9362-ff4e15dca71d: receive RaftClientReply:client-71F61C017E1E->6c928baf-cc3b-4a10-9362-ff4e15dca71d@group-586430B97ADD, cid=682, SUCCESS, logIndex=1003, commits[6c928baf-cc3b-4a10-9362-ff4e15dca71d:c1006]
2019-08-10 04:38:02,007 INFO  client.GrpcClientProtocolClient (GrpcClientProtocolClient.java:onNext(255)) - client-71F61C017E1E->6c928baf-cc3b-4a10-9362-ff4e15dca71d: receive RaftClientReply:client-71F61C017E1E->6c928baf-cc3b-4a10-9362-ff4e15dca71d@group-586430B97ADD, cid=683, SUCCESS, logIndex=1004, commits[6c928baf-cc3b-4a10-9362-ff4e15dca71d:c1006]
2019-08-10 04:38:02,008 INFO  client.GrpcClientProtocolClient (GrpcClientProtocolClient.java:onNext(255)) - client-71F61C017E1E->6c928baf-cc3b-4a10-9362-ff4e15dca71d: receive RaftClientReply:client-71F61C017E1E->6c928baf-cc3b-4a10-9362-ff4e15dca71d@group-586430B97ADD, cid=684, SUCCESS, logIndex=1005, commits[6c928baf-cc3b-4a10-9362-ff4e15dca71d:c1006]
2019-08-10 04:38:02,030 INFO  client.GrpcClientProtocolClient (GrpcClientProtocolClient.java:onNext(255)) - client-71F61C017E1E->6c928baf-cc3b-4a10-9362-ff4e15dca71d: receive RaftClientReply:client-71F61C017E1E->6c928baf-cc3b-4a10-9362-ff4e15dca71d@group-586430B97ADD, cid=685, SUCCESS, logIndex=1007, commits[6c928baf-cc3b-4a10-9362-ff4e15dca71d:c1008]
2019-08-10 04:38:02,030 INFO  client.GrpcClientProtocolClient (GrpcClientProtocolClient.java:onNext(255)) - client-71F61C017E1E->6c928baf-cc3b-4a10-9362-ff4e15dca71d: receive RaftClientReply:client-71F61C017E1E->6c928baf-cc3b-4a10-9362-ff4e15dca71d@group-586430B97ADD, cid=686, SUCCESS, logIndex=1008, commits[6c928baf-cc3b-4a10-9362-ff4e15dca71d:c1008]
2019-08-10 04:38:02,031 INFO  client.GrpcClientProtocolClient (GrpcClientProtocolClient.java:onNext(255)) - client-71F61C017E1E->6c928baf-cc3b-4a10-9362-ff4e15dca71d: receive RaftClientReply:client-71F61C017E1E->6c928baf-cc3b-4a10-9362-ff4e15dca71d@group-586430B97ADD, cid=687, SUCCESS, logIndex=1009, commits[6c928baf-cc3b-4a10-9362-ff4e15dca71d:c1010]
2019-08-10 04:38:02,032 INFO  client.GrpcClientProtocolClient (GrpcClientProtocolClient.java:onNext(255)) - client-71F61C017E1E->6c928baf-cc3b-4a10-9362-ff4e15dca71d: receive RaftClientReply:client-71F61C017E1E->6c928baf-cc3b-4a10-9362-ff4e15dca71d@group-586430B97ADD, cid=688, SUCCESS, logIndex=1010, commits[6c928baf-cc3b-4a10-9362-ff4e15dca71d:c1010]
2019-08-10 04:38:02,040 DEBUG block.SCMBlockDeletingService (SCMBlockDeletingService.java:call(138)) - Running DeletedBlockTransactionScanner
2019-08-10 04:38:02,040 DEBUG block.SCMBlockDeletingService (SCMBlockDeletingService.java:call(155)) - Scanned deleted blocks log and got 0 delTX to process.
2019-08-10 04:38:02,060 INFO  client.GrpcClientProtocolClient (GrpcClientProtocolClient.java:onNext(255)) - client-71F61C017E1E->6c928baf-cc3b-4a10-9362-ff4e15dca71d: receive RaftClientReply:client-71F61C017E1E->6c928baf-cc3b-4a10-9362-ff4e15dca71d@group-586430B97ADD, cid=689, SUCCESS, logIndex=1013, commits[6c928baf-cc3b-4a10-9362-ff4e15dca71d:c1014]
2019-08-10 04:38:02,061 INFO  client.GrpcClientProtocolClient (GrpcClientProtocolClient.java:onNext(255)) - client-71F61C017E1E->6c928baf-cc3b-4a10-9362-ff4e15dca71d: receive RaftClientReply:client-71F61C017E1E->6c928baf-cc3b-4a10-9362-ff4e15dca71d@group-586430B97ADD, cid=690, SUCCESS, logIndex=1014, commits[6c928baf-cc3b-4a10-9362-ff4e15dca71d:c1014]
2019-08-10 04:38:02,062 INFO  client.GrpcClientProtocolClient (GrpcClientProtocolClient.java:onNext(255)) - client-71F61C017E1E->6c928baf-cc3b-4a10-9362-ff4e15dca71d: receive RaftClientReply:client-71F61C017E1E->6c928baf-cc3b-4a10-9362-ff4e15dca71d@group-586430B97ADD, cid=691, SUCCESS, logIndex=1015, commits[6c928baf-cc3b-4a10-9362-ff4e15dca71d:c1016]
2019-08-10 04:38:02,063 INFO  client.GrpcClientProtocolClient (GrpcClientProtocolClient.java:onNext(255)) - client-71F61C017E1E->6c928baf-cc3b-4a10-9362-ff4e15dca71d: receive RaftClientReply:client-71F61C017E1E->6c928baf-cc3b-4a10-9362-ff4e15dca71d@group-586430B97ADD, cid=692, SUCCESS, logIndex=1016, commits[6c928baf-cc3b-4a10-9362-ff4e15dca71d:c1016]
2019-08-10 04:38:02,085 INFO  client.GrpcClientProtocolClient (GrpcClientProtocolClient.java:onNext(255)) - client-71F61C017E1E->6c928baf-cc3b-4a10-9362-ff4e15dca71d: receive RaftClientReply:client-71F61C017E1E->6c928baf-cc3b-4a10-9362-ff4e15dca71d@group-586430B97ADD, cid=693, SUCCESS, logIndex=1019, commits[6c928baf-cc3b-4a10-9362-ff4e15dca71d:c1020]
2019-08-10 04:38:02,086 INFO  client.GrpcClientProtocolClient (GrpcClientProtocolClient.java:onNext(255)) - client-71F61C017E1E->6c928baf-cc3b-4a10-9362-ff4e15dca71d: receive RaftClientReply:client-71F61C017E1E->6c928baf-cc3b-4a10-9362-ff4e15dca71d@group-586430B97ADD, cid=694, SUCCESS, logIndex=1020, commits[6c928baf-cc3b-4a10-9362-ff4e15dca71d:c1022]
2019-08-10 04:38:02,086 INFO  client.GrpcClientProtocolClient (GrpcClientProtocolClient.java:onNext(255)) - client-71F61C017E1E->6c928baf-cc3b-4a10-9362-ff4e15dca71d: receive RaftClientReply:client-71F61C017E1E->6c928baf-cc3b-4a10-9362-ff4e15dca71d@group-586430B97ADD, cid=695, SUCCESS, logIndex=1021, commits[6c928baf-cc3b-4a10-9362-ff4e15dca71d:c1023]
2019-08-10 04:38:02,087 INFO  client.GrpcClientProtocolClient (GrpcClientProtocolClient.java:onNext(255)) - client-71F61C017E1E->6c928baf-cc3b-4a10-9362-ff4e15dca71d: receive RaftClientReply:client-71F61C017E1E->6c928baf-cc3b-4a10-9362-ff4e15dca71d@group-586430B97ADD, cid=696, SUCCESS, logIndex=1022, commits[6c928baf-cc3b-4a10-9362-ff4e15dca71d:c1023]
2019-08-10 04:38:02,115 INFO  client.GrpcClientProtocolClient (GrpcClientProtocolClient.java:onNext(255)) - client-71F61C017E1E->6c928baf-cc3b-4a10-9362-ff4e15dca71d: receive RaftClientReply:client-71F61C017E1E->6c928baf-cc3b-4a10-9362-ff4e15dca71d@group-586430B97ADD, cid=697, SUCCESS, logIndex=1025, commits[6c928baf-cc3b-4a10-9362-ff4e15dca71d:c1028]
2019-08-10 04:38:02,115 INFO  client.GrpcClientProtocolClient (GrpcClientProtocolClient.java:onNext(255)) - client-71F61C017E1E->6c928baf-cc3b-4a10-9362-ff4e15dca71d: receive RaftClientReply:client-71F61C017E1E->6c928baf-cc3b-4a10-9362-ff4e15dca71d@group-586430B97ADD, cid=698, SUCCESS, logIndex=1026, commits[6c928baf-cc3b-4a10-9362-ff4e15dca71d:c1029]
2019-08-10 04:38:02,116 INFO  client.GrpcClientProtocolClient (GrpcClientProtocolClient.java:onNext(255)) - client-71F61C017E1E->6c928baf-cc3b-4a10-9362-ff4e15dca71d: receive RaftClientReply:client-71F61C017E1E->6c928baf-cc3b-4a10-9362-ff4e15dca71d@group-586430B97ADD, cid=699, SUCCESS, logIndex=1027, commits[6c928baf-cc3b-4a10-9362-ff4e15dca71d:c1029]
2019-08-10 04:38:02,116 INFO  client.GrpcClientProtocolClient (GrpcClientProtocolClient.java:onNext(255)) - client-71F61C017E1E->6c928baf-cc3b-4a10-9362-ff4e15dca71d: receive RaftClientReply:client-71F61C017E1E->6c928baf-cc3b-4a10-9362-ff4e15dca71d@group-586430B97ADD, cid=700, SUCCESS, logIndex=1028, commits[6c928baf-cc3b-4a10-9362-ff4e15dca71d:c1030]
2019-08-10 04:38:02,136 INFO  client.GrpcClientProtocolClient (GrpcClientProtocolClient.java:onNext(255)) - client-71F61C017E1E->6c928baf-cc3b-4a10-9362-ff4e15dca71d: receive RaftClientReply:client-71F61C017E1E->6c928baf-cc3b-4a10-9362-ff4e15dca71d@group-586430B97ADD, cid=701, SUCCESS, logIndex=1031, commits[6c928baf-cc3b-4a10-9362-ff4e15dca71d:c1032]
2019-08-10 04:38:02,136 INFO  client.GrpcClientProtocolClient (GrpcClientProtocolClient.java:onNext(255)) - client-71F61C017E1E->6c928baf-cc3b-4a10-9362-ff4e15dca71d: receive RaftClientReply:client-71F61C017E1E->6c928baf-cc3b-4a10-9362-ff4e15dca71d@group-586430B97ADD, cid=702, SUCCESS, logIndex=1032, commits[6c928baf-cc3b-4a10-9362-ff4e15dca71d:c1032]
2019-08-10 04:38:02,138 INFO  client.GrpcClientProtocolClient (GrpcClientProtocolClient.java:onNext(255)) - client-71F61C017E1E->6c928baf-cc3b-4a10-9362-ff4e15dca71d: receive RaftClientReply:client-71F61C017E1E->6c928baf-cc3b-4a10-9362-ff4e15dca71d@group-586430B97ADD, cid=703, SUCCESS, logIndex=1033, commits[6c928baf-cc3b-4a10-9362-ff4e15dca71d:c1034]
2019-08-10 04:38:02,139 INFO  client.GrpcClientProtocolClient (GrpcClientProtocolClient.java:onNext(255)) - client-71F61C017E1E->6c928baf-cc3b-4a10-9362-ff4e15dca71d: receive RaftClientReply:client-71F61C017E1E->6c928baf-cc3b-4a10-9362-ff4e15dca71d@group-586430B97ADD, cid=704, SUCCESS, logIndex=1034, commits[6c928baf-cc3b-4a10-9362-ff4e15dca71d:c1035]
2019-08-10 04:38:02,141 DEBUG block.SCMBlockDeletingService (SCMBlockDeletingService.java:call(138)) - Running DeletedBlockTransactionScanner
2019-08-10 04:38:02,141 DEBUG block.SCMBlockDeletingService (SCMBlockDeletingService.java:call(155)) - Scanned deleted blocks log and got 0 delTX to process.
2019-08-10 04:38:02,166 INFO  client.GrpcClientProtocolClient (GrpcClientProtocolClient.java:onNext(255)) - client-71F61C017E1E->6c928baf-cc3b-4a10-9362-ff4e15dca71d: receive RaftClientReply:client-71F61C017E1E->6c928baf-cc3b-4a10-9362-ff4e15dca71d@group-586430B97ADD, cid=705, SUCCESS, logIndex=1037, commits[6c928baf-cc3b-4a10-9362-ff4e15dca71d:c1038]
2019-08-10 04:38:02,167 INFO  client.GrpcClientProtocolClient (GrpcClientProtocolClient.java:onNext(255)) - client-71F61C017E1E->6c928baf-cc3b-4a10-9362-ff4e15dca71d: receive RaftClientReply:client-71F61C017E1E->6c928baf-cc3b-4a10-9362-ff4e15dca71d@group-586430B97ADD, cid=706, SUCCESS, logIndex=1038, commits[6c928baf-cc3b-4a10-9362-ff4e15dca71d:c1039]
2019-08-10 04:38:02,241 DEBUG block.SCMBlockDeletingService (SCMBlockDeletingService.java:call(138)) - Running DeletedBlockTransactionScanner
2019-08-10 04:38:02,241 DEBUG block.SCMBlockDeletingService (SCMBlockDeletingService.java:call(155)) - Scanned deleted blocks log and got 0 delTX to process.
2019-08-10 04:38:02,273 INFO  client.GrpcClientProtocolClient (GrpcClientProtocolClient.java:onNext(255)) - client-71F61C017E1E->6c928baf-cc3b-4a10-9362-ff4e15dca71d: receive RaftClientReply:client-71F61C017E1E->6c928baf-cc3b-4a10-9362-ff4e15dca71d@group-586430B97ADD, cid=707, SUCCESS, logIndex=1040, commits[6c928baf-cc3b-4a10-9362-ff4e15dca71d:c1041]
2019-08-10 04:38:02,274 INFO  client.GrpcClientProtocolClient (GrpcClientProtocolClient.java:onNext(255)) - client-71F61C017E1E->6c928baf-cc3b-4a10-9362-ff4e15dca71d: receive RaftClientReply:client-71F61C017E1E->6c928baf-cc3b-4a10-9362-ff4e15dca71d@group-586430B97ADD, cid=708, SUCCESS, logIndex=1041, commits[6c928baf-cc3b-4a10-9362-ff4e15dca71d:c1042]
2019-08-10 04:38:02,295 INFO  client.GrpcClientProtocolClient (GrpcClientProtocolClient.java:onNext(255)) - client-71F61C017E1E->6c928baf-cc3b-4a10-9362-ff4e15dca71d: receive RaftClientReply:client-71F61C017E1E->6c928baf-cc3b-4a10-9362-ff4e15dca71d@group-586430B97ADD, cid=709, SUCCESS, logIndex=1043, commits[6c928baf-cc3b-4a10-9362-ff4e15dca71d:c1044]
2019-08-10 04:38:02,296 INFO  client.GrpcClientProtocolClient (GrpcClientProtocolClient.java:onNext(255)) - client-71F61C017E1E->6c928baf-cc3b-4a10-9362-ff4e15dca71d: receive RaftClientReply:client-71F61C017E1E->6c928baf-cc3b-4a10-9362-ff4e15dca71d@group-586430B97ADD, cid=710, SUCCESS, logIndex=1044, commits[6c928baf-cc3b-4a10-9362-ff4e15dca71d:c1046]
2019-08-10 04:38:02,296 INFO  client.GrpcClientProtocolClient (GrpcClientProtocolClient.java:onNext(255)) - client-71F61C017E1E->6c928baf-cc3b-4a10-9362-ff4e15dca71d: receive RaftClientReply:client-71F61C017E1E->6c928baf-cc3b-4a10-9362-ff4e15dca71d@group-586430B97ADD, cid=711, SUCCESS, logIndex=1045, commits[6c928baf-cc3b-4a10-9362-ff4e15dca71d:c1047]
2019-08-10 04:38:02,297 INFO  client.GrpcClientProtocolClient (GrpcClientProtocolClient.java:onNext(255)) - client-71F61C017E1E->6c928baf-cc3b-4a10-9362-ff4e15dca71d: receive RaftClientReply:client-71F61C017E1E->6c928baf-cc3b-4a10-9362-ff4e15dca71d@group-586430B97ADD, cid=712, SUCCESS, logIndex=1046, commits[6c928baf-cc3b-4a10-9362-ff4e15dca71d:c1048]
2019-08-10 04:38:02,382 DEBUG block.SCMBlockDeletingService (SCMBlockDeletingService.java:call(138)) - Running DeletedBlockTransactionScanner
2019-08-10 04:38:02,382 DEBUG block.SCMBlockDeletingService (SCMBlockDeletingService.java:call(155)) - Scanned deleted blocks log and got 0 delTX to process.
2019-08-10 04:38:02,399 INFO  client.GrpcClientProtocolClient (GrpcClientProtocolClient.java:onNext(255)) - client-71F61C017E1E->6c928baf-cc3b-4a10-9362-ff4e15dca71d: receive RaftClientReply:client-71F61C017E1E->6c928baf-cc3b-4a10-9362-ff4e15dca71d@group-586430B97ADD, cid=713, SUCCESS, logIndex=1049, commits[6c928baf-cc3b-4a10-9362-ff4e15dca71d:c1050]
2019-08-10 04:38:02,400 INFO  client.GrpcClientProtocolClient (GrpcClientProtocolClient.java:onNext(255)) - client-71F61C017E1E->6c928baf-cc3b-4a10-9362-ff4e15dca71d: receive RaftClientReply:client-71F61C017E1E->6c928baf-cc3b-4a10-9362-ff4e15dca71d@group-586430B97ADD, cid=714, SUCCESS, logIndex=1050, commits[6c928baf-cc3b-4a10-9362-ff4e15dca71d:c1050]
2019-08-10 04:38:02,400 INFO  client.GrpcClientProtocolClient (GrpcClientProtocolClient.java:onNext(255)) - client-71F61C017E1E->6c928baf-cc3b-4a10-9362-ff4e15dca71d: receive RaftClientReply:client-71F61C017E1E->6c928baf-cc3b-4a10-9362-ff4e15dca71d@group-586430B97ADD, cid=715, SUCCESS, logIndex=1051, commits[6c928baf-cc3b-4a10-9362-ff4e15dca71d:c1053]
2019-08-10 04:38:02,401 INFO  client.GrpcClientProtocolClient (GrpcClientProtocolClient.java:onNext(255)) - client-71F61C017E1E->6c928baf-cc3b-4a10-9362-ff4e15dca71d: receive RaftClientReply:client-71F61C017E1E->6c928baf-cc3b-4a10-9362-ff4e15dca71d@group-586430B97ADD, cid=716, SUCCESS, logIndex=1052, commits[6c928baf-cc3b-4a10-9362-ff4e15dca71d:c1054]
2019-08-10 04:38:02,424 INFO  client.GrpcClientProtocolClient (GrpcClientProtocolClient.java:onNext(255)) - client-71F61C017E1E->6c928baf-cc3b-4a10-9362-ff4e15dca71d: receive RaftClientReply:client-71F61C017E1E->6c928baf-cc3b-4a10-9362-ff4e15dca71d@group-586430B97ADD, cid=717, SUCCESS, logIndex=1055, commits[6c928baf-cc3b-4a10-9362-ff4e15dca71d:c1056]
2019-08-10 04:38:02,424 INFO  client.GrpcClientProtocolClient (GrpcClientProtocolClient.java:onNext(255)) - client-71F61C017E1E->6c928baf-cc3b-4a10-9362-ff4e15dca71d: receive RaftClientReply:client-71F61C017E1E->6c928baf-cc3b-4a10-9362-ff4e15dca71d@group-586430B97ADD, cid=718, SUCCESS, logIndex=1056, commits[6c928baf-cc3b-4a10-9362-ff4e15dca71d:c1056]
2019-08-10 04:38:02,426 INFO  client.GrpcClientProtocolClient (GrpcClientProtocolClient.java:onNext(255)) - client-71F61C017E1E->6c928baf-cc3b-4a10-9362-ff4e15dca71d: receive RaftClientReply:client-71F61C017E1E->6c928baf-cc3b-4a10-9362-ff4e15dca71d@group-586430B97ADD, cid=719, SUCCESS, logIndex=1057, commits[6c928baf-cc3b-4a10-9362-ff4e15dca71d:c1058]
2019-08-10 04:38:02,426 INFO  client.GrpcClientProtocolClient (GrpcClientProtocolClient.java:onNext(255)) - client-71F61C017E1E->6c928baf-cc3b-4a10-9362-ff4e15dca71d: receive RaftClientReply:client-71F61C017E1E->6c928baf-cc3b-4a10-9362-ff4e15dca71d@group-586430B97ADD, cid=720, SUCCESS, logIndex=1058, commits[6c928baf-cc3b-4a10-9362-ff4e15dca71d:c1058]
2019-08-10 04:38:02,454 INFO  client.GrpcClientProtocolClient (GrpcClientProtocolClient.java:onNext(255)) - client-71F61C017E1E->6c928baf-cc3b-4a10-9362-ff4e15dca71d: receive RaftClientReply:client-71F61C017E1E->6c928baf-cc3b-4a10-9362-ff4e15dca71d@group-586430B97ADD, cid=721, SUCCESS, logIndex=1061, commits[6c928baf-cc3b-4a10-9362-ff4e15dca71d:c1064]
2019-08-10 04:38:02,455 INFO  client.GrpcClientProtocolClient (GrpcClientProtocolClient.java:onNext(255)) - client-71F61C017E1E->6c928baf-cc3b-4a10-9362-ff4e15dca71d: receive RaftClientReply:client-71F61C017E1E->6c928baf-cc3b-4a10-9362-ff4e15dca71d@group-586430B97ADD, cid=722, SUCCESS, logIndex=1062, commits[6c928baf-cc3b-4a10-9362-ff4e15dca71d:c1064]
2019-08-10 04:38:02,456 INFO  client.GrpcClientProtocolClient (GrpcClientProtocolClient.java:onNext(255)) - client-71F61C017E1E->6c928baf-cc3b-4a10-9362-ff4e15dca71d: receive RaftClientReply:client-71F61C017E1E->6c928baf-cc3b-4a10-9362-ff4e15dca71d@group-586430B97ADD, cid=723, SUCCESS, logIndex=1063, commits[6c928baf-cc3b-4a10-9362-ff4e15dca71d:c1065]
2019-08-10 04:38:02,456 INFO  client.GrpcClientProtocolClient (GrpcClientProtocolClient.java:onNext(255)) - client-71F61C017E1E->6c928baf-cc3b-4a10-9362-ff4e15dca71d: receive RaftClientReply:client-71F61C017E1E->6c928baf-cc3b-4a10-9362-ff4e15dca71d@group-586430B97ADD, cid=724, SUCCESS, logIndex=1064, commits[6c928baf-cc3b-4a10-9362-ff4e15dca71d:c1066]
2019-08-10 04:38:02,476 INFO  client.GrpcClientProtocolClient (GrpcClientProtocolClient.java:onNext(255)) - client-71F61C017E1E->6c928baf-cc3b-4a10-9362-ff4e15dca71d: receive RaftClientReply:client-71F61C017E1E->6c928baf-cc3b-4a10-9362-ff4e15dca71d@group-586430B97ADD, cid=725, SUCCESS, logIndex=1067, commits[6c928baf-cc3b-4a10-9362-ff4e15dca71d:c1068]
2019-08-10 04:38:02,477 INFO  client.GrpcClientProtocolClient (GrpcClientProtocolClient.java:onNext(255)) - client-71F61C017E1E->6c928baf-cc3b-4a10-9362-ff4e15dca71d: receive RaftClientReply:client-71F61C017E1E->6c928baf-cc3b-4a10-9362-ff4e15dca71d@group-586430B97ADD, cid=726, SUCCESS, logIndex=1068, commits[6c928baf-cc3b-4a10-9362-ff4e15dca71d:c1068]
2019-08-10 04:38:02,478 INFO  client.GrpcClientProtocolClient (GrpcClientProtocolClient.java:onNext(255)) - client-71F61C017E1E->6c928baf-cc3b-4a10-9362-ff4e15dca71d: receive RaftClientReply:client-71F61C017E1E->6c928baf-cc3b-4a10-9362-ff4e15dca71d@group-586430B97ADD, cid=727, SUCCESS, logIndex=1069, commits[6c928baf-cc3b-4a10-9362-ff4e15dca71d:c1070]
2019-08-10 04:38:02,479 INFO  client.GrpcClientProtocolClient (GrpcClientProtocolClient.java:onNext(255)) - client-71F61C017E1E->6c928baf-cc3b-4a10-9362-ff4e15dca71d: receive RaftClientReply:client-71F61C017E1E->6c928baf-cc3b-4a10-9362-ff4e15dca71d@group-586430B97ADD, cid=728, SUCCESS, logIndex=1070, commits[6c928baf-cc3b-4a10-9362-ff4e15dca71d:c1070]
2019-08-10 04:38:02,483 DEBUG block.SCMBlockDeletingService (SCMBlockDeletingService.java:call(138)) - Running DeletedBlockTransactionScanner
2019-08-10 04:38:02,483 DEBUG block.SCMBlockDeletingService (SCMBlockDeletingService.java:call(155)) - Scanned deleted blocks log and got 0 delTX to process.
2019-08-10 04:38:02,508 INFO  client.GrpcClientProtocolClient (GrpcClientProtocolClient.java:onNext(255)) - client-71F61C017E1E->6c928baf-cc3b-4a10-9362-ff4e15dca71d: receive RaftClientReply:client-71F61C017E1E->6c928baf-cc3b-4a10-9362-ff4e15dca71d@group-586430B97ADD, cid=729, SUCCESS, logIndex=1073, commits[6c928baf-cc3b-4a10-9362-ff4e15dca71d:c1074]
2019-08-10 04:38:02,509 INFO  client.GrpcClientProtocolClient (GrpcClientProtocolClient.java:onNext(255)) - client-71F61C017E1E->6c928baf-cc3b-4a10-9362-ff4e15dca71d: receive RaftClientReply:client-71F61C017E1E->6c928baf-cc3b-4a10-9362-ff4e15dca71d@group-586430B97ADD, cid=730, SUCCESS, logIndex=1074, commits[6c928baf-cc3b-4a10-9362-ff4e15dca71d:c1074]
2019-08-10 04:38:02,510 INFO  client.GrpcClientProtocolClient (GrpcClientProtocolClient.java:onNext(255)) - client-71F61C017E1E->6c928baf-cc3b-4a10-9362-ff4e15dca71d: receive RaftClientReply:client-71F61C017E1E->6c928baf-cc3b-4a10-9362-ff4e15dca71d@group-586430B97ADD, cid=731, SUCCESS, logIndex=1075, commits[6c928baf-cc3b-4a10-9362-ff4e15dca71d:c1077]
2019-08-10 04:38:02,510 INFO  client.GrpcClientProtocolClient (GrpcClientProtocolClient.java:onNext(255)) - client-71F61C017E1E->6c928baf-cc3b-4a10-9362-ff4e15dca71d: receive RaftClientReply:client-71F61C017E1E->6c928baf-cc3b-4a10-9362-ff4e15dca71d@group-586430B97ADD, cid=732, SUCCESS, logIndex=1076, commits[6c928baf-cc3b-4a10-9362-ff4e15dca71d:c1077]
2019-08-10 04:38:02,530 INFO  client.GrpcClientProtocolClient (GrpcClientProtocolClient.java:onNext(255)) - client-71F61C017E1E->6c928baf-cc3b-4a10-9362-ff4e15dca71d: receive RaftClientReply:client-71F61C017E1E->6c928baf-cc3b-4a10-9362-ff4e15dca71d@group-586430B97ADD, cid=733, SUCCESS, logIndex=1078, commits[6c928baf-cc3b-4a10-9362-ff4e15dca71d:c1079]
2019-08-10 04:38:02,531 INFO  client.GrpcClientProtocolClient (GrpcClientProtocolClient.java:onNext(255)) - client-71F61C017E1E->6c928baf-cc3b-4a10-9362-ff4e15dca71d: receive RaftClientReply:client-71F61C017E1E->6c928baf-cc3b-4a10-9362-ff4e15dca71d@group-586430B97ADD, cid=734, SUCCESS, logIndex=1079, commits[6c928baf-cc3b-4a10-9362-ff4e15dca71d:c1079]
2019-08-10 04:38:02,532 INFO  client.GrpcClientProtocolClient (GrpcClientProtocolClient.java:onNext(255)) - client-71F61C017E1E->6c928baf-cc3b-4a10-9362-ff4e15dca71d: receive RaftClientReply:client-71F61C017E1E->6c928baf-cc3b-4a10-9362-ff4e15dca71d@group-586430B97ADD, cid=735, SUCCESS, logIndex=1080, commits[6c928baf-cc3b-4a10-9362-ff4e15dca71d:c1081]
2019-08-10 04:38:02,533 INFO  client.GrpcClientProtocolClient (GrpcClientProtocolClient.java:onNext(255)) - client-71F61C017E1E->6c928baf-cc3b-4a10-9362-ff4e15dca71d: receive RaftClientReply:client-71F61C017E1E->6c928baf-cc3b-4a10-9362-ff4e15dca71d@group-586430B97ADD, cid=736, SUCCESS, logIndex=1081, commits[6c928baf-cc3b-4a10-9362-ff4e15dca71d:c1081]
2019-08-10 04:38:02,567 INFO  client.GrpcClientProtocolClient (GrpcClientProtocolClient.java:onNext(255)) - client-71F61C017E1E->6c928baf-cc3b-4a10-9362-ff4e15dca71d: receive RaftClientReply:client-71F61C017E1E->6c928baf-cc3b-4a10-9362-ff4e15dca71d@group-586430B97ADD, cid=737, SUCCESS, logIndex=1084, commits[6c928baf-cc3b-4a10-9362-ff4e15dca71d:c1085]
2019-08-10 04:38:02,568 INFO  client.GrpcClientProtocolClient (GrpcClientProtocolClient.java:onNext(255)) - client-71F61C017E1E->6c928baf-cc3b-4a10-9362-ff4e15dca71d: receive RaftClientReply:client-71F61C017E1E->6c928baf-cc3b-4a10-9362-ff4e15dca71d@group-586430B97ADD, cid=738, SUCCESS, logIndex=1085, commits[6c928baf-cc3b-4a10-9362-ff4e15dca71d:c1085]
2019-08-10 04:38:02,576 INFO  client.GrpcClientProtocolClient (GrpcClientProtocolClient.java:onNext(255)) - client-71F61C017E1E->6c928baf-cc3b-4a10-9362-ff4e15dca71d: receive RaftClientReply:client-71F61C017E1E->6c928baf-cc3b-4a10-9362-ff4e15dca71d@group-586430B97ADD, cid=739, SUCCESS, logIndex=1086, commits[6c928baf-cc3b-4a10-9362-ff4e15dca71d:c1087]
2019-08-10 04:38:02,576 INFO  client.GrpcClientProtocolClient (GrpcClientProtocolClient.java:onNext(255)) - client-71F61C017E1E->6c928baf-cc3b-4a10-9362-ff4e15dca71d: receive RaftClientReply:client-71F61C017E1E->6c928baf-cc3b-4a10-9362-ff4e15dca71d@group-586430B97ADD, cid=740, SUCCESS, logIndex=1087, commits[6c928baf-cc3b-4a10-9362-ff4e15dca71d:c1088]
2019-08-10 04:38:02,583 DEBUG block.SCMBlockDeletingService (SCMBlockDeletingService.java:call(138)) - Running DeletedBlockTransactionScanner
2019-08-10 04:38:02,584 DEBUG block.SCMBlockDeletingService (SCMBlockDeletingService.java:call(155)) - Scanned deleted blocks log and got 0 delTX to process.
2019-08-10 04:38:02,597 INFO  client.GrpcClientProtocolClient (GrpcClientProtocolClient.java:onNext(255)) - client-71F61C017E1E->6c928baf-cc3b-4a10-9362-ff4e15dca71d: receive RaftClientReply:client-71F61C017E1E->6c928baf-cc3b-4a10-9362-ff4e15dca71d@group-586430B97ADD, cid=741, SUCCESS, logIndex=1090, commits[6c928baf-cc3b-4a10-9362-ff4e15dca71d:c1091]
2019-08-10 04:38:02,598 INFO  client.GrpcClientProtocolClient (GrpcClientProtocolClient.java:onNext(255)) - client-71F61C017E1E->6c928baf-cc3b-4a10-9362-ff4e15dca71d: receive RaftClientReply:client-71F61C017E1E->6c928baf-cc3b-4a10-9362-ff4e15dca71d@group-586430B97ADD, cid=742, SUCCESS, logIndex=1091, commits[6c928baf-cc3b-4a10-9362-ff4e15dca71d:c1091]
2019-08-10 04:38:02,600 INFO  client.GrpcClientProtocolClient (GrpcClientProtocolClient.java:onNext(255)) - client-71F61C017E1E->6c928baf-cc3b-4a10-9362-ff4e15dca71d: receive RaftClientReply:client-71F61C017E1E->6c928baf-cc3b-4a10-9362-ff4e15dca71d@group-586430B97ADD, cid=743, SUCCESS, logIndex=1092, commits[6c928baf-cc3b-4a10-9362-ff4e15dca71d:c1093]
2019-08-10 04:38:02,600 INFO  client.GrpcClientProtocolClient (GrpcClientProtocolClient.java:onNext(255)) - client-71F61C017E1E->6c928baf-cc3b-4a10-9362-ff4e15dca71d: receive RaftClientReply:client-71F61C017E1E->6c928baf-cc3b-4a10-9362-ff4e15dca71d@group-586430B97ADD, cid=744, SUCCESS, logIndex=1093, commits[6c928baf-cc3b-4a10-9362-ff4e15dca71d:c1093]
2019-08-10 04:38:02,629 INFO  client.GrpcClientProtocolClient (GrpcClientProtocolClient.java:onNext(255)) - client-71F61C017E1E->6c928baf-cc3b-4a10-9362-ff4e15dca71d: receive RaftClientReply:client-71F61C017E1E->6c928baf-cc3b-4a10-9362-ff4e15dca71d@group-586430B97ADD, cid=745, SUCCESS, logIndex=1096, commits[6c928baf-cc3b-4a10-9362-ff4e15dca71d:c1097]
2019-08-10 04:38:02,630 INFO  client.GrpcClientProtocolClient (GrpcClientProtocolClient.java:onNext(255)) - client-71F61C017E1E->6c928baf-cc3b-4a10-9362-ff4e15dca71d: receive RaftClientReply:client-71F61C017E1E->6c928baf-cc3b-4a10-9362-ff4e15dca71d@group-586430B97ADD, cid=746, SUCCESS, logIndex=1097, commits[6c928baf-cc3b-4a10-9362-ff4e15dca71d:c1097]
2019-08-10 04:38:02,631 INFO  client.GrpcClientProtocolClient (GrpcClientProtocolClient.java:onNext(255)) - client-71F61C017E1E->6c928baf-cc3b-4a10-9362-ff4e15dca71d: receive RaftClientReply:client-71F61C017E1E->6c928baf-cc3b-4a10-9362-ff4e15dca71d@group-586430B97ADD, cid=747, SUCCESS, logIndex=1098, commits[6c928baf-cc3b-4a10-9362-ff4e15dca71d:c1099]
2019-08-10 04:38:02,631 INFO  client.GrpcClientProtocolClient (GrpcClientProtocolClient.java:onNext(255)) - client-71F61C017E1E->6c928baf-cc3b-4a10-9362-ff4e15dca71d: receive RaftClientReply:client-71F61C017E1E->6c928baf-cc3b-4a10-9362-ff4e15dca71d@group-586430B97ADD, cid=748, SUCCESS, logIndex=1099, commits[6c928baf-cc3b-4a10-9362-ff4e15dca71d:c1099]
2019-08-10 04:38:02,643 INFO  client.GrpcClientProtocolClient (GrpcClientProtocolClient.java:onNext(255)) - client-71F61C017E1E->6c928baf-cc3b-4a10-9362-ff4e15dca71d: receive RaftClientReply:client-71F61C017E1E->6c928baf-cc3b-4a10-9362-ff4e15dca71d@group-586430B97ADD, cid=749, SUCCESS, logIndex=1102, commits[6c928baf-cc3b-4a10-9362-ff4e15dca71d:c1103]
2019-08-10 04:38:02,643 INFO  client.GrpcClientProtocolClient (GrpcClientProtocolClient.java:onNext(255)) - client-71F61C017E1E->6c928baf-cc3b-4a10-9362-ff4e15dca71d: receive RaftClientReply:client-71F61C017E1E->6c928baf-cc3b-4a10-9362-ff4e15dca71d@group-586430B97ADD, cid=750, SUCCESS, logIndex=1103, commits[6c928baf-cc3b-4a10-9362-ff4e15dca71d:c1104]
2019-08-10 04:38:02,684 DEBUG block.SCMBlockDeletingService (SCMBlockDeletingService.java:call(138)) - Running DeletedBlockTransactionScanner
2019-08-10 04:38:02,685 DEBUG block.SCMBlockDeletingService (SCMBlockDeletingService.java:call(155)) - Scanned deleted blocks log and got 0 delTX to process.
2019-08-10 04:38:02,758 INFO  client.GrpcClientProtocolClient (GrpcClientProtocolClient.java:onNext(255)) - client-71F61C017E1E->6c928baf-cc3b-4a10-9362-ff4e15dca71d: receive RaftClientReply:client-71F61C017E1E->6c928baf-cc3b-4a10-9362-ff4e15dca71d@group-586430B97ADD, cid=751, SUCCESS, logIndex=1105, commits[6c928baf-cc3b-4a10-9362-ff4e15dca71d:c1106]
2019-08-10 04:38:02,759 INFO  client.GrpcClientProtocolClient (GrpcClientProtocolClient.java:onNext(255)) - client-71F61C017E1E->6c928baf-cc3b-4a10-9362-ff4e15dca71d: receive RaftClientReply:client-71F61C017E1E->6c928baf-cc3b-4a10-9362-ff4e15dca71d@group-586430B97ADD, cid=752, SUCCESS, logIndex=1106, commits[6c928baf-cc3b-4a10-9362-ff4e15dca71d:c1106]
2019-08-10 04:38:02,785 DEBUG block.SCMBlockDeletingService (SCMBlockDeletingService.java:call(138)) - Running DeletedBlockTransactionScanner
2019-08-10 04:38:02,786 DEBUG block.SCMBlockDeletingService (SCMBlockDeletingService.java:call(155)) - Scanned deleted blocks log and got 0 delTX to process.
2019-08-10 04:38:02,790 INFO  client.GrpcClientProtocolClient (GrpcClientProtocolClient.java:onNext(255)) - client-71F61C017E1E->6c928baf-cc3b-4a10-9362-ff4e15dca71d: receive RaftClientReply:client-71F61C017E1E->6c928baf-cc3b-4a10-9362-ff4e15dca71d@group-586430B97ADD, cid=753, SUCCESS, logIndex=1108, commits[6c928baf-cc3b-4a10-9362-ff4e15dca71d:c1111]
2019-08-10 04:38:02,791 INFO  client.GrpcClientProtocolClient (GrpcClientProtocolClient.java:onNext(255)) - client-71F61C017E1E->6c928baf-cc3b-4a10-9362-ff4e15dca71d: receive RaftClientReply:client-71F61C017E1E->6c928baf-cc3b-4a10-9362-ff4e15dca71d@group-586430B97ADD, cid=754, SUCCESS, logIndex=1109, commits[6c928baf-cc3b-4a10-9362-ff4e15dca71d:c1112]
2019-08-10 04:38:02,792 INFO  client.GrpcClientProtocolClient (GrpcClientProtocolClient.java:onNext(255)) - client-71F61C017E1E->6c928baf-cc3b-4a10-9362-ff4e15dca71d: receive RaftClientReply:client-71F61C017E1E->6c928baf-cc3b-4a10-9362-ff4e15dca71d@group-586430B97ADD, cid=755, SUCCESS, logIndex=1110, commits[6c928baf-cc3b-4a10-9362-ff4e15dca71d:c1113]
2019-08-10 04:38:02,792 INFO  client.GrpcClientProtocolClient (GrpcClientProtocolClient.java:onNext(255)) - client-71F61C017E1E->6c928baf-cc3b-4a10-9362-ff4e15dca71d: receive RaftClientReply:client-71F61C017E1E->6c928baf-cc3b-4a10-9362-ff4e15dca71d@group-586430B97ADD, cid=756, SUCCESS, logIndex=1111, commits[6c928baf-cc3b-4a10-9362-ff4e15dca71d:c1113]
2019-08-10 04:38:02,817 INFO  client.GrpcClientProtocolClient (GrpcClientProtocolClient.java:onNext(255)) - client-71F61C017E1E->6c928baf-cc3b-4a10-9362-ff4e15dca71d: receive RaftClientReply:client-71F61C017E1E->6c928baf-cc3b-4a10-9362-ff4e15dca71d@group-586430B97ADD, cid=757, SUCCESS, logIndex=1114, commits[6c928baf-cc3b-4a10-9362-ff4e15dca71d:c1117]
2019-08-10 04:38:02,817 INFO  client.GrpcClientProtocolClient (GrpcClientProtocolClient.java:onNext(255)) - client-71F61C017E1E->6c928baf-cc3b-4a10-9362-ff4e15dca71d: receive RaftClientReply:client-71F61C017E1E->6c928baf-cc3b-4a10-9362-ff4e15dca71d@group-586430B97ADD, cid=758, SUCCESS, logIndex=1115, commits[6c928baf-cc3b-4a10-9362-ff4e15dca71d:c1118]
2019-08-10 04:38:02,818 INFO  client.GrpcClientProtocolClient (GrpcClientProtocolClient.java:onNext(255)) - client-71F61C017E1E->6c928baf-cc3b-4a10-9362-ff4e15dca71d: receive RaftClientReply:client-71F61C017E1E->6c928baf-cc3b-4a10-9362-ff4e15dca71d@group-586430B97ADD, cid=759, SUCCESS, logIndex=1116, commits[6c928baf-cc3b-4a10-9362-ff4e15dca71d:c1118]
2019-08-10 04:38:02,818 INFO  client.GrpcClientProtocolClient (GrpcClientProtocolClient.java:onNext(255)) - client-71F61C017E1E->6c928baf-cc3b-4a10-9362-ff4e15dca71d: receive RaftClientReply:client-71F61C017E1E->6c928baf-cc3b-4a10-9362-ff4e15dca71d@group-586430B97ADD, cid=760, SUCCESS, logIndex=1117, commits[6c928baf-cc3b-4a10-9362-ff4e15dca71d:c1118]
2019-08-10 04:38:02,849 INFO  client.GrpcClientProtocolClient (GrpcClientProtocolClient.java:onNext(255)) - client-71F61C017E1E->6c928baf-cc3b-4a10-9362-ff4e15dca71d: receive RaftClientReply:client-71F61C017E1E->6c928baf-cc3b-4a10-9362-ff4e15dca71d@group-586430B97ADD, cid=761, SUCCESS, logIndex=1119, commits[6c928baf-cc3b-4a10-9362-ff4e15dca71d:c1122]
2019-08-10 04:38:02,850 INFO  client.GrpcClientProtocolClient (GrpcClientProtocolClient.java:onNext(255)) - client-71F61C017E1E->6c928baf-cc3b-4a10-9362-ff4e15dca71d: receive RaftClientReply:client-71F61C017E1E->6c928baf-cc3b-4a10-9362-ff4e15dca71d@group-586430B97ADD, cid=762, SUCCESS, logIndex=1120, commits[6c928baf-cc3b-4a10-9362-ff4e15dca71d:c1123]
2019-08-10 04:38:02,850 INFO  client.GrpcClientProtocolClient (GrpcClientProtocolClient.java:onNext(255)) - client-71F61C017E1E->6c928baf-cc3b-4a10-9362-ff4e15dca71d: receive RaftClientReply:client-71F61C017E1E->6c928baf-cc3b-4a10-9362-ff4e15dca71d@group-586430B97ADD, cid=763, SUCCESS, logIndex=1121, commits[6c928baf-cc3b-4a10-9362-ff4e15dca71d:c1123]
2019-08-10 04:38:02,851 INFO  client.GrpcClientProtocolClient (GrpcClientProtocolClient.java:onNext(255)) - client-71F61C017E1E->6c928baf-cc3b-4a10-9362-ff4e15dca71d: receive RaftClientReply:client-71F61C017E1E->6c928baf-cc3b-4a10-9362-ff4e15dca71d@group-586430B97ADD, cid=764, SUCCESS, logIndex=1122, commits[6c928baf-cc3b-4a10-9362-ff4e15dca71d:c1123]
2019-08-10 04:38:02,881 INFO  client.GrpcClientProtocolClient (GrpcClientProtocolClient.java:onNext(255)) - client-71F61C017E1E->6c928baf-cc3b-4a10-9362-ff4e15dca71d: receive RaftClientReply:client-71F61C017E1E->6c928baf-cc3b-4a10-9362-ff4e15dca71d@group-586430B97ADD, cid=765, SUCCESS, logIndex=1124, commits[6c928baf-cc3b-4a10-9362-ff4e15dca71d:c1127]
2019-08-10 04:38:02,882 INFO  client.GrpcClientProtocolClient (GrpcClientProtocolClient.java:onNext(255)) - client-71F61C017E1E->6c928baf-cc3b-4a10-9362-ff4e15dca71d: receive RaftClientReply:client-71F61C017E1E->6c928baf-cc3b-4a10-9362-ff4e15dca71d@group-586430B97ADD, cid=766, SUCCESS, logIndex=1125, commits[6c928baf-cc3b-4a10-9362-ff4e15dca71d:c1128]
2019-08-10 04:38:02,882 INFO  client.GrpcClientProtocolClient (GrpcClientProtocolClient.java:onNext(255)) - client-71F61C017E1E->6c928baf-cc3b-4a10-9362-ff4e15dca71d: receive RaftClientReply:client-71F61C017E1E->6c928baf-cc3b-4a10-9362-ff4e15dca71d@group-586430B97ADD, cid=767, SUCCESS, logIndex=1126, commits[6c928baf-cc3b-4a10-9362-ff4e15dca71d:c1128]
2019-08-10 04:38:02,883 INFO  client.GrpcClientProtocolClient (GrpcClientProtocolClient.java:onNext(255)) - client-71F61C017E1E->6c928baf-cc3b-4a10-9362-ff4e15dca71d: receive RaftClientReply:client-71F61C017E1E->6c928baf-cc3b-4a10-9362-ff4e15dca71d@group-586430B97ADD, cid=768, SUCCESS, logIndex=1127, commits[6c928baf-cc3b-4a10-9362-ff4e15dca71d:c1128]
2019-08-10 04:38:02,886 DEBUG block.SCMBlockDeletingService (SCMBlockDeletingService.java:call(138)) - Running DeletedBlockTransactionScanner
2019-08-10 04:38:02,886 DEBUG block.SCMBlockDeletingService (SCMBlockDeletingService.java:call(155)) - Scanned deleted blocks log and got 0 delTX to process.
2019-08-10 04:38:02,916 INFO  client.GrpcClientProtocolClient (GrpcClientProtocolClient.java:onNext(255)) - client-71F61C017E1E->6c928baf-cc3b-4a10-9362-ff4e15dca71d: receive RaftClientReply:client-71F61C017E1E->6c928baf-cc3b-4a10-9362-ff4e15dca71d@group-586430B97ADD, cid=769, SUCCESS, logIndex=1129, commits[6c928baf-cc3b-4a10-9362-ff4e15dca71d:c1132]
2019-08-10 04:38:02,918 INFO  client.GrpcClientProtocolClient (GrpcClientProtocolClient.java:onNext(255)) - client-71F61C017E1E->6c928baf-cc3b-4a10-9362-ff4e15dca71d: receive RaftClientReply:client-71F61C017E1E->6c928baf-cc3b-4a10-9362-ff4e15dca71d@group-586430B97ADD, cid=770, SUCCESS, logIndex=1130, commits[6c928baf-cc3b-4a10-9362-ff4e15dca71d:c1134]
2019-08-10 04:38:02,918 INFO  client.GrpcClientProtocolClient (GrpcClientProtocolClient.java:onNext(255)) - client-71F61C017E1E->6c928baf-cc3b-4a10-9362-ff4e15dca71d: receive RaftClientReply:client-71F61C017E1E->6c928baf-cc3b-4a10-9362-ff4e15dca71d@group-586430B97ADD, cid=771, SUCCESS, logIndex=1131, commits[6c928baf-cc3b-4a10-9362-ff4e15dca71d:c1134]
2019-08-10 04:38:02,919 INFO  client.GrpcClientProtocolClient (GrpcClientProtocolClient.java:onNext(255)) - client-71F61C017E1E->6c928baf-cc3b-4a10-9362-ff4e15dca71d: receive RaftClientReply:client-71F61C017E1E->6c928baf-cc3b-4a10-9362-ff4e15dca71d@group-586430B97ADD, cid=772, SUCCESS, logIndex=1132, commits[6c928baf-cc3b-4a10-9362-ff4e15dca71d:c1134]
2019-08-10 04:38:02,940 INFO  client.GrpcClientProtocolClient (GrpcClientProtocolClient.java:onNext(255)) - client-71F61C017E1E->6c928baf-cc3b-4a10-9362-ff4e15dca71d: receive RaftClientReply:client-71F61C017E1E->6c928baf-cc3b-4a10-9362-ff4e15dca71d@group-586430B97ADD, cid=773, SUCCESS, logIndex=1135, commits[6c928baf-cc3b-4a10-9362-ff4e15dca71d:c1136]
2019-08-10 04:38:02,941 INFO  client.GrpcClientProtocolClient (GrpcClientProtocolClient.java:onNext(255)) - client-71F61C017E1E->6c928baf-cc3b-4a10-9362-ff4e15dca71d: receive RaftClientReply:client-71F61C017E1E->6c928baf-cc3b-4a10-9362-ff4e15dca71d@group-586430B97ADD, cid=774, SUCCESS, logIndex=1136, commits[6c928baf-cc3b-4a10-9362-ff4e15dca71d:c1136]
2019-08-10 04:38:02,942 INFO  client.GrpcClientProtocolClient (GrpcClientProtocolClient.java:onNext(255)) - client-71F61C017E1E->6c928baf-cc3b-4a10-9362-ff4e15dca71d: receive RaftClientReply:client-71F61C017E1E->6c928baf-cc3b-4a10-9362-ff4e15dca71d@group-586430B97ADD, cid=775, SUCCESS, logIndex=1137, commits[6c928baf-cc3b-4a10-9362-ff4e15dca71d:c1138]
2019-08-10 04:38:02,943 INFO  client.GrpcClientProtocolClient (GrpcClientProtocolClient.java:onNext(255)) - client-71F61C017E1E->6c928baf-cc3b-4a10-9362-ff4e15dca71d: receive RaftClientReply:client-71F61C017E1E->6c928baf-cc3b-4a10-9362-ff4e15dca71d@group-586430B97ADD, cid=776, SUCCESS, logIndex=1138, commits[6c928baf-cc3b-4a10-9362-ff4e15dca71d:c1138]
2019-08-10 04:38:02,979 INFO  client.GrpcClientProtocolClient (GrpcClientProtocolClient.java:onNext(255)) - client-71F61C017E1E->6c928baf-cc3b-4a10-9362-ff4e15dca71d: receive RaftClientReply:client-71F61C017E1E->6c928baf-cc3b-4a10-9362-ff4e15dca71d@group-586430B97ADD, cid=777, SUCCESS, logIndex=1141, commits[6c928baf-cc3b-4a10-9362-ff4e15dca71d:c1144]
2019-08-10 04:38:02,980 INFO  client.GrpcClientProtocolClient (GrpcClientProtocolClient.java:onNext(255)) - client-71F61C017E1E->6c928baf-cc3b-4a10-9362-ff4e15dca71d: receive RaftClientReply:client-71F61C017E1E->6c928baf-cc3b-4a10-9362-ff4e15dca71d@group-586430B97ADD, cid=778, SUCCESS, logIndex=1142, commits[6c928baf-cc3b-4a10-9362-ff4e15dca71d:c1145]
2019-08-10 04:38:02,980 INFO  client.GrpcClientProtocolClient (GrpcClientProtocolClient.java:onNext(255)) - client-71F61C017E1E->6c928baf-cc3b-4a10-9362-ff4e15dca71d: receive RaftClientReply:client-71F61C017E1E->6c928baf-cc3b-4a10-9362-ff4e15dca71d@group-586430B97ADD, cid=779, SUCCESS, logIndex=1143, commits[6c928baf-cc3b-4a10-9362-ff4e15dca71d:c1145]
2019-08-10 04:38:02,981 INFO  client.GrpcClientProtocolClient (GrpcClientProtocolClient.java:onNext(255)) - client-71F61C017E1E->6c928baf-cc3b-4a10-9362-ff4e15dca71d: receive RaftClientReply:client-71F61C017E1E->6c928baf-cc3b-4a10-9362-ff4e15dca71d@group-586430B97ADD, cid=780, SUCCESS, logIndex=1144, commits[6c928baf-cc3b-4a10-9362-ff4e15dca71d:c1145]
2019-08-10 04:38:02,987 DEBUG block.SCMBlockDeletingService (SCMBlockDeletingService.java:call(138)) - Running DeletedBlockTransactionScanner
2019-08-10 04:38:02,987 DEBUG block.SCMBlockDeletingService (SCMBlockDeletingService.java:call(155)) - Scanned deleted blocks log and got 0 delTX to process.
2019-08-10 04:38:03,004 INFO  client.GrpcClientProtocolClient (GrpcClientProtocolClient.java:onNext(255)) - client-71F61C017E1E->6c928baf-cc3b-4a10-9362-ff4e15dca71d: receive RaftClientReply:client-71F61C017E1E->6c928baf-cc3b-4a10-9362-ff4e15dca71d@group-586430B97ADD, cid=781, SUCCESS, logIndex=1146, commits[6c928baf-cc3b-4a10-9362-ff4e15dca71d:c1149]
2019-08-10 04:38:03,005 INFO  client.GrpcClientProtocolClient (GrpcClientProtocolClient.java:onNext(255)) - client-71F61C017E1E->6c928baf-cc3b-4a10-9362-ff4e15dca71d: receive RaftClientReply:client-71F61C017E1E->6c928baf-cc3b-4a10-9362-ff4e15dca71d@group-586430B97ADD, cid=782, SUCCESS, logIndex=1147, commits[6c928baf-cc3b-4a10-9362-ff4e15dca71d:c1149]
2019-08-10 04:38:03,005 INFO  client.GrpcClientProtocolClient (GrpcClientProtocolClient.java:onNext(255)) - client-71F61C017E1E->6c928baf-cc3b-4a10-9362-ff4e15dca71d: receive RaftClientReply:client-71F61C017E1E->6c928baf-cc3b-4a10-9362-ff4e15dca71d@group-586430B97ADD, cid=783, SUCCESS, logIndex=1148, commits[6c928baf-cc3b-4a10-9362-ff4e15dca71d:c1149]
2019-08-10 04:38:03,006 INFO  client.GrpcClientProtocolClient (GrpcClientProtocolClient.java:onNext(255)) - client-71F61C017E1E->6c928baf-cc3b-4a10-9362-ff4e15dca71d: receive RaftClientReply:client-71F61C017E1E->6c928baf-cc3b-4a10-9362-ff4e15dca71d@group-586430B97ADD, cid=784, SUCCESS, logIndex=1149, commits[6c928baf-cc3b-4a10-9362-ff4e15dca71d:c1149]
2019-08-10 04:38:03,040 INFO  client.GrpcClientProtocolClient (GrpcClientProtocolClient.java:onNext(255)) - client-71F61C017E1E->6c928baf-cc3b-4a10-9362-ff4e15dca71d: receive RaftClientReply:client-71F61C017E1E->6c928baf-cc3b-4a10-9362-ff4e15dca71d@group-586430B97ADD, cid=785, SUCCESS, logIndex=1151, commits[6c928baf-cc3b-4a10-9362-ff4e15dca71d:c1154]
2019-08-10 04:38:03,041 INFO  client.GrpcClientProtocolClient (GrpcClientProtocolClient.java:onNext(255)) - client-71F61C017E1E->6c928baf-cc3b-4a10-9362-ff4e15dca71d: receive RaftClientReply:client-71F61C017E1E->6c928baf-cc3b-4a10-9362-ff4e15dca71d@group-586430B97ADD, cid=786, SUCCESS, logIndex=1152, commits[6c928baf-cc3b-4a10-9362-ff4e15dca71d:c1155]
2019-08-10 04:38:03,041 INFO  client.GrpcClientProtocolClient (GrpcClientProtocolClient.java:onNext(255)) - client-71F61C017E1E->6c928baf-cc3b-4a10-9362-ff4e15dca71d: receive RaftClientReply:client-71F61C017E1E->6c928baf-cc3b-4a10-9362-ff4e15dca71d@group-586430B97ADD, cid=787, SUCCESS, logIndex=1153, commits[6c928baf-cc3b-4a10-9362-ff4e15dca71d:c1155]
2019-08-10 04:38:03,042 INFO  client.GrpcClientProtocolClient (GrpcClientProtocolClient.java:onNext(255)) - client-71F61C017E1E->6c928baf-cc3b-4a10-9362-ff4e15dca71d: receive RaftClientReply:client-71F61C017E1E->6c928baf-cc3b-4a10-9362-ff4e15dca71d@group-586430B97ADD, cid=788, SUCCESS, logIndex=1154, commits[6c928baf-cc3b-4a10-9362-ff4e15dca71d:c1155]
2019-08-10 04:38:03,082 INFO  client.GrpcClientProtocolClient (GrpcClientProtocolClient.java:onNext(255)) - client-71F61C017E1E->6c928baf-cc3b-4a10-9362-ff4e15dca71d: receive RaftClientReply:client-71F61C017E1E->6c928baf-cc3b-4a10-9362-ff4e15dca71d@group-586430B97ADD, cid=789, SUCCESS, logIndex=1156, commits[6c928baf-cc3b-4a10-9362-ff4e15dca71d:c1159]
2019-08-10 04:38:03,082 INFO  client.GrpcClientProtocolClient (GrpcClientProtocolClient.java:onNext(255)) - client-71F61C017E1E->6c928baf-cc3b-4a10-9362-ff4e15dca71d: receive RaftClientReply:client-71F61C017E1E->6c928baf-cc3b-4a10-9362-ff4e15dca71d@group-586430B97ADD, cid=790, SUCCESS, logIndex=1157, commits[6c928baf-cc3b-4a10-9362-ff4e15dca71d:c1159]
2019-08-10 04:38:03,083 INFO  client.GrpcClientProtocolClient (GrpcClientProtocolClient.java:onNext(255)) - client-71F61C017E1E->6c928baf-cc3b-4a10-9362-ff4e15dca71d: receive RaftClientReply:client-71F61C017E1E->6c928baf-cc3b-4a10-9362-ff4e15dca71d@group-586430B97ADD, cid=791, SUCCESS, logIndex=1158, commits[6c928baf-cc3b-4a10-9362-ff4e15dca71d:c1159]
2019-08-10 04:38:03,083 INFO  client.GrpcClientProtocolClient (GrpcClientProtocolClient.java:onNext(255)) - client-71F61C017E1E->6c928baf-cc3b-4a10-9362-ff4e15dca71d: receive RaftClientReply:client-71F61C017E1E->6c928baf-cc3b-4a10-9362-ff4e15dca71d@group-586430B97ADD, cid=792, SUCCESS, logIndex=1159, commits[6c928baf-cc3b-4a10-9362-ff4e15dca71d:c1159]
2019-08-10 04:38:03,087 DEBUG block.SCMBlockDeletingService (SCMBlockDeletingService.java:call(138)) - Running DeletedBlockTransactionScanner
2019-08-10 04:38:03,088 DEBUG block.SCMBlockDeletingService (SCMBlockDeletingService.java:call(155)) - Scanned deleted blocks log and got 0 delTX to process.
2019-08-10 04:38:03,188 DEBUG block.SCMBlockDeletingService (SCMBlockDeletingService.java:call(138)) - Running DeletedBlockTransactionScanner
2019-08-10 04:38:03,189 DEBUG block.SCMBlockDeletingService (SCMBlockDeletingService.java:call(155)) - Scanned deleted blocks log and got 0 delTX to process.
2019-08-10 04:38:03,194 INFO  client.GrpcClientProtocolClient (GrpcClientProtocolClient.java:onNext(255)) - client-71F61C017E1E->6c928baf-cc3b-4a10-9362-ff4e15dca71d: receive RaftClientReply:client-71F61C017E1E->6c928baf-cc3b-4a10-9362-ff4e15dca71d@group-586430B97ADD, cid=793, SUCCESS, logIndex=1161, commits[6c928baf-cc3b-4a10-9362-ff4e15dca71d:c1162]
2019-08-10 04:38:03,195 INFO  client.GrpcClientProtocolClient (GrpcClientProtocolClient.java:onNext(255)) - client-71F61C017E1E->6c928baf-cc3b-4a10-9362-ff4e15dca71d: receive RaftClientReply:client-71F61C017E1E->6c928baf-cc3b-4a10-9362-ff4e15dca71d@group-586430B97ADD, cid=794, SUCCESS, logIndex=1162, commits[6c928baf-cc3b-4a10-9362-ff4e15dca71d:c1162]
2019-08-10 04:38:03,289 DEBUG block.SCMBlockDeletingService (SCMBlockDeletingService.java:call(138)) - Running DeletedBlockTransactionScanner
2019-08-10 04:38:03,290 DEBUG block.SCMBlockDeletingService (SCMBlockDeletingService.java:call(155)) - Scanned deleted blocks log and got 0 delTX to process.
2019-08-10 04:38:03,325 INFO  client.GrpcClientProtocolClient (GrpcClientProtocolClient.java:onNext(255)) - client-71F61C017E1E->6c928baf-cc3b-4a10-9362-ff4e15dca71d: receive RaftClientReply:client-71F61C017E1E->6c928baf-cc3b-4a10-9362-ff4e15dca71d@group-586430B97ADD, cid=795, SUCCESS, logIndex=1164, commits[6c928baf-cc3b-4a10-9362-ff4e15dca71d:c1165]
2019-08-10 04:38:03,326 INFO  client.GrpcClientProtocolClient (GrpcClientProtocolClient.java:onNext(255)) - client-71F61C017E1E->6c928baf-cc3b-4a10-9362-ff4e15dca71d: receive RaftClientReply:client-71F61C017E1E->6c928baf-cc3b-4a10-9362-ff4e15dca71d@group-586430B97ADD, cid=796, SUCCESS, logIndex=1165, commits[6c928baf-cc3b-4a10-9362-ff4e15dca71d:c1166]
2019-08-10 04:38:03,349 INFO  client.GrpcClientProtocolClient (GrpcClientProtocolClient.java:onNext(255)) - client-71F61C017E1E->6c928baf-cc3b-4a10-9362-ff4e15dca71d: receive RaftClientReply:client-71F61C017E1E->6c928baf-cc3b-4a10-9362-ff4e15dca71d@group-586430B97ADD, cid=797, SUCCESS, logIndex=1167, commits[6c928baf-cc3b-4a10-9362-ff4e15dca71d:c1168]
2019-08-10 04:38:03,349 INFO  client.GrpcClientProtocolClient (GrpcClientProtocolClient.java:onNext(255)) - client-71F61C017E1E->6c928baf-cc3b-4a10-9362-ff4e15dca71d: receive RaftClientReply:client-71F61C017E1E->6c928baf-cc3b-4a10-9362-ff4e15dca71d@group-586430B97ADD, cid=798, SUCCESS, logIndex=1168, commits[6c928baf-cc3b-4a10-9362-ff4e15dca71d:c1168]
2019-08-10 04:38:03,351 INFO  client.GrpcClientProtocolClient (GrpcClientProtocolClient.java:onNext(255)) - client-71F61C017E1E->6c928baf-cc3b-4a10-9362-ff4e15dca71d: receive RaftClientReply:client-71F61C017E1E->6c928baf-cc3b-4a10-9362-ff4e15dca71d@group-586430B97ADD, cid=799, SUCCESS, logIndex=1169, commits[6c928baf-cc3b-4a10-9362-ff4e15dca71d:c1170]
2019-08-10 04:38:03,351 INFO  client.GrpcClientProtocolClient (GrpcClientProtocolClient.java:onNext(255)) - client-71F61C017E1E->6c928baf-cc3b-4a10-9362-ff4e15dca71d: receive RaftClientReply:client-71F61C017E1E->6c928baf-cc3b-4a10-9362-ff4e15dca71d@group-586430B97ADD, cid=800, SUCCESS, logIndex=1170, commits[6c928baf-cc3b-4a10-9362-ff4e15dca71d:c1170]
2019-08-10 04:38:03,382 INFO  client.GrpcClientProtocolClient (GrpcClientProtocolClient.java:onNext(255)) - client-71F61C017E1E->6c928baf-cc3b-4a10-9362-ff4e15dca71d: receive RaftClientReply:client-71F61C017E1E->6c928baf-cc3b-4a10-9362-ff4e15dca71d@group-586430B97ADD, cid=801, SUCCESS, logIndex=1173, commits[6c928baf-cc3b-4a10-9362-ff4e15dca71d:c1174]
2019-08-10 04:38:03,383 INFO  client.GrpcClientProtocolClient (GrpcClientProtocolClient.java:onNext(255)) - client-71F61C017E1E->6c928baf-cc3b-4a10-9362-ff4e15dca71d: receive RaftClientReply:client-71F61C017E1E->6c928baf-cc3b-4a10-9362-ff4e15dca71d@group-586430B97ADD, cid=802, SUCCESS, logIndex=1174, commits[6c928baf-cc3b-4a10-9362-ff4e15dca71d:c1174]
2019-08-10 04:38:03,384 INFO  client.GrpcClientProtocolClient (GrpcClientProtocolClient.java:onNext(255)) - client-71F61C017E1E->6c928baf-cc3b-4a10-9362-ff4e15dca71d: receive RaftClientReply:client-71F61C017E1E->6c928baf-cc3b-4a10-9362-ff4e15dca71d@group-586430B97ADD, cid=803, SUCCESS, logIndex=1175, commits[6c928baf-cc3b-4a10-9362-ff4e15dca71d:c1176]
2019-08-10 04:38:03,385 INFO  client.GrpcClientProtocolClient (GrpcClientProtocolClient.java:onNext(255)) - client-71F61C017E1E->6c928baf-cc3b-4a10-9362-ff4e15dca71d: receive RaftClientReply:client-71F61C017E1E->6c928baf-cc3b-4a10-9362-ff4e15dca71d@group-586430B97ADD, cid=804, SUCCESS, logIndex=1176, commits[6c928baf-cc3b-4a10-9362-ff4e15dca71d:c1176]
2019-08-10 04:38:03,390 DEBUG block.SCMBlockDeletingService (SCMBlockDeletingService.java:call(138)) - Running DeletedBlockTransactionScanner
2019-08-10 04:38:03,390 DEBUG block.SCMBlockDeletingService (SCMBlockDeletingService.java:call(155)) - Scanned deleted blocks log and got 0 delTX to process.
2019-08-10 04:38:03,408 INFO  client.GrpcClientProtocolClient (GrpcClientProtocolClient.java:onNext(255)) - client-71F61C017E1E->6c928baf-cc3b-4a10-9362-ff4e15dca71d: receive RaftClientReply:client-71F61C017E1E->6c928baf-cc3b-4a10-9362-ff4e15dca71d@group-586430B97ADD, cid=805, SUCCESS, logIndex=1179, commits[6c928baf-cc3b-4a10-9362-ff4e15dca71d:c1180]
2019-08-10 04:38:03,409 INFO  client.GrpcClientProtocolClient (GrpcClientProtocolClient.java:onNext(255)) - client-71F61C017E1E->6c928baf-cc3b-4a10-9362-ff4e15dca71d: receive RaftClientReply:client-71F61C017E1E->6c928baf-cc3b-4a10-9362-ff4e15dca71d@group-586430B97ADD, cid=806, SUCCESS, logIndex=1180, commits[6c928baf-cc3b-4a10-9362-ff4e15dca71d:c1180]
2019-08-10 04:38:03,410 INFO  client.GrpcClientProtocolClient (GrpcClientProtocolClient.java:onNext(255)) - client-71F61C017E1E->6c928baf-cc3b-4a10-9362-ff4e15dca71d: receive RaftClientReply:client-71F61C017E1E->6c928baf-cc3b-4a10-9362-ff4e15dca71d@group-586430B97ADD, cid=807, SUCCESS, logIndex=1181, commits[6c928baf-cc3b-4a10-9362-ff4e15dca71d:c1182]
2019-08-10 04:38:03,411 INFO  client.GrpcClientProtocolClient (GrpcClientProtocolClient.java:onNext(255)) - client-71F61C017E1E->6c928baf-cc3b-4a10-9362-ff4e15dca71d: receive RaftClientReply:client-71F61C017E1E->6c928baf-cc3b-4a10-9362-ff4e15dca71d@group-586430B97ADD, cid=808, SUCCESS, logIndex=1182, commits[6c928baf-cc3b-4a10-9362-ff4e15dca71d:c1182]
2019-08-10 04:38:03,441 INFO  client.GrpcClientProtocolClient (GrpcClientProtocolClient.java:onNext(255)) - client-71F61C017E1E->6c928baf-cc3b-4a10-9362-ff4e15dca71d: receive RaftClientReply:client-71F61C017E1E->6c928baf-cc3b-4a10-9362-ff4e15dca71d@group-586430B97ADD, cid=809, SUCCESS, logIndex=1185, commits[6c928baf-cc3b-4a10-9362-ff4e15dca71d:c1188]
2019-08-10 04:38:03,442 INFO  client.GrpcClientProtocolClient (GrpcClientProtocolClient.java:onNext(255)) - client-71F61C017E1E->6c928baf-cc3b-4a10-9362-ff4e15dca71d: receive RaftClientReply:client-71F61C017E1E->6c928baf-cc3b-4a10-9362-ff4e15dca71d@group-586430B97ADD, cid=810, SUCCESS, logIndex=1186, commits[6c928baf-cc3b-4a10-9362-ff4e15dca71d:c1189]
2019-08-10 04:38:03,442 INFO  client.GrpcClientProtocolClient (GrpcClientProtocolClient.java:onNext(255)) - client-71F61C017E1E->6c928baf-cc3b-4a10-9362-ff4e15dca71d: receive RaftClientReply:client-71F61C017E1E->6c928baf-cc3b-4a10-9362-ff4e15dca71d@group-586430B97ADD, cid=811, SUCCESS, logIndex=1187, commits[6c928baf-cc3b-4a10-9362-ff4e15dca71d:c1190]
2019-08-10 04:38:03,442 INFO  client.GrpcClientProtocolClient (GrpcClientProtocolClient.java:onNext(255)) - client-71F61C017E1E->6c928baf-cc3b-4a10-9362-ff4e15dca71d: receive RaftClientReply:client-71F61C017E1E->6c928baf-cc3b-4a10-9362-ff4e15dca71d@group-586430B97ADD, cid=812, SUCCESS, logIndex=1188, commits[6c928baf-cc3b-4a10-9362-ff4e15dca71d:c1190]
2019-08-10 04:38:03,473 INFO  client.GrpcClientProtocolClient (GrpcClientProtocolClient.java:onNext(255)) - client-71F61C017E1E->6c928baf-cc3b-4a10-9362-ff4e15dca71d: receive RaftClientReply:client-71F61C017E1E->6c928baf-cc3b-4a10-9362-ff4e15dca71d@group-586430B97ADD, cid=813, SUCCESS, logIndex=1191, commits[6c928baf-cc3b-4a10-9362-ff4e15dca71d:c1192]
2019-08-10 04:38:03,474 INFO  client.GrpcClientProtocolClient (GrpcClientProtocolClient.java:onNext(255)) - client-71F61C017E1E->6c928baf-cc3b-4a10-9362-ff4e15dca71d: receive RaftClientReply:client-71F61C017E1E->6c928baf-cc3b-4a10-9362-ff4e15dca71d@group-586430B97ADD, cid=814, SUCCESS, logIndex=1192, commits[6c928baf-cc3b-4a10-9362-ff4e15dca71d:c1195]
2019-08-10 04:38:03,474 INFO  client.GrpcClientProtocolClient (GrpcClientProtocolClient.java:onNext(255)) - client-71F61C017E1E->6c928baf-cc3b-4a10-9362-ff4e15dca71d: receive RaftClientReply:client-71F61C017E1E->6c928baf-cc3b-4a10-9362-ff4e15dca71d@group-586430B97ADD, cid=815, SUCCESS, logIndex=1193, commits[6c928baf-cc3b-4a10-9362-ff4e15dca71d:c1196]
2019-08-10 04:38:03,475 INFO  client.GrpcClientProtocolClient (GrpcClientProtocolClient.java:onNext(255)) - client-71F61C017E1E->6c928baf-cc3b-4a10-9362-ff4e15dca71d: receive RaftClientReply:client-71F61C017E1E->6c928baf-cc3b-4a10-9362-ff4e15dca71d@group-586430B97ADD, cid=816, SUCCESS, logIndex=1194, commits[6c928baf-cc3b-4a10-9362-ff4e15dca71d:c1196]
2019-08-10 04:38:03,491 DEBUG block.SCMBlockDeletingService (SCMBlockDeletingService.java:call(138)) - Running DeletedBlockTransactionScanner
2019-08-10 04:38:03,491 DEBUG block.SCMBlockDeletingService (SCMBlockDeletingService.java:call(155)) - Scanned deleted blocks log and got 0 delTX to process.
2019-08-10 04:38:03,505 INFO  client.GrpcClientProtocolClient (GrpcClientProtocolClient.java:onNext(255)) - client-71F61C017E1E->6c928baf-cc3b-4a10-9362-ff4e15dca71d: receive RaftClientReply:client-71F61C017E1E->6c928baf-cc3b-4a10-9362-ff4e15dca71d@group-586430B97ADD, cid=817, SUCCESS, logIndex=1197, commits[6c928baf-cc3b-4a10-9362-ff4e15dca71d:c1200]
2019-08-10 04:38:03,506 INFO  client.GrpcClientProtocolClient (GrpcClientProtocolClient.java:onNext(255)) - client-71F61C017E1E->6c928baf-cc3b-4a10-9362-ff4e15dca71d: receive RaftClientReply:client-71F61C017E1E->6c928baf-cc3b-4a10-9362-ff4e15dca71d@group-586430B97ADD, cid=818, SUCCESS, logIndex=1198, commits[6c928baf-cc3b-4a10-9362-ff4e15dca71d:c1200]
2019-08-10 04:38:03,506 INFO  client.GrpcClientProtocolClient (GrpcClientProtocolClient.java:onNext(255)) - client-71F61C017E1E->6c928baf-cc3b-4a10-9362-ff4e15dca71d: receive RaftClientReply:client-71F61C017E1E->6c928baf-cc3b-4a10-9362-ff4e15dca71d@group-586430B97ADD, cid=819, SUCCESS, logIndex=1199, commits[6c928baf-cc3b-4a10-9362-ff4e15dca71d:c1201]
2019-08-10 04:38:03,507 INFO  client.GrpcClientProtocolClient (GrpcClientProtocolClient.java:onNext(255)) - client-71F61C017E1E->6c928baf-cc3b-4a10-9362-ff4e15dca71d: receive RaftClientReply:client-71F61C017E1E->6c928baf-cc3b-4a10-9362-ff4e15dca71d@group-586430B97ADD, cid=820, SUCCESS, logIndex=1200, commits[6c928baf-cc3b-4a10-9362-ff4e15dca71d:c1202]
2019-08-10 04:38:03,528 INFO  client.GrpcClientProtocolClient (GrpcClientProtocolClient.java:onNext(255)) - client-71F61C017E1E->6c928baf-cc3b-4a10-9362-ff4e15dca71d: receive RaftClientReply:client-71F61C017E1E->6c928baf-cc3b-4a10-9362-ff4e15dca71d@group-586430B97ADD, cid=821, SUCCESS, logIndex=1203, commits[6c928baf-cc3b-4a10-9362-ff4e15dca71d:c1206]
2019-08-10 04:38:03,528 INFO  client.GrpcClientProtocolClient (GrpcClientProtocolClient.java:onNext(255)) - client-71F61C017E1E->6c928baf-cc3b-4a10-9362-ff4e15dca71d: receive RaftClientReply:client-71F61C017E1E->6c928baf-cc3b-4a10-9362-ff4e15dca71d@group-586430B97ADD, cid=822, SUCCESS, logIndex=1204, commits[6c928baf-cc3b-4a10-9362-ff4e15dca71d:c1207]
2019-08-10 04:38:03,528 INFO  client.GrpcClientProtocolClient (GrpcClientProtocolClient.java:onNext(255)) - client-71F61C017E1E->6c928baf-cc3b-4a10-9362-ff4e15dca71d: receive RaftClientReply:client-71F61C017E1E->6c928baf-cc3b-4a10-9362-ff4e15dca71d@group-586430B97ADD, cid=823, SUCCESS, logIndex=1205, commits[6c928baf-cc3b-4a10-9362-ff4e15dca71d:c1207]
2019-08-10 04:38:03,529 INFO  client.GrpcClientProtocolClient (GrpcClientProtocolClient.java:onNext(255)) - client-71F61C017E1E->6c928baf-cc3b-4a10-9362-ff4e15dca71d: receive RaftClientReply:client-71F61C017E1E->6c928baf-cc3b-4a10-9362-ff4e15dca71d@group-586430B97ADD, cid=824, SUCCESS, logIndex=1206, commits[6c928baf-cc3b-4a10-9362-ff4e15dca71d:c1208]
2019-08-10 04:38:03,558 INFO  client.GrpcClientProtocolClient (GrpcClientProtocolClient.java:onNext(255)) - client-71F61C017E1E->6c928baf-cc3b-4a10-9362-ff4e15dca71d: receive RaftClientReply:client-71F61C017E1E->6c928baf-cc3b-4a10-9362-ff4e15dca71d@group-586430B97ADD, cid=825, SUCCESS, logIndex=1209, commits[6c928baf-cc3b-4a10-9362-ff4e15dca71d:c1210]
2019-08-10 04:38:03,558 INFO  client.GrpcClientProtocolClient (GrpcClientProtocolClient.java:onNext(255)) - client-71F61C017E1E->6c928baf-cc3b-4a10-9362-ff4e15dca71d: receive RaftClientReply:client-71F61C017E1E->6c928baf-cc3b-4a10-9362-ff4e15dca71d@group-586430B97ADD, cid=826, SUCCESS, logIndex=1210, commits[6c928baf-cc3b-4a10-9362-ff4e15dca71d:c1210]
2019-08-10 04:38:03,560 INFO  client.GrpcClientProtocolClient (GrpcClientProtocolClient.java:onNext(255)) - client-71F61C017E1E->6c928baf-cc3b-4a10-9362-ff4e15dca71d: receive RaftClientReply:client-71F61C017E1E->6c928baf-cc3b-4a10-9362-ff4e15dca71d@group-586430B97ADD, cid=827, SUCCESS, logIndex=1211, commits[6c928baf-cc3b-4a10-9362-ff4e15dca71d:c1212]
2019-08-10 04:38:03,560 INFO  client.GrpcClientProtocolClient (GrpcClientProtocolClient.java:onNext(255)) - client-71F61C017E1E->6c928baf-cc3b-4a10-9362-ff4e15dca71d: receive RaftClientReply:client-71F61C017E1E->6c928baf-cc3b-4a10-9362-ff4e15dca71d@group-586430B97ADD, cid=828, SUCCESS, logIndex=1212, commits[6c928baf-cc3b-4a10-9362-ff4e15dca71d:c1212]
2019-08-10 04:38:03,583 INFO  client.GrpcClientProtocolClient (GrpcClientProtocolClient.java:onNext(255)) - client-71F61C017E1E->6c928baf-cc3b-4a10-9362-ff4e15dca71d: receive RaftClientReply:client-71F61C017E1E->6c928baf-cc3b-4a10-9362-ff4e15dca71d@group-586430B97ADD, cid=829, SUCCESS, logIndex=1215, commits[6c928baf-cc3b-4a10-9362-ff4e15dca71d:c1218]
2019-08-10 04:38:03,584 INFO  client.GrpcClientProtocolClient (GrpcClientProtocolClient.java:onNext(255)) - client-71F61C017E1E->6c928baf-cc3b-4a10-9362-ff4e15dca71d: receive RaftClientReply:client-71F61C017E1E->6c928baf-cc3b-4a10-9362-ff4e15dca71d@group-586430B97ADD, cid=830, SUCCESS, logIndex=1216, commits[6c928baf-cc3b-4a10-9362-ff4e15dca71d:c1219]
2019-08-10 04:38:03,584 INFO  client.GrpcClientProtocolClient (GrpcClientProtocolClient.java:onNext(255)) - client-71F61C017E1E->6c928baf-cc3b-4a10-9362-ff4e15dca71d: receive RaftClientReply:client-71F61C017E1E->6c928baf-cc3b-4a10-9362-ff4e15dca71d@group-586430B97ADD, cid=831, SUCCESS, logIndex=1217, commits[6c928baf-cc3b-4a10-9362-ff4e15dca71d:c1219]
2019-08-10 04:38:03,585 INFO  client.GrpcClientProtocolClient (GrpcClientProtocolClient.java:onNext(255)) - client-71F61C017E1E->6c928baf-cc3b-4a10-9362-ff4e15dca71d: receive RaftClientReply:client-71F61C017E1E->6c928baf-cc3b-4a10-9362-ff4e15dca71d@group-586430B97ADD, cid=832, SUCCESS, logIndex=1218, commits[6c928baf-cc3b-4a10-9362-ff4e15dca71d:c1219]
2019-08-10 04:38:03,592 DEBUG block.SCMBlockDeletingService (SCMBlockDeletingService.java:call(138)) - Running DeletedBlockTransactionScanner
2019-08-10 04:38:03,592 DEBUG block.SCMBlockDeletingService (SCMBlockDeletingService.java:call(155)) - Scanned deleted blocks log and got 0 delTX to process.
2019-08-10 04:38:03,610 INFO  client.GrpcClientProtocolClient (GrpcClientProtocolClient.java:onNext(255)) - client-71F61C017E1E->6c928baf-cc3b-4a10-9362-ff4e15dca71d: receive RaftClientReply:client-71F61C017E1E->6c928baf-cc3b-4a10-9362-ff4e15dca71d@group-586430B97ADD, cid=833, SUCCESS, logIndex=1220, commits[6c928baf-cc3b-4a10-9362-ff4e15dca71d:c1223]
2019-08-10 04:38:03,611 INFO  client.GrpcClientProtocolClient (GrpcClientProtocolClient.java:onNext(255)) - client-71F61C017E1E->6c928baf-cc3b-4a10-9362-ff4e15dca71d: receive RaftClientReply:client-71F61C017E1E->6c928baf-cc3b-4a10-9362-ff4e15dca71d@group-586430B97ADD, cid=834, SUCCESS, logIndex=1221, commits[6c928baf-cc3b-4a10-9362-ff4e15dca71d:c1223]
2019-08-10 04:38:03,612 INFO  client.GrpcClientProtocolClient (GrpcClientProtocolClient.java:onNext(255)) - client-71F61C017E1E->6c928baf-cc3b-4a10-9362-ff4e15dca71d: receive RaftClientReply:client-71F61C017E1E->6c928baf-cc3b-4a10-9362-ff4e15dca71d@group-586430B97ADD, cid=835, SUCCESS, logIndex=1222, commits[6c928baf-cc3b-4a10-9362-ff4e15dca71d:c1224]
2019-08-10 04:38:03,612 INFO  client.GrpcClientProtocolClient (GrpcClientProtocolClient.java:onNext(255)) - client-71F61C017E1E->6c928baf-cc3b-4a10-9362-ff4e15dca71d: receive RaftClientReply:client-71F61C017E1E->6c928baf-cc3b-4a10-9362-ff4e15dca71d@group-586430B97ADD, cid=836, SUCCESS, logIndex=1223, commits[6c928baf-cc3b-4a10-9362-ff4e15dca71d:c1224]
2019-08-10 04:38:03,632 INFO  client.GrpcClientProtocolClient (GrpcClientProtocolClient.java:onNext(255)) - client-71F61C017E1E->6c928baf-cc3b-4a10-9362-ff4e15dca71d: receive RaftClientReply:client-71F61C017E1E->6c928baf-cc3b-4a10-9362-ff4e15dca71d@group-586430B97ADD, cid=837, SUCCESS, logIndex=1226, commits[6c928baf-cc3b-4a10-9362-ff4e15dca71d:c1227]
2019-08-10 04:38:03,633 INFO  client.GrpcClientProtocolClient (GrpcClientProtocolClient.java:onNext(255)) - client-71F61C017E1E->6c928baf-cc3b-4a10-9362-ff4e15dca71d: receive RaftClientReply:client-71F61C017E1E->6c928baf-cc3b-4a10-9362-ff4e15dca71d@group-586430B97ADD, cid=838, SUCCESS, logIndex=1227, commits[6c928baf-cc3b-4a10-9362-ff4e15dca71d:c1227]
2019-08-10 04:38:03,692 DEBUG block.SCMBlockDeletingService (SCMBlockDeletingService.java:call(138)) - Running DeletedBlockTransactionScanner
2019-08-10 04:38:03,693 DEBUG block.SCMBlockDeletingService (SCMBlockDeletingService.java:call(155)) - Scanned deleted blocks log and got 0 delTX to process.
2019-08-10 04:38:03,730 INFO  client.GrpcClientProtocolClient (GrpcClientProtocolClient.java:onNext(255)) - client-71F61C017E1E->6c928baf-cc3b-4a10-9362-ff4e15dca71d: receive RaftClientReply:client-71F61C017E1E->6c928baf-cc3b-4a10-9362-ff4e15dca71d@group-586430B97ADD, cid=839, SUCCESS, logIndex=1229, commits[6c928baf-cc3b-4a10-9362-ff4e15dca71d:c1230]
2019-08-10 04:38:03,731 INFO  client.GrpcClientProtocolClient (GrpcClientProtocolClient.java:onNext(255)) - client-71F61C017E1E->6c928baf-cc3b-4a10-9362-ff4e15dca71d: receive RaftClientReply:client-71F61C017E1E->6c928baf-cc3b-4a10-9362-ff4e15dca71d@group-586430B97ADD, cid=840, SUCCESS, logIndex=1230, commits[6c928baf-cc3b-4a10-9362-ff4e15dca71d:c1230]
2019-08-10 04:38:03,759 INFO  client.GrpcClientProtocolClient (GrpcClientProtocolClient.java:onNext(255)) - client-71F61C017E1E->6c928baf-cc3b-4a10-9362-ff4e15dca71d: receive RaftClientReply:client-71F61C017E1E->6c928baf-cc3b-4a10-9362-ff4e15dca71d@group-586430B97ADD, cid=841, SUCCESS, logIndex=1232, commits[6c928baf-cc3b-4a10-9362-ff4e15dca71d:c1235]
2019-08-10 04:38:03,761 INFO  client.GrpcClientProtocolClient (GrpcClientProtocolClient.java:onNext(255)) - client-71F61C017E1E->6c928baf-cc3b-4a10-9362-ff4e15dca71d: receive RaftClientReply:client-71F61C017E1E->6c928baf-cc3b-4a10-9362-ff4e15dca71d@group-586430B97ADD, cid=842, SUCCESS, logIndex=1233, commits[6c928baf-cc3b-4a10-9362-ff4e15dca71d:c1235]
2019-08-10 04:38:03,761 INFO  client.GrpcClientProtocolClient (GrpcClientProtocolClient.java:onNext(255)) - client-71F61C017E1E->6c928baf-cc3b-4a10-9362-ff4e15dca71d: receive RaftClientReply:client-71F61C017E1E->6c928baf-cc3b-4a10-9362-ff4e15dca71d@group-586430B97ADD, cid=843, SUCCESS, logIndex=1234, commits[6c928baf-cc3b-4a10-9362-ff4e15dca71d:c1235]
2019-08-10 04:38:03,761 INFO  client.GrpcClientProtocolClient (GrpcClientProtocolClient.java:onNext(255)) - client-71F61C017E1E->6c928baf-cc3b-4a10-9362-ff4e15dca71d: receive RaftClientReply:client-71F61C017E1E->6c928baf-cc3b-4a10-9362-ff4e15dca71d@group-586430B97ADD, cid=844, SUCCESS, logIndex=1235, commits[6c928baf-cc3b-4a10-9362-ff4e15dca71d:c1235]
2019-08-10 04:38:03,782 INFO  client.GrpcClientProtocolClient (GrpcClientProtocolClient.java:onNext(255)) - client-71F61C017E1E->6c928baf-cc3b-4a10-9362-ff4e15dca71d: receive RaftClientReply:client-71F61C017E1E->6c928baf-cc3b-4a10-9362-ff4e15dca71d@group-586430B97ADD, cid=845, SUCCESS, logIndex=1237, commits[6c928baf-cc3b-4a10-9362-ff4e15dca71d:c1238]
2019-08-10 04:38:03,783 INFO  client.GrpcClientProtocolClient (GrpcClientProtocolClient.java:onNext(255)) - client-71F61C017E1E->6c928baf-cc3b-4a10-9362-ff4e15dca71d: receive RaftClientReply:client-71F61C017E1E->6c928baf-cc3b-4a10-9362-ff4e15dca71d@group-586430B97ADD, cid=846, SUCCESS, logIndex=1238, commits[6c928baf-cc3b-4a10-9362-ff4e15dca71d:c1238]
2019-08-10 04:38:03,784 INFO  client.GrpcClientProtocolClient (GrpcClientProtocolClient.java:onNext(255)) - client-71F61C017E1E->6c928baf-cc3b-4a10-9362-ff4e15dca71d: receive RaftClientReply:client-71F61C017E1E->6c928baf-cc3b-4a10-9362-ff4e15dca71d@group-586430B97ADD, cid=847, SUCCESS, logIndex=1239, commits[6c928baf-cc3b-4a10-9362-ff4e15dca71d:c1240]
2019-08-10 04:38:03,785 INFO  client.GrpcClientProtocolClient (GrpcClientProtocolClient.java:onNext(255)) - client-71F61C017E1E->6c928baf-cc3b-4a10-9362-ff4e15dca71d: receive RaftClientReply:client-71F61C017E1E->6c928baf-cc3b-4a10-9362-ff4e15dca71d@group-586430B97ADD, cid=848, SUCCESS, logIndex=1240, commits[6c928baf-cc3b-4a10-9362-ff4e15dca71d:c1240]
2019-08-10 04:38:03,793 DEBUG block.SCMBlockDeletingService (SCMBlockDeletingService.java:call(138)) - Running DeletedBlockTransactionScanner
2019-08-10 04:38:03,793 DEBUG block.SCMBlockDeletingService (SCMBlockDeletingService.java:call(155)) - Scanned deleted blocks log and got 0 delTX to process.
2019-08-10 04:38:03,813 INFO  client.GrpcClientProtocolClient (GrpcClientProtocolClient.java:onNext(255)) - client-71F61C017E1E->6c928baf-cc3b-4a10-9362-ff4e15dca71d: receive RaftClientReply:client-71F61C017E1E->6c928baf-cc3b-4a10-9362-ff4e15dca71d@group-586430B97ADD, cid=849, SUCCESS, logIndex=1243, commits[6c928baf-cc3b-4a10-9362-ff4e15dca71d:c1246]
2019-08-10 04:38:03,814 INFO  client.GrpcClientProtocolClient (GrpcClientProtocolClient.java:onNext(255)) - client-71F61C017E1E->6c928baf-cc3b-4a10-9362-ff4e15dca71d: receive RaftClientReply:client-71F61C017E1E->6c928baf-cc3b-4a10-9362-ff4e15dca71d@group-586430B97ADD, cid=850, SUCCESS, logIndex=1244, commits[6c928baf-cc3b-4a10-9362-ff4e15dca71d:c1248]
2019-08-10 04:38:03,815 INFO  client.GrpcClientProtocolClient (GrpcClientProtocolClient.java:onNext(255)) - client-71F61C017E1E->6c928baf-cc3b-4a10-9362-ff4e15dca71d: receive RaftClientReply:client-71F61C017E1E->6c928baf-cc3b-4a10-9362-ff4e15dca71d@group-586430B97ADD, cid=851, SUCCESS, logIndex=1245, commits[6c928baf-cc3b-4a10-9362-ff4e15dca71d:c1248]
2019-08-10 04:38:03,815 INFO  client.GrpcClientProtocolClient (GrpcClientProtocolClient.java:onNext(255)) - client-71F61C017E1E->6c928baf-cc3b-4a10-9362-ff4e15dca71d: receive RaftClientReply:client-71F61C017E1E->6c928baf-cc3b-4a10-9362-ff4e15dca71d@group-586430B97ADD, cid=852, SUCCESS, logIndex=1246, commits[6c928baf-cc3b-4a10-9362-ff4e15dca71d:c1248]
2019-08-10 04:38:03,843 INFO  client.GrpcClientProtocolClient (GrpcClientProtocolClient.java:onNext(255)) - client-71F61C017E1E->6c928baf-cc3b-4a10-9362-ff4e15dca71d: receive RaftClientReply:client-71F61C017E1E->6c928baf-cc3b-4a10-9362-ff4e15dca71d@group-586430B97ADD, cid=853, SUCCESS, logIndex=1249, commits[6c928baf-cc3b-4a10-9362-ff4e15dca71d:c1250]
2019-08-10 04:38:03,843 INFO  client.GrpcClientProtocolClient (GrpcClientProtocolClient.java:onNext(255)) - client-71F61C017E1E->6c928baf-cc3b-4a10-9362-ff4e15dca71d: receive RaftClientReply:client-71F61C017E1E->6c928baf-cc3b-4a10-9362-ff4e15dca71d@group-586430B97ADD, cid=854, SUCCESS, logIndex=1250, commits[6c928baf-cc3b-4a10-9362-ff4e15dca71d:c1252]
2019-08-10 04:38:03,907 DEBUG block.SCMBlockDeletingService (SCMBlockDeletingService.java:call(138)) - Running DeletedBlockTransactionScanner
2019-08-10 04:38:03,907 DEBUG block.SCMBlockDeletingService (SCMBlockDeletingService.java:call(155)) - Scanned deleted blocks log and got 0 delTX to process.
2019-08-10 04:38:03,908 INFO  client.GrpcClientProtocolClient (GrpcClientProtocolClient.java:onNext(255)) - client-71F61C017E1E->6c928baf-cc3b-4a10-9362-ff4e15dca71d: receive RaftClientReply:client-71F61C017E1E->6c928baf-cc3b-4a10-9362-ff4e15dca71d@group-586430B97ADD, cid=855, SUCCESS, logIndex=1251, commits[6c928baf-cc3b-4a10-9362-ff4e15dca71d:c1253]
2019-08-10 04:38:03,908 INFO  client.GrpcClientProtocolClient (GrpcClientProtocolClient.java:onNext(255)) - client-71F61C017E1E->6c928baf-cc3b-4a10-9362-ff4e15dca71d: receive RaftClientReply:client-71F61C017E1E->6c928baf-cc3b-4a10-9362-ff4e15dca71d@group-586430B97ADD, cid=856, SUCCESS, logIndex=1252, commits[6c928baf-cc3b-4a10-9362-ff4e15dca71d:c1254]
2019-08-10 04:38:03,942 INFO  client.GrpcClientProtocolClient (GrpcClientProtocolClient.java:onNext(255)) - client-71F61C017E1E->6c928baf-cc3b-4a10-9362-ff4e15dca71d: receive RaftClientReply:client-71F61C017E1E->6c928baf-cc3b-4a10-9362-ff4e15dca71d@group-586430B97ADD, cid=857, SUCCESS, logIndex=1255, commits[6c928baf-cc3b-4a10-9362-ff4e15dca71d:c1256]
2019-08-10 04:38:03,943 INFO  client.GrpcClientProtocolClient (GrpcClientProtocolClient.java:onNext(255)) - client-71F61C017E1E->6c928baf-cc3b-4a10-9362-ff4e15dca71d: receive RaftClientReply:client-71F61C017E1E->6c928baf-cc3b-4a10-9362-ff4e15dca71d@group-586430B97ADD, cid=858, SUCCESS, logIndex=1256, commits[6c928baf-cc3b-4a10-9362-ff4e15dca71d:c1256]
2019-08-10 04:38:03,944 INFO  client.GrpcClientProtocolClient (GrpcClientProtocolClient.java:onNext(255)) - client-71F61C017E1E->6c928baf-cc3b-4a10-9362-ff4e15dca71d: receive RaftClientReply:client-71F61C017E1E->6c928baf-cc3b-4a10-9362-ff4e15dca71d@group-586430B97ADD, cid=859, SUCCESS, logIndex=1257, commits[6c928baf-cc3b-4a10-9362-ff4e15dca71d:c1258]
2019-08-10 04:38:03,945 INFO  client.GrpcClientProtocolClient (GrpcClientProtocolClient.java:onNext(255)) - client-71F61C017E1E->6c928baf-cc3b-4a10-9362-ff4e15dca71d: receive RaftClientReply:client-71F61C017E1E->6c928baf-cc3b-4a10-9362-ff4e15dca71d@group-586430B97ADD, cid=860, SUCCESS, logIndex=1258, commits[6c928baf-cc3b-4a10-9362-ff4e15dca71d:c1258]
2019-08-10 04:38:03,956 INFO  client.GrpcClientProtocolClient (GrpcClientProtocolClient.java:onNext(255)) - client-71F61C017E1E->6c928baf-cc3b-4a10-9362-ff4e15dca71d: receive RaftClientReply:client-71F61C017E1E->6c928baf-cc3b-4a10-9362-ff4e15dca71d@group-586430B97ADD, cid=861, SUCCESS, logIndex=1261, commits[6c928baf-cc3b-4a10-9362-ff4e15dca71d:c1262]
2019-08-10 04:38:03,956 INFO  client.GrpcClientProtocolClient (GrpcClientProtocolClient.java:onNext(255)) - client-71F61C017E1E->6c928baf-cc3b-4a10-9362-ff4e15dca71d: receive RaftClientReply:client-71F61C017E1E->6c928baf-cc3b-4a10-9362-ff4e15dca71d@group-586430B97ADD, cid=862, SUCCESS, logIndex=1262, commits[6c928baf-cc3b-4a10-9362-ff4e15dca71d:c1262]
2019-08-10 04:38:03,969 INFO  client.GrpcClientProtocolClient (GrpcClientProtocolClient.java:onNext(255)) - client-71F61C017E1E->6c928baf-cc3b-4a10-9362-ff4e15dca71d: receive RaftClientReply:client-71F61C017E1E->6c928baf-cc3b-4a10-9362-ff4e15dca71d@group-586430B97ADD, cid=863, SUCCESS, logIndex=1263, commits[6c928baf-cc3b-4a10-9362-ff4e15dca71d:c1265]
2019-08-10 04:38:03,969 INFO  client.GrpcClientProtocolClient (GrpcClientProtocolClient.java:onNext(255)) - client-71F61C017E1E->6c928baf-cc3b-4a10-9362-ff4e15dca71d: receive RaftClientReply:client-71F61C017E1E->6c928baf-cc3b-4a10-9362-ff4e15dca71d@group-586430B97ADD, cid=864, SUCCESS, logIndex=1265, commits[6c928baf-cc3b-4a10-9362-ff4e15dca71d:c1266]
2019-08-10 04:38:03,988 INFO  client.GrpcClientProtocolClient (GrpcClientProtocolClient.java:onNext(255)) - client-71F61C017E1E->6c928baf-cc3b-4a10-9362-ff4e15dca71d: receive RaftClientReply:client-71F61C017E1E->6c928baf-cc3b-4a10-9362-ff4e15dca71d@group-586430B97ADD, cid=865, SUCCESS, logIndex=1267, commits[6c928baf-cc3b-4a10-9362-ff4e15dca71d:c1268]
2019-08-10 04:38:03,989 INFO  client.GrpcClientProtocolClient (GrpcClientProtocolClient.java:onNext(255)) - client-71F61C017E1E->6c928baf-cc3b-4a10-9362-ff4e15dca71d: receive RaftClientReply:client-71F61C017E1E->6c928baf-cc3b-4a10-9362-ff4e15dca71d@group-586430B97ADD, cid=866, SUCCESS, logIndex=1268, commits[6c928baf-cc3b-4a10-9362-ff4e15dca71d:c1268]
2019-08-10 04:38:04,000 INFO  client.GrpcClientProtocolClient (GrpcClientProtocolClient.java:onNext(255)) - client-71F61C017E1E->6c928baf-cc3b-4a10-9362-ff4e15dca71d: receive RaftClientReply:client-71F61C017E1E->6c928baf-cc3b-4a10-9362-ff4e15dca71d@group-586430B97ADD, cid=867, SUCCESS, logIndex=1269, commits[6c928baf-cc3b-4a10-9362-ff4e15dca71d:c1271]
2019-08-10 04:38:04,000 INFO  client.GrpcClientProtocolClient (GrpcClientProtocolClient.java:onNext(255)) - client-71F61C017E1E->6c928baf-cc3b-4a10-9362-ff4e15dca71d: receive RaftClientReply:client-71F61C017E1E->6c928baf-cc3b-4a10-9362-ff4e15dca71d@group-586430B97ADD, cid=868, SUCCESS, logIndex=1271, commits[6c928baf-cc3b-4a10-9362-ff4e15dca71d:c1272]
2019-08-10 04:38:04,008 DEBUG block.SCMBlockDeletingService (SCMBlockDeletingService.java:call(138)) - Running DeletedBlockTransactionScanner
2019-08-10 04:38:04,008 DEBUG block.SCMBlockDeletingService (SCMBlockDeletingService.java:call(155)) - Scanned deleted blocks log and got 0 delTX to process.
2019-08-10 04:38:04,019 INFO  client.GrpcClientProtocolClient (GrpcClientProtocolClient.java:onNext(255)) - client-71F61C017E1E->6c928baf-cc3b-4a10-9362-ff4e15dca71d: receive RaftClientReply:client-71F61C017E1E->6c928baf-cc3b-4a10-9362-ff4e15dca71d@group-586430B97ADD, cid=869, SUCCESS, logIndex=1273, commits[6c928baf-cc3b-4a10-9362-ff4e15dca71d:c1274]
2019-08-10 04:38:04,020 INFO  client.GrpcClientProtocolClient (GrpcClientProtocolClient.java:onNext(255)) - client-71F61C017E1E->6c928baf-cc3b-4a10-9362-ff4e15dca71d: receive RaftClientReply:client-71F61C017E1E->6c928baf-cc3b-4a10-9362-ff4e15dca71d@group-586430B97ADD, cid=870, SUCCESS, logIndex=1274, commits[6c928baf-cc3b-4a10-9362-ff4e15dca71d:c1277]
2019-08-10 04:38:04,021 INFO  client.GrpcClientProtocolClient (GrpcClientProtocolClient.java:onNext(255)) - client-71F61C017E1E->6c928baf-cc3b-4a10-9362-ff4e15dca71d: receive RaftClientReply:client-71F61C017E1E->6c928baf-cc3b-4a10-9362-ff4e15dca71d@group-586430B97ADD, cid=871, SUCCESS, logIndex=1275, commits[6c928baf-cc3b-4a10-9362-ff4e15dca71d:c1277]
2019-08-10 04:38:04,021 INFO  client.GrpcClientProtocolClient (GrpcClientProtocolClient.java:onNext(255)) - client-71F61C017E1E->6c928baf-cc3b-4a10-9362-ff4e15dca71d: receive RaftClientReply:client-71F61C017E1E->6c928baf-cc3b-4a10-9362-ff4e15dca71d@group-586430B97ADD, cid=872, SUCCESS, logIndex=1276, commits[6c928baf-cc3b-4a10-9362-ff4e15dca71d:c1278]
2019-08-10 04:38:04,044 INFO  client.GrpcClientProtocolClient (GrpcClientProtocolClient.java:onNext(255)) - client-71F61C017E1E->6c928baf-cc3b-4a10-9362-ff4e15dca71d: receive RaftClientReply:client-71F61C017E1E->6c928baf-cc3b-4a10-9362-ff4e15dca71d@group-586430B97ADD, cid=873, SUCCESS, logIndex=1279, commits[6c928baf-cc3b-4a10-9362-ff4e15dca71d:c1280]
2019-08-10 04:38:04,044 INFO  client.GrpcClientProtocolClient (GrpcClientProtocolClient.java:onNext(255)) - client-71F61C017E1E->6c928baf-cc3b-4a10-9362-ff4e15dca71d: receive RaftClientReply:client-71F61C017E1E->6c928baf-cc3b-4a10-9362-ff4e15dca71d@group-586430B97ADD, cid=874, SUCCESS, logIndex=1280, commits[6c928baf-cc3b-4a10-9362-ff4e15dca71d:c1282]
2019-08-10 04:38:04,045 INFO  client.GrpcClientProtocolClient (GrpcClientProtocolClient.java:onNext(255)) - client-71F61C017E1E->6c928baf-cc3b-4a10-9362-ff4e15dca71d: receive RaftClientReply:client-71F61C017E1E->6c928baf-cc3b-4a10-9362-ff4e15dca71d@group-586430B97ADD, cid=875, SUCCESS, logIndex=1281, commits[6c928baf-cc3b-4a10-9362-ff4e15dca71d:c1283]
2019-08-10 04:38:04,045 INFO  client.GrpcClientProtocolClient (GrpcClientProtocolClient.java:onNext(255)) - client-71F61C017E1E->6c928baf-cc3b-4a10-9362-ff4e15dca71d: receive RaftClientReply:client-71F61C017E1E->6c928baf-cc3b-4a10-9362-ff4e15dca71d@group-586430B97ADD, cid=876, SUCCESS, logIndex=1282, commits[6c928baf-cc3b-4a10-9362-ff4e15dca71d:c1284]
2019-08-10 04:38:04,064 INFO  client.GrpcClientProtocolClient (GrpcClientProtocolClient.java:onNext(255)) - client-71F61C017E1E->6c928baf-cc3b-4a10-9362-ff4e15dca71d: receive RaftClientReply:client-71F61C017E1E->6c928baf-cc3b-4a10-9362-ff4e15dca71d@group-586430B97ADD, cid=877, SUCCESS, logIndex=1285, commits[6c928baf-cc3b-4a10-9362-ff4e15dca71d:c1286]
2019-08-10 04:38:04,065 INFO  client.GrpcClientProtocolClient (GrpcClientProtocolClient.java:onNext(255)) - client-71F61C017E1E->6c928baf-cc3b-4a10-9362-ff4e15dca71d: receive RaftClientReply:client-71F61C017E1E->6c928baf-cc3b-4a10-9362-ff4e15dca71d@group-586430B97ADD, cid=878, SUCCESS, logIndex=1286, commits[6c928baf-cc3b-4a10-9362-ff4e15dca71d:c1286]
2019-08-10 04:38:04,066 INFO  client.GrpcClientProtocolClient (GrpcClientProtocolClient.java:onNext(255)) - client-71F61C017E1E->6c928baf-cc3b-4a10-9362-ff4e15dca71d: receive RaftClientReply:client-71F61C017E1E->6c928baf-cc3b-4a10-9362-ff4e15dca71d@group-586430B97ADD, cid=879, SUCCESS, logIndex=1287, commits[6c928baf-cc3b-4a10-9362-ff4e15dca71d:c1288]
2019-08-10 04:38:04,067 INFO  client.GrpcClientProtocolClient (GrpcClientProtocolClient.java:onNext(255)) - client-71F61C017E1E->6c928baf-cc3b-4a10-9362-ff4e15dca71d: receive RaftClientReply:client-71F61C017E1E->6c928baf-cc3b-4a10-9362-ff4e15dca71d@group-586430B97ADD, cid=880, SUCCESS, logIndex=1288, commits[6c928baf-cc3b-4a10-9362-ff4e15dca71d:c1288]
2019-08-10 04:38:04,093 INFO  client.GrpcClientProtocolClient (GrpcClientProtocolClient.java:onNext(255)) - client-71F61C017E1E->6c928baf-cc3b-4a10-9362-ff4e15dca71d: receive RaftClientReply:client-71F61C017E1E->6c928baf-cc3b-4a10-9362-ff4e15dca71d@group-586430B97ADD, cid=881, SUCCESS, logIndex=1291, commits[6c928baf-cc3b-4a10-9362-ff4e15dca71d:c1292]
2019-08-10 04:38:04,093 INFO  client.GrpcClientProtocolClient (GrpcClientProtocolClient.java:onNext(255)) - client-71F61C017E1E->6c928baf-cc3b-4a10-9362-ff4e15dca71d: receive RaftClientReply:client-71F61C017E1E->6c928baf-cc3b-4a10-9362-ff4e15dca71d@group-586430B97ADD, cid=882, SUCCESS, logIndex=1292, commits[6c928baf-cc3b-4a10-9362-ff4e15dca71d:c1292]
2019-08-10 04:38:04,095 INFO  client.GrpcClientProtocolClient (GrpcClientProtocolClient.java:onNext(255)) - client-71F61C017E1E->6c928baf-cc3b-4a10-9362-ff4e15dca71d: receive RaftClientReply:client-71F61C017E1E->6c928baf-cc3b-4a10-9362-ff4e15dca71d@group-586430B97ADD, cid=883, SUCCESS, logIndex=1293, commits[6c928baf-cc3b-4a10-9362-ff4e15dca71d:c1294]
2019-08-10 04:38:04,095 INFO  client.GrpcClientProtocolClient (GrpcClientProtocolClient.java:onNext(255)) - client-71F61C017E1E->6c928baf-cc3b-4a10-9362-ff4e15dca71d: receive RaftClientReply:client-71F61C017E1E->6c928baf-cc3b-4a10-9362-ff4e15dca71d@group-586430B97ADD, cid=884, SUCCESS, logIndex=1294, commits[6c928baf-cc3b-4a10-9362-ff4e15dca71d:c1294]
2019-08-10 04:38:04,109 DEBUG block.SCMBlockDeletingService (SCMBlockDeletingService.java:call(138)) - Running DeletedBlockTransactionScanner
2019-08-10 04:38:04,109 DEBUG block.SCMBlockDeletingService (SCMBlockDeletingService.java:call(155)) - Scanned deleted blocks log and got 0 delTX to process.
2019-08-10 04:38:04,202 INFO  client.GrpcClientProtocolClient (GrpcClientProtocolClient.java:onNext(255)) - client-71F61C017E1E->6c928baf-cc3b-4a10-9362-ff4e15dca71d: receive RaftClientReply:client-71F61C017E1E->6c928baf-cc3b-4a10-9362-ff4e15dca71d@group-586430B97ADD, cid=885, SUCCESS, logIndex=1297, commits[6c928baf-cc3b-4a10-9362-ff4e15dca71d:c1298]
2019-08-10 04:38:04,202 INFO  client.GrpcClientProtocolClient (GrpcClientProtocolClient.java:onNext(255)) - client-71F61C017E1E->6c928baf-cc3b-4a10-9362-ff4e15dca71d: receive RaftClientReply:client-71F61C017E1E->6c928baf-cc3b-4a10-9362-ff4e15dca71d@group-586430B97ADD, cid=886, SUCCESS, logIndex=1298, commits[6c928baf-cc3b-4a10-9362-ff4e15dca71d:c1298]
2019-08-10 04:38:04,204 INFO  client.GrpcClientProtocolClient (GrpcClientProtocolClient.java:onNext(255)) - client-71F61C017E1E->6c928baf-cc3b-4a10-9362-ff4e15dca71d: receive RaftClientReply:client-71F61C017E1E->6c928baf-cc3b-4a10-9362-ff4e15dca71d@group-586430B97ADD, cid=887, SUCCESS, logIndex=1299, commits[6c928baf-cc3b-4a10-9362-ff4e15dca71d:c1300]
2019-08-10 04:38:04,204 INFO  client.GrpcClientProtocolClient (GrpcClientProtocolClient.java:onNext(255)) - client-71F61C017E1E->6c928baf-cc3b-4a10-9362-ff4e15dca71d: receive RaftClientReply:client-71F61C017E1E->6c928baf-cc3b-4a10-9362-ff4e15dca71d@group-586430B97ADD, cid=888, SUCCESS, logIndex=1300, commits[6c928baf-cc3b-4a10-9362-ff4e15dca71d:c1300]
2019-08-10 04:38:04,209 DEBUG block.SCMBlockDeletingService (SCMBlockDeletingService.java:call(138)) - Running DeletedBlockTransactionScanner
2019-08-10 04:38:04,209 DEBUG block.SCMBlockDeletingService (SCMBlockDeletingService.java:call(155)) - Scanned deleted blocks log and got 0 delTX to process.
2019-08-10 04:38:04,233 INFO  client.GrpcClientProtocolClient (GrpcClientProtocolClient.java:onNext(255)) - client-71F61C017E1E->6c928baf-cc3b-4a10-9362-ff4e15dca71d: receive RaftClientReply:client-71F61C017E1E->6c928baf-cc3b-4a10-9362-ff4e15dca71d@group-586430B97ADD, cid=889, SUCCESS, logIndex=1303, commits[6c928baf-cc3b-4a10-9362-ff4e15dca71d:c1306]
2019-08-10 04:38:04,234 INFO  client.GrpcClientProtocolClient (GrpcClientProtocolClient.java:onNext(255)) - client-71F61C017E1E->6c928baf-cc3b-4a10-9362-ff4e15dca71d: receive RaftClientReply:client-71F61C017E1E->6c928baf-cc3b-4a10-9362-ff4e15dca71d@group-586430B97ADD, cid=890, SUCCESS, logIndex=1304, commits[6c928baf-cc3b-4a10-9362-ff4e15dca71d:c1307]
2019-08-10 04:38:04,234 INFO  client.GrpcClientProtocolClient (GrpcClientProtocolClient.java:onNext(255)) - client-71F61C017E1E->6c928baf-cc3b-4a10-9362-ff4e15dca71d: receive RaftClientReply:client-71F61C017E1E->6c928baf-cc3b-4a10-9362-ff4e15dca71d@group-586430B97ADD, cid=891, SUCCESS, logIndex=1305, commits[6c928baf-cc3b-4a10-9362-ff4e15dca71d:c1307]
2019-08-10 04:38:04,235 INFO  client.GrpcClientProtocolClient (GrpcClientProtocolClient.java:onNext(255)) - client-71F61C017E1E->6c928baf-cc3b-4a10-9362-ff4e15dca71d: receive RaftClientReply:client-71F61C017E1E->6c928baf-cc3b-4a10-9362-ff4e15dca71d@group-586430B97ADD, cid=892, SUCCESS, logIndex=1306, commits[6c928baf-cc3b-4a10-9362-ff4e15dca71d:c1307]
2019-08-10 04:38:04,257 INFO  client.GrpcClientProtocolClient (GrpcClientProtocolClient.java:onNext(255)) - client-71F61C017E1E->6c928baf-cc3b-4a10-9362-ff4e15dca71d: receive RaftClientReply:client-71F61C017E1E->6c928baf-cc3b-4a10-9362-ff4e15dca71d@group-586430B97ADD, cid=893, SUCCESS, logIndex=1308, commits[6c928baf-cc3b-4a10-9362-ff4e15dca71d:c1311]
2019-08-10 04:38:04,257 INFO  client.GrpcClientProtocolClient (GrpcClientProtocolClient.java:onNext(255)) - client-71F61C017E1E->6c928baf-cc3b-4a10-9362-ff4e15dca71d: receive RaftClientReply:client-71F61C017E1E->6c928baf-cc3b-4a10-9362-ff4e15dca71d@group-586430B97ADD, cid=894, SUCCESS, logIndex=1309, commits[6c928baf-cc3b-4a10-9362-ff4e15dca71d:c1312]
2019-08-10 04:38:04,258 INFO  client.GrpcClientProtocolClient (GrpcClientProtocolClient.java:onNext(255)) - client-71F61C017E1E->6c928baf-cc3b-4a10-9362-ff4e15dca71d: receive RaftClientReply:client-71F61C017E1E->6c928baf-cc3b-4a10-9362-ff4e15dca71d@group-586430B97ADD, cid=895, SUCCESS, logIndex=1310, commits[6c928baf-cc3b-4a10-9362-ff4e15dca71d:c1312]
2019-08-10 04:38:04,258 INFO  client.GrpcClientProtocolClient (GrpcClientProtocolClient.java:onNext(255)) - client-71F61C017E1E->6c928baf-cc3b-4a10-9362-ff4e15dca71d: receive RaftClientReply:client-71F61C017E1E->6c928baf-cc3b-4a10-9362-ff4e15dca71d@group-586430B97ADD, cid=896, SUCCESS, logIndex=1311, commits[6c928baf-cc3b-4a10-9362-ff4e15dca71d:c1312]
2019-08-10 04:38:04,285 INFO  client.GrpcClientProtocolClient (GrpcClientProtocolClient.java:onNext(255)) - client-71F61C017E1E->6c928baf-cc3b-4a10-9362-ff4e15dca71d: receive RaftClientReply:client-71F61C017E1E->6c928baf-cc3b-4a10-9362-ff4e15dca71d@group-586430B97ADD, cid=897, SUCCESS, logIndex=1313, commits[6c928baf-cc3b-4a10-9362-ff4e15dca71d:c1314]
2019-08-10 04:38:04,286 INFO  client.GrpcClientProtocolClient (GrpcClientProtocolClient.java:onNext(255)) - client-71F61C017E1E->6c928baf-cc3b-4a10-9362-ff4e15dca71d: receive RaftClientReply:client-71F61C017E1E->6c928baf-cc3b-4a10-9362-ff4e15dca71d@group-586430B97ADD, cid=898, SUCCESS, logIndex=1314, commits[6c928baf-cc3b-4a10-9362-ff4e15dca71d:c1314]
2019-08-10 04:38:04,286 INFO  client.GrpcClientProtocolClient (GrpcClientProtocolClient.java:onNext(255)) - client-71F61C017E1E->6c928baf-cc3b-4a10-9362-ff4e15dca71d: receive RaftClientReply:client-71F61C017E1E->6c928baf-cc3b-4a10-9362-ff4e15dca71d@group-586430B97ADD, cid=899, SUCCESS, logIndex=1315, commits[6c928baf-cc3b-4a10-9362-ff4e15dca71d:c1316]
2019-08-10 04:38:04,287 INFO  client.GrpcClientProtocolClient (GrpcClientProtocolClient.java:onNext(255)) - client-71F61C017E1E->6c928baf-cc3b-4a10-9362-ff4e15dca71d: receive RaftClientReply:client-71F61C017E1E->6c928baf-cc3b-4a10-9362-ff4e15dca71d@group-586430B97ADD, cid=900, SUCCESS, logIndex=1316, commits[6c928baf-cc3b-4a10-9362-ff4e15dca71d:c1316]
2019-08-10 04:38:04,310 DEBUG block.SCMBlockDeletingService (SCMBlockDeletingService.java:call(138)) - Running DeletedBlockTransactionScanner
2019-08-10 04:38:04,310 DEBUG block.SCMBlockDeletingService (SCMBlockDeletingService.java:call(155)) - Scanned deleted blocks log and got 0 delTX to process.
2019-08-10 04:38:04,324 INFO  client.GrpcClientProtocolClient (GrpcClientProtocolClient.java:onNext(255)) - client-71F61C017E1E->6c928baf-cc3b-4a10-9362-ff4e15dca71d: receive RaftClientReply:client-71F61C017E1E->6c928baf-cc3b-4a10-9362-ff4e15dca71d@group-586430B97ADD, cid=901, SUCCESS, logIndex=1319, commits[6c928baf-cc3b-4a10-9362-ff4e15dca71d:c1320]
2019-08-10 04:38:04,324 INFO  client.GrpcClientProtocolClient (GrpcClientProtocolClient.java:onNext(255)) - client-71F61C017E1E->6c928baf-cc3b-4a10-9362-ff4e15dca71d: receive RaftClientReply:client-71F61C017E1E->6c928baf-cc3b-4a10-9362-ff4e15dca71d@group-586430B97ADD, cid=902, SUCCESS, logIndex=1320, commits[6c928baf-cc3b-4a10-9362-ff4e15dca71d:c1320]
2019-08-10 04:38:04,326 INFO  client.GrpcClientProtocolClient (GrpcClientProtocolClient.java:onNext(255)) - client-71F61C017E1E->6c928baf-cc3b-4a10-9362-ff4e15dca71d: receive RaftClientReply:client-71F61C017E1E->6c928baf-cc3b-4a10-9362-ff4e15dca71d@group-586430B97ADD, cid=903, SUCCESS, logIndex=1321, commits[6c928baf-cc3b-4a10-9362-ff4e15dca71d:c1322]
2019-08-10 04:38:04,326 INFO  client.GrpcClientProtocolClient (GrpcClientProtocolClient.java:onNext(255)) - client-71F61C017E1E->6c928baf-cc3b-4a10-9362-ff4e15dca71d: receive RaftClientReply:client-71F61C017E1E->6c928baf-cc3b-4a10-9362-ff4e15dca71d@group-586430B97ADD, cid=904, SUCCESS, logIndex=1322, commits[6c928baf-cc3b-4a10-9362-ff4e15dca71d:c1322]
2019-08-10 04:38:04,353 INFO  client.GrpcClientProtocolClient (GrpcClientProtocolClient.java:onNext(255)) - client-71F61C017E1E->6c928baf-cc3b-4a10-9362-ff4e15dca71d: receive RaftClientReply:client-71F61C017E1E->6c928baf-cc3b-4a10-9362-ff4e15dca71d@group-586430B97ADD, cid=905, SUCCESS, logIndex=1325, commits[6c928baf-cc3b-4a10-9362-ff4e15dca71d:c1328]
2019-08-10 04:38:04,354 INFO  client.GrpcClientProtocolClient (GrpcClientProtocolClient.java:onNext(255)) - client-71F61C017E1E->6c928baf-cc3b-4a10-9362-ff4e15dca71d: receive RaftClientReply:client-71F61C017E1E->6c928baf-cc3b-4a10-9362-ff4e15dca71d@group-586430B97ADD, cid=906, SUCCESS, logIndex=1326, commits[6c928baf-cc3b-4a10-9362-ff4e15dca71d:c1329]
2019-08-10 04:38:04,354 INFO  client.GrpcClientProtocolClient (GrpcClientProtocolClient.java:onNext(255)) - client-71F61C017E1E->6c928baf-cc3b-4a10-9362-ff4e15dca71d: receive RaftClientReply:client-71F61C017E1E->6c928baf-cc3b-4a10-9362-ff4e15dca71d@group-586430B97ADD, cid=907, SUCCESS, logIndex=1327, commits[6c928baf-cc3b-4a10-9362-ff4e15dca71d:c1329]
2019-08-10 04:38:04,354 INFO  client.GrpcClientProtocolClient (GrpcClientProtocolClient.java:onNext(255)) - client-71F61C017E1E->6c928baf-cc3b-4a10-9362-ff4e15dca71d: receive RaftClientReply:client-71F61C017E1E->6c928baf-cc3b-4a10-9362-ff4e15dca71d@group-586430B97ADD, cid=908, SUCCESS, logIndex=1328, commits[6c928baf-cc3b-4a10-9362-ff4e15dca71d:c1330]
2019-08-10 04:38:04,375 INFO  client.GrpcClientProtocolClient (GrpcClientProtocolClient.java:onNext(255)) - client-71F61C017E1E->6c928baf-cc3b-4a10-9362-ff4e15dca71d: receive RaftClientReply:client-71F61C017E1E->6c928baf-cc3b-4a10-9362-ff4e15dca71d@group-586430B97ADD, cid=909, SUCCESS, logIndex=1331, commits[6c928baf-cc3b-4a10-9362-ff4e15dca71d:c1334]
2019-08-10 04:38:04,376 INFO  client.GrpcClientProtocolClient (GrpcClientProtocolClient.java:onNext(255)) - client-71F61C017E1E->6c928baf-cc3b-4a10-9362-ff4e15dca71d: receive RaftClientReply:client-71F61C017E1E->6c928baf-cc3b-4a10-9362-ff4e15dca71d@group-586430B97ADD, cid=910, SUCCESS, logIndex=1332, commits[6c928baf-cc3b-4a10-9362-ff4e15dca71d:c1335]
2019-08-10 04:38:04,376 INFO  client.GrpcClientProtocolClient (GrpcClientProtocolClient.java:onNext(255)) - client-71F61C017E1E->6c928baf-cc3b-4a10-9362-ff4e15dca71d: receive RaftClientReply:client-71F61C017E1E->6c928baf-cc3b-4a10-9362-ff4e15dca71d@group-586430B97ADD, cid=911, SUCCESS, logIndex=1333, commits[6c928baf-cc3b-4a10-9362-ff4e15dca71d:c1335]
2019-08-10 04:38:04,377 INFO  client.GrpcClientProtocolClient (GrpcClientProtocolClient.java:onNext(255)) - client-71F61C017E1E->6c928baf-cc3b-4a10-9362-ff4e15dca71d: receive RaftClientReply:client-71F61C017E1E->6c928baf-cc3b-4a10-9362-ff4e15dca71d@group-586430B97ADD, cid=912, SUCCESS, logIndex=1334, commits[6c928baf-cc3b-4a10-9362-ff4e15dca71d:c1335]
2019-08-10 04:38:04,406 INFO  client.GrpcClientProtocolClient (GrpcClientProtocolClient.java:onNext(255)) - client-71F61C017E1E->6c928baf-cc3b-4a10-9362-ff4e15dca71d: receive RaftClientReply:client-71F61C017E1E->6c928baf-cc3b-4a10-9362-ff4e15dca71d@group-586430B97ADD, cid=913, SUCCESS, logIndex=1336, commits[6c928baf-cc3b-4a10-9362-ff4e15dca71d:c1337]
2019-08-10 04:38:04,406 INFO  client.GrpcClientProtocolClient (GrpcClientProtocolClient.java:onNext(255)) - client-71F61C017E1E->6c928baf-cc3b-4a10-9362-ff4e15dca71d: receive RaftClientReply:client-71F61C017E1E->6c928baf-cc3b-4a10-9362-ff4e15dca71d@group-586430B97ADD, cid=914, SUCCESS, logIndex=1337, commits[6c928baf-cc3b-4a10-9362-ff4e15dca71d:c1340]
2019-08-10 04:38:04,407 INFO  client.GrpcClientProtocolClient (GrpcClientProtocolClient.java:onNext(255)) - client-71F61C017E1E->6c928baf-cc3b-4a10-9362-ff4e15dca71d: receive RaftClientReply:client-71F61C017E1E->6c928baf-cc3b-4a10-9362-ff4e15dca71d@group-586430B97ADD, cid=915, SUCCESS, logIndex=1338, commits[6c928baf-cc3b-4a10-9362-ff4e15dca71d:c1340]
2019-08-10 04:38:04,407 INFO  client.GrpcClientProtocolClient (GrpcClientProtocolClient.java:onNext(255)) - client-71F61C017E1E->6c928baf-cc3b-4a10-9362-ff4e15dca71d: receive RaftClientReply:client-71F61C017E1E->6c928baf-cc3b-4a10-9362-ff4e15dca71d@group-586430B97ADD, cid=916, SUCCESS, logIndex=1339, commits[6c928baf-cc3b-4a10-9362-ff4e15dca71d:c1341]
2019-08-10 04:38:04,410 DEBUG block.SCMBlockDeletingService (SCMBlockDeletingService.java:call(138)) - Running DeletedBlockTransactionScanner
2019-08-10 04:38:04,411 DEBUG block.SCMBlockDeletingService (SCMBlockDeletingService.java:call(155)) - Scanned deleted blocks log and got 0 delTX to process.
2019-08-10 04:38:04,427 INFO  client.GrpcClientProtocolClient (GrpcClientProtocolClient.java:onNext(255)) - client-71F61C017E1E->6c928baf-cc3b-4a10-9362-ff4e15dca71d: receive RaftClientReply:client-71F61C017E1E->6c928baf-cc3b-4a10-9362-ff4e15dca71d@group-586430B97ADD, cid=917, SUCCESS, logIndex=1342, commits[6c928baf-cc3b-4a10-9362-ff4e15dca71d:c1343]
2019-08-10 04:38:04,427 INFO  client.GrpcClientProtocolClient (GrpcClientProtocolClient.java:onNext(255)) - client-71F61C017E1E->6c928baf-cc3b-4a10-9362-ff4e15dca71d: receive RaftClientReply:client-71F61C017E1E->6c928baf-cc3b-4a10-9362-ff4e15dca71d@group-586430B97ADD, cid=918, SUCCESS, logIndex=1343, commits[6c928baf-cc3b-4a10-9362-ff4e15dca71d:c1345]
2019-08-10 04:38:04,428 INFO  client.GrpcClientProtocolClient (GrpcClientProtocolClient.java:onNext(255)) - client-71F61C017E1E->6c928baf-cc3b-4a10-9362-ff4e15dca71d: receive RaftClientReply:client-71F61C017E1E->6c928baf-cc3b-4a10-9362-ff4e15dca71d@group-586430B97ADD, cid=919, SUCCESS, logIndex=1344, commits[6c928baf-cc3b-4a10-9362-ff4e15dca71d:c1346]
2019-08-10 04:38:04,428 INFO  client.GrpcClientProtocolClient (GrpcClientProtocolClient.java:onNext(255)) - client-71F61C017E1E->6c928baf-cc3b-4a10-9362-ff4e15dca71d: receive RaftClientReply:client-71F61C017E1E->6c928baf-cc3b-4a10-9362-ff4e15dca71d@group-586430B97ADD, cid=920, SUCCESS, logIndex=1345, commits[6c928baf-cc3b-4a10-9362-ff4e15dca71d:c1347]
2019-08-10 04:38:04,454 INFO  client.GrpcClientProtocolClient (GrpcClientProtocolClient.java:onNext(255)) - client-71F61C017E1E->6c928baf-cc3b-4a10-9362-ff4e15dca71d: receive RaftClientReply:client-71F61C017E1E->6c928baf-cc3b-4a10-9362-ff4e15dca71d@group-586430B97ADD, cid=921, SUCCESS, logIndex=1348, commits[6c928baf-cc3b-4a10-9362-ff4e15dca71d:c1349]
2019-08-10 04:38:04,454 INFO  client.GrpcClientProtocolClient (GrpcClientProtocolClient.java:onNext(255)) - client-71F61C017E1E->6c928baf-cc3b-4a10-9362-ff4e15dca71d: receive RaftClientReply:client-71F61C017E1E->6c928baf-cc3b-4a10-9362-ff4e15dca71d@group-586430B97ADD, cid=922, SUCCESS, logIndex=1349, commits[6c928baf-cc3b-4a10-9362-ff4e15dca71d:c1352]
2019-08-10 04:38:04,455 INFO  client.GrpcClientProtocolClient (GrpcClientProtocolClient.java:onNext(255)) - client-71F61C017E1E->6c928baf-cc3b-4a10-9362-ff4e15dca71d: receive RaftClientReply:client-71F61C017E1E->6c928baf-cc3b-4a10-9362-ff4e15dca71d@group-586430B97ADD, cid=923, SUCCESS, logIndex=1350, commits[6c928baf-cc3b-4a10-9362-ff4e15dca71d:c1352]
2019-08-10 04:38:04,455 INFO  client.GrpcClientProtocolClient (GrpcClientProtocolClient.java:onNext(255)) - client-71F61C017E1E->6c928baf-cc3b-4a10-9362-ff4e15dca71d: receive RaftClientReply:client-71F61C017E1E->6c928baf-cc3b-4a10-9362-ff4e15dca71d@group-586430B97ADD, cid=924, SUCCESS, logIndex=1351, commits[6c928baf-cc3b-4a10-9362-ff4e15dca71d:c1353]
2019-08-10 04:38:04,476 INFO  client.GrpcClientProtocolClient (GrpcClientProtocolClient.java:onNext(255)) - client-71F61C017E1E->6c928baf-cc3b-4a10-9362-ff4e15dca71d: receive RaftClientReply:client-71F61C017E1E->6c928baf-cc3b-4a10-9362-ff4e15dca71d@group-586430B97ADD, cid=925, SUCCESS, logIndex=1354, commits[6c928baf-cc3b-4a10-9362-ff4e15dca71d:c1355]
2019-08-10 04:38:04,477 INFO  client.GrpcClientProtocolClient (GrpcClientProtocolClient.java:onNext(255)) - client-71F61C017E1E->6c928baf-cc3b-4a10-9362-ff4e15dca71d: receive RaftClientReply:client-71F61C017E1E->6c928baf-cc3b-4a10-9362-ff4e15dca71d@group-586430B97ADD, cid=926, SUCCESS, logIndex=1355, commits[6c928baf-cc3b-4a10-9362-ff4e15dca71d:c1358]
2019-08-10 04:38:04,477 INFO  client.GrpcClientProtocolClient (GrpcClientProtocolClient.java:onNext(255)) - client-71F61C017E1E->6c928baf-cc3b-4a10-9362-ff4e15dca71d: receive RaftClientReply:client-71F61C017E1E->6c928baf-cc3b-4a10-9362-ff4e15dca71d@group-586430B97ADD, cid=927, SUCCESS, logIndex=1356, commits[6c928baf-cc3b-4a10-9362-ff4e15dca71d:c1359]
2019-08-10 04:38:04,478 INFO  client.GrpcClientProtocolClient (GrpcClientProtocolClient.java:onNext(255)) - client-71F61C017E1E->6c928baf-cc3b-4a10-9362-ff4e15dca71d: receive RaftClientReply:client-71F61C017E1E->6c928baf-cc3b-4a10-9362-ff4e15dca71d@group-586430B97ADD, cid=928, SUCCESS, logIndex=1357, commits[6c928baf-cc3b-4a10-9362-ff4e15dca71d:c1359]
2019-08-10 04:38:04,511 DEBUG block.SCMBlockDeletingService (SCMBlockDeletingService.java:call(138)) - Running DeletedBlockTransactionScanner
2019-08-10 04:38:04,512 DEBUG block.SCMBlockDeletingService (SCMBlockDeletingService.java:call(155)) - Scanned deleted blocks log and got 0 delTX to process.
2019-08-10 04:38:04,656 DEBUG block.SCMBlockDeletingService (SCMBlockDeletingService.java:call(138)) - Running DeletedBlockTransactionScanner
2019-08-10 04:38:04,656 DEBUG block.SCMBlockDeletingService (SCMBlockDeletingService.java:call(155)) - Scanned deleted blocks log and got 0 delTX to process.
2019-08-10 04:38:04,689 INFO  client.GrpcClientProtocolClient (GrpcClientProtocolClient.java:onNext(255)) - client-71F61C017E1E->6c928baf-cc3b-4a10-9362-ff4e15dca71d: receive RaftClientReply:client-71F61C017E1E->6c928baf-cc3b-4a10-9362-ff4e15dca71d@group-586430B97ADD, cid=929, SUCCESS, logIndex=1360, commits[6c928baf-cc3b-4a10-9362-ff4e15dca71d:c1363]
2019-08-10 04:38:04,690 INFO  client.GrpcClientProtocolClient (GrpcClientProtocolClient.java:onNext(255)) - client-71F61C017E1E->6c928baf-cc3b-4a10-9362-ff4e15dca71d: receive RaftClientReply:client-71F61C017E1E->6c928baf-cc3b-4a10-9362-ff4e15dca71d@group-586430B97ADD, cid=930, SUCCESS, logIndex=1361, commits[6c928baf-cc3b-4a10-9362-ff4e15dca71d:c1363]
2019-08-10 04:38:04,690 INFO  client.GrpcClientProtocolClient (GrpcClientProtocolClient.java:onNext(255)) - client-71F61C017E1E->6c928baf-cc3b-4a10-9362-ff4e15dca71d: receive RaftClientReply:client-71F61C017E1E->6c928baf-cc3b-4a10-9362-ff4e15dca71d@group-586430B97ADD, cid=931, SUCCESS, logIndex=1362, commits[6c928baf-cc3b-4a10-9362-ff4e15dca71d:c1364]
2019-08-10 04:38:04,691 INFO  client.GrpcClientProtocolClient (GrpcClientProtocolClient.java:onNext(255)) - client-71F61C017E1E->6c928baf-cc3b-4a10-9362-ff4e15dca71d: receive RaftClientReply:client-71F61C017E1E->6c928baf-cc3b-4a10-9362-ff4e15dca71d@group-586430B97ADD, cid=932, SUCCESS, logIndex=1363, commits[6c928baf-cc3b-4a10-9362-ff4e15dca71d:c1364]
2019-08-10 04:38:04,712 INFO  client.GrpcClientProtocolClient (GrpcClientProtocolClient.java:onNext(255)) - client-71F61C017E1E->6c928baf-cc3b-4a10-9362-ff4e15dca71d: receive RaftClientReply:client-71F61C017E1E->6c928baf-cc3b-4a10-9362-ff4e15dca71d@group-586430B97ADD, cid=933, SUCCESS, logIndex=1365, commits[6c928baf-cc3b-4a10-9362-ff4e15dca71d:c1366]
2019-08-10 04:38:04,713 INFO  client.GrpcClientProtocolClient (GrpcClientProtocolClient.java:onNext(255)) - client-71F61C017E1E->6c928baf-cc3b-4a10-9362-ff4e15dca71d: receive RaftClientReply:client-71F61C017E1E->6c928baf-cc3b-4a10-9362-ff4e15dca71d@group-586430B97ADD, cid=934, SUCCESS, logIndex=1366, commits[6c928baf-cc3b-4a10-9362-ff4e15dca71d:c1368]
2019-08-10 04:38:04,714 INFO  client.GrpcClientProtocolClient (GrpcClientProtocolClient.java:onNext(255)) - client-71F61C017E1E->6c928baf-cc3b-4a10-9362-ff4e15dca71d: receive RaftClientReply:client-71F61C017E1E->6c928baf-cc3b-4a10-9362-ff4e15dca71d@group-586430B97ADD, cid=935, SUCCESS, logIndex=1367, commits[6c928baf-cc3b-4a10-9362-ff4e15dca71d:c1368]
2019-08-10 04:38:04,714 INFO  client.GrpcClientProtocolClient (GrpcClientProtocolClient.java:onNext(255)) - client-71F61C017E1E->6c928baf-cc3b-4a10-9362-ff4e15dca71d: receive RaftClientReply:client-71F61C017E1E->6c928baf-cc3b-4a10-9362-ff4e15dca71d@group-586430B97ADD, cid=936, SUCCESS, logIndex=1368, commits[6c928baf-cc3b-4a10-9362-ff4e15dca71d:c1370]
2019-08-10 04:38:04,745 INFO  client.GrpcClientProtocolClient (GrpcClientProtocolClient.java:onNext(255)) - client-71F61C017E1E->6c928baf-cc3b-4a10-9362-ff4e15dca71d: receive RaftClientReply:client-71F61C017E1E->6c928baf-cc3b-4a10-9362-ff4e15dca71d@group-586430B97ADD, cid=937, SUCCESS, logIndex=1371, commits[6c928baf-cc3b-4a10-9362-ff4e15dca71d:c1372]
2019-08-10 04:38:04,746 INFO  client.GrpcClientProtocolClient (GrpcClientProtocolClient.java:onNext(255)) - client-71F61C017E1E->6c928baf-cc3b-4a10-9362-ff4e15dca71d: receive RaftClientReply:client-71F61C017E1E->6c928baf-cc3b-4a10-9362-ff4e15dca71d@group-586430B97ADD, cid=938, SUCCESS, logIndex=1372, commits[6c928baf-cc3b-4a10-9362-ff4e15dca71d:c1372]
2019-08-10 04:38:04,747 INFO  client.GrpcClientProtocolClient (GrpcClientProtocolClient.java:onNext(255)) - client-71F61C017E1E->6c928baf-cc3b-4a10-9362-ff4e15dca71d: receive RaftClientReply:client-71F61C017E1E->6c928baf-cc3b-4a10-9362-ff4e15dca71d@group-586430B97ADD, cid=939, SUCCESS, logIndex=1373, commits[6c928baf-cc3b-4a10-9362-ff4e15dca71d:c1374]
2019-08-10 04:38:04,748 INFO  client.GrpcClientProtocolClient (GrpcClientProtocolClient.java:onNext(255)) - client-71F61C017E1E->6c928baf-cc3b-4a10-9362-ff4e15dca71d: receive RaftClientReply:client-71F61C017E1E->6c928baf-cc3b-4a10-9362-ff4e15dca71d@group-586430B97ADD, cid=940, SUCCESS, logIndex=1374, commits[6c928baf-cc3b-4a10-9362-ff4e15dca71d:c1374]
2019-08-10 04:38:04,756 DEBUG block.SCMBlockDeletingService (SCMBlockDeletingService.java:call(138)) - Running DeletedBlockTransactionScanner
2019-08-10 04:38:04,757 DEBUG block.SCMBlockDeletingService (SCMBlockDeletingService.java:call(155)) - Scanned deleted blocks log and got 0 delTX to process.
2019-08-10 04:38:04,759 INFO  client.GrpcClientProtocolClient (GrpcClientProtocolClient.java:onNext(255)) - client-71F61C017E1E->6c928baf-cc3b-4a10-9362-ff4e15dca71d: receive RaftClientReply:client-71F61C017E1E->6c928baf-cc3b-4a10-9362-ff4e15dca71d@group-586430B97ADD, cid=941, SUCCESS, logIndex=1377, commits[6c928baf-cc3b-4a10-9362-ff4e15dca71d:c1378]
2019-08-10 04:38:04,759 INFO  client.GrpcClientProtocolClient (GrpcClientProtocolClient.java:onNext(255)) - client-71F61C017E1E->6c928baf-cc3b-4a10-9362-ff4e15dca71d: receive RaftClientReply:client-71F61C017E1E->6c928baf-cc3b-4a10-9362-ff4e15dca71d@group-586430B97ADD, cid=942, SUCCESS, logIndex=1378, commits[6c928baf-cc3b-4a10-9362-ff4e15dca71d:c1378]
2019-08-10 04:38:04,771 INFO  client.GrpcClientProtocolClient (GrpcClientProtocolClient.java:onNext(255)) - client-71F61C017E1E->6c928baf-cc3b-4a10-9362-ff4e15dca71d: receive RaftClientReply:client-71F61C017E1E->6c928baf-cc3b-4a10-9362-ff4e15dca71d@group-586430B97ADD, cid=943, SUCCESS, logIndex=1379, commits[6c928baf-cc3b-4a10-9362-ff4e15dca71d:c1381]
2019-08-10 04:38:04,772 INFO  client.GrpcClientProtocolClient (GrpcClientProtocolClient.java:onNext(255)) - client-71F61C017E1E->6c928baf-cc3b-4a10-9362-ff4e15dca71d: receive RaftClientReply:client-71F61C017E1E->6c928baf-cc3b-4a10-9362-ff4e15dca71d@group-586430B97ADD, cid=944, SUCCESS, logIndex=1380, commits[6c928baf-cc3b-4a10-9362-ff4e15dca71d:c1381]
2019-08-10 04:38:04,799 INFO  client.GrpcClientProtocolClient (GrpcClientProtocolClient.java:onNext(255)) - client-71F61C017E1E->6c928baf-cc3b-4a10-9362-ff4e15dca71d: receive RaftClientReply:client-71F61C017E1E->6c928baf-cc3b-4a10-9362-ff4e15dca71d@group-586430B97ADD, cid=945, SUCCESS, logIndex=1382, commits[6c928baf-cc3b-4a10-9362-ff4e15dca71d:c1383]
2019-08-10 04:38:04,799 INFO  client.GrpcClientProtocolClient (GrpcClientProtocolClient.java:onNext(255)) - client-71F61C017E1E->6c928baf-cc3b-4a10-9362-ff4e15dca71d: receive RaftClientReply:client-71F61C017E1E->6c928baf-cc3b-4a10-9362-ff4e15dca71d@group-586430B97ADD, cid=946, SUCCESS, logIndex=1383, commits[6c928baf-cc3b-4a10-9362-ff4e15dca71d:c1385]
2019-08-10 04:38:04,800 INFO  client.GrpcClientProtocolClient (GrpcClientProtocolClient.java:onNext(255)) - client-71F61C017E1E->6c928baf-cc3b-4a10-9362-ff4e15dca71d: receive RaftClientReply:client-71F61C017E1E->6c928baf-cc3b-4a10-9362-ff4e15dca71d@group-586430B97ADD, cid=947, SUCCESS, logIndex=1384, commits[6c928baf-cc3b-4a10-9362-ff4e15dca71d:c1386]
2019-08-10 04:38:04,800 INFO  client.GrpcClientProtocolClient (GrpcClientProtocolClient.java:onNext(255)) - client-71F61C017E1E->6c928baf-cc3b-4a10-9362-ff4e15dca71d: receive RaftClientReply:client-71F61C017E1E->6c928baf-cc3b-4a10-9362-ff4e15dca71d@group-586430B97ADD, cid=948, SUCCESS, logIndex=1385, commits[6c928baf-cc3b-4a10-9362-ff4e15dca71d:c1387]
2019-08-10 04:38:04,821 INFO  client.GrpcClientProtocolClient (GrpcClientProtocolClient.java:onNext(255)) - client-71F61C017E1E->6c928baf-cc3b-4a10-9362-ff4e15dca71d: receive RaftClientReply:client-71F61C017E1E->6c928baf-cc3b-4a10-9362-ff4e15dca71d@group-586430B97ADD, cid=949, SUCCESS, logIndex=1388, commits[6c928baf-cc3b-4a10-9362-ff4e15dca71d:c1391]
2019-08-10 04:38:04,821 INFO  client.GrpcClientProtocolClient (GrpcClientProtocolClient.java:onNext(255)) - client-71F61C017E1E->6c928baf-cc3b-4a10-9362-ff4e15dca71d: receive RaftClientReply:client-71F61C017E1E->6c928baf-cc3b-4a10-9362-ff4e15dca71d@group-586430B97ADD, cid=950, SUCCESS, logIndex=1389, commits[6c928baf-cc3b-4a10-9362-ff4e15dca71d:c1392]
2019-08-10 04:38:04,822 INFO  client.GrpcClientProtocolClient (GrpcClientProtocolClient.java:onNext(255)) - client-71F61C017E1E->6c928baf-cc3b-4a10-9362-ff4e15dca71d: receive RaftClientReply:client-71F61C017E1E->6c928baf-cc3b-4a10-9362-ff4e15dca71d@group-586430B97ADD, cid=951, SUCCESS, logIndex=1390, commits[6c928baf-cc3b-4a10-9362-ff4e15dca71d:c1393]
2019-08-10 04:38:04,822 INFO  client.GrpcClientProtocolClient (GrpcClientProtocolClient.java:onNext(255)) - client-71F61C017E1E->6c928baf-cc3b-4a10-9362-ff4e15dca71d: receive RaftClientReply:client-71F61C017E1E->6c928baf-cc3b-4a10-9362-ff4e15dca71d@group-586430B97ADD, cid=952, SUCCESS, logIndex=1391, commits[6c928baf-cc3b-4a10-9362-ff4e15dca71d:c1393]
2019-08-10 04:38:04,848 INFO  client.GrpcClientProtocolClient (GrpcClientProtocolClient.java:onNext(255)) - client-71F61C017E1E->6c928baf-cc3b-4a10-9362-ff4e15dca71d: receive RaftClientReply:client-71F61C017E1E->6c928baf-cc3b-4a10-9362-ff4e15dca71d@group-586430B97ADD, cid=953, SUCCESS, logIndex=1394, commits[6c928baf-cc3b-4a10-9362-ff4e15dca71d:c1395]
2019-08-10 04:38:04,849 INFO  client.GrpcClientProtocolClient (GrpcClientProtocolClient.java:onNext(255)) - client-71F61C017E1E->6c928baf-cc3b-4a10-9362-ff4e15dca71d: receive RaftClientReply:client-71F61C017E1E->6c928baf-cc3b-4a10-9362-ff4e15dca71d@group-586430B97ADD, cid=954, SUCCESS, logIndex=1395, commits[6c928baf-cc3b-4a10-9362-ff4e15dca71d:c1397]
2019-08-10 04:38:04,849 INFO  client.GrpcClientProtocolClient (GrpcClientProtocolClient.java:onNext(255)) - client-71F61C017E1E->6c928baf-cc3b-4a10-9362-ff4e15dca71d: receive RaftClientReply:client-71F61C017E1E->6c928baf-cc3b-4a10-9362-ff4e15dca71d@group-586430B97ADD, cid=955, SUCCESS, logIndex=1396, commits[6c928baf-cc3b-4a10-9362-ff4e15dca71d:c1397]
2019-08-10 04:38:04,850 INFO  client.GrpcClientProtocolClient (GrpcClientProtocolClient.java:onNext(255)) - client-71F61C017E1E->6c928baf-cc3b-4a10-9362-ff4e15dca71d: receive RaftClientReply:client-71F61C017E1E->6c928baf-cc3b-4a10-9362-ff4e15dca71d@group-586430B97ADD, cid=956, SUCCESS, logIndex=1397, commits[6c928baf-cc3b-4a10-9362-ff4e15dca71d:c1398]
2019-08-10 04:38:04,857 DEBUG block.SCMBlockDeletingService (SCMBlockDeletingService.java:call(138)) - Running DeletedBlockTransactionScanner
2019-08-10 04:38:04,857 DEBUG block.SCMBlockDeletingService (SCMBlockDeletingService.java:call(155)) - Scanned deleted blocks log and got 0 delTX to process.
2019-08-10 04:38:04,869 INFO  client.GrpcClientProtocolClient (GrpcClientProtocolClient.java:onNext(255)) - client-71F61C017E1E->6c928baf-cc3b-4a10-9362-ff4e15dca71d: receive RaftClientReply:client-71F61C017E1E->6c928baf-cc3b-4a10-9362-ff4e15dca71d@group-586430B97ADD, cid=957, SUCCESS, logIndex=1400, commits[6c928baf-cc3b-4a10-9362-ff4e15dca71d:c1401]
2019-08-10 04:38:04,870 INFO  client.GrpcClientProtocolClient (GrpcClientProtocolClient.java:onNext(255)) - client-71F61C017E1E->6c928baf-cc3b-4a10-9362-ff4e15dca71d: receive RaftClientReply:client-71F61C017E1E->6c928baf-cc3b-4a10-9362-ff4e15dca71d@group-586430B97ADD, cid=958, SUCCESS, logIndex=1401, commits[6c928baf-cc3b-4a10-9362-ff4e15dca71d:c1403]
2019-08-10 04:38:04,870 INFO  client.GrpcClientProtocolClient (GrpcClientProtocolClient.java:onNext(255)) - client-71F61C017E1E->6c928baf-cc3b-4a10-9362-ff4e15dca71d: receive RaftClientReply:client-71F61C017E1E->6c928baf-cc3b-4a10-9362-ff4e15dca71d@group-586430B97ADD, cid=959, SUCCESS, logIndex=1402, commits[6c928baf-cc3b-4a10-9362-ff4e15dca71d:c1404]
2019-08-10 04:38:04,871 INFO  client.GrpcClientProtocolClient (GrpcClientProtocolClient.java:onNext(255)) - client-71F61C017E1E->6c928baf-cc3b-4a10-9362-ff4e15dca71d: receive RaftClientReply:client-71F61C017E1E->6c928baf-cc3b-4a10-9362-ff4e15dca71d@group-586430B97ADD, cid=960, SUCCESS, logIndex=1403, commits[6c928baf-cc3b-4a10-9362-ff4e15dca71d:c1404]
2019-08-10 04:38:04,896 INFO  client.GrpcClientProtocolClient (GrpcClientProtocolClient.java:onNext(255)) - client-71F61C017E1E->6c928baf-cc3b-4a10-9362-ff4e15dca71d: receive RaftClientReply:client-71F61C017E1E->6c928baf-cc3b-4a10-9362-ff4e15dca71d@group-586430B97ADD, cid=961, SUCCESS, logIndex=1406, commits[6c928baf-cc3b-4a10-9362-ff4e15dca71d:c1407]
2019-08-10 04:38:04,897 INFO  client.GrpcClientProtocolClient (GrpcClientProtocolClient.java:onNext(255)) - client-71F61C017E1E->6c928baf-cc3b-4a10-9362-ff4e15dca71d: receive RaftClientReply:client-71F61C017E1E->6c928baf-cc3b-4a10-9362-ff4e15dca71d@group-586430B97ADD, cid=962, SUCCESS, logIndex=1407, commits[6c928baf-cc3b-4a10-9362-ff4e15dca71d:c1409]
2019-08-10 04:38:04,897 INFO  client.GrpcClientProtocolClient (GrpcClientProtocolClient.java:onNext(255)) - client-71F61C017E1E->6c928baf-cc3b-4a10-9362-ff4e15dca71d: receive RaftClientReply:client-71F61C017E1E->6c928baf-cc3b-4a10-9362-ff4e15dca71d@group-586430B97ADD, cid=963, SUCCESS, logIndex=1408, commits[6c928baf-cc3b-4a10-9362-ff4e15dca71d:c1410]
2019-08-10 04:38:04,897 INFO  client.GrpcClientProtocolClient (GrpcClientProtocolClient.java:onNext(255)) - client-71F61C017E1E->6c928baf-cc3b-4a10-9362-ff4e15dca71d: receive RaftClientReply:client-71F61C017E1E->6c928baf-cc3b-4a10-9362-ff4e15dca71d@group-586430B97ADD, cid=964, SUCCESS, logIndex=1409, commits[6c928baf-cc3b-4a10-9362-ff4e15dca71d:c1411]
2019-08-10 04:38:04,916 INFO  client.GrpcClientProtocolClient (GrpcClientProtocolClient.java:onNext(255)) - client-71F61C017E1E->6c928baf-cc3b-4a10-9362-ff4e15dca71d: receive RaftClientReply:client-71F61C017E1E->6c928baf-cc3b-4a10-9362-ff4e15dca71d@group-586430B97ADD, cid=965, SUCCESS, logIndex=1412, commits[6c928baf-cc3b-4a10-9362-ff4e15dca71d:c1413]
2019-08-10 04:38:04,917 INFO  client.GrpcClientProtocolClient (GrpcClientProtocolClient.java:onNext(255)) - client-71F61C017E1E->6c928baf-cc3b-4a10-9362-ff4e15dca71d: receive RaftClientReply:client-71F61C017E1E->6c928baf-cc3b-4a10-9362-ff4e15dca71d@group-586430B97ADD, cid=966, SUCCESS, logIndex=1413, commits[6c928baf-cc3b-4a10-9362-ff4e15dca71d:c1413]
2019-08-10 04:38:04,918 INFO  client.GrpcClientProtocolClient (GrpcClientProtocolClient.java:onNext(255)) - client-71F61C017E1E->6c928baf-cc3b-4a10-9362-ff4e15dca71d: receive RaftClientReply:client-71F61C017E1E->6c928baf-cc3b-4a10-9362-ff4e15dca71d@group-586430B97ADD, cid=967, SUCCESS, logIndex=1414, commits[6c928baf-cc3b-4a10-9362-ff4e15dca71d:c1415]
2019-08-10 04:38:04,919 INFO  client.GrpcClientProtocolClient (GrpcClientProtocolClient.java:onNext(255)) - client-71F61C017E1E->6c928baf-cc3b-4a10-9362-ff4e15dca71d: receive RaftClientReply:client-71F61C017E1E->6c928baf-cc3b-4a10-9362-ff4e15dca71d@group-586430B97ADD, cid=968, SUCCESS, logIndex=1415, commits[6c928baf-cc3b-4a10-9362-ff4e15dca71d:c1416]
2019-08-10 04:38:04,936 INFO  client.GrpcClientProtocolClient (GrpcClientProtocolClient.java:onNext(255)) - client-71F61C017E1E->6c928baf-cc3b-4a10-9362-ff4e15dca71d: receive RaftClientReply:client-71F61C017E1E->6c928baf-cc3b-4a10-9362-ff4e15dca71d@group-586430B97ADD, cid=969, SUCCESS, logIndex=1418, commits[6c928baf-cc3b-4a10-9362-ff4e15dca71d:c1419]
2019-08-10 04:38:04,937 INFO  client.GrpcClientProtocolClient (GrpcClientProtocolClient.java:onNext(255)) - client-71F61C017E1E->6c928baf-cc3b-4a10-9362-ff4e15dca71d: receive RaftClientReply:client-71F61C017E1E->6c928baf-cc3b-4a10-9362-ff4e15dca71d@group-586430B97ADD, cid=970, SUCCESS, logIndex=1419, commits[6c928baf-cc3b-4a10-9362-ff4e15dca71d:c1419]
2019-08-10 04:38:04,938 INFO  client.GrpcClientProtocolClient (GrpcClientProtocolClient.java:onNext(255)) - client-71F61C017E1E->6c928baf-cc3b-4a10-9362-ff4e15dca71d: receive RaftClientReply:client-71F61C017E1E->6c928baf-cc3b-4a10-9362-ff4e15dca71d@group-586430B97ADD, cid=971, SUCCESS, logIndex=1420, commits[6c928baf-cc3b-4a10-9362-ff4e15dca71d:c1422]
2019-08-10 04:38:04,939 INFO  client.GrpcClientProtocolClient (GrpcClientProtocolClient.java:onNext(255)) - client-71F61C017E1E->6c928baf-cc3b-4a10-9362-ff4e15dca71d: receive RaftClientReply:client-71F61C017E1E->6c928baf-cc3b-4a10-9362-ff4e15dca71d@group-586430B97ADD, cid=972, SUCCESS, logIndex=1421, commits[6c928baf-cc3b-4a10-9362-ff4e15dca71d:c1422]
2019-08-10 04:38:04,958 DEBUG block.SCMBlockDeletingService (SCMBlockDeletingService.java:call(138)) - Running DeletedBlockTransactionScanner
2019-08-10 04:38:04,958 DEBUG block.SCMBlockDeletingService (SCMBlockDeletingService.java:call(155)) - Scanned deleted blocks log and got 0 delTX to process.
2019-08-10 04:38:05,056 INFO  client.GrpcClientProtocolClient (GrpcClientProtocolClient.java:onNext(255)) - client-71F61C017E1E->6c928baf-cc3b-4a10-9362-ff4e15dca71d: receive RaftClientReply:client-71F61C017E1E->6c928baf-cc3b-4a10-9362-ff4e15dca71d@group-586430B97ADD, cid=973, SUCCESS, logIndex=1423, commits[6c928baf-cc3b-4a10-9362-ff4e15dca71d:c1424]
2019-08-10 04:38:05,057 INFO  client.GrpcClientProtocolClient (GrpcClientProtocolClient.java:onNext(255)) - client-71F61C017E1E->6c928baf-cc3b-4a10-9362-ff4e15dca71d: receive RaftClientReply:client-71F61C017E1E->6c928baf-cc3b-4a10-9362-ff4e15dca71d@group-586430B97ADD, cid=974, SUCCESS, logIndex=1424, commits[6c928baf-cc3b-4a10-9362-ff4e15dca71d:c1424]
2019-08-10 04:38:05,059 DEBUG block.SCMBlockDeletingService (SCMBlockDeletingService.java:call(138)) - Running DeletedBlockTransactionScanner
2019-08-10 04:38:05,059 DEBUG block.SCMBlockDeletingService (SCMBlockDeletingService.java:call(155)) - Scanned deleted blocks log and got 0 delTX to process.
2019-08-10 04:38:05,060 INFO  client.GrpcClientProtocolClient (GrpcClientProtocolClient.java:onNext(255)) - client-71F61C017E1E->6c928baf-cc3b-4a10-9362-ff4e15dca71d: receive RaftClientReply:client-71F61C017E1E->6c928baf-cc3b-4a10-9362-ff4e15dca71d@group-586430B97ADD, cid=975, SUCCESS, logIndex=1425, commits[6c928baf-cc3b-4a10-9362-ff4e15dca71d:c1426]
2019-08-10 04:38:05,061 INFO  client.GrpcClientProtocolClient (GrpcClientProtocolClient.java:onNext(255)) - client-71F61C017E1E->6c928baf-cc3b-4a10-9362-ff4e15dca71d: receive RaftClientReply:client-71F61C017E1E->6c928baf-cc3b-4a10-9362-ff4e15dca71d@group-586430B97ADD, cid=976, SUCCESS, logIndex=1426, commits[6c928baf-cc3b-4a10-9362-ff4e15dca71d:c1426]
2019-08-10 04:38:05,082 INFO  client.GrpcClientProtocolClient (GrpcClientProtocolClient.java:onNext(255)) - client-71F61C017E1E->6c928baf-cc3b-4a10-9362-ff4e15dca71d: receive RaftClientReply:client-71F61C017E1E->6c928baf-cc3b-4a10-9362-ff4e15dca71d@group-586430B97ADD, cid=977, SUCCESS, logIndex=1429, commits[6c928baf-cc3b-4a10-9362-ff4e15dca71d:c1432]
2019-08-10 04:38:05,082 INFO  client.GrpcClientProtocolClient (GrpcClientProtocolClient.java:onNext(255)) - client-71F61C017E1E->6c928baf-cc3b-4a10-9362-ff4e15dca71d: receive RaftClientReply:client-71F61C017E1E->6c928baf-cc3b-4a10-9362-ff4e15dca71d@group-586430B97ADD, cid=978, SUCCESS, logIndex=1430, commits[6c928baf-cc3b-4a10-9362-ff4e15dca71d:c1432]
2019-08-10 04:38:05,083 INFO  client.GrpcClientProtocolClient (GrpcClientProtocolClient.java:onNext(255)) - client-71F61C017E1E->6c928baf-cc3b-4a10-9362-ff4e15dca71d: receive RaftClientReply:client-71F61C017E1E->6c928baf-cc3b-4a10-9362-ff4e15dca71d@group-586430B97ADD, cid=979, SUCCESS, logIndex=1431, commits[6c928baf-cc3b-4a10-9362-ff4e15dca71d:c1433]
2019-08-10 04:38:05,083 INFO  client.GrpcClientProtocolClient (GrpcClientProtocolClient.java:onNext(255)) - client-71F61C017E1E->6c928baf-cc3b-4a10-9362-ff4e15dca71d: receive RaftClientReply:client-71F61C017E1E->6c928baf-cc3b-4a10-9362-ff4e15dca71d@group-586430B97ADD, cid=980, SUCCESS, logIndex=1432, commits[6c928baf-cc3b-4a10-9362-ff4e15dca71d:c1433]
2019-08-10 04:38:05,103 INFO  client.GrpcClientProtocolClient (GrpcClientProtocolClient.java:onNext(255)) - client-71F61C017E1E->6c928baf-cc3b-4a10-9362-ff4e15dca71d: receive RaftClientReply:client-71F61C017E1E->6c928baf-cc3b-4a10-9362-ff4e15dca71d@group-586430B97ADD, cid=981, SUCCESS, logIndex=1434, commits[6c928baf-cc3b-4a10-9362-ff4e15dca71d:c1435]
2019-08-10 04:38:05,104 INFO  client.GrpcClientProtocolClient (GrpcClientProtocolClient.java:onNext(255)) - client-71F61C017E1E->6c928baf-cc3b-4a10-9362-ff4e15dca71d: receive RaftClientReply:client-71F61C017E1E->6c928baf-cc3b-4a10-9362-ff4e15dca71d@group-586430B97ADD, cid=982, SUCCESS, logIndex=1435, commits[6c928baf-cc3b-4a10-9362-ff4e15dca71d:c1435]
2019-08-10 04:38:05,104 INFO  client.GrpcClientProtocolClient (GrpcClientProtocolClient.java:onNext(255)) - client-71F61C017E1E->6c928baf-cc3b-4a10-9362-ff4e15dca71d: receive RaftClientReply:client-71F61C017E1E->6c928baf-cc3b-4a10-9362-ff4e15dca71d@group-586430B97ADD, cid=983, SUCCESS, logIndex=1436, commits[6c928baf-cc3b-4a10-9362-ff4e15dca71d:c1437]
2019-08-10 04:38:05,105 INFO  client.GrpcClientProtocolClient (GrpcClientProtocolClient.java:onNext(255)) - client-71F61C017E1E->6c928baf-cc3b-4a10-9362-ff4e15dca71d: receive RaftClientReply:client-71F61C017E1E->6c928baf-cc3b-4a10-9362-ff4e15dca71d@group-586430B97ADD, cid=984, SUCCESS, logIndex=1437, commits[6c928baf-cc3b-4a10-9362-ff4e15dca71d:c1437]
2019-08-10 04:38:05,130 INFO  client.GrpcClientProtocolClient (GrpcClientProtocolClient.java:onNext(255)) - client-71F61C017E1E->6c928baf-cc3b-4a10-9362-ff4e15dca71d: receive RaftClientReply:client-71F61C017E1E->6c928baf-cc3b-4a10-9362-ff4e15dca71d@group-586430B97ADD, cid=985, SUCCESS, logIndex=1440, commits[6c928baf-cc3b-4a10-9362-ff4e15dca71d:c1441]
2019-08-10 04:38:05,130 INFO  client.GrpcClientProtocolClient (GrpcClientProtocolClient.java:onNext(255)) - client-71F61C017E1E->6c928baf-cc3b-4a10-9362-ff4e15dca71d: receive RaftClientReply:client-71F61C017E1E->6c928baf-cc3b-4a10-9362-ff4e15dca71d@group-586430B97ADD, cid=986, SUCCESS, logIndex=1441, commits[6c928baf-cc3b-4a10-9362-ff4e15dca71d:c1441]
2019-08-10 04:38:05,132 INFO  client.GrpcClientProtocolClient (GrpcClientProtocolClient.java:onNext(255)) - client-71F61C017E1E->6c928baf-cc3b-4a10-9362-ff4e15dca71d: receive RaftClientReply:client-71F61C017E1E->6c928baf-cc3b-4a10-9362-ff4e15dca71d@group-586430B97ADD, cid=987, SUCCESS, logIndex=1442, commits[6c928baf-cc3b-4a10-9362-ff4e15dca71d:c1443]
2019-08-10 04:38:05,132 INFO  client.GrpcClientProtocolClient (GrpcClientProtocolClient.java:onNext(255)) - client-71F61C017E1E->6c928baf-cc3b-4a10-9362-ff4e15dca71d: receive RaftClientReply:client-71F61C017E1E->6c928baf-cc3b-4a10-9362-ff4e15dca71d@group-586430B97ADD, cid=988, SUCCESS, logIndex=1443, commits[6c928baf-cc3b-4a10-9362-ff4e15dca71d:c1443]
2019-08-10 04:38:05,145 INFO  client.GrpcClientProtocolClient (GrpcClientProtocolClient.java:onNext(255)) - client-71F61C017E1E->6c928baf-cc3b-4a10-9362-ff4e15dca71d: receive RaftClientReply:client-71F61C017E1E->6c928baf-cc3b-4a10-9362-ff4e15dca71d@group-586430B97ADD, cid=989, SUCCESS, logIndex=1446, commits[6c928baf-cc3b-4a10-9362-ff4e15dca71d:c1449]
2019-08-10 04:38:05,146 INFO  client.GrpcClientProtocolClient (GrpcClientProtocolClient.java:onNext(255)) - client-71F61C017E1E->6c928baf-cc3b-4a10-9362-ff4e15dca71d: receive RaftClientReply:client-71F61C017E1E->6c928baf-cc3b-4a10-9362-ff4e15dca71d@group-586430B97ADD, cid=990, SUCCESS, logIndex=1447, commits[6c928baf-cc3b-4a10-9362-ff4e15dca71d:c1449]
2019-08-10 04:38:05,146 INFO  client.GrpcClientProtocolClient (GrpcClientProtocolClient.java:onNext(255)) - client-71F61C017E1E->6c928baf-cc3b-4a10-9362-ff4e15dca71d: receive RaftClientReply:client-71F61C017E1E->6c928baf-cc3b-4a10-9362-ff4e15dca71d@group-586430B97ADD, cid=991, SUCCESS, logIndex=1448, commits[6c928baf-cc3b-4a10-9362-ff4e15dca71d:c1449]
2019-08-10 04:38:05,147 INFO  client.GrpcClientProtocolClient (GrpcClientProtocolClient.java:onNext(255)) - client-71F61C017E1E->6c928baf-cc3b-4a10-9362-ff4e15dca71d: receive RaftClientReply:client-71F61C017E1E->6c928baf-cc3b-4a10-9362-ff4e15dca71d@group-586430B97ADD, cid=992, SUCCESS, logIndex=1449, commits[6c928baf-cc3b-4a10-9362-ff4e15dca71d:c1449]
2019-08-10 04:38:05,160 DEBUG block.SCMBlockDeletingService (SCMBlockDeletingService.java:call(138)) - Running DeletedBlockTransactionScanner
2019-08-10 04:38:05,160 DEBUG block.SCMBlockDeletingService (SCMBlockDeletingService.java:call(155)) - Scanned deleted blocks log and got 0 delTX to process.
2019-08-10 04:38:05,174 INFO  client.GrpcClientProtocolClient (GrpcClientProtocolClient.java:onNext(255)) - client-71F61C017E1E->6c928baf-cc3b-4a10-9362-ff4e15dca71d: receive RaftClientReply:client-71F61C017E1E->6c928baf-cc3b-4a10-9362-ff4e15dca71d@group-586430B97ADD, cid=993, SUCCESS, logIndex=1451, commits[6c928baf-cc3b-4a10-9362-ff4e15dca71d:c1452]
2019-08-10 04:38:05,175 INFO  client.GrpcClientProtocolClient (GrpcClientProtocolClient.java:onNext(255)) - client-71F61C017E1E->6c928baf-cc3b-4a10-9362-ff4e15dca71d: receive RaftClientReply:client-71F61C017E1E->6c928baf-cc3b-4a10-9362-ff4e15dca71d@group-586430B97ADD, cid=994, SUCCESS, logIndex=1452, commits[6c928baf-cc3b-4a10-9362-ff4e15dca71d:c1454]
2019-08-10 04:38:05,175 INFO  client.GrpcClientProtocolClient (GrpcClientProtocolClient.java:onNext(255)) - client-71F61C017E1E->6c928baf-cc3b-4a10-9362-ff4e15dca71d: receive RaftClientReply:client-71F61C017E1E->6c928baf-cc3b-4a10-9362-ff4e15dca71d@group-586430B97ADD, cid=995, SUCCESS, logIndex=1453, commits[6c928baf-cc3b-4a10-9362-ff4e15dca71d:c1455]
2019-08-10 04:38:05,176 INFO  client.GrpcClientProtocolClient (GrpcClientProtocolClient.java:onNext(255)) - client-71F61C017E1E->6c928baf-cc3b-4a10-9362-ff4e15dca71d: receive RaftClientReply:client-71F61C017E1E->6c928baf-cc3b-4a10-9362-ff4e15dca71d@group-586430B97ADD, cid=996, SUCCESS, logIndex=1454, commits[6c928baf-cc3b-4a10-9362-ff4e15dca71d:c1456]
2019-08-10 04:38:05,196 INFO  client.GrpcClientProtocolClient (GrpcClientProtocolClient.java:onNext(255)) - client-71F61C017E1E->6c928baf-cc3b-4a10-9362-ff4e15dca71d: receive RaftClientReply:client-71F61C017E1E->6c928baf-cc3b-4a10-9362-ff4e15dca71d@group-586430B97ADD, cid=997, SUCCESS, logIndex=1457, commits[6c928baf-cc3b-4a10-9362-ff4e15dca71d:c1458]
2019-08-10 04:38:05,196 INFO  client.GrpcClientProtocolClient (GrpcClientProtocolClient.java:onNext(255)) - client-71F61C017E1E->6c928baf-cc3b-4a10-9362-ff4e15dca71d: receive RaftClientReply:client-71F61C017E1E->6c928baf-cc3b-4a10-9362-ff4e15dca71d@group-586430B97ADD, cid=998, SUCCESS, logIndex=1458, commits[6c928baf-cc3b-4a10-9362-ff4e15dca71d:c1460]
2019-08-10 04:38:05,197 INFO  client.GrpcClientProtocolClient (GrpcClientProtocolClient.java:onNext(255)) - client-71F61C017E1E->6c928baf-cc3b-4a10-9362-ff4e15dca71d: receive RaftClientReply:client-71F61C017E1E->6c928baf-cc3b-4a10-9362-ff4e15dca71d@group-586430B97ADD, cid=999, SUCCESS, logIndex=1459, commits[6c928baf-cc3b-4a10-9362-ff4e15dca71d:c1460]
2019-08-10 04:38:05,197 INFO  client.GrpcClientProtocolClient (GrpcClientProtocolClient.java:onNext(255)) - client-71F61C017E1E->6c928baf-cc3b-4a10-9362-ff4e15dca71d: receive RaftClientReply:client-71F61C017E1E->6c928baf-cc3b-4a10-9362-ff4e15dca71d@group-586430B97ADD, cid=1000, SUCCESS, logIndex=1460, commits[6c928baf-cc3b-4a10-9362-ff4e15dca71d:c1461]
2019-08-10 04:38:05,225 INFO  client.GrpcClientProtocolClient (GrpcClientProtocolClient.java:onNext(255)) - client-71F61C017E1E->6c928baf-cc3b-4a10-9362-ff4e15dca71d: receive RaftClientReply:client-71F61C017E1E->6c928baf-cc3b-4a10-9362-ff4e15dca71d@group-586430B97ADD, cid=1001, SUCCESS, logIndex=1463, commits[6c928baf-cc3b-4a10-9362-ff4e15dca71d:c1464]
2019-08-10 04:38:05,226 INFO  client.GrpcClientProtocolClient (GrpcClientProtocolClient.java:onNext(255)) - client-71F61C017E1E->6c928baf-cc3b-4a10-9362-ff4e15dca71d: receive RaftClientReply:client-71F61C017E1E->6c928baf-cc3b-4a10-9362-ff4e15dca71d@group-586430B97ADD, cid=1002, SUCCESS, logIndex=1464, commits[6c928baf-cc3b-4a10-9362-ff4e15dca71d:c1464]
2019-08-10 04:38:05,229 INFO  client.GrpcClientProtocolClient (GrpcClientProtocolClient.java:onNext(255)) - client-71F61C017E1E->6c928baf-cc3b-4a10-9362-ff4e15dca71d: receive RaftClientReply:client-71F61C017E1E->6c928baf-cc3b-4a10-9362-ff4e15dca71d@group-586430B97ADD, cid=1003, SUCCESS, logIndex=1465, commits[6c928baf-cc3b-4a10-9362-ff4e15dca71d:c1466]
2019-08-10 04:38:05,229 INFO  client.GrpcClientProtocolClient (GrpcClientProtocolClient.java:onNext(255)) - client-71F61C017E1E->6c928baf-cc3b-4a10-9362-ff4e15dca71d: receive RaftClientReply:client-71F61C017E1E->6c928baf-cc3b-4a10-9362-ff4e15dca71d@group-586430B97ADD, cid=1004, SUCCESS, logIndex=1466, commits[6c928baf-cc3b-4a10-9362-ff4e15dca71d:c1467]
2019-08-10 04:38:05,294 DEBUG block.SCMBlockDeletingService (SCMBlockDeletingService.java:call(138)) - Running DeletedBlockTransactionScanner
2019-08-10 04:38:05,295 DEBUG block.SCMBlockDeletingService (SCMBlockDeletingService.java:call(155)) - Scanned deleted blocks log and got 0 delTX to process.
2019-08-10 04:38:05,309 INFO  client.GrpcClientProtocolClient (GrpcClientProtocolClient.java:onNext(255)) - client-71F61C017E1E->6c928baf-cc3b-4a10-9362-ff4e15dca71d: receive RaftClientReply:client-71F61C017E1E->6c928baf-cc3b-4a10-9362-ff4e15dca71d@group-586430B97ADD, cid=1005, SUCCESS, logIndex=1469, commits[6c928baf-cc3b-4a10-9362-ff4e15dca71d:c1470]
2019-08-10 04:38:05,309 INFO  client.GrpcClientProtocolClient (GrpcClientProtocolClient.java:onNext(255)) - client-71F61C017E1E->6c928baf-cc3b-4a10-9362-ff4e15dca71d: receive RaftClientReply:client-71F61C017E1E->6c928baf-cc3b-4a10-9362-ff4e15dca71d@group-586430B97ADD, cid=1006, SUCCESS, logIndex=1470, commits[6c928baf-cc3b-4a10-9362-ff4e15dca71d:c1473]
2019-08-10 04:38:05,310 INFO  client.GrpcClientProtocolClient (GrpcClientProtocolClient.java:onNext(255)) - client-71F61C017E1E->6c928baf-cc3b-4a10-9362-ff4e15dca71d: receive RaftClientReply:client-71F61C017E1E->6c928baf-cc3b-4a10-9362-ff4e15dca71d@group-586430B97ADD, cid=1007, SUCCESS, logIndex=1471, commits[6c928baf-cc3b-4a10-9362-ff4e15dca71d:c1473]
2019-08-10 04:38:05,310 INFO  client.GrpcClientProtocolClient (GrpcClientProtocolClient.java:onNext(255)) - client-71F61C017E1E->6c928baf-cc3b-4a10-9362-ff4e15dca71d: receive RaftClientReply:client-71F61C017E1E->6c928baf-cc3b-4a10-9362-ff4e15dca71d@group-586430B97ADD, cid=1008, SUCCESS, logIndex=1472, commits[6c928baf-cc3b-4a10-9362-ff4e15dca71d:c1474]
2019-08-10 04:38:05,348 INFO  client.GrpcClientProtocolClient (GrpcClientProtocolClient.java:onNext(255)) - client-71F61C017E1E->6c928baf-cc3b-4a10-9362-ff4e15dca71d: receive RaftClientReply:client-71F61C017E1E->6c928baf-cc3b-4a10-9362-ff4e15dca71d@group-586430B97ADD, cid=1009, SUCCESS, logIndex=1475, commits[6c928baf-cc3b-4a10-9362-ff4e15dca71d:c1476]
2019-08-10 04:38:05,349 INFO  client.GrpcClientProtocolClient (GrpcClientProtocolClient.java:onNext(255)) - client-71F61C017E1E->6c928baf-cc3b-4a10-9362-ff4e15dca71d: receive RaftClientReply:client-71F61C017E1E->6c928baf-cc3b-4a10-9362-ff4e15dca71d@group-586430B97ADD, cid=1010, SUCCESS, logIndex=1476, commits[6c928baf-cc3b-4a10-9362-ff4e15dca71d:c1476]
2019-08-10 04:38:05,350 INFO  client.GrpcClientProtocolClient (GrpcClientProtocolClient.java:onNext(255)) - client-71F61C017E1E->6c928baf-cc3b-4a10-9362-ff4e15dca71d: receive RaftClientReply:client-71F61C017E1E->6c928baf-cc3b-4a10-9362-ff4e15dca71d@group-586430B97ADD, cid=1011, SUCCESS, logIndex=1477, commits[6c928baf-cc3b-4a10-9362-ff4e15dca71d:c1478]
2019-08-10 04:38:05,351 INFO  client.GrpcClientProtocolClient (GrpcClientProtocolClient.java:onNext(255)) - client-71F61C017E1E->6c928baf-cc3b-4a10-9362-ff4e15dca71d: receive RaftClientReply:client-71F61C017E1E->6c928baf-cc3b-4a10-9362-ff4e15dca71d@group-586430B97ADD, cid=1012, SUCCESS, logIndex=1478, commits[6c928baf-cc3b-4a10-9362-ff4e15dca71d:c1478]
2019-08-10 04:38:05,362 INFO  client.GrpcClientProtocolClient (GrpcClientProtocolClient.java:onNext(255)) - client-71F61C017E1E->6c928baf-cc3b-4a10-9362-ff4e15dca71d: receive RaftClientReply:client-71F61C017E1E->6c928baf-cc3b-4a10-9362-ff4e15dca71d@group-586430B97ADD, cid=1013, SUCCESS, logIndex=1481, commits[6c928baf-cc3b-4a10-9362-ff4e15dca71d:c1482]
2019-08-10 04:38:05,362 INFO  client.GrpcClientProtocolClient (GrpcClientProtocolClient.java:onNext(255)) - client-71F61C017E1E->6c928baf-cc3b-4a10-9362-ff4e15dca71d: receive RaftClientReply:client-71F61C017E1E->6c928baf-cc3b-4a10-9362-ff4e15dca71d@group-586430B97ADD, cid=1014, SUCCESS, logIndex=1482, commits[6c928baf-cc3b-4a10-9362-ff4e15dca71d:c1482]
2019-08-10 04:38:05,375 INFO  client.GrpcClientProtocolClient (GrpcClientProtocolClient.java:onNext(255)) - client-71F61C017E1E->6c928baf-cc3b-4a10-9362-ff4e15dca71d: receive RaftClientReply:client-71F61C017E1E->6c928baf-cc3b-4a10-9362-ff4e15dca71d@group-586430B97ADD, cid=1015, SUCCESS, logIndex=1483, commits[6c928baf-cc3b-4a10-9362-ff4e15dca71d:c1485]
2019-08-10 04:38:05,375 INFO  client.GrpcClientProtocolClient (GrpcClientProtocolClient.java:onNext(255)) - client-71F61C017E1E->6c928baf-cc3b-4a10-9362-ff4e15dca71d: receive RaftClientReply:client-71F61C017E1E->6c928baf-cc3b-4a10-9362-ff4e15dca71d@group-586430B97ADD, cid=1016, SUCCESS, logIndex=1485, commits[6c928baf-cc3b-4a10-9362-ff4e15dca71d:c1486]
2019-08-10 04:38:05,395 DEBUG block.SCMBlockDeletingService (SCMBlockDeletingService.java:call(138)) - Running DeletedBlockTransactionScanner
2019-08-10 04:38:05,395 DEBUG block.SCMBlockDeletingService (SCMBlockDeletingService.java:call(155)) - Scanned deleted blocks log and got 0 delTX to process.
2019-08-10 04:38:05,496 DEBUG block.SCMBlockDeletingService (SCMBlockDeletingService.java:call(138)) - Running DeletedBlockTransactionScanner
2019-08-10 04:38:05,496 DEBUG block.SCMBlockDeletingService (SCMBlockDeletingService.java:call(155)) - Scanned deleted blocks log and got 0 delTX to process.
2019-08-10 04:38:05,511 INFO  client.GrpcClientProtocolClient (GrpcClientProtocolClient.java:onNext(255)) - client-71F61C017E1E->6c928baf-cc3b-4a10-9362-ff4e15dca71d: receive RaftClientReply:client-71F61C017E1E->6c928baf-cc3b-4a10-9362-ff4e15dca71d@group-586430B97ADD, cid=1017, SUCCESS, logIndex=1487, commits[6c928baf-cc3b-4a10-9362-ff4e15dca71d:c1488]
2019-08-10 04:38:05,512 INFO  client.GrpcClientProtocolClient (GrpcClientProtocolClient.java:onNext(255)) - client-71F61C017E1E->6c928baf-cc3b-4a10-9362-ff4e15dca71d: receive RaftClientReply:client-71F61C017E1E->6c928baf-cc3b-4a10-9362-ff4e15dca71d@group-586430B97ADD, cid=1018, SUCCESS, logIndex=1488, commits[6c928baf-cc3b-4a10-9362-ff4e15dca71d:c1488]
2019-08-10 04:38:05,513 INFO  client.GrpcClientProtocolClient (GrpcClientProtocolClient.java:onNext(255)) - client-71F61C017E1E->6c928baf-cc3b-4a10-9362-ff4e15dca71d: receive RaftClientReply:client-71F61C017E1E->6c928baf-cc3b-4a10-9362-ff4e15dca71d@group-586430B97ADD, cid=1019, SUCCESS, logIndex=1489, commits[6c928baf-cc3b-4a10-9362-ff4e15dca71d:c1490]
2019-08-10 04:38:05,513 INFO  client.GrpcClientProtocolClient (GrpcClientProtocolClient.java:onNext(255)) - client-71F61C017E1E->6c928baf-cc3b-4a10-9362-ff4e15dca71d: receive RaftClientReply:client-71F61C017E1E->6c928baf-cc3b-4a10-9362-ff4e15dca71d@group-586430B97ADD, cid=1020, SUCCESS, logIndex=1490, commits[6c928baf-cc3b-4a10-9362-ff4e15dca71d:c1490]
2019-08-10 04:38:05,527 INFO  client.GrpcClientProtocolClient (GrpcClientProtocolClient.java:onNext(255)) - client-71F61C017E1E->6c928baf-cc3b-4a10-9362-ff4e15dca71d: receive RaftClientReply:client-71F61C017E1E->6c928baf-cc3b-4a10-9362-ff4e15dca71d@group-586430B97ADD, cid=1021, SUCCESS, logIndex=1493, commits[6c928baf-cc3b-4a10-9362-ff4e15dca71d:c1494]
2019-08-10 04:38:05,528 INFO  client.GrpcClientProtocolClient (GrpcClientProtocolClient.java:onNext(255)) - client-71F61C017E1E->6c928baf-cc3b-4a10-9362-ff4e15dca71d: receive RaftClientReply:client-71F61C017E1E->6c928baf-cc3b-4a10-9362-ff4e15dca71d@group-586430B97ADD, cid=1022, SUCCESS, logIndex=1494, commits[6c928baf-cc3b-4a10-9362-ff4e15dca71d:c1494]
2019-08-10 04:38:05,537 INFO  client.GrpcClientProtocolClient (GrpcClientProtocolClient.java:onNext(255)) - client-71F61C017E1E->6c928baf-cc3b-4a10-9362-ff4e15dca71d: receive RaftClientReply:client-71F61C017E1E->6c928baf-cc3b-4a10-9362-ff4e15dca71d@group-586430B97ADD, cid=1023, SUCCESS, logIndex=1495, commits[6c928baf-cc3b-4a10-9362-ff4e15dca71d:c1496]
2019-08-10 04:38:05,538 INFO  client.GrpcClientProtocolClient (GrpcClientProtocolClient.java:onNext(255)) - client-71F61C017E1E->6c928baf-cc3b-4a10-9362-ff4e15dca71d: receive RaftClientReply:client-71F61C017E1E->6c928baf-cc3b-4a10-9362-ff4e15dca71d@group-586430B97ADD, cid=1024, SUCCESS, logIndex=1496, commits[6c928baf-cc3b-4a10-9362-ff4e15dca71d:c1498]
2019-08-10 04:38:05,568 INFO  client.GrpcClientProtocolClient (GrpcClientProtocolClient.java:onNext(255)) - client-71F61C017E1E->6c928baf-cc3b-4a10-9362-ff4e15dca71d: receive RaftClientReply:client-71F61C017E1E->6c928baf-cc3b-4a10-9362-ff4e15dca71d@group-586430B97ADD, cid=1025, SUCCESS, logIndex=1499, commits[6c928baf-cc3b-4a10-9362-ff4e15dca71d:c1500]
2019-08-10 04:38:05,568 INFO  client.GrpcClientProtocolClient (GrpcClientProtocolClient.java:onNext(255)) - client-71F61C017E1E->6c928baf-cc3b-4a10-9362-ff4e15dca71d: receive RaftClientReply:client-71F61C017E1E->6c928baf-cc3b-4a10-9362-ff4e15dca71d@group-586430B97ADD, cid=1026, SUCCESS, logIndex=1500, commits[6c928baf-cc3b-4a10-9362-ff4e15dca71d:c1500]
2019-08-10 04:38:05,570 INFO  client.GrpcClientProtocolClient (GrpcClientProtocolClient.java:onNext(255)) - client-71F61C017E1E->6c928baf-cc3b-4a10-9362-ff4e15dca71d: receive RaftClientReply:client-71F61C017E1E->6c928baf-cc3b-4a10-9362-ff4e15dca71d@group-586430B97ADD, cid=1027, SUCCESS, logIndex=1501, commits[6c928baf-cc3b-4a10-9362-ff4e15dca71d:c1502]
2019-08-10 04:38:05,570 INFO  client.GrpcClientProtocolClient (GrpcClientProtocolClient.java:onNext(255)) - client-71F61C017E1E->6c928baf-cc3b-4a10-9362-ff4e15dca71d: receive RaftClientReply:client-71F61C017E1E->6c928baf-cc3b-4a10-9362-ff4e15dca71d@group-586430B97ADD, cid=1028, SUCCESS, logIndex=1502, commits[6c928baf-cc3b-4a10-9362-ff4e15dca71d:c1502]
2019-08-10 04:38:05,593 INFO  client.GrpcClientProtocolClient (GrpcClientProtocolClient.java:onNext(255)) - client-71F61C017E1E->6c928baf-cc3b-4a10-9362-ff4e15dca71d: receive RaftClientReply:client-71F61C017E1E->6c928baf-cc3b-4a10-9362-ff4e15dca71d@group-586430B97ADD, cid=1029, SUCCESS, logIndex=1505, commits[6c928baf-cc3b-4a10-9362-ff4e15dca71d:c1508]
2019-08-10 04:38:05,594 INFO  client.GrpcClientProtocolClient (GrpcClientProtocolClient.java:onNext(255)) - client-71F61C017E1E->6c928baf-cc3b-4a10-9362-ff4e15dca71d: receive RaftClientReply:client-71F61C017E1E->6c928baf-cc3b-4a10-9362-ff4e15dca71d@group-586430B97ADD, cid=1030, SUCCESS, logIndex=1506, commits[6c928baf-cc3b-4a10-9362-ff4e15dca71d:c1509]
2019-08-10 04:38:05,594 INFO  client.GrpcClientProtocolClient (GrpcClientProtocolClient.java:onNext(255)) - client-71F61C017E1E->6c928baf-cc3b-4a10-9362-ff4e15dca71d: receive RaftClientReply:client-71F61C017E1E->6c928baf-cc3b-4a10-9362-ff4e15dca71d@group-586430B97ADD, cid=1031, SUCCESS, logIndex=1507, commits[6c928baf-cc3b-4a10-9362-ff4e15dca71d:c1509]
2019-08-10 04:38:05,595 INFO  client.GrpcClientProtocolClient (GrpcClientProtocolClient.java:onNext(255)) - client-71F61C017E1E->6c928baf-cc3b-4a10-9362-ff4e15dca71d: receive RaftClientReply:client-71F61C017E1E->6c928baf-cc3b-4a10-9362-ff4e15dca71d@group-586430B97ADD, cid=1032, SUCCESS, logIndex=1508, commits[6c928baf-cc3b-4a10-9362-ff4e15dca71d:c1509]
2019-08-10 04:38:05,596 DEBUG block.SCMBlockDeletingService (SCMBlockDeletingService.java:call(138)) - Running DeletedBlockTransactionScanner
2019-08-10 04:38:05,597 DEBUG block.SCMBlockDeletingService (SCMBlockDeletingService.java:call(155)) - Scanned deleted blocks log and got 0 delTX to process.
2019-08-10 04:38:05,632 INFO  client.GrpcClientProtocolClient (GrpcClientProtocolClient.java:onNext(255)) - client-71F61C017E1E->6c928baf-cc3b-4a10-9362-ff4e15dca71d: receive RaftClientReply:client-71F61C017E1E->6c928baf-cc3b-4a10-9362-ff4e15dca71d@group-586430B97ADD, cid=1033, SUCCESS, logIndex=1510, commits[6c928baf-cc3b-4a10-9362-ff4e15dca71d:c1511]
2019-08-10 04:38:05,634 INFO  client.GrpcClientProtocolClient (GrpcClientProtocolClient.java:onNext(255)) - client-71F61C017E1E->6c928baf-cc3b-4a10-9362-ff4e15dca71d: receive RaftClientReply:client-71F61C017E1E->6c928baf-cc3b-4a10-9362-ff4e15dca71d@group-586430B97ADD, cid=1034, SUCCESS, logIndex=1511, commits[6c928baf-cc3b-4a10-9362-ff4e15dca71d:c1511]
2019-08-10 04:38:05,635 INFO  client.GrpcClientProtocolClient (GrpcClientProtocolClient.java:onNext(255)) - client-71F61C017E1E->6c928baf-cc3b-4a10-9362-ff4e15dca71d: receive RaftClientReply:client-71F61C017E1E->6c928baf-cc3b-4a10-9362-ff4e15dca71d@group-586430B97ADD, cid=1035, SUCCESS, logIndex=1512, commits[6c928baf-cc3b-4a10-9362-ff4e15dca71d:c1513]
2019-08-10 04:38:05,635 INFO  client.GrpcClientProtocolClient (GrpcClientProtocolClient.java:onNext(255)) - client-71F61C017E1E->6c928baf-cc3b-4a10-9362-ff4e15dca71d: receive RaftClientReply:client-71F61C017E1E->6c928baf-cc3b-4a10-9362-ff4e15dca71d@group-586430B97ADD, cid=1036, SUCCESS, logIndex=1513, commits[6c928baf-cc3b-4a10-9362-ff4e15dca71d:c1514]
2019-08-10 04:38:05,655 INFO  client.GrpcClientProtocolClient (GrpcClientProtocolClient.java:onNext(255)) - client-71F61C017E1E->6c928baf-cc3b-4a10-9362-ff4e15dca71d: receive RaftClientReply:client-71F61C017E1E->6c928baf-cc3b-4a10-9362-ff4e15dca71d@group-586430B97ADD, cid=1037, SUCCESS, logIndex=1516, commits[6c928baf-cc3b-4a10-9362-ff4e15dca71d:c1517]
2019-08-10 04:38:05,656 INFO  client.GrpcClientProtocolClient (GrpcClientProtocolClient.java:onNext(255)) - client-71F61C017E1E->6c928baf-cc3b-4a10-9362-ff4e15dca71d: receive RaftClientReply:client-71F61C017E1E->6c928baf-cc3b-4a10-9362-ff4e15dca71d@group-586430B97ADD, cid=1038, SUCCESS, logIndex=1517, commits[6c928baf-cc3b-4a10-9362-ff4e15dca71d:c1519]
2019-08-10 04:38:05,657 INFO  client.GrpcClientProtocolClient (GrpcClientProtocolClient.java:onNext(255)) - client-71F61C017E1E->6c928baf-cc3b-4a10-9362-ff4e15dca71d: receive RaftClientReply:client-71F61C017E1E->6c928baf-cc3b-4a10-9362-ff4e15dca71d@group-586430B97ADD, cid=1039, SUCCESS, logIndex=1518, commits[6c928baf-cc3b-4a10-9362-ff4e15dca71d:c1520]
2019-08-10 04:38:05,657 INFO  client.GrpcClientProtocolClient (GrpcClientProtocolClient.java:onNext(255)) - client-71F61C017E1E->6c928baf-cc3b-4a10-9362-ff4e15dca71d: receive RaftClientReply:client-71F61C017E1E->6c928baf-cc3b-4a10-9362-ff4e15dca71d@group-586430B97ADD, cid=1040, SUCCESS, logIndex=1519, commits[6c928baf-cc3b-4a10-9362-ff4e15dca71d:c1521]
2019-08-10 04:38:05,684 INFO  client.GrpcClientProtocolClient (GrpcClientProtocolClient.java:onNext(255)) - client-71F61C017E1E->6c928baf-cc3b-4a10-9362-ff4e15dca71d: receive RaftClientReply:client-71F61C017E1E->6c928baf-cc3b-4a10-9362-ff4e15dca71d@group-586430B97ADD, cid=1041, SUCCESS, logIndex=1522, commits[6c928baf-cc3b-4a10-9362-ff4e15dca71d:c1523]
2019-08-10 04:38:05,685 INFO  client.GrpcClientProtocolClient (GrpcClientProtocolClient.java:onNext(255)) - client-71F61C017E1E->6c928baf-cc3b-4a10-9362-ff4e15dca71d: receive RaftClientReply:client-71F61C017E1E->6c928baf-cc3b-4a10-9362-ff4e15dca71d@group-586430B97ADD, cid=1042, SUCCESS, logIndex=1523, commits[6c928baf-cc3b-4a10-9362-ff4e15dca71d:c1525]
2019-08-10 04:38:05,685 INFO  client.GrpcClientProtocolClient (GrpcClientProtocolClient.java:onNext(255)) - client-71F61C017E1E->6c928baf-cc3b-4a10-9362-ff4e15dca71d: receive RaftClientReply:client-71F61C017E1E->6c928baf-cc3b-4a10-9362-ff4e15dca71d@group-586430B97ADD, cid=1043, SUCCESS, logIndex=1524, commits[6c928baf-cc3b-4a10-9362-ff4e15dca71d:c1526]
2019-08-10 04:38:05,686 INFO  client.GrpcClientProtocolClient (GrpcClientProtocolClient.java:onNext(255)) - client-71F61C017E1E->6c928baf-cc3b-4a10-9362-ff4e15dca71d: receive RaftClientReply:client-71F61C017E1E->6c928baf-cc3b-4a10-9362-ff4e15dca71d@group-586430B97ADD, cid=1044, SUCCESS, logIndex=1525, commits[6c928baf-cc3b-4a10-9362-ff4e15dca71d:c1526]
2019-08-10 04:38:05,697 DEBUG block.SCMBlockDeletingService (SCMBlockDeletingService.java:call(138)) - Running DeletedBlockTransactionScanner
2019-08-10 04:38:05,697 DEBUG block.SCMBlockDeletingService (SCMBlockDeletingService.java:call(155)) - Scanned deleted blocks log and got 0 delTX to process.
2019-08-10 04:38:05,707 INFO  client.GrpcClientProtocolClient (GrpcClientProtocolClient.java:onNext(255)) - client-71F61C017E1E->6c928baf-cc3b-4a10-9362-ff4e15dca71d: receive RaftClientReply:client-71F61C017E1E->6c928baf-cc3b-4a10-9362-ff4e15dca71d@group-586430B97ADD, cid=1045, SUCCESS, logIndex=1528, commits[6c928baf-cc3b-4a10-9362-ff4e15dca71d:c1529]
2019-08-10 04:38:05,707 INFO  client.GrpcClientProtocolClient (GrpcClientProtocolClient.java:onNext(255)) - client-71F61C017E1E->6c928baf-cc3b-4a10-9362-ff4e15dca71d: receive RaftClientReply:client-71F61C017E1E->6c928baf-cc3b-4a10-9362-ff4e15dca71d@group-586430B97ADD, cid=1046, SUCCESS, logIndex=1529, commits[6c928baf-cc3b-4a10-9362-ff4e15dca71d:c1531]
2019-08-10 04:38:05,708 INFO  client.GrpcClientProtocolClient (GrpcClientProtocolClient.java:onNext(255)) - client-71F61C017E1E->6c928baf-cc3b-4a10-9362-ff4e15dca71d: receive RaftClientReply:client-71F61C017E1E->6c928baf-cc3b-4a10-9362-ff4e15dca71d@group-586430B97ADD, cid=1047, SUCCESS, logIndex=1530, commits[6c928baf-cc3b-4a10-9362-ff4e15dca71d:c1532]
2019-08-10 04:38:05,708 INFO  client.GrpcClientProtocolClient (GrpcClientProtocolClient.java:onNext(255)) - client-71F61C017E1E->6c928baf-cc3b-4a10-9362-ff4e15dca71d: receive RaftClientReply:client-71F61C017E1E->6c928baf-cc3b-4a10-9362-ff4e15dca71d@group-586430B97ADD, cid=1048, SUCCESS, logIndex=1531, commits[6c928baf-cc3b-4a10-9362-ff4e15dca71d:c1533]
2019-08-10 04:38:05,738 INFO  client.GrpcClientProtocolClient (GrpcClientProtocolClient.java:onNext(255)) - client-71F61C017E1E->6c928baf-cc3b-4a10-9362-ff4e15dca71d: receive RaftClientReply:client-71F61C017E1E->6c928baf-cc3b-4a10-9362-ff4e15dca71d@group-586430B97ADD, cid=1049, SUCCESS, logIndex=1534, commits[6c928baf-cc3b-4a10-9362-ff4e15dca71d:c1535]
2019-08-10 04:38:05,738 INFO  client.GrpcClientProtocolClient (GrpcClientProtocolClient.java:onNext(255)) - client-71F61C017E1E->6c928baf-cc3b-4a10-9362-ff4e15dca71d: receive RaftClientReply:client-71F61C017E1E->6c928baf-cc3b-4a10-9362-ff4e15dca71d@group-586430B97ADD, cid=1050, SUCCESS, logIndex=1535, commits[6c928baf-cc3b-4a10-9362-ff4e15dca71d:c1537]
2019-08-10 04:38:05,739 INFO  client.GrpcClientProtocolClient (GrpcClientProtocolClient.java:onNext(255)) - client-71F61C017E1E->6c928baf-cc3b-4a10-9362-ff4e15dca71d: receive RaftClientReply:client-71F61C017E1E->6c928baf-cc3b-4a10-9362-ff4e15dca71d@group-586430B97ADD, cid=1051, SUCCESS, logIndex=1536, commits[6c928baf-cc3b-4a10-9362-ff4e15dca71d:c1538]
2019-08-10 04:38:05,739 INFO  client.GrpcClientProtocolClient (GrpcClientProtocolClient.java:onNext(255)) - client-71F61C017E1E->6c928baf-cc3b-4a10-9362-ff4e15dca71d: receive RaftClientReply:client-71F61C017E1E->6c928baf-cc3b-4a10-9362-ff4e15dca71d@group-586430B97ADD, cid=1052, SUCCESS, logIndex=1537, commits[6c928baf-cc3b-4a10-9362-ff4e15dca71d:c1539]
2019-08-10 04:38:05,759 INFO  client.GrpcClientProtocolClient (GrpcClientProtocolClient.java:onNext(255)) - client-71F61C017E1E->6c928baf-cc3b-4a10-9362-ff4e15dca71d: receive RaftClientReply:client-71F61C017E1E->6c928baf-cc3b-4a10-9362-ff4e15dca71d@group-586430B97ADD, cid=1053, SUCCESS, logIndex=1540, commits[6c928baf-cc3b-4a10-9362-ff4e15dca71d:c1543]
2019-08-10 04:38:05,760 INFO  client.GrpcClientProtocolClient (GrpcClientProtocolClient.java:onNext(255)) - client-71F61C017E1E->6c928baf-cc3b-4a10-9362-ff4e15dca71d: receive RaftClientReply:client-71F61C017E1E->6c928baf-cc3b-4a10-9362-ff4e15dca71d@group-586430B97ADD, cid=1054, SUCCESS, logIndex=1541, commits[6c928baf-cc3b-4a10-9362-ff4e15dca71d:c1544]
2019-08-10 04:38:05,760 INFO  client.GrpcClientProtocolClient (GrpcClientProtocolClient.java:onNext(255)) - client-71F61C017E1E->6c928baf-cc3b-4a10-9362-ff4e15dca71d: receive RaftClientReply:client-71F61C017E1E->6c928baf-cc3b-4a10-9362-ff4e15dca71d@group-586430B97ADD, cid=1055, SUCCESS, logIndex=1542, commits[6c928baf-cc3b-4a10-9362-ff4e15dca71d:c1544]
2019-08-10 04:38:05,761 INFO  client.GrpcClientProtocolClient (GrpcClientProtocolClient.java:onNext(255)) - client-71F61C017E1E->6c928baf-cc3b-4a10-9362-ff4e15dca71d: receive RaftClientReply:client-71F61C017E1E->6c928baf-cc3b-4a10-9362-ff4e15dca71d@group-586430B97ADD, cid=1056, SUCCESS, logIndex=1543, commits[6c928baf-cc3b-4a10-9362-ff4e15dca71d:c1545]
2019-08-10 04:38:05,792 INFO  client.GrpcClientProtocolClient (GrpcClientProtocolClient.java:onNext(255)) - client-71F61C017E1E->6c928baf-cc3b-4a10-9362-ff4e15dca71d: receive RaftClientReply:client-71F61C017E1E->6c928baf-cc3b-4a10-9362-ff4e15dca71d@group-586430B97ADD, cid=1057, SUCCESS, logIndex=1546, commits[6c928baf-cc3b-4a10-9362-ff4e15dca71d:c1547]
2019-08-10 04:38:05,793 INFO  client.GrpcClientProtocolClient (GrpcClientProtocolClient.java:onNext(255)) - client-71F61C017E1E->6c928baf-cc3b-4a10-9362-ff4e15dca71d: receive RaftClientReply:client-71F61C017E1E->6c928baf-cc3b-4a10-9362-ff4e15dca71d@group-586430B97ADD, cid=1058, SUCCESS, logIndex=1547, commits[6c928baf-cc3b-4a10-9362-ff4e15dca71d:c1550]
2019-08-10 04:38:05,793 INFO  client.GrpcClientProtocolClient (GrpcClientProtocolClient.java:onNext(255)) - client-71F61C017E1E->6c928baf-cc3b-4a10-9362-ff4e15dca71d: receive RaftClientReply:client-71F61C017E1E->6c928baf-cc3b-4a10-9362-ff4e15dca71d@group-586430B97ADD, cid=1059, SUCCESS, logIndex=1548, commits[6c928baf-cc3b-4a10-9362-ff4e15dca71d:c1550]
2019-08-10 04:38:05,794 INFO  client.GrpcClientProtocolClient (GrpcClientProtocolClient.java:onNext(255)) - client-71F61C017E1E->6c928baf-cc3b-4a10-9362-ff4e15dca71d: receive RaftClientReply:client-71F61C017E1E->6c928baf-cc3b-4a10-9362-ff4e15dca71d@group-586430B97ADD, cid=1060, SUCCESS, logIndex=1549, commits[6c928baf-cc3b-4a10-9362-ff4e15dca71d:c1551]
2019-08-10 04:38:05,798 DEBUG block.SCMBlockDeletingService (SCMBlockDeletingService.java:call(138)) - Running DeletedBlockTransactionScanner
2019-08-10 04:38:05,798 DEBUG block.SCMBlockDeletingService (SCMBlockDeletingService.java:call(155)) - Scanned deleted blocks log and got 0 delTX to process.
2019-08-10 04:38:05,898 DEBUG block.SCMBlockDeletingService (SCMBlockDeletingService.java:call(138)) - Running DeletedBlockTransactionScanner
2019-08-10 04:38:05,899 DEBUG block.SCMBlockDeletingService (SCMBlockDeletingService.java:call(155)) - Scanned deleted blocks log and got 0 delTX to process.
2019-08-10 04:38:05,940 INFO  client.GrpcClientProtocolClient (GrpcClientProtocolClient.java:onNext(255)) - client-71F61C017E1E->6c928baf-cc3b-4a10-9362-ff4e15dca71d: receive RaftClientReply:client-71F61C017E1E->6c928baf-cc3b-4a10-9362-ff4e15dca71d@group-586430B97ADD, cid=1061, SUCCESS, logIndex=1552, commits[6c928baf-cc3b-4a10-9362-ff4e15dca71d:c1555]
2019-08-10 04:38:05,941 INFO  client.GrpcClientProtocolClient (GrpcClientProtocolClient.java:onNext(255)) - client-71F61C017E1E->6c928baf-cc3b-4a10-9362-ff4e15dca71d: receive RaftClientReply:client-71F61C017E1E->6c928baf-cc3b-4a10-9362-ff4e15dca71d@group-586430B97ADD, cid=1062, SUCCESS, logIndex=1553, commits[6c928baf-cc3b-4a10-9362-ff4e15dca71d:c1556]
2019-08-10 04:38:05,941 INFO  client.GrpcClientProtocolClient (GrpcClientProtocolClient.java:onNext(255)) - client-71F61C017E1E->6c928baf-cc3b-4a10-9362-ff4e15dca71d: receive RaftClientReply:client-71F61C017E1E->6c928baf-cc3b-4a10-9362-ff4e15dca71d@group-586430B97ADD, cid=1063, SUCCESS, logIndex=1554, commits[6c928baf-cc3b-4a10-9362-ff4e15dca71d:c1556]
2019-08-10 04:38:05,942 INFO  client.GrpcClientProtocolClient (GrpcClientProtocolClient.java:onNext(255)) - client-71F61C017E1E->6c928baf-cc3b-4a10-9362-ff4e15dca71d: receive RaftClientReply:client-71F61C017E1E->6c928baf-cc3b-4a10-9362-ff4e15dca71d@group-586430B97ADD, cid=1064, SUCCESS, logIndex=1555, commits[6c928baf-cc3b-4a10-9362-ff4e15dca71d:c1556]
2019-08-10 04:38:06,038 DEBUG block.SCMBlockDeletingService (SCMBlockDeletingService.java:call(138)) - Running DeletedBlockTransactionScanner
2019-08-10 04:38:06,039 DEBUG block.SCMBlockDeletingService (SCMBlockDeletingService.java:call(155)) - Scanned deleted blocks log and got 0 delTX to process.
2019-08-10 04:38:06,042 INFO  client.GrpcClientProtocolClient (GrpcClientProtocolClient.java:onNext(255)) - client-71F61C017E1E->6c928baf-cc3b-4a10-9362-ff4e15dca71d: receive RaftClientReply:client-71F61C017E1E->6c928baf-cc3b-4a10-9362-ff4e15dca71d@group-586430B97ADD, cid=1065, SUCCESS, logIndex=1557, commits[6c928baf-cc3b-4a10-9362-ff4e15dca71d:c1558]
2019-08-10 04:38:06,044 INFO  client.GrpcClientProtocolClient (GrpcClientProtocolClient.java:onNext(255)) - client-71F61C017E1E->6c928baf-cc3b-4a10-9362-ff4e15dca71d: receive RaftClientReply:client-71F61C017E1E->6c928baf-cc3b-4a10-9362-ff4e15dca71d@group-586430B97ADD, cid=1066, SUCCESS, logIndex=1558, commits[6c928baf-cc3b-4a10-9362-ff4e15dca71d:c1558]
2019-08-10 04:38:06,053 INFO  client.GrpcClientProtocolClient (GrpcClientProtocolClient.java:onNext(255)) - client-71F61C017E1E->6c928baf-cc3b-4a10-9362-ff4e15dca71d: receive RaftClientReply:client-71F61C017E1E->6c928baf-cc3b-4a10-9362-ff4e15dca71d@group-586430B97ADD, cid=1067, SUCCESS, logIndex=1560, commits[6c928baf-cc3b-4a10-9362-ff4e15dca71d:c1561]
2019-08-10 04:38:06,054 INFO  client.GrpcClientProtocolClient (GrpcClientProtocolClient.java:onNext(255)) - client-71F61C017E1E->6c928baf-cc3b-4a10-9362-ff4e15dca71d: receive RaftClientReply:client-71F61C017E1E->6c928baf-cc3b-4a10-9362-ff4e15dca71d@group-586430B97ADD, cid=1068, SUCCESS, logIndex=1561, commits[6c928baf-cc3b-4a10-9362-ff4e15dca71d:c1562]
2019-08-10 04:38:06,079 INFO  client.GrpcClientProtocolClient (GrpcClientProtocolClient.java:onNext(255)) - client-71F61C017E1E->6c928baf-cc3b-4a10-9362-ff4e15dca71d: receive RaftClientReply:client-71F61C017E1E->6c928baf-cc3b-4a10-9362-ff4e15dca71d@group-586430B97ADD, cid=1069, SUCCESS, logIndex=1563, commits[6c928baf-cc3b-4a10-9362-ff4e15dca71d:c1566]
2019-08-10 04:38:06,079 INFO  client.GrpcClientProtocolClient (GrpcClientProtocolClient.java:onNext(255)) - client-71F61C017E1E->6c928baf-cc3b-4a10-9362-ff4e15dca71d: receive RaftClientReply:client-71F61C017E1E->6c928baf-cc3b-4a10-9362-ff4e15dca71d@group-586430B97ADD, cid=1070, SUCCESS, logIndex=1564, commits[6c928baf-cc3b-4a10-9362-ff4e15dca71d:c1567]
2019-08-10 04:38:06,080 INFO  client.GrpcClientProtocolClient (GrpcClientProtocolClient.java:onNext(255)) - client-71F61C017E1E->6c928baf-cc3b-4a10-9362-ff4e15dca71d: receive RaftClientReply:client-71F61C017E1E->6c928baf-cc3b-4a10-9362-ff4e15dca71d@group-586430B97ADD, cid=1071, SUCCESS, logIndex=1565, commits[6c928baf-cc3b-4a10-9362-ff4e15dca71d:c1567]
2019-08-10 04:38:06,081 INFO  client.GrpcClientProtocolClient (GrpcClientProtocolClient.java:onNext(255)) - client-71F61C017E1E->6c928baf-cc3b-4a10-9362-ff4e15dca71d: receive RaftClientReply:client-71F61C017E1E->6c928baf-cc3b-4a10-9362-ff4e15dca71d@group-586430B97ADD, cid=1072, SUCCESS, logIndex=1566, commits[6c928baf-cc3b-4a10-9362-ff4e15dca71d:c1567]
2019-08-10 04:38:06,118 INFO  client.GrpcClientProtocolClient (GrpcClientProtocolClient.java:onNext(255)) - client-71F61C017E1E->6c928baf-cc3b-4a10-9362-ff4e15dca71d: receive RaftClientReply:client-71F61C017E1E->6c928baf-cc3b-4a10-9362-ff4e15dca71d@group-586430B97ADD, cid=1073, SUCCESS, logIndex=1568, commits[6c928baf-cc3b-4a10-9362-ff4e15dca71d:c1571]
2019-08-10 04:38:06,119 INFO  client.GrpcClientProtocolClient (GrpcClientProtocolClient.java:onNext(255)) - client-71F61C017E1E->6c928baf-cc3b-4a10-9362-ff4e15dca71d: receive RaftClientReply:client-71F61C017E1E->6c928baf-cc3b-4a10-9362-ff4e15dca71d@group-586430B97ADD, cid=1074, SUCCESS, logIndex=1569, commits[6c928baf-cc3b-4a10-9362-ff4e15dca71d:c1572]
2019-08-10 04:38:06,119 INFO  client.GrpcClientProtocolClient (GrpcClientProtocolClient.java:onNext(255)) - client-71F61C017E1E->6c928baf-cc3b-4a10-9362-ff4e15dca71d: receive RaftClientReply:client-71F61C017E1E->6c928baf-cc3b-4a10-9362-ff4e15dca71d@group-586430B97ADD, cid=1075, SUCCESS, logIndex=1570, commits[6c928baf-cc3b-4a10-9362-ff4e15dca71d:c1572]
2019-08-10 04:38:06,120 INFO  client.GrpcClientProtocolClient (GrpcClientProtocolClient.java:onNext(255)) - client-71F61C017E1E->6c928baf-cc3b-4a10-9362-ff4e15dca71d: receive RaftClientReply:client-71F61C017E1E->6c928baf-cc3b-4a10-9362-ff4e15dca71d@group-586430B97ADD, cid=1076, SUCCESS, logIndex=1571, commits[6c928baf-cc3b-4a10-9362-ff4e15dca71d:c1572]
2019-08-10 04:38:06,139 DEBUG block.SCMBlockDeletingService (SCMBlockDeletingService.java:call(138)) - Running DeletedBlockTransactionScanner
2019-08-10 04:38:06,139 DEBUG block.SCMBlockDeletingService (SCMBlockDeletingService.java:call(155)) - Scanned deleted blocks log and got 0 delTX to process.
2019-08-10 04:38:06,143 INFO  client.GrpcClientProtocolClient (GrpcClientProtocolClient.java:onNext(255)) - client-71F61C017E1E->6c928baf-cc3b-4a10-9362-ff4e15dca71d: receive RaftClientReply:client-71F61C017E1E->6c928baf-cc3b-4a10-9362-ff4e15dca71d@group-586430B97ADD, cid=1077, SUCCESS, logIndex=1573, commits[6c928baf-cc3b-4a10-9362-ff4e15dca71d:c1576]
2019-08-10 04:38:06,144 INFO  client.GrpcClientProtocolClient (GrpcClientProtocolClient.java:onNext(255)) - client-71F61C017E1E->6c928baf-cc3b-4a10-9362-ff4e15dca71d: receive RaftClientReply:client-71F61C017E1E->6c928baf-cc3b-4a10-9362-ff4e15dca71d@group-586430B97ADD, cid=1078, SUCCESS, logIndex=1574, commits[6c928baf-cc3b-4a10-9362-ff4e15dca71d:c1576]
2019-08-10 04:38:06,144 INFO  client.GrpcClientProtocolClient (GrpcClientProtocolClient.java:onNext(255)) - client-71F61C017E1E->6c928baf-cc3b-4a10-9362-ff4e15dca71d: receive RaftClientReply:client-71F61C017E1E->6c928baf-cc3b-4a10-9362-ff4e15dca71d@group-586430B97ADD, cid=1079, SUCCESS, logIndex=1575, commits[6c928baf-cc3b-4a10-9362-ff4e15dca71d:c1577]
2019-08-10 04:38:06,145 INFO  client.GrpcClientProtocolClient (GrpcClientProtocolClient.java:onNext(255)) - client-71F61C017E1E->6c928baf-cc3b-4a10-9362-ff4e15dca71d: receive RaftClientReply:client-71F61C017E1E->6c928baf-cc3b-4a10-9362-ff4e15dca71d@group-586430B97ADD, cid=1080, SUCCESS, logIndex=1576, commits[6c928baf-cc3b-4a10-9362-ff4e15dca71d:c1577]
2019-08-10 04:38:06,172 INFO  client.GrpcClientProtocolClient (GrpcClientProtocolClient.java:onNext(255)) - client-71F61C017E1E->6c928baf-cc3b-4a10-9362-ff4e15dca71d: receive RaftClientReply:client-71F61C017E1E->6c928baf-cc3b-4a10-9362-ff4e15dca71d@group-586430B97ADD, cid=1081, SUCCESS, logIndex=1578, commits[6c928baf-cc3b-4a10-9362-ff4e15dca71d:c1579]
2019-08-10 04:38:06,173 INFO  client.GrpcClientProtocolClient (GrpcClientProtocolClient.java:onNext(255)) - client-71F61C017E1E->6c928baf-cc3b-4a10-9362-ff4e15dca71d: receive RaftClientReply:client-71F61C017E1E->6c928baf-cc3b-4a10-9362-ff4e15dca71d@group-586430B97ADD, cid=1082, SUCCESS, logIndex=1579, commits[6c928baf-cc3b-4a10-9362-ff4e15dca71d:c1581]
2019-08-10 04:38:06,173 INFO  client.GrpcClientProtocolClient (GrpcClientProtocolClient.java:onNext(255)) - client-71F61C017E1E->6c928baf-cc3b-4a10-9362-ff4e15dca71d: receive RaftClientReply:client-71F61C017E1E->6c928baf-cc3b-4a10-9362-ff4e15dca71d@group-586430B97ADD, cid=1083, SUCCESS, logIndex=1580, commits[6c928baf-cc3b-4a10-9362-ff4e15dca71d:c1582]
2019-08-10 04:38:06,174 INFO  client.GrpcClientProtocolClient (GrpcClientProtocolClient.java:onNext(255)) - client-71F61C017E1E->6c928baf-cc3b-4a10-9362-ff4e15dca71d: receive RaftClientReply:client-71F61C017E1E->6c928baf-cc3b-4a10-9362-ff4e15dca71d@group-586430B97ADD, cid=1084, SUCCESS, logIndex=1581, commits[6c928baf-cc3b-4a10-9362-ff4e15dca71d:c1582]
2019-08-10 04:38:06,197 INFO  client.GrpcClientProtocolClient (GrpcClientProtocolClient.java:onNext(255)) - client-71F61C017E1E->6c928baf-cc3b-4a10-9362-ff4e15dca71d: receive RaftClientReply:client-71F61C017E1E->6c928baf-cc3b-4a10-9362-ff4e15dca71d@group-586430B97ADD, cid=1085, SUCCESS, logIndex=1584, commits[6c928baf-cc3b-4a10-9362-ff4e15dca71d:c1587]
2019-08-10 04:38:06,197 INFO  client.GrpcClientProtocolClient (GrpcClientProtocolClient.java:onNext(255)) - client-71F61C017E1E->6c928baf-cc3b-4a10-9362-ff4e15dca71d: receive RaftClientReply:client-71F61C017E1E->6c928baf-cc3b-4a10-9362-ff4e15dca71d@group-586430B97ADD, cid=1086, SUCCESS, logIndex=1585, commits[6c928baf-cc3b-4a10-9362-ff4e15dca71d:c1588]
2019-08-10 04:38:06,198 INFO  client.GrpcClientProtocolClient (GrpcClientProtocolClient.java:onNext(255)) - client-71F61C017E1E->6c928baf-cc3b-4a10-9362-ff4e15dca71d: receive RaftClientReply:client-71F61C017E1E->6c928baf-cc3b-4a10-9362-ff4e15dca71d@group-586430B97ADD, cid=1087, SUCCESS, logIndex=1586, commits[6c928baf-cc3b-4a10-9362-ff4e15dca71d:c1588]
2019-08-10 04:38:06,198 INFO  client.GrpcClientProtocolClient (GrpcClientProtocolClient.java:onNext(255)) - client-71F61C017E1E->6c928baf-cc3b-4a10-9362-ff4e15dca71d: receive RaftClientReply:client-71F61C017E1E->6c928baf-cc3b-4a10-9362-ff4e15dca71d@group-586430B97ADD, cid=1088, SUCCESS, logIndex=1587, commits[6c928baf-cc3b-4a10-9362-ff4e15dca71d:c1588]
2019-08-10 04:38:06,225 INFO  client.GrpcClientProtocolClient (GrpcClientProtocolClient.java:onNext(255)) - client-71F61C017E1E->6c928baf-cc3b-4a10-9362-ff4e15dca71d: receive RaftClientReply:client-71F61C017E1E->6c928baf-cc3b-4a10-9362-ff4e15dca71d@group-586430B97ADD, cid=1089, SUCCESS, logIndex=1589, commits[6c928baf-cc3b-4a10-9362-ff4e15dca71d:c1592]
2019-08-10 04:38:06,226 INFO  client.GrpcClientProtocolClient (GrpcClientProtocolClient.java:onNext(255)) - client-71F61C017E1E->6c928baf-cc3b-4a10-9362-ff4e15dca71d: receive RaftClientReply:client-71F61C017E1E->6c928baf-cc3b-4a10-9362-ff4e15dca71d@group-586430B97ADD, cid=1090, SUCCESS, logIndex=1590, commits[6c928baf-cc3b-4a10-9362-ff4e15dca71d:c1593]
2019-08-10 04:38:06,226 INFO  client.GrpcClientProtocolClient (GrpcClientProtocolClient.java:onNext(255)) - client-71F61C017E1E->6c928baf-cc3b-4a10-9362-ff4e15dca71d: receive RaftClientReply:client-71F61C017E1E->6c928baf-cc3b-4a10-9362-ff4e15dca71d@group-586430B97ADD, cid=1091, SUCCESS, logIndex=1591, commits[6c928baf-cc3b-4a10-9362-ff4e15dca71d:c1593]
2019-08-10 04:38:06,227 INFO  client.GrpcClientProtocolClient (GrpcClientProtocolClient.java:onNext(255)) - client-71F61C017E1E->6c928baf-cc3b-4a10-9362-ff4e15dca71d: receive RaftClientReply:client-71F61C017E1E->6c928baf-cc3b-4a10-9362-ff4e15dca71d@group-586430B97ADD, cid=1092, SUCCESS, logIndex=1592, commits[6c928baf-cc3b-4a10-9362-ff4e15dca71d:c1594]
2019-08-10 04:38:06,240 DEBUG block.SCMBlockDeletingService (SCMBlockDeletingService.java:call(138)) - Running DeletedBlockTransactionScanner
2019-08-10 04:38:06,240 DEBUG block.SCMBlockDeletingService (SCMBlockDeletingService.java:call(155)) - Scanned deleted blocks log and got 0 delTX to process.
2019-08-10 04:38:06,252 INFO  client.GrpcClientProtocolClient (GrpcClientProtocolClient.java:onNext(255)) - client-71F61C017E1E->6c928baf-cc3b-4a10-9362-ff4e15dca71d: receive RaftClientReply:client-71F61C017E1E->6c928baf-cc3b-4a10-9362-ff4e15dca71d@group-586430B97ADD, cid=1093, SUCCESS, logIndex=1595, commits[6c928baf-cc3b-4a10-9362-ff4e15dca71d:c1598]
2019-08-10 04:38:06,253 INFO  client.GrpcClientProtocolClient (GrpcClientProtocolClient.java:onNext(255)) - client-71F61C017E1E->6c928baf-cc3b-4a10-9362-ff4e15dca71d: receive RaftClientReply:client-71F61C017E1E->6c928baf-cc3b-4a10-9362-ff4e15dca71d@group-586430B97ADD, cid=1094, SUCCESS, logIndex=1596, commits[6c928baf-cc3b-4a10-9362-ff4e15dca71d:c1599]
2019-08-10 04:38:06,254 INFO  client.GrpcClientProtocolClient (GrpcClientProtocolClient.java:onNext(255)) - client-71F61C017E1E->6c928baf-cc3b-4a10-9362-ff4e15dca71d: receive RaftClientReply:client-71F61C017E1E->6c928baf-cc3b-4a10-9362-ff4e15dca71d@group-586430B97ADD, cid=1095, SUCCESS, logIndex=1597, commits[6c928baf-cc3b-4a10-9362-ff4e15dca71d:c1600]
2019-08-10 04:38:06,254 INFO  client.GrpcClientProtocolClient (GrpcClientProtocolClient.java:onNext(255)) - client-71F61C017E1E->6c928baf-cc3b-4a10-9362-ff4e15dca71d: receive RaftClientReply:client-71F61C017E1E->6c928baf-cc3b-4a10-9362-ff4e15dca71d@group-586430B97ADD, cid=1096, SUCCESS, logIndex=1598, commits[6c928baf-cc3b-4a10-9362-ff4e15dca71d:c1600]
2019-08-10 04:38:06,287 INFO  client.GrpcClientProtocolClient (GrpcClientProtocolClient.java:onNext(255)) - client-71F61C017E1E->6c928baf-cc3b-4a10-9362-ff4e15dca71d: receive RaftClientReply:client-71F61C017E1E->6c928baf-cc3b-4a10-9362-ff4e15dca71d@group-586430B97ADD, cid=1097, SUCCESS, logIndex=1601, commits[6c928baf-cc3b-4a10-9362-ff4e15dca71d:c1604]
2019-08-10 04:38:06,288 INFO  client.GrpcClientProtocolClient (GrpcClientProtocolClient.java:onNext(255)) - client-71F61C017E1E->6c928baf-cc3b-4a10-9362-ff4e15dca71d: receive RaftClientReply:client-71F61C017E1E->6c928baf-cc3b-4a10-9362-ff4e15dca71d@group-586430B97ADD, cid=1098, SUCCESS, logIndex=1602, commits[6c928baf-cc3b-4a10-9362-ff4e15dca71d:c1605]
2019-08-10 04:38:06,289 INFO  client.GrpcClientProtocolClient (GrpcClientProtocolClient.java:onNext(255)) - client-71F61C017E1E->6c928baf-cc3b-4a10-9362-ff4e15dca71d: receive RaftClientReply:client-71F61C017E1E->6c928baf-cc3b-4a10-9362-ff4e15dca71d@group-586430B97ADD, cid=1099, SUCCESS, logIndex=1603, commits[6c928baf-cc3b-4a10-9362-ff4e15dca71d:c1605]
2019-08-10 04:38:06,289 INFO  client.GrpcClientProtocolClient (GrpcClientProtocolClient.java:onNext(255)) - client-71F61C017E1E->6c928baf-cc3b-4a10-9362-ff4e15dca71d: receive RaftClientReply:client-71F61C017E1E->6c928baf-cc3b-4a10-9362-ff4e15dca71d@group-586430B97ADD, cid=1100, SUCCESS, logIndex=1604, commits[6c928baf-cc3b-4a10-9362-ff4e15dca71d:c1605]
2019-08-10 04:38:06,312 INFO  client.GrpcClientProtocolClient (GrpcClientProtocolClient.java:onNext(255)) - client-71F61C017E1E->6c928baf-cc3b-4a10-9362-ff4e15dca71d: receive RaftClientReply:client-71F61C017E1E->6c928baf-cc3b-4a10-9362-ff4e15dca71d@group-586430B97ADD, cid=1101, SUCCESS, logIndex=1606, commits[6c928baf-cc3b-4a10-9362-ff4e15dca71d:c1609]
2019-08-10 04:38:06,312 INFO  client.GrpcClientProtocolClient (GrpcClientProtocolClient.java:onNext(255)) - client-71F61C017E1E->6c928baf-cc3b-4a10-9362-ff4e15dca71d: receive RaftClientReply:client-71F61C017E1E->6c928baf-cc3b-4a10-9362-ff4e15dca71d@group-586430B97ADD, cid=1102, SUCCESS, logIndex=1607, commits[6c928baf-cc3b-4a10-9362-ff4e15dca71d:c1610]
2019-08-10 04:38:06,313 INFO  client.GrpcClientProtocolClient (GrpcClientProtocolClient.java:onNext(255)) - client-71F61C017E1E->6c928baf-cc3b-4a10-9362-ff4e15dca71d: receive RaftClientReply:client-71F61C017E1E->6c928baf-cc3b-4a10-9362-ff4e15dca71d@group-586430B97ADD, cid=1103, SUCCESS, logIndex=1608, commits[6c928baf-cc3b-4a10-9362-ff4e15dca71d:c1610]
2019-08-10 04:38:06,313 INFO  client.GrpcClientProtocolClient (GrpcClientProtocolClient.java:onNext(255)) - client-71F61C017E1E->6c928baf-cc3b-4a10-9362-ff4e15dca71d: receive RaftClientReply:client-71F61C017E1E->6c928baf-cc3b-4a10-9362-ff4e15dca71d@group-586430B97ADD, cid=1104, SUCCESS, logIndex=1609, commits[6c928baf-cc3b-4a10-9362-ff4e15dca71d:c1610]
2019-08-10 04:38:06,341 DEBUG block.SCMBlockDeletingService (SCMBlockDeletingService.java:call(138)) - Running DeletedBlockTransactionScanner
2019-08-10 04:38:06,341 DEBUG block.SCMBlockDeletingService (SCMBlockDeletingService.java:call(155)) - Scanned deleted blocks log and got 0 delTX to process.
2019-08-10 04:38:06,438 INFO  client.GrpcClientProtocolClient (GrpcClientProtocolClient.java:onNext(255)) - client-71F61C017E1E->6c928baf-cc3b-4a10-9362-ff4e15dca71d: receive RaftClientReply:client-71F61C017E1E->6c928baf-cc3b-4a10-9362-ff4e15dca71d@group-586430B97ADD, cid=1105, SUCCESS, logIndex=1611, commits[6c928baf-cc3b-4a10-9362-ff4e15dca71d:c1614]
2019-08-10 04:38:06,439 INFO  client.GrpcClientProtocolClient (GrpcClientProtocolClient.java:onNext(255)) - client-71F61C017E1E->6c928baf-cc3b-4a10-9362-ff4e15dca71d: receive RaftClientReply:client-71F61C017E1E->6c928baf-cc3b-4a10-9362-ff4e15dca71d@group-586430B97ADD, cid=1106, SUCCESS, logIndex=1612, commits[6c928baf-cc3b-4a10-9362-ff4e15dca71d:c1615]
2019-08-10 04:38:06,439 INFO  client.GrpcClientProtocolClient (GrpcClientProtocolClient.java:onNext(255)) - client-71F61C017E1E->6c928baf-cc3b-4a10-9362-ff4e15dca71d: receive RaftClientReply:client-71F61C017E1E->6c928baf-cc3b-4a10-9362-ff4e15dca71d@group-586430B97ADD, cid=1107, SUCCESS, logIndex=1613, commits[6c928baf-cc3b-4a10-9362-ff4e15dca71d:c1615]
2019-08-10 04:38:06,440 INFO  client.GrpcClientProtocolClient (GrpcClientProtocolClient.java:onNext(255)) - client-71F61C017E1E->6c928baf-cc3b-4a10-9362-ff4e15dca71d: receive RaftClientReply:client-71F61C017E1E->6c928baf-cc3b-4a10-9362-ff4e15dca71d@group-586430B97ADD, cid=1108, SUCCESS, logIndex=1614, commits[6c928baf-cc3b-4a10-9362-ff4e15dca71d:c1616]
2019-08-10 04:38:06,441 DEBUG block.SCMBlockDeletingService (SCMBlockDeletingService.java:call(138)) - Running DeletedBlockTransactionScanner
2019-08-10 04:38:06,442 DEBUG block.SCMBlockDeletingService (SCMBlockDeletingService.java:call(155)) - Scanned deleted blocks log and got 0 delTX to process.
2019-08-10 04:38:06,461 INFO  client.GrpcClientProtocolClient (GrpcClientProtocolClient.java:onNext(255)) - client-71F61C017E1E->6c928baf-cc3b-4a10-9362-ff4e15dca71d: receive RaftClientReply:client-71F61C017E1E->6c928baf-cc3b-4a10-9362-ff4e15dca71d@group-586430B97ADD, cid=1109, SUCCESS, logIndex=1617, commits[6c928baf-cc3b-4a10-9362-ff4e15dca71d:c1620]
2019-08-10 04:38:06,462 INFO  client.GrpcClientProtocolClient (GrpcClientProtocolClient.java:onNext(255)) - client-71F61C017E1E->6c928baf-cc3b-4a10-9362-ff4e15dca71d: receive RaftClientReply:client-71F61C017E1E->6c928baf-cc3b-4a10-9362-ff4e15dca71d@group-586430B97ADD, cid=1110, SUCCESS, logIndex=1618, commits[6c928baf-cc3b-4a10-9362-ff4e15dca71d:c1621]
2019-08-10 04:38:06,462 INFO  client.GrpcClientProtocolClient (GrpcClientProtocolClient.java:onNext(255)) - client-71F61C017E1E->6c928baf-cc3b-4a10-9362-ff4e15dca71d: receive RaftClientReply:client-71F61C017E1E->6c928baf-cc3b-4a10-9362-ff4e15dca71d@group-586430B97ADD, cid=1111, SUCCESS, logIndex=1619, commits[6c928baf-cc3b-4a10-9362-ff4e15dca71d:c1621]
2019-08-10 04:38:06,463 INFO  client.GrpcClientProtocolClient (GrpcClientProtocolClient.java:onNext(255)) - client-71F61C017E1E->6c928baf-cc3b-4a10-9362-ff4e15dca71d: receive RaftClientReply:client-71F61C017E1E->6c928baf-cc3b-4a10-9362-ff4e15dca71d@group-586430B97ADD, cid=1112, SUCCESS, logIndex=1620, commits[6c928baf-cc3b-4a10-9362-ff4e15dca71d:c1621]
2019-08-10 04:38:06,492 INFO  client.GrpcClientProtocolClient (GrpcClientProtocolClient.java:onNext(255)) - client-71F61C017E1E->6c928baf-cc3b-4a10-9362-ff4e15dca71d: receive RaftClientReply:client-71F61C017E1E->6c928baf-cc3b-4a10-9362-ff4e15dca71d@group-586430B97ADD, cid=1113, SUCCESS, logIndex=1622, commits[6c928baf-cc3b-4a10-9362-ff4e15dca71d:c1625]
2019-08-10 04:38:06,493 INFO  client.GrpcClientProtocolClient (GrpcClientProtocolClient.java:onNext(255)) - client-71F61C017E1E->6c928baf-cc3b-4a10-9362-ff4e15dca71d: receive RaftClientReply:client-71F61C017E1E->6c928baf-cc3b-4a10-9362-ff4e15dca71d@group-586430B97ADD, cid=1114, SUCCESS, logIndex=1623, commits[6c928baf-cc3b-4a10-9362-ff4e15dca71d:c1626]
2019-08-10 04:38:06,493 INFO  client.GrpcClientProtocolClient (GrpcClientProtocolClient.java:onNext(255)) - client-71F61C017E1E->6c928baf-cc3b-4a10-9362-ff4e15dca71d: receive RaftClientReply:client-71F61C017E1E->6c928baf-cc3b-4a10-9362-ff4e15dca71d@group-586430B97ADD, cid=1115, SUCCESS, logIndex=1624, commits[6c928baf-cc3b-4a10-9362-ff4e15dca71d:c1626]
2019-08-10 04:38:06,494 INFO  client.GrpcClientProtocolClient (GrpcClientProtocolClient.java:onNext(255)) - client-71F61C017E1E->6c928baf-cc3b-4a10-9362-ff4e15dca71d: receive RaftClientReply:client-71F61C017E1E->6c928baf-cc3b-4a10-9362-ff4e15dca71d@group-586430B97ADD, cid=1116, SUCCESS, logIndex=1625, commits[6c928baf-cc3b-4a10-9362-ff4e15dca71d:c1626]
2019-08-10 04:38:06,514 INFO  client.GrpcClientProtocolClient (GrpcClientProtocolClient.java:onNext(255)) - client-71F61C017E1E->6c928baf-cc3b-4a10-9362-ff4e15dca71d: receive RaftClientReply:client-71F61C017E1E->6c928baf-cc3b-4a10-9362-ff4e15dca71d@group-586430B97ADD, cid=1117, SUCCESS, logIndex=1627, commits[6c928baf-cc3b-4a10-9362-ff4e15dca71d:c1630]
2019-08-10 04:38:06,514 INFO  client.GrpcClientProtocolClient (GrpcClientProtocolClient.java:onNext(255)) - client-71F61C017E1E->6c928baf-cc3b-4a10-9362-ff4e15dca71d: receive RaftClientReply:client-71F61C017E1E->6c928baf-cc3b-4a10-9362-ff4e15dca71d@group-586430B97ADD, cid=1118, SUCCESS, logIndex=1628, commits[6c928baf-cc3b-4a10-9362-ff4e15dca71d:c1631]
2019-08-10 04:38:06,515 INFO  client.GrpcClientProtocolClient (GrpcClientProtocolClient.java:onNext(255)) - client-71F61C017E1E->6c928baf-cc3b-4a10-9362-ff4e15dca71d: receive RaftClientReply:client-71F61C017E1E->6c928baf-cc3b-4a10-9362-ff4e15dca71d@group-586430B97ADD, cid=1119, SUCCESS, logIndex=1629, commits[6c928baf-cc3b-4a10-9362-ff4e15dca71d:c1631]
2019-08-10 04:38:06,515 INFO  client.GrpcClientProtocolClient (GrpcClientProtocolClient.java:onNext(255)) - client-71F61C017E1E->6c928baf-cc3b-4a10-9362-ff4e15dca71d: receive RaftClientReply:client-71F61C017E1E->6c928baf-cc3b-4a10-9362-ff4e15dca71d@group-586430B97ADD, cid=1120, SUCCESS, logIndex=1630, commits[6c928baf-cc3b-4a10-9362-ff4e15dca71d:c1631]
2019-08-10 04:38:06,542 DEBUG block.SCMBlockDeletingService (SCMBlockDeletingService.java:call(138)) - Running DeletedBlockTransactionScanner
2019-08-10 04:38:06,542 DEBUG block.SCMBlockDeletingService (SCMBlockDeletingService.java:call(155)) - Scanned deleted blocks log and got 0 delTX to process.
2019-08-10 04:38:06,544 INFO  client.GrpcClientProtocolClient (GrpcClientProtocolClient.java:onNext(255)) - client-71F61C017E1E->6c928baf-cc3b-4a10-9362-ff4e15dca71d: receive RaftClientReply:client-71F61C017E1E->6c928baf-cc3b-4a10-9362-ff4e15dca71d@group-586430B97ADD, cid=1121, SUCCESS, logIndex=1632, commits[6c928baf-cc3b-4a10-9362-ff4e15dca71d:c1635]
2019-08-10 04:38:06,544 INFO  client.GrpcClientProtocolClient (GrpcClientProtocolClient.java:onNext(255)) - client-71F61C017E1E->6c928baf-cc3b-4a10-9362-ff4e15dca71d: receive RaftClientReply:client-71F61C017E1E->6c928baf-cc3b-4a10-9362-ff4e15dca71d@group-586430B97ADD, cid=1122, SUCCESS, logIndex=1633, commits[6c928baf-cc3b-4a10-9362-ff4e15dca71d:c1636]
2019-08-10 04:38:06,545 INFO  client.GrpcClientProtocolClient (GrpcClientProtocolClient.java:onNext(255)) - client-71F61C017E1E->6c928baf-cc3b-4a10-9362-ff4e15dca71d: receive RaftClientReply:client-71F61C017E1E->6c928baf-cc3b-4a10-9362-ff4e15dca71d@group-586430B97ADD, cid=1123, SUCCESS, logIndex=1634, commits[6c928baf-cc3b-4a10-9362-ff4e15dca71d:c1637]
2019-08-10 04:38:06,545 INFO  client.GrpcClientProtocolClient (GrpcClientProtocolClient.java:onNext(255)) - client-71F61C017E1E->6c928baf-cc3b-4a10-9362-ff4e15dca71d: receive RaftClientReply:client-71F61C017E1E->6c928baf-cc3b-4a10-9362-ff4e15dca71d@group-586430B97ADD, cid=1124, SUCCESS, logIndex=1635, commits[6c928baf-cc3b-4a10-9362-ff4e15dca71d:c1637]
2019-08-10 04:38:06,566 INFO  client.GrpcClientProtocolClient (GrpcClientProtocolClient.java:onNext(255)) - client-71F61C017E1E->6c928baf-cc3b-4a10-9362-ff4e15dca71d: receive RaftClientReply:client-71F61C017E1E->6c928baf-cc3b-4a10-9362-ff4e15dca71d@group-586430B97ADD, cid=1125, SUCCESS, logIndex=1638, commits[6c928baf-cc3b-4a10-9362-ff4e15dca71d:c1639]
2019-08-10 04:38:06,567 INFO  client.GrpcClientProtocolClient (GrpcClientProtocolClient.java:onNext(255)) - client-71F61C017E1E->6c928baf-cc3b-4a10-9362-ff4e15dca71d: receive RaftClientReply:client-71F61C017E1E->6c928baf-cc3b-4a10-9362-ff4e15dca71d@group-586430B97ADD, cid=1126, SUCCESS, logIndex=1639, commits[6c928baf-cc3b-4a10-9362-ff4e15dca71d:c1641]
2019-08-10 04:38:06,568 INFO  client.GrpcClientProtocolClient (GrpcClientProtocolClient.java:onNext(255)) - client-71F61C017E1E->6c928baf-cc3b-4a10-9362-ff4e15dca71d: receive RaftClientReply:client-71F61C017E1E->6c928baf-cc3b-4a10-9362-ff4e15dca71d@group-586430B97ADD, cid=1127, SUCCESS, logIndex=1640, commits[6c928baf-cc3b-4a10-9362-ff4e15dca71d:c1642]
2019-08-10 04:38:06,568 INFO  client.GrpcClientProtocolClient (GrpcClientProtocolClient.java:onNext(255)) - client-71F61C017E1E->6c928baf-cc3b-4a10-9362-ff4e15dca71d: receive RaftClientReply:client-71F61C017E1E->6c928baf-cc3b-4a10-9362-ff4e15dca71d@group-586430B97ADD, cid=1128, SUCCESS, logIndex=1641, commits[6c928baf-cc3b-4a10-9362-ff4e15dca71d:c1643]
2019-08-10 04:38:06,596 INFO  client.GrpcClientProtocolClient (GrpcClientProtocolClient.java:onNext(255)) - client-71F61C017E1E->6c928baf-cc3b-4a10-9362-ff4e15dca71d: receive RaftClientReply:client-71F61C017E1E->6c928baf-cc3b-4a10-9362-ff4e15dca71d@group-586430B97ADD, cid=1129, SUCCESS, logIndex=1644, commits[6c928baf-cc3b-4a10-9362-ff4e15dca71d:c1645]
2019-08-10 04:38:06,597 INFO  client.GrpcClientProtocolClient (GrpcClientProtocolClient.java:onNext(255)) - client-71F61C017E1E->6c928baf-cc3b-4a10-9362-ff4e15dca71d: receive RaftClientReply:client-71F61C017E1E->6c928baf-cc3b-4a10-9362-ff4e15dca71d@group-586430B97ADD, cid=1130, SUCCESS, logIndex=1645, commits[6c928baf-cc3b-4a10-9362-ff4e15dca71d:c1647]
2019-08-10 04:38:06,597 INFO  client.GrpcClientProtocolClient (GrpcClientProtocolClient.java:onNext(255)) - client-71F61C017E1E->6c928baf-cc3b-4a10-9362-ff4e15dca71d: receive RaftClientReply:client-71F61C017E1E->6c928baf-cc3b-4a10-9362-ff4e15dca71d@group-586430B97ADD, cid=1131, SUCCESS, logIndex=1646, commits[6c928baf-cc3b-4a10-9362-ff4e15dca71d:c1648]
2019-08-10 04:38:06,598 INFO  client.GrpcClientProtocolClient (GrpcClientProtocolClient.java:onNext(255)) - client-71F61C017E1E->6c928baf-cc3b-4a10-9362-ff4e15dca71d: receive RaftClientReply:client-71F61C017E1E->6c928baf-cc3b-4a10-9362-ff4e15dca71d@group-586430B97ADD, cid=1132, SUCCESS, logIndex=1647, commits[6c928baf-cc3b-4a10-9362-ff4e15dca71d:c1649]
2019-08-10 04:38:06,619 INFO  client.GrpcClientProtocolClient (GrpcClientProtocolClient.java:onNext(255)) - client-71F61C017E1E->6c928baf-cc3b-4a10-9362-ff4e15dca71d: receive RaftClientReply:client-71F61C017E1E->6c928baf-cc3b-4a10-9362-ff4e15dca71d@group-586430B97ADD, cid=1133, SUCCESS, logIndex=1650, commits[6c928baf-cc3b-4a10-9362-ff4e15dca71d:c1651]
2019-08-10 04:38:06,620 INFO  client.GrpcClientProtocolClient (GrpcClientProtocolClient.java:onNext(255)) - client-71F61C017E1E->6c928baf-cc3b-4a10-9362-ff4e15dca71d: receive RaftClientReply:client-71F61C017E1E->6c928baf-cc3b-4a10-9362-ff4e15dca71d@group-586430B97ADD, cid=1134, SUCCESS, logIndex=1651, commits[6c928baf-cc3b-4a10-9362-ff4e15dca71d:c1653]
2019-08-10 04:38:06,621 INFO  client.GrpcClientProtocolClient (GrpcClientProtocolClient.java:onNext(255)) - client-71F61C017E1E->6c928baf-cc3b-4a10-9362-ff4e15dca71d: receive RaftClientReply:client-71F61C017E1E->6c928baf-cc3b-4a10-9362-ff4e15dca71d@group-586430B97ADD, cid=1135, SUCCESS, logIndex=1652, commits[6c928baf-cc3b-4a10-9362-ff4e15dca71d:c1654]
2019-08-10 04:38:06,621 INFO  client.GrpcClientProtocolClient (GrpcClientProtocolClient.java:onNext(255)) - client-71F61C017E1E->6c928baf-cc3b-4a10-9362-ff4e15dca71d: receive RaftClientReply:client-71F61C017E1E->6c928baf-cc3b-4a10-9362-ff4e15dca71d@group-586430B97ADD, cid=1136, SUCCESS, logIndex=1653, commits[6c928baf-cc3b-4a10-9362-ff4e15dca71d:c1655]
2019-08-10 04:38:06,643 DEBUG block.SCMBlockDeletingService (SCMBlockDeletingService.java:call(138)) - Running DeletedBlockTransactionScanner
2019-08-10 04:38:06,643 DEBUG block.SCMBlockDeletingService (SCMBlockDeletingService.java:call(155)) - Scanned deleted blocks log and got 0 delTX to process.
2019-08-10 04:38:06,661 INFO  client.GrpcClientProtocolClient (GrpcClientProtocolClient.java:onNext(255)) - client-71F61C017E1E->6c928baf-cc3b-4a10-9362-ff4e15dca71d: receive RaftClientReply:client-71F61C017E1E->6c928baf-cc3b-4a10-9362-ff4e15dca71d@group-586430B97ADD, cid=1137, SUCCESS, logIndex=1656, commits[6c928baf-cc3b-4a10-9362-ff4e15dca71d:c1659]
2019-08-10 04:38:06,662 INFO  client.GrpcClientProtocolClient (GrpcClientProtocolClient.java:onNext(255)) - client-71F61C017E1E->6c928baf-cc3b-4a10-9362-ff4e15dca71d: receive RaftClientReply:client-71F61C017E1E->6c928baf-cc3b-4a10-9362-ff4e15dca71d@group-586430B97ADD, cid=1138, SUCCESS, logIndex=1657, commits[6c928baf-cc3b-4a10-9362-ff4e15dca71d:c1661]
2019-08-10 04:38:06,663 INFO  client.GrpcClientProtocolClient (GrpcClientProtocolClient.java:onNext(255)) - client-71F61C017E1E->6c928baf-cc3b-4a10-9362-ff4e15dca71d: receive RaftClientReply:client-71F61C017E1E->6c928baf-cc3b-4a10-9362-ff4e15dca71d@group-586430B97ADD, cid=1139, SUCCESS, logIndex=1658, commits[6c928baf-cc3b-4a10-9362-ff4e15dca71d:c1661]
2019-08-10 04:38:06,663 INFO  client.GrpcClientProtocolClient (GrpcClientProtocolClient.java:onNext(255)) - client-71F61C017E1E->6c928baf-cc3b-4a10-9362-ff4e15dca71d: receive RaftClientReply:client-71F61C017E1E->6c928baf-cc3b-4a10-9362-ff4e15dca71d@group-586430B97ADD, cid=1140, SUCCESS, logIndex=1659, commits[6c928baf-cc3b-4a10-9362-ff4e15dca71d:c1661]
2019-08-10 04:38:06,686 INFO  client.GrpcClientProtocolClient (GrpcClientProtocolClient.java:onNext(255)) - client-71F61C017E1E->6c928baf-cc3b-4a10-9362-ff4e15dca71d: receive RaftClientReply:client-71F61C017E1E->6c928baf-cc3b-4a10-9362-ff4e15dca71d@group-586430B97ADD, cid=1141, SUCCESS, logIndex=1662, commits[6c928baf-cc3b-4a10-9362-ff4e15dca71d:c1663]
2019-08-10 04:38:06,687 INFO  client.GrpcClientProtocolClient (GrpcClientProtocolClient.java:onNext(255)) - client-71F61C017E1E->6c928baf-cc3b-4a10-9362-ff4e15dca71d: receive RaftClientReply:client-71F61C017E1E->6c928baf-cc3b-4a10-9362-ff4e15dca71d@group-586430B97ADD, cid=1142, SUCCESS, logIndex=1663, commits[6c928baf-cc3b-4a10-9362-ff4e15dca71d:c1665]
2019-08-10 04:38:06,687 INFO  client.GrpcClientProtocolClient (GrpcClientProtocolClient.java:onNext(255)) - client-71F61C017E1E->6c928baf-cc3b-4a10-9362-ff4e15dca71d: receive RaftClientReply:client-71F61C017E1E->6c928baf-cc3b-4a10-9362-ff4e15dca71d@group-586430B97ADD, cid=1143, SUCCESS, logIndex=1664, commits[6c928baf-cc3b-4a10-9362-ff4e15dca71d:c1666]
2019-08-10 04:38:06,688 INFO  client.GrpcClientProtocolClient (GrpcClientProtocolClient.java:onNext(255)) - client-71F61C017E1E->6c928baf-cc3b-4a10-9362-ff4e15dca71d: receive RaftClientReply:client-71F61C017E1E->6c928baf-cc3b-4a10-9362-ff4e15dca71d@group-586430B97ADD, cid=1144, SUCCESS, logIndex=1665, commits[6c928baf-cc3b-4a10-9362-ff4e15dca71d:c1667]
2019-08-10 04:38:06,720 INFO  client.GrpcClientProtocolClient (GrpcClientProtocolClient.java:onNext(255)) - client-71F61C017E1E->6c928baf-cc3b-4a10-9362-ff4e15dca71d: receive RaftClientReply:client-71F61C017E1E->6c928baf-cc3b-4a10-9362-ff4e15dca71d@group-586430B97ADD, cid=1145, SUCCESS, logIndex=1668, commits[6c928baf-cc3b-4a10-9362-ff4e15dca71d:c1669]
2019-08-10 04:38:06,721 INFO  client.GrpcClientProtocolClient (GrpcClientProtocolClient.java:onNext(255)) - client-71F61C017E1E->6c928baf-cc3b-4a10-9362-ff4e15dca71d: receive RaftClientReply:client-71F61C017E1E->6c928baf-cc3b-4a10-9362-ff4e15dca71d@group-586430B97ADD, cid=1146, SUCCESS, logIndex=1669, commits[6c928baf-cc3b-4a10-9362-ff4e15dca71d:c1671]
2019-08-10 04:38:06,722 INFO  client.GrpcClientProtocolClient (GrpcClientProtocolClient.java:onNext(255)) - client-71F61C017E1E->6c928baf-cc3b-4a10-9362-ff4e15dca71d: receive RaftClientReply:client-71F61C017E1E->6c928baf-cc3b-4a10-9362-ff4e15dca71d@group-586430B97ADD, cid=1147, SUCCESS, logIndex=1670, commits[6c928baf-cc3b-4a10-9362-ff4e15dca71d:c1672]
2019-08-10 04:38:06,722 INFO  client.GrpcClientProtocolClient (GrpcClientProtocolClient.java:onNext(255)) - client-71F61C017E1E->6c928baf-cc3b-4a10-9362-ff4e15dca71d: receive RaftClientReply:client-71F61C017E1E->6c928baf-cc3b-4a10-9362-ff4e15dca71d@group-586430B97ADD, cid=1148, SUCCESS, logIndex=1671, commits[6c928baf-cc3b-4a10-9362-ff4e15dca71d:c1673]
2019-08-10 04:38:06,802 DEBUG block.SCMBlockDeletingService (SCMBlockDeletingService.java:call(138)) - Running DeletedBlockTransactionScanner
2019-08-10 04:38:06,802 DEBUG block.SCMBlockDeletingService (SCMBlockDeletingService.java:call(155)) - Scanned deleted blocks log and got 0 delTX to process.
2019-08-10 04:38:06,903 DEBUG block.SCMBlockDeletingService (SCMBlockDeletingService.java:call(138)) - Running DeletedBlockTransactionScanner
2019-08-10 04:38:06,903 DEBUG block.SCMBlockDeletingService (SCMBlockDeletingService.java:call(155)) - Scanned deleted blocks log and got 0 delTX to process.
2019-08-10 04:38:06,945 INFO  client.GrpcClientProtocolClient (GrpcClientProtocolClient.java:onNext(255)) - client-71F61C017E1E->6c928baf-cc3b-4a10-9362-ff4e15dca71d: receive RaftClientReply:client-71F61C017E1E->6c928baf-cc3b-4a10-9362-ff4e15dca71d@group-586430B97ADD, cid=1149, SUCCESS, logIndex=1674, commits[6c928baf-cc3b-4a10-9362-ff4e15dca71d:c1677]
2019-08-10 04:38:06,946 INFO  client.GrpcClientProtocolClient (GrpcClientProtocolClient.java:onNext(255)) - client-71F61C017E1E->6c928baf-cc3b-4a10-9362-ff4e15dca71d: receive RaftClientReply:client-71F61C017E1E->6c928baf-cc3b-4a10-9362-ff4e15dca71d@group-586430B97ADD, cid=1150, SUCCESS, logIndex=1675, commits[6c928baf-cc3b-4a10-9362-ff4e15dca71d:c1677]
2019-08-10 04:38:06,946 INFO  client.GrpcClientProtocolClient (GrpcClientProtocolClient.java:onNext(255)) - client-71F61C017E1E->6c928baf-cc3b-4a10-9362-ff4e15dca71d: receive RaftClientReply:client-71F61C017E1E->6c928baf-cc3b-4a10-9362-ff4e15dca71d@group-586430B97ADD, cid=1151, SUCCESS, logIndex=1676, commits[6c928baf-cc3b-4a10-9362-ff4e15dca71d:c1677]
2019-08-10 04:38:06,947 INFO  client.GrpcClientProtocolClient (GrpcClientProtocolClient.java:onNext(255)) - client-71F61C017E1E->6c928baf-cc3b-4a10-9362-ff4e15dca71d: receive RaftClientReply:client-71F61C017E1E->6c928baf-cc3b-4a10-9362-ff4e15dca71d@group-586430B97ADD, cid=1152, SUCCESS, logIndex=1677, commits[6c928baf-cc3b-4a10-9362-ff4e15dca71d:c1677]
2019-08-10 04:38:06,980 INFO  client.GrpcClientProtocolClient (GrpcClientProtocolClient.java:onNext(255)) - client-71F61C017E1E->6c928baf-cc3b-4a10-9362-ff4e15dca71d: receive RaftClientReply:client-71F61C017E1E->6c928baf-cc3b-4a10-9362-ff4e15dca71d@group-586430B97ADD, cid=1153, SUCCESS, logIndex=1679, commits[6c928baf-cc3b-4a10-9362-ff4e15dca71d:c1680]
2019-08-10 04:38:06,981 INFO  client.GrpcClientProtocolClient (GrpcClientProtocolClient.java:onNext(255)) - client-71F61C017E1E->6c928baf-cc3b-4a10-9362-ff4e15dca71d: receive RaftClientReply:client-71F61C017E1E->6c928baf-cc3b-4a10-9362-ff4e15dca71d@group-586430B97ADD, cid=1154, SUCCESS, logIndex=1680, commits[6c928baf-cc3b-4a10-9362-ff4e15dca71d:c1682]
2019-08-10 04:38:06,981 INFO  client.GrpcClientProtocolClient (GrpcClientProtocolClient.java:onNext(255)) - client-71F61C017E1E->6c928baf-cc3b-4a10-9362-ff4e15dca71d: receive RaftClientReply:client-71F61C017E1E->6c928baf-cc3b-4a10-9362-ff4e15dca71d@group-586430B97ADD, cid=1155, SUCCESS, logIndex=1681, commits[6c928baf-cc3b-4a10-9362-ff4e15dca71d:c1682]
2019-08-10 04:38:06,981 INFO  client.GrpcClientProtocolClient (GrpcClientProtocolClient.java:onNext(255)) - client-71F61C017E1E->6c928baf-cc3b-4a10-9362-ff4e15dca71d: receive RaftClientReply:client-71F61C017E1E->6c928baf-cc3b-4a10-9362-ff4e15dca71d@group-586430B97ADD, cid=1156, SUCCESS, logIndex=1682, commits[6c928baf-cc3b-4a10-9362-ff4e15dca71d:c1683]
2019-08-10 04:38:07,003 DEBUG block.SCMBlockDeletingService (SCMBlockDeletingService.java:call(138)) - Running DeletedBlockTransactionScanner
2019-08-10 04:38:07,004 DEBUG block.SCMBlockDeletingService (SCMBlockDeletingService.java:call(155)) - Scanned deleted blocks log and got 0 delTX to process.
2019-08-10 04:38:07,005 INFO  client.GrpcClientProtocolClient (GrpcClientProtocolClient.java:onNext(255)) - client-71F61C017E1E->6c928baf-cc3b-4a10-9362-ff4e15dca71d: receive RaftClientReply:client-71F61C017E1E->6c928baf-cc3b-4a10-9362-ff4e15dca71d@group-586430B97ADD, cid=1157, SUCCESS, logIndex=1685, commits[6c928baf-cc3b-4a10-9362-ff4e15dca71d:c1686]
2019-08-10 04:38:07,005 INFO  client.GrpcClientProtocolClient (GrpcClientProtocolClient.java:onNext(255)) - client-71F61C017E1E->6c928baf-cc3b-4a10-9362-ff4e15dca71d: receive RaftClientReply:client-71F61C017E1E->6c928baf-cc3b-4a10-9362-ff4e15dca71d@group-586430B97ADD, cid=1158, SUCCESS, logIndex=1686, commits[6c928baf-cc3b-4a10-9362-ff4e15dca71d:c1688]
2019-08-10 04:38:07,005 INFO  client.GrpcClientProtocolClient (GrpcClientProtocolClient.java:onNext(255)) - client-71F61C017E1E->6c928baf-cc3b-4a10-9362-ff4e15dca71d: receive RaftClientReply:client-71F61C017E1E->6c928baf-cc3b-4a10-9362-ff4e15dca71d@group-586430B97ADD, cid=1159, SUCCESS, logIndex=1687, commits[6c928baf-cc3b-4a10-9362-ff4e15dca71d:c1689]
2019-08-10 04:38:07,005 INFO  client.GrpcClientProtocolClient (GrpcClientProtocolClient.java:onNext(255)) - client-71F61C017E1E->6c928baf-cc3b-4a10-9362-ff4e15dca71d: receive RaftClientReply:client-71F61C017E1E->6c928baf-cc3b-4a10-9362-ff4e15dca71d@group-586430B97ADD, cid=1160, SUCCESS, logIndex=1688, commits[6c928baf-cc3b-4a10-9362-ff4e15dca71d:c1689]
2019-08-10 04:38:07,035 INFO  client.GrpcClientProtocolClient (GrpcClientProtocolClient.java:onNext(255)) - client-71F61C017E1E->6c928baf-cc3b-4a10-9362-ff4e15dca71d: receive RaftClientReply:client-71F61C017E1E->6c928baf-cc3b-4a10-9362-ff4e15dca71d@group-586430B97ADD, cid=1161, SUCCESS, logIndex=1691, commits[6c928baf-cc3b-4a10-9362-ff4e15dca71d:c1694]
2019-08-10 04:38:07,036 INFO  client.GrpcClientProtocolClient (GrpcClientProtocolClient.java:onNext(255)) - client-71F61C017E1E->6c928baf-cc3b-4a10-9362-ff4e15dca71d: receive RaftClientReply:client-71F61C017E1E->6c928baf-cc3b-4a10-9362-ff4e15dca71d@group-586430B97ADD, cid=1162, SUCCESS, logIndex=1692, commits[6c928baf-cc3b-4a10-9362-ff4e15dca71d:c1695]
2019-08-10 04:38:07,036 INFO  client.GrpcClientProtocolClient (GrpcClientProtocolClient.java:onNext(255)) - client-71F61C017E1E->6c928baf-cc3b-4a10-9362-ff4e15dca71d: receive RaftClientReply:client-71F61C017E1E->6c928baf-cc3b-4a10-9362-ff4e15dca71d@group-586430B97ADD, cid=1163, SUCCESS, logIndex=1693, commits[6c928baf-cc3b-4a10-9362-ff4e15dca71d:c1695]
2019-08-10 04:38:07,037 INFO  client.GrpcClientProtocolClient (GrpcClientProtocolClient.java:onNext(255)) - client-71F61C017E1E->6c928baf-cc3b-4a10-9362-ff4e15dca71d: receive RaftClientReply:client-71F61C017E1E->6c928baf-cc3b-4a10-9362-ff4e15dca71d@group-586430B97ADD, cid=1164, SUCCESS, logIndex=1694, commits[6c928baf-cc3b-4a10-9362-ff4e15dca71d:c1695]
2019-08-10 04:38:07,060 INFO  client.GrpcClientProtocolClient (GrpcClientProtocolClient.java:onNext(255)) - client-71F61C017E1E->6c928baf-cc3b-4a10-9362-ff4e15dca71d: receive RaftClientReply:client-71F61C017E1E->6c928baf-cc3b-4a10-9362-ff4e15dca71d@group-586430B97ADD, cid=1165, SUCCESS, logIndex=1696, commits[6c928baf-cc3b-4a10-9362-ff4e15dca71d:c1699]
2019-08-10 04:38:07,060 INFO  client.GrpcClientProtocolClient (GrpcClientProtocolClient.java:onNext(255)) - client-71F61C017E1E->6c928baf-cc3b-4a10-9362-ff4e15dca71d: receive RaftClientReply:client-71F61C017E1E->6c928baf-cc3b-4a10-9362-ff4e15dca71d@group-586430B97ADD, cid=1166, SUCCESS, logIndex=1697, commits[6c928baf-cc3b-4a10-9362-ff4e15dca71d:c1700]
2019-08-10 04:38:07,061 INFO  client.GrpcClientProtocolClient (GrpcClientProtocolClient.java:onNext(255)) - client-71F61C017E1E->6c928baf-cc3b-4a10-9362-ff4e15dca71d: receive RaftClientReply:client-71F61C017E1E->6c928baf-cc3b-4a10-9362-ff4e15dca71d@group-586430B97ADD, cid=1167, SUCCESS, logIndex=1698, commits[6c928baf-cc3b-4a10-9362-ff4e15dca71d:c1700]
2019-08-10 04:38:07,062 INFO  client.GrpcClientProtocolClient (GrpcClientProtocolClient.java:onNext(255)) - client-71F61C017E1E->6c928baf-cc3b-4a10-9362-ff4e15dca71d: receive RaftClientReply:client-71F61C017E1E->6c928baf-cc3b-4a10-9362-ff4e15dca71d@group-586430B97ADD, cid=1168, SUCCESS, logIndex=1699, commits[6c928baf-cc3b-4a10-9362-ff4e15dca71d:c1700]
2019-08-10 04:38:07,089 INFO  client.GrpcClientProtocolClient (GrpcClientProtocolClient.java:onNext(255)) - client-71F61C017E1E->6c928baf-cc3b-4a10-9362-ff4e15dca71d: receive RaftClientReply:client-71F61C017E1E->6c928baf-cc3b-4a10-9362-ff4e15dca71d@group-586430B97ADD, cid=1169, SUCCESS, logIndex=1701, commits[6c928baf-cc3b-4a10-9362-ff4e15dca71d:c1704]
2019-08-10 04:38:07,090 INFO  client.GrpcClientProtocolClient (GrpcClientProtocolClient.java:onNext(255)) - client-71F61C017E1E->6c928baf-cc3b-4a10-9362-ff4e15dca71d: receive RaftClientReply:client-71F61C017E1E->6c928baf-cc3b-4a10-9362-ff4e15dca71d@group-586430B97ADD, cid=1170, SUCCESS, logIndex=1702, commits[6c928baf-cc3b-4a10-9362-ff4e15dca71d:c1705]
2019-08-10 04:38:07,090 INFO  client.GrpcClientProtocolClient (GrpcClientProtocolClient.java:onNext(255)) - client-71F61C017E1E->6c928baf-cc3b-4a10-9362-ff4e15dca71d: receive RaftClientReply:client-71F61C017E1E->6c928baf-cc3b-4a10-9362-ff4e15dca71d@group-586430B97ADD, cid=1171, SUCCESS, logIndex=1703, commits[6c928baf-cc3b-4a10-9362-ff4e15dca71d:c1705]
2019-08-10 04:38:07,091 INFO  client.GrpcClientProtocolClient (GrpcClientProtocolClient.java:onNext(255)) - client-71F61C017E1E->6c928baf-cc3b-4a10-9362-ff4e15dca71d: receive RaftClientReply:client-71F61C017E1E->6c928baf-cc3b-4a10-9362-ff4e15dca71d@group-586430B97ADD, cid=1172, SUCCESS, logIndex=1704, commits[6c928baf-cc3b-4a10-9362-ff4e15dca71d:c1705]
2019-08-10 04:38:07,104 DEBUG block.SCMBlockDeletingService (SCMBlockDeletingService.java:call(138)) - Running DeletedBlockTransactionScanner
2019-08-10 04:38:07,105 DEBUG block.SCMBlockDeletingService (SCMBlockDeletingService.java:call(155)) - Scanned deleted blocks log and got 0 delTX to process.
2019-08-10 04:38:07,110 INFO  client.GrpcClientProtocolClient (GrpcClientProtocolClient.java:onNext(255)) - client-71F61C017E1E->6c928baf-cc3b-4a10-9362-ff4e15dca71d: receive RaftClientReply:client-71F61C017E1E->6c928baf-cc3b-4a10-9362-ff4e15dca71d@group-586430B97ADD, cid=1173, SUCCESS, logIndex=1706, commits[6c928baf-cc3b-4a10-9362-ff4e15dca71d:c1709]
2019-08-10 04:38:07,111 INFO  client.GrpcClientProtocolClient (GrpcClientProtocolClient.java:onNext(255)) - client-71F61C017E1E->6c928baf-cc3b-4a10-9362-ff4e15dca71d: receive RaftClientReply:client-71F61C017E1E->6c928baf-cc3b-4a10-9362-ff4e15dca71d@group-586430B97ADD, cid=1174, SUCCESS, logIndex=1707, commits[6c928baf-cc3b-4a10-9362-ff4e15dca71d:c1709]
2019-08-10 04:38:07,111 INFO  client.GrpcClientProtocolClient (GrpcClientProtocolClient.java:onNext(255)) - client-71F61C017E1E->6c928baf-cc3b-4a10-9362-ff4e15dca71d: receive RaftClientReply:client-71F61C017E1E->6c928baf-cc3b-4a10-9362-ff4e15dca71d@group-586430B97ADD, cid=1175, SUCCESS, logIndex=1708, commits[6c928baf-cc3b-4a10-9362-ff4e15dca71d:c1710]
2019-08-10 04:38:07,111 INFO  client.GrpcClientProtocolClient (GrpcClientProtocolClient.java:onNext(255)) - client-71F61C017E1E->6c928baf-cc3b-4a10-9362-ff4e15dca71d: receive RaftClientReply:client-71F61C017E1E->6c928baf-cc3b-4a10-9362-ff4e15dca71d@group-586430B97ADD, cid=1176, SUCCESS, logIndex=1709, commits[6c928baf-cc3b-4a10-9362-ff4e15dca71d:c1711]
2019-08-10 04:38:07,137 INFO  client.GrpcClientProtocolClient (GrpcClientProtocolClient.java:onNext(255)) - client-71F61C017E1E->6c928baf-cc3b-4a10-9362-ff4e15dca71d: receive RaftClientReply:client-71F61C017E1E->6c928baf-cc3b-4a10-9362-ff4e15dca71d@group-586430B97ADD, cid=1177, SUCCESS, logIndex=1712, commits[6c928baf-cc3b-4a10-9362-ff4e15dca71d:c1715]
2019-08-10 04:38:07,138 INFO  client.GrpcClientProtocolClient (GrpcClientProtocolClient.java:onNext(255)) - client-71F61C017E1E->6c928baf-cc3b-4a10-9362-ff4e15dca71d: receive RaftClientReply:client-71F61C017E1E->6c928baf-cc3b-4a10-9362-ff4e15dca71d@group-586430B97ADD, cid=1178, SUCCESS, logIndex=1713, commits[6c928baf-cc3b-4a10-9362-ff4e15dca71d:c1715]
2019-08-10 04:38:07,139 INFO  client.GrpcClientProtocolClient (GrpcClientProtocolClient.java:onNext(255)) - client-71F61C017E1E->6c928baf-cc3b-4a10-9362-ff4e15dca71d: receive RaftClientReply:client-71F61C017E1E->6c928baf-cc3b-4a10-9362-ff4e15dca71d@group-586430B97ADD, cid=1179, SUCCESS, logIndex=1714, commits[6c928baf-cc3b-4a10-9362-ff4e15dca71d:c1716]
2019-08-10 04:38:07,139 INFO  client.GrpcClientProtocolClient (GrpcClientProtocolClient.java:onNext(255)) - client-71F61C017E1E->6c928baf-cc3b-4a10-9362-ff4e15dca71d: receive RaftClientReply:client-71F61C017E1E->6c928baf-cc3b-4a10-9362-ff4e15dca71d@group-586430B97ADD, cid=1180, SUCCESS, logIndex=1715, commits[6c928baf-cc3b-4a10-9362-ff4e15dca71d:c1717]
2019-08-10 04:38:07,162 INFO  client.GrpcClientProtocolClient (GrpcClientProtocolClient.java:onNext(255)) - client-71F61C017E1E->6c928baf-cc3b-4a10-9362-ff4e15dca71d: receive RaftClientReply:client-71F61C017E1E->6c928baf-cc3b-4a10-9362-ff4e15dca71d@group-586430B97ADD, cid=1181, SUCCESS, logIndex=1718, commits[6c928baf-cc3b-4a10-9362-ff4e15dca71d:c1721]
2019-08-10 04:38:07,163 INFO  client.GrpcClientProtocolClient (GrpcClientProtocolClient.java:onNext(255)) - client-71F61C017E1E->6c928baf-cc3b-4a10-9362-ff4e15dca71d: receive RaftClientReply:client-71F61C017E1E->6c928baf-cc3b-4a10-9362-ff4e15dca71d@group-586430B97ADD, cid=1182, SUCCESS, logIndex=1719, commits[6c928baf-cc3b-4a10-9362-ff4e15dca71d:c1722]
2019-08-10 04:38:07,163 INFO  client.GrpcClientProtocolClient (GrpcClientProtocolClient.java:onNext(255)) - client-71F61C017E1E->6c928baf-cc3b-4a10-9362-ff4e15dca71d: receive RaftClientReply:client-71F61C017E1E->6c928baf-cc3b-4a10-9362-ff4e15dca71d@group-586430B97ADD, cid=1183, SUCCESS, logIndex=1720, commits[6c928baf-cc3b-4a10-9362-ff4e15dca71d:c1722]
2019-08-10 04:38:07,164 INFO  client.GrpcClientProtocolClient (GrpcClientProtocolClient.java:onNext(255)) - client-71F61C017E1E->6c928baf-cc3b-4a10-9362-ff4e15dca71d: receive RaftClientReply:client-71F61C017E1E->6c928baf-cc3b-4a10-9362-ff4e15dca71d@group-586430B97ADD, cid=1184, SUCCESS, logIndex=1721, commits[6c928baf-cc3b-4a10-9362-ff4e15dca71d:c1722]
2019-08-10 04:38:07,188 INFO  client.GrpcClientProtocolClient (GrpcClientProtocolClient.java:onNext(255)) - client-71F61C017E1E->6c928baf-cc3b-4a10-9362-ff4e15dca71d: receive RaftClientReply:client-71F61C017E1E->6c928baf-cc3b-4a10-9362-ff4e15dca71d@group-586430B97ADD, cid=1185, SUCCESS, logIndex=1723, commits[6c928baf-cc3b-4a10-9362-ff4e15dca71d:c1724]
2019-08-10 04:38:07,189 INFO  client.GrpcClientProtocolClient (GrpcClientProtocolClient.java:onNext(255)) - client-71F61C017E1E->6c928baf-cc3b-4a10-9362-ff4e15dca71d: receive RaftClientReply:client-71F61C017E1E->6c928baf-cc3b-4a10-9362-ff4e15dca71d@group-586430B97ADD, cid=1186, SUCCESS, logIndex=1724, commits[6c928baf-cc3b-4a10-9362-ff4e15dca71d:c1726]
2019-08-10 04:38:07,189 INFO  client.GrpcClientProtocolClient (GrpcClientProtocolClient.java:onNext(255)) - client-71F61C017E1E->6c928baf-cc3b-4a10-9362-ff4e15dca71d: receive RaftClientReply:client-71F61C017E1E->6c928baf-cc3b-4a10-9362-ff4e15dca71d@group-586430B97ADD, cid=1187, SUCCESS, logIndex=1725, commits[6c928baf-cc3b-4a10-9362-ff4e15dca71d:c1727]
2019-08-10 04:38:07,190 INFO  client.GrpcClientProtocolClient (GrpcClientProtocolClient.java:onNext(255)) - client-71F61C017E1E->6c928baf-cc3b-4a10-9362-ff4e15dca71d: receive RaftClientReply:client-71F61C017E1E->6c928baf-cc3b-4a10-9362-ff4e15dca71d@group-586430B97ADD, cid=1188, SUCCESS, logIndex=1726, commits[6c928baf-cc3b-4a10-9362-ff4e15dca71d:c1727]
2019-08-10 04:38:07,200 INFO  client.GrpcClientProtocolClient (GrpcClientProtocolClient.java:onNext(255)) - client-71F61C017E1E->6c928baf-cc3b-4a10-9362-ff4e15dca71d: receive RaftClientReply:client-71F61C017E1E->6c928baf-cc3b-4a10-9362-ff4e15dca71d@group-586430B97ADD, cid=1189, SUCCESS, logIndex=1729, commits[6c928baf-cc3b-4a10-9362-ff4e15dca71d:c1730]
2019-08-10 04:38:07,201 INFO  client.GrpcClientProtocolClient (GrpcClientProtocolClient.java:onNext(255)) - client-71F61C017E1E->6c928baf-cc3b-4a10-9362-ff4e15dca71d: receive RaftClientReply:client-71F61C017E1E->6c928baf-cc3b-4a10-9362-ff4e15dca71d@group-586430B97ADD, cid=1190, SUCCESS, logIndex=1730, commits[6c928baf-cc3b-4a10-9362-ff4e15dca71d:c1730]
2019-08-10 04:38:07,205 DEBUG block.SCMBlockDeletingService (SCMBlockDeletingService.java:call(138)) - Running DeletedBlockTransactionScanner
2019-08-10 04:38:07,205 DEBUG block.SCMBlockDeletingService (SCMBlockDeletingService.java:call(155)) - Scanned deleted blocks log and got 0 delTX to process.
2019-08-10 04:38:07,222 INFO  client.GrpcClientProtocolClient (GrpcClientProtocolClient.java:onNext(255)) - client-71F61C017E1E->6c928baf-cc3b-4a10-9362-ff4e15dca71d: receive RaftClientReply:client-71F61C017E1E->6c928baf-cc3b-4a10-9362-ff4e15dca71d@group-586430B97ADD, cid=1191, SUCCESS, logIndex=1731, commits[6c928baf-cc3b-4a10-9362-ff4e15dca71d:c1733]
2019-08-10 04:38:07,223 INFO  client.GrpcClientProtocolClient (GrpcClientProtocolClient.java:onNext(255)) - client-71F61C017E1E->6c928baf-cc3b-4a10-9362-ff4e15dca71d: receive RaftClientReply:client-71F61C017E1E->6c928baf-cc3b-4a10-9362-ff4e15dca71d@group-586430B97ADD, cid=1192, SUCCESS, logIndex=1732, commits[6c928baf-cc3b-4a10-9362-ff4e15dca71d:c1733]
2019-08-10 04:38:07,306 DEBUG block.SCMBlockDeletingService (SCMBlockDeletingService.java:call(138)) - Running DeletedBlockTransactionScanner
2019-08-10 04:38:07,306 DEBUG block.SCMBlockDeletingService (SCMBlockDeletingService.java:call(155)) - Scanned deleted blocks log and got 0 delTX to process.
2019-08-10 04:38:07,355 INFO  client.GrpcClientProtocolClient (GrpcClientProtocolClient.java:onNext(255)) - client-71F61C017E1E->6c928baf-cc3b-4a10-9362-ff4e15dca71d: receive RaftClientReply:client-71F61C017E1E->6c928baf-cc3b-4a10-9362-ff4e15dca71d@group-586430B97ADD, cid=1193, SUCCESS, logIndex=1734, commits[6c928baf-cc3b-4a10-9362-ff4e15dca71d:c1735]
2019-08-10 04:38:07,356 INFO  client.GrpcClientProtocolClient (GrpcClientProtocolClient.java:onNext(255)) - client-71F61C017E1E->6c928baf-cc3b-4a10-9362-ff4e15dca71d: receive RaftClientReply:client-71F61C017E1E->6c928baf-cc3b-4a10-9362-ff4e15dca71d@group-586430B97ADD, cid=1194, SUCCESS, logIndex=1735, commits[6c928baf-cc3b-4a10-9362-ff4e15dca71d:c1737]
2019-08-10 04:38:07,357 INFO  client.GrpcClientProtocolClient (GrpcClientProtocolClient.java:onNext(255)) - client-71F61C017E1E->6c928baf-cc3b-4a10-9362-ff4e15dca71d: receive RaftClientReply:client-71F61C017E1E->6c928baf-cc3b-4a10-9362-ff4e15dca71d@group-586430B97ADD, cid=1195, SUCCESS, logIndex=1736, commits[6c928baf-cc3b-4a10-9362-ff4e15dca71d:c1738]
2019-08-10 04:38:07,357 INFO  client.GrpcClientProtocolClient (GrpcClientProtocolClient.java:onNext(255)) - client-71F61C017E1E->6c928baf-cc3b-4a10-9362-ff4e15dca71d: receive RaftClientReply:client-71F61C017E1E->6c928baf-cc3b-4a10-9362-ff4e15dca71d@group-586430B97ADD, cid=1196, SUCCESS, logIndex=1737, commits[6c928baf-cc3b-4a10-9362-ff4e15dca71d:c1739]
2019-08-10 04:38:07,377 INFO  client.GrpcClientProtocolClient (GrpcClientProtocolClient.java:onNext(255)) - client-71F61C017E1E->6c928baf-cc3b-4a10-9362-ff4e15dca71d: receive RaftClientReply:client-71F61C017E1E->6c928baf-cc3b-4a10-9362-ff4e15dca71d@group-586430B97ADD, cid=1197, SUCCESS, logIndex=1740, commits[6c928baf-cc3b-4a10-9362-ff4e15dca71d:c1741]
2019-08-10 04:38:07,378 INFO  client.GrpcClientProtocolClient (GrpcClientProtocolClient.java:onNext(255)) - client-71F61C017E1E->6c928baf-cc3b-4a10-9362-ff4e15dca71d: receive RaftClientReply:client-71F61C017E1E->6c928baf-cc3b-4a10-9362-ff4e15dca71d@group-586430B97ADD, cid=1198, SUCCESS, logIndex=1741, commits[6c928baf-cc3b-4a10-9362-ff4e15dca71d:c1743]
2019-08-10 04:38:07,378 INFO  client.GrpcClientProtocolClient (GrpcClientProtocolClient.java:onNext(255)) - client-71F61C017E1E->6c928baf-cc3b-4a10-9362-ff4e15dca71d: receive RaftClientReply:client-71F61C017E1E->6c928baf-cc3b-4a10-9362-ff4e15dca71d@group-586430B97ADD, cid=1199, SUCCESS, logIndex=1742, commits[6c928baf-cc3b-4a10-9362-ff4e15dca71d:c1744]
2019-08-10 04:38:07,378 INFO  client.GrpcClientProtocolClient (GrpcClientProtocolClient.java:onNext(255)) - client-71F61C017E1E->6c928baf-cc3b-4a10-9362-ff4e15dca71d: receive RaftClientReply:client-71F61C017E1E->6c928baf-cc3b-4a10-9362-ff4e15dca71d@group-586430B97ADD, cid=1200, SUCCESS, logIndex=1743, commits[6c928baf-cc3b-4a10-9362-ff4e15dca71d:c1745]
2019-08-10 04:38:07,405 INFO  client.GrpcClientProtocolClient (GrpcClientProtocolClient.java:onNext(255)) - client-71F61C017E1E->6c928baf-cc3b-4a10-9362-ff4e15dca71d: receive RaftClientReply:client-71F61C017E1E->6c928baf-cc3b-4a10-9362-ff4e15dca71d@group-586430B97ADD, cid=1201, SUCCESS, logIndex=1746, commits[6c928baf-cc3b-4a10-9362-ff4e15dca71d:c1747]
2019-08-10 04:38:07,406 INFO  client.GrpcClientProtocolClient (GrpcClientProtocolClient.java:onNext(255)) - client-71F61C017E1E->6c928baf-cc3b-4a10-9362-ff4e15dca71d: receive RaftClientReply:client-71F61C017E1E->6c928baf-cc3b-4a10-9362-ff4e15dca71d@group-586430B97ADD, cid=1202, SUCCESS, logIndex=1747, commits[6c928baf-cc3b-4a10-9362-ff4e15dca71d:c1749]
2019-08-10 04:38:07,406 INFO  client.GrpcClientProtocolClient (GrpcClientProtocolClient.java:onNext(255)) - client-71F61C017E1E->6c928baf-cc3b-4a10-9362-ff4e15dca71d: receive RaftClientReply:client-71F61C017E1E->6c928baf-cc3b-4a10-9362-ff4e15dca71d@group-586430B97ADD, cid=1203, SUCCESS, logIndex=1748, commits[6c928baf-cc3b-4a10-9362-ff4e15dca71d:c1750]
2019-08-10 04:38:07,406 DEBUG block.SCMBlockDeletingService (SCMBlockDeletingService.java:call(138)) - Running DeletedBlockTransactionScanner
2019-08-10 04:38:07,406 INFO  client.GrpcClientProtocolClient (GrpcClientProtocolClient.java:onNext(255)) - client-71F61C017E1E->6c928baf-cc3b-4a10-9362-ff4e15dca71d: receive RaftClientReply:client-71F61C017E1E->6c928baf-cc3b-4a10-9362-ff4e15dca71d@group-586430B97ADD, cid=1204, SUCCESS, logIndex=1749, commits[6c928baf-cc3b-4a10-9362-ff4e15dca71d:c1751]
2019-08-10 04:38:07,407 DEBUG block.SCMBlockDeletingService (SCMBlockDeletingService.java:call(155)) - Scanned deleted blocks log and got 0 delTX to process.
2019-08-10 04:38:07,426 INFO  client.GrpcClientProtocolClient (GrpcClientProtocolClient.java:onNext(255)) - client-71F61C017E1E->6c928baf-cc3b-4a10-9362-ff4e15dca71d: receive RaftClientReply:client-71F61C017E1E->6c928baf-cc3b-4a10-9362-ff4e15dca71d@group-586430B97ADD, cid=1205, SUCCESS, logIndex=1752, commits[6c928baf-cc3b-4a10-9362-ff4e15dca71d:c1753]
2019-08-10 04:38:07,426 INFO  client.GrpcClientProtocolClient (GrpcClientProtocolClient.java:onNext(255)) - client-71F61C017E1E->6c928baf-cc3b-4a10-9362-ff4e15dca71d: receive RaftClientReply:client-71F61C017E1E->6c928baf-cc3b-4a10-9362-ff4e15dca71d@group-586430B97ADD, cid=1206, SUCCESS, logIndex=1753, commits[6c928baf-cc3b-4a10-9362-ff4e15dca71d:c1755]
2019-08-10 04:38:07,426 INFO  client.GrpcClientProtocolClient (GrpcClientProtocolClient.java:onNext(255)) - client-71F61C017E1E->6c928baf-cc3b-4a10-9362-ff4e15dca71d: receive RaftClientReply:client-71F61C017E1E->6c928baf-cc3b-4a10-9362-ff4e15dca71d@group-586430B97ADD, cid=1207, SUCCESS, logIndex=1754, commits[6c928baf-cc3b-4a10-9362-ff4e15dca71d:c1755]
2019-08-10 04:38:07,427 INFO  client.GrpcClientProtocolClient (GrpcClientProtocolClient.java:onNext(255)) - client-71F61C017E1E->6c928baf-cc3b-4a10-9362-ff4e15dca71d: receive RaftClientReply:client-71F61C017E1E->6c928baf-cc3b-4a10-9362-ff4e15dca71d@group-586430B97ADD, cid=1208, SUCCESS, logIndex=1755, commits[6c928baf-cc3b-4a10-9362-ff4e15dca71d:c1755]
2019-08-10 04:38:07,507 DEBUG block.SCMBlockDeletingService (SCMBlockDeletingService.java:call(138)) - Running DeletedBlockTransactionScanner
2019-08-10 04:38:07,507 DEBUG block.SCMBlockDeletingService (SCMBlockDeletingService.java:call(155)) - Scanned deleted blocks log and got 0 delTX to process.
2019-08-10 04:38:07,516 INFO  client.GrpcClientProtocolClient (GrpcClientProtocolClient.java:onNext(255)) - client-71F61C017E1E->6c928baf-cc3b-4a10-9362-ff4e15dca71d: receive RaftClientReply:client-71F61C017E1E->6c928baf-cc3b-4a10-9362-ff4e15dca71d@group-586430B97ADD, cid=1209, SUCCESS, logIndex=1758, commits[6c928baf-cc3b-4a10-9362-ff4e15dca71d:c1759]
2019-08-10 04:38:07,517 INFO  client.GrpcClientProtocolClient (GrpcClientProtocolClient.java:onNext(255)) - client-71F61C017E1E->6c928baf-cc3b-4a10-9362-ff4e15dca71d: receive RaftClientReply:client-71F61C017E1E->6c928baf-cc3b-4a10-9362-ff4e15dca71d@group-586430B97ADD, cid=1210, SUCCESS, logIndex=1759, commits[6c928baf-cc3b-4a10-9362-ff4e15dca71d:c1761]
2019-08-10 04:38:07,517 INFO  client.GrpcClientProtocolClient (GrpcClientProtocolClient.java:onNext(255)) - client-71F61C017E1E->6c928baf-cc3b-4a10-9362-ff4e15dca71d: receive RaftClientReply:client-71F61C017E1E->6c928baf-cc3b-4a10-9362-ff4e15dca71d@group-586430B97ADD, cid=1211, SUCCESS, logIndex=1760, commits[6c928baf-cc3b-4a10-9362-ff4e15dca71d:c1762]
2019-08-10 04:38:07,517 INFO  client.GrpcClientProtocolClient (GrpcClientProtocolClient.java:onNext(255)) - client-71F61C017E1E->6c928baf-cc3b-4a10-9362-ff4e15dca71d: receive RaftClientReply:client-71F61C017E1E->6c928baf-cc3b-4a10-9362-ff4e15dca71d@group-586430B97ADD, cid=1212, SUCCESS, logIndex=1761, commits[6c928baf-cc3b-4a10-9362-ff4e15dca71d:c1763]
2019-08-10 04:38:07,538 INFO  client.GrpcClientProtocolClient (GrpcClientProtocolClient.java:onNext(255)) - client-71F61C017E1E->6c928baf-cc3b-4a10-9362-ff4e15dca71d: receive RaftClientReply:client-71F61C017E1E->6c928baf-cc3b-4a10-9362-ff4e15dca71d@group-586430B97ADD, cid=1213, SUCCESS, logIndex=1764, commits[6c928baf-cc3b-4a10-9362-ff4e15dca71d:c1765]
2019-08-10 04:38:07,539 INFO  client.GrpcClientProtocolClient (GrpcClientProtocolClient.java:onNext(255)) - client-71F61C017E1E->6c928baf-cc3b-4a10-9362-ff4e15dca71d: receive RaftClientReply:client-71F61C017E1E->6c928baf-cc3b-4a10-9362-ff4e15dca71d@group-586430B97ADD, cid=1214, SUCCESS, logIndex=1765, commits[6c928baf-cc3b-4a10-9362-ff4e15dca71d:c1767]
2019-08-10 04:38:07,539 INFO  client.GrpcClientProtocolClient (GrpcClientProtocolClient.java:onNext(255)) - client-71F61C017E1E->6c928baf-cc3b-4a10-9362-ff4e15dca71d: receive RaftClientReply:client-71F61C017E1E->6c928baf-cc3b-4a10-9362-ff4e15dca71d@group-586430B97ADD, cid=1215, SUCCESS, logIndex=1766, commits[6c928baf-cc3b-4a10-9362-ff4e15dca71d:c1768]
2019-08-10 04:38:07,540 INFO  client.GrpcClientProtocolClient (GrpcClientProtocolClient.java:onNext(255)) - client-71F61C017E1E->6c928baf-cc3b-4a10-9362-ff4e15dca71d: receive RaftClientReply:client-71F61C017E1E->6c928baf-cc3b-4a10-9362-ff4e15dca71d@group-586430B97ADD, cid=1216, SUCCESS, logIndex=1767, commits[6c928baf-cc3b-4a10-9362-ff4e15dca71d:c1769]
2019-08-10 04:38:07,568 INFO  client.GrpcClientProtocolClient (GrpcClientProtocolClient.java:onNext(255)) - client-71F61C017E1E->6c928baf-cc3b-4a10-9362-ff4e15dca71d: receive RaftClientReply:client-71F61C017E1E->6c928baf-cc3b-4a10-9362-ff4e15dca71d@group-586430B97ADD, cid=1217, SUCCESS, logIndex=1770, commits[6c928baf-cc3b-4a10-9362-ff4e15dca71d:c1771]
2019-08-10 04:38:07,577 INFO  client.GrpcClientProtocolClient (GrpcClientProtocolClient.java:onNext(255)) - client-71F61C017E1E->6c928baf-cc3b-4a10-9362-ff4e15dca71d: receive RaftClientReply:client-71F61C017E1E->6c928baf-cc3b-4a10-9362-ff4e15dca71d@group-586430B97ADD, cid=1218, SUCCESS, logIndex=1771, commits[6c928baf-cc3b-4a10-9362-ff4e15dca71d:c1771]
2019-08-10 04:38:07,578 INFO  client.GrpcClientProtocolClient (GrpcClientProtocolClient.java:onNext(255)) - client-71F61C017E1E->6c928baf-cc3b-4a10-9362-ff4e15dca71d: receive RaftClientReply:client-71F61C017E1E->6c928baf-cc3b-4a10-9362-ff4e15dca71d@group-586430B97ADD, cid=1219, SUCCESS, logIndex=1772, commits[6c928baf-cc3b-4a10-9362-ff4e15dca71d:c1773]
2019-08-10 04:38:07,579 INFO  client.GrpcClientProtocolClient (GrpcClientProtocolClient.java:onNext(255)) - client-71F61C017E1E->6c928baf-cc3b-4a10-9362-ff4e15dca71d: receive RaftClientReply:client-71F61C017E1E->6c928baf-cc3b-4a10-9362-ff4e15dca71d@group-586430B97ADD, cid=1220, SUCCESS, logIndex=1773, commits[6c928baf-cc3b-4a10-9362-ff4e15dca71d:c1774]
2019-08-10 04:38:07,599 INFO  client.GrpcClientProtocolClient (GrpcClientProtocolClient.java:onNext(255)) - client-71F61C017E1E->6c928baf-cc3b-4a10-9362-ff4e15dca71d: receive RaftClientReply:client-71F61C017E1E->6c928baf-cc3b-4a10-9362-ff4e15dca71d@group-586430B97ADD, cid=1221, SUCCESS, logIndex=1776, commits[6c928baf-cc3b-4a10-9362-ff4e15dca71d:c1779]
2019-08-10 04:38:07,599 INFO  client.GrpcClientProtocolClient (GrpcClientProtocolClient.java:onNext(255)) - client-71F61C017E1E->6c928baf-cc3b-4a10-9362-ff4e15dca71d: receive RaftClientReply:client-71F61C017E1E->6c928baf-cc3b-4a10-9362-ff4e15dca71d@group-586430B97ADD, cid=1222, SUCCESS, logIndex=1777, commits[6c928baf-cc3b-4a10-9362-ff4e15dca71d:c1780]
2019-08-10 04:38:07,600 INFO  client.GrpcClientProtocolClient (GrpcClientProtocolClient.java:onNext(255)) - client-71F61C017E1E->6c928baf-cc3b-4a10-9362-ff4e15dca71d: receive RaftClientReply:client-71F61C017E1E->6c928baf-cc3b-4a10-9362-ff4e15dca71d@group-586430B97ADD, cid=1223, SUCCESS, logIndex=1778, commits[6c928baf-cc3b-4a10-9362-ff4e15dca71d:c1780]
2019-08-10 04:38:07,600 INFO  client.GrpcClientProtocolClient (GrpcClientProtocolClient.java:onNext(255)) - client-71F61C017E1E->6c928baf-cc3b-4a10-9362-ff4e15dca71d: receive RaftClientReply:client-71F61C017E1E->6c928baf-cc3b-4a10-9362-ff4e15dca71d@group-586430B97ADD, cid=1224, SUCCESS, logIndex=1779, commits[6c928baf-cc3b-4a10-9362-ff4e15dca71d:c1781]
2019-08-10 04:38:07,608 DEBUG block.SCMBlockDeletingService (SCMBlockDeletingService.java:call(138)) - Running DeletedBlockTransactionScanner
2019-08-10 04:38:07,608 DEBUG block.SCMBlockDeletingService (SCMBlockDeletingService.java:call(155)) - Scanned deleted blocks log and got 0 delTX to process.
2019-08-10 04:38:07,626 INFO  client.GrpcClientProtocolClient (GrpcClientProtocolClient.java:onNext(255)) - client-71F61C017E1E->6c928baf-cc3b-4a10-9362-ff4e15dca71d: receive RaftClientReply:client-71F61C017E1E->6c928baf-cc3b-4a10-9362-ff4e15dca71d@group-586430B97ADD, cid=1225, SUCCESS, logIndex=1782, commits[6c928baf-cc3b-4a10-9362-ff4e15dca71d:c1783]
2019-08-10 04:38:07,627 INFO  client.GrpcClientProtocolClient (GrpcClientProtocolClient.java:onNext(255)) - client-71F61C017E1E->6c928baf-cc3b-4a10-9362-ff4e15dca71d: receive RaftClientReply:client-71F61C017E1E->6c928baf-cc3b-4a10-9362-ff4e15dca71d@group-586430B97ADD, cid=1226, SUCCESS, logIndex=1783, commits[6c928baf-cc3b-4a10-9362-ff4e15dca71d:c1785]
2019-08-10 04:38:07,627 INFO  client.GrpcClientProtocolClient (GrpcClientProtocolClient.java:onNext(255)) - client-71F61C017E1E->6c928baf-cc3b-4a10-9362-ff4e15dca71d: receive RaftClientReply:client-71F61C017E1E->6c928baf-cc3b-4a10-9362-ff4e15dca71d@group-586430B97ADD, cid=1227, SUCCESS, logIndex=1784, commits[6c928baf-cc3b-4a10-9362-ff4e15dca71d:c1785]
2019-08-10 04:38:07,627 INFO  client.GrpcClientProtocolClient (GrpcClientProtocolClient.java:onNext(255)) - client-71F61C017E1E->6c928baf-cc3b-4a10-9362-ff4e15dca71d: receive RaftClientReply:client-71F61C017E1E->6c928baf-cc3b-4a10-9362-ff4e15dca71d@group-586430B97ADD, cid=1228, SUCCESS, logIndex=1785, commits[6c928baf-cc3b-4a10-9362-ff4e15dca71d:c1786]
2019-08-10 04:38:07,648 INFO  client.GrpcClientProtocolClient (GrpcClientProtocolClient.java:onNext(255)) - client-71F61C017E1E->6c928baf-cc3b-4a10-9362-ff4e15dca71d: receive RaftClientReply:client-71F61C017E1E->6c928baf-cc3b-4a10-9362-ff4e15dca71d@group-586430B97ADD, cid=1229, SUCCESS, logIndex=1788, commits[6c928baf-cc3b-4a10-9362-ff4e15dca71d:c1789]
2019-08-10 04:38:07,648 INFO  client.GrpcClientProtocolClient (GrpcClientProtocolClient.java:onNext(255)) - client-71F61C017E1E->6c928baf-cc3b-4a10-9362-ff4e15dca71d: receive RaftClientReply:client-71F61C017E1E->6c928baf-cc3b-4a10-9362-ff4e15dca71d@group-586430B97ADD, cid=1230, SUCCESS, logIndex=1789, commits[6c928baf-cc3b-4a10-9362-ff4e15dca71d:c1791]
2019-08-10 04:38:07,649 INFO  client.GrpcClientProtocolClient (GrpcClientProtocolClient.java:onNext(255)) - client-71F61C017E1E->6c928baf-cc3b-4a10-9362-ff4e15dca71d: receive RaftClientReply:client-71F61C017E1E->6c928baf-cc3b-4a10-9362-ff4e15dca71d@group-586430B97ADD, cid=1231, SUCCESS, logIndex=1790, commits[6c928baf-cc3b-4a10-9362-ff4e15dca71d:c1791]
2019-08-10 04:38:07,649 INFO  client.GrpcClientProtocolClient (GrpcClientProtocolClient.java:onNext(255)) - client-71F61C017E1E->6c928baf-cc3b-4a10-9362-ff4e15dca71d: receive RaftClientReply:client-71F61C017E1E->6c928baf-cc3b-4a10-9362-ff4e15dca71d@group-586430B97ADD, cid=1232, SUCCESS, logIndex=1791, commits[6c928baf-cc3b-4a10-9362-ff4e15dca71d:c1792]
2019-08-10 04:38:07,675 INFO  client.GrpcClientProtocolClient (GrpcClientProtocolClient.java:onNext(255)) - client-71F61C017E1E->6c928baf-cc3b-4a10-9362-ff4e15dca71d: receive RaftClientReply:client-71F61C017E1E->6c928baf-cc3b-4a10-9362-ff4e15dca71d@group-586430B97ADD, cid=1233, SUCCESS, logIndex=1794, commits[6c928baf-cc3b-4a10-9362-ff4e15dca71d:c1795]
2019-08-10 04:38:07,676 INFO  client.GrpcClientProtocolClient (GrpcClientProtocolClient.java:onNext(255)) - client-71F61C017E1E->6c928baf-cc3b-4a10-9362-ff4e15dca71d: receive RaftClientReply:client-71F61C017E1E->6c928baf-cc3b-4a10-9362-ff4e15dca71d@group-586430B97ADD, cid=1234, SUCCESS, logIndex=1795, commits[6c928baf-cc3b-4a10-9362-ff4e15dca71d:c1797]
2019-08-10 04:38:07,676 INFO  client.GrpcClientProtocolClient (GrpcClientProtocolClient.java:onNext(255)) - client-71F61C017E1E->6c928baf-cc3b-4a10-9362-ff4e15dca71d: receive RaftClientReply:client-71F61C017E1E->6c928baf-cc3b-4a10-9362-ff4e15dca71d@group-586430B97ADD, cid=1235, SUCCESS, logIndex=1796, commits[6c928baf-cc3b-4a10-9362-ff4e15dca71d:c1797]
2019-08-10 04:38:07,677 INFO  client.GrpcClientProtocolClient (GrpcClientProtocolClient.java:onNext(255)) - client-71F61C017E1E->6c928baf-cc3b-4a10-9362-ff4e15dca71d: receive RaftClientReply:client-71F61C017E1E->6c928baf-cc3b-4a10-9362-ff4e15dca71d@group-586430B97ADD, cid=1236, SUCCESS, logIndex=1797, commits[6c928baf-cc3b-4a10-9362-ff4e15dca71d:c1798]
2019-08-10 04:38:07,708 DEBUG block.SCMBlockDeletingService (SCMBlockDeletingService.java:call(138)) - Running DeletedBlockTransactionScanner
2019-08-10 04:38:07,709 DEBUG block.SCMBlockDeletingService (SCMBlockDeletingService.java:call(155)) - Scanned deleted blocks log and got 0 delTX to process.
2019-08-10 04:38:07,797 INFO  client.GrpcClientProtocolClient (GrpcClientProtocolClient.java:onNext(255)) - client-71F61C017E1E->6c928baf-cc3b-4a10-9362-ff4e15dca71d: receive RaftClientReply:client-71F61C017E1E->6c928baf-cc3b-4a10-9362-ff4e15dca71d@group-586430B97ADD, cid=1237, SUCCESS, logIndex=1800, commits[6c928baf-cc3b-4a10-9362-ff4e15dca71d:c1801]
2019-08-10 04:38:07,798 INFO  client.GrpcClientProtocolClient (GrpcClientProtocolClient.java:onNext(255)) - client-71F61C017E1E->6c928baf-cc3b-4a10-9362-ff4e15dca71d: receive RaftClientReply:client-71F61C017E1E->6c928baf-cc3b-4a10-9362-ff4e15dca71d@group-586430B97ADD, cid=1238, SUCCESS, logIndex=1801, commits[6c928baf-cc3b-4a10-9362-ff4e15dca71d:c1803]
2019-08-10 04:38:07,798 INFO  client.GrpcClientProtocolClient (GrpcClientProtocolClient.java:onNext(255)) - client-71F61C017E1E->6c928baf-cc3b-4a10-9362-ff4e15dca71d: receive RaftClientReply:client-71F61C017E1E->6c928baf-cc3b-4a10-9362-ff4e15dca71d@group-586430B97ADD, cid=1239, SUCCESS, logIndex=1802, commits[6c928baf-cc3b-4a10-9362-ff4e15dca71d:c1804]
2019-08-10 04:38:07,798 INFO  client.GrpcClientProtocolClient (GrpcClientProtocolClient.java:onNext(255)) - client-71F61C017E1E->6c928baf-cc3b-4a10-9362-ff4e15dca71d: receive RaftClientReply:client-71F61C017E1E->6c928baf-cc3b-4a10-9362-ff4e15dca71d@group-586430B97ADD, cid=1240, SUCCESS, logIndex=1803, commits[6c928baf-cc3b-4a10-9362-ff4e15dca71d:c1805]
2019-08-10 04:38:07,809 DEBUG block.SCMBlockDeletingService (SCMBlockDeletingService.java:call(138)) - Running DeletedBlockTransactionScanner
2019-08-10 04:38:07,809 DEBUG block.SCMBlockDeletingService (SCMBlockDeletingService.java:call(155)) - Scanned deleted blocks log and got 0 delTX to process.
2019-08-10 04:38:07,825 INFO  client.GrpcClientProtocolClient (GrpcClientProtocolClient.java:onNext(255)) - client-71F61C017E1E->6c928baf-cc3b-4a10-9362-ff4e15dca71d: receive RaftClientReply:client-71F61C017E1E->6c928baf-cc3b-4a10-9362-ff4e15dca71d@group-586430B97ADD, cid=1241, SUCCESS, logIndex=1806, commits[6c928baf-cc3b-4a10-9362-ff4e15dca71d:c1809]
2019-08-10 04:38:07,825 INFO  client.GrpcClientProtocolClient (GrpcClientProtocolClient.java:onNext(255)) - client-71F61C017E1E->6c928baf-cc3b-4a10-9362-ff4e15dca71d: receive RaftClientReply:client-71F61C017E1E->6c928baf-cc3b-4a10-9362-ff4e15dca71d@group-586430B97ADD, cid=1242, SUCCESS, logIndex=1807, commits[6c928baf-cc3b-4a10-9362-ff4e15dca71d:c1810]
2019-08-10 04:38:07,826 INFO  client.GrpcClientProtocolClient (GrpcClientProtocolClient.java:onNext(255)) - client-71F61C017E1E->6c928baf-cc3b-4a10-9362-ff4e15dca71d: receive RaftClientReply:client-71F61C017E1E->6c928baf-cc3b-4a10-9362-ff4e15dca71d@group-586430B97ADD, cid=1243, SUCCESS, logIndex=1808, commits[6c928baf-cc3b-4a10-9362-ff4e15dca71d:c1810]
2019-08-10 04:38:07,826 INFO  client.GrpcClientProtocolClient (GrpcClientProtocolClient.java:onNext(255)) - client-71F61C017E1E->6c928baf-cc3b-4a10-9362-ff4e15dca71d: receive RaftClientReply:client-71F61C017E1E->6c928baf-cc3b-4a10-9362-ff4e15dca71d@group-586430B97ADD, cid=1244, SUCCESS, logIndex=1809, commits[6c928baf-cc3b-4a10-9362-ff4e15dca71d:c1810]
2019-08-10 04:38:07,847 INFO  client.GrpcClientProtocolClient (GrpcClientProtocolClient.java:onNext(255)) - client-71F61C017E1E->6c928baf-cc3b-4a10-9362-ff4e15dca71d: receive RaftClientReply:client-71F61C017E1E->6c928baf-cc3b-4a10-9362-ff4e15dca71d@group-586430B97ADD, cid=1245, SUCCESS, logIndex=1811, commits[6c928baf-cc3b-4a10-9362-ff4e15dca71d:c1814]
2019-08-10 04:38:07,848 INFO  client.GrpcClientProtocolClient (GrpcClientProtocolClient.java:onNext(255)) - client-71F61C017E1E->6c928baf-cc3b-4a10-9362-ff4e15dca71d: receive RaftClientReply:client-71F61C017E1E->6c928baf-cc3b-4a10-9362-ff4e15dca71d@group-586430B97ADD, cid=1246, SUCCESS, logIndex=1812, commits[6c928baf-cc3b-4a10-9362-ff4e15dca71d:c1815]
2019-08-10 04:38:07,848 INFO  client.GrpcClientProtocolClient (GrpcClientProtocolClient.java:onNext(255)) - client-71F61C017E1E->6c928baf-cc3b-4a10-9362-ff4e15dca71d: receive RaftClientReply:client-71F61C017E1E->6c928baf-cc3b-4a10-9362-ff4e15dca71d@group-586430B97ADD, cid=1247, SUCCESS, logIndex=1813, commits[6c928baf-cc3b-4a10-9362-ff4e15dca71d:c1815]
2019-08-10 04:38:07,848 INFO  client.GrpcClientProtocolClient (GrpcClientProtocolClient.java:onNext(255)) - client-71F61C017E1E->6c928baf-cc3b-4a10-9362-ff4e15dca71d: receive RaftClientReply:client-71F61C017E1E->6c928baf-cc3b-4a10-9362-ff4e15dca71d@group-586430B97ADD, cid=1248, SUCCESS, logIndex=1814, commits[6c928baf-cc3b-4a10-9362-ff4e15dca71d:c1815]
2019-08-10 04:38:07,876 INFO  client.GrpcClientProtocolClient (GrpcClientProtocolClient.java:onNext(255)) - client-71F61C017E1E->6c928baf-cc3b-4a10-9362-ff4e15dca71d: receive RaftClientReply:client-71F61C017E1E->6c928baf-cc3b-4a10-9362-ff4e15dca71d@group-586430B97ADD, cid=1249, SUCCESS, logIndex=1816, commits[6c928baf-cc3b-4a10-9362-ff4e15dca71d:c1817]
2019-08-10 04:38:07,876 INFO  client.GrpcClientProtocolClient (GrpcClientProtocolClient.java:onNext(255)) - client-71F61C017E1E->6c928baf-cc3b-4a10-9362-ff4e15dca71d: receive RaftClientReply:client-71F61C017E1E->6c928baf-cc3b-4a10-9362-ff4e15dca71d@group-586430B97ADD, cid=1250, SUCCESS, logIndex=1817, commits[6c928baf-cc3b-4a10-9362-ff4e15dca71d:c1817]
2019-08-10 04:38:07,877 INFO  client.GrpcClientProtocolClient (GrpcClientProtocolClient.java:onNext(255)) - client-71F61C017E1E->6c928baf-cc3b-4a10-9362-ff4e15dca71d: receive RaftClientReply:client-71F61C017E1E->6c928baf-cc3b-4a10-9362-ff4e15dca71d@group-586430B97ADD, cid=1251, SUCCESS, logIndex=1818, commits[6c928baf-cc3b-4a10-9362-ff4e15dca71d:c1819]
2019-08-10 04:38:07,877 INFO  client.GrpcClientProtocolClient (GrpcClientProtocolClient.java:onNext(255)) - client-71F61C017E1E->6c928baf-cc3b-4a10-9362-ff4e15dca71d: receive RaftClientReply:client-71F61C017E1E->6c928baf-cc3b-4a10-9362-ff4e15dca71d@group-586430B97ADD, cid=1252, SUCCESS, logIndex=1819, commits[6c928baf-cc3b-4a10-9362-ff4e15dca71d:c1820]
2019-08-10 04:38:07,897 INFO  client.GrpcClientProtocolClient (GrpcClientProtocolClient.java:onNext(255)) - client-71F61C017E1E->6c928baf-cc3b-4a10-9362-ff4e15dca71d: receive RaftClientReply:client-71F61C017E1E->6c928baf-cc3b-4a10-9362-ff4e15dca71d@group-586430B97ADD, cid=1253, SUCCESS, logIndex=1822, commits[6c928baf-cc3b-4a10-9362-ff4e15dca71d:c1823]
2019-08-10 04:38:07,897 INFO  client.GrpcClientProtocolClient (GrpcClientProtocolClient.java:onNext(255)) - client-71F61C017E1E->6c928baf-cc3b-4a10-9362-ff4e15dca71d: receive RaftClientReply:client-71F61C017E1E->6c928baf-cc3b-4a10-9362-ff4e15dca71d@group-586430B97ADD, cid=1254, SUCCESS, logIndex=1823, commits[6c928baf-cc3b-4a10-9362-ff4e15dca71d:c1825]
2019-08-10 04:38:07,898 INFO  client.GrpcClientProtocolClient (GrpcClientProtocolClient.java:onNext(255)) - client-71F61C017E1E->6c928baf-cc3b-4a10-9362-ff4e15dca71d: receive RaftClientReply:client-71F61C017E1E->6c928baf-cc3b-4a10-9362-ff4e15dca71d@group-586430B97ADD, cid=1255, SUCCESS, logIndex=1824, commits[6c928baf-cc3b-4a10-9362-ff4e15dca71d:c1826]
2019-08-10 04:38:07,898 INFO  client.GrpcClientProtocolClient (GrpcClientProtocolClient.java:onNext(255)) - client-71F61C017E1E->6c928baf-cc3b-4a10-9362-ff4e15dca71d: receive RaftClientReply:client-71F61C017E1E->6c928baf-cc3b-4a10-9362-ff4e15dca71d@group-586430B97ADD, cid=1256, SUCCESS, logIndex=1825, commits[6c928baf-cc3b-4a10-9362-ff4e15dca71d:c1826]
2019-08-10 04:38:07,910 DEBUG block.SCMBlockDeletingService (SCMBlockDeletingService.java:call(138)) - Running DeletedBlockTransactionScanner
2019-08-10 04:38:07,910 DEBUG block.SCMBlockDeletingService (SCMBlockDeletingService.java:call(155)) - Scanned deleted blocks log and got 0 delTX to process.
2019-08-10 04:38:07,926 INFO  client.GrpcClientProtocolClient (GrpcClientProtocolClient.java:onNext(255)) - client-71F61C017E1E->6c928baf-cc3b-4a10-9362-ff4e15dca71d: receive RaftClientReply:client-71F61C017E1E->6c928baf-cc3b-4a10-9362-ff4e15dca71d@group-586430B97ADD, cid=1257, SUCCESS, logIndex=1828, commits[6c928baf-cc3b-4a10-9362-ff4e15dca71d:c1829]
2019-08-10 04:38:07,926 INFO  client.GrpcClientProtocolClient (GrpcClientProtocolClient.java:onNext(255)) - client-71F61C017E1E->6c928baf-cc3b-4a10-9362-ff4e15dca71d: receive RaftClientReply:client-71F61C017E1E->6c928baf-cc3b-4a10-9362-ff4e15dca71d@group-586430B97ADD, cid=1258, SUCCESS, logIndex=1829, commits[6c928baf-cc3b-4a10-9362-ff4e15dca71d:c1831]
2019-08-10 04:38:07,927 INFO  client.GrpcClientProtocolClient (GrpcClientProtocolClient.java:onNext(255)) - client-71F61C017E1E->6c928baf-cc3b-4a10-9362-ff4e15dca71d: receive RaftClientReply:client-71F61C017E1E->6c928baf-cc3b-4a10-9362-ff4e15dca71d@group-586430B97ADD, cid=1259, SUCCESS, logIndex=1830, commits[6c928baf-cc3b-4a10-9362-ff4e15dca71d:c1832]
2019-08-10 04:38:07,927 INFO  client.GrpcClientProtocolClient (GrpcClientProtocolClient.java:onNext(255)) - client-71F61C017E1E->6c928baf-cc3b-4a10-9362-ff4e15dca71d: receive RaftClientReply:client-71F61C017E1E->6c928baf-cc3b-4a10-9362-ff4e15dca71d@group-586430B97ADD, cid=1260, SUCCESS, logIndex=1831, commits[6c928baf-cc3b-4a10-9362-ff4e15dca71d:c1833]
2019-08-10 04:38:07,947 INFO  client.GrpcClientProtocolClient (GrpcClientProtocolClient.java:onNext(255)) - client-71F61C017E1E->6c928baf-cc3b-4a10-9362-ff4e15dca71d: receive RaftClientReply:client-71F61C017E1E->6c928baf-cc3b-4a10-9362-ff4e15dca71d@group-586430B97ADD, cid=1261, SUCCESS, logIndex=1834, commits[6c928baf-cc3b-4a10-9362-ff4e15dca71d:c1835]
2019-08-10 04:38:07,948 INFO  client.GrpcClientProtocolClient (GrpcClientProtocolClient.java:onNext(255)) - client-71F61C017E1E->6c928baf-cc3b-4a10-9362-ff4e15dca71d: receive RaftClientReply:client-71F61C017E1E->6c928baf-cc3b-4a10-9362-ff4e15dca71d@group-586430B97ADD, cid=1262, SUCCESS, logIndex=1835, commits[6c928baf-cc3b-4a10-9362-ff4e15dca71d:c1837]
2019-08-10 04:38:07,948 INFO  client.GrpcClientProtocolClient (GrpcClientProtocolClient.java:onNext(255)) - client-71F61C017E1E->6c928baf-cc3b-4a10-9362-ff4e15dca71d: receive RaftClientReply:client-71F61C017E1E->6c928baf-cc3b-4a10-9362-ff4e15dca71d@group-586430B97ADD, cid=1263, SUCCESS, logIndex=1836, commits[6c928baf-cc3b-4a10-9362-ff4e15dca71d:c1837]
2019-08-10 04:38:07,949 INFO  client.GrpcClientProtocolClient (GrpcClientProtocolClient.java:onNext(255)) - client-71F61C017E1E->6c928baf-cc3b-4a10-9362-ff4e15dca71d: receive RaftClientReply:client-71F61C017E1E->6c928baf-cc3b-4a10-9362-ff4e15dca71d@group-586430B97ADD, cid=1264, SUCCESS, logIndex=1837, commits[6c928baf-cc3b-4a10-9362-ff4e15dca71d:c1838]
2019-08-10 04:38:07,982 INFO  client.GrpcClientProtocolClient (GrpcClientProtocolClient.java:onNext(255)) - client-71F61C017E1E->6c928baf-cc3b-4a10-9362-ff4e15dca71d: receive RaftClientReply:client-71F61C017E1E->6c928baf-cc3b-4a10-9362-ff4e15dca71d@group-586430B97ADD, cid=1265, SUCCESS, logIndex=1840, commits[6c928baf-cc3b-4a10-9362-ff4e15dca71d:c1841]
2019-08-10 04:38:07,982 INFO  client.GrpcClientProtocolClient (GrpcClientProtocolClient.java:onNext(255)) - client-71F61C017E1E->6c928baf-cc3b-4a10-9362-ff4e15dca71d: receive RaftClientReply:client-71F61C017E1E->6c928baf-cc3b-4a10-9362-ff4e15dca71d@group-586430B97ADD, cid=1266, SUCCESS, logIndex=1841, commits[6c928baf-cc3b-4a10-9362-ff4e15dca71d:c1843]
2019-08-10 04:38:07,983 INFO  client.GrpcClientProtocolClient (GrpcClientProtocolClient.java:onNext(255)) - client-71F61C017E1E->6c928baf-cc3b-4a10-9362-ff4e15dca71d: receive RaftClientReply:client-71F61C017E1E->6c928baf-cc3b-4a10-9362-ff4e15dca71d@group-586430B97ADD, cid=1267, SUCCESS, logIndex=1842, commits[6c928baf-cc3b-4a10-9362-ff4e15dca71d:c1843]
2019-08-10 04:38:07,983 INFO  client.GrpcClientProtocolClient (GrpcClientProtocolClient.java:onNext(255)) - client-71F61C017E1E->6c928baf-cc3b-4a10-9362-ff4e15dca71d: receive RaftClientReply:client-71F61C017E1E->6c928baf-cc3b-4a10-9362-ff4e15dca71d@group-586430B97ADD, cid=1268, SUCCESS, logIndex=1843, commits[6c928baf-cc3b-4a10-9362-ff4e15dca71d:c1844]
2019-08-10 04:38:08,003 INFO  client.GrpcClientProtocolClient (GrpcClientProtocolClient.java:onNext(255)) - client-71F61C017E1E->6c928baf-cc3b-4a10-9362-ff4e15dca71d: receive RaftClientReply:client-71F61C017E1E->6c928baf-cc3b-4a10-9362-ff4e15dca71d@group-586430B97ADD, cid=1269, SUCCESS, logIndex=1846, commits[6c928baf-cc3b-4a10-9362-ff4e15dca71d:c1847]
2019-08-10 04:38:08,003 INFO  client.GrpcClientProtocolClient (GrpcClientProtocolClient.java:onNext(255)) - client-71F61C017E1E->6c928baf-cc3b-4a10-9362-ff4e15dca71d: receive RaftClientReply:client-71F61C017E1E->6c928baf-cc3b-4a10-9362-ff4e15dca71d@group-586430B97ADD, cid=1270, SUCCESS, logIndex=1847, commits[6c928baf-cc3b-4a10-9362-ff4e15dca71d:c1849]
2019-08-10 04:38:08,004 INFO  client.GrpcClientProtocolClient (GrpcClientProtocolClient.java:onNext(255)) - client-71F61C017E1E->6c928baf-cc3b-4a10-9362-ff4e15dca71d: receive RaftClientReply:client-71F61C017E1E->6c928baf-cc3b-4a10-9362-ff4e15dca71d@group-586430B97ADD, cid=1271, SUCCESS, logIndex=1848, commits[6c928baf-cc3b-4a10-9362-ff4e15dca71d:c1849]
2019-08-10 04:38:08,004 INFO  client.GrpcClientProtocolClient (GrpcClientProtocolClient.java:onNext(255)) - client-71F61C017E1E->6c928baf-cc3b-4a10-9362-ff4e15dca71d: receive RaftClientReply:client-71F61C017E1E->6c928baf-cc3b-4a10-9362-ff4e15dca71d@group-586430B97ADD, cid=1272, SUCCESS, logIndex=1849, commits[6c928baf-cc3b-4a10-9362-ff4e15dca71d:c1850]
2019-08-10 04:38:08,010 DEBUG block.SCMBlockDeletingService (SCMBlockDeletingService.java:call(138)) - Running DeletedBlockTransactionScanner
2019-08-10 04:38:08,011 DEBUG block.SCMBlockDeletingService (SCMBlockDeletingService.java:call(155)) - Scanned deleted blocks log and got 0 delTX to process.
2019-08-10 04:38:08,034 INFO  client.GrpcClientProtocolClient (GrpcClientProtocolClient.java:onNext(255)) - client-71F61C017E1E->6c928baf-cc3b-4a10-9362-ff4e15dca71d: receive RaftClientReply:client-71F61C017E1E->6c928baf-cc3b-4a10-9362-ff4e15dca71d@group-586430B97ADD, cid=1273, SUCCESS, logIndex=1852, commits[6c928baf-cc3b-4a10-9362-ff4e15dca71d:c1853]
2019-08-10 04:38:08,034 INFO  client.GrpcClientProtocolClient (GrpcClientProtocolClient.java:onNext(255)) - client-71F61C017E1E->6c928baf-cc3b-4a10-9362-ff4e15dca71d: receive RaftClientReply:client-71F61C017E1E->6c928baf-cc3b-4a10-9362-ff4e15dca71d@group-586430B97ADD, cid=1274, SUCCESS, logIndex=1853, commits[6c928baf-cc3b-4a10-9362-ff4e15dca71d:c1855]
2019-08-10 04:38:08,035 INFO  client.GrpcClientProtocolClient (GrpcClientProtocolClient.java:onNext(255)) - client-71F61C017E1E->6c928baf-cc3b-4a10-9362-ff4e15dca71d: receive RaftClientReply:client-71F61C017E1E->6c928baf-cc3b-4a10-9362-ff4e15dca71d@group-586430B97ADD, cid=1275, SUCCESS, logIndex=1854, commits[6c928baf-cc3b-4a10-9362-ff4e15dca71d:c1856]
2019-08-10 04:38:08,035 INFO  client.GrpcClientProtocolClient (GrpcClientProtocolClient.java:onNext(255)) - client-71F61C017E1E->6c928baf-cc3b-4a10-9362-ff4e15dca71d: receive RaftClientReply:client-71F61C017E1E->6c928baf-cc3b-4a10-9362-ff4e15dca71d@group-586430B97ADD, cid=1276, SUCCESS, logIndex=1855, commits[6c928baf-cc3b-4a10-9362-ff4e15dca71d:c1857]
2019-08-10 04:38:08,056 INFO  client.GrpcClientProtocolClient (GrpcClientProtocolClient.java:onNext(255)) - client-71F61C017E1E->6c928baf-cc3b-4a10-9362-ff4e15dca71d: receive RaftClientReply:client-71F61C017E1E->6c928baf-cc3b-4a10-9362-ff4e15dca71d@group-586430B97ADD, cid=1277, SUCCESS, logIndex=1858, commits[6c928baf-cc3b-4a10-9362-ff4e15dca71d:c1859]
2019-08-10 04:38:08,057 INFO  client.GrpcClientProtocolClient (GrpcClientProtocolClient.java:onNext(255)) - client-71F61C017E1E->6c928baf-cc3b-4a10-9362-ff4e15dca71d: receive RaftClientReply:client-71F61C017E1E->6c928baf-cc3b-4a10-9362-ff4e15dca71d@group-586430B97ADD, cid=1278, SUCCESS, logIndex=1859, commits[6c928baf-cc3b-4a10-9362-ff4e15dca71d:c1859]
2019-08-10 04:38:08,058 INFO  client.GrpcClientProtocolClient (GrpcClientProtocolClient.java:onNext(255)) - client-71F61C017E1E->6c928baf-cc3b-4a10-9362-ff4e15dca71d: receive RaftClientReply:client-71F61C017E1E->6c928baf-cc3b-4a10-9362-ff4e15dca71d@group-586430B97ADD, cid=1279, SUCCESS, logIndex=1860, commits[6c928baf-cc3b-4a10-9362-ff4e15dca71d:c1861]
2019-08-10 04:38:08,059 INFO  client.GrpcClientProtocolClient (GrpcClientProtocolClient.java:onNext(255)) - client-71F61C017E1E->6c928baf-cc3b-4a10-9362-ff4e15dca71d: receive RaftClientReply:client-71F61C017E1E->6c928baf-cc3b-4a10-9362-ff4e15dca71d@group-586430B97ADD, cid=1280, SUCCESS, logIndex=1861, commits[6c928baf-cc3b-4a10-9362-ff4e15dca71d:c1862]
2019-08-10 04:38:08,140 DEBUG block.SCMBlockDeletingService (SCMBlockDeletingService.java:call(138)) - Running DeletedBlockTransactionScanner
2019-08-10 04:38:08,140 DEBUG block.SCMBlockDeletingService (SCMBlockDeletingService.java:call(155)) - Scanned deleted blocks log and got 0 delTX to process.
2019-08-10 04:38:08,156 INFO  client.GrpcClientProtocolClient (GrpcClientProtocolClient.java:onNext(255)) - client-71F61C017E1E->6c928baf-cc3b-4a10-9362-ff4e15dca71d: receive RaftClientReply:client-71F61C017E1E->6c928baf-cc3b-4a10-9362-ff4e15dca71d@group-586430B97ADD, cid=1281, SUCCESS, logIndex=1864, commits[6c928baf-cc3b-4a10-9362-ff4e15dca71d:c1865]
2019-08-10 04:38:08,157 INFO  client.GrpcClientProtocolClient (GrpcClientProtocolClient.java:onNext(255)) - client-71F61C017E1E->6c928baf-cc3b-4a10-9362-ff4e15dca71d: receive RaftClientReply:client-71F61C017E1E->6c928baf-cc3b-4a10-9362-ff4e15dca71d@group-586430B97ADD, cid=1282, SUCCESS, logIndex=1865, commits[6c928baf-cc3b-4a10-9362-ff4e15dca71d:c1866]
2019-08-10 04:38:08,241 DEBUG block.SCMBlockDeletingService (SCMBlockDeletingService.java:call(138)) - Running DeletedBlockTransactionScanner
2019-08-10 04:38:08,241 DEBUG block.SCMBlockDeletingService (SCMBlockDeletingService.java:call(155)) - Scanned deleted blocks log and got 0 delTX to process.
2019-08-10 04:38:08,299 INFO  client.GrpcClientProtocolClient (GrpcClientProtocolClient.java:onNext(255)) - client-71F61C017E1E->6c928baf-cc3b-4a10-9362-ff4e15dca71d: receive RaftClientReply:client-71F61C017E1E->6c928baf-cc3b-4a10-9362-ff4e15dca71d@group-586430B97ADD, cid=1283, SUCCESS, logIndex=1867, commits[6c928baf-cc3b-4a10-9362-ff4e15dca71d:c1868]
2019-08-10 04:38:08,300 INFO  client.GrpcClientProtocolClient (GrpcClientProtocolClient.java:onNext(255)) - client-71F61C017E1E->6c928baf-cc3b-4a10-9362-ff4e15dca71d: receive RaftClientReply:client-71F61C017E1E->6c928baf-cc3b-4a10-9362-ff4e15dca71d@group-586430B97ADD, cid=1284, SUCCESS, logIndex=1868, commits[6c928baf-cc3b-4a10-9362-ff4e15dca71d:c1869]
2019-08-10 04:38:08,320 INFO  client.GrpcClientProtocolClient (GrpcClientProtocolClient.java:onNext(255)) - client-71F61C017E1E->6c928baf-cc3b-4a10-9362-ff4e15dca71d: receive RaftClientReply:client-71F61C017E1E->6c928baf-cc3b-4a10-9362-ff4e15dca71d@group-586430B97ADD, cid=1285, SUCCESS, logIndex=1870, commits[6c928baf-cc3b-4a10-9362-ff4e15dca71d:c1871]
2019-08-10 04:38:08,321 INFO  client.GrpcClientProtocolClient (GrpcClientProtocolClient.java:onNext(255)) - client-71F61C017E1E->6c928baf-cc3b-4a10-9362-ff4e15dca71d: receive RaftClientReply:client-71F61C017E1E->6c928baf-cc3b-4a10-9362-ff4e15dca71d@group-586430B97ADD, cid=1286, SUCCESS, logIndex=1871, commits[6c928baf-cc3b-4a10-9362-ff4e15dca71d:c1873]
2019-08-10 04:38:08,321 INFO  client.GrpcClientProtocolClient (GrpcClientProtocolClient.java:onNext(255)) - client-71F61C017E1E->6c928baf-cc3b-4a10-9362-ff4e15dca71d: receive RaftClientReply:client-71F61C017E1E->6c928baf-cc3b-4a10-9362-ff4e15dca71d@group-586430B97ADD, cid=1287, SUCCESS, logIndex=1872, commits[6c928baf-cc3b-4a10-9362-ff4e15dca71d:c1873]
2019-08-10 04:38:08,322 INFO  client.GrpcClientProtocolClient (GrpcClientProtocolClient.java:onNext(255)) - client-71F61C017E1E->6c928baf-cc3b-4a10-9362-ff4e15dca71d: receive RaftClientReply:client-71F61C017E1E->6c928baf-cc3b-4a10-9362-ff4e15dca71d@group-586430B97ADD, cid=1288, SUCCESS, logIndex=1873, commits[6c928baf-cc3b-4a10-9362-ff4e15dca71d:c1874]
2019-08-10 04:38:08,342 DEBUG block.SCMBlockDeletingService (SCMBlockDeletingService.java:call(138)) - Running DeletedBlockTransactionScanner
2019-08-10 04:38:08,342 DEBUG block.SCMBlockDeletingService (SCMBlockDeletingService.java:call(155)) - Scanned deleted blocks log and got 0 delTX to process.
2019-08-10 04:38:08,351 INFO  client.GrpcClientProtocolClient (GrpcClientProtocolClient.java:onNext(255)) - client-71F61C017E1E->6c928baf-cc3b-4a10-9362-ff4e15dca71d: receive RaftClientReply:client-71F61C017E1E->6c928baf-cc3b-4a10-9362-ff4e15dca71d@group-586430B97ADD, cid=1289, SUCCESS, logIndex=1876, commits[6c928baf-cc3b-4a10-9362-ff4e15dca71d:c1877]
2019-08-10 04:38:08,351 INFO  client.GrpcClientProtocolClient (GrpcClientProtocolClient.java:onNext(255)) - client-71F61C017E1E->6c928baf-cc3b-4a10-9362-ff4e15dca71d: receive RaftClientReply:client-71F61C017E1E->6c928baf-cc3b-4a10-9362-ff4e15dca71d@group-586430B97ADD, cid=1290, SUCCESS, logIndex=1877, commits[6c928baf-cc3b-4a10-9362-ff4e15dca71d:c1879]
2019-08-10 04:38:08,352 INFO  client.GrpcClientProtocolClient (GrpcClientProtocolClient.java:onNext(255)) - client-71F61C017E1E->6c928baf-cc3b-4a10-9362-ff4e15dca71d: receive RaftClientReply:client-71F61C017E1E->6c928baf-cc3b-4a10-9362-ff4e15dca71d@group-586430B97ADD, cid=1291, SUCCESS, logIndex=1878, commits[6c928baf-cc3b-4a10-9362-ff4e15dca71d:c1880]
2019-08-10 04:38:08,352 INFO  client.GrpcClientProtocolClient (GrpcClientProtocolClient.java:onNext(255)) - client-71F61C017E1E->6c928baf-cc3b-4a10-9362-ff4e15dca71d: receive RaftClientReply:client-71F61C017E1E->6c928baf-cc3b-4a10-9362-ff4e15dca71d@group-586430B97ADD, cid=1292, SUCCESS, logIndex=1879, commits[6c928baf-cc3b-4a10-9362-ff4e15dca71d:c1880]
2019-08-10 04:38:08,373 INFO  client.GrpcClientProtocolClient (GrpcClientProtocolClient.java:onNext(255)) - client-71F61C017E1E->6c928baf-cc3b-4a10-9362-ff4e15dca71d: receive RaftClientReply:client-71F61C017E1E->6c928baf-cc3b-4a10-9362-ff4e15dca71d@group-586430B97ADD, cid=1293, SUCCESS, logIndex=1882, commits[6c928baf-cc3b-4a10-9362-ff4e15dca71d:c1883]
2019-08-10 04:38:08,373 INFO  client.GrpcClientProtocolClient (GrpcClientProtocolClient.java:onNext(255)) - client-71F61C017E1E->6c928baf-cc3b-4a10-9362-ff4e15dca71d: receive RaftClientReply:client-71F61C017E1E->6c928baf-cc3b-4a10-9362-ff4e15dca71d@group-586430B97ADD, cid=1294, SUCCESS, logIndex=1883, commits[6c928baf-cc3b-4a10-9362-ff4e15dca71d:c1885]
2019-08-10 04:38:08,373 INFO  client.GrpcClientProtocolClient (GrpcClientProtocolClient.java:onNext(255)) - client-71F61C017E1E->6c928baf-cc3b-4a10-9362-ff4e15dca71d: receive RaftClientReply:client-71F61C017E1E->6c928baf-cc3b-4a10-9362-ff4e15dca71d@group-586430B97ADD, cid=1295, SUCCESS, logIndex=1884, commits[6c928baf-cc3b-4a10-9362-ff4e15dca71d:c1885]
2019-08-10 04:38:08,374 INFO  client.GrpcClientProtocolClient (GrpcClientProtocolClient.java:onNext(255)) - client-71F61C017E1E->6c928baf-cc3b-4a10-9362-ff4e15dca71d: receive RaftClientReply:client-71F61C017E1E->6c928baf-cc3b-4a10-9362-ff4e15dca71d@group-586430B97ADD, cid=1296, SUCCESS, logIndex=1885, commits[6c928baf-cc3b-4a10-9362-ff4e15dca71d:c1886]
2019-08-10 04:38:08,401 INFO  client.GrpcClientProtocolClient (GrpcClientProtocolClient.java:onNext(255)) - client-71F61C017E1E->6c928baf-cc3b-4a10-9362-ff4e15dca71d: receive RaftClientReply:client-71F61C017E1E->6c928baf-cc3b-4a10-9362-ff4e15dca71d@group-586430B97ADD, cid=1297, SUCCESS, logIndex=1888, commits[6c928baf-cc3b-4a10-9362-ff4e15dca71d:c1889]
2019-08-10 04:38:08,402 INFO  client.GrpcClientProtocolClient (GrpcClientProtocolClient.java:onNext(255)) - client-71F61C017E1E->6c928baf-cc3b-4a10-9362-ff4e15dca71d: receive RaftClientReply:client-71F61C017E1E->6c928baf-cc3b-4a10-9362-ff4e15dca71d@group-586430B97ADD, cid=1298, SUCCESS, logIndex=1889, commits[6c928baf-cc3b-4a10-9362-ff4e15dca71d:c1889]
2019-08-10 04:38:08,402 INFO  client.GrpcClientProtocolClient (GrpcClientProtocolClient.java:onNext(255)) - client-71F61C017E1E->6c928baf-cc3b-4a10-9362-ff4e15dca71d: receive RaftClientReply:client-71F61C017E1E->6c928baf-cc3b-4a10-9362-ff4e15dca71d@group-586430B97ADD, cid=1299, SUCCESS, logIndex=1890, commits[6c928baf-cc3b-4a10-9362-ff4e15dca71d:c1891]
2019-08-10 04:38:08,403 INFO  client.GrpcClientProtocolClient (GrpcClientProtocolClient.java:onNext(255)) - client-71F61C017E1E->6c928baf-cc3b-4a10-9362-ff4e15dca71d: receive RaftClientReply:client-71F61C017E1E->6c928baf-cc3b-4a10-9362-ff4e15dca71d@group-586430B97ADD, cid=1300, SUCCESS, logIndex=1891, commits[6c928baf-cc3b-4a10-9362-ff4e15dca71d:c1892]
2019-08-10 04:38:08,423 INFO  client.GrpcClientProtocolClient (GrpcClientProtocolClient.java:onNext(255)) - client-71F61C017E1E->6c928baf-cc3b-4a10-9362-ff4e15dca71d: receive RaftClientReply:client-71F61C017E1E->6c928baf-cc3b-4a10-9362-ff4e15dca71d@group-586430B97ADD, cid=1301, SUCCESS, logIndex=1894, commits[6c928baf-cc3b-4a10-9362-ff4e15dca71d:c1895]
2019-08-10 04:38:08,423 INFO  client.GrpcClientProtocolClient (GrpcClientProtocolClient.java:onNext(255)) - client-71F61C017E1E->6c928baf-cc3b-4a10-9362-ff4e15dca71d: receive RaftClientReply:client-71F61C017E1E->6c928baf-cc3b-4a10-9362-ff4e15dca71d@group-586430B97ADD, cid=1302, SUCCESS, logIndex=1895, commits[6c928baf-cc3b-4a10-9362-ff4e15dca71d:c1897]
2019-08-10 04:38:08,424 INFO  client.GrpcClientProtocolClient (GrpcClientProtocolClient.java:onNext(255)) - client-71F61C017E1E->6c928baf-cc3b-4a10-9362-ff4e15dca71d: receive RaftClientReply:client-71F61C017E1E->6c928baf-cc3b-4a10-9362-ff4e15dca71d@group-586430B97ADD, cid=1303, SUCCESS, logIndex=1896, commits[6c928baf-cc3b-4a10-9362-ff4e15dca71d:c1898]
2019-08-10 04:38:08,424 INFO  client.GrpcClientProtocolClient (GrpcClientProtocolClient.java:onNext(255)) - client-71F61C017E1E->6c928baf-cc3b-4a10-9362-ff4e15dca71d: receive RaftClientReply:client-71F61C017E1E->6c928baf-cc3b-4a10-9362-ff4e15dca71d@group-586430B97ADD, cid=1304, SUCCESS, logIndex=1897, commits[6c928baf-cc3b-4a10-9362-ff4e15dca71d:c1899]
2019-08-10 04:38:08,443 DEBUG block.SCMBlockDeletingService (SCMBlockDeletingService.java:call(138)) - Running DeletedBlockTransactionScanner
2019-08-10 04:38:08,443 DEBUG block.SCMBlockDeletingService (SCMBlockDeletingService.java:call(155)) - Scanned deleted blocks log and got 0 delTX to process.
2019-08-10 04:38:08,451 INFO  client.GrpcClientProtocolClient (GrpcClientProtocolClient.java:onNext(255)) - client-71F61C017E1E->6c928baf-cc3b-4a10-9362-ff4e15dca71d: receive RaftClientReply:client-71F61C017E1E->6c928baf-cc3b-4a10-9362-ff4e15dca71d@group-586430B97ADD, cid=1305, SUCCESS, logIndex=1900, commits[6c928baf-cc3b-4a10-9362-ff4e15dca71d:c1901]
2019-08-10 04:38:08,452 INFO  client.GrpcClientProtocolClient (GrpcClientProtocolClient.java:onNext(255)) - client-71F61C017E1E->6c928baf-cc3b-4a10-9362-ff4e15dca71d: receive RaftClientReply:client-71F61C017E1E->6c928baf-cc3b-4a10-9362-ff4e15dca71d@group-586430B97ADD, cid=1306, SUCCESS, logIndex=1901, commits[6c928baf-cc3b-4a10-9362-ff4e15dca71d:c1903]
2019-08-10 04:38:08,452 INFO  client.GrpcClientProtocolClient (GrpcClientProtocolClient.java:onNext(255)) - client-71F61C017E1E->6c928baf-cc3b-4a10-9362-ff4e15dca71d: receive RaftClientReply:client-71F61C017E1E->6c928baf-cc3b-4a10-9362-ff4e15dca71d@group-586430B97ADD, cid=1307, SUCCESS, logIndex=1902, commits[6c928baf-cc3b-4a10-9362-ff4e15dca71d:c1904]
2019-08-10 04:38:08,452 INFO  client.GrpcClientProtocolClient (GrpcClientProtocolClient.java:onNext(255)) - client-71F61C017E1E->6c928baf-cc3b-4a10-9362-ff4e15dca71d: receive RaftClientReply:client-71F61C017E1E->6c928baf-cc3b-4a10-9362-ff4e15dca71d@group-586430B97ADD, cid=1308, SUCCESS, logIndex=1903, commits[6c928baf-cc3b-4a10-9362-ff4e15dca71d:c1905]
2019-08-10 04:38:08,473 INFO  client.GrpcClientProtocolClient (GrpcClientProtocolClient.java:onNext(255)) - client-71F61C017E1E->6c928baf-cc3b-4a10-9362-ff4e15dca71d: receive RaftClientReply:client-71F61C017E1E->6c928baf-cc3b-4a10-9362-ff4e15dca71d@group-586430B97ADD, cid=1309, SUCCESS, logIndex=1906, commits[6c928baf-cc3b-4a10-9362-ff4e15dca71d:c1907]
2019-08-10 04:38:08,473 INFO  client.GrpcClientProtocolClient (GrpcClientProtocolClient.java:onNext(255)) - client-71F61C017E1E->6c928baf-cc3b-4a10-9362-ff4e15dca71d: receive RaftClientReply:client-71F61C017E1E->6c928baf-cc3b-4a10-9362-ff4e15dca71d@group-586430B97ADD, cid=1310, SUCCESS, logIndex=1907, commits[6c928baf-cc3b-4a10-9362-ff4e15dca71d:c1909]
2019-08-10 04:38:08,474 INFO  client.GrpcClientProtocolClient (GrpcClientProtocolClient.java:onNext(255)) - client-71F61C017E1E->6c928baf-cc3b-4a10-9362-ff4e15dca71d: receive RaftClientReply:client-71F61C017E1E->6c928baf-cc3b-4a10-9362-ff4e15dca71d@group-586430B97ADD, cid=1311, SUCCESS, logIndex=1908, commits[6c928baf-cc3b-4a10-9362-ff4e15dca71d:c1910]
2019-08-10 04:38:08,474 INFO  client.GrpcClientProtocolClient (GrpcClientProtocolClient.java:onNext(255)) - client-71F61C017E1E->6c928baf-cc3b-4a10-9362-ff4e15dca71d: receive RaftClientReply:client-71F61C017E1E->6c928baf-cc3b-4a10-9362-ff4e15dca71d@group-586430B97ADD, cid=1312, SUCCESS, logIndex=1909, commits[6c928baf-cc3b-4a10-9362-ff4e15dca71d:c1911]
2019-08-10 04:38:08,501 INFO  client.GrpcClientProtocolClient (GrpcClientProtocolClient.java:onNext(255)) - client-71F61C017E1E->6c928baf-cc3b-4a10-9362-ff4e15dca71d: receive RaftClientReply:client-71F61C017E1E->6c928baf-cc3b-4a10-9362-ff4e15dca71d@group-586430B97ADD, cid=1313, SUCCESS, logIndex=1912, commits[6c928baf-cc3b-4a10-9362-ff4e15dca71d:c1913]
2019-08-10 04:38:08,502 INFO  client.GrpcClientProtocolClient (GrpcClientProtocolClient.java:onNext(255)) - client-71F61C017E1E->6c928baf-cc3b-4a10-9362-ff4e15dca71d: receive RaftClientReply:client-71F61C017E1E->6c928baf-cc3b-4a10-9362-ff4e15dca71d@group-586430B97ADD, cid=1314, SUCCESS, logIndex=1913, commits[6c928baf-cc3b-4a10-9362-ff4e15dca71d:c1915]
2019-08-10 04:38:08,502 INFO  client.GrpcClientProtocolClient (GrpcClientProtocolClient.java:onNext(255)) - client-71F61C017E1E->6c928baf-cc3b-4a10-9362-ff4e15dca71d: receive RaftClientReply:client-71F61C017E1E->6c928baf-cc3b-4a10-9362-ff4e15dca71d@group-586430B97ADD, cid=1315, SUCCESS, logIndex=1914, commits[6c928baf-cc3b-4a10-9362-ff4e15dca71d:c1916]
2019-08-10 04:38:08,503 INFO  client.GrpcClientProtocolClient (GrpcClientProtocolClient.java:onNext(255)) - client-71F61C017E1E->6c928baf-cc3b-4a10-9362-ff4e15dca71d: receive RaftClientReply:client-71F61C017E1E->6c928baf-cc3b-4a10-9362-ff4e15dca71d@group-586430B97ADD, cid=1316, SUCCESS, logIndex=1915, commits[6c928baf-cc3b-4a10-9362-ff4e15dca71d:c1917]
2019-08-10 04:38:08,522 INFO  client.GrpcClientProtocolClient (GrpcClientProtocolClient.java:onNext(255)) - client-71F61C017E1E->6c928baf-cc3b-4a10-9362-ff4e15dca71d: receive RaftClientReply:client-71F61C017E1E->6c928baf-cc3b-4a10-9362-ff4e15dca71d@group-586430B97ADD, cid=1317, SUCCESS, logIndex=1918, commits[6c928baf-cc3b-4a10-9362-ff4e15dca71d:c1919]
2019-08-10 04:38:08,523 INFO  client.GrpcClientProtocolClient (GrpcClientProtocolClient.java:onNext(255)) - client-71F61C017E1E->6c928baf-cc3b-4a10-9362-ff4e15dca71d: receive RaftClientReply:client-71F61C017E1E->6c928baf-cc3b-4a10-9362-ff4e15dca71d@group-586430B97ADD, cid=1318, SUCCESS, logIndex=1919, commits[6c928baf-cc3b-4a10-9362-ff4e15dca71d:c1922]
2019-08-10 04:38:08,523 INFO  client.GrpcClientProtocolClient (GrpcClientProtocolClient.java:onNext(255)) - client-71F61C017E1E->6c928baf-cc3b-4a10-9362-ff4e15dca71d: receive RaftClientReply:client-71F61C017E1E->6c928baf-cc3b-4a10-9362-ff4e15dca71d@group-586430B97ADD, cid=1319, SUCCESS, logIndex=1920, commits[6c928baf-cc3b-4a10-9362-ff4e15dca71d:c1922]
2019-08-10 04:38:08,524 INFO  client.GrpcClientProtocolClient (GrpcClientProtocolClient.java:onNext(255)) - client-71F61C017E1E->6c928baf-cc3b-4a10-9362-ff4e15dca71d: receive RaftClientReply:client-71F61C017E1E->6c928baf-cc3b-4a10-9362-ff4e15dca71d@group-586430B97ADD, cid=1320, SUCCESS, logIndex=1921, commits[6c928baf-cc3b-4a10-9362-ff4e15dca71d:c1923]
2019-08-10 04:38:08,543 DEBUG block.SCMBlockDeletingService (SCMBlockDeletingService.java:call(138)) - Running DeletedBlockTransactionScanner
2019-08-10 04:38:08,544 DEBUG block.SCMBlockDeletingService (SCMBlockDeletingService.java:call(155)) - Scanned deleted blocks log and got 0 delTX to process.
2019-08-10 04:38:08,549 INFO  client.GrpcClientProtocolClient (GrpcClientProtocolClient.java:onNext(255)) - client-71F61C017E1E->6c928baf-cc3b-4a10-9362-ff4e15dca71d: receive RaftClientReply:client-71F61C017E1E->6c928baf-cc3b-4a10-9362-ff4e15dca71d@group-586430B97ADD, cid=1321, SUCCESS, logIndex=1924, commits[6c928baf-cc3b-4a10-9362-ff4e15dca71d:c1925]
2019-08-10 04:38:08,550 INFO  client.GrpcClientProtocolClient (GrpcClientProtocolClient.java:onNext(255)) - client-71F61C017E1E->6c928baf-cc3b-4a10-9362-ff4e15dca71d: receive RaftClientReply:client-71F61C017E1E->6c928baf-cc3b-4a10-9362-ff4e15dca71d@group-586430B97ADD, cid=1322, SUCCESS, logIndex=1925, commits[6c928baf-cc3b-4a10-9362-ff4e15dca71d:c1927]
2019-08-10 04:38:08,550 INFO  client.GrpcClientProtocolClient (GrpcClientProtocolClient.java:onNext(255)) - client-71F61C017E1E->6c928baf-cc3b-4a10-9362-ff4e15dca71d: receive RaftClientReply:client-71F61C017E1E->6c928baf-cc3b-4a10-9362-ff4e15dca71d@group-586430B97ADD, cid=1323, SUCCESS, logIndex=1926, commits[6c928baf-cc3b-4a10-9362-ff4e15dca71d:c1928]
2019-08-10 04:38:08,551 INFO  client.GrpcClientProtocolClient (GrpcClientProtocolClient.java:onNext(255)) - client-71F61C017E1E->6c928baf-cc3b-4a10-9362-ff4e15dca71d: receive RaftClientReply:client-71F61C017E1E->6c928baf-cc3b-4a10-9362-ff4e15dca71d@group-586430B97ADD, cid=1324, SUCCESS, logIndex=1927, commits[6c928baf-cc3b-4a10-9362-ff4e15dca71d:c1928]
2019-08-10 04:38:08,607 INFO  client.GrpcClientProtocolClient (GrpcClientProtocolClient.java:onNext(255)) - client-71F61C017E1E->6c928baf-cc3b-4a10-9362-ff4e15dca71d: receive RaftClientReply:client-71F61C017E1E->6c928baf-cc3b-4a10-9362-ff4e15dca71d@group-586430B97ADD, cid=1325, SUCCESS, logIndex=1930, commits[6c928baf-cc3b-4a10-9362-ff4e15dca71d:c1931]
2019-08-10 04:38:08,608 INFO  client.GrpcClientProtocolClient (GrpcClientProtocolClient.java:onNext(255)) - client-71F61C017E1E->6c928baf-cc3b-4a10-9362-ff4e15dca71d: receive RaftClientReply:client-71F61C017E1E->6c928baf-cc3b-4a10-9362-ff4e15dca71d@group-586430B97ADD, cid=1326, SUCCESS, logIndex=1931, commits[6c928baf-cc3b-4a10-9362-ff4e15dca71d:c1932]
2019-08-10 04:38:08,644 DEBUG block.SCMBlockDeletingService (SCMBlockDeletingService.java:call(138)) - Running DeletedBlockTransactionScanner
2019-08-10 04:38:08,644 DEBUG block.SCMBlockDeletingService (SCMBlockDeletingService.java:call(155)) - Scanned deleted blocks log and got 0 delTX to process.
2019-08-10 04:38:08,661 INFO  client.GrpcClientProtocolClient (GrpcClientProtocolClient.java:onNext(255)) - client-71F61C017E1E->6c928baf-cc3b-4a10-9362-ff4e15dca71d: receive RaftClientReply:client-71F61C017E1E->6c928baf-cc3b-4a10-9362-ff4e15dca71d@group-586430B97ADD, cid=1327, SUCCESS, logIndex=1933, commits[6c928baf-cc3b-4a10-9362-ff4e15dca71d:c1934]
2019-08-10 04:38:08,661 INFO  client.GrpcClientProtocolClient (GrpcClientProtocolClient.java:onNext(255)) - client-71F61C017E1E->6c928baf-cc3b-4a10-9362-ff4e15dca71d: receive RaftClientReply:client-71F61C017E1E->6c928baf-cc3b-4a10-9362-ff4e15dca71d@group-586430B97ADD, cid=1328, SUCCESS, logIndex=1934, commits[6c928baf-cc3b-4a10-9362-ff4e15dca71d:c1935]
2019-08-10 04:38:08,679 INFO  client.GrpcClientProtocolClient (GrpcClientProtocolClient.java:onNext(255)) - client-71F61C017E1E->6c928baf-cc3b-4a10-9362-ff4e15dca71d: receive RaftClientReply:client-71F61C017E1E->6c928baf-cc3b-4a10-9362-ff4e15dca71d@group-586430B97ADD, cid=1329, SUCCESS, logIndex=1936, commits[6c928baf-cc3b-4a10-9362-ff4e15dca71d:c1937]
2019-08-10 04:38:08,679 INFO  client.GrpcClientProtocolClient (GrpcClientProtocolClient.java:onNext(255)) - client-71F61C017E1E->6c928baf-cc3b-4a10-9362-ff4e15dca71d: receive RaftClientReply:client-71F61C017E1E->6c928baf-cc3b-4a10-9362-ff4e15dca71d@group-586430B97ADD, cid=1330, SUCCESS, logIndex=1937, commits[6c928baf-cc3b-4a10-9362-ff4e15dca71d:c1937]
2019-08-10 04:38:08,680 INFO  client.GrpcClientProtocolClient (GrpcClientProtocolClient.java:onNext(255)) - client-71F61C017E1E->6c928baf-cc3b-4a10-9362-ff4e15dca71d: receive RaftClientReply:client-71F61C017E1E->6c928baf-cc3b-4a10-9362-ff4e15dca71d@group-586430B97ADD, cid=1331, SUCCESS, logIndex=1938, commits[6c928baf-cc3b-4a10-9362-ff4e15dca71d:c1940]
2019-08-10 04:38:08,681 INFO  client.GrpcClientProtocolClient (GrpcClientProtocolClient.java:onNext(255)) - client-71F61C017E1E->6c928baf-cc3b-4a10-9362-ff4e15dca71d: receive RaftClientReply:client-71F61C017E1E->6c928baf-cc3b-4a10-9362-ff4e15dca71d@group-586430B97ADD, cid=1332, SUCCESS, logIndex=1939, commits[6c928baf-cc3b-4a10-9362-ff4e15dca71d:c1940]
2019-08-10 04:38:08,698 INFO  client.GrpcClientProtocolClient (GrpcClientProtocolClient.java:onNext(255)) - client-71F61C017E1E->6c928baf-cc3b-4a10-9362-ff4e15dca71d: receive RaftClientReply:client-71F61C017E1E->6c928baf-cc3b-4a10-9362-ff4e15dca71d@group-586430B97ADD, cid=1333, SUCCESS, logIndex=1941, commits[6c928baf-cc3b-4a10-9362-ff4e15dca71d:c1942]
2019-08-10 04:38:08,699 INFO  client.GrpcClientProtocolClient (GrpcClientProtocolClient.java:onNext(255)) - client-71F61C017E1E->6c928baf-cc3b-4a10-9362-ff4e15dca71d: receive RaftClientReply:client-71F61C017E1E->6c928baf-cc3b-4a10-9362-ff4e15dca71d@group-586430B97ADD, cid=1334, SUCCESS, logIndex=1942, commits[6c928baf-cc3b-4a10-9362-ff4e15dca71d:c1944]
2019-08-10 04:38:08,699 INFO  client.GrpcClientProtocolClient (GrpcClientProtocolClient.java:onNext(255)) - client-71F61C017E1E->6c928baf-cc3b-4a10-9362-ff4e15dca71d: receive RaftClientReply:client-71F61C017E1E->6c928baf-cc3b-4a10-9362-ff4e15dca71d@group-586430B97ADD, cid=1335, SUCCESS, logIndex=1943, commits[6c928baf-cc3b-4a10-9362-ff4e15dca71d:c1945]
2019-08-10 04:38:08,699 INFO  client.GrpcClientProtocolClient (GrpcClientProtocolClient.java:onNext(255)) - client-71F61C017E1E->6c928baf-cc3b-4a10-9362-ff4e15dca71d: receive RaftClientReply:client-71F61C017E1E->6c928baf-cc3b-4a10-9362-ff4e15dca71d@group-586430B97ADD, cid=1336, SUCCESS, logIndex=1944, commits[6c928baf-cc3b-4a10-9362-ff4e15dca71d:c1945]
2019-08-10 04:38:08,716 INFO  client.GrpcClientProtocolClient (GrpcClientProtocolClient.java:onNext(255)) - client-71F61C017E1E->6c928baf-cc3b-4a10-9362-ff4e15dca71d: receive RaftClientReply:client-71F61C017E1E->6c928baf-cc3b-4a10-9362-ff4e15dca71d@group-586430B97ADD, cid=1337, SUCCESS, logIndex=1947, commits[6c928baf-cc3b-4a10-9362-ff4e15dca71d:c1950]
2019-08-10 04:38:08,717 INFO  client.GrpcClientProtocolClient (GrpcClientProtocolClient.java:onNext(255)) - client-71F61C017E1E->6c928baf-cc3b-4a10-9362-ff4e15dca71d: receive RaftClientReply:client-71F61C017E1E->6c928baf-cc3b-4a10-9362-ff4e15dca71d@group-586430B97ADD, cid=1338, SUCCESS, logIndex=1948, commits[6c928baf-cc3b-4a10-9362-ff4e15dca71d:c1951]
2019-08-10 04:38:08,717 INFO  client.GrpcClientProtocolClient (GrpcClientProtocolClient.java:onNext(255)) - client-71F61C017E1E->6c928baf-cc3b-4a10-9362-ff4e15dca71d: receive RaftClientReply:client-71F61C017E1E->6c928baf-cc3b-4a10-9362-ff4e15dca71d@group-586430B97ADD, cid=1339, SUCCESS, logIndex=1949, commits[6c928baf-cc3b-4a10-9362-ff4e15dca71d:c1951]
2019-08-10 04:38:08,718 INFO  client.GrpcClientProtocolClient (GrpcClientProtocolClient.java:onNext(255)) - client-71F61C017E1E->6c928baf-cc3b-4a10-9362-ff4e15dca71d: receive RaftClientReply:client-71F61C017E1E->6c928baf-cc3b-4a10-9362-ff4e15dca71d@group-586430B97ADD, cid=1340, SUCCESS, logIndex=1950, commits[6c928baf-cc3b-4a10-9362-ff4e15dca71d:c1951]
2019-08-10 04:38:08,737 INFO  client.GrpcClientProtocolClient (GrpcClientProtocolClient.java:onNext(255)) - client-71F61C017E1E->6c928baf-cc3b-4a10-9362-ff4e15dca71d: receive RaftClientReply:client-71F61C017E1E->6c928baf-cc3b-4a10-9362-ff4e15dca71d@group-586430B97ADD, cid=1341, SUCCESS, logIndex=1952, commits[6c928baf-cc3b-4a10-9362-ff4e15dca71d:c1953]
2019-08-10 04:38:08,738 INFO  client.GrpcClientProtocolClient (GrpcClientProtocolClient.java:onNext(255)) - client-71F61C017E1E->6c928baf-cc3b-4a10-9362-ff4e15dca71d: receive RaftClientReply:client-71F61C017E1E->6c928baf-cc3b-4a10-9362-ff4e15dca71d@group-586430B97ADD, cid=1342, SUCCESS, logIndex=1953, commits[6c928baf-cc3b-4a10-9362-ff4e15dca71d:c1955]
2019-08-10 04:38:08,738 INFO  client.GrpcClientProtocolClient (GrpcClientProtocolClient.java:onNext(255)) - client-71F61C017E1E->6c928baf-cc3b-4a10-9362-ff4e15dca71d: receive RaftClientReply:client-71F61C017E1E->6c928baf-cc3b-4a10-9362-ff4e15dca71d@group-586430B97ADD, cid=1343, SUCCESS, logIndex=1954, commits[6c928baf-cc3b-4a10-9362-ff4e15dca71d:c1956]
2019-08-10 04:38:08,738 INFO  client.GrpcClientProtocolClient (GrpcClientProtocolClient.java:onNext(255)) - client-71F61C017E1E->6c928baf-cc3b-4a10-9362-ff4e15dca71d: receive RaftClientReply:client-71F61C017E1E->6c928baf-cc3b-4a10-9362-ff4e15dca71d@group-586430B97ADD, cid=1344, SUCCESS, logIndex=1955, commits[6c928baf-cc3b-4a10-9362-ff4e15dca71d:c1956]
2019-08-10 04:38:08,745 DEBUG block.SCMBlockDeletingService (SCMBlockDeletingService.java:call(138)) - Running DeletedBlockTransactionScanner
2019-08-10 04:38:08,745 DEBUG block.SCMBlockDeletingService (SCMBlockDeletingService.java:call(155)) - Scanned deleted blocks log and got 0 delTX to process.
2019-08-10 04:38:08,754 INFO  client.GrpcClientProtocolClient (GrpcClientProtocolClient.java:onNext(255)) - client-71F61C017E1E->6c928baf-cc3b-4a10-9362-ff4e15dca71d: receive RaftClientReply:client-71F61C017E1E->6c928baf-cc3b-4a10-9362-ff4e15dca71d@group-586430B97ADD, cid=1345, SUCCESS, logIndex=1958, commits[6c928baf-cc3b-4a10-9362-ff4e15dca71d:c1959]
2019-08-10 04:38:08,755 INFO  client.GrpcClientProtocolClient (GrpcClientProtocolClient.java:onNext(255)) - client-71F61C017E1E->6c928baf-cc3b-4a10-9362-ff4e15dca71d: receive RaftClientReply:client-71F61C017E1E->6c928baf-cc3b-4a10-9362-ff4e15dca71d@group-586430B97ADD, cid=1346, SUCCESS, logIndex=1959, commits[6c928baf-cc3b-4a10-9362-ff4e15dca71d:c1962]
2019-08-10 04:38:08,755 INFO  client.GrpcClientProtocolClient (GrpcClientProtocolClient.java:onNext(255)) - client-71F61C017E1E->6c928baf-cc3b-4a10-9362-ff4e15dca71d: receive RaftClientReply:client-71F61C017E1E->6c928baf-cc3b-4a10-9362-ff4e15dca71d@group-586430B97ADD, cid=1347, SUCCESS, logIndex=1960, commits[6c928baf-cc3b-4a10-9362-ff4e15dca71d:c1962]
2019-08-10 04:38:08,755 INFO  client.GrpcClientProtocolClient (GrpcClientProtocolClient.java:onNext(255)) - client-71F61C017E1E->6c928baf-cc3b-4a10-9362-ff4e15dca71d: receive RaftClientReply:client-71F61C017E1E->6c928baf-cc3b-4a10-9362-ff4e15dca71d@group-586430B97ADD, cid=1348, SUCCESS, logIndex=1961, commits[6c928baf-cc3b-4a10-9362-ff4e15dca71d:c1962]
2019-08-10 04:38:08,773 INFO  client.GrpcClientProtocolClient (GrpcClientProtocolClient.java:onNext(255)) - client-71F61C017E1E->6c928baf-cc3b-4a10-9362-ff4e15dca71d: receive RaftClientReply:client-71F61C017E1E->6c928baf-cc3b-4a10-9362-ff4e15dca71d@group-586430B97ADD, cid=1349, SUCCESS, logIndex=1963, commits[6c928baf-cc3b-4a10-9362-ff4e15dca71d:c1964]
2019-08-10 04:38:08,773 INFO  client.GrpcClientProtocolClient (GrpcClientProtocolClient.java:onNext(255)) - client-71F61C017E1E->6c928baf-cc3b-4a10-9362-ff4e15dca71d: receive RaftClientReply:client-71F61C017E1E->6c928baf-cc3b-4a10-9362-ff4e15dca71d@group-586430B97ADD, cid=1350, SUCCESS, logIndex=1964, commits[6c928baf-cc3b-4a10-9362-ff4e15dca71d:c1964]
2019-08-10 04:38:08,774 INFO  client.GrpcClientProtocolClient (GrpcClientProtocolClient.java:onNext(255)) - client-71F61C017E1E->6c928baf-cc3b-4a10-9362-ff4e15dca71d: receive RaftClientReply:client-71F61C017E1E->6c928baf-cc3b-4a10-9362-ff4e15dca71d@group-586430B97ADD, cid=1351, SUCCESS, logIndex=1965, commits[6c928baf-cc3b-4a10-9362-ff4e15dca71d:c1966]
2019-08-10 04:38:08,774 INFO  client.GrpcClientProtocolClient (GrpcClientProtocolClient.java:onNext(255)) - client-71F61C017E1E->6c928baf-cc3b-4a10-9362-ff4e15dca71d: receive RaftClientReply:client-71F61C017E1E->6c928baf-cc3b-4a10-9362-ff4e15dca71d@group-586430B97ADD, cid=1352, SUCCESS, logIndex=1966, commits[6c928baf-cc3b-4a10-9362-ff4e15dca71d:c1967]
2019-08-10 04:38:08,849 DEBUG block.SCMBlockDeletingService (SCMBlockDeletingService.java:call(138)) - Running DeletedBlockTransactionScanner
2019-08-10 04:38:08,850 DEBUG block.SCMBlockDeletingService (SCMBlockDeletingService.java:call(155)) - Scanned deleted blocks log and got 0 delTX to process.
2019-08-10 04:38:08,861 INFO  client.GrpcClientProtocolClient (GrpcClientProtocolClient.java:onNext(255)) - client-71F61C017E1E->6c928baf-cc3b-4a10-9362-ff4e15dca71d: receive RaftClientReply:client-71F61C017E1E->6c928baf-cc3b-4a10-9362-ff4e15dca71d@group-586430B97ADD, cid=1353, SUCCESS, logIndex=1969, commits[6c928baf-cc3b-4a10-9362-ff4e15dca71d:c1970]
2019-08-10 04:38:08,862 INFO  client.GrpcClientProtocolClient (GrpcClientProtocolClient.java:onNext(255)) - client-71F61C017E1E->6c928baf-cc3b-4a10-9362-ff4e15dca71d: receive RaftClientReply:client-71F61C017E1E->6c928baf-cc3b-4a10-9362-ff4e15dca71d@group-586430B97ADD, cid=1354, SUCCESS, logIndex=1970, commits[6c928baf-cc3b-4a10-9362-ff4e15dca71d:c1970]
2019-08-10 04:38:08,863 INFO  client.GrpcClientProtocolClient (GrpcClientProtocolClient.java:onNext(255)) - client-71F61C017E1E->6c928baf-cc3b-4a10-9362-ff4e15dca71d: receive RaftClientReply:client-71F61C017E1E->6c928baf-cc3b-4a10-9362-ff4e15dca71d@group-586430B97ADD, cid=1355, SUCCESS, logIndex=1971, commits[6c928baf-cc3b-4a10-9362-ff4e15dca71d:c1972]
2019-08-10 04:38:08,863 INFO  client.GrpcClientProtocolClient (GrpcClientProtocolClient.java:onNext(255)) - client-71F61C017E1E->6c928baf-cc3b-4a10-9362-ff4e15dca71d: receive RaftClientReply:client-71F61C017E1E->6c928baf-cc3b-4a10-9362-ff4e15dca71d@group-586430B97ADD, cid=1356, SUCCESS, logIndex=1972, commits[6c928baf-cc3b-4a10-9362-ff4e15dca71d:c1973]
2019-08-10 04:38:08,884 INFO  client.GrpcClientProtocolClient (GrpcClientProtocolClient.java:onNext(255)) - client-71F61C017E1E->6c928baf-cc3b-4a10-9362-ff4e15dca71d: receive RaftClientReply:client-71F61C017E1E->6c928baf-cc3b-4a10-9362-ff4e15dca71d@group-586430B97ADD, cid=1357, SUCCESS, logIndex=1975, commits[6c928baf-cc3b-4a10-9362-ff4e15dca71d:c1976]
2019-08-10 04:38:08,885 INFO  client.GrpcClientProtocolClient (GrpcClientProtocolClient.java:onNext(255)) - client-71F61C017E1E->6c928baf-cc3b-4a10-9362-ff4e15dca71d: receive RaftClientReply:client-71F61C017E1E->6c928baf-cc3b-4a10-9362-ff4e15dca71d@group-586430B97ADD, cid=1358, SUCCESS, logIndex=1976, commits[6c928baf-cc3b-4a10-9362-ff4e15dca71d:c1978]
2019-08-10 04:38:08,885 INFO  client.GrpcClientProtocolClient (GrpcClientProtocolClient.java:onNext(255)) - client-71F61C017E1E->6c928baf-cc3b-4a10-9362-ff4e15dca71d: receive RaftClientReply:client-71F61C017E1E->6c928baf-cc3b-4a10-9362-ff4e15dca71d@group-586430B97ADD, cid=1359, SUCCESS, logIndex=1977, commits[6c928baf-cc3b-4a10-9362-ff4e15dca71d:c1979]
2019-08-10 04:38:08,885 INFO  client.GrpcClientProtocolClient (GrpcClientProtocolClient.java:onNext(255)) - client-71F61C017E1E->6c928baf-cc3b-4a10-9362-ff4e15dca71d: receive RaftClientReply:client-71F61C017E1E->6c928baf-cc3b-4a10-9362-ff4e15dca71d@group-586430B97ADD, cid=1360, SUCCESS, logIndex=1978, commits[6c928baf-cc3b-4a10-9362-ff4e15dca71d:c1980]
2019-08-10 04:38:08,915 INFO  client.GrpcClientProtocolClient (GrpcClientProtocolClient.java:onNext(255)) - client-71F61C017E1E->6c928baf-cc3b-4a10-9362-ff4e15dca71d: receive RaftClientReply:client-71F61C017E1E->6c928baf-cc3b-4a10-9362-ff4e15dca71d@group-586430B97ADD, cid=1361, SUCCESS, logIndex=1981, commits[6c928baf-cc3b-4a10-9362-ff4e15dca71d:c1984]
2019-08-10 04:38:08,915 INFO  client.GrpcClientProtocolClient (GrpcClientProtocolClient.java:onNext(255)) - client-71F61C017E1E->6c928baf-cc3b-4a10-9362-ff4e15dca71d: receive RaftClientReply:client-71F61C017E1E->6c928baf-cc3b-4a10-9362-ff4e15dca71d@group-586430B97ADD, cid=1362, SUCCESS, logIndex=1982, commits[6c928baf-cc3b-4a10-9362-ff4e15dca71d:c1984]
2019-08-10 04:38:08,916 INFO  client.GrpcClientProtocolClient (GrpcClientProtocolClient.java:onNext(255)) - client-71F61C017E1E->6c928baf-cc3b-4a10-9362-ff4e15dca71d: receive RaftClientReply:client-71F61C017E1E->6c928baf-cc3b-4a10-9362-ff4e15dca71d@group-586430B97ADD, cid=1363, SUCCESS, logIndex=1983, commits[6c928baf-cc3b-4a10-9362-ff4e15dca71d:c1985]
2019-08-10 04:38:08,916 INFO  client.GrpcClientProtocolClient (GrpcClientProtocolClient.java:onNext(255)) - client-71F61C017E1E->6c928baf-cc3b-4a10-9362-ff4e15dca71d: receive RaftClientReply:client-71F61C017E1E->6c928baf-cc3b-4a10-9362-ff4e15dca71d@group-586430B97ADD, cid=1364, SUCCESS, logIndex=1984, commits[6c928baf-cc3b-4a10-9362-ff4e15dca71d:c1986]
2019-08-10 04:38:08,937 INFO  client.GrpcClientProtocolClient (GrpcClientProtocolClient.java:onNext(255)) - client-71F61C017E1E->6c928baf-cc3b-4a10-9362-ff4e15dca71d: receive RaftClientReply:client-71F61C017E1E->6c928baf-cc3b-4a10-9362-ff4e15dca71d@group-586430B97ADD, cid=1365, SUCCESS, logIndex=1987, commits[6c928baf-cc3b-4a10-9362-ff4e15dca71d:c1988]
2019-08-10 04:38:08,937 INFO  client.GrpcClientProtocolClient (GrpcClientProtocolClient.java:onNext(255)) - client-71F61C017E1E->6c928baf-cc3b-4a10-9362-ff4e15dca71d: receive RaftClientReply:client-71F61C017E1E->6c928baf-cc3b-4a10-9362-ff4e15dca71d@group-586430B97ADD, cid=1366, SUCCESS, logIndex=1988, commits[6c928baf-cc3b-4a10-9362-ff4e15dca71d:c1990]
2019-08-10 04:38:08,938 INFO  client.GrpcClientProtocolClient (GrpcClientProtocolClient.java:onNext(255)) - client-71F61C017E1E->6c928baf-cc3b-4a10-9362-ff4e15dca71d: receive RaftClientReply:client-71F61C017E1E->6c928baf-cc3b-4a10-9362-ff4e15dca71d@group-586430B97ADD, cid=1367, SUCCESS, logIndex=1989, commits[6c928baf-cc3b-4a10-9362-ff4e15dca71d:c1991]
2019-08-10 04:38:08,938 INFO  client.GrpcClientProtocolClient (GrpcClientProtocolClient.java:onNext(255)) - client-71F61C017E1E->6c928baf-cc3b-4a10-9362-ff4e15dca71d: receive RaftClientReply:client-71F61C017E1E->6c928baf-cc3b-4a10-9362-ff4e15dca71d@group-586430B97ADD, cid=1368, SUCCESS, logIndex=1990, commits[6c928baf-cc3b-4a10-9362-ff4e15dca71d:c1992]
2019-08-10 04:38:08,950 DEBUG block.SCMBlockDeletingService (SCMBlockDeletingService.java:call(138)) - Running DeletedBlockTransactionScanner
2019-08-10 04:38:08,951 DEBUG block.SCMBlockDeletingService (SCMBlockDeletingService.java:call(155)) - Scanned deleted blocks log and got 0 delTX to process.
2019-08-10 04:38:08,966 INFO  client.GrpcClientProtocolClient (GrpcClientProtocolClient.java:onNext(255)) - client-71F61C017E1E->6c928baf-cc3b-4a10-9362-ff4e15dca71d: receive RaftClientReply:client-71F61C017E1E->6c928baf-cc3b-4a10-9362-ff4e15dca71d@group-586430B97ADD, cid=1369, SUCCESS, logIndex=1993, commits[6c928baf-cc3b-4a10-9362-ff4e15dca71d:c1994]
2019-08-10 04:38:08,967 INFO  client.GrpcClientProtocolClient (GrpcClientProtocolClient.java:onNext(255)) - client-71F61C017E1E->6c928baf-cc3b-4a10-9362-ff4e15dca71d: receive RaftClientReply:client-71F61C017E1E->6c928baf-cc3b-4a10-9362-ff4e15dca71d@group-586430B97ADD, cid=1370, SUCCESS, logIndex=1994, commits[6c928baf-cc3b-4a10-9362-ff4e15dca71d:c1995]
2019-08-10 04:38:09,051 DEBUG block.SCMBlockDeletingService (SCMBlockDeletingService.java:call(138)) - Running DeletedBlockTransactionScanner
2019-08-10 04:38:09,051 DEBUG block.SCMBlockDeletingService (SCMBlockDeletingService.java:call(155)) - Scanned deleted blocks log and got 0 delTX to process.
2019-08-10 04:38:09,075 INFO  client.GrpcClientProtocolClient (GrpcClientProtocolClient.java:onNext(255)) - client-71F61C017E1E->6c928baf-cc3b-4a10-9362-ff4e15dca71d: receive RaftClientReply:client-71F61C017E1E->6c928baf-cc3b-4a10-9362-ff4e15dca71d@group-586430B97ADD, cid=1371, SUCCESS, logIndex=1996, commits[6c928baf-cc3b-4a10-9362-ff4e15dca71d:c1997]
2019-08-10 04:38:09,075 INFO  client.GrpcClientProtocolClient (GrpcClientProtocolClient.java:onNext(255)) - client-71F61C017E1E->6c928baf-cc3b-4a10-9362-ff4e15dca71d: receive RaftClientReply:client-71F61C017E1E->6c928baf-cc3b-4a10-9362-ff4e15dca71d@group-586430B97ADD, cid=1372, SUCCESS, logIndex=1997, commits[6c928baf-cc3b-4a10-9362-ff4e15dca71d:c1998]
2019-08-10 04:38:09,095 INFO  client.GrpcClientProtocolClient (GrpcClientProtocolClient.java:onNext(255)) - client-71F61C017E1E->6c928baf-cc3b-4a10-9362-ff4e15dca71d: receive RaftClientReply:client-71F61C017E1E->6c928baf-cc3b-4a10-9362-ff4e15dca71d@group-586430B97ADD, cid=1373, SUCCESS, logIndex=1999, commits[6c928baf-cc3b-4a10-9362-ff4e15dca71d:c2002]
2019-08-10 04:38:09,095 INFO  client.GrpcClientProtocolClient (GrpcClientProtocolClient.java:onNext(255)) - client-71F61C017E1E->6c928baf-cc3b-4a10-9362-ff4e15dca71d: receive RaftClientReply:client-71F61C017E1E->6c928baf-cc3b-4a10-9362-ff4e15dca71d@group-586430B97ADD, cid=1374, SUCCESS, logIndex=2000, commits[6c928baf-cc3b-4a10-9362-ff4e15dca71d:c2002]
2019-08-10 04:38:09,096 INFO  client.GrpcClientProtocolClient (GrpcClientProtocolClient.java:onNext(255)) - client-71F61C017E1E->6c928baf-cc3b-4a10-9362-ff4e15dca71d: receive RaftClientReply:client-71F61C017E1E->6c928baf-cc3b-4a10-9362-ff4e15dca71d@group-586430B97ADD, cid=1375, SUCCESS, logIndex=2001, commits[6c928baf-cc3b-4a10-9362-ff4e15dca71d:c2003]
2019-08-10 04:38:09,096 INFO  client.GrpcClientProtocolClient (GrpcClientProtocolClient.java:onNext(255)) - client-71F61C017E1E->6c928baf-cc3b-4a10-9362-ff4e15dca71d: receive RaftClientReply:client-71F61C017E1E->6c928baf-cc3b-4a10-9362-ff4e15dca71d@group-586430B97ADD, cid=1376, SUCCESS, logIndex=2002, commits[6c928baf-cc3b-4a10-9362-ff4e15dca71d:c2004]
2019-08-10 04:38:09,123 INFO  client.GrpcClientProtocolClient (GrpcClientProtocolClient.java:onNext(255)) - client-71F61C017E1E->6c928baf-cc3b-4a10-9362-ff4e15dca71d: receive RaftClientReply:client-71F61C017E1E->6c928baf-cc3b-4a10-9362-ff4e15dca71d@group-586430B97ADD, cid=1377, SUCCESS, logIndex=2005, commits[6c928baf-cc3b-4a10-9362-ff4e15dca71d:c2008]
2019-08-10 04:38:09,124 INFO  client.GrpcClientProtocolClient (GrpcClientProtocolClient.java:onNext(255)) - client-71F61C017E1E->6c928baf-cc3b-4a10-9362-ff4e15dca71d: receive RaftClientReply:client-71F61C017E1E->6c928baf-cc3b-4a10-9362-ff4e15dca71d@group-586430B97ADD, cid=1378, SUCCESS, logIndex=2006, commits[6c928baf-cc3b-4a10-9362-ff4e15dca71d:c2009]
2019-08-10 04:38:09,125 INFO  client.GrpcClientProtocolClient (GrpcClientProtocolClient.java:onNext(255)) - client-71F61C017E1E->6c928baf-cc3b-4a10-9362-ff4e15dca71d: receive RaftClientReply:client-71F61C017E1E->6c928baf-cc3b-4a10-9362-ff4e15dca71d@group-586430B97ADD, cid=1379, SUCCESS, logIndex=2007, commits[6c928baf-cc3b-4a10-9362-ff4e15dca71d:c2010]
2019-08-10 04:38:09,125 INFO  client.GrpcClientProtocolClient (GrpcClientProtocolClient.java:onNext(255)) - client-71F61C017E1E->6c928baf-cc3b-4a10-9362-ff4e15dca71d: receive RaftClientReply:client-71F61C017E1E->6c928baf-cc3b-4a10-9362-ff4e15dca71d@group-586430B97ADD, cid=1380, SUCCESS, logIndex=2008, commits[6c928baf-cc3b-4a10-9362-ff4e15dca71d:c2010]
2019-08-10 04:38:09,144 INFO  client.GrpcClientProtocolClient (GrpcClientProtocolClient.java:onNext(255)) - client-71F61C017E1E->6c928baf-cc3b-4a10-9362-ff4e15dca71d: receive RaftClientReply:client-71F61C017E1E->6c928baf-cc3b-4a10-9362-ff4e15dca71d@group-586430B97ADD, cid=1381, SUCCESS, logIndex=2011, commits[6c928baf-cc3b-4a10-9362-ff4e15dca71d:c2012]
2019-08-10 04:38:09,145 INFO  client.GrpcClientProtocolClient (GrpcClientProtocolClient.java:onNext(255)) - client-71F61C017E1E->6c928baf-cc3b-4a10-9362-ff4e15dca71d: receive RaftClientReply:client-71F61C017E1E->6c928baf-cc3b-4a10-9362-ff4e15dca71d@group-586430B97ADD, cid=1382, SUCCESS, logIndex=2012, commits[6c928baf-cc3b-4a10-9362-ff4e15dca71d:c2014]
2019-08-10 04:38:09,145 INFO  client.GrpcClientProtocolClient (GrpcClientProtocolClient.java:onNext(255)) - client-71F61C017E1E->6c928baf-cc3b-4a10-9362-ff4e15dca71d: receive RaftClientReply:client-71F61C017E1E->6c928baf-cc3b-4a10-9362-ff4e15dca71d@group-586430B97ADD, cid=1383, SUCCESS, logIndex=2013, commits[6c928baf-cc3b-4a10-9362-ff4e15dca71d:c2015]
2019-08-10 04:38:09,146 INFO  client.GrpcClientProtocolClient (GrpcClientProtocolClient.java:onNext(255)) - client-71F61C017E1E->6c928baf-cc3b-4a10-9362-ff4e15dca71d: receive RaftClientReply:client-71F61C017E1E->6c928baf-cc3b-4a10-9362-ff4e15dca71d@group-586430B97ADD, cid=1384, SUCCESS, logIndex=2014, commits[6c928baf-cc3b-4a10-9362-ff4e15dca71d:c2016]
2019-08-10 04:38:09,152 DEBUG block.SCMBlockDeletingService (SCMBlockDeletingService.java:call(138)) - Running DeletedBlockTransactionScanner
2019-08-10 04:38:09,152 DEBUG block.SCMBlockDeletingService (SCMBlockDeletingService.java:call(155)) - Scanned deleted blocks log and got 0 delTX to process.
2019-08-10 04:38:09,175 INFO  client.GrpcClientProtocolClient (GrpcClientProtocolClient.java:onNext(255)) - client-71F61C017E1E->6c928baf-cc3b-4a10-9362-ff4e15dca71d: receive RaftClientReply:client-71F61C017E1E->6c928baf-cc3b-4a10-9362-ff4e15dca71d@group-586430B97ADD, cid=1385, SUCCESS, logIndex=2017, commits[6c928baf-cc3b-4a10-9362-ff4e15dca71d:c2020]
2019-08-10 04:38:09,176 INFO  client.GrpcClientProtocolClient (GrpcClientProtocolClient.java:onNext(255)) - client-71F61C017E1E->6c928baf-cc3b-4a10-9362-ff4e15dca71d: receive RaftClientReply:client-71F61C017E1E->6c928baf-cc3b-4a10-9362-ff4e15dca71d@group-586430B97ADD, cid=1386, SUCCESS, logIndex=2018, commits[6c928baf-cc3b-4a10-9362-ff4e15dca71d:c2021]
2019-08-10 04:38:09,176 INFO  client.GrpcClientProtocolClient (GrpcClientProtocolClient.java:onNext(255)) - client-71F61C017E1E->6c928baf-cc3b-4a10-9362-ff4e15dca71d: receive RaftClientReply:client-71F61C017E1E->6c928baf-cc3b-4a10-9362-ff4e15dca71d@group-586430B97ADD, cid=1387, SUCCESS, logIndex=2019, commits[6c928baf-cc3b-4a10-9362-ff4e15dca71d:c2021]
2019-08-10 04:38:09,176 INFO  client.GrpcClientProtocolClient (GrpcClientProtocolClient.java:onNext(255)) - client-71F61C017E1E->6c928baf-cc3b-4a10-9362-ff4e15dca71d: receive RaftClientReply:client-71F61C017E1E->6c928baf-cc3b-4a10-9362-ff4e15dca71d@group-586430B97ADD, cid=1388, SUCCESS, logIndex=2020, commits[6c928baf-cc3b-4a10-9362-ff4e15dca71d:c2021]
2019-08-10 04:38:09,207 INFO  client.GrpcClientProtocolClient (GrpcClientProtocolClient.java:onNext(255)) - client-71F61C017E1E->6c928baf-cc3b-4a10-9362-ff4e15dca71d: receive RaftClientReply:client-71F61C017E1E->6c928baf-cc3b-4a10-9362-ff4e15dca71d@group-586430B97ADD, cid=1389, SUCCESS, logIndex=2022, commits[6c928baf-cc3b-4a10-9362-ff4e15dca71d:c2023]
2019-08-10 04:38:09,207 INFO  client.GrpcClientProtocolClient (GrpcClientProtocolClient.java:onNext(255)) - client-71F61C017E1E->6c928baf-cc3b-4a10-9362-ff4e15dca71d: receive RaftClientReply:client-71F61C017E1E->6c928baf-cc3b-4a10-9362-ff4e15dca71d@group-586430B97ADD, cid=1390, SUCCESS, logIndex=2023, commits[6c928baf-cc3b-4a10-9362-ff4e15dca71d:c2025]
2019-08-10 04:38:09,208 INFO  client.GrpcClientProtocolClient (GrpcClientProtocolClient.java:onNext(255)) - client-71F61C017E1E->6c928baf-cc3b-4a10-9362-ff4e15dca71d: receive RaftClientReply:client-71F61C017E1E->6c928baf-cc3b-4a10-9362-ff4e15dca71d@group-586430B97ADD, cid=1391, SUCCESS, logIndex=2024, commits[6c928baf-cc3b-4a10-9362-ff4e15dca71d:c2026]
2019-08-10 04:38:09,208 INFO  client.GrpcClientProtocolClient (GrpcClientProtocolClient.java:onNext(255)) - client-71F61C017E1E->6c928baf-cc3b-4a10-9362-ff4e15dca71d: receive RaftClientReply:client-71F61C017E1E->6c928baf-cc3b-4a10-9362-ff4e15dca71d@group-586430B97ADD, cid=1392, SUCCESS, logIndex=2025, commits[6c928baf-cc3b-4a10-9362-ff4e15dca71d:c2027]
2019-08-10 04:38:09,237 INFO  client.GrpcClientProtocolClient (GrpcClientProtocolClient.java:onNext(255)) - client-71F61C017E1E->6c928baf-cc3b-4a10-9362-ff4e15dca71d: receive RaftClientReply:client-71F61C017E1E->6c928baf-cc3b-4a10-9362-ff4e15dca71d@group-586430B97ADD, cid=1393, SUCCESS, logIndex=2028, commits[6c928baf-cc3b-4a10-9362-ff4e15dca71d:c2031]
2019-08-10 04:38:09,238 INFO  client.GrpcClientProtocolClient (GrpcClientProtocolClient.java:onNext(255)) - client-71F61C017E1E->6c928baf-cc3b-4a10-9362-ff4e15dca71d: receive RaftClientReply:client-71F61C017E1E->6c928baf-cc3b-4a10-9362-ff4e15dca71d@group-586430B97ADD, cid=1394, SUCCESS, logIndex=2029, commits[6c928baf-cc3b-4a10-9362-ff4e15dca71d:c2031]
2019-08-10 04:38:09,238 INFO  client.GrpcClientProtocolClient (GrpcClientProtocolClient.java:onNext(255)) - client-71F61C017E1E->6c928baf-cc3b-4a10-9362-ff4e15dca71d: receive RaftClientReply:client-71F61C017E1E->6c928baf-cc3b-4a10-9362-ff4e15dca71d@group-586430B97ADD, cid=1395, SUCCESS, logIndex=2030, commits[6c928baf-cc3b-4a10-9362-ff4e15dca71d:c2032]
2019-08-10 04:38:09,239 INFO  client.GrpcClientProtocolClient (GrpcClientProtocolClient.java:onNext(255)) - client-71F61C017E1E->6c928baf-cc3b-4a10-9362-ff4e15dca71d: receive RaftClientReply:client-71F61C017E1E->6c928baf-cc3b-4a10-9362-ff4e15dca71d@group-586430B97ADD, cid=1396, SUCCESS, logIndex=2031, commits[6c928baf-cc3b-4a10-9362-ff4e15dca71d:c2033]
2019-08-10 04:38:09,252 DEBUG block.SCMBlockDeletingService (SCMBlockDeletingService.java:call(138)) - Running DeletedBlockTransactionScanner
2019-08-10 04:38:09,253 DEBUG block.SCMBlockDeletingService (SCMBlockDeletingService.java:call(155)) - Scanned deleted blocks log and got 0 delTX to process.
2019-08-10 04:38:09,259 INFO  client.GrpcClientProtocolClient (GrpcClientProtocolClient.java:onNext(255)) - client-71F61C017E1E->6c928baf-cc3b-4a10-9362-ff4e15dca71d: receive RaftClientReply:client-71F61C017E1E->6c928baf-cc3b-4a10-9362-ff4e15dca71d@group-586430B97ADD, cid=1397, SUCCESS, logIndex=2034, commits[6c928baf-cc3b-4a10-9362-ff4e15dca71d:c2035]
2019-08-10 04:38:09,260 INFO  client.GrpcClientProtocolClient (GrpcClientProtocolClient.java:onNext(255)) - client-71F61C017E1E->6c928baf-cc3b-4a10-9362-ff4e15dca71d: receive RaftClientReply:client-71F61C017E1E->6c928baf-cc3b-4a10-9362-ff4e15dca71d@group-586430B97ADD, cid=1398, SUCCESS, logIndex=2035, commits[6c928baf-cc3b-4a10-9362-ff4e15dca71d:c2037]
2019-08-10 04:38:09,260 INFO  client.GrpcClientProtocolClient (GrpcClientProtocolClient.java:onNext(255)) - client-71F61C017E1E->6c928baf-cc3b-4a10-9362-ff4e15dca71d: receive RaftClientReply:client-71F61C017E1E->6c928baf-cc3b-4a10-9362-ff4e15dca71d@group-586430B97ADD, cid=1399, SUCCESS, logIndex=2036, commits[6c928baf-cc3b-4a10-9362-ff4e15dca71d:c2038]
2019-08-10 04:38:09,260 INFO  client.GrpcClientProtocolClient (GrpcClientProtocolClient.java:onNext(255)) - client-71F61C017E1E->6c928baf-cc3b-4a10-9362-ff4e15dca71d: receive RaftClientReply:client-71F61C017E1E->6c928baf-cc3b-4a10-9362-ff4e15dca71d@group-586430B97ADD, cid=1400, SUCCESS, logIndex=2037, commits[6c928baf-cc3b-4a10-9362-ff4e15dca71d:c2039]
2019-08-10 04:38:09,292 INFO  client.GrpcClientProtocolClient (GrpcClientProtocolClient.java:onNext(255)) - client-71F61C017E1E->6c928baf-cc3b-4a10-9362-ff4e15dca71d: receive RaftClientReply:client-71F61C017E1E->6c928baf-cc3b-4a10-9362-ff4e15dca71d@group-586430B97ADD, cid=1401, SUCCESS, logIndex=2040, commits[6c928baf-cc3b-4a10-9362-ff4e15dca71d:c2043]
2019-08-10 04:38:09,293 INFO  client.GrpcClientProtocolClient (GrpcClientProtocolClient.java:onNext(255)) - client-71F61C017E1E->6c928baf-cc3b-4a10-9362-ff4e15dca71d: receive RaftClientReply:client-71F61C017E1E->6c928baf-cc3b-4a10-9362-ff4e15dca71d@group-586430B97ADD, cid=1402, SUCCESS, logIndex=2041, commits[6c928baf-cc3b-4a10-9362-ff4e15dca71d:c2044]
2019-08-10 04:38:09,293 INFO  client.GrpcClientProtocolClient (GrpcClientProtocolClient.java:onNext(255)) - client-71F61C017E1E->6c928baf-cc3b-4a10-9362-ff4e15dca71d: receive RaftClientReply:client-71F61C017E1E->6c928baf-cc3b-4a10-9362-ff4e15dca71d@group-586430B97ADD, cid=1403, SUCCESS, logIndex=2042, commits[6c928baf-cc3b-4a10-9362-ff4e15dca71d:c2044]
2019-08-10 04:38:09,293 INFO  client.GrpcClientProtocolClient (GrpcClientProtocolClient.java:onNext(255)) - client-71F61C017E1E->6c928baf-cc3b-4a10-9362-ff4e15dca71d: receive RaftClientReply:client-71F61C017E1E->6c928baf-cc3b-4a10-9362-ff4e15dca71d@group-586430B97ADD, cid=1404, SUCCESS, logIndex=2043, commits[6c928baf-cc3b-4a10-9362-ff4e15dca71d:c2045]
2019-08-10 04:38:09,315 INFO  client.GrpcClientProtocolClient (GrpcClientProtocolClient.java:onNext(255)) - client-71F61C017E1E->6c928baf-cc3b-4a10-9362-ff4e15dca71d: receive RaftClientReply:client-71F61C017E1E->6c928baf-cc3b-4a10-9362-ff4e15dca71d@group-586430B97ADD, cid=1405, SUCCESS, logIndex=2046, commits[6c928baf-cc3b-4a10-9362-ff4e15dca71d:c2047]
2019-08-10 04:38:09,315 INFO  client.GrpcClientProtocolClient (GrpcClientProtocolClient.java:onNext(255)) - client-71F61C017E1E->6c928baf-cc3b-4a10-9362-ff4e15dca71d: receive RaftClientReply:client-71F61C017E1E->6c928baf-cc3b-4a10-9362-ff4e15dca71d@group-586430B97ADD, cid=1406, SUCCESS, logIndex=2047, commits[6c928baf-cc3b-4a10-9362-ff4e15dca71d:c2049]
2019-08-10 04:38:09,316 INFO  client.GrpcClientProtocolClient (GrpcClientProtocolClient.java:onNext(255)) - client-71F61C017E1E->6c928baf-cc3b-4a10-9362-ff4e15dca71d: receive RaftClientReply:client-71F61C017E1E->6c928baf-cc3b-4a10-9362-ff4e15dca71d@group-586430B97ADD, cid=1407, SUCCESS, logIndex=2048, commits[6c928baf-cc3b-4a10-9362-ff4e15dca71d:c2050]
2019-08-10 04:38:09,316 INFO  client.GrpcClientProtocolClient (GrpcClientProtocolClient.java:onNext(255)) - client-71F61C017E1E->6c928baf-cc3b-4a10-9362-ff4e15dca71d: receive RaftClientReply:client-71F61C017E1E->6c928baf-cc3b-4a10-9362-ff4e15dca71d@group-586430B97ADD, cid=1408, SUCCESS, logIndex=2049, commits[6c928baf-cc3b-4a10-9362-ff4e15dca71d:c2051]
2019-08-10 04:38:09,345 INFO  client.GrpcClientProtocolClient (GrpcClientProtocolClient.java:onNext(255)) - client-71F61C017E1E->6c928baf-cc3b-4a10-9362-ff4e15dca71d: receive RaftClientReply:client-71F61C017E1E->6c928baf-cc3b-4a10-9362-ff4e15dca71d@group-586430B97ADD, cid=1409, SUCCESS, logIndex=2052, commits[6c928baf-cc3b-4a10-9362-ff4e15dca71d:c2055]
2019-08-10 04:38:09,346 INFO  client.GrpcClientProtocolClient (GrpcClientProtocolClient.java:onNext(255)) - client-71F61C017E1E->6c928baf-cc3b-4a10-9362-ff4e15dca71d: receive RaftClientReply:client-71F61C017E1E->6c928baf-cc3b-4a10-9362-ff4e15dca71d@group-586430B97ADD, cid=1410, SUCCESS, logIndex=2053, commits[6c928baf-cc3b-4a10-9362-ff4e15dca71d:c2055]
2019-08-10 04:38:09,346 INFO  client.GrpcClientProtocolClient (GrpcClientProtocolClient.java:onNext(255)) - client-71F61C017E1E->6c928baf-cc3b-4a10-9362-ff4e15dca71d: receive RaftClientReply:client-71F61C017E1E->6c928baf-cc3b-4a10-9362-ff4e15dca71d@group-586430B97ADD, cid=1411, SUCCESS, logIndex=2054, commits[6c928baf-cc3b-4a10-9362-ff4e15dca71d:c2056]
2019-08-10 04:38:09,347 INFO  client.GrpcClientProtocolClient (GrpcClientProtocolClient.java:onNext(255)) - client-71F61C017E1E->6c928baf-cc3b-4a10-9362-ff4e15dca71d: receive RaftClientReply:client-71F61C017E1E->6c928baf-cc3b-4a10-9362-ff4e15dca71d@group-586430B97ADD, cid=1412, SUCCESS, logIndex=2055, commits[6c928baf-cc3b-4a10-9362-ff4e15dca71d:c2056]
2019-08-10 04:38:09,359 DEBUG block.SCMBlockDeletingService (SCMBlockDeletingService.java:call(138)) - Running DeletedBlockTransactionScanner
2019-08-10 04:38:09,360 DEBUG block.SCMBlockDeletingService (SCMBlockDeletingService.java:call(155)) - Scanned deleted blocks log and got 0 delTX to process.
2019-08-10 04:38:09,375 INFO  client.GrpcClientProtocolClient (GrpcClientProtocolClient.java:onNext(255)) - client-71F61C017E1E->6c928baf-cc3b-4a10-9362-ff4e15dca71d: receive RaftClientReply:client-71F61C017E1E->6c928baf-cc3b-4a10-9362-ff4e15dca71d@group-586430B97ADD, cid=1413, SUCCESS, logIndex=2058, commits[6c928baf-cc3b-4a10-9362-ff4e15dca71d:c2059]
2019-08-10 04:38:09,376 INFO  client.GrpcClientProtocolClient (GrpcClientProtocolClient.java:onNext(255)) - client-71F61C017E1E->6c928baf-cc3b-4a10-9362-ff4e15dca71d: receive RaftClientReply:client-71F61C017E1E->6c928baf-cc3b-4a10-9362-ff4e15dca71d@group-586430B97ADD, cid=1414, SUCCESS, logIndex=2059, commits[6c928baf-cc3b-4a10-9362-ff4e15dca71d:c2060]
2019-08-10 04:38:09,460 DEBUG block.SCMBlockDeletingService (SCMBlockDeletingService.java:call(138)) - Running DeletedBlockTransactionScanner
2019-08-10 04:38:09,461 DEBUG block.SCMBlockDeletingService (SCMBlockDeletingService.java:call(155)) - Scanned deleted blocks log and got 0 delTX to process.
2019-08-10 04:38:09,488 INFO  client.GrpcClientProtocolClient (GrpcClientProtocolClient.java:onNext(255)) - client-71F61C017E1E->6c928baf-cc3b-4a10-9362-ff4e15dca71d: receive RaftClientReply:client-71F61C017E1E->6c928baf-cc3b-4a10-9362-ff4e15dca71d@group-586430B97ADD, cid=1415, SUCCESS, logIndex=2061, commits[6c928baf-cc3b-4a10-9362-ff4e15dca71d:c2062]
2019-08-10 04:38:09,489 INFO  client.GrpcClientProtocolClient (GrpcClientProtocolClient.java:onNext(255)) - client-71F61C017E1E->6c928baf-cc3b-4a10-9362-ff4e15dca71d: receive RaftClientReply:client-71F61C017E1E->6c928baf-cc3b-4a10-9362-ff4e15dca71d@group-586430B97ADD, cid=1416, SUCCESS, logIndex=2062, commits[6c928baf-cc3b-4a10-9362-ff4e15dca71d:c2063]
2019-08-10 04:38:09,518 INFO  client.GrpcClientProtocolClient (GrpcClientProtocolClient.java:onNext(255)) - client-71F61C017E1E->6c928baf-cc3b-4a10-9362-ff4e15dca71d: receive RaftClientReply:client-71F61C017E1E->6c928baf-cc3b-4a10-9362-ff4e15dca71d@group-586430B97ADD, cid=1417, SUCCESS, logIndex=2064, commits[6c928baf-cc3b-4a10-9362-ff4e15dca71d:c2065]
2019-08-10 04:38:09,519 INFO  client.GrpcClientProtocolClient (GrpcClientProtocolClient.java:onNext(255)) - client-71F61C017E1E->6c928baf-cc3b-4a10-9362-ff4e15dca71d: receive RaftClientReply:client-71F61C017E1E->6c928baf-cc3b-4a10-9362-ff4e15dca71d@group-586430B97ADD, cid=1418, SUCCESS, logIndex=2065, commits[6c928baf-cc3b-4a10-9362-ff4e15dca71d:c2067]
2019-08-10 04:38:09,519 INFO  client.GrpcClientProtocolClient (GrpcClientProtocolClient.java:onNext(255)) - client-71F61C017E1E->6c928baf-cc3b-4a10-9362-ff4e15dca71d: receive RaftClientReply:client-71F61C017E1E->6c928baf-cc3b-4a10-9362-ff4e15dca71d@group-586430B97ADD, cid=1419, SUCCESS, logIndex=2066, commits[6c928baf-cc3b-4a10-9362-ff4e15dca71d:c2068]
2019-08-10 04:38:09,520 INFO  client.GrpcClientProtocolClient (GrpcClientProtocolClient.java:onNext(255)) - client-71F61C017E1E->6c928baf-cc3b-4a10-9362-ff4e15dca71d: receive RaftClientReply:client-71F61C017E1E->6c928baf-cc3b-4a10-9362-ff4e15dca71d@group-586430B97ADD, cid=1420, SUCCESS, logIndex=2067, commits[6c928baf-cc3b-4a10-9362-ff4e15dca71d:c2069]
2019-08-10 04:38:09,592 DEBUG block.SCMBlockDeletingService (SCMBlockDeletingService.java:call(138)) - Running DeletedBlockTransactionScanner
2019-08-10 04:38:09,593 DEBUG block.SCMBlockDeletingService (SCMBlockDeletingService.java:call(155)) - Scanned deleted blocks log and got 0 delTX to process.
2019-08-10 04:38:09,612 INFO  client.GrpcClientProtocolClient (GrpcClientProtocolClient.java:onNext(255)) - client-71F61C017E1E->6c928baf-cc3b-4a10-9362-ff4e15dca71d: receive RaftClientReply:client-71F61C017E1E->6c928baf-cc3b-4a10-9362-ff4e15dca71d@group-586430B97ADD, cid=1421, SUCCESS, logIndex=2070, commits[6c928baf-cc3b-4a10-9362-ff4e15dca71d:c2071]
2019-08-10 04:38:09,613 INFO  client.GrpcClientProtocolClient (GrpcClientProtocolClient.java:onNext(255)) - client-71F61C017E1E->6c928baf-cc3b-4a10-9362-ff4e15dca71d: receive RaftClientReply:client-71F61C017E1E->6c928baf-cc3b-4a10-9362-ff4e15dca71d@group-586430B97ADD, cid=1422, SUCCESS, logIndex=2071, commits[6c928baf-cc3b-4a10-9362-ff4e15dca71d:c2073]
2019-08-10 04:38:09,613 INFO  client.GrpcClientProtocolClient (GrpcClientProtocolClient.java:onNext(255)) - client-71F61C017E1E->6c928baf-cc3b-4a10-9362-ff4e15dca71d: receive RaftClientReply:client-71F61C017E1E->6c928baf-cc3b-4a10-9362-ff4e15dca71d@group-586430B97ADD, cid=1423, SUCCESS, logIndex=2072, commits[6c928baf-cc3b-4a10-9362-ff4e15dca71d:c2074]
2019-08-10 04:38:09,614 INFO  client.GrpcClientProtocolClient (GrpcClientProtocolClient.java:onNext(255)) - client-71F61C017E1E->6c928baf-cc3b-4a10-9362-ff4e15dca71d: receive RaftClientReply:client-71F61C017E1E->6c928baf-cc3b-4a10-9362-ff4e15dca71d@group-586430B97ADD, cid=1424, SUCCESS, logIndex=2073, commits[6c928baf-cc3b-4a10-9362-ff4e15dca71d:c2075]
2019-08-10 04:38:09,641 INFO  client.GrpcClientProtocolClient (GrpcClientProtocolClient.java:onNext(255)) - client-71F61C017E1E->6c928baf-cc3b-4a10-9362-ff4e15dca71d: receive RaftClientReply:client-71F61C017E1E->6c928baf-cc3b-4a10-9362-ff4e15dca71d@group-586430B97ADD, cid=1425, SUCCESS, logIndex=2076, commits[6c928baf-cc3b-4a10-9362-ff4e15dca71d:c2077]
2019-08-10 04:38:09,642 INFO  client.GrpcClientProtocolClient (GrpcClientProtocolClient.java:onNext(255)) - client-71F61C017E1E->6c928baf-cc3b-4a10-9362-ff4e15dca71d: receive RaftClientReply:client-71F61C017E1E->6c928baf-cc3b-4a10-9362-ff4e15dca71d@group-586430B97ADD, cid=1426, SUCCESS, logIndex=2077, commits[6c928baf-cc3b-4a10-9362-ff4e15dca71d:c2079]
2019-08-10 04:38:09,642 INFO  client.GrpcClientProtocolClient (GrpcClientProtocolClient.java:onNext(255)) - client-71F61C017E1E->6c928baf-cc3b-4a10-9362-ff4e15dca71d: receive RaftClientReply:client-71F61C017E1E->6c928baf-cc3b-4a10-9362-ff4e15dca71d@group-586430B97ADD, cid=1427, SUCCESS, logIndex=2078, commits[6c928baf-cc3b-4a10-9362-ff4e15dca71d:c2080]
2019-08-10 04:38:09,643 INFO  client.GrpcClientProtocolClient (GrpcClientProtocolClient.java:onNext(255)) - client-71F61C017E1E->6c928baf-cc3b-4a10-9362-ff4e15dca71d: receive RaftClientReply:client-71F61C017E1E->6c928baf-cc3b-4a10-9362-ff4e15dca71d@group-586430B97ADD, cid=1428, SUCCESS, logIndex=2079, commits[6c928baf-cc3b-4a10-9362-ff4e15dca71d:c2081]
2019-08-10 04:38:09,663 INFO  client.GrpcClientProtocolClient (GrpcClientProtocolClient.java:onNext(255)) - client-71F61C017E1E->6c928baf-cc3b-4a10-9362-ff4e15dca71d: receive RaftClientReply:client-71F61C017E1E->6c928baf-cc3b-4a10-9362-ff4e15dca71d@group-586430B97ADD, cid=1429, SUCCESS, logIndex=2082, commits[6c928baf-cc3b-4a10-9362-ff4e15dca71d:c2085]
2019-08-10 04:38:09,664 INFO  client.GrpcClientProtocolClient (GrpcClientProtocolClient.java:onNext(255)) - client-71F61C017E1E->6c928baf-cc3b-4a10-9362-ff4e15dca71d: receive RaftClientReply:client-71F61C017E1E->6c928baf-cc3b-4a10-9362-ff4e15dca71d@group-586430B97ADD, cid=1430, SUCCESS, logIndex=2083, commits[6c928baf-cc3b-4a10-9362-ff4e15dca71d:c2086]
2019-08-10 04:38:09,664 INFO  client.GrpcClientProtocolClient (GrpcClientProtocolClient.java:onNext(255)) - client-71F61C017E1E->6c928baf-cc3b-4a10-9362-ff4e15dca71d: receive RaftClientReply:client-71F61C017E1E->6c928baf-cc3b-4a10-9362-ff4e15dca71d@group-586430B97ADD, cid=1431, SUCCESS, logIndex=2084, commits[6c928baf-cc3b-4a10-9362-ff4e15dca71d:c2087]
2019-08-10 04:38:09,664 INFO  client.GrpcClientProtocolClient (GrpcClientProtocolClient.java:onNext(255)) - client-71F61C017E1E->6c928baf-cc3b-4a10-9362-ff4e15dca71d: receive RaftClientReply:client-71F61C017E1E->6c928baf-cc3b-4a10-9362-ff4e15dca71d@group-586430B97ADD, cid=1432, SUCCESS, logIndex=2085, commits[6c928baf-cc3b-4a10-9362-ff4e15dca71d:c2087]
2019-08-10 04:38:09,692 INFO  client.GrpcClientProtocolClient (GrpcClientProtocolClient.java:onNext(255)) - client-71F61C017E1E->6c928baf-cc3b-4a10-9362-ff4e15dca71d: receive RaftClientReply:client-71F61C017E1E->6c928baf-cc3b-4a10-9362-ff4e15dca71d@group-586430B97ADD, cid=1433, SUCCESS, logIndex=2088, commits[6c928baf-cc3b-4a10-9362-ff4e15dca71d:c2091]
2019-08-10 04:38:09,693 INFO  client.GrpcClientProtocolClient (GrpcClientProtocolClient.java:onNext(255)) - client-71F61C017E1E->6c928baf-cc3b-4a10-9362-ff4e15dca71d: receive RaftClientReply:client-71F61C017E1E->6c928baf-cc3b-4a10-9362-ff4e15dca71d@group-586430B97ADD, cid=1434, SUCCESS, logIndex=2089, commits[6c928baf-cc3b-4a10-9362-ff4e15dca71d:c2092]
2019-08-10 04:38:09,693 DEBUG block.SCMBlockDeletingService (SCMBlockDeletingService.java:call(138)) - Running DeletedBlockTransactionScanner
2019-08-10 04:38:09,693 INFO  client.GrpcClientProtocolClient (GrpcClientProtocolClient.java:onNext(255)) - client-71F61C017E1E->6c928baf-cc3b-4a10-9362-ff4e15dca71d: receive RaftClientReply:client-71F61C017E1E->6c928baf-cc3b-4a10-9362-ff4e15dca71d@group-586430B97ADD, cid=1435, SUCCESS, logIndex=2090, commits[6c928baf-cc3b-4a10-9362-ff4e15dca71d:c2092]
2019-08-10 04:38:09,694 DEBUG block.SCMBlockDeletingService (SCMBlockDeletingService.java:call(155)) - Scanned deleted blocks log and got 0 delTX to process.
2019-08-10 04:38:09,694 INFO  client.GrpcClientProtocolClient (GrpcClientProtocolClient.java:onNext(255)) - client-71F61C017E1E->6c928baf-cc3b-4a10-9362-ff4e15dca71d: receive RaftClientReply:client-71F61C017E1E->6c928baf-cc3b-4a10-9362-ff4e15dca71d@group-586430B97ADD, cid=1436, SUCCESS, logIndex=2091, commits[6c928baf-cc3b-4a10-9362-ff4e15dca71d:c2093]
2019-08-10 04:38:09,714 INFO  client.GrpcClientProtocolClient (GrpcClientProtocolClient.java:onNext(255)) - client-71F61C017E1E->6c928baf-cc3b-4a10-9362-ff4e15dca71d: receive RaftClientReply:client-71F61C017E1E->6c928baf-cc3b-4a10-9362-ff4e15dca71d@group-586430B97ADD, cid=1437, SUCCESS, logIndex=2094, commits[6c928baf-cc3b-4a10-9362-ff4e15dca71d:c2095]
2019-08-10 04:38:09,715 INFO  client.GrpcClientProtocolClient (GrpcClientProtocolClient.java:onNext(255)) - client-71F61C017E1E->6c928baf-cc3b-4a10-9362-ff4e15dca71d: receive RaftClientReply:client-71F61C017E1E->6c928baf-cc3b-4a10-9362-ff4e15dca71d@group-586430B97ADD, cid=1438, SUCCESS, logIndex=2095, commits[6c928baf-cc3b-4a10-9362-ff4e15dca71d:c2097]
2019-08-10 04:38:09,715 INFO  client.GrpcClientProtocolClient (GrpcClientProtocolClient.java:onNext(255)) - client-71F61C017E1E->6c928baf-cc3b-4a10-9362-ff4e15dca71d: receive RaftClientReply:client-71F61C017E1E->6c928baf-cc3b-4a10-9362-ff4e15dca71d@group-586430B97ADD, cid=1439, SUCCESS, logIndex=2096, commits[6c928baf-cc3b-4a10-9362-ff4e15dca71d:c2098]
2019-08-10 04:38:09,715 INFO  client.GrpcClientProtocolClient (GrpcClientProtocolClient.java:onNext(255)) - client-71F61C017E1E->6c928baf-cc3b-4a10-9362-ff4e15dca71d: receive RaftClientReply:client-71F61C017E1E->6c928baf-cc3b-4a10-9362-ff4e15dca71d@group-586430B97ADD, cid=1440, SUCCESS, logIndex=2097, commits[6c928baf-cc3b-4a10-9362-ff4e15dca71d:c2098]
2019-08-10 04:38:09,744 INFO  client.GrpcClientProtocolClient (GrpcClientProtocolClient.java:onNext(255)) - client-71F61C017E1E->6c928baf-cc3b-4a10-9362-ff4e15dca71d: receive RaftClientReply:client-71F61C017E1E->6c928baf-cc3b-4a10-9362-ff4e15dca71d@group-586430B97ADD, cid=1441, SUCCESS, logIndex=2100, commits[6c928baf-cc3b-4a10-9362-ff4e15dca71d:c2101]
2019-08-10 04:38:09,745 INFO  client.GrpcClientProtocolClient (GrpcClientProtocolClient.java:onNext(255)) - client-71F61C017E1E->6c928baf-cc3b-4a10-9362-ff4e15dca71d: receive RaftClientReply:client-71F61C017E1E->6c928baf-cc3b-4a10-9362-ff4e15dca71d@group-586430B97ADD, cid=1442, SUCCESS, logIndex=2101, commits[6c928baf-cc3b-4a10-9362-ff4e15dca71d:c2103]
2019-08-10 04:38:09,745 INFO  client.GrpcClientProtocolClient (GrpcClientProtocolClient.java:onNext(255)) - client-71F61C017E1E->6c928baf-cc3b-4a10-9362-ff4e15dca71d: receive RaftClientReply:client-71F61C017E1E->6c928baf-cc3b-4a10-9362-ff4e15dca71d@group-586430B97ADD, cid=1443, SUCCESS, logIndex=2102, commits[6c928baf-cc3b-4a10-9362-ff4e15dca71d:c2104]
2019-08-10 04:38:09,746 INFO  client.GrpcClientProtocolClient (GrpcClientProtocolClient.java:onNext(255)) - client-71F61C017E1E->6c928baf-cc3b-4a10-9362-ff4e15dca71d: receive RaftClientReply:client-71F61C017E1E->6c928baf-cc3b-4a10-9362-ff4e15dca71d@group-586430B97ADD, cid=1444, SUCCESS, logIndex=2103, commits[6c928baf-cc3b-4a10-9362-ff4e15dca71d:c2104]
2019-08-10 04:38:09,766 INFO  client.GrpcClientProtocolClient (GrpcClientProtocolClient.java:onNext(255)) - client-71F61C017E1E->6c928baf-cc3b-4a10-9362-ff4e15dca71d: receive RaftClientReply:client-71F61C017E1E->6c928baf-cc3b-4a10-9362-ff4e15dca71d@group-586430B97ADD, cid=1445, SUCCESS, logIndex=2106, commits[6c928baf-cc3b-4a10-9362-ff4e15dca71d:c2107]
2019-08-10 04:38:09,766 INFO  client.GrpcClientProtocolClient (GrpcClientProtocolClient.java:onNext(255)) - client-71F61C017E1E->6c928baf-cc3b-4a10-9362-ff4e15dca71d: receive RaftClientReply:client-71F61C017E1E->6c928baf-cc3b-4a10-9362-ff4e15dca71d@group-586430B97ADD, cid=1446, SUCCESS, logIndex=2107, commits[6c928baf-cc3b-4a10-9362-ff4e15dca71d:c2107]
2019-08-10 04:38:09,767 INFO  client.GrpcClientProtocolClient (GrpcClientProtocolClient.java:onNext(255)) - client-71F61C017E1E->6c928baf-cc3b-4a10-9362-ff4e15dca71d: receive RaftClientReply:client-71F61C017E1E->6c928baf-cc3b-4a10-9362-ff4e15dca71d@group-586430B97ADD, cid=1447, SUCCESS, logIndex=2108, commits[6c928baf-cc3b-4a10-9362-ff4e15dca71d:c2109]
2019-08-10 04:38:09,767 INFO  client.GrpcClientProtocolClient (GrpcClientProtocolClient.java:onNext(255)) - client-71F61C017E1E->6c928baf-cc3b-4a10-9362-ff4e15dca71d: receive RaftClientReply:client-71F61C017E1E->6c928baf-cc3b-4a10-9362-ff4e15dca71d@group-586430B97ADD, cid=1448, SUCCESS, logIndex=2109, commits[6c928baf-cc3b-4a10-9362-ff4e15dca71d:c2109]
2019-08-10 04:38:09,794 DEBUG block.SCMBlockDeletingService (SCMBlockDeletingService.java:call(138)) - Running DeletedBlockTransactionScanner
2019-08-10 04:38:09,794 INFO  client.GrpcClientProtocolClient (GrpcClientProtocolClient.java:onNext(255)) - client-71F61C017E1E->6c928baf-cc3b-4a10-9362-ff4e15dca71d: receive RaftClientReply:client-71F61C017E1E->6c928baf-cc3b-4a10-9362-ff4e15dca71d@group-586430B97ADD, cid=1449, SUCCESS, logIndex=2112, commits[6c928baf-cc3b-4a10-9362-ff4e15dca71d:c2115]
2019-08-10 04:38:09,794 DEBUG block.SCMBlockDeletingService (SCMBlockDeletingService.java:call(155)) - Scanned deleted blocks log and got 0 delTX to process.
2019-08-10 04:38:09,795 INFO  client.GrpcClientProtocolClient (GrpcClientProtocolClient.java:onNext(255)) - client-71F61C017E1E->6c928baf-cc3b-4a10-9362-ff4e15dca71d: receive RaftClientReply:client-71F61C017E1E->6c928baf-cc3b-4a10-9362-ff4e15dca71d@group-586430B97ADD, cid=1450, SUCCESS, logIndex=2113, commits[6c928baf-cc3b-4a10-9362-ff4e15dca71d:c2116]
2019-08-10 04:38:09,795 INFO  client.GrpcClientProtocolClient (GrpcClientProtocolClient.java:onNext(255)) - client-71F61C017E1E->6c928baf-cc3b-4a10-9362-ff4e15dca71d: receive RaftClientReply:client-71F61C017E1E->6c928baf-cc3b-4a10-9362-ff4e15dca71d@group-586430B97ADD, cid=1451, SUCCESS, logIndex=2114, commits[6c928baf-cc3b-4a10-9362-ff4e15dca71d:c2116]
2019-08-10 04:38:09,796 INFO  client.GrpcClientProtocolClient (GrpcClientProtocolClient.java:onNext(255)) - client-71F61C017E1E->6c928baf-cc3b-4a10-9362-ff4e15dca71d: receive RaftClientReply:client-71F61C017E1E->6c928baf-cc3b-4a10-9362-ff4e15dca71d@group-586430B97ADD, cid=1452, SUCCESS, logIndex=2115, commits[6c928baf-cc3b-4a10-9362-ff4e15dca71d:c2116]
2019-08-10 04:38:09,818 INFO  client.GrpcClientProtocolClient (GrpcClientProtocolClient.java:onNext(255)) - client-71F61C017E1E->6c928baf-cc3b-4a10-9362-ff4e15dca71d: receive RaftClientReply:client-71F61C017E1E->6c928baf-cc3b-4a10-9362-ff4e15dca71d@group-586430B97ADD, cid=1453, SUCCESS, logIndex=2117, commits[6c928baf-cc3b-4a10-9362-ff4e15dca71d:c2118]
2019-08-10 04:38:09,819 INFO  client.GrpcClientProtocolClient (GrpcClientProtocolClient.java:onNext(255)) - client-71F61C017E1E->6c928baf-cc3b-4a10-9362-ff4e15dca71d: receive RaftClientReply:client-71F61C017E1E->6c928baf-cc3b-4a10-9362-ff4e15dca71d@group-586430B97ADD, cid=1454, SUCCESS, logIndex=2118, commits[6c928baf-cc3b-4a10-9362-ff4e15dca71d:c2118]
2019-08-10 04:38:09,819 INFO  client.GrpcClientProtocolClient (GrpcClientProtocolClient.java:onNext(255)) - client-71F61C017E1E->6c928baf-cc3b-4a10-9362-ff4e15dca71d: receive RaftClientReply:client-71F61C017E1E->6c928baf-cc3b-4a10-9362-ff4e15dca71d@group-586430B97ADD, cid=1455, SUCCESS, logIndex=2119, commits[6c928baf-cc3b-4a10-9362-ff4e15dca71d:c2120]
2019-08-10 04:38:09,819 INFO  client.GrpcClientProtocolClient (GrpcClientProtocolClient.java:onNext(255)) - client-71F61C017E1E->6c928baf-cc3b-4a10-9362-ff4e15dca71d: receive RaftClientReply:client-71F61C017E1E->6c928baf-cc3b-4a10-9362-ff4e15dca71d@group-586430B97ADD, cid=1456, SUCCESS, logIndex=2120, commits[6c928baf-cc3b-4a10-9362-ff4e15dca71d:c2121]
2019-08-10 04:38:09,836 INFO  client.GrpcClientProtocolClient (GrpcClientProtocolClient.java:onNext(255)) - client-71F61C017E1E->6c928baf-cc3b-4a10-9362-ff4e15dca71d: receive RaftClientReply:client-71F61C017E1E->6c928baf-cc3b-4a10-9362-ff4e15dca71d@group-586430B97ADD, cid=1457, SUCCESS, logIndex=2123, commits[6c928baf-cc3b-4a10-9362-ff4e15dca71d:c2124]
2019-08-10 04:38:09,836 INFO  client.GrpcClientProtocolClient (GrpcClientProtocolClient.java:onNext(255)) - client-71F61C017E1E->6c928baf-cc3b-4a10-9362-ff4e15dca71d: receive RaftClientReply:client-71F61C017E1E->6c928baf-cc3b-4a10-9362-ff4e15dca71d@group-586430B97ADD, cid=1458, SUCCESS, logIndex=2124, commits[6c928baf-cc3b-4a10-9362-ff4e15dca71d:c2125]
2019-08-10 04:38:09,895 DEBUG block.SCMBlockDeletingService (SCMBlockDeletingService.java:call(138)) - Running DeletedBlockTransactionScanner
2019-08-10 04:38:09,895 DEBUG block.SCMBlockDeletingService (SCMBlockDeletingService.java:call(155)) - Scanned deleted blocks log and got 0 delTX to process.
2019-08-10 04:38:09,932 INFO  client.GrpcClientProtocolClient (GrpcClientProtocolClient.java:onNext(255)) - client-71F61C017E1E->6c928baf-cc3b-4a10-9362-ff4e15dca71d: receive RaftClientReply:client-71F61C017E1E->6c928baf-cc3b-4a10-9362-ff4e15dca71d@group-586430B97ADD, cid=1459, SUCCESS, logIndex=2126, commits[6c928baf-cc3b-4a10-9362-ff4e15dca71d:c2127]
2019-08-10 04:38:09,933 INFO  client.GrpcClientProtocolClient (GrpcClientProtocolClient.java:onNext(255)) - client-71F61C017E1E->6c928baf-cc3b-4a10-9362-ff4e15dca71d: receive RaftClientReply:client-71F61C017E1E->6c928baf-cc3b-4a10-9362-ff4e15dca71d@group-586430B97ADD, cid=1460, SUCCESS, logIndex=2127, commits[6c928baf-cc3b-4a10-9362-ff4e15dca71d:c2128]
2019-08-10 04:38:09,953 INFO  client.GrpcClientProtocolClient (GrpcClientProtocolClient.java:onNext(255)) - client-71F61C017E1E->6c928baf-cc3b-4a10-9362-ff4e15dca71d: receive RaftClientReply:client-71F61C017E1E->6c928baf-cc3b-4a10-9362-ff4e15dca71d@group-586430B97ADD, cid=1461, SUCCESS, logIndex=2129, commits[6c928baf-cc3b-4a10-9362-ff4e15dca71d:c2132]
2019-08-10 04:38:09,954 INFO  client.GrpcClientProtocolClient (GrpcClientProtocolClient.java:onNext(255)) - client-71F61C017E1E->6c928baf-cc3b-4a10-9362-ff4e15dca71d: receive RaftClientReply:client-71F61C017E1E->6c928baf-cc3b-4a10-9362-ff4e15dca71d@group-586430B97ADD, cid=1462, SUCCESS, logIndex=2130, commits[6c928baf-cc3b-4a10-9362-ff4e15dca71d:c2132]
2019-08-10 04:38:09,954 INFO  client.GrpcClientProtocolClient (GrpcClientProtocolClient.java:onNext(255)) - client-71F61C017E1E->6c928baf-cc3b-4a10-9362-ff4e15dca71d: receive RaftClientReply:client-71F61C017E1E->6c928baf-cc3b-4a10-9362-ff4e15dca71d@group-586430B97ADD, cid=1463, SUCCESS, logIndex=2131, commits[6c928baf-cc3b-4a10-9362-ff4e15dca71d:c2133]
2019-08-10 04:38:09,954 INFO  client.GrpcClientProtocolClient (GrpcClientProtocolClient.java:onNext(255)) - client-71F61C017E1E->6c928baf-cc3b-4a10-9362-ff4e15dca71d: receive RaftClientReply:client-71F61C017E1E->6c928baf-cc3b-4a10-9362-ff4e15dca71d@group-586430B97ADD, cid=1464, SUCCESS, logIndex=2132, commits[6c928baf-cc3b-4a10-9362-ff4e15dca71d:c2134]
2019-08-10 04:38:09,981 INFO  client.GrpcClientProtocolClient (GrpcClientProtocolClient.java:onNext(255)) - client-71F61C017E1E->6c928baf-cc3b-4a10-9362-ff4e15dca71d: receive RaftClientReply:client-71F61C017E1E->6c928baf-cc3b-4a10-9362-ff4e15dca71d@group-586430B97ADD, cid=1465, SUCCESS, logIndex=2135, commits[6c928baf-cc3b-4a10-9362-ff4e15dca71d:c2136]
2019-08-10 04:38:09,982 INFO  client.GrpcClientProtocolClient (GrpcClientProtocolClient.java:onNext(255)) - client-71F61C017E1E->6c928baf-cc3b-4a10-9362-ff4e15dca71d: receive RaftClientReply:client-71F61C017E1E->6c928baf-cc3b-4a10-9362-ff4e15dca71d@group-586430B97ADD, cid=1466, SUCCESS, logIndex=2136, commits[6c928baf-cc3b-4a10-9362-ff4e15dca71d:c2138]
2019-08-10 04:38:09,982 INFO  client.GrpcClientProtocolClient (GrpcClientProtocolClient.java:onNext(255)) - client-71F61C017E1E->6c928baf-cc3b-4a10-9362-ff4e15dca71d: receive RaftClientReply:client-71F61C017E1E->6c928baf-cc3b-4a10-9362-ff4e15dca71d@group-586430B97ADD, cid=1467, SUCCESS, logIndex=2137, commits[6c928baf-cc3b-4a10-9362-ff4e15dca71d:c2139]
2019-08-10 04:38:09,982 INFO  client.GrpcClientProtocolClient (GrpcClientProtocolClient.java:onNext(255)) - client-71F61C017E1E->6c928baf-cc3b-4a10-9362-ff4e15dca71d: receive RaftClientReply:client-71F61C017E1E->6c928baf-cc3b-4a10-9362-ff4e15dca71d@group-586430B97ADD, cid=1468, SUCCESS, logIndex=2138, commits[6c928baf-cc3b-4a10-9362-ff4e15dca71d:c2139]
2019-08-10 04:38:09,995 DEBUG block.SCMBlockDeletingService (SCMBlockDeletingService.java:call(138)) - Running DeletedBlockTransactionScanner
2019-08-10 04:38:09,996 DEBUG block.SCMBlockDeletingService (SCMBlockDeletingService.java:call(155)) - Scanned deleted blocks log and got 0 delTX to process.
2019-08-10 04:38:10,001 INFO  client.GrpcClientProtocolClient (GrpcClientProtocolClient.java:onNext(255)) - client-71F61C017E1E->6c928baf-cc3b-4a10-9362-ff4e15dca71d: receive RaftClientReply:client-71F61C017E1E->6c928baf-cc3b-4a10-9362-ff4e15dca71d@group-586430B97ADD, cid=1469, SUCCESS, logIndex=2141, commits[6c928baf-cc3b-4a10-9362-ff4e15dca71d:c2142]
2019-08-10 04:38:10,002 INFO  client.GrpcClientProtocolClient (GrpcClientProtocolClient.java:onNext(255)) - client-71F61C017E1E->6c928baf-cc3b-4a10-9362-ff4e15dca71d: receive RaftClientReply:client-71F61C017E1E->6c928baf-cc3b-4a10-9362-ff4e15dca71d@group-586430B97ADD, cid=1470, SUCCESS, logIndex=2142, commits[6c928baf-cc3b-4a10-9362-ff4e15dca71d:c2144]
2019-08-10 04:38:10,002 INFO  client.GrpcClientProtocolClient (GrpcClientProtocolClient.java:onNext(255)) - client-71F61C017E1E->6c928baf-cc3b-4a10-9362-ff4e15dca71d: receive RaftClientReply:client-71F61C017E1E->6c928baf-cc3b-4a10-9362-ff4e15dca71d@group-586430B97ADD, cid=1471, SUCCESS, logIndex=2143, commits[6c928baf-cc3b-4a10-9362-ff4e15dca71d:c2144]
2019-08-10 04:38:10,003 INFO  client.GrpcClientProtocolClient (GrpcClientProtocolClient.java:onNext(255)) - client-71F61C017E1E->6c928baf-cc3b-4a10-9362-ff4e15dca71d: receive RaftClientReply:client-71F61C017E1E->6c928baf-cc3b-4a10-9362-ff4e15dca71d@group-586430B97ADD, cid=1472, SUCCESS, logIndex=2144, commits[6c928baf-cc3b-4a10-9362-ff4e15dca71d:c2145]
2019-08-10 04:38:10,029 INFO  client.GrpcClientProtocolClient (GrpcClientProtocolClient.java:onNext(255)) - client-71F61C017E1E->6c928baf-cc3b-4a10-9362-ff4e15dca71d: receive RaftClientReply:client-71F61C017E1E->6c928baf-cc3b-4a10-9362-ff4e15dca71d@group-586430B97ADD, cid=1473, SUCCESS, logIndex=2147, commits[6c928baf-cc3b-4a10-9362-ff4e15dca71d:c2150]
2019-08-10 04:38:10,030 INFO  client.GrpcClientProtocolClient (GrpcClientProtocolClient.java:onNext(255)) - client-71F61C017E1E->6c928baf-cc3b-4a10-9362-ff4e15dca71d: receive RaftClientReply:client-71F61C017E1E->6c928baf-cc3b-4a10-9362-ff4e15dca71d@group-586430B97ADD, cid=1474, SUCCESS, logIndex=2148, commits[6c928baf-cc3b-4a10-9362-ff4e15dca71d:c2151]
2019-08-10 04:38:10,030 INFO  client.GrpcClientProtocolClient (GrpcClientProtocolClient.java:onNext(255)) - client-71F61C017E1E->6c928baf-cc3b-4a10-9362-ff4e15dca71d: receive RaftClientReply:client-71F61C017E1E->6c928baf-cc3b-4a10-9362-ff4e15dca71d@group-586430B97ADD, cid=1475, SUCCESS, logIndex=2149, commits[6c928baf-cc3b-4a10-9362-ff4e15dca71d:c2151]
2019-08-10 04:38:10,030 INFO  client.GrpcClientProtocolClient (GrpcClientProtocolClient.java:onNext(255)) - client-71F61C017E1E->6c928baf-cc3b-4a10-9362-ff4e15dca71d: receive RaftClientReply:client-71F61C017E1E->6c928baf-cc3b-4a10-9362-ff4e15dca71d@group-586430B97ADD, cid=1476, SUCCESS, logIndex=2150, commits[6c928baf-cc3b-4a10-9362-ff4e15dca71d:c2151]
2019-08-10 04:38:10,051 INFO  client.GrpcClientProtocolClient (GrpcClientProtocolClient.java:onNext(255)) - client-71F61C017E1E->6c928baf-cc3b-4a10-9362-ff4e15dca71d: receive RaftClientReply:client-71F61C017E1E->6c928baf-cc3b-4a10-9362-ff4e15dca71d@group-586430B97ADD, cid=1477, SUCCESS, logIndex=2152, commits[6c928baf-cc3b-4a10-9362-ff4e15dca71d:c2155]
2019-08-10 04:38:10,052 INFO  client.GrpcClientProtocolClient (GrpcClientProtocolClient.java:onNext(255)) - client-71F61C017E1E->6c928baf-cc3b-4a10-9362-ff4e15dca71d: receive RaftClientReply:client-71F61C017E1E->6c928baf-cc3b-4a10-9362-ff4e15dca71d@group-586430B97ADD, cid=1478, SUCCESS, logIndex=2153, commits[6c928baf-cc3b-4a10-9362-ff4e15dca71d:c2155]
2019-08-10 04:38:10,052 INFO  client.GrpcClientProtocolClient (GrpcClientProtocolClient.java:onNext(255)) - client-71F61C017E1E->6c928baf-cc3b-4a10-9362-ff4e15dca71d: receive RaftClientReply:client-71F61C017E1E->6c928baf-cc3b-4a10-9362-ff4e15dca71d@group-586430B97ADD, cid=1479, SUCCESS, logIndex=2154, commits[6c928baf-cc3b-4a10-9362-ff4e15dca71d:c2156]
2019-08-10 04:38:10,052 INFO  client.GrpcClientProtocolClient (GrpcClientProtocolClient.java:onNext(255)) - client-71F61C017E1E->6c928baf-cc3b-4a10-9362-ff4e15dca71d: receive RaftClientReply:client-71F61C017E1E->6c928baf-cc3b-4a10-9362-ff4e15dca71d@group-586430B97ADD, cid=1480, SUCCESS, logIndex=2155, commits[6c928baf-cc3b-4a10-9362-ff4e15dca71d:c2156]
2019-08-10 04:38:10,080 INFO  client.GrpcClientProtocolClient (GrpcClientProtocolClient.java:onNext(255)) - client-71F61C017E1E->6c928baf-cc3b-4a10-9362-ff4e15dca71d: receive RaftClientReply:client-71F61C017E1E->6c928baf-cc3b-4a10-9362-ff4e15dca71d@group-586430B97ADD, cid=1481, SUCCESS, logIndex=2157, commits[6c928baf-cc3b-4a10-9362-ff4e15dca71d:c2158]
2019-08-10 04:38:10,081 INFO  client.GrpcClientProtocolClient (GrpcClientProtocolClient.java:onNext(255)) - client-71F61C017E1E->6c928baf-cc3b-4a10-9362-ff4e15dca71d: receive RaftClientReply:client-71F61C017E1E->6c928baf-cc3b-4a10-9362-ff4e15dca71d@group-586430B97ADD, cid=1482, SUCCESS, logIndex=2158, commits[6c928baf-cc3b-4a10-9362-ff4e15dca71d:c2160]
2019-08-10 04:38:10,081 INFO  client.GrpcClientProtocolClient (GrpcClientProtocolClient.java:onNext(255)) - client-71F61C017E1E->6c928baf-cc3b-4a10-9362-ff4e15dca71d: receive RaftClientReply:client-71F61C017E1E->6c928baf-cc3b-4a10-9362-ff4e15dca71d@group-586430B97ADD, cid=1483, SUCCESS, logIndex=2159, commits[6c928baf-cc3b-4a10-9362-ff4e15dca71d:c2161]
2019-08-10 04:38:10,081 INFO  client.GrpcClientProtocolClient (GrpcClientProtocolClient.java:onNext(255)) - client-71F61C017E1E->6c928baf-cc3b-4a10-9362-ff4e15dca71d: receive RaftClientReply:client-71F61C017E1E->6c928baf-cc3b-4a10-9362-ff4e15dca71d@group-586430B97ADD, cid=1484, SUCCESS, logIndex=2160, commits[6c928baf-cc3b-4a10-9362-ff4e15dca71d:c2161]
2019-08-10 04:38:10,096 DEBUG block.SCMBlockDeletingService (SCMBlockDeletingService.java:call(138)) - Running DeletedBlockTransactionScanner
2019-08-10 04:38:10,097 DEBUG block.SCMBlockDeletingService (SCMBlockDeletingService.java:call(155)) - Scanned deleted blocks log and got 0 delTX to process.
2019-08-10 04:38:10,105 INFO  client.GrpcClientProtocolClient (GrpcClientProtocolClient.java:onNext(255)) - client-71F61C017E1E->6c928baf-cc3b-4a10-9362-ff4e15dca71d: receive RaftClientReply:client-71F61C017E1E->6c928baf-cc3b-4a10-9362-ff4e15dca71d@group-586430B97ADD, cid=1485, SUCCESS, logIndex=2163, commits[6c928baf-cc3b-4a10-9362-ff4e15dca71d:c2164]
2019-08-10 04:38:10,106 INFO  client.GrpcClientProtocolClient (GrpcClientProtocolClient.java:onNext(255)) - client-71F61C017E1E->6c928baf-cc3b-4a10-9362-ff4e15dca71d: receive RaftClientReply:client-71F61C017E1E->6c928baf-cc3b-4a10-9362-ff4e15dca71d@group-586430B97ADD, cid=1486, SUCCESS, logIndex=2164, commits[6c928baf-cc3b-4a10-9362-ff4e15dca71d:c2166]
2019-08-10 04:38:10,106 INFO  client.GrpcClientProtocolClient (GrpcClientProtocolClient.java:onNext(255)) - client-71F61C017E1E->6c928baf-cc3b-4a10-9362-ff4e15dca71d: receive RaftClientReply:client-71F61C017E1E->6c928baf-cc3b-4a10-9362-ff4e15dca71d@group-586430B97ADD, cid=1487, SUCCESS, logIndex=2165, commits[6c928baf-cc3b-4a10-9362-ff4e15dca71d:c2167]
2019-08-10 04:38:10,107 INFO  client.GrpcClientProtocolClient (GrpcClientProtocolClient.java:onNext(255)) - client-71F61C017E1E->6c928baf-cc3b-4a10-9362-ff4e15dca71d: receive RaftClientReply:client-71F61C017E1E->6c928baf-cc3b-4a10-9362-ff4e15dca71d@group-586430B97ADD, cid=1488, SUCCESS, logIndex=2166, commits[6c928baf-cc3b-4a10-9362-ff4e15dca71d:c2167]
2019-08-10 04:38:10,134 INFO  client.GrpcClientProtocolClient (GrpcClientProtocolClient.java:onNext(255)) - client-71F61C017E1E->6c928baf-cc3b-4a10-9362-ff4e15dca71d: receive RaftClientReply:client-71F61C017E1E->6c928baf-cc3b-4a10-9362-ff4e15dca71d@group-586430B97ADD, cid=1489, SUCCESS, logIndex=2169, commits[6c928baf-cc3b-4a10-9362-ff4e15dca71d:c2172]
2019-08-10 04:38:10,134 INFO  client.GrpcClientProtocolClient (GrpcClientProtocolClient.java:onNext(255)) - client-71F61C017E1E->6c928baf-cc3b-4a10-9362-ff4e15dca71d: receive RaftClientReply:client-71F61C017E1E->6c928baf-cc3b-4a10-9362-ff4e15dca71d@group-586430B97ADD, cid=1490, SUCCESS, logIndex=2170, commits[6c928baf-cc3b-4a10-9362-ff4e15dca71d:c2173]
2019-08-10 04:38:10,134 INFO  client.GrpcClientProtocolClient (GrpcClientProtocolClient.java:onNext(255)) - client-71F61C017E1E->6c928baf-cc3b-4a10-9362-ff4e15dca71d: receive RaftClientReply:client-71F61C017E1E->6c928baf-cc3b-4a10-9362-ff4e15dca71d@group-586430B97ADD, cid=1491, SUCCESS, logIndex=2171, commits[6c928baf-cc3b-4a10-9362-ff4e15dca71d:c2173]
2019-08-10 04:38:10,135 INFO  client.GrpcClientProtocolClient (GrpcClientProtocolClient.java:onNext(255)) - client-71F61C017E1E->6c928baf-cc3b-4a10-9362-ff4e15dca71d: receive RaftClientReply:client-71F61C017E1E->6c928baf-cc3b-4a10-9362-ff4e15dca71d@group-586430B97ADD, cid=1492, SUCCESS, logIndex=2172, commits[6c928baf-cc3b-4a10-9362-ff4e15dca71d:c2173]
2019-08-10 04:38:10,152 INFO  client.GrpcClientProtocolClient (GrpcClientProtocolClient.java:onNext(255)) - client-71F61C017E1E->6c928baf-cc3b-4a10-9362-ff4e15dca71d: receive RaftClientReply:client-71F61C017E1E->6c928baf-cc3b-4a10-9362-ff4e15dca71d@group-586430B97ADD, cid=1493, SUCCESS, logIndex=2174, commits[6c928baf-cc3b-4a10-9362-ff4e15dca71d:c2175]
2019-08-10 04:38:10,153 INFO  client.GrpcClientProtocolClient (GrpcClientProtocolClient.java:onNext(255)) - client-71F61C017E1E->6c928baf-cc3b-4a10-9362-ff4e15dca71d: receive RaftClientReply:client-71F61C017E1E->6c928baf-cc3b-4a10-9362-ff4e15dca71d@group-586430B97ADD, cid=1494, SUCCESS, logIndex=2175, commits[6c928baf-cc3b-4a10-9362-ff4e15dca71d:c2177]
2019-08-10 04:38:10,153 INFO  client.GrpcClientProtocolClient (GrpcClientProtocolClient.java:onNext(255)) - client-71F61C017E1E->6c928baf-cc3b-4a10-9362-ff4e15dca71d: receive RaftClientReply:client-71F61C017E1E->6c928baf-cc3b-4a10-9362-ff4e15dca71d@group-586430B97ADD, cid=1495, SUCCESS, logIndex=2176, commits[6c928baf-cc3b-4a10-9362-ff4e15dca71d:c2177]
2019-08-10 04:38:10,153 INFO  client.GrpcClientProtocolClient (GrpcClientProtocolClient.java:onNext(255)) - client-71F61C017E1E->6c928baf-cc3b-4a10-9362-ff4e15dca71d: receive RaftClientReply:client-71F61C017E1E->6c928baf-cc3b-4a10-9362-ff4e15dca71d@group-586430B97ADD, cid=1496, SUCCESS, logIndex=2177, commits[6c928baf-cc3b-4a10-9362-ff4e15dca71d:c2178]
2019-08-10 04:38:10,178 INFO  client.GrpcClientProtocolClient (GrpcClientProtocolClient.java:onNext(255)) - client-71F61C017E1E->6c928baf-cc3b-4a10-9362-ff4e15dca71d: receive RaftClientReply:client-71F61C017E1E->6c928baf-cc3b-4a10-9362-ff4e15dca71d@group-586430B97ADD, cid=1497, SUCCESS, logIndex=2180, commits[6c928baf-cc3b-4a10-9362-ff4e15dca71d:c2181]
2019-08-10 04:38:10,179 INFO  client.GrpcClientProtocolClient (GrpcClientProtocolClient.java:onNext(255)) - client-71F61C017E1E->6c928baf-cc3b-4a10-9362-ff4e15dca71d: receive RaftClientReply:client-71F61C017E1E->6c928baf-cc3b-4a10-9362-ff4e15dca71d@group-586430B97ADD, cid=1498, SUCCESS, logIndex=2181, commits[6c928baf-cc3b-4a10-9362-ff4e15dca71d:c2183]
2019-08-10 04:38:10,179 INFO  client.GrpcClientProtocolClient (GrpcClientProtocolClient.java:onNext(255)) - client-71F61C017E1E->6c928baf-cc3b-4a10-9362-ff4e15dca71d: receive RaftClientReply:client-71F61C017E1E->6c928baf-cc3b-4a10-9362-ff4e15dca71d@group-586430B97ADD, cid=1499, SUCCESS, logIndex=2182, commits[6c928baf-cc3b-4a10-9362-ff4e15dca71d:c2183]
2019-08-10 04:38:10,179 INFO  client.GrpcClientProtocolClient (GrpcClientProtocolClient.java:onNext(255)) - client-71F61C017E1E->6c928baf-cc3b-4a10-9362-ff4e15dca71d: receive RaftClientReply:client-71F61C017E1E->6c928baf-cc3b-4a10-9362-ff4e15dca71d@group-586430B97ADD, cid=1500, SUCCESS, logIndex=2183, commits[6c928baf-cc3b-4a10-9362-ff4e15dca71d:c2184]
2019-08-10 04:38:10,244 DEBUG block.SCMBlockDeletingService (SCMBlockDeletingService.java:call(138)) - Running DeletedBlockTransactionScanner
2019-08-10 04:38:10,244 DEBUG block.SCMBlockDeletingService (SCMBlockDeletingService.java:call(155)) - Scanned deleted blocks log and got 0 delTX to process.
2019-08-10 04:38:10,261 INFO  client.GrpcClientProtocolClient (GrpcClientProtocolClient.java:onNext(255)) - client-71F61C017E1E->6c928baf-cc3b-4a10-9362-ff4e15dca71d: receive RaftClientReply:client-71F61C017E1E->6c928baf-cc3b-4a10-9362-ff4e15dca71d@group-586430B97ADD, cid=1501, SUCCESS, logIndex=2186, commits[6c928baf-cc3b-4a10-9362-ff4e15dca71d:c2187]
2019-08-10 04:38:10,262 INFO  client.GrpcClientProtocolClient (GrpcClientProtocolClient.java:onNext(255)) - client-71F61C017E1E->6c928baf-cc3b-4a10-9362-ff4e15dca71d: receive RaftClientReply:client-71F61C017E1E->6c928baf-cc3b-4a10-9362-ff4e15dca71d@group-586430B97ADD, cid=1502, SUCCESS, logIndex=2187, commits[6c928baf-cc3b-4a10-9362-ff4e15dca71d:c2188]
2019-08-10 04:38:10,344 DEBUG block.SCMBlockDeletingService (SCMBlockDeletingService.java:call(138)) - Running DeletedBlockTransactionScanner
2019-08-10 04:38:10,345 DEBUG block.SCMBlockDeletingService (SCMBlockDeletingService.java:call(155)) - Scanned deleted blocks log and got 0 delTX to process.
2019-08-10 04:38:10,391 INFO  client.GrpcClientProtocolClient (GrpcClientProtocolClient.java:onNext(255)) - client-71F61C017E1E->6c928baf-cc3b-4a10-9362-ff4e15dca71d: receive RaftClientReply:client-71F61C017E1E->6c928baf-cc3b-4a10-9362-ff4e15dca71d@group-586430B97ADD, cid=1503, SUCCESS, logIndex=2189, commits[6c928baf-cc3b-4a10-9362-ff4e15dca71d:c2190]
2019-08-10 04:38:10,391 INFO  client.GrpcClientProtocolClient (GrpcClientProtocolClient.java:onNext(255)) - client-71F61C017E1E->6c928baf-cc3b-4a10-9362-ff4e15dca71d: receive RaftClientReply:client-71F61C017E1E->6c928baf-cc3b-4a10-9362-ff4e15dca71d@group-586430B97ADD, cid=1504, SUCCESS, logIndex=2190, commits[6c928baf-cc3b-4a10-9362-ff4e15dca71d:c2191]
2019-08-10 04:38:10,419 INFO  client.GrpcClientProtocolClient (GrpcClientProtocolClient.java:onNext(255)) - client-71F61C017E1E->6c928baf-cc3b-4a10-9362-ff4e15dca71d: receive RaftClientReply:client-71F61C017E1E->6c928baf-cc3b-4a10-9362-ff4e15dca71d@group-586430B97ADD, cid=1505, SUCCESS, logIndex=2192, commits[6c928baf-cc3b-4a10-9362-ff4e15dca71d:c2193]
2019-08-10 04:38:10,419 INFO  client.GrpcClientProtocolClient (GrpcClientProtocolClient.java:onNext(255)) - client-71F61C017E1E->6c928baf-cc3b-4a10-9362-ff4e15dca71d: receive RaftClientReply:client-71F61C017E1E->6c928baf-cc3b-4a10-9362-ff4e15dca71d@group-586430B97ADD, cid=1506, SUCCESS, logIndex=2193, commits[6c928baf-cc3b-4a10-9362-ff4e15dca71d:c2195]
2019-08-10 04:38:10,420 INFO  client.GrpcClientProtocolClient (GrpcClientProtocolClient.java:onNext(255)) - client-71F61C017E1E->6c928baf-cc3b-4a10-9362-ff4e15dca71d: receive RaftClientReply:client-71F61C017E1E->6c928baf-cc3b-4a10-9362-ff4e15dca71d@group-586430B97ADD, cid=1507, SUCCESS, logIndex=2194, commits[6c928baf-cc3b-4a10-9362-ff4e15dca71d:c2196]
2019-08-10 04:38:10,420 INFO  client.GrpcClientProtocolClient (GrpcClientProtocolClient.java:onNext(255)) - client-71F61C017E1E->6c928baf-cc3b-4a10-9362-ff4e15dca71d: receive RaftClientReply:client-71F61C017E1E->6c928baf-cc3b-4a10-9362-ff4e15dca71d@group-586430B97ADD, cid=1508, SUCCESS, logIndex=2195, commits[6c928baf-cc3b-4a10-9362-ff4e15dca71d:c2196]
2019-08-10 04:38:10,439 INFO  client.GrpcClientProtocolClient (GrpcClientProtocolClient.java:onNext(255)) - client-71F61C017E1E->6c928baf-cc3b-4a10-9362-ff4e15dca71d: receive RaftClientReply:client-71F61C017E1E->6c928baf-cc3b-4a10-9362-ff4e15dca71d@group-586430B97ADD, cid=1509, SUCCESS, logIndex=2198, commits[6c928baf-cc3b-4a10-9362-ff4e15dca71d:c2199]
2019-08-10 04:38:10,440 INFO  client.GrpcClientProtocolClient (GrpcClientProtocolClient.java:onNext(255)) - client-71F61C017E1E->6c928baf-cc3b-4a10-9362-ff4e15dca71d: receive RaftClientReply:client-71F61C017E1E->6c928baf-cc3b-4a10-9362-ff4e15dca71d@group-586430B97ADD, cid=1510, SUCCESS, logIndex=2199, commits[6c928baf-cc3b-4a10-9362-ff4e15dca71d:c2201]
2019-08-10 04:38:10,440 INFO  client.GrpcClientProtocolClient (GrpcClientProtocolClient.java:onNext(255)) - client-71F61C017E1E->6c928baf-cc3b-4a10-9362-ff4e15dca71d: receive RaftClientReply:client-71F61C017E1E->6c928baf-cc3b-4a10-9362-ff4e15dca71d@group-586430B97ADD, cid=1511, SUCCESS, logIndex=2200, commits[6c928baf-cc3b-4a10-9362-ff4e15dca71d:c2202]
2019-08-10 04:38:10,441 INFO  client.GrpcClientProtocolClient (GrpcClientProtocolClient.java:onNext(255)) - client-71F61C017E1E->6c928baf-cc3b-4a10-9362-ff4e15dca71d: receive RaftClientReply:client-71F61C017E1E->6c928baf-cc3b-4a10-9362-ff4e15dca71d@group-586430B97ADD, cid=1512, SUCCESS, logIndex=2201, commits[6c928baf-cc3b-4a10-9362-ff4e15dca71d:c2202]
2019-08-10 04:38:10,445 DEBUG block.SCMBlockDeletingService (SCMBlockDeletingService.java:call(138)) - Running DeletedBlockTransactionScanner
2019-08-10 04:38:10,446 DEBUG block.SCMBlockDeletingService (SCMBlockDeletingService.java:call(155)) - Scanned deleted blocks log and got 0 delTX to process.
2019-08-10 04:38:10,467 INFO  client.GrpcClientProtocolClient (GrpcClientProtocolClient.java:onNext(255)) - client-71F61C017E1E->6c928baf-cc3b-4a10-9362-ff4e15dca71d: receive RaftClientReply:client-71F61C017E1E->6c928baf-cc3b-4a10-9362-ff4e15dca71d@group-586430B97ADD, cid=1513, SUCCESS, logIndex=2204, commits[6c928baf-cc3b-4a10-9362-ff4e15dca71d:c2205]
2019-08-10 04:38:10,468 INFO  client.GrpcClientProtocolClient (GrpcClientProtocolClient.java:onNext(255)) - client-71F61C017E1E->6c928baf-cc3b-4a10-9362-ff4e15dca71d: receive RaftClientReply:client-71F61C017E1E->6c928baf-cc3b-4a10-9362-ff4e15dca71d@group-586430B97ADD, cid=1514, SUCCESS, logIndex=2205, commits[6c928baf-cc3b-4a10-9362-ff4e15dca71d:c2207]
2019-08-10 04:38:10,468 INFO  client.GrpcClientProtocolClient (GrpcClientProtocolClient.java:onNext(255)) - client-71F61C017E1E->6c928baf-cc3b-4a10-9362-ff4e15dca71d: receive RaftClientReply:client-71F61C017E1E->6c928baf-cc3b-4a10-9362-ff4e15dca71d@group-586430B97ADD, cid=1515, SUCCESS, logIndex=2206, commits[6c928baf-cc3b-4a10-9362-ff4e15dca71d:c2207]
2019-08-10 04:38:10,469 INFO  client.GrpcClientProtocolClient (GrpcClientProtocolClient.java:onNext(255)) - client-71F61C017E1E->6c928baf-cc3b-4a10-9362-ff4e15dca71d: receive RaftClientReply:client-71F61C017E1E->6c928baf-cc3b-4a10-9362-ff4e15dca71d@group-586430B97ADD, cid=1516, SUCCESS, logIndex=2207, commits[6c928baf-cc3b-4a10-9362-ff4e15dca71d:c2208]
2019-08-10 04:38:10,488 INFO  client.GrpcClientProtocolClient (GrpcClientProtocolClient.java:onNext(255)) - client-71F61C017E1E->6c928baf-cc3b-4a10-9362-ff4e15dca71d: receive RaftClientReply:client-71F61C017E1E->6c928baf-cc3b-4a10-9362-ff4e15dca71d@group-586430B97ADD, cid=1517, SUCCESS, logIndex=2210, commits[6c928baf-cc3b-4a10-9362-ff4e15dca71d:c2213]
2019-08-10 04:38:10,489 INFO  client.GrpcClientProtocolClient (GrpcClientProtocolClient.java:onNext(255)) - client-71F61C017E1E->6c928baf-cc3b-4a10-9362-ff4e15dca71d: receive RaftClientReply:client-71F61C017E1E->6c928baf-cc3b-4a10-9362-ff4e15dca71d@group-586430B97ADD, cid=1518, SUCCESS, logIndex=2211, commits[6c928baf-cc3b-4a10-9362-ff4e15dca71d:c2213]
2019-08-10 04:38:10,489 INFO  client.GrpcClientProtocolClient (GrpcClientProtocolClient.java:onNext(255)) - client-71F61C017E1E->6c928baf-cc3b-4a10-9362-ff4e15dca71d: receive RaftClientReply:client-71F61C017E1E->6c928baf-cc3b-4a10-9362-ff4e15dca71d@group-586430B97ADD, cid=1519, SUCCESS, logIndex=2212, commits[6c928baf-cc3b-4a10-9362-ff4e15dca71d:c2214]
2019-08-10 04:38:10,490 INFO  client.GrpcClientProtocolClient (GrpcClientProtocolClient.java:onNext(255)) - client-71F61C017E1E->6c928baf-cc3b-4a10-9362-ff4e15dca71d: receive RaftClientReply:client-71F61C017E1E->6c928baf-cc3b-4a10-9362-ff4e15dca71d@group-586430B97ADD, cid=1520, SUCCESS, logIndex=2213, commits[6c928baf-cc3b-4a10-9362-ff4e15dca71d:c2214]
2019-08-10 04:38:10,517 INFO  client.GrpcClientProtocolClient (GrpcClientProtocolClient.java:onNext(255)) - client-71F61C017E1E->6c928baf-cc3b-4a10-9362-ff4e15dca71d: receive RaftClientReply:client-71F61C017E1E->6c928baf-cc3b-4a10-9362-ff4e15dca71d@group-586430B97ADD, cid=1521, SUCCESS, logIndex=2216, commits[6c928baf-cc3b-4a10-9362-ff4e15dca71d:c2217]
2019-08-10 04:38:10,519 INFO  client.GrpcClientProtocolClient (GrpcClientProtocolClient.java:onNext(255)) - client-71F61C017E1E->6c928baf-cc3b-4a10-9362-ff4e15dca71d: receive RaftClientReply:client-71F61C017E1E->6c928baf-cc3b-4a10-9362-ff4e15dca71d@group-586430B97ADD, cid=1522, SUCCESS, logIndex=2217, commits[6c928baf-cc3b-4a10-9362-ff4e15dca71d:c2217]
2019-08-10 04:38:10,520 INFO  client.GrpcClientProtocolClient (GrpcClientProtocolClient.java:onNext(255)) - client-71F61C017E1E->6c928baf-cc3b-4a10-9362-ff4e15dca71d: receive RaftClientReply:client-71F61C017E1E->6c928baf-cc3b-4a10-9362-ff4e15dca71d@group-586430B97ADD, cid=1523, SUCCESS, logIndex=2218, commits[6c928baf-cc3b-4a10-9362-ff4e15dca71d:c2220]
2019-08-10 04:38:10,520 INFO  client.GrpcClientProtocolClient (GrpcClientProtocolClient.java:onNext(255)) - client-71F61C017E1E->6c928baf-cc3b-4a10-9362-ff4e15dca71d: receive RaftClientReply:client-71F61C017E1E->6c928baf-cc3b-4a10-9362-ff4e15dca71d@group-586430B97ADD, cid=1524, SUCCESS, logIndex=2219, commits[6c928baf-cc3b-4a10-9362-ff4e15dca71d:c2220]
2019-08-10 04:38:10,540 INFO  client.GrpcClientProtocolClient (GrpcClientProtocolClient.java:onNext(255)) - client-71F61C017E1E->6c928baf-cc3b-4a10-9362-ff4e15dca71d: receive RaftClientReply:client-71F61C017E1E->6c928baf-cc3b-4a10-9362-ff4e15dca71d@group-586430B97ADD, cid=1525, SUCCESS, logIndex=2221, commits[6c928baf-cc3b-4a10-9362-ff4e15dca71d:c2222]
2019-08-10 04:38:10,541 INFO  client.GrpcClientProtocolClient (GrpcClientProtocolClient.java:onNext(255)) - client-71F61C017E1E->6c928baf-cc3b-4a10-9362-ff4e15dca71d: receive RaftClientReply:client-71F61C017E1E->6c928baf-cc3b-4a10-9362-ff4e15dca71d@group-586430B97ADD, cid=1526, SUCCESS, logIndex=2222, commits[6c928baf-cc3b-4a10-9362-ff4e15dca71d:c2224]
2019-08-10 04:38:10,541 INFO  client.GrpcClientProtocolClient (GrpcClientProtocolClient.java:onNext(255)) - client-71F61C017E1E->6c928baf-cc3b-4a10-9362-ff4e15dca71d: receive RaftClientReply:client-71F61C017E1E->6c928baf-cc3b-4a10-9362-ff4e15dca71d@group-586430B97ADD, cid=1527, SUCCESS, logIndex=2223, commits[6c928baf-cc3b-4a10-9362-ff4e15dca71d:c2225]
2019-08-10 04:38:10,542 INFO  client.GrpcClientProtocolClient (GrpcClientProtocolClient.java:onNext(255)) - client-71F61C017E1E->6c928baf-cc3b-4a10-9362-ff4e15dca71d: receive RaftClientReply:client-71F61C017E1E->6c928baf-cc3b-4a10-9362-ff4e15dca71d@group-586430B97ADD, cid=1528, SUCCESS, logIndex=2224, commits[6c928baf-cc3b-4a10-9362-ff4e15dca71d:c2225]
2019-08-10 04:38:10,546 DEBUG block.SCMBlockDeletingService (SCMBlockDeletingService.java:call(138)) - Running DeletedBlockTransactionScanner
2019-08-10 04:38:10,546 DEBUG block.SCMBlockDeletingService (SCMBlockDeletingService.java:call(155)) - Scanned deleted blocks log and got 0 delTX to process.
2019-08-10 04:38:10,570 INFO  client.GrpcClientProtocolClient (GrpcClientProtocolClient.java:onNext(255)) - client-71F61C017E1E->6c928baf-cc3b-4a10-9362-ff4e15dca71d: receive RaftClientReply:client-71F61C017E1E->6c928baf-cc3b-4a10-9362-ff4e15dca71d@group-586430B97ADD, cid=1529, SUCCESS, logIndex=2227, commits[6c928baf-cc3b-4a10-9362-ff4e15dca71d:c2230]
2019-08-10 04:38:10,571 INFO  client.GrpcClientProtocolClient (GrpcClientProtocolClient.java:onNext(255)) - client-71F61C017E1E->6c928baf-cc3b-4a10-9362-ff4e15dca71d: receive RaftClientReply:client-71F61C017E1E->6c928baf-cc3b-4a10-9362-ff4e15dca71d@group-586430B97ADD, cid=1530, SUCCESS, logIndex=2228, commits[6c928baf-cc3b-4a10-9362-ff4e15dca71d:c2231]
2019-08-10 04:38:10,572 INFO  client.GrpcClientProtocolClient (GrpcClientProtocolClient.java:onNext(255)) - client-71F61C017E1E->6c928baf-cc3b-4a10-9362-ff4e15dca71d: receive RaftClientReply:client-71F61C017E1E->6c928baf-cc3b-4a10-9362-ff4e15dca71d@group-586430B97ADD, cid=1531, SUCCESS, logIndex=2229, commits[6c928baf-cc3b-4a10-9362-ff4e15dca71d:c2231]
2019-08-10 04:38:10,572 INFO  client.GrpcClientProtocolClient (GrpcClientProtocolClient.java:onNext(255)) - client-71F61C017E1E->6c928baf-cc3b-4a10-9362-ff4e15dca71d: receive RaftClientReply:client-71F61C017E1E->6c928baf-cc3b-4a10-9362-ff4e15dca71d@group-586430B97ADD, cid=1532, SUCCESS, logIndex=2230, commits[6c928baf-cc3b-4a10-9362-ff4e15dca71d:c2232]
2019-08-10 04:38:10,593 INFO  client.GrpcClientProtocolClient (GrpcClientProtocolClient.java:onNext(255)) - client-71F61C017E1E->6c928baf-cc3b-4a10-9362-ff4e15dca71d: receive RaftClientReply:client-71F61C017E1E->6c928baf-cc3b-4a10-9362-ff4e15dca71d@group-586430B97ADD, cid=1533, SUCCESS, logIndex=2233, commits[6c928baf-cc3b-4a10-9362-ff4e15dca71d:c2236]
2019-08-10 04:38:10,594 INFO  client.GrpcClientProtocolClient (GrpcClientProtocolClient.java:onNext(255)) - client-71F61C017E1E->6c928baf-cc3b-4a10-9362-ff4e15dca71d: receive RaftClientReply:client-71F61C017E1E->6c928baf-cc3b-4a10-9362-ff4e15dca71d@group-586430B97ADD, cid=1534, SUCCESS, logIndex=2234, commits[6c928baf-cc3b-4a10-9362-ff4e15dca71d:c2236]
2019-08-10 04:38:10,594 INFO  client.GrpcClientProtocolClient (GrpcClientProtocolClient.java:onNext(255)) - client-71F61C017E1E->6c928baf-cc3b-4a10-9362-ff4e15dca71d: receive RaftClientReply:client-71F61C017E1E->6c928baf-cc3b-4a10-9362-ff4e15dca71d@group-586430B97ADD, cid=1535, SUCCESS, logIndex=2235, commits[6c928baf-cc3b-4a10-9362-ff4e15dca71d:c2237]
2019-08-10 04:38:10,595 INFO  client.GrpcClientProtocolClient (GrpcClientProtocolClient.java:onNext(255)) - client-71F61C017E1E->6c928baf-cc3b-4a10-9362-ff4e15dca71d: receive RaftClientReply:client-71F61C017E1E->6c928baf-cc3b-4a10-9362-ff4e15dca71d@group-586430B97ADD, cid=1536, SUCCESS, logIndex=2236, commits[6c928baf-cc3b-4a10-9362-ff4e15dca71d:c2238]
2019-08-10 04:38:10,624 INFO  client.GrpcClientProtocolClient (GrpcClientProtocolClient.java:onNext(255)) - client-71F61C017E1E->6c928baf-cc3b-4a10-9362-ff4e15dca71d: receive RaftClientReply:client-71F61C017E1E->6c928baf-cc3b-4a10-9362-ff4e15dca71d@group-586430B97ADD, cid=1537, SUCCESS, logIndex=2239, commits[6c928baf-cc3b-4a10-9362-ff4e15dca71d:c2240]
2019-08-10 04:38:10,625 INFO  client.GrpcClientProtocolClient (GrpcClientProtocolClient.java:onNext(255)) - client-71F61C017E1E->6c928baf-cc3b-4a10-9362-ff4e15dca71d: receive RaftClientReply:client-71F61C017E1E->6c928baf-cc3b-4a10-9362-ff4e15dca71d@group-586430B97ADD, cid=1538, SUCCESS, logIndex=2240, commits[6c928baf-cc3b-4a10-9362-ff4e15dca71d:c2242]
2019-08-10 04:38:10,625 INFO  client.GrpcClientProtocolClient (GrpcClientProtocolClient.java:onNext(255)) - client-71F61C017E1E->6c928baf-cc3b-4a10-9362-ff4e15dca71d: receive RaftClientReply:client-71F61C017E1E->6c928baf-cc3b-4a10-9362-ff4e15dca71d@group-586430B97ADD, cid=1539, SUCCESS, logIndex=2241, commits[6c928baf-cc3b-4a10-9362-ff4e15dca71d:c2243]
2019-08-10 04:38:10,625 INFO  client.GrpcClientProtocolClient (GrpcClientProtocolClient.java:onNext(255)) - client-71F61C017E1E->6c928baf-cc3b-4a10-9362-ff4e15dca71d: receive RaftClientReply:client-71F61C017E1E->6c928baf-cc3b-4a10-9362-ff4e15dca71d@group-586430B97ADD, cid=1540, SUCCESS, logIndex=2242, commits[6c928baf-cc3b-4a10-9362-ff4e15dca71d:c2243]
2019-08-10 04:38:10,643 INFO  client.GrpcClientProtocolClient (GrpcClientProtocolClient.java:onNext(255)) - client-71F61C017E1E->6c928baf-cc3b-4a10-9362-ff4e15dca71d: receive RaftClientReply:client-71F61C017E1E->6c928baf-cc3b-4a10-9362-ff4e15dca71d@group-586430B97ADD, cid=1541, SUCCESS, logIndex=2245, commits[6c928baf-cc3b-4a10-9362-ff4e15dca71d:c2246]
2019-08-10 04:38:10,644 INFO  client.GrpcClientProtocolClient (GrpcClientProtocolClient.java:onNext(255)) - client-71F61C017E1E->6c928baf-cc3b-4a10-9362-ff4e15dca71d: receive RaftClientReply:client-71F61C017E1E->6c928baf-cc3b-4a10-9362-ff4e15dca71d@group-586430B97ADD, cid=1542, SUCCESS, logIndex=2246, commits[6c928baf-cc3b-4a10-9362-ff4e15dca71d:c2248]
2019-08-10 04:38:10,644 INFO  client.GrpcClientProtocolClient (GrpcClientProtocolClient.java:onNext(255)) - client-71F61C017E1E->6c928baf-cc3b-4a10-9362-ff4e15dca71d: receive RaftClientReply:client-71F61C017E1E->6c928baf-cc3b-4a10-9362-ff4e15dca71d@group-586430B97ADD, cid=1543, SUCCESS, logIndex=2247, commits[6c928baf-cc3b-4a10-9362-ff4e15dca71d:c2249]
2019-08-10 04:38:10,644 INFO  client.GrpcClientProtocolClient (GrpcClientProtocolClient.java:onNext(255)) - client-71F61C017E1E->6c928baf-cc3b-4a10-9362-ff4e15dca71d: receive RaftClientReply:client-71F61C017E1E->6c928baf-cc3b-4a10-9362-ff4e15dca71d@group-586430B97ADD, cid=1544, SUCCESS, logIndex=2248, commits[6c928baf-cc3b-4a10-9362-ff4e15dca71d:c2249]
2019-08-10 04:38:10,647 DEBUG block.SCMBlockDeletingService (SCMBlockDeletingService.java:call(138)) - Running DeletedBlockTransactionScanner
2019-08-10 04:38:10,647 DEBUG block.SCMBlockDeletingService (SCMBlockDeletingService.java:call(155)) - Scanned deleted blocks log and got 0 delTX to process.
2019-08-10 04:38:10,671 INFO  client.GrpcClientProtocolClient (GrpcClientProtocolClient.java:onNext(255)) - client-71F61C017E1E->6c928baf-cc3b-4a10-9362-ff4e15dca71d: receive RaftClientReply:client-71F61C017E1E->6c928baf-cc3b-4a10-9362-ff4e15dca71d@group-586430B97ADD, cid=1545, SUCCESS, logIndex=2251, commits[6c928baf-cc3b-4a10-9362-ff4e15dca71d:c2252]
2019-08-10 04:38:10,671 INFO  client.GrpcClientProtocolClient (GrpcClientProtocolClient.java:onNext(255)) - client-71F61C017E1E->6c928baf-cc3b-4a10-9362-ff4e15dca71d: receive RaftClientReply:client-71F61C017E1E->6c928baf-cc3b-4a10-9362-ff4e15dca71d@group-586430B97ADD, cid=1546, SUCCESS, logIndex=2252, commits[6c928baf-cc3b-4a10-9362-ff4e15dca71d:c2252]
2019-08-10 04:38:10,747 DEBUG block.SCMBlockDeletingService (SCMBlockDeletingService.java:call(138)) - Running DeletedBlockTransactionScanner
2019-08-10 04:38:10,748 DEBUG block.SCMBlockDeletingService (SCMBlockDeletingService.java:call(155)) - Scanned deleted blocks log and got 0 delTX to process.
2019-08-10 04:38:10,765 INFO  client.GrpcClientProtocolClient (GrpcClientProtocolClient.java:onNext(255)) - client-71F61C017E1E->6c928baf-cc3b-4a10-9362-ff4e15dca71d: receive RaftClientReply:client-71F61C017E1E->6c928baf-cc3b-4a10-9362-ff4e15dca71d@group-586430B97ADD, cid=1547, SUCCESS, logIndex=2254, commits[6c928baf-cc3b-4a10-9362-ff4e15dca71d:c2255]
2019-08-10 04:38:10,765 INFO  client.GrpcClientProtocolClient (GrpcClientProtocolClient.java:onNext(255)) - client-71F61C017E1E->6c928baf-cc3b-4a10-9362-ff4e15dca71d: receive RaftClientReply:client-71F61C017E1E->6c928baf-cc3b-4a10-9362-ff4e15dca71d@group-586430B97ADD, cid=1548, SUCCESS, logIndex=2255, commits[6c928baf-cc3b-4a10-9362-ff4e15dca71d:c2256]
2019-08-10 04:38:10,786 INFO  client.GrpcClientProtocolClient (GrpcClientProtocolClient.java:onNext(255)) - client-71F61C017E1E->6c928baf-cc3b-4a10-9362-ff4e15dca71d: receive RaftClientReply:client-71F61C017E1E->6c928baf-cc3b-4a10-9362-ff4e15dca71d@group-586430B97ADD, cid=1549, SUCCESS, logIndex=2257, commits[6c928baf-cc3b-4a10-9362-ff4e15dca71d:c2258]
2019-08-10 04:38:10,787 INFO  client.GrpcClientProtocolClient (GrpcClientProtocolClient.java:onNext(255)) - client-71F61C017E1E->6c928baf-cc3b-4a10-9362-ff4e15dca71d: receive RaftClientReply:client-71F61C017E1E->6c928baf-cc3b-4a10-9362-ff4e15dca71d@group-586430B97ADD, cid=1550, SUCCESS, logIndex=2258, commits[6c928baf-cc3b-4a10-9362-ff4e15dca71d:c2260]
2019-08-10 04:38:10,787 INFO  client.GrpcClientProtocolClient (GrpcClientProtocolClient.java:onNext(255)) - client-71F61C017E1E->6c928baf-cc3b-4a10-9362-ff4e15dca71d: receive RaftClientReply:client-71F61C017E1E->6c928baf-cc3b-4a10-9362-ff4e15dca71d@group-586430B97ADD, cid=1551, SUCCESS, logIndex=2259, commits[6c928baf-cc3b-4a10-9362-ff4e15dca71d:c2261]
2019-08-10 04:38:10,788 INFO  client.GrpcClientProtocolClient (GrpcClientProtocolClient.java:onNext(255)) - client-71F61C017E1E->6c928baf-cc3b-4a10-9362-ff4e15dca71d: receive RaftClientReply:client-71F61C017E1E->6c928baf-cc3b-4a10-9362-ff4e15dca71d@group-586430B97ADD, cid=1552, SUCCESS, logIndex=2260, commits[6c928baf-cc3b-4a10-9362-ff4e15dca71d:c2262]
2019-08-10 04:38:10,816 INFO  client.GrpcClientProtocolClient (GrpcClientProtocolClient.java:onNext(255)) - client-71F61C017E1E->6c928baf-cc3b-4a10-9362-ff4e15dca71d: receive RaftClientReply:client-71F61C017E1E->6c928baf-cc3b-4a10-9362-ff4e15dca71d@group-586430B97ADD, cid=1553, SUCCESS, logIndex=2263, commits[6c928baf-cc3b-4a10-9362-ff4e15dca71d:c2264]
2019-08-10 04:38:10,817 INFO  client.GrpcClientProtocolClient (GrpcClientProtocolClient.java:onNext(255)) - client-71F61C017E1E->6c928baf-cc3b-4a10-9362-ff4e15dca71d: receive RaftClientReply:client-71F61C017E1E->6c928baf-cc3b-4a10-9362-ff4e15dca71d@group-586430B97ADD, cid=1554, SUCCESS, logIndex=2264, commits[6c928baf-cc3b-4a10-9362-ff4e15dca71d:c2266]
2019-08-10 04:38:10,817 INFO  client.GrpcClientProtocolClient (GrpcClientProtocolClient.java:onNext(255)) - client-71F61C017E1E->6c928baf-cc3b-4a10-9362-ff4e15dca71d: receive RaftClientReply:client-71F61C017E1E->6c928baf-cc3b-4a10-9362-ff4e15dca71d@group-586430B97ADD, cid=1555, SUCCESS, logIndex=2265, commits[6c928baf-cc3b-4a10-9362-ff4e15dca71d:c2267]
2019-08-10 04:38:10,817 INFO  client.GrpcClientProtocolClient (GrpcClientProtocolClient.java:onNext(255)) - client-71F61C017E1E->6c928baf-cc3b-4a10-9362-ff4e15dca71d: receive RaftClientReply:client-71F61C017E1E->6c928baf-cc3b-4a10-9362-ff4e15dca71d@group-586430B97ADD, cid=1556, SUCCESS, logIndex=2266, commits[6c928baf-cc3b-4a10-9362-ff4e15dca71d:c2267]
2019-08-10 04:38:10,837 INFO  client.GrpcClientProtocolClient (GrpcClientProtocolClient.java:onNext(255)) - client-71F61C017E1E->6c928baf-cc3b-4a10-9362-ff4e15dca71d: receive RaftClientReply:client-71F61C017E1E->6c928baf-cc3b-4a10-9362-ff4e15dca71d@group-586430B97ADD, cid=1557, SUCCESS, logIndex=2269, commits[6c928baf-cc3b-4a10-9362-ff4e15dca71d:c2270]
2019-08-10 04:38:10,838 INFO  client.GrpcClientProtocolClient (GrpcClientProtocolClient.java:onNext(255)) - client-71F61C017E1E->6c928baf-cc3b-4a10-9362-ff4e15dca71d: receive RaftClientReply:client-71F61C017E1E->6c928baf-cc3b-4a10-9362-ff4e15dca71d@group-586430B97ADD, cid=1558, SUCCESS, logIndex=2270, commits[6c928baf-cc3b-4a10-9362-ff4e15dca71d:c2272]
2019-08-10 04:38:10,838 INFO  client.GrpcClientProtocolClient (GrpcClientProtocolClient.java:onNext(255)) - client-71F61C017E1E->6c928baf-cc3b-4a10-9362-ff4e15dca71d: receive RaftClientReply:client-71F61C017E1E->6c928baf-cc3b-4a10-9362-ff4e15dca71d@group-586430B97ADD, cid=1559, SUCCESS, logIndex=2271, commits[6c928baf-cc3b-4a10-9362-ff4e15dca71d:c2273]
2019-08-10 04:38:10,838 INFO  client.GrpcClientProtocolClient (GrpcClientProtocolClient.java:onNext(255)) - client-71F61C017E1E->6c928baf-cc3b-4a10-9362-ff4e15dca71d: receive RaftClientReply:client-71F61C017E1E->6c928baf-cc3b-4a10-9362-ff4e15dca71d@group-586430B97ADD, cid=1560, SUCCESS, logIndex=2272, commits[6c928baf-cc3b-4a10-9362-ff4e15dca71d:c2273]
2019-08-10 04:38:10,848 DEBUG block.SCMBlockDeletingService (SCMBlockDeletingService.java:call(138)) - Running DeletedBlockTransactionScanner
2019-08-10 04:38:10,848 DEBUG block.SCMBlockDeletingService (SCMBlockDeletingService.java:call(155)) - Scanned deleted blocks log and got 0 delTX to process.
2019-08-10 04:38:10,867 INFO  client.GrpcClientProtocolClient (GrpcClientProtocolClient.java:onNext(255)) - client-71F61C017E1E->6c928baf-cc3b-4a10-9362-ff4e15dca71d: receive RaftClientReply:client-71F61C017E1E->6c928baf-cc3b-4a10-9362-ff4e15dca71d@group-586430B97ADD, cid=1561, SUCCESS, logIndex=2275, commits[6c928baf-cc3b-4a10-9362-ff4e15dca71d:c2278]
2019-08-10 04:38:10,868 INFO  client.GrpcClientProtocolClient (GrpcClientProtocolClient.java:onNext(255)) - client-71F61C017E1E->6c928baf-cc3b-4a10-9362-ff4e15dca71d: receive RaftClientReply:client-71F61C017E1E->6c928baf-cc3b-4a10-9362-ff4e15dca71d@group-586430B97ADD, cid=1562, SUCCESS, logIndex=2276, commits[6c928baf-cc3b-4a10-9362-ff4e15dca71d:c2279]
2019-08-10 04:38:10,868 INFO  client.GrpcClientProtocolClient (GrpcClientProtocolClient.java:onNext(255)) - client-71F61C017E1E->6c928baf-cc3b-4a10-9362-ff4e15dca71d: receive RaftClientReply:client-71F61C017E1E->6c928baf-cc3b-4a10-9362-ff4e15dca71d@group-586430B97ADD, cid=1563, SUCCESS, logIndex=2277, commits[6c928baf-cc3b-4a10-9362-ff4e15dca71d:c2279]
2019-08-10 04:38:10,869 INFO  client.GrpcClientProtocolClient (GrpcClientProtocolClient.java:onNext(255)) - client-71F61C017E1E->6c928baf-cc3b-4a10-9362-ff4e15dca71d: receive RaftClientReply:client-71F61C017E1E->6c928baf-cc3b-4a10-9362-ff4e15dca71d@group-586430B97ADD, cid=1564, SUCCESS, logIndex=2278, commits[6c928baf-cc3b-4a10-9362-ff4e15dca71d:c2280]
2019-08-10 04:38:10,889 INFO  client.GrpcClientProtocolClient (GrpcClientProtocolClient.java:onNext(255)) - client-71F61C017E1E->6c928baf-cc3b-4a10-9362-ff4e15dca71d: receive RaftClientReply:client-71F61C017E1E->6c928baf-cc3b-4a10-9362-ff4e15dca71d@group-586430B97ADD, cid=1565, SUCCESS, logIndex=2281, commits[6c928baf-cc3b-4a10-9362-ff4e15dca71d:c2282]
2019-08-10 04:38:10,889 INFO  client.GrpcClientProtocolClient (GrpcClientProtocolClient.java:onNext(255)) - client-71F61C017E1E->6c928baf-cc3b-4a10-9362-ff4e15dca71d: receive RaftClientReply:client-71F61C017E1E->6c928baf-cc3b-4a10-9362-ff4e15dca71d@group-586430B97ADD, cid=1566, SUCCESS, logIndex=2282, commits[6c928baf-cc3b-4a10-9362-ff4e15dca71d:c2284]
2019-08-10 04:38:10,889 INFO  client.GrpcClientProtocolClient (GrpcClientProtocolClient.java:onNext(255)) - client-71F61C017E1E->6c928baf-cc3b-4a10-9362-ff4e15dca71d: receive RaftClientReply:client-71F61C017E1E->6c928baf-cc3b-4a10-9362-ff4e15dca71d@group-586430B97ADD, cid=1567, SUCCESS, logIndex=2283, commits[6c928baf-cc3b-4a10-9362-ff4e15dca71d:c2285]
2019-08-10 04:38:10,890 INFO  client.GrpcClientProtocolClient (GrpcClientProtocolClient.java:onNext(255)) - client-71F61C017E1E->6c928baf-cc3b-4a10-9362-ff4e15dca71d: receive RaftClientReply:client-71F61C017E1E->6c928baf-cc3b-4a10-9362-ff4e15dca71d@group-586430B97ADD, cid=1568, SUCCESS, logIndex=2284, commits[6c928baf-cc3b-4a10-9362-ff4e15dca71d:c2285]
2019-08-10 04:38:11,277 DEBUG block.SCMBlockDeletingService (SCMBlockDeletingService.java:call(138)) - Running DeletedBlockTransactionScanner
2019-08-10 04:38:11,278 DEBUG block.SCMBlockDeletingService (SCMBlockDeletingService.java:call(155)) - Scanned deleted blocks log and got 0 delTX to process.
2019-08-10 04:38:11,292 INFO  client.GrpcClientProtocolClient (GrpcClientProtocolClient.java:onNext(255)) - client-71F61C017E1E->6c928baf-cc3b-4a10-9362-ff4e15dca71d: receive RaftClientReply:client-71F61C017E1E->6c928baf-cc3b-4a10-9362-ff4e15dca71d@group-586430B97ADD, cid=1569, SUCCESS, logIndex=2287, commits[6c928baf-cc3b-4a10-9362-ff4e15dca71d:c2288]
2019-08-10 04:38:11,293 INFO  client.GrpcClientProtocolClient (GrpcClientProtocolClient.java:onNext(255)) - client-71F61C017E1E->6c928baf-cc3b-4a10-9362-ff4e15dca71d: receive RaftClientReply:client-71F61C017E1E->6c928baf-cc3b-4a10-9362-ff4e15dca71d@group-586430B97ADD, cid=1570, SUCCESS, logIndex=2288, commits[6c928baf-cc3b-4a10-9362-ff4e15dca71d:c2290]
2019-08-10 04:38:11,294 INFO  client.GrpcClientProtocolClient (GrpcClientProtocolClient.java:onNext(255)) - client-71F61C017E1E->6c928baf-cc3b-4a10-9362-ff4e15dca71d: receive RaftClientReply:client-71F61C017E1E->6c928baf-cc3b-4a10-9362-ff4e15dca71d@group-586430B97ADD, cid=1571, SUCCESS, logIndex=2289, commits[6c928baf-cc3b-4a10-9362-ff4e15dca71d:c2291]
2019-08-10 04:38:11,294 INFO  client.GrpcClientProtocolClient (GrpcClientProtocolClient.java:onNext(255)) - client-71F61C017E1E->6c928baf-cc3b-4a10-9362-ff4e15dca71d: receive RaftClientReply:client-71F61C017E1E->6c928baf-cc3b-4a10-9362-ff4e15dca71d@group-586430B97ADD, cid=1572, SUCCESS, logIndex=2290, commits[6c928baf-cc3b-4a10-9362-ff4e15dca71d:c2292]
2019-08-10 04:38:11,315 INFO  client.GrpcClientProtocolClient (GrpcClientProtocolClient.java:onNext(255)) - client-71F61C017E1E->6c928baf-cc3b-4a10-9362-ff4e15dca71d: receive RaftClientReply:client-71F61C017E1E->6c928baf-cc3b-4a10-9362-ff4e15dca71d@group-586430B97ADD, cid=1573, SUCCESS, logIndex=2293, commits[6c928baf-cc3b-4a10-9362-ff4e15dca71d:c2294]
2019-08-10 04:38:11,315 INFO  client.GrpcClientProtocolClient (GrpcClientProtocolClient.java:onNext(255)) - client-71F61C017E1E->6c928baf-cc3b-4a10-9362-ff4e15dca71d: receive RaftClientReply:client-71F61C017E1E->6c928baf-cc3b-4a10-9362-ff4e15dca71d@group-586430B97ADD, cid=1574, SUCCESS, logIndex=2294, commits[6c928baf-cc3b-4a10-9362-ff4e15dca71d:c2296]
2019-08-10 04:38:11,316 INFO  client.GrpcClientProtocolClient (GrpcClientProtocolClient.java:onNext(255)) - client-71F61C017E1E->6c928baf-cc3b-4a10-9362-ff4e15dca71d: receive RaftClientReply:client-71F61C017E1E->6c928baf-cc3b-4a10-9362-ff4e15dca71d@group-586430B97ADD, cid=1575, SUCCESS, logIndex=2295, commits[6c928baf-cc3b-4a10-9362-ff4e15dca71d:c2297]
2019-08-10 04:38:11,316 INFO  client.GrpcClientProtocolClient (GrpcClientProtocolClient.java:onNext(255)) - client-71F61C017E1E->6c928baf-cc3b-4a10-9362-ff4e15dca71d: receive RaftClientReply:client-71F61C017E1E->6c928baf-cc3b-4a10-9362-ff4e15dca71d@group-586430B97ADD, cid=1576, SUCCESS, logIndex=2296, commits[6c928baf-cc3b-4a10-9362-ff4e15dca71d:c2297]
2019-08-10 04:38:11,347 INFO  client.GrpcClientProtocolClient (GrpcClientProtocolClient.java:onNext(255)) - client-71F61C017E1E->6c928baf-cc3b-4a10-9362-ff4e15dca71d: receive RaftClientReply:client-71F61C017E1E->6c928baf-cc3b-4a10-9362-ff4e15dca71d@group-586430B97ADD, cid=1577, SUCCESS, logIndex=2299, commits[6c928baf-cc3b-4a10-9362-ff4e15dca71d:c2302]
2019-08-10 04:38:11,348 INFO  client.GrpcClientProtocolClient (GrpcClientProtocolClient.java:onNext(255)) - client-71F61C017E1E->6c928baf-cc3b-4a10-9362-ff4e15dca71d: receive RaftClientReply:client-71F61C017E1E->6c928baf-cc3b-4a10-9362-ff4e15dca71d@group-586430B97ADD, cid=1578, SUCCESS, logIndex=2300, commits[6c928baf-cc3b-4a10-9362-ff4e15dca71d:c2303]
2019-08-10 04:38:11,348 INFO  client.GrpcClientProtocolClient (GrpcClientProtocolClient.java:onNext(255)) - client-71F61C017E1E->6c928baf-cc3b-4a10-9362-ff4e15dca71d: receive RaftClientReply:client-71F61C017E1E->6c928baf-cc3b-4a10-9362-ff4e15dca71d@group-586430B97ADD, cid=1579, SUCCESS, logIndex=2301, commits[6c928baf-cc3b-4a10-9362-ff4e15dca71d:c2303]
2019-08-10 04:38:11,349 INFO  client.GrpcClientProtocolClient (GrpcClientProtocolClient.java:onNext(255)) - client-71F61C017E1E->6c928baf-cc3b-4a10-9362-ff4e15dca71d: receive RaftClientReply:client-71F61C017E1E->6c928baf-cc3b-4a10-9362-ff4e15dca71d@group-586430B97ADD, cid=1580, SUCCESS, logIndex=2302, commits[6c928baf-cc3b-4a10-9362-ff4e15dca71d:c2304]
2019-08-10 04:38:11,378 DEBUG block.SCMBlockDeletingService (SCMBlockDeletingService.java:call(138)) - Running DeletedBlockTransactionScanner
2019-08-10 04:38:11,379 DEBUG block.SCMBlockDeletingService (SCMBlockDeletingService.java:call(155)) - Scanned deleted blocks log and got 0 delTX to process.
2019-08-10 04:38:11,380 INFO  client.GrpcClientProtocolClient (GrpcClientProtocolClient.java:onNext(255)) - client-71F61C017E1E->6c928baf-cc3b-4a10-9362-ff4e15dca71d: receive RaftClientReply:client-71F61C017E1E->6c928baf-cc3b-4a10-9362-ff4e15dca71d@group-586430B97ADD, cid=1581, SUCCESS, logIndex=2305, commits[6c928baf-cc3b-4a10-9362-ff4e15dca71d:c2306]
2019-08-10 04:38:11,380 INFO  client.GrpcClientProtocolClient (GrpcClientProtocolClient.java:onNext(255)) - client-71F61C017E1E->6c928baf-cc3b-4a10-9362-ff4e15dca71d: receive RaftClientReply:client-71F61C017E1E->6c928baf-cc3b-4a10-9362-ff4e15dca71d@group-586430B97ADD, cid=1582, SUCCESS, logIndex=2306, commits[6c928baf-cc3b-4a10-9362-ff4e15dca71d:c2306]
2019-08-10 04:38:11,391 INFO  client.GrpcClientProtocolClient (GrpcClientProtocolClient.java:onNext(255)) - client-71F61C017E1E->6c928baf-cc3b-4a10-9362-ff4e15dca71d: receive RaftClientReply:client-71F61C017E1E->6c928baf-cc3b-4a10-9362-ff4e15dca71d@group-586430B97ADD, cid=1583, SUCCESS, logIndex=2307, commits[6c928baf-cc3b-4a10-9362-ff4e15dca71d:c2308]
2019-08-10 04:38:11,392 INFO  client.GrpcClientProtocolClient (GrpcClientProtocolClient.java:onNext(255)) - client-71F61C017E1E->6c928baf-cc3b-4a10-9362-ff4e15dca71d: receive RaftClientReply:client-71F61C017E1E->6c928baf-cc3b-4a10-9362-ff4e15dca71d@group-586430B97ADD, cid=1584, SUCCESS, logIndex=2308, commits[6c928baf-cc3b-4a10-9362-ff4e15dca71d:c2309]
2019-08-10 04:38:11,421 INFO  client.GrpcClientProtocolClient (GrpcClientProtocolClient.java:onNext(255)) - client-71F61C017E1E->6c928baf-cc3b-4a10-9362-ff4e15dca71d: receive RaftClientReply:client-71F61C017E1E->6c928baf-cc3b-4a10-9362-ff4e15dca71d@group-586430B97ADD, cid=1585, SUCCESS, logIndex=2311, commits[6c928baf-cc3b-4a10-9362-ff4e15dca71d:c2312]
2019-08-10 04:38:11,422 INFO  client.GrpcClientProtocolClient (GrpcClientProtocolClient.java:onNext(255)) - client-71F61C017E1E->6c928baf-cc3b-4a10-9362-ff4e15dca71d: receive RaftClientReply:client-71F61C017E1E->6c928baf-cc3b-4a10-9362-ff4e15dca71d@group-586430B97ADD, cid=1586, SUCCESS, logIndex=2312, commits[6c928baf-cc3b-4a10-9362-ff4e15dca71d:c2314]
2019-08-10 04:38:11,422 INFO  client.GrpcClientProtocolClient (GrpcClientProtocolClient.java:onNext(255)) - client-71F61C017E1E->6c928baf-cc3b-4a10-9362-ff4e15dca71d: receive RaftClientReply:client-71F61C017E1E->6c928baf-cc3b-4a10-9362-ff4e15dca71d@group-586430B97ADD, cid=1587, SUCCESS, logIndex=2313, commits[6c928baf-cc3b-4a10-9362-ff4e15dca71d:c2315]
2019-08-10 04:38:11,422 INFO  client.GrpcClientProtocolClient (GrpcClientProtocolClient.java:onNext(255)) - client-71F61C017E1E->6c928baf-cc3b-4a10-9362-ff4e15dca71d: receive RaftClientReply:client-71F61C017E1E->6c928baf-cc3b-4a10-9362-ff4e15dca71d@group-586430B97ADD, cid=1588, SUCCESS, logIndex=2314, commits[6c928baf-cc3b-4a10-9362-ff4e15dca71d:c2315]
2019-08-10 04:38:11,443 INFO  client.GrpcClientProtocolClient (GrpcClientProtocolClient.java:onNext(255)) - client-71F61C017E1E->6c928baf-cc3b-4a10-9362-ff4e15dca71d: receive RaftClientReply:client-71F61C017E1E->6c928baf-cc3b-4a10-9362-ff4e15dca71d@group-586430B97ADD, cid=1589, SUCCESS, logIndex=2317, commits[6c928baf-cc3b-4a10-9362-ff4e15dca71d:c2318]
2019-08-10 04:38:11,444 INFO  client.GrpcClientProtocolClient (GrpcClientProtocolClient.java:onNext(255)) - client-71F61C017E1E->6c928baf-cc3b-4a10-9362-ff4e15dca71d: receive RaftClientReply:client-71F61C017E1E->6c928baf-cc3b-4a10-9362-ff4e15dca71d@group-586430B97ADD, cid=1590, SUCCESS, logIndex=2318, commits[6c928baf-cc3b-4a10-9362-ff4e15dca71d:c2319]
2019-08-10 04:38:11,479 DEBUG block.SCMBlockDeletingService (SCMBlockDeletingService.java:call(138)) - Running DeletedBlockTransactionScanner
2019-08-10 04:38:11,479 DEBUG block.SCMBlockDeletingService (SCMBlockDeletingService.java:call(155)) - Scanned deleted blocks log and got 0 delTX to process.
2019-08-10 04:38:11,557 INFO  client.GrpcClientProtocolClient (GrpcClientProtocolClient.java:onNext(255)) - client-71F61C017E1E->6c928baf-cc3b-4a10-9362-ff4e15dca71d: receive RaftClientReply:client-71F61C017E1E->6c928baf-cc3b-4a10-9362-ff4e15dca71d@group-586430B97ADD, cid=1591, SUCCESS, logIndex=2320, commits[6c928baf-cc3b-4a10-9362-ff4e15dca71d:c2321]
2019-08-10 04:38:11,558 INFO  client.GrpcClientProtocolClient (GrpcClientProtocolClient.java:onNext(255)) - client-71F61C017E1E->6c928baf-cc3b-4a10-9362-ff4e15dca71d: receive RaftClientReply:client-71F61C017E1E->6c928baf-cc3b-4a10-9362-ff4e15dca71d@group-586430B97ADD, cid=1592, SUCCESS, logIndex=2321, commits[6c928baf-cc3b-4a10-9362-ff4e15dca71d:c2322]
2019-08-10 04:38:11,580 DEBUG block.SCMBlockDeletingService (SCMBlockDeletingService.java:call(138)) - Running DeletedBlockTransactionScanner
2019-08-10 04:38:11,580 DEBUG block.SCMBlockDeletingService (SCMBlockDeletingService.java:call(155)) - Scanned deleted blocks log and got 0 delTX to process.
2019-08-10 04:38:11,581 INFO  client.GrpcClientProtocolClient (GrpcClientProtocolClient.java:onNext(255)) - client-71F61C017E1E->6c928baf-cc3b-4a10-9362-ff4e15dca71d: receive RaftClientReply:client-71F61C017E1E->6c928baf-cc3b-4a10-9362-ff4e15dca71d@group-586430B97ADD, cid=1593, SUCCESS, logIndex=2323, commits[6c928baf-cc3b-4a10-9362-ff4e15dca71d:c2324]
2019-08-10 04:38:11,582 INFO  client.GrpcClientProtocolClient (GrpcClientProtocolClient.java:onNext(255)) - client-71F61C017E1E->6c928baf-cc3b-4a10-9362-ff4e15dca71d: receive RaftClientReply:client-71F61C017E1E->6c928baf-cc3b-4a10-9362-ff4e15dca71d@group-586430B97ADD, cid=1594, SUCCESS, logIndex=2324, commits[6c928baf-cc3b-4a10-9362-ff4e15dca71d:c2326]
2019-08-10 04:38:11,582 INFO  client.GrpcClientProtocolClient (GrpcClientProtocolClient.java:onNext(255)) - client-71F61C017E1E->6c928baf-cc3b-4a10-9362-ff4e15dca71d: receive RaftClientReply:client-71F61C017E1E->6c928baf-cc3b-4a10-9362-ff4e15dca71d@group-586430B97ADD, cid=1595, SUCCESS, logIndex=2325, commits[6c928baf-cc3b-4a10-9362-ff4e15dca71d:c2327]
2019-08-10 04:38:11,582 INFO  client.GrpcClientProtocolClient (GrpcClientProtocolClient.java:onNext(255)) - client-71F61C017E1E->6c928baf-cc3b-4a10-9362-ff4e15dca71d: receive RaftClientReply:client-71F61C017E1E->6c928baf-cc3b-4a10-9362-ff4e15dca71d@group-586430B97ADD, cid=1596, SUCCESS, logIndex=2326, commits[6c928baf-cc3b-4a10-9362-ff4e15dca71d:c2327]
2019-08-10 04:38:11,602 INFO  client.GrpcClientProtocolClient (GrpcClientProtocolClient.java:onNext(255)) - client-71F61C017E1E->6c928baf-cc3b-4a10-9362-ff4e15dca71d: receive RaftClientReply:client-71F61C017E1E->6c928baf-cc3b-4a10-9362-ff4e15dca71d@group-586430B97ADD, cid=1597, SUCCESS, logIndex=2329, commits[6c928baf-cc3b-4a10-9362-ff4e15dca71d:c2330]
2019-08-10 04:38:11,603 INFO  client.GrpcClientProtocolClient (GrpcClientProtocolClient.java:onNext(255)) - client-71F61C017E1E->6c928baf-cc3b-4a10-9362-ff4e15dca71d: receive RaftClientReply:client-71F61C017E1E->6c928baf-cc3b-4a10-9362-ff4e15dca71d@group-586430B97ADD, cid=1598, SUCCESS, logIndex=2330, commits[6c928baf-cc3b-4a10-9362-ff4e15dca71d:c2332]
2019-08-10 04:38:11,603 INFO  client.GrpcClientProtocolClient (GrpcClientProtocolClient.java:onNext(255)) - client-71F61C017E1E->6c928baf-cc3b-4a10-9362-ff4e15dca71d: receive RaftClientReply:client-71F61C017E1E->6c928baf-cc3b-4a10-9362-ff4e15dca71d@group-586430B97ADD, cid=1599, SUCCESS, logIndex=2331, commits[6c928baf-cc3b-4a10-9362-ff4e15dca71d:c2333]
2019-08-10 04:38:11,604 INFO  client.GrpcClientProtocolClient (GrpcClientProtocolClient.java:onNext(255)) - client-71F61C017E1E->6c928baf-cc3b-4a10-9362-ff4e15dca71d: receive RaftClientReply:client-71F61C017E1E->6c928baf-cc3b-4a10-9362-ff4e15dca71d@group-586430B97ADD, cid=1600, SUCCESS, logIndex=2332, commits[6c928baf-cc3b-4a10-9362-ff4e15dca71d:c2333]
2019-08-10 04:38:11,632 INFO  client.GrpcClientProtocolClient (GrpcClientProtocolClient.java:onNext(255)) - client-71F61C017E1E->6c928baf-cc3b-4a10-9362-ff4e15dca71d: receive RaftClientReply:client-71F61C017E1E->6c928baf-cc3b-4a10-9362-ff4e15dca71d@group-586430B97ADD, cid=1601, SUCCESS, logIndex=2335, commits[6c928baf-cc3b-4a10-9362-ff4e15dca71d:c2336]
2019-08-10 04:38:11,632 INFO  client.GrpcClientProtocolClient (GrpcClientProtocolClient.java:onNext(255)) - client-71F61C017E1E->6c928baf-cc3b-4a10-9362-ff4e15dca71d: receive RaftClientReply:client-71F61C017E1E->6c928baf-cc3b-4a10-9362-ff4e15dca71d@group-586430B97ADD, cid=1602, SUCCESS, logIndex=2336, commits[6c928baf-cc3b-4a10-9362-ff4e15dca71d:c2338]
2019-08-10 04:38:11,633 INFO  client.GrpcClientProtocolClient (GrpcClientProtocolClient.java:onNext(255)) - client-71F61C017E1E->6c928baf-cc3b-4a10-9362-ff4e15dca71d: receive RaftClientReply:client-71F61C017E1E->6c928baf-cc3b-4a10-9362-ff4e15dca71d@group-586430B97ADD, cid=1603, SUCCESS, logIndex=2337, commits[6c928baf-cc3b-4a10-9362-ff4e15dca71d:c2339]
2019-08-10 04:38:11,633 INFO  client.GrpcClientProtocolClient (GrpcClientProtocolClient.java:onNext(255)) - client-71F61C017E1E->6c928baf-cc3b-4a10-9362-ff4e15dca71d: receive RaftClientReply:client-71F61C017E1E->6c928baf-cc3b-4a10-9362-ff4e15dca71d@group-586430B97ADD, cid=1604, SUCCESS, logIndex=2338, commits[6c928baf-cc3b-4a10-9362-ff4e15dca71d:c2340]
2019-08-10 04:38:11,654 INFO  client.GrpcClientProtocolClient (GrpcClientProtocolClient.java:onNext(255)) - client-71F61C017E1E->6c928baf-cc3b-4a10-9362-ff4e15dca71d: receive RaftClientReply:client-71F61C017E1E->6c928baf-cc3b-4a10-9362-ff4e15dca71d@group-586430B97ADD, cid=1605, SUCCESS, logIndex=2341, commits[6c928baf-cc3b-4a10-9362-ff4e15dca71d:c2342]
2019-08-10 04:38:11,654 INFO  client.GrpcClientProtocolClient (GrpcClientProtocolClient.java:onNext(255)) - client-71F61C017E1E->6c928baf-cc3b-4a10-9362-ff4e15dca71d: receive RaftClientReply:client-71F61C017E1E->6c928baf-cc3b-4a10-9362-ff4e15dca71d@group-586430B97ADD, cid=1606, SUCCESS, logIndex=2342, commits[6c928baf-cc3b-4a10-9362-ff4e15dca71d:c2344]
2019-08-10 04:38:11,654 INFO  client.GrpcClientProtocolClient (GrpcClientProtocolClient.java:onNext(255)) - client-71F61C017E1E->6c928baf-cc3b-4a10-9362-ff4e15dca71d: receive RaftClientReply:client-71F61C017E1E->6c928baf-cc3b-4a10-9362-ff4e15dca71d@group-586430B97ADD, cid=1607, SUCCESS, logIndex=2343, commits[6c928baf-cc3b-4a10-9362-ff4e15dca71d:c2345]
2019-08-10 04:38:11,655 INFO  client.GrpcClientProtocolClient (GrpcClientProtocolClient.java:onNext(255)) - client-71F61C017E1E->6c928baf-cc3b-4a10-9362-ff4e15dca71d: receive RaftClientReply:client-71F61C017E1E->6c928baf-cc3b-4a10-9362-ff4e15dca71d@group-586430B97ADD, cid=1608, SUCCESS, logIndex=2344, commits[6c928baf-cc3b-4a10-9362-ff4e15dca71d:c2346]
2019-08-10 04:38:11,681 DEBUG block.SCMBlockDeletingService (SCMBlockDeletingService.java:call(138)) - Running DeletedBlockTransactionScanner
2019-08-10 04:38:11,681 DEBUG block.SCMBlockDeletingService (SCMBlockDeletingService.java:call(155)) - Scanned deleted blocks log and got 0 delTX to process.
2019-08-10 04:38:11,683 INFO  client.GrpcClientProtocolClient (GrpcClientProtocolClient.java:onNext(255)) - client-71F61C017E1E->6c928baf-cc3b-4a10-9362-ff4e15dca71d: receive RaftClientReply:client-71F61C017E1E->6c928baf-cc3b-4a10-9362-ff4e15dca71d@group-586430B97ADD, cid=1609, SUCCESS, logIndex=2347, commits[6c928baf-cc3b-4a10-9362-ff4e15dca71d:c2350]
2019-08-10 04:38:11,684 INFO  client.GrpcClientProtocolClient (GrpcClientProtocolClient.java:onNext(255)) - client-71F61C017E1E->6c928baf-cc3b-4a10-9362-ff4e15dca71d: receive RaftClientReply:client-71F61C017E1E->6c928baf-cc3b-4a10-9362-ff4e15dca71d@group-586430B97ADD, cid=1610, SUCCESS, logIndex=2348, commits[6c928baf-cc3b-4a10-9362-ff4e15dca71d:c2350]
2019-08-10 04:38:11,684 INFO  client.GrpcClientProtocolClient (GrpcClientProtocolClient.java:onNext(255)) - client-71F61C017E1E->6c928baf-cc3b-4a10-9362-ff4e15dca71d: receive RaftClientReply:client-71F61C017E1E->6c928baf-cc3b-4a10-9362-ff4e15dca71d@group-586430B97ADD, cid=1611, SUCCESS, logIndex=2349, commits[6c928baf-cc3b-4a10-9362-ff4e15dca71d:c2351]
2019-08-10 04:38:11,684 INFO  client.GrpcClientProtocolClient (GrpcClientProtocolClient.java:onNext(255)) - client-71F61C017E1E->6c928baf-cc3b-4a10-9362-ff4e15dca71d: receive RaftClientReply:client-71F61C017E1E->6c928baf-cc3b-4a10-9362-ff4e15dca71d@group-586430B97ADD, cid=1612, SUCCESS, logIndex=2350, commits[6c928baf-cc3b-4a10-9362-ff4e15dca71d:c2352]
2019-08-10 04:38:11,704 INFO  client.GrpcClientProtocolClient (GrpcClientProtocolClient.java:onNext(255)) - client-71F61C017E1E->6c928baf-cc3b-4a10-9362-ff4e15dca71d: receive RaftClientReply:client-71F61C017E1E->6c928baf-cc3b-4a10-9362-ff4e15dca71d@group-586430B97ADD, cid=1613, SUCCESS, logIndex=2353, commits[6c928baf-cc3b-4a10-9362-ff4e15dca71d:c2354]
2019-08-10 04:38:11,705 INFO  client.GrpcClientProtocolClient (GrpcClientProtocolClient.java:onNext(255)) - client-71F61C017E1E->6c928baf-cc3b-4a10-9362-ff4e15dca71d: receive RaftClientReply:client-71F61C017E1E->6c928baf-cc3b-4a10-9362-ff4e15dca71d@group-586430B97ADD, cid=1614, SUCCESS, logIndex=2354, commits[6c928baf-cc3b-4a10-9362-ff4e15dca71d:c2356]
2019-08-10 04:38:11,705 INFO  client.GrpcClientProtocolClient (GrpcClientProtocolClient.java:onNext(255)) - client-71F61C017E1E->6c928baf-cc3b-4a10-9362-ff4e15dca71d: receive RaftClientReply:client-71F61C017E1E->6c928baf-cc3b-4a10-9362-ff4e15dca71d@group-586430B97ADD, cid=1615, SUCCESS, logIndex=2355, commits[6c928baf-cc3b-4a10-9362-ff4e15dca71d:c2357]
2019-08-10 04:38:11,706 INFO  client.GrpcClientProtocolClient (GrpcClientProtocolClient.java:onNext(255)) - client-71F61C017E1E->6c928baf-cc3b-4a10-9362-ff4e15dca71d: receive RaftClientReply:client-71F61C017E1E->6c928baf-cc3b-4a10-9362-ff4e15dca71d@group-586430B97ADD, cid=1616, SUCCESS, logIndex=2356, commits[6c928baf-cc3b-4a10-9362-ff4e15dca71d:c2358]
2019-08-10 04:38:11,733 INFO  client.GrpcClientProtocolClient (GrpcClientProtocolClient.java:onNext(255)) - client-71F61C017E1E->6c928baf-cc3b-4a10-9362-ff4e15dca71d: receive RaftClientReply:client-71F61C017E1E->6c928baf-cc3b-4a10-9362-ff4e15dca71d@group-586430B97ADD, cid=1617, SUCCESS, logIndex=2359, commits[6c928baf-cc3b-4a10-9362-ff4e15dca71d:c2360]
2019-08-10 04:38:11,734 INFO  client.GrpcClientProtocolClient (GrpcClientProtocolClient.java:onNext(255)) - client-71F61C017E1E->6c928baf-cc3b-4a10-9362-ff4e15dca71d: receive RaftClientReply:client-71F61C017E1E->6c928baf-cc3b-4a10-9362-ff4e15dca71d@group-586430B97ADD, cid=1618, SUCCESS, logIndex=2360, commits[6c928baf-cc3b-4a10-9362-ff4e15dca71d:c2362]
2019-08-10 04:38:11,734 INFO  client.GrpcClientProtocolClient (GrpcClientProtocolClient.java:onNext(255)) - client-71F61C017E1E->6c928baf-cc3b-4a10-9362-ff4e15dca71d: receive RaftClientReply:client-71F61C017E1E->6c928baf-cc3b-4a10-9362-ff4e15dca71d@group-586430B97ADD, cid=1619, SUCCESS, logIndex=2361, commits[6c928baf-cc3b-4a10-9362-ff4e15dca71d:c2363]
2019-08-10 04:38:11,734 INFO  client.GrpcClientProtocolClient (GrpcClientProtocolClient.java:onNext(255)) - client-71F61C017E1E->6c928baf-cc3b-4a10-9362-ff4e15dca71d: receive RaftClientReply:client-71F61C017E1E->6c928baf-cc3b-4a10-9362-ff4e15dca71d@group-586430B97ADD, cid=1620, SUCCESS, logIndex=2362, commits[6c928baf-cc3b-4a10-9362-ff4e15dca71d:c2363]
2019-08-10 04:38:11,754 INFO  client.GrpcClientProtocolClient (GrpcClientProtocolClient.java:onNext(255)) - client-71F61C017E1E->6c928baf-cc3b-4a10-9362-ff4e15dca71d: receive RaftClientReply:client-71F61C017E1E->6c928baf-cc3b-4a10-9362-ff4e15dca71d@group-586430B97ADD, cid=1621, SUCCESS, logIndex=2365, commits[6c928baf-cc3b-4a10-9362-ff4e15dca71d:c2366]
2019-08-10 04:38:11,755 INFO  client.GrpcClientProtocolClient (GrpcClientProtocolClient.java:onNext(255)) - client-71F61C017E1E->6c928baf-cc3b-4a10-9362-ff4e15dca71d: receive RaftClientReply:client-71F61C017E1E->6c928baf-cc3b-4a10-9362-ff4e15dca71d@group-586430B97ADD, cid=1622, SUCCESS, logIndex=2366, commits[6c928baf-cc3b-4a10-9362-ff4e15dca71d:c2368]
2019-08-10 04:38:11,755 INFO  client.GrpcClientProtocolClient (GrpcClientProtocolClient.java:onNext(255)) - client-71F61C017E1E->6c928baf-cc3b-4a10-9362-ff4e15dca71d: receive RaftClientReply:client-71F61C017E1E->6c928baf-cc3b-4a10-9362-ff4e15dca71d@group-586430B97ADD, cid=1623, SUCCESS, logIndex=2367, commits[6c928baf-cc3b-4a10-9362-ff4e15dca71d:c2369]
2019-08-10 04:38:11,756 INFO  client.GrpcClientProtocolClient (GrpcClientProtocolClient.java:onNext(255)) - client-71F61C017E1E->6c928baf-cc3b-4a10-9362-ff4e15dca71d: receive RaftClientReply:client-71F61C017E1E->6c928baf-cc3b-4a10-9362-ff4e15dca71d@group-586430B97ADD, cid=1624, SUCCESS, logIndex=2368, commits[6c928baf-cc3b-4a10-9362-ff4e15dca71d:c2369]
2019-08-10 04:38:11,781 DEBUG block.SCMBlockDeletingService (SCMBlockDeletingService.java:call(138)) - Running DeletedBlockTransactionScanner
2019-08-10 04:38:11,782 DEBUG block.SCMBlockDeletingService (SCMBlockDeletingService.java:call(155)) - Scanned deleted blocks log and got 0 delTX to process.
2019-08-10 04:38:11,784 INFO  client.GrpcClientProtocolClient (GrpcClientProtocolClient.java:onNext(255)) - client-71F61C017E1E->6c928baf-cc3b-4a10-9362-ff4e15dca71d: receive RaftClientReply:client-71F61C017E1E->6c928baf-cc3b-4a10-9362-ff4e15dca71d@group-586430B97ADD, cid=1625, SUCCESS, logIndex=2371, commits[6c928baf-cc3b-4a10-9362-ff4e15dca71d:c2372]
2019-08-10 04:38:11,785 INFO  client.GrpcClientProtocolClient (GrpcClientProtocolClient.java:onNext(255)) - client-71F61C017E1E->6c928baf-cc3b-4a10-9362-ff4e15dca71d: receive RaftClientReply:client-71F61C017E1E->6c928baf-cc3b-4a10-9362-ff4e15dca71d@group-586430B97ADD, cid=1626, SUCCESS, logIndex=2372, commits[6c928baf-cc3b-4a10-9362-ff4e15dca71d:c2374]
2019-08-10 04:38:11,785 INFO  client.GrpcClientProtocolClient (GrpcClientProtocolClient.java:onNext(255)) - client-71F61C017E1E->6c928baf-cc3b-4a10-9362-ff4e15dca71d: receive RaftClientReply:client-71F61C017E1E->6c928baf-cc3b-4a10-9362-ff4e15dca71d@group-586430B97ADD, cid=1627, SUCCESS, logIndex=2373, commits[6c928baf-cc3b-4a10-9362-ff4e15dca71d:c2374]
2019-08-10 04:38:11,785 INFO  client.GrpcClientProtocolClient (GrpcClientProtocolClient.java:onNext(255)) - client-71F61C017E1E->6c928baf-cc3b-4a10-9362-ff4e15dca71d: receive RaftClientReply:client-71F61C017E1E->6c928baf-cc3b-4a10-9362-ff4e15dca71d@group-586430B97ADD, cid=1628, SUCCESS, logIndex=2374, commits[6c928baf-cc3b-4a10-9362-ff4e15dca71d:c2375]
2019-08-10 04:38:11,805 INFO  client.GrpcClientProtocolClient (GrpcClientProtocolClient.java:onNext(255)) - client-71F61C017E1E->6c928baf-cc3b-4a10-9362-ff4e15dca71d: receive RaftClientReply:client-71F61C017E1E->6c928baf-cc3b-4a10-9362-ff4e15dca71d@group-586430B97ADD, cid=1629, SUCCESS, logIndex=2377, commits[6c928baf-cc3b-4a10-9362-ff4e15dca71d:c2378]
2019-08-10 04:38:11,806 INFO  client.GrpcClientProtocolClient (GrpcClientProtocolClient.java:onNext(255)) - client-71F61C017E1E->6c928baf-cc3b-4a10-9362-ff4e15dca71d: receive RaftClientReply:client-71F61C017E1E->6c928baf-cc3b-4a10-9362-ff4e15dca71d@group-586430B97ADD, cid=1630, SUCCESS, logIndex=2378, commits[6c928baf-cc3b-4a10-9362-ff4e15dca71d:c2380]
2019-08-10 04:38:11,806 INFO  client.GrpcClientProtocolClient (GrpcClientProtocolClient.java:onNext(255)) - client-71F61C017E1E->6c928baf-cc3b-4a10-9362-ff4e15dca71d: receive RaftClientReply:client-71F61C017E1E->6c928baf-cc3b-4a10-9362-ff4e15dca71d@group-586430B97ADD, cid=1631, SUCCESS, logIndex=2379, commits[6c928baf-cc3b-4a10-9362-ff4e15dca71d:c2381]
2019-08-10 04:38:11,807 INFO  client.GrpcClientProtocolClient (GrpcClientProtocolClient.java:onNext(255)) - client-71F61C017E1E->6c928baf-cc3b-4a10-9362-ff4e15dca71d: receive RaftClientReply:client-71F61C017E1E->6c928baf-cc3b-4a10-9362-ff4e15dca71d@group-586430B97ADD, cid=1632, SUCCESS, logIndex=2380, commits[6c928baf-cc3b-4a10-9362-ff4e15dca71d:c2381]
2019-08-10 04:38:11,825 INFO  client.GrpcClientProtocolClient (GrpcClientProtocolClient.java:onNext(255)) - client-71F61C017E1E->6c928baf-cc3b-4a10-9362-ff4e15dca71d: receive RaftClientReply:client-71F61C017E1E->6c928baf-cc3b-4a10-9362-ff4e15dca71d@group-586430B97ADD, cid=1633, SUCCESS, logIndex=2383, commits[6c928baf-cc3b-4a10-9362-ff4e15dca71d:c2384]
2019-08-10 04:38:11,825 INFO  client.GrpcClientProtocolClient (GrpcClientProtocolClient.java:onNext(255)) - client-71F61C017E1E->6c928baf-cc3b-4a10-9362-ff4e15dca71d: receive RaftClientReply:client-71F61C017E1E->6c928baf-cc3b-4a10-9362-ff4e15dca71d@group-586430B97ADD, cid=1634, SUCCESS, logIndex=2384, commits[6c928baf-cc3b-4a10-9362-ff4e15dca71d:c2385]
2019-08-10 04:38:11,882 DEBUG block.SCMBlockDeletingService (SCMBlockDeletingService.java:call(138)) - Running DeletedBlockTransactionScanner
2019-08-10 04:38:11,882 DEBUG block.SCMBlockDeletingService (SCMBlockDeletingService.java:call(155)) - Scanned deleted blocks log and got 0 delTX to process.
2019-08-10 04:38:11,926 INFO  client.GrpcClientProtocolClient (GrpcClientProtocolClient.java:onNext(255)) - client-71F61C017E1E->6c928baf-cc3b-4a10-9362-ff4e15dca71d: receive RaftClientReply:client-71F61C017E1E->6c928baf-cc3b-4a10-9362-ff4e15dca71d@group-586430B97ADD, cid=1635, SUCCESS, logIndex=2386, commits[6c928baf-cc3b-4a10-9362-ff4e15dca71d:c2387]
2019-08-10 04:38:11,927 INFO  client.GrpcClientProtocolClient (GrpcClientProtocolClient.java:onNext(255)) - client-71F61C017E1E->6c928baf-cc3b-4a10-9362-ff4e15dca71d: receive RaftClientReply:client-71F61C017E1E->6c928baf-cc3b-4a10-9362-ff4e15dca71d@group-586430B97ADD, cid=1636, SUCCESS, logIndex=2387, commits[6c928baf-cc3b-4a10-9362-ff4e15dca71d:c2388]
2019-08-10 04:38:11,983 DEBUG block.SCMBlockDeletingService (SCMBlockDeletingService.java:call(138)) - Running DeletedBlockTransactionScanner
2019-08-10 04:38:11,983 DEBUG block.SCMBlockDeletingService (SCMBlockDeletingService.java:call(155)) - Scanned deleted blocks log and got 0 delTX to process.
2019-08-10 04:38:11,989 INFO  client.GrpcClientProtocolClient (GrpcClientProtocolClient.java:onNext(255)) - client-71F61C017E1E->6c928baf-cc3b-4a10-9362-ff4e15dca71d: receive RaftClientReply:client-71F61C017E1E->6c928baf-cc3b-4a10-9362-ff4e15dca71d@group-586430B97ADD, cid=1637, SUCCESS, logIndex=2389, commits[6c928baf-cc3b-4a10-9362-ff4e15dca71d:c2390]
2019-08-10 04:38:11,990 INFO  client.GrpcClientProtocolClient (GrpcClientProtocolClient.java:onNext(255)) - client-71F61C017E1E->6c928baf-cc3b-4a10-9362-ff4e15dca71d: receive RaftClientReply:client-71F61C017E1E->6c928baf-cc3b-4a10-9362-ff4e15dca71d@group-586430B97ADD, cid=1638, SUCCESS, logIndex=2390, commits[6c928baf-cc3b-4a10-9362-ff4e15dca71d:c2392]
2019-08-10 04:38:11,990 INFO  client.GrpcClientProtocolClient (GrpcClientProtocolClient.java:onNext(255)) - client-71F61C017E1E->6c928baf-cc3b-4a10-9362-ff4e15dca71d: receive RaftClientReply:client-71F61C017E1E->6c928baf-cc3b-4a10-9362-ff4e15dca71d@group-586430B97ADD, cid=1639, SUCCESS, logIndex=2391, commits[6c928baf-cc3b-4a10-9362-ff4e15dca71d:c2393]
2019-08-10 04:38:11,991 INFO  client.GrpcClientProtocolClient (GrpcClientProtocolClient.java:onNext(255)) - client-71F61C017E1E->6c928baf-cc3b-4a10-9362-ff4e15dca71d: receive RaftClientReply:client-71F61C017E1E->6c928baf-cc3b-4a10-9362-ff4e15dca71d@group-586430B97ADD, cid=1640, SUCCESS, logIndex=2392, commits[6c928baf-cc3b-4a10-9362-ff4e15dca71d:c2393]
2019-08-10 04:38:12,021 INFO  client.GrpcClientProtocolClient (GrpcClientProtocolClient.java:onNext(255)) - client-71F61C017E1E->6c928baf-cc3b-4a10-9362-ff4e15dca71d: receive RaftClientReply:client-71F61C017E1E->6c928baf-cc3b-4a10-9362-ff4e15dca71d@group-586430B97ADD, cid=1641, SUCCESS, logIndex=2395, commits[6c928baf-cc3b-4a10-9362-ff4e15dca71d:c2396]
2019-08-10 04:38:12,021 INFO  client.GrpcClientProtocolClient (GrpcClientProtocolClient.java:onNext(255)) - client-71F61C017E1E->6c928baf-cc3b-4a10-9362-ff4e15dca71d: receive RaftClientReply:client-71F61C017E1E->6c928baf-cc3b-4a10-9362-ff4e15dca71d@group-586430B97ADD, cid=1642, SUCCESS, logIndex=2396, commits[6c928baf-cc3b-4a10-9362-ff4e15dca71d:c2398]
2019-08-10 04:38:12,022 INFO  client.GrpcClientProtocolClient (GrpcClientProtocolClient.java:onNext(255)) - client-71F61C017E1E->6c928baf-cc3b-4a10-9362-ff4e15dca71d: receive RaftClientReply:client-71F61C017E1E->6c928baf-cc3b-4a10-9362-ff4e15dca71d@group-586430B97ADD, cid=1643, SUCCESS, logIndex=2397, commits[6c928baf-cc3b-4a10-9362-ff4e15dca71d:c2399]
2019-08-10 04:38:12,022 INFO  client.GrpcClientProtocolClient (GrpcClientProtocolClient.java:onNext(255)) - client-71F61C017E1E->6c928baf-cc3b-4a10-9362-ff4e15dca71d: receive RaftClientReply:client-71F61C017E1E->6c928baf-cc3b-4a10-9362-ff4e15dca71d@group-586430B97ADD, cid=1644, SUCCESS, logIndex=2398, commits[6c928baf-cc3b-4a10-9362-ff4e15dca71d:c2399]
2019-08-10 04:38:12,045 INFO  client.GrpcClientProtocolClient (GrpcClientProtocolClient.java:onNext(255)) - client-71F61C017E1E->6c928baf-cc3b-4a10-9362-ff4e15dca71d: receive RaftClientReply:client-71F61C017E1E->6c928baf-cc3b-4a10-9362-ff4e15dca71d@group-586430B97ADD, cid=1645, SUCCESS, logIndex=2401, commits[6c928baf-cc3b-4a10-9362-ff4e15dca71d:c2402]
2019-08-10 04:38:12,046 INFO  client.GrpcClientProtocolClient (GrpcClientProtocolClient.java:onNext(255)) - client-71F61C017E1E->6c928baf-cc3b-4a10-9362-ff4e15dca71d: receive RaftClientReply:client-71F61C017E1E->6c928baf-cc3b-4a10-9362-ff4e15dca71d@group-586430B97ADD, cid=1646, SUCCESS, logIndex=2402, commits[6c928baf-cc3b-4a10-9362-ff4e15dca71d:c2404]
2019-08-10 04:38:12,046 INFO  client.GrpcClientProtocolClient (GrpcClientProtocolClient.java:onNext(255)) - client-71F61C017E1E->6c928baf-cc3b-4a10-9362-ff4e15dca71d: receive RaftClientReply:client-71F61C017E1E->6c928baf-cc3b-4a10-9362-ff4e15dca71d@group-586430B97ADD, cid=1647, SUCCESS, logIndex=2403, commits[6c928baf-cc3b-4a10-9362-ff4e15dca71d:c2405]
2019-08-10 04:38:12,046 INFO  client.GrpcClientProtocolClient (GrpcClientProtocolClient.java:onNext(255)) - client-71F61C017E1E->6c928baf-cc3b-4a10-9362-ff4e15dca71d: receive RaftClientReply:client-71F61C017E1E->6c928baf-cc3b-4a10-9362-ff4e15dca71d@group-586430B97ADD, cid=1648, SUCCESS, logIndex=2404, commits[6c928baf-cc3b-4a10-9362-ff4e15dca71d:c2405]
2019-08-10 04:38:12,075 INFO  client.GrpcClientProtocolClient (GrpcClientProtocolClient.java:onNext(255)) - client-71F61C017E1E->6c928baf-cc3b-4a10-9362-ff4e15dca71d: receive RaftClientReply:client-71F61C017E1E->6c928baf-cc3b-4a10-9362-ff4e15dca71d@group-586430B97ADD, cid=1649, SUCCESS, logIndex=2407, commits[6c928baf-cc3b-4a10-9362-ff4e15dca71d:c2408]
2019-08-10 04:38:12,076 INFO  client.GrpcClientProtocolClient (GrpcClientProtocolClient.java:onNext(255)) - client-71F61C017E1E->6c928baf-cc3b-4a10-9362-ff4e15dca71d: receive RaftClientReply:client-71F61C017E1E->6c928baf-cc3b-4a10-9362-ff4e15dca71d@group-586430B97ADD, cid=1650, SUCCESS, logIndex=2408, commits[6c928baf-cc3b-4a10-9362-ff4e15dca71d:c2408]
2019-08-10 04:38:12,076 INFO  client.GrpcClientProtocolClient (GrpcClientProtocolClient.java:onNext(255)) - client-71F61C017E1E->6c928baf-cc3b-4a10-9362-ff4e15dca71d: receive RaftClientReply:client-71F61C017E1E->6c928baf-cc3b-4a10-9362-ff4e15dca71d@group-586430B97ADD, cid=1651, SUCCESS, logIndex=2409, commits[6c928baf-cc3b-4a10-9362-ff4e15dca71d:c2410]
2019-08-10 04:38:12,077 INFO  client.GrpcClientProtocolClient (GrpcClientProtocolClient.java:onNext(255)) - client-71F61C017E1E->6c928baf-cc3b-4a10-9362-ff4e15dca71d: receive RaftClientReply:client-71F61C017E1E->6c928baf-cc3b-4a10-9362-ff4e15dca71d@group-586430B97ADD, cid=1652, SUCCESS, logIndex=2410, commits[6c928baf-cc3b-4a10-9362-ff4e15dca71d:c2411]
2019-08-10 04:38:12,084 DEBUG block.SCMBlockDeletingService (SCMBlockDeletingService.java:call(138)) - Running DeletedBlockTransactionScanner
2019-08-10 04:38:12,084 DEBUG block.SCMBlockDeletingService (SCMBlockDeletingService.java:call(155)) - Scanned deleted blocks log and got 0 delTX to process.
2019-08-10 04:38:12,097 INFO  client.GrpcClientProtocolClient (GrpcClientProtocolClient.java:onNext(255)) - client-71F61C017E1E->6c928baf-cc3b-4a10-9362-ff4e15dca71d: receive RaftClientReply:client-71F61C017E1E->6c928baf-cc3b-4a10-9362-ff4e15dca71d@group-586430B97ADD, cid=1653, SUCCESS, logIndex=2413, commits[6c928baf-cc3b-4a10-9362-ff4e15dca71d:c2414]
2019-08-10 04:38:12,097 INFO  client.GrpcClientProtocolClient (GrpcClientProtocolClient.java:onNext(255)) - client-71F61C017E1E->6c928baf-cc3b-4a10-9362-ff4e15dca71d: receive RaftClientReply:client-71F61C017E1E->6c928baf-cc3b-4a10-9362-ff4e15dca71d@group-586430B97ADD, cid=1654, SUCCESS, logIndex=2414, commits[6c928baf-cc3b-4a10-9362-ff4e15dca71d:c2416]
2019-08-10 04:38:12,098 INFO  client.GrpcClientProtocolClient (GrpcClientProtocolClient.java:onNext(255)) - client-71F61C017E1E->6c928baf-cc3b-4a10-9362-ff4e15dca71d: receive RaftClientReply:client-71F61C017E1E->6c928baf-cc3b-4a10-9362-ff4e15dca71d@group-586430B97ADD, cid=1655, SUCCESS, logIndex=2415, commits[6c928baf-cc3b-4a10-9362-ff4e15dca71d:c2416]
2019-08-10 04:38:12,098 INFO  client.GrpcClientProtocolClient (GrpcClientProtocolClient.java:onNext(255)) - client-71F61C017E1E->6c928baf-cc3b-4a10-9362-ff4e15dca71d: receive RaftClientReply:client-71F61C017E1E->6c928baf-cc3b-4a10-9362-ff4e15dca71d@group-586430B97ADD, cid=1656, SUCCESS, logIndex=2416, commits[6c928baf-cc3b-4a10-9362-ff4e15dca71d:c2417]
2019-08-10 04:38:12,127 INFO  client.GrpcClientProtocolClient (GrpcClientProtocolClient.java:onNext(255)) - client-71F61C017E1E->6c928baf-cc3b-4a10-9362-ff4e15dca71d: receive RaftClientReply:client-71F61C017E1E->6c928baf-cc3b-4a10-9362-ff4e15dca71d@group-586430B97ADD, cid=1657, SUCCESS, logIndex=2419, commits[6c928baf-cc3b-4a10-9362-ff4e15dca71d:c2422]
2019-08-10 04:38:12,128 INFO  client.GrpcClientProtocolClient (GrpcClientProtocolClient.java:onNext(255)) - client-71F61C017E1E->6c928baf-cc3b-4a10-9362-ff4e15dca71d: receive RaftClientReply:client-71F61C017E1E->6c928baf-cc3b-4a10-9362-ff4e15dca71d@group-586430B97ADD, cid=1658, SUCCESS, logIndex=2420, commits[6c928baf-cc3b-4a10-9362-ff4e15dca71d:c2422]
2019-08-10 04:38:12,128 INFO  client.GrpcClientProtocolClient (GrpcClientProtocolClient.java:onNext(255)) - client-71F61C017E1E->6c928baf-cc3b-4a10-9362-ff4e15dca71d: receive RaftClientReply:client-71F61C017E1E->6c928baf-cc3b-4a10-9362-ff4e15dca71d@group-586430B97ADD, cid=1659, SUCCESS, logIndex=2421, commits[6c928baf-cc3b-4a10-9362-ff4e15dca71d:c2423]
2019-08-10 04:38:12,129 INFO  client.GrpcClientProtocolClient (GrpcClientProtocolClient.java:onNext(255)) - client-71F61C017E1E->6c928baf-cc3b-4a10-9362-ff4e15dca71d: receive RaftClientReply:client-71F61C017E1E->6c928baf-cc3b-4a10-9362-ff4e15dca71d@group-586430B97ADD, cid=1660, SUCCESS, logIndex=2422, commits[6c928baf-cc3b-4a10-9362-ff4e15dca71d:c2424]
2019-08-10 04:38:12,149 INFO  client.GrpcClientProtocolClient (GrpcClientProtocolClient.java:onNext(255)) - client-71F61C017E1E->6c928baf-cc3b-4a10-9362-ff4e15dca71d: receive RaftClientReply:client-71F61C017E1E->6c928baf-cc3b-4a10-9362-ff4e15dca71d@group-586430B97ADD, cid=1661, SUCCESS, logIndex=2425, commits[6c928baf-cc3b-4a10-9362-ff4e15dca71d:c2426]
2019-08-10 04:38:12,149 INFO  client.GrpcClientProtocolClient (GrpcClientProtocolClient.java:onNext(255)) - client-71F61C017E1E->6c928baf-cc3b-4a10-9362-ff4e15dca71d: receive RaftClientReply:client-71F61C017E1E->6c928baf-cc3b-4a10-9362-ff4e15dca71d@group-586430B97ADD, cid=1662, SUCCESS, logIndex=2426, commits[6c928baf-cc3b-4a10-9362-ff4e15dca71d:c2428]
2019-08-10 04:38:12,150 INFO  client.GrpcClientProtocolClient (GrpcClientProtocolClient.java:onNext(255)) - client-71F61C017E1E->6c928baf-cc3b-4a10-9362-ff4e15dca71d: receive RaftClientReply:client-71F61C017E1E->6c928baf-cc3b-4a10-9362-ff4e15dca71d@group-586430B97ADD, cid=1663, SUCCESS, logIndex=2427, commits[6c928baf-cc3b-4a10-9362-ff4e15dca71d:c2429]
2019-08-10 04:38:12,150 INFO  client.GrpcClientProtocolClient (GrpcClientProtocolClient.java:onNext(255)) - client-71F61C017E1E->6c928baf-cc3b-4a10-9362-ff4e15dca71d: receive RaftClientReply:client-71F61C017E1E->6c928baf-cc3b-4a10-9362-ff4e15dca71d@group-586430B97ADD, cid=1664, SUCCESS, logIndex=2428, commits[6c928baf-cc3b-4a10-9362-ff4e15dca71d:c2430]
2019-08-10 04:38:12,179 INFO  client.GrpcClientProtocolClient (GrpcClientProtocolClient.java:onNext(255)) - client-71F61C017E1E->6c928baf-cc3b-4a10-9362-ff4e15dca71d: receive RaftClientReply:client-71F61C017E1E->6c928baf-cc3b-4a10-9362-ff4e15dca71d@group-586430B97ADD, cid=1665, SUCCESS, logIndex=2431, commits[6c928baf-cc3b-4a10-9362-ff4e15dca71d:c2432]
2019-08-10 04:38:12,180 INFO  client.GrpcClientProtocolClient (GrpcClientProtocolClient.java:onNext(255)) - client-71F61C017E1E->6c928baf-cc3b-4a10-9362-ff4e15dca71d: receive RaftClientReply:client-71F61C017E1E->6c928baf-cc3b-4a10-9362-ff4e15dca71d@group-586430B97ADD, cid=1666, SUCCESS, logIndex=2432, commits[6c928baf-cc3b-4a10-9362-ff4e15dca71d:c2434]
2019-08-10 04:38:12,180 INFO  client.GrpcClientProtocolClient (GrpcClientProtocolClient.java:onNext(255)) - client-71F61C017E1E->6c928baf-cc3b-4a10-9362-ff4e15dca71d: receive RaftClientReply:client-71F61C017E1E->6c928baf-cc3b-4a10-9362-ff4e15dca71d@group-586430B97ADD, cid=1667, SUCCESS, logIndex=2433, commits[6c928baf-cc3b-4a10-9362-ff4e15dca71d:c2435]
2019-08-10 04:38:12,181 INFO  client.GrpcClientProtocolClient (GrpcClientProtocolClient.java:onNext(255)) - client-71F61C017E1E->6c928baf-cc3b-4a10-9362-ff4e15dca71d: receive RaftClientReply:client-71F61C017E1E->6c928baf-cc3b-4a10-9362-ff4e15dca71d@group-586430B97ADD, cid=1668, SUCCESS, logIndex=2434, commits[6c928baf-cc3b-4a10-9362-ff4e15dca71d:c2436]
2019-08-10 04:38:12,184 DEBUG block.SCMBlockDeletingService (SCMBlockDeletingService.java:call(138)) - Running DeletedBlockTransactionScanner
2019-08-10 04:38:12,185 DEBUG block.SCMBlockDeletingService (SCMBlockDeletingService.java:call(155)) - Scanned deleted blocks log and got 0 delTX to process.
2019-08-10 04:38:12,206 INFO  client.GrpcClientProtocolClient (GrpcClientProtocolClient.java:onNext(255)) - client-71F61C017E1E->6c928baf-cc3b-4a10-9362-ff4e15dca71d: receive RaftClientReply:client-71F61C017E1E->6c928baf-cc3b-4a10-9362-ff4e15dca71d@group-586430B97ADD, cid=1669, SUCCESS, logIndex=2437, commits[6c928baf-cc3b-4a10-9362-ff4e15dca71d:c2438]
2019-08-10 04:38:12,206 INFO  client.GrpcClientProtocolClient (GrpcClientProtocolClient.java:onNext(255)) - client-71F61C017E1E->6c928baf-cc3b-4a10-9362-ff4e15dca71d: receive RaftClientReply:client-71F61C017E1E->6c928baf-cc3b-4a10-9362-ff4e15dca71d@group-586430B97ADD, cid=1670, SUCCESS, logIndex=2438, commits[6c928baf-cc3b-4a10-9362-ff4e15dca71d:c2440]
2019-08-10 04:38:12,207 INFO  client.GrpcClientProtocolClient (GrpcClientProtocolClient.java:onNext(255)) - client-71F61C017E1E->6c928baf-cc3b-4a10-9362-ff4e15dca71d: receive RaftClientReply:client-71F61C017E1E->6c928baf-cc3b-4a10-9362-ff4e15dca71d@group-586430B97ADD, cid=1671, SUCCESS, logIndex=2439, commits[6c928baf-cc3b-4a10-9362-ff4e15dca71d:c2441]
2019-08-10 04:38:12,207 INFO  client.GrpcClientProtocolClient (GrpcClientProtocolClient.java:onNext(255)) - client-71F61C017E1E->6c928baf-cc3b-4a10-9362-ff4e15dca71d: receive RaftClientReply:client-71F61C017E1E->6c928baf-cc3b-4a10-9362-ff4e15dca71d@group-586430B97ADD, cid=1672, SUCCESS, logIndex=2440, commits[6c928baf-cc3b-4a10-9362-ff4e15dca71d:c2441]
2019-08-10 04:38:12,237 INFO  client.GrpcClientProtocolClient (GrpcClientProtocolClient.java:onNext(255)) - client-71F61C017E1E->6c928baf-cc3b-4a10-9362-ff4e15dca71d: receive RaftClientReply:client-71F61C017E1E->6c928baf-cc3b-4a10-9362-ff4e15dca71d@group-586430B97ADD, cid=1673, SUCCESS, logIndex=2443, commits[6c928baf-cc3b-4a10-9362-ff4e15dca71d:c2446]
2019-08-10 04:38:12,237 INFO  client.GrpcClientProtocolClient (GrpcClientProtocolClient.java:onNext(255)) - client-71F61C017E1E->6c928baf-cc3b-4a10-9362-ff4e15dca71d: receive RaftClientReply:client-71F61C017E1E->6c928baf-cc3b-4a10-9362-ff4e15dca71d@group-586430B97ADD, cid=1674, SUCCESS, logIndex=2444, commits[6c928baf-cc3b-4a10-9362-ff4e15dca71d:c2447]
2019-08-10 04:38:12,238 INFO  client.GrpcClientProtocolClient (GrpcClientProtocolClient.java:onNext(255)) - client-71F61C017E1E->6c928baf-cc3b-4a10-9362-ff4e15dca71d: receive RaftClientReply:client-71F61C017E1E->6c928baf-cc3b-4a10-9362-ff4e15dca71d@group-586430B97ADD, cid=1675, SUCCESS, logIndex=2445, commits[6c928baf-cc3b-4a10-9362-ff4e15dca71d:c2447]
2019-08-10 04:38:12,238 INFO  client.GrpcClientProtocolClient (GrpcClientProtocolClient.java:onNext(255)) - client-71F61C017E1E->6c928baf-cc3b-4a10-9362-ff4e15dca71d: receive RaftClientReply:client-71F61C017E1E->6c928baf-cc3b-4a10-9362-ff4e15dca71d@group-586430B97ADD, cid=1676, SUCCESS, logIndex=2446, commits[6c928baf-cc3b-4a10-9362-ff4e15dca71d:c2447]
2019-08-10 04:38:12,258 INFO  client.GrpcClientProtocolClient (GrpcClientProtocolClient.java:onNext(255)) - client-71F61C017E1E->6c928baf-cc3b-4a10-9362-ff4e15dca71d: receive RaftClientReply:client-71F61C017E1E->6c928baf-cc3b-4a10-9362-ff4e15dca71d@group-586430B97ADD, cid=1677, SUCCESS, logIndex=2448, commits[6c928baf-cc3b-4a10-9362-ff4e15dca71d:c2449]
2019-08-10 04:38:12,259 INFO  client.GrpcClientProtocolClient (GrpcClientProtocolClient.java:onNext(255)) - client-71F61C017E1E->6c928baf-cc3b-4a10-9362-ff4e15dca71d: receive RaftClientReply:client-71F61C017E1E->6c928baf-cc3b-4a10-9362-ff4e15dca71d@group-586430B97ADD, cid=1678, SUCCESS, logIndex=2449, commits[6c928baf-cc3b-4a10-9362-ff4e15dca71d:c2450]
2019-08-10 04:38:12,285 DEBUG block.SCMBlockDeletingService (SCMBlockDeletingService.java:call(138)) - Running DeletedBlockTransactionScanner
2019-08-10 04:38:12,285 DEBUG block.SCMBlockDeletingService (SCMBlockDeletingService.java:call(155)) - Scanned deleted blocks log and got 0 delTX to process.
2019-08-10 04:38:12,358 INFO  client.GrpcClientProtocolClient (GrpcClientProtocolClient.java:onNext(255)) - client-71F61C017E1E->6c928baf-cc3b-4a10-9362-ff4e15dca71d: receive RaftClientReply:client-71F61C017E1E->6c928baf-cc3b-4a10-9362-ff4e15dca71d@group-586430B97ADD, cid=1679, SUCCESS, logIndex=2451, commits[6c928baf-cc3b-4a10-9362-ff4e15dca71d:c2452]
2019-08-10 04:38:12,358 INFO  client.GrpcClientProtocolClient (GrpcClientProtocolClient.java:onNext(255)) - client-71F61C017E1E->6c928baf-cc3b-4a10-9362-ff4e15dca71d: receive RaftClientReply:client-71F61C017E1E->6c928baf-cc3b-4a10-9362-ff4e15dca71d@group-586430B97ADD, cid=1680, SUCCESS, logIndex=2452, commits[6c928baf-cc3b-4a10-9362-ff4e15dca71d:c2453]
2019-08-10 04:38:12,386 DEBUG block.SCMBlockDeletingService (SCMBlockDeletingService.java:call(138)) - Running DeletedBlockTransactionScanner
2019-08-10 04:38:12,386 DEBUG block.SCMBlockDeletingService (SCMBlockDeletingService.java:call(155)) - Scanned deleted blocks log and got 0 delTX to process.
2019-08-10 04:38:12,387 INFO  client.GrpcClientProtocolClient (GrpcClientProtocolClient.java:onNext(255)) - client-71F61C017E1E->6c928baf-cc3b-4a10-9362-ff4e15dca71d: receive RaftClientReply:client-71F61C017E1E->6c928baf-cc3b-4a10-9362-ff4e15dca71d@group-586430B97ADD, cid=1681, SUCCESS, logIndex=2454, commits[6c928baf-cc3b-4a10-9362-ff4e15dca71d:c2457]
2019-08-10 04:38:12,388 INFO  client.GrpcClientProtocolClient (GrpcClientProtocolClient.java:onNext(255)) - client-71F61C017E1E->6c928baf-cc3b-4a10-9362-ff4e15dca71d: receive RaftClientReply:client-71F61C017E1E->6c928baf-cc3b-4a10-9362-ff4e15dca71d@group-586430B97ADD, cid=1682, SUCCESS, logIndex=2455, commits[6c928baf-cc3b-4a10-9362-ff4e15dca71d:c2457]
2019-08-10 04:38:12,388 INFO  client.GrpcClientProtocolClient (GrpcClientProtocolClient.java:onNext(255)) - client-71F61C017E1E->6c928baf-cc3b-4a10-9362-ff4e15dca71d: receive RaftClientReply:client-71F61C017E1E->6c928baf-cc3b-4a10-9362-ff4e15dca71d@group-586430B97ADD, cid=1683, SUCCESS, logIndex=2456, commits[6c928baf-cc3b-4a10-9362-ff4e15dca71d:c2457]
2019-08-10 04:38:12,389 INFO  client.GrpcClientProtocolClient (GrpcClientProtocolClient.java:onNext(255)) - client-71F61C017E1E->6c928baf-cc3b-4a10-9362-ff4e15dca71d: receive RaftClientReply:client-71F61C017E1E->6c928baf-cc3b-4a10-9362-ff4e15dca71d@group-586430B97ADD, cid=1684, SUCCESS, logIndex=2457, commits[6c928baf-cc3b-4a10-9362-ff4e15dca71d:c2457]
2019-08-10 04:38:12,399 INFO  client.GrpcClientProtocolClient (GrpcClientProtocolClient.java:onNext(255)) - client-71F61C017E1E->6c928baf-cc3b-4a10-9362-ff4e15dca71d: receive RaftClientReply:client-71F61C017E1E->6c928baf-cc3b-4a10-9362-ff4e15dca71d@group-586430B97ADD, cid=1685, SUCCESS, logIndex=2459, commits[6c928baf-cc3b-4a10-9362-ff4e15dca71d:c2462]
2019-08-10 04:38:12,399 INFO  client.GrpcClientProtocolClient (GrpcClientProtocolClient.java:onNext(255)) - client-71F61C017E1E->6c928baf-cc3b-4a10-9362-ff4e15dca71d: receive RaftClientReply:client-71F61C017E1E->6c928baf-cc3b-4a10-9362-ff4e15dca71d@group-586430B97ADD, cid=1686, SUCCESS, logIndex=2460, commits[6c928baf-cc3b-4a10-9362-ff4e15dca71d:c2462]
2019-08-10 04:38:12,400 INFO  client.GrpcClientProtocolClient (GrpcClientProtocolClient.java:onNext(255)) - client-71F61C017E1E->6c928baf-cc3b-4a10-9362-ff4e15dca71d: receive RaftClientReply:client-71F61C017E1E->6c928baf-cc3b-4a10-9362-ff4e15dca71d@group-586430B97ADD, cid=1687, SUCCESS, logIndex=2461, commits[6c928baf-cc3b-4a10-9362-ff4e15dca71d:c2463]
2019-08-10 04:38:12,400 INFO  client.GrpcClientProtocolClient (GrpcClientProtocolClient.java:onNext(255)) - client-71F61C017E1E->6c928baf-cc3b-4a10-9362-ff4e15dca71d: receive RaftClientReply:client-71F61C017E1E->6c928baf-cc3b-4a10-9362-ff4e15dca71d@group-586430B97ADD, cid=1688, SUCCESS, logIndex=2462, commits[6c928baf-cc3b-4a10-9362-ff4e15dca71d:c2463]
2019-08-10 04:38:12,428 INFO  client.GrpcClientProtocolClient (GrpcClientProtocolClient.java:onNext(255)) - client-71F61C017E1E->6c928baf-cc3b-4a10-9362-ff4e15dca71d: receive RaftClientReply:client-71F61C017E1E->6c928baf-cc3b-4a10-9362-ff4e15dca71d@group-586430B97ADD, cid=1689, SUCCESS, logIndex=2464, commits[6c928baf-cc3b-4a10-9362-ff4e15dca71d:c2467]
2019-08-10 04:38:12,428 INFO  client.GrpcClientProtocolClient (GrpcClientProtocolClient.java:onNext(255)) - client-71F61C017E1E->6c928baf-cc3b-4a10-9362-ff4e15dca71d: receive RaftClientReply:client-71F61C017E1E->6c928baf-cc3b-4a10-9362-ff4e15dca71d@group-586430B97ADD, cid=1690, SUCCESS, logIndex=2465, commits[6c928baf-cc3b-4a10-9362-ff4e15dca71d:c2468]
2019-08-10 04:38:12,429 INFO  client.GrpcClientProtocolClient (GrpcClientProtocolClient.java:onNext(255)) - client-71F61C017E1E->6c928baf-cc3b-4a10-9362-ff4e15dca71d: receive RaftClientReply:client-71F61C017E1E->6c928baf-cc3b-4a10-9362-ff4e15dca71d@group-586430B97ADD, cid=1691, SUCCESS, logIndex=2466, commits[6c928baf-cc3b-4a10-9362-ff4e15dca71d:c2468]
2019-08-10 04:38:12,429 INFO  client.GrpcClientProtocolClient (GrpcClientProtocolClient.java:onNext(255)) - client-71F61C017E1E->6c928baf-cc3b-4a10-9362-ff4e15dca71d: receive RaftClientReply:client-71F61C017E1E->6c928baf-cc3b-4a10-9362-ff4e15dca71d@group-586430B97ADD, cid=1692, SUCCESS, logIndex=2467, commits[6c928baf-cc3b-4a10-9362-ff4e15dca71d:c2468]
2019-08-10 04:38:12,448 INFO  client.GrpcClientProtocolClient (GrpcClientProtocolClient.java:onNext(255)) - client-71F61C017E1E->6c928baf-cc3b-4a10-9362-ff4e15dca71d: receive RaftClientReply:client-71F61C017E1E->6c928baf-cc3b-4a10-9362-ff4e15dca71d@group-586430B97ADD, cid=1693, SUCCESS, logIndex=2469, commits[6c928baf-cc3b-4a10-9362-ff4e15dca71d:c2470]
2019-08-10 04:38:12,448 INFO  client.GrpcClientProtocolClient (GrpcClientProtocolClient.java:onNext(255)) - client-71F61C017E1E->6c928baf-cc3b-4a10-9362-ff4e15dca71d: receive RaftClientReply:client-71F61C017E1E->6c928baf-cc3b-4a10-9362-ff4e15dca71d@group-586430B97ADD, cid=1694, SUCCESS, logIndex=2470, commits[6c928baf-cc3b-4a10-9362-ff4e15dca71d:c2472]
2019-08-10 04:38:12,449 INFO  client.GrpcClientProtocolClient (GrpcClientProtocolClient.java:onNext(255)) - client-71F61C017E1E->6c928baf-cc3b-4a10-9362-ff4e15dca71d: receive RaftClientReply:client-71F61C017E1E->6c928baf-cc3b-4a10-9362-ff4e15dca71d@group-586430B97ADD, cid=1695, SUCCESS, logIndex=2471, commits[6c928baf-cc3b-4a10-9362-ff4e15dca71d:c2472]
2019-08-10 04:38:12,449 INFO  client.GrpcClientProtocolClient (GrpcClientProtocolClient.java:onNext(255)) - client-71F61C017E1E->6c928baf-cc3b-4a10-9362-ff4e15dca71d: receive RaftClientReply:client-71F61C017E1E->6c928baf-cc3b-4a10-9362-ff4e15dca71d@group-586430B97ADD, cid=1696, SUCCESS, logIndex=2472, commits[6c928baf-cc3b-4a10-9362-ff4e15dca71d:c2473]
2019-08-10 04:38:12,476 INFO  client.GrpcClientProtocolClient (GrpcClientProtocolClient.java:onNext(255)) - client-71F61C017E1E->6c928baf-cc3b-4a10-9362-ff4e15dca71d: receive RaftClientReply:client-71F61C017E1E->6c928baf-cc3b-4a10-9362-ff4e15dca71d@group-586430B97ADD, cid=1697, SUCCESS, logIndex=2475, commits[6c928baf-cc3b-4a10-9362-ff4e15dca71d:c2476]
2019-08-10 04:38:12,477 INFO  client.GrpcClientProtocolClient (GrpcClientProtocolClient.java:onNext(255)) - client-71F61C017E1E->6c928baf-cc3b-4a10-9362-ff4e15dca71d: receive RaftClientReply:client-71F61C017E1E->6c928baf-cc3b-4a10-9362-ff4e15dca71d@group-586430B97ADD, cid=1698, SUCCESS, logIndex=2476, commits[6c928baf-cc3b-4a10-9362-ff4e15dca71d:c2478]
2019-08-10 04:38:12,478 INFO  client.GrpcClientProtocolClient (GrpcClientProtocolClient.java:onNext(255)) - client-71F61C017E1E->6c928baf-cc3b-4a10-9362-ff4e15dca71d: receive RaftClientReply:client-71F61C017E1E->6c928baf-cc3b-4a10-9362-ff4e15dca71d@group-586430B97ADD, cid=1699, SUCCESS, logIndex=2477, commits[6c928baf-cc3b-4a10-9362-ff4e15dca71d:c2479]
2019-08-10 04:38:12,478 INFO  client.GrpcClientProtocolClient (GrpcClientProtocolClient.java:onNext(255)) - client-71F61C017E1E->6c928baf-cc3b-4a10-9362-ff4e15dca71d: receive RaftClientReply:client-71F61C017E1E->6c928baf-cc3b-4a10-9362-ff4e15dca71d@group-586430B97ADD, cid=1700, SUCCESS, logIndex=2478, commits[6c928baf-cc3b-4a10-9362-ff4e15dca71d:c2479]
2019-08-10 04:38:12,487 DEBUG block.SCMBlockDeletingService (SCMBlockDeletingService.java:call(138)) - Running DeletedBlockTransactionScanner
2019-08-10 04:38:12,487 DEBUG block.SCMBlockDeletingService (SCMBlockDeletingService.java:call(155)) - Scanned deleted blocks log and got 0 delTX to process.
2019-08-10 04:38:12,497 INFO  client.GrpcClientProtocolClient (GrpcClientProtocolClient.java:onNext(255)) - client-71F61C017E1E->6c928baf-cc3b-4a10-9362-ff4e15dca71d: receive RaftClientReply:client-71F61C017E1E->6c928baf-cc3b-4a10-9362-ff4e15dca71d@group-586430B97ADD, cid=1701, SUCCESS, logIndex=2481, commits[6c928baf-cc3b-4a10-9362-ff4e15dca71d:c2482]
2019-08-10 04:38:12,498 INFO  client.GrpcClientProtocolClient (GrpcClientProtocolClient.java:onNext(255)) - client-71F61C017E1E->6c928baf-cc3b-4a10-9362-ff4e15dca71d: receive RaftClientReply:client-71F61C017E1E->6c928baf-cc3b-4a10-9362-ff4e15dca71d@group-586430B97ADD, cid=1702, SUCCESS, logIndex=2482, commits[6c928baf-cc3b-4a10-9362-ff4e15dca71d:c2484]
2019-08-10 04:38:12,498 INFO  client.GrpcClientProtocolClient (GrpcClientProtocolClient.java:onNext(255)) - client-71F61C017E1E->6c928baf-cc3b-4a10-9362-ff4e15dca71d: receive RaftClientReply:client-71F61C017E1E->6c928baf-cc3b-4a10-9362-ff4e15dca71d@group-586430B97ADD, cid=1703, SUCCESS, logIndex=2483, commits[6c928baf-cc3b-4a10-9362-ff4e15dca71d:c2485]
2019-08-10 04:38:12,498 INFO  client.GrpcClientProtocolClient (GrpcClientProtocolClient.java:onNext(255)) - client-71F61C017E1E->6c928baf-cc3b-4a10-9362-ff4e15dca71d: receive RaftClientReply:client-71F61C017E1E->6c928baf-cc3b-4a10-9362-ff4e15dca71d@group-586430B97ADD, cid=1704, SUCCESS, logIndex=2484, commits[6c928baf-cc3b-4a10-9362-ff4e15dca71d:c2485]
2019-08-10 04:38:12,535 INFO  client.GrpcClientProtocolClient (GrpcClientProtocolClient.java:onNext(255)) - client-71F61C017E1E->6c928baf-cc3b-4a10-9362-ff4e15dca71d: receive RaftClientReply:client-71F61C017E1E->6c928baf-cc3b-4a10-9362-ff4e15dca71d@group-586430B97ADD, cid=1705, SUCCESS, logIndex=2487, commits[6c928baf-cc3b-4a10-9362-ff4e15dca71d:c2490]
2019-08-10 04:38:12,536 INFO  client.GrpcClientProtocolClient (GrpcClientProtocolClient.java:onNext(255)) - client-71F61C017E1E->6c928baf-cc3b-4a10-9362-ff4e15dca71d: receive RaftClientReply:client-71F61C017E1E->6c928baf-cc3b-4a10-9362-ff4e15dca71d@group-586430B97ADD, cid=1706, SUCCESS, logIndex=2488, commits[6c928baf-cc3b-4a10-9362-ff4e15dca71d:c2490]
2019-08-10 04:38:12,536 INFO  client.GrpcClientProtocolClient (GrpcClientProtocolClient.java:onNext(255)) - client-71F61C017E1E->6c928baf-cc3b-4a10-9362-ff4e15dca71d: receive RaftClientReply:client-71F61C017E1E->6c928baf-cc3b-4a10-9362-ff4e15dca71d@group-586430B97ADD, cid=1707, SUCCESS, logIndex=2489, commits[6c928baf-cc3b-4a10-9362-ff4e15dca71d:c2491]
2019-08-10 04:38:12,537 INFO  client.GrpcClientProtocolClient (GrpcClientProtocolClient.java:onNext(255)) - client-71F61C017E1E->6c928baf-cc3b-4a10-9362-ff4e15dca71d: receive RaftClientReply:client-71F61C017E1E->6c928baf-cc3b-4a10-9362-ff4e15dca71d@group-586430B97ADD, cid=1708, SUCCESS, logIndex=2490, commits[6c928baf-cc3b-4a10-9362-ff4e15dca71d:c2491]
2019-08-10 04:38:12,557 INFO  client.GrpcClientProtocolClient (GrpcClientProtocolClient.java:onNext(255)) - client-71F61C017E1E->6c928baf-cc3b-4a10-9362-ff4e15dca71d: receive RaftClientReply:client-71F61C017E1E->6c928baf-cc3b-4a10-9362-ff4e15dca71d@group-586430B97ADD, cid=1709, SUCCESS, logIndex=2493, commits[6c928baf-cc3b-4a10-9362-ff4e15dca71d:c2494]
2019-08-10 04:38:12,557 INFO  client.GrpcClientProtocolClient (GrpcClientProtocolClient.java:onNext(255)) - client-71F61C017E1E->6c928baf-cc3b-4a10-9362-ff4e15dca71d: receive RaftClientReply:client-71F61C017E1E->6c928baf-cc3b-4a10-9362-ff4e15dca71d@group-586430B97ADD, cid=1710, SUCCESS, logIndex=2494, commits[6c928baf-cc3b-4a10-9362-ff4e15dca71d:c2496]
2019-08-10 04:38:12,558 INFO  client.GrpcClientProtocolClient (GrpcClientProtocolClient.java:onNext(255)) - client-71F61C017E1E->6c928baf-cc3b-4a10-9362-ff4e15dca71d: receive RaftClientReply:client-71F61C017E1E->6c928baf-cc3b-4a10-9362-ff4e15dca71d@group-586430B97ADD, cid=1711, SUCCESS, logIndex=2495, commits[6c928baf-cc3b-4a10-9362-ff4e15dca71d:c2496]
2019-08-10 04:38:12,558 INFO  client.GrpcClientProtocolClient (GrpcClientProtocolClient.java:onNext(255)) - client-71F61C017E1E->6c928baf-cc3b-4a10-9362-ff4e15dca71d: receive RaftClientReply:client-71F61C017E1E->6c928baf-cc3b-4a10-9362-ff4e15dca71d@group-586430B97ADD, cid=1712, SUCCESS, logIndex=2496, commits[6c928baf-cc3b-4a10-9362-ff4e15dca71d:c2497]
2019-08-10 04:38:12,587 DEBUG block.SCMBlockDeletingService (SCMBlockDeletingService.java:call(138)) - Running DeletedBlockTransactionScanner
2019-08-10 04:38:12,588 DEBUG block.SCMBlockDeletingService (SCMBlockDeletingService.java:call(155)) - Scanned deleted blocks log and got 0 delTX to process.
2019-08-10 04:38:12,588 INFO  client.GrpcClientProtocolClient (GrpcClientProtocolClient.java:onNext(255)) - client-71F61C017E1E->6c928baf-cc3b-4a10-9362-ff4e15dca71d: receive RaftClientReply:client-71F61C017E1E->6c928baf-cc3b-4a10-9362-ff4e15dca71d@group-586430B97ADD, cid=1713, SUCCESS, logIndex=2499, commits[6c928baf-cc3b-4a10-9362-ff4e15dca71d:c2502]
2019-08-10 04:38:12,589 INFO  client.GrpcClientProtocolClient (GrpcClientProtocolClient.java:onNext(255)) - client-71F61C017E1E->6c928baf-cc3b-4a10-9362-ff4e15dca71d: receive RaftClientReply:client-71F61C017E1E->6c928baf-cc3b-4a10-9362-ff4e15dca71d@group-586430B97ADD, cid=1714, SUCCESS, logIndex=2500, commits[6c928baf-cc3b-4a10-9362-ff4e15dca71d:c2502]
2019-08-10 04:38:12,589 INFO  client.GrpcClientProtocolClient (GrpcClientProtocolClient.java:onNext(255)) - client-71F61C017E1E->6c928baf-cc3b-4a10-9362-ff4e15dca71d: receive RaftClientReply:client-71F61C017E1E->6c928baf-cc3b-4a10-9362-ff4e15dca71d@group-586430B97ADD, cid=1715, SUCCESS, logIndex=2501, commits[6c928baf-cc3b-4a10-9362-ff4e15dca71d:c2503]
2019-08-10 04:38:12,589 INFO  client.GrpcClientProtocolClient (GrpcClientProtocolClient.java:onNext(255)) - client-71F61C017E1E->6c928baf-cc3b-4a10-9362-ff4e15dca71d: receive RaftClientReply:client-71F61C017E1E->6c928baf-cc3b-4a10-9362-ff4e15dca71d@group-586430B97ADD, cid=1716, SUCCESS, logIndex=2502, commits[6c928baf-cc3b-4a10-9362-ff4e15dca71d:c2503]
2019-08-10 04:38:12,609 INFO  client.GrpcClientProtocolClient (GrpcClientProtocolClient.java:onNext(255)) - client-71F61C017E1E->6c928baf-cc3b-4a10-9362-ff4e15dca71d: receive RaftClientReply:client-71F61C017E1E->6c928baf-cc3b-4a10-9362-ff4e15dca71d@group-586430B97ADD, cid=1717, SUCCESS, logIndex=2504, commits[6c928baf-cc3b-4a10-9362-ff4e15dca71d:c2505]
2019-08-10 04:38:12,609 INFO  client.GrpcClientProtocolClient (GrpcClientProtocolClient.java:onNext(255)) - client-71F61C017E1E->6c928baf-cc3b-4a10-9362-ff4e15dca71d: receive RaftClientReply:client-71F61C017E1E->6c928baf-cc3b-4a10-9362-ff4e15dca71d@group-586430B97ADD, cid=1718, SUCCESS, logIndex=2505, commits[6c928baf-cc3b-4a10-9362-ff4e15dca71d:c2505]
2019-08-10 04:38:12,609 INFO  client.GrpcClientProtocolClient (GrpcClientProtocolClient.java:onNext(255)) - client-71F61C017E1E->6c928baf-cc3b-4a10-9362-ff4e15dca71d: receive RaftClientReply:client-71F61C017E1E->6c928baf-cc3b-4a10-9362-ff4e15dca71d@group-586430B97ADD, cid=1719, SUCCESS, logIndex=2506, commits[6c928baf-cc3b-4a10-9362-ff4e15dca71d:c2507]
2019-08-10 04:38:12,610 INFO  client.GrpcClientProtocolClient (GrpcClientProtocolClient.java:onNext(255)) - client-71F61C017E1E->6c928baf-cc3b-4a10-9362-ff4e15dca71d: receive RaftClientReply:client-71F61C017E1E->6c928baf-cc3b-4a10-9362-ff4e15dca71d@group-586430B97ADD, cid=1720, SUCCESS, logIndex=2507, commits[6c928baf-cc3b-4a10-9362-ff4e15dca71d:c2508]
2019-08-10 04:38:12,640 INFO  client.GrpcClientProtocolClient (GrpcClientProtocolClient.java:onNext(255)) - client-71F61C017E1E->6c928baf-cc3b-4a10-9362-ff4e15dca71d: receive RaftClientReply:client-71F61C017E1E->6c928baf-cc3b-4a10-9362-ff4e15dca71d@group-586430B97ADD, cid=1721, SUCCESS, logIndex=2510, commits[6c928baf-cc3b-4a10-9362-ff4e15dca71d:c2513]
2019-08-10 04:38:12,641 INFO  client.GrpcClientProtocolClient (GrpcClientProtocolClient.java:onNext(255)) - client-71F61C017E1E->6c928baf-cc3b-4a10-9362-ff4e15dca71d: receive RaftClientReply:client-71F61C017E1E->6c928baf-cc3b-4a10-9362-ff4e15dca71d@group-586430B97ADD, cid=1722, SUCCESS, logIndex=2511, commits[6c928baf-cc3b-4a10-9362-ff4e15dca71d:c2514]
2019-08-10 04:38:12,641 INFO  client.GrpcClientProtocolClient (GrpcClientProtocolClient.java:onNext(255)) - client-71F61C017E1E->6c928baf-cc3b-4a10-9362-ff4e15dca71d: receive RaftClientReply:client-71F61C017E1E->6c928baf-cc3b-4a10-9362-ff4e15dca71d@group-586430B97ADD, cid=1723, SUCCESS, logIndex=2512, commits[6c928baf-cc3b-4a10-9362-ff4e15dca71d:c2514]
2019-08-10 04:38:12,641 INFO  client.GrpcClientProtocolClient (GrpcClientProtocolClient.java:onNext(255)) - client-71F61C017E1E->6c928baf-cc3b-4a10-9362-ff4e15dca71d: receive RaftClientReply:client-71F61C017E1E->6c928baf-cc3b-4a10-9362-ff4e15dca71d@group-586430B97ADD, cid=1724, SUCCESS, logIndex=2513, commits[6c928baf-cc3b-4a10-9362-ff4e15dca71d:c2514]
2019-08-10 04:38:12,688 DEBUG block.SCMBlockDeletingService (SCMBlockDeletingService.java:call(138)) - Running DeletedBlockTransactionScanner
2019-08-10 04:38:12,689 DEBUG block.SCMBlockDeletingService (SCMBlockDeletingService.java:call(155)) - Scanned deleted blocks log and got 0 delTX to process.
2019-08-10 04:38:12,792 DEBUG block.SCMBlockDeletingService (SCMBlockDeletingService.java:call(138)) - Running DeletedBlockTransactionScanner
2019-08-10 04:38:12,793 DEBUG block.SCMBlockDeletingService (SCMBlockDeletingService.java:call(155)) - Scanned deleted blocks log and got 0 delTX to process.
2019-08-10 04:38:12,841 INFO  client.GrpcClientProtocolClient (GrpcClientProtocolClient.java:onNext(255)) - client-71F61C017E1E->6c928baf-cc3b-4a10-9362-ff4e15dca71d: receive RaftClientReply:client-71F61C017E1E->6c928baf-cc3b-4a10-9362-ff4e15dca71d@group-586430B97ADD, cid=1725, SUCCESS, logIndex=2515, commits[6c928baf-cc3b-4a10-9362-ff4e15dca71d:c2516]
2019-08-10 04:38:12,842 INFO  client.GrpcClientProtocolClient (GrpcClientProtocolClient.java:onNext(255)) - client-71F61C017E1E->6c928baf-cc3b-4a10-9362-ff4e15dca71d: receive RaftClientReply:client-71F61C017E1E->6c928baf-cc3b-4a10-9362-ff4e15dca71d@group-586430B97ADD, cid=1726, SUCCESS, logIndex=2516, commits[6c928baf-cc3b-4a10-9362-ff4e15dca71d:c2518]
2019-08-10 04:38:12,842 INFO  client.GrpcClientProtocolClient (GrpcClientProtocolClient.java:onNext(255)) - client-71F61C017E1E->6c928baf-cc3b-4a10-9362-ff4e15dca71d: receive RaftClientReply:client-71F61C017E1E->6c928baf-cc3b-4a10-9362-ff4e15dca71d@group-586430B97ADD, cid=1727, SUCCESS, logIndex=2517, commits[6c928baf-cc3b-4a10-9362-ff4e15dca71d:c2519]
2019-08-10 04:38:12,843 INFO  client.GrpcClientProtocolClient (GrpcClientProtocolClient.java:onNext(255)) - client-71F61C017E1E->6c928baf-cc3b-4a10-9362-ff4e15dca71d: receive RaftClientReply:client-71F61C017E1E->6c928baf-cc3b-4a10-9362-ff4e15dca71d@group-586430B97ADD, cid=1728, SUCCESS, logIndex=2518, commits[6c928baf-cc3b-4a10-9362-ff4e15dca71d:c2520]
2019-08-10 04:38:12,873 INFO  client.GrpcClientProtocolClient (GrpcClientProtocolClient.java:onNext(255)) - client-71F61C017E1E->6c928baf-cc3b-4a10-9362-ff4e15dca71d: receive RaftClientReply:client-71F61C017E1E->6c928baf-cc3b-4a10-9362-ff4e15dca71d@group-586430B97ADD, cid=1729, SUCCESS, logIndex=2521, commits[6c928baf-cc3b-4a10-9362-ff4e15dca71d:c2522]
2019-08-10 04:38:12,873 INFO  client.GrpcClientProtocolClient (GrpcClientProtocolClient.java:onNext(255)) - client-71F61C017E1E->6c928baf-cc3b-4a10-9362-ff4e15dca71d: receive RaftClientReply:client-71F61C017E1E->6c928baf-cc3b-4a10-9362-ff4e15dca71d@group-586430B97ADD, cid=1730, SUCCESS, logIndex=2522, commits[6c928baf-cc3b-4a10-9362-ff4e15dca71d:c2522]
2019-08-10 04:38:12,874 INFO  client.GrpcClientProtocolClient (GrpcClientProtocolClient.java:onNext(255)) - client-71F61C017E1E->6c928baf-cc3b-4a10-9362-ff4e15dca71d: receive RaftClientReply:client-71F61C017E1E->6c928baf-cc3b-4a10-9362-ff4e15dca71d@group-586430B97ADD, cid=1731, SUCCESS, logIndex=2523, commits[6c928baf-cc3b-4a10-9362-ff4e15dca71d:c2524]
2019-08-10 04:38:12,874 INFO  client.GrpcClientProtocolClient (GrpcClientProtocolClient.java:onNext(255)) - client-71F61C017E1E->6c928baf-cc3b-4a10-9362-ff4e15dca71d: receive RaftClientReply:client-71F61C017E1E->6c928baf-cc3b-4a10-9362-ff4e15dca71d@group-586430B97ADD, cid=1732, SUCCESS, logIndex=2524, commits[6c928baf-cc3b-4a10-9362-ff4e15dca71d:c2525]
2019-08-10 04:38:12,893 DEBUG block.SCMBlockDeletingService (SCMBlockDeletingService.java:call(138)) - Running DeletedBlockTransactionScanner
2019-08-10 04:38:12,893 DEBUG block.SCMBlockDeletingService (SCMBlockDeletingService.java:call(155)) - Scanned deleted blocks log and got 0 delTX to process.
2019-08-10 04:38:12,896 INFO  client.GrpcClientProtocolClient (GrpcClientProtocolClient.java:onNext(255)) - client-71F61C017E1E->6c928baf-cc3b-4a10-9362-ff4e15dca71d: receive RaftClientReply:client-71F61C017E1E->6c928baf-cc3b-4a10-9362-ff4e15dca71d@group-586430B97ADD, cid=1733, SUCCESS, logIndex=2527, commits[6c928baf-cc3b-4a10-9362-ff4e15dca71d:c2528]
2019-08-10 04:38:12,896 INFO  client.GrpcClientProtocolClient (GrpcClientProtocolClient.java:onNext(255)) - client-71F61C017E1E->6c928baf-cc3b-4a10-9362-ff4e15dca71d: receive RaftClientReply:client-71F61C017E1E->6c928baf-cc3b-4a10-9362-ff4e15dca71d@group-586430B97ADD, cid=1734, SUCCESS, logIndex=2528, commits[6c928baf-cc3b-4a10-9362-ff4e15dca71d:c2530]
2019-08-10 04:38:12,897 INFO  client.GrpcClientProtocolClient (GrpcClientProtocolClient.java:onNext(255)) - client-71F61C017E1E->6c928baf-cc3b-4a10-9362-ff4e15dca71d: receive RaftClientReply:client-71F61C017E1E->6c928baf-cc3b-4a10-9362-ff4e15dca71d@group-586430B97ADD, cid=1735, SUCCESS, logIndex=2529, commits[6c928baf-cc3b-4a10-9362-ff4e15dca71d:c2530]
2019-08-10 04:38:12,897 INFO  client.GrpcClientProtocolClient (GrpcClientProtocolClient.java:onNext(255)) - client-71F61C017E1E->6c928baf-cc3b-4a10-9362-ff4e15dca71d: receive RaftClientReply:client-71F61C017E1E->6c928baf-cc3b-4a10-9362-ff4e15dca71d@group-586430B97ADD, cid=1736, SUCCESS, logIndex=2530, commits[6c928baf-cc3b-4a10-9362-ff4e15dca71d:c2530]
2019-08-10 04:38:12,926 INFO  client.GrpcClientProtocolClient (GrpcClientProtocolClient.java:onNext(255)) - client-71F61C017E1E->6c928baf-cc3b-4a10-9362-ff4e15dca71d: receive RaftClientReply:client-71F61C017E1E->6c928baf-cc3b-4a10-9362-ff4e15dca71d@group-586430B97ADD, cid=1737, SUCCESS, logIndex=2533, commits[6c928baf-cc3b-4a10-9362-ff4e15dca71d:c2534]
2019-08-10 04:38:12,927 INFO  client.GrpcClientProtocolClient (GrpcClientProtocolClient.java:onNext(255)) - client-71F61C017E1E->6c928baf-cc3b-4a10-9362-ff4e15dca71d: receive RaftClientReply:client-71F61C017E1E->6c928baf-cc3b-4a10-9362-ff4e15dca71d@group-586430B97ADD, cid=1738, SUCCESS, logIndex=2534, commits[6c928baf-cc3b-4a10-9362-ff4e15dca71d:c2534]
2019-08-10 04:38:12,927 INFO  client.GrpcClientProtocolClient (GrpcClientProtocolClient.java:onNext(255)) - client-71F61C017E1E->6c928baf-cc3b-4a10-9362-ff4e15dca71d: receive RaftClientReply:client-71F61C017E1E->6c928baf-cc3b-4a10-9362-ff4e15dca71d@group-586430B97ADD, cid=1739, SUCCESS, logIndex=2535, commits[6c928baf-cc3b-4a10-9362-ff4e15dca71d:c2536]
2019-08-10 04:38:12,928 INFO  client.GrpcClientProtocolClient (GrpcClientProtocolClient.java:onNext(255)) - client-71F61C017E1E->6c928baf-cc3b-4a10-9362-ff4e15dca71d: receive RaftClientReply:client-71F61C017E1E->6c928baf-cc3b-4a10-9362-ff4e15dca71d@group-586430B97ADD, cid=1740, SUCCESS, logIndex=2536, commits[6c928baf-cc3b-4a10-9362-ff4e15dca71d:c2537]
2019-08-10 04:38:12,949 INFO  client.GrpcClientProtocolClient (GrpcClientProtocolClient.java:onNext(255)) - client-71F61C017E1E->6c928baf-cc3b-4a10-9362-ff4e15dca71d: receive RaftClientReply:client-71F61C017E1E->6c928baf-cc3b-4a10-9362-ff4e15dca71d@group-586430B97ADD, cid=1741, SUCCESS, logIndex=2539, commits[6c928baf-cc3b-4a10-9362-ff4e15dca71d:c2540]
2019-08-10 04:38:12,949 INFO  client.GrpcClientProtocolClient (GrpcClientProtocolClient.java:onNext(255)) - client-71F61C017E1E->6c928baf-cc3b-4a10-9362-ff4e15dca71d: receive RaftClientReply:client-71F61C017E1E->6c928baf-cc3b-4a10-9362-ff4e15dca71d@group-586430B97ADD, cid=1742, SUCCESS, logIndex=2540, commits[6c928baf-cc3b-4a10-9362-ff4e15dca71d:c2542]
2019-08-10 04:38:12,950 INFO  client.GrpcClientProtocolClient (GrpcClientProtocolClient.java:onNext(255)) - client-71F61C017E1E->6c928baf-cc3b-4a10-9362-ff4e15dca71d: receive RaftClientReply:client-71F61C017E1E->6c928baf-cc3b-4a10-9362-ff4e15dca71d@group-586430B97ADD, cid=1743, SUCCESS, logIndex=2541, commits[6c928baf-cc3b-4a10-9362-ff4e15dca71d:c2543]
2019-08-10 04:38:12,950 INFO  client.GrpcClientProtocolClient (GrpcClientProtocolClient.java:onNext(255)) - client-71F61C017E1E->6c928baf-cc3b-4a10-9362-ff4e15dca71d: receive RaftClientReply:client-71F61C017E1E->6c928baf-cc3b-4a10-9362-ff4e15dca71d@group-586430B97ADD, cid=1744, SUCCESS, logIndex=2542, commits[6c928baf-cc3b-4a10-9362-ff4e15dca71d:c2543]
2019-08-10 04:38:12,978 INFO  client.GrpcClientProtocolClient (GrpcClientProtocolClient.java:onNext(255)) - client-71F61C017E1E->6c928baf-cc3b-4a10-9362-ff4e15dca71d: receive RaftClientReply:client-71F61C017E1E->6c928baf-cc3b-4a10-9362-ff4e15dca71d@group-586430B97ADD, cid=1745, SUCCESS, logIndex=2545, commits[6c928baf-cc3b-4a10-9362-ff4e15dca71d:c2546]
2019-08-10 04:38:12,979 INFO  client.GrpcClientProtocolClient (GrpcClientProtocolClient.java:onNext(255)) - client-71F61C017E1E->6c928baf-cc3b-4a10-9362-ff4e15dca71d: receive RaftClientReply:client-71F61C017E1E->6c928baf-cc3b-4a10-9362-ff4e15dca71d@group-586430B97ADD, cid=1746, SUCCESS, logIndex=2546, commits[6c928baf-cc3b-4a10-9362-ff4e15dca71d:c2546]
2019-08-10 04:38:12,979 INFO  client.GrpcClientProtocolClient (GrpcClientProtocolClient.java:onNext(255)) - client-71F61C017E1E->6c928baf-cc3b-4a10-9362-ff4e15dca71d: receive RaftClientReply:client-71F61C017E1E->6c928baf-cc3b-4a10-9362-ff4e15dca71d@group-586430B97ADD, cid=1747, SUCCESS, logIndex=2547, commits[6c928baf-cc3b-4a10-9362-ff4e15dca71d:c2548]
2019-08-10 04:38:12,980 INFO  client.GrpcClientProtocolClient (GrpcClientProtocolClient.java:onNext(255)) - client-71F61C017E1E->6c928baf-cc3b-4a10-9362-ff4e15dca71d: receive RaftClientReply:client-71F61C017E1E->6c928baf-cc3b-4a10-9362-ff4e15dca71d@group-586430B97ADD, cid=1748, SUCCESS, logIndex=2548, commits[6c928baf-cc3b-4a10-9362-ff4e15dca71d:c2548]
2019-08-10 04:38:12,994 DEBUG block.SCMBlockDeletingService (SCMBlockDeletingService.java:call(138)) - Running DeletedBlockTransactionScanner
2019-08-10 04:38:12,994 DEBUG block.SCMBlockDeletingService (SCMBlockDeletingService.java:call(155)) - Scanned deleted blocks log and got 0 delTX to process.
2019-08-10 04:38:13,000 INFO  client.GrpcClientProtocolClient (GrpcClientProtocolClient.java:onNext(255)) - client-71F61C017E1E->6c928baf-cc3b-4a10-9362-ff4e15dca71d: receive RaftClientReply:client-71F61C017E1E->6c928baf-cc3b-4a10-9362-ff4e15dca71d@group-586430B97ADD, cid=1749, SUCCESS, logIndex=2551, commits[6c928baf-cc3b-4a10-9362-ff4e15dca71d:c2552]
2019-08-10 04:38:13,000 INFO  client.GrpcClientProtocolClient (GrpcClientProtocolClient.java:onNext(255)) - client-71F61C017E1E->6c928baf-cc3b-4a10-9362-ff4e15dca71d: receive RaftClientReply:client-71F61C017E1E->6c928baf-cc3b-4a10-9362-ff4e15dca71d@group-586430B97ADD, cid=1750, SUCCESS, logIndex=2552, commits[6c928baf-cc3b-4a10-9362-ff4e15dca71d:c2554]
2019-08-10 04:38:13,001 INFO  client.GrpcClientProtocolClient (GrpcClientProtocolClient.java:onNext(255)) - client-71F61C017E1E->6c928baf-cc3b-4a10-9362-ff4e15dca71d: receive RaftClientReply:client-71F61C017E1E->6c928baf-cc3b-4a10-9362-ff4e15dca71d@group-586430B97ADD, cid=1751, SUCCESS, logIndex=2553, commits[6c928baf-cc3b-4a10-9362-ff4e15dca71d:c2554]
2019-08-10 04:38:13,001 INFO  client.GrpcClientProtocolClient (GrpcClientProtocolClient.java:onNext(255)) - client-71F61C017E1E->6c928baf-cc3b-4a10-9362-ff4e15dca71d: receive RaftClientReply:client-71F61C017E1E->6c928baf-cc3b-4a10-9362-ff4e15dca71d@group-586430B97ADD, cid=1752, SUCCESS, logIndex=2554, commits[6c928baf-cc3b-4a10-9362-ff4e15dca71d:c2555]
2019-08-10 04:38:13,032 INFO  client.GrpcClientProtocolClient (GrpcClientProtocolClient.java:onNext(255)) - client-71F61C017E1E->6c928baf-cc3b-4a10-9362-ff4e15dca71d: receive RaftClientReply:client-71F61C017E1E->6c928baf-cc3b-4a10-9362-ff4e15dca71d@group-586430B97ADD, cid=1753, SUCCESS, logIndex=2557, commits[6c928baf-cc3b-4a10-9362-ff4e15dca71d:c2558]
2019-08-10 04:38:13,033 INFO  client.GrpcClientProtocolClient (GrpcClientProtocolClient.java:onNext(255)) - client-71F61C017E1E->6c928baf-cc3b-4a10-9362-ff4e15dca71d: receive RaftClientReply:client-71F61C017E1E->6c928baf-cc3b-4a10-9362-ff4e15dca71d@group-586430B97ADD, cid=1754, SUCCESS, logIndex=2558, commits[6c928baf-cc3b-4a10-9362-ff4e15dca71d:c2560]
2019-08-10 04:38:13,034 INFO  client.GrpcClientProtocolClient (GrpcClientProtocolClient.java:onNext(255)) - client-71F61C017E1E->6c928baf-cc3b-4a10-9362-ff4e15dca71d: receive RaftClientReply:client-71F61C017E1E->6c928baf-cc3b-4a10-9362-ff4e15dca71d@group-586430B97ADD, cid=1755, SUCCESS, logIndex=2559, commits[6c928baf-cc3b-4a10-9362-ff4e15dca71d:c2561]
2019-08-10 04:38:13,034 INFO  client.GrpcClientProtocolClient (GrpcClientProtocolClient.java:onNext(255)) - client-71F61C017E1E->6c928baf-cc3b-4a10-9362-ff4e15dca71d: receive RaftClientReply:client-71F61C017E1E->6c928baf-cc3b-4a10-9362-ff4e15dca71d@group-586430B97ADD, cid=1756, SUCCESS, logIndex=2560, commits[6c928baf-cc3b-4a10-9362-ff4e15dca71d:c2561]
2019-08-10 04:38:13,055 INFO  client.GrpcClientProtocolClient (GrpcClientProtocolClient.java:onNext(255)) - client-71F61C017E1E->6c928baf-cc3b-4a10-9362-ff4e15dca71d: receive RaftClientReply:client-71F61C017E1E->6c928baf-cc3b-4a10-9362-ff4e15dca71d@group-586430B97ADD, cid=1757, SUCCESS, logIndex=2563, commits[6c928baf-cc3b-4a10-9362-ff4e15dca71d:c2564]
2019-08-10 04:38:13,055 INFO  client.GrpcClientProtocolClient (GrpcClientProtocolClient.java:onNext(255)) - client-71F61C017E1E->6c928baf-cc3b-4a10-9362-ff4e15dca71d: receive RaftClientReply:client-71F61C017E1E->6c928baf-cc3b-4a10-9362-ff4e15dca71d@group-586430B97ADD, cid=1758, SUCCESS, logIndex=2564, commits[6c928baf-cc3b-4a10-9362-ff4e15dca71d:c2564]
2019-08-10 04:38:13,056 INFO  client.GrpcClientProtocolClient (GrpcClientProtocolClient.java:onNext(255)) - client-71F61C017E1E->6c928baf-cc3b-4a10-9362-ff4e15dca71d: receive RaftClientReply:client-71F61C017E1E->6c928baf-cc3b-4a10-9362-ff4e15dca71d@group-586430B97ADD, cid=1759, SUCCESS, logIndex=2565, commits[6c928baf-cc3b-4a10-9362-ff4e15dca71d:c2566]
2019-08-10 04:38:13,056 INFO  client.GrpcClientProtocolClient (GrpcClientProtocolClient.java:onNext(255)) - client-71F61C017E1E->6c928baf-cc3b-4a10-9362-ff4e15dca71d: receive RaftClientReply:client-71F61C017E1E->6c928baf-cc3b-4a10-9362-ff4e15dca71d@group-586430B97ADD, cid=1760, SUCCESS, logIndex=2566, commits[6c928baf-cc3b-4a10-9362-ff4e15dca71d:c2567]
2019-08-10 04:38:13,085 INFO  client.GrpcClientProtocolClient (GrpcClientProtocolClient.java:onNext(255)) - client-71F61C017E1E->6c928baf-cc3b-4a10-9362-ff4e15dca71d: receive RaftClientReply:client-71F61C017E1E->6c928baf-cc3b-4a10-9362-ff4e15dca71d@group-586430B97ADD, cid=1761, SUCCESS, logIndex=2569, commits[6c928baf-cc3b-4a10-9362-ff4e15dca71d:c2570]
2019-08-10 04:38:13,086 INFO  client.GrpcClientProtocolClient (GrpcClientProtocolClient.java:onNext(255)) - client-71F61C017E1E->6c928baf-cc3b-4a10-9362-ff4e15dca71d: receive RaftClientReply:client-71F61C017E1E->6c928baf-cc3b-4a10-9362-ff4e15dca71d@group-586430B97ADD, cid=1762, SUCCESS, logIndex=2570, commits[6c928baf-cc3b-4a10-9362-ff4e15dca71d:c2572]
2019-08-10 04:38:13,086 INFO  client.GrpcClientProtocolClient (GrpcClientProtocolClient.java:onNext(255)) - client-71F61C017E1E->6c928baf-cc3b-4a10-9362-ff4e15dca71d: receive RaftClientReply:client-71F61C017E1E->6c928baf-cc3b-4a10-9362-ff4e15dca71d@group-586430B97ADD, cid=1763, SUCCESS, logIndex=2571, commits[6c928baf-cc3b-4a10-9362-ff4e15dca71d:c2573]
2019-08-10 04:38:13,086 INFO  client.GrpcClientProtocolClient (GrpcClientProtocolClient.java:onNext(255)) - client-71F61C017E1E->6c928baf-cc3b-4a10-9362-ff4e15dca71d: receive RaftClientReply:client-71F61C017E1E->6c928baf-cc3b-4a10-9362-ff4e15dca71d@group-586430B97ADD, cid=1764, SUCCESS, logIndex=2572, commits[6c928baf-cc3b-4a10-9362-ff4e15dca71d:c2573]
2019-08-10 04:38:13,094 DEBUG block.SCMBlockDeletingService (SCMBlockDeletingService.java:call(138)) - Running DeletedBlockTransactionScanner
2019-08-10 04:38:13,095 DEBUG block.SCMBlockDeletingService (SCMBlockDeletingService.java:call(155)) - Scanned deleted blocks log and got 0 delTX to process.
2019-08-10 04:38:13,099 INFO  client.GrpcClientProtocolClient (GrpcClientProtocolClient.java:onNext(255)) - client-71F61C017E1E->6c928baf-cc3b-4a10-9362-ff4e15dca71d: receive RaftClientReply:client-71F61C017E1E->6c928baf-cc3b-4a10-9362-ff4e15dca71d@group-586430B97ADD, cid=1765, SUCCESS, logIndex=2575, commits[6c928baf-cc3b-4a10-9362-ff4e15dca71d:c2576]
2019-08-10 04:38:13,099 INFO  client.GrpcClientProtocolClient (GrpcClientProtocolClient.java:onNext(255)) - client-71F61C017E1E->6c928baf-cc3b-4a10-9362-ff4e15dca71d: receive RaftClientReply:client-71F61C017E1E->6c928baf-cc3b-4a10-9362-ff4e15dca71d@group-586430B97ADD, cid=1766, SUCCESS, logIndex=2576, commits[6c928baf-cc3b-4a10-9362-ff4e15dca71d:c2578]
2019-08-10 04:38:13,100 INFO  client.GrpcClientProtocolClient (GrpcClientProtocolClient.java:onNext(255)) - client-71F61C017E1E->6c928baf-cc3b-4a10-9362-ff4e15dca71d: receive RaftClientReply:client-71F61C017E1E->6c928baf-cc3b-4a10-9362-ff4e15dca71d@group-586430B97ADD, cid=1767, SUCCESS, logIndex=2577, commits[6c928baf-cc3b-4a10-9362-ff4e15dca71d:c2579]
2019-08-10 04:38:13,100 INFO  client.GrpcClientProtocolClient (GrpcClientProtocolClient.java:onNext(255)) - client-71F61C017E1E->6c928baf-cc3b-4a10-9362-ff4e15dca71d: receive RaftClientReply:client-71F61C017E1E->6c928baf-cc3b-4a10-9362-ff4e15dca71d@group-586430B97ADD, cid=1768, SUCCESS, logIndex=2578, commits[6c928baf-cc3b-4a10-9362-ff4e15dca71d:c2579]
2019-08-10 04:38:13,195 DEBUG block.SCMBlockDeletingService (SCMBlockDeletingService.java:call(138)) - Running DeletedBlockTransactionScanner
2019-08-10 04:38:13,195 DEBUG block.SCMBlockDeletingService (SCMBlockDeletingService.java:call(155)) - Scanned deleted blocks log and got 0 delTX to process.
2019-08-10 04:38:13,235 INFO  client.GrpcClientProtocolClient (GrpcClientProtocolClient.java:onNext(255)) - client-71F61C017E1E->6c928baf-cc3b-4a10-9362-ff4e15dca71d: receive RaftClientReply:client-71F61C017E1E->6c928baf-cc3b-4a10-9362-ff4e15dca71d@group-586430B97ADD, cid=1769, SUCCESS, logIndex=2581, commits[6c928baf-cc3b-4a10-9362-ff4e15dca71d:c2584]
2019-08-10 04:38:13,236 INFO  client.GrpcClientProtocolClient (GrpcClientProtocolClient.java:onNext(255)) - client-71F61C017E1E->6c928baf-cc3b-4a10-9362-ff4e15dca71d: receive RaftClientReply:client-71F61C017E1E->6c928baf-cc3b-4a10-9362-ff4e15dca71d@group-586430B97ADD, cid=1770, SUCCESS, logIndex=2582, commits[6c928baf-cc3b-4a10-9362-ff4e15dca71d:c2585]
2019-08-10 04:38:13,236 INFO  client.GrpcClientProtocolClient (GrpcClientProtocolClient.java:onNext(255)) - client-71F61C017E1E->6c928baf-cc3b-4a10-9362-ff4e15dca71d: receive RaftClientReply:client-71F61C017E1E->6c928baf-cc3b-4a10-9362-ff4e15dca71d@group-586430B97ADD, cid=1771, SUCCESS, logIndex=2583, commits[6c928baf-cc3b-4a10-9362-ff4e15dca71d:c2585]
2019-08-10 04:38:13,237 INFO  client.GrpcClientProtocolClient (GrpcClientProtocolClient.java:onNext(255)) - client-71F61C017E1E->6c928baf-cc3b-4a10-9362-ff4e15dca71d: receive RaftClientReply:client-71F61C017E1E->6c928baf-cc3b-4a10-9362-ff4e15dca71d@group-586430B97ADD, cid=1772, SUCCESS, logIndex=2584, commits[6c928baf-cc3b-4a10-9362-ff4e15dca71d:c2585]
2019-08-10 04:38:13,256 INFO  client.GrpcClientProtocolClient (GrpcClientProtocolClient.java:onNext(255)) - client-71F61C017E1E->6c928baf-cc3b-4a10-9362-ff4e15dca71d: receive RaftClientReply:client-71F61C017E1E->6c928baf-cc3b-4a10-9362-ff4e15dca71d@group-586430B97ADD, cid=1773, SUCCESS, logIndex=2586, commits[6c928baf-cc3b-4a10-9362-ff4e15dca71d:c2587]
2019-08-10 04:38:13,256 INFO  client.GrpcClientProtocolClient (GrpcClientProtocolClient.java:onNext(255)) - client-71F61C017E1E->6c928baf-cc3b-4a10-9362-ff4e15dca71d: receive RaftClientReply:client-71F61C017E1E->6c928baf-cc3b-4a10-9362-ff4e15dca71d@group-586430B97ADD, cid=1774, SUCCESS, logIndex=2587, commits[6c928baf-cc3b-4a10-9362-ff4e15dca71d:c2589]
2019-08-10 04:38:13,257 INFO  client.GrpcClientProtocolClient (GrpcClientProtocolClient.java:onNext(255)) - client-71F61C017E1E->6c928baf-cc3b-4a10-9362-ff4e15dca71d: receive RaftClientReply:client-71F61C017E1E->6c928baf-cc3b-4a10-9362-ff4e15dca71d@group-586430B97ADD, cid=1775, SUCCESS, logIndex=2588, commits[6c928baf-cc3b-4a10-9362-ff4e15dca71d:c2589]
2019-08-10 04:38:13,257 INFO  client.GrpcClientProtocolClient (GrpcClientProtocolClient.java:onNext(255)) - client-71F61C017E1E->6c928baf-cc3b-4a10-9362-ff4e15dca71d: receive RaftClientReply:client-71F61C017E1E->6c928baf-cc3b-4a10-9362-ff4e15dca71d@group-586430B97ADD, cid=1776, SUCCESS, logIndex=2589, commits[6c928baf-cc3b-4a10-9362-ff4e15dca71d:c2590]
2019-08-10 04:38:13,284 INFO  client.GrpcClientProtocolClient (GrpcClientProtocolClient.java:onNext(255)) - client-71F61C017E1E->6c928baf-cc3b-4a10-9362-ff4e15dca71d: receive RaftClientReply:client-71F61C017E1E->6c928baf-cc3b-4a10-9362-ff4e15dca71d@group-586430B97ADD, cid=1777, SUCCESS, logIndex=2592, commits[6c928baf-cc3b-4a10-9362-ff4e15dca71d:c2593]
2019-08-10 04:38:13,284 INFO  client.GrpcClientProtocolClient (GrpcClientProtocolClient.java:onNext(255)) - client-71F61C017E1E->6c928baf-cc3b-4a10-9362-ff4e15dca71d: receive RaftClientReply:client-71F61C017E1E->6c928baf-cc3b-4a10-9362-ff4e15dca71d@group-586430B97ADD, cid=1778, SUCCESS, logIndex=2593, commits[6c928baf-cc3b-4a10-9362-ff4e15dca71d:c2595]
2019-08-10 04:38:13,285 INFO  client.GrpcClientProtocolClient (GrpcClientProtocolClient.java:onNext(255)) - client-71F61C017E1E->6c928baf-cc3b-4a10-9362-ff4e15dca71d: receive RaftClientReply:client-71F61C017E1E->6c928baf-cc3b-4a10-9362-ff4e15dca71d@group-586430B97ADD, cid=1779, SUCCESS, logIndex=2594, commits[6c928baf-cc3b-4a10-9362-ff4e15dca71d:c2595]
2019-08-10 04:38:13,285 INFO  client.GrpcClientProtocolClient (GrpcClientProtocolClient.java:onNext(255)) - client-71F61C017E1E->6c928baf-cc3b-4a10-9362-ff4e15dca71d: receive RaftClientReply:client-71F61C017E1E->6c928baf-cc3b-4a10-9362-ff4e15dca71d@group-586430B97ADD, cid=1780, SUCCESS, logIndex=2595, commits[6c928baf-cc3b-4a10-9362-ff4e15dca71d:c2596]
2019-08-10 04:38:13,296 DEBUG block.SCMBlockDeletingService (SCMBlockDeletingService.java:call(138)) - Running DeletedBlockTransactionScanner
2019-08-10 04:38:13,296 DEBUG block.SCMBlockDeletingService (SCMBlockDeletingService.java:call(155)) - Scanned deleted blocks log and got 0 delTX to process.
2019-08-10 04:38:13,304 INFO  client.GrpcClientProtocolClient (GrpcClientProtocolClient.java:onNext(255)) - client-71F61C017E1E->6c928baf-cc3b-4a10-9362-ff4e15dca71d: receive RaftClientReply:client-71F61C017E1E->6c928baf-cc3b-4a10-9362-ff4e15dca71d@group-586430B97ADD, cid=1781, SUCCESS, logIndex=2598, commits[6c928baf-cc3b-4a10-9362-ff4e15dca71d:c2599]
2019-08-10 04:38:13,304 INFO  client.GrpcClientProtocolClient (GrpcClientProtocolClient.java:onNext(255)) - client-71F61C017E1E->6c928baf-cc3b-4a10-9362-ff4e15dca71d: receive RaftClientReply:client-71F61C017E1E->6c928baf-cc3b-4a10-9362-ff4e15dca71d@group-586430B97ADD, cid=1782, SUCCESS, logIndex=2599, commits[6c928baf-cc3b-4a10-9362-ff4e15dca71d:c2601]
2019-08-10 04:38:13,304 INFO  client.GrpcClientProtocolClient (GrpcClientProtocolClient.java:onNext(255)) - client-71F61C017E1E->6c928baf-cc3b-4a10-9362-ff4e15dca71d: receive RaftClientReply:client-71F61C017E1E->6c928baf-cc3b-4a10-9362-ff4e15dca71d@group-586430B97ADD, cid=1783, SUCCESS, logIndex=2600, commits[6c928baf-cc3b-4a10-9362-ff4e15dca71d:c2601]
2019-08-10 04:38:13,305 INFO  client.GrpcClientProtocolClient (GrpcClientProtocolClient.java:onNext(255)) - client-71F61C017E1E->6c928baf-cc3b-4a10-9362-ff4e15dca71d: receive RaftClientReply:client-71F61C017E1E->6c928baf-cc3b-4a10-9362-ff4e15dca71d@group-586430B97ADD, cid=1784, SUCCESS, logIndex=2601, commits[6c928baf-cc3b-4a10-9362-ff4e15dca71d:c2602]
2019-08-10 04:38:13,332 INFO  client.GrpcClientProtocolClient (GrpcClientProtocolClient.java:onNext(255)) - client-71F61C017E1E->6c928baf-cc3b-4a10-9362-ff4e15dca71d: receive RaftClientReply:client-71F61C017E1E->6c928baf-cc3b-4a10-9362-ff4e15dca71d@group-586430B97ADD, cid=1785, SUCCESS, logIndex=2604, commits[6c928baf-cc3b-4a10-9362-ff4e15dca71d:c2605]
2019-08-10 04:38:13,333 INFO  client.GrpcClientProtocolClient (GrpcClientProtocolClient.java:onNext(255)) - client-71F61C017E1E->6c928baf-cc3b-4a10-9362-ff4e15dca71d: receive RaftClientReply:client-71F61C017E1E->6c928baf-cc3b-4a10-9362-ff4e15dca71d@group-586430B97ADD, cid=1786, SUCCESS, logIndex=2605, commits[6c928baf-cc3b-4a10-9362-ff4e15dca71d:c2607]
2019-08-10 04:38:13,333 INFO  client.GrpcClientProtocolClient (GrpcClientProtocolClient.java:onNext(255)) - client-71F61C017E1E->6c928baf-cc3b-4a10-9362-ff4e15dca71d: receive RaftClientReply:client-71F61C017E1E->6c928baf-cc3b-4a10-9362-ff4e15dca71d@group-586430B97ADD, cid=1787, SUCCESS, logIndex=2606, commits[6c928baf-cc3b-4a10-9362-ff4e15dca71d:c2608]
2019-08-10 04:38:13,334 INFO  client.GrpcClientProtocolClient (GrpcClientProtocolClient.java:onNext(255)) - client-71F61C017E1E->6c928baf-cc3b-4a10-9362-ff4e15dca71d: receive RaftClientReply:client-71F61C017E1E->6c928baf-cc3b-4a10-9362-ff4e15dca71d@group-586430B97ADD, cid=1788, SUCCESS, logIndex=2607, commits[6c928baf-cc3b-4a10-9362-ff4e15dca71d:c2608]
2019-08-10 04:38:13,355 INFO  client.GrpcClientProtocolClient (GrpcClientProtocolClient.java:onNext(255)) - client-71F61C017E1E->6c928baf-cc3b-4a10-9362-ff4e15dca71d: receive RaftClientReply:client-71F61C017E1E->6c928baf-cc3b-4a10-9362-ff4e15dca71d@group-586430B97ADD, cid=1789, SUCCESS, logIndex=2610, commits[6c928baf-cc3b-4a10-9362-ff4e15dca71d:c2614]
2019-08-10 04:38:13,365 INFO  client.GrpcClientProtocolClient (GrpcClientProtocolClient.java:onNext(255)) - client-71F61C017E1E->6c928baf-cc3b-4a10-9362-ff4e15dca71d: receive RaftClientReply:client-71F61C017E1E->6c928baf-cc3b-4a10-9362-ff4e15dca71d@group-586430B97ADD, cid=1790, SUCCESS, logIndex=2611, commits[6c928baf-cc3b-4a10-9362-ff4e15dca71d:c2614]
2019-08-10 04:38:13,366 INFO  client.GrpcClientProtocolClient (GrpcClientProtocolClient.java:onNext(255)) - client-71F61C017E1E->6c928baf-cc3b-4a10-9362-ff4e15dca71d: receive RaftClientReply:client-71F61C017E1E->6c928baf-cc3b-4a10-9362-ff4e15dca71d@group-586430B97ADD, cid=1791, SUCCESS, logIndex=2612, commits[6c928baf-cc3b-4a10-9362-ff4e15dca71d:c2614]
2019-08-10 04:38:13,366 INFO  client.GrpcClientProtocolClient (GrpcClientProtocolClient.java:onNext(255)) - client-71F61C017E1E->6c928baf-cc3b-4a10-9362-ff4e15dca71d: receive RaftClientReply:client-71F61C017E1E->6c928baf-cc3b-4a10-9362-ff4e15dca71d@group-586430B97ADD, cid=1792, SUCCESS, logIndex=2613, commits[6c928baf-cc3b-4a10-9362-ff4e15dca71d:c2614]
2019-08-10 04:38:13,396 INFO  client.GrpcClientProtocolClient (GrpcClientProtocolClient.java:onNext(255)) - client-71F61C017E1E->6c928baf-cc3b-4a10-9362-ff4e15dca71d: receive RaftClientReply:client-71F61C017E1E->6c928baf-cc3b-4a10-9362-ff4e15dca71d@group-586430B97ADD, cid=1793, SUCCESS, logIndex=2615, commits[6c928baf-cc3b-4a10-9362-ff4e15dca71d:c2616]
2019-08-10 04:38:13,396 DEBUG block.SCMBlockDeletingService (SCMBlockDeletingService.java:call(138)) - Running DeletedBlockTransactionScanner
2019-08-10 04:38:13,397 DEBUG block.SCMBlockDeletingService (SCMBlockDeletingService.java:call(155)) - Scanned deleted blocks log and got 0 delTX to process.
2019-08-10 04:38:13,397 INFO  client.GrpcClientProtocolClient (GrpcClientProtocolClient.java:onNext(255)) - client-71F61C017E1E->6c928baf-cc3b-4a10-9362-ff4e15dca71d: receive RaftClientReply:client-71F61C017E1E->6c928baf-cc3b-4a10-9362-ff4e15dca71d@group-586430B97ADD, cid=1794, SUCCESS, logIndex=2616, commits[6c928baf-cc3b-4a10-9362-ff4e15dca71d:c2616]
2019-08-10 04:38:13,407 INFO  client.GrpcClientProtocolClient (GrpcClientProtocolClient.java:onNext(255)) - client-71F61C017E1E->6c928baf-cc3b-4a10-9362-ff4e15dca71d: receive RaftClientReply:client-71F61C017E1E->6c928baf-cc3b-4a10-9362-ff4e15dca71d@group-586430B97ADD, cid=1795, SUCCESS, logIndex=2617, commits[6c928baf-cc3b-4a10-9362-ff4e15dca71d:c2618]
2019-08-10 04:38:13,407 INFO  client.GrpcClientProtocolClient (GrpcClientProtocolClient.java:onNext(255)) - client-71F61C017E1E->6c928baf-cc3b-4a10-9362-ff4e15dca71d: receive RaftClientReply:client-71F61C017E1E->6c928baf-cc3b-4a10-9362-ff4e15dca71d@group-586430B97ADD, cid=1796, SUCCESS, logIndex=2618, commits[6c928baf-cc3b-4a10-9362-ff4e15dca71d:c2619]
2019-08-10 04:38:13,427 INFO  client.GrpcClientProtocolClient (GrpcClientProtocolClient.java:onNext(255)) - client-71F61C017E1E->6c928baf-cc3b-4a10-9362-ff4e15dca71d: receive RaftClientReply:client-71F61C017E1E->6c928baf-cc3b-4a10-9362-ff4e15dca71d@group-586430B97ADD, cid=1797, SUCCESS, logIndex=2621, commits[6c928baf-cc3b-4a10-9362-ff4e15dca71d:c2622]
2019-08-10 04:38:13,428 INFO  client.GrpcClientProtocolClient (GrpcClientProtocolClient.java:onNext(255)) - client-71F61C017E1E->6c928baf-cc3b-4a10-9362-ff4e15dca71d: receive RaftClientReply:client-71F61C017E1E->6c928baf-cc3b-4a10-9362-ff4e15dca71d@group-586430B97ADD, cid=1798, SUCCESS, logIndex=2622, commits[6c928baf-cc3b-4a10-9362-ff4e15dca71d:c2624]
2019-08-10 04:38:13,428 INFO  client.GrpcClientProtocolClient (GrpcClientProtocolClient.java:onNext(255)) - client-71F61C017E1E->6c928baf-cc3b-4a10-9362-ff4e15dca71d: receive RaftClientReply:client-71F61C017E1E->6c928baf-cc3b-4a10-9362-ff4e15dca71d@group-586430B97ADD, cid=1799, SUCCESS, logIndex=2623, commits[6c928baf-cc3b-4a10-9362-ff4e15dca71d:c2624]
2019-08-10 04:38:13,429 INFO  client.GrpcClientProtocolClient (GrpcClientProtocolClient.java:onNext(255)) - client-71F61C017E1E->6c928baf-cc3b-4a10-9362-ff4e15dca71d: receive RaftClientReply:client-71F61C017E1E->6c928baf-cc3b-4a10-9362-ff4e15dca71d@group-586430B97ADD, cid=1800, SUCCESS, logIndex=2624, commits[6c928baf-cc3b-4a10-9362-ff4e15dca71d:c2625]
2019-08-10 04:38:13,459 INFO  client.GrpcClientProtocolClient (GrpcClientProtocolClient.java:onNext(255)) - client-71F61C017E1E->6c928baf-cc3b-4a10-9362-ff4e15dca71d: receive RaftClientReply:client-71F61C017E1E->6c928baf-cc3b-4a10-9362-ff4e15dca71d@group-586430B97ADD, cid=1801, SUCCESS, logIndex=2627, commits[6c928baf-cc3b-4a10-9362-ff4e15dca71d:c2628]
2019-08-10 04:38:13,459 INFO  client.GrpcClientProtocolClient (GrpcClientProtocolClient.java:onNext(255)) - client-71F61C017E1E->6c928baf-cc3b-4a10-9362-ff4e15dca71d: receive RaftClientReply:client-71F61C017E1E->6c928baf-cc3b-4a10-9362-ff4e15dca71d@group-586430B97ADD, cid=1802, SUCCESS, logIndex=2628, commits[6c928baf-cc3b-4a10-9362-ff4e15dca71d:c2630]
2019-08-10 04:38:13,460 INFO  client.GrpcClientProtocolClient (GrpcClientProtocolClient.java:onNext(255)) - client-71F61C017E1E->6c928baf-cc3b-4a10-9362-ff4e15dca71d: receive RaftClientReply:client-71F61C017E1E->6c928baf-cc3b-4a10-9362-ff4e15dca71d@group-586430B97ADD, cid=1803, SUCCESS, logIndex=2629, commits[6c928baf-cc3b-4a10-9362-ff4e15dca71d:c2631]
2019-08-10 04:38:13,460 INFO  client.GrpcClientProtocolClient (GrpcClientProtocolClient.java:onNext(255)) - client-71F61C017E1E->6c928baf-cc3b-4a10-9362-ff4e15dca71d: receive RaftClientReply:client-71F61C017E1E->6c928baf-cc3b-4a10-9362-ff4e15dca71d@group-586430B97ADD, cid=1804, SUCCESS, logIndex=2630, commits[6c928baf-cc3b-4a10-9362-ff4e15dca71d:c2631]
2019-08-10 04:38:13,481 INFO  client.GrpcClientProtocolClient (GrpcClientProtocolClient.java:onNext(255)) - client-71F61C017E1E->6c928baf-cc3b-4a10-9362-ff4e15dca71d: receive RaftClientReply:client-71F61C017E1E->6c928baf-cc3b-4a10-9362-ff4e15dca71d@group-586430B97ADD, cid=1805, SUCCESS, logIndex=2633, commits[6c928baf-cc3b-4a10-9362-ff4e15dca71d:c2634]
2019-08-10 04:38:13,481 INFO  client.GrpcClientProtocolClient (GrpcClientProtocolClient.java:onNext(255)) - client-71F61C017E1E->6c928baf-cc3b-4a10-9362-ff4e15dca71d: receive RaftClientReply:client-71F61C017E1E->6c928baf-cc3b-4a10-9362-ff4e15dca71d@group-586430B97ADD, cid=1806, SUCCESS, logIndex=2634, commits[6c928baf-cc3b-4a10-9362-ff4e15dca71d:c2636]
2019-08-10 04:38:13,481 INFO  client.GrpcClientProtocolClient (GrpcClientProtocolClient.java:onNext(255)) - client-71F61C017E1E->6c928baf-cc3b-4a10-9362-ff4e15dca71d: receive RaftClientReply:client-71F61C017E1E->6c928baf-cc3b-4a10-9362-ff4e15dca71d@group-586430B97ADD, cid=1807, SUCCESS, logIndex=2635, commits[6c928baf-cc3b-4a10-9362-ff4e15dca71d:c2637]
2019-08-10 04:38:13,482 INFO  client.GrpcClientProtocolClient (GrpcClientProtocolClient.java:onNext(255)) - client-71F61C017E1E->6c928baf-cc3b-4a10-9362-ff4e15dca71d: receive RaftClientReply:client-71F61C017E1E->6c928baf-cc3b-4a10-9362-ff4e15dca71d@group-586430B97ADD, cid=1808, SUCCESS, logIndex=2636, commits[6c928baf-cc3b-4a10-9362-ff4e15dca71d:c2637]
2019-08-10 04:38:13,497 DEBUG block.SCMBlockDeletingService (SCMBlockDeletingService.java:call(138)) - Running DeletedBlockTransactionScanner
2019-08-10 04:38:13,497 DEBUG block.SCMBlockDeletingService (SCMBlockDeletingService.java:call(155)) - Scanned deleted blocks log and got 0 delTX to process.
2019-08-10 04:38:13,510 INFO  client.GrpcClientProtocolClient (GrpcClientProtocolClient.java:onNext(255)) - client-71F61C017E1E->6c928baf-cc3b-4a10-9362-ff4e15dca71d: receive RaftClientReply:client-71F61C017E1E->6c928baf-cc3b-4a10-9362-ff4e15dca71d@group-586430B97ADD, cid=1809, SUCCESS, logIndex=2639, commits[6c928baf-cc3b-4a10-9362-ff4e15dca71d:c2640]
2019-08-10 04:38:13,511 INFO  client.GrpcClientProtocolClient (GrpcClientProtocolClient.java:onNext(255)) - client-71F61C017E1E->6c928baf-cc3b-4a10-9362-ff4e15dca71d: receive RaftClientReply:client-71F61C017E1E->6c928baf-cc3b-4a10-9362-ff4e15dca71d@group-586430B97ADD, cid=1810, SUCCESS, logIndex=2640, commits[6c928baf-cc3b-4a10-9362-ff4e15dca71d:c2642]
2019-08-10 04:38:13,511 INFO  client.GrpcClientProtocolClient (GrpcClientProtocolClient.java:onNext(255)) - client-71F61C017E1E->6c928baf-cc3b-4a10-9362-ff4e15dca71d: receive RaftClientReply:client-71F61C017E1E->6c928baf-cc3b-4a10-9362-ff4e15dca71d@group-586430B97ADD, cid=1811, SUCCESS, logIndex=2641, commits[6c928baf-cc3b-4a10-9362-ff4e15dca71d:c2643]
2019-08-10 04:38:13,512 INFO  client.GrpcClientProtocolClient (GrpcClientProtocolClient.java:onNext(255)) - client-71F61C017E1E->6c928baf-cc3b-4a10-9362-ff4e15dca71d: receive RaftClientReply:client-71F61C017E1E->6c928baf-cc3b-4a10-9362-ff4e15dca71d@group-586430B97ADD, cid=1812, SUCCESS, logIndex=2642, commits[6c928baf-cc3b-4a10-9362-ff4e15dca71d:c2643]
2019-08-10 04:38:13,598 DEBUG block.SCMBlockDeletingService (SCMBlockDeletingService.java:call(138)) - Running DeletedBlockTransactionScanner
2019-08-10 04:38:13,598 DEBUG block.SCMBlockDeletingService (SCMBlockDeletingService.java:call(155)) - Scanned deleted blocks log and got 0 delTX to process.
2019-08-10 04:38:13,698 DEBUG block.SCMBlockDeletingService (SCMBlockDeletingService.java:call(138)) - Running DeletedBlockTransactionScanner
2019-08-10 04:38:13,699 DEBUG block.SCMBlockDeletingService (SCMBlockDeletingService.java:call(155)) - Scanned deleted blocks log and got 0 delTX to process.
2019-08-10 04:38:13,737 INFO  client.GrpcClientProtocolClient (GrpcClientProtocolClient.java:onNext(255)) - client-71F61C017E1E->6c928baf-cc3b-4a10-9362-ff4e15dca71d: receive RaftClientReply:client-71F61C017E1E->6c928baf-cc3b-4a10-9362-ff4e15dca71d@group-586430B97ADD, cid=1813, SUCCESS, logIndex=2645, commits[6c928baf-cc3b-4a10-9362-ff4e15dca71d:c2648]
2019-08-10 04:38:13,737 INFO  client.GrpcClientProtocolClient (GrpcClientProtocolClient.java:onNext(255)) - client-71F61C017E1E->6c928baf-cc3b-4a10-9362-ff4e15dca71d: receive RaftClientReply:client-71F61C017E1E->6c928baf-cc3b-4a10-9362-ff4e15dca71d@group-586430B97ADD, cid=1814, SUCCESS, logIndex=2646, commits[6c928baf-cc3b-4a10-9362-ff4e15dca71d:c2649]
2019-08-10 04:38:13,738 INFO  client.GrpcClientProtocolClient (GrpcClientProtocolClient.java:onNext(255)) - client-71F61C017E1E->6c928baf-cc3b-4a10-9362-ff4e15dca71d: receive RaftClientReply:client-71F61C017E1E->6c928baf-cc3b-4a10-9362-ff4e15dca71d@group-586430B97ADD, cid=1815, SUCCESS, logIndex=2647, commits[6c928baf-cc3b-4a10-9362-ff4e15dca71d:c2649]
2019-08-10 04:38:13,738 INFO  client.GrpcClientProtocolClient (GrpcClientProtocolClient.java:onNext(255)) - client-71F61C017E1E->6c928baf-cc3b-4a10-9362-ff4e15dca71d: receive RaftClientReply:client-71F61C017E1E->6c928baf-cc3b-4a10-9362-ff4e15dca71d@group-586430B97ADD, cid=1816, SUCCESS, logIndex=2648, commits[6c928baf-cc3b-4a10-9362-ff4e15dca71d:c2649]
2019-08-10 04:38:13,765 INFO  client.GrpcClientProtocolClient (GrpcClientProtocolClient.java:onNext(255)) - client-71F61C017E1E->6c928baf-cc3b-4a10-9362-ff4e15dca71d: receive RaftClientReply:client-71F61C017E1E->6c928baf-cc3b-4a10-9362-ff4e15dca71d@group-586430B97ADD, cid=1817, SUCCESS, logIndex=2650, commits[6c928baf-cc3b-4a10-9362-ff4e15dca71d:c2651]
2019-08-10 04:38:13,765 INFO  client.GrpcClientProtocolClient (GrpcClientProtocolClient.java:onNext(255)) - client-71F61C017E1E->6c928baf-cc3b-4a10-9362-ff4e15dca71d: receive RaftClientReply:client-71F61C017E1E->6c928baf-cc3b-4a10-9362-ff4e15dca71d@group-586430B97ADD, cid=1818, SUCCESS, logIndex=2651, commits[6c928baf-cc3b-4a10-9362-ff4e15dca71d:c2653]
2019-08-10 04:38:13,766 INFO  client.GrpcClientProtocolClient (GrpcClientProtocolClient.java:onNext(255)) - client-71F61C017E1E->6c928baf-cc3b-4a10-9362-ff4e15dca71d: receive RaftClientReply:client-71F61C017E1E->6c928baf-cc3b-4a10-9362-ff4e15dca71d@group-586430B97ADD, cid=1819, SUCCESS, logIndex=2652, commits[6c928baf-cc3b-4a10-9362-ff4e15dca71d:c2654]
2019-08-10 04:38:13,766 INFO  client.GrpcClientProtocolClient (GrpcClientProtocolClient.java:onNext(255)) - client-71F61C017E1E->6c928baf-cc3b-4a10-9362-ff4e15dca71d: receive RaftClientReply:client-71F61C017E1E->6c928baf-cc3b-4a10-9362-ff4e15dca71d@group-586430B97ADD, cid=1820, SUCCESS, logIndex=2653, commits[6c928baf-cc3b-4a10-9362-ff4e15dca71d:c2654]
2019-08-10 04:38:13,786 INFO  client.GrpcClientProtocolClient (GrpcClientProtocolClient.java:onNext(255)) - client-71F61C017E1E->6c928baf-cc3b-4a10-9362-ff4e15dca71d: receive RaftClientReply:client-71F61C017E1E->6c928baf-cc3b-4a10-9362-ff4e15dca71d@group-586430B97ADD, cid=1821, SUCCESS, logIndex=2656, commits[6c928baf-cc3b-4a10-9362-ff4e15dca71d:c2659]
2019-08-10 04:38:13,786 INFO  client.GrpcClientProtocolClient (GrpcClientProtocolClient.java:onNext(255)) - client-71F61C017E1E->6c928baf-cc3b-4a10-9362-ff4e15dca71d: receive RaftClientReply:client-71F61C017E1E->6c928baf-cc3b-4a10-9362-ff4e15dca71d@group-586430B97ADD, cid=1822, SUCCESS, logIndex=2657, commits[6c928baf-cc3b-4a10-9362-ff4e15dca71d:c2660]
2019-08-10 04:38:13,787 INFO  client.GrpcClientProtocolClient (GrpcClientProtocolClient.java:onNext(255)) - client-71F61C017E1E->6c928baf-cc3b-4a10-9362-ff4e15dca71d: receive RaftClientReply:client-71F61C017E1E->6c928baf-cc3b-4a10-9362-ff4e15dca71d@group-586430B97ADD, cid=1823, SUCCESS, logIndex=2658, commits[6c928baf-cc3b-4a10-9362-ff4e15dca71d:c2660]
2019-08-10 04:38:13,787 INFO  client.GrpcClientProtocolClient (GrpcClientProtocolClient.java:onNext(255)) - client-71F61C017E1E->6c928baf-cc3b-4a10-9362-ff4e15dca71d: receive RaftClientReply:client-71F61C017E1E->6c928baf-cc3b-4a10-9362-ff4e15dca71d@group-586430B97ADD, cid=1824, SUCCESS, logIndex=2659, commits[6c928baf-cc3b-4a10-9362-ff4e15dca71d:c2660]
2019-08-10 04:38:13,799 DEBUG block.SCMBlockDeletingService (SCMBlockDeletingService.java:call(138)) - Running DeletedBlockTransactionScanner
2019-08-10 04:38:13,799 DEBUG block.SCMBlockDeletingService (SCMBlockDeletingService.java:call(155)) - Scanned deleted blocks log and got 0 delTX to process.
2019-08-10 04:38:13,814 INFO  client.GrpcClientProtocolClient (GrpcClientProtocolClient.java:onNext(255)) - client-71F61C017E1E->6c928baf-cc3b-4a10-9362-ff4e15dca71d: receive RaftClientReply:client-71F61C017E1E->6c928baf-cc3b-4a10-9362-ff4e15dca71d@group-586430B97ADD, cid=1825, SUCCESS, logIndex=2661, commits[6c928baf-cc3b-4a10-9362-ff4e15dca71d:c2662]
2019-08-10 04:38:13,815 INFO  client.GrpcClientProtocolClient (GrpcClientProtocolClient.java:onNext(255)) - client-71F61C017E1E->6c928baf-cc3b-4a10-9362-ff4e15dca71d: receive RaftClientReply:client-71F61C017E1E->6c928baf-cc3b-4a10-9362-ff4e15dca71d@group-586430B97ADD, cid=1826, SUCCESS, logIndex=2662, commits[6c928baf-cc3b-4a10-9362-ff4e15dca71d:c2662]
2019-08-10 04:38:13,817 INFO  client.GrpcClientProtocolClient (GrpcClientProtocolClient.java:onNext(255)) - client-71F61C017E1E->6c928baf-cc3b-4a10-9362-ff4e15dca71d: receive RaftClientReply:client-71F61C017E1E->6c928baf-cc3b-4a10-9362-ff4e15dca71d@group-586430B97ADD, cid=1827, SUCCESS, logIndex=2663, commits[6c928baf-cc3b-4a10-9362-ff4e15dca71d:c2665]
2019-08-10 04:38:13,817 INFO  client.GrpcClientProtocolClient (GrpcClientProtocolClient.java:onNext(255)) - client-71F61C017E1E->6c928baf-cc3b-4a10-9362-ff4e15dca71d: receive RaftClientReply:client-71F61C017E1E->6c928baf-cc3b-4a10-9362-ff4e15dca71d@group-586430B97ADD, cid=1828, SUCCESS, logIndex=2664, commits[6c928baf-cc3b-4a10-9362-ff4e15dca71d:c2665]
2019-08-10 04:38:13,836 INFO  client.GrpcClientProtocolClient (GrpcClientProtocolClient.java:onNext(255)) - client-71F61C017E1E->6c928baf-cc3b-4a10-9362-ff4e15dca71d: receive RaftClientReply:client-71F61C017E1E->6c928baf-cc3b-4a10-9362-ff4e15dca71d@group-586430B97ADD, cid=1829, SUCCESS, logIndex=2666, commits[6c928baf-cc3b-4a10-9362-ff4e15dca71d:c2667]
2019-08-10 04:38:13,836 INFO  client.GrpcClientProtocolClient (GrpcClientProtocolClient.java:onNext(255)) - client-71F61C017E1E->6c928baf-cc3b-4a10-9362-ff4e15dca71d: receive RaftClientReply:client-71F61C017E1E->6c928baf-cc3b-4a10-9362-ff4e15dca71d@group-586430B97ADD, cid=1830, SUCCESS, logIndex=2667, commits[6c928baf-cc3b-4a10-9362-ff4e15dca71d:c2669]
2019-08-10 04:38:13,837 INFO  client.GrpcClientProtocolClient (GrpcClientProtocolClient.java:onNext(255)) - client-71F61C017E1E->6c928baf-cc3b-4a10-9362-ff4e15dca71d: receive RaftClientReply:client-71F61C017E1E->6c928baf-cc3b-4a10-9362-ff4e15dca71d@group-586430B97ADD, cid=1831, SUCCESS, logIndex=2668, commits[6c928baf-cc3b-4a10-9362-ff4e15dca71d:c2669]
2019-08-10 04:38:13,837 INFO  client.GrpcClientProtocolClient (GrpcClientProtocolClient.java:onNext(255)) - client-71F61C017E1E->6c928baf-cc3b-4a10-9362-ff4e15dca71d: receive RaftClientReply:client-71F61C017E1E->6c928baf-cc3b-4a10-9362-ff4e15dca71d@group-586430B97ADD, cid=1832, SUCCESS, logIndex=2669, commits[6c928baf-cc3b-4a10-9362-ff4e15dca71d:c2670]
2019-08-10 04:38:13,866 INFO  client.GrpcClientProtocolClient (GrpcClientProtocolClient.java:onNext(255)) - client-71F61C017E1E->6c928baf-cc3b-4a10-9362-ff4e15dca71d: receive RaftClientReply:client-71F61C017E1E->6c928baf-cc3b-4a10-9362-ff4e15dca71d@group-586430B97ADD, cid=1833, SUCCESS, logIndex=2672, commits[6c928baf-cc3b-4a10-9362-ff4e15dca71d:c2675]
2019-08-10 04:38:13,866 INFO  client.GrpcClientProtocolClient (GrpcClientProtocolClient.java:onNext(255)) - client-71F61C017E1E->6c928baf-cc3b-4a10-9362-ff4e15dca71d: receive RaftClientReply:client-71F61C017E1E->6c928baf-cc3b-4a10-9362-ff4e15dca71d@group-586430B97ADD, cid=1834, SUCCESS, logIndex=2673, commits[6c928baf-cc3b-4a10-9362-ff4e15dca71d:c2676]
2019-08-10 04:38:13,867 INFO  client.GrpcClientProtocolClient (GrpcClientProtocolClient.java:onNext(255)) - client-71F61C017E1E->6c928baf-cc3b-4a10-9362-ff4e15dca71d: receive RaftClientReply:client-71F61C017E1E->6c928baf-cc3b-4a10-9362-ff4e15dca71d@group-586430B97ADD, cid=1835, SUCCESS, logIndex=2674, commits[6c928baf-cc3b-4a10-9362-ff4e15dca71d:c2676]
2019-08-10 04:38:13,867 INFO  client.GrpcClientProtocolClient (GrpcClientProtocolClient.java:onNext(255)) - client-71F61C017E1E->6c928baf-cc3b-4a10-9362-ff4e15dca71d: receive RaftClientReply:client-71F61C017E1E->6c928baf-cc3b-4a10-9362-ff4e15dca71d@group-586430B97ADD, cid=1836, SUCCESS, logIndex=2675, commits[6c928baf-cc3b-4a10-9362-ff4e15dca71d:c2676]
2019-08-10 04:38:13,886 INFO  client.GrpcClientProtocolClient (GrpcClientProtocolClient.java:onNext(255)) - client-71F61C017E1E->6c928baf-cc3b-4a10-9362-ff4e15dca71d: receive RaftClientReply:client-71F61C017E1E->6c928baf-cc3b-4a10-9362-ff4e15dca71d@group-586430B97ADD, cid=1837, SUCCESS, logIndex=2677, commits[6c928baf-cc3b-4a10-9362-ff4e15dca71d:c2678]
2019-08-10 04:38:13,886 INFO  client.GrpcClientProtocolClient (GrpcClientProtocolClient.java:onNext(255)) - client-71F61C017E1E->6c928baf-cc3b-4a10-9362-ff4e15dca71d: receive RaftClientReply:client-71F61C017E1E->6c928baf-cc3b-4a10-9362-ff4e15dca71d@group-586430B97ADD, cid=1838, SUCCESS, logIndex=2678, commits[6c928baf-cc3b-4a10-9362-ff4e15dca71d:c2680]
2019-08-10 04:38:13,887 INFO  client.GrpcClientProtocolClient (GrpcClientProtocolClient.java:onNext(255)) - client-71F61C017E1E->6c928baf-cc3b-4a10-9362-ff4e15dca71d: receive RaftClientReply:client-71F61C017E1E->6c928baf-cc3b-4a10-9362-ff4e15dca71d@group-586430B97ADD, cid=1839, SUCCESS, logIndex=2679, commits[6c928baf-cc3b-4a10-9362-ff4e15dca71d:c2680]
2019-08-10 04:38:13,887 INFO  client.GrpcClientProtocolClient (GrpcClientProtocolClient.java:onNext(255)) - client-71F61C017E1E->6c928baf-cc3b-4a10-9362-ff4e15dca71d: receive RaftClientReply:client-71F61C017E1E->6c928baf-cc3b-4a10-9362-ff4e15dca71d@group-586430B97ADD, cid=1840, SUCCESS, logIndex=2680, commits[6c928baf-cc3b-4a10-9362-ff4e15dca71d:c2681]
2019-08-10 04:38:13,900 DEBUG block.SCMBlockDeletingService (SCMBlockDeletingService.java:call(138)) - Running DeletedBlockTransactionScanner
2019-08-10 04:38:13,900 DEBUG block.SCMBlockDeletingService (SCMBlockDeletingService.java:call(155)) - Scanned deleted blocks log and got 0 delTX to process.
2019-08-10 04:38:13,915 INFO  client.GrpcClientProtocolClient (GrpcClientProtocolClient.java:onNext(255)) - client-71F61C017E1E->6c928baf-cc3b-4a10-9362-ff4e15dca71d: receive RaftClientReply:client-71F61C017E1E->6c928baf-cc3b-4a10-9362-ff4e15dca71d@group-586430B97ADD, cid=1841, SUCCESS, logIndex=2683, commits[6c928baf-cc3b-4a10-9362-ff4e15dca71d:c2684]
2019-08-10 04:38:13,915 INFO  client.GrpcClientProtocolClient (GrpcClientProtocolClient.java:onNext(255)) - client-71F61C017E1E->6c928baf-cc3b-4a10-9362-ff4e15dca71d: receive RaftClientReply:client-71F61C017E1E->6c928baf-cc3b-4a10-9362-ff4e15dca71d@group-586430B97ADD, cid=1842, SUCCESS, logIndex=2684, commits[6c928baf-cc3b-4a10-9362-ff4e15dca71d:c2686]
2019-08-10 04:38:13,916 INFO  client.GrpcClientProtocolClient (GrpcClientProtocolClient.java:onNext(255)) - client-71F61C017E1E->6c928baf-cc3b-4a10-9362-ff4e15dca71d: receive RaftClientReply:client-71F61C017E1E->6c928baf-cc3b-4a10-9362-ff4e15dca71d@group-586430B97ADD, cid=1843, SUCCESS, logIndex=2685, commits[6c928baf-cc3b-4a10-9362-ff4e15dca71d:c2687]
2019-08-10 04:38:13,916 INFO  client.GrpcClientProtocolClient (GrpcClientProtocolClient.java:onNext(255)) - client-71F61C017E1E->6c928baf-cc3b-4a10-9362-ff4e15dca71d: receive RaftClientReply:client-71F61C017E1E->6c928baf-cc3b-4a10-9362-ff4e15dca71d@group-586430B97ADD, cid=1844, SUCCESS, logIndex=2686, commits[6c928baf-cc3b-4a10-9362-ff4e15dca71d:c2687]
2019-08-10 04:38:13,937 INFO  client.GrpcClientProtocolClient (GrpcClientProtocolClient.java:onNext(255)) - client-71F61C017E1E->6c928baf-cc3b-4a10-9362-ff4e15dca71d: receive RaftClientReply:client-71F61C017E1E->6c928baf-cc3b-4a10-9362-ff4e15dca71d@group-586430B97ADD, cid=1845, SUCCESS, logIndex=2689, commits[6c928baf-cc3b-4a10-9362-ff4e15dca71d:c2692]
2019-08-10 04:38:13,937 INFO  client.GrpcClientProtocolClient (GrpcClientProtocolClient.java:onNext(255)) - client-71F61C017E1E->6c928baf-cc3b-4a10-9362-ff4e15dca71d: receive RaftClientReply:client-71F61C017E1E->6c928baf-cc3b-4a10-9362-ff4e15dca71d@group-586430B97ADD, cid=1846, SUCCESS, logIndex=2690, commits[6c928baf-cc3b-4a10-9362-ff4e15dca71d:c2693]
2019-08-10 04:38:13,938 INFO  client.GrpcClientProtocolClient (GrpcClientProtocolClient.java:onNext(255)) - client-71F61C017E1E->6c928baf-cc3b-4a10-9362-ff4e15dca71d: receive RaftClientReply:client-71F61C017E1E->6c928baf-cc3b-4a10-9362-ff4e15dca71d@group-586430B97ADD, cid=1847, SUCCESS, logIndex=2691, commits[6c928baf-cc3b-4a10-9362-ff4e15dca71d:c2693]
2019-08-10 04:38:13,938 INFO  client.GrpcClientProtocolClient (GrpcClientProtocolClient.java:onNext(255)) - client-71F61C017E1E->6c928baf-cc3b-4a10-9362-ff4e15dca71d: receive RaftClientReply:client-71F61C017E1E->6c928baf-cc3b-4a10-9362-ff4e15dca71d@group-586430B97ADD, cid=1848, SUCCESS, logIndex=2692, commits[6c928baf-cc3b-4a10-9362-ff4e15dca71d:c2693]
2019-08-10 04:38:13,968 INFO  client.GrpcClientProtocolClient (GrpcClientProtocolClient.java:onNext(255)) - client-71F61C017E1E->6c928baf-cc3b-4a10-9362-ff4e15dca71d: receive RaftClientReply:client-71F61C017E1E->6c928baf-cc3b-4a10-9362-ff4e15dca71d@group-586430B97ADD, cid=1849, SUCCESS, logIndex=2694, commits[6c928baf-cc3b-4a10-9362-ff4e15dca71d:c2697]
2019-08-10 04:38:13,969 INFO  client.GrpcClientProtocolClient (GrpcClientProtocolClient.java:onNext(255)) - client-71F61C017E1E->6c928baf-cc3b-4a10-9362-ff4e15dca71d: receive RaftClientReply:client-71F61C017E1E->6c928baf-cc3b-4a10-9362-ff4e15dca71d@group-586430B97ADD, cid=1850, SUCCESS, logIndex=2695, commits[6c928baf-cc3b-4a10-9362-ff4e15dca71d:c2698]
2019-08-10 04:38:13,969 INFO  client.GrpcClientProtocolClient (GrpcClientProtocolClient.java:onNext(255)) - client-71F61C017E1E->6c928baf-cc3b-4a10-9362-ff4e15dca71d: receive RaftClientReply:client-71F61C017E1E->6c928baf-cc3b-4a10-9362-ff4e15dca71d@group-586430B97ADD, cid=1851, SUCCESS, logIndex=2696, commits[6c928baf-cc3b-4a10-9362-ff4e15dca71d:c2698]
2019-08-10 04:38:13,969 INFO  client.GrpcClientProtocolClient (GrpcClientProtocolClient.java:onNext(255)) - client-71F61C017E1E->6c928baf-cc3b-4a10-9362-ff4e15dca71d: receive RaftClientReply:client-71F61C017E1E->6c928baf-cc3b-4a10-9362-ff4e15dca71d@group-586430B97ADD, cid=1852, SUCCESS, logIndex=2697, commits[6c928baf-cc3b-4a10-9362-ff4e15dca71d:c2698]
2019-08-10 04:38:13,986 INFO  client.GrpcClientProtocolClient (GrpcClientProtocolClient.java:onNext(255)) - client-71F61C017E1E->6c928baf-cc3b-4a10-9362-ff4e15dca71d: receive RaftClientReply:client-71F61C017E1E->6c928baf-cc3b-4a10-9362-ff4e15dca71d@group-586430B97ADD, cid=1853, SUCCESS, logIndex=2699, commits[6c928baf-cc3b-4a10-9362-ff4e15dca71d:c2700]
2019-08-10 04:38:13,987 INFO  client.GrpcClientProtocolClient (GrpcClientProtocolClient.java:onNext(255)) - client-71F61C017E1E->6c928baf-cc3b-4a10-9362-ff4e15dca71d: receive RaftClientReply:client-71F61C017E1E->6c928baf-cc3b-4a10-9362-ff4e15dca71d@group-586430B97ADD, cid=1854, SUCCESS, logIndex=2700, commits[6c928baf-cc3b-4a10-9362-ff4e15dca71d:c2702]
2019-08-10 04:38:13,987 INFO  client.GrpcClientProtocolClient (GrpcClientProtocolClient.java:onNext(255)) - client-71F61C017E1E->6c928baf-cc3b-4a10-9362-ff4e15dca71d: receive RaftClientReply:client-71F61C017E1E->6c928baf-cc3b-4a10-9362-ff4e15dca71d@group-586430B97ADD, cid=1855, SUCCESS, logIndex=2701, commits[6c928baf-cc3b-4a10-9362-ff4e15dca71d:c2703]
2019-08-10 04:38:13,988 INFO  client.GrpcClientProtocolClient (GrpcClientProtocolClient.java:onNext(255)) - client-71F61C017E1E->6c928baf-cc3b-4a10-9362-ff4e15dca71d: receive RaftClientReply:client-71F61C017E1E->6c928baf-cc3b-4a10-9362-ff4e15dca71d@group-586430B97ADD, cid=1856, SUCCESS, logIndex=2702, commits[6c928baf-cc3b-4a10-9362-ff4e15dca71d:c2703]
2019-08-10 04:38:14,000 DEBUG block.SCMBlockDeletingService (SCMBlockDeletingService.java:call(138)) - Running DeletedBlockTransactionScanner
2019-08-10 04:38:14,001 DEBUG block.SCMBlockDeletingService (SCMBlockDeletingService.java:call(155)) - Scanned deleted blocks log and got 0 delTX to process.
2019-08-10 04:38:14,101 DEBUG block.SCMBlockDeletingService (SCMBlockDeletingService.java:call(138)) - Running DeletedBlockTransactionScanner
2019-08-10 04:38:14,101 DEBUG block.SCMBlockDeletingService (SCMBlockDeletingService.java:call(155)) - Scanned deleted blocks log and got 0 delTX to process.
2019-08-10 04:38:14,117 INFO  client.GrpcClientProtocolClient (GrpcClientProtocolClient.java:onNext(255)) - client-71F61C017E1E->6c928baf-cc3b-4a10-9362-ff4e15dca71d: receive RaftClientReply:client-71F61C017E1E->6c928baf-cc3b-4a10-9362-ff4e15dca71d@group-586430B97ADD, cid=1857, SUCCESS, logIndex=2705, commits[6c928baf-cc3b-4a10-9362-ff4e15dca71d:c2709]
2019-08-10 04:38:14,118 INFO  client.GrpcClientProtocolClient (GrpcClientProtocolClient.java:onNext(255)) - client-71F61C017E1E->6c928baf-cc3b-4a10-9362-ff4e15dca71d: receive RaftClientReply:client-71F61C017E1E->6c928baf-cc3b-4a10-9362-ff4e15dca71d@group-586430B97ADD, cid=1858, SUCCESS, logIndex=2706, commits[6c928baf-cc3b-4a10-9362-ff4e15dca71d:c2709]
2019-08-10 04:38:14,118 INFO  client.GrpcClientProtocolClient (GrpcClientProtocolClient.java:onNext(255)) - client-71F61C017E1E->6c928baf-cc3b-4a10-9362-ff4e15dca71d: receive RaftClientReply:client-71F61C017E1E->6c928baf-cc3b-4a10-9362-ff4e15dca71d@group-586430B97ADD, cid=1859, SUCCESS, logIndex=2707, commits[6c928baf-cc3b-4a10-9362-ff4e15dca71d:c2709]
2019-08-10 04:38:14,119 INFO  client.GrpcClientProtocolClient (GrpcClientProtocolClient.java:onNext(255)) - client-71F61C017E1E->6c928baf-cc3b-4a10-9362-ff4e15dca71d: receive RaftClientReply:client-71F61C017E1E->6c928baf-cc3b-4a10-9362-ff4e15dca71d@group-586430B97ADD, cid=1860, SUCCESS, logIndex=2708, commits[6c928baf-cc3b-4a10-9362-ff4e15dca71d:c2709]
2019-08-10 04:38:14,138 INFO  client.GrpcClientProtocolClient (GrpcClientProtocolClient.java:onNext(255)) - client-71F61C017E1E->6c928baf-cc3b-4a10-9362-ff4e15dca71d: receive RaftClientReply:client-71F61C017E1E->6c928baf-cc3b-4a10-9362-ff4e15dca71d@group-586430B97ADD, cid=1861, SUCCESS, logIndex=2710, commits[6c928baf-cc3b-4a10-9362-ff4e15dca71d:c2711]
2019-08-10 04:38:14,139 INFO  client.GrpcClientProtocolClient (GrpcClientProtocolClient.java:onNext(255)) - client-71F61C017E1E->6c928baf-cc3b-4a10-9362-ff4e15dca71d: receive RaftClientReply:client-71F61C017E1E->6c928baf-cc3b-4a10-9362-ff4e15dca71d@group-586430B97ADD, cid=1862, SUCCESS, logIndex=2711, commits[6c928baf-cc3b-4a10-9362-ff4e15dca71d:c2713]
2019-08-10 04:38:14,139 INFO  client.GrpcClientProtocolClient (GrpcClientProtocolClient.java:onNext(255)) - client-71F61C017E1E->6c928baf-cc3b-4a10-9362-ff4e15dca71d: receive RaftClientReply:client-71F61C017E1E->6c928baf-cc3b-4a10-9362-ff4e15dca71d@group-586430B97ADD, cid=1863, SUCCESS, logIndex=2712, commits[6c928baf-cc3b-4a10-9362-ff4e15dca71d:c2713]
2019-08-10 04:38:14,139 INFO  client.GrpcClientProtocolClient (GrpcClientProtocolClient.java:onNext(255)) - client-71F61C017E1E->6c928baf-cc3b-4a10-9362-ff4e15dca71d: receive RaftClientReply:client-71F61C017E1E->6c928baf-cc3b-4a10-9362-ff4e15dca71d@group-586430B97ADD, cid=1864, SUCCESS, logIndex=2713, commits[6c928baf-cc3b-4a10-9362-ff4e15dca71d:c2714]
2019-08-10 04:38:14,167 INFO  client.GrpcClientProtocolClient (GrpcClientProtocolClient.java:onNext(255)) - client-71F61C017E1E->6c928baf-cc3b-4a10-9362-ff4e15dca71d: receive RaftClientReply:client-71F61C017E1E->6c928baf-cc3b-4a10-9362-ff4e15dca71d@group-586430B97ADD, cid=1865, SUCCESS, logIndex=2716, commits[6c928baf-cc3b-4a10-9362-ff4e15dca71d:c2717]
2019-08-10 04:38:14,167 INFO  client.GrpcClientProtocolClient (GrpcClientProtocolClient.java:onNext(255)) - client-71F61C017E1E->6c928baf-cc3b-4a10-9362-ff4e15dca71d: receive RaftClientReply:client-71F61C017E1E->6c928baf-cc3b-4a10-9362-ff4e15dca71d@group-586430B97ADD, cid=1866, SUCCESS, logIndex=2717, commits[6c928baf-cc3b-4a10-9362-ff4e15dca71d:c2719]
2019-08-10 04:38:14,168 INFO  client.GrpcClientProtocolClient (GrpcClientProtocolClient.java:onNext(255)) - client-71F61C017E1E->6c928baf-cc3b-4a10-9362-ff4e15dca71d: receive RaftClientReply:client-71F61C017E1E->6c928baf-cc3b-4a10-9362-ff4e15dca71d@group-586430B97ADD, cid=1867, SUCCESS, logIndex=2718, commits[6c928baf-cc3b-4a10-9362-ff4e15dca71d:c2720]
2019-08-10 04:38:14,168 INFO  client.GrpcClientProtocolClient (GrpcClientProtocolClient.java:onNext(255)) - client-71F61C017E1E->6c928baf-cc3b-4a10-9362-ff4e15dca71d: receive RaftClientReply:client-71F61C017E1E->6c928baf-cc3b-4a10-9362-ff4e15dca71d@group-586430B97ADD, cid=1868, SUCCESS, logIndex=2719, commits[6c928baf-cc3b-4a10-9362-ff4e15dca71d:c2720]
2019-08-10 04:38:14,187 INFO  client.GrpcClientProtocolClient (GrpcClientProtocolClient.java:onNext(255)) - client-71F61C017E1E->6c928baf-cc3b-4a10-9362-ff4e15dca71d: receive RaftClientReply:client-71F61C017E1E->6c928baf-cc3b-4a10-9362-ff4e15dca71d@group-586430B97ADD, cid=1869, SUCCESS, logIndex=2722, commits[6c928baf-cc3b-4a10-9362-ff4e15dca71d:c2723]
2019-08-10 04:38:14,188 INFO  client.GrpcClientProtocolClient (GrpcClientProtocolClient.java:onNext(255)) - client-71F61C017E1E->6c928baf-cc3b-4a10-9362-ff4e15dca71d: receive RaftClientReply:client-71F61C017E1E->6c928baf-cc3b-4a10-9362-ff4e15dca71d@group-586430B97ADD, cid=1870, SUCCESS, logIndex=2723, commits[6c928baf-cc3b-4a10-9362-ff4e15dca71d:c2725]
2019-08-10 04:38:14,188 INFO  client.GrpcClientProtocolClient (GrpcClientProtocolClient.java:onNext(255)) - client-71F61C017E1E->6c928baf-cc3b-4a10-9362-ff4e15dca71d: receive RaftClientReply:client-71F61C017E1E->6c928baf-cc3b-4a10-9362-ff4e15dca71d@group-586430B97ADD, cid=1871, SUCCESS, logIndex=2724, commits[6c928baf-cc3b-4a10-9362-ff4e15dca71d:c2726]
2019-08-10 04:38:14,189 INFO  client.GrpcClientProtocolClient (GrpcClientProtocolClient.java:onNext(255)) - client-71F61C017E1E->6c928baf-cc3b-4a10-9362-ff4e15dca71d: receive RaftClientReply:client-71F61C017E1E->6c928baf-cc3b-4a10-9362-ff4e15dca71d@group-586430B97ADD, cid=1872, SUCCESS, logIndex=2725, commits[6c928baf-cc3b-4a10-9362-ff4e15dca71d:c2726]
2019-08-10 04:38:14,202 DEBUG block.SCMBlockDeletingService (SCMBlockDeletingService.java:call(138)) - Running DeletedBlockTransactionScanner
2019-08-10 04:38:14,202 DEBUG block.SCMBlockDeletingService (SCMBlockDeletingService.java:call(155)) - Scanned deleted blocks log and got 0 delTX to process.
2019-08-10 04:38:14,216 INFO  client.GrpcClientProtocolClient (GrpcClientProtocolClient.java:onNext(255)) - client-71F61C017E1E->6c928baf-cc3b-4a10-9362-ff4e15dca71d: receive RaftClientReply:client-71F61C017E1E->6c928baf-cc3b-4a10-9362-ff4e15dca71d@group-586430B97ADD, cid=1873, SUCCESS, logIndex=2728, commits[6c928baf-cc3b-4a10-9362-ff4e15dca71d:c2729]
2019-08-10 04:38:14,217 INFO  client.GrpcClientProtocolClient (GrpcClientProtocolClient.java:onNext(255)) - client-71F61C017E1E->6c928baf-cc3b-4a10-9362-ff4e15dca71d: receive RaftClientReply:client-71F61C017E1E->6c928baf-cc3b-4a10-9362-ff4e15dca71d@group-586430B97ADD, cid=1874, SUCCESS, logIndex=2729, commits[6c928baf-cc3b-4a10-9362-ff4e15dca71d:c2731]
2019-08-10 04:38:14,217 INFO  client.GrpcClientProtocolClient (GrpcClientProtocolClient.java:onNext(255)) - client-71F61C017E1E->6c928baf-cc3b-4a10-9362-ff4e15dca71d: receive RaftClientReply:client-71F61C017E1E->6c928baf-cc3b-4a10-9362-ff4e15dca71d@group-586430B97ADD, cid=1875, SUCCESS, logIndex=2730, commits[6c928baf-cc3b-4a10-9362-ff4e15dca71d:c2732]
2019-08-10 04:38:14,217 INFO  client.GrpcClientProtocolClient (GrpcClientProtocolClient.java:onNext(255)) - client-71F61C017E1E->6c928baf-cc3b-4a10-9362-ff4e15dca71d: receive RaftClientReply:client-71F61C017E1E->6c928baf-cc3b-4a10-9362-ff4e15dca71d@group-586430B97ADD, cid=1876, SUCCESS, logIndex=2731, commits[6c928baf-cc3b-4a10-9362-ff4e15dca71d:c2732]
2019-08-10 04:38:14,236 INFO  client.GrpcClientProtocolClient (GrpcClientProtocolClient.java:onNext(255)) - client-71F61C017E1E->6c928baf-cc3b-4a10-9362-ff4e15dca71d: receive RaftClientReply:client-71F61C017E1E->6c928baf-cc3b-4a10-9362-ff4e15dca71d@group-586430B97ADD, cid=1877, SUCCESS, logIndex=2734, commits[6c928baf-cc3b-4a10-9362-ff4e15dca71d:c2735]
2019-08-10 04:38:14,237 INFO  client.GrpcClientProtocolClient (GrpcClientProtocolClient.java:onNext(255)) - client-71F61C017E1E->6c928baf-cc3b-4a10-9362-ff4e15dca71d: receive RaftClientReply:client-71F61C017E1E->6c928baf-cc3b-4a10-9362-ff4e15dca71d@group-586430B97ADD, cid=1878, SUCCESS, logIndex=2735, commits[6c928baf-cc3b-4a10-9362-ff4e15dca71d:c2737]
2019-08-10 04:38:14,237 INFO  client.GrpcClientProtocolClient (GrpcClientProtocolClient.java:onNext(255)) - client-71F61C017E1E->6c928baf-cc3b-4a10-9362-ff4e15dca71d: receive RaftClientReply:client-71F61C017E1E->6c928baf-cc3b-4a10-9362-ff4e15dca71d@group-586430B97ADD, cid=1879, SUCCESS, logIndex=2736, commits[6c928baf-cc3b-4a10-9362-ff4e15dca71d:c2738]
2019-08-10 04:38:14,238 INFO  client.GrpcClientProtocolClient (GrpcClientProtocolClient.java:onNext(255)) - client-71F61C017E1E->6c928baf-cc3b-4a10-9362-ff4e15dca71d: receive RaftClientReply:client-71F61C017E1E->6c928baf-cc3b-4a10-9362-ff4e15dca71d@group-586430B97ADD, cid=1880, SUCCESS, logIndex=2737, commits[6c928baf-cc3b-4a10-9362-ff4e15dca71d:c2739]
2019-08-10 04:38:14,265 INFO  client.GrpcClientProtocolClient (GrpcClientProtocolClient.java:onNext(255)) - client-71F61C017E1E->6c928baf-cc3b-4a10-9362-ff4e15dca71d: receive RaftClientReply:client-71F61C017E1E->6c928baf-cc3b-4a10-9362-ff4e15dca71d@group-586430B97ADD, cid=1881, SUCCESS, logIndex=2740, commits[6c928baf-cc3b-4a10-9362-ff4e15dca71d:c2741]
2019-08-10 04:38:14,266 INFO  client.GrpcClientProtocolClient (GrpcClientProtocolClient.java:onNext(255)) - client-71F61C017E1E->6c928baf-cc3b-4a10-9362-ff4e15dca71d: receive RaftClientReply:client-71F61C017E1E->6c928baf-cc3b-4a10-9362-ff4e15dca71d@group-586430B97ADD, cid=1882, SUCCESS, logIndex=2741, commits[6c928baf-cc3b-4a10-9362-ff4e15dca71d:c2743]
2019-08-10 04:38:14,266 INFO  client.GrpcClientProtocolClient (GrpcClientProtocolClient.java:onNext(255)) - client-71F61C017E1E->6c928baf-cc3b-4a10-9362-ff4e15dca71d: receive RaftClientReply:client-71F61C017E1E->6c928baf-cc3b-4a10-9362-ff4e15dca71d@group-586430B97ADD, cid=1883, SUCCESS, logIndex=2742, commits[6c928baf-cc3b-4a10-9362-ff4e15dca71d:c2744]
2019-08-10 04:38:14,266 INFO  client.GrpcClientProtocolClient (GrpcClientProtocolClient.java:onNext(255)) - client-71F61C017E1E->6c928baf-cc3b-4a10-9362-ff4e15dca71d: receive RaftClientReply:client-71F61C017E1E->6c928baf-cc3b-4a10-9362-ff4e15dca71d@group-586430B97ADD, cid=1884, SUCCESS, logIndex=2743, commits[6c928baf-cc3b-4a10-9362-ff4e15dca71d:c2744]
2019-08-10 04:38:14,286 INFO  client.GrpcClientProtocolClient (GrpcClientProtocolClient.java:onNext(255)) - client-71F61C017E1E->6c928baf-cc3b-4a10-9362-ff4e15dca71d: receive RaftClientReply:client-71F61C017E1E->6c928baf-cc3b-4a10-9362-ff4e15dca71d@group-586430B97ADD, cid=1885, SUCCESS, logIndex=2746, commits[6c928baf-cc3b-4a10-9362-ff4e15dca71d:c2747]
2019-08-10 04:38:14,287 INFO  client.GrpcClientProtocolClient (GrpcClientProtocolClient.java:onNext(255)) - client-71F61C017E1E->6c928baf-cc3b-4a10-9362-ff4e15dca71d: receive RaftClientReply:client-71F61C017E1E->6c928baf-cc3b-4a10-9362-ff4e15dca71d@group-586430B97ADD, cid=1886, SUCCESS, logIndex=2747, commits[6c928baf-cc3b-4a10-9362-ff4e15dca71d:c2747]
2019-08-10 04:38:14,288 INFO  client.GrpcClientProtocolClient (GrpcClientProtocolClient.java:onNext(255)) - client-71F61C017E1E->6c928baf-cc3b-4a10-9362-ff4e15dca71d: receive RaftClientReply:client-71F61C017E1E->6c928baf-cc3b-4a10-9362-ff4e15dca71d@group-586430B97ADD, cid=1887, SUCCESS, logIndex=2748, commits[6c928baf-cc3b-4a10-9362-ff4e15dca71d:c2750]
2019-08-10 04:38:14,288 INFO  client.GrpcClientProtocolClient (GrpcClientProtocolClient.java:onNext(255)) - client-71F61C017E1E->6c928baf-cc3b-4a10-9362-ff4e15dca71d: receive RaftClientReply:client-71F61C017E1E->6c928baf-cc3b-4a10-9362-ff4e15dca71d@group-586430B97ADD, cid=1888, SUCCESS, logIndex=2749, commits[6c928baf-cc3b-4a10-9362-ff4e15dca71d:c2750]
2019-08-10 04:38:14,302 DEBUG block.SCMBlockDeletingService (SCMBlockDeletingService.java:call(138)) - Running DeletedBlockTransactionScanner
2019-08-10 04:38:14,303 DEBUG block.SCMBlockDeletingService (SCMBlockDeletingService.java:call(155)) - Scanned deleted blocks log and got 0 delTX to process.
2019-08-10 04:38:14,317 INFO  client.GrpcClientProtocolClient (GrpcClientProtocolClient.java:onNext(255)) - client-71F61C017E1E->6c928baf-cc3b-4a10-9362-ff4e15dca71d: receive RaftClientReply:client-71F61C017E1E->6c928baf-cc3b-4a10-9362-ff4e15dca71d@group-586430B97ADD, cid=1889, SUCCESS, logIndex=2751, commits[6c928baf-cc3b-4a10-9362-ff4e15dca71d:c2754]
2019-08-10 04:38:14,318 INFO  client.GrpcClientProtocolClient (GrpcClientProtocolClient.java:onNext(255)) - client-71F61C017E1E->6c928baf-cc3b-4a10-9362-ff4e15dca71d: receive RaftClientReply:client-71F61C017E1E->6c928baf-cc3b-4a10-9362-ff4e15dca71d@group-586430B97ADD, cid=1890, SUCCESS, logIndex=2752, commits[6c928baf-cc3b-4a10-9362-ff4e15dca71d:c2755]
2019-08-10 04:38:14,318 INFO  client.GrpcClientProtocolClient (GrpcClientProtocolClient.java:onNext(255)) - client-71F61C017E1E->6c928baf-cc3b-4a10-9362-ff4e15dca71d: receive RaftClientReply:client-71F61C017E1E->6c928baf-cc3b-4a10-9362-ff4e15dca71d@group-586430B97ADD, cid=1891, SUCCESS, logIndex=2753, commits[6c928baf-cc3b-4a10-9362-ff4e15dca71d:c2755]
2019-08-10 04:38:14,319 INFO  client.GrpcClientProtocolClient (GrpcClientProtocolClient.java:onNext(255)) - client-71F61C017E1E->6c928baf-cc3b-4a10-9362-ff4e15dca71d: receive RaftClientReply:client-71F61C017E1E->6c928baf-cc3b-4a10-9362-ff4e15dca71d@group-586430B97ADD, cid=1892, SUCCESS, logIndex=2754, commits[6c928baf-cc3b-4a10-9362-ff4e15dca71d:c2755]
2019-08-10 04:38:14,337 INFO  client.GrpcClientProtocolClient (GrpcClientProtocolClient.java:onNext(255)) - client-71F61C017E1E->6c928baf-cc3b-4a10-9362-ff4e15dca71d: receive RaftClientReply:client-71F61C017E1E->6c928baf-cc3b-4a10-9362-ff4e15dca71d@group-586430B97ADD, cid=1893, SUCCESS, logIndex=2756, commits[6c928baf-cc3b-4a10-9362-ff4e15dca71d:c2757]
2019-08-10 04:38:14,337 INFO  client.GrpcClientProtocolClient (GrpcClientProtocolClient.java:onNext(255)) - client-71F61C017E1E->6c928baf-cc3b-4a10-9362-ff4e15dca71d: receive RaftClientReply:client-71F61C017E1E->6c928baf-cc3b-4a10-9362-ff4e15dca71d@group-586430B97ADD, cid=1894, SUCCESS, logIndex=2757, commits[6c928baf-cc3b-4a10-9362-ff4e15dca71d:c2759]
2019-08-10 04:38:14,338 INFO  client.GrpcClientProtocolClient (GrpcClientProtocolClient.java:onNext(255)) - client-71F61C017E1E->6c928baf-cc3b-4a10-9362-ff4e15dca71d: receive RaftClientReply:client-71F61C017E1E->6c928baf-cc3b-4a10-9362-ff4e15dca71d@group-586430B97ADD, cid=1895, SUCCESS, logIndex=2758, commits[6c928baf-cc3b-4a10-9362-ff4e15dca71d:c2759]
2019-08-10 04:38:14,338 INFO  client.GrpcClientProtocolClient (GrpcClientProtocolClient.java:onNext(255)) - client-71F61C017E1E->6c928baf-cc3b-4a10-9362-ff4e15dca71d: receive RaftClientReply:client-71F61C017E1E->6c928baf-cc3b-4a10-9362-ff4e15dca71d@group-586430B97ADD, cid=1896, SUCCESS, logIndex=2759, commits[6c928baf-cc3b-4a10-9362-ff4e15dca71d:c2760]
2019-08-10 04:38:14,354 INFO  client.GrpcClientProtocolClient (GrpcClientProtocolClient.java:onNext(255)) - client-71F61C017E1E->6c928baf-cc3b-4a10-9362-ff4e15dca71d: receive RaftClientReply:client-71F61C017E1E->6c928baf-cc3b-4a10-9362-ff4e15dca71d@group-586430B97ADD, cid=1897, SUCCESS, logIndex=2762, commits[6c928baf-cc3b-4a10-9362-ff4e15dca71d:c2763]
2019-08-10 04:38:14,354 INFO  client.GrpcClientProtocolClient (GrpcClientProtocolClient.java:onNext(255)) - client-71F61C017E1E->6c928baf-cc3b-4a10-9362-ff4e15dca71d: receive RaftClientReply:client-71F61C017E1E->6c928baf-cc3b-4a10-9362-ff4e15dca71d@group-586430B97ADD, cid=1898, SUCCESS, logIndex=2763, commits[6c928baf-cc3b-4a10-9362-ff4e15dca71d:c2763]
2019-08-10 04:38:14,356 INFO  client.GrpcClientProtocolClient (GrpcClientProtocolClient.java:onNext(255)) - client-71F61C017E1E->6c928baf-cc3b-4a10-9362-ff4e15dca71d: receive RaftClientReply:client-71F61C017E1E->6c928baf-cc3b-4a10-9362-ff4e15dca71d@group-586430B97ADD, cid=1899, SUCCESS, logIndex=2764, commits[6c928baf-cc3b-4a10-9362-ff4e15dca71d:c2766]
2019-08-10 04:38:14,356 INFO  client.GrpcClientProtocolClient (GrpcClientProtocolClient.java:onNext(255)) - client-71F61C017E1E->6c928baf-cc3b-4a10-9362-ff4e15dca71d: receive RaftClientReply:client-71F61C017E1E->6c928baf-cc3b-4a10-9362-ff4e15dca71d@group-586430B97ADD, cid=1900, SUCCESS, logIndex=2765, commits[6c928baf-cc3b-4a10-9362-ff4e15dca71d:c2766]
2019-08-10 04:38:14,415 DEBUG block.SCMBlockDeletingService (SCMBlockDeletingService.java:call(138)) - Running DeletedBlockTransactionScanner
2019-08-10 04:38:14,416 DEBUG block.SCMBlockDeletingService (SCMBlockDeletingService.java:call(155)) - Scanned deleted blocks log and got 0 delTX to process.
2019-08-10 04:38:14,516 DEBUG block.SCMBlockDeletingService (SCMBlockDeletingService.java:call(138)) - Running DeletedBlockTransactionScanner
2019-08-10 04:38:14,516 DEBUG block.SCMBlockDeletingService (SCMBlockDeletingService.java:call(155)) - Scanned deleted blocks log and got 0 delTX to process.
2019-08-10 04:38:14,553 INFO  client.GrpcClientProtocolClient (GrpcClientProtocolClient.java:onNext(255)) - client-71F61C017E1E->6c928baf-cc3b-4a10-9362-ff4e15dca71d: receive RaftClientReply:client-71F61C017E1E->6c928baf-cc3b-4a10-9362-ff4e15dca71d@group-586430B97ADD, cid=1901, SUCCESS, logIndex=2767, commits[6c928baf-cc3b-4a10-9362-ff4e15dca71d:c2768]
2019-08-10 04:38:14,553 INFO  client.GrpcClientProtocolClient (GrpcClientProtocolClient.java:onNext(255)) - client-71F61C017E1E->6c928baf-cc3b-4a10-9362-ff4e15dca71d: receive RaftClientReply:client-71F61C017E1E->6c928baf-cc3b-4a10-9362-ff4e15dca71d@group-586430B97ADD, cid=1902, SUCCESS, logIndex=2768, commits[6c928baf-cc3b-4a10-9362-ff4e15dca71d:c2770]
2019-08-10 04:38:14,554 INFO  client.GrpcClientProtocolClient (GrpcClientProtocolClient.java:onNext(255)) - client-71F61C017E1E->6c928baf-cc3b-4a10-9362-ff4e15dca71d: receive RaftClientReply:client-71F61C017E1E->6c928baf-cc3b-4a10-9362-ff4e15dca71d@group-586430B97ADD, cid=1903, SUCCESS, logIndex=2769, commits[6c928baf-cc3b-4a10-9362-ff4e15dca71d:c2771]
2019-08-10 04:38:14,554 INFO  client.GrpcClientProtocolClient (GrpcClientProtocolClient.java:onNext(255)) - client-71F61C017E1E->6c928baf-cc3b-4a10-9362-ff4e15dca71d: receive RaftClientReply:client-71F61C017E1E->6c928baf-cc3b-4a10-9362-ff4e15dca71d@group-586430B97ADD, cid=1904, SUCCESS, logIndex=2770, commits[6c928baf-cc3b-4a10-9362-ff4e15dca71d:c2772]
2019-08-10 04:38:14,580 INFO  client.GrpcClientProtocolClient (GrpcClientProtocolClient.java:onNext(255)) - client-71F61C017E1E->6c928baf-cc3b-4a10-9362-ff4e15dca71d: receive RaftClientReply:client-71F61C017E1E->6c928baf-cc3b-4a10-9362-ff4e15dca71d@group-586430B97ADD, cid=1905, SUCCESS, logIndex=2773, commits[6c928baf-cc3b-4a10-9362-ff4e15dca71d:c2776]
2019-08-10 04:38:14,581 INFO  client.GrpcClientProtocolClient (GrpcClientProtocolClient.java:onNext(255)) - client-71F61C017E1E->6c928baf-cc3b-4a10-9362-ff4e15dca71d: receive RaftClientReply:client-71F61C017E1E->6c928baf-cc3b-4a10-9362-ff4e15dca71d@group-586430B97ADD, cid=1906, SUCCESS, logIndex=2774, commits[6c928baf-cc3b-4a10-9362-ff4e15dca71d:c2776]
2019-08-10 04:38:14,581 INFO  client.GrpcClientProtocolClient (GrpcClientProtocolClient.java:onNext(255)) - client-71F61C017E1E->6c928baf-cc3b-4a10-9362-ff4e15dca71d: receive RaftClientReply:client-71F61C017E1E->6c928baf-cc3b-4a10-9362-ff4e15dca71d@group-586430B97ADD, cid=1907, SUCCESS, logIndex=2775, commits[6c928baf-cc3b-4a10-9362-ff4e15dca71d:c2776]
2019-08-10 04:38:14,581 INFO  client.GrpcClientProtocolClient (GrpcClientProtocolClient.java:onNext(255)) - client-71F61C017E1E->6c928baf-cc3b-4a10-9362-ff4e15dca71d: receive RaftClientReply:client-71F61C017E1E->6c928baf-cc3b-4a10-9362-ff4e15dca71d@group-586430B97ADD, cid=1908, SUCCESS, logIndex=2776, commits[6c928baf-cc3b-4a10-9362-ff4e15dca71d:c2777]
2019-08-10 04:38:14,601 INFO  client.GrpcClientProtocolClient (GrpcClientProtocolClient.java:onNext(255)) - client-71F61C017E1E->6c928baf-cc3b-4a10-9362-ff4e15dca71d: receive RaftClientReply:client-71F61C017E1E->6c928baf-cc3b-4a10-9362-ff4e15dca71d@group-586430B97ADD, cid=1909, SUCCESS, logIndex=2779, commits[6c928baf-cc3b-4a10-9362-ff4e15dca71d:c2782]
2019-08-10 04:38:14,601 INFO  client.GrpcClientProtocolClient (GrpcClientProtocolClient.java:onNext(255)) - client-71F61C017E1E->6c928baf-cc3b-4a10-9362-ff4e15dca71d: receive RaftClientReply:client-71F61C017E1E->6c928baf-cc3b-4a10-9362-ff4e15dca71d@group-586430B97ADD, cid=1910, SUCCESS, logIndex=2780, commits[6c928baf-cc3b-4a10-9362-ff4e15dca71d:c2783]
2019-08-10 04:38:14,602 INFO  client.GrpcClientProtocolClient (GrpcClientProtocolClient.java:onNext(255)) - client-71F61C017E1E->6c928baf-cc3b-4a10-9362-ff4e15dca71d: receive RaftClientReply:client-71F61C017E1E->6c928baf-cc3b-4a10-9362-ff4e15dca71d@group-586430B97ADD, cid=1911, SUCCESS, logIndex=2781, commits[6c928baf-cc3b-4a10-9362-ff4e15dca71d:c2783]
2019-08-10 04:38:14,602 INFO  client.GrpcClientProtocolClient (GrpcClientProtocolClient.java:onNext(255)) - client-71F61C017E1E->6c928baf-cc3b-4a10-9362-ff4e15dca71d: receive RaftClientReply:client-71F61C017E1E->6c928baf-cc3b-4a10-9362-ff4e15dca71d@group-586430B97ADD, cid=1912, SUCCESS, logIndex=2782, commits[6c928baf-cc3b-4a10-9362-ff4e15dca71d:c2783]
2019-08-10 04:38:14,617 DEBUG block.SCMBlockDeletingService (SCMBlockDeletingService.java:call(138)) - Running DeletedBlockTransactionScanner
2019-08-10 04:38:14,617 DEBUG block.SCMBlockDeletingService (SCMBlockDeletingService.java:call(155)) - Scanned deleted blocks log and got 0 delTX to process.
2019-08-10 04:38:14,629 INFO  client.GrpcClientProtocolClient (GrpcClientProtocolClient.java:onNext(255)) - client-71F61C017E1E->6c928baf-cc3b-4a10-9362-ff4e15dca71d: receive RaftClientReply:client-71F61C017E1E->6c928baf-cc3b-4a10-9362-ff4e15dca71d@group-586430B97ADD, cid=1913, SUCCESS, logIndex=2784, commits[6c928baf-cc3b-4a10-9362-ff4e15dca71d:c2785]
2019-08-10 04:38:14,630 INFO  client.GrpcClientProtocolClient (GrpcClientProtocolClient.java:onNext(255)) - client-71F61C017E1E->6c928baf-cc3b-4a10-9362-ff4e15dca71d: receive RaftClientReply:client-71F61C017E1E->6c928baf-cc3b-4a10-9362-ff4e15dca71d@group-586430B97ADD, cid=1914, SUCCESS, logIndex=2785, commits[6c928baf-cc3b-4a10-9362-ff4e15dca71d:c2787]
2019-08-10 04:38:14,630 INFO  client.GrpcClientProtocolClient (GrpcClientProtocolClient.java:onNext(255)) - client-71F61C017E1E->6c928baf-cc3b-4a10-9362-ff4e15dca71d: receive RaftClientReply:client-71F61C017E1E->6c928baf-cc3b-4a10-9362-ff4e15dca71d@group-586430B97ADD, cid=1915, SUCCESS, logIndex=2786, commits[6c928baf-cc3b-4a10-9362-ff4e15dca71d:c2788]
2019-08-10 04:38:14,631 INFO  client.GrpcClientProtocolClient (GrpcClientProtocolClient.java:onNext(255)) - client-71F61C017E1E->6c928baf-cc3b-4a10-9362-ff4e15dca71d: receive RaftClientReply:client-71F61C017E1E->6c928baf-cc3b-4a10-9362-ff4e15dca71d@group-586430B97ADD, cid=1916, SUCCESS, logIndex=2787, commits[6c928baf-cc3b-4a10-9362-ff4e15dca71d:c2788]
2019-08-10 04:38:14,650 INFO  client.GrpcClientProtocolClient (GrpcClientProtocolClient.java:onNext(255)) - client-71F61C017E1E->6c928baf-cc3b-4a10-9362-ff4e15dca71d: receive RaftClientReply:client-71F61C017E1E->6c928baf-cc3b-4a10-9362-ff4e15dca71d@group-586430B97ADD, cid=1917, SUCCESS, logIndex=2790, commits[6c928baf-cc3b-4a10-9362-ff4e15dca71d:c2791]
2019-08-10 04:38:14,651 INFO  client.GrpcClientProtocolClient (GrpcClientProtocolClient.java:onNext(255)) - client-71F61C017E1E->6c928baf-cc3b-4a10-9362-ff4e15dca71d: receive RaftClientReply:client-71F61C017E1E->6c928baf-cc3b-4a10-9362-ff4e15dca71d@group-586430B97ADD, cid=1918, SUCCESS, logIndex=2791, commits[6c928baf-cc3b-4a10-9362-ff4e15dca71d:c2793]
2019-08-10 04:38:14,651 INFO  client.GrpcClientProtocolClient (GrpcClientProtocolClient.java:onNext(255)) - client-71F61C017E1E->6c928baf-cc3b-4a10-9362-ff4e15dca71d: receive RaftClientReply:client-71F61C017E1E->6c928baf-cc3b-4a10-9362-ff4e15dca71d@group-586430B97ADD, cid=1919, SUCCESS, logIndex=2792, commits[6c928baf-cc3b-4a10-9362-ff4e15dca71d:c2794]
2019-08-10 04:38:14,652 INFO  client.GrpcClientProtocolClient (GrpcClientProtocolClient.java:onNext(255)) - client-71F61C017E1E->6c928baf-cc3b-4a10-9362-ff4e15dca71d: receive RaftClientReply:client-71F61C017E1E->6c928baf-cc3b-4a10-9362-ff4e15dca71d@group-586430B97ADD, cid=1920, SUCCESS, logIndex=2793, commits[6c928baf-cc3b-4a10-9362-ff4e15dca71d:c2794]
2019-08-10 04:38:14,677 INFO  client.GrpcClientProtocolClient (GrpcClientProtocolClient.java:onNext(255)) - client-71F61C017E1E->6c928baf-cc3b-4a10-9362-ff4e15dca71d: receive RaftClientReply:client-71F61C017E1E->6c928baf-cc3b-4a10-9362-ff4e15dca71d@group-586430B97ADD, cid=1921, SUCCESS, logIndex=2796, commits[6c928baf-cc3b-4a10-9362-ff4e15dca71d:c2797]
2019-08-10 04:38:14,678 INFO  client.GrpcClientProtocolClient (GrpcClientProtocolClient.java:onNext(255)) - client-71F61C017E1E->6c928baf-cc3b-4a10-9362-ff4e15dca71d: receive RaftClientReply:client-71F61C017E1E->6c928baf-cc3b-4a10-9362-ff4e15dca71d@group-586430B97ADD, cid=1922, SUCCESS, logIndex=2797, commits[6c928baf-cc3b-4a10-9362-ff4e15dca71d:c2799]
2019-08-10 04:38:14,678 INFO  client.GrpcClientProtocolClient (GrpcClientProtocolClient.java:onNext(255)) - client-71F61C017E1E->6c928baf-cc3b-4a10-9362-ff4e15dca71d: receive RaftClientReply:client-71F61C017E1E->6c928baf-cc3b-4a10-9362-ff4e15dca71d@group-586430B97ADD, cid=1923, SUCCESS, logIndex=2798, commits[6c928baf-cc3b-4a10-9362-ff4e15dca71d:c2799]
2019-08-10 04:38:14,679 INFO  client.GrpcClientProtocolClient (GrpcClientProtocolClient.java:onNext(255)) - client-71F61C017E1E->6c928baf-cc3b-4a10-9362-ff4e15dca71d: receive RaftClientReply:client-71F61C017E1E->6c928baf-cc3b-4a10-9362-ff4e15dca71d@group-586430B97ADD, cid=1924, SUCCESS, logIndex=2799, commits[6c928baf-cc3b-4a10-9362-ff4e15dca71d:c2800]
2019-08-10 04:38:14,698 INFO  client.GrpcClientProtocolClient (GrpcClientProtocolClient.java:onNext(255)) - client-71F61C017E1E->6c928baf-cc3b-4a10-9362-ff4e15dca71d: receive RaftClientReply:client-71F61C017E1E->6c928baf-cc3b-4a10-9362-ff4e15dca71d@group-586430B97ADD, cid=1925, SUCCESS, logIndex=2802, commits[6c928baf-cc3b-4a10-9362-ff4e15dca71d:c2805]
2019-08-10 04:38:14,699 INFO  client.GrpcClientProtocolClient (GrpcClientProtocolClient.java:onNext(255)) - client-71F61C017E1E->6c928baf-cc3b-4a10-9362-ff4e15dca71d: receive RaftClientReply:client-71F61C017E1E->6c928baf-cc3b-4a10-9362-ff4e15dca71d@group-586430B97ADD, cid=1926, SUCCESS, logIndex=2803, commits[6c928baf-cc3b-4a10-9362-ff4e15dca71d:c2806]
2019-08-10 04:38:14,699 INFO  client.GrpcClientProtocolClient (GrpcClientProtocolClient.java:onNext(255)) - client-71F61C017E1E->6c928baf-cc3b-4a10-9362-ff4e15dca71d: receive RaftClientReply:client-71F61C017E1E->6c928baf-cc3b-4a10-9362-ff4e15dca71d@group-586430B97ADD, cid=1927, SUCCESS, logIndex=2804, commits[6c928baf-cc3b-4a10-9362-ff4e15dca71d:c2806]
2019-08-10 04:38:14,699 INFO  client.GrpcClientProtocolClient (GrpcClientProtocolClient.java:onNext(255)) - client-71F61C017E1E->6c928baf-cc3b-4a10-9362-ff4e15dca71d: receive RaftClientReply:client-71F61C017E1E->6c928baf-cc3b-4a10-9362-ff4e15dca71d@group-586430B97ADD, cid=1928, SUCCESS, logIndex=2805, commits[6c928baf-cc3b-4a10-9362-ff4e15dca71d:c2807]
2019-08-10 04:38:14,717 DEBUG block.SCMBlockDeletingService (SCMBlockDeletingService.java:call(138)) - Running DeletedBlockTransactionScanner
2019-08-10 04:38:14,718 DEBUG block.SCMBlockDeletingService (SCMBlockDeletingService.java:call(155)) - Scanned deleted blocks log and got 0 delTX to process.
2019-08-10 04:38:14,726 INFO  client.GrpcClientProtocolClient (GrpcClientProtocolClient.java:onNext(255)) - client-71F61C017E1E->6c928baf-cc3b-4a10-9362-ff4e15dca71d: receive RaftClientReply:client-71F61C017E1E->6c928baf-cc3b-4a10-9362-ff4e15dca71d@group-586430B97ADD, cid=1929, SUCCESS, logIndex=2808, commits[6c928baf-cc3b-4a10-9362-ff4e15dca71d:c2809]
2019-08-10 04:38:14,727 INFO  client.GrpcClientProtocolClient (GrpcClientProtocolClient.java:onNext(255)) - client-71F61C017E1E->6c928baf-cc3b-4a10-9362-ff4e15dca71d: receive RaftClientReply:client-71F61C017E1E->6c928baf-cc3b-4a10-9362-ff4e15dca71d@group-586430B97ADD, cid=1930, SUCCESS, logIndex=2809, commits[6c928baf-cc3b-4a10-9362-ff4e15dca71d:c2811]
2019-08-10 04:38:14,727 INFO  client.GrpcClientProtocolClient (GrpcClientProtocolClient.java:onNext(255)) - client-71F61C017E1E->6c928baf-cc3b-4a10-9362-ff4e15dca71d: receive RaftClientReply:client-71F61C017E1E->6c928baf-cc3b-4a10-9362-ff4e15dca71d@group-586430B97ADD, cid=1931, SUCCESS, logIndex=2810, commits[6c928baf-cc3b-4a10-9362-ff4e15dca71d:c2811]
2019-08-10 04:38:14,727 INFO  client.GrpcClientProtocolClient (GrpcClientProtocolClient.java:onNext(255)) - client-71F61C017E1E->6c928baf-cc3b-4a10-9362-ff4e15dca71d: receive RaftClientReply:client-71F61C017E1E->6c928baf-cc3b-4a10-9362-ff4e15dca71d@group-586430B97ADD, cid=1932, SUCCESS, logIndex=2811, commits[6c928baf-cc3b-4a10-9362-ff4e15dca71d:c2812]
2019-08-10 04:38:14,746 INFO  client.GrpcClientProtocolClient (GrpcClientProtocolClient.java:onNext(255)) - client-71F61C017E1E->6c928baf-cc3b-4a10-9362-ff4e15dca71d: receive RaftClientReply:client-71F61C017E1E->6c928baf-cc3b-4a10-9362-ff4e15dca71d@group-586430B97ADD, cid=1933, SUCCESS, logIndex=2814, commits[6c928baf-cc3b-4a10-9362-ff4e15dca71d:c2815]
2019-08-10 04:38:14,746 INFO  client.GrpcClientProtocolClient (GrpcClientProtocolClient.java:onNext(255)) - client-71F61C017E1E->6c928baf-cc3b-4a10-9362-ff4e15dca71d: receive RaftClientReply:client-71F61C017E1E->6c928baf-cc3b-4a10-9362-ff4e15dca71d@group-586430B97ADD, cid=1934, SUCCESS, logIndex=2815, commits[6c928baf-cc3b-4a10-9362-ff4e15dca71d:c2817]
2019-08-10 04:38:14,746 INFO  client.GrpcClientProtocolClient (GrpcClientProtocolClient.java:onNext(255)) - client-71F61C017E1E->6c928baf-cc3b-4a10-9362-ff4e15dca71d: receive RaftClientReply:client-71F61C017E1E->6c928baf-cc3b-4a10-9362-ff4e15dca71d@group-586430B97ADD, cid=1935, SUCCESS, logIndex=2816, commits[6c928baf-cc3b-4a10-9362-ff4e15dca71d:c2818]
2019-08-10 04:38:14,747 INFO  client.GrpcClientProtocolClient (GrpcClientProtocolClient.java:onNext(255)) - client-71F61C017E1E->6c928baf-cc3b-4a10-9362-ff4e15dca71d: receive RaftClientReply:client-71F61C017E1E->6c928baf-cc3b-4a10-9362-ff4e15dca71d@group-586430B97ADD, cid=1936, SUCCESS, logIndex=2817, commits[6c928baf-cc3b-4a10-9362-ff4e15dca71d:c2818]
2019-08-10 04:38:14,774 INFO  client.GrpcClientProtocolClient (GrpcClientProtocolClient.java:onNext(255)) - client-71F61C017E1E->6c928baf-cc3b-4a10-9362-ff4e15dca71d: receive RaftClientReply:client-71F61C017E1E->6c928baf-cc3b-4a10-9362-ff4e15dca71d@group-586430B97ADD, cid=1937, SUCCESS, logIndex=2820, commits[6c928baf-cc3b-4a10-9362-ff4e15dca71d:c2823]
2019-08-10 04:38:14,774 INFO  client.GrpcClientProtocolClient (GrpcClientProtocolClient.java:onNext(255)) - client-71F61C017E1E->6c928baf-cc3b-4a10-9362-ff4e15dca71d: receive RaftClientReply:client-71F61C017E1E->6c928baf-cc3b-4a10-9362-ff4e15dca71d@group-586430B97ADD, cid=1938, SUCCESS, logIndex=2821, commits[6c928baf-cc3b-4a10-9362-ff4e15dca71d:c2823]
2019-08-10 04:38:14,775 INFO  client.GrpcClientProtocolClient (GrpcClientProtocolClient.java:onNext(255)) - client-71F61C017E1E->6c928baf-cc3b-4a10-9362-ff4e15dca71d: receive RaftClientReply:client-71F61C017E1E->6c928baf-cc3b-4a10-9362-ff4e15dca71d@group-586430B97ADD, cid=1939, SUCCESS, logIndex=2822, commits[6c928baf-cc3b-4a10-9362-ff4e15dca71d:c2824]
2019-08-10 04:38:14,775 INFO  client.GrpcClientProtocolClient (GrpcClientProtocolClient.java:onNext(255)) - client-71F61C017E1E->6c928baf-cc3b-4a10-9362-ff4e15dca71d: receive RaftClientReply:client-71F61C017E1E->6c928baf-cc3b-4a10-9362-ff4e15dca71d@group-586430B97ADD, cid=1940, SUCCESS, logIndex=2823, commits[6c928baf-cc3b-4a10-9362-ff4e15dca71d:c2825]
2019-08-10 04:38:14,792 INFO  client.GrpcClientProtocolClient (GrpcClientProtocolClient.java:onNext(255)) - client-71F61C017E1E->6c928baf-cc3b-4a10-9362-ff4e15dca71d: receive RaftClientReply:client-71F61C017E1E->6c928baf-cc3b-4a10-9362-ff4e15dca71d@group-586430B97ADD, cid=1941, SUCCESS, logIndex=2826, commits[6c928baf-cc3b-4a10-9362-ff4e15dca71d:c2827]
2019-08-10 04:38:14,792 INFO  client.GrpcClientProtocolClient (GrpcClientProtocolClient.java:onNext(255)) - client-71F61C017E1E->6c928baf-cc3b-4a10-9362-ff4e15dca71d: receive RaftClientReply:client-71F61C017E1E->6c928baf-cc3b-4a10-9362-ff4e15dca71d@group-586430B97ADD, cid=1942, SUCCESS, logIndex=2827, commits[6c928baf-cc3b-4a10-9362-ff4e15dca71d:c2829]
2019-08-10 04:38:14,792 INFO  client.GrpcClientProtocolClient (GrpcClientProtocolClient.java:onNext(255)) - client-71F61C017E1E->6c928baf-cc3b-4a10-9362-ff4e15dca71d: receive RaftClientReply:client-71F61C017E1E->6c928baf-cc3b-4a10-9362-ff4e15dca71d@group-586430B97ADD, cid=1943, SUCCESS, logIndex=2828, commits[6c928baf-cc3b-4a10-9362-ff4e15dca71d:c2829]
2019-08-10 04:38:14,793 INFO  client.GrpcClientProtocolClient (GrpcClientProtocolClient.java:onNext(255)) - client-71F61C017E1E->6c928baf-cc3b-4a10-9362-ff4e15dca71d: receive RaftClientReply:client-71F61C017E1E->6c928baf-cc3b-4a10-9362-ff4e15dca71d@group-586430B97ADD, cid=1944, SUCCESS, logIndex=2829, commits[6c928baf-cc3b-4a10-9362-ff4e15dca71d:c2830]
2019-08-10 04:38:14,818 DEBUG block.SCMBlockDeletingService (SCMBlockDeletingService.java:call(138)) - Running DeletedBlockTransactionScanner
2019-08-10 04:38:14,819 DEBUG block.SCMBlockDeletingService (SCMBlockDeletingService.java:call(155)) - Scanned deleted blocks log and got 0 delTX to process.
2019-08-10 04:38:14,919 DEBUG block.SCMBlockDeletingService (SCMBlockDeletingService.java:call(138)) - Running DeletedBlockTransactionScanner
2019-08-10 04:38:14,920 DEBUG block.SCMBlockDeletingService (SCMBlockDeletingService.java:call(155)) - Scanned deleted blocks log and got 0 delTX to process.
2019-08-10 04:38:14,921 INFO  client.GrpcClientProtocolClient (GrpcClientProtocolClient.java:onNext(255)) - client-71F61C017E1E->6c928baf-cc3b-4a10-9362-ff4e15dca71d: receive RaftClientReply:client-71F61C017E1E->6c928baf-cc3b-4a10-9362-ff4e15dca71d@group-586430B97ADD, cid=1945, SUCCESS, logIndex=2832, commits[6c928baf-cc3b-4a10-9362-ff4e15dca71d:c2833]
2019-08-10 04:38:14,922 INFO  client.GrpcClientProtocolClient (GrpcClientProtocolClient.java:onNext(255)) - client-71F61C017E1E->6c928baf-cc3b-4a10-9362-ff4e15dca71d: receive RaftClientReply:client-71F61C017E1E->6c928baf-cc3b-4a10-9362-ff4e15dca71d@group-586430B97ADD, cid=1946, SUCCESS, logIndex=2833, commits[6c928baf-cc3b-4a10-9362-ff4e15dca71d:c2835]
2019-08-10 04:38:14,922 INFO  client.GrpcClientProtocolClient (GrpcClientProtocolClient.java:onNext(255)) - client-71F61C017E1E->6c928baf-cc3b-4a10-9362-ff4e15dca71d: receive RaftClientReply:client-71F61C017E1E->6c928baf-cc3b-4a10-9362-ff4e15dca71d@group-586430B97ADD, cid=1947, SUCCESS, logIndex=2834, commits[6c928baf-cc3b-4a10-9362-ff4e15dca71d:c2836]
2019-08-10 04:38:14,923 INFO  client.GrpcClientProtocolClient (GrpcClientProtocolClient.java:onNext(255)) - client-71F61C017E1E->6c928baf-cc3b-4a10-9362-ff4e15dca71d: receive RaftClientReply:client-71F61C017E1E->6c928baf-cc3b-4a10-9362-ff4e15dca71d@group-586430B97ADD, cid=1948, SUCCESS, logIndex=2835, commits[6c928baf-cc3b-4a10-9362-ff4e15dca71d:c2837]
2019-08-10 04:38:14,947 INFO  client.GrpcClientProtocolClient (GrpcClientProtocolClient.java:onNext(255)) - client-71F61C017E1E->6c928baf-cc3b-4a10-9362-ff4e15dca71d: receive RaftClientReply:client-71F61C017E1E->6c928baf-cc3b-4a10-9362-ff4e15dca71d@group-586430B97ADD, cid=1949, SUCCESS, logIndex=2838, commits[6c928baf-cc3b-4a10-9362-ff4e15dca71d:c2841]
2019-08-10 04:38:14,948 INFO  client.GrpcClientProtocolClient (GrpcClientProtocolClient.java:onNext(255)) - client-71F61C017E1E->6c928baf-cc3b-4a10-9362-ff4e15dca71d: receive RaftClientReply:client-71F61C017E1E->6c928baf-cc3b-4a10-9362-ff4e15dca71d@group-586430B97ADD, cid=1950, SUCCESS, logIndex=2839, commits[6c928baf-cc3b-4a10-9362-ff4e15dca71d:c2841]
2019-08-10 04:38:14,948 INFO  client.GrpcClientProtocolClient (GrpcClientProtocolClient.java:onNext(255)) - client-71F61C017E1E->6c928baf-cc3b-4a10-9362-ff4e15dca71d: receive RaftClientReply:client-71F61C017E1E->6c928baf-cc3b-4a10-9362-ff4e15dca71d@group-586430B97ADD, cid=1951, SUCCESS, logIndex=2840, commits[6c928baf-cc3b-4a10-9362-ff4e15dca71d:c2842]
2019-08-10 04:38:14,948 INFO  client.GrpcClientProtocolClient (GrpcClientProtocolClient.java:onNext(255)) - client-71F61C017E1E->6c928baf-cc3b-4a10-9362-ff4e15dca71d: receive RaftClientReply:client-71F61C017E1E->6c928baf-cc3b-4a10-9362-ff4e15dca71d@group-586430B97ADD, cid=1952, SUCCESS, logIndex=2841, commits[6c928baf-cc3b-4a10-9362-ff4e15dca71d:c2842]
2019-08-10 04:38:14,976 INFO  client.GrpcClientProtocolClient (GrpcClientProtocolClient.java:onNext(255)) - client-71F61C017E1E->6c928baf-cc3b-4a10-9362-ff4e15dca71d: receive RaftClientReply:client-71F61C017E1E->6c928baf-cc3b-4a10-9362-ff4e15dca71d@group-586430B97ADD, cid=1953, SUCCESS, logIndex=2843, commits[6c928baf-cc3b-4a10-9362-ff4e15dca71d:c2844]
2019-08-10 04:38:14,977 INFO  client.GrpcClientProtocolClient (GrpcClientProtocolClient.java:onNext(255)) - client-71F61C017E1E->6c928baf-cc3b-4a10-9362-ff4e15dca71d: receive RaftClientReply:client-71F61C017E1E->6c928baf-cc3b-4a10-9362-ff4e15dca71d@group-586430B97ADD, cid=1954, SUCCESS, logIndex=2844, commits[6c928baf-cc3b-4a10-9362-ff4e15dca71d:c2846]
2019-08-10 04:38:14,977 INFO  client.GrpcClientProtocolClient (GrpcClientProtocolClient.java:onNext(255)) - client-71F61C017E1E->6c928baf-cc3b-4a10-9362-ff4e15dca71d: receive RaftClientReply:client-71F61C017E1E->6c928baf-cc3b-4a10-9362-ff4e15dca71d@group-586430B97ADD, cid=1955, SUCCESS, logIndex=2845, commits[6c928baf-cc3b-4a10-9362-ff4e15dca71d:c2847]
2019-08-10 04:38:14,978 INFO  client.GrpcClientProtocolClient (GrpcClientProtocolClient.java:onNext(255)) - client-71F61C017E1E->6c928baf-cc3b-4a10-9362-ff4e15dca71d: receive RaftClientReply:client-71F61C017E1E->6c928baf-cc3b-4a10-9362-ff4e15dca71d@group-586430B97ADD, cid=1956, SUCCESS, logIndex=2846, commits[6c928baf-cc3b-4a10-9362-ff4e15dca71d:c2847]
2019-08-10 04:38:14,998 INFO  client.GrpcClientProtocolClient (GrpcClientProtocolClient.java:onNext(255)) - client-71F61C017E1E->6c928baf-cc3b-4a10-9362-ff4e15dca71d: receive RaftClientReply:client-71F61C017E1E->6c928baf-cc3b-4a10-9362-ff4e15dca71d@group-586430B97ADD, cid=1957, SUCCESS, logIndex=2849, commits[6c928baf-cc3b-4a10-9362-ff4e15dca71d:c2850]
2019-08-10 04:38:14,998 INFO  client.GrpcClientProtocolClient (GrpcClientProtocolClient.java:onNext(255)) - client-71F61C017E1E->6c928baf-cc3b-4a10-9362-ff4e15dca71d: receive RaftClientReply:client-71F61C017E1E->6c928baf-cc3b-4a10-9362-ff4e15dca71d@group-586430B97ADD, cid=1958, SUCCESS, logIndex=2850, commits[6c928baf-cc3b-4a10-9362-ff4e15dca71d:c2852]
2019-08-10 04:38:14,999 INFO  client.GrpcClientProtocolClient (GrpcClientProtocolClient.java:onNext(255)) - client-71F61C017E1E->6c928baf-cc3b-4a10-9362-ff4e15dca71d: receive RaftClientReply:client-71F61C017E1E->6c928baf-cc3b-4a10-9362-ff4e15dca71d@group-586430B97ADD, cid=1959, SUCCESS, logIndex=2851, commits[6c928baf-cc3b-4a10-9362-ff4e15dca71d:c2852]
2019-08-10 04:38:14,999 INFO  client.GrpcClientProtocolClient (GrpcClientProtocolClient.java:onNext(255)) - client-71F61C017E1E->6c928baf-cc3b-4a10-9362-ff4e15dca71d: receive RaftClientReply:client-71F61C017E1E->6c928baf-cc3b-4a10-9362-ff4e15dca71d@group-586430B97ADD, cid=1960, SUCCESS, logIndex=2852, commits[6c928baf-cc3b-4a10-9362-ff4e15dca71d:c2854]
2019-08-10 04:38:15,020 DEBUG block.SCMBlockDeletingService (SCMBlockDeletingService.java:call(138)) - Running DeletedBlockTransactionScanner
2019-08-10 04:38:15,020 DEBUG block.SCMBlockDeletingService (SCMBlockDeletingService.java:call(155)) - Scanned deleted blocks log and got 0 delTX to process.
2019-08-10 04:38:15,029 INFO  client.GrpcClientProtocolClient (GrpcClientProtocolClient.java:onNext(255)) - client-71F61C017E1E->6c928baf-cc3b-4a10-9362-ff4e15dca71d: receive RaftClientReply:client-71F61C017E1E->6c928baf-cc3b-4a10-9362-ff4e15dca71d@group-586430B97ADD, cid=1961, SUCCESS, logIndex=2855, commits[6c928baf-cc3b-4a10-9362-ff4e15dca71d:c2858]
2019-08-10 04:38:15,029 INFO  client.GrpcClientProtocolClient (GrpcClientProtocolClient.java:onNext(255)) - client-71F61C017E1E->6c928baf-cc3b-4a10-9362-ff4e15dca71d: receive RaftClientReply:client-71F61C017E1E->6c928baf-cc3b-4a10-9362-ff4e15dca71d@group-586430B97ADD, cid=1962, SUCCESS, logIndex=2856, commits[6c928baf-cc3b-4a10-9362-ff4e15dca71d:c2859]
2019-08-10 04:38:15,030 INFO  client.GrpcClientProtocolClient (GrpcClientProtocolClient.java:onNext(255)) - client-71F61C017E1E->6c928baf-cc3b-4a10-9362-ff4e15dca71d: receive RaftClientReply:client-71F61C017E1E->6c928baf-cc3b-4a10-9362-ff4e15dca71d@group-586430B97ADD, cid=1963, SUCCESS, logIndex=2857, commits[6c928baf-cc3b-4a10-9362-ff4e15dca71d:c2859]
2019-08-10 04:38:15,030 INFO  client.GrpcClientProtocolClient (GrpcClientProtocolClient.java:onNext(255)) - client-71F61C017E1E->6c928baf-cc3b-4a10-9362-ff4e15dca71d: receive RaftClientReply:client-71F61C017E1E->6c928baf-cc3b-4a10-9362-ff4e15dca71d@group-586430B97ADD, cid=1964, SUCCESS, logIndex=2858, commits[6c928baf-cc3b-4a10-9362-ff4e15dca71d:c2859]
2019-08-10 04:38:15,050 INFO  client.GrpcClientProtocolClient (GrpcClientProtocolClient.java:onNext(255)) - client-71F61C017E1E->6c928baf-cc3b-4a10-9362-ff4e15dca71d: receive RaftClientReply:client-71F61C017E1E->6c928baf-cc3b-4a10-9362-ff4e15dca71d@group-586430B97ADD, cid=1965, SUCCESS, logIndex=2860, commits[6c928baf-cc3b-4a10-9362-ff4e15dca71d:c2861]
2019-08-10 04:38:15,050 INFO  client.GrpcClientProtocolClient (GrpcClientProtocolClient.java:onNext(255)) - client-71F61C017E1E->6c928baf-cc3b-4a10-9362-ff4e15dca71d: receive RaftClientReply:client-71F61C017E1E->6c928baf-cc3b-4a10-9362-ff4e15dca71d@group-586430B97ADD, cid=1966, SUCCESS, logIndex=2861, commits[6c928baf-cc3b-4a10-9362-ff4e15dca71d:c2863]
2019-08-10 04:38:15,051 INFO  client.GrpcClientProtocolClient (GrpcClientProtocolClient.java:onNext(255)) - client-71F61C017E1E->6c928baf-cc3b-4a10-9362-ff4e15dca71d: receive RaftClientReply:client-71F61C017E1E->6c928baf-cc3b-4a10-9362-ff4e15dca71d@group-586430B97ADD, cid=1967, SUCCESS, logIndex=2862, commits[6c928baf-cc3b-4a10-9362-ff4e15dca71d:c2864]
2019-08-10 04:38:15,051 INFO  client.GrpcClientProtocolClient (GrpcClientProtocolClient.java:onNext(255)) - client-71F61C017E1E->6c928baf-cc3b-4a10-9362-ff4e15dca71d: receive RaftClientReply:client-71F61C017E1E->6c928baf-cc3b-4a10-9362-ff4e15dca71d@group-586430B97ADD, cid=1968, SUCCESS, logIndex=2863, commits[6c928baf-cc3b-4a10-9362-ff4e15dca71d:c2864]
2019-08-10 04:38:15,079 INFO  client.GrpcClientProtocolClient (GrpcClientProtocolClient.java:onNext(255)) - client-71F61C017E1E->6c928baf-cc3b-4a10-9362-ff4e15dca71d: receive RaftClientReply:client-71F61C017E1E->6c928baf-cc3b-4a10-9362-ff4e15dca71d@group-586430B97ADD, cid=1969, SUCCESS, logIndex=2866, commits[6c928baf-cc3b-4a10-9362-ff4e15dca71d:c2867]
2019-08-10 04:38:15,080 INFO  client.GrpcClientProtocolClient (GrpcClientProtocolClient.java:onNext(255)) - client-71F61C017E1E->6c928baf-cc3b-4a10-9362-ff4e15dca71d: receive RaftClientReply:client-71F61C017E1E->6c928baf-cc3b-4a10-9362-ff4e15dca71d@group-586430B97ADD, cid=1970, SUCCESS, logIndex=2867, commits[6c928baf-cc3b-4a10-9362-ff4e15dca71d:c2869]
2019-08-10 04:38:15,080 INFO  client.GrpcClientProtocolClient (GrpcClientProtocolClient.java:onNext(255)) - client-71F61C017E1E->6c928baf-cc3b-4a10-9362-ff4e15dca71d: receive RaftClientReply:client-71F61C017E1E->6c928baf-cc3b-4a10-9362-ff4e15dca71d@group-586430B97ADD, cid=1971, SUCCESS, logIndex=2868, commits[6c928baf-cc3b-4a10-9362-ff4e15dca71d:c2869]
2019-08-10 04:38:15,081 INFO  client.GrpcClientProtocolClient (GrpcClientProtocolClient.java:onNext(255)) - client-71F61C017E1E->6c928baf-cc3b-4a10-9362-ff4e15dca71d: receive RaftClientReply:client-71F61C017E1E->6c928baf-cc3b-4a10-9362-ff4e15dca71d@group-586430B97ADD, cid=1972, SUCCESS, logIndex=2869, commits[6c928baf-cc3b-4a10-9362-ff4e15dca71d:c2870]
2019-08-10 04:38:15,101 INFO  client.GrpcClientProtocolClient (GrpcClientProtocolClient.java:onNext(255)) - client-71F61C017E1E->6c928baf-cc3b-4a10-9362-ff4e15dca71d: receive RaftClientReply:client-71F61C017E1E->6c928baf-cc3b-4a10-9362-ff4e15dca71d@group-586430B97ADD, cid=1973, SUCCESS, logIndex=2872, commits[6c928baf-cc3b-4a10-9362-ff4e15dca71d:c2873]
2019-08-10 04:38:15,101 INFO  client.GrpcClientProtocolClient (GrpcClientProtocolClient.java:onNext(255)) - client-71F61C017E1E->6c928baf-cc3b-4a10-9362-ff4e15dca71d: receive RaftClientReply:client-71F61C017E1E->6c928baf-cc3b-4a10-9362-ff4e15dca71d@group-586430B97ADD, cid=1974, SUCCESS, logIndex=2873, commits[6c928baf-cc3b-4a10-9362-ff4e15dca71d:c2875]
2019-08-10 04:38:15,102 INFO  client.GrpcClientProtocolClient (GrpcClientProtocolClient.java:onNext(255)) - client-71F61C017E1E->6c928baf-cc3b-4a10-9362-ff4e15dca71d: receive RaftClientReply:client-71F61C017E1E->6c928baf-cc3b-4a10-9362-ff4e15dca71d@group-586430B97ADD, cid=1975, SUCCESS, logIndex=2874, commits[6c928baf-cc3b-4a10-9362-ff4e15dca71d:c2875]
2019-08-10 04:38:15,102 INFO  client.GrpcClientProtocolClient (GrpcClientProtocolClient.java:onNext(255)) - client-71F61C017E1E->6c928baf-cc3b-4a10-9362-ff4e15dca71d: receive RaftClientReply:client-71F61C017E1E->6c928baf-cc3b-4a10-9362-ff4e15dca71d@group-586430B97ADD, cid=1976, SUCCESS, logIndex=2875, commits[6c928baf-cc3b-4a10-9362-ff4e15dca71d:c2876]
2019-08-10 04:38:15,121 DEBUG block.SCMBlockDeletingService (SCMBlockDeletingService.java:call(138)) - Running DeletedBlockTransactionScanner
2019-08-10 04:38:15,121 DEBUG block.SCMBlockDeletingService (SCMBlockDeletingService.java:call(155)) - Scanned deleted blocks log and got 0 delTX to process.
2019-08-10 04:38:15,134 INFO  client.GrpcClientProtocolClient (GrpcClientProtocolClient.java:onNext(255)) - client-71F61C017E1E->6c928baf-cc3b-4a10-9362-ff4e15dca71d: receive RaftClientReply:client-71F61C017E1E->6c928baf-cc3b-4a10-9362-ff4e15dca71d@group-586430B97ADD, cid=1977, SUCCESS, logIndex=2878, commits[6c928baf-cc3b-4a10-9362-ff4e15dca71d:c2881]
2019-08-10 04:38:15,135 INFO  client.GrpcClientProtocolClient (GrpcClientProtocolClient.java:onNext(255)) - client-71F61C017E1E->6c928baf-cc3b-4a10-9362-ff4e15dca71d: receive RaftClientReply:client-71F61C017E1E->6c928baf-cc3b-4a10-9362-ff4e15dca71d@group-586430B97ADD, cid=1978, SUCCESS, logIndex=2879, commits[6c928baf-cc3b-4a10-9362-ff4e15dca71d:c2882]
2019-08-10 04:38:15,135 INFO  client.GrpcClientProtocolClient (GrpcClientProtocolClient.java:onNext(255)) - client-71F61C017E1E->6c928baf-cc3b-4a10-9362-ff4e15dca71d: receive RaftClientReply:client-71F61C017E1E->6c928baf-cc3b-4a10-9362-ff4e15dca71d@group-586430B97ADD, cid=1979, SUCCESS, logIndex=2880, commits[6c928baf-cc3b-4a10-9362-ff4e15dca71d:c2882]
2019-08-10 04:38:15,135 INFO  client.GrpcClientProtocolClient (GrpcClientProtocolClient.java:onNext(255)) - client-71F61C017E1E->6c928baf-cc3b-4a10-9362-ff4e15dca71d: receive RaftClientReply:client-71F61C017E1E->6c928baf-cc3b-4a10-9362-ff4e15dca71d@group-586430B97ADD, cid=1980, SUCCESS, logIndex=2881, commits[6c928baf-cc3b-4a10-9362-ff4e15dca71d:c2882]
2019-08-10 04:38:15,155 INFO  client.GrpcClientProtocolClient (GrpcClientProtocolClient.java:onNext(255)) - client-71F61C017E1E->6c928baf-cc3b-4a10-9362-ff4e15dca71d: receive RaftClientReply:client-71F61C017E1E->6c928baf-cc3b-4a10-9362-ff4e15dca71d@group-586430B97ADD, cid=1981, SUCCESS, logIndex=2883, commits[6c928baf-cc3b-4a10-9362-ff4e15dca71d:c2884]
2019-08-10 04:38:15,156 INFO  client.GrpcClientProtocolClient (GrpcClientProtocolClient.java:onNext(255)) - client-71F61C017E1E->6c928baf-cc3b-4a10-9362-ff4e15dca71d: receive RaftClientReply:client-71F61C017E1E->6c928baf-cc3b-4a10-9362-ff4e15dca71d@group-586430B97ADD, cid=1982, SUCCESS, logIndex=2884, commits[6c928baf-cc3b-4a10-9362-ff4e15dca71d:c2886]
2019-08-10 04:38:15,156 INFO  client.GrpcClientProtocolClient (GrpcClientProtocolClient.java:onNext(255)) - client-71F61C017E1E->6c928baf-cc3b-4a10-9362-ff4e15dca71d: receive RaftClientReply:client-71F61C017E1E->6c928baf-cc3b-4a10-9362-ff4e15dca71d@group-586430B97ADD, cid=1983, SUCCESS, logIndex=2885, commits[6c928baf-cc3b-4a10-9362-ff4e15dca71d:c2886]
2019-08-10 04:38:15,157 INFO  client.GrpcClientProtocolClient (GrpcClientProtocolClient.java:onNext(255)) - client-71F61C017E1E->6c928baf-cc3b-4a10-9362-ff4e15dca71d: receive RaftClientReply:client-71F61C017E1E->6c928baf-cc3b-4a10-9362-ff4e15dca71d@group-586430B97ADD, cid=1984, SUCCESS, logIndex=2886, commits[6c928baf-cc3b-4a10-9362-ff4e15dca71d:c2887]
2019-08-10 04:38:15,176 INFO  client.GrpcClientProtocolClient (GrpcClientProtocolClient.java:onNext(255)) - client-71F61C017E1E->6c928baf-cc3b-4a10-9362-ff4e15dca71d: receive RaftClientReply:client-71F61C017E1E->6c928baf-cc3b-4a10-9362-ff4e15dca71d@group-586430B97ADD, cid=1985, SUCCESS, logIndex=2889, commits[6c928baf-cc3b-4a10-9362-ff4e15dca71d:c2890]
2019-08-10 04:38:15,176 INFO  client.GrpcClientProtocolClient (GrpcClientProtocolClient.java:onNext(255)) - client-71F61C017E1E->6c928baf-cc3b-4a10-9362-ff4e15dca71d: receive RaftClientReply:client-71F61C017E1E->6c928baf-cc3b-4a10-9362-ff4e15dca71d@group-586430B97ADD, cid=1986, SUCCESS, logIndex=2890, commits[6c928baf-cc3b-4a10-9362-ff4e15dca71d:c2890]
2019-08-10 04:38:15,194 INFO  client.GrpcClientProtocolClient (GrpcClientProtocolClient.java:onNext(255)) - client-71F61C017E1E->6c928baf-cc3b-4a10-9362-ff4e15dca71d: receive RaftClientReply:client-71F61C017E1E->6c928baf-cc3b-4a10-9362-ff4e15dca71d@group-586430B97ADD, cid=1987, SUCCESS, logIndex=2891, commits[6c928baf-cc3b-4a10-9362-ff4e15dca71d:c2893]
2019-08-10 04:38:15,195 INFO  client.GrpcClientProtocolClient (GrpcClientProtocolClient.java:onNext(255)) - client-71F61C017E1E->6c928baf-cc3b-4a10-9362-ff4e15dca71d: receive RaftClientReply:client-71F61C017E1E->6c928baf-cc3b-4a10-9362-ff4e15dca71d@group-586430B97ADD, cid=1988, SUCCESS, logIndex=2892, commits[6c928baf-cc3b-4a10-9362-ff4e15dca71d:c2893]
2019-08-10 04:38:15,260 DEBUG block.SCMBlockDeletingService (SCMBlockDeletingService.java:call(138)) - Running DeletedBlockTransactionScanner
2019-08-10 04:38:15,261 DEBUG block.SCMBlockDeletingService (SCMBlockDeletingService.java:call(155)) - Scanned deleted blocks log and got 0 delTX to process.
2019-08-10 04:38:15,361 DEBUG block.SCMBlockDeletingService (SCMBlockDeletingService.java:call(138)) - Running DeletedBlockTransactionScanner
2019-08-10 04:38:15,362 DEBUG block.SCMBlockDeletingService (SCMBlockDeletingService.java:call(155)) - Scanned deleted blocks log and got 0 delTX to process.
2019-08-10 04:38:15,397 INFO  client.GrpcClientProtocolClient (GrpcClientProtocolClient.java:onNext(255)) - client-71F61C017E1E->6c928baf-cc3b-4a10-9362-ff4e15dca71d: receive RaftClientReply:client-71F61C017E1E->6c928baf-cc3b-4a10-9362-ff4e15dca71d@group-586430B97ADD, cid=1989, SUCCESS, logIndex=2894, commits[6c928baf-cc3b-4a10-9362-ff4e15dca71d:c2897]
2019-08-10 04:38:15,397 INFO  client.GrpcClientProtocolClient (GrpcClientProtocolClient.java:onNext(255)) - client-71F61C017E1E->6c928baf-cc3b-4a10-9362-ff4e15dca71d: receive RaftClientReply:client-71F61C017E1E->6c928baf-cc3b-4a10-9362-ff4e15dca71d@group-586430B97ADD, cid=1990, SUCCESS, logIndex=2895, commits[6c928baf-cc3b-4a10-9362-ff4e15dca71d:c2898]
2019-08-10 04:38:15,398 INFO  client.GrpcClientProtocolClient (GrpcClientProtocolClient.java:onNext(255)) - client-71F61C017E1E->6c928baf-cc3b-4a10-9362-ff4e15dca71d: receive RaftClientReply:client-71F61C017E1E->6c928baf-cc3b-4a10-9362-ff4e15dca71d@group-586430B97ADD, cid=1991, SUCCESS, logIndex=2896, commits[6c928baf-cc3b-4a10-9362-ff4e15dca71d:c2898]
2019-08-10 04:38:15,398 INFO  client.GrpcClientProtocolClient (GrpcClientProtocolClient.java:onNext(255)) - client-71F61C017E1E->6c928baf-cc3b-4a10-9362-ff4e15dca71d: receive RaftClientReply:client-71F61C017E1E->6c928baf-cc3b-4a10-9362-ff4e15dca71d@group-586430B97ADD, cid=1992, SUCCESS, logIndex=2897, commits[6c928baf-cc3b-4a10-9362-ff4e15dca71d:c2898]
2019-08-10 04:38:15,428 INFO  client.GrpcClientProtocolClient (GrpcClientProtocolClient.java:onNext(255)) - client-71F61C017E1E->6c928baf-cc3b-4a10-9362-ff4e15dca71d: receive RaftClientReply:client-71F61C017E1E->6c928baf-cc3b-4a10-9362-ff4e15dca71d@group-586430B97ADD, cid=1993, SUCCESS, logIndex=2899, commits[6c928baf-cc3b-4a10-9362-ff4e15dca71d:c2900]
2019-08-10 04:38:15,429 INFO  client.GrpcClientProtocolClient (GrpcClientProtocolClient.java:onNext(255)) - client-71F61C017E1E->6c928baf-cc3b-4a10-9362-ff4e15dca71d: receive RaftClientReply:client-71F61C017E1E->6c928baf-cc3b-4a10-9362-ff4e15dca71d@group-586430B97ADD, cid=1994, SUCCESS, logIndex=2900, commits[6c928baf-cc3b-4a10-9362-ff4e15dca71d:c2902]
2019-08-10 04:38:15,429 INFO  client.GrpcClientProtocolClient (GrpcClientProtocolClient.java:onNext(255)) - client-71F61C017E1E->6c928baf-cc3b-4a10-9362-ff4e15dca71d: receive RaftClientReply:client-71F61C017E1E->6c928baf-cc3b-4a10-9362-ff4e15dca71d@group-586430B97ADD, cid=1995, SUCCESS, logIndex=2901, commits[6c928baf-cc3b-4a10-9362-ff4e15dca71d:c2902]
2019-08-10 04:38:15,430 INFO  client.GrpcClientProtocolClient (GrpcClientProtocolClient.java:onNext(255)) - client-71F61C017E1E->6c928baf-cc3b-4a10-9362-ff4e15dca71d: receive RaftClientReply:client-71F61C017E1E->6c928baf-cc3b-4a10-9362-ff4e15dca71d@group-586430B97ADD, cid=1996, SUCCESS, logIndex=2902, commits[6c928baf-cc3b-4a10-9362-ff4e15dca71d:c2902]
2019-08-10 04:38:15,454 INFO  client.GrpcClientProtocolClient (GrpcClientProtocolClient.java:onNext(255)) - client-71F61C017E1E->6c928baf-cc3b-4a10-9362-ff4e15dca71d: receive RaftClientReply:client-71F61C017E1E->6c928baf-cc3b-4a10-9362-ff4e15dca71d@group-586430B97ADD, cid=1997, SUCCESS, logIndex=2905, commits[6c928baf-cc3b-4a10-9362-ff4e15dca71d:c2906]
2019-08-10 04:38:15,455 INFO  client.GrpcClientProtocolClient (GrpcClientProtocolClient.java:onNext(255)) - client-71F61C017E1E->6c928baf-cc3b-4a10-9362-ff4e15dca71d: receive RaftClientReply:client-71F61C017E1E->6c928baf-cc3b-4a10-9362-ff4e15dca71d@group-586430B97ADD, cid=1998, SUCCESS, logIndex=2906, commits[6c928baf-cc3b-4a10-9362-ff4e15dca71d:c2908]
2019-08-10 04:38:15,455 INFO  client.GrpcClientProtocolClient (GrpcClientProtocolClient.java:onNext(255)) - client-71F61C017E1E->6c928baf-cc3b-4a10-9362-ff4e15dca71d: receive RaftClientReply:client-71F61C017E1E->6c928baf-cc3b-4a10-9362-ff4e15dca71d@group-586430B97ADD, cid=1999, SUCCESS, logIndex=2907, commits[6c928baf-cc3b-4a10-9362-ff4e15dca71d:c2909]
2019-08-10 04:38:15,456 INFO  client.GrpcClientProtocolClient (GrpcClientProtocolClient.java:onNext(255)) - client-71F61C017E1E->6c928baf-cc3b-4a10-9362-ff4e15dca71d: receive RaftClientReply:client-71F61C017E1E->6c928baf-cc3b-4a10-9362-ff4e15dca71d@group-586430B97ADD, cid=2000, SUCCESS, logIndex=2908, commits[6c928baf-cc3b-4a10-9362-ff4e15dca71d:c2909]
2019-08-10 04:38:15,462 DEBUG block.SCMBlockDeletingService (SCMBlockDeletingService.java:call(138)) - Running DeletedBlockTransactionScanner
2019-08-10 04:38:15,462 DEBUG block.SCMBlockDeletingService (SCMBlockDeletingService.java:call(155)) - Scanned deleted blocks log and got 0 delTX to process.
2019-08-10 04:38:15,484 INFO  client.GrpcClientProtocolClient (GrpcClientProtocolClient.java:onNext(255)) - client-71F61C017E1E->6c928baf-cc3b-4a10-9362-ff4e15dca71d: receive RaftClientReply:client-71F61C017E1E->6c928baf-cc3b-4a10-9362-ff4e15dca71d@group-586430B97ADD, cid=2001, SUCCESS, logIndex=2911, commits[6c928baf-cc3b-4a10-9362-ff4e15dca71d:c2912]
2019-08-10 04:38:15,485 INFO  client.GrpcClientProtocolClient (GrpcClientProtocolClient.java:onNext(255)) - client-71F61C017E1E->6c928baf-cc3b-4a10-9362-ff4e15dca71d: receive RaftClientReply:client-71F61C017E1E->6c928baf-cc3b-4a10-9362-ff4e15dca71d@group-586430B97ADD, cid=2002, SUCCESS, logIndex=2912, commits[6c928baf-cc3b-4a10-9362-ff4e15dca71d:c2914]
2019-08-10 04:38:15,485 INFO  client.GrpcClientProtocolClient (GrpcClientProtocolClient.java:onNext(255)) - client-71F61C017E1E->6c928baf-cc3b-4a10-9362-ff4e15dca71d: receive RaftClientReply:client-71F61C017E1E->6c928baf-cc3b-4a10-9362-ff4e15dca71d@group-586430B97ADD, cid=2003, SUCCESS, logIndex=2913, commits[6c928baf-cc3b-4a10-9362-ff4e15dca71d:c2915]
2019-08-10 04:38:15,485 INFO  client.GrpcClientProtocolClient (GrpcClientProtocolClient.java:onNext(255)) - client-71F61C017E1E->6c928baf-cc3b-4a10-9362-ff4e15dca71d: receive RaftClientReply:client-71F61C017E1E->6c928baf-cc3b-4a10-9362-ff4e15dca71d@group-586430B97ADD, cid=2004, SUCCESS, logIndex=2914, commits[6c928baf-cc3b-4a10-9362-ff4e15dca71d:c2916]
2019-08-10 04:38:15,506 INFO  client.GrpcClientProtocolClient (GrpcClientProtocolClient.java:onNext(255)) - client-71F61C017E1E->6c928baf-cc3b-4a10-9362-ff4e15dca71d: receive RaftClientReply:client-71F61C017E1E->6c928baf-cc3b-4a10-9362-ff4e15dca71d@group-586430B97ADD, cid=2005, SUCCESS, logIndex=2917, commits[6c928baf-cc3b-4a10-9362-ff4e15dca71d:c2918]
2019-08-10 04:38:15,506 INFO  client.GrpcClientProtocolClient (GrpcClientProtocolClient.java:onNext(255)) - client-71F61C017E1E->6c928baf-cc3b-4a10-9362-ff4e15dca71d: receive RaftClientReply:client-71F61C017E1E->6c928baf-cc3b-4a10-9362-ff4e15dca71d@group-586430B97ADD, cid=2006, SUCCESS, logIndex=2918, commits[6c928baf-cc3b-4a10-9362-ff4e15dca71d:c2920]
2019-08-10 04:38:15,507 INFO  client.GrpcClientProtocolClient (GrpcClientProtocolClient.java:onNext(255)) - client-71F61C017E1E->6c928baf-cc3b-4a10-9362-ff4e15dca71d: receive RaftClientReply:client-71F61C017E1E->6c928baf-cc3b-4a10-9362-ff4e15dca71d@group-586430B97ADD, cid=2007, SUCCESS, logIndex=2919, commits[6c928baf-cc3b-4a10-9362-ff4e15dca71d:c2921]
2019-08-10 04:38:15,507 INFO  client.GrpcClientProtocolClient (GrpcClientProtocolClient.java:onNext(255)) - client-71F61C017E1E->6c928baf-cc3b-4a10-9362-ff4e15dca71d: receive RaftClientReply:client-71F61C017E1E->6c928baf-cc3b-4a10-9362-ff4e15dca71d@group-586430B97ADD, cid=2008, SUCCESS, logIndex=2920, commits[6c928baf-cc3b-4a10-9362-ff4e15dca71d:c2921]
2019-08-10 04:38:15,538 INFO  client.GrpcClientProtocolClient (GrpcClientProtocolClient.java:onNext(255)) - client-71F61C017E1E->6c928baf-cc3b-4a10-9362-ff4e15dca71d: receive RaftClientReply:client-71F61C017E1E->6c928baf-cc3b-4a10-9362-ff4e15dca71d@group-586430B97ADD, cid=2009, SUCCESS, logIndex=2923, commits[6c928baf-cc3b-4a10-9362-ff4e15dca71d:c2924]
2019-08-10 04:38:15,539 INFO  client.GrpcClientProtocolClient (GrpcClientProtocolClient.java:onNext(255)) - client-71F61C017E1E->6c928baf-cc3b-4a10-9362-ff4e15dca71d: receive RaftClientReply:client-71F61C017E1E->6c928baf-cc3b-4a10-9362-ff4e15dca71d@group-586430B97ADD, cid=2010, SUCCESS, logIndex=2924, commits[6c928baf-cc3b-4a10-9362-ff4e15dca71d:c2926]
2019-08-10 04:38:15,539 INFO  client.GrpcClientProtocolClient (GrpcClientProtocolClient.java:onNext(255)) - client-71F61C017E1E->6c928baf-cc3b-4a10-9362-ff4e15dca71d: receive RaftClientReply:client-71F61C017E1E->6c928baf-cc3b-4a10-9362-ff4e15dca71d@group-586430B97ADD, cid=2011, SUCCESS, logIndex=2925, commits[6c928baf-cc3b-4a10-9362-ff4e15dca71d:c2927]
2019-08-10 04:38:15,539 INFO  client.GrpcClientProtocolClient (GrpcClientProtocolClient.java:onNext(255)) - client-71F61C017E1E->6c928baf-cc3b-4a10-9362-ff4e15dca71d: receive RaftClientReply:client-71F61C017E1E->6c928baf-cc3b-4a10-9362-ff4e15dca71d@group-586430B97ADD, cid=2012, SUCCESS, logIndex=2926, commits[6c928baf-cc3b-4a10-9362-ff4e15dca71d:c2928]
2019-08-10 04:38:15,563 DEBUG block.SCMBlockDeletingService (SCMBlockDeletingService.java:call(138)) - Running DeletedBlockTransactionScanner
2019-08-10 04:38:15,563 DEBUG block.SCMBlockDeletingService (SCMBlockDeletingService.java:call(155)) - Scanned deleted blocks log and got 0 delTX to process.
2019-08-10 04:38:15,567 INFO  client.GrpcClientProtocolClient (GrpcClientProtocolClient.java:onNext(255)) - client-71F61C017E1E->6c928baf-cc3b-4a10-9362-ff4e15dca71d: receive RaftClientReply:client-71F61C017E1E->6c928baf-cc3b-4a10-9362-ff4e15dca71d@group-586430B97ADD, cid=2013, SUCCESS, logIndex=2929, commits[6c928baf-cc3b-4a10-9362-ff4e15dca71d:c2932]
2019-08-10 04:38:15,568 INFO  client.GrpcClientProtocolClient (GrpcClientProtocolClient.java:onNext(255)) - client-71F61C017E1E->6c928baf-cc3b-4a10-9362-ff4e15dca71d: receive RaftClientReply:client-71F61C017E1E->6c928baf-cc3b-4a10-9362-ff4e15dca71d@group-586430B97ADD, cid=2014, SUCCESS, logIndex=2930, commits[6c928baf-cc3b-4a10-9362-ff4e15dca71d:c2932]
2019-08-10 04:38:15,568 INFO  client.GrpcClientProtocolClient (GrpcClientProtocolClient.java:onNext(255)) - client-71F61C017E1E->6c928baf-cc3b-4a10-9362-ff4e15dca71d: receive RaftClientReply:client-71F61C017E1E->6c928baf-cc3b-4a10-9362-ff4e15dca71d@group-586430B97ADD, cid=2015, SUCCESS, logIndex=2931, commits[6c928baf-cc3b-4a10-9362-ff4e15dca71d:c2932]
2019-08-10 04:38:15,569 INFO  client.GrpcClientProtocolClient (GrpcClientProtocolClient.java:onNext(255)) - client-71F61C017E1E->6c928baf-cc3b-4a10-9362-ff4e15dca71d: receive RaftClientReply:client-71F61C017E1E->6c928baf-cc3b-4a10-9362-ff4e15dca71d@group-586430B97ADD, cid=2016, SUCCESS, logIndex=2932, commits[6c928baf-cc3b-4a10-9362-ff4e15dca71d:c2932]
2019-08-10 04:38:15,607 INFO  client.GrpcClientProtocolClient (GrpcClientProtocolClient.java:onNext(255)) - client-71F61C017E1E->6c928baf-cc3b-4a10-9362-ff4e15dca71d: receive RaftClientReply:client-71F61C017E1E->6c928baf-cc3b-4a10-9362-ff4e15dca71d@group-586430B97ADD, cid=2017, SUCCESS, logIndex=2934, commits[6c928baf-cc3b-4a10-9362-ff4e15dca71d:c2937]
2019-08-10 04:38:15,608 INFO  client.GrpcClientProtocolClient (GrpcClientProtocolClient.java:onNext(255)) - client-71F61C017E1E->6c928baf-cc3b-4a10-9362-ff4e15dca71d: receive RaftClientReply:client-71F61C017E1E->6c928baf-cc3b-4a10-9362-ff4e15dca71d@group-586430B97ADD, cid=2018, SUCCESS, logIndex=2935, commits[6c928baf-cc3b-4a10-9362-ff4e15dca71d:c2938]
2019-08-10 04:38:15,608 INFO  client.GrpcClientProtocolClient (GrpcClientProtocolClient.java:onNext(255)) - client-71F61C017E1E->6c928baf-cc3b-4a10-9362-ff4e15dca71d: receive RaftClientReply:client-71F61C017E1E->6c928baf-cc3b-4a10-9362-ff4e15dca71d@group-586430B97ADD, cid=2019, SUCCESS, logIndex=2936, commits[6c928baf-cc3b-4a10-9362-ff4e15dca71d:c2938]
2019-08-10 04:38:15,608 INFO  client.GrpcClientProtocolClient (GrpcClientProtocolClient.java:onNext(255)) - client-71F61C017E1E->6c928baf-cc3b-4a10-9362-ff4e15dca71d: receive RaftClientReply:client-71F61C017E1E->6c928baf-cc3b-4a10-9362-ff4e15dca71d@group-586430B97ADD, cid=2020, SUCCESS, logIndex=2937, commits[6c928baf-cc3b-4a10-9362-ff4e15dca71d:c2938]
2019-08-10 04:38:15,629 INFO  client.GrpcClientProtocolClient (GrpcClientProtocolClient.java:onNext(255)) - client-71F61C017E1E->6c928baf-cc3b-4a10-9362-ff4e15dca71d: receive RaftClientReply:client-71F61C017E1E->6c928baf-cc3b-4a10-9362-ff4e15dca71d@group-586430B97ADD, cid=2021, SUCCESS, logIndex=2939, commits[6c928baf-cc3b-4a10-9362-ff4e15dca71d:c2940]
2019-08-10 04:38:15,630 INFO  client.GrpcClientProtocolClient (GrpcClientProtocolClient.java:onNext(255)) - client-71F61C017E1E->6c928baf-cc3b-4a10-9362-ff4e15dca71d: receive RaftClientReply:client-71F61C017E1E->6c928baf-cc3b-4a10-9362-ff4e15dca71d@group-586430B97ADD, cid=2022, SUCCESS, logIndex=2940, commits[6c928baf-cc3b-4a10-9362-ff4e15dca71d:c2942]
2019-08-10 04:38:15,630 INFO  client.GrpcClientProtocolClient (GrpcClientProtocolClient.java:onNext(255)) - client-71F61C017E1E->6c928baf-cc3b-4a10-9362-ff4e15dca71d: receive RaftClientReply:client-71F61C017E1E->6c928baf-cc3b-4a10-9362-ff4e15dca71d@group-586430B97ADD, cid=2023, SUCCESS, logIndex=2941, commits[6c928baf-cc3b-4a10-9362-ff4e15dca71d:c2942]
2019-08-10 04:38:15,630 INFO  client.GrpcClientProtocolClient (GrpcClientProtocolClient.java:onNext(255)) - client-71F61C017E1E->6c928baf-cc3b-4a10-9362-ff4e15dca71d: receive RaftClientReply:client-71F61C017E1E->6c928baf-cc3b-4a10-9362-ff4e15dca71d@group-586430B97ADD, cid=2024, SUCCESS, logIndex=2942, commits[6c928baf-cc3b-4a10-9362-ff4e15dca71d:c2943]
2019-08-10 04:38:15,653 INFO  client.GrpcClientProtocolClient (GrpcClientProtocolClient.java:onNext(255)) - client-71F61C017E1E->6c928baf-cc3b-4a10-9362-ff4e15dca71d: receive RaftClientReply:client-71F61C017E1E->6c928baf-cc3b-4a10-9362-ff4e15dca71d@group-586430B97ADD, cid=2025, SUCCESS, logIndex=2945, commits[6c928baf-cc3b-4a10-9362-ff4e15dca71d:c2948]
2019-08-10 04:38:15,654 INFO  client.GrpcClientProtocolClient (GrpcClientProtocolClient.java:onNext(255)) - client-71F61C017E1E->6c928baf-cc3b-4a10-9362-ff4e15dca71d: receive RaftClientReply:client-71F61C017E1E->6c928baf-cc3b-4a10-9362-ff4e15dca71d@group-586430B97ADD, cid=2026, SUCCESS, logIndex=2946, commits[6c928baf-cc3b-4a10-9362-ff4e15dca71d:c2949]
2019-08-10 04:38:15,654 INFO  client.GrpcClientProtocolClient (GrpcClientProtocolClient.java:onNext(255)) - client-71F61C017E1E->6c928baf-cc3b-4a10-9362-ff4e15dca71d: receive RaftClientReply:client-71F61C017E1E->6c928baf-cc3b-4a10-9362-ff4e15dca71d@group-586430B97ADD, cid=2027, SUCCESS, logIndex=2947, commits[6c928baf-cc3b-4a10-9362-ff4e15dca71d:c2949]
2019-08-10 04:38:15,655 INFO  client.GrpcClientProtocolClient (GrpcClientProtocolClient.java:onNext(255)) - client-71F61C017E1E->6c928baf-cc3b-4a10-9362-ff4e15dca71d: receive RaftClientReply:client-71F61C017E1E->6c928baf-cc3b-4a10-9362-ff4e15dca71d@group-586430B97ADD, cid=2028, SUCCESS, logIndex=2948, commits[6c928baf-cc3b-4a10-9362-ff4e15dca71d:c2949]
2019-08-10 04:38:15,664 DEBUG block.SCMBlockDeletingService (SCMBlockDeletingService.java:call(138)) - Running DeletedBlockTransactionScanner
2019-08-10 04:38:15,664 DEBUG block.SCMBlockDeletingService (SCMBlockDeletingService.java:call(155)) - Scanned deleted blocks log and got 0 delTX to process.
2019-08-10 04:38:15,687 INFO  client.GrpcClientProtocolClient (GrpcClientProtocolClient.java:onNext(255)) - client-71F61C017E1E->6c928baf-cc3b-4a10-9362-ff4e15dca71d: receive RaftClientReply:client-71F61C017E1E->6c928baf-cc3b-4a10-9362-ff4e15dca71d@group-586430B97ADD, cid=2029, SUCCESS, logIndex=2950, commits[6c928baf-cc3b-4a10-9362-ff4e15dca71d:c2953]
2019-08-10 04:38:15,687 INFO  client.GrpcClientProtocolClient (GrpcClientProtocolClient.java:onNext(255)) - client-71F61C017E1E->6c928baf-cc3b-4a10-9362-ff4e15dca71d: receive RaftClientReply:client-71F61C017E1E->6c928baf-cc3b-4a10-9362-ff4e15dca71d@group-586430B97ADD, cid=2030, SUCCESS, logIndex=2951, commits[6c928baf-cc3b-4a10-9362-ff4e15dca71d:c2953]
2019-08-10 04:38:15,688 INFO  client.GrpcClientProtocolClient (GrpcClientProtocolClient.java:onNext(255)) - client-71F61C017E1E->6c928baf-cc3b-4a10-9362-ff4e15dca71d: receive RaftClientReply:client-71F61C017E1E->6c928baf-cc3b-4a10-9362-ff4e15dca71d@group-586430B97ADD, cid=2031, SUCCESS, logIndex=2952, commits[6c928baf-cc3b-4a10-9362-ff4e15dca71d:c2953]
2019-08-10 04:38:15,688 INFO  client.GrpcClientProtocolClient (GrpcClientProtocolClient.java:onNext(255)) - client-71F61C017E1E->6c928baf-cc3b-4a10-9362-ff4e15dca71d: receive RaftClientReply:client-71F61C017E1E->6c928baf-cc3b-4a10-9362-ff4e15dca71d@group-586430B97ADD, cid=2032, SUCCESS, logIndex=2953, commits[6c928baf-cc3b-4a10-9362-ff4e15dca71d:c2953]
2019-08-10 04:38:15,764 DEBUG block.SCMBlockDeletingService (SCMBlockDeletingService.java:call(138)) - Running DeletedBlockTransactionScanner
2019-08-10 04:38:15,765 DEBUG block.SCMBlockDeletingService (SCMBlockDeletingService.java:call(155)) - Scanned deleted blocks log and got 0 delTX to process.
2019-08-10 04:38:15,837 INFO  client.GrpcClientProtocolClient (GrpcClientProtocolClient.java:onNext(255)) - client-71F61C017E1E->6c928baf-cc3b-4a10-9362-ff4e15dca71d: receive RaftClientReply:client-71F61C017E1E->6c928baf-cc3b-4a10-9362-ff4e15dca71d@group-586430B97ADD, cid=2033, SUCCESS, logIndex=2955, commits[6c928baf-cc3b-4a10-9362-ff4e15dca71d:c2958]
2019-08-10 04:38:15,838 INFO  client.GrpcClientProtocolClient (GrpcClientProtocolClient.java:onNext(255)) - client-71F61C017E1E->6c928baf-cc3b-4a10-9362-ff4e15dca71d: receive RaftClientReply:client-71F61C017E1E->6c928baf-cc3b-4a10-9362-ff4e15dca71d@group-586430B97ADD, cid=2034, SUCCESS, logIndex=2956, commits[6c928baf-cc3b-4a10-9362-ff4e15dca71d:c2959]
2019-08-10 04:38:15,838 INFO  client.GrpcClientProtocolClient (GrpcClientProtocolClient.java:onNext(255)) - client-71F61C017E1E->6c928baf-cc3b-4a10-9362-ff4e15dca71d: receive RaftClientReply:client-71F61C017E1E->6c928baf-cc3b-4a10-9362-ff4e15dca71d@group-586430B97ADD, cid=2035, SUCCESS, logIndex=2957, commits[6c928baf-cc3b-4a10-9362-ff4e15dca71d:c2959]
2019-08-10 04:38:15,839 INFO  client.GrpcClientProtocolClient (GrpcClientProtocolClient.java:onNext(255)) - client-71F61C017E1E->6c928baf-cc3b-4a10-9362-ff4e15dca71d: receive RaftClientReply:client-71F61C017E1E->6c928baf-cc3b-4a10-9362-ff4e15dca71d@group-586430B97ADD, cid=2036, SUCCESS, logIndex=2958, commits[6c928baf-cc3b-4a10-9362-ff4e15dca71d:c2959]
2019-08-10 04:38:15,860 INFO  client.GrpcClientProtocolClient (GrpcClientProtocolClient.java:onNext(255)) - client-71F61C017E1E->6c928baf-cc3b-4a10-9362-ff4e15dca71d: receive RaftClientReply:client-71F61C017E1E->6c928baf-cc3b-4a10-9362-ff4e15dca71d@group-586430B97ADD, cid=2037, SUCCESS, logIndex=2960, commits[6c928baf-cc3b-4a10-9362-ff4e15dca71d:c2963]
2019-08-10 04:38:15,861 INFO  client.GrpcClientProtocolClient (GrpcClientProtocolClient.java:onNext(255)) - client-71F61C017E1E->6c928baf-cc3b-4a10-9362-ff4e15dca71d: receive RaftClientReply:client-71F61C017E1E->6c928baf-cc3b-4a10-9362-ff4e15dca71d@group-586430B97ADD, cid=2038, SUCCESS, logIndex=2961, commits[6c928baf-cc3b-4a10-9362-ff4e15dca71d:c2963]
2019-08-10 04:38:15,861 INFO  client.GrpcClientProtocolClient (GrpcClientProtocolClient.java:onNext(255)) - client-71F61C017E1E->6c928baf-cc3b-4a10-9362-ff4e15dca71d: receive RaftClientReply:client-71F61C017E1E->6c928baf-cc3b-4a10-9362-ff4e15dca71d@group-586430B97ADD, cid=2039, SUCCESS, logIndex=2962, commits[6c928baf-cc3b-4a10-9362-ff4e15dca71d:c2964]
2019-08-10 04:38:15,861 INFO  client.GrpcClientProtocolClient (GrpcClientProtocolClient.java:onNext(255)) - client-71F61C017E1E->6c928baf-cc3b-4a10-9362-ff4e15dca71d: receive RaftClientReply:client-71F61C017E1E->6c928baf-cc3b-4a10-9362-ff4e15dca71d@group-586430B97ADD, cid=2040, SUCCESS, logIndex=2963, commits[6c928baf-cc3b-4a10-9362-ff4e15dca71d:c2964]
2019-08-10 04:38:15,865 DEBUG block.SCMBlockDeletingService (SCMBlockDeletingService.java:call(138)) - Running DeletedBlockTransactionScanner
2019-08-10 04:38:15,865 DEBUG block.SCMBlockDeletingService (SCMBlockDeletingService.java:call(155)) - Scanned deleted blocks log and got 0 delTX to process.
2019-08-10 04:38:15,896 INFO  client.GrpcClientProtocolClient (GrpcClientProtocolClient.java:onNext(255)) - client-71F61C017E1E->6c928baf-cc3b-4a10-9362-ff4e15dca71d: receive RaftClientReply:client-71F61C017E1E->6c928baf-cc3b-4a10-9362-ff4e15dca71d@group-586430B97ADD, cid=2041, SUCCESS, logIndex=2965, commits[6c928baf-cc3b-4a10-9362-ff4e15dca71d:c2968]
2019-08-10 04:38:15,896 INFO  client.GrpcClientProtocolClient (GrpcClientProtocolClient.java:onNext(255)) - client-71F61C017E1E->6c928baf-cc3b-4a10-9362-ff4e15dca71d: receive RaftClientReply:client-71F61C017E1E->6c928baf-cc3b-4a10-9362-ff4e15dca71d@group-586430B97ADD, cid=2042, SUCCESS, logIndex=2966, commits[6c928baf-cc3b-4a10-9362-ff4e15dca71d:c2969]
2019-08-10 04:38:15,897 INFO  client.GrpcClientProtocolClient (GrpcClientProtocolClient.java:onNext(255)) - client-71F61C017E1E->6c928baf-cc3b-4a10-9362-ff4e15dca71d: receive RaftClientReply:client-71F61C017E1E->6c928baf-cc3b-4a10-9362-ff4e15dca71d@group-586430B97ADD, cid=2043, SUCCESS, logIndex=2967, commits[6c928baf-cc3b-4a10-9362-ff4e15dca71d:c2969]
2019-08-10 04:38:15,897 INFO  client.GrpcClientProtocolClient (GrpcClientProtocolClient.java:onNext(255)) - client-71F61C017E1E->6c928baf-cc3b-4a10-9362-ff4e15dca71d: receive RaftClientReply:client-71F61C017E1E->6c928baf-cc3b-4a10-9362-ff4e15dca71d@group-586430B97ADD, cid=2044, SUCCESS, logIndex=2968, commits[6c928baf-cc3b-4a10-9362-ff4e15dca71d:c2969]
2019-08-10 04:38:15,917 INFO  client.GrpcClientProtocolClient (GrpcClientProtocolClient.java:onNext(255)) - client-71F61C017E1E->6c928baf-cc3b-4a10-9362-ff4e15dca71d: receive RaftClientReply:client-71F61C017E1E->6c928baf-cc3b-4a10-9362-ff4e15dca71d@group-586430B97ADD, cid=2045, SUCCESS, logIndex=2970, commits[6c928baf-cc3b-4a10-9362-ff4e15dca71d:c2971]
2019-08-10 04:38:15,918 INFO  client.GrpcClientProtocolClient (GrpcClientProtocolClient.java:onNext(255)) - client-71F61C017E1E->6c928baf-cc3b-4a10-9362-ff4e15dca71d: receive RaftClientReply:client-71F61C017E1E->6c928baf-cc3b-4a10-9362-ff4e15dca71d@group-586430B97ADD, cid=2046, SUCCESS, logIndex=2971, commits[6c928baf-cc3b-4a10-9362-ff4e15dca71d:c2973]
2019-08-10 04:38:15,918 INFO  client.GrpcClientProtocolClient (GrpcClientProtocolClient.java:onNext(255)) - client-71F61C017E1E->6c928baf-cc3b-4a10-9362-ff4e15dca71d: receive RaftClientReply:client-71F61C017E1E->6c928baf-cc3b-4a10-9362-ff4e15dca71d@group-586430B97ADD, cid=2047, SUCCESS, logIndex=2972, commits[6c928baf-cc3b-4a10-9362-ff4e15dca71d:c2973]
2019-08-10 04:38:15,918 INFO  client.GrpcClientProtocolClient (GrpcClientProtocolClient.java:onNext(255)) - client-71F61C017E1E->6c928baf-cc3b-4a10-9362-ff4e15dca71d: receive RaftClientReply:client-71F61C017E1E->6c928baf-cc3b-4a10-9362-ff4e15dca71d@group-586430B97ADD, cid=2048, SUCCESS, logIndex=2973, commits[6c928baf-cc3b-4a10-9362-ff4e15dca71d:c2974]
2019-08-10 04:38:15,949 INFO  client.GrpcClientProtocolClient (GrpcClientProtocolClient.java:onNext(255)) - client-71F61C017E1E->6c928baf-cc3b-4a10-9362-ff4e15dca71d: receive RaftClientReply:client-71F61C017E1E->6c928baf-cc3b-4a10-9362-ff4e15dca71d@group-586430B97ADD, cid=2049, SUCCESS, logIndex=2976, commits[6c928baf-cc3b-4a10-9362-ff4e15dca71d:c2979]
2019-08-10 04:38:15,949 INFO  client.GrpcClientProtocolClient (GrpcClientProtocolClient.java:onNext(255)) - client-71F61C017E1E->6c928baf-cc3b-4a10-9362-ff4e15dca71d: receive RaftClientReply:client-71F61C017E1E->6c928baf-cc3b-4a10-9362-ff4e15dca71d@group-586430B97ADD, cid=2050, SUCCESS, logIndex=2977, commits[6c928baf-cc3b-4a10-9362-ff4e15dca71d:c2980]
2019-08-10 04:38:15,950 INFO  client.GrpcClientProtocolClient (GrpcClientProtocolClient.java:onNext(255)) - client-71F61C017E1E->6c928baf-cc3b-4a10-9362-ff4e15dca71d: receive RaftClientReply:client-71F61C017E1E->6c928baf-cc3b-4a10-9362-ff4e15dca71d@group-586430B97ADD, cid=2051, SUCCESS, logIndex=2978, commits[6c928baf-cc3b-4a10-9362-ff4e15dca71d:c2980]
2019-08-10 04:38:15,950 INFO  client.GrpcClientProtocolClient (GrpcClientProtocolClient.java:onNext(255)) - client-71F61C017E1E->6c928baf-cc3b-4a10-9362-ff4e15dca71d: receive RaftClientReply:client-71F61C017E1E->6c928baf-cc3b-4a10-9362-ff4e15dca71d@group-586430B97ADD, cid=2052, SUCCESS, logIndex=2979, commits[6c928baf-cc3b-4a10-9362-ff4e15dca71d:c2980]
2019-08-10 04:38:15,966 DEBUG block.SCMBlockDeletingService (SCMBlockDeletingService.java:call(138)) - Running DeletedBlockTransactionScanner
2019-08-10 04:38:15,966 DEBUG block.SCMBlockDeletingService (SCMBlockDeletingService.java:call(155)) - Scanned deleted blocks log and got 0 delTX to process.
2019-08-10 04:38:15,976 INFO  client.GrpcClientProtocolClient (GrpcClientProtocolClient.java:onNext(255)) - client-71F61C017E1E->6c928baf-cc3b-4a10-9362-ff4e15dca71d: receive RaftClientReply:client-71F61C017E1E->6c928baf-cc3b-4a10-9362-ff4e15dca71d@group-586430B97ADD, cid=2053, SUCCESS, logIndex=2981, commits[6c928baf-cc3b-4a10-9362-ff4e15dca71d:c2984]
2019-08-10 04:38:15,976 INFO  client.GrpcClientProtocolClient (GrpcClientProtocolClient.java:onNext(255)) - client-71F61C017E1E->6c928baf-cc3b-4a10-9362-ff4e15dca71d: receive RaftClientReply:client-71F61C017E1E->6c928baf-cc3b-4a10-9362-ff4e15dca71d@group-586430B97ADD, cid=2054, SUCCESS, logIndex=2982, commits[6c928baf-cc3b-4a10-9362-ff4e15dca71d:c2985]
2019-08-10 04:38:15,976 INFO  client.GrpcClientProtocolClient (GrpcClientProtocolClient.java:onNext(255)) - client-71F61C017E1E->6c928baf-cc3b-4a10-9362-ff4e15dca71d: receive RaftClientReply:client-71F61C017E1E->6c928baf-cc3b-4a10-9362-ff4e15dca71d@group-586430B97ADD, cid=2055, SUCCESS, logIndex=2983, commits[6c928baf-cc3b-4a10-9362-ff4e15dca71d:c2985]
2019-08-10 04:38:15,977 INFO  client.GrpcClientProtocolClient (GrpcClientProtocolClient.java:onNext(255)) - client-71F61C017E1E->6c928baf-cc3b-4a10-9362-ff4e15dca71d: receive RaftClientReply:client-71F61C017E1E->6c928baf-cc3b-4a10-9362-ff4e15dca71d@group-586430B97ADD, cid=2056, SUCCESS, logIndex=2984, commits[6c928baf-cc3b-4a10-9362-ff4e15dca71d:c2985]
2019-08-10 04:38:16,006 INFO  client.GrpcClientProtocolClient (GrpcClientProtocolClient.java:onNext(255)) - client-71F61C017E1E->6c928baf-cc3b-4a10-9362-ff4e15dca71d: receive RaftClientReply:client-71F61C017E1E->6c928baf-cc3b-4a10-9362-ff4e15dca71d@group-586430B97ADD, cid=2057, SUCCESS, logIndex=2986, commits[6c928baf-cc3b-4a10-9362-ff4e15dca71d:c2987]
2019-08-10 04:38:16,006 INFO  client.GrpcClientProtocolClient (GrpcClientProtocolClient.java:onNext(255)) - client-71F61C017E1E->6c928baf-cc3b-4a10-9362-ff4e15dca71d: receive RaftClientReply:client-71F61C017E1E->6c928baf-cc3b-4a10-9362-ff4e15dca71d@group-586430B97ADD, cid=2058, SUCCESS, logIndex=2987, commits[6c928baf-cc3b-4a10-9362-ff4e15dca71d:c2989]
2019-08-10 04:38:16,007 INFO  client.GrpcClientProtocolClient (GrpcClientProtocolClient.java:onNext(255)) - client-71F61C017E1E->6c928baf-cc3b-4a10-9362-ff4e15dca71d: receive RaftClientReply:client-71F61C017E1E->6c928baf-cc3b-4a10-9362-ff4e15dca71d@group-586430B97ADD, cid=2059, SUCCESS, logIndex=2988, commits[6c928baf-cc3b-4a10-9362-ff4e15dca71d:c2989]
2019-08-10 04:38:16,007 INFO  client.GrpcClientProtocolClient (GrpcClientProtocolClient.java:onNext(255)) - client-71F61C017E1E->6c928baf-cc3b-4a10-9362-ff4e15dca71d: receive RaftClientReply:client-71F61C017E1E->6c928baf-cc3b-4a10-9362-ff4e15dca71d@group-586430B97ADD, cid=2060, SUCCESS, logIndex=2989, commits[6c928baf-cc3b-4a10-9362-ff4e15dca71d:c2990]
2019-08-10 04:38:16,030 INFO  client.GrpcClientProtocolClient (GrpcClientProtocolClient.java:onNext(255)) - client-71F61C017E1E->6c928baf-cc3b-4a10-9362-ff4e15dca71d: receive RaftClientReply:client-71F61C017E1E->6c928baf-cc3b-4a10-9362-ff4e15dca71d@group-586430B97ADD, cid=2061, SUCCESS, logIndex=2992, commits[6c928baf-cc3b-4a10-9362-ff4e15dca71d:c2995]
2019-08-10 04:38:16,030 INFO  client.GrpcClientProtocolClient (GrpcClientProtocolClient.java:onNext(255)) - client-71F61C017E1E->6c928baf-cc3b-4a10-9362-ff4e15dca71d: receive RaftClientReply:client-71F61C017E1E->6c928baf-cc3b-4a10-9362-ff4e15dca71d@group-586430B97ADD, cid=2062, SUCCESS, logIndex=2993, commits[6c928baf-cc3b-4a10-9362-ff4e15dca71d:c2996]
2019-08-10 04:38:16,030 INFO  client.GrpcClientProtocolClient (GrpcClientProtocolClient.java:onNext(255)) - client-71F61C017E1E->6c928baf-cc3b-4a10-9362-ff4e15dca71d: receive RaftClientReply:client-71F61C017E1E->6c928baf-cc3b-4a10-9362-ff4e15dca71d@group-586430B97ADD, cid=2063, SUCCESS, logIndex=2994, commits[6c928baf-cc3b-4a10-9362-ff4e15dca71d:c2996]
2019-08-10 04:38:16,031 INFO  client.GrpcClientProtocolClient (GrpcClientProtocolClient.java:onNext(255)) - client-71F61C017E1E->6c928baf-cc3b-4a10-9362-ff4e15dca71d: receive RaftClientReply:client-71F61C017E1E->6c928baf-cc3b-4a10-9362-ff4e15dca71d@group-586430B97ADD, cid=2064, SUCCESS, logIndex=2995, commits[6c928baf-cc3b-4a10-9362-ff4e15dca71d:c2996]
2019-08-10 04:38:16,061 INFO  client.GrpcClientProtocolClient (GrpcClientProtocolClient.java:onNext(255)) - client-71F61C017E1E->6c928baf-cc3b-4a10-9362-ff4e15dca71d: receive RaftClientReply:client-71F61C017E1E->6c928baf-cc3b-4a10-9362-ff4e15dca71d@group-586430B97ADD, cid=2065, SUCCESS, logIndex=2997, commits[6c928baf-cc3b-4a10-9362-ff4e15dca71d:c3000]
2019-08-10 04:38:16,061 INFO  client.GrpcClientProtocolClient (GrpcClientProtocolClient.java:onNext(255)) - client-71F61C017E1E->6c928baf-cc3b-4a10-9362-ff4e15dca71d: receive RaftClientReply:client-71F61C017E1E->6c928baf-cc3b-4a10-9362-ff4e15dca71d@group-586430B97ADD, cid=2066, SUCCESS, logIndex=2998, commits[6c928baf-cc3b-4a10-9362-ff4e15dca71d:c3000]
2019-08-10 04:38:16,061 INFO  client.GrpcClientProtocolClient (GrpcClientProtocolClient.java:onNext(255)) - client-71F61C017E1E->6c928baf-cc3b-4a10-9362-ff4e15dca71d: receive RaftClientReply:client-71F61C017E1E->6c928baf-cc3b-4a10-9362-ff4e15dca71d@group-586430B97ADD, cid=2067, SUCCESS, logIndex=2999, commits[6c928baf-cc3b-4a10-9362-ff4e15dca71d:c3001]
2019-08-10 04:38:16,062 INFO  client.GrpcClientProtocolClient (GrpcClientProtocolClient.java:onNext(255)) - client-71F61C017E1E->6c928baf-cc3b-4a10-9362-ff4e15dca71d: receive RaftClientReply:client-71F61C017E1E->6c928baf-cc3b-4a10-9362-ff4e15dca71d@group-586430B97ADD, cid=2068, SUCCESS, logIndex=3000, commits[6c928baf-cc3b-4a10-9362-ff4e15dca71d:c3001]
2019-08-10 04:38:16,067 DEBUG block.SCMBlockDeletingService (SCMBlockDeletingService.java:call(138)) - Running DeletedBlockTransactionScanner
2019-08-10 04:38:16,067 DEBUG block.SCMBlockDeletingService (SCMBlockDeletingService.java:call(155)) - Scanned deleted blocks log and got 0 delTX to process.
2019-08-10 04:38:16,086 INFO  client.GrpcClientProtocolClient (GrpcClientProtocolClient.java:onNext(255)) - client-71F61C017E1E->6c928baf-cc3b-4a10-9362-ff4e15dca71d: receive RaftClientReply:client-71F61C017E1E->6c928baf-cc3b-4a10-9362-ff4e15dca71d@group-586430B97ADD, cid=2069, SUCCESS, logIndex=3002, commits[6c928baf-cc3b-4a10-9362-ff4e15dca71d:c3005]
2019-08-10 04:38:16,087 INFO  client.GrpcClientProtocolClient (GrpcClientProtocolClient.java:onNext(255)) - client-71F61C017E1E->6c928baf-cc3b-4a10-9362-ff4e15dca71d: receive RaftClientReply:client-71F61C017E1E->6c928baf-cc3b-4a10-9362-ff4e15dca71d@group-586430B97ADD, cid=2070, SUCCESS, logIndex=3003, commits[6c928baf-cc3b-4a10-9362-ff4e15dca71d:c3006]
2019-08-10 04:38:16,087 INFO  client.GrpcClientProtocolClient (GrpcClientProtocolClient.java:onNext(255)) - client-71F61C017E1E->6c928baf-cc3b-4a10-9362-ff4e15dca71d: receive RaftClientReply:client-71F61C017E1E->6c928baf-cc3b-4a10-9362-ff4e15dca71d@group-586430B97ADD, cid=2071, SUCCESS, logIndex=3004, commits[6c928baf-cc3b-4a10-9362-ff4e15dca71d:c3006]
2019-08-10 04:38:16,087 INFO  client.GrpcClientProtocolClient (GrpcClientProtocolClient.java:onNext(255)) - client-71F61C017E1E->6c928baf-cc3b-4a10-9362-ff4e15dca71d: receive RaftClientReply:client-71F61C017E1E->6c928baf-cc3b-4a10-9362-ff4e15dca71d@group-586430B97ADD, cid=2072, SUCCESS, logIndex=3005, commits[6c928baf-cc3b-4a10-9362-ff4e15dca71d:c3006]
2019-08-10 04:38:16,120 INFO  client.GrpcClientProtocolClient (GrpcClientProtocolClient.java:onNext(255)) - client-71F61C017E1E->6c928baf-cc3b-4a10-9362-ff4e15dca71d: receive RaftClientReply:client-71F61C017E1E->6c928baf-cc3b-4a10-9362-ff4e15dca71d@group-586430B97ADD, cid=2073, SUCCESS, logIndex=3007, commits[6c928baf-cc3b-4a10-9362-ff4e15dca71d:c3010]
2019-08-10 04:38:16,121 INFO  client.GrpcClientProtocolClient (GrpcClientProtocolClient.java:onNext(255)) - client-71F61C017E1E->6c928baf-cc3b-4a10-9362-ff4e15dca71d: receive RaftClientReply:client-71F61C017E1E->6c928baf-cc3b-4a10-9362-ff4e15dca71d@group-586430B97ADD, cid=2074, SUCCESS, logIndex=3008, commits[6c928baf-cc3b-4a10-9362-ff4e15dca71d:c3011]
2019-08-10 04:38:16,121 INFO  client.GrpcClientProtocolClient (GrpcClientProtocolClient.java:onNext(255)) - client-71F61C017E1E->6c928baf-cc3b-4a10-9362-ff4e15dca71d: receive RaftClientReply:client-71F61C017E1E->6c928baf-cc3b-4a10-9362-ff4e15dca71d@group-586430B97ADD, cid=2075, SUCCESS, logIndex=3009, commits[6c928baf-cc3b-4a10-9362-ff4e15dca71d:c3011]
2019-08-10 04:38:16,122 INFO  client.GrpcClientProtocolClient (GrpcClientProtocolClient.java:onNext(255)) - client-71F61C017E1E->6c928baf-cc3b-4a10-9362-ff4e15dca71d: receive RaftClientReply:client-71F61C017E1E->6c928baf-cc3b-4a10-9362-ff4e15dca71d@group-586430B97ADD, cid=2076, SUCCESS, logIndex=3010, commits[6c928baf-cc3b-4a10-9362-ff4e15dca71d:c3011]
2019-08-10 04:38:16,196 DEBUG block.SCMBlockDeletingService (SCMBlockDeletingService.java:call(138)) - Running DeletedBlockTransactionScanner
2019-08-10 04:38:16,197 DEBUG block.SCMBlockDeletingService (SCMBlockDeletingService.java:call(155)) - Scanned deleted blocks log and got 0 delTX to process.
2019-08-10 04:38:16,297 DEBUG block.SCMBlockDeletingService (SCMBlockDeletingService.java:call(138)) - Running DeletedBlockTransactionScanner
2019-08-10 04:38:16,297 DEBUG block.SCMBlockDeletingService (SCMBlockDeletingService.java:call(155)) - Scanned deleted blocks log and got 0 delTX to process.
2019-08-10 04:38:16,336 INFO  client.GrpcClientProtocolClient (GrpcClientProtocolClient.java:onNext(255)) - client-71F61C017E1E->6c928baf-cc3b-4a10-9362-ff4e15dca71d: receive RaftClientReply:client-71F61C017E1E->6c928baf-cc3b-4a10-9362-ff4e15dca71d@group-586430B97ADD, cid=2077, SUCCESS, logIndex=3012, commits[6c928baf-cc3b-4a10-9362-ff4e15dca71d:c3015]
2019-08-10 04:38:16,336 INFO  client.GrpcClientProtocolClient (GrpcClientProtocolClient.java:onNext(255)) - client-71F61C017E1E->6c928baf-cc3b-4a10-9362-ff4e15dca71d: receive RaftClientReply:client-71F61C017E1E->6c928baf-cc3b-4a10-9362-ff4e15dca71d@group-586430B97ADD, cid=2078, SUCCESS, logIndex=3013, commits[6c928baf-cc3b-4a10-9362-ff4e15dca71d:c3015]
2019-08-10 04:38:16,337 INFO  client.GrpcClientProtocolClient (GrpcClientProtocolClient.java:onNext(255)) - client-71F61C017E1E->6c928baf-cc3b-4a10-9362-ff4e15dca71d: receive RaftClientReply:client-71F61C017E1E->6c928baf-cc3b-4a10-9362-ff4e15dca71d@group-586430B97ADD, cid=2079, SUCCESS, logIndex=3014, commits[6c928baf-cc3b-4a10-9362-ff4e15dca71d:c3015]
2019-08-10 04:38:16,337 INFO  client.GrpcClientProtocolClient (GrpcClientProtocolClient.java:onNext(255)) - client-71F61C017E1E->6c928baf-cc3b-4a10-9362-ff4e15dca71d: receive RaftClientReply:client-71F61C017E1E->6c928baf-cc3b-4a10-9362-ff4e15dca71d@group-586430B97ADD, cid=2080, SUCCESS, logIndex=3015, commits[6c928baf-cc3b-4a10-9362-ff4e15dca71d:c3015]
2019-08-10 04:38:16,379 INFO  client.GrpcClientProtocolClient (GrpcClientProtocolClient.java:onNext(255)) - client-71F61C017E1E->6c928baf-cc3b-4a10-9362-ff4e15dca71d: receive RaftClientReply:client-71F61C017E1E->6c928baf-cc3b-4a10-9362-ff4e15dca71d@group-586430B97ADD, cid=2081, SUCCESS, logIndex=3017, commits[6c928baf-cc3b-4a10-9362-ff4e15dca71d:c3020]
2019-08-10 04:38:16,379 INFO  client.GrpcClientProtocolClient (GrpcClientProtocolClient.java:onNext(255)) - client-71F61C017E1E->6c928baf-cc3b-4a10-9362-ff4e15dca71d: receive RaftClientReply:client-71F61C017E1E->6c928baf-cc3b-4a10-9362-ff4e15dca71d@group-586430B97ADD, cid=2082, SUCCESS, logIndex=3018, commits[6c928baf-cc3b-4a10-9362-ff4e15dca71d:c3021]
2019-08-10 04:38:16,380 INFO  client.GrpcClientProtocolClient (GrpcClientProtocolClient.java:onNext(255)) - client-71F61C017E1E->6c928baf-cc3b-4a10-9362-ff4e15dca71d: receive RaftClientReply:client-71F61C017E1E->6c928baf-cc3b-4a10-9362-ff4e15dca71d@group-586430B97ADD, cid=2083, SUCCESS, logIndex=3019, commits[6c928baf-cc3b-4a10-9362-ff4e15dca71d:c3021]
2019-08-10 04:38:16,380 INFO  client.GrpcClientProtocolClient (GrpcClientProtocolClient.java:onNext(255)) - client-71F61C017E1E->6c928baf-cc3b-4a10-9362-ff4e15dca71d: receive RaftClientReply:client-71F61C017E1E->6c928baf-cc3b-4a10-9362-ff4e15dca71d@group-586430B97ADD, cid=2084, SUCCESS, logIndex=3020, commits[6c928baf-cc3b-4a10-9362-ff4e15dca71d:c3021]
2019-08-10 04:38:16,398 DEBUG block.SCMBlockDeletingService (SCMBlockDeletingService.java:call(138)) - Running DeletedBlockTransactionScanner
2019-08-10 04:38:16,398 DEBUG block.SCMBlockDeletingService (SCMBlockDeletingService.java:call(155)) - Scanned deleted blocks log and got 0 delTX to process.
2019-08-10 04:38:16,402 INFO  client.GrpcClientProtocolClient (GrpcClientProtocolClient.java:onNext(255)) - client-71F61C017E1E->6c928baf-cc3b-4a10-9362-ff4e15dca71d: receive RaftClientReply:client-71F61C017E1E->6c928baf-cc3b-4a10-9362-ff4e15dca71d@group-586430B97ADD, cid=2085, SUCCESS, logIndex=3022, commits[6c928baf-cc3b-4a10-9362-ff4e15dca71d:c3025]
2019-08-10 04:38:16,403 INFO  client.GrpcClientProtocolClient (GrpcClientProtocolClient.java:onNext(255)) - client-71F61C017E1E->6c928baf-cc3b-4a10-9362-ff4e15dca71d: receive RaftClientReply:client-71F61C017E1E->6c928baf-cc3b-4a10-9362-ff4e15dca71d@group-586430B97ADD, cid=2086, SUCCESS, logIndex=3023, commits[6c928baf-cc3b-4a10-9362-ff4e15dca71d:c3026]
2019-08-10 04:38:16,403 INFO  client.GrpcClientProtocolClient (GrpcClientProtocolClient.java:onNext(255)) - client-71F61C017E1E->6c928baf-cc3b-4a10-9362-ff4e15dca71d: receive RaftClientReply:client-71F61C017E1E->6c928baf-cc3b-4a10-9362-ff4e15dca71d@group-586430B97ADD, cid=2087, SUCCESS, logIndex=3024, commits[6c928baf-cc3b-4a10-9362-ff4e15dca71d:c3026]
2019-08-10 04:38:16,404 INFO  client.GrpcClientProtocolClient (GrpcClientProtocolClient.java:onNext(255)) - client-71F61C017E1E->6c928baf-cc3b-4a10-9362-ff4e15dca71d: receive RaftClientReply:client-71F61C017E1E->6c928baf-cc3b-4a10-9362-ff4e15dca71d@group-586430B97ADD, cid=2088, SUCCESS, logIndex=3025, commits[6c928baf-cc3b-4a10-9362-ff4e15dca71d:c3026]
2019-08-10 04:38:16,433 INFO  client.GrpcClientProtocolClient (GrpcClientProtocolClient.java:onNext(255)) - client-71F61C017E1E->6c928baf-cc3b-4a10-9362-ff4e15dca71d: receive RaftClientReply:client-71F61C017E1E->6c928baf-cc3b-4a10-9362-ff4e15dca71d@group-586430B97ADD, cid=2089, SUCCESS, logIndex=3027, commits[6c928baf-cc3b-4a10-9362-ff4e15dca71d:c3030]
2019-08-10 04:38:16,434 INFO  client.GrpcClientProtocolClient (GrpcClientProtocolClient.java:onNext(255)) - client-71F61C017E1E->6c928baf-cc3b-4a10-9362-ff4e15dca71d: receive RaftClientReply:client-71F61C017E1E->6c928baf-cc3b-4a10-9362-ff4e15dca71d@group-586430B97ADD, cid=2090, SUCCESS, logIndex=3028, commits[6c928baf-cc3b-4a10-9362-ff4e15dca71d:c3031]
2019-08-10 04:38:16,435 INFO  client.GrpcClientProtocolClient (GrpcClientProtocolClient.java:onNext(255)) - client-71F61C017E1E->6c928baf-cc3b-4a10-9362-ff4e15dca71d: receive RaftClientReply:client-71F61C017E1E->6c928baf-cc3b-4a10-9362-ff4e15dca71d@group-586430B97ADD, cid=2091, SUCCESS, logIndex=3029, commits[6c928baf-cc3b-4a10-9362-ff4e15dca71d:c3031]
2019-08-10 04:38:16,435 INFO  client.GrpcClientProtocolClient (GrpcClientProtocolClient.java:onNext(255)) - client-71F61C017E1E->6c928baf-cc3b-4a10-9362-ff4e15dca71d: receive RaftClientReply:client-71F61C017E1E->6c928baf-cc3b-4a10-9362-ff4e15dca71d@group-586430B97ADD, cid=2092, SUCCESS, logIndex=3030, commits[6c928baf-cc3b-4a10-9362-ff4e15dca71d:c3031]
2019-08-10 04:38:16,453 INFO  client.GrpcClientProtocolClient (GrpcClientProtocolClient.java:onNext(255)) - client-71F61C017E1E->6c928baf-cc3b-4a10-9362-ff4e15dca71d: receive RaftClientReply:client-71F61C017E1E->6c928baf-cc3b-4a10-9362-ff4e15dca71d@group-586430B97ADD, cid=2093, SUCCESS, logIndex=3032, commits[6c928baf-cc3b-4a10-9362-ff4e15dca71d:c3033]
2019-08-10 04:38:16,453 INFO  client.GrpcClientProtocolClient (GrpcClientProtocolClient.java:onNext(255)) - client-71F61C017E1E->6c928baf-cc3b-4a10-9362-ff4e15dca71d: receive RaftClientReply:client-71F61C017E1E->6c928baf-cc3b-4a10-9362-ff4e15dca71d@group-586430B97ADD, cid=2094, SUCCESS, logIndex=3033, commits[6c928baf-cc3b-4a10-9362-ff4e15dca71d:c3035]
2019-08-10 04:38:16,454 INFO  client.GrpcClientProtocolClient (GrpcClientProtocolClient.java:onNext(255)) - client-71F61C017E1E->6c928baf-cc3b-4a10-9362-ff4e15dca71d: receive RaftClientReply:client-71F61C017E1E->6c928baf-cc3b-4a10-9362-ff4e15dca71d@group-586430B97ADD, cid=2095, SUCCESS, logIndex=3034, commits[6c928baf-cc3b-4a10-9362-ff4e15dca71d:c3035]
2019-08-10 04:38:16,454 INFO  client.GrpcClientProtocolClient (GrpcClientProtocolClient.java:onNext(255)) - client-71F61C017E1E->6c928baf-cc3b-4a10-9362-ff4e15dca71d: receive RaftClientReply:client-71F61C017E1E->6c928baf-cc3b-4a10-9362-ff4e15dca71d@group-586430B97ADD, cid=2096, SUCCESS, logIndex=3035, commits[6c928baf-cc3b-4a10-9362-ff4e15dca71d:c3036]
2019-08-10 04:38:16,476 INFO  client.GrpcClientProtocolClient (GrpcClientProtocolClient.java:onNext(255)) - client-71F61C017E1E->6c928baf-cc3b-4a10-9362-ff4e15dca71d: receive RaftClientReply:client-71F61C017E1E->6c928baf-cc3b-4a10-9362-ff4e15dca71d@group-586430B97ADD, cid=2097, SUCCESS, logIndex=3038, commits[6c928baf-cc3b-4a10-9362-ff4e15dca71d:c3041]
2019-08-10 04:38:16,477 INFO  client.GrpcClientProtocolClient (GrpcClientProtocolClient.java:onNext(255)) - client-71F61C017E1E->6c928baf-cc3b-4a10-9362-ff4e15dca71d: receive RaftClientReply:client-71F61C017E1E->6c928baf-cc3b-4a10-9362-ff4e15dca71d@group-586430B97ADD, cid=2098, SUCCESS, logIndex=3039, commits[6c928baf-cc3b-4a10-9362-ff4e15dca71d:c3042]
2019-08-10 04:38:16,477 INFO  client.GrpcClientProtocolClient (GrpcClientProtocolClient.java:onNext(255)) - client-71F61C017E1E->6c928baf-cc3b-4a10-9362-ff4e15dca71d: receive RaftClientReply:client-71F61C017E1E->6c928baf-cc3b-4a10-9362-ff4e15dca71d@group-586430B97ADD, cid=2099, SUCCESS, logIndex=3040, commits[6c928baf-cc3b-4a10-9362-ff4e15dca71d:c3042]
2019-08-10 04:38:16,478 INFO  client.GrpcClientProtocolClient (GrpcClientProtocolClient.java:onNext(255)) - client-71F61C017E1E->6c928baf-cc3b-4a10-9362-ff4e15dca71d: receive RaftClientReply:client-71F61C017E1E->6c928baf-cc3b-4a10-9362-ff4e15dca71d@group-586430B97ADD, cid=2100, SUCCESS, logIndex=3041, commits[6c928baf-cc3b-4a10-9362-ff4e15dca71d:c3042]
2019-08-10 04:38:16,498 DEBUG block.SCMBlockDeletingService (SCMBlockDeletingService.java:call(138)) - Running DeletedBlockTransactionScanner
2019-08-10 04:38:16,499 DEBUG block.SCMBlockDeletingService (SCMBlockDeletingService.java:call(155)) - Scanned deleted blocks log and got 0 delTX to process.
2019-08-10 04:38:16,499 INFO  client.GrpcClientProtocolClient (GrpcClientProtocolClient.java:onNext(255)) - client-71F61C017E1E->6c928baf-cc3b-4a10-9362-ff4e15dca71d: receive RaftClientReply:client-71F61C017E1E->6c928baf-cc3b-4a10-9362-ff4e15dca71d@group-586430B97ADD, cid=2101, SUCCESS, logIndex=3043, commits[6c928baf-cc3b-4a10-9362-ff4e15dca71d:c3046]
2019-08-10 04:38:16,499 INFO  client.GrpcClientProtocolClient (GrpcClientProtocolClient.java:onNext(255)) - client-71F61C017E1E->6c928baf-cc3b-4a10-9362-ff4e15dca71d: receive RaftClientReply:client-71F61C017E1E->6c928baf-cc3b-4a10-9362-ff4e15dca71d@group-586430B97ADD, cid=2102, SUCCESS, logIndex=3044, commits[6c928baf-cc3b-4a10-9362-ff4e15dca71d:c3047]
2019-08-10 04:38:16,500 INFO  client.GrpcClientProtocolClient (GrpcClientProtocolClient.java:onNext(255)) - client-71F61C017E1E->6c928baf-cc3b-4a10-9362-ff4e15dca71d: receive RaftClientReply:client-71F61C017E1E->6c928baf-cc3b-4a10-9362-ff4e15dca71d@group-586430B97ADD, cid=2103, SUCCESS, logIndex=3045, commits[6c928baf-cc3b-4a10-9362-ff4e15dca71d:c3047]
2019-08-10 04:38:16,500 INFO  client.GrpcClientProtocolClient (GrpcClientProtocolClient.java:onNext(255)) - client-71F61C017E1E->6c928baf-cc3b-4a10-9362-ff4e15dca71d: receive RaftClientReply:client-71F61C017E1E->6c928baf-cc3b-4a10-9362-ff4e15dca71d@group-586430B97ADD, cid=2104, SUCCESS, logIndex=3046, commits[6c928baf-cc3b-4a10-9362-ff4e15dca71d:c3047]
2019-08-10 04:38:16,527 INFO  client.GrpcClientProtocolClient (GrpcClientProtocolClient.java:onNext(255)) - client-71F61C017E1E->6c928baf-cc3b-4a10-9362-ff4e15dca71d: receive RaftClientReply:client-71F61C017E1E->6c928baf-cc3b-4a10-9362-ff4e15dca71d@group-586430B97ADD, cid=2105, SUCCESS, logIndex=3048, commits[6c928baf-cc3b-4a10-9362-ff4e15dca71d:c3049]
2019-08-10 04:38:16,528 INFO  client.GrpcClientProtocolClient (GrpcClientProtocolClient.java:onNext(255)) - client-71F61C017E1E->6c928baf-cc3b-4a10-9362-ff4e15dca71d: receive RaftClientReply:client-71F61C017E1E->6c928baf-cc3b-4a10-9362-ff4e15dca71d@group-586430B97ADD, cid=2106, SUCCESS, logIndex=3049, commits[6c928baf-cc3b-4a10-9362-ff4e15dca71d:c3049]
2019-08-10 04:38:16,528 INFO  client.GrpcClientProtocolClient (GrpcClientProtocolClient.java:onNext(255)) - client-71F61C017E1E->6c928baf-cc3b-4a10-9362-ff4e15dca71d: receive RaftClientReply:client-71F61C017E1E->6c928baf-cc3b-4a10-9362-ff4e15dca71d@group-586430B97ADD, cid=2107, SUCCESS, logIndex=3050, commits[6c928baf-cc3b-4a10-9362-ff4e15dca71d:c3051]
2019-08-10 04:38:16,529 INFO  client.GrpcClientProtocolClient (GrpcClientProtocolClient.java:onNext(255)) - client-71F61C017E1E->6c928baf-cc3b-4a10-9362-ff4e15dca71d: receive RaftClientReply:client-71F61C017E1E->6c928baf-cc3b-4a10-9362-ff4e15dca71d@group-586430B97ADD, cid=2108, SUCCESS, logIndex=3051, commits[6c928baf-cc3b-4a10-9362-ff4e15dca71d:c3052]
2019-08-10 04:38:16,540 INFO  client.GrpcClientProtocolClient (GrpcClientProtocolClient.java:onNext(255)) - client-71F61C017E1E->6c928baf-cc3b-4a10-9362-ff4e15dca71d: receive RaftClientReply:client-71F61C017E1E->6c928baf-cc3b-4a10-9362-ff4e15dca71d@group-586430B97ADD, cid=2109, SUCCESS, logIndex=3054, commits[6c928baf-cc3b-4a10-9362-ff4e15dca71d:c3057]
2019-08-10 04:38:16,541 INFO  client.GrpcClientProtocolClient (GrpcClientProtocolClient.java:onNext(255)) - client-71F61C017E1E->6c928baf-cc3b-4a10-9362-ff4e15dca71d: receive RaftClientReply:client-71F61C017E1E->6c928baf-cc3b-4a10-9362-ff4e15dca71d@group-586430B97ADD, cid=2110, SUCCESS, logIndex=3055, commits[6c928baf-cc3b-4a10-9362-ff4e15dca71d:c3058]
2019-08-10 04:38:16,541 INFO  client.GrpcClientProtocolClient (GrpcClientProtocolClient.java:onNext(255)) - client-71F61C017E1E->6c928baf-cc3b-4a10-9362-ff4e15dca71d: receive RaftClientReply:client-71F61C017E1E->6c928baf-cc3b-4a10-9362-ff4e15dca71d@group-586430B97ADD, cid=2111, SUCCESS, logIndex=3056, commits[6c928baf-cc3b-4a10-9362-ff4e15dca71d:c3058]
2019-08-10 04:38:16,542 INFO  client.GrpcClientProtocolClient (GrpcClientProtocolClient.java:onNext(255)) - client-71F61C017E1E->6c928baf-cc3b-4a10-9362-ff4e15dca71d: receive RaftClientReply:client-71F61C017E1E->6c928baf-cc3b-4a10-9362-ff4e15dca71d@group-586430B97ADD, cid=2112, SUCCESS, logIndex=3057, commits[6c928baf-cc3b-4a10-9362-ff4e15dca71d:c3058]
2019-08-10 04:38:16,560 INFO  client.GrpcClientProtocolClient (GrpcClientProtocolClient.java:onNext(255)) - client-71F61C017E1E->6c928baf-cc3b-4a10-9362-ff4e15dca71d: receive RaftClientReply:client-71F61C017E1E->6c928baf-cc3b-4a10-9362-ff4e15dca71d@group-586430B97ADD, cid=2113, SUCCESS, logIndex=3059, commits[6c928baf-cc3b-4a10-9362-ff4e15dca71d:c3060]
2019-08-10 04:38:16,561 INFO  client.GrpcClientProtocolClient (GrpcClientProtocolClient.java:onNext(255)) - client-71F61C017E1E->6c928baf-cc3b-4a10-9362-ff4e15dca71d: receive RaftClientReply:client-71F61C017E1E->6c928baf-cc3b-4a10-9362-ff4e15dca71d@group-586430B97ADD, cid=2114, SUCCESS, logIndex=3060, commits[6c928baf-cc3b-4a10-9362-ff4e15dca71d:c3060]
2019-08-10 04:38:16,563 INFO  client.GrpcClientProtocolClient (GrpcClientProtocolClient.java:onNext(255)) - client-71F61C017E1E->6c928baf-cc3b-4a10-9362-ff4e15dca71d: receive RaftClientReply:client-71F61C017E1E->6c928baf-cc3b-4a10-9362-ff4e15dca71d@group-586430B97ADD, cid=2115, SUCCESS, logIndex=3061, commits[6c928baf-cc3b-4a10-9362-ff4e15dca71d:c3063]
2019-08-10 04:38:16,563 INFO  client.GrpcClientProtocolClient (GrpcClientProtocolClient.java:onNext(255)) - client-71F61C017E1E->6c928baf-cc3b-4a10-9362-ff4e15dca71d: receive RaftClientReply:client-71F61C017E1E->6c928baf-cc3b-4a10-9362-ff4e15dca71d@group-586430B97ADD, cid=2116, SUCCESS, logIndex=3062, commits[6c928baf-cc3b-4a10-9362-ff4e15dca71d:c3063]
2019-08-10 04:38:16,575 INFO  client.GrpcClientProtocolClient (GrpcClientProtocolClient.java:onNext(255)) - client-71F61C017E1E->6c928baf-cc3b-4a10-9362-ff4e15dca71d: receive RaftClientReply:client-71F61C017E1E->6c928baf-cc3b-4a10-9362-ff4e15dca71d@group-586430B97ADD, cid=2117, SUCCESS, logIndex=3064, commits[6c928baf-cc3b-4a10-9362-ff4e15dca71d:c3067]
2019-08-10 04:38:16,576 INFO  client.GrpcClientProtocolClient (GrpcClientProtocolClient.java:onNext(255)) - client-71F61C017E1E->6c928baf-cc3b-4a10-9362-ff4e15dca71d: receive RaftClientReply:client-71F61C017E1E->6c928baf-cc3b-4a10-9362-ff4e15dca71d@group-586430B97ADD, cid=2118, SUCCESS, logIndex=3065, commits[6c928baf-cc3b-4a10-9362-ff4e15dca71d:c3067]
2019-08-10 04:38:16,576 INFO  client.GrpcClientProtocolClient (GrpcClientProtocolClient.java:onNext(255)) - client-71F61C017E1E->6c928baf-cc3b-4a10-9362-ff4e15dca71d: receive RaftClientReply:client-71F61C017E1E->6c928baf-cc3b-4a10-9362-ff4e15dca71d@group-586430B97ADD, cid=2119, SUCCESS, logIndex=3066, commits[6c928baf-cc3b-4a10-9362-ff4e15dca71d:c3068]
2019-08-10 04:38:16,577 INFO  client.GrpcClientProtocolClient (GrpcClientProtocolClient.java:onNext(255)) - client-71F61C017E1E->6c928baf-cc3b-4a10-9362-ff4e15dca71d: receive RaftClientReply:client-71F61C017E1E->6c928baf-cc3b-4a10-9362-ff4e15dca71d@group-586430B97ADD, cid=2120, SUCCESS, logIndex=3067, commits[6c928baf-cc3b-4a10-9362-ff4e15dca71d:c3068]
2019-08-10 04:38:16,599 DEBUG block.SCMBlockDeletingService (SCMBlockDeletingService.java:call(138)) - Running DeletedBlockTransactionScanner
2019-08-10 04:38:16,599 DEBUG block.SCMBlockDeletingService (SCMBlockDeletingService.java:call(155)) - Scanned deleted blocks log and got 0 delTX to process.
2019-08-10 04:38:16,607 INFO  client.GrpcClientProtocolClient (GrpcClientProtocolClient.java:onNext(255)) - client-71F61C017E1E->6c928baf-cc3b-4a10-9362-ff4e15dca71d: receive RaftClientReply:client-71F61C017E1E->6c928baf-cc3b-4a10-9362-ff4e15dca71d@group-586430B97ADD, cid=2121, SUCCESS, logIndex=3069, commits[6c928baf-cc3b-4a10-9362-ff4e15dca71d:c3070]
2019-08-10 04:38:16,608 INFO  client.GrpcClientProtocolClient (GrpcClientProtocolClient.java:onNext(255)) - client-71F61C017E1E->6c928baf-cc3b-4a10-9362-ff4e15dca71d: receive RaftClientReply:client-71F61C017E1E->6c928baf-cc3b-4a10-9362-ff4e15dca71d@group-586430B97ADD, cid=2122, SUCCESS, logIndex=3070, commits[6c928baf-cc3b-4a10-9362-ff4e15dca71d:c3071]
2019-08-10 04:38:16,695 INFO  client.GrpcClientProtocolClient (GrpcClientProtocolClient.java:onNext(255)) - client-71F61C017E1E->6c928baf-cc3b-4a10-9362-ff4e15dca71d: receive RaftClientReply:client-71F61C017E1E->6c928baf-cc3b-4a10-9362-ff4e15dca71d@group-586430B97ADD, cid=2123, SUCCESS, logIndex=3072, commits[6c928baf-cc3b-4a10-9362-ff4e15dca71d:c3073]
2019-08-10 04:38:16,696 INFO  client.GrpcClientProtocolClient (GrpcClientProtocolClient.java:onNext(255)) - client-71F61C017E1E->6c928baf-cc3b-4a10-9362-ff4e15dca71d: receive RaftClientReply:client-71F61C017E1E->6c928baf-cc3b-4a10-9362-ff4e15dca71d@group-586430B97ADD, cid=2124, SUCCESS, logIndex=3073, commits[6c928baf-cc3b-4a10-9362-ff4e15dca71d:c3074]
2019-08-10 04:38:16,700 DEBUG block.SCMBlockDeletingService (SCMBlockDeletingService.java:call(138)) - Running DeletedBlockTransactionScanner
2019-08-10 04:38:16,700 DEBUG block.SCMBlockDeletingService (SCMBlockDeletingService.java:call(155)) - Scanned deleted blocks log and got 0 delTX to process.
2019-08-10 04:38:16,715 INFO  client.GrpcClientProtocolClient (GrpcClientProtocolClient.java:onNext(255)) - client-71F61C017E1E->6c928baf-cc3b-4a10-9362-ff4e15dca71d: receive RaftClientReply:client-71F61C017E1E->6c928baf-cc3b-4a10-9362-ff4e15dca71d@group-586430B97ADD, cid=2125, SUCCESS, logIndex=3075, commits[6c928baf-cc3b-4a10-9362-ff4e15dca71d:c3076]
2019-08-10 04:38:16,715 INFO  client.GrpcClientProtocolClient (GrpcClientProtocolClient.java:onNext(255)) - client-71F61C017E1E->6c928baf-cc3b-4a10-9362-ff4e15dca71d: receive RaftClientReply:client-71F61C017E1E->6c928baf-cc3b-4a10-9362-ff4e15dca71d@group-586430B97ADD, cid=2126, SUCCESS, logIndex=3076, commits[6c928baf-cc3b-4a10-9362-ff4e15dca71d:c3076]
2019-08-10 04:38:16,715 INFO  client.GrpcClientProtocolClient (GrpcClientProtocolClient.java:onNext(255)) - client-71F61C017E1E->6c928baf-cc3b-4a10-9362-ff4e15dca71d: receive RaftClientReply:client-71F61C017E1E->6c928baf-cc3b-4a10-9362-ff4e15dca71d@group-586430B97ADD, cid=2127, SUCCESS, logIndex=3077, commits[6c928baf-cc3b-4a10-9362-ff4e15dca71d:c3078]
2019-08-10 04:38:16,716 INFO  client.GrpcClientProtocolClient (GrpcClientProtocolClient.java:onNext(255)) - client-71F61C017E1E->6c928baf-cc3b-4a10-9362-ff4e15dca71d: receive RaftClientReply:client-71F61C017E1E->6c928baf-cc3b-4a10-9362-ff4e15dca71d@group-586430B97ADD, cid=2128, SUCCESS, logIndex=3078, commits[6c928baf-cc3b-4a10-9362-ff4e15dca71d:c3079]
2019-08-10 04:38:16,744 INFO  client.GrpcClientProtocolClient (GrpcClientProtocolClient.java:onNext(255)) - client-71F61C017E1E->6c928baf-cc3b-4a10-9362-ff4e15dca71d: receive RaftClientReply:client-71F61C017E1E->6c928baf-cc3b-4a10-9362-ff4e15dca71d@group-586430B97ADD, cid=2129, SUCCESS, logIndex=3081, commits[6c928baf-cc3b-4a10-9362-ff4e15dca71d:c3082]
2019-08-10 04:38:16,745 INFO  client.GrpcClientProtocolClient (GrpcClientProtocolClient.java:onNext(255)) - client-71F61C017E1E->6c928baf-cc3b-4a10-9362-ff4e15dca71d: receive RaftClientReply:client-71F61C017E1E->6c928baf-cc3b-4a10-9362-ff4e15dca71d@group-586430B97ADD, cid=2130, SUCCESS, logIndex=3082, commits[6c928baf-cc3b-4a10-9362-ff4e15dca71d:c3084]
2019-08-10 04:38:16,745 INFO  client.GrpcClientProtocolClient (GrpcClientProtocolClient.java:onNext(255)) - client-71F61C017E1E->6c928baf-cc3b-4a10-9362-ff4e15dca71d: receive RaftClientReply:client-71F61C017E1E->6c928baf-cc3b-4a10-9362-ff4e15dca71d@group-586430B97ADD, cid=2131, SUCCESS, logIndex=3083, commits[6c928baf-cc3b-4a10-9362-ff4e15dca71d:c3084]
2019-08-10 04:38:16,746 INFO  client.GrpcClientProtocolClient (GrpcClientProtocolClient.java:onNext(255)) - client-71F61C017E1E->6c928baf-cc3b-4a10-9362-ff4e15dca71d: receive RaftClientReply:client-71F61C017E1E->6c928baf-cc3b-4a10-9362-ff4e15dca71d@group-586430B97ADD, cid=2132, SUCCESS, logIndex=3084, commits[6c928baf-cc3b-4a10-9362-ff4e15dca71d:c3085]
2019-08-10 04:38:16,767 INFO  client.GrpcClientProtocolClient (GrpcClientProtocolClient.java:onNext(255)) - client-71F61C017E1E->6c928baf-cc3b-4a10-9362-ff4e15dca71d: receive RaftClientReply:client-71F61C017E1E->6c928baf-cc3b-4a10-9362-ff4e15dca71d@group-586430B97ADD, cid=2133, SUCCESS, logIndex=3087, commits[6c928baf-cc3b-4a10-9362-ff4e15dca71d:c3088]
2019-08-10 04:38:16,768 INFO  client.GrpcClientProtocolClient (GrpcClientProtocolClient.java:onNext(255)) - client-71F61C017E1E->6c928baf-cc3b-4a10-9362-ff4e15dca71d: receive RaftClientReply:client-71F61C017E1E->6c928baf-cc3b-4a10-9362-ff4e15dca71d@group-586430B97ADD, cid=2134, SUCCESS, logIndex=3088, commits[6c928baf-cc3b-4a10-9362-ff4e15dca71d:c3090]
2019-08-10 04:38:16,768 INFO  client.GrpcClientProtocolClient (GrpcClientProtocolClient.java:onNext(255)) - client-71F61C017E1E->6c928baf-cc3b-4a10-9362-ff4e15dca71d: receive RaftClientReply:client-71F61C017E1E->6c928baf-cc3b-4a10-9362-ff4e15dca71d@group-586430B97ADD, cid=2135, SUCCESS, logIndex=3089, commits[6c928baf-cc3b-4a10-9362-ff4e15dca71d:c3090]
2019-08-10 04:38:16,769 INFO  client.GrpcClientProtocolClient (GrpcClientProtocolClient.java:onNext(255)) - client-71F61C017E1E->6c928baf-cc3b-4a10-9362-ff4e15dca71d: receive RaftClientReply:client-71F61C017E1E->6c928baf-cc3b-4a10-9362-ff4e15dca71d@group-586430B97ADD, cid=2136, SUCCESS, logIndex=3090, commits[6c928baf-cc3b-4a10-9362-ff4e15dca71d:c3091]
2019-08-10 04:38:16,799 INFO  client.GrpcClientProtocolClient (GrpcClientProtocolClient.java:onNext(255)) - client-71F61C017E1E->6c928baf-cc3b-4a10-9362-ff4e15dca71d: receive RaftClientReply:client-71F61C017E1E->6c928baf-cc3b-4a10-9362-ff4e15dca71d@group-586430B97ADD, cid=2137, SUCCESS, logIndex=3093, commits[6c928baf-cc3b-4a10-9362-ff4e15dca71d:c3096]
2019-08-10 04:38:16,799 INFO  client.GrpcClientProtocolClient (GrpcClientProtocolClient.java:onNext(255)) - client-71F61C017E1E->6c928baf-cc3b-4a10-9362-ff4e15dca71d: receive RaftClientReply:client-71F61C017E1E->6c928baf-cc3b-4a10-9362-ff4e15dca71d@group-586430B97ADD, cid=2138, SUCCESS, logIndex=3094, commits[6c928baf-cc3b-4a10-9362-ff4e15dca71d:c3097]
2019-08-10 04:38:16,800 INFO  client.GrpcClientProtocolClient (GrpcClientProtocolClient.java:onNext(255)) - client-71F61C017E1E->6c928baf-cc3b-4a10-9362-ff4e15dca71d: receive RaftClientReply:client-71F61C017E1E->6c928baf-cc3b-4a10-9362-ff4e15dca71d@group-586430B97ADD, cid=2139, SUCCESS, logIndex=3095, commits[6c928baf-cc3b-4a10-9362-ff4e15dca71d:c3098]
2019-08-10 04:38:16,800 INFO  client.GrpcClientProtocolClient (GrpcClientProtocolClient.java:onNext(255)) - client-71F61C017E1E->6c928baf-cc3b-4a10-9362-ff4e15dca71d: receive RaftClientReply:client-71F61C017E1E->6c928baf-cc3b-4a10-9362-ff4e15dca71d@group-586430B97ADD, cid=2140, SUCCESS, logIndex=3096, commits[6c928baf-cc3b-4a10-9362-ff4e15dca71d:c3098]
2019-08-10 04:38:16,800 DEBUG block.SCMBlockDeletingService (SCMBlockDeletingService.java:call(138)) - Running DeletedBlockTransactionScanner
2019-08-10 04:38:16,801 DEBUG block.SCMBlockDeletingService (SCMBlockDeletingService.java:call(155)) - Scanned deleted blocks log and got 0 delTX to process.
2019-08-10 04:38:16,821 INFO  client.GrpcClientProtocolClient (GrpcClientProtocolClient.java:onNext(255)) - client-71F61C017E1E->6c928baf-cc3b-4a10-9362-ff4e15dca71d: receive RaftClientReply:client-71F61C017E1E->6c928baf-cc3b-4a10-9362-ff4e15dca71d@group-586430B97ADD, cid=2141, SUCCESS, logIndex=3099, commits[6c928baf-cc3b-4a10-9362-ff4e15dca71d:c3100]
2019-08-10 04:38:16,821 INFO  client.GrpcClientProtocolClient (GrpcClientProtocolClient.java:onNext(255)) - client-71F61C017E1E->6c928baf-cc3b-4a10-9362-ff4e15dca71d: receive RaftClientReply:client-71F61C017E1E->6c928baf-cc3b-4a10-9362-ff4e15dca71d@group-586430B97ADD, cid=2142, SUCCESS, logIndex=3100, commits[6c928baf-cc3b-4a10-9362-ff4e15dca71d:c3102]
2019-08-10 04:38:16,822 INFO  client.GrpcClientProtocolClient (GrpcClientProtocolClient.java:onNext(255)) - client-71F61C017E1E->6c928baf-cc3b-4a10-9362-ff4e15dca71d: receive RaftClientReply:client-71F61C017E1E->6c928baf-cc3b-4a10-9362-ff4e15dca71d@group-586430B97ADD, cid=2143, SUCCESS, logIndex=3101, commits[6c928baf-cc3b-4a10-9362-ff4e15dca71d:c3102]
2019-08-10 04:38:16,822 INFO  client.GrpcClientProtocolClient (GrpcClientProtocolClient.java:onNext(255)) - client-71F61C017E1E->6c928baf-cc3b-4a10-9362-ff4e15dca71d: receive RaftClientReply:client-71F61C017E1E->6c928baf-cc3b-4a10-9362-ff4e15dca71d@group-586430B97ADD, cid=2144, SUCCESS, logIndex=3102, commits[6c928baf-cc3b-4a10-9362-ff4e15dca71d:c3103]
2019-08-10 04:38:16,855 INFO  client.GrpcClientProtocolClient (GrpcClientProtocolClient.java:onNext(255)) - client-71F61C017E1E->6c928baf-cc3b-4a10-9362-ff4e15dca71d: receive RaftClientReply:client-71F61C017E1E->6c928baf-cc3b-4a10-9362-ff4e15dca71d@group-586430B97ADD, cid=2145, SUCCESS, logIndex=3105, commits[6c928baf-cc3b-4a10-9362-ff4e15dca71d:c3106]
2019-08-10 04:38:16,856 INFO  client.GrpcClientProtocolClient (GrpcClientProtocolClient.java:onNext(255)) - client-71F61C017E1E->6c928baf-cc3b-4a10-9362-ff4e15dca71d: receive RaftClientReply:client-71F61C017E1E->6c928baf-cc3b-4a10-9362-ff4e15dca71d@group-586430B97ADD, cid=2146, SUCCESS, logIndex=3106, commits[6c928baf-cc3b-4a10-9362-ff4e15dca71d:c3109]
2019-08-10 04:38:16,856 INFO  client.GrpcClientProtocolClient (GrpcClientProtocolClient.java:onNext(255)) - client-71F61C017E1E->6c928baf-cc3b-4a10-9362-ff4e15dca71d: receive RaftClientReply:client-71F61C017E1E->6c928baf-cc3b-4a10-9362-ff4e15dca71d@group-586430B97ADD, cid=2147, SUCCESS, logIndex=3107, commits[6c928baf-cc3b-4a10-9362-ff4e15dca71d:c3110]
2019-08-10 04:38:16,857 INFO  client.GrpcClientProtocolClient (GrpcClientProtocolClient.java:onNext(255)) - client-71F61C017E1E->6c928baf-cc3b-4a10-9362-ff4e15dca71d: receive RaftClientReply:client-71F61C017E1E->6c928baf-cc3b-4a10-9362-ff4e15dca71d@group-586430B97ADD, cid=2148, SUCCESS, logIndex=3108, commits[6c928baf-cc3b-4a10-9362-ff4e15dca71d:c3110]
2019-08-10 04:38:16,877 INFO  client.GrpcClientProtocolClient (GrpcClientProtocolClient.java:onNext(255)) - client-71F61C017E1E->6c928baf-cc3b-4a10-9362-ff4e15dca71d: receive RaftClientReply:client-71F61C017E1E->6c928baf-cc3b-4a10-9362-ff4e15dca71d@group-586430B97ADD, cid=2149, SUCCESS, logIndex=3111, commits[6c928baf-cc3b-4a10-9362-ff4e15dca71d:c3112]
2019-08-10 04:38:16,877 INFO  client.GrpcClientProtocolClient (GrpcClientProtocolClient.java:onNext(255)) - client-71F61C017E1E->6c928baf-cc3b-4a10-9362-ff4e15dca71d: receive RaftClientReply:client-71F61C017E1E->6c928baf-cc3b-4a10-9362-ff4e15dca71d@group-586430B97ADD, cid=2150, SUCCESS, logIndex=3112, commits[6c928baf-cc3b-4a10-9362-ff4e15dca71d:c3112]
2019-08-10 04:38:16,878 INFO  client.GrpcClientProtocolClient (GrpcClientProtocolClient.java:onNext(255)) - client-71F61C017E1E->6c928baf-cc3b-4a10-9362-ff4e15dca71d: receive RaftClientReply:client-71F61C017E1E->6c928baf-cc3b-4a10-9362-ff4e15dca71d@group-586430B97ADD, cid=2151, SUCCESS, logIndex=3113, commits[6c928baf-cc3b-4a10-9362-ff4e15dca71d:c3114]
2019-08-10 04:38:16,878 INFO  client.GrpcClientProtocolClient (GrpcClientProtocolClient.java:onNext(255)) - client-71F61C017E1E->6c928baf-cc3b-4a10-9362-ff4e15dca71d: receive RaftClientReply:client-71F61C017E1E->6c928baf-cc3b-4a10-9362-ff4e15dca71d@group-586430B97ADD, cid=2152, SUCCESS, logIndex=3114, commits[6c928baf-cc3b-4a10-9362-ff4e15dca71d:c3115]
2019-08-10 04:38:16,901 DEBUG block.SCMBlockDeletingService (SCMBlockDeletingService.java:call(138)) - Running DeletedBlockTransactionScanner
2019-08-10 04:38:16,902 DEBUG block.SCMBlockDeletingService (SCMBlockDeletingService.java:call(155)) - Scanned deleted blocks log and got 0 delTX to process.
2019-08-10 04:38:16,907 INFO  client.GrpcClientProtocolClient (GrpcClientProtocolClient.java:onNext(255)) - client-71F61C017E1E->6c928baf-cc3b-4a10-9362-ff4e15dca71d: receive RaftClientReply:client-71F61C017E1E->6c928baf-cc3b-4a10-9362-ff4e15dca71d@group-586430B97ADD, cid=2153, SUCCESS, logIndex=3117, commits[6c928baf-cc3b-4a10-9362-ff4e15dca71d:c3118]
2019-08-10 04:38:16,908 INFO  client.GrpcClientProtocolClient (GrpcClientProtocolClient.java:onNext(255)) - client-71F61C017E1E->6c928baf-cc3b-4a10-9362-ff4e15dca71d: receive RaftClientReply:client-71F61C017E1E->6c928baf-cc3b-4a10-9362-ff4e15dca71d@group-586430B97ADD, cid=2154, SUCCESS, logIndex=3118, commits[6c928baf-cc3b-4a10-9362-ff4e15dca71d:c3120]
2019-08-10 04:38:16,908 INFO  client.GrpcClientProtocolClient (GrpcClientProtocolClient.java:onNext(255)) - client-71F61C017E1E->6c928baf-cc3b-4a10-9362-ff4e15dca71d: receive RaftClientReply:client-71F61C017E1E->6c928baf-cc3b-4a10-9362-ff4e15dca71d@group-586430B97ADD, cid=2155, SUCCESS, logIndex=3119, commits[6c928baf-cc3b-4a10-9362-ff4e15dca71d:c3120]
2019-08-10 04:38:16,909 INFO  client.GrpcClientProtocolClient (GrpcClientProtocolClient.java:onNext(255)) - client-71F61C017E1E->6c928baf-cc3b-4a10-9362-ff4e15dca71d: receive RaftClientReply:client-71F61C017E1E->6c928baf-cc3b-4a10-9362-ff4e15dca71d@group-586430B97ADD, cid=2156, SUCCESS, logIndex=3120, commits[6c928baf-cc3b-4a10-9362-ff4e15dca71d:c3121]
2019-08-10 04:38:16,929 INFO  client.GrpcClientProtocolClient (GrpcClientProtocolClient.java:onNext(255)) - client-71F61C017E1E->6c928baf-cc3b-4a10-9362-ff4e15dca71d: receive RaftClientReply:client-71F61C017E1E->6c928baf-cc3b-4a10-9362-ff4e15dca71d@group-586430B97ADD, cid=2157, SUCCESS, logIndex=3123, commits[6c928baf-cc3b-4a10-9362-ff4e15dca71d:c3124]
2019-08-10 04:38:16,929 INFO  client.GrpcClientProtocolClient (GrpcClientProtocolClient.java:onNext(255)) - client-71F61C017E1E->6c928baf-cc3b-4a10-9362-ff4e15dca71d: receive RaftClientReply:client-71F61C017E1E->6c928baf-cc3b-4a10-9362-ff4e15dca71d@group-586430B97ADD, cid=2158, SUCCESS, logIndex=3124, commits[6c928baf-cc3b-4a10-9362-ff4e15dca71d:c3126]
2019-08-10 04:38:16,929 INFO  client.GrpcClientProtocolClient (GrpcClientProtocolClient.java:onNext(255)) - client-71F61C017E1E->6c928baf-cc3b-4a10-9362-ff4e15dca71d: receive RaftClientReply:client-71F61C017E1E->6c928baf-cc3b-4a10-9362-ff4e15dca71d@group-586430B97ADD, cid=2159, SUCCESS, logIndex=3125, commits[6c928baf-cc3b-4a10-9362-ff4e15dca71d:c3126]
2019-08-10 04:38:16,929 INFO  client.GrpcClientProtocolClient (GrpcClientProtocolClient.java:onNext(255)) - client-71F61C017E1E->6c928baf-cc3b-4a10-9362-ff4e15dca71d: receive RaftClientReply:client-71F61C017E1E->6c928baf-cc3b-4a10-9362-ff4e15dca71d@group-586430B97ADD, cid=2160, SUCCESS, logIndex=3126, commits[6c928baf-cc3b-4a10-9362-ff4e15dca71d:c3127]
2019-08-10 04:38:16,948 INFO  client.GrpcClientProtocolClient (GrpcClientProtocolClient.java:onNext(255)) - client-71F61C017E1E->6c928baf-cc3b-4a10-9362-ff4e15dca71d: receive RaftClientReply:client-71F61C017E1E->6c928baf-cc3b-4a10-9362-ff4e15dca71d@group-586430B97ADD, cid=2161, SUCCESS, logIndex=3129, commits[6c928baf-cc3b-4a10-9362-ff4e15dca71d:c3130]
2019-08-10 04:38:16,949 INFO  client.GrpcClientProtocolClient (GrpcClientProtocolClient.java:onNext(255)) - client-71F61C017E1E->6c928baf-cc3b-4a10-9362-ff4e15dca71d: receive RaftClientReply:client-71F61C017E1E->6c928baf-cc3b-4a10-9362-ff4e15dca71d@group-586430B97ADD, cid=2162, SUCCESS, logIndex=3130, commits[6c928baf-cc3b-4a10-9362-ff4e15dca71d:c3130]
2019-08-10 04:38:16,968 INFO  client.GrpcClientProtocolClient (GrpcClientProtocolClient.java:onNext(255)) - client-71F61C017E1E->6c928baf-cc3b-4a10-9362-ff4e15dca71d: receive RaftClientReply:client-71F61C017E1E->6c928baf-cc3b-4a10-9362-ff4e15dca71d@group-586430B97ADD, cid=2163, SUCCESS, logIndex=3131, commits[6c928baf-cc3b-4a10-9362-ff4e15dca71d:c3133]
2019-08-10 04:38:16,969 INFO  client.GrpcClientProtocolClient (GrpcClientProtocolClient.java:onNext(255)) - client-71F61C017E1E->6c928baf-cc3b-4a10-9362-ff4e15dca71d: receive RaftClientReply:client-71F61C017E1E->6c928baf-cc3b-4a10-9362-ff4e15dca71d@group-586430B97ADD, cid=2164, SUCCESS, logIndex=3133, commits[6c928baf-cc3b-4a10-9362-ff4e15dca71d:c3134]
2019-08-10 04:38:17,042 DEBUG block.SCMBlockDeletingService (SCMBlockDeletingService.java:call(138)) - Running DeletedBlockTransactionScanner
2019-08-10 04:38:17,042 DEBUG block.SCMBlockDeletingService (SCMBlockDeletingService.java:call(155)) - Scanned deleted blocks log and got 0 delTX to process.
2019-08-10 04:38:17,059 INFO  client.GrpcClientProtocolClient (GrpcClientProtocolClient.java:onNext(255)) - client-71F61C017E1E->6c928baf-cc3b-4a10-9362-ff4e15dca71d: receive RaftClientReply:client-71F61C017E1E->6c928baf-cc3b-4a10-9362-ff4e15dca71d@group-586430B97ADD, cid=2165, SUCCESS, logIndex=3135, commits[6c928baf-cc3b-4a10-9362-ff4e15dca71d:c3136]
2019-08-10 04:38:17,059 INFO  client.GrpcClientProtocolClient (GrpcClientProtocolClient.java:onNext(255)) - client-71F61C017E1E->6c928baf-cc3b-4a10-9362-ff4e15dca71d: receive RaftClientReply:client-71F61C017E1E->6c928baf-cc3b-4a10-9362-ff4e15dca71d@group-586430B97ADD, cid=2166, SUCCESS, logIndex=3136, commits[6c928baf-cc3b-4a10-9362-ff4e15dca71d:c3137]
2019-08-10 04:38:17,142 DEBUG block.SCMBlockDeletingService (SCMBlockDeletingService.java:call(138)) - Running DeletedBlockTransactionScanner
2019-08-10 04:38:17,143 DEBUG block.SCMBlockDeletingService (SCMBlockDeletingService.java:call(155)) - Scanned deleted blocks log and got 0 delTX to process.
2019-08-10 04:38:17,175 INFO  client.GrpcClientProtocolClient (GrpcClientProtocolClient.java:onNext(255)) - client-71F61C017E1E->6c928baf-cc3b-4a10-9362-ff4e15dca71d: receive RaftClientReply:client-71F61C017E1E->6c928baf-cc3b-4a10-9362-ff4e15dca71d@group-586430B97ADD, cid=2167, SUCCESS, logIndex=3138, commits[6c928baf-cc3b-4a10-9362-ff4e15dca71d:c3139]
2019-08-10 04:38:17,175 INFO  client.GrpcClientProtocolClient (GrpcClientProtocolClient.java:onNext(255)) - client-71F61C017E1E->6c928baf-cc3b-4a10-9362-ff4e15dca71d: receive RaftClientReply:client-71F61C017E1E->6c928baf-cc3b-4a10-9362-ff4e15dca71d@group-586430B97ADD, cid=2168, SUCCESS, logIndex=3139, commits[6c928baf-cc3b-4a10-9362-ff4e15dca71d:c3140]
2019-08-10 04:38:17,205 INFO  client.GrpcClientProtocolClient (GrpcClientProtocolClient.java:onNext(255)) - client-71F61C017E1E->6c928baf-cc3b-4a10-9362-ff4e15dca71d: receive RaftClientReply:client-71F61C017E1E->6c928baf-cc3b-4a10-9362-ff4e15dca71d@group-586430B97ADD, cid=2169, SUCCESS, logIndex=3141, commits[6c928baf-cc3b-4a10-9362-ff4e15dca71d:c3144]
2019-08-10 04:38:17,206 INFO  client.GrpcClientProtocolClient (GrpcClientProtocolClient.java:onNext(255)) - client-71F61C017E1E->6c928baf-cc3b-4a10-9362-ff4e15dca71d: receive RaftClientReply:client-71F61C017E1E->6c928baf-cc3b-4a10-9362-ff4e15dca71d@group-586430B97ADD, cid=2170, SUCCESS, logIndex=3142, commits[6c928baf-cc3b-4a10-9362-ff4e15dca71d:c3144]
2019-08-10 04:38:17,206 INFO  client.GrpcClientProtocolClient (GrpcClientProtocolClient.java:onNext(255)) - client-71F61C017E1E->6c928baf-cc3b-4a10-9362-ff4e15dca71d: receive RaftClientReply:client-71F61C017E1E->6c928baf-cc3b-4a10-9362-ff4e15dca71d@group-586430B97ADD, cid=2171, SUCCESS, logIndex=3143, commits[6c928baf-cc3b-4a10-9362-ff4e15dca71d:c3145]
2019-08-10 04:38:17,207 INFO  client.GrpcClientProtocolClient (GrpcClientProtocolClient.java:onNext(255)) - client-71F61C017E1E->6c928baf-cc3b-4a10-9362-ff4e15dca71d: receive RaftClientReply:client-71F61C017E1E->6c928baf-cc3b-4a10-9362-ff4e15dca71d@group-586430B97ADD, cid=2172, SUCCESS, logIndex=3144, commits[6c928baf-cc3b-4a10-9362-ff4e15dca71d:c3145]
2019-08-10 04:38:17,234 INFO  client.GrpcClientProtocolClient (GrpcClientProtocolClient.java:onNext(255)) - client-71F61C017E1E->6c928baf-cc3b-4a10-9362-ff4e15dca71d: receive RaftClientReply:client-71F61C017E1E->6c928baf-cc3b-4a10-9362-ff4e15dca71d@group-586430B97ADD, cid=2173, SUCCESS, logIndex=3146, commits[6c928baf-cc3b-4a10-9362-ff4e15dca71d:c3149]
2019-08-10 04:38:17,235 INFO  client.GrpcClientProtocolClient (GrpcClientProtocolClient.java:onNext(255)) - client-71F61C017E1E->6c928baf-cc3b-4a10-9362-ff4e15dca71d: receive RaftClientReply:client-71F61C017E1E->6c928baf-cc3b-4a10-9362-ff4e15dca71d@group-586430B97ADD, cid=2174, SUCCESS, logIndex=3147, commits[6c928baf-cc3b-4a10-9362-ff4e15dca71d:c3150]
2019-08-10 04:38:17,235 INFO  client.GrpcClientProtocolClient (GrpcClientProtocolClient.java:onNext(255)) - client-71F61C017E1E->6c928baf-cc3b-4a10-9362-ff4e15dca71d: receive RaftClientReply:client-71F61C017E1E->6c928baf-cc3b-4a10-9362-ff4e15dca71d@group-586430B97ADD, cid=2175, SUCCESS, logIndex=3148, commits[6c928baf-cc3b-4a10-9362-ff4e15dca71d:c3150]
2019-08-10 04:38:17,235 INFO  client.GrpcClientProtocolClient (GrpcClientProtocolClient.java:onNext(255)) - client-71F61C017E1E->6c928baf-cc3b-4a10-9362-ff4e15dca71d: receive RaftClientReply:client-71F61C017E1E->6c928baf-cc3b-4a10-9362-ff4e15dca71d@group-586430B97ADD, cid=2176, SUCCESS, logIndex=3149, commits[6c928baf-cc3b-4a10-9362-ff4e15dca71d:c3150]
2019-08-10 04:38:17,243 DEBUG block.SCMBlockDeletingService (SCMBlockDeletingService.java:call(138)) - Running DeletedBlockTransactionScanner
2019-08-10 04:38:17,243 DEBUG block.SCMBlockDeletingService (SCMBlockDeletingService.java:call(155)) - Scanned deleted blocks log and got 0 delTX to process.
2019-08-10 04:38:17,265 INFO  client.GrpcClientProtocolClient (GrpcClientProtocolClient.java:onNext(255)) - client-71F61C017E1E->6c928baf-cc3b-4a10-9362-ff4e15dca71d: receive RaftClientReply:client-71F61C017E1E->6c928baf-cc3b-4a10-9362-ff4e15dca71d@group-586430B97ADD, cid=2177, SUCCESS, logIndex=3151, commits[6c928baf-cc3b-4a10-9362-ff4e15dca71d:c3154]
2019-08-10 04:38:17,266 INFO  client.GrpcClientProtocolClient (GrpcClientProtocolClient.java:onNext(255)) - client-71F61C017E1E->6c928baf-cc3b-4a10-9362-ff4e15dca71d: receive RaftClientReply:client-71F61C017E1E->6c928baf-cc3b-4a10-9362-ff4e15dca71d@group-586430B97ADD, cid=2178, SUCCESS, logIndex=3152, commits[6c928baf-cc3b-4a10-9362-ff4e15dca71d:c3155]
2019-08-10 04:38:17,267 INFO  client.GrpcClientProtocolClient (GrpcClientProtocolClient.java:onNext(255)) - client-71F61C017E1E->6c928baf-cc3b-4a10-9362-ff4e15dca71d: receive RaftClientReply:client-71F61C017E1E->6c928baf-cc3b-4a10-9362-ff4e15dca71d@group-586430B97ADD, cid=2179, SUCCESS, logIndex=3153, commits[6c928baf-cc3b-4a10-9362-ff4e15dca71d:c3155]
2019-08-10 04:38:17,267 INFO  client.GrpcClientProtocolClient (GrpcClientProtocolClient.java:onNext(255)) - client-71F61C017E1E->6c928baf-cc3b-4a10-9362-ff4e15dca71d: receive RaftClientReply:client-71F61C017E1E->6c928baf-cc3b-4a10-9362-ff4e15dca71d@group-586430B97ADD, cid=2180, SUCCESS, logIndex=3154, commits[6c928baf-cc3b-4a10-9362-ff4e15dca71d:c3155]
2019-08-10 04:38:17,288 INFO  client.GrpcClientProtocolClient (GrpcClientProtocolClient.java:onNext(255)) - client-71F61C017E1E->6c928baf-cc3b-4a10-9362-ff4e15dca71d: receive RaftClientReply:client-71F61C017E1E->6c928baf-cc3b-4a10-9362-ff4e15dca71d@group-586430B97ADD, cid=2181, SUCCESS, logIndex=3156, commits[6c928baf-cc3b-4a10-9362-ff4e15dca71d:c3159]
2019-08-10 04:38:17,289 INFO  client.GrpcClientProtocolClient (GrpcClientProtocolClient.java:onNext(255)) - client-71F61C017E1E->6c928baf-cc3b-4a10-9362-ff4e15dca71d: receive RaftClientReply:client-71F61C017E1E->6c928baf-cc3b-4a10-9362-ff4e15dca71d@group-586430B97ADD, cid=2182, SUCCESS, logIndex=3157, commits[6c928baf-cc3b-4a10-9362-ff4e15dca71d:c3160]
2019-08-10 04:38:17,289 INFO  client.GrpcClientProtocolClient (GrpcClientProtocolClient.java:onNext(255)) - client-71F61C017E1E->6c928baf-cc3b-4a10-9362-ff4e15dca71d: receive RaftClientReply:client-71F61C017E1E->6c928baf-cc3b-4a10-9362-ff4e15dca71d@group-586430B97ADD, cid=2183, SUCCESS, logIndex=3158, commits[6c928baf-cc3b-4a10-9362-ff4e15dca71d:c3160]
2019-08-10 04:38:17,289 INFO  client.GrpcClientProtocolClient (GrpcClientProtocolClient.java:onNext(255)) - client-71F61C017E1E->6c928baf-cc3b-4a10-9362-ff4e15dca71d: receive RaftClientReply:client-71F61C017E1E->6c928baf-cc3b-4a10-9362-ff4e15dca71d@group-586430B97ADD, cid=2184, SUCCESS, logIndex=3159, commits[6c928baf-cc3b-4a10-9362-ff4e15dca71d:c3160]
2019-08-10 04:38:17,320 INFO  client.GrpcClientProtocolClient (GrpcClientProtocolClient.java:onNext(255)) - client-71F61C017E1E->6c928baf-cc3b-4a10-9362-ff4e15dca71d: receive RaftClientReply:client-71F61C017E1E->6c928baf-cc3b-4a10-9362-ff4e15dca71d@group-586430B97ADD, cid=2185, SUCCESS, logIndex=3161, commits[6c928baf-cc3b-4a10-9362-ff4e15dca71d:c3164]
2019-08-10 04:38:17,320 INFO  client.GrpcClientProtocolClient (GrpcClientProtocolClient.java:onNext(255)) - client-71F61C017E1E->6c928baf-cc3b-4a10-9362-ff4e15dca71d: receive RaftClientReply:client-71F61C017E1E->6c928baf-cc3b-4a10-9362-ff4e15dca71d@group-586430B97ADD, cid=2186, SUCCESS, logIndex=3162, commits[6c928baf-cc3b-4a10-9362-ff4e15dca71d:c3165]
2019-08-10 04:38:17,321 INFO  client.GrpcClientProtocolClient (GrpcClientProtocolClient.java:onNext(255)) - client-71F61C017E1E->6c928baf-cc3b-4a10-9362-ff4e15dca71d: receive RaftClientReply:client-71F61C017E1E->6c928baf-cc3b-4a10-9362-ff4e15dca71d@group-586430B97ADD, cid=2187, SUCCESS, logIndex=3163, commits[6c928baf-cc3b-4a10-9362-ff4e15dca71d:c3165]
2019-08-10 04:38:17,321 INFO  client.GrpcClientProtocolClient (GrpcClientProtocolClient.java:onNext(255)) - client-71F61C017E1E->6c928baf-cc3b-4a10-9362-ff4e15dca71d: receive RaftClientReply:client-71F61C017E1E->6c928baf-cc3b-4a10-9362-ff4e15dca71d@group-586430B97ADD, cid=2188, SUCCESS, logIndex=3164, commits[6c928baf-cc3b-4a10-9362-ff4e15dca71d:c3165]
2019-08-10 04:38:17,343 INFO  client.GrpcClientProtocolClient (GrpcClientProtocolClient.java:onNext(255)) - client-71F61C017E1E->6c928baf-cc3b-4a10-9362-ff4e15dca71d: receive RaftClientReply:client-71F61C017E1E->6c928baf-cc3b-4a10-9362-ff4e15dca71d@group-586430B97ADD, cid=2189, SUCCESS, logIndex=3166, commits[6c928baf-cc3b-4a10-9362-ff4e15dca71d:c3169]
2019-08-10 04:38:17,344 INFO  client.GrpcClientProtocolClient (GrpcClientProtocolClient.java:onNext(255)) - client-71F61C017E1E->6c928baf-cc3b-4a10-9362-ff4e15dca71d: receive RaftClientReply:client-71F61C017E1E->6c928baf-cc3b-4a10-9362-ff4e15dca71d@group-586430B97ADD, cid=2190, SUCCESS, logIndex=3167, commits[6c928baf-cc3b-4a10-9362-ff4e15dca71d:c3169]
2019-08-10 04:38:17,344 DEBUG block.SCMBlockDeletingService (SCMBlockDeletingService.java:call(138)) - Running DeletedBlockTransactionScanner
2019-08-10 04:38:17,344 INFO  client.GrpcClientProtocolClient (GrpcClientProtocolClient.java:onNext(255)) - client-71F61C017E1E->6c928baf-cc3b-4a10-9362-ff4e15dca71d: receive RaftClientReply:client-71F61C017E1E->6c928baf-cc3b-4a10-9362-ff4e15dca71d@group-586430B97ADD, cid=2191, SUCCESS, logIndex=3168, commits[6c928baf-cc3b-4a10-9362-ff4e15dca71d:c3169]
2019-08-10 04:38:17,344 DEBUG block.SCMBlockDeletingService (SCMBlockDeletingService.java:call(155)) - Scanned deleted blocks log and got 0 delTX to process.
2019-08-10 04:38:17,345 INFO  client.GrpcClientProtocolClient (GrpcClientProtocolClient.java:onNext(255)) - client-71F61C017E1E->6c928baf-cc3b-4a10-9362-ff4e15dca71d: receive RaftClientReply:client-71F61C017E1E->6c928baf-cc3b-4a10-9362-ff4e15dca71d@group-586430B97ADD, cid=2192, SUCCESS, logIndex=3169, commits[6c928baf-cc3b-4a10-9362-ff4e15dca71d:c3169]
2019-08-10 04:38:17,377 INFO  client.GrpcClientProtocolClient (GrpcClientProtocolClient.java:onNext(255)) - client-71F61C017E1E->6c928baf-cc3b-4a10-9362-ff4e15dca71d: receive RaftClientReply:client-71F61C017E1E->6c928baf-cc3b-4a10-9362-ff4e15dca71d@group-586430B97ADD, cid=2193, SUCCESS, logIndex=3171, commits[6c928baf-cc3b-4a10-9362-ff4e15dca71d:c3172]
2019-08-10 04:38:17,377 INFO  client.GrpcClientProtocolClient (GrpcClientProtocolClient.java:onNext(255)) - client-71F61C017E1E->6c928baf-cc3b-4a10-9362-ff4e15dca71d: receive RaftClientReply:client-71F61C017E1E->6c928baf-cc3b-4a10-9362-ff4e15dca71d@group-586430B97ADD, cid=2194, SUCCESS, logIndex=3172, commits[6c928baf-cc3b-4a10-9362-ff4e15dca71d:c3174]
2019-08-10 04:38:17,378 INFO  client.GrpcClientProtocolClient (GrpcClientProtocolClient.java:onNext(255)) - client-71F61C017E1E->6c928baf-cc3b-4a10-9362-ff4e15dca71d: receive RaftClientReply:client-71F61C017E1E->6c928baf-cc3b-4a10-9362-ff4e15dca71d@group-586430B97ADD, cid=2195, SUCCESS, logIndex=3173, commits[6c928baf-cc3b-4a10-9362-ff4e15dca71d:c3175]
2019-08-10 04:38:17,378 INFO  client.GrpcClientProtocolClient (GrpcClientProtocolClient.java:onNext(255)) - client-71F61C017E1E->6c928baf-cc3b-4a10-9362-ff4e15dca71d: receive RaftClientReply:client-71F61C017E1E->6c928baf-cc3b-4a10-9362-ff4e15dca71d@group-586430B97ADD, cid=2196, SUCCESS, logIndex=3174, commits[6c928baf-cc3b-4a10-9362-ff4e15dca71d:c3175]
2019-08-10 04:38:17,390 INFO  client.GrpcClientProtocolClient (GrpcClientProtocolClient.java:onNext(255)) - client-71F61C017E1E->6c928baf-cc3b-4a10-9362-ff4e15dca71d: receive RaftClientReply:client-71F61C017E1E->6c928baf-cc3b-4a10-9362-ff4e15dca71d@group-586430B97ADD, cid=2197, SUCCESS, logIndex=3177, commits[6c928baf-cc3b-4a10-9362-ff4e15dca71d:c3180]
2019-08-10 04:38:17,390 INFO  client.GrpcClientProtocolClient (GrpcClientProtocolClient.java:onNext(255)) - client-71F61C017E1E->6c928baf-cc3b-4a10-9362-ff4e15dca71d: receive RaftClientReply:client-71F61C017E1E->6c928baf-cc3b-4a10-9362-ff4e15dca71d@group-586430B97ADD, cid=2198, SUCCESS, logIndex=3178, commits[6c928baf-cc3b-4a10-9362-ff4e15dca71d:c3181]
2019-08-10 04:38:17,391 INFO  client.GrpcClientProtocolClient (GrpcClientProtocolClient.java:onNext(255)) - client-71F61C017E1E->6c928baf-cc3b-4a10-9362-ff4e15dca71d: receive RaftClientReply:client-71F61C017E1E->6c928baf-cc3b-4a10-9362-ff4e15dca71d@group-586430B97ADD, cid=2199, SUCCESS, logIndex=3179, commits[6c928baf-cc3b-4a10-9362-ff4e15dca71d:c3181]
2019-08-10 04:38:17,391 INFO  client.GrpcClientProtocolClient (GrpcClientProtocolClient.java:onNext(255)) - client-71F61C017E1E->6c928baf-cc3b-4a10-9362-ff4e15dca71d: receive RaftClientReply:client-71F61C017E1E->6c928baf-cc3b-4a10-9362-ff4e15dca71d@group-586430B97ADD, cid=2200, SUCCESS, logIndex=3180, commits[6c928baf-cc3b-4a10-9362-ff4e15dca71d:c3181]
2019-08-10 04:38:17,420 INFO  client.GrpcClientProtocolClient (GrpcClientProtocolClient.java:onNext(255)) - client-71F61C017E1E->6c928baf-cc3b-4a10-9362-ff4e15dca71d: receive RaftClientReply:client-71F61C017E1E->6c928baf-cc3b-4a10-9362-ff4e15dca71d@group-586430B97ADD, cid=2201, SUCCESS, logIndex=3182, commits[6c928baf-cc3b-4a10-9362-ff4e15dca71d:c3183]
2019-08-10 04:38:17,421 INFO  client.GrpcClientProtocolClient (GrpcClientProtocolClient.java:onNext(255)) - client-71F61C017E1E->6c928baf-cc3b-4a10-9362-ff4e15dca71d: receive RaftClientReply:client-71F61C017E1E->6c928baf-cc3b-4a10-9362-ff4e15dca71d@group-586430B97ADD, cid=2202, SUCCESS, logIndex=3183, commits[6c928baf-cc3b-4a10-9362-ff4e15dca71d:c3183]
2019-08-10 04:38:17,421 INFO  client.GrpcClientProtocolClient (GrpcClientProtocolClient.java:onNext(255)) - client-71F61C017E1E->6c928baf-cc3b-4a10-9362-ff4e15dca71d: receive RaftClientReply:client-71F61C017E1E->6c928baf-cc3b-4a10-9362-ff4e15dca71d@group-586430B97ADD, cid=2203, SUCCESS, logIndex=3184, commits[6c928baf-cc3b-4a10-9362-ff4e15dca71d:c3185]
2019-08-10 04:38:17,421 INFO  client.GrpcClientProtocolClient (GrpcClientProtocolClient.java:onNext(255)) - client-71F61C017E1E->6c928baf-cc3b-4a10-9362-ff4e15dca71d: receive RaftClientReply:client-71F61C017E1E->6c928baf-cc3b-4a10-9362-ff4e15dca71d@group-586430B97ADD, cid=2204, SUCCESS, logIndex=3185, commits[6c928baf-cc3b-4a10-9362-ff4e15dca71d:c3186]
2019-08-10 04:38:17,443 INFO  client.GrpcClientProtocolClient (GrpcClientProtocolClient.java:onNext(255)) - client-71F61C017E1E->6c928baf-cc3b-4a10-9362-ff4e15dca71d: receive RaftClientReply:client-71F61C017E1E->6c928baf-cc3b-4a10-9362-ff4e15dca71d@group-586430B97ADD, cid=2205, SUCCESS, logIndex=3188, commits[6c928baf-cc3b-4a10-9362-ff4e15dca71d:c3191]
2019-08-10 04:38:17,443 INFO  client.GrpcClientProtocolClient (GrpcClientProtocolClient.java:onNext(255)) - client-71F61C017E1E->6c928baf-cc3b-4a10-9362-ff4e15dca71d: receive RaftClientReply:client-71F61C017E1E->6c928baf-cc3b-4a10-9362-ff4e15dca71d@group-586430B97ADD, cid=2206, SUCCESS, logIndex=3189, commits[6c928baf-cc3b-4a10-9362-ff4e15dca71d:c3191]
2019-08-10 04:38:17,443 INFO  client.GrpcClientProtocolClient (GrpcClientProtocolClient.java:onNext(255)) - client-71F61C017E1E->6c928baf-cc3b-4a10-9362-ff4e15dca71d: receive RaftClientReply:client-71F61C017E1E->6c928baf-cc3b-4a10-9362-ff4e15dca71d@group-586430B97ADD, cid=2207, SUCCESS, logIndex=3190, commits[6c928baf-cc3b-4a10-9362-ff4e15dca71d:c3192]
2019-08-10 04:38:17,444 INFO  client.GrpcClientProtocolClient (GrpcClientProtocolClient.java:onNext(255)) - client-71F61C017E1E->6c928baf-cc3b-4a10-9362-ff4e15dca71d: receive RaftClientReply:client-71F61C017E1E->6c928baf-cc3b-4a10-9362-ff4e15dca71d@group-586430B97ADD, cid=2208, SUCCESS, logIndex=3191, commits[6c928baf-cc3b-4a10-9362-ff4e15dca71d:c3192]
2019-08-10 04:38:17,445 DEBUG block.SCMBlockDeletingService (SCMBlockDeletingService.java:call(138)) - Running DeletedBlockTransactionScanner
2019-08-10 04:38:17,445 DEBUG block.SCMBlockDeletingService (SCMBlockDeletingService.java:call(155)) - Scanned deleted blocks log and got 0 delTX to process.
2019-08-10 04:38:17,472 INFO  client.GrpcClientProtocolClient (GrpcClientProtocolClient.java:onNext(255)) - client-71F61C017E1E->6c928baf-cc3b-4a10-9362-ff4e15dca71d: receive RaftClientReply:client-71F61C017E1E->6c928baf-cc3b-4a10-9362-ff4e15dca71d@group-586430B97ADD, cid=2209, SUCCESS, logIndex=3193, commits[6c928baf-cc3b-4a10-9362-ff4e15dca71d:c3194]
2019-08-10 04:38:17,472 INFO  client.GrpcClientProtocolClient (GrpcClientProtocolClient.java:onNext(255)) - client-71F61C017E1E->6c928baf-cc3b-4a10-9362-ff4e15dca71d: receive RaftClientReply:client-71F61C017E1E->6c928baf-cc3b-4a10-9362-ff4e15dca71d@group-586430B97ADD, cid=2210, SUCCESS, logIndex=3194, commits[6c928baf-cc3b-4a10-9362-ff4e15dca71d:c3195]
2019-08-10 04:38:17,545 DEBUG block.SCMBlockDeletingService (SCMBlockDeletingService.java:call(138)) - Running DeletedBlockTransactionScanner
2019-08-10 04:38:17,546 DEBUG block.SCMBlockDeletingService (SCMBlockDeletingService.java:call(155)) - Scanned deleted blocks log and got 0 delTX to process.
2019-08-10 04:38:17,565 INFO  client.GrpcClientProtocolClient (GrpcClientProtocolClient.java:onNext(255)) - client-71F61C017E1E->6c928baf-cc3b-4a10-9362-ff4e15dca71d: receive RaftClientReply:client-71F61C017E1E->6c928baf-cc3b-4a10-9362-ff4e15dca71d@group-586430B97ADD, cid=2211, SUCCESS, logIndex=3196, commits[6c928baf-cc3b-4a10-9362-ff4e15dca71d:c3197]
2019-08-10 04:38:17,566 INFO  client.GrpcClientProtocolClient (GrpcClientProtocolClient.java:onNext(255)) - client-71F61C017E1E->6c928baf-cc3b-4a10-9362-ff4e15dca71d: receive RaftClientReply:client-71F61C017E1E->6c928baf-cc3b-4a10-9362-ff4e15dca71d@group-586430B97ADD, cid=2212, SUCCESS, logIndex=3197, commits[6c928baf-cc3b-4a10-9362-ff4e15dca71d:c3198]
2019-08-10 04:38:17,587 INFO  client.GrpcClientProtocolClient (GrpcClientProtocolClient.java:onNext(255)) - client-71F61C017E1E->6c928baf-cc3b-4a10-9362-ff4e15dca71d: receive RaftClientReply:client-71F61C017E1E->6c928baf-cc3b-4a10-9362-ff4e15dca71d@group-586430B97ADD, cid=2213, SUCCESS, logIndex=3199, commits[6c928baf-cc3b-4a10-9362-ff4e15dca71d:c3200]
2019-08-10 04:38:17,587 INFO  client.GrpcClientProtocolClient (GrpcClientProtocolClient.java:onNext(255)) - client-71F61C017E1E->6c928baf-cc3b-4a10-9362-ff4e15dca71d: receive RaftClientReply:client-71F61C017E1E->6c928baf-cc3b-4a10-9362-ff4e15dca71d@group-586430B97ADD, cid=2214, SUCCESS, logIndex=3200, commits[6c928baf-cc3b-4a10-9362-ff4e15dca71d:c3203]
2019-08-10 04:38:17,588 INFO  client.GrpcClientProtocolClient (GrpcClientProtocolClient.java:onNext(255)) - client-71F61C017E1E->6c928baf-cc3b-4a10-9362-ff4e15dca71d: receive RaftClientReply:client-71F61C017E1E->6c928baf-cc3b-4a10-9362-ff4e15dca71d@group-586430B97ADD, cid=2215, SUCCESS, logIndex=3201, commits[6c928baf-cc3b-4a10-9362-ff4e15dca71d:c3204]
2019-08-10 04:38:17,588 INFO  client.GrpcClientProtocolClient (GrpcClientProtocolClient.java:onNext(255)) - client-71F61C017E1E->6c928baf-cc3b-4a10-9362-ff4e15dca71d: receive RaftClientReply:client-71F61C017E1E->6c928baf-cc3b-4a10-9362-ff4e15dca71d@group-586430B97ADD, cid=2216, SUCCESS, logIndex=3202, commits[6c928baf-cc3b-4a10-9362-ff4e15dca71d:c3204]
2019-08-10 04:38:17,618 INFO  client.GrpcClientProtocolClient (GrpcClientProtocolClient.java:onNext(255)) - client-71F61C017E1E->6c928baf-cc3b-4a10-9362-ff4e15dca71d: receive RaftClientReply:client-71F61C017E1E->6c928baf-cc3b-4a10-9362-ff4e15dca71d@group-586430B97ADD, cid=2217, SUCCESS, logIndex=3205, commits[6c928baf-cc3b-4a10-9362-ff4e15dca71d:c3206]
2019-08-10 04:38:17,618 INFO  client.GrpcClientProtocolClient (GrpcClientProtocolClient.java:onNext(255)) - client-71F61C017E1E->6c928baf-cc3b-4a10-9362-ff4e15dca71d: receive RaftClientReply:client-71F61C017E1E->6c928baf-cc3b-4a10-9362-ff4e15dca71d@group-586430B97ADD, cid=2218, SUCCESS, logIndex=3206, commits[6c928baf-cc3b-4a10-9362-ff4e15dca71d:c3208]
2019-08-10 04:38:17,618 INFO  client.GrpcClientProtocolClient (GrpcClientProtocolClient.java:onNext(255)) - client-71F61C017E1E->6c928baf-cc3b-4a10-9362-ff4e15dca71d: receive RaftClientReply:client-71F61C017E1E->6c928baf-cc3b-4a10-9362-ff4e15dca71d@group-586430B97ADD, cid=2219, SUCCESS, logIndex=3207, commits[6c928baf-cc3b-4a10-9362-ff4e15dca71d:c3209]
2019-08-10 04:38:17,619 INFO  client.GrpcClientProtocolClient (GrpcClientProtocolClient.java:onNext(255)) - client-71F61C017E1E->6c928baf-cc3b-4a10-9362-ff4e15dca71d: receive RaftClientReply:client-71F61C017E1E->6c928baf-cc3b-4a10-9362-ff4e15dca71d@group-586430B97ADD, cid=2220, SUCCESS, logIndex=3208, commits[6c928baf-cc3b-4a10-9362-ff4e15dca71d:c3210]
2019-08-10 04:38:17,641 INFO  client.GrpcClientProtocolClient (GrpcClientProtocolClient.java:onNext(255)) - client-71F61C017E1E->6c928baf-cc3b-4a10-9362-ff4e15dca71d: receive RaftClientReply:client-71F61C017E1E->6c928baf-cc3b-4a10-9362-ff4e15dca71d@group-586430B97ADD, cid=2221, SUCCESS, logIndex=3211, commits[6c928baf-cc3b-4a10-9362-ff4e15dca71d:c3214]
2019-08-10 04:38:17,641 INFO  client.GrpcClientProtocolClient (GrpcClientProtocolClient.java:onNext(255)) - client-71F61C017E1E->6c928baf-cc3b-4a10-9362-ff4e15dca71d: receive RaftClientReply:client-71F61C017E1E->6c928baf-cc3b-4a10-9362-ff4e15dca71d@group-586430B97ADD, cid=2222, SUCCESS, logIndex=3212, commits[6c928baf-cc3b-4a10-9362-ff4e15dca71d:c3215]
2019-08-10 04:38:17,641 INFO  client.GrpcClientProtocolClient (GrpcClientProtocolClient.java:onNext(255)) - client-71F61C017E1E->6c928baf-cc3b-4a10-9362-ff4e15dca71d: receive RaftClientReply:client-71F61C017E1E->6c928baf-cc3b-4a10-9362-ff4e15dca71d@group-586430B97ADD, cid=2223, SUCCESS, logIndex=3213, commits[6c928baf-cc3b-4a10-9362-ff4e15dca71d:c3215]
2019-08-10 04:38:17,642 INFO  client.GrpcClientProtocolClient (GrpcClientProtocolClient.java:onNext(255)) - client-71F61C017E1E->6c928baf-cc3b-4a10-9362-ff4e15dca71d: receive RaftClientReply:client-71F61C017E1E->6c928baf-cc3b-4a10-9362-ff4e15dca71d@group-586430B97ADD, cid=2224, SUCCESS, logIndex=3214, commits[6c928baf-cc3b-4a10-9362-ff4e15dca71d:c3215]
2019-08-10 04:38:17,646 DEBUG block.SCMBlockDeletingService (SCMBlockDeletingService.java:call(138)) - Running DeletedBlockTransactionScanner
2019-08-10 04:38:17,646 DEBUG block.SCMBlockDeletingService (SCMBlockDeletingService.java:call(155)) - Scanned deleted blocks log and got 0 delTX to process.
2019-08-10 04:38:17,669 INFO  client.GrpcClientProtocolClient (GrpcClientProtocolClient.java:onNext(255)) - client-71F61C017E1E->6c928baf-cc3b-4a10-9362-ff4e15dca71d: receive RaftClientReply:client-71F61C017E1E->6c928baf-cc3b-4a10-9362-ff4e15dca71d@group-586430B97ADD, cid=2225, SUCCESS, logIndex=3216, commits[6c928baf-cc3b-4a10-9362-ff4e15dca71d:c3217]
2019-08-10 04:38:17,670 INFO  client.GrpcClientProtocolClient (GrpcClientProtocolClient.java:onNext(255)) - client-71F61C017E1E->6c928baf-cc3b-4a10-9362-ff4e15dca71d: receive RaftClientReply:client-71F61C017E1E->6c928baf-cc3b-4a10-9362-ff4e15dca71d@group-586430B97ADD, cid=2226, SUCCESS, logIndex=3217, commits[6c928baf-cc3b-4a10-9362-ff4e15dca71d:c3219]
2019-08-10 04:38:17,670 INFO  client.GrpcClientProtocolClient (GrpcClientProtocolClient.java:onNext(255)) - client-71F61C017E1E->6c928baf-cc3b-4a10-9362-ff4e15dca71d: receive RaftClientReply:client-71F61C017E1E->6c928baf-cc3b-4a10-9362-ff4e15dca71d@group-586430B97ADD, cid=2227, SUCCESS, logIndex=3218, commits[6c928baf-cc3b-4a10-9362-ff4e15dca71d:c3219]
2019-08-10 04:38:17,671 INFO  client.GrpcClientProtocolClient (GrpcClientProtocolClient.java:onNext(255)) - client-71F61C017E1E->6c928baf-cc3b-4a10-9362-ff4e15dca71d: receive RaftClientReply:client-71F61C017E1E->6c928baf-cc3b-4a10-9362-ff4e15dca71d@group-586430B97ADD, cid=2228, SUCCESS, logIndex=3219, commits[6c928baf-cc3b-4a10-9362-ff4e15dca71d:c3220]
2019-08-10 04:38:17,689 INFO  client.GrpcClientProtocolClient (GrpcClientProtocolClient.java:onNext(255)) - client-71F61C017E1E->6c928baf-cc3b-4a10-9362-ff4e15dca71d: receive RaftClientReply:client-71F61C017E1E->6c928baf-cc3b-4a10-9362-ff4e15dca71d@group-586430B97ADD, cid=2229, SUCCESS, logIndex=3222, commits[6c928baf-cc3b-4a10-9362-ff4e15dca71d:c3223]
2019-08-10 04:38:17,689 INFO  client.GrpcClientProtocolClient (GrpcClientProtocolClient.java:onNext(255)) - client-71F61C017E1E->6c928baf-cc3b-4a10-9362-ff4e15dca71d: receive RaftClientReply:client-71F61C017E1E->6c928baf-cc3b-4a10-9362-ff4e15dca71d@group-586430B97ADD, cid=2230, SUCCESS, logIndex=3223, commits[6c928baf-cc3b-4a10-9362-ff4e15dca71d:c3225]
2019-08-10 04:38:17,689 INFO  client.GrpcClientProtocolClient (GrpcClientProtocolClient.java:onNext(255)) - client-71F61C017E1E->6c928baf-cc3b-4a10-9362-ff4e15dca71d: receive RaftClientReply:client-71F61C017E1E->6c928baf-cc3b-4a10-9362-ff4e15dca71d@group-586430B97ADD, cid=2231, SUCCESS, logIndex=3224, commits[6c928baf-cc3b-4a10-9362-ff4e15dca71d:c3225]
2019-08-10 04:38:17,690 INFO  client.GrpcClientProtocolClient (GrpcClientProtocolClient.java:onNext(255)) - client-71F61C017E1E->6c928baf-cc3b-4a10-9362-ff4e15dca71d: receive RaftClientReply:client-71F61C017E1E->6c928baf-cc3b-4a10-9362-ff4e15dca71d@group-586430B97ADD, cid=2232, SUCCESS, logIndex=3225, commits[6c928baf-cc3b-4a10-9362-ff4e15dca71d:c3226]
2019-08-10 04:38:17,716 INFO  client.GrpcClientProtocolClient (GrpcClientProtocolClient.java:onNext(255)) - client-71F61C017E1E->6c928baf-cc3b-4a10-9362-ff4e15dca71d: receive RaftClientReply:client-71F61C017E1E->6c928baf-cc3b-4a10-9362-ff4e15dca71d@group-586430B97ADD, cid=2233, SUCCESS, logIndex=3228, commits[6c928baf-cc3b-4a10-9362-ff4e15dca71d:c3229]
2019-08-10 04:38:17,717 INFO  client.GrpcClientProtocolClient (GrpcClientProtocolClient.java:onNext(255)) - client-71F61C017E1E->6c928baf-cc3b-4a10-9362-ff4e15dca71d: receive RaftClientReply:client-71F61C017E1E->6c928baf-cc3b-4a10-9362-ff4e15dca71d@group-586430B97ADD, cid=2234, SUCCESS, logIndex=3229, commits[6c928baf-cc3b-4a10-9362-ff4e15dca71d:c3231]
2019-08-10 04:38:17,717 INFO  client.GrpcClientProtocolClient (GrpcClientProtocolClient.java:onNext(255)) - client-71F61C017E1E->6c928baf-cc3b-4a10-9362-ff4e15dca71d: receive RaftClientReply:client-71F61C017E1E->6c928baf-cc3b-4a10-9362-ff4e15dca71d@group-586430B97ADD, cid=2235, SUCCESS, logIndex=3230, commits[6c928baf-cc3b-4a10-9362-ff4e15dca71d:c3232]
2019-08-10 04:38:17,718 INFO  client.GrpcClientProtocolClient (GrpcClientProtocolClient.java:onNext(255)) - client-71F61C017E1E->6c928baf-cc3b-4a10-9362-ff4e15dca71d: receive RaftClientReply:client-71F61C017E1E->6c928baf-cc3b-4a10-9362-ff4e15dca71d@group-586430B97ADD, cid=2236, SUCCESS, logIndex=3231, commits[6c928baf-cc3b-4a10-9362-ff4e15dca71d:c3233]
2019-08-10 04:38:17,737 INFO  client.GrpcClientProtocolClient (GrpcClientProtocolClient.java:onNext(255)) - client-71F61C017E1E->6c928baf-cc3b-4a10-9362-ff4e15dca71d: receive RaftClientReply:client-71F61C017E1E->6c928baf-cc3b-4a10-9362-ff4e15dca71d@group-586430B97ADD, cid=2237, SUCCESS, logIndex=3234, commits[6c928baf-cc3b-4a10-9362-ff4e15dca71d:c3235]
2019-08-10 04:38:17,738 INFO  client.GrpcClientProtocolClient (GrpcClientProtocolClient.java:onNext(255)) - client-71F61C017E1E->6c928baf-cc3b-4a10-9362-ff4e15dca71d: receive RaftClientReply:client-71F61C017E1E->6c928baf-cc3b-4a10-9362-ff4e15dca71d@group-586430B97ADD, cid=2238, SUCCESS, logIndex=3235, commits[6c928baf-cc3b-4a10-9362-ff4e15dca71d:c3238]
2019-08-10 04:38:17,739 INFO  client.GrpcClientProtocolClient (GrpcClientProtocolClient.java:onNext(255)) - client-71F61C017E1E->6c928baf-cc3b-4a10-9362-ff4e15dca71d: receive RaftClientReply:client-71F61C017E1E->6c928baf-cc3b-4a10-9362-ff4e15dca71d@group-586430B97ADD, cid=2239, SUCCESS, logIndex=3236, commits[6c928baf-cc3b-4a10-9362-ff4e15dca71d:c3238]
2019-08-10 04:38:17,739 INFO  client.GrpcClientProtocolClient (GrpcClientProtocolClient.java:onNext(255)) - client-71F61C017E1E->6c928baf-cc3b-4a10-9362-ff4e15dca71d: receive RaftClientReply:client-71F61C017E1E->6c928baf-cc3b-4a10-9362-ff4e15dca71d@group-586430B97ADD, cid=2240, SUCCESS, logIndex=3237, commits[6c928baf-cc3b-4a10-9362-ff4e15dca71d:c3239]
2019-08-10 04:38:17,747 DEBUG block.SCMBlockDeletingService (SCMBlockDeletingService.java:call(138)) - Running DeletedBlockTransactionScanner
2019-08-10 04:38:17,747 DEBUG block.SCMBlockDeletingService (SCMBlockDeletingService.java:call(155)) - Scanned deleted blocks log and got 0 delTX to process.
2019-08-10 04:38:17,768 INFO  client.GrpcClientProtocolClient (GrpcClientProtocolClient.java:onNext(255)) - client-71F61C017E1E->6c928baf-cc3b-4a10-9362-ff4e15dca71d: receive RaftClientReply:client-71F61C017E1E->6c928baf-cc3b-4a10-9362-ff4e15dca71d@group-586430B97ADD, cid=2241, SUCCESS, logIndex=3240, commits[6c928baf-cc3b-4a10-9362-ff4e15dca71d:c3243]
2019-08-10 04:38:17,769 INFO  client.GrpcClientProtocolClient (GrpcClientProtocolClient.java:onNext(255)) - client-71F61C017E1E->6c928baf-cc3b-4a10-9362-ff4e15dca71d: receive RaftClientReply:client-71F61C017E1E->6c928baf-cc3b-4a10-9362-ff4e15dca71d@group-586430B97ADD, cid=2242, SUCCESS, logIndex=3241, commits[6c928baf-cc3b-4a10-9362-ff4e15dca71d:c3243]
2019-08-10 04:38:17,769 INFO  client.GrpcClientProtocolClient (GrpcClientProtocolClient.java:onNext(255)) - client-71F61C017E1E->6c928baf-cc3b-4a10-9362-ff4e15dca71d: receive RaftClientReply:client-71F61C017E1E->6c928baf-cc3b-4a10-9362-ff4e15dca71d@group-586430B97ADD, cid=2243, SUCCESS, logIndex=3242, commits[6c928baf-cc3b-4a10-9362-ff4e15dca71d:c3244]
2019-08-10 04:38:17,769 INFO  client.GrpcClientProtocolClient (GrpcClientProtocolClient.java:onNext(255)) - client-71F61C017E1E->6c928baf-cc3b-4a10-9362-ff4e15dca71d: receive RaftClientReply:client-71F61C017E1E->6c928baf-cc3b-4a10-9362-ff4e15dca71d@group-586430B97ADD, cid=2244, SUCCESS, logIndex=3243, commits[6c928baf-cc3b-4a10-9362-ff4e15dca71d:c3245]
2019-08-10 04:38:17,789 INFO  client.GrpcClientProtocolClient (GrpcClientProtocolClient.java:onNext(255)) - client-71F61C017E1E->6c928baf-cc3b-4a10-9362-ff4e15dca71d: receive RaftClientReply:client-71F61C017E1E->6c928baf-cc3b-4a10-9362-ff4e15dca71d@group-586430B97ADD, cid=2245, SUCCESS, logIndex=3246, commits[6c928baf-cc3b-4a10-9362-ff4e15dca71d:c3247]
2019-08-10 04:38:17,789 INFO  client.GrpcClientProtocolClient (GrpcClientProtocolClient.java:onNext(255)) - client-71F61C017E1E->6c928baf-cc3b-4a10-9362-ff4e15dca71d: receive RaftClientReply:client-71F61C017E1E->6c928baf-cc3b-4a10-9362-ff4e15dca71d@group-586430B97ADD, cid=2246, SUCCESS, logIndex=3247, commits[6c928baf-cc3b-4a10-9362-ff4e15dca71d:c3249]
2019-08-10 04:38:17,790 INFO  client.GrpcClientProtocolClient (GrpcClientProtocolClient.java:onNext(255)) - client-71F61C017E1E->6c928baf-cc3b-4a10-9362-ff4e15dca71d: receive RaftClientReply:client-71F61C017E1E->6c928baf-cc3b-4a10-9362-ff4e15dca71d@group-586430B97ADD, cid=2247, SUCCESS, logIndex=3248, commits[6c928baf-cc3b-4a10-9362-ff4e15dca71d:c3250]
2019-08-10 04:38:17,790 INFO  client.GrpcClientProtocolClient (GrpcClientProtocolClient.java:onNext(255)) - client-71F61C017E1E->6c928baf-cc3b-4a10-9362-ff4e15dca71d: receive RaftClientReply:client-71F61C017E1E->6c928baf-cc3b-4a10-9362-ff4e15dca71d@group-586430B97ADD, cid=2248, SUCCESS, logIndex=3249, commits[6c928baf-cc3b-4a10-9362-ff4e15dca71d:c3250]
2019-08-10 04:38:17,817 INFO  client.GrpcClientProtocolClient (GrpcClientProtocolClient.java:onNext(255)) - client-71F61C017E1E->6c928baf-cc3b-4a10-9362-ff4e15dca71d: receive RaftClientReply:client-71F61C017E1E->6c928baf-cc3b-4a10-9362-ff4e15dca71d@group-586430B97ADD, cid=2249, SUCCESS, logIndex=3252, commits[6c928baf-cc3b-4a10-9362-ff4e15dca71d:c3253]
2019-08-10 04:38:17,818 INFO  client.GrpcClientProtocolClient (GrpcClientProtocolClient.java:onNext(255)) - client-71F61C017E1E->6c928baf-cc3b-4a10-9362-ff4e15dca71d: receive RaftClientReply:client-71F61C017E1E->6c928baf-cc3b-4a10-9362-ff4e15dca71d@group-586430B97ADD, cid=2250, SUCCESS, logIndex=3253, commits[6c928baf-cc3b-4a10-9362-ff4e15dca71d:c3255]
2019-08-10 04:38:17,818 INFO  client.GrpcClientProtocolClient (GrpcClientProtocolClient.java:onNext(255)) - client-71F61C017E1E->6c928baf-cc3b-4a10-9362-ff4e15dca71d: receive RaftClientReply:client-71F61C017E1E->6c928baf-cc3b-4a10-9362-ff4e15dca71d@group-586430B97ADD, cid=2251, SUCCESS, logIndex=3254, commits[6c928baf-cc3b-4a10-9362-ff4e15dca71d:c3256]
2019-08-10 04:38:17,818 INFO  client.GrpcClientProtocolClient (GrpcClientProtocolClient.java:onNext(255)) - client-71F61C017E1E->6c928baf-cc3b-4a10-9362-ff4e15dca71d: receive RaftClientReply:client-71F61C017E1E->6c928baf-cc3b-4a10-9362-ff4e15dca71d@group-586430B97ADD, cid=2252, SUCCESS, logIndex=3255, commits[6c928baf-cc3b-4a10-9362-ff4e15dca71d:c3256]
2019-08-10 04:38:17,847 DEBUG block.SCMBlockDeletingService (SCMBlockDeletingService.java:call(138)) - Running DeletedBlockTransactionScanner
2019-08-10 04:38:17,848 DEBUG block.SCMBlockDeletingService (SCMBlockDeletingService.java:call(155)) - Scanned deleted blocks log and got 0 delTX to process.
2019-08-10 04:38:17,851 INFO  client.GrpcClientProtocolClient (GrpcClientProtocolClient.java:onNext(255)) - client-71F61C017E1E->6c928baf-cc3b-4a10-9362-ff4e15dca71d: receive RaftClientReply:client-71F61C017E1E->6c928baf-cc3b-4a10-9362-ff4e15dca71d@group-586430B97ADD, cid=2253, SUCCESS, logIndex=3258, commits[6c928baf-cc3b-4a10-9362-ff4e15dca71d:c3259]
2019-08-10 04:38:17,851 INFO  client.GrpcClientProtocolClient (GrpcClientProtocolClient.java:onNext(255)) - client-71F61C017E1E->6c928baf-cc3b-4a10-9362-ff4e15dca71d: receive RaftClientReply:client-71F61C017E1E->6c928baf-cc3b-4a10-9362-ff4e15dca71d@group-586430B97ADD, cid=2254, SUCCESS, logIndex=3259, commits[6c928baf-cc3b-4a10-9362-ff4e15dca71d:c3259]
2019-08-10 04:38:18,006 DEBUG block.SCMBlockDeletingService (SCMBlockDeletingService.java:call(138)) - Running DeletedBlockTransactionScanner
2019-08-10 04:38:18,007 DEBUG block.SCMBlockDeletingService (SCMBlockDeletingService.java:call(155)) - Scanned deleted blocks log and got 0 delTX to process.
2019-08-10 04:38:18,036 INFO  client.GrpcClientProtocolClient (GrpcClientProtocolClient.java:onNext(255)) - client-71F61C017E1E->6c928baf-cc3b-4a10-9362-ff4e15dca71d: receive RaftClientReply:client-71F61C017E1E->6c928baf-cc3b-4a10-9362-ff4e15dca71d@group-586430B97ADD, cid=2255, SUCCESS, logIndex=3261, commits[6c928baf-cc3b-4a10-9362-ff4e15dca71d:c3262]
2019-08-10 04:38:18,037 INFO  client.GrpcClientProtocolClient (GrpcClientProtocolClient.java:onNext(255)) - client-71F61C017E1E->6c928baf-cc3b-4a10-9362-ff4e15dca71d: receive RaftClientReply:client-71F61C017E1E->6c928baf-cc3b-4a10-9362-ff4e15dca71d@group-586430B97ADD, cid=2256, SUCCESS, logIndex=3262, commits[6c928baf-cc3b-4a10-9362-ff4e15dca71d:c3263]
2019-08-10 04:38:18,066 INFO  client.GrpcClientProtocolClient (GrpcClientProtocolClient.java:onNext(255)) - client-71F61C017E1E->6c928baf-cc3b-4a10-9362-ff4e15dca71d: receive RaftClientReply:client-71F61C017E1E->6c928baf-cc3b-4a10-9362-ff4e15dca71d@group-586430B97ADD, cid=2257, SUCCESS, logIndex=3264, commits[6c928baf-cc3b-4a10-9362-ff4e15dca71d:c3265]
2019-08-10 04:38:18,067 INFO  client.GrpcClientProtocolClient (GrpcClientProtocolClient.java:onNext(255)) - client-71F61C017E1E->6c928baf-cc3b-4a10-9362-ff4e15dca71d: receive RaftClientReply:client-71F61C017E1E->6c928baf-cc3b-4a10-9362-ff4e15dca71d@group-586430B97ADD, cid=2258, SUCCESS, logIndex=3265, commits[6c928baf-cc3b-4a10-9362-ff4e15dca71d:c3267]
2019-08-10 04:38:18,067 INFO  client.GrpcClientProtocolClient (GrpcClientProtocolClient.java:onNext(255)) - client-71F61C017E1E->6c928baf-cc3b-4a10-9362-ff4e15dca71d: receive RaftClientReply:client-71F61C017E1E->6c928baf-cc3b-4a10-9362-ff4e15dca71d@group-586430B97ADD, cid=2259, SUCCESS, logIndex=3266, commits[6c928baf-cc3b-4a10-9362-ff4e15dca71d:c3268]
2019-08-10 04:38:18,068 INFO  client.GrpcClientProtocolClient (GrpcClientProtocolClient.java:onNext(255)) - client-71F61C017E1E->6c928baf-cc3b-4a10-9362-ff4e15dca71d: receive RaftClientReply:client-71F61C017E1E->6c928baf-cc3b-4a10-9362-ff4e15dca71d@group-586430B97ADD, cid=2260, SUCCESS, logIndex=3267, commits[6c928baf-cc3b-4a10-9362-ff4e15dca71d:c3268]
2019-08-10 04:38:18,088 INFO  client.GrpcClientProtocolClient (GrpcClientProtocolClient.java:onNext(255)) - client-71F61C017E1E->6c928baf-cc3b-4a10-9362-ff4e15dca71d: receive RaftClientReply:client-71F61C017E1E->6c928baf-cc3b-4a10-9362-ff4e15dca71d@group-586430B97ADD, cid=2261, SUCCESS, logIndex=3270, commits[6c928baf-cc3b-4a10-9362-ff4e15dca71d:c3271]
2019-08-10 04:38:18,089 INFO  client.GrpcClientProtocolClient (GrpcClientProtocolClient.java:onNext(255)) - client-71F61C017E1E->6c928baf-cc3b-4a10-9362-ff4e15dca71d: receive RaftClientReply:client-71F61C017E1E->6c928baf-cc3b-4a10-9362-ff4e15dca71d@group-586430B97ADD, cid=2262, SUCCESS, logIndex=3271, commits[6c928baf-cc3b-4a10-9362-ff4e15dca71d:c3273]
2019-08-10 04:38:18,089 INFO  client.GrpcClientProtocolClient (GrpcClientProtocolClient.java:onNext(255)) - client-71F61C017E1E->6c928baf-cc3b-4a10-9362-ff4e15dca71d: receive RaftClientReply:client-71F61C017E1E->6c928baf-cc3b-4a10-9362-ff4e15dca71d@group-586430B97ADD, cid=2263, SUCCESS, logIndex=3272, commits[6c928baf-cc3b-4a10-9362-ff4e15dca71d:c3274]
2019-08-10 04:38:18,089 INFO  client.GrpcClientProtocolClient (GrpcClientProtocolClient.java:onNext(255)) - client-71F61C017E1E->6c928baf-cc3b-4a10-9362-ff4e15dca71d: receive RaftClientReply:client-71F61C017E1E->6c928baf-cc3b-4a10-9362-ff4e15dca71d@group-586430B97ADD, cid=2264, SUCCESS, logIndex=3273, commits[6c928baf-cc3b-4a10-9362-ff4e15dca71d:c3274]
2019-08-10 04:38:18,107 DEBUG block.SCMBlockDeletingService (SCMBlockDeletingService.java:call(138)) - Running DeletedBlockTransactionScanner
2019-08-10 04:38:18,107 DEBUG block.SCMBlockDeletingService (SCMBlockDeletingService.java:call(155)) - Scanned deleted blocks log and got 0 delTX to process.
2019-08-10 04:38:18,118 INFO  client.GrpcClientProtocolClient (GrpcClientProtocolClient.java:onNext(255)) - client-71F61C017E1E->6c928baf-cc3b-4a10-9362-ff4e15dca71d: receive RaftClientReply:client-71F61C017E1E->6c928baf-cc3b-4a10-9362-ff4e15dca71d@group-586430B97ADD, cid=2265, SUCCESS, logIndex=3276, commits[6c928baf-cc3b-4a10-9362-ff4e15dca71d:c3277]
2019-08-10 04:38:18,119 INFO  client.GrpcClientProtocolClient (GrpcClientProtocolClient.java:onNext(255)) - client-71F61C017E1E->6c928baf-cc3b-4a10-9362-ff4e15dca71d: receive RaftClientReply:client-71F61C017E1E->6c928baf-cc3b-4a10-9362-ff4e15dca71d@group-586430B97ADD, cid=2266, SUCCESS, logIndex=3277, commits[6c928baf-cc3b-4a10-9362-ff4e15dca71d:c3277]
2019-08-10 04:38:18,119 INFO  client.GrpcClientProtocolClient (GrpcClientProtocolClient.java:onNext(255)) - client-71F61C017E1E->6c928baf-cc3b-4a10-9362-ff4e15dca71d: receive RaftClientReply:client-71F61C017E1E->6c928baf-cc3b-4a10-9362-ff4e15dca71d@group-586430B97ADD, cid=2267, SUCCESS, logIndex=3278, commits[6c928baf-cc3b-4a10-9362-ff4e15dca71d:c3279]
2019-08-10 04:38:18,120 INFO  client.GrpcClientProtocolClient (GrpcClientProtocolClient.java:onNext(255)) - client-71F61C017E1E->6c928baf-cc3b-4a10-9362-ff4e15dca71d: receive RaftClientReply:client-71F61C017E1E->6c928baf-cc3b-4a10-9362-ff4e15dca71d@group-586430B97ADD, cid=2268, SUCCESS, logIndex=3279, commits[6c928baf-cc3b-4a10-9362-ff4e15dca71d:c3280]
2019-08-10 04:38:18,142 INFO  client.GrpcClientProtocolClient (GrpcClientProtocolClient.java:onNext(255)) - client-71F61C017E1E->6c928baf-cc3b-4a10-9362-ff4e15dca71d: receive RaftClientReply:client-71F61C017E1E->6c928baf-cc3b-4a10-9362-ff4e15dca71d@group-586430B97ADD, cid=2269, SUCCESS, logIndex=3282, commits[6c928baf-cc3b-4a10-9362-ff4e15dca71d:c3283]
2019-08-10 04:38:18,143 INFO  client.GrpcClientProtocolClient (GrpcClientProtocolClient.java:onNext(255)) - client-71F61C017E1E->6c928baf-cc3b-4a10-9362-ff4e15dca71d: receive RaftClientReply:client-71F61C017E1E->6c928baf-cc3b-4a10-9362-ff4e15dca71d@group-586430B97ADD, cid=2270, SUCCESS, logIndex=3283, commits[6c928baf-cc3b-4a10-9362-ff4e15dca71d:c3283]
2019-08-10 04:38:18,160 INFO  client.GrpcClientProtocolClient (GrpcClientProtocolClient.java:onNext(255)) - client-71F61C017E1E->6c928baf-cc3b-4a10-9362-ff4e15dca71d: receive RaftClientReply:client-71F61C017E1E->6c928baf-cc3b-4a10-9362-ff4e15dca71d@group-586430B97ADD, cid=2271, SUCCESS, logIndex=3284, commits[6c928baf-cc3b-4a10-9362-ff4e15dca71d:c3285]
2019-08-10 04:38:18,160 INFO  client.GrpcClientProtocolClient (GrpcClientProtocolClient.java:onNext(255)) - client-71F61C017E1E->6c928baf-cc3b-4a10-9362-ff4e15dca71d: receive RaftClientReply:client-71F61C017E1E->6c928baf-cc3b-4a10-9362-ff4e15dca71d@group-586430B97ADD, cid=2272, SUCCESS, logIndex=3285, commits[6c928baf-cc3b-4a10-9362-ff4e15dca71d:c3286]
2019-08-10 04:38:18,190 INFO  client.GrpcClientProtocolClient (GrpcClientProtocolClient.java:onNext(255)) - client-71F61C017E1E->6c928baf-cc3b-4a10-9362-ff4e15dca71d: receive RaftClientReply:client-71F61C017E1E->6c928baf-cc3b-4a10-9362-ff4e15dca71d@group-586430B97ADD, cid=2273, SUCCESS, logIndex=3288, commits[6c928baf-cc3b-4a10-9362-ff4e15dca71d:c3289]
2019-08-10 04:38:18,190 INFO  client.GrpcClientProtocolClient (GrpcClientProtocolClient.java:onNext(255)) - client-71F61C017E1E->6c928baf-cc3b-4a10-9362-ff4e15dca71d: receive RaftClientReply:client-71F61C017E1E->6c928baf-cc3b-4a10-9362-ff4e15dca71d@group-586430B97ADD, cid=2274, SUCCESS, logIndex=3289, commits[6c928baf-cc3b-4a10-9362-ff4e15dca71d:c3291]
2019-08-10 04:38:18,190 INFO  client.GrpcClientProtocolClient (GrpcClientProtocolClient.java:onNext(255)) - client-71F61C017E1E->6c928baf-cc3b-4a10-9362-ff4e15dca71d: receive RaftClientReply:client-71F61C017E1E->6c928baf-cc3b-4a10-9362-ff4e15dca71d@group-586430B97ADD, cid=2275, SUCCESS, logIndex=3290, commits[6c928baf-cc3b-4a10-9362-ff4e15dca71d:c3291]
2019-08-10 04:38:18,191 INFO  client.GrpcClientProtocolClient (GrpcClientProtocolClient.java:onNext(255)) - client-71F61C017E1E->6c928baf-cc3b-4a10-9362-ff4e15dca71d: receive RaftClientReply:client-71F61C017E1E->6c928baf-cc3b-4a10-9362-ff4e15dca71d@group-586430B97ADD, cid=2276, SUCCESS, logIndex=3291, commits[6c928baf-cc3b-4a10-9362-ff4e15dca71d:c3292]
2019-08-10 04:38:18,208 DEBUG block.SCMBlockDeletingService (SCMBlockDeletingService.java:call(138)) - Running DeletedBlockTransactionScanner
2019-08-10 04:38:18,208 DEBUG block.SCMBlockDeletingService (SCMBlockDeletingService.java:call(155)) - Scanned deleted blocks log and got 0 delTX to process.
2019-08-10 04:38:18,210 INFO  client.GrpcClientProtocolClient (GrpcClientProtocolClient.java:onNext(255)) - client-71F61C017E1E->6c928baf-cc3b-4a10-9362-ff4e15dca71d: receive RaftClientReply:client-71F61C017E1E->6c928baf-cc3b-4a10-9362-ff4e15dca71d@group-586430B97ADD, cid=2277, SUCCESS, logIndex=3294, commits[6c928baf-cc3b-4a10-9362-ff4e15dca71d:c3295]
2019-08-10 04:38:18,211 INFO  client.GrpcClientProtocolClient (GrpcClientProtocolClient.java:onNext(255)) - client-71F61C017E1E->6c928baf-cc3b-4a10-9362-ff4e15dca71d: receive RaftClientReply:client-71F61C017E1E->6c928baf-cc3b-4a10-9362-ff4e15dca71d@group-586430B97ADD, cid=2278, SUCCESS, logIndex=3295, commits[6c928baf-cc3b-4a10-9362-ff4e15dca71d:c3295]
2019-08-10 04:38:18,211 INFO  client.GrpcClientProtocolClient (GrpcClientProtocolClient.java:onNext(255)) - client-71F61C017E1E->6c928baf-cc3b-4a10-9362-ff4e15dca71d: receive RaftClientReply:client-71F61C017E1E->6c928baf-cc3b-4a10-9362-ff4e15dca71d@group-586430B97ADD, cid=2279, SUCCESS, logIndex=3296, commits[6c928baf-cc3b-4a10-9362-ff4e15dca71d:c3297]
2019-08-10 04:38:18,211 INFO  client.GrpcClientProtocolClient (GrpcClientProtocolClient.java:onNext(255)) - client-71F61C017E1E->6c928baf-cc3b-4a10-9362-ff4e15dca71d: receive RaftClientReply:client-71F61C017E1E->6c928baf-cc3b-4a10-9362-ff4e15dca71d@group-586430B97ADD, cid=2280, SUCCESS, logIndex=3297, commits[6c928baf-cc3b-4a10-9362-ff4e15dca71d:c3297]
2019-08-10 04:38:18,242 INFO  client.GrpcClientProtocolClient (GrpcClientProtocolClient.java:onNext(255)) - client-71F61C017E1E->6c928baf-cc3b-4a10-9362-ff4e15dca71d: receive RaftClientReply:client-71F61C017E1E->6c928baf-cc3b-4a10-9362-ff4e15dca71d@group-586430B97ADD, cid=2281, SUCCESS, logIndex=3300, commits[6c928baf-cc3b-4a10-9362-ff4e15dca71d:c3303]
2019-08-10 04:38:18,243 INFO  client.GrpcClientProtocolClient (GrpcClientProtocolClient.java:onNext(255)) - client-71F61C017E1E->6c928baf-cc3b-4a10-9362-ff4e15dca71d: receive RaftClientReply:client-71F61C017E1E->6c928baf-cc3b-4a10-9362-ff4e15dca71d@group-586430B97ADD, cid=2282, SUCCESS, logIndex=3301, commits[6c928baf-cc3b-4a10-9362-ff4e15dca71d:c3305]
2019-08-10 04:38:18,244 INFO  client.GrpcClientProtocolClient (GrpcClientProtocolClient.java:onNext(255)) - client-71F61C017E1E->6c928baf-cc3b-4a10-9362-ff4e15dca71d: receive RaftClientReply:client-71F61C017E1E->6c928baf-cc3b-4a10-9362-ff4e15dca71d@group-586430B97ADD, cid=2283, SUCCESS, logIndex=3302, commits[6c928baf-cc3b-4a10-9362-ff4e15dca71d:c3305]
2019-08-10 04:38:18,244 INFO  client.GrpcClientProtocolClient (GrpcClientProtocolClient.java:onNext(255)) - client-71F61C017E1E->6c928baf-cc3b-4a10-9362-ff4e15dca71d: receive RaftClientReply:client-71F61C017E1E->6c928baf-cc3b-4a10-9362-ff4e15dca71d@group-586430B97ADD, cid=2284, SUCCESS, logIndex=3303, commits[6c928baf-cc3b-4a10-9362-ff4e15dca71d:c3305]
2019-08-10 04:38:18,267 INFO  client.GrpcClientProtocolClient (GrpcClientProtocolClient.java:onNext(255)) - client-71F61C017E1E->6c928baf-cc3b-4a10-9362-ff4e15dca71d: receive RaftClientReply:client-71F61C017E1E->6c928baf-cc3b-4a10-9362-ff4e15dca71d@group-586430B97ADD, cid=2285, SUCCESS, logIndex=3306, commits[6c928baf-cc3b-4a10-9362-ff4e15dca71d:c3309]
2019-08-10 04:38:18,268 INFO  client.GrpcClientProtocolClient (GrpcClientProtocolClient.java:onNext(255)) - client-71F61C017E1E->6c928baf-cc3b-4a10-9362-ff4e15dca71d: receive RaftClientReply:client-71F61C017E1E->6c928baf-cc3b-4a10-9362-ff4e15dca71d@group-586430B97ADD, cid=2286, SUCCESS, logIndex=3307, commits[6c928baf-cc3b-4a10-9362-ff4e15dca71d:c3310]
2019-08-10 04:38:18,268 INFO  client.GrpcClientProtocolClient (GrpcClientProtocolClient.java:onNext(255)) - client-71F61C017E1E->6c928baf-cc3b-4a10-9362-ff4e15dca71d: receive RaftClientReply:client-71F61C017E1E->6c928baf-cc3b-4a10-9362-ff4e15dca71d@group-586430B97ADD, cid=2287, SUCCESS, logIndex=3308, commits[6c928baf-cc3b-4a10-9362-ff4e15dca71d:c3310]
2019-08-10 04:38:18,269 INFO  client.GrpcClientProtocolClient (GrpcClientProtocolClient.java:onNext(255)) - client-71F61C017E1E->6c928baf-cc3b-4a10-9362-ff4e15dca71d: receive RaftClientReply:client-71F61C017E1E->6c928baf-cc3b-4a10-9362-ff4e15dca71d@group-586430B97ADD, cid=2288, SUCCESS, logIndex=3309, commits[6c928baf-cc3b-4a10-9362-ff4e15dca71d:c3310]
2019-08-10 04:38:18,304 INFO  client.GrpcClientProtocolClient (GrpcClientProtocolClient.java:onNext(255)) - client-71F61C017E1E->6c928baf-cc3b-4a10-9362-ff4e15dca71d: receive RaftClientReply:client-71F61C017E1E->6c928baf-cc3b-4a10-9362-ff4e15dca71d@group-586430B97ADD, cid=2289, SUCCESS, logIndex=3311, commits[6c928baf-cc3b-4a10-9362-ff4e15dca71d:c3312]
2019-08-10 04:38:18,305 INFO  client.GrpcClientProtocolClient (GrpcClientProtocolClient.java:onNext(255)) - client-71F61C017E1E->6c928baf-cc3b-4a10-9362-ff4e15dca71d: receive RaftClientReply:client-71F61C017E1E->6c928baf-cc3b-4a10-9362-ff4e15dca71d@group-586430B97ADD, cid=2290, SUCCESS, logIndex=3312, commits[6c928baf-cc3b-4a10-9362-ff4e15dca71d:c3314]
2019-08-10 04:38:18,305 INFO  client.GrpcClientProtocolClient (GrpcClientProtocolClient.java:onNext(255)) - client-71F61C017E1E->6c928baf-cc3b-4a10-9362-ff4e15dca71d: receive RaftClientReply:client-71F61C017E1E->6c928baf-cc3b-4a10-9362-ff4e15dca71d@group-586430B97ADD, cid=2291, SUCCESS, logIndex=3313, commits[6c928baf-cc3b-4a10-9362-ff4e15dca71d:c3315]
2019-08-10 04:38:18,305 INFO  client.GrpcClientProtocolClient (GrpcClientProtocolClient.java:onNext(255)) - client-71F61C017E1E->6c928baf-cc3b-4a10-9362-ff4e15dca71d: receive RaftClientReply:client-71F61C017E1E->6c928baf-cc3b-4a10-9362-ff4e15dca71d@group-586430B97ADD, cid=2292, SUCCESS, logIndex=3314, commits[6c928baf-cc3b-4a10-9362-ff4e15dca71d:c3315]
2019-08-10 04:38:18,308 DEBUG block.SCMBlockDeletingService (SCMBlockDeletingService.java:call(138)) - Running DeletedBlockTransactionScanner
2019-08-10 04:38:18,309 DEBUG block.SCMBlockDeletingService (SCMBlockDeletingService.java:call(155)) - Scanned deleted blocks log and got 0 delTX to process.
2019-08-10 04:38:18,325 INFO  client.GrpcClientProtocolClient (GrpcClientProtocolClient.java:onNext(255)) - client-71F61C017E1E->6c928baf-cc3b-4a10-9362-ff4e15dca71d: receive RaftClientReply:client-71F61C017E1E->6c928baf-cc3b-4a10-9362-ff4e15dca71d@group-586430B97ADD, cid=2293, SUCCESS, logIndex=3317, commits[6c928baf-cc3b-4a10-9362-ff4e15dca71d:c3318]
2019-08-10 04:38:18,326 INFO  client.GrpcClientProtocolClient (GrpcClientProtocolClient.java:onNext(255)) - client-71F61C017E1E->6c928baf-cc3b-4a10-9362-ff4e15dca71d: receive RaftClientReply:client-71F61C017E1E->6c928baf-cc3b-4a10-9362-ff4e15dca71d@group-586430B97ADD, cid=2294, SUCCESS, logIndex=3318, commits[6c928baf-cc3b-4a10-9362-ff4e15dca71d:c3320]
2019-08-10 04:38:18,326 INFO  client.GrpcClientProtocolClient (GrpcClientProtocolClient.java:onNext(255)) - client-71F61C017E1E->6c928baf-cc3b-4a10-9362-ff4e15dca71d: receive RaftClientReply:client-71F61C017E1E->6c928baf-cc3b-4a10-9362-ff4e15dca71d@group-586430B97ADD, cid=2295, SUCCESS, logIndex=3319, commits[6c928baf-cc3b-4a10-9362-ff4e15dca71d:c3321]
2019-08-10 04:38:18,327 INFO  client.GrpcClientProtocolClient (GrpcClientProtocolClient.java:onNext(255)) - client-71F61C017E1E->6c928baf-cc3b-4a10-9362-ff4e15dca71d: receive RaftClientReply:client-71F61C017E1E->6c928baf-cc3b-4a10-9362-ff4e15dca71d@group-586430B97ADD, cid=2296, SUCCESS, logIndex=3320, commits[6c928baf-cc3b-4a10-9362-ff4e15dca71d:c3321]
2019-08-10 04:38:18,358 INFO  client.GrpcClientProtocolClient (GrpcClientProtocolClient.java:onNext(255)) - client-71F61C017E1E->6c928baf-cc3b-4a10-9362-ff4e15dca71d: receive RaftClientReply:client-71F61C017E1E->6c928baf-cc3b-4a10-9362-ff4e15dca71d@group-586430B97ADD, cid=2297, SUCCESS, logIndex=3323, commits[6c928baf-cc3b-4a10-9362-ff4e15dca71d:c3324]
2019-08-10 04:38:18,359 INFO  client.GrpcClientProtocolClient (GrpcClientProtocolClient.java:onNext(255)) - client-71F61C017E1E->6c928baf-cc3b-4a10-9362-ff4e15dca71d: receive RaftClientReply:client-71F61C017E1E->6c928baf-cc3b-4a10-9362-ff4e15dca71d@group-586430B97ADD, cid=2298, SUCCESS, logIndex=3324, commits[6c928baf-cc3b-4a10-9362-ff4e15dca71d:c3325]
2019-08-10 04:38:18,409 DEBUG block.SCMBlockDeletingService (SCMBlockDeletingService.java:call(138)) - Running DeletedBlockTransactionScanner
2019-08-10 04:38:18,410 DEBUG block.SCMBlockDeletingService (SCMBlockDeletingService.java:call(155)) - Scanned deleted blocks log and got 0 delTX to process.
2019-08-10 04:38:18,485 INFO  client.GrpcClientProtocolClient (GrpcClientProtocolClient.java:onNext(255)) - client-71F61C017E1E->6c928baf-cc3b-4a10-9362-ff4e15dca71d: receive RaftClientReply:client-71F61C017E1E->6c928baf-cc3b-4a10-9362-ff4e15dca71d@group-586430B97ADD, cid=2299, SUCCESS, logIndex=3326, commits[6c928baf-cc3b-4a10-9362-ff4e15dca71d:c3327]
2019-08-10 04:38:18,486 INFO  client.GrpcClientProtocolClient (GrpcClientProtocolClient.java:onNext(255)) - client-71F61C017E1E->6c928baf-cc3b-4a10-9362-ff4e15dca71d: receive RaftClientReply:client-71F61C017E1E->6c928baf-cc3b-4a10-9362-ff4e15dca71d@group-586430B97ADD, cid=2300, SUCCESS, logIndex=3327, commits[6c928baf-cc3b-4a10-9362-ff4e15dca71d:c3328]
2019-08-10 04:38:18,508 INFO  client.GrpcClientProtocolClient (GrpcClientProtocolClient.java:onNext(255)) - client-71F61C017E1E->6c928baf-cc3b-4a10-9362-ff4e15dca71d: receive RaftClientReply:client-71F61C017E1E->6c928baf-cc3b-4a10-9362-ff4e15dca71d@group-586430B97ADD, cid=2301, SUCCESS, logIndex=3329, commits[6c928baf-cc3b-4a10-9362-ff4e15dca71d:c3330]
2019-08-10 04:38:18,508 INFO  client.GrpcClientProtocolClient (GrpcClientProtocolClient.java:onNext(255)) - client-71F61C017E1E->6c928baf-cc3b-4a10-9362-ff4e15dca71d: receive RaftClientReply:client-71F61C017E1E->6c928baf-cc3b-4a10-9362-ff4e15dca71d@group-586430B97ADD, cid=2302, SUCCESS, logIndex=3330, commits[6c928baf-cc3b-4a10-9362-ff4e15dca71d:c3332]
2019-08-10 04:38:18,508 INFO  client.GrpcClientProtocolClient (GrpcClientProtocolClient.java:onNext(255)) - client-71F61C017E1E->6c928baf-cc3b-4a10-9362-ff4e15dca71d: receive RaftClientReply:client-71F61C017E1E->6c928baf-cc3b-4a10-9362-ff4e15dca71d@group-586430B97ADD, cid=2303, SUCCESS, logIndex=3331, commits[6c928baf-cc3b-4a10-9362-ff4e15dca71d:c3333]
2019-08-10 04:38:18,509 INFO  client.GrpcClientProtocolClient (GrpcClientProtocolClient.java:onNext(255)) - client-71F61C017E1E->6c928baf-cc3b-4a10-9362-ff4e15dca71d: receive RaftClientReply:client-71F61C017E1E->6c928baf-cc3b-4a10-9362-ff4e15dca71d@group-586430B97ADD, cid=2304, SUCCESS, logIndex=3332, commits[6c928baf-cc3b-4a10-9362-ff4e15dca71d:c3333]
2019-08-10 04:38:18,510 DEBUG block.SCMBlockDeletingService (SCMBlockDeletingService.java:call(138)) - Running DeletedBlockTransactionScanner
2019-08-10 04:38:18,510 DEBUG block.SCMBlockDeletingService (SCMBlockDeletingService.java:call(155)) - Scanned deleted blocks log and got 0 delTX to process.
2019-08-10 04:38:18,540 INFO  client.GrpcClientProtocolClient (GrpcClientProtocolClient.java:onNext(255)) - client-71F61C017E1E->6c928baf-cc3b-4a10-9362-ff4e15dca71d: receive RaftClientReply:client-71F61C017E1E->6c928baf-cc3b-4a10-9362-ff4e15dca71d@group-586430B97ADD, cid=2305, SUCCESS, logIndex=3335, commits[6c928baf-cc3b-4a10-9362-ff4e15dca71d:c3336]
2019-08-10 04:38:18,540 INFO  client.GrpcClientProtocolClient (GrpcClientProtocolClient.java:onNext(255)) - client-71F61C017E1E->6c928baf-cc3b-4a10-9362-ff4e15dca71d: receive RaftClientReply:client-71F61C017E1E->6c928baf-cc3b-4a10-9362-ff4e15dca71d@group-586430B97ADD, cid=2306, SUCCESS, logIndex=3336, commits[6c928baf-cc3b-4a10-9362-ff4e15dca71d:c3338]
2019-08-10 04:38:18,541 INFO  client.GrpcClientProtocolClient (GrpcClientProtocolClient.java:onNext(255)) - client-71F61C017E1E->6c928baf-cc3b-4a10-9362-ff4e15dca71d: receive RaftClientReply:client-71F61C017E1E->6c928baf-cc3b-4a10-9362-ff4e15dca71d@group-586430B97ADD, cid=2307, SUCCESS, logIndex=3337, commits[6c928baf-cc3b-4a10-9362-ff4e15dca71d:c3339]
2019-08-10 04:38:18,541 INFO  client.GrpcClientProtocolClient (GrpcClientProtocolClient.java:onNext(255)) - client-71F61C017E1E->6c928baf-cc3b-4a10-9362-ff4e15dca71d: receive RaftClientReply:client-71F61C017E1E->6c928baf-cc3b-4a10-9362-ff4e15dca71d@group-586430B97ADD, cid=2308, SUCCESS, logIndex=3338, commits[6c928baf-cc3b-4a10-9362-ff4e15dca71d:c3339]
2019-08-10 04:38:18,562 INFO  client.GrpcClientProtocolClient (GrpcClientProtocolClient.java:onNext(255)) - client-71F61C017E1E->6c928baf-cc3b-4a10-9362-ff4e15dca71d: receive RaftClientReply:client-71F61C017E1E->6c928baf-cc3b-4a10-9362-ff4e15dca71d@group-586430B97ADD, cid=2309, SUCCESS, logIndex=3341, commits[6c928baf-cc3b-4a10-9362-ff4e15dca71d:c3342]
2019-08-10 04:38:18,563 INFO  client.GrpcClientProtocolClient (GrpcClientProtocolClient.java:onNext(255)) - client-71F61C017E1E->6c928baf-cc3b-4a10-9362-ff4e15dca71d: receive RaftClientReply:client-71F61C017E1E->6c928baf-cc3b-4a10-9362-ff4e15dca71d@group-586430B97ADD, cid=2310, SUCCESS, logIndex=3342, commits[6c928baf-cc3b-4a10-9362-ff4e15dca71d:c3344]
2019-08-10 04:38:18,563 INFO  client.GrpcClientProtocolClient (GrpcClientProtocolClient.java:onNext(255)) - client-71F61C017E1E->6c928baf-cc3b-4a10-9362-ff4e15dca71d: receive RaftClientReply:client-71F61C017E1E->6c928baf-cc3b-4a10-9362-ff4e15dca71d@group-586430B97ADD, cid=2311, SUCCESS, logIndex=3343, commits[6c928baf-cc3b-4a10-9362-ff4e15dca71d:c3345]
2019-08-10 04:38:18,563 INFO  client.GrpcClientProtocolClient (GrpcClientProtocolClient.java:onNext(255)) - client-71F61C017E1E->6c928baf-cc3b-4a10-9362-ff4e15dca71d: receive RaftClientReply:client-71F61C017E1E->6c928baf-cc3b-4a10-9362-ff4e15dca71d@group-586430B97ADD, cid=2312, SUCCESS, logIndex=3344, commits[6c928baf-cc3b-4a10-9362-ff4e15dca71d:c3346]
2019-08-10 04:38:18,595 INFO  client.GrpcClientProtocolClient (GrpcClientProtocolClient.java:onNext(255)) - client-71F61C017E1E->6c928baf-cc3b-4a10-9362-ff4e15dca71d: receive RaftClientReply:client-71F61C017E1E->6c928baf-cc3b-4a10-9362-ff4e15dca71d@group-586430B97ADD, cid=2313, SUCCESS, logIndex=3347, commits[6c928baf-cc3b-4a10-9362-ff4e15dca71d:c3348]
2019-08-10 04:38:18,597 INFO  client.GrpcClientProtocolClient (GrpcClientProtocolClient.java:onNext(255)) - client-71F61C017E1E->6c928baf-cc3b-4a10-9362-ff4e15dca71d: receive RaftClientReply:client-71F61C017E1E->6c928baf-cc3b-4a10-9362-ff4e15dca71d@group-586430B97ADD, cid=2314, SUCCESS, logIndex=3348, commits[6c928baf-cc3b-4a10-9362-ff4e15dca71d:c3348]
2019-08-10 04:38:18,598 INFO  client.GrpcClientProtocolClient (GrpcClientProtocolClient.java:onNext(255)) - client-71F61C017E1E->6c928baf-cc3b-4a10-9362-ff4e15dca71d: receive RaftClientReply:client-71F61C017E1E->6c928baf-cc3b-4a10-9362-ff4e15dca71d@group-586430B97ADD, cid=2315, SUCCESS, logIndex=3349, commits[6c928baf-cc3b-4a10-9362-ff4e15dca71d:c3351]
2019-08-10 04:38:18,599 INFO  client.GrpcClientProtocolClient (GrpcClientProtocolClient.java:onNext(255)) - client-71F61C017E1E->6c928baf-cc3b-4a10-9362-ff4e15dca71d: receive RaftClientReply:client-71F61C017E1E->6c928baf-cc3b-4a10-9362-ff4e15dca71d@group-586430B97ADD, cid=2316, SUCCESS, logIndex=3350, commits[6c928baf-cc3b-4a10-9362-ff4e15dca71d:c3351]
2019-08-10 04:38:18,611 DEBUG block.SCMBlockDeletingService (SCMBlockDeletingService.java:call(138)) - Running DeletedBlockTransactionScanner
2019-08-10 04:38:18,611 DEBUG block.SCMBlockDeletingService (SCMBlockDeletingService.java:call(155)) - Scanned deleted blocks log and got 0 delTX to process.
2019-08-10 04:38:18,622 INFO  client.GrpcClientProtocolClient (GrpcClientProtocolClient.java:onNext(255)) - client-71F61C017E1E->6c928baf-cc3b-4a10-9362-ff4e15dca71d: receive RaftClientReply:client-71F61C017E1E->6c928baf-cc3b-4a10-9362-ff4e15dca71d@group-586430B97ADD, cid=2317, SUCCESS, logIndex=3352, commits[6c928baf-cc3b-4a10-9362-ff4e15dca71d:c3355]
2019-08-10 04:38:18,623 INFO  client.GrpcClientProtocolClient (GrpcClientProtocolClient.java:onNext(255)) - client-71F61C017E1E->6c928baf-cc3b-4a10-9362-ff4e15dca71d: receive RaftClientReply:client-71F61C017E1E->6c928baf-cc3b-4a10-9362-ff4e15dca71d@group-586430B97ADD, cid=2318, SUCCESS, logIndex=3353, commits[6c928baf-cc3b-4a10-9362-ff4e15dca71d:c3356]
2019-08-10 04:38:18,623 INFO  client.GrpcClientProtocolClient (GrpcClientProtocolClient.java:onNext(255)) - client-71F61C017E1E->6c928baf-cc3b-4a10-9362-ff4e15dca71d: receive RaftClientReply:client-71F61C017E1E->6c928baf-cc3b-4a10-9362-ff4e15dca71d@group-586430B97ADD, cid=2319, SUCCESS, logIndex=3354, commits[6c928baf-cc3b-4a10-9362-ff4e15dca71d:c3356]
2019-08-10 04:38:18,623 INFO  client.GrpcClientProtocolClient (GrpcClientProtocolClient.java:onNext(255)) - client-71F61C017E1E->6c928baf-cc3b-4a10-9362-ff4e15dca71d: receive RaftClientReply:client-71F61C017E1E->6c928baf-cc3b-4a10-9362-ff4e15dca71d@group-586430B97ADD, cid=2320, SUCCESS, logIndex=3355, commits[6c928baf-cc3b-4a10-9362-ff4e15dca71d:c3356]
2019-08-10 04:38:18,653 INFO  client.GrpcClientProtocolClient (GrpcClientProtocolClient.java:onNext(255)) - client-71F61C017E1E->6c928baf-cc3b-4a10-9362-ff4e15dca71d: receive RaftClientReply:client-71F61C017E1E->6c928baf-cc3b-4a10-9362-ff4e15dca71d@group-586430B97ADD, cid=2321, SUCCESS, logIndex=3357, commits[6c928baf-cc3b-4a10-9362-ff4e15dca71d:c3358]
2019-08-10 04:38:18,654 INFO  client.GrpcClientProtocolClient (GrpcClientProtocolClient.java:onNext(255)) - client-71F61C017E1E->6c928baf-cc3b-4a10-9362-ff4e15dca71d: receive RaftClientReply:client-71F61C017E1E->6c928baf-cc3b-4a10-9362-ff4e15dca71d@group-586430B97ADD, cid=2322, SUCCESS, logIndex=3358, commits[6c928baf-cc3b-4a10-9362-ff4e15dca71d:c3360]
2019-08-10 04:38:18,654 INFO  client.GrpcClientProtocolClient (GrpcClientProtocolClient.java:onNext(255)) - client-71F61C017E1E->6c928baf-cc3b-4a10-9362-ff4e15dca71d: receive RaftClientReply:client-71F61C017E1E->6c928baf-cc3b-4a10-9362-ff4e15dca71d@group-586430B97ADD, cid=2323, SUCCESS, logIndex=3359, commits[6c928baf-cc3b-4a10-9362-ff4e15dca71d:c3361]
2019-08-10 04:38:18,654 INFO  client.GrpcClientProtocolClient (GrpcClientProtocolClient.java:onNext(255)) - client-71F61C017E1E->6c928baf-cc3b-4a10-9362-ff4e15dca71d: receive RaftClientReply:client-71F61C017E1E->6c928baf-cc3b-4a10-9362-ff4e15dca71d@group-586430B97ADD, cid=2324, SUCCESS, logIndex=3360, commits[6c928baf-cc3b-4a10-9362-ff4e15dca71d:c3361]
2019-08-10 04:38:18,679 INFO  client.GrpcClientProtocolClient (GrpcClientProtocolClient.java:onNext(255)) - client-71F61C017E1E->6c928baf-cc3b-4a10-9362-ff4e15dca71d: receive RaftClientReply:client-71F61C017E1E->6c928baf-cc3b-4a10-9362-ff4e15dca71d@group-586430B97ADD, cid=2325, SUCCESS, logIndex=3363, commits[6c928baf-cc3b-4a10-9362-ff4e15dca71d:c3366]
2019-08-10 04:38:18,679 INFO  client.GrpcClientProtocolClient (GrpcClientProtocolClient.java:onNext(255)) - client-71F61C017E1E->6c928baf-cc3b-4a10-9362-ff4e15dca71d: receive RaftClientReply:client-71F61C017E1E->6c928baf-cc3b-4a10-9362-ff4e15dca71d@group-586430B97ADD, cid=2326, SUCCESS, logIndex=3364, commits[6c928baf-cc3b-4a10-9362-ff4e15dca71d:c3367]
2019-08-10 04:38:18,679 INFO  client.GrpcClientProtocolClient (GrpcClientProtocolClient.java:onNext(255)) - client-71F61C017E1E->6c928baf-cc3b-4a10-9362-ff4e15dca71d: receive RaftClientReply:client-71F61C017E1E->6c928baf-cc3b-4a10-9362-ff4e15dca71d@group-586430B97ADD, cid=2327, SUCCESS, logIndex=3365, commits[6c928baf-cc3b-4a10-9362-ff4e15dca71d:c3367]
2019-08-10 04:38:18,680 INFO  client.GrpcClientProtocolClient (GrpcClientProtocolClient.java:onNext(255)) - client-71F61C017E1E->6c928baf-cc3b-4a10-9362-ff4e15dca71d: receive RaftClientReply:client-71F61C017E1E->6c928baf-cc3b-4a10-9362-ff4e15dca71d@group-586430B97ADD, cid=2328, SUCCESS, logIndex=3366, commits[6c928baf-cc3b-4a10-9362-ff4e15dca71d:c3367]
2019-08-10 04:38:18,712 DEBUG block.SCMBlockDeletingService (SCMBlockDeletingService.java:call(138)) - Running DeletedBlockTransactionScanner
2019-08-10 04:38:18,712 DEBUG block.SCMBlockDeletingService (SCMBlockDeletingService.java:call(155)) - Scanned deleted blocks log and got 0 delTX to process.
2019-08-10 04:38:18,715 INFO  client.GrpcClientProtocolClient (GrpcClientProtocolClient.java:onNext(255)) - client-71F61C017E1E->6c928baf-cc3b-4a10-9362-ff4e15dca71d: receive RaftClientReply:client-71F61C017E1E->6c928baf-cc3b-4a10-9362-ff4e15dca71d@group-586430B97ADD, cid=2329, SUCCESS, logIndex=3368, commits[6c928baf-cc3b-4a10-9362-ff4e15dca71d:c3371]
2019-08-10 04:38:18,716 INFO  client.GrpcClientProtocolClient (GrpcClientProtocolClient.java:onNext(255)) - client-71F61C017E1E->6c928baf-cc3b-4a10-9362-ff4e15dca71d: receive RaftClientReply:client-71F61C017E1E->6c928baf-cc3b-4a10-9362-ff4e15dca71d@group-586430B97ADD, cid=2330, SUCCESS, logIndex=3369, commits[6c928baf-cc3b-4a10-9362-ff4e15dca71d:c3372]
2019-08-10 04:38:18,716 INFO  client.GrpcClientProtocolClient (GrpcClientProtocolClient.java:onNext(255)) - client-71F61C017E1E->6c928baf-cc3b-4a10-9362-ff4e15dca71d: receive RaftClientReply:client-71F61C017E1E->6c928baf-cc3b-4a10-9362-ff4e15dca71d@group-586430B97ADD, cid=2331, SUCCESS, logIndex=3370, commits[6c928baf-cc3b-4a10-9362-ff4e15dca71d:c3372]
2019-08-10 04:38:18,716 INFO  client.GrpcClientProtocolClient (GrpcClientProtocolClient.java:onNext(255)) - client-71F61C017E1E->6c928baf-cc3b-4a10-9362-ff4e15dca71d: receive RaftClientReply:client-71F61C017E1E->6c928baf-cc3b-4a10-9362-ff4e15dca71d@group-586430B97ADD, cid=2332, SUCCESS, logIndex=3371, commits[6c928baf-cc3b-4a10-9362-ff4e15dca71d:c3372]
2019-08-10 04:38:18,737 INFO  client.GrpcClientProtocolClient (GrpcClientProtocolClient.java:onNext(255)) - client-71F61C017E1E->6c928baf-cc3b-4a10-9362-ff4e15dca71d: receive RaftClientReply:client-71F61C017E1E->6c928baf-cc3b-4a10-9362-ff4e15dca71d@group-586430B97ADD, cid=2333, SUCCESS, logIndex=3373, commits[6c928baf-cc3b-4a10-9362-ff4e15dca71d:c3374]
2019-08-10 04:38:18,737 INFO  client.GrpcClientProtocolClient (GrpcClientProtocolClient.java:onNext(255)) - client-71F61C017E1E->6c928baf-cc3b-4a10-9362-ff4e15dca71d: receive RaftClientReply:client-71F61C017E1E->6c928baf-cc3b-4a10-9362-ff4e15dca71d@group-586430B97ADD, cid=2334, SUCCESS, logIndex=3374, commits[6c928baf-cc3b-4a10-9362-ff4e15dca71d:c3376]
2019-08-10 04:38:18,738 INFO  client.GrpcClientProtocolClient (GrpcClientProtocolClient.java:onNext(255)) - client-71F61C017E1E->6c928baf-cc3b-4a10-9362-ff4e15dca71d: receive RaftClientReply:client-71F61C017E1E->6c928baf-cc3b-4a10-9362-ff4e15dca71d@group-586430B97ADD, cid=2335, SUCCESS, logIndex=3375, commits[6c928baf-cc3b-4a10-9362-ff4e15dca71d:c3376]
2019-08-10 04:38:18,738 INFO  client.GrpcClientProtocolClient (GrpcClientProtocolClient.java:onNext(255)) - client-71F61C017E1E->6c928baf-cc3b-4a10-9362-ff4e15dca71d: receive RaftClientReply:client-71F61C017E1E->6c928baf-cc3b-4a10-9362-ff4e15dca71d@group-586430B97ADD, cid=2336, SUCCESS, logIndex=3376, commits[6c928baf-cc3b-4a10-9362-ff4e15dca71d:c3376]
2019-08-10 04:38:18,777 INFO  client.GrpcClientProtocolClient (GrpcClientProtocolClient.java:onNext(255)) - client-71F61C017E1E->6c928baf-cc3b-4a10-9362-ff4e15dca71d: receive RaftClientReply:client-71F61C017E1E->6c928baf-cc3b-4a10-9362-ff4e15dca71d@group-586430B97ADD, cid=2337, SUCCESS, logIndex=3379, commits[6c928baf-cc3b-4a10-9362-ff4e15dca71d:c3380]
2019-08-10 04:38:18,778 INFO  client.GrpcClientProtocolClient (GrpcClientProtocolClient.java:onNext(255)) - client-71F61C017E1E->6c928baf-cc3b-4a10-9362-ff4e15dca71d: receive RaftClientReply:client-71F61C017E1E->6c928baf-cc3b-4a10-9362-ff4e15dca71d@group-586430B97ADD, cid=2338, SUCCESS, logIndex=3380, commits[6c928baf-cc3b-4a10-9362-ff4e15dca71d:c3382]
2019-08-10 04:38:18,778 INFO  client.GrpcClientProtocolClient (GrpcClientProtocolClient.java:onNext(255)) - client-71F61C017E1E->6c928baf-cc3b-4a10-9362-ff4e15dca71d: receive RaftClientReply:client-71F61C017E1E->6c928baf-cc3b-4a10-9362-ff4e15dca71d@group-586430B97ADD, cid=2339, SUCCESS, logIndex=3381, commits[6c928baf-cc3b-4a10-9362-ff4e15dca71d:c3383]
2019-08-10 04:38:18,779 INFO  client.GrpcClientProtocolClient (GrpcClientProtocolClient.java:onNext(255)) - client-71F61C017E1E->6c928baf-cc3b-4a10-9362-ff4e15dca71d: receive RaftClientReply:client-71F61C017E1E->6c928baf-cc3b-4a10-9362-ff4e15dca71d@group-586430B97ADD, cid=2340, SUCCESS, logIndex=3382, commits[6c928baf-cc3b-4a10-9362-ff4e15dca71d:c3384]
2019-08-10 04:38:18,801 INFO  client.GrpcClientProtocolClient (GrpcClientProtocolClient.java:onNext(255)) - client-71F61C017E1E->6c928baf-cc3b-4a10-9362-ff4e15dca71d: receive RaftClientReply:client-71F61C017E1E->6c928baf-cc3b-4a10-9362-ff4e15dca71d@group-586430B97ADD, cid=2341, SUCCESS, logIndex=3385, commits[6c928baf-cc3b-4a10-9362-ff4e15dca71d:c3386]
2019-08-10 04:38:18,801 INFO  client.GrpcClientProtocolClient (GrpcClientProtocolClient.java:onNext(255)) - client-71F61C017E1E->6c928baf-cc3b-4a10-9362-ff4e15dca71d: receive RaftClientReply:client-71F61C017E1E->6c928baf-cc3b-4a10-9362-ff4e15dca71d@group-586430B97ADD, cid=2342, SUCCESS, logIndex=3386, commits[6c928baf-cc3b-4a10-9362-ff4e15dca71d:c3387]
2019-08-10 04:38:18,813 DEBUG block.SCMBlockDeletingService (SCMBlockDeletingService.java:call(138)) - Running DeletedBlockTransactionScanner
2019-08-10 04:38:18,815 DEBUG block.SCMBlockDeletingService (SCMBlockDeletingService.java:call(155)) - Scanned deleted blocks log and got 0 delTX to process.
2019-08-10 04:38:18,915 DEBUG block.SCMBlockDeletingService (SCMBlockDeletingService.java:call(138)) - Running DeletedBlockTransactionScanner
2019-08-10 04:38:18,916 DEBUG block.SCMBlockDeletingService (SCMBlockDeletingService.java:call(155)) - Scanned deleted blocks log and got 0 delTX to process.
2019-08-10 04:38:18,927 INFO  client.GrpcClientProtocolClient (GrpcClientProtocolClient.java:onNext(255)) - client-71F61C017E1E->6c928baf-cc3b-4a10-9362-ff4e15dca71d: receive RaftClientReply:client-71F61C017E1E->6c928baf-cc3b-4a10-9362-ff4e15dca71d@group-586430B97ADD, cid=2343, SUCCESS, logIndex=3388, commits[6c928baf-cc3b-4a10-9362-ff4e15dca71d:c3390]
2019-08-10 04:38:18,927 INFO  client.GrpcClientProtocolClient (GrpcClientProtocolClient.java:onNext(255)) - client-71F61C017E1E->6c928baf-cc3b-4a10-9362-ff4e15dca71d: receive RaftClientReply:client-71F61C017E1E->6c928baf-cc3b-4a10-9362-ff4e15dca71d@group-586430B97ADD, cid=2344, SUCCESS, logIndex=3389, commits[6c928baf-cc3b-4a10-9362-ff4e15dca71d:c3390]
2019-08-10 04:38:18,961 INFO  client.GrpcClientProtocolClient (GrpcClientProtocolClient.java:onNext(255)) - client-71F61C017E1E->6c928baf-cc3b-4a10-9362-ff4e15dca71d: receive RaftClientReply:client-71F61C017E1E->6c928baf-cc3b-4a10-9362-ff4e15dca71d@group-586430B97ADD, cid=2345, SUCCESS, logIndex=3391, commits[6c928baf-cc3b-4a10-9362-ff4e15dca71d:c3394]
2019-08-10 04:38:18,962 INFO  client.GrpcClientProtocolClient (GrpcClientProtocolClient.java:onNext(255)) - client-71F61C017E1E->6c928baf-cc3b-4a10-9362-ff4e15dca71d: receive RaftClientReply:client-71F61C017E1E->6c928baf-cc3b-4a10-9362-ff4e15dca71d@group-586430B97ADD, cid=2346, SUCCESS, logIndex=3392, commits[6c928baf-cc3b-4a10-9362-ff4e15dca71d:c3395]
2019-08-10 04:38:18,962 INFO  client.GrpcClientProtocolClient (GrpcClientProtocolClient.java:onNext(255)) - client-71F61C017E1E->6c928baf-cc3b-4a10-9362-ff4e15dca71d: receive RaftClientReply:client-71F61C017E1E->6c928baf-cc3b-4a10-9362-ff4e15dca71d@group-586430B97ADD, cid=2347, SUCCESS, logIndex=3393, commits[6c928baf-cc3b-4a10-9362-ff4e15dca71d:c3395]
2019-08-10 04:38:18,962 INFO  client.GrpcClientProtocolClient (GrpcClientProtocolClient.java:onNext(255)) - client-71F61C017E1E->6c928baf-cc3b-4a10-9362-ff4e15dca71d: receive RaftClientReply:client-71F61C017E1E->6c928baf-cc3b-4a10-9362-ff4e15dca71d@group-586430B97ADD, cid=2348, SUCCESS, logIndex=3394, commits[6c928baf-cc3b-4a10-9362-ff4e15dca71d:c3395]
2019-08-10 04:38:19,061 DEBUG block.SCMBlockDeletingService (SCMBlockDeletingService.java:call(138)) - Running DeletedBlockTransactionScanner
2019-08-10 04:38:19,062 DEBUG block.SCMBlockDeletingService (SCMBlockDeletingService.java:call(155)) - Scanned deleted blocks log and got 0 delTX to process.
2019-08-10 04:38:19,079 INFO  client.GrpcClientProtocolClient (GrpcClientProtocolClient.java:onNext(255)) - client-71F61C017E1E->6c928baf-cc3b-4a10-9362-ff4e15dca71d: receive RaftClientReply:client-71F61C017E1E->6c928baf-cc3b-4a10-9362-ff4e15dca71d@group-586430B97ADD, cid=2349, SUCCESS, logIndex=3396, commits[6c928baf-cc3b-4a10-9362-ff4e15dca71d:c3399]
2019-08-10 04:38:19,080 INFO  client.GrpcClientProtocolClient (GrpcClientProtocolClient.java:onNext(255)) - client-71F61C017E1E->6c928baf-cc3b-4a10-9362-ff4e15dca71d: receive RaftClientReply:client-71F61C017E1E->6c928baf-cc3b-4a10-9362-ff4e15dca71d@group-586430B97ADD, cid=2350, SUCCESS, logIndex=3397, commits[6c928baf-cc3b-4a10-9362-ff4e15dca71d:c3400]
2019-08-10 04:38:19,081 INFO  client.GrpcClientProtocolClient (GrpcClientProtocolClient.java:onNext(255)) - client-71F61C017E1E->6c928baf-cc3b-4a10-9362-ff4e15dca71d: receive RaftClientReply:client-71F61C017E1E->6c928baf-cc3b-4a10-9362-ff4e15dca71d@group-586430B97ADD, cid=2351, SUCCESS, logIndex=3398, commits[6c928baf-cc3b-4a10-9362-ff4e15dca71d:c3401]
2019-08-10 04:38:19,081 INFO  client.GrpcClientProtocolClient (GrpcClientProtocolClient.java:onNext(255)) - client-71F61C017E1E->6c928baf-cc3b-4a10-9362-ff4e15dca71d: receive RaftClientReply:client-71F61C017E1E->6c928baf-cc3b-4a10-9362-ff4e15dca71d@group-586430B97ADD, cid=2352, SUCCESS, logIndex=3399, commits[6c928baf-cc3b-4a10-9362-ff4e15dca71d:c3401]
2019-08-10 04:38:19,115 INFO  client.GrpcClientProtocolClient (GrpcClientProtocolClient.java:onNext(255)) - client-71F61C017E1E->6c928baf-cc3b-4a10-9362-ff4e15dca71d: receive RaftClientReply:client-71F61C017E1E->6c928baf-cc3b-4a10-9362-ff4e15dca71d@group-586430B97ADD, cid=2353, SUCCESS, logIndex=3402, commits[6c928baf-cc3b-4a10-9362-ff4e15dca71d:c3403]
2019-08-10 04:38:19,116 INFO  client.GrpcClientProtocolClient (GrpcClientProtocolClient.java:onNext(255)) - client-71F61C017E1E->6c928baf-cc3b-4a10-9362-ff4e15dca71d: receive RaftClientReply:client-71F61C017E1E->6c928baf-cc3b-4a10-9362-ff4e15dca71d@group-586430B97ADD, cid=2354, SUCCESS, logIndex=3403, commits[6c928baf-cc3b-4a10-9362-ff4e15dca71d:c3405]
2019-08-10 04:38:19,116 INFO  client.GrpcClientProtocolClient (GrpcClientProtocolClient.java:onNext(255)) - client-71F61C017E1E->6c928baf-cc3b-4a10-9362-ff4e15dca71d: receive RaftClientReply:client-71F61C017E1E->6c928baf-cc3b-4a10-9362-ff4e15dca71d@group-586430B97ADD, cid=2355, SUCCESS, logIndex=3404, commits[6c928baf-cc3b-4a10-9362-ff4e15dca71d:c3406]
2019-08-10 04:38:19,117 INFO  client.GrpcClientProtocolClient (GrpcClientProtocolClient.java:onNext(255)) - client-71F61C017E1E->6c928baf-cc3b-4a10-9362-ff4e15dca71d: receive RaftClientReply:client-71F61C017E1E->6c928baf-cc3b-4a10-9362-ff4e15dca71d@group-586430B97ADD, cid=2356, SUCCESS, logIndex=3405, commits[6c928baf-cc3b-4a10-9362-ff4e15dca71d:c3406]
2019-08-10 04:38:19,139 INFO  client.GrpcClientProtocolClient (GrpcClientProtocolClient.java:onNext(255)) - client-71F61C017E1E->6c928baf-cc3b-4a10-9362-ff4e15dca71d: receive RaftClientReply:client-71F61C017E1E->6c928baf-cc3b-4a10-9362-ff4e15dca71d@group-586430B97ADD, cid=2357, SUCCESS, logIndex=3408, commits[6c928baf-cc3b-4a10-9362-ff4e15dca71d:c3409]
2019-08-10 04:38:19,140 INFO  client.GrpcClientProtocolClient (GrpcClientProtocolClient.java:onNext(255)) - client-71F61C017E1E->6c928baf-cc3b-4a10-9362-ff4e15dca71d: receive RaftClientReply:client-71F61C017E1E->6c928baf-cc3b-4a10-9362-ff4e15dca71d@group-586430B97ADD, cid=2358, SUCCESS, logIndex=3409, commits[6c928baf-cc3b-4a10-9362-ff4e15dca71d:c3411]
2019-08-10 04:38:19,140 INFO  client.GrpcClientProtocolClient (GrpcClientProtocolClient.java:onNext(255)) - client-71F61C017E1E->6c928baf-cc3b-4a10-9362-ff4e15dca71d: receive RaftClientReply:client-71F61C017E1E->6c928baf-cc3b-4a10-9362-ff4e15dca71d@group-586430B97ADD, cid=2359, SUCCESS, logIndex=3410, commits[6c928baf-cc3b-4a10-9362-ff4e15dca71d:c3412]
2019-08-10 04:38:19,141 INFO  client.GrpcClientProtocolClient (GrpcClientProtocolClient.java:onNext(255)) - client-71F61C017E1E->6c928baf-cc3b-4a10-9362-ff4e15dca71d: receive RaftClientReply:client-71F61C017E1E->6c928baf-cc3b-4a10-9362-ff4e15dca71d@group-586430B97ADD, cid=2360, SUCCESS, logIndex=3411, commits[6c928baf-cc3b-4a10-9362-ff4e15dca71d:c3412]
2019-08-10 04:38:19,162 DEBUG block.SCMBlockDeletingService (SCMBlockDeletingService.java:call(138)) - Running DeletedBlockTransactionScanner
2019-08-10 04:38:19,162 DEBUG block.SCMBlockDeletingService (SCMBlockDeletingService.java:call(155)) - Scanned deleted blocks log and got 0 delTX to process.
2019-08-10 04:38:19,173 INFO  client.GrpcClientProtocolClient (GrpcClientProtocolClient.java:onNext(255)) - client-71F61C017E1E->6c928baf-cc3b-4a10-9362-ff4e15dca71d: receive RaftClientReply:client-71F61C017E1E->6c928baf-cc3b-4a10-9362-ff4e15dca71d@group-586430B97ADD, cid=2361, SUCCESS, logIndex=3414, commits[6c928baf-cc3b-4a10-9362-ff4e15dca71d:c3415]
2019-08-10 04:38:19,173 INFO  client.GrpcClientProtocolClient (GrpcClientProtocolClient.java:onNext(255)) - client-71F61C017E1E->6c928baf-cc3b-4a10-9362-ff4e15dca71d: receive RaftClientReply:client-71F61C017E1E->6c928baf-cc3b-4a10-9362-ff4e15dca71d@group-586430B97ADD, cid=2362, SUCCESS, logIndex=3415, commits[6c928baf-cc3b-4a10-9362-ff4e15dca71d:c3417]
2019-08-10 04:38:19,174 INFO  client.GrpcClientProtocolClient (GrpcClientProtocolClient.java:onNext(255)) - client-71F61C017E1E->6c928baf-cc3b-4a10-9362-ff4e15dca71d: receive RaftClientReply:client-71F61C017E1E->6c928baf-cc3b-4a10-9362-ff4e15dca71d@group-586430B97ADD, cid=2363, SUCCESS, logIndex=3416, commits[6c928baf-cc3b-4a10-9362-ff4e15dca71d:c3418]
2019-08-10 04:38:19,174 INFO  client.GrpcClientProtocolClient (GrpcClientProtocolClient.java:onNext(255)) - client-71F61C017E1E->6c928baf-cc3b-4a10-9362-ff4e15dca71d: receive RaftClientReply:client-71F61C017E1E->6c928baf-cc3b-4a10-9362-ff4e15dca71d@group-586430B97ADD, cid=2364, SUCCESS, logIndex=3417, commits[6c928baf-cc3b-4a10-9362-ff4e15dca71d:c3418]
2019-08-10 04:38:19,199 INFO  client.GrpcClientProtocolClient (GrpcClientProtocolClient.java:onNext(255)) - client-71F61C017E1E->6c928baf-cc3b-4a10-9362-ff4e15dca71d: receive RaftClientReply:client-71F61C017E1E->6c928baf-cc3b-4a10-9362-ff4e15dca71d@group-586430B97ADD, cid=2365, SUCCESS, logIndex=3420, commits[6c928baf-cc3b-4a10-9362-ff4e15dca71d:c3423]
2019-08-10 04:38:19,199 INFO  client.GrpcClientProtocolClient (GrpcClientProtocolClient.java:onNext(255)) - client-71F61C017E1E->6c928baf-cc3b-4a10-9362-ff4e15dca71d: receive RaftClientReply:client-71F61C017E1E->6c928baf-cc3b-4a10-9362-ff4e15dca71d@group-586430B97ADD, cid=2366, SUCCESS, logIndex=3421, commits[6c928baf-cc3b-4a10-9362-ff4e15dca71d:c3424]
2019-08-10 04:38:19,199 INFO  client.GrpcClientProtocolClient (GrpcClientProtocolClient.java:onNext(255)) - client-71F61C017E1E->6c928baf-cc3b-4a10-9362-ff4e15dca71d: receive RaftClientReply:client-71F61C017E1E->6c928baf-cc3b-4a10-9362-ff4e15dca71d@group-586430B97ADD, cid=2367, SUCCESS, logIndex=3422, commits[6c928baf-cc3b-4a10-9362-ff4e15dca71d:c3424]
2019-08-10 04:38:19,200 INFO  client.GrpcClientProtocolClient (GrpcClientProtocolClient.java:onNext(255)) - client-71F61C017E1E->6c928baf-cc3b-4a10-9362-ff4e15dca71d: receive RaftClientReply:client-71F61C017E1E->6c928baf-cc3b-4a10-9362-ff4e15dca71d@group-586430B97ADD, cid=2368, SUCCESS, logIndex=3423, commits[6c928baf-cc3b-4a10-9362-ff4e15dca71d:c3424]
2019-08-10 04:38:19,231 INFO  client.GrpcClientProtocolClient (GrpcClientProtocolClient.java:onNext(255)) - client-71F61C017E1E->6c928baf-cc3b-4a10-9362-ff4e15dca71d: receive RaftClientReply:client-71F61C017E1E->6c928baf-cc3b-4a10-9362-ff4e15dca71d@group-586430B97ADD, cid=2369, SUCCESS, logIndex=3425, commits[6c928baf-cc3b-4a10-9362-ff4e15dca71d:c3426]
2019-08-10 04:38:19,232 INFO  client.GrpcClientProtocolClient (GrpcClientProtocolClient.java:onNext(255)) - client-71F61C017E1E->6c928baf-cc3b-4a10-9362-ff4e15dca71d: receive RaftClientReply:client-71F61C017E1E->6c928baf-cc3b-4a10-9362-ff4e15dca71d@group-586430B97ADD, cid=2370, SUCCESS, logIndex=3426, commits[6c928baf-cc3b-4a10-9362-ff4e15dca71d:c3428]
2019-08-10 04:38:19,232 INFO  client.GrpcClientProtocolClient (GrpcClientProtocolClient.java:onNext(255)) - client-71F61C017E1E->6c928baf-cc3b-4a10-9362-ff4e15dca71d: receive RaftClientReply:client-71F61C017E1E->6c928baf-cc3b-4a10-9362-ff4e15dca71d@group-586430B97ADD, cid=2371, SUCCESS, logIndex=3427, commits[6c928baf-cc3b-4a10-9362-ff4e15dca71d:c3429]
2019-08-10 04:38:19,233 INFO  client.GrpcClientProtocolClient (GrpcClientProtocolClient.java:onNext(255)) - client-71F61C017E1E->6c928baf-cc3b-4a10-9362-ff4e15dca71d: receive RaftClientReply:client-71F61C017E1E->6c928baf-cc3b-4a10-9362-ff4e15dca71d@group-586430B97ADD, cid=2372, SUCCESS, logIndex=3428, commits[6c928baf-cc3b-4a10-9362-ff4e15dca71d:c3430]
2019-08-10 04:38:19,259 INFO  client.GrpcClientProtocolClient (GrpcClientProtocolClient.java:onNext(255)) - client-71F61C017E1E->6c928baf-cc3b-4a10-9362-ff4e15dca71d: receive RaftClientReply:client-71F61C017E1E->6c928baf-cc3b-4a10-9362-ff4e15dca71d@group-586430B97ADD, cid=2373, SUCCESS, logIndex=3431, commits[6c928baf-cc3b-4a10-9362-ff4e15dca71d:c3434]
2019-08-10 04:38:19,259 INFO  client.GrpcClientProtocolClient (GrpcClientProtocolClient.java:onNext(255)) - client-71F61C017E1E->6c928baf-cc3b-4a10-9362-ff4e15dca71d: receive RaftClientReply:client-71F61C017E1E->6c928baf-cc3b-4a10-9362-ff4e15dca71d@group-586430B97ADD, cid=2374, SUCCESS, logIndex=3432, commits[6c928baf-cc3b-4a10-9362-ff4e15dca71d:c3434]
2019-08-10 04:38:19,260 INFO  client.GrpcClientProtocolClient (GrpcClientProtocolClient.java:onNext(255)) - client-71F61C017E1E->6c928baf-cc3b-4a10-9362-ff4e15dca71d: receive RaftClientReply:client-71F61C017E1E->6c928baf-cc3b-4a10-9362-ff4e15dca71d@group-586430B97ADD, cid=2375, SUCCESS, logIndex=3433, commits[6c928baf-cc3b-4a10-9362-ff4e15dca71d:c3435]
2019-08-10 04:38:19,260 INFO  client.GrpcClientProtocolClient (GrpcClientProtocolClient.java:onNext(255)) - client-71F61C017E1E->6c928baf-cc3b-4a10-9362-ff4e15dca71d: receive RaftClientReply:client-71F61C017E1E->6c928baf-cc3b-4a10-9362-ff4e15dca71d@group-586430B97ADD, cid=2376, SUCCESS, logIndex=3434, commits[6c928baf-cc3b-4a10-9362-ff4e15dca71d:c3435]
2019-08-10 04:38:19,263 DEBUG block.SCMBlockDeletingService (SCMBlockDeletingService.java:call(138)) - Running DeletedBlockTransactionScanner
2019-08-10 04:38:19,263 DEBUG block.SCMBlockDeletingService (SCMBlockDeletingService.java:call(155)) - Scanned deleted blocks log and got 0 delTX to process.
2019-08-10 04:38:19,295 INFO  client.GrpcClientProtocolClient (GrpcClientProtocolClient.java:onNext(255)) - client-71F61C017E1E->6c928baf-cc3b-4a10-9362-ff4e15dca71d: receive RaftClientReply:client-71F61C017E1E->6c928baf-cc3b-4a10-9362-ff4e15dca71d@group-586430B97ADD, cid=2377, SUCCESS, logIndex=3436, commits[6c928baf-cc3b-4a10-9362-ff4e15dca71d:c3439]
2019-08-10 04:38:19,296 INFO  client.GrpcClientProtocolClient (GrpcClientProtocolClient.java:onNext(255)) - client-71F61C017E1E->6c928baf-cc3b-4a10-9362-ff4e15dca71d: receive RaftClientReply:client-71F61C017E1E->6c928baf-cc3b-4a10-9362-ff4e15dca71d@group-586430B97ADD, cid=2378, SUCCESS, logIndex=3437, commits[6c928baf-cc3b-4a10-9362-ff4e15dca71d:c3440]
2019-08-10 04:38:19,297 INFO  client.GrpcClientProtocolClient (GrpcClientProtocolClient.java:onNext(255)) - client-71F61C017E1E->6c928baf-cc3b-4a10-9362-ff4e15dca71d: receive RaftClientReply:client-71F61C017E1E->6c928baf-cc3b-4a10-9362-ff4e15dca71d@group-586430B97ADD, cid=2379, SUCCESS, logIndex=3438, commits[6c928baf-cc3b-4a10-9362-ff4e15dca71d:c3440]
2019-08-10 04:38:19,297 INFO  client.GrpcClientProtocolClient (GrpcClientProtocolClient.java:onNext(255)) - client-71F61C017E1E->6c928baf-cc3b-4a10-9362-ff4e15dca71d: receive RaftClientReply:client-71F61C017E1E->6c928baf-cc3b-4a10-9362-ff4e15dca71d@group-586430B97ADD, cid=2380, SUCCESS, logIndex=3439, commits[6c928baf-cc3b-4a10-9362-ff4e15dca71d:c3440]
2019-08-10 04:38:19,319 INFO  client.GrpcClientProtocolClient (GrpcClientProtocolClient.java:onNext(255)) - client-71F61C017E1E->6c928baf-cc3b-4a10-9362-ff4e15dca71d: receive RaftClientReply:client-71F61C017E1E->6c928baf-cc3b-4a10-9362-ff4e15dca71d@group-586430B97ADD, cid=2381, SUCCESS, logIndex=3441, commits[6c928baf-cc3b-4a10-9362-ff4e15dca71d:c3444]
2019-08-10 04:38:19,319 INFO  client.GrpcClientProtocolClient (GrpcClientProtocolClient.java:onNext(255)) - client-71F61C017E1E->6c928baf-cc3b-4a10-9362-ff4e15dca71d: receive RaftClientReply:client-71F61C017E1E->6c928baf-cc3b-4a10-9362-ff4e15dca71d@group-586430B97ADD, cid=2382, SUCCESS, logIndex=3442, commits[6c928baf-cc3b-4a10-9362-ff4e15dca71d:c3445]
2019-08-10 04:38:19,320 INFO  client.GrpcClientProtocolClient (GrpcClientProtocolClient.java:onNext(255)) - client-71F61C017E1E->6c928baf-cc3b-4a10-9362-ff4e15dca71d: receive RaftClientReply:client-71F61C017E1E->6c928baf-cc3b-4a10-9362-ff4e15dca71d@group-586430B97ADD, cid=2383, SUCCESS, logIndex=3443, commits[6c928baf-cc3b-4a10-9362-ff4e15dca71d:c3445]
2019-08-10 04:38:19,320 INFO  client.GrpcClientProtocolClient (GrpcClientProtocolClient.java:onNext(255)) - client-71F61C017E1E->6c928baf-cc3b-4a10-9362-ff4e15dca71d: receive RaftClientReply:client-71F61C017E1E->6c928baf-cc3b-4a10-9362-ff4e15dca71d@group-586430B97ADD, cid=2384, SUCCESS, logIndex=3444, commits[6c928baf-cc3b-4a10-9362-ff4e15dca71d:c3445]
2019-08-10 04:38:19,348 INFO  client.GrpcClientProtocolClient (GrpcClientProtocolClient.java:onNext(255)) - client-71F61C017E1E->6c928baf-cc3b-4a10-9362-ff4e15dca71d: receive RaftClientReply:client-71F61C017E1E->6c928baf-cc3b-4a10-9362-ff4e15dca71d@group-586430B97ADD, cid=2385, SUCCESS, logIndex=3446, commits[6c928baf-cc3b-4a10-9362-ff4e15dca71d:c3447]
2019-08-10 04:38:19,348 INFO  client.GrpcClientProtocolClient (GrpcClientProtocolClient.java:onNext(255)) - client-71F61C017E1E->6c928baf-cc3b-4a10-9362-ff4e15dca71d: receive RaftClientReply:client-71F61C017E1E->6c928baf-cc3b-4a10-9362-ff4e15dca71d@group-586430B97ADD, cid=2386, SUCCESS, logIndex=3447, commits[6c928baf-cc3b-4a10-9362-ff4e15dca71d:c3448]
2019-08-10 04:38:19,363 DEBUG block.SCMBlockDeletingService (SCMBlockDeletingService.java:call(138)) - Running DeletedBlockTransactionScanner
2019-08-10 04:38:19,364 DEBUG block.SCMBlockDeletingService (SCMBlockDeletingService.java:call(155)) - Scanned deleted blocks log and got 0 delTX to process.
2019-08-10 04:38:19,441 INFO  client.GrpcClientProtocolClient (GrpcClientProtocolClient.java:onNext(255)) - client-71F61C017E1E->6c928baf-cc3b-4a10-9362-ff4e15dca71d: receive RaftClientReply:client-71F61C017E1E->6c928baf-cc3b-4a10-9362-ff4e15dca71d@group-586430B97ADD, cid=2387, SUCCESS, logIndex=3449, commits[6c928baf-cc3b-4a10-9362-ff4e15dca71d:c3450]
2019-08-10 04:38:19,442 INFO  client.GrpcClientProtocolClient (GrpcClientProtocolClient.java:onNext(255)) - client-71F61C017E1E->6c928baf-cc3b-4a10-9362-ff4e15dca71d: receive RaftClientReply:client-71F61C017E1E->6c928baf-cc3b-4a10-9362-ff4e15dca71d@group-586430B97ADD, cid=2388, SUCCESS, logIndex=3450, commits[6c928baf-cc3b-4a10-9362-ff4e15dca71d:c3451]
2019-08-10 04:38:19,464 INFO  client.GrpcClientProtocolClient (GrpcClientProtocolClient.java:onNext(255)) - client-71F61C017E1E->6c928baf-cc3b-4a10-9362-ff4e15dca71d: receive RaftClientReply:client-71F61C017E1E->6c928baf-cc3b-4a10-9362-ff4e15dca71d@group-586430B97ADD, cid=2389, SUCCESS, logIndex=3452, commits[6c928baf-cc3b-4a10-9362-ff4e15dca71d:c3455]
2019-08-10 04:38:19,464 DEBUG block.SCMBlockDeletingService (SCMBlockDeletingService.java:call(138)) - Running DeletedBlockTransactionScanner
2019-08-10 04:38:19,464 INFO  client.GrpcClientProtocolClient (GrpcClientProtocolClient.java:onNext(255)) - client-71F61C017E1E->6c928baf-cc3b-4a10-9362-ff4e15dca71d: receive RaftClientReply:client-71F61C017E1E->6c928baf-cc3b-4a10-9362-ff4e15dca71d@group-586430B97ADD, cid=2390, SUCCESS, logIndex=3453, commits[6c928baf-cc3b-4a10-9362-ff4e15dca71d:c3455]
2019-08-10 04:38:19,464 DEBUG block.SCMBlockDeletingService (SCMBlockDeletingService.java:call(155)) - Scanned deleted blocks log and got 0 delTX to process.
2019-08-10 04:38:19,465 INFO  client.GrpcClientProtocolClient (GrpcClientProtocolClient.java:onNext(255)) - client-71F61C017E1E->6c928baf-cc3b-4a10-9362-ff4e15dca71d: receive RaftClientReply:client-71F61C017E1E->6c928baf-cc3b-4a10-9362-ff4e15dca71d@group-586430B97ADD, cid=2391, SUCCESS, logIndex=3454, commits[6c928baf-cc3b-4a10-9362-ff4e15dca71d:c3456]
2019-08-10 04:38:19,465 INFO  client.GrpcClientProtocolClient (GrpcClientProtocolClient.java:onNext(255)) - client-71F61C017E1E->6c928baf-cc3b-4a10-9362-ff4e15dca71d: receive RaftClientReply:client-71F61C017E1E->6c928baf-cc3b-4a10-9362-ff4e15dca71d@group-586430B97ADD, cid=2392, SUCCESS, logIndex=3455, commits[6c928baf-cc3b-4a10-9362-ff4e15dca71d:c3456]
2019-08-10 04:38:19,496 INFO  client.GrpcClientProtocolClient (GrpcClientProtocolClient.java:onNext(255)) - client-71F61C017E1E->6c928baf-cc3b-4a10-9362-ff4e15dca71d: receive RaftClientReply:client-71F61C017E1E->6c928baf-cc3b-4a10-9362-ff4e15dca71d@group-586430B97ADD, cid=2393, SUCCESS, logIndex=3457, commits[6c928baf-cc3b-4a10-9362-ff4e15dca71d:c3460]
2019-08-10 04:38:19,497 INFO  client.GrpcClientProtocolClient (GrpcClientProtocolClient.java:onNext(255)) - client-71F61C017E1E->6c928baf-cc3b-4a10-9362-ff4e15dca71d: receive RaftClientReply:client-71F61C017E1E->6c928baf-cc3b-4a10-9362-ff4e15dca71d@group-586430B97ADD, cid=2394, SUCCESS, logIndex=3458, commits[6c928baf-cc3b-4a10-9362-ff4e15dca71d:c3461]
2019-08-10 04:38:19,497 INFO  client.GrpcClientProtocolClient (GrpcClientProtocolClient.java:onNext(255)) - client-71F61C017E1E->6c928baf-cc3b-4a10-9362-ff4e15dca71d: receive RaftClientReply:client-71F61C017E1E->6c928baf-cc3b-4a10-9362-ff4e15dca71d@group-586430B97ADD, cid=2395, SUCCESS, logIndex=3459, commits[6c928baf-cc3b-4a10-9362-ff4e15dca71d:c3461]
2019-08-10 04:38:19,497 INFO  client.GrpcClientProtocolClient (GrpcClientProtocolClient.java:onNext(255)) - client-71F61C017E1E->6c928baf-cc3b-4a10-9362-ff4e15dca71d: receive RaftClientReply:client-71F61C017E1E->6c928baf-cc3b-4a10-9362-ff4e15dca71d@group-586430B97ADD, cid=2396, SUCCESS, logIndex=3460, commits[6c928baf-cc3b-4a10-9362-ff4e15dca71d:c3461]
2019-08-10 04:38:19,519 INFO  client.GrpcClientProtocolClient (GrpcClientProtocolClient.java:onNext(255)) - client-71F61C017E1E->6c928baf-cc3b-4a10-9362-ff4e15dca71d: receive RaftClientReply:client-71F61C017E1E->6c928baf-cc3b-4a10-9362-ff4e15dca71d@group-586430B97ADD, cid=2397, SUCCESS, logIndex=3462, commits[6c928baf-cc3b-4a10-9362-ff4e15dca71d:c3465]
2019-08-10 04:38:19,520 INFO  client.GrpcClientProtocolClient (GrpcClientProtocolClient.java:onNext(255)) - client-71F61C017E1E->6c928baf-cc3b-4a10-9362-ff4e15dca71d: receive RaftClientReply:client-71F61C017E1E->6c928baf-cc3b-4a10-9362-ff4e15dca71d@group-586430B97ADD, cid=2398, SUCCESS, logIndex=3463, commits[6c928baf-cc3b-4a10-9362-ff4e15dca71d:c3465]
2019-08-10 04:38:19,520 INFO  client.GrpcClientProtocolClient (GrpcClientProtocolClient.java:onNext(255)) - client-71F61C017E1E->6c928baf-cc3b-4a10-9362-ff4e15dca71d: receive RaftClientReply:client-71F61C017E1E->6c928baf-cc3b-4a10-9362-ff4e15dca71d@group-586430B97ADD, cid=2399, SUCCESS, logIndex=3464, commits[6c928baf-cc3b-4a10-9362-ff4e15dca71d:c3466]
2019-08-10 04:38:19,521 INFO  client.GrpcClientProtocolClient (GrpcClientProtocolClient.java:onNext(255)) - client-71F61C017E1E->6c928baf-cc3b-4a10-9362-ff4e15dca71d: receive RaftClientReply:client-71F61C017E1E->6c928baf-cc3b-4a10-9362-ff4e15dca71d@group-586430B97ADD, cid=2400, SUCCESS, logIndex=3465, commits[6c928baf-cc3b-4a10-9362-ff4e15dca71d:c3466]
2019-08-10 04:38:19,552 INFO  client.GrpcClientProtocolClient (GrpcClientProtocolClient.java:onNext(255)) - client-71F61C017E1E->6c928baf-cc3b-4a10-9362-ff4e15dca71d: receive RaftClientReply:client-71F61C017E1E->6c928baf-cc3b-4a10-9362-ff4e15dca71d@group-586430B97ADD, cid=2401, SUCCESS, logIndex=3467, commits[6c928baf-cc3b-4a10-9362-ff4e15dca71d:c3470]
2019-08-10 04:38:19,552 INFO  client.GrpcClientProtocolClient (GrpcClientProtocolClient.java:onNext(255)) - client-71F61C017E1E->6c928baf-cc3b-4a10-9362-ff4e15dca71d: receive RaftClientReply:client-71F61C017E1E->6c928baf-cc3b-4a10-9362-ff4e15dca71d@group-586430B97ADD, cid=2402, SUCCESS, logIndex=3468, commits[6c928baf-cc3b-4a10-9362-ff4e15dca71d:c3471]
2019-08-10 04:38:19,552 INFO  client.GrpcClientProtocolClient (GrpcClientProtocolClient.java:onNext(255)) - client-71F61C017E1E->6c928baf-cc3b-4a10-9362-ff4e15dca71d: receive RaftClientReply:client-71F61C017E1E->6c928baf-cc3b-4a10-9362-ff4e15dca71d@group-586430B97ADD, cid=2403, SUCCESS, logIndex=3469, commits[6c928baf-cc3b-4a10-9362-ff4e15dca71d:c3471]
2019-08-10 04:38:19,553 INFO  client.GrpcClientProtocolClient (GrpcClientProtocolClient.java:onNext(255)) - client-71F61C017E1E->6c928baf-cc3b-4a10-9362-ff4e15dca71d: receive RaftClientReply:client-71F61C017E1E->6c928baf-cc3b-4a10-9362-ff4e15dca71d@group-586430B97ADD, cid=2404, SUCCESS, logIndex=3470, commits[6c928baf-cc3b-4a10-9362-ff4e15dca71d:c3471]
2019-08-10 04:38:19,565 DEBUG block.SCMBlockDeletingService (SCMBlockDeletingService.java:call(138)) - Running DeletedBlockTransactionScanner
2019-08-10 04:38:19,565 DEBUG block.SCMBlockDeletingService (SCMBlockDeletingService.java:call(155)) - Scanned deleted blocks log and got 0 delTX to process.
2019-08-10 04:38:19,574 INFO  client.GrpcClientProtocolClient (GrpcClientProtocolClient.java:onNext(255)) - client-71F61C017E1E->6c928baf-cc3b-4a10-9362-ff4e15dca71d: receive RaftClientReply:client-71F61C017E1E->6c928baf-cc3b-4a10-9362-ff4e15dca71d@group-586430B97ADD, cid=2405, SUCCESS, logIndex=3472, commits[6c928baf-cc3b-4a10-9362-ff4e15dca71d:c3475]
2019-08-10 04:38:19,574 INFO  client.GrpcClientProtocolClient (GrpcClientProtocolClient.java:onNext(255)) - client-71F61C017E1E->6c928baf-cc3b-4a10-9362-ff4e15dca71d: receive RaftClientReply:client-71F61C017E1E->6c928baf-cc3b-4a10-9362-ff4e15dca71d@group-586430B97ADD, cid=2406, SUCCESS, logIndex=3473, commits[6c928baf-cc3b-4a10-9362-ff4e15dca71d:c3476]
2019-08-10 04:38:19,574 INFO  client.GrpcClientProtocolClient (GrpcClientProtocolClient.java:onNext(255)) - client-71F61C017E1E->6c928baf-cc3b-4a10-9362-ff4e15dca71d: receive RaftClientReply:client-71F61C017E1E->6c928baf-cc3b-4a10-9362-ff4e15dca71d@group-586430B97ADD, cid=2407, SUCCESS, logIndex=3474, commits[6c928baf-cc3b-4a10-9362-ff4e15dca71d:c3476]
2019-08-10 04:38:19,575 INFO  client.GrpcClientProtocolClient (GrpcClientProtocolClient.java:onNext(255)) - client-71F61C017E1E->6c928baf-cc3b-4a10-9362-ff4e15dca71d: receive RaftClientReply:client-71F61C017E1E->6c928baf-cc3b-4a10-9362-ff4e15dca71d@group-586430B97ADD, cid=2408, SUCCESS, logIndex=3475, commits[6c928baf-cc3b-4a10-9362-ff4e15dca71d:c3476]
2019-08-10 04:38:19,606 INFO  client.GrpcClientProtocolClient (GrpcClientProtocolClient.java:onNext(255)) - client-71F61C017E1E->6c928baf-cc3b-4a10-9362-ff4e15dca71d: receive RaftClientReply:client-71F61C017E1E->6c928baf-cc3b-4a10-9362-ff4e15dca71d@group-586430B97ADD, cid=2409, SUCCESS, logIndex=3477, commits[6c928baf-cc3b-4a10-9362-ff4e15dca71d:c3480]
2019-08-10 04:38:19,607 INFO  client.GrpcClientProtocolClient (GrpcClientProtocolClient.java:onNext(255)) - client-71F61C017E1E->6c928baf-cc3b-4a10-9362-ff4e15dca71d: receive RaftClientReply:client-71F61C017E1E->6c928baf-cc3b-4a10-9362-ff4e15dca71d@group-586430B97ADD, cid=2410, SUCCESS, logIndex=3478, commits[6c928baf-cc3b-4a10-9362-ff4e15dca71d:c3481]
2019-08-10 04:38:19,607 INFO  client.GrpcClientProtocolClient (GrpcClientProtocolClient.java:onNext(255)) - client-71F61C017E1E->6c928baf-cc3b-4a10-9362-ff4e15dca71d: receive RaftClientReply:client-71F61C017E1E->6c928baf-cc3b-4a10-9362-ff4e15dca71d@group-586430B97ADD, cid=2411, SUCCESS, logIndex=3479, commits[6c928baf-cc3b-4a10-9362-ff4e15dca71d:c3481]
2019-08-10 04:38:19,607 INFO  client.GrpcClientProtocolClient (GrpcClientProtocolClient.java:onNext(255)) - client-71F61C017E1E->6c928baf-cc3b-4a10-9362-ff4e15dca71d: receive RaftClientReply:client-71F61C017E1E->6c928baf-cc3b-4a10-9362-ff4e15dca71d@group-586430B97ADD, cid=2412, SUCCESS, logIndex=3480, commits[6c928baf-cc3b-4a10-9362-ff4e15dca71d:c3481]
2019-08-10 04:38:19,629 INFO  client.GrpcClientProtocolClient (GrpcClientProtocolClient.java:onNext(255)) - client-71F61C017E1E->6c928baf-cc3b-4a10-9362-ff4e15dca71d: receive RaftClientReply:client-71F61C017E1E->6c928baf-cc3b-4a10-9362-ff4e15dca71d@group-586430B97ADD, cid=2413, SUCCESS, logIndex=3482, commits[6c928baf-cc3b-4a10-9362-ff4e15dca71d:c3485]
2019-08-10 04:38:19,630 INFO  client.GrpcClientProtocolClient (GrpcClientProtocolClient.java:onNext(255)) - client-71F61C017E1E->6c928baf-cc3b-4a10-9362-ff4e15dca71d: receive RaftClientReply:client-71F61C017E1E->6c928baf-cc3b-4a10-9362-ff4e15dca71d@group-586430B97ADD, cid=2414, SUCCESS, logIndex=3483, commits[6c928baf-cc3b-4a10-9362-ff4e15dca71d:c3486]
2019-08-10 04:38:19,630 INFO  client.GrpcClientProtocolClient (GrpcClientProtocolClient.java:onNext(255)) - client-71F61C017E1E->6c928baf-cc3b-4a10-9362-ff4e15dca71d: receive RaftClientReply:client-71F61C017E1E->6c928baf-cc3b-4a10-9362-ff4e15dca71d@group-586430B97ADD, cid=2415, SUCCESS, logIndex=3484, commits[6c928baf-cc3b-4a10-9362-ff4e15dca71d:c3486]
2019-08-10 04:38:19,630 INFO  client.GrpcClientProtocolClient (GrpcClientProtocolClient.java:onNext(255)) - client-71F61C017E1E->6c928baf-cc3b-4a10-9362-ff4e15dca71d: receive RaftClientReply:client-71F61C017E1E->6c928baf-cc3b-4a10-9362-ff4e15dca71d@group-586430B97ADD, cid=2416, SUCCESS, logIndex=3485, commits[6c928baf-cc3b-4a10-9362-ff4e15dca71d:c3486]
2019-08-10 04:38:19,657 INFO  client.GrpcClientProtocolClient (GrpcClientProtocolClient.java:onNext(255)) - client-71F61C017E1E->6c928baf-cc3b-4a10-9362-ff4e15dca71d: receive RaftClientReply:client-71F61C017E1E->6c928baf-cc3b-4a10-9362-ff4e15dca71d@group-586430B97ADD, cid=2417, SUCCESS, logIndex=3487, commits[6c928baf-cc3b-4a10-9362-ff4e15dca71d:c3490]
2019-08-10 04:38:19,658 INFO  client.GrpcClientProtocolClient (GrpcClientProtocolClient.java:onNext(255)) - client-71F61C017E1E->6c928baf-cc3b-4a10-9362-ff4e15dca71d: receive RaftClientReply:client-71F61C017E1E->6c928baf-cc3b-4a10-9362-ff4e15dca71d@group-586430B97ADD, cid=2418, SUCCESS, logIndex=3488, commits[6c928baf-cc3b-4a10-9362-ff4e15dca71d:c3491]
2019-08-10 04:38:19,658 INFO  client.GrpcClientProtocolClient (GrpcClientProtocolClient.java:onNext(255)) - client-71F61C017E1E->6c928baf-cc3b-4a10-9362-ff4e15dca71d: receive RaftClientReply:client-71F61C017E1E->6c928baf-cc3b-4a10-9362-ff4e15dca71d@group-586430B97ADD, cid=2419, SUCCESS, logIndex=3489, commits[6c928baf-cc3b-4a10-9362-ff4e15dca71d:c3491]
2019-08-10 04:38:19,658 INFO  client.GrpcClientProtocolClient (GrpcClientProtocolClient.java:onNext(255)) - client-71F61C017E1E->6c928baf-cc3b-4a10-9362-ff4e15dca71d: receive RaftClientReply:client-71F61C017E1E->6c928baf-cc3b-4a10-9362-ff4e15dca71d@group-586430B97ADD, cid=2420, SUCCESS, logIndex=3490, commits[6c928baf-cc3b-4a10-9362-ff4e15dca71d:c3491]
2019-08-10 04:38:19,666 DEBUG block.SCMBlockDeletingService (SCMBlockDeletingService.java:call(138)) - Running DeletedBlockTransactionScanner
2019-08-10 04:38:19,666 DEBUG block.SCMBlockDeletingService (SCMBlockDeletingService.java:call(155)) - Scanned deleted blocks log and got 0 delTX to process.
2019-08-10 04:38:19,679 INFO  client.GrpcClientProtocolClient (GrpcClientProtocolClient.java:onNext(255)) - client-71F61C017E1E->6c928baf-cc3b-4a10-9362-ff4e15dca71d: receive RaftClientReply:client-71F61C017E1E->6c928baf-cc3b-4a10-9362-ff4e15dca71d@group-586430B97ADD, cid=2421, SUCCESS, logIndex=3492, commits[6c928baf-cc3b-4a10-9362-ff4e15dca71d:c3493]
2019-08-10 04:38:19,679 INFO  client.GrpcClientProtocolClient (GrpcClientProtocolClient.java:onNext(255)) - client-71F61C017E1E->6c928baf-cc3b-4a10-9362-ff4e15dca71d: receive RaftClientReply:client-71F61C017E1E->6c928baf-cc3b-4a10-9362-ff4e15dca71d@group-586430B97ADD, cid=2422, SUCCESS, logIndex=3493, commits[6c928baf-cc3b-4a10-9362-ff4e15dca71d:c3493]
2019-08-10 04:38:19,681 INFO  client.GrpcClientProtocolClient (GrpcClientProtocolClient.java:onNext(255)) - client-71F61C017E1E->6c928baf-cc3b-4a10-9362-ff4e15dca71d: receive RaftClientReply:client-71F61C017E1E->6c928baf-cc3b-4a10-9362-ff4e15dca71d@group-586430B97ADD, cid=2423, SUCCESS, logIndex=3494, commits[6c928baf-cc3b-4a10-9362-ff4e15dca71d:c3495]
2019-08-10 04:38:19,681 INFO  client.GrpcClientProtocolClient (GrpcClientProtocolClient.java:onNext(255)) - client-71F61C017E1E->6c928baf-cc3b-4a10-9362-ff4e15dca71d: receive RaftClientReply:client-71F61C017E1E->6c928baf-cc3b-4a10-9362-ff4e15dca71d@group-586430B97ADD, cid=2424, SUCCESS, logIndex=3495, commits[6c928baf-cc3b-4a10-9362-ff4e15dca71d:c3496]
2019-08-10 04:38:19,708 INFO  client.GrpcClientProtocolClient (GrpcClientProtocolClient.java:onNext(255)) - client-71F61C017E1E->6c928baf-cc3b-4a10-9362-ff4e15dca71d: receive RaftClientReply:client-71F61C017E1E->6c928baf-cc3b-4a10-9362-ff4e15dca71d@group-586430B97ADD, cid=2425, SUCCESS, logIndex=3498, commits[6c928baf-cc3b-4a10-9362-ff4e15dca71d:c3499]
2019-08-10 04:38:19,708 INFO  client.GrpcClientProtocolClient (GrpcClientProtocolClient.java:onNext(255)) - client-71F61C017E1E->6c928baf-cc3b-4a10-9362-ff4e15dca71d: receive RaftClientReply:client-71F61C017E1E->6c928baf-cc3b-4a10-9362-ff4e15dca71d@group-586430B97ADD, cid=2426, SUCCESS, logIndex=3499, commits[6c928baf-cc3b-4a10-9362-ff4e15dca71d:c3501]
2019-08-10 04:38:19,709 INFO  client.GrpcClientProtocolClient (GrpcClientProtocolClient.java:onNext(255)) - client-71F61C017E1E->6c928baf-cc3b-4a10-9362-ff4e15dca71d: receive RaftClientReply:client-71F61C017E1E->6c928baf-cc3b-4a10-9362-ff4e15dca71d@group-586430B97ADD, cid=2427, SUCCESS, logIndex=3500, commits[6c928baf-cc3b-4a10-9362-ff4e15dca71d:c3501]
2019-08-10 04:38:19,709 INFO  client.GrpcClientProtocolClient (GrpcClientProtocolClient.java:onNext(255)) - client-71F61C017E1E->6c928baf-cc3b-4a10-9362-ff4e15dca71d: receive RaftClientReply:client-71F61C017E1E->6c928baf-cc3b-4a10-9362-ff4e15dca71d@group-586430B97ADD, cid=2428, SUCCESS, logIndex=3501, commits[6c928baf-cc3b-4a10-9362-ff4e15dca71d:c3502]
2019-08-10 04:38:19,730 INFO  client.GrpcClientProtocolClient (GrpcClientProtocolClient.java:onNext(255)) - client-71F61C017E1E->6c928baf-cc3b-4a10-9362-ff4e15dca71d: receive RaftClientReply:client-71F61C017E1E->6c928baf-cc3b-4a10-9362-ff4e15dca71d@group-586430B97ADD, cid=2429, SUCCESS, logIndex=3504, commits[6c928baf-cc3b-4a10-9362-ff4e15dca71d:c3505]
2019-08-10 04:38:19,730 INFO  client.GrpcClientProtocolClient (GrpcClientProtocolClient.java:onNext(255)) - client-71F61C017E1E->6c928baf-cc3b-4a10-9362-ff4e15dca71d: receive RaftClientReply:client-71F61C017E1E->6c928baf-cc3b-4a10-9362-ff4e15dca71d@group-586430B97ADD, cid=2430, SUCCESS, logIndex=3505, commits[6c928baf-cc3b-4a10-9362-ff4e15dca71d:c3506]
2019-08-10 04:38:19,766 DEBUG block.SCMBlockDeletingService (SCMBlockDeletingService.java:call(138)) - Running DeletedBlockTransactionScanner
2019-08-10 04:38:19,767 DEBUG block.SCMBlockDeletingService (SCMBlockDeletingService.java:call(155)) - Scanned deleted blocks log and got 0 delTX to process.
2019-08-10 04:38:19,825 INFO  client.GrpcClientProtocolClient (GrpcClientProtocolClient.java:onNext(255)) - client-71F61C017E1E->6c928baf-cc3b-4a10-9362-ff4e15dca71d: receive RaftClientReply:client-71F61C017E1E->6c928baf-cc3b-4a10-9362-ff4e15dca71d@group-586430B97ADD, cid=2431, SUCCESS, logIndex=3507, commits[6c928baf-cc3b-4a10-9362-ff4e15dca71d:c3508]
2019-08-10 04:38:19,826 INFO  client.GrpcClientProtocolClient (GrpcClientProtocolClient.java:onNext(255)) - client-71F61C017E1E->6c928baf-cc3b-4a10-9362-ff4e15dca71d: receive RaftClientReply:client-71F61C017E1E->6c928baf-cc3b-4a10-9362-ff4e15dca71d@group-586430B97ADD, cid=2432, SUCCESS, logIndex=3508, commits[6c928baf-cc3b-4a10-9362-ff4e15dca71d:c3509]
2019-08-10 04:38:19,850 INFO  client.GrpcClientProtocolClient (GrpcClientProtocolClient.java:onNext(255)) - client-71F61C017E1E->6c928baf-cc3b-4a10-9362-ff4e15dca71d: receive RaftClientReply:client-71F61C017E1E->6c928baf-cc3b-4a10-9362-ff4e15dca71d@group-586430B97ADD, cid=2433, SUCCESS, logIndex=3510, commits[6c928baf-cc3b-4a10-9362-ff4e15dca71d:c3511]
2019-08-10 04:38:19,851 INFO  client.GrpcClientProtocolClient (GrpcClientProtocolClient.java:onNext(255)) - client-71F61C017E1E->6c928baf-cc3b-4a10-9362-ff4e15dca71d: receive RaftClientReply:client-71F61C017E1E->6c928baf-cc3b-4a10-9362-ff4e15dca71d@group-586430B97ADD, cid=2434, SUCCESS, logIndex=3511, commits[6c928baf-cc3b-4a10-9362-ff4e15dca71d:c3511]
2019-08-10 04:38:19,853 INFO  client.GrpcClientProtocolClient (GrpcClientProtocolClient.java:onNext(255)) - client-71F61C017E1E->6c928baf-cc3b-4a10-9362-ff4e15dca71d: receive RaftClientReply:client-71F61C017E1E->6c928baf-cc3b-4a10-9362-ff4e15dca71d@group-586430B97ADD, cid=2435, SUCCESS, logIndex=3512, commits[6c928baf-cc3b-4a10-9362-ff4e15dca71d:c3513]
2019-08-10 04:38:19,853 INFO  client.GrpcClientProtocolClient (GrpcClientProtocolClient.java:onNext(255)) - client-71F61C017E1E->6c928baf-cc3b-4a10-9362-ff4e15dca71d: receive RaftClientReply:client-71F61C017E1E->6c928baf-cc3b-4a10-9362-ff4e15dca71d@group-586430B97ADD, cid=2436, SUCCESS, logIndex=3513, commits[6c928baf-cc3b-4a10-9362-ff4e15dca71d:c3513]
2019-08-10 04:38:19,867 DEBUG block.SCMBlockDeletingService (SCMBlockDeletingService.java:call(138)) - Running DeletedBlockTransactionScanner
2019-08-10 04:38:19,867 DEBUG block.SCMBlockDeletingService (SCMBlockDeletingService.java:call(155)) - Scanned deleted blocks log and got 0 delTX to process.
2019-08-10 04:38:19,968 DEBUG block.SCMBlockDeletingService (SCMBlockDeletingService.java:call(138)) - Running DeletedBlockTransactionScanner
2019-08-10 04:38:19,968 DEBUG block.SCMBlockDeletingService (SCMBlockDeletingService.java:call(155)) - Scanned deleted blocks log and got 0 delTX to process.
2019-08-10 04:38:20,068 DEBUG block.SCMBlockDeletingService (SCMBlockDeletingService.java:call(138)) - Running DeletedBlockTransactionScanner
2019-08-10 04:38:20,069 DEBUG block.SCMBlockDeletingService (SCMBlockDeletingService.java:call(155)) - Scanned deleted blocks log and got 0 delTX to process.
2019-08-10 04:38:20,169 DEBUG block.SCMBlockDeletingService (SCMBlockDeletingService.java:call(138)) - Running DeletedBlockTransactionScanner
2019-08-10 04:38:20,169 DEBUG block.SCMBlockDeletingService (SCMBlockDeletingService.java:call(155)) - Scanned deleted blocks log and got 0 delTX to process.
2019-08-10 04:38:20,188 INFO  client.GrpcClientProtocolClient (GrpcClientProtocolClient.java:onNext(255)) - client-71F61C017E1E->6c928baf-cc3b-4a10-9362-ff4e15dca71d: receive RaftClientReply:client-71F61C017E1E->6c928baf-cc3b-4a10-9362-ff4e15dca71d@group-586430B97ADD, cid=2437, SUCCESS, logIndex=3516, commits[6c928baf-cc3b-4a10-9362-ff4e15dca71d:c3520]
2019-08-10 04:38:20,189 INFO  client.GrpcClientProtocolClient (GrpcClientProtocolClient.java:onNext(255)) - client-71F61C017E1E->6c928baf-cc3b-4a10-9362-ff4e15dca71d: receive RaftClientReply:client-71F61C017E1E->6c928baf-cc3b-4a10-9362-ff4e15dca71d@group-586430B97ADD, cid=2438, SUCCESS, logIndex=3517, commits[6c928baf-cc3b-4a10-9362-ff4e15dca71d:c3520]
2019-08-10 04:38:20,189 INFO  client.GrpcClientProtocolClient (GrpcClientProtocolClient.java:onNext(255)) - client-71F61C017E1E->6c928baf-cc3b-4a10-9362-ff4e15dca71d: receive RaftClientReply:client-71F61C017E1E->6c928baf-cc3b-4a10-9362-ff4e15dca71d@group-586430B97ADD, cid=2439, SUCCESS, logIndex=3518, commits[6c928baf-cc3b-4a10-9362-ff4e15dca71d:c3520]
2019-08-10 04:38:20,190 INFO  client.GrpcClientProtocolClient (GrpcClientProtocolClient.java:onNext(255)) - client-71F61C017E1E->6c928baf-cc3b-4a10-9362-ff4e15dca71d: receive RaftClientReply:client-71F61C017E1E->6c928baf-cc3b-4a10-9362-ff4e15dca71d@group-586430B97ADD, cid=2440, SUCCESS, logIndex=3519, commits[6c928baf-cc3b-4a10-9362-ff4e15dca71d:c3520]
2019-08-10 04:38:20,222 INFO  client.GrpcClientProtocolClient (GrpcClientProtocolClient.java:onNext(255)) - client-71F61C017E1E->6c928baf-cc3b-4a10-9362-ff4e15dca71d: receive RaftClientReply:client-71F61C017E1E->6c928baf-cc3b-4a10-9362-ff4e15dca71d@group-586430B97ADD, cid=2441, SUCCESS, logIndex=3521, commits[6c928baf-cc3b-4a10-9362-ff4e15dca71d:c3524]
2019-08-10 04:38:20,222 INFO  client.GrpcClientProtocolClient (GrpcClientProtocolClient.java:onNext(255)) - client-71F61C017E1E->6c928baf-cc3b-4a10-9362-ff4e15dca71d: receive RaftClientReply:client-71F61C017E1E->6c928baf-cc3b-4a10-9362-ff4e15dca71d@group-586430B97ADD, cid=2442, SUCCESS, logIndex=3522, commits[6c928baf-cc3b-4a10-9362-ff4e15dca71d:c3525]
2019-08-10 04:38:20,223 INFO  client.GrpcClientProtocolClient (GrpcClientProtocolClient.java:onNext(255)) - client-71F61C017E1E->6c928baf-cc3b-4a10-9362-ff4e15dca71d: receive RaftClientReply:client-71F61C017E1E->6c928baf-cc3b-4a10-9362-ff4e15dca71d@group-586430B97ADD, cid=2443, SUCCESS, logIndex=3523, commits[6c928baf-cc3b-4a10-9362-ff4e15dca71d:c3525]
2019-08-10 04:38:20,223 INFO  client.GrpcClientProtocolClient (GrpcClientProtocolClient.java:onNext(255)) - client-71F61C017E1E->6c928baf-cc3b-4a10-9362-ff4e15dca71d: receive RaftClientReply:client-71F61C017E1E->6c928baf-cc3b-4a10-9362-ff4e15dca71d@group-586430B97ADD, cid=2444, SUCCESS, logIndex=3524, commits[6c928baf-cc3b-4a10-9362-ff4e15dca71d:c3525]
2019-08-10 04:38:20,243 INFO  client.GrpcClientProtocolClient (GrpcClientProtocolClient.java:onNext(255)) - client-71F61C017E1E->6c928baf-cc3b-4a10-9362-ff4e15dca71d: receive RaftClientReply:client-71F61C017E1E->6c928baf-cc3b-4a10-9362-ff4e15dca71d@group-586430B97ADD, cid=2445, SUCCESS, logIndex=3526, commits[6c928baf-cc3b-4a10-9362-ff4e15dca71d:c3527]
2019-08-10 04:38:20,243 INFO  client.GrpcClientProtocolClient (GrpcClientProtocolClient.java:onNext(255)) - client-71F61C017E1E->6c928baf-cc3b-4a10-9362-ff4e15dca71d: receive RaftClientReply:client-71F61C017E1E->6c928baf-cc3b-4a10-9362-ff4e15dca71d@group-586430B97ADD, cid=2446, SUCCESS, logIndex=3527, commits[6c928baf-cc3b-4a10-9362-ff4e15dca71d:c3529]
2019-08-10 04:38:20,244 INFO  client.GrpcClientProtocolClient (GrpcClientProtocolClient.java:onNext(255)) - client-71F61C017E1E->6c928baf-cc3b-4a10-9362-ff4e15dca71d: receive RaftClientReply:client-71F61C017E1E->6c928baf-cc3b-4a10-9362-ff4e15dca71d@group-586430B97ADD, cid=2447, SUCCESS, logIndex=3528, commits[6c928baf-cc3b-4a10-9362-ff4e15dca71d:c3530]
2019-08-10 04:38:20,244 INFO  client.GrpcClientProtocolClient (GrpcClientProtocolClient.java:onNext(255)) - client-71F61C017E1E->6c928baf-cc3b-4a10-9362-ff4e15dca71d: receive RaftClientReply:client-71F61C017E1E->6c928baf-cc3b-4a10-9362-ff4e15dca71d@group-586430B97ADD, cid=2448, SUCCESS, logIndex=3529, commits[6c928baf-cc3b-4a10-9362-ff4e15dca71d:c3530]
2019-08-10 04:38:20,270 DEBUG block.SCMBlockDeletingService (SCMBlockDeletingService.java:call(138)) - Running DeletedBlockTransactionScanner
2019-08-10 04:38:20,270 DEBUG block.SCMBlockDeletingService (SCMBlockDeletingService.java:call(155)) - Scanned deleted blocks log and got 0 delTX to process.
2019-08-10 04:38:20,274 INFO  client.GrpcClientProtocolClient (GrpcClientProtocolClient.java:onNext(255)) - client-71F61C017E1E->6c928baf-cc3b-4a10-9362-ff4e15dca71d: receive RaftClientReply:client-71F61C017E1E->6c928baf-cc3b-4a10-9362-ff4e15dca71d@group-586430B97ADD, cid=2449, SUCCESS, logIndex=3532, commits[6c928baf-cc3b-4a10-9362-ff4e15dca71d:c3533]
2019-08-10 04:38:20,275 INFO  client.GrpcClientProtocolClient (GrpcClientProtocolClient.java:onNext(255)) - client-71F61C017E1E->6c928baf-cc3b-4a10-9362-ff4e15dca71d: receive RaftClientReply:client-71F61C017E1E->6c928baf-cc3b-4a10-9362-ff4e15dca71d@group-586430B97ADD, cid=2450, SUCCESS, logIndex=3533, commits[6c928baf-cc3b-4a10-9362-ff4e15dca71d:c3535]
2019-08-10 04:38:20,275 INFO  client.GrpcClientProtocolClient (GrpcClientProtocolClient.java:onNext(255)) - client-71F61C017E1E->6c928baf-cc3b-4a10-9362-ff4e15dca71d: receive RaftClientReply:client-71F61C017E1E->6c928baf-cc3b-4a10-9362-ff4e15dca71d@group-586430B97ADD, cid=2451, SUCCESS, logIndex=3534, commits[6c928baf-cc3b-4a10-9362-ff4e15dca71d:c3536]
2019-08-10 04:38:20,275 INFO  client.GrpcClientProtocolClient (GrpcClientProtocolClient.java:onNext(255)) - client-71F61C017E1E->6c928baf-cc3b-4a10-9362-ff4e15dca71d: receive RaftClientReply:client-71F61C017E1E->6c928baf-cc3b-4a10-9362-ff4e15dca71d@group-586430B97ADD, cid=2452, SUCCESS, logIndex=3535, commits[6c928baf-cc3b-4a10-9362-ff4e15dca71d:c3536]
2019-08-10 04:38:20,295 INFO  client.GrpcClientProtocolClient (GrpcClientProtocolClient.java:onNext(255)) - client-71F61C017E1E->6c928baf-cc3b-4a10-9362-ff4e15dca71d: receive RaftClientReply:client-71F61C017E1E->6c928baf-cc3b-4a10-9362-ff4e15dca71d@group-586430B97ADD, cid=2453, SUCCESS, logIndex=3538, commits[6c928baf-cc3b-4a10-9362-ff4e15dca71d:c3539]
2019-08-10 04:38:20,296 INFO  client.GrpcClientProtocolClient (GrpcClientProtocolClient.java:onNext(255)) - client-71F61C017E1E->6c928baf-cc3b-4a10-9362-ff4e15dca71d: receive RaftClientReply:client-71F61C017E1E->6c928baf-cc3b-4a10-9362-ff4e15dca71d@group-586430B97ADD, cid=2454, SUCCESS, logIndex=3539, commits[6c928baf-cc3b-4a10-9362-ff4e15dca71d:c3541]
2019-08-10 04:38:20,296 INFO  client.GrpcClientProtocolClient (GrpcClientProtocolClient.java:onNext(255)) - client-71F61C017E1E->6c928baf-cc3b-4a10-9362-ff4e15dca71d: receive RaftClientReply:client-71F61C017E1E->6c928baf-cc3b-4a10-9362-ff4e15dca71d@group-586430B97ADD, cid=2455, SUCCESS, logIndex=3540, commits[6c928baf-cc3b-4a10-9362-ff4e15dca71d:c3542]
2019-08-10 04:38:20,296 INFO  client.GrpcClientProtocolClient (GrpcClientProtocolClient.java:onNext(255)) - client-71F61C017E1E->6c928baf-cc3b-4a10-9362-ff4e15dca71d: receive RaftClientReply:client-71F61C017E1E->6c928baf-cc3b-4a10-9362-ff4e15dca71d@group-586430B97ADD, cid=2456, SUCCESS, logIndex=3541, commits[6c928baf-cc3b-4a10-9362-ff4e15dca71d:c3542]
2019-08-10 04:38:20,377 DEBUG block.SCMBlockDeletingService (SCMBlockDeletingService.java:call(138)) - Running DeletedBlockTransactionScanner
2019-08-10 04:38:20,378 DEBUG block.SCMBlockDeletingService (SCMBlockDeletingService.java:call(155)) - Scanned deleted blocks log and got 0 delTX to process.
2019-08-10 04:38:20,405 INFO  client.GrpcClientProtocolClient (GrpcClientProtocolClient.java:onNext(255)) - client-71F61C017E1E->6c928baf-cc3b-4a10-9362-ff4e15dca71d: receive RaftClientReply:client-71F61C017E1E->6c928baf-cc3b-4a10-9362-ff4e15dca71d@group-586430B97ADD, cid=2457, SUCCESS, logIndex=3544, commits[6c928baf-cc3b-4a10-9362-ff4e15dca71d:c3545]
2019-08-10 04:38:20,406 INFO  client.GrpcClientProtocolClient (GrpcClientProtocolClient.java:onNext(255)) - client-71F61C017E1E->6c928baf-cc3b-4a10-9362-ff4e15dca71d: receive RaftClientReply:client-71F61C017E1E->6c928baf-cc3b-4a10-9362-ff4e15dca71d@group-586430B97ADD, cid=2458, SUCCESS, logIndex=3545, commits[6c928baf-cc3b-4a10-9362-ff4e15dca71d:c3547]
2019-08-10 04:38:20,407 INFO  client.GrpcClientProtocolClient (GrpcClientProtocolClient.java:onNext(255)) - client-71F61C017E1E->6c928baf-cc3b-4a10-9362-ff4e15dca71d: receive RaftClientReply:client-71F61C017E1E->6c928baf-cc3b-4a10-9362-ff4e15dca71d@group-586430B97ADD, cid=2459, SUCCESS, logIndex=3546, commits[6c928baf-cc3b-4a10-9362-ff4e15dca71d:c3548]
2019-08-10 04:38:20,407 INFO  client.GrpcClientProtocolClient (GrpcClientProtocolClient.java:onNext(255)) - client-71F61C017E1E->6c928baf-cc3b-4a10-9362-ff4e15dca71d: receive RaftClientReply:client-71F61C017E1E->6c928baf-cc3b-4a10-9362-ff4e15dca71d@group-586430B97ADD, cid=2460, SUCCESS, logIndex=3547, commits[6c928baf-cc3b-4a10-9362-ff4e15dca71d:c3549]
2019-08-10 04:38:20,428 INFO  client.GrpcClientProtocolClient (GrpcClientProtocolClient.java:onNext(255)) - client-71F61C017E1E->6c928baf-cc3b-4a10-9362-ff4e15dca71d: receive RaftClientReply:client-71F61C017E1E->6c928baf-cc3b-4a10-9362-ff4e15dca71d@group-586430B97ADD, cid=2461, SUCCESS, logIndex=3550, commits[6c928baf-cc3b-4a10-9362-ff4e15dca71d:c3551]
2019-08-10 04:38:20,428 INFO  client.GrpcClientProtocolClient (GrpcClientProtocolClient.java:onNext(255)) - client-71F61C017E1E->6c928baf-cc3b-4a10-9362-ff4e15dca71d: receive RaftClientReply:client-71F61C017E1E->6c928baf-cc3b-4a10-9362-ff4e15dca71d@group-586430B97ADD, cid=2462, SUCCESS, logIndex=3551, commits[6c928baf-cc3b-4a10-9362-ff4e15dca71d:c3553]
2019-08-10 04:38:20,429 INFO  client.GrpcClientProtocolClient (GrpcClientProtocolClient.java:onNext(255)) - client-71F61C017E1E->6c928baf-cc3b-4a10-9362-ff4e15dca71d: receive RaftClientReply:client-71F61C017E1E->6c928baf-cc3b-4a10-9362-ff4e15dca71d@group-586430B97ADD, cid=2463, SUCCESS, logIndex=3552, commits[6c928baf-cc3b-4a10-9362-ff4e15dca71d:c3554]
2019-08-10 04:38:20,429 INFO  client.GrpcClientProtocolClient (GrpcClientProtocolClient.java:onNext(255)) - client-71F61C017E1E->6c928baf-cc3b-4a10-9362-ff4e15dca71d: receive RaftClientReply:client-71F61C017E1E->6c928baf-cc3b-4a10-9362-ff4e15dca71d@group-586430B97ADD, cid=2464, SUCCESS, logIndex=3553, commits[6c928baf-cc3b-4a10-9362-ff4e15dca71d:c3554]
2019-08-10 04:38:20,458 INFO  client.GrpcClientProtocolClient (GrpcClientProtocolClient.java:onNext(255)) - client-71F61C017E1E->6c928baf-cc3b-4a10-9362-ff4e15dca71d: receive RaftClientReply:client-71F61C017E1E->6c928baf-cc3b-4a10-9362-ff4e15dca71d@group-586430B97ADD, cid=2465, SUCCESS, logIndex=3556, commits[6c928baf-cc3b-4a10-9362-ff4e15dca71d:c3557]
2019-08-10 04:38:20,458 INFO  client.GrpcClientProtocolClient (GrpcClientProtocolClient.java:onNext(255)) - client-71F61C017E1E->6c928baf-cc3b-4a10-9362-ff4e15dca71d: receive RaftClientReply:client-71F61C017E1E->6c928baf-cc3b-4a10-9362-ff4e15dca71d@group-586430B97ADD, cid=2466, SUCCESS, logIndex=3557, commits[6c928baf-cc3b-4a10-9362-ff4e15dca71d:c3559]
2019-08-10 04:38:20,459 INFO  client.GrpcClientProtocolClient (GrpcClientProtocolClient.java:onNext(255)) - client-71F61C017E1E->6c928baf-cc3b-4a10-9362-ff4e15dca71d: receive RaftClientReply:client-71F61C017E1E->6c928baf-cc3b-4a10-9362-ff4e15dca71d@group-586430B97ADD, cid=2467, SUCCESS, logIndex=3558, commits[6c928baf-cc3b-4a10-9362-ff4e15dca71d:c3560]
2019-08-10 04:38:20,459 INFO  client.GrpcClientProtocolClient (GrpcClientProtocolClient.java:onNext(255)) - client-71F61C017E1E->6c928baf-cc3b-4a10-9362-ff4e15dca71d: receive RaftClientReply:client-71F61C017E1E->6c928baf-cc3b-4a10-9362-ff4e15dca71d@group-586430B97ADD, cid=2468, SUCCESS, logIndex=3559, commits[6c928baf-cc3b-4a10-9362-ff4e15dca71d:c3560]
2019-08-10 04:38:20,478 DEBUG block.SCMBlockDeletingService (SCMBlockDeletingService.java:call(138)) - Running DeletedBlockTransactionScanner
2019-08-10 04:38:20,478 DEBUG block.SCMBlockDeletingService (SCMBlockDeletingService.java:call(155)) - Scanned deleted blocks log and got 0 delTX to process.
2019-08-10 04:38:20,489 INFO  client.GrpcClientProtocolClient (GrpcClientProtocolClient.java:onNext(255)) - client-71F61C017E1E->6c928baf-cc3b-4a10-9362-ff4e15dca71d: receive RaftClientReply:client-71F61C017E1E->6c928baf-cc3b-4a10-9362-ff4e15dca71d@group-586430B97ADD, cid=2469, SUCCESS, logIndex=3562, commits[6c928baf-cc3b-4a10-9362-ff4e15dca71d:c3563]
2019-08-10 04:38:20,489 INFO  client.GrpcClientProtocolClient (GrpcClientProtocolClient.java:onNext(255)) - client-71F61C017E1E->6c928baf-cc3b-4a10-9362-ff4e15dca71d: receive RaftClientReply:client-71F61C017E1E->6c928baf-cc3b-4a10-9362-ff4e15dca71d@group-586430B97ADD, cid=2470, SUCCESS, logIndex=3563, commits[6c928baf-cc3b-4a10-9362-ff4e15dca71d:c3565]
2019-08-10 04:38:20,489 INFO  client.GrpcClientProtocolClient (GrpcClientProtocolClient.java:onNext(255)) - client-71F61C017E1E->6c928baf-cc3b-4a10-9362-ff4e15dca71d: receive RaftClientReply:client-71F61C017E1E->6c928baf-cc3b-4a10-9362-ff4e15dca71d@group-586430B97ADD, cid=2471, SUCCESS, logIndex=3564, commits[6c928baf-cc3b-4a10-9362-ff4e15dca71d:c3566]
2019-08-10 04:38:20,490 INFO  client.GrpcClientProtocolClient (GrpcClientProtocolClient.java:onNext(255)) - client-71F61C017E1E->6c928baf-cc3b-4a10-9362-ff4e15dca71d: receive RaftClientReply:client-71F61C017E1E->6c928baf-cc3b-4a10-9362-ff4e15dca71d@group-586430B97ADD, cid=2472, SUCCESS, logIndex=3565, commits[6c928baf-cc3b-4a10-9362-ff4e15dca71d:c3567]
2019-08-10 04:38:20,519 INFO  client.GrpcClientProtocolClient (GrpcClientProtocolClient.java:onNext(255)) - client-71F61C017E1E->6c928baf-cc3b-4a10-9362-ff4e15dca71d: receive RaftClientReply:client-71F61C017E1E->6c928baf-cc3b-4a10-9362-ff4e15dca71d@group-586430B97ADD, cid=2473, SUCCESS, logIndex=3568, commits[6c928baf-cc3b-4a10-9362-ff4e15dca71d:c3569]
2019-08-10 04:38:20,519 INFO  client.GrpcClientProtocolClient (GrpcClientProtocolClient.java:onNext(255)) - client-71F61C017E1E->6c928baf-cc3b-4a10-9362-ff4e15dca71d: receive RaftClientReply:client-71F61C017E1E->6c928baf-cc3b-4a10-9362-ff4e15dca71d@group-586430B97ADD, cid=2474, SUCCESS, logIndex=3569, commits[6c928baf-cc3b-4a10-9362-ff4e15dca71d:c3570]
2019-08-10 04:38:20,579 DEBUG block.SCMBlockDeletingService (SCMBlockDeletingService.java:call(138)) - Running DeletedBlockTransactionScanner
2019-08-10 04:38:20,579 DEBUG block.SCMBlockDeletingService (SCMBlockDeletingService.java:call(155)) - Scanned deleted blocks log and got 0 delTX to process.
2019-08-10 04:38:20,624 INFO  client.GrpcClientProtocolClient (GrpcClientProtocolClient.java:onNext(255)) - client-71F61C017E1E->6c928baf-cc3b-4a10-9362-ff4e15dca71d: receive RaftClientReply:client-71F61C017E1E->6c928baf-cc3b-4a10-9362-ff4e15dca71d@group-586430B97ADD, cid=2475, SUCCESS, logIndex=3571, commits[6c928baf-cc3b-4a10-9362-ff4e15dca71d:c3572]
2019-08-10 04:38:20,624 INFO  client.GrpcClientProtocolClient (GrpcClientProtocolClient.java:onNext(255)) - client-71F61C017E1E->6c928baf-cc3b-4a10-9362-ff4e15dca71d: receive RaftClientReply:client-71F61C017E1E->6c928baf-cc3b-4a10-9362-ff4e15dca71d@group-586430B97ADD, cid=2476, SUCCESS, logIndex=3572, commits[6c928baf-cc3b-4a10-9362-ff4e15dca71d:c3573]
2019-08-10 04:38:20,643 INFO  client.GrpcClientProtocolClient (GrpcClientProtocolClient.java:onNext(255)) - client-71F61C017E1E->6c928baf-cc3b-4a10-9362-ff4e15dca71d: receive RaftClientReply:client-71F61C017E1E->6c928baf-cc3b-4a10-9362-ff4e15dca71d@group-586430B97ADD, cid=2477, SUCCESS, logIndex=3574, commits[6c928baf-cc3b-4a10-9362-ff4e15dca71d:c3575]
2019-08-10 04:38:20,643 INFO  client.GrpcClientProtocolClient (GrpcClientProtocolClient.java:onNext(255)) - client-71F61C017E1E->6c928baf-cc3b-4a10-9362-ff4e15dca71d: receive RaftClientReply:client-71F61C017E1E->6c928baf-cc3b-4a10-9362-ff4e15dca71d@group-586430B97ADD, cid=2478, SUCCESS, logIndex=3575, commits[6c928baf-cc3b-4a10-9362-ff4e15dca71d:c3577]
2019-08-10 04:38:20,644 INFO  client.GrpcClientProtocolClient (GrpcClientProtocolClient.java:onNext(255)) - client-71F61C017E1E->6c928baf-cc3b-4a10-9362-ff4e15dca71d: receive RaftClientReply:client-71F61C017E1E->6c928baf-cc3b-4a10-9362-ff4e15dca71d@group-586430B97ADD, cid=2479, SUCCESS, logIndex=3576, commits[6c928baf-cc3b-4a10-9362-ff4e15dca71d:c3578]
2019-08-10 04:38:20,644 INFO  client.GrpcClientProtocolClient (GrpcClientProtocolClient.java:onNext(255)) - client-71F61C017E1E->6c928baf-cc3b-4a10-9362-ff4e15dca71d: receive RaftClientReply:client-71F61C017E1E->6c928baf-cc3b-4a10-9362-ff4e15dca71d@group-586430B97ADD, cid=2480, SUCCESS, logIndex=3577, commits[6c928baf-cc3b-4a10-9362-ff4e15dca71d:c3579]
2019-08-10 04:38:20,674 INFO  client.GrpcClientProtocolClient (GrpcClientProtocolClient.java:onNext(255)) - client-71F61C017E1E->6c928baf-cc3b-4a10-9362-ff4e15dca71d: receive RaftClientReply:client-71F61C017E1E->6c928baf-cc3b-4a10-9362-ff4e15dca71d@group-586430B97ADD, cid=2481, SUCCESS, logIndex=3580, commits[6c928baf-cc3b-4a10-9362-ff4e15dca71d:c3583]
2019-08-10 04:38:20,674 INFO  client.GrpcClientProtocolClient (GrpcClientProtocolClient.java:onNext(255)) - client-71F61C017E1E->6c928baf-cc3b-4a10-9362-ff4e15dca71d: receive RaftClientReply:client-71F61C017E1E->6c928baf-cc3b-4a10-9362-ff4e15dca71d@group-586430B97ADD, cid=2482, SUCCESS, logIndex=3581, commits[6c928baf-cc3b-4a10-9362-ff4e15dca71d:c3584]
2019-08-10 04:38:20,675 INFO  client.GrpcClientProtocolClient (GrpcClientProtocolClient.java:onNext(255)) - client-71F61C017E1E->6c928baf-cc3b-4a10-9362-ff4e15dca71d: receive RaftClientReply:client-71F61C017E1E->6c928baf-cc3b-4a10-9362-ff4e15dca71d@group-586430B97ADD, cid=2483, SUCCESS, logIndex=3582, commits[6c928baf-cc3b-4a10-9362-ff4e15dca71d:c3584]
2019-08-10 04:38:20,675 INFO  client.GrpcClientProtocolClient (GrpcClientProtocolClient.java:onNext(255)) - client-71F61C017E1E->6c928baf-cc3b-4a10-9362-ff4e15dca71d: receive RaftClientReply:client-71F61C017E1E->6c928baf-cc3b-4a10-9362-ff4e15dca71d@group-586430B97ADD, cid=2484, SUCCESS, logIndex=3583, commits[6c928baf-cc3b-4a10-9362-ff4e15dca71d:c3584]
2019-08-10 04:38:20,679 DEBUG block.SCMBlockDeletingService (SCMBlockDeletingService.java:call(138)) - Running DeletedBlockTransactionScanner
2019-08-10 04:38:20,680 DEBUG block.SCMBlockDeletingService (SCMBlockDeletingService.java:call(155)) - Scanned deleted blocks log and got 0 delTX to process.
2019-08-10 04:38:20,694 INFO  client.GrpcClientProtocolClient (GrpcClientProtocolClient.java:onNext(255)) - client-71F61C017E1E->6c928baf-cc3b-4a10-9362-ff4e15dca71d: receive RaftClientReply:client-71F61C017E1E->6c928baf-cc3b-4a10-9362-ff4e15dca71d@group-586430B97ADD, cid=2485, SUCCESS, logIndex=3585, commits[6c928baf-cc3b-4a10-9362-ff4e15dca71d:c3586]
2019-08-10 04:38:20,695 INFO  client.GrpcClientProtocolClient (GrpcClientProtocolClient.java:onNext(255)) - client-71F61C017E1E->6c928baf-cc3b-4a10-9362-ff4e15dca71d: receive RaftClientReply:client-71F61C017E1E->6c928baf-cc3b-4a10-9362-ff4e15dca71d@group-586430B97ADD, cid=2486, SUCCESS, logIndex=3586, commits[6c928baf-cc3b-4a10-9362-ff4e15dca71d:c3586]
2019-08-10 04:38:20,695 INFO  client.GrpcClientProtocolClient (GrpcClientProtocolClient.java:onNext(255)) - client-71F61C017E1E->6c928baf-cc3b-4a10-9362-ff4e15dca71d: receive RaftClientReply:client-71F61C017E1E->6c928baf-cc3b-4a10-9362-ff4e15dca71d@group-586430B97ADD, cid=2487, SUCCESS, logIndex=3587, commits[6c928baf-cc3b-4a10-9362-ff4e15dca71d:c3588]
2019-08-10 04:38:20,695 INFO  client.GrpcClientProtocolClient (GrpcClientProtocolClient.java:onNext(255)) - client-71F61C017E1E->6c928baf-cc3b-4a10-9362-ff4e15dca71d: receive RaftClientReply:client-71F61C017E1E->6c928baf-cc3b-4a10-9362-ff4e15dca71d@group-586430B97ADD, cid=2488, SUCCESS, logIndex=3588, commits[6c928baf-cc3b-4a10-9362-ff4e15dca71d:c3589]
2019-08-10 04:38:20,731 INFO  client.GrpcClientProtocolClient (GrpcClientProtocolClient.java:onNext(255)) - client-71F61C017E1E->6c928baf-cc3b-4a10-9362-ff4e15dca71d: receive RaftClientReply:client-71F61C017E1E->6c928baf-cc3b-4a10-9362-ff4e15dca71d@group-586430B97ADD, cid=2489, SUCCESS, logIndex=3591, commits[6c928baf-cc3b-4a10-9362-ff4e15dca71d:c3592]
2019-08-10 04:38:20,732 INFO  client.GrpcClientProtocolClient (GrpcClientProtocolClient.java:onNext(255)) - client-71F61C017E1E->6c928baf-cc3b-4a10-9362-ff4e15dca71d: receive RaftClientReply:client-71F61C017E1E->6c928baf-cc3b-4a10-9362-ff4e15dca71d@group-586430B97ADD, cid=2490, SUCCESS, logIndex=3592, commits[6c928baf-cc3b-4a10-9362-ff4e15dca71d:c3594]
2019-08-10 04:38:20,732 INFO  client.GrpcClientProtocolClient (GrpcClientProtocolClient.java:onNext(255)) - client-71F61C017E1E->6c928baf-cc3b-4a10-9362-ff4e15dca71d: receive RaftClientReply:client-71F61C017E1E->6c928baf-cc3b-4a10-9362-ff4e15dca71d@group-586430B97ADD, cid=2491, SUCCESS, logIndex=3593, commits[6c928baf-cc3b-4a10-9362-ff4e15dca71d:c3595]
2019-08-10 04:38:20,733 INFO  client.GrpcClientProtocolClient (GrpcClientProtocolClient.java:onNext(255)) - client-71F61C017E1E->6c928baf-cc3b-4a10-9362-ff4e15dca71d: receive RaftClientReply:client-71F61C017E1E->6c928baf-cc3b-4a10-9362-ff4e15dca71d@group-586430B97ADD, cid=2492, SUCCESS, logIndex=3594, commits[6c928baf-cc3b-4a10-9362-ff4e15dca71d:c3595]
2019-08-10 04:38:20,748 INFO  client.GrpcClientProtocolClient (GrpcClientProtocolClient.java:onNext(255)) - client-71F61C017E1E->6c928baf-cc3b-4a10-9362-ff4e15dca71d: receive RaftClientReply:client-71F61C017E1E->6c928baf-cc3b-4a10-9362-ff4e15dca71d@group-586430B97ADD, cid=2493, SUCCESS, logIndex=3597, commits[6c928baf-cc3b-4a10-9362-ff4e15dca71d:c3598]
2019-08-10 04:38:20,748 INFO  client.GrpcClientProtocolClient (GrpcClientProtocolClient.java:onNext(255)) - client-71F61C017E1E->6c928baf-cc3b-4a10-9362-ff4e15dca71d: receive RaftClientReply:client-71F61C017E1E->6c928baf-cc3b-4a10-9362-ff4e15dca71d@group-586430B97ADD, cid=2494, SUCCESS, logIndex=3598, commits[6c928baf-cc3b-4a10-9362-ff4e15dca71d:c3600]
2019-08-10 04:38:20,749 INFO  client.GrpcClientProtocolClient (GrpcClientProtocolClient.java:onNext(255)) - client-71F61C017E1E->6c928baf-cc3b-4a10-9362-ff4e15dca71d: receive RaftClientReply:client-71F61C017E1E->6c928baf-cc3b-4a10-9362-ff4e15dca71d@group-586430B97ADD, cid=2495, SUCCESS, logIndex=3599, commits[6c928baf-cc3b-4a10-9362-ff4e15dca71d:c3601]
2019-08-10 04:38:20,749 INFO  client.GrpcClientProtocolClient (GrpcClientProtocolClient.java:onNext(255)) - client-71F61C017E1E->6c928baf-cc3b-4a10-9362-ff4e15dca71d: receive RaftClientReply:client-71F61C017E1E->6c928baf-cc3b-4a10-9362-ff4e15dca71d@group-586430B97ADD, cid=2496, SUCCESS, logIndex=3600, commits[6c928baf-cc3b-4a10-9362-ff4e15dca71d:c3601]
2019-08-10 04:38:20,779 INFO  client.GrpcClientProtocolClient (GrpcClientProtocolClient.java:onNext(255)) - client-71F61C017E1E->6c928baf-cc3b-4a10-9362-ff4e15dca71d: receive RaftClientReply:client-71F61C017E1E->6c928baf-cc3b-4a10-9362-ff4e15dca71d@group-586430B97ADD, cid=2497, SUCCESS, logIndex=3603, commits[6c928baf-cc3b-4a10-9362-ff4e15dca71d:c3604]
2019-08-10 04:38:20,779 INFO  client.GrpcClientProtocolClient (GrpcClientProtocolClient.java:onNext(255)) - client-71F61C017E1E->6c928baf-cc3b-4a10-9362-ff4e15dca71d: receive RaftClientReply:client-71F61C017E1E->6c928baf-cc3b-4a10-9362-ff4e15dca71d@group-586430B97ADD, cid=2498, SUCCESS, logIndex=3604, commits[6c928baf-cc3b-4a10-9362-ff4e15dca71d:c3604]
2019-08-10 04:38:20,780 DEBUG block.SCMBlockDeletingService (SCMBlockDeletingService.java:call(138)) - Running DeletedBlockTransactionScanner
2019-08-10 04:38:20,780 DEBUG block.SCMBlockDeletingService (SCMBlockDeletingService.java:call(155)) - Scanned deleted blocks log and got 0 delTX to process.
2019-08-10 04:38:20,782 INFO  client.GrpcClientProtocolClient (GrpcClientProtocolClient.java:onNext(255)) - client-71F61C017E1E->6c928baf-cc3b-4a10-9362-ff4e15dca71d: receive RaftClientReply:client-71F61C017E1E->6c928baf-cc3b-4a10-9362-ff4e15dca71d@group-586430B97ADD, cid=2499, SUCCESS, logIndex=3605, commits[6c928baf-cc3b-4a10-9362-ff4e15dca71d:c3607]
2019-08-10 04:38:20,782 INFO  client.GrpcClientProtocolClient (GrpcClientProtocolClient.java:onNext(255)) - client-71F61C017E1E->6c928baf-cc3b-4a10-9362-ff4e15dca71d: receive RaftClientReply:client-71F61C017E1E->6c928baf-cc3b-4a10-9362-ff4e15dca71d@group-586430B97ADD, cid=2500, SUCCESS, logIndex=3606, commits[6c928baf-cc3b-4a10-9362-ff4e15dca71d:c3607]
2019-08-10 04:38:20,805 INFO  client.GrpcClientProtocolClient (GrpcClientProtocolClient.java:onNext(255)) - client-71F61C017E1E->6c928baf-cc3b-4a10-9362-ff4e15dca71d: receive RaftClientReply:client-71F61C017E1E->6c928baf-cc3b-4a10-9362-ff4e15dca71d@group-586430B97ADD, cid=2501, SUCCESS, logIndex=3608, commits[6c928baf-cc3b-4a10-9362-ff4e15dca71d:c3611]
2019-08-10 04:38:20,806 INFO  client.GrpcClientProtocolClient (GrpcClientProtocolClient.java:onNext(255)) - client-71F61C017E1E->6c928baf-cc3b-4a10-9362-ff4e15dca71d: receive RaftClientReply:client-71F61C017E1E->6c928baf-cc3b-4a10-9362-ff4e15dca71d@group-586430B97ADD, cid=2502, SUCCESS, logIndex=3609, commits[6c928baf-cc3b-4a10-9362-ff4e15dca71d:c3612]
2019-08-10 04:38:20,806 INFO  client.GrpcClientProtocolClient (GrpcClientProtocolClient.java:onNext(255)) - client-71F61C017E1E->6c928baf-cc3b-4a10-9362-ff4e15dca71d: receive RaftClientReply:client-71F61C017E1E->6c928baf-cc3b-4a10-9362-ff4e15dca71d@group-586430B97ADD, cid=2503, SUCCESS, logIndex=3610, commits[6c928baf-cc3b-4a10-9362-ff4e15dca71d:c3612]
2019-08-10 04:38:20,807 INFO  client.GrpcClientProtocolClient (GrpcClientProtocolClient.java:onNext(255)) - client-71F61C017E1E->6c928baf-cc3b-4a10-9362-ff4e15dca71d: receive RaftClientReply:client-71F61C017E1E->6c928baf-cc3b-4a10-9362-ff4e15dca71d@group-586430B97ADD, cid=2504, SUCCESS, logIndex=3611, commits[6c928baf-cc3b-4a10-9362-ff4e15dca71d:c3612]
2019-08-10 04:38:20,836 INFO  client.GrpcClientProtocolClient (GrpcClientProtocolClient.java:onNext(255)) - client-71F61C017E1E->6c928baf-cc3b-4a10-9362-ff4e15dca71d: receive RaftClientReply:client-71F61C017E1E->6c928baf-cc3b-4a10-9362-ff4e15dca71d@group-586430B97ADD, cid=2505, SUCCESS, logIndex=3613, commits[6c928baf-cc3b-4a10-9362-ff4e15dca71d:c3614]
2019-08-10 04:38:20,837 INFO  client.GrpcClientProtocolClient (GrpcClientProtocolClient.java:onNext(255)) - client-71F61C017E1E->6c928baf-cc3b-4a10-9362-ff4e15dca71d: receive RaftClientReply:client-71F61C017E1E->6c928baf-cc3b-4a10-9362-ff4e15dca71d@group-586430B97ADD, cid=2506, SUCCESS, logIndex=3614, commits[6c928baf-cc3b-4a10-9362-ff4e15dca71d:c3616]
2019-08-10 04:38:20,837 INFO  client.GrpcClientProtocolClient (GrpcClientProtocolClient.java:onNext(255)) - client-71F61C017E1E->6c928baf-cc3b-4a10-9362-ff4e15dca71d: receive RaftClientReply:client-71F61C017E1E->6c928baf-cc3b-4a10-9362-ff4e15dca71d@group-586430B97ADD, cid=2507, SUCCESS, logIndex=3615, commits[6c928baf-cc3b-4a10-9362-ff4e15dca71d:c3617]
2019-08-10 04:38:20,838 INFO  client.GrpcClientProtocolClient (GrpcClientProtocolClient.java:onNext(255)) - client-71F61C017E1E->6c928baf-cc3b-4a10-9362-ff4e15dca71d: receive RaftClientReply:client-71F61C017E1E->6c928baf-cc3b-4a10-9362-ff4e15dca71d@group-586430B97ADD, cid=2508, SUCCESS, logIndex=3616, commits[6c928baf-cc3b-4a10-9362-ff4e15dca71d:c3617]
2019-08-10 04:38:20,858 INFO  client.GrpcClientProtocolClient (GrpcClientProtocolClient.java:onNext(255)) - client-71F61C017E1E->6c928baf-cc3b-4a10-9362-ff4e15dca71d: receive RaftClientReply:client-71F61C017E1E->6c928baf-cc3b-4a10-9362-ff4e15dca71d@group-586430B97ADD, cid=2509, SUCCESS, logIndex=3619, commits[6c928baf-cc3b-4a10-9362-ff4e15dca71d:c3620]
2019-08-10 04:38:20,858 INFO  client.GrpcClientProtocolClient (GrpcClientProtocolClient.java:onNext(255)) - client-71F61C017E1E->6c928baf-cc3b-4a10-9362-ff4e15dca71d: receive RaftClientReply:client-71F61C017E1E->6c928baf-cc3b-4a10-9362-ff4e15dca71d@group-586430B97ADD, cid=2510, SUCCESS, logIndex=3620, commits[6c928baf-cc3b-4a10-9362-ff4e15dca71d:c3622]
2019-08-10 04:38:20,859 INFO  client.GrpcClientProtocolClient (GrpcClientProtocolClient.java:onNext(255)) - client-71F61C017E1E->6c928baf-cc3b-4a10-9362-ff4e15dca71d: receive RaftClientReply:client-71F61C017E1E->6c928baf-cc3b-4a10-9362-ff4e15dca71d@group-586430B97ADD, cid=2511, SUCCESS, logIndex=3621, commits[6c928baf-cc3b-4a10-9362-ff4e15dca71d:c3622]
2019-08-10 04:38:20,859 INFO  client.GrpcClientProtocolClient (GrpcClientProtocolClient.java:onNext(255)) - client-71F61C017E1E->6c928baf-cc3b-4a10-9362-ff4e15dca71d: receive RaftClientReply:client-71F61C017E1E->6c928baf-cc3b-4a10-9362-ff4e15dca71d@group-586430B97ADD, cid=2512, SUCCESS, logIndex=3622, commits[6c928baf-cc3b-4a10-9362-ff4e15dca71d:c3623]
2019-08-10 04:38:20,881 DEBUG block.SCMBlockDeletingService (SCMBlockDeletingService.java:call(138)) - Running DeletedBlockTransactionScanner
2019-08-10 04:38:20,881 DEBUG block.SCMBlockDeletingService (SCMBlockDeletingService.java:call(155)) - Scanned deleted blocks log and got 0 delTX to process.
2019-08-10 04:38:20,889 INFO  client.GrpcClientProtocolClient (GrpcClientProtocolClient.java:onNext(255)) - client-71F61C017E1E->6c928baf-cc3b-4a10-9362-ff4e15dca71d: receive RaftClientReply:client-71F61C017E1E->6c928baf-cc3b-4a10-9362-ff4e15dca71d@group-586430B97ADD, cid=2513, SUCCESS, logIndex=3625, commits[6c928baf-cc3b-4a10-9362-ff4e15dca71d:c3626]
2019-08-10 04:38:20,890 INFO  client.GrpcClientProtocolClient (GrpcClientProtocolClient.java:onNext(255)) - client-71F61C017E1E->6c928baf-cc3b-4a10-9362-ff4e15dca71d: receive RaftClientReply:client-71F61C017E1E->6c928baf-cc3b-4a10-9362-ff4e15dca71d@group-586430B97ADD, cid=2514, SUCCESS, logIndex=3626, commits[6c928baf-cc3b-4a10-9362-ff4e15dca71d:c3628]
2019-08-10 04:38:20,890 INFO  client.GrpcClientProtocolClient (GrpcClientProtocolClient.java:onNext(255)) - client-71F61C017E1E->6c928baf-cc3b-4a10-9362-ff4e15dca71d: receive RaftClientReply:client-71F61C017E1E->6c928baf-cc3b-4a10-9362-ff4e15dca71d@group-586430B97ADD, cid=2515, SUCCESS, logIndex=3627, commits[6c928baf-cc3b-4a10-9362-ff4e15dca71d:c3629]
2019-08-10 04:38:20,891 INFO  client.GrpcClientProtocolClient (GrpcClientProtocolClient.java:onNext(255)) - client-71F61C017E1E->6c928baf-cc3b-4a10-9362-ff4e15dca71d: receive RaftClientReply:client-71F61C017E1E->6c928baf-cc3b-4a10-9362-ff4e15dca71d@group-586430B97ADD, cid=2516, SUCCESS, logIndex=3628, commits[6c928baf-cc3b-4a10-9362-ff4e15dca71d:c3629]
2019-08-10 04:38:20,911 INFO  client.GrpcClientProtocolClient (GrpcClientProtocolClient.java:onNext(255)) - client-71F61C017E1E->6c928baf-cc3b-4a10-9362-ff4e15dca71d: receive RaftClientReply:client-71F61C017E1E->6c928baf-cc3b-4a10-9362-ff4e15dca71d@group-586430B97ADD, cid=2517, SUCCESS, logIndex=3631, commits[6c928baf-cc3b-4a10-9362-ff4e15dca71d:c3632]
2019-08-10 04:38:20,911 INFO  client.GrpcClientProtocolClient (GrpcClientProtocolClient.java:onNext(255)) - client-71F61C017E1E->6c928baf-cc3b-4a10-9362-ff4e15dca71d: receive RaftClientReply:client-71F61C017E1E->6c928baf-cc3b-4a10-9362-ff4e15dca71d@group-586430B97ADD, cid=2518, SUCCESS, logIndex=3632, commits[6c928baf-cc3b-4a10-9362-ff4e15dca71d:c3633]
2019-08-10 04:38:20,981 DEBUG block.SCMBlockDeletingService (SCMBlockDeletingService.java:call(138)) - Running DeletedBlockTransactionScanner
2019-08-10 04:38:20,981 DEBUG block.SCMBlockDeletingService (SCMBlockDeletingService.java:call(155)) - Scanned deleted blocks log and got 0 delTX to process.
2019-08-10 04:38:21,042 INFO  client.GrpcClientProtocolClient (GrpcClientProtocolClient.java:onNext(255)) - client-71F61C017E1E->6c928baf-cc3b-4a10-9362-ff4e15dca71d: receive RaftClientReply:client-71F61C017E1E->6c928baf-cc3b-4a10-9362-ff4e15dca71d@group-586430B97ADD, cid=2519, SUCCESS, logIndex=3634, commits[6c928baf-cc3b-4a10-9362-ff4e15dca71d:c3635]
2019-08-10 04:38:21,043 INFO  client.GrpcClientProtocolClient (GrpcClientProtocolClient.java:onNext(255)) - client-71F61C017E1E->6c928baf-cc3b-4a10-9362-ff4e15dca71d: receive RaftClientReply:client-71F61C017E1E->6c928baf-cc3b-4a10-9362-ff4e15dca71d@group-586430B97ADD, cid=2520, SUCCESS, logIndex=3635, commits[6c928baf-cc3b-4a10-9362-ff4e15dca71d:c3635]
2019-08-10 04:38:21,070 INFO  client.GrpcClientProtocolClient (GrpcClientProtocolClient.java:onNext(255)) - client-71F61C017E1E->6c928baf-cc3b-4a10-9362-ff4e15dca71d: receive RaftClientReply:client-71F61C017E1E->6c928baf-cc3b-4a10-9362-ff4e15dca71d@group-586430B97ADD, cid=2521, SUCCESS, logIndex=3637, commits[6c928baf-cc3b-4a10-9362-ff4e15dca71d:c3638]
2019-08-10 04:38:21,071 INFO  client.GrpcClientProtocolClient (GrpcClientProtocolClient.java:onNext(255)) - client-71F61C017E1E->6c928baf-cc3b-4a10-9362-ff4e15dca71d: receive RaftClientReply:client-71F61C017E1E->6c928baf-cc3b-4a10-9362-ff4e15dca71d@group-586430B97ADD, cid=2522, SUCCESS, logIndex=3638, commits[6c928baf-cc3b-4a10-9362-ff4e15dca71d:c3640]
2019-08-10 04:38:21,071 INFO  client.GrpcClientProtocolClient (GrpcClientProtocolClient.java:onNext(255)) - client-71F61C017E1E->6c928baf-cc3b-4a10-9362-ff4e15dca71d: receive RaftClientReply:client-71F61C017E1E->6c928baf-cc3b-4a10-9362-ff4e15dca71d@group-586430B97ADD, cid=2523, SUCCESS, logIndex=3639, commits[6c928baf-cc3b-4a10-9362-ff4e15dca71d:c3640]
2019-08-10 04:38:21,072 INFO  client.GrpcClientProtocolClient (GrpcClientProtocolClient.java:onNext(255)) - client-71F61C017E1E->6c928baf-cc3b-4a10-9362-ff4e15dca71d: receive RaftClientReply:client-71F61C017E1E->6c928baf-cc3b-4a10-9362-ff4e15dca71d@group-586430B97ADD, cid=2524, SUCCESS, logIndex=3640, commits[6c928baf-cc3b-4a10-9362-ff4e15dca71d:c3641]
2019-08-10 04:38:21,082 DEBUG block.SCMBlockDeletingService (SCMBlockDeletingService.java:call(138)) - Running DeletedBlockTransactionScanner
2019-08-10 04:38:21,082 DEBUG block.SCMBlockDeletingService (SCMBlockDeletingService.java:call(155)) - Scanned deleted blocks log and got 0 delTX to process.
2019-08-10 04:38:21,091 INFO  client.GrpcClientProtocolClient (GrpcClientProtocolClient.java:onNext(255)) - client-71F61C017E1E->6c928baf-cc3b-4a10-9362-ff4e15dca71d: receive RaftClientReply:client-71F61C017E1E->6c928baf-cc3b-4a10-9362-ff4e15dca71d@group-586430B97ADD, cid=2525, SUCCESS, logIndex=3643, commits[6c928baf-cc3b-4a10-9362-ff4e15dca71d:c3644]
2019-08-10 04:38:21,091 INFO  client.GrpcClientProtocolClient (GrpcClientProtocolClient.java:onNext(255)) - client-71F61C017E1E->6c928baf-cc3b-4a10-9362-ff4e15dca71d: receive RaftClientReply:client-71F61C017E1E->6c928baf-cc3b-4a10-9362-ff4e15dca71d@group-586430B97ADD, cid=2526, SUCCESS, logIndex=3644, commits[6c928baf-cc3b-4a10-9362-ff4e15dca71d:c3644]
2019-08-10 04:38:21,091 INFO  client.GrpcClientProtocolClient (GrpcClientProtocolClient.java:onNext(255)) - client-71F61C017E1E->6c928baf-cc3b-4a10-9362-ff4e15dca71d: receive RaftClientReply:client-71F61C017E1E->6c928baf-cc3b-4a10-9362-ff4e15dca71d@group-586430B97ADD, cid=2527, SUCCESS, logIndex=3645, commits[6c928baf-cc3b-4a10-9362-ff4e15dca71d:c3646]
2019-08-10 04:38:21,092 INFO  client.GrpcClientProtocolClient (GrpcClientProtocolClient.java:onNext(255)) - client-71F61C017E1E->6c928baf-cc3b-4a10-9362-ff4e15dca71d: receive RaftClientReply:client-71F61C017E1E->6c928baf-cc3b-4a10-9362-ff4e15dca71d@group-586430B97ADD, cid=2528, SUCCESS, logIndex=3646, commits[6c928baf-cc3b-4a10-9362-ff4e15dca71d:c3647]
2019-08-10 04:38:21,122 INFO  client.GrpcClientProtocolClient (GrpcClientProtocolClient.java:onNext(255)) - client-71F61C017E1E->6c928baf-cc3b-4a10-9362-ff4e15dca71d: receive RaftClientReply:client-71F61C017E1E->6c928baf-cc3b-4a10-9362-ff4e15dca71d@group-586430B97ADD, cid=2529, SUCCESS, logIndex=3649, commits[6c928baf-cc3b-4a10-9362-ff4e15dca71d:c3652]
2019-08-10 04:38:21,123 INFO  client.GrpcClientProtocolClient (GrpcClientProtocolClient.java:onNext(255)) - client-71F61C017E1E->6c928baf-cc3b-4a10-9362-ff4e15dca71d: receive RaftClientReply:client-71F61C017E1E->6c928baf-cc3b-4a10-9362-ff4e15dca71d@group-586430B97ADD, cid=2530, SUCCESS, logIndex=3650, commits[6c928baf-cc3b-4a10-9362-ff4e15dca71d:c3653]
2019-08-10 04:38:21,124 INFO  client.GrpcClientProtocolClient (GrpcClientProtocolClient.java:onNext(255)) - client-71F61C017E1E->6c928baf-cc3b-4a10-9362-ff4e15dca71d: receive RaftClientReply:client-71F61C017E1E->6c928baf-cc3b-4a10-9362-ff4e15dca71d@group-586430B97ADD, cid=2531, SUCCESS, logIndex=3651, commits[6c928baf-cc3b-4a10-9362-ff4e15dca71d:c3653]
2019-08-10 04:38:21,124 INFO  client.GrpcClientProtocolClient (GrpcClientProtocolClient.java:onNext(255)) - client-71F61C017E1E->6c928baf-cc3b-4a10-9362-ff4e15dca71d: receive RaftClientReply:client-71F61C017E1E->6c928baf-cc3b-4a10-9362-ff4e15dca71d@group-586430B97ADD, cid=2532, SUCCESS, logIndex=3652, commits[6c928baf-cc3b-4a10-9362-ff4e15dca71d:c3653]
2019-08-10 04:38:21,145 INFO  client.GrpcClientProtocolClient (GrpcClientProtocolClient.java:onNext(255)) - client-71F61C017E1E->6c928baf-cc3b-4a10-9362-ff4e15dca71d: receive RaftClientReply:client-71F61C017E1E->6c928baf-cc3b-4a10-9362-ff4e15dca71d@group-586430B97ADD, cid=2533, SUCCESS, logIndex=3654, commits[6c928baf-cc3b-4a10-9362-ff4e15dca71d:c3655]
2019-08-10 04:38:21,145 INFO  client.GrpcClientProtocolClient (GrpcClientProtocolClient.java:onNext(255)) - client-71F61C017E1E->6c928baf-cc3b-4a10-9362-ff4e15dca71d: receive RaftClientReply:client-71F61C017E1E->6c928baf-cc3b-4a10-9362-ff4e15dca71d@group-586430B97ADD, cid=2534, SUCCESS, logIndex=3655, commits[6c928baf-cc3b-4a10-9362-ff4e15dca71d:c3655]
2019-08-10 04:38:21,146 INFO  client.GrpcClientProtocolClient (GrpcClientProtocolClient.java:onNext(255)) - client-71F61C017E1E->6c928baf-cc3b-4a10-9362-ff4e15dca71d: receive RaftClientReply:client-71F61C017E1E->6c928baf-cc3b-4a10-9362-ff4e15dca71d@group-586430B97ADD, cid=2535, SUCCESS, logIndex=3656, commits[6c928baf-cc3b-4a10-9362-ff4e15dca71d:c3657]
2019-08-10 04:38:21,146 INFO  client.GrpcClientProtocolClient (GrpcClientProtocolClient.java:onNext(255)) - client-71F61C017E1E->6c928baf-cc3b-4a10-9362-ff4e15dca71d: receive RaftClientReply:client-71F61C017E1E->6c928baf-cc3b-4a10-9362-ff4e15dca71d@group-586430B97ADD, cid=2536, SUCCESS, logIndex=3657, commits[6c928baf-cc3b-4a10-9362-ff4e15dca71d:c3658]
2019-08-10 04:38:21,177 INFO  client.GrpcClientProtocolClient (GrpcClientProtocolClient.java:onNext(255)) - client-71F61C017E1E->6c928baf-cc3b-4a10-9362-ff4e15dca71d: receive RaftClientReply:client-71F61C017E1E->6c928baf-cc3b-4a10-9362-ff4e15dca71d@group-586430B97ADD, cid=2537, SUCCESS, logIndex=3660, commits[6c928baf-cc3b-4a10-9362-ff4e15dca71d:c3661]
2019-08-10 04:38:21,177 INFO  client.GrpcClientProtocolClient (GrpcClientProtocolClient.java:onNext(255)) - client-71F61C017E1E->6c928baf-cc3b-4a10-9362-ff4e15dca71d: receive RaftClientReply:client-71F61C017E1E->6c928baf-cc3b-4a10-9362-ff4e15dca71d@group-586430B97ADD, cid=2538, SUCCESS, logIndex=3661, commits[6c928baf-cc3b-4a10-9362-ff4e15dca71d:c3663]
2019-08-10 04:38:21,178 INFO  client.GrpcClientProtocolClient (GrpcClientProtocolClient.java:onNext(255)) - client-71F61C017E1E->6c928baf-cc3b-4a10-9362-ff4e15dca71d: receive RaftClientReply:client-71F61C017E1E->6c928baf-cc3b-4a10-9362-ff4e15dca71d@group-586430B97ADD, cid=2539, SUCCESS, logIndex=3662, commits[6c928baf-cc3b-4a10-9362-ff4e15dca71d:c3664]
2019-08-10 04:38:21,178 INFO  client.GrpcClientProtocolClient (GrpcClientProtocolClient.java:onNext(255)) - client-71F61C017E1E->6c928baf-cc3b-4a10-9362-ff4e15dca71d: receive RaftClientReply:client-71F61C017E1E->6c928baf-cc3b-4a10-9362-ff4e15dca71d@group-586430B97ADD, cid=2540, SUCCESS, logIndex=3663, commits[6c928baf-cc3b-4a10-9362-ff4e15dca71d:c3665]
2019-08-10 04:38:21,182 DEBUG block.SCMBlockDeletingService (SCMBlockDeletingService.java:call(138)) - Running DeletedBlockTransactionScanner
2019-08-10 04:38:21,183 DEBUG block.SCMBlockDeletingService (SCMBlockDeletingService.java:call(155)) - Scanned deleted blocks log and got 0 delTX to process.
2019-08-10 04:38:21,198 INFO  client.GrpcClientProtocolClient (GrpcClientProtocolClient.java:onNext(255)) - client-71F61C017E1E->6c928baf-cc3b-4a10-9362-ff4e15dca71d: receive RaftClientReply:client-71F61C017E1E->6c928baf-cc3b-4a10-9362-ff4e15dca71d@group-586430B97ADD, cid=2541, SUCCESS, logIndex=3666, commits[6c928baf-cc3b-4a10-9362-ff4e15dca71d:c3667]
2019-08-10 04:38:21,199 INFO  client.GrpcClientProtocolClient (GrpcClientProtocolClient.java:onNext(255)) - client-71F61C017E1E->6c928baf-cc3b-4a10-9362-ff4e15dca71d: receive RaftClientReply:client-71F61C017E1E->6c928baf-cc3b-4a10-9362-ff4e15dca71d@group-586430B97ADD, cid=2542, SUCCESS, logIndex=3667, commits[6c928baf-cc3b-4a10-9362-ff4e15dca71d:c3669]
2019-08-10 04:38:21,199 INFO  client.GrpcClientProtocolClient (GrpcClientProtocolClient.java:onNext(255)) - client-71F61C017E1E->6c928baf-cc3b-4a10-9362-ff4e15dca71d: receive RaftClientReply:client-71F61C017E1E->6c928baf-cc3b-4a10-9362-ff4e15dca71d@group-586430B97ADD, cid=2543, SUCCESS, logIndex=3668, commits[6c928baf-cc3b-4a10-9362-ff4e15dca71d:c3669]
2019-08-10 04:38:21,200 INFO  client.GrpcClientProtocolClient (GrpcClientProtocolClient.java:onNext(255)) - client-71F61C017E1E->6c928baf-cc3b-4a10-9362-ff4e15dca71d: receive RaftClientReply:client-71F61C017E1E->6c928baf-cc3b-4a10-9362-ff4e15dca71d@group-586430B97ADD, cid=2544, SUCCESS, logIndex=3669, commits[6c928baf-cc3b-4a10-9362-ff4e15dca71d:c3670]
2019-08-10 04:38:21,229 INFO  client.GrpcClientProtocolClient (GrpcClientProtocolClient.java:onNext(255)) - client-71F61C017E1E->6c928baf-cc3b-4a10-9362-ff4e15dca71d: receive RaftClientReply:client-71F61C017E1E->6c928baf-cc3b-4a10-9362-ff4e15dca71d@group-586430B97ADD, cid=2545, SUCCESS, logIndex=3672, commits[6c928baf-cc3b-4a10-9362-ff4e15dca71d:c3673]
2019-08-10 04:38:21,229 INFO  client.GrpcClientProtocolClient (GrpcClientProtocolClient.java:onNext(255)) - client-71F61C017E1E->6c928baf-cc3b-4a10-9362-ff4e15dca71d: receive RaftClientReply:client-71F61C017E1E->6c928baf-cc3b-4a10-9362-ff4e15dca71d@group-586430B97ADD, cid=2546, SUCCESS, logIndex=3673, commits[6c928baf-cc3b-4a10-9362-ff4e15dca71d:c3675]
2019-08-10 04:38:21,230 INFO  client.GrpcClientProtocolClient (GrpcClientProtocolClient.java:onNext(255)) - client-71F61C017E1E->6c928baf-cc3b-4a10-9362-ff4e15dca71d: receive RaftClientReply:client-71F61C017E1E->6c928baf-cc3b-4a10-9362-ff4e15dca71d@group-586430B97ADD, cid=2547, SUCCESS, logIndex=3674, commits[6c928baf-cc3b-4a10-9362-ff4e15dca71d:c3676]
2019-08-10 04:38:21,230 INFO  client.GrpcClientProtocolClient (GrpcClientProtocolClient.java:onNext(255)) - client-71F61C017E1E->6c928baf-cc3b-4a10-9362-ff4e15dca71d: receive RaftClientReply:client-71F61C017E1E->6c928baf-cc3b-4a10-9362-ff4e15dca71d@group-586430B97ADD, cid=2548, SUCCESS, logIndex=3675, commits[6c928baf-cc3b-4a10-9362-ff4e15dca71d:c3677]
2019-08-10 04:38:21,250 INFO  client.GrpcClientProtocolClient (GrpcClientProtocolClient.java:onNext(255)) - client-71F61C017E1E->6c928baf-cc3b-4a10-9362-ff4e15dca71d: receive RaftClientReply:client-71F61C017E1E->6c928baf-cc3b-4a10-9362-ff4e15dca71d@group-586430B97ADD, cid=2549, SUCCESS, logIndex=3678, commits[6c928baf-cc3b-4a10-9362-ff4e15dca71d:c3679]
2019-08-10 04:38:21,250 INFO  client.GrpcClientProtocolClient (GrpcClientProtocolClient.java:onNext(255)) - client-71F61C017E1E->6c928baf-cc3b-4a10-9362-ff4e15dca71d: receive RaftClientReply:client-71F61C017E1E->6c928baf-cc3b-4a10-9362-ff4e15dca71d@group-586430B97ADD, cid=2550, SUCCESS, logIndex=3679, commits[6c928baf-cc3b-4a10-9362-ff4e15dca71d:c3681]
2019-08-10 04:38:21,251 INFO  client.GrpcClientProtocolClient (GrpcClientProtocolClient.java:onNext(255)) - client-71F61C017E1E->6c928baf-cc3b-4a10-9362-ff4e15dca71d: receive RaftClientReply:client-71F61C017E1E->6c928baf-cc3b-4a10-9362-ff4e15dca71d@group-586430B97ADD, cid=2551, SUCCESS, logIndex=3680, commits[6c928baf-cc3b-4a10-9362-ff4e15dca71d:c3681]
2019-08-10 04:38:21,251 INFO  client.GrpcClientProtocolClient (GrpcClientProtocolClient.java:onNext(255)) - client-71F61C017E1E->6c928baf-cc3b-4a10-9362-ff4e15dca71d: receive RaftClientReply:client-71F61C017E1E->6c928baf-cc3b-4a10-9362-ff4e15dca71d@group-586430B97ADD, cid=2552, SUCCESS, logIndex=3681, commits[6c928baf-cc3b-4a10-9362-ff4e15dca71d:c3682]
2019-08-10 04:38:21,283 DEBUG block.SCMBlockDeletingService (SCMBlockDeletingService.java:call(138)) - Running DeletedBlockTransactionScanner
2019-08-10 04:38:21,283 DEBUG block.SCMBlockDeletingService (SCMBlockDeletingService.java:call(155)) - Scanned deleted blocks log and got 0 delTX to process.
2019-08-10 04:38:21,296 INFO  client.GrpcClientProtocolClient (GrpcClientProtocolClient.java:onNext(255)) - client-71F61C017E1E->6c928baf-cc3b-4a10-9362-ff4e15dca71d: receive RaftClientReply:client-71F61C017E1E->6c928baf-cc3b-4a10-9362-ff4e15dca71d@group-586430B97ADD, cid=2553, SUCCESS, logIndex=3684, commits[6c928baf-cc3b-4a10-9362-ff4e15dca71d:c3685]
2019-08-10 04:38:21,297 INFO  client.GrpcClientProtocolClient (GrpcClientProtocolClient.java:onNext(255)) - client-71F61C017E1E->6c928baf-cc3b-4a10-9362-ff4e15dca71d: receive RaftClientReply:client-71F61C017E1E->6c928baf-cc3b-4a10-9362-ff4e15dca71d@group-586430B97ADD, cid=2554, SUCCESS, logIndex=3685, commits[6c928baf-cc3b-4a10-9362-ff4e15dca71d:c3687]
2019-08-10 04:38:21,298 INFO  client.GrpcClientProtocolClient (GrpcClientProtocolClient.java:onNext(255)) - client-71F61C017E1E->6c928baf-cc3b-4a10-9362-ff4e15dca71d: receive RaftClientReply:client-71F61C017E1E->6c928baf-cc3b-4a10-9362-ff4e15dca71d@group-586430B97ADD, cid=2555, SUCCESS, logIndex=3686, commits[6c928baf-cc3b-4a10-9362-ff4e15dca71d:c3688]
2019-08-10 04:38:21,298 INFO  client.GrpcClientProtocolClient (GrpcClientProtocolClient.java:onNext(255)) - client-71F61C017E1E->6c928baf-cc3b-4a10-9362-ff4e15dca71d: receive RaftClientReply:client-71F61C017E1E->6c928baf-cc3b-4a10-9362-ff4e15dca71d@group-586430B97ADD, cid=2556, SUCCESS, logIndex=3687, commits[6c928baf-cc3b-4a10-9362-ff4e15dca71d:c3688]
2019-08-10 04:38:21,318 INFO  client.GrpcClientProtocolClient (GrpcClientProtocolClient.java:onNext(255)) - client-71F61C017E1E->6c928baf-cc3b-4a10-9362-ff4e15dca71d: receive RaftClientReply:client-71F61C017E1E->6c928baf-cc3b-4a10-9362-ff4e15dca71d@group-586430B97ADD, cid=2557, SUCCESS, logIndex=3690, commits[6c928baf-cc3b-4a10-9362-ff4e15dca71d:c3691]
2019-08-10 04:38:21,320 INFO  client.GrpcClientProtocolClient (GrpcClientProtocolClient.java:onNext(255)) - client-71F61C017E1E->6c928baf-cc3b-4a10-9362-ff4e15dca71d: receive RaftClientReply:client-71F61C017E1E->6c928baf-cc3b-4a10-9362-ff4e15dca71d@group-586430B97ADD, cid=2558, SUCCESS, logIndex=3691, commits[6c928baf-cc3b-4a10-9362-ff4e15dca71d:c3691]
2019-08-10 04:38:21,321 INFO  client.GrpcClientProtocolClient (GrpcClientProtocolClient.java:onNext(255)) - client-71F61C017E1E->6c928baf-cc3b-4a10-9362-ff4e15dca71d: receive RaftClientReply:client-71F61C017E1E->6c928baf-cc3b-4a10-9362-ff4e15dca71d@group-586430B97ADD, cid=2559, SUCCESS, logIndex=3692, commits[6c928baf-cc3b-4a10-9362-ff4e15dca71d:c3694]
2019-08-10 04:38:21,322 INFO  client.GrpcClientProtocolClient (GrpcClientProtocolClient.java:onNext(255)) - client-71F61C017E1E->6c928baf-cc3b-4a10-9362-ff4e15dca71d: receive RaftClientReply:client-71F61C017E1E->6c928baf-cc3b-4a10-9362-ff4e15dca71d@group-586430B97ADD, cid=2560, SUCCESS, logIndex=3693, commits[6c928baf-cc3b-4a10-9362-ff4e15dca71d:c3694]
2019-08-10 04:38:21,415 DEBUG block.SCMBlockDeletingService (SCMBlockDeletingService.java:call(138)) - Running DeletedBlockTransactionScanner
2019-08-10 04:38:21,415 DEBUG block.SCMBlockDeletingService (SCMBlockDeletingService.java:call(155)) - Scanned deleted blocks log and got 0 delTX to process.
2019-08-10 04:38:21,435 INFO  client.GrpcClientProtocolClient (GrpcClientProtocolClient.java:onNext(255)) - client-71F61C017E1E->6c928baf-cc3b-4a10-9362-ff4e15dca71d: receive RaftClientReply:client-71F61C017E1E->6c928baf-cc3b-4a10-9362-ff4e15dca71d@group-586430B97ADD, cid=2561, SUCCESS, logIndex=3695, commits[6c928baf-cc3b-4a10-9362-ff4e15dca71d:c3696]
2019-08-10 04:38:21,436 INFO  client.GrpcClientProtocolClient (GrpcClientProtocolClient.java:onNext(255)) - client-71F61C017E1E->6c928baf-cc3b-4a10-9362-ff4e15dca71d: receive RaftClientReply:client-71F61C017E1E->6c928baf-cc3b-4a10-9362-ff4e15dca71d@group-586430B97ADD, cid=2562, SUCCESS, logIndex=3696, commits[6c928baf-cc3b-4a10-9362-ff4e15dca71d:c3698]
2019-08-10 04:38:21,436 INFO  client.GrpcClientProtocolClient (GrpcClientProtocolClient.java:onNext(255)) - client-71F61C017E1E->6c928baf-cc3b-4a10-9362-ff4e15dca71d: receive RaftClientReply:client-71F61C017E1E->6c928baf-cc3b-4a10-9362-ff4e15dca71d@group-586430B97ADD, cid=2563, SUCCESS, logIndex=3697, commits[6c928baf-cc3b-4a10-9362-ff4e15dca71d:c3699]
2019-08-10 04:38:21,436 INFO  client.GrpcClientProtocolClient (GrpcClientProtocolClient.java:onNext(255)) - client-71F61C017E1E->6c928baf-cc3b-4a10-9362-ff4e15dca71d: receive RaftClientReply:client-71F61C017E1E->6c928baf-cc3b-4a10-9362-ff4e15dca71d@group-586430B97ADD, cid=2564, SUCCESS, logIndex=3698, commits[6c928baf-cc3b-4a10-9362-ff4e15dca71d:c3700]
2019-08-10 04:38:21,516 DEBUG block.SCMBlockDeletingService (SCMBlockDeletingService.java:call(138)) - Running DeletedBlockTransactionScanner
2019-08-10 04:38:21,516 DEBUG block.SCMBlockDeletingService (SCMBlockDeletingService.java:call(155)) - Scanned deleted blocks log and got 0 delTX to process.
2019-08-10 04:38:21,576 INFO  client.GrpcClientProtocolClient (GrpcClientProtocolClient.java:onNext(255)) - client-71F61C017E1E->6c928baf-cc3b-4a10-9362-ff4e15dca71d: receive RaftClientReply:client-71F61C017E1E->6c928baf-cc3b-4a10-9362-ff4e15dca71d@group-586430B97ADD, cid=2565, SUCCESS, logIndex=3701, commits[6c928baf-cc3b-4a10-9362-ff4e15dca71d:c3704]
2019-08-10 04:38:21,577 INFO  client.GrpcClientProtocolClient (GrpcClientProtocolClient.java:onNext(255)) - client-71F61C017E1E->6c928baf-cc3b-4a10-9362-ff4e15dca71d: receive RaftClientReply:client-71F61C017E1E->6c928baf-cc3b-4a10-9362-ff4e15dca71d@group-586430B97ADD, cid=2566, SUCCESS, logIndex=3702, commits[6c928baf-cc3b-4a10-9362-ff4e15dca71d:c3705]
2019-08-10 04:38:21,577 INFO  client.GrpcClientProtocolClient (GrpcClientProtocolClient.java:onNext(255)) - client-71F61C017E1E->6c928baf-cc3b-4a10-9362-ff4e15dca71d: receive RaftClientReply:client-71F61C017E1E->6c928baf-cc3b-4a10-9362-ff4e15dca71d@group-586430B97ADD, cid=2567, SUCCESS, logIndex=3703, commits[6c928baf-cc3b-4a10-9362-ff4e15dca71d:c3705]
2019-08-10 04:38:21,578 INFO  client.GrpcClientProtocolClient (GrpcClientProtocolClient.java:onNext(255)) - client-71F61C017E1E->6c928baf-cc3b-4a10-9362-ff4e15dca71d: receive RaftClientReply:client-71F61C017E1E->6c928baf-cc3b-4a10-9362-ff4e15dca71d@group-586430B97ADD, cid=2568, SUCCESS, logIndex=3704, commits[6c928baf-cc3b-4a10-9362-ff4e15dca71d:c3705]
2019-08-10 04:38:21,606 INFO  client.GrpcClientProtocolClient (GrpcClientProtocolClient.java:onNext(255)) - client-71F61C017E1E->6c928baf-cc3b-4a10-9362-ff4e15dca71d: receive RaftClientReply:client-71F61C017E1E->6c928baf-cc3b-4a10-9362-ff4e15dca71d@group-586430B97ADD, cid=2569, SUCCESS, logIndex=3706, commits[6c928baf-cc3b-4a10-9362-ff4e15dca71d:c3707]
2019-08-10 04:38:21,607 INFO  client.GrpcClientProtocolClient (GrpcClientProtocolClient.java:onNext(255)) - client-71F61C017E1E->6c928baf-cc3b-4a10-9362-ff4e15dca71d: receive RaftClientReply:client-71F61C017E1E->6c928baf-cc3b-4a10-9362-ff4e15dca71d@group-586430B97ADD, cid=2570, SUCCESS, logIndex=3707, commits[6c928baf-cc3b-4a10-9362-ff4e15dca71d:c3709]
2019-08-10 04:38:21,607 INFO  client.GrpcClientProtocolClient (GrpcClientProtocolClient.java:onNext(255)) - client-71F61C017E1E->6c928baf-cc3b-4a10-9362-ff4e15dca71d: receive RaftClientReply:client-71F61C017E1E->6c928baf-cc3b-4a10-9362-ff4e15dca71d@group-586430B97ADD, cid=2571, SUCCESS, logIndex=3708, commits[6c928baf-cc3b-4a10-9362-ff4e15dca71d:c3710]
2019-08-10 04:38:21,608 INFO  client.GrpcClientProtocolClient (GrpcClientProtocolClient.java:onNext(255)) - client-71F61C017E1E->6c928baf-cc3b-4a10-9362-ff4e15dca71d: receive RaftClientReply:client-71F61C017E1E->6c928baf-cc3b-4a10-9362-ff4e15dca71d@group-586430B97ADD, cid=2572, SUCCESS, logIndex=3709, commits[6c928baf-cc3b-4a10-9362-ff4e15dca71d:c3710]
2019-08-10 04:38:21,616 DEBUG block.SCMBlockDeletingService (SCMBlockDeletingService.java:call(138)) - Running DeletedBlockTransactionScanner
2019-08-10 04:38:21,616 DEBUG block.SCMBlockDeletingService (SCMBlockDeletingService.java:call(155)) - Scanned deleted blocks log and got 0 delTX to process.
2019-08-10 04:38:21,627 INFO  client.GrpcClientProtocolClient (GrpcClientProtocolClient.java:onNext(255)) - client-71F61C017E1E->6c928baf-cc3b-4a10-9362-ff4e15dca71d: receive RaftClientReply:client-71F61C017E1E->6c928baf-cc3b-4a10-9362-ff4e15dca71d@group-586430B97ADD, cid=2573, SUCCESS, logIndex=3712, commits[6c928baf-cc3b-4a10-9362-ff4e15dca71d:c3713]
2019-08-10 04:38:21,627 INFO  client.GrpcClientProtocolClient (GrpcClientProtocolClient.java:onNext(255)) - client-71F61C017E1E->6c928baf-cc3b-4a10-9362-ff4e15dca71d: receive RaftClientReply:client-71F61C017E1E->6c928baf-cc3b-4a10-9362-ff4e15dca71d@group-586430B97ADD, cid=2574, SUCCESS, logIndex=3713, commits[6c928baf-cc3b-4a10-9362-ff4e15dca71d:c3715]
2019-08-10 04:38:21,628 INFO  client.GrpcClientProtocolClient (GrpcClientProtocolClient.java:onNext(255)) - client-71F61C017E1E->6c928baf-cc3b-4a10-9362-ff4e15dca71d: receive RaftClientReply:client-71F61C017E1E->6c928baf-cc3b-4a10-9362-ff4e15dca71d@group-586430B97ADD, cid=2575, SUCCESS, logIndex=3714, commits[6c928baf-cc3b-4a10-9362-ff4e15dca71d:c3715]
2019-08-10 04:38:21,628 INFO  client.GrpcClientProtocolClient (GrpcClientProtocolClient.java:onNext(255)) - client-71F61C017E1E->6c928baf-cc3b-4a10-9362-ff4e15dca71d: receive RaftClientReply:client-71F61C017E1E->6c928baf-cc3b-4a10-9362-ff4e15dca71d@group-586430B97ADD, cid=2576, SUCCESS, logIndex=3715, commits[6c928baf-cc3b-4a10-9362-ff4e15dca71d:c3716]
2019-08-10 04:38:21,657 INFO  client.GrpcClientProtocolClient (GrpcClientProtocolClient.java:onNext(255)) - client-71F61C017E1E->6c928baf-cc3b-4a10-9362-ff4e15dca71d: receive RaftClientReply:client-71F61C017E1E->6c928baf-cc3b-4a10-9362-ff4e15dca71d@group-586430B97ADD, cid=2577, SUCCESS, logIndex=3718, commits[6c928baf-cc3b-4a10-9362-ff4e15dca71d:c3719]
2019-08-10 04:38:21,657 INFO  client.GrpcClientProtocolClient (GrpcClientProtocolClient.java:onNext(255)) - client-71F61C017E1E->6c928baf-cc3b-4a10-9362-ff4e15dca71d: receive RaftClientReply:client-71F61C017E1E->6c928baf-cc3b-4a10-9362-ff4e15dca71d@group-586430B97ADD, cid=2578, SUCCESS, logIndex=3719, commits[6c928baf-cc3b-4a10-9362-ff4e15dca71d:c3721]
2019-08-10 04:38:21,658 INFO  client.GrpcClientProtocolClient (GrpcClientProtocolClient.java:onNext(255)) - client-71F61C017E1E->6c928baf-cc3b-4a10-9362-ff4e15dca71d: receive RaftClientReply:client-71F61C017E1E->6c928baf-cc3b-4a10-9362-ff4e15dca71d@group-586430B97ADD, cid=2579, SUCCESS, logIndex=3720, commits[6c928baf-cc3b-4a10-9362-ff4e15dca71d:c3721]
2019-08-10 04:38:21,658 INFO  client.GrpcClientProtocolClient (GrpcClientProtocolClient.java:onNext(255)) - client-71F61C017E1E->6c928baf-cc3b-4a10-9362-ff4e15dca71d: receive RaftClientReply:client-71F61C017E1E->6c928baf-cc3b-4a10-9362-ff4e15dca71d@group-586430B97ADD, cid=2580, SUCCESS, logIndex=3721, commits[6c928baf-cc3b-4a10-9362-ff4e15dca71d:c3722]
2019-08-10 04:38:21,678 INFO  client.GrpcClientProtocolClient (GrpcClientProtocolClient.java:onNext(255)) - client-71F61C017E1E->6c928baf-cc3b-4a10-9362-ff4e15dca71d: receive RaftClientReply:client-71F61C017E1E->6c928baf-cc3b-4a10-9362-ff4e15dca71d@group-586430B97ADD, cid=2581, SUCCESS, logIndex=3724, commits[6c928baf-cc3b-4a10-9362-ff4e15dca71d:c3725]
2019-08-10 04:38:21,678 INFO  client.GrpcClientProtocolClient (GrpcClientProtocolClient.java:onNext(255)) - client-71F61C017E1E->6c928baf-cc3b-4a10-9362-ff4e15dca71d: receive RaftClientReply:client-71F61C017E1E->6c928baf-cc3b-4a10-9362-ff4e15dca71d@group-586430B97ADD, cid=2582, SUCCESS, logIndex=3725, commits[6c928baf-cc3b-4a10-9362-ff4e15dca71d:c3728]
2019-08-10 04:38:21,679 INFO  client.GrpcClientProtocolClient (GrpcClientProtocolClient.java:onNext(255)) - client-71F61C017E1E->6c928baf-cc3b-4a10-9362-ff4e15dca71d: receive RaftClientReply:client-71F61C017E1E->6c928baf-cc3b-4a10-9362-ff4e15dca71d@group-586430B97ADD, cid=2583, SUCCESS, logIndex=3726, commits[6c928baf-cc3b-4a10-9362-ff4e15dca71d:c3728]
2019-08-10 04:38:21,679 INFO  client.GrpcClientProtocolClient (GrpcClientProtocolClient.java:onNext(255)) - client-71F61C017E1E->6c928baf-cc3b-4a10-9362-ff4e15dca71d: receive RaftClientReply:client-71F61C017E1E->6c928baf-cc3b-4a10-9362-ff4e15dca71d@group-586430B97ADD, cid=2584, SUCCESS, logIndex=3727, commits[6c928baf-cc3b-4a10-9362-ff4e15dca71d:c3729]
2019-08-10 04:38:21,707 INFO  client.GrpcClientProtocolClient (GrpcClientProtocolClient.java:onNext(255)) - client-71F61C017E1E->6c928baf-cc3b-4a10-9362-ff4e15dca71d: receive RaftClientReply:client-71F61C017E1E->6c928baf-cc3b-4a10-9362-ff4e15dca71d@group-586430B97ADD, cid=2585, SUCCESS, logIndex=3730, commits[6c928baf-cc3b-4a10-9362-ff4e15dca71d:c3731]
2019-08-10 04:38:21,708 INFO  client.GrpcClientProtocolClient (GrpcClientProtocolClient.java:onNext(255)) - client-71F61C017E1E->6c928baf-cc3b-4a10-9362-ff4e15dca71d: receive RaftClientReply:client-71F61C017E1E->6c928baf-cc3b-4a10-9362-ff4e15dca71d@group-586430B97ADD, cid=2586, SUCCESS, logIndex=3731, commits[6c928baf-cc3b-4a10-9362-ff4e15dca71d:c3733]
2019-08-10 04:38:21,708 INFO  client.GrpcClientProtocolClient (GrpcClientProtocolClient.java:onNext(255)) - client-71F61C017E1E->6c928baf-cc3b-4a10-9362-ff4e15dca71d: receive RaftClientReply:client-71F61C017E1E->6c928baf-cc3b-4a10-9362-ff4e15dca71d@group-586430B97ADD, cid=2587, SUCCESS, logIndex=3732, commits[6c928baf-cc3b-4a10-9362-ff4e15dca71d:c3734]
2019-08-10 04:38:21,709 INFO  client.GrpcClientProtocolClient (GrpcClientProtocolClient.java:onNext(255)) - client-71F61C017E1E->6c928baf-cc3b-4a10-9362-ff4e15dca71d: receive RaftClientReply:client-71F61C017E1E->6c928baf-cc3b-4a10-9362-ff4e15dca71d@group-586430B97ADD, cid=2588, SUCCESS, logIndex=3733, commits[6c928baf-cc3b-4a10-9362-ff4e15dca71d:c3735]
2019-08-10 04:38:21,717 DEBUG block.SCMBlockDeletingService (SCMBlockDeletingService.java:call(138)) - Running DeletedBlockTransactionScanner
2019-08-10 04:38:21,717 DEBUG block.SCMBlockDeletingService (SCMBlockDeletingService.java:call(155)) - Scanned deleted blocks log and got 0 delTX to process.
2019-08-10 04:38:21,729 INFO  client.GrpcClientProtocolClient (GrpcClientProtocolClient.java:onNext(255)) - client-71F61C017E1E->6c928baf-cc3b-4a10-9362-ff4e15dca71d: receive RaftClientReply:client-71F61C017E1E->6c928baf-cc3b-4a10-9362-ff4e15dca71d@group-586430B97ADD, cid=2589, SUCCESS, logIndex=3736, commits[6c928baf-cc3b-4a10-9362-ff4e15dca71d:c3737]
2019-08-10 04:38:21,729 INFO  client.GrpcClientProtocolClient (GrpcClientProtocolClient.java:onNext(255)) - client-71F61C017E1E->6c928baf-cc3b-4a10-9362-ff4e15dca71d: receive RaftClientReply:client-71F61C017E1E->6c928baf-cc3b-4a10-9362-ff4e15dca71d@group-586430B97ADD, cid=2590, SUCCESS, logIndex=3737, commits[6c928baf-cc3b-4a10-9362-ff4e15dca71d:c3739]
2019-08-10 04:38:21,730 INFO  client.GrpcClientProtocolClient (GrpcClientProtocolClient.java:onNext(255)) - client-71F61C017E1E->6c928baf-cc3b-4a10-9362-ff4e15dca71d: receive RaftClientReply:client-71F61C017E1E->6c928baf-cc3b-4a10-9362-ff4e15dca71d@group-586430B97ADD, cid=2591, SUCCESS, logIndex=3738, commits[6c928baf-cc3b-4a10-9362-ff4e15dca71d:c3740]
2019-08-10 04:38:21,730 INFO  client.GrpcClientProtocolClient (GrpcClientProtocolClient.java:onNext(255)) - client-71F61C017E1E->6c928baf-cc3b-4a10-9362-ff4e15dca71d: receive RaftClientReply:client-71F61C017E1E->6c928baf-cc3b-4a10-9362-ff4e15dca71d@group-586430B97ADD, cid=2592, SUCCESS, logIndex=3739, commits[6c928baf-cc3b-4a10-9362-ff4e15dca71d:c3740]
2019-08-10 04:38:21,763 INFO  client.GrpcClientProtocolClient (GrpcClientProtocolClient.java:onNext(255)) - client-71F61C017E1E->6c928baf-cc3b-4a10-9362-ff4e15dca71d: receive RaftClientReply:client-71F61C017E1E->6c928baf-cc3b-4a10-9362-ff4e15dca71d@group-586430B97ADD, cid=2593, SUCCESS, logIndex=3742, commits[6c928baf-cc3b-4a10-9362-ff4e15dca71d:c3745]
2019-08-10 04:38:21,763 INFO  client.GrpcClientProtocolClient (GrpcClientProtocolClient.java:onNext(255)) - client-71F61C017E1E->6c928baf-cc3b-4a10-9362-ff4e15dca71d: receive RaftClientReply:client-71F61C017E1E->6c928baf-cc3b-4a10-9362-ff4e15dca71d@group-586430B97ADD, cid=2594, SUCCESS, logIndex=3743, commits[6c928baf-cc3b-4a10-9362-ff4e15dca71d:c3746]
2019-08-10 04:38:21,764 INFO  client.GrpcClientProtocolClient (GrpcClientProtocolClient.java:onNext(255)) - client-71F61C017E1E->6c928baf-cc3b-4a10-9362-ff4e15dca71d: receive RaftClientReply:client-71F61C017E1E->6c928baf-cc3b-4a10-9362-ff4e15dca71d@group-586430B97ADD, cid=2595, SUCCESS, logIndex=3744, commits[6c928baf-cc3b-4a10-9362-ff4e15dca71d:c3746]
2019-08-10 04:38:21,764 INFO  client.GrpcClientProtocolClient (GrpcClientProtocolClient.java:onNext(255)) - client-71F61C017E1E->6c928baf-cc3b-4a10-9362-ff4e15dca71d: receive RaftClientReply:client-71F61C017E1E->6c928baf-cc3b-4a10-9362-ff4e15dca71d@group-586430B97ADD, cid=2596, SUCCESS, logIndex=3745, commits[6c928baf-cc3b-4a10-9362-ff4e15dca71d:c3746]
2019-08-10 04:38:21,784 INFO  client.GrpcClientProtocolClient (GrpcClientProtocolClient.java:onNext(255)) - client-71F61C017E1E->6c928baf-cc3b-4a10-9362-ff4e15dca71d: receive RaftClientReply:client-71F61C017E1E->6c928baf-cc3b-4a10-9362-ff4e15dca71d@group-586430B97ADD, cid=2597, SUCCESS, logIndex=3747, commits[6c928baf-cc3b-4a10-9362-ff4e15dca71d:c3748]
2019-08-10 04:38:21,785 INFO  client.GrpcClientProtocolClient (GrpcClientProtocolClient.java:onNext(255)) - client-71F61C017E1E->6c928baf-cc3b-4a10-9362-ff4e15dca71d: receive RaftClientReply:client-71F61C017E1E->6c928baf-cc3b-4a10-9362-ff4e15dca71d@group-586430B97ADD, cid=2598, SUCCESS, logIndex=3748, commits[6c928baf-cc3b-4a10-9362-ff4e15dca71d:c3750]
2019-08-10 04:38:21,785 INFO  client.GrpcClientProtocolClient (GrpcClientProtocolClient.java:onNext(255)) - client-71F61C017E1E->6c928baf-cc3b-4a10-9362-ff4e15dca71d: receive RaftClientReply:client-71F61C017E1E->6c928baf-cc3b-4a10-9362-ff4e15dca71d@group-586430B97ADD, cid=2599, SUCCESS, logIndex=3749, commits[6c928baf-cc3b-4a10-9362-ff4e15dca71d:c3751]
2019-08-10 04:38:21,786 INFO  client.GrpcClientProtocolClient (GrpcClientProtocolClient.java:onNext(255)) - client-71F61C017E1E->6c928baf-cc3b-4a10-9362-ff4e15dca71d: receive RaftClientReply:client-71F61C017E1E->6c928baf-cc3b-4a10-9362-ff4e15dca71d@group-586430B97ADD, cid=2600, SUCCESS, logIndex=3750, commits[6c928baf-cc3b-4a10-9362-ff4e15dca71d:c3751]
2019-08-10 04:38:21,816 INFO  client.GrpcClientProtocolClient (GrpcClientProtocolClient.java:onNext(255)) - client-71F61C017E1E->6c928baf-cc3b-4a10-9362-ff4e15dca71d: receive RaftClientReply:client-71F61C017E1E->6c928baf-cc3b-4a10-9362-ff4e15dca71d@group-586430B97ADD, cid=2601, SUCCESS, logIndex=3753, commits[6c928baf-cc3b-4a10-9362-ff4e15dca71d:c3754]
2019-08-10 04:38:21,817 INFO  client.GrpcClientProtocolClient (GrpcClientProtocolClient.java:onNext(255)) - client-71F61C017E1E->6c928baf-cc3b-4a10-9362-ff4e15dca71d: receive RaftClientReply:client-71F61C017E1E->6c928baf-cc3b-4a10-9362-ff4e15dca71d@group-586430B97ADD, cid=2602, SUCCESS, logIndex=3754, commits[6c928baf-cc3b-4a10-9362-ff4e15dca71d:c3756]
2019-08-10 04:38:21,817 INFO  client.GrpcClientProtocolClient (GrpcClientProtocolClient.java:onNext(255)) - client-71F61C017E1E->6c928baf-cc3b-4a10-9362-ff4e15dca71d: receive RaftClientReply:client-71F61C017E1E->6c928baf-cc3b-4a10-9362-ff4e15dca71d@group-586430B97ADD, cid=2603, SUCCESS, logIndex=3755, commits[6c928baf-cc3b-4a10-9362-ff4e15dca71d:c3757]
2019-08-10 04:38:21,817 DEBUG block.SCMBlockDeletingService (SCMBlockDeletingService.java:call(138)) - Running DeletedBlockTransactionScanner
2019-08-10 04:38:21,817 INFO  client.GrpcClientProtocolClient (GrpcClientProtocolClient.java:onNext(255)) - client-71F61C017E1E->6c928baf-cc3b-4a10-9362-ff4e15dca71d: receive RaftClientReply:client-71F61C017E1E->6c928baf-cc3b-4a10-9362-ff4e15dca71d@group-586430B97ADD, cid=2604, SUCCESS, logIndex=3756, commits[6c928baf-cc3b-4a10-9362-ff4e15dca71d:c3757]
2019-08-10 04:38:21,818 DEBUG block.SCMBlockDeletingService (SCMBlockDeletingService.java:call(155)) - Scanned deleted blocks log and got 0 delTX to process.
2019-08-10 04:38:21,843 INFO  client.GrpcClientProtocolClient (GrpcClientProtocolClient.java:onNext(255)) - client-71F61C017E1E->6c928baf-cc3b-4a10-9362-ff4e15dca71d: receive RaftClientReply:client-71F61C017E1E->6c928baf-cc3b-4a10-9362-ff4e15dca71d@group-586430B97ADD, cid=2605, SUCCESS, logIndex=3759, commits[6c928baf-cc3b-4a10-9362-ff4e15dca71d:c3760]
2019-08-10 04:38:21,844 INFO  client.GrpcClientProtocolClient (GrpcClientProtocolClient.java:onNext(255)) - client-71F61C017E1E->6c928baf-cc3b-4a10-9362-ff4e15dca71d: receive RaftClientReply:client-71F61C017E1E->6c928baf-cc3b-4a10-9362-ff4e15dca71d@group-586430B97ADD, cid=2606, SUCCESS, logIndex=3760, commits[6c928baf-cc3b-4a10-9362-ff4e15dca71d:c3762]
2019-08-10 04:38:21,844 INFO  client.GrpcClientProtocolClient (GrpcClientProtocolClient.java:onNext(255)) - client-71F61C017E1E->6c928baf-cc3b-4a10-9362-ff4e15dca71d: receive RaftClientReply:client-71F61C017E1E->6c928baf-cc3b-4a10-9362-ff4e15dca71d@group-586430B97ADD, cid=2607, SUCCESS, logIndex=3761, commits[6c928baf-cc3b-4a10-9362-ff4e15dca71d:c3762]
2019-08-10 04:38:21,845 INFO  client.GrpcClientProtocolClient (GrpcClientProtocolClient.java:onNext(255)) - client-71F61C017E1E->6c928baf-cc3b-4a10-9362-ff4e15dca71d: receive RaftClientReply:client-71F61C017E1E->6c928baf-cc3b-4a10-9362-ff4e15dca71d@group-586430B97ADD, cid=2608, SUCCESS, logIndex=3762, commits[6c928baf-cc3b-4a10-9362-ff4e15dca71d:c3763]
2019-08-10 04:38:21,918 DEBUG block.SCMBlockDeletingService (SCMBlockDeletingService.java:call(138)) - Running DeletedBlockTransactionScanner
2019-08-10 04:38:21,919 DEBUG block.SCMBlockDeletingService (SCMBlockDeletingService.java:call(155)) - Scanned deleted blocks log and got 0 delTX to process.
2019-08-10 04:38:21,986 INFO  client.GrpcClientProtocolClient (GrpcClientProtocolClient.java:onNext(255)) - client-71F61C017E1E->6c928baf-cc3b-4a10-9362-ff4e15dca71d: receive RaftClientReply:client-71F61C017E1E->6c928baf-cc3b-4a10-9362-ff4e15dca71d@group-586430B97ADD, cid=2609, SUCCESS, logIndex=3765, commits[6c928baf-cc3b-4a10-9362-ff4e15dca71d:c3768]
2019-08-10 04:38:21,987 INFO  client.GrpcClientProtocolClient (GrpcClientProtocolClient.java:onNext(255)) - client-71F61C017E1E->6c928baf-cc3b-4a10-9362-ff4e15dca71d: receive RaftClientReply:client-71F61C017E1E->6c928baf-cc3b-4a10-9362-ff4e15dca71d@group-586430B97ADD, cid=2610, SUCCESS, logIndex=3766, commits[6c928baf-cc3b-4a10-9362-ff4e15dca71d:c3769]
2019-08-10 04:38:21,987 INFO  client.GrpcClientProtocolClient (GrpcClientProtocolClient.java:onNext(255)) - client-71F61C017E1E->6c928baf-cc3b-4a10-9362-ff4e15dca71d: receive RaftClientReply:client-71F61C017E1E->6c928baf-cc3b-4a10-9362-ff4e15dca71d@group-586430B97ADD, cid=2611, SUCCESS, logIndex=3767, commits[6c928baf-cc3b-4a10-9362-ff4e15dca71d:c3769]
2019-08-10 04:38:21,987 INFO  client.GrpcClientProtocolClient (GrpcClientProtocolClient.java:onNext(255)) - client-71F61C017E1E->6c928baf-cc3b-4a10-9362-ff4e15dca71d: receive RaftClientReply:client-71F61C017E1E->6c928baf-cc3b-4a10-9362-ff4e15dca71d@group-586430B97ADD, cid=2612, SUCCESS, logIndex=3768, commits[6c928baf-cc3b-4a10-9362-ff4e15dca71d:c3769]
2019-08-10 04:38:22,008 INFO  client.GrpcClientProtocolClient (GrpcClientProtocolClient.java:onNext(255)) - client-71F61C017E1E->6c928baf-cc3b-4a10-9362-ff4e15dca71d: receive RaftClientReply:client-71F61C017E1E->6c928baf-cc3b-4a10-9362-ff4e15dca71d@group-586430B97ADD, cid=2613, SUCCESS, logIndex=3770, commits[6c928baf-cc3b-4a10-9362-ff4e15dca71d:c3773]
2019-08-10 04:38:22,008 INFO  client.GrpcClientProtocolClient (GrpcClientProtocolClient.java:onNext(255)) - client-71F61C017E1E->6c928baf-cc3b-4a10-9362-ff4e15dca71d: receive RaftClientReply:client-71F61C017E1E->6c928baf-cc3b-4a10-9362-ff4e15dca71d@group-586430B97ADD, cid=2614, SUCCESS, logIndex=3771, commits[6c928baf-cc3b-4a10-9362-ff4e15dca71d:c3773]
2019-08-10 04:38:22,008 INFO  client.GrpcClientProtocolClient (GrpcClientProtocolClient.java:onNext(255)) - client-71F61C017E1E->6c928baf-cc3b-4a10-9362-ff4e15dca71d: receive RaftClientReply:client-71F61C017E1E->6c928baf-cc3b-4a10-9362-ff4e15dca71d@group-586430B97ADD, cid=2615, SUCCESS, logIndex=3772, commits[6c928baf-cc3b-4a10-9362-ff4e15dca71d:c3774]
2019-08-10 04:38:22,009 INFO  client.GrpcClientProtocolClient (GrpcClientProtocolClient.java:onNext(255)) - client-71F61C017E1E->6c928baf-cc3b-4a10-9362-ff4e15dca71d: receive RaftClientReply:client-71F61C017E1E->6c928baf-cc3b-4a10-9362-ff4e15dca71d@group-586430B97ADD, cid=2616, SUCCESS, logIndex=3773, commits[6c928baf-cc3b-4a10-9362-ff4e15dca71d:c3774]
2019-08-10 04:38:22,019 DEBUG block.SCMBlockDeletingService (SCMBlockDeletingService.java:call(138)) - Running DeletedBlockTransactionScanner
2019-08-10 04:38:22,019 DEBUG block.SCMBlockDeletingService (SCMBlockDeletingService.java:call(155)) - Scanned deleted blocks log and got 0 delTX to process.
2019-08-10 04:38:22,038 INFO  client.GrpcClientProtocolClient (GrpcClientProtocolClient.java:onNext(255)) - client-71F61C017E1E->6c928baf-cc3b-4a10-9362-ff4e15dca71d: receive RaftClientReply:client-71F61C017E1E->6c928baf-cc3b-4a10-9362-ff4e15dca71d@group-586430B97ADD, cid=2617, SUCCESS, logIndex=3775, commits[6c928baf-cc3b-4a10-9362-ff4e15dca71d:c3778]
2019-08-10 04:38:22,038 INFO  client.GrpcClientProtocolClient (GrpcClientProtocolClient.java:onNext(255)) - client-71F61C017E1E->6c928baf-cc3b-4a10-9362-ff4e15dca71d: receive RaftClientReply:client-71F61C017E1E->6c928baf-cc3b-4a10-9362-ff4e15dca71d@group-586430B97ADD, cid=2618, SUCCESS, logIndex=3776, commits[6c928baf-cc3b-4a10-9362-ff4e15dca71d:c3779]
2019-08-10 04:38:22,039 INFO  client.GrpcClientProtocolClient (GrpcClientProtocolClient.java:onNext(255)) - client-71F61C017E1E->6c928baf-cc3b-4a10-9362-ff4e15dca71d: receive RaftClientReply:client-71F61C017E1E->6c928baf-cc3b-4a10-9362-ff4e15dca71d@group-586430B97ADD, cid=2619, SUCCESS, logIndex=3777, commits[6c928baf-cc3b-4a10-9362-ff4e15dca71d:c3779]
2019-08-10 04:38:22,039 INFO  client.GrpcClientProtocolClient (GrpcClientProtocolClient.java:onNext(255)) - client-71F61C017E1E->6c928baf-cc3b-4a10-9362-ff4e15dca71d: receive RaftClientReply:client-71F61C017E1E->6c928baf-cc3b-4a10-9362-ff4e15dca71d@group-586430B97ADD, cid=2620, SUCCESS, logIndex=3778, commits[6c928baf-cc3b-4a10-9362-ff4e15dca71d:c3779]
2019-08-10 04:38:22,060 INFO  client.GrpcClientProtocolClient (GrpcClientProtocolClient.java:onNext(255)) - client-71F61C017E1E->6c928baf-cc3b-4a10-9362-ff4e15dca71d: receive RaftClientReply:client-71F61C017E1E->6c928baf-cc3b-4a10-9362-ff4e15dca71d@group-586430B97ADD, cid=2621, SUCCESS, logIndex=3780, commits[6c928baf-cc3b-4a10-9362-ff4e15dca71d:c3781]
2019-08-10 04:38:22,060 INFO  client.GrpcClientProtocolClient (GrpcClientProtocolClient.java:onNext(255)) - client-71F61C017E1E->6c928baf-cc3b-4a10-9362-ff4e15dca71d: receive RaftClientReply:client-71F61C017E1E->6c928baf-cc3b-4a10-9362-ff4e15dca71d@group-586430B97ADD, cid=2622, SUCCESS, logIndex=3781, commits[6c928baf-cc3b-4a10-9362-ff4e15dca71d:c3783]
2019-08-10 04:38:22,061 INFO  client.GrpcClientProtocolClient (GrpcClientProtocolClient.java:onNext(255)) - client-71F61C017E1E->6c928baf-cc3b-4a10-9362-ff4e15dca71d: receive RaftClientReply:client-71F61C017E1E->6c928baf-cc3b-4a10-9362-ff4e15dca71d@group-586430B97ADD, cid=2623, SUCCESS, logIndex=3782, commits[6c928baf-cc3b-4a10-9362-ff4e15dca71d:c3784]
2019-08-10 04:38:22,061 INFO  client.GrpcClientProtocolClient (GrpcClientProtocolClient.java:onNext(255)) - client-71F61C017E1E->6c928baf-cc3b-4a10-9362-ff4e15dca71d: receive RaftClientReply:client-71F61C017E1E->6c928baf-cc3b-4a10-9362-ff4e15dca71d@group-586430B97ADD, cid=2624, SUCCESS, logIndex=3783, commits[6c928baf-cc3b-4a10-9362-ff4e15dca71d:c3784]
2019-08-10 04:38:22,086 INFO  client.GrpcClientProtocolClient (GrpcClientProtocolClient.java:onNext(255)) - client-71F61C017E1E->6c928baf-cc3b-4a10-9362-ff4e15dca71d: receive RaftClientReply:client-71F61C017E1E->6c928baf-cc3b-4a10-9362-ff4e15dca71d@group-586430B97ADD, cid=2625, SUCCESS, logIndex=3786, commits[6c928baf-cc3b-4a10-9362-ff4e15dca71d:c3787]
2019-08-10 04:38:22,087 INFO  client.GrpcClientProtocolClient (GrpcClientProtocolClient.java:onNext(255)) - client-71F61C017E1E->6c928baf-cc3b-4a10-9362-ff4e15dca71d: receive RaftClientReply:client-71F61C017E1E->6c928baf-cc3b-4a10-9362-ff4e15dca71d@group-586430B97ADD, cid=2626, SUCCESS, logIndex=3787, commits[6c928baf-cc3b-4a10-9362-ff4e15dca71d:c3789]
2019-08-10 04:38:22,087 INFO  client.GrpcClientProtocolClient (GrpcClientProtocolClient.java:onNext(255)) - client-71F61C017E1E->6c928baf-cc3b-4a10-9362-ff4e15dca71d: receive RaftClientReply:client-71F61C017E1E->6c928baf-cc3b-4a10-9362-ff4e15dca71d@group-586430B97ADD, cid=2627, SUCCESS, logIndex=3788, commits[6c928baf-cc3b-4a10-9362-ff4e15dca71d:c3789]
2019-08-10 04:38:22,087 INFO  client.GrpcClientProtocolClient (GrpcClientProtocolClient.java:onNext(255)) - client-71F61C017E1E->6c928baf-cc3b-4a10-9362-ff4e15dca71d: receive RaftClientReply:client-71F61C017E1E->6c928baf-cc3b-4a10-9362-ff4e15dca71d@group-586430B97ADD, cid=2628, SUCCESS, logIndex=3789, commits[6c928baf-cc3b-4a10-9362-ff4e15dca71d:c3789]
2019-08-10 04:38:22,107 INFO  client.GrpcClientProtocolClient (GrpcClientProtocolClient.java:onNext(255)) - client-71F61C017E1E->6c928baf-cc3b-4a10-9362-ff4e15dca71d: receive RaftClientReply:client-71F61C017E1E->6c928baf-cc3b-4a10-9362-ff4e15dca71d@group-586430B97ADD, cid=2629, SUCCESS, logIndex=3792, commits[6c928baf-cc3b-4a10-9362-ff4e15dca71d:c3793]
2019-08-10 04:38:22,107 INFO  client.GrpcClientProtocolClient (GrpcClientProtocolClient.java:onNext(255)) - client-71F61C017E1E->6c928baf-cc3b-4a10-9362-ff4e15dca71d: receive RaftClientReply:client-71F61C017E1E->6c928baf-cc3b-4a10-9362-ff4e15dca71d@group-586430B97ADD, cid=2630, SUCCESS, logIndex=3793, commits[6c928baf-cc3b-4a10-9362-ff4e15dca71d:c3795]
2019-08-10 04:38:22,108 INFO  client.GrpcClientProtocolClient (GrpcClientProtocolClient.java:onNext(255)) - client-71F61C017E1E->6c928baf-cc3b-4a10-9362-ff4e15dca71d: receive RaftClientReply:client-71F61C017E1E->6c928baf-cc3b-4a10-9362-ff4e15dca71d@group-586430B97ADD, cid=2631, SUCCESS, logIndex=3794, commits[6c928baf-cc3b-4a10-9362-ff4e15dca71d:c3795]
2019-08-10 04:38:22,108 INFO  client.GrpcClientProtocolClient (GrpcClientProtocolClient.java:onNext(255)) - client-71F61C017E1E->6c928baf-cc3b-4a10-9362-ff4e15dca71d: receive RaftClientReply:client-71F61C017E1E->6c928baf-cc3b-4a10-9362-ff4e15dca71d@group-586430B97ADD, cid=2632, SUCCESS, logIndex=3795, commits[6c928baf-cc3b-4a10-9362-ff4e15dca71d:c3796]
2019-08-10 04:38:22,120 DEBUG block.SCMBlockDeletingService (SCMBlockDeletingService.java:call(138)) - Running DeletedBlockTransactionScanner
2019-08-10 04:38:22,120 DEBUG block.SCMBlockDeletingService (SCMBlockDeletingService.java:call(155)) - Scanned deleted blocks log and got 0 delTX to process.
2019-08-10 04:38:22,138 INFO  client.GrpcClientProtocolClient (GrpcClientProtocolClient.java:onNext(255)) - client-71F61C017E1E->6c928baf-cc3b-4a10-9362-ff4e15dca71d: receive RaftClientReply:client-71F61C017E1E->6c928baf-cc3b-4a10-9362-ff4e15dca71d@group-586430B97ADD, cid=2633, SUCCESS, logIndex=3798, commits[6c928baf-cc3b-4a10-9362-ff4e15dca71d:c3799]
2019-08-10 04:38:22,139 INFO  client.GrpcClientProtocolClient (GrpcClientProtocolClient.java:onNext(255)) - client-71F61C017E1E->6c928baf-cc3b-4a10-9362-ff4e15dca71d: receive RaftClientReply:client-71F61C017E1E->6c928baf-cc3b-4a10-9362-ff4e15dca71d@group-586430B97ADD, cid=2634, SUCCESS, logIndex=3799, commits[6c928baf-cc3b-4a10-9362-ff4e15dca71d:c3801]
2019-08-10 04:38:22,139 INFO  client.GrpcClientProtocolClient (GrpcClientProtocolClient.java:onNext(255)) - client-71F61C017E1E->6c928baf-cc3b-4a10-9362-ff4e15dca71d: receive RaftClientReply:client-71F61C017E1E->6c928baf-cc3b-4a10-9362-ff4e15dca71d@group-586430B97ADD, cid=2635, SUCCESS, logIndex=3800, commits[6c928baf-cc3b-4a10-9362-ff4e15dca71d:c3802]
2019-08-10 04:38:22,139 INFO  client.GrpcClientProtocolClient (GrpcClientProtocolClient.java:onNext(255)) - client-71F61C017E1E->6c928baf-cc3b-4a10-9362-ff4e15dca71d: receive RaftClientReply:client-71F61C017E1E->6c928baf-cc3b-4a10-9362-ff4e15dca71d@group-586430B97ADD, cid=2636, SUCCESS, logIndex=3801, commits[6c928baf-cc3b-4a10-9362-ff4e15dca71d:c3802]
2019-08-10 04:38:22,160 INFO  client.GrpcClientProtocolClient (GrpcClientProtocolClient.java:onNext(255)) - client-71F61C017E1E->6c928baf-cc3b-4a10-9362-ff4e15dca71d: receive RaftClientReply:client-71F61C017E1E->6c928baf-cc3b-4a10-9362-ff4e15dca71d@group-586430B97ADD, cid=2637, SUCCESS, logIndex=3804, commits[6c928baf-cc3b-4a10-9362-ff4e15dca71d:c3805]
2019-08-10 04:38:22,161 INFO  client.GrpcClientProtocolClient (GrpcClientProtocolClient.java:onNext(255)) - client-71F61C017E1E->6c928baf-cc3b-4a10-9362-ff4e15dca71d: receive RaftClientReply:client-71F61C017E1E->6c928baf-cc3b-4a10-9362-ff4e15dca71d@group-586430B97ADD, cid=2638, SUCCESS, logIndex=3805, commits[6c928baf-cc3b-4a10-9362-ff4e15dca71d:c3807]
2019-08-10 04:38:22,161 INFO  client.GrpcClientProtocolClient (GrpcClientProtocolClient.java:onNext(255)) - client-71F61C017E1E->6c928baf-cc3b-4a10-9362-ff4e15dca71d: receive RaftClientReply:client-71F61C017E1E->6c928baf-cc3b-4a10-9362-ff4e15dca71d@group-586430B97ADD, cid=2639, SUCCESS, logIndex=3806, commits[6c928baf-cc3b-4a10-9362-ff4e15dca71d:c3808]
2019-08-10 04:38:22,161 INFO  client.GrpcClientProtocolClient (GrpcClientProtocolClient.java:onNext(255)) - client-71F61C017E1E->6c928baf-cc3b-4a10-9362-ff4e15dca71d: receive RaftClientReply:client-71F61C017E1E->6c928baf-cc3b-4a10-9362-ff4e15dca71d@group-586430B97ADD, cid=2640, SUCCESS, logIndex=3807, commits[6c928baf-cc3b-4a10-9362-ff4e15dca71d:c3808]
2019-08-10 04:38:22,192 INFO  client.GrpcClientProtocolClient (GrpcClientProtocolClient.java:onNext(255)) - client-71F61C017E1E->6c928baf-cc3b-4a10-9362-ff4e15dca71d: receive RaftClientReply:client-71F61C017E1E->6c928baf-cc3b-4a10-9362-ff4e15dca71d@group-586430B97ADD, cid=2641, SUCCESS, logIndex=3810, commits[6c928baf-cc3b-4a10-9362-ff4e15dca71d:c3811]
2019-08-10 04:38:22,193 INFO  client.GrpcClientProtocolClient (GrpcClientProtocolClient.java:onNext(255)) - client-71F61C017E1E->6c928baf-cc3b-4a10-9362-ff4e15dca71d: receive RaftClientReply:client-71F61C017E1E->6c928baf-cc3b-4a10-9362-ff4e15dca71d@group-586430B97ADD, cid=2642, SUCCESS, logIndex=3811, commits[6c928baf-cc3b-4a10-9362-ff4e15dca71d:c3813]
2019-08-10 04:38:22,193 INFO  client.GrpcClientProtocolClient (GrpcClientProtocolClient.java:onNext(255)) - client-71F61C017E1E->6c928baf-cc3b-4a10-9362-ff4e15dca71d: receive RaftClientReply:client-71F61C017E1E->6c928baf-cc3b-4a10-9362-ff4e15dca71d@group-586430B97ADD, cid=2643, SUCCESS, logIndex=3812, commits[6c928baf-cc3b-4a10-9362-ff4e15dca71d:c3814]
2019-08-10 04:38:22,194 INFO  client.GrpcClientProtocolClient (GrpcClientProtocolClient.java:onNext(255)) - client-71F61C017E1E->6c928baf-cc3b-4a10-9362-ff4e15dca71d: receive RaftClientReply:client-71F61C017E1E->6c928baf-cc3b-4a10-9362-ff4e15dca71d@group-586430B97ADD, cid=2644, SUCCESS, logIndex=3813, commits[6c928baf-cc3b-4a10-9362-ff4e15dca71d:c3814]
2019-08-10 04:38:22,214 INFO  client.GrpcClientProtocolClient (GrpcClientProtocolClient.java:onNext(255)) - client-71F61C017E1E->6c928baf-cc3b-4a10-9362-ff4e15dca71d: receive RaftClientReply:client-71F61C017E1E->6c928baf-cc3b-4a10-9362-ff4e15dca71d@group-586430B97ADD, cid=2645, SUCCESS, logIndex=3816, commits[6c928baf-cc3b-4a10-9362-ff4e15dca71d:c3817]
2019-08-10 04:38:22,214 INFO  client.GrpcClientProtocolClient (GrpcClientProtocolClient.java:onNext(255)) - client-71F61C017E1E->6c928baf-cc3b-4a10-9362-ff4e15dca71d: receive RaftClientReply:client-71F61C017E1E->6c928baf-cc3b-4a10-9362-ff4e15dca71d@group-586430B97ADD, cid=2646, SUCCESS, logIndex=3817, commits[6c928baf-cc3b-4a10-9362-ff4e15dca71d:c3819]
2019-08-10 04:38:22,215 INFO  client.GrpcClientProtocolClient (GrpcClientProtocolClient.java:onNext(255)) - client-71F61C017E1E->6c928baf-cc3b-4a10-9362-ff4e15dca71d: receive RaftClientReply:client-71F61C017E1E->6c928baf-cc3b-4a10-9362-ff4e15dca71d@group-586430B97ADD, cid=2647, SUCCESS, logIndex=3818, commits[6c928baf-cc3b-4a10-9362-ff4e15dca71d:c3819]
2019-08-10 04:38:22,215 INFO  client.GrpcClientProtocolClient (GrpcClientProtocolClient.java:onNext(255)) - client-71F61C017E1E->6c928baf-cc3b-4a10-9362-ff4e15dca71d: receive RaftClientReply:client-71F61C017E1E->6c928baf-cc3b-4a10-9362-ff4e15dca71d@group-586430B97ADD, cid=2648, SUCCESS, logIndex=3819, commits[6c928baf-cc3b-4a10-9362-ff4e15dca71d:c3820]
2019-08-10 04:38:22,220 DEBUG block.SCMBlockDeletingService (SCMBlockDeletingService.java:call(138)) - Running DeletedBlockTransactionScanner
2019-08-10 04:38:22,221 DEBUG block.SCMBlockDeletingService (SCMBlockDeletingService.java:call(155)) - Scanned deleted blocks log and got 0 delTX to process.
2019-08-10 04:38:22,245 INFO  client.GrpcClientProtocolClient (GrpcClientProtocolClient.java:onNext(255)) - client-71F61C017E1E->6c928baf-cc3b-4a10-9362-ff4e15dca71d: receive RaftClientReply:client-71F61C017E1E->6c928baf-cc3b-4a10-9362-ff4e15dca71d@group-586430B97ADD, cid=2649, SUCCESS, logIndex=3822, commits[6c928baf-cc3b-4a10-9362-ff4e15dca71d:c3823]
2019-08-10 04:38:22,246 INFO  client.GrpcClientProtocolClient (GrpcClientProtocolClient.java:onNext(255)) - client-71F61C017E1E->6c928baf-cc3b-4a10-9362-ff4e15dca71d: receive RaftClientReply:client-71F61C017E1E->6c928baf-cc3b-4a10-9362-ff4e15dca71d@group-586430B97ADD, cid=2650, SUCCESS, logIndex=3823, commits[6c928baf-cc3b-4a10-9362-ff4e15dca71d:c3823]
2019-08-10 04:38:22,246 INFO  client.GrpcClientProtocolClient (GrpcClientProtocolClient.java:onNext(255)) - client-71F61C017E1E->6c928baf-cc3b-4a10-9362-ff4e15dca71d: receive RaftClientReply:client-71F61C017E1E->6c928baf-cc3b-4a10-9362-ff4e15dca71d@group-586430B97ADD, cid=2651, SUCCESS, logIndex=3824, commits[6c928baf-cc3b-4a10-9362-ff4e15dca71d:c3825]
2019-08-10 04:38:22,247 INFO  client.GrpcClientProtocolClient (GrpcClientProtocolClient.java:onNext(255)) - client-71F61C017E1E->6c928baf-cc3b-4a10-9362-ff4e15dca71d: receive RaftClientReply:client-71F61C017E1E->6c928baf-cc3b-4a10-9362-ff4e15dca71d@group-586430B97ADD, cid=2652, SUCCESS, logIndex=3825, commits[6c928baf-cc3b-4a10-9362-ff4e15dca71d:c3826]
2019-08-10 04:38:22,321 DEBUG block.SCMBlockDeletingService (SCMBlockDeletingService.java:call(138)) - Running DeletedBlockTransactionScanner
2019-08-10 04:38:22,321 DEBUG block.SCMBlockDeletingService (SCMBlockDeletingService.java:call(155)) - Scanned deleted blocks log and got 0 delTX to process.
2019-08-10 04:38:22,422 DEBUG block.SCMBlockDeletingService (SCMBlockDeletingService.java:call(138)) - Running DeletedBlockTransactionScanner
2019-08-10 04:38:22,422 DEBUG block.SCMBlockDeletingService (SCMBlockDeletingService.java:call(155)) - Scanned deleted blocks log and got 0 delTX to process.
2019-08-10 04:38:22,447 INFO  client.GrpcClientProtocolClient (GrpcClientProtocolClient.java:onNext(255)) - client-71F61C017E1E->6c928baf-cc3b-4a10-9362-ff4e15dca71d: receive RaftClientReply:client-71F61C017E1E->6c928baf-cc3b-4a10-9362-ff4e15dca71d@group-586430B97ADD, cid=2653, SUCCESS, logIndex=3828, commits[6c928baf-cc3b-4a10-9362-ff4e15dca71d:c3831]
2019-08-10 04:38:22,447 INFO  client.GrpcClientProtocolClient (GrpcClientProtocolClient.java:onNext(255)) - client-71F61C017E1E->6c928baf-cc3b-4a10-9362-ff4e15dca71d: receive RaftClientReply:client-71F61C017E1E->6c928baf-cc3b-4a10-9362-ff4e15dca71d@group-586430B97ADD, cid=2654, SUCCESS, logIndex=3829, commits[6c928baf-cc3b-4a10-9362-ff4e15dca71d:c3832]
2019-08-10 04:38:22,447 INFO  client.GrpcClientProtocolClient (GrpcClientProtocolClient.java:onNext(255)) - client-71F61C017E1E->6c928baf-cc3b-4a10-9362-ff4e15dca71d: receive RaftClientReply:client-71F61C017E1E->6c928baf-cc3b-4a10-9362-ff4e15dca71d@group-586430B97ADD, cid=2655, SUCCESS, logIndex=3830, commits[6c928baf-cc3b-4a10-9362-ff4e15dca71d:c3832]
2019-08-10 04:38:22,448 INFO  client.GrpcClientProtocolClient (GrpcClientProtocolClient.java:onNext(255)) - client-71F61C017E1E->6c928baf-cc3b-4a10-9362-ff4e15dca71d: receive RaftClientReply:client-71F61C017E1E->6c928baf-cc3b-4a10-9362-ff4e15dca71d@group-586430B97ADD, cid=2656, SUCCESS, logIndex=3831, commits[6c928baf-cc3b-4a10-9362-ff4e15dca71d:c3832]
2019-08-10 04:38:22,476 INFO  client.GrpcClientProtocolClient (GrpcClientProtocolClient.java:onNext(255)) - client-71F61C017E1E->6c928baf-cc3b-4a10-9362-ff4e15dca71d: receive RaftClientReply:client-71F61C017E1E->6c928baf-cc3b-4a10-9362-ff4e15dca71d@group-586430B97ADD, cid=2657, SUCCESS, logIndex=3833, commits[6c928baf-cc3b-4a10-9362-ff4e15dca71d:c3834]
2019-08-10 04:38:22,477 INFO  client.GrpcClientProtocolClient (GrpcClientProtocolClient.java:onNext(255)) - client-71F61C017E1E->6c928baf-cc3b-4a10-9362-ff4e15dca71d: receive RaftClientReply:client-71F61C017E1E->6c928baf-cc3b-4a10-9362-ff4e15dca71d@group-586430B97ADD, cid=2658, SUCCESS, logIndex=3834, commits[6c928baf-cc3b-4a10-9362-ff4e15dca71d:c3836]
2019-08-10 04:38:22,477 INFO  client.GrpcClientProtocolClient (GrpcClientProtocolClient.java:onNext(255)) - client-71F61C017E1E->6c928baf-cc3b-4a10-9362-ff4e15dca71d: receive RaftClientReply:client-71F61C017E1E->6c928baf-cc3b-4a10-9362-ff4e15dca71d@group-586430B97ADD, cid=2659, SUCCESS, logIndex=3835, commits[6c928baf-cc3b-4a10-9362-ff4e15dca71d:c3837]
2019-08-10 04:38:22,477 INFO  client.GrpcClientProtocolClient (GrpcClientProtocolClient.java:onNext(255)) - client-71F61C017E1E->6c928baf-cc3b-4a10-9362-ff4e15dca71d: receive RaftClientReply:client-71F61C017E1E->6c928baf-cc3b-4a10-9362-ff4e15dca71d@group-586430B97ADD, cid=2660, SUCCESS, logIndex=3836, commits[6c928baf-cc3b-4a10-9362-ff4e15dca71d:c3837]
2019-08-10 04:38:22,497 INFO  client.GrpcClientProtocolClient (GrpcClientProtocolClient.java:onNext(255)) - client-71F61C017E1E->6c928baf-cc3b-4a10-9362-ff4e15dca71d: receive RaftClientReply:client-71F61C017E1E->6c928baf-cc3b-4a10-9362-ff4e15dca71d@group-586430B97ADD, cid=2661, SUCCESS, logIndex=3839, commits[6c928baf-cc3b-4a10-9362-ff4e15dca71d:c3842]
2019-08-10 04:38:22,497 INFO  client.GrpcClientProtocolClient (GrpcClientProtocolClient.java:onNext(255)) - client-71F61C017E1E->6c928baf-cc3b-4a10-9362-ff4e15dca71d: receive RaftClientReply:client-71F61C017E1E->6c928baf-cc3b-4a10-9362-ff4e15dca71d@group-586430B97ADD, cid=2662, SUCCESS, logIndex=3840, commits[6c928baf-cc3b-4a10-9362-ff4e15dca71d:c3842]
2019-08-10 04:38:22,497 INFO  client.GrpcClientProtocolClient (GrpcClientProtocolClient.java:onNext(255)) - client-71F61C017E1E->6c928baf-cc3b-4a10-9362-ff4e15dca71d: receive RaftClientReply:client-71F61C017E1E->6c928baf-cc3b-4a10-9362-ff4e15dca71d@group-586430B97ADD, cid=2663, SUCCESS, logIndex=3841, commits[6c928baf-cc3b-4a10-9362-ff4e15dca71d:c3843]
2019-08-10 04:38:22,498 INFO  client.GrpcClientProtocolClient (GrpcClientProtocolClient.java:onNext(255)) - client-71F61C017E1E->6c928baf-cc3b-4a10-9362-ff4e15dca71d: receive RaftClientReply:client-71F61C017E1E->6c928baf-cc3b-4a10-9362-ff4e15dca71d@group-586430B97ADD, cid=2664, SUCCESS, logIndex=3842, commits[6c928baf-cc3b-4a10-9362-ff4e15dca71d:c3844]
2019-08-10 04:38:22,522 DEBUG block.SCMBlockDeletingService (SCMBlockDeletingService.java:call(138)) - Running DeletedBlockTransactionScanner
2019-08-10 04:38:22,523 DEBUG block.SCMBlockDeletingService (SCMBlockDeletingService.java:call(155)) - Scanned deleted blocks log and got 0 delTX to process.
2019-08-10 04:38:22,527 INFO  client.GrpcClientProtocolClient (GrpcClientProtocolClient.java:onNext(255)) - client-71F61C017E1E->6c928baf-cc3b-4a10-9362-ff4e15dca71d: receive RaftClientReply:client-71F61C017E1E->6c928baf-cc3b-4a10-9362-ff4e15dca71d@group-586430B97ADD, cid=2665, SUCCESS, logIndex=3845, commits[6c928baf-cc3b-4a10-9362-ff4e15dca71d:c3846]
2019-08-10 04:38:22,528 INFO  client.GrpcClientProtocolClient (GrpcClientProtocolClient.java:onNext(255)) - client-71F61C017E1E->6c928baf-cc3b-4a10-9362-ff4e15dca71d: receive RaftClientReply:client-71F61C017E1E->6c928baf-cc3b-4a10-9362-ff4e15dca71d@group-586430B97ADD, cid=2666, SUCCESS, logIndex=3846, commits[6c928baf-cc3b-4a10-9362-ff4e15dca71d:c3848]
2019-08-10 04:38:22,529 INFO  client.GrpcClientProtocolClient (GrpcClientProtocolClient.java:onNext(255)) - client-71F61C017E1E->6c928baf-cc3b-4a10-9362-ff4e15dca71d: receive RaftClientReply:client-71F61C017E1E->6c928baf-cc3b-4a10-9362-ff4e15dca71d@group-586430B97ADD, cid=2667, SUCCESS, logIndex=3847, commits[6c928baf-cc3b-4a10-9362-ff4e15dca71d:c3848]
2019-08-10 04:38:22,529 INFO  client.GrpcClientProtocolClient (GrpcClientProtocolClient.java:onNext(255)) - client-71F61C017E1E->6c928baf-cc3b-4a10-9362-ff4e15dca71d: receive RaftClientReply:client-71F61C017E1E->6c928baf-cc3b-4a10-9362-ff4e15dca71d@group-586430B97ADD, cid=2668, SUCCESS, logIndex=3848, commits[6c928baf-cc3b-4a10-9362-ff4e15dca71d:c3849]
2019-08-10 04:38:22,549 INFO  client.GrpcClientProtocolClient (GrpcClientProtocolClient.java:onNext(255)) - client-71F61C017E1E->6c928baf-cc3b-4a10-9362-ff4e15dca71d: receive RaftClientReply:client-71F61C017E1E->6c928baf-cc3b-4a10-9362-ff4e15dca71d@group-586430B97ADD, cid=2669, SUCCESS, logIndex=3851, commits[6c928baf-cc3b-4a10-9362-ff4e15dca71d:c3852]
2019-08-10 04:38:22,549 INFO  client.GrpcClientProtocolClient (GrpcClientProtocolClient.java:onNext(255)) - client-71F61C017E1E->6c928baf-cc3b-4a10-9362-ff4e15dca71d: receive RaftClientReply:client-71F61C017E1E->6c928baf-cc3b-4a10-9362-ff4e15dca71d@group-586430B97ADD, cid=2670, SUCCESS, logIndex=3852, commits[6c928baf-cc3b-4a10-9362-ff4e15dca71d:c3854]
2019-08-10 04:38:22,550 INFO  client.GrpcClientProtocolClient (GrpcClientProtocolClient.java:onNext(255)) - client-71F61C017E1E->6c928baf-cc3b-4a10-9362-ff4e15dca71d: receive RaftClientReply:client-71F61C017E1E->6c928baf-cc3b-4a10-9362-ff4e15dca71d@group-586430B97ADD, cid=2671, SUCCESS, logIndex=3853, commits[6c928baf-cc3b-4a10-9362-ff4e15dca71d:c3855]
2019-08-10 04:38:22,550 INFO  client.GrpcClientProtocolClient (GrpcClientProtocolClient.java:onNext(255)) - client-71F61C017E1E->6c928baf-cc3b-4a10-9362-ff4e15dca71d: receive RaftClientReply:client-71F61C017E1E->6c928baf-cc3b-4a10-9362-ff4e15dca71d@group-586430B97ADD, cid=2672, SUCCESS, logIndex=3854, commits[6c928baf-cc3b-4a10-9362-ff4e15dca71d:c3855]
2019-08-10 04:38:22,579 INFO  client.GrpcClientProtocolClient (GrpcClientProtocolClient.java:onNext(255)) - client-71F61C017E1E->6c928baf-cc3b-4a10-9362-ff4e15dca71d: receive RaftClientReply:client-71F61C017E1E->6c928baf-cc3b-4a10-9362-ff4e15dca71d@group-586430B97ADD, cid=2673, SUCCESS, logIndex=3857, commits[6c928baf-cc3b-4a10-9362-ff4e15dca71d:c3858]
2019-08-10 04:38:22,580 INFO  client.GrpcClientProtocolClient (GrpcClientProtocolClient.java:onNext(255)) - client-71F61C017E1E->6c928baf-cc3b-4a10-9362-ff4e15dca71d: receive RaftClientReply:client-71F61C017E1E->6c928baf-cc3b-4a10-9362-ff4e15dca71d@group-586430B97ADD, cid=2674, SUCCESS, logIndex=3858, commits[6c928baf-cc3b-4a10-9362-ff4e15dca71d:c3860]
2019-08-10 04:38:22,580 INFO  client.GrpcClientProtocolClient (GrpcClientProtocolClient.java:onNext(255)) - client-71F61C017E1E->6c928baf-cc3b-4a10-9362-ff4e15dca71d: receive RaftClientReply:client-71F61C017E1E->6c928baf-cc3b-4a10-9362-ff4e15dca71d@group-586430B97ADD, cid=2675, SUCCESS, logIndex=3859, commits[6c928baf-cc3b-4a10-9362-ff4e15dca71d:c3860]
2019-08-10 04:38:22,580 INFO  client.GrpcClientProtocolClient (GrpcClientProtocolClient.java:onNext(255)) - client-71F61C017E1E->6c928baf-cc3b-4a10-9362-ff4e15dca71d: receive RaftClientReply:client-71F61C017E1E->6c928baf-cc3b-4a10-9362-ff4e15dca71d@group-586430B97ADD, cid=2676, SUCCESS, logIndex=3860, commits[6c928baf-cc3b-4a10-9362-ff4e15dca71d:c3861]
2019-08-10 04:38:22,600 INFO  client.GrpcClientProtocolClient (GrpcClientProtocolClient.java:onNext(255)) - client-71F61C017E1E->6c928baf-cc3b-4a10-9362-ff4e15dca71d: receive RaftClientReply:client-71F61C017E1E->6c928baf-cc3b-4a10-9362-ff4e15dca71d@group-586430B97ADD, cid=2677, SUCCESS, logIndex=3863, commits[6c928baf-cc3b-4a10-9362-ff4e15dca71d:c3864]
2019-08-10 04:38:22,601 INFO  client.GrpcClientProtocolClient (GrpcClientProtocolClient.java:onNext(255)) - client-71F61C017E1E->6c928baf-cc3b-4a10-9362-ff4e15dca71d: receive RaftClientReply:client-71F61C017E1E->6c928baf-cc3b-4a10-9362-ff4e15dca71d@group-586430B97ADD, cid=2678, SUCCESS, logIndex=3864, commits[6c928baf-cc3b-4a10-9362-ff4e15dca71d:c3866]
2019-08-10 04:38:22,601 INFO  client.GrpcClientProtocolClient (GrpcClientProtocolClient.java:onNext(255)) - client-71F61C017E1E->6c928baf-cc3b-4a10-9362-ff4e15dca71d: receive RaftClientReply:client-71F61C017E1E->6c928baf-cc3b-4a10-9362-ff4e15dca71d@group-586430B97ADD, cid=2679, SUCCESS, logIndex=3865, commits[6c928baf-cc3b-4a10-9362-ff4e15dca71d:c3866]
2019-08-10 04:38:22,601 INFO  client.GrpcClientProtocolClient (GrpcClientProtocolClient.java:onNext(255)) - client-71F61C017E1E->6c928baf-cc3b-4a10-9362-ff4e15dca71d: receive RaftClientReply:client-71F61C017E1E->6c928baf-cc3b-4a10-9362-ff4e15dca71d@group-586430B97ADD, cid=2680, SUCCESS, logIndex=3866, commits[6c928baf-cc3b-4a10-9362-ff4e15dca71d:c3867]
2019-08-10 04:38:22,623 DEBUG block.SCMBlockDeletingService (SCMBlockDeletingService.java:call(138)) - Running DeletedBlockTransactionScanner
2019-08-10 04:38:22,623 DEBUG block.SCMBlockDeletingService (SCMBlockDeletingService.java:call(155)) - Scanned deleted blocks log and got 0 delTX to process.
2019-08-10 04:38:22,640 INFO  client.GrpcClientProtocolClient (GrpcClientProtocolClient.java:onNext(255)) - client-71F61C017E1E->6c928baf-cc3b-4a10-9362-ff4e15dca71d: receive RaftClientReply:client-71F61C017E1E->6c928baf-cc3b-4a10-9362-ff4e15dca71d@group-586430B97ADD, cid=2681, SUCCESS, logIndex=3869, commits[6c928baf-cc3b-4a10-9362-ff4e15dca71d:c3870]
2019-08-10 04:38:22,641 INFO  client.GrpcClientProtocolClient (GrpcClientProtocolClient.java:onNext(255)) - client-71F61C017E1E->6c928baf-cc3b-4a10-9362-ff4e15dca71d: receive RaftClientReply:client-71F61C017E1E->6c928baf-cc3b-4a10-9362-ff4e15dca71d@group-586430B97ADD, cid=2682, SUCCESS, logIndex=3870, commits[6c928baf-cc3b-4a10-9362-ff4e15dca71d:c3872]
2019-08-10 04:38:22,641 INFO  client.GrpcClientProtocolClient (GrpcClientProtocolClient.java:onNext(255)) - client-71F61C017E1E->6c928baf-cc3b-4a10-9362-ff4e15dca71d: receive RaftClientReply:client-71F61C017E1E->6c928baf-cc3b-4a10-9362-ff4e15dca71d@group-586430B97ADD, cid=2683, SUCCESS, logIndex=3871, commits[6c928baf-cc3b-4a10-9362-ff4e15dca71d:c3872]
2019-08-10 04:38:22,641 INFO  client.GrpcClientProtocolClient (GrpcClientProtocolClient.java:onNext(255)) - client-71F61C017E1E->6c928baf-cc3b-4a10-9362-ff4e15dca71d: receive RaftClientReply:client-71F61C017E1E->6c928baf-cc3b-4a10-9362-ff4e15dca71d@group-586430B97ADD, cid=2684, SUCCESS, logIndex=3872, commits[6c928baf-cc3b-4a10-9362-ff4e15dca71d:c3873]
2019-08-10 04:38:22,661 INFO  client.GrpcClientProtocolClient (GrpcClientProtocolClient.java:onNext(255)) - client-71F61C017E1E->6c928baf-cc3b-4a10-9362-ff4e15dca71d: receive RaftClientReply:client-71F61C017E1E->6c928baf-cc3b-4a10-9362-ff4e15dca71d@group-586430B97ADD, cid=2685, SUCCESS, logIndex=3875, commits[6c928baf-cc3b-4a10-9362-ff4e15dca71d:c3876]
2019-08-10 04:38:22,661 INFO  client.GrpcClientProtocolClient (GrpcClientProtocolClient.java:onNext(255)) - client-71F61C017E1E->6c928baf-cc3b-4a10-9362-ff4e15dca71d: receive RaftClientReply:client-71F61C017E1E->6c928baf-cc3b-4a10-9362-ff4e15dca71d@group-586430B97ADD, cid=2686, SUCCESS, logIndex=3876, commits[6c928baf-cc3b-4a10-9362-ff4e15dca71d:c3878]
2019-08-10 04:38:22,662 INFO  client.GrpcClientProtocolClient (GrpcClientProtocolClient.java:onNext(255)) - client-71F61C017E1E->6c928baf-cc3b-4a10-9362-ff4e15dca71d: receive RaftClientReply:client-71F61C017E1E->6c928baf-cc3b-4a10-9362-ff4e15dca71d@group-586430B97ADD, cid=2687, SUCCESS, logIndex=3877, commits[6c928baf-cc3b-4a10-9362-ff4e15dca71d:c3878]
2019-08-10 04:38:22,662 INFO  client.GrpcClientProtocolClient (GrpcClientProtocolClient.java:onNext(255)) - client-71F61C017E1E->6c928baf-cc3b-4a10-9362-ff4e15dca71d: receive RaftClientReply:client-71F61C017E1E->6c928baf-cc3b-4a10-9362-ff4e15dca71d@group-586430B97ADD, cid=2688, SUCCESS, logIndex=3878, commits[6c928baf-cc3b-4a10-9362-ff4e15dca71d:c3879]
2019-08-10 04:38:22,692 INFO  client.GrpcClientProtocolClient (GrpcClientProtocolClient.java:onNext(255)) - client-71F61C017E1E->6c928baf-cc3b-4a10-9362-ff4e15dca71d: receive RaftClientReply:client-71F61C017E1E->6c928baf-cc3b-4a10-9362-ff4e15dca71d@group-586430B97ADD, cid=2689, SUCCESS, logIndex=3881, commits[6c928baf-cc3b-4a10-9362-ff4e15dca71d:c3882]
2019-08-10 04:38:22,692 INFO  client.GrpcClientProtocolClient (GrpcClientProtocolClient.java:onNext(255)) - client-71F61C017E1E->6c928baf-cc3b-4a10-9362-ff4e15dca71d: receive RaftClientReply:client-71F61C017E1E->6c928baf-cc3b-4a10-9362-ff4e15dca71d@group-586430B97ADD, cid=2690, SUCCESS, logIndex=3882, commits[6c928baf-cc3b-4a10-9362-ff4e15dca71d:c3884]
2019-08-10 04:38:22,693 INFO  client.GrpcClientProtocolClient (GrpcClientProtocolClient.java:onNext(255)) - client-71F61C017E1E->6c928baf-cc3b-4a10-9362-ff4e15dca71d: receive RaftClientReply:client-71F61C017E1E->6c928baf-cc3b-4a10-9362-ff4e15dca71d@group-586430B97ADD, cid=2691, SUCCESS, logIndex=3883, commits[6c928baf-cc3b-4a10-9362-ff4e15dca71d:c3884]
2019-08-10 04:38:22,693 INFO  client.GrpcClientProtocolClient (GrpcClientProtocolClient.java:onNext(255)) - client-71F61C017E1E->6c928baf-cc3b-4a10-9362-ff4e15dca71d: receive RaftClientReply:client-71F61C017E1E->6c928baf-cc3b-4a10-9362-ff4e15dca71d@group-586430B97ADD, cid=2692, SUCCESS, logIndex=3884, commits[6c928baf-cc3b-4a10-9362-ff4e15dca71d:c3885]
2019-08-10 04:38:22,711 INFO  client.GrpcClientProtocolClient (GrpcClientProtocolClient.java:onNext(255)) - client-71F61C017E1E->6c928baf-cc3b-4a10-9362-ff4e15dca71d: receive RaftClientReply:client-71F61C017E1E->6c928baf-cc3b-4a10-9362-ff4e15dca71d@group-586430B97ADD, cid=2693, SUCCESS, logIndex=3887, commits[6c928baf-cc3b-4a10-9362-ff4e15dca71d:c3888]
2019-08-10 04:38:22,712 INFO  client.GrpcClientProtocolClient (GrpcClientProtocolClient.java:onNext(255)) - client-71F61C017E1E->6c928baf-cc3b-4a10-9362-ff4e15dca71d: receive RaftClientReply:client-71F61C017E1E->6c928baf-cc3b-4a10-9362-ff4e15dca71d@group-586430B97ADD, cid=2694, SUCCESS, logIndex=3888, commits[6c928baf-cc3b-4a10-9362-ff4e15dca71d:c3890]
2019-08-10 04:38:22,712 INFO  client.GrpcClientProtocolClient (GrpcClientProtocolClient.java:onNext(255)) - client-71F61C017E1E->6c928baf-cc3b-4a10-9362-ff4e15dca71d: receive RaftClientReply:client-71F61C017E1E->6c928baf-cc3b-4a10-9362-ff4e15dca71d@group-586430B97ADD, cid=2695, SUCCESS, logIndex=3889, commits[6c928baf-cc3b-4a10-9362-ff4e15dca71d:c3890]
2019-08-10 04:38:22,712 INFO  client.GrpcClientProtocolClient (GrpcClientProtocolClient.java:onNext(255)) - client-71F61C017E1E->6c928baf-cc3b-4a10-9362-ff4e15dca71d: receive RaftClientReply:client-71F61C017E1E->6c928baf-cc3b-4a10-9362-ff4e15dca71d@group-586430B97ADD, cid=2696, SUCCESS, logIndex=3890, commits[6c928baf-cc3b-4a10-9362-ff4e15dca71d:c3891]
2019-08-10 04:38:22,724 DEBUG block.SCMBlockDeletingService (SCMBlockDeletingService.java:call(138)) - Running DeletedBlockTransactionScanner
2019-08-10 04:38:22,724 DEBUG block.SCMBlockDeletingService (SCMBlockDeletingService.java:call(155)) - Scanned deleted blocks log and got 0 delTX to process.
2019-08-10 04:38:22,824 DEBUG block.SCMBlockDeletingService (SCMBlockDeletingService.java:call(138)) - Running DeletedBlockTransactionScanner
2019-08-10 04:38:22,825 DEBUG block.SCMBlockDeletingService (SCMBlockDeletingService.java:call(155)) - Scanned deleted blocks log and got 0 delTX to process.
2019-08-10 04:38:22,850 INFO  client.GrpcClientProtocolClient (GrpcClientProtocolClient.java:onNext(255)) - client-71F61C017E1E->6c928baf-cc3b-4a10-9362-ff4e15dca71d: receive RaftClientReply:client-71F61C017E1E->6c928baf-cc3b-4a10-9362-ff4e15dca71d@group-586430B97ADD, cid=2697, SUCCESS, logIndex=3893, commits[6c928baf-cc3b-4a10-9362-ff4e15dca71d:c3896]
2019-08-10 04:38:22,850 INFO  client.GrpcClientProtocolClient (GrpcClientProtocolClient.java:onNext(255)) - client-71F61C017E1E->6c928baf-cc3b-4a10-9362-ff4e15dca71d: receive RaftClientReply:client-71F61C017E1E->6c928baf-cc3b-4a10-9362-ff4e15dca71d@group-586430B97ADD, cid=2698, SUCCESS, logIndex=3894, commits[6c928baf-cc3b-4a10-9362-ff4e15dca71d:c3897]
2019-08-10 04:38:22,851 INFO  client.GrpcClientProtocolClient (GrpcClientProtocolClient.java:onNext(255)) - client-71F61C017E1E->6c928baf-cc3b-4a10-9362-ff4e15dca71d: receive RaftClientReply:client-71F61C017E1E->6c928baf-cc3b-4a10-9362-ff4e15dca71d@group-586430B97ADD, cid=2699, SUCCESS, logIndex=3895, commits[6c928baf-cc3b-4a10-9362-ff4e15dca71d:c3897]
2019-08-10 04:38:22,851 INFO  client.GrpcClientProtocolClient (GrpcClientProtocolClient.java:onNext(255)) - client-71F61C017E1E->6c928baf-cc3b-4a10-9362-ff4e15dca71d: receive RaftClientReply:client-71F61C017E1E->6c928baf-cc3b-4a10-9362-ff4e15dca71d@group-586430B97ADD, cid=2700, SUCCESS, logIndex=3896, commits[6c928baf-cc3b-4a10-9362-ff4e15dca71d:c3897]
2019-08-10 04:38:22,871 INFO  client.GrpcClientProtocolClient (GrpcClientProtocolClient.java:onNext(255)) - client-71F61C017E1E->6c928baf-cc3b-4a10-9362-ff4e15dca71d: receive RaftClientReply:client-71F61C017E1E->6c928baf-cc3b-4a10-9362-ff4e15dca71d@group-586430B97ADD, cid=2701, SUCCESS, logIndex=3898, commits[6c928baf-cc3b-4a10-9362-ff4e15dca71d:c3901]
2019-08-10 04:38:22,871 INFO  client.GrpcClientProtocolClient (GrpcClientProtocolClient.java:onNext(255)) - client-71F61C017E1E->6c928baf-cc3b-4a10-9362-ff4e15dca71d: receive RaftClientReply:client-71F61C017E1E->6c928baf-cc3b-4a10-9362-ff4e15dca71d@group-586430B97ADD, cid=2702, SUCCESS, logIndex=3899, commits[6c928baf-cc3b-4a10-9362-ff4e15dca71d:c3901]
2019-08-10 04:38:22,871 INFO  client.GrpcClientProtocolClient (GrpcClientProtocolClient.java:onNext(255)) - client-71F61C017E1E->6c928baf-cc3b-4a10-9362-ff4e15dca71d: receive RaftClientReply:client-71F61C017E1E->6c928baf-cc3b-4a10-9362-ff4e15dca71d@group-586430B97ADD, cid=2703, SUCCESS, logIndex=3900, commits[6c928baf-cc3b-4a10-9362-ff4e15dca71d:c3902]
2019-08-10 04:38:22,872 INFO  client.GrpcClientProtocolClient (GrpcClientProtocolClient.java:onNext(255)) - client-71F61C017E1E->6c928baf-cc3b-4a10-9362-ff4e15dca71d: receive RaftClientReply:client-71F61C017E1E->6c928baf-cc3b-4a10-9362-ff4e15dca71d@group-586430B97ADD, cid=2704, SUCCESS, logIndex=3901, commits[6c928baf-cc3b-4a10-9362-ff4e15dca71d:c3902]
2019-08-10 04:38:22,910 INFO  client.GrpcClientProtocolClient (GrpcClientProtocolClient.java:onNext(255)) - client-71F61C017E1E->6c928baf-cc3b-4a10-9362-ff4e15dca71d: receive RaftClientReply:client-71F61C017E1E->6c928baf-cc3b-4a10-9362-ff4e15dca71d@group-586430B97ADD, cid=2705, SUCCESS, logIndex=3903, commits[6c928baf-cc3b-4a10-9362-ff4e15dca71d:c3906]
2019-08-10 04:38:22,911 INFO  client.GrpcClientProtocolClient (GrpcClientProtocolClient.java:onNext(255)) - client-71F61C017E1E->6c928baf-cc3b-4a10-9362-ff4e15dca71d: receive RaftClientReply:client-71F61C017E1E->6c928baf-cc3b-4a10-9362-ff4e15dca71d@group-586430B97ADD, cid=2706, SUCCESS, logIndex=3904, commits[6c928baf-cc3b-4a10-9362-ff4e15dca71d:c3907]
2019-08-10 04:38:22,912 INFO  client.GrpcClientProtocolClient (GrpcClientProtocolClient.java:onNext(255)) - client-71F61C017E1E->6c928baf-cc3b-4a10-9362-ff4e15dca71d: receive RaftClientReply:client-71F61C017E1E->6c928baf-cc3b-4a10-9362-ff4e15dca71d@group-586430B97ADD, cid=2707, SUCCESS, logIndex=3905, commits[6c928baf-cc3b-4a10-9362-ff4e15dca71d:c3907]
2019-08-10 04:38:22,912 INFO  client.GrpcClientProtocolClient (GrpcClientProtocolClient.java:onNext(255)) - client-71F61C017E1E->6c928baf-cc3b-4a10-9362-ff4e15dca71d: receive RaftClientReply:client-71F61C017E1E->6c928baf-cc3b-4a10-9362-ff4e15dca71d@group-586430B97ADD, cid=2708, SUCCESS, logIndex=3906, commits[6c928baf-cc3b-4a10-9362-ff4e15dca71d:c3907]
2019-08-10 04:38:22,925 DEBUG block.SCMBlockDeletingService (SCMBlockDeletingService.java:call(138)) - Running DeletedBlockTransactionScanner
2019-08-10 04:38:22,925 DEBUG block.SCMBlockDeletingService (SCMBlockDeletingService.java:call(155)) - Scanned deleted blocks log and got 0 delTX to process.
2019-08-10 04:38:22,931 INFO  client.GrpcClientProtocolClient (GrpcClientProtocolClient.java:onNext(255)) - client-71F61C017E1E->6c928baf-cc3b-4a10-9362-ff4e15dca71d: receive RaftClientReply:client-71F61C017E1E->6c928baf-cc3b-4a10-9362-ff4e15dca71d@group-586430B97ADD, cid=2709, SUCCESS, logIndex=3908, commits[6c928baf-cc3b-4a10-9362-ff4e15dca71d:c3909]
2019-08-10 04:38:22,932 INFO  client.GrpcClientProtocolClient (GrpcClientProtocolClient.java:onNext(255)) - client-71F61C017E1E->6c928baf-cc3b-4a10-9362-ff4e15dca71d: receive RaftClientReply:client-71F61C017E1E->6c928baf-cc3b-4a10-9362-ff4e15dca71d@group-586430B97ADD, cid=2710, SUCCESS, logIndex=3909, commits[6c928baf-cc3b-4a10-9362-ff4e15dca71d:c3911]
2019-08-10 04:38:22,932 INFO  client.GrpcClientProtocolClient (GrpcClientProtocolClient.java:onNext(255)) - client-71F61C017E1E->6c928baf-cc3b-4a10-9362-ff4e15dca71d: receive RaftClientReply:client-71F61C017E1E->6c928baf-cc3b-4a10-9362-ff4e15dca71d@group-586430B97ADD, cid=2711, SUCCESS, logIndex=3910, commits[6c928baf-cc3b-4a10-9362-ff4e15dca71d:c3912]
2019-08-10 04:38:22,933 INFO  client.GrpcClientProtocolClient (GrpcClientProtocolClient.java:onNext(255)) - client-71F61C017E1E->6c928baf-cc3b-4a10-9362-ff4e15dca71d: receive RaftClientReply:client-71F61C017E1E->6c928baf-cc3b-4a10-9362-ff4e15dca71d@group-586430B97ADD, cid=2712, SUCCESS, logIndex=3911, commits[6c928baf-cc3b-4a10-9362-ff4e15dca71d:c3912]
2019-08-10 04:38:22,960 INFO  client.GrpcClientProtocolClient (GrpcClientProtocolClient.java:onNext(255)) - client-71F61C017E1E->6c928baf-cc3b-4a10-9362-ff4e15dca71d: receive RaftClientReply:client-71F61C017E1E->6c928baf-cc3b-4a10-9362-ff4e15dca71d@group-586430B97ADD, cid=2713, SUCCESS, logIndex=3914, commits[6c928baf-cc3b-4a10-9362-ff4e15dca71d:c3915]
2019-08-10 04:38:22,961 INFO  client.GrpcClientProtocolClient (GrpcClientProtocolClient.java:onNext(255)) - client-71F61C017E1E->6c928baf-cc3b-4a10-9362-ff4e15dca71d: receive RaftClientReply:client-71F61C017E1E->6c928baf-cc3b-4a10-9362-ff4e15dca71d@group-586430B97ADD, cid=2714, SUCCESS, logIndex=3915, commits[6c928baf-cc3b-4a10-9362-ff4e15dca71d:c3917]
2019-08-10 04:38:22,961 INFO  client.GrpcClientProtocolClient (GrpcClientProtocolClient.java:onNext(255)) - client-71F61C017E1E->6c928baf-cc3b-4a10-9362-ff4e15dca71d: receive RaftClientReply:client-71F61C017E1E->6c928baf-cc3b-4a10-9362-ff4e15dca71d@group-586430B97ADD, cid=2715, SUCCESS, logIndex=3916, commits[6c928baf-cc3b-4a10-9362-ff4e15dca71d:c3918]
2019-08-10 04:38:22,961 INFO  client.GrpcClientProtocolClient (GrpcClientProtocolClient.java:onNext(255)) - client-71F61C017E1E->6c928baf-cc3b-4a10-9362-ff4e15dca71d: receive RaftClientReply:client-71F61C017E1E->6c928baf-cc3b-4a10-9362-ff4e15dca71d@group-586430B97ADD, cid=2716, SUCCESS, logIndex=3917, commits[6c928baf-cc3b-4a10-9362-ff4e15dca71d:c3918]
2019-08-10 04:38:22,981 INFO  client.GrpcClientProtocolClient (GrpcClientProtocolClient.java:onNext(255)) - client-71F61C017E1E->6c928baf-cc3b-4a10-9362-ff4e15dca71d: receive RaftClientReply:client-71F61C017E1E->6c928baf-cc3b-4a10-9362-ff4e15dca71d@group-586430B97ADD, cid=2717, SUCCESS, logIndex=3920, commits[6c928baf-cc3b-4a10-9362-ff4e15dca71d:c3921]
2019-08-10 04:38:22,982 INFO  client.GrpcClientProtocolClient (GrpcClientProtocolClient.java:onNext(255)) - client-71F61C017E1E->6c928baf-cc3b-4a10-9362-ff4e15dca71d: receive RaftClientReply:client-71F61C017E1E->6c928baf-cc3b-4a10-9362-ff4e15dca71d@group-586430B97ADD, cid=2718, SUCCESS, logIndex=3921, commits[6c928baf-cc3b-4a10-9362-ff4e15dca71d:c3923]
2019-08-10 04:38:22,982 INFO  client.GrpcClientProtocolClient (GrpcClientProtocolClient.java:onNext(255)) - client-71F61C017E1E->6c928baf-cc3b-4a10-9362-ff4e15dca71d: receive RaftClientReply:client-71F61C017E1E->6c928baf-cc3b-4a10-9362-ff4e15dca71d@group-586430B97ADD, cid=2719, SUCCESS, logIndex=3922, commits[6c928baf-cc3b-4a10-9362-ff4e15dca71d:c3923]
2019-08-10 04:38:22,983 INFO  client.GrpcClientProtocolClient (GrpcClientProtocolClient.java:onNext(255)) - client-71F61C017E1E->6c928baf-cc3b-4a10-9362-ff4e15dca71d: receive RaftClientReply:client-71F61C017E1E->6c928baf-cc3b-4a10-9362-ff4e15dca71d@group-586430B97ADD, cid=2720, SUCCESS, logIndex=3923, commits[6c928baf-cc3b-4a10-9362-ff4e15dca71d:c3924]
2019-08-10 04:38:23,012 INFO  client.GrpcClientProtocolClient (GrpcClientProtocolClient.java:onNext(255)) - client-71F61C017E1E->6c928baf-cc3b-4a10-9362-ff4e15dca71d: receive RaftClientReply:client-71F61C017E1E->6c928baf-cc3b-4a10-9362-ff4e15dca71d@group-586430B97ADD, cid=2721, SUCCESS, logIndex=3926, commits[6c928baf-cc3b-4a10-9362-ff4e15dca71d:c3927]
2019-08-10 04:38:23,012 INFO  client.GrpcClientProtocolClient (GrpcClientProtocolClient.java:onNext(255)) - client-71F61C017E1E->6c928baf-cc3b-4a10-9362-ff4e15dca71d: receive RaftClientReply:client-71F61C017E1E->6c928baf-cc3b-4a10-9362-ff4e15dca71d@group-586430B97ADD, cid=2722, SUCCESS, logIndex=3927, commits[6c928baf-cc3b-4a10-9362-ff4e15dca71d:c3929]
2019-08-10 04:38:23,013 INFO  client.GrpcClientProtocolClient (GrpcClientProtocolClient.java:onNext(255)) - client-71F61C017E1E->6c928baf-cc3b-4a10-9362-ff4e15dca71d: receive RaftClientReply:client-71F61C017E1E->6c928baf-cc3b-4a10-9362-ff4e15dca71d@group-586430B97ADD, cid=2723, SUCCESS, logIndex=3928, commits[6c928baf-cc3b-4a10-9362-ff4e15dca71d:c3929]
2019-08-10 04:38:23,013 INFO  client.GrpcClientProtocolClient (GrpcClientProtocolClient.java:onNext(255)) - client-71F61C017E1E->6c928baf-cc3b-4a10-9362-ff4e15dca71d: receive RaftClientReply:client-71F61C017E1E->6c928baf-cc3b-4a10-9362-ff4e15dca71d@group-586430B97ADD, cid=2724, SUCCESS, logIndex=3929, commits[6c928baf-cc3b-4a10-9362-ff4e15dca71d:c3930]
2019-08-10 04:38:23,026 DEBUG block.SCMBlockDeletingService (SCMBlockDeletingService.java:call(138)) - Running DeletedBlockTransactionScanner
2019-08-10 04:38:23,026 DEBUG block.SCMBlockDeletingService (SCMBlockDeletingService.java:call(155)) - Scanned deleted blocks log and got 0 delTX to process.
2019-08-10 04:38:23,033 INFO  client.GrpcClientProtocolClient (GrpcClientProtocolClient.java:onNext(255)) - client-71F61C017E1E->6c928baf-cc3b-4a10-9362-ff4e15dca71d: receive RaftClientReply:client-71F61C017E1E->6c928baf-cc3b-4a10-9362-ff4e15dca71d@group-586430B97ADD, cid=2725, SUCCESS, logIndex=3932, commits[6c928baf-cc3b-4a10-9362-ff4e15dca71d:c3933]
2019-08-10 04:38:23,034 INFO  client.GrpcClientProtocolClient (GrpcClientProtocolClient.java:onNext(255)) - client-71F61C017E1E->6c928baf-cc3b-4a10-9362-ff4e15dca71d: receive RaftClientReply:client-71F61C017E1E->6c928baf-cc3b-4a10-9362-ff4e15dca71d@group-586430B97ADD, cid=2726, SUCCESS, logIndex=3933, commits[6c928baf-cc3b-4a10-9362-ff4e15dca71d:c3935]
2019-08-10 04:38:23,034 INFO  client.GrpcClientProtocolClient (GrpcClientProtocolClient.java:onNext(255)) - client-71F61C017E1E->6c928baf-cc3b-4a10-9362-ff4e15dca71d: receive RaftClientReply:client-71F61C017E1E->6c928baf-cc3b-4a10-9362-ff4e15dca71d@group-586430B97ADD, cid=2727, SUCCESS, logIndex=3934, commits[6c928baf-cc3b-4a10-9362-ff4e15dca71d:c3936]
2019-08-10 04:38:23,034 INFO  client.GrpcClientProtocolClient (GrpcClientProtocolClient.java:onNext(255)) - client-71F61C017E1E->6c928baf-cc3b-4a10-9362-ff4e15dca71d: receive RaftClientReply:client-71F61C017E1E->6c928baf-cc3b-4a10-9362-ff4e15dca71d@group-586430B97ADD, cid=2728, SUCCESS, logIndex=3935, commits[6c928baf-cc3b-4a10-9362-ff4e15dca71d:c3936]
2019-08-10 04:38:23,065 INFO  client.GrpcClientProtocolClient (GrpcClientProtocolClient.java:onNext(255)) - client-71F61C017E1E->6c928baf-cc3b-4a10-9362-ff4e15dca71d: receive RaftClientReply:client-71F61C017E1E->6c928baf-cc3b-4a10-9362-ff4e15dca71d@group-586430B97ADD, cid=2729, SUCCESS, logIndex=3938, commits[6c928baf-cc3b-4a10-9362-ff4e15dca71d:c3939]
2019-08-10 04:38:23,065 INFO  client.GrpcClientProtocolClient (GrpcClientProtocolClient.java:onNext(255)) - client-71F61C017E1E->6c928baf-cc3b-4a10-9362-ff4e15dca71d: receive RaftClientReply:client-71F61C017E1E->6c928baf-cc3b-4a10-9362-ff4e15dca71d@group-586430B97ADD, cid=2730, SUCCESS, logIndex=3939, commits[6c928baf-cc3b-4a10-9362-ff4e15dca71d:c3941]
2019-08-10 04:38:23,066 INFO  client.GrpcClientProtocolClient (GrpcClientProtocolClient.java:onNext(255)) - client-71F61C017E1E->6c928baf-cc3b-4a10-9362-ff4e15dca71d: receive RaftClientReply:client-71F61C017E1E->6c928baf-cc3b-4a10-9362-ff4e15dca71d@group-586430B97ADD, cid=2731, SUCCESS, logIndex=3940, commits[6c928baf-cc3b-4a10-9362-ff4e15dca71d:c3941]
2019-08-10 04:38:23,066 INFO  client.GrpcClientProtocolClient (GrpcClientProtocolClient.java:onNext(255)) - client-71F61C017E1E->6c928baf-cc3b-4a10-9362-ff4e15dca71d: receive RaftClientReply:client-71F61C017E1E->6c928baf-cc3b-4a10-9362-ff4e15dca71d@group-586430B97ADD, cid=2732, SUCCESS, logIndex=3941, commits[6c928baf-cc3b-4a10-9362-ff4e15dca71d:c3942]
2019-08-10 04:38:23,086 INFO  client.GrpcClientProtocolClient (GrpcClientProtocolClient.java:onNext(255)) - client-71F61C017E1E->6c928baf-cc3b-4a10-9362-ff4e15dca71d: receive RaftClientReply:client-71F61C017E1E->6c928baf-cc3b-4a10-9362-ff4e15dca71d@group-586430B97ADD, cid=2733, SUCCESS, logIndex=3944, commits[6c928baf-cc3b-4a10-9362-ff4e15dca71d:c3945]
2019-08-10 04:38:23,086 INFO  client.GrpcClientProtocolClient (GrpcClientProtocolClient.java:onNext(255)) - client-71F61C017E1E->6c928baf-cc3b-4a10-9362-ff4e15dca71d: receive RaftClientReply:client-71F61C017E1E->6c928baf-cc3b-4a10-9362-ff4e15dca71d@group-586430B97ADD, cid=2734, SUCCESS, logIndex=3945, commits[6c928baf-cc3b-4a10-9362-ff4e15dca71d:c3947]
2019-08-10 04:38:23,087 INFO  client.GrpcClientProtocolClient (GrpcClientProtocolClient.java:onNext(255)) - client-71F61C017E1E->6c928baf-cc3b-4a10-9362-ff4e15dca71d: receive RaftClientReply:client-71F61C017E1E->6c928baf-cc3b-4a10-9362-ff4e15dca71d@group-586430B97ADD, cid=2735, SUCCESS, logIndex=3946, commits[6c928baf-cc3b-4a10-9362-ff4e15dca71d:c3948]
2019-08-10 04:38:23,087 INFO  client.GrpcClientProtocolClient (GrpcClientProtocolClient.java:onNext(255)) - client-71F61C017E1E->6c928baf-cc3b-4a10-9362-ff4e15dca71d: receive RaftClientReply:client-71F61C017E1E->6c928baf-cc3b-4a10-9362-ff4e15dca71d@group-586430B97ADD, cid=2736, SUCCESS, logIndex=3947, commits[6c928baf-cc3b-4a10-9362-ff4e15dca71d:c3948]
2019-08-10 04:38:23,118 INFO  client.GrpcClientProtocolClient (GrpcClientProtocolClient.java:onNext(255)) - client-71F61C017E1E->6c928baf-cc3b-4a10-9362-ff4e15dca71d: receive RaftClientReply:client-71F61C017E1E->6c928baf-cc3b-4a10-9362-ff4e15dca71d@group-586430B97ADD, cid=2737, SUCCESS, logIndex=3950, commits[6c928baf-cc3b-4a10-9362-ff4e15dca71d:c3953]
2019-08-10 04:38:23,119 INFO  client.GrpcClientProtocolClient (GrpcClientProtocolClient.java:onNext(255)) - client-71F61C017E1E->6c928baf-cc3b-4a10-9362-ff4e15dca71d: receive RaftClientReply:client-71F61C017E1E->6c928baf-cc3b-4a10-9362-ff4e15dca71d@group-586430B97ADD, cid=2738, SUCCESS, logIndex=3951, commits[6c928baf-cc3b-4a10-9362-ff4e15dca71d:c3954]
2019-08-10 04:38:23,119 INFO  client.GrpcClientProtocolClient (GrpcClientProtocolClient.java:onNext(255)) - client-71F61C017E1E->6c928baf-cc3b-4a10-9362-ff4e15dca71d: receive RaftClientReply:client-71F61C017E1E->6c928baf-cc3b-4a10-9362-ff4e15dca71d@group-586430B97ADD, cid=2739, SUCCESS, logIndex=3952, commits[6c928baf-cc3b-4a10-9362-ff4e15dca71d:c3954]
2019-08-10 04:38:23,120 INFO  client.GrpcClientProtocolClient (GrpcClientProtocolClient.java:onNext(255)) - client-71F61C017E1E->6c928baf-cc3b-4a10-9362-ff4e15dca71d: receive RaftClientReply:client-71F61C017E1E->6c928baf-cc3b-4a10-9362-ff4e15dca71d@group-586430B97ADD, cid=2740, SUCCESS, logIndex=3953, commits[6c928baf-cc3b-4a10-9362-ff4e15dca71d:c3955]
2019-08-10 04:38:23,189 DEBUG block.SCMBlockDeletingService (SCMBlockDeletingService.java:call(138)) - Running DeletedBlockTransactionScanner
2019-08-10 04:38:23,189 DEBUG block.SCMBlockDeletingService (SCMBlockDeletingService.java:call(155)) - Scanned deleted blocks log and got 0 delTX to process.
2019-08-10 04:38:23,290 DEBUG block.SCMBlockDeletingService (SCMBlockDeletingService.java:call(138)) - Running DeletedBlockTransactionScanner
2019-08-10 04:38:23,290 DEBUG block.SCMBlockDeletingService (SCMBlockDeletingService.java:call(155)) - Scanned deleted blocks log and got 0 delTX to process.
2019-08-10 04:38:23,330 INFO  client.GrpcClientProtocolClient (GrpcClientProtocolClient.java:onNext(255)) - client-71F61C017E1E->6c928baf-cc3b-4a10-9362-ff4e15dca71d: receive RaftClientReply:client-71F61C017E1E->6c928baf-cc3b-4a10-9362-ff4e15dca71d@group-586430B97ADD, cid=2741, SUCCESS, logIndex=3956, commits[6c928baf-cc3b-4a10-9362-ff4e15dca71d:c3959]
2019-08-10 04:38:23,330 INFO  client.GrpcClientProtocolClient (GrpcClientProtocolClient.java:onNext(255)) - client-71F61C017E1E->6c928baf-cc3b-4a10-9362-ff4e15dca71d: receive RaftClientReply:client-71F61C017E1E->6c928baf-cc3b-4a10-9362-ff4e15dca71d@group-586430B97ADD, cid=2742, SUCCESS, logIndex=3957, commits[6c928baf-cc3b-4a10-9362-ff4e15dca71d:c3959]
2019-08-10 04:38:23,331 INFO  client.GrpcClientProtocolClient (GrpcClientProtocolClient.java:onNext(255)) - client-71F61C017E1E->6c928baf-cc3b-4a10-9362-ff4e15dca71d: receive RaftClientReply:client-71F61C017E1E->6c928baf-cc3b-4a10-9362-ff4e15dca71d@group-586430B97ADD, cid=2743, SUCCESS, logIndex=3958, commits[6c928baf-cc3b-4a10-9362-ff4e15dca71d:c3960]
2019-08-10 04:38:23,331 INFO  client.GrpcClientProtocolClient (GrpcClientProtocolClient.java:onNext(255)) - client-71F61C017E1E->6c928baf-cc3b-4a10-9362-ff4e15dca71d: receive RaftClientReply:client-71F61C017E1E->6c928baf-cc3b-4a10-9362-ff4e15dca71d@group-586430B97ADD, cid=2744, SUCCESS, logIndex=3959, commits[6c928baf-cc3b-4a10-9362-ff4e15dca71d:c3960]
2019-08-10 04:38:23,358 INFO  client.GrpcClientProtocolClient (GrpcClientProtocolClient.java:onNext(255)) - client-71F61C017E1E->6c928baf-cc3b-4a10-9362-ff4e15dca71d: receive RaftClientReply:client-71F61C017E1E->6c928baf-cc3b-4a10-9362-ff4e15dca71d@group-586430B97ADD, cid=2745, SUCCESS, logIndex=3961, commits[6c928baf-cc3b-4a10-9362-ff4e15dca71d:c3962]
2019-08-10 04:38:23,359 INFO  client.GrpcClientProtocolClient (GrpcClientProtocolClient.java:onNext(255)) - client-71F61C017E1E->6c928baf-cc3b-4a10-9362-ff4e15dca71d: receive RaftClientReply:client-71F61C017E1E->6c928baf-cc3b-4a10-9362-ff4e15dca71d@group-586430B97ADD, cid=2746, SUCCESS, logIndex=3962, commits[6c928baf-cc3b-4a10-9362-ff4e15dca71d:c3962]
2019-08-10 04:38:23,359 INFO  client.GrpcClientProtocolClient (GrpcClientProtocolClient.java:onNext(255)) - client-71F61C017E1E->6c928baf-cc3b-4a10-9362-ff4e15dca71d: receive RaftClientReply:client-71F61C017E1E->6c928baf-cc3b-4a10-9362-ff4e15dca71d@group-586430B97ADD, cid=2747, SUCCESS, logIndex=3963, commits[6c928baf-cc3b-4a10-9362-ff4e15dca71d:c3964]
2019-08-10 04:38:23,360 INFO  client.GrpcClientProtocolClient (GrpcClientProtocolClient.java:onNext(255)) - client-71F61C017E1E->6c928baf-cc3b-4a10-9362-ff4e15dca71d: receive RaftClientReply:client-71F61C017E1E->6c928baf-cc3b-4a10-9362-ff4e15dca71d@group-586430B97ADD, cid=2748, SUCCESS, logIndex=3964, commits[6c928baf-cc3b-4a10-9362-ff4e15dca71d:c3965]
2019-08-10 04:38:23,378 INFO  client.GrpcClientProtocolClient (GrpcClientProtocolClient.java:onNext(255)) - client-71F61C017E1E->6c928baf-cc3b-4a10-9362-ff4e15dca71d: receive RaftClientReply:client-71F61C017E1E->6c928baf-cc3b-4a10-9362-ff4e15dca71d@group-586430B97ADD, cid=2749, SUCCESS, logIndex=3967, commits[6c928baf-cc3b-4a10-9362-ff4e15dca71d:c3968]
2019-08-10 04:38:23,379 INFO  client.GrpcClientProtocolClient (GrpcClientProtocolClient.java:onNext(255)) - client-71F61C017E1E->6c928baf-cc3b-4a10-9362-ff4e15dca71d: receive RaftClientReply:client-71F61C017E1E->6c928baf-cc3b-4a10-9362-ff4e15dca71d@group-586430B97ADD, cid=2750, SUCCESS, logIndex=3968, commits[6c928baf-cc3b-4a10-9362-ff4e15dca71d:c3968]
2019-08-10 04:38:23,379 INFO  client.GrpcClientProtocolClient (GrpcClientProtocolClient.java:onNext(255)) - client-71F61C017E1E->6c928baf-cc3b-4a10-9362-ff4e15dca71d: receive RaftClientReply:client-71F61C017E1E->6c928baf-cc3b-4a10-9362-ff4e15dca71d@group-586430B97ADD, cid=2751, SUCCESS, logIndex=3969, commits[6c928baf-cc3b-4a10-9362-ff4e15dca71d:c3970]
2019-08-10 04:38:23,379 INFO  client.GrpcClientProtocolClient (GrpcClientProtocolClient.java:onNext(255)) - client-71F61C017E1E->6c928baf-cc3b-4a10-9362-ff4e15dca71d: receive RaftClientReply:client-71F61C017E1E->6c928baf-cc3b-4a10-9362-ff4e15dca71d@group-586430B97ADD, cid=2752, SUCCESS, logIndex=3970, commits[6c928baf-cc3b-4a10-9362-ff4e15dca71d:c3970]
2019-08-10 04:38:23,391 DEBUG block.SCMBlockDeletingService (SCMBlockDeletingService.java:call(138)) - Running DeletedBlockTransactionScanner
2019-08-10 04:38:23,391 DEBUG block.SCMBlockDeletingService (SCMBlockDeletingService.java:call(155)) - Scanned deleted blocks log and got 0 delTX to process.
2019-08-10 04:38:23,403 INFO  client.GrpcClientProtocolClient (GrpcClientProtocolClient.java:onNext(255)) - client-71F61C017E1E->6c928baf-cc3b-4a10-9362-ff4e15dca71d: receive RaftClientReply:client-71F61C017E1E->6c928baf-cc3b-4a10-9362-ff4e15dca71d@group-586430B97ADD, cid=2753, SUCCESS, logIndex=3973, commits[6c928baf-cc3b-4a10-9362-ff4e15dca71d:c3976]
2019-08-10 04:38:23,404 INFO  client.GrpcClientProtocolClient (GrpcClientProtocolClient.java:onNext(255)) - client-71F61C017E1E->6c928baf-cc3b-4a10-9362-ff4e15dca71d: receive RaftClientReply:client-71F61C017E1E->6c928baf-cc3b-4a10-9362-ff4e15dca71d@group-586430B97ADD, cid=2754, SUCCESS, logIndex=3974, commits[6c928baf-cc3b-4a10-9362-ff4e15dca71d:c3977]
2019-08-10 04:38:23,404 INFO  client.GrpcClientProtocolClient (GrpcClientProtocolClient.java:onNext(255)) - client-71F61C017E1E->6c928baf-cc3b-4a10-9362-ff4e15dca71d: receive RaftClientReply:client-71F61C017E1E->6c928baf-cc3b-4a10-9362-ff4e15dca71d@group-586430B97ADD, cid=2755, SUCCESS, logIndex=3975, commits[6c928baf-cc3b-4a10-9362-ff4e15dca71d:c3977]
2019-08-10 04:38:23,404 INFO  client.GrpcClientProtocolClient (GrpcClientProtocolClient.java:onNext(255)) - client-71F61C017E1E->6c928baf-cc3b-4a10-9362-ff4e15dca71d: receive RaftClientReply:client-71F61C017E1E->6c928baf-cc3b-4a10-9362-ff4e15dca71d@group-586430B97ADD, cid=2756, SUCCESS, logIndex=3976, commits[6c928baf-cc3b-4a10-9362-ff4e15dca71d:c3977]
2019-08-10 04:38:23,423 INFO  client.GrpcClientProtocolClient (GrpcClientProtocolClient.java:onNext(255)) - client-71F61C017E1E->6c928baf-cc3b-4a10-9362-ff4e15dca71d: receive RaftClientReply:client-71F61C017E1E->6c928baf-cc3b-4a10-9362-ff4e15dca71d@group-586430B97ADD, cid=2757, SUCCESS, logIndex=3978, commits[6c928baf-cc3b-4a10-9362-ff4e15dca71d:c3979]
2019-08-10 04:38:23,424 INFO  client.GrpcClientProtocolClient (GrpcClientProtocolClient.java:onNext(255)) - client-71F61C017E1E->6c928baf-cc3b-4a10-9362-ff4e15dca71d: receive RaftClientReply:client-71F61C017E1E->6c928baf-cc3b-4a10-9362-ff4e15dca71d@group-586430B97ADD, cid=2758, SUCCESS, logIndex=3979, commits[6c928baf-cc3b-4a10-9362-ff4e15dca71d:c3981]
2019-08-10 04:38:23,424 INFO  client.GrpcClientProtocolClient (GrpcClientProtocolClient.java:onNext(255)) - client-71F61C017E1E->6c928baf-cc3b-4a10-9362-ff4e15dca71d: receive RaftClientReply:client-71F61C017E1E->6c928baf-cc3b-4a10-9362-ff4e15dca71d@group-586430B97ADD, cid=2759, SUCCESS, logIndex=3980, commits[6c928baf-cc3b-4a10-9362-ff4e15dca71d:c3982]
2019-08-10 04:38:23,424 INFO  client.GrpcClientProtocolClient (GrpcClientProtocolClient.java:onNext(255)) - client-71F61C017E1E->6c928baf-cc3b-4a10-9362-ff4e15dca71d: receive RaftClientReply:client-71F61C017E1E->6c928baf-cc3b-4a10-9362-ff4e15dca71d@group-586430B97ADD, cid=2760, SUCCESS, logIndex=3981, commits[6c928baf-cc3b-4a10-9362-ff4e15dca71d:c3983]
2019-08-10 04:38:23,453 INFO  client.GrpcClientProtocolClient (GrpcClientProtocolClient.java:onNext(255)) - client-71F61C017E1E->6c928baf-cc3b-4a10-9362-ff4e15dca71d: receive RaftClientReply:client-71F61C017E1E->6c928baf-cc3b-4a10-9362-ff4e15dca71d@group-586430B97ADD, cid=2761, SUCCESS, logIndex=3984, commits[6c928baf-cc3b-4a10-9362-ff4e15dca71d:c3985]
2019-08-10 04:38:23,454 INFO  client.GrpcClientProtocolClient (GrpcClientProtocolClient.java:onNext(255)) - client-71F61C017E1E->6c928baf-cc3b-4a10-9362-ff4e15dca71d: receive RaftClientReply:client-71F61C017E1E->6c928baf-cc3b-4a10-9362-ff4e15dca71d@group-586430B97ADD, cid=2762, SUCCESS, logIndex=3985, commits[6c928baf-cc3b-4a10-9362-ff4e15dca71d:c3985]
2019-08-10 04:38:23,455 INFO  client.GrpcClientProtocolClient (GrpcClientProtocolClient.java:onNext(255)) - client-71F61C017E1E->6c928baf-cc3b-4a10-9362-ff4e15dca71d: receive RaftClientReply:client-71F61C017E1E->6c928baf-cc3b-4a10-9362-ff4e15dca71d@group-586430B97ADD, cid=2763, SUCCESS, logIndex=3986, commits[6c928baf-cc3b-4a10-9362-ff4e15dca71d:c3987]
2019-08-10 04:38:23,455 INFO  client.GrpcClientProtocolClient (GrpcClientProtocolClient.java:onNext(255)) - client-71F61C017E1E->6c928baf-cc3b-4a10-9362-ff4e15dca71d: receive RaftClientReply:client-71F61C017E1E->6c928baf-cc3b-4a10-9362-ff4e15dca71d@group-586430B97ADD, cid=2764, SUCCESS, logIndex=3987, commits[6c928baf-cc3b-4a10-9362-ff4e15dca71d:c3988]
2019-08-10 04:38:23,473 INFO  client.GrpcClientProtocolClient (GrpcClientProtocolClient.java:onNext(255)) - client-71F61C017E1E->6c928baf-cc3b-4a10-9362-ff4e15dca71d: receive RaftClientReply:client-71F61C017E1E->6c928baf-cc3b-4a10-9362-ff4e15dca71d@group-586430B97ADD, cid=2765, SUCCESS, logIndex=3990, commits[6c928baf-cc3b-4a10-9362-ff4e15dca71d:c3991]
2019-08-10 04:38:23,473 INFO  client.GrpcClientProtocolClient (GrpcClientProtocolClient.java:onNext(255)) - client-71F61C017E1E->6c928baf-cc3b-4a10-9362-ff4e15dca71d: receive RaftClientReply:client-71F61C017E1E->6c928baf-cc3b-4a10-9362-ff4e15dca71d@group-586430B97ADD, cid=2766, SUCCESS, logIndex=3991, commits[6c928baf-cc3b-4a10-9362-ff4e15dca71d:c3993]
2019-08-10 04:38:23,474 INFO  client.GrpcClientProtocolClient (GrpcClientProtocolClient.java:onNext(255)) - client-71F61C017E1E->6c928baf-cc3b-4a10-9362-ff4e15dca71d: receive RaftClientReply:client-71F61C017E1E->6c928baf-cc3b-4a10-9362-ff4e15dca71d@group-586430B97ADD, cid=2767, SUCCESS, logIndex=3992, commits[6c928baf-cc3b-4a10-9362-ff4e15dca71d:c3993]
2019-08-10 04:38:23,474 INFO  client.GrpcClientProtocolClient (GrpcClientProtocolClient.java:onNext(255)) - client-71F61C017E1E->6c928baf-cc3b-4a10-9362-ff4e15dca71d: receive RaftClientReply:client-71F61C017E1E->6c928baf-cc3b-4a10-9362-ff4e15dca71d@group-586430B97ADD, cid=2768, SUCCESS, logIndex=3993, commits[6c928baf-cc3b-4a10-9362-ff4e15dca71d:c3994]
2019-08-10 04:38:23,491 DEBUG block.SCMBlockDeletingService (SCMBlockDeletingService.java:call(138)) - Running DeletedBlockTransactionScanner
2019-08-10 04:38:23,492 DEBUG block.SCMBlockDeletingService (SCMBlockDeletingService.java:call(155)) - Scanned deleted blocks log and got 0 delTX to process.
2019-08-10 04:38:23,501 INFO  client.GrpcClientProtocolClient (GrpcClientProtocolClient.java:onNext(255)) - client-71F61C017E1E->6c928baf-cc3b-4a10-9362-ff4e15dca71d: receive RaftClientReply:client-71F61C017E1E->6c928baf-cc3b-4a10-9362-ff4e15dca71d@group-586430B97ADD, cid=2769, SUCCESS, logIndex=3996, commits[6c928baf-cc3b-4a10-9362-ff4e15dca71d:c3997]
2019-08-10 04:38:23,501 INFO  client.GrpcClientProtocolClient (GrpcClientProtocolClient.java:onNext(255)) - client-71F61C017E1E->6c928baf-cc3b-4a10-9362-ff4e15dca71d: receive RaftClientReply:client-71F61C017E1E->6c928baf-cc3b-4a10-9362-ff4e15dca71d@group-586430B97ADD, cid=2770, SUCCESS, logIndex=3997, commits[6c928baf-cc3b-4a10-9362-ff4e15dca71d:c3999]
2019-08-10 04:38:23,502 INFO  client.GrpcClientProtocolClient (GrpcClientProtocolClient.java:onNext(255)) - client-71F61C017E1E->6c928baf-cc3b-4a10-9362-ff4e15dca71d: receive RaftClientReply:client-71F61C017E1E->6c928baf-cc3b-4a10-9362-ff4e15dca71d@group-586430B97ADD, cid=2771, SUCCESS, logIndex=3998, commits[6c928baf-cc3b-4a10-9362-ff4e15dca71d:c3999]
2019-08-10 04:38:23,502 INFO  client.GrpcClientProtocolClient (GrpcClientProtocolClient.java:onNext(255)) - client-71F61C017E1E->6c928baf-cc3b-4a10-9362-ff4e15dca71d: receive RaftClientReply:client-71F61C017E1E->6c928baf-cc3b-4a10-9362-ff4e15dca71d@group-586430B97ADD, cid=2772, SUCCESS, logIndex=3999, commits[6c928baf-cc3b-4a10-9362-ff4e15dca71d:c4000]
2019-08-10 04:38:23,520 INFO  client.GrpcClientProtocolClient (GrpcClientProtocolClient.java:onNext(255)) - client-71F61C017E1E->6c928baf-cc3b-4a10-9362-ff4e15dca71d: receive RaftClientReply:client-71F61C017E1E->6c928baf-cc3b-4a10-9362-ff4e15dca71d@group-586430B97ADD, cid=2773, SUCCESS, logIndex=4002, commits[6c928baf-cc3b-4a10-9362-ff4e15dca71d:c4003]
2019-08-10 04:38:23,521 INFO  client.GrpcClientProtocolClient (GrpcClientProtocolClient.java:onNext(255)) - client-71F61C017E1E->6c928baf-cc3b-4a10-9362-ff4e15dca71d: receive RaftClientReply:client-71F61C017E1E->6c928baf-cc3b-4a10-9362-ff4e15dca71d@group-586430B97ADD, cid=2774, SUCCESS, logIndex=4003, commits[6c928baf-cc3b-4a10-9362-ff4e15dca71d:c4005]
2019-08-10 04:38:23,521 INFO  client.GrpcClientProtocolClient (GrpcClientProtocolClient.java:onNext(255)) - client-71F61C017E1E->6c928baf-cc3b-4a10-9362-ff4e15dca71d: receive RaftClientReply:client-71F61C017E1E->6c928baf-cc3b-4a10-9362-ff4e15dca71d@group-586430B97ADD, cid=2775, SUCCESS, logIndex=4004, commits[6c928baf-cc3b-4a10-9362-ff4e15dca71d:c4005]
2019-08-10 04:38:23,521 INFO  client.GrpcClientProtocolClient (GrpcClientProtocolClient.java:onNext(255)) - client-71F61C017E1E->6c928baf-cc3b-4a10-9362-ff4e15dca71d: receive RaftClientReply:client-71F61C017E1E->6c928baf-cc3b-4a10-9362-ff4e15dca71d@group-586430B97ADD, cid=2776, SUCCESS, logIndex=4005, commits[6c928baf-cc3b-4a10-9362-ff4e15dca71d:c4006]
2019-08-10 04:38:23,552 INFO  client.GrpcClientProtocolClient (GrpcClientProtocolClient.java:onNext(255)) - client-71F61C017E1E->6c928baf-cc3b-4a10-9362-ff4e15dca71d: receive RaftClientReply:client-71F61C017E1E->6c928baf-cc3b-4a10-9362-ff4e15dca71d@group-586430B97ADD, cid=2777, SUCCESS, logIndex=4008, commits[6c928baf-cc3b-4a10-9362-ff4e15dca71d:c4011]
2019-08-10 04:38:23,552 INFO  client.GrpcClientProtocolClient (GrpcClientProtocolClient.java:onNext(255)) - client-71F61C017E1E->6c928baf-cc3b-4a10-9362-ff4e15dca71d: receive RaftClientReply:client-71F61C017E1E->6c928baf-cc3b-4a10-9362-ff4e15dca71d@group-586430B97ADD, cid=2778, SUCCESS, logIndex=4009, commits[6c928baf-cc3b-4a10-9362-ff4e15dca71d:c4012]
2019-08-10 04:38:23,553 INFO  client.GrpcClientProtocolClient (GrpcClientProtocolClient.java:onNext(255)) - client-71F61C017E1E->6c928baf-cc3b-4a10-9362-ff4e15dca71d: receive RaftClientReply:client-71F61C017E1E->6c928baf-cc3b-4a10-9362-ff4e15dca71d@group-586430B97ADD, cid=2779, SUCCESS, logIndex=4010, commits[6c928baf-cc3b-4a10-9362-ff4e15dca71d:c4012]
2019-08-10 04:38:23,553 INFO  client.GrpcClientProtocolClient (GrpcClientProtocolClient.java:onNext(255)) - client-71F61C017E1E->6c928baf-cc3b-4a10-9362-ff4e15dca71d: receive RaftClientReply:client-71F61C017E1E->6c928baf-cc3b-4a10-9362-ff4e15dca71d@group-586430B97ADD, cid=2780, SUCCESS, logIndex=4011, commits[6c928baf-cc3b-4a10-9362-ff4e15dca71d:c4012]
2019-08-10 04:38:23,572 INFO  client.GrpcClientProtocolClient (GrpcClientProtocolClient.java:onNext(255)) - client-71F61C017E1E->6c928baf-cc3b-4a10-9362-ff4e15dca71d: receive RaftClientReply:client-71F61C017E1E->6c928baf-cc3b-4a10-9362-ff4e15dca71d@group-586430B97ADD, cid=2781, SUCCESS, logIndex=4013, commits[6c928baf-cc3b-4a10-9362-ff4e15dca71d:c4014]
2019-08-10 04:38:23,572 INFO  client.GrpcClientProtocolClient (GrpcClientProtocolClient.java:onNext(255)) - client-71F61C017E1E->6c928baf-cc3b-4a10-9362-ff4e15dca71d: receive RaftClientReply:client-71F61C017E1E->6c928baf-cc3b-4a10-9362-ff4e15dca71d@group-586430B97ADD, cid=2782, SUCCESS, logIndex=4014, commits[6c928baf-cc3b-4a10-9362-ff4e15dca71d:c4016]
2019-08-10 04:38:23,573 INFO  client.GrpcClientProtocolClient (GrpcClientProtocolClient.java:onNext(255)) - client-71F61C017E1E->6c928baf-cc3b-4a10-9362-ff4e15dca71d: receive RaftClientReply:client-71F61C017E1E->6c928baf-cc3b-4a10-9362-ff4e15dca71d@group-586430B97ADD, cid=2783, SUCCESS, logIndex=4015, commits[6c928baf-cc3b-4a10-9362-ff4e15dca71d:c4017]
2019-08-10 04:38:23,573 INFO  client.GrpcClientProtocolClient (GrpcClientProtocolClient.java:onNext(255)) - client-71F61C017E1E->6c928baf-cc3b-4a10-9362-ff4e15dca71d: receive RaftClientReply:client-71F61C017E1E->6c928baf-cc3b-4a10-9362-ff4e15dca71d@group-586430B97ADD, cid=2784, SUCCESS, logIndex=4016, commits[6c928baf-cc3b-4a10-9362-ff4e15dca71d:c4017]
2019-08-10 04:38:23,592 DEBUG block.SCMBlockDeletingService (SCMBlockDeletingService.java:call(138)) - Running DeletedBlockTransactionScanner
2019-08-10 04:38:23,593 DEBUG block.SCMBlockDeletingService (SCMBlockDeletingService.java:call(155)) - Scanned deleted blocks log and got 0 delTX to process.
2019-08-10 04:38:23,684 INFO  client.GrpcClientProtocolClient (GrpcClientProtocolClient.java:onNext(255)) - client-71F61C017E1E->6c928baf-cc3b-4a10-9362-ff4e15dca71d: receive RaftClientReply:client-71F61C017E1E->6c928baf-cc3b-4a10-9362-ff4e15dca71d@group-586430B97ADD, cid=2785, SUCCESS, logIndex=4019, commits[6c928baf-cc3b-4a10-9362-ff4e15dca71d:c4022]
2019-08-10 04:38:23,685 INFO  client.GrpcClientProtocolClient (GrpcClientProtocolClient.java:onNext(255)) - client-71F61C017E1E->6c928baf-cc3b-4a10-9362-ff4e15dca71d: receive RaftClientReply:client-71F61C017E1E->6c928baf-cc3b-4a10-9362-ff4e15dca71d@group-586430B97ADD, cid=2786, SUCCESS, logIndex=4020, commits[6c928baf-cc3b-4a10-9362-ff4e15dca71d:c4023]
2019-08-10 04:38:23,685 INFO  client.GrpcClientProtocolClient (GrpcClientProtocolClient.java:onNext(255)) - client-71F61C017E1E->6c928baf-cc3b-4a10-9362-ff4e15dca71d: receive RaftClientReply:client-71F61C017E1E->6c928baf-cc3b-4a10-9362-ff4e15dca71d@group-586430B97ADD, cid=2787, SUCCESS, logIndex=4021, commits[6c928baf-cc3b-4a10-9362-ff4e15dca71d:c4023]
2019-08-10 04:38:23,686 INFO  client.GrpcClientProtocolClient (GrpcClientProtocolClient.java:onNext(255)) - client-71F61C017E1E->6c928baf-cc3b-4a10-9362-ff4e15dca71d: receive RaftClientReply:client-71F61C017E1E->6c928baf-cc3b-4a10-9362-ff4e15dca71d@group-586430B97ADD, cid=2788, SUCCESS, logIndex=4022, commits[6c928baf-cc3b-4a10-9362-ff4e15dca71d:c4023]
2019-08-10 04:38:23,693 DEBUG block.SCMBlockDeletingService (SCMBlockDeletingService.java:call(138)) - Running DeletedBlockTransactionScanner
2019-08-10 04:38:23,693 DEBUG block.SCMBlockDeletingService (SCMBlockDeletingService.java:call(155)) - Scanned deleted blocks log and got 0 delTX to process.
2019-08-10 04:38:23,707 INFO  client.GrpcClientProtocolClient (GrpcClientProtocolClient.java:onNext(255)) - client-71F61C017E1E->6c928baf-cc3b-4a10-9362-ff4e15dca71d: receive RaftClientReply:client-71F61C017E1E->6c928baf-cc3b-4a10-9362-ff4e15dca71d@group-586430B97ADD, cid=2789, SUCCESS, logIndex=4024, commits[6c928baf-cc3b-4a10-9362-ff4e15dca71d:c4027]
2019-08-10 04:38:23,707 INFO  client.GrpcClientProtocolClient (GrpcClientProtocolClient.java:onNext(255)) - client-71F61C017E1E->6c928baf-cc3b-4a10-9362-ff4e15dca71d: receive RaftClientReply:client-71F61C017E1E->6c928baf-cc3b-4a10-9362-ff4e15dca71d@group-586430B97ADD, cid=2790, SUCCESS, logIndex=4025, commits[6c928baf-cc3b-4a10-9362-ff4e15dca71d:c4028]
2019-08-10 04:38:23,707 INFO  client.GrpcClientProtocolClient (GrpcClientProtocolClient.java:onNext(255)) - client-71F61C017E1E->6c928baf-cc3b-4a10-9362-ff4e15dca71d: receive RaftClientReply:client-71F61C017E1E->6c928baf-cc3b-4a10-9362-ff4e15dca71d@group-586430B97ADD, cid=2791, SUCCESS, logIndex=4026, commits[6c928baf-cc3b-4a10-9362-ff4e15dca71d:c4028]
2019-08-10 04:38:23,708 INFO  client.GrpcClientProtocolClient (GrpcClientProtocolClient.java:onNext(255)) - client-71F61C017E1E->6c928baf-cc3b-4a10-9362-ff4e15dca71d: receive RaftClientReply:client-71F61C017E1E->6c928baf-cc3b-4a10-9362-ff4e15dca71d@group-586430B97ADD, cid=2792, SUCCESS, logIndex=4027, commits[6c928baf-cc3b-4a10-9362-ff4e15dca71d:c4028]
2019-08-10 04:38:23,736 INFO  client.GrpcClientProtocolClient (GrpcClientProtocolClient.java:onNext(255)) - client-71F61C017E1E->6c928baf-cc3b-4a10-9362-ff4e15dca71d: receive RaftClientReply:client-71F61C017E1E->6c928baf-cc3b-4a10-9362-ff4e15dca71d@group-586430B97ADD, cid=2793, SUCCESS, logIndex=4029, commits[6c928baf-cc3b-4a10-9362-ff4e15dca71d:c4030]
2019-08-10 04:38:23,736 INFO  client.GrpcClientProtocolClient (GrpcClientProtocolClient.java:onNext(255)) - client-71F61C017E1E->6c928baf-cc3b-4a10-9362-ff4e15dca71d: receive RaftClientReply:client-71F61C017E1E->6c928baf-cc3b-4a10-9362-ff4e15dca71d@group-586430B97ADD, cid=2794, SUCCESS, logIndex=4030, commits[6c928baf-cc3b-4a10-9362-ff4e15dca71d:c4030]
2019-08-10 04:38:23,737 INFO  client.GrpcClientProtocolClient (GrpcClientProtocolClient.java:onNext(255)) - client-71F61C017E1E->6c928baf-cc3b-4a10-9362-ff4e15dca71d: receive RaftClientReply:client-71F61C017E1E->6c928baf-cc3b-4a10-9362-ff4e15dca71d@group-586430B97ADD, cid=2795, SUCCESS, logIndex=4031, commits[6c928baf-cc3b-4a10-9362-ff4e15dca71d:c4032]
2019-08-10 04:38:23,737 INFO  client.GrpcClientProtocolClient (GrpcClientProtocolClient.java:onNext(255)) - client-71F61C017E1E->6c928baf-cc3b-4a10-9362-ff4e15dca71d: receive RaftClientReply:client-71F61C017E1E->6c928baf-cc3b-4a10-9362-ff4e15dca71d@group-586430B97ADD, cid=2796, SUCCESS, logIndex=4032, commits[6c928baf-cc3b-4a10-9362-ff4e15dca71d:c4033]
2019-08-10 04:38:23,762 INFO  client.GrpcClientProtocolClient (GrpcClientProtocolClient.java:onNext(255)) - client-71F61C017E1E->6c928baf-cc3b-4a10-9362-ff4e15dca71d: receive RaftClientReply:client-71F61C017E1E->6c928baf-cc3b-4a10-9362-ff4e15dca71d@group-586430B97ADD, cid=2797, SUCCESS, logIndex=4035, commits[6c928baf-cc3b-4a10-9362-ff4e15dca71d:c4038]
2019-08-10 04:38:23,762 INFO  client.GrpcClientProtocolClient (GrpcClientProtocolClient.java:onNext(255)) - client-71F61C017E1E->6c928baf-cc3b-4a10-9362-ff4e15dca71d: receive RaftClientReply:client-71F61C017E1E->6c928baf-cc3b-4a10-9362-ff4e15dca71d@group-586430B97ADD, cid=2798, SUCCESS, logIndex=4036, commits[6c928baf-cc3b-4a10-9362-ff4e15dca71d:c4039]
2019-08-10 04:38:23,763 INFO  client.GrpcClientProtocolClient (GrpcClientProtocolClient.java:onNext(255)) - client-71F61C017E1E->6c928baf-cc3b-4a10-9362-ff4e15dca71d: receive RaftClientReply:client-71F61C017E1E->6c928baf-cc3b-4a10-9362-ff4e15dca71d@group-586430B97ADD, cid=2799, SUCCESS, logIndex=4037, commits[6c928baf-cc3b-4a10-9362-ff4e15dca71d:c4039]
2019-08-10 04:38:23,763 INFO  client.GrpcClientProtocolClient (GrpcClientProtocolClient.java:onNext(255)) - client-71F61C017E1E->6c928baf-cc3b-4a10-9362-ff4e15dca71d: receive RaftClientReply:client-71F61C017E1E->6c928baf-cc3b-4a10-9362-ff4e15dca71d@group-586430B97ADD, cid=2800, SUCCESS, logIndex=4038, commits[6c928baf-cc3b-4a10-9362-ff4e15dca71d:c4039]
2019-08-10 04:38:23,794 DEBUG block.SCMBlockDeletingService (SCMBlockDeletingService.java:call(138)) - Running DeletedBlockTransactionScanner
2019-08-10 04:38:23,794 INFO  client.GrpcClientProtocolClient (GrpcClientProtocolClient.java:onNext(255)) - client-71F61C017E1E->6c928baf-cc3b-4a10-9362-ff4e15dca71d: receive RaftClientReply:client-71F61C017E1E->6c928baf-cc3b-4a10-9362-ff4e15dca71d@group-586430B97ADD, cid=2801, SUCCESS, logIndex=4040, commits[6c928baf-cc3b-4a10-9362-ff4e15dca71d:c4041]
2019-08-10 04:38:23,794 DEBUG block.SCMBlockDeletingService (SCMBlockDeletingService.java:call(155)) - Scanned deleted blocks log and got 0 delTX to process.
2019-08-10 04:38:23,796 INFO  client.GrpcClientProtocolClient (GrpcClientProtocolClient.java:onNext(255)) - client-71F61C017E1E->6c928baf-cc3b-4a10-9362-ff4e15dca71d: receive RaftClientReply:client-71F61C017E1E->6c928baf-cc3b-4a10-9362-ff4e15dca71d@group-586430B97ADD, cid=2802, SUCCESS, logIndex=4041, commits[6c928baf-cc3b-4a10-9362-ff4e15dca71d:c4041]
2019-08-10 04:38:23,797 INFO  client.GrpcClientProtocolClient (GrpcClientProtocolClient.java:onNext(255)) - client-71F61C017E1E->6c928baf-cc3b-4a10-9362-ff4e15dca71d: receive RaftClientReply:client-71F61C017E1E->6c928baf-cc3b-4a10-9362-ff4e15dca71d@group-586430B97ADD, cid=2803, SUCCESS, logIndex=4042, commits[6c928baf-cc3b-4a10-9362-ff4e15dca71d:c4043]
2019-08-10 04:38:23,797 INFO  client.GrpcClientProtocolClient (GrpcClientProtocolClient.java:onNext(255)) - client-71F61C017E1E->6c928baf-cc3b-4a10-9362-ff4e15dca71d: receive RaftClientReply:client-71F61C017E1E->6c928baf-cc3b-4a10-9362-ff4e15dca71d@group-586430B97ADD, cid=2804, SUCCESS, logIndex=4043, commits[6c928baf-cc3b-4a10-9362-ff4e15dca71d:c4044]
2019-08-10 04:38:23,817 INFO  client.GrpcClientProtocolClient (GrpcClientProtocolClient.java:onNext(255)) - client-71F61C017E1E->6c928baf-cc3b-4a10-9362-ff4e15dca71d: receive RaftClientReply:client-71F61C017E1E->6c928baf-cc3b-4a10-9362-ff4e15dca71d@group-586430B97ADD, cid=2805, SUCCESS, logIndex=4046, commits[6c928baf-cc3b-4a10-9362-ff4e15dca71d:c4049]
2019-08-10 04:38:23,817 INFO  client.GrpcClientProtocolClient (GrpcClientProtocolClient.java:onNext(255)) - client-71F61C017E1E->6c928baf-cc3b-4a10-9362-ff4e15dca71d: receive RaftClientReply:client-71F61C017E1E->6c928baf-cc3b-4a10-9362-ff4e15dca71d@group-586430B97ADD, cid=2806, SUCCESS, logIndex=4047, commits[6c928baf-cc3b-4a10-9362-ff4e15dca71d:c4049]
2019-08-10 04:38:23,818 INFO  client.GrpcClientProtocolClient (GrpcClientProtocolClient.java:onNext(255)) - client-71F61C017E1E->6c928baf-cc3b-4a10-9362-ff4e15dca71d: receive RaftClientReply:client-71F61C017E1E->6c928baf-cc3b-4a10-9362-ff4e15dca71d@group-586430B97ADD, cid=2807, SUCCESS, logIndex=4048, commits[6c928baf-cc3b-4a10-9362-ff4e15dca71d:c4050]
2019-08-10 04:38:23,818 INFO  client.GrpcClientProtocolClient (GrpcClientProtocolClient.java:onNext(255)) - client-71F61C017E1E->6c928baf-cc3b-4a10-9362-ff4e15dca71d: receive RaftClientReply:client-71F61C017E1E->6c928baf-cc3b-4a10-9362-ff4e15dca71d@group-586430B97ADD, cid=2808, SUCCESS, logIndex=4049, commits[6c928baf-cc3b-4a10-9362-ff4e15dca71d:c4051]
2019-08-10 04:38:23,847 INFO  client.GrpcClientProtocolClient (GrpcClientProtocolClient.java:onNext(255)) - client-71F61C017E1E->6c928baf-cc3b-4a10-9362-ff4e15dca71d: receive RaftClientReply:client-71F61C017E1E->6c928baf-cc3b-4a10-9362-ff4e15dca71d@group-586430B97ADD, cid=2809, SUCCESS, logIndex=4052, commits[6c928baf-cc3b-4a10-9362-ff4e15dca71d:c4053]
2019-08-10 04:38:23,847 INFO  client.GrpcClientProtocolClient (GrpcClientProtocolClient.java:onNext(255)) - client-71F61C017E1E->6c928baf-cc3b-4a10-9362-ff4e15dca71d: receive RaftClientReply:client-71F61C017E1E->6c928baf-cc3b-4a10-9362-ff4e15dca71d@group-586430B97ADD, cid=2810, SUCCESS, logIndex=4053, commits[6c928baf-cc3b-4a10-9362-ff4e15dca71d:c4055]
2019-08-10 04:38:23,848 INFO  client.GrpcClientProtocolClient (GrpcClientProtocolClient.java:onNext(255)) - client-71F61C017E1E->6c928baf-cc3b-4a10-9362-ff4e15dca71d: receive RaftClientReply:client-71F61C017E1E->6c928baf-cc3b-4a10-9362-ff4e15dca71d@group-586430B97ADD, cid=2811, SUCCESS, logIndex=4054, commits[6c928baf-cc3b-4a10-9362-ff4e15dca71d:c4056]
2019-08-10 04:38:23,848 INFO  client.GrpcClientProtocolClient (GrpcClientProtocolClient.java:onNext(255)) - client-71F61C017E1E->6c928baf-cc3b-4a10-9362-ff4e15dca71d: receive RaftClientReply:client-71F61C017E1E->6c928baf-cc3b-4a10-9362-ff4e15dca71d@group-586430B97ADD, cid=2812, SUCCESS, logIndex=4055, commits[6c928baf-cc3b-4a10-9362-ff4e15dca71d:c4056]
2019-08-10 04:38:23,867 INFO  client.GrpcClientProtocolClient (GrpcClientProtocolClient.java:onNext(255)) - client-71F61C017E1E->6c928baf-cc3b-4a10-9362-ff4e15dca71d: receive RaftClientReply:client-71F61C017E1E->6c928baf-cc3b-4a10-9362-ff4e15dca71d@group-586430B97ADD, cid=2813, SUCCESS, logIndex=4058, commits[6c928baf-cc3b-4a10-9362-ff4e15dca71d:c4059]
2019-08-10 04:38:23,868 INFO  client.GrpcClientProtocolClient (GrpcClientProtocolClient.java:onNext(255)) - client-71F61C017E1E->6c928baf-cc3b-4a10-9362-ff4e15dca71d: receive RaftClientReply:client-71F61C017E1E->6c928baf-cc3b-4a10-9362-ff4e15dca71d@group-586430B97ADD, cid=2814, SUCCESS, logIndex=4059, commits[6c928baf-cc3b-4a10-9362-ff4e15dca71d:c4061]
2019-08-10 04:38:23,868 INFO  client.GrpcClientProtocolClient (GrpcClientProtocolClient.java:onNext(255)) - client-71F61C017E1E->6c928baf-cc3b-4a10-9362-ff4e15dca71d: receive RaftClientReply:client-71F61C017E1E->6c928baf-cc3b-4a10-9362-ff4e15dca71d@group-586430B97ADD, cid=2815, SUCCESS, logIndex=4060, commits[6c928baf-cc3b-4a10-9362-ff4e15dca71d:c4062]
2019-08-10 04:38:23,868 INFO  client.GrpcClientProtocolClient (GrpcClientProtocolClient.java:onNext(255)) - client-71F61C017E1E->6c928baf-cc3b-4a10-9362-ff4e15dca71d: receive RaftClientReply:client-71F61C017E1E->6c928baf-cc3b-4a10-9362-ff4e15dca71d@group-586430B97ADD, cid=2816, SUCCESS, logIndex=4061, commits[6c928baf-cc3b-4a10-9362-ff4e15dca71d:c4062]
2019-08-10 04:38:23,895 DEBUG block.SCMBlockDeletingService (SCMBlockDeletingService.java:call(138)) - Running DeletedBlockTransactionScanner
2019-08-10 04:38:23,895 DEBUG block.SCMBlockDeletingService (SCMBlockDeletingService.java:call(155)) - Scanned deleted blocks log and got 0 delTX to process.
2019-08-10 04:38:23,897 INFO  client.GrpcClientProtocolClient (GrpcClientProtocolClient.java:onNext(255)) - client-71F61C017E1E->6c928baf-cc3b-4a10-9362-ff4e15dca71d: receive RaftClientReply:client-71F61C017E1E->6c928baf-cc3b-4a10-9362-ff4e15dca71d@group-586430B97ADD, cid=2817, SUCCESS, logIndex=4064, commits[6c928baf-cc3b-4a10-9362-ff4e15dca71d:c4065]
2019-08-10 04:38:23,898 INFO  client.GrpcClientProtocolClient (GrpcClientProtocolClient.java:onNext(255)) - client-71F61C017E1E->6c928baf-cc3b-4a10-9362-ff4e15dca71d: receive RaftClientReply:client-71F61C017E1E->6c928baf-cc3b-4a10-9362-ff4e15dca71d@group-586430B97ADD, cid=2818, SUCCESS, logIndex=4065, commits[6c928baf-cc3b-4a10-9362-ff4e15dca71d:c4067]
2019-08-10 04:38:23,898 INFO  client.GrpcClientProtocolClient (GrpcClientProtocolClient.java:onNext(255)) - client-71F61C017E1E->6c928baf-cc3b-4a10-9362-ff4e15dca71d: receive RaftClientReply:client-71F61C017E1E->6c928baf-cc3b-4a10-9362-ff4e15dca71d@group-586430B97ADD, cid=2819, SUCCESS, logIndex=4066, commits[6c928baf-cc3b-4a10-9362-ff4e15dca71d:c4068]
2019-08-10 04:38:23,899 INFO  client.GrpcClientProtocolClient (GrpcClientProtocolClient.java:onNext(255)) - client-71F61C017E1E->6c928baf-cc3b-4a10-9362-ff4e15dca71d: receive RaftClientReply:client-71F61C017E1E->6c928baf-cc3b-4a10-9362-ff4e15dca71d@group-586430B97ADD, cid=2820, SUCCESS, logIndex=4067, commits[6c928baf-cc3b-4a10-9362-ff4e15dca71d:c4068]
2019-08-10 04:38:23,917 INFO  client.GrpcClientProtocolClient (GrpcClientProtocolClient.java:onNext(255)) - client-71F61C017E1E->6c928baf-cc3b-4a10-9362-ff4e15dca71d: receive RaftClientReply:client-71F61C017E1E->6c928baf-cc3b-4a10-9362-ff4e15dca71d@group-586430B97ADD, cid=2821, SUCCESS, logIndex=4070, commits[6c928baf-cc3b-4a10-9362-ff4e15dca71d:c4071]
2019-08-10 04:38:23,918 INFO  client.GrpcClientProtocolClient (GrpcClientProtocolClient.java:onNext(255)) - client-71F61C017E1E->6c928baf-cc3b-4a10-9362-ff4e15dca71d: receive RaftClientReply:client-71F61C017E1E->6c928baf-cc3b-4a10-9362-ff4e15dca71d@group-586430B97ADD, cid=2822, SUCCESS, logIndex=4071, commits[6c928baf-cc3b-4a10-9362-ff4e15dca71d:c4071]
2019-08-10 04:38:23,918 INFO  client.GrpcClientProtocolClient (GrpcClientProtocolClient.java:onNext(255)) - client-71F61C017E1E->6c928baf-cc3b-4a10-9362-ff4e15dca71d: receive RaftClientReply:client-71F61C017E1E->6c928baf-cc3b-4a10-9362-ff4e15dca71d@group-586430B97ADD, cid=2823, SUCCESS, logIndex=4072, commits[6c928baf-cc3b-4a10-9362-ff4e15dca71d:c4073]
2019-08-10 04:38:23,918 INFO  client.GrpcClientProtocolClient (GrpcClientProtocolClient.java:onNext(255)) - client-71F61C017E1E->6c928baf-cc3b-4a10-9362-ff4e15dca71d: receive RaftClientReply:client-71F61C017E1E->6c928baf-cc3b-4a10-9362-ff4e15dca71d@group-586430B97ADD, cid=2824, SUCCESS, logIndex=4073, commits[6c928baf-cc3b-4a10-9362-ff4e15dca71d:c4073]
2019-08-10 04:38:23,943 INFO  client.GrpcClientProtocolClient (GrpcClientProtocolClient.java:onNext(255)) - client-71F61C017E1E->6c928baf-cc3b-4a10-9362-ff4e15dca71d: receive RaftClientReply:client-71F61C017E1E->6c928baf-cc3b-4a10-9362-ff4e15dca71d@group-586430B97ADD, cid=2825, SUCCESS, logIndex=4076, commits[6c928baf-cc3b-4a10-9362-ff4e15dca71d:c4077]
2019-08-10 04:38:23,944 INFO  client.GrpcClientProtocolClient (GrpcClientProtocolClient.java:onNext(255)) - client-71F61C017E1E->6c928baf-cc3b-4a10-9362-ff4e15dca71d: receive RaftClientReply:client-71F61C017E1E->6c928baf-cc3b-4a10-9362-ff4e15dca71d@group-586430B97ADD, cid=2826, SUCCESS, logIndex=4077, commits[6c928baf-cc3b-4a10-9362-ff4e15dca71d:c4079]
2019-08-10 04:38:23,944 INFO  client.GrpcClientProtocolClient (GrpcClientProtocolClient.java:onNext(255)) - client-71F61C017E1E->6c928baf-cc3b-4a10-9362-ff4e15dca71d: receive RaftClientReply:client-71F61C017E1E->6c928baf-cc3b-4a10-9362-ff4e15dca71d@group-586430B97ADD, cid=2827, SUCCESS, logIndex=4078, commits[6c928baf-cc3b-4a10-9362-ff4e15dca71d:c4080]
2019-08-10 04:38:23,944 INFO  client.GrpcClientProtocolClient (GrpcClientProtocolClient.java:onNext(255)) - client-71F61C017E1E->6c928baf-cc3b-4a10-9362-ff4e15dca71d: receive RaftClientReply:client-71F61C017E1E->6c928baf-cc3b-4a10-9362-ff4e15dca71d@group-586430B97ADD, cid=2828, SUCCESS, logIndex=4079, commits[6c928baf-cc3b-4a10-9362-ff4e15dca71d:c4080]
2019-08-10 04:38:24,008 DEBUG block.SCMBlockDeletingService (SCMBlockDeletingService.java:call(138)) - Running DeletedBlockTransactionScanner
2019-08-10 04:38:24,009 DEBUG block.SCMBlockDeletingService (SCMBlockDeletingService.java:call(155)) - Scanned deleted blocks log and got 0 delTX to process.
2019-08-10 04:38:24,109 DEBUG block.SCMBlockDeletingService (SCMBlockDeletingService.java:call(138)) - Running DeletedBlockTransactionScanner
2019-08-10 04:38:24,109 DEBUG block.SCMBlockDeletingService (SCMBlockDeletingService.java:call(155)) - Scanned deleted blocks log and got 0 delTX to process.
2019-08-10 04:38:24,143 INFO  client.GrpcClientProtocolClient (GrpcClientProtocolClient.java:onNext(255)) - client-71F61C017E1E->6c928baf-cc3b-4a10-9362-ff4e15dca71d: receive RaftClientReply:client-71F61C017E1E->6c928baf-cc3b-4a10-9362-ff4e15dca71d@group-586430B97ADD, cid=2829, SUCCESS, logIndex=4082, commits[6c928baf-cc3b-4a10-9362-ff4e15dca71d:c4083]
2019-08-10 04:38:24,144 INFO  client.GrpcClientProtocolClient (GrpcClientProtocolClient.java:onNext(255)) - client-71F61C017E1E->6c928baf-cc3b-4a10-9362-ff4e15dca71d: receive RaftClientReply:client-71F61C017E1E->6c928baf-cc3b-4a10-9362-ff4e15dca71d@group-586430B97ADD, cid=2830, SUCCESS, logIndex=4083, commits[6c928baf-cc3b-4a10-9362-ff4e15dca71d:c4085]
2019-08-10 04:38:24,144 INFO  client.GrpcClientProtocolClient (GrpcClientProtocolClient.java:onNext(255)) - client-71F61C017E1E->6c928baf-cc3b-4a10-9362-ff4e15dca71d: receive RaftClientReply:client-71F61C017E1E->6c928baf-cc3b-4a10-9362-ff4e15dca71d@group-586430B97ADD, cid=2831, SUCCESS, logIndex=4084, commits[6c928baf-cc3b-4a10-9362-ff4e15dca71d:c4086]
2019-08-10 04:38:24,145 INFO  client.GrpcClientProtocolClient (GrpcClientProtocolClient.java:onNext(255)) - client-71F61C017E1E->6c928baf-cc3b-4a10-9362-ff4e15dca71d: receive RaftClientReply:client-71F61C017E1E->6c928baf-cc3b-4a10-9362-ff4e15dca71d@group-586430B97ADD, cid=2832, SUCCESS, logIndex=4085, commits[6c928baf-cc3b-4a10-9362-ff4e15dca71d:c4086]
2019-08-10 04:38:24,173 INFO  client.GrpcClientProtocolClient (GrpcClientProtocolClient.java:onNext(255)) - client-71F61C017E1E->6c928baf-cc3b-4a10-9362-ff4e15dca71d: receive RaftClientReply:client-71F61C017E1E->6c928baf-cc3b-4a10-9362-ff4e15dca71d@group-586430B97ADD, cid=2833, SUCCESS, logIndex=4088, commits[6c928baf-cc3b-4a10-9362-ff4e15dca71d:c4089]
2019-08-10 04:38:24,174 INFO  client.GrpcClientProtocolClient (GrpcClientProtocolClient.java:onNext(255)) - client-71F61C017E1E->6c928baf-cc3b-4a10-9362-ff4e15dca71d: receive RaftClientReply:client-71F61C017E1E->6c928baf-cc3b-4a10-9362-ff4e15dca71d@group-586430B97ADD, cid=2834, SUCCESS, logIndex=4089, commits[6c928baf-cc3b-4a10-9362-ff4e15dca71d:c4091]
2019-08-10 04:38:24,174 INFO  client.GrpcClientProtocolClient (GrpcClientProtocolClient.java:onNext(255)) - client-71F61C017E1E->6c928baf-cc3b-4a10-9362-ff4e15dca71d: receive RaftClientReply:client-71F61C017E1E->6c928baf-cc3b-4a10-9362-ff4e15dca71d@group-586430B97ADD, cid=2835, SUCCESS, logIndex=4090, commits[6c928baf-cc3b-4a10-9362-ff4e15dca71d:c4091]
2019-08-10 04:38:24,175 INFO  client.GrpcClientProtocolClient (GrpcClientProtocolClient.java:onNext(255)) - client-71F61C017E1E->6c928baf-cc3b-4a10-9362-ff4e15dca71d: receive RaftClientReply:client-71F61C017E1E->6c928baf-cc3b-4a10-9362-ff4e15dca71d@group-586430B97ADD, cid=2836, SUCCESS, logIndex=4091, commits[6c928baf-cc3b-4a10-9362-ff4e15dca71d:c4092]
2019-08-10 04:38:24,194 INFO  client.GrpcClientProtocolClient (GrpcClientProtocolClient.java:onNext(255)) - client-71F61C017E1E->6c928baf-cc3b-4a10-9362-ff4e15dca71d: receive RaftClientReply:client-71F61C017E1E->6c928baf-cc3b-4a10-9362-ff4e15dca71d@group-586430B97ADD, cid=2837, SUCCESS, logIndex=4094, commits[6c928baf-cc3b-4a10-9362-ff4e15dca71d:c4095]
2019-08-10 04:38:24,194 INFO  client.GrpcClientProtocolClient (GrpcClientProtocolClient.java:onNext(255)) - client-71F61C017E1E->6c928baf-cc3b-4a10-9362-ff4e15dca71d: receive RaftClientReply:client-71F61C017E1E->6c928baf-cc3b-4a10-9362-ff4e15dca71d@group-586430B97ADD, cid=2838, SUCCESS, logIndex=4095, commits[6c928baf-cc3b-4a10-9362-ff4e15dca71d:c4097]
2019-08-10 04:38:24,195 INFO  client.GrpcClientProtocolClient (GrpcClientProtocolClient.java:onNext(255)) - client-71F61C017E1E->6c928baf-cc3b-4a10-9362-ff4e15dca71d: receive RaftClientReply:client-71F61C017E1E->6c928baf-cc3b-4a10-9362-ff4e15dca71d@group-586430B97ADD, cid=2839, SUCCESS, logIndex=4096, commits[6c928baf-cc3b-4a10-9362-ff4e15dca71d:c4097]
2019-08-10 04:38:24,195 INFO  client.GrpcClientProtocolClient (GrpcClientProtocolClient.java:onNext(255)) - client-71F61C017E1E->6c928baf-cc3b-4a10-9362-ff4e15dca71d: receive RaftClientReply:client-71F61C017E1E->6c928baf-cc3b-4a10-9362-ff4e15dca71d@group-586430B97ADD, cid=2840, SUCCESS, logIndex=4097, commits[6c928baf-cc3b-4a10-9362-ff4e15dca71d:c4098]
2019-08-10 04:38:24,210 DEBUG block.SCMBlockDeletingService (SCMBlockDeletingService.java:call(138)) - Running DeletedBlockTransactionScanner
2019-08-10 04:38:24,210 DEBUG block.SCMBlockDeletingService (SCMBlockDeletingService.java:call(155)) - Scanned deleted blocks log and got 0 delTX to process.
2019-08-10 04:38:24,224 INFO  client.GrpcClientProtocolClient (GrpcClientProtocolClient.java:onNext(255)) - client-71F61C017E1E->6c928baf-cc3b-4a10-9362-ff4e15dca71d: receive RaftClientReply:client-71F61C017E1E->6c928baf-cc3b-4a10-9362-ff4e15dca71d@group-586430B97ADD, cid=2841, SUCCESS, logIndex=4100, commits[6c928baf-cc3b-4a10-9362-ff4e15dca71d:c4101]
2019-08-10 04:38:24,225 INFO  client.GrpcClientProtocolClient (GrpcClientProtocolClient.java:onNext(255)) - client-71F61C017E1E->6c928baf-cc3b-4a10-9362-ff4e15dca71d: receive RaftClientReply:client-71F61C017E1E->6c928baf-cc3b-4a10-9362-ff4e15dca71d@group-586430B97ADD, cid=2842, SUCCESS, logIndex=4101, commits[6c928baf-cc3b-4a10-9362-ff4e15dca71d:c4103]
2019-08-10 04:38:24,225 INFO  client.GrpcClientProtocolClient (GrpcClientProtocolClient.java:onNext(255)) - client-71F61C017E1E->6c928baf-cc3b-4a10-9362-ff4e15dca71d: receive RaftClientReply:client-71F61C017E1E->6c928baf-cc3b-4a10-9362-ff4e15dca71d@group-586430B97ADD, cid=2843, SUCCESS, logIndex=4102, commits[6c928baf-cc3b-4a10-9362-ff4e15dca71d:c4103]
2019-08-10 04:38:24,225 INFO  client.GrpcClientProtocolClient (GrpcClientProtocolClient.java:onNext(255)) - client-71F61C017E1E->6c928baf-cc3b-4a10-9362-ff4e15dca71d: receive RaftClientReply:client-71F61C017E1E->6c928baf-cc3b-4a10-9362-ff4e15dca71d@group-586430B97ADD, cid=2844, SUCCESS, logIndex=4103, commits[6c928baf-cc3b-4a10-9362-ff4e15dca71d:c4104]
2019-08-10 04:38:24,245 INFO  client.GrpcClientProtocolClient (GrpcClientProtocolClient.java:onNext(255)) - client-71F61C017E1E->6c928baf-cc3b-4a10-9362-ff4e15dca71d: receive RaftClientReply:client-71F61C017E1E->6c928baf-cc3b-4a10-9362-ff4e15dca71d@group-586430B97ADD, cid=2845, SUCCESS, logIndex=4106, commits[6c928baf-cc3b-4a10-9362-ff4e15dca71d:c4107]
2019-08-10 04:38:24,245 INFO  client.GrpcClientProtocolClient (GrpcClientProtocolClient.java:onNext(255)) - client-71F61C017E1E->6c928baf-cc3b-4a10-9362-ff4e15dca71d: receive RaftClientReply:client-71F61C017E1E->6c928baf-cc3b-4a10-9362-ff4e15dca71d@group-586430B97ADD, cid=2846, SUCCESS, logIndex=4107, commits[6c928baf-cc3b-4a10-9362-ff4e15dca71d:c4109]
2019-08-10 04:38:24,246 INFO  client.GrpcClientProtocolClient (GrpcClientProtocolClient.java:onNext(255)) - client-71F61C017E1E->6c928baf-cc3b-4a10-9362-ff4e15dca71d: receive RaftClientReply:client-71F61C017E1E->6c928baf-cc3b-4a10-9362-ff4e15dca71d@group-586430B97ADD, cid=2847, SUCCESS, logIndex=4108, commits[6c928baf-cc3b-4a10-9362-ff4e15dca71d:c4109]
2019-08-10 04:38:24,246 INFO  client.GrpcClientProtocolClient (GrpcClientProtocolClient.java:onNext(255)) - client-71F61C017E1E->6c928baf-cc3b-4a10-9362-ff4e15dca71d: receive RaftClientReply:client-71F61C017E1E->6c928baf-cc3b-4a10-9362-ff4e15dca71d@group-586430B97ADD, cid=2848, SUCCESS, logIndex=4109, commits[6c928baf-cc3b-4a10-9362-ff4e15dca71d:c4110]
2019-08-10 04:38:24,276 INFO  client.GrpcClientProtocolClient (GrpcClientProtocolClient.java:onNext(255)) - client-71F61C017E1E->6c928baf-cc3b-4a10-9362-ff4e15dca71d: receive RaftClientReply:client-71F61C017E1E->6c928baf-cc3b-4a10-9362-ff4e15dca71d@group-586430B97ADD, cid=2849, SUCCESS, logIndex=4112, commits[6c928baf-cc3b-4a10-9362-ff4e15dca71d:c4113]
2019-08-10 04:38:24,277 INFO  client.GrpcClientProtocolClient (GrpcClientProtocolClient.java:onNext(255)) - client-71F61C017E1E->6c928baf-cc3b-4a10-9362-ff4e15dca71d: receive RaftClientReply:client-71F61C017E1E->6c928baf-cc3b-4a10-9362-ff4e15dca71d@group-586430B97ADD, cid=2850, SUCCESS, logIndex=4113, commits[6c928baf-cc3b-4a10-9362-ff4e15dca71d:c4115]
2019-08-10 04:38:24,277 INFO  client.GrpcClientProtocolClient (GrpcClientProtocolClient.java:onNext(255)) - client-71F61C017E1E->6c928baf-cc3b-4a10-9362-ff4e15dca71d: receive RaftClientReply:client-71F61C017E1E->6c928baf-cc3b-4a10-9362-ff4e15dca71d@group-586430B97ADD, cid=2851, SUCCESS, logIndex=4114, commits[6c928baf-cc3b-4a10-9362-ff4e15dca71d:c4116]
2019-08-10 04:38:24,278 INFO  client.GrpcClientProtocolClient (GrpcClientProtocolClient.java:onNext(255)) - client-71F61C017E1E->6c928baf-cc3b-4a10-9362-ff4e15dca71d: receive RaftClientReply:client-71F61C017E1E->6c928baf-cc3b-4a10-9362-ff4e15dca71d@group-586430B97ADD, cid=2852, SUCCESS, logIndex=4115, commits[6c928baf-cc3b-4a10-9362-ff4e15dca71d:c4116]
2019-08-10 04:38:24,298 INFO  client.GrpcClientProtocolClient (GrpcClientProtocolClient.java:onNext(255)) - client-71F61C017E1E->6c928baf-cc3b-4a10-9362-ff4e15dca71d: receive RaftClientReply:client-71F61C017E1E->6c928baf-cc3b-4a10-9362-ff4e15dca71d@group-586430B97ADD, cid=2853, SUCCESS, logIndex=4118, commits[6c928baf-cc3b-4a10-9362-ff4e15dca71d:c4121]
2019-08-10 04:38:24,298 INFO  client.GrpcClientProtocolClient (GrpcClientProtocolClient.java:onNext(255)) - client-71F61C017E1E->6c928baf-cc3b-4a10-9362-ff4e15dca71d: receive RaftClientReply:client-71F61C017E1E->6c928baf-cc3b-4a10-9362-ff4e15dca71d@group-586430B97ADD, cid=2854, SUCCESS, logIndex=4119, commits[6c928baf-cc3b-4a10-9362-ff4e15dca71d:c4121]
2019-08-10 04:38:24,298 INFO  client.GrpcClientProtocolClient (GrpcClientProtocolClient.java:onNext(255)) - client-71F61C017E1E->6c928baf-cc3b-4a10-9362-ff4e15dca71d: receive RaftClientReply:client-71F61C017E1E->6c928baf-cc3b-4a10-9362-ff4e15dca71d@group-586430B97ADD, cid=2855, SUCCESS, logIndex=4120, commits[6c928baf-cc3b-4a10-9362-ff4e15dca71d:c4122]
2019-08-10 04:38:24,299 INFO  client.GrpcClientProtocolClient (GrpcClientProtocolClient.java:onNext(255)) - client-71F61C017E1E->6c928baf-cc3b-4a10-9362-ff4e15dca71d: receive RaftClientReply:client-71F61C017E1E->6c928baf-cc3b-4a10-9362-ff4e15dca71d@group-586430B97ADD, cid=2856, SUCCESS, logIndex=4121, commits[6c928baf-cc3b-4a10-9362-ff4e15dca71d:c4123]
2019-08-10 04:38:24,310 DEBUG block.SCMBlockDeletingService (SCMBlockDeletingService.java:call(138)) - Running DeletedBlockTransactionScanner
2019-08-10 04:38:24,311 DEBUG block.SCMBlockDeletingService (SCMBlockDeletingService.java:call(155)) - Scanned deleted blocks log and got 0 delTX to process.
2019-08-10 04:38:24,330 INFO  client.GrpcClientProtocolClient (GrpcClientProtocolClient.java:onNext(255)) - client-71F61C017E1E->6c928baf-cc3b-4a10-9362-ff4e15dca71d: receive RaftClientReply:client-71F61C017E1E->6c928baf-cc3b-4a10-9362-ff4e15dca71d@group-586430B97ADD, cid=2857, SUCCESS, logIndex=4124, commits[6c928baf-cc3b-4a10-9362-ff4e15dca71d:c4127]
2019-08-10 04:38:24,331 INFO  client.GrpcClientProtocolClient (GrpcClientProtocolClient.java:onNext(255)) - client-71F61C017E1E->6c928baf-cc3b-4a10-9362-ff4e15dca71d: receive RaftClientReply:client-71F61C017E1E->6c928baf-cc3b-4a10-9362-ff4e15dca71d@group-586430B97ADD, cid=2858, SUCCESS, logIndex=4125, commits[6c928baf-cc3b-4a10-9362-ff4e15dca71d:c4128]
2019-08-10 04:38:24,331 INFO  client.GrpcClientProtocolClient (GrpcClientProtocolClient.java:onNext(255)) - client-71F61C017E1E->6c928baf-cc3b-4a10-9362-ff4e15dca71d: receive RaftClientReply:client-71F61C017E1E->6c928baf-cc3b-4a10-9362-ff4e15dca71d@group-586430B97ADD, cid=2859, SUCCESS, logIndex=4126, commits[6c928baf-cc3b-4a10-9362-ff4e15dca71d:c4128]
2019-08-10 04:38:24,331 INFO  client.GrpcClientProtocolClient (GrpcClientProtocolClient.java:onNext(255)) - client-71F61C017E1E->6c928baf-cc3b-4a10-9362-ff4e15dca71d: receive RaftClientReply:client-71F61C017E1E->6c928baf-cc3b-4a10-9362-ff4e15dca71d@group-586430B97ADD, cid=2860, SUCCESS, logIndex=4127, commits[6c928baf-cc3b-4a10-9362-ff4e15dca71d:c4128]
2019-08-10 04:38:24,351 INFO  client.GrpcClientProtocolClient (GrpcClientProtocolClient.java:onNext(255)) - client-71F61C017E1E->6c928baf-cc3b-4a10-9362-ff4e15dca71d: receive RaftClientReply:client-71F61C017E1E->6c928baf-cc3b-4a10-9362-ff4e15dca71d@group-586430B97ADD, cid=2861, SUCCESS, logIndex=4129, commits[6c928baf-cc3b-4a10-9362-ff4e15dca71d:c4130]
2019-08-10 04:38:24,352 INFO  client.GrpcClientProtocolClient (GrpcClientProtocolClient.java:onNext(255)) - client-71F61C017E1E->6c928baf-cc3b-4a10-9362-ff4e15dca71d: receive RaftClientReply:client-71F61C017E1E->6c928baf-cc3b-4a10-9362-ff4e15dca71d@group-586430B97ADD, cid=2862, SUCCESS, logIndex=4130, commits[6c928baf-cc3b-4a10-9362-ff4e15dca71d:c4130]
2019-08-10 04:38:24,354 INFO  client.GrpcClientProtocolClient (GrpcClientProtocolClient.java:onNext(255)) - client-71F61C017E1E->6c928baf-cc3b-4a10-9362-ff4e15dca71d: receive RaftClientReply:client-71F61C017E1E->6c928baf-cc3b-4a10-9362-ff4e15dca71d@group-586430B97ADD, cid=2863, SUCCESS, logIndex=4131, commits[6c928baf-cc3b-4a10-9362-ff4e15dca71d:c4132]
2019-08-10 04:38:24,355 INFO  client.GrpcClientProtocolClient (GrpcClientProtocolClient.java:onNext(255)) - client-71F61C017E1E->6c928baf-cc3b-4a10-9362-ff4e15dca71d: receive RaftClientReply:client-71F61C017E1E->6c928baf-cc3b-4a10-9362-ff4e15dca71d@group-586430B97ADD, cid=2864, SUCCESS, logIndex=4132, commits[6c928baf-cc3b-4a10-9362-ff4e15dca71d:c4133]
2019-08-10 04:38:24,385 INFO  client.GrpcClientProtocolClient (GrpcClientProtocolClient.java:onNext(255)) - client-71F61C017E1E->6c928baf-cc3b-4a10-9362-ff4e15dca71d: receive RaftClientReply:client-71F61C017E1E->6c928baf-cc3b-4a10-9362-ff4e15dca71d@group-586430B97ADD, cid=2865, SUCCESS, logIndex=4135, commits[6c928baf-cc3b-4a10-9362-ff4e15dca71d:c4136]
2019-08-10 04:38:24,386 INFO  client.GrpcClientProtocolClient (GrpcClientProtocolClient.java:onNext(255)) - client-71F61C017E1E->6c928baf-cc3b-4a10-9362-ff4e15dca71d: receive RaftClientReply:client-71F61C017E1E->6c928baf-cc3b-4a10-9362-ff4e15dca71d@group-586430B97ADD, cid=2866, SUCCESS, logIndex=4136, commits[6c928baf-cc3b-4a10-9362-ff4e15dca71d:c4138]
2019-08-10 04:38:24,386 INFO  client.GrpcClientProtocolClient (GrpcClientProtocolClient.java:onNext(255)) - client-71F61C017E1E->6c928baf-cc3b-4a10-9362-ff4e15dca71d: receive RaftClientReply:client-71F61C017E1E->6c928baf-cc3b-4a10-9362-ff4e15dca71d@group-586430B97ADD, cid=2867, SUCCESS, logIndex=4137, commits[6c928baf-cc3b-4a10-9362-ff4e15dca71d:c4138]
2019-08-10 04:38:24,387 INFO  client.GrpcClientProtocolClient (GrpcClientProtocolClient.java:onNext(255)) - client-71F61C017E1E->6c928baf-cc3b-4a10-9362-ff4e15dca71d: receive RaftClientReply:client-71F61C017E1E->6c928baf-cc3b-4a10-9362-ff4e15dca71d@group-586430B97ADD, cid=2868, SUCCESS, logIndex=4138, commits[6c928baf-cc3b-4a10-9362-ff4e15dca71d:c4139]
2019-08-10 04:38:24,405 INFO  client.GrpcClientProtocolClient (GrpcClientProtocolClient.java:onNext(255)) - client-71F61C017E1E->6c928baf-cc3b-4a10-9362-ff4e15dca71d: receive RaftClientReply:client-71F61C017E1E->6c928baf-cc3b-4a10-9362-ff4e15dca71d@group-586430B97ADD, cid=2869, SUCCESS, logIndex=4141, commits[6c928baf-cc3b-4a10-9362-ff4e15dca71d:c4142]
2019-08-10 04:38:24,405 INFO  client.GrpcClientProtocolClient (GrpcClientProtocolClient.java:onNext(255)) - client-71F61C017E1E->6c928baf-cc3b-4a10-9362-ff4e15dca71d: receive RaftClientReply:client-71F61C017E1E->6c928baf-cc3b-4a10-9362-ff4e15dca71d@group-586430B97ADD, cid=2870, SUCCESS, logIndex=4142, commits[6c928baf-cc3b-4a10-9362-ff4e15dca71d:c4142]
2019-08-10 04:38:24,406 INFO  client.GrpcClientProtocolClient (GrpcClientProtocolClient.java:onNext(255)) - client-71F61C017E1E->6c928baf-cc3b-4a10-9362-ff4e15dca71d: receive RaftClientReply:client-71F61C017E1E->6c928baf-cc3b-4a10-9362-ff4e15dca71d@group-586430B97ADD, cid=2871, SUCCESS, logIndex=4143, commits[6c928baf-cc3b-4a10-9362-ff4e15dca71d:c4144]
2019-08-10 04:38:24,406 INFO  client.GrpcClientProtocolClient (GrpcClientProtocolClient.java:onNext(255)) - client-71F61C017E1E->6c928baf-cc3b-4a10-9362-ff4e15dca71d: receive RaftClientReply:client-71F61C017E1E->6c928baf-cc3b-4a10-9362-ff4e15dca71d@group-586430B97ADD, cid=2872, SUCCESS, logIndex=4144, commits[6c928baf-cc3b-4a10-9362-ff4e15dca71d:c4145]
2019-08-10 04:38:24,411 DEBUG block.SCMBlockDeletingService (SCMBlockDeletingService.java:call(138)) - Running DeletedBlockTransactionScanner
2019-08-10 04:38:24,411 DEBUG block.SCMBlockDeletingService (SCMBlockDeletingService.java:call(155)) - Scanned deleted blocks log and got 0 delTX to process.
2019-08-10 04:38:24,512 DEBUG block.SCMBlockDeletingService (SCMBlockDeletingService.java:call(138)) - Running DeletedBlockTransactionScanner
2019-08-10 04:38:24,512 DEBUG block.SCMBlockDeletingService (SCMBlockDeletingService.java:call(155)) - Scanned deleted blocks log and got 0 delTX to process.
2019-08-10 04:38:24,527 INFO  client.GrpcClientProtocolClient (GrpcClientProtocolClient.java:onNext(255)) - client-71F61C017E1E->6c928baf-cc3b-4a10-9362-ff4e15dca71d: receive RaftClientReply:client-71F61C017E1E->6c928baf-cc3b-4a10-9362-ff4e15dca71d@group-586430B97ADD, cid=2873, SUCCESS, logIndex=4147, commits[6c928baf-cc3b-4a10-9362-ff4e15dca71d:c4150]
2019-08-10 04:38:24,528 INFO  client.GrpcClientProtocolClient (GrpcClientProtocolClient.java:onNext(255)) - client-71F61C017E1E->6c928baf-cc3b-4a10-9362-ff4e15dca71d: receive RaftClientReply:client-71F61C017E1E->6c928baf-cc3b-4a10-9362-ff4e15dca71d@group-586430B97ADD, cid=2874, SUCCESS, logIndex=4148, commits[6c928baf-cc3b-4a10-9362-ff4e15dca71d:c4151]
2019-08-10 04:38:24,528 INFO  client.GrpcClientProtocolClient (GrpcClientProtocolClient.java:onNext(255)) - client-71F61C017E1E->6c928baf-cc3b-4a10-9362-ff4e15dca71d: receive RaftClientReply:client-71F61C017E1E->6c928baf-cc3b-4a10-9362-ff4e15dca71d@group-586430B97ADD, cid=2875, SUCCESS, logIndex=4149, commits[6c928baf-cc3b-4a10-9362-ff4e15dca71d:c4151]
2019-08-10 04:38:24,528 INFO  client.GrpcClientProtocolClient (GrpcClientProtocolClient.java:onNext(255)) - client-71F61C017E1E->6c928baf-cc3b-4a10-9362-ff4e15dca71d: receive RaftClientReply:client-71F61C017E1E->6c928baf-cc3b-4a10-9362-ff4e15dca71d@group-586430B97ADD, cid=2876, SUCCESS, logIndex=4150, commits[6c928baf-cc3b-4a10-9362-ff4e15dca71d:c4151]
2019-08-10 04:38:24,547 INFO  client.GrpcClientProtocolClient (GrpcClientProtocolClient.java:onNext(255)) - client-71F61C017E1E->6c928baf-cc3b-4a10-9362-ff4e15dca71d: receive RaftClientReply:client-71F61C017E1E->6c928baf-cc3b-4a10-9362-ff4e15dca71d@group-586430B97ADD, cid=2877, SUCCESS, logIndex=4152, commits[6c928baf-cc3b-4a10-9362-ff4e15dca71d:c4153]
2019-08-10 04:38:24,547 INFO  client.GrpcClientProtocolClient (GrpcClientProtocolClient.java:onNext(255)) - client-71F61C017E1E->6c928baf-cc3b-4a10-9362-ff4e15dca71d: receive RaftClientReply:client-71F61C017E1E->6c928baf-cc3b-4a10-9362-ff4e15dca71d@group-586430B97ADD, cid=2878, SUCCESS, logIndex=4153, commits[6c928baf-cc3b-4a10-9362-ff4e15dca71d:c4155]
2019-08-10 04:38:24,548 INFO  client.GrpcClientProtocolClient (GrpcClientProtocolClient.java:onNext(255)) - client-71F61C017E1E->6c928baf-cc3b-4a10-9362-ff4e15dca71d: receive RaftClientReply:client-71F61C017E1E->6c928baf-cc3b-4a10-9362-ff4e15dca71d@group-586430B97ADD, cid=2879, SUCCESS, logIndex=4154, commits[6c928baf-cc3b-4a10-9362-ff4e15dca71d:c4156]
2019-08-10 04:38:24,548 INFO  client.GrpcClientProtocolClient (GrpcClientProtocolClient.java:onNext(255)) - client-71F61C017E1E->6c928baf-cc3b-4a10-9362-ff4e15dca71d: receive RaftClientReply:client-71F61C017E1E->6c928baf-cc3b-4a10-9362-ff4e15dca71d@group-586430B97ADD, cid=2880, SUCCESS, logIndex=4155, commits[6c928baf-cc3b-4a10-9362-ff4e15dca71d:c4156]
2019-08-10 04:38:24,576 INFO  client.GrpcClientProtocolClient (GrpcClientProtocolClient.java:onNext(255)) - client-71F61C017E1E->6c928baf-cc3b-4a10-9362-ff4e15dca71d: receive RaftClientReply:client-71F61C017E1E->6c928baf-cc3b-4a10-9362-ff4e15dca71d@group-586430B97ADD, cid=2881, SUCCESS, logIndex=4158, commits[6c928baf-cc3b-4a10-9362-ff4e15dca71d:c4159]
2019-08-10 04:38:24,576 INFO  client.GrpcClientProtocolClient (GrpcClientProtocolClient.java:onNext(255)) - client-71F61C017E1E->6c928baf-cc3b-4a10-9362-ff4e15dca71d: receive RaftClientReply:client-71F61C017E1E->6c928baf-cc3b-4a10-9362-ff4e15dca71d@group-586430B97ADD, cid=2882, SUCCESS, logIndex=4159, commits[6c928baf-cc3b-4a10-9362-ff4e15dca71d:c4159]
2019-08-10 04:38:24,576 INFO  client.GrpcClientProtocolClient (GrpcClientProtocolClient.java:onNext(255)) - client-71F61C017E1E->6c928baf-cc3b-4a10-9362-ff4e15dca71d: receive RaftClientReply:client-71F61C017E1E->6c928baf-cc3b-4a10-9362-ff4e15dca71d@group-586430B97ADD, cid=2883, SUCCESS, logIndex=4160, commits[6c928baf-cc3b-4a10-9362-ff4e15dca71d:c4161]
2019-08-10 04:38:24,577 INFO  client.GrpcClientProtocolClient (GrpcClientProtocolClient.java:onNext(255)) - client-71F61C017E1E->6c928baf-cc3b-4a10-9362-ff4e15dca71d: receive RaftClientReply:client-71F61C017E1E->6c928baf-cc3b-4a10-9362-ff4e15dca71d@group-586430B97ADD, cid=2884, SUCCESS, logIndex=4161, commits[6c928baf-cc3b-4a10-9362-ff4e15dca71d:c4161]
2019-08-10 04:38:24,598 INFO  client.GrpcClientProtocolClient (GrpcClientProtocolClient.java:onNext(255)) - client-71F61C017E1E->6c928baf-cc3b-4a10-9362-ff4e15dca71d: receive RaftClientReply:client-71F61C017E1E->6c928baf-cc3b-4a10-9362-ff4e15dca71d@group-586430B97ADD, cid=2885, SUCCESS, logIndex=4164, commits[6c928baf-cc3b-4a10-9362-ff4e15dca71d:c4167]
2019-08-10 04:38:24,598 INFO  client.GrpcClientProtocolClient (GrpcClientProtocolClient.java:onNext(255)) - client-71F61C017E1E->6c928baf-cc3b-4a10-9362-ff4e15dca71d: receive RaftClientReply:client-71F61C017E1E->6c928baf-cc3b-4a10-9362-ff4e15dca71d@group-586430B97ADD, cid=2886, SUCCESS, logIndex=4165, commits[6c928baf-cc3b-4a10-9362-ff4e15dca71d:c4167]
2019-08-10 04:38:24,598 INFO  client.GrpcClientProtocolClient (GrpcClientProtocolClient.java:onNext(255)) - client-71F61C017E1E->6c928baf-cc3b-4a10-9362-ff4e15dca71d: receive RaftClientReply:client-71F61C017E1E->6c928baf-cc3b-4a10-9362-ff4e15dca71d@group-586430B97ADD, cid=2887, SUCCESS, logIndex=4166, commits[6c928baf-cc3b-4a10-9362-ff4e15dca71d:c4168]
2019-08-10 04:38:24,599 INFO  client.GrpcClientProtocolClient (GrpcClientProtocolClient.java:onNext(255)) - client-71F61C017E1E->6c928baf-cc3b-4a10-9362-ff4e15dca71d: receive RaftClientReply:client-71F61C017E1E->6c928baf-cc3b-4a10-9362-ff4e15dca71d@group-586430B97ADD, cid=2888, SUCCESS, logIndex=4167, commits[6c928baf-cc3b-4a10-9362-ff4e15dca71d:c4168]
2019-08-10 04:38:24,613 DEBUG block.SCMBlockDeletingService (SCMBlockDeletingService.java:call(138)) - Running DeletedBlockTransactionScanner
2019-08-10 04:38:24,613 DEBUG block.SCMBlockDeletingService (SCMBlockDeletingService.java:call(155)) - Scanned deleted blocks log and got 0 delTX to process.
2019-08-10 04:38:24,628 INFO  client.GrpcClientProtocolClient (GrpcClientProtocolClient.java:onNext(255)) - client-71F61C017E1E->6c928baf-cc3b-4a10-9362-ff4e15dca71d: receive RaftClientReply:client-71F61C017E1E->6c928baf-cc3b-4a10-9362-ff4e15dca71d@group-586430B97ADD, cid=2889, SUCCESS, logIndex=4169, commits[6c928baf-cc3b-4a10-9362-ff4e15dca71d:c4170]
2019-08-10 04:38:24,629 INFO  client.GrpcClientProtocolClient (GrpcClientProtocolClient.java:onNext(255)) - client-71F61C017E1E->6c928baf-cc3b-4a10-9362-ff4e15dca71d: receive RaftClientReply:client-71F61C017E1E->6c928baf-cc3b-4a10-9362-ff4e15dca71d@group-586430B97ADD, cid=2890, SUCCESS, logIndex=4170, commits[6c928baf-cc3b-4a10-9362-ff4e15dca71d:c4172]
2019-08-10 04:38:24,630 INFO  client.GrpcClientProtocolClient (GrpcClientProtocolClient.java:onNext(255)) - client-71F61C017E1E->6c928baf-cc3b-4a10-9362-ff4e15dca71d: receive RaftClientReply:client-71F61C017E1E->6c928baf-cc3b-4a10-9362-ff4e15dca71d@group-586430B97ADD, cid=2891, SUCCESS, logIndex=4171, commits[6c928baf-cc3b-4a10-9362-ff4e15dca71d:c4172]
2019-08-10 04:38:24,630 INFO  client.GrpcClientProtocolClient (GrpcClientProtocolClient.java:onNext(255)) - client-71F61C017E1E->6c928baf-cc3b-4a10-9362-ff4e15dca71d: receive RaftClientReply:client-71F61C017E1E->6c928baf-cc3b-4a10-9362-ff4e15dca71d@group-586430B97ADD, cid=2892, SUCCESS, logIndex=4172, commits[6c928baf-cc3b-4a10-9362-ff4e15dca71d:c4173]
2019-08-10 04:38:24,653 INFO  client.GrpcClientProtocolClient (GrpcClientProtocolClient.java:onNext(255)) - client-71F61C017E1E->6c928baf-cc3b-4a10-9362-ff4e15dca71d: receive RaftClientReply:client-71F61C017E1E->6c928baf-cc3b-4a10-9362-ff4e15dca71d@group-586430B97ADD, cid=2893, SUCCESS, logIndex=4175, commits[6c928baf-cc3b-4a10-9362-ff4e15dca71d:c4176]
2019-08-10 04:38:24,654 INFO  client.GrpcClientProtocolClient (GrpcClientProtocolClient.java:onNext(255)) - client-71F61C017E1E->6c928baf-cc3b-4a10-9362-ff4e15dca71d: receive RaftClientReply:client-71F61C017E1E->6c928baf-cc3b-4a10-9362-ff4e15dca71d@group-586430B97ADD, cid=2894, SUCCESS, logIndex=4176, commits[6c928baf-cc3b-4a10-9362-ff4e15dca71d:c4178]
2019-08-10 04:38:24,654 INFO  client.GrpcClientProtocolClient (GrpcClientProtocolClient.java:onNext(255)) - client-71F61C017E1E->6c928baf-cc3b-4a10-9362-ff4e15dca71d: receive RaftClientReply:client-71F61C017E1E->6c928baf-cc3b-4a10-9362-ff4e15dca71d@group-586430B97ADD, cid=2895, SUCCESS, logIndex=4177, commits[6c928baf-cc3b-4a10-9362-ff4e15dca71d:c4178]
2019-08-10 04:38:24,654 INFO  client.GrpcClientProtocolClient (GrpcClientProtocolClient.java:onNext(255)) - client-71F61C017E1E->6c928baf-cc3b-4a10-9362-ff4e15dca71d: receive RaftClientReply:client-71F61C017E1E->6c928baf-cc3b-4a10-9362-ff4e15dca71d@group-586430B97ADD, cid=2896, SUCCESS, logIndex=4178, commits[6c928baf-cc3b-4a10-9362-ff4e15dca71d:c4178]
2019-08-10 04:38:24,684 INFO  client.GrpcClientProtocolClient (GrpcClientProtocolClient.java:onNext(255)) - client-71F61C017E1E->6c928baf-cc3b-4a10-9362-ff4e15dca71d: receive RaftClientReply:client-71F61C017E1E->6c928baf-cc3b-4a10-9362-ff4e15dca71d@group-586430B97ADD, cid=2897, SUCCESS, logIndex=4181, commits[6c928baf-cc3b-4a10-9362-ff4e15dca71d:c4182]
2019-08-10 04:38:24,685 INFO  client.GrpcClientProtocolClient (GrpcClientProtocolClient.java:onNext(255)) - client-71F61C017E1E->6c928baf-cc3b-4a10-9362-ff4e15dca71d: receive RaftClientReply:client-71F61C017E1E->6c928baf-cc3b-4a10-9362-ff4e15dca71d@group-586430B97ADD, cid=2898, SUCCESS, logIndex=4182, commits[6c928baf-cc3b-4a10-9362-ff4e15dca71d:c4184]
2019-08-10 04:38:24,685 INFO  client.GrpcClientProtocolClient (GrpcClientProtocolClient.java:onNext(255)) - client-71F61C017E1E->6c928baf-cc3b-4a10-9362-ff4e15dca71d: receive RaftClientReply:client-71F61C017E1E->6c928baf-cc3b-4a10-9362-ff4e15dca71d@group-586430B97ADD, cid=2899, SUCCESS, logIndex=4183, commits[6c928baf-cc3b-4a10-9362-ff4e15dca71d:c4184]
2019-08-10 04:38:24,685 INFO  client.GrpcClientProtocolClient (GrpcClientProtocolClient.java:onNext(255)) - client-71F61C017E1E->6c928baf-cc3b-4a10-9362-ff4e15dca71d: receive RaftClientReply:client-71F61C017E1E->6c928baf-cc3b-4a10-9362-ff4e15dca71d@group-586430B97ADD, cid=2900, SUCCESS, logIndex=4184, commits[6c928baf-cc3b-4a10-9362-ff4e15dca71d:c4185]
2019-08-10 04:38:24,705 INFO  client.GrpcClientProtocolClient (GrpcClientProtocolClient.java:onNext(255)) - client-71F61C017E1E->6c928baf-cc3b-4a10-9362-ff4e15dca71d: receive RaftClientReply:client-71F61C017E1E->6c928baf-cc3b-4a10-9362-ff4e15dca71d@group-586430B97ADD, cid=2901, SUCCESS, logIndex=4187, commits[6c928baf-cc3b-4a10-9362-ff4e15dca71d:c4188]
2019-08-10 04:38:24,705 INFO  client.GrpcClientProtocolClient (GrpcClientProtocolClient.java:onNext(255)) - client-71F61C017E1E->6c928baf-cc3b-4a10-9362-ff4e15dca71d: receive RaftClientReply:client-71F61C017E1E->6c928baf-cc3b-4a10-9362-ff4e15dca71d@group-586430B97ADD, cid=2902, SUCCESS, logIndex=4188, commits[6c928baf-cc3b-4a10-9362-ff4e15dca71d:c4190]
2019-08-10 04:38:24,705 INFO  client.GrpcClientProtocolClient (GrpcClientProtocolClient.java:onNext(255)) - client-71F61C017E1E->6c928baf-cc3b-4a10-9362-ff4e15dca71d: receive RaftClientReply:client-71F61C017E1E->6c928baf-cc3b-4a10-9362-ff4e15dca71d@group-586430B97ADD, cid=2903, SUCCESS, logIndex=4189, commits[6c928baf-cc3b-4a10-9362-ff4e15dca71d:c4191]
2019-08-10 04:38:24,706 INFO  client.GrpcClientProtocolClient (GrpcClientProtocolClient.java:onNext(255)) - client-71F61C017E1E->6c928baf-cc3b-4a10-9362-ff4e15dca71d: receive RaftClientReply:client-71F61C017E1E->6c928baf-cc3b-4a10-9362-ff4e15dca71d@group-586430B97ADD, cid=2904, SUCCESS, logIndex=4190, commits[6c928baf-cc3b-4a10-9362-ff4e15dca71d:c4191]
2019-08-10 04:38:24,713 DEBUG block.SCMBlockDeletingService (SCMBlockDeletingService.java:call(138)) - Running DeletedBlockTransactionScanner
2019-08-10 04:38:24,714 DEBUG block.SCMBlockDeletingService (SCMBlockDeletingService.java:call(155)) - Scanned deleted blocks log and got 0 delTX to process.
2019-08-10 04:38:24,735 INFO  client.GrpcClientProtocolClient (GrpcClientProtocolClient.java:onNext(255)) - client-71F61C017E1E->6c928baf-cc3b-4a10-9362-ff4e15dca71d: receive RaftClientReply:client-71F61C017E1E->6c928baf-cc3b-4a10-9362-ff4e15dca71d@group-586430B97ADD, cid=2905, SUCCESS, logIndex=4193, commits[6c928baf-cc3b-4a10-9362-ff4e15dca71d:c4194]
2019-08-10 04:38:24,735 INFO  client.GrpcClientProtocolClient (GrpcClientProtocolClient.java:onNext(255)) - client-71F61C017E1E->6c928baf-cc3b-4a10-9362-ff4e15dca71d: receive RaftClientReply:client-71F61C017E1E->6c928baf-cc3b-4a10-9362-ff4e15dca71d@group-586430B97ADD, cid=2906, SUCCESS, logIndex=4194, commits[6c928baf-cc3b-4a10-9362-ff4e15dca71d:c4196]
2019-08-10 04:38:24,735 INFO  client.GrpcClientProtocolClient (GrpcClientProtocolClient.java:onNext(255)) - client-71F61C017E1E->6c928baf-cc3b-4a10-9362-ff4e15dca71d: receive RaftClientReply:client-71F61C017E1E->6c928baf-cc3b-4a10-9362-ff4e15dca71d@group-586430B97ADD, cid=2907, SUCCESS, logIndex=4195, commits[6c928baf-cc3b-4a10-9362-ff4e15dca71d:c4197]
2019-08-10 04:38:24,736 INFO  client.GrpcClientProtocolClient (GrpcClientProtocolClient.java:onNext(255)) - client-71F61C017E1E->6c928baf-cc3b-4a10-9362-ff4e15dca71d: receive RaftClientReply:client-71F61C017E1E->6c928baf-cc3b-4a10-9362-ff4e15dca71d@group-586430B97ADD, cid=2908, SUCCESS, logIndex=4196, commits[6c928baf-cc3b-4a10-9362-ff4e15dca71d:c4197]
2019-08-10 04:38:24,747 INFO  client.GrpcClientProtocolClient (GrpcClientProtocolClient.java:onNext(255)) - client-71F61C017E1E->6c928baf-cc3b-4a10-9362-ff4e15dca71d: receive RaftClientReply:client-71F61C017E1E->6c928baf-cc3b-4a10-9362-ff4e15dca71d@group-586430B97ADD, cid=2909, SUCCESS, logIndex=4199, commits[6c928baf-cc3b-4a10-9362-ff4e15dca71d:c4202]
2019-08-10 04:38:24,747 INFO  client.GrpcClientProtocolClient (GrpcClientProtocolClient.java:onNext(255)) - client-71F61C017E1E->6c928baf-cc3b-4a10-9362-ff4e15dca71d: receive RaftClientReply:client-71F61C017E1E->6c928baf-cc3b-4a10-9362-ff4e15dca71d@group-586430B97ADD, cid=2910, SUCCESS, logIndex=4200, commits[6c928baf-cc3b-4a10-9362-ff4e15dca71d:c4203]
2019-08-10 04:38:24,747 INFO  client.GrpcClientProtocolClient (GrpcClientProtocolClient.java:onNext(255)) - client-71F61C017E1E->6c928baf-cc3b-4a10-9362-ff4e15dca71d: receive RaftClientReply:client-71F61C017E1E->6c928baf-cc3b-4a10-9362-ff4e15dca71d@group-586430B97ADD, cid=2911, SUCCESS, logIndex=4201, commits[6c928baf-cc3b-4a10-9362-ff4e15dca71d:c4203]
2019-08-10 04:38:24,748 INFO  client.GrpcClientProtocolClient (GrpcClientProtocolClient.java:onNext(255)) - client-71F61C017E1E->6c928baf-cc3b-4a10-9362-ff4e15dca71d: receive RaftClientReply:client-71F61C017E1E->6c928baf-cc3b-4a10-9362-ff4e15dca71d@group-586430B97ADD, cid=2912, SUCCESS, logIndex=4202, commits[6c928baf-cc3b-4a10-9362-ff4e15dca71d:c4203]
2019-08-10 04:38:24,768 INFO  client.GrpcClientProtocolClient (GrpcClientProtocolClient.java:onNext(255)) - client-71F61C017E1E->6c928baf-cc3b-4a10-9362-ff4e15dca71d: receive RaftClientReply:client-71F61C017E1E->6c928baf-cc3b-4a10-9362-ff4e15dca71d@group-586430B97ADD, cid=2913, SUCCESS, logIndex=4204, commits[6c928baf-cc3b-4a10-9362-ff4e15dca71d:c4207]
2019-08-10 04:38:24,768 INFO  client.GrpcClientProtocolClient (GrpcClientProtocolClient.java:onNext(255)) - client-71F61C017E1E->6c928baf-cc3b-4a10-9362-ff4e15dca71d: receive RaftClientReply:client-71F61C017E1E->6c928baf-cc3b-4a10-9362-ff4e15dca71d@group-586430B97ADD, cid=2914, SUCCESS, logIndex=4205, commits[6c928baf-cc3b-4a10-9362-ff4e15dca71d:c4208]
2019-08-10 04:38:24,769 INFO  client.GrpcClientProtocolClient (GrpcClientProtocolClient.java:onNext(255)) - client-71F61C017E1E->6c928baf-cc3b-4a10-9362-ff4e15dca71d: receive RaftClientReply:client-71F61C017E1E->6c928baf-cc3b-4a10-9362-ff4e15dca71d@group-586430B97ADD, cid=2915, SUCCESS, logIndex=4206, commits[6c928baf-cc3b-4a10-9362-ff4e15dca71d:c4208]
2019-08-10 04:38:24,769 INFO  client.GrpcClientProtocolClient (GrpcClientProtocolClient.java:onNext(255)) - client-71F61C017E1E->6c928baf-cc3b-4a10-9362-ff4e15dca71d: receive RaftClientReply:client-71F61C017E1E->6c928baf-cc3b-4a10-9362-ff4e15dca71d@group-586430B97ADD, cid=2916, SUCCESS, logIndex=4207, commits[6c928baf-cc3b-4a10-9362-ff4e15dca71d:c4208]
2019-08-10 04:38:24,839 DEBUG block.SCMBlockDeletingService (SCMBlockDeletingService.java:call(138)) - Running DeletedBlockTransactionScanner
2019-08-10 04:38:24,840 DEBUG block.SCMBlockDeletingService (SCMBlockDeletingService.java:call(155)) - Scanned deleted blocks log and got 0 delTX to process.
2019-08-10 04:38:24,940 DEBUG block.SCMBlockDeletingService (SCMBlockDeletingService.java:call(138)) - Running DeletedBlockTransactionScanner
2019-08-10 04:38:24,940 DEBUG block.SCMBlockDeletingService (SCMBlockDeletingService.java:call(155)) - Scanned deleted blocks log and got 0 delTX to process.
2019-08-10 04:38:24,976 INFO  client.GrpcClientProtocolClient (GrpcClientProtocolClient.java:onNext(255)) - client-71F61C017E1E->6c928baf-cc3b-4a10-9362-ff4e15dca71d: receive RaftClientReply:client-71F61C017E1E->6c928baf-cc3b-4a10-9362-ff4e15dca71d@group-586430B97ADD, cid=2917, SUCCESS, logIndex=4209, commits[6c928baf-cc3b-4a10-9362-ff4e15dca71d:c4210]
2019-08-10 04:38:24,977 INFO  client.GrpcClientProtocolClient (GrpcClientProtocolClient.java:onNext(255)) - client-71F61C017E1E->6c928baf-cc3b-4a10-9362-ff4e15dca71d: receive RaftClientReply:client-71F61C017E1E->6c928baf-cc3b-4a10-9362-ff4e15dca71d@group-586430B97ADD, cid=2918, SUCCESS, logIndex=4210, commits[6c928baf-cc3b-4a10-9362-ff4e15dca71d:c4212]
2019-08-10 04:38:24,977 INFO  client.GrpcClientProtocolClient (GrpcClientProtocolClient.java:onNext(255)) - client-71F61C017E1E->6c928baf-cc3b-4a10-9362-ff4e15dca71d: receive RaftClientReply:client-71F61C017E1E->6c928baf-cc3b-4a10-9362-ff4e15dca71d@group-586430B97ADD, cid=2919, SUCCESS, logIndex=4211, commits[6c928baf-cc3b-4a10-9362-ff4e15dca71d:c4213]
2019-08-10 04:38:24,978 INFO  client.GrpcClientProtocolClient (GrpcClientProtocolClient.java:onNext(255)) - client-71F61C017E1E->6c928baf-cc3b-4a10-9362-ff4e15dca71d: receive RaftClientReply:client-71F61C017E1E->6c928baf-cc3b-4a10-9362-ff4e15dca71d@group-586430B97ADD, cid=2920, SUCCESS, logIndex=4212, commits[6c928baf-cc3b-4a10-9362-ff4e15dca71d:c4213]
2019-08-10 04:38:25,009 INFO  client.GrpcClientProtocolClient (GrpcClientProtocolClient.java:onNext(255)) - client-71F61C017E1E->6c928baf-cc3b-4a10-9362-ff4e15dca71d: receive RaftClientReply:client-71F61C017E1E->6c928baf-cc3b-4a10-9362-ff4e15dca71d@group-586430B97ADD, cid=2921, SUCCESS, logIndex=4215, commits[6c928baf-cc3b-4a10-9362-ff4e15dca71d:c4218]
2019-08-10 04:38:25,009 INFO  client.GrpcClientProtocolClient (GrpcClientProtocolClient.java:onNext(255)) - client-71F61C017E1E->6c928baf-cc3b-4a10-9362-ff4e15dca71d: receive RaftClientReply:client-71F61C017E1E->6c928baf-cc3b-4a10-9362-ff4e15dca71d@group-586430B97ADD, cid=2922, SUCCESS, logIndex=4216, commits[6c928baf-cc3b-4a10-9362-ff4e15dca71d:c4219]
2019-08-10 04:38:25,010 INFO  client.GrpcClientProtocolClient (GrpcClientProtocolClient.java:onNext(255)) - client-71F61C017E1E->6c928baf-cc3b-4a10-9362-ff4e15dca71d: receive RaftClientReply:client-71F61C017E1E->6c928baf-cc3b-4a10-9362-ff4e15dca71d@group-586430B97ADD, cid=2923, SUCCESS, logIndex=4217, commits[6c928baf-cc3b-4a10-9362-ff4e15dca71d:c4219]
2019-08-10 04:38:25,010 INFO  client.GrpcClientProtocolClient (GrpcClientProtocolClient.java:onNext(255)) - client-71F61C017E1E->6c928baf-cc3b-4a10-9362-ff4e15dca71d: receive RaftClientReply:client-71F61C017E1E->6c928baf-cc3b-4a10-9362-ff4e15dca71d@group-586430B97ADD, cid=2924, SUCCESS, logIndex=4218, commits[6c928baf-cc3b-4a10-9362-ff4e15dca71d:c4219]
2019-08-10 04:38:25,032 INFO  client.GrpcClientProtocolClient (GrpcClientProtocolClient.java:onNext(255)) - client-71F61C017E1E->6c928baf-cc3b-4a10-9362-ff4e15dca71d: receive RaftClientReply:client-71F61C017E1E->6c928baf-cc3b-4a10-9362-ff4e15dca71d@group-586430B97ADD, cid=2925, SUCCESS, logIndex=4220, commits[6c928baf-cc3b-4a10-9362-ff4e15dca71d:c4223]
2019-08-10 04:38:25,032 INFO  client.GrpcClientProtocolClient (GrpcClientProtocolClient.java:onNext(255)) - client-71F61C017E1E->6c928baf-cc3b-4a10-9362-ff4e15dca71d: receive RaftClientReply:client-71F61C017E1E->6c928baf-cc3b-4a10-9362-ff4e15dca71d@group-586430B97ADD, cid=2926, SUCCESS, logIndex=4221, commits[6c928baf-cc3b-4a10-9362-ff4e15dca71d:c4224]
2019-08-10 04:38:25,032 INFO  client.GrpcClientProtocolClient (GrpcClientProtocolClient.java:onNext(255)) - client-71F61C017E1E->6c928baf-cc3b-4a10-9362-ff4e15dca71d: receive RaftClientReply:client-71F61C017E1E->6c928baf-cc3b-4a10-9362-ff4e15dca71d@group-586430B97ADD, cid=2927, SUCCESS, logIndex=4222, commits[6c928baf-cc3b-4a10-9362-ff4e15dca71d:c4224]
2019-08-10 04:38:25,033 INFO  client.GrpcClientProtocolClient (GrpcClientProtocolClient.java:onNext(255)) - client-71F61C017E1E->6c928baf-cc3b-4a10-9362-ff4e15dca71d: receive RaftClientReply:client-71F61C017E1E->6c928baf-cc3b-4a10-9362-ff4e15dca71d@group-586430B97ADD, cid=2928, SUCCESS, logIndex=4223, commits[6c928baf-cc3b-4a10-9362-ff4e15dca71d:c4224]
2019-08-10 04:38:25,041 DEBUG block.SCMBlockDeletingService (SCMBlockDeletingService.java:call(138)) - Running DeletedBlockTransactionScanner
2019-08-10 04:38:25,041 DEBUG block.SCMBlockDeletingService (SCMBlockDeletingService.java:call(155)) - Scanned deleted blocks log and got 0 delTX to process.
2019-08-10 04:38:25,064 INFO  client.GrpcClientProtocolClient (GrpcClientProtocolClient.java:onNext(255)) - client-71F61C017E1E->6c928baf-cc3b-4a10-9362-ff4e15dca71d: receive RaftClientReply:client-71F61C017E1E->6c928baf-cc3b-4a10-9362-ff4e15dca71d@group-586430B97ADD, cid=2929, SUCCESS, logIndex=4225, commits[6c928baf-cc3b-4a10-9362-ff4e15dca71d:c4228]
2019-08-10 04:38:25,065 INFO  client.GrpcClientProtocolClient (GrpcClientProtocolClient.java:onNext(255)) - client-71F61C017E1E->6c928baf-cc3b-4a10-9362-ff4e15dca71d: receive RaftClientReply:client-71F61C017E1E->6c928baf-cc3b-4a10-9362-ff4e15dca71d@group-586430B97ADD, cid=2930, SUCCESS, logIndex=4226, commits[6c928baf-cc3b-4a10-9362-ff4e15dca71d:c4229]
2019-08-10 04:38:25,065 INFO  client.GrpcClientProtocolClient (GrpcClientProtocolClient.java:onNext(255)) - client-71F61C017E1E->6c928baf-cc3b-4a10-9362-ff4e15dca71d: receive RaftClientReply:client-71F61C017E1E->6c928baf-cc3b-4a10-9362-ff4e15dca71d@group-586430B97ADD, cid=2931, SUCCESS, logIndex=4227, commits[6c928baf-cc3b-4a10-9362-ff4e15dca71d:c4229]
2019-08-10 04:38:25,066 INFO  client.GrpcClientProtocolClient (GrpcClientProtocolClient.java:onNext(255)) - client-71F61C017E1E->6c928baf-cc3b-4a10-9362-ff4e15dca71d: receive RaftClientReply:client-71F61C017E1E->6c928baf-cc3b-4a10-9362-ff4e15dca71d@group-586430B97ADD, cid=2932, SUCCESS, logIndex=4228, commits[6c928baf-cc3b-4a10-9362-ff4e15dca71d:c4229]
2019-08-10 04:38:25,084 INFO  client.GrpcClientProtocolClient (GrpcClientProtocolClient.java:onNext(255)) - client-71F61C017E1E->6c928baf-cc3b-4a10-9362-ff4e15dca71d: receive RaftClientReply:client-71F61C017E1E->6c928baf-cc3b-4a10-9362-ff4e15dca71d@group-586430B97ADD, cid=2933, SUCCESS, logIndex=4230, commits[6c928baf-cc3b-4a10-9362-ff4e15dca71d:c4231]
2019-08-10 04:38:25,085 INFO  client.GrpcClientProtocolClient (GrpcClientProtocolClient.java:onNext(255)) - client-71F61C017E1E->6c928baf-cc3b-4a10-9362-ff4e15dca71d: receive RaftClientReply:client-71F61C017E1E->6c928baf-cc3b-4a10-9362-ff4e15dca71d@group-586430B97ADD, cid=2934, SUCCESS, logIndex=4231, commits[6c928baf-cc3b-4a10-9362-ff4e15dca71d:c4233]
2019-08-10 04:38:25,085 INFO  client.GrpcClientProtocolClient (GrpcClientProtocolClient.java:onNext(255)) - client-71F61C017E1E->6c928baf-cc3b-4a10-9362-ff4e15dca71d: receive RaftClientReply:client-71F61C017E1E->6c928baf-cc3b-4a10-9362-ff4e15dca71d@group-586430B97ADD, cid=2935, SUCCESS, logIndex=4232, commits[6c928baf-cc3b-4a10-9362-ff4e15dca71d:c4234]
2019-08-10 04:38:25,085 INFO  client.GrpcClientProtocolClient (GrpcClientProtocolClient.java:onNext(255)) - client-71F61C017E1E->6c928baf-cc3b-4a10-9362-ff4e15dca71d: receive RaftClientReply:client-71F61C017E1E->6c928baf-cc3b-4a10-9362-ff4e15dca71d@group-586430B97ADD, cid=2936, SUCCESS, logIndex=4233, commits[6c928baf-cc3b-4a10-9362-ff4e15dca71d:c4234]
2019-08-10 04:38:25,115 INFO  client.GrpcClientProtocolClient (GrpcClientProtocolClient.java:onNext(255)) - client-71F61C017E1E->6c928baf-cc3b-4a10-9362-ff4e15dca71d: receive RaftClientReply:client-71F61C017E1E->6c928baf-cc3b-4a10-9362-ff4e15dca71d@group-586430B97ADD, cid=2937, SUCCESS, logIndex=4236, commits[6c928baf-cc3b-4a10-9362-ff4e15dca71d:c4237]
2019-08-10 04:38:25,115 INFO  client.GrpcClientProtocolClient (GrpcClientProtocolClient.java:onNext(255)) - client-71F61C017E1E->6c928baf-cc3b-4a10-9362-ff4e15dca71d: receive RaftClientReply:client-71F61C017E1E->6c928baf-cc3b-4a10-9362-ff4e15dca71d@group-586430B97ADD, cid=2938, SUCCESS, logIndex=4237, commits[6c928baf-cc3b-4a10-9362-ff4e15dca71d:c4239]
2019-08-10 04:38:25,116 INFO  client.GrpcClientProtocolClient (GrpcClientProtocolClient.java:onNext(255)) - client-71F61C017E1E->6c928baf-cc3b-4a10-9362-ff4e15dca71d: receive RaftClientReply:client-71F61C017E1E->6c928baf-cc3b-4a10-9362-ff4e15dca71d@group-586430B97ADD, cid=2939, SUCCESS, logIndex=4238, commits[6c928baf-cc3b-4a10-9362-ff4e15dca71d:c4240]
2019-08-10 04:38:25,116 INFO  client.GrpcClientProtocolClient (GrpcClientProtocolClient.java:onNext(255)) - client-71F61C017E1E->6c928baf-cc3b-4a10-9362-ff4e15dca71d: receive RaftClientReply:client-71F61C017E1E->6c928baf-cc3b-4a10-9362-ff4e15dca71d@group-586430B97ADD, cid=2940, SUCCESS, logIndex=4239, commits[6c928baf-cc3b-4a10-9362-ff4e15dca71d:c4240]
2019-08-10 04:38:25,134 INFO  client.GrpcClientProtocolClient (GrpcClientProtocolClient.java:onNext(255)) - client-71F61C017E1E->6c928baf-cc3b-4a10-9362-ff4e15dca71d: receive RaftClientReply:client-71F61C017E1E->6c928baf-cc3b-4a10-9362-ff4e15dca71d@group-586430B97ADD, cid=2941, SUCCESS, logIndex=4242, commits[6c928baf-cc3b-4a10-9362-ff4e15dca71d:c4243]
2019-08-10 04:38:25,135 INFO  client.GrpcClientProtocolClient (GrpcClientProtocolClient.java:onNext(255)) - client-71F61C017E1E->6c928baf-cc3b-4a10-9362-ff4e15dca71d: receive RaftClientReply:client-71F61C017E1E->6c928baf-cc3b-4a10-9362-ff4e15dca71d@group-586430B97ADD, cid=2942, SUCCESS, logIndex=4243, commits[6c928baf-cc3b-4a10-9362-ff4e15dca71d:c4245]
2019-08-10 04:38:25,135 INFO  client.GrpcClientProtocolClient (GrpcClientProtocolClient.java:onNext(255)) - client-71F61C017E1E->6c928baf-cc3b-4a10-9362-ff4e15dca71d: receive RaftClientReply:client-71F61C017E1E->6c928baf-cc3b-4a10-9362-ff4e15dca71d@group-586430B97ADD, cid=2943, SUCCESS, logIndex=4244, commits[6c928baf-cc3b-4a10-9362-ff4e15dca71d:c4246]
2019-08-10 04:38:25,135 INFO  client.GrpcClientProtocolClient (GrpcClientProtocolClient.java:onNext(255)) - client-71F61C017E1E->6c928baf-cc3b-4a10-9362-ff4e15dca71d: receive RaftClientReply:client-71F61C017E1E->6c928baf-cc3b-4a10-9362-ff4e15dca71d@group-586430B97ADD, cid=2944, SUCCESS, logIndex=4245, commits[6c928baf-cc3b-4a10-9362-ff4e15dca71d:c4246]
2019-08-10 04:38:25,141 DEBUG block.SCMBlockDeletingService (SCMBlockDeletingService.java:call(138)) - Running DeletedBlockTransactionScanner
2019-08-10 04:38:25,142 DEBUG block.SCMBlockDeletingService (SCMBlockDeletingService.java:call(155)) - Scanned deleted blocks log and got 0 delTX to process.
2019-08-10 04:38:25,168 INFO  client.GrpcClientProtocolClient (GrpcClientProtocolClient.java:onNext(255)) - client-71F61C017E1E->6c928baf-cc3b-4a10-9362-ff4e15dca71d: receive RaftClientReply:client-71F61C017E1E->6c928baf-cc3b-4a10-9362-ff4e15dca71d@group-586430B97ADD, cid=2945, SUCCESS, logIndex=4248, commits[6c928baf-cc3b-4a10-9362-ff4e15dca71d:c4251]
2019-08-10 04:38:25,168 INFO  client.GrpcClientProtocolClient (GrpcClientProtocolClient.java:onNext(255)) - client-71F61C017E1E->6c928baf-cc3b-4a10-9362-ff4e15dca71d: receive RaftClientReply:client-71F61C017E1E->6c928baf-cc3b-4a10-9362-ff4e15dca71d@group-586430B97ADD, cid=2946, SUCCESS, logIndex=4249, commits[6c928baf-cc3b-4a10-9362-ff4e15dca71d:c4251]
2019-08-10 04:38:25,169 INFO  client.GrpcClientProtocolClient (GrpcClientProtocolClient.java:onNext(255)) - client-71F61C017E1E->6c928baf-cc3b-4a10-9362-ff4e15dca71d: receive RaftClientReply:client-71F61C017E1E->6c928baf-cc3b-4a10-9362-ff4e15dca71d@group-586430B97ADD, cid=2947, SUCCESS, logIndex=4250, commits[6c928baf-cc3b-4a10-9362-ff4e15dca71d:c4251]
2019-08-10 04:38:25,169 INFO  client.GrpcClientProtocolClient (GrpcClientProtocolClient.java:onNext(255)) - client-71F61C017E1E->6c928baf-cc3b-4a10-9362-ff4e15dca71d: receive RaftClientReply:client-71F61C017E1E->6c928baf-cc3b-4a10-9362-ff4e15dca71d@group-586430B97ADD, cid=2948, SUCCESS, logIndex=4251, commits[6c928baf-cc3b-4a10-9362-ff4e15dca71d:c4251]
2019-08-10 04:38:25,242 DEBUG block.SCMBlockDeletingService (SCMBlockDeletingService.java:call(138)) - Running DeletedBlockTransactionScanner
2019-08-10 04:38:25,242 DEBUG block.SCMBlockDeletingService (SCMBlockDeletingService.java:call(155)) - Scanned deleted blocks log and got 0 delTX to process.
2019-08-10 04:38:25,343 DEBUG block.SCMBlockDeletingService (SCMBlockDeletingService.java:call(138)) - Running DeletedBlockTransactionScanner
2019-08-10 04:38:25,343 DEBUG block.SCMBlockDeletingService (SCMBlockDeletingService.java:call(155)) - Scanned deleted blocks log and got 0 delTX to process.
2019-08-10 04:38:25,444 DEBUG block.SCMBlockDeletingService (SCMBlockDeletingService.java:call(138)) - Running DeletedBlockTransactionScanner
2019-08-10 04:38:25,444 DEBUG block.SCMBlockDeletingService (SCMBlockDeletingService.java:call(155)) - Scanned deleted blocks log and got 0 delTX to process.
2019-08-10 04:38:25,544 DEBUG block.SCMBlockDeletingService (SCMBlockDeletingService.java:call(138)) - Running DeletedBlockTransactionScanner
2019-08-10 04:38:25,545 DEBUG block.SCMBlockDeletingService (SCMBlockDeletingService.java:call(155)) - Scanned deleted blocks log and got 0 delTX to process.
2019-08-10 04:38:25,645 DEBUG block.SCMBlockDeletingService (SCMBlockDeletingService.java:call(138)) - Running DeletedBlockTransactionScanner
2019-08-10 04:38:25,645 DEBUG block.SCMBlockDeletingService (SCMBlockDeletingService.java:call(155)) - Scanned deleted blocks log and got 0 delTX to process.
2019-08-10 04:38:25,745 DEBUG block.SCMBlockDeletingService (SCMBlockDeletingService.java:call(138)) - Running DeletedBlockTransactionScanner
2019-08-10 04:38:25,746 DEBUG block.SCMBlockDeletingService (SCMBlockDeletingService.java:call(155)) - Scanned deleted blocks log and got 0 delTX to process.
2019-08-10 04:38:25,846 DEBUG block.SCMBlockDeletingService (SCMBlockDeletingService.java:call(138)) - Running DeletedBlockTransactionScanner
2019-08-10 04:38:25,846 DEBUG block.SCMBlockDeletingService (SCMBlockDeletingService.java:call(155)) - Scanned deleted blocks log and got 0 delTX to process.
2019-08-10 04:38:25,947 DEBUG block.SCMBlockDeletingService (SCMBlockDeletingService.java:call(138)) - Running DeletedBlockTransactionScanner
2019-08-10 04:38:25,947 DEBUG block.SCMBlockDeletingService (SCMBlockDeletingService.java:call(155)) - Scanned deleted blocks log and got 0 delTX to process.
2019-08-10 04:38:26,047 DEBUG block.SCMBlockDeletingService (SCMBlockDeletingService.java:call(138)) - Running DeletedBlockTransactionScanner
2019-08-10 04:38:26,048 DEBUG block.SCMBlockDeletingService (SCMBlockDeletingService.java:call(155)) - Scanned deleted blocks log and got 0 delTX to process.
2019-08-10 04:38:26,148 DEBUG block.SCMBlockDeletingService (SCMBlockDeletingService.java:call(138)) - Running DeletedBlockTransactionScanner
2019-08-10 04:38:26,149 DEBUG block.SCMBlockDeletingService (SCMBlockDeletingService.java:call(155)) - Scanned deleted blocks log and got 0 delTX to process.
2019-08-10 04:38:26,249 DEBUG block.SCMBlockDeletingService (SCMBlockDeletingService.java:call(138)) - Running DeletedBlockTransactionScanner
2019-08-10 04:38:26,249 DEBUG block.SCMBlockDeletingService (SCMBlockDeletingService.java:call(155)) - Scanned deleted blocks log and got 0 delTX to process.
2019-08-10 04:38:26,350 DEBUG block.SCMBlockDeletingService (SCMBlockDeletingService.java:call(138)) - Running DeletedBlockTransactionScanner
2019-08-10 04:38:26,350 DEBUG block.SCMBlockDeletingService (SCMBlockDeletingService.java:call(155)) - Scanned deleted blocks log and got 0 delTX to process.
2019-08-10 04:38:26,383 INFO  client.GrpcClientProtocolClient (GrpcClientProtocolClient.java:onNext(255)) - client-71F61C017E1E->6c928baf-cc3b-4a10-9362-ff4e15dca71d: receive RaftClientReply:client-71F61C017E1E->6c928baf-cc3b-4a10-9362-ff4e15dca71d@group-586430B97ADD, cid=2949, SUCCESS, logIndex=4253, commits[6c928baf-cc3b-4a10-9362-ff4e15dca71d:c4256]
2019-08-10 04:38:26,383 INFO  client.GrpcClientProtocolClient (GrpcClientProtocolClient.java:onNext(255)) - client-71F61C017E1E->6c928baf-cc3b-4a10-9362-ff4e15dca71d: receive RaftClientReply:client-71F61C017E1E->6c928baf-cc3b-4a10-9362-ff4e15dca71d@group-586430B97ADD, cid=2950, SUCCESS, logIndex=4254, commits[6c928baf-cc3b-4a10-9362-ff4e15dca71d:c4256]
2019-08-10 04:38:26,383 INFO  client.GrpcClientProtocolClient (GrpcClientProtocolClient.java:onNext(255)) - client-71F61C017E1E->6c928baf-cc3b-4a10-9362-ff4e15dca71d: receive RaftClientReply:client-71F61C017E1E->6c928baf-cc3b-4a10-9362-ff4e15dca71d@group-586430B97ADD, cid=2951, SUCCESS, logIndex=4255, commits[6c928baf-cc3b-4a10-9362-ff4e15dca71d:c4256]
2019-08-10 04:38:26,384 INFO  client.GrpcClientProtocolClient (GrpcClientProtocolClient.java:onNext(255)) - client-71F61C017E1E->6c928baf-cc3b-4a10-9362-ff4e15dca71d: receive RaftClientReply:client-71F61C017E1E->6c928baf-cc3b-4a10-9362-ff4e15dca71d@group-586430B97ADD, cid=2952, SUCCESS, logIndex=4256, commits[6c928baf-cc3b-4a10-9362-ff4e15dca71d:c4256]
2019-08-10 04:38:26,451 DEBUG block.SCMBlockDeletingService (SCMBlockDeletingService.java:call(138)) - Running DeletedBlockTransactionScanner
2019-08-10 04:38:26,451 DEBUG block.SCMBlockDeletingService (SCMBlockDeletingService.java:call(155)) - Scanned deleted blocks log and got 0 delTX to process.
2019-08-10 04:38:26,551 DEBUG block.SCMBlockDeletingService (SCMBlockDeletingService.java:call(138)) - Running DeletedBlockTransactionScanner
2019-08-10 04:38:26,551 DEBUG block.SCMBlockDeletingService (SCMBlockDeletingService.java:call(155)) - Scanned deleted blocks log and got 0 delTX to process.
2019-08-10 04:38:26,652 DEBUG block.SCMBlockDeletingService (SCMBlockDeletingService.java:call(138)) - Running DeletedBlockTransactionScanner
2019-08-10 04:38:26,652 DEBUG block.SCMBlockDeletingService (SCMBlockDeletingService.java:call(155)) - Scanned deleted blocks log and got 0 delTX to process.
2019-08-10 04:38:26,753 DEBUG block.SCMBlockDeletingService (SCMBlockDeletingService.java:call(138)) - Running DeletedBlockTransactionScanner
2019-08-10 04:38:26,753 DEBUG block.SCMBlockDeletingService (SCMBlockDeletingService.java:call(155)) - Scanned deleted blocks log and got 0 delTX to process.
2019-08-10 04:38:26,853 DEBUG block.SCMBlockDeletingService (SCMBlockDeletingService.java:call(138)) - Running DeletedBlockTransactionScanner
2019-08-10 04:38:26,853 DEBUG block.SCMBlockDeletingService (SCMBlockDeletingService.java:call(155)) - Scanned deleted blocks log and got 0 delTX to process.
2019-08-10 04:38:26,954 DEBUG block.SCMBlockDeletingService (SCMBlockDeletingService.java:call(138)) - Running DeletedBlockTransactionScanner
2019-08-10 04:38:26,954 DEBUG block.SCMBlockDeletingService (SCMBlockDeletingService.java:call(155)) - Scanned deleted blocks log and got 0 delTX to process.
2019-08-10 04:38:27,054 DEBUG block.SCMBlockDeletingService (SCMBlockDeletingService.java:call(138)) - Running DeletedBlockTransactionScanner
2019-08-10 04:38:27,055 DEBUG block.SCMBlockDeletingService (SCMBlockDeletingService.java:call(155)) - Scanned deleted blocks log and got 0 delTX to process.
2019-08-10 04:38:27,155 DEBUG block.SCMBlockDeletingService (SCMBlockDeletingService.java:call(138)) - Running DeletedBlockTransactionScanner
2019-08-10 04:38:27,155 DEBUG block.SCMBlockDeletingService (SCMBlockDeletingService.java:call(155)) - Scanned deleted blocks log and got 0 delTX to process.
2019-08-10 04:38:27,256 DEBUG block.SCMBlockDeletingService (SCMBlockDeletingService.java:call(138)) - Running DeletedBlockTransactionScanner
2019-08-10 04:38:27,256 DEBUG block.SCMBlockDeletingService (SCMBlockDeletingService.java:call(155)) - Scanned deleted blocks log and got 0 delTX to process.
2019-08-10 04:38:27,356 DEBUG block.SCMBlockDeletingService (SCMBlockDeletingService.java:call(138)) - Running DeletedBlockTransactionScanner
2019-08-10 04:38:27,357 DEBUG block.SCMBlockDeletingService (SCMBlockDeletingService.java:call(155)) - Scanned deleted blocks log and got 0 delTX to process.
2019-08-10 04:38:27,457 DEBUG block.SCMBlockDeletingService (SCMBlockDeletingService.java:call(138)) - Running DeletedBlockTransactionScanner
2019-08-10 04:38:27,457 DEBUG block.SCMBlockDeletingService (SCMBlockDeletingService.java:call(155)) - Scanned deleted blocks log and got 0 delTX to process.
2019-08-10 04:38:27,558 DEBUG block.SCMBlockDeletingService (SCMBlockDeletingService.java:call(138)) - Running DeletedBlockTransactionScanner
2019-08-10 04:38:27,558 DEBUG block.SCMBlockDeletingService (SCMBlockDeletingService.java:call(155)) - Scanned deleted blocks log and got 0 delTX to process.
2019-08-10 04:38:27,659 DEBUG block.SCMBlockDeletingService (SCMBlockDeletingService.java:call(138)) - Running DeletedBlockTransactionScanner
2019-08-10 04:38:27,659 DEBUG block.SCMBlockDeletingService (SCMBlockDeletingService.java:call(155)) - Scanned deleted blocks log and got 0 delTX to process.
2019-08-10 04:38:27,759 DEBUG block.SCMBlockDeletingService (SCMBlockDeletingService.java:call(138)) - Running DeletedBlockTransactionScanner
2019-08-10 04:38:27,759 DEBUG block.SCMBlockDeletingService (SCMBlockDeletingService.java:call(155)) - Scanned deleted blocks log and got 0 delTX to process.
2019-08-10 04:38:27,860 DEBUG block.SCMBlockDeletingService (SCMBlockDeletingService.java:call(138)) - Running DeletedBlockTransactionScanner
2019-08-10 04:38:27,860 DEBUG block.SCMBlockDeletingService (SCMBlockDeletingService.java:call(155)) - Scanned deleted blocks log and got 0 delTX to process.
2019-08-10 04:38:27,960 DEBUG block.SCMBlockDeletingService (SCMBlockDeletingService.java:call(138)) - Running DeletedBlockTransactionScanner
2019-08-10 04:38:27,961 DEBUG block.SCMBlockDeletingService (SCMBlockDeletingService.java:call(155)) - Scanned deleted blocks log and got 0 delTX to process.
2019-08-10 04:38:28,061 DEBUG block.SCMBlockDeletingService (SCMBlockDeletingService.java:call(138)) - Running DeletedBlockTransactionScanner
2019-08-10 04:38:28,061 DEBUG block.SCMBlockDeletingService (SCMBlockDeletingService.java:call(155)) - Scanned deleted blocks log and got 0 delTX to process.
2019-08-10 04:38:28,162 DEBUG block.SCMBlockDeletingService (SCMBlockDeletingService.java:call(138)) - Running DeletedBlockTransactionScanner
2019-08-10 04:38:28,162 DEBUG block.SCMBlockDeletingService (SCMBlockDeletingService.java:call(155)) - Scanned deleted blocks log and got 0 delTX to process.
2019-08-10 04:38:28,262 DEBUG block.SCMBlockDeletingService (SCMBlockDeletingService.java:call(138)) - Running DeletedBlockTransactionScanner
2019-08-10 04:38:28,262 DEBUG block.SCMBlockDeletingService (SCMBlockDeletingService.java:call(155)) - Scanned deleted blocks log and got 0 delTX to process.
2019-08-10 04:38:28,363 DEBUG block.SCMBlockDeletingService (SCMBlockDeletingService.java:call(138)) - Running DeletedBlockTransactionScanner
2019-08-10 04:38:28,363 DEBUG block.SCMBlockDeletingService (SCMBlockDeletingService.java:call(155)) - Scanned deleted blocks log and got 0 delTX to process.
2019-08-10 04:38:28,464 DEBUG block.SCMBlockDeletingService (SCMBlockDeletingService.java:call(138)) - Running DeletedBlockTransactionScanner
2019-08-10 04:38:28,464 DEBUG block.SCMBlockDeletingService (SCMBlockDeletingService.java:call(155)) - Scanned deleted blocks log and got 0 delTX to process.
2019-08-10 04:38:28,564 DEBUG block.SCMBlockDeletingService (SCMBlockDeletingService.java:call(138)) - Running DeletedBlockTransactionScanner
2019-08-10 04:38:28,564 DEBUG block.SCMBlockDeletingService (SCMBlockDeletingService.java:call(155)) - Scanned deleted blocks log and got 0 delTX to process.
2019-08-10 04:38:28,665 DEBUG block.SCMBlockDeletingService (SCMBlockDeletingService.java:call(138)) - Running DeletedBlockTransactionScanner
2019-08-10 04:38:28,665 DEBUG block.SCMBlockDeletingService (SCMBlockDeletingService.java:call(155)) - Scanned deleted blocks log and got 0 delTX to process.
2019-08-10 04:38:28,766 DEBUG block.SCMBlockDeletingService (SCMBlockDeletingService.java:call(138)) - Running DeletedBlockTransactionScanner
2019-08-10 04:38:28,766 DEBUG block.SCMBlockDeletingService (SCMBlockDeletingService.java:call(155)) - Scanned deleted blocks log and got 0 delTX to process.
2019-08-10 04:38:28,866 DEBUG block.SCMBlockDeletingService (SCMBlockDeletingService.java:call(138)) - Running DeletedBlockTransactionScanner
2019-08-10 04:38:28,866 DEBUG block.SCMBlockDeletingService (SCMBlockDeletingService.java:call(155)) - Scanned deleted blocks log and got 0 delTX to process.
2019-08-10 04:38:28,967 DEBUG block.SCMBlockDeletingService (SCMBlockDeletingService.java:call(138)) - Running DeletedBlockTransactionScanner
2019-08-10 04:38:28,967 DEBUG block.SCMBlockDeletingService (SCMBlockDeletingService.java:call(155)) - Scanned deleted blocks log and got 0 delTX to process.
2019-08-10 04:38:29,067 DEBUG block.SCMBlockDeletingService (SCMBlockDeletingService.java:call(138)) - Running DeletedBlockTransactionScanner
2019-08-10 04:38:29,068 DEBUG block.SCMBlockDeletingService (SCMBlockDeletingService.java:call(155)) - Scanned deleted blocks log and got 0 delTX to process.
2019-08-10 04:38:29,168 DEBUG block.SCMBlockDeletingService (SCMBlockDeletingService.java:call(138)) - Running DeletedBlockTransactionScanner
2019-08-10 04:38:29,168 DEBUG block.SCMBlockDeletingService (SCMBlockDeletingService.java:call(155)) - Scanned deleted blocks log and got 0 delTX to process.
2019-08-10 04:38:29,269 DEBUG block.SCMBlockDeletingService (SCMBlockDeletingService.java:call(138)) - Running DeletedBlockTransactionScanner
2019-08-10 04:38:29,269 DEBUG block.SCMBlockDeletingService (SCMBlockDeletingService.java:call(155)) - Scanned deleted blocks log and got 0 delTX to process.
2019-08-10 04:38:29,369 DEBUG block.SCMBlockDeletingService (SCMBlockDeletingService.java:call(138)) - Running DeletedBlockTransactionScanner
2019-08-10 04:38:29,370 DEBUG block.SCMBlockDeletingService (SCMBlockDeletingService.java:call(155)) - Scanned deleted blocks log and got 0 delTX to process.
2019-08-10 04:38:29,470 DEBUG block.SCMBlockDeletingService (SCMBlockDeletingService.java:call(138)) - Running DeletedBlockTransactionScanner
2019-08-10 04:38:29,470 DEBUG block.SCMBlockDeletingService (SCMBlockDeletingService.java:call(155)) - Scanned deleted blocks log and got 0 delTX to process.
2019-08-10 04:38:29,571 DEBUG block.SCMBlockDeletingService (SCMBlockDeletingService.java:call(138)) - Running DeletedBlockTransactionScanner
2019-08-10 04:38:29,571 DEBUG block.SCMBlockDeletingService (SCMBlockDeletingService.java:call(155)) - Scanned deleted blocks log and got 0 delTX to process.
2019-08-10 04:38:29,671 DEBUG block.SCMBlockDeletingService (SCMBlockDeletingService.java:call(138)) - Running DeletedBlockTransactionScanner
2019-08-10 04:38:29,672 DEBUG block.SCMBlockDeletingService (SCMBlockDeletingService.java:call(155)) - Scanned deleted blocks log and got 0 delTX to process.
2019-08-10 04:38:29,772 DEBUG block.SCMBlockDeletingService (SCMBlockDeletingService.java:call(138)) - Running DeletedBlockTransactionScanner
2019-08-10 04:38:29,772 DEBUG block.SCMBlockDeletingService (SCMBlockDeletingService.java:call(155)) - Scanned deleted blocks log and got 0 delTX to process.
2019-08-10 04:38:29,873 DEBUG block.SCMBlockDeletingService (SCMBlockDeletingService.java:call(138)) - Running DeletedBlockTransactionScanner
2019-08-10 04:38:29,873 DEBUG block.SCMBlockDeletingService (SCMBlockDeletingService.java:call(155)) - Scanned deleted blocks log and got 0 delTX to process.
2019-08-10 04:38:29,973 DEBUG block.SCMBlockDeletingService (SCMBlockDeletingService.java:call(138)) - Running DeletedBlockTransactionScanner
2019-08-10 04:38:29,974 DEBUG block.SCMBlockDeletingService (SCMBlockDeletingService.java:call(155)) - Scanned deleted blocks log and got 0 delTX to process.
2019-08-10 04:38:30,074 DEBUG block.SCMBlockDeletingService (SCMBlockDeletingService.java:call(138)) - Running DeletedBlockTransactionScanner
2019-08-10 04:38:30,074 DEBUG block.SCMBlockDeletingService (SCMBlockDeletingService.java:call(155)) - Scanned deleted blocks log and got 0 delTX to process.
2019-08-10 04:38:30,175 DEBUG block.SCMBlockDeletingService (SCMBlockDeletingService.java:call(138)) - Running DeletedBlockTransactionScanner
2019-08-10 04:38:30,175 DEBUG block.SCMBlockDeletingService (SCMBlockDeletingService.java:call(155)) - Scanned deleted blocks log and got 0 delTX to process.
2019-08-10 04:38:30,275 DEBUG block.SCMBlockDeletingService (SCMBlockDeletingService.java:call(138)) - Running DeletedBlockTransactionScanner
2019-08-10 04:38:30,276 DEBUG block.SCMBlockDeletingService (SCMBlockDeletingService.java:call(155)) - Scanned deleted blocks log and got 0 delTX to process.
2019-08-10 04:38:30,376 DEBUG block.SCMBlockDeletingService (SCMBlockDeletingService.java:call(138)) - Running DeletedBlockTransactionScanner
2019-08-10 04:38:30,376 DEBUG block.SCMBlockDeletingService (SCMBlockDeletingService.java:call(155)) - Scanned deleted blocks log and got 0 delTX to process.
2019-08-10 04:38:30,477 DEBUG block.SCMBlockDeletingService (SCMBlockDeletingService.java:call(138)) - Running DeletedBlockTransactionScanner
2019-08-10 04:38:30,477 DEBUG block.SCMBlockDeletingService (SCMBlockDeletingService.java:call(155)) - Scanned deleted blocks log and got 0 delTX to process.
2019-08-10 04:38:30,577 DEBUG block.SCMBlockDeletingService (SCMBlockDeletingService.java:call(138)) - Running DeletedBlockTransactionScanner
2019-08-10 04:38:30,578 DEBUG block.SCMBlockDeletingService (SCMBlockDeletingService.java:call(155)) - Scanned deleted blocks log and got 0 delTX to process.
2019-08-10 04:38:30,678 DEBUG block.SCMBlockDeletingService (SCMBlockDeletingService.java:call(138)) - Running DeletedBlockTransactionScanner
2019-08-10 04:38:30,678 DEBUG block.SCMBlockDeletingService (SCMBlockDeletingService.java:call(155)) - Scanned deleted blocks log and got 0 delTX to process.
2019-08-10 04:38:30,779 DEBUG block.SCMBlockDeletingService (SCMBlockDeletingService.java:call(138)) - Running DeletedBlockTransactionScanner
2019-08-10 04:38:30,779 DEBUG block.SCMBlockDeletingService (SCMBlockDeletingService.java:call(155)) - Scanned deleted blocks log and got 0 delTX to process.
2019-08-10 04:38:30,879 DEBUG block.SCMBlockDeletingService (SCMBlockDeletingService.java:call(138)) - Running DeletedBlockTransactionScanner
2019-08-10 04:38:30,880 DEBUG block.SCMBlockDeletingService (SCMBlockDeletingService.java:call(155)) - Scanned deleted blocks log and got 0 delTX to process.
2019-08-10 04:38:30,980 DEBUG block.SCMBlockDeletingService (SCMBlockDeletingService.java:call(138)) - Running DeletedBlockTransactionScanner
2019-08-10 04:38:30,980 DEBUG block.SCMBlockDeletingService (SCMBlockDeletingService.java:call(155)) - Scanned deleted blocks log and got 0 delTX to process.
2019-08-10 04:38:31,081 DEBUG block.SCMBlockDeletingService (SCMBlockDeletingService.java:call(138)) - Running DeletedBlockTransactionScanner
2019-08-10 04:38:31,081 DEBUG block.SCMBlockDeletingService (SCMBlockDeletingService.java:call(155)) - Scanned deleted blocks log and got 0 delTX to process.
2019-08-10 04:38:31,181 DEBUG block.SCMBlockDeletingService (SCMBlockDeletingService.java:call(138)) - Running DeletedBlockTransactionScanner
2019-08-10 04:38:31,181 DEBUG block.SCMBlockDeletingService (SCMBlockDeletingService.java:call(155)) - Scanned deleted blocks log and got 0 delTX to process.
2019-08-10 04:38:31,282 DEBUG block.SCMBlockDeletingService (SCMBlockDeletingService.java:call(138)) - Running DeletedBlockTransactionScanner
2019-08-10 04:38:31,282 DEBUG block.SCMBlockDeletingService (SCMBlockDeletingService.java:call(155)) - Scanned deleted blocks log and got 0 delTX to process.
2019-08-10 04:38:31,382 DEBUG block.SCMBlockDeletingService (SCMBlockDeletingService.java:call(138)) - Running DeletedBlockTransactionScanner
2019-08-10 04:38:31,383 DEBUG block.SCMBlockDeletingService (SCMBlockDeletingService.java:call(155)) - Scanned deleted blocks log and got 0 delTX to process.
2019-08-10 04:38:31,483 DEBUG block.SCMBlockDeletingService (SCMBlockDeletingService.java:call(138)) - Running DeletedBlockTransactionScanner
2019-08-10 04:38:31,483 DEBUG block.SCMBlockDeletingService (SCMBlockDeletingService.java:call(155)) - Scanned deleted blocks log and got 0 delTX to process.
2019-08-10 04:38:31,584 DEBUG block.SCMBlockDeletingService (SCMBlockDeletingService.java:call(138)) - Running DeletedBlockTransactionScanner
2019-08-10 04:38:31,584 DEBUG block.SCMBlockDeletingService (SCMBlockDeletingService.java:call(155)) - Scanned deleted blocks log and got 0 delTX to process.
2019-08-10 04:38:31,684 DEBUG block.SCMBlockDeletingService (SCMBlockDeletingService.java:call(138)) - Running DeletedBlockTransactionScanner
2019-08-10 04:38:31,684 DEBUG block.SCMBlockDeletingService (SCMBlockDeletingService.java:call(155)) - Scanned deleted blocks log and got 0 delTX to process.
2019-08-10 04:38:31,785 DEBUG block.SCMBlockDeletingService (SCMBlockDeletingService.java:call(138)) - Running DeletedBlockTransactionScanner
2019-08-10 04:38:31,785 DEBUG block.SCMBlockDeletingService (SCMBlockDeletingService.java:call(155)) - Scanned deleted blocks log and got 0 delTX to process.
2019-08-10 04:38:31,885 DEBUG block.SCMBlockDeletingService (SCMBlockDeletingService.java:call(138)) - Running DeletedBlockTransactionScanner
2019-08-10 04:38:31,886 DEBUG block.SCMBlockDeletingService (SCMBlockDeletingService.java:call(155)) - Scanned deleted blocks log and got 0 delTX to process.
2019-08-10 04:38:31,986 DEBUG block.SCMBlockDeletingService (SCMBlockDeletingService.java:call(138)) - Running DeletedBlockTransactionScanner
2019-08-10 04:38:31,986 DEBUG block.SCMBlockDeletingService (SCMBlockDeletingService.java:call(155)) - Scanned deleted blocks log and got 0 delTX to process.
2019-08-10 04:38:32,087 DEBUG block.SCMBlockDeletingService (SCMBlockDeletingService.java:call(138)) - Running DeletedBlockTransactionScanner
2019-08-10 04:38:32,087 DEBUG block.SCMBlockDeletingService (SCMBlockDeletingService.java:call(155)) - Scanned deleted blocks log and got 0 delTX to process.
2019-08-10 04:38:32,187 DEBUG block.SCMBlockDeletingService (SCMBlockDeletingService.java:call(138)) - Running DeletedBlockTransactionScanner
2019-08-10 04:38:32,187 DEBUG block.SCMBlockDeletingService (SCMBlockDeletingService.java:call(155)) - Scanned deleted blocks log and got 0 delTX to process.
2019-08-10 04:38:32,288 DEBUG block.SCMBlockDeletingService (SCMBlockDeletingService.java:call(138)) - Running DeletedBlockTransactionScanner
2019-08-10 04:38:32,288 DEBUG block.SCMBlockDeletingService (SCMBlockDeletingService.java:call(155)) - Scanned deleted blocks log and got 0 delTX to process.
2019-08-10 04:38:32,389 DEBUG block.SCMBlockDeletingService (SCMBlockDeletingService.java:call(138)) - Running DeletedBlockTransactionScanner
2019-08-10 04:38:32,389 DEBUG block.SCMBlockDeletingService (SCMBlockDeletingService.java:call(155)) - Scanned deleted blocks log and got 0 delTX to process.
2019-08-10 04:38:32,489 DEBUG block.SCMBlockDeletingService (SCMBlockDeletingService.java:call(138)) - Running DeletedBlockTransactionScanner
2019-08-10 04:38:32,490 DEBUG block.SCMBlockDeletingService (SCMBlockDeletingService.java:call(155)) - Scanned deleted blocks log and got 0 delTX to process.
2019-08-10 04:38:32,492 INFO  client.GrpcClientProtocolClient (GrpcClientProtocolClient.java:onNext(255)) - client-71F61C017E1E->6c928baf-cc3b-4a10-9362-ff4e15dca71d: receive RaftClientReply:client-71F61C017E1E->6c928baf-cc3b-4a10-9362-ff4e15dca71d@group-586430B97ADD, cid=2953, SUCCESS, logIndex=4258, commits[6c928baf-cc3b-4a10-9362-ff4e15dca71d:c4261]
2019-08-10 04:38:32,500 INFO  client.GrpcClientProtocolClient (GrpcClientProtocolClient.java:onNext(255)) - client-71F61C017E1E->6c928baf-cc3b-4a10-9362-ff4e15dca71d: receive RaftClientReply:client-71F61C017E1E->6c928baf-cc3b-4a10-9362-ff4e15dca71d@group-586430B97ADD, cid=2954, SUCCESS, logIndex=4259, commits[6c928baf-cc3b-4a10-9362-ff4e15dca71d:c4261]
2019-08-10 04:38:32,503 INFO  client.GrpcClientProtocolClient (GrpcClientProtocolClient.java:onNext(255)) - client-71F61C017E1E->6c928baf-cc3b-4a10-9362-ff4e15dca71d: receive RaftClientReply:client-71F61C017E1E->6c928baf-cc3b-4a10-9362-ff4e15dca71d@group-586430B97ADD, cid=2955, SUCCESS, logIndex=4260, commits[6c928baf-cc3b-4a10-9362-ff4e15dca71d:c4261]
2019-08-10 04:38:32,504 INFO  client.GrpcClientProtocolClient (GrpcClientProtocolClient.java:onNext(255)) - client-71F61C017E1E->6c928baf-cc3b-4a10-9362-ff4e15dca71d: receive RaftClientReply:client-71F61C017E1E->6c928baf-cc3b-4a10-9362-ff4e15dca71d@group-586430B97ADD, cid=2956, SUCCESS, logIndex=4261, commits[6c928baf-cc3b-4a10-9362-ff4e15dca71d:c4261]
2019-08-10 04:38:32,590 DEBUG block.SCMBlockDeletingService (SCMBlockDeletingService.java:call(138)) - Running DeletedBlockTransactionScanner
2019-08-10 04:38:32,590 DEBUG block.SCMBlockDeletingService (SCMBlockDeletingService.java:call(155)) - Scanned deleted blocks log and got 0 delTX to process.
2019-08-10 04:38:32,691 DEBUG block.SCMBlockDeletingService (SCMBlockDeletingService.java:call(138)) - Running DeletedBlockTransactionScanner
2019-08-10 04:38:32,691 DEBUG block.SCMBlockDeletingService (SCMBlockDeletingService.java:call(155)) - Scanned deleted blocks log and got 0 delTX to process.
2019-08-10 04:38:32,791 DEBUG block.SCMBlockDeletingService (SCMBlockDeletingService.java:call(138)) - Running DeletedBlockTransactionScanner
2019-08-10 04:38:32,791 DEBUG block.SCMBlockDeletingService (SCMBlockDeletingService.java:call(155)) - Scanned deleted blocks log and got 0 delTX to process.
2019-08-10 04:38:32,892 DEBUG block.SCMBlockDeletingService (SCMBlockDeletingService.java:call(138)) - Running DeletedBlockTransactionScanner
2019-08-10 04:38:32,892 DEBUG block.SCMBlockDeletingService (SCMBlockDeletingService.java:call(155)) - Scanned deleted blocks log and got 0 delTX to process.
2019-08-10 04:38:32,992 DEBUG block.SCMBlockDeletingService (SCMBlockDeletingService.java:call(138)) - Running DeletedBlockTransactionScanner
2019-08-10 04:38:32,993 DEBUG block.SCMBlockDeletingService (SCMBlockDeletingService.java:call(155)) - Scanned deleted blocks log and got 0 delTX to process.
2019-08-10 04:38:33,093 DEBUG block.SCMBlockDeletingService (SCMBlockDeletingService.java:call(138)) - Running DeletedBlockTransactionScanner
2019-08-10 04:38:33,093 DEBUG block.SCMBlockDeletingService (SCMBlockDeletingService.java:call(155)) - Scanned deleted blocks log and got 0 delTX to process.
2019-08-10 04:38:33,193 DEBUG block.SCMBlockDeletingService (SCMBlockDeletingService.java:call(138)) - Running DeletedBlockTransactionScanner
2019-08-10 04:38:33,194 DEBUG block.SCMBlockDeletingService (SCMBlockDeletingService.java:call(155)) - Scanned deleted blocks log and got 0 delTX to process.
2019-08-10 04:38:33,294 DEBUG block.SCMBlockDeletingService (SCMBlockDeletingService.java:call(138)) - Running DeletedBlockTransactionScanner
2019-08-10 04:38:33,294 DEBUG block.SCMBlockDeletingService (SCMBlockDeletingService.java:call(155)) - Scanned deleted blocks log and got 0 delTX to process.
2019-08-10 04:38:33,395 DEBUG block.SCMBlockDeletingService (SCMBlockDeletingService.java:call(138)) - Running DeletedBlockTransactionScanner
2019-08-10 04:38:33,395 DEBUG block.SCMBlockDeletingService (SCMBlockDeletingService.java:call(155)) - Scanned deleted blocks log and got 0 delTX to process.
2019-08-10 04:38:33,495 DEBUG block.SCMBlockDeletingService (SCMBlockDeletingService.java:call(138)) - Running DeletedBlockTransactionScanner
2019-08-10 04:38:33,495 DEBUG block.SCMBlockDeletingService (SCMBlockDeletingService.java:call(155)) - Scanned deleted blocks log and got 0 delTX to process.
2019-08-10 04:38:33,596 DEBUG block.SCMBlockDeletingService (SCMBlockDeletingService.java:call(138)) - Running DeletedBlockTransactionScanner
2019-08-10 04:38:33,596 DEBUG block.SCMBlockDeletingService (SCMBlockDeletingService.java:call(155)) - Scanned deleted blocks log and got 0 delTX to process.
2019-08-10 04:38:33,696 DEBUG block.SCMBlockDeletingService (SCMBlockDeletingService.java:call(138)) - Running DeletedBlockTransactionScanner
2019-08-10 04:38:33,697 DEBUG block.SCMBlockDeletingService (SCMBlockDeletingService.java:call(155)) - Scanned deleted blocks log and got 0 delTX to process.
2019-08-10 04:38:33,797 DEBUG block.SCMBlockDeletingService (SCMBlockDeletingService.java:call(138)) - Running DeletedBlockTransactionScanner
2019-08-10 04:38:33,797 DEBUG block.SCMBlockDeletingService (SCMBlockDeletingService.java:call(155)) - Scanned deleted blocks log and got 0 delTX to process.
2019-08-10 04:38:33,897 DEBUG block.SCMBlockDeletingService (SCMBlockDeletingService.java:call(138)) - Running DeletedBlockTransactionScanner
2019-08-10 04:38:33,898 DEBUG block.SCMBlockDeletingService (SCMBlockDeletingService.java:call(155)) - Scanned deleted blocks log and got 0 delTX to process.
2019-08-10 04:38:33,998 DEBUG block.SCMBlockDeletingService (SCMBlockDeletingService.java:call(138)) - Running DeletedBlockTransactionScanner
2019-08-10 04:38:33,998 DEBUG block.SCMBlockDeletingService (SCMBlockDeletingService.java:call(155)) - Scanned deleted blocks log and got 0 delTX to process.
2019-08-10 04:38:34,099 DEBUG block.SCMBlockDeletingService (SCMBlockDeletingService.java:call(138)) - Running DeletedBlockTransactionScanner
2019-08-10 04:38:34,099 DEBUG block.SCMBlockDeletingService (SCMBlockDeletingService.java:call(155)) - Scanned deleted blocks log and got 0 delTX to process.
2019-08-10 04:38:34,199 DEBUG block.SCMBlockDeletingService (SCMBlockDeletingService.java:call(138)) - Running DeletedBlockTransactionScanner
2019-08-10 04:38:34,199 DEBUG block.SCMBlockDeletingService (SCMBlockDeletingService.java:call(155)) - Scanned deleted blocks log and got 0 delTX to process.
2019-08-10 04:38:34,300 DEBUG block.SCMBlockDeletingService (SCMBlockDeletingService.java:call(138)) - Running DeletedBlockTransactionScanner
2019-08-10 04:38:34,300 DEBUG block.SCMBlockDeletingService (SCMBlockDeletingService.java:call(155)) - Scanned deleted blocks log and got 0 delTX to process.
2019-08-10 04:38:34,400 DEBUG block.SCMBlockDeletingService (SCMBlockDeletingService.java:call(138)) - Running DeletedBlockTransactionScanner
2019-08-10 04:38:34,401 DEBUG block.SCMBlockDeletingService (SCMBlockDeletingService.java:call(155)) - Scanned deleted blocks log and got 0 delTX to process.
2019-08-10 04:38:34,501 DEBUG block.SCMBlockDeletingService (SCMBlockDeletingService.java:call(138)) - Running DeletedBlockTransactionScanner
2019-08-10 04:38:34,501 DEBUG block.SCMBlockDeletingService (SCMBlockDeletingService.java:call(155)) - Scanned deleted blocks log and got 0 delTX to process.
2019-08-10 04:38:34,601 DEBUG block.SCMBlockDeletingService (SCMBlockDeletingService.java:call(138)) - Running DeletedBlockTransactionScanner
2019-08-10 04:38:34,602 DEBUG block.SCMBlockDeletingService (SCMBlockDeletingService.java:call(155)) - Scanned deleted blocks log and got 0 delTX to process.
2019-08-10 04:38:34,702 DEBUG block.SCMBlockDeletingService (SCMBlockDeletingService.java:call(138)) - Running DeletedBlockTransactionScanner
2019-08-10 04:38:34,702 DEBUG block.SCMBlockDeletingService (SCMBlockDeletingService.java:call(155)) - Scanned deleted blocks log and got 0 delTX to process.
2019-08-10 04:38:34,803 DEBUG block.SCMBlockDeletingService (SCMBlockDeletingService.java:call(138)) - Running DeletedBlockTransactionScanner
2019-08-10 04:38:34,803 DEBUG block.SCMBlockDeletingService (SCMBlockDeletingService.java:call(155)) - Scanned deleted blocks log and got 0 delTX to process.
2019-08-10 04:38:34,903 DEBUG block.SCMBlockDeletingService (SCMBlockDeletingService.java:call(138)) - Running DeletedBlockTransactionScanner
2019-08-10 04:38:34,903 DEBUG block.SCMBlockDeletingService (SCMBlockDeletingService.java:call(155)) - Scanned deleted blocks log and got 0 delTX to process.
2019-08-10 04:38:35,004 DEBUG block.SCMBlockDeletingService (SCMBlockDeletingService.java:call(138)) - Running DeletedBlockTransactionScanner
2019-08-10 04:38:35,004 DEBUG block.SCMBlockDeletingService (SCMBlockDeletingService.java:call(155)) - Scanned deleted blocks log and got 0 delTX to process.
2019-08-10 04:38:35,104 DEBUG block.SCMBlockDeletingService (SCMBlockDeletingService.java:call(138)) - Running DeletedBlockTransactionScanner
2019-08-10 04:38:35,105 DEBUG block.SCMBlockDeletingService (SCMBlockDeletingService.java:call(155)) - Scanned deleted blocks log and got 0 delTX to process.
2019-08-10 04:38:35,205 DEBUG block.SCMBlockDeletingService (SCMBlockDeletingService.java:call(138)) - Running DeletedBlockTransactionScanner
2019-08-10 04:38:35,205 DEBUG block.SCMBlockDeletingService (SCMBlockDeletingService.java:call(155)) - Scanned deleted blocks log and got 0 delTX to process.
2019-08-10 04:38:35,306 DEBUG block.SCMBlockDeletingService (SCMBlockDeletingService.java:call(138)) - Running DeletedBlockTransactionScanner
2019-08-10 04:38:35,306 DEBUG block.SCMBlockDeletingService (SCMBlockDeletingService.java:call(155)) - Scanned deleted blocks log and got 0 delTX to process.
2019-08-10 04:38:35,406 DEBUG block.SCMBlockDeletingService (SCMBlockDeletingService.java:call(138)) - Running DeletedBlockTransactionScanner
2019-08-10 04:38:35,406 DEBUG block.SCMBlockDeletingService (SCMBlockDeletingService.java:call(155)) - Scanned deleted blocks log and got 0 delTX to process.
2019-08-10 04:38:35,507 DEBUG block.SCMBlockDeletingService (SCMBlockDeletingService.java:call(138)) - Running DeletedBlockTransactionScanner
2019-08-10 04:38:35,507 DEBUG block.SCMBlockDeletingService (SCMBlockDeletingService.java:call(155)) - Scanned deleted blocks log and got 0 delTX to process.
2019-08-10 04:38:35,608 DEBUG block.SCMBlockDeletingService (SCMBlockDeletingService.java:call(138)) - Running DeletedBlockTransactionScanner
2019-08-10 04:38:35,608 DEBUG block.SCMBlockDeletingService (SCMBlockDeletingService.java:call(155)) - Scanned deleted blocks log and got 0 delTX to process.
2019-08-10 04:38:35,708 DEBUG block.SCMBlockDeletingService (SCMBlockDeletingService.java:call(138)) - Running DeletedBlockTransactionScanner
2019-08-10 04:38:35,708 DEBUG block.SCMBlockDeletingService (SCMBlockDeletingService.java:call(155)) - Scanned deleted blocks log and got 0 delTX to process.
2019-08-10 04:38:35,809 DEBUG block.SCMBlockDeletingService (SCMBlockDeletingService.java:call(138)) - Running DeletedBlockTransactionScanner
2019-08-10 04:38:35,809 DEBUG block.SCMBlockDeletingService (SCMBlockDeletingService.java:call(155)) - Scanned deleted blocks log and got 0 delTX to process.
2019-08-10 04:38:35,909 DEBUG block.SCMBlockDeletingService (SCMBlockDeletingService.java:call(138)) - Running DeletedBlockTransactionScanner
2019-08-10 04:38:35,910 DEBUG block.SCMBlockDeletingService (SCMBlockDeletingService.java:call(155)) - Scanned deleted blocks log and got 0 delTX to process.
2019-08-10 04:38:36,010 DEBUG block.SCMBlockDeletingService (SCMBlockDeletingService.java:call(138)) - Running DeletedBlockTransactionScanner
2019-08-10 04:38:36,010 DEBUG block.SCMBlockDeletingService (SCMBlockDeletingService.java:call(155)) - Scanned deleted blocks log and got 0 delTX to process.
2019-08-10 04:38:36,111 DEBUG block.SCMBlockDeletingService (SCMBlockDeletingService.java:call(138)) - Running DeletedBlockTransactionScanner
2019-08-10 04:38:36,111 DEBUG block.SCMBlockDeletingService (SCMBlockDeletingService.java:call(155)) - Scanned deleted blocks log and got 0 delTX to process.
2019-08-10 04:38:36,211 DEBUG block.SCMBlockDeletingService (SCMBlockDeletingService.java:call(138)) - Running DeletedBlockTransactionScanner
2019-08-10 04:38:36,212 DEBUG block.SCMBlockDeletingService (SCMBlockDeletingService.java:call(155)) - Scanned deleted blocks log and got 0 delTX to process.
2019-08-10 04:38:36,312 DEBUG block.SCMBlockDeletingService (SCMBlockDeletingService.java:call(138)) - Running DeletedBlockTransactionScanner
2019-08-10 04:38:36,312 DEBUG block.SCMBlockDeletingService (SCMBlockDeletingService.java:call(155)) - Scanned deleted blocks log and got 0 delTX to process.
2019-08-10 04:38:36,413 DEBUG block.SCMBlockDeletingService (SCMBlockDeletingService.java:call(138)) - Running DeletedBlockTransactionScanner
2019-08-10 04:38:36,413 DEBUG block.SCMBlockDeletingService (SCMBlockDeletingService.java:call(155)) - Scanned deleted blocks log and got 0 delTX to process.
2019-08-10 04:38:36,513 DEBUG block.SCMBlockDeletingService (SCMBlockDeletingService.java:call(138)) - Running DeletedBlockTransactionScanner
2019-08-10 04:38:36,514 DEBUG block.SCMBlockDeletingService (SCMBlockDeletingService.java:call(155)) - Scanned deleted blocks log and got 0 delTX to process.
2019-08-10 04:38:36,614 DEBUG block.SCMBlockDeletingService (SCMBlockDeletingService.java:call(138)) - Running DeletedBlockTransactionScanner
2019-08-10 04:38:36,614 DEBUG block.SCMBlockDeletingService (SCMBlockDeletingService.java:call(155)) - Scanned deleted blocks log and got 0 delTX to process.
2019-08-10 04:38:36,715 DEBUG block.SCMBlockDeletingService (SCMBlockDeletingService.java:call(138)) - Running DeletedBlockTransactionScanner
2019-08-10 04:38:36,715 DEBUG block.SCMBlockDeletingService (SCMBlockDeletingService.java:call(155)) - Scanned deleted blocks log and got 0 delTX to process.
2019-08-10 04:38:36,815 DEBUG block.SCMBlockDeletingService (SCMBlockDeletingService.java:call(138)) - Running DeletedBlockTransactionScanner
2019-08-10 04:38:36,816 DEBUG block.SCMBlockDeletingService (SCMBlockDeletingService.java:call(155)) - Scanned deleted blocks log and got 0 delTX to process.
2019-08-10 04:38:36,916 DEBUG block.SCMBlockDeletingService (SCMBlockDeletingService.java:call(138)) - Running DeletedBlockTransactionScanner
2019-08-10 04:38:36,916 DEBUG block.SCMBlockDeletingService (SCMBlockDeletingService.java:call(155)) - Scanned deleted blocks log and got 0 delTX to process.
2019-08-10 04:38:37,017 DEBUG block.SCMBlockDeletingService (SCMBlockDeletingService.java:call(138)) - Running DeletedBlockTransactionScanner
2019-08-10 04:38:37,017 DEBUG block.SCMBlockDeletingService (SCMBlockDeletingService.java:call(155)) - Scanned deleted blocks log and got 0 delTX to process.
2019-08-10 04:38:37,117 DEBUG block.SCMBlockDeletingService (SCMBlockDeletingService.java:call(138)) - Running DeletedBlockTransactionScanner
2019-08-10 04:38:37,118 DEBUG block.SCMBlockDeletingService (SCMBlockDeletingService.java:call(155)) - Scanned deleted blocks log and got 0 delTX to process.
2019-08-10 04:38:37,218 DEBUG block.SCMBlockDeletingService (SCMBlockDeletingService.java:call(138)) - Running DeletedBlockTransactionScanner
2019-08-10 04:38:37,218 DEBUG block.SCMBlockDeletingService (SCMBlockDeletingService.java:call(155)) - Scanned deleted blocks log and got 0 delTX to process.
2019-08-10 04:38:37,319 DEBUG block.SCMBlockDeletingService (SCMBlockDeletingService.java:call(138)) - Running DeletedBlockTransactionScanner
2019-08-10 04:38:37,319 DEBUG block.SCMBlockDeletingService (SCMBlockDeletingService.java:call(155)) - Scanned deleted blocks log and got 0 delTX to process.
2019-08-10 04:38:37,419 DEBUG block.SCMBlockDeletingService (SCMBlockDeletingService.java:call(138)) - Running DeletedBlockTransactionScanner
2019-08-10 04:38:37,419 DEBUG block.SCMBlockDeletingService (SCMBlockDeletingService.java:call(155)) - Scanned deleted blocks log and got 0 delTX to process.
2019-08-10 04:38:37,520 DEBUG block.SCMBlockDeletingService (SCMBlockDeletingService.java:call(138)) - Running DeletedBlockTransactionScanner
2019-08-10 04:38:37,520 DEBUG block.SCMBlockDeletingService (SCMBlockDeletingService.java:call(155)) - Scanned deleted blocks log and got 0 delTX to process.
2019-08-10 04:38:37,620 DEBUG block.SCMBlockDeletingService (SCMBlockDeletingService.java:call(138)) - Running DeletedBlockTransactionScanner
2019-08-10 04:38:37,621 DEBUG block.SCMBlockDeletingService (SCMBlockDeletingService.java:call(155)) - Scanned deleted blocks log and got 0 delTX to process.
2019-08-10 04:38:37,721 DEBUG block.SCMBlockDeletingService (SCMBlockDeletingService.java:call(138)) - Running DeletedBlockTransactionScanner
2019-08-10 04:38:37,721 DEBUG block.SCMBlockDeletingService (SCMBlockDeletingService.java:call(155)) - Scanned deleted blocks log and got 0 delTX to process.
2019-08-10 04:38:37,822 DEBUG block.SCMBlockDeletingService (SCMBlockDeletingService.java:call(138)) - Running DeletedBlockTransactionScanner
2019-08-10 04:38:37,822 DEBUG block.SCMBlockDeletingService (SCMBlockDeletingService.java:call(155)) - Scanned deleted blocks log and got 0 delTX to process.
2019-08-10 04:38:37,922 DEBUG block.SCMBlockDeletingService (SCMBlockDeletingService.java:call(138)) - Running DeletedBlockTransactionScanner
2019-08-10 04:38:37,923 DEBUG block.SCMBlockDeletingService (SCMBlockDeletingService.java:call(155)) - Scanned deleted blocks log and got 0 delTX to process.
2019-08-10 04:38:38,023 DEBUG block.SCMBlockDeletingService (SCMBlockDeletingService.java:call(138)) - Running DeletedBlockTransactionScanner
2019-08-10 04:38:38,023 DEBUG block.SCMBlockDeletingService (SCMBlockDeletingService.java:call(155)) - Scanned deleted blocks log and got 0 delTX to process.
2019-08-10 04:38:38,124 DEBUG block.SCMBlockDeletingService (SCMBlockDeletingService.java:call(138)) - Running DeletedBlockTransactionScanner
2019-08-10 04:38:38,124 DEBUG block.SCMBlockDeletingService (SCMBlockDeletingService.java:call(155)) - Scanned deleted blocks log and got 0 delTX to process.
2019-08-10 04:38:38,224 DEBUG block.SCMBlockDeletingService (SCMBlockDeletingService.java:call(138)) - Running DeletedBlockTransactionScanner
2019-08-10 04:38:38,224 DEBUG block.SCMBlockDeletingService (SCMBlockDeletingService.java:call(155)) - Scanned deleted blocks log and got 0 delTX to process.
2019-08-10 04:38:38,325 DEBUG block.SCMBlockDeletingService (SCMBlockDeletingService.java:call(138)) - Running DeletedBlockTransactionScanner
2019-08-10 04:38:38,325 DEBUG block.SCMBlockDeletingService (SCMBlockDeletingService.java:call(155)) - Scanned deleted blocks log and got 0 delTX to process.
2019-08-10 04:38:38,426 DEBUG block.SCMBlockDeletingService (SCMBlockDeletingService.java:call(138)) - Running DeletedBlockTransactionScanner
2019-08-10 04:38:38,426 DEBUG block.SCMBlockDeletingService (SCMBlockDeletingService.java:call(155)) - Scanned deleted blocks log and got 0 delTX to process.
2019-08-10 04:38:38,526 DEBUG block.SCMBlockDeletingService (SCMBlockDeletingService.java:call(138)) - Running DeletedBlockTransactionScanner
2019-08-10 04:38:38,526 DEBUG block.SCMBlockDeletingService (SCMBlockDeletingService.java:call(155)) - Scanned deleted blocks log and got 0 delTX to process.
2019-08-10 04:38:38,543 INFO  client.GrpcClientProtocolClient (GrpcClientProtocolClient.java:onNext(255)) - client-71F61C017E1E->6c928baf-cc3b-4a10-9362-ff4e15dca71d: receive RaftClientReply:client-71F61C017E1E->6c928baf-cc3b-4a10-9362-ff4e15dca71d@group-586430B97ADD, cid=2957, SUCCESS, logIndex=4263, commits[6c928baf-cc3b-4a10-9362-ff4e15dca71d:c4264]
2019-08-10 04:38:38,550 INFO  client.GrpcClientProtocolClient (GrpcClientProtocolClient.java:onNext(255)) - client-71F61C017E1E->6c928baf-cc3b-4a10-9362-ff4e15dca71d: receive RaftClientReply:client-71F61C017E1E->6c928baf-cc3b-4a10-9362-ff4e15dca71d@group-586430B97ADD, cid=2958, SUCCESS, logIndex=4264, commits[6c928baf-cc3b-4a10-9362-ff4e15dca71d:c4264]
2019-08-10 04:38:38,600 INFO  client.GrpcClientProtocolClient (GrpcClientProtocolClient.java:onNext(255)) - client-71F61C017E1E->6c928baf-cc3b-4a10-9362-ff4e15dca71d: receive RaftClientReply:client-71F61C017E1E->6c928baf-cc3b-4a10-9362-ff4e15dca71d@group-586430B97ADD, cid=2959, SUCCESS, logIndex=4265, commits[6c928baf-cc3b-4a10-9362-ff4e15dca71d:c4266]
2019-08-10 04:38:38,601 INFO  client.GrpcClientProtocolClient (GrpcClientProtocolClient.java:onNext(255)) - client-71F61C017E1E->6c928baf-cc3b-4a10-9362-ff4e15dca71d: receive RaftClientReply:client-71F61C017E1E->6c928baf-cc3b-4a10-9362-ff4e15dca71d@group-586430B97ADD, cid=2960, SUCCESS, logIndex=4266, commits[6c928baf-cc3b-4a10-9362-ff4e15dca71d:c4266]
2019-08-10 04:38:38,627 DEBUG block.SCMBlockDeletingService (SCMBlockDeletingService.java:call(138)) - Running DeletedBlockTransactionScanner
2019-08-10 04:38:38,627 DEBUG block.SCMBlockDeletingService (SCMBlockDeletingService.java:call(155)) - Scanned deleted blocks log and got 0 delTX to process.
2019-08-10 04:38:38,674 INFO  client.GrpcClientProtocolClient (GrpcClientProtocolClient.java:onNext(255)) - client-A18AB92CDBA5->6c928baf-cc3b-4a10-9362-ff4e15dca71d: receive RaftClientReply:client-A18AB92CDBA5->6c928baf-cc3b-4a10-9362-ff4e15dca71d@group-586430B97ADD, cid=2961, SUCCESS, logIndex=4269, commits[6c928baf-cc3b-4a10-9362-ff4e15dca71d:c4269]
2019-08-10 04:38:38,704 INFO  client.GrpcClientProtocolClient (GrpcClientProtocolClient.java:onNext(255)) - client-A18AB92CDBA5->6c928baf-cc3b-4a10-9362-ff4e15dca71d: receive RaftClientReply:client-A18AB92CDBA5->6c928baf-cc3b-4a10-9362-ff4e15dca71d@group-586430B97ADD, cid=2962, SUCCESS, logIndex=4271, commits[6c928baf-cc3b-4a10-9362-ff4e15dca71d:c4271]
2019-08-10 04:38:38,727 DEBUG block.SCMBlockDeletingService (SCMBlockDeletingService.java:call(138)) - Running DeletedBlockTransactionScanner
2019-08-10 04:38:38,728 DEBUG block.SCMBlockDeletingService (SCMBlockDeletingService.java:call(155)) - Scanned deleted blocks log and got 0 delTX to process.
2019-08-10 04:38:38,792 INFO  client.GrpcClientProtocolClient (GrpcClientProtocolClient.java:onNext(255)) - client-A18AB92CDBA5->6c928baf-cc3b-4a10-9362-ff4e15dca71d: receive RaftClientReply:client-A18AB92CDBA5->6c928baf-cc3b-4a10-9362-ff4e15dca71d@group-586430B97ADD, cid=2963, SUCCESS, logIndex=4273, commits[6c928baf-cc3b-4a10-9362-ff4e15dca71d:c4274]
2019-08-10 04:38:38,792 INFO  client.GrpcClientProtocolClient (GrpcClientProtocolClient.java:onNext(255)) - client-A18AB92CDBA5->6c928baf-cc3b-4a10-9362-ff4e15dca71d: receive RaftClientReply:client-A18AB92CDBA5->6c928baf-cc3b-4a10-9362-ff4e15dca71d@group-586430B97ADD, cid=2964, SUCCESS, logIndex=4274, commits[6c928baf-cc3b-4a10-9362-ff4e15dca71d:c4275]
2019-08-10 04:38:38,811 INFO  client.GrpcClientProtocolClient (GrpcClientProtocolClient.java:onNext(255)) - client-A18AB92CDBA5->6c928baf-cc3b-4a10-9362-ff4e15dca71d: receive RaftClientReply:client-A18AB92CDBA5->6c928baf-cc3b-4a10-9362-ff4e15dca71d@group-586430B97ADD, cid=2965, SUCCESS, logIndex=4276, commits[6c928baf-cc3b-4a10-9362-ff4e15dca71d:c4277]
2019-08-10 04:38:38,811 INFO  client.GrpcClientProtocolClient (GrpcClientProtocolClient.java:onNext(255)) - client-A18AB92CDBA5->6c928baf-cc3b-4a10-9362-ff4e15dca71d: receive RaftClientReply:client-A18AB92CDBA5->6c928baf-cc3b-4a10-9362-ff4e15dca71d@group-586430B97ADD, cid=2966, SUCCESS, logIndex=4277, commits[6c928baf-cc3b-4a10-9362-ff4e15dca71d:c4279]
2019-08-10 04:38:38,812 INFO  client.GrpcClientProtocolClient (GrpcClientProtocolClient.java:onNext(255)) - client-A18AB92CDBA5->6c928baf-cc3b-4a10-9362-ff4e15dca71d: receive RaftClientReply:client-A18AB92CDBA5->6c928baf-cc3b-4a10-9362-ff4e15dca71d@group-586430B97ADD, cid=2967, SUCCESS, logIndex=4278, commits[6c928baf-cc3b-4a10-9362-ff4e15dca71d:c4280]
2019-08-10 04:38:38,812 INFO  client.GrpcClientProtocolClient (GrpcClientProtocolClient.java:onNext(255)) - client-A18AB92CDBA5->6c928baf-cc3b-4a10-9362-ff4e15dca71d: receive RaftClientReply:client-A18AB92CDBA5->6c928baf-cc3b-4a10-9362-ff4e15dca71d@group-586430B97ADD, cid=2968, SUCCESS, logIndex=4279, commits[6c928baf-cc3b-4a10-9362-ff4e15dca71d:c4280]
2019-08-10 04:38:38,828 DEBUG block.SCMBlockDeletingService (SCMBlockDeletingService.java:call(138)) - Running DeletedBlockTransactionScanner
2019-08-10 04:38:38,828 DEBUG block.SCMBlockDeletingService (SCMBlockDeletingService.java:call(155)) - Scanned deleted blocks log and got 0 delTX to process.
2019-08-10 04:38:38,847 INFO  client.GrpcClientProtocolClient (GrpcClientProtocolClient.java:onNext(255)) - client-A18AB92CDBA5->6c928baf-cc3b-4a10-9362-ff4e15dca71d: receive RaftClientReply:client-A18AB92CDBA5->6c928baf-cc3b-4a10-9362-ff4e15dca71d@group-586430B97ADD, cid=2969, SUCCESS, logIndex=4282, commits[6c928baf-cc3b-4a10-9362-ff4e15dca71d:c4283]
2019-08-10 04:38:38,848 INFO  client.GrpcClientProtocolClient (GrpcClientProtocolClient.java:onNext(255)) - client-A18AB92CDBA5->6c928baf-cc3b-4a10-9362-ff4e15dca71d: receive RaftClientReply:client-A18AB92CDBA5->6c928baf-cc3b-4a10-9362-ff4e15dca71d@group-586430B97ADD, cid=2970, SUCCESS, logIndex=4283, commits[6c928baf-cc3b-4a10-9362-ff4e15dca71d:c4285]
2019-08-10 04:38:38,848 INFO  client.GrpcClientProtocolClient (GrpcClientProtocolClient.java:onNext(255)) - client-A18AB92CDBA5->6c928baf-cc3b-4a10-9362-ff4e15dca71d: receive RaftClientReply:client-A18AB92CDBA5->6c928baf-cc3b-4a10-9362-ff4e15dca71d@group-586430B97ADD, cid=2971, SUCCESS, logIndex=4284, commits[6c928baf-cc3b-4a10-9362-ff4e15dca71d:c4286]
2019-08-10 04:38:38,849 INFO  client.GrpcClientProtocolClient (GrpcClientProtocolClient.java:onNext(255)) - client-A18AB92CDBA5->6c928baf-cc3b-4a10-9362-ff4e15dca71d: receive RaftClientReply:client-A18AB92CDBA5->6c928baf-cc3b-4a10-9362-ff4e15dca71d@group-586430B97ADD, cid=2972, SUCCESS, logIndex=4285, commits[6c928baf-cc3b-4a10-9362-ff4e15dca71d:c4286]
2019-08-10 04:38:38,869 INFO  client.GrpcClientProtocolClient (GrpcClientProtocolClient.java:onNext(255)) - client-A18AB92CDBA5->6c928baf-cc3b-4a10-9362-ff4e15dca71d: receive RaftClientReply:client-A18AB92CDBA5->6c928baf-cc3b-4a10-9362-ff4e15dca71d@group-586430B97ADD, cid=2973, SUCCESS, logIndex=4288, commits[6c928baf-cc3b-4a10-9362-ff4e15dca71d:c4289]
2019-08-10 04:38:38,869 INFO  client.GrpcClientProtocolClient (GrpcClientProtocolClient.java:onNext(255)) - client-A18AB92CDBA5->6c928baf-cc3b-4a10-9362-ff4e15dca71d: receive RaftClientReply:client-A18AB92CDBA5->6c928baf-cc3b-4a10-9362-ff4e15dca71d@group-586430B97ADD, cid=2974, SUCCESS, logIndex=4289, commits[6c928baf-cc3b-4a10-9362-ff4e15dca71d:c4291]
2019-08-10 04:38:38,869 INFO  client.GrpcClientProtocolClient (GrpcClientProtocolClient.java:onNext(255)) - client-A18AB92CDBA5->6c928baf-cc3b-4a10-9362-ff4e15dca71d: receive RaftClientReply:client-A18AB92CDBA5->6c928baf-cc3b-4a10-9362-ff4e15dca71d@group-586430B97ADD, cid=2975, SUCCESS, logIndex=4290, commits[6c928baf-cc3b-4a10-9362-ff4e15dca71d:c4291]
2019-08-10 04:38:38,870 INFO  client.GrpcClientProtocolClient (GrpcClientProtocolClient.java:onNext(255)) - client-A18AB92CDBA5->6c928baf-cc3b-4a10-9362-ff4e15dca71d: receive RaftClientReply:client-A18AB92CDBA5->6c928baf-cc3b-4a10-9362-ff4e15dca71d@group-586430B97ADD, cid=2976, SUCCESS, logIndex=4291, commits[6c928baf-cc3b-4a10-9362-ff4e15dca71d:c4292]
2019-08-10 04:38:38,903 INFO  client.GrpcClientProtocolClient (GrpcClientProtocolClient.java:onNext(255)) - client-A18AB92CDBA5->6c928baf-cc3b-4a10-9362-ff4e15dca71d: receive RaftClientReply:client-A18AB92CDBA5->6c928baf-cc3b-4a10-9362-ff4e15dca71d@group-586430B97ADD, cid=2977, SUCCESS, logIndex=4294, commits[6c928baf-cc3b-4a10-9362-ff4e15dca71d:c4295]
2019-08-10 04:38:38,903 INFO  client.GrpcClientProtocolClient (GrpcClientProtocolClient.java:onNext(255)) - client-A18AB92CDBA5->6c928baf-cc3b-4a10-9362-ff4e15dca71d: receive RaftClientReply:client-A18AB92CDBA5->6c928baf-cc3b-4a10-9362-ff4e15dca71d@group-586430B97ADD, cid=2978, SUCCESS, logIndex=4295, commits[6c928baf-cc3b-4a10-9362-ff4e15dca71d:c4297]
2019-08-10 04:38:38,903 INFO  client.GrpcClientProtocolClient (GrpcClientProtocolClient.java:onNext(255)) - client-A18AB92CDBA5->6c928baf-cc3b-4a10-9362-ff4e15dca71d: receive RaftClientReply:client-A18AB92CDBA5->6c928baf-cc3b-4a10-9362-ff4e15dca71d@group-586430B97ADD, cid=2979, SUCCESS, logIndex=4296, commits[6c928baf-cc3b-4a10-9362-ff4e15dca71d:c4297]
2019-08-10 04:38:38,904 INFO  client.GrpcClientProtocolClient (GrpcClientProtocolClient.java:onNext(255)) - client-A18AB92CDBA5->6c928baf-cc3b-4a10-9362-ff4e15dca71d: receive RaftClientReply:client-A18AB92CDBA5->6c928baf-cc3b-4a10-9362-ff4e15dca71d@group-586430B97ADD, cid=2980, SUCCESS, logIndex=4297, commits[6c928baf-cc3b-4a10-9362-ff4e15dca71d:c4298]
2019-08-10 04:38:38,929 DEBUG block.SCMBlockDeletingService (SCMBlockDeletingService.java:call(138)) - Running DeletedBlockTransactionScanner
2019-08-10 04:38:38,929 DEBUG block.SCMBlockDeletingService (SCMBlockDeletingService.java:call(155)) - Scanned deleted blocks log and got 0 delTX to process.
2019-08-10 04:38:38,932 INFO  client.GrpcClientProtocolClient (GrpcClientProtocolClient.java:onNext(255)) - client-A18AB92CDBA5->6c928baf-cc3b-4a10-9362-ff4e15dca71d: receive RaftClientReply:client-A18AB92CDBA5->6c928baf-cc3b-4a10-9362-ff4e15dca71d@group-586430B97ADD, cid=2981, SUCCESS, logIndex=4300, commits[6c928baf-cc3b-4a10-9362-ff4e15dca71d:c4301]
2019-08-10 04:38:38,933 INFO  client.GrpcClientProtocolClient (GrpcClientProtocolClient.java:onNext(255)) - client-A18AB92CDBA5->6c928baf-cc3b-4a10-9362-ff4e15dca71d: receive RaftClientReply:client-A18AB92CDBA5->6c928baf-cc3b-4a10-9362-ff4e15dca71d@group-586430B97ADD, cid=2982, SUCCESS, logIndex=4301, commits[6c928baf-cc3b-4a10-9362-ff4e15dca71d:c4303]
2019-08-10 04:38:38,933 INFO  client.GrpcClientProtocolClient (GrpcClientProtocolClient.java:onNext(255)) - client-A18AB92CDBA5->6c928baf-cc3b-4a10-9362-ff4e15dca71d: receive RaftClientReply:client-A18AB92CDBA5->6c928baf-cc3b-4a10-9362-ff4e15dca71d@group-586430B97ADD, cid=2983, SUCCESS, logIndex=4302, commits[6c928baf-cc3b-4a10-9362-ff4e15dca71d:c4303]
2019-08-10 04:38:38,933 INFO  client.GrpcClientProtocolClient (GrpcClientProtocolClient.java:onNext(255)) - client-A18AB92CDBA5->6c928baf-cc3b-4a10-9362-ff4e15dca71d: receive RaftClientReply:client-A18AB92CDBA5->6c928baf-cc3b-4a10-9362-ff4e15dca71d@group-586430B97ADD, cid=2984, SUCCESS, logIndex=4303, commits[6c928baf-cc3b-4a10-9362-ff4e15dca71d:c4304]
2019-08-10 04:38:38,968 INFO  client.GrpcClientProtocolClient (GrpcClientProtocolClient.java:onNext(255)) - client-A18AB92CDBA5->6c928baf-cc3b-4a10-9362-ff4e15dca71d: receive RaftClientReply:client-A18AB92CDBA5->6c928baf-cc3b-4a10-9362-ff4e15dca71d@group-586430B97ADD, cid=2985, SUCCESS, logIndex=4306, commits[6c928baf-cc3b-4a10-9362-ff4e15dca71d:c4307]
2019-08-10 04:38:38,969 INFO  client.GrpcClientProtocolClient (GrpcClientProtocolClient.java:onNext(255)) - client-A18AB92CDBA5->6c928baf-cc3b-4a10-9362-ff4e15dca71d: receive RaftClientReply:client-A18AB92CDBA5->6c928baf-cc3b-4a10-9362-ff4e15dca71d@group-586430B97ADD, cid=2986, SUCCESS, logIndex=4307, commits[6c928baf-cc3b-4a10-9362-ff4e15dca71d:c4309]
2019-08-10 04:38:38,969 INFO  client.GrpcClientProtocolClient (GrpcClientProtocolClient.java:onNext(255)) - client-A18AB92CDBA5->6c928baf-cc3b-4a10-9362-ff4e15dca71d: receive RaftClientReply:client-A18AB92CDBA5->6c928baf-cc3b-4a10-9362-ff4e15dca71d@group-586430B97ADD, cid=2987, SUCCESS, logIndex=4308, commits[6c928baf-cc3b-4a10-9362-ff4e15dca71d:c4310]
2019-08-10 04:38:38,969 INFO  client.GrpcClientProtocolClient (GrpcClientProtocolClient.java:onNext(255)) - client-A18AB92CDBA5->6c928baf-cc3b-4a10-9362-ff4e15dca71d: receive RaftClientReply:client-A18AB92CDBA5->6c928baf-cc3b-4a10-9362-ff4e15dca71d@group-586430B97ADD, cid=2988, SUCCESS, logIndex=4309, commits[6c928baf-cc3b-4a10-9362-ff4e15dca71d:c4310]
2019-08-10 04:38:39,002 INFO  client.GrpcClientProtocolClient (GrpcClientProtocolClient.java:onNext(255)) - client-A18AB92CDBA5->6c928baf-cc3b-4a10-9362-ff4e15dca71d: receive RaftClientReply:client-A18AB92CDBA5->6c928baf-cc3b-4a10-9362-ff4e15dca71d@group-586430B97ADD, cid=2989, SUCCESS, logIndex=4312, commits[6c928baf-cc3b-4a10-9362-ff4e15dca71d:c4313]
2019-08-10 04:38:39,003 INFO  client.GrpcClientProtocolClient (GrpcClientProtocolClient.java:onNext(255)) - client-A18AB92CDBA5->6c928baf-cc3b-4a10-9362-ff4e15dca71d: receive RaftClientReply:client-A18AB92CDBA5->6c928baf-cc3b-4a10-9362-ff4e15dca71d@group-586430B97ADD, cid=2990, SUCCESS, logIndex=4313, commits[6c928baf-cc3b-4a10-9362-ff4e15dca71d:c4315]
2019-08-10 04:38:39,003 INFO  client.GrpcClientProtocolClient (GrpcClientProtocolClient.java:onNext(255)) - client-A18AB92CDBA5->6c928baf-cc3b-4a10-9362-ff4e15dca71d: receive RaftClientReply:client-A18AB92CDBA5->6c928baf-cc3b-4a10-9362-ff4e15dca71d@group-586430B97ADD, cid=2991, SUCCESS, logIndex=4314, commits[6c928baf-cc3b-4a10-9362-ff4e15dca71d:c4316]
2019-08-10 04:38:39,003 INFO  client.GrpcClientProtocolClient (GrpcClientProtocolClient.java:onNext(255)) - client-A18AB92CDBA5->6c928baf-cc3b-4a10-9362-ff4e15dca71d: receive RaftClientReply:client-A18AB92CDBA5->6c928baf-cc3b-4a10-9362-ff4e15dca71d@group-586430B97ADD, cid=2992, SUCCESS, logIndex=4315, commits[6c928baf-cc3b-4a10-9362-ff4e15dca71d:c4316]
2019-08-10 04:38:39,075 DEBUG block.SCMBlockDeletingService (SCMBlockDeletingService.java:call(138)) - Running DeletedBlockTransactionScanner
2019-08-10 04:38:39,077 DEBUG block.SCMBlockDeletingService (SCMBlockDeletingService.java:call(155)) - Scanned deleted blocks log and got 0 delTX to process.
2019-08-10 04:38:39,083 INFO  client.GrpcClientProtocolClient (GrpcClientProtocolClient.java:onNext(255)) - client-A18AB92CDBA5->6c928baf-cc3b-4a10-9362-ff4e15dca71d: receive RaftClientReply:client-A18AB92CDBA5->6c928baf-cc3b-4a10-9362-ff4e15dca71d@group-586430B97ADD, cid=2993, SUCCESS, logIndex=4318, commits[6c928baf-cc3b-4a10-9362-ff4e15dca71d:c4319]
2019-08-10 04:38:39,084 INFO  client.GrpcClientProtocolClient (GrpcClientProtocolClient.java:onNext(255)) - client-A18AB92CDBA5->6c928baf-cc3b-4a10-9362-ff4e15dca71d: receive RaftClientReply:client-A18AB92CDBA5->6c928baf-cc3b-4a10-9362-ff4e15dca71d@group-586430B97ADD, cid=2994, SUCCESS, logIndex=4319, commits[6c928baf-cc3b-4a10-9362-ff4e15dca71d:c4321]
2019-08-10 04:38:39,084 INFO  client.GrpcClientProtocolClient (GrpcClientProtocolClient.java:onNext(255)) - client-A18AB92CDBA5->6c928baf-cc3b-4a10-9362-ff4e15dca71d: receive RaftClientReply:client-A18AB92CDBA5->6c928baf-cc3b-4a10-9362-ff4e15dca71d@group-586430B97ADD, cid=2995, SUCCESS, logIndex=4320, commits[6c928baf-cc3b-4a10-9362-ff4e15dca71d:c4322]
2019-08-10 04:38:39,085 INFO  client.GrpcClientProtocolClient (GrpcClientProtocolClient.java:onNext(255)) - client-A18AB92CDBA5->6c928baf-cc3b-4a10-9362-ff4e15dca71d: receive RaftClientReply:client-A18AB92CDBA5->6c928baf-cc3b-4a10-9362-ff4e15dca71d@group-586430B97ADD, cid=2996, SUCCESS, logIndex=4321, commits[6c928baf-cc3b-4a10-9362-ff4e15dca71d:c4323]
2019-08-10 04:38:39,100 INFO  client.GrpcClientProtocolClient (GrpcClientProtocolClient.java:onNext(255)) - client-A18AB92CDBA5->6c928baf-cc3b-4a10-9362-ff4e15dca71d: receive RaftClientReply:client-A18AB92CDBA5->6c928baf-cc3b-4a10-9362-ff4e15dca71d@group-586430B97ADD, cid=2997, SUCCESS, logIndex=4324, commits[6c928baf-cc3b-4a10-9362-ff4e15dca71d:c4325]
2019-08-10 04:38:39,101 INFO  client.GrpcClientProtocolClient (GrpcClientProtocolClient.java:onNext(255)) - client-A18AB92CDBA5->6c928baf-cc3b-4a10-9362-ff4e15dca71d: receive RaftClientReply:client-A18AB92CDBA5->6c928baf-cc3b-4a10-9362-ff4e15dca71d@group-586430B97ADD, cid=2998, SUCCESS, logIndex=4325, commits[6c928baf-cc3b-4a10-9362-ff4e15dca71d:c4327]
2019-08-10 04:38:39,101 INFO  client.GrpcClientProtocolClient (GrpcClientProtocolClient.java:onNext(255)) - client-A18AB92CDBA5->6c928baf-cc3b-4a10-9362-ff4e15dca71d: receive RaftClientReply:client-A18AB92CDBA5->6c928baf-cc3b-4a10-9362-ff4e15dca71d@group-586430B97ADD, cid=2999, SUCCESS, logIndex=4326, commits[6c928baf-cc3b-4a10-9362-ff4e15dca71d:c4328]
2019-08-10 04:38:39,102 INFO  client.GrpcClientProtocolClient (GrpcClientProtocolClient.java:onNext(255)) - client-A18AB92CDBA5->6c928baf-cc3b-4a10-9362-ff4e15dca71d: receive RaftClientReply:client-A18AB92CDBA5->6c928baf-cc3b-4a10-9362-ff4e15dca71d@group-586430B97ADD, cid=3000, SUCCESS, logIndex=4327, commits[6c928baf-cc3b-4a10-9362-ff4e15dca71d:c4328]
2019-08-10 04:38:39,131 INFO  client.GrpcClientProtocolClient (GrpcClientProtocolClient.java:onNext(255)) - client-A18AB92CDBA5->6c928baf-cc3b-4a10-9362-ff4e15dca71d: receive RaftClientReply:client-A18AB92CDBA5->6c928baf-cc3b-4a10-9362-ff4e15dca71d@group-586430B97ADD, cid=3001, SUCCESS, logIndex=4330, commits[6c928baf-cc3b-4a10-9362-ff4e15dca71d:c4331]
2019-08-10 04:38:39,132 INFO  client.GrpcClientProtocolClient (GrpcClientProtocolClient.java:onNext(255)) - client-A18AB92CDBA5->6c928baf-cc3b-4a10-9362-ff4e15dca71d: receive RaftClientReply:client-A18AB92CDBA5->6c928baf-cc3b-4a10-9362-ff4e15dca71d@group-586430B97ADD, cid=3002, SUCCESS, logIndex=4331, commits[6c928baf-cc3b-4a10-9362-ff4e15dca71d:c4333]
2019-08-10 04:38:39,132 INFO  client.GrpcClientProtocolClient (GrpcClientProtocolClient.java:onNext(255)) - client-A18AB92CDBA5->6c928baf-cc3b-4a10-9362-ff4e15dca71d: receive RaftClientReply:client-A18AB92CDBA5->6c928baf-cc3b-4a10-9362-ff4e15dca71d@group-586430B97ADD, cid=3003, SUCCESS, logIndex=4332, commits[6c928baf-cc3b-4a10-9362-ff4e15dca71d:c4334]
2019-08-10 04:38:39,133 INFO  client.GrpcClientProtocolClient (GrpcClientProtocolClient.java:onNext(255)) - client-A18AB92CDBA5->6c928baf-cc3b-4a10-9362-ff4e15dca71d: receive RaftClientReply:client-A18AB92CDBA5->6c928baf-cc3b-4a10-9362-ff4e15dca71d@group-586430B97ADD, cid=3004, SUCCESS, logIndex=4333, commits[6c928baf-cc3b-4a10-9362-ff4e15dca71d:c4335]
2019-08-10 04:38:39,152 INFO  client.GrpcClientProtocolClient (GrpcClientProtocolClient.java:onNext(255)) - client-A18AB92CDBA5->6c928baf-cc3b-4a10-9362-ff4e15dca71d: receive RaftClientReply:client-A18AB92CDBA5->6c928baf-cc3b-4a10-9362-ff4e15dca71d@group-586430B97ADD, cid=3005, SUCCESS, logIndex=4336, commits[6c928baf-cc3b-4a10-9362-ff4e15dca71d:c4337]
2019-08-10 04:38:39,153 INFO  client.GrpcClientProtocolClient (GrpcClientProtocolClient.java:onNext(255)) - client-A18AB92CDBA5->6c928baf-cc3b-4a10-9362-ff4e15dca71d: receive RaftClientReply:client-A18AB92CDBA5->6c928baf-cc3b-4a10-9362-ff4e15dca71d@group-586430B97ADD, cid=3006, SUCCESS, logIndex=4337, commits[6c928baf-cc3b-4a10-9362-ff4e15dca71d:c4338]
2019-08-10 04:38:39,178 DEBUG block.SCMBlockDeletingService (SCMBlockDeletingService.java:call(138)) - Running DeletedBlockTransactionScanner
2019-08-10 04:38:39,178 DEBUG block.SCMBlockDeletingService (SCMBlockDeletingService.java:call(155)) - Scanned deleted blocks log and got 0 delTX to process.
2019-08-10 04:38:39,261 INFO  client.GrpcClientProtocolClient (GrpcClientProtocolClient.java:onNext(255)) - client-A18AB92CDBA5->6c928baf-cc3b-4a10-9362-ff4e15dca71d: receive RaftClientReply:client-A18AB92CDBA5->6c928baf-cc3b-4a10-9362-ff4e15dca71d@group-586430B97ADD, cid=3007, SUCCESS, logIndex=4339, commits[6c928baf-cc3b-4a10-9362-ff4e15dca71d:c4340]
2019-08-10 04:38:39,262 INFO  client.GrpcClientProtocolClient (GrpcClientProtocolClient.java:onNext(255)) - client-A18AB92CDBA5->6c928baf-cc3b-4a10-9362-ff4e15dca71d: receive RaftClientReply:client-A18AB92CDBA5->6c928baf-cc3b-4a10-9362-ff4e15dca71d@group-586430B97ADD, cid=3008, SUCCESS, logIndex=4340, commits[6c928baf-cc3b-4a10-9362-ff4e15dca71d:c4341]
2019-08-10 04:38:39,278 DEBUG block.SCMBlockDeletingService (SCMBlockDeletingService.java:call(138)) - Running DeletedBlockTransactionScanner
2019-08-10 04:38:39,279 DEBUG block.SCMBlockDeletingService (SCMBlockDeletingService.java:call(155)) - Scanned deleted blocks log and got 0 delTX to process.
2019-08-10 04:38:39,295 INFO  client.GrpcClientProtocolClient (GrpcClientProtocolClient.java:onNext(255)) - client-A18AB92CDBA5->6c928baf-cc3b-4a10-9362-ff4e15dca71d: receive RaftClientReply:client-A18AB92CDBA5->6c928baf-cc3b-4a10-9362-ff4e15dca71d@group-586430B97ADD, cid=3009, SUCCESS, logIndex=4342, commits[6c928baf-cc3b-4a10-9362-ff4e15dca71d:c4343]
2019-08-10 04:38:39,296 INFO  client.GrpcClientProtocolClient (GrpcClientProtocolClient.java:onNext(255)) - client-A18AB92CDBA5->6c928baf-cc3b-4a10-9362-ff4e15dca71d: receive RaftClientReply:client-A18AB92CDBA5->6c928baf-cc3b-4a10-9362-ff4e15dca71d@group-586430B97ADD, cid=3010, SUCCESS, logIndex=4343, commits[6c928baf-cc3b-4a10-9362-ff4e15dca71d:c4345]
2019-08-10 04:38:39,296 INFO  client.GrpcClientProtocolClient (GrpcClientProtocolClient.java:onNext(255)) - client-A18AB92CDBA5->6c928baf-cc3b-4a10-9362-ff4e15dca71d: receive RaftClientReply:client-A18AB92CDBA5->6c928baf-cc3b-4a10-9362-ff4e15dca71d@group-586430B97ADD, cid=3011, SUCCESS, logIndex=4344, commits[6c928baf-cc3b-4a10-9362-ff4e15dca71d:c4346]
2019-08-10 04:38:39,296 INFO  client.GrpcClientProtocolClient (GrpcClientProtocolClient.java:onNext(255)) - client-A18AB92CDBA5->6c928baf-cc3b-4a10-9362-ff4e15dca71d: receive RaftClientReply:client-A18AB92CDBA5->6c928baf-cc3b-4a10-9362-ff4e15dca71d@group-586430B97ADD, cid=3012, SUCCESS, logIndex=4345, commits[6c928baf-cc3b-4a10-9362-ff4e15dca71d:c4346]
2019-08-10 04:38:39,316 INFO  client.GrpcClientProtocolClient (GrpcClientProtocolClient.java:onNext(255)) - client-A18AB92CDBA5->6c928baf-cc3b-4a10-9362-ff4e15dca71d: receive RaftClientReply:client-A18AB92CDBA5->6c928baf-cc3b-4a10-9362-ff4e15dca71d@group-586430B97ADD, cid=3013, SUCCESS, logIndex=4348, commits[6c928baf-cc3b-4a10-9362-ff4e15dca71d:c4351]
2019-08-10 04:38:39,317 INFO  client.GrpcClientProtocolClient (GrpcClientProtocolClient.java:onNext(255)) - client-A18AB92CDBA5->6c928baf-cc3b-4a10-9362-ff4e15dca71d: receive RaftClientReply:client-A18AB92CDBA5->6c928baf-cc3b-4a10-9362-ff4e15dca71d@group-586430B97ADD, cid=3014, SUCCESS, logIndex=4349, commits[6c928baf-cc3b-4a10-9362-ff4e15dca71d:c4352]
2019-08-10 04:38:39,317 INFO  client.GrpcClientProtocolClient (GrpcClientProtocolClient.java:onNext(255)) - client-A18AB92CDBA5->6c928baf-cc3b-4a10-9362-ff4e15dca71d: receive RaftClientReply:client-A18AB92CDBA5->6c928baf-cc3b-4a10-9362-ff4e15dca71d@group-586430B97ADD, cid=3015, SUCCESS, logIndex=4350, commits[6c928baf-cc3b-4a10-9362-ff4e15dca71d:c4352]
2019-08-10 04:38:39,318 INFO  client.GrpcClientProtocolClient (GrpcClientProtocolClient.java:onNext(255)) - client-A18AB92CDBA5->6c928baf-cc3b-4a10-9362-ff4e15dca71d: receive RaftClientReply:client-A18AB92CDBA5->6c928baf-cc3b-4a10-9362-ff4e15dca71d@group-586430B97ADD, cid=3016, SUCCESS, logIndex=4351, commits[6c928baf-cc3b-4a10-9362-ff4e15dca71d:c4353]
2019-08-10 04:38:39,349 INFO  client.GrpcClientProtocolClient (GrpcClientProtocolClient.java:onNext(255)) - client-A18AB92CDBA5->6c928baf-cc3b-4a10-9362-ff4e15dca71d: receive RaftClientReply:client-A18AB92CDBA5->6c928baf-cc3b-4a10-9362-ff4e15dca71d@group-586430B97ADD, cid=3017, SUCCESS, logIndex=4354, commits[6c928baf-cc3b-4a10-9362-ff4e15dca71d:c4355]
2019-08-10 04:38:39,349 INFO  client.GrpcClientProtocolClient (GrpcClientProtocolClient.java:onNext(255)) - client-A18AB92CDBA5->6c928baf-cc3b-4a10-9362-ff4e15dca71d: receive RaftClientReply:client-A18AB92CDBA5->6c928baf-cc3b-4a10-9362-ff4e15dca71d@group-586430B97ADD, cid=3018, SUCCESS, logIndex=4355, commits[6c928baf-cc3b-4a10-9362-ff4e15dca71d:c4357]
2019-08-10 04:38:39,350 INFO  client.GrpcClientProtocolClient (GrpcClientProtocolClient.java:onNext(255)) - client-A18AB92CDBA5->6c928baf-cc3b-4a10-9362-ff4e15dca71d: receive RaftClientReply:client-A18AB92CDBA5->6c928baf-cc3b-4a10-9362-ff4e15dca71d@group-586430B97ADD, cid=3019, SUCCESS, logIndex=4356, commits[6c928baf-cc3b-4a10-9362-ff4e15dca71d:c4358]
2019-08-10 04:38:39,350 INFO  client.GrpcClientProtocolClient (GrpcClientProtocolClient.java:onNext(255)) - client-A18AB92CDBA5->6c928baf-cc3b-4a10-9362-ff4e15dca71d: receive RaftClientReply:client-A18AB92CDBA5->6c928baf-cc3b-4a10-9362-ff4e15dca71d@group-586430B97ADD, cid=3020, SUCCESS, logIndex=4357, commits[6c928baf-cc3b-4a10-9362-ff4e15dca71d:c4358]
2019-08-10 04:38:39,369 INFO  client.GrpcClientProtocolClient (GrpcClientProtocolClient.java:onNext(255)) - client-A18AB92CDBA5->6c928baf-cc3b-4a10-9362-ff4e15dca71d: receive RaftClientReply:client-A18AB92CDBA5->6c928baf-cc3b-4a10-9362-ff4e15dca71d@group-586430B97ADD, cid=3021, SUCCESS, logIndex=4360, commits[6c928baf-cc3b-4a10-9362-ff4e15dca71d:c4361]
2019-08-10 04:38:39,370 INFO  client.GrpcClientProtocolClient (GrpcClientProtocolClient.java:onNext(255)) - client-A18AB92CDBA5->6c928baf-cc3b-4a10-9362-ff4e15dca71d: receive RaftClientReply:client-A18AB92CDBA5->6c928baf-cc3b-4a10-9362-ff4e15dca71d@group-586430B97ADD, cid=3022, SUCCESS, logIndex=4361, commits[6c928baf-cc3b-4a10-9362-ff4e15dca71d:c4363]
2019-08-10 04:38:39,370 INFO  client.GrpcClientProtocolClient (GrpcClientProtocolClient.java:onNext(255)) - client-A18AB92CDBA5->6c928baf-cc3b-4a10-9362-ff4e15dca71d: receive RaftClientReply:client-A18AB92CDBA5->6c928baf-cc3b-4a10-9362-ff4e15dca71d@group-586430B97ADD, cid=3023, SUCCESS, logIndex=4362, commits[6c928baf-cc3b-4a10-9362-ff4e15dca71d:c4364]
2019-08-10 04:38:39,370 INFO  client.GrpcClientProtocolClient (GrpcClientProtocolClient.java:onNext(255)) - client-A18AB92CDBA5->6c928baf-cc3b-4a10-9362-ff4e15dca71d: receive RaftClientReply:client-A18AB92CDBA5->6c928baf-cc3b-4a10-9362-ff4e15dca71d@group-586430B97ADD, cid=3024, SUCCESS, logIndex=4363, commits[6c928baf-cc3b-4a10-9362-ff4e15dca71d:c4364]
2019-08-10 04:38:39,379 DEBUG block.SCMBlockDeletingService (SCMBlockDeletingService.java:call(138)) - Running DeletedBlockTransactionScanner
2019-08-10 04:38:39,379 DEBUG block.SCMBlockDeletingService (SCMBlockDeletingService.java:call(155)) - Scanned deleted blocks log and got 0 delTX to process.
2019-08-10 04:38:39,399 INFO  client.GrpcClientProtocolClient (GrpcClientProtocolClient.java:onNext(255)) - client-A18AB92CDBA5->6c928baf-cc3b-4a10-9362-ff4e15dca71d: receive RaftClientReply:client-A18AB92CDBA5->6c928baf-cc3b-4a10-9362-ff4e15dca71d@group-586430B97ADD, cid=3025, SUCCESS, logIndex=4366, commits[6c928baf-cc3b-4a10-9362-ff4e15dca71d:c4369]
2019-08-10 04:38:39,399 INFO  client.GrpcClientProtocolClient (GrpcClientProtocolClient.java:onNext(255)) - client-A18AB92CDBA5->6c928baf-cc3b-4a10-9362-ff4e15dca71d: receive RaftClientReply:client-A18AB92CDBA5->6c928baf-cc3b-4a10-9362-ff4e15dca71d@group-586430B97ADD, cid=3026, SUCCESS, logIndex=4367, commits[6c928baf-cc3b-4a10-9362-ff4e15dca71d:c4369]
2019-08-10 04:38:39,400 INFO  client.GrpcClientProtocolClient (GrpcClientProtocolClient.java:onNext(255)) - client-A18AB92CDBA5->6c928baf-cc3b-4a10-9362-ff4e15dca71d: receive RaftClientReply:client-A18AB92CDBA5->6c928baf-cc3b-4a10-9362-ff4e15dca71d@group-586430B97ADD, cid=3027, SUCCESS, logIndex=4368, commits[6c928baf-cc3b-4a10-9362-ff4e15dca71d:c4370]
2019-08-10 04:38:39,400 INFO  client.GrpcClientProtocolClient (GrpcClientProtocolClient.java:onNext(255)) - client-A18AB92CDBA5->6c928baf-cc3b-4a10-9362-ff4e15dca71d: receive RaftClientReply:client-A18AB92CDBA5->6c928baf-cc3b-4a10-9362-ff4e15dca71d@group-586430B97ADD, cid=3028, SUCCESS, logIndex=4369, commits[6c928baf-cc3b-4a10-9362-ff4e15dca71d:c4370]
2019-08-10 04:38:39,419 INFO  client.GrpcClientProtocolClient (GrpcClientProtocolClient.java:onNext(255)) - client-A18AB92CDBA5->6c928baf-cc3b-4a10-9362-ff4e15dca71d: receive RaftClientReply:client-A18AB92CDBA5->6c928baf-cc3b-4a10-9362-ff4e15dca71d@group-586430B97ADD, cid=3029, SUCCESS, logIndex=4372, commits[6c928baf-cc3b-4a10-9362-ff4e15dca71d:c4373]
2019-08-10 04:38:39,419 INFO  client.GrpcClientProtocolClient (GrpcClientProtocolClient.java:onNext(255)) - client-A18AB92CDBA5->6c928baf-cc3b-4a10-9362-ff4e15dca71d: receive RaftClientReply:client-A18AB92CDBA5->6c928baf-cc3b-4a10-9362-ff4e15dca71d@group-586430B97ADD, cid=3030, SUCCESS, logIndex=4373, commits[6c928baf-cc3b-4a10-9362-ff4e15dca71d:c4375]
2019-08-10 04:38:39,420 INFO  client.GrpcClientProtocolClient (GrpcClientProtocolClient.java:onNext(255)) - client-A18AB92CDBA5->6c928baf-cc3b-4a10-9362-ff4e15dca71d: receive RaftClientReply:client-A18AB92CDBA5->6c928baf-cc3b-4a10-9362-ff4e15dca71d@group-586430B97ADD, cid=3031, SUCCESS, logIndex=4374, commits[6c928baf-cc3b-4a10-9362-ff4e15dca71d:c4376]
2019-08-10 04:38:39,420 INFO  client.GrpcClientProtocolClient (GrpcClientProtocolClient.java:onNext(255)) - client-A18AB92CDBA5->6c928baf-cc3b-4a10-9362-ff4e15dca71d: receive RaftClientReply:client-A18AB92CDBA5->6c928baf-cc3b-4a10-9362-ff4e15dca71d@group-586430B97ADD, cid=3032, SUCCESS, logIndex=4375, commits[6c928baf-cc3b-4a10-9362-ff4e15dca71d:c4376]
2019-08-10 04:38:39,450 INFO  client.GrpcClientProtocolClient (GrpcClientProtocolClient.java:onNext(255)) - client-A18AB92CDBA5->6c928baf-cc3b-4a10-9362-ff4e15dca71d: receive RaftClientReply:client-A18AB92CDBA5->6c928baf-cc3b-4a10-9362-ff4e15dca71d@group-586430B97ADD, cid=3033, SUCCESS, logIndex=4378, commits[6c928baf-cc3b-4a10-9362-ff4e15dca71d:c4379]
2019-08-10 04:38:39,450 INFO  client.GrpcClientProtocolClient (GrpcClientProtocolClient.java:onNext(255)) - client-A18AB92CDBA5->6c928baf-cc3b-4a10-9362-ff4e15dca71d: receive RaftClientReply:client-A18AB92CDBA5->6c928baf-cc3b-4a10-9362-ff4e15dca71d@group-586430B97ADD, cid=3034, SUCCESS, logIndex=4379, commits[6c928baf-cc3b-4a10-9362-ff4e15dca71d:c4381]
2019-08-10 04:38:39,451 INFO  client.GrpcClientProtocolClient (GrpcClientProtocolClient.java:onNext(255)) - client-A18AB92CDBA5->6c928baf-cc3b-4a10-9362-ff4e15dca71d: receive RaftClientReply:client-A18AB92CDBA5->6c928baf-cc3b-4a10-9362-ff4e15dca71d@group-586430B97ADD, cid=3035, SUCCESS, logIndex=4380, commits[6c928baf-cc3b-4a10-9362-ff4e15dca71d:c4382]
2019-08-10 04:38:39,451 INFO  client.GrpcClientProtocolClient (GrpcClientProtocolClient.java:onNext(255)) - client-A18AB92CDBA5->6c928baf-cc3b-4a10-9362-ff4e15dca71d: receive RaftClientReply:client-A18AB92CDBA5->6c928baf-cc3b-4a10-9362-ff4e15dca71d@group-586430B97ADD, cid=3036, SUCCESS, logIndex=4381, commits[6c928baf-cc3b-4a10-9362-ff4e15dca71d:c4383]
2019-08-10 04:38:39,472 INFO  client.GrpcClientProtocolClient (GrpcClientProtocolClient.java:onNext(255)) - client-A18AB92CDBA5->6c928baf-cc3b-4a10-9362-ff4e15dca71d: receive RaftClientReply:client-A18AB92CDBA5->6c928baf-cc3b-4a10-9362-ff4e15dca71d@group-586430B97ADD, cid=3037, SUCCESS, logIndex=4384, commits[6c928baf-cc3b-4a10-9362-ff4e15dca71d:c4387]
2019-08-10 04:38:39,473 INFO  client.GrpcClientProtocolClient (GrpcClientProtocolClient.java:onNext(255)) - client-A18AB92CDBA5->6c928baf-cc3b-4a10-9362-ff4e15dca71d: receive RaftClientReply:client-A18AB92CDBA5->6c928baf-cc3b-4a10-9362-ff4e15dca71d@group-586430B97ADD, cid=3038, SUCCESS, logIndex=4385, commits[6c928baf-cc3b-4a10-9362-ff4e15dca71d:c4388]
2019-08-10 04:38:39,473 INFO  client.GrpcClientProtocolClient (GrpcClientProtocolClient.java:onNext(255)) - client-A18AB92CDBA5->6c928baf-cc3b-4a10-9362-ff4e15dca71d: receive RaftClientReply:client-A18AB92CDBA5->6c928baf-cc3b-4a10-9362-ff4e15dca71d@group-586430B97ADD, cid=3039, SUCCESS, logIndex=4386, commits[6c928baf-cc3b-4a10-9362-ff4e15dca71d:c4388]
2019-08-10 04:38:39,474 INFO  client.GrpcClientProtocolClient (GrpcClientProtocolClient.java:onNext(255)) - client-A18AB92CDBA5->6c928baf-cc3b-4a10-9362-ff4e15dca71d: receive RaftClientReply:client-A18AB92CDBA5->6c928baf-cc3b-4a10-9362-ff4e15dca71d@group-586430B97ADD, cid=3040, SUCCESS, logIndex=4387, commits[6c928baf-cc3b-4a10-9362-ff4e15dca71d:c4388]
2019-08-10 04:38:39,480 DEBUG block.SCMBlockDeletingService (SCMBlockDeletingService.java:call(138)) - Running DeletedBlockTransactionScanner
2019-08-10 04:38:39,480 DEBUG block.SCMBlockDeletingService (SCMBlockDeletingService.java:call(155)) - Scanned deleted blocks log and got 0 delTX to process.
2019-08-10 04:38:39,505 INFO  client.GrpcClientProtocolClient (GrpcClientProtocolClient.java:onNext(255)) - client-A18AB92CDBA5->6c928baf-cc3b-4a10-9362-ff4e15dca71d: receive RaftClientReply:client-A18AB92CDBA5->6c928baf-cc3b-4a10-9362-ff4e15dca71d@group-586430B97ADD, cid=3041, SUCCESS, logIndex=4389, commits[6c928baf-cc3b-4a10-9362-ff4e15dca71d:c4392]
2019-08-10 04:38:39,505 INFO  client.GrpcClientProtocolClient (GrpcClientProtocolClient.java:onNext(255)) - client-A18AB92CDBA5->6c928baf-cc3b-4a10-9362-ff4e15dca71d: receive RaftClientReply:client-A18AB92CDBA5->6c928baf-cc3b-4a10-9362-ff4e15dca71d@group-586430B97ADD, cid=3042, SUCCESS, logIndex=4390, commits[6c928baf-cc3b-4a10-9362-ff4e15dca71d:c4393]
2019-08-10 04:38:39,506 INFO  client.GrpcClientProtocolClient (GrpcClientProtocolClient.java:onNext(255)) - client-A18AB92CDBA5->6c928baf-cc3b-4a10-9362-ff4e15dca71d: receive RaftClientReply:client-A18AB92CDBA5->6c928baf-cc3b-4a10-9362-ff4e15dca71d@group-586430B97ADD, cid=3043, SUCCESS, logIndex=4391, commits[6c928baf-cc3b-4a10-9362-ff4e15dca71d:c4393]
2019-08-10 04:38:39,506 INFO  client.GrpcClientProtocolClient (GrpcClientProtocolClient.java:onNext(255)) - client-A18AB92CDBA5->6c928baf-cc3b-4a10-9362-ff4e15dca71d: receive RaftClientReply:client-A18AB92CDBA5->6c928baf-cc3b-4a10-9362-ff4e15dca71d@group-586430B97ADD, cid=3044, SUCCESS, logIndex=4392, commits[6c928baf-cc3b-4a10-9362-ff4e15dca71d:c4393]
2019-08-10 04:38:39,542 INFO  client.GrpcClientProtocolClient (GrpcClientProtocolClient.java:onNext(255)) - client-A18AB92CDBA5->6c928baf-cc3b-4a10-9362-ff4e15dca71d: receive RaftClientReply:client-A18AB92CDBA5->6c928baf-cc3b-4a10-9362-ff4e15dca71d@group-586430B97ADD, cid=3045, SUCCESS, logIndex=4394, commits[6c928baf-cc3b-4a10-9362-ff4e15dca71d:c4397]
2019-08-10 04:38:39,543 INFO  client.GrpcClientProtocolClient (GrpcClientProtocolClient.java:onNext(255)) - client-A18AB92CDBA5->6c928baf-cc3b-4a10-9362-ff4e15dca71d: receive RaftClientReply:client-A18AB92CDBA5->6c928baf-cc3b-4a10-9362-ff4e15dca71d@group-586430B97ADD, cid=3046, SUCCESS, logIndex=4395, commits[6c928baf-cc3b-4a10-9362-ff4e15dca71d:c4398]
2019-08-10 04:38:39,543 INFO  client.GrpcClientProtocolClient (GrpcClientProtocolClient.java:onNext(255)) - client-A18AB92CDBA5->6c928baf-cc3b-4a10-9362-ff4e15dca71d: receive RaftClientReply:client-A18AB92CDBA5->6c928baf-cc3b-4a10-9362-ff4e15dca71d@group-586430B97ADD, cid=3047, SUCCESS, logIndex=4396, commits[6c928baf-cc3b-4a10-9362-ff4e15dca71d:c4398]
2019-08-10 04:38:39,543 INFO  client.GrpcClientProtocolClient (GrpcClientProtocolClient.java:onNext(255)) - client-A18AB92CDBA5->6c928baf-cc3b-4a10-9362-ff4e15dca71d: receive RaftClientReply:client-A18AB92CDBA5->6c928baf-cc3b-4a10-9362-ff4e15dca71d@group-586430B97ADD, cid=3048, SUCCESS, logIndex=4397, commits[6c928baf-cc3b-4a10-9362-ff4e15dca71d:c4398]
2019-08-10 04:38:39,579 INFO  client.GrpcClientProtocolClient (GrpcClientProtocolClient.java:onNext(255)) - client-A18AB92CDBA5->6c928baf-cc3b-4a10-9362-ff4e15dca71d: receive RaftClientReply:client-A18AB92CDBA5->6c928baf-cc3b-4a10-9362-ff4e15dca71d@group-586430B97ADD, cid=3049, SUCCESS, logIndex=4399, commits[6c928baf-cc3b-4a10-9362-ff4e15dca71d:c4400]
2019-08-10 04:38:39,580 INFO  client.GrpcClientProtocolClient (GrpcClientProtocolClient.java:onNext(255)) - client-A18AB92CDBA5->6c928baf-cc3b-4a10-9362-ff4e15dca71d: receive RaftClientReply:client-A18AB92CDBA5->6c928baf-cc3b-4a10-9362-ff4e15dca71d@group-586430B97ADD, cid=3050, SUCCESS, logIndex=4400, commits[6c928baf-cc3b-4a10-9362-ff4e15dca71d:c4401]
2019-08-10 04:38:39,580 DEBUG block.SCMBlockDeletingService (SCMBlockDeletingService.java:call(138)) - Running DeletedBlockTransactionScanner
2019-08-10 04:38:39,581 DEBUG block.SCMBlockDeletingService (SCMBlockDeletingService.java:call(155)) - Scanned deleted blocks log and got 0 delTX to process.
2019-08-10 04:38:39,666 INFO  client.GrpcClientProtocolClient (GrpcClientProtocolClient.java:onNext(255)) - client-A18AB92CDBA5->6c928baf-cc3b-4a10-9362-ff4e15dca71d: receive RaftClientReply:client-A18AB92CDBA5->6c928baf-cc3b-4a10-9362-ff4e15dca71d@group-586430B97ADD, cid=3051, SUCCESS, logIndex=4402, commits[6c928baf-cc3b-4a10-9362-ff4e15dca71d:c4403]
2019-08-10 04:38:39,667 INFO  client.GrpcClientProtocolClient (GrpcClientProtocolClient.java:onNext(255)) - client-A18AB92CDBA5->6c928baf-cc3b-4a10-9362-ff4e15dca71d: receive RaftClientReply:client-A18AB92CDBA5->6c928baf-cc3b-4a10-9362-ff4e15dca71d@group-586430B97ADD, cid=3052, SUCCESS, logIndex=4403, commits[6c928baf-cc3b-4a10-9362-ff4e15dca71d:c4404]
2019-08-10 04:38:39,681 DEBUG block.SCMBlockDeletingService (SCMBlockDeletingService.java:call(138)) - Running DeletedBlockTransactionScanner
2019-08-10 04:38:39,681 DEBUG block.SCMBlockDeletingService (SCMBlockDeletingService.java:call(155)) - Scanned deleted blocks log and got 0 delTX to process.
2019-08-10 04:38:39,686 INFO  client.GrpcClientProtocolClient (GrpcClientProtocolClient.java:onNext(255)) - client-A18AB92CDBA5->6c928baf-cc3b-4a10-9362-ff4e15dca71d: receive RaftClientReply:client-A18AB92CDBA5->6c928baf-cc3b-4a10-9362-ff4e15dca71d@group-586430B97ADD, cid=3053, SUCCESS, logIndex=4405, commits[6c928baf-cc3b-4a10-9362-ff4e15dca71d:c4406]
2019-08-10 04:38:39,686 INFO  client.GrpcClientProtocolClient (GrpcClientProtocolClient.java:onNext(255)) - client-A18AB92CDBA5->6c928baf-cc3b-4a10-9362-ff4e15dca71d: receive RaftClientReply:client-A18AB92CDBA5->6c928baf-cc3b-4a10-9362-ff4e15dca71d@group-586430B97ADD, cid=3054, SUCCESS, logIndex=4406, commits[6c928baf-cc3b-4a10-9362-ff4e15dca71d:c4408]
2019-08-10 04:38:39,686 INFO  client.GrpcClientProtocolClient (GrpcClientProtocolClient.java:onNext(255)) - client-A18AB92CDBA5->6c928baf-cc3b-4a10-9362-ff4e15dca71d: receive RaftClientReply:client-A18AB92CDBA5->6c928baf-cc3b-4a10-9362-ff4e15dca71d@group-586430B97ADD, cid=3055, SUCCESS, logIndex=4407, commits[6c928baf-cc3b-4a10-9362-ff4e15dca71d:c4408]
2019-08-10 04:38:39,687 INFO  client.GrpcClientProtocolClient (GrpcClientProtocolClient.java:onNext(255)) - client-A18AB92CDBA5->6c928baf-cc3b-4a10-9362-ff4e15dca71d: receive RaftClientReply:client-A18AB92CDBA5->6c928baf-cc3b-4a10-9362-ff4e15dca71d@group-586430B97ADD, cid=3056, SUCCESS, logIndex=4408, commits[6c928baf-cc3b-4a10-9362-ff4e15dca71d:c4408]
2019-08-10 04:38:39,717 INFO  client.GrpcClientProtocolClient (GrpcClientProtocolClient.java:onNext(255)) - client-A18AB92CDBA5->6c928baf-cc3b-4a10-9362-ff4e15dca71d: receive RaftClientReply:client-A18AB92CDBA5->6c928baf-cc3b-4a10-9362-ff4e15dca71d@group-586430B97ADD, cid=3057, SUCCESS, logIndex=4411, commits[6c928baf-cc3b-4a10-9362-ff4e15dca71d:c4412]
2019-08-10 04:38:39,717 INFO  client.GrpcClientProtocolClient (GrpcClientProtocolClient.java:onNext(255)) - client-A18AB92CDBA5->6c928baf-cc3b-4a10-9362-ff4e15dca71d: receive RaftClientReply:client-A18AB92CDBA5->6c928baf-cc3b-4a10-9362-ff4e15dca71d@group-586430B97ADD, cid=3058, SUCCESS, logIndex=4412, commits[6c928baf-cc3b-4a10-9362-ff4e15dca71d:c4414]
2019-08-10 04:38:39,718 INFO  client.GrpcClientProtocolClient (GrpcClientProtocolClient.java:onNext(255)) - client-A18AB92CDBA5->6c928baf-cc3b-4a10-9362-ff4e15dca71d: receive RaftClientReply:client-A18AB92CDBA5->6c928baf-cc3b-4a10-9362-ff4e15dca71d@group-586430B97ADD, cid=3059, SUCCESS, logIndex=4413, commits[6c928baf-cc3b-4a10-9362-ff4e15dca71d:c4415]
2019-08-10 04:38:39,718 INFO  client.GrpcClientProtocolClient (GrpcClientProtocolClient.java:onNext(255)) - client-A18AB92CDBA5->6c928baf-cc3b-4a10-9362-ff4e15dca71d: receive RaftClientReply:client-A18AB92CDBA5->6c928baf-cc3b-4a10-9362-ff4e15dca71d@group-586430B97ADD, cid=3060, SUCCESS, logIndex=4414, commits[6c928baf-cc3b-4a10-9362-ff4e15dca71d:c4416]
2019-08-10 04:38:39,738 INFO  client.GrpcClientProtocolClient (GrpcClientProtocolClient.java:onNext(255)) - client-A18AB92CDBA5->6c928baf-cc3b-4a10-9362-ff4e15dca71d: receive RaftClientReply:client-A18AB92CDBA5->6c928baf-cc3b-4a10-9362-ff4e15dca71d@group-586430B97ADD, cid=3061, SUCCESS, logIndex=4417, commits[6c928baf-cc3b-4a10-9362-ff4e15dca71d:c4420]
2019-08-10 04:38:39,739 INFO  client.GrpcClientProtocolClient (GrpcClientProtocolClient.java:onNext(255)) - client-A18AB92CDBA5->6c928baf-cc3b-4a10-9362-ff4e15dca71d: receive RaftClientReply:client-A18AB92CDBA5->6c928baf-cc3b-4a10-9362-ff4e15dca71d@group-586430B97ADD, cid=3062, SUCCESS, logIndex=4418, commits[6c928baf-cc3b-4a10-9362-ff4e15dca71d:c4421]
2019-08-10 04:38:39,739 INFO  client.GrpcClientProtocolClient (GrpcClientProtocolClient.java:onNext(255)) - client-A18AB92CDBA5->6c928baf-cc3b-4a10-9362-ff4e15dca71d: receive RaftClientReply:client-A18AB92CDBA5->6c928baf-cc3b-4a10-9362-ff4e15dca71d@group-586430B97ADD, cid=3063, SUCCESS, logIndex=4419, commits[6c928baf-cc3b-4a10-9362-ff4e15dca71d:c4421]
2019-08-10 04:38:39,739 INFO  client.GrpcClientProtocolClient (GrpcClientProtocolClient.java:onNext(255)) - client-A18AB92CDBA5->6c928baf-cc3b-4a10-9362-ff4e15dca71d: receive RaftClientReply:client-A18AB92CDBA5->6c928baf-cc3b-4a10-9362-ff4e15dca71d@group-586430B97ADD, cid=3064, SUCCESS, logIndex=4420, commits[6c928baf-cc3b-4a10-9362-ff4e15dca71d:c4421]
2019-08-10 04:38:39,766 INFO  client.GrpcClientProtocolClient (GrpcClientProtocolClient.java:onNext(255)) - client-A18AB92CDBA5->6c928baf-cc3b-4a10-9362-ff4e15dca71d: receive RaftClientReply:client-A18AB92CDBA5->6c928baf-cc3b-4a10-9362-ff4e15dca71d@group-586430B97ADD, cid=3065, SUCCESS, logIndex=4422, commits[6c928baf-cc3b-4a10-9362-ff4e15dca71d:c4425]
2019-08-10 04:38:39,767 INFO  client.GrpcClientProtocolClient (GrpcClientProtocolClient.java:onNext(255)) - client-A18AB92CDBA5->6c928baf-cc3b-4a10-9362-ff4e15dca71d: receive RaftClientReply:client-A18AB92CDBA5->6c928baf-cc3b-4a10-9362-ff4e15dca71d@group-586430B97ADD, cid=3066, SUCCESS, logIndex=4423, commits[6c928baf-cc3b-4a10-9362-ff4e15dca71d:c4426]
2019-08-10 04:38:39,767 INFO  client.GrpcClientProtocolClient (GrpcClientProtocolClient.java:onNext(255)) - client-A18AB92CDBA5->6c928baf-cc3b-4a10-9362-ff4e15dca71d: receive RaftClientReply:client-A18AB92CDBA5->6c928baf-cc3b-4a10-9362-ff4e15dca71d@group-586430B97ADD, cid=3067, SUCCESS, logIndex=4424, commits[6c928baf-cc3b-4a10-9362-ff4e15dca71d:c4426]
2019-08-10 04:38:39,767 INFO  client.GrpcClientProtocolClient (GrpcClientProtocolClient.java:onNext(255)) - client-A18AB92CDBA5->6c928baf-cc3b-4a10-9362-ff4e15dca71d: receive RaftClientReply:client-A18AB92CDBA5->6c928baf-cc3b-4a10-9362-ff4e15dca71d@group-586430B97ADD, cid=3068, SUCCESS, logIndex=4425, commits[6c928baf-cc3b-4a10-9362-ff4e15dca71d:c4426]
2019-08-10 04:38:39,782 DEBUG block.SCMBlockDeletingService (SCMBlockDeletingService.java:call(138)) - Running DeletedBlockTransactionScanner
2019-08-10 04:38:39,782 DEBUG block.SCMBlockDeletingService (SCMBlockDeletingService.java:call(155)) - Scanned deleted blocks log and got 0 delTX to process.
2019-08-10 04:38:39,796 INFO  client.GrpcClientProtocolClient (GrpcClientProtocolClient.java:onNext(255)) - client-A18AB92CDBA5->6c928baf-cc3b-4a10-9362-ff4e15dca71d: receive RaftClientReply:client-A18AB92CDBA5->6c928baf-cc3b-4a10-9362-ff4e15dca71d@group-586430B97ADD, cid=3069, SUCCESS, logIndex=4427, commits[6c928baf-cc3b-4a10-9362-ff4e15dca71d:c4428]
2019-08-10 04:38:39,797 INFO  client.GrpcClientProtocolClient (GrpcClientProtocolClient.java:onNext(255)) - client-A18AB92CDBA5->6c928baf-cc3b-4a10-9362-ff4e15dca71d: receive RaftClientReply:client-A18AB92CDBA5->6c928baf-cc3b-4a10-9362-ff4e15dca71d@group-586430B97ADD, cid=3070, SUCCESS, logIndex=4428, commits[6c928baf-cc3b-4a10-9362-ff4e15dca71d:c4430]
2019-08-10 04:38:39,797 INFO  client.GrpcClientProtocolClient (GrpcClientProtocolClient.java:onNext(255)) - client-A18AB92CDBA5->6c928baf-cc3b-4a10-9362-ff4e15dca71d: receive RaftClientReply:client-A18AB92CDBA5->6c928baf-cc3b-4a10-9362-ff4e15dca71d@group-586430B97ADD, cid=3071, SUCCESS, logIndex=4429, commits[6c928baf-cc3b-4a10-9362-ff4e15dca71d:c4430]
2019-08-10 04:38:39,797 INFO  client.GrpcClientProtocolClient (GrpcClientProtocolClient.java:onNext(255)) - client-A18AB92CDBA5->6c928baf-cc3b-4a10-9362-ff4e15dca71d: receive RaftClientReply:client-A18AB92CDBA5->6c928baf-cc3b-4a10-9362-ff4e15dca71d@group-586430B97ADD, cid=3072, SUCCESS, logIndex=4430, commits[6c928baf-cc3b-4a10-9362-ff4e15dca71d:c4431]
2019-08-10 04:38:39,820 INFO  client.GrpcClientProtocolClient (GrpcClientProtocolClient.java:onNext(255)) - client-A18AB92CDBA5->6c928baf-cc3b-4a10-9362-ff4e15dca71d: receive RaftClientReply:client-A18AB92CDBA5->6c928baf-cc3b-4a10-9362-ff4e15dca71d@group-586430B97ADD, cid=3073, SUCCESS, logIndex=4433, commits[6c928baf-cc3b-4a10-9362-ff4e15dca71d:c4434]
2019-08-10 04:38:39,820 INFO  client.GrpcClientProtocolClient (GrpcClientProtocolClient.java:onNext(255)) - client-A18AB92CDBA5->6c928baf-cc3b-4a10-9362-ff4e15dca71d: receive RaftClientReply:client-A18AB92CDBA5->6c928baf-cc3b-4a10-9362-ff4e15dca71d@group-586430B97ADD, cid=3074, SUCCESS, logIndex=4434, commits[6c928baf-cc3b-4a10-9362-ff4e15dca71d:c4434]
2019-08-10 04:38:39,821 INFO  client.GrpcClientProtocolClient (GrpcClientProtocolClient.java:onNext(255)) - client-A18AB92CDBA5->6c928baf-cc3b-4a10-9362-ff4e15dca71d: receive RaftClientReply:client-A18AB92CDBA5->6c928baf-cc3b-4a10-9362-ff4e15dca71d@group-586430B97ADD, cid=3075, SUCCESS, logIndex=4435, commits[6c928baf-cc3b-4a10-9362-ff4e15dca71d:c4436]
2019-08-10 04:38:39,821 INFO  client.GrpcClientProtocolClient (GrpcClientProtocolClient.java:onNext(255)) - client-A18AB92CDBA5->6c928baf-cc3b-4a10-9362-ff4e15dca71d: receive RaftClientReply:client-A18AB92CDBA5->6c928baf-cc3b-4a10-9362-ff4e15dca71d@group-586430B97ADD, cid=3076, SUCCESS, logIndex=4436, commits[6c928baf-cc3b-4a10-9362-ff4e15dca71d:c4437]
2019-08-10 04:38:39,841 INFO  client.GrpcClientProtocolClient (GrpcClientProtocolClient.java:onNext(255)) - client-A18AB92CDBA5->6c928baf-cc3b-4a10-9362-ff4e15dca71d: receive RaftClientReply:client-A18AB92CDBA5->6c928baf-cc3b-4a10-9362-ff4e15dca71d@group-586430B97ADD, cid=3077, SUCCESS, logIndex=4439, commits[6c928baf-cc3b-4a10-9362-ff4e15dca71d:c4442]
2019-08-10 04:38:39,842 INFO  client.GrpcClientProtocolClient (GrpcClientProtocolClient.java:onNext(255)) - client-A18AB92CDBA5->6c928baf-cc3b-4a10-9362-ff4e15dca71d: receive RaftClientReply:client-A18AB92CDBA5->6c928baf-cc3b-4a10-9362-ff4e15dca71d@group-586430B97ADD, cid=3078, SUCCESS, logIndex=4440, commits[6c928baf-cc3b-4a10-9362-ff4e15dca71d:c4442]
2019-08-10 04:38:39,842 INFO  client.GrpcClientProtocolClient (GrpcClientProtocolClient.java:onNext(255)) - client-A18AB92CDBA5->6c928baf-cc3b-4a10-9362-ff4e15dca71d: receive RaftClientReply:client-A18AB92CDBA5->6c928baf-cc3b-4a10-9362-ff4e15dca71d@group-586430B97ADD, cid=3079, SUCCESS, logIndex=4441, commits[6c928baf-cc3b-4a10-9362-ff4e15dca71d:c4442]
2019-08-10 04:38:39,842 INFO  client.GrpcClientProtocolClient (GrpcClientProtocolClient.java:onNext(255)) - client-A18AB92CDBA5->6c928baf-cc3b-4a10-9362-ff4e15dca71d: receive RaftClientReply:client-A18AB92CDBA5->6c928baf-cc3b-4a10-9362-ff4e15dca71d@group-586430B97ADD, cid=3080, SUCCESS, logIndex=4442, commits[6c928baf-cc3b-4a10-9362-ff4e15dca71d:c4443]
2019-08-10 04:38:39,870 INFO  client.GrpcClientProtocolClient (GrpcClientProtocolClient.java:onNext(255)) - client-A18AB92CDBA5->6c928baf-cc3b-4a10-9362-ff4e15dca71d: receive RaftClientReply:client-A18AB92CDBA5->6c928baf-cc3b-4a10-9362-ff4e15dca71d@group-586430B97ADD, cid=3081, SUCCESS, logIndex=4444, commits[6c928baf-cc3b-4a10-9362-ff4e15dca71d:c4445]
2019-08-10 04:38:39,871 INFO  client.GrpcClientProtocolClient (GrpcClientProtocolClient.java:onNext(255)) - client-A18AB92CDBA5->6c928baf-cc3b-4a10-9362-ff4e15dca71d: receive RaftClientReply:client-A18AB92CDBA5->6c928baf-cc3b-4a10-9362-ff4e15dca71d@group-586430B97ADD, cid=3082, SUCCESS, logIndex=4445, commits[6c928baf-cc3b-4a10-9362-ff4e15dca71d:c4447]
2019-08-10 04:38:39,871 INFO  client.GrpcClientProtocolClient (GrpcClientProtocolClient.java:onNext(255)) - client-A18AB92CDBA5->6c928baf-cc3b-4a10-9362-ff4e15dca71d: receive RaftClientReply:client-A18AB92CDBA5->6c928baf-cc3b-4a10-9362-ff4e15dca71d@group-586430B97ADD, cid=3083, SUCCESS, logIndex=4446, commits[6c928baf-cc3b-4a10-9362-ff4e15dca71d:c4447]
2019-08-10 04:38:39,871 INFO  client.GrpcClientProtocolClient (GrpcClientProtocolClient.java:onNext(255)) - client-A18AB92CDBA5->6c928baf-cc3b-4a10-9362-ff4e15dca71d: receive RaftClientReply:client-A18AB92CDBA5->6c928baf-cc3b-4a10-9362-ff4e15dca71d@group-586430B97ADD, cid=3084, SUCCESS, logIndex=4447, commits[6c928baf-cc3b-4a10-9362-ff4e15dca71d:c4448]
2019-08-10 04:38:39,882 DEBUG block.SCMBlockDeletingService (SCMBlockDeletingService.java:call(138)) - Running DeletedBlockTransactionScanner
2019-08-10 04:38:39,883 DEBUG block.SCMBlockDeletingService (SCMBlockDeletingService.java:call(155)) - Scanned deleted blocks log and got 0 delTX to process.
2019-08-10 04:38:39,892 INFO  client.GrpcClientProtocolClient (GrpcClientProtocolClient.java:onNext(255)) - client-A18AB92CDBA5->6c928baf-cc3b-4a10-9362-ff4e15dca71d: receive RaftClientReply:client-A18AB92CDBA5->6c928baf-cc3b-4a10-9362-ff4e15dca71d@group-586430B97ADD, cid=3085, SUCCESS, logIndex=4450, commits[6c928baf-cc3b-4a10-9362-ff4e15dca71d:c4453]
2019-08-10 04:38:39,892 INFO  client.GrpcClientProtocolClient (GrpcClientProtocolClient.java:onNext(255)) - client-A18AB92CDBA5->6c928baf-cc3b-4a10-9362-ff4e15dca71d: receive RaftClientReply:client-A18AB92CDBA5->6c928baf-cc3b-4a10-9362-ff4e15dca71d@group-586430B97ADD, cid=3086, SUCCESS, logIndex=4451, commits[6c928baf-cc3b-4a10-9362-ff4e15dca71d:c4454]
2019-08-10 04:38:39,892 INFO  client.GrpcClientProtocolClient (GrpcClientProtocolClient.java:onNext(255)) - client-A18AB92CDBA5->6c928baf-cc3b-4a10-9362-ff4e15dca71d: receive RaftClientReply:client-A18AB92CDBA5->6c928baf-cc3b-4a10-9362-ff4e15dca71d@group-586430B97ADD, cid=3087, SUCCESS, logIndex=4452, commits[6c928baf-cc3b-4a10-9362-ff4e15dca71d:c4454]
2019-08-10 04:38:39,893 INFO  client.GrpcClientProtocolClient (GrpcClientProtocolClient.java:onNext(255)) - client-A18AB92CDBA5->6c928baf-cc3b-4a10-9362-ff4e15dca71d: receive RaftClientReply:client-A18AB92CDBA5->6c928baf-cc3b-4a10-9362-ff4e15dca71d@group-586430B97ADD, cid=3088, SUCCESS, logIndex=4453, commits[6c928baf-cc3b-4a10-9362-ff4e15dca71d:c4454]
2019-08-10 04:38:39,981 INFO  client.GrpcClientProtocolClient (GrpcClientProtocolClient.java:onNext(255)) - client-A18AB92CDBA5->6c928baf-cc3b-4a10-9362-ff4e15dca71d: receive RaftClientReply:client-A18AB92CDBA5->6c928baf-cc3b-4a10-9362-ff4e15dca71d@group-586430B97ADD, cid=3089, SUCCESS, logIndex=4455, commits[6c928baf-cc3b-4a10-9362-ff4e15dca71d:c4458]
2019-08-10 04:38:39,982 INFO  client.GrpcClientProtocolClient (GrpcClientProtocolClient.java:onNext(255)) - client-A18AB92CDBA5->6c928baf-cc3b-4a10-9362-ff4e15dca71d: receive RaftClientReply:client-A18AB92CDBA5->6c928baf-cc3b-4a10-9362-ff4e15dca71d@group-586430B97ADD, cid=3090, SUCCESS, logIndex=4456, commits[6c928baf-cc3b-4a10-9362-ff4e15dca71d:c4458]
2019-08-10 04:38:39,982 INFO  client.GrpcClientProtocolClient (GrpcClientProtocolClient.java:onNext(255)) - client-A18AB92CDBA5->6c928baf-cc3b-4a10-9362-ff4e15dca71d: receive RaftClientReply:client-A18AB92CDBA5->6c928baf-cc3b-4a10-9362-ff4e15dca71d@group-586430B97ADD, cid=3091, SUCCESS, logIndex=4457, commits[6c928baf-cc3b-4a10-9362-ff4e15dca71d:c4459]
2019-08-10 04:38:39,982 INFO  client.GrpcClientProtocolClient (GrpcClientProtocolClient.java:onNext(255)) - client-A18AB92CDBA5->6c928baf-cc3b-4a10-9362-ff4e15dca71d: receive RaftClientReply:client-A18AB92CDBA5->6c928baf-cc3b-4a10-9362-ff4e15dca71d@group-586430B97ADD, cid=3092, SUCCESS, logIndex=4458, commits[6c928baf-cc3b-4a10-9362-ff4e15dca71d:c4459]
2019-08-10 04:38:39,983 DEBUG block.SCMBlockDeletingService (SCMBlockDeletingService.java:call(138)) - Running DeletedBlockTransactionScanner
2019-08-10 04:38:39,983 DEBUG block.SCMBlockDeletingService (SCMBlockDeletingService.java:call(155)) - Scanned deleted blocks log and got 0 delTX to process.
2019-08-10 04:38:40,002 INFO  client.GrpcClientProtocolClient (GrpcClientProtocolClient.java:onNext(255)) - client-A18AB92CDBA5->6c928baf-cc3b-4a10-9362-ff4e15dca71d: receive RaftClientReply:client-A18AB92CDBA5->6c928baf-cc3b-4a10-9362-ff4e15dca71d@group-586430B97ADD, cid=3093, SUCCESS, logIndex=4460, commits[6c928baf-cc3b-4a10-9362-ff4e15dca71d:c4461]
2019-08-10 04:38:40,002 INFO  client.GrpcClientProtocolClient (GrpcClientProtocolClient.java:onNext(255)) - client-A18AB92CDBA5->6c928baf-cc3b-4a10-9362-ff4e15dca71d: receive RaftClientReply:client-A18AB92CDBA5->6c928baf-cc3b-4a10-9362-ff4e15dca71d@group-586430B97ADD, cid=3094, SUCCESS, logIndex=4461, commits[6c928baf-cc3b-4a10-9362-ff4e15dca71d:c4462]
2019-08-10 04:38:40,083 DEBUG block.SCMBlockDeletingService (SCMBlockDeletingService.java:call(138)) - Running DeletedBlockTransactionScanner
2019-08-10 04:38:40,084 DEBUG block.SCMBlockDeletingService (SCMBlockDeletingService.java:call(155)) - Scanned deleted blocks log and got 0 delTX to process.
2019-08-10 04:38:40,089 INFO  client.GrpcClientProtocolClient (GrpcClientProtocolClient.java:onNext(255)) - client-A18AB92CDBA5->6c928baf-cc3b-4a10-9362-ff4e15dca71d: receive RaftClientReply:client-A18AB92CDBA5->6c928baf-cc3b-4a10-9362-ff4e15dca71d@group-586430B97ADD, cid=3095, SUCCESS, logIndex=4463, commits[6c928baf-cc3b-4a10-9362-ff4e15dca71d:c4464]
2019-08-10 04:38:40,090 INFO  client.GrpcClientProtocolClient (GrpcClientProtocolClient.java:onNext(255)) - client-A18AB92CDBA5->6c928baf-cc3b-4a10-9362-ff4e15dca71d: receive RaftClientReply:client-A18AB92CDBA5->6c928baf-cc3b-4a10-9362-ff4e15dca71d@group-586430B97ADD, cid=3096, SUCCESS, logIndex=4464, commits[6c928baf-cc3b-4a10-9362-ff4e15dca71d:c4465]
2019-08-10 04:38:40,122 INFO  client.GrpcClientProtocolClient (GrpcClientProtocolClient.java:onNext(255)) - client-A18AB92CDBA5->6c928baf-cc3b-4a10-9362-ff4e15dca71d: receive RaftClientReply:client-A18AB92CDBA5->6c928baf-cc3b-4a10-9362-ff4e15dca71d@group-586430B97ADD, cid=3097, SUCCESS, logIndex=4466, commits[6c928baf-cc3b-4a10-9362-ff4e15dca71d:c4469]
2019-08-10 04:38:40,123 INFO  client.GrpcClientProtocolClient (GrpcClientProtocolClient.java:onNext(255)) - client-A18AB92CDBA5->6c928baf-cc3b-4a10-9362-ff4e15dca71d: receive RaftClientReply:client-A18AB92CDBA5->6c928baf-cc3b-4a10-9362-ff4e15dca71d@group-586430B97ADD, cid=3098, SUCCESS, logIndex=4467, commits[6c928baf-cc3b-4a10-9362-ff4e15dca71d:c4470]
2019-08-10 04:38:40,123 INFO  client.GrpcClientProtocolClient (GrpcClientProtocolClient.java:onNext(255)) - client-A18AB92CDBA5->6c928baf-cc3b-4a10-9362-ff4e15dca71d: receive RaftClientReply:client-A18AB92CDBA5->6c928baf-cc3b-4a10-9362-ff4e15dca71d@group-586430B97ADD, cid=3099, SUCCESS, logIndex=4468, commits[6c928baf-cc3b-4a10-9362-ff4e15dca71d:c4470]
2019-08-10 04:38:40,123 INFO  client.GrpcClientProtocolClient (GrpcClientProtocolClient.java:onNext(255)) - client-A18AB92CDBA5->6c928baf-cc3b-4a10-9362-ff4e15dca71d: receive RaftClientReply:client-A18AB92CDBA5->6c928baf-cc3b-4a10-9362-ff4e15dca71d@group-586430B97ADD, cid=3100, SUCCESS, logIndex=4469, commits[6c928baf-cc3b-4a10-9362-ff4e15dca71d:c4470]
2019-08-10 04:38:40,144 INFO  client.GrpcClientProtocolClient (GrpcClientProtocolClient.java:onNext(255)) - client-A18AB92CDBA5->6c928baf-cc3b-4a10-9362-ff4e15dca71d: receive RaftClientReply:client-A18AB92CDBA5->6c928baf-cc3b-4a10-9362-ff4e15dca71d@group-586430B97ADD, cid=3101, SUCCESS, logIndex=4471, commits[6c928baf-cc3b-4a10-9362-ff4e15dca71d:c4472]
2019-08-10 04:38:40,144 INFO  client.GrpcClientProtocolClient (GrpcClientProtocolClient.java:onNext(255)) - client-A18AB92CDBA5->6c928baf-cc3b-4a10-9362-ff4e15dca71d: receive RaftClientReply:client-A18AB92CDBA5->6c928baf-cc3b-4a10-9362-ff4e15dca71d@group-586430B97ADD, cid=3102, SUCCESS, logIndex=4472, commits[6c928baf-cc3b-4a10-9362-ff4e15dca71d:c4474]
2019-08-10 04:38:40,144 INFO  client.GrpcClientProtocolClient (GrpcClientProtocolClient.java:onNext(255)) - client-A18AB92CDBA5->6c928baf-cc3b-4a10-9362-ff4e15dca71d: receive RaftClientReply:client-A18AB92CDBA5->6c928baf-cc3b-4a10-9362-ff4e15dca71d@group-586430B97ADD, cid=3103, SUCCESS, logIndex=4473, commits[6c928baf-cc3b-4a10-9362-ff4e15dca71d:c4475]
2019-08-10 04:38:40,145 INFO  client.GrpcClientProtocolClient (GrpcClientProtocolClient.java:onNext(255)) - client-A18AB92CDBA5->6c928baf-cc3b-4a10-9362-ff4e15dca71d: receive RaftClientReply:client-A18AB92CDBA5->6c928baf-cc3b-4a10-9362-ff4e15dca71d@group-586430B97ADD, cid=3104, SUCCESS, logIndex=4474, commits[6c928baf-cc3b-4a10-9362-ff4e15dca71d:c4475]
2019-08-10 04:38:40,175 INFO  client.GrpcClientProtocolClient (GrpcClientProtocolClient.java:onNext(255)) - client-A18AB92CDBA5->6c928baf-cc3b-4a10-9362-ff4e15dca71d: receive RaftClientReply:client-A18AB92CDBA5->6c928baf-cc3b-4a10-9362-ff4e15dca71d@group-586430B97ADD, cid=3105, SUCCESS, logIndex=4477, commits[6c928baf-cc3b-4a10-9362-ff4e15dca71d:c4478]
2019-08-10 04:38:40,177 INFO  client.GrpcClientProtocolClient (GrpcClientProtocolClient.java:onNext(255)) - client-A18AB92CDBA5->6c928baf-cc3b-4a10-9362-ff4e15dca71d: receive RaftClientReply:client-A18AB92CDBA5->6c928baf-cc3b-4a10-9362-ff4e15dca71d@group-586430B97ADD, cid=3106, SUCCESS, logIndex=4478, commits[6c928baf-cc3b-4a10-9362-ff4e15dca71d:c4478]
2019-08-10 04:38:40,178 INFO  client.GrpcClientProtocolClient (GrpcClientProtocolClient.java:onNext(255)) - client-A18AB92CDBA5->6c928baf-cc3b-4a10-9362-ff4e15dca71d: receive RaftClientReply:client-A18AB92CDBA5->6c928baf-cc3b-4a10-9362-ff4e15dca71d@group-586430B97ADD, cid=3107, SUCCESS, logIndex=4479, commits[6c928baf-cc3b-4a10-9362-ff4e15dca71d:c4481]
2019-08-10 04:38:40,178 INFO  client.GrpcClientProtocolClient (GrpcClientProtocolClient.java:onNext(255)) - client-A18AB92CDBA5->6c928baf-cc3b-4a10-9362-ff4e15dca71d: receive RaftClientReply:client-A18AB92CDBA5->6c928baf-cc3b-4a10-9362-ff4e15dca71d@group-586430B97ADD, cid=3108, SUCCESS, logIndex=4480, commits[6c928baf-cc3b-4a10-9362-ff4e15dca71d:c4481]
2019-08-10 04:38:40,184 DEBUG block.SCMBlockDeletingService (SCMBlockDeletingService.java:call(138)) - Running DeletedBlockTransactionScanner
2019-08-10 04:38:40,184 DEBUG block.SCMBlockDeletingService (SCMBlockDeletingService.java:call(155)) - Scanned deleted blocks log and got 0 delTX to process.
2019-08-10 04:38:40,198 INFO  client.GrpcClientProtocolClient (GrpcClientProtocolClient.java:onNext(255)) - client-A18AB92CDBA5->6c928baf-cc3b-4a10-9362-ff4e15dca71d: receive RaftClientReply:client-A18AB92CDBA5->6c928baf-cc3b-4a10-9362-ff4e15dca71d@group-586430B97ADD, cid=3109, SUCCESS, logIndex=4482, commits[6c928baf-cc3b-4a10-9362-ff4e15dca71d:c4483]
2019-08-10 04:38:40,198 INFO  client.GrpcClientProtocolClient (GrpcClientProtocolClient.java:onNext(255)) - client-A18AB92CDBA5->6c928baf-cc3b-4a10-9362-ff4e15dca71d: receive RaftClientReply:client-A18AB92CDBA5->6c928baf-cc3b-4a10-9362-ff4e15dca71d@group-586430B97ADD, cid=3110, SUCCESS, logIndex=4483, commits[6c928baf-cc3b-4a10-9362-ff4e15dca71d:c4486]
2019-08-10 04:38:40,198 INFO  client.GrpcClientProtocolClient (GrpcClientProtocolClient.java:onNext(255)) - client-A18AB92CDBA5->6c928baf-cc3b-4a10-9362-ff4e15dca71d: receive RaftClientReply:client-A18AB92CDBA5->6c928baf-cc3b-4a10-9362-ff4e15dca71d@group-586430B97ADD, cid=3111, SUCCESS, logIndex=4484, commits[6c928baf-cc3b-4a10-9362-ff4e15dca71d:c4486]
2019-08-10 04:38:40,199 INFO  client.GrpcClientProtocolClient (GrpcClientProtocolClient.java:onNext(255)) - client-A18AB92CDBA5->6c928baf-cc3b-4a10-9362-ff4e15dca71d: receive RaftClientReply:client-A18AB92CDBA5->6c928baf-cc3b-4a10-9362-ff4e15dca71d@group-586430B97ADD, cid=3112, SUCCESS, logIndex=4485, commits[6c928baf-cc3b-4a10-9362-ff4e15dca71d:c4487]
2019-08-10 04:38:40,230 INFO  client.GrpcClientProtocolClient (GrpcClientProtocolClient.java:onNext(255)) - client-A18AB92CDBA5->6c928baf-cc3b-4a10-9362-ff4e15dca71d: receive RaftClientReply:client-A18AB92CDBA5->6c928baf-cc3b-4a10-9362-ff4e15dca71d@group-586430B97ADD, cid=3113, SUCCESS, logIndex=4488, commits[6c928baf-cc3b-4a10-9362-ff4e15dca71d:c4489]
2019-08-10 04:38:40,231 INFO  client.GrpcClientProtocolClient (GrpcClientProtocolClient.java:onNext(255)) - client-A18AB92CDBA5->6c928baf-cc3b-4a10-9362-ff4e15dca71d: receive RaftClientReply:client-A18AB92CDBA5->6c928baf-cc3b-4a10-9362-ff4e15dca71d@group-586430B97ADD, cid=3114, SUCCESS, logIndex=4489, commits[6c928baf-cc3b-4a10-9362-ff4e15dca71d:c4491]
2019-08-10 04:38:40,231 INFO  client.GrpcClientProtocolClient (GrpcClientProtocolClient.java:onNext(255)) - client-A18AB92CDBA5->6c928baf-cc3b-4a10-9362-ff4e15dca71d: receive RaftClientReply:client-A18AB92CDBA5->6c928baf-cc3b-4a10-9362-ff4e15dca71d@group-586430B97ADD, cid=3115, SUCCESS, logIndex=4490, commits[6c928baf-cc3b-4a10-9362-ff4e15dca71d:c4492]
2019-08-10 04:38:40,232 INFO  client.GrpcClientProtocolClient (GrpcClientProtocolClient.java:onNext(255)) - client-A18AB92CDBA5->6c928baf-cc3b-4a10-9362-ff4e15dca71d: receive RaftClientReply:client-A18AB92CDBA5->6c928baf-cc3b-4a10-9362-ff4e15dca71d@group-586430B97ADD, cid=3116, SUCCESS, logIndex=4491, commits[6c928baf-cc3b-4a10-9362-ff4e15dca71d:c4493]
2019-08-10 04:38:40,252 INFO  client.GrpcClientProtocolClient (GrpcClientProtocolClient.java:onNext(255)) - client-A18AB92CDBA5->6c928baf-cc3b-4a10-9362-ff4e15dca71d: receive RaftClientReply:client-A18AB92CDBA5->6c928baf-cc3b-4a10-9362-ff4e15dca71d@group-586430B97ADD, cid=3117, SUCCESS, logIndex=4494, commits[6c928baf-cc3b-4a10-9362-ff4e15dca71d:c4495]
2019-08-10 04:38:40,252 INFO  client.GrpcClientProtocolClient (GrpcClientProtocolClient.java:onNext(255)) - client-A18AB92CDBA5->6c928baf-cc3b-4a10-9362-ff4e15dca71d: receive RaftClientReply:client-A18AB92CDBA5->6c928baf-cc3b-4a10-9362-ff4e15dca71d@group-586430B97ADD, cid=3118, SUCCESS, logIndex=4495, commits[6c928baf-cc3b-4a10-9362-ff4e15dca71d:c4497]
2019-08-10 04:38:40,253 INFO  client.GrpcClientProtocolClient (GrpcClientProtocolClient.java:onNext(255)) - client-A18AB92CDBA5->6c928baf-cc3b-4a10-9362-ff4e15dca71d: receive RaftClientReply:client-A18AB92CDBA5->6c928baf-cc3b-4a10-9362-ff4e15dca71d@group-586430B97ADD, cid=3119, SUCCESS, logIndex=4496, commits[6c928baf-cc3b-4a10-9362-ff4e15dca71d:c4498]
2019-08-10 04:38:40,253 INFO  client.GrpcClientProtocolClient (GrpcClientProtocolClient.java:onNext(255)) - client-A18AB92CDBA5->6c928baf-cc3b-4a10-9362-ff4e15dca71d: receive RaftClientReply:client-A18AB92CDBA5->6c928baf-cc3b-4a10-9362-ff4e15dca71d@group-586430B97ADD, cid=3120, SUCCESS, logIndex=4497, commits[6c928baf-cc3b-4a10-9362-ff4e15dca71d:c4498]
2019-08-10 04:38:40,284 INFO  client.GrpcClientProtocolClient (GrpcClientProtocolClient.java:onNext(255)) - client-A18AB92CDBA5->6c928baf-cc3b-4a10-9362-ff4e15dca71d: receive RaftClientReply:client-A18AB92CDBA5->6c928baf-cc3b-4a10-9362-ff4e15dca71d@group-586430B97ADD, cid=3121, SUCCESS, logIndex=4500, commits[6c928baf-cc3b-4a10-9362-ff4e15dca71d:c4501]
2019-08-10 04:38:40,284 INFO  client.GrpcClientProtocolClient (GrpcClientProtocolClient.java:onNext(255)) - client-A18AB92CDBA5->6c928baf-cc3b-4a10-9362-ff4e15dca71d: receive RaftClientReply:client-A18AB92CDBA5->6c928baf-cc3b-4a10-9362-ff4e15dca71d@group-586430B97ADD, cid=3122, SUCCESS, logIndex=4501, commits[6c928baf-cc3b-4a10-9362-ff4e15dca71d:c4503]
2019-08-10 04:38:40,285 INFO  client.GrpcClientProtocolClient (GrpcClientProtocolClient.java:onNext(255)) - client-A18AB92CDBA5->6c928baf-cc3b-4a10-9362-ff4e15dca71d: receive RaftClientReply:client-A18AB92CDBA5->6c928baf-cc3b-4a10-9362-ff4e15dca71d@group-586430B97ADD, cid=3123, SUCCESS, logIndex=4502, commits[6c928baf-cc3b-4a10-9362-ff4e15dca71d:c4504]
2019-08-10 04:38:40,285 DEBUG block.SCMBlockDeletingService (SCMBlockDeletingService.java:call(138)) - Running DeletedBlockTransactionScanner
2019-08-10 04:38:40,285 INFO  client.GrpcClientProtocolClient (GrpcClientProtocolClient.java:onNext(255)) - client-A18AB92CDBA5->6c928baf-cc3b-4a10-9362-ff4e15dca71d: receive RaftClientReply:client-A18AB92CDBA5->6c928baf-cc3b-4a10-9362-ff4e15dca71d@group-586430B97ADD, cid=3124, SUCCESS, logIndex=4503, commits[6c928baf-cc3b-4a10-9362-ff4e15dca71d:c4504]
2019-08-10 04:38:40,285 DEBUG block.SCMBlockDeletingService (SCMBlockDeletingService.java:call(155)) - Scanned deleted blocks log and got 0 delTX to process.
2019-08-10 04:38:40,312 INFO  client.GrpcClientProtocolClient (GrpcClientProtocolClient.java:onNext(255)) - client-A18AB92CDBA5->6c928baf-cc3b-4a10-9362-ff4e15dca71d: receive RaftClientReply:client-A18AB92CDBA5->6c928baf-cc3b-4a10-9362-ff4e15dca71d@group-586430B97ADD, cid=3125, SUCCESS, logIndex=4506, commits[6c928baf-cc3b-4a10-9362-ff4e15dca71d:c4507]
2019-08-10 04:38:40,313 INFO  client.GrpcClientProtocolClient (GrpcClientProtocolClient.java:onNext(255)) - client-A18AB92CDBA5->6c928baf-cc3b-4a10-9362-ff4e15dca71d: receive RaftClientReply:client-A18AB92CDBA5->6c928baf-cc3b-4a10-9362-ff4e15dca71d@group-586430B97ADD, cid=3126, SUCCESS, logIndex=4507, commits[6c928baf-cc3b-4a10-9362-ff4e15dca71d:c4509]
2019-08-10 04:38:40,313 INFO  client.GrpcClientProtocolClient (GrpcClientProtocolClient.java:onNext(255)) - client-A18AB92CDBA5->6c928baf-cc3b-4a10-9362-ff4e15dca71d: receive RaftClientReply:client-A18AB92CDBA5->6c928baf-cc3b-4a10-9362-ff4e15dca71d@group-586430B97ADD, cid=3127, SUCCESS, logIndex=4508, commits[6c928baf-cc3b-4a10-9362-ff4e15dca71d:c4510]
2019-08-10 04:38:40,314 INFO  client.GrpcClientProtocolClient (GrpcClientProtocolClient.java:onNext(255)) - client-A18AB92CDBA5->6c928baf-cc3b-4a10-9362-ff4e15dca71d: receive RaftClientReply:client-A18AB92CDBA5->6c928baf-cc3b-4a10-9362-ff4e15dca71d@group-586430B97ADD, cid=3128, SUCCESS, logIndex=4509, commits[6c928baf-cc3b-4a10-9362-ff4e15dca71d:c4511]
2019-08-10 04:38:40,337 INFO  client.GrpcClientProtocolClient (GrpcClientProtocolClient.java:onNext(255)) - client-A18AB92CDBA5->6c928baf-cc3b-4a10-9362-ff4e15dca71d: receive RaftClientReply:client-A18AB92CDBA5->6c928baf-cc3b-4a10-9362-ff4e15dca71d@group-586430B97ADD, cid=3129, SUCCESS, logIndex=4512, commits[6c928baf-cc3b-4a10-9362-ff4e15dca71d:c4513]
2019-08-10 04:38:40,338 INFO  client.GrpcClientProtocolClient (GrpcClientProtocolClient.java:onNext(255)) - client-A18AB92CDBA5->6c928baf-cc3b-4a10-9362-ff4e15dca71d: receive RaftClientReply:client-A18AB92CDBA5->6c928baf-cc3b-4a10-9362-ff4e15dca71d@group-586430B97ADD, cid=3130, SUCCESS, logIndex=4513, commits[6c928baf-cc3b-4a10-9362-ff4e15dca71d:c4515]
2019-08-10 04:38:40,338 INFO  client.GrpcClientProtocolClient (GrpcClientProtocolClient.java:onNext(255)) - client-A18AB92CDBA5->6c928baf-cc3b-4a10-9362-ff4e15dca71d: receive RaftClientReply:client-A18AB92CDBA5->6c928baf-cc3b-4a10-9362-ff4e15dca71d@group-586430B97ADD, cid=3131, SUCCESS, logIndex=4514, commits[6c928baf-cc3b-4a10-9362-ff4e15dca71d:c4516]
2019-08-10 04:38:40,339 INFO  client.GrpcClientProtocolClient (GrpcClientProtocolClient.java:onNext(255)) - client-A18AB92CDBA5->6c928baf-cc3b-4a10-9362-ff4e15dca71d: receive RaftClientReply:client-A18AB92CDBA5->6c928baf-cc3b-4a10-9362-ff4e15dca71d@group-586430B97ADD, cid=3132, SUCCESS, logIndex=4515, commits[6c928baf-cc3b-4a10-9362-ff4e15dca71d:c4517]
2019-08-10 04:38:40,359 INFO  client.GrpcClientProtocolClient (GrpcClientProtocolClient.java:onNext(255)) - client-A18AB92CDBA5->6c928baf-cc3b-4a10-9362-ff4e15dca71d: receive RaftClientReply:client-A18AB92CDBA5->6c928baf-cc3b-4a10-9362-ff4e15dca71d@group-586430B97ADD, cid=3133, SUCCESS, logIndex=4518, commits[6c928baf-cc3b-4a10-9362-ff4e15dca71d:c4519]
2019-08-10 04:38:40,359 INFO  client.GrpcClientProtocolClient (GrpcClientProtocolClient.java:onNext(255)) - client-A18AB92CDBA5->6c928baf-cc3b-4a10-9362-ff4e15dca71d: receive RaftClientReply:client-A18AB92CDBA5->6c928baf-cc3b-4a10-9362-ff4e15dca71d@group-586430B97ADD, cid=3134, SUCCESS, logIndex=4519, commits[6c928baf-cc3b-4a10-9362-ff4e15dca71d:c4519]
2019-08-10 04:38:40,361 INFO  client.GrpcClientProtocolClient (GrpcClientProtocolClient.java:onNext(255)) - client-A18AB92CDBA5->6c928baf-cc3b-4a10-9362-ff4e15dca71d: receive RaftClientReply:client-A18AB92CDBA5->6c928baf-cc3b-4a10-9362-ff4e15dca71d@group-586430B97ADD, cid=3135, SUCCESS, logIndex=4520, commits[6c928baf-cc3b-4a10-9362-ff4e15dca71d:c4521]
2019-08-10 04:38:40,361 INFO  client.GrpcClientProtocolClient (GrpcClientProtocolClient.java:onNext(255)) - client-A18AB92CDBA5->6c928baf-cc3b-4a10-9362-ff4e15dca71d: receive RaftClientReply:client-A18AB92CDBA5->6c928baf-cc3b-4a10-9362-ff4e15dca71d@group-586430B97ADD, cid=3136, SUCCESS, logIndex=4521, commits[6c928baf-cc3b-4a10-9362-ff4e15dca71d:c4521]
2019-08-10 04:38:40,386 DEBUG block.SCMBlockDeletingService (SCMBlockDeletingService.java:call(138)) - Running DeletedBlockTransactionScanner
2019-08-10 04:38:40,386 DEBUG block.SCMBlockDeletingService (SCMBlockDeletingService.java:call(155)) - Scanned deleted blocks log and got 0 delTX to process.
2019-08-10 04:38:40,392 INFO  client.GrpcClientProtocolClient (GrpcClientProtocolClient.java:onNext(255)) - client-A18AB92CDBA5->6c928baf-cc3b-4a10-9362-ff4e15dca71d: receive RaftClientReply:client-A18AB92CDBA5->6c928baf-cc3b-4a10-9362-ff4e15dca71d@group-586430B97ADD, cid=3137, SUCCESS, logIndex=4524, commits[6c928baf-cc3b-4a10-9362-ff4e15dca71d:c4525]
2019-08-10 04:38:40,393 INFO  client.GrpcClientProtocolClient (GrpcClientProtocolClient.java:onNext(255)) - client-A18AB92CDBA5->6c928baf-cc3b-4a10-9362-ff4e15dca71d: receive RaftClientReply:client-A18AB92CDBA5->6c928baf-cc3b-4a10-9362-ff4e15dca71d@group-586430B97ADD, cid=3138, SUCCESS, logIndex=4525, commits[6c928baf-cc3b-4a10-9362-ff4e15dca71d:c4526]
2019-08-10 04:38:40,486 DEBUG block.SCMBlockDeletingService (SCMBlockDeletingService.java:call(138)) - Running DeletedBlockTransactionScanner
2019-08-10 04:38:40,487 DEBUG block.SCMBlockDeletingService (SCMBlockDeletingService.java:call(155)) - Scanned deleted blocks log and got 0 delTX to process.
2019-08-10 04:38:40,496 INFO  client.GrpcClientProtocolClient (GrpcClientProtocolClient.java:onNext(255)) - client-A18AB92CDBA5->6c928baf-cc3b-4a10-9362-ff4e15dca71d: receive RaftClientReply:client-A18AB92CDBA5->6c928baf-cc3b-4a10-9362-ff4e15dca71d@group-586430B97ADD, cid=3139, SUCCESS, logIndex=4527, commits[6c928baf-cc3b-4a10-9362-ff4e15dca71d:c4528]
2019-08-10 04:38:40,497 INFO  client.GrpcClientProtocolClient (GrpcClientProtocolClient.java:onNext(255)) - client-A18AB92CDBA5->6c928baf-cc3b-4a10-9362-ff4e15dca71d: receive RaftClientReply:client-A18AB92CDBA5->6c928baf-cc3b-4a10-9362-ff4e15dca71d@group-586430B97ADD, cid=3140, SUCCESS, logIndex=4528, commits[6c928baf-cc3b-4a10-9362-ff4e15dca71d:c4529]
2019-08-10 04:38:40,516 INFO  client.GrpcClientProtocolClient (GrpcClientProtocolClient.java:onNext(255)) - client-A18AB92CDBA5->6c928baf-cc3b-4a10-9362-ff4e15dca71d: receive RaftClientReply:client-A18AB92CDBA5->6c928baf-cc3b-4a10-9362-ff4e15dca71d@group-586430B97ADD, cid=3141, SUCCESS, logIndex=4530, commits[6c928baf-cc3b-4a10-9362-ff4e15dca71d:c4531]
2019-08-10 04:38:40,516 INFO  client.GrpcClientProtocolClient (GrpcClientProtocolClient.java:onNext(255)) - client-A18AB92CDBA5->6c928baf-cc3b-4a10-9362-ff4e15dca71d: receive RaftClientReply:client-A18AB92CDBA5->6c928baf-cc3b-4a10-9362-ff4e15dca71d@group-586430B97ADD, cid=3142, SUCCESS, logIndex=4531, commits[6c928baf-cc3b-4a10-9362-ff4e15dca71d:c4533]
2019-08-10 04:38:40,517 INFO  client.GrpcClientProtocolClient (GrpcClientProtocolClient.java:onNext(255)) - client-A18AB92CDBA5->6c928baf-cc3b-4a10-9362-ff4e15dca71d: receive RaftClientReply:client-A18AB92CDBA5->6c928baf-cc3b-4a10-9362-ff4e15dca71d@group-586430B97ADD, cid=3143, SUCCESS, logIndex=4532, commits[6c928baf-cc3b-4a10-9362-ff4e15dca71d:c4534]
2019-08-10 04:38:40,517 INFO  client.GrpcClientProtocolClient (GrpcClientProtocolClient.java:onNext(255)) - client-A18AB92CDBA5->6c928baf-cc3b-4a10-9362-ff4e15dca71d: receive RaftClientReply:client-A18AB92CDBA5->6c928baf-cc3b-4a10-9362-ff4e15dca71d@group-586430B97ADD, cid=3144, SUCCESS, logIndex=4533, commits[6c928baf-cc3b-4a10-9362-ff4e15dca71d:c4535]
2019-08-10 04:38:40,549 INFO  client.GrpcClientProtocolClient (GrpcClientProtocolClient.java:onNext(255)) - client-A18AB92CDBA5->6c928baf-cc3b-4a10-9362-ff4e15dca71d: receive RaftClientReply:client-A18AB92CDBA5->6c928baf-cc3b-4a10-9362-ff4e15dca71d@group-586430B97ADD, cid=3145, SUCCESS, logIndex=4536, commits[6c928baf-cc3b-4a10-9362-ff4e15dca71d:c4539]
2019-08-10 04:38:40,549 INFO  client.GrpcClientProtocolClient (GrpcClientProtocolClient.java:onNext(255)) - client-A18AB92CDBA5->6c928baf-cc3b-4a10-9362-ff4e15dca71d: receive RaftClientReply:client-A18AB92CDBA5->6c928baf-cc3b-4a10-9362-ff4e15dca71d@group-586430B97ADD, cid=3146, SUCCESS, logIndex=4537, commits[6c928baf-cc3b-4a10-9362-ff4e15dca71d:c4539]
2019-08-10 04:38:40,550 INFO  client.GrpcClientProtocolClient (GrpcClientProtocolClient.java:onNext(255)) - client-A18AB92CDBA5->6c928baf-cc3b-4a10-9362-ff4e15dca71d: receive RaftClientReply:client-A18AB92CDBA5->6c928baf-cc3b-4a10-9362-ff4e15dca71d@group-586430B97ADD, cid=3147, SUCCESS, logIndex=4538, commits[6c928baf-cc3b-4a10-9362-ff4e15dca71d:c4539]
2019-08-10 04:38:40,550 INFO  client.GrpcClientProtocolClient (GrpcClientProtocolClient.java:onNext(255)) - client-A18AB92CDBA5->6c928baf-cc3b-4a10-9362-ff4e15dca71d: receive RaftClientReply:client-A18AB92CDBA5->6c928baf-cc3b-4a10-9362-ff4e15dca71d@group-586430B97ADD, cid=3148, SUCCESS, logIndex=4539, commits[6c928baf-cc3b-4a10-9362-ff4e15dca71d:c4540]
2019-08-10 04:38:40,568 INFO  client.GrpcClientProtocolClient (GrpcClientProtocolClient.java:onNext(255)) - client-A18AB92CDBA5->6c928baf-cc3b-4a10-9362-ff4e15dca71d: receive RaftClientReply:client-A18AB92CDBA5->6c928baf-cc3b-4a10-9362-ff4e15dca71d@group-586430B97ADD, cid=3149, SUCCESS, logIndex=4541, commits[6c928baf-cc3b-4a10-9362-ff4e15dca71d:c4544]
2019-08-10 04:38:40,569 INFO  client.GrpcClientProtocolClient (GrpcClientProtocolClient.java:onNext(255)) - client-A18AB92CDBA5->6c928baf-cc3b-4a10-9362-ff4e15dca71d: receive RaftClientReply:client-A18AB92CDBA5->6c928baf-cc3b-4a10-9362-ff4e15dca71d@group-586430B97ADD, cid=3150, SUCCESS, logIndex=4542, commits[6c928baf-cc3b-4a10-9362-ff4e15dca71d:c4545]
2019-08-10 04:38:40,569 INFO  client.GrpcClientProtocolClient (GrpcClientProtocolClient.java:onNext(255)) - client-A18AB92CDBA5->6c928baf-cc3b-4a10-9362-ff4e15dca71d: receive RaftClientReply:client-A18AB92CDBA5->6c928baf-cc3b-4a10-9362-ff4e15dca71d@group-586430B97ADD, cid=3151, SUCCESS, logIndex=4543, commits[6c928baf-cc3b-4a10-9362-ff4e15dca71d:c4545]
2019-08-10 04:38:40,569 INFO  client.GrpcClientProtocolClient (GrpcClientProtocolClient.java:onNext(255)) - client-A18AB92CDBA5->6c928baf-cc3b-4a10-9362-ff4e15dca71d: receive RaftClientReply:client-A18AB92CDBA5->6c928baf-cc3b-4a10-9362-ff4e15dca71d@group-586430B97ADD, cid=3152, SUCCESS, logIndex=4544, commits[6c928baf-cc3b-4a10-9362-ff4e15dca71d:c4545]
2019-08-10 04:38:40,587 DEBUG block.SCMBlockDeletingService (SCMBlockDeletingService.java:call(138)) - Running DeletedBlockTransactionScanner
2019-08-10 04:38:40,587 DEBUG block.SCMBlockDeletingService (SCMBlockDeletingService.java:call(155)) - Scanned deleted blocks log and got 0 delTX to process.
2019-08-10 04:38:40,601 INFO  client.GrpcClientProtocolClient (GrpcClientProtocolClient.java:onNext(255)) - client-A18AB92CDBA5->6c928baf-cc3b-4a10-9362-ff4e15dca71d: receive RaftClientReply:client-A18AB92CDBA5->6c928baf-cc3b-4a10-9362-ff4e15dca71d@group-586430B97ADD, cid=3153, SUCCESS, logIndex=4546, commits[6c928baf-cc3b-4a10-9362-ff4e15dca71d:c4549]
2019-08-10 04:38:40,602 INFO  client.GrpcClientProtocolClient (GrpcClientProtocolClient.java:onNext(255)) - client-A18AB92CDBA5->6c928baf-cc3b-4a10-9362-ff4e15dca71d: receive RaftClientReply:client-A18AB92CDBA5->6c928baf-cc3b-4a10-9362-ff4e15dca71d@group-586430B97ADD, cid=3154, SUCCESS, logIndex=4547, commits[6c928baf-cc3b-4a10-9362-ff4e15dca71d:c4550]
2019-08-10 04:38:40,602 INFO  client.GrpcClientProtocolClient (GrpcClientProtocolClient.java:onNext(255)) - client-A18AB92CDBA5->6c928baf-cc3b-4a10-9362-ff4e15dca71d: receive RaftClientReply:client-A18AB92CDBA5->6c928baf-cc3b-4a10-9362-ff4e15dca71d@group-586430B97ADD, cid=3155, SUCCESS, logIndex=4548, commits[6c928baf-cc3b-4a10-9362-ff4e15dca71d:c4550]
2019-08-10 04:38:40,602 INFO  client.GrpcClientProtocolClient (GrpcClientProtocolClient.java:onNext(255)) - client-A18AB92CDBA5->6c928baf-cc3b-4a10-9362-ff4e15dca71d: receive RaftClientReply:client-A18AB92CDBA5->6c928baf-cc3b-4a10-9362-ff4e15dca71d@group-586430B97ADD, cid=3156, SUCCESS, logIndex=4549, commits[6c928baf-cc3b-4a10-9362-ff4e15dca71d:c4550]
2019-08-10 04:38:40,622 INFO  client.GrpcClientProtocolClient (GrpcClientProtocolClient.java:onNext(255)) - client-A18AB92CDBA5->6c928baf-cc3b-4a10-9362-ff4e15dca71d: receive RaftClientReply:client-A18AB92CDBA5->6c928baf-cc3b-4a10-9362-ff4e15dca71d@group-586430B97ADD, cid=3157, SUCCESS, logIndex=4551, commits[6c928baf-cc3b-4a10-9362-ff4e15dca71d:c4552]
2019-08-10 04:38:40,622 INFO  client.GrpcClientProtocolClient (GrpcClientProtocolClient.java:onNext(255)) - client-A18AB92CDBA5->6c928baf-cc3b-4a10-9362-ff4e15dca71d: receive RaftClientReply:client-A18AB92CDBA5->6c928baf-cc3b-4a10-9362-ff4e15dca71d@group-586430B97ADD, cid=3158, SUCCESS, logIndex=4552, commits[6c928baf-cc3b-4a10-9362-ff4e15dca71d:c4554]
2019-08-10 04:38:40,622 INFO  client.GrpcClientProtocolClient (GrpcClientProtocolClient.java:onNext(255)) - client-A18AB92CDBA5->6c928baf-cc3b-4a10-9362-ff4e15dca71d: receive RaftClientReply:client-A18AB92CDBA5->6c928baf-cc3b-4a10-9362-ff4e15dca71d@group-586430B97ADD, cid=3159, SUCCESS, logIndex=4553, commits[6c928baf-cc3b-4a10-9362-ff4e15dca71d:c4554]
2019-08-10 04:38:40,623 INFO  client.GrpcClientProtocolClient (GrpcClientProtocolClient.java:onNext(255)) - client-A18AB92CDBA5->6c928baf-cc3b-4a10-9362-ff4e15dca71d: receive RaftClientReply:client-A18AB92CDBA5->6c928baf-cc3b-4a10-9362-ff4e15dca71d@group-586430B97ADD, cid=3160, SUCCESS, logIndex=4554, commits[6c928baf-cc3b-4a10-9362-ff4e15dca71d:c4555]
2019-08-10 04:38:40,651 INFO  client.GrpcClientProtocolClient (GrpcClientProtocolClient.java:onNext(255)) - client-A18AB92CDBA5->6c928baf-cc3b-4a10-9362-ff4e15dca71d: receive RaftClientReply:client-A18AB92CDBA5->6c928baf-cc3b-4a10-9362-ff4e15dca71d@group-586430B97ADD, cid=3161, SUCCESS, logIndex=4557, commits[6c928baf-cc3b-4a10-9362-ff4e15dca71d:c4560]
2019-08-10 04:38:40,652 INFO  client.GrpcClientProtocolClient (GrpcClientProtocolClient.java:onNext(255)) - client-A18AB92CDBA5->6c928baf-cc3b-4a10-9362-ff4e15dca71d: receive RaftClientReply:client-A18AB92CDBA5->6c928baf-cc3b-4a10-9362-ff4e15dca71d@group-586430B97ADD, cid=3162, SUCCESS, logIndex=4558, commits[6c928baf-cc3b-4a10-9362-ff4e15dca71d:c4561]
2019-08-10 04:38:40,652 INFO  client.GrpcClientProtocolClient (GrpcClientProtocolClient.java:onNext(255)) - client-A18AB92CDBA5->6c928baf-cc3b-4a10-9362-ff4e15dca71d: receive RaftClientReply:client-A18AB92CDBA5->6c928baf-cc3b-4a10-9362-ff4e15dca71d@group-586430B97ADD, cid=3163, SUCCESS, logIndex=4559, commits[6c928baf-cc3b-4a10-9362-ff4e15dca71d:c4561]
2019-08-10 04:38:40,652 INFO  client.GrpcClientProtocolClient (GrpcClientProtocolClient.java:onNext(255)) - client-A18AB92CDBA5->6c928baf-cc3b-4a10-9362-ff4e15dca71d: receive RaftClientReply:client-A18AB92CDBA5->6c928baf-cc3b-4a10-9362-ff4e15dca71d@group-586430B97ADD, cid=3164, SUCCESS, logIndex=4560, commits[6c928baf-cc3b-4a10-9362-ff4e15dca71d:c4561]
2019-08-10 04:38:40,672 INFO  client.GrpcClientProtocolClient (GrpcClientProtocolClient.java:onNext(255)) - client-A18AB92CDBA5->6c928baf-cc3b-4a10-9362-ff4e15dca71d: receive RaftClientReply:client-A18AB92CDBA5->6c928baf-cc3b-4a10-9362-ff4e15dca71d@group-586430B97ADD, cid=3165, SUCCESS, logIndex=4562, commits[6c928baf-cc3b-4a10-9362-ff4e15dca71d:c4563]
2019-08-10 04:38:40,673 INFO  client.GrpcClientProtocolClient (GrpcClientProtocolClient.java:onNext(255)) - client-A18AB92CDBA5->6c928baf-cc3b-4a10-9362-ff4e15dca71d: receive RaftClientReply:client-A18AB92CDBA5->6c928baf-cc3b-4a10-9362-ff4e15dca71d@group-586430B97ADD, cid=3166, SUCCESS, logIndex=4563, commits[6c928baf-cc3b-4a10-9362-ff4e15dca71d:c4565]
2019-08-10 04:38:40,673 INFO  client.GrpcClientProtocolClient (GrpcClientProtocolClient.java:onNext(255)) - client-A18AB92CDBA5->6c928baf-cc3b-4a10-9362-ff4e15dca71d: receive RaftClientReply:client-A18AB92CDBA5->6c928baf-cc3b-4a10-9362-ff4e15dca71d@group-586430B97ADD, cid=3167, SUCCESS, logIndex=4564, commits[6c928baf-cc3b-4a10-9362-ff4e15dca71d:c4566]
2019-08-10 04:38:40,673 INFO  client.GrpcClientProtocolClient (GrpcClientProtocolClient.java:onNext(255)) - client-A18AB92CDBA5->6c928baf-cc3b-4a10-9362-ff4e15dca71d: receive RaftClientReply:client-A18AB92CDBA5->6c928baf-cc3b-4a10-9362-ff4e15dca71d@group-586430B97ADD, cid=3168, SUCCESS, logIndex=4565, commits[6c928baf-cc3b-4a10-9362-ff4e15dca71d:c4566]
2019-08-10 04:38:40,688 DEBUG block.SCMBlockDeletingService (SCMBlockDeletingService.java:call(138)) - Running DeletedBlockTransactionScanner
2019-08-10 04:38:40,688 DEBUG block.SCMBlockDeletingService (SCMBlockDeletingService.java:call(155)) - Scanned deleted blocks log and got 0 delTX to process.
2019-08-10 04:38:40,702 INFO  client.GrpcClientProtocolClient (GrpcClientProtocolClient.java:onNext(255)) - client-A18AB92CDBA5->6c928baf-cc3b-4a10-9362-ff4e15dca71d: receive RaftClientReply:client-A18AB92CDBA5->6c928baf-cc3b-4a10-9362-ff4e15dca71d@group-586430B97ADD, cid=3169, SUCCESS, logIndex=4568, commits[6c928baf-cc3b-4a10-9362-ff4e15dca71d:c4569]
2019-08-10 04:38:40,702 INFO  client.GrpcClientProtocolClient (GrpcClientProtocolClient.java:onNext(255)) - client-A18AB92CDBA5->6c928baf-cc3b-4a10-9362-ff4e15dca71d: receive RaftClientReply:client-A18AB92CDBA5->6c928baf-cc3b-4a10-9362-ff4e15dca71d@group-586430B97ADD, cid=3170, SUCCESS, logIndex=4569, commits[6c928baf-cc3b-4a10-9362-ff4e15dca71d:c4571]
2019-08-10 04:38:40,703 INFO  client.GrpcClientProtocolClient (GrpcClientProtocolClient.java:onNext(255)) - client-A18AB92CDBA5->6c928baf-cc3b-4a10-9362-ff4e15dca71d: receive RaftClientReply:client-A18AB92CDBA5->6c928baf-cc3b-4a10-9362-ff4e15dca71d@group-586430B97ADD, cid=3171, SUCCESS, logIndex=4570, commits[6c928baf-cc3b-4a10-9362-ff4e15dca71d:c4572]
2019-08-10 04:38:40,703 INFO  client.GrpcClientProtocolClient (GrpcClientProtocolClient.java:onNext(255)) - client-A18AB92CDBA5->6c928baf-cc3b-4a10-9362-ff4e15dca71d: receive RaftClientReply:client-A18AB92CDBA5->6c928baf-cc3b-4a10-9362-ff4e15dca71d@group-586430B97ADD, cid=3172, SUCCESS, logIndex=4571, commits[6c928baf-cc3b-4a10-9362-ff4e15dca71d:c4572]
2019-08-10 04:38:40,722 INFO  client.GrpcClientProtocolClient (GrpcClientProtocolClient.java:onNext(255)) - client-A18AB92CDBA5->6c928baf-cc3b-4a10-9362-ff4e15dca71d: receive RaftClientReply:client-A18AB92CDBA5->6c928baf-cc3b-4a10-9362-ff4e15dca71d@group-586430B97ADD, cid=3173, SUCCESS, logIndex=4574, commits[6c928baf-cc3b-4a10-9362-ff4e15dca71d:c4575]
2019-08-10 04:38:40,722 INFO  client.GrpcClientProtocolClient (GrpcClientProtocolClient.java:onNext(255)) - client-A18AB92CDBA5->6c928baf-cc3b-4a10-9362-ff4e15dca71d: receive RaftClientReply:client-A18AB92CDBA5->6c928baf-cc3b-4a10-9362-ff4e15dca71d@group-586430B97ADD, cid=3174, SUCCESS, logIndex=4575, commits[6c928baf-cc3b-4a10-9362-ff4e15dca71d:c4577]
2019-08-10 04:38:40,723 INFO  client.GrpcClientProtocolClient (GrpcClientProtocolClient.java:onNext(255)) - client-A18AB92CDBA5->6c928baf-cc3b-4a10-9362-ff4e15dca71d: receive RaftClientReply:client-A18AB92CDBA5->6c928baf-cc3b-4a10-9362-ff4e15dca71d@group-586430B97ADD, cid=3175, SUCCESS, logIndex=4576, commits[6c928baf-cc3b-4a10-9362-ff4e15dca71d:c4578]
2019-08-10 04:38:40,723 INFO  client.GrpcClientProtocolClient (GrpcClientProtocolClient.java:onNext(255)) - client-A18AB92CDBA5->6c928baf-cc3b-4a10-9362-ff4e15dca71d: receive RaftClientReply:client-A18AB92CDBA5->6c928baf-cc3b-4a10-9362-ff4e15dca71d@group-586430B97ADD, cid=3176, SUCCESS, logIndex=4577, commits[6c928baf-cc3b-4a10-9362-ff4e15dca71d:c4578]
2019-08-10 04:38:40,752 INFO  client.GrpcClientProtocolClient (GrpcClientProtocolClient.java:onNext(255)) - client-A18AB92CDBA5->6c928baf-cc3b-4a10-9362-ff4e15dca71d: receive RaftClientReply:client-A18AB92CDBA5->6c928baf-cc3b-4a10-9362-ff4e15dca71d@group-586430B97ADD, cid=3177, SUCCESS, logIndex=4580, commits[6c928baf-cc3b-4a10-9362-ff4e15dca71d:c4583]
2019-08-10 04:38:40,753 INFO  client.GrpcClientProtocolClient (GrpcClientProtocolClient.java:onNext(255)) - client-A18AB92CDBA5->6c928baf-cc3b-4a10-9362-ff4e15dca71d: receive RaftClientReply:client-A18AB92CDBA5->6c928baf-cc3b-4a10-9362-ff4e15dca71d@group-586430B97ADD, cid=3178, SUCCESS, logIndex=4581, commits[6c928baf-cc3b-4a10-9362-ff4e15dca71d:c4584]
2019-08-10 04:38:40,753 INFO  client.GrpcClientProtocolClient (GrpcClientProtocolClient.java:onNext(255)) - client-A18AB92CDBA5->6c928baf-cc3b-4a10-9362-ff4e15dca71d: receive RaftClientReply:client-A18AB92CDBA5->6c928baf-cc3b-4a10-9362-ff4e15dca71d@group-586430B97ADD, cid=3179, SUCCESS, logIndex=4582, commits[6c928baf-cc3b-4a10-9362-ff4e15dca71d:c4584]
2019-08-10 04:38:40,753 INFO  client.GrpcClientProtocolClient (GrpcClientProtocolClient.java:onNext(255)) - client-A18AB92CDBA5->6c928baf-cc3b-4a10-9362-ff4e15dca71d: receive RaftClientReply:client-A18AB92CDBA5->6c928baf-cc3b-4a10-9362-ff4e15dca71d@group-586430B97ADD, cid=3180, SUCCESS, logIndex=4583, commits[6c928baf-cc3b-4a10-9362-ff4e15dca71d:c4584]
2019-08-10 04:38:40,830 DEBUG block.SCMBlockDeletingService (SCMBlockDeletingService.java:call(138)) - Running DeletedBlockTransactionScanner
2019-08-10 04:38:40,831 DEBUG block.SCMBlockDeletingService (SCMBlockDeletingService.java:call(155)) - Scanned deleted blocks log and got 0 delTX to process.
2019-08-10 04:38:40,848 INFO  client.GrpcClientProtocolClient (GrpcClientProtocolClient.java:onNext(255)) - client-A18AB92CDBA5->6c928baf-cc3b-4a10-9362-ff4e15dca71d: receive RaftClientReply:client-A18AB92CDBA5->6c928baf-cc3b-4a10-9362-ff4e15dca71d@group-586430B97ADD, cid=3181, SUCCESS, logIndex=4585, commits[6c928baf-cc3b-4a10-9362-ff4e15dca71d:c4586]
2019-08-10 04:38:40,849 INFO  client.GrpcClientProtocolClient (GrpcClientProtocolClient.java:onNext(255)) - client-A18AB92CDBA5->6c928baf-cc3b-4a10-9362-ff4e15dca71d: receive RaftClientReply:client-A18AB92CDBA5->6c928baf-cc3b-4a10-9362-ff4e15dca71d@group-586430B97ADD, cid=3182, SUCCESS, logIndex=4586, commits[6c928baf-cc3b-4a10-9362-ff4e15dca71d:c4587]
2019-08-10 04:38:40,931 DEBUG block.SCMBlockDeletingService (SCMBlockDeletingService.java:call(138)) - Running DeletedBlockTransactionScanner
2019-08-10 04:38:40,931 DEBUG block.SCMBlockDeletingService (SCMBlockDeletingService.java:call(155)) - Scanned deleted blocks log and got 0 delTX to process.
2019-08-10 04:38:40,968 INFO  client.GrpcClientProtocolClient (GrpcClientProtocolClient.java:onNext(255)) - client-A18AB92CDBA5->6c928baf-cc3b-4a10-9362-ff4e15dca71d: receive RaftClientReply:client-A18AB92CDBA5->6c928baf-cc3b-4a10-9362-ff4e15dca71d@group-586430B97ADD, cid=3183, SUCCESS, logIndex=4588, commits[6c928baf-cc3b-4a10-9362-ff4e15dca71d:c4589]
2019-08-10 04:38:40,969 INFO  client.GrpcClientProtocolClient (GrpcClientProtocolClient.java:onNext(255)) - client-A18AB92CDBA5->6c928baf-cc3b-4a10-9362-ff4e15dca71d: receive RaftClientReply:client-A18AB92CDBA5->6c928baf-cc3b-4a10-9362-ff4e15dca71d@group-586430B97ADD, cid=3184, SUCCESS, logIndex=4589, commits[6c928baf-cc3b-4a10-9362-ff4e15dca71d:c4590]
2019-08-10 04:38:41,000 INFO  client.GrpcClientProtocolClient (GrpcClientProtocolClient.java:onNext(255)) - client-A18AB92CDBA5->6c928baf-cc3b-4a10-9362-ff4e15dca71d: receive RaftClientReply:client-A18AB92CDBA5->6c928baf-cc3b-4a10-9362-ff4e15dca71d@group-586430B97ADD, cid=3185, SUCCESS, logIndex=4591, commits[6c928baf-cc3b-4a10-9362-ff4e15dca71d:c4594]
2019-08-10 04:38:41,001 INFO  client.GrpcClientProtocolClient (GrpcClientProtocolClient.java:onNext(255)) - client-A18AB92CDBA5->6c928baf-cc3b-4a10-9362-ff4e15dca71d: receive RaftClientReply:client-A18AB92CDBA5->6c928baf-cc3b-4a10-9362-ff4e15dca71d@group-586430B97ADD, cid=3186, SUCCESS, logIndex=4592, commits[6c928baf-cc3b-4a10-9362-ff4e15dca71d:c4594]
2019-08-10 04:38:41,001 INFO  client.GrpcClientProtocolClient (GrpcClientProtocolClient.java:onNext(255)) - client-A18AB92CDBA5->6c928baf-cc3b-4a10-9362-ff4e15dca71d: receive RaftClientReply:client-A18AB92CDBA5->6c928baf-cc3b-4a10-9362-ff4e15dca71d@group-586430B97ADD, cid=3187, SUCCESS, logIndex=4593, commits[6c928baf-cc3b-4a10-9362-ff4e15dca71d:c4595]
2019-08-10 04:38:41,002 INFO  client.GrpcClientProtocolClient (GrpcClientProtocolClient.java:onNext(255)) - client-A18AB92CDBA5->6c928baf-cc3b-4a10-9362-ff4e15dca71d: receive RaftClientReply:client-A18AB92CDBA5->6c928baf-cc3b-4a10-9362-ff4e15dca71d@group-586430B97ADD, cid=3188, SUCCESS, logIndex=4594, commits[6c928baf-cc3b-4a10-9362-ff4e15dca71d:c4595]
2019-08-10 04:38:41,022 INFO  client.GrpcClientProtocolClient (GrpcClientProtocolClient.java:onNext(255)) - client-A18AB92CDBA5->6c928baf-cc3b-4a10-9362-ff4e15dca71d: receive RaftClientReply:client-A18AB92CDBA5->6c928baf-cc3b-4a10-9362-ff4e15dca71d@group-586430B97ADD, cid=3189, SUCCESS, logIndex=4597, commits[6c928baf-cc3b-4a10-9362-ff4e15dca71d:c4600]
2019-08-10 04:38:41,023 INFO  client.GrpcClientProtocolClient (GrpcClientProtocolClient.java:onNext(255)) - client-A18AB92CDBA5->6c928baf-cc3b-4a10-9362-ff4e15dca71d: receive RaftClientReply:client-A18AB92CDBA5->6c928baf-cc3b-4a10-9362-ff4e15dca71d@group-586430B97ADD, cid=3190, SUCCESS, logIndex=4598, commits[6c928baf-cc3b-4a10-9362-ff4e15dca71d:c4601]
2019-08-10 04:38:41,023 INFO  client.GrpcClientProtocolClient (GrpcClientProtocolClient.java:onNext(255)) - client-A18AB92CDBA5->6c928baf-cc3b-4a10-9362-ff4e15dca71d: receive RaftClientReply:client-A18AB92CDBA5->6c928baf-cc3b-4a10-9362-ff4e15dca71d@group-586430B97ADD, cid=3191, SUCCESS, logIndex=4599, commits[6c928baf-cc3b-4a10-9362-ff4e15dca71d:c4601]
2019-08-10 04:38:41,023 INFO  client.GrpcClientProtocolClient (GrpcClientProtocolClient.java:onNext(255)) - client-A18AB92CDBA5->6c928baf-cc3b-4a10-9362-ff4e15dca71d: receive RaftClientReply:client-A18AB92CDBA5->6c928baf-cc3b-4a10-9362-ff4e15dca71d@group-586430B97ADD, cid=3192, SUCCESS, logIndex=4600, commits[6c928baf-cc3b-4a10-9362-ff4e15dca71d:c4602]
2019-08-10 04:38:41,032 DEBUG block.SCMBlockDeletingService (SCMBlockDeletingService.java:call(138)) - Running DeletedBlockTransactionScanner
2019-08-10 04:38:41,032 DEBUG block.SCMBlockDeletingService (SCMBlockDeletingService.java:call(155)) - Scanned deleted blocks log and got 0 delTX to process.
2019-08-10 04:38:41,054 INFO  client.GrpcClientProtocolClient (GrpcClientProtocolClient.java:onNext(255)) - client-A18AB92CDBA5->6c928baf-cc3b-4a10-9362-ff4e15dca71d: receive RaftClientReply:client-A18AB92CDBA5->6c928baf-cc3b-4a10-9362-ff4e15dca71d@group-586430B97ADD, cid=3193, SUCCESS, logIndex=4603, commits[6c928baf-cc3b-4a10-9362-ff4e15dca71d:c4606]
2019-08-10 04:38:41,055 INFO  client.GrpcClientProtocolClient (GrpcClientProtocolClient.java:onNext(255)) - client-A18AB92CDBA5->6c928baf-cc3b-4a10-9362-ff4e15dca71d: receive RaftClientReply:client-A18AB92CDBA5->6c928baf-cc3b-4a10-9362-ff4e15dca71d@group-586430B97ADD, cid=3194, SUCCESS, logIndex=4604, commits[6c928baf-cc3b-4a10-9362-ff4e15dca71d:c4606]
2019-08-10 04:38:41,055 INFO  client.GrpcClientProtocolClient (GrpcClientProtocolClient.java:onNext(255)) - client-A18AB92CDBA5->6c928baf-cc3b-4a10-9362-ff4e15dca71d: receive RaftClientReply:client-A18AB92CDBA5->6c928baf-cc3b-4a10-9362-ff4e15dca71d@group-586430B97ADD, cid=3195, SUCCESS, logIndex=4605, commits[6c928baf-cc3b-4a10-9362-ff4e15dca71d:c4607]
2019-08-10 04:38:41,055 INFO  client.GrpcClientProtocolClient (GrpcClientProtocolClient.java:onNext(255)) - client-A18AB92CDBA5->6c928baf-cc3b-4a10-9362-ff4e15dca71d: receive RaftClientReply:client-A18AB92CDBA5->6c928baf-cc3b-4a10-9362-ff4e15dca71d@group-586430B97ADD, cid=3196, SUCCESS, logIndex=4606, commits[6c928baf-cc3b-4a10-9362-ff4e15dca71d:c4607]
2019-08-10 04:38:41,087 INFO  client.GrpcClientProtocolClient (GrpcClientProtocolClient.java:onNext(255)) - client-A18AB92CDBA5->6c928baf-cc3b-4a10-9362-ff4e15dca71d: receive RaftClientReply:client-A18AB92CDBA5->6c928baf-cc3b-4a10-9362-ff4e15dca71d@group-586430B97ADD, cid=3197, SUCCESS, logIndex=4609, commits[6c928baf-cc3b-4a10-9362-ff4e15dca71d:c4610]
2019-08-10 04:38:41,087 INFO  client.GrpcClientProtocolClient (GrpcClientProtocolClient.java:onNext(255)) - client-A18AB92CDBA5->6c928baf-cc3b-4a10-9362-ff4e15dca71d: receive RaftClientReply:client-A18AB92CDBA5->6c928baf-cc3b-4a10-9362-ff4e15dca71d@group-586430B97ADD, cid=3198, SUCCESS, logIndex=4610, commits[6c928baf-cc3b-4a10-9362-ff4e15dca71d:c4612]
2019-08-10 04:38:41,088 INFO  client.GrpcClientProtocolClient (GrpcClientProtocolClient.java:onNext(255)) - client-A18AB92CDBA5->6c928baf-cc3b-4a10-9362-ff4e15dca71d: receive RaftClientReply:client-A18AB92CDBA5->6c928baf-cc3b-4a10-9362-ff4e15dca71d@group-586430B97ADD, cid=3199, SUCCESS, logIndex=4611, commits[6c928baf-cc3b-4a10-9362-ff4e15dca71d:c4613]
2019-08-10 04:38:41,088 INFO  client.GrpcClientProtocolClient (GrpcClientProtocolClient.java:onNext(255)) - client-A18AB92CDBA5->6c928baf-cc3b-4a10-9362-ff4e15dca71d: receive RaftClientReply:client-A18AB92CDBA5->6c928baf-cc3b-4a10-9362-ff4e15dca71d@group-586430B97ADD, cid=3200, SUCCESS, logIndex=4612, commits[6c928baf-cc3b-4a10-9362-ff4e15dca71d:c4613]
2019-08-10 04:38:41,120 INFO  client.GrpcClientProtocolClient (GrpcClientProtocolClient.java:onNext(255)) - client-A18AB92CDBA5->6c928baf-cc3b-4a10-9362-ff4e15dca71d: receive RaftClientReply:client-A18AB92CDBA5->6c928baf-cc3b-4a10-9362-ff4e15dca71d@group-586430B97ADD, cid=3201, SUCCESS, logIndex=4615, commits[6c928baf-cc3b-4a10-9362-ff4e15dca71d:c4616]
2019-08-10 04:38:41,121 INFO  client.GrpcClientProtocolClient (GrpcClientProtocolClient.java:onNext(255)) - client-A18AB92CDBA5->6c928baf-cc3b-4a10-9362-ff4e15dca71d: receive RaftClientReply:client-A18AB92CDBA5->6c928baf-cc3b-4a10-9362-ff4e15dca71d@group-586430B97ADD, cid=3202, SUCCESS, logIndex=4616, commits[6c928baf-cc3b-4a10-9362-ff4e15dca71d:c4618]
2019-08-10 04:38:41,121 INFO  client.GrpcClientProtocolClient (GrpcClientProtocolClient.java:onNext(255)) - client-A18AB92CDBA5->6c928baf-cc3b-4a10-9362-ff4e15dca71d: receive RaftClientReply:client-A18AB92CDBA5->6c928baf-cc3b-4a10-9362-ff4e15dca71d@group-586430B97ADD, cid=3203, SUCCESS, logIndex=4617, commits[6c928baf-cc3b-4a10-9362-ff4e15dca71d:c4619]
2019-08-10 04:38:41,122 INFO  client.GrpcClientProtocolClient (GrpcClientProtocolClient.java:onNext(255)) - client-A18AB92CDBA5->6c928baf-cc3b-4a10-9362-ff4e15dca71d: receive RaftClientReply:client-A18AB92CDBA5->6c928baf-cc3b-4a10-9362-ff4e15dca71d@group-586430B97ADD, cid=3204, SUCCESS, logIndex=4618, commits[6c928baf-cc3b-4a10-9362-ff4e15dca71d:c4619]
2019-08-10 04:38:41,132 DEBUG block.SCMBlockDeletingService (SCMBlockDeletingService.java:call(138)) - Running DeletedBlockTransactionScanner
2019-08-10 04:38:41,133 DEBUG block.SCMBlockDeletingService (SCMBlockDeletingService.java:call(155)) - Scanned deleted blocks log and got 0 delTX to process.
2019-08-10 04:38:41,142 INFO  client.GrpcClientProtocolClient (GrpcClientProtocolClient.java:onNext(255)) - client-A18AB92CDBA5->6c928baf-cc3b-4a10-9362-ff4e15dca71d: receive RaftClientReply:client-A18AB92CDBA5->6c928baf-cc3b-4a10-9362-ff4e15dca71d@group-586430B97ADD, cid=3205, SUCCESS, logIndex=4621, commits[6c928baf-cc3b-4a10-9362-ff4e15dca71d:c4622]
2019-08-10 04:38:41,143 INFO  client.GrpcClientProtocolClient (GrpcClientProtocolClient.java:onNext(255)) - client-A18AB92CDBA5->6c928baf-cc3b-4a10-9362-ff4e15dca71d: receive RaftClientReply:client-A18AB92CDBA5->6c928baf-cc3b-4a10-9362-ff4e15dca71d@group-586430B97ADD, cid=3206, SUCCESS, logIndex=4622, commits[6c928baf-cc3b-4a10-9362-ff4e15dca71d:c4624]
2019-08-10 04:38:41,143 INFO  client.GrpcClientProtocolClient (GrpcClientProtocolClient.java:onNext(255)) - client-A18AB92CDBA5->6c928baf-cc3b-4a10-9362-ff4e15dca71d: receive RaftClientReply:client-A18AB92CDBA5->6c928baf-cc3b-4a10-9362-ff4e15dca71d@group-586430B97ADD, cid=3207, SUCCESS, logIndex=4623, commits[6c928baf-cc3b-4a10-9362-ff4e15dca71d:c4625]
2019-08-10 04:38:41,143 INFO  client.GrpcClientProtocolClient (GrpcClientProtocolClient.java:onNext(255)) - client-A18AB92CDBA5->6c928baf-cc3b-4a10-9362-ff4e15dca71d: receive RaftClientReply:client-A18AB92CDBA5->6c928baf-cc3b-4a10-9362-ff4e15dca71d@group-586430B97ADD, cid=3208, SUCCESS, logIndex=4624, commits[6c928baf-cc3b-4a10-9362-ff4e15dca71d:c4625]
2019-08-10 04:38:41,175 INFO  client.GrpcClientProtocolClient (GrpcClientProtocolClient.java:onNext(255)) - client-A18AB92CDBA5->6c928baf-cc3b-4a10-9362-ff4e15dca71d: receive RaftClientReply:client-A18AB92CDBA5->6c928baf-cc3b-4a10-9362-ff4e15dca71d@group-586430B97ADD, cid=3209, SUCCESS, logIndex=4627, commits[6c928baf-cc3b-4a10-9362-ff4e15dca71d:c4630]
2019-08-10 04:38:41,176 INFO  client.GrpcClientProtocolClient (GrpcClientProtocolClient.java:onNext(255)) - client-A18AB92CDBA5->6c928baf-cc3b-4a10-9362-ff4e15dca71d: receive RaftClientReply:client-A18AB92CDBA5->6c928baf-cc3b-4a10-9362-ff4e15dca71d@group-586430B97ADD, cid=3210, SUCCESS, logIndex=4628, commits[6c928baf-cc3b-4a10-9362-ff4e15dca71d:c4630]
2019-08-10 04:38:41,176 INFO  client.GrpcClientProtocolClient (GrpcClientProtocolClient.java:onNext(255)) - client-A18AB92CDBA5->6c928baf-cc3b-4a10-9362-ff4e15dca71d: receive RaftClientReply:client-A18AB92CDBA5->6c928baf-cc3b-4a10-9362-ff4e15dca71d@group-586430B97ADD, cid=3211, SUCCESS, logIndex=4629, commits[6c928baf-cc3b-4a10-9362-ff4e15dca71d:c4631]
2019-08-10 04:38:41,176 INFO  client.GrpcClientProtocolClient (GrpcClientProtocolClient.java:onNext(255)) - client-A18AB92CDBA5->6c928baf-cc3b-4a10-9362-ff4e15dca71d: receive RaftClientReply:client-A18AB92CDBA5->6c928baf-cc3b-4a10-9362-ff4e15dca71d@group-586430B97ADD, cid=3212, SUCCESS, logIndex=4630, commits[6c928baf-cc3b-4a10-9362-ff4e15dca71d:c4632]
2019-08-10 04:38:41,197 INFO  client.GrpcClientProtocolClient (GrpcClientProtocolClient.java:onNext(255)) - client-A18AB92CDBA5->6c928baf-cc3b-4a10-9362-ff4e15dca71d: receive RaftClientReply:client-A18AB92CDBA5->6c928baf-cc3b-4a10-9362-ff4e15dca71d@group-586430B97ADD, cid=3213, SUCCESS, logIndex=4633, commits[6c928baf-cc3b-4a10-9362-ff4e15dca71d:c4634]
2019-08-10 04:38:41,197 INFO  client.GrpcClientProtocolClient (GrpcClientProtocolClient.java:onNext(255)) - client-A18AB92CDBA5->6c928baf-cc3b-4a10-9362-ff4e15dca71d: receive RaftClientReply:client-A18AB92CDBA5->6c928baf-cc3b-4a10-9362-ff4e15dca71d@group-586430B97ADD, cid=3214, SUCCESS, logIndex=4634, commits[6c928baf-cc3b-4a10-9362-ff4e15dca71d:c4636]
2019-08-10 04:38:41,198 INFO  client.GrpcClientProtocolClient (GrpcClientProtocolClient.java:onNext(255)) - client-A18AB92CDBA5->6c928baf-cc3b-4a10-9362-ff4e15dca71d: receive RaftClientReply:client-A18AB92CDBA5->6c928baf-cc3b-4a10-9362-ff4e15dca71d@group-586430B97ADD, cid=3215, SUCCESS, logIndex=4635, commits[6c928baf-cc3b-4a10-9362-ff4e15dca71d:c4637]
2019-08-10 04:38:41,198 INFO  client.GrpcClientProtocolClient (GrpcClientProtocolClient.java:onNext(255)) - client-A18AB92CDBA5->6c928baf-cc3b-4a10-9362-ff4e15dca71d: receive RaftClientReply:client-A18AB92CDBA5->6c928baf-cc3b-4a10-9362-ff4e15dca71d@group-586430B97ADD, cid=3216, SUCCESS, logIndex=4636, commits[6c928baf-cc3b-4a10-9362-ff4e15dca71d:c4637]
2019-08-10 04:38:41,227 INFO  client.GrpcClientProtocolClient (GrpcClientProtocolClient.java:onNext(255)) - client-A18AB92CDBA5->6c928baf-cc3b-4a10-9362-ff4e15dca71d: receive RaftClientReply:client-A18AB92CDBA5->6c928baf-cc3b-4a10-9362-ff4e15dca71d@group-586430B97ADD, cid=3217, SUCCESS, logIndex=4639, commits[6c928baf-cc3b-4a10-9362-ff4e15dca71d:c4640]
2019-08-10 04:38:41,228 INFO  client.GrpcClientProtocolClient (GrpcClientProtocolClient.java:onNext(255)) - client-A18AB92CDBA5->6c928baf-cc3b-4a10-9362-ff4e15dca71d: receive RaftClientReply:client-A18AB92CDBA5->6c928baf-cc3b-4a10-9362-ff4e15dca71d@group-586430B97ADD, cid=3218, SUCCESS, logIndex=4640, commits[6c928baf-cc3b-4a10-9362-ff4e15dca71d:c4642]
2019-08-10 04:38:41,228 INFO  client.GrpcClientProtocolClient (GrpcClientProtocolClient.java:onNext(255)) - client-A18AB92CDBA5->6c928baf-cc3b-4a10-9362-ff4e15dca71d: receive RaftClientReply:client-A18AB92CDBA5->6c928baf-cc3b-4a10-9362-ff4e15dca71d@group-586430B97ADD, cid=3219, SUCCESS, logIndex=4641, commits[6c928baf-cc3b-4a10-9362-ff4e15dca71d:c4643]
2019-08-10 04:38:41,228 INFO  client.GrpcClientProtocolClient (GrpcClientProtocolClient.java:onNext(255)) - client-A18AB92CDBA5->6c928baf-cc3b-4a10-9362-ff4e15dca71d: receive RaftClientReply:client-A18AB92CDBA5->6c928baf-cc3b-4a10-9362-ff4e15dca71d@group-586430B97ADD, cid=3220, SUCCESS, logIndex=4642, commits[6c928baf-cc3b-4a10-9362-ff4e15dca71d:c4644]
2019-08-10 04:38:41,233 DEBUG block.SCMBlockDeletingService (SCMBlockDeletingService.java:call(138)) - Running DeletedBlockTransactionScanner
2019-08-10 04:38:41,233 DEBUG block.SCMBlockDeletingService (SCMBlockDeletingService.java:call(155)) - Scanned deleted blocks log and got 0 delTX to process.
2019-08-10 04:38:41,251 INFO  client.GrpcClientProtocolClient (GrpcClientProtocolClient.java:onNext(255)) - client-A18AB92CDBA5->6c928baf-cc3b-4a10-9362-ff4e15dca71d: receive RaftClientReply:client-A18AB92CDBA5->6c928baf-cc3b-4a10-9362-ff4e15dca71d@group-586430B97ADD, cid=3221, SUCCESS, logIndex=4645, commits[6c928baf-cc3b-4a10-9362-ff4e15dca71d:c4646]
2019-08-10 04:38:41,251 INFO  client.GrpcClientProtocolClient (GrpcClientProtocolClient.java:onNext(255)) - client-A18AB92CDBA5->6c928baf-cc3b-4a10-9362-ff4e15dca71d: receive RaftClientReply:client-A18AB92CDBA5->6c928baf-cc3b-4a10-9362-ff4e15dca71d@group-586430B97ADD, cid=3222, SUCCESS, logIndex=4646, commits[6c928baf-cc3b-4a10-9362-ff4e15dca71d:c4646]
2019-08-10 04:38:41,252 INFO  client.GrpcClientProtocolClient (GrpcClientProtocolClient.java:onNext(255)) - client-A18AB92CDBA5->6c928baf-cc3b-4a10-9362-ff4e15dca71d: receive RaftClientReply:client-A18AB92CDBA5->6c928baf-cc3b-4a10-9362-ff4e15dca71d@group-586430B97ADD, cid=3223, SUCCESS, logIndex=4647, commits[6c928baf-cc3b-4a10-9362-ff4e15dca71d:c4648]
2019-08-10 04:38:41,253 INFO  client.GrpcClientProtocolClient (GrpcClientProtocolClient.java:onNext(255)) - client-A18AB92CDBA5->6c928baf-cc3b-4a10-9362-ff4e15dca71d: receive RaftClientReply:client-A18AB92CDBA5->6c928baf-cc3b-4a10-9362-ff4e15dca71d@group-586430B97ADD, cid=3224, SUCCESS, logIndex=4648, commits[6c928baf-cc3b-4a10-9362-ff4e15dca71d:c4648]
2019-08-10 04:38:41,285 INFO  client.GrpcClientProtocolClient (GrpcClientProtocolClient.java:onNext(255)) - client-A18AB92CDBA5->6c928baf-cc3b-4a10-9362-ff4e15dca71d: receive RaftClientReply:client-A18AB92CDBA5->6c928baf-cc3b-4a10-9362-ff4e15dca71d@group-586430B97ADD, cid=3225, SUCCESS, logIndex=4651, commits[6c928baf-cc3b-4a10-9362-ff4e15dca71d:c4653]
2019-08-10 04:38:41,286 INFO  client.GrpcClientProtocolClient (GrpcClientProtocolClient.java:onNext(255)) - client-A18AB92CDBA5->6c928baf-cc3b-4a10-9362-ff4e15dca71d: receive RaftClientReply:client-A18AB92CDBA5->6c928baf-cc3b-4a10-9362-ff4e15dca71d@group-586430B97ADD, cid=3226, SUCCESS, logIndex=4652, commits[6c928baf-cc3b-4a10-9362-ff4e15dca71d:c4653]
2019-08-10 04:38:41,334 DEBUG block.SCMBlockDeletingService (SCMBlockDeletingService.java:call(138)) - Running DeletedBlockTransactionScanner
2019-08-10 04:38:41,334 DEBUG block.SCMBlockDeletingService (SCMBlockDeletingService.java:call(155)) - Scanned deleted blocks log and got 0 delTX to process.
2019-08-10 04:38:41,391 INFO  client.GrpcClientProtocolClient (GrpcClientProtocolClient.java:onNext(255)) - client-A18AB92CDBA5->6c928baf-cc3b-4a10-9362-ff4e15dca71d: receive RaftClientReply:client-A18AB92CDBA5->6c928baf-cc3b-4a10-9362-ff4e15dca71d@group-586430B97ADD, cid=3227, SUCCESS, logIndex=4654, commits[6c928baf-cc3b-4a10-9362-ff4e15dca71d:c4655]
2019-08-10 04:38:41,391 INFO  client.GrpcClientProtocolClient (GrpcClientProtocolClient.java:onNext(255)) - client-A18AB92CDBA5->6c928baf-cc3b-4a10-9362-ff4e15dca71d: receive RaftClientReply:client-A18AB92CDBA5->6c928baf-cc3b-4a10-9362-ff4e15dca71d@group-586430B97ADD, cid=3228, SUCCESS, logIndex=4655, commits[6c928baf-cc3b-4a10-9362-ff4e15dca71d:c4656]
2019-08-10 04:38:41,411 INFO  client.GrpcClientProtocolClient (GrpcClientProtocolClient.java:onNext(255)) - client-A18AB92CDBA5->6c928baf-cc3b-4a10-9362-ff4e15dca71d: receive RaftClientReply:client-A18AB92CDBA5->6c928baf-cc3b-4a10-9362-ff4e15dca71d@group-586430B97ADD, cid=3229, SUCCESS, logIndex=4657, commits[6c928baf-cc3b-4a10-9362-ff4e15dca71d:c4658]
2019-08-10 04:38:41,412 INFO  client.GrpcClientProtocolClient (GrpcClientProtocolClient.java:onNext(255)) - client-A18AB92CDBA5->6c928baf-cc3b-4a10-9362-ff4e15dca71d: receive RaftClientReply:client-A18AB92CDBA5->6c928baf-cc3b-4a10-9362-ff4e15dca71d@group-586430B97ADD, cid=3230, SUCCESS, logIndex=4658, commits[6c928baf-cc3b-4a10-9362-ff4e15dca71d:c4660]
2019-08-10 04:38:41,412 INFO  client.GrpcClientProtocolClient (GrpcClientProtocolClient.java:onNext(255)) - client-A18AB92CDBA5->6c928baf-cc3b-4a10-9362-ff4e15dca71d: receive RaftClientReply:client-A18AB92CDBA5->6c928baf-cc3b-4a10-9362-ff4e15dca71d@group-586430B97ADD, cid=3231, SUCCESS, logIndex=4659, commits[6c928baf-cc3b-4a10-9362-ff4e15dca71d:c4661]
2019-08-10 04:38:41,412 INFO  client.GrpcClientProtocolClient (GrpcClientProtocolClient.java:onNext(255)) - client-A18AB92CDBA5->6c928baf-cc3b-4a10-9362-ff4e15dca71d: receive RaftClientReply:client-A18AB92CDBA5->6c928baf-cc3b-4a10-9362-ff4e15dca71d@group-586430B97ADD, cid=3232, SUCCESS, logIndex=4660, commits[6c928baf-cc3b-4a10-9362-ff4e15dca71d:c4661]
2019-08-10 04:38:41,430 INFO  client.GrpcClientProtocolClient (GrpcClientProtocolClient.java:onNext(255)) - client-A18AB92CDBA5->6c928baf-cc3b-4a10-9362-ff4e15dca71d: receive RaftClientReply:client-A18AB92CDBA5->6c928baf-cc3b-4a10-9362-ff4e15dca71d@group-586430B97ADD, cid=3233, SUCCESS, logIndex=4663, commits[6c928baf-cc3b-4a10-9362-ff4e15dca71d:c4664]
2019-08-10 04:38:41,431 INFO  client.GrpcClientProtocolClient (GrpcClientProtocolClient.java:onNext(255)) - client-A18AB92CDBA5->6c928baf-cc3b-4a10-9362-ff4e15dca71d: receive RaftClientReply:client-A18AB92CDBA5->6c928baf-cc3b-4a10-9362-ff4e15dca71d@group-586430B97ADD, cid=3234, SUCCESS, logIndex=4664, commits[6c928baf-cc3b-4a10-9362-ff4e15dca71d:c4664]
2019-08-10 04:38:41,432 INFO  client.GrpcClientProtocolClient (GrpcClientProtocolClient.java:onNext(255)) - client-A18AB92CDBA5->6c928baf-cc3b-4a10-9362-ff4e15dca71d: receive RaftClientReply:client-A18AB92CDBA5->6c928baf-cc3b-4a10-9362-ff4e15dca71d@group-586430B97ADD, cid=3235, SUCCESS, logIndex=4665, commits[6c928baf-cc3b-4a10-9362-ff4e15dca71d:c4667]
2019-08-10 04:38:41,433 INFO  client.GrpcClientProtocolClient (GrpcClientProtocolClient.java:onNext(255)) - client-A18AB92CDBA5->6c928baf-cc3b-4a10-9362-ff4e15dca71d: receive RaftClientReply:client-A18AB92CDBA5->6c928baf-cc3b-4a10-9362-ff4e15dca71d@group-586430B97ADD, cid=3236, SUCCESS, logIndex=4666, commits[6c928baf-cc3b-4a10-9362-ff4e15dca71d:c4667]
2019-08-10 04:38:41,434 DEBUG block.SCMBlockDeletingService (SCMBlockDeletingService.java:call(138)) - Running DeletedBlockTransactionScanner
2019-08-10 04:38:41,434 DEBUG block.SCMBlockDeletingService (SCMBlockDeletingService.java:call(155)) - Scanned deleted blocks log and got 0 delTX to process.
2019-08-10 04:38:41,442 INFO  client.GrpcClientProtocolClient (GrpcClientProtocolClient.java:onNext(255)) - client-A18AB92CDBA5->6c928baf-cc3b-4a10-9362-ff4e15dca71d: receive RaftClientReply:client-A18AB92CDBA5->6c928baf-cc3b-4a10-9362-ff4e15dca71d@group-586430B97ADD, cid=3237, SUCCESS, logIndex=4668, commits[6c928baf-cc3b-4a10-9362-ff4e15dca71d:c4669]
2019-08-10 04:38:41,442 INFO  client.GrpcClientProtocolClient (GrpcClientProtocolClient.java:onNext(255)) - client-A18AB92CDBA5->6c928baf-cc3b-4a10-9362-ff4e15dca71d: receive RaftClientReply:client-A18AB92CDBA5->6c928baf-cc3b-4a10-9362-ff4e15dca71d@group-586430B97ADD, cid=3238, SUCCESS, logIndex=4669, commits[6c928baf-cc3b-4a10-9362-ff4e15dca71d:c4669]
2019-08-10 04:38:41,444 INFO  client.GrpcClientProtocolClient (GrpcClientProtocolClient.java:onNext(255)) - client-A18AB92CDBA5->6c928baf-cc3b-4a10-9362-ff4e15dca71d: receive RaftClientReply:client-A18AB92CDBA5->6c928baf-cc3b-4a10-9362-ff4e15dca71d@group-586430B97ADD, cid=3239, SUCCESS, logIndex=4670, commits[6c928baf-cc3b-4a10-9362-ff4e15dca71d:c4672]
2019-08-10 04:38:41,445 INFO  client.GrpcClientProtocolClient (GrpcClientProtocolClient.java:onNext(255)) - client-A18AB92CDBA5->6c928baf-cc3b-4a10-9362-ff4e15dca71d: receive RaftClientReply:client-A18AB92CDBA5->6c928baf-cc3b-4a10-9362-ff4e15dca71d@group-586430B97ADD, cid=3240, SUCCESS, logIndex=4671, commits[6c928baf-cc3b-4a10-9362-ff4e15dca71d:c4672]
2019-08-10 04:38:41,464 INFO  client.GrpcClientProtocolClient (GrpcClientProtocolClient.java:onNext(255)) - client-A18AB92CDBA5->6c928baf-cc3b-4a10-9362-ff4e15dca71d: receive RaftClientReply:client-A18AB92CDBA5->6c928baf-cc3b-4a10-9362-ff4e15dca71d@group-586430B97ADD, cid=3241, SUCCESS, logIndex=4673, commits[6c928baf-cc3b-4a10-9362-ff4e15dca71d:c4674]
2019-08-10 04:38:41,465 INFO  client.GrpcClientProtocolClient (GrpcClientProtocolClient.java:onNext(255)) - client-A18AB92CDBA5->6c928baf-cc3b-4a10-9362-ff4e15dca71d: receive RaftClientReply:client-A18AB92CDBA5->6c928baf-cc3b-4a10-9362-ff4e15dca71d@group-586430B97ADD, cid=3242, SUCCESS, logIndex=4674, commits[6c928baf-cc3b-4a10-9362-ff4e15dca71d:c4674]
2019-08-10 04:38:41,466 INFO  client.GrpcClientProtocolClient (GrpcClientProtocolClient.java:onNext(255)) - client-A18AB92CDBA5->6c928baf-cc3b-4a10-9362-ff4e15dca71d: receive RaftClientReply:client-A18AB92CDBA5->6c928baf-cc3b-4a10-9362-ff4e15dca71d@group-586430B97ADD, cid=3243, SUCCESS, logIndex=4675, commits[6c928baf-cc3b-4a10-9362-ff4e15dca71d:c4677]
2019-08-10 04:38:41,466 INFO  client.GrpcClientProtocolClient (GrpcClientProtocolClient.java:onNext(255)) - client-A18AB92CDBA5->6c928baf-cc3b-4a10-9362-ff4e15dca71d: receive RaftClientReply:client-A18AB92CDBA5->6c928baf-cc3b-4a10-9362-ff4e15dca71d@group-586430B97ADD, cid=3244, SUCCESS, logIndex=4676, commits[6c928baf-cc3b-4a10-9362-ff4e15dca71d:c4677]
2019-08-10 04:38:41,484 INFO  client.GrpcClientProtocolClient (GrpcClientProtocolClient.java:onNext(255)) - client-A18AB92CDBA5->6c928baf-cc3b-4a10-9362-ff4e15dca71d: receive RaftClientReply:client-A18AB92CDBA5->6c928baf-cc3b-4a10-9362-ff4e15dca71d@group-586430B97ADD, cid=3245, SUCCESS, logIndex=4678, commits[6c928baf-cc3b-4a10-9362-ff4e15dca71d:c4679]
2019-08-10 04:38:41,484 INFO  client.GrpcClientProtocolClient (GrpcClientProtocolClient.java:onNext(255)) - client-A18AB92CDBA5->6c928baf-cc3b-4a10-9362-ff4e15dca71d: receive RaftClientReply:client-A18AB92CDBA5->6c928baf-cc3b-4a10-9362-ff4e15dca71d@group-586430B97ADD, cid=3246, SUCCESS, logIndex=4679, commits[6c928baf-cc3b-4a10-9362-ff4e15dca71d:c4681]
2019-08-10 04:38:41,484 INFO  client.GrpcClientProtocolClient (GrpcClientProtocolClient.java:onNext(255)) - client-A18AB92CDBA5->6c928baf-cc3b-4a10-9362-ff4e15dca71d: receive RaftClientReply:client-A18AB92CDBA5->6c928baf-cc3b-4a10-9362-ff4e15dca71d@group-586430B97ADD, cid=3247, SUCCESS, logIndex=4680, commits[6c928baf-cc3b-4a10-9362-ff4e15dca71d:c4681]
2019-08-10 04:38:41,485 INFO  client.GrpcClientProtocolClient (GrpcClientProtocolClient.java:onNext(255)) - client-A18AB92CDBA5->6c928baf-cc3b-4a10-9362-ff4e15dca71d: receive RaftClientReply:client-A18AB92CDBA5->6c928baf-cc3b-4a10-9362-ff4e15dca71d@group-586430B97ADD, cid=3248, SUCCESS, logIndex=4681, commits[6c928baf-cc3b-4a10-9362-ff4e15dca71d:c4681]
2019-08-10 04:38:41,511 INFO  client.GrpcClientProtocolClient (GrpcClientProtocolClient.java:onNext(255)) - client-A18AB92CDBA5->6c928baf-cc3b-4a10-9362-ff4e15dca71d: receive RaftClientReply:client-A18AB92CDBA5->6c928baf-cc3b-4a10-9362-ff4e15dca71d@group-586430B97ADD, cid=3249, SUCCESS, logIndex=4684, commits[6c928baf-cc3b-4a10-9362-ff4e15dca71d:c4685]
2019-08-10 04:38:41,512 INFO  client.GrpcClientProtocolClient (GrpcClientProtocolClient.java:onNext(255)) - client-A18AB92CDBA5->6c928baf-cc3b-4a10-9362-ff4e15dca71d: receive RaftClientReply:client-A18AB92CDBA5->6c928baf-cc3b-4a10-9362-ff4e15dca71d@group-586430B97ADD, cid=3250, SUCCESS, logIndex=4685, commits[6c928baf-cc3b-4a10-9362-ff4e15dca71d:c4687]
2019-08-10 04:38:41,512 INFO  client.GrpcClientProtocolClient (GrpcClientProtocolClient.java:onNext(255)) - client-A18AB92CDBA5->6c928baf-cc3b-4a10-9362-ff4e15dca71d: receive RaftClientReply:client-A18AB92CDBA5->6c928baf-cc3b-4a10-9362-ff4e15dca71d@group-586430B97ADD, cid=3251, SUCCESS, logIndex=4686, commits[6c928baf-cc3b-4a10-9362-ff4e15dca71d:c4688]
2019-08-10 04:38:41,512 INFO  client.GrpcClientProtocolClient (GrpcClientProtocolClient.java:onNext(255)) - client-A18AB92CDBA5->6c928baf-cc3b-4a10-9362-ff4e15dca71d: receive RaftClientReply:client-A18AB92CDBA5->6c928baf-cc3b-4a10-9362-ff4e15dca71d@group-586430B97ADD, cid=3252, SUCCESS, logIndex=4687, commits[6c928baf-cc3b-4a10-9362-ff4e15dca71d:c4688]
2019-08-10 04:38:41,523 INFO  client.GrpcClientProtocolClient (GrpcClientProtocolClient.java:onNext(255)) - client-A18AB92CDBA5->6c928baf-cc3b-4a10-9362-ff4e15dca71d: receive RaftClientReply:client-A18AB92CDBA5->6c928baf-cc3b-4a10-9362-ff4e15dca71d@group-586430B97ADD, cid=3253, SUCCESS, logIndex=4690, commits[6c928baf-cc3b-4a10-9362-ff4e15dca71d:c4693]
2019-08-10 04:38:41,523 INFO  client.GrpcClientProtocolClient (GrpcClientProtocolClient.java:onNext(255)) - client-A18AB92CDBA5->6c928baf-cc3b-4a10-9362-ff4e15dca71d: receive RaftClientReply:client-A18AB92CDBA5->6c928baf-cc3b-4a10-9362-ff4e15dca71d@group-586430B97ADD, cid=3254, SUCCESS, logIndex=4691, commits[6c928baf-cc3b-4a10-9362-ff4e15dca71d:c4694]
2019-08-10 04:38:41,523 INFO  client.GrpcClientProtocolClient (GrpcClientProtocolClient.java:onNext(255)) - client-A18AB92CDBA5->6c928baf-cc3b-4a10-9362-ff4e15dca71d: receive RaftClientReply:client-A18AB92CDBA5->6c928baf-cc3b-4a10-9362-ff4e15dca71d@group-586430B97ADD, cid=3255, SUCCESS, logIndex=4692, commits[6c928baf-cc3b-4a10-9362-ff4e15dca71d:c4694]
2019-08-10 04:38:41,524 INFO  client.GrpcClientProtocolClient (GrpcClientProtocolClient.java:onNext(255)) - client-A18AB92CDBA5->6c928baf-cc3b-4a10-9362-ff4e15dca71d: receive RaftClientReply:client-A18AB92CDBA5->6c928baf-cc3b-4a10-9362-ff4e15dca71d@group-586430B97ADD, cid=3256, SUCCESS, logIndex=4693, commits[6c928baf-cc3b-4a10-9362-ff4e15dca71d:c4694]
2019-08-10 04:38:41,535 DEBUG block.SCMBlockDeletingService (SCMBlockDeletingService.java:call(138)) - Running DeletedBlockTransactionScanner
2019-08-10 04:38:41,535 DEBUG block.SCMBlockDeletingService (SCMBlockDeletingService.java:call(155)) - Scanned deleted blocks log and got 0 delTX to process.
2019-08-10 04:38:41,545 INFO  client.GrpcClientProtocolClient (GrpcClientProtocolClient.java:onNext(255)) - client-A18AB92CDBA5->6c928baf-cc3b-4a10-9362-ff4e15dca71d: receive RaftClientReply:client-A18AB92CDBA5->6c928baf-cc3b-4a10-9362-ff4e15dca71d@group-586430B97ADD, cid=3257, SUCCESS, logIndex=4695, commits[6c928baf-cc3b-4a10-9362-ff4e15dca71d:c4698]
2019-08-10 04:38:41,546 INFO  client.GrpcClientProtocolClient (GrpcClientProtocolClient.java:onNext(255)) - client-A18AB92CDBA5->6c928baf-cc3b-4a10-9362-ff4e15dca71d: receive RaftClientReply:client-A18AB92CDBA5->6c928baf-cc3b-4a10-9362-ff4e15dca71d@group-586430B97ADD, cid=3258, SUCCESS, logIndex=4696, commits[6c928baf-cc3b-4a10-9362-ff4e15dca71d:c4699]
2019-08-10 04:38:41,546 INFO  client.GrpcClientProtocolClient (GrpcClientProtocolClient.java:onNext(255)) - client-A18AB92CDBA5->6c928baf-cc3b-4a10-9362-ff4e15dca71d: receive RaftClientReply:client-A18AB92CDBA5->6c928baf-cc3b-4a10-9362-ff4e15dca71d@group-586430B97ADD, cid=3259, SUCCESS, logIndex=4697, commits[6c928baf-cc3b-4a10-9362-ff4e15dca71d:c4699]
2019-08-10 04:38:41,546 INFO  client.GrpcClientProtocolClient (GrpcClientProtocolClient.java:onNext(255)) - client-A18AB92CDBA5->6c928baf-cc3b-4a10-9362-ff4e15dca71d: receive RaftClientReply:client-A18AB92CDBA5->6c928baf-cc3b-4a10-9362-ff4e15dca71d@group-586430B97ADD, cid=3260, SUCCESS, logIndex=4698, commits[6c928baf-cc3b-4a10-9362-ff4e15dca71d:c4699]
2019-08-10 04:38:41,555 INFO  client.GrpcClientProtocolClient (GrpcClientProtocolClient.java:onNext(255)) - client-A18AB92CDBA5->6c928baf-cc3b-4a10-9362-ff4e15dca71d: receive RaftClientReply:client-A18AB92CDBA5->6c928baf-cc3b-4a10-9362-ff4e15dca71d@group-586430B97ADD, cid=3261, SUCCESS, logIndex=4700, commits[6c928baf-cc3b-4a10-9362-ff4e15dca71d:c4701]
2019-08-10 04:38:41,555 INFO  client.GrpcClientProtocolClient (GrpcClientProtocolClient.java:onNext(255)) - client-A18AB92CDBA5->6c928baf-cc3b-4a10-9362-ff4e15dca71d: receive RaftClientReply:client-A18AB92CDBA5->6c928baf-cc3b-4a10-9362-ff4e15dca71d@group-586430B97ADD, cid=3262, SUCCESS, logIndex=4701, commits[6c928baf-cc3b-4a10-9362-ff4e15dca71d:c4701]
2019-08-10 04:38:41,557 INFO  client.GrpcClientProtocolClient (GrpcClientProtocolClient.java:onNext(255)) - client-A18AB92CDBA5->6c928baf-cc3b-4a10-9362-ff4e15dca71d: receive RaftClientReply:client-A18AB92CDBA5->6c928baf-cc3b-4a10-9362-ff4e15dca71d@group-586430B97ADD, cid=3263, SUCCESS, logIndex=4702, commits[6c928baf-cc3b-4a10-9362-ff4e15dca71d:c4704]
2019-08-10 04:38:41,557 INFO  client.GrpcClientProtocolClient (GrpcClientProtocolClient.java:onNext(255)) - client-A18AB92CDBA5->6c928baf-cc3b-4a10-9362-ff4e15dca71d: receive RaftClientReply:client-A18AB92CDBA5->6c928baf-cc3b-4a10-9362-ff4e15dca71d@group-586430B97ADD, cid=3264, SUCCESS, logIndex=4703, commits[6c928baf-cc3b-4a10-9362-ff4e15dca71d:c4704]
2019-08-10 04:38:41,576 INFO  client.GrpcClientProtocolClient (GrpcClientProtocolClient.java:onNext(255)) - client-A18AB92CDBA5->6c928baf-cc3b-4a10-9362-ff4e15dca71d: receive RaftClientReply:client-A18AB92CDBA5->6c928baf-cc3b-4a10-9362-ff4e15dca71d@group-586430B97ADD, cid=3265, SUCCESS, logIndex=4705, commits[6c928baf-cc3b-4a10-9362-ff4e15dca71d:c4706]
2019-08-10 04:38:41,577 INFO  client.GrpcClientProtocolClient (GrpcClientProtocolClient.java:onNext(255)) - client-A18AB92CDBA5->6c928baf-cc3b-4a10-9362-ff4e15dca71d: receive RaftClientReply:client-A18AB92CDBA5->6c928baf-cc3b-4a10-9362-ff4e15dca71d@group-586430B97ADD, cid=3266, SUCCESS, logIndex=4706, commits[6c928baf-cc3b-4a10-9362-ff4e15dca71d:c4706]
2019-08-10 04:38:41,579 INFO  client.GrpcClientProtocolClient (GrpcClientProtocolClient.java:onNext(255)) - client-A18AB92CDBA5->6c928baf-cc3b-4a10-9362-ff4e15dca71d: receive RaftClientReply:client-A18AB92CDBA5->6c928baf-cc3b-4a10-9362-ff4e15dca71d@group-586430B97ADD, cid=3267, SUCCESS, logIndex=4707, commits[6c928baf-cc3b-4a10-9362-ff4e15dca71d:c4709]
2019-08-10 04:38:41,579 INFO  client.GrpcClientProtocolClient (GrpcClientProtocolClient.java:onNext(255)) - client-A18AB92CDBA5->6c928baf-cc3b-4a10-9362-ff4e15dca71d: receive RaftClientReply:client-A18AB92CDBA5->6c928baf-cc3b-4a10-9362-ff4e15dca71d@group-586430B97ADD, cid=3268, SUCCESS, logIndex=4708, commits[6c928baf-cc3b-4a10-9362-ff4e15dca71d:c4709]
2019-08-10 04:38:41,937 DEBUG block.SCMBlockDeletingService (SCMBlockDeletingService.java:call(138)) - Running DeletedBlockTransactionScanner
2019-08-10 04:38:41,938 DEBUG block.SCMBlockDeletingService (SCMBlockDeletingService.java:call(155)) - Scanned deleted blocks log and got 0 delTX to process.
2019-08-10 04:38:41,955 INFO  client.GrpcClientProtocolClient (GrpcClientProtocolClient.java:onNext(255)) - client-A18AB92CDBA5->6c928baf-cc3b-4a10-9362-ff4e15dca71d: receive RaftClientReply:client-A18AB92CDBA5->6c928baf-cc3b-4a10-9362-ff4e15dca71d@group-586430B97ADD, cid=3269, SUCCESS, logIndex=4710, commits[6c928baf-cc3b-4a10-9362-ff4e15dca71d:c4711]
2019-08-10 04:38:41,955 INFO  client.GrpcClientProtocolClient (GrpcClientProtocolClient.java:onNext(255)) - client-A18AB92CDBA5->6c928baf-cc3b-4a10-9362-ff4e15dca71d: receive RaftClientReply:client-A18AB92CDBA5->6c928baf-cc3b-4a10-9362-ff4e15dca71d@group-586430B97ADD, cid=3270, SUCCESS, logIndex=4711, commits[6c928baf-cc3b-4a10-9362-ff4e15dca71d:c4712]
2019-08-10 04:38:42,038 DEBUG block.SCMBlockDeletingService (SCMBlockDeletingService.java:call(138)) - Running DeletedBlockTransactionScanner
2019-08-10 04:38:42,038 DEBUG block.SCMBlockDeletingService (SCMBlockDeletingService.java:call(155)) - Scanned deleted blocks log and got 0 delTX to process.
2019-08-10 04:38:42,067 INFO  client.GrpcClientProtocolClient (GrpcClientProtocolClient.java:onNext(255)) - client-A18AB92CDBA5->6c928baf-cc3b-4a10-9362-ff4e15dca71d: receive RaftClientReply:client-A18AB92CDBA5->6c928baf-cc3b-4a10-9362-ff4e15dca71d@group-586430B97ADD, cid=3271, SUCCESS, logIndex=4713, commits[6c928baf-cc3b-4a10-9362-ff4e15dca71d:c4714]
2019-08-10 04:38:42,068 INFO  client.GrpcClientProtocolClient (GrpcClientProtocolClient.java:onNext(255)) - client-A18AB92CDBA5->6c928baf-cc3b-4a10-9362-ff4e15dca71d: receive RaftClientReply:client-A18AB92CDBA5->6c928baf-cc3b-4a10-9362-ff4e15dca71d@group-586430B97ADD, cid=3272, SUCCESS, logIndex=4714, commits[6c928baf-cc3b-4a10-9362-ff4e15dca71d:c4715]
2019-08-10 04:38:42,098 INFO  client.GrpcClientProtocolClient (GrpcClientProtocolClient.java:onNext(255)) - client-A18AB92CDBA5->6c928baf-cc3b-4a10-9362-ff4e15dca71d: receive RaftClientReply:client-A18AB92CDBA5->6c928baf-cc3b-4a10-9362-ff4e15dca71d@group-586430B97ADD, cid=3273, SUCCESS, logIndex=4716, commits[6c928baf-cc3b-4a10-9362-ff4e15dca71d:c4717]
2019-08-10 04:38:42,098 INFO  client.GrpcClientProtocolClient (GrpcClientProtocolClient.java:onNext(255)) - client-A18AB92CDBA5->6c928baf-cc3b-4a10-9362-ff4e15dca71d: receive RaftClientReply:client-A18AB92CDBA5->6c928baf-cc3b-4a10-9362-ff4e15dca71d@group-586430B97ADD, cid=3274, SUCCESS, logIndex=4717, commits[6c928baf-cc3b-4a10-9362-ff4e15dca71d:c4717]
2019-08-10 04:38:42,100 INFO  client.GrpcClientProtocolClient (GrpcClientProtocolClient.java:onNext(255)) - client-A18AB92CDBA5->6c928baf-cc3b-4a10-9362-ff4e15dca71d: receive RaftClientReply:client-A18AB92CDBA5->6c928baf-cc3b-4a10-9362-ff4e15dca71d@group-586430B97ADD, cid=3275, SUCCESS, logIndex=4718, commits[6c928baf-cc3b-4a10-9362-ff4e15dca71d:c4719]
2019-08-10 04:38:42,100 INFO  client.GrpcClientProtocolClient (GrpcClientProtocolClient.java:onNext(255)) - client-A18AB92CDBA5->6c928baf-cc3b-4a10-9362-ff4e15dca71d: receive RaftClientReply:client-A18AB92CDBA5->6c928baf-cc3b-4a10-9362-ff4e15dca71d@group-586430B97ADD, cid=3276, SUCCESS, logIndex=4719, commits[6c928baf-cc3b-4a10-9362-ff4e15dca71d:c4719]
2019-08-10 04:38:42,112 INFO  client.GrpcClientProtocolClient (GrpcClientProtocolClient.java:onNext(255)) - client-A18AB92CDBA5->6c928baf-cc3b-4a10-9362-ff4e15dca71d: receive RaftClientReply:client-A18AB92CDBA5->6c928baf-cc3b-4a10-9362-ff4e15dca71d@group-586430B97ADD, cid=3277, SUCCESS, logIndex=4722, commits[6c928baf-cc3b-4a10-9362-ff4e15dca71d:c4725]
2019-08-10 04:38:42,112 INFO  client.GrpcClientProtocolClient (GrpcClientProtocolClient.java:onNext(255)) - client-A18AB92CDBA5->6c928baf-cc3b-4a10-9362-ff4e15dca71d: receive RaftClientReply:client-A18AB92CDBA5->6c928baf-cc3b-4a10-9362-ff4e15dca71d@group-586430B97ADD, cid=3278, SUCCESS, logIndex=4723, commits[6c928baf-cc3b-4a10-9362-ff4e15dca71d:c4726]
2019-08-10 04:38:42,113 INFO  client.GrpcClientProtocolClient (GrpcClientProtocolClient.java:onNext(255)) - client-A18AB92CDBA5->6c928baf-cc3b-4a10-9362-ff4e15dca71d: receive RaftClientReply:client-A18AB92CDBA5->6c928baf-cc3b-4a10-9362-ff4e15dca71d@group-586430B97ADD, cid=3279, SUCCESS, logIndex=4724, commits[6c928baf-cc3b-4a10-9362-ff4e15dca71d:c4726]
2019-08-10 04:38:42,113 INFO  client.GrpcClientProtocolClient (GrpcClientProtocolClient.java:onNext(255)) - client-A18AB92CDBA5->6c928baf-cc3b-4a10-9362-ff4e15dca71d: receive RaftClientReply:client-A18AB92CDBA5->6c928baf-cc3b-4a10-9362-ff4e15dca71d@group-586430B97ADD, cid=3280, SUCCESS, logIndex=4725, commits[6c928baf-cc3b-4a10-9362-ff4e15dca71d:c4726]
2019-08-10 04:38:42,139 DEBUG block.SCMBlockDeletingService (SCMBlockDeletingService.java:call(138)) - Running DeletedBlockTransactionScanner
2019-08-10 04:38:42,139 DEBUG block.SCMBlockDeletingService (SCMBlockDeletingService.java:call(155)) - Scanned deleted blocks log and got 0 delTX to process.
2019-08-10 04:38:42,142 INFO  client.GrpcClientProtocolClient (GrpcClientProtocolClient.java:onNext(255)) - client-A18AB92CDBA5->6c928baf-cc3b-4a10-9362-ff4e15dca71d: receive RaftClientReply:client-A18AB92CDBA5->6c928baf-cc3b-4a10-9362-ff4e15dca71d@group-586430B97ADD, cid=3281, SUCCESS, logIndex=4727, commits[6c928baf-cc3b-4a10-9362-ff4e15dca71d:c4730]
2019-08-10 04:38:42,143 INFO  client.GrpcClientProtocolClient (GrpcClientProtocolClient.java:onNext(255)) - client-A18AB92CDBA5->6c928baf-cc3b-4a10-9362-ff4e15dca71d: receive RaftClientReply:client-A18AB92CDBA5->6c928baf-cc3b-4a10-9362-ff4e15dca71d@group-586430B97ADD, cid=3282, SUCCESS, logIndex=4728, commits[6c928baf-cc3b-4a10-9362-ff4e15dca71d:c4730]
2019-08-10 04:38:42,143 INFO  client.GrpcClientProtocolClient (GrpcClientProtocolClient.java:onNext(255)) - client-A18AB92CDBA5->6c928baf-cc3b-4a10-9362-ff4e15dca71d: receive RaftClientReply:client-A18AB92CDBA5->6c928baf-cc3b-4a10-9362-ff4e15dca71d@group-586430B97ADD, cid=3283, SUCCESS, logIndex=4729, commits[6c928baf-cc3b-4a10-9362-ff4e15dca71d:c4731]
2019-08-10 04:38:42,144 INFO  client.GrpcClientProtocolClient (GrpcClientProtocolClient.java:onNext(255)) - client-A18AB92CDBA5->6c928baf-cc3b-4a10-9362-ff4e15dca71d: receive RaftClientReply:client-A18AB92CDBA5->6c928baf-cc3b-4a10-9362-ff4e15dca71d@group-586430B97ADD, cid=3284, SUCCESS, logIndex=4730, commits[6c928baf-cc3b-4a10-9362-ff4e15dca71d:c4731]
2019-08-10 04:38:42,162 INFO  client.GrpcClientProtocolClient (GrpcClientProtocolClient.java:onNext(255)) - client-A18AB92CDBA5->6c928baf-cc3b-4a10-9362-ff4e15dca71d: receive RaftClientReply:client-A18AB92CDBA5->6c928baf-cc3b-4a10-9362-ff4e15dca71d@group-586430B97ADD, cid=3285, SUCCESS, logIndex=4733, commits[6c928baf-cc3b-4a10-9362-ff4e15dca71d:c4734]
2019-08-10 04:38:42,163 INFO  client.GrpcClientProtocolClient (GrpcClientProtocolClient.java:onNext(255)) - client-A18AB92CDBA5->6c928baf-cc3b-4a10-9362-ff4e15dca71d: receive RaftClientReply:client-A18AB92CDBA5->6c928baf-cc3b-4a10-9362-ff4e15dca71d@group-586430B97ADD, cid=3286, SUCCESS, logIndex=4734, commits[6c928baf-cc3b-4a10-9362-ff4e15dca71d:c4736]
2019-08-10 04:38:42,163 INFO  client.GrpcClientProtocolClient (GrpcClientProtocolClient.java:onNext(255)) - client-A18AB92CDBA5->6c928baf-cc3b-4a10-9362-ff4e15dca71d: receive RaftClientReply:client-A18AB92CDBA5->6c928baf-cc3b-4a10-9362-ff4e15dca71d@group-586430B97ADD, cid=3287, SUCCESS, logIndex=4735, commits[6c928baf-cc3b-4a10-9362-ff4e15dca71d:c4736]
2019-08-10 04:38:42,163 INFO  client.GrpcClientProtocolClient (GrpcClientProtocolClient.java:onNext(255)) - client-A18AB92CDBA5->6c928baf-cc3b-4a10-9362-ff4e15dca71d: receive RaftClientReply:client-A18AB92CDBA5->6c928baf-cc3b-4a10-9362-ff4e15dca71d@group-586430B97ADD, cid=3288, SUCCESS, logIndex=4736, commits[6c928baf-cc3b-4a10-9362-ff4e15dca71d:c4737]
2019-08-10 04:38:42,192 INFO  client.GrpcClientProtocolClient (GrpcClientProtocolClient.java:onNext(255)) - client-A18AB92CDBA5->6c928baf-cc3b-4a10-9362-ff4e15dca71d: receive RaftClientReply:client-A18AB92CDBA5->6c928baf-cc3b-4a10-9362-ff4e15dca71d@group-586430B97ADD, cid=3289, SUCCESS, logIndex=4739, commits[6c928baf-cc3b-4a10-9362-ff4e15dca71d:c4740]
2019-08-10 04:38:42,195 INFO  client.GrpcClientProtocolClient (GrpcClientProtocolClient.java:onNext(255)) - client-A18AB92CDBA5->6c928baf-cc3b-4a10-9362-ff4e15dca71d: receive RaftClientReply:client-A18AB92CDBA5->6c928baf-cc3b-4a10-9362-ff4e15dca71d@group-586430B97ADD, cid=3290, SUCCESS, logIndex=4740, commits[6c928baf-cc3b-4a10-9362-ff4e15dca71d:c4740]
2019-08-10 04:38:42,206 INFO  client.GrpcClientProtocolClient (GrpcClientProtocolClient.java:onNext(255)) - client-A18AB92CDBA5->6c928baf-cc3b-4a10-9362-ff4e15dca71d: receive RaftClientReply:client-A18AB92CDBA5->6c928baf-cc3b-4a10-9362-ff4e15dca71d@group-586430B97ADD, cid=3291, SUCCESS, logIndex=4741, commits[6c928baf-cc3b-4a10-9362-ff4e15dca71d:c4743]
2019-08-10 04:38:42,206 INFO  client.GrpcClientProtocolClient (GrpcClientProtocolClient.java:onNext(255)) - client-A18AB92CDBA5->6c928baf-cc3b-4a10-9362-ff4e15dca71d: receive RaftClientReply:client-A18AB92CDBA5->6c928baf-cc3b-4a10-9362-ff4e15dca71d@group-586430B97ADD, cid=3292, SUCCESS, logIndex=4742, commits[6c928baf-cc3b-4a10-9362-ff4e15dca71d:c4743]
2019-08-10 04:38:42,236 INFO  client.GrpcClientProtocolClient (GrpcClientProtocolClient.java:onNext(255)) - client-A18AB92CDBA5->6c928baf-cc3b-4a10-9362-ff4e15dca71d: receive RaftClientReply:client-A18AB92CDBA5->6c928baf-cc3b-4a10-9362-ff4e15dca71d@group-586430B97ADD, cid=3293, SUCCESS, logIndex=4744, commits[6c928baf-cc3b-4a10-9362-ff4e15dca71d:c4745]
2019-08-10 04:38:42,236 INFO  client.GrpcClientProtocolClient (GrpcClientProtocolClient.java:onNext(255)) - client-A18AB92CDBA5->6c928baf-cc3b-4a10-9362-ff4e15dca71d: receive RaftClientReply:client-A18AB92CDBA5->6c928baf-cc3b-4a10-9362-ff4e15dca71d@group-586430B97ADD, cid=3294, SUCCESS, logIndex=4745, commits[6c928baf-cc3b-4a10-9362-ff4e15dca71d:c4747]
2019-08-10 04:38:42,236 INFO  client.GrpcClientProtocolClient (GrpcClientProtocolClient.java:onNext(255)) - client-A18AB92CDBA5->6c928baf-cc3b-4a10-9362-ff4e15dca71d: receive RaftClientReply:client-A18AB92CDBA5->6c928baf-cc3b-4a10-9362-ff4e15dca71d@group-586430B97ADD, cid=3295, SUCCESS, logIndex=4746, commits[6c928baf-cc3b-4a10-9362-ff4e15dca71d:c4748]
2019-08-10 04:38:42,237 INFO  client.GrpcClientProtocolClient (GrpcClientProtocolClient.java:onNext(255)) - client-A18AB92CDBA5->6c928baf-cc3b-4a10-9362-ff4e15dca71d: receive RaftClientReply:client-A18AB92CDBA5->6c928baf-cc3b-4a10-9362-ff4e15dca71d@group-586430B97ADD, cid=3296, SUCCESS, logIndex=4747, commits[6c928baf-cc3b-4a10-9362-ff4e15dca71d:c4748]
2019-08-10 04:38:42,240 DEBUG block.SCMBlockDeletingService (SCMBlockDeletingService.java:call(138)) - Running DeletedBlockTransactionScanner
2019-08-10 04:38:42,240 DEBUG block.SCMBlockDeletingService (SCMBlockDeletingService.java:call(155)) - Scanned deleted blocks log and got 0 delTX to process.
2019-08-10 04:38:42,267 INFO  client.GrpcClientProtocolClient (GrpcClientProtocolClient.java:onNext(255)) - client-A18AB92CDBA5->6c928baf-cc3b-4a10-9362-ff4e15dca71d: receive RaftClientReply:client-A18AB92CDBA5->6c928baf-cc3b-4a10-9362-ff4e15dca71d@group-586430B97ADD, cid=3297, SUCCESS, logIndex=4750, commits[6c928baf-cc3b-4a10-9362-ff4e15dca71d:c4751]
2019-08-10 04:38:42,268 INFO  client.GrpcClientProtocolClient (GrpcClientProtocolClient.java:onNext(255)) - client-A18AB92CDBA5->6c928baf-cc3b-4a10-9362-ff4e15dca71d: receive RaftClientReply:client-A18AB92CDBA5->6c928baf-cc3b-4a10-9362-ff4e15dca71d@group-586430B97ADD, cid=3298, SUCCESS, logIndex=4751, commits[6c928baf-cc3b-4a10-9362-ff4e15dca71d:c4753]
2019-08-10 04:38:42,268 INFO  client.GrpcClientProtocolClient (GrpcClientProtocolClient.java:onNext(255)) - client-A18AB92CDBA5->6c928baf-cc3b-4a10-9362-ff4e15dca71d: receive RaftClientReply:client-A18AB92CDBA5->6c928baf-cc3b-4a10-9362-ff4e15dca71d@group-586430B97ADD, cid=3299, SUCCESS, logIndex=4752, commits[6c928baf-cc3b-4a10-9362-ff4e15dca71d:c4753]
2019-08-10 04:38:42,268 INFO  client.GrpcClientProtocolClient (GrpcClientProtocolClient.java:onNext(255)) - client-A18AB92CDBA5->6c928baf-cc3b-4a10-9362-ff4e15dca71d: receive RaftClientReply:client-A18AB92CDBA5->6c928baf-cc3b-4a10-9362-ff4e15dca71d@group-586430B97ADD, cid=3300, SUCCESS, logIndex=4753, commits[6c928baf-cc3b-4a10-9362-ff4e15dca71d:c4754]
2019-08-10 04:38:42,289 INFO  client.GrpcClientProtocolClient (GrpcClientProtocolClient.java:onNext(255)) - client-A18AB92CDBA5->6c928baf-cc3b-4a10-9362-ff4e15dca71d: receive RaftClientReply:client-A18AB92CDBA5->6c928baf-cc3b-4a10-9362-ff4e15dca71d@group-586430B97ADD, cid=3301, SUCCESS, logIndex=4756, commits[6c928baf-cc3b-4a10-9362-ff4e15dca71d:c4757]
2019-08-10 04:38:42,289 INFO  client.GrpcClientProtocolClient (GrpcClientProtocolClient.java:onNext(255)) - client-A18AB92CDBA5->6c928baf-cc3b-4a10-9362-ff4e15dca71d: receive RaftClientReply:client-A18AB92CDBA5->6c928baf-cc3b-4a10-9362-ff4e15dca71d@group-586430B97ADD, cid=3302, SUCCESS, logIndex=4757, commits[6c928baf-cc3b-4a10-9362-ff4e15dca71d:c4759]
2019-08-10 04:38:42,290 INFO  client.GrpcClientProtocolClient (GrpcClientProtocolClient.java:onNext(255)) - client-A18AB92CDBA5->6c928baf-cc3b-4a10-9362-ff4e15dca71d: receive RaftClientReply:client-A18AB92CDBA5->6c928baf-cc3b-4a10-9362-ff4e15dca71d@group-586430B97ADD, cid=3303, SUCCESS, logIndex=4758, commits[6c928baf-cc3b-4a10-9362-ff4e15dca71d:c4760]
2019-08-10 04:38:42,290 INFO  client.GrpcClientProtocolClient (GrpcClientProtocolClient.java:onNext(255)) - client-A18AB92CDBA5->6c928baf-cc3b-4a10-9362-ff4e15dca71d: receive RaftClientReply:client-A18AB92CDBA5->6c928baf-cc3b-4a10-9362-ff4e15dca71d@group-586430B97ADD, cid=3304, SUCCESS, logIndex=4759, commits[6c928baf-cc3b-4a10-9362-ff4e15dca71d:c4760]
2019-08-10 04:38:42,323 INFO  client.GrpcClientProtocolClient (GrpcClientProtocolClient.java:onNext(255)) - client-A18AB92CDBA5->6c928baf-cc3b-4a10-9362-ff4e15dca71d: receive RaftClientReply:client-A18AB92CDBA5->6c928baf-cc3b-4a10-9362-ff4e15dca71d@group-586430B97ADD, cid=3305, SUCCESS, logIndex=4762, commits[6c928baf-cc3b-4a10-9362-ff4e15dca71d:c4763]
2019-08-10 04:38:42,324 INFO  client.GrpcClientProtocolClient (GrpcClientProtocolClient.java:onNext(255)) - client-A18AB92CDBA5->6c928baf-cc3b-4a10-9362-ff4e15dca71d: receive RaftClientReply:client-A18AB92CDBA5->6c928baf-cc3b-4a10-9362-ff4e15dca71d@group-586430B97ADD, cid=3306, SUCCESS, logIndex=4763, commits[6c928baf-cc3b-4a10-9362-ff4e15dca71d:c4765]
2019-08-10 04:38:42,324 INFO  client.GrpcClientProtocolClient (GrpcClientProtocolClient.java:onNext(255)) - client-A18AB92CDBA5->6c928baf-cc3b-4a10-9362-ff4e15dca71d: receive RaftClientReply:client-A18AB92CDBA5->6c928baf-cc3b-4a10-9362-ff4e15dca71d@group-586430B97ADD, cid=3307, SUCCESS, logIndex=4764, commits[6c928baf-cc3b-4a10-9362-ff4e15dca71d:c4766]
2019-08-10 04:38:42,324 INFO  client.GrpcClientProtocolClient (GrpcClientProtocolClient.java:onNext(255)) - client-A18AB92CDBA5->6c928baf-cc3b-4a10-9362-ff4e15dca71d: receive RaftClientReply:client-A18AB92CDBA5->6c928baf-cc3b-4a10-9362-ff4e15dca71d@group-586430B97ADD, cid=3308, SUCCESS, logIndex=4765, commits[6c928baf-cc3b-4a10-9362-ff4e15dca71d:c4766]
2019-08-10 04:38:42,340 DEBUG block.SCMBlockDeletingService (SCMBlockDeletingService.java:call(138)) - Running DeletedBlockTransactionScanner
2019-08-10 04:38:42,340 DEBUG block.SCMBlockDeletingService (SCMBlockDeletingService.java:call(155)) - Scanned deleted blocks log and got 0 delTX to process.
2019-08-10 04:38:42,344 INFO  client.GrpcClientProtocolClient (GrpcClientProtocolClient.java:onNext(255)) - client-A18AB92CDBA5->6c928baf-cc3b-4a10-9362-ff4e15dca71d: receive RaftClientReply:client-A18AB92CDBA5->6c928baf-cc3b-4a10-9362-ff4e15dca71d@group-586430B97ADD, cid=3309, SUCCESS, logIndex=4768, commits[6c928baf-cc3b-4a10-9362-ff4e15dca71d:c4769]
2019-08-10 04:38:42,345 INFO  client.GrpcClientProtocolClient (GrpcClientProtocolClient.java:onNext(255)) - client-A18AB92CDBA5->6c928baf-cc3b-4a10-9362-ff4e15dca71d: receive RaftClientReply:client-A18AB92CDBA5->6c928baf-cc3b-4a10-9362-ff4e15dca71d@group-586430B97ADD, cid=3310, SUCCESS, logIndex=4769, commits[6c928baf-cc3b-4a10-9362-ff4e15dca71d:c4771]
2019-08-10 04:38:42,345 INFO  client.GrpcClientProtocolClient (GrpcClientProtocolClient.java:onNext(255)) - client-A18AB92CDBA5->6c928baf-cc3b-4a10-9362-ff4e15dca71d: receive RaftClientReply:client-A18AB92CDBA5->6c928baf-cc3b-4a10-9362-ff4e15dca71d@group-586430B97ADD, cid=3311, SUCCESS, logIndex=4770, commits[6c928baf-cc3b-4a10-9362-ff4e15dca71d:c4772]
2019-08-10 04:38:42,345 INFO  client.GrpcClientProtocolClient (GrpcClientProtocolClient.java:onNext(255)) - client-A18AB92CDBA5->6c928baf-cc3b-4a10-9362-ff4e15dca71d: receive RaftClientReply:client-A18AB92CDBA5->6c928baf-cc3b-4a10-9362-ff4e15dca71d@group-586430B97ADD, cid=3312, SUCCESS, logIndex=4771, commits[6c928baf-cc3b-4a10-9362-ff4e15dca71d:c4772]
2019-08-10 04:38:42,376 INFO  client.GrpcClientProtocolClient (GrpcClientProtocolClient.java:onNext(255)) - client-A18AB92CDBA5->6c928baf-cc3b-4a10-9362-ff4e15dca71d: receive RaftClientReply:client-A18AB92CDBA5->6c928baf-cc3b-4a10-9362-ff4e15dca71d@group-586430B97ADD, cid=3313, SUCCESS, logIndex=4774, commits[6c928baf-cc3b-4a10-9362-ff4e15dca71d:c4775]
2019-08-10 04:38:42,377 INFO  client.GrpcClientProtocolClient (GrpcClientProtocolClient.java:onNext(255)) - client-A18AB92CDBA5->6c928baf-cc3b-4a10-9362-ff4e15dca71d: receive RaftClientReply:client-A18AB92CDBA5->6c928baf-cc3b-4a10-9362-ff4e15dca71d@group-586430B97ADD, cid=3314, SUCCESS, logIndex=4775, commits[6c928baf-cc3b-4a10-9362-ff4e15dca71d:c4776]
2019-08-10 04:38:42,441 DEBUG block.SCMBlockDeletingService (SCMBlockDeletingService.java:call(138)) - Running DeletedBlockTransactionScanner
2019-08-10 04:38:42,441 DEBUG block.SCMBlockDeletingService (SCMBlockDeletingService.java:call(155)) - Scanned deleted blocks log and got 0 delTX to process.
2019-08-10 04:38:42,479 INFO  client.GrpcClientProtocolClient (GrpcClientProtocolClient.java:onNext(255)) - client-A18AB92CDBA5->6c928baf-cc3b-4a10-9362-ff4e15dca71d: receive RaftClientReply:client-A18AB92CDBA5->6c928baf-cc3b-4a10-9362-ff4e15dca71d@group-586430B97ADD, cid=3315, SUCCESS, logIndex=4777, commits[6c928baf-cc3b-4a10-9362-ff4e15dca71d:c4778]
2019-08-10 04:38:42,479 INFO  client.GrpcClientProtocolClient (GrpcClientProtocolClient.java:onNext(255)) - client-A18AB92CDBA5->6c928baf-cc3b-4a10-9362-ff4e15dca71d: receive RaftClientReply:client-A18AB92CDBA5->6c928baf-cc3b-4a10-9362-ff4e15dca71d@group-586430B97ADD, cid=3316, SUCCESS, logIndex=4778, commits[6c928baf-cc3b-4a10-9362-ff4e15dca71d:c4779]
2019-08-10 04:38:42,498 INFO  client.GrpcClientProtocolClient (GrpcClientProtocolClient.java:onNext(255)) - client-A18AB92CDBA5->6c928baf-cc3b-4a10-9362-ff4e15dca71d: receive RaftClientReply:client-A18AB92CDBA5->6c928baf-cc3b-4a10-9362-ff4e15dca71d@group-586430B97ADD, cid=3317, SUCCESS, logIndex=4780, commits[6c928baf-cc3b-4a10-9362-ff4e15dca71d:c4781]
2019-08-10 04:38:42,499 INFO  client.GrpcClientProtocolClient (GrpcClientProtocolClient.java:onNext(255)) - client-A18AB92CDBA5->6c928baf-cc3b-4a10-9362-ff4e15dca71d: receive RaftClientReply:client-A18AB92CDBA5->6c928baf-cc3b-4a10-9362-ff4e15dca71d@group-586430B97ADD, cid=3318, SUCCESS, logIndex=4781, commits[6c928baf-cc3b-4a10-9362-ff4e15dca71d:c4783]
2019-08-10 04:38:42,499 INFO  client.GrpcClientProtocolClient (GrpcClientProtocolClient.java:onNext(255)) - client-A18AB92CDBA5->6c928baf-cc3b-4a10-9362-ff4e15dca71d: receive RaftClientReply:client-A18AB92CDBA5->6c928baf-cc3b-4a10-9362-ff4e15dca71d@group-586430B97ADD, cid=3319, SUCCESS, logIndex=4782, commits[6c928baf-cc3b-4a10-9362-ff4e15dca71d:c4784]
2019-08-10 04:38:42,499 INFO  client.GrpcClientProtocolClient (GrpcClientProtocolClient.java:onNext(255)) - client-A18AB92CDBA5->6c928baf-cc3b-4a10-9362-ff4e15dca71d: receive RaftClientReply:client-A18AB92CDBA5->6c928baf-cc3b-4a10-9362-ff4e15dca71d@group-586430B97ADD, cid=3320, SUCCESS, logIndex=4783, commits[6c928baf-cc3b-4a10-9362-ff4e15dca71d:c4785]
2019-08-10 04:38:42,530 INFO  client.GrpcClientProtocolClient (GrpcClientProtocolClient.java:onNext(255)) - client-A18AB92CDBA5->6c928baf-cc3b-4a10-9362-ff4e15dca71d: receive RaftClientReply:client-A18AB92CDBA5->6c928baf-cc3b-4a10-9362-ff4e15dca71d@group-586430B97ADD, cid=3321, SUCCESS, logIndex=4786, commits[6c928baf-cc3b-4a10-9362-ff4e15dca71d:c4787]
2019-08-10 04:38:42,531 INFO  client.GrpcClientProtocolClient (GrpcClientProtocolClient.java:onNext(255)) - client-A18AB92CDBA5->6c928baf-cc3b-4a10-9362-ff4e15dca71d: receive RaftClientReply:client-A18AB92CDBA5->6c928baf-cc3b-4a10-9362-ff4e15dca71d@group-586430B97ADD, cid=3322, SUCCESS, logIndex=4787, commits[6c928baf-cc3b-4a10-9362-ff4e15dca71d:c4787]
2019-08-10 04:38:42,532 INFO  client.GrpcClientProtocolClient (GrpcClientProtocolClient.java:onNext(255)) - client-A18AB92CDBA5->6c928baf-cc3b-4a10-9362-ff4e15dca71d: receive RaftClientReply:client-A18AB92CDBA5->6c928baf-cc3b-4a10-9362-ff4e15dca71d@group-586430B97ADD, cid=3323, SUCCESS, logIndex=4788, commits[6c928baf-cc3b-4a10-9362-ff4e15dca71d:c4789]
2019-08-10 04:38:42,532 INFO  client.GrpcClientProtocolClient (GrpcClientProtocolClient.java:onNext(255)) - client-A18AB92CDBA5->6c928baf-cc3b-4a10-9362-ff4e15dca71d: receive RaftClientReply:client-A18AB92CDBA5->6c928baf-cc3b-4a10-9362-ff4e15dca71d@group-586430B97ADD, cid=3324, SUCCESS, logIndex=4789, commits[6c928baf-cc3b-4a10-9362-ff4e15dca71d:c4789]
2019-08-10 04:38:42,541 DEBUG block.SCMBlockDeletingService (SCMBlockDeletingService.java:call(138)) - Running DeletedBlockTransactionScanner
2019-08-10 04:38:42,542 DEBUG block.SCMBlockDeletingService (SCMBlockDeletingService.java:call(155)) - Scanned deleted blocks log and got 0 delTX to process.
2019-08-10 04:38:42,544 INFO  client.GrpcClientProtocolClient (GrpcClientProtocolClient.java:onNext(255)) - client-A18AB92CDBA5->6c928baf-cc3b-4a10-9362-ff4e15dca71d: receive RaftClientReply:client-A18AB92CDBA5->6c928baf-cc3b-4a10-9362-ff4e15dca71d@group-586430B97ADD, cid=3325, SUCCESS, logIndex=4792, commits[6c928baf-cc3b-4a10-9362-ff4e15dca71d:c4795]
2019-08-10 04:38:42,544 INFO  client.GrpcClientProtocolClient (GrpcClientProtocolClient.java:onNext(255)) - client-A18AB92CDBA5->6c928baf-cc3b-4a10-9362-ff4e15dca71d: receive RaftClientReply:client-A18AB92CDBA5->6c928baf-cc3b-4a10-9362-ff4e15dca71d@group-586430B97ADD, cid=3326, SUCCESS, logIndex=4793, commits[6c928baf-cc3b-4a10-9362-ff4e15dca71d:c4796]
2019-08-10 04:38:42,545 INFO  client.GrpcClientProtocolClient (GrpcClientProtocolClient.java:onNext(255)) - client-A18AB92CDBA5->6c928baf-cc3b-4a10-9362-ff4e15dca71d: receive RaftClientReply:client-A18AB92CDBA5->6c928baf-cc3b-4a10-9362-ff4e15dca71d@group-586430B97ADD, cid=3327, SUCCESS, logIndex=4794, commits[6c928baf-cc3b-4a10-9362-ff4e15dca71d:c4796]
2019-08-10 04:38:42,545 INFO  client.GrpcClientProtocolClient (GrpcClientProtocolClient.java:onNext(255)) - client-A18AB92CDBA5->6c928baf-cc3b-4a10-9362-ff4e15dca71d: receive RaftClientReply:client-A18AB92CDBA5->6c928baf-cc3b-4a10-9362-ff4e15dca71d@group-586430B97ADD, cid=3328, SUCCESS, logIndex=4795, commits[6c928baf-cc3b-4a10-9362-ff4e15dca71d:c4796]
2019-08-10 04:38:42,575 INFO  client.GrpcClientProtocolClient (GrpcClientProtocolClient.java:onNext(255)) - client-A18AB92CDBA5->6c928baf-cc3b-4a10-9362-ff4e15dca71d: receive RaftClientReply:client-A18AB92CDBA5->6c928baf-cc3b-4a10-9362-ff4e15dca71d@group-586430B97ADD, cid=3329, SUCCESS, logIndex=4797, commits[6c928baf-cc3b-4a10-9362-ff4e15dca71d:c4798]
2019-08-10 04:38:42,576 INFO  client.GrpcClientProtocolClient (GrpcClientProtocolClient.java:onNext(255)) - client-A18AB92CDBA5->6c928baf-cc3b-4a10-9362-ff4e15dca71d: receive RaftClientReply:client-A18AB92CDBA5->6c928baf-cc3b-4a10-9362-ff4e15dca71d@group-586430B97ADD, cid=3330, SUCCESS, logIndex=4798, commits[6c928baf-cc3b-4a10-9362-ff4e15dca71d:c4800]
2019-08-10 04:38:42,576 INFO  client.GrpcClientProtocolClient (GrpcClientProtocolClient.java:onNext(255)) - client-A18AB92CDBA5->6c928baf-cc3b-4a10-9362-ff4e15dca71d: receive RaftClientReply:client-A18AB92CDBA5->6c928baf-cc3b-4a10-9362-ff4e15dca71d@group-586430B97ADD, cid=3331, SUCCESS, logIndex=4799, commits[6c928baf-cc3b-4a10-9362-ff4e15dca71d:c4800]
2019-08-10 04:38:42,576 INFO  client.GrpcClientProtocolClient (GrpcClientProtocolClient.java:onNext(255)) - client-A18AB92CDBA5->6c928baf-cc3b-4a10-9362-ff4e15dca71d: receive RaftClientReply:client-A18AB92CDBA5->6c928baf-cc3b-4a10-9362-ff4e15dca71d@group-586430B97ADD, cid=3332, SUCCESS, logIndex=4800, commits[6c928baf-cc3b-4a10-9362-ff4e15dca71d:c4801]
2019-08-10 04:38:42,598 INFO  client.GrpcClientProtocolClient (GrpcClientProtocolClient.java:onNext(255)) - client-A18AB92CDBA5->6c928baf-cc3b-4a10-9362-ff4e15dca71d: receive RaftClientReply:client-A18AB92CDBA5->6c928baf-cc3b-4a10-9362-ff4e15dca71d@group-586430B97ADD, cid=3333, SUCCESS, logIndex=4803, commits[6c928baf-cc3b-4a10-9362-ff4e15dca71d:c4806]
2019-08-10 04:38:42,598 INFO  client.GrpcClientProtocolClient (GrpcClientProtocolClient.java:onNext(255)) - client-A18AB92CDBA5->6c928baf-cc3b-4a10-9362-ff4e15dca71d: receive RaftClientReply:client-A18AB92CDBA5->6c928baf-cc3b-4a10-9362-ff4e15dca71d@group-586430B97ADD, cid=3334, SUCCESS, logIndex=4804, commits[6c928baf-cc3b-4a10-9362-ff4e15dca71d:c4806]
2019-08-10 04:38:42,598 INFO  client.GrpcClientProtocolClient (GrpcClientProtocolClient.java:onNext(255)) - client-A18AB92CDBA5->6c928baf-cc3b-4a10-9362-ff4e15dca71d: receive RaftClientReply:client-A18AB92CDBA5->6c928baf-cc3b-4a10-9362-ff4e15dca71d@group-586430B97ADD, cid=3335, SUCCESS, logIndex=4805, commits[6c928baf-cc3b-4a10-9362-ff4e15dca71d:c4807]
2019-08-10 04:38:42,599 INFO  client.GrpcClientProtocolClient (GrpcClientProtocolClient.java:onNext(255)) - client-A18AB92CDBA5->6c928baf-cc3b-4a10-9362-ff4e15dca71d: receive RaftClientReply:client-A18AB92CDBA5->6c928baf-cc3b-4a10-9362-ff4e15dca71d@group-586430B97ADD, cid=3336, SUCCESS, logIndex=4806, commits[6c928baf-cc3b-4a10-9362-ff4e15dca71d:c4807]
2019-08-10 04:38:42,626 INFO  client.GrpcClientProtocolClient (GrpcClientProtocolClient.java:onNext(255)) - client-A18AB92CDBA5->6c928baf-cc3b-4a10-9362-ff4e15dca71d: receive RaftClientReply:client-A18AB92CDBA5->6c928baf-cc3b-4a10-9362-ff4e15dca71d@group-586430B97ADD, cid=3337, SUCCESS, logIndex=4808, commits[6c928baf-cc3b-4a10-9362-ff4e15dca71d:c4809]
2019-08-10 04:38:42,627 INFO  client.GrpcClientProtocolClient (GrpcClientProtocolClient.java:onNext(255)) - client-A18AB92CDBA5->6c928baf-cc3b-4a10-9362-ff4e15dca71d: receive RaftClientReply:client-A18AB92CDBA5->6c928baf-cc3b-4a10-9362-ff4e15dca71d@group-586430B97ADD, cid=3338, SUCCESS, logIndex=4809, commits[6c928baf-cc3b-4a10-9362-ff4e15dca71d:c4811]
2019-08-10 04:38:42,627 INFO  client.GrpcClientProtocolClient (GrpcClientProtocolClient.java:onNext(255)) - client-A18AB92CDBA5->6c928baf-cc3b-4a10-9362-ff4e15dca71d: receive RaftClientReply:client-A18AB92CDBA5->6c928baf-cc3b-4a10-9362-ff4e15dca71d@group-586430B97ADD, cid=3339, SUCCESS, logIndex=4810, commits[6c928baf-cc3b-4a10-9362-ff4e15dca71d:c4812]
2019-08-10 04:38:42,627 INFO  client.GrpcClientProtocolClient (GrpcClientProtocolClient.java:onNext(255)) - client-A18AB92CDBA5->6c928baf-cc3b-4a10-9362-ff4e15dca71d: receive RaftClientReply:client-A18AB92CDBA5->6c928baf-cc3b-4a10-9362-ff4e15dca71d@group-586430B97ADD, cid=3340, SUCCESS, logIndex=4811, commits[6c928baf-cc3b-4a10-9362-ff4e15dca71d:c4812]
2019-08-10 04:38:42,642 DEBUG block.SCMBlockDeletingService (SCMBlockDeletingService.java:call(138)) - Running DeletedBlockTransactionScanner
2019-08-10 04:38:42,642 DEBUG block.SCMBlockDeletingService (SCMBlockDeletingService.java:call(155)) - Scanned deleted blocks log and got 0 delTX to process.
2019-08-10 04:38:42,646 INFO  client.GrpcClientProtocolClient (GrpcClientProtocolClient.java:onNext(255)) - client-A18AB92CDBA5->6c928baf-cc3b-4a10-9362-ff4e15dca71d: receive RaftClientReply:client-A18AB92CDBA5->6c928baf-cc3b-4a10-9362-ff4e15dca71d@group-586430B97ADD, cid=3341, SUCCESS, logIndex=4814, commits[6c928baf-cc3b-4a10-9362-ff4e15dca71d:c4815]
2019-08-10 04:38:42,646 INFO  client.GrpcClientProtocolClient (GrpcClientProtocolClient.java:onNext(255)) - client-A18AB92CDBA5->6c928baf-cc3b-4a10-9362-ff4e15dca71d: receive RaftClientReply:client-A18AB92CDBA5->6c928baf-cc3b-4a10-9362-ff4e15dca71d@group-586430B97ADD, cid=3342, SUCCESS, logIndex=4815, commits[6c928baf-cc3b-4a10-9362-ff4e15dca71d:c4817]
2019-08-10 04:38:42,647 INFO  client.GrpcClientProtocolClient (GrpcClientProtocolClient.java:onNext(255)) - client-A18AB92CDBA5->6c928baf-cc3b-4a10-9362-ff4e15dca71d: receive RaftClientReply:client-A18AB92CDBA5->6c928baf-cc3b-4a10-9362-ff4e15dca71d@group-586430B97ADD, cid=3343, SUCCESS, logIndex=4816, commits[6c928baf-cc3b-4a10-9362-ff4e15dca71d:c4818]
2019-08-10 04:38:42,647 INFO  client.GrpcClientProtocolClient (GrpcClientProtocolClient.java:onNext(255)) - client-A18AB92CDBA5->6c928baf-cc3b-4a10-9362-ff4e15dca71d: receive RaftClientReply:client-A18AB92CDBA5->6c928baf-cc3b-4a10-9362-ff4e15dca71d@group-586430B97ADD, cid=3344, SUCCESS, logIndex=4817, commits[6c928baf-cc3b-4a10-9362-ff4e15dca71d:c4818]
2019-08-10 04:38:42,675 INFO  client.GrpcClientProtocolClient (GrpcClientProtocolClient.java:onNext(255)) - client-A18AB92CDBA5->6c928baf-cc3b-4a10-9362-ff4e15dca71d: receive RaftClientReply:client-A18AB92CDBA5->6c928baf-cc3b-4a10-9362-ff4e15dca71d@group-586430B97ADD, cid=3345, SUCCESS, logIndex=4820, commits[6c928baf-cc3b-4a10-9362-ff4e15dca71d:c4821]
2019-08-10 04:38:42,675 INFO  client.GrpcClientProtocolClient (GrpcClientProtocolClient.java:onNext(255)) - client-A18AB92CDBA5->6c928baf-cc3b-4a10-9362-ff4e15dca71d: receive RaftClientReply:client-A18AB92CDBA5->6c928baf-cc3b-4a10-9362-ff4e15dca71d@group-586430B97ADD, cid=3346, SUCCESS, logIndex=4821, commits[6c928baf-cc3b-4a10-9362-ff4e15dca71d:c4823]
2019-08-10 04:38:42,675 INFO  client.GrpcClientProtocolClient (GrpcClientProtocolClient.java:onNext(255)) - client-A18AB92CDBA5->6c928baf-cc3b-4a10-9362-ff4e15dca71d: receive RaftClientReply:client-A18AB92CDBA5->6c928baf-cc3b-4a10-9362-ff4e15dca71d@group-586430B97ADD, cid=3347, SUCCESS, logIndex=4822, commits[6c928baf-cc3b-4a10-9362-ff4e15dca71d:c4823]
2019-08-10 04:38:42,676 INFO  client.GrpcClientProtocolClient (GrpcClientProtocolClient.java:onNext(255)) - client-A18AB92CDBA5->6c928baf-cc3b-4a10-9362-ff4e15dca71d: receive RaftClientReply:client-A18AB92CDBA5->6c928baf-cc3b-4a10-9362-ff4e15dca71d@group-586430B97ADD, cid=3348, SUCCESS, logIndex=4823, commits[6c928baf-cc3b-4a10-9362-ff4e15dca71d:c4824]
2019-08-10 04:38:42,694 INFO  client.GrpcClientProtocolClient (GrpcClientProtocolClient.java:onNext(255)) - client-A18AB92CDBA5->6c928baf-cc3b-4a10-9362-ff4e15dca71d: receive RaftClientReply:client-A18AB92CDBA5->6c928baf-cc3b-4a10-9362-ff4e15dca71d@group-586430B97ADD, cid=3349, SUCCESS, logIndex=4826, commits[6c928baf-cc3b-4a10-9362-ff4e15dca71d:c4827]
2019-08-10 04:38:42,694 INFO  client.GrpcClientProtocolClient (GrpcClientProtocolClient.java:onNext(255)) - client-A18AB92CDBA5->6c928baf-cc3b-4a10-9362-ff4e15dca71d: receive RaftClientReply:client-A18AB92CDBA5->6c928baf-cc3b-4a10-9362-ff4e15dca71d@group-586430B97ADD, cid=3350, SUCCESS, logIndex=4827, commits[6c928baf-cc3b-4a10-9362-ff4e15dca71d:c4827]
2019-08-10 04:38:42,697 INFO  client.GrpcClientProtocolClient (GrpcClientProtocolClient.java:onNext(255)) - client-A18AB92CDBA5->6c928baf-cc3b-4a10-9362-ff4e15dca71d: receive RaftClientReply:client-A18AB92CDBA5->6c928baf-cc3b-4a10-9362-ff4e15dca71d@group-586430B97ADD, cid=3351, SUCCESS, logIndex=4828, commits[6c928baf-cc3b-4a10-9362-ff4e15dca71d:c4830]
2019-08-10 04:38:42,697 INFO  client.GrpcClientProtocolClient (GrpcClientProtocolClient.java:onNext(255)) - client-A18AB92CDBA5->6c928baf-cc3b-4a10-9362-ff4e15dca71d: receive RaftClientReply:client-A18AB92CDBA5->6c928baf-cc3b-4a10-9362-ff4e15dca71d@group-586430B97ADD, cid=3352, SUCCESS, logIndex=4829, commits[6c928baf-cc3b-4a10-9362-ff4e15dca71d:c4830]
2019-08-10 04:38:42,726 INFO  client.GrpcClientProtocolClient (GrpcClientProtocolClient.java:onNext(255)) - client-A18AB92CDBA5->6c928baf-cc3b-4a10-9362-ff4e15dca71d: receive RaftClientReply:client-A18AB92CDBA5->6c928baf-cc3b-4a10-9362-ff4e15dca71d@group-586430B97ADD, cid=3353, SUCCESS, logIndex=4831, commits[6c928baf-cc3b-4a10-9362-ff4e15dca71d:c4832]
2019-08-10 04:38:42,726 INFO  client.GrpcClientProtocolClient (GrpcClientProtocolClient.java:onNext(255)) - client-A18AB92CDBA5->6c928baf-cc3b-4a10-9362-ff4e15dca71d: receive RaftClientReply:client-A18AB92CDBA5->6c928baf-cc3b-4a10-9362-ff4e15dca71d@group-586430B97ADD, cid=3354, SUCCESS, logIndex=4832, commits[6c928baf-cc3b-4a10-9362-ff4e15dca71d:c4832]
2019-08-10 04:38:42,727 INFO  client.GrpcClientProtocolClient (GrpcClientProtocolClient.java:onNext(255)) - client-A18AB92CDBA5->6c928baf-cc3b-4a10-9362-ff4e15dca71d: receive RaftClientReply:client-A18AB92CDBA5->6c928baf-cc3b-4a10-9362-ff4e15dca71d@group-586430B97ADD, cid=3355, SUCCESS, logIndex=4833, commits[6c928baf-cc3b-4a10-9362-ff4e15dca71d:c4834]
2019-08-10 04:38:42,727 INFO  client.GrpcClientProtocolClient (GrpcClientProtocolClient.java:onNext(255)) - client-A18AB92CDBA5->6c928baf-cc3b-4a10-9362-ff4e15dca71d: receive RaftClientReply:client-A18AB92CDBA5->6c928baf-cc3b-4a10-9362-ff4e15dca71d@group-586430B97ADD, cid=3356, SUCCESS, logIndex=4834, commits[6c928baf-cc3b-4a10-9362-ff4e15dca71d:c4834]
2019-08-10 04:38:42,785 DEBUG block.SCMBlockDeletingService (SCMBlockDeletingService.java:call(138)) - Running DeletedBlockTransactionScanner
2019-08-10 04:38:42,785 DEBUG block.SCMBlockDeletingService (SCMBlockDeletingService.java:call(155)) - Scanned deleted blocks log and got 0 delTX to process.
2019-08-10 04:38:42,799 INFO  client.GrpcClientProtocolClient (GrpcClientProtocolClient.java:onNext(255)) - client-A18AB92CDBA5->6c928baf-cc3b-4a10-9362-ff4e15dca71d: receive RaftClientReply:client-A18AB92CDBA5->6c928baf-cc3b-4a10-9362-ff4e15dca71d@group-586430B97ADD, cid=3357, SUCCESS, logIndex=4837, commits[6c928baf-cc3b-4a10-9362-ff4e15dca71d:c4838]
2019-08-10 04:38:42,799 INFO  client.GrpcClientProtocolClient (GrpcClientProtocolClient.java:onNext(255)) - client-A18AB92CDBA5->6c928baf-cc3b-4a10-9362-ff4e15dca71d: receive RaftClientReply:client-A18AB92CDBA5->6c928baf-cc3b-4a10-9362-ff4e15dca71d@group-586430B97ADD, cid=3358, SUCCESS, logIndex=4838, commits[6c928baf-cc3b-4a10-9362-ff4e15dca71d:c4839]
2019-08-10 04:38:42,886 DEBUG block.SCMBlockDeletingService (SCMBlockDeletingService.java:call(138)) - Running DeletedBlockTransactionScanner
2019-08-10 04:38:42,886 DEBUG block.SCMBlockDeletingService (SCMBlockDeletingService.java:call(155)) - Scanned deleted blocks log and got 0 delTX to process.
2019-08-10 04:38:42,913 INFO  client.GrpcClientProtocolClient (GrpcClientProtocolClient.java:onNext(255)) - client-A18AB92CDBA5->6c928baf-cc3b-4a10-9362-ff4e15dca71d: receive RaftClientReply:client-A18AB92CDBA5->6c928baf-cc3b-4a10-9362-ff4e15dca71d@group-586430B97ADD, cid=3359, SUCCESS, logIndex=4840, commits[6c928baf-cc3b-4a10-9362-ff4e15dca71d:c4841]
2019-08-10 04:38:42,914 INFO  client.GrpcClientProtocolClient (GrpcClientProtocolClient.java:onNext(255)) - client-A18AB92CDBA5->6c928baf-cc3b-4a10-9362-ff4e15dca71d: receive RaftClientReply:client-A18AB92CDBA5->6c928baf-cc3b-4a10-9362-ff4e15dca71d@group-586430B97ADD, cid=3360, SUCCESS, logIndex=4841, commits[6c928baf-cc3b-4a10-9362-ff4e15dca71d:c4842]
2019-08-10 04:38:42,943 INFO  client.GrpcClientProtocolClient (GrpcClientProtocolClient.java:onNext(255)) - client-A18AB92CDBA5->6c928baf-cc3b-4a10-9362-ff4e15dca71d: receive RaftClientReply:client-A18AB92CDBA5->6c928baf-cc3b-4a10-9362-ff4e15dca71d@group-586430B97ADD, cid=3361, SUCCESS, logIndex=4843, commits[6c928baf-cc3b-4a10-9362-ff4e15dca71d:c4844]
2019-08-10 04:38:42,944 INFO  client.GrpcClientProtocolClient (GrpcClientProtocolClient.java:onNext(255)) - client-A18AB92CDBA5->6c928baf-cc3b-4a10-9362-ff4e15dca71d: receive RaftClientReply:client-A18AB92CDBA5->6c928baf-cc3b-4a10-9362-ff4e15dca71d@group-586430B97ADD, cid=3362, SUCCESS, logIndex=4844, commits[6c928baf-cc3b-4a10-9362-ff4e15dca71d:c4844]
2019-08-10 04:38:42,952 INFO  client.GrpcClientProtocolClient (GrpcClientProtocolClient.java:onNext(255)) - client-A18AB92CDBA5->6c928baf-cc3b-4a10-9362-ff4e15dca71d: receive RaftClientReply:client-A18AB92CDBA5->6c928baf-cc3b-4a10-9362-ff4e15dca71d@group-586430B97ADD, cid=3363, SUCCESS, logIndex=4845, commits[6c928baf-cc3b-4a10-9362-ff4e15dca71d:c4846]
2019-08-10 04:38:42,952 INFO  client.GrpcClientProtocolClient (GrpcClientProtocolClient.java:onNext(255)) - client-A18AB92CDBA5->6c928baf-cc3b-4a10-9362-ff4e15dca71d: receive RaftClientReply:client-A18AB92CDBA5->6c928baf-cc3b-4a10-9362-ff4e15dca71d@group-586430B97ADD, cid=3364, SUCCESS, logIndex=4846, commits[6c928baf-cc3b-4a10-9362-ff4e15dca71d:c4847]
2019-08-10 04:38:42,973 INFO  client.GrpcClientProtocolClient (GrpcClientProtocolClient.java:onNext(255)) - client-A18AB92CDBA5->6c928baf-cc3b-4a10-9362-ff4e15dca71d: receive RaftClientReply:client-A18AB92CDBA5->6c928baf-cc3b-4a10-9362-ff4e15dca71d@group-586430B97ADD, cid=3365, SUCCESS, logIndex=4849, commits[6c928baf-cc3b-4a10-9362-ff4e15dca71d:c4852]
2019-08-10 04:38:42,973 INFO  client.GrpcClientProtocolClient (GrpcClientProtocolClient.java:onNext(255)) - client-A18AB92CDBA5->6c928baf-cc3b-4a10-9362-ff4e15dca71d: receive RaftClientReply:client-A18AB92CDBA5->6c928baf-cc3b-4a10-9362-ff4e15dca71d@group-586430B97ADD, cid=3366, SUCCESS, logIndex=4850, commits[6c928baf-cc3b-4a10-9362-ff4e15dca71d:c4853]
2019-08-10 04:38:42,974 INFO  client.GrpcClientProtocolClient (GrpcClientProtocolClient.java:onNext(255)) - client-A18AB92CDBA5->6c928baf-cc3b-4a10-9362-ff4e15dca71d: receive RaftClientReply:client-A18AB92CDBA5->6c928baf-cc3b-4a10-9362-ff4e15dca71d@group-586430B97ADD, cid=3367, SUCCESS, logIndex=4851, commits[6c928baf-cc3b-4a10-9362-ff4e15dca71d:c4853]
2019-08-10 04:38:42,974 INFO  client.GrpcClientProtocolClient (GrpcClientProtocolClient.java:onNext(255)) - client-A18AB92CDBA5->6c928baf-cc3b-4a10-9362-ff4e15dca71d: receive RaftClientReply:client-A18AB92CDBA5->6c928baf-cc3b-4a10-9362-ff4e15dca71d@group-586430B97ADD, cid=3368, SUCCESS, logIndex=4852, commits[6c928baf-cc3b-4a10-9362-ff4e15dca71d:c4853]
2019-08-10 04:38:42,986 DEBUG block.SCMBlockDeletingService (SCMBlockDeletingService.java:call(138)) - Running DeletedBlockTransactionScanner
2019-08-10 04:38:42,987 DEBUG block.SCMBlockDeletingService (SCMBlockDeletingService.java:call(155)) - Scanned deleted blocks log and got 0 delTX to process.
2019-08-10 04:38:43,004 INFO  client.GrpcClientProtocolClient (GrpcClientProtocolClient.java:onNext(255)) - client-A18AB92CDBA5->6c928baf-cc3b-4a10-9362-ff4e15dca71d: receive RaftClientReply:client-A18AB92CDBA5->6c928baf-cc3b-4a10-9362-ff4e15dca71d@group-586430B97ADD, cid=3369, SUCCESS, logIndex=4854, commits[6c928baf-cc3b-4a10-9362-ff4e15dca71d:c4855]
2019-08-10 04:38:43,004 INFO  client.GrpcClientProtocolClient (GrpcClientProtocolClient.java:onNext(255)) - client-A18AB92CDBA5->6c928baf-cc3b-4a10-9362-ff4e15dca71d: receive RaftClientReply:client-A18AB92CDBA5->6c928baf-cc3b-4a10-9362-ff4e15dca71d@group-586430B97ADD, cid=3370, SUCCESS, logIndex=4855, commits[6c928baf-cc3b-4a10-9362-ff4e15dca71d:c4855]
2019-08-10 04:38:43,005 INFO  client.GrpcClientProtocolClient (GrpcClientProtocolClient.java:onNext(255)) - client-A18AB92CDBA5->6c928baf-cc3b-4a10-9362-ff4e15dca71d: receive RaftClientReply:client-A18AB92CDBA5->6c928baf-cc3b-4a10-9362-ff4e15dca71d@group-586430B97ADD, cid=3371, SUCCESS, logIndex=4856, commits[6c928baf-cc3b-4a10-9362-ff4e15dca71d:c4857]
2019-08-10 04:38:43,005 INFO  client.GrpcClientProtocolClient (GrpcClientProtocolClient.java:onNext(255)) - client-A18AB92CDBA5->6c928baf-cc3b-4a10-9362-ff4e15dca71d: receive RaftClientReply:client-A18AB92CDBA5->6c928baf-cc3b-4a10-9362-ff4e15dca71d@group-586430B97ADD, cid=3372, SUCCESS, logIndex=4857, commits[6c928baf-cc3b-4a10-9362-ff4e15dca71d:c4858]
2019-08-10 04:38:43,024 INFO  client.GrpcClientProtocolClient (GrpcClientProtocolClient.java:onNext(255)) - client-A18AB92CDBA5->6c928baf-cc3b-4a10-9362-ff4e15dca71d: receive RaftClientReply:client-A18AB92CDBA5->6c928baf-cc3b-4a10-9362-ff4e15dca71d@group-586430B97ADD, cid=3373, SUCCESS, logIndex=4860, commits[6c928baf-cc3b-4a10-9362-ff4e15dca71d:c4861]
2019-08-10 04:38:43,024 INFO  client.GrpcClientProtocolClient (GrpcClientProtocolClient.java:onNext(255)) - client-A18AB92CDBA5->6c928baf-cc3b-4a10-9362-ff4e15dca71d: receive RaftClientReply:client-A18AB92CDBA5->6c928baf-cc3b-4a10-9362-ff4e15dca71d@group-586430B97ADD, cid=3374, SUCCESS, logIndex=4861, commits[6c928baf-cc3b-4a10-9362-ff4e15dca71d:c4863]
2019-08-10 04:38:43,024 INFO  client.GrpcClientProtocolClient (GrpcClientProtocolClient.java:onNext(255)) - client-A18AB92CDBA5->6c928baf-cc3b-4a10-9362-ff4e15dca71d: receive RaftClientReply:client-A18AB92CDBA5->6c928baf-cc3b-4a10-9362-ff4e15dca71d@group-586430B97ADD, cid=3375, SUCCESS, logIndex=4862, commits[6c928baf-cc3b-4a10-9362-ff4e15dca71d:c4864]
2019-08-10 04:38:43,025 INFO  client.GrpcClientProtocolClient (GrpcClientProtocolClient.java:onNext(255)) - client-A18AB92CDBA5->6c928baf-cc3b-4a10-9362-ff4e15dca71d: receive RaftClientReply:client-A18AB92CDBA5->6c928baf-cc3b-4a10-9362-ff4e15dca71d@group-586430B97ADD, cid=3376, SUCCESS, logIndex=4863, commits[6c928baf-cc3b-4a10-9362-ff4e15dca71d:c4864]
2019-08-10 04:38:43,057 INFO  client.GrpcClientProtocolClient (GrpcClientProtocolClient.java:onNext(255)) - client-A18AB92CDBA5->6c928baf-cc3b-4a10-9362-ff4e15dca71d: receive RaftClientReply:client-A18AB92CDBA5->6c928baf-cc3b-4a10-9362-ff4e15dca71d@group-586430B97ADD, cid=3377, SUCCESS, logIndex=4866, commits[6c928baf-cc3b-4a10-9362-ff4e15dca71d:c4869]
2019-08-10 04:38:43,058 INFO  client.GrpcClientProtocolClient (GrpcClientProtocolClient.java:onNext(255)) - client-A18AB92CDBA5->6c928baf-cc3b-4a10-9362-ff4e15dca71d: receive RaftClientReply:client-A18AB92CDBA5->6c928baf-cc3b-4a10-9362-ff4e15dca71d@group-586430B97ADD, cid=3378, SUCCESS, logIndex=4867, commits[6c928baf-cc3b-4a10-9362-ff4e15dca71d:c4870]
2019-08-10 04:38:43,058 INFO  client.GrpcClientProtocolClient (GrpcClientProtocolClient.java:onNext(255)) - client-A18AB92CDBA5->6c928baf-cc3b-4a10-9362-ff4e15dca71d: receive RaftClientReply:client-A18AB92CDBA5->6c928baf-cc3b-4a10-9362-ff4e15dca71d@group-586430B97ADD, cid=3379, SUCCESS, logIndex=4868, commits[6c928baf-cc3b-4a10-9362-ff4e15dca71d:c4870]
2019-08-10 04:38:43,058 INFO  client.GrpcClientProtocolClient (GrpcClientProtocolClient.java:onNext(255)) - client-A18AB92CDBA5->6c928baf-cc3b-4a10-9362-ff4e15dca71d: receive RaftClientReply:client-A18AB92CDBA5->6c928baf-cc3b-4a10-9362-ff4e15dca71d@group-586430B97ADD, cid=3380, SUCCESS, logIndex=4869, commits[6c928baf-cc3b-4a10-9362-ff4e15dca71d:c4870]
2019-08-10 04:38:43,076 INFO  client.GrpcClientProtocolClient (GrpcClientProtocolClient.java:onNext(255)) - client-A18AB92CDBA5->6c928baf-cc3b-4a10-9362-ff4e15dca71d: receive RaftClientReply:client-A18AB92CDBA5->6c928baf-cc3b-4a10-9362-ff4e15dca71d@group-586430B97ADD, cid=3381, SUCCESS, logIndex=4871, commits[6c928baf-cc3b-4a10-9362-ff4e15dca71d:c4872]
2019-08-10 04:38:43,076 INFO  client.GrpcClientProtocolClient (GrpcClientProtocolClient.java:onNext(255)) - client-A18AB92CDBA5->6c928baf-cc3b-4a10-9362-ff4e15dca71d: receive RaftClientReply:client-A18AB92CDBA5->6c928baf-cc3b-4a10-9362-ff4e15dca71d@group-586430B97ADD, cid=3382, SUCCESS, logIndex=4872, commits[6c928baf-cc3b-4a10-9362-ff4e15dca71d:c4874]
2019-08-10 04:38:43,076 INFO  client.GrpcClientProtocolClient (GrpcClientProtocolClient.java:onNext(255)) - client-A18AB92CDBA5->6c928baf-cc3b-4a10-9362-ff4e15dca71d: receive RaftClientReply:client-A18AB92CDBA5->6c928baf-cc3b-4a10-9362-ff4e15dca71d@group-586430B97ADD, cid=3383, SUCCESS, logIndex=4873, commits[6c928baf-cc3b-4a10-9362-ff4e15dca71d:c4875]
2019-08-10 04:38:43,077 INFO  client.GrpcClientProtocolClient (GrpcClientProtocolClient.java:onNext(255)) - client-A18AB92CDBA5->6c928baf-cc3b-4a10-9362-ff4e15dca71d: receive RaftClientReply:client-A18AB92CDBA5->6c928baf-cc3b-4a10-9362-ff4e15dca71d@group-586430B97ADD, cid=3384, SUCCESS, logIndex=4874, commits[6c928baf-cc3b-4a10-9362-ff4e15dca71d:c4875]
2019-08-10 04:38:43,087 DEBUG block.SCMBlockDeletingService (SCMBlockDeletingService.java:call(138)) - Running DeletedBlockTransactionScanner
2019-08-10 04:38:43,087 DEBUG block.SCMBlockDeletingService (SCMBlockDeletingService.java:call(155)) - Scanned deleted blocks log and got 0 delTX to process.
2019-08-10 04:38:43,102 INFO  client.GrpcClientProtocolClient (GrpcClientProtocolClient.java:onNext(255)) - client-A18AB92CDBA5->6c928baf-cc3b-4a10-9362-ff4e15dca71d: receive RaftClientReply:client-A18AB92CDBA5->6c928baf-cc3b-4a10-9362-ff4e15dca71d@group-586430B97ADD, cid=3385, SUCCESS, logIndex=4877, commits[6c928baf-cc3b-4a10-9362-ff4e15dca71d:c4878]
2019-08-10 04:38:43,102 INFO  client.GrpcClientProtocolClient (GrpcClientProtocolClient.java:onNext(255)) - client-A18AB92CDBA5->6c928baf-cc3b-4a10-9362-ff4e15dca71d: receive RaftClientReply:client-A18AB92CDBA5->6c928baf-cc3b-4a10-9362-ff4e15dca71d@group-586430B97ADD, cid=3386, SUCCESS, logIndex=4878, commits[6c928baf-cc3b-4a10-9362-ff4e15dca71d:c4880]
2019-08-10 04:38:43,103 INFO  client.GrpcClientProtocolClient (GrpcClientProtocolClient.java:onNext(255)) - client-A18AB92CDBA5->6c928baf-cc3b-4a10-9362-ff4e15dca71d: receive RaftClientReply:client-A18AB92CDBA5->6c928baf-cc3b-4a10-9362-ff4e15dca71d@group-586430B97ADD, cid=3387, SUCCESS, logIndex=4879, commits[6c928baf-cc3b-4a10-9362-ff4e15dca71d:c4881]
2019-08-10 04:38:43,103 INFO  client.GrpcClientProtocolClient (GrpcClientProtocolClient.java:onNext(255)) - client-A18AB92CDBA5->6c928baf-cc3b-4a10-9362-ff4e15dca71d: receive RaftClientReply:client-A18AB92CDBA5->6c928baf-cc3b-4a10-9362-ff4e15dca71d@group-586430B97ADD, cid=3388, SUCCESS, logIndex=4880, commits[6c928baf-cc3b-4a10-9362-ff4e15dca71d:c4881]
2019-08-10 04:38:43,121 INFO  client.GrpcClientProtocolClient (GrpcClientProtocolClient.java:onNext(255)) - client-A18AB92CDBA5->6c928baf-cc3b-4a10-9362-ff4e15dca71d: receive RaftClientReply:client-A18AB92CDBA5->6c928baf-cc3b-4a10-9362-ff4e15dca71d@group-586430B97ADD, cid=3389, SUCCESS, logIndex=4883, commits[6c928baf-cc3b-4a10-9362-ff4e15dca71d:c4884]
2019-08-10 04:38:43,122 INFO  client.GrpcClientProtocolClient (GrpcClientProtocolClient.java:onNext(255)) - client-A18AB92CDBA5->6c928baf-cc3b-4a10-9362-ff4e15dca71d: receive RaftClientReply:client-A18AB92CDBA5->6c928baf-cc3b-4a10-9362-ff4e15dca71d@group-586430B97ADD, cid=3390, SUCCESS, logIndex=4884, commits[6c928baf-cc3b-4a10-9362-ff4e15dca71d:c4886]
2019-08-10 04:38:43,122 INFO  client.GrpcClientProtocolClient (GrpcClientProtocolClient.java:onNext(255)) - client-A18AB92CDBA5->6c928baf-cc3b-4a10-9362-ff4e15dca71d: receive RaftClientReply:client-A18AB92CDBA5->6c928baf-cc3b-4a10-9362-ff4e15dca71d@group-586430B97ADD, cid=3391, SUCCESS, logIndex=4885, commits[6c928baf-cc3b-4a10-9362-ff4e15dca71d:c4887]
2019-08-10 04:38:43,122 INFO  client.GrpcClientProtocolClient (GrpcClientProtocolClient.java:onNext(255)) - client-A18AB92CDBA5->6c928baf-cc3b-4a10-9362-ff4e15dca71d: receive RaftClientReply:client-A18AB92CDBA5->6c928baf-cc3b-4a10-9362-ff4e15dca71d@group-586430B97ADD, cid=3392, SUCCESS, logIndex=4886, commits[6c928baf-cc3b-4a10-9362-ff4e15dca71d:c4887]
2019-08-10 04:38:43,151 INFO  client.GrpcClientProtocolClient (GrpcClientProtocolClient.java:onNext(255)) - client-A18AB92CDBA5->6c928baf-cc3b-4a10-9362-ff4e15dca71d: receive RaftClientReply:client-A18AB92CDBA5->6c928baf-cc3b-4a10-9362-ff4e15dca71d@group-586430B97ADD, cid=3393, SUCCESS, logIndex=4889, commits[6c928baf-cc3b-4a10-9362-ff4e15dca71d:c4890]
2019-08-10 04:38:43,151 INFO  client.GrpcClientProtocolClient (GrpcClientProtocolClient.java:onNext(255)) - client-A18AB92CDBA5->6c928baf-cc3b-4a10-9362-ff4e15dca71d: receive RaftClientReply:client-A18AB92CDBA5->6c928baf-cc3b-4a10-9362-ff4e15dca71d@group-586430B97ADD, cid=3394, SUCCESS, logIndex=4890, commits[6c928baf-cc3b-4a10-9362-ff4e15dca71d:c4892]
2019-08-10 04:38:43,152 INFO  client.GrpcClientProtocolClient (GrpcClientProtocolClient.java:onNext(255)) - client-A18AB92CDBA5->6c928baf-cc3b-4a10-9362-ff4e15dca71d: receive RaftClientReply:client-A18AB92CDBA5->6c928baf-cc3b-4a10-9362-ff4e15dca71d@group-586430B97ADD, cid=3395, SUCCESS, logIndex=4891, commits[6c928baf-cc3b-4a10-9362-ff4e15dca71d:c4893]
2019-08-10 04:38:43,152 INFO  client.GrpcClientProtocolClient (GrpcClientProtocolClient.java:onNext(255)) - client-A18AB92CDBA5->6c928baf-cc3b-4a10-9362-ff4e15dca71d: receive RaftClientReply:client-A18AB92CDBA5->6c928baf-cc3b-4a10-9362-ff4e15dca71d@group-586430B97ADD, cid=3396, SUCCESS, logIndex=4892, commits[6c928baf-cc3b-4a10-9362-ff4e15dca71d:c4894]
2019-08-10 04:38:43,161 INFO  client.GrpcClientProtocolClient (GrpcClientProtocolClient.java:onNext(255)) - client-A18AB92CDBA5->6c928baf-cc3b-4a10-9362-ff4e15dca71d: receive RaftClientReply:client-A18AB92CDBA5->6c928baf-cc3b-4a10-9362-ff4e15dca71d@group-586430B97ADD, cid=3397, SUCCESS, logIndex=4895, commits[6c928baf-cc3b-4a10-9362-ff4e15dca71d:c4896]
2019-08-10 04:38:43,162 INFO  client.GrpcClientProtocolClient (GrpcClientProtocolClient.java:onNext(255)) - client-A18AB92CDBA5->6c928baf-cc3b-4a10-9362-ff4e15dca71d: receive RaftClientReply:client-A18AB92CDBA5->6c928baf-cc3b-4a10-9362-ff4e15dca71d@group-586430B97ADD, cid=3398, SUCCESS, logIndex=4896, commits[6c928baf-cc3b-4a10-9362-ff4e15dca71d:c4896]
2019-08-10 04:38:43,172 INFO  client.GrpcClientProtocolClient (GrpcClientProtocolClient.java:onNext(255)) - client-A18AB92CDBA5->6c928baf-cc3b-4a10-9362-ff4e15dca71d: receive RaftClientReply:client-A18AB92CDBA5->6c928baf-cc3b-4a10-9362-ff4e15dca71d@group-586430B97ADD, cid=3399, SUCCESS, logIndex=4897, commits[6c928baf-cc3b-4a10-9362-ff4e15dca71d:c4899]
2019-08-10 04:38:43,172 INFO  client.GrpcClientProtocolClient (GrpcClientProtocolClient.java:onNext(255)) - client-A18AB92CDBA5->6c928baf-cc3b-4a10-9362-ff4e15dca71d: receive RaftClientReply:client-A18AB92CDBA5->6c928baf-cc3b-4a10-9362-ff4e15dca71d@group-586430B97ADD, cid=3400, SUCCESS, logIndex=4898, commits[6c928baf-cc3b-4a10-9362-ff4e15dca71d:c4899]
2019-08-10 04:38:43,188 DEBUG block.SCMBlockDeletingService (SCMBlockDeletingService.java:call(138)) - Running DeletedBlockTransactionScanner
2019-08-10 04:38:43,188 DEBUG block.SCMBlockDeletingService (SCMBlockDeletingService.java:call(155)) - Scanned deleted blocks log and got 0 delTX to process.
2019-08-10 04:38:43,204 INFO  client.GrpcClientProtocolClient (GrpcClientProtocolClient.java:onNext(255)) - client-A18AB92CDBA5->6c928baf-cc3b-4a10-9362-ff4e15dca71d: receive RaftClientReply:client-A18AB92CDBA5->6c928baf-cc3b-4a10-9362-ff4e15dca71d@group-586430B97ADD, cid=3401, SUCCESS, logIndex=4900, commits[6c928baf-cc3b-4a10-9362-ff4e15dca71d:c4901]
2019-08-10 04:38:43,205 INFO  client.GrpcClientProtocolClient (GrpcClientProtocolClient.java:onNext(255)) - client-A18AB92CDBA5->6c928baf-cc3b-4a10-9362-ff4e15dca71d: receive RaftClientReply:client-A18AB92CDBA5->6c928baf-cc3b-4a10-9362-ff4e15dca71d@group-586430B97ADD, cid=3402, SUCCESS, logIndex=4901, commits[6c928baf-cc3b-4a10-9362-ff4e15dca71d:c4901]
2019-08-10 04:38:43,213 INFO  client.GrpcClientProtocolClient (GrpcClientProtocolClient.java:onNext(255)) - client-A18AB92CDBA5->6c928baf-cc3b-4a10-9362-ff4e15dca71d: receive RaftClientReply:client-A18AB92CDBA5->6c928baf-cc3b-4a10-9362-ff4e15dca71d@group-586430B97ADD, cid=3403, SUCCESS, logIndex=4902, commits[6c928baf-cc3b-4a10-9362-ff4e15dca71d:c4903]
2019-08-10 04:38:43,213 INFO  client.GrpcClientProtocolClient (GrpcClientProtocolClient.java:onNext(255)) - client-A18AB92CDBA5->6c928baf-cc3b-4a10-9362-ff4e15dca71d: receive RaftClientReply:client-A18AB92CDBA5->6c928baf-cc3b-4a10-9362-ff4e15dca71d@group-586430B97ADD, cid=3404, SUCCESS, logIndex=4903, commits[6c928baf-cc3b-4a10-9362-ff4e15dca71d:c4904]
2019-08-10 04:38:43,288 DEBUG block.SCMBlockDeletingService (SCMBlockDeletingService.java:call(138)) - Running DeletedBlockTransactionScanner
2019-08-10 04:38:43,289 DEBUG block.SCMBlockDeletingService (SCMBlockDeletingService.java:call(155)) - Scanned deleted blocks log and got 0 delTX to process.
2019-08-10 04:38:43,321 INFO  client.GrpcClientProtocolClient (GrpcClientProtocolClient.java:onNext(255)) - client-A18AB92CDBA5->6c928baf-cc3b-4a10-9362-ff4e15dca71d: receive RaftClientReply:client-A18AB92CDBA5->6c928baf-cc3b-4a10-9362-ff4e15dca71d@group-586430B97ADD, cid=3405, SUCCESS, logIndex=4906, commits[6c928baf-cc3b-4a10-9362-ff4e15dca71d:c4907]
2019-08-10 04:38:43,322 INFO  client.GrpcClientProtocolClient (GrpcClientProtocolClient.java:onNext(255)) - client-A18AB92CDBA5->6c928baf-cc3b-4a10-9362-ff4e15dca71d: receive RaftClientReply:client-A18AB92CDBA5->6c928baf-cc3b-4a10-9362-ff4e15dca71d@group-586430B97ADD, cid=3406, SUCCESS, logIndex=4907, commits[6c928baf-cc3b-4a10-9362-ff4e15dca71d:c4909]
2019-08-10 04:38:43,322 INFO  client.GrpcClientProtocolClient (GrpcClientProtocolClient.java:onNext(255)) - client-A18AB92CDBA5->6c928baf-cc3b-4a10-9362-ff4e15dca71d: receive RaftClientReply:client-A18AB92CDBA5->6c928baf-cc3b-4a10-9362-ff4e15dca71d@group-586430B97ADD, cid=3407, SUCCESS, logIndex=4908, commits[6c928baf-cc3b-4a10-9362-ff4e15dca71d:c4910]
2019-08-10 04:38:43,322 INFO  client.GrpcClientProtocolClient (GrpcClientProtocolClient.java:onNext(255)) - client-A18AB92CDBA5->6c928baf-cc3b-4a10-9362-ff4e15dca71d: receive RaftClientReply:client-A18AB92CDBA5->6c928baf-cc3b-4a10-9362-ff4e15dca71d@group-586430B97ADD, cid=3408, SUCCESS, logIndex=4909, commits[6c928baf-cc3b-4a10-9362-ff4e15dca71d:c4911]
2019-08-10 04:38:43,354 INFO  client.GrpcClientProtocolClient (GrpcClientProtocolClient.java:onNext(255)) - client-A18AB92CDBA5->6c928baf-cc3b-4a10-9362-ff4e15dca71d: receive RaftClientReply:client-A18AB92CDBA5->6c928baf-cc3b-4a10-9362-ff4e15dca71d@group-586430B97ADD, cid=3409, SUCCESS, logIndex=4912, commits[6c928baf-cc3b-4a10-9362-ff4e15dca71d:c4913]
2019-08-10 04:38:43,355 INFO  client.GrpcClientProtocolClient (GrpcClientProtocolClient.java:onNext(255)) - client-A18AB92CDBA5->6c928baf-cc3b-4a10-9362-ff4e15dca71d: receive RaftClientReply:client-A18AB92CDBA5->6c928baf-cc3b-4a10-9362-ff4e15dca71d@group-586430B97ADD, cid=3410, SUCCESS, logIndex=4913, commits[6c928baf-cc3b-4a10-9362-ff4e15dca71d:c4913]
2019-08-10 04:38:43,356 INFO  client.GrpcClientProtocolClient (GrpcClientProtocolClient.java:onNext(255)) - client-A18AB92CDBA5->6c928baf-cc3b-4a10-9362-ff4e15dca71d: receive RaftClientReply:client-A18AB92CDBA5->6c928baf-cc3b-4a10-9362-ff4e15dca71d@group-586430B97ADD, cid=3411, SUCCESS, logIndex=4914, commits[6c928baf-cc3b-4a10-9362-ff4e15dca71d:c4915]
2019-08-10 04:38:43,356 INFO  client.GrpcClientProtocolClient (GrpcClientProtocolClient.java:onNext(255)) - client-A18AB92CDBA5->6c928baf-cc3b-4a10-9362-ff4e15dca71d: receive RaftClientReply:client-A18AB92CDBA5->6c928baf-cc3b-4a10-9362-ff4e15dca71d@group-586430B97ADD, cid=3412, SUCCESS, logIndex=4915, commits[6c928baf-cc3b-4a10-9362-ff4e15dca71d:c4915]
2019-08-10 04:38:43,383 INFO  client.GrpcClientProtocolClient (GrpcClientProtocolClient.java:onNext(255)) - client-A18AB92CDBA5->6c928baf-cc3b-4a10-9362-ff4e15dca71d: receive RaftClientReply:client-A18AB92CDBA5->6c928baf-cc3b-4a10-9362-ff4e15dca71d@group-586430B97ADD, cid=3413, SUCCESS, logIndex=4918, commits[6c928baf-cc3b-4a10-9362-ff4e15dca71d:c4919]
2019-08-10 04:38:43,384 INFO  client.GrpcClientProtocolClient (GrpcClientProtocolClient.java:onNext(255)) - client-A18AB92CDBA5->6c928baf-cc3b-4a10-9362-ff4e15dca71d: receive RaftClientReply:client-A18AB92CDBA5->6c928baf-cc3b-4a10-9362-ff4e15dca71d@group-586430B97ADD, cid=3414, SUCCESS, logIndex=4919, commits[6c928baf-cc3b-4a10-9362-ff4e15dca71d:c4922]
2019-08-10 04:38:43,385 INFO  client.GrpcClientProtocolClient (GrpcClientProtocolClient.java:onNext(255)) - client-A18AB92CDBA5->6c928baf-cc3b-4a10-9362-ff4e15dca71d: receive RaftClientReply:client-A18AB92CDBA5->6c928baf-cc3b-4a10-9362-ff4e15dca71d@group-586430B97ADD, cid=3415, SUCCESS, logIndex=4920, commits[6c928baf-cc3b-4a10-9362-ff4e15dca71d:c4923]
2019-08-10 04:38:43,385 INFO  client.GrpcClientProtocolClient (GrpcClientProtocolClient.java:onNext(255)) - client-A18AB92CDBA5->6c928baf-cc3b-4a10-9362-ff4e15dca71d: receive RaftClientReply:client-A18AB92CDBA5->6c928baf-cc3b-4a10-9362-ff4e15dca71d@group-586430B97ADD, cid=3416, SUCCESS, logIndex=4921, commits[6c928baf-cc3b-4a10-9362-ff4e15dca71d:c4923]
2019-08-10 04:38:43,389 DEBUG block.SCMBlockDeletingService (SCMBlockDeletingService.java:call(138)) - Running DeletedBlockTransactionScanner
2019-08-10 04:38:43,389 DEBUG block.SCMBlockDeletingService (SCMBlockDeletingService.java:call(155)) - Scanned deleted blocks log and got 0 delTX to process.
2019-08-10 04:38:43,419 INFO  client.GrpcClientProtocolClient (GrpcClientProtocolClient.java:onNext(255)) - client-A18AB92CDBA5->6c928baf-cc3b-4a10-9362-ff4e15dca71d: receive RaftClientReply:client-A18AB92CDBA5->6c928baf-cc3b-4a10-9362-ff4e15dca71d@group-586430B97ADD, cid=3417, SUCCESS, logIndex=4924, commits[6c928baf-cc3b-4a10-9362-ff4e15dca71d:c4927]
2019-08-10 04:38:43,420 INFO  client.GrpcClientProtocolClient (GrpcClientProtocolClient.java:onNext(255)) - client-A18AB92CDBA5->6c928baf-cc3b-4a10-9362-ff4e15dca71d: receive RaftClientReply:client-A18AB92CDBA5->6c928baf-cc3b-4a10-9362-ff4e15dca71d@group-586430B97ADD, cid=3418, SUCCESS, logIndex=4925, commits[6c928baf-cc3b-4a10-9362-ff4e15dca71d:c4928]
2019-08-10 04:38:43,420 INFO  client.GrpcClientProtocolClient (GrpcClientProtocolClient.java:onNext(255)) - client-A18AB92CDBA5->6c928baf-cc3b-4a10-9362-ff4e15dca71d: receive RaftClientReply:client-A18AB92CDBA5->6c928baf-cc3b-4a10-9362-ff4e15dca71d@group-586430B97ADD, cid=3419, SUCCESS, logIndex=4926, commits[6c928baf-cc3b-4a10-9362-ff4e15dca71d:c4928]
2019-08-10 04:38:43,421 INFO  client.GrpcClientProtocolClient (GrpcClientProtocolClient.java:onNext(255)) - client-A18AB92CDBA5->6c928baf-cc3b-4a10-9362-ff4e15dca71d: receive RaftClientReply:client-A18AB92CDBA5->6c928baf-cc3b-4a10-9362-ff4e15dca71d@group-586430B97ADD, cid=3420, SUCCESS, logIndex=4927, commits[6c928baf-cc3b-4a10-9362-ff4e15dca71d:c4929]
2019-08-10 04:38:43,441 INFO  client.GrpcClientProtocolClient (GrpcClientProtocolClient.java:onNext(255)) - client-A18AB92CDBA5->6c928baf-cc3b-4a10-9362-ff4e15dca71d: receive RaftClientReply:client-A18AB92CDBA5->6c928baf-cc3b-4a10-9362-ff4e15dca71d@group-586430B97ADD, cid=3421, SUCCESS, logIndex=4930, commits[6c928baf-cc3b-4a10-9362-ff4e15dca71d:c4931]
2019-08-10 04:38:43,441 INFO  client.GrpcClientProtocolClient (GrpcClientProtocolClient.java:onNext(255)) - client-A18AB92CDBA5->6c928baf-cc3b-4a10-9362-ff4e15dca71d: receive RaftClientReply:client-A18AB92CDBA5->6c928baf-cc3b-4a10-9362-ff4e15dca71d@group-586430B97ADD, cid=3422, SUCCESS, logIndex=4931, commits[6c928baf-cc3b-4a10-9362-ff4e15dca71d:c4933]
2019-08-10 04:38:43,441 INFO  client.GrpcClientProtocolClient (GrpcClientProtocolClient.java:onNext(255)) - client-A18AB92CDBA5->6c928baf-cc3b-4a10-9362-ff4e15dca71d: receive RaftClientReply:client-A18AB92CDBA5->6c928baf-cc3b-4a10-9362-ff4e15dca71d@group-586430B97ADD, cid=3423, SUCCESS, logIndex=4932, commits[6c928baf-cc3b-4a10-9362-ff4e15dca71d:c4933]
2019-08-10 04:38:43,442 INFO  client.GrpcClientProtocolClient (GrpcClientProtocolClient.java:onNext(255)) - client-A18AB92CDBA5->6c928baf-cc3b-4a10-9362-ff4e15dca71d: receive RaftClientReply:client-A18AB92CDBA5->6c928baf-cc3b-4a10-9362-ff4e15dca71d@group-586430B97ADD, cid=3424, SUCCESS, logIndex=4933, commits[6c928baf-cc3b-4a10-9362-ff4e15dca71d:c4934]
2019-08-10 04:38:43,490 DEBUG block.SCMBlockDeletingService (SCMBlockDeletingService.java:call(138)) - Running DeletedBlockTransactionScanner
2019-08-10 04:38:43,490 DEBUG block.SCMBlockDeletingService (SCMBlockDeletingService.java:call(155)) - Scanned deleted blocks log and got 0 delTX to process.
2019-08-10 04:38:43,508 INFO  client.GrpcClientProtocolClient (GrpcClientProtocolClient.java:onNext(255)) - client-A18AB92CDBA5->6c928baf-cc3b-4a10-9362-ff4e15dca71d: receive RaftClientReply:client-A18AB92CDBA5->6c928baf-cc3b-4a10-9362-ff4e15dca71d@group-586430B97ADD, cid=3425, SUCCESS, logIndex=4936, commits[6c928baf-cc3b-4a10-9362-ff4e15dca71d:c4937]
2019-08-10 04:38:43,509 INFO  client.GrpcClientProtocolClient (GrpcClientProtocolClient.java:onNext(255)) - client-A18AB92CDBA5->6c928baf-cc3b-4a10-9362-ff4e15dca71d: receive RaftClientReply:client-A18AB92CDBA5->6c928baf-cc3b-4a10-9362-ff4e15dca71d@group-586430B97ADD, cid=3426, SUCCESS, logIndex=4937, commits[6c928baf-cc3b-4a10-9362-ff4e15dca71d:c4937]
2019-08-10 04:38:43,509 INFO  client.GrpcClientProtocolClient (GrpcClientProtocolClient.java:onNext(255)) - client-A18AB92CDBA5->6c928baf-cc3b-4a10-9362-ff4e15dca71d: receive RaftClientReply:client-A18AB92CDBA5->6c928baf-cc3b-4a10-9362-ff4e15dca71d@group-586430B97ADD, cid=3427, SUCCESS, logIndex=4938, commits[6c928baf-cc3b-4a10-9362-ff4e15dca71d:c4939]
2019-08-10 04:38:43,509 INFO  client.GrpcClientProtocolClient (GrpcClientProtocolClient.java:onNext(255)) - client-A18AB92CDBA5->6c928baf-cc3b-4a10-9362-ff4e15dca71d: receive RaftClientReply:client-A18AB92CDBA5->6c928baf-cc3b-4a10-9362-ff4e15dca71d@group-586430B97ADD, cid=3428, SUCCESS, logIndex=4939, commits[6c928baf-cc3b-4a10-9362-ff4e15dca71d:c4940]
2019-08-10 04:38:43,540 INFO  client.GrpcClientProtocolClient (GrpcClientProtocolClient.java:onNext(255)) - client-A18AB92CDBA5->6c928baf-cc3b-4a10-9362-ff4e15dca71d: receive RaftClientReply:client-A18AB92CDBA5->6c928baf-cc3b-4a10-9362-ff4e15dca71d@group-586430B97ADD, cid=3429, SUCCESS, logIndex=4942, commits[6c928baf-cc3b-4a10-9362-ff4e15dca71d:c4943]
2019-08-10 04:38:43,541 INFO  client.GrpcClientProtocolClient (GrpcClientProtocolClient.java:onNext(255)) - client-A18AB92CDBA5->6c928baf-cc3b-4a10-9362-ff4e15dca71d: receive RaftClientReply:client-A18AB92CDBA5->6c928baf-cc3b-4a10-9362-ff4e15dca71d@group-586430B97ADD, cid=3430, SUCCESS, logIndex=4943, commits[6c928baf-cc3b-4a10-9362-ff4e15dca71d:c4945]
2019-08-10 04:38:43,541 INFO  client.GrpcClientProtocolClient (GrpcClientProtocolClient.java:onNext(255)) - client-A18AB92CDBA5->6c928baf-cc3b-4a10-9362-ff4e15dca71d: receive RaftClientReply:client-A18AB92CDBA5->6c928baf-cc3b-4a10-9362-ff4e15dca71d@group-586430B97ADD, cid=3431, SUCCESS, logIndex=4944, commits[6c928baf-cc3b-4a10-9362-ff4e15dca71d:c4946]
2019-08-10 04:38:43,542 INFO  client.GrpcClientProtocolClient (GrpcClientProtocolClient.java:onNext(255)) - client-A18AB92CDBA5->6c928baf-cc3b-4a10-9362-ff4e15dca71d: receive RaftClientReply:client-A18AB92CDBA5->6c928baf-cc3b-4a10-9362-ff4e15dca71d@group-586430B97ADD, cid=3432, SUCCESS, logIndex=4945, commits[6c928baf-cc3b-4a10-9362-ff4e15dca71d:c4947]
2019-08-10 04:38:43,581 INFO  client.GrpcClientProtocolClient (GrpcClientProtocolClient.java:onNext(255)) - client-A18AB92CDBA5->6c928baf-cc3b-4a10-9362-ff4e15dca71d: receive RaftClientReply:client-A18AB92CDBA5->6c928baf-cc3b-4a10-9362-ff4e15dca71d@group-586430B97ADD, cid=3433, SUCCESS, logIndex=4948, commits[6c928baf-cc3b-4a10-9362-ff4e15dca71d:c4951]
2019-08-10 04:38:43,582 INFO  client.GrpcClientProtocolClient (GrpcClientProtocolClient.java:onNext(255)) - client-A18AB92CDBA5->6c928baf-cc3b-4a10-9362-ff4e15dca71d: receive RaftClientReply:client-A18AB92CDBA5->6c928baf-cc3b-4a10-9362-ff4e15dca71d@group-586430B97ADD, cid=3434, SUCCESS, logIndex=4949, commits[6c928baf-cc3b-4a10-9362-ff4e15dca71d:c4952]
2019-08-10 04:38:43,582 INFO  client.GrpcClientProtocolClient (GrpcClientProtocolClient.java:onNext(255)) - client-A18AB92CDBA5->6c928baf-cc3b-4a10-9362-ff4e15dca71d: receive RaftClientReply:client-A18AB92CDBA5->6c928baf-cc3b-4a10-9362-ff4e15dca71d@group-586430B97ADD, cid=3435, SUCCESS, logIndex=4950, commits[6c928baf-cc3b-4a10-9362-ff4e15dca71d:c4952]
2019-08-10 04:38:43,583 INFO  client.GrpcClientProtocolClient (GrpcClientProtocolClient.java:onNext(255)) - client-A18AB92CDBA5->6c928baf-cc3b-4a10-9362-ff4e15dca71d: receive RaftClientReply:client-A18AB92CDBA5->6c928baf-cc3b-4a10-9362-ff4e15dca71d@group-586430B97ADD, cid=3436, SUCCESS, logIndex=4951, commits[6c928baf-cc3b-4a10-9362-ff4e15dca71d:c4952]
2019-08-10 04:38:43,590 DEBUG block.SCMBlockDeletingService (SCMBlockDeletingService.java:call(138)) - Running DeletedBlockTransactionScanner
2019-08-10 04:38:43,591 DEBUG block.SCMBlockDeletingService (SCMBlockDeletingService.java:call(155)) - Scanned deleted blocks log and got 0 delTX to process.
2019-08-10 04:38:43,603 INFO  client.GrpcClientProtocolClient (GrpcClientProtocolClient.java:onNext(255)) - client-A18AB92CDBA5->6c928baf-cc3b-4a10-9362-ff4e15dca71d: receive RaftClientReply:client-A18AB92CDBA5->6c928baf-cc3b-4a10-9362-ff4e15dca71d@group-586430B97ADD, cid=3437, SUCCESS, logIndex=4953, commits[6c928baf-cc3b-4a10-9362-ff4e15dca71d:c4954]
2019-08-10 04:38:43,603 INFO  client.GrpcClientProtocolClient (GrpcClientProtocolClient.java:onNext(255)) - client-A18AB92CDBA5->6c928baf-cc3b-4a10-9362-ff4e15dca71d: receive RaftClientReply:client-A18AB92CDBA5->6c928baf-cc3b-4a10-9362-ff4e15dca71d@group-586430B97ADD, cid=3438, SUCCESS, logIndex=4954, commits[6c928baf-cc3b-4a10-9362-ff4e15dca71d:c4956]
2019-08-10 04:38:43,604 INFO  client.GrpcClientProtocolClient (GrpcClientProtocolClient.java:onNext(255)) - client-A18AB92CDBA5->6c928baf-cc3b-4a10-9362-ff4e15dca71d: receive RaftClientReply:client-A18AB92CDBA5->6c928baf-cc3b-4a10-9362-ff4e15dca71d@group-586430B97ADD, cid=3439, SUCCESS, logIndex=4955, commits[6c928baf-cc3b-4a10-9362-ff4e15dca71d:c4957]
2019-08-10 04:38:43,604 INFO  client.GrpcClientProtocolClient (GrpcClientProtocolClient.java:onNext(255)) - client-A18AB92CDBA5->6c928baf-cc3b-4a10-9362-ff4e15dca71d: receive RaftClientReply:client-A18AB92CDBA5->6c928baf-cc3b-4a10-9362-ff4e15dca71d@group-586430B97ADD, cid=3440, SUCCESS, logIndex=4956, commits[6c928baf-cc3b-4a10-9362-ff4e15dca71d:c4957]
2019-08-10 04:38:43,635 INFO  client.GrpcClientProtocolClient (GrpcClientProtocolClient.java:onNext(255)) - client-A18AB92CDBA5->6c928baf-cc3b-4a10-9362-ff4e15dca71d: receive RaftClientReply:client-A18AB92CDBA5->6c928baf-cc3b-4a10-9362-ff4e15dca71d@group-586430B97ADD, cid=3441, SUCCESS, logIndex=4959, commits[6c928baf-cc3b-4a10-9362-ff4e15dca71d:c4960]
2019-08-10 04:38:43,636 INFO  client.GrpcClientProtocolClient (GrpcClientProtocolClient.java:onNext(255)) - client-A18AB92CDBA5->6c928baf-cc3b-4a10-9362-ff4e15dca71d: receive RaftClientReply:client-A18AB92CDBA5->6c928baf-cc3b-4a10-9362-ff4e15dca71d@group-586430B97ADD, cid=3442, SUCCESS, logIndex=4960, commits[6c928baf-cc3b-4a10-9362-ff4e15dca71d:c4960]
2019-08-10 04:38:43,637 INFO  client.GrpcClientProtocolClient (GrpcClientProtocolClient.java:onNext(255)) - client-A18AB92CDBA5->6c928baf-cc3b-4a10-9362-ff4e15dca71d: receive RaftClientReply:client-A18AB92CDBA5->6c928baf-cc3b-4a10-9362-ff4e15dca71d@group-586430B97ADD, cid=3443, SUCCESS, logIndex=4961, commits[6c928baf-cc3b-4a10-9362-ff4e15dca71d:c4962]
2019-08-10 04:38:43,637 INFO  client.GrpcClientProtocolClient (GrpcClientProtocolClient.java:onNext(255)) - client-A18AB92CDBA5->6c928baf-cc3b-4a10-9362-ff4e15dca71d: receive RaftClientReply:client-A18AB92CDBA5->6c928baf-cc3b-4a10-9362-ff4e15dca71d@group-586430B97ADD, cid=3444, SUCCESS, logIndex=4962, commits[6c928baf-cc3b-4a10-9362-ff4e15dca71d:c4962]
2019-08-10 04:38:43,661 INFO  client.GrpcClientProtocolClient (GrpcClientProtocolClient.java:onNext(255)) - client-A18AB92CDBA5->6c928baf-cc3b-4a10-9362-ff4e15dca71d: receive RaftClientReply:client-A18AB92CDBA5->6c928baf-cc3b-4a10-9362-ff4e15dca71d@group-586430B97ADD, cid=3445, SUCCESS, logIndex=4965, commits[6c928baf-cc3b-4a10-9362-ff4e15dca71d:c4968]
2019-08-10 04:38:43,661 INFO  client.GrpcClientProtocolClient (GrpcClientProtocolClient.java:onNext(255)) - client-A18AB92CDBA5->6c928baf-cc3b-4a10-9362-ff4e15dca71d: receive RaftClientReply:client-A18AB92CDBA5->6c928baf-cc3b-4a10-9362-ff4e15dca71d@group-586430B97ADD, cid=3446, SUCCESS, logIndex=4966, commits[6c928baf-cc3b-4a10-9362-ff4e15dca71d:c4968]
2019-08-10 04:38:43,661 INFO  client.GrpcClientProtocolClient (GrpcClientProtocolClient.java:onNext(255)) - client-A18AB92CDBA5->6c928baf-cc3b-4a10-9362-ff4e15dca71d: receive RaftClientReply:client-A18AB92CDBA5->6c928baf-cc3b-4a10-9362-ff4e15dca71d@group-586430B97ADD, cid=3447, SUCCESS, logIndex=4967, commits[6c928baf-cc3b-4a10-9362-ff4e15dca71d:c4969]
2019-08-10 04:38:43,662 INFO  client.GrpcClientProtocolClient (GrpcClientProtocolClient.java:onNext(255)) - client-A18AB92CDBA5->6c928baf-cc3b-4a10-9362-ff4e15dca71d: receive RaftClientReply:client-A18AB92CDBA5->6c928baf-cc3b-4a10-9362-ff4e15dca71d@group-586430B97ADD, cid=3448, SUCCESS, logIndex=4968, commits[6c928baf-cc3b-4a10-9362-ff4e15dca71d:c4969]
2019-08-10 04:38:43,691 DEBUG block.SCMBlockDeletingService (SCMBlockDeletingService.java:call(138)) - Running DeletedBlockTransactionScanner
2019-08-10 04:38:43,692 DEBUG block.SCMBlockDeletingService (SCMBlockDeletingService.java:call(155)) - Scanned deleted blocks log and got 0 delTX to process.
2019-08-10 04:38:43,858 DEBUG block.SCMBlockDeletingService (SCMBlockDeletingService.java:call(138)) - Running DeletedBlockTransactionScanner
2019-08-10 04:38:43,860 DEBUG block.SCMBlockDeletingService (SCMBlockDeletingService.java:call(155)) - Scanned deleted blocks log and got 0 delTX to process.
2019-08-10 04:38:43,896 INFO  client.GrpcClientProtocolClient (GrpcClientProtocolClient.java:onNext(255)) - client-A18AB92CDBA5->6c928baf-cc3b-4a10-9362-ff4e15dca71d: receive RaftClientReply:client-A18AB92CDBA5->6c928baf-cc3b-4a10-9362-ff4e15dca71d@group-586430B97ADD, cid=3449, SUCCESS, logIndex=4970, commits[6c928baf-cc3b-4a10-9362-ff4e15dca71d:c4973]
2019-08-10 04:38:43,897 INFO  client.GrpcClientProtocolClient (GrpcClientProtocolClient.java:onNext(255)) - client-A18AB92CDBA5->6c928baf-cc3b-4a10-9362-ff4e15dca71d: receive RaftClientReply:client-A18AB92CDBA5->6c928baf-cc3b-4a10-9362-ff4e15dca71d@group-586430B97ADD, cid=3450, SUCCESS, logIndex=4971, commits[6c928baf-cc3b-4a10-9362-ff4e15dca71d:c4973]
2019-08-10 04:38:43,897 INFO  client.GrpcClientProtocolClient (GrpcClientProtocolClient.java:onNext(255)) - client-A18AB92CDBA5->6c928baf-cc3b-4a10-9362-ff4e15dca71d: receive RaftClientReply:client-A18AB92CDBA5->6c928baf-cc3b-4a10-9362-ff4e15dca71d@group-586430B97ADD, cid=3451, SUCCESS, logIndex=4972, commits[6c928baf-cc3b-4a10-9362-ff4e15dca71d:c4973]
2019-08-10 04:38:43,898 INFO  client.GrpcClientProtocolClient (GrpcClientProtocolClient.java:onNext(255)) - client-A18AB92CDBA5->6c928baf-cc3b-4a10-9362-ff4e15dca71d: receive RaftClientReply:client-A18AB92CDBA5->6c928baf-cc3b-4a10-9362-ff4e15dca71d@group-586430B97ADD, cid=3452, SUCCESS, logIndex=4973, commits[6c928baf-cc3b-4a10-9362-ff4e15dca71d:c4973]
2019-08-10 04:38:43,919 INFO  client.GrpcClientProtocolClient (GrpcClientProtocolClient.java:onNext(255)) - client-A18AB92CDBA5->6c928baf-cc3b-4a10-9362-ff4e15dca71d: receive RaftClientReply:client-A18AB92CDBA5->6c928baf-cc3b-4a10-9362-ff4e15dca71d@group-586430B97ADD, cid=3453, SUCCESS, logIndex=4975, commits[6c928baf-cc3b-4a10-9362-ff4e15dca71d:c4976]
2019-08-10 04:38:43,920 INFO  client.GrpcClientProtocolClient (GrpcClientProtocolClient.java:onNext(255)) - client-A18AB92CDBA5->6c928baf-cc3b-4a10-9362-ff4e15dca71d: receive RaftClientReply:client-A18AB92CDBA5->6c928baf-cc3b-4a10-9362-ff4e15dca71d@group-586430B97ADD, cid=3454, SUCCESS, logIndex=4976, commits[6c928baf-cc3b-4a10-9362-ff4e15dca71d:c4976]
2019-08-10 04:38:43,928 INFO  client.GrpcClientProtocolClient (GrpcClientProtocolClient.java:onNext(255)) - client-A18AB92CDBA5->6c928baf-cc3b-4a10-9362-ff4e15dca71d: receive RaftClientReply:client-A18AB92CDBA5->6c928baf-cc3b-4a10-9362-ff4e15dca71d@group-586430B97ADD, cid=3455, SUCCESS, logIndex=4977, commits[6c928baf-cc3b-4a10-9362-ff4e15dca71d:c4978]
2019-08-10 04:38:43,928 INFO  client.GrpcClientProtocolClient (GrpcClientProtocolClient.java:onNext(255)) - client-A18AB92CDBA5->6c928baf-cc3b-4a10-9362-ff4e15dca71d: receive RaftClientReply:client-A18AB92CDBA5->6c928baf-cc3b-4a10-9362-ff4e15dca71d@group-586430B97ADD, cid=3456, SUCCESS, logIndex=4978, commits[6c928baf-cc3b-4a10-9362-ff4e15dca71d:c4979]
2019-08-10 04:38:43,960 DEBUG block.SCMBlockDeletingService (SCMBlockDeletingService.java:call(138)) - Running DeletedBlockTransactionScanner
2019-08-10 04:38:43,960 DEBUG block.SCMBlockDeletingService (SCMBlockDeletingService.java:call(155)) - Scanned deleted blocks log and got 0 delTX to process.
2019-08-10 04:38:43,965 INFO  client.GrpcClientProtocolClient (GrpcClientProtocolClient.java:onNext(255)) - client-A18AB92CDBA5->6c928baf-cc3b-4a10-9362-ff4e15dca71d: receive RaftClientReply:client-A18AB92CDBA5->6c928baf-cc3b-4a10-9362-ff4e15dca71d@group-586430B97ADD, cid=3457, SUCCESS, logIndex=4981, commits[6c928baf-cc3b-4a10-9362-ff4e15dca71d:c4982]
2019-08-10 04:38:43,965 INFO  client.GrpcClientProtocolClient (GrpcClientProtocolClient.java:onNext(255)) - client-A18AB92CDBA5->6c928baf-cc3b-4a10-9362-ff4e15dca71d: receive RaftClientReply:client-A18AB92CDBA5->6c928baf-cc3b-4a10-9362-ff4e15dca71d@group-586430B97ADD, cid=3458, SUCCESS, logIndex=4982, commits[6c928baf-cc3b-4a10-9362-ff4e15dca71d:c4984]
2019-08-10 04:38:43,966 INFO  client.GrpcClientProtocolClient (GrpcClientProtocolClient.java:onNext(255)) - client-A18AB92CDBA5->6c928baf-cc3b-4a10-9362-ff4e15dca71d: receive RaftClientReply:client-A18AB92CDBA5->6c928baf-cc3b-4a10-9362-ff4e15dca71d@group-586430B97ADD, cid=3459, SUCCESS, logIndex=4983, commits[6c928baf-cc3b-4a10-9362-ff4e15dca71d:c4985]
2019-08-10 04:38:43,966 INFO  client.GrpcClientProtocolClient (GrpcClientProtocolClient.java:onNext(255)) - client-A18AB92CDBA5->6c928baf-cc3b-4a10-9362-ff4e15dca71d: receive RaftClientReply:client-A18AB92CDBA5->6c928baf-cc3b-4a10-9362-ff4e15dca71d@group-586430B97ADD, cid=3460, SUCCESS, logIndex=4984, commits[6c928baf-cc3b-4a10-9362-ff4e15dca71d:c4986]
2019-08-10 04:38:43,988 INFO  client.GrpcClientProtocolClient (GrpcClientProtocolClient.java:onNext(255)) - client-A18AB92CDBA5->6c928baf-cc3b-4a10-9362-ff4e15dca71d: receive RaftClientReply:client-A18AB92CDBA5->6c928baf-cc3b-4a10-9362-ff4e15dca71d@group-586430B97ADD, cid=3461, SUCCESS, logIndex=4987, commits[6c928baf-cc3b-4a10-9362-ff4e15dca71d:c4988]
2019-08-10 04:38:43,988 INFO  client.GrpcClientProtocolClient (GrpcClientProtocolClient.java:onNext(255)) - client-A18AB92CDBA5->6c928baf-cc3b-4a10-9362-ff4e15dca71d: receive RaftClientReply:client-A18AB92CDBA5->6c928baf-cc3b-4a10-9362-ff4e15dca71d@group-586430B97ADD, cid=3462, SUCCESS, logIndex=4988, commits[6c928baf-cc3b-4a10-9362-ff4e15dca71d:c4990]
2019-08-10 04:38:43,989 INFO  client.GrpcClientProtocolClient (GrpcClientProtocolClient.java:onNext(255)) - client-A18AB92CDBA5->6c928baf-cc3b-4a10-9362-ff4e15dca71d: receive RaftClientReply:client-A18AB92CDBA5->6c928baf-cc3b-4a10-9362-ff4e15dca71d@group-586430B97ADD, cid=3463, SUCCESS, logIndex=4989, commits[6c928baf-cc3b-4a10-9362-ff4e15dca71d:c4991]
2019-08-10 04:38:43,989 INFO  client.GrpcClientProtocolClient (GrpcClientProtocolClient.java:onNext(255)) - client-A18AB92CDBA5->6c928baf-cc3b-4a10-9362-ff4e15dca71d: receive RaftClientReply:client-A18AB92CDBA5->6c928baf-cc3b-4a10-9362-ff4e15dca71d@group-586430B97ADD, cid=3464, SUCCESS, logIndex=4990, commits[6c928baf-cc3b-4a10-9362-ff4e15dca71d:c4992]
2019-08-10 04:38:44,024 INFO  client.GrpcClientProtocolClient (GrpcClientProtocolClient.java:onNext(255)) - client-A18AB92CDBA5->6c928baf-cc3b-4a10-9362-ff4e15dca71d: receive RaftClientReply:client-A18AB92CDBA5->6c928baf-cc3b-4a10-9362-ff4e15dca71d@group-586430B97ADD, cid=3465, SUCCESS, logIndex=4993, commits[6c928baf-cc3b-4a10-9362-ff4e15dca71d:c4996]
2019-08-10 04:38:44,025 INFO  client.GrpcClientProtocolClient (GrpcClientProtocolClient.java:onNext(255)) - client-A18AB92CDBA5->6c928baf-cc3b-4a10-9362-ff4e15dca71d: receive RaftClientReply:client-A18AB92CDBA5->6c928baf-cc3b-4a10-9362-ff4e15dca71d@group-586430B97ADD, cid=3466, SUCCESS, logIndex=4994, commits[6c928baf-cc3b-4a10-9362-ff4e15dca71d:c4997]
2019-08-10 04:38:44,026 INFO  client.GrpcClientProtocolClient (GrpcClientProtocolClient.java:onNext(255)) - client-A18AB92CDBA5->6c928baf-cc3b-4a10-9362-ff4e15dca71d: receive RaftClientReply:client-A18AB92CDBA5->6c928baf-cc3b-4a10-9362-ff4e15dca71d@group-586430B97ADD, cid=3467, SUCCESS, logIndex=4995, commits[6c928baf-cc3b-4a10-9362-ff4e15dca71d:c4997]
2019-08-10 04:38:44,026 INFO  client.GrpcClientProtocolClient (GrpcClientProtocolClient.java:onNext(255)) - client-A18AB92CDBA5->6c928baf-cc3b-4a10-9362-ff4e15dca71d: receive RaftClientReply:client-A18AB92CDBA5->6c928baf-cc3b-4a10-9362-ff4e15dca71d@group-586430B97ADD, cid=3468, SUCCESS, logIndex=4996, commits[6c928baf-cc3b-4a10-9362-ff4e15dca71d:c4997]
2019-08-10 04:38:44,046 INFO  client.GrpcClientProtocolClient (GrpcClientProtocolClient.java:onNext(255)) - client-A18AB92CDBA5->6c928baf-cc3b-4a10-9362-ff4e15dca71d: receive RaftClientReply:client-A18AB92CDBA5->6c928baf-cc3b-4a10-9362-ff4e15dca71d@group-586430B97ADD, cid=3469, SUCCESS, logIndex=4998, commits[6c928baf-cc3b-4a10-9362-ff4e15dca71d:c4999]
2019-08-10 04:38:44,047 INFO  client.GrpcClientProtocolClient (GrpcClientProtocolClient.java:onNext(255)) - client-A18AB92CDBA5->6c928baf-cc3b-4a10-9362-ff4e15dca71d: receive RaftClientReply:client-A18AB92CDBA5->6c928baf-cc3b-4a10-9362-ff4e15dca71d@group-586430B97ADD, cid=3470, SUCCESS, logIndex=4999, commits[6c928baf-cc3b-4a10-9362-ff4e15dca71d:c5001]
2019-08-10 04:38:44,047 INFO  client.GrpcClientProtocolClient (GrpcClientProtocolClient.java:onNext(255)) - client-A18AB92CDBA5->6c928baf-cc3b-4a10-9362-ff4e15dca71d: receive RaftClientReply:client-A18AB92CDBA5->6c928baf-cc3b-4a10-9362-ff4e15dca71d@group-586430B97ADD, cid=3471, SUCCESS, logIndex=5000, commits[6c928baf-cc3b-4a10-9362-ff4e15dca71d:c5002]
2019-08-10 04:38:44,047 INFO  client.GrpcClientProtocolClient (GrpcClientProtocolClient.java:onNext(255)) - client-A18AB92CDBA5->6c928baf-cc3b-4a10-9362-ff4e15dca71d: receive RaftClientReply:client-A18AB92CDBA5->6c928baf-cc3b-4a10-9362-ff4e15dca71d@group-586430B97ADD, cid=3472, SUCCESS, logIndex=5001, commits[6c928baf-cc3b-4a10-9362-ff4e15dca71d:c5002]
2019-08-10 04:38:44,061 DEBUG block.SCMBlockDeletingService (SCMBlockDeletingService.java:call(138)) - Running DeletedBlockTransactionScanner
2019-08-10 04:38:44,061 DEBUG block.SCMBlockDeletingService (SCMBlockDeletingService.java:call(155)) - Scanned deleted blocks log and got 0 delTX to process.
2019-08-10 04:38:44,081 INFO  client.GrpcClientProtocolClient (GrpcClientProtocolClient.java:onNext(255)) - client-A18AB92CDBA5->6c928baf-cc3b-4a10-9362-ff4e15dca71d: receive RaftClientReply:client-A18AB92CDBA5->6c928baf-cc3b-4a10-9362-ff4e15dca71d@group-586430B97ADD, cid=3473, SUCCESS, logIndex=5004, commits[6c928baf-cc3b-4a10-9362-ff4e15dca71d:c5005]
2019-08-10 04:38:44,081 INFO  client.GrpcClientProtocolClient (GrpcClientProtocolClient.java:onNext(255)) - client-A18AB92CDBA5->6c928baf-cc3b-4a10-9362-ff4e15dca71d: receive RaftClientReply:client-A18AB92CDBA5->6c928baf-cc3b-4a10-9362-ff4e15dca71d@group-586430B97ADD, cid=3474, SUCCESS, logIndex=5005, commits[6c928baf-cc3b-4a10-9362-ff4e15dca71d:c5007]
2019-08-10 04:38:44,082 INFO  client.GrpcClientProtocolClient (GrpcClientProtocolClient.java:onNext(255)) - client-A18AB92CDBA5->6c928baf-cc3b-4a10-9362-ff4e15dca71d: receive RaftClientReply:client-A18AB92CDBA5->6c928baf-cc3b-4a10-9362-ff4e15dca71d@group-586430B97ADD, cid=3475, SUCCESS, logIndex=5006, commits[6c928baf-cc3b-4a10-9362-ff4e15dca71d:c5008]
2019-08-10 04:38:44,082 INFO  client.GrpcClientProtocolClient (GrpcClientProtocolClient.java:onNext(255)) - client-A18AB92CDBA5->6c928baf-cc3b-4a10-9362-ff4e15dca71d: receive RaftClientReply:client-A18AB92CDBA5->6c928baf-cc3b-4a10-9362-ff4e15dca71d@group-586430B97ADD, cid=3476, SUCCESS, logIndex=5007, commits[6c928baf-cc3b-4a10-9362-ff4e15dca71d:c5008]
2019-08-10 04:38:44,104 INFO  client.GrpcClientProtocolClient (GrpcClientProtocolClient.java:onNext(255)) - client-A18AB92CDBA5->6c928baf-cc3b-4a10-9362-ff4e15dca71d: receive RaftClientReply:client-A18AB92CDBA5->6c928baf-cc3b-4a10-9362-ff4e15dca71d@group-586430B97ADD, cid=3477, SUCCESS, logIndex=5010, commits[6c928baf-cc3b-4a10-9362-ff4e15dca71d:c5013]
2019-08-10 04:38:44,104 INFO  client.GrpcClientProtocolClient (GrpcClientProtocolClient.java:onNext(255)) - client-A18AB92CDBA5->6c928baf-cc3b-4a10-9362-ff4e15dca71d: receive RaftClientReply:client-A18AB92CDBA5->6c928baf-cc3b-4a10-9362-ff4e15dca71d@group-586430B97ADD, cid=3478, SUCCESS, logIndex=5011, commits[6c928baf-cc3b-4a10-9362-ff4e15dca71d:c5013]
2019-08-10 04:38:44,104 INFO  client.GrpcClientProtocolClient (GrpcClientProtocolClient.java:onNext(255)) - client-A18AB92CDBA5->6c928baf-cc3b-4a10-9362-ff4e15dca71d: receive RaftClientReply:client-A18AB92CDBA5->6c928baf-cc3b-4a10-9362-ff4e15dca71d@group-586430B97ADD, cid=3479, SUCCESS, logIndex=5012, commits[6c928baf-cc3b-4a10-9362-ff4e15dca71d:c5014]
2019-08-10 04:38:44,105 INFO  client.GrpcClientProtocolClient (GrpcClientProtocolClient.java:onNext(255)) - client-A18AB92CDBA5->6c928baf-cc3b-4a10-9362-ff4e15dca71d: receive RaftClientReply:client-A18AB92CDBA5->6c928baf-cc3b-4a10-9362-ff4e15dca71d@group-586430B97ADD, cid=3480, SUCCESS, logIndex=5013, commits[6c928baf-cc3b-4a10-9362-ff4e15dca71d:c5014]
2019-08-10 04:38:44,136 INFO  client.GrpcClientProtocolClient (GrpcClientProtocolClient.java:onNext(255)) - client-A18AB92CDBA5->6c928baf-cc3b-4a10-9362-ff4e15dca71d: receive RaftClientReply:client-A18AB92CDBA5->6c928baf-cc3b-4a10-9362-ff4e15dca71d@group-586430B97ADD, cid=3481, SUCCESS, logIndex=5015, commits[6c928baf-cc3b-4a10-9362-ff4e15dca71d:c5016]
2019-08-10 04:38:44,137 INFO  client.GrpcClientProtocolClient (GrpcClientProtocolClient.java:onNext(255)) - client-A18AB92CDBA5->6c928baf-cc3b-4a10-9362-ff4e15dca71d: receive RaftClientReply:client-A18AB92CDBA5->6c928baf-cc3b-4a10-9362-ff4e15dca71d@group-586430B97ADD, cid=3482, SUCCESS, logIndex=5016, commits[6c928baf-cc3b-4a10-9362-ff4e15dca71d:c5018]
2019-08-10 04:38:44,137 INFO  client.GrpcClientProtocolClient (GrpcClientProtocolClient.java:onNext(255)) - client-A18AB92CDBA5->6c928baf-cc3b-4a10-9362-ff4e15dca71d: receive RaftClientReply:client-A18AB92CDBA5->6c928baf-cc3b-4a10-9362-ff4e15dca71d@group-586430B97ADD, cid=3483, SUCCESS, logIndex=5017, commits[6c928baf-cc3b-4a10-9362-ff4e15dca71d:c5019]
2019-08-10 04:38:44,137 INFO  client.GrpcClientProtocolClient (GrpcClientProtocolClient.java:onNext(255)) - client-A18AB92CDBA5->6c928baf-cc3b-4a10-9362-ff4e15dca71d: receive RaftClientReply:client-A18AB92CDBA5->6c928baf-cc3b-4a10-9362-ff4e15dca71d@group-586430B97ADD, cid=3484, SUCCESS, logIndex=5018, commits[6c928baf-cc3b-4a10-9362-ff4e15dca71d:c5019]
2019-08-10 04:38:44,155 INFO  client.GrpcClientProtocolClient (GrpcClientProtocolClient.java:onNext(255)) - client-A18AB92CDBA5->6c928baf-cc3b-4a10-9362-ff4e15dca71d: receive RaftClientReply:client-A18AB92CDBA5->6c928baf-cc3b-4a10-9362-ff4e15dca71d@group-586430B97ADD, cid=3485, SUCCESS, logIndex=5021, commits[6c928baf-cc3b-4a10-9362-ff4e15dca71d:c5022]
2019-08-10 04:38:44,156 INFO  client.GrpcClientProtocolClient (GrpcClientProtocolClient.java:onNext(255)) - client-A18AB92CDBA5->6c928baf-cc3b-4a10-9362-ff4e15dca71d: receive RaftClientReply:client-A18AB92CDBA5->6c928baf-cc3b-4a10-9362-ff4e15dca71d@group-586430B97ADD, cid=3486, SUCCESS, logIndex=5022, commits[6c928baf-cc3b-4a10-9362-ff4e15dca71d:c5024]
2019-08-10 04:38:44,156 INFO  client.GrpcClientProtocolClient (GrpcClientProtocolClient.java:onNext(255)) - client-A18AB92CDBA5->6c928baf-cc3b-4a10-9362-ff4e15dca71d: receive RaftClientReply:client-A18AB92CDBA5->6c928baf-cc3b-4a10-9362-ff4e15dca71d@group-586430B97ADD, cid=3487, SUCCESS, logIndex=5023, commits[6c928baf-cc3b-4a10-9362-ff4e15dca71d:c5024]
2019-08-10 04:38:44,156 INFO  client.GrpcClientProtocolClient (GrpcClientProtocolClient.java:onNext(255)) - client-A18AB92CDBA5->6c928baf-cc3b-4a10-9362-ff4e15dca71d: receive RaftClientReply:client-A18AB92CDBA5->6c928baf-cc3b-4a10-9362-ff4e15dca71d@group-586430B97ADD, cid=3488, SUCCESS, logIndex=5024, commits[6c928baf-cc3b-4a10-9362-ff4e15dca71d:c5025]
2019-08-10 04:38:44,161 DEBUG block.SCMBlockDeletingService (SCMBlockDeletingService.java:call(138)) - Running DeletedBlockTransactionScanner
2019-08-10 04:38:44,162 DEBUG block.SCMBlockDeletingService (SCMBlockDeletingService.java:call(155)) - Scanned deleted blocks log and got 0 delTX to process.
2019-08-10 04:38:44,190 INFO  client.GrpcClientProtocolClient (GrpcClientProtocolClient.java:onNext(255)) - client-A18AB92CDBA5->6c928baf-cc3b-4a10-9362-ff4e15dca71d: receive RaftClientReply:client-A18AB92CDBA5->6c928baf-cc3b-4a10-9362-ff4e15dca71d@group-586430B97ADD, cid=3489, SUCCESS, logIndex=5027, commits[6c928baf-cc3b-4a10-9362-ff4e15dca71d:c5030]
2019-08-10 04:38:44,191 INFO  client.GrpcClientProtocolClient (GrpcClientProtocolClient.java:onNext(255)) - client-A18AB92CDBA5->6c928baf-cc3b-4a10-9362-ff4e15dca71d: receive RaftClientReply:client-A18AB92CDBA5->6c928baf-cc3b-4a10-9362-ff4e15dca71d@group-586430B97ADD, cid=3490, SUCCESS, logIndex=5028, commits[6c928baf-cc3b-4a10-9362-ff4e15dca71d:c5031]
2019-08-10 04:38:44,191 INFO  client.GrpcClientProtocolClient (GrpcClientProtocolClient.java:onNext(255)) - client-A18AB92CDBA5->6c928baf-cc3b-4a10-9362-ff4e15dca71d: receive RaftClientReply:client-A18AB92CDBA5->6c928baf-cc3b-4a10-9362-ff4e15dca71d@group-586430B97ADD, cid=3491, SUCCESS, logIndex=5029, commits[6c928baf-cc3b-4a10-9362-ff4e15dca71d:c5031]
2019-08-10 04:38:44,192 INFO  client.GrpcClientProtocolClient (GrpcClientProtocolClient.java:onNext(255)) - client-A18AB92CDBA5->6c928baf-cc3b-4a10-9362-ff4e15dca71d: receive RaftClientReply:client-A18AB92CDBA5->6c928baf-cc3b-4a10-9362-ff4e15dca71d@group-586430B97ADD, cid=3492, SUCCESS, logIndex=5030, commits[6c928baf-cc3b-4a10-9362-ff4e15dca71d:c5031]
2019-08-10 04:38:44,262 DEBUG block.SCMBlockDeletingService (SCMBlockDeletingService.java:call(138)) - Running DeletedBlockTransactionScanner
2019-08-10 04:38:44,262 DEBUG block.SCMBlockDeletingService (SCMBlockDeletingService.java:call(155)) - Scanned deleted blocks log and got 0 delTX to process.
2019-08-10 04:38:44,340 INFO  client.GrpcClientProtocolClient (GrpcClientProtocolClient.java:onNext(255)) - client-A18AB92CDBA5->6c928baf-cc3b-4a10-9362-ff4e15dca71d: receive RaftClientReply:client-A18AB92CDBA5->6c928baf-cc3b-4a10-9362-ff4e15dca71d@group-586430B97ADD, cid=3493, SUCCESS, logIndex=5032, commits[6c928baf-cc3b-4a10-9362-ff4e15dca71d:c5035]
2019-08-10 04:38:44,340 INFO  client.GrpcClientProtocolClient (GrpcClientProtocolClient.java:onNext(255)) - client-A18AB92CDBA5->6c928baf-cc3b-4a10-9362-ff4e15dca71d: receive RaftClientReply:client-A18AB92CDBA5->6c928baf-cc3b-4a10-9362-ff4e15dca71d@group-586430B97ADD, cid=3494, SUCCESS, logIndex=5033, commits[6c928baf-cc3b-4a10-9362-ff4e15dca71d:c5036]
2019-08-10 04:38:44,341 INFO  client.GrpcClientProtocolClient (GrpcClientProtocolClient.java:onNext(255)) - client-A18AB92CDBA5->6c928baf-cc3b-4a10-9362-ff4e15dca71d: receive RaftClientReply:client-A18AB92CDBA5->6c928baf-cc3b-4a10-9362-ff4e15dca71d@group-586430B97ADD, cid=3495, SUCCESS, logIndex=5034, commits[6c928baf-cc3b-4a10-9362-ff4e15dca71d:c5036]
2019-08-10 04:38:44,341 INFO  client.GrpcClientProtocolClient (GrpcClientProtocolClient.java:onNext(255)) - client-A18AB92CDBA5->6c928baf-cc3b-4a10-9362-ff4e15dca71d: receive RaftClientReply:client-A18AB92CDBA5->6c928baf-cc3b-4a10-9362-ff4e15dca71d@group-586430B97ADD, cid=3496, SUCCESS, logIndex=5035, commits[6c928baf-cc3b-4a10-9362-ff4e15dca71d:c5036]
2019-08-10 04:38:44,363 DEBUG block.SCMBlockDeletingService (SCMBlockDeletingService.java:call(138)) - Running DeletedBlockTransactionScanner
2019-08-10 04:38:44,363 DEBUG block.SCMBlockDeletingService (SCMBlockDeletingService.java:call(155)) - Scanned deleted blocks log and got 0 delTX to process.
2019-08-10 04:38:44,374 INFO  client.GrpcClientProtocolClient (GrpcClientProtocolClient.java:onNext(255)) - client-A18AB92CDBA5->6c928baf-cc3b-4a10-9362-ff4e15dca71d: receive RaftClientReply:client-A18AB92CDBA5->6c928baf-cc3b-4a10-9362-ff4e15dca71d@group-586430B97ADD, cid=3497, SUCCESS, logIndex=5037, commits[6c928baf-cc3b-4a10-9362-ff4e15dca71d:c5038]
2019-08-10 04:38:44,375 INFO  client.GrpcClientProtocolClient (GrpcClientProtocolClient.java:onNext(255)) - client-A18AB92CDBA5->6c928baf-cc3b-4a10-9362-ff4e15dca71d: receive RaftClientReply:client-A18AB92CDBA5->6c928baf-cc3b-4a10-9362-ff4e15dca71d@group-586430B97ADD, cid=3498, SUCCESS, logIndex=5038, commits[6c928baf-cc3b-4a10-9362-ff4e15dca71d:c5040]
2019-08-10 04:38:44,375 INFO  client.GrpcClientProtocolClient (GrpcClientProtocolClient.java:onNext(255)) - client-A18AB92CDBA5->6c928baf-cc3b-4a10-9362-ff4e15dca71d: receive RaftClientReply:client-A18AB92CDBA5->6c928baf-cc3b-4a10-9362-ff4e15dca71d@group-586430B97ADD, cid=3499, SUCCESS, logIndex=5039, commits[6c928baf-cc3b-4a10-9362-ff4e15dca71d:c5040]
2019-08-10 04:38:44,375 INFO  client.GrpcClientProtocolClient (GrpcClientProtocolClient.java:onNext(255)) - client-A18AB92CDBA5->6c928baf-cc3b-4a10-9362-ff4e15dca71d: receive RaftClientReply:client-A18AB92CDBA5->6c928baf-cc3b-4a10-9362-ff4e15dca71d@group-586430B97ADD, cid=3500, SUCCESS, logIndex=5040, commits[6c928baf-cc3b-4a10-9362-ff4e15dca71d:c5041]
2019-08-10 04:38:44,395 INFO  client.GrpcClientProtocolClient (GrpcClientProtocolClient.java:onNext(255)) - client-A18AB92CDBA5->6c928baf-cc3b-4a10-9362-ff4e15dca71d: receive RaftClientReply:client-A18AB92CDBA5->6c928baf-cc3b-4a10-9362-ff4e15dca71d@group-586430B97ADD, cid=3501, SUCCESS, logIndex=5043, commits[6c928baf-cc3b-4a10-9362-ff4e15dca71d:c5044]
2019-08-10 04:38:44,395 INFO  client.GrpcClientProtocolClient (GrpcClientProtocolClient.java:onNext(255)) - client-A18AB92CDBA5->6c928baf-cc3b-4a10-9362-ff4e15dca71d: receive RaftClientReply:client-A18AB92CDBA5->6c928baf-cc3b-4a10-9362-ff4e15dca71d@group-586430B97ADD, cid=3502, SUCCESS, logIndex=5044, commits[6c928baf-cc3b-4a10-9362-ff4e15dca71d:c5044]
2019-08-10 04:38:44,397 INFO  client.GrpcClientProtocolClient (GrpcClientProtocolClient.java:onNext(255)) - client-A18AB92CDBA5->6c928baf-cc3b-4a10-9362-ff4e15dca71d: receive RaftClientReply:client-A18AB92CDBA5->6c928baf-cc3b-4a10-9362-ff4e15dca71d@group-586430B97ADD, cid=3503, SUCCESS, logIndex=5045, commits[6c928baf-cc3b-4a10-9362-ff4e15dca71d:c5046]
2019-08-10 04:38:44,397 INFO  client.GrpcClientProtocolClient (GrpcClientProtocolClient.java:onNext(255)) - client-A18AB92CDBA5->6c928baf-cc3b-4a10-9362-ff4e15dca71d: receive RaftClientReply:client-A18AB92CDBA5->6c928baf-cc3b-4a10-9362-ff4e15dca71d@group-586430B97ADD, cid=3504, SUCCESS, logIndex=5046, commits[6c928baf-cc3b-4a10-9362-ff4e15dca71d:c5046]
2019-08-10 04:38:44,429 INFO  client.GrpcClientProtocolClient (GrpcClientProtocolClient.java:onNext(255)) - client-A18AB92CDBA5->6c928baf-cc3b-4a10-9362-ff4e15dca71d: receive RaftClientReply:client-A18AB92CDBA5->6c928baf-cc3b-4a10-9362-ff4e15dca71d@group-586430B97ADD, cid=3505, SUCCESS, logIndex=5049, commits[6c928baf-cc3b-4a10-9362-ff4e15dca71d:c5053]
2019-08-10 04:38:44,429 INFO  client.GrpcClientProtocolClient (GrpcClientProtocolClient.java:onNext(255)) - client-A18AB92CDBA5->6c928baf-cc3b-4a10-9362-ff4e15dca71d: receive RaftClientReply:client-A18AB92CDBA5->6c928baf-cc3b-4a10-9362-ff4e15dca71d@group-586430B97ADD, cid=3506, SUCCESS, logIndex=5050, commits[6c928baf-cc3b-4a10-9362-ff4e15dca71d:c5053]
2019-08-10 04:38:44,430 INFO  client.GrpcClientProtocolClient (GrpcClientProtocolClient.java:onNext(255)) - client-A18AB92CDBA5->6c928baf-cc3b-4a10-9362-ff4e15dca71d: receive RaftClientReply:client-A18AB92CDBA5->6c928baf-cc3b-4a10-9362-ff4e15dca71d@group-586430B97ADD, cid=3507, SUCCESS, logIndex=5051, commits[6c928baf-cc3b-4a10-9362-ff4e15dca71d:c5054]
2019-08-10 04:38:44,430 INFO  client.GrpcClientProtocolClient (GrpcClientProtocolClient.java:onNext(255)) - client-A18AB92CDBA5->6c928baf-cc3b-4a10-9362-ff4e15dca71d: receive RaftClientReply:client-A18AB92CDBA5->6c928baf-cc3b-4a10-9362-ff4e15dca71d@group-586430B97ADD, cid=3508, SUCCESS, logIndex=5052, commits[6c928baf-cc3b-4a10-9362-ff4e15dca71d:c5054]
2019-08-10 04:38:44,448 INFO  client.GrpcClientProtocolClient (GrpcClientProtocolClient.java:onNext(255)) - client-A18AB92CDBA5->6c928baf-cc3b-4a10-9362-ff4e15dca71d: receive RaftClientReply:client-A18AB92CDBA5->6c928baf-cc3b-4a10-9362-ff4e15dca71d@group-586430B97ADD, cid=3509, SUCCESS, logIndex=5055, commits[6c928baf-cc3b-4a10-9362-ff4e15dca71d:c5056]
2019-08-10 04:38:44,449 INFO  client.GrpcClientProtocolClient (GrpcClientProtocolClient.java:onNext(255)) - client-A18AB92CDBA5->6c928baf-cc3b-4a10-9362-ff4e15dca71d: receive RaftClientReply:client-A18AB92CDBA5->6c928baf-cc3b-4a10-9362-ff4e15dca71d@group-586430B97ADD, cid=3510, SUCCESS, logIndex=5056, commits[6c928baf-cc3b-4a10-9362-ff4e15dca71d:c5058]
2019-08-10 04:38:44,449 INFO  client.GrpcClientProtocolClient (GrpcClientProtocolClient.java:onNext(255)) - client-A18AB92CDBA5->6c928baf-cc3b-4a10-9362-ff4e15dca71d: receive RaftClientReply:client-A18AB92CDBA5->6c928baf-cc3b-4a10-9362-ff4e15dca71d@group-586430B97ADD, cid=3511, SUCCESS, logIndex=5057, commits[6c928baf-cc3b-4a10-9362-ff4e15dca71d:c5059]
2019-08-10 04:38:44,449 INFO  client.GrpcClientProtocolClient (GrpcClientProtocolClient.java:onNext(255)) - client-A18AB92CDBA5->6c928baf-cc3b-4a10-9362-ff4e15dca71d: receive RaftClientReply:client-A18AB92CDBA5->6c928baf-cc3b-4a10-9362-ff4e15dca71d@group-586430B97ADD, cid=3512, SUCCESS, logIndex=5058, commits[6c928baf-cc3b-4a10-9362-ff4e15dca71d:c5059]
2019-08-10 04:38:44,463 DEBUG block.SCMBlockDeletingService (SCMBlockDeletingService.java:call(138)) - Running DeletedBlockTransactionScanner
2019-08-10 04:38:44,464 DEBUG block.SCMBlockDeletingService (SCMBlockDeletingService.java:call(155)) - Scanned deleted blocks log and got 0 delTX to process.
2019-08-10 04:38:44,480 INFO  client.GrpcClientProtocolClient (GrpcClientProtocolClient.java:onNext(255)) - client-A18AB92CDBA5->6c928baf-cc3b-4a10-9362-ff4e15dca71d: receive RaftClientReply:client-A18AB92CDBA5->6c928baf-cc3b-4a10-9362-ff4e15dca71d@group-586430B97ADD, cid=3513, SUCCESS, logIndex=5061, commits[6c928baf-cc3b-4a10-9362-ff4e15dca71d:c5062]
2019-08-10 04:38:44,481 INFO  client.GrpcClientProtocolClient (GrpcClientProtocolClient.java:onNext(255)) - client-A18AB92CDBA5->6c928baf-cc3b-4a10-9362-ff4e15dca71d: receive RaftClientReply:client-A18AB92CDBA5->6c928baf-cc3b-4a10-9362-ff4e15dca71d@group-586430B97ADD, cid=3514, SUCCESS, logIndex=5062, commits[6c928baf-cc3b-4a10-9362-ff4e15dca71d:c5064]
2019-08-10 04:38:44,481 INFO  client.GrpcClientProtocolClient (GrpcClientProtocolClient.java:onNext(255)) - client-A18AB92CDBA5->6c928baf-cc3b-4a10-9362-ff4e15dca71d: receive RaftClientReply:client-A18AB92CDBA5->6c928baf-cc3b-4a10-9362-ff4e15dca71d@group-586430B97ADD, cid=3515, SUCCESS, logIndex=5063, commits[6c928baf-cc3b-4a10-9362-ff4e15dca71d:c5065]
2019-08-10 04:38:44,481 INFO  client.GrpcClientProtocolClient (GrpcClientProtocolClient.java:onNext(255)) - client-A18AB92CDBA5->6c928baf-cc3b-4a10-9362-ff4e15dca71d: receive RaftClientReply:client-A18AB92CDBA5->6c928baf-cc3b-4a10-9362-ff4e15dca71d@group-586430B97ADD, cid=3516, SUCCESS, logIndex=5064, commits[6c928baf-cc3b-4a10-9362-ff4e15dca71d:c5065]
2019-08-10 04:38:44,501 INFO  client.GrpcClientProtocolClient (GrpcClientProtocolClient.java:onNext(255)) - client-A18AB92CDBA5->6c928baf-cc3b-4a10-9362-ff4e15dca71d: receive RaftClientReply:client-A18AB92CDBA5->6c928baf-cc3b-4a10-9362-ff4e15dca71d@group-586430B97ADD, cid=3517, SUCCESS, logIndex=5067, commits[6c928baf-cc3b-4a10-9362-ff4e15dca71d:c5068]
2019-08-10 04:38:44,501 INFO  client.GrpcClientProtocolClient (GrpcClientProtocolClient.java:onNext(255)) - client-A18AB92CDBA5->6c928baf-cc3b-4a10-9362-ff4e15dca71d: receive RaftClientReply:client-A18AB92CDBA5->6c928baf-cc3b-4a10-9362-ff4e15dca71d@group-586430B97ADD, cid=3518, SUCCESS, logIndex=5068, commits[6c928baf-cc3b-4a10-9362-ff4e15dca71d:c5068]
2019-08-10 04:38:44,503 INFO  client.GrpcClientProtocolClient (GrpcClientProtocolClient.java:onNext(255)) - client-A18AB92CDBA5->6c928baf-cc3b-4a10-9362-ff4e15dca71d: receive RaftClientReply:client-A18AB92CDBA5->6c928baf-cc3b-4a10-9362-ff4e15dca71d@group-586430B97ADD, cid=3519, SUCCESS, logIndex=5069, commits[6c928baf-cc3b-4a10-9362-ff4e15dca71d:c5070]
2019-08-10 04:38:44,503 INFO  client.GrpcClientProtocolClient (GrpcClientProtocolClient.java:onNext(255)) - client-A18AB92CDBA5->6c928baf-cc3b-4a10-9362-ff4e15dca71d: receive RaftClientReply:client-A18AB92CDBA5->6c928baf-cc3b-4a10-9362-ff4e15dca71d@group-586430B97ADD, cid=3520, SUCCESS, logIndex=5070, commits[6c928baf-cc3b-4a10-9362-ff4e15dca71d:c5070]
2019-08-10 04:38:44,536 INFO  client.GrpcClientProtocolClient (GrpcClientProtocolClient.java:onNext(255)) - client-A18AB92CDBA5->6c928baf-cc3b-4a10-9362-ff4e15dca71d: receive RaftClientReply:client-A18AB92CDBA5->6c928baf-cc3b-4a10-9362-ff4e15dca71d@group-586430B97ADD, cid=3521, SUCCESS, logIndex=5073, commits[6c928baf-cc3b-4a10-9362-ff4e15dca71d:c5076]
2019-08-10 04:38:44,536 INFO  client.GrpcClientProtocolClient (GrpcClientProtocolClient.java:onNext(255)) - client-A18AB92CDBA5->6c928baf-cc3b-4a10-9362-ff4e15dca71d: receive RaftClientReply:client-A18AB92CDBA5->6c928baf-cc3b-4a10-9362-ff4e15dca71d@group-586430B97ADD, cid=3522, SUCCESS, logIndex=5074, commits[6c928baf-cc3b-4a10-9362-ff4e15dca71d:c5076]
2019-08-10 04:38:44,536 INFO  client.GrpcClientProtocolClient (GrpcClientProtocolClient.java:onNext(255)) - client-A18AB92CDBA5->6c928baf-cc3b-4a10-9362-ff4e15dca71d: receive RaftClientReply:client-A18AB92CDBA5->6c928baf-cc3b-4a10-9362-ff4e15dca71d@group-586430B97ADD, cid=3523, SUCCESS, logIndex=5075, commits[6c928baf-cc3b-4a10-9362-ff4e15dca71d:c5077]
2019-08-10 04:38:44,537 INFO  client.GrpcClientProtocolClient (GrpcClientProtocolClient.java:onNext(255)) - client-A18AB92CDBA5->6c928baf-cc3b-4a10-9362-ff4e15dca71d: receive RaftClientReply:client-A18AB92CDBA5->6c928baf-cc3b-4a10-9362-ff4e15dca71d@group-586430B97ADD, cid=3524, SUCCESS, logIndex=5076, commits[6c928baf-cc3b-4a10-9362-ff4e15dca71d:c5077]
2019-08-10 04:38:44,556 INFO  client.GrpcClientProtocolClient (GrpcClientProtocolClient.java:onNext(255)) - client-A18AB92CDBA5->6c928baf-cc3b-4a10-9362-ff4e15dca71d: receive RaftClientReply:client-A18AB92CDBA5->6c928baf-cc3b-4a10-9362-ff4e15dca71d@group-586430B97ADD, cid=3525, SUCCESS, logIndex=5078, commits[6c928baf-cc3b-4a10-9362-ff4e15dca71d:c5079]
2019-08-10 04:38:44,557 INFO  client.GrpcClientProtocolClient (GrpcClientProtocolClient.java:onNext(255)) - client-A18AB92CDBA5->6c928baf-cc3b-4a10-9362-ff4e15dca71d: receive RaftClientReply:client-A18AB92CDBA5->6c928baf-cc3b-4a10-9362-ff4e15dca71d@group-586430B97ADD, cid=3526, SUCCESS, logIndex=5079, commits[6c928baf-cc3b-4a10-9362-ff4e15dca71d:c5079]
2019-08-10 04:38:44,558 INFO  client.GrpcClientProtocolClient (GrpcClientProtocolClient.java:onNext(255)) - client-A18AB92CDBA5->6c928baf-cc3b-4a10-9362-ff4e15dca71d: receive RaftClientReply:client-A18AB92CDBA5->6c928baf-cc3b-4a10-9362-ff4e15dca71d@group-586430B97ADD, cid=3527, SUCCESS, logIndex=5080, commits[6c928baf-cc3b-4a10-9362-ff4e15dca71d:c5081]
2019-08-10 04:38:44,558 INFO  client.GrpcClientProtocolClient (GrpcClientProtocolClient.java:onNext(255)) - client-A18AB92CDBA5->6c928baf-cc3b-4a10-9362-ff4e15dca71d: receive RaftClientReply:client-A18AB92CDBA5->6c928baf-cc3b-4a10-9362-ff4e15dca71d@group-586430B97ADD, cid=3528, SUCCESS, logIndex=5081, commits[6c928baf-cc3b-4a10-9362-ff4e15dca71d:c5081]
2019-08-10 04:38:44,564 DEBUG block.SCMBlockDeletingService (SCMBlockDeletingService.java:call(138)) - Running DeletedBlockTransactionScanner
2019-08-10 04:38:44,565 DEBUG block.SCMBlockDeletingService (SCMBlockDeletingService.java:call(155)) - Scanned deleted blocks log and got 0 delTX to process.
2019-08-10 04:38:44,588 INFO  client.GrpcClientProtocolClient (GrpcClientProtocolClient.java:onNext(255)) - client-A18AB92CDBA5->6c928baf-cc3b-4a10-9362-ff4e15dca71d: receive RaftClientReply:client-A18AB92CDBA5->6c928baf-cc3b-4a10-9362-ff4e15dca71d@group-586430B97ADD, cid=3529, SUCCESS, logIndex=5084, commits[6c928baf-cc3b-4a10-9362-ff4e15dca71d:c5087]
2019-08-10 04:38:44,589 INFO  client.GrpcClientProtocolClient (GrpcClientProtocolClient.java:onNext(255)) - client-A18AB92CDBA5->6c928baf-cc3b-4a10-9362-ff4e15dca71d: receive RaftClientReply:client-A18AB92CDBA5->6c928baf-cc3b-4a10-9362-ff4e15dca71d@group-586430B97ADD, cid=3530, SUCCESS, logIndex=5085, commits[6c928baf-cc3b-4a10-9362-ff4e15dca71d:c5087]
2019-08-10 04:38:44,589 INFO  client.GrpcClientProtocolClient (GrpcClientProtocolClient.java:onNext(255)) - client-A18AB92CDBA5->6c928baf-cc3b-4a10-9362-ff4e15dca71d: receive RaftClientReply:client-A18AB92CDBA5->6c928baf-cc3b-4a10-9362-ff4e15dca71d@group-586430B97ADD, cid=3531, SUCCESS, logIndex=5086, commits[6c928baf-cc3b-4a10-9362-ff4e15dca71d:c5088]
2019-08-10 04:38:44,589 INFO  client.GrpcClientProtocolClient (GrpcClientProtocolClient.java:onNext(255)) - client-A18AB92CDBA5->6c928baf-cc3b-4a10-9362-ff4e15dca71d: receive RaftClientReply:client-A18AB92CDBA5->6c928baf-cc3b-4a10-9362-ff4e15dca71d@group-586430B97ADD, cid=3532, SUCCESS, logIndex=5087, commits[6c928baf-cc3b-4a10-9362-ff4e15dca71d:c5088]
2019-08-10 04:38:44,607 INFO  client.GrpcClientProtocolClient (GrpcClientProtocolClient.java:onNext(255)) - client-A18AB92CDBA5->6c928baf-cc3b-4a10-9362-ff4e15dca71d: receive RaftClientReply:client-A18AB92CDBA5->6c928baf-cc3b-4a10-9362-ff4e15dca71d@group-586430B97ADD, cid=3533, SUCCESS, logIndex=5089, commits[6c928baf-cc3b-4a10-9362-ff4e15dca71d:c5090]
2019-08-10 04:38:44,607 INFO  client.GrpcClientProtocolClient (GrpcClientProtocolClient.java:onNext(255)) - client-A18AB92CDBA5->6c928baf-cc3b-4a10-9362-ff4e15dca71d: receive RaftClientReply:client-A18AB92CDBA5->6c928baf-cc3b-4a10-9362-ff4e15dca71d@group-586430B97ADD, cid=3534, SUCCESS, logIndex=5090, commits[6c928baf-cc3b-4a10-9362-ff4e15dca71d:c5090]
2019-08-10 04:38:44,621 INFO  client.GrpcClientProtocolClient (GrpcClientProtocolClient.java:onNext(255)) - client-A18AB92CDBA5->6c928baf-cc3b-4a10-9362-ff4e15dca71d: receive RaftClientReply:client-A18AB92CDBA5->6c928baf-cc3b-4a10-9362-ff4e15dca71d@group-586430B97ADD, cid=3535, SUCCESS, logIndex=5091, commits[6c928baf-cc3b-4a10-9362-ff4e15dca71d:c5093]
2019-08-10 04:38:44,621 INFO  client.GrpcClientProtocolClient (GrpcClientProtocolClient.java:onNext(255)) - client-A18AB92CDBA5->6c928baf-cc3b-4a10-9362-ff4e15dca71d: receive RaftClientReply:client-A18AB92CDBA5->6c928baf-cc3b-4a10-9362-ff4e15dca71d@group-586430B97ADD, cid=3536, SUCCESS, logIndex=5092, commits[6c928baf-cc3b-4a10-9362-ff4e15dca71d:c5093]
2019-08-10 04:38:44,665 DEBUG block.SCMBlockDeletingService (SCMBlockDeletingService.java:call(138)) - Running DeletedBlockTransactionScanner
2019-08-10 04:38:44,665 DEBUG block.SCMBlockDeletingService (SCMBlockDeletingService.java:call(155)) - Scanned deleted blocks log and got 0 delTX to process.
2019-08-10 04:38:44,820 DEBUG block.SCMBlockDeletingService (SCMBlockDeletingService.java:call(138)) - Running DeletedBlockTransactionScanner
2019-08-10 04:38:44,820 DEBUG block.SCMBlockDeletingService (SCMBlockDeletingService.java:call(155)) - Scanned deleted blocks log and got 0 delTX to process.
2019-08-10 04:38:44,833 INFO  client.GrpcClientProtocolClient (GrpcClientProtocolClient.java:onNext(255)) - client-A18AB92CDBA5->6c928baf-cc3b-4a10-9362-ff4e15dca71d: receive RaftClientReply:client-A18AB92CDBA5->6c928baf-cc3b-4a10-9362-ff4e15dca71d@group-586430B97ADD, cid=3537, SUCCESS, logIndex=5094, commits[6c928baf-cc3b-4a10-9362-ff4e15dca71d:c5097]
2019-08-10 04:38:44,834 INFO  client.GrpcClientProtocolClient (GrpcClientProtocolClient.java:onNext(255)) - client-A18AB92CDBA5->6c928baf-cc3b-4a10-9362-ff4e15dca71d: receive RaftClientReply:client-A18AB92CDBA5->6c928baf-cc3b-4a10-9362-ff4e15dca71d@group-586430B97ADD, cid=3538, SUCCESS, logIndex=5095, commits[6c928baf-cc3b-4a10-9362-ff4e15dca71d:c5097]
2019-08-10 04:38:44,834 INFO  client.GrpcClientProtocolClient (GrpcClientProtocolClient.java:onNext(255)) - client-A18AB92CDBA5->6c928baf-cc3b-4a10-9362-ff4e15dca71d: receive RaftClientReply:client-A18AB92CDBA5->6c928baf-cc3b-4a10-9362-ff4e15dca71d@group-586430B97ADD, cid=3539, SUCCESS, logIndex=5096, commits[6c928baf-cc3b-4a10-9362-ff4e15dca71d:c5098]
2019-08-10 04:38:44,834 INFO  client.GrpcClientProtocolClient (GrpcClientProtocolClient.java:onNext(255)) - client-A18AB92CDBA5->6c928baf-cc3b-4a10-9362-ff4e15dca71d: receive RaftClientReply:client-A18AB92CDBA5->6c928baf-cc3b-4a10-9362-ff4e15dca71d@group-586430B97ADD, cid=3540, SUCCESS, logIndex=5097, commits[6c928baf-cc3b-4a10-9362-ff4e15dca71d:c5098]
2019-08-10 04:38:44,855 INFO  client.GrpcClientProtocolClient (GrpcClientProtocolClient.java:onNext(255)) - client-A18AB92CDBA5->6c928baf-cc3b-4a10-9362-ff4e15dca71d: receive RaftClientReply:client-A18AB92CDBA5->6c928baf-cc3b-4a10-9362-ff4e15dca71d@group-586430B97ADD, cid=3541, SUCCESS, logIndex=5099, commits[6c928baf-cc3b-4a10-9362-ff4e15dca71d:c5100]
2019-08-10 04:38:44,856 INFO  client.GrpcClientProtocolClient (GrpcClientProtocolClient.java:onNext(255)) - client-A18AB92CDBA5->6c928baf-cc3b-4a10-9362-ff4e15dca71d: receive RaftClientReply:client-A18AB92CDBA5->6c928baf-cc3b-4a10-9362-ff4e15dca71d@group-586430B97ADD, cid=3542, SUCCESS, logIndex=5100, commits[6c928baf-cc3b-4a10-9362-ff4e15dca71d:c5102]
2019-08-10 04:38:44,856 INFO  client.GrpcClientProtocolClient (GrpcClientProtocolClient.java:onNext(255)) - client-A18AB92CDBA5->6c928baf-cc3b-4a10-9362-ff4e15dca71d: receive RaftClientReply:client-A18AB92CDBA5->6c928baf-cc3b-4a10-9362-ff4e15dca71d@group-586430B97ADD, cid=3543, SUCCESS, logIndex=5101, commits[6c928baf-cc3b-4a10-9362-ff4e15dca71d:c5103]
2019-08-10 04:38:44,857 INFO  client.GrpcClientProtocolClient (GrpcClientProtocolClient.java:onNext(255)) - client-A18AB92CDBA5->6c928baf-cc3b-4a10-9362-ff4e15dca71d: receive RaftClientReply:client-A18AB92CDBA5->6c928baf-cc3b-4a10-9362-ff4e15dca71d@group-586430B97ADD, cid=3544, SUCCESS, logIndex=5102, commits[6c928baf-cc3b-4a10-9362-ff4e15dca71d:c5104]
2019-08-10 04:38:44,888 INFO  client.GrpcClientProtocolClient (GrpcClientProtocolClient.java:onNext(255)) - client-A18AB92CDBA5->6c928baf-cc3b-4a10-9362-ff4e15dca71d: receive RaftClientReply:client-A18AB92CDBA5->6c928baf-cc3b-4a10-9362-ff4e15dca71d@group-586430B97ADD, cid=3545, SUCCESS, logIndex=5105, commits[6c928baf-cc3b-4a10-9362-ff4e15dca71d:c5106]
2019-08-10 04:38:44,889 INFO  client.GrpcClientProtocolClient (GrpcClientProtocolClient.java:onNext(255)) - client-A18AB92CDBA5->6c928baf-cc3b-4a10-9362-ff4e15dca71d: receive RaftClientReply:client-A18AB92CDBA5->6c928baf-cc3b-4a10-9362-ff4e15dca71d@group-586430B97ADD, cid=3546, SUCCESS, logIndex=5106, commits[6c928baf-cc3b-4a10-9362-ff4e15dca71d:c5108]
2019-08-10 04:38:44,889 INFO  client.GrpcClientProtocolClient (GrpcClientProtocolClient.java:onNext(255)) - client-A18AB92CDBA5->6c928baf-cc3b-4a10-9362-ff4e15dca71d: receive RaftClientReply:client-A18AB92CDBA5->6c928baf-cc3b-4a10-9362-ff4e15dca71d@group-586430B97ADD, cid=3547, SUCCESS, logIndex=5107, commits[6c928baf-cc3b-4a10-9362-ff4e15dca71d:c5108]
2019-08-10 04:38:44,889 INFO  client.GrpcClientProtocolClient (GrpcClientProtocolClient.java:onNext(255)) - client-A18AB92CDBA5->6c928baf-cc3b-4a10-9362-ff4e15dca71d: receive RaftClientReply:client-A18AB92CDBA5->6c928baf-cc3b-4a10-9362-ff4e15dca71d@group-586430B97ADD, cid=3548, SUCCESS, logIndex=5108, commits[6c928baf-cc3b-4a10-9362-ff4e15dca71d:c5109]
2019-08-10 04:38:44,914 INFO  client.GrpcClientProtocolClient (GrpcClientProtocolClient.java:onNext(255)) - client-A18AB92CDBA5->6c928baf-cc3b-4a10-9362-ff4e15dca71d: receive RaftClientReply:client-A18AB92CDBA5->6c928baf-cc3b-4a10-9362-ff4e15dca71d@group-586430B97ADD, cid=3549, SUCCESS, logIndex=5111, commits[6c928baf-cc3b-4a10-9362-ff4e15dca71d:c5114]
2019-08-10 04:38:44,915 INFO  client.GrpcClientProtocolClient (GrpcClientProtocolClient.java:onNext(255)) - client-A18AB92CDBA5->6c928baf-cc3b-4a10-9362-ff4e15dca71d: receive RaftClientReply:client-A18AB92CDBA5->6c928baf-cc3b-4a10-9362-ff4e15dca71d@group-586430B97ADD, cid=3550, SUCCESS, logIndex=5112, commits[6c928baf-cc3b-4a10-9362-ff4e15dca71d:c5115]
2019-08-10 04:38:44,915 INFO  client.GrpcClientProtocolClient (GrpcClientProtocolClient.java:onNext(255)) - client-A18AB92CDBA5->6c928baf-cc3b-4a10-9362-ff4e15dca71d: receive RaftClientReply:client-A18AB92CDBA5->6c928baf-cc3b-4a10-9362-ff4e15dca71d@group-586430B97ADD, cid=3551, SUCCESS, logIndex=5113, commits[6c928baf-cc3b-4a10-9362-ff4e15dca71d:c5115]
2019-08-10 04:38:44,915 INFO  client.GrpcClientProtocolClient (GrpcClientProtocolClient.java:onNext(255)) - client-A18AB92CDBA5->6c928baf-cc3b-4a10-9362-ff4e15dca71d: receive RaftClientReply:client-A18AB92CDBA5->6c928baf-cc3b-4a10-9362-ff4e15dca71d@group-586430B97ADD, cid=3552, SUCCESS, logIndex=5114, commits[6c928baf-cc3b-4a10-9362-ff4e15dca71d:c5115]
2019-08-10 04:38:44,920 DEBUG block.SCMBlockDeletingService (SCMBlockDeletingService.java:call(138)) - Running DeletedBlockTransactionScanner
2019-08-10 04:38:44,921 DEBUG block.SCMBlockDeletingService (SCMBlockDeletingService.java:call(155)) - Scanned deleted blocks log and got 0 delTX to process.
2019-08-10 04:38:44,946 INFO  client.GrpcClientProtocolClient (GrpcClientProtocolClient.java:onNext(255)) - client-A18AB92CDBA5->6c928baf-cc3b-4a10-9362-ff4e15dca71d: receive RaftClientReply:client-A18AB92CDBA5->6c928baf-cc3b-4a10-9362-ff4e15dca71d@group-586430B97ADD, cid=3553, SUCCESS, logIndex=5116, commits[6c928baf-cc3b-4a10-9362-ff4e15dca71d:c5117]
2019-08-10 04:38:44,947 INFO  client.GrpcClientProtocolClient (GrpcClientProtocolClient.java:onNext(255)) - client-A18AB92CDBA5->6c928baf-cc3b-4a10-9362-ff4e15dca71d: receive RaftClientReply:client-A18AB92CDBA5->6c928baf-cc3b-4a10-9362-ff4e15dca71d@group-586430B97ADD, cid=3554, SUCCESS, logIndex=5117, commits[6c928baf-cc3b-4a10-9362-ff4e15dca71d:c5117]
2019-08-10 04:38:44,948 INFO  client.GrpcClientProtocolClient (GrpcClientProtocolClient.java:onNext(255)) - client-A18AB92CDBA5->6c928baf-cc3b-4a10-9362-ff4e15dca71d: receive RaftClientReply:client-A18AB92CDBA5->6c928baf-cc3b-4a10-9362-ff4e15dca71d@group-586430B97ADD, cid=3555, SUCCESS, logIndex=5118, commits[6c928baf-cc3b-4a10-9362-ff4e15dca71d:c5119]
2019-08-10 04:38:44,948 INFO  client.GrpcClientProtocolClient (GrpcClientProtocolClient.java:onNext(255)) - client-A18AB92CDBA5->6c928baf-cc3b-4a10-9362-ff4e15dca71d: receive RaftClientReply:client-A18AB92CDBA5->6c928baf-cc3b-4a10-9362-ff4e15dca71d@group-586430B97ADD, cid=3556, SUCCESS, logIndex=5119, commits[6c928baf-cc3b-4a10-9362-ff4e15dca71d:c5119]
2019-08-10 04:38:44,970 INFO  client.GrpcClientProtocolClient (GrpcClientProtocolClient.java:onNext(255)) - client-A18AB92CDBA5->6c928baf-cc3b-4a10-9362-ff4e15dca71d: receive RaftClientReply:client-A18AB92CDBA5->6c928baf-cc3b-4a10-9362-ff4e15dca71d@group-586430B97ADD, cid=3557, SUCCESS, logIndex=5122, commits[6c928baf-cc3b-4a10-9362-ff4e15dca71d:c5125]
2019-08-10 04:38:44,970 INFO  client.GrpcClientProtocolClient (GrpcClientProtocolClient.java:onNext(255)) - client-A18AB92CDBA5->6c928baf-cc3b-4a10-9362-ff4e15dca71d: receive RaftClientReply:client-A18AB92CDBA5->6c928baf-cc3b-4a10-9362-ff4e15dca71d@group-586430B97ADD, cid=3558, SUCCESS, logIndex=5123, commits[6c928baf-cc3b-4a10-9362-ff4e15dca71d:c5126]
2019-08-10 04:38:44,971 INFO  client.GrpcClientProtocolClient (GrpcClientProtocolClient.java:onNext(255)) - client-A18AB92CDBA5->6c928baf-cc3b-4a10-9362-ff4e15dca71d: receive RaftClientReply:client-A18AB92CDBA5->6c928baf-cc3b-4a10-9362-ff4e15dca71d@group-586430B97ADD, cid=3559, SUCCESS, logIndex=5124, commits[6c928baf-cc3b-4a10-9362-ff4e15dca71d:c5126]
2019-08-10 04:38:44,971 INFO  client.GrpcClientProtocolClient (GrpcClientProtocolClient.java:onNext(255)) - client-A18AB92CDBA5->6c928baf-cc3b-4a10-9362-ff4e15dca71d: receive RaftClientReply:client-A18AB92CDBA5->6c928baf-cc3b-4a10-9362-ff4e15dca71d@group-586430B97ADD, cid=3560, SUCCESS, logIndex=5125, commits[6c928baf-cc3b-4a10-9362-ff4e15dca71d:c5126]
2019-08-10 04:38:45,000 INFO  client.GrpcClientProtocolClient (GrpcClientProtocolClient.java:onNext(255)) - client-A18AB92CDBA5->6c928baf-cc3b-4a10-9362-ff4e15dca71d: receive RaftClientReply:client-A18AB92CDBA5->6c928baf-cc3b-4a10-9362-ff4e15dca71d@group-586430B97ADD, cid=3561, SUCCESS, logIndex=5127, commits[6c928baf-cc3b-4a10-9362-ff4e15dca71d:c5130]
2019-08-10 04:38:45,001 INFO  client.GrpcClientProtocolClient (GrpcClientProtocolClient.java:onNext(255)) - client-A18AB92CDBA5->6c928baf-cc3b-4a10-9362-ff4e15dca71d: receive RaftClientReply:client-A18AB92CDBA5->6c928baf-cc3b-4a10-9362-ff4e15dca71d@group-586430B97ADD, cid=3562, SUCCESS, logIndex=5128, commits[6c928baf-cc3b-4a10-9362-ff4e15dca71d:c5131]
2019-08-10 04:38:45,001 INFO  client.GrpcClientProtocolClient (GrpcClientProtocolClient.java:onNext(255)) - client-A18AB92CDBA5->6c928baf-cc3b-4a10-9362-ff4e15dca71d: receive RaftClientReply:client-A18AB92CDBA5->6c928baf-cc3b-4a10-9362-ff4e15dca71d@group-586430B97ADD, cid=3563, SUCCESS, logIndex=5129, commits[6c928baf-cc3b-4a10-9362-ff4e15dca71d:c5131]
2019-08-10 04:38:45,001 INFO  client.GrpcClientProtocolClient (GrpcClientProtocolClient.java:onNext(255)) - client-A18AB92CDBA5->6c928baf-cc3b-4a10-9362-ff4e15dca71d: receive RaftClientReply:client-A18AB92CDBA5->6c928baf-cc3b-4a10-9362-ff4e15dca71d@group-586430B97ADD, cid=3564, SUCCESS, logIndex=5130, commits[6c928baf-cc3b-4a10-9362-ff4e15dca71d:c5132]
2019-08-10 04:38:45,021 DEBUG block.SCMBlockDeletingService (SCMBlockDeletingService.java:call(138)) - Running DeletedBlockTransactionScanner
2019-08-10 04:38:45,021 DEBUG block.SCMBlockDeletingService (SCMBlockDeletingService.java:call(155)) - Scanned deleted blocks log and got 0 delTX to process.
2019-08-10 04:38:45,021 INFO  client.GrpcClientProtocolClient (GrpcClientProtocolClient.java:onNext(255)) - client-A18AB92CDBA5->6c928baf-cc3b-4a10-9362-ff4e15dca71d: receive RaftClientReply:client-A18AB92CDBA5->6c928baf-cc3b-4a10-9362-ff4e15dca71d@group-586430B97ADD, cid=3565, SUCCESS, logIndex=5133, commits[6c928baf-cc3b-4a10-9362-ff4e15dca71d:c5134]
2019-08-10 04:38:45,022 INFO  client.GrpcClientProtocolClient (GrpcClientProtocolClient.java:onNext(255)) - client-A18AB92CDBA5->6c928baf-cc3b-4a10-9362-ff4e15dca71d: receive RaftClientReply:client-A18AB92CDBA5->6c928baf-cc3b-4a10-9362-ff4e15dca71d@group-586430B97ADD, cid=3566, SUCCESS, logIndex=5134, commits[6c928baf-cc3b-4a10-9362-ff4e15dca71d:c5134]
2019-08-10 04:38:45,023 INFO  client.GrpcClientProtocolClient (GrpcClientProtocolClient.java:onNext(255)) - client-A18AB92CDBA5->6c928baf-cc3b-4a10-9362-ff4e15dca71d: receive RaftClientReply:client-A18AB92CDBA5->6c928baf-cc3b-4a10-9362-ff4e15dca71d@group-586430B97ADD, cid=3567, SUCCESS, logIndex=5135, commits[6c928baf-cc3b-4a10-9362-ff4e15dca71d:c5136]
2019-08-10 04:38:45,024 INFO  client.GrpcClientProtocolClient (GrpcClientProtocolClient.java:onNext(255)) - client-A18AB92CDBA5->6c928baf-cc3b-4a10-9362-ff4e15dca71d: receive RaftClientReply:client-A18AB92CDBA5->6c928baf-cc3b-4a10-9362-ff4e15dca71d@group-586430B97ADD, cid=3568, SUCCESS, logIndex=5136, commits[6c928baf-cc3b-4a10-9362-ff4e15dca71d:c5136]
2019-08-10 04:38:45,063 INFO  client.GrpcClientProtocolClient (GrpcClientProtocolClient.java:onNext(255)) - client-A18AB92CDBA5->6c928baf-cc3b-4a10-9362-ff4e15dca71d: receive RaftClientReply:client-A18AB92CDBA5->6c928baf-cc3b-4a10-9362-ff4e15dca71d@group-586430B97ADD, cid=3569, SUCCESS, logIndex=5139, commits[6c928baf-cc3b-4a10-9362-ff4e15dca71d:c5142]
2019-08-10 04:38:45,065 INFO  client.GrpcClientProtocolClient (GrpcClientProtocolClient.java:onNext(255)) - client-A18AB92CDBA5->6c928baf-cc3b-4a10-9362-ff4e15dca71d: receive RaftClientReply:client-A18AB92CDBA5->6c928baf-cc3b-4a10-9362-ff4e15dca71d@group-586430B97ADD, cid=3570, SUCCESS, logIndex=5140, commits[6c928baf-cc3b-4a10-9362-ff4e15dca71d:c5142]
2019-08-10 04:38:45,065 INFO  client.GrpcClientProtocolClient (GrpcClientProtocolClient.java:onNext(255)) - client-A18AB92CDBA5->6c928baf-cc3b-4a10-9362-ff4e15dca71d: receive RaftClientReply:client-A18AB92CDBA5->6c928baf-cc3b-4a10-9362-ff4e15dca71d@group-586430B97ADD, cid=3571, SUCCESS, logIndex=5141, commits[6c928baf-cc3b-4a10-9362-ff4e15dca71d:c5142]
2019-08-10 04:38:45,065 INFO  client.GrpcClientProtocolClient (GrpcClientProtocolClient.java:onNext(255)) - client-A18AB92CDBA5->6c928baf-cc3b-4a10-9362-ff4e15dca71d: receive RaftClientReply:client-A18AB92CDBA5->6c928baf-cc3b-4a10-9362-ff4e15dca71d@group-586430B97ADD, cid=3572, SUCCESS, logIndex=5142, commits[6c928baf-cc3b-4a10-9362-ff4e15dca71d:c5142]
2019-08-10 04:38:45,085 INFO  client.GrpcClientProtocolClient (GrpcClientProtocolClient.java:onNext(255)) - client-A18AB92CDBA5->6c928baf-cc3b-4a10-9362-ff4e15dca71d: receive RaftClientReply:client-A18AB92CDBA5->6c928baf-cc3b-4a10-9362-ff4e15dca71d@group-586430B97ADD, cid=3573, SUCCESS, logIndex=5144, commits[6c928baf-cc3b-4a10-9362-ff4e15dca71d:c5145]
2019-08-10 04:38:45,085 INFO  client.GrpcClientProtocolClient (GrpcClientProtocolClient.java:onNext(255)) - client-A18AB92CDBA5->6c928baf-cc3b-4a10-9362-ff4e15dca71d: receive RaftClientReply:client-A18AB92CDBA5->6c928baf-cc3b-4a10-9362-ff4e15dca71d@group-586430B97ADD, cid=3574, SUCCESS, logIndex=5145, commits[6c928baf-cc3b-4a10-9362-ff4e15dca71d:c5147]
2019-08-10 04:38:45,086 INFO  client.GrpcClientProtocolClient (GrpcClientProtocolClient.java:onNext(255)) - client-A18AB92CDBA5->6c928baf-cc3b-4a10-9362-ff4e15dca71d: receive RaftClientReply:client-A18AB92CDBA5->6c928baf-cc3b-4a10-9362-ff4e15dca71d@group-586430B97ADD, cid=3575, SUCCESS, logIndex=5146, commits[6c928baf-cc3b-4a10-9362-ff4e15dca71d:c5148]
2019-08-10 04:38:45,086 INFO  client.GrpcClientProtocolClient (GrpcClientProtocolClient.java:onNext(255)) - client-A18AB92CDBA5->6c928baf-cc3b-4a10-9362-ff4e15dca71d: receive RaftClientReply:client-A18AB92CDBA5->6c928baf-cc3b-4a10-9362-ff4e15dca71d@group-586430B97ADD, cid=3576, SUCCESS, logIndex=5147, commits[6c928baf-cc3b-4a10-9362-ff4e15dca71d:c5148]
2019-08-10 04:38:45,115 INFO  client.GrpcClientProtocolClient (GrpcClientProtocolClient.java:onNext(255)) - client-A18AB92CDBA5->6c928baf-cc3b-4a10-9362-ff4e15dca71d: receive RaftClientReply:client-A18AB92CDBA5->6c928baf-cc3b-4a10-9362-ff4e15dca71d@group-586430B97ADD, cid=3577, SUCCESS, logIndex=5150, commits[6c928baf-cc3b-4a10-9362-ff4e15dca71d:c5151]
2019-08-10 04:38:45,115 INFO  client.GrpcClientProtocolClient (GrpcClientProtocolClient.java:onNext(255)) - client-A18AB92CDBA5->6c928baf-cc3b-4a10-9362-ff4e15dca71d: receive RaftClientReply:client-A18AB92CDBA5->6c928baf-cc3b-4a10-9362-ff4e15dca71d@group-586430B97ADD, cid=3578, SUCCESS, logIndex=5151, commits[6c928baf-cc3b-4a10-9362-ff4e15dca71d:c5153]
2019-08-10 04:38:45,116 INFO  client.GrpcClientProtocolClient (GrpcClientProtocolClient.java:onNext(255)) - client-A18AB92CDBA5->6c928baf-cc3b-4a10-9362-ff4e15dca71d: receive RaftClientReply:client-A18AB92CDBA5->6c928baf-cc3b-4a10-9362-ff4e15dca71d@group-586430B97ADD, cid=3579, SUCCESS, logIndex=5152, commits[6c928baf-cc3b-4a10-9362-ff4e15dca71d:c5154]
2019-08-10 04:38:45,116 INFO  client.GrpcClientProtocolClient (GrpcClientProtocolClient.java:onNext(255)) - client-A18AB92CDBA5->6c928baf-cc3b-4a10-9362-ff4e15dca71d: receive RaftClientReply:client-A18AB92CDBA5->6c928baf-cc3b-4a10-9362-ff4e15dca71d@group-586430B97ADD, cid=3580, SUCCESS, logIndex=5153, commits[6c928baf-cc3b-4a10-9362-ff4e15dca71d:c5154]
2019-08-10 04:38:45,121 DEBUG block.SCMBlockDeletingService (SCMBlockDeletingService.java:call(138)) - Running DeletedBlockTransactionScanner
2019-08-10 04:38:45,122 DEBUG block.SCMBlockDeletingService (SCMBlockDeletingService.java:call(155)) - Scanned deleted blocks log and got 0 delTX to process.
2019-08-10 04:38:45,222 DEBUG block.SCMBlockDeletingService (SCMBlockDeletingService.java:call(138)) - Running DeletedBlockTransactionScanner
2019-08-10 04:38:45,223 DEBUG block.SCMBlockDeletingService (SCMBlockDeletingService.java:call(155)) - Scanned deleted blocks log and got 0 delTX to process.
2019-08-10 04:38:45,234 INFO  client.GrpcClientProtocolClient (GrpcClientProtocolClient.java:onNext(255)) - client-A18AB92CDBA5->6c928baf-cc3b-4a10-9362-ff4e15dca71d: receive RaftClientReply:client-A18AB92CDBA5->6c928baf-cc3b-4a10-9362-ff4e15dca71d@group-586430B97ADD, cid=3581, SUCCESS, logIndex=5156, commits[6c928baf-cc3b-4a10-9362-ff4e15dca71d:c5159]
2019-08-10 04:38:45,235 INFO  client.GrpcClientProtocolClient (GrpcClientProtocolClient.java:onNext(255)) - client-A18AB92CDBA5->6c928baf-cc3b-4a10-9362-ff4e15dca71d: receive RaftClientReply:client-A18AB92CDBA5->6c928baf-cc3b-4a10-9362-ff4e15dca71d@group-586430B97ADD, cid=3582, SUCCESS, logIndex=5157, commits[6c928baf-cc3b-4a10-9362-ff4e15dca71d:c5160]
2019-08-10 04:38:45,235 INFO  client.GrpcClientProtocolClient (GrpcClientProtocolClient.java:onNext(255)) - client-A18AB92CDBA5->6c928baf-cc3b-4a10-9362-ff4e15dca71d: receive RaftClientReply:client-A18AB92CDBA5->6c928baf-cc3b-4a10-9362-ff4e15dca71d@group-586430B97ADD, cid=3583, SUCCESS, logIndex=5158, commits[6c928baf-cc3b-4a10-9362-ff4e15dca71d:c5160]
2019-08-10 04:38:45,235 INFO  client.GrpcClientProtocolClient (GrpcClientProtocolClient.java:onNext(255)) - client-A18AB92CDBA5->6c928baf-cc3b-4a10-9362-ff4e15dca71d: receive RaftClientReply:client-A18AB92CDBA5->6c928baf-cc3b-4a10-9362-ff4e15dca71d@group-586430B97ADD, cid=3584, SUCCESS, logIndex=5159, commits[6c928baf-cc3b-4a10-9362-ff4e15dca71d:c5160]
2019-08-10 04:38:45,267 INFO  client.GrpcClientProtocolClient (GrpcClientProtocolClient.java:onNext(255)) - client-A18AB92CDBA5->6c928baf-cc3b-4a10-9362-ff4e15dca71d: receive RaftClientReply:client-A18AB92CDBA5->6c928baf-cc3b-4a10-9362-ff4e15dca71d@group-586430B97ADD, cid=3585, SUCCESS, logIndex=5161, commits[6c928baf-cc3b-4a10-9362-ff4e15dca71d:c5164]
2019-08-10 04:38:45,267 INFO  client.GrpcClientProtocolClient (GrpcClientProtocolClient.java:onNext(255)) - client-A18AB92CDBA5->6c928baf-cc3b-4a10-9362-ff4e15dca71d: receive RaftClientReply:client-A18AB92CDBA5->6c928baf-cc3b-4a10-9362-ff4e15dca71d@group-586430B97ADD, cid=3586, SUCCESS, logIndex=5162, commits[6c928baf-cc3b-4a10-9362-ff4e15dca71d:c5164]
2019-08-10 04:38:45,268 INFO  client.GrpcClientProtocolClient (GrpcClientProtocolClient.java:onNext(255)) - client-A18AB92CDBA5->6c928baf-cc3b-4a10-9362-ff4e15dca71d: receive RaftClientReply:client-A18AB92CDBA5->6c928baf-cc3b-4a10-9362-ff4e15dca71d@group-586430B97ADD, cid=3587, SUCCESS, logIndex=5163, commits[6c928baf-cc3b-4a10-9362-ff4e15dca71d:c5164]
2019-08-10 04:38:45,268 INFO  client.GrpcClientProtocolClient (GrpcClientProtocolClient.java:onNext(255)) - client-A18AB92CDBA5->6c928baf-cc3b-4a10-9362-ff4e15dca71d: receive RaftClientReply:client-A18AB92CDBA5->6c928baf-cc3b-4a10-9362-ff4e15dca71d@group-586430B97ADD, cid=3588, SUCCESS, logIndex=5164, commits[6c928baf-cc3b-4a10-9362-ff4e15dca71d:c5164]
2019-08-10 04:38:45,286 INFO  client.GrpcClientProtocolClient (GrpcClientProtocolClient.java:onNext(255)) - client-A18AB92CDBA5->6c928baf-cc3b-4a10-9362-ff4e15dca71d: receive RaftClientReply:client-A18AB92CDBA5->6c928baf-cc3b-4a10-9362-ff4e15dca71d@group-586430B97ADD, cid=3589, SUCCESS, logIndex=5166, commits[6c928baf-cc3b-4a10-9362-ff4e15dca71d:c5169]
2019-08-10 04:38:45,287 INFO  client.GrpcClientProtocolClient (GrpcClientProtocolClient.java:onNext(255)) - client-A18AB92CDBA5->6c928baf-cc3b-4a10-9362-ff4e15dca71d: receive RaftClientReply:client-A18AB92CDBA5->6c928baf-cc3b-4a10-9362-ff4e15dca71d@group-586430B97ADD, cid=3590, SUCCESS, logIndex=5167, commits[6c928baf-cc3b-4a10-9362-ff4e15dca71d:c5170]
2019-08-10 04:38:45,287 INFO  client.GrpcClientProtocolClient (GrpcClientProtocolClient.java:onNext(255)) - client-A18AB92CDBA5->6c928baf-cc3b-4a10-9362-ff4e15dca71d: receive RaftClientReply:client-A18AB92CDBA5->6c928baf-cc3b-4a10-9362-ff4e15dca71d@group-586430B97ADD, cid=3591, SUCCESS, logIndex=5168, commits[6c928baf-cc3b-4a10-9362-ff4e15dca71d:c5170]
2019-08-10 04:38:45,287 INFO  client.GrpcClientProtocolClient (GrpcClientProtocolClient.java:onNext(255)) - client-A18AB92CDBA5->6c928baf-cc3b-4a10-9362-ff4e15dca71d: receive RaftClientReply:client-A18AB92CDBA5->6c928baf-cc3b-4a10-9362-ff4e15dca71d@group-586430B97ADD, cid=3592, SUCCESS, logIndex=5169, commits[6c928baf-cc3b-4a10-9362-ff4e15dca71d:c5170]
2019-08-10 04:38:45,317 INFO  client.GrpcClientProtocolClient (GrpcClientProtocolClient.java:onNext(255)) - client-A18AB92CDBA5->6c928baf-cc3b-4a10-9362-ff4e15dca71d: receive RaftClientReply:client-A18AB92CDBA5->6c928baf-cc3b-4a10-9362-ff4e15dca71d@group-586430B97ADD, cid=3593, SUCCESS, logIndex=5171, commits[6c928baf-cc3b-4a10-9362-ff4e15dca71d:c5172]
2019-08-10 04:38:45,320 INFO  client.GrpcClientProtocolClient (GrpcClientProtocolClient.java:onNext(255)) - client-A18AB92CDBA5->6c928baf-cc3b-4a10-9362-ff4e15dca71d: receive RaftClientReply:client-A18AB92CDBA5->6c928baf-cc3b-4a10-9362-ff4e15dca71d@group-586430B97ADD, cid=3594, SUCCESS, logIndex=5172, commits[6c928baf-cc3b-4a10-9362-ff4e15dca71d:c5172]
2019-08-10 04:38:45,323 DEBUG block.SCMBlockDeletingService (SCMBlockDeletingService.java:call(138)) - Running DeletedBlockTransactionScanner
2019-08-10 04:38:45,323 DEBUG block.SCMBlockDeletingService (SCMBlockDeletingService.java:call(155)) - Scanned deleted blocks log and got 0 delTX to process.
2019-08-10 04:38:45,331 INFO  client.GrpcClientProtocolClient (GrpcClientProtocolClient.java:onNext(255)) - client-A18AB92CDBA5->6c928baf-cc3b-4a10-9362-ff4e15dca71d: receive RaftClientReply:client-A18AB92CDBA5->6c928baf-cc3b-4a10-9362-ff4e15dca71d@group-586430B97ADD, cid=3595, SUCCESS, logIndex=5173, commits[6c928baf-cc3b-4a10-9362-ff4e15dca71d:c5175]
2019-08-10 04:38:45,332 INFO  client.GrpcClientProtocolClient (GrpcClientProtocolClient.java:onNext(255)) - client-A18AB92CDBA5->6c928baf-cc3b-4a10-9362-ff4e15dca71d: receive RaftClientReply:client-A18AB92CDBA5->6c928baf-cc3b-4a10-9362-ff4e15dca71d@group-586430B97ADD, cid=3596, SUCCESS, logIndex=5174, commits[6c928baf-cc3b-4a10-9362-ff4e15dca71d:c5175]
2019-08-10 04:38:45,353 INFO  client.GrpcClientProtocolClient (GrpcClientProtocolClient.java:onNext(255)) - client-A18AB92CDBA5->6c928baf-cc3b-4a10-9362-ff4e15dca71d: receive RaftClientReply:client-A18AB92CDBA5->6c928baf-cc3b-4a10-9362-ff4e15dca71d@group-586430B97ADD, cid=3597, SUCCESS, logIndex=5176, commits[6c928baf-cc3b-4a10-9362-ff4e15dca71d:c5179]
2019-08-10 04:38:45,353 INFO  client.GrpcClientProtocolClient (GrpcClientProtocolClient.java:onNext(255)) - client-A18AB92CDBA5->6c928baf-cc3b-4a10-9362-ff4e15dca71d: receive RaftClientReply:client-A18AB92CDBA5->6c928baf-cc3b-4a10-9362-ff4e15dca71d@group-586430B97ADD, cid=3598, SUCCESS, logIndex=5177, commits[6c928baf-cc3b-4a10-9362-ff4e15dca71d:c5180]
2019-08-10 04:38:45,354 INFO  client.GrpcClientProtocolClient (GrpcClientProtocolClient.java:onNext(255)) - client-A18AB92CDBA5->6c928baf-cc3b-4a10-9362-ff4e15dca71d: receive RaftClientReply:client-A18AB92CDBA5->6c928baf-cc3b-4a10-9362-ff4e15dca71d@group-586430B97ADD, cid=3599, SUCCESS, logIndex=5178, commits[6c928baf-cc3b-4a10-9362-ff4e15dca71d:c5180]
2019-08-10 04:38:45,354 INFO  client.GrpcClientProtocolClient (GrpcClientProtocolClient.java:onNext(255)) - client-A18AB92CDBA5->6c928baf-cc3b-4a10-9362-ff4e15dca71d: receive RaftClientReply:client-A18AB92CDBA5->6c928baf-cc3b-4a10-9362-ff4e15dca71d@group-586430B97ADD, cid=3600, SUCCESS, logIndex=5179, commits[6c928baf-cc3b-4a10-9362-ff4e15dca71d:c5180]
2019-08-10 04:38:45,383 INFO  client.GrpcClientProtocolClient (GrpcClientProtocolClient.java:onNext(255)) - client-A18AB92CDBA5->6c928baf-cc3b-4a10-9362-ff4e15dca71d: receive RaftClientReply:client-A18AB92CDBA5->6c928baf-cc3b-4a10-9362-ff4e15dca71d@group-586430B97ADD, cid=3601, SUCCESS, logIndex=5181, commits[6c928baf-cc3b-4a10-9362-ff4e15dca71d:c5182]
2019-08-10 04:38:45,384 INFO  client.GrpcClientProtocolClient (GrpcClientProtocolClient.java:onNext(255)) - client-A18AB92CDBA5->6c928baf-cc3b-4a10-9362-ff4e15dca71d: receive RaftClientReply:client-A18AB92CDBA5->6c928baf-cc3b-4a10-9362-ff4e15dca71d@group-586430B97ADD, cid=3602, SUCCESS, logIndex=5182, commits[6c928baf-cc3b-4a10-9362-ff4e15dca71d:c5184]
2019-08-10 04:38:45,384 INFO  client.GrpcClientProtocolClient (GrpcClientProtocolClient.java:onNext(255)) - client-A18AB92CDBA5->6c928baf-cc3b-4a10-9362-ff4e15dca71d: receive RaftClientReply:client-A18AB92CDBA5->6c928baf-cc3b-4a10-9362-ff4e15dca71d@group-586430B97ADD, cid=3603, SUCCESS, logIndex=5183, commits[6c928baf-cc3b-4a10-9362-ff4e15dca71d:c5184]
2019-08-10 04:38:45,385 INFO  client.GrpcClientProtocolClient (GrpcClientProtocolClient.java:onNext(255)) - client-A18AB92CDBA5->6c928baf-cc3b-4a10-9362-ff4e15dca71d: receive RaftClientReply:client-A18AB92CDBA5->6c928baf-cc3b-4a10-9362-ff4e15dca71d@group-586430B97ADD, cid=3604, SUCCESS, logIndex=5184, commits[6c928baf-cc3b-4a10-9362-ff4e15dca71d:c5185]
2019-08-10 04:38:45,404 INFO  client.GrpcClientProtocolClient (GrpcClientProtocolClient.java:onNext(255)) - client-A18AB92CDBA5->6c928baf-cc3b-4a10-9362-ff4e15dca71d: receive RaftClientReply:client-A18AB92CDBA5->6c928baf-cc3b-4a10-9362-ff4e15dca71d@group-586430B97ADD, cid=3605, SUCCESS, logIndex=5187, commits[6c928baf-cc3b-4a10-9362-ff4e15dca71d:c5188]
2019-08-10 04:38:45,405 INFO  client.GrpcClientProtocolClient (GrpcClientProtocolClient.java:onNext(255)) - client-A18AB92CDBA5->6c928baf-cc3b-4a10-9362-ff4e15dca71d: receive RaftClientReply:client-A18AB92CDBA5->6c928baf-cc3b-4a10-9362-ff4e15dca71d@group-586430B97ADD, cid=3606, SUCCESS, logIndex=5188, commits[6c928baf-cc3b-4a10-9362-ff4e15dca71d:c5190]
2019-08-10 04:38:45,405 INFO  client.GrpcClientProtocolClient (GrpcClientProtocolClient.java:onNext(255)) - client-A18AB92CDBA5->6c928baf-cc3b-4a10-9362-ff4e15dca71d: receive RaftClientReply:client-A18AB92CDBA5->6c928baf-cc3b-4a10-9362-ff4e15dca71d@group-586430B97ADD, cid=3607, SUCCESS, logIndex=5189, commits[6c928baf-cc3b-4a10-9362-ff4e15dca71d:c5191]
2019-08-10 04:38:45,406 INFO  client.GrpcClientProtocolClient (GrpcClientProtocolClient.java:onNext(255)) - client-A18AB92CDBA5->6c928baf-cc3b-4a10-9362-ff4e15dca71d: receive RaftClientReply:client-A18AB92CDBA5->6c928baf-cc3b-4a10-9362-ff4e15dca71d@group-586430B97ADD, cid=3608, SUCCESS, logIndex=5190, commits[6c928baf-cc3b-4a10-9362-ff4e15dca71d:c5192]
2019-08-10 04:38:45,423 DEBUG block.SCMBlockDeletingService (SCMBlockDeletingService.java:call(138)) - Running DeletedBlockTransactionScanner
2019-08-10 04:38:45,424 DEBUG block.SCMBlockDeletingService (SCMBlockDeletingService.java:call(155)) - Scanned deleted blocks log and got 0 delTX to process.
2019-08-10 04:38:45,439 INFO  client.GrpcClientProtocolClient (GrpcClientProtocolClient.java:onNext(255)) - client-A18AB92CDBA5->6c928baf-cc3b-4a10-9362-ff4e15dca71d: receive RaftClientReply:client-A18AB92CDBA5->6c928baf-cc3b-4a10-9362-ff4e15dca71d@group-586430B97ADD, cid=3609, SUCCESS, logIndex=5193, commits[6c928baf-cc3b-4a10-9362-ff4e15dca71d:c5196]
2019-08-10 04:38:45,440 INFO  client.GrpcClientProtocolClient (GrpcClientProtocolClient.java:onNext(255)) - client-A18AB92CDBA5->6c928baf-cc3b-4a10-9362-ff4e15dca71d: receive RaftClientReply:client-A18AB92CDBA5->6c928baf-cc3b-4a10-9362-ff4e15dca71d@group-586430B97ADD, cid=3610, SUCCESS, logIndex=5194, commits[6c928baf-cc3b-4a10-9362-ff4e15dca71d:c5197]
2019-08-10 04:38:45,440 INFO  client.GrpcClientProtocolClient (GrpcClientProtocolClient.java:onNext(255)) - client-A18AB92CDBA5->6c928baf-cc3b-4a10-9362-ff4e15dca71d: receive RaftClientReply:client-A18AB92CDBA5->6c928baf-cc3b-4a10-9362-ff4e15dca71d@group-586430B97ADD, cid=3611, SUCCESS, logIndex=5195, commits[6c928baf-cc3b-4a10-9362-ff4e15dca71d:c5197]
2019-08-10 04:38:45,440 INFO  client.GrpcClientProtocolClient (GrpcClientProtocolClient.java:onNext(255)) - client-A18AB92CDBA5->6c928baf-cc3b-4a10-9362-ff4e15dca71d: receive RaftClientReply:client-A18AB92CDBA5->6c928baf-cc3b-4a10-9362-ff4e15dca71d@group-586430B97ADD, cid=3612, SUCCESS, logIndex=5196, commits[6c928baf-cc3b-4a10-9362-ff4e15dca71d:c5197]
2019-08-10 04:38:45,459 INFO  client.GrpcClientProtocolClient (GrpcClientProtocolClient.java:onNext(255)) - client-A18AB92CDBA5->6c928baf-cc3b-4a10-9362-ff4e15dca71d: receive RaftClientReply:client-A18AB92CDBA5->6c928baf-cc3b-4a10-9362-ff4e15dca71d@group-586430B97ADD, cid=3613, SUCCESS, logIndex=5198, commits[6c928baf-cc3b-4a10-9362-ff4e15dca71d:c5199]
2019-08-10 04:38:45,460 INFO  client.GrpcClientProtocolClient (GrpcClientProtocolClient.java:onNext(255)) - client-A18AB92CDBA5->6c928baf-cc3b-4a10-9362-ff4e15dca71d: receive RaftClientReply:client-A18AB92CDBA5->6c928baf-cc3b-4a10-9362-ff4e15dca71d@group-586430B97ADD, cid=3614, SUCCESS, logIndex=5199, commits[6c928baf-cc3b-4a10-9362-ff4e15dca71d:c5201]
2019-08-10 04:38:45,460 INFO  client.GrpcClientProtocolClient (GrpcClientProtocolClient.java:onNext(255)) - client-A18AB92CDBA5->6c928baf-cc3b-4a10-9362-ff4e15dca71d: receive RaftClientReply:client-A18AB92CDBA5->6c928baf-cc3b-4a10-9362-ff4e15dca71d@group-586430B97ADD, cid=3615, SUCCESS, logIndex=5200, commits[6c928baf-cc3b-4a10-9362-ff4e15dca71d:c5202]
2019-08-10 04:38:45,461 INFO  client.GrpcClientProtocolClient (GrpcClientProtocolClient.java:onNext(255)) - client-A18AB92CDBA5->6c928baf-cc3b-4a10-9362-ff4e15dca71d: receive RaftClientReply:client-A18AB92CDBA5->6c928baf-cc3b-4a10-9362-ff4e15dca71d@group-586430B97ADD, cid=3616, SUCCESS, logIndex=5201, commits[6c928baf-cc3b-4a10-9362-ff4e15dca71d:c5203]
2019-08-10 04:38:45,493 INFO  client.GrpcClientProtocolClient (GrpcClientProtocolClient.java:onNext(255)) - client-A18AB92CDBA5->6c928baf-cc3b-4a10-9362-ff4e15dca71d: receive RaftClientReply:client-A18AB92CDBA5->6c928baf-cc3b-4a10-9362-ff4e15dca71d@group-586430B97ADD, cid=3617, SUCCESS, logIndex=5204, commits[6c928baf-cc3b-4a10-9362-ff4e15dca71d:c5207]
2019-08-10 04:38:45,494 INFO  client.GrpcClientProtocolClient (GrpcClientProtocolClient.java:onNext(255)) - client-A18AB92CDBA5->6c928baf-cc3b-4a10-9362-ff4e15dca71d: receive RaftClientReply:client-A18AB92CDBA5->6c928baf-cc3b-4a10-9362-ff4e15dca71d@group-586430B97ADD, cid=3618, SUCCESS, logIndex=5205, commits[6c928baf-cc3b-4a10-9362-ff4e15dca71d:c5208]
2019-08-10 04:38:45,494 INFO  client.GrpcClientProtocolClient (GrpcClientProtocolClient.java:onNext(255)) - client-A18AB92CDBA5->6c928baf-cc3b-4a10-9362-ff4e15dca71d: receive RaftClientReply:client-A18AB92CDBA5->6c928baf-cc3b-4a10-9362-ff4e15dca71d@group-586430B97ADD, cid=3619, SUCCESS, logIndex=5206, commits[6c928baf-cc3b-4a10-9362-ff4e15dca71d:c5208]
2019-08-10 04:38:45,494 INFO  client.GrpcClientProtocolClient (GrpcClientProtocolClient.java:onNext(255)) - client-A18AB92CDBA5->6c928baf-cc3b-4a10-9362-ff4e15dca71d: receive RaftClientReply:client-A18AB92CDBA5->6c928baf-cc3b-4a10-9362-ff4e15dca71d@group-586430B97ADD, cid=3620, SUCCESS, logIndex=5207, commits[6c928baf-cc3b-4a10-9362-ff4e15dca71d:c5208]
2019-08-10 04:38:45,515 INFO  client.GrpcClientProtocolClient (GrpcClientProtocolClient.java:onNext(255)) - client-A18AB92CDBA5->6c928baf-cc3b-4a10-9362-ff4e15dca71d: receive RaftClientReply:client-A18AB92CDBA5->6c928baf-cc3b-4a10-9362-ff4e15dca71d@group-586430B97ADD, cid=3621, SUCCESS, logIndex=5209, commits[6c928baf-cc3b-4a10-9362-ff4e15dca71d:c5212]
2019-08-10 04:38:45,516 INFO  client.GrpcClientProtocolClient (GrpcClientProtocolClient.java:onNext(255)) - client-A18AB92CDBA5->6c928baf-cc3b-4a10-9362-ff4e15dca71d: receive RaftClientReply:client-A18AB92CDBA5->6c928baf-cc3b-4a10-9362-ff4e15dca71d@group-586430B97ADD, cid=3622, SUCCESS, logIndex=5210, commits[6c928baf-cc3b-4a10-9362-ff4e15dca71d:c5213]
2019-08-10 04:38:45,516 INFO  client.GrpcClientProtocolClient (GrpcClientProtocolClient.java:onNext(255)) - client-A18AB92CDBA5->6c928baf-cc3b-4a10-9362-ff4e15dca71d: receive RaftClientReply:client-A18AB92CDBA5->6c928baf-cc3b-4a10-9362-ff4e15dca71d@group-586430B97ADD, cid=3623, SUCCESS, logIndex=5211, commits[6c928baf-cc3b-4a10-9362-ff4e15dca71d:c5213]
2019-08-10 04:38:45,516 INFO  client.GrpcClientProtocolClient (GrpcClientProtocolClient.java:onNext(255)) - client-A18AB92CDBA5->6c928baf-cc3b-4a10-9362-ff4e15dca71d: receive RaftClientReply:client-A18AB92CDBA5->6c928baf-cc3b-4a10-9362-ff4e15dca71d@group-586430B97ADD, cid=3624, SUCCESS, logIndex=5212, commits[6c928baf-cc3b-4a10-9362-ff4e15dca71d:c5213]
2019-08-10 04:38:45,524 DEBUG block.SCMBlockDeletingService (SCMBlockDeletingService.java:call(138)) - Running DeletedBlockTransactionScanner
2019-08-10 04:38:45,525 DEBUG block.SCMBlockDeletingService (SCMBlockDeletingService.java:call(155)) - Scanned deleted blocks log and got 0 delTX to process.
2019-08-10 04:38:45,625 DEBUG block.SCMBlockDeletingService (SCMBlockDeletingService.java:call(138)) - Running DeletedBlockTransactionScanner
2019-08-10 04:38:45,625 DEBUG block.SCMBlockDeletingService (SCMBlockDeletingService.java:call(155)) - Scanned deleted blocks log and got 0 delTX to process.
2019-08-10 04:38:45,641 INFO  client.GrpcClientProtocolClient (GrpcClientProtocolClient.java:onNext(255)) - client-A18AB92CDBA5->6c928baf-cc3b-4a10-9362-ff4e15dca71d: receive RaftClientReply:client-A18AB92CDBA5->6c928baf-cc3b-4a10-9362-ff4e15dca71d@group-586430B97ADD, cid=3625, SUCCESS, logIndex=5214, commits[6c928baf-cc3b-4a10-9362-ff4e15dca71d:c5217]
2019-08-10 04:38:45,642 INFO  client.GrpcClientProtocolClient (GrpcClientProtocolClient.java:onNext(255)) - client-A18AB92CDBA5->6c928baf-cc3b-4a10-9362-ff4e15dca71d: receive RaftClientReply:client-A18AB92CDBA5->6c928baf-cc3b-4a10-9362-ff4e15dca71d@group-586430B97ADD, cid=3626, SUCCESS, logIndex=5215, commits[6c928baf-cc3b-4a10-9362-ff4e15dca71d:c5218]
2019-08-10 04:38:45,642 INFO  client.GrpcClientProtocolClient (GrpcClientProtocolClient.java:onNext(255)) - client-A18AB92CDBA5->6c928baf-cc3b-4a10-9362-ff4e15dca71d: receive RaftClientReply:client-A18AB92CDBA5->6c928baf-cc3b-4a10-9362-ff4e15dca71d@group-586430B97ADD, cid=3627, SUCCESS, logIndex=5216, commits[6c928baf-cc3b-4a10-9362-ff4e15dca71d:c5218]
2019-08-10 04:38:45,643 INFO  client.GrpcClientProtocolClient (GrpcClientProtocolClient.java:onNext(255)) - client-A18AB92CDBA5->6c928baf-cc3b-4a10-9362-ff4e15dca71d: receive RaftClientReply:client-A18AB92CDBA5->6c928baf-cc3b-4a10-9362-ff4e15dca71d@group-586430B97ADD, cid=3628, SUCCESS, logIndex=5217, commits[6c928baf-cc3b-4a10-9362-ff4e15dca71d:c5218]
2019-08-10 04:38:45,664 INFO  client.GrpcClientProtocolClient (GrpcClientProtocolClient.java:onNext(255)) - client-A18AB92CDBA5->6c928baf-cc3b-4a10-9362-ff4e15dca71d: receive RaftClientReply:client-A18AB92CDBA5->6c928baf-cc3b-4a10-9362-ff4e15dca71d@group-586430B97ADD, cid=3629, SUCCESS, logIndex=5219, commits[6c928baf-cc3b-4a10-9362-ff4e15dca71d:c5222]
2019-08-10 04:38:45,664 INFO  client.GrpcClientProtocolClient (GrpcClientProtocolClient.java:onNext(255)) - client-A18AB92CDBA5->6c928baf-cc3b-4a10-9362-ff4e15dca71d: receive RaftClientReply:client-A18AB92CDBA5->6c928baf-cc3b-4a10-9362-ff4e15dca71d@group-586430B97ADD, cid=3630, SUCCESS, logIndex=5220, commits[6c928baf-cc3b-4a10-9362-ff4e15dca71d:c5222]
2019-08-10 04:38:45,665 INFO  client.GrpcClientProtocolClient (GrpcClientProtocolClient.java:onNext(255)) - client-A18AB92CDBA5->6c928baf-cc3b-4a10-9362-ff4e15dca71d: receive RaftClientReply:client-A18AB92CDBA5->6c928baf-cc3b-4a10-9362-ff4e15dca71d@group-586430B97ADD, cid=3631, SUCCESS, logIndex=5221, commits[6c928baf-cc3b-4a10-9362-ff4e15dca71d:c5223]
2019-08-10 04:38:45,665 INFO  client.GrpcClientProtocolClient (GrpcClientProtocolClient.java:onNext(255)) - client-A18AB92CDBA5->6c928baf-cc3b-4a10-9362-ff4e15dca71d: receive RaftClientReply:client-A18AB92CDBA5->6c928baf-cc3b-4a10-9362-ff4e15dca71d@group-586430B97ADD, cid=3632, SUCCESS, logIndex=5222, commits[6c928baf-cc3b-4a10-9362-ff4e15dca71d:c5223]
2019-08-10 04:38:45,696 INFO  client.GrpcClientProtocolClient (GrpcClientProtocolClient.java:onNext(255)) - client-A18AB92CDBA5->6c928baf-cc3b-4a10-9362-ff4e15dca71d: receive RaftClientReply:client-A18AB92CDBA5->6c928baf-cc3b-4a10-9362-ff4e15dca71d@group-586430B97ADD, cid=3633, SUCCESS, logIndex=5224, commits[6c928baf-cc3b-4a10-9362-ff4e15dca71d:c5227]
2019-08-10 04:38:45,697 INFO  client.GrpcClientProtocolClient (GrpcClientProtocolClient.java:onNext(255)) - client-A18AB92CDBA5->6c928baf-cc3b-4a10-9362-ff4e15dca71d: receive RaftClientReply:client-A18AB92CDBA5->6c928baf-cc3b-4a10-9362-ff4e15dca71d@group-586430B97ADD, cid=3634, SUCCESS, logIndex=5225, commits[6c928baf-cc3b-4a10-9362-ff4e15dca71d:c5227]
2019-08-10 04:38:45,697 INFO  client.GrpcClientProtocolClient (GrpcClientProtocolClient.java:onNext(255)) - client-A18AB92CDBA5->6c928baf-cc3b-4a10-9362-ff4e15dca71d: receive RaftClientReply:client-A18AB92CDBA5->6c928baf-cc3b-4a10-9362-ff4e15dca71d@group-586430B97ADD, cid=3635, SUCCESS, logIndex=5226, commits[6c928baf-cc3b-4a10-9362-ff4e15dca71d:c5227]
2019-08-10 04:38:45,697 INFO  client.GrpcClientProtocolClient (GrpcClientProtocolClient.java:onNext(255)) - client-A18AB92CDBA5->6c928baf-cc3b-4a10-9362-ff4e15dca71d: receive RaftClientReply:client-A18AB92CDBA5->6c928baf-cc3b-4a10-9362-ff4e15dca71d@group-586430B97ADD, cid=3636, SUCCESS, logIndex=5227, commits[6c928baf-cc3b-4a10-9362-ff4e15dca71d:c5227]
2019-08-10 04:38:45,771 DEBUG block.SCMBlockDeletingService (SCMBlockDeletingService.java:call(138)) - Running DeletedBlockTransactionScanner
2019-08-10 04:38:45,771 DEBUG block.SCMBlockDeletingService (SCMBlockDeletingService.java:call(155)) - Scanned deleted blocks log and got 0 delTX to process.
2019-08-10 04:38:45,787 INFO  client.GrpcClientProtocolClient (GrpcClientProtocolClient.java:onNext(255)) - client-A18AB92CDBA5->6c928baf-cc3b-4a10-9362-ff4e15dca71d: receive RaftClientReply:client-A18AB92CDBA5->6c928baf-cc3b-4a10-9362-ff4e15dca71d@group-586430B97ADD, cid=3637, SUCCESS, logIndex=5229, commits[6c928baf-cc3b-4a10-9362-ff4e15dca71d:c5230]
2019-08-10 04:38:45,787 INFO  client.GrpcClientProtocolClient (GrpcClientProtocolClient.java:onNext(255)) - client-A18AB92CDBA5->6c928baf-cc3b-4a10-9362-ff4e15dca71d: receive RaftClientReply:client-A18AB92CDBA5->6c928baf-cc3b-4a10-9362-ff4e15dca71d@group-586430B97ADD, cid=3638, SUCCESS, logIndex=5230, commits[6c928baf-cc3b-4a10-9362-ff4e15dca71d:c5230]
2019-08-10 04:38:45,789 INFO  client.GrpcClientProtocolClient (GrpcClientProtocolClient.java:onNext(255)) - client-A18AB92CDBA5->6c928baf-cc3b-4a10-9362-ff4e15dca71d: receive RaftClientReply:client-A18AB92CDBA5->6c928baf-cc3b-4a10-9362-ff4e15dca71d@group-586430B97ADD, cid=3639, SUCCESS, logIndex=5231, commits[6c928baf-cc3b-4a10-9362-ff4e15dca71d:c5232]
2019-08-10 04:38:45,789 INFO  client.GrpcClientProtocolClient (GrpcClientProtocolClient.java:onNext(255)) - client-A18AB92CDBA5->6c928baf-cc3b-4a10-9362-ff4e15dca71d: receive RaftClientReply:client-A18AB92CDBA5->6c928baf-cc3b-4a10-9362-ff4e15dca71d@group-586430B97ADD, cid=3640, SUCCESS, logIndex=5232, commits[6c928baf-cc3b-4a10-9362-ff4e15dca71d:c5232]
2019-08-10 04:38:45,825 INFO  client.GrpcClientProtocolClient (GrpcClientProtocolClient.java:onNext(255)) - client-A18AB92CDBA5->6c928baf-cc3b-4a10-9362-ff4e15dca71d: receive RaftClientReply:client-A18AB92CDBA5->6c928baf-cc3b-4a10-9362-ff4e15dca71d@group-586430B97ADD, cid=3641, SUCCESS, logIndex=5235, commits[6c928baf-cc3b-4a10-9362-ff4e15dca71d:c5238]
2019-08-10 04:38:45,826 INFO  client.GrpcClientProtocolClient (GrpcClientProtocolClient.java:onNext(255)) - client-A18AB92CDBA5->6c928baf-cc3b-4a10-9362-ff4e15dca71d: receive RaftClientReply:client-A18AB92CDBA5->6c928baf-cc3b-4a10-9362-ff4e15dca71d@group-586430B97ADD, cid=3642, SUCCESS, logIndex=5236, commits[6c928baf-cc3b-4a10-9362-ff4e15dca71d:c5239]
2019-08-10 04:38:45,826 INFO  client.GrpcClientProtocolClient (GrpcClientProtocolClient.java:onNext(255)) - client-A18AB92CDBA5->6c928baf-cc3b-4a10-9362-ff4e15dca71d: receive RaftClientReply:client-A18AB92CDBA5->6c928baf-cc3b-4a10-9362-ff4e15dca71d@group-586430B97ADD, cid=3643, SUCCESS, logIndex=5237, commits[6c928baf-cc3b-4a10-9362-ff4e15dca71d:c5239]
2019-08-10 04:38:45,827 INFO  client.GrpcClientProtocolClient (GrpcClientProtocolClient.java:onNext(255)) - client-A18AB92CDBA5->6c928baf-cc3b-4a10-9362-ff4e15dca71d: receive RaftClientReply:client-A18AB92CDBA5->6c928baf-cc3b-4a10-9362-ff4e15dca71d@group-586430B97ADD, cid=3644, SUCCESS, logIndex=5238, commits[6c928baf-cc3b-4a10-9362-ff4e15dca71d:c5239]
2019-08-10 04:38:45,847 INFO  client.GrpcClientProtocolClient (GrpcClientProtocolClient.java:onNext(255)) - client-A18AB92CDBA5->6c928baf-cc3b-4a10-9362-ff4e15dca71d: receive RaftClientReply:client-A18AB92CDBA5->6c928baf-cc3b-4a10-9362-ff4e15dca71d@group-586430B97ADD, cid=3645, SUCCESS, logIndex=5240, commits[6c928baf-cc3b-4a10-9362-ff4e15dca71d:c5241]
2019-08-10 04:38:45,848 INFO  client.GrpcClientProtocolClient (GrpcClientProtocolClient.java:onNext(255)) - client-A18AB92CDBA5->6c928baf-cc3b-4a10-9362-ff4e15dca71d: receive RaftClientReply:client-A18AB92CDBA5->6c928baf-cc3b-4a10-9362-ff4e15dca71d@group-586430B97ADD, cid=3646, SUCCESS, logIndex=5241, commits[6c928baf-cc3b-4a10-9362-ff4e15dca71d:c5243]
2019-08-10 04:38:45,848 INFO  client.GrpcClientProtocolClient (GrpcClientProtocolClient.java:onNext(255)) - client-A18AB92CDBA5->6c928baf-cc3b-4a10-9362-ff4e15dca71d: receive RaftClientReply:client-A18AB92CDBA5->6c928baf-cc3b-4a10-9362-ff4e15dca71d@group-586430B97ADD, cid=3647, SUCCESS, logIndex=5242, commits[6c928baf-cc3b-4a10-9362-ff4e15dca71d:c5244]
2019-08-10 04:38:45,848 INFO  client.GrpcClientProtocolClient (GrpcClientProtocolClient.java:onNext(255)) - client-A18AB92CDBA5->6c928baf-cc3b-4a10-9362-ff4e15dca71d: receive RaftClientReply:client-A18AB92CDBA5->6c928baf-cc3b-4a10-9362-ff4e15dca71d@group-586430B97ADD, cid=3648, SUCCESS, logIndex=5243, commits[6c928baf-cc3b-4a10-9362-ff4e15dca71d:c5244]
2019-08-10 04:38:45,871 DEBUG block.SCMBlockDeletingService (SCMBlockDeletingService.java:call(138)) - Running DeletedBlockTransactionScanner
2019-08-10 04:38:45,872 DEBUG block.SCMBlockDeletingService (SCMBlockDeletingService.java:call(155)) - Scanned deleted blocks log and got 0 delTX to process.
2019-08-10 04:38:45,882 INFO  client.GrpcClientProtocolClient (GrpcClientProtocolClient.java:onNext(255)) - client-A18AB92CDBA5->6c928baf-cc3b-4a10-9362-ff4e15dca71d: receive RaftClientReply:client-A18AB92CDBA5->6c928baf-cc3b-4a10-9362-ff4e15dca71d@group-586430B97ADD, cid=3649, SUCCESS, logIndex=5246, commits[6c928baf-cc3b-4a10-9362-ff4e15dca71d:c5249]
2019-08-10 04:38:45,883 INFO  client.GrpcClientProtocolClient (GrpcClientProtocolClient.java:onNext(255)) - client-A18AB92CDBA5->6c928baf-cc3b-4a10-9362-ff4e15dca71d: receive RaftClientReply:client-A18AB92CDBA5->6c928baf-cc3b-4a10-9362-ff4e15dca71d@group-586430B97ADD, cid=3650, SUCCESS, logIndex=5247, commits[6c928baf-cc3b-4a10-9362-ff4e15dca71d:c5250]
2019-08-10 04:38:45,883 INFO  client.GrpcClientProtocolClient (GrpcClientProtocolClient.java:onNext(255)) - client-A18AB92CDBA5->6c928baf-cc3b-4a10-9362-ff4e15dca71d: receive RaftClientReply:client-A18AB92CDBA5->6c928baf-cc3b-4a10-9362-ff4e15dca71d@group-586430B97ADD, cid=3651, SUCCESS, logIndex=5248, commits[6c928baf-cc3b-4a10-9362-ff4e15dca71d:c5250]
2019-08-10 04:38:45,884 INFO  client.GrpcClientProtocolClient (GrpcClientProtocolClient.java:onNext(255)) - client-A18AB92CDBA5->6c928baf-cc3b-4a10-9362-ff4e15dca71d: receive RaftClientReply:client-A18AB92CDBA5->6c928baf-cc3b-4a10-9362-ff4e15dca71d@group-586430B97ADD, cid=3652, SUCCESS, logIndex=5249, commits[6c928baf-cc3b-4a10-9362-ff4e15dca71d:c5251]
2019-08-10 04:38:45,905 INFO  client.GrpcClientProtocolClient (GrpcClientProtocolClient.java:onNext(255)) - client-A18AB92CDBA5->6c928baf-cc3b-4a10-9362-ff4e15dca71d: receive RaftClientReply:client-A18AB92CDBA5->6c928baf-cc3b-4a10-9362-ff4e15dca71d@group-586430B97ADD, cid=3653, SUCCESS, logIndex=5252, commits[6c928baf-cc3b-4a10-9362-ff4e15dca71d:c5253]
2019-08-10 04:38:45,906 INFO  client.GrpcClientProtocolClient (GrpcClientProtocolClient.java:onNext(255)) - client-A18AB92CDBA5->6c928baf-cc3b-4a10-9362-ff4e15dca71d: receive RaftClientReply:client-A18AB92CDBA5->6c928baf-cc3b-4a10-9362-ff4e15dca71d@group-586430B97ADD, cid=3654, SUCCESS, logIndex=5253, commits[6c928baf-cc3b-4a10-9362-ff4e15dca71d:c5253]
2019-08-10 04:38:45,907 INFO  client.GrpcClientProtocolClient (GrpcClientProtocolClient.java:onNext(255)) - client-A18AB92CDBA5->6c928baf-cc3b-4a10-9362-ff4e15dca71d: receive RaftClientReply:client-A18AB92CDBA5->6c928baf-cc3b-4a10-9362-ff4e15dca71d@group-586430B97ADD, cid=3655, SUCCESS, logIndex=5254, commits[6c928baf-cc3b-4a10-9362-ff4e15dca71d:c5255]
2019-08-10 04:38:45,908 INFO  client.GrpcClientProtocolClient (GrpcClientProtocolClient.java:onNext(255)) - client-A18AB92CDBA5->6c928baf-cc3b-4a10-9362-ff4e15dca71d: receive RaftClientReply:client-A18AB92CDBA5->6c928baf-cc3b-4a10-9362-ff4e15dca71d@group-586430B97ADD, cid=3656, SUCCESS, logIndex=5255, commits[6c928baf-cc3b-4a10-9362-ff4e15dca71d:c5255]
2019-08-10 04:38:45,944 INFO  client.GrpcClientProtocolClient (GrpcClientProtocolClient.java:onNext(255)) - client-A18AB92CDBA5->6c928baf-cc3b-4a10-9362-ff4e15dca71d: receive RaftClientReply:client-A18AB92CDBA5->6c928baf-cc3b-4a10-9362-ff4e15dca71d@group-586430B97ADD, cid=3657, SUCCESS, logIndex=5258, commits[6c928baf-cc3b-4a10-9362-ff4e15dca71d:c5259]
2019-08-10 04:38:45,944 INFO  client.GrpcClientProtocolClient (GrpcClientProtocolClient.java:onNext(255)) - client-A18AB92CDBA5->6c928baf-cc3b-4a10-9362-ff4e15dca71d: receive RaftClientReply:client-A18AB92CDBA5->6c928baf-cc3b-4a10-9362-ff4e15dca71d@group-586430B97ADD, cid=3658, SUCCESS, logIndex=5259, commits[6c928baf-cc3b-4a10-9362-ff4e15dca71d:c5261]
2019-08-10 04:38:45,945 INFO  client.GrpcClientProtocolClient (GrpcClientProtocolClient.java:onNext(255)) - client-A18AB92CDBA5->6c928baf-cc3b-4a10-9362-ff4e15dca71d: receive RaftClientReply:client-A18AB92CDBA5->6c928baf-cc3b-4a10-9362-ff4e15dca71d@group-586430B97ADD, cid=3659, SUCCESS, logIndex=5260, commits[6c928baf-cc3b-4a10-9362-ff4e15dca71d:c5262]
2019-08-10 04:38:45,945 INFO  client.GrpcClientProtocolClient (GrpcClientProtocolClient.java:onNext(255)) - client-A18AB92CDBA5->6c928baf-cc3b-4a10-9362-ff4e15dca71d: receive RaftClientReply:client-A18AB92CDBA5->6c928baf-cc3b-4a10-9362-ff4e15dca71d@group-586430B97ADD, cid=3660, SUCCESS, logIndex=5261, commits[6c928baf-cc3b-4a10-9362-ff4e15dca71d:c5263]
2019-08-10 04:38:45,965 INFO  client.GrpcClientProtocolClient (GrpcClientProtocolClient.java:onNext(255)) - client-A18AB92CDBA5->6c928baf-cc3b-4a10-9362-ff4e15dca71d: receive RaftClientReply:client-A18AB92CDBA5->6c928baf-cc3b-4a10-9362-ff4e15dca71d@group-586430B97ADD, cid=3661, SUCCESS, logIndex=5264, commits[6c928baf-cc3b-4a10-9362-ff4e15dca71d:c5265]
2019-08-10 04:38:45,965 INFO  client.GrpcClientProtocolClient (GrpcClientProtocolClient.java:onNext(255)) - client-A18AB92CDBA5->6c928baf-cc3b-4a10-9362-ff4e15dca71d: receive RaftClientReply:client-A18AB92CDBA5->6c928baf-cc3b-4a10-9362-ff4e15dca71d@group-586430B97ADD, cid=3662, SUCCESS, logIndex=5265, commits[6c928baf-cc3b-4a10-9362-ff4e15dca71d:c5267]
2019-08-10 04:38:45,966 INFO  client.GrpcClientProtocolClient (GrpcClientProtocolClient.java:onNext(255)) - client-A18AB92CDBA5->6c928baf-cc3b-4a10-9362-ff4e15dca71d: receive RaftClientReply:client-A18AB92CDBA5->6c928baf-cc3b-4a10-9362-ff4e15dca71d@group-586430B97ADD, cid=3663, SUCCESS, logIndex=5266, commits[6c928baf-cc3b-4a10-9362-ff4e15dca71d:c5268]
2019-08-10 04:38:45,966 INFO  client.GrpcClientProtocolClient (GrpcClientProtocolClient.java:onNext(255)) - client-A18AB92CDBA5->6c928baf-cc3b-4a10-9362-ff4e15dca71d: receive RaftClientReply:client-A18AB92CDBA5->6c928baf-cc3b-4a10-9362-ff4e15dca71d@group-586430B97ADD, cid=3664, SUCCESS, logIndex=5267, commits[6c928baf-cc3b-4a10-9362-ff4e15dca71d:c5269]
2019-08-10 04:38:45,972 DEBUG block.SCMBlockDeletingService (SCMBlockDeletingService.java:call(138)) - Running DeletedBlockTransactionScanner
2019-08-10 04:38:45,972 DEBUG block.SCMBlockDeletingService (SCMBlockDeletingService.java:call(155)) - Scanned deleted blocks log and got 0 delTX to process.
2019-08-10 04:38:45,998 INFO  client.GrpcClientProtocolClient (GrpcClientProtocolClient.java:onNext(255)) - client-A18AB92CDBA5->6c928baf-cc3b-4a10-9362-ff4e15dca71d: receive RaftClientReply:client-A18AB92CDBA5->6c928baf-cc3b-4a10-9362-ff4e15dca71d@group-586430B97ADD, cid=3665, SUCCESS, logIndex=5270, commits[6c928baf-cc3b-4a10-9362-ff4e15dca71d:c5271]
2019-08-10 04:38:45,999 INFO  client.GrpcClientProtocolClient (GrpcClientProtocolClient.java:onNext(255)) - client-A18AB92CDBA5->6c928baf-cc3b-4a10-9362-ff4e15dca71d: receive RaftClientReply:client-A18AB92CDBA5->6c928baf-cc3b-4a10-9362-ff4e15dca71d@group-586430B97ADD, cid=3666, SUCCESS, logIndex=5271, commits[6c928baf-cc3b-4a10-9362-ff4e15dca71d:c5273]
2019-08-10 04:38:45,999 INFO  client.GrpcClientProtocolClient (GrpcClientProtocolClient.java:onNext(255)) - client-A18AB92CDBA5->6c928baf-cc3b-4a10-9362-ff4e15dca71d: receive RaftClientReply:client-A18AB92CDBA5->6c928baf-cc3b-4a10-9362-ff4e15dca71d@group-586430B97ADD, cid=3667, SUCCESS, logIndex=5272, commits[6c928baf-cc3b-4a10-9362-ff4e15dca71d:c5274]
2019-08-10 04:38:45,999 INFO  client.GrpcClientProtocolClient (GrpcClientProtocolClient.java:onNext(255)) - client-A18AB92CDBA5->6c928baf-cc3b-4a10-9362-ff4e15dca71d: receive RaftClientReply:client-A18AB92CDBA5->6c928baf-cc3b-4a10-9362-ff4e15dca71d@group-586430B97ADD, cid=3668, SUCCESS, logIndex=5273, commits[6c928baf-cc3b-4a10-9362-ff4e15dca71d:c5275]
2019-08-10 04:38:46,073 DEBUG block.SCMBlockDeletingService (SCMBlockDeletingService.java:call(138)) - Running DeletedBlockTransactionScanner
2019-08-10 04:38:46,073 DEBUG block.SCMBlockDeletingService (SCMBlockDeletingService.java:call(155)) - Scanned deleted blocks log and got 0 delTX to process.
2019-08-10 04:38:46,146 INFO  client.GrpcClientProtocolClient (GrpcClientProtocolClient.java:onNext(255)) - client-A18AB92CDBA5->6c928baf-cc3b-4a10-9362-ff4e15dca71d: receive RaftClientReply:client-A18AB92CDBA5->6c928baf-cc3b-4a10-9362-ff4e15dca71d@group-586430B97ADD, cid=3669, SUCCESS, logIndex=5276, commits[6c928baf-cc3b-4a10-9362-ff4e15dca71d:c5279]
2019-08-10 04:38:46,147 INFO  client.GrpcClientProtocolClient (GrpcClientProtocolClient.java:onNext(255)) - client-A18AB92CDBA5->6c928baf-cc3b-4a10-9362-ff4e15dca71d: receive RaftClientReply:client-A18AB92CDBA5->6c928baf-cc3b-4a10-9362-ff4e15dca71d@group-586430B97ADD, cid=3670, SUCCESS, logIndex=5277, commits[6c928baf-cc3b-4a10-9362-ff4e15dca71d:c5279]
2019-08-10 04:38:46,147 INFO  client.GrpcClientProtocolClient (GrpcClientProtocolClient.java:onNext(255)) - client-A18AB92CDBA5->6c928baf-cc3b-4a10-9362-ff4e15dca71d: receive RaftClientReply:client-A18AB92CDBA5->6c928baf-cc3b-4a10-9362-ff4e15dca71d@group-586430B97ADD, cid=3671, SUCCESS, logIndex=5278, commits[6c928baf-cc3b-4a10-9362-ff4e15dca71d:c5279]
2019-08-10 04:38:46,148 INFO  client.GrpcClientProtocolClient (GrpcClientProtocolClient.java:onNext(255)) - client-A18AB92CDBA5->6c928baf-cc3b-4a10-9362-ff4e15dca71d: receive RaftClientReply:client-A18AB92CDBA5->6c928baf-cc3b-4a10-9362-ff4e15dca71d@group-586430B97ADD, cid=3672, SUCCESS, logIndex=5279, commits[6c928baf-cc3b-4a10-9362-ff4e15dca71d:c5279]
2019-08-10 04:38:46,173 DEBUG block.SCMBlockDeletingService (SCMBlockDeletingService.java:call(138)) - Running DeletedBlockTransactionScanner
2019-08-10 04:38:46,174 DEBUG block.SCMBlockDeletingService (SCMBlockDeletingService.java:call(155)) - Scanned deleted blocks log and got 0 delTX to process.
2019-08-10 04:38:46,180 INFO  client.GrpcClientProtocolClient (GrpcClientProtocolClient.java:onNext(255)) - client-A18AB92CDBA5->6c928baf-cc3b-4a10-9362-ff4e15dca71d: receive RaftClientReply:client-A18AB92CDBA5->6c928baf-cc3b-4a10-9362-ff4e15dca71d@group-586430B97ADD, cid=3673, SUCCESS, logIndex=5281, commits[6c928baf-cc3b-4a10-9362-ff4e15dca71d:c5282]
2019-08-10 04:38:46,181 INFO  client.GrpcClientProtocolClient (GrpcClientProtocolClient.java:onNext(255)) - client-A18AB92CDBA5->6c928baf-cc3b-4a10-9362-ff4e15dca71d: receive RaftClientReply:client-A18AB92CDBA5->6c928baf-cc3b-4a10-9362-ff4e15dca71d@group-586430B97ADD, cid=3674, SUCCESS, logIndex=5282, commits[6c928baf-cc3b-4a10-9362-ff4e15dca71d:c5282]
2019-08-10 04:38:46,182 INFO  client.GrpcClientProtocolClient (GrpcClientProtocolClient.java:onNext(255)) - client-A18AB92CDBA5->6c928baf-cc3b-4a10-9362-ff4e15dca71d: receive RaftClientReply:client-A18AB92CDBA5->6c928baf-cc3b-4a10-9362-ff4e15dca71d@group-586430B97ADD, cid=3675, SUCCESS, logIndex=5283, commits[6c928baf-cc3b-4a10-9362-ff4e15dca71d:c5284]
2019-08-10 04:38:46,183 INFO  client.GrpcClientProtocolClient (GrpcClientProtocolClient.java:onNext(255)) - client-A18AB92CDBA5->6c928baf-cc3b-4a10-9362-ff4e15dca71d: receive RaftClientReply:client-A18AB92CDBA5->6c928baf-cc3b-4a10-9362-ff4e15dca71d@group-586430B97ADD, cid=3676, SUCCESS, logIndex=5284, commits[6c928baf-cc3b-4a10-9362-ff4e15dca71d:c5284]
2019-08-10 04:38:46,206 INFO  client.GrpcClientProtocolClient (GrpcClientProtocolClient.java:onNext(255)) - client-A18AB92CDBA5->6c928baf-cc3b-4a10-9362-ff4e15dca71d: receive RaftClientReply:client-A18AB92CDBA5->6c928baf-cc3b-4a10-9362-ff4e15dca71d@group-586430B97ADD, cid=3677, SUCCESS, logIndex=5287, commits[6c928baf-cc3b-4a10-9362-ff4e15dca71d:c5290]
2019-08-10 04:38:46,206 INFO  client.GrpcClientProtocolClient (GrpcClientProtocolClient.java:onNext(255)) - client-A18AB92CDBA5->6c928baf-cc3b-4a10-9362-ff4e15dca71d: receive RaftClientReply:client-A18AB92CDBA5->6c928baf-cc3b-4a10-9362-ff4e15dca71d@group-586430B97ADD, cid=3678, SUCCESS, logIndex=5288, commits[6c928baf-cc3b-4a10-9362-ff4e15dca71d:c5291]
2019-08-10 04:38:46,206 INFO  client.GrpcClientProtocolClient (GrpcClientProtocolClient.java:onNext(255)) - client-A18AB92CDBA5->6c928baf-cc3b-4a10-9362-ff4e15dca71d: receive RaftClientReply:client-A18AB92CDBA5->6c928baf-cc3b-4a10-9362-ff4e15dca71d@group-586430B97ADD, cid=3679, SUCCESS, logIndex=5289, commits[6c928baf-cc3b-4a10-9362-ff4e15dca71d:c5291]
2019-08-10 04:38:46,207 INFO  client.GrpcClientProtocolClient (GrpcClientProtocolClient.java:onNext(255)) - client-A18AB92CDBA5->6c928baf-cc3b-4a10-9362-ff4e15dca71d: receive RaftClientReply:client-A18AB92CDBA5->6c928baf-cc3b-4a10-9362-ff4e15dca71d@group-586430B97ADD, cid=3680, SUCCESS, logIndex=5290, commits[6c928baf-cc3b-4a10-9362-ff4e15dca71d:c5291]
2019-08-10 04:38:46,237 INFO  client.GrpcClientProtocolClient (GrpcClientProtocolClient.java:onNext(255)) - client-A18AB92CDBA5->6c928baf-cc3b-4a10-9362-ff4e15dca71d: receive RaftClientReply:client-A18AB92CDBA5->6c928baf-cc3b-4a10-9362-ff4e15dca71d@group-586430B97ADD, cid=3681, SUCCESS, logIndex=5292, commits[6c928baf-cc3b-4a10-9362-ff4e15dca71d:c5293]
2019-08-10 04:38:46,238 INFO  client.GrpcClientProtocolClient (GrpcClientProtocolClient.java:onNext(255)) - client-A18AB92CDBA5->6c928baf-cc3b-4a10-9362-ff4e15dca71d: receive RaftClientReply:client-A18AB92CDBA5->6c928baf-cc3b-4a10-9362-ff4e15dca71d@group-586430B97ADD, cid=3682, SUCCESS, logIndex=5293, commits[6c928baf-cc3b-4a10-9362-ff4e15dca71d:c5295]
2019-08-10 04:38:46,238 INFO  client.GrpcClientProtocolClient (GrpcClientProtocolClient.java:onNext(255)) - client-A18AB92CDBA5->6c928baf-cc3b-4a10-9362-ff4e15dca71d: receive RaftClientReply:client-A18AB92CDBA5->6c928baf-cc3b-4a10-9362-ff4e15dca71d@group-586430B97ADD, cid=3683, SUCCESS, logIndex=5294, commits[6c928baf-cc3b-4a10-9362-ff4e15dca71d:c5295]
2019-08-10 04:38:46,238 INFO  client.GrpcClientProtocolClient (GrpcClientProtocolClient.java:onNext(255)) - client-A18AB92CDBA5->6c928baf-cc3b-4a10-9362-ff4e15dca71d: receive RaftClientReply:client-A18AB92CDBA5->6c928baf-cc3b-4a10-9362-ff4e15dca71d@group-586430B97ADD, cid=3684, SUCCESS, logIndex=5295, commits[6c928baf-cc3b-4a10-9362-ff4e15dca71d:c5295]
2019-08-10 04:38:46,257 INFO  client.GrpcClientProtocolClient (GrpcClientProtocolClient.java:onNext(255)) - client-A18AB92CDBA5->6c928baf-cc3b-4a10-9362-ff4e15dca71d: receive RaftClientReply:client-A18AB92CDBA5->6c928baf-cc3b-4a10-9362-ff4e15dca71d@group-586430B97ADD, cid=3685, SUCCESS, logIndex=5298, commits[6c928baf-cc3b-4a10-9362-ff4e15dca71d:c5299]
2019-08-10 04:38:46,258 INFO  client.GrpcClientProtocolClient (GrpcClientProtocolClient.java:onNext(255)) - client-A18AB92CDBA5->6c928baf-cc3b-4a10-9362-ff4e15dca71d: receive RaftClientReply:client-A18AB92CDBA5->6c928baf-cc3b-4a10-9362-ff4e15dca71d@group-586430B97ADD, cid=3686, SUCCESS, logIndex=5299, commits[6c928baf-cc3b-4a10-9362-ff4e15dca71d:c5301]
2019-08-10 04:38:46,258 INFO  client.GrpcClientProtocolClient (GrpcClientProtocolClient.java:onNext(255)) - client-A18AB92CDBA5->6c928baf-cc3b-4a10-9362-ff4e15dca71d: receive RaftClientReply:client-A18AB92CDBA5->6c928baf-cc3b-4a10-9362-ff4e15dca71d@group-586430B97ADD, cid=3687, SUCCESS, logIndex=5300, commits[6c928baf-cc3b-4a10-9362-ff4e15dca71d:c5302]
2019-08-10 04:38:46,259 INFO  client.GrpcClientProtocolClient (GrpcClientProtocolClient.java:onNext(255)) - client-A18AB92CDBA5->6c928baf-cc3b-4a10-9362-ff4e15dca71d: receive RaftClientReply:client-A18AB92CDBA5->6c928baf-cc3b-4a10-9362-ff4e15dca71d@group-586430B97ADD, cid=3688, SUCCESS, logIndex=5301, commits[6c928baf-cc3b-4a10-9362-ff4e15dca71d:c5302]
2019-08-10 04:38:46,274 DEBUG block.SCMBlockDeletingService (SCMBlockDeletingService.java:call(138)) - Running DeletedBlockTransactionScanner
2019-08-10 04:38:46,275 DEBUG block.SCMBlockDeletingService (SCMBlockDeletingService.java:call(155)) - Scanned deleted blocks log and got 0 delTX to process.
2019-08-10 04:38:46,286 INFO  client.GrpcClientProtocolClient (GrpcClientProtocolClient.java:onNext(255)) - client-A18AB92CDBA5->6c928baf-cc3b-4a10-9362-ff4e15dca71d: receive RaftClientReply:client-A18AB92CDBA5->6c928baf-cc3b-4a10-9362-ff4e15dca71d@group-586430B97ADD, cid=3689, SUCCESS, logIndex=5304, commits[6c928baf-cc3b-4a10-9362-ff4e15dca71d:c5305]
2019-08-10 04:38:46,286 INFO  client.GrpcClientProtocolClient (GrpcClientProtocolClient.java:onNext(255)) - client-A18AB92CDBA5->6c928baf-cc3b-4a10-9362-ff4e15dca71d: receive RaftClientReply:client-A18AB92CDBA5->6c928baf-cc3b-4a10-9362-ff4e15dca71d@group-586430B97ADD, cid=3690, SUCCESS, logIndex=5305, commits[6c928baf-cc3b-4a10-9362-ff4e15dca71d:c5305]
2019-08-10 04:38:46,287 INFO  client.GrpcClientProtocolClient (GrpcClientProtocolClient.java:onNext(255)) - client-A18AB92CDBA5->6c928baf-cc3b-4a10-9362-ff4e15dca71d: receive RaftClientReply:client-A18AB92CDBA5->6c928baf-cc3b-4a10-9362-ff4e15dca71d@group-586430B97ADD, cid=3691, SUCCESS, logIndex=5306, commits[6c928baf-cc3b-4a10-9362-ff4e15dca71d:c5307]
2019-08-10 04:38:46,287 INFO  client.GrpcClientProtocolClient (GrpcClientProtocolClient.java:onNext(255)) - client-A18AB92CDBA5->6c928baf-cc3b-4a10-9362-ff4e15dca71d: receive RaftClientReply:client-A18AB92CDBA5->6c928baf-cc3b-4a10-9362-ff4e15dca71d@group-586430B97ADD, cid=3692, SUCCESS, logIndex=5307, commits[6c928baf-cc3b-4a10-9362-ff4e15dca71d:c5307]
2019-08-10 04:38:46,299 INFO  client.GrpcClientProtocolClient (GrpcClientProtocolClient.java:onNext(255)) - client-A18AB92CDBA5->6c928baf-cc3b-4a10-9362-ff4e15dca71d: receive RaftClientReply:client-A18AB92CDBA5->6c928baf-cc3b-4a10-9362-ff4e15dca71d@group-586430B97ADD, cid=3693, SUCCESS, logIndex=5310, commits[6c928baf-cc3b-4a10-9362-ff4e15dca71d:c5313]
2019-08-10 04:38:46,299 INFO  client.GrpcClientProtocolClient (GrpcClientProtocolClient.java:onNext(255)) - client-A18AB92CDBA5->6c928baf-cc3b-4a10-9362-ff4e15dca71d: receive RaftClientReply:client-A18AB92CDBA5->6c928baf-cc3b-4a10-9362-ff4e15dca71d@group-586430B97ADD, cid=3694, SUCCESS, logIndex=5311, commits[6c928baf-cc3b-4a10-9362-ff4e15dca71d:c5314]
2019-08-10 04:38:46,300 INFO  client.GrpcClientProtocolClient (GrpcClientProtocolClient.java:onNext(255)) - client-A18AB92CDBA5->6c928baf-cc3b-4a10-9362-ff4e15dca71d: receive RaftClientReply:client-A18AB92CDBA5->6c928baf-cc3b-4a10-9362-ff4e15dca71d@group-586430B97ADD, cid=3695, SUCCESS, logIndex=5312, commits[6c928baf-cc3b-4a10-9362-ff4e15dca71d:c5314]
2019-08-10 04:38:46,300 INFO  client.GrpcClientProtocolClient (GrpcClientProtocolClient.java:onNext(255)) - client-A18AB92CDBA5->6c928baf-cc3b-4a10-9362-ff4e15dca71d: receive RaftClientReply:client-A18AB92CDBA5->6c928baf-cc3b-4a10-9362-ff4e15dca71d@group-586430B97ADD, cid=3696, SUCCESS, logIndex=5313, commits[6c928baf-cc3b-4a10-9362-ff4e15dca71d:c5314]
2019-08-10 04:38:46,332 INFO  client.GrpcClientProtocolClient (GrpcClientProtocolClient.java:onNext(255)) - client-A18AB92CDBA5->6c928baf-cc3b-4a10-9362-ff4e15dca71d: receive RaftClientReply:client-A18AB92CDBA5->6c928baf-cc3b-4a10-9362-ff4e15dca71d@group-586430B97ADD, cid=3697, SUCCESS, logIndex=5315, commits[6c928baf-cc3b-4a10-9362-ff4e15dca71d:c5318]
2019-08-10 04:38:46,333 INFO  client.GrpcClientProtocolClient (GrpcClientProtocolClient.java:onNext(255)) - client-A18AB92CDBA5->6c928baf-cc3b-4a10-9362-ff4e15dca71d: receive RaftClientReply:client-A18AB92CDBA5->6c928baf-cc3b-4a10-9362-ff4e15dca71d@group-586430B97ADD, cid=3698, SUCCESS, logIndex=5316, commits[6c928baf-cc3b-4a10-9362-ff4e15dca71d:c5319]
2019-08-10 04:38:46,333 INFO  client.GrpcClientProtocolClient (GrpcClientProtocolClient.java:onNext(255)) - client-A18AB92CDBA5->6c928baf-cc3b-4a10-9362-ff4e15dca71d: receive RaftClientReply:client-A18AB92CDBA5->6c928baf-cc3b-4a10-9362-ff4e15dca71d@group-586430B97ADD, cid=3699, SUCCESS, logIndex=5317, commits[6c928baf-cc3b-4a10-9362-ff4e15dca71d:c5319]
2019-08-10 04:38:46,334 INFO  client.GrpcClientProtocolClient (GrpcClientProtocolClient.java:onNext(255)) - client-A18AB92CDBA5->6c928baf-cc3b-4a10-9362-ff4e15dca71d: receive RaftClientReply:client-A18AB92CDBA5->6c928baf-cc3b-4a10-9362-ff4e15dca71d@group-586430B97ADD, cid=3700, SUCCESS, logIndex=5318, commits[6c928baf-cc3b-4a10-9362-ff4e15dca71d:c5319]
2019-08-10 04:38:46,352 INFO  client.GrpcClientProtocolClient (GrpcClientProtocolClient.java:onNext(255)) - client-A18AB92CDBA5->6c928baf-cc3b-4a10-9362-ff4e15dca71d: receive RaftClientReply:client-A18AB92CDBA5->6c928baf-cc3b-4a10-9362-ff4e15dca71d@group-586430B97ADD, cid=3701, SUCCESS, logIndex=5320, commits[6c928baf-cc3b-4a10-9362-ff4e15dca71d:c5321]
2019-08-10 04:38:46,353 INFO  client.GrpcClientProtocolClient (GrpcClientProtocolClient.java:onNext(255)) - client-A18AB92CDBA5->6c928baf-cc3b-4a10-9362-ff4e15dca71d: receive RaftClientReply:client-A18AB92CDBA5->6c928baf-cc3b-4a10-9362-ff4e15dca71d@group-586430B97ADD, cid=3702, SUCCESS, logIndex=5321, commits[6c928baf-cc3b-4a10-9362-ff4e15dca71d:c5323]
2019-08-10 04:38:46,353 INFO  client.GrpcClientProtocolClient (GrpcClientProtocolClient.java:onNext(255)) - client-A18AB92CDBA5->6c928baf-cc3b-4a10-9362-ff4e15dca71d: receive RaftClientReply:client-A18AB92CDBA5->6c928baf-cc3b-4a10-9362-ff4e15dca71d@group-586430B97ADD, cid=3703, SUCCESS, logIndex=5322, commits[6c928baf-cc3b-4a10-9362-ff4e15dca71d:c5324]
2019-08-10 04:38:46,353 INFO  client.GrpcClientProtocolClient (GrpcClientProtocolClient.java:onNext(255)) - client-A18AB92CDBA5->6c928baf-cc3b-4a10-9362-ff4e15dca71d: receive RaftClientReply:client-A18AB92CDBA5->6c928baf-cc3b-4a10-9362-ff4e15dca71d@group-586430B97ADD, cid=3704, SUCCESS, logIndex=5323, commits[6c928baf-cc3b-4a10-9362-ff4e15dca71d:c5324]
2019-08-10 04:38:46,375 DEBUG block.SCMBlockDeletingService (SCMBlockDeletingService.java:call(138)) - Running DeletedBlockTransactionScanner
2019-08-10 04:38:46,375 DEBUG block.SCMBlockDeletingService (SCMBlockDeletingService.java:call(155)) - Scanned deleted blocks log and got 0 delTX to process.
2019-08-10 04:38:46,383 INFO  client.GrpcClientProtocolClient (GrpcClientProtocolClient.java:onNext(255)) - client-A18AB92CDBA5->6c928baf-cc3b-4a10-9362-ff4e15dca71d: receive RaftClientReply:client-A18AB92CDBA5->6c928baf-cc3b-4a10-9362-ff4e15dca71d@group-586430B97ADD, cid=3705, SUCCESS, logIndex=5326, commits[6c928baf-cc3b-4a10-9362-ff4e15dca71d:c5327]
2019-08-10 04:38:46,383 INFO  client.GrpcClientProtocolClient (GrpcClientProtocolClient.java:onNext(255)) - client-A18AB92CDBA5->6c928baf-cc3b-4a10-9362-ff4e15dca71d: receive RaftClientReply:client-A18AB92CDBA5->6c928baf-cc3b-4a10-9362-ff4e15dca71d@group-586430B97ADD, cid=3706, SUCCESS, logIndex=5327, commits[6c928baf-cc3b-4a10-9362-ff4e15dca71d:c5329]
2019-08-10 04:38:46,384 INFO  client.GrpcClientProtocolClient (GrpcClientProtocolClient.java:onNext(255)) - client-A18AB92CDBA5->6c928baf-cc3b-4a10-9362-ff4e15dca71d: receive RaftClientReply:client-A18AB92CDBA5->6c928baf-cc3b-4a10-9362-ff4e15dca71d@group-586430B97ADD, cid=3707, SUCCESS, logIndex=5328, commits[6c928baf-cc3b-4a10-9362-ff4e15dca71d:c5330]
2019-08-10 04:38:46,384 INFO  client.GrpcClientProtocolClient (GrpcClientProtocolClient.java:onNext(255)) - client-A18AB92CDBA5->6c928baf-cc3b-4a10-9362-ff4e15dca71d: receive RaftClientReply:client-A18AB92CDBA5->6c928baf-cc3b-4a10-9362-ff4e15dca71d@group-586430B97ADD, cid=3708, SUCCESS, logIndex=5329, commits[6c928baf-cc3b-4a10-9362-ff4e15dca71d:c5330]
2019-08-10 04:38:46,403 INFO  client.GrpcClientProtocolClient (GrpcClientProtocolClient.java:onNext(255)) - client-A18AB92CDBA5->6c928baf-cc3b-4a10-9362-ff4e15dca71d: receive RaftClientReply:client-A18AB92CDBA5->6c928baf-cc3b-4a10-9362-ff4e15dca71d@group-586430B97ADD, cid=3709, SUCCESS, logIndex=5332, commits[6c928baf-cc3b-4a10-9362-ff4e15dca71d:c5333]
2019-08-10 04:38:46,403 INFO  client.GrpcClientProtocolClient (GrpcClientProtocolClient.java:onNext(255)) - client-A18AB92CDBA5->6c928baf-cc3b-4a10-9362-ff4e15dca71d: receive RaftClientReply:client-A18AB92CDBA5->6c928baf-cc3b-4a10-9362-ff4e15dca71d@group-586430B97ADD, cid=3710, SUCCESS, logIndex=5333, commits[6c928baf-cc3b-4a10-9362-ff4e15dca71d:c5335]
2019-08-10 04:38:46,403 INFO  client.GrpcClientProtocolClient (GrpcClientProtocolClient.java:onNext(255)) - client-A18AB92CDBA5->6c928baf-cc3b-4a10-9362-ff4e15dca71d: receive RaftClientReply:client-A18AB92CDBA5->6c928baf-cc3b-4a10-9362-ff4e15dca71d@group-586430B97ADD, cid=3711, SUCCESS, logIndex=5334, commits[6c928baf-cc3b-4a10-9362-ff4e15dca71d:c5336]
2019-08-10 04:38:46,404 INFO  client.GrpcClientProtocolClient (GrpcClientProtocolClient.java:onNext(255)) - client-A18AB92CDBA5->6c928baf-cc3b-4a10-9362-ff4e15dca71d: receive RaftClientReply:client-A18AB92CDBA5->6c928baf-cc3b-4a10-9362-ff4e15dca71d@group-586430B97ADD, cid=3712, SUCCESS, logIndex=5335, commits[6c928baf-cc3b-4a10-9362-ff4e15dca71d:c5336]
2019-08-10 04:38:46,476 DEBUG block.SCMBlockDeletingService (SCMBlockDeletingService.java:call(138)) - Running DeletedBlockTransactionScanner
2019-08-10 04:38:46,476 DEBUG block.SCMBlockDeletingService (SCMBlockDeletingService.java:call(155)) - Scanned deleted blocks log and got 0 delTX to process.
2019-08-10 04:38:46,535 INFO  client.GrpcClientProtocolClient (GrpcClientProtocolClient.java:onNext(255)) - client-A18AB92CDBA5->6c928baf-cc3b-4a10-9362-ff4e15dca71d: receive RaftClientReply:client-A18AB92CDBA5->6c928baf-cc3b-4a10-9362-ff4e15dca71d@group-586430B97ADD, cid=3713, SUCCESS, logIndex=5338, commits[6c928baf-cc3b-4a10-9362-ff4e15dca71d:c5339]
2019-08-10 04:38:46,536 INFO  client.GrpcClientProtocolClient (GrpcClientProtocolClient.java:onNext(255)) - client-A18AB92CDBA5->6c928baf-cc3b-4a10-9362-ff4e15dca71d: receive RaftClientReply:client-A18AB92CDBA5->6c928baf-cc3b-4a10-9362-ff4e15dca71d@group-586430B97ADD, cid=3714, SUCCESS, logIndex=5339, commits[6c928baf-cc3b-4a10-9362-ff4e15dca71d:c5339]
2019-08-10 04:38:46,536 INFO  client.GrpcClientProtocolClient (GrpcClientProtocolClient.java:onNext(255)) - client-A18AB92CDBA5->6c928baf-cc3b-4a10-9362-ff4e15dca71d: receive RaftClientReply:client-A18AB92CDBA5->6c928baf-cc3b-4a10-9362-ff4e15dca71d@group-586430B97ADD, cid=3715, SUCCESS, logIndex=5340, commits[6c928baf-cc3b-4a10-9362-ff4e15dca71d:c5341]
2019-08-10 04:38:46,537 INFO  client.GrpcClientProtocolClient (GrpcClientProtocolClient.java:onNext(255)) - client-A18AB92CDBA5->6c928baf-cc3b-4a10-9362-ff4e15dca71d: receive RaftClientReply:client-A18AB92CDBA5->6c928baf-cc3b-4a10-9362-ff4e15dca71d@group-586430B97ADD, cid=3716, SUCCESS, logIndex=5341, commits[6c928baf-cc3b-4a10-9362-ff4e15dca71d:c5341]
2019-08-10 04:38:46,563 INFO  client.GrpcClientProtocolClient (GrpcClientProtocolClient.java:onNext(255)) - client-A18AB92CDBA5->6c928baf-cc3b-4a10-9362-ff4e15dca71d: receive RaftClientReply:client-A18AB92CDBA5->6c928baf-cc3b-4a10-9362-ff4e15dca71d@group-586430B97ADD, cid=3717, SUCCESS, logIndex=5344, commits[6c928baf-cc3b-4a10-9362-ff4e15dca71d:c5347]
2019-08-10 04:38:46,563 INFO  client.GrpcClientProtocolClient (GrpcClientProtocolClient.java:onNext(255)) - client-A18AB92CDBA5->6c928baf-cc3b-4a10-9362-ff4e15dca71d: receive RaftClientReply:client-A18AB92CDBA5->6c928baf-cc3b-4a10-9362-ff4e15dca71d@group-586430B97ADD, cid=3718, SUCCESS, logIndex=5345, commits[6c928baf-cc3b-4a10-9362-ff4e15dca71d:c5348]
2019-08-10 04:38:46,564 INFO  client.GrpcClientProtocolClient (GrpcClientProtocolClient.java:onNext(255)) - client-A18AB92CDBA5->6c928baf-cc3b-4a10-9362-ff4e15dca71d: receive RaftClientReply:client-A18AB92CDBA5->6c928baf-cc3b-4a10-9362-ff4e15dca71d@group-586430B97ADD, cid=3719, SUCCESS, logIndex=5346, commits[6c928baf-cc3b-4a10-9362-ff4e15dca71d:c5348]
2019-08-10 04:38:46,564 INFO  client.GrpcClientProtocolClient (GrpcClientProtocolClient.java:onNext(255)) - client-A18AB92CDBA5->6c928baf-cc3b-4a10-9362-ff4e15dca71d: receive RaftClientReply:client-A18AB92CDBA5->6c928baf-cc3b-4a10-9362-ff4e15dca71d@group-586430B97ADD, cid=3720, SUCCESS, logIndex=5347, commits[6c928baf-cc3b-4a10-9362-ff4e15dca71d:c5348]
2019-08-10 04:38:46,576 DEBUG block.SCMBlockDeletingService (SCMBlockDeletingService.java:call(138)) - Running DeletedBlockTransactionScanner
2019-08-10 04:38:46,577 DEBUG block.SCMBlockDeletingService (SCMBlockDeletingService.java:call(155)) - Scanned deleted blocks log and got 0 delTX to process.
2019-08-10 04:38:46,595 INFO  client.GrpcClientProtocolClient (GrpcClientProtocolClient.java:onNext(255)) - client-A18AB92CDBA5->6c928baf-cc3b-4a10-9362-ff4e15dca71d: receive RaftClientReply:client-A18AB92CDBA5->6c928baf-cc3b-4a10-9362-ff4e15dca71d@group-586430B97ADD, cid=3721, SUCCESS, logIndex=5349, commits[6c928baf-cc3b-4a10-9362-ff4e15dca71d:c5352]
2019-08-10 04:38:46,595 INFO  client.GrpcClientProtocolClient (GrpcClientProtocolClient.java:onNext(255)) - client-A18AB92CDBA5->6c928baf-cc3b-4a10-9362-ff4e15dca71d: receive RaftClientReply:client-A18AB92CDBA5->6c928baf-cc3b-4a10-9362-ff4e15dca71d@group-586430B97ADD, cid=3722, SUCCESS, logIndex=5350, commits[6c928baf-cc3b-4a10-9362-ff4e15dca71d:c5352]
2019-08-10 04:38:46,595 INFO  client.GrpcClientProtocolClient (GrpcClientProtocolClient.java:onNext(255)) - client-A18AB92CDBA5->6c928baf-cc3b-4a10-9362-ff4e15dca71d: receive RaftClientReply:client-A18AB92CDBA5->6c928baf-cc3b-4a10-9362-ff4e15dca71d@group-586430B97ADD, cid=3723, SUCCESS, logIndex=5351, commits[6c928baf-cc3b-4a10-9362-ff4e15dca71d:c5353]
2019-08-10 04:38:46,596 INFO  client.GrpcClientProtocolClient (GrpcClientProtocolClient.java:onNext(255)) - client-A18AB92CDBA5->6c928baf-cc3b-4a10-9362-ff4e15dca71d: receive RaftClientReply:client-A18AB92CDBA5->6c928baf-cc3b-4a10-9362-ff4e15dca71d@group-586430B97ADD, cid=3724, SUCCESS, logIndex=5352, commits[6c928baf-cc3b-4a10-9362-ff4e15dca71d:c5354]
2019-08-10 04:38:46,615 INFO  client.GrpcClientProtocolClient (GrpcClientProtocolClient.java:onNext(255)) - client-A18AB92CDBA5->6c928baf-cc3b-4a10-9362-ff4e15dca71d: receive RaftClientReply:client-A18AB92CDBA5->6c928baf-cc3b-4a10-9362-ff4e15dca71d@group-586430B97ADD, cid=3725, SUCCESS, logIndex=5355, commits[6c928baf-cc3b-4a10-9362-ff4e15dca71d:c5356]
2019-08-10 04:38:46,616 INFO  client.GrpcClientProtocolClient (GrpcClientProtocolClient.java:onNext(255)) - client-A18AB92CDBA5->6c928baf-cc3b-4a10-9362-ff4e15dca71d: receive RaftClientReply:client-A18AB92CDBA5->6c928baf-cc3b-4a10-9362-ff4e15dca71d@group-586430B97ADD, cid=3726, SUCCESS, logIndex=5356, commits[6c928baf-cc3b-4a10-9362-ff4e15dca71d:c5358]
2019-08-10 04:38:46,616 INFO  client.GrpcClientProtocolClient (GrpcClientProtocolClient.java:onNext(255)) - client-A18AB92CDBA5->6c928baf-cc3b-4a10-9362-ff4e15dca71d: receive RaftClientReply:client-A18AB92CDBA5->6c928baf-cc3b-4a10-9362-ff4e15dca71d@group-586430B97ADD, cid=3727, SUCCESS, logIndex=5357, commits[6c928baf-cc3b-4a10-9362-ff4e15dca71d:c5359]
2019-08-10 04:38:46,616 INFO  client.GrpcClientProtocolClient (GrpcClientProtocolClient.java:onNext(255)) - client-A18AB92CDBA5->6c928baf-cc3b-4a10-9362-ff4e15dca71d: receive RaftClientReply:client-A18AB92CDBA5->6c928baf-cc3b-4a10-9362-ff4e15dca71d@group-586430B97ADD, cid=3728, SUCCESS, logIndex=5358, commits[6c928baf-cc3b-4a10-9362-ff4e15dca71d:c5359]
2019-08-10 04:38:46,647 INFO  client.GrpcClientProtocolClient (GrpcClientProtocolClient.java:onNext(255)) - client-A18AB92CDBA5->6c928baf-cc3b-4a10-9362-ff4e15dca71d: receive RaftClientReply:client-A18AB92CDBA5->6c928baf-cc3b-4a10-9362-ff4e15dca71d@group-586430B97ADD, cid=3729, SUCCESS, logIndex=5361, commits[6c928baf-cc3b-4a10-9362-ff4e15dca71d:c5364]
2019-08-10 04:38:46,647 INFO  client.GrpcClientProtocolClient (GrpcClientProtocolClient.java:onNext(255)) - client-A18AB92CDBA5->6c928baf-cc3b-4a10-9362-ff4e15dca71d: receive RaftClientReply:client-A18AB92CDBA5->6c928baf-cc3b-4a10-9362-ff4e15dca71d@group-586430B97ADD, cid=3730, SUCCESS, logIndex=5362, commits[6c928baf-cc3b-4a10-9362-ff4e15dca71d:c5365]
2019-08-10 04:38:46,648 INFO  client.GrpcClientProtocolClient (GrpcClientProtocolClient.java:onNext(255)) - client-A18AB92CDBA5->6c928baf-cc3b-4a10-9362-ff4e15dca71d: receive RaftClientReply:client-A18AB92CDBA5->6c928baf-cc3b-4a10-9362-ff4e15dca71d@group-586430B97ADD, cid=3731, SUCCESS, logIndex=5363, commits[6c928baf-cc3b-4a10-9362-ff4e15dca71d:c5365]
2019-08-10 04:38:46,648 INFO  client.GrpcClientProtocolClient (GrpcClientProtocolClient.java:onNext(255)) - client-A18AB92CDBA5->6c928baf-cc3b-4a10-9362-ff4e15dca71d: receive RaftClientReply:client-A18AB92CDBA5->6c928baf-cc3b-4a10-9362-ff4e15dca71d@group-586430B97ADD, cid=3732, SUCCESS, logIndex=5364, commits[6c928baf-cc3b-4a10-9362-ff4e15dca71d:c5365]
2019-08-10 04:38:46,729 DEBUG block.SCMBlockDeletingService (SCMBlockDeletingService.java:call(138)) - Running DeletedBlockTransactionScanner
2019-08-10 04:38:46,730 DEBUG block.SCMBlockDeletingService (SCMBlockDeletingService.java:call(155)) - Scanned deleted blocks log and got 0 delTX to process.
2019-08-10 04:38:46,745 INFO  client.GrpcClientProtocolClient (GrpcClientProtocolClient.java:onNext(255)) - client-A18AB92CDBA5->6c928baf-cc3b-4a10-9362-ff4e15dca71d: receive RaftClientReply:client-A18AB92CDBA5->6c928baf-cc3b-4a10-9362-ff4e15dca71d@group-586430B97ADD, cid=3733, SUCCESS, logIndex=5366, commits[6c928baf-cc3b-4a10-9362-ff4e15dca71d:c5367]
2019-08-10 04:38:46,746 INFO  client.GrpcClientProtocolClient (GrpcClientProtocolClient.java:onNext(255)) - client-A18AB92CDBA5->6c928baf-cc3b-4a10-9362-ff4e15dca71d: receive RaftClientReply:client-A18AB92CDBA5->6c928baf-cc3b-4a10-9362-ff4e15dca71d@group-586430B97ADD, cid=3734, SUCCESS, logIndex=5367, commits[6c928baf-cc3b-4a10-9362-ff4e15dca71d:c5369]
2019-08-10 04:38:46,746 INFO  client.GrpcClientProtocolClient (GrpcClientProtocolClient.java:onNext(255)) - client-A18AB92CDBA5->6c928baf-cc3b-4a10-9362-ff4e15dca71d: receive RaftClientReply:client-A18AB92CDBA5->6c928baf-cc3b-4a10-9362-ff4e15dca71d@group-586430B97ADD, cid=3735, SUCCESS, logIndex=5368, commits[6c928baf-cc3b-4a10-9362-ff4e15dca71d:c5370]
2019-08-10 04:38:46,747 INFO  client.GrpcClientProtocolClient (GrpcClientProtocolClient.java:onNext(255)) - client-A18AB92CDBA5->6c928baf-cc3b-4a10-9362-ff4e15dca71d: receive RaftClientReply:client-A18AB92CDBA5->6c928baf-cc3b-4a10-9362-ff4e15dca71d@group-586430B97ADD, cid=3736, SUCCESS, logIndex=5369, commits[6c928baf-cc3b-4a10-9362-ff4e15dca71d:c5371]
2019-08-10 04:38:46,780 INFO  client.GrpcClientProtocolClient (GrpcClientProtocolClient.java:onNext(255)) - client-A18AB92CDBA5->6c928baf-cc3b-4a10-9362-ff4e15dca71d: receive RaftClientReply:client-A18AB92CDBA5->6c928baf-cc3b-4a10-9362-ff4e15dca71d@group-586430B97ADD, cid=3737, SUCCESS, logIndex=5372, commits[6c928baf-cc3b-4a10-9362-ff4e15dca71d:c5373]
2019-08-10 04:38:46,780 INFO  client.GrpcClientProtocolClient (GrpcClientProtocolClient.java:onNext(255)) - client-A18AB92CDBA5->6c928baf-cc3b-4a10-9362-ff4e15dca71d: receive RaftClientReply:client-A18AB92CDBA5->6c928baf-cc3b-4a10-9362-ff4e15dca71d@group-586430B97ADD, cid=3738, SUCCESS, logIndex=5373, commits[6c928baf-cc3b-4a10-9362-ff4e15dca71d:c5375]
2019-08-10 04:38:46,781 INFO  client.GrpcClientProtocolClient (GrpcClientProtocolClient.java:onNext(255)) - client-A18AB92CDBA5->6c928baf-cc3b-4a10-9362-ff4e15dca71d: receive RaftClientReply:client-A18AB92CDBA5->6c928baf-cc3b-4a10-9362-ff4e15dca71d@group-586430B97ADD, cid=3739, SUCCESS, logIndex=5374, commits[6c928baf-cc3b-4a10-9362-ff4e15dca71d:c5376]
2019-08-10 04:38:46,781 INFO  client.GrpcClientProtocolClient (GrpcClientProtocolClient.java:onNext(255)) - client-A18AB92CDBA5->6c928baf-cc3b-4a10-9362-ff4e15dca71d: receive RaftClientReply:client-A18AB92CDBA5->6c928baf-cc3b-4a10-9362-ff4e15dca71d@group-586430B97ADD, cid=3740, SUCCESS, logIndex=5375, commits[6c928baf-cc3b-4a10-9362-ff4e15dca71d:c5377]
2019-08-10 04:38:46,800 INFO  client.GrpcClientProtocolClient (GrpcClientProtocolClient.java:onNext(255)) - client-A18AB92CDBA5->6c928baf-cc3b-4a10-9362-ff4e15dca71d: receive RaftClientReply:client-A18AB92CDBA5->6c928baf-cc3b-4a10-9362-ff4e15dca71d@group-586430B97ADD, cid=3741, SUCCESS, logIndex=5378, commits[6c928baf-cc3b-4a10-9362-ff4e15dca71d:c5379]
2019-08-10 04:38:46,800 INFO  client.GrpcClientProtocolClient (GrpcClientProtocolClient.java:onNext(255)) - client-A18AB92CDBA5->6c928baf-cc3b-4a10-9362-ff4e15dca71d: receive RaftClientReply:client-A18AB92CDBA5->6c928baf-cc3b-4a10-9362-ff4e15dca71d@group-586430B97ADD, cid=3742, SUCCESS, logIndex=5379, commits[6c928baf-cc3b-4a10-9362-ff4e15dca71d:c5381]
2019-08-10 04:38:46,801 INFO  client.GrpcClientProtocolClient (GrpcClientProtocolClient.java:onNext(255)) - client-A18AB92CDBA5->6c928baf-cc3b-4a10-9362-ff4e15dca71d: receive RaftClientReply:client-A18AB92CDBA5->6c928baf-cc3b-4a10-9362-ff4e15dca71d@group-586430B97ADD, cid=3743, SUCCESS, logIndex=5380, commits[6c928baf-cc3b-4a10-9362-ff4e15dca71d:c5382]
2019-08-10 04:38:46,801 INFO  client.GrpcClientProtocolClient (GrpcClientProtocolClient.java:onNext(255)) - client-A18AB92CDBA5->6c928baf-cc3b-4a10-9362-ff4e15dca71d: receive RaftClientReply:client-A18AB92CDBA5->6c928baf-cc3b-4a10-9362-ff4e15dca71d@group-586430B97ADD, cid=3744, SUCCESS, logIndex=5381, commits[6c928baf-cc3b-4a10-9362-ff4e15dca71d:c5382]
2019-08-10 04:38:46,830 DEBUG block.SCMBlockDeletingService (SCMBlockDeletingService.java:call(138)) - Running DeletedBlockTransactionScanner
2019-08-10 04:38:46,831 DEBUG block.SCMBlockDeletingService (SCMBlockDeletingService.java:call(155)) - Scanned deleted blocks log and got 0 delTX to process.
2019-08-10 04:38:46,839 INFO  client.GrpcClientProtocolClient (GrpcClientProtocolClient.java:onNext(255)) - client-A18AB92CDBA5->6c928baf-cc3b-4a10-9362-ff4e15dca71d: receive RaftClientReply:client-A18AB92CDBA5->6c928baf-cc3b-4a10-9362-ff4e15dca71d@group-586430B97ADD, cid=3745, SUCCESS, logIndex=5384, commits[6c928baf-cc3b-4a10-9362-ff4e15dca71d:c5385]
2019-08-10 04:38:46,839 INFO  client.GrpcClientProtocolClient (GrpcClientProtocolClient.java:onNext(255)) - client-A18AB92CDBA5->6c928baf-cc3b-4a10-9362-ff4e15dca71d: receive RaftClientReply:client-A18AB92CDBA5->6c928baf-cc3b-4a10-9362-ff4e15dca71d@group-586430B97ADD, cid=3746, SUCCESS, logIndex=5385, commits[6c928baf-cc3b-4a10-9362-ff4e15dca71d:c5385]
2019-08-10 04:38:46,847 INFO  client.GrpcClientProtocolClient (GrpcClientProtocolClient.java:onNext(255)) - client-A18AB92CDBA5->6c928baf-cc3b-4a10-9362-ff4e15dca71d: receive RaftClientReply:client-A18AB92CDBA5->6c928baf-cc3b-4a10-9362-ff4e15dca71d@group-586430B97ADD, cid=3747, SUCCESS, logIndex=5386, commits[6c928baf-cc3b-4a10-9362-ff4e15dca71d:c5387]
2019-08-10 04:38:46,848 INFO  client.GrpcClientProtocolClient (GrpcClientProtocolClient.java:onNext(255)) - client-A18AB92CDBA5->6c928baf-cc3b-4a10-9362-ff4e15dca71d: receive RaftClientReply:client-A18AB92CDBA5->6c928baf-cc3b-4a10-9362-ff4e15dca71d@group-586430B97ADD, cid=3748, SUCCESS, logIndex=5387, commits[6c928baf-cc3b-4a10-9362-ff4e15dca71d:c5388]
2019-08-10 04:38:46,867 INFO  client.GrpcClientProtocolClient (GrpcClientProtocolClient.java:onNext(255)) - client-A18AB92CDBA5->6c928baf-cc3b-4a10-9362-ff4e15dca71d: receive RaftClientReply:client-A18AB92CDBA5->6c928baf-cc3b-4a10-9362-ff4e15dca71d@group-586430B97ADD, cid=3749, SUCCESS, logIndex=5390, commits[6c928baf-cc3b-4a10-9362-ff4e15dca71d:c5391]
2019-08-10 04:38:46,867 INFO  client.GrpcClientProtocolClient (GrpcClientProtocolClient.java:onNext(255)) - client-A18AB92CDBA5->6c928baf-cc3b-4a10-9362-ff4e15dca71d: receive RaftClientReply:client-A18AB92CDBA5->6c928baf-cc3b-4a10-9362-ff4e15dca71d@group-586430B97ADD, cid=3750, SUCCESS, logIndex=5391, commits[6c928baf-cc3b-4a10-9362-ff4e15dca71d:c5391]
2019-08-10 04:38:46,868 INFO  client.GrpcClientProtocolClient (GrpcClientProtocolClient.java:onNext(255)) - client-A18AB92CDBA5->6c928baf-cc3b-4a10-9362-ff4e15dca71d: receive RaftClientReply:client-A18AB92CDBA5->6c928baf-cc3b-4a10-9362-ff4e15dca71d@group-586430B97ADD, cid=3751, SUCCESS, logIndex=5392, commits[6c928baf-cc3b-4a10-9362-ff4e15dca71d:c5393]
2019-08-10 04:38:46,868 INFO  client.GrpcClientProtocolClient (GrpcClientProtocolClient.java:onNext(255)) - client-A18AB92CDBA5->6c928baf-cc3b-4a10-9362-ff4e15dca71d: receive RaftClientReply:client-A18AB92CDBA5->6c928baf-cc3b-4a10-9362-ff4e15dca71d@group-586430B97ADD, cid=3752, SUCCESS, logIndex=5393, commits[6c928baf-cc3b-4a10-9362-ff4e15dca71d:c5393]
2019-08-10 04:38:46,895 INFO  client.GrpcClientProtocolClient (GrpcClientProtocolClient.java:onNext(255)) - client-A18AB92CDBA5->6c928baf-cc3b-4a10-9362-ff4e15dca71d: receive RaftClientReply:client-A18AB92CDBA5->6c928baf-cc3b-4a10-9362-ff4e15dca71d@group-586430B97ADD, cid=3753, SUCCESS, logIndex=5396, commits[6c928baf-cc3b-4a10-9362-ff4e15dca71d:c5397]
2019-08-10 04:38:46,895 INFO  client.GrpcClientProtocolClient (GrpcClientProtocolClient.java:onNext(255)) - client-A18AB92CDBA5->6c928baf-cc3b-4a10-9362-ff4e15dca71d: receive RaftClientReply:client-A18AB92CDBA5->6c928baf-cc3b-4a10-9362-ff4e15dca71d@group-586430B97ADD, cid=3754, SUCCESS, logIndex=5397, commits[6c928baf-cc3b-4a10-9362-ff4e15dca71d:c5399]
2019-08-10 04:38:46,896 INFO  client.GrpcClientProtocolClient (GrpcClientProtocolClient.java:onNext(255)) - client-A18AB92CDBA5->6c928baf-cc3b-4a10-9362-ff4e15dca71d: receive RaftClientReply:client-A18AB92CDBA5->6c928baf-cc3b-4a10-9362-ff4e15dca71d@group-586430B97ADD, cid=3755, SUCCESS, logIndex=5398, commits[6c928baf-cc3b-4a10-9362-ff4e15dca71d:c5400]
2019-08-10 04:38:46,896 INFO  client.GrpcClientProtocolClient (GrpcClientProtocolClient.java:onNext(255)) - client-A18AB92CDBA5->6c928baf-cc3b-4a10-9362-ff4e15dca71d: receive RaftClientReply:client-A18AB92CDBA5->6c928baf-cc3b-4a10-9362-ff4e15dca71d@group-586430B97ADD, cid=3756, SUCCESS, logIndex=5399, commits[6c928baf-cc3b-4a10-9362-ff4e15dca71d:c5400]
2019-08-10 04:38:46,931 DEBUG block.SCMBlockDeletingService (SCMBlockDeletingService.java:call(138)) - Running DeletedBlockTransactionScanner
2019-08-10 04:38:46,931 DEBUG block.SCMBlockDeletingService (SCMBlockDeletingService.java:call(155)) - Scanned deleted blocks log and got 0 delTX to process.
2019-08-10 04:38:47,020 INFO  client.GrpcClientProtocolClient (GrpcClientProtocolClient.java:onNext(255)) - client-A18AB92CDBA5->6c928baf-cc3b-4a10-9362-ff4e15dca71d: receive RaftClientReply:client-A18AB92CDBA5->6c928baf-cc3b-4a10-9362-ff4e15dca71d@group-586430B97ADD, cid=3757, SUCCESS, logIndex=5402, commits[6c928baf-cc3b-4a10-9362-ff4e15dca71d:c5405]
2019-08-10 04:38:47,021 INFO  client.GrpcClientProtocolClient (GrpcClientProtocolClient.java:onNext(255)) - client-A18AB92CDBA5->6c928baf-cc3b-4a10-9362-ff4e15dca71d: receive RaftClientReply:client-A18AB92CDBA5->6c928baf-cc3b-4a10-9362-ff4e15dca71d@group-586430B97ADD, cid=3758, SUCCESS, logIndex=5403, commits[6c928baf-cc3b-4a10-9362-ff4e15dca71d:c5405]
2019-08-10 04:38:47,022 INFO  client.GrpcClientProtocolClient (GrpcClientProtocolClient.java:onNext(255)) - client-A18AB92CDBA5->6c928baf-cc3b-4a10-9362-ff4e15dca71d: receive RaftClientReply:client-A18AB92CDBA5->6c928baf-cc3b-4a10-9362-ff4e15dca71d@group-586430B97ADD, cid=3759, SUCCESS, logIndex=5404, commits[6c928baf-cc3b-4a10-9362-ff4e15dca71d:c5405]
2019-08-10 04:38:47,022 INFO  client.GrpcClientProtocolClient (GrpcClientProtocolClient.java:onNext(255)) - client-A18AB92CDBA5->6c928baf-cc3b-4a10-9362-ff4e15dca71d: receive RaftClientReply:client-A18AB92CDBA5->6c928baf-cc3b-4a10-9362-ff4e15dca71d@group-586430B97ADD, cid=3760, SUCCESS, logIndex=5405, commits[6c928baf-cc3b-4a10-9362-ff4e15dca71d:c5405]
2019-08-10 04:38:47,032 DEBUG block.SCMBlockDeletingService (SCMBlockDeletingService.java:call(138)) - Running DeletedBlockTransactionScanner
2019-08-10 04:38:47,032 DEBUG block.SCMBlockDeletingService (SCMBlockDeletingService.java:call(155)) - Scanned deleted blocks log and got 0 delTX to process.
2019-08-10 04:38:47,061 INFO  client.GrpcClientProtocolClient (GrpcClientProtocolClient.java:onNext(255)) - client-A18AB92CDBA5->6c928baf-cc3b-4a10-9362-ff4e15dca71d: receive RaftClientReply:client-A18AB92CDBA5->6c928baf-cc3b-4a10-9362-ff4e15dca71d@group-586430B97ADD, cid=3761, SUCCESS, logIndex=5407, commits[6c928baf-cc3b-4a10-9362-ff4e15dca71d:c5410]
2019-08-10 04:38:47,061 INFO  client.GrpcClientProtocolClient (GrpcClientProtocolClient.java:onNext(255)) - client-A18AB92CDBA5->6c928baf-cc3b-4a10-9362-ff4e15dca71d: receive RaftClientReply:client-A18AB92CDBA5->6c928baf-cc3b-4a10-9362-ff4e15dca71d@group-586430B97ADD, cid=3762, SUCCESS, logIndex=5408, commits[6c928baf-cc3b-4a10-9362-ff4e15dca71d:c5411]
2019-08-10 04:38:47,061 INFO  client.GrpcClientProtocolClient (GrpcClientProtocolClient.java:onNext(255)) - client-A18AB92CDBA5->6c928baf-cc3b-4a10-9362-ff4e15dca71d: receive RaftClientReply:client-A18AB92CDBA5->6c928baf-cc3b-4a10-9362-ff4e15dca71d@group-586430B97ADD, cid=3763, SUCCESS, logIndex=5409, commits[6c928baf-cc3b-4a10-9362-ff4e15dca71d:c5411]
2019-08-10 04:38:47,062 INFO  client.GrpcClientProtocolClient (GrpcClientProtocolClient.java:onNext(255)) - client-A18AB92CDBA5->6c928baf-cc3b-4a10-9362-ff4e15dca71d: receive RaftClientReply:client-A18AB92CDBA5->6c928baf-cc3b-4a10-9362-ff4e15dca71d@group-586430B97ADD, cid=3764, SUCCESS, logIndex=5410, commits[6c928baf-cc3b-4a10-9362-ff4e15dca71d:c5411]
2019-08-10 04:38:47,084 INFO  client.GrpcClientProtocolClient (GrpcClientProtocolClient.java:onNext(255)) - client-A18AB92CDBA5->6c928baf-cc3b-4a10-9362-ff4e15dca71d: receive RaftClientReply:client-A18AB92CDBA5->6c928baf-cc3b-4a10-9362-ff4e15dca71d@group-586430B97ADD, cid=3765, SUCCESS, logIndex=5412, commits[6c928baf-cc3b-4a10-9362-ff4e15dca71d:c5415]
2019-08-10 04:38:47,084 INFO  client.GrpcClientProtocolClient (GrpcClientProtocolClient.java:onNext(255)) - client-A18AB92CDBA5->6c928baf-cc3b-4a10-9362-ff4e15dca71d: receive RaftClientReply:client-A18AB92CDBA5->6c928baf-cc3b-4a10-9362-ff4e15dca71d@group-586430B97ADD, cid=3766, SUCCESS, logIndex=5413, commits[6c928baf-cc3b-4a10-9362-ff4e15dca71d:c5416]
2019-08-10 04:38:47,085 INFO  client.GrpcClientProtocolClient (GrpcClientProtocolClient.java:onNext(255)) - client-A18AB92CDBA5->6c928baf-cc3b-4a10-9362-ff4e15dca71d: receive RaftClientReply:client-A18AB92CDBA5->6c928baf-cc3b-4a10-9362-ff4e15dca71d@group-586430B97ADD, cid=3767, SUCCESS, logIndex=5414, commits[6c928baf-cc3b-4a10-9362-ff4e15dca71d:c5416]
2019-08-10 04:38:47,085 INFO  client.GrpcClientProtocolClient (GrpcClientProtocolClient.java:onNext(255)) - client-A18AB92CDBA5->6c928baf-cc3b-4a10-9362-ff4e15dca71d: receive RaftClientReply:client-A18AB92CDBA5->6c928baf-cc3b-4a10-9362-ff4e15dca71d@group-586430B97ADD, cid=3768, SUCCESS, logIndex=5415, commits[6c928baf-cc3b-4a10-9362-ff4e15dca71d:c5416]
2019-08-10 04:38:47,129 INFO  client.GrpcClientProtocolClient (GrpcClientProtocolClient.java:onNext(255)) - client-A18AB92CDBA5->6c928baf-cc3b-4a10-9362-ff4e15dca71d: receive RaftClientReply:client-A18AB92CDBA5->6c928baf-cc3b-4a10-9362-ff4e15dca71d@group-586430B97ADD, cid=3769, SUCCESS, logIndex=5417, commits[6c928baf-cc3b-4a10-9362-ff4e15dca71d:c5418]
2019-08-10 04:38:47,130 INFO  client.GrpcClientProtocolClient (GrpcClientProtocolClient.java:onNext(255)) - client-A18AB92CDBA5->6c928baf-cc3b-4a10-9362-ff4e15dca71d: receive RaftClientReply:client-A18AB92CDBA5->6c928baf-cc3b-4a10-9362-ff4e15dca71d@group-586430B97ADD, cid=3770, SUCCESS, logIndex=5418, commits[6c928baf-cc3b-4a10-9362-ff4e15dca71d:c5418]
2019-08-10 04:38:47,133 DEBUG block.SCMBlockDeletingService (SCMBlockDeletingService.java:call(138)) - Running DeletedBlockTransactionScanner
2019-08-10 04:38:47,133 DEBUG block.SCMBlockDeletingService (SCMBlockDeletingService.java:call(155)) - Scanned deleted blocks log and got 0 delTX to process.
2019-08-10 04:38:47,138 INFO  client.GrpcClientProtocolClient (GrpcClientProtocolClient.java:onNext(255)) - client-A18AB92CDBA5->6c928baf-cc3b-4a10-9362-ff4e15dca71d: receive RaftClientReply:client-A18AB92CDBA5->6c928baf-cc3b-4a10-9362-ff4e15dca71d@group-586430B97ADD, cid=3771, SUCCESS, logIndex=5419, commits[6c928baf-cc3b-4a10-9362-ff4e15dca71d:c5420]
2019-08-10 04:38:47,139 INFO  client.GrpcClientProtocolClient (GrpcClientProtocolClient.java:onNext(255)) - client-A18AB92CDBA5->6c928baf-cc3b-4a10-9362-ff4e15dca71d: receive RaftClientReply:client-A18AB92CDBA5->6c928baf-cc3b-4a10-9362-ff4e15dca71d@group-586430B97ADD, cid=3772, SUCCESS, logIndex=5420, commits[6c928baf-cc3b-4a10-9362-ff4e15dca71d:c5421]
2019-08-10 04:38:47,159 INFO  client.GrpcClientProtocolClient (GrpcClientProtocolClient.java:onNext(255)) - client-A18AB92CDBA5->6c928baf-cc3b-4a10-9362-ff4e15dca71d: receive RaftClientReply:client-A18AB92CDBA5->6c928baf-cc3b-4a10-9362-ff4e15dca71d@group-586430B97ADD, cid=3773, SUCCESS, logIndex=5423, commits[6c928baf-cc3b-4a10-9362-ff4e15dca71d:c5424]
2019-08-10 04:38:47,160 INFO  client.GrpcClientProtocolClient (GrpcClientProtocolClient.java:onNext(255)) - client-A18AB92CDBA5->6c928baf-cc3b-4a10-9362-ff4e15dca71d: receive RaftClientReply:client-A18AB92CDBA5->6c928baf-cc3b-4a10-9362-ff4e15dca71d@group-586430B97ADD, cid=3774, SUCCESS, logIndex=5424, commits[6c928baf-cc3b-4a10-9362-ff4e15dca71d:c5424]
2019-08-10 04:38:47,162 INFO  client.GrpcClientProtocolClient (GrpcClientProtocolClient.java:onNext(255)) - client-A18AB92CDBA5->6c928baf-cc3b-4a10-9362-ff4e15dca71d: receive RaftClientReply:client-A18AB92CDBA5->6c928baf-cc3b-4a10-9362-ff4e15dca71d@group-586430B97ADD, cid=3775, SUCCESS, logIndex=5425, commits[6c928baf-cc3b-4a10-9362-ff4e15dca71d:c5426]
2019-08-10 04:38:47,162 INFO  client.GrpcClientProtocolClient (GrpcClientProtocolClient.java:onNext(255)) - client-A18AB92CDBA5->6c928baf-cc3b-4a10-9362-ff4e15dca71d: receive RaftClientReply:client-A18AB92CDBA5->6c928baf-cc3b-4a10-9362-ff4e15dca71d@group-586430B97ADD, cid=3776, SUCCESS, logIndex=5426, commits[6c928baf-cc3b-4a10-9362-ff4e15dca71d:c5426]
2019-08-10 04:38:47,199 INFO  client.GrpcClientProtocolClient (GrpcClientProtocolClient.java:onNext(255)) - client-A18AB92CDBA5->6c928baf-cc3b-4a10-9362-ff4e15dca71d: receive RaftClientReply:client-A18AB92CDBA5->6c928baf-cc3b-4a10-9362-ff4e15dca71d@group-586430B97ADD, cid=3777, SUCCESS, logIndex=5429, commits[6c928baf-cc3b-4a10-9362-ff4e15dca71d:c5432]
2019-08-10 04:38:47,200 INFO  client.GrpcClientProtocolClient (GrpcClientProtocolClient.java:onNext(255)) - client-A18AB92CDBA5->6c928baf-cc3b-4a10-9362-ff4e15dca71d: receive RaftClientReply:client-A18AB92CDBA5->6c928baf-cc3b-4a10-9362-ff4e15dca71d@group-586430B97ADD, cid=3778, SUCCESS, logIndex=5430, commits[6c928baf-cc3b-4a10-9362-ff4e15dca71d:c5432]
2019-08-10 04:38:47,200 INFO  client.GrpcClientProtocolClient (GrpcClientProtocolClient.java:onNext(255)) - client-A18AB92CDBA5->6c928baf-cc3b-4a10-9362-ff4e15dca71d: receive RaftClientReply:client-A18AB92CDBA5->6c928baf-cc3b-4a10-9362-ff4e15dca71d@group-586430B97ADD, cid=3779, SUCCESS, logIndex=5431, commits[6c928baf-cc3b-4a10-9362-ff4e15dca71d:c5432]
2019-08-10 04:38:47,200 INFO  client.GrpcClientProtocolClient (GrpcClientProtocolClient.java:onNext(255)) - client-A18AB92CDBA5->6c928baf-cc3b-4a10-9362-ff4e15dca71d: receive RaftClientReply:client-A18AB92CDBA5->6c928baf-cc3b-4a10-9362-ff4e15dca71d@group-586430B97ADD, cid=3780, SUCCESS, logIndex=5432, commits[6c928baf-cc3b-4a10-9362-ff4e15dca71d:c5432]
2019-08-10 04:38:47,232 INFO  client.GrpcClientProtocolClient (GrpcClientProtocolClient.java:onNext(255)) - client-A18AB92CDBA5->6c928baf-cc3b-4a10-9362-ff4e15dca71d: receive RaftClientReply:client-A18AB92CDBA5->6c928baf-cc3b-4a10-9362-ff4e15dca71d@group-586430B97ADD, cid=3781, SUCCESS, logIndex=5434, commits[6c928baf-cc3b-4a10-9362-ff4e15dca71d:c5437]
2019-08-10 04:38:47,233 INFO  client.GrpcClientProtocolClient (GrpcClientProtocolClient.java:onNext(255)) - client-A18AB92CDBA5->6c928baf-cc3b-4a10-9362-ff4e15dca71d: receive RaftClientReply:client-A18AB92CDBA5->6c928baf-cc3b-4a10-9362-ff4e15dca71d@group-586430B97ADD, cid=3782, SUCCESS, logIndex=5435, commits[6c928baf-cc3b-4a10-9362-ff4e15dca71d:c5438]
2019-08-10 04:38:47,233 INFO  client.GrpcClientProtocolClient (GrpcClientProtocolClient.java:onNext(255)) - client-A18AB92CDBA5->6c928baf-cc3b-4a10-9362-ff4e15dca71d: receive RaftClientReply:client-A18AB92CDBA5->6c928baf-cc3b-4a10-9362-ff4e15dca71d@group-586430B97ADD, cid=3783, SUCCESS, logIndex=5436, commits[6c928baf-cc3b-4a10-9362-ff4e15dca71d:c5438]
2019-08-10 04:38:47,233 DEBUG block.SCMBlockDeletingService (SCMBlockDeletingService.java:call(138)) - Running DeletedBlockTransactionScanner
2019-08-10 04:38:47,234 DEBUG block.SCMBlockDeletingService (SCMBlockDeletingService.java:call(155)) - Scanned deleted blocks log and got 0 delTX to process.
2019-08-10 04:38:47,234 INFO  client.GrpcClientProtocolClient (GrpcClientProtocolClient.java:onNext(255)) - client-A18AB92CDBA5->6c928baf-cc3b-4a10-9362-ff4e15dca71d: receive RaftClientReply:client-A18AB92CDBA5->6c928baf-cc3b-4a10-9362-ff4e15dca71d@group-586430B97ADD, cid=3784, SUCCESS, logIndex=5437, commits[6c928baf-cc3b-4a10-9362-ff4e15dca71d:c5438]
2019-08-10 04:38:47,270 INFO  client.GrpcClientProtocolClient (GrpcClientProtocolClient.java:onNext(255)) - client-A18AB92CDBA5->6c928baf-cc3b-4a10-9362-ff4e15dca71d: receive RaftClientReply:client-A18AB92CDBA5->6c928baf-cc3b-4a10-9362-ff4e15dca71d@group-586430B97ADD, cid=3785, SUCCESS, logIndex=5439, commits[6c928baf-cc3b-4a10-9362-ff4e15dca71d:c5440]
2019-08-10 04:38:47,271 INFO  client.GrpcClientProtocolClient (GrpcClientProtocolClient.java:onNext(255)) - client-A18AB92CDBA5->6c928baf-cc3b-4a10-9362-ff4e15dca71d: receive RaftClientReply:client-A18AB92CDBA5->6c928baf-cc3b-4a10-9362-ff4e15dca71d@group-586430B97ADD, cid=3786, SUCCESS, logIndex=5440, commits[6c928baf-cc3b-4a10-9362-ff4e15dca71d:c5440]
2019-08-10 04:38:47,272 INFO  client.GrpcClientProtocolClient (GrpcClientProtocolClient.java:onNext(255)) - client-A18AB92CDBA5->6c928baf-cc3b-4a10-9362-ff4e15dca71d: receive RaftClientReply:client-A18AB92CDBA5->6c928baf-cc3b-4a10-9362-ff4e15dca71d@group-586430B97ADD, cid=3787, SUCCESS, logIndex=5441, commits[6c928baf-cc3b-4a10-9362-ff4e15dca71d:c5442]
2019-08-10 04:38:47,272 INFO  client.GrpcClientProtocolClient (GrpcClientProtocolClient.java:onNext(255)) - client-A18AB92CDBA5->6c928baf-cc3b-4a10-9362-ff4e15dca71d: receive RaftClientReply:client-A18AB92CDBA5->6c928baf-cc3b-4a10-9362-ff4e15dca71d@group-586430B97ADD, cid=3788, SUCCESS, logIndex=5442, commits[6c928baf-cc3b-4a10-9362-ff4e15dca71d:c5442]
2019-08-10 04:38:47,296 INFO  client.GrpcClientProtocolClient (GrpcClientProtocolClient.java:onNext(255)) - client-A18AB92CDBA5->6c928baf-cc3b-4a10-9362-ff4e15dca71d: receive RaftClientReply:client-A18AB92CDBA5->6c928baf-cc3b-4a10-9362-ff4e15dca71d@group-586430B97ADD, cid=3789, SUCCESS, logIndex=5445, commits[6c928baf-cc3b-4a10-9362-ff4e15dca71d:c5448]
2019-08-10 04:38:47,296 INFO  client.GrpcClientProtocolClient (GrpcClientProtocolClient.java:onNext(255)) - client-A18AB92CDBA5->6c928baf-cc3b-4a10-9362-ff4e15dca71d: receive RaftClientReply:client-A18AB92CDBA5->6c928baf-cc3b-4a10-9362-ff4e15dca71d@group-586430B97ADD, cid=3790, SUCCESS, logIndex=5446, commits[6c928baf-cc3b-4a10-9362-ff4e15dca71d:c5449]
2019-08-10 04:38:47,296 INFO  client.GrpcClientProtocolClient (GrpcClientProtocolClient.java:onNext(255)) - client-A18AB92CDBA5->6c928baf-cc3b-4a10-9362-ff4e15dca71d: receive RaftClientReply:client-A18AB92CDBA5->6c928baf-cc3b-4a10-9362-ff4e15dca71d@group-586430B97ADD, cid=3791, SUCCESS, logIndex=5447, commits[6c928baf-cc3b-4a10-9362-ff4e15dca71d:c5449]
2019-08-10 04:38:47,297 INFO  client.GrpcClientProtocolClient (GrpcClientProtocolClient.java:onNext(255)) - client-A18AB92CDBA5->6c928baf-cc3b-4a10-9362-ff4e15dca71d: receive RaftClientReply:client-A18AB92CDBA5->6c928baf-cc3b-4a10-9362-ff4e15dca71d@group-586430B97ADD, cid=3792, SUCCESS, logIndex=5448, commits[6c928baf-cc3b-4a10-9362-ff4e15dca71d:c5449]
2019-08-10 04:38:47,329 INFO  client.GrpcClientProtocolClient (GrpcClientProtocolClient.java:onNext(255)) - client-A18AB92CDBA5->6c928baf-cc3b-4a10-9362-ff4e15dca71d: receive RaftClientReply:client-A18AB92CDBA5->6c928baf-cc3b-4a10-9362-ff4e15dca71d@group-586430B97ADD, cid=3793, SUCCESS, logIndex=5450, commits[6c928baf-cc3b-4a10-9362-ff4e15dca71d:c5451]
2019-08-10 04:38:47,330 INFO  client.GrpcClientProtocolClient (GrpcClientProtocolClient.java:onNext(255)) - client-A18AB92CDBA5->6c928baf-cc3b-4a10-9362-ff4e15dca71d: receive RaftClientReply:client-A18AB92CDBA5->6c928baf-cc3b-4a10-9362-ff4e15dca71d@group-586430B97ADD, cid=3794, SUCCESS, logIndex=5451, commits[6c928baf-cc3b-4a10-9362-ff4e15dca71d:c5451]
2019-08-10 04:38:47,331 INFO  client.GrpcClientProtocolClient (GrpcClientProtocolClient.java:onNext(255)) - client-A18AB92CDBA5->6c928baf-cc3b-4a10-9362-ff4e15dca71d: receive RaftClientReply:client-A18AB92CDBA5->6c928baf-cc3b-4a10-9362-ff4e15dca71d@group-586430B97ADD, cid=3795, SUCCESS, logIndex=5452, commits[6c928baf-cc3b-4a10-9362-ff4e15dca71d:c5453]
2019-08-10 04:38:47,331 INFO  client.GrpcClientProtocolClient (GrpcClientProtocolClient.java:onNext(255)) - client-A18AB92CDBA5->6c928baf-cc3b-4a10-9362-ff4e15dca71d: receive RaftClientReply:client-A18AB92CDBA5->6c928baf-cc3b-4a10-9362-ff4e15dca71d@group-586430B97ADD, cid=3796, SUCCESS, logIndex=5453, commits[6c928baf-cc3b-4a10-9362-ff4e15dca71d:c5453]
2019-08-10 04:38:47,334 DEBUG block.SCMBlockDeletingService (SCMBlockDeletingService.java:call(138)) - Running DeletedBlockTransactionScanner
2019-08-10 04:38:47,334 DEBUG block.SCMBlockDeletingService (SCMBlockDeletingService.java:call(155)) - Scanned deleted blocks log and got 0 delTX to process.
2019-08-10 04:38:47,351 INFO  client.GrpcClientProtocolClient (GrpcClientProtocolClient.java:onNext(255)) - client-A18AB92CDBA5->6c928baf-cc3b-4a10-9362-ff4e15dca71d: receive RaftClientReply:client-A18AB92CDBA5->6c928baf-cc3b-4a10-9362-ff4e15dca71d@group-586430B97ADD, cid=3797, SUCCESS, logIndex=5456, commits[6c928baf-cc3b-4a10-9362-ff4e15dca71d:c5459]
2019-08-10 04:38:47,351 INFO  client.GrpcClientProtocolClient (GrpcClientProtocolClient.java:onNext(255)) - client-A18AB92CDBA5->6c928baf-cc3b-4a10-9362-ff4e15dca71d: receive RaftClientReply:client-A18AB92CDBA5->6c928baf-cc3b-4a10-9362-ff4e15dca71d@group-586430B97ADD, cid=3798, SUCCESS, logIndex=5457, commits[6c928baf-cc3b-4a10-9362-ff4e15dca71d:c5459]
2019-08-10 04:38:47,352 INFO  client.GrpcClientProtocolClient (GrpcClientProtocolClient.java:onNext(255)) - client-A18AB92CDBA5->6c928baf-cc3b-4a10-9362-ff4e15dca71d: receive RaftClientReply:client-A18AB92CDBA5->6c928baf-cc3b-4a10-9362-ff4e15dca71d@group-586430B97ADD, cid=3799, SUCCESS, logIndex=5458, commits[6c928baf-cc3b-4a10-9362-ff4e15dca71d:c5460]
2019-08-10 04:38:47,352 INFO  client.GrpcClientProtocolClient (GrpcClientProtocolClient.java:onNext(255)) - client-A18AB92CDBA5->6c928baf-cc3b-4a10-9362-ff4e15dca71d: receive RaftClientReply:client-A18AB92CDBA5->6c928baf-cc3b-4a10-9362-ff4e15dca71d@group-586430B97ADD, cid=3800, SUCCESS, logIndex=5459, commits[6c928baf-cc3b-4a10-9362-ff4e15dca71d:c5461]
2019-08-10 04:38:47,376 INFO  client.GrpcClientProtocolClient (GrpcClientProtocolClient.java:onNext(255)) - client-A18AB92CDBA5->6c928baf-cc3b-4a10-9362-ff4e15dca71d: receive RaftClientReply:client-A18AB92CDBA5->6c928baf-cc3b-4a10-9362-ff4e15dca71d@group-586430B97ADD, cid=3801, SUCCESS, logIndex=5462, commits[6c928baf-cc3b-4a10-9362-ff4e15dca71d:c5463]
2019-08-10 04:38:47,377 INFO  client.GrpcClientProtocolClient (GrpcClientProtocolClient.java:onNext(255)) - client-A18AB92CDBA5->6c928baf-cc3b-4a10-9362-ff4e15dca71d: receive RaftClientReply:client-A18AB92CDBA5->6c928baf-cc3b-4a10-9362-ff4e15dca71d@group-586430B97ADD, cid=3802, SUCCESS, logIndex=5463, commits[6c928baf-cc3b-4a10-9362-ff4e15dca71d:c5464]
2019-08-10 04:38:47,435 DEBUG block.SCMBlockDeletingService (SCMBlockDeletingService.java:call(138)) - Running DeletedBlockTransactionScanner
2019-08-10 04:38:47,435 DEBUG block.SCMBlockDeletingService (SCMBlockDeletingService.java:call(155)) - Scanned deleted blocks log and got 0 delTX to process.
2019-08-10 04:38:47,524 INFO  client.GrpcClientProtocolClient (GrpcClientProtocolClient.java:onNext(255)) - client-A18AB92CDBA5->6c928baf-cc3b-4a10-9362-ff4e15dca71d: receive RaftClientReply:client-A18AB92CDBA5->6c928baf-cc3b-4a10-9362-ff4e15dca71d@group-586430B97ADD, cid=3803, SUCCESS, logIndex=5465, commits[6c928baf-cc3b-4a10-9362-ff4e15dca71d:c5466]
2019-08-10 04:38:47,525 INFO  client.GrpcClientProtocolClient (GrpcClientProtocolClient.java:onNext(255)) - client-A18AB92CDBA5->6c928baf-cc3b-4a10-9362-ff4e15dca71d: receive RaftClientReply:client-A18AB92CDBA5->6c928baf-cc3b-4a10-9362-ff4e15dca71d@group-586430B97ADD, cid=3804, SUCCESS, logIndex=5466, commits[6c928baf-cc3b-4a10-9362-ff4e15dca71d:c5466]
2019-08-10 04:38:47,536 DEBUG block.SCMBlockDeletingService (SCMBlockDeletingService.java:call(138)) - Running DeletedBlockTransactionScanner
2019-08-10 04:38:47,536 DEBUG block.SCMBlockDeletingService (SCMBlockDeletingService.java:call(155)) - Scanned deleted blocks log and got 0 delTX to process.
2019-08-10 04:38:47,548 INFO  client.GrpcClientProtocolClient (GrpcClientProtocolClient.java:onNext(255)) - client-A18AB92CDBA5->6c928baf-cc3b-4a10-9362-ff4e15dca71d: receive RaftClientReply:client-A18AB92CDBA5->6c928baf-cc3b-4a10-9362-ff4e15dca71d@group-586430B97ADD, cid=3805, SUCCESS, logIndex=5468, commits[6c928baf-cc3b-4a10-9362-ff4e15dca71d:c5471]
2019-08-10 04:38:47,549 INFO  client.GrpcClientProtocolClient (GrpcClientProtocolClient.java:onNext(255)) - client-A18AB92CDBA5->6c928baf-cc3b-4a10-9362-ff4e15dca71d: receive RaftClientReply:client-A18AB92CDBA5->6c928baf-cc3b-4a10-9362-ff4e15dca71d@group-586430B97ADD, cid=3806, SUCCESS, logIndex=5469, commits[6c928baf-cc3b-4a10-9362-ff4e15dca71d:c5472]
2019-08-10 04:38:47,549 INFO  client.GrpcClientProtocolClient (GrpcClientProtocolClient.java:onNext(255)) - client-A18AB92CDBA5->6c928baf-cc3b-4a10-9362-ff4e15dca71d: receive RaftClientReply:client-A18AB92CDBA5->6c928baf-cc3b-4a10-9362-ff4e15dca71d@group-586430B97ADD, cid=3807, SUCCESS, logIndex=5470, commits[6c928baf-cc3b-4a10-9362-ff4e15dca71d:c5472]
2019-08-10 04:38:47,549 INFO  client.GrpcClientProtocolClient (GrpcClientProtocolClient.java:onNext(255)) - client-A18AB92CDBA5->6c928baf-cc3b-4a10-9362-ff4e15dca71d: receive RaftClientReply:client-A18AB92CDBA5->6c928baf-cc3b-4a10-9362-ff4e15dca71d@group-586430B97ADD, cid=3808, SUCCESS, logIndex=5471, commits[6c928baf-cc3b-4a10-9362-ff4e15dca71d:c5472]
2019-08-10 04:38:47,589 INFO  client.GrpcClientProtocolClient (GrpcClientProtocolClient.java:onNext(255)) - client-A18AB92CDBA5->6c928baf-cc3b-4a10-9362-ff4e15dca71d: receive RaftClientReply:client-A18AB92CDBA5->6c928baf-cc3b-4a10-9362-ff4e15dca71d@group-586430B97ADD, cid=3809, SUCCESS, logIndex=5473, commits[6c928baf-cc3b-4a10-9362-ff4e15dca71d:c5476]
2019-08-10 04:38:47,590 INFO  client.GrpcClientProtocolClient (GrpcClientProtocolClient.java:onNext(255)) - client-A18AB92CDBA5->6c928baf-cc3b-4a10-9362-ff4e15dca71d: receive RaftClientReply:client-A18AB92CDBA5->6c928baf-cc3b-4a10-9362-ff4e15dca71d@group-586430B97ADD, cid=3810, SUCCESS, logIndex=5474, commits[6c928baf-cc3b-4a10-9362-ff4e15dca71d:c5477]
2019-08-10 04:38:47,590 INFO  client.GrpcClientProtocolClient (GrpcClientProtocolClient.java:onNext(255)) - client-A18AB92CDBA5->6c928baf-cc3b-4a10-9362-ff4e15dca71d: receive RaftClientReply:client-A18AB92CDBA5->6c928baf-cc3b-4a10-9362-ff4e15dca71d@group-586430B97ADD, cid=3811, SUCCESS, logIndex=5475, commits[6c928baf-cc3b-4a10-9362-ff4e15dca71d:c5477]
2019-08-10 04:38:47,590 INFO  client.GrpcClientProtocolClient (GrpcClientProtocolClient.java:onNext(255)) - client-A18AB92CDBA5->6c928baf-cc3b-4a10-9362-ff4e15dca71d: receive RaftClientReply:client-A18AB92CDBA5->6c928baf-cc3b-4a10-9362-ff4e15dca71d@group-586430B97ADD, cid=3812, SUCCESS, logIndex=5476, commits[6c928baf-cc3b-4a10-9362-ff4e15dca71d:c5477]
2019-08-10 04:38:47,615 INFO  client.GrpcClientProtocolClient (GrpcClientProtocolClient.java:onNext(255)) - client-A18AB92CDBA5->6c928baf-cc3b-4a10-9362-ff4e15dca71d: receive RaftClientReply:client-A18AB92CDBA5->6c928baf-cc3b-4a10-9362-ff4e15dca71d@group-586430B97ADD, cid=3813, SUCCESS, logIndex=5478, commits[6c928baf-cc3b-4a10-9362-ff4e15dca71d:c5481]
2019-08-10 04:38:47,616 INFO  client.GrpcClientProtocolClient (GrpcClientProtocolClient.java:onNext(255)) - client-A18AB92CDBA5->6c928baf-cc3b-4a10-9362-ff4e15dca71d: receive RaftClientReply:client-A18AB92CDBA5->6c928baf-cc3b-4a10-9362-ff4e15dca71d@group-586430B97ADD, cid=3814, SUCCESS, logIndex=5479, commits[6c928baf-cc3b-4a10-9362-ff4e15dca71d:c5482]
2019-08-10 04:38:47,616 INFO  client.GrpcClientProtocolClient (GrpcClientProtocolClient.java:onNext(255)) - client-A18AB92CDBA5->6c928baf-cc3b-4a10-9362-ff4e15dca71d: receive RaftClientReply:client-A18AB92CDBA5->6c928baf-cc3b-4a10-9362-ff4e15dca71d@group-586430B97ADD, cid=3815, SUCCESS, logIndex=5480, commits[6c928baf-cc3b-4a10-9362-ff4e15dca71d:c5482]
2019-08-10 04:38:47,616 INFO  client.GrpcClientProtocolClient (GrpcClientProtocolClient.java:onNext(255)) - client-A18AB92CDBA5->6c928baf-cc3b-4a10-9362-ff4e15dca71d: receive RaftClientReply:client-A18AB92CDBA5->6c928baf-cc3b-4a10-9362-ff4e15dca71d@group-586430B97ADD, cid=3816, SUCCESS, logIndex=5481, commits[6c928baf-cc3b-4a10-9362-ff4e15dca71d:c5482]
2019-08-10 04:38:47,637 DEBUG block.SCMBlockDeletingService (SCMBlockDeletingService.java:call(138)) - Running DeletedBlockTransactionScanner
2019-08-10 04:38:47,637 DEBUG block.SCMBlockDeletingService (SCMBlockDeletingService.java:call(155)) - Scanned deleted blocks log and got 0 delTX to process.
2019-08-10 04:38:47,653 INFO  client.GrpcClientProtocolClient (GrpcClientProtocolClient.java:onNext(255)) - client-A18AB92CDBA5->6c928baf-cc3b-4a10-9362-ff4e15dca71d: receive RaftClientReply:client-A18AB92CDBA5->6c928baf-cc3b-4a10-9362-ff4e15dca71d@group-586430B97ADD, cid=3817, SUCCESS, logIndex=5483, commits[6c928baf-cc3b-4a10-9362-ff4e15dca71d:c5486]
2019-08-10 04:38:47,653 INFO  client.GrpcClientProtocolClient (GrpcClientProtocolClient.java:onNext(255)) - client-A18AB92CDBA5->6c928baf-cc3b-4a10-9362-ff4e15dca71d: receive RaftClientReply:client-A18AB92CDBA5->6c928baf-cc3b-4a10-9362-ff4e15dca71d@group-586430B97ADD, cid=3818, SUCCESS, logIndex=5484, commits[6c928baf-cc3b-4a10-9362-ff4e15dca71d:c5487]
2019-08-10 04:38:47,654 INFO  client.GrpcClientProtocolClient (GrpcClientProtocolClient.java:onNext(255)) - client-A18AB92CDBA5->6c928baf-cc3b-4a10-9362-ff4e15dca71d: receive RaftClientReply:client-A18AB92CDBA5->6c928baf-cc3b-4a10-9362-ff4e15dca71d@group-586430B97ADD, cid=3819, SUCCESS, logIndex=5485, commits[6c928baf-cc3b-4a10-9362-ff4e15dca71d:c5487]
2019-08-10 04:38:47,654 INFO  client.GrpcClientProtocolClient (GrpcClientProtocolClient.java:onNext(255)) - client-A18AB92CDBA5->6c928baf-cc3b-4a10-9362-ff4e15dca71d: receive RaftClientReply:client-A18AB92CDBA5->6c928baf-cc3b-4a10-9362-ff4e15dca71d@group-586430B97ADD, cid=3820, SUCCESS, logIndex=5486, commits[6c928baf-cc3b-4a10-9362-ff4e15dca71d:c5487]
2019-08-10 04:38:47,677 INFO  client.GrpcClientProtocolClient (GrpcClientProtocolClient.java:onNext(255)) - client-A18AB92CDBA5->6c928baf-cc3b-4a10-9362-ff4e15dca71d: receive RaftClientReply:client-A18AB92CDBA5->6c928baf-cc3b-4a10-9362-ff4e15dca71d@group-586430B97ADD, cid=3821, SUCCESS, logIndex=5488, commits[6c928baf-cc3b-4a10-9362-ff4e15dca71d:c5491]
2019-08-10 04:38:47,677 INFO  client.GrpcClientProtocolClient (GrpcClientProtocolClient.java:onNext(255)) - client-A18AB92CDBA5->6c928baf-cc3b-4a10-9362-ff4e15dca71d: receive RaftClientReply:client-A18AB92CDBA5->6c928baf-cc3b-4a10-9362-ff4e15dca71d@group-586430B97ADD, cid=3822, SUCCESS, logIndex=5489, commits[6c928baf-cc3b-4a10-9362-ff4e15dca71d:c5491]
2019-08-10 04:38:47,678 INFO  client.GrpcClientProtocolClient (GrpcClientProtocolClient.java:onNext(255)) - client-A18AB92CDBA5->6c928baf-cc3b-4a10-9362-ff4e15dca71d: receive RaftClientReply:client-A18AB92CDBA5->6c928baf-cc3b-4a10-9362-ff4e15dca71d@group-586430B97ADD, cid=3823, SUCCESS, logIndex=5490, commits[6c928baf-cc3b-4a10-9362-ff4e15dca71d:c5491]
2019-08-10 04:38:47,678 INFO  client.GrpcClientProtocolClient (GrpcClientProtocolClient.java:onNext(255)) - client-A18AB92CDBA5->6c928baf-cc3b-4a10-9362-ff4e15dca71d: receive RaftClientReply:client-A18AB92CDBA5->6c928baf-cc3b-4a10-9362-ff4e15dca71d@group-586430B97ADD, cid=3824, SUCCESS, logIndex=5491, commits[6c928baf-cc3b-4a10-9362-ff4e15dca71d:c5491]
2019-08-10 04:38:47,712 INFO  client.GrpcClientProtocolClient (GrpcClientProtocolClient.java:onNext(255)) - client-A18AB92CDBA5->6c928baf-cc3b-4a10-9362-ff4e15dca71d: receive RaftClientReply:client-A18AB92CDBA5->6c928baf-cc3b-4a10-9362-ff4e15dca71d@group-586430B97ADD, cid=3825, SUCCESS, logIndex=5493, commits[6c928baf-cc3b-4a10-9362-ff4e15dca71d:c5496]
2019-08-10 04:38:47,713 INFO  client.GrpcClientProtocolClient (GrpcClientProtocolClient.java:onNext(255)) - client-A18AB92CDBA5->6c928baf-cc3b-4a10-9362-ff4e15dca71d: receive RaftClientReply:client-A18AB92CDBA5->6c928baf-cc3b-4a10-9362-ff4e15dca71d@group-586430B97ADD, cid=3826, SUCCESS, logIndex=5494, commits[6c928baf-cc3b-4a10-9362-ff4e15dca71d:c5497]
2019-08-10 04:38:47,713 INFO  client.GrpcClientProtocolClient (GrpcClientProtocolClient.java:onNext(255)) - client-A18AB92CDBA5->6c928baf-cc3b-4a10-9362-ff4e15dca71d: receive RaftClientReply:client-A18AB92CDBA5->6c928baf-cc3b-4a10-9362-ff4e15dca71d@group-586430B97ADD, cid=3827, SUCCESS, logIndex=5495, commits[6c928baf-cc3b-4a10-9362-ff4e15dca71d:c5497]
2019-08-10 04:38:47,713 INFO  client.GrpcClientProtocolClient (GrpcClientProtocolClient.java:onNext(255)) - client-A18AB92CDBA5->6c928baf-cc3b-4a10-9362-ff4e15dca71d: receive RaftClientReply:client-A18AB92CDBA5->6c928baf-cc3b-4a10-9362-ff4e15dca71d@group-586430B97ADD, cid=3828, SUCCESS, logIndex=5496, commits[6c928baf-cc3b-4a10-9362-ff4e15dca71d:c5497]
2019-08-10 04:38:47,792 DEBUG block.SCMBlockDeletingService (SCMBlockDeletingService.java:call(138)) - Running DeletedBlockTransactionScanner
2019-08-10 04:38:47,792 DEBUG block.SCMBlockDeletingService (SCMBlockDeletingService.java:call(155)) - Scanned deleted blocks log and got 0 delTX to process.
2019-08-10 04:38:47,812 INFO  client.GrpcClientProtocolClient (GrpcClientProtocolClient.java:onNext(255)) - client-A18AB92CDBA5->6c928baf-cc3b-4a10-9362-ff4e15dca71d: receive RaftClientReply:client-A18AB92CDBA5->6c928baf-cc3b-4a10-9362-ff4e15dca71d@group-586430B97ADD, cid=3829, SUCCESS, logIndex=5498, commits[6c928baf-cc3b-4a10-9362-ff4e15dca71d:c5499]
2019-08-10 04:38:47,812 INFO  client.GrpcClientProtocolClient (GrpcClientProtocolClient.java:onNext(255)) - client-A18AB92CDBA5->6c928baf-cc3b-4a10-9362-ff4e15dca71d: receive RaftClientReply:client-A18AB92CDBA5->6c928baf-cc3b-4a10-9362-ff4e15dca71d@group-586430B97ADD, cid=3830, SUCCESS, logIndex=5499, commits[6c928baf-cc3b-4a10-9362-ff4e15dca71d:c5501]
2019-08-10 04:38:47,813 INFO  client.GrpcClientProtocolClient (GrpcClientProtocolClient.java:onNext(255)) - client-A18AB92CDBA5->6c928baf-cc3b-4a10-9362-ff4e15dca71d: receive RaftClientReply:client-A18AB92CDBA5->6c928baf-cc3b-4a10-9362-ff4e15dca71d@group-586430B97ADD, cid=3831, SUCCESS, logIndex=5500, commits[6c928baf-cc3b-4a10-9362-ff4e15dca71d:c5502]
2019-08-10 04:38:47,813 INFO  client.GrpcClientProtocolClient (GrpcClientProtocolClient.java:onNext(255)) - client-A18AB92CDBA5->6c928baf-cc3b-4a10-9362-ff4e15dca71d: receive RaftClientReply:client-A18AB92CDBA5->6c928baf-cc3b-4a10-9362-ff4e15dca71d@group-586430B97ADD, cid=3832, SUCCESS, logIndex=5501, commits[6c928baf-cc3b-4a10-9362-ff4e15dca71d:c5503]
2019-08-10 04:38:47,848 INFO  client.GrpcClientProtocolClient (GrpcClientProtocolClient.java:onNext(255)) - client-A18AB92CDBA5->6c928baf-cc3b-4a10-9362-ff4e15dca71d: receive RaftClientReply:client-A18AB92CDBA5->6c928baf-cc3b-4a10-9362-ff4e15dca71d@group-586430B97ADD, cid=3833, SUCCESS, logIndex=5504, commits[6c928baf-cc3b-4a10-9362-ff4e15dca71d:c5505]
2019-08-10 04:38:47,848 INFO  client.GrpcClientProtocolClient (GrpcClientProtocolClient.java:onNext(255)) - client-A18AB92CDBA5->6c928baf-cc3b-4a10-9362-ff4e15dca71d: receive RaftClientReply:client-A18AB92CDBA5->6c928baf-cc3b-4a10-9362-ff4e15dca71d@group-586430B97ADD, cid=3834, SUCCESS, logIndex=5505, commits[6c928baf-cc3b-4a10-9362-ff4e15dca71d:c5507]
2019-08-10 04:38:47,849 INFO  client.GrpcClientProtocolClient (GrpcClientProtocolClient.java:onNext(255)) - client-A18AB92CDBA5->6c928baf-cc3b-4a10-9362-ff4e15dca71d: receive RaftClientReply:client-A18AB92CDBA5->6c928baf-cc3b-4a10-9362-ff4e15dca71d@group-586430B97ADD, cid=3835, SUCCESS, logIndex=5506, commits[6c928baf-cc3b-4a10-9362-ff4e15dca71d:c5508]
2019-08-10 04:38:47,849 INFO  client.GrpcClientProtocolClient (GrpcClientProtocolClient.java:onNext(255)) - client-A18AB92CDBA5->6c928baf-cc3b-4a10-9362-ff4e15dca71d: receive RaftClientReply:client-A18AB92CDBA5->6c928baf-cc3b-4a10-9362-ff4e15dca71d@group-586430B97ADD, cid=3836, SUCCESS, logIndex=5507, commits[6c928baf-cc3b-4a10-9362-ff4e15dca71d:c5509]
2019-08-10 04:38:47,876 INFO  client.GrpcClientProtocolClient (GrpcClientProtocolClient.java:onNext(255)) - client-A18AB92CDBA5->6c928baf-cc3b-4a10-9362-ff4e15dca71d: receive RaftClientReply:client-A18AB92CDBA5->6c928baf-cc3b-4a10-9362-ff4e15dca71d@group-586430B97ADD, cid=3837, SUCCESS, logIndex=5510, commits[6c928baf-cc3b-4a10-9362-ff4e15dca71d:c5513]
2019-08-10 04:38:47,876 INFO  client.GrpcClientProtocolClient (GrpcClientProtocolClient.java:onNext(255)) - client-A18AB92CDBA5->6c928baf-cc3b-4a10-9362-ff4e15dca71d: receive RaftClientReply:client-A18AB92CDBA5->6c928baf-cc3b-4a10-9362-ff4e15dca71d@group-586430B97ADD, cid=3838, SUCCESS, logIndex=5511, commits[6c928baf-cc3b-4a10-9362-ff4e15dca71d:c5514]
2019-08-10 04:38:47,877 INFO  client.GrpcClientProtocolClient (GrpcClientProtocolClient.java:onNext(255)) - client-A18AB92CDBA5->6c928baf-cc3b-4a10-9362-ff4e15dca71d: receive RaftClientReply:client-A18AB92CDBA5->6c928baf-cc3b-4a10-9362-ff4e15dca71d@group-586430B97ADD, cid=3839, SUCCESS, logIndex=5512, commits[6c928baf-cc3b-4a10-9362-ff4e15dca71d:c5514]
2019-08-10 04:38:47,877 INFO  client.GrpcClientProtocolClient (GrpcClientProtocolClient.java:onNext(255)) - client-A18AB92CDBA5->6c928baf-cc3b-4a10-9362-ff4e15dca71d: receive RaftClientReply:client-A18AB92CDBA5->6c928baf-cc3b-4a10-9362-ff4e15dca71d@group-586430B97ADD, cid=3840, SUCCESS, logIndex=5513, commits[6c928baf-cc3b-4a10-9362-ff4e15dca71d:c5514]
2019-08-10 04:38:47,893 DEBUG block.SCMBlockDeletingService (SCMBlockDeletingService.java:call(138)) - Running DeletedBlockTransactionScanner
2019-08-10 04:38:47,893 DEBUG block.SCMBlockDeletingService (SCMBlockDeletingService.java:call(155)) - Scanned deleted blocks log and got 0 delTX to process.
2019-08-10 04:38:47,912 INFO  client.GrpcClientProtocolClient (GrpcClientProtocolClient.java:onNext(255)) - client-A18AB92CDBA5->6c928baf-cc3b-4a10-9362-ff4e15dca71d: receive RaftClientReply:client-A18AB92CDBA5->6c928baf-cc3b-4a10-9362-ff4e15dca71d@group-586430B97ADD, cid=3841, SUCCESS, logIndex=5515, commits[6c928baf-cc3b-4a10-9362-ff4e15dca71d:c5518]
2019-08-10 04:38:47,913 INFO  client.GrpcClientProtocolClient (GrpcClientProtocolClient.java:onNext(255)) - client-A18AB92CDBA5->6c928baf-cc3b-4a10-9362-ff4e15dca71d: receive RaftClientReply:client-A18AB92CDBA5->6c928baf-cc3b-4a10-9362-ff4e15dca71d@group-586430B97ADD, cid=3842, SUCCESS, logIndex=5516, commits[6c928baf-cc3b-4a10-9362-ff4e15dca71d:c5519]
2019-08-10 04:38:47,913 INFO  client.GrpcClientProtocolClient (GrpcClientProtocolClient.java:onNext(255)) - client-A18AB92CDBA5->6c928baf-cc3b-4a10-9362-ff4e15dca71d: receive RaftClientReply:client-A18AB92CDBA5->6c928baf-cc3b-4a10-9362-ff4e15dca71d@group-586430B97ADD, cid=3843, SUCCESS, logIndex=5517, commits[6c928baf-cc3b-4a10-9362-ff4e15dca71d:c5519]
2019-08-10 04:38:47,913 INFO  client.GrpcClientProtocolClient (GrpcClientProtocolClient.java:onNext(255)) - client-A18AB92CDBA5->6c928baf-cc3b-4a10-9362-ff4e15dca71d: receive RaftClientReply:client-A18AB92CDBA5->6c928baf-cc3b-4a10-9362-ff4e15dca71d@group-586430B97ADD, cid=3844, SUCCESS, logIndex=5518, commits[6c928baf-cc3b-4a10-9362-ff4e15dca71d:c5519]
2019-08-10 04:38:47,934 INFO  client.GrpcClientProtocolClient (GrpcClientProtocolClient.java:onNext(255)) - client-A18AB92CDBA5->6c928baf-cc3b-4a10-9362-ff4e15dca71d: receive RaftClientReply:client-A18AB92CDBA5->6c928baf-cc3b-4a10-9362-ff4e15dca71d@group-586430B97ADD, cid=3845, SUCCESS, logIndex=5520, commits[6c928baf-cc3b-4a10-9362-ff4e15dca71d:c5521]
2019-08-10 04:38:47,935 INFO  client.GrpcClientProtocolClient (GrpcClientProtocolClient.java:onNext(255)) - client-A18AB92CDBA5->6c928baf-cc3b-4a10-9362-ff4e15dca71d: receive RaftClientReply:client-A18AB92CDBA5->6c928baf-cc3b-4a10-9362-ff4e15dca71d@group-586430B97ADD, cid=3846, SUCCESS, logIndex=5521, commits[6c928baf-cc3b-4a10-9362-ff4e15dca71d:c5522]
2019-08-10 04:38:47,994 DEBUG block.SCMBlockDeletingService (SCMBlockDeletingService.java:call(138)) - Running DeletedBlockTransactionScanner
2019-08-10 04:38:47,994 DEBUG block.SCMBlockDeletingService (SCMBlockDeletingService.java:call(155)) - Scanned deleted blocks log and got 0 delTX to process.
2019-08-10 04:38:48,058 INFO  client.GrpcClientProtocolClient (GrpcClientProtocolClient.java:onNext(255)) - client-A18AB92CDBA5->6c928baf-cc3b-4a10-9362-ff4e15dca71d: receive RaftClientReply:client-A18AB92CDBA5->6c928baf-cc3b-4a10-9362-ff4e15dca71d@group-586430B97ADD, cid=3847, SUCCESS, logIndex=5523, commits[6c928baf-cc3b-4a10-9362-ff4e15dca71d:c5524]
2019-08-10 04:38:48,059 INFO  client.GrpcClientProtocolClient (GrpcClientProtocolClient.java:onNext(255)) - client-A18AB92CDBA5->6c928baf-cc3b-4a10-9362-ff4e15dca71d: receive RaftClientReply:client-A18AB92CDBA5->6c928baf-cc3b-4a10-9362-ff4e15dca71d@group-586430B97ADD, cid=3848, SUCCESS, logIndex=5524, commits[6c928baf-cc3b-4a10-9362-ff4e15dca71d:c5525]
2019-08-10 04:38:48,094 DEBUG block.SCMBlockDeletingService (SCMBlockDeletingService.java:call(138)) - Running DeletedBlockTransactionScanner
2019-08-10 04:38:48,095 DEBUG block.SCMBlockDeletingService (SCMBlockDeletingService.java:call(155)) - Scanned deleted blocks log and got 0 delTX to process.
2019-08-10 04:38:48,096 INFO  client.GrpcClientProtocolClient (GrpcClientProtocolClient.java:onNext(255)) - client-A18AB92CDBA5->6c928baf-cc3b-4a10-9362-ff4e15dca71d: receive RaftClientReply:client-A18AB92CDBA5->6c928baf-cc3b-4a10-9362-ff4e15dca71d@group-586430B97ADD, cid=3849, SUCCESS, logIndex=5526, commits[6c928baf-cc3b-4a10-9362-ff4e15dca71d:c5529]
2019-08-10 04:38:48,097 INFO  client.GrpcClientProtocolClient (GrpcClientProtocolClient.java:onNext(255)) - client-A18AB92CDBA5->6c928baf-cc3b-4a10-9362-ff4e15dca71d: receive RaftClientReply:client-A18AB92CDBA5->6c928baf-cc3b-4a10-9362-ff4e15dca71d@group-586430B97ADD, cid=3850, SUCCESS, logIndex=5527, commits[6c928baf-cc3b-4a10-9362-ff4e15dca71d:c5530]
2019-08-10 04:38:48,097 INFO  client.GrpcClientProtocolClient (GrpcClientProtocolClient.java:onNext(255)) - client-A18AB92CDBA5->6c928baf-cc3b-4a10-9362-ff4e15dca71d: receive RaftClientReply:client-A18AB92CDBA5->6c928baf-cc3b-4a10-9362-ff4e15dca71d@group-586430B97ADD, cid=3851, SUCCESS, logIndex=5528, commits[6c928baf-cc3b-4a10-9362-ff4e15dca71d:c5530]
2019-08-10 04:38:48,097 INFO  client.GrpcClientProtocolClient (GrpcClientProtocolClient.java:onNext(255)) - client-A18AB92CDBA5->6c928baf-cc3b-4a10-9362-ff4e15dca71d: receive RaftClientReply:client-A18AB92CDBA5->6c928baf-cc3b-4a10-9362-ff4e15dca71d@group-586430B97ADD, cid=3852, SUCCESS, logIndex=5529, commits[6c928baf-cc3b-4a10-9362-ff4e15dca71d:c5530]
2019-08-10 04:38:48,125 INFO  client.GrpcClientProtocolClient (GrpcClientProtocolClient.java:onNext(255)) - client-A18AB92CDBA5->6c928baf-cc3b-4a10-9362-ff4e15dca71d: receive RaftClientReply:client-A18AB92CDBA5->6c928baf-cc3b-4a10-9362-ff4e15dca71d@group-586430B97ADD, cid=3853, SUCCESS, logIndex=5531, commits[6c928baf-cc3b-4a10-9362-ff4e15dca71d:c5534]
2019-08-10 04:38:48,126 INFO  client.GrpcClientProtocolClient (GrpcClientProtocolClient.java:onNext(255)) - client-A18AB92CDBA5->6c928baf-cc3b-4a10-9362-ff4e15dca71d: receive RaftClientReply:client-A18AB92CDBA5->6c928baf-cc3b-4a10-9362-ff4e15dca71d@group-586430B97ADD, cid=3854, SUCCESS, logIndex=5532, commits[6c928baf-cc3b-4a10-9362-ff4e15dca71d:c5535]
2019-08-10 04:38:48,126 INFO  client.GrpcClientProtocolClient (GrpcClientProtocolClient.java:onNext(255)) - client-A18AB92CDBA5->6c928baf-cc3b-4a10-9362-ff4e15dca71d: receive RaftClientReply:client-A18AB92CDBA5->6c928baf-cc3b-4a10-9362-ff4e15dca71d@group-586430B97ADD, cid=3855, SUCCESS, logIndex=5533, commits[6c928baf-cc3b-4a10-9362-ff4e15dca71d:c5535]
2019-08-10 04:38:48,127 INFO  client.GrpcClientProtocolClient (GrpcClientProtocolClient.java:onNext(255)) - client-A18AB92CDBA5->6c928baf-cc3b-4a10-9362-ff4e15dca71d: receive RaftClientReply:client-A18AB92CDBA5->6c928baf-cc3b-4a10-9362-ff4e15dca71d@group-586430B97ADD, cid=3856, SUCCESS, logIndex=5534, commits[6c928baf-cc3b-4a10-9362-ff4e15dca71d:c5535]
2019-08-10 04:38:48,162 INFO  client.GrpcClientProtocolClient (GrpcClientProtocolClient.java:onNext(255)) - client-A18AB92CDBA5->6c928baf-cc3b-4a10-9362-ff4e15dca71d: receive RaftClientReply:client-A18AB92CDBA5->6c928baf-cc3b-4a10-9362-ff4e15dca71d@group-586430B97ADD, cid=3857, SUCCESS, logIndex=5536, commits[6c928baf-cc3b-4a10-9362-ff4e15dca71d:c5537]
2019-08-10 04:38:48,163 INFO  client.GrpcClientProtocolClient (GrpcClientProtocolClient.java:onNext(255)) - client-A18AB92CDBA5->6c928baf-cc3b-4a10-9362-ff4e15dca71d: receive RaftClientReply:client-A18AB92CDBA5->6c928baf-cc3b-4a10-9362-ff4e15dca71d@group-586430B97ADD, cid=3858, SUCCESS, logIndex=5537, commits[6c928baf-cc3b-4a10-9362-ff4e15dca71d:c5539]
2019-08-10 04:38:48,163 INFO  client.GrpcClientProtocolClient (GrpcClientProtocolClient.java:onNext(255)) - client-A18AB92CDBA5->6c928baf-cc3b-4a10-9362-ff4e15dca71d: receive RaftClientReply:client-A18AB92CDBA5->6c928baf-cc3b-4a10-9362-ff4e15dca71d@group-586430B97ADD, cid=3859, SUCCESS, logIndex=5538, commits[6c928baf-cc3b-4a10-9362-ff4e15dca71d:c5540]
2019-08-10 04:38:48,164 INFO  client.GrpcClientProtocolClient (GrpcClientProtocolClient.java:onNext(255)) - client-A18AB92CDBA5->6c928baf-cc3b-4a10-9362-ff4e15dca71d: receive RaftClientReply:client-A18AB92CDBA5->6c928baf-cc3b-4a10-9362-ff4e15dca71d@group-586430B97ADD, cid=3860, SUCCESS, logIndex=5539, commits[6c928baf-cc3b-4a10-9362-ff4e15dca71d:c5540]
2019-08-10 04:38:48,185 INFO  client.GrpcClientProtocolClient (GrpcClientProtocolClient.java:onNext(255)) - client-A18AB92CDBA5->6c928baf-cc3b-4a10-9362-ff4e15dca71d: receive RaftClientReply:client-A18AB92CDBA5->6c928baf-cc3b-4a10-9362-ff4e15dca71d@group-586430B97ADD, cid=3861, SUCCESS, logIndex=5542, commits[6c928baf-cc3b-4a10-9362-ff4e15dca71d:c5543]
2019-08-10 04:38:48,186 INFO  client.GrpcClientProtocolClient (GrpcClientProtocolClient.java:onNext(255)) - client-A18AB92CDBA5->6c928baf-cc3b-4a10-9362-ff4e15dca71d: receive RaftClientReply:client-A18AB92CDBA5->6c928baf-cc3b-4a10-9362-ff4e15dca71d@group-586430B97ADD, cid=3862, SUCCESS, logIndex=5543, commits[6c928baf-cc3b-4a10-9362-ff4e15dca71d:c5545]
2019-08-10 04:38:48,186 INFO  client.GrpcClientProtocolClient (GrpcClientProtocolClient.java:onNext(255)) - client-A18AB92CDBA5->6c928baf-cc3b-4a10-9362-ff4e15dca71d: receive RaftClientReply:client-A18AB92CDBA5->6c928baf-cc3b-4a10-9362-ff4e15dca71d@group-586430B97ADD, cid=3863, SUCCESS, logIndex=5544, commits[6c928baf-cc3b-4a10-9362-ff4e15dca71d:c5546]
2019-08-10 04:38:48,186 INFO  client.GrpcClientProtocolClient (GrpcClientProtocolClient.java:onNext(255)) - client-A18AB92CDBA5->6c928baf-cc3b-4a10-9362-ff4e15dca71d: receive RaftClientReply:client-A18AB92CDBA5->6c928baf-cc3b-4a10-9362-ff4e15dca71d@group-586430B97ADD, cid=3864, SUCCESS, logIndex=5545, commits[6c928baf-cc3b-4a10-9362-ff4e15dca71d:c5546]
2019-08-10 04:38:48,195 DEBUG block.SCMBlockDeletingService (SCMBlockDeletingService.java:call(138)) - Running DeletedBlockTransactionScanner
2019-08-10 04:38:48,195 DEBUG block.SCMBlockDeletingService (SCMBlockDeletingService.java:call(155)) - Scanned deleted blocks log and got 0 delTX to process.
2019-08-10 04:38:48,221 INFO  client.GrpcClientProtocolClient (GrpcClientProtocolClient.java:onNext(255)) - client-A18AB92CDBA5->6c928baf-cc3b-4a10-9362-ff4e15dca71d: receive RaftClientReply:client-A18AB92CDBA5->6c928baf-cc3b-4a10-9362-ff4e15dca71d@group-586430B97ADD, cid=3865, SUCCESS, logIndex=5548, commits[6c928baf-cc3b-4a10-9362-ff4e15dca71d:c5549]
2019-08-10 04:38:48,222 INFO  client.GrpcClientProtocolClient (GrpcClientProtocolClient.java:onNext(255)) - client-A18AB92CDBA5->6c928baf-cc3b-4a10-9362-ff4e15dca71d: receive RaftClientReply:client-A18AB92CDBA5->6c928baf-cc3b-4a10-9362-ff4e15dca71d@group-586430B97ADD, cid=3866, SUCCESS, logIndex=5549, commits[6c928baf-cc3b-4a10-9362-ff4e15dca71d:c5551]
2019-08-10 04:38:48,222 INFO  client.GrpcClientProtocolClient (GrpcClientProtocolClient.java:onNext(255)) - client-A18AB92CDBA5->6c928baf-cc3b-4a10-9362-ff4e15dca71d: receive RaftClientReply:client-A18AB92CDBA5->6c928baf-cc3b-4a10-9362-ff4e15dca71d@group-586430B97ADD, cid=3867, SUCCESS, logIndex=5550, commits[6c928baf-cc3b-4a10-9362-ff4e15dca71d:c5552]
2019-08-10 04:38:48,222 INFO  client.GrpcClientProtocolClient (GrpcClientProtocolClient.java:onNext(255)) - client-A18AB92CDBA5->6c928baf-cc3b-4a10-9362-ff4e15dca71d: receive RaftClientReply:client-A18AB92CDBA5->6c928baf-cc3b-4a10-9362-ff4e15dca71d@group-586430B97ADD, cid=3868, SUCCESS, logIndex=5551, commits[6c928baf-cc3b-4a10-9362-ff4e15dca71d:c5553]
2019-08-10 04:38:48,244 INFO  client.GrpcClientProtocolClient (GrpcClientProtocolClient.java:onNext(255)) - client-A18AB92CDBA5->6c928baf-cc3b-4a10-9362-ff4e15dca71d: receive RaftClientReply:client-A18AB92CDBA5->6c928baf-cc3b-4a10-9362-ff4e15dca71d@group-586430B97ADD, cid=3869, SUCCESS, logIndex=5554, commits[6c928baf-cc3b-4a10-9362-ff4e15dca71d:c5555]
2019-08-10 04:38:48,244 INFO  client.GrpcClientProtocolClient (GrpcClientProtocolClient.java:onNext(255)) - client-A18AB92CDBA5->6c928baf-cc3b-4a10-9362-ff4e15dca71d: receive RaftClientReply:client-A18AB92CDBA5->6c928baf-cc3b-4a10-9362-ff4e15dca71d@group-586430B97ADD, cid=3870, SUCCESS, logIndex=5555, commits[6c928baf-cc3b-4a10-9362-ff4e15dca71d:c5555]
2019-08-10 04:38:48,246 INFO  client.GrpcClientProtocolClient (GrpcClientProtocolClient.java:onNext(255)) - client-A18AB92CDBA5->6c928baf-cc3b-4a10-9362-ff4e15dca71d: receive RaftClientReply:client-A18AB92CDBA5->6c928baf-cc3b-4a10-9362-ff4e15dca71d@group-586430B97ADD, cid=3871, SUCCESS, logIndex=5556, commits[6c928baf-cc3b-4a10-9362-ff4e15dca71d:c5557]
2019-08-10 04:38:48,246 INFO  client.GrpcClientProtocolClient (GrpcClientProtocolClient.java:onNext(255)) - client-A18AB92CDBA5->6c928baf-cc3b-4a10-9362-ff4e15dca71d: receive RaftClientReply:client-A18AB92CDBA5->6c928baf-cc3b-4a10-9362-ff4e15dca71d@group-586430B97ADD, cid=3872, SUCCESS, logIndex=5557, commits[6c928baf-cc3b-4a10-9362-ff4e15dca71d:c5557]
2019-08-10 04:38:48,280 INFO  client.GrpcClientProtocolClient (GrpcClientProtocolClient.java:onNext(255)) - client-A18AB92CDBA5->6c928baf-cc3b-4a10-9362-ff4e15dca71d: receive RaftClientReply:client-A18AB92CDBA5->6c928baf-cc3b-4a10-9362-ff4e15dca71d@group-586430B97ADD, cid=3873, SUCCESS, logIndex=5560, commits[6c928baf-cc3b-4a10-9362-ff4e15dca71d:c5563]
2019-08-10 04:38:48,281 INFO  client.GrpcClientProtocolClient (GrpcClientProtocolClient.java:onNext(255)) - client-A18AB92CDBA5->6c928baf-cc3b-4a10-9362-ff4e15dca71d: receive RaftClientReply:client-A18AB92CDBA5->6c928baf-cc3b-4a10-9362-ff4e15dca71d@group-586430B97ADD, cid=3874, SUCCESS, logIndex=5561, commits[6c928baf-cc3b-4a10-9362-ff4e15dca71d:c5563]
2019-08-10 04:38:48,281 INFO  client.GrpcClientProtocolClient (GrpcClientProtocolClient.java:onNext(255)) - client-A18AB92CDBA5->6c928baf-cc3b-4a10-9362-ff4e15dca71d: receive RaftClientReply:client-A18AB92CDBA5->6c928baf-cc3b-4a10-9362-ff4e15dca71d@group-586430B97ADD, cid=3875, SUCCESS, logIndex=5562, commits[6c928baf-cc3b-4a10-9362-ff4e15dca71d:c5564]
2019-08-10 04:38:48,281 INFO  client.GrpcClientProtocolClient (GrpcClientProtocolClient.java:onNext(255)) - client-A18AB92CDBA5->6c928baf-cc3b-4a10-9362-ff4e15dca71d: receive RaftClientReply:client-A18AB92CDBA5->6c928baf-cc3b-4a10-9362-ff4e15dca71d@group-586430B97ADD, cid=3876, SUCCESS, logIndex=5563, commits[6c928baf-cc3b-4a10-9362-ff4e15dca71d:c5565]
2019-08-10 04:38:48,296 DEBUG block.SCMBlockDeletingService (SCMBlockDeletingService.java:call(138)) - Running DeletedBlockTransactionScanner
2019-08-10 04:38:48,296 DEBUG block.SCMBlockDeletingService (SCMBlockDeletingService.java:call(155)) - Scanned deleted blocks log and got 0 delTX to process.
2019-08-10 04:38:48,303 INFO  client.GrpcClientProtocolClient (GrpcClientProtocolClient.java:onNext(255)) - client-A18AB92CDBA5->6c928baf-cc3b-4a10-9362-ff4e15dca71d: receive RaftClientReply:client-A18AB92CDBA5->6c928baf-cc3b-4a10-9362-ff4e15dca71d@group-586430B97ADD, cid=3877, SUCCESS, logIndex=5566, commits[6c928baf-cc3b-4a10-9362-ff4e15dca71d:c5567]
2019-08-10 04:38:48,303 INFO  client.GrpcClientProtocolClient (GrpcClientProtocolClient.java:onNext(255)) - client-A18AB92CDBA5->6c928baf-cc3b-4a10-9362-ff4e15dca71d: receive RaftClientReply:client-A18AB92CDBA5->6c928baf-cc3b-4a10-9362-ff4e15dca71d@group-586430B97ADD, cid=3878, SUCCESS, logIndex=5567, commits[6c928baf-cc3b-4a10-9362-ff4e15dca71d:c5567]
2019-08-10 04:38:48,305 INFO  client.GrpcClientProtocolClient (GrpcClientProtocolClient.java:onNext(255)) - client-A18AB92CDBA5->6c928baf-cc3b-4a10-9362-ff4e15dca71d: receive RaftClientReply:client-A18AB92CDBA5->6c928baf-cc3b-4a10-9362-ff4e15dca71d@group-586430B97ADD, cid=3879, SUCCESS, logIndex=5568, commits[6c928baf-cc3b-4a10-9362-ff4e15dca71d:c5569]
2019-08-10 04:38:48,305 INFO  client.GrpcClientProtocolClient (GrpcClientProtocolClient.java:onNext(255)) - client-A18AB92CDBA5->6c928baf-cc3b-4a10-9362-ff4e15dca71d: receive RaftClientReply:client-A18AB92CDBA5->6c928baf-cc3b-4a10-9362-ff4e15dca71d@group-586430B97ADD, cid=3880, SUCCESS, logIndex=5569, commits[6c928baf-cc3b-4a10-9362-ff4e15dca71d:c5569]
2019-08-10 04:38:48,337 INFO  client.GrpcClientProtocolClient (GrpcClientProtocolClient.java:onNext(255)) - client-A18AB92CDBA5->6c928baf-cc3b-4a10-9362-ff4e15dca71d: receive RaftClientReply:client-A18AB92CDBA5->6c928baf-cc3b-4a10-9362-ff4e15dca71d@group-586430B97ADD, cid=3881, SUCCESS, logIndex=5572, commits[6c928baf-cc3b-4a10-9362-ff4e15dca71d:c5573]
2019-08-10 04:38:48,337 INFO  client.GrpcClientProtocolClient (GrpcClientProtocolClient.java:onNext(255)) - client-A18AB92CDBA5->6c928baf-cc3b-4a10-9362-ff4e15dca71d: receive RaftClientReply:client-A18AB92CDBA5->6c928baf-cc3b-4a10-9362-ff4e15dca71d@group-586430B97ADD, cid=3882, SUCCESS, logIndex=5573, commits[6c928baf-cc3b-4a10-9362-ff4e15dca71d:c5575]
2019-08-10 04:38:48,338 INFO  client.GrpcClientProtocolClient (GrpcClientProtocolClient.java:onNext(255)) - client-A18AB92CDBA5->6c928baf-cc3b-4a10-9362-ff4e15dca71d: receive RaftClientReply:client-A18AB92CDBA5->6c928baf-cc3b-4a10-9362-ff4e15dca71d@group-586430B97ADD, cid=3883, SUCCESS, logIndex=5574, commits[6c928baf-cc3b-4a10-9362-ff4e15dca71d:c5576]
2019-08-10 04:38:48,338 INFO  client.GrpcClientProtocolClient (GrpcClientProtocolClient.java:onNext(255)) - client-A18AB92CDBA5->6c928baf-cc3b-4a10-9362-ff4e15dca71d: receive RaftClientReply:client-A18AB92CDBA5->6c928baf-cc3b-4a10-9362-ff4e15dca71d@group-586430B97ADD, cid=3884, SUCCESS, logIndex=5575, commits[6c928baf-cc3b-4a10-9362-ff4e15dca71d:c5577]
2019-08-10 04:38:48,357 INFO  client.GrpcClientProtocolClient (GrpcClientProtocolClient.java:onNext(255)) - client-A18AB92CDBA5->6c928baf-cc3b-4a10-9362-ff4e15dca71d: receive RaftClientReply:client-A18AB92CDBA5->6c928baf-cc3b-4a10-9362-ff4e15dca71d@group-586430B97ADD, cid=3885, SUCCESS, logIndex=5578, commits[6c928baf-cc3b-4a10-9362-ff4e15dca71d:c5579]
2019-08-10 04:38:48,358 INFO  client.GrpcClientProtocolClient (GrpcClientProtocolClient.java:onNext(255)) - client-A18AB92CDBA5->6c928baf-cc3b-4a10-9362-ff4e15dca71d: receive RaftClientReply:client-A18AB92CDBA5->6c928baf-cc3b-4a10-9362-ff4e15dca71d@group-586430B97ADD, cid=3886, SUCCESS, logIndex=5579, commits[6c928baf-cc3b-4a10-9362-ff4e15dca71d:c5579]
2019-08-10 04:38:48,360 INFO  client.GrpcClientProtocolClient (GrpcClientProtocolClient.java:onNext(255)) - client-A18AB92CDBA5->6c928baf-cc3b-4a10-9362-ff4e15dca71d: receive RaftClientReply:client-A18AB92CDBA5->6c928baf-cc3b-4a10-9362-ff4e15dca71d@group-586430B97ADD, cid=3887, SUCCESS, logIndex=5580, commits[6c928baf-cc3b-4a10-9362-ff4e15dca71d:c5581]
2019-08-10 04:38:48,360 INFO  client.GrpcClientProtocolClient (GrpcClientProtocolClient.java:onNext(255)) - client-A18AB92CDBA5->6c928baf-cc3b-4a10-9362-ff4e15dca71d: receive RaftClientReply:client-A18AB92CDBA5->6c928baf-cc3b-4a10-9362-ff4e15dca71d@group-586430B97ADD, cid=3888, SUCCESS, logIndex=5581, commits[6c928baf-cc3b-4a10-9362-ff4e15dca71d:c5581]
2019-08-10 04:38:48,383 INFO  client.GrpcClientProtocolClient (GrpcClientProtocolClient.java:onNext(255)) - client-A18AB92CDBA5->6c928baf-cc3b-4a10-9362-ff4e15dca71d: receive RaftClientReply:client-A18AB92CDBA5->6c928baf-cc3b-4a10-9362-ff4e15dca71d@group-586430B97ADD, cid=3889, SUCCESS, logIndex=5584, commits[6c928baf-cc3b-4a10-9362-ff4e15dca71d:c5585]
2019-08-10 04:38:48,384 INFO  client.GrpcClientProtocolClient (GrpcClientProtocolClient.java:onNext(255)) - client-A18AB92CDBA5->6c928baf-cc3b-4a10-9362-ff4e15dca71d: receive RaftClientReply:client-A18AB92CDBA5->6c928baf-cc3b-4a10-9362-ff4e15dca71d@group-586430B97ADD, cid=3890, SUCCESS, logIndex=5585, commits[6c928baf-cc3b-4a10-9362-ff4e15dca71d:c5586]
2019-08-10 04:38:48,396 DEBUG block.SCMBlockDeletingService (SCMBlockDeletingService.java:call(138)) - Running DeletedBlockTransactionScanner
2019-08-10 04:38:48,397 DEBUG block.SCMBlockDeletingService (SCMBlockDeletingService.java:call(155)) - Scanned deleted blocks log and got 0 delTX to process.
2019-08-10 04:38:48,491 INFO  client.GrpcClientProtocolClient (GrpcClientProtocolClient.java:onNext(255)) - client-A18AB92CDBA5->6c928baf-cc3b-4a10-9362-ff4e15dca71d: receive RaftClientReply:client-A18AB92CDBA5->6c928baf-cc3b-4a10-9362-ff4e15dca71d@group-586430B97ADD, cid=3891, SUCCESS, logIndex=5587, commits[6c928baf-cc3b-4a10-9362-ff4e15dca71d:c5588]
2019-08-10 04:38:48,491 INFO  client.GrpcClientProtocolClient (GrpcClientProtocolClient.java:onNext(255)) - client-A18AB92CDBA5->6c928baf-cc3b-4a10-9362-ff4e15dca71d: receive RaftClientReply:client-A18AB92CDBA5->6c928baf-cc3b-4a10-9362-ff4e15dca71d@group-586430B97ADD, cid=3892, SUCCESS, logIndex=5588, commits[6c928baf-cc3b-4a10-9362-ff4e15dca71d:c5589]
2019-08-10 04:38:48,497 DEBUG block.SCMBlockDeletingService (SCMBlockDeletingService.java:call(138)) - Running DeletedBlockTransactionScanner
2019-08-10 04:38:48,497 DEBUG block.SCMBlockDeletingService (SCMBlockDeletingService.java:call(155)) - Scanned deleted blocks log and got 0 delTX to process.
2019-08-10 04:38:48,511 INFO  client.GrpcClientProtocolClient (GrpcClientProtocolClient.java:onNext(255)) - client-A18AB92CDBA5->6c928baf-cc3b-4a10-9362-ff4e15dca71d: receive RaftClientReply:client-A18AB92CDBA5->6c928baf-cc3b-4a10-9362-ff4e15dca71d@group-586430B97ADD, cid=3893, SUCCESS, logIndex=5590, commits[6c928baf-cc3b-4a10-9362-ff4e15dca71d:c5591]
2019-08-10 04:38:48,511 INFO  client.GrpcClientProtocolClient (GrpcClientProtocolClient.java:onNext(255)) - client-A18AB92CDBA5->6c928baf-cc3b-4a10-9362-ff4e15dca71d: receive RaftClientReply:client-A18AB92CDBA5->6c928baf-cc3b-4a10-9362-ff4e15dca71d@group-586430B97ADD, cid=3894, SUCCESS, logIndex=5591, commits[6c928baf-cc3b-4a10-9362-ff4e15dca71d:c5591]
2019-08-10 04:38:48,513 INFO  client.GrpcClientProtocolClient (GrpcClientProtocolClient.java:onNext(255)) - client-A18AB92CDBA5->6c928baf-cc3b-4a10-9362-ff4e15dca71d: receive RaftClientReply:client-A18AB92CDBA5->6c928baf-cc3b-4a10-9362-ff4e15dca71d@group-586430B97ADD, cid=3895, SUCCESS, logIndex=5592, commits[6c928baf-cc3b-4a10-9362-ff4e15dca71d:c5593]
2019-08-10 04:38:48,513 INFO  client.GrpcClientProtocolClient (GrpcClientProtocolClient.java:onNext(255)) - client-A18AB92CDBA5->6c928baf-cc3b-4a10-9362-ff4e15dca71d: receive RaftClientReply:client-A18AB92CDBA5->6c928baf-cc3b-4a10-9362-ff4e15dca71d@group-586430B97ADD, cid=3896, SUCCESS, logIndex=5593, commits[6c928baf-cc3b-4a10-9362-ff4e15dca71d:c5593]
2019-08-10 04:38:48,547 INFO  client.GrpcClientProtocolClient (GrpcClientProtocolClient.java:onNext(255)) - client-A18AB92CDBA5->6c928baf-cc3b-4a10-9362-ff4e15dca71d: receive RaftClientReply:client-A18AB92CDBA5->6c928baf-cc3b-4a10-9362-ff4e15dca71d@group-586430B97ADD, cid=3897, SUCCESS, logIndex=5596, commits[6c928baf-cc3b-4a10-9362-ff4e15dca71d:c5599]
2019-08-10 04:38:48,548 INFO  client.GrpcClientProtocolClient (GrpcClientProtocolClient.java:onNext(255)) - client-A18AB92CDBA5->6c928baf-cc3b-4a10-9362-ff4e15dca71d: receive RaftClientReply:client-A18AB92CDBA5->6c928baf-cc3b-4a10-9362-ff4e15dca71d@group-586430B97ADD, cid=3898, SUCCESS, logIndex=5597, commits[6c928baf-cc3b-4a10-9362-ff4e15dca71d:c5600]
2019-08-10 04:38:48,548 INFO  client.GrpcClientProtocolClient (GrpcClientProtocolClient.java:onNext(255)) - client-A18AB92CDBA5->6c928baf-cc3b-4a10-9362-ff4e15dca71d: receive RaftClientReply:client-A18AB92CDBA5->6c928baf-cc3b-4a10-9362-ff4e15dca71d@group-586430B97ADD, cid=3899, SUCCESS, logIndex=5598, commits[6c928baf-cc3b-4a10-9362-ff4e15dca71d:c5600]
2019-08-10 04:38:48,548 INFO  client.GrpcClientProtocolClient (GrpcClientProtocolClient.java:onNext(255)) - client-A18AB92CDBA5->6c928baf-cc3b-4a10-9362-ff4e15dca71d: receive RaftClientReply:client-A18AB92CDBA5->6c928baf-cc3b-4a10-9362-ff4e15dca71d@group-586430B97ADD, cid=3900, SUCCESS, logIndex=5599, commits[6c928baf-cc3b-4a10-9362-ff4e15dca71d:c5600]
2019-08-10 04:38:48,556 INFO  segmented.SegmentedRaftLogWorker (SegmentedRaftLogWorker.java:rollLogSegment(385)) - 6c928baf-cc3b-4a10-9362-ff4e15dca71d-SegmentedRaftLogWorker:Storage Directory /workdir/hadoop-ozone/integration-test/target/test-dir/MiniOzoneClusterImpl-71466a3e-5472-4a77-a4de-c7daf4941d14/datanode-0/data/ratis/5118c932-2885-4a42-8030-586430b97add: Rolling segment log-0_5600 to index:5600
2019-08-10 04:38:48,560 INFO  segmented.SegmentedRaftLogWorker (SegmentedRaftLogWorker.java:execute(526)) - 6c928baf-cc3b-4a10-9362-ff4e15dca71d-SegmentedRaftLogWorker:Storage Directory /workdir/hadoop-ozone/integration-test/target/test-dir/MiniOzoneClusterImpl-71466a3e-5472-4a77-a4de-c7daf4941d14/datanode-0/data/ratis/5118c932-2885-4a42-8030-586430b97add: Rolled log segment from /workdir/hadoop-ozone/integration-test/target/test-dir/MiniOzoneClusterImpl-71466a3e-5472-4a77-a4de-c7daf4941d14/datanode-0/data/ratis/5118c932-2885-4a42-8030-586430b97add/current/log_inprogress_0 to /workdir/hadoop-ozone/integration-test/target/test-dir/MiniOzoneClusterImpl-71466a3e-5472-4a77-a4de-c7daf4941d14/datanode-0/data/ratis/5118c932-2885-4a42-8030-586430b97add/current/log_0-5600
2019-08-10 04:38:48,592 INFO  segmented.SegmentedRaftLogWorker (SegmentedRaftLogWorker.java:execute(569)) - 6c928baf-cc3b-4a10-9362-ff4e15dca71d-SegmentedRaftLogWorker:Storage Directory /workdir/hadoop-ozone/integration-test/target/test-dir/MiniOzoneClusterImpl-71466a3e-5472-4a77-a4de-c7daf4941d14/datanode-0/data/ratis/5118c932-2885-4a42-8030-586430b97add: created new log segment /workdir/hadoop-ozone/integration-test/target/test-dir/MiniOzoneClusterImpl-71466a3e-5472-4a77-a4de-c7daf4941d14/datanode-0/data/ratis/5118c932-2885-4a42-8030-586430b97add/current/log_inprogress_5601
2019-08-10 04:38:48,598 DEBUG block.SCMBlockDeletingService (SCMBlockDeletingService.java:call(138)) - Running DeletedBlockTransactionScanner
2019-08-10 04:38:48,599 DEBUG block.SCMBlockDeletingService (SCMBlockDeletingService.java:call(155)) - Scanned deleted blocks log and got 0 delTX to process.
2019-08-10 04:38:48,606 INFO  client.GrpcClientProtocolClient (GrpcClientProtocolClient.java:onNext(255)) - client-A18AB92CDBA5->6c928baf-cc3b-4a10-9362-ff4e15dca71d: receive RaftClientReply:client-A18AB92CDBA5->6c928baf-cc3b-4a10-9362-ff4e15dca71d@group-586430B97ADD, cid=3901, SUCCESS, logIndex=5601, commits[6c928baf-cc3b-4a10-9362-ff4e15dca71d:c5604]
2019-08-10 04:38:48,607 INFO  client.GrpcClientProtocolClient (GrpcClientProtocolClient.java:onNext(255)) - client-A18AB92CDBA5->6c928baf-cc3b-4a10-9362-ff4e15dca71d: receive RaftClientReply:client-A18AB92CDBA5->6c928baf-cc3b-4a10-9362-ff4e15dca71d@group-586430B97ADD, cid=3902, SUCCESS, logIndex=5602, commits[6c928baf-cc3b-4a10-9362-ff4e15dca71d:c5604]
2019-08-10 04:38:48,608 INFO  client.GrpcClientProtocolClient (GrpcClientProtocolClient.java:onNext(255)) - client-A18AB92CDBA5->6c928baf-cc3b-4a10-9362-ff4e15dca71d: receive RaftClientReply:client-A18AB92CDBA5->6c928baf-cc3b-4a10-9362-ff4e15dca71d@group-586430B97ADD, cid=3903, SUCCESS, logIndex=5603, commits[6c928baf-cc3b-4a10-9362-ff4e15dca71d:c5604]
2019-08-10 04:38:48,608 INFO  client.GrpcClientProtocolClient (GrpcClientProtocolClient.java:onNext(255)) - client-A18AB92CDBA5->6c928baf-cc3b-4a10-9362-ff4e15dca71d: receive RaftClientReply:client-A18AB92CDBA5->6c928baf-cc3b-4a10-9362-ff4e15dca71d@group-586430B97ADD, cid=3904, SUCCESS, logIndex=5604, commits[6c928baf-cc3b-4a10-9362-ff4e15dca71d:c5604]
2019-08-10 04:38:48,642 INFO  client.GrpcClientProtocolClient (GrpcClientProtocolClient.java:onNext(255)) - client-A18AB92CDBA5->6c928baf-cc3b-4a10-9362-ff4e15dca71d: receive RaftClientReply:client-A18AB92CDBA5->6c928baf-cc3b-4a10-9362-ff4e15dca71d@group-586430B97ADD, cid=3905, SUCCESS, logIndex=5606, commits[6c928baf-cc3b-4a10-9362-ff4e15dca71d:c5609]
2019-08-10 04:38:48,643 INFO  client.GrpcClientProtocolClient (GrpcClientProtocolClient.java:onNext(255)) - client-A18AB92CDBA5->6c928baf-cc3b-4a10-9362-ff4e15dca71d: receive RaftClientReply:client-A18AB92CDBA5->6c928baf-cc3b-4a10-9362-ff4e15dca71d@group-586430B97ADD, cid=3906, SUCCESS, logIndex=5607, commits[6c928baf-cc3b-4a10-9362-ff4e15dca71d:c5610]
2019-08-10 04:38:48,643 INFO  client.GrpcClientProtocolClient (GrpcClientProtocolClient.java:onNext(255)) - client-A18AB92CDBA5->6c928baf-cc3b-4a10-9362-ff4e15dca71d: receive RaftClientReply:client-A18AB92CDBA5->6c928baf-cc3b-4a10-9362-ff4e15dca71d@group-586430B97ADD, cid=3907, SUCCESS, logIndex=5608, commits[6c928baf-cc3b-4a10-9362-ff4e15dca71d:c5611]
2019-08-10 04:38:48,644 INFO  client.GrpcClientProtocolClient (GrpcClientProtocolClient.java:onNext(255)) - client-A18AB92CDBA5->6c928baf-cc3b-4a10-9362-ff4e15dca71d: receive RaftClientReply:client-A18AB92CDBA5->6c928baf-cc3b-4a10-9362-ff4e15dca71d@group-586430B97ADD, cid=3908, SUCCESS, logIndex=5609, commits[6c928baf-cc3b-4a10-9362-ff4e15dca71d:c5611]
2019-08-10 04:38:48,664 INFO  client.GrpcClientProtocolClient (GrpcClientProtocolClient.java:onNext(255)) - client-A18AB92CDBA5->6c928baf-cc3b-4a10-9362-ff4e15dca71d: receive RaftClientReply:client-A18AB92CDBA5->6c928baf-cc3b-4a10-9362-ff4e15dca71d@group-586430B97ADD, cid=3909, SUCCESS, logIndex=5612, commits[6c928baf-cc3b-4a10-9362-ff4e15dca71d:c5615]
2019-08-10 04:38:48,665 INFO  client.GrpcClientProtocolClient (GrpcClientProtocolClient.java:onNext(255)) - client-A18AB92CDBA5->6c928baf-cc3b-4a10-9362-ff4e15dca71d: receive RaftClientReply:client-A18AB92CDBA5->6c928baf-cc3b-4a10-9362-ff4e15dca71d@group-586430B97ADD, cid=3910, SUCCESS, logIndex=5613, commits[6c928baf-cc3b-4a10-9362-ff4e15dca71d:c5615]
2019-08-10 04:38:48,665 INFO  client.GrpcClientProtocolClient (GrpcClientProtocolClient.java:onNext(255)) - client-A18AB92CDBA5->6c928baf-cc3b-4a10-9362-ff4e15dca71d: receive RaftClientReply:client-A18AB92CDBA5->6c928baf-cc3b-4a10-9362-ff4e15dca71d@group-586430B97ADD, cid=3911, SUCCESS, logIndex=5614, commits[6c928baf-cc3b-4a10-9362-ff4e15dca71d:c5616]
2019-08-10 04:38:48,665 INFO  client.GrpcClientProtocolClient (GrpcClientProtocolClient.java:onNext(255)) - client-A18AB92CDBA5->6c928baf-cc3b-4a10-9362-ff4e15dca71d: receive RaftClientReply:client-A18AB92CDBA5->6c928baf-cc3b-4a10-9362-ff4e15dca71d@group-586430B97ADD, cid=3912, SUCCESS, logIndex=5615, commits[6c928baf-cc3b-4a10-9362-ff4e15dca71d:c5617]
2019-08-10 04:38:48,697 INFO  client.GrpcClientProtocolClient (GrpcClientProtocolClient.java:onNext(255)) - client-A18AB92CDBA5->6c928baf-cc3b-4a10-9362-ff4e15dca71d: receive RaftClientReply:client-A18AB92CDBA5->6c928baf-cc3b-4a10-9362-ff4e15dca71d@group-586430B97ADD, cid=3913, SUCCESS, logIndex=5618, commits[6c928baf-cc3b-4a10-9362-ff4e15dca71d:c5619]
2019-08-10 04:38:48,698 INFO  client.GrpcClientProtocolClient (GrpcClientProtocolClient.java:onNext(255)) - client-A18AB92CDBA5->6c928baf-cc3b-4a10-9362-ff4e15dca71d: receive RaftClientReply:client-A18AB92CDBA5->6c928baf-cc3b-4a10-9362-ff4e15dca71d@group-586430B97ADD, cid=3914, SUCCESS, logIndex=5619, commits[6c928baf-cc3b-4a10-9362-ff4e15dca71d:c5619]
2019-08-10 04:38:48,699 INFO  client.GrpcClientProtocolClient (GrpcClientProtocolClient.java:onNext(255)) - client-A18AB92CDBA5->6c928baf-cc3b-4a10-9362-ff4e15dca71d: receive RaftClientReply:client-A18AB92CDBA5->6c928baf-cc3b-4a10-9362-ff4e15dca71d@group-586430B97ADD, cid=3915, SUCCESS, logIndex=5620, commits[6c928baf-cc3b-4a10-9362-ff4e15dca71d:c5621]
2019-08-10 04:38:48,700 INFO  client.GrpcClientProtocolClient (GrpcClientProtocolClient.java:onNext(255)) - client-A18AB92CDBA5->6c928baf-cc3b-4a10-9362-ff4e15dca71d: receive RaftClientReply:client-A18AB92CDBA5->6c928baf-cc3b-4a10-9362-ff4e15dca71d@group-586430B97ADD, cid=3916, SUCCESS, logIndex=5621, commits[6c928baf-cc3b-4a10-9362-ff4e15dca71d:c5621]
2019-08-10 04:38:48,700 DEBUG block.SCMBlockDeletingService (SCMBlockDeletingService.java:call(138)) - Running DeletedBlockTransactionScanner
2019-08-10 04:38:48,700 DEBUG block.SCMBlockDeletingService (SCMBlockDeletingService.java:call(155)) - Scanned deleted blocks log and got 0 delTX to process.
2019-08-10 04:38:48,792 INFO  client.GrpcClientProtocolClient (GrpcClientProtocolClient.java:onNext(255)) - client-A18AB92CDBA5->6c928baf-cc3b-4a10-9362-ff4e15dca71d: receive RaftClientReply:client-A18AB92CDBA5->6c928baf-cc3b-4a10-9362-ff4e15dca71d@group-586430B97ADD, cid=3917, SUCCESS, logIndex=5624, commits[6c928baf-cc3b-4a10-9362-ff4e15dca71d:c5625]
2019-08-10 04:38:48,792 INFO  client.GrpcClientProtocolClient (GrpcClientProtocolClient.java:onNext(255)) - client-A18AB92CDBA5->6c928baf-cc3b-4a10-9362-ff4e15dca71d: receive RaftClientReply:client-A18AB92CDBA5->6c928baf-cc3b-4a10-9362-ff4e15dca71d@group-586430B97ADD, cid=3918, SUCCESS, logIndex=5625, commits[6c928baf-cc3b-4a10-9362-ff4e15dca71d:c5625]
2019-08-10 04:38:48,793 INFO  client.GrpcClientProtocolClient (GrpcClientProtocolClient.java:onNext(255)) - client-A18AB92CDBA5->6c928baf-cc3b-4a10-9362-ff4e15dca71d: receive RaftClientReply:client-A18AB92CDBA5->6c928baf-cc3b-4a10-9362-ff4e15dca71d@group-586430B97ADD, cid=3919, SUCCESS, logIndex=5626, commits[6c928baf-cc3b-4a10-9362-ff4e15dca71d:c5627]
2019-08-10 04:38:48,794 INFO  client.GrpcClientProtocolClient (GrpcClientProtocolClient.java:onNext(255)) - client-A18AB92CDBA5->6c928baf-cc3b-4a10-9362-ff4e15dca71d: receive RaftClientReply:client-A18AB92CDBA5->6c928baf-cc3b-4a10-9362-ff4e15dca71d@group-586430B97ADD, cid=3920, SUCCESS, logIndex=5627, commits[6c928baf-cc3b-4a10-9362-ff4e15dca71d:c5627]
2019-08-10 04:38:48,800 DEBUG block.SCMBlockDeletingService (SCMBlockDeletingService.java:call(138)) - Running DeletedBlockTransactionScanner
2019-08-10 04:38:48,801 DEBUG block.SCMBlockDeletingService (SCMBlockDeletingService.java:call(155)) - Scanned deleted blocks log and got 0 delTX to process.
2019-08-10 04:38:48,826 INFO  client.GrpcClientProtocolClient (GrpcClientProtocolClient.java:onNext(255)) - client-A18AB92CDBA5->6c928baf-cc3b-4a10-9362-ff4e15dca71d: receive RaftClientReply:client-A18AB92CDBA5->6c928baf-cc3b-4a10-9362-ff4e15dca71d@group-586430B97ADD, cid=3921, SUCCESS, logIndex=5630, commits[6c928baf-cc3b-4a10-9362-ff4e15dca71d:c5631]
2019-08-10 04:38:48,826 INFO  client.GrpcClientProtocolClient (GrpcClientProtocolClient.java:onNext(255)) - client-A18AB92CDBA5->6c928baf-cc3b-4a10-9362-ff4e15dca71d: receive RaftClientReply:client-A18AB92CDBA5->6c928baf-cc3b-4a10-9362-ff4e15dca71d@group-586430B97ADD, cid=3922, SUCCESS, logIndex=5631, commits[6c928baf-cc3b-4a10-9362-ff4e15dca71d:c5633]
2019-08-10 04:38:48,827 INFO  client.GrpcClientProtocolClient (GrpcClientProtocolClient.java:onNext(255)) - client-A18AB92CDBA5->6c928baf-cc3b-4a10-9362-ff4e15dca71d: receive RaftClientReply:client-A18AB92CDBA5->6c928baf-cc3b-4a10-9362-ff4e15dca71d@group-586430B97ADD, cid=3923, SUCCESS, logIndex=5632, commits[6c928baf-cc3b-4a10-9362-ff4e15dca71d:c5634]
2019-08-10 04:38:48,827 INFO  client.GrpcClientProtocolClient (GrpcClientProtocolClient.java:onNext(255)) - client-A18AB92CDBA5->6c928baf-cc3b-4a10-9362-ff4e15dca71d: receive RaftClientReply:client-A18AB92CDBA5->6c928baf-cc3b-4a10-9362-ff4e15dca71d@group-586430B97ADD, cid=3924, SUCCESS, logIndex=5633, commits[6c928baf-cc3b-4a10-9362-ff4e15dca71d:c5635]
2019-08-10 04:38:48,847 INFO  client.GrpcClientProtocolClient (GrpcClientProtocolClient.java:onNext(255)) - client-A18AB92CDBA5->6c928baf-cc3b-4a10-9362-ff4e15dca71d: receive RaftClientReply:client-A18AB92CDBA5->6c928baf-cc3b-4a10-9362-ff4e15dca71d@group-586430B97ADD, cid=3925, SUCCESS, logIndex=5636, commits[6c928baf-cc3b-4a10-9362-ff4e15dca71d:c5639]
2019-08-10 04:38:48,847 INFO  client.GrpcClientProtocolClient (GrpcClientProtocolClient.java:onNext(255)) - client-A18AB92CDBA5->6c928baf-cc3b-4a10-9362-ff4e15dca71d: receive RaftClientReply:client-A18AB92CDBA5->6c928baf-cc3b-4a10-9362-ff4e15dca71d@group-586430B97ADD, cid=3926, SUCCESS, logIndex=5637, commits[6c928baf-cc3b-4a10-9362-ff4e15dca71d:c5639]
2019-08-10 04:38:48,848 INFO  client.GrpcClientProtocolClient (GrpcClientProtocolClient.java:onNext(255)) - client-A18AB92CDBA5->6c928baf-cc3b-4a10-9362-ff4e15dca71d: receive RaftClientReply:client-A18AB92CDBA5->6c928baf-cc3b-4a10-9362-ff4e15dca71d@group-586430B97ADD, cid=3927, SUCCESS, logIndex=5638, commits[6c928baf-cc3b-4a10-9362-ff4e15dca71d:c5640]
2019-08-10 04:38:48,848 INFO  client.GrpcClientProtocolClient (GrpcClientProtocolClient.java:onNext(255)) - client-A18AB92CDBA5->6c928baf-cc3b-4a10-9362-ff4e15dca71d: receive RaftClientReply:client-A18AB92CDBA5->6c928baf-cc3b-4a10-9362-ff4e15dca71d@group-586430B97ADD, cid=3928, SUCCESS, logIndex=5639, commits[6c928baf-cc3b-4a10-9362-ff4e15dca71d:c5641]
2019-08-10 04:38:48,877 INFO  client.GrpcClientProtocolClient (GrpcClientProtocolClient.java:onNext(255)) - client-A18AB92CDBA5->6c928baf-cc3b-4a10-9362-ff4e15dca71d: receive RaftClientReply:client-A18AB92CDBA5->6c928baf-cc3b-4a10-9362-ff4e15dca71d@group-586430B97ADD, cid=3929, SUCCESS, logIndex=5642, commits[6c928baf-cc3b-4a10-9362-ff4e15dca71d:c5645]
2019-08-10 04:38:48,878 INFO  client.GrpcClientProtocolClient (GrpcClientProtocolClient.java:onNext(255)) - client-A18AB92CDBA5->6c928baf-cc3b-4a10-9362-ff4e15dca71d: receive RaftClientReply:client-A18AB92CDBA5->6c928baf-cc3b-4a10-9362-ff4e15dca71d@group-586430B97ADD, cid=3930, SUCCESS, logIndex=5643, commits[6c928baf-cc3b-4a10-9362-ff4e15dca71d:c5645]
2019-08-10 04:38:48,878 INFO  client.GrpcClientProtocolClient (GrpcClientProtocolClient.java:onNext(255)) - client-A18AB92CDBA5->6c928baf-cc3b-4a10-9362-ff4e15dca71d: receive RaftClientReply:client-A18AB92CDBA5->6c928baf-cc3b-4a10-9362-ff4e15dca71d@group-586430B97ADD, cid=3931, SUCCESS, logIndex=5644, commits[6c928baf-cc3b-4a10-9362-ff4e15dca71d:c5646]
2019-08-10 04:38:48,878 INFO  client.GrpcClientProtocolClient (GrpcClientProtocolClient.java:onNext(255)) - client-A18AB92CDBA5->6c928baf-cc3b-4a10-9362-ff4e15dca71d: receive RaftClientReply:client-A18AB92CDBA5->6c928baf-cc3b-4a10-9362-ff4e15dca71d@group-586430B97ADD, cid=3932, SUCCESS, logIndex=5645, commits[6c928baf-cc3b-4a10-9362-ff4e15dca71d:c5647]
2019-08-10 04:38:48,898 INFO  client.GrpcClientProtocolClient (GrpcClientProtocolClient.java:onNext(255)) - client-A18AB92CDBA5->6c928baf-cc3b-4a10-9362-ff4e15dca71d: receive RaftClientReply:client-A18AB92CDBA5->6c928baf-cc3b-4a10-9362-ff4e15dca71d@group-586430B97ADD, cid=3933, SUCCESS, logIndex=5648, commits[6c928baf-cc3b-4a10-9362-ff4e15dca71d:c5649]
2019-08-10 04:38:48,898 INFO  client.GrpcClientProtocolClient (GrpcClientProtocolClient.java:onNext(255)) - client-A18AB92CDBA5->6c928baf-cc3b-4a10-9362-ff4e15dca71d: receive RaftClientReply:client-A18AB92CDBA5->6c928baf-cc3b-4a10-9362-ff4e15dca71d@group-586430B97ADD, cid=3934, SUCCESS, logIndex=5649, commits[6c928baf-cc3b-4a10-9362-ff4e15dca71d:c5650]
2019-08-10 04:38:48,901 DEBUG block.SCMBlockDeletingService (SCMBlockDeletingService.java:call(138)) - Running DeletedBlockTransactionScanner
2019-08-10 04:38:48,901 DEBUG block.SCMBlockDeletingService (SCMBlockDeletingService.java:call(155)) - Scanned deleted blocks log and got 0 delTX to process.
2019-08-10 04:38:49,002 DEBUG block.SCMBlockDeletingService (SCMBlockDeletingService.java:call(138)) - Running DeletedBlockTransactionScanner
2019-08-10 04:38:49,002 DEBUG block.SCMBlockDeletingService (SCMBlockDeletingService.java:call(155)) - Scanned deleted blocks log and got 0 delTX to process.
2019-08-10 04:38:49,006 INFO  client.GrpcClientProtocolClient (GrpcClientProtocolClient.java:onNext(255)) - client-A18AB92CDBA5->6c928baf-cc3b-4a10-9362-ff4e15dca71d: receive RaftClientReply:client-A18AB92CDBA5->6c928baf-cc3b-4a10-9362-ff4e15dca71d@group-586430B97ADD, cid=3935, SUCCESS, logIndex=5651, commits[6c928baf-cc3b-4a10-9362-ff4e15dca71d:c5652]
2019-08-10 04:38:49,007 INFO  client.GrpcClientProtocolClient (GrpcClientProtocolClient.java:onNext(255)) - client-A18AB92CDBA5->6c928baf-cc3b-4a10-9362-ff4e15dca71d: receive RaftClientReply:client-A18AB92CDBA5->6c928baf-cc3b-4a10-9362-ff4e15dca71d@group-586430B97ADD, cid=3936, SUCCESS, logIndex=5652, commits[6c928baf-cc3b-4a10-9362-ff4e15dca71d:c5653]
2019-08-10 04:38:49,036 INFO  client.GrpcClientProtocolClient (GrpcClientProtocolClient.java:onNext(255)) - client-A18AB92CDBA5->6c928baf-cc3b-4a10-9362-ff4e15dca71d: receive RaftClientReply:client-A18AB92CDBA5->6c928baf-cc3b-4a10-9362-ff4e15dca71d@group-586430B97ADD, cid=3937, SUCCESS, logIndex=5654, commits[6c928baf-cc3b-4a10-9362-ff4e15dca71d:c5655]
2019-08-10 04:38:49,036 INFO  client.GrpcClientProtocolClient (GrpcClientProtocolClient.java:onNext(255)) - client-A18AB92CDBA5->6c928baf-cc3b-4a10-9362-ff4e15dca71d: receive RaftClientReply:client-A18AB92CDBA5->6c928baf-cc3b-4a10-9362-ff4e15dca71d@group-586430B97ADD, cid=3938, SUCCESS, logIndex=5655, commits[6c928baf-cc3b-4a10-9362-ff4e15dca71d:c5657]
2019-08-10 04:38:49,037 INFO  client.GrpcClientProtocolClient (GrpcClientProtocolClient.java:onNext(255)) - client-A18AB92CDBA5->6c928baf-cc3b-4a10-9362-ff4e15dca71d: receive RaftClientReply:client-A18AB92CDBA5->6c928baf-cc3b-4a10-9362-ff4e15dca71d@group-586430B97ADD, cid=3939, SUCCESS, logIndex=5656, commits[6c928baf-cc3b-4a10-9362-ff4e15dca71d:c5658]
2019-08-10 04:38:49,037 INFO  client.GrpcClientProtocolClient (GrpcClientProtocolClient.java:onNext(255)) - client-A18AB92CDBA5->6c928baf-cc3b-4a10-9362-ff4e15dca71d: receive RaftClientReply:client-A18AB92CDBA5->6c928baf-cc3b-4a10-9362-ff4e15dca71d@group-586430B97ADD, cid=3940, SUCCESS, logIndex=5657, commits[6c928baf-cc3b-4a10-9362-ff4e15dca71d:c5658]
2019-08-10 04:38:49,057 INFO  client.GrpcClientProtocolClient (GrpcClientProtocolClient.java:onNext(255)) - client-A18AB92CDBA5->6c928baf-cc3b-4a10-9362-ff4e15dca71d: receive RaftClientReply:client-A18AB92CDBA5->6c928baf-cc3b-4a10-9362-ff4e15dca71d@group-586430B97ADD, cid=3941, SUCCESS, logIndex=5660, commits[6c928baf-cc3b-4a10-9362-ff4e15dca71d:c5661]
2019-08-10 04:38:49,057 INFO  client.GrpcClientProtocolClient (GrpcClientProtocolClient.java:onNext(255)) - client-A18AB92CDBA5->6c928baf-cc3b-4a10-9362-ff4e15dca71d: receive RaftClientReply:client-A18AB92CDBA5->6c928baf-cc3b-4a10-9362-ff4e15dca71d@group-586430B97ADD, cid=3942, SUCCESS, logIndex=5661, commits[6c928baf-cc3b-4a10-9362-ff4e15dca71d:c5663]
2019-08-10 04:38:49,057 INFO  client.GrpcClientProtocolClient (GrpcClientProtocolClient.java:onNext(255)) - client-A18AB92CDBA5->6c928baf-cc3b-4a10-9362-ff4e15dca71d: receive RaftClientReply:client-A18AB92CDBA5->6c928baf-cc3b-4a10-9362-ff4e15dca71d@group-586430B97ADD, cid=3943, SUCCESS, logIndex=5662, commits[6c928baf-cc3b-4a10-9362-ff4e15dca71d:c5663]
2019-08-10 04:38:49,058 INFO  client.GrpcClientProtocolClient (GrpcClientProtocolClient.java:onNext(255)) - client-A18AB92CDBA5->6c928baf-cc3b-4a10-9362-ff4e15dca71d: receive RaftClientReply:client-A18AB92CDBA5->6c928baf-cc3b-4a10-9362-ff4e15dca71d@group-586430B97ADD, cid=3944, SUCCESS, logIndex=5663, commits[6c928baf-cc3b-4a10-9362-ff4e15dca71d:c5664]
2019-08-10 04:38:49,091 INFO  client.GrpcClientProtocolClient (GrpcClientProtocolClient.java:onNext(255)) - client-A18AB92CDBA5->6c928baf-cc3b-4a10-9362-ff4e15dca71d: receive RaftClientReply:client-A18AB92CDBA5->6c928baf-cc3b-4a10-9362-ff4e15dca71d@group-586430B97ADD, cid=3945, SUCCESS, logIndex=5666, commits[6c928baf-cc3b-4a10-9362-ff4e15dca71d:c5667]
2019-08-10 04:38:49,092 INFO  client.GrpcClientProtocolClient (GrpcClientProtocolClient.java:onNext(255)) - client-A18AB92CDBA5->6c928baf-cc3b-4a10-9362-ff4e15dca71d: receive RaftClientReply:client-A18AB92CDBA5->6c928baf-cc3b-4a10-9362-ff4e15dca71d@group-586430B97ADD, cid=3946, SUCCESS, logIndex=5667, commits[6c928baf-cc3b-4a10-9362-ff4e15dca71d:c5667]
2019-08-10 04:38:49,093 INFO  client.GrpcClientProtocolClient (GrpcClientProtocolClient.java:onNext(255)) - client-A18AB92CDBA5->6c928baf-cc3b-4a10-9362-ff4e15dca71d: receive RaftClientReply:client-A18AB92CDBA5->6c928baf-cc3b-4a10-9362-ff4e15dca71d@group-586430B97ADD, cid=3947, SUCCESS, logIndex=5668, commits[6c928baf-cc3b-4a10-9362-ff4e15dca71d:c5669]
2019-08-10 04:38:49,093 INFO  client.GrpcClientProtocolClient (GrpcClientProtocolClient.java:onNext(255)) - client-A18AB92CDBA5->6c928baf-cc3b-4a10-9362-ff4e15dca71d: receive RaftClientReply:client-A18AB92CDBA5->6c928baf-cc3b-4a10-9362-ff4e15dca71d@group-586430B97ADD, cid=3948, SUCCESS, logIndex=5669, commits[6c928baf-cc3b-4a10-9362-ff4e15dca71d:c5669]
2019-08-10 04:38:49,102 DEBUG block.SCMBlockDeletingService (SCMBlockDeletingService.java:call(138)) - Running DeletedBlockTransactionScanner
2019-08-10 04:38:49,103 DEBUG block.SCMBlockDeletingService (SCMBlockDeletingService.java:call(155)) - Scanned deleted blocks log and got 0 delTX to process.
2019-08-10 04:38:49,104 INFO  client.GrpcClientProtocolClient (GrpcClientProtocolClient.java:onNext(255)) - client-A18AB92CDBA5->6c928baf-cc3b-4a10-9362-ff4e15dca71d: receive RaftClientReply:client-A18AB92CDBA5->6c928baf-cc3b-4a10-9362-ff4e15dca71d@group-586430B97ADD, cid=3949, SUCCESS, logIndex=5672, commits[6c928baf-cc3b-4a10-9362-ff4e15dca71d:c5673]
2019-08-10 04:38:49,105 INFO  client.GrpcClientProtocolClient (GrpcClientProtocolClient.java:onNext(255)) - client-A18AB92CDBA5->6c928baf-cc3b-4a10-9362-ff4e15dca71d: receive RaftClientReply:client-A18AB92CDBA5->6c928baf-cc3b-4a10-9362-ff4e15dca71d@group-586430B97ADD, cid=3950, SUCCESS, logIndex=5673, commits[6c928baf-cc3b-4a10-9362-ff4e15dca71d:c5673]
2019-08-10 04:38:49,117 INFO  client.GrpcClientProtocolClient (GrpcClientProtocolClient.java:onNext(255)) - client-A18AB92CDBA5->6c928baf-cc3b-4a10-9362-ff4e15dca71d: receive RaftClientReply:client-A18AB92CDBA5->6c928baf-cc3b-4a10-9362-ff4e15dca71d@group-586430B97ADD, cid=3951, SUCCESS, logIndex=5674, commits[6c928baf-cc3b-4a10-9362-ff4e15dca71d:c5676]
2019-08-10 04:38:49,117 INFO  client.GrpcClientProtocolClient (GrpcClientProtocolClient.java:onNext(255)) - client-A18AB92CDBA5->6c928baf-cc3b-4a10-9362-ff4e15dca71d: receive RaftClientReply:client-A18AB92CDBA5->6c928baf-cc3b-4a10-9362-ff4e15dca71d@group-586430B97ADD, cid=3952, SUCCESS, logIndex=5675, commits[6c928baf-cc3b-4a10-9362-ff4e15dca71d:c5676]
2019-08-10 04:38:49,149 INFO  client.GrpcClientProtocolClient (GrpcClientProtocolClient.java:onNext(255)) - client-A18AB92CDBA5->6c928baf-cc3b-4a10-9362-ff4e15dca71d: receive RaftClientReply:client-A18AB92CDBA5->6c928baf-cc3b-4a10-9362-ff4e15dca71d@group-586430B97ADD, cid=3953, SUCCESS, logIndex=5677, commits[6c928baf-cc3b-4a10-9362-ff4e15dca71d:c5678]
2019-08-10 04:38:49,150 INFO  client.GrpcClientProtocolClient (GrpcClientProtocolClient.java:onNext(255)) - client-A18AB92CDBA5->6c928baf-cc3b-4a10-9362-ff4e15dca71d: receive RaftClientReply:client-A18AB92CDBA5->6c928baf-cc3b-4a10-9362-ff4e15dca71d@group-586430B97ADD, cid=3954, SUCCESS, logIndex=5678, commits[6c928baf-cc3b-4a10-9362-ff4e15dca71d:c5678]
2019-08-10 04:38:49,151 INFO  client.GrpcClientProtocolClient (GrpcClientProtocolClient.java:onNext(255)) - client-A18AB92CDBA5->6c928baf-cc3b-4a10-9362-ff4e15dca71d: receive RaftClientReply:client-A18AB92CDBA5->6c928baf-cc3b-4a10-9362-ff4e15dca71d@group-586430B97ADD, cid=3955, SUCCESS, logIndex=5679, commits[6c928baf-cc3b-4a10-9362-ff4e15dca71d:c5680]
2019-08-10 04:38:49,151 INFO  client.GrpcClientProtocolClient (GrpcClientProtocolClient.java:onNext(255)) - client-A18AB92CDBA5->6c928baf-cc3b-4a10-9362-ff4e15dca71d: receive RaftClientReply:client-A18AB92CDBA5->6c928baf-cc3b-4a10-9362-ff4e15dca71d@group-586430B97ADD, cid=3956, SUCCESS, logIndex=5680, commits[6c928baf-cc3b-4a10-9362-ff4e15dca71d:c5680]
2019-08-10 04:38:49,174 INFO  client.GrpcClientProtocolClient (GrpcClientProtocolClient.java:onNext(255)) - client-A18AB92CDBA5->6c928baf-cc3b-4a10-9362-ff4e15dca71d: receive RaftClientReply:client-A18AB92CDBA5->6c928baf-cc3b-4a10-9362-ff4e15dca71d@group-586430B97ADD, cid=3957, SUCCESS, logIndex=5683, commits[6c928baf-cc3b-4a10-9362-ff4e15dca71d:c5686]
2019-08-10 04:38:49,175 INFO  client.GrpcClientProtocolClient (GrpcClientProtocolClient.java:onNext(255)) - client-A18AB92CDBA5->6c928baf-cc3b-4a10-9362-ff4e15dca71d: receive RaftClientReply:client-A18AB92CDBA5->6c928baf-cc3b-4a10-9362-ff4e15dca71d@group-586430B97ADD, cid=3958, SUCCESS, logIndex=5684, commits[6c928baf-cc3b-4a10-9362-ff4e15dca71d:c5686]
2019-08-10 04:38:49,175 INFO  client.GrpcClientProtocolClient (GrpcClientProtocolClient.java:onNext(255)) - client-A18AB92CDBA5->6c928baf-cc3b-4a10-9362-ff4e15dca71d: receive RaftClientReply:client-A18AB92CDBA5->6c928baf-cc3b-4a10-9362-ff4e15dca71d@group-586430B97ADD, cid=3959, SUCCESS, logIndex=5685, commits[6c928baf-cc3b-4a10-9362-ff4e15dca71d:c5687]
2019-08-10 04:38:49,175 INFO  client.GrpcClientProtocolClient (GrpcClientProtocolClient.java:onNext(255)) - client-A18AB92CDBA5->6c928baf-cc3b-4a10-9362-ff4e15dca71d: receive RaftClientReply:client-A18AB92CDBA5->6c928baf-cc3b-4a10-9362-ff4e15dca71d@group-586430B97ADD, cid=3960, SUCCESS, logIndex=5686, commits[6c928baf-cc3b-4a10-9362-ff4e15dca71d:c5687]
2019-08-10 04:38:49,203 DEBUG block.SCMBlockDeletingService (SCMBlockDeletingService.java:call(138)) - Running DeletedBlockTransactionScanner
2019-08-10 04:38:49,203 DEBUG block.SCMBlockDeletingService (SCMBlockDeletingService.java:call(155)) - Scanned deleted blocks log and got 0 delTX to process.
2019-08-10 04:38:49,209 INFO  client.GrpcClientProtocolClient (GrpcClientProtocolClient.java:onNext(255)) - client-A18AB92CDBA5->6c928baf-cc3b-4a10-9362-ff4e15dca71d: receive RaftClientReply:client-A18AB92CDBA5->6c928baf-cc3b-4a10-9362-ff4e15dca71d@group-586430B97ADD, cid=3961, SUCCESS, logIndex=5688, commits[6c928baf-cc3b-4a10-9362-ff4e15dca71d:c5689]
2019-08-10 04:38:49,210 INFO  client.GrpcClientProtocolClient (GrpcClientProtocolClient.java:onNext(255)) - client-A18AB92CDBA5->6c928baf-cc3b-4a10-9362-ff4e15dca71d: receive RaftClientReply:client-A18AB92CDBA5->6c928baf-cc3b-4a10-9362-ff4e15dca71d@group-586430B97ADD, cid=3962, SUCCESS, logIndex=5689, commits[6c928baf-cc3b-4a10-9362-ff4e15dca71d:c5691]
2019-08-10 04:38:49,210 INFO  client.GrpcClientProtocolClient (GrpcClientProtocolClient.java:onNext(255)) - client-A18AB92CDBA5->6c928baf-cc3b-4a10-9362-ff4e15dca71d: receive RaftClientReply:client-A18AB92CDBA5->6c928baf-cc3b-4a10-9362-ff4e15dca71d@group-586430B97ADD, cid=3963, SUCCESS, logIndex=5690, commits[6c928baf-cc3b-4a10-9362-ff4e15dca71d:c5691]
2019-08-10 04:38:49,211 INFO  client.GrpcClientProtocolClient (GrpcClientProtocolClient.java:onNext(255)) - client-A18AB92CDBA5->6c928baf-cc3b-4a10-9362-ff4e15dca71d: receive RaftClientReply:client-A18AB92CDBA5->6c928baf-cc3b-4a10-9362-ff4e15dca71d@group-586430B97ADD, cid=3964, SUCCESS, logIndex=5691, commits[6c928baf-cc3b-4a10-9362-ff4e15dca71d:c5692]
2019-08-10 04:38:49,229 INFO  client.GrpcClientProtocolClient (GrpcClientProtocolClient.java:onNext(255)) - client-A18AB92CDBA5->6c928baf-cc3b-4a10-9362-ff4e15dca71d: receive RaftClientReply:client-A18AB92CDBA5->6c928baf-cc3b-4a10-9362-ff4e15dca71d@group-586430B97ADD, cid=3965, SUCCESS, logIndex=5694, commits[6c928baf-cc3b-4a10-9362-ff4e15dca71d:c5695]
2019-08-10 04:38:49,229 INFO  client.GrpcClientProtocolClient (GrpcClientProtocolClient.java:onNext(255)) - client-A18AB92CDBA5->6c928baf-cc3b-4a10-9362-ff4e15dca71d: receive RaftClientReply:client-A18AB92CDBA5->6c928baf-cc3b-4a10-9362-ff4e15dca71d@group-586430B97ADD, cid=3966, SUCCESS, logIndex=5695, commits[6c928baf-cc3b-4a10-9362-ff4e15dca71d:c5697]
2019-08-10 04:38:49,229 INFO  client.GrpcClientProtocolClient (GrpcClientProtocolClient.java:onNext(255)) - client-A18AB92CDBA5->6c928baf-cc3b-4a10-9362-ff4e15dca71d: receive RaftClientReply:client-A18AB92CDBA5->6c928baf-cc3b-4a10-9362-ff4e15dca71d@group-586430B97ADD, cid=3967, SUCCESS, logIndex=5696, commits[6c928baf-cc3b-4a10-9362-ff4e15dca71d:c5697]
2019-08-10 04:38:49,229 INFO  client.GrpcClientProtocolClient (GrpcClientProtocolClient.java:onNext(255)) - client-A18AB92CDBA5->6c928baf-cc3b-4a10-9362-ff4e15dca71d: receive RaftClientReply:client-A18AB92CDBA5->6c928baf-cc3b-4a10-9362-ff4e15dca71d@group-586430B97ADD, cid=3968, SUCCESS, logIndex=5697, commits[6c928baf-cc3b-4a10-9362-ff4e15dca71d:c5698]
2019-08-10 04:38:49,261 INFO  client.GrpcClientProtocolClient (GrpcClientProtocolClient.java:onNext(255)) - client-A18AB92CDBA5->6c928baf-cc3b-4a10-9362-ff4e15dca71d: receive RaftClientReply:client-A18AB92CDBA5->6c928baf-cc3b-4a10-9362-ff4e15dca71d@group-586430B97ADD, cid=3969, SUCCESS, logIndex=5700, commits[6c928baf-cc3b-4a10-9362-ff4e15dca71d:c5701]
2019-08-10 04:38:49,261 INFO  client.GrpcClientProtocolClient (GrpcClientProtocolClient.java:onNext(255)) - client-A18AB92CDBA5->6c928baf-cc3b-4a10-9362-ff4e15dca71d: receive RaftClientReply:client-A18AB92CDBA5->6c928baf-cc3b-4a10-9362-ff4e15dca71d@group-586430B97ADD, cid=3970, SUCCESS, logIndex=5701, commits[6c928baf-cc3b-4a10-9362-ff4e15dca71d:c5701]
2019-08-10 04:38:49,262 INFO  client.GrpcClientProtocolClient (GrpcClientProtocolClient.java:onNext(255)) - client-A18AB92CDBA5->6c928baf-cc3b-4a10-9362-ff4e15dca71d: receive RaftClientReply:client-A18AB92CDBA5->6c928baf-cc3b-4a10-9362-ff4e15dca71d@group-586430B97ADD, cid=3971, SUCCESS, logIndex=5702, commits[6c928baf-cc3b-4a10-9362-ff4e15dca71d:c5703]
2019-08-10 04:38:49,262 INFO  client.GrpcClientProtocolClient (GrpcClientProtocolClient.java:onNext(255)) - client-A18AB92CDBA5->6c928baf-cc3b-4a10-9362-ff4e15dca71d: receive RaftClientReply:client-A18AB92CDBA5->6c928baf-cc3b-4a10-9362-ff4e15dca71d@group-586430B97ADD, cid=3972, SUCCESS, logIndex=5703, commits[6c928baf-cc3b-4a10-9362-ff4e15dca71d:c5703]
2019-08-10 04:38:49,280 INFO  client.GrpcClientProtocolClient (GrpcClientProtocolClient.java:onNext(255)) - client-A18AB92CDBA5->6c928baf-cc3b-4a10-9362-ff4e15dca71d: receive RaftClientReply:client-A18AB92CDBA5->6c928baf-cc3b-4a10-9362-ff4e15dca71d@group-586430B97ADD, cid=3973, SUCCESS, logIndex=5706, commits[6c928baf-cc3b-4a10-9362-ff4e15dca71d:c5707]
2019-08-10 04:38:49,281 INFO  client.GrpcClientProtocolClient (GrpcClientProtocolClient.java:onNext(255)) - client-A18AB92CDBA5->6c928baf-cc3b-4a10-9362-ff4e15dca71d: receive RaftClientReply:client-A18AB92CDBA5->6c928baf-cc3b-4a10-9362-ff4e15dca71d@group-586430B97ADD, cid=3974, SUCCESS, logIndex=5707, commits[6c928baf-cc3b-4a10-9362-ff4e15dca71d:c5709]
2019-08-10 04:38:49,281 INFO  client.GrpcClientProtocolClient (GrpcClientProtocolClient.java:onNext(255)) - client-A18AB92CDBA5->6c928baf-cc3b-4a10-9362-ff4e15dca71d: receive RaftClientReply:client-A18AB92CDBA5->6c928baf-cc3b-4a10-9362-ff4e15dca71d@group-586430B97ADD, cid=3975, SUCCESS, logIndex=5708, commits[6c928baf-cc3b-4a10-9362-ff4e15dca71d:c5710]
2019-08-10 04:38:49,282 INFO  client.GrpcClientProtocolClient (GrpcClientProtocolClient.java:onNext(255)) - client-A18AB92CDBA5->6c928baf-cc3b-4a10-9362-ff4e15dca71d: receive RaftClientReply:client-A18AB92CDBA5->6c928baf-cc3b-4a10-9362-ff4e15dca71d@group-586430B97ADD, cid=3976, SUCCESS, logIndex=5709, commits[6c928baf-cc3b-4a10-9362-ff4e15dca71d:c5710]
2019-08-10 04:38:49,303 INFO  client.GrpcClientProtocolClient (GrpcClientProtocolClient.java:onNext(255)) - client-A18AB92CDBA5->6c928baf-cc3b-4a10-9362-ff4e15dca71d: receive RaftClientReply:client-A18AB92CDBA5->6c928baf-cc3b-4a10-9362-ff4e15dca71d@group-586430B97ADD, cid=3977, SUCCESS, logIndex=5712, commits[6c928baf-cc3b-4a10-9362-ff4e15dca71d:c5713]
2019-08-10 04:38:49,304 DEBUG block.SCMBlockDeletingService (SCMBlockDeletingService.java:call(138)) - Running DeletedBlockTransactionScanner
2019-08-10 04:38:49,304 DEBUG block.SCMBlockDeletingService (SCMBlockDeletingService.java:call(155)) - Scanned deleted blocks log and got 0 delTX to process.
2019-08-10 04:38:49,304 INFO  client.GrpcClientProtocolClient (GrpcClientProtocolClient.java:onNext(255)) - client-A18AB92CDBA5->6c928baf-cc3b-4a10-9362-ff4e15dca71d: receive RaftClientReply:client-A18AB92CDBA5->6c928baf-cc3b-4a10-9362-ff4e15dca71d@group-586430B97ADD, cid=3978, SUCCESS, logIndex=5713, commits[6c928baf-cc3b-4a10-9362-ff4e15dca71d:c5713]
2019-08-10 04:38:49,404 DEBUG block.SCMBlockDeletingService (SCMBlockDeletingService.java:call(138)) - Running DeletedBlockTransactionScanner
2019-08-10 04:38:49,405 DEBUG block.SCMBlockDeletingService (SCMBlockDeletingService.java:call(155)) - Scanned deleted blocks log and got 0 delTX to process.
2019-08-10 04:38:49,425 INFO  client.GrpcClientProtocolClient (GrpcClientProtocolClient.java:onNext(255)) - client-A18AB92CDBA5->6c928baf-cc3b-4a10-9362-ff4e15dca71d: receive RaftClientReply:client-A18AB92CDBA5->6c928baf-cc3b-4a10-9362-ff4e15dca71d@group-586430B97ADD, cid=3979, SUCCESS, logIndex=5715, commits[6c928baf-cc3b-4a10-9362-ff4e15dca71d:c5716]
2019-08-10 04:38:49,426 INFO  client.GrpcClientProtocolClient (GrpcClientProtocolClient.java:onNext(255)) - client-A18AB92CDBA5->6c928baf-cc3b-4a10-9362-ff4e15dca71d: receive RaftClientReply:client-A18AB92CDBA5->6c928baf-cc3b-4a10-9362-ff4e15dca71d@group-586430B97ADD, cid=3980, SUCCESS, logIndex=5716, commits[6c928baf-cc3b-4a10-9362-ff4e15dca71d:c5717]
2019-08-10 04:38:49,445 INFO  client.GrpcClientProtocolClient (GrpcClientProtocolClient.java:onNext(255)) - client-A18AB92CDBA5->6c928baf-cc3b-4a10-9362-ff4e15dca71d: receive RaftClientReply:client-A18AB92CDBA5->6c928baf-cc3b-4a10-9362-ff4e15dca71d@group-586430B97ADD, cid=3981, SUCCESS, logIndex=5718, commits[6c928baf-cc3b-4a10-9362-ff4e15dca71d:c5719]
2019-08-10 04:38:49,446 INFO  client.GrpcClientProtocolClient (GrpcClientProtocolClient.java:onNext(255)) - client-A18AB92CDBA5->6c928baf-cc3b-4a10-9362-ff4e15dca71d: receive RaftClientReply:client-A18AB92CDBA5->6c928baf-cc3b-4a10-9362-ff4e15dca71d@group-586430B97ADD, cid=3982, SUCCESS, logIndex=5719, commits[6c928baf-cc3b-4a10-9362-ff4e15dca71d:c5719]
2019-08-10 04:38:49,447 INFO  client.GrpcClientProtocolClient (GrpcClientProtocolClient.java:onNext(255)) - client-A18AB92CDBA5->6c928baf-cc3b-4a10-9362-ff4e15dca71d: receive RaftClientReply:client-A18AB92CDBA5->6c928baf-cc3b-4a10-9362-ff4e15dca71d@group-586430B97ADD, cid=3983, SUCCESS, logIndex=5720, commits[6c928baf-cc3b-4a10-9362-ff4e15dca71d:c5721]
2019-08-10 04:38:49,447 INFO  client.GrpcClientProtocolClient (GrpcClientProtocolClient.java:onNext(255)) - client-A18AB92CDBA5->6c928baf-cc3b-4a10-9362-ff4e15dca71d: receive RaftClientReply:client-A18AB92CDBA5->6c928baf-cc3b-4a10-9362-ff4e15dca71d@group-586430B97ADD, cid=3984, SUCCESS, logIndex=5721, commits[6c928baf-cc3b-4a10-9362-ff4e15dca71d:c5721]
2019-08-10 04:38:49,475 INFO  client.GrpcClientProtocolClient (GrpcClientProtocolClient.java:onNext(255)) - client-A18AB92CDBA5->6c928baf-cc3b-4a10-9362-ff4e15dca71d: receive RaftClientReply:client-A18AB92CDBA5->6c928baf-cc3b-4a10-9362-ff4e15dca71d@group-586430B97ADD, cid=3985, SUCCESS, logIndex=5724, commits[6c928baf-cc3b-4a10-9362-ff4e15dca71d:c5727]
2019-08-10 04:38:49,475 INFO  client.GrpcClientProtocolClient (GrpcClientProtocolClient.java:onNext(255)) - client-A18AB92CDBA5->6c928baf-cc3b-4a10-9362-ff4e15dca71d: receive RaftClientReply:client-A18AB92CDBA5->6c928baf-cc3b-4a10-9362-ff4e15dca71d@group-586430B97ADD, cid=3986, SUCCESS, logIndex=5725, commits[6c928baf-cc3b-4a10-9362-ff4e15dca71d:c5727]
2019-08-10 04:38:49,476 INFO  client.GrpcClientProtocolClient (GrpcClientProtocolClient.java:onNext(255)) - client-A18AB92CDBA5->6c928baf-cc3b-4a10-9362-ff4e15dca71d: receive RaftClientReply:client-A18AB92CDBA5->6c928baf-cc3b-4a10-9362-ff4e15dca71d@group-586430B97ADD, cid=3987, SUCCESS, logIndex=5726, commits[6c928baf-cc3b-4a10-9362-ff4e15dca71d:c5728]
2019-08-10 04:38:49,476 INFO  client.GrpcClientProtocolClient (GrpcClientProtocolClient.java:onNext(255)) - client-A18AB92CDBA5->6c928baf-cc3b-4a10-9362-ff4e15dca71d: receive RaftClientReply:client-A18AB92CDBA5->6c928baf-cc3b-4a10-9362-ff4e15dca71d@group-586430B97ADD, cid=3988, SUCCESS, logIndex=5727, commits[6c928baf-cc3b-4a10-9362-ff4e15dca71d:c5729]
2019-08-10 04:38:49,494 INFO  client.GrpcClientProtocolClient (GrpcClientProtocolClient.java:onNext(255)) - client-A18AB92CDBA5->6c928baf-cc3b-4a10-9362-ff4e15dca71d: receive RaftClientReply:client-A18AB92CDBA5->6c928baf-cc3b-4a10-9362-ff4e15dca71d@group-586430B97ADD, cid=3989, SUCCESS, logIndex=5730, commits[6c928baf-cc3b-4a10-9362-ff4e15dca71d:c5733]
2019-08-10 04:38:49,494 INFO  client.GrpcClientProtocolClient (GrpcClientProtocolClient.java:onNext(255)) - client-A18AB92CDBA5->6c928baf-cc3b-4a10-9362-ff4e15dca71d: receive RaftClientReply:client-A18AB92CDBA5->6c928baf-cc3b-4a10-9362-ff4e15dca71d@group-586430B97ADD, cid=3990, SUCCESS, logIndex=5731, commits[6c928baf-cc3b-4a10-9362-ff4e15dca71d:c5733]
2019-08-10 04:38:49,495 INFO  client.GrpcClientProtocolClient (GrpcClientProtocolClient.java:onNext(255)) - client-A18AB92CDBA5->6c928baf-cc3b-4a10-9362-ff4e15dca71d: receive RaftClientReply:client-A18AB92CDBA5->6c928baf-cc3b-4a10-9362-ff4e15dca71d@group-586430B97ADD, cid=3991, SUCCESS, logIndex=5732, commits[6c928baf-cc3b-4a10-9362-ff4e15dca71d:c5734]
2019-08-10 04:38:49,495 INFO  client.GrpcClientProtocolClient (GrpcClientProtocolClient.java:onNext(255)) - client-A18AB92CDBA5->6c928baf-cc3b-4a10-9362-ff4e15dca71d: receive RaftClientReply:client-A18AB92CDBA5->6c928baf-cc3b-4a10-9362-ff4e15dca71d@group-586430B97ADD, cid=3992, SUCCESS, logIndex=5733, commits[6c928baf-cc3b-4a10-9362-ff4e15dca71d:c5734]
2019-08-10 04:38:49,505 DEBUG block.SCMBlockDeletingService (SCMBlockDeletingService.java:call(138)) - Running DeletedBlockTransactionScanner
2019-08-10 04:38:49,506 DEBUG block.SCMBlockDeletingService (SCMBlockDeletingService.java:call(155)) - Scanned deleted blocks log and got 0 delTX to process.
2019-08-10 04:38:49,528 INFO  client.GrpcClientProtocolClient (GrpcClientProtocolClient.java:onNext(255)) - client-A18AB92CDBA5->6c928baf-cc3b-4a10-9362-ff4e15dca71d: receive RaftClientReply:client-A18AB92CDBA5->6c928baf-cc3b-4a10-9362-ff4e15dca71d@group-586430B97ADD, cid=3993, SUCCESS, logIndex=5736, commits[6c928baf-cc3b-4a10-9362-ff4e15dca71d:c5739]
2019-08-10 04:38:49,529 INFO  client.GrpcClientProtocolClient (GrpcClientProtocolClient.java:onNext(255)) - client-A18AB92CDBA5->6c928baf-cc3b-4a10-9362-ff4e15dca71d: receive RaftClientReply:client-A18AB92CDBA5->6c928baf-cc3b-4a10-9362-ff4e15dca71d@group-586430B97ADD, cid=3994, SUCCESS, logIndex=5737, commits[6c928baf-cc3b-4a10-9362-ff4e15dca71d:c5739]
2019-08-10 04:38:49,530 INFO  client.GrpcClientProtocolClient (GrpcClientProtocolClient.java:onNext(255)) - client-A18AB92CDBA5->6c928baf-cc3b-4a10-9362-ff4e15dca71d: receive RaftClientReply:client-A18AB92CDBA5->6c928baf-cc3b-4a10-9362-ff4e15dca71d@group-586430B97ADD, cid=3995, SUCCESS, logIndex=5738, commits[6c928baf-cc3b-4a10-9362-ff4e15dca71d:c5739]
2019-08-10 04:38:49,530 INFO  client.GrpcClientProtocolClient (GrpcClientProtocolClient.java:onNext(255)) - client-A18AB92CDBA5->6c928baf-cc3b-4a10-9362-ff4e15dca71d: receive RaftClientReply:client-A18AB92CDBA5->6c928baf-cc3b-4a10-9362-ff4e15dca71d@group-586430B97ADD, cid=3996, SUCCESS, logIndex=5739, commits[6c928baf-cc3b-4a10-9362-ff4e15dca71d:c5739]
2019-08-10 04:38:49,552 INFO  client.GrpcClientProtocolClient (GrpcClientProtocolClient.java:onNext(255)) - client-A18AB92CDBA5->6c928baf-cc3b-4a10-9362-ff4e15dca71d: receive RaftClientReply:client-A18AB92CDBA5->6c928baf-cc3b-4a10-9362-ff4e15dca71d@group-586430B97ADD, cid=3997, SUCCESS, logIndex=5741, commits[6c928baf-cc3b-4a10-9362-ff4e15dca71d:c5744]
2019-08-10 04:38:49,552 INFO  client.GrpcClientProtocolClient (GrpcClientProtocolClient.java:onNext(255)) - client-A18AB92CDBA5->6c928baf-cc3b-4a10-9362-ff4e15dca71d: receive RaftClientReply:client-A18AB92CDBA5->6c928baf-cc3b-4a10-9362-ff4e15dca71d@group-586430B97ADD, cid=3998, SUCCESS, logIndex=5742, commits[6c928baf-cc3b-4a10-9362-ff4e15dca71d:c5744]
2019-08-10 04:38:49,552 INFO  client.GrpcClientProtocolClient (GrpcClientProtocolClient.java:onNext(255)) - client-A18AB92CDBA5->6c928baf-cc3b-4a10-9362-ff4e15dca71d: receive RaftClientReply:client-A18AB92CDBA5->6c928baf-cc3b-4a10-9362-ff4e15dca71d@group-586430B97ADD, cid=3999, SUCCESS, logIndex=5743, commits[6c928baf-cc3b-4a10-9362-ff4e15dca71d:c5745]
2019-08-10 04:38:49,553 INFO  client.GrpcClientProtocolClient (GrpcClientProtocolClient.java:onNext(255)) - client-A18AB92CDBA5->6c928baf-cc3b-4a10-9362-ff4e15dca71d: receive RaftClientReply:client-A18AB92CDBA5->6c928baf-cc3b-4a10-9362-ff4e15dca71d@group-586430B97ADD, cid=4000, SUCCESS, logIndex=5744, commits[6c928baf-cc3b-4a10-9362-ff4e15dca71d:c5745]
2019-08-10 04:38:49,583 INFO  client.GrpcClientProtocolClient (GrpcClientProtocolClient.java:onNext(255)) - client-A18AB92CDBA5->6c928baf-cc3b-4a10-9362-ff4e15dca71d: receive RaftClientReply:client-A18AB92CDBA5->6c928baf-cc3b-4a10-9362-ff4e15dca71d@group-586430B97ADD, cid=4001, SUCCESS, logIndex=5746, commits[6c928baf-cc3b-4a10-9362-ff4e15dca71d:c5749]
2019-08-10 04:38:49,583 INFO  client.GrpcClientProtocolClient (GrpcClientProtocolClient.java:onNext(255)) - client-A18AB92CDBA5->6c928baf-cc3b-4a10-9362-ff4e15dca71d: receive RaftClientReply:client-A18AB92CDBA5->6c928baf-cc3b-4a10-9362-ff4e15dca71d@group-586430B97ADD, cid=4002, SUCCESS, logIndex=5747, commits[6c928baf-cc3b-4a10-9362-ff4e15dca71d:c5750]
2019-08-10 04:38:49,584 INFO  client.GrpcClientProtocolClient (GrpcClientProtocolClient.java:onNext(255)) - client-A18AB92CDBA5->6c928baf-cc3b-4a10-9362-ff4e15dca71d: receive RaftClientReply:client-A18AB92CDBA5->6c928baf-cc3b-4a10-9362-ff4e15dca71d@group-586430B97ADD, cid=4003, SUCCESS, logIndex=5748, commits[6c928baf-cc3b-4a10-9362-ff4e15dca71d:c5750]
2019-08-10 04:38:49,585 INFO  client.GrpcClientProtocolClient (GrpcClientProtocolClient.java:onNext(255)) - client-A18AB92CDBA5->6c928baf-cc3b-4a10-9362-ff4e15dca71d: receive RaftClientReply:client-A18AB92CDBA5->6c928baf-cc3b-4a10-9362-ff4e15dca71d@group-586430B97ADD, cid=4004, SUCCESS, logIndex=5749, commits[6c928baf-cc3b-4a10-9362-ff4e15dca71d:c5750]
2019-08-10 04:38:49,606 INFO  client.GrpcClientProtocolClient (GrpcClientProtocolClient.java:onNext(255)) - client-A18AB92CDBA5->6c928baf-cc3b-4a10-9362-ff4e15dca71d: receive RaftClientReply:client-A18AB92CDBA5->6c928baf-cc3b-4a10-9362-ff4e15dca71d@group-586430B97ADD, cid=4005, SUCCESS, logIndex=5751, commits[6c928baf-cc3b-4a10-9362-ff4e15dca71d:c5754]
2019-08-10 04:38:49,606 INFO  client.GrpcClientProtocolClient (GrpcClientProtocolClient.java:onNext(255)) - client-A18AB92CDBA5->6c928baf-cc3b-4a10-9362-ff4e15dca71d: receive RaftClientReply:client-A18AB92CDBA5->6c928baf-cc3b-4a10-9362-ff4e15dca71d@group-586430B97ADD, cid=4006, SUCCESS, logIndex=5752, commits[6c928baf-cc3b-4a10-9362-ff4e15dca71d:c5755]
2019-08-10 04:38:49,606 DEBUG block.SCMBlockDeletingService (SCMBlockDeletingService.java:call(138)) - Running DeletedBlockTransactionScanner
2019-08-10 04:38:49,606 INFO  client.GrpcClientProtocolClient (GrpcClientProtocolClient.java:onNext(255)) - client-A18AB92CDBA5->6c928baf-cc3b-4a10-9362-ff4e15dca71d: receive RaftClientReply:client-A18AB92CDBA5->6c928baf-cc3b-4a10-9362-ff4e15dca71d@group-586430B97ADD, cid=4007, SUCCESS, logIndex=5753, commits[6c928baf-cc3b-4a10-9362-ff4e15dca71d:c5755]
2019-08-10 04:38:49,606 DEBUG block.SCMBlockDeletingService (SCMBlockDeletingService.java:call(155)) - Scanned deleted blocks log and got 0 delTX to process.
2019-08-10 04:38:49,607 INFO  client.GrpcClientProtocolClient (GrpcClientProtocolClient.java:onNext(255)) - client-A18AB92CDBA5->6c928baf-cc3b-4a10-9362-ff4e15dca71d: receive RaftClientReply:client-A18AB92CDBA5->6c928baf-cc3b-4a10-9362-ff4e15dca71d@group-586430B97ADD, cid=4008, SUCCESS, logIndex=5754, commits[6c928baf-cc3b-4a10-9362-ff4e15dca71d:c5755]
2019-08-10 04:38:49,641 INFO  client.GrpcClientProtocolClient (GrpcClientProtocolClient.java:onNext(255)) - client-A18AB92CDBA5->6c928baf-cc3b-4a10-9362-ff4e15dca71d: receive RaftClientReply:client-A18AB92CDBA5->6c928baf-cc3b-4a10-9362-ff4e15dca71d@group-586430B97ADD, cid=4009, SUCCESS, logIndex=5756, commits[6c928baf-cc3b-4a10-9362-ff4e15dca71d:c5759]
2019-08-10 04:38:49,642 INFO  client.GrpcClientProtocolClient (GrpcClientProtocolClient.java:onNext(255)) - client-A18AB92CDBA5->6c928baf-cc3b-4a10-9362-ff4e15dca71d: receive RaftClientReply:client-A18AB92CDBA5->6c928baf-cc3b-4a10-9362-ff4e15dca71d@group-586430B97ADD, cid=4010, SUCCESS, logIndex=5757, commits[6c928baf-cc3b-4a10-9362-ff4e15dca71d:c5760]
2019-08-10 04:38:49,709 DEBUG block.SCMBlockDeletingService (SCMBlockDeletingService.java:call(138)) - Running DeletedBlockTransactionScanner
2019-08-10 04:38:49,710 DEBUG block.SCMBlockDeletingService (SCMBlockDeletingService.java:call(155)) - Scanned deleted blocks log and got 0 delTX to process.
2019-08-10 04:38:49,710 INFO  client.GrpcClientProtocolClient (GrpcClientProtocolClient.java:onNext(255)) - client-A18AB92CDBA5->6c928baf-cc3b-4a10-9362-ff4e15dca71d: receive RaftClientReply:client-A18AB92CDBA5->6c928baf-cc3b-4a10-9362-ff4e15dca71d@group-586430B97ADD, cid=4011, SUCCESS, logIndex=5758, commits[6c928baf-cc3b-4a10-9362-ff4e15dca71d:c5760]
2019-08-10 04:38:49,710 INFO  client.GrpcClientProtocolClient (GrpcClientProtocolClient.java:onNext(255)) - client-A18AB92CDBA5->6c928baf-cc3b-4a10-9362-ff4e15dca71d: receive RaftClientReply:client-A18AB92CDBA5->6c928baf-cc3b-4a10-9362-ff4e15dca71d@group-586430B97ADD, cid=4012, SUCCESS, logIndex=5759, commits[6c928baf-cc3b-4a10-9362-ff4e15dca71d:c5760]
2019-08-10 04:38:49,738 INFO  client.GrpcClientProtocolClient (GrpcClientProtocolClient.java:onNext(255)) - client-A18AB92CDBA5->6c928baf-cc3b-4a10-9362-ff4e15dca71d: receive RaftClientReply:client-A18AB92CDBA5->6c928baf-cc3b-4a10-9362-ff4e15dca71d@group-586430B97ADD, cid=4013, SUCCESS, logIndex=5761, commits[6c928baf-cc3b-4a10-9362-ff4e15dca71d:c5764]
2019-08-10 04:38:49,739 INFO  client.GrpcClientProtocolClient (GrpcClientProtocolClient.java:onNext(255)) - client-A18AB92CDBA5->6c928baf-cc3b-4a10-9362-ff4e15dca71d: receive RaftClientReply:client-A18AB92CDBA5->6c928baf-cc3b-4a10-9362-ff4e15dca71d@group-586430B97ADD, cid=4014, SUCCESS, logIndex=5762, commits[6c928baf-cc3b-4a10-9362-ff4e15dca71d:c5764]
2019-08-10 04:38:49,739 INFO  client.GrpcClientProtocolClient (GrpcClientProtocolClient.java:onNext(255)) - client-A18AB92CDBA5->6c928baf-cc3b-4a10-9362-ff4e15dca71d: receive RaftClientReply:client-A18AB92CDBA5->6c928baf-cc3b-4a10-9362-ff4e15dca71d@group-586430B97ADD, cid=4015, SUCCESS, logIndex=5763, commits[6c928baf-cc3b-4a10-9362-ff4e15dca71d:c5764]
2019-08-10 04:38:49,739 INFO  client.GrpcClientProtocolClient (GrpcClientProtocolClient.java:onNext(255)) - client-A18AB92CDBA5->6c928baf-cc3b-4a10-9362-ff4e15dca71d: receive RaftClientReply:client-A18AB92CDBA5->6c928baf-cc3b-4a10-9362-ff4e15dca71d@group-586430B97ADD, cid=4016, SUCCESS, logIndex=5764, commits[6c928baf-cc3b-4a10-9362-ff4e15dca71d:c5764]
2019-08-10 04:38:49,772 INFO  client.GrpcClientProtocolClient (GrpcClientProtocolClient.java:onNext(255)) - client-A18AB92CDBA5->6c928baf-cc3b-4a10-9362-ff4e15dca71d: receive RaftClientReply:client-A18AB92CDBA5->6c928baf-cc3b-4a10-9362-ff4e15dca71d@group-586430B97ADD, cid=4017, SUCCESS, logIndex=5766, commits[6c928baf-cc3b-4a10-9362-ff4e15dca71d:c5769]
2019-08-10 04:38:49,772 INFO  client.GrpcClientProtocolClient (GrpcClientProtocolClient.java:onNext(255)) - client-A18AB92CDBA5->6c928baf-cc3b-4a10-9362-ff4e15dca71d: receive RaftClientReply:client-A18AB92CDBA5->6c928baf-cc3b-4a10-9362-ff4e15dca71d@group-586430B97ADD, cid=4018, SUCCESS, logIndex=5767, commits[6c928baf-cc3b-4a10-9362-ff4e15dca71d:c5770]
2019-08-10 04:38:49,773 INFO  client.GrpcClientProtocolClient (GrpcClientProtocolClient.java:onNext(255)) - client-A18AB92CDBA5->6c928baf-cc3b-4a10-9362-ff4e15dca71d: receive RaftClientReply:client-A18AB92CDBA5->6c928baf-cc3b-4a10-9362-ff4e15dca71d@group-586430B97ADD, cid=4019, SUCCESS, logIndex=5768, commits[6c928baf-cc3b-4a10-9362-ff4e15dca71d:c5770]
2019-08-10 04:38:49,773 INFO  client.GrpcClientProtocolClient (GrpcClientProtocolClient.java:onNext(255)) - client-A18AB92CDBA5->6c928baf-cc3b-4a10-9362-ff4e15dca71d: receive RaftClientReply:client-A18AB92CDBA5->6c928baf-cc3b-4a10-9362-ff4e15dca71d@group-586430B97ADD, cid=4020, SUCCESS, logIndex=5769, commits[6c928baf-cc3b-4a10-9362-ff4e15dca71d:c5771]
2019-08-10 04:38:49,795 INFO  client.GrpcClientProtocolClient (GrpcClientProtocolClient.java:onNext(255)) - client-A18AB92CDBA5->6c928baf-cc3b-4a10-9362-ff4e15dca71d: receive RaftClientReply:client-A18AB92CDBA5->6c928baf-cc3b-4a10-9362-ff4e15dca71d@group-586430B97ADD, cid=4021, SUCCESS, logIndex=5772, commits[6c928baf-cc3b-4a10-9362-ff4e15dca71d:c5773]
2019-08-10 04:38:49,796 INFO  client.GrpcClientProtocolClient (GrpcClientProtocolClient.java:onNext(255)) - client-A18AB92CDBA5->6c928baf-cc3b-4a10-9362-ff4e15dca71d: receive RaftClientReply:client-A18AB92CDBA5->6c928baf-cc3b-4a10-9362-ff4e15dca71d@group-586430B97ADD, cid=4022, SUCCESS, logIndex=5773, commits[6c928baf-cc3b-4a10-9362-ff4e15dca71d:c5774]
2019-08-10 04:38:49,810 DEBUG block.SCMBlockDeletingService (SCMBlockDeletingService.java:call(138)) - Running DeletedBlockTransactionScanner
2019-08-10 04:38:49,810 DEBUG block.SCMBlockDeletingService (SCMBlockDeletingService.java:call(155)) - Scanned deleted blocks log and got 0 delTX to process.
2019-08-10 04:38:49,881 INFO  client.GrpcClientProtocolClient (GrpcClientProtocolClient.java:onNext(255)) - client-A18AB92CDBA5->6c928baf-cc3b-4a10-9362-ff4e15dca71d: receive RaftClientReply:client-A18AB92CDBA5->6c928baf-cc3b-4a10-9362-ff4e15dca71d@group-586430B97ADD, cid=4023, SUCCESS, logIndex=5775, commits[6c928baf-cc3b-4a10-9362-ff4e15dca71d:c5776]
2019-08-10 04:38:49,882 INFO  client.GrpcClientProtocolClient (GrpcClientProtocolClient.java:onNext(255)) - client-A18AB92CDBA5->6c928baf-cc3b-4a10-9362-ff4e15dca71d: receive RaftClientReply:client-A18AB92CDBA5->6c928baf-cc3b-4a10-9362-ff4e15dca71d@group-586430B97ADD, cid=4024, SUCCESS, logIndex=5776, commits[6c928baf-cc3b-4a10-9362-ff4e15dca71d:c5777]
2019-08-10 04:38:49,910 INFO  client.GrpcClientProtocolClient (GrpcClientProtocolClient.java:onNext(255)) - client-A18AB92CDBA5->6c928baf-cc3b-4a10-9362-ff4e15dca71d: receive RaftClientReply:client-A18AB92CDBA5->6c928baf-cc3b-4a10-9362-ff4e15dca71d@group-586430B97ADD, cid=4025, SUCCESS, logIndex=5778, commits[6c928baf-cc3b-4a10-9362-ff4e15dca71d:c5781]
2019-08-10 04:38:49,910 INFO  client.GrpcClientProtocolClient (GrpcClientProtocolClient.java:onNext(255)) - client-A18AB92CDBA5->6c928baf-cc3b-4a10-9362-ff4e15dca71d: receive RaftClientReply:client-A18AB92CDBA5->6c928baf-cc3b-4a10-9362-ff4e15dca71d@group-586430B97ADD, cid=4026, SUCCESS, logIndex=5779, commits[6c928baf-cc3b-4a10-9362-ff4e15dca71d:c5782]
2019-08-10 04:38:49,911 DEBUG block.SCMBlockDeletingService (SCMBlockDeletingService.java:call(138)) - Running DeletedBlockTransactionScanner
2019-08-10 04:38:49,911 INFO  client.GrpcClientProtocolClient (GrpcClientProtocolClient.java:onNext(255)) - client-A18AB92CDBA5->6c928baf-cc3b-4a10-9362-ff4e15dca71d: receive RaftClientReply:client-A18AB92CDBA5->6c928baf-cc3b-4a10-9362-ff4e15dca71d@group-586430B97ADD, cid=4027, SUCCESS, logIndex=5780, commits[6c928baf-cc3b-4a10-9362-ff4e15dca71d:c5782]
2019-08-10 04:38:49,911 DEBUG block.SCMBlockDeletingService (SCMBlockDeletingService.java:call(155)) - Scanned deleted blocks log and got 0 delTX to process.
2019-08-10 04:38:49,911 INFO  client.GrpcClientProtocolClient (GrpcClientProtocolClient.java:onNext(255)) - client-A18AB92CDBA5->6c928baf-cc3b-4a10-9362-ff4e15dca71d: receive RaftClientReply:client-A18AB92CDBA5->6c928baf-cc3b-4a10-9362-ff4e15dca71d@group-586430B97ADD, cid=4028, SUCCESS, logIndex=5781, commits[6c928baf-cc3b-4a10-9362-ff4e15dca71d:c5782]
2019-08-10 04:38:49,932 INFO  client.GrpcClientProtocolClient (GrpcClientProtocolClient.java:onNext(255)) - client-A18AB92CDBA5->6c928baf-cc3b-4a10-9362-ff4e15dca71d: receive RaftClientReply:client-A18AB92CDBA5->6c928baf-cc3b-4a10-9362-ff4e15dca71d@group-586430B97ADD, cid=4029, SUCCESS, logIndex=5783, commits[6c928baf-cc3b-4a10-9362-ff4e15dca71d:c5786]
2019-08-10 04:38:49,932 INFO  client.GrpcClientProtocolClient (GrpcClientProtocolClient.java:onNext(255)) - client-A18AB92CDBA5->6c928baf-cc3b-4a10-9362-ff4e15dca71d: receive RaftClientReply:client-A18AB92CDBA5->6c928baf-cc3b-4a10-9362-ff4e15dca71d@group-586430B97ADD, cid=4030, SUCCESS, logIndex=5784, commits[6c928baf-cc3b-4a10-9362-ff4e15dca71d:c5786]
2019-08-10 04:38:49,932 INFO  client.GrpcClientProtocolClient (GrpcClientProtocolClient.java:onNext(255)) - client-A18AB92CDBA5->6c928baf-cc3b-4a10-9362-ff4e15dca71d: receive RaftClientReply:client-A18AB92CDBA5->6c928baf-cc3b-4a10-9362-ff4e15dca71d@group-586430B97ADD, cid=4031, SUCCESS, logIndex=5785, commits[6c928baf-cc3b-4a10-9362-ff4e15dca71d:c5787]
2019-08-10 04:38:49,933 INFO  client.GrpcClientProtocolClient (GrpcClientProtocolClient.java:onNext(255)) - client-A18AB92CDBA5->6c928baf-cc3b-4a10-9362-ff4e15dca71d: receive RaftClientReply:client-A18AB92CDBA5->6c928baf-cc3b-4a10-9362-ff4e15dca71d@group-586430B97ADD, cid=4032, SUCCESS, logIndex=5786, commits[6c928baf-cc3b-4a10-9362-ff4e15dca71d:c5787]
2019-08-10 04:38:49,961 INFO  client.GrpcClientProtocolClient (GrpcClientProtocolClient.java:onNext(255)) - client-A18AB92CDBA5->6c928baf-cc3b-4a10-9362-ff4e15dca71d: receive RaftClientReply:client-A18AB92CDBA5->6c928baf-cc3b-4a10-9362-ff4e15dca71d@group-586430B97ADD, cid=4033, SUCCESS, logIndex=5788, commits[6c928baf-cc3b-4a10-9362-ff4e15dca71d:c5789]
2019-08-10 04:38:49,962 INFO  client.GrpcClientProtocolClient (GrpcClientProtocolClient.java:onNext(255)) - client-A18AB92CDBA5->6c928baf-cc3b-4a10-9362-ff4e15dca71d: receive RaftClientReply:client-A18AB92CDBA5->6c928baf-cc3b-4a10-9362-ff4e15dca71d@group-586430B97ADD, cid=4034, SUCCESS, logIndex=5789, commits[6c928baf-cc3b-4a10-9362-ff4e15dca71d:c5791]
2019-08-10 04:38:49,962 INFO  client.GrpcClientProtocolClient (GrpcClientProtocolClient.java:onNext(255)) - client-A18AB92CDBA5->6c928baf-cc3b-4a10-9362-ff4e15dca71d: receive RaftClientReply:client-A18AB92CDBA5->6c928baf-cc3b-4a10-9362-ff4e15dca71d@group-586430B97ADD, cid=4035, SUCCESS, logIndex=5790, commits[6c928baf-cc3b-4a10-9362-ff4e15dca71d:c5791]
2019-08-10 04:38:49,963 INFO  client.GrpcClientProtocolClient (GrpcClientProtocolClient.java:onNext(255)) - client-A18AB92CDBA5->6c928baf-cc3b-4a10-9362-ff4e15dca71d: receive RaftClientReply:client-A18AB92CDBA5->6c928baf-cc3b-4a10-9362-ff4e15dca71d@group-586430B97ADD, cid=4036, SUCCESS, logIndex=5791, commits[6c928baf-cc3b-4a10-9362-ff4e15dca71d:c5793]
2019-08-10 04:38:49,982 INFO  client.GrpcClientProtocolClient (GrpcClientProtocolClient.java:onNext(255)) - client-A18AB92CDBA5->6c928baf-cc3b-4a10-9362-ff4e15dca71d: receive RaftClientReply:client-A18AB92CDBA5->6c928baf-cc3b-4a10-9362-ff4e15dca71d@group-586430B97ADD, cid=4037, SUCCESS, logIndex=5794, commits[6c928baf-cc3b-4a10-9362-ff4e15dca71d:c5797]
2019-08-10 04:38:49,982 INFO  client.GrpcClientProtocolClient (GrpcClientProtocolClient.java:onNext(255)) - client-A18AB92CDBA5->6c928baf-cc3b-4a10-9362-ff4e15dca71d: receive RaftClientReply:client-A18AB92CDBA5->6c928baf-cc3b-4a10-9362-ff4e15dca71d@group-586430B97ADD, cid=4038, SUCCESS, logIndex=5795, commits[6c928baf-cc3b-4a10-9362-ff4e15dca71d:c5798]
2019-08-10 04:38:49,983 INFO  client.GrpcClientProtocolClient (GrpcClientProtocolClient.java:onNext(255)) - client-A18AB92CDBA5->6c928baf-cc3b-4a10-9362-ff4e15dca71d: receive RaftClientReply:client-A18AB92CDBA5->6c928baf-cc3b-4a10-9362-ff4e15dca71d@group-586430B97ADD, cid=4039, SUCCESS, logIndex=5796, commits[6c928baf-cc3b-4a10-9362-ff4e15dca71d:c5798]
2019-08-10 04:38:49,983 INFO  client.GrpcClientProtocolClient (GrpcClientProtocolClient.java:onNext(255)) - client-A18AB92CDBA5->6c928baf-cc3b-4a10-9362-ff4e15dca71d: receive RaftClientReply:client-A18AB92CDBA5->6c928baf-cc3b-4a10-9362-ff4e15dca71d@group-586430B97ADD, cid=4040, SUCCESS, logIndex=5797, commits[6c928baf-cc3b-4a10-9362-ff4e15dca71d:c5799]
2019-08-10 04:38:50,011 DEBUG block.SCMBlockDeletingService (SCMBlockDeletingService.java:call(138)) - Running DeletedBlockTransactionScanner
2019-08-10 04:38:50,012 DEBUG block.SCMBlockDeletingService (SCMBlockDeletingService.java:call(155)) - Scanned deleted blocks log and got 0 delTX to process.
2019-08-10 04:38:50,016 INFO  client.GrpcClientProtocolClient (GrpcClientProtocolClient.java:onNext(255)) - client-A18AB92CDBA5->6c928baf-cc3b-4a10-9362-ff4e15dca71d: receive RaftClientReply:client-A18AB92CDBA5->6c928baf-cc3b-4a10-9362-ff4e15dca71d@group-586430B97ADD, cid=4041, SUCCESS, logIndex=5800, commits[6c928baf-cc3b-4a10-9362-ff4e15dca71d:c5803]
2019-08-10 04:38:50,017 INFO  client.GrpcClientProtocolClient (GrpcClientProtocolClient.java:onNext(255)) - client-A18AB92CDBA5->6c928baf-cc3b-4a10-9362-ff4e15dca71d: receive RaftClientReply:client-A18AB92CDBA5->6c928baf-cc3b-4a10-9362-ff4e15dca71d@group-586430B97ADD, cid=4042, SUCCESS, logIndex=5801, commits[6c928baf-cc3b-4a10-9362-ff4e15dca71d:c5804]
2019-08-10 04:38:50,017 INFO  client.GrpcClientProtocolClient (GrpcClientProtocolClient.java:onNext(255)) - client-A18AB92CDBA5->6c928baf-cc3b-4a10-9362-ff4e15dca71d: receive RaftClientReply:client-A18AB92CDBA5->6c928baf-cc3b-4a10-9362-ff4e15dca71d@group-586430B97ADD, cid=4043, SUCCESS, logIndex=5802, commits[6c928baf-cc3b-4a10-9362-ff4e15dca71d:c5804]
2019-08-10 04:38:50,017 INFO  client.GrpcClientProtocolClient (GrpcClientProtocolClient.java:onNext(255)) - client-A18AB92CDBA5->6c928baf-cc3b-4a10-9362-ff4e15dca71d: receive RaftClientReply:client-A18AB92CDBA5->6c928baf-cc3b-4a10-9362-ff4e15dca71d@group-586430B97ADD, cid=4044, SUCCESS, logIndex=5803, commits[6c928baf-cc3b-4a10-9362-ff4e15dca71d:c5804]
2019-08-10 04:38:50,039 INFO  client.GrpcClientProtocolClient (GrpcClientProtocolClient.java:onNext(255)) - client-A18AB92CDBA5->6c928baf-cc3b-4a10-9362-ff4e15dca71d: receive RaftClientReply:client-A18AB92CDBA5->6c928baf-cc3b-4a10-9362-ff4e15dca71d@group-586430B97ADD, cid=4045, SUCCESS, logIndex=5805, commits[6c928baf-cc3b-4a10-9362-ff4e15dca71d:c5808]
2019-08-10 04:38:50,039 INFO  client.GrpcClientProtocolClient (GrpcClientProtocolClient.java:onNext(255)) - client-A18AB92CDBA5->6c928baf-cc3b-4a10-9362-ff4e15dca71d: receive RaftClientReply:client-A18AB92CDBA5->6c928baf-cc3b-4a10-9362-ff4e15dca71d@group-586430B97ADD, cid=4046, SUCCESS, logIndex=5806, commits[6c928baf-cc3b-4a10-9362-ff4e15dca71d:c5809]
2019-08-10 04:38:50,040 INFO  client.GrpcClientProtocolClient (GrpcClientProtocolClient.java:onNext(255)) - client-A18AB92CDBA5->6c928baf-cc3b-4a10-9362-ff4e15dca71d: receive RaftClientReply:client-A18AB92CDBA5->6c928baf-cc3b-4a10-9362-ff4e15dca71d@group-586430B97ADD, cid=4047, SUCCESS, logIndex=5807, commits[6c928baf-cc3b-4a10-9362-ff4e15dca71d:c5809]
2019-08-10 04:38:50,040 INFO  client.GrpcClientProtocolClient (GrpcClientProtocolClient.java:onNext(255)) - client-A18AB92CDBA5->6c928baf-cc3b-4a10-9362-ff4e15dca71d: receive RaftClientReply:client-A18AB92CDBA5->6c928baf-cc3b-4a10-9362-ff4e15dca71d@group-586430B97ADD, cid=4048, SUCCESS, logIndex=5808, commits[6c928baf-cc3b-4a10-9362-ff4e15dca71d:c5809]
2019-08-10 04:38:50,073 INFO  client.GrpcClientProtocolClient (GrpcClientProtocolClient.java:onNext(255)) - client-A18AB92CDBA5->6c928baf-cc3b-4a10-9362-ff4e15dca71d: receive RaftClientReply:client-A18AB92CDBA5->6c928baf-cc3b-4a10-9362-ff4e15dca71d@group-586430B97ADD, cid=4049, SUCCESS, logIndex=5810, commits[6c928baf-cc3b-4a10-9362-ff4e15dca71d:c5813]
2019-08-10 04:38:50,074 INFO  client.GrpcClientProtocolClient (GrpcClientProtocolClient.java:onNext(255)) - client-A18AB92CDBA5->6c928baf-cc3b-4a10-9362-ff4e15dca71d: receive RaftClientReply:client-A18AB92CDBA5->6c928baf-cc3b-4a10-9362-ff4e15dca71d@group-586430B97ADD, cid=4050, SUCCESS, logIndex=5811, commits[6c928baf-cc3b-4a10-9362-ff4e15dca71d:c5814]
2019-08-10 04:38:50,074 INFO  client.GrpcClientProtocolClient (GrpcClientProtocolClient.java:onNext(255)) - client-A18AB92CDBA5->6c928baf-cc3b-4a10-9362-ff4e15dca71d: receive RaftClientReply:client-A18AB92CDBA5->6c928baf-cc3b-4a10-9362-ff4e15dca71d@group-586430B97ADD, cid=4051, SUCCESS, logIndex=5812, commits[6c928baf-cc3b-4a10-9362-ff4e15dca71d:c5814]
2019-08-10 04:38:50,074 INFO  client.GrpcClientProtocolClient (GrpcClientProtocolClient.java:onNext(255)) - client-A18AB92CDBA5->6c928baf-cc3b-4a10-9362-ff4e15dca71d: receive RaftClientReply:client-A18AB92CDBA5->6c928baf-cc3b-4a10-9362-ff4e15dca71d@group-586430B97ADD, cid=4052, SUCCESS, logIndex=5813, commits[6c928baf-cc3b-4a10-9362-ff4e15dca71d:c5814]
2019-08-10 04:38:50,096 INFO  client.GrpcClientProtocolClient (GrpcClientProtocolClient.java:onNext(255)) - client-A18AB92CDBA5->6c928baf-cc3b-4a10-9362-ff4e15dca71d: receive RaftClientReply:client-A18AB92CDBA5->6c928baf-cc3b-4a10-9362-ff4e15dca71d@group-586430B97ADD, cid=4053, SUCCESS, logIndex=5815, commits[6c928baf-cc3b-4a10-9362-ff4e15dca71d:c5818]
2019-08-10 04:38:50,096 INFO  client.GrpcClientProtocolClient (GrpcClientProtocolClient.java:onNext(255)) - client-A18AB92CDBA5->6c928baf-cc3b-4a10-9362-ff4e15dca71d: receive RaftClientReply:client-A18AB92CDBA5->6c928baf-cc3b-4a10-9362-ff4e15dca71d@group-586430B97ADD, cid=4054, SUCCESS, logIndex=5816, commits[6c928baf-cc3b-4a10-9362-ff4e15dca71d:c5819]
2019-08-10 04:38:50,096 INFO  client.GrpcClientProtocolClient (GrpcClientProtocolClient.java:onNext(255)) - client-A18AB92CDBA5->6c928baf-cc3b-4a10-9362-ff4e15dca71d: receive RaftClientReply:client-A18AB92CDBA5->6c928baf-cc3b-4a10-9362-ff4e15dca71d@group-586430B97ADD, cid=4055, SUCCESS, logIndex=5817, commits[6c928baf-cc3b-4a10-9362-ff4e15dca71d:c5819]
2019-08-10 04:38:50,097 INFO  client.GrpcClientProtocolClient (GrpcClientProtocolClient.java:onNext(255)) - client-A18AB92CDBA5->6c928baf-cc3b-4a10-9362-ff4e15dca71d: receive RaftClientReply:client-A18AB92CDBA5->6c928baf-cc3b-4a10-9362-ff4e15dca71d@group-586430B97ADD, cid=4056, SUCCESS, logIndex=5818, commits[6c928baf-cc3b-4a10-9362-ff4e15dca71d:c5819]
2019-08-10 04:38:50,112 DEBUG block.SCMBlockDeletingService (SCMBlockDeletingService.java:call(138)) - Running DeletedBlockTransactionScanner
2019-08-10 04:38:50,112 DEBUG block.SCMBlockDeletingService (SCMBlockDeletingService.java:call(155)) - Scanned deleted blocks log and got 0 delTX to process.
2019-08-10 04:38:50,131 INFO  client.GrpcClientProtocolClient (GrpcClientProtocolClient.java:onNext(255)) - client-A18AB92CDBA5->6c928baf-cc3b-4a10-9362-ff4e15dca71d: receive RaftClientReply:client-A18AB92CDBA5->6c928baf-cc3b-4a10-9362-ff4e15dca71d@group-586430B97ADD, cid=4057, SUCCESS, logIndex=5820, commits[6c928baf-cc3b-4a10-9362-ff4e15dca71d:c5823]
2019-08-10 04:38:50,132 INFO  client.GrpcClientProtocolClient (GrpcClientProtocolClient.java:onNext(255)) - client-A18AB92CDBA5->6c928baf-cc3b-4a10-9362-ff4e15dca71d: receive RaftClientReply:client-A18AB92CDBA5->6c928baf-cc3b-4a10-9362-ff4e15dca71d@group-586430B97ADD, cid=4058, SUCCESS, logIndex=5821, commits[6c928baf-cc3b-4a10-9362-ff4e15dca71d:c5824]
2019-08-10 04:38:50,132 INFO  client.GrpcClientProtocolClient (GrpcClientProtocolClient.java:onNext(255)) - client-A18AB92CDBA5->6c928baf-cc3b-4a10-9362-ff4e15dca71d: receive RaftClientReply:client-A18AB92CDBA5->6c928baf-cc3b-4a10-9362-ff4e15dca71d@group-586430B97ADD, cid=4059, SUCCESS, logIndex=5822, commits[6c928baf-cc3b-4a10-9362-ff4e15dca71d:c5824]
2019-08-10 04:38:50,132 INFO  client.GrpcClientProtocolClient (GrpcClientProtocolClient.java:onNext(255)) - client-A18AB92CDBA5->6c928baf-cc3b-4a10-9362-ff4e15dca71d: receive RaftClientReply:client-A18AB92CDBA5->6c928baf-cc3b-4a10-9362-ff4e15dca71d@group-586430B97ADD, cid=4060, SUCCESS, logIndex=5823, commits[6c928baf-cc3b-4a10-9362-ff4e15dca71d:c5824]
2019-08-10 04:38:50,154 INFO  client.GrpcClientProtocolClient (GrpcClientProtocolClient.java:onNext(255)) - client-A18AB92CDBA5->6c928baf-cc3b-4a10-9362-ff4e15dca71d: receive RaftClientReply:client-A18AB92CDBA5->6c928baf-cc3b-4a10-9362-ff4e15dca71d@group-586430B97ADD, cid=4061, SUCCESS, logIndex=5825, commits[6c928baf-cc3b-4a10-9362-ff4e15dca71d:c5828]
2019-08-10 04:38:50,154 INFO  client.GrpcClientProtocolClient (GrpcClientProtocolClient.java:onNext(255)) - client-A18AB92CDBA5->6c928baf-cc3b-4a10-9362-ff4e15dca71d: receive RaftClientReply:client-A18AB92CDBA5->6c928baf-cc3b-4a10-9362-ff4e15dca71d@group-586430B97ADD, cid=4062, SUCCESS, logIndex=5826, commits[6c928baf-cc3b-4a10-9362-ff4e15dca71d:c5828]
2019-08-10 04:38:50,155 INFO  client.GrpcClientProtocolClient (GrpcClientProtocolClient.java:onNext(255)) - client-A18AB92CDBA5->6c928baf-cc3b-4a10-9362-ff4e15dca71d: receive RaftClientReply:client-A18AB92CDBA5->6c928baf-cc3b-4a10-9362-ff4e15dca71d@group-586430B97ADD, cid=4063, SUCCESS, logIndex=5827, commits[6c928baf-cc3b-4a10-9362-ff4e15dca71d:c5828]
2019-08-10 04:38:50,155 INFO  client.GrpcClientProtocolClient (GrpcClientProtocolClient.java:onNext(255)) - client-A18AB92CDBA5->6c928baf-cc3b-4a10-9362-ff4e15dca71d: receive RaftClientReply:client-A18AB92CDBA5->6c928baf-cc3b-4a10-9362-ff4e15dca71d@group-586430B97ADD, cid=4064, SUCCESS, logIndex=5828, commits[6c928baf-cc3b-4a10-9362-ff4e15dca71d:c5828]
2019-08-10 04:38:50,188 INFO  client.GrpcClientProtocolClient (GrpcClientProtocolClient.java:onNext(255)) - client-A18AB92CDBA5->6c928baf-cc3b-4a10-9362-ff4e15dca71d: receive RaftClientReply:client-A18AB92CDBA5->6c928baf-cc3b-4a10-9362-ff4e15dca71d@group-586430B97ADD, cid=4065, SUCCESS, logIndex=5830, commits[6c928baf-cc3b-4a10-9362-ff4e15dca71d:c5831]
2019-08-10 04:38:50,189 INFO  client.GrpcClientProtocolClient (GrpcClientProtocolClient.java:onNext(255)) - client-A18AB92CDBA5->6c928baf-cc3b-4a10-9362-ff4e15dca71d: receive RaftClientReply:client-A18AB92CDBA5->6c928baf-cc3b-4a10-9362-ff4e15dca71d@group-586430B97ADD, cid=4066, SUCCESS, logIndex=5831, commits[6c928baf-cc3b-4a10-9362-ff4e15dca71d:c5832]
2019-08-10 04:38:50,213 DEBUG block.SCMBlockDeletingService (SCMBlockDeletingService.java:call(138)) - Running DeletedBlockTransactionScanner
2019-08-10 04:38:50,213 DEBUG block.SCMBlockDeletingService (SCMBlockDeletingService.java:call(155)) - Scanned deleted blocks log and got 0 delTX to process.
2019-08-10 04:38:50,285 INFO  client.GrpcClientProtocolClient (GrpcClientProtocolClient.java:onNext(255)) - client-A18AB92CDBA5->6c928baf-cc3b-4a10-9362-ff4e15dca71d: receive RaftClientReply:client-A18AB92CDBA5->6c928baf-cc3b-4a10-9362-ff4e15dca71d@group-586430B97ADD, cid=4067, SUCCESS, logIndex=5833, commits[6c928baf-cc3b-4a10-9362-ff4e15dca71d:c5834]
2019-08-10 04:38:50,286 INFO  client.GrpcClientProtocolClient (GrpcClientProtocolClient.java:onNext(255)) - client-A18AB92CDBA5->6c928baf-cc3b-4a10-9362-ff4e15dca71d: receive RaftClientReply:client-A18AB92CDBA5->6c928baf-cc3b-4a10-9362-ff4e15dca71d@group-586430B97ADD, cid=4068, SUCCESS, logIndex=5834, commits[6c928baf-cc3b-4a10-9362-ff4e15dca71d:c5834]
2019-08-10 04:38:50,308 INFO  client.GrpcClientProtocolClient (GrpcClientProtocolClient.java:onNext(255)) - client-A18AB92CDBA5->6c928baf-cc3b-4a10-9362-ff4e15dca71d: receive RaftClientReply:client-A18AB92CDBA5->6c928baf-cc3b-4a10-9362-ff4e15dca71d@group-586430B97ADD, cid=4069, SUCCESS, logIndex=5836, commits[6c928baf-cc3b-4a10-9362-ff4e15dca71d:c5839]
2019-08-10 04:38:50,308 INFO  client.GrpcClientProtocolClient (GrpcClientProtocolClient.java:onNext(255)) - client-A18AB92CDBA5->6c928baf-cc3b-4a10-9362-ff4e15dca71d: receive RaftClientReply:client-A18AB92CDBA5->6c928baf-cc3b-4a10-9362-ff4e15dca71d@group-586430B97ADD, cid=4070, SUCCESS, logIndex=5837, commits[6c928baf-cc3b-4a10-9362-ff4e15dca71d:c5840]
2019-08-10 04:38:50,308 INFO  client.GrpcClientProtocolClient (GrpcClientProtocolClient.java:onNext(255)) - client-A18AB92CDBA5->6c928baf-cc3b-4a10-9362-ff4e15dca71d: receive RaftClientReply:client-A18AB92CDBA5->6c928baf-cc3b-4a10-9362-ff4e15dca71d@group-586430B97ADD, cid=4071, SUCCESS, logIndex=5838, commits[6c928baf-cc3b-4a10-9362-ff4e15dca71d:c5840]
2019-08-10 04:38:50,309 INFO  client.GrpcClientProtocolClient (GrpcClientProtocolClient.java:onNext(255)) - client-A18AB92CDBA5->6c928baf-cc3b-4a10-9362-ff4e15dca71d: receive RaftClientReply:client-A18AB92CDBA5->6c928baf-cc3b-4a10-9362-ff4e15dca71d@group-586430B97ADD, cid=4072, SUCCESS, logIndex=5839, commits[6c928baf-cc3b-4a10-9362-ff4e15dca71d:c5840]
2019-08-10 04:38:50,314 DEBUG block.SCMBlockDeletingService (SCMBlockDeletingService.java:call(138)) - Running DeletedBlockTransactionScanner
2019-08-10 04:38:50,314 DEBUG block.SCMBlockDeletingService (SCMBlockDeletingService.java:call(155)) - Scanned deleted blocks log and got 0 delTX to process.
2019-08-10 04:38:50,347 INFO  client.GrpcClientProtocolClient (GrpcClientProtocolClient.java:onNext(255)) - client-A18AB92CDBA5->6c928baf-cc3b-4a10-9362-ff4e15dca71d: receive RaftClientReply:client-A18AB92CDBA5->6c928baf-cc3b-4a10-9362-ff4e15dca71d@group-586430B97ADD, cid=4073, SUCCESS, logIndex=5841, commits[6c928baf-cc3b-4a10-9362-ff4e15dca71d:c5844]
2019-08-10 04:38:50,348 INFO  client.GrpcClientProtocolClient (GrpcClientProtocolClient.java:onNext(255)) - client-A18AB92CDBA5->6c928baf-cc3b-4a10-9362-ff4e15dca71d: receive RaftClientReply:client-A18AB92CDBA5->6c928baf-cc3b-4a10-9362-ff4e15dca71d@group-586430B97ADD, cid=4074, SUCCESS, logIndex=5842, commits[6c928baf-cc3b-4a10-9362-ff4e15dca71d:c5845]
2019-08-10 04:38:50,349 INFO  client.GrpcClientProtocolClient (GrpcClientProtocolClient.java:onNext(255)) - client-A18AB92CDBA5->6c928baf-cc3b-4a10-9362-ff4e15dca71d: receive RaftClientReply:client-A18AB92CDBA5->6c928baf-cc3b-4a10-9362-ff4e15dca71d@group-586430B97ADD, cid=4075, SUCCESS, logIndex=5843, commits[6c928baf-cc3b-4a10-9362-ff4e15dca71d:c5845]
2019-08-10 04:38:50,349 INFO  client.GrpcClientProtocolClient (GrpcClientProtocolClient.java:onNext(255)) - client-A18AB92CDBA5->6c928baf-cc3b-4a10-9362-ff4e15dca71d: receive RaftClientReply:client-A18AB92CDBA5->6c928baf-cc3b-4a10-9362-ff4e15dca71d@group-586430B97ADD, cid=4076, SUCCESS, logIndex=5844, commits[6c928baf-cc3b-4a10-9362-ff4e15dca71d:c5845]
2019-08-10 04:38:50,368 INFO  client.GrpcClientProtocolClient (GrpcClientProtocolClient.java:onNext(255)) - client-A18AB92CDBA5->6c928baf-cc3b-4a10-9362-ff4e15dca71d: receive RaftClientReply:client-A18AB92CDBA5->6c928baf-cc3b-4a10-9362-ff4e15dca71d@group-586430B97ADD, cid=4077, SUCCESS, logIndex=5846, commits[6c928baf-cc3b-4a10-9362-ff4e15dca71d:c5847]
2019-08-10 04:38:50,369 INFO  client.GrpcClientProtocolClient (GrpcClientProtocolClient.java:onNext(255)) - client-A18AB92CDBA5->6c928baf-cc3b-4a10-9362-ff4e15dca71d: receive RaftClientReply:client-A18AB92CDBA5->6c928baf-cc3b-4a10-9362-ff4e15dca71d@group-586430B97ADD, cid=4078, SUCCESS, logIndex=5847, commits[6c928baf-cc3b-4a10-9362-ff4e15dca71d:c5847]
2019-08-10 04:38:50,371 INFO  client.GrpcClientProtocolClient (GrpcClientProtocolClient.java:onNext(255)) - client-A18AB92CDBA5->6c928baf-cc3b-4a10-9362-ff4e15dca71d: receive RaftClientReply:client-A18AB92CDBA5->6c928baf-cc3b-4a10-9362-ff4e15dca71d@group-586430B97ADD, cid=4079, SUCCESS, logIndex=5848, commits[6c928baf-cc3b-4a10-9362-ff4e15dca71d:c5849]
2019-08-10 04:38:50,371 INFO  client.GrpcClientProtocolClient (GrpcClientProtocolClient.java:onNext(255)) - client-A18AB92CDBA5->6c928baf-cc3b-4a10-9362-ff4e15dca71d: receive RaftClientReply:client-A18AB92CDBA5->6c928baf-cc3b-4a10-9362-ff4e15dca71d@group-586430B97ADD, cid=4080, SUCCESS, logIndex=5849, commits[6c928baf-cc3b-4a10-9362-ff4e15dca71d:c5849]
2019-08-10 04:38:50,414 INFO  client.GrpcClientProtocolClient (GrpcClientProtocolClient.java:onNext(255)) - client-A18AB92CDBA5->6c928baf-cc3b-4a10-9362-ff4e15dca71d: receive RaftClientReply:client-A18AB92CDBA5->6c928baf-cc3b-4a10-9362-ff4e15dca71d@group-586430B97ADD, cid=4081, SUCCESS, logIndex=5852, commits[6c928baf-cc3b-4a10-9362-ff4e15dca71d:c5853]
2019-08-10 04:38:50,415 DEBUG block.SCMBlockDeletingService (SCMBlockDeletingService.java:call(138)) - Running DeletedBlockTransactionScanner
2019-08-10 04:38:50,415 DEBUG block.SCMBlockDeletingService (SCMBlockDeletingService.java:call(155)) - Scanned deleted blocks log and got 0 delTX to process.
2019-08-10 04:38:50,416 INFO  client.GrpcClientProtocolClient (GrpcClientProtocolClient.java:onNext(255)) - client-A18AB92CDBA5->6c928baf-cc3b-4a10-9362-ff4e15dca71d: receive RaftClientReply:client-A18AB92CDBA5->6c928baf-cc3b-4a10-9362-ff4e15dca71d@group-586430B97ADD, cid=4082, SUCCESS, logIndex=5853, commits[6c928baf-cc3b-4a10-9362-ff4e15dca71d:c5853]
2019-08-10 04:38:50,418 INFO  client.GrpcClientProtocolClient (GrpcClientProtocolClient.java:onNext(255)) - client-A18AB92CDBA5->6c928baf-cc3b-4a10-9362-ff4e15dca71d: receive RaftClientReply:client-A18AB92CDBA5->6c928baf-cc3b-4a10-9362-ff4e15dca71d@group-586430B97ADD, cid=4083, SUCCESS, logIndex=5854, commits[6c928baf-cc3b-4a10-9362-ff4e15dca71d:c5856]
2019-08-10 04:38:50,418 INFO  client.GrpcClientProtocolClient (GrpcClientProtocolClient.java:onNext(255)) - client-A18AB92CDBA5->6c928baf-cc3b-4a10-9362-ff4e15dca71d: receive RaftClientReply:client-A18AB92CDBA5->6c928baf-cc3b-4a10-9362-ff4e15dca71d@group-586430B97ADD, cid=4084, SUCCESS, logIndex=5855, commits[6c928baf-cc3b-4a10-9362-ff4e15dca71d:c5856]
2019-08-10 04:38:50,441 INFO  client.GrpcClientProtocolClient (GrpcClientProtocolClient.java:onNext(255)) - client-A18AB92CDBA5->6c928baf-cc3b-4a10-9362-ff4e15dca71d: receive RaftClientReply:client-A18AB92CDBA5->6c928baf-cc3b-4a10-9362-ff4e15dca71d@group-586430B97ADD, cid=4085, SUCCESS, logIndex=5857, commits[6c928baf-cc3b-4a10-9362-ff4e15dca71d:c5860]
2019-08-10 04:38:50,442 INFO  client.GrpcClientProtocolClient (GrpcClientProtocolClient.java:onNext(255)) - client-A18AB92CDBA5->6c928baf-cc3b-4a10-9362-ff4e15dca71d: receive RaftClientReply:client-A18AB92CDBA5->6c928baf-cc3b-4a10-9362-ff4e15dca71d@group-586430B97ADD, cid=4086, SUCCESS, logIndex=5858, commits[6c928baf-cc3b-4a10-9362-ff4e15dca71d:c5861]
2019-08-10 04:38:50,442 INFO  client.GrpcClientProtocolClient (GrpcClientProtocolClient.java:onNext(255)) - client-A18AB92CDBA5->6c928baf-cc3b-4a10-9362-ff4e15dca71d: receive RaftClientReply:client-A18AB92CDBA5->6c928baf-cc3b-4a10-9362-ff4e15dca71d@group-586430B97ADD, cid=4087, SUCCESS, logIndex=5859, commits[6c928baf-cc3b-4a10-9362-ff4e15dca71d:c5861]
2019-08-10 04:38:50,443 INFO  client.GrpcClientProtocolClient (GrpcClientProtocolClient.java:onNext(255)) - client-A18AB92CDBA5->6c928baf-cc3b-4a10-9362-ff4e15dca71d: receive RaftClientReply:client-A18AB92CDBA5->6c928baf-cc3b-4a10-9362-ff4e15dca71d@group-586430B97ADD, cid=4088, SUCCESS, logIndex=5860, commits[6c928baf-cc3b-4a10-9362-ff4e15dca71d:c5861]
2019-08-10 04:38:50,481 INFO  client.GrpcClientProtocolClient (GrpcClientProtocolClient.java:onNext(255)) - client-A18AB92CDBA5->6c928baf-cc3b-4a10-9362-ff4e15dca71d: receive RaftClientReply:client-A18AB92CDBA5->6c928baf-cc3b-4a10-9362-ff4e15dca71d@group-586430B97ADD, cid=4089, SUCCESS, logIndex=5862, commits[6c928baf-cc3b-4a10-9362-ff4e15dca71d:c5865]
2019-08-10 04:38:50,482 INFO  client.GrpcClientProtocolClient (GrpcClientProtocolClient.java:onNext(255)) - client-A18AB92CDBA5->6c928baf-cc3b-4a10-9362-ff4e15dca71d: receive RaftClientReply:client-A18AB92CDBA5->6c928baf-cc3b-4a10-9362-ff4e15dca71d@group-586430B97ADD, cid=4090, SUCCESS, logIndex=5863, commits[6c928baf-cc3b-4a10-9362-ff4e15dca71d:c5866]
2019-08-10 04:38:50,483 INFO  client.GrpcClientProtocolClient (GrpcClientProtocolClient.java:onNext(255)) - client-A18AB92CDBA5->6c928baf-cc3b-4a10-9362-ff4e15dca71d: receive RaftClientReply:client-A18AB92CDBA5->6c928baf-cc3b-4a10-9362-ff4e15dca71d@group-586430B97ADD, cid=4091, SUCCESS, logIndex=5864, commits[6c928baf-cc3b-4a10-9362-ff4e15dca71d:c5866]
2019-08-10 04:38:50,483 INFO  client.GrpcClientProtocolClient (GrpcClientProtocolClient.java:onNext(255)) - client-A18AB92CDBA5->6c928baf-cc3b-4a10-9362-ff4e15dca71d: receive RaftClientReply:client-A18AB92CDBA5->6c928baf-cc3b-4a10-9362-ff4e15dca71d@group-586430B97ADD, cid=4092, SUCCESS, logIndex=5865, commits[6c928baf-cc3b-4a10-9362-ff4e15dca71d:c5866]
2019-08-10 04:38:50,503 INFO  client.GrpcClientProtocolClient (GrpcClientProtocolClient.java:onNext(255)) - client-A18AB92CDBA5->6c928baf-cc3b-4a10-9362-ff4e15dca71d: receive RaftClientReply:client-A18AB92CDBA5->6c928baf-cc3b-4a10-9362-ff4e15dca71d@group-586430B97ADD, cid=4093, SUCCESS, logIndex=5867, commits[6c928baf-cc3b-4a10-9362-ff4e15dca71d:c5868]
2019-08-10 04:38:50,503 INFO  client.GrpcClientProtocolClient (GrpcClientProtocolClient.java:onNext(255)) - client-A18AB92CDBA5->6c928baf-cc3b-4a10-9362-ff4e15dca71d: receive RaftClientReply:client-A18AB92CDBA5->6c928baf-cc3b-4a10-9362-ff4e15dca71d@group-586430B97ADD, cid=4094, SUCCESS, logIndex=5868, commits[6c928baf-cc3b-4a10-9362-ff4e15dca71d:c5870]
2019-08-10 04:38:50,503 INFO  client.GrpcClientProtocolClient (GrpcClientProtocolClient.java:onNext(255)) - client-A18AB92CDBA5->6c928baf-cc3b-4a10-9362-ff4e15dca71d: receive RaftClientReply:client-A18AB92CDBA5->6c928baf-cc3b-4a10-9362-ff4e15dca71d@group-586430B97ADD, cid=4095, SUCCESS, logIndex=5869, commits[6c928baf-cc3b-4a10-9362-ff4e15dca71d:c5870]
2019-08-10 04:38:50,504 INFO  client.GrpcClientProtocolClient (GrpcClientProtocolClient.java:onNext(255)) - client-A18AB92CDBA5->6c928baf-cc3b-4a10-9362-ff4e15dca71d: receive RaftClientReply:client-A18AB92CDBA5->6c928baf-cc3b-4a10-9362-ff4e15dca71d@group-586430B97ADD, cid=4096, SUCCESS, logIndex=5870, commits[6c928baf-cc3b-4a10-9362-ff4e15dca71d:c5872]
2019-08-10 04:38:50,515 DEBUG block.SCMBlockDeletingService (SCMBlockDeletingService.java:call(138)) - Running DeletedBlockTransactionScanner
2019-08-10 04:38:50,516 DEBUG block.SCMBlockDeletingService (SCMBlockDeletingService.java:call(155)) - Scanned deleted blocks log and got 0 delTX to process.
2019-08-10 04:38:50,541 INFO  client.GrpcClientProtocolClient (GrpcClientProtocolClient.java:onNext(255)) - client-A18AB92CDBA5->6c928baf-cc3b-4a10-9362-ff4e15dca71d: receive RaftClientReply:client-A18AB92CDBA5->6c928baf-cc3b-4a10-9362-ff4e15dca71d@group-586430B97ADD, cid=4097, SUCCESS, logIndex=5873, commits[6c928baf-cc3b-4a10-9362-ff4e15dca71d:c5876]
2019-08-10 04:38:50,541 INFO  client.GrpcClientProtocolClient (GrpcClientProtocolClient.java:onNext(255)) - client-A18AB92CDBA5->6c928baf-cc3b-4a10-9362-ff4e15dca71d: receive RaftClientReply:client-A18AB92CDBA5->6c928baf-cc3b-4a10-9362-ff4e15dca71d@group-586430B97ADD, cid=4098, SUCCESS, logIndex=5874, commits[6c928baf-cc3b-4a10-9362-ff4e15dca71d:c5876]
2019-08-10 04:38:50,542 INFO  client.GrpcClientProtocolClient (GrpcClientProtocolClient.java:onNext(255)) - client-A18AB92CDBA5->6c928baf-cc3b-4a10-9362-ff4e15dca71d: receive RaftClientReply:client-A18AB92CDBA5->6c928baf-cc3b-4a10-9362-ff4e15dca71d@group-586430B97ADD, cid=4099, SUCCESS, logIndex=5875, commits[6c928baf-cc3b-4a10-9362-ff4e15dca71d:c5877]
2019-08-10 04:38:50,542 INFO  client.GrpcClientProtocolClient (GrpcClientProtocolClient.java:onNext(255)) - client-A18AB92CDBA5->6c928baf-cc3b-4a10-9362-ff4e15dca71d: receive RaftClientReply:client-A18AB92CDBA5->6c928baf-cc3b-4a10-9362-ff4e15dca71d@group-586430B97ADD, cid=4100, SUCCESS, logIndex=5876, commits[6c928baf-cc3b-4a10-9362-ff4e15dca71d:c5877]
2019-08-10 04:38:50,564 INFO  client.GrpcClientProtocolClient (GrpcClientProtocolClient.java:onNext(255)) - client-A18AB92CDBA5->6c928baf-cc3b-4a10-9362-ff4e15dca71d: receive RaftClientReply:client-A18AB92CDBA5->6c928baf-cc3b-4a10-9362-ff4e15dca71d@group-586430B97ADD, cid=4101, SUCCESS, logIndex=5878, commits[6c928baf-cc3b-4a10-9362-ff4e15dca71d:c5881]
2019-08-10 04:38:50,565 INFO  client.GrpcClientProtocolClient (GrpcClientProtocolClient.java:onNext(255)) - client-A18AB92CDBA5->6c928baf-cc3b-4a10-9362-ff4e15dca71d: receive RaftClientReply:client-A18AB92CDBA5->6c928baf-cc3b-4a10-9362-ff4e15dca71d@group-586430B97ADD, cid=4102, SUCCESS, logIndex=5879, commits[6c928baf-cc3b-4a10-9362-ff4e15dca71d:c5882]
2019-08-10 04:38:50,565 INFO  client.GrpcClientProtocolClient (GrpcClientProtocolClient.java:onNext(255)) - client-A18AB92CDBA5->6c928baf-cc3b-4a10-9362-ff4e15dca71d: receive RaftClientReply:client-A18AB92CDBA5->6c928baf-cc3b-4a10-9362-ff4e15dca71d@group-586430B97ADD, cid=4103, SUCCESS, logIndex=5880, commits[6c928baf-cc3b-4a10-9362-ff4e15dca71d:c5882]
2019-08-10 04:38:50,565 INFO  client.GrpcClientProtocolClient (GrpcClientProtocolClient.java:onNext(255)) - client-A18AB92CDBA5->6c928baf-cc3b-4a10-9362-ff4e15dca71d: receive RaftClientReply:client-A18AB92CDBA5->6c928baf-cc3b-4a10-9362-ff4e15dca71d@group-586430B97ADD, cid=4104, SUCCESS, logIndex=5881, commits[6c928baf-cc3b-4a10-9362-ff4e15dca71d:c5882]
2019-08-10 04:38:50,658 DEBUG block.SCMBlockDeletingService (SCMBlockDeletingService.java:call(138)) - Running DeletedBlockTransactionScanner
2019-08-10 04:38:50,658 DEBUG block.SCMBlockDeletingService (SCMBlockDeletingService.java:call(155)) - Scanned deleted blocks log and got 0 delTX to process.
2019-08-10 04:38:50,677 INFO  client.GrpcClientProtocolClient (GrpcClientProtocolClient.java:onNext(255)) - client-A18AB92CDBA5->6c928baf-cc3b-4a10-9362-ff4e15dca71d: receive RaftClientReply:client-A18AB92CDBA5->6c928baf-cc3b-4a10-9362-ff4e15dca71d@group-586430B97ADD, cid=4105, SUCCESS, logIndex=5883, commits[6c928baf-cc3b-4a10-9362-ff4e15dca71d:c5886]
2019-08-10 04:38:50,677 INFO  client.GrpcClientProtocolClient (GrpcClientProtocolClient.java:onNext(255)) - client-A18AB92CDBA5->6c928baf-cc3b-4a10-9362-ff4e15dca71d: receive RaftClientReply:client-A18AB92CDBA5->6c928baf-cc3b-4a10-9362-ff4e15dca71d@group-586430B97ADD, cid=4106, SUCCESS, logIndex=5884, commits[6c928baf-cc3b-4a10-9362-ff4e15dca71d:c5887]
2019-08-10 04:38:50,678 INFO  client.GrpcClientProtocolClient (GrpcClientProtocolClient.java:onNext(255)) - client-A18AB92CDBA5->6c928baf-cc3b-4a10-9362-ff4e15dca71d: receive RaftClientReply:client-A18AB92CDBA5->6c928baf-cc3b-4a10-9362-ff4e15dca71d@group-586430B97ADD, cid=4107, SUCCESS, logIndex=5885, commits[6c928baf-cc3b-4a10-9362-ff4e15dca71d:c5887]
2019-08-10 04:38:50,678 INFO  client.GrpcClientProtocolClient (GrpcClientProtocolClient.java:onNext(255)) - client-A18AB92CDBA5->6c928baf-cc3b-4a10-9362-ff4e15dca71d: receive RaftClientReply:client-A18AB92CDBA5->6c928baf-cc3b-4a10-9362-ff4e15dca71d@group-586430B97ADD, cid=4108, SUCCESS, logIndex=5886, commits[6c928baf-cc3b-4a10-9362-ff4e15dca71d:c5887]
2019-08-10 04:38:50,698 INFO  client.GrpcClientProtocolClient (GrpcClientProtocolClient.java:onNext(255)) - client-A18AB92CDBA5->6c928baf-cc3b-4a10-9362-ff4e15dca71d: receive RaftClientReply:client-A18AB92CDBA5->6c928baf-cc3b-4a10-9362-ff4e15dca71d@group-586430B97ADD, cid=4109, SUCCESS, logIndex=5888, commits[6c928baf-cc3b-4a10-9362-ff4e15dca71d:c5889]
2019-08-10 04:38:50,698 INFO  client.GrpcClientProtocolClient (GrpcClientProtocolClient.java:onNext(255)) - client-A18AB92CDBA5->6c928baf-cc3b-4a10-9362-ff4e15dca71d: receive RaftClientReply:client-A18AB92CDBA5->6c928baf-cc3b-4a10-9362-ff4e15dca71d@group-586430B97ADD, cid=4110, SUCCESS, logIndex=5889, commits[6c928baf-cc3b-4a10-9362-ff4e15dca71d:c5889]
2019-08-10 04:38:50,759 DEBUG block.SCMBlockDeletingService (SCMBlockDeletingService.java:call(138)) - Running DeletedBlockTransactionScanner
2019-08-10 04:38:50,759 DEBUG block.SCMBlockDeletingService (SCMBlockDeletingService.java:call(155)) - Scanned deleted blocks log and got 0 delTX to process.
2019-08-10 04:38:50,814 INFO  client.GrpcClientProtocolClient (GrpcClientProtocolClient.java:onNext(255)) - client-A18AB92CDBA5->6c928baf-cc3b-4a10-9362-ff4e15dca71d: receive RaftClientReply:client-A18AB92CDBA5->6c928baf-cc3b-4a10-9362-ff4e15dca71d@group-586430B97ADD, cid=4111, SUCCESS, logIndex=5891, commits[6c928baf-cc3b-4a10-9362-ff4e15dca71d:c5892]
2019-08-10 04:38:50,814 INFO  client.GrpcClientProtocolClient (GrpcClientProtocolClient.java:onNext(255)) - client-A18AB92CDBA5->6c928baf-cc3b-4a10-9362-ff4e15dca71d: receive RaftClientReply:client-A18AB92CDBA5->6c928baf-cc3b-4a10-9362-ff4e15dca71d@group-586430B97ADD, cid=4112, SUCCESS, logIndex=5892, commits[6c928baf-cc3b-4a10-9362-ff4e15dca71d:c5893]
2019-08-10 04:38:50,848 INFO  client.GrpcClientProtocolClient (GrpcClientProtocolClient.java:onNext(255)) - client-A18AB92CDBA5->6c928baf-cc3b-4a10-9362-ff4e15dca71d: receive RaftClientReply:client-A18AB92CDBA5->6c928baf-cc3b-4a10-9362-ff4e15dca71d@group-586430B97ADD, cid=4113, SUCCESS, logIndex=5894, commits[6c928baf-cc3b-4a10-9362-ff4e15dca71d:c5897]
2019-08-10 04:38:50,849 INFO  client.GrpcClientProtocolClient (GrpcClientProtocolClient.java:onNext(255)) - client-A18AB92CDBA5->6c928baf-cc3b-4a10-9362-ff4e15dca71d: receive RaftClientReply:client-A18AB92CDBA5->6c928baf-cc3b-4a10-9362-ff4e15dca71d@group-586430B97ADD, cid=4114, SUCCESS, logIndex=5895, commits[6c928baf-cc3b-4a10-9362-ff4e15dca71d:c5898]
2019-08-10 04:38:50,849 INFO  client.GrpcClientProtocolClient (GrpcClientProtocolClient.java:onNext(255)) - client-A18AB92CDBA5->6c928baf-cc3b-4a10-9362-ff4e15dca71d: receive RaftClientReply:client-A18AB92CDBA5->6c928baf-cc3b-4a10-9362-ff4e15dca71d@group-586430B97ADD, cid=4115, SUCCESS, logIndex=5896, commits[6c928baf-cc3b-4a10-9362-ff4e15dca71d:c5898]
2019-08-10 04:38:50,849 INFO  client.GrpcClientProtocolClient (GrpcClientProtocolClient.java:onNext(255)) - client-A18AB92CDBA5->6c928baf-cc3b-4a10-9362-ff4e15dca71d: receive RaftClientReply:client-A18AB92CDBA5->6c928baf-cc3b-4a10-9362-ff4e15dca71d@group-586430B97ADD, cid=4116, SUCCESS, logIndex=5897, commits[6c928baf-cc3b-4a10-9362-ff4e15dca71d:c5898]
2019-08-10 04:38:50,859 DEBUG block.SCMBlockDeletingService (SCMBlockDeletingService.java:call(138)) - Running DeletedBlockTransactionScanner
2019-08-10 04:38:50,860 DEBUG block.SCMBlockDeletingService (SCMBlockDeletingService.java:call(155)) - Scanned deleted blocks log and got 0 delTX to process.
2019-08-10 04:38:50,868 INFO  client.GrpcClientProtocolClient (GrpcClientProtocolClient.java:onNext(255)) - client-A18AB92CDBA5->6c928baf-cc3b-4a10-9362-ff4e15dca71d: receive RaftClientReply:client-A18AB92CDBA5->6c928baf-cc3b-4a10-9362-ff4e15dca71d@group-586430B97ADD, cid=4117, SUCCESS, logIndex=5899, commits[6c928baf-cc3b-4a10-9362-ff4e15dca71d:c5900]
2019-08-10 04:38:50,868 INFO  client.GrpcClientProtocolClient (GrpcClientProtocolClient.java:onNext(255)) - client-A18AB92CDBA5->6c928baf-cc3b-4a10-9362-ff4e15dca71d: receive RaftClientReply:client-A18AB92CDBA5->6c928baf-cc3b-4a10-9362-ff4e15dca71d@group-586430B97ADD, cid=4118, SUCCESS, logIndex=5900, commits[6c928baf-cc3b-4a10-9362-ff4e15dca71d:c5902]
2019-08-10 04:38:50,868 INFO  client.GrpcClientProtocolClient (GrpcClientProtocolClient.java:onNext(255)) - client-A18AB92CDBA5->6c928baf-cc3b-4a10-9362-ff4e15dca71d: receive RaftClientReply:client-A18AB92CDBA5->6c928baf-cc3b-4a10-9362-ff4e15dca71d@group-586430B97ADD, cid=4119, SUCCESS, logIndex=5901, commits[6c928baf-cc3b-4a10-9362-ff4e15dca71d:c5903]
2019-08-10 04:38:50,869 INFO  client.GrpcClientProtocolClient (GrpcClientProtocolClient.java:onNext(255)) - client-A18AB92CDBA5->6c928baf-cc3b-4a10-9362-ff4e15dca71d: receive RaftClientReply:client-A18AB92CDBA5->6c928baf-cc3b-4a10-9362-ff4e15dca71d@group-586430B97ADD, cid=4120, SUCCESS, logIndex=5902, commits[6c928baf-cc3b-4a10-9362-ff4e15dca71d:c5903]
2019-08-10 04:38:50,902 INFO  client.GrpcClientProtocolClient (GrpcClientProtocolClient.java:onNext(255)) - client-A18AB92CDBA5->6c928baf-cc3b-4a10-9362-ff4e15dca71d: receive RaftClientReply:client-A18AB92CDBA5->6c928baf-cc3b-4a10-9362-ff4e15dca71d@group-586430B97ADD, cid=4121, SUCCESS, logIndex=5905, commits[6c928baf-cc3b-4a10-9362-ff4e15dca71d:c5908]
2019-08-10 04:38:50,903 INFO  client.GrpcClientProtocolClient (GrpcClientProtocolClient.java:onNext(255)) - client-A18AB92CDBA5->6c928baf-cc3b-4a10-9362-ff4e15dca71d: receive RaftClientReply:client-A18AB92CDBA5->6c928baf-cc3b-4a10-9362-ff4e15dca71d@group-586430B97ADD, cid=4122, SUCCESS, logIndex=5906, commits[6c928baf-cc3b-4a10-9362-ff4e15dca71d:c5909]
2019-08-10 04:38:50,903 INFO  client.GrpcClientProtocolClient (GrpcClientProtocolClient.java:onNext(255)) - client-A18AB92CDBA5->6c928baf-cc3b-4a10-9362-ff4e15dca71d: receive RaftClientReply:client-A18AB92CDBA5->6c928baf-cc3b-4a10-9362-ff4e15dca71d@group-586430B97ADD, cid=4123, SUCCESS, logIndex=5907, commits[6c928baf-cc3b-4a10-9362-ff4e15dca71d:c5909]
2019-08-10 04:38:50,903 INFO  client.GrpcClientProtocolClient (GrpcClientProtocolClient.java:onNext(255)) - client-A18AB92CDBA5->6c928baf-cc3b-4a10-9362-ff4e15dca71d: receive RaftClientReply:client-A18AB92CDBA5->6c928baf-cc3b-4a10-9362-ff4e15dca71d@group-586430B97ADD, cid=4124, SUCCESS, logIndex=5908, commits[6c928baf-cc3b-4a10-9362-ff4e15dca71d:c5910]
2019-08-10 04:38:50,923 INFO  client.GrpcClientProtocolClient (GrpcClientProtocolClient.java:onNext(255)) - client-A18AB92CDBA5->6c928baf-cc3b-4a10-9362-ff4e15dca71d: receive RaftClientReply:client-A18AB92CDBA5->6c928baf-cc3b-4a10-9362-ff4e15dca71d@group-586430B97ADD, cid=4125, SUCCESS, logIndex=5911, commits[6c928baf-cc3b-4a10-9362-ff4e15dca71d:c5912]
2019-08-10 04:38:50,923 INFO  client.GrpcClientProtocolClient (GrpcClientProtocolClient.java:onNext(255)) - client-A18AB92CDBA5->6c928baf-cc3b-4a10-9362-ff4e15dca71d: receive RaftClientReply:client-A18AB92CDBA5->6c928baf-cc3b-4a10-9362-ff4e15dca71d@group-586430B97ADD, cid=4126, SUCCESS, logIndex=5912, commits[6c928baf-cc3b-4a10-9362-ff4e15dca71d:c5912]
2019-08-10 04:38:50,925 INFO  client.GrpcClientProtocolClient (GrpcClientProtocolClient.java:onNext(255)) - client-A18AB92CDBA5->6c928baf-cc3b-4a10-9362-ff4e15dca71d: receive RaftClientReply:client-A18AB92CDBA5->6c928baf-cc3b-4a10-9362-ff4e15dca71d@group-586430B97ADD, cid=4127, SUCCESS, logIndex=5913, commits[6c928baf-cc3b-4a10-9362-ff4e15dca71d:c5914]
2019-08-10 04:38:50,925 INFO  client.GrpcClientProtocolClient (GrpcClientProtocolClient.java:onNext(255)) - client-A18AB92CDBA5->6c928baf-cc3b-4a10-9362-ff4e15dca71d: receive RaftClientReply:client-A18AB92CDBA5->6c928baf-cc3b-4a10-9362-ff4e15dca71d@group-586430B97ADD, cid=4128, SUCCESS, logIndex=5914, commits[6c928baf-cc3b-4a10-9362-ff4e15dca71d:c5914]
2019-08-10 04:38:50,960 DEBUG block.SCMBlockDeletingService (SCMBlockDeletingService.java:call(138)) - Running DeletedBlockTransactionScanner
2019-08-10 04:38:50,960 DEBUG block.SCMBlockDeletingService (SCMBlockDeletingService.java:call(155)) - Scanned deleted blocks log and got 0 delTX to process.
2019-08-10 04:38:50,965 INFO  client.GrpcClientProtocolClient (GrpcClientProtocolClient.java:onNext(255)) - client-A18AB92CDBA5->6c928baf-cc3b-4a10-9362-ff4e15dca71d: receive RaftClientReply:client-A18AB92CDBA5->6c928baf-cc3b-4a10-9362-ff4e15dca71d@group-586430B97ADD, cid=4129, SUCCESS, logIndex=5917, commits[6c928baf-cc3b-4a10-9362-ff4e15dca71d:c5918]
2019-08-10 04:38:50,966 INFO  client.GrpcClientProtocolClient (GrpcClientProtocolClient.java:onNext(255)) - client-A18AB92CDBA5->6c928baf-cc3b-4a10-9362-ff4e15dca71d: receive RaftClientReply:client-A18AB92CDBA5->6c928baf-cc3b-4a10-9362-ff4e15dca71d@group-586430B97ADD, cid=4130, SUCCESS, logIndex=5918, commits[6c928baf-cc3b-4a10-9362-ff4e15dca71d:c5920]
2019-08-10 04:38:50,966 INFO  client.GrpcClientProtocolClient (GrpcClientProtocolClient.java:onNext(255)) - client-A18AB92CDBA5->6c928baf-cc3b-4a10-9362-ff4e15dca71d: receive RaftClientReply:client-A18AB92CDBA5->6c928baf-cc3b-4a10-9362-ff4e15dca71d@group-586430B97ADD, cid=4131, SUCCESS, logIndex=5919, commits[6c928baf-cc3b-4a10-9362-ff4e15dca71d:c5920]
2019-08-10 04:38:50,967 INFO  client.GrpcClientProtocolClient (GrpcClientProtocolClient.java:onNext(255)) - client-A18AB92CDBA5->6c928baf-cc3b-4a10-9362-ff4e15dca71d: receive RaftClientReply:client-A18AB92CDBA5->6c928baf-cc3b-4a10-9362-ff4e15dca71d@group-586430B97ADD, cid=4132, SUCCESS, logIndex=5920, commits[6c928baf-cc3b-4a10-9362-ff4e15dca71d:c5920]
2019-08-10 04:38:50,987 INFO  client.GrpcClientProtocolClient (GrpcClientProtocolClient.java:onNext(255)) - client-A18AB92CDBA5->6c928baf-cc3b-4a10-9362-ff4e15dca71d: receive RaftClientReply:client-A18AB92CDBA5->6c928baf-cc3b-4a10-9362-ff4e15dca71d@group-586430B97ADD, cid=4133, SUCCESS, logIndex=5923, commits[6c928baf-cc3b-4a10-9362-ff4e15dca71d:c5924]
2019-08-10 04:38:50,987 INFO  client.GrpcClientProtocolClient (GrpcClientProtocolClient.java:onNext(255)) - client-A18AB92CDBA5->6c928baf-cc3b-4a10-9362-ff4e15dca71d: receive RaftClientReply:client-A18AB92CDBA5->6c928baf-cc3b-4a10-9362-ff4e15dca71d@group-586430B97ADD, cid=4134, SUCCESS, logIndex=5924, commits[6c928baf-cc3b-4a10-9362-ff4e15dca71d:c5924]
2019-08-10 04:38:50,989 INFO  client.GrpcClientProtocolClient (GrpcClientProtocolClient.java:onNext(255)) - client-A18AB92CDBA5->6c928baf-cc3b-4a10-9362-ff4e15dca71d: receive RaftClientReply:client-A18AB92CDBA5->6c928baf-cc3b-4a10-9362-ff4e15dca71d@group-586430B97ADD, cid=4135, SUCCESS, logIndex=5925, commits[6c928baf-cc3b-4a10-9362-ff4e15dca71d:c5926]
2019-08-10 04:38:50,989 INFO  client.GrpcClientProtocolClient (GrpcClientProtocolClient.java:onNext(255)) - client-A18AB92CDBA5->6c928baf-cc3b-4a10-9362-ff4e15dca71d: receive RaftClientReply:client-A18AB92CDBA5->6c928baf-cc3b-4a10-9362-ff4e15dca71d@group-586430B97ADD, cid=4136, SUCCESS, logIndex=5926, commits[6c928baf-cc3b-4a10-9362-ff4e15dca71d:c5926]
2019-08-10 04:38:51,024 INFO  client.GrpcClientProtocolClient (GrpcClientProtocolClient.java:onNext(255)) - client-A18AB92CDBA5->6c928baf-cc3b-4a10-9362-ff4e15dca71d: receive RaftClientReply:client-A18AB92CDBA5->6c928baf-cc3b-4a10-9362-ff4e15dca71d@group-586430B97ADD, cid=4137, SUCCESS, logIndex=5929, commits[6c928baf-cc3b-4a10-9362-ff4e15dca71d:c5932]
2019-08-10 04:38:51,025 INFO  client.GrpcClientProtocolClient (GrpcClientProtocolClient.java:onNext(255)) - client-A18AB92CDBA5->6c928baf-cc3b-4a10-9362-ff4e15dca71d: receive RaftClientReply:client-A18AB92CDBA5->6c928baf-cc3b-4a10-9362-ff4e15dca71d@group-586430B97ADD, cid=4138, SUCCESS, logIndex=5930, commits[6c928baf-cc3b-4a10-9362-ff4e15dca71d:c5932]
2019-08-10 04:38:51,025 INFO  client.GrpcClientProtocolClient (GrpcClientProtocolClient.java:onNext(255)) - client-A18AB92CDBA5->6c928baf-cc3b-4a10-9362-ff4e15dca71d: receive RaftClientReply:client-A18AB92CDBA5->6c928baf-cc3b-4a10-9362-ff4e15dca71d@group-586430B97ADD, cid=4139, SUCCESS, logIndex=5931, commits[6c928baf-cc3b-4a10-9362-ff4e15dca71d:c5933]
2019-08-10 04:38:51,025 INFO  client.GrpcClientProtocolClient (GrpcClientProtocolClient.java:onNext(255)) - client-A18AB92CDBA5->6c928baf-cc3b-4a10-9362-ff4e15dca71d: receive RaftClientReply:client-A18AB92CDBA5->6c928baf-cc3b-4a10-9362-ff4e15dca71d@group-586430B97ADD, cid=4140, SUCCESS, logIndex=5932, commits[6c928baf-cc3b-4a10-9362-ff4e15dca71d:c5934]
2019-08-10 04:38:51,050 INFO  client.GrpcClientProtocolClient (GrpcClientProtocolClient.java:onNext(255)) - client-A18AB92CDBA5->6c928baf-cc3b-4a10-9362-ff4e15dca71d: receive RaftClientReply:client-A18AB92CDBA5->6c928baf-cc3b-4a10-9362-ff4e15dca71d@group-586430B97ADD, cid=4141, SUCCESS, logIndex=5935, commits[6c928baf-cc3b-4a10-9362-ff4e15dca71d:c5938]
2019-08-10 04:38:51,050 INFO  client.GrpcClientProtocolClient (GrpcClientProtocolClient.java:onNext(255)) - client-A18AB92CDBA5->6c928baf-cc3b-4a10-9362-ff4e15dca71d: receive RaftClientReply:client-A18AB92CDBA5->6c928baf-cc3b-4a10-9362-ff4e15dca71d@group-586430B97ADD, cid=4142, SUCCESS, logIndex=5936, commits[6c928baf-cc3b-4a10-9362-ff4e15dca71d:c5939]
2019-08-10 04:38:51,051 INFO  client.GrpcClientProtocolClient (GrpcClientProtocolClient.java:onNext(255)) - client-A18AB92CDBA5->6c928baf-cc3b-4a10-9362-ff4e15dca71d: receive RaftClientReply:client-A18AB92CDBA5->6c928baf-cc3b-4a10-9362-ff4e15dca71d@group-586430B97ADD, cid=4143, SUCCESS, logIndex=5937, commits[6c928baf-cc3b-4a10-9362-ff4e15dca71d:c5939]
2019-08-10 04:38:51,051 INFO  client.GrpcClientProtocolClient (GrpcClientProtocolClient.java:onNext(255)) - client-A18AB92CDBA5->6c928baf-cc3b-4a10-9362-ff4e15dca71d: receive RaftClientReply:client-A18AB92CDBA5->6c928baf-cc3b-4a10-9362-ff4e15dca71d@group-586430B97ADD, cid=4144, SUCCESS, logIndex=5938, commits[6c928baf-cc3b-4a10-9362-ff4e15dca71d:c5939]
2019-08-10 04:38:51,061 DEBUG block.SCMBlockDeletingService (SCMBlockDeletingService.java:call(138)) - Running DeletedBlockTransactionScanner
2019-08-10 04:38:51,061 DEBUG block.SCMBlockDeletingService (SCMBlockDeletingService.java:call(155)) - Scanned deleted blocks log and got 0 delTX to process.
2019-08-10 04:38:51,083 INFO  client.GrpcClientProtocolClient (GrpcClientProtocolClient.java:onNext(255)) - client-A18AB92CDBA5->6c928baf-cc3b-4a10-9362-ff4e15dca71d: receive RaftClientReply:client-A18AB92CDBA5->6c928baf-cc3b-4a10-9362-ff4e15dca71d@group-586430B97ADD, cid=4145, SUCCESS, logIndex=5940, commits[6c928baf-cc3b-4a10-9362-ff4e15dca71d:c5943]
2019-08-10 04:38:51,084 INFO  client.GrpcClientProtocolClient (GrpcClientProtocolClient.java:onNext(255)) - client-A18AB92CDBA5->6c928baf-cc3b-4a10-9362-ff4e15dca71d: receive RaftClientReply:client-A18AB92CDBA5->6c928baf-cc3b-4a10-9362-ff4e15dca71d@group-586430B97ADD, cid=4146, SUCCESS, logIndex=5941, commits[6c928baf-cc3b-4a10-9362-ff4e15dca71d:c5943]
2019-08-10 04:38:51,084 INFO  client.GrpcClientProtocolClient (GrpcClientProtocolClient.java:onNext(255)) - client-A18AB92CDBA5->6c928baf-cc3b-4a10-9362-ff4e15dca71d: receive RaftClientReply:client-A18AB92CDBA5->6c928baf-cc3b-4a10-9362-ff4e15dca71d@group-586430B97ADD, cid=4147, SUCCESS, logIndex=5942, commits[6c928baf-cc3b-4a10-9362-ff4e15dca71d:c5944]
2019-08-10 04:38:51,084 INFO  client.GrpcClientProtocolClient (GrpcClientProtocolClient.java:onNext(255)) - client-A18AB92CDBA5->6c928baf-cc3b-4a10-9362-ff4e15dca71d: receive RaftClientReply:client-A18AB92CDBA5->6c928baf-cc3b-4a10-9362-ff4e15dca71d@group-586430B97ADD, cid=4148, SUCCESS, logIndex=5943, commits[6c928baf-cc3b-4a10-9362-ff4e15dca71d:c5945]
2019-08-10 04:38:51,104 INFO  client.GrpcClientProtocolClient (GrpcClientProtocolClient.java:onNext(255)) - client-A18AB92CDBA5->6c928baf-cc3b-4a10-9362-ff4e15dca71d: receive RaftClientReply:client-A18AB92CDBA5->6c928baf-cc3b-4a10-9362-ff4e15dca71d@group-586430B97ADD, cid=4149, SUCCESS, logIndex=5946, commits[6c928baf-cc3b-4a10-9362-ff4e15dca71d:c5947]
2019-08-10 04:38:51,105 INFO  client.GrpcClientProtocolClient (GrpcClientProtocolClient.java:onNext(255)) - client-A18AB92CDBA5->6c928baf-cc3b-4a10-9362-ff4e15dca71d: receive RaftClientReply:client-A18AB92CDBA5->6c928baf-cc3b-4a10-9362-ff4e15dca71d@group-586430B97ADD, cid=4150, SUCCESS, logIndex=5947, commits[6c928baf-cc3b-4a10-9362-ff4e15dca71d:c5949]
2019-08-10 04:38:51,106 INFO  client.GrpcClientProtocolClient (GrpcClientProtocolClient.java:onNext(255)) - client-A18AB92CDBA5->6c928baf-cc3b-4a10-9362-ff4e15dca71d: receive RaftClientReply:client-A18AB92CDBA5->6c928baf-cc3b-4a10-9362-ff4e15dca71d@group-586430B97ADD, cid=4151, SUCCESS, logIndex=5948, commits[6c928baf-cc3b-4a10-9362-ff4e15dca71d:c5950]
2019-08-10 04:38:51,106 INFO  client.GrpcClientProtocolClient (GrpcClientProtocolClient.java:onNext(255)) - client-A18AB92CDBA5->6c928baf-cc3b-4a10-9362-ff4e15dca71d: receive RaftClientReply:client-A18AB92CDBA5->6c928baf-cc3b-4a10-9362-ff4e15dca71d@group-586430B97ADD, cid=4152, SUCCESS, logIndex=5949, commits[6c928baf-cc3b-4a10-9362-ff4e15dca71d:c5951]
2019-08-10 04:38:51,139 INFO  client.GrpcClientProtocolClient (GrpcClientProtocolClient.java:onNext(255)) - client-A18AB92CDBA5->6c928baf-cc3b-4a10-9362-ff4e15dca71d: receive RaftClientReply:client-A18AB92CDBA5->6c928baf-cc3b-4a10-9362-ff4e15dca71d@group-586430B97ADD, cid=4153, SUCCESS, logIndex=5952, commits[6c928baf-cc3b-4a10-9362-ff4e15dca71d:c5953]
2019-08-10 04:38:51,139 INFO  client.GrpcClientProtocolClient (GrpcClientProtocolClient.java:onNext(255)) - client-A18AB92CDBA5->6c928baf-cc3b-4a10-9362-ff4e15dca71d: receive RaftClientReply:client-A18AB92CDBA5->6c928baf-cc3b-4a10-9362-ff4e15dca71d@group-586430B97ADD, cid=4154, SUCCESS, logIndex=5953, commits[6c928baf-cc3b-4a10-9362-ff4e15dca71d:c5954]
2019-08-10 04:38:51,161 DEBUG block.SCMBlockDeletingService (SCMBlockDeletingService.java:call(138)) - Running DeletedBlockTransactionScanner
2019-08-10 04:38:51,162 DEBUG block.SCMBlockDeletingService (SCMBlockDeletingService.java:call(155)) - Scanned deleted blocks log and got 0 delTX to process.
2019-08-10 04:38:51,248 INFO  client.GrpcClientProtocolClient (GrpcClientProtocolClient.java:onNext(255)) - client-A18AB92CDBA5->6c928baf-cc3b-4a10-9362-ff4e15dca71d: receive RaftClientReply:client-A18AB92CDBA5->6c928baf-cc3b-4a10-9362-ff4e15dca71d@group-586430B97ADD, cid=4155, SUCCESS, logIndex=5955, commits[6c928baf-cc3b-4a10-9362-ff4e15dca71d:c5956]
2019-08-10 04:38:51,248 INFO  client.GrpcClientProtocolClient (GrpcClientProtocolClient.java:onNext(255)) - client-A18AB92CDBA5->6c928baf-cc3b-4a10-9362-ff4e15dca71d: receive RaftClientReply:client-A18AB92CDBA5->6c928baf-cc3b-4a10-9362-ff4e15dca71d@group-586430B97ADD, cid=4156, SUCCESS, logIndex=5956, commits[6c928baf-cc3b-4a10-9362-ff4e15dca71d:c5957]
2019-08-10 04:38:51,262 DEBUG block.SCMBlockDeletingService (SCMBlockDeletingService.java:call(138)) - Running DeletedBlockTransactionScanner
2019-08-10 04:38:51,262 DEBUG block.SCMBlockDeletingService (SCMBlockDeletingService.java:call(155)) - Scanned deleted blocks log and got 0 delTX to process.
2019-08-10 04:38:51,273 INFO  client.GrpcClientProtocolClient (GrpcClientProtocolClient.java:onNext(255)) - client-A18AB92CDBA5->6c928baf-cc3b-4a10-9362-ff4e15dca71d: receive RaftClientReply:client-A18AB92CDBA5->6c928baf-cc3b-4a10-9362-ff4e15dca71d@group-586430B97ADD, cid=4157, SUCCESS, logIndex=5958, commits[6c928baf-cc3b-4a10-9362-ff4e15dca71d:c5959]
2019-08-10 04:38:51,274 INFO  client.GrpcClientProtocolClient (GrpcClientProtocolClient.java:onNext(255)) - client-A18AB92CDBA5->6c928baf-cc3b-4a10-9362-ff4e15dca71d: receive RaftClientReply:client-A18AB92CDBA5->6c928baf-cc3b-4a10-9362-ff4e15dca71d@group-586430B97ADD, cid=4158, SUCCESS, logIndex=5959, commits[6c928baf-cc3b-4a10-9362-ff4e15dca71d:c5961]
2019-08-10 04:38:51,274 INFO  client.GrpcClientProtocolClient (GrpcClientProtocolClient.java:onNext(255)) - client-A18AB92CDBA5->6c928baf-cc3b-4a10-9362-ff4e15dca71d: receive RaftClientReply:client-A18AB92CDBA5->6c928baf-cc3b-4a10-9362-ff4e15dca71d@group-586430B97ADD, cid=4159, SUCCESS, logIndex=5960, commits[6c928baf-cc3b-4a10-9362-ff4e15dca71d:c5962]
2019-08-10 04:38:51,274 INFO  client.GrpcClientProtocolClient (GrpcClientProtocolClient.java:onNext(255)) - client-A18AB92CDBA5->6c928baf-cc3b-4a10-9362-ff4e15dca71d: receive RaftClientReply:client-A18AB92CDBA5->6c928baf-cc3b-4a10-9362-ff4e15dca71d@group-586430B97ADD, cid=4160, SUCCESS, logIndex=5961, commits[6c928baf-cc3b-4a10-9362-ff4e15dca71d:c5962]
2019-08-10 04:38:51,305 INFO  client.GrpcClientProtocolClient (GrpcClientProtocolClient.java:onNext(255)) - client-A18AB92CDBA5->6c928baf-cc3b-4a10-9362-ff4e15dca71d: receive RaftClientReply:client-A18AB92CDBA5->6c928baf-cc3b-4a10-9362-ff4e15dca71d@group-586430B97ADD, cid=4161, SUCCESS, logIndex=5964, commits[6c928baf-cc3b-4a10-9362-ff4e15dca71d:c5965]
2019-08-10 04:38:51,306 INFO  client.GrpcClientProtocolClient (GrpcClientProtocolClient.java:onNext(255)) - client-A18AB92CDBA5->6c928baf-cc3b-4a10-9362-ff4e15dca71d: receive RaftClientReply:client-A18AB92CDBA5->6c928baf-cc3b-4a10-9362-ff4e15dca71d@group-586430B97ADD, cid=4162, SUCCESS, logIndex=5965, commits[6c928baf-cc3b-4a10-9362-ff4e15dca71d:c5965]
2019-08-10 04:38:51,307 INFO  client.GrpcClientProtocolClient (GrpcClientProtocolClient.java:onNext(255)) - client-A18AB92CDBA5->6c928baf-cc3b-4a10-9362-ff4e15dca71d: receive RaftClientReply:client-A18AB92CDBA5->6c928baf-cc3b-4a10-9362-ff4e15dca71d@group-586430B97ADD, cid=4163, SUCCESS, logIndex=5966, commits[6c928baf-cc3b-4a10-9362-ff4e15dca71d:c5967]
2019-08-10 04:38:51,307 INFO  client.GrpcClientProtocolClient (GrpcClientProtocolClient.java:onNext(255)) - client-A18AB92CDBA5->6c928baf-cc3b-4a10-9362-ff4e15dca71d: receive RaftClientReply:client-A18AB92CDBA5->6c928baf-cc3b-4a10-9362-ff4e15dca71d@group-586430B97ADD, cid=4164, SUCCESS, logIndex=5967, commits[6c928baf-cc3b-4a10-9362-ff4e15dca71d:c5967]
2019-08-10 04:38:51,319 INFO  client.GrpcClientProtocolClient (GrpcClientProtocolClient.java:onNext(255)) - client-A18AB92CDBA5->6c928baf-cc3b-4a10-9362-ff4e15dca71d: receive RaftClientReply:client-A18AB92CDBA5->6c928baf-cc3b-4a10-9362-ff4e15dca71d@group-586430B97ADD, cid=4165, SUCCESS, logIndex=5970, commits[6c928baf-cc3b-4a10-9362-ff4e15dca71d:c5973]
2019-08-10 04:38:51,320 INFO  client.GrpcClientProtocolClient (GrpcClientProtocolClient.java:onNext(255)) - client-A18AB92CDBA5->6c928baf-cc3b-4a10-9362-ff4e15dca71d: receive RaftClientReply:client-A18AB92CDBA5->6c928baf-cc3b-4a10-9362-ff4e15dca71d@group-586430B97ADD, cid=4166, SUCCESS, logIndex=5971, commits[6c928baf-cc3b-4a10-9362-ff4e15dca71d:c5974]
2019-08-10 04:38:51,320 INFO  client.GrpcClientProtocolClient (GrpcClientProtocolClient.java:onNext(255)) - client-A18AB92CDBA5->6c928baf-cc3b-4a10-9362-ff4e15dca71d: receive RaftClientReply:client-A18AB92CDBA5->6c928baf-cc3b-4a10-9362-ff4e15dca71d@group-586430B97ADD, cid=4167, SUCCESS, logIndex=5972, commits[6c928baf-cc3b-4a10-9362-ff4e15dca71d:c5974]
2019-08-10 04:38:51,320 INFO  client.GrpcClientProtocolClient (GrpcClientProtocolClient.java:onNext(255)) - client-A18AB92CDBA5->6c928baf-cc3b-4a10-9362-ff4e15dca71d: receive RaftClientReply:client-A18AB92CDBA5->6c928baf-cc3b-4a10-9362-ff4e15dca71d@group-586430B97ADD, cid=4168, SUCCESS, logIndex=5973, commits[6c928baf-cc3b-4a10-9362-ff4e15dca71d:c5974]
2019-08-10 04:38:51,349 INFO  client.GrpcClientProtocolClient (GrpcClientProtocolClient.java:onNext(255)) - client-A18AB92CDBA5->6c928baf-cc3b-4a10-9362-ff4e15dca71d: receive RaftClientReply:client-A18AB92CDBA5->6c928baf-cc3b-4a10-9362-ff4e15dca71d@group-586430B97ADD, cid=4169, SUCCESS, logIndex=5975, commits[6c928baf-cc3b-4a10-9362-ff4e15dca71d:c5976]
2019-08-10 04:38:51,350 INFO  client.GrpcClientProtocolClient (GrpcClientProtocolClient.java:onNext(255)) - client-A18AB92CDBA5->6c928baf-cc3b-4a10-9362-ff4e15dca71d: receive RaftClientReply:client-A18AB92CDBA5->6c928baf-cc3b-4a10-9362-ff4e15dca71d@group-586430B97ADD, cid=4170, SUCCESS, logIndex=5976, commits[6c928baf-cc3b-4a10-9362-ff4e15dca71d:c5978]
2019-08-10 04:38:51,350 INFO  client.GrpcClientProtocolClient (GrpcClientProtocolClient.java:onNext(255)) - client-A18AB92CDBA5->6c928baf-cc3b-4a10-9362-ff4e15dca71d: receive RaftClientReply:client-A18AB92CDBA5->6c928baf-cc3b-4a10-9362-ff4e15dca71d@group-586430B97ADD, cid=4171, SUCCESS, logIndex=5977, commits[6c928baf-cc3b-4a10-9362-ff4e15dca71d:c5979]
2019-08-10 04:38:51,351 INFO  client.GrpcClientProtocolClient (GrpcClientProtocolClient.java:onNext(255)) - client-A18AB92CDBA5->6c928baf-cc3b-4a10-9362-ff4e15dca71d: receive RaftClientReply:client-A18AB92CDBA5->6c928baf-cc3b-4a10-9362-ff4e15dca71d@group-586430B97ADD, cid=4172, SUCCESS, logIndex=5978, commits[6c928baf-cc3b-4a10-9362-ff4e15dca71d:c5979]
2019-08-10 04:38:51,363 DEBUG block.SCMBlockDeletingService (SCMBlockDeletingService.java:call(138)) - Running DeletedBlockTransactionScanner
2019-08-10 04:38:51,363 DEBUG block.SCMBlockDeletingService (SCMBlockDeletingService.java:call(155)) - Scanned deleted blocks log and got 0 delTX to process.
2019-08-10 04:38:51,372 INFO  client.GrpcClientProtocolClient (GrpcClientProtocolClient.java:onNext(255)) - client-A18AB92CDBA5->6c928baf-cc3b-4a10-9362-ff4e15dca71d: receive RaftClientReply:client-A18AB92CDBA5->6c928baf-cc3b-4a10-9362-ff4e15dca71d@group-586430B97ADD, cid=4173, SUCCESS, logIndex=5981, commits[6c928baf-cc3b-4a10-9362-ff4e15dca71d:c5984]
2019-08-10 04:38:51,372 INFO  client.GrpcClientProtocolClient (GrpcClientProtocolClient.java:onNext(255)) - client-A18AB92CDBA5->6c928baf-cc3b-4a10-9362-ff4e15dca71d: receive RaftClientReply:client-A18AB92CDBA5->6c928baf-cc3b-4a10-9362-ff4e15dca71d@group-586430B97ADD, cid=4174, SUCCESS, logIndex=5982, commits[6c928baf-cc3b-4a10-9362-ff4e15dca71d:c5985]
2019-08-10 04:38:51,372 INFO  client.GrpcClientProtocolClient (GrpcClientProtocolClient.java:onNext(255)) - client-A18AB92CDBA5->6c928baf-cc3b-4a10-9362-ff4e15dca71d: receive RaftClientReply:client-A18AB92CDBA5->6c928baf-cc3b-4a10-9362-ff4e15dca71d@group-586430B97ADD, cid=4175, SUCCESS, logIndex=5983, commits[6c928baf-cc3b-4a10-9362-ff4e15dca71d:c5985]
2019-08-10 04:38:51,373 INFO  client.GrpcClientProtocolClient (GrpcClientProtocolClient.java:onNext(255)) - client-A18AB92CDBA5->6c928baf-cc3b-4a10-9362-ff4e15dca71d: receive RaftClientReply:client-A18AB92CDBA5->6c928baf-cc3b-4a10-9362-ff4e15dca71d@group-586430B97ADD, cid=4176, SUCCESS, logIndex=5984, commits[6c928baf-cc3b-4a10-9362-ff4e15dca71d:c5985]
2019-08-10 04:38:51,404 INFO  client.GrpcClientProtocolClient (GrpcClientProtocolClient.java:onNext(255)) - client-A18AB92CDBA5->6c928baf-cc3b-4a10-9362-ff4e15dca71d: receive RaftClientReply:client-A18AB92CDBA5->6c928baf-cc3b-4a10-9362-ff4e15dca71d@group-586430B97ADD, cid=4177, SUCCESS, logIndex=5986, commits[6c928baf-cc3b-4a10-9362-ff4e15dca71d:c5987]
2019-08-10 04:38:51,404 INFO  client.GrpcClientProtocolClient (GrpcClientProtocolClient.java:onNext(255)) - client-A18AB92CDBA5->6c928baf-cc3b-4a10-9362-ff4e15dca71d: receive RaftClientReply:client-A18AB92CDBA5->6c928baf-cc3b-4a10-9362-ff4e15dca71d@group-586430B97ADD, cid=4178, SUCCESS, logIndex=5987, commits[6c928baf-cc3b-4a10-9362-ff4e15dca71d:c5989]
2019-08-10 04:38:51,405 INFO  client.GrpcClientProtocolClient (GrpcClientProtocolClient.java:onNext(255)) - client-A18AB92CDBA5->6c928baf-cc3b-4a10-9362-ff4e15dca71d: receive RaftClientReply:client-A18AB92CDBA5->6c928baf-cc3b-4a10-9362-ff4e15dca71d@group-586430B97ADD, cid=4179, SUCCESS, logIndex=5988, commits[6c928baf-cc3b-4a10-9362-ff4e15dca71d:c5990]
2019-08-10 04:38:51,405 INFO  client.GrpcClientProtocolClient (GrpcClientProtocolClient.java:onNext(255)) - client-A18AB92CDBA5->6c928baf-cc3b-4a10-9362-ff4e15dca71d: receive RaftClientReply:client-A18AB92CDBA5->6c928baf-cc3b-4a10-9362-ff4e15dca71d@group-586430B97ADD, cid=4180, SUCCESS, logIndex=5989, commits[6c928baf-cc3b-4a10-9362-ff4e15dca71d:c5991]
2019-08-10 04:38:51,424 INFO  client.GrpcClientProtocolClient (GrpcClientProtocolClient.java:onNext(255)) - client-A18AB92CDBA5->6c928baf-cc3b-4a10-9362-ff4e15dca71d: receive RaftClientReply:client-A18AB92CDBA5->6c928baf-cc3b-4a10-9362-ff4e15dca71d@group-586430B97ADD, cid=4181, SUCCESS, logIndex=5992, commits[6c928baf-cc3b-4a10-9362-ff4e15dca71d:c5993]
2019-08-10 04:38:51,425 INFO  client.GrpcClientProtocolClient (GrpcClientProtocolClient.java:onNext(255)) - client-A18AB92CDBA5->6c928baf-cc3b-4a10-9362-ff4e15dca71d: receive RaftClientReply:client-A18AB92CDBA5->6c928baf-cc3b-4a10-9362-ff4e15dca71d@group-586430B97ADD, cid=4182, SUCCESS, logIndex=5993, commits[6c928baf-cc3b-4a10-9362-ff4e15dca71d:c5993]
2019-08-10 04:38:51,426 INFO  client.GrpcClientProtocolClient (GrpcClientProtocolClient.java:onNext(255)) - client-A18AB92CDBA5->6c928baf-cc3b-4a10-9362-ff4e15dca71d: receive RaftClientReply:client-A18AB92CDBA5->6c928baf-cc3b-4a10-9362-ff4e15dca71d@group-586430B97ADD, cid=4183, SUCCESS, logIndex=5994, commits[6c928baf-cc3b-4a10-9362-ff4e15dca71d:c5995]
2019-08-10 04:38:51,426 INFO  client.GrpcClientProtocolClient (GrpcClientProtocolClient.java:onNext(255)) - client-A18AB92CDBA5->6c928baf-cc3b-4a10-9362-ff4e15dca71d: receive RaftClientReply:client-A18AB92CDBA5->6c928baf-cc3b-4a10-9362-ff4e15dca71d@group-586430B97ADD, cid=4184, SUCCESS, logIndex=5995, commits[6c928baf-cc3b-4a10-9362-ff4e15dca71d:c5995]
2019-08-10 04:38:51,458 INFO  client.GrpcClientProtocolClient (GrpcClientProtocolClient.java:onNext(255)) - client-A18AB92CDBA5->6c928baf-cc3b-4a10-9362-ff4e15dca71d: receive RaftClientReply:client-A18AB92CDBA5->6c928baf-cc3b-4a10-9362-ff4e15dca71d@group-586430B97ADD, cid=4185, SUCCESS, logIndex=5998, commits[6c928baf-cc3b-4a10-9362-ff4e15dca71d:c5999]
2019-08-10 04:38:51,459 INFO  client.GrpcClientProtocolClient (GrpcClientProtocolClient.java:onNext(255)) - client-A18AB92CDBA5->6c928baf-cc3b-4a10-9362-ff4e15dca71d: receive RaftClientReply:client-A18AB92CDBA5->6c928baf-cc3b-4a10-9362-ff4e15dca71d@group-586430B97ADD, cid=4186, SUCCESS, logIndex=5999, commits[6c928baf-cc3b-4a10-9362-ff4e15dca71d:c5999]
2019-08-10 04:38:51,460 INFO  client.GrpcClientProtocolClient (GrpcClientProtocolClient.java:onNext(255)) - client-A18AB92CDBA5->6c928baf-cc3b-4a10-9362-ff4e15dca71d: receive RaftClientReply:client-A18AB92CDBA5->6c928baf-cc3b-4a10-9362-ff4e15dca71d@group-586430B97ADD, cid=4187, SUCCESS, logIndex=6000, commits[6c928baf-cc3b-4a10-9362-ff4e15dca71d:c6001]
2019-08-10 04:38:51,460 INFO  client.GrpcClientProtocolClient (GrpcClientProtocolClient.java:onNext(255)) - client-A18AB92CDBA5->6c928baf-cc3b-4a10-9362-ff4e15dca71d: receive RaftClientReply:client-A18AB92CDBA5->6c928baf-cc3b-4a10-9362-ff4e15dca71d@group-586430B97ADD, cid=4188, SUCCESS, logIndex=6001, commits[6c928baf-cc3b-4a10-9362-ff4e15dca71d:c6001]
2019-08-10 04:38:51,463 DEBUG block.SCMBlockDeletingService (SCMBlockDeletingService.java:call(138)) - Running DeletedBlockTransactionScanner
2019-08-10 04:38:51,464 DEBUG block.SCMBlockDeletingService (SCMBlockDeletingService.java:call(155)) - Scanned deleted blocks log and got 0 delTX to process.
2019-08-10 04:38:51,472 INFO  client.GrpcClientProtocolClient (GrpcClientProtocolClient.java:onNext(255)) - client-A18AB92CDBA5->6c928baf-cc3b-4a10-9362-ff4e15dca71d: receive RaftClientReply:client-A18AB92CDBA5->6c928baf-cc3b-4a10-9362-ff4e15dca71d@group-586430B97ADD, cid=4189, SUCCESS, logIndex=6004, commits[6c928baf-cc3b-4a10-9362-ff4e15dca71d:c6007]
2019-08-10 04:38:51,473 INFO  client.GrpcClientProtocolClient (GrpcClientProtocolClient.java:onNext(255)) - client-A18AB92CDBA5->6c928baf-cc3b-4a10-9362-ff4e15dca71d: receive RaftClientReply:client-A18AB92CDBA5->6c928baf-cc3b-4a10-9362-ff4e15dca71d@group-586430B97ADD, cid=4190, SUCCESS, logIndex=6005, commits[6c928baf-cc3b-4a10-9362-ff4e15dca71d:c6008]
2019-08-10 04:38:51,473 INFO  client.GrpcClientProtocolClient (GrpcClientProtocolClient.java:onNext(255)) - client-A18AB92CDBA5->6c928baf-cc3b-4a10-9362-ff4e15dca71d: receive RaftClientReply:client-A18AB92CDBA5->6c928baf-cc3b-4a10-9362-ff4e15dca71d@group-586430B97ADD, cid=4191, SUCCESS, logIndex=6006, commits[6c928baf-cc3b-4a10-9362-ff4e15dca71d:c6008]
2019-08-10 04:38:51,473 INFO  client.GrpcClientProtocolClient (GrpcClientProtocolClient.java:onNext(255)) - client-A18AB92CDBA5->6c928baf-cc3b-4a10-9362-ff4e15dca71d: receive RaftClientReply:client-A18AB92CDBA5->6c928baf-cc3b-4a10-9362-ff4e15dca71d@group-586430B97ADD, cid=4192, SUCCESS, logIndex=6007, commits[6c928baf-cc3b-4a10-9362-ff4e15dca71d:c6008]
2019-08-10 04:38:51,496 INFO  client.GrpcClientProtocolClient (GrpcClientProtocolClient.java:onNext(255)) - client-A18AB92CDBA5->6c928baf-cc3b-4a10-9362-ff4e15dca71d: receive RaftClientReply:client-A18AB92CDBA5->6c928baf-cc3b-4a10-9362-ff4e15dca71d@group-586430B97ADD, cid=4193, SUCCESS, logIndex=6009, commits[6c928baf-cc3b-4a10-9362-ff4e15dca71d:c6010]
2019-08-10 04:38:51,497 INFO  client.GrpcClientProtocolClient (GrpcClientProtocolClient.java:onNext(255)) - client-A18AB92CDBA5->6c928baf-cc3b-4a10-9362-ff4e15dca71d: receive RaftClientReply:client-A18AB92CDBA5->6c928baf-cc3b-4a10-9362-ff4e15dca71d@group-586430B97ADD, cid=4194, SUCCESS, logIndex=6010, commits[6c928baf-cc3b-4a10-9362-ff4e15dca71d:c6010]
2019-08-10 04:38:51,530 INFO  client.GrpcClientProtocolClient (GrpcClientProtocolClient.java:onNext(255)) - client-A18AB92CDBA5->6c928baf-cc3b-4a10-9362-ff4e15dca71d: receive RaftClientReply:client-A18AB92CDBA5->6c928baf-cc3b-4a10-9362-ff4e15dca71d@group-586430B97ADD, cid=4195, SUCCESS, logIndex=6011, commits[6c928baf-cc3b-4a10-9362-ff4e15dca71d:c6013]
2019-08-10 04:38:51,530 INFO  client.GrpcClientProtocolClient (GrpcClientProtocolClient.java:onNext(255)) - client-A18AB92CDBA5->6c928baf-cc3b-4a10-9362-ff4e15dca71d: receive RaftClientReply:client-A18AB92CDBA5->6c928baf-cc3b-4a10-9362-ff4e15dca71d@group-586430B97ADD, cid=4196, SUCCESS, logIndex=6012, commits[6c928baf-cc3b-4a10-9362-ff4e15dca71d:c6013]
2019-08-10 04:38:51,604 DEBUG block.SCMBlockDeletingService (SCMBlockDeletingService.java:call(138)) - Running DeletedBlockTransactionScanner
2019-08-10 04:38:51,605 DEBUG block.SCMBlockDeletingService (SCMBlockDeletingService.java:call(155)) - Scanned deleted blocks log and got 0 delTX to process.
2019-08-10 04:38:51,622 INFO  client.GrpcClientProtocolClient (GrpcClientProtocolClient.java:onNext(255)) - client-A18AB92CDBA5->6c928baf-cc3b-4a10-9362-ff4e15dca71d: receive RaftClientReply:client-A18AB92CDBA5->6c928baf-cc3b-4a10-9362-ff4e15dca71d@group-586430B97ADD, cid=4197, SUCCESS, logIndex=6014, commits[6c928baf-cc3b-4a10-9362-ff4e15dca71d:c6015]
2019-08-10 04:38:51,623 INFO  client.GrpcClientProtocolClient (GrpcClientProtocolClient.java:onNext(255)) - client-A18AB92CDBA5->6c928baf-cc3b-4a10-9362-ff4e15dca71d: receive RaftClientReply:client-A18AB92CDBA5->6c928baf-cc3b-4a10-9362-ff4e15dca71d@group-586430B97ADD, cid=4198, SUCCESS, logIndex=6015, commits[6c928baf-cc3b-4a10-9362-ff4e15dca71d:c6015]
2019-08-10 04:38:51,705 DEBUG block.SCMBlockDeletingService (SCMBlockDeletingService.java:call(138)) - Running DeletedBlockTransactionScanner
2019-08-10 04:38:51,706 DEBUG block.SCMBlockDeletingService (SCMBlockDeletingService.java:call(155)) - Scanned deleted blocks log and got 0 delTX to process.
2019-08-10 04:38:51,742 INFO  client.GrpcClientProtocolClient (GrpcClientProtocolClient.java:onNext(255)) - client-A18AB92CDBA5->6c928baf-cc3b-4a10-9362-ff4e15dca71d: receive RaftClientReply:client-A18AB92CDBA5->6c928baf-cc3b-4a10-9362-ff4e15dca71d@group-586430B97ADD, cid=4199, SUCCESS, logIndex=6017, commits[6c928baf-cc3b-4a10-9362-ff4e15dca71d:c6018]
2019-08-10 04:38:51,742 INFO  client.GrpcClientProtocolClient (GrpcClientProtocolClient.java:onNext(255)) - client-A18AB92CDBA5->6c928baf-cc3b-4a10-9362-ff4e15dca71d: receive RaftClientReply:client-A18AB92CDBA5->6c928baf-cc3b-4a10-9362-ff4e15dca71d@group-586430B97ADD, cid=4200, SUCCESS, logIndex=6018, commits[6c928baf-cc3b-4a10-9362-ff4e15dca71d:c6018]
2019-08-10 04:38:51,776 INFO  client.GrpcClientProtocolClient (GrpcClientProtocolClient.java:onNext(255)) - client-A18AB92CDBA5->6c928baf-cc3b-4a10-9362-ff4e15dca71d: receive RaftClientReply:client-A18AB92CDBA5->6c928baf-cc3b-4a10-9362-ff4e15dca71d@group-586430B97ADD, cid=4201, SUCCESS, logIndex=6020, commits[6c928baf-cc3b-4a10-9362-ff4e15dca71d:c6023]
2019-08-10 04:38:51,777 INFO  client.GrpcClientProtocolClient (GrpcClientProtocolClient.java:onNext(255)) - client-A18AB92CDBA5->6c928baf-cc3b-4a10-9362-ff4e15dca71d: receive RaftClientReply:client-A18AB92CDBA5->6c928baf-cc3b-4a10-9362-ff4e15dca71d@group-586430B97ADD, cid=4202, SUCCESS, logIndex=6021, commits[6c928baf-cc3b-4a10-9362-ff4e15dca71d:c6023]
2019-08-10 04:38:51,777 INFO  client.GrpcClientProtocolClient (GrpcClientProtocolClient.java:onNext(255)) - client-A18AB92CDBA5->6c928baf-cc3b-4a10-9362-ff4e15dca71d: receive RaftClientReply:client-A18AB92CDBA5->6c928baf-cc3b-4a10-9362-ff4e15dca71d@group-586430B97ADD, cid=4203, SUCCESS, logIndex=6022, commits[6c928baf-cc3b-4a10-9362-ff4e15dca71d:c6023]
2019-08-10 04:38:51,777 INFO  client.GrpcClientProtocolClient (GrpcClientProtocolClient.java:onNext(255)) - client-A18AB92CDBA5->6c928baf-cc3b-4a10-9362-ff4e15dca71d: receive RaftClientReply:client-A18AB92CDBA5->6c928baf-cc3b-4a10-9362-ff4e15dca71d@group-586430B97ADD, cid=4204, SUCCESS, logIndex=6023, commits[6c928baf-cc3b-4a10-9362-ff4e15dca71d:c6023]
2019-08-10 04:38:51,800 INFO  client.GrpcClientProtocolClient (GrpcClientProtocolClient.java:onNext(255)) - client-A18AB92CDBA5->6c928baf-cc3b-4a10-9362-ff4e15dca71d: receive RaftClientReply:client-A18AB92CDBA5->6c928baf-cc3b-4a10-9362-ff4e15dca71d@group-586430B97ADD, cid=4205, SUCCESS, logIndex=6025, commits[6c928baf-cc3b-4a10-9362-ff4e15dca71d:c6028]
2019-08-10 04:38:51,801 INFO  client.GrpcClientProtocolClient (GrpcClientProtocolClient.java:onNext(255)) - client-A18AB92CDBA5->6c928baf-cc3b-4a10-9362-ff4e15dca71d: receive RaftClientReply:client-A18AB92CDBA5->6c928baf-cc3b-4a10-9362-ff4e15dca71d@group-586430B97ADD, cid=4206, SUCCESS, logIndex=6026, commits[6c928baf-cc3b-4a10-9362-ff4e15dca71d:c6029]
2019-08-10 04:38:51,801 INFO  client.GrpcClientProtocolClient (GrpcClientProtocolClient.java:onNext(255)) - client-A18AB92CDBA5->6c928baf-cc3b-4a10-9362-ff4e15dca71d: receive RaftClientReply:client-A18AB92CDBA5->6c928baf-cc3b-4a10-9362-ff4e15dca71d@group-586430B97ADD, cid=4207, SUCCESS, logIndex=6027, commits[6c928baf-cc3b-4a10-9362-ff4e15dca71d:c6029]
2019-08-10 04:38:51,801 INFO  client.GrpcClientProtocolClient (GrpcClientProtocolClient.java:onNext(255)) - client-A18AB92CDBA5->6c928baf-cc3b-4a10-9362-ff4e15dca71d: receive RaftClientReply:client-A18AB92CDBA5->6c928baf-cc3b-4a10-9362-ff4e15dca71d@group-586430B97ADD, cid=4208, SUCCESS, logIndex=6028, commits[6c928baf-cc3b-4a10-9362-ff4e15dca71d:c6029]
2019-08-10 04:38:51,806 DEBUG block.SCMBlockDeletingService (SCMBlockDeletingService.java:call(138)) - Running DeletedBlockTransactionScanner
2019-08-10 04:38:51,806 DEBUG block.SCMBlockDeletingService (SCMBlockDeletingService.java:call(155)) - Scanned deleted blocks log and got 0 delTX to process.
2019-08-10 04:38:51,836 INFO  client.GrpcClientProtocolClient (GrpcClientProtocolClient.java:onNext(255)) - client-A18AB92CDBA5->6c928baf-cc3b-4a10-9362-ff4e15dca71d: receive RaftClientReply:client-A18AB92CDBA5->6c928baf-cc3b-4a10-9362-ff4e15dca71d@group-586430B97ADD, cid=4209, SUCCESS, logIndex=6030, commits[6c928baf-cc3b-4a10-9362-ff4e15dca71d:c6033]
2019-08-10 04:38:51,837 INFO  client.GrpcClientProtocolClient (GrpcClientProtocolClient.java:onNext(255)) - client-A18AB92CDBA5->6c928baf-cc3b-4a10-9362-ff4e15dca71d: receive RaftClientReply:client-A18AB92CDBA5->6c928baf-cc3b-4a10-9362-ff4e15dca71d@group-586430B97ADD, cid=4210, SUCCESS, logIndex=6031, commits[6c928baf-cc3b-4a10-9362-ff4e15dca71d:c6033]
2019-08-10 04:38:51,837 INFO  client.GrpcClientProtocolClient (GrpcClientProtocolClient.java:onNext(255)) - client-A18AB92CDBA5->6c928baf-cc3b-4a10-9362-ff4e15dca71d: receive RaftClientReply:client-A18AB92CDBA5->6c928baf-cc3b-4a10-9362-ff4e15dca71d@group-586430B97ADD, cid=4211, SUCCESS, logIndex=6032, commits[6c928baf-cc3b-4a10-9362-ff4e15dca71d:c6033]
2019-08-10 04:38:51,837 INFO  client.GrpcClientProtocolClient (GrpcClientProtocolClient.java:onNext(255)) - client-A18AB92CDBA5->6c928baf-cc3b-4a10-9362-ff4e15dca71d: receive RaftClientReply:client-A18AB92CDBA5->6c928baf-cc3b-4a10-9362-ff4e15dca71d@group-586430B97ADD, cid=4212, SUCCESS, logIndex=6033, commits[6c928baf-cc3b-4a10-9362-ff4e15dca71d:c6033]
2019-08-10 04:38:51,857 INFO  client.GrpcClientProtocolClient (GrpcClientProtocolClient.java:onNext(255)) - client-A18AB92CDBA5->6c928baf-cc3b-4a10-9362-ff4e15dca71d: receive RaftClientReply:client-A18AB92CDBA5->6c928baf-cc3b-4a10-9362-ff4e15dca71d@group-586430B97ADD, cid=4213, SUCCESS, logIndex=6035, commits[6c928baf-cc3b-4a10-9362-ff4e15dca71d:c6036]
2019-08-10 04:38:51,858 INFO  client.GrpcClientProtocolClient (GrpcClientProtocolClient.java:onNext(255)) - client-A18AB92CDBA5->6c928baf-cc3b-4a10-9362-ff4e15dca71d: receive RaftClientReply:client-A18AB92CDBA5->6c928baf-cc3b-4a10-9362-ff4e15dca71d@group-586430B97ADD, cid=4214, SUCCESS, logIndex=6036, commits[6c928baf-cc3b-4a10-9362-ff4e15dca71d:c6038]
2019-08-10 04:38:51,858 INFO  client.GrpcClientProtocolClient (GrpcClientProtocolClient.java:onNext(255)) - client-A18AB92CDBA5->6c928baf-cc3b-4a10-9362-ff4e15dca71d: receive RaftClientReply:client-A18AB92CDBA5->6c928baf-cc3b-4a10-9362-ff4e15dca71d@group-586430B97ADD, cid=4215, SUCCESS, logIndex=6037, commits[6c928baf-cc3b-4a10-9362-ff4e15dca71d:c6039]
2019-08-10 04:38:51,858 INFO  client.GrpcClientProtocolClient (GrpcClientProtocolClient.java:onNext(255)) - client-A18AB92CDBA5->6c928baf-cc3b-4a10-9362-ff4e15dca71d: receive RaftClientReply:client-A18AB92CDBA5->6c928baf-cc3b-4a10-9362-ff4e15dca71d@group-586430B97ADD, cid=4216, SUCCESS, logIndex=6038, commits[6c928baf-cc3b-4a10-9362-ff4e15dca71d:c6040]
2019-08-10 04:38:51,894 INFO  client.GrpcClientProtocolClient (GrpcClientProtocolClient.java:onNext(255)) - client-A18AB92CDBA5->6c928baf-cc3b-4a10-9362-ff4e15dca71d: receive RaftClientReply:client-A18AB92CDBA5->6c928baf-cc3b-4a10-9362-ff4e15dca71d@group-586430B97ADD, cid=4217, SUCCESS, logIndex=6041, commits[6c928baf-cc3b-4a10-9362-ff4e15dca71d:c6044]
2019-08-10 04:38:51,894 INFO  client.GrpcClientProtocolClient (GrpcClientProtocolClient.java:onNext(255)) - client-A18AB92CDBA5->6c928baf-cc3b-4a10-9362-ff4e15dca71d: receive RaftClientReply:client-A18AB92CDBA5->6c928baf-cc3b-4a10-9362-ff4e15dca71d@group-586430B97ADD, cid=4218, SUCCESS, logIndex=6042, commits[6c928baf-cc3b-4a10-9362-ff4e15dca71d:c6045]
2019-08-10 04:38:51,895 INFO  client.GrpcClientProtocolClient (GrpcClientProtocolClient.java:onNext(255)) - client-A18AB92CDBA5->6c928baf-cc3b-4a10-9362-ff4e15dca71d: receive RaftClientReply:client-A18AB92CDBA5->6c928baf-cc3b-4a10-9362-ff4e15dca71d@group-586430B97ADD, cid=4219, SUCCESS, logIndex=6043, commits[6c928baf-cc3b-4a10-9362-ff4e15dca71d:c6045]
2019-08-10 04:38:51,895 INFO  client.GrpcClientProtocolClient (GrpcClientProtocolClient.java:onNext(255)) - client-A18AB92CDBA5->6c928baf-cc3b-4a10-9362-ff4e15dca71d: receive RaftClientReply:client-A18AB92CDBA5->6c928baf-cc3b-4a10-9362-ff4e15dca71d@group-586430B97ADD, cid=4220, SUCCESS, logIndex=6044, commits[6c928baf-cc3b-4a10-9362-ff4e15dca71d:c6045]
2019-08-10 04:38:51,907 DEBUG block.SCMBlockDeletingService (SCMBlockDeletingService.java:call(138)) - Running DeletedBlockTransactionScanner
2019-08-10 04:38:51,907 DEBUG block.SCMBlockDeletingService (SCMBlockDeletingService.java:call(155)) - Scanned deleted blocks log and got 0 delTX to process.
2019-08-10 04:38:51,915 INFO  client.GrpcClientProtocolClient (GrpcClientProtocolClient.java:onNext(255)) - client-A18AB92CDBA5->6c928baf-cc3b-4a10-9362-ff4e15dca71d: receive RaftClientReply:client-A18AB92CDBA5->6c928baf-cc3b-4a10-9362-ff4e15dca71d@group-586430B97ADD, cid=4221, SUCCESS, logIndex=6046, commits[6c928baf-cc3b-4a10-9362-ff4e15dca71d:c6047]
2019-08-10 04:38:51,915 INFO  client.GrpcClientProtocolClient (GrpcClientProtocolClient.java:onNext(255)) - client-A18AB92CDBA5->6c928baf-cc3b-4a10-9362-ff4e15dca71d: receive RaftClientReply:client-A18AB92CDBA5->6c928baf-cc3b-4a10-9362-ff4e15dca71d@group-586430B97ADD, cid=4222, SUCCESS, logIndex=6047, commits[6c928baf-cc3b-4a10-9362-ff4e15dca71d:c6049]
2019-08-10 04:38:51,915 INFO  client.GrpcClientProtocolClient (GrpcClientProtocolClient.java:onNext(255)) - client-A18AB92CDBA5->6c928baf-cc3b-4a10-9362-ff4e15dca71d: receive RaftClientReply:client-A18AB92CDBA5->6c928baf-cc3b-4a10-9362-ff4e15dca71d@group-586430B97ADD, cid=4223, SUCCESS, logIndex=6048, commits[6c928baf-cc3b-4a10-9362-ff4e15dca71d:c6050]
2019-08-10 04:38:51,916 INFO  client.GrpcClientProtocolClient (GrpcClientProtocolClient.java:onNext(255)) - client-A18AB92CDBA5->6c928baf-cc3b-4a10-9362-ff4e15dca71d: receive RaftClientReply:client-A18AB92CDBA5->6c928baf-cc3b-4a10-9362-ff4e15dca71d@group-586430B97ADD, cid=4224, SUCCESS, logIndex=6049, commits[6c928baf-cc3b-4a10-9362-ff4e15dca71d:c6050]
2019-08-10 04:38:51,950 INFO  client.GrpcClientProtocolClient (GrpcClientProtocolClient.java:onNext(255)) - client-A18AB92CDBA5->6c928baf-cc3b-4a10-9362-ff4e15dca71d: receive RaftClientReply:client-A18AB92CDBA5->6c928baf-cc3b-4a10-9362-ff4e15dca71d@group-586430B97ADD, cid=4225, SUCCESS, logIndex=6052, commits[6c928baf-cc3b-4a10-9362-ff4e15dca71d:c6053]
2019-08-10 04:38:51,950 INFO  client.GrpcClientProtocolClient (GrpcClientProtocolClient.java:onNext(255)) - client-A18AB92CDBA5->6c928baf-cc3b-4a10-9362-ff4e15dca71d: receive RaftClientReply:client-A18AB92CDBA5->6c928baf-cc3b-4a10-9362-ff4e15dca71d@group-586430B97ADD, cid=4226, SUCCESS, logIndex=6053, commits[6c928baf-cc3b-4a10-9362-ff4e15dca71d:c6053]
2019-08-10 04:38:51,952 INFO  client.GrpcClientProtocolClient (GrpcClientProtocolClient.java:onNext(255)) - client-A18AB92CDBA5->6c928baf-cc3b-4a10-9362-ff4e15dca71d: receive RaftClientReply:client-A18AB92CDBA5->6c928baf-cc3b-4a10-9362-ff4e15dca71d@group-586430B97ADD, cid=4227, SUCCESS, logIndex=6054, commits[6c928baf-cc3b-4a10-9362-ff4e15dca71d:c6055]
2019-08-10 04:38:51,953 INFO  client.GrpcClientProtocolClient (GrpcClientProtocolClient.java:onNext(255)) - client-A18AB92CDBA5->6c928baf-cc3b-4a10-9362-ff4e15dca71d: receive RaftClientReply:client-A18AB92CDBA5->6c928baf-cc3b-4a10-9362-ff4e15dca71d@group-586430B97ADD, cid=4228, SUCCESS, logIndex=6055, commits[6c928baf-cc3b-4a10-9362-ff4e15dca71d:c6055]
2019-08-10 04:38:51,964 INFO  client.GrpcClientProtocolClient (GrpcClientProtocolClient.java:onNext(255)) - client-A18AB92CDBA5->6c928baf-cc3b-4a10-9362-ff4e15dca71d: receive RaftClientReply:client-A18AB92CDBA5->6c928baf-cc3b-4a10-9362-ff4e15dca71d@group-586430B97ADD, cid=4229, SUCCESS, logIndex=6058, commits[6c928baf-cc3b-4a10-9362-ff4e15dca71d:c6061]
2019-08-10 04:38:51,964 INFO  client.GrpcClientProtocolClient (GrpcClientProtocolClient.java:onNext(255)) - client-A18AB92CDBA5->6c928baf-cc3b-4a10-9362-ff4e15dca71d: receive RaftClientReply:client-A18AB92CDBA5->6c928baf-cc3b-4a10-9362-ff4e15dca71d@group-586430B97ADD, cid=4230, SUCCESS, logIndex=6059, commits[6c928baf-cc3b-4a10-9362-ff4e15dca71d:c6062]
2019-08-10 04:38:51,965 INFO  client.GrpcClientProtocolClient (GrpcClientProtocolClient.java:onNext(255)) - client-A18AB92CDBA5->6c928baf-cc3b-4a10-9362-ff4e15dca71d: receive RaftClientReply:client-A18AB92CDBA5->6c928baf-cc3b-4a10-9362-ff4e15dca71d@group-586430B97ADD, cid=4231, SUCCESS, logIndex=6060, commits[6c928baf-cc3b-4a10-9362-ff4e15dca71d:c6062]
2019-08-10 04:38:51,965 INFO  client.GrpcClientProtocolClient (GrpcClientProtocolClient.java:onNext(255)) - client-A18AB92CDBA5->6c928baf-cc3b-4a10-9362-ff4e15dca71d: receive RaftClientReply:client-A18AB92CDBA5->6c928baf-cc3b-4a10-9362-ff4e15dca71d@group-586430B97ADD, cid=4232, SUCCESS, logIndex=6061, commits[6c928baf-cc3b-4a10-9362-ff4e15dca71d:c6062]
2019-08-10 04:38:51,997 INFO  client.GrpcClientProtocolClient (GrpcClientProtocolClient.java:onNext(255)) - client-A18AB92CDBA5->6c928baf-cc3b-4a10-9362-ff4e15dca71d: receive RaftClientReply:client-A18AB92CDBA5->6c928baf-cc3b-4a10-9362-ff4e15dca71d@group-586430B97ADD, cid=4233, SUCCESS, logIndex=6063, commits[6c928baf-cc3b-4a10-9362-ff4e15dca71d:c6066]
2019-08-10 04:38:51,998 INFO  client.GrpcClientProtocolClient (GrpcClientProtocolClient.java:onNext(255)) - client-A18AB92CDBA5->6c928baf-cc3b-4a10-9362-ff4e15dca71d: receive RaftClientReply:client-A18AB92CDBA5->6c928baf-cc3b-4a10-9362-ff4e15dca71d@group-586430B97ADD, cid=4234, SUCCESS, logIndex=6064, commits[6c928baf-cc3b-4a10-9362-ff4e15dca71d:c6066]
2019-08-10 04:38:51,998 INFO  client.GrpcClientProtocolClient (GrpcClientProtocolClient.java:onNext(255)) - client-A18AB92CDBA5->6c928baf-cc3b-4a10-9362-ff4e15dca71d: receive RaftClientReply:client-A18AB92CDBA5->6c928baf-cc3b-4a10-9362-ff4e15dca71d@group-586430B97ADD, cid=4235, SUCCESS, logIndex=6065, commits[6c928baf-cc3b-4a10-9362-ff4e15dca71d:c6067]
2019-08-10 04:38:51,998 INFO  client.GrpcClientProtocolClient (GrpcClientProtocolClient.java:onNext(255)) - client-A18AB92CDBA5->6c928baf-cc3b-4a10-9362-ff4e15dca71d: receive RaftClientReply:client-A18AB92CDBA5->6c928baf-cc3b-4a10-9362-ff4e15dca71d@group-586430B97ADD, cid=4236, SUCCESS, logIndex=6066, commits[6c928baf-cc3b-4a10-9362-ff4e15dca71d:c6067]
2019-08-10 04:38:52,007 DEBUG block.SCMBlockDeletingService (SCMBlockDeletingService.java:call(138)) - Running DeletedBlockTransactionScanner
2019-08-10 04:38:52,007 DEBUG block.SCMBlockDeletingService (SCMBlockDeletingService.java:call(155)) - Scanned deleted blocks log and got 0 delTX to process.
2019-08-10 04:38:52,017 INFO  client.GrpcClientProtocolClient (GrpcClientProtocolClient.java:onNext(255)) - client-A18AB92CDBA5->6c928baf-cc3b-4a10-9362-ff4e15dca71d: receive RaftClientReply:client-A18AB92CDBA5->6c928baf-cc3b-4a10-9362-ff4e15dca71d@group-586430B97ADD, cid=4237, SUCCESS, logIndex=6069, commits[6c928baf-cc3b-4a10-9362-ff4e15dca71d:c6072]
2019-08-10 04:38:52,017 INFO  client.GrpcClientProtocolClient (GrpcClientProtocolClient.java:onNext(255)) - client-A18AB92CDBA5->6c928baf-cc3b-4a10-9362-ff4e15dca71d: receive RaftClientReply:client-A18AB92CDBA5->6c928baf-cc3b-4a10-9362-ff4e15dca71d@group-586430B97ADD, cid=4238, SUCCESS, logIndex=6070, commits[6c928baf-cc3b-4a10-9362-ff4e15dca71d:c6073]
2019-08-10 04:38:52,018 INFO  client.GrpcClientProtocolClient (GrpcClientProtocolClient.java:onNext(255)) - client-A18AB92CDBA5->6c928baf-cc3b-4a10-9362-ff4e15dca71d: receive RaftClientReply:client-A18AB92CDBA5->6c928baf-cc3b-4a10-9362-ff4e15dca71d@group-586430B97ADD, cid=4239, SUCCESS, logIndex=6071, commits[6c928baf-cc3b-4a10-9362-ff4e15dca71d:c6073]
2019-08-10 04:38:52,018 INFO  client.GrpcClientProtocolClient (GrpcClientProtocolClient.java:onNext(255)) - client-A18AB92CDBA5->6c928baf-cc3b-4a10-9362-ff4e15dca71d: receive RaftClientReply:client-A18AB92CDBA5->6c928baf-cc3b-4a10-9362-ff4e15dca71d@group-586430B97ADD, cid=4240, SUCCESS, logIndex=6072, commits[6c928baf-cc3b-4a10-9362-ff4e15dca71d:c6074]
2019-08-10 04:38:52,050 INFO  client.GrpcClientProtocolClient (GrpcClientProtocolClient.java:onNext(255)) - client-A18AB92CDBA5->6c928baf-cc3b-4a10-9362-ff4e15dca71d: receive RaftClientReply:client-A18AB92CDBA5->6c928baf-cc3b-4a10-9362-ff4e15dca71d@group-586430B97ADD, cid=4241, SUCCESS, logIndex=6075, commits[6c928baf-cc3b-4a10-9362-ff4e15dca71d:c6078]
2019-08-10 04:38:52,051 INFO  client.GrpcClientProtocolClient (GrpcClientProtocolClient.java:onNext(255)) - client-A18AB92CDBA5->6c928baf-cc3b-4a10-9362-ff4e15dca71d: receive RaftClientReply:client-A18AB92CDBA5->6c928baf-cc3b-4a10-9362-ff4e15dca71d@group-586430B97ADD, cid=4242, SUCCESS, logIndex=6076, commits[6c928baf-cc3b-4a10-9362-ff4e15dca71d:c6078]
2019-08-10 04:38:52,051 INFO  client.GrpcClientProtocolClient (GrpcClientProtocolClient.java:onNext(255)) - client-A18AB92CDBA5->6c928baf-cc3b-4a10-9362-ff4e15dca71d: receive RaftClientReply:client-A18AB92CDBA5->6c928baf-cc3b-4a10-9362-ff4e15dca71d@group-586430B97ADD, cid=4243, SUCCESS, logIndex=6077, commits[6c928baf-cc3b-4a10-9362-ff4e15dca71d:c6079]
2019-08-10 04:38:52,051 INFO  client.GrpcClientProtocolClient (GrpcClientProtocolClient.java:onNext(255)) - client-A18AB92CDBA5->6c928baf-cc3b-4a10-9362-ff4e15dca71d: receive RaftClientReply:client-A18AB92CDBA5->6c928baf-cc3b-4a10-9362-ff4e15dca71d@group-586430B97ADD, cid=4244, SUCCESS, logIndex=6078, commits[6c928baf-cc3b-4a10-9362-ff4e15dca71d:c6080]
2019-08-10 04:38:52,108 DEBUG block.SCMBlockDeletingService (SCMBlockDeletingService.java:call(138)) - Running DeletedBlockTransactionScanner
2019-08-10 04:38:52,108 DEBUG block.SCMBlockDeletingService (SCMBlockDeletingService.java:call(155)) - Scanned deleted blocks log and got 0 delTX to process.
2019-08-10 04:38:52,159 INFO  client.GrpcClientProtocolClient (GrpcClientProtocolClient.java:onNext(255)) - client-A18AB92CDBA5->6c928baf-cc3b-4a10-9362-ff4e15dca71d: receive RaftClientReply:client-A18AB92CDBA5->6c928baf-cc3b-4a10-9362-ff4e15dca71d@group-586430B97ADD, cid=4245, SUCCESS, logIndex=6081, commits[6c928baf-cc3b-4a10-9362-ff4e15dca71d:c6084]
2019-08-10 04:38:52,160 INFO  client.GrpcClientProtocolClient (GrpcClientProtocolClient.java:onNext(255)) - client-A18AB92CDBA5->6c928baf-cc3b-4a10-9362-ff4e15dca71d: receive RaftClientReply:client-A18AB92CDBA5->6c928baf-cc3b-4a10-9362-ff4e15dca71d@group-586430B97ADD, cid=4246, SUCCESS, logIndex=6082, commits[6c928baf-cc3b-4a10-9362-ff4e15dca71d:c6085]
2019-08-10 04:38:52,160 INFO  client.GrpcClientProtocolClient (GrpcClientProtocolClient.java:onNext(255)) - client-A18AB92CDBA5->6c928baf-cc3b-4a10-9362-ff4e15dca71d: receive RaftClientReply:client-A18AB92CDBA5->6c928baf-cc3b-4a10-9362-ff4e15dca71d@group-586430B97ADD, cid=4247, SUCCESS, logIndex=6083, commits[6c928baf-cc3b-4a10-9362-ff4e15dca71d:c6085]
2019-08-10 04:38:52,160 INFO  client.GrpcClientProtocolClient (GrpcClientProtocolClient.java:onNext(255)) - client-A18AB92CDBA5->6c928baf-cc3b-4a10-9362-ff4e15dca71d: receive RaftClientReply:client-A18AB92CDBA5->6c928baf-cc3b-4a10-9362-ff4e15dca71d@group-586430B97ADD, cid=4248, SUCCESS, logIndex=6084, commits[6c928baf-cc3b-4a10-9362-ff4e15dca71d:c6085]
2019-08-10 04:38:52,194 INFO  client.GrpcClientProtocolClient (GrpcClientProtocolClient.java:onNext(255)) - client-A18AB92CDBA5->6c928baf-cc3b-4a10-9362-ff4e15dca71d: receive RaftClientReply:client-A18AB92CDBA5->6c928baf-cc3b-4a10-9362-ff4e15dca71d@group-586430B97ADD, cid=4249, SUCCESS, logIndex=6086, commits[6c928baf-cc3b-4a10-9362-ff4e15dca71d:c6089]
2019-08-10 04:38:52,195 INFO  client.GrpcClientProtocolClient (GrpcClientProtocolClient.java:onNext(255)) - client-A18AB92CDBA5->6c928baf-cc3b-4a10-9362-ff4e15dca71d: receive RaftClientReply:client-A18AB92CDBA5->6c928baf-cc3b-4a10-9362-ff4e15dca71d@group-586430B97ADD, cid=4250, SUCCESS, logIndex=6087, commits[6c928baf-cc3b-4a10-9362-ff4e15dca71d:c6090]
2019-08-10 04:38:52,195 INFO  client.GrpcClientProtocolClient (GrpcClientProtocolClient.java:onNext(255)) - client-A18AB92CDBA5->6c928baf-cc3b-4a10-9362-ff4e15dca71d: receive RaftClientReply:client-A18AB92CDBA5->6c928baf-cc3b-4a10-9362-ff4e15dca71d@group-586430B97ADD, cid=4251, SUCCESS, logIndex=6088, commits[6c928baf-cc3b-4a10-9362-ff4e15dca71d:c6090]
2019-08-10 04:38:52,195 INFO  client.GrpcClientProtocolClient (GrpcClientProtocolClient.java:onNext(255)) - client-A18AB92CDBA5->6c928baf-cc3b-4a10-9362-ff4e15dca71d: receive RaftClientReply:client-A18AB92CDBA5->6c928baf-cc3b-4a10-9362-ff4e15dca71d@group-586430B97ADD, cid=4252, SUCCESS, logIndex=6089, commits[6c928baf-cc3b-4a10-9362-ff4e15dca71d:c6090]
2019-08-10 04:38:52,208 DEBUG block.SCMBlockDeletingService (SCMBlockDeletingService.java:call(138)) - Running DeletedBlockTransactionScanner
2019-08-10 04:38:52,209 DEBUG block.SCMBlockDeletingService (SCMBlockDeletingService.java:call(155)) - Scanned deleted blocks log and got 0 delTX to process.
2019-08-10 04:38:52,214 INFO  client.GrpcClientProtocolClient (GrpcClientProtocolClient.java:onNext(255)) - client-A18AB92CDBA5->6c928baf-cc3b-4a10-9362-ff4e15dca71d: receive RaftClientReply:client-A18AB92CDBA5->6c928baf-cc3b-4a10-9362-ff4e15dca71d@group-586430B97ADD, cid=4253, SUCCESS, logIndex=6091, commits[6c928baf-cc3b-4a10-9362-ff4e15dca71d:c6094]
2019-08-10 04:38:52,214 INFO  client.GrpcClientProtocolClient (GrpcClientProtocolClient.java:onNext(255)) - client-A18AB92CDBA5->6c928baf-cc3b-4a10-9362-ff4e15dca71d: receive RaftClientReply:client-A18AB92CDBA5->6c928baf-cc3b-4a10-9362-ff4e15dca71d@group-586430B97ADD, cid=4254, SUCCESS, logIndex=6092, commits[6c928baf-cc3b-4a10-9362-ff4e15dca71d:c6095]
2019-08-10 04:38:52,214 INFO  client.GrpcClientProtocolClient (GrpcClientProtocolClient.java:onNext(255)) - client-A18AB92CDBA5->6c928baf-cc3b-4a10-9362-ff4e15dca71d: receive RaftClientReply:client-A18AB92CDBA5->6c928baf-cc3b-4a10-9362-ff4e15dca71d@group-586430B97ADD, cid=4255, SUCCESS, logIndex=6093, commits[6c928baf-cc3b-4a10-9362-ff4e15dca71d:c6095]
2019-08-10 04:38:52,215 INFO  client.GrpcClientProtocolClient (GrpcClientProtocolClient.java:onNext(255)) - client-A18AB92CDBA5->6c928baf-cc3b-4a10-9362-ff4e15dca71d: receive RaftClientReply:client-A18AB92CDBA5->6c928baf-cc3b-4a10-9362-ff4e15dca71d@group-586430B97ADD, cid=4256, SUCCESS, logIndex=6094, commits[6c928baf-cc3b-4a10-9362-ff4e15dca71d:c6096]
2019-08-10 04:38:52,245 INFO  client.GrpcClientProtocolClient (GrpcClientProtocolClient.java:onNext(255)) - client-A18AB92CDBA5->6c928baf-cc3b-4a10-9362-ff4e15dca71d: receive RaftClientReply:client-A18AB92CDBA5->6c928baf-cc3b-4a10-9362-ff4e15dca71d@group-586430B97ADD, cid=4257, SUCCESS, logIndex=6097, commits[6c928baf-cc3b-4a10-9362-ff4e15dca71d:c6100]
2019-08-10 04:38:52,245 INFO  client.GrpcClientProtocolClient (GrpcClientProtocolClient.java:onNext(255)) - client-A18AB92CDBA5->6c928baf-cc3b-4a10-9362-ff4e15dca71d: receive RaftClientReply:client-A18AB92CDBA5->6c928baf-cc3b-4a10-9362-ff4e15dca71d@group-586430B97ADD, cid=4258, SUCCESS, logIndex=6098, commits[6c928baf-cc3b-4a10-9362-ff4e15dca71d:c6101]
2019-08-10 04:38:52,246 INFO  client.GrpcClientProtocolClient (GrpcClientProtocolClient.java:onNext(255)) - client-A18AB92CDBA5->6c928baf-cc3b-4a10-9362-ff4e15dca71d: receive RaftClientReply:client-A18AB92CDBA5->6c928baf-cc3b-4a10-9362-ff4e15dca71d@group-586430B97ADD, cid=4259, SUCCESS, logIndex=6099, commits[6c928baf-cc3b-4a10-9362-ff4e15dca71d:c6101]
2019-08-10 04:38:52,246 INFO  client.GrpcClientProtocolClient (GrpcClientProtocolClient.java:onNext(255)) - client-A18AB92CDBA5->6c928baf-cc3b-4a10-9362-ff4e15dca71d: receive RaftClientReply:client-A18AB92CDBA5->6c928baf-cc3b-4a10-9362-ff4e15dca71d@group-586430B97ADD, cid=4260, SUCCESS, logIndex=6100, commits[6c928baf-cc3b-4a10-9362-ff4e15dca71d:c6102]
2019-08-10 04:38:52,266 INFO  client.GrpcClientProtocolClient (GrpcClientProtocolClient.java:onNext(255)) - client-A18AB92CDBA5->6c928baf-cc3b-4a10-9362-ff4e15dca71d: receive RaftClientReply:client-A18AB92CDBA5->6c928baf-cc3b-4a10-9362-ff4e15dca71d@group-586430B97ADD, cid=4261, SUCCESS, logIndex=6103, commits[6c928baf-cc3b-4a10-9362-ff4e15dca71d:c6106]
2019-08-10 04:38:52,266 INFO  client.GrpcClientProtocolClient (GrpcClientProtocolClient.java:onNext(255)) - client-A18AB92CDBA5->6c928baf-cc3b-4a10-9362-ff4e15dca71d: receive RaftClientReply:client-A18AB92CDBA5->6c928baf-cc3b-4a10-9362-ff4e15dca71d@group-586430B97ADD, cid=4262, SUCCESS, logIndex=6104, commits[6c928baf-cc3b-4a10-9362-ff4e15dca71d:c6107]
2019-08-10 04:38:52,267 INFO  client.GrpcClientProtocolClient (GrpcClientProtocolClient.java:onNext(255)) - client-A18AB92CDBA5->6c928baf-cc3b-4a10-9362-ff4e15dca71d: receive RaftClientReply:client-A18AB92CDBA5->6c928baf-cc3b-4a10-9362-ff4e15dca71d@group-586430B97ADD, cid=4263, SUCCESS, logIndex=6105, commits[6c928baf-cc3b-4a10-9362-ff4e15dca71d:c6107]
2019-08-10 04:38:52,267 INFO  client.GrpcClientProtocolClient (GrpcClientProtocolClient.java:onNext(255)) - client-A18AB92CDBA5->6c928baf-cc3b-4a10-9362-ff4e15dca71d: receive RaftClientReply:client-A18AB92CDBA5->6c928baf-cc3b-4a10-9362-ff4e15dca71d@group-586430B97ADD, cid=4264, SUCCESS, logIndex=6106, commits[6c928baf-cc3b-4a10-9362-ff4e15dca71d:c6107]
2019-08-10 04:38:52,299 INFO  client.GrpcClientProtocolClient (GrpcClientProtocolClient.java:onNext(255)) - client-A18AB92CDBA5->6c928baf-cc3b-4a10-9362-ff4e15dca71d: receive RaftClientReply:client-A18AB92CDBA5->6c928baf-cc3b-4a10-9362-ff4e15dca71d@group-586430B97ADD, cid=4265, SUCCESS, logIndex=6108, commits[6c928baf-cc3b-4a10-9362-ff4e15dca71d:c6109]
2019-08-10 04:38:52,303 INFO  client.GrpcClientProtocolClient (GrpcClientProtocolClient.java:onNext(255)) - client-A18AB92CDBA5->6c928baf-cc3b-4a10-9362-ff4e15dca71d: receive RaftClientReply:client-A18AB92CDBA5->6c928baf-cc3b-4a10-9362-ff4e15dca71d@group-586430B97ADD, cid=4266, SUCCESS, logIndex=6109, commits[6c928baf-cc3b-4a10-9362-ff4e15dca71d:c6109]
2019-08-10 04:38:52,309 DEBUG block.SCMBlockDeletingService (SCMBlockDeletingService.java:call(138)) - Running DeletedBlockTransactionScanner
2019-08-10 04:38:52,309 DEBUG block.SCMBlockDeletingService (SCMBlockDeletingService.java:call(155)) - Scanned deleted blocks log and got 0 delTX to process.
2019-08-10 04:38:52,314 INFO  client.GrpcClientProtocolClient (GrpcClientProtocolClient.java:onNext(255)) - client-A18AB92CDBA5->6c928baf-cc3b-4a10-9362-ff4e15dca71d: receive RaftClientReply:client-A18AB92CDBA5->6c928baf-cc3b-4a10-9362-ff4e15dca71d@group-586430B97ADD, cid=4267, SUCCESS, logIndex=6110, commits[6c928baf-cc3b-4a10-9362-ff4e15dca71d:c6111]
2019-08-10 04:38:52,314 INFO  client.GrpcClientProtocolClient (GrpcClientProtocolClient.java:onNext(255)) - client-A18AB92CDBA5->6c928baf-cc3b-4a10-9362-ff4e15dca71d: receive RaftClientReply:client-A18AB92CDBA5->6c928baf-cc3b-4a10-9362-ff4e15dca71d@group-586430B97ADD, cid=4268, SUCCESS, logIndex=6111, commits[6c928baf-cc3b-4a10-9362-ff4e15dca71d:c6112]
2019-08-10 04:38:52,335 INFO  client.GrpcClientProtocolClient (GrpcClientProtocolClient.java:onNext(255)) - client-A18AB92CDBA5->6c928baf-cc3b-4a10-9362-ff4e15dca71d: receive RaftClientReply:client-A18AB92CDBA5->6c928baf-cc3b-4a10-9362-ff4e15dca71d@group-586430B97ADD, cid=4269, SUCCESS, logIndex=6114, commits[6c928baf-cc3b-4a10-9362-ff4e15dca71d:c6115]
2019-08-10 04:38:52,336 INFO  client.GrpcClientProtocolClient (GrpcClientProtocolClient.java:onNext(255)) - client-A18AB92CDBA5->6c928baf-cc3b-4a10-9362-ff4e15dca71d: receive RaftClientReply:client-A18AB92CDBA5->6c928baf-cc3b-4a10-9362-ff4e15dca71d@group-586430B97ADD, cid=4270, SUCCESS, logIndex=6115, commits[6c928baf-cc3b-4a10-9362-ff4e15dca71d:c6117]
2019-08-10 04:38:52,336 INFO  client.GrpcClientProtocolClient (GrpcClientProtocolClient.java:onNext(255)) - client-A18AB92CDBA5->6c928baf-cc3b-4a10-9362-ff4e15dca71d: receive RaftClientReply:client-A18AB92CDBA5->6c928baf-cc3b-4a10-9362-ff4e15dca71d@group-586430B97ADD, cid=4271, SUCCESS, logIndex=6116, commits[6c928baf-cc3b-4a10-9362-ff4e15dca71d:c6118]
2019-08-10 04:38:52,336 INFO  client.GrpcClientProtocolClient (GrpcClientProtocolClient.java:onNext(255)) - client-A18AB92CDBA5->6c928baf-cc3b-4a10-9362-ff4e15dca71d: receive RaftClientReply:client-A18AB92CDBA5->6c928baf-cc3b-4a10-9362-ff4e15dca71d@group-586430B97ADD, cid=4272, SUCCESS, logIndex=6117, commits[6c928baf-cc3b-4a10-9362-ff4e15dca71d:c6118]
2019-08-10 04:38:52,365 INFO  client.GrpcClientProtocolClient (GrpcClientProtocolClient.java:onNext(255)) - client-A18AB92CDBA5->6c928baf-cc3b-4a10-9362-ff4e15dca71d: receive RaftClientReply:client-A18AB92CDBA5->6c928baf-cc3b-4a10-9362-ff4e15dca71d@group-586430B97ADD, cid=4273, SUCCESS, logIndex=6120, commits[6c928baf-cc3b-4a10-9362-ff4e15dca71d:c6121]
2019-08-10 04:38:52,366 INFO  client.GrpcClientProtocolClient (GrpcClientProtocolClient.java:onNext(255)) - client-A18AB92CDBA5->6c928baf-cc3b-4a10-9362-ff4e15dca71d: receive RaftClientReply:client-A18AB92CDBA5->6c928baf-cc3b-4a10-9362-ff4e15dca71d@group-586430B97ADD, cid=4274, SUCCESS, logIndex=6121, commits[6c928baf-cc3b-4a10-9362-ff4e15dca71d:c6121]
2019-08-10 04:38:52,367 INFO  client.GrpcClientProtocolClient (GrpcClientProtocolClient.java:onNext(255)) - client-A18AB92CDBA5->6c928baf-cc3b-4a10-9362-ff4e15dca71d: receive RaftClientReply:client-A18AB92CDBA5->6c928baf-cc3b-4a10-9362-ff4e15dca71d@group-586430B97ADD, cid=4275, SUCCESS, logIndex=6122, commits[6c928baf-cc3b-4a10-9362-ff4e15dca71d:c6123]
2019-08-10 04:38:52,367 INFO  client.GrpcClientProtocolClient (GrpcClientProtocolClient.java:onNext(255)) - client-A18AB92CDBA5->6c928baf-cc3b-4a10-9362-ff4e15dca71d: receive RaftClientReply:client-A18AB92CDBA5->6c928baf-cc3b-4a10-9362-ff4e15dca71d@group-586430B97ADD, cid=4276, SUCCESS, logIndex=6123, commits[6c928baf-cc3b-4a10-9362-ff4e15dca71d:c6123]
2019-08-10 04:38:52,381 INFO  client.GrpcClientProtocolClient (GrpcClientProtocolClient.java:onNext(255)) - client-A18AB92CDBA5->6c928baf-cc3b-4a10-9362-ff4e15dca71d: receive RaftClientReply:client-A18AB92CDBA5->6c928baf-cc3b-4a10-9362-ff4e15dca71d@group-586430B97ADD, cid=4277, SUCCESS, logIndex=6126, commits[6c928baf-cc3b-4a10-9362-ff4e15dca71d:c6129]
2019-08-10 04:38:52,381 INFO  client.GrpcClientProtocolClient (GrpcClientProtocolClient.java:onNext(255)) - client-A18AB92CDBA5->6c928baf-cc3b-4a10-9362-ff4e15dca71d: receive RaftClientReply:client-A18AB92CDBA5->6c928baf-cc3b-4a10-9362-ff4e15dca71d@group-586430B97ADD, cid=4278, SUCCESS, logIndex=6127, commits[6c928baf-cc3b-4a10-9362-ff4e15dca71d:c6129]
2019-08-10 04:38:52,381 INFO  client.GrpcClientProtocolClient (GrpcClientProtocolClient.java:onNext(255)) - client-A18AB92CDBA5->6c928baf-cc3b-4a10-9362-ff4e15dca71d: receive RaftClientReply:client-A18AB92CDBA5->6c928baf-cc3b-4a10-9362-ff4e15dca71d@group-586430B97ADD, cid=4279, SUCCESS, logIndex=6128, commits[6c928baf-cc3b-4a10-9362-ff4e15dca71d:c6129]
2019-08-10 04:38:52,382 INFO  client.GrpcClientProtocolClient (GrpcClientProtocolClient.java:onNext(255)) - client-A18AB92CDBA5->6c928baf-cc3b-4a10-9362-ff4e15dca71d: receive RaftClientReply:client-A18AB92CDBA5->6c928baf-cc3b-4a10-9362-ff4e15dca71d@group-586430B97ADD, cid=4280, SUCCESS, logIndex=6129, commits[6c928baf-cc3b-4a10-9362-ff4e15dca71d:c6129]
2019-08-10 04:38:52,409 DEBUG block.SCMBlockDeletingService (SCMBlockDeletingService.java:call(138)) - Running DeletedBlockTransactionScanner
2019-08-10 04:38:52,410 DEBUG block.SCMBlockDeletingService (SCMBlockDeletingService.java:call(155)) - Scanned deleted blocks log and got 0 delTX to process.
2019-08-10 04:38:52,413 INFO  client.GrpcClientProtocolClient (GrpcClientProtocolClient.java:onNext(255)) - client-A18AB92CDBA5->6c928baf-cc3b-4a10-9362-ff4e15dca71d: receive RaftClientReply:client-A18AB92CDBA5->6c928baf-cc3b-4a10-9362-ff4e15dca71d@group-586430B97ADD, cid=4281, SUCCESS, logIndex=6131, commits[6c928baf-cc3b-4a10-9362-ff4e15dca71d:c6134]
2019-08-10 04:38:52,414 INFO  client.GrpcClientProtocolClient (GrpcClientProtocolClient.java:onNext(255)) - client-A18AB92CDBA5->6c928baf-cc3b-4a10-9362-ff4e15dca71d: receive RaftClientReply:client-A18AB92CDBA5->6c928baf-cc3b-4a10-9362-ff4e15dca71d@group-586430B97ADD, cid=4282, SUCCESS, logIndex=6132, commits[6c928baf-cc3b-4a10-9362-ff4e15dca71d:c6135]
2019-08-10 04:38:52,414 INFO  client.GrpcClientProtocolClient (GrpcClientProtocolClient.java:onNext(255)) - client-A18AB92CDBA5->6c928baf-cc3b-4a10-9362-ff4e15dca71d: receive RaftClientReply:client-A18AB92CDBA5->6c928baf-cc3b-4a10-9362-ff4e15dca71d@group-586430B97ADD, cid=4283, SUCCESS, logIndex=6133, commits[6c928baf-cc3b-4a10-9362-ff4e15dca71d:c6135]
2019-08-10 04:38:52,415 INFO  client.GrpcClientProtocolClient (GrpcClientProtocolClient.java:onNext(255)) - client-A18AB92CDBA5->6c928baf-cc3b-4a10-9362-ff4e15dca71d: receive RaftClientReply:client-A18AB92CDBA5->6c928baf-cc3b-4a10-9362-ff4e15dca71d@group-586430B97ADD, cid=4284, SUCCESS, logIndex=6134, commits[6c928baf-cc3b-4a10-9362-ff4e15dca71d:c6135]
2019-08-10 04:38:52,434 INFO  client.GrpcClientProtocolClient (GrpcClientProtocolClient.java:onNext(255)) - client-A18AB92CDBA5->6c928baf-cc3b-4a10-9362-ff4e15dca71d: receive RaftClientReply:client-A18AB92CDBA5->6c928baf-cc3b-4a10-9362-ff4e15dca71d@group-586430B97ADD, cid=4285, SUCCESS, logIndex=6136, commits[6c928baf-cc3b-4a10-9362-ff4e15dca71d:c6139]
2019-08-10 04:38:52,435 INFO  client.GrpcClientProtocolClient (GrpcClientProtocolClient.java:onNext(255)) - client-A18AB92CDBA5->6c928baf-cc3b-4a10-9362-ff4e15dca71d: receive RaftClientReply:client-A18AB92CDBA5->6c928baf-cc3b-4a10-9362-ff4e15dca71d@group-586430B97ADD, cid=4286, SUCCESS, logIndex=6137, commits[6c928baf-cc3b-4a10-9362-ff4e15dca71d:c6140]
2019-08-10 04:38:52,435 INFO  client.GrpcClientProtocolClient (GrpcClientProtocolClient.java:onNext(255)) - client-A18AB92CDBA5->6c928baf-cc3b-4a10-9362-ff4e15dca71d: receive RaftClientReply:client-A18AB92CDBA5->6c928baf-cc3b-4a10-9362-ff4e15dca71d@group-586430B97ADD, cid=4287, SUCCESS, logIndex=6138, commits[6c928baf-cc3b-4a10-9362-ff4e15dca71d:c6140]
2019-08-10 04:38:52,435 INFO  client.GrpcClientProtocolClient (GrpcClientProtocolClient.java:onNext(255)) - client-A18AB92CDBA5->6c928baf-cc3b-4a10-9362-ff4e15dca71d: receive RaftClientReply:client-A18AB92CDBA5->6c928baf-cc3b-4a10-9362-ff4e15dca71d@group-586430B97ADD, cid=4288, SUCCESS, logIndex=6139, commits[6c928baf-cc3b-4a10-9362-ff4e15dca71d:c6140]
2019-08-10 04:38:52,510 DEBUG block.SCMBlockDeletingService (SCMBlockDeletingService.java:call(138)) - Running DeletedBlockTransactionScanner
2019-08-10 04:38:52,510 DEBUG block.SCMBlockDeletingService (SCMBlockDeletingService.java:call(155)) - Scanned deleted blocks log and got 0 delTX to process.
2019-08-10 04:38:52,611 DEBUG block.SCMBlockDeletingService (SCMBlockDeletingService.java:call(138)) - Running DeletedBlockTransactionScanner
2019-08-10 04:38:52,611 DEBUG block.SCMBlockDeletingService (SCMBlockDeletingService.java:call(155)) - Scanned deleted blocks log and got 0 delTX to process.
2019-08-10 04:38:52,647 INFO  client.GrpcClientProtocolClient (GrpcClientProtocolClient.java:onNext(255)) - client-A18AB92CDBA5->6c928baf-cc3b-4a10-9362-ff4e15dca71d: receive RaftClientReply:client-A18AB92CDBA5->6c928baf-cc3b-4a10-9362-ff4e15dca71d@group-586430B97ADD, cid=4289, SUCCESS, logIndex=6141, commits[6c928baf-cc3b-4a10-9362-ff4e15dca71d:c6142]
2019-08-10 04:38:52,648 INFO  client.GrpcClientProtocolClient (GrpcClientProtocolClient.java:onNext(255)) - client-A18AB92CDBA5->6c928baf-cc3b-4a10-9362-ff4e15dca71d: receive RaftClientReply:client-A18AB92CDBA5->6c928baf-cc3b-4a10-9362-ff4e15dca71d@group-586430B97ADD, cid=4290, SUCCESS, logIndex=6142, commits[6c928baf-cc3b-4a10-9362-ff4e15dca71d:c6142]
2019-08-10 04:38:52,649 INFO  client.GrpcClientProtocolClient (GrpcClientProtocolClient.java:onNext(255)) - client-A18AB92CDBA5->6c928baf-cc3b-4a10-9362-ff4e15dca71d: receive RaftClientReply:client-A18AB92CDBA5->6c928baf-cc3b-4a10-9362-ff4e15dca71d@group-586430B97ADD, cid=4291, SUCCESS, logIndex=6143, commits[6c928baf-cc3b-4a10-9362-ff4e15dca71d:c6144]
2019-08-10 04:38:52,649 INFO  client.GrpcClientProtocolClient (GrpcClientProtocolClient.java:onNext(255)) - client-A18AB92CDBA5->6c928baf-cc3b-4a10-9362-ff4e15dca71d: receive RaftClientReply:client-A18AB92CDBA5->6c928baf-cc3b-4a10-9362-ff4e15dca71d@group-586430B97ADD, cid=4292, SUCCESS, logIndex=6144, commits[6c928baf-cc3b-4a10-9362-ff4e15dca71d:c6144]
2019-08-10 04:38:52,662 INFO  client.GrpcClientProtocolClient (GrpcClientProtocolClient.java:onNext(255)) - client-A18AB92CDBA5->6c928baf-cc3b-4a10-9362-ff4e15dca71d: receive RaftClientReply:client-A18AB92CDBA5->6c928baf-cc3b-4a10-9362-ff4e15dca71d@group-586430B97ADD, cid=4293, SUCCESS, logIndex=6147, commits[6c928baf-cc3b-4a10-9362-ff4e15dca71d:c6150]
2019-08-10 04:38:52,663 INFO  client.GrpcClientProtocolClient (GrpcClientProtocolClient.java:onNext(255)) - client-A18AB92CDBA5->6c928baf-cc3b-4a10-9362-ff4e15dca71d: receive RaftClientReply:client-A18AB92CDBA5->6c928baf-cc3b-4a10-9362-ff4e15dca71d@group-586430B97ADD, cid=4294, SUCCESS, logIndex=6148, commits[6c928baf-cc3b-4a10-9362-ff4e15dca71d:c6150]
2019-08-10 04:38:52,663 INFO  client.GrpcClientProtocolClient (GrpcClientProtocolClient.java:onNext(255)) - client-A18AB92CDBA5->6c928baf-cc3b-4a10-9362-ff4e15dca71d: receive RaftClientReply:client-A18AB92CDBA5->6c928baf-cc3b-4a10-9362-ff4e15dca71d@group-586430B97ADD, cid=4295, SUCCESS, logIndex=6149, commits[6c928baf-cc3b-4a10-9362-ff4e15dca71d:c6150]
2019-08-10 04:38:52,663 INFO  client.GrpcClientProtocolClient (GrpcClientProtocolClient.java:onNext(255)) - client-A18AB92CDBA5->6c928baf-cc3b-4a10-9362-ff4e15dca71d: receive RaftClientReply:client-A18AB92CDBA5->6c928baf-cc3b-4a10-9362-ff4e15dca71d@group-586430B97ADD, cid=4296, SUCCESS, logIndex=6150, commits[6c928baf-cc3b-4a10-9362-ff4e15dca71d:c6150]
2019-08-10 04:38:52,705 INFO  client.GrpcClientProtocolClient (GrpcClientProtocolClient.java:onNext(255)) - client-A18AB92CDBA5->6c928baf-cc3b-4a10-9362-ff4e15dca71d: receive RaftClientReply:client-A18AB92CDBA5->6c928baf-cc3b-4a10-9362-ff4e15dca71d@group-586430B97ADD, cid=4297, SUCCESS, logIndex=6152, commits[6c928baf-cc3b-4a10-9362-ff4e15dca71d:c6153]
2019-08-10 04:38:52,706 INFO  client.GrpcClientProtocolClient (GrpcClientProtocolClient.java:onNext(255)) - client-A18AB92CDBA5->6c928baf-cc3b-4a10-9362-ff4e15dca71d: receive RaftClientReply:client-A18AB92CDBA5->6c928baf-cc3b-4a10-9362-ff4e15dca71d@group-586430B97ADD, cid=4298, SUCCESS, logIndex=6153, commits[6c928baf-cc3b-4a10-9362-ff4e15dca71d:c6153]
2019-08-10 04:38:52,707 INFO  client.GrpcClientProtocolClient (GrpcClientProtocolClient.java:onNext(255)) - client-A18AB92CDBA5->6c928baf-cc3b-4a10-9362-ff4e15dca71d: receive RaftClientReply:client-A18AB92CDBA5->6c928baf-cc3b-4a10-9362-ff4e15dca71d@group-586430B97ADD, cid=4299, SUCCESS, logIndex=6154, commits[6c928baf-cc3b-4a10-9362-ff4e15dca71d:c6155]
2019-08-10 04:38:52,707 INFO  client.GrpcClientProtocolClient (GrpcClientProtocolClient.java:onNext(255)) - client-A18AB92CDBA5->6c928baf-cc3b-4a10-9362-ff4e15dca71d: receive RaftClientReply:client-A18AB92CDBA5->6c928baf-cc3b-4a10-9362-ff4e15dca71d@group-586430B97ADD, cid=4300, SUCCESS, logIndex=6155, commits[6c928baf-cc3b-4a10-9362-ff4e15dca71d:c6155]
2019-08-10 04:38:52,711 DEBUG block.SCMBlockDeletingService (SCMBlockDeletingService.java:call(138)) - Running DeletedBlockTransactionScanner
2019-08-10 04:38:52,712 DEBUG block.SCMBlockDeletingService (SCMBlockDeletingService.java:call(155)) - Scanned deleted blocks log and got 0 delTX to process.
2019-08-10 04:38:52,731 INFO  client.GrpcClientProtocolClient (GrpcClientProtocolClient.java:onNext(255)) - client-A18AB92CDBA5->6c928baf-cc3b-4a10-9362-ff4e15dca71d: receive RaftClientReply:client-A18AB92CDBA5->6c928baf-cc3b-4a10-9362-ff4e15dca71d@group-586430B97ADD, cid=4301, SUCCESS, logIndex=6158, commits[6c928baf-cc3b-4a10-9362-ff4e15dca71d:c6161]
2019-08-10 04:38:52,731 INFO  client.GrpcClientProtocolClient (GrpcClientProtocolClient.java:onNext(255)) - client-A18AB92CDBA5->6c928baf-cc3b-4a10-9362-ff4e15dca71d: receive RaftClientReply:client-A18AB92CDBA5->6c928baf-cc3b-4a10-9362-ff4e15dca71d@group-586430B97ADD, cid=4302, SUCCESS, logIndex=6159, commits[6c928baf-cc3b-4a10-9362-ff4e15dca71d:c6162]
2019-08-10 04:38:52,732 INFO  client.GrpcClientProtocolClient (GrpcClientProtocolClient.java:onNext(255)) - client-A18AB92CDBA5->6c928baf-cc3b-4a10-9362-ff4e15dca71d: receive RaftClientReply:client-A18AB92CDBA5->6c928baf-cc3b-4a10-9362-ff4e15dca71d@group-586430B97ADD, cid=4303, SUCCESS, logIndex=6160, commits[6c928baf-cc3b-4a10-9362-ff4e15dca71d:c6162]
2019-08-10 04:38:52,732 INFO  client.GrpcClientProtocolClient (GrpcClientProtocolClient.java:onNext(255)) - client-A18AB92CDBA5->6c928baf-cc3b-4a10-9362-ff4e15dca71d: receive RaftClientReply:client-A18AB92CDBA5->6c928baf-cc3b-4a10-9362-ff4e15dca71d@group-586430B97ADD, cid=4304, SUCCESS, logIndex=6161, commits[6c928baf-cc3b-4a10-9362-ff4e15dca71d:c6162]
2019-08-10 04:38:52,764 INFO  client.GrpcClientProtocolClient (GrpcClientProtocolClient.java:onNext(255)) - client-A18AB92CDBA5->6c928baf-cc3b-4a10-9362-ff4e15dca71d: receive RaftClientReply:client-A18AB92CDBA5->6c928baf-cc3b-4a10-9362-ff4e15dca71d@group-586430B97ADD, cid=4305, SUCCESS, logIndex=6163, commits[6c928baf-cc3b-4a10-9362-ff4e15dca71d:c6166]
2019-08-10 04:38:52,765 INFO  client.GrpcClientProtocolClient (GrpcClientProtocolClient.java:onNext(255)) - client-A18AB92CDBA5->6c928baf-cc3b-4a10-9362-ff4e15dca71d: receive RaftClientReply:client-A18AB92CDBA5->6c928baf-cc3b-4a10-9362-ff4e15dca71d@group-586430B97ADD, cid=4306, SUCCESS, logIndex=6164, commits[6c928baf-cc3b-4a10-9362-ff4e15dca71d:c6166]
2019-08-10 04:38:52,765 INFO  client.GrpcClientProtocolClient (GrpcClientProtocolClient.java:onNext(255)) - client-A18AB92CDBA5->6c928baf-cc3b-4a10-9362-ff4e15dca71d: receive RaftClientReply:client-A18AB92CDBA5->6c928baf-cc3b-4a10-9362-ff4e15dca71d@group-586430B97ADD, cid=4307, SUCCESS, logIndex=6165, commits[6c928baf-cc3b-4a10-9362-ff4e15dca71d:c6167]
2019-08-10 04:38:52,765 INFO  client.GrpcClientProtocolClient (GrpcClientProtocolClient.java:onNext(255)) - client-A18AB92CDBA5->6c928baf-cc3b-4a10-9362-ff4e15dca71d: receive RaftClientReply:client-A18AB92CDBA5->6c928baf-cc3b-4a10-9362-ff4e15dca71d@group-586430B97ADD, cid=4308, SUCCESS, logIndex=6166, commits[6c928baf-cc3b-4a10-9362-ff4e15dca71d:c6168]
2019-08-10 04:38:52,785 INFO  client.GrpcClientProtocolClient (GrpcClientProtocolClient.java:onNext(255)) - client-A18AB92CDBA5->6c928baf-cc3b-4a10-9362-ff4e15dca71d: receive RaftClientReply:client-A18AB92CDBA5->6c928baf-cc3b-4a10-9362-ff4e15dca71d@group-586430B97ADD, cid=4309, SUCCESS, logIndex=6169, commits[6c928baf-cc3b-4a10-9362-ff4e15dca71d:c6170]
2019-08-10 04:38:52,786 INFO  client.GrpcClientProtocolClient (GrpcClientProtocolClient.java:onNext(255)) - client-A18AB92CDBA5->6c928baf-cc3b-4a10-9362-ff4e15dca71d: receive RaftClientReply:client-A18AB92CDBA5->6c928baf-cc3b-4a10-9362-ff4e15dca71d@group-586430B97ADD, cid=4310, SUCCESS, logIndex=6170, commits[6c928baf-cc3b-4a10-9362-ff4e15dca71d:c6170]
2019-08-10 04:38:52,787 INFO  client.GrpcClientProtocolClient (GrpcClientProtocolClient.java:onNext(255)) - client-A18AB92CDBA5->6c928baf-cc3b-4a10-9362-ff4e15dca71d: receive RaftClientReply:client-A18AB92CDBA5->6c928baf-cc3b-4a10-9362-ff4e15dca71d@group-586430B97ADD, cid=4311, SUCCESS, logIndex=6171, commits[6c928baf-cc3b-4a10-9362-ff4e15dca71d:c6172]
2019-08-10 04:38:52,788 INFO  client.GrpcClientProtocolClient (GrpcClientProtocolClient.java:onNext(255)) - client-A18AB92CDBA5->6c928baf-cc3b-4a10-9362-ff4e15dca71d: receive RaftClientReply:client-A18AB92CDBA5->6c928baf-cc3b-4a10-9362-ff4e15dca71d@group-586430B97ADD, cid=4312, SUCCESS, logIndex=6172, commits[6c928baf-cc3b-4a10-9362-ff4e15dca71d:c6172]
2019-08-10 04:38:52,812 DEBUG block.SCMBlockDeletingService (SCMBlockDeletingService.java:call(138)) - Running DeletedBlockTransactionScanner
2019-08-10 04:38:52,812 DEBUG block.SCMBlockDeletingService (SCMBlockDeletingService.java:call(155)) - Scanned deleted blocks log and got 0 delTX to process.
2019-08-10 04:38:52,820 INFO  client.GrpcClientProtocolClient (GrpcClientProtocolClient.java:onNext(255)) - client-A18AB92CDBA5->6c928baf-cc3b-4a10-9362-ff4e15dca71d: receive RaftClientReply:client-A18AB92CDBA5->6c928baf-cc3b-4a10-9362-ff4e15dca71d@group-586430B97ADD, cid=4313, SUCCESS, logIndex=6175, commits[6c928baf-cc3b-4a10-9362-ff4e15dca71d:c6178]
2019-08-10 04:38:52,820 INFO  client.GrpcClientProtocolClient (GrpcClientProtocolClient.java:onNext(255)) - client-A18AB92CDBA5->6c928baf-cc3b-4a10-9362-ff4e15dca71d: receive RaftClientReply:client-A18AB92CDBA5->6c928baf-cc3b-4a10-9362-ff4e15dca71d@group-586430B97ADD, cid=4314, SUCCESS, logIndex=6176, commits[6c928baf-cc3b-4a10-9362-ff4e15dca71d:c6178]
2019-08-10 04:38:52,821 INFO  client.GrpcClientProtocolClient (GrpcClientProtocolClient.java:onNext(255)) - client-A18AB92CDBA5->6c928baf-cc3b-4a10-9362-ff4e15dca71d: receive RaftClientReply:client-A18AB92CDBA5->6c928baf-cc3b-4a10-9362-ff4e15dca71d@group-586430B97ADD, cid=4315, SUCCESS, logIndex=6177, commits[6c928baf-cc3b-4a10-9362-ff4e15dca71d:c6179]
2019-08-10 04:38:52,821 INFO  client.GrpcClientProtocolClient (GrpcClientProtocolClient.java:onNext(255)) - client-A18AB92CDBA5->6c928baf-cc3b-4a10-9362-ff4e15dca71d: receive RaftClientReply:client-A18AB92CDBA5->6c928baf-cc3b-4a10-9362-ff4e15dca71d@group-586430B97ADD, cid=4316, SUCCESS, logIndex=6178, commits[6c928baf-cc3b-4a10-9362-ff4e15dca71d:c6179]
2019-08-10 04:38:52,840 INFO  client.GrpcClientProtocolClient (GrpcClientProtocolClient.java:onNext(255)) - client-A18AB92CDBA5->6c928baf-cc3b-4a10-9362-ff4e15dca71d: receive RaftClientReply:client-A18AB92CDBA5->6c928baf-cc3b-4a10-9362-ff4e15dca71d@group-586430B97ADD, cid=4317, SUCCESS, logIndex=6181, commits[6c928baf-cc3b-4a10-9362-ff4e15dca71d:c6182]
2019-08-10 04:38:52,840 INFO  client.GrpcClientProtocolClient (GrpcClientProtocolClient.java:onNext(255)) - client-A18AB92CDBA5->6c928baf-cc3b-4a10-9362-ff4e15dca71d: receive RaftClientReply:client-A18AB92CDBA5->6c928baf-cc3b-4a10-9362-ff4e15dca71d@group-586430B97ADD, cid=4318, SUCCESS, logIndex=6182, commits[6c928baf-cc3b-4a10-9362-ff4e15dca71d:c6184]
2019-08-10 04:38:52,840 INFO  client.GrpcClientProtocolClient (GrpcClientProtocolClient.java:onNext(255)) - client-A18AB92CDBA5->6c928baf-cc3b-4a10-9362-ff4e15dca71d: receive RaftClientReply:client-A18AB92CDBA5->6c928baf-cc3b-4a10-9362-ff4e15dca71d@group-586430B97ADD, cid=4319, SUCCESS, logIndex=6183, commits[6c928baf-cc3b-4a10-9362-ff4e15dca71d:c6185]
2019-08-10 04:38:52,840 INFO  client.GrpcClientProtocolClient (GrpcClientProtocolClient.java:onNext(255)) - client-A18AB92CDBA5->6c928baf-cc3b-4a10-9362-ff4e15dca71d: receive RaftClientReply:client-A18AB92CDBA5->6c928baf-cc3b-4a10-9362-ff4e15dca71d@group-586430B97ADD, cid=4320, SUCCESS, logIndex=6184, commits[6c928baf-cc3b-4a10-9362-ff4e15dca71d:c6185]
2019-08-10 04:38:52,874 INFO  client.GrpcClientProtocolClient (GrpcClientProtocolClient.java:onNext(255)) - client-A18AB92CDBA5->6c928baf-cc3b-4a10-9362-ff4e15dca71d: receive RaftClientReply:client-A18AB92CDBA5->6c928baf-cc3b-4a10-9362-ff4e15dca71d@group-586430B97ADD, cid=4321, SUCCESS, logIndex=6187, commits[6c928baf-cc3b-4a10-9362-ff4e15dca71d:c6190]
2019-08-10 04:38:52,874 INFO  client.GrpcClientProtocolClient (GrpcClientProtocolClient.java:onNext(255)) - client-A18AB92CDBA5->6c928baf-cc3b-4a10-9362-ff4e15dca71d: receive RaftClientReply:client-A18AB92CDBA5->6c928baf-cc3b-4a10-9362-ff4e15dca71d@group-586430B97ADD, cid=4322, SUCCESS, logIndex=6188, commits[6c928baf-cc3b-4a10-9362-ff4e15dca71d:c6191]
2019-08-10 04:38:52,874 INFO  client.GrpcClientProtocolClient (GrpcClientProtocolClient.java:onNext(255)) - client-A18AB92CDBA5->6c928baf-cc3b-4a10-9362-ff4e15dca71d: receive RaftClientReply:client-A18AB92CDBA5->6c928baf-cc3b-4a10-9362-ff4e15dca71d@group-586430B97ADD, cid=4323, SUCCESS, logIndex=6189, commits[6c928baf-cc3b-4a10-9362-ff4e15dca71d:c6191]
2019-08-10 04:38:52,875 INFO  client.GrpcClientProtocolClient (GrpcClientProtocolClient.java:onNext(255)) - client-A18AB92CDBA5->6c928baf-cc3b-4a10-9362-ff4e15dca71d: receive RaftClientReply:client-A18AB92CDBA5->6c928baf-cc3b-4a10-9362-ff4e15dca71d@group-586430B97ADD, cid=4324, SUCCESS, logIndex=6190, commits[6c928baf-cc3b-4a10-9362-ff4e15dca71d:c6191]
2019-08-10 04:38:52,893 INFO  client.GrpcClientProtocolClient (GrpcClientProtocolClient.java:onNext(255)) - client-A18AB92CDBA5->6c928baf-cc3b-4a10-9362-ff4e15dca71d: receive RaftClientReply:client-A18AB92CDBA5->6c928baf-cc3b-4a10-9362-ff4e15dca71d@group-586430B97ADD, cid=4325, SUCCESS, logIndex=6192, commits[6c928baf-cc3b-4a10-9362-ff4e15dca71d:c6193]
2019-08-10 04:38:52,893 INFO  client.GrpcClientProtocolClient (GrpcClientProtocolClient.java:onNext(255)) - client-A18AB92CDBA5->6c928baf-cc3b-4a10-9362-ff4e15dca71d: receive RaftClientReply:client-A18AB92CDBA5->6c928baf-cc3b-4a10-9362-ff4e15dca71d@group-586430B97ADD, cid=4326, SUCCESS, logIndex=6193, commits[6c928baf-cc3b-4a10-9362-ff4e15dca71d:c6193]
2019-08-10 04:38:52,896 INFO  client.GrpcClientProtocolClient (GrpcClientProtocolClient.java:onNext(255)) - client-A18AB92CDBA5->6c928baf-cc3b-4a10-9362-ff4e15dca71d: receive RaftClientReply:client-A18AB92CDBA5->6c928baf-cc3b-4a10-9362-ff4e15dca71d@group-586430B97ADD, cid=4327, SUCCESS, logIndex=6194, commits[6c928baf-cc3b-4a10-9362-ff4e15dca71d:c6196]
2019-08-10 04:38:52,896 INFO  client.GrpcClientProtocolClient (GrpcClientProtocolClient.java:onNext(255)) - client-A18AB92CDBA5->6c928baf-cc3b-4a10-9362-ff4e15dca71d: receive RaftClientReply:client-A18AB92CDBA5->6c928baf-cc3b-4a10-9362-ff4e15dca71d@group-586430B97ADD, cid=4328, SUCCESS, logIndex=6195, commits[6c928baf-cc3b-4a10-9362-ff4e15dca71d:c6196]
2019-08-10 04:38:52,913 DEBUG block.SCMBlockDeletingService (SCMBlockDeletingService.java:call(138)) - Running DeletedBlockTransactionScanner
2019-08-10 04:38:52,913 DEBUG block.SCMBlockDeletingService (SCMBlockDeletingService.java:call(155)) - Scanned deleted blocks log and got 0 delTX to process.
2019-08-10 04:38:52,927 INFO  client.GrpcClientProtocolClient (GrpcClientProtocolClient.java:onNext(255)) - client-A18AB92CDBA5->6c928baf-cc3b-4a10-9362-ff4e15dca71d: receive RaftClientReply:client-A18AB92CDBA5->6c928baf-cc3b-4a10-9362-ff4e15dca71d@group-586430B97ADD, cid=4329, SUCCESS, logIndex=6197, commits[6c928baf-cc3b-4a10-9362-ff4e15dca71d:c6198]
2019-08-10 04:38:52,927 INFO  client.GrpcClientProtocolClient (GrpcClientProtocolClient.java:onNext(255)) - client-A18AB92CDBA5->6c928baf-cc3b-4a10-9362-ff4e15dca71d: receive RaftClientReply:client-A18AB92CDBA5->6c928baf-cc3b-4a10-9362-ff4e15dca71d@group-586430B97ADD, cid=4330, SUCCESS, logIndex=6198, commits[6c928baf-cc3b-4a10-9362-ff4e15dca71d:c6200]
2019-08-10 04:38:52,928 INFO  client.GrpcClientProtocolClient (GrpcClientProtocolClient.java:onNext(255)) - client-A18AB92CDBA5->6c928baf-cc3b-4a10-9362-ff4e15dca71d: receive RaftClientReply:client-A18AB92CDBA5->6c928baf-cc3b-4a10-9362-ff4e15dca71d@group-586430B97ADD, cid=4331, SUCCESS, logIndex=6199, commits[6c928baf-cc3b-4a10-9362-ff4e15dca71d:c6200]
2019-08-10 04:38:52,928 INFO  client.GrpcClientProtocolClient (GrpcClientProtocolClient.java:onNext(255)) - client-A18AB92CDBA5->6c928baf-cc3b-4a10-9362-ff4e15dca71d: receive RaftClientReply:client-A18AB92CDBA5->6c928baf-cc3b-4a10-9362-ff4e15dca71d@group-586430B97ADD, cid=4332, SUCCESS, logIndex=6200, commits[6c928baf-cc3b-4a10-9362-ff4e15dca71d:c6200]
2019-08-10 04:38:53,013 DEBUG block.SCMBlockDeletingService (SCMBlockDeletingService.java:call(138)) - Running DeletedBlockTransactionScanner
2019-08-10 04:38:53,013 DEBUG block.SCMBlockDeletingService (SCMBlockDeletingService.java:call(155)) - Scanned deleted blocks log and got 0 delTX to process.
2019-08-10 04:38:53,114 DEBUG block.SCMBlockDeletingService (SCMBlockDeletingService.java:call(138)) - Running DeletedBlockTransactionScanner
2019-08-10 04:38:53,114 DEBUG block.SCMBlockDeletingService (SCMBlockDeletingService.java:call(155)) - Scanned deleted blocks log and got 0 delTX to process.
2019-08-10 04:38:53,215 DEBUG block.SCMBlockDeletingService (SCMBlockDeletingService.java:call(138)) - Running DeletedBlockTransactionScanner
2019-08-10 04:38:53,215 DEBUG block.SCMBlockDeletingService (SCMBlockDeletingService.java:call(155)) - Scanned deleted blocks log and got 0 delTX to process.
2019-08-10 04:38:53,286 INFO  client.GrpcClientProtocolClient (GrpcClientProtocolClient.java:onNext(255)) - client-A18AB92CDBA5->6c928baf-cc3b-4a10-9362-ff4e15dca71d: receive RaftClientReply:client-A18AB92CDBA5->6c928baf-cc3b-4a10-9362-ff4e15dca71d@group-586430B97ADD, cid=4333, SUCCESS, logIndex=6203, commits[6c928baf-cc3b-4a10-9362-ff4e15dca71d:c6206]
2019-08-10 04:38:53,287 INFO  client.GrpcClientProtocolClient (GrpcClientProtocolClient.java:onNext(255)) - client-A18AB92CDBA5->6c928baf-cc3b-4a10-9362-ff4e15dca71d: receive RaftClientReply:client-A18AB92CDBA5->6c928baf-cc3b-4a10-9362-ff4e15dca71d@group-586430B97ADD, cid=4334, SUCCESS, logIndex=6204, commits[6c928baf-cc3b-4a10-9362-ff4e15dca71d:c6206]
2019-08-10 04:38:53,287 INFO  client.GrpcClientProtocolClient (GrpcClientProtocolClient.java:onNext(255)) - client-A18AB92CDBA5->6c928baf-cc3b-4a10-9362-ff4e15dca71d: receive RaftClientReply:client-A18AB92CDBA5->6c928baf-cc3b-4a10-9362-ff4e15dca71d@group-586430B97ADD, cid=4335, SUCCESS, logIndex=6205, commits[6c928baf-cc3b-4a10-9362-ff4e15dca71d:c6206]
2019-08-10 04:38:53,288 INFO  client.GrpcClientProtocolClient (GrpcClientProtocolClient.java:onNext(255)) - client-A18AB92CDBA5->6c928baf-cc3b-4a10-9362-ff4e15dca71d: receive RaftClientReply:client-A18AB92CDBA5->6c928baf-cc3b-4a10-9362-ff4e15dca71d@group-586430B97ADD, cid=4336, SUCCESS, logIndex=6206, commits[6c928baf-cc3b-4a10-9362-ff4e15dca71d:c6206]
2019-08-10 04:38:53,315 DEBUG block.SCMBlockDeletingService (SCMBlockDeletingService.java:call(138)) - Running DeletedBlockTransactionScanner
2019-08-10 04:38:53,315 DEBUG block.SCMBlockDeletingService (SCMBlockDeletingService.java:call(155)) - Scanned deleted blocks log and got 0 delTX to process.
2019-08-10 04:38:53,416 DEBUG block.SCMBlockDeletingService (SCMBlockDeletingService.java:call(138)) - Running DeletedBlockTransactionScanner
2019-08-10 04:38:53,416 DEBUG block.SCMBlockDeletingService (SCMBlockDeletingService.java:call(155)) - Scanned deleted blocks log and got 0 delTX to process.
2019-08-10 04:38:53,516 DEBUG block.SCMBlockDeletingService (SCMBlockDeletingService.java:call(138)) - Running DeletedBlockTransactionScanner
2019-08-10 04:38:53,517 DEBUG block.SCMBlockDeletingService (SCMBlockDeletingService.java:call(155)) - Scanned deleted blocks log and got 0 delTX to process.
2019-08-10 04:38:53,617 DEBUG block.SCMBlockDeletingService (SCMBlockDeletingService.java:call(138)) - Running DeletedBlockTransactionScanner
2019-08-10 04:38:53,617 DEBUG block.SCMBlockDeletingService (SCMBlockDeletingService.java:call(155)) - Scanned deleted blocks log and got 0 delTX to process.
2019-08-10 04:38:53,718 DEBUG block.SCMBlockDeletingService (SCMBlockDeletingService.java:call(138)) - Running DeletedBlockTransactionScanner
2019-08-10 04:38:53,718 DEBUG block.SCMBlockDeletingService (SCMBlockDeletingService.java:call(155)) - Scanned deleted blocks log and got 0 delTX to process.
2019-08-10 04:38:53,818 DEBUG block.SCMBlockDeletingService (SCMBlockDeletingService.java:call(138)) - Running DeletedBlockTransactionScanner
2019-08-10 04:38:53,818 DEBUG block.SCMBlockDeletingService (SCMBlockDeletingService.java:call(155)) - Scanned deleted blocks log and got 0 delTX to process.
2019-08-10 04:38:53,919 DEBUG block.SCMBlockDeletingService (SCMBlockDeletingService.java:call(138)) - Running DeletedBlockTransactionScanner
2019-08-10 04:38:53,919 DEBUG block.SCMBlockDeletingService (SCMBlockDeletingService.java:call(155)) - Scanned deleted blocks log and got 0 delTX to process.
2019-08-10 04:38:54,019 DEBUG block.SCMBlockDeletingService (SCMBlockDeletingService.java:call(138)) - Running DeletedBlockTransactionScanner
2019-08-10 04:38:54,020 DEBUG block.SCMBlockDeletingService (SCMBlockDeletingService.java:call(155)) - Scanned deleted blocks log and got 0 delTX to process.
2019-08-10 04:38:54,120 DEBUG block.SCMBlockDeletingService (SCMBlockDeletingService.java:call(138)) - Running DeletedBlockTransactionScanner
2019-08-10 04:38:54,120 DEBUG block.SCMBlockDeletingService (SCMBlockDeletingService.java:call(155)) - Scanned deleted blocks log and got 0 delTX to process.
2019-08-10 04:38:54,221 DEBUG block.SCMBlockDeletingService (SCMBlockDeletingService.java:call(138)) - Running DeletedBlockTransactionScanner
2019-08-10 04:38:54,221 DEBUG block.SCMBlockDeletingService (SCMBlockDeletingService.java:call(155)) - Scanned deleted blocks log and got 0 delTX to process.
2019-08-10 04:38:54,321 DEBUG block.SCMBlockDeletingService (SCMBlockDeletingService.java:call(138)) - Running DeletedBlockTransactionScanner
2019-08-10 04:38:54,322 DEBUG block.SCMBlockDeletingService (SCMBlockDeletingService.java:call(155)) - Scanned deleted blocks log and got 0 delTX to process.
2019-08-10 04:38:54,422 DEBUG block.SCMBlockDeletingService (SCMBlockDeletingService.java:call(138)) - Running DeletedBlockTransactionScanner
2019-08-10 04:38:54,422 DEBUG block.SCMBlockDeletingService (SCMBlockDeletingService.java:call(155)) - Scanned deleted blocks log and got 0 delTX to process.
2019-08-10 04:38:54,523 DEBUG block.SCMBlockDeletingService (SCMBlockDeletingService.java:call(138)) - Running DeletedBlockTransactionScanner
2019-08-10 04:38:54,523 DEBUG block.SCMBlockDeletingService (SCMBlockDeletingService.java:call(155)) - Scanned deleted blocks log and got 0 delTX to process.
2019-08-10 04:38:54,623 DEBUG block.SCMBlockDeletingService (SCMBlockDeletingService.java:call(138)) - Running DeletedBlockTransactionScanner
2019-08-10 04:38:54,623 DEBUG block.SCMBlockDeletingService (SCMBlockDeletingService.java:call(155)) - Scanned deleted blocks log and got 0 delTX to process.
2019-08-10 04:38:54,724 DEBUG block.SCMBlockDeletingService (SCMBlockDeletingService.java:call(138)) - Running DeletedBlockTransactionScanner
2019-08-10 04:38:54,724 DEBUG block.SCMBlockDeletingService (SCMBlockDeletingService.java:call(155)) - Scanned deleted blocks log and got 0 delTX to process.
2019-08-10 04:38:54,824 DEBUG block.SCMBlockDeletingService (SCMBlockDeletingService.java:call(138)) - Running DeletedBlockTransactionScanner
2019-08-10 04:38:54,825 DEBUG block.SCMBlockDeletingService (SCMBlockDeletingService.java:call(155)) - Scanned deleted blocks log and got 0 delTX to process.
2019-08-10 04:38:54,925 DEBUG block.SCMBlockDeletingService (SCMBlockDeletingService.java:call(138)) - Running DeletedBlockTransactionScanner
2019-08-10 04:38:54,925 DEBUG block.SCMBlockDeletingService (SCMBlockDeletingService.java:call(155)) - Scanned deleted blocks log and got 0 delTX to process.
2019-08-10 04:38:55,026 DEBUG block.SCMBlockDeletingService (SCMBlockDeletingService.java:call(138)) - Running DeletedBlockTransactionScanner
2019-08-10 04:38:55,026 DEBUG block.SCMBlockDeletingService (SCMBlockDeletingService.java:call(155)) - Scanned deleted blocks log and got 0 delTX to process.
2019-08-10 04:38:55,126 DEBUG block.SCMBlockDeletingService (SCMBlockDeletingService.java:call(138)) - Running DeletedBlockTransactionScanner
2019-08-10 04:38:55,126 DEBUG block.SCMBlockDeletingService (SCMBlockDeletingService.java:call(155)) - Scanned deleted blocks log and got 0 delTX to process.
2019-08-10 04:38:55,227 DEBUG block.SCMBlockDeletingService (SCMBlockDeletingService.java:call(138)) - Running DeletedBlockTransactionScanner
2019-08-10 04:38:55,227 DEBUG block.SCMBlockDeletingService (SCMBlockDeletingService.java:call(155)) - Scanned deleted blocks log and got 0 delTX to process.
2019-08-10 04:38:55,327 DEBUG block.SCMBlockDeletingService (SCMBlockDeletingService.java:call(138)) - Running DeletedBlockTransactionScanner
2019-08-10 04:38:55,328 DEBUG block.SCMBlockDeletingService (SCMBlockDeletingService.java:call(155)) - Scanned deleted blocks log and got 0 delTX to process.
2019-08-10 04:38:55,428 DEBUG block.SCMBlockDeletingService (SCMBlockDeletingService.java:call(138)) - Running DeletedBlockTransactionScanner
2019-08-10 04:38:55,428 DEBUG block.SCMBlockDeletingService (SCMBlockDeletingService.java:call(155)) - Scanned deleted blocks log and got 0 delTX to process.
2019-08-10 04:38:55,529 DEBUG block.SCMBlockDeletingService (SCMBlockDeletingService.java:call(138)) - Running DeletedBlockTransactionScanner
2019-08-10 04:38:55,529 DEBUG block.SCMBlockDeletingService (SCMBlockDeletingService.java:call(155)) - Scanned deleted blocks log and got 0 delTX to process.
2019-08-10 04:38:55,629 DEBUG block.SCMBlockDeletingService (SCMBlockDeletingService.java:call(138)) - Running DeletedBlockTransactionScanner
2019-08-10 04:38:55,630 DEBUG block.SCMBlockDeletingService (SCMBlockDeletingService.java:call(155)) - Scanned deleted blocks log and got 0 delTX to process.
2019-08-10 04:38:55,730 DEBUG block.SCMBlockDeletingService (SCMBlockDeletingService.java:call(138)) - Running DeletedBlockTransactionScanner
2019-08-10 04:38:55,730 DEBUG block.SCMBlockDeletingService (SCMBlockDeletingService.java:call(155)) - Scanned deleted blocks log and got 0 delTX to process.
2019-08-10 04:38:55,831 DEBUG block.SCMBlockDeletingService (SCMBlockDeletingService.java:call(138)) - Running DeletedBlockTransactionScanner
2019-08-10 04:38:55,831 DEBUG block.SCMBlockDeletingService (SCMBlockDeletingService.java:call(155)) - Scanned deleted blocks log and got 0 delTX to process.
2019-08-10 04:38:55,874 INFO  client.GrpcClientProtocolClient (GrpcClientProtocolClient.java:onNext(255)) - client-A18AB92CDBA5->6c928baf-cc3b-4a10-9362-ff4e15dca71d: receive RaftClientReply:client-A18AB92CDBA5->6c928baf-cc3b-4a10-9362-ff4e15dca71d@group-586430B97ADD, cid=4337, SUCCESS, logIndex=6208, commits[6c928baf-cc3b-4a10-9362-ff4e15dca71d:c6211]
2019-08-10 04:38:55,875 INFO  client.GrpcClientProtocolClient (GrpcClientProtocolClient.java:onNext(255)) - client-A18AB92CDBA5->6c928baf-cc3b-4a10-9362-ff4e15dca71d: receive RaftClientReply:client-A18AB92CDBA5->6c928baf-cc3b-4a10-9362-ff4e15dca71d@group-586430B97ADD, cid=4338, SUCCESS, logIndex=6209, commits[6c928baf-cc3b-4a10-9362-ff4e15dca71d:c6211]
2019-08-10 04:38:55,875 INFO  client.GrpcClientProtocolClient (GrpcClientProtocolClient.java:onNext(255)) - client-A18AB92CDBA5->6c928baf-cc3b-4a10-9362-ff4e15dca71d: receive RaftClientReply:client-A18AB92CDBA5->6c928baf-cc3b-4a10-9362-ff4e15dca71d@group-586430B97ADD, cid=4339, SUCCESS, logIndex=6210, commits[6c928baf-cc3b-4a10-9362-ff4e15dca71d:c6211]
2019-08-10 04:38:55,876 INFO  client.GrpcClientProtocolClient (GrpcClientProtocolClient.java:onNext(255)) - client-A18AB92CDBA5->6c928baf-cc3b-4a10-9362-ff4e15dca71d: receive RaftClientReply:client-A18AB92CDBA5->6c928baf-cc3b-4a10-9362-ff4e15dca71d@group-586430B97ADD, cid=4340, SUCCESS, logIndex=6211, commits[6c928baf-cc3b-4a10-9362-ff4e15dca71d:c6211]
2019-08-10 04:38:55,931 DEBUG block.SCMBlockDeletingService (SCMBlockDeletingService.java:call(138)) - Running DeletedBlockTransactionScanner
2019-08-10 04:38:55,931 DEBUG block.SCMBlockDeletingService (SCMBlockDeletingService.java:call(155)) - Scanned deleted blocks log and got 0 delTX to process.
2019-08-10 04:38:55,952 INFO  client.GrpcClientProtocolClient (GrpcClientProtocolClient.java:onNext(255)) - client-A18AB92CDBA5->6c928baf-cc3b-4a10-9362-ff4e15dca71d: receive RaftClientReply:client-A18AB92CDBA5->6c928baf-cc3b-4a10-9362-ff4e15dca71d@group-586430B97ADD, cid=4341, SUCCESS, logIndex=6213, commits[6c928baf-cc3b-4a10-9362-ff4e15dca71d:c6216]
2019-08-10 04:38:55,952 INFO  client.GrpcClientProtocolClient (GrpcClientProtocolClient.java:onNext(255)) - client-A18AB92CDBA5->6c928baf-cc3b-4a10-9362-ff4e15dca71d: receive RaftClientReply:client-A18AB92CDBA5->6c928baf-cc3b-4a10-9362-ff4e15dca71d@group-586430B97ADD, cid=4342, SUCCESS, logIndex=6214, commits[6c928baf-cc3b-4a10-9362-ff4e15dca71d:c6217]
2019-08-10 04:38:55,952 INFO  client.GrpcClientProtocolClient (GrpcClientProtocolClient.java:onNext(255)) - client-A18AB92CDBA5->6c928baf-cc3b-4a10-9362-ff4e15dca71d: receive RaftClientReply:client-A18AB92CDBA5->6c928baf-cc3b-4a10-9362-ff4e15dca71d@group-586430B97ADD, cid=4343, SUCCESS, logIndex=6215, commits[6c928baf-cc3b-4a10-9362-ff4e15dca71d:c6217]
2019-08-10 04:38:55,953 INFO  client.GrpcClientProtocolClient (GrpcClientProtocolClient.java:onNext(255)) - client-A18AB92CDBA5->6c928baf-cc3b-4a10-9362-ff4e15dca71d: receive RaftClientReply:client-A18AB92CDBA5->6c928baf-cc3b-4a10-9362-ff4e15dca71d@group-586430B97ADD, cid=4344, SUCCESS, logIndex=6216, commits[6c928baf-cc3b-4a10-9362-ff4e15dca71d:c6217]
2019-08-10 04:38:55,982 INFO  client.GrpcClientProtocolClient (GrpcClientProtocolClient.java:onNext(255)) - client-A18AB92CDBA5->6c928baf-cc3b-4a10-9362-ff4e15dca71d: receive RaftClientReply:client-A18AB92CDBA5->6c928baf-cc3b-4a10-9362-ff4e15dca71d@group-586430B97ADD, cid=4345, SUCCESS, logIndex=6218, commits[6c928baf-cc3b-4a10-9362-ff4e15dca71d:c6219]
2019-08-10 04:38:55,983 INFO  client.GrpcClientProtocolClient (GrpcClientProtocolClient.java:onNext(255)) - client-A18AB92CDBA5->6c928baf-cc3b-4a10-9362-ff4e15dca71d: receive RaftClientReply:client-A18AB92CDBA5->6c928baf-cc3b-4a10-9362-ff4e15dca71d@group-586430B97ADD, cid=4346, SUCCESS, logIndex=6219, commits[6c928baf-cc3b-4a10-9362-ff4e15dca71d:c6221]
2019-08-10 04:38:55,983 INFO  client.GrpcClientProtocolClient (GrpcClientProtocolClient.java:onNext(255)) - client-A18AB92CDBA5->6c928baf-cc3b-4a10-9362-ff4e15dca71d: receive RaftClientReply:client-A18AB92CDBA5->6c928baf-cc3b-4a10-9362-ff4e15dca71d@group-586430B97ADD, cid=4347, SUCCESS, logIndex=6220, commits[6c928baf-cc3b-4a10-9362-ff4e15dca71d:c6221]
2019-08-10 04:38:55,984 INFO  client.GrpcClientProtocolClient (GrpcClientProtocolClient.java:onNext(255)) - client-A18AB92CDBA5->6c928baf-cc3b-4a10-9362-ff4e15dca71d: receive RaftClientReply:client-A18AB92CDBA5->6c928baf-cc3b-4a10-9362-ff4e15dca71d@group-586430B97ADD, cid=4348, SUCCESS, logIndex=6221, commits[6c928baf-cc3b-4a10-9362-ff4e15dca71d:c6222]
2019-08-10 04:38:55,997 INFO  client.GrpcClientProtocolClient (GrpcClientProtocolClient.java:onNext(255)) - client-A18AB92CDBA5->6c928baf-cc3b-4a10-9362-ff4e15dca71d: receive RaftClientReply:client-A18AB92CDBA5->6c928baf-cc3b-4a10-9362-ff4e15dca71d@group-586430B97ADD, cid=4349, SUCCESS, logIndex=6224, commits[6c928baf-cc3b-4a10-9362-ff4e15dca71d:c6225]
2019-08-10 04:38:55,998 INFO  client.GrpcClientProtocolClient (GrpcClientProtocolClient.java:onNext(255)) - client-A18AB92CDBA5->6c928baf-cc3b-4a10-9362-ff4e15dca71d: receive RaftClientReply:client-A18AB92CDBA5->6c928baf-cc3b-4a10-9362-ff4e15dca71d@group-586430B97ADD, cid=4350, SUCCESS, logIndex=6225, commits[6c928baf-cc3b-4a10-9362-ff4e15dca71d:c6225]
2019-08-10 04:38:55,999 INFO  client.GrpcClientProtocolClient (GrpcClientProtocolClient.java:onNext(255)) - client-A18AB92CDBA5->6c928baf-cc3b-4a10-9362-ff4e15dca71d: receive RaftClientReply:client-A18AB92CDBA5->6c928baf-cc3b-4a10-9362-ff4e15dca71d@group-586430B97ADD, cid=4351, SUCCESS, logIndex=6226, commits[6c928baf-cc3b-4a10-9362-ff4e15dca71d:c6227]
2019-08-10 04:38:56,000 INFO  client.GrpcClientProtocolClient (GrpcClientProtocolClient.java:onNext(255)) - client-A18AB92CDBA5->6c928baf-cc3b-4a10-9362-ff4e15dca71d: receive RaftClientReply:client-A18AB92CDBA5->6c928baf-cc3b-4a10-9362-ff4e15dca71d@group-586430B97ADD, cid=4352, SUCCESS, logIndex=6227, commits[6c928baf-cc3b-4a10-9362-ff4e15dca71d:c6227]
2019-08-10 04:38:56,024 INFO  client.GrpcClientProtocolClient (GrpcClientProtocolClient.java:onNext(255)) - client-A18AB92CDBA5->6c928baf-cc3b-4a10-9362-ff4e15dca71d: receive RaftClientReply:client-A18AB92CDBA5->6c928baf-cc3b-4a10-9362-ff4e15dca71d@group-586430B97ADD, cid=4353, SUCCESS, logIndex=6230, commits[6c928baf-cc3b-4a10-9362-ff4e15dca71d:c6231]
2019-08-10 04:38:56,024 INFO  client.GrpcClientProtocolClient (GrpcClientProtocolClient.java:onNext(255)) - client-A18AB92CDBA5->6c928baf-cc3b-4a10-9362-ff4e15dca71d: receive RaftClientReply:client-A18AB92CDBA5->6c928baf-cc3b-4a10-9362-ff4e15dca71d@group-586430B97ADD, cid=4354, SUCCESS, logIndex=6231, commits[6c928baf-cc3b-4a10-9362-ff4e15dca71d:c6231]
2019-08-10 04:38:56,026 INFO  client.GrpcClientProtocolClient (GrpcClientProtocolClient.java:onNext(255)) - client-A18AB92CDBA5->6c928baf-cc3b-4a10-9362-ff4e15dca71d: receive RaftClientReply:client-A18AB92CDBA5->6c928baf-cc3b-4a10-9362-ff4e15dca71d@group-586430B97ADD, cid=4355, SUCCESS, logIndex=6232, commits[6c928baf-cc3b-4a10-9362-ff4e15dca71d:c6233]
2019-08-10 04:38:56,026 INFO  client.GrpcClientProtocolClient (GrpcClientProtocolClient.java:onNext(255)) - client-A18AB92CDBA5->6c928baf-cc3b-4a10-9362-ff4e15dca71d: receive RaftClientReply:client-A18AB92CDBA5->6c928baf-cc3b-4a10-9362-ff4e15dca71d@group-586430B97ADD, cid=4356, SUCCESS, logIndex=6233, commits[6c928baf-cc3b-4a10-9362-ff4e15dca71d:c6233]
2019-08-10 04:38:56,032 DEBUG block.SCMBlockDeletingService (SCMBlockDeletingService.java:call(138)) - Running DeletedBlockTransactionScanner
2019-08-10 04:38:56,032 DEBUG block.SCMBlockDeletingService (SCMBlockDeletingService.java:call(155)) - Scanned deleted blocks log and got 0 delTX to process.
2019-08-10 04:38:56,039 INFO  client.GrpcClientProtocolClient (GrpcClientProtocolClient.java:onNext(255)) - client-A18AB92CDBA5->6c928baf-cc3b-4a10-9362-ff4e15dca71d: receive RaftClientReply:client-A18AB92CDBA5->6c928baf-cc3b-4a10-9362-ff4e15dca71d@group-586430B97ADD, cid=4357, SUCCESS, logIndex=6236, commits[6c928baf-cc3b-4a10-9362-ff4e15dca71d:c6239]
2019-08-10 04:38:56,040 INFO  client.GrpcClientProtocolClient (GrpcClientProtocolClient.java:onNext(255)) - client-A18AB92CDBA5->6c928baf-cc3b-4a10-9362-ff4e15dca71d: receive RaftClientReply:client-A18AB92CDBA5->6c928baf-cc3b-4a10-9362-ff4e15dca71d@group-586430B97ADD, cid=4358, SUCCESS, logIndex=6237, commits[6c928baf-cc3b-4a10-9362-ff4e15dca71d:c6239]
2019-08-10 04:38:56,040 INFO  client.GrpcClientProtocolClient (GrpcClientProtocolClient.java:onNext(255)) - client-A18AB92CDBA5->6c928baf-cc3b-4a10-9362-ff4e15dca71d: receive RaftClientReply:client-A18AB92CDBA5->6c928baf-cc3b-4a10-9362-ff4e15dca71d@group-586430B97ADD, cid=4359, SUCCESS, logIndex=6238, commits[6c928baf-cc3b-4a10-9362-ff4e15dca71d:c6239]
2019-08-10 04:38:56,041 INFO  client.GrpcClientProtocolClient (GrpcClientProtocolClient.java:onNext(255)) - client-A18AB92CDBA5->6c928baf-cc3b-4a10-9362-ff4e15dca71d: receive RaftClientReply:client-A18AB92CDBA5->6c928baf-cc3b-4a10-9362-ff4e15dca71d@group-586430B97ADD, cid=4360, SUCCESS, logIndex=6239, commits[6c928baf-cc3b-4a10-9362-ff4e15dca71d:c6239]
2019-08-10 04:38:56,066 INFO  client.GrpcClientProtocolClient (GrpcClientProtocolClient.java:onNext(255)) - client-A18AB92CDBA5->6c928baf-cc3b-4a10-9362-ff4e15dca71d: receive RaftClientReply:client-A18AB92CDBA5->6c928baf-cc3b-4a10-9362-ff4e15dca71d@group-586430B97ADD, cid=4361, SUCCESS, logIndex=6241, commits[6c928baf-cc3b-4a10-9362-ff4e15dca71d:c6244]
2019-08-10 04:38:56,066 INFO  client.GrpcClientProtocolClient (GrpcClientProtocolClient.java:onNext(255)) - client-A18AB92CDBA5->6c928baf-cc3b-4a10-9362-ff4e15dca71d: receive RaftClientReply:client-A18AB92CDBA5->6c928baf-cc3b-4a10-9362-ff4e15dca71d@group-586430B97ADD, cid=4362, SUCCESS, logIndex=6242, commits[6c928baf-cc3b-4a10-9362-ff4e15dca71d:c6244]
2019-08-10 04:38:56,067 INFO  client.GrpcClientProtocolClient (GrpcClientProtocolClient.java:onNext(255)) - client-A18AB92CDBA5->6c928baf-cc3b-4a10-9362-ff4e15dca71d: receive RaftClientReply:client-A18AB92CDBA5->6c928baf-cc3b-4a10-9362-ff4e15dca71d@group-586430B97ADD, cid=4363, SUCCESS, logIndex=6243, commits[6c928baf-cc3b-4a10-9362-ff4e15dca71d:c6245]
2019-08-10 04:38:56,067 INFO  client.GrpcClientProtocolClient (GrpcClientProtocolClient.java:onNext(255)) - client-A18AB92CDBA5->6c928baf-cc3b-4a10-9362-ff4e15dca71d: receive RaftClientReply:client-A18AB92CDBA5->6c928baf-cc3b-4a10-9362-ff4e15dca71d@group-586430B97ADD, cid=4364, SUCCESS, logIndex=6244, commits[6c928baf-cc3b-4a10-9362-ff4e15dca71d:c6245]
2019-08-10 04:38:56,082 INFO  client.GrpcClientProtocolClient (GrpcClientProtocolClient.java:onNext(255)) - client-A18AB92CDBA5->6c928baf-cc3b-4a10-9362-ff4e15dca71d: receive RaftClientReply:client-A18AB92CDBA5->6c928baf-cc3b-4a10-9362-ff4e15dca71d@group-586430B97ADD, cid=4365, SUCCESS, logIndex=6247, commits[6c928baf-cc3b-4a10-9362-ff4e15dca71d:c6247]
2019-08-10 04:38:56,084 INFO  client.GrpcClientProtocolClient (GrpcClientProtocolClient.java:onNext(255)) - client-A18AB92CDBA5->6c928baf-cc3b-4a10-9362-ff4e15dca71d: receive RaftClientReply:client-A18AB92CDBA5->6c928baf-cc3b-4a10-9362-ff4e15dca71d@group-586430B97ADD, cid=4366, SUCCESS, logIndex=6248, commits[6c928baf-cc3b-4a10-9362-ff4e15dca71d:c6250]
2019-08-10 04:38:56,084 INFO  client.GrpcClientProtocolClient (GrpcClientProtocolClient.java:onNext(255)) - client-A18AB92CDBA5->6c928baf-cc3b-4a10-9362-ff4e15dca71d: receive RaftClientReply:client-A18AB92CDBA5->6c928baf-cc3b-4a10-9362-ff4e15dca71d@group-586430B97ADD, cid=4367, SUCCESS, logIndex=6249, commits[6c928baf-cc3b-4a10-9362-ff4e15dca71d:c6250]
2019-08-10 04:38:56,085 INFO  client.GrpcClientProtocolClient (GrpcClientProtocolClient.java:onNext(255)) - client-A18AB92CDBA5->6c928baf-cc3b-4a10-9362-ff4e15dca71d: receive RaftClientReply:client-A18AB92CDBA5->6c928baf-cc3b-4a10-9362-ff4e15dca71d@group-586430B97ADD, cid=4368, SUCCESS, logIndex=6250, commits[6c928baf-cc3b-4a10-9362-ff4e15dca71d:c6250]
2019-08-10 04:38:56,118 INFO  client.GrpcClientProtocolClient (GrpcClientProtocolClient.java:onNext(255)) - client-A18AB92CDBA5->6c928baf-cc3b-4a10-9362-ff4e15dca71d: receive RaftClientReply:client-A18AB92CDBA5->6c928baf-cc3b-4a10-9362-ff4e15dca71d@group-586430B97ADD, cid=4369, SUCCESS, logIndex=6253, commits[6c928baf-cc3b-4a10-9362-ff4e15dca71d:c6256]
2019-08-10 04:38:56,119 INFO  client.GrpcClientProtocolClient (GrpcClientProtocolClient.java:onNext(255)) - client-A18AB92CDBA5->6c928baf-cc3b-4a10-9362-ff4e15dca71d: receive RaftClientReply:client-A18AB92CDBA5->6c928baf-cc3b-4a10-9362-ff4e15dca71d@group-586430B97ADD, cid=4370, SUCCESS, logIndex=6254, commits[6c928baf-cc3b-4a10-9362-ff4e15dca71d:c6257]
2019-08-10 04:38:56,119 INFO  client.GrpcClientProtocolClient (GrpcClientProtocolClient.java:onNext(255)) - client-A18AB92CDBA5->6c928baf-cc3b-4a10-9362-ff4e15dca71d: receive RaftClientReply:client-A18AB92CDBA5->6c928baf-cc3b-4a10-9362-ff4e15dca71d@group-586430B97ADD, cid=4371, SUCCESS, logIndex=6255, commits[6c928baf-cc3b-4a10-9362-ff4e15dca71d:c6257]
2019-08-10 04:38:56,120 INFO  client.GrpcClientProtocolClient (GrpcClientProtocolClient.java:onNext(255)) - client-A18AB92CDBA5->6c928baf-cc3b-4a10-9362-ff4e15dca71d: receive RaftClientReply:client-A18AB92CDBA5->6c928baf-cc3b-4a10-9362-ff4e15dca71d@group-586430B97ADD, cid=4372, SUCCESS, logIndex=6256, commits[6c928baf-cc3b-4a10-9362-ff4e15dca71d:c6257]
2019-08-10 04:38:56,132 DEBUG block.SCMBlockDeletingService (SCMBlockDeletingService.java:call(138)) - Running DeletedBlockTransactionScanner
2019-08-10 04:38:56,133 DEBUG block.SCMBlockDeletingService (SCMBlockDeletingService.java:call(155)) - Scanned deleted blocks log and got 0 delTX to process.
2019-08-10 04:38:56,134 INFO  client.GrpcClientProtocolClient (GrpcClientProtocolClient.java:onNext(255)) - client-A18AB92CDBA5->6c928baf-cc3b-4a10-9362-ff4e15dca71d: receive RaftClientReply:client-A18AB92CDBA5->6c928baf-cc3b-4a10-9362-ff4e15dca71d@group-586430B97ADD, cid=4373, SUCCESS, logIndex=6258, commits[6c928baf-cc3b-4a10-9362-ff4e15dca71d:c6261]
2019-08-10 04:38:56,135 INFO  client.GrpcClientProtocolClient (GrpcClientProtocolClient.java:onNext(255)) - client-A18AB92CDBA5->6c928baf-cc3b-4a10-9362-ff4e15dca71d: receive RaftClientReply:client-A18AB92CDBA5->6c928baf-cc3b-4a10-9362-ff4e15dca71d@group-586430B97ADD, cid=4374, SUCCESS, logIndex=6259, commits[6c928baf-cc3b-4a10-9362-ff4e15dca71d:c6261]
2019-08-10 04:38:56,135 INFO  client.GrpcClientProtocolClient (GrpcClientProtocolClient.java:onNext(255)) - client-A18AB92CDBA5->6c928baf-cc3b-4a10-9362-ff4e15dca71d: receive RaftClientReply:client-A18AB92CDBA5->6c928baf-cc3b-4a10-9362-ff4e15dca71d@group-586430B97ADD, cid=4375, SUCCESS, logIndex=6260, commits[6c928baf-cc3b-4a10-9362-ff4e15dca71d:c6262]
2019-08-10 04:38:56,135 INFO  client.GrpcClientProtocolClient (GrpcClientProtocolClient.java:onNext(255)) - client-A18AB92CDBA5->6c928baf-cc3b-4a10-9362-ff4e15dca71d: receive RaftClientReply:client-A18AB92CDBA5->6c928baf-cc3b-4a10-9362-ff4e15dca71d@group-586430B97ADD, cid=4376, SUCCESS, logIndex=6261, commits[6c928baf-cc3b-4a10-9362-ff4e15dca71d:c6262]
2019-08-10 04:38:56,233 DEBUG block.SCMBlockDeletingService (SCMBlockDeletingService.java:call(138)) - Running DeletedBlockTransactionScanner
2019-08-10 04:38:56,234 DEBUG block.SCMBlockDeletingService (SCMBlockDeletingService.java:call(155)) - Scanned deleted blocks log and got 0 delTX to process.
2019-08-10 04:38:56,334 DEBUG block.SCMBlockDeletingService (SCMBlockDeletingService.java:call(138)) - Running DeletedBlockTransactionScanner
2019-08-10 04:38:56,334 DEBUG block.SCMBlockDeletingService (SCMBlockDeletingService.java:call(155)) - Scanned deleted blocks log and got 0 delTX to process.
2019-08-10 04:38:56,342 INFO  client.GrpcClientProtocolClient (GrpcClientProtocolClient.java:onNext(255)) - client-A18AB92CDBA5->6c928baf-cc3b-4a10-9362-ff4e15dca71d: receive RaftClientReply:client-A18AB92CDBA5->6c928baf-cc3b-4a10-9362-ff4e15dca71d@group-586430B97ADD, cid=4377, SUCCESS, logIndex=6263, commits[6c928baf-cc3b-4a10-9362-ff4e15dca71d:c6264]
2019-08-10 04:38:56,342 INFO  client.GrpcClientProtocolClient (GrpcClientProtocolClient.java:onNext(255)) - client-A18AB92CDBA5->6c928baf-cc3b-4a10-9362-ff4e15dca71d: receive RaftClientReply:client-A18AB92CDBA5->6c928baf-cc3b-4a10-9362-ff4e15dca71d@group-586430B97ADD, cid=4378, SUCCESS, logIndex=6264, commits[6c928baf-cc3b-4a10-9362-ff4e15dca71d:c6264]
2019-08-10 04:38:56,343 INFO  client.GrpcClientProtocolClient (GrpcClientProtocolClient.java:onNext(255)) - client-A18AB92CDBA5->6c928baf-cc3b-4a10-9362-ff4e15dca71d: receive RaftClientReply:client-A18AB92CDBA5->6c928baf-cc3b-4a10-9362-ff4e15dca71d@group-586430B97ADD, cid=4379, SUCCESS, logIndex=6265, commits[6c928baf-cc3b-4a10-9362-ff4e15dca71d:c6266]
2019-08-10 04:38:56,344 INFO  client.GrpcClientProtocolClient (GrpcClientProtocolClient.java:onNext(255)) - client-A18AB92CDBA5->6c928baf-cc3b-4a10-9362-ff4e15dca71d: receive RaftClientReply:client-A18AB92CDBA5->6c928baf-cc3b-4a10-9362-ff4e15dca71d@group-586430B97ADD, cid=4380, SUCCESS, logIndex=6266, commits[6c928baf-cc3b-4a10-9362-ff4e15dca71d:c6266]
2019-08-10 04:38:56,355 INFO  client.GrpcClientProtocolClient (GrpcClientProtocolClient.java:onNext(255)) - client-A18AB92CDBA5->6c928baf-cc3b-4a10-9362-ff4e15dca71d: receive RaftClientReply:client-A18AB92CDBA5->6c928baf-cc3b-4a10-9362-ff4e15dca71d@group-586430B97ADD, cid=4381, SUCCESS, logIndex=6269, commits[6c928baf-cc3b-4a10-9362-ff4e15dca71d:c6272]
2019-08-10 04:38:56,355 INFO  client.GrpcClientProtocolClient (GrpcClientProtocolClient.java:onNext(255)) - client-A18AB92CDBA5->6c928baf-cc3b-4a10-9362-ff4e15dca71d: receive RaftClientReply:client-A18AB92CDBA5->6c928baf-cc3b-4a10-9362-ff4e15dca71d@group-586430B97ADD, cid=4382, SUCCESS, logIndex=6270, commits[6c928baf-cc3b-4a10-9362-ff4e15dca71d:c6273]
2019-08-10 04:38:56,355 INFO  client.GrpcClientProtocolClient (GrpcClientProtocolClient.java:onNext(255)) - client-A18AB92CDBA5->6c928baf-cc3b-4a10-9362-ff4e15dca71d: receive RaftClientReply:client-A18AB92CDBA5->6c928baf-cc3b-4a10-9362-ff4e15dca71d@group-586430B97ADD, cid=4383, SUCCESS, logIndex=6271, commits[6c928baf-cc3b-4a10-9362-ff4e15dca71d:c6273]
2019-08-10 04:38:56,356 INFO  client.GrpcClientProtocolClient (GrpcClientProtocolClient.java:onNext(255)) - client-A18AB92CDBA5->6c928baf-cc3b-4a10-9362-ff4e15dca71d: receive RaftClientReply:client-A18AB92CDBA5->6c928baf-cc3b-4a10-9362-ff4e15dca71d@group-586430B97ADD, cid=4384, SUCCESS, logIndex=6272, commits[6c928baf-cc3b-4a10-9362-ff4e15dca71d:c6273]
2019-08-10 04:38:56,387 INFO  client.GrpcClientProtocolClient (GrpcClientProtocolClient.java:onNext(255)) - client-A18AB92CDBA5->6c928baf-cc3b-4a10-9362-ff4e15dca71d: receive RaftClientReply:client-A18AB92CDBA5->6c928baf-cc3b-4a10-9362-ff4e15dca71d@group-586430B97ADD, cid=4385, SUCCESS, logIndex=6274, commits[6c928baf-cc3b-4a10-9362-ff4e15dca71d:c6275]
2019-08-10 04:38:56,387 INFO  client.GrpcClientProtocolClient (GrpcClientProtocolClient.java:onNext(255)) - client-A18AB92CDBA5->6c928baf-cc3b-4a10-9362-ff4e15dca71d: receive RaftClientReply:client-A18AB92CDBA5->6c928baf-cc3b-4a10-9362-ff4e15dca71d@group-586430B97ADD, cid=4386, SUCCESS, logIndex=6275, commits[6c928baf-cc3b-4a10-9362-ff4e15dca71d:c6277]
2019-08-10 04:38:56,388 INFO  client.GrpcClientProtocolClient (GrpcClientProtocolClient.java:onNext(255)) - client-A18AB92CDBA5->6c928baf-cc3b-4a10-9362-ff4e15dca71d: receive RaftClientReply:client-A18AB92CDBA5->6c928baf-cc3b-4a10-9362-ff4e15dca71d@group-586430B97ADD, cid=4387, SUCCESS, logIndex=6276, commits[6c928baf-cc3b-4a10-9362-ff4e15dca71d:c6278]
2019-08-10 04:38:56,388 INFO  client.GrpcClientProtocolClient (GrpcClientProtocolClient.java:onNext(255)) - client-A18AB92CDBA5->6c928baf-cc3b-4a10-9362-ff4e15dca71d: receive RaftClientReply:client-A18AB92CDBA5->6c928baf-cc3b-4a10-9362-ff4e15dca71d@group-586430B97ADD, cid=4388, SUCCESS, logIndex=6277, commits[6c928baf-cc3b-4a10-9362-ff4e15dca71d:c6278]
2019-08-10 04:38:56,423 INFO  client.GrpcClientProtocolClient (GrpcClientProtocolClient.java:onNext(255)) - client-A18AB92CDBA5->6c928baf-cc3b-4a10-9362-ff4e15dca71d: receive RaftClientReply:client-A18AB92CDBA5->6c928baf-cc3b-4a10-9362-ff4e15dca71d@group-586430B97ADD, cid=4389, SUCCESS, logIndex=6280, commits[6c928baf-cc3b-4a10-9362-ff4e15dca71d:c6281]
2019-08-10 04:38:56,424 INFO  client.GrpcClientProtocolClient (GrpcClientProtocolClient.java:onNext(255)) - client-A18AB92CDBA5->6c928baf-cc3b-4a10-9362-ff4e15dca71d: receive RaftClientReply:client-A18AB92CDBA5->6c928baf-cc3b-4a10-9362-ff4e15dca71d@group-586430B97ADD, cid=4390, SUCCESS, logIndex=6281, commits[6c928baf-cc3b-4a10-9362-ff4e15dca71d:c6281]
2019-08-10 04:38:56,425 INFO  client.GrpcClientProtocolClient (GrpcClientProtocolClient.java:onNext(255)) - client-A18AB92CDBA5->6c928baf-cc3b-4a10-9362-ff4e15dca71d: receive RaftClientReply:client-A18AB92CDBA5->6c928baf-cc3b-4a10-9362-ff4e15dca71d@group-586430B97ADD, cid=4391, SUCCESS, logIndex=6282, commits[6c928baf-cc3b-4a10-9362-ff4e15dca71d:c6283]
2019-08-10 04:38:56,426 INFO  client.GrpcClientProtocolClient (GrpcClientProtocolClient.java:onNext(255)) - client-A18AB92CDBA5->6c928baf-cc3b-4a10-9362-ff4e15dca71d: receive RaftClientReply:client-A18AB92CDBA5->6c928baf-cc3b-4a10-9362-ff4e15dca71d@group-586430B97ADD, cid=4392, SUCCESS, logIndex=6283, commits[6c928baf-cc3b-4a10-9362-ff4e15dca71d:c6283]
2019-08-10 04:38:56,435 DEBUG block.SCMBlockDeletingService (SCMBlockDeletingService.java:call(138)) - Running DeletedBlockTransactionScanner
2019-08-10 04:38:56,435 DEBUG block.SCMBlockDeletingService (SCMBlockDeletingService.java:call(155)) - Scanned deleted blocks log and got 0 delTX to process.
2019-08-10 04:38:56,454 INFO  client.GrpcClientProtocolClient (GrpcClientProtocolClient.java:onNext(255)) - client-A18AB92CDBA5->6c928baf-cc3b-4a10-9362-ff4e15dca71d: receive RaftClientReply:client-A18AB92CDBA5->6c928baf-cc3b-4a10-9362-ff4e15dca71d@group-586430B97ADD, cid=4393, SUCCESS, logIndex=6286, commits[6c928baf-cc3b-4a10-9362-ff4e15dca71d:c6287]
2019-08-10 04:38:56,455 INFO  client.GrpcClientProtocolClient (GrpcClientProtocolClient.java:onNext(255)) - client-A18AB92CDBA5->6c928baf-cc3b-4a10-9362-ff4e15dca71d: receive RaftClientReply:client-A18AB92CDBA5->6c928baf-cc3b-4a10-9362-ff4e15dca71d@group-586430B97ADD, cid=4394, SUCCESS, logIndex=6287, commits[6c928baf-cc3b-4a10-9362-ff4e15dca71d:c6289]
2019-08-10 04:38:56,455 INFO  client.GrpcClientProtocolClient (GrpcClientProtocolClient.java:onNext(255)) - client-A18AB92CDBA5->6c928baf-cc3b-4a10-9362-ff4e15dca71d: receive RaftClientReply:client-A18AB92CDBA5->6c928baf-cc3b-4a10-9362-ff4e15dca71d@group-586430B97ADD, cid=4395, SUCCESS, logIndex=6288, commits[6c928baf-cc3b-4a10-9362-ff4e15dca71d:c6290]
2019-08-10 04:38:56,455 INFO  client.GrpcClientProtocolClient (GrpcClientProtocolClient.java:onNext(255)) - client-A18AB92CDBA5->6c928baf-cc3b-4a10-9362-ff4e15dca71d: receive RaftClientReply:client-A18AB92CDBA5->6c928baf-cc3b-4a10-9362-ff4e15dca71d@group-586430B97ADD, cid=4396, SUCCESS, logIndex=6289, commits[6c928baf-cc3b-4a10-9362-ff4e15dca71d:c6290]
2019-08-10 04:38:56,469 INFO  client.GrpcClientProtocolClient (GrpcClientProtocolClient.java:onNext(255)) - client-A18AB92CDBA5->6c928baf-cc3b-4a10-9362-ff4e15dca71d: receive RaftClientReply:client-A18AB92CDBA5->6c928baf-cc3b-4a10-9362-ff4e15dca71d@group-586430B97ADD, cid=4397, SUCCESS, logIndex=6292, commits[6c928baf-cc3b-4a10-9362-ff4e15dca71d:c6293]
2019-08-10 04:38:56,469 INFO  client.GrpcClientProtocolClient (GrpcClientProtocolClient.java:onNext(255)) - client-A18AB92CDBA5->6c928baf-cc3b-4a10-9362-ff4e15dca71d: receive RaftClientReply:client-A18AB92CDBA5->6c928baf-cc3b-4a10-9362-ff4e15dca71d@group-586430B97ADD, cid=4398, SUCCESS, logIndex=6293, commits[6c928baf-cc3b-4a10-9362-ff4e15dca71d:c6295]
2019-08-10 04:38:56,469 INFO  client.GrpcClientProtocolClient (GrpcClientProtocolClient.java:onNext(255)) - client-A18AB92CDBA5->6c928baf-cc3b-4a10-9362-ff4e15dca71d: receive RaftClientReply:client-A18AB92CDBA5->6c928baf-cc3b-4a10-9362-ff4e15dca71d@group-586430B97ADD, cid=4399, SUCCESS, logIndex=6294, commits[6c928baf-cc3b-4a10-9362-ff4e15dca71d:c6296]
2019-08-10 04:38:56,470 INFO  client.GrpcClientProtocolClient (GrpcClientProtocolClient.java:onNext(255)) - client-A18AB92CDBA5->6c928baf-cc3b-4a10-9362-ff4e15dca71d: receive RaftClientReply:client-A18AB92CDBA5->6c928baf-cc3b-4a10-9362-ff4e15dca71d@group-586430B97ADD, cid=4400, SUCCESS, logIndex=6295, commits[6c928baf-cc3b-4a10-9362-ff4e15dca71d:c6296]
2019-08-10 04:38:56,503 INFO  client.GrpcClientProtocolClient (GrpcClientProtocolClient.java:onNext(255)) - client-A18AB92CDBA5->6c928baf-cc3b-4a10-9362-ff4e15dca71d: receive RaftClientReply:client-A18AB92CDBA5->6c928baf-cc3b-4a10-9362-ff4e15dca71d@group-586430B97ADD, cid=4401, SUCCESS, logIndex=6298, commits[6c928baf-cc3b-4a10-9362-ff4e15dca71d:c6299]
2019-08-10 04:38:56,504 INFO  client.GrpcClientProtocolClient (GrpcClientProtocolClient.java:onNext(255)) - client-A18AB92CDBA5->6c928baf-cc3b-4a10-9362-ff4e15dca71d: receive RaftClientReply:client-A18AB92CDBA5->6c928baf-cc3b-4a10-9362-ff4e15dca71d@group-586430B97ADD, cid=4402, SUCCESS, logIndex=6299, commits[6c928baf-cc3b-4a10-9362-ff4e15dca71d:c6299]
2019-08-10 04:38:56,506 INFO  client.GrpcClientProtocolClient (GrpcClientProtocolClient.java:onNext(255)) - client-A18AB92CDBA5->6c928baf-cc3b-4a10-9362-ff4e15dca71d: receive RaftClientReply:client-A18AB92CDBA5->6c928baf-cc3b-4a10-9362-ff4e15dca71d@group-586430B97ADD, cid=4403, SUCCESS, logIndex=6300, commits[6c928baf-cc3b-4a10-9362-ff4e15dca71d:c6301]
2019-08-10 04:38:56,506 INFO  client.GrpcClientProtocolClient (GrpcClientProtocolClient.java:onNext(255)) - client-A18AB92CDBA5->6c928baf-cc3b-4a10-9362-ff4e15dca71d: receive RaftClientReply:client-A18AB92CDBA5->6c928baf-cc3b-4a10-9362-ff4e15dca71d@group-586430B97ADD, cid=4404, SUCCESS, logIndex=6301, commits[6c928baf-cc3b-4a10-9362-ff4e15dca71d:c6301]
2019-08-10 04:38:56,529 INFO  client.GrpcClientProtocolClient (GrpcClientProtocolClient.java:onNext(255)) - client-A18AB92CDBA5->6c928baf-cc3b-4a10-9362-ff4e15dca71d: receive RaftClientReply:client-A18AB92CDBA5->6c928baf-cc3b-4a10-9362-ff4e15dca71d@group-586430B97ADD, cid=4405, SUCCESS, logIndex=6304, commits[6c928baf-cc3b-4a10-9362-ff4e15dca71d:c6307]
2019-08-10 04:38:56,529 INFO  client.GrpcClientProtocolClient (GrpcClientProtocolClient.java:onNext(255)) - client-A18AB92CDBA5->6c928baf-cc3b-4a10-9362-ff4e15dca71d: receive RaftClientReply:client-A18AB92CDBA5->6c928baf-cc3b-4a10-9362-ff4e15dca71d@group-586430B97ADD, cid=4406, SUCCESS, logIndex=6305, commits[6c928baf-cc3b-4a10-9362-ff4e15dca71d:c6308]
2019-08-10 04:38:56,529 INFO  client.GrpcClientProtocolClient (GrpcClientProtocolClient.java:onNext(255)) - client-A18AB92CDBA5->6c928baf-cc3b-4a10-9362-ff4e15dca71d: receive RaftClientReply:client-A18AB92CDBA5->6c928baf-cc3b-4a10-9362-ff4e15dca71d@group-586430B97ADD, cid=4407, SUCCESS, logIndex=6306, commits[6c928baf-cc3b-4a10-9362-ff4e15dca71d:c6308]
2019-08-10 04:38:56,530 INFO  client.GrpcClientProtocolClient (GrpcClientProtocolClient.java:onNext(255)) - client-A18AB92CDBA5->6c928baf-cc3b-4a10-9362-ff4e15dca71d: receive RaftClientReply:client-A18AB92CDBA5->6c928baf-cc3b-4a10-9362-ff4e15dca71d@group-586430B97ADD, cid=4408, SUCCESS, logIndex=6307, commits[6c928baf-cc3b-4a10-9362-ff4e15dca71d:c6308]
2019-08-10 04:38:56,535 DEBUG block.SCMBlockDeletingService (SCMBlockDeletingService.java:call(138)) - Running DeletedBlockTransactionScanner
2019-08-10 04:38:56,535 DEBUG block.SCMBlockDeletingService (SCMBlockDeletingService.java:call(155)) - Scanned deleted blocks log and got 0 delTX to process.
2019-08-10 04:38:56,564 INFO  client.GrpcClientProtocolClient (GrpcClientProtocolClient.java:onNext(255)) - client-A18AB92CDBA5->6c928baf-cc3b-4a10-9362-ff4e15dca71d: receive RaftClientReply:client-A18AB92CDBA5->6c928baf-cc3b-4a10-9362-ff4e15dca71d@group-586430B97ADD, cid=4409, SUCCESS, logIndex=6309, commits[6c928baf-cc3b-4a10-9362-ff4e15dca71d:c6310]
2019-08-10 04:38:56,564 INFO  client.GrpcClientProtocolClient (GrpcClientProtocolClient.java:onNext(255)) - client-A18AB92CDBA5->6c928baf-cc3b-4a10-9362-ff4e15dca71d: receive RaftClientReply:client-A18AB92CDBA5->6c928baf-cc3b-4a10-9362-ff4e15dca71d@group-586430B97ADD, cid=4410, SUCCESS, logIndex=6310, commits[6c928baf-cc3b-4a10-9362-ff4e15dca71d:c6312]
2019-08-10 04:38:56,564 INFO  client.GrpcClientProtocolClient (GrpcClientProtocolClient.java:onNext(255)) - client-A18AB92CDBA5->6c928baf-cc3b-4a10-9362-ff4e15dca71d: receive RaftClientReply:client-A18AB92CDBA5->6c928baf-cc3b-4a10-9362-ff4e15dca71d@group-586430B97ADD, cid=4411, SUCCESS, logIndex=6311, commits[6c928baf-cc3b-4a10-9362-ff4e15dca71d:c6313]
2019-08-10 04:38:56,565 INFO  client.GrpcClientProtocolClient (GrpcClientProtocolClient.java:onNext(255)) - client-A18AB92CDBA5->6c928baf-cc3b-4a10-9362-ff4e15dca71d: receive RaftClientReply:client-A18AB92CDBA5->6c928baf-cc3b-4a10-9362-ff4e15dca71d@group-586430B97ADD, cid=4412, SUCCESS, logIndex=6312, commits[6c928baf-cc3b-4a10-9362-ff4e15dca71d:c6313]
2019-08-10 04:38:56,588 INFO  client.GrpcClientProtocolClient (GrpcClientProtocolClient.java:onNext(255)) - client-A18AB92CDBA5->6c928baf-cc3b-4a10-9362-ff4e15dca71d: receive RaftClientReply:client-A18AB92CDBA5->6c928baf-cc3b-4a10-9362-ff4e15dca71d@group-586430B97ADD, cid=4413, SUCCESS, logIndex=6315, commits[6c928baf-cc3b-4a10-9362-ff4e15dca71d:c6318]
2019-08-10 04:38:56,588 INFO  client.GrpcClientProtocolClient (GrpcClientProtocolClient.java:onNext(255)) - client-A18AB92CDBA5->6c928baf-cc3b-4a10-9362-ff4e15dca71d: receive RaftClientReply:client-A18AB92CDBA5->6c928baf-cc3b-4a10-9362-ff4e15dca71d@group-586430B97ADD, cid=4414, SUCCESS, logIndex=6316, commits[6c928baf-cc3b-4a10-9362-ff4e15dca71d:c6319]
2019-08-10 04:38:56,588 INFO  client.GrpcClientProtocolClient (GrpcClientProtocolClient.java:onNext(255)) - client-A18AB92CDBA5->6c928baf-cc3b-4a10-9362-ff4e15dca71d: receive RaftClientReply:client-A18AB92CDBA5->6c928baf-cc3b-4a10-9362-ff4e15dca71d@group-586430B97ADD, cid=4415, SUCCESS, logIndex=6317, commits[6c928baf-cc3b-4a10-9362-ff4e15dca71d:c6319]
2019-08-10 04:38:56,589 INFO  client.GrpcClientProtocolClient (GrpcClientProtocolClient.java:onNext(255)) - client-A18AB92CDBA5->6c928baf-cc3b-4a10-9362-ff4e15dca71d: receive RaftClientReply:client-A18AB92CDBA5->6c928baf-cc3b-4a10-9362-ff4e15dca71d@group-586430B97ADD, cid=4416, SUCCESS, logIndex=6318, commits[6c928baf-cc3b-4a10-9362-ff4e15dca71d:c6319]
2019-08-10 04:38:56,622 INFO  client.GrpcClientProtocolClient (GrpcClientProtocolClient.java:onNext(255)) - client-A18AB92CDBA5->6c928baf-cc3b-4a10-9362-ff4e15dca71d: receive RaftClientReply:client-A18AB92CDBA5->6c928baf-cc3b-4a10-9362-ff4e15dca71d@group-586430B97ADD, cid=4417, SUCCESS, logIndex=6320, commits[6c928baf-cc3b-4a10-9362-ff4e15dca71d:c6321]
2019-08-10 04:38:56,622 INFO  client.GrpcClientProtocolClient (GrpcClientProtocolClient.java:onNext(255)) - client-A18AB92CDBA5->6c928baf-cc3b-4a10-9362-ff4e15dca71d: receive RaftClientReply:client-A18AB92CDBA5->6c928baf-cc3b-4a10-9362-ff4e15dca71d@group-586430B97ADD, cid=4418, SUCCESS, logIndex=6321, commits[6c928baf-cc3b-4a10-9362-ff4e15dca71d:c6323]
2019-08-10 04:38:56,623 INFO  client.GrpcClientProtocolClient (GrpcClientProtocolClient.java:onNext(255)) - client-A18AB92CDBA5->6c928baf-cc3b-4a10-9362-ff4e15dca71d: receive RaftClientReply:client-A18AB92CDBA5->6c928baf-cc3b-4a10-9362-ff4e15dca71d@group-586430B97ADD, cid=4419, SUCCESS, logIndex=6322, commits[6c928baf-cc3b-4a10-9362-ff4e15dca71d:c6324]
2019-08-10 04:38:56,623 INFO  client.GrpcClientProtocolClient (GrpcClientProtocolClient.java:onNext(255)) - client-A18AB92CDBA5->6c928baf-cc3b-4a10-9362-ff4e15dca71d: receive RaftClientReply:client-A18AB92CDBA5->6c928baf-cc3b-4a10-9362-ff4e15dca71d@group-586430B97ADD, cid=4420, SUCCESS, logIndex=6323, commits[6c928baf-cc3b-4a10-9362-ff4e15dca71d:c6325]
2019-08-10 04:38:56,636 DEBUG block.SCMBlockDeletingService (SCMBlockDeletingService.java:call(138)) - Running DeletedBlockTransactionScanner
2019-08-10 04:38:56,636 DEBUG block.SCMBlockDeletingService (SCMBlockDeletingService.java:call(155)) - Scanned deleted blocks log and got 0 delTX to process.
2019-08-10 04:38:56,640 INFO  client.GrpcClientProtocolClient (GrpcClientProtocolClient.java:onNext(255)) - client-A18AB92CDBA5->6c928baf-cc3b-4a10-9362-ff4e15dca71d: receive RaftClientReply:client-A18AB92CDBA5->6c928baf-cc3b-4a10-9362-ff4e15dca71d@group-586430B97ADD, cid=4421, SUCCESS, logIndex=6326, commits[6c928baf-cc3b-4a10-9362-ff4e15dca71d:c6327]
2019-08-10 04:38:56,641 INFO  client.GrpcClientProtocolClient (GrpcClientProtocolClient.java:onNext(255)) - client-A18AB92CDBA5->6c928baf-cc3b-4a10-9362-ff4e15dca71d: receive RaftClientReply:client-A18AB92CDBA5->6c928baf-cc3b-4a10-9362-ff4e15dca71d@group-586430B97ADD, cid=4422, SUCCESS, logIndex=6327, commits[6c928baf-cc3b-4a10-9362-ff4e15dca71d:c6327]
2019-08-10 04:38:56,736 DEBUG block.SCMBlockDeletingService (SCMBlockDeletingService.java:call(138)) - Running DeletedBlockTransactionScanner
2019-08-10 04:38:56,736 DEBUG block.SCMBlockDeletingService (SCMBlockDeletingService.java:call(155)) - Scanned deleted blocks log and got 0 delTX to process.
2019-08-10 04:38:56,837 DEBUG block.SCMBlockDeletingService (SCMBlockDeletingService.java:call(138)) - Running DeletedBlockTransactionScanner
2019-08-10 04:38:56,837 DEBUG block.SCMBlockDeletingService (SCMBlockDeletingService.java:call(155)) - Scanned deleted blocks log and got 0 delTX to process.
2019-08-10 04:38:56,937 DEBUG block.SCMBlockDeletingService (SCMBlockDeletingService.java:call(138)) - Running DeletedBlockTransactionScanner
2019-08-10 04:38:56,938 DEBUG block.SCMBlockDeletingService (SCMBlockDeletingService.java:call(155)) - Scanned deleted blocks log and got 0 delTX to process.
2019-08-10 04:38:57,038 DEBUG block.SCMBlockDeletingService (SCMBlockDeletingService.java:call(138)) - Running DeletedBlockTransactionScanner
2019-08-10 04:38:57,038 DEBUG block.SCMBlockDeletingService (SCMBlockDeletingService.java:call(155)) - Scanned deleted blocks log and got 0 delTX to process.
2019-08-10 04:38:57,138 DEBUG block.SCMBlockDeletingService (SCMBlockDeletingService.java:call(138)) - Running DeletedBlockTransactionScanner
2019-08-10 04:38:57,139 DEBUG block.SCMBlockDeletingService (SCMBlockDeletingService.java:call(155)) - Scanned deleted blocks log and got 0 delTX to process.
2019-08-10 04:38:57,239 DEBUG block.SCMBlockDeletingService (SCMBlockDeletingService.java:call(138)) - Running DeletedBlockTransactionScanner
2019-08-10 04:38:57,239 DEBUG block.SCMBlockDeletingService (SCMBlockDeletingService.java:call(155)) - Scanned deleted blocks log and got 0 delTX to process.
2019-08-10 04:38:57,250 INFO  server.SCMBlockProtocolServer (SCMBlockProtocolServer.java:deleteKeyBlocks(205)) - SCM is informed by OM to delete 1 blocks
2019-08-10 04:38:57,251 INFO  block.BlockManagerImpl (BlockManagerImpl.java:deleteBlocks(269)) - Deleting blocks conID: 1 locID: 102590832264151041 bcsId: 0,conID: 2 locID: 102590832264413186 bcsId: 0,conID: 3 locID: 102590832264478723 bcsId: 0,conID: 1 locID: 102590832264609796 bcsId: 0,conID: 2 locID: 102590832264675333 bcsId: 0,conID: 3 locID: 102590832264675334 bcsId: 0,conID: 1 locID: 102590832641114119 bcsId: 0,conID: 2 locID: 102590832656973832 bcsId: 0,conID: 3 locID: 102590832664248329 bcsId: 0,conID: 1 locID: 102590832669097994 bcsId: 0,conID: 2 locID: 102590832673423371 bcsId: 0,conID: 3 locID: 102590832682860556 bcsId: 0,conID: 1 locID: 102590832693936141 bcsId: 0,conID: 2 locID: 102590832698523662 bcsId: 0,conID: 3 locID: 102590832702849039 bcsId: 0,conID: 1 locID: 102590832707108880 bcsId: 0,conID: 2 locID: 102590832712089617 bcsId: 0,conID: 3 locID: 102590832725262354 bcsId: 0,conID: 1 locID: 102590832729260051 bcsId: 0,conID: 2 locID: 102590832733585428 bcsId: 0,conID: 3 locID: 102590832737583125 bcsId: 0,conID: 1 locID: 102590832741449750 bcsId: 0,conID: 2 locID: 102590832745512983 bcsId: 0,conID: 3 locID: 102590832759341080 bcsId: 0,conID: 1 locID: 102590832763207705 bcsId: 0,conID: 2 locID: 102590832766877722 bcsId: 0,conID: 3 locID: 102590832770482203 bcsId: 0,conID: 1 locID: 102590832773759004 bcsId: 0,conID: 2 locID: 102590832792567837 bcsId: 0,conID: 3 locID: 102590832796434462 bcsId: 0,conID: 1 locID: 102590832800104479 bcsId: 0,conID: 2 locID: 102590832803774496 bcsId: 0,conID: 3 locID: 102590832807772193 bcsId: 0,conID: 1 locID: 102590832811376674 bcsId: 0,conID: 2 locID: 102590832822255651 bcsId: 0,conID: 3 locID: 102590832825991204 bcsId: 0,conID: 1 locID: 102590832829661221 bcsId: 0,conID: 2 locID: 102590832833265702 bcsId: 0,conID: 3 locID: 102590832838311975 bcsId: 0,conID: 1 locID: 102590832849715240 bcsId: 0,conID: 2 locID: 102590832853450793 bcsId: 0,conID: 3 locID: 102590832858169386 bcsId: 0,conID: 1 locID: 102590832861446187 bcsId: 0,conID: 2 locID: 102590832864788524 bcsId: 0,conID: 3 locID: 102590832868458541 bcsId: 0,conID: 1 locID: 102590832887398446 bcsId: 0,conID: 2 locID: 102590832892444719 bcsId: 0,conID: 3 locID: 102590832896245808 bcsId: 0,conID: 1 locID: 102590832899850289 bcsId: 0,conID: 2 locID: 102590832903258162 bcsId: 0,conID: 3 locID: 102590832912760883 bcsId: 0,conID: 1 locID: 102590832916299828 bcsId: 0,conID: 2 locID: 102590832920625205 bcsId: 0,conID: 3 locID: 102590832923770934 bcsId: 0,conID: 1 locID: 102590832927309879 bcsId: 0,conID: 2 locID: 102590832930652216 bcsId: 0,conID: 3 locID: 102590832945791033 bcsId: 0,conID: 1 locID: 102590832949002298 bcsId: 0,conID: 2 locID: 102590832951689275 bcsId: 0,conID: 3 locID: 102590832954900540 bcsId: 0,conID: 1 locID: 102590832957784125 bcsId: 0,conID: 2 locID: 102590832966762558 bcsId: 0,conID: 3 locID: 102590832969973823 bcsId: 0,conID: 1 locID: 102590832978690112 bcsId: 0,conID: 2 locID: 102590832982491201 bcsId: 0,conID: 3 locID: 102590832986095682 bcsId: 0,conID: 1 locID: 102590832989765699 bcsId: 0,conID: 2 locID: 102590833000841284 bcsId: 0,conID: 3 locID: 102590833004380229 bcsId: 0,conID: 1 locID: 102590833007984710 bcsId: 0,conID: 2 locID: 102590833011392583 bcsId: 0,conID: 3 locID: 102590833014800456 bcsId: 0,conID: 1 locID: 102590833032560713 bcsId: 0,conID: 2 locID: 102590833036230730 bcsId: 0,conID: 3 locID: 102590833039769675 bcsId: 0,conID: 1 locID: 102590833043177548 bcsId: 0,conID: 2 locID: 102590833046650957 bcsId: 0,conID: 3 locID: 102590833050189902 bcsId: 0,conID: 1 locID: 102590833059430479 bcsId: 0,conID: 2 locID: 102590833062969424 bcsId: 0,conID: 3 locID: 102590833066311761 bcsId: 0,conID: 1 locID: 102590833069129810 bcsId: 0,conID: 2 locID: 102590833077715027 bcsId: 0,conID: 3 locID: 102590833088594004 bcsId: 0,conID: 1 locID: 102590833092001877 bcsId: 0,conID: 2 locID: 102590833097179222 bcsId: 0,conID: 3 locID: 102590833101111383 bcsId: 0,conID: 1 locID: 102590833104715864 bcsId: 0,conID: 2 locID: 102590833108189273 bcsId: 0,conID: 3 locID: 102590833118478426 bcsId: 0,conID: 1 locID: 102590833126932571 bcsId: 0,conID: 2 locID: 102590833130471516 bcsId: 0,conID: 3 locID: 102590833133944925 bcsId: 0,conID: 1 locID: 102590833138335838 bcsId: 0,conID: 2 locID: 102590833149018207 bcsId: 0,conID: 3 locID: 102590833152688224 bcsId: 0,conID: 1 locID: 102590833156816993 bcsId: 0,conID: 2 locID: 102590833161076834 bcsId: 0,conID: 3 locID: 102590833165008995 bcsId: 0,conID: 1 locID: 102590833170055268 bcsId: 0,conID: 2 locID: 102590833187684453 bcsId: 0,conID: 3 locID: 102590833191551078 bcsId: 0,conID: 1 locID: 102590833195679847 bcsId: 0,conID: 2 locID: 102590833199284328 bcsId: 0,conID: 3 locID: 102590833202823273 bcsId: 0,conID: 1 locID: 102590833212391530 bcsId: 0,conID: 2 locID: 102590833215996011 bcsId: 0,conID: 3 locID: 102590833224253548 bcsId: 0,conID: 1 locID: 102590833228120173 bcsId: 0,conID: 2 locID: 102590833231462510 bcsId: 0,conID: 3 locID: 102590833234477167 bcsId: 0,conID: 1 locID: 102590833243521136 bcsId: 0,conID: 2 locID: 102590833247060081 bcsId: 0,conID: 3 locID: 102590833251450994 bcsId: 0,conID: 1 locID: 102590833254727795 bcsId: 0,conID: 2 locID: 102590833258135668 bcsId: 0,conID: 3 locID: 102590833261412469 bcsId: 0,conID: 1 locID: 102590833277010038 bcsId: 0,conID: 2 locID: 102590833280680055 bcsId: 0,conID: 3 locID: 102590833283956856 bcsId: 0,conID: 1 locID: 102590833287102585 bcsId: 0,conID: 2 locID: 102590833290313850 bcsId: 0,conID: 3 locID: 102590833299619963 bcsId: 0,conID: 1 locID: 102590833302438012 bcsId: 0,conID: 2 locID: 102590833305256061 bcsId: 0,conID: 3 locID: 102590833308532862 bcsId: 0,conID: 1 locID: 102590833316003967 bcsId: 0,conID: 2 locID: 102590833320329344 bcsId: 0,conID: 3 locID: 102590833330946177 bcsId: 0,conID: 1 locID: 102590833334616194 bcsId: 0,conID: 2 locID: 102590833338679427 bcsId: 0,conID: 3 locID: 102590833342087300 bcsId: 0,conID: 1 locID: 102590833345560709 bcsId: 0,conID: 2 locID: 102590833357422726 bcsId: 0,conID: 3 locID: 102590833366597767 bcsId: 0,conID: 1 locID: 102590833370661000 bcsId: 0,conID: 2 locID: 102590833374134409 bcsId: 0,conID: 3 locID: 102590833377935498 bcsId: 0,conID: 1 locID: 102590833381998731 bcsId: 0,conID: 2 locID: 102590833391501452 bcsId: 0,conID: 3 locID: 102590833394974861 bcsId: 0,conID: 1 locID: 102590833398448270 bcsId: 0,conID: 2 locID: 102590833401921679 bcsId: 0,conID: 3 locID: 102590833406443664 bcsId: 0,conID: 1 locID: 102590833423483025 bcsId: 0,conID: 2 locID: 102590833427087506 bcsId: 0,conID: 3 locID: 102590833430691987 bcsId: 0,conID: 1 locID: 102590833433968788 bcsId: 0,conID: 2 locID: 102590833437376661 bcsId: 0,conID: 3 locID: 102590833441374358 bcsId: 0,conID: 1 locID: 102590833451532439 bcsId: 0,conID: 2 locID: 102590833454678168 bcsId: 0,conID: 3 locID: 102590833462083737 bcsId: 0,conID: 1 locID: 102590833466015898 bcsId: 0,conID: 2 locID: 102590833469227163 bcsId: 0,conID: 3 locID: 102590833478992028 bcsId: 0,conID: 1 locID: 102590833482334365 bcsId: 0,conID: 2 locID: 102590833485611166 bcsId: 0,conID: 3 locID: 102590833488887967 bcsId: 0,conID: 1 locID: 102590833492557984 bcsId: 0,conID: 2 locID: 102590833496162465 bcsId: 0,conID: 3 locID: 102590833513332898 bcsId: 0,conID: 1 locID: 102590833516740771 bcsId: 0,conID: 2 locID: 102590833520017572 bcsId: 0,conID: 3 locID: 102590833523359909 bcsId: 0,conID: 1 locID: 102590833526571174 bcsId: 0,conID: 2 locID: 102590833535615143 bcsId: 0,conID: 3 locID: 102590833538039976 bcsId: 0,conID: 1 locID: 102590833540595881 bcsId: 0,conID: 2 locID: 102590833542955178 bcsId: 0,conID: 3 locID: 102590833550295211 bcsId: 0,conID: 1 locID: 102590833553768620 bcsId: 0,conID: 2 locID: 102590833564057773 bcsId: 0,conID: 3 locID: 102590833567334574 bcsId: 0,conID: 1 locID: 102590833571463343 bcsId: 0,conID: 2 locID: 102590833574871216 bcsId: 0,conID: 3 locID: 102590833578541233 bcsId: 0,conID: 1 locID: 102590833589813426 bcsId: 0,conID: 2 locID: 102590833598005427 bcsId: 0,conID: 3 locID: 102590833601347764 bcsId: 0,conID: 1 locID: 102590833604690101 bcsId: 0,conID: 2 locID: 102590833608032438 bcsId: 0,conID: 3 locID: 102590833611440311 bcsId: 0,conID: 1 locID: 102590833620353208 bcsId: 0,conID: 2 locID: 102590833623433401 bcsId: 0,conID: 3 locID: 102590833626775738 bcsId: 0,conID: 1 locID: 102590833630314683 bcsId: 0,conID: 2 locID: 102590833633394876 bcsId: 0,conID: 3 locID: 102590833648992445 bcsId: 0,conID: 1 locID: 102590833652203710 bcsId: 0,conID: 2 locID: 102590833655480511 bcsId: 0,conID: 3 locID: 102590833658822848 bcsId: 0,conID: 1 locID: 102590833662361793 bcsId: 0,conID: 2 locID: 102590833665573058 bcsId: 0,conID: 3 locID: 102590833674944707 bcsId: 0,conID: 1 locID: 102590833678287044 bcsId: 0,conID: 2 locID: 102590833681694917 bcsId: 0,conID: 3 locID: 102590833709678790 bcsId: 0,conID: 1 locID: 102590833714528455 bcsId: 0,conID: 2 locID: 102590833725472968 bcsId: 0,conID: 3 locID: 102590833728422089 bcsId: 0,conID: 1 locID: 102590833731829962 bcsId: 0,conID: 2 locID: 102590833735106763 bcsId: 0,conID: 3 locID: 102590833738449100 bcsId: 0,conID: 1 locID: 102590833741725901 bcsId: 0,conID: 2 locID: 102590833753850062 bcsId: 0,conID: 3 locID: 102590833757454543 bcsId: 0,conID: 1 locID: 102590833760862416 bcsId: 0,conID: 2 locID: 102590833764270289 bcsId: 0,conID: 3 locID: 102590833768005842 bcsId: 0,conID: 1 locID: 102590833777901779 bcsId: 0,conID: 2 locID: 102590833780588756 bcsId: 0,conID: 3 locID: 102590833783865557 bcsId: 0,conID: 1 locID: 102590833787076822 bcsId: 0,conID: 2 locID: 102590833791008983 bcsId: 0,conID: 3 locID: 102590833794351320 bcsId: 0,conID: 1 locID: 102590833809686745 bcsId: 0,conID: 2 locID: 102590833813225690 bcsId: 0,conID: 3 locID: 102590833816699099 bcsId: 0,conID: 1 locID: 102590833820041436 bcsId: 0,conID: 2 locID: 102590833823645917 bcsId: 0,conID: 3 locID: 102590833826529502 bcsId: 0,conID: 1 locID: 102590833836818655 bcsId: 0,conID: 2 locID: 102590833839898848 bcsId: 0,conID: 3 locID: 102590833844027617 bcsId: 0,conID: 1 locID: 102590833848090850 bcsId: 0,conID: 2 locID: 102590833851564259 bcsId: 0,conID: 3 locID: 102590833868275940 bcsId: 0,conID: 1 locID: 102590833871487205 bcsId: 0,conID: 2 locID: 102590833874764006 bcsId: 0,conID: 3 locID: 102590833878040807 bcsId: 0,conID: 1 locID: 102590833881448680 bcsId: 0,conID: 2 locID: 102590833884659945 bcsId: 0,conID: 3 locID: 102590833894621418 bcsId: 0,conID: 1 locID: 102590833897898219 bcsId: 0,conID: 2 locID: 102590833901109484 bcsId: 0,conID: 3 locID: 102590833904386285 bcsId: 0,conID: 1 locID: 102590833907597550 bcsId: 0,conID: 2 locID: 102590833921818863 bcsId: 0,conID: 3 locID: 102590833924964592 bcsId: 0,conID: 1 locID: 102590833928175857 bcsId: 0,conID: 2 locID: 102590833931321586 bcsId: 0,conID: 3 locID: 102590833934467315 bcsId: 0,conID: 1 locID: 102590833937416436 bcsId: 0,conID: 2 locID: 102590833947705589 bcsId: 0,conID: 3 locID: 102590833950916854 bcsId: 0,conID: 1 locID: 102590833954390263 bcsId: 0,conID: 2 locID: 102590833957732600 bcsId: 0,conID: 3 locID: 102590833961337081 bcsId: 0,conID: 1 locID: 102590833977131258 bcsId: 0,conID: 2 locID: 102590833980866811 bcsId: 0,conID: 3 locID: 102590833984274684 bcsId: 0,conID: 1 locID: 102590833988600061 bcsId: 0,conID: 2 locID: 102590833992401150 bcsId: 0,conID: 3 locID: 102590833996202239 bcsId: 0,conID: 1 locID: 102590834007671040 bcsId: 0,conID: 2 locID: 102590834011209985 bcsId: 0,conID: 3 locID: 102590834015076610 bcsId: 0,conID: 1 locID: 102590834018550019 bcsId: 0,conID: 2 locID: 102590834022351108 bcsId: 0,conID: 3 locID: 102590834038800645 bcsId: 0,conID: 1 locID: 102590834043060486 bcsId: 0,conID: 2 locID: 102590834046402823 bcsId: 0,conID: 3 locID: 102590834049351944 bcsId: 0,conID: 1 locID: 102590834052104457 bcsId: 0,conID: 2 locID: 102590834054398218 bcsId: 0,conID: 3 locID: 102590834063442187 bcsId: 0,conID: 1 locID: 102590834066981132 bcsId: 0,conID: 2 locID: 102590834070520077 bcsId: 0,conID: 3 locID: 102590834074124558 bcsId: 0,conID: 1 locID: 102590834077532431 bcsId: 0,conID: 2 locID: 102590834093654288 bcsId: 0,conID: 3 locID: 102590834097586449 bcsId: 0,conID: 1 locID: 102590834101059858 bcsId: 0,conID: 2 locID: 102590834104729875 bcsId: 0,conID: 3 locID: 102590834107810068 bcsId: 0,conID: 1 locID: 102590834111217941 bcsId: 0,conID: 2 locID: 102590834120720662 bcsId: 0,conID: 3 locID: 102590834124128535 bcsId: 0,conID: 1 locID: 102590834127274264 bcsId: 0,conID: 2 locID: 102590834130551065 bcsId: 0,conID: 3 locID: 102590834133893402 bcsId: 0,conID: 1 locID: 102590834150080795 bcsId: 0,conID: 2 locID: 102590834153554204 bcsId: 0,conID: 3 locID: 102590834158141725 bcsId: 0,conID: 1 locID: 102590834161549598 bcsId: 0,conID: 2 locID: 102590834165547295 bcsId: 0,conID: 3 locID: 102590834169086240 bcsId: 0,conID: 1 locID: 102590834181013793 bcsId: 0,conID: 2 locID: 102590834184683810 bcsId: 0,conID: 3 locID: 102590834188550435 bcsId: 0,conID: 1 locID: 102590834192285988 bcsId: 0,conID: 2 locID: 102590834196152613 bcsId: 0,conID: 3 locID: 102590834208538918 bcsId: 0,conID: 1 locID: 102590834218631463 bcsId: 0,conID: 2 locID: 102590834222432552 bcsId: 0,conID: 3 locID: 102590834226364713 bcsId: 0,conID: 1 locID: 102590834230231338 bcsId: 0,conID: 2 locID: 102590834234163499 bcsId: 0,conID: 3 locID: 102590834243666220 bcsId: 0,conID: 1 locID: 102590834247336237 bcsId: 0,conID: 2 locID: 102590834250875182 bcsId: 0,conID: 3 locID: 102590834254479663 bcsId: 0,conID: 1 locID: 102590834257822000 bcsId: 0,conID: 2 locID: 102590834267259185 bcsId: 0,conID: 3 locID: 102590834291179826 bcsId: 0,conID: 1 locID: 102590834294784307 bcsId: 0,conID: 2 locID: 102590834303238452 bcsId: 0,conID: 3 locID: 102590834306842933 bcsId: 0,conID: 1 locID: 102590834310840630 bcsId: 0,conID: 2 locID: 102590834320933175 bcsId: 0,conID: 3 locID: 102590834324209976 bcsId: 0,conID: 1 locID: 102590834327814457 bcsId: 0,conID: 2 locID: 102590834331615546 bcsId: 0,conID: 3 locID: 102590834335088955 bcsId: 0,conID: 1 locID: 102590834347016508 bcsId: 0,conID: 2 locID: 102590834350293309 bcsId: 0,conID: 3 locID: 102590834353897790 bcsId: 0,conID: 1 locID: 102590834357371199 bcsId: 0,conID: 2 locID: 102590834360779072 bcsId: 0,conID: 3 locID: 102590834365432129 bcsId: 0,conID: 1 locID: 102590834382209346 bcsId: 0,conID: 2 locID: 102590834385420611 bcsId: 0,conID: 3 locID: 102590834388762948 bcsId: 0,conID: 1 locID: 102590834392170821 bcsId: 0,conID: 2 locID: 102590834395775302 bcsId: 0,conID: 3 locID: 102590834399707463 bcsId: 0,conID: 1 locID: 102590834410389832 bcsId: 0,conID: 2 locID: 102590834413797705 bcsId: 0,conID: 3 locID: 102590834416943434 bcsId: 0,conID: 1 locID: 102590834420416843 bcsId: 0,conID: 2 locID: 102590834423955788 bcsId: 0,conID: 3 locID: 102590834439160141 bcsId: 0,conID: 1 locID: 102590834442436942 bcsId: 0,conID: 2 locID: 102590834445844815 bcsId: 0,conID: 3 locID: 102590834449252688 bcsId: 0,conID: 1 locID: 102590834453184849 bcsId: 0,conID: 2 locID: 102590834456527186 bcsId: 0,conID: 3 locID: 102590834466881875 bcsId: 0,conID: 1 locID: 102590834470879572 bcsId: 0,conID: 2 locID: 102590834474221909 bcsId: 0,conID: 3 locID: 102590834477629782 bcsId: 0,conID: 1 locID: 102590834481103191 bcsId: 0,conID: 2 locID: 102590834497028440 bcsId: 0,conID: 3 locID: 102590834500239705 bcsId: 0,conID: 1 locID: 102590834503188826 bcsId: 0,conID: 2 locID: 102590834506334555 bcsId: 0,conID: 3 locID: 102590834509545820 bcsId: 0,conID: 1 locID: 102590834512822621 bcsId: 0,conID: 2 locID: 102590834521735518 bcsId: 0,conID: 3 locID: 102590834525405535 bcsId: 0,conID: 1 locID: 102590834528944480 bcsId: 0,conID: 2 locID: 102590834532286817 bcsId: 0,conID: 3 locID: 102590834535563618 bcsId: 0,conID: 1 locID: 102590834550374755 bcsId: 0,conID: 2 locID: 102590834553651556 bcsId: 0,conID: 3 locID: 102590834557059429 bcsId: 0,conID: 1 locID: 102590834560467302 bcsId: 0,conID: 2 locID: 102590834564202855 bcsId: 0,conID: 3 locID: 102590834567479656 bcsId: 0,conID: 1 locID: 102590834576720233 bcsId: 0,conID: 2 locID: 102590834580128106 bcsId: 0,conID: 3 locID: 102590834583798123 bcsId: 0,conID: 1 locID: 102590834587140460 bcsId: 0,conID: 2 locID: 102590834589892973 bcsId: 0,conID: 3 locID: 102590834604966254 bcsId: 0,conID: 1 locID: 102590834608570735 bcsId: 0,conID: 2 locID: 102590834612044144 bcsId: 0,conID: 3 locID: 102590834615320945 bcsId: 0,conID: 1 locID: 102590834697175410 bcsId: 0,conID: 2 locID: 102590835498549619 bcsId: 0,conID: 3 locID: 102590835511656820 bcsId: 0,conID: 1 locID: 102590835515392373 bcsId: 0,conID: 2 locID: 102590835519586678 bcsId: 0,conID: 3 locID: 102590835524174199 bcsId: 0,conID: 1 locID: 102590835530662264 bcsId: 0,conID: 2 locID: 102590835541148025 bcsId: 0,conID: 3 locID: 102590835544818042 bcsId: 0,conID: 1 locID: 102590835548225915 bcsId: 0,conID: 2 locID: 102590835551502716 bcsId: 0,conID: 3 locID: 102590835554976125 bcsId: 0,conID: 1 locID: 102590835559825790 bcsId: 0,conID: 2 locID: 102590835569000831 bcsId: 0,conID: 3 locID: 102590835572277632 bcsId: 0,conID: 1 locID: 102590835576078721 bcsId: 0,conID: 2 locID: 102590835579158914 bcsId: 0,conID: 3 locID: 102590835582370179 bcsId: 0,conID: 1 locID: 102590835595411844 bcsId: 0,conID: 2 locID: 102590835599016325 bcsId: 0,conID: 3 locID: 102590835602555270 bcsId: 0,conID: 1 locID: 102590835606094215 bcsId: 0,conID: 2 locID: 102590835609960840 bcsId: 0,conID: 3 locID: 102590835613172105 bcsId: 0,conID: 1 locID: 102590835623395722 bcsId: 0,conID: 2 locID: 102590835626803595 bcsId: 0,conID: 3 locID: 102590835630211468 bcsId: 0,conID: 1 locID: 102590835633619341 bcsId: 0,conID: 2 locID: 102590835636830606 bcsId: 0,conID: 3 locID: 102590835653017999 bcsId: 0,conID: 1 locID: 102590835656556944 bcsId: 0,conID: 2 locID: 102590835660816785 bcsId: 0,conID: 3 locID: 102590835664486802 bcsId: 0,conID: 1 locID: 102590835667960211 bcsId: 0,conID: 2 locID: 102590835671630228 bcsId: 0,conID: 3 locID: 102590835681984917 bcsId: 0,conID: 1 locID: 102590835684147606 bcsId: 0,conID: 2 locID: 102590835686769047 bcsId: 0,conID: 3 locID: 102590835689390488 bcsId: 0,conID: 1 locID: 102590835691553177 bcsId: 0,conID: 2 locID: 102590835725042074 bcsId: 0,conID: 3 locID: 102590835727991195 bcsId: 0,conID: 1 locID: 102590835731267996 bcsId: 0,conID: 2 locID: 102590835736117661 bcsId: 0,conID: 3 locID: 102590835739591070 bcsId: 0,conID: 1 locID: 102590835743195551 bcsId: 0,conID: 2 locID: 102590835753353632 bcsId: 0,conID: 3 locID: 102590835756302753 bcsId: 0,conID: 1 locID: 102590835759776162 bcsId: 0,conID: 2 locID: 102590835762921891 bcsId: 0,conID: 3 locID: 102590835766264228 bcsId: 0,conID: 1 locID: 102590835780485541 bcsId: 0,conID: 2 locID: 102590835784417702 bcsId: 0,conID: 3 locID: 102590835787760039 bcsId: 0,conID: 1 locID: 102590835791036840 bcsId: 0,conID: 2 locID: 102590835793985961 bcsId: 0,conID: 3 locID: 102590835797459370 bcsId: 0,conID: 1 locID: 102590835807289771 bcsId: 0,conID: 2 locID: 102590835811418540 bcsId: 0,conID: 3 locID: 102590835815023021 bcsId: 0,conID: 1 locID: 102590835821773230 bcsId: 0,conID: 2 locID: 102590835825705391 bcsId: 0,conID: 3 locID: 102590835829506480 bcsId: 0,conID: 1 locID: 102590835847201201 bcsId: 0,conID: 2 locID: 102590835851002290 bcsId: 0,conID: 3 locID: 102590835854737843 bcsId: 0,conID: 1 locID: 102590835858538932 bcsId: 0,conID: 2 locID: 102590835861881269 bcsId: 0,conID: 3 locID: 102590835874070966 bcsId: 0,conID: 1 locID: 102590835877740983 bcsId: 0,conID: 2 locID: 102590835881083320 bcsId: 0,conID: 3 locID: 102590835884753337 bcsId: 0,conID: 1 locID: 102590835888161210 bcsId: 0,conID: 2 locID: 102590835892289979 bcsId: 0,conID: 3 locID: 102590835907822012 bcsId: 0,conID: 1 locID: 102590835911688637 bcsId: 0,conID: 2 locID: 102590835915227582 bcsId: 0,conID: 3 locID: 102590835918700991 bcsId: 0,conID: 1 locID: 102590835922829760 bcsId: 0,conID: 2 locID: 102590835932594625 bcsId: 0,conID: 3 locID: 102590835936002498 bcsId: 0,conID: 1 locID: 102590835940327875 bcsId: 0,conID: 2 locID: 102590835943866820 bcsId: 0,conID: 3 locID: 102590835947405765 bcsId: 0,conID: 1 locID: 102590835950879174 bcsId: 0,conID: 2 locID: 102590835960775111 bcsId: 0,conID: 3 locID: 102590835968967112 bcsId: 0,conID: 1 locID: 102590835972833737 bcsId: 0,conID: 2 locID: 102590835976765898 bcsId: 0,conID: 3 locID: 102590835980566987 bcsId: 0,conID: 1 locID: 102590835992429004 bcsId: 0,conID: 2 locID: 102590835996295629 bcsId: 0,conID: 3 locID: 102590835999572430 bcsId: 0,conID: 1 locID: 102590836002324943 bcsId: 0,conID: 2 locID: 102590836005863888 bcsId: 0,conID: 3 locID: 102590836009075153 bcsId: 0,conID: 1 locID: 102590836019691986 bcsId: 0,conID: 2 locID: 102590836023034323 bcsId: 0,conID: 3 locID: 102590836031685076 bcsId: 0,conID: 1 locID: 102590836035289557 bcsId: 0,conID: 2 locID: 102590836039483862 bcsId: 0,conID: 3 locID: 102590836049969623 bcsId: 0,conID: 1 locID: 102590836053836248 bcsId: 0,conID: 2 locID: 102590836058882521 bcsId: 0,conID: 3 locID: 102590836063797722 bcsId: 0,conID: 1 locID: 102590836067729883 bcsId: 0,conID: 2 locID: 102590836071399900 bcsId: 0,conID: 3 locID: 102590836084441565 bcsId: 0,conID: 1 locID: 102590836088766942 bcsId: 0,conID: 2 locID: 102590836092764639 bcsId: 0,conID: 3 locID: 102590836101612000 bcsId: 0,conID: 1 locID: 102590836105806305 bcsId: 0,conID: 2 locID: 102590836117733858 bcsId: 0,conID: 3 locID: 102590836122255843 bcsId: 0,conID: 1 locID: 102590836126122468 bcsId: 0,conID: 2 locID: 102590836129989093 bcsId: 0,conID: 3 locID: 102590836133855718 bcsId: 0,conID: 1 locID: 102590836137460199 bcsId: 0,conID: 2 locID: 102590836147487208 bcsId: 0,conID: 3 locID: 102590836153713129 bcsId: 0,conID: 1 locID: 102590836157448682 bcsId: 0,conID: 2 locID: 102590836165837291 bcsId: 0,conID: 3 locID: 102590836169310700 bcsId: 0,conID: 1 locID: 102590836179730925 bcsId: 0,conID: 2 locID: 102590836183204334 bcsId: 0,conID: 3 locID: 102590836187070959 bcsId: 0,conID: 1 locID: 102590836190806512 bcsId: 0,conID: 2 locID: 102590836194410993 bcsId: 0,conID: 3 locID: 102590836197818866 bcsId: 0,conID: 1 locID: 102590836208566771 bcsId: 0,conID: 2 locID: 102590836211712500 bcsId: 0,conID: 3 locID: 102590836215513589 bcsId: 0,conID: 1 locID: 102590836219183606 bcsId: 0,conID: 2 locID: 102590836227834359 bcsId: 0,conID: 3 locID: 102590836237337080 bcsId: 0,conID: 1 locID: 102590836240417273 bcsId: 0,conID: 2 locID: 102590836243759610 bcsId: 0,conID: 3 locID: 102590836247495163 bcsId: 0,conID: 1 locID: 102590836251230716 bcsId: 0,conID: 2 locID: 102590836255097341 bcsId: 0,conID: 3 locID: 102590836265386494 bcsId: 0,conID: 1 locID: 102590836269187583 bcsId: 0,conID: 2 locID: 102590836274037248 bcsId: 0,conID: 3 locID: 102590836278034945 bcsId: 0,conID: 1 locID: 102590836282032642 bcsId: 0,conID: 2 locID: 102590836298351107 bcsId: 0,conID: 3 locID: 102590836301890052 bcsId: 0,conID: 1 locID: 102590836305625605 bcsId: 0,conID: 2 locID: 102590836309885446 bcsId: 0,conID: 3 locID: 102590836313817607 bcsId: 0,conID: 1 locID: 102590836317422088 bcsId: 0,conID: 2 locID: 102590836328497673 bcsId: 0,conID: 3 locID: 102590836331381258 bcsId: 0,conID: 1 locID: 102590836334920203 bcsId: 0,conID: 2 locID: 102590836338393612 bcsId: 0,conID: 3 locID: 102590836341473805 bcsId: 0,conID: 1 locID: 102590836359102990 bcsId: 0,conID: 2 locID: 102590836363035151 bcsId: 0,conID: 3 locID: 102590836366705168 bcsId: 0,conID: 1 locID: 102590836370506257 bcsId: 0,conID: 2 locID: 102590836373717522 bcsId: 0,conID: 3 locID: 102590836377190931 bcsId: 0,conID: 1 locID: 102590836386562580 bcsId: 0,conID: 2 locID: 102590836390035989 bcsId: 0,conID: 3 locID: 102590836393509398 bcsId: 0,conID: 1 locID: 102590836397965847 bcsId: 0,conID: 2 locID: 102590836401046040 bcsId: 0,conID: 3 locID: 102590836404519449 bcsId: 0,conID: 1 locID: 102590836419461658 bcsId: 0,conID: 2 locID: 102590836423983643 bcsId: 0,conID: 3 locID: 102590836427653660 bcsId: 0,conID: 1 locID: 102590836431061533 bcsId: 0,conID: 2 locID: 102590836434731550 bcsId: 0,conID: 3 locID: 102590836460421663 bcsId: 0,conID: 1 locID: 102590836635140640 bcsId: 0,conID: 2 locID: 102590836638089761 bcsId: 0,conID: 3 locID: 102590836640842274 bcsId: 0,conID: 1 locID: 102590836643660323 bcsId: 0,conID: 2 locID: 102590836647068196 bcsId: 0,conID: 3 locID: 102590836661420581 bcsId: 0,conID: 1 locID: 102590836666073638 bcsId: 0,conID: 2 locID: 102590836668957223 bcsId: 0,conID: 3 locID: 102590836672889384 bcsId: 0,conID: 1 locID: 102590836676690473 bcsId: 0
2019-08-10 04:38:57,340 DEBUG block.SCMBlockDeletingService (SCMBlockDeletingService.java:call(138)) - Running DeletedBlockTransactionScanner
2019-08-10 04:38:57,341 DEBUG block.SCMBlockDeletingService (SCMBlockDeletingService.java:call(155)) - Scanned deleted blocks log and got 0 delTX to process.
2019-08-10 04:38:57,441 DEBUG block.SCMBlockDeletingService (SCMBlockDeletingService.java:call(138)) - Running DeletedBlockTransactionScanner
2019-08-10 04:38:57,442 DEBUG block.SCMBlockDeletingService (SCMBlockDeletingService.java:call(155)) - Scanned deleted blocks log and got 0 delTX to process.
2019-08-10 04:38:57,542 DEBUG block.SCMBlockDeletingService (SCMBlockDeletingService.java:call(138)) - Running DeletedBlockTransactionScanner
2019-08-10 04:38:57,543 DEBUG block.SCMBlockDeletingService (SCMBlockDeletingService.java:call(155)) - Scanned deleted blocks log and got 0 delTX to process.
2019-08-10 04:38:57,643 DEBUG block.SCMBlockDeletingService (SCMBlockDeletingService.java:call(138)) - Running DeletedBlockTransactionScanner
2019-08-10 04:38:57,644 DEBUG block.SCMBlockDeletingService (SCMBlockDeletingService.java:call(155)) - Scanned deleted blocks log and got 0 delTX to process.
2019-08-10 04:38:57,744 DEBUG block.SCMBlockDeletingService (SCMBlockDeletingService.java:call(138)) - Running DeletedBlockTransactionScanner
2019-08-10 04:38:57,745 DEBUG block.SCMBlockDeletingService (SCMBlockDeletingService.java:call(155)) - Scanned deleted blocks log and got 0 delTX to process.
2019-08-10 04:38:57,845 DEBUG block.SCMBlockDeletingService (SCMBlockDeletingService.java:call(138)) - Running DeletedBlockTransactionScanner
2019-08-10 04:38:57,846 DEBUG block.SCMBlockDeletingService (SCMBlockDeletingService.java:call(155)) - Scanned deleted blocks log and got 0 delTX to process.
2019-08-10 04:38:57,946 DEBUG block.SCMBlockDeletingService (SCMBlockDeletingService.java:call(138)) - Running DeletedBlockTransactionScanner
2019-08-10 04:38:57,947 DEBUG block.SCMBlockDeletingService (SCMBlockDeletingService.java:call(155)) - Scanned deleted blocks log and got 0 delTX to process.
2019-08-10 04:38:58,047 DEBUG block.SCMBlockDeletingService (SCMBlockDeletingService.java:call(138)) - Running DeletedBlockTransactionScanner
2019-08-10 04:38:58,048 DEBUG block.SCMBlockDeletingService (SCMBlockDeletingService.java:call(155)) - Scanned deleted blocks log and got 0 delTX to process.
2019-08-10 04:38:58,148 DEBUG block.SCMBlockDeletingService (SCMBlockDeletingService.java:call(138)) - Running DeletedBlockTransactionScanner
2019-08-10 04:38:58,148 DEBUG block.SCMBlockDeletingService (SCMBlockDeletingService.java:call(155)) - Scanned deleted blocks log and got 0 delTX to process.
2019-08-10 04:38:58,249 DEBUG block.SCMBlockDeletingService (SCMBlockDeletingService.java:call(138)) - Running DeletedBlockTransactionScanner
2019-08-10 04:38:58,249 DEBUG block.SCMBlockDeletingService (SCMBlockDeletingService.java:call(155)) - Scanned deleted blocks log and got 0 delTX to process.
2019-08-10 04:38:58,350 DEBUG block.SCMBlockDeletingService (SCMBlockDeletingService.java:call(138)) - Running DeletedBlockTransactionScanner
2019-08-10 04:38:58,350 DEBUG block.SCMBlockDeletingService (SCMBlockDeletingService.java:call(155)) - Scanned deleted blocks log and got 0 delTX to process.
2019-08-10 04:38:58,451 DEBUG block.SCMBlockDeletingService (SCMBlockDeletingService.java:call(138)) - Running DeletedBlockTransactionScanner
2019-08-10 04:38:58,451 DEBUG block.SCMBlockDeletingService (SCMBlockDeletingService.java:call(155)) - Scanned deleted blocks log and got 0 delTX to process.
2019-08-10 04:38:58,552 DEBUG block.SCMBlockDeletingService (SCMBlockDeletingService.java:call(138)) - Running DeletedBlockTransactionScanner
2019-08-10 04:38:58,552 DEBUG block.SCMBlockDeletingService (SCMBlockDeletingService.java:call(155)) - Scanned deleted blocks log and got 0 delTX to process.
2019-08-10 04:38:58,653 DEBUG block.SCMBlockDeletingService (SCMBlockDeletingService.java:call(138)) - Running DeletedBlockTransactionScanner
2019-08-10 04:38:58,653 DEBUG block.SCMBlockDeletingService (SCMBlockDeletingService.java:call(155)) - Scanned deleted blocks log and got 0 delTX to process.
2019-08-10 04:38:58,754 DEBUG block.SCMBlockDeletingService (SCMBlockDeletingService.java:call(138)) - Running DeletedBlockTransactionScanner
2019-08-10 04:38:58,754 DEBUG block.SCMBlockDeletingService (SCMBlockDeletingService.java:call(155)) - Scanned deleted blocks log and got 0 delTX to process.
2019-08-10 04:38:58,854 DEBUG block.SCMBlockDeletingService (SCMBlockDeletingService.java:call(138)) - Running DeletedBlockTransactionScanner
2019-08-10 04:38:58,855 DEBUG block.SCMBlockDeletingService (SCMBlockDeletingService.java:call(155)) - Scanned deleted blocks log and got 0 delTX to process.
2019-08-10 04:38:58,955 DEBUG block.SCMBlockDeletingService (SCMBlockDeletingService.java:call(138)) - Running DeletedBlockTransactionScanner
2019-08-10 04:38:58,956 DEBUG block.SCMBlockDeletingService (SCMBlockDeletingService.java:call(155)) - Scanned deleted blocks log and got 0 delTX to process.
2019-08-10 04:38:59,056 DEBUG block.SCMBlockDeletingService (SCMBlockDeletingService.java:call(138)) - Running DeletedBlockTransactionScanner
2019-08-10 04:38:59,057 DEBUG block.SCMBlockDeletingService (SCMBlockDeletingService.java:call(155)) - Scanned deleted blocks log and got 0 delTX to process.
2019-08-10 04:38:59,157 DEBUG block.SCMBlockDeletingService (SCMBlockDeletingService.java:call(138)) - Running DeletedBlockTransactionScanner
2019-08-10 04:38:59,158 DEBUG block.SCMBlockDeletingService (SCMBlockDeletingService.java:call(155)) - Scanned deleted blocks log and got 0 delTX to process.
2019-08-10 04:38:59,258 DEBUG block.SCMBlockDeletingService (SCMBlockDeletingService.java:call(138)) - Running DeletedBlockTransactionScanner
2019-08-10 04:38:59,259 DEBUG block.SCMBlockDeletingService (SCMBlockDeletingService.java:call(155)) - Scanned deleted blocks log and got 0 delTX to process.
2019-08-10 04:38:59,359 DEBUG block.SCMBlockDeletingService (SCMBlockDeletingService.java:call(138)) - Running DeletedBlockTransactionScanner
2019-08-10 04:38:59,360 DEBUG block.SCMBlockDeletingService (SCMBlockDeletingService.java:call(155)) - Scanned deleted blocks log and got 0 delTX to process.
2019-08-10 04:38:59,460 DEBUG block.SCMBlockDeletingService (SCMBlockDeletingService.java:call(138)) - Running DeletedBlockTransactionScanner
2019-08-10 04:38:59,461 DEBUG block.SCMBlockDeletingService (SCMBlockDeletingService.java:call(155)) - Scanned deleted blocks log and got 0 delTX to process.
2019-08-10 04:38:59,561 DEBUG block.SCMBlockDeletingService (SCMBlockDeletingService.java:call(138)) - Running DeletedBlockTransactionScanner
2019-08-10 04:38:59,562 DEBUG block.SCMBlockDeletingService (SCMBlockDeletingService.java:call(155)) - Scanned deleted blocks log and got 0 delTX to process.
2019-08-10 04:38:59,662 DEBUG block.SCMBlockDeletingService (SCMBlockDeletingService.java:call(138)) - Running DeletedBlockTransactionScanner
2019-08-10 04:38:59,663 DEBUG block.SCMBlockDeletingService (SCMBlockDeletingService.java:call(155)) - Scanned deleted blocks log and got 0 delTX to process.
2019-08-10 04:38:59,763 DEBUG block.SCMBlockDeletingService (SCMBlockDeletingService.java:call(138)) - Running DeletedBlockTransactionScanner
2019-08-10 04:38:59,764 DEBUG block.SCMBlockDeletingService (SCMBlockDeletingService.java:call(155)) - Scanned deleted blocks log and got 0 delTX to process.
2019-08-10 04:38:59,864 DEBUG block.SCMBlockDeletingService (SCMBlockDeletingService.java:call(138)) - Running DeletedBlockTransactionScanner
2019-08-10 04:38:59,865 DEBUG block.SCMBlockDeletingService (SCMBlockDeletingService.java:call(155)) - Scanned deleted blocks log and got 0 delTX to process.
2019-08-10 04:38:59,965 DEBUG block.SCMBlockDeletingService (SCMBlockDeletingService.java:call(138)) - Running DeletedBlockTransactionScanner
2019-08-10 04:38:59,966 DEBUG block.SCMBlockDeletingService (SCMBlockDeletingService.java:call(155)) - Scanned deleted blocks log and got 0 delTX to process.
2019-08-10 04:39:00,066 DEBUG block.SCMBlockDeletingService (SCMBlockDeletingService.java:call(138)) - Running DeletedBlockTransactionScanner
2019-08-10 04:39:00,067 DEBUG block.SCMBlockDeletingService (SCMBlockDeletingService.java:call(155)) - Scanned deleted blocks log and got 0 delTX to process.
2019-08-10 04:39:00,167 DEBUG block.SCMBlockDeletingService (SCMBlockDeletingService.java:call(138)) - Running DeletedBlockTransactionScanner
2019-08-10 04:39:00,168 DEBUG block.SCMBlockDeletingService (SCMBlockDeletingService.java:call(155)) - Scanned deleted blocks log and got 0 delTX to process.
2019-08-10 04:39:00,268 DEBUG block.SCMBlockDeletingService (SCMBlockDeletingService.java:call(138)) - Running DeletedBlockTransactionScanner
2019-08-10 04:39:00,269 DEBUG block.SCMBlockDeletingService (SCMBlockDeletingService.java:call(155)) - Scanned deleted blocks log and got 0 delTX to process.
2019-08-10 04:39:00,369 DEBUG block.SCMBlockDeletingService (SCMBlockDeletingService.java:call(138)) - Running DeletedBlockTransactionScanner
2019-08-10 04:39:00,370 DEBUG block.SCMBlockDeletingService (SCMBlockDeletingService.java:call(155)) - Scanned deleted blocks log and got 0 delTX to process.
2019-08-10 04:39:00,470 DEBUG block.SCMBlockDeletingService (SCMBlockDeletingService.java:call(138)) - Running DeletedBlockTransactionScanner
2019-08-10 04:39:00,470 DEBUG block.SCMBlockDeletingService (SCMBlockDeletingService.java:call(155)) - Scanned deleted blocks log and got 0 delTX to process.
2019-08-10 04:39:00,571 DEBUG block.SCMBlockDeletingService (SCMBlockDeletingService.java:call(138)) - Running DeletedBlockTransactionScanner
2019-08-10 04:39:00,571 DEBUG block.SCMBlockDeletingService (SCMBlockDeletingService.java:call(155)) - Scanned deleted blocks log and got 0 delTX to process.
2019-08-10 04:39:00,672 DEBUG block.SCMBlockDeletingService (SCMBlockDeletingService.java:call(138)) - Running DeletedBlockTransactionScanner
2019-08-10 04:39:00,672 DEBUG block.SCMBlockDeletingService (SCMBlockDeletingService.java:call(155)) - Scanned deleted blocks log and got 0 delTX to process.
2019-08-10 04:39:00,773 DEBUG block.SCMBlockDeletingService (SCMBlockDeletingService.java:call(138)) - Running DeletedBlockTransactionScanner
2019-08-10 04:39:00,773 DEBUG block.SCMBlockDeletingService (SCMBlockDeletingService.java:call(155)) - Scanned deleted blocks log and got 0 delTX to process.
2019-08-10 04:39:00,874 DEBUG block.SCMBlockDeletingService (SCMBlockDeletingService.java:call(138)) - Running DeletedBlockTransactionScanner
2019-08-10 04:39:00,874 DEBUG block.SCMBlockDeletingService (SCMBlockDeletingService.java:call(155)) - Scanned deleted blocks log and got 0 delTX to process.
2019-08-10 04:39:00,975 DEBUG block.SCMBlockDeletingService (SCMBlockDeletingService.java:call(138)) - Running DeletedBlockTransactionScanner
2019-08-10 04:39:00,975 DEBUG block.SCMBlockDeletingService (SCMBlockDeletingService.java:call(155)) - Scanned deleted blocks log and got 0 delTX to process.
2019-08-10 04:39:01,075 DEBUG block.SCMBlockDeletingService (SCMBlockDeletingService.java:call(138)) - Running DeletedBlockTransactionScanner
2019-08-10 04:39:01,076 DEBUG block.SCMBlockDeletingService (SCMBlockDeletingService.java:call(155)) - Scanned deleted blocks log and got 0 delTX to process.
2019-08-10 04:39:01,176 DEBUG block.SCMBlockDeletingService (SCMBlockDeletingService.java:call(138)) - Running DeletedBlockTransactionScanner
2019-08-10 04:39:01,177 DEBUG block.SCMBlockDeletingService (SCMBlockDeletingService.java:call(155)) - Scanned deleted blocks log and got 0 delTX to process.
2019-08-10 04:39:01,277 DEBUG block.SCMBlockDeletingService (SCMBlockDeletingService.java:call(138)) - Running DeletedBlockTransactionScanner
2019-08-10 04:39:01,277 DEBUG block.SCMBlockDeletingService (SCMBlockDeletingService.java:call(155)) - Scanned deleted blocks log and got 0 delTX to process.
2019-08-10 04:39:01,378 DEBUG block.SCMBlockDeletingService (SCMBlockDeletingService.java:call(138)) - Running DeletedBlockTransactionScanner
2019-08-10 04:39:01,378 DEBUG block.SCMBlockDeletingService (SCMBlockDeletingService.java:call(155)) - Scanned deleted blocks log and got 0 delTX to process.
2019-08-10 04:39:01,479 DEBUG block.SCMBlockDeletingService (SCMBlockDeletingService.java:call(138)) - Running DeletedBlockTransactionScanner
2019-08-10 04:39:01,479 DEBUG block.SCMBlockDeletingService (SCMBlockDeletingService.java:call(155)) - Scanned deleted blocks log and got 0 delTX to process.
2019-08-10 04:39:01,580 DEBUG block.SCMBlockDeletingService (SCMBlockDeletingService.java:call(138)) - Running DeletedBlockTransactionScanner
2019-08-10 04:39:01,580 DEBUG block.SCMBlockDeletingService (SCMBlockDeletingService.java:call(155)) - Scanned deleted blocks log and got 0 delTX to process.
2019-08-10 04:39:01,681 DEBUG block.SCMBlockDeletingService (SCMBlockDeletingService.java:call(138)) - Running DeletedBlockTransactionScanner
2019-08-10 04:39:01,681 DEBUG block.SCMBlockDeletingService (SCMBlockDeletingService.java:call(155)) - Scanned deleted blocks log and got 0 delTX to process.
2019-08-10 04:39:01,782 DEBUG block.SCMBlockDeletingService (SCMBlockDeletingService.java:call(138)) - Running DeletedBlockTransactionScanner
2019-08-10 04:39:01,782 DEBUG block.SCMBlockDeletingService (SCMBlockDeletingService.java:call(155)) - Scanned deleted blocks log and got 0 delTX to process.
2019-08-10 04:39:01,882 DEBUG block.SCMBlockDeletingService (SCMBlockDeletingService.java:call(138)) - Running DeletedBlockTransactionScanner
2019-08-10 04:39:01,883 DEBUG block.SCMBlockDeletingService (SCMBlockDeletingService.java:call(155)) - Scanned deleted blocks log and got 0 delTX to process.
2019-08-10 04:39:01,983 DEBUG block.SCMBlockDeletingService (SCMBlockDeletingService.java:call(138)) - Running DeletedBlockTransactionScanner
2019-08-10 04:39:01,984 DEBUG block.SCMBlockDeletingService (SCMBlockDeletingService.java:call(155)) - Scanned deleted blocks log and got 0 delTX to process.
2019-08-10 04:39:02,084 DEBUG block.SCMBlockDeletingService (SCMBlockDeletingService.java:call(138)) - Running DeletedBlockTransactionScanner
2019-08-10 04:39:02,084 DEBUG block.SCMBlockDeletingService (SCMBlockDeletingService.java:call(155)) - Scanned deleted blocks log and got 0 delTX to process.
2019-08-10 04:39:02,133 INFO  datanode.ObjectStoreHandler (ObjectStoreHandler.java:close(155)) - Closing ObjectStoreHandler.
2019-08-10 04:39:02,136 INFO  ozone.HddsDatanodeService (HddsDatanodeService.java:stop(451)) - Stopped plug-in org.apache.hadoop.ozone.web.OzoneHddsDatanodeService@3f8dfe74
2019-08-10 04:39:02,185 DEBUG block.SCMBlockDeletingService (SCMBlockDeletingService.java:call(138)) - Running DeletedBlockTransactionScanner
2019-08-10 04:39:02,189 DEBUG block.SCMBlockDeletingService (SCMBlockDeletingService.java:call(155)) - Scanned deleted blocks log and got 3 delTX to process.
2019-08-10 04:39:02,196 DEBUG block.SCMBlockDeletingService (SCMBlockDeletingService.java:call(171)) - Added delete block command for datanode 6c928baf-cc3b-4a10-9362-ff4e15dca71d in the queue, number of delete block transactions: 3, TxID list: 1,2,3
2019-08-10 04:39:02,197 INFO  block.SCMBlockDeletingService (SCMBlockDeletingService.java:call(182)) - Totally added 3 delete blocks command for 1 datanodes, task elapsed time: 12ms
2019-08-10 04:39:02,298 DEBUG block.SCMBlockDeletingService (SCMBlockDeletingService.java:call(138)) - Running DeletedBlockTransactionScanner
2019-08-10 04:39:02,298 DEBUG block.SCMBlockDeletingService (SCMBlockDeletingService.java:call(155)) - Scanned deleted blocks log and got 3 delTX to process.
2019-08-10 04:39:02,299 DEBUG block.SCMBlockDeletingService (SCMBlockDeletingService.java:call(171)) - Added delete block command for datanode 6c928baf-cc3b-4a10-9362-ff4e15dca71d in the queue, number of delete block transactions: 3, TxID list: 1,2,3
2019-08-10 04:39:02,299 INFO  block.SCMBlockDeletingService (SCMBlockDeletingService.java:call(182)) - Totally added 3 delete blocks command for 1 datanodes, task elapsed time: 2ms
2019-08-10 04:39:02,317 INFO  statemachine.DatanodeStateMachine (DatanodeStateMachine.java:lambda$startDaemon$0(350)) - Ozone container server started.
2019-08-10 04:39:02,399 DEBUG block.SCMBlockDeletingService (SCMBlockDeletingService.java:call(138)) - Running DeletedBlockTransactionScanner
2019-08-10 04:39:02,400 DEBUG block.SCMBlockDeletingService (SCMBlockDeletingService.java:call(155)) - Scanned deleted blocks log and got 3 delTX to process.
2019-08-10 04:39:02,400 DEBUG block.SCMBlockDeletingService (SCMBlockDeletingService.java:call(171)) - Added delete block command for datanode 6c928baf-cc3b-4a10-9362-ff4e15dca71d in the queue, number of delete block transactions: 3, TxID list: 1,2,3
2019-08-10 04:39:02,401 INFO  block.SCMBlockDeletingService (SCMBlockDeletingService.java:call(182)) - Totally added 3 delete blocks command for 1 datanodes, task elapsed time: 1ms
2019-08-10 04:39:02,501 DEBUG block.SCMBlockDeletingService (SCMBlockDeletingService.java:call(138)) - Running DeletedBlockTransactionScanner
2019-08-10 04:39:02,502 DEBUG block.SCMBlockDeletingService (SCMBlockDeletingService.java:call(155)) - Scanned deleted blocks log and got 3 delTX to process.
2019-08-10 04:39:02,502 DEBUG block.SCMBlockDeletingService (SCMBlockDeletingService.java:call(171)) - Added delete block command for datanode 6c928baf-cc3b-4a10-9362-ff4e15dca71d in the queue, number of delete block transactions: 3, TxID list: 1,2,3
2019-08-10 04:39:02,502 INFO  block.SCMBlockDeletingService (SCMBlockDeletingService.java:call(182)) - Totally added 3 delete blocks command for 1 datanodes, task elapsed time: 1ms
2019-08-10 04:39:02,603 DEBUG block.SCMBlockDeletingService (SCMBlockDeletingService.java:call(138)) - Running DeletedBlockTransactionScanner
2019-08-10 04:39:02,603 DEBUG block.SCMBlockDeletingService (SCMBlockDeletingService.java:call(155)) - Scanned deleted blocks log and got 3 delTX to process.
2019-08-10 04:39:02,604 DEBUG block.SCMBlockDeletingService (SCMBlockDeletingService.java:call(171)) - Added delete block command for datanode 6c928baf-cc3b-4a10-9362-ff4e15dca71d in the queue, number of delete block transactions: 3, TxID list: 1,2,3
2019-08-10 04:39:02,604 INFO  block.SCMBlockDeletingService (SCMBlockDeletingService.java:call(182)) - Totally added 3 delete blocks command for 1 datanodes, task elapsed time: 2ms
2019-08-10 04:39:02,704 DEBUG block.SCMBlockDeletingService (SCMBlockDeletingService.java:call(138)) - Running DeletedBlockTransactionScanner
2019-08-10 04:39:02,705 DEBUG block.SCMBlockDeletingService (SCMBlockDeletingService.java:call(155)) - Scanned deleted blocks log and got 3 delTX to process.
2019-08-10 04:39:02,705 DEBUG block.SCMBlockDeletingService (SCMBlockDeletingService.java:call(171)) - Added delete block command for datanode 6c928baf-cc3b-4a10-9362-ff4e15dca71d in the queue, number of delete block transactions: 3, TxID list: 1,2,3
2019-08-10 04:39:02,706 INFO  block.SCMBlockDeletingService (SCMBlockDeletingService.java:call(182)) - Totally added 3 delete blocks command for 1 datanodes, task elapsed time: 1ms
2019-08-10 04:39:02,806 DEBUG block.SCMBlockDeletingService (SCMBlockDeletingService.java:call(138)) - Running DeletedBlockTransactionScanner
2019-08-10 04:39:02,807 DEBUG block.SCMBlockDeletingService (SCMBlockDeletingService.java:call(155)) - Scanned deleted blocks log and got 3 delTX to process.
2019-08-10 04:39:02,807 DEBUG block.SCMBlockDeletingService (SCMBlockDeletingService.java:call(171)) - Added delete block command for datanode 6c928baf-cc3b-4a10-9362-ff4e15dca71d in the queue, number of delete block transactions: 3, TxID list: 1,2,3
2019-08-10 04:39:02,807 INFO  block.SCMBlockDeletingService (SCMBlockDeletingService.java:call(182)) - Totally added 3 delete blocks command for 1 datanodes, task elapsed time: 1ms
2019-08-10 04:39:02,908 DEBUG block.SCMBlockDeletingService (SCMBlockDeletingService.java:call(138)) - Running DeletedBlockTransactionScanner
2019-08-10 04:39:02,908 DEBUG block.SCMBlockDeletingService (SCMBlockDeletingService.java:call(155)) - Scanned deleted blocks log and got 3 delTX to process.
2019-08-10 04:39:02,908 DEBUG block.SCMBlockDeletingService (SCMBlockDeletingService.java:call(171)) - Added delete block command for datanode 6c928baf-cc3b-4a10-9362-ff4e15dca71d in the queue, number of delete block transactions: 3, TxID list: 1,2,3
2019-08-10 04:39:02,909 INFO  block.SCMBlockDeletingService (SCMBlockDeletingService.java:call(182)) - Totally added 3 delete blocks command for 1 datanodes, task elapsed time: 1ms
2019-08-10 04:39:03,009 DEBUG block.SCMBlockDeletingService (SCMBlockDeletingService.java:call(138)) - Running DeletedBlockTransactionScanner
2019-08-10 04:39:03,010 DEBUG block.SCMBlockDeletingService (SCMBlockDeletingService.java:call(155)) - Scanned deleted blocks log and got 3 delTX to process.
2019-08-10 04:39:03,010 DEBUG block.SCMBlockDeletingService (SCMBlockDeletingService.java:call(171)) - Added delete block command for datanode 6c928baf-cc3b-4a10-9362-ff4e15dca71d in the queue, number of delete block transactions: 3, TxID list: 1,2,3
2019-08-10 04:39:03,010 INFO  block.SCMBlockDeletingService (SCMBlockDeletingService.java:call(182)) - Totally added 3 delete blocks command for 1 datanodes, task elapsed time: 1ms
2019-08-10 04:39:03,111 DEBUG block.SCMBlockDeletingService (SCMBlockDeletingService.java:call(138)) - Running DeletedBlockTransactionScanner
2019-08-10 04:39:03,111 DEBUG block.SCMBlockDeletingService (SCMBlockDeletingService.java:call(155)) - Scanned deleted blocks log and got 3 delTX to process.
2019-08-10 04:39:03,112 DEBUG block.SCMBlockDeletingService (SCMBlockDeletingService.java:call(171)) - Added delete block command for datanode 6c928baf-cc3b-4a10-9362-ff4e15dca71d in the queue, number of delete block transactions: 3, TxID list: 1,2,3
2019-08-10 04:39:03,112 INFO  block.SCMBlockDeletingService (SCMBlockDeletingService.java:call(182)) - Totally added 3 delete blocks command for 1 datanodes, task elapsed time: 2ms
2019-08-10 04:39:03,197 INFO  commands.RetriableDatanodeEventWatcher (RetriableDatanodeEventWatcher.java:onTimeout(47)) - RetriableDatanodeCommand type=deleteBlocksCommand with id=1565411942194 timed out. Retrying.
2019-08-10 04:39:03,213 DEBUG block.SCMBlockDeletingService (SCMBlockDeletingService.java:call(138)) - Running DeletedBlockTransactionScanner
2019-08-10 04:39:03,213 DEBUG block.SCMBlockDeletingService (SCMBlockDeletingService.java:call(155)) - Scanned deleted blocks log and got 3 delTX to process.
2019-08-10 04:39:03,214 DEBUG block.SCMBlockDeletingService (SCMBlockDeletingService.java:call(171)) - Added delete block command for datanode 6c928baf-cc3b-4a10-9362-ff4e15dca71d in the queue, number of delete block transactions: 3, TxID list: 1,2,3
2019-08-10 04:39:03,214 INFO  block.SCMBlockDeletingService (SCMBlockDeletingService.java:call(182)) - Totally added 3 delete blocks command for 1 datanodes, task elapsed time: 1ms
2019-08-10 04:39:03,299 INFO  commands.RetriableDatanodeEventWatcher (RetriableDatanodeEventWatcher.java:onTimeout(47)) - RetriableDatanodeCommand type=deleteBlocksCommand with id=1565411942195 timed out. Retrying.
2019-08-10 04:39:03,315 DEBUG block.SCMBlockDeletingService (SCMBlockDeletingService.java:call(138)) - Running DeletedBlockTransactionScanner
2019-08-10 04:39:03,315 DEBUG block.SCMBlockDeletingService (SCMBlockDeletingService.java:call(155)) - Scanned deleted blocks log and got 3 delTX to process.
2019-08-10 04:39:03,315 DEBUG block.SCMBlockDeletingService (SCMBlockDeletingService.java:call(171)) - Added delete block command for datanode 6c928baf-cc3b-4a10-9362-ff4e15dca71d in the queue, number of delete block transactions: 3, TxID list: 1,2,3
2019-08-10 04:39:03,316 INFO  block.SCMBlockDeletingService (SCMBlockDeletingService.java:call(182)) - Totally added 3 delete blocks command for 1 datanodes, task elapsed time: 1ms
2019-08-10 04:39:03,401 INFO  commands.RetriableDatanodeEventWatcher (RetriableDatanodeEventWatcher.java:onTimeout(47)) - RetriableDatanodeCommand type=deleteBlocksCommand with id=1565411942196 timed out. Retrying.
2019-08-10 04:39:03,416 DEBUG block.SCMBlockDeletingService (SCMBlockDeletingService.java:call(138)) - Running DeletedBlockTransactionScanner
2019-08-10 04:39:03,417 DEBUG block.SCMBlockDeletingService (SCMBlockDeletingService.java:call(155)) - Scanned deleted blocks log and got 3 delTX to process.
2019-08-10 04:39:03,417 DEBUG block.SCMBlockDeletingService (SCMBlockDeletingService.java:call(171)) - Added delete block command for datanode 6c928baf-cc3b-4a10-9362-ff4e15dca71d in the queue, number of delete block transactions: 3, TxID list: 1,2,3
2019-08-10 04:39:03,417 INFO  block.SCMBlockDeletingService (SCMBlockDeletingService.java:call(182)) - Totally added 3 delete blocks command for 1 datanodes, task elapsed time: 1ms
2019-08-10 04:39:03,502 INFO  commands.RetriableDatanodeEventWatcher (RetriableDatanodeEventWatcher.java:onTimeout(47)) - RetriableDatanodeCommand type=deleteBlocksCommand with id=1565411942197 timed out. Retrying.
2019-08-10 04:39:03,518 DEBUG block.SCMBlockDeletingService (SCMBlockDeletingService.java:call(138)) - Running DeletedBlockTransactionScanner
2019-08-10 04:39:03,518 DEBUG block.SCMBlockDeletingService (SCMBlockDeletingService.java:call(155)) - Scanned deleted blocks log and got 3 delTX to process.
2019-08-10 04:39:03,518 DEBUG block.SCMBlockDeletingService (SCMBlockDeletingService.java:call(171)) - Added delete block command for datanode 6c928baf-cc3b-4a10-9362-ff4e15dca71d in the queue, number of delete block transactions: 3, TxID list: 1,2,3
2019-08-10 04:39:03,519 INFO  block.SCMBlockDeletingService (SCMBlockDeletingService.java:call(182)) - Totally added 3 delete blocks command for 1 datanodes, task elapsed time: 1ms
2019-08-10 04:39:03,604 INFO  commands.RetriableDatanodeEventWatcher (RetriableDatanodeEventWatcher.java:onTimeout(47)) - RetriableDatanodeCommand type=deleteBlocksCommand with id=1565411942198 timed out. Retrying.
2019-08-10 04:39:03,619 DEBUG block.SCMBlockDeletingService (SCMBlockDeletingService.java:call(138)) - Running DeletedBlockTransactionScanner
2019-08-10 04:39:03,620 DEBUG block.SCMBlockDeletingService (SCMBlockDeletingService.java:call(155)) - Scanned deleted blocks log and got 3 delTX to process.
2019-08-10 04:39:03,620 DEBUG block.SCMBlockDeletingService (SCMBlockDeletingService.java:call(171)) - Added delete block command for datanode 6c928baf-cc3b-4a10-9362-ff4e15dca71d in the queue, number of delete block transactions: 3, TxID list: 1,2,3
2019-08-10 04:39:03,620 INFO  block.SCMBlockDeletingService (SCMBlockDeletingService.java:call(182)) - Totally added 3 delete blocks command for 1 datanodes, task elapsed time: 1ms
2019-08-10 04:39:03,705 INFO  commands.RetriableDatanodeEventWatcher (RetriableDatanodeEventWatcher.java:onTimeout(47)) - RetriableDatanodeCommand type=deleteBlocksCommand with id=1565411942199 timed out. Retrying.
2019-08-10 04:39:03,721 DEBUG block.SCMBlockDeletingService (SCMBlockDeletingService.java:call(138)) - Running DeletedBlockTransactionScanner
2019-08-10 04:39:03,721 DEBUG block.SCMBlockDeletingService (SCMBlockDeletingService.java:call(155)) - Scanned deleted blocks log and got 3 delTX to process.
2019-08-10 04:39:03,722 DEBUG block.SCMBlockDeletingService (SCMBlockDeletingService.java:call(171)) - Added delete block command for datanode 6c928baf-cc3b-4a10-9362-ff4e15dca71d in the queue, number of delete block transactions: 3, TxID list: 1,2,3
2019-08-10 04:39:03,722 INFO  block.SCMBlockDeletingService (SCMBlockDeletingService.java:call(182)) - Totally added 3 delete blocks command for 1 datanodes, task elapsed time: 2ms
2019-08-10 04:39:03,808 INFO  commands.RetriableDatanodeEventWatcher (RetriableDatanodeEventWatcher.java:onTimeout(47)) - RetriableDatanodeCommand type=deleteBlocksCommand with id=1565411942200 timed out. Retrying.
2019-08-10 04:39:03,822 DEBUG block.SCMBlockDeletingService (SCMBlockDeletingService.java:call(138)) - Running DeletedBlockTransactionScanner
2019-08-10 04:39:03,823 DEBUG block.SCMBlockDeletingService (SCMBlockDeletingService.java:call(155)) - Scanned deleted blocks log and got 3 delTX to process.
2019-08-10 04:39:03,823 DEBUG block.SCMBlockDeletingService (SCMBlockDeletingService.java:call(171)) - Added delete block command for datanode 6c928baf-cc3b-4a10-9362-ff4e15dca71d in the queue, number of delete block transactions: 3, TxID list: 1,2,3
2019-08-10 04:39:03,823 INFO  block.SCMBlockDeletingService (SCMBlockDeletingService.java:call(182)) - Totally added 3 delete blocks command for 1 datanodes, task elapsed time: 1ms
2019-08-10 04:39:03,908 INFO  commands.RetriableDatanodeEventWatcher (RetriableDatanodeEventWatcher.java:onTimeout(47)) - RetriableDatanodeCommand type=deleteBlocksCommand with id=1565411942201 timed out. Retrying.
2019-08-10 04:39:03,924 DEBUG block.SCMBlockDeletingService (SCMBlockDeletingService.java:call(138)) - Running DeletedBlockTransactionScanner
2019-08-10 04:39:03,924 DEBUG block.SCMBlockDeletingService (SCMBlockDeletingService.java:call(155)) - Scanned deleted blocks log and got 3 delTX to process.
2019-08-10 04:39:03,925 DEBUG block.SCMBlockDeletingService (SCMBlockDeletingService.java:call(171)) - Added delete block command for datanode 6c928baf-cc3b-4a10-9362-ff4e15dca71d in the queue, number of delete block transactions: 3, TxID list: 1,2,3
2019-08-10 04:39:03,925 INFO  block.SCMBlockDeletingService (SCMBlockDeletingService.java:call(182)) - Totally added 3 delete blocks command for 1 datanodes, task elapsed time: 2ms
2019-08-10 04:39:04,011 INFO  commands.RetriableDatanodeEventWatcher (RetriableDatanodeEventWatcher.java:onTimeout(47)) - RetriableDatanodeCommand type=deleteBlocksCommand with id=1565411942202 timed out. Retrying.
2019-08-10 04:39:04,025 DEBUG block.SCMBlockDeletingService (SCMBlockDeletingService.java:call(138)) - Running DeletedBlockTransactionScanner
2019-08-10 04:39:04,026 DEBUG block.SCMBlockDeletingService (SCMBlockDeletingService.java:call(155)) - Scanned deleted blocks log and got 3 delTX to process.
2019-08-10 04:39:04,026 DEBUG block.SCMBlockDeletingService (SCMBlockDeletingService.java:call(171)) - Added delete block command for datanode 6c928baf-cc3b-4a10-9362-ff4e15dca71d in the queue, number of delete block transactions: 3, TxID list: 1,2,3
2019-08-10 04:39:04,027 INFO  block.SCMBlockDeletingService (SCMBlockDeletingService.java:call(182)) - Totally added 3 delete blocks command for 1 datanodes, task elapsed time: 1ms
2019-08-10 04:39:04,112 INFO  commands.RetriableDatanodeEventWatcher (RetriableDatanodeEventWatcher.java:onTimeout(47)) - RetriableDatanodeCommand type=deleteBlocksCommand with id=1565411942203 timed out. Retrying.
2019-08-10 04:39:04,127 DEBUG block.SCMBlockDeletingService (SCMBlockDeletingService.java:call(138)) - Running DeletedBlockTransactionScanner
2019-08-10 04:39:04,127 DEBUG block.SCMBlockDeletingService (SCMBlockDeletingService.java:call(155)) - Scanned deleted blocks log and got 3 delTX to process.
2019-08-10 04:39:04,128 DEBUG block.SCMBlockDeletingService (SCMBlockDeletingService.java:call(171)) - Added delete block command for datanode 6c928baf-cc3b-4a10-9362-ff4e15dca71d in the queue, number of delete block transactions: 3, TxID list: 1,2,3
2019-08-10 04:39:04,128 INFO  block.SCMBlockDeletingService (SCMBlockDeletingService.java:call(182)) - Totally added 3 delete blocks command for 1 datanodes, task elapsed time: 1ms
2019-08-10 04:39:04,198 INFO  commands.RetriableDatanodeEventWatcher (RetriableDatanodeEventWatcher.java:onTimeout(47)) - RetriableDatanodeCommand type=deleteBlocksCommand with id=1565411942194 timed out. Retrying.
2019-08-10 04:39:04,214 INFO  commands.RetriableDatanodeEventWatcher (RetriableDatanodeEventWatcher.java:onTimeout(47)) - RetriableDatanodeCommand type=deleteBlocksCommand with id=1565411942204 timed out. Retrying.
2019-08-10 04:39:04,229 DEBUG block.SCMBlockDeletingService (SCMBlockDeletingService.java:call(138)) - Running DeletedBlockTransactionScanner
2019-08-10 04:39:04,229 DEBUG block.SCMBlockDeletingService (SCMBlockDeletingService.java:call(155)) - Scanned deleted blocks log and got 3 delTX to process.
2019-08-10 04:39:04,229 DEBUG block.SCMBlockDeletingService (SCMBlockDeletingService.java:call(171)) - Added delete block command for datanode 6c928baf-cc3b-4a10-9362-ff4e15dca71d in the queue, number of delete block transactions: 3, TxID list: 1,2,3
2019-08-10 04:39:04,230 INFO  block.SCMBlockDeletingService (SCMBlockDeletingService.java:call(182)) - Totally added 3 delete blocks command for 1 datanodes, task elapsed time: 1ms
2019-08-10 04:39:04,300 INFO  commands.RetriableDatanodeEventWatcher (RetriableDatanodeEventWatcher.java:onTimeout(47)) - RetriableDatanodeCommand type=deleteBlocksCommand with id=1565411942195 timed out. Retrying.
2019-08-10 04:39:04,315 INFO  commands.RetriableDatanodeEventWatcher (RetriableDatanodeEventWatcher.java:onTimeout(47)) - RetriableDatanodeCommand type=deleteBlocksCommand with id=1565411942205 timed out. Retrying.
2019-08-10 04:39:04,330 DEBUG block.SCMBlockDeletingService (SCMBlockDeletingService.java:call(138)) - Running DeletedBlockTransactionScanner
2019-08-10 04:39:04,331 DEBUG block.SCMBlockDeletingService (SCMBlockDeletingService.java:call(155)) - Scanned deleted blocks log and got 3 delTX to process.
2019-08-10 04:39:04,331 DEBUG block.SCMBlockDeletingService (SCMBlockDeletingService.java:call(171)) - Added delete block command for datanode 6c928baf-cc3b-4a10-9362-ff4e15dca71d in the queue, number of delete block transactions: 3, TxID list: 1,2,3
2019-08-10 04:39:04,331 INFO  block.SCMBlockDeletingService (SCMBlockDeletingService.java:call(182)) - Totally added 3 delete blocks command for 1 datanodes, task elapsed time: 1ms
2019-08-10 04:39:04,401 INFO  commands.RetriableDatanodeEventWatcher (RetriableDatanodeEventWatcher.java:onTimeout(47)) - RetriableDatanodeCommand type=deleteBlocksCommand with id=1565411942196 timed out. Retrying.
2019-08-10 04:39:04,417 INFO  commands.RetriableDatanodeEventWatcher (RetriableDatanodeEventWatcher.java:onTimeout(47)) - RetriableDatanodeCommand type=deleteBlocksCommand with id=1565411942206 timed out. Retrying.
2019-08-10 04:39:04,432 DEBUG block.SCMBlockDeletingService (SCMBlockDeletingService.java:call(138)) - Running DeletedBlockTransactionScanner
2019-08-10 04:39:04,432 DEBUG block.SCMBlockDeletingService (SCMBlockDeletingService.java:call(155)) - Scanned deleted blocks log and got 3 delTX to process.
2019-08-10 04:39:04,433 DEBUG block.SCMBlockDeletingService (SCMBlockDeletingService.java:call(171)) - Added delete block command for datanode 6c928baf-cc3b-4a10-9362-ff4e15dca71d in the queue, number of delete block transactions: 3, TxID list: 1,2,3
2019-08-10 04:39:04,433 INFO  block.SCMBlockDeletingService (SCMBlockDeletingService.java:call(182)) - Totally added 3 delete blocks command for 1 datanodes, task elapsed time: 1ms
2019-08-10 04:39:04,503 INFO  commands.RetriableDatanodeEventWatcher (RetriableDatanodeEventWatcher.java:onTimeout(47)) - RetriableDatanodeCommand type=deleteBlocksCommand with id=1565411942197 timed out. Retrying.
2019-08-10 04:39:04,518 INFO  commands.RetriableDatanodeEventWatcher (RetriableDatanodeEventWatcher.java:onTimeout(47)) - RetriableDatanodeCommand type=deleteBlocksCommand with id=1565411942207 timed out. Retrying.
2019-08-10 04:39:04,533 DEBUG block.SCMBlockDeletingService (SCMBlockDeletingService.java:call(138)) - Running DeletedBlockTransactionScanner
2019-08-10 04:39:04,534 DEBUG block.SCMBlockDeletingService (SCMBlockDeletingService.java:call(155)) - Scanned deleted blocks log and got 3 delTX to process.
2019-08-10 04:39:04,534 DEBUG block.SCMBlockDeletingService (SCMBlockDeletingService.java:call(171)) - Added delete block command for datanode 6c928baf-cc3b-4a10-9362-ff4e15dca71d in the queue, number of delete block transactions: 3, TxID list: 1,2,3
2019-08-10 04:39:04,535 INFO  block.SCMBlockDeletingService (SCMBlockDeletingService.java:call(182)) - Totally added 3 delete blocks command for 1 datanodes, task elapsed time: 1ms
2019-08-10 04:39:04,605 INFO  commands.RetriableDatanodeEventWatcher (RetriableDatanodeEventWatcher.java:onTimeout(47)) - RetriableDatanodeCommand type=deleteBlocksCommand with id=1565411942198 timed out. Retrying.
2019-08-10 04:39:04,620 INFO  commands.RetriableDatanodeEventWatcher (RetriableDatanodeEventWatcher.java:onTimeout(47)) - RetriableDatanodeCommand type=deleteBlocksCommand with id=1565411942208 timed out. Retrying.
2019-08-10 04:39:04,635 DEBUG block.SCMBlockDeletingService (SCMBlockDeletingService.java:call(138)) - Running DeletedBlockTransactionScanner
2019-08-10 04:39:04,635 DEBUG block.SCMBlockDeletingService (SCMBlockDeletingService.java:call(155)) - Scanned deleted blocks log and got 3 delTX to process.
2019-08-10 04:39:04,636 DEBUG block.SCMBlockDeletingService (SCMBlockDeletingService.java:call(171)) - Added delete block command for datanode 6c928baf-cc3b-4a10-9362-ff4e15dca71d in the queue, number of delete block transactions: 3, TxID list: 1,2,3
2019-08-10 04:39:04,636 INFO  block.SCMBlockDeletingService (SCMBlockDeletingService.java:call(182)) - Totally added 3 delete blocks command for 1 datanodes, task elapsed time: 1ms
2019-08-10 04:39:04,705 INFO  commands.RetriableDatanodeEventWatcher (RetriableDatanodeEventWatcher.java:onTimeout(47)) - RetriableDatanodeCommand type=deleteBlocksCommand with id=1565411942199 timed out. Retrying.
2019-08-10 04:39:04,722 INFO  commands.RetriableDatanodeEventWatcher (RetriableDatanodeEventWatcher.java:onTimeout(47)) - RetriableDatanodeCommand type=deleteBlocksCommand with id=1565411942209 timed out. Retrying.
2019-08-10 04:39:04,737 DEBUG block.SCMBlockDeletingService (SCMBlockDeletingService.java:call(138)) - Running DeletedBlockTransactionScanner
2019-08-10 04:39:04,737 DEBUG block.SCMBlockDeletingService (SCMBlockDeletingService.java:call(155)) - Scanned deleted blocks log and got 3 delTX to process.
2019-08-10 04:39:04,737 DEBUG block.SCMBlockDeletingService (SCMBlockDeletingService.java:call(171)) - Added delete block command for datanode 6c928baf-cc3b-4a10-9362-ff4e15dca71d in the queue, number of delete block transactions: 3, TxID list: 1,2,3
2019-08-10 04:39:04,738 INFO  block.SCMBlockDeletingService (SCMBlockDeletingService.java:call(182)) - Totally added 3 delete blocks command for 1 datanodes, task elapsed time: 1ms
2019-08-10 04:39:04,809 INFO  commands.RetriableDatanodeEventWatcher (RetriableDatanodeEventWatcher.java:onTimeout(47)) - RetriableDatanodeCommand type=deleteBlocksCommand with id=1565411942200 timed out. Retrying.
2019-08-10 04:39:04,823 INFO  commands.RetriableDatanodeEventWatcher (RetriableDatanodeEventWatcher.java:onTimeout(47)) - RetriableDatanodeCommand type=deleteBlocksCommand with id=1565411942210 timed out. Retrying.
2019-08-10 04:39:04,838 DEBUG block.SCMBlockDeletingService (SCMBlockDeletingService.java:call(138)) - Running DeletedBlockTransactionScanner
2019-08-10 04:39:04,839 DEBUG block.SCMBlockDeletingService (SCMBlockDeletingService.java:call(155)) - Scanned deleted blocks log and got 3 delTX to process.
2019-08-10 04:39:04,839 DEBUG block.SCMBlockDeletingService (SCMBlockDeletingService.java:call(171)) - Added delete block command for datanode 6c928baf-cc3b-4a10-9362-ff4e15dca71d in the queue, number of delete block transactions: 3, TxID list: 1,2,3
2019-08-10 04:39:04,840 INFO  block.SCMBlockDeletingService (SCMBlockDeletingService.java:call(182)) - Totally added 3 delete blocks command for 1 datanodes, task elapsed time: 1ms
2019-08-10 04:39:04,908 INFO  commands.RetriableDatanodeEventWatcher (RetriableDatanodeEventWatcher.java:onTimeout(47)) - RetriableDatanodeCommand type=deleteBlocksCommand with id=1565411942201 timed out. Retrying.
2019-08-10 04:39:04,925 INFO  commands.RetriableDatanodeEventWatcher (RetriableDatanodeEventWatcher.java:onTimeout(47)) - RetriableDatanodeCommand type=deleteBlocksCommand with id=1565411942211 timed out. Retrying.
2019-08-10 04:39:04,940 DEBUG block.SCMBlockDeletingService (SCMBlockDeletingService.java:call(138)) - Running DeletedBlockTransactionScanner
2019-08-10 04:39:04,941 DEBUG block.SCMBlockDeletingService (SCMBlockDeletingService.java:call(155)) - Scanned deleted blocks log and got 3 delTX to process.
2019-08-10 04:39:04,941 DEBUG block.SCMBlockDeletingService (SCMBlockDeletingService.java:call(171)) - Added delete block command for datanode 6c928baf-cc3b-4a10-9362-ff4e15dca71d in the queue, number of delete block transactions: 3, TxID list: 1,2,3
2019-08-10 04:39:04,941 INFO  block.SCMBlockDeletingService (SCMBlockDeletingService.java:call(182)) - Totally added 3 delete blocks command for 1 datanodes, task elapsed time: 1ms
2019-08-10 04:39:05,011 INFO  commands.RetriableDatanodeEventWatcher (RetriableDatanodeEventWatcher.java:onTimeout(47)) - RetriableDatanodeCommand type=deleteBlocksCommand with id=1565411942202 timed out. Retrying.
2019-08-10 04:39:05,027 INFO  commands.RetriableDatanodeEventWatcher (RetriableDatanodeEventWatcher.java:onTimeout(47)) - RetriableDatanodeCommand type=deleteBlocksCommand with id=1565411942212 timed out. Retrying.
2019-08-10 04:39:05,042 DEBUG block.SCMBlockDeletingService (SCMBlockDeletingService.java:call(138)) - Running DeletedBlockTransactionScanner
2019-08-10 04:39:05,042 DEBUG block.SCMBlockDeletingService (SCMBlockDeletingService.java:call(155)) - Scanned deleted blocks log and got 3 delTX to process.
2019-08-10 04:39:05,043 DEBUG block.SCMBlockDeletingService (SCMBlockDeletingService.java:call(171)) - Added delete block command for datanode 6c928baf-cc3b-4a10-9362-ff4e15dca71d in the queue, number of delete block transactions: 3, TxID list: 1,2,3
2019-08-10 04:39:05,043 INFO  block.SCMBlockDeletingService (SCMBlockDeletingService.java:call(182)) - Totally added 3 delete blocks command for 1 datanodes, task elapsed time: 2ms
2019-08-10 04:39:05,113 INFO  commands.RetriableDatanodeEventWatcher (RetriableDatanodeEventWatcher.java:onTimeout(47)) - RetriableDatanodeCommand type=deleteBlocksCommand with id=1565411942203 timed out. Retrying.
2019-08-10 04:39:05,127 INFO  node.StaleNodeHandler (StaleNodeHandler.java:onMessage(58)) - Datanode 6c928baf-cc3b-4a10-9362-ff4e15dca71d{ip: 192.168.157.255, host: byscane-nightly-wggqd-62853239, networkLocation: /default-rack, certSerialId: null} moved to stale state. Finalizing its pipelines [PipelineID=5118c932-2885-4a42-8030-586430b97add]
2019-08-10 04:39:05,128 INFO  commands.RetriableDatanodeEventWatcher (RetriableDatanodeEventWatcher.java:onTimeout(47)) - RetriableDatanodeCommand type=deleteBlocksCommand with id=1565411942213 timed out. Retrying.
2019-08-10 04:39:05,128 INFO  pipeline.SCMPipelineManager (SCMPipelineManager.java:finalizeAndDestroyPipeline(309)) - destroying pipeline:Pipeline[ Id: 5118c932-2885-4a42-8030-586430b97add, Nodes: 6c928baf-cc3b-4a10-9362-ff4e15dca71d{ip: 192.168.157.255, host: byscane-nightly-wggqd-62853239, networkLocation: /default-rack, certSerialId: null}, Type:RATIS, Factor:ONE, State:OPEN]
2019-08-10 04:39:05,131 INFO  pipeline.PipelineStateManager (PipelineStateManager.java:finalizePipeline(123)) - Pipeline Pipeline[ Id: 5118c932-2885-4a42-8030-586430b97add, Nodes: 6c928baf-cc3b-4a10-9362-ff4e15dca71d{ip: 192.168.157.255, host: byscane-nightly-wggqd-62853239, networkLocation: /default-rack, certSerialId: null}, Type:RATIS, Factor:ONE, State:CLOSED] moved to CLOSED state
2019-08-10 04:39:05,144 DEBUG block.SCMBlockDeletingService (SCMBlockDeletingService.java:call(138)) - Running DeletedBlockTransactionScanner
2019-08-10 04:39:05,144 DEBUG block.SCMBlockDeletingService (SCMBlockDeletingService.java:call(155)) - Scanned deleted blocks log and got 3 delTX to process.
2019-08-10 04:39:05,145 DEBUG block.SCMBlockDeletingService (SCMBlockDeletingService.java:call(171)) - Added delete block command for datanode 6c928baf-cc3b-4a10-9362-ff4e15dca71d in the queue, number of delete block transactions: 3, TxID list: 1,2,3
2019-08-10 04:39:05,145 INFO  block.SCMBlockDeletingService (SCMBlockDeletingService.java:call(182)) - Totally added 3 delete blocks command for 1 datanodes, task elapsed time: 2ms
2019-08-10 04:39:05,199 INFO  commands.RetriableDatanodeEventWatcher (RetriableDatanodeEventWatcher.java:onTimeout(47)) - RetriableDatanodeCommand type=deleteBlocksCommand with id=1565411942194 timed out. Retrying.
2019-08-10 04:39:05,215 INFO  commands.RetriableDatanodeEventWatcher (RetriableDatanodeEventWatcher.java:onTimeout(47)) - RetriableDatanodeCommand type=deleteBlocksCommand with id=1565411942204 timed out. Retrying.
2019-08-10 04:39:05,229 INFO  commands.RetriableDatanodeEventWatcher (RetriableDatanodeEventWatcher.java:onTimeout(47)) - RetriableDatanodeCommand type=deleteBlocksCommand with id=1565411942214 timed out. Retrying.
2019-08-10 04:39:05,246 DEBUG block.SCMBlockDeletingService (SCMBlockDeletingService.java:call(138)) - Running DeletedBlockTransactionScanner
2019-08-10 04:39:05,246 DEBUG block.SCMBlockDeletingService (SCMBlockDeletingService.java:call(155)) - Scanned deleted blocks log and got 3 delTX to process.
2019-08-10 04:39:05,246 DEBUG block.SCMBlockDeletingService (SCMBlockDeletingService.java:call(171)) - Added delete block command for datanode 6c928baf-cc3b-4a10-9362-ff4e15dca71d in the queue, number of delete block transactions: 3, TxID list: 1,2,3
2019-08-10 04:39:05,247 INFO  block.SCMBlockDeletingService (SCMBlockDeletingService.java:call(182)) - Totally added 3 delete blocks command for 1 datanodes, task elapsed time: 2ms
2019-08-10 04:39:05,301 INFO  commands.RetriableDatanodeEventWatcher (RetriableDatanodeEventWatcher.java:onTimeout(47)) - RetriableDatanodeCommand type=deleteBlocksCommand with id=1565411942195 timed out. Retrying.
2019-08-10 04:39:05,315 INFO  commands.RetriableDatanodeEventWatcher (RetriableDatanodeEventWatcher.java:onTimeout(47)) - RetriableDatanodeCommand type=deleteBlocksCommand with id=1565411942205 timed out. Retrying.
2019-08-10 04:39:05,332 INFO  commands.RetriableDatanodeEventWatcher (RetriableDatanodeEventWatcher.java:onTimeout(47)) - RetriableDatanodeCommand type=deleteBlocksCommand with id=1565411942215 timed out. Retrying.
2019-08-10 04:39:05,347 DEBUG block.SCMBlockDeletingService (SCMBlockDeletingService.java:call(138)) - Running DeletedBlockTransactionScanner
2019-08-10 04:39:05,348 DEBUG block.SCMBlockDeletingService (SCMBlockDeletingService.java:call(155)) - Scanned deleted blocks log and got 3 delTX to process.
2019-08-10 04:39:05,348 DEBUG block.SCMBlockDeletingService (SCMBlockDeletingService.java:call(171)) - Added delete block command for datanode 6c928baf-cc3b-4a10-9362-ff4e15dca71d in the queue, number of delete block transactions: 3, TxID list: 1,2,3
2019-08-10 04:39:05,348 INFO  block.SCMBlockDeletingService (SCMBlockDeletingService.java:call(182)) - Totally added 3 delete blocks command for 1 datanodes, task elapsed time: 1ms
2019-08-10 04:39:05,401 INFO  commands.RetriableDatanodeEventWatcher (RetriableDatanodeEventWatcher.java:onTimeout(47)) - RetriableDatanodeCommand type=deleteBlocksCommand with id=1565411942196 timed out. Retrying.
2019-08-10 04:39:05,418 INFO  commands.RetriableDatanodeEventWatcher (RetriableDatanodeEventWatcher.java:onTimeout(47)) - RetriableDatanodeCommand type=deleteBlocksCommand with id=1565411942206 timed out. Retrying.
2019-08-10 04:39:05,433 INFO  commands.RetriableDatanodeEventWatcher (RetriableDatanodeEventWatcher.java:onTimeout(47)) - RetriableDatanodeCommand type=deleteBlocksCommand with id=1565411942216 timed out. Retrying.
2019-08-10 04:39:05,449 DEBUG block.SCMBlockDeletingService (SCMBlockDeletingService.java:call(138)) - Running DeletedBlockTransactionScanner
2019-08-10 04:39:05,449 DEBUG block.SCMBlockDeletingService (SCMBlockDeletingService.java:call(155)) - Scanned deleted blocks log and got 3 delTX to process.
2019-08-10 04:39:05,450 DEBUG block.SCMBlockDeletingService (SCMBlockDeletingService.java:call(171)) - Added delete block command for datanode 6c928baf-cc3b-4a10-9362-ff4e15dca71d in the queue, number of delete block transactions: 3, TxID list: 1,2,3
2019-08-10 04:39:05,450 INFO  block.SCMBlockDeletingService (SCMBlockDeletingService.java:call(182)) - Totally added 3 delete blocks command for 1 datanodes, task elapsed time: 2ms
2019-08-10 04:39:05,504 INFO  commands.RetriableDatanodeEventWatcher (RetriableDatanodeEventWatcher.java:onTimeout(47)) - RetriableDatanodeCommand type=deleteBlocksCommand with id=1565411942197 timed out. Retrying.
2019-08-10 04:39:05,519 INFO  commands.RetriableDatanodeEventWatcher (RetriableDatanodeEventWatcher.java:onTimeout(47)) - RetriableDatanodeCommand type=deleteBlocksCommand with id=1565411942207 timed out. Retrying.
2019-08-10 04:39:05,534 INFO  commands.RetriableDatanodeEventWatcher (RetriableDatanodeEventWatcher.java:onTimeout(47)) - RetriableDatanodeCommand type=deleteBlocksCommand with id=1565411942217 timed out. Retrying.
2019-08-10 04:39:05,551 DEBUG block.SCMBlockDeletingService (SCMBlockDeletingService.java:call(138)) - Running DeletedBlockTransactionScanner
2019-08-10 04:39:05,551 DEBUG block.SCMBlockDeletingService (SCMBlockDeletingService.java:call(155)) - Scanned deleted blocks log and got 3 delTX to process.
2019-08-10 04:39:05,551 DEBUG block.SCMBlockDeletingService (SCMBlockDeletingService.java:call(171)) - Added delete block command for datanode 6c928baf-cc3b-4a10-9362-ff4e15dca71d in the queue, number of delete block transactions: 3, TxID list: 1,2,3
2019-08-10 04:39:05,552 INFO  block.SCMBlockDeletingService (SCMBlockDeletingService.java:call(182)) - Totally added 3 delete blocks command for 1 datanodes, task elapsed time: 1ms
2019-08-10 04:39:05,605 INFO  commands.RetriableDatanodeEventWatcher (RetriableDatanodeEventWatcher.java:onTimeout(47)) - RetriableDatanodeCommand type=deleteBlocksCommand with id=1565411942198 timed out. Retrying.
2019-08-10 04:39:05,620 INFO  commands.RetriableDatanodeEventWatcher (RetriableDatanodeEventWatcher.java:onTimeout(47)) - RetriableDatanodeCommand type=deleteBlocksCommand with id=1565411942208 timed out. Retrying.
2019-08-10 04:39:05,636 INFO  commands.RetriableDatanodeEventWatcher (RetriableDatanodeEventWatcher.java:onTimeout(47)) - RetriableDatanodeCommand type=deleteBlocksCommand with id=1565411942218 timed out. Retrying.
2019-08-10 04:39:05,652 DEBUG block.SCMBlockDeletingService (SCMBlockDeletingService.java:call(138)) - Running DeletedBlockTransactionScanner
2019-08-10 04:39:05,653 DEBUG block.SCMBlockDeletingService (SCMBlockDeletingService.java:call(155)) - Scanned deleted blocks log and got 3 delTX to process.
2019-08-10 04:39:05,653 DEBUG block.SCMBlockDeletingService (SCMBlockDeletingService.java:call(171)) - Added delete block command for datanode 6c928baf-cc3b-4a10-9362-ff4e15dca71d in the queue, number of delete block transactions: 3, TxID list: 1,2,3
2019-08-10 04:39:05,653 INFO  block.SCMBlockDeletingService (SCMBlockDeletingService.java:call(182)) - Totally added 3 delete blocks command for 1 datanodes, task elapsed time: 1ms
2019-08-10 04:39:05,705 INFO  commands.RetriableDatanodeEventWatcher (RetriableDatanodeEventWatcher.java:onTimeout(47)) - RetriableDatanodeCommand type=deleteBlocksCommand with id=1565411942199 timed out. Retrying.
2019-08-10 04:39:05,723 INFO  commands.RetriableDatanodeEventWatcher (RetriableDatanodeEventWatcher.java:onTimeout(47)) - RetriableDatanodeCommand type=deleteBlocksCommand with id=1565411942209 timed out. Retrying.
2019-08-10 04:39:05,737 INFO  commands.RetriableDatanodeEventWatcher (RetriableDatanodeEventWatcher.java:onTimeout(47)) - RetriableDatanodeCommand type=deleteBlocksCommand with id=1565411942219 timed out. Retrying.
2019-08-10 04:39:05,754 DEBUG block.SCMBlockDeletingService (SCMBlockDeletingService.java:call(138)) - Running DeletedBlockTransactionScanner
2019-08-10 04:39:05,754 DEBUG block.SCMBlockDeletingService (SCMBlockDeletingService.java:call(155)) - Scanned deleted blocks log and got 3 delTX to process.
2019-08-10 04:39:05,754 DEBUG block.SCMBlockDeletingService (SCMBlockDeletingService.java:call(171)) - Added delete block command for datanode 6c928baf-cc3b-4a10-9362-ff4e15dca71d in the queue, number of delete block transactions: 3, TxID list: 1,2,3
2019-08-10 04:39:05,755 INFO  block.SCMBlockDeletingService (SCMBlockDeletingService.java:call(182)) - Totally added 3 delete blocks command for 1 datanodes, task elapsed time: 1ms
2019-08-10 04:39:05,810 INFO  commands.RetriableDatanodeEventWatcher (RetriableDatanodeEventWatcher.java:onTimeout(47)) - RetriableDatanodeCommand type=deleteBlocksCommand with id=1565411942200 timed out. Retrying.
2019-08-10 04:39:05,823 INFO  commands.RetriableDatanodeEventWatcher (RetriableDatanodeEventWatcher.java:onTimeout(47)) - RetriableDatanodeCommand type=deleteBlocksCommand with id=1565411942210 timed out. Retrying.
2019-08-10 04:39:05,840 INFO  commands.RetriableDatanodeEventWatcher (RetriableDatanodeEventWatcher.java:onTimeout(47)) - RetriableDatanodeCommand type=deleteBlocksCommand with id=1565411942220 timed out. Retrying.
2019-08-10 04:39:05,855 DEBUG block.SCMBlockDeletingService (SCMBlockDeletingService.java:call(138)) - Running DeletedBlockTransactionScanner
2019-08-10 04:39:05,856 DEBUG block.SCMBlockDeletingService (SCMBlockDeletingService.java:call(155)) - Scanned deleted blocks log and got 3 delTX to process.
2019-08-10 04:39:05,856 DEBUG block.SCMBlockDeletingService (SCMBlockDeletingService.java:call(171)) - Added delete block command for datanode 6c928baf-cc3b-4a10-9362-ff4e15dca71d in the queue, number of delete block transactions: 3, TxID list: 1,2,3
2019-08-10 04:39:05,856 INFO  block.SCMBlockDeletingService (SCMBlockDeletingService.java:call(182)) - Totally added 3 delete blocks command for 1 datanodes, task elapsed time: 1ms
2019-08-10 04:39:05,908 INFO  commands.RetriableDatanodeEventWatcher (RetriableDatanodeEventWatcher.java:onTimeout(47)) - RetriableDatanodeCommand type=deleteBlocksCommand with id=1565411942201 timed out. Retrying.
2019-08-10 04:39:05,926 INFO  commands.RetriableDatanodeEventWatcher (RetriableDatanodeEventWatcher.java:onTimeout(47)) - RetriableDatanodeCommand type=deleteBlocksCommand with id=1565411942211 timed out. Retrying.
2019-08-10 04:39:05,941 INFO  commands.RetriableDatanodeEventWatcher (RetriableDatanodeEventWatcher.java:onTimeout(47)) - RetriableDatanodeCommand type=deleteBlocksCommand with id=1565411942221 timed out. Retrying.
2019-08-10 04:39:05,957 DEBUG block.SCMBlockDeletingService (SCMBlockDeletingService.java:call(138)) - Running DeletedBlockTransactionScanner
2019-08-10 04:39:05,957 DEBUG block.SCMBlockDeletingService (SCMBlockDeletingService.java:call(155)) - Scanned deleted blocks log and got 3 delTX to process.
2019-08-10 04:39:05,957 DEBUG block.SCMBlockDeletingService (SCMBlockDeletingService.java:call(171)) - Added delete block command for datanode 6c928baf-cc3b-4a10-9362-ff4e15dca71d in the queue, number of delete block transactions: 3, TxID list: 1,2,3
2019-08-10 04:39:05,958 INFO  block.SCMBlockDeletingService (SCMBlockDeletingService.java:call(182)) - Totally added 3 delete blocks command for 1 datanodes, task elapsed time: 1ms
2019-08-10 04:39:06,012 INFO  commands.RetriableDatanodeEventWatcher (RetriableDatanodeEventWatcher.java:onTimeout(47)) - RetriableDatanodeCommand type=deleteBlocksCommand with id=1565411942202 timed out. Retrying.
2019-08-10 04:39:06,028 INFO  commands.RetriableDatanodeEventWatcher (RetriableDatanodeEventWatcher.java:onTimeout(47)) - RetriableDatanodeCommand type=deleteBlocksCommand with id=1565411942212 timed out. Retrying.
2019-08-10 04:39:06,042 INFO  commands.RetriableDatanodeEventWatcher (RetriableDatanodeEventWatcher.java:onTimeout(47)) - RetriableDatanodeCommand type=deleteBlocksCommand with id=1565411942222 timed out. Retrying.
2019-08-10 04:39:06,058 DEBUG block.SCMBlockDeletingService (SCMBlockDeletingService.java:call(138)) - Running DeletedBlockTransactionScanner
2019-08-10 04:39:06,059 DEBUG block.SCMBlockDeletingService (SCMBlockDeletingService.java:call(155)) - Scanned deleted blocks log and got 3 delTX to process.
2019-08-10 04:39:06,059 DEBUG block.SCMBlockDeletingService (SCMBlockDeletingService.java:call(171)) - Added delete block command for datanode 6c928baf-cc3b-4a10-9362-ff4e15dca71d in the queue, number of delete block transactions: 3, TxID list: 1,2,3
2019-08-10 04:39:06,060 INFO  block.SCMBlockDeletingService (SCMBlockDeletingService.java:call(182)) - Totally added 3 delete blocks command for 1 datanodes, task elapsed time: 1ms
2019-08-10 04:39:06,113 INFO  commands.RetriableDatanodeEventWatcher (RetriableDatanodeEventWatcher.java:onTimeout(47)) - RetriableDatanodeCommand type=deleteBlocksCommand with id=1565411942203 timed out. Retrying.
2019-08-10 04:39:06,129 INFO  commands.RetriableDatanodeEventWatcher (RetriableDatanodeEventWatcher.java:onTimeout(47)) - RetriableDatanodeCommand type=deleteBlocksCommand with id=1565411942213 timed out. Retrying.
2019-08-10 04:39:06,145 INFO  commands.RetriableDatanodeEventWatcher (RetriableDatanodeEventWatcher.java:onTimeout(47)) - RetriableDatanodeCommand type=deleteBlocksCommand with id=1565411942223 timed out. Retrying.
2019-08-10 04:39:06,160 DEBUG block.SCMBlockDeletingService (SCMBlockDeletingService.java:call(138)) - Running DeletedBlockTransactionScanner
2019-08-10 04:39:06,160 DEBUG block.SCMBlockDeletingService (SCMBlockDeletingService.java:call(155)) - Scanned deleted blocks log and got 3 delTX to process.
2019-08-10 04:39:06,161 DEBUG block.SCMBlockDeletingService (SCMBlockDeletingService.java:call(171)) - Added delete block command for datanode 6c928baf-cc3b-4a10-9362-ff4e15dca71d in the queue, number of delete block transactions: 3, TxID list: 1,2,3
2019-08-10 04:39:06,161 INFO  block.SCMBlockDeletingService (SCMBlockDeletingService.java:call(182)) - Totally added 3 delete blocks command for 1 datanodes, task elapsed time: 1ms
2019-08-10 04:39:06,200 INFO  commands.RetriableDatanodeEventWatcher (RetriableDatanodeEventWatcher.java:onTimeout(47)) - RetriableDatanodeCommand type=deleteBlocksCommand with id=1565411942194 timed out. Retrying.
2019-08-10 04:39:06,216 INFO  commands.RetriableDatanodeEventWatcher (RetriableDatanodeEventWatcher.java:onTimeout(47)) - RetriableDatanodeCommand type=deleteBlocksCommand with id=1565411942204 timed out. Retrying.
2019-08-10 04:39:06,230 INFO  commands.RetriableDatanodeEventWatcher (RetriableDatanodeEventWatcher.java:onTimeout(47)) - RetriableDatanodeCommand type=deleteBlocksCommand with id=1565411942214 timed out. Retrying.
2019-08-10 04:39:06,246 INFO  commands.RetriableDatanodeEventWatcher (RetriableDatanodeEventWatcher.java:onTimeout(47)) - RetriableDatanodeCommand type=deleteBlocksCommand with id=1565411942224 timed out. Retrying.
2019-08-10 04:39:06,261 DEBUG block.SCMBlockDeletingService (SCMBlockDeletingService.java:call(138)) - Running DeletedBlockTransactionScanner
2019-08-10 04:39:06,262 DEBUG block.SCMBlockDeletingService (SCMBlockDeletingService.java:call(155)) - Scanned deleted blocks log and got 3 delTX to process.
2019-08-10 04:39:06,263 DEBUG block.SCMBlockDeletingService (SCMBlockDeletingService.java:call(171)) - Added delete block command for datanode 6c928baf-cc3b-4a10-9362-ff4e15dca71d in the queue, number of delete block transactions: 3, TxID list: 1,2,3
2019-08-10 04:39:06,263 INFO  block.SCMBlockDeletingService (SCMBlockDeletingService.java:call(182)) - Totally added 3 delete blocks command for 1 datanodes, task elapsed time: 2ms
2019-08-10 04:39:06,302 INFO  commands.RetriableDatanodeEventWatcher (RetriableDatanodeEventWatcher.java:onTimeout(47)) - RetriableDatanodeCommand type=deleteBlocksCommand with id=1565411942195 timed out. Retrying.
2019-08-10 04:39:06,315 INFO  commands.RetriableDatanodeEventWatcher (RetriableDatanodeEventWatcher.java:onTimeout(47)) - RetriableDatanodeCommand type=deleteBlocksCommand with id=1565411942205 timed out. Retrying.
2019-08-10 04:39:06,333 INFO  commands.RetriableDatanodeEventWatcher (RetriableDatanodeEventWatcher.java:onTimeout(47)) - RetriableDatanodeCommand type=deleteBlocksCommand with id=1565411942215 timed out. Retrying.
2019-08-10 04:39:06,349 INFO  commands.RetriableDatanodeEventWatcher (RetriableDatanodeEventWatcher.java:onTimeout(47)) - RetriableDatanodeCommand type=deleteBlocksCommand with id=1565411942225 timed out. Retrying.
2019-08-10 04:39:06,363 DEBUG block.SCMBlockDeletingService (SCMBlockDeletingService.java:call(138)) - Running DeletedBlockTransactionScanner
2019-08-10 04:39:06,364 DEBUG block.SCMBlockDeletingService (SCMBlockDeletingService.java:call(155)) - Scanned deleted blocks log and got 3 delTX to process.
2019-08-10 04:39:06,364 DEBUG block.SCMBlockDeletingService (SCMBlockDeletingService.java:call(171)) - Added delete block command for datanode 6c928baf-cc3b-4a10-9362-ff4e15dca71d in the queue, number of delete block transactions: 3, TxID list: 1,2,3
2019-08-10 04:39:06,365 INFO  block.SCMBlockDeletingService (SCMBlockDeletingService.java:call(182)) - Totally added 3 delete blocks command for 1 datanodes, task elapsed time: 1ms
2019-08-10 04:39:06,402 INFO  commands.RetriableDatanodeEventWatcher (RetriableDatanodeEventWatcher.java:onTimeout(47)) - RetriableDatanodeCommand type=deleteBlocksCommand with id=1565411942196 timed out. Retrying.
2019-08-10 04:39:06,418 INFO  commands.RetriableDatanodeEventWatcher (RetriableDatanodeEventWatcher.java:onTimeout(47)) - RetriableDatanodeCommand type=deleteBlocksCommand with id=1565411942206 timed out. Retrying.
2019-08-10 04:39:06,432 INFO  commands.RetriableDatanodeEventWatcher (RetriableDatanodeEventWatcher.java:onTimeout(47)) - RetriableDatanodeCommand type=deleteBlocksCommand with id=1565411942216 timed out. Retrying.
2019-08-10 04:39:06,450 INFO  commands.RetriableDatanodeEventWatcher (RetriableDatanodeEventWatcher.java:onTimeout(47)) - RetriableDatanodeCommand type=deleteBlocksCommand with id=1565411942226 timed out. Retrying.
2019-08-10 04:39:06,465 DEBUG block.SCMBlockDeletingService (SCMBlockDeletingService.java:call(138)) - Running DeletedBlockTransactionScanner
2019-08-10 04:39:06,466 DEBUG block.SCMBlockDeletingService (SCMBlockDeletingService.java:call(155)) - Scanned deleted blocks log and got 3 delTX to process.
2019-08-10 04:39:06,466 DEBUG block.SCMBlockDeletingService (SCMBlockDeletingService.java:call(171)) - Added delete block command for datanode 6c928baf-cc3b-4a10-9362-ff4e15dca71d in the queue, number of delete block transactions: 3, TxID list: 1,2,3
2019-08-10 04:39:06,467 INFO  block.SCMBlockDeletingService (SCMBlockDeletingService.java:call(182)) - Totally added 3 delete blocks command for 1 datanodes, task elapsed time: 1ms
2019-08-10 04:39:06,504 INFO  commands.RetriableDatanodeEventWatcher (RetriableDatanodeEventWatcher.java:onTimeout(47)) - RetriableDatanodeCommand type=deleteBlocksCommand with id=1565411942197 timed out. Retrying.
2019-08-10 04:39:06,519 INFO  commands.RetriableDatanodeEventWatcher (RetriableDatanodeEventWatcher.java:onTimeout(47)) - RetriableDatanodeCommand type=deleteBlocksCommand with id=1565411942207 timed out. Retrying.
2019-08-10 04:39:06,535 INFO  commands.RetriableDatanodeEventWatcher (RetriableDatanodeEventWatcher.java:onTimeout(47)) - RetriableDatanodeCommand type=deleteBlocksCommand with id=1565411942217 timed out. Retrying.
2019-08-10 04:39:06,551 INFO  commands.RetriableDatanodeEventWatcher (RetriableDatanodeEventWatcher.java:onTimeout(47)) - RetriableDatanodeCommand type=deleteBlocksCommand with id=1565411942227 timed out. Retrying.
2019-08-10 04:39:06,567 DEBUG block.SCMBlockDeletingService (SCMBlockDeletingService.java:call(138)) - Running DeletedBlockTransactionScanner
2019-08-10 04:39:06,568 DEBUG block.SCMBlockDeletingService (SCMBlockDeletingService.java:call(155)) - Scanned deleted blocks log and got 3 delTX to process.
2019-08-10 04:39:06,568 DEBUG block.SCMBlockDeletingService (SCMBlockDeletingService.java:call(171)) - Added delete block command for datanode 6c928baf-cc3b-4a10-9362-ff4e15dca71d in the queue, number of delete block transactions: 3, TxID list: 1,2,3
2019-08-10 04:39:06,568 INFO  block.SCMBlockDeletingService (SCMBlockDeletingService.java:call(182)) - Totally added 3 delete blocks command for 1 datanodes, task elapsed time: 1ms
2019-08-10 04:39:06,604 INFO  commands.RetriableDatanodeEventWatcher (RetriableDatanodeEventWatcher.java:onTimeout(47)) - RetriableDatanodeCommand type=deleteBlocksCommand with id=1565411942198 timed out. Retrying.
2019-08-10 04:39:06,621 INFO  commands.RetriableDatanodeEventWatcher (RetriableDatanodeEventWatcher.java:onTimeout(47)) - RetriableDatanodeCommand type=deleteBlocksCommand with id=1565411942208 timed out. Retrying.
2019-08-10 04:39:06,637 INFO  commands.RetriableDatanodeEventWatcher (RetriableDatanodeEventWatcher.java:onTimeout(47)) - RetriableDatanodeCommand type=deleteBlocksCommand with id=1565411942218 timed out. Retrying.
2019-08-10 04:39:06,652 INFO  commands.RetriableDatanodeEventWatcher (RetriableDatanodeEventWatcher.java:onTimeout(47)) - RetriableDatanodeCommand type=deleteBlocksCommand with id=1565411942228 timed out. Retrying.
2019-08-10 04:39:06,669 DEBUG block.SCMBlockDeletingService (SCMBlockDeletingService.java:call(138)) - Running DeletedBlockTransactionScanner
2019-08-10 04:39:06,669 DEBUG block.SCMBlockDeletingService (SCMBlockDeletingService.java:call(155)) - Scanned deleted blocks log and got 3 delTX to process.
2019-08-10 04:39:06,670 DEBUG block.SCMBlockDeletingService (SCMBlockDeletingService.java:call(171)) - Added delete block command for datanode 6c928baf-cc3b-4a10-9362-ff4e15dca71d in the queue, number of delete block transactions: 3, TxID list: 1,2,3
2019-08-10 04:39:06,670 INFO  block.SCMBlockDeletingService (SCMBlockDeletingService.java:call(182)) - Totally added 3 delete blocks command for 1 datanodes, task elapsed time: 1ms
2019-08-10 04:39:06,705 INFO  commands.RetriableDatanodeEventWatcher (RetriableDatanodeEventWatcher.java:onTimeout(47)) - RetriableDatanodeCommand type=deleteBlocksCommand with id=1565411942199 timed out. Retrying.
2019-08-10 04:39:06,724 INFO  commands.RetriableDatanodeEventWatcher (RetriableDatanodeEventWatcher.java:onTimeout(47)) - RetriableDatanodeCommand type=deleteBlocksCommand with id=1565411942209 timed out. Retrying.
2019-08-10 04:39:06,737 INFO  commands.RetriableDatanodeEventWatcher (RetriableDatanodeEventWatcher.java:onTimeout(47)) - RetriableDatanodeCommand type=deleteBlocksCommand with id=1565411942219 timed out. Retrying.
2019-08-10 04:39:06,754 INFO  commands.RetriableDatanodeEventWatcher (RetriableDatanodeEventWatcher.java:onTimeout(47)) - RetriableDatanodeCommand type=deleteBlocksCommand with id=1565411942229 timed out. Retrying.
2019-08-10 04:39:06,771 DEBUG block.SCMBlockDeletingService (SCMBlockDeletingService.java:call(138)) - Running DeletedBlockTransactionScanner
2019-08-10 04:39:06,771 DEBUG block.SCMBlockDeletingService (SCMBlockDeletingService.java:call(155)) - Scanned deleted blocks log and got 3 delTX to process.
2019-08-10 04:39:06,771 DEBUG block.SCMBlockDeletingService (SCMBlockDeletingService.java:call(171)) - Added delete block command for datanode 6c928baf-cc3b-4a10-9362-ff4e15dca71d in the queue, number of delete block transactions: 3, TxID list: 1,2,3
2019-08-10 04:39:06,772 INFO  block.SCMBlockDeletingService (SCMBlockDeletingService.java:call(182)) - Totally added 3 delete blocks command for 1 datanodes, task elapsed time: 1ms
2019-08-10 04:39:06,811 INFO  commands.RetriableDatanodeEventWatcher (RetriableDatanodeEventWatcher.java:onTimeout(47)) - RetriableDatanodeCommand type=deleteBlocksCommand with id=1565411942200 timed out. Retrying.
2019-08-10 04:39:06,823 INFO  commands.RetriableDatanodeEventWatcher (RetriableDatanodeEventWatcher.java:onTimeout(47)) - RetriableDatanodeCommand type=deleteBlocksCommand with id=1565411942210 timed out. Retrying.
2019-08-10 04:39:06,841 INFO  commands.RetriableDatanodeEventWatcher (RetriableDatanodeEventWatcher.java:onTimeout(47)) - RetriableDatanodeCommand type=deleteBlocksCommand with id=1565411942220 timed out. Retrying.
2019-08-10 04:39:06,856 INFO  commands.RetriableDatanodeEventWatcher (RetriableDatanodeEventWatcher.java:onTimeout(47)) - RetriableDatanodeCommand type=deleteBlocksCommand with id=1565411942230 timed out. Retrying.
2019-08-10 04:39:06,872 DEBUG block.SCMBlockDeletingService (SCMBlockDeletingService.java:call(138)) - Running DeletedBlockTransactionScanner
2019-08-10 04:39:06,873 DEBUG block.SCMBlockDeletingService (SCMBlockDeletingService.java:call(155)) - Scanned deleted blocks log and got 3 delTX to process.
2019-08-10 04:39:06,873 DEBUG block.SCMBlockDeletingService (SCMBlockDeletingService.java:call(171)) - Added delete block command for datanode 6c928baf-cc3b-4a10-9362-ff4e15dca71d in the queue, number of delete block transactions: 3, TxID list: 1,2,3
2019-08-10 04:39:06,873 INFO  block.SCMBlockDeletingService (SCMBlockDeletingService.java:call(182)) - Totally added 3 delete blocks command for 1 datanodes, task elapsed time: 1ms
2019-08-10 04:39:06,908 INFO  commands.RetriableDatanodeEventWatcher (RetriableDatanodeEventWatcher.java:onTimeout(47)) - RetriableDatanodeCommand type=deleteBlocksCommand with id=1565411942201 timed out. Retrying.
2019-08-10 04:39:06,927 INFO  commands.RetriableDatanodeEventWatcher (RetriableDatanodeEventWatcher.java:onTimeout(47)) - RetriableDatanodeCommand type=deleteBlocksCommand with id=1565411942211 timed out. Retrying.
2019-08-10 04:39:06,941 INFO  commands.RetriableDatanodeEventWatcher (RetriableDatanodeEventWatcher.java:onTimeout(47)) - RetriableDatanodeCommand type=deleteBlocksCommand with id=1565411942221 timed out. Retrying.
2019-08-10 04:39:06,958 INFO  commands.RetriableDatanodeEventWatcher (RetriableDatanodeEventWatcher.java:onTimeout(47)) - RetriableDatanodeCommand type=deleteBlocksCommand with id=1565411942231 timed out. Retrying.
2019-08-10 04:39:06,974 DEBUG block.SCMBlockDeletingService (SCMBlockDeletingService.java:call(138)) - Running DeletedBlockTransactionScanner
2019-08-10 04:39:06,974 DEBUG block.SCMBlockDeletingService (SCMBlockDeletingService.java:call(155)) - Scanned deleted blocks log and got 3 delTX to process.
2019-08-10 04:39:06,974 DEBUG block.SCMBlockDeletingService (SCMBlockDeletingService.java:call(171)) - Added delete block command for datanode 6c928baf-cc3b-4a10-9362-ff4e15dca71d in the queue, number of delete block transactions: 3, TxID list: 1,2,3
2019-08-10 04:39:06,975 INFO  block.SCMBlockDeletingService (SCMBlockDeletingService.java:call(182)) - Totally added 3 delete blocks command for 1 datanodes, task elapsed time: 1ms
2019-08-10 04:39:07,013 INFO  commands.RetriableDatanodeEventWatcher (RetriableDatanodeEventWatcher.java:onTimeout(47)) - RetriableDatanodeCommand type=deleteBlocksCommand with id=1565411942202 timed out. Retrying.
2019-08-10 04:39:07,029 INFO  commands.RetriableDatanodeEventWatcher (RetriableDatanodeEventWatcher.java:onTimeout(47)) - RetriableDatanodeCommand type=deleteBlocksCommand with id=1565411942212 timed out. Retrying.
2019-08-10 04:39:07,042 INFO  commands.RetriableDatanodeEventWatcher (RetriableDatanodeEventWatcher.java:onTimeout(47)) - RetriableDatanodeCommand type=deleteBlocksCommand with id=1565411942222 timed out. Retrying.
2019-08-10 04:39:07,060 INFO  commands.RetriableDatanodeEventWatcher (RetriableDatanodeEventWatcher.java:onTimeout(47)) - RetriableDatanodeCommand type=deleteBlocksCommand with id=1565411942232 timed out. Retrying.
2019-08-10 04:39:07,075 DEBUG block.SCMBlockDeletingService (SCMBlockDeletingService.java:call(138)) - Running DeletedBlockTransactionScanner
2019-08-10 04:39:07,076 DEBUG block.SCMBlockDeletingService (SCMBlockDeletingService.java:call(155)) - Scanned deleted blocks log and got 3 delTX to process.
2019-08-10 04:39:07,076 DEBUG block.SCMBlockDeletingService (SCMBlockDeletingService.java:call(171)) - Added delete block command for datanode 6c928baf-cc3b-4a10-9362-ff4e15dca71d in the queue, number of delete block transactions: 3, TxID list: 1,2,3
2019-08-10 04:39:07,076 INFO  block.SCMBlockDeletingService (SCMBlockDeletingService.java:call(182)) - Totally added 3 delete blocks command for 1 datanodes, task elapsed time: 1ms
2019-08-10 04:39:07,113 INFO  commands.RetriableDatanodeEventWatcher (RetriableDatanodeEventWatcher.java:onTimeout(47)) - RetriableDatanodeCommand type=deleteBlocksCommand with id=1565411942203 timed out. Retrying.
2019-08-10 04:39:07,130 INFO  commands.RetriableDatanodeEventWatcher (RetriableDatanodeEventWatcher.java:onTimeout(47)) - RetriableDatanodeCommand type=deleteBlocksCommand with id=1565411942213 timed out. Retrying.
2019-08-10 04:39:07,143 INFO  ozoneimpl.OzoneContainer (OzoneContainer.java:stop(199)) - Attempting to stop container services.
2019-08-10 04:39:07,145 INFO  commands.RetriableDatanodeEventWatcher (RetriableDatanodeEventWatcher.java:onTimeout(47)) - RetriableDatanodeCommand type=deleteBlocksCommand with id=1565411942223 timed out. Retrying.
2019-08-10 04:39:07,146 INFO  impl.RaftServerProxy (RaftServerProxy.java:lambda$close$4(314)) - 6c928baf-cc3b-4a10-9362-ff4e15dca71d: close
2019-08-10 04:39:07,149 INFO  impl.RaftServerImpl (RaftServerImpl.java:lambda$shutdown$3(245)) - 6c928baf-cc3b-4a10-9362-ff4e15dca71d: shutdown group-586430B97ADD
2019-08-10 04:39:07,150 INFO  util.JmxRegister (JmxRegister.java:unregister(73)) - Successfully un-registered JMX Bean with object name Ratis:service=RaftServer,group=group-586430B97ADD,id=6c928baf-cc3b-4a10-9362-ff4e15dca71d
2019-08-10 04:39:07,151 INFO  impl.RoleInfo (RoleInfo.java:shutdownLeaderState(104)) - 6c928baf-cc3b-4a10-9362-ff4e15dca71d: shutdown LeaderState
2019-08-10 04:39:07,152 INFO  impl.PendingRequests (PendingRequests.java:sendNotLeaderResponses(202)) - 6c928baf-cc3b-4a10-9362-ff4e15dca71d-PendingRequests: sendNotLeaderResponses
2019-08-10 04:39:07,160 INFO  commands.RetriableDatanodeEventWatcher (RetriableDatanodeEventWatcher.java:onTimeout(47)) - RetriableDatanodeCommand type=deleteBlocksCommand with id=1565411942233 timed out. Retrying.
2019-08-10 04:39:07,160 INFO  impl.StateMachineUpdater (StateMachineUpdater.java:stopAndJoin(115)) - StateMachineUpdater:6c928baf-cc3b-4a10-9362-ff4e15dca71d:group-586430B97ADD: set stopIndex = 6328
2019-08-10 04:39:07,162 INFO  ratis.ContainerStateMachine (ContainerStateMachine.java:takeSnapshot(262)) - group-586430B97ADD: Taking a snapshot at:(t:1, i:6328) file /workdir/hadoop-ozone/integration-test/target/test-dir/MiniOzoneClusterImpl-71466a3e-5472-4a77-a4de-c7daf4941d14/datanode-0/data/ratis/5118c932-2885-4a42-8030-586430b97add/sm/snapshot.1_6328
2019-08-10 04:39:07,182 DEBUG block.SCMBlockDeletingService (SCMBlockDeletingService.java:call(138)) - Running DeletedBlockTransactionScanner
2019-08-10 04:39:07,183 DEBUG block.SCMBlockDeletingService (SCMBlockDeletingService.java:call(155)) - Scanned deleted blocks log and got 3 delTX to process.
2019-08-10 04:39:07,183 DEBUG block.SCMBlockDeletingService (SCMBlockDeletingService.java:call(171)) - Added delete block command for datanode 6c928baf-cc3b-4a10-9362-ff4e15dca71d in the queue, number of delete block transactions: 3, TxID list: 1,2,3
2019-08-10 04:39:07,183 INFO  block.SCMBlockDeletingService (SCMBlockDeletingService.java:call(182)) - Totally added 3 delete blocks command for 1 datanodes, task elapsed time: 1ms
2019-08-10 04:39:07,200 INFO  commands.RetriableDatanodeEventWatcher (RetriableDatanodeEventWatcher.java:onTimeout(47)) - RetriableDatanodeCommand type=deleteBlocksCommand with id=1565411942194 timed out. Retrying.
2019-08-10 04:39:07,214 INFO  ratis.ContainerStateMachine (ContainerStateMachine.java:takeSnapshot(273)) - group-586430B97ADD: Finished taking a snapshot at:(t:1, i:6328) file:/workdir/hadoop-ozone/integration-test/target/test-dir/MiniOzoneClusterImpl-71466a3e-5472-4a77-a4de-c7daf4941d14/datanode-0/data/ratis/5118c932-2885-4a42-8030-586430b97add/sm/snapshot.1_6328 time:54
2019-08-10 04:39:07,214 INFO  impl.StateMachineUpdater (StateMachineUpdater.java:takeSnapshot(242)) - StateMachineUpdater:6c928baf-cc3b-4a10-9362-ff4e15dca71d:group-586430B97ADD: Took a snapshot at index 6328
2019-08-10 04:39:07,215 INFO  impl.StateMachineUpdater (StateMachineUpdater.java:lambda$new$0(80)) - StateMachineUpdater:6c928baf-cc3b-4a10-9362-ff4e15dca71d:group-586430B97ADD: snapshotIndex: updateIncreasingly -1 -> 6328
2019-08-10 04:39:07,217 INFO  commands.RetriableDatanodeEventWatcher (RetriableDatanodeEventWatcher.java:onTimeout(47)) - RetriableDatanodeCommand type=deleteBlocksCommand with id=1565411942204 timed out. Retrying.
2019-08-10 04:39:07,224 INFO  impl.RaftServerImpl (ServerState.java:close(394)) - 6c928baf-cc3b-4a10-9362-ff4e15dca71d:group-586430B97ADD closes. The last applied log index is 6328
2019-08-10 04:39:07,228 INFO  segmented.SegmentedRaftLogWorker (SegmentedRaftLogWorker.java:run(313)) - 6c928baf-cc3b-4a10-9362-ff4e15dca71d-SegmentedRaftLogWorker:Storage Directory /workdir/hadoop-ozone/integration-test/target/test-dir/MiniOzoneClusterImpl-71466a3e-5472-4a77-a4de-c7daf4941d14/datanode-0/data/ratis/5118c932-2885-4a42-8030-586430b97add was interrupted, exiting. There are 0 tasks remaining in the queue.
2019-08-10 04:39:07,229 INFO  segmented.SegmentedRaftLogWorker (SegmentedRaftLogWorker.java:close(228)) - 6c928baf-cc3b-4a10-9362-ff4e15dca71d-SegmentedRaftLogWorker:Storage Directory /workdir/hadoop-ozone/integration-test/target/test-dir/MiniOzoneClusterImpl-71466a3e-5472-4a77-a4de-c7daf4941d14/datanode-0/data/ratis/5118c932-2885-4a42-8030-586430b97add close()
2019-08-10 04:39:07,231 INFO  commands.RetriableDatanodeEventWatcher (RetriableDatanodeEventWatcher.java:onTimeout(47)) - RetriableDatanodeCommand type=deleteBlocksCommand with id=1565411942214 timed out. Retrying.
2019-08-10 04:39:07,232 INFO  server.GrpcService (GrpcService.java:closeImpl(155)) - 6c928baf-cc3b-4a10-9362-ff4e15dca71d: shutdown server with port 43126 now
2019-08-10 04:39:07,236 INFO  server.GrpcService (GrpcService.java:closeImpl(163)) - 6c928baf-cc3b-4a10-9362-ff4e15dca71d: shutdown server with port 43126 successfully
2019-08-10 04:39:07,247 INFO  commands.RetriableDatanodeEventWatcher (RetriableDatanodeEventWatcher.java:onTimeout(47)) - RetriableDatanodeCommand type=deleteBlocksCommand with id=1565411942224 timed out. Retrying.
2019-08-10 04:39:07,249 INFO  utils.BackgroundService (BackgroundService.java:shutdown(148)) - Shutting down service BlockDeletingService
2019-08-10 04:39:07,253 WARN  fs.CachingGetSpaceUsed (CachingGetSpaceUsed.java:run(183)) - Thread Interrupted waiting to refresh disk information: sleep interrupted
2019-08-10 04:39:07,262 INFO  commands.RetriableDatanodeEventWatcher (RetriableDatanodeEventWatcher.java:onTimeout(47)) - RetriableDatanodeCommand type=deleteBlocksCommand with id=1565411942234 timed out. Retrying.
2019-08-10 04:39:07,271 INFO  statemachine.DatanodeStateMachine (DatanodeStateMachine.java:stopDaemon(395)) - Ozone container server stopped.
2019-08-10 04:39:07,279 INFO  handler.ContextHandler (ContextHandler.java:doStop(910)) - Stopped o.e.j.w.WebAppContext@302edb74{/,null,UNAVAILABLE}{/hddsDatanode}
2019-08-10 04:39:07,284 DEBUG block.SCMBlockDeletingService (SCMBlockDeletingService.java:call(138)) - Running DeletedBlockTransactionScanner
2019-08-10 04:39:07,284 DEBUG block.SCMBlockDeletingService (SCMBlockDeletingService.java:call(155)) - Scanned deleted blocks log and got 3 delTX to process.
2019-08-10 04:39:07,284 DEBUG block.SCMBlockDeletingService (SCMBlockDeletingService.java:call(171)) - Added delete block command for datanode 6c928baf-cc3b-4a10-9362-ff4e15dca71d in the queue, number of delete block transactions: 3, TxID list: 1,2,3
2019-08-10 04:39:07,285 INFO  block.SCMBlockDeletingService (SCMBlockDeletingService.java:call(182)) - Totally added 3 delete blocks command for 1 datanodes, task elapsed time: 1ms
2019-08-10 04:39:07,288 INFO  server.AbstractConnector (AbstractConnector.java:doStop(318)) - Stopped ServerConnector@7efd28bd{HTTP/1.1,[http/1.1]}{0.0.0.0:0}
2019-08-10 04:39:07,288 INFO  handler.ContextHandler (ContextHandler.java:doStop(910)) - Stopped o.e.j.s.ServletContextHandler@4ee6291f{/static,jar:file:/home/user/.m2/repository/org/apache/hadoop/hadoop-hdds-container-service/0.4.1-SNAPSHOT/hadoop-hdds-container-service-0.4.1-SNAPSHOT.jar!/webapps/static,UNAVAILABLE}
2019-08-10 04:39:07,289 INFO  handler.ContextHandler (ContextHandler.java:doStop(910)) - Stopped o.e.j.s.ServletContextHandler@5c080ef3{/logs,file:///workdir/hadoop-ozone/integration-test/target/log,UNAVAILABLE}
2019-08-10 04:39:07,303 INFO  commands.RetriableDatanodeEventWatcher (RetriableDatanodeEventWatcher.java:onTimeout(47)) - RetriableDatanodeCommand type=deleteBlocksCommand with id=1565411942195 timed out. Retrying.
2019-08-10 04:39:07,315 INFO  commands.RetriableDatanodeEventWatcher (RetriableDatanodeEventWatcher.java:onTimeout(47)) - RetriableDatanodeCommand type=deleteBlocksCommand with id=1565411942205 timed out. Retrying.
2019-08-10 04:39:07,334 INFO  commands.RetriableDatanodeEventWatcher (RetriableDatanodeEventWatcher.java:onTimeout(47)) - RetriableDatanodeCommand type=deleteBlocksCommand with id=1565411942215 timed out. Retrying.
2019-08-10 04:39:07,350 INFO  commands.RetriableDatanodeEventWatcher (RetriableDatanodeEventWatcher.java:onTimeout(47)) - RetriableDatanodeCommand type=deleteBlocksCommand with id=1565411942225 timed out. Retrying.
2019-08-10 04:39:07,364 INFO  commands.RetriableDatanodeEventWatcher (RetriableDatanodeEventWatcher.java:onTimeout(47)) - RetriableDatanodeCommand type=deleteBlocksCommand with id=1565411942235 timed out. Retrying.
2019-08-10 04:39:07,385 DEBUG block.SCMBlockDeletingService (SCMBlockDeletingService.java:call(138)) - Running DeletedBlockTransactionScanner
2019-08-10 04:39:07,386 DEBUG block.SCMBlockDeletingService (SCMBlockDeletingService.java:call(155)) - Scanned deleted blocks log and got 3 delTX to process.
2019-08-10 04:39:07,386 DEBUG block.SCMBlockDeletingService (SCMBlockDeletingService.java:call(171)) - Added delete block command for datanode 6c928baf-cc3b-4a10-9362-ff4e15dca71d in the queue, number of delete block transactions: 3, TxID list: 1,2,3
2019-08-10 04:39:07,386 INFO  block.SCMBlockDeletingService (SCMBlockDeletingService.java:call(182)) - Totally added 3 delete blocks command for 1 datanodes, task elapsed time: 1ms
2019-08-10 04:39:07,401 INFO  commands.RetriableDatanodeEventWatcher (RetriableDatanodeEventWatcher.java:onTimeout(47)) - RetriableDatanodeCommand type=deleteBlocksCommand with id=1565411942196 timed out. Retrying.
2019-08-10 04:39:07,420 INFO  commands.RetriableDatanodeEventWatcher (RetriableDatanodeEventWatcher.java:onTimeout(47)) - RetriableDatanodeCommand type=deleteBlocksCommand with id=1565411942206 timed out. Retrying.
2019-08-10 04:39:07,433 INFO  commands.RetriableDatanodeEventWatcher (RetriableDatanodeEventWatcher.java:onTimeout(47)) - RetriableDatanodeCommand type=deleteBlocksCommand with id=1565411942216 timed out. Retrying.
2019-08-10 04:39:07,450 INFO  commands.RetriableDatanodeEventWatcher (RetriableDatanodeEventWatcher.java:onTimeout(47)) - RetriableDatanodeCommand type=deleteBlocksCommand with id=1565411942226 timed out. Retrying.
2019-08-10 04:39:07,467 INFO  commands.RetriableDatanodeEventWatcher (RetriableDatanodeEventWatcher.java:onTimeout(47)) - RetriableDatanodeCommand type=deleteBlocksCommand with id=1565411942236 timed out. Retrying.
2019-08-10 04:39:07,487 DEBUG block.SCMBlockDeletingService (SCMBlockDeletingService.java:call(138)) - Running DeletedBlockTransactionScanner
2019-08-10 04:39:07,487 DEBUG block.SCMBlockDeletingService (SCMBlockDeletingService.java:call(155)) - Scanned deleted blocks log and got 3 delTX to process.
2019-08-10 04:39:07,488 DEBUG block.SCMBlockDeletingService (SCMBlockDeletingService.java:call(171)) - Added delete block command for datanode 6c928baf-cc3b-4a10-9362-ff4e15dca71d in the queue, number of delete block transactions: 3, TxID list: 1,2,3
2019-08-10 04:39:07,488 INFO  block.SCMBlockDeletingService (SCMBlockDeletingService.java:call(182)) - Totally added 3 delete blocks command for 1 datanodes, task elapsed time: 1ms
2019-08-10 04:39:07,505 INFO  commands.RetriableDatanodeEventWatcher (RetriableDatanodeEventWatcher.java:onTimeout(47)) - RetriableDatanodeCommand type=deleteBlocksCommand with id=1565411942197 timed out. Retrying.
2019-08-10 04:39:07,520 INFO  commands.RetriableDatanodeEventWatcher (RetriableDatanodeEventWatcher.java:onTimeout(47)) - RetriableDatanodeCommand type=deleteBlocksCommand with id=1565411942207 timed out. Retrying.
2019-08-10 04:39:07,535 INFO  commands.RetriableDatanodeEventWatcher (RetriableDatanodeEventWatcher.java:onTimeout(47)) - RetriableDatanodeCommand type=deleteBlocksCommand with id=1565411942217 timed out. Retrying.
2019-08-10 04:39:07,552 INFO  commands.RetriableDatanodeEventWatcher (RetriableDatanodeEventWatcher.java:onTimeout(47)) - RetriableDatanodeCommand type=deleteBlocksCommand with id=1565411942227 timed out. Retrying.
2019-08-10 04:39:07,568 INFO  commands.RetriableDatanodeEventWatcher (RetriableDatanodeEventWatcher.java:onTimeout(47)) - RetriableDatanodeCommand type=deleteBlocksCommand with id=1565411942237 timed out. Retrying.
2019-08-10 04:39:07,589 DEBUG block.SCMBlockDeletingService (SCMBlockDeletingService.java:call(138)) - Running DeletedBlockTransactionScanner
2019-08-10 04:39:07,589 DEBUG block.SCMBlockDeletingService (SCMBlockDeletingService.java:call(155)) - Scanned deleted blocks log and got 3 delTX to process.
2019-08-10 04:39:07,589 DEBUG block.SCMBlockDeletingService (SCMBlockDeletingService.java:call(171)) - Added delete block command for datanode 6c928baf-cc3b-4a10-9362-ff4e15dca71d in the queue, number of delete block transactions: 3, TxID list: 1,2,3
2019-08-10 04:39:07,590 INFO  block.SCMBlockDeletingService (SCMBlockDeletingService.java:call(182)) - Totally added 3 delete blocks command for 1 datanodes, task elapsed time: 1ms
2019-08-10 04:39:07,605 INFO  commands.RetriableDatanodeEventWatcher (RetriableDatanodeEventWatcher.java:onTimeout(47)) - RetriableDatanodeCommand type=deleteBlocksCommand with id=1565411942198 timed out. Retrying.
2019-08-10 04:39:07,621 INFO  commands.RetriableDatanodeEventWatcher (RetriableDatanodeEventWatcher.java:onTimeout(47)) - RetriableDatanodeCommand type=deleteBlocksCommand with id=1565411942208 timed out. Retrying.
2019-08-10 04:39:07,638 INFO  commands.RetriableDatanodeEventWatcher (RetriableDatanodeEventWatcher.java:onTimeout(47)) - RetriableDatanodeCommand type=deleteBlocksCommand with id=1565411942218 timed out. Retrying.
2019-08-10 04:39:07,652 INFO  commands.RetriableDatanodeEventWatcher (RetriableDatanodeEventWatcher.java:onTimeout(47)) - RetriableDatanodeCommand type=deleteBlocksCommand with id=1565411942228 timed out. Retrying.
2019-08-10 04:39:07,670 INFO  commands.RetriableDatanodeEventWatcher (RetriableDatanodeEventWatcher.java:onTimeout(47)) - RetriableDatanodeCommand type=deleteBlocksCommand with id=1565411942238 timed out. Retrying.
2019-08-10 04:39:07,690 DEBUG block.SCMBlockDeletingService (SCMBlockDeletingService.java:call(138)) - Running DeletedBlockTransactionScanner
2019-08-10 04:39:07,691 DEBUG block.SCMBlockDeletingService (SCMBlockDeletingService.java:call(155)) - Scanned deleted blocks log and got 3 delTX to process.
2019-08-10 04:39:07,691 DEBUG block.SCMBlockDeletingService (SCMBlockDeletingService.java:call(171)) - Added delete block command for datanode 6c928baf-cc3b-4a10-9362-ff4e15dca71d in the queue, number of delete block transactions: 3, TxID list: 1,2,3
2019-08-10 04:39:07,691 INFO  block.SCMBlockDeletingService (SCMBlockDeletingService.java:call(182)) - Totally added 3 delete blocks command for 1 datanodes, task elapsed time: 1ms
2019-08-10 04:39:07,705 INFO  commands.RetriableDatanodeEventWatcher (RetriableDatanodeEventWatcher.java:onTimeout(47)) - RetriableDatanodeCommand type=deleteBlocksCommand with id=1565411942199 timed out. Retrying.
2019-08-10 04:39:07,725 INFO  commands.RetriableDatanodeEventWatcher (RetriableDatanodeEventWatcher.java:onTimeout(47)) - RetriableDatanodeCommand type=deleteBlocksCommand with id=1565411942209 timed out. Retrying.
2019-08-10 04:39:07,738 INFO  commands.RetriableDatanodeEventWatcher (RetriableDatanodeEventWatcher.java:onTimeout(47)) - RetriableDatanodeCommand type=deleteBlocksCommand with id=1565411942219 timed out. Retrying.
2019-08-10 04:39:07,754 INFO  commands.RetriableDatanodeEventWatcher (RetriableDatanodeEventWatcher.java:onTimeout(47)) - RetriableDatanodeCommand type=deleteBlocksCommand with id=1565411942229 timed out. Retrying.
2019-08-10 04:39:07,772 INFO  commands.RetriableDatanodeEventWatcher (RetriableDatanodeEventWatcher.java:onTimeout(47)) - RetriableDatanodeCommand type=deleteBlocksCommand with id=1565411942239 timed out. Retrying.
2019-08-10 04:39:07,792 DEBUG block.SCMBlockDeletingService (SCMBlockDeletingService.java:call(138)) - Running DeletedBlockTransactionScanner
2019-08-10 04:39:07,792 DEBUG block.SCMBlockDeletingService (SCMBlockDeletingService.java:call(155)) - Scanned deleted blocks log and got 3 delTX to process.
2019-08-10 04:39:07,792 DEBUG block.SCMBlockDeletingService (SCMBlockDeletingService.java:call(171)) - Added delete block command for datanode 6c928baf-cc3b-4a10-9362-ff4e15dca71d in the queue, number of delete block transactions: 3, TxID list: 1,2,3
2019-08-10 04:39:07,793 INFO  block.SCMBlockDeletingService (SCMBlockDeletingService.java:call(182)) - Totally added 3 delete blocks command for 1 datanodes, task elapsed time: 1ms
2019-08-10 04:39:07,793 INFO  ozone.MiniOzoneClusterImpl (MiniOzoneClusterImpl.java:lambda$waitForClusterToBeReady$0(142)) - Cluster is ready. Got 0 of 0 DN Heartbeats.
2019-08-10 04:39:07,798 INFO  impl.MetricsSystemImpl (MetricsSystemImpl.java:init(158)) - HddsDatanode metrics system started (again)
2019-08-10 04:39:07,812 INFO  commands.RetriableDatanodeEventWatcher (RetriableDatanodeEventWatcher.java:onTimeout(47)) - RetriableDatanodeCommand type=deleteBlocksCommand with id=1565411942200 timed out. Retrying.
2019-08-10 04:39:07,823 INFO  commands.RetriableDatanodeEventWatcher (RetriableDatanodeEventWatcher.java:onTimeout(47)) - RetriableDatanodeCommand type=deleteBlocksCommand with id=1565411942210 timed out. Retrying.
2019-08-10 04:39:07,841 INFO  commands.RetriableDatanodeEventWatcher (RetriableDatanodeEventWatcher.java:onTimeout(47)) - RetriableDatanodeCommand type=deleteBlocksCommand with id=1565411942220 timed out. Retrying.
2019-08-10 04:39:07,857 INFO  commands.RetriableDatanodeEventWatcher (RetriableDatanodeEventWatcher.java:onTimeout(47)) - RetriableDatanodeCommand type=deleteBlocksCommand with id=1565411942230 timed out. Retrying.
2019-08-10 04:39:07,858 INFO  ozone.HddsDatanodeService (HddsDatanodeService.java:start(184)) - HddsDatanodeService host:byscane-nightly-wggqd-62853239 ip:192.168.157.255
2019-08-10 04:39:07,863 INFO  volume.VolumeUsage (VolumeUsage.java:loadScmUsed(144)) - Cached ScmUsed found for /workdir/hadoop-ozone/integration-test/target/test-dir/MiniOzoneClusterImpl-71466a3e-5472-4a77-a4de-c7daf4941d14/datanode-0/data/containers : 4096 
2019-08-10 04:39:07,864 INFO  volume.HddsVolume (HddsVolume.java:<init>(176)) - Creating Volume: /workdir/hadoop-ozone/integration-test/target/test-dir/MiniOzoneClusterImpl-71466a3e-5472-4a77-a4de-c7daf4941d14/datanode-0/data/containers/hdds of  storage type : DISK and capacity : 52710309888
2019-08-10 04:39:07,865 INFO  volume.VolumeSet (VolumeSet.java:initializeVolumeSet(170)) - Added Volume : /workdir/hadoop-ozone/integration-test/target/test-dir/MiniOzoneClusterImpl-71466a3e-5472-4a77-a4de-c7daf4941d14/datanode-0/data/containers/hdds to VolumeSet
2019-08-10 04:39:07,865 INFO  volume.ThrottledAsyncChecker (ThrottledAsyncChecker.java:schedule(140)) - Scheduling a check for org.apache.hadoop.ozone.container.common.volume.HddsVolume@191c6e13
2019-08-10 04:39:07,866 INFO  volume.HddsVolumeChecker (HddsVolumeChecker.java:checkAllVolumes(203)) - Scheduled health check for volume org.apache.hadoop.ozone.container.common.volume.HddsVolume@191c6e13
2019-08-10 04:39:07,874 INFO  commands.RetriableDatanodeEventWatcher (RetriableDatanodeEventWatcher.java:onTimeout(47)) - RetriableDatanodeCommand type=deleteBlocksCommand with id=1565411942240 timed out. Retrying.
2019-08-10 04:39:07,893 DEBUG block.SCMBlockDeletingService (SCMBlockDeletingService.java:call(138)) - Running DeletedBlockTransactionScanner
2019-08-10 04:39:07,894 DEBUG block.SCMBlockDeletingService (SCMBlockDeletingService.java:call(155)) - Scanned deleted blocks log and got 3 delTX to process.
2019-08-10 04:39:07,894 DEBUG block.SCMBlockDeletingService (SCMBlockDeletingService.java:call(171)) - Added delete block command for datanode 6c928baf-cc3b-4a10-9362-ff4e15dca71d in the queue, number of delete block transactions: 3, TxID list: 1,2,3
2019-08-10 04:39:07,894 INFO  block.SCMBlockDeletingService (SCMBlockDeletingService.java:call(182)) - Totally added 3 delete blocks command for 1 datanodes, task elapsed time: 1ms
2019-08-10 04:39:07,908 INFO  commands.RetriableDatanodeEventWatcher (RetriableDatanodeEventWatcher.java:onTimeout(47)) - RetriableDatanodeCommand type=deleteBlocksCommand with id=1565411942201 timed out. Retrying.
2019-08-10 04:39:07,928 INFO  commands.RetriableDatanodeEventWatcher (RetriableDatanodeEventWatcher.java:onTimeout(47)) - RetriableDatanodeCommand type=deleteBlocksCommand with id=1565411942211 timed out. Retrying.
2019-08-10 04:39:07,942 INFO  commands.RetriableDatanodeEventWatcher (RetriableDatanodeEventWatcher.java:onTimeout(47)) - RetriableDatanodeCommand type=deleteBlocksCommand with id=1565411942221 timed out. Retrying.
2019-08-10 04:39:07,958 INFO  commands.RetriableDatanodeEventWatcher (RetriableDatanodeEventWatcher.java:onTimeout(47)) - RetriableDatanodeCommand type=deleteBlocksCommand with id=1565411942231 timed out. Retrying.
2019-08-10 04:39:07,975 INFO  commands.RetriableDatanodeEventWatcher (RetriableDatanodeEventWatcher.java:onTimeout(47)) - RetriableDatanodeCommand type=deleteBlocksCommand with id=1565411942241 timed out. Retrying.
ConfUtils.java:logGet(43)) - raft.rpc.type = GRPC (default)
2019-08-10 04:39:07,975 INFO  commands.RetriableDatanodeEventWatcher (RetriableDatanodeEventWatcher.java:onTimeout(47)) - RetriableDatanodeCommand type=deleteBlocksCommand with id=1565411942241 timed out. Retrying.
2019-08-10 04:39:07,975 INFO  grpc.GrpcFactory (GrpcFactory.java:checkPooledByteBufAllocatorUseCacheForAllThreads(45)) - PERFORMANCE WARNING: useCacheForAllThreads is true that may cause Netty to create a lot garbage objects and, as a result, trigger GC.
	It is recommended to disable useCacheForAllThreads by setting -Dorg.apache.ratis.thirdparty.io.netty.allocator.useCacheForAllThreads=false in command line.
2019-08-10 04:39:07,976 INFO  grpc.GrpcConfigKeys$Server (ConfUtils.java:logGet(43)) - raft.grpc.server.port = 43126 (custom)
2019-08-10 04:39:07,976 INFO  server.GrpcService (ConfUtils.java:logGet(43)) - raft.grpc.message.size.max = 33570816 (custom)
2019-08-10 04:39:07,976 INFO  server.RaftServerConfigKeys (ConfUtils.java:logGet(43)) - raft.server.log.appender.buffer.byte-limit = 33554432 (custom)
2019-08-10 04:39:07,977 INFO  server.GrpcService (ConfUtils.java:logGet(43)) - raft.grpc.flow.control.window = 1MB (=1048576) (default)
2019-08-10 04:39:07,977 INFO  server.RaftServerConfigKeys (ConfUtils.java:logGet(43)) - raft.server.rpc.request.timeout = 3000ms (default)
2019-08-10 04:39:07,978 INFO  server.RaftServerConfigKeys (ConfUtils.java:logGet(43)) - raft.server.storage.dir = [/workdir/hadoop-ozone/integration-test/target/test-dir/MiniOzoneClusterImpl-71466a3e-5472-4a77-a4de-c7daf4941d14/datanode-0/data/ratis] (custom)
2019-08-10 04:39:07,979 INFO  impl.RaftServerProxy (RaftServerProxy.java:lambda$null$0(191)) - 6c928baf-cc3b-4a10-9362-ff4e15dca71d: found a subdirectory /workdir/hadoop-ozone/integration-test/target/test-dir/MiniOzoneClusterImpl-71466a3e-5472-4a77-a4de-c7daf4941d14/datanode-0/data/ratis/5118c932-2885-4a42-8030-586430b97add
2019-08-10 04:39:07,981 INFO  impl.RaftServerProxy (RaftServerProxy.java:addNew(89)) - 6c928baf-cc3b-4a10-9362-ff4e15dca71d: addNew group-586430B97ADD:[] returns group-586430B97ADD:java.util.concurrent.CompletableFuture@4f081b5d[Not completed]
2019-08-10 04:39:07,983 INFO  replication.SimpleContainerDownloader (SimpleContainerDownloader.java:<init>(72)) - Starting container downloader service to copy containers to replicate.
2019-08-10 04:39:08,002 DEBUG block.SCMBlockDeletingService (SCMBlockDeletingService.java:call(138)) - Running DeletedBlockTransactionScanner
2019-08-10 04:39:08,002 DEBUG block.SCMBlockDeletingService (SCMBlockDeletingService.java:call(155)) - Scanned deleted blocks log and got 3 delTX to process.
2019-08-10 04:39:08,003 INFO  impl.RaftServerImpl (RaftServerImpl.java:<init>(93)) - 6c928baf-cc3b-4a10-9362-ff4e15dca71d: new RaftServerImpl for group-586430B97ADD:[] with ContainerStateMachine:uninitialized
2019-08-10 04:39:08,003 DEBUG block.SCMBlockDeletingService (SCMBlockDeletingService.java:call(171)) - Added delete block command for datanode 6c928baf-cc3b-4a10-9362-ff4e15dca71d in the queue, number of delete block transactions: 3, TxID list: 1,2,3
2019-08-10 04:39:08,004 INFO  server.RaftServerConfigKeys (ConfUtils.java:logGet(43)) - raft.server.rpc.timeout.min = 5s (custom)
2019-08-10 04:39:08,004 INFO  server.RaftServerConfigKeys (ConfUtils.java:logGet(43)) - raft.server.rpc.timeout.max = 5200ms (custom)
2019-08-10 04:39:08,005 INFO  block.SCMBlockDeletingService (SCMBlockDeletingService.java:call(182)) - Totally added 3 delete blocks command for 1 datanodes, task elapsed time: 3ms
2019-08-10 04:39:08,005 INFO  server.RaftServerConfigKeys (ConfUtils.java:logGet(43)) - raft.server.rpcslowness.timeout = 120s (custom)
2019-08-10 04:39:08,005 INFO  server.RaftServerConfigKeys (ConfUtils.java:logGet(43)) - raft.server.sleep.deviation.threshold = 300 (default)
2019-08-10 04:39:08,005 INFO  server.RaftServerConfigKeys (ConfUtils.java:logGet(43)) - raft.server.log.appender.install.snapshot.enabled = false (custom)
2019-08-10 04:39:08,005 INFO  impl.RaftServerImpl (ServerState.java:<init>(105)) - 6c928baf-cc3b-4a10-9362-ff4e15dca71d:group-586430B97ADD ConfigurationManager, init=-1: [], old=null, confs=<EMPTY_MAP>
2019-08-10 04:39:08,005 INFO  server.RaftServerConfigKeys (ConfUtils.java:logGet(43)) - raft.server.storage.dir = [/workdir/hadoop-ozone/integration-test/target/test-dir/MiniOzoneClusterImpl-71466a3e-5472-4a77-a4de-c7daf4941d14/datanode-0/data/ratis] (custom)
2019-08-10 04:39:08,005 INFO  hdfs.DFSUtil (DFSUtil.java:httpServerTemplateForNNAndJN(1641)) - Starting Web-server for hddsDatanode at: http://0.0.0.0:38694
2019-08-10 04:39:08,008 INFO  server.AuthenticationFilter (AuthenticationFilter.java:constructSecretProvider(240)) - Unable to initialize FileSignerSecretProvider, falling back to use random secrets.
2019-08-10 04:39:08,008 WARN  http.HttpRequestLog (HttpRequestLog.java:getRequestLog(97)) - Jetty request log can only be enabled using Log4j
2019-08-10 04:39:08,011 INFO  http.HttpServer2 (HttpServer2.java:addGlobalFilter(975)) - Added global filter 'safety' (class=org.apache.hadoop.http.HttpServer2$QuotingInputFilter)
2019-08-10 04:39:08,012 INFO  http.HttpServer2 (HttpServer2.java:addFilter(948)) - Added filter static_user_filter (class=org.apache.hadoop.http.lib.StaticUserWebFilter$StaticUserFilter) to context hddsDatanode
2019-08-10 04:39:08,012 INFO  http.HttpServer2 (HttpServer2.java:addFilter(958)) - Added filter static_user_filter (class=org.apache.hadoop.http.lib.StaticUserWebFilter$StaticUserFilter) to context static
2019-08-10 04:39:08,012 INFO  http.HttpServer2 (HttpServer2.java:addFilter(958)) - Added filter static_user_filter (class=org.apache.hadoop.http.lib.StaticUserWebFilter$StaticUserFilter) to context logs
2019-08-10 04:39:08,013 INFO  commands.RetriableDatanodeEventWatcher (RetriableDatanodeEventWatcher.java:onTimeout(47)) - RetriableDatanodeCommand type=deleteBlocksCommand with id=1565411942202 timed out. Retrying.
2019-08-10 04:39:08,014 INFO  http.HttpServer2 (HttpServer2.java:bindListener(1191)) - Jetty bound to port 38694
2019-08-10 04:39:08,014 INFO  server.Server (Server.java:doStart(351)) - jetty-9.3.24.v20180605, build timestamp: 2018-06-05T17:11:56Z, git hash: 84205aa28f11a4f31f2a3b86d1bba2cc8ab69827
2019-08-10 04:39:08,017 INFO  handler.ContextHandler (ContextHandler.java:doStart(781)) - Started o.e.j.s.ServletContextHandler@7fef0b40{/logs,file:///workdir/hadoop-ozone/integration-test/target/log,AVAILABLE}
2019-08-10 04:39:08,018 INFO  handler.ContextHandler (ContextHandler.java:doStart(781)) - Started o.e.j.s.ServletContextHandler@19f02280{/static,jar:file:/home/user/.m2/repository/org/apache/hadoop/hadoop-hdds-container-service/0.4.1-SNAPSHOT/hadoop-hdds-container-service-0.4.1-SNAPSHOT.jar!/webapps/static,AVAILABLE}
2019-08-10 04:39:08,030 INFO  commands.RetriableDatanodeEventWatcher (RetriableDatanodeEventWatcher.java:onTimeout(47)) - RetriableDatanodeCommand type=deleteBlocksCommand with id=1565411942212 timed out. Retrying.
2019-08-10 04:39:08,030 INFO  storage.RaftStorageDirectory (RaftStorageDirectory.java:tryLock(328)) - Lock on /workdir/hadoop-ozone/integration-test/target/test-dir/MiniOzoneClusterImpl-71466a3e-5472-4a77-a4de-c7daf4941d14/datanode-0/data/ratis/5118c932-2885-4a42-8030-586430b97add/in_use.lock acquired by nodename 15095@byscane-nightly-wggqd-62853239
2019-08-10 04:39:08,034 INFO  ratis.ContainerStateMachine (ContainerStateMachine.java:loadSnapshot(222)) - group-586430B97ADD: Setting the last applied index to (t:1, i:6328)
2019-08-10 04:39:08,037 INFO  impl.RaftServerImpl (ServerState.java:setRaftConf(361)) - 6c928baf-cc3b-4a10-9362-ff4e15dca71d:group-586430B97ADD set configuration 0: [6c928baf-cc3b-4a10-9362-ff4e15dca71d:192.168.157.255:43126], old=null at 0
2019-08-10 04:39:08,037 INFO  server.RaftServerConfigKeys (ConfUtils.java:logGet(43)) - raft.server.leader.election.timeout = 120s (custom)
2019-08-10 04:39:08,037 INFO  server.RaftServerConfigKeys (ConfUtils.java:logGet(43)) - raft.server.log.use.memory = false (default)
2019-08-10 04:39:08,038 INFO  server.RaftServerConfigKeys (ConfUtils.java:logGet(43)) - raft.server.log.purge.gap = 1000000000 (custom)
2019-08-10 04:39:08,038 INFO  server.RaftServerConfigKeys (ConfUtils.java:logGet(43)) - raft.server.log.appender.buffer.byte-limit = 33554432 (custom)
2019-08-10 04:39:08,038 INFO  server.RaftServerConfigKeys (ConfUtils.java:logGet(43)) - raft.server.log.segment.size.max = 1048576 (custom)
2019-08-10 04:39:08,038 INFO  server.RaftServerConfigKeys (ConfUtils.java:logGet(43)) - raft.server.log.segment.cache.num.max = 2 (custom)
2019-08-10 04:39:08,038 INFO  segmented.SegmentedRaftLogWorker (SegmentedRaftLogWorker.java:<init>(172)) - new 6c928baf-cc3b-4a10-9362-ff4e15dca71d-SegmentedRaftLogWorker:Storage Directory /workdir/hadoop-ozone/integration-test/target/test-dir/MiniOzoneClusterImpl-71466a3e-5472-4a77-a4de-c7daf4941d14/datanode-0/data/ratis/5118c932-2885-4a42-8030-586430b97add for RaftStorage:Storage Directory /workdir/hadoop-ozone/integration-test/target/test-dir/MiniOzoneClusterImpl-71466a3e-5472-4a77-a4de-c7daf4941d14/datanode-0/data/ratis/5118c932-2885-4a42-8030-586430b97add
2019-08-10 04:39:08,038 INFO  server.RaftServerConfigKeys (ConfUtils.java:logGet(43)) - raft.server.log.queue.byte-limit = 2147483647 (custom)
2019-08-10 04:39:08,038 INFO  server.RaftServerConfigKeys (ConfUtils.java:logGet(43)) - raft.server.log.queue.element-limit = 1024 (custom)
2019-08-10 04:39:08,039 INFO  server.RaftServerConfigKeys (ConfUtils.java:logGet(43)) - raft.server.log.segment.size.max = 1048576 (custom)
2019-08-10 04:39:08,039 INFO  server.RaftServerConfigKeys (ConfUtils.java:logGet(43)) - raft.server.log.preallocated.size = 16384 (custom)
2019-08-10 04:39:08,039 INFO  server.RaftServerConfigKeys (ConfUtils.java:logGet(43)) - raft.server.log.write.buffer.size = 33554432 (custom)
2019-08-10 04:39:08,039 INFO  server.RaftServerConfigKeys (ConfUtils.java:logGet(43)) - raft.server.log.force.sync.num = 128 (default)
2019-08-10 04:39:08,039 INFO  server.RaftServerConfigKeys (ConfUtils.java:logGet(43)) - raft.server.log.statemachine.data.sync = true (default)
2019-08-10 04:39:08,039 INFO  server.RaftServerConfigKeys (ConfUtils.java:logGet(43)) - raft.server.log.statemachine.data.sync.timeout = 10s (default)
2019-08-10 04:39:08,039 INFO  server.RaftServerConfigKeys (ConfUtils.java:logGet(43)) - raft.server.log.statemachine.data.sync.timeout.retry = -1 (default)
2019-08-10 04:39:08,040 INFO  server.RaftServerConfigKeys (ConfUtils.java:logGet(43)) - raft.server.log.statemachine.data.caching.enabled = true (custom)
2019-08-10 04:39:08,042 INFO  commands.RetriableDatanodeEventWatcher (RetriableDatanodeEventWatcher.java:onTimeout(47)) - RetriableDatanodeCommand type=deleteBlocksCommand with id=1565411942222 timed out. Retrying.
2019-08-10 04:39:08,045 INFO  impl.RaftServerImpl (ServerState.java:setRaftConf(361)) - 6c928baf-cc3b-4a10-9362-ff4e15dca71d:group-586430B97ADD set configuration 0: [6c928baf-cc3b-4a10-9362-ff4e15dca71d:192.168.157.255:43126], old=null at 0
2019-08-10 04:39:08,060 INFO  commands.RetriableDatanodeEventWatcher (RetriableDatanodeEventWatcher.java:onTimeout(47)) - RetriableDatanodeCommand type=deleteBlocksCommand with id=1565411942232 timed out. Retrying.
2019-08-10 04:39:08,063 INFO  handler.ContextHandler (ContextHandler.java:doStart(781)) - Started o.e.j.w.WebAppContext@3b35798{/,file:///tmp/jetty-0.0.0.0-38694-hddsDatanode-_-any-8837066900530197487.dir/webapp/,AVAILABLE}{/hddsDatanode}
2019-08-10 04:39:08,063 INFO  server.AbstractConnector (AbstractConnector.java:doStart(278)) - Started ServerConnector@1e00bfe2{HTTP/1.1,[http/1.1]}{0.0.0.0:38694}
2019-08-10 04:39:08,064 INFO  server.Server (Server.java:doStart(419)) - Started @92653ms
2019-08-10 04:39:08,067 INFO  server.BaseHttpServer (BaseHttpServer.java:updateConnectorAddress(207)) - HTTP server of HDDSDATANODE is listening at http://0.0.0.0:38694
2019-08-10 04:39:08,076 INFO  commands.RetriableDatanodeEventWatcher (RetriableDatanodeEventWatcher.java:onTimeout(47)) - RetriableDatanodeCommand type=deleteBlocksCommand with id=1565411942242 timed out. Retrying.
2019-08-10 04:39:08,105 DEBUG block.SCMBlockDeletingService (SCMBlockDeletingService.java:call(138)) - Running DeletedBlockTransactionScanner
2019-08-10 04:39:08,105 DEBUG block.SCMBlockDeletingService (SCMBlockDeletingService.java:call(155)) - Scanned deleted blocks log and got 3 delTX to process.
2019-08-10 04:39:08,106 DEBUG block.SCMBlockDeletingService (SCMBlockDeletingService.java:call(171)) - Added delete block command for datanode 6c928baf-cc3b-4a10-9362-ff4e15dca71d in the queue, number of delete block transactions: 3, TxID list: 1,2,3
2019-08-10 04:39:08,106 INFO  segmented.LogSegment (LogSegment.java:loadSegment(145)) - Successfully read 5601 entries from segment file /workdir/hadoop-ozone/integration-test/target/test-dir/MiniOzoneClusterImpl-71466a3e-5472-4a77-a4de-c7daf4941d14/datanode-0/data/ratis/5118c932-2885-4a42-8030-586430b97add/current/log_0-5600
2019-08-10 04:39:08,106 INFO  block.SCMBlockDeletingService (SCMBlockDeletingService.java:call(182)) - Totally added 3 delete blocks command for 1 datanodes, task elapsed time: 1ms
2019-08-10 04:39:08,113 INFO  segmented.LogSegment (LogSegment.java:loadSegment(145)) - Successfully read 728 entries from segment file /workdir/hadoop-ozone/integration-test/target/test-dir/MiniOzoneClusterImpl-71466a3e-5472-4a77-a4de-c7daf4941d14/datanode-0/data/ratis/5118c932-2885-4a42-8030-586430b97add/current/log_inprogress_5601
2019-08-10 04:39:08,113 INFO  segmented.SegmentedRaftLogWorker (SegmentedRaftLogWorker.java:lambda$new$0(132)) - 6c928baf-cc3b-4a10-9362-ff4e15dca71d-SegmentedRaftLogWorker:Storage Directory /workdir/hadoop-ozone/integration-test/target/test-dir/MiniOzoneClusterImpl-71466a3e-5472-4a77-a4de-c7daf4941d14/datanode-0/data/ratis/5118c932-2885-4a42-8030-586430b97add: flushIndex: setUnconditionally 0 -> 6328
2019-08-10 04:39:08,114 INFO  commands.RetriableDatanodeEventWatcher (RetriableDatanodeEventWatcher.java:onTimeout(47)) - RetriableDatanodeCommand type=deleteBlocksCommand with id=1565411942203 timed out. Retrying.
2019-08-10 04:39:08,130 INFO  raftlog.RaftLog (RaftLog.java:lambda$new$0(62)) - 6c928baf-cc3b-4a10-9362-ff4e15dca71d: commitIndex: updateToMax old=6328, new=6327, updated? false
2019-08-10 04:39:08,131 INFO  server.RaftServerConfigKeys (ConfUtils.java:logGet(43)) - raft.server.snapshot.auto.trigger.enabled = true (custom)
2019-08-10 04:39:08,131 INFO  server.RaftServerConfigKeys (RetriableDatanodeEventWatcher.java:onTimeout(47)) - RetriableDatanodeCommand type=deleteBlocksCommand with id=1565411942213 timed out. Retrying.
ConfUtils.java:logGet(43)) - raft.server.snapshot.auto.trigger.threshold = 10000 (custom)
2019-08-10 04:39:08,131 INFO  commands.RetriableDatanodeEventWatcher (RetriableDatanodeEventWatcher.java:onTimeout(47)) - RetriableDatanodeCommand type=deleteBlocksCommand with id=1565411942213 timed out. Retrying.
2019-08-10 04:39:08,131 INFO  server.RaftServerConfigKeys (ConfUtils.java:logGet(43)) - raft.server.retrycache.expirytime = 600000ms (custom)
2019-08-10 04:39:08,145 INFO  commands.RetriableDatanodeEventWatcher (RetriableDatanodeEventWatcher.java:onTimeout(47)) - RetriableDatanodeCommand type=deleteBlocksCommand with id=1565411942223 timed out. Retrying.
2019-08-10 04:39:08,161 INFO  commands.RetriableDatanodeEventWatcher (RetriableDatanodeEventWatcher.java:onTimeout(47)) - RetriableDatanodeCommand type=deleteBlocksCommand with id=1565411942233 timed out. Retrying.
2019-08-10 04:39:08,182 INFO  commands.RetriableDatanodeEventWatcher (RetriableDatanodeEventWatcher.java:onTimeout(47)) - RetriableDatanodeCommand type=deleteBlocksCommand with id=1565411942243 timed out. Retrying.
2019-08-10 04:39:08,200 INFO  commands.RetriableDatanodeEventWatcher (RetriableDatanodeEventWatcher.java:onTimeout(47)) - RetriableDatanodeCommand type=deleteBlocksCommand with id=1565411942194 timed out. Retrying.
2019-08-10 04:39:08,207 DEBUG block.SCMBlockDeletingService (SCMBlockDeletingService.java:call(138)) - Running DeletedBlockTransactionScanner
2019-08-10 04:39:08,207 DEBUG block.SCMBlockDeletingService (SCMBlockDeletingService.java:call(155)) - Scanned deleted blocks log and got 3 delTX to process.
2019-08-10 04:39:08,207 DEBUG block.SCMBlockDeletingService (SCMBlockDeletingService.java:call(171)) - Added delete block command for datanode 6c928baf-cc3b-4a10-9362-ff4e15dca71d in the queue, number of delete block transactions: 3, TxID list: 1,2,3
2019-08-10 04:39:08,208 INFO  block.SCMBlockDeletingService (SCMBlockDeletingService.java:call(182)) - Totally added 3 delete blocks command for 1 datanodes, task elapsed time: 1ms
2019-08-10 04:39:08,217 INFO  commands.RetriableDatanodeEventWatcher (RetriableDatanodeEventWatcher.java:onTimeout(47)) - RetriableDatanodeCommand type=deleteBlocksCommand with id=1565411942204 timed out. Retrying.
2019-08-10 04:39:08,231 INFO  commands.RetriableDatanodeEventWatcher (RetriableDatanodeEventWatcher.java:onTimeout(47)) - RetriableDatanodeCommand type=deleteBlocksCommand with id=1565411942214 timed out. Retrying.
2019-08-10 04:39:08,238 INFO  ozone.HddsDatanodeService (HddsDatanodeService.java:startPlugins(395)) - Started plug-in org.apache.hadoop.ozone.web.OzoneHddsDatanodeService@49a38b1
2019-08-10 04:39:08,239 INFO  ozone.MiniOzoneClusterImpl (MiniOzoneClusterImpl.java:lambda$waitForClusterToBeReady$0(142)) - Waiting for cluster to be ready. Got 0 of 1 DN Heartbeats.
2019-08-10 04:39:08,240 INFO  util.JvmPauseMonitor (JvmPauseMonitor.java:run(188)) - Starting JVM pause monitor
2019-08-10 04:39:08,248 INFO  commands.RetriableDatanodeEventWatcher (RetriableDatanodeEventWatcher.java:onTimeout(47)) - RetriableDatanodeCommand type=deleteBlocksCommand with id=1565411942224 timed out. Retrying.
2019-08-10 04:39:08,262 INFO  commands.RetriableDatanodeEventWatcher (RetriableDatanodeEventWatcher.java:onTimeout(47)) - RetriableDatanodeCommand type=deleteBlocksCommand with id=1565411942234 timed out. Retrying.
2019-08-10 04:39:08,284 INFO  commands.RetriableDatanodeEventWatcher (RetriableDatanodeEventWatcher.java:onTimeout(47)) - RetriableDatanodeCommand type=deleteBlocksCommand with id=1565411942244 timed out. Retrying.
2019-08-10 04:39:08,306 INFO  commands.RetriableDatanodeEventWatcher (RetriableDatanodeEventWatcher.java:onTimeout(47)) - RetriableDatanodeCommand type=deleteBlocksCommand with id=1565411942195 timed out. Retrying.
2019-08-10 04:39:08,308 DEBUG block.SCMBlockDeletingService (SCMBlockDeletingService.java:call(138)) - Running DeletedBlockTransactionScanner
2019-08-10 04:39:08,308 DEBUG block.SCMBlockDeletingService (SCMBlockDeletingService.java:call(155)) - Scanned deleted blocks log and got 3 delTX to process.
2019-08-10 04:39:08,309 DEBUG block.SCMBlockDeletingService (SCMBlockDeletingService.java:call(171)) - Added delete block command for datanode 6c928baf-cc3b-4a10-9362-ff4e15dca71d in the queue, number of delete block transactions: 3, TxID list: 1,2,3
2019-08-10 04:39:08,309 INFO  block.SCMBlockDeletingService (SCMBlockDeletingService.java:call(182)) - Totally added 3 delete blocks command for 1 datanodes, task elapsed time: 1ms
2019-08-10 04:39:08,316 INFO  commands.RetriableDatanodeEventWatcher (RetriableDatanodeEventWatcher.java:onTimeout(47)) - RetriableDatanodeCommand type=deleteBlocksCommand with id=1565411942205 timed out. Retrying.
2019-08-10 04:39:08,335 INFO  commands.RetriableDatanodeEventWatcher (RetriableDatanodeEventWatcher.java:onTimeout(47)) - RetriableDatanodeCommand type=deleteBlocksCommand with id=1565411942215 timed out. Retrying.
2019-08-10 04:39:08,350 INFO  commands.RetriableDatanodeEventWatcher (RetriableDatanodeEventWatcher.java:onTimeout(47)) - RetriableDatanodeCommand type=deleteBlocksCommand with id=1565411942225 timed out. Retrying.
2019-08-10 04:39:08,365 INFO  commands.RetriableDatanodeEventWatcher (RetriableDatanodeEventWatcher.java:onTimeout(47)) - RetriableDatanodeCommand type=deleteBlocksCommand with id=1565411942235 timed out. Retrying.
2019-08-10 04:39:08,386 INFO  commands.RetriableDatanodeEventWatcher (RetriableDatanodeEventWatcher.java:onTimeout(47)) - RetriableDatanodeCommand type=deleteBlocksCommand with id=1565411942245 timed out. Retrying.
2019-08-10 04:39:08,402 INFO  commands.RetriableDatanodeEventWatcher (RetriableDatanodeEventWatcher.java:onTimeout(47)) - RetriableDatanodeCommand type=deleteBlocksCommand with id=1565411942196 timed out. Retrying.
2019-08-10 04:39:08,410 DEBUG block.SCMBlockDeletingService (SCMBlockDeletingService.java:call(138)) - Running DeletedBlockTransactionScanner
2019-08-10 04:39:08,410 DEBUG block.SCMBlockDeletingService (SCMBlockDeletingService.java:call(155)) - Scanned deleted blocks log and got 3 delTX to process.
2019-08-10 04:39:08,410 DEBUG block.SCMBlockDeletingService (SCMBlockDeletingService.java:call(171)) - Added delete block command for datanode 6c928baf-cc3b-4a10-9362-ff4e15dca71d in the queue, number of delete block transactions: 3, TxID list: 1,2,3
2019-08-10 04:39:08,411 INFO  block.SCMBlockDeletingService (SCMBlockDeletingService.java:call(182)) - Totally added 3 delete blocks command for 1 datanodes, task elapsed time: 1ms
2019-08-10 04:39:08,421 INFO  commands.RetriableDatanodeEventWatcher (RetriableDatanodeEventWatcher.java:onTimeout(47)) - RetriableDatanodeCommand type=deleteBlocksCommand with id=1565411942206 timed out. Retrying.
2019-08-10 04:39:08,432 INFO  commands.RetriableDatanodeEventWatcher (RetriableDatanodeEventWatcher.java:onTimeout(47)) - RetriableDatanodeCommand type=deleteBlocksCommand with id=1565411942216 timed out. Retrying.
2019-08-10 04:39:08,451 INFO  commands.RetriableDatanodeEventWatcher (RetriableDatanodeEventWatcher.java:onTimeout(47)) - RetriableDatanodeCommand type=deleteBlocksCommand with id=1565411942226 timed out. Retrying.
2019-08-10 04:39:08,467 INFO  commands.RetriableDatanodeEventWatcher (RetriableDatanodeEventWatcher.java:onTimeout(47)) - RetriableDatanodeCommand type=deleteBlocksCommand with id=1565411942236 timed out. Retrying.
2019-08-10 04:39:08,488 INFO  commands.RetriableDatanodeEventWatcher (RetriableDatanodeEventWatcher.java:onTimeout(47)) - RetriableDatanodeCommand type=deleteBlocksCommand with id=1565411942246 timed out. Retrying.
2019-08-10 04:39:08,505 INFO  commands.RetriableDatanodeEventWatcher (RetriableDatanodeEventWatcher.java:onTimeout(47)) - RetriableDatanodeCommand type=deleteBlocksCommand with id=1565411942197 timed out. Retrying.
2019-08-10 04:39:08,511 DEBUG block.SCMBlockDeletingService (SCMBlockDeletingService.java:call(138)) - Running DeletedBlockTransactionScanner
2019-08-10 04:39:08,511 DEBUG block.SCMBlockDeletingService (SCMBlockDeletingService.java:call(155)) - Scanned deleted blocks log and got 3 delTX to process.
2019-08-10 04:39:08,512 DEBUG block.SCMBlockDeletingService (SCMBlockDeletingService.java:call(171)) - Added delete block command for datanode 6c928baf-cc3b-4a10-9362-ff4e15dca71d in the queue, number of delete block transactions: 3, TxID list: 1,2,3
2019-08-10 04:39:08,512 INFO  block.SCMBlockDeletingService (SCMBlockDeletingService.java:call(182)) - Totally added 3 delete blocks command for 1 datanodes, task elapsed time: 1ms
2019-08-10 04:39:08,521 INFO  commands.RetriableDatanodeEventWatcher (RetriableDatanodeEventWatcher.java:onTimeout(47)) - RetriableDatanodeCommand type=deleteBlocksCommand with id=1565411942207 timed out. Retrying.
2019-08-10 04:39:08,536 INFO  commands.RetriableDatanodeEventWatcher (RetriableDatanodeEventWatcher.java:onTimeout(47)) - RetriableDatanodeCommand type=deleteBlocksCommand with id=1565411942217 timed out. Retrying.
2019-08-10 04:39:08,552 INFO  commands.RetriableDatanodeEventWatcher (RetriableDatanodeEventWatcher.java:onTimeout(47)) - RetriableDatanodeCommand type=deleteBlocksCommand with id=1565411942227 timed out. Retrying.
2019-08-10 04:39:08,569 INFO  commands.RetriableDatanodeEventWatcher (RetriableDatanodeEventWatcher.java:onTimeout(47)) - RetriableDatanodeCommand type=deleteBlocksCommand with id=1565411942237 timed out. Retrying.
2019-08-10 04:39:08,589 INFO  commands.RetriableDatanodeEventWatcher (RetriableDatanodeEventWatcher.java:onTimeout(47)) - RetriableDatanodeCommand type=deleteBlocksCommand with id=1565411942247 timed out. Retrying.
2019-08-10 04:39:08,605 INFO  commands.RetriableDatanodeEventWatcher (RetriableDatanodeEventWatcher.java:onTimeout(47)) - RetriableDatanodeCommand type=deleteBlocksCommand with id=1565411942198 timed out. Retrying.
2019-08-10 04:39:08,612 DEBUG block.SCMBlockDeletingService (SCMBlockDeletingService.java:call(138)) - Running DeletedBlockTransactionScanner
2019-08-10 04:39:08,613 DEBUG block.SCMBlockDeletingService (SCMBlockDeletingService.java:call(155)) - Scanned deleted blocks log and got 3 delTX to process.
2019-08-10 04:39:08,613 DEBUG block.SCMBlockDeletingService (SCMBlockDeletingService.java:call(171)) - Added delete block command for datanode 6c928baf-cc3b-4a10-9362-ff4e15dca71d in the queue, number of delete block transactions: 3, TxID list: 1,2,3
2019-08-10 04:39:08,613 INFO  block.SCMBlockDeletingService (SCMBlockDeletingService.java:call(182)) - Totally added 3 delete blocks command for 1 datanodes, task elapsed time: 1ms
2019-08-10 04:39:08,621 INFO  commands.RetriableDatanodeEventWatcher (RetriableDatanodeEventWatcher.java:onTimeout(47)) - RetriableDatanodeCommand type=deleteBlocksCommand with id=1565411942208 timed out. Retrying.
2019-08-10 04:39:08,639 INFO  commands.RetriableDatanodeEventWatcher (RetriableDatanodeEventWatcher.java:onTimeout(47)) - RetriableDatanodeCommand type=deleteBlocksCommand with id=1565411942218 timed out. Retrying.
2019-08-10 04:39:08,653 INFO  commands.RetriableDatanodeEventWatcher (RetriableDatanodeEventWatcher.java:onTimeout(47)) - RetriableDatanodeCommand type=deleteBlocksCommand with id=1565411942228 timed out. Retrying.
2019-08-10 04:39:08,670 INFO  commands.RetriableDatanodeEventWatcher (RetriableDatanodeEventWatcher.java:onTimeout(47)) - RetriableDatanodeCommand type=deleteBlocksCommand with id=1565411942238 timed out. Retrying.
2019-08-10 04:39:08,691 INFO  commands.RetriableDatanodeEventWatcher (RetriableDatanodeEventWatcher.java:onTimeout(47)) - RetriableDatanodeCommand type=deleteBlocksCommand with id=1565411942248 timed out. Retrying.
2019-08-10 04:39:08,705 INFO  commands.RetriableDatanodeEventWatcher (RetriableDatanodeEventWatcher.java:onTimeout(47)) - RetriableDatanodeCommand type=deleteBlocksCommand with id=1565411942199 timed out. Retrying.
2019-08-10 04:39:08,714 DEBUG block.SCMBlockDeletingService (SCMBlockDeletingService.java:call(138)) - Running DeletedBlockTransactionScanner
2019-08-10 04:39:08,714 DEBUG block.SCMBlockDeletingService (SCMBlockDeletingService.java:call(155)) - Scanned deleted blocks log and got 3 delTX to process.
2019-08-10 04:39:08,715 DEBUG block.SCMBlockDeletingService (SCMBlockDeletingService.java:call(171)) - Added delete block command for datanode 6c928baf-cc3b-4a10-9362-ff4e15dca71d in the queue, number of delete block transactions: 3, TxID list: 1,2,3
2019-08-10 04:39:08,715 INFO  block.SCMBlockDeletingService (SCMBlockDeletingService.java:call(182)) - Totally added 3 delete blocks command for 1 datanodes, task elapsed time: 2ms
2019-08-10 04:39:08,726 INFO  commands.RetriableDatanodeEventWatcher (RetriableDatanodeEventWatcher.java:onTimeout(47)) - RetriableDatanodeCommand type=deleteBlocksCommand with id=1565411942209 timed out. Retrying.
2019-08-10 04:39:08,737 INFO  commands.RetriableDatanodeEventWatcher (RetriableDatanodeEventWatcher.java:onTimeout(47)) - RetriableDatanodeCommand type=deleteBlocksCommand with id=1565411942219 timed out. Retrying.
2019-08-10 04:39:08,754 INFO  commands.RetriableDatanodeEventWatcher (RetriableDatanodeEventWatcher.java:onTimeout(47)) - RetriableDatanodeCommand type=deleteBlocksCommand with id=1565411942229 timed out. Retrying.
2019-08-10 04:39:08,773 INFO  commands.RetriableDatanodeEventWatcher (RetriableDatanodeEventWatcher.java:onTimeout(47)) - RetriableDatanodeCommand type=deleteBlocksCommand with id=1565411942239 timed out. Retrying.
2019-08-10 04:39:08,792 INFO  commands.RetriableDatanodeEventWatcher (RetriableDatanodeEventWatcher.java:onTimeout(47)) - RetriableDatanodeCommand type=deleteBlocksCommand with id=1565411942249 timed out. Retrying.
2019-08-10 04:39:08,813 INFO  commands.RetriableDatanodeEventWatcher (RetriableDatanodeEventWatcher.java:onTimeout(47)) - RetriableDatanodeCommand type=deleteBlocksCommand with id=1565411942200 timed out. Retrying.
2019-08-10 04:39:08,815 DEBUG block.SCMBlockDeletingService (SCMBlockDeletingService.java:call(138)) - Running DeletedBlockTransactionScanner
2019-08-10 04:39:08,816 DEBUG block.SCMBlockDeletingService (SCMBlockDeletingService.java:call(155)) - Scanned deleted blocks log and got 3 delTX to process.
2019-08-10 04:39:08,816 DEBUG block.SCMBlockDeletingService (SCMBlockDeletingService.java:call(171)) - Added delete block command for datanode 6c928baf-cc3b-4a10-9362-ff4e15dca71d in the queue, number of delete block transactions: 3, TxID list: 1,2,3
2019-08-10 04:39:08,816 INFO  block.SCMBlockDeletingService (SCMBlockDeletingService.java:call(182)) - Totally added 3 delete blocks command for 1 datanodes, task elapsed time: 1ms
2019-08-10 04:39:08,823 INFO  commands.RetriableDatanodeEventWatcher (RetriableDatanodeEventWatcher.java:onTimeout(47)) - RetriableDatanodeCommand type=deleteBlocksCommand with id=1565411942210 timed out. Retrying.
2019-08-10 04:39:08,842 INFO  commands.RetriableDatanodeEventWatcher (RetriableDatanodeEventWatcher.java:onTimeout(47)) - RetriableDatanodeCommand type=deleteBlocksCommand with id=1565411942220 timed out. Retrying.
2019-08-10 04:39:08,858 INFO  commands.RetriableDatanodeEventWatcher (RetriableDatanodeEventWatcher.java:onTimeout(47)) - RetriableDatanodeCommand type=deleteBlocksCommand with id=1565411942230 timed out. Retrying.
2019-08-10 04:39:08,874 INFO  commands.RetriableDatanodeEventWatcher (RetriableDatanodeEventWatcher.java:onTimeout(47)) - RetriableDatanodeCommand type=deleteBlocksCommand with id=1565411942240 timed out. Retrying.
2019-08-10 04:39:08,895 INFO  commands.RetriableDatanodeEventWatcher (RetriableDatanodeEventWatcher.java:onTimeout(47)) - RetriableDatanodeCommand type=deleteBlocksCommand with id=1565411942250 timed out. Retrying.
2019-08-10 04:39:08,908 INFO  commands.RetriableDatanodeEventWatcher (RetriableDatanodeEventWatcher.java:onTimeout(47)) - RetriableDatanodeCommand type=deleteBlocksCommand with id=1565411942201 timed out. Retrying.
2019-08-10 04:39:08,917 DEBUG block.SCMBlockDeletingService (SCMBlockDeletingService.java:call(138)) - Running DeletedBlockTransactionScanner
2019-08-10 04:39:08,917 DEBUG block.SCMBlockDeletingService (SCMBlockDeletingService.java:call(155)) - Scanned deleted blocks log and got 3 delTX to process.
2019-08-10 04:39:08,917 DEBUG block.SCMBlockDeletingService (SCMBlockDeletingService.java:call(171)) - Added delete block command for datanode 6c928baf-cc3b-4a10-9362-ff4e15dca71d in the queue, number of delete block transactions: 3, TxID list: 1,2,3
2019-08-10 04:39:08,918 INFO  block.SCMBlockDeletingService (SCMBlockDeletingService.java:call(182)) - Totally added 3 delete blocks command for 1 datanodes, task elapsed time: 1ms
2019-08-10 04:39:08,929 INFO  commands.RetriableDatanodeEventWatcher (RetriableDatanodeEventWatcher.java:onTimeout(47)) - RetriableDatanodeCommand type=deleteBlocksCommand with id=1565411942211 timed out. Retrying.
2019-08-10 04:39:08,941 INFO  commands.RetriableDatanodeEventWatcher (RetriableDatanodeEventWatcher.java:onTimeout(47)) - RetriableDatanodeCommand type=deleteBlocksCommand with id=1565411942221 timed out. Retrying.
2019-08-10 04:39:08,959 INFO  commands.RetriableDatanodeEventWatcher (RetriableDatanodeEventWatcher.java:onTimeout(47)) - RetriableDatanodeCommand type=deleteBlocksCommand with id=1565411942231 timed out. Retrying.
2019-08-10 04:39:08,975 INFO  commands.RetriableDatanodeEventWatcher (RetriableDatanodeEventWatcher.java:onTimeout(47)) - RetriableDatanodeCommand type=deleteBlocksCommand with id=1565411942241 timed out. Retrying.
2019-08-10 04:39:09,003 INFO  commands.RetriableDatanodeEventWatcher (RetriableDatanodeEventWatcher.java:onTimeout(47)) - RetriableDatanodeCommand type=deleteBlocksCommand with id=1565411942251 timed out. Retrying.
2019-08-10 04:39:09,014 INFO  commands.RetriableDatanodeEventWatcher (RetriableDatanodeEventWatcher.java:onTimeout(47)) - RetriableDatanodeCommand type=deleteBlocksCommand with id=1565411942202 timed out. Retrying.
2019-08-10 04:39:09,018 DEBUG block.SCMBlockDeletingService (SCMBlockDeletingService.java:call(138)) - Running DeletedBlockTransactionScanner
2019-08-10 04:39:09,019 DEBUG block.SCMBlockDeletingService (SCMBlockDeletingService.java:call(155)) - Scanned deleted blocks log and got 3 delTX to process.
2019-08-10 04:39:09,019 DEBUG block.SCMBlockDeletingService (SCMBlockDeletingService.java:call(171)) - Added delete block command for datanode 6c928baf-cc3b-4a10-9362-ff4e15dca71d in the queue, number of delete block transactions: 3, TxID list: 1,2,3
2019-08-10 04:39:09,019 INFO  block.SCMBlockDeletingService (SCMBlockDeletingService.java:call(182)) - Totally added 3 delete blocks command for 1 datanodes, task elapsed time: 1ms
2019-08-10 04:39:09,030 INFO  commands.RetriableDatanodeEventWatcher (RetriableDatanodeEventWatcher.java:onTimeout(47)) - RetriableDatanodeCommand type=deleteBlocksCommand with id=1565411942212 timed out. Retrying.
2019-08-10 04:39:09,044 INFO  commands.RetriableDatanodeEventWatcher (RetriableDatanodeEventWatcher.java:onTimeout(47)) - RetriableDatanodeCommand type=deleteBlocksCommand with id=1565411942222 timed out. Retrying.
2019-08-10 04:39:09,060 INFO  commands.RetriableDatanodeEventWatcher (RetriableDatanodeEventWatcher.java:onTimeout(47)) - RetriableDatanodeCommand type=deleteBlocksCommand with id=1565411942232 timed out. Retrying.
2019-08-10 04:39:09,077 INFO  commands.RetriableDatanodeEventWatcher (RetriableDatanodeEventWatcher.java:onTimeout(47)) - RetriableDatanodeCommand type=deleteBlocksCommand with id=1565411942242 timed out. Retrying.
2019-08-10 04:39:09,106 INFO  commands.RetriableDatanodeEventWatcher (RetriableDatanodeEventWatcher.java:onTimeout(47)) - RetriableDatanodeCommand type=deleteBlocksCommand with id=1565411942252 timed out. Retrying.
2019-08-10 04:39:09,114 INFO  commands.RetriableDatanodeEventWatcher (RetriableDatanodeEventWatcher.java:onTimeout(47)) - RetriableDatanodeCommand type=deleteBlocksCommand with id=1565411942203 timed out. Retrying.
2019-08-10 04:39:09,120 DEBUG block.SCMBlockDeletingService (SCMBlockDeletingService.java:call(138)) - Running DeletedBlockTransactionScanner
2019-08-10 04:39:09,120 DEBUG block.SCMBlockDeletingService (SCMBlockDeletingService.java:call(155)) - Scanned deleted blocks log and got 3 delTX to process.
2019-08-10 04:39:09,120 DEBUG block.SCMBlockDeletingService (SCMBlockDeletingService.java:call(171)) - Added delete block command for datanode 6c928baf-cc3b-4a10-9362-ff4e15dca71d in the queue, number of delete block transactions: 3, TxID list: 1,2,3
2019-08-10 04:39:09,121 INFO  block.SCMBlockDeletingService (SCMBlockDeletingService.java:call(182)) - Totally added 3 delete blocks command for 1 datanodes, task elapsed time: 1ms
2019-08-10 04:39:09,132 INFO  commands.RetriableDatanodeEventWatcher (RetriableDatanodeEventWatcher.java:onTimeout(47)) - RetriableDatanodeCommand type=deleteBlocksCommand with id=1565411942213 timed out. Retrying.
2019-08-10 04:39:09,145 INFO  commands.RetriableDatanodeEventWatcher (RetriableDatanodeEventWatcher.java:onTimeout(47)) - RetriableDatanodeCommand type=deleteBlocksCommand with id=1565411942223 timed out. Retrying.
2019-08-10 04:39:09,162 INFO  commands.RetriableDatanodeEventWatcher (RetriableDatanodeEventWatcher.java:onTimeout(47)) - RetriableDatanodeCommand type=deleteBlocksCommand with id=1565411942233 timed out. Retrying.
2019-08-10 04:39:09,182 INFO  commands.RetriableDatanodeEventWatcher (RetriableDatanodeEventWatcher.java:onTimeout(47)) - RetriableDatanodeCommand type=deleteBlocksCommand with id=1565411942243 timed out. Retrying.
2019-08-10 04:39:09,201 INFO  commands.RetriableDatanodeEventWatcher (RetriableDatanodeEventWatcher.java:onTimeout(47)) - RetriableDatanodeCommand type=deleteBlocksCommand with id=1565411942194 timed out. Retrying.
2019-08-10 04:39:09,208 INFO  commands.RetriableDatanodeEventWatcher (RetriableDatanodeEventWatcher.java:onTimeout(47)) - RetriableDatanodeCommand type=deleteBlocksCommand with id=1565411942253 timed out. Retrying.
2019-08-10 04:39:09,216 INFO  commands.RetriableDatanodeEventWatcher (RetriableDatanodeEventWatcher.java:onTimeout(47)) - RetriableDatanodeCommand type=deleteBlocksCommand with id=1565411942204 timed out. Retrying.
2019-08-10 04:39:09,221 DEBUG block.SCMBlockDeletingService (SCMBlockDeletingService.java:call(138)) - Running DeletedBlockTransactionScanner
2019-08-10 04:39:09,221 DEBUG block.SCMBlockDeletingService (SCMBlockDeletingService.java:call(155)) - Scanned deleted blocks log and got 3 delTX to process.
2019-08-10 04:39:09,222 DEBUG block.SCMBlockDeletingService (SCMBlockDeletingService.java:call(171)) - Added delete block command for datanode 6c928baf-cc3b-4a10-9362-ff4e15dca71d in the queue, number of delete block transactions: 3, TxID list: 1,2,3
2019-08-10 04:39:09,222 INFO  block.SCMBlockDeletingService (SCMBlockDeletingService.java:call(182)) - Totally added 3 delete blocks command for 1 datanodes, task elapsed time: 1ms
2019-08-10 04:39:09,232 INFO  commands.RetriableDatanodeEventWatcher (RetriableDatanodeEventWatcher.java:onTimeout(47)) - RetriableDatanodeCommand type=deleteBlocksCommand with id=1565411942214 timed out. Retrying.
2019-08-10 04:39:09,239 INFO  ozone.MiniOzoneClusterImpl (MiniOzoneClusterImpl.java:lambda$waitForClusterToBeReady$0(142)) - Waiting for cluster to be ready. Got 0 of 1 DN Heartbeats.
2019-08-10 04:39:09,248 INFO  commands.RetriableDatanodeEventWatcher (RetriableDatanodeEventWatcher.java:onTimeout(47)) - RetriableDatanodeCommand type=deleteBlocksCommand with id=1565411942224 timed out. Retrying.
2019-08-10 04:39:09,262 INFO  commands.RetriableDatanodeEventWatcher (RetriableDatanodeEventWatcher.java:onTimeout(47)) - RetriableDatanodeCommand type=deleteBlocksCommand with id=1565411942234 timed out. Retrying.
2019-08-10 04:39:09,285 INFO  commands.RetriableDatanodeEventWatcher (RetriableDatanodeEventWatcher.java:onTimeout(47)) - RetriableDatanodeCommand type=deleteBlocksCommand with id=1565411942244 timed out. Retrying.
2019-08-10 04:39:09,307 INFO  commands.RetriableDatanodeEventWatcher (RetriableDatanodeEventWatcher.java:onTimeout(47)) - RetriableDatanodeCommand type=deleteBlocksCommand with id=1565411942195 timed out. Retrying.
2019-08-10 04:39:09,308 INFO  commands.RetriableDatanodeEventWatcher (RetriableDatanodeEventWatcher.java:onTimeout(47)) - RetriableDatanodeCommand type=deleteBlocksCommand with id=1565411942254 timed out. Retrying.
2019-08-10 04:39:09,317 INFO  commands.RetriableDatanodeEventWatcher (RetriableDatanodeEventWatcher.java:onTimeout(47)) - RetriableDatanodeCommand type=deleteBlocksCommand with id=1565411942205 timed out. Retrying.
2019-08-10 04:39:09,323 DEBUG block.SCMBlockDeletingService (SCMBlockDeletingService.java:call(138)) - Running DeletedBlockTransactionScanner
2019-08-10 04:39:09,323 DEBUG block.SCMBlockDeletingService (SCMBlockDeletingService.java:call(155)) - Scanned deleted blocks log and got 3 delTX to process.
2019-08-10 04:39:09,323 DEBUG block.SCMBlockDeletingService (SCMBlockDeletingService.java:call(171)) - Added delete block command for datanode 6c928baf-cc3b-4a10-9362-ff4e15dca71d in the queue, number of delete block transactions: 3, TxID list: 1,2,3
2019-08-10 04:39:09,324 INFO  block.SCMBlockDeletingService (SCMBlockDeletingService.java:call(182)) - Totally added 3 delete blocks command for 1 datanodes, task elapsed time: 1ms
2019-08-10 04:39:09,335 INFO  commands.RetriableDatanodeEventWatcher (RetriableDatanodeEventWatcher.java:onTimeout(47)) - RetriableDatanodeCommand type=deleteBlocksCommand with id=1565411942215 timed out. Retrying.
2019-08-10 04:39:09,350 INFO  commands.RetriableDatanodeEventWatcher (RetriableDatanodeEventWatcher.java:onTimeout(47)) - RetriableDatanodeCommand type=deleteBlocksCommand with id=1565411942225 timed out. Retrying.
2019-08-10 04:39:09,366 INFO  commands.RetriableDatanodeEventWatcher (RetriableDatanodeEventWatcher.java:onTimeout(47)) - RetriableDatanodeCommand type=deleteBlocksCommand with id=1565411942235 timed out. Retrying.
2019-08-10 04:39:09,386 INFO  commands.RetriableDatanodeEventWatcher (RetriableDatanodeEventWatcher.java:onTimeout(47)) - RetriableDatanodeCommand type=deleteBlocksCommand with id=1565411942245 timed out. Retrying.
2019-08-10 04:39:09,403 INFO  commands.RetriableDatanodeEventWatcher (RetriableDatanodeEventWatcher.java:onTimeout(47)) - RetriableDatanodeCommand type=deleteBlocksCommand with id=1565411942196 timed out. Retrying.
2019-08-10 04:39:09,411 INFO  commands.RetriableDatanodeEventWatcher (RetriableDatanodeEventWatcher.java:onTimeout(47)) - RetriableDatanodeCommand type=deleteBlocksCommand with id=1565411942255 timed out. Retrying.
2019-08-10 04:39:09,420 INFO  commands.RetriableDatanodeEventWatcher (RetriableDatanodeEventWatcher.java:onTimeout(47)) - RetriableDatanodeCommand type=deleteBlocksCommand with id=1565411942206 timed out. Retrying.
2019-08-10 04:39:09,424 DEBUG block.SCMBlockDeletingService (SCMBlockDeletingService.java:call(138)) - Running DeletedBlockTransactionScanner
2019-08-10 04:39:09,424 DEBUG block.SCMBlockDeletingService (SCMBlockDeletingService.java:call(155)) - Scanned deleted blocks log and got 3 delTX to process.
2019-08-10 04:39:09,425 DEBUG block.SCMBlockDeletingService (SCMBlockDeletingService.java:call(171)) - Added delete block command for datanode 6c928baf-cc3b-4a10-9362-ff4e15dca71d in the queue, number of delete block transactions: 3, TxID list: 1,2,3
2019-08-10 04:39:09,425 INFO  block.SCMBlockDeletingService (SCMBlockDeletingService.java:call(182)) - Totally added 3 delete blocks command for 1 datanodes, task elapsed time: 1ms
2019-08-10 04:39:09,433 INFO  commands.RetriableDatanodeEventWatcher (RetriableDatanodeEventWatcher.java:onTimeout(47)) - RetriableDatanodeCommand type=deleteBlocksCommand with id=1565411942216 timed out. Retrying.
2019-08-10 04:39:09,451 INFO  commands.RetriableDatanodeEventWatcher (RetriableDatanodeEventWatcher.java:onTimeout(47)) - RetriableDatanodeCommand type=deleteBlocksCommand with id=1565411942226 timed out. Retrying.
2019-08-10 04:39:09,468 INFO  commands.RetriableDatanodeEventWatcher (RetriableDatanodeEventWatcher.java:onTimeout(47)) - RetriableDatanodeCommand type=deleteBlocksCommand with id=1565411942236 timed out. Retrying.
2019-08-10 04:39:09,489 INFO  commands.RetriableDatanodeEventWatcher (RetriableDatanodeEventWatcher.java:onTimeout(47)) - RetriableDatanodeCommand type=deleteBlocksCommand with id=1565411942246 timed out. Retrying.
2019-08-10 04:39:09,505 INFO  commands.RetriableDatanodeEventWatcher (RetriableDatanodeEventWatcher.java:onTimeout(47)) - RetriableDatanodeCommand type=deleteBlocksCommand with id=1565411942197 timed out. Retrying.
2019-08-10 04:39:09,512 INFO  commands.RetriableDatanodeEventWatcher (RetriableDatanodeEventWatcher.java:onTimeout(47)) - RetriableDatanodeCommand type=deleteBlocksCommand with id=1565411942256 timed out. Retrying.
2019-08-10 04:39:09,521 INFO  commands.RetriableDatanodeEventWatcher (RetriableDatanodeEventWatcher.java:onTimeout(47)) - RetriableDatanodeCommand type=deleteBlocksCommand with id=1565411942207 timed out. Retrying.
2019-08-10 04:39:09,525 DEBUG block.SCMBlockDeletingService (SCMBlockDeletingService.java:call(138)) - Running DeletedBlockTransactionScanner
2019-08-10 04:39:09,526 DEBUG block.SCMBlockDeletingService (SCMBlockDeletingService.java:call(155)) - Scanned deleted blocks log and got 3 delTX to process.
2019-08-10 04:39:09,526 DEBUG block.SCMBlockDeletingService (SCMBlockDeletingService.java:call(171)) - Added delete block command for datanode 6c928baf-cc3b-4a10-9362-ff4e15dca71d in the queue, number of delete block transactions: 3, TxID list: 1,2,3
2019-08-10 04:39:09,526 INFO  block.SCMBlockDeletingService (SCMBlockDeletingService.java:call(182)) - Totally added 3 delete blocks command for 1 datanodes, task elapsed time: 1ms
2019-08-10 04:39:09,535 INFO  commands.RetriableDatanodeEventWatcher (RetriableDatanodeEventWatcher.java:onTimeout(47)) - RetriableDatanodeCommand type=deleteBlocksCommand with id=1565411942217 timed out. Retrying.
2019-08-10 04:39:09,553 INFO  commands.RetriableDatanodeEventWatcher (RetriableDatanodeEventWatcher.java:onTimeout(47)) - RetriableDatanodeCommand type=deleteBlocksCommand with id=1565411942227 timed out. Retrying.
2019-08-10 04:39:09,570 INFO  commands.RetriableDatanodeEventWatcher (RetriableDatanodeEventWatcher.java:onTimeout(47)) - RetriableDatanodeCommand type=deleteBlocksCommand with id=1565411942237 timed out. Retrying.
2019-08-10 04:39:09,589 INFO  commands.RetriableDatanodeEventWatcher (RetriableDatanodeEventWatcher.java:onTimeout(47)) - RetriableDatanodeCommand type=deleteBlocksCommand with id=1565411942247 timed out. Retrying.
2019-08-10 04:39:09,606 INFO  commands.RetriableDatanodeEventWatcher (RetriableDatanodeEventWatcher.java:onTimeout(47)) - RetriableDatanodeCommand type=deleteBlocksCommand with id=1565411942198 timed out. Retrying.
2019-08-10 04:39:09,613 INFO  commands.RetriableDatanodeEventWatcher (RetriableDatanodeEventWatcher.java:onTimeout(47)) - RetriableDatanodeCommand type=deleteBlocksCommand with id=1565411942257 timed out. Retrying.
2019-08-10 04:39:09,622 INFO  commands.RetriableDatanodeEventWatcher (RetriableDatanodeEventWatcher.java:onTimeout(47)) - RetriableDatanodeCommand type=deleteBlocksCommand with id=1565411942208 timed out. Retrying.
2019-08-10 04:39:09,627 DEBUG block.SCMBlockDeletingService (SCMBlockDeletingService.java:call(138)) - Running DeletedBlockTransactionScanner
2019-08-10 04:39:09,627 DEBUG block.SCMBlockDeletingService (SCMBlockDeletingService.java:call(155)) - Scanned deleted blocks log and got 3 delTX to process.
2019-08-10 04:39:09,628 DEBUG block.SCMBlockDeletingService (SCMBlockDeletingService.java:call(171)) - Added delete block command for datanode 6c928baf-cc3b-4a10-9362-ff4e15dca71d in the queue, number of delete block transactions: 3, TxID list: 1,2,3
2019-08-10 04:39:09,628 INFO  block.SCMBlockDeletingService (SCMBlockDeletingService.java:call(182)) - Totally added 3 delete blocks command for 1 datanodes, task elapsed time: 2ms
2019-08-10 04:39:09,640 INFO  commands.RetriableDatanodeEventWatcher (RetriableDatanodeEventWatcher.java:onTimeout(47)) - RetriableDatanodeCommand type=deleteBlocksCommand with id=1565411942218 timed out. Retrying.
2019-08-10 04:39:09,652 INFO  commands.RetriableDatanodeEventWatcher (RetriableDatanodeEventWatcher.java:onTimeout(47)) - RetriableDatanodeCommand type=deleteBlocksCommand with id=1565411942228 timed out. Retrying.
2019-08-10 04:39:09,671 INFO  commands.RetriableDatanodeEventWatcher (RetriableDatanodeEventWatcher.java:onTimeout(47)) - RetriableDatanodeCommand type=deleteBlocksCommand with id=1565411942238 timed out. Retrying.
2019-08-10 04:39:09,692 INFO  commands.RetriableDatanodeEventWatcher (RetriableDatanodeEventWatcher.java:onTimeout(47)) - RetriableDatanodeCommand type=deleteBlocksCommand with id=1565411942248 timed out. Retrying.
2019-08-10 04:39:09,705 INFO  commands.RetriableDatanodeEventWatcher (RetriableDatanodeEventWatcher.java:onTimeout(47)) - RetriableDatanodeCommand type=deleteBlocksCommand with id=1565411942199 timed out. Retrying.
2019-08-10 04:39:09,715 INFO  commands.RetriableDatanodeEventWatcher (RetriableDatanodeEventWatcher.java:onTimeout(47)) - RetriableDatanodeCommand type=deleteBlocksCommand with id=1565411942258 timed out. Retrying.
2019-08-10 04:39:09,726 INFO  commands.RetriableDatanodeEventWatcher (RetriableDatanodeEventWatcher.java:onTimeout(47)) - RetriableDatanodeCommand type=deleteBlocksCommand with id=1565411942209 timed out. Retrying.
2019-08-10 04:39:09,728 DEBUG block.SCMBlockDeletingService (SCMBlockDeletingService.java:call(138)) - Running DeletedBlockTransactionScanner
2019-08-10 04:39:09,729 DEBUG block.SCMBlockDeletingService (SCMBlockDeletingService.java:call(155)) - Scanned deleted blocks log and got 3 delTX to process.
2019-08-10 04:39:09,729 DEBUG block.SCMBlockDeletingService (SCMBlockDeletingService.java:call(171)) - Added delete block command for datanode 6c928baf-cc3b-4a10-9362-ff4e15dca71d in the queue, number of delete block transactions: 3, TxID list: 1,2,3
2019-08-10 04:39:09,730 INFO  block.SCMBlockDeletingService (SCMBlockDeletingService.java:call(182)) - Totally added 3 delete blocks command for 1 datanodes, task elapsed time: 1ms
2019-08-10 04:39:09,737 INFO  commands.RetriableDatanodeEventWatcher (RetriableDatanodeEventWatcher.java:onTimeout(47)) - RetriableDatanodeCommand type=deleteBlocksCommand with id=1565411942219 timed out. Retrying.
2019-08-10 04:39:09,755 INFO  commands.RetriableDatanodeEventWatcher (RetriableDatanodeEventWatcher.java:onTimeout(47)) - RetriableDatanodeCommand type=deleteBlocksCommand with id=1565411942229 timed out. Retrying.
2019-08-10 04:39:09,774 INFO  commands.RetriableDatanodeEventWatcher (RetriableDatanodeEventWatcher.java:onTimeout(47)) - RetriableDatanodeCommand type=deleteBlocksCommand with id=1565411942239 timed out. Retrying.
2019-08-10 04:39:09,792 INFO  commands.RetriableDatanodeEventWatcher (RetriableDatanodeEventWatcher.java:onTimeout(47)) - RetriableDatanodeCommand type=deleteBlocksCommand with id=1565411942249 timed out. Retrying.
2019-08-10 04:39:09,814 INFO  commands.RetriableDatanodeEventWatcher (RetriableDatanodeEventWatcher.java:onTimeout(47)) - RetriableDatanodeCommand type=deleteBlocksCommand with id=1565411942200 timed out. Retrying.
2019-08-10 04:39:09,817 INFO  commands.RetriableDatanodeEventWatcher (RetriableDatanodeEventWatcher.java:onTimeout(47)) - RetriableDatanodeCommand type=deleteBlocksCommand with id=1565411942259 timed out. Retrying.
2019-08-10 04:39:09,824 INFO  commands.RetriableDatanodeEventWatcher (RetriableDatanodeEventWatcher.java:onTimeout(47)) - RetriableDatanodeCommand type=deleteBlocksCommand with id=1565411942210 timed out. Retrying.
2019-08-10 04:39:09,830 DEBUG block.SCMBlockDeletingService (SCMBlockDeletingService.java:call(138)) - Running DeletedBlockTransactionScanner
2019-08-10 04:39:09,831 DEBUG block.SCMBlockDeletingService (SCMBlockDeletingService.java:call(155)) - Scanned deleted blocks log and got 3 delTX to process.
2019-08-10 04:39:09,831 DEBUG block.SCMBlockDeletingService (SCMBlockDeletingService.java:call(171)) - Added delete block command for datanode 6c928baf-cc3b-4a10-9362-ff4e15dca71d in the queue, number of delete block transactions: 3, TxID list: 1,2,3
2019-08-10 04:39:09,831 INFO  block.SCMBlockDeletingService (SCMBlockDeletingService.java:call(182)) - Totally added 3 delete blocks command for 1 datanodes, task elapsed time: 1ms
2019-08-10 04:39:09,842 INFO  commands.RetriableDatanodeEventWatcher (RetriableDatanodeEventWatcher.java:onTimeout(47)) - RetriableDatanodeCommand type=deleteBlocksCommand with id=1565411942220 timed out. Retrying.
2019-08-10 04:39:09,857 INFO  commands.RetriableDatanodeEventWatcher (RetriableDatanodeEventWatcher.java:onTimeout(47)) - RetriableDatanodeCommand type=deleteBlocksCommand with id=1565411942230 timed out. Retrying.
2019-08-10 04:39:09,875 INFO  commands.RetriableDatanodeEventWatcher (RetriableDatanodeEventWatcher.java:onTimeout(47)) - RetriableDatanodeCommand type=deleteBlocksCommand with id=1565411942240 timed out. Retrying.
2019-08-10 04:39:09,896 INFO  commands.RetriableDatanodeEventWatcher (RetriableDatanodeEventWatcher.java:onTimeout(47)) - RetriableDatanodeCommand type=deleteBlocksCommand with id=1565411942250 timed out. Retrying.
2019-08-10 04:39:09,908 INFO  commands.RetriableDatanodeEventWatcher (RetriableDatanodeEventWatcher.java:onTimeout(47)) - RetriableDatanodeCommand type=deleteBlocksCommand with id=1565411942201 timed out. Retrying.
2019-08-10 04:39:09,918 INFO  commands.RetriableDatanodeEventWatcher (RetriableDatanodeEventWatcher.java:onTimeout(47)) - RetriableDatanodeCommand type=deleteBlocksCommand with id=1565411942260 timed out. Retrying.
2019-08-10 04:39:09,929 INFO  commands.RetriableDatanodeEventWatcher (RetriableDatanodeEventWatcher.java:onTimeout(47)) - RetriableDatanodeCommand type=deleteBlocksCommand with id=1565411942211 timed out. Retrying.
2019-08-10 04:39:09,932 DEBUG block.SCMBlockDeletingService (SCMBlockDeletingService.java:call(138)) - Running DeletedBlockTransactionScanner
2019-08-10 04:39:09,932 DEBUG block.SCMBlockDeletingService (SCMBlockDeletingService.java:call(155)) - Scanned deleted blocks log and got 3 delTX to process.
2019-08-10 04:39:09,932 DEBUG block.SCMBlockDeletingService (SCMBlockDeletingService.java:call(171)) - Added delete block command for datanode 6c928baf-cc3b-4a10-9362-ff4e15dca71d in the queue, number of delete block transactions: 3, TxID list: 1,2,3
2019-08-10 04:39:09,933 INFO  block.SCMBlockDeletingService (SCMBlockDeletingService.java:call(182)) - Totally added 3 delete blocks command for 1 datanodes, task elapsed time: 2ms
2019-08-10 04:39:09,942 INFO  commands.RetriableDatanodeEventWatcher (RetriableDatanodeEventWatcher.java:onTimeout(47)) - RetriableDatanodeCommand type=deleteBlocksCommand with id=1565411942221 timed out. Retrying.
2019-08-10 04:39:09,959 INFO  commands.RetriableDatanodeEventWatcher (RetriableDatanodeEventWatcher.java:onTimeout(47)) - RetriableDatanodeCommand type=deleteBlocksCommand with id=1565411942231 timed out. Retrying.
2019-08-10 04:39:09,976 INFO  commands.RetriableDatanodeEventWatcher (RetriableDatanodeEventWatcher.java:onTimeout(47)) - RetriableDatanodeCommand type=deleteBlocksCommand with id=1565411942241 timed out. Retrying.
2019-08-10 04:39:10,003 INFO  commands.RetriableDatanodeEventWatcher (RetriableDatanodeEventWatcher.java:onTimeout(47)) - RetriableDatanodeCommand type=deleteBlocksCommand with id=1565411942251 timed out. Retrying.
2019-08-10 04:39:10,015 INFO  commands.RetriableDatanodeEventWatcher (RetriableDatanodeEventWatcher.java:onTimeout(47)) - RetriableDatanodeCommand type=deleteBlocksCommand with id=1565411942202 timed out. Retrying.
2019-08-10 04:39:10,019 INFO  commands.RetriableDatanodeEventWatcher (RetriableDatanodeEventWatcher.java:onTimeout(47)) - RetriableDatanodeCommand type=deleteBlocksCommand with id=1565411942261 timed out. Retrying.
2019-08-10 04:39:10,030 INFO  commands.RetriableDatanodeEventWatcher (RetriableDatanodeEventWatcher.java:onTimeout(47)) - RetriableDatanodeCommand type=deleteBlocksCommand with id=1565411942212 timed out. Retrying.
2019-08-10 04:39:10,033 DEBUG block.SCMBlockDeletingService (SCMBlockDeletingService.java:call(138)) - Running DeletedBlockTransactionScanner
2019-08-10 04:39:10,034 DEBUG block.SCMBlockDeletingService (SCMBlockDeletingService.java:call(155)) - Scanned deleted blocks log and got 3 delTX to process.
2019-08-10 04:39:10,034 DEBUG block.SCMBlockDeletingService (SCMBlockDeletingService.java:call(171)) - Added delete block command for datanode 6c928baf-cc3b-4a10-9362-ff4e15dca71d in the queue, number of delete block transactions: 3, TxID list: 1,2,3
2019-08-10 04:39:10,035 INFO  block.SCMBlockDeletingService (SCMBlockDeletingService.java:call(182)) - Totally added 3 delete blocks command for 1 datanodes, task elapsed time: 1ms
2019-08-10 04:39:10,044 INFO  commands.RetriableDatanodeEventWatcher (RetriableDatanodeEventWatcher.java:onTimeout(47)) - RetriableDatanodeCommand type=deleteBlocksCommand with id=1565411942222 timed out. Retrying.
2019-08-10 04:39:10,061 INFO  commands.RetriableDatanodeEventWatcher (RetriableDatanodeEventWatcher.java:onTimeout(47)) - RetriableDatanodeCommand type=deleteBlocksCommand with id=1565411942232 timed out. Retrying.
2019-08-10 04:39:10,078 INFO  commands.RetriableDatanodeEventWatcher (RetriableDatanodeEventWatcher.java:onTimeout(47)) - RetriableDatanodeCommand type=deleteBlocksCommand with id=1565411942242 timed out. Retrying.
2019-08-10 04:39:10,106 INFO  commands.RetriableDatanodeEventWatcher (RetriableDatanodeEventWatcher.java:onTimeout(47)) - RetriableDatanodeCommand type=deleteBlocksCommand with id=1565411942252 timed out. Retrying.
2019-08-10 04:39:10,115 INFO  commands.RetriableDatanodeEventWatcher (RetriableDatanodeEventWatcher.java:onTimeout(47)) - RetriableDatanodeCommand type=deleteBlocksCommand with id=1565411942203 timed out. Retrying.
2019-08-10 04:39:10,120 INFO  commands.RetriableDatanodeEventWatcher (RetriableDatanodeEventWatcher.java:onTimeout(47)) - RetriableDatanodeCommand type=deleteBlocksCommand with id=1565411942262 timed out. Retrying.
2019-08-10 04:39:10,133 INFO  commands.RetriableDatanodeEventWatcher (RetriableDatanodeEventWatcher.java:onTimeout(47)) - RetriableDatanodeCommand type=deleteBlocksCommand with id=1565411942213 timed out. Retrying.
2019-08-10 04:39:10,135 DEBUG block.SCMBlockDeletingService (SCMBlockDeletingService.java:call(138)) - Running DeletedBlockTransactionScanner
2019-08-10 04:39:10,136 DEBUG block.SCMBlockDeletingService (SCMBlockDeletingService.java:call(155)) - Scanned deleted blocks log and got 3 delTX to process.
2019-08-10 04:39:10,136 DEBUG block.SCMBlockDeletingService (SCMBlockDeletingService.java:call(171)) - Added delete block command for datanode 6c928baf-cc3b-4a10-9362-ff4e15dca71d in the queue, number of delete block transactions: 3, TxID list: 1,2,3
2019-08-10 04:39:10,136 INFO  block.SCMBlockDeletingService (SCMBlockDeletingService.java:call(182)) - Totally added 3 delete blocks command for 1 datanodes, task elapsed time: 1ms
2019-08-10 04:39:10,145 INFO  commands.RetriableDatanodeEventWatcher (RetriableDatanodeEventWatcher.java:onTimeout(47)) - RetriableDatanodeCommand type=deleteBlocksCommand with id=1565411942223 timed out. Retrying.
2019-08-10 04:39:10,163 INFO  commands.RetriableDatanodeEventWatcher (RetriableDatanodeEventWatcher.java:onTimeout(47)) - RetriableDatanodeCommand type=deleteBlocksCommand with id=1565411942233 timed out. Retrying.
2019-08-10 04:39:10,182 INFO  commands.RetriableDatanodeEventWatcher (RetriableDatanodeEventWatcher.java:onTimeout(47)) - RetriableDatanodeCommand type=deleteBlocksCommand with id=1565411942243 timed out. Retrying.
2019-08-10 04:39:10,202 INFO  commands.RetriableDatanodeEventWatcher (RetriableDatanodeEventWatcher.java:onTimeout(47)) - RetriableDatanodeCommand type=deleteBlocksCommand with id=1565411942194 timed out. Retrying.
2019-08-10 04:39:10,208 INFO  commands.RetriableDatanodeEventWatcher (RetriableDatanodeEventWatcher.java:onTimeout(47)) - RetriableDatanodeCommand type=deleteBlocksCommand with id=1565411942253 timed out. Retrying.
2019-08-10 04:39:10,217 INFO  commands.RetriableDatanodeEventWatcher (RetriableDatanodeEventWatcher.java:onTimeout(47)) - RetriableDatanodeCommand type=deleteBlocksCommand with id=1565411942204 timed out. Retrying.
2019-08-10 04:39:10,222 INFO  commands.RetriableDatanodeEventWatcher (RetriableDatanodeEventWatcher.java:onTimeout(47)) - RetriableDatanodeCommand type=deleteBlocksCommand with id=1565411942263 timed out. Retrying.
2019-08-10 04:39:10,232 INFO  commands.RetriableDatanodeEventWatcher (RetriableDatanodeEventWatcher.java:onTimeout(47)) - RetriableDatanodeCommand type=deleteBlocksCommand with id=1565411942214 timed out. Retrying.
2019-08-10 04:39:10,237 DEBUG block.SCMBlockDeletingService (SCMBlockDeletingService.java:call(138)) - Running DeletedBlockTransactionScanner
2019-08-10 04:39:10,237 DEBUG block.SCMBlockDeletingService (SCMBlockDeletingService.java:call(155)) - Scanned deleted blocks log and got 3 delTX to process.
2019-08-10 04:39:10,237 DEBUG block.SCMBlockDeletingService (SCMBlockDeletingService.java:call(171)) - Added delete block command for datanode 6c928baf-cc3b-4a10-9362-ff4e15dca71d in the queue, number of delete block transactions: 3, TxID list: 1,2,3
2019-08-10 04:39:10,238 INFO  block.SCMBlockDeletingService (SCMBlockDeletingService.java:call(182)) - Totally added 3 delete blocks command for 1 datanodes, task elapsed time: 1ms
2019-08-10 04:39:10,240 INFO  ozone.MiniOzoneClusterImpl (MiniOzoneClusterImpl.java:lambda$waitForClusterToBeReady$0(142)) - Waiting for cluster to be ready. Got 0 of 1 DN Heartbeats.
2019-08-10 04:39:10,244 INFO  ozoneimpl.OzoneContainer (OzoneContainer.java:start(186)) - Attempting to start container services.
2019-08-10 04:39:10,244 INFO  ozoneimpl.OzoneContainer (OzoneContainer.java:startContainerScrub(160)) - Background container scrubber has been disabled by hdds.containerscrub.enabled
2019-08-10 04:39:10,244 INFO  ratis.XceiverServerRatis (XceiverServerRatis.java:start(404)) - Starting XceiverServerRatis 6c928baf-cc3b-4a10-9362-ff4e15dca71d at port 43126
2019-08-10 04:39:10,249 INFO  commands.RetriableDatanodeEventWatcher (RetriableDatanodeEventWatcher.java:onTimeout(47)) - RetriableDatanodeCommand type=deleteBlocksCommand with id=1565411942224 timed out. Retrying.
2019-08-10 04:39:10,255 INFO  impl.RaftServerImpl (RaftServerImpl.java:start(180)) - 6c928baf-cc3b-4a10-9362-ff4e15dca71d: start group-586430B97ADD
2019-08-10 04:39:10,256 INFO  impl.RaftServerImpl (RaftServerImpl.java:setRole(171)) - 6c928baf-cc3b-4a10-9362-ff4e15dca71d:group-586430B97ADD changes role from null to FOLLOWER at term 1 for startAsFollower
2019-08-10 04:39:10,256 INFO  impl.RoleInfo (RoleInfo.java:updateAndGet(143)) - 6c928baf-cc3b-4a10-9362-ff4e15dca71d: start FollowerState
2019-08-10 04:39:10,257 INFO  util.JmxRegister (JmxRegister.java:tryRegister(44)) - Successfully registered JMX Bean with object name Ratis:service=RaftServer,group=group-586430B97ADD,id=6c928baf-cc3b-4a10-9362-ff4e15dca71d
2019-08-10 04:39:10,258 INFO  impl.RaftServerProxy (RaftServerProxy.java:lambda$start$3(299)) - 6c928baf-cc3b-4a10-9362-ff4e15dca71d: start RPC server
2019-08-10 04:39:10,261 INFO  server.GrpcService (GrpcService.java:startImpl(149)) - 6c928baf-cc3b-4a10-9362-ff4e15dca71d: GrpcService started, listening on 0.0.0.0/0.0.0.0:43126
2019-08-10 04:39:10,263 INFO  commands.RetriableDatanodeEventWatcher (RetriableDatanodeEventWatcher.java:onTimeout(47)) - RetriableDatanodeCommand type=deleteBlocksCommand with id=1565411942234 timed out. Retrying.
2019-08-10 04:39:10,285 INFO  commands.RetriableDatanodeEventWatcher (RetriableDatanodeEventWatcher.java:onTimeout(47)) - RetriableDatanodeCommand type=deleteBlocksCommand with id=1565411942244 timed out. Retrying.
2019-08-10 04:39:10,307 INFO  commands.RetriableDatanodeEventWatcher (RetriableDatanodeEventWatcher.java:onTimeout(47)) - RetriableDatanodeCommand type=deleteBlocksCommand with id=1565411942195 timed out. Retrying.
2019-08-10 04:39:10,308 INFO  commands.RetriableDatanodeEventWatcher (RetriableDatanodeEventWatcher.java:onTimeout(47)) - RetriableDatanodeCommand type=deleteBlocksCommand with id=1565411942254 timed out. Retrying.
2019-08-10 04:39:10,318 INFO  commands.RetriableDatanodeEventWatcher (RetriableDatanodeEventWatcher.java:onTimeout(47)) - RetriableDatanodeCommand type=deleteBlocksCommand with id=1565411942205 timed out. Retrying.
2019-08-10 04:39:10,324 INFO  commands.RetriableDatanodeEventWatcher (RetriableDatanodeEventWatcher.java:onTimeout(47)) - RetriableDatanodeCommand type=deleteBlocksCommand with id=1565411942264 timed out. Retrying.
2019-08-10 04:39:10,334 INFO  commands.RetriableDatanodeEventWatcher (RetriableDatanodeEventWatcher.java:onTimeout(47)) - RetriableDatanodeCommand type=deleteBlocksCommand with id=1565411942215 timed out. Retrying.
2019-08-10 04:39:10,338 DEBUG block.SCMBlockDeletingService (SCMBlockDeletingService.java:call(138)) - Running DeletedBlockTransactionScanner
2019-08-10 04:39:10,339 DEBUG block.SCMBlockDeletingService (SCMBlockDeletingService.java:call(155)) - Scanned deleted blocks log and got 3 delTX to process.
2019-08-10 04:39:10,339 DEBUG block.SCMBlockDeletingService (SCMBlockDeletingService.java:call(171)) - Added delete block command for datanode 6c928baf-cc3b-4a10-9362-ff4e15dca71d in the queue, number of delete block transactions: 3, TxID list: 1,2,3
2019-08-10 04:39:10,340 INFO  block.SCMBlockDeletingService (SCMBlockDeletingService.java:call(182)) - Totally added 3 delete blocks command for 1 datanodes, task elapsed time: 1ms
2019-08-10 04:39:10,350 INFO  commands.RetriableDatanodeEventWatcher (RetriableDatanodeEventWatcher.java:onTimeout(47)) - RetriableDatanodeCommand type=deleteBlocksCommand with id=1565411942225 timed out. Retrying.
2019-08-10 04:39:10,367 INFO  commands.RetriableDatanodeEventWatcher (RetriableDatanodeEventWatcher.java:onTimeout(47)) - RetriableDatanodeCommand type=deleteBlocksCommand with id=1565411942235 timed out. Retrying.
2019-08-10 04:39:10,387 INFO  commands.RetriableDatanodeEventWatcher (RetriableDatanodeEventWatcher.java:onTimeout(47)) - RetriableDatanodeCommand type=deleteBlocksCommand with id=1565411942245 timed out. Retrying.
2019-08-10 04:39:10,403 INFO  commands.RetriableDatanodeEventWatcher (RetriableDatanodeEventWatcher.java:onTimeout(47)) - RetriableDatanodeCommand type=deleteBlocksCommand with id=1565411942196 timed out. Retrying.
2019-08-10 04:39:10,411 INFO  commands.RetriableDatanodeEventWatcher (RetriableDatanodeEventWatcher.java:onTimeout(47)) - RetriableDatanodeCommand type=deleteBlocksCommand with id=1565411942255 timed out. Retrying.
2019-08-10 04:39:10,420 INFO  commands.RetriableDatanodeEventWatcher (RetriableDatanodeEventWatcher.java:onTimeout(47)) - RetriableDatanodeCommand type=deleteBlocksCommand with id=1565411942206 timed out. Retrying.
2019-08-10 04:39:10,425 INFO  commands.RetriableDatanodeEventWatcher (RetriableDatanodeEventWatcher.java:onTimeout(47)) - RetriableDatanodeCommand type=deleteBlocksCommand with id=1565411942265 timed out. Retrying.
2019-08-10 04:39:10,433 INFO  commands.RetriableDatanodeEventWatcher (RetriableDatanodeEventWatcher.java:onTimeout(47)) - RetriableDatanodeCommand type=deleteBlocksCommand with id=1565411942216 timed out. Retrying.
2019-08-10 04:39:10,440 DEBUG block.SCMBlockDeletingService (SCMBlockDeletingService.java:call(138)) - Running DeletedBlockTransactionScanner
2019-08-10 04:39:10,440 DEBUG block.SCMBlockDeletingService (SCMBlockDeletingService.java:call(155)) - Scanned deleted blocks log and got 3 delTX to process.
2019-08-10 04:39:10,441 DEBUG block.SCMBlockDeletingService (SCMBlockDeletingService.java:call(171)) - Added delete block command for datanode 6c928baf-cc3b-4a10-9362-ff4e15dca71d in the queue, number of delete block transactions: 3, TxID list: 1,2,3
2019-08-10 04:39:10,441 INFO  block.SCMBlockDeletingService (SCMBlockDeletingService.java:call(182)) - Totally added 3 delete blocks command for 1 datanodes, task elapsed time: 1ms
2019-08-10 04:39:10,452 INFO  commands.RetriableDatanodeEventWatcher (RetriableDatanodeEventWatcher.java:onTimeout(47)) - RetriableDatanodeCommand type=deleteBlocksCommand with id=1565411942226 timed out. Retrying.
2019-08-10 04:39:10,468 INFO  commands.RetriableDatanodeEventWatcher (RetriableDatanodeEventWatcher.java:onTimeout(47)) - RetriableDatanodeCommand type=deleteBlocksCommand with id=1565411942236 timed out. Retrying.
2019-08-10 04:39:10,490 INFO  commands.RetriableDatanodeEventWatcher (RetriableDatanodeEventWatcher.java:onTimeout(47)) - RetriableDatanodeCommand type=deleteBlocksCommand with id=1565411942246 timed out. Retrying.
2019-08-10 04:39:10,506 INFO  commands.RetriableDatanodeEventWatcher (RetriableDatanodeEventWatcher.java:onTimeout(47)) - RetriableDatanodeCommand type=deleteBlocksCommand with id=1565411942197 timed out. Retrying.
2019-08-10 04:39:10,512 INFO  commands.RetriableDatanodeEventWatcher (RetriableDatanodeEventWatcher.java:onTimeout(47)) - RetriableDatanodeCommand type=deleteBlocksCommand with id=1565411942256 timed out. Retrying.
2019-08-10 04:39:10,522 INFO  commands.RetriableDatanodeEventWatcher (RetriableDatanodeEventWatcher.java:onTimeout(47)) - RetriableDatanodeCommand type=deleteBlocksCommand with id=1565411942207 timed out. Retrying.
2019-08-10 04:39:10,527 INFO  commands.RetriableDatanodeEventWatcher (RetriableDatanodeEventWatcher.java:onTimeout(47)) - RetriableDatanodeCommand type=deleteBlocksCommand with id=1565411942266 timed out. Retrying.
2019-08-10 04:39:10,535 INFO  commands.RetriableDatanodeEventWatcher (RetriableDatanodeEventWatcher.java:onTimeout(47)) - RetriableDatanodeCommand type=deleteBlocksCommand with id=1565411942217 timed out. Retrying.
2019-08-10 04:39:10,541 DEBUG block.SCMBlockDeletingService (SCMBlockDeletingService.java:call(138)) - Running DeletedBlockTransactionScanner
2019-08-10 04:39:10,542 DEBUG block.SCMBlockDeletingService (SCMBlockDeletingService.java:call(155)) - Scanned deleted blocks log and got 3 delTX to process.
2019-08-10 04:39:10,542 DEBUG block.SCMBlockDeletingService (SCMBlockDeletingService.java:call(171)) - Added delete block command for datanode 6c928baf-cc3b-4a10-9362-ff4e15dca71d in the queue, number of delete block transactions: 3, TxID list: 1,2,3
2019-08-10 04:39:10,543 INFO  block.SCMBlockDeletingService (SCMBlockDeletingService.java:call(182)) - Totally added 3 delete blocks command for 1 datanodes, task elapsed time: 1ms
2019-08-10 04:39:10,554 INFO  commands.RetriableDatanodeEventWatcher (RetriableDatanodeEventWatcher.java:onTimeout(47)) - RetriableDatanodeCommand type=deleteBlocksCommand with id=1565411942227 timed out. Retrying.
2019-08-10 04:39:10,569 INFO  commands.RetriableDatanodeEventWatcher (RetriableDatanodeEventWatcher.java:onTimeout(47)) - RetriableDatanodeCommand type=deleteBlocksCommand with id=1565411942237 timed out. Retrying.
2019-08-10 04:39:10,590 INFO  commands.RetriableDatanodeEventWatcher (RetriableDatanodeEventWatcher.java:onTimeout(47)) - RetriableDatanodeCommand type=deleteBlocksCommand with id=1565411942247 timed out. Retrying.
2019-08-10 04:39:10,606 INFO  commands.RetriableDatanodeEventWatcher (RetriableDatanodeEventWatcher.java:onTimeout(47)) - RetriableDatanodeCommand type=deleteBlocksCommand with id=1565411942198 timed out. Retrying.
2019-08-10 04:39:10,614 INFO  commands.RetriableDatanodeEventWatcher (RetriableDatanodeEventWatcher.java:onTimeout(47)) - RetriableDatanodeCommand type=deleteBlocksCommand with id=1565411942257 timed out. Retrying.
2019-08-10 04:39:10,623 INFO  commands.RetriableDatanodeEventWatcher (RetriableDatanodeEventWatcher.java:onTimeout(47)) - RetriableDatanodeCommand type=deleteBlocksCommand with id=1565411942208 timed out. Retrying.
2019-08-10 04:39:10,627 INFO  commands.RetriableDatanodeEventWatcher (RetriableDatanodeEventWatcher.java:onTimeout(47)) - RetriableDatanodeCommand type=deleteBlocksCommand with id=1565411942267 timed out. Retrying.
2019-08-10 04:39:10,641 INFO  commands.RetriableDatanodeEventWatcher (RetriableDatanodeEventWatcher.java:onTimeout(47)) - RetriableDatanodeCommand type=deleteBlocksCommand with id=1565411942218 timed out. Retrying.
2019-08-10 04:39:10,643 DEBUG block.SCMBlockDeletingService (SCMBlockDeletingService.java:call(138)) - Running DeletedBlockTransactionScanner
2019-08-10 04:39:10,643 DEBUG block.SCMBlockDeletingService (SCMBlockDeletingService.java:call(155)) - Scanned deleted blocks log and got 3 delTX to process.
2019-08-10 04:39:10,644 DEBUG block.SCMBlockDeletingService (SCMBlockDeletingService.java:call(171)) - Added delete block command for datanode 6c928baf-cc3b-4a10-9362-ff4e15dca71d in the queue, number of delete block transactions: 3, TxID list: 1,2,3
2019-08-10 04:39:10,644 INFO  block.SCMBlockDeletingService (SCMBlockDeletingService.java:call(182)) - Totally added 3 delete blocks command for 1 datanodes, task elapsed time: 1ms
2019-08-10 04:39:10,653 INFO  commands.RetriableDatanodeEventWatcher (RetriableDatanodeEventWatcher.java:onTimeout(47)) - RetriableDatanodeCommand type=deleteBlocksCommand with id=1565411942228 timed out. Retrying.
2019-08-10 04:39:10,672 INFO  commands.RetriableDatanodeEventWatcher (RetriableDatanodeEventWatcher.java:onTimeout(47)) - RetriableDatanodeCommand type=deleteBlocksCommand with id=1565411942238 timed out. Retrying.
2019-08-10 04:39:10,691 INFO  commands.RetriableDatanodeEventWatcher (RetriableDatanodeEventWatcher.java:onTimeout(47)) - RetriableDatanodeCommand type=deleteBlocksCommand with id=1565411942248 timed out. Retrying.
2019-08-10 04:39:10,706 INFO  commands.RetriableDatanodeEventWatcher (RetriableDatanodeEventWatcher.java:onTimeout(47)) - RetriableDatanodeCommand type=deleteBlocksCommand with id=1565411942199 timed out. Retrying.
2019-08-10 04:39:10,715 INFO  commands.RetriableDatanodeEventWatcher (RetriableDatanodeEventWatcher.java:onTimeout(47)) - RetriableDatanodeCommand type=deleteBlocksCommand with id=1565411942258 timed out. Retrying.
2019-08-10 04:39:10,727 INFO  commands.RetriableDatanodeEventWatcher (RetriableDatanodeEventWatcher.java:onTimeout(47)) - RetriableDatanodeCommand type=deleteBlocksCommand with id=1565411942209 timed out. Retrying.
2019-08-10 04:39:10,730 INFO  commands.RetriableDatanodeEventWatcher (RetriableDatanodeEventWatcher.java:onTimeout(47)) - RetriableDatanodeCommand type=deleteBlocksCommand with id=1565411942268 timed out. Retrying.
2019-08-10 04:39:10,737 INFO  commands.RetriableDatanodeEventWatcher (RetriableDatanodeEventWatcher.java:onTimeout(47)) - RetriableDatanodeCommand type=deleteBlocksCommand with id=1565411942219 timed out. Retrying.
2019-08-10 04:39:10,744 DEBUG block.SCMBlockDeletingService (SCMBlockDeletingService.java:call(138)) - Running DeletedBlockTransactionScanner
2019-08-10 04:39:10,745 DEBUG block.SCMBlockDeletingService (SCMBlockDeletingService.java:call(155)) - Scanned deleted blocks log and got 3 delTX to process.
2019-08-10 04:39:10,745 DEBUG block.SCMBlockDeletingService (SCMBlockDeletingService.java:call(171)) - Added delete block command for datanode 6c928baf-cc3b-4a10-9362-ff4e15dca71d in the queue, number of delete block transactions: 3, TxID list: 1,2,3
2019-08-10 04:39:10,746 INFO  block.SCMBlockDeletingService (SCMBlockDeletingService.java:call(182)) - Totally added 3 delete blocks command for 1 datanodes, task elapsed time: 1ms
2019-08-10 04:39:10,756 INFO  commands.RetriableDatanodeEventWatcher (RetriableDatanodeEventWatcher.java:onTimeout(47)) - RetriableDatanodeCommand type=deleteBlocksCommand with id=1565411942229 timed out. Retrying.
2019-08-10 04:39:10,774 INFO  commands.RetriableDatanodeEventWatcher (RetriableDatanodeEventWatcher.java:onTimeout(47)) - RetriableDatanodeCommand type=deleteBlocksCommand with id=1565411942239 timed out. Retrying.
2019-08-10 04:39:10,793 INFO  commands.RetriableDatanodeEventWatcher (RetriableDatanodeEventWatcher.java:onTimeout(47)) - RetriableDatanodeCommand type=deleteBlocksCommand with id=1565411942249 timed out. Retrying.
2019-08-10 04:39:10,814 INFO  commands.RetriableDatanodeEventWatcher (RetriableDatanodeEventWatcher.java:onTimeout(47)) - RetriableDatanodeCommand type=deleteBlocksCommand with id=1565411942200 timed out. Retrying.
2019-08-10 04:39:10,817 INFO  commands.RetriableDatanodeEventWatcher (RetriableDatanodeEventWatcher.java:onTimeout(47)) - RetriableDatanodeCommand type=deleteBlocksCommand with id=1565411942259 timed out. Retrying.
2019-08-10 04:39:10,825 INFO  commands.RetriableDatanodeEventWatcher (RetriableDatanodeEventWatcher.java:onTimeout(47)) - RetriableDatanodeCommand type=deleteBlocksCommand with id=1565411942210 timed out. Retrying.
2019-08-10 04:39:10,830 INFO  commands.RetriableDatanodeEventWatcher (RetriableDatanodeEventWatcher.java:onTimeout(47)) - RetriableDatanodeCommand type=deleteBlocksCommand with id=1565411942269 timed out. Retrying.
2019-08-10 04:39:10,844 INFO  commands.RetriableDatanodeEventWatcher (RetriableDatanodeEventWatcher.java:onTimeout(47)) - RetriableDatanodeCommand type=deleteBlocksCommand with id=1565411942220 timed out. Retrying.
2019-08-10 04:39:10,846 DEBUG block.SCMBlockDeletingService (SCMBlockDeletingService.java:call(138)) - Running DeletedBlockTransactionScanner
2019-08-10 04:39:10,846 DEBUG block.SCMBlockDeletingService (SCMBlockDeletingService.java:call(155)) - Scanned deleted blocks log and got 3 delTX to process.
2019-08-10 04:39:10,847 DEBUG block.SCMBlockDeletingService (SCMBlockDeletingService.java:call(171)) - Added delete block command for datanode 6c928baf-cc3b-4a10-9362-ff4e15dca71d in the queue, number of delete block transactions: 3, TxID list: 1,2,3
2019-08-10 04:39:10,847 INFO  block.SCMBlockDeletingService (SCMBlockDeletingService.java:call(182)) - Totally added 3 delete blocks command for 1 datanodes, task elapsed time: 1ms
2019-08-10 04:39:10,858 INFO  commands.RetriableDatanodeEventWatcher (RetriableDatanodeEventWatcher.java:onTimeout(47)) - RetriableDatanodeCommand type=deleteBlocksCommand with id=1565411942230 timed out. Retrying.
2019-08-10 04:39:10,875 INFO  commands.RetriableDatanodeEventWatcher (RetriableDatanodeEventWatcher.java:onTimeout(47)) - RetriableDatanodeCommand type=deleteBlocksCommand with id=1565411942240 timed out. Retrying.
2019-08-10 04:39:10,896 INFO  commands.RetriableDatanodeEventWatcher (RetriableDatanodeEventWatcher.java:onTimeout(47)) - RetriableDatanodeCommand type=deleteBlocksCommand with id=1565411942250 timed out. Retrying.
2019-08-10 04:39:10,909 INFO  commands.RetriableDatanodeEventWatcher (RetriableDatanodeEventWatcher.java:onTimeout(47)) - RetriableDatanodeCommand type=deleteBlocksCommand with id=1565411942201 timed out. Retrying.
2019-08-10 04:39:10,918 INFO  commands.RetriableDatanodeEventWatcher (RetriableDatanodeEventWatcher.java:onTimeout(47)) - RetriableDatanodeCommand type=deleteBlocksCommand with id=1565411942260 timed out. Retrying.
2019-08-10 04:39:10,929 INFO  commands.RetriableDatanodeEventWatcher (RetriableDatanodeEventWatcher.java:onTimeout(47)) - RetriableDatanodeCommand type=deleteBlocksCommand with id=1565411942211 timed out. Retrying.
2019-08-10 04:39:10,933 INFO  commands.RetriableDatanodeEventWatcher (RetriableDatanodeEventWatcher.java:onTimeout(47)) - RetriableDatanodeCommand type=deleteBlocksCommand with id=1565411942270 timed out. Retrying.
2019-08-10 04:39:10,942 INFO  commands.RetriableDatanodeEventWatcher (RetriableDatanodeEventWatcher.java:onTimeout(47)) - RetriableDatanodeCommand type=deleteBlocksCommand with id=1565411942221 timed out. Retrying.
2019-08-10 04:39:10,947 DEBUG block.SCMBlockDeletingService (SCMBlockDeletingService.java:call(138)) - Running DeletedBlockTransactionScanner
2019-08-10 04:39:10,948 DEBUG block.SCMBlockDeletingService (SCMBlockDeletingService.java:call(155)) - Scanned deleted blocks log and got 3 delTX to process.
2019-08-10 04:39:10,948 DEBUG block.SCMBlockDeletingService (SCMBlockDeletingService.java:call(171)) - Added delete block command for datanode 6c928baf-cc3b-4a10-9362-ff4e15dca71d in the queue, number of delete block transactions: 3, TxID list: 1,2,3
2019-08-10 04:39:10,949 INFO  block.SCMBlockDeletingService (SCMBlockDeletingService.java:call(182)) - Totally added 3 delete blocks command for 1 datanodes, task elapsed time: 1ms
2019-08-10 04:39:10,960 INFO  commands.RetriableDatanodeEventWatcher (RetriableDatanodeEventWatcher.java:onTimeout(47)) - RetriableDatanodeCommand type=deleteBlocksCommand with id=1565411942231 timed out. Retrying.
2019-08-10 04:39:10,976 INFO  commands.RetriableDatanodeEventWatcher (RetriableDatanodeEventWatcher.java:onTimeout(47)) - RetriableDatanodeCommand type=deleteBlocksCommand with id=1565411942241 timed out. Retrying.
2019-08-10 04:39:11,004 INFO  commands.RetriableDatanodeEventWatcher (RetriableDatanodeEventWatcher.java:onTimeout(47)) - RetriableDatanodeCommand type=deleteBlocksCommand with id=1565411942251 timed out. Retrying.
2019-08-10 04:39:11,015 INFO  commands.RetriableDatanodeEventWatcher (RetriableDatanodeEventWatcher.java:onTimeout(47)) - RetriableDatanodeCommand type=deleteBlocksCommand with id=1565411942202 timed out. Retrying.
2019-08-10 04:39:11,019 INFO  commands.RetriableDatanodeEventWatcher (RetriableDatanodeEventWatcher.java:onTimeout(47)) - RetriableDatanodeCommand type=deleteBlocksCommand with id=1565411942261 timed out. Retrying.
2019-08-10 04:39:11,031 INFO  commands.RetriableDatanodeEventWatcher (RetriableDatanodeEventWatcher.java:onTimeout(47)) - RetriableDatanodeCommand type=deleteBlocksCommand with id=1565411942212 timed out. Retrying.
2019-08-10 04:39:11,034 INFO  commands.RetriableDatanodeEventWatcher (RetriableDatanodeEventWatcher.java:onTimeout(47)) - RetriableDatanodeCommand type=deleteBlocksCommand with id=1565411942271 timed out. Retrying.
2019-08-10 04:39:11,045 INFO  commands.RetriableDatanodeEventWatcher (RetriableDatanodeEventWatcher.java:onTimeout(47)) - RetriableDatanodeCommand type=deleteBlocksCommand with id=1565411942222 timed out. Retrying.
2019-08-10 04:39:11,049 DEBUG block.SCMBlockDeletingService (SCMBlockDeletingService.java:call(138)) - Running DeletedBlockTransactionScanner
2019-08-10 04:39:11,049 DEBUG block.SCMBlockDeletingService (SCMBlockDeletingService.java:call(155)) - Scanned deleted blocks log and got 3 delTX to process.
2019-08-10 04:39:11,050 DEBUG block.SCMBlockDeletingService (SCMBlockDeletingService.java:call(171)) - Added delete block command for datanode 6c928baf-cc3b-4a10-9362-ff4e15dca71d in the queue, number of delete block transactions: 3, TxID list: 1,2,3
2019-08-10 04:39:11,050 INFO  block.SCMBlockDeletingService (SCMBlockDeletingService.java:call(182)) - Totally added 3 delete blocks command for 1 datanodes, task elapsed time: 1ms
2019-08-10 04:39:11,062 INFO  commands.RetriableDatanodeEventWatcher (RetriableDatanodeEventWatcher.java:onTimeout(47)) - RetriableDatanodeCommand type=deleteBlocksCommand with id=1565411942232 timed out. Retrying.
2019-08-10 04:39:11,079 INFO  commands.RetriableDatanodeEventWatcher (RetriableDatanodeEventWatcher.java:onTimeout(47)) - RetriableDatanodeCommand type=deleteBlocksCommand with id=1565411942242 timed out. Retrying.
2019-08-10 04:39:11,106 INFO  commands.RetriableDatanodeEventWatcher (RetriableDatanodeEventWatcher.java:onTimeout(47)) - RetriableDatanodeCommand type=deleteBlocksCommand with id=1565411942252 timed out. Retrying.
2019-08-10 04:39:11,116 INFO  commands.RetriableDatanodeEventWatcher (RetriableDatanodeEventWatcher.java:onTimeout(47)) - RetriableDatanodeCommand type=deleteBlocksCommand with id=1565411942203 timed out. Retrying.
2019-08-10 04:39:11,121 INFO  commands.RetriableDatanodeEventWatcher (RetriableDatanodeEventWatcher.java:onTimeout(47)) - RetriableDatanodeCommand type=deleteBlocksCommand with id=1565411942262 timed out. Retrying.
2019-08-10 04:39:11,133 INFO  commands.RetriableDatanodeEventWatcher (RetriableDatanodeEventWatcher.java:onTimeout(47)) - RetriableDatanodeCommand type=deleteBlocksCommand with id=1565411942213 timed out. Retrying.
2019-08-10 04:39:11,136 INFO  commands.RetriableDatanodeEventWatcher (RetriableDatanodeEventWatcher.java:onTimeout(47)) - RetriableDatanodeCommand type=deleteBlocksCommand with id=1565411942272 timed out. Retrying.
2019-08-10 04:39:11,145 INFO  commands.RetriableDatanodeEventWatcher (RetriableDatanodeEventWatcher.java:onTimeout(47)) - RetriableDatanodeCommand type=deleteBlocksCommand with id=1565411942223 timed out. Retrying.
2019-08-10 04:39:11,151 DEBUG block.SCMBlockDeletingService (SCMBlockDeletingService.java:call(138)) - Running DeletedBlockTransactionScanner
2019-08-10 04:39:11,151 DEBUG block.SCMBlockDeletingService (SCMBlockDeletingService.java:call(155)) - Scanned deleted blocks log and got 3 delTX to process.
2019-08-10 04:39:11,151 DEBUG block.SCMBlockDeletingService (SCMBlockDeletingService.java:call(171)) - Added delete block command for datanode 6c928baf-cc3b-4a10-9362-ff4e15dca71d in the queue, number of delete block transactions: 3, TxID list: 1,2,3
2019-08-10 04:39:11,152 INFO  block.SCMBlockDeletingService (SCMBlockDeletingService.java:call(182)) - Totally added 3 delete blocks command for 1 datanodes, task elapsed time: 1ms
2019-08-10 04:39:11,164 INFO  commands.RetriableDatanodeEventWatcher (RetriableDatanodeEventWatcher.java:onTimeout(47)) - RetriableDatanodeCommand type=deleteBlocksCommand with id=1565411942233 timed out. Retrying.
2019-08-10 04:39:11,182 INFO  commands.RetriableDatanodeEventWatcher (RetriableDatanodeEventWatcher.java:onTimeout(47)) - RetriableDatanodeCommand type=deleteBlocksCommand with id=1565411942243 timed out. Retrying.
2019-08-10 04:39:11,203 INFO  commands.RetriableDatanodeEventWatcher (RetriableDatanodeEventWatcher.java:onTimeout(47)) - RetriableDatanodeCommand type=deleteBlocksCommand with id=1565411942194 timed out. Retrying.
2019-08-10 04:39:11,209 INFO  commands.RetriableDatanodeEventWatcher (RetriableDatanodeEventWatcher.java:onTimeout(47)) - RetriableDatanodeCommand type=deleteBlocksCommand with id=1565411942253 timed out. Retrying.
2019-08-10 04:39:11,217 INFO  commands.RetriableDatanodeEventWatcher (RetriableDatanodeEventWatcher.java:onTimeout(47)) - RetriableDatanodeCommand type=deleteBlocksCommand with id=1565411942204 timed out. Retrying.
2019-08-10 04:39:11,223 INFO  commands.RetriableDatanodeEventWatcher (RetriableDatanodeEventWatcher.java:onTimeout(47)) - RetriableDatanodeCommand type=deleteBlocksCommand with id=1565411942263 timed out. Retrying.
2019-08-10 04:39:11,232 INFO  commands.RetriableDatanodeEventWatcher (RetriableDatanodeEventWatcher.java:onTimeout(47)) - RetriableDatanodeCommand type=deleteBlocksCommand with id=1565411942214 timed out. Retrying.
2019-08-10 04:39:11,238 INFO  commands.RetriableDatanodeEventWatcher (RetriableDatanodeEventWatcher.java:onTimeout(47)) - RetriableDatanodeCommand type=deleteBlocksCommand with id=1565411942273 timed out. Retrying.
2019-08-10 04:39:11,240 INFO  ozone.MiniOzoneClusterImpl (MiniOzoneClusterImpl.java:lambda$waitForClusterToBeReady$0(142)) - Waiting for cluster to be ready. Got 0 of 1 DN Heartbeats.
2019-08-10 04:39:11,250 INFO  commands.RetriableDatanodeEventWatcher (RetriableDatanodeEventWatcher.java:onTimeout(47)) - RetriableDatanodeCommand type=deleteBlocksCommand with id=1565411942224 timed out. Retrying.
2019-08-10 04:39:11,252 DEBUG block.SCMBlockDeletingService (SCMBlockDeletingService.java:call(138)) - Running DeletedBlockTransactionScanner
2019-08-10 04:39:11,253 DEBUG block.SCMBlockDeletingService (SCMBlockDeletingService.java:call(155)) - Scanned deleted blocks log and got 3 delTX to process.
2019-08-10 04:39:11,253 DEBUG block.SCMBlockDeletingService (SCMBlockDeletingService.java:call(171)) - Added delete block command for datanode 6c928baf-cc3b-4a10-9362-ff4e15dca71d in the queue, number of delete block transactions: 3, TxID list: 1,2,3
2019-08-10 04:39:11,253 INFO  block.SCMBlockDeletingService (SCMBlockDeletingService.java:call(182)) - Totally added 3 delete blocks command for 1 datanodes, task elapsed time: 1ms
2019-08-10 04:39:11,263 INFO  commands.RetriableDatanodeEventWatcher (RetriableDatanodeEventWatcher.java:onTimeout(47)) - RetriableDatanodeCommand type=deleteBlocksCommand with id=1565411942234 timed out. Retrying.
2019-08-10 04:39:11,286 INFO  commands.RetriableDatanodeEventWatcher (RetriableDatanodeEventWatcher.java:onTimeout(47)) - RetriableDatanodeCommand type=deleteBlocksCommand with id=1565411942244 timed out. Retrying.
2019-08-10 04:39:11,307 INFO  commands.RetriableDatanodeEventWatcher (RetriableDatanodeEventWatcher.java:onTimeout(47)) - RetriableDatanodeCommand type=deleteBlocksCommand with id=1565411942195 timed out. Retrying.
2019-08-10 04:39:11,308 INFO  commands.RetriableDatanodeEventWatcher (RetriableDatanodeEventWatcher.java:onTimeout(47)) - RetriableDatanodeCommand type=deleteBlocksCommand with id=1565411942254 timed out. Retrying.
2019-08-10 04:39:11,318 INFO  commands.RetriableDatanodeEventWatcher (RetriableDatanodeEventWatcher.java:onTimeout(47)) - RetriableDatanodeCommand type=deleteBlocksCommand with id=1565411942205 timed out. Retrying.
2019-08-10 04:39:11,324 INFO  commands.RetriableDatanodeEventWatcher (RetriableDatanodeEventWatcher.java:onTimeout(47)) - RetriableDatanodeCommand type=deleteBlocksCommand with id=1565411942264 timed out. Retrying.
2019-08-10 04:39:11,335 INFO  commands.RetriableDatanodeEventWatcher (RetriableDatanodeEventWatcher.java:onTimeout(47)) - RetriableDatanodeCommand type=deleteBlocksCommand with id=1565411942215 timed out. Retrying.
2019-08-10 04:39:11,339 INFO  commands.RetriableDatanodeEventWatcher (RetriableDatanodeEventWatcher.java:onTimeout(47)) - RetriableDatanodeCommand type=deleteBlocksCommand with id=1565411942274 timed out. Retrying.
2019-08-10 04:39:11,351 INFO  commands.RetriableDatanodeEventWatcher (RetriableDatanodeEventWatcher.java:onTimeout(47)) - RetriableDatanodeCommand type=deleteBlocksCommand with id=1565411942225 timed out. Retrying.
2019-08-10 04:39:11,354 DEBUG block.SCMBlockDeletingService (SCMBlockDeletingService.java:call(138)) - Running DeletedBlockTransactionScanner
2019-08-10 04:39:11,354 DEBUG block.SCMBlockDeletingService (SCMBlockDeletingService.java:call(155)) - Scanned deleted blocks log and got 3 delTX to process.
2019-08-10 04:39:11,354 DEBUG block.SCMBlockDeletingService (SCMBlockDeletingService.java:call(171)) - Added delete block command for datanode 6c928baf-cc3b-4a10-9362-ff4e15dca71d in the queue, number of delete block transactions: 3, TxID list: 1,2,3
2019-08-10 04:39:11,355 INFO  block.SCMBlockDeletingService (SCMBlockDeletingService.java:call(182)) - Totally added 3 delete blocks command for 1 datanodes, task elapsed time: 1ms
2019-08-10 04:39:11,368 INFO  commands.RetriableDatanodeEventWatcher (RetriableDatanodeEventWatcher.java:onTimeout(47)) - RetriableDatanodeCommand type=deleteBlocksCommand with id=1565411942235 timed out. Retrying.
2019-08-10 04:39:11,387 INFO  commands.RetriableDatanodeEventWatcher (RetriableDatanodeEventWatcher.java:onTimeout(47)) - RetriableDatanodeCommand type=deleteBlocksCommand with id=1565411942245 timed out. Retrying.
2019-08-10 04:39:11,404 INFO  commands.RetriableDatanodeEventWatcher (RetriableDatanodeEventWatcher.java:onTimeout(47)) - RetriableDatanodeCommand type=deleteBlocksCommand with id=1565411942196 timed out. Retrying.
2019-08-10 04:39:11,411 INFO  commands.RetriableDatanodeEventWatcher (RetriableDatanodeEventWatcher.java:onTimeout(47)) - RetriableDatanodeCommand type=deleteBlocksCommand with id=1565411942255 timed out. Retrying.
2019-08-10 04:39:11,421 INFO  commands.RetriableDatanodeEventWatcher (RetriableDatanodeEventWatcher.java:onTimeout(47)) - RetriableDatanodeCommand type=deleteBlocksCommand with id=1565411942206 timed out. Retrying.
2019-08-10 04:39:11,426 INFO  commands.RetriableDatanodeEventWatcher (RetriableDatanodeEventWatcher.java:onTimeout(47)) - RetriableDatanodeCommand type=deleteBlocksCommand with id=1565411942265 timed out. Retrying.
2019-08-10 04:39:11,433 INFO  commands.RetriableDatanodeEventWatcher (RetriableDatanodeEventWatcher.java:onTimeout(47)) - RetriableDatanodeCommand type=deleteBlocksCommand with id=1565411942216 timed out. Retrying.
2019-08-10 04:39:11,441 INFO  commands.RetriableDatanodeEventWatcher (RetriableDatanodeEventWatcher.java:onTimeout(47)) - RetriableDatanodeCommand type=deleteBlocksCommand with id=1565411942275 timed out. Retrying.
2019-08-10 04:39:11,453 INFO  commands.RetriableDatanodeEventWatcher (RetriableDatanodeEventWatcher.java:onTimeout(47)) - RetriableDatanodeCommand type=deleteBlocksCommand with id=1565411942226 timed out. Retrying.
2019-08-10 04:39:11,455 DEBUG block.SCMBlockDeletingService (SCMBlockDeletingService.java:call(138)) - Running DeletedBlockTransactionScanner
2019-08-10 04:39:11,455 DEBUG block.SCMBlockDeletingService (SCMBlockDeletingService.java:call(155)) - Scanned deleted blocks log and got 3 delTX to process.
2019-08-10 04:39:11,456 DEBUG block.SCMBlockDeletingService (SCMBlockDeletingService.java:call(171)) - Added delete block command for datanode 6c928baf-cc3b-4a10-9362-ff4e15dca71d in the queue, number of delete block transactions: 3, TxID list: 1,2,3
2019-08-10 04:39:11,456 INFO  block.SCMBlockDeletingService (SCMBlockDeletingService.java:call(182)) - Totally added 3 delete blocks command for 1 datanodes, task elapsed time: 1ms
2019-08-10 04:39:11,469 INFO  commands.RetriableDatanodeEventWatcher (RetriableDatanodeEventWatcher.java:onTimeout(47)) - RetriableDatanodeCommand type=deleteBlocksCommand with id=1565411942236 timed out. Retrying.
2019-08-10 04:39:11,491 INFO  commands.RetriableDatanodeEventWatcher (RetriableDatanodeEventWatcher.java:onTimeout(47)) - RetriableDatanodeCommand type=deleteBlocksCommand with id=1565411942246 timed out. Retrying.
2019-08-10 04:39:11,506 INFO  commands.RetriableDatanodeEventWatcher (RetriableDatanodeEventWatcher.java:onTimeout(47)) - RetriableDatanodeCommand type=deleteBlocksCommand with id=1565411942197 timed out. Retrying.
2019-08-10 04:39:11,513 INFO  commands.RetriableDatanodeEventWatcher (RetriableDatanodeEventWatcher.java:onTimeout(47)) - RetriableDatanodeCommand type=deleteBlocksCommand with id=1565411942256 timed out. Retrying.
2019-08-10 04:39:11,523 INFO  commands.RetriableDatanodeEventWatcher (RetriableDatanodeEventWatcher.java:onTimeout(47)) - RetriableDatanodeCommand type=deleteBlocksCommand with id=1565411942207 timed out. Retrying.
2019-08-10 04:39:11,527 INFO  commands.RetriableDatanodeEventWatcher (RetriableDatanodeEventWatcher.java:onTimeout(47)) - RetriableDatanodeCommand type=deleteBlocksCommand with id=1565411942266 timed out. Retrying.
2019-08-10 04:39:11,536 INFO  commands.RetriableDatanodeEventWatcher (RetriableDatanodeEventWatcher.java:onTimeout(47)) - RetriableDatanodeCommand type=deleteBlocksCommand with id=1565411942217 timed out. Retrying.
2019-08-10 04:39:11,543 INFO  commands.RetriableDatanodeEventWatcher (RetriableDatanodeEventWatcher.java:onTimeout(47)) - RetriableDatanodeCommand type=deleteBlocksCommand with id=1565411942276 timed out. Retrying.
2019-08-10 04:39:11,553 INFO  commands.RetriableDatanodeEventWatcher (RetriableDatanodeEventWatcher.java:onTimeout(47)) - RetriableDatanodeCommand type=deleteBlocksCommand with id=1565411942227 timed out. Retrying.
2019-08-10 04:39:11,557 DEBUG block.SCMBlockDeletingService (SCMBlockDeletingService.java:call(138)) - Running DeletedBlockTransactionScanner
2019-08-10 04:39:11,557 DEBUG block.SCMBlockDeletingService (SCMBlockDeletingService.java:call(155)) - Scanned deleted blocks log and got 3 delTX to process.
2019-08-10 04:39:11,557 DEBUG block.SCMBlockDeletingService (SCMBlockDeletingService.java:call(171)) - Added delete block command for datanode 6c928baf-cc3b-4a10-9362-ff4e15dca71d in the queue, number of delete block transactions: 3, TxID list: 1,2,3
2019-08-10 04:39:11,558 INFO  block.SCMBlockDeletingService (SCMBlockDeletingService.java:call(182)) - Totally added 3 delete blocks command for 1 datanodes, task elapsed time: 1ms
2019-08-10 04:39:11,569 INFO  commands.RetriableDatanodeEventWatcher (RetriableDatanodeEventWatcher.java:onTimeout(47)) - RetriableDatanodeCommand type=deleteBlocksCommand with id=1565411942237 timed out. Retrying.
2019-08-10 04:39:11,591 INFO  commands.RetriableDatanodeEventWatcher (RetriableDatanodeEventWatcher.java:onTimeout(47)) - RetriableDatanodeCommand type=deleteBlocksCommand with id=1565411942247 timed out. Retrying.
2019-08-10 04:39:11,607 INFO  commands.RetriableDatanodeEventWatcher (RetriableDatanodeEventWatcher.java:onTimeout(47)) - RetriableDatanodeCommand type=deleteBlocksCommand with id=1565411942198 timed out. Retrying.
2019-08-10 04:39:11,614 INFO  commands.RetriableDatanodeEventWatcher (RetriableDatanodeEventWatcher.java:onTimeout(47)) - RetriableDatanodeCommand type=deleteBlocksCommand with id=1565411942257 timed out. Retrying.
2019-08-10 04:39:11,624 INFO  commands.RetriableDatanodeEventWatcher (RetriableDatanodeEventWatcher.java:onTimeout(47)) - RetriableDatanodeCommand type=deleteBlocksCommand with id=1565411942208 timed out. Retrying.
2019-08-10 04:39:11,627 INFO  commands.RetriableDatanodeEventWatcher (RetriableDatanodeEventWatcher.java:onTimeout(47)) - RetriableDatanodeCommand type=deleteBlocksCommand with id=1565411942267 timed out. Retrying.
2019-08-10 04:39:11,642 INFO  commands.RetriableDatanodeEventWatcher (RetriableDatanodeEventWatcher.java:onTimeout(47)) - RetriableDatanodeCommand type=deleteBlocksCommand with id=1565411942218 timed out. Retrying.
2019-08-10 04:39:11,643 INFO  commands.RetriableDatanodeEventWatcher (RetriableDatanodeEventWatcher.java:onTimeout(47)) - RetriableDatanodeCommand type=deleteBlocksCommand with id=1565411942277 timed out. Retrying.
2019-08-10 04:39:11,654 INFO  commands.RetriableDatanodeEventWatcher (RetriableDatanodeEventWatcher.java:onTimeout(47)) - RetriableDatanodeCommand type=deleteBlocksCommand with id=1565411942228 timed out. Retrying.
2019-08-10 04:39:11,658 DEBUG block.SCMBlockDeletingService (SCMBlockDeletingService.java:call(138)) - Running DeletedBlockTransactionScanner
2019-08-10 04:39:11,658 DEBUG block.SCMBlockDeletingService (SCMBlockDeletingService.java:call(155)) - Scanned deleted blocks log and got 3 delTX to process.
2019-08-10 04:39:11,659 DEBUG block.SCMBlockDeletingService (SCMBlockDeletingService.java:call(171)) - Added delete block command for datanode 6c928baf-cc3b-4a10-9362-ff4e15dca71d in the queue, number of delete block transactions: 3, TxID list: 1,2,3
2019-08-10 04:39:11,659 INFO  block.SCMBlockDeletingService (SCMBlockDeletingService.java:call(182)) - Totally added 3 delete blocks command for 1 datanodes, task elapsed time: 1ms
2019-08-10 04:39:11,673 INFO  commands.RetriableDatanodeEventWatcher (RetriableDatanodeEventWatcher.java:onTimeout(47)) - RetriableDatanodeCommand type=deleteBlocksCommand with id=1565411942238 timed out. Retrying.
2019-08-10 04:39:11,692 INFO  commands.RetriableDatanodeEventWatcher (RetriableDatanodeEventWatcher.java:onTimeout(47)) - RetriableDatanodeCommand type=deleteBlocksCommand with id=1565411942248 timed out. Retrying.
2019-08-10 04:39:11,707 INFO  commands.RetriableDatanodeEventWatcher (RetriableDatanodeEventWatcher.java:onTimeout(47)) - RetriableDatanodeCommand type=deleteBlocksCommand with id=1565411942199 timed out. Retrying.
2019-08-10 04:39:11,716 INFO  commands.RetriableDatanodeEventWatcher (RetriableDatanodeEventWatcher.java:onTimeout(47)) - RetriableDatanodeCommand type=deleteBlocksCommand with id=1565411942258 timed out. Retrying.
2019-08-10 04:39:11,727 INFO  commands.RetriableDatanodeEventWatcher (RetriableDatanodeEventWatcher.java:onTimeout(47)) - RetriableDatanodeCommand type=deleteBlocksCommand with id=1565411942209 timed out. Retrying.
2019-08-10 04:39:11,731 INFO  commands.RetriableDatanodeEventWatcher (RetriableDatanodeEventWatcher.java:onTimeout(47)) - RetriableDatanodeCommand type=deleteBlocksCommand with id=1565411942268 timed out. Retrying.
2019-08-10 04:39:11,737 INFO  commands.RetriableDatanodeEventWatcher (RetriableDatanodeEventWatcher.java:onTimeout(47)) - RetriableDatanodeCommand type=deleteBlocksCommand with id=1565411942219 timed out. Retrying.
2019-08-10 04:39:11,746 INFO  commands.RetriableDatanodeEventWatcher (RetriableDatanodeEventWatcher.java:onTimeout(47)) - RetriableDatanodeCommand type=deleteBlocksCommand with id=1565411942278 timed out. Retrying.
2019-08-10 04:39:11,755 INFO  commands.RetriableDatanodeEventWatcher (RetriableDatanodeEventWatcher.java:onTimeout(47)) - RetriableDatanodeCommand type=deleteBlocksCommand with id=1565411942229 timed out. Retrying.
2019-08-10 04:39:11,760 DEBUG block.SCMBlockDeletingService (SCMBlockDeletingService.java:call(138)) - Running DeletedBlockTransactionScanner
2019-08-10 04:39:11,760 DEBUG block.SCMBlockDeletingService (SCMBlockDeletingService.java:call(155)) - Scanned deleted blocks log and got 3 delTX to process.
2019-08-10 04:39:11,760 DEBUG block.SCMBlockDeletingService (SCMBlockDeletingService.java:call(171)) - Added delete block command for datanode 6c928baf-cc3b-4a10-9362-ff4e15dca71d in the queue, number of delete block transactions: 3, TxID list: 1,2,3
2019-08-10 04:39:11,761 INFO  block.SCMBlockDeletingService (SCMBlockDeletingService.java:call(182)) - Totally added 3 delete blocks command for 1 datanodes, task elapsed time: 1ms
2019-08-10 04:39:11,775 INFO  commands.RetriableDatanodeEventWatcher (RetriableDatanodeEventWatcher.java:onTimeout(47)) - RetriableDatanodeCommand type=deleteBlocksCommand with id=1565411942239 timed out. Retrying.
2019-08-10 04:39:11,793 INFO  commands.RetriableDatanodeEventWatcher (RetriableDatanodeEventWatcher.java:onTimeout(47)) - RetriableDatanodeCommand type=deleteBlocksCommand with id=1565411942249 timed out. Retrying.
2019-08-10 04:39:11,815 INFO  commands.RetriableDatanodeEventWatcher (RetriableDatanodeEventWatcher.java:onTimeout(47)) - RetriableDatanodeCommand type=deleteBlocksCommand with id=1565411942200 timed out. Retrying.
2019-08-10 04:39:11,817 INFO  commands.RetriableDatanodeEventWatcher (RetriableDatanodeEventWatcher.java:onTimeout(47)) - RetriableDatanodeCommand type=deleteBlocksCommand with id=1565411942259 timed out. Retrying.
2019-08-10 04:39:11,826 INFO  commands.RetriableDatanodeEventWatcher (RetriableDatanodeEventWatcher.java:onTimeout(47)) - RetriableDatanodeCommand type=deleteBlocksCommand with id=1565411942210 timed out. Retrying.
2019-08-10 04:39:11,830 INFO  commands.RetriableDatanodeEventWatcher (RetriableDatanodeEventWatcher.java:onTimeout(47)) - RetriableDatanodeCommand type=deleteBlocksCommand with id=1565411942269 timed out. Retrying.
2019-08-10 04:39:11,845 INFO  commands.RetriableDatanodeEventWatcher (RetriableDatanodeEventWatcher.java:onTimeout(47)) - RetriableDatanodeCommand type=deleteBlocksCommand with id=1565411942220 timed out. Retrying.
2019-08-10 04:39:11,846 INFO  commands.RetriableDatanodeEventWatcher (RetriableDatanodeEventWatcher.java:onTimeout(47)) - RetriableDatanodeCommand type=deleteBlocksCommand with id=1565411942279 timed out. Retrying.
2019-08-10 04:39:11,859 INFO  commands.RetriableDatanodeEventWatcher (RetriableDatanodeEventWatcher.java:onTimeout(47)) - RetriableDatanodeCommand type=deleteBlocksCommand with id=1565411942230 timed out. Retrying.
2019-08-10 04:39:11,861 DEBUG block.SCMBlockDeletingService (SCMBlockDeletingService.java:call(138)) - Running DeletedBlockTransactionScanner
2019-08-10 04:39:11,861 DEBUG block.SCMBlockDeletingService (SCMBlockDeletingService.java:call(155)) - Scanned deleted blocks log and got 3 delTX to process.
2019-08-10 04:39:11,862 DEBUG block.SCMBlockDeletingService (SCMBlockDeletingService.java:call(171)) - Added delete block command for datanode 6c928baf-cc3b-4a10-9362-ff4e15dca71d in the queue, number of delete block transactions: 3, TxID list: 1,2,3
2019-08-10 04:39:11,862 INFO  block.SCMBlockDeletingService (SCMBlockDeletingService.java:call(182)) - Totally added 3 delete blocks command for 1 datanodes, task elapsed time: 1ms
2019-08-10 04:39:11,876 INFO  commands.RetriableDatanodeEventWatcher (RetriableDatanodeEventWatcher.java:onTimeout(47)) - RetriableDatanodeCommand type=deleteBlocksCommand with id=1565411942240 timed out. Retrying.
2019-08-10 04:39:11,897 INFO  commands.RetriableDatanodeEventWatcher (RetriableDatanodeEventWatcher.java:onTimeout(47)) - RetriableDatanodeCommand type=deleteBlocksCommand with id=1565411942250 timed out. Retrying.
2019-08-10 04:39:11,909 INFO  commands.RetriableDatanodeEventWatcher (RetriableDatanodeEventWatcher.java:onTimeout(47)) - RetriableDatanodeCommand type=deleteBlocksCommand with id=1565411942201 timed out. Retrying.
2019-08-10 04:39:11,919 INFO  commands.RetriableDatanodeEventWatcher (RetriableDatanodeEventWatcher.java:onTimeout(47)) - RetriableDatanodeCommand type=deleteBlocksCommand with id=1565411942260 timed out. Retrying.
2019-08-10 04:39:11,929 INFO  commands.RetriableDatanodeEventWatcher (RetriableDatanodeEventWatcher.java:onTimeout(47)) - RetriableDatanodeCommand type=deleteBlocksCommand with id=1565411942211 timed out. Retrying.
2019-08-10 04:39:11,934 INFO  commands.RetriableDatanodeEventWatcher (RetriableDatanodeEventWatcher.java:onTimeout(47)) - RetriableDatanodeCommand type=deleteBlocksCommand with id=1565411942270 timed out. Retrying.
2019-08-10 04:39:11,942 INFO  commands.RetriableDatanodeEventWatcher (RetriableDatanodeEventWatcher.java:onTimeout(47)) - RetriableDatanodeCommand type=deleteBlocksCommand with id=1565411942221 timed out. Retrying.
2019-08-10 04:39:11,949 INFO  commands.RetriableDatanodeEventWatcher (RetriableDatanodeEventWatcher.java:onTimeout(47)) - RetriableDatanodeCommand type=deleteBlocksCommand with id=1565411942280 timed out. Retrying.
2019-08-10 04:39:11,960 INFO  commands.RetriableDatanodeEventWatcher (RetriableDatanodeEventWatcher.java:onTimeout(47)) - RetriableDatanodeCommand type=deleteBlocksCommand with id=1565411942231 timed out. Retrying.
2019-08-10 04:39:11,962 DEBUG block.SCMBlockDeletingService (SCMBlockDeletingService.java:call(138)) - Running DeletedBlockTransactionScanner
2019-08-10 04:39:11,963 DEBUG block.SCMBlockDeletingService (SCMBlockDeletingService.java:call(155)) - Scanned deleted blocks log and got 3 delTX to process.
2019-08-10 04:39:11,963 DEBUG block.SCMBlockDeletingService (SCMBlockDeletingService.java:call(171)) - Added delete block command for datanode 6c928baf-cc3b-4a10-9362-ff4e15dca71d in the queue, number of delete block transactions: 3, TxID list: 1,2,3
2019-08-10 04:39:11,964 INFO  block.SCMBlockDeletingService (SCMBlockDeletingService.java:call(182)) - Totally added 3 delete blocks command for 1 datanodes, task elapsed time: 1ms
2019-08-10 04:39:11,976 INFO  commands.RetriableDatanodeEventWatcher (RetriableDatanodeEventWatcher.java:onTimeout(47)) - RetriableDatanodeCommand type=deleteBlocksCommand with id=1565411942241 timed out. Retrying.
2019-08-10 04:39:12,005 INFO  commands.RetriableDatanodeEventWatcher (RetriableDatanodeEventWatcher.java:onTimeout(47)) - RetriableDatanodeCommand type=deleteBlocksCommand with id=1565411942251 timed out. Retrying.
2019-08-10 04:39:12,015 INFO  commands.RetriableDatanodeEventWatcher (RetriableDatanodeEventWatcher.java:onTimeout(47)) - RetriableDatanodeCommand type=deleteBlocksCommand with id=1565411942202 timed out. Retrying.
2019-08-10 04:39:12,020 INFO  commands.RetriableDatanodeEventWatcher (RetriableDatanodeEventWatcher.java:onTimeout(47)) - RetriableDatanodeCommand type=deleteBlocksCommand with id=1565411942261 timed out. Retrying.
2019-08-10 04:39:12,032 INFO  commands.RetriableDatanodeEventWatcher (RetriableDatanodeEventWatcher.java:onTimeout(47)) - RetriableDatanodeCommand type=deleteBlocksCommand with id=1565411942212 timed out. Retrying.
2019-08-10 04:39:12,035 INFO  commands.RetriableDatanodeEventWatcher (RetriableDatanodeEventWatcher.java:onTimeout(47)) - RetriableDatanodeCommand type=deleteBlocksCommand with id=1565411942271 timed out. Retrying.
2019-08-10 04:39:12,046 INFO  commands.RetriableDatanodeEventWatcher (RetriableDatanodeEventWatcher.java:onTimeout(47)) - RetriableDatanodeCommand type=deleteBlocksCommand with id=1565411942222 timed out. Retrying.
2019-08-10 04:39:12,049 INFO  commands.RetriableDatanodeEventWatcher (RetriableDatanodeEventWatcher.java:onTimeout(47)) - RetriableDatanodeCommand type=deleteBlocksCommand with id=1565411942281 timed out. Retrying.
2019-08-10 04:39:12,063 INFO  commands.RetriableDatanodeEventWatcher (RetriableDatanodeEventWatcher.java:onTimeout(47)) - RetriableDatanodeCommand type=deleteBlocksCommand with id=1565411942232 timed out. Retrying.
2019-08-10 04:39:12,064 DEBUG block.SCMBlockDeletingService (SCMBlockDeletingService.java:call(138)) - Running DeletedBlockTransactionScanner
2019-08-10 04:39:12,064 DEBUG block.SCMBlockDeletingService (SCMBlockDeletingService.java:call(155)) - Scanned deleted blocks log and got 3 delTX to process.
2019-08-10 04:39:12,065 DEBUG block.SCMBlockDeletingService (SCMBlockDeletingService.java:call(171)) - Added delete block command for datanode 6c928baf-cc3b-4a10-9362-ff4e15dca71d in the queue, number of delete block transactions: 3, TxID list: 1,2,3
2019-08-10 04:39:12,065 INFO  block.SCMBlockDeletingService (SCMBlockDeletingService.java:call(182)) - Totally added 3 delete blocks command for 1 datanodes, task elapsed time: 1ms
2019-08-10 04:39:12,080 INFO  commands.RetriableDatanodeEventWatcher (RetriableDatanodeEventWatcher.java:onTimeout(47)) - RetriableDatanodeCommand type=deleteBlocksCommand with id=1565411942242 timed out. Retrying.
2019-08-10 04:39:12,106 INFO  commands.RetriableDatanodeEventWatcher (RetriableDatanodeEventWatcher.java:onTimeout(47)) - RetriableDatanodeCommand type=deleteBlocksCommand with id=1565411942252 timed out. Retrying.
2019-08-10 04:39:12,117 INFO  commands.RetriableDatanodeEventWatcher (RetriableDatanodeEventWatcher.java:onTimeout(47)) - RetriableDatanodeCommand type=deleteBlocksCommand with id=1565411942203 timed out. Retrying.
2019-08-10 04:39:12,121 INFO  commands.RetriableDatanodeEventWatcher (RetriableDatanodeEventWatcher.java:onTimeout(47)) - RetriableDatanodeCommand type=deleteBlocksCommand with id=1565411942262 timed out. Retrying.
2019-08-10 04:39:12,134 INFO  commands.RetriableDatanodeEventWatcher (RetriableDatanodeEventWatcher.java:onTimeout(47)) - RetriableDatanodeCommand type=deleteBlocksCommand with id=1565411942213 timed out. Retrying.
2019-08-10 04:39:12,136 INFO  commands.RetriableDatanodeEventWatcher (RetriableDatanodeEventWatcher.java:onTimeout(47)) - RetriableDatanodeCommand type=deleteBlocksCommand with id=1565411942272 timed out. Retrying.
2019-08-10 04:39:12,146 INFO  commands.RetriableDatanodeEventWatcher (RetriableDatanodeEventWatcher.java:onTimeout(47)) - RetriableDatanodeCommand type=deleteBlocksCommand with id=1565411942223 timed out. Retrying.
2019-08-10 04:39:12,151 INFO  commands.RetriableDatanodeEventWatcher (RetriableDatanodeEventWatcher.java:onTimeout(47)) - RetriableDatanodeCommand type=deleteBlocksCommand with id=1565411942282 timed out. Retrying.
2019-08-10 04:39:12,165 INFO  commands.RetriableDatanodeEventWatcher (RetriableDatanodeEventWatcher.java:onTimeout(47)) - RetriableDatanodeCommand type=deleteBlocksCommand with id=1565411942233 timed out. Retrying.
2019-08-10 04:39:12,165 DEBUG block.SCMBlockDeletingService (SCMBlockDeletingService.java:call(138)) - Running DeletedBlockTransactionScanner
2019-08-10 04:39:12,166 DEBUG block.SCMBlockDeletingService (SCMBlockDeletingService.java:call(155)) - Scanned deleted blocks log and got 3 delTX to process.
2019-08-10 04:39:12,166 DEBUG block.SCMBlockDeletingService (SCMBlockDeletingService.java:call(171)) - Added delete block command for datanode 6c928baf-cc3b-4a10-9362-ff4e15dca71d in the queue, number of delete block transactions: 3, TxID list: 1,2,3
2019-08-10 04:39:12,166 INFO  block.SCMBlockDeletingService (SCMBlockDeletingService.java:call(182)) - Totally added 3 delete blocks command for 1 datanodes, task elapsed time: 1ms
2019-08-10 04:39:12,182 INFO  commands.RetriableDatanodeEventWatcher (RetriableDatanodeEventWatcher.java:onTimeout(47)) - RetriableDatanodeCommand type=deleteBlocksCommand with id=1565411942243 timed out. Retrying.
2019-08-10 04:39:12,204 INFO  commands.RetriableDatanodeEventWatcher (RetriableDatanodeEventWatcher.java:onTimeout(47)) - RetriableDatanodeCommand type=deleteBlocksCommand with id=1565411942194 timed out. Retrying.
2019-08-10 04:39:12,208 INFO  commands.RetriableDatanodeEventWatcher (RetriableDatanodeEventWatcher.java:onTimeout(47)) - RetriableDatanodeCommand type=deleteBlocksCommand with id=1565411942253 timed out. Retrying.
2019-08-10 04:39:12,218 INFO  commands.RetriableDatanodeEventWatcher (RetriableDatanodeEventWatcher.java:onTimeout(47)) - RetriableDatanodeCommand type=deleteBlocksCommand with id=1565411942204 timed out. Retrying.
2019-08-10 04:39:12,223 INFO  commands.RetriableDatanodeEventWatcher (RetriableDatanodeEventWatcher.java:onTimeout(47)) - RetriableDatanodeCommand type=deleteBlocksCommand with id=1565411942263 timed out. Retrying.
2019-08-10 04:39:12,233 INFO  commands.RetriableDatanodeEventWatcher (RetriableDatanodeEventWatcher.java:onTimeout(47)) - RetriableDatanodeCommand type=deleteBlocksCommand with id=1565411942214 timed out. Retrying.
2019-08-10 04:39:12,238 INFO  commands.RetriableDatanodeEventWatcher (RetriableDatanodeEventWatcher.java:onTimeout(47)) - RetriableDatanodeCommand type=deleteBlocksCommand with id=1565411942273 timed out. Retrying.
2019-08-10 04:39:12,242 INFO  ozone.MiniOzoneClusterImpl (MiniOzoneClusterImpl.java:lambda$waitForClusterToBeReady$0(142)) - Waiting for cluster to be ready. Got 0 of 1 DN Heartbeats.
2019-08-10 04:39:12,248 INFO  block.SCMBlockDeletingService (SCMBlockDeletingService.java:handlePendingDeletes(115)) - Block deletion txnID mismatch in datanode 6c928baf-cc3b-4a10-9362-ff4e15dca71d for containerID 1. Datanode delete txnID: 0, SCM txnID: 1
2019-08-10 04:39:12,248 INFO  block.SCMBlockDeletingService (SCMBlockDeletingService.java:handlePendingDeletes(115)) - Block deletion txnID mismatch in datanode 6c928baf-cc3b-4a10-9362-ff4e15dca71d for containerID 2. Datanode delete txnID: 0, SCM txnID: 2
2019-08-10 04:39:12,248 INFO  block.SCMBlockDeletingService (SCMBlockDeletingService.java:handlePendingDeletes(115)) - Block deletion txnID mismatch in datanode 6c928baf-cc3b-4a10-9362-ff4e15dca71d for containerID 3. Datanode delete txnID: 0, SCM txnID: 3
2019-08-10 04:39:12,250 INFO  commands.RetriableDatanodeEventWatcher (RetriableDatanodeEventWatcher.java:onTimeout(47)) - RetriableDatanodeCommand type=deleteBlocksCommand with id=1565411942224 timed out. Retrying.
2019-08-10 04:39:12,252 INFO  commands.RetriableDatanodeEventWatcher (RetriableDatanodeEventWatcher.java:onTimeout(47)) - RetriableDatanodeCommand type=deleteBlocksCommand with id=1565411942283 timed out. Retrying.
2019-08-10 04:39:12,264 INFO  commands.RetriableDatanodeEventWatcher (RetriableDatanodeEventWatcher.java:onTimeout(47)) - RetriableDatanodeCommand type=deleteBlocksCommand with id=1565411942234 timed out. Retrying.
2019-08-10 04:39:12,267 DEBUG block.SCMBlockDeletingService (SCMBlockDeletingService.java:call(138)) - Running DeletedBlockTransactionScanner
2019-08-10 04:39:12,267 DEBUG block.SCMBlockDeletingService (SCMBlockDeletingService.java:call(155)) - Scanned deleted blocks log and got 3 delTX to process.
2019-08-10 04:39:12,267 DEBUG block.SCMBlockDeletingService (SCMBlockDeletingService.java:call(171)) - Added delete block command for datanode 6c928baf-cc3b-4a10-9362-ff4e15dca71d in the queue, number of delete block transactions: 3, TxID list: 1,2,3
2019-08-10 04:39:12,268 INFO  block.SCMBlockDeletingService (SCMBlockDeletingService.java:call(182)) - Totally added 3 delete blocks command for 1 datanodes, task elapsed time: 2ms
2019-08-10 04:39:12,287 INFO  commands.RetriableDatanodeEventWatcher (RetriableDatanodeEventWatcher.java:onTimeout(47)) - RetriableDatanodeCommand type=deleteBlocksCommand with id=1565411942244 timed out. Retrying.
2019-08-10 04:39:12,307 INFO  commands.RetriableDatanodeEventWatcher (RetriableDatanodeEventWatcher.java:onTimeout(47)) - RetriableDatanodeCommand type=deleteBlocksCommand with id=1565411942195 timed out. Retrying.
2019-08-10 04:39:12,309 INFO  commands.RetriableDatanodeEventWatcher (RetriableDatanodeEventWatcher.java:onTimeout(47)) - RetriableDatanodeCommand type=deleteBlocksCommand with id=1565411942254 timed out. Retrying.
2019-08-10 04:39:12,318 INFO  commands.RetriableDatanodeEventWatcher (RetriableDatanodeEventWatcher.java:onTimeout(47)) - RetriableDatanodeCommand type=deleteBlocksCommand with id=1565411942205 timed out. Retrying.
2019-08-10 04:39:12,325 INFO  commands.RetriableDatanodeEventWatcher (RetriableDatanodeEventWatcher.java:onTimeout(47)) - RetriableDatanodeCommand type=deleteBlocksCommand with id=1565411942264 timed out. Retrying.
2019-08-10 04:39:12,335 INFO  commands.RetriableDatanodeEventWatcher (RetriableDatanodeEventWatcher.java:onTimeout(47)) - RetriableDatanodeCommand type=deleteBlocksCommand with id=1565411942215 timed out. Retrying.
2019-08-10 04:39:12,340 INFO  commands.RetriableDatanodeEventWatcher (RetriableDatanodeEventWatcher.java:onTimeout(47)) - RetriableDatanodeCommand type=deleteBlocksCommand with id=1565411942274 timed out. Retrying.
2019-08-10 04:39:12,351 INFO  commands.RetriableDatanodeEventWatcher (RetriableDatanodeEventWatcher.java:onTimeout(47)) - RetriableDatanodeCommand type=deleteBlocksCommand with id=1565411942225 timed out. Retrying.
2019-08-10 04:39:12,355 INFO  commands.RetriableDatanodeEventWatcher (RetriableDatanodeEventWatcher.java:onTimeout(47)) - RetriableDatanodeCommand type=deleteBlocksCommand with id=1565411942284 timed out. Retrying.
2019-08-10 04:39:12,368 DEBUG block.SCMBlockDeletingService (RetriableDatanodeEventWatcher.java:onTimeout(47)) - RetriableDatanodeCommand type=deleteBlocksCommand with id=1565411942235 timed out. Retrying.
SCMBlockDeletingService.java:call(138)) - Running DeletedBlockTransactionScanner
2019-08-10 04:39:12,368 INFO  commands.RetriableDatanodeEventWatcher (RetriableDatanodeEventWatcher.java:onTimeout(47)) - RetriableDatanodeCommand type=deleteBlocksCommand with id=1565411942235 timed out. Retrying.
2019-08-10 04:39:12,369 DEBUG block.SCMBlockDeletingService (SCMBlockDeletingService.java:call(155)) - Scanned deleted blocks log and got 3 delTX to process.
2019-08-10 04:39:12,369 DEBUG block.SCMBlockDeletingService (SCMBlockDeletingService.java:call(171)) - Added delete block command for datanode 6c928baf-cc3b-4a10-9362-ff4e15dca71d in the queue, number of delete block transactions: 3, TxID list: 1,2,3
2019-08-10 04:39:12,369 INFO  block.SCMBlockDeletingService (SCMBlockDeletingService.java:call(182)) - Totally added 3 delete blocks command for 1 datanodes, task elapsed time: 1ms
2019-08-10 04:39:12,387 INFO  commands.RetriableDatanodeEventWatcher (RetriableDatanodeEventWatcher.java:onTimeout(47)) - RetriableDatanodeCommand type=deleteBlocksCommand with id=1565411942245 timed out. Retrying.
2019-08-10 04:39:12,405 INFO  commands.RetriableDatanodeEventWatcher (RetriableDatanodeEventWatcher.java:onTimeout(47)) - RetriableDatanodeCommand type=deleteBlocksCommand with id=1565411942196 timed out. Retrying.
2019-08-10 04:39:12,411 INFO  commands.RetriableDatanodeEventWatcher (RetriableDatanodeEventWatcher.java:onTimeout(47)) - RetriableDatanodeCommand type=deleteBlocksCommand with id=1565411942255 timed out. Retrying.
2019-08-10 04:39:12,422 INFO  commands.RetriableDatanodeEventWatcher (RetriableDatanodeEventWatcher.java:onTimeout(47)) - RetriableDatanodeCommand type=deleteBlocksCommand with id=1565411942206 timed out. Retrying.
2019-08-10 04:39:12,426 INFO  commands.RetriableDatanodeEventWatcher (RetriableDatanodeEventWatcher.java:onTimeout(47)) - RetriableDatanodeCommand type=deleteBlocksCommand with id=1565411942265 timed out. Retrying.
2019-08-10 04:39:12,434 INFO  commands.RetriableDatanodeEventWatcher (RetriableDatanodeEventWatcher.java:onTimeout(47)) - RetriableDatanodeCommand type=deleteBlocksCommand with id=1565411942216 timed out. Retrying.
2019-08-10 04:39:12,441 INFO  commands.RetriableDatanodeEventWatcher (RetriableDatanodeEventWatcher.java:onTimeout(47)) - RetriableDatanodeCommand type=deleteBlocksCommand with id=1565411942275 timed out. Retrying.
2019-08-10 04:39:12,453 INFO  commands.RetriableDatanodeEventWatcher (RetriableDatanodeEventWatcher.java:onTimeout(47)) - RetriableDatanodeCommand type=deleteBlocksCommand with id=1565411942226 timed out. Retrying.
2019-08-10 04:39:12,456 INFO  commands.RetriableDatanodeEventWatcher (RetriableDatanodeEventWatcher.java:onTimeout(47)) - RetriableDatanodeCommand type=deleteBlocksCommand with id=1565411942285 timed out. Retrying.
2019-08-10 04:39:12,469 INFO  commands.RetriableDatanodeEventWatcher (RetriableDatanodeEventWatcher.java:onTimeout(47)) - RetriableDatanodeCommand type=deleteBlocksCommand with id=1565411942236 timed out. Retrying.
2019-08-10 04:39:12,470 DEBUG block.SCMBlockDeletingService (SCMBlockDeletingService.java:call(138)) - Running DeletedBlockTransactionScanner
2019-08-10 04:39:12,470 DEBUG block.SCMBlockDeletingService (SCMBlockDeletingService.java:call(155)) - Scanned deleted blocks log and got 3 delTX to process.
2019-08-10 04:39:12,470 DEBUG block.SCMBlockDeletingService (SCMBlockDeletingService.java:call(171)) - Added delete block command for datanode 6c928baf-cc3b-4a10-9362-ff4e15dca71d in the queue, number of delete block transactions: 3, TxID list: 1,2,3
2019-08-10 04:39:12,471 INFO  block.SCMBlockDeletingService (SCMBlockDeletingService.java:call(182)) - Totally added 3 delete blocks command for 1 datanodes, task elapsed time: 1ms
2019-08-10 04:39:12,492 INFO  commands.RetriableDatanodeEventWatcher (RetriableDatanodeEventWatcher.java:onTimeout(47)) - RetriableDatanodeCommand type=deleteBlocksCommand with id=1565411942246 timed out. Retrying.
2019-08-10 04:39:12,506 INFO  commands.RetriableDatanodeEventWatcher (RetriableDatanodeEventWatcher.java:onTimeout(47)) - RetriableDatanodeCommand type=deleteBlocksCommand with id=1565411942197 timed out. Retrying.
2019-08-10 04:39:12,514 INFO  commands.RetriableDatanodeEventWatcher (RetriableDatanodeEventWatcher.java:onTimeout(47)) - RetriableDatanodeCommand type=deleteBlocksCommand with id=1565411942256 timed out. Retrying.
2019-08-10 04:39:12,522 INFO  commands.RetriableDatanodeEventWatcher (RetriableDatanodeEventWatcher.java:onTimeout(47)) - RetriableDatanodeCommand type=deleteBlocksCommand with id=1565411942207 timed out. Retrying.
2019-08-10 04:39:12,528 INFO  commands.RetriableDatanodeEventWatcher (RetriableDatanodeEventWatcher.java:onTimeout(47)) - RetriableDatanodeCommand type=deleteBlocksCommand with id=1565411942266 timed out. Retrying.
2019-08-10 04:39:12,535 INFO  commands.RetriableDatanodeEventWatcher (RetriableDatanodeEventWatcher.java:onTimeout(47)) - RetriableDatanodeCommand type=deleteBlocksCommand with id=1565411942217 timed out. Retrying.
2019-08-10 04:39:12,544 INFO  commands.RetriableDatanodeEventWatcher (RetriableDatanodeEventWatcher.java:onTimeout(47)) - RetriableDatanodeCommand type=deleteBlocksCommand with id=1565411942276 timed out. Retrying.
2019-08-10 04:39:12,553 INFO  commands.RetriableDatanodeEventWatcher (RetriableDatanodeEventWatcher.java:onTimeout(47)) - RetriableDatanodeCommand type=deleteBlocksCommand with id=1565411942227 timed out. Retrying.
2019-08-10 04:39:12,558 INFO  commands.RetriableDatanodeEventWatcher (RetriableDatanodeEventWatcher.java:onTimeout(47)) - RetriableDatanodeCommand type=deleteBlocksCommand with id=1565411942286 timed out. Retrying.
2019-08-10 04:39:12,569 INFO  commands.RetriableDatanodeEventWatcher (RetriableDatanodeEventWatcher.java:onTimeout(47)) - RetriableDatanodeCommand type=deleteBlocksCommand with id=1565411942237 timed out. Retrying.
2019-08-10 04:39:12,571 DEBUG block.SCMBlockDeletingService (SCMBlockDeletingService.java:call(138)) - Running DeletedBlockTransactionScanner
2019-08-10 04:39:12,572 DEBUG block.SCMBlockDeletingService (SCMBlockDeletingService.java:call(155)) - Scanned deleted blocks log and got 3 delTX to process.
2019-08-10 04:39:12,572 DEBUG block.SCMBlockDeletingService (SCMBlockDeletingService.java:call(171)) - Added delete block command for datanode 6c928baf-cc3b-4a10-9362-ff4e15dca71d in the queue, number of delete block transactions: 3, TxID list: 1,2,3
2019-08-10 04:39:12,572 INFO  block.SCMBlockDeletingService (SCMBlockDeletingService.java:call(182)) - Totally added 3 delete blocks command for 1 datanodes, task elapsed time: 1ms
2019-08-10 04:39:12,591 INFO  commands.RetriableDatanodeEventWatcher (RetriableDatanodeEventWatcher.java:onTimeout(47)) - RetriableDatanodeCommand type=deleteBlocksCommand with id=1565411942247 timed out. Retrying.
2019-08-10 04:39:12,608 INFO  commands.RetriableDatanodeEventWatcher (RetriableDatanodeEventWatcher.java:onTimeout(47)) - RetriableDatanodeCommand type=deleteBlocksCommand with id=1565411942198 timed out. Retrying.
2019-08-10 04:39:12,614 INFO  commands.RetriableDatanodeEventWatcher (RetriableDatanodeEventWatcher.java:onTimeout(47)) - RetriableDatanodeCommand type=deleteBlocksCommand with id=1565411942257 timed out. Retrying.
2019-08-10 04:39:12,625 INFO  commands.RetriableDatanodeEventWatcher (RetriableDatanodeEventWatcher.java:onTimeout(47)) - RetriableDatanodeCommand type=deleteBlocksCommand with id=1565411942208 timed out. Retrying.
2019-08-10 04:39:12,627 INFO  commands.RetriableDatanodeEventWatcher (RetriableDatanodeEventWatcher.java:onTimeout(47)) - RetriableDatanodeCommand type=deleteBlocksCommand with id=1565411942267 timed out. Retrying.
2019-08-10 04:39:12,643 INFO  commands.RetriableDatanodeEventWatcher (RetriableDatanodeEventWatcher.java:onTimeout(47)) - RetriableDatanodeCommand type=deleteBlocksCommand with id=1565411942218 timed out. Retrying.
2019-08-10 04:39:12,643 INFO  commands.RetriableDatanodeEventWatcher (RetriableDatanodeEventWatcher.java:onTimeout(47)) - RetriableDatanodeCommand type=deleteBlocksCommand with id=1565411942277 timed out. Retrying.
2019-08-10 04:39:12,655 INFO  commands.RetriableDatanodeEventWatcher (RetriableDatanodeEventWatcher.java:onTimeout(47)) - RetriableDatanodeCommand type=deleteBlocksCommand with id=1565411942228 timed out. Retrying.
2019-08-10 04:39:12,658 INFO  commands.RetriableDatanodeEventWatcher (RetriableDatanodeEventWatcher.java:onTimeout(47)) - RetriableDatanodeCommand type=deleteBlocksCommand with id=1565411942287 timed out. Retrying.
2019-08-10 04:39:12,673 DEBUG block.SCMBlockDeletingService (SCMBlockDeletingService.java:call(138)) - Running DeletedBlockTransactionScanner
2019-08-10 04:39:12,673 DEBUG block.SCMBlockDeletingService (SCMBlockDeletingService.java:call(155)) - Scanned deleted blocks log and got 3 delTX to process.
2019-08-10 04:39:12,673 DEBUG block.SCMBlockDeletingService (SCMBlockDeletingService.java:call(171)) - Added delete block command for datanode 6c928baf-cc3b-4a10-9362-ff4e15dca71d in the queue, number of delete block transactions: 3, TxID list: 1,2,3
2019-08-10 04:39:12,673 INFO  commands.RetriableDatanodeEventWatcher (RetriableDatanodeEventWatcher.java:onTimeout(47)) - RetriableDatanodeCommand type=deleteBlocksCommand with id=1565411942238 timed out. Retrying.
2019-08-10 04:39:12,674 INFO  block.SCMBlockDeletingService (SCMBlockDeletingService.java:call(182)) - Totally added 3 delete blocks command for 1 datanodes, task elapsed time: 1ms
2019-08-10 04:39:12,692 INFO  commands.RetriableDatanodeEventWatcher (RetriableDatanodeEventWatcher.java:onTimeout(47)) - RetriableDatanodeCommand type=deleteBlocksCommand with id=1565411942248 timed out. Retrying.
2019-08-10 04:39:12,708 INFO  commands.RetriableDatanodeEventWatcher (RetriableDatanodeEventWatcher.java:onTimeout(47)) - RetriableDatanodeCommand type=deleteBlocksCommand with id=1565411942199 timed out. Retrying.
2019-08-10 04:39:12,716 INFO  commands.RetriableDatanodeEventWatcher (RetriableDatanodeEventWatcher.java:onTimeout(47)) - RetriableDatanodeCommand type=deleteBlocksCommand with id=1565411942258 timed out. Retrying.
2019-08-10 04:39:12,728 INFO  commands.RetriableDatanodeEventWatcher (RetriableDatanodeEventWatcher.java:onTimeout(47)) - RetriableDatanodeCommand type=deleteBlocksCommand with id=1565411942209 timed out. Retrying.
2019-08-10 04:39:12,731 INFO  commands.RetriableDatanodeEventWatcher (RetriableDatanodeEventWatcher.java:onTimeout(47)) - RetriableDatanodeCommand type=deleteBlocksCommand with id=1565411942268 timed out. Retrying.
2019-08-10 04:39:12,738 INFO  commands.RetriableDatanodeEventWatcher (RetriableDatanodeEventWatcher.java:onTimeout(47)) - RetriableDatanodeCommand type=deleteBlocksCommand with id=1565411942219 timed out. Retrying.
2019-08-10 04:39:12,746 INFO  commands.RetriableDatanodeEventWatcher (RetriableDatanodeEventWatcher.java:onTimeout(47)) - RetriableDatanodeCommand type=deleteBlocksCommand with id=1565411942278 timed out. Retrying.
2019-08-10 04:39:12,756 INFO  commands.RetriableDatanodeEventWatcher (RetriableDatanodeEventWatcher.java:onTimeout(47)) - RetriableDatanodeCommand type=deleteBlocksCommand with id=1565411942229 timed out. Retrying.
2019-08-10 04:39:12,760 INFO  commands.RetriableDatanodeEventWatcher (RetriableDatanodeEventWatcher.java:onTimeout(47)) - RetriableDatanodeCommand type=deleteBlocksCommand with id=1565411942288 timed out. Retrying.
2019-08-10 04:39:12,774 DEBUG block.SCMBlockDeletingService (SCMBlockDeletingService.java:call(138)) - Running DeletedBlockTransactionScanner
2019-08-10 04:39:12,775 INFO  commands.RetriableDatanodeEventWatcher (SCMBlockDeletingService.java:call(155)) - Scanned deleted blocks log and got 3 delTX to process.
2019-08-10 04:39:12,775 INFO  commands.RetriableDatanodeEventWatcher (RetriableDatanodeEventWatcher.java:onTimeout(47)) - RetriableDatanodeCommand type=deleteBlocksCommand with id=1565411942239 timed out. Retrying.
2019-08-10 04:39:12,775 DEBUG block.SCMBlockDeletingService (SCMBlockDeletingService.java:call(171)) - Added delete block command for datanode 6c928baf-cc3b-4a10-9362-ff4e15dca71d in the queue, number of delete block transactions: 3, TxID list: 1,2,3
2019-08-10 04:39:12,775 INFO  block.SCMBlockDeletingService (SCMBlockDeletingService.java:call(182)) - Totally added 3 delete blocks command for 1 datanodes, task elapsed time: 1ms
2019-08-10 04:39:12,794 INFO  commands.RetriableDatanodeEventWatcher (RetriableDatanodeEventWatcher.java:onTimeout(47)) - RetriableDatanodeCommand type=deleteBlocksCommand with id=1565411942249 timed out. Retrying.
2019-08-10 04:39:12,815 INFO  commands.RetriableDatanodeEventWatcher (RetriableDatanodeEventWatcher.java:onTimeout(47)) - RetriableDatanodeCommand type=deleteBlocksCommand with id=1565411942200 timed out. Retrying.
2019-08-10 04:39:12,817 INFO  commands.RetriableDatanodeEventWatcher (RetriableDatanodeEventWatcher.java:onTimeout(47)) - RetriableDatanodeCommand type=deleteBlocksCommand with id=1565411942259 timed out. Retrying.
2019-08-10 04:39:12,827 INFO  commands.RetriableDatanodeEventWatcher (RetriableDatanodeEventWatcher.java:onTimeout(47)) - RetriableDatanodeCommand type=deleteBlocksCommand with id=1565411942210 timed out. Retrying.
2019-08-10 04:39:12,830 INFO  commands.RetriableDatanodeEventWatcher (RetriableDatanodeEventWatcher.java:onTimeout(47)) - RetriableDatanodeCommand type=deleteBlocksCommand with id=1565411942269 timed out. Retrying.
2019-08-10 04:39:12,846 INFO  commands.RetriableDatanodeEventWatcher (RetriableDatanodeEventWatcher.java:onTimeout(47)) - RetriableDatanodeCommand type=deleteBlocksCommand with id=1565411942220 timed out. Retrying.
2019-08-10 04:39:12,846 INFO  commands.RetriableDatanodeEventWatcher (RetriableDatanodeEventWatcher.java:onTimeout(47)) - RetriableDatanodeCommand type=deleteBlocksCommand with id=1565411942279 timed out. Retrying.
2019-08-10 04:39:12,860 INFO  commands.RetriableDatanodeEventWatcher (RetriableDatanodeEventWatcher.java:onTimeout(47)) - RetriableDatanodeCommand type=deleteBlocksCommand with id=1565411942230 timed out. Retrying.
2019-08-10 04:39:12,861 INFO  commands.RetriableDatanodeEventWatcher (RetriableDatanodeEventWatcher.java:onTimeout(47)) - RetriableDatanodeCommand type=deleteBlocksCommand with id=1565411942289 timed out. Retrying.
2019-08-10 04:39:12,876 DEBUG block.SCMBlockDeletingService (SCMBlockDeletingService.java:call(138)) - Running DeletedBlockTransactionScanner
2019-08-10 04:39:12,876 DEBUG block.SCMBlockDeletingService (SCMBlockDeletingService.java:call(155)) - Scanned deleted blocks log and got 3 delTX to process.
2019-08-10 04:39:12,876 DEBUG block.SCMBlockDeletingService (SCMBlockDeletingService.java:call(171)) - Added delete block command for datanode 6c928baf-cc3b-4a10-9362-ff4e15dca71d in the queue, number of delete block transactions: 3, TxID list: 1,2,3
2019-08-10 04:39:12,876 INFO  commands.RetriableDatanodeEventWatcher (RetriableDatanodeEventWatcher.java:onTimeout(47)) - RetriableDatanodeCommand type=deleteBlocksCommand with id=1565411942240 timed out. Retrying.
2019-08-10 04:39:12,877 INFO  block.SCMBlockDeletingService (SCMBlockDeletingService.java:call(182)) - Totally added 3 delete blocks command for 1 datanodes, task elapsed time: 1ms
2019-08-10 04:39:12,897 INFO  commands.RetriableDatanodeEventWatcher (RetriableDatanodeEventWatcher.java:onTimeout(47)) - RetriableDatanodeCommand type=deleteBlocksCommand with id=1565411942250 timed out. Retrying.
2019-08-10 04:39:12,909 INFO  commands.RetriableDatanodeEventWatcher (RetriableDatanodeEventWatcher.java:onTimeout(47)) - RetriableDatanodeCommand type=deleteBlocksCommand with id=1565411942201 timed out. Retrying.
2019-08-10 04:39:12,920 INFO  commands.RetriableDatanodeEventWatcher (RetriableDatanodeEventWatcher.java:onTimeout(47)) - RetriableDatanodeCommand type=deleteBlocksCommand with id=1565411942260 timed out. Retrying.
2019-08-10 04:39:12,930 INFO  commands.RetriableDatanodeEventWatcher (RetriableDatanodeEventWatcher.java:onTimeout(47)) - RetriableDatanodeCommand type=deleteBlocksCommand with id=1565411942211 timed out. Retrying.
2019-08-10 04:39:12,934 INFO  commands.RetriableDatanodeEventWatcher (RetriableDatanodeEventWatcher.java:onTimeout(47)) - RetriableDatanodeCommand type=deleteBlocksCommand with id=1565411942270 timed out. Retrying.
2019-08-10 04:39:12,943 INFO  commands.RetriableDatanodeEventWatcher (RetriableDatanodeEventWatcher.java:onTimeout(47)) - RetriableDatanodeCommand type=deleteBlocksCommand with id=1565411942221 timed out. Retrying.
2019-08-10 04:39:12,949 INFO  commands.RetriableDatanodeEventWatcher (RetriableDatanodeEventWatcher.java:onTimeout(47)) - RetriableDatanodeCommand type=deleteBlocksCommand with id=1565411942280 timed out. Retrying.
2019-08-10 04:39:12,961 INFO  commands.RetriableDatanodeEventWatcher (RetriableDatanodeEventWatcher.java:onTimeout(47)) - RetriableDatanodeCommand type=deleteBlocksCommand with id=1565411942231 timed out. Retrying.
2019-08-10 04:39:12,963 INFO  commands.RetriableDatanodeEventWatcher (RetriableDatanodeEventWatcher.java:onTimeout(47)) - RetriableDatanodeCommand type=deleteBlocksCommand with id=1565411942290 timed out. Retrying.
2019-08-10 04:39:12,977 INFO  commands.RetriableDatanodeEventWatcher (RetriableDatanodeEventWatcher.java:onTimeout(47)) - RetriableDatanodeCommand type=deleteBlocksCommand with id=1565411942241 timed out. Retrying.
2019-08-10 04:39:12,977 DEBUG block.SCMBlockDeletingService (SCMBlockDeletingService.java:call(138)) - Running DeletedBlockTransactionScanner
2019-08-10 04:39:12,977 DEBUG block.SCMBlockDeletingService (SCMBlockDeletingService.java:call(155)) - Scanned deleted blocks log and got 3 delTX to process.
2019-08-10 04:39:12,978 DEBUG block.SCMBlockDeletingService (SCMBlockDeletingService.java:call(171)) - Added delete block command for datanode 6c928baf-cc3b-4a10-9362-ff4e15dca71d in the queue, number of delete block transactions: 3, TxID list: 1,2,3
2019-08-10 04:39:12,978 INFO  block.SCMBlockDeletingService (SCMBlockDeletingService.java:call(182)) - Totally added 3 delete blocks command for 1 datanodes, task elapsed time: 1ms
2019-08-10 04:39:13,006 INFO  commands.RetriableDatanodeEventWatcher (RetriableDatanodeEventWatcher.java:onTimeout(47)) - RetriableDatanodeCommand type=deleteBlocksCommand with id=1565411942251 timed out. Retrying.
2019-08-10 04:39:13,015 INFO  commands.RetriableDatanodeEventWatcher (RetriableDatanodeEventWatcher.java:onTimeout(47)) - RetriableDatanodeCommand type=deleteBlocksCommand with id=1565411942202 timed out. Retrying.
2019-08-10 04:39:13,021 INFO  commands.RetriableDatanodeEventWatcher (RetriableDatanodeEventWatcher.java:onTimeout(47)) - RetriableDatanodeCommand type=deleteBlocksCommand with id=1565411942261 timed out. Retrying.
2019-08-10 04:39:13,031 INFO  commands.RetriableDatanodeEventWatcher (RetriableDatanodeEventWatcher.java:onTimeout(47)) - RetriableDatanodeCommand type=deleteBlocksCommand with id=1565411942212 timed out. Retrying.
2019-08-10 04:39:13,036 INFO  commands.RetriableDatanodeEventWatcher (RetriableDatanodeEventWatcher.java:onTimeout(47)) - RetriableDatanodeCommand type=deleteBlocksCommand with id=1565411942271 timed out. Retrying.
2019-08-10 04:39:13,046 INFO  commands.RetriableDatanodeEventWatcher (RetriableDatanodeEventWatcher.java:onTimeout(47)) - RetriableDatanodeCommand type=deleteBlocksCommand with id=1565411942222 timed out. Retrying.
2019-08-10 04:39:13,049 INFO  commands.RetriableDatanodeEventWatcher (RetriableDatanodeEventWatcher.java:onTimeout(47)) - RetriableDatanodeCommand type=deleteBlocksCommand with id=1565411942281 timed out. Retrying.
2019-08-10 04:39:13,063 INFO  commands.RetriableDatanodeEventWatcher (RetriableDatanodeEventWatcher.java:onTimeout(47)) - RetriableDatanodeCommand type=deleteBlocksCommand with id=1565411942232 timed out. Retrying.
2019-08-10 04:39:13,064 INFO  commands.RetriableDatanodeEventWatcher (RetriableDatanodeEventWatcher.java:onTimeout(47)) - RetriableDatanodeCommand type=deleteBlocksCommand with id=1565411942291 timed out. Retrying.
2019-08-10 04:39:13,078 DEBUG block.SCMBlockDeletingService (SCMBlockDeletingService.java:call(138)) - Running DeletedBlockTransactionScanner
2019-08-10 04:39:13,079 DEBUG block.SCMBlockDeletingService (SCMBlockDeletingService.java:call(155)) - Scanned deleted blocks log and got 3 delTX to process.
2019-08-10 04:39:13,079 DEBUG block.SCMBlockDeletingService (SCMBlockDeletingService.java:call(171)) - Added delete block command for datanode 6c928baf-cc3b-4a10-9362-ff4e15dca71d in the queue, number of delete block transactions: 3, TxID list: 1,2,3
2019-08-10 04:39:13,080 INFO  block.SCMBlockDeletingService (SCMBlockDeletingService.java:call(182)) - Totally added 3 delete blocks command for 1 datanodes, task elapsed time: 1ms
2019-08-10 04:39:13,080 INFO  commands.RetriableDatanodeEventWatcher (RetriableDatanodeEventWatcher.java:onTimeout(47)) - RetriableDatanodeCommand type=deleteBlocksCommand with id=1565411942242 timed out. Retrying.
2019-08-10 04:39:13,107 INFO  commands.RetriableDatanodeEventWatcher (RetriableDatanodeEventWatcher.java:onTimeout(47)) - RetriableDatanodeCommand type=deleteBlocksCommand with id=1565411942252 timed out. Retrying.
2019-08-10 04:39:13,117 INFO  commands.RetriableDatanodeEventWatcher (RetriableDatanodeEventWatcher.java:onTimeout(47)) - RetriableDatanodeCommand type=deleteBlocksCommand with id=1565411942203 timed out. Retrying.
2019-08-10 04:39:13,122 INFO  commands.RetriableDatanodeEventWatcher (RetriableDatanodeEventWatcher.java:onTimeout(47)) - RetriableDatanodeCommand type=deleteBlocksCommand with id=1565411942262 timed out. Retrying.
2019-08-10 04:39:13,135 INFO  commands.RetriableDatanodeEventWatcher (RetriableDatanodeEventWatcher.java:onTimeout(47)) - RetriableDatanodeCommand type=deleteBlocksCommand with id=1565411942213 timed out. Retrying.
2019-08-10 04:39:13,136 INFO  commands.RetriableDatanodeEventWatcher (RetriableDatanodeEventWatcher.java:onTimeout(47)) - RetriableDatanodeCommand type=deleteBlocksCommand with id=1565411942272 timed out. Retrying.
2019-08-10 04:39:13,147 INFO  commands.RetriableDatanodeEventWatcher (RetriableDatanodeEventWatcher.java:onTimeout(47)) - RetriableDatanodeCommand type=deleteBlocksCommand with id=1565411942223 timed out. Retrying.
2019-08-10 04:39:13,151 INFO  commands.RetriableDatanodeEventWatcher (RetriableDatanodeEventWatcher.java:onTimeout(47)) - RetriableDatanodeCommand type=deleteBlocksCommand with id=1565411942282 timed out. Retrying.
2019-08-10 04:39:13,166 INFO  commands.RetriableDatanodeEventWatcher (RetriableDatanodeEventWatcher.java:onTimeout(47)) - RetriableDatanodeCommand type=deleteBlocksCommand with id=1565411942233 timed out. Retrying.
2019-08-10 04:39:13,166 INFO  commands.RetriableDatanodeEventWatcher (RetriableDatanodeEventWatcher.java:onTimeout(47)) - RetriableDatanodeCommand type=deleteBlocksCommand with id=1565411942292 timed out. Retrying.
2019-08-10 04:39:13,180 DEBUG block.SCMBlockDeletingService (SCMBlockDeletingService.java:call(138)) - Running DeletedBlockTransactionScanner
2019-08-10 04:39:13,180 DEBUG block.SCMBlockDeletingService (SCMBlockDeletingService.java:call(155)) - Scanned deleted blocks log and got 3 delTX to process.
2019-08-10 04:39:13,181 DEBUG block.SCMBlockDeletingService (SCMBlockDeletingService.java:call(171)) - Added delete block command for datanode 6c928baf-cc3b-4a10-9362-ff4e15dca71d in the queue, number of delete block transactions: 3, TxID list: 1,2,3
2019-08-10 04:39:13,183 INFO  commands.RetriableDatanodeEventWatcher (RetriableDatanodeEventWatcher.java:onTimeout(47)) - RetriableDatanodeCommand type=deleteBlocksCommand with id=1565411942243 timed out. Retrying.
2019-08-10 04:39:13,204 INFO  commands.RetriableDatanodeEventWatcher (RetriableDatanodeEventWatcher.java:onTimeout(47)) - RetriableDatanodeCommand type=deleteBlocksCommand with id=1565411942194 timed out. Retrying.
2019-08-10 04:39:13,209 INFO  commands.RetriableDatanodeEventWatcher (RetriableDatanodeEventWatcher.java:onTimeout(47)) - RetriableDatanodeCommand type=deleteBlocksCommand with id=1565411942253 timed out. Retrying.
2019-08-10 04:39:13,218 INFO  commands.RetriableDatanodeEventWatcher (RetriableDatanodeEventWatcher.java:onTimeout(47)) - RetriableDatanodeCommand type=deleteBlocksCommand with id=1565411942204 timed out. Retrying.
2019-08-10 04:39:13,224 INFO  commands.RetriableDatanodeEventWatcher (RetriableDatanodeEventWatcher.java:onTimeout(47)) - RetriableDatanodeCommand type=deleteBlocksCommand with id=1565411942263 timed out. Retrying.
2019-08-10 04:39:13,233 INFO  commands.RetriableDatanodeEventWatcher (RetriableDatanodeEventWatcher.java:onTimeout(47)) - RetriableDatanodeCommand type=deleteBlocksCommand with id=1565411942214 timed out. Retrying.
2019-08-10 04:39:13,239 INFO  commands.RetriableDatanodeEventWatcher (RetriableDatanodeEventWatcher.java:onTimeout(47)) - RetriableDatanodeCommand type=deleteBlocksCommand with id=1565411942273 timed out. Retrying.
2019-08-10 04:39:13,243 INFO  ozone.MiniOzoneClusterImpl (MiniOzoneClusterImpl.java:lambda$waitForClusterToBeReady$0(142)) - Waiting for cluster to be ready. Got 0 of 1 DN Heartbeats.
2019-08-10 04:39:13,250 INFO  commands.RetriableDatanodeEventWatcher (RetriableDatanodeEventWatcher.java:onTimeout(47)) - RetriableDatanodeCommand type=deleteBlocksCommand with id=1565411942224 timed out. Retrying.
2019-08-10 04:39:13,253 INFO  commands.RetriableDatanodeEventWatcher (RetriableDatanodeEventWatcher.java:onTimeout(47)) - RetriableDatanodeCommand type=deleteBlocksCommand with id=1565411942283 timed out. Retrying.
2019-08-10 04:39:13,263 INFO  commands.RetriableDatanodeEventWatcher (RetriableDatanodeEventWatcher.java:onTimeout(47)) - RetriableDatanodeCommand type=deleteBlocksCommand with id=1565411942234 timed out. Retrying.
2019-08-10 04:39:13,268 INFO  commands.RetriableDatanodeEventWatcher (RetriableDatanodeEventWatcher.java:onTimeout(47)) - RetriableDatanodeCommand type=deleteBlocksCommand with id=1565411942293 timed out. Retrying.
2019-08-10 04:39:13,287 INFO  commands.RetriableDatanodeEventWatcher (RetriableDatanodeEventWatcher.java:onTimeout(47)) - RetriableDatanodeCommand type=deleteBlocksCommand with id=1565411942244 timed out. Retrying.
2019-08-10 04:39:13,308 INFO  commands.RetriableDatanodeEventWatcher (RetriableDatanodeEventWatcher.java:onTimeout(47)) - RetriableDatanodeCommand type=deleteBlocksCommand with id=1565411942195 timed out. Retrying.
2019-08-10 04:39:13,309 INFO  commands.RetriableDatanodeEventWatcher (RetriableDatanodeEventWatcher.java:onTimeout(47)) - RetriableDatanodeCommand type=deleteBlocksCommand with id=1565411942254 timed out. Retrying.
2019-08-10 04:39:13,319 INFO  commands.RetriableDatanodeEventWatcher (RetriableDatanodeEventWatcher.java:onTimeout(47)) - RetriableDatanodeCommand type=deleteBlocksCommand with id=1565411942205 timed out. Retrying.
2019-08-10 04:39:13,326 INFO  commands.RetriableDatanodeEventWatcher (RetriableDatanodeEventWatcher.java:onTimeout(47)) - RetriableDatanodeCommand type=deleteBlocksCommand with id=1565411942264 timed out. Retrying.
2019-08-10 04:39:13,335 INFO  commands.RetriableDatanodeEventWatcher (RetriableDatanodeEventWatcher.java:onTimeout(47)) - RetriableDatanodeCommand type=deleteBlocksCommand with id=1565411942215 timed out. Retrying.
2019-08-10 04:39:13,341 INFO  commands.RetriableDatanodeEventWatcher (RetriableDatanodeEventWatcher.java:onTimeout(47)) - RetriableDatanodeCommand type=deleteBlocksCommand with id=1565411942274 timed out. Retrying.
2019-08-10 04:39:13,351 INFO  commands.RetriableDatanodeEventWatcher (RetriableDatanodeEventWatcher.java:onTimeout(47)) - RetriableDatanodeCommand type=deleteBlocksCommand with id=1565411942225 timed out. Retrying.
2019-08-10 04:39:13,356 INFO  commands.RetriableDatanodeEventWatcher (RetriableDatanodeEventWatcher.java:onTimeout(47)) - RetriableDatanodeCommand type=deleteBlocksCommand with id=1565411942284 timed out. Retrying.
2019-08-10 04:39:13,368 INFO  commands.RetriableDatanodeEventWatcher (RetriableDatanodeEventWatcher.java:onTimeout(47)) - RetriableDatanodeCommand type=deleteBlocksCommand with id=1565411942235 timed out. Retrying.
2019-08-10 04:39:13,370 INFO  commands.RetriableDatanodeEventWatcher (RetriableDatanodeEventWatcher.java:onTimeout(47)) - RetriableDatanodeCommand type=deleteBlocksCommand with id=1565411942294 timed out. Retrying.
2019-08-10 04:39:13,387 INFO  commands.RetriableDatanodeEventWatcher (RetriableDatanodeEventWatcher.java:onTimeout(47)) - RetriableDatanodeCommand type=deleteBlocksCommand with id=1565411942245 timed out. Retrying.
2019-08-10 04:39:13,406 INFO  commands.RetriableDatanodeEventWatcher (RetriableDatanodeEventWatcher.java:onTimeout(47)) - RetriableDatanodeCommand type=deleteBlocksCommand with id=1565411942196 timed out. Retrying.
2019-08-10 04:39:13,411 INFO  commands.RetriableDatanodeEventWatcher (RetriableDatanodeEventWatcher.java:onTimeout(47)) - RetriableDatanodeCommand type=deleteBlocksCommand with id=1565411942255 timed out. Retrying.
2019-08-10 04:39:13,423 INFO  commands.RetriableDatanodeEventWatcher (RetriableDatanodeEventWatcher.java:onTimeout(47)) - RetriableDatanodeCommand type=deleteBlocksCommand with id=1565411942206 timed out. Retrying.
2019-08-10 04:39:13,426 INFO  commands.RetriableDatanodeEventWatcher (RetriableDatanodeEventWatcher.java:onTimeout(47)) - RetriableDatanodeCommand type=deleteBlocksCommand with id=1565411942265 timed out. Retrying.
2019-08-10 04:39:13,435 INFO  commands.RetriableDatanodeEventWatcher (RetriableDatanodeEventWatcher.java:onTimeout(47)) - RetriableDatanodeCommand type=deleteBlocksCommand with id=1565411942216 timed out. Retrying.
2019-08-10 04:39:13,441 INFO  commands.RetriableDatanodeEventWatcher (RetriableDatanodeEventWatcher.java:onTimeout(47)) - RetriableDatanodeCommand type=deleteBlocksCommand with id=1565411942275 timed out. Retrying.
2019-08-10 04:39:13,454 INFO  commands.RetriableDatanodeEventWatcher (RetriableDatanodeEventWatcher.java:onTimeout(47)) - RetriableDatanodeCommand type=deleteBlocksCommand with id=1565411942226 timed out. Retrying.
2019-08-10 04:39:13,456 INFO  commands.RetriableDatanodeEventWatcher (RetriableDatanodeEventWatcher.java:onTimeout(47)) - RetriableDatanodeCommand type=deleteBlocksCommand with id=1565411942285 timed out. Retrying.
2019-08-10 04:39:13,470 INFO  commands.RetriableDatanodeEventWatcher (RetriableDatanodeEventWatcher.java:onTimeout(47)) - RetriableDatanodeCommand type=deleteBlocksCommand with id=1565411942236 timed out. Retrying.
2019-08-10 04:39:13,470 INFO  commands.RetriableDatanodeEventWatcher (RetriableDatanodeEventWatcher.java:onTimeout(47)) - RetriableDatanodeCommand type=deleteBlocksCommand with id=1565411942295 timed out. Retrying.
2019-08-10 04:39:13,493 INFO  commands.RetriableDatanodeEventWatcher (RetriableDatanodeEventWatcher.java:onTimeout(47)) - RetriableDatanodeCommand type=deleteBlocksCommand with id=1565411942246 timed out. Retrying.
2019-08-10 04:39:13,507 INFO  commands.RetriableDatanodeEventWatcher (RetriableDatanodeEventWatcher.java:onTimeout(47)) - RetriableDatanodeCommand type=deleteBlocksCommand with id=1565411942197 timed out. Retrying.
2019-08-10 04:39:13,515 INFO  commands.RetriableDatanodeEventWatcher (RetriableDatanodeEventWatcher.java:onTimeout(47)) - RetriableDatanodeCommand type=deleteBlocksCommand with id=1565411942256 timed out. Retrying.
2019-08-10 04:39:13,522 INFO  commands.RetriableDatanodeEventWatcher (RetriableDatanodeEventWatcher.java:onTimeout(47)) - RetriableDatanodeCommand type=deleteBlocksCommand with id=1565411942207 timed out. Retrying.
2019-08-10 04:39:13,529 INFO  commands.RetriableDatanodeEventWatcher (RetriableDatanodeEventWatcher.java:onTimeout(47)) - RetriableDatanodeCommand type=deleteBlocksCommand with id=1565411942266 timed out. Retrying.
2019-08-10 04:39:13,535 INFO  commands.RetriableDatanodeEventWatcher (RetriableDatanodeEventWatcher.java:onTimeout(47)) - RetriableDatanodeCommand type=deleteBlocksCommand with id=1565411942217 timed out. Retrying.
2019-08-10 04:39:13,545 INFO  commands.RetriableDatanodeEventWatcher (RetriableDatanodeEventWatcher.java:onTimeout(47)) - RetriableDatanodeCommand type=deleteBlocksCommand with id=1565411942276 timed out. Retrying.
2019-08-10 04:39:13,553 INFO  commands.RetriableDatanodeEventWatcher (RetriableDatanodeEventWatcher.java:onTimeout(47)) - RetriableDatanodeCommand type=deleteBlocksCommand with id=1565411942227 timed out. Retrying.
2019-08-10 04:39:13,559 INFO  commands.RetriableDatanodeEventWatcher (RetriableDatanodeEventWatcher.java:onTimeout(47)) - RetriableDatanodeCommand type=deleteBlocksCommand with id=1565411942286 timed out. Retrying.
2019-08-10 04:39:13,569 INFO  commands.RetriableDatanodeEventWatcher (RetriableDatanodeEventWatcher.java:onTimeout(47)) - RetriableDatanodeCommand type=deleteBlocksCommand with id=1565411942237 timed out. Retrying.
2019-08-10 04:39:13,572 INFO  commands.RetriableDatanodeEventWatcher (RetriableDatanodeEventWatcher.java:onTimeout(47)) - RetriableDatanodeCommand type=deleteBlocksCommand with id=1565411942296 timed out. Retrying.
2019-08-10 04:39:13,591 INFO  commands.RetriableDatanodeEventWatcher (RetriableDatanodeEventWatcher.java:onTimeout(47)) - RetriableDatanodeCommand type=deleteBlocksCommand with id=1565411942247 timed out. Retrying.
2019-08-10 04:39:13,607 INFO  commands.RetriableDatanodeEventWatcher (RetriableDatanodeEventWatcher.java:onTimeout(47)) - RetriableDatanodeCommand type=deleteBlocksCommand with id=1565411942198 timed out. Retrying.
2019-08-10 04:39:13,615 INFO  commands.RetriableDatanodeEventWatcher (RetriableDatanodeEventWatcher.java:onTimeout(47)) - RetriableDatanodeCommand type=deleteBlocksCommand with id=1565411942257 timed out. Retrying.
2019-08-10 04:39:13,626 INFO  commands.RetriableDatanodeEventWatcher (RetriableDatanodeEventWatcher.java:onTimeout(47)) - RetriableDatanodeCommand type=deleteBlocksCommand with id=1565411942208 timed out. Retrying.
2019-08-10 04:39:13,627 INFO  commands.RetriableDatanodeEventWatcher (RetriableDatanodeEventWatcher.java:onTimeout(47)) - RetriableDatanodeCommand type=deleteBlocksCommand with id=1565411942267 timed out. Retrying.
2019-08-10 04:39:13,644 INFO  commands.RetriableDatanodeEventWatcher (RetriableDatanodeEventWatcher.java:onTimeout(47)) - RetriableDatanodeCommand type=deleteBlocksCommand with id=1565411942277 timed out. Retrying.
2019-08-10 04:39:13,644 INFO  commands.RetriableDatanodeEventWatcher (RetriableDatanodeEventWatcher.java:onTimeout(47)) - RetriableDatanodeCommand type=deleteBlocksCommand with id=1565411942218 timed out. Retrying.
2019-08-10 04:39:13,655 INFO  commands.RetriableDatanodeEventWatcher (RetriableDatanodeEventWatcher.java:onTimeout(47)) - RetriableDatanodeCommand type=deleteBlocksCommand with id=1565411942228 timed out. Retrying.
2019-08-10 04:39:13,659 INFO  commands.RetriableDatanodeEventWatcher (RetriableDatanodeEventWatcher.java:onTimeout(47)) - RetriableDatanodeCommand type=deleteBlocksCommand with id=1565411942287 timed out. Retrying.
2019-08-10 04:39:13,673 INFO  commands.RetriableDatanodeEventWatcher (RetriableDatanodeEventWatcher.java:onTimeout(47)) - RetriableDatanodeCommand type=deleteBlocksCommand with id=1565411942297 timed out. Retrying.
2019-08-10 04:39:13,674 INFO  commands.RetriableDatanodeEventWatcher (RetriableDatanodeEventWatcher.java:onTimeout(47)) - RetriableDatanodeCommand type=deleteBlocksCommand with id=1565411942238 timed out. Retrying.
2019-08-10 04:39:13,692 INFO  commands.RetriableDatanodeEventWatcher (RetriableDatanodeEventWatcher.java:onTimeout(47)) - RetriableDatanodeCommand type=deleteBlocksCommand with id=1565411942248 timed out. Retrying.
2019-08-10 04:39:13,708 INFO  commands.RetriableDatanodeEventWatcher (RetriableDatanodeEventWatcher.java:onTimeout(47)) - RetriableDatanodeCommand type=deleteBlocksCommand with id=1565411942199 timed out. Retrying.
2019-08-10 04:39:13,716 INFO  commands.RetriableDatanodeEventWatcher (RetriableDatanodeEventWatcher.java:onTimeout(47)) - RetriableDatanodeCommand type=deleteBlocksCommand with id=1565411942258 timed out. Retrying.
2019-08-10 04:39:13,728 INFO  commands.RetriableDatanodeEventWatcher (RetriableDatanodeEventWatcher.java:onTimeout(47)) - RetriableDatanodeCommand type=deleteBlocksCommand with id=1565411942209 timed out. Retrying.
2019-08-10 04:39:13,731 INFO  commands.RetriableDatanodeEventWatcher (RetriableDatanodeEventWatcher.java:onTimeout(47)) - RetriableDatanodeCommand type=deleteBlocksCommand with id=1565411942268 timed out. Retrying.
2019-08-10 04:39:13,738 INFO  commands.RetriableDatanodeEventWatcher (RetriableDatanodeEventWatcher.java:onTimeout(47)) - RetriableDatanodeCommand type=deleteBlocksCommand with id=1565411942219 timed out. Retrying.
2019-08-10 04:39:13,746 INFO  commands.RetriableDatanodeEventWatcher (RetriableDatanodeEventWatcher.java:onTimeout(47)) - RetriableDatanodeCommand type=deleteBlocksCommand with id=1565411942278 timed out. Retrying.
2019-08-10 04:39:13,756 INFO  commands.RetriableDatanodeEventWatcher (RetriableDatanodeEventWatcher.java:onTimeout(47)) - RetriableDatanodeCommand type=deleteBlocksCommand with id=1565411942229 timed out. Retrying.
2019-08-10 04:39:13,760 INFO  commands.RetriableDatanodeEventWatcher (RetriableDatanodeEventWatcher.java:onTimeout(47)) - RetriableDatanodeCommand type=deleteBlocksCommand with id=1565411942288 timed out. Retrying.
2019-08-10 04:39:13,775 INFO  commands.RetriableDatanodeEventWatcher (RetriableDatanodeEventWatcher.java:onTimeout(47)) - RetriableDatanodeCommand type=deleteBlocksCommand with id=1565411942298 timed out. Retrying.
2019-08-10 04:39:13,775 INFO  commands.RetriableDatanodeEventWatcher (RetriableDatanodeEventWatcher.java:onTimeout(47)) - RetriableDatanodeCommand type=deleteBlocksCommand with id=1565411942239 timed out. Retrying.
2019-08-10 04:39:13,795 INFO  commands.RetriableDatanodeEventWatcher (RetriableDatanodeEventWatcher.java:onTimeout(47)) - RetriableDatanodeCommand type=deleteBlocksCommand with id=1565411942249 timed out. Retrying.
2019-08-10 04:39:13,815 INFO  commands.RetriableDatanodeEventWatcher (RetriableDatanodeEventWatcher.java:onTimeout(47)) - RetriableDatanodeCommand type=deleteBlocksCommand with id=1565411942200 timed out. Retrying.
2019-08-10 04:39:13,818 INFO  commands.RetriableDatanodeEventWatcher (RetriableDatanodeEventWatcher.java:onTimeout(47)) - RetriableDatanodeCommand type=deleteBlocksCommand with id=1565411942259 timed out. Retrying.
2019-08-10 04:39:13,828 INFO  commands.RetriableDatanodeEventWatcher (RetriableDatanodeEventWatcher.java:onTimeout(47)) - RetriableDatanodeCommand type=deleteBlocksCommand with id=1565411942210 timed out. Retrying.
2019-08-10 04:39:13,830 INFO  commands.RetriableDatanodeEventWatcher (RetriableDatanodeEventWatcher.java:onTimeout(47)) - RetriableDatanodeCommand type=deleteBlocksCommand with id=1565411942269 timed out. Retrying.
2019-08-10 04:39:13,847 INFO  commands.RetriableDatanodeEventWatcher (RetriableDatanodeEventWatcher.java:onTimeout(47)) - RetriableDatanodeCommand type=deleteBlocksCommand with id=1565411942220 timed out. Retrying.
2019-08-10 04:39:13,847 INFO  commands.RetriableDatanodeEventWatcher (RetriableDatanodeEventWatcher.java:onTimeout(47)) - RetriableDatanodeCommand type=deleteBlocksCommand with id=1565411942279 timed out. Retrying.
2019-08-10 04:39:13,860 INFO  commands.RetriableDatanodeEventWatcher (RetriableDatanodeEventWatcher.java:onTimeout(47)) - RetriableDatanodeCommand type=deleteBlocksCommand with id=1565411942230 timed out. Retrying.
2019-08-10 04:39:13,862 INFO  commands.RetriableDatanodeEventWatcher (RetriableDatanodeEventWatcher.java:onTimeout(47)) - RetriableDatanodeCommand type=deleteBlocksCommand with id=1565411942289 timed out. Retrying.
2019-08-10 04:39:13,876 INFO  commands.RetriableDatanodeEventWatcher (RetriableDatanodeEventWatcher.java:onTimeout(47)) - RetriableDatanodeCommand type=deleteBlocksCommand with id=1565411942240 timed out. Retrying.
2019-08-10 04:39:13,877 INFO  commands.RetriableDatanodeEventWatcher (RetriableDatanodeEventWatcher.java:onTimeout(47)) - RetriableDatanodeCommand type=deleteBlocksCommand with id=1565411942299 timed out. Retrying.
2019-08-10 04:39:13,897 INFO  commands.RetriableDatanodeEventWatcher (RetriableDatanodeEventWatcher.java:onTimeout(47)) - RetriableDatanodeCommand type=deleteBlocksCommand with id=1565411942250 timed out. Retrying.
2019-08-10 04:39:13,910 INFO  commands.RetriableDatanodeEventWatcher (RetriableDatanodeEventWatcher.java:onTimeout(47)) - RetriableDatanodeCommand type=deleteBlocksCommand with id=1565411942201 timed out. Retrying.
2019-08-10 04:39:13,921 INFO  commands.RetriableDatanodeEventWatcher (RetriableDatanodeEventWatcher.java:onTimeout(47)) - RetriableDatanodeCommand type=deleteBlocksCommand with id=1565411942260 timed out. Retrying.
2019-08-10 04:39:13,929 INFO  commands.RetriableDatanodeEventWatcher (RetriableDatanodeEventWatcher.java:onTimeout(47)) - RetriableDatanodeCommand type=deleteBlocksCommand with id=1565411942211 timed out. Retrying.
2019-08-10 04:39:13,935 INFO  commands.RetriableDatanodeEventWatcher (RetriableDatanodeEventWatcher.java:onTimeout(47)) - RetriableDatanodeCommand type=deleteBlocksCommand with id=1565411942270 timed out. Retrying.
2019-08-10 04:39:13,943 INFO  commands.RetriableDatanodeEventWatcher (RetriableDatanodeEventWatcher.java:onTimeout(47)) - RetriableDatanodeCommand type=deleteBlocksCommand with id=1565411942221 timed out. Retrying.
2019-08-10 04:39:13,949 INFO  commands.RetriableDatanodeEventWatcher (RetriableDatanodeEventWatcher.java:onTimeout(47)) - RetriableDatanodeCommand type=deleteBlocksCommand with id=1565411942280 timed out. Retrying.
2019-08-10 04:39:13,962 INFO  commands.RetriableDatanodeEventWatcher (RetriableDatanodeEventWatcher.java:onTimeout(47)) - RetriableDatanodeCommand type=deleteBlocksCommand with id=1565411942231 timed out. Retrying.
2019-08-10 04:39:13,963 INFO  commands.RetriableDatanodeEventWatcher (RetriableDatanodeEventWatcher.java:onTimeout(47)) - RetriableDatanodeCommand type=deleteBlocksCommand with id=1565411942290 timed out. Retrying.
2019-08-10 04:39:13,965 INFO  block.SCMBlockDeletingService (SCMBlockDeletingService.java:call(182)) - Totally added 3 delete blocks command for 1 datanodes, task elapsed time: 785ms
2019-08-10 04:39:13,978 INFO  commands.RetriableDatanodeEventWatcher (RetriableDatanodeEventWatcher.java:onTimeout(47)) - RetriableDatanodeCommand type=deleteBlocksCommand with id=1565411942300 timed out. Retrying.
2019-08-10 04:39:13,978 INFO  commands.RetriableDatanodeEventWatcher (RetriableDatanodeEventWatcher.java:onTimeout(47)) - RetriableDatanodeCommand type=deleteBlocksCommand with id=1565411942241 timed out. Retrying.
2019-08-10 04:39:14,007 INFO  commands.RetriableDatanodeEventWatcher (RetriableDatanodeEventWatcher.java:onTimeout(47)) - RetriableDatanodeCommand type=deleteBlocksCommand with id=1565411942251 timed out. Retrying.
2019-08-10 04:39:14,015 INFO  commands.RetriableDatanodeEventWatcher (RetriableDatanodeEventWatcher.java:onTimeout(47)) - RetriableDatanodeCommand type=deleteBlocksCommand with id=1565411942202 timed out. Retrying.
2019-08-10 04:39:14,022 INFO  commands.RetriableDatanodeEventWatcher (RetriableDatanodeEventWatcher.java:onTimeout(47)) - RetriableDatanodeCommand type=deleteBlocksCommand with id=1565411942261 timed out. Retrying.
2019-08-10 04:39:14,031 INFO  commands.RetriableDatanodeEventWatcher (RetriableDatanodeEventWatcher.java:onTimeout(47)) - RetriableDatanodeCommand type=deleteBlocksCommand with id=1565411942212 timed out. Retrying.
2019-08-10 04:39:14,037 INFO  commands.RetriableDatanodeEventWatcher (RetriableDatanodeEventWatcher.java:onTimeout(47)) - RetriableDatanodeCommand type=deleteBlocksCommand with id=1565411942271 timed out. Retrying.
2019-08-10 04:39:14,045 INFO  commands.RetriableDatanodeEventWatcher (RetriableDatanodeEventWatcher.java:onTimeout(47)) - RetriableDatanodeCommand type=deleteBlocksCommand with id=1565411942222 timed out. Retrying.
2019-08-10 04:39:14,050 INFO  commands.RetriableDatanodeEventWatcher (RetriableDatanodeEventWatcher.java:onTimeout(47)) - RetriableDatanodeCommand type=deleteBlocksCommand with id=1565411942281 timed out. Retrying.
2019-08-10 04:39:14,062 INFO  commands.RetriableDatanodeEventWatcher (RetriableDatanodeEventWatcher.java:onTimeout(47)) - RetriableDatanodeCommand type=deleteBlocksCommand with id=1565411942232 timed out. Retrying.
2019-08-10 04:39:14,065 INFO  commands.RetriableDatanodeEventWatcher (RetriableDatanodeEventWatcher.java:onTimeout(47)) - RetriableDatanodeCommand type=deleteBlocksCommand with id=1565411942291 timed out. Retrying.
2019-08-10 04:39:14,066 DEBUG block.SCMBlockDeletingService (SCMBlockDeletingService.java:call(138)) - Running DeletedBlockTransactionScanner
2019-08-10 04:39:14,066 DEBUG block.SCMBlockDeletingService (SCMBlockDeletingService.java:call(155)) - Scanned deleted blocks log and got 3 delTX to process.
2019-08-10 04:39:14,066 DEBUG block.SCMBlockDeletingService (SCMBlockDeletingService.java:call(171)) - Added delete block command for datanode 6c928baf-cc3b-4a10-9362-ff4e15dca71d in the queue, number of delete block transactions: 3, TxID list: 1,2,3
2019-08-10 04:39:14,067 INFO  block.SCMBlockDeletingService (SCMBlockDeletingService.java:call(182)) - Totally added 3 delete blocks command for 1 datanodes, task elapsed time: 2ms
2019-08-10 04:39:14,080 INFO  commands.RetriableDatanodeEventWatcher (RetriableDatanodeEventWatcher.java:onTimeout(47)) - RetriableDatanodeCommand type=deleteBlocksCommand with id=1565411942301 timed out. Retrying.
2019-08-10 04:39:14,080 INFO  commands.RetriableDatanodeEventWatcher (RetriableDatanodeEventWatcher.java:onTimeout(47)) - RetriableDatanodeCommand type=deleteBlocksCommand with id=1565411942242 timed out. Retrying.
2019-08-10 04:39:14,107 INFO  commands.RetriableDatanodeEventWatcher (RetriableDatanodeEventWatcher.java:onTimeout(47)) - RetriableDatanodeCommand type=deleteBlocksCommand with id=1565411942252 timed out. Retrying.
2019-08-10 04:39:14,118 INFO  commands.RetriableDatanodeEventWatcher (RetriableDatanodeEventWatcher.java:onTimeout(47)) - RetriableDatanodeCommand type=deleteBlocksCommand with id=1565411942203 timed out. Retrying.
2019-08-10 04:39:14,122 INFO  commands.RetriableDatanodeEventWatcher (RetriableDatanodeEventWatcher.java:onTimeout(47)) - RetriableDatanodeCommand type=deleteBlocksCommand with id=1565411942262 timed out. Retrying.
2019-08-10 04:39:14,134 INFO  commands.RetriableDatanodeEventWatcher (RetriableDatanodeEventWatcher.java:onTimeout(47)) - RetriableDatanodeCommand type=deleteBlocksCommand with id=1565411942213 timed out. Retrying.
2019-08-10 04:39:14,137 INFO  commands.RetriableDatanodeEventWatcher (RetriableDatanodeEventWatcher.java:onTimeout(47)) - RetriableDatanodeCommand type=deleteBlocksCommand with id=1565411942272 timed out. Retrying.
2019-08-10 04:39:14,147 INFO  commands.RetriableDatanodeEventWatcher (RetriableDatanodeEventWatcher.java:onTimeout(47)) - RetriableDatanodeCommand type=deleteBlocksCommand with id=1565411942223 timed out. Retrying.
2019-08-10 04:39:14,152 INFO  commands.RetriableDatanodeEventWatcher (RetriableDatanodeEventWatcher.java:onTimeout(47)) - RetriableDatanodeCommand type=deleteBlocksCommand with id=1565411942282 timed out. Retrying.
2019-08-10 04:39:14,167 INFO  commands.RetriableDatanodeEventWatcher (RetriableDatanodeEventWatcher.java:onTimeout(47)) - RetriableDatanodeCommand type=deleteBlocksCommand with id=1565411942292 timed out. Retrying.
2019-08-10 04:39:14,167 INFO  commands.RetriableDatanodeEventWatcher (RetriableDatanodeEventWatcher.java:onTimeout(47)) - RetriableDatanodeCommand type=deleteBlocksCommand with id=1565411942233 timed out. Retrying.
2019-08-10 04:39:14,167 DEBUG block.SCMBlockDeletingService (SCMBlockDeletingService.java:call(138)) - Running DeletedBlockTransactionScanner
2019-08-10 04:39:14,168 DEBUG block.SCMBlockDeletingService (SCMBlockDeletingService.java:call(155)) - Scanned deleted blocks log and got 3 delTX to process.
2019-08-10 04:39:14,168 DEBUG block.SCMBlockDeletingService (SCMBlockDeletingService.java:call(171)) - Added delete block command for datanode 6c928baf-cc3b-4a10-9362-ff4e15dca71d in the queue, number of delete block transactions: 3, TxID list: 1,2,3
2019-08-10 04:39:14,168 INFO  block.SCMBlockDeletingService (SCMBlockDeletingService.java:call(182)) - Totally added 3 delete blocks command for 1 datanodes, task elapsed time: 1ms
2019-08-10 04:39:14,180 INFO  commands.RetriableDatanodeEventWatcher (RetriableDatanodeEventWatcher.java:onTimeout(47)) - RetriableDatanodeCommand type=deleteBlocksCommand with id=1565411942302 timed out. Retrying.
2019-08-10 04:39:14,184 INFO  commands.RetriableDatanodeEventWatcher (RetriableDatanodeEventWatcher.java:onTimeout(47)) - RetriableDatanodeCommand type=deleteBlocksCommand with id=1565411942243 timed out. Retrying.
2019-08-10 04:39:14,205 INFO  commands.RetriableDatanodeEventWatcher (RetriableDatanodeEventWatcher.java:onTimeout(47)) - RetriableDatanodeCommand type=deleteBlocksCommand with id=1565411942194 timed out. Retrying.
2019-08-10 04:39:14,209 INFO  commands.RetriableDatanodeEventWatcher (RetriableDatanodeEventWatcher.java:onTimeout(47)) - RetriableDatanodeCommand type=deleteBlocksCommand with id=1565411942253 timed out. Retrying.
2019-08-10 04:39:14,219 INFO  commands.RetriableDatanodeEventWatcher (RetriableDatanodeEventWatcher.java:onTimeout(47)) - RetriableDatanodeCommand type=deleteBlocksCommand with id=1565411942204 timed out. Retrying.
2019-08-10 04:39:14,224 INFO  commands.RetriableDatanodeEventWatcher (RetriableDatanodeEventWatcher.java:onTimeout(47)) - RetriableDatanodeCommand type=deleteBlocksCommand with id=1565411942263 timed out. Retrying.
2019-08-10 04:39:14,234 INFO  commands.RetriableDatanodeEventWatcher (RetriableDatanodeEventWatcher.java:onTimeout(47)) - RetriableDatanodeCommand type=deleteBlocksCommand with id=1565411942214 timed out. Retrying.
2019-08-10 04:39:14,239 INFO  commands.RetriableDatanodeEventWatcher (RetriableDatanodeEventWatcher.java:onTimeout(47)) - RetriableDatanodeCommand type=deleteBlocksCommand with id=1565411942273 timed out. Retrying.
2019-08-10 04:39:14,242 INFO  block.SCMBlockDeletingService (SCMBlockDeletingService.java:handlePendingDeletes(115)) - Block deletion txnID mismatch in datanode 6c928baf-cc3b-4a10-9362-ff4e15dca71d for containerID 1. Datanode delete txnID: 0, SCM txnID: 1
2019-08-10 04:39:14,242 INFO  block.SCMBlockDeletingService (SCMBlockDeletingService.java:handlePendingDeletes(115)) - Block deletion txnID mismatch in datanode 6c928baf-cc3b-4a10-9362-ff4e15dca71d for containerID 2. Datanode delete txnID: 0, SCM txnID: 2
2019-08-10 04:39:14,242 INFO  block.SCMBlockDeletingService (SCMBlockDeletingService.java:handlePendingDeletes(115)) - Block deletion txnID mismatch in datanode 6c928baf-cc3b-4a10-9362-ff4e15dca71d for containerID 3. Datanode delete txnID: 0, SCM txnID: 3
2019-08-10 04:39:14,245 INFO  ozone.MiniOzoneClusterImpl (MiniOzoneClusterImpl.java:lambda$waitForClusterToBeReady$0(142)) - Cluster is ready. Got 1 of 1 DN Heartbeats.
2019-08-10 04:39:14,251 INFO  commands.RetriableDatanodeEventWatcher (RetriableDatanodeEventWatcher.java:onTimeout(47)) - RetriableDatanodeCommand type=deleteBlocksCommand with id=1565411942224 timed out. Retrying.
2019-08-10 04:39:14,253 INFO  commands.RetriableDatanodeEventWatcher (RetriableDatanodeEventWatcher.java:onTimeout(47)) - RetriableDatanodeCommand type=deleteBlocksCommand with id=1565411942283 timed out. Retrying.
2019-08-10 04:39:14,263 INFO  impl.RaftServerProxy (RaftServerProxy.java:addNew(89)) - 6c928baf-cc3b-4a10-9362-ff4e15dca71d: addNew group-A318B8529D49:[6c928baf-cc3b-4a10-9362-ff4e15dca71d:192.168.157.255:43126] returns group-A318B8529D49:java.util.concurrent.CompletableFuture@28d0b21f[Not completed]
2019-08-10 04:39:14,265 INFO  impl.RaftServerImpl (RaftServerImpl.java:<init>(93)) - 6c928baf-cc3b-4a10-9362-ff4e15dca71d: new RaftServerImpl for group-A318B8529D49:[6c928baf-cc3b-4a10-9362-ff4e15dca71d:192.168.157.255:43126] with ContainerStateMachine:uninitialized
2019-08-10 04:39:14,265 INFO  server.RaftServerConfigKeys (ConfUtils.java:logGet(43)) - raft.server.rpc.timeout.min = 5s (custom)
2019-08-10 04:39:14,265 INFO  server.RaftServerConfigKeys (ConfUtils.java:logGet(43)) - raft.server.rpc.timeout.max = 5200ms (custom)
2019-08-10 04:39:14,266 INFO  server.RaftServerConfigKeys (ConfUtils.java:logGet(43)) - raft.server.rpcslowness.timeout = 120s (custom)
2019-08-10 04:39:14,266 INFO  server.RaftServerConfigKeys (ConfUtils.java:logGet(43)) - raft.server.sleep.deviation.threshold = 300 (default)
2019-08-10 04:39:14,266 INFO  server.RaftServerConfigKeys (ConfUtils.java:logGet(43)) - raft.server.log.appender.install.snapshot.enabled = false (custom)
2019-08-10 04:39:14,266 INFO  impl.RaftServerImpl (ServerState.java:<init>(105)) - 6c928baf-cc3b-4a10-9362-ff4e15dca71d:group-A318B8529D49 ConfigurationManager, init=-1: [6c928baf-cc3b-4a10-9362-ff4e15dca71d:192.168.157.255:43126], old=null, confs=<EMPTY_MAP>
2019-08-10 04:39:14,266 INFO  server.RaftServerConfigKeys (ConfUtils.java:logGet(43)) - raft.server.storage.dir = [/workdir/hadoop-ozone/integration-test/target/test-dir/MiniOzoneClusterImpl-71466a3e-5472-4a77-a4de-c7daf4941d14/datanode-0/data/ratis] (custom)
2019-08-10 04:39:14,267 INFO  storage.RaftStorageDirectory (RaftStorageDirectory.java:analyzeStorage(246)) - The storage directory /workdir/hadoop-ozone/integration-test/target/test-dir/MiniOzoneClusterImpl-71466a3e-5472-4a77-a4de-c7daf4941d14/datanode-0/data/ratis/46263b9c-9760-4ce4-9e8a-a318b8529d49 does not exist. Creating ...
2019-08-10 04:39:14,267 INFO  commands.RetriableDatanodeEventWatcher (RetriableDatanodeEventWatcher.java:onTimeout(47)) - RetriableDatanodeCommand type=deleteBlocksCommand with id=1565411942234 timed out. Retrying.
2019-08-10 04:39:14,269 INFO  commands.RetriableDatanodeEventWatcher (RetriableDatanodeEventWatcher.java:onTimeout(47)) - RetriableDatanodeCommand type=deleteBlocksCommand with id=1565411942293 timed out. Retrying.
2019-08-10 04:39:14,269 DEBUG block.SCMBlockDeletingService (SCMBlockDeletingService.java:call(138)) - Running DeletedBlockTransactionScanner
2019-08-10 04:39:14,269 DEBUG block.SCMBlockDeletingService (SCMBlockDeletingService.java:call(155)) - Scanned deleted blocks log and got 3 delTX to process.
2019-08-10 04:39:14,269 DEBUG block.SCMBlockDeletingService (SCMBlockDeletingService.java:call(171)) - Added delete block command for datanode 6c928baf-cc3b-4a10-9362-ff4e15dca71d in the queue, number of delete block transactions: 3, TxID list: 1,2,3
2019-08-10 04:39:14,270 INFO  block.SCMBlockDeletingService (SCMBlockDeletingService.java:call(182)) - Totally added 3 delete blocks command for 1 datanodes, task elapsed time: 1ms
2019-08-10 04:39:14,288 INFO  commands.RetriableDatanodeEventWatcher (RetriableDatanodeEventWatcher.java:onTimeout(47)) - RetriableDatanodeCommand type=deleteBlocksCommand with id=1565411942244 timed out. Retrying.
2019-08-10 04:39:14,308 INFO  commands.RetriableDatanodeEventWatcher (RetriableDatanodeEventWatcher.java:onTimeout(47)) - RetriableDatanodeCommand type=deleteBlocksCommand with id=1565411942195 timed out. Retrying.
2019-08-10 04:39:14,310 INFO  commands.RetriableDatanodeEventWatcher (RetriableDatanodeEventWatcher.java:onTimeout(47)) - RetriableDatanodeCommand type=deleteBlocksCommand with id=1565411942254 timed out. Retrying.
2019-08-10 04:39:14,320 INFO  commands.RetriableDatanodeEventWatcher (RetriableDatanodeEventWatcher.java:onTimeout(47)) - RetriableDatanodeCommand type=deleteBlocksCommand with id=1565411942205 timed out. Retrying.
2019-08-10 04:39:14,325 INFO  commands.RetriableDatanodeEventWatcher (RetriableDatanodeEventWatcher.java:onTimeout(47)) - RetriableDatanodeCommand type=deleteBlocksCommand with id=1565411942264 timed out. Retrying.
2019-08-10 04:39:14,336 INFO  commands.RetriableDatanodeEventWatcher (RetriableDatanodeEventWatcher.java:onTimeout(47)) - RetriableDatanodeCommand type=deleteBlocksCommand with id=1565411942215 timed out. Retrying.
2019-08-10 04:39:14,340 INFO  commands.RetriableDatanodeEventWatcher (RetriableDatanodeEventWatcher.java:onTimeout(47)) - RetriableDatanodeCommand type=deleteBlocksCommand with id=1565411942274 timed out. Retrying.
2019-08-10 04:39:14,352 INFO  commands.RetriableDatanodeEventWatcher (RetriableDatanodeEventWatcher.java:onTimeout(47)) - RetriableDatanodeCommand type=deleteBlocksCommand with id=1565411942225 timed out. Retrying.
2019-08-10 04:39:14,355 INFO  commands.RetriableDatanodeEventWatcher (RetriableDatanodeEventWatcher.java:onTimeout(47)) - RetriableDatanodeCommand type=deleteBlocksCommand with id=1565411942284 timed out. Retrying.
2019-08-10 04:39:14,369 INFO  commands.RetriableDatanodeEventWatcher (RetriableDatanodeEventWatcher.java:onTimeout(47)) - RetriableDatanodeCommand type=deleteBlocksCommand with id=1565411942235 timed out. Retrying.
2019-08-10 04:39:14,370 INFO  commands.RetriableDatanodeEventWatcher (RetriableDatanodeEventWatcher.java:onTimeout(47)) - RetriableDatanodeCommand type=deleteBlocksCommand with id=1565411942294 timed out. Retrying.
2019-08-10 04:39:14,370 DEBUG block.SCMBlockDeletingService (SCMBlockDeletingService.java:call(138)) - Running DeletedBlockTransactionScanner
2019-08-10 04:39:14,371 DEBUG block.SCMBlockDeletingService (SCMBlockDeletingService.java:call(155)) - Scanned deleted blocks log and got 3 delTX to process.
2019-08-10 04:39:14,371 DEBUG block.SCMBlockDeletingService (SCMBlockDeletingService.java:call(171)) - Added delete block command for datanode 6c928baf-cc3b-4a10-9362-ff4e15dca71d in the queue, number of delete block transactions: 3, TxID list: 1,2,3
2019-08-10 04:39:14,372 INFO  block.SCMBlockDeletingService (SCMBlockDeletingService.java:call(182)) - Totally added 3 delete blocks command for 1 datanodes, task elapsed time: 1ms
2019-08-10 04:39:14,387 INFO  commands.RetriableDatanodeEventWatcher (RetriableDatanodeEventWatcher.java:onTimeout(47)) - RetriableDatanodeCommand type=deleteBlocksCommand with id=1565411942245 timed out. Retrying.
2019-08-10 04:39:14,407 INFO  commands.RetriableDatanodeEventWatcher (RetriableDatanodeEventWatcher.java:onTimeout(47)) - RetriableDatanodeCommand type=deleteBlocksCommand with id=1565411942196 timed out. Retrying.
2019-08-10 04:39:14,411 INFO  commands.RetriableDatanodeEventWatcher (RetriableDatanodeEventWatcher.java:onTimeout(47)) - RetriableDatanodeCommand type=deleteBlocksCommand with id=1565411942255 timed out. Retrying.
2019-08-10 04:39:14,467 INFO  commands.RetriableDatanodeEventWatcher (RetriableDatanodeEventWatcher.java:onTimeout(47)) - RetriableDatanodeCommand type=deleteBlocksCommand with id=1565411942285 timed out. Retrying.
2019-08-10 04:39:14,467 INFO  commands.RetriableDatanodeEventWatcher (RetriableDatanodeEventWatcher.java:onTimeout(47)) - RetriableDatanodeCommand type=deleteBlocksCommand with id=1565411942206 timed out. Retrying.
2019-08-10 04:39:14,469 INFO  commands.RetriableDatanodeEventWatcher (RetriableDatanodeEventWatcher.java:onTimeout(47)) - RetriableDatanodeCommand type=deleteBlocksCommand with id=1565411942265 timed out. Retrying.
RetriableDatanodeEventWatcher.java:onTimeout(47)) - RetriableDatanodeCommand type=deleteBlocksCommand with id=1565411942226 timed out. Retrying.
2019-08-10 04:39:14,472 DEBUG block.SCMBlockDeletingService (SCMBlockDeletingService.java:call(138)) - Running DeletedBlockTransactionScanner
2019-08-10 04:39:14,469 INFO  commands.RetriableDatanodeEventWatcher (RetriableDatanodeEventWatcher.java:onTimeout(47)) - RetriableDatanodeCommand type=deleteBlocksCommand with id=1565411942226 timed out. Retrying.
2019-08-10 04:39:14,487 INFO  commands.RetriableDatanodeEventWatcher (RetriableDatanodeEventWatcher.java:onTimeout(47)) - RetriableDatanodeCommand type=deleteBlocksCommand with id=1565411942275 timed out. Retrying.
2019-08-10 04:39:14,487 INFO  commands.RetriableDatanodeEventWatcher (RetriableDatanodeEventWatcher.java:onTimeout(47)) - RetriableDatanodeCommand type=deleteBlocksCommand with id=1565411942236 timed out. Retrying.
2019-08-10 04:39:14,487 INFO  commands.RetriableDatanodeEventWatcher (SCMBlockDeletingService.java:call(155)) - Scanned deleted blocks log and got 3 delTX to process.
2019-08-10 04:39:14,487 INFO  commands.RetriableDatanodeEventWatcher (RetriableDatanodeEventWatcher.java:onTimeout(47)) - RetriableDatanodeCommand type=deleteBlocksCommand with id=1565411942295 timed out. Retrying.
2019-08-10 04:39:14,487 INFO  commands.RetriableDatanodeEventWatcher (SCMBlockDeletingService.java:call(171)) - Added delete block command for datanode 6c928baf-cc3b-4a10-9362-ff4e15dca71d in the queue, number of delete block transactions: 3, TxID list: 1,2,3
2019-08-10 04:39:14,487 INFO  commands.RetriableDatanodeEventWatcher (RetriableDatanodeEventWatcher.java:onTimeout(47)) - RetriableDatanodeCommand type=deleteBlocksCommand with id=1565411942216 timed out. Retrying.
2019-08-10 04:39:14,491 INFO  block.SCMBlockDeletingService (SCMBlockDeletingService.java:call(182)) - Totally added 3 delete blocks command for 1 datanodes, task elapsed time: 19ms
2019-08-10 04:39:14,492 INFO  commands.RetriableDatanodeEventWatcher (RetriableDatanodeEventWatcher.java:onTimeout(47)) - RetriableDatanodeCommand type=deleteBlocksCommand with id=1565411942246 timed out. Retrying.
2019-08-10 04:39:14,508 INFO  commands.RetriableDatanodeEventWatcher (RetriableDatanodeEventWatcher.java:onTimeout(47)) - RetriableDatanodeCommand type=deleteBlocksCommand with id=1565411942197 timed out. Retrying.
2019-08-10 04:39:14,514 INFO  commands.RetriableDatanodeEventWatcher (RetriableDatanodeEventWatcher.java:onTimeout(47)) - RetriableDatanodeCommand type=deleteBlocksCommand with id=1565411942256 timed out. Retrying.
2019-08-10 04:39:14,523 INFO  commands.RetriableDatanodeEventWatcher (RetriableDatanodeEventWatcher.java:onTimeout(47)) - RetriableDatanodeCommand type=deleteBlocksCommand with id=1565411942207 timed out. Retrying.
2019-08-10 04:39:14,528 INFO  commands.RetriableDatanodeEventWatcher (RetriableDatanodeEventWatcher.java:onTimeout(47)) - RetriableDatanodeCommand type=deleteBlocksCommand with id=1565411942266 timed out. Retrying.
2019-08-10 04:39:14,536 INFO  commands.RetriableDatanodeEventWatcher (RetriableDatanodeEventWatcher.java:onTimeout(47)) - RetriableDatanodeCommand type=deleteBlocksCommand with id=1565411942217 timed out. Retrying.
2019-08-10 04:39:14,544 INFO  commands.RetriableDatanodeEventWatcher (RetriableDatanodeEventWatcher.java:onTimeout(47)) - RetriableDatanodeCommand type=deleteBlocksCommand with id=1565411942276 timed out. Retrying.
2019-08-10 04:39:14,553 INFO  commands.RetriableDatanodeEventWatcher (RetriableDatanodeEventWatcher.java:onTimeout(47)) - RetriableDatanodeCommand type=deleteBlocksCommand with id=1565411942227 timed out. Retrying.
2019-08-10 04:39:14,559 INFO  commands.RetriableDatanodeEventWatcher (RetriableDatanodeEventWatcher.java:onTimeout(47)) - RetriableDatanodeCommand type=deleteBlocksCommand with id=1565411942286 timed out. Retrying.
2019-08-10 04:39:14,569 INFO  commands.RetriableDatanodeEventWatcher (RetriableDatanodeEventWatcher.java:onTimeout(47)) - RetriableDatanodeCommand type=deleteBlocksCommand with id=1565411942237 timed out. Retrying.
2019-08-10 04:39:14,572 INFO  commands.RetriableDatanodeEventWatcher (RetriableDatanodeEventWatcher.java:onTimeout(47)) - RetriableDatanodeCommand type=deleteBlocksCommand with id=1565411942296 timed out. Retrying.
2019-08-10 04:39:14,591 INFO  commands.RetriableDatanodeEventWatcher (RetriableDatanodeEventWatcher.java:onTimeout(47)) - RetriableDatanodeCommand type=deleteBlocksCommand with id=1565411942247 timed out. Retrying.
2019-08-10 04:39:14,592 DEBUG block.SCMBlockDeletingService (SCMBlockDeletingService.java:call(138)) - Running DeletedBlockTransactionScanner
2019-08-10 04:39:14,592 DEBUG block.SCMBlockDeletingService (SCMBlockDeletingService.java:call(155)) - Scanned deleted blocks log and got 3 delTX to process.
2019-08-10 04:39:14,592 DEBUG block.SCMBlockDeletingService (SCMBlockDeletingService.java:call(171)) - Added delete block command for datanode 6c928baf-cc3b-4a10-9362-ff4e15dca71d in the queue, number of delete block transactions: 3, TxID list: 1,2,3
2019-08-10 04:39:14,593 INFO  block.SCMBlockDeletingService (SCMBlockDeletingService.java:call(182)) - Totally added 3 delete blocks command for 1 datanodes, task elapsed time: 2ms
2019-08-10 04:39:14,608 INFO  commands.RetriableDatanodeEventWatcher (RetriableDatanodeEventWatcher.java:onTimeout(47)) - RetriableDatanodeCommand type=deleteBlocksCommand with id=1565411942198 timed out. Retrying.
2019-08-10 04:39:14,616 INFO  commands.RetriableDatanodeEventWatcher (RetriableDatanodeEventWatcher.java:onTimeout(47)) - RetriableDatanodeCommand type=deleteBlocksCommand with id=1565411942257 timed out. Retrying.
2019-08-10 04:39:14,625 INFO  commands.RetriableDatanodeEventWatcher (RetriableDatanodeEventWatcher.java:onTimeout(47)) - RetriableDatanodeCommand type=deleteBlocksCommand with id=1565411942208 timed out. Retrying.
2019-08-10 04:39:14,627 INFO  commands.RetriableDatanodeEventWatcher (RetriableDatanodeEventWatcher.java:onTimeout(47)) - RetriableDatanodeCommand type=deleteBlocksCommand with id=1565411942267 timed out. Retrying.
2019-08-10 04:39:14,643 INFO  commands.RetriableDatanodeEventWatcher (RetriableDatanodeEventWatcher.java:onTimeout(47)) - RetriableDatanodeCommand type=deleteBlocksCommand with id=1565411942277 timed out. Retrying.
2019-08-10 04:39:14,645 INFO  commands.RetriableDatanodeEventWatcher (RetriableDatanodeEventWatcher.java:onTimeout(47)) - RetriableDatanodeCommand type=deleteBlocksCommand with id=1565411942218 timed out. Retrying.
2019-08-10 04:39:14,655 INFO  commands.RetriableDatanodeEventWatcher (RetriableDatanodeEventWatcher.java:onTimeout(47)) - RetriableDatanodeCommand type=deleteBlocksCommand with id=1565411942228 timed out. Retrying.
2019-08-10 04:39:14,660 INFO  commands.RetriableDatanodeEventWatcher (RetriableDatanodeEventWatcher.java:onTimeout(47)) - RetriableDatanodeCommand type=deleteBlocksCommand with id=1565411942287 timed out. Retrying.
2019-08-10 04:39:14,675 INFO  commands.RetriableDatanodeEventWatcher (RetriableDatanodeEventWatcher.java:onTimeout(47)) - RetriableDatanodeCommand type=deleteBlocksCommand with id=1565411942297 timed out. Retrying.
2019-08-10 04:39:14,675 INFO  commands.RetriableDatanodeEventWatcher (RetriableDatanodeEventWatcher.java:onTimeout(47)) - RetriableDatanodeCommand type=deleteBlocksCommand with id=1565411942238 timed out. Retrying.
2019-08-10 04:39:14,693 INFO  commands.RetriableDatanodeEventWatcher (RetriableDatanodeEventWatcher.java:onTimeout(47)) - RetriableDatanodeCommand type=deleteBlocksCommand with id=1565411942248 timed out. Retrying.
2019-08-10 04:39:14,693 DEBUG block.SCMBlockDeletingService (SCMBlockDeletingService.java:call(138)) - Running DeletedBlockTransactionScanner
2019-08-10 04:39:14,694 DEBUG block.SCMBlockDeletingService (SCMBlockDeletingService.java:call(155)) - Scanned deleted blocks log and got 3 delTX to process.
2019-08-10 04:39:14,694 DEBUG block.SCMBlockDeletingService (SCMBlockDeletingService.java:call(171)) - Added delete block command for datanode 6c928baf-cc3b-4a10-9362-ff4e15dca71d in the queue, number of delete block transactions: 3, TxID list: 1,2,3
2019-08-10 04:39:14,694 INFO  block.SCMBlockDeletingService (SCMBlockDeletingService.java:call(182)) - Totally added 3 delete blocks command for 1 datanodes, task elapsed time: 1ms
2019-08-10 04:39:14,708 INFO  commands.RetriableDatanodeEventWatcher (RetriableDatanodeEventWatcher.java:onTimeout(47)) - RetriableDatanodeCommand type=deleteBlocksCommand with id=1565411942199 timed out. Retrying.
2019-08-10 04:39:14,717 INFO  commands.RetriableDatanodeEventWatcher (RetriableDatanodeEventWatcher.java:onTimeout(47)) - RetriableDatanodeCommand type=deleteBlocksCommand with id=1565411942258 timed out. Retrying.
2019-08-10 04:39:14,728 INFO  commands.RetriableDatanodeEventWatcher (RetriableDatanodeEventWatcher.java:onTimeout(47)) - RetriableDatanodeCommand type=deleteBlocksCommand with id=1565411942209 timed out. Retrying.
2019-08-10 04:39:14,732 INFO  commands.RetriableDatanodeEventWatcher (RetriableDatanodeEventWatcher.java:onTimeout(47)) - RetriableDatanodeCommand type=deleteBlocksCommand with id=1565411942268 timed out. Retrying.
2019-08-10 04:39:14,739 INFO  commands.RetriableDatanodeEventWatcher (RetriableDatanodeEventWatcher.java:onTimeout(47)) - RetriableDatanodeCommand type=deleteBlocksCommand with id=1565411942219 timed out. Retrying.
2019-08-10 04:39:14,748 INFO  commands.RetriableDatanodeEventWatcher (RetriableDatanodeEventWatcher.java:onTimeout(47)) - RetriableDatanodeCommand type=deleteBlocksCommand with id=1565411942278 timed out. Retrying.
2019-08-10 04:39:14,757 INFO  commands.RetriableDatanodeEventWatcher (RetriableDatanodeEventWatcher.java:onTimeout(47)) - RetriableDatanodeCommand type=deleteBlocksCommand with id=1565411942229 timed out. Retrying.
2019-08-10 04:39:14,761 INFO  commands.RetriableDatanodeEventWatcher (RetriableDatanodeEventWatcher.java:onTimeout(47)) - RetriableDatanodeCommand type=deleteBlocksCommand with id=1565411942288 timed out. Retrying.
2019-08-10 04:39:14,775 INFO  commands.RetriableDatanodeEventWatcher (RetriableDatanodeEventWatcher.java:onTimeout(47)) - RetriableDatanodeCommand type=deleteBlocksCommand with id=1565411942298 timed out. Retrying.
2019-08-10 04:39:14,775 INFO  commands.RetriableDatanodeEventWatcher (RetriableDatanodeEventWatcher.java:onTimeout(47)) - RetriableDatanodeCommand type=deleteBlocksCommand with id=1565411942239 timed out. Retrying.
2019-08-10 04:39:14,795 DEBUG block.SCMBlockDeletingService (SCMBlockDeletingService.java:call(138)) - Running DeletedBlockTransactionScanner
2019-08-10 04:39:14,796 DEBUG block.SCMBlockDeletingService (SCMBlockDeletingService.java:call(155)) - Scanned deleted blocks log and got 3 delTX to process.
2019-08-10 04:39:14,796 INFO  commands.RetriableDatanodeEventWatcher (RetriableDatanodeEventWatcher.java:onTimeout(47)) - RetriableDatanodeCommand type=deleteBlocksCommand with id=1565411942249 timed out. Retrying.
2019-08-10 04:39:14,797 DEBUG block.SCMBlockDeletingService (SCMBlockDeletingService.java:call(171)) - Added delete block command for datanode 6c928baf-cc3b-4a10-9362-ff4e15dca71d in the queue, number of delete block transactions: 3, TxID list: 1,2,3
2019-08-10 04:39:14,798 INFO  block.SCMBlockDeletingService (SCMBlockDeletingService.java:call(182)) - Totally added 3 delete blocks command for 1 datanodes, task elapsed time: 2ms
2019-08-10 04:39:14,815 INFO  commands.RetriableDatanodeEventWatcher (RetriableDatanodeEventWatcher.java:onTimeout(47)) - RetriableDatanodeCommand type=deleteBlocksCommand with id=1565411942200 timed out. Retrying.
2019-08-10 04:39:14,819 INFO  commands.RetriableDatanodeEventWatcher (RetriableDatanodeEventWatcher.java:onTimeout(47)) - RetriableDatanodeCommand type=deleteBlocksCommand with id=1565411942259 timed out. Retrying.
2019-08-10 04:39:14,828 INFO  commands.RetriableDatanodeEventWatcher (RetriableDatanodeEventWatcher.java:onTimeout(47)) - RetriableDatanodeCommand type=deleteBlocksCommand with id=1565411942210 timed out. Retrying.
2019-08-10 04:39:14,830 INFO  commands.RetriableDatanodeEventWatcher (RetriableDatanodeEventWatcher.java:onTimeout(47)) - RetriableDatanodeCommand type=deleteBlocksCommand with id=1565411942269 timed out. Retrying.
2019-08-10 04:39:14,848 INFO  commands.RetriableDatanodeEventWatcher (RetriableDatanodeEventWatcher.java:onTimeout(47)) - RetriableDatanodeCommand type=deleteBlocksCommand with id=1565411942279 timed out. Retrying.
2019-08-10 04:39:14,848 INFO  commands.RetriableDatanodeEventWatcher (RetriableDatanodeEventWatcher.java:onTimeout(47)) - RetriableDatanodeCommand type=deleteBlocksCommand with id=1565411942220 timed out. Retrying.
2019-08-10 04:39:14,861 INFO  commands.RetriableDatanodeEventWatcher (RetriableDatanodeEventWatcher.java:onTimeout(47)) - RetriableDatanodeCommand type=deleteBlocksCommand with id=1565411942230 timed out. Retrying.
2019-08-10 04:39:14,863 INFO  commands.RetriableDatanodeEventWatcher (RetriableDatanodeEventWatcher.java:onTimeout(47)) - RetriableDatanodeCommand type=deleteBlocksCommand with id=1565411942289 timed out. Retrying.
2019-08-10 04:39:14,877 INFO  commands.RetriableDatanodeEventWatcher (RetriableDatanodeEventWatcher.java:onTimeout(47)) - RetriableDatanodeCommand type=deleteBlocksCommand with id=1565411942299 timed out. Retrying.
2019-08-10 04:39:14,878 INFO  commands.RetriableDatanodeEventWatcher (RetriableDatanodeEventWatcher.java:onTimeout(47)) - RetriableDatanodeCommand type=deleteBlocksCommand with id=1565411942240 timed out. Retrying.
2019-08-10 04:39:14,898 INFO  commands.RetriableDatanodeEventWatcher (RetriableDatanodeEventWatcher.java:onTimeout(47)) - RetriableDatanodeCommand type=deleteBlocksCommand with id=1565411942250 timed out. Retrying.
2019-08-10 04:39:14,898 DEBUG block.SCMBlockDeletingService (SCMBlockDeletingService.java:call(138)) - Running DeletedBlockTransactionScanner
2019-08-10 04:39:14,899 DEBUG block.SCMBlockDeletingService (SCMBlockDeletingService.java:call(155)) - Scanned deleted blocks log and got 3 delTX to process.
2019-08-10 04:39:14,899 DEBUG block.SCMBlockDeletingService (SCMBlockDeletingService.java:call(171)) - Added delete block command for datanode 6c928baf-cc3b-4a10-9362-ff4e15dca71d in the queue, number of delete block transactions: 3, TxID list: 1,2,3
2019-08-10 04:39:14,900 INFO  block.SCMBlockDeletingService (SCMBlockDeletingService.java:call(182)) - Totally added 3 delete blocks command for 1 datanodes, task elapsed time: 1ms
2019-08-10 04:39:14,910 INFO  commands.RetriableDatanodeEventWatcher (RetriableDatanodeEventWatcher.java:onTimeout(47)) - RetriableDatanodeCommand type=deleteBlocksCommand with id=1565411942201 timed out. Retrying.
2019-08-10 04:39:14,922 INFO  commands.RetriableDatanodeEventWatcher (RetriableDatanodeEventWatcher.java:onTimeout(47)) - RetriableDatanodeCommand type=deleteBlocksCommand with id=1565411942260 timed out. Retrying.
2019-08-10 04:39:14,930 INFO  commands.RetriableDatanodeEventWatcher (RetriableDatanodeEventWatcher.java:onTimeout(47)) - RetriableDatanodeCommand type=deleteBlocksCommand with id=1565411942211 timed out. Retrying.
2019-08-10 04:39:14,935 INFO  commands.RetriableDatanodeEventWatcher (RetriableDatanodeEventWatcher.java:onTimeout(47)) - RetriableDatanodeCommand type=deleteBlocksCommand with id=1565411942270 timed out. Retrying.
2019-08-10 04:39:14,944 INFO  commands.RetriableDatanodeEventWatcher (RetriableDatanodeEventWatcher.java:onTimeout(47)) - RetriableDatanodeCommand type=deleteBlocksCommand with id=1565411942221 timed out. Retrying.
2019-08-10 04:39:14,949 INFO  commands.RetriableDatanodeEventWatcher (RetriableDatanodeEventWatcher.java:onTimeout(47)) - RetriableDatanodeCommand type=deleteBlocksCommand with id=1565411942280 timed out. Retrying.
2019-08-10 04:39:14,963 INFO  commands.RetriableDatanodeEventWatcher (RetriableDatanodeEventWatcher.java:onTimeout(47)) - RetriableDatanodeCommand type=deleteBlocksCommand with id=1565411942231 timed out. Retrying.
2019-08-10 04:39:14,963 INFO  commands.RetriableDatanodeEventWatcher (RetriableDatanodeEventWatcher.java:onTimeout(47)) - RetriableDatanodeCommand type=deleteBlocksCommand with id=1565411942290 timed out. Retrying.
2019-08-10 04:39:14,978 INFO  commands.RetriableDatanodeEventWatcher (RetriableDatanodeEventWatcher.java:onTimeout(47)) - RetriableDatanodeCommand type=deleteBlocksCommand with id=1565411942300 timed out. Retrying.
2019-08-10 04:39:14,979 INFO  commands.RetriableDatanodeEventWatcher (RetriableDatanodeEventWatcher.java:onTimeout(47)) - RetriableDatanodeCommand type=deleteBlocksCommand with id=1565411942241 timed out. Retrying.
2019-08-10 04:39:15,000 DEBUG block.SCMBlockDeletingService (SCMBlockDeletingService.java:call(138)) - Running DeletedBlockTransactionScanner
2019-08-10 04:39:15,001 DEBUG block.SCMBlockDeletingService (SCMBlockDeletingService.java:call(155)) - Scanned deleted blocks log and got 3 delTX to process.
2019-08-10 04:39:15,001 DEBUG block.SCMBlockDeletingService (SCMBlockDeletingService.java:call(171)) - Added delete block command for datanode 6c928baf-cc3b-4a10-9362-ff4e15dca71d in the queue, number of delete block transactions: 3, TxID list: 1,2,3
2019-08-10 04:39:15,002 INFO  block.SCMBlockDeletingService (SCMBlockDeletingService.java:call(182)) - Totally added 3 delete blocks command for 1 datanodes, task elapsed time: 1ms
2019-08-10 04:39:15,007 INFO  commands.RetriableDatanodeEventWatcher (RetriableDatanodeEventWatcher.java:onTimeout(47)) - RetriableDatanodeCommand type=deleteBlocksCommand with id=1565411942251 timed out. Retrying.
2019-08-10 04:39:15,016 INFO  commands.RetriableDatanodeEventWatcher (RetriableDatanodeEventWatcher.java:onTimeout(47)) - RetriableDatanodeCommand type=deleteBlocksCommand with id=1565411942202 timed out. Retrying.
2019-08-10 04:39:15,022 INFO  commands.RetriableDatanodeEventWatcher (RetriableDatanodeEventWatcher.java:onTimeout(47)) - RetriableDatanodeCommand type=deleteBlocksCommand with id=1565411942261 timed out. Retrying.
2019-08-10 04:39:15,075 INFO  commands.RetriableDatanodeEventWatcher (RetriableDatanodeEventWatcher.java:onTimeout(47)) - RetriableDatanodeCommand type=deleteBlocksCommand with id=1565411942303 timed out. Retrying.
2019-08-10 04:39:15,075 INFO  commands.RetriableDatanodeEventWatcher (RetriableDatanodeEventWatcher.java:onTimeout(47)) - RetriableDatanodeCommand type=deleteBlocksCommand with id=1565411942232 timed out. Retrying.
2019-08-10 04:39:15,075 INFO  commands.RetriableDatanodeEventWatcher (RetriableDatanodeEventWatcher.java:onTimeout(47)) - RetriableDatanodeCommand type=deleteBlocksCommand with id=1565411942212 timed out. Retrying.
2019-08-10 04:39:15,076 INFO  commands.RetriableDatanodeEventWatcher (RetriableDatanodeEventWatcher.java:onTimeout(47)) - RetriableDatanodeCommand type=deleteBlocksCommand with id=1565411942271 timed out. Retrying.
2019-08-10 04:39:15,076 INFO  commands.RetriableDatanodeEventWatcher (RetriableDatanodeEventWatcher.java:onTimeout(47)) - RetriableDatanodeCommand type=deleteBlocksCommand with id=1565411942291 timed out. Retrying.
2019-08-10 04:39:15,076 INFO  commands.RetriableDatanodeEventWatcher (RetriableDatanodeEventWatcher.java:onTimeout(47)) - RetriableDatanodeCommand type=deleteBlocksCommand with id=1565411942281 timed out. Retrying.
2019-08-10 04:39:15,076 INFO  commands.RetriableDatanodeEventWatcher (RetriableDatanodeEventWatcher.java:onTimeout(47)) - RetriableDatanodeCommand type=deleteBlocksCommand with id=1565411942222 timed out. Retrying.
2019-08-10 04:39:15,081 INFO  commands.RetriableDatanodeEventWatcher (RetriableDatanodeEventWatcher.java:onTimeout(47)) - RetriableDatanodeCommand type=deleteBlocksCommand with id=1565411942301 timed out. Retrying.
2019-08-10 04:39:15,081 INFO  commands.RetriableDatanodeEventWatcher (RetriableDatanodeEventWatcher.java:onTimeout(47)) - RetriableDatanodeCommand type=deleteBlocksCommand with id=1565411942242 timed out. Retrying.
2019-08-10 04:39:15,102 DEBUG block.SCMBlockDeletingService (SCMBlockDeletingService.java:call(138)) - Running DeletedBlockTransactionScanner
2019-08-10 04:39:15,102 DEBUG block.SCMBlockDeletingService (SCMBlockDeletingService.java:call(155)) - Scanned deleted blocks log and got 3 delTX to process.
2019-08-10 04:39:15,103 DEBUG block.SCMBlockDeletingService (SCMBlockDeletingService.java:call(171)) - Added delete block command for datanode 6c928baf-cc3b-4a10-9362-ff4e15dca71d in the queue, number of delete block transactions: 3, TxID list: 1,2,3
2019-08-10 04:39:15,103 INFO  block.SCMBlockDeletingService (SCMBlockDeletingService.java:call(182)) - Totally added 3 delete blocks command for 1 datanodes, task elapsed time: 1ms
2019-08-10 04:39:15,108 INFO  commands.RetriableDatanodeEventWatcher (RetriableDatanodeEventWatcher.java:onTimeout(47)) - RetriableDatanodeCommand type=deleteBlocksCommand with id=1565411942252 timed out. Retrying.
2019-08-10 04:39:15,117 INFO  commands.RetriableDatanodeEventWatcher (RetriableDatanodeEventWatcher.java:onTimeout(47)) - RetriableDatanodeCommand type=deleteBlocksCommand with id=1565411942203 timed out. Retrying.
2019-08-10 04:39:15,123 INFO  commands.RetriableDatanodeEventWatcher (RetriableDatanodeEventWatcher.java:onTimeout(47)) - RetriableDatanodeCommand type=deleteBlocksCommand with id=1565411942262 timed out. Retrying.
2019-08-10 04:39:15,134 INFO  commands.RetriableDatanodeEventWatcher (RetriableDatanodeEventWatcher.java:onTimeout(47)) - RetriableDatanodeCommand type=deleteBlocksCommand with id=1565411942213 timed out. Retrying.
2019-08-10 04:39:15,138 INFO  commands.RetriableDatanodeEventWatcher (RetriableDatanodeEventWatcher.java:onTimeout(47)) - RetriableDatanodeCommand type=deleteBlocksCommand with id=1565411942272 timed out. Retrying.
2019-08-10 04:39:15,147 INFO  commands.RetriableDatanodeEventWatcher (RetriableDatanodeEventWatcher.java:onTimeout(47)) - RetriableDatanodeCommand type=deleteBlocksCommand with id=1565411942223 timed out. Retrying.
2019-08-10 04:39:15,152 INFO  commands.RetriableDatanodeEventWatcher (RetriableDatanodeEventWatcher.java:onTimeout(47)) - RetriableDatanodeCommand type=deleteBlocksCommand with id=1565411942282 timed out. Retrying.
2019-08-10 04:39:15,167 INFO  commands.RetriableDatanodeEventWatcher (RetriableDatanodeEventWatcher.java:onTimeout(47)) - RetriableDatanodeCommand type=deleteBlocksCommand with id=1565411942292 timed out. Retrying.
2019-08-10 04:39:15,167 INFO  commands.RetriableDatanodeEventWatcher (RetriableDatanodeEventWatcher.java:onTimeout(47)) - RetriableDatanodeCommand type=deleteBlocksCommand with id=1565411942233 timed out. Retrying.
2019-08-10 04:39:15,169 INFO  commands.RetriableDatanodeEventWatcher (RetriableDatanodeEventWatcher.java:onTimeout(47)) - RetriableDatanodeCommand type=deleteBlocksCommand with id=1565411942304 timed out. Retrying.
2019-08-10 04:39:15,180 INFO  commands.RetriableDatanodeEventWatcher (RetriableDatanodeEventWatcher.java:onTimeout(47)) - RetriableDatanodeCommand type=deleteBlocksCommand with id=1565411942302 timed out. Retrying.
2019-08-10 04:39:15,184 INFO  commands.RetriableDatanodeEventWatcher (RetriableDatanodeEventWatcher.java:onTimeout(47)) - RetriableDatanodeCommand type=deleteBlocksCommand with id=1565411942243 timed out. Retrying.
2019-08-10 04:39:15,204 DEBUG block.SCMBlockDeletingService (SCMBlockDeletingService.java:call(138)) - Running DeletedBlockTransactionScanner
2019-08-10 04:39:15,205 DEBUG block.SCMBlockDeletingService (SCMBlockDeletingService.java:call(155)) - Scanned deleted blocks log and got 3 delTX to process.
2019-08-10 04:39:15,205 INFO  commands.RetriableDatanodeEventWatcher (RetriableDatanodeEventWatcher.java:onTimeout(47)) - SCMBlockDeletingService.java:call(171)) - Added delete block command for datanode 6c928baf-cc3b-4a10-9362-ff4e15dca71d in the queue, number of delete block transactions: 3, TxID list: 1,2,3
2019-08-10 04:39:15,205 INFO  commands.RetriableDatanodeEventWatcher (RetriableDatanodeEventWatcher.java:onTimeout(47)) - RetriableDatanodeCommand type=deleteBlocksCommand with id=1565411942194 timed out. Retrying.
2019-08-10 04:39:15,206 INFO  block.SCMBlockDeletingService (SCMBlockDeletingService.java:call(182)) - Totally added 3 delete blocks command for 1 datanodes, task elapsed time: 2ms
2019-08-10 04:39:15,209 INFO  commands.RetriableDatanodeEventWatcher (RetriableDatanodeEventWatcher.java:onTimeout(47)) - RetriableDatanodeCommand type=deleteBlocksCommand with id=1565411942253 timed out. Retrying.
2019-08-10 04:39:15,220 INFO  commands.RetriableDatanodeEventWatcher (RetriableDatanodeEventWatcher.java:onTimeout(47)) - RetriableDatanodeCommand type=deleteBlocksCommand with id=1565411942204 timed out. Retrying.
2019-08-10 04:39:15,224 INFO  commands.RetriableDatanodeEventWatcher (RetriableDatanodeEventWatcher.java:onTimeout(47)) - RetriableDatanodeCommand type=deleteBlocksCommand with id=1565411942263 timed out. Retrying.
2019-08-10 04:39:15,235 INFO  commands.RetriableDatanodeEventWatcher (RetriableDatanodeEventWatcher.java:onTimeout(47)) - RetriableDatanodeCommand type=deleteBlocksCommand with id=1565411942214 timed out. Retrying.
2019-08-10 04:39:15,239 INFO  commands.RetriableDatanodeEventWatcher (RetriableDatanodeEventWatcher.java:onTimeout(47)) - RetriableDatanodeCommand type=deleteBlocksCommand with id=1565411942273 timed out. Retrying.
2019-08-10 04:39:15,249 ERROR statemachine.EndpointStateMachine (EndpointStateMachine.java:logIfNeeded(204)) - Unable to communicate to SCM server at 0.0.0.0:42145 for past 0 seconds.
java.net.SocketTimeoutException: Call From byscane-nightly-wggqd-62853239/192.168.157.255 to 0.0.0.0:42145 failed on socket timeout exception: java.net.SocketTimeoutException: 1000 millis timeout while waiting for channel to be ready for read. ch : java.nio.channels.SocketChannel[connected local=/192.168.157.255:48316 remote=/0.0.0.0:42145]; For more details see:  http://wiki.apache.org/hadoop/SocketTimeout
	at sun.reflect.NativeConstructorAccessorImpl.newInstance0(Native Method)
	at sun.reflect.NativeConstructorAccessorImpl.newInstance(NativeConstructorAccessorImpl.java:62)
	at sun.reflect.DelegatingConstructorAccessorImpl.newInstance(DelegatingConstructorAccessorImpl.java:45)
	at java.lang.reflect.Constructor.newInstance(Constructor.java:423)
	at org.apache.hadoop.net.NetUtils.wrapWithMessage(NetUtils.java:831)
	at org.apache.hadoop.net.NetUtils.wrapException(NetUtils.java:775)
	at org.apache.hadoop.ipc.Client.getRpcResponse(Client.java:1515)
	at org.apache.hadoop.ipc.Client.call(Client.java:1457)
	at org.apache.hadoop.ipc.Client.call(Client.java:1367)
	at org.apache.hadoop.ipc.ProtobufRpcEngine$Invoker.invoke(ProtobufRpcEngine.java:228)
	at org.apache.hadoop.ipc.ProtobufRpcEngine$Invoker.invoke(ProtobufRpcEngine.java:116)
	at com.sun.proxy.$Proxy83.sendHeartbeat(Unknown Source)
	at org.apache.hadoop.ozone.protocolPB.StorageContainerDatanodeProtocolClientSideTranslatorPB.sendHeartbeat(StorageContainerDatanodeProtocolClientSideTranslatorPB.java:131)
	at org.apache.hadoop.ozone.container.common.states.endpoint.HeartbeatEndpointTask.call(HeartbeatEndpointTask.java:143)
	at org.apache.hadoop.ozone.container.common.states.endpoint.HeartbeatEndpointTask.call(HeartbeatEndpointTask.java:74)
	at java.util.concurrent.FutureTask.run(FutureTask.java:266)
	at java.util.concurrent.Executors$RunnableAdapter.call(Executors.java:511)
	at java.util.concurrent.FutureTask.run(FutureTask.java:266)
	at java.util.concurrent.ThreadPoolExecutor.runWorker(ThreadPoolExecutor.java:1149)
	at java.util.concurrent.ThreadPoolExecutor$Worker.run(ThreadPoolExecutor.java:624)
	at java.lang.Thread.run(Thread.java:748)
Caused by: java.net.SocketTimeoutException: 1000 millis timeout while waiting for channel to be ready for read. ch : java.nio.channels.SocketChannel[connected local=/192.168.157.255:48316 remote=/0.0.0.0:42145]
	at org.apache.hadoop.net.SocketIOWithTimeout.doIO(SocketIOWithTimeout.java:164)
	at org.apache.hadoop.net.SocketInputStream.read(SocketInputStream.java:161)
	at org.apache.hadoop.net.SocketInputStream.read(SocketInputStream.java:131)
	at java.io.FilterInputStream.read(FilterInputStream.java:133)
	at java.io.BufferedInputStream.fill(BufferedInputStream.java:246)
	at java.io.BufferedInputStream.read(BufferedInputStream.java:265)
	at java.io.FilterInputStream.read(FilterInputStream.java:83)
	at java.io.FilterInputStream.read(FilterInputStream.java:83)
	at org.apache.hadoop.ipc.Client$Connection$PingInputStream.read(Client.java:557)
	at java.io.DataInputStream.readInt(DataInputStream.java:387)
	at org.apache.hadoop.ipc.Client$IpcStreams.readResponse(Client.java:1816)
	at org.apache.hadoop.ipc.Client$Connection.receiveRpcResponse(Client.java:1173)
	at org.apache.hadoop.ipc.Client$Connection.run(Client.java:1069)
2019-08-10 04:39:15,252 INFO  commands.RetriableDatanodeEventWatcher (RetriableDatanodeEventWatcher.java:onTimeout(47)) - RetriableDatanodeCommand type=deleteBlocksCommand with id=1565411942224 timed out. Retrying.
2019-08-10 04:39:15,255 INFO  commands.RetriableDatanodeEventWatcher (RetriableDatanodeEventWatcher.java:onTimeout(47)) - RetriableDatanodeCommand type=deleteBlocksCommand with id=1565411942283 timed out. Retrying.
2019-08-10 04:39:15,264 INFO  block.SCMBlockDeletingService (SCMBlockDeletingService.java:handlePendingDeletes(115)) - Block deletion txnID mismatch in datanode 6c928baf-cc3b-4a10-9362-ff4e15dca71d for containerID 1. Datanode delete txnID: 0, SCM txnID: 1
2019-08-10 04:39:15,264 INFO  block.SCMBlockDeletingService (SCMBlockDeletingService.java:handlePendingDeletes(115)) - Block deletion txnID mismatch in datanode 6c928baf-cc3b-4a10-9362-ff4e15dca71d for containerID 2. Datanode delete txnID: 0, SCM txnID: 2
2019-08-10 04:39:15,264 INFO  block.SCMBlockDeletingService (SCMBlockDeletingService.java:handlePendingDeletes(115)) - Block deletion txnID mismatch in datanode 6c928baf-cc3b-4a10-9362-ff4e15dca71d for containerID 3. Datanode delete txnID: 0, SCM txnID: 3
2019-08-10 04:39:15,267 INFO  commands.RetriableDatanodeEventWatcher (RetriableDatanodeEventWatcher.java:onTimeout(47)) - RetriableDatanodeCommand type=deleteBlocksCommand with id=1565411942234 timed out. Retrying.
2019-08-10 04:39:15,269 INFO  commands.RetriableDatanodeEventWatcher (RetriableDatanodeEventWatcher.java:onTimeout(47)) - RetriableDatanodeCommand type=deleteBlocksCommand with id=1565411942293 timed out. Retrying.
2019-08-10 04:39:15,270 INFO  commands.RetriableDatanodeEventWatcher (RetriableDatanodeEventWatcher.java:onTimeout(47)) - RetriableDatanodeCommand type=deleteBlocksCommand with id=1565411942305 timed out. Retrying.
2019-08-10 04:39:15,287 INFO  commands.RetriableDatanodeEventWatcher (RetriableDatanodeEventWatcher.java:onTimeout(47)) - RetriableDatanodeCommand type=deleteBlocksCommand with id=1565411942244 timed out. Retrying.
2019-08-10 04:39:15,300 INFO  impl.FollowerState (FollowerState.java:run(106)) - 6c928baf-cc3b-4a10-9362-ff4e15dca71d:group-586430B97ADD changes to CANDIDATE, lastRpcTime:5043, electionTimeout:5043ms
2019-08-10 04:39:15,302 INFO  impl.RoleInfo (RoleInfo.java:shutdownFollowerState(121)) - 6c928baf-cc3b-4a10-9362-ff4e15dca71d: shutdown FollowerState
2019-08-10 04:39:15,302 INFO  impl.RaftServerImpl (RaftServerImpl.java:setRole(171)) - 6c928baf-cc3b-4a10-9362-ff4e15dca71d:group-586430B97ADD changes role from FOLLOWER to CANDIDATE at term 1 for changeToCandidate
2019-08-10 04:39:15,303 INFO  impl.RoleInfo (RoleInfo.java:updateAndGet(143)) - 6c928baf-cc3b-4a10-9362-ff4e15dca71d: start LeaderElection
2019-08-10 04:39:15,306 DEBUG block.SCMBlockDeletingService (SCMBlockDeletingService.java:call(138)) - Running DeletedBlockTransactionScanner
2019-08-10 04:39:15,307 DEBUG block.SCMBlockDeletingService (SCMBlockDeletingService.java:call(155)) - Scanned deleted blocks log and got 3 delTX to process.
2019-08-10 04:39:15,308 DEBUG block.SCMBlockDeletingService (SCMBlockDeletingService.java:call(171)) - Added delete block command for datanode 6c928baf-cc3b-4a10-9362-ff4e15dca71d in the queue, number of delete block transactions: 3, TxID list: 1,2,3
2019-08-10 04:39:15,309 INFO  block.SCMBlockDeletingService (SCMBlockDeletingService.java:call(182)) - Totally added 3 delete blocks command for 1 datanodes, task elapsed time: 2ms
2019-08-10 04:39:15,309 INFO  commands.RetriableDatanodeEventWatcher (RetriableDatanodeEventWatcher.java:onTimeout(47)) - RetriableDatanodeCommand type=deleteBlocksCommand with id=1565411942195 timed out. Retrying.
2019-08-10 04:39:15,309 INFO  commands.RetriableDatanodeEventWatcher (RetriableDatanodeEventWatcher.java:onTimeout(47)) - RetriableDatanodeCommand type=deleteBlocksCommand with id=1565411942254 timed out. Retrying.
2019-08-10 04:39:15,321 INFO  commands.RetriableDatanodeEventWatcher (RetriableDatanodeEventWatcher.java:onTimeout(47)) - RetriableDatanodeCommand type=deleteBlocksCommand with id=1565411942205 timed out. Retrying.
2019-08-10 04:39:15,325 INFO  commands.RetriableDatanodeEventWatcher (RetriableDatanodeEventWatcher.java:onTimeout(47)) - RetriableDatanodeCommand type=deleteBlocksCommand with id=1565411942264 timed out. Retrying.
2019-08-10 04:39:15,337 INFO  commands.RetriableDatanodeEventWatcher (RetriableDatanodeEventWatcher.java:onTimeout(47)) - RetriableDatanodeCommand type=deleteBlocksCommand with id=1565411942215 timed out. Retrying.
2019-08-10 04:39:15,340 INFO  commands.RetriableDatanodeEventWatcher (RetriableDatanodeEventWatcher.java:onTimeout(47)) - RetriableDatanodeCommand type=deleteBlocksCommand with id=1565411942274 timed out. Retrying.
2019-08-10 04:39:15,353 INFO  commands.RetriableDatanodeEventWatcher (RetriableDatanodeEventWatcher.java:onTimeout(47)) - RetriableDatanodeCommand type=deleteBlocksCommand with id=1565411942225 timed out. Retrying.
2019-08-10 04:39:15,356 INFO  commands.RetriableDatanodeEventWatcher (RetriableDatanodeEventWatcher.java:onTimeout(47)) - RetriableDatanodeCommand type=deleteBlocksCommand with id=1565411942284 timed out. Retrying.
2019-08-10 04:39:15,368 INFO  commands.RetriableDatanodeEventWatcher (RetriableDatanodeEventWatcher.java:onTimeout(47)) - RetriableDatanodeCommand type=deleteBlocksCommand with id=1565411942235 timed out. Retrying.
2019-08-10 04:39:15,371 INFO  commands.RetriableDatanodeEventWatcher (RetriableDatanodeEventWatcher.java:onTimeout(47)) - RetriableDatanodeCommand type=deleteBlocksCommand with id=1565411942294 timed out. Retrying.
2019-08-10 04:39:15,371 INFO  commands.RetriableDatanodeEventWatcher (RetriableDatanodeEventWatcher.java:onTimeout(47)) - RetriableDatanodeCommand type=deleteBlocksCommand with id=1565411942306 timed out. Retrying.
2019-08-10 04:39:15,388 INFO  commands.RetriableDatanodeEventWatcher (RetriableDatanodeEventWatcher.java:onTimeout(47)) - RetriableDatanodeCommand type=deleteBlocksCommand with id=1565411942245 timed out. Retrying.
2019-08-10 04:39:15,406 INFO  commands.RetriableDatanodeEventWatcher (RetriableDatanodeEventWatcher.java:onTimeout(47)) - RetriableDatanodeCommand type=deleteBlocksCommand with id=1565411942196 timed out. Retrying.
2019-08-10 04:39:15,409 DEBUG block.SCMBlockDeletingService (SCMBlockDeletingService.java:call(138)) - Running DeletedBlockTransactionScanner
2019-08-10 04:39:15,410 DEBUG block.SCMBlockDeletingService (SCMBlockDeletingService.java:call(155)) - Scanned deleted blocks log and got 3 delTX to process.
2019-08-10 04:39:15,410 DEBUG block.SCMBlockDeletingService (SCMBlockDeletingService.java:call(171)) - Added delete block command for datanode 6c928baf-cc3b-4a10-9362-ff4e15dca71d in the queue, number of delete block transactions: 3, TxID list: 1,2,3
2019-08-10 04:39:15,410 INFO  block.SCMBlockDeletingService (SCMBlockDeletingService.java:call(182)) - Totally added 3 delete blocks command for 1 datanodes, task elapsed time: 1ms
2019-08-10 04:39:15,411 INFO  commands.RetriableDatanodeEventWatcher (RetriableDatanodeEventWatcher.java:onTimeout(47)) - RetriableDatanodeCommand type=deleteBlocksCommand with id=1565411942255 timed out. Retrying.
2019-08-10 04:39:15,487 INFO  commands.RetriableDatanodeEventWatcher (RetriableDatanodeEventWatcher.java:onTimeout(47)) - RetriableDatanodeCommand type=deleteBlocksCommand with id=1565411942285 timed out. Retrying.
2019-08-10 04:39:15,487 INFO  commands.RetriableDatanodeEventWatcher (RetriableDatanodeEventWatcher.java:onTimeout(47)) - RetriableDatanodeCommand type=deleteBlocksCommand with id=1565411942275 timed out. Retrying.
2019-08-10 04:39:15,488 INFO  commands.RetriableDatanodeEventWatcher (RetriableDatanodeEventWatcher.java:onTimeout(47)) - RetriableDatanodeCommand type=deleteBlocksCommand with id=1565411942206 timed out. Retrying.
2019-08-10 04:39:15,488 INFO  commands.RetriableDatanodeEventWatcher (RetriableDatanodeEventWatcher.java:onTimeout(47)) - RetriableDatanodeCommand type=deleteBlocksCommand with id=1565411942226 timed out. Retrying.
2019-08-10 04:39:15,488 INFO  commands.RetriableDatanodeEventWatcher (RetriableDatanodeEventWatcher.java:onTimeout(47)) - RetriableDatanodeCommand type=deleteBlocksCommand with id=1565411942265 timed out. Retrying.
2019-08-10 04:39:15,491 INFO  commands.RetriableDatanodeEventWatcher (RetriableDatanodeEventWatcher.java:onTimeout(47)) - RetriableDatanodeCommand type=deleteBlocksCommand with id=1565411942295 timed out. Retrying.
2019-08-10 04:39:15,492 INFO  commands.RetriableDatanodeEventWatcher (RetriableDatanodeEventWatcher.java:onTimeout(47)) - RetriableDatanodeCommand type=deleteBlocksCommand with id=1565411942216 timed out. Retrying.
2019-08-10 04:39:15,492 INFO  commands.RetriableDatanodeEventWatcher (RetriableDatanodeEventWatcher.java:onTimeout(47)) - RetriableDatanodeCommand type=deleteBlocksCommand with id=1565411942307 timed out. Retrying.
2019-08-10 04:39:15,492 INFO  commands.RetriableDatanodeEventWatcher (RetriableDatanodeEventWatcher.java:onTimeout(47)) - RetriableDatanodeCommand type=deleteBlocksCommand with id=1565411942236 timed out. Retrying.
2019-08-10 04:39:15,492 INFO  commands.RetriableDatanodeEventWatcher (RetriableDatanodeEventWatcher.java:onTimeout(47)) - RetriableDatanodeCommand type=deleteBlocksCommand with id=1565411942246 timed out. Retrying.
2019-08-10 04:39:15,509 INFO  commands.RetriableDatanodeEventWatcher (RetriableDatanodeEventWatcher.java:onTimeout(47)) - RetriableDatanodeCommand type=deleteBlocksCommand with id=1565411942197 timed out. Retrying.
2019-08-10 04:39:15,510 INFO  block.SCMBlockDeletingService (SCMBlockDeletingService.java:handlePendingDeletes(115)) - Block deletion txnID mismatch in datanode 6c928baf-cc3b-4a10-9362-ff4e15dca71d for containerID 1. Datanode delete txnID: 0, SCM txnID: 1
2019-08-10 04:39:15,511 INFO  block.SCMBlockDeletingService (SCMBlockDeletingService.java:handlePendingDeletes(115)) - Block deletion txnID mismatch in datanode 6c928baf-cc3b-4a10-9362-ff4e15dca71d for containerID 2. Datanode delete txnID: 0, SCM txnID: 2
2019-08-10 04:39:15,511 INFO  block.SCMBlockDeletingService (SCMBlockDeletingService.java:handlePendingDeletes(115)) - Block deletion txnID mismatch in datanode 6c928baf-cc3b-4a10-9362-ff4e15dca71d for containerID 3. Datanode delete txnID: 0, SCM txnID: 3
2019-08-10 04:39:15,511 DEBUG block.SCMBlockDeletingService (SCMBlockDeletingService.java:call(138)) - Running DeletedBlockTransactionScanner
2019-08-10 04:39:15,512 DEBUG block.SCMBlockDeletingService (SCMBlockDeletingService.java:call(155)) - Scanned deleted blocks log and got 3 delTX to process.
2019-08-10 04:39:15,512 DEBUG block.SCMBlockDeletingService (SCMBlockDeletingService.java:call(171)) - Added delete block command for datanode 6c928baf-cc3b-4a10-9362-ff4e15dca71d in the queue, number of delete block transactions: 3, TxID list: 1,2,3
2019-08-10 04:39:15,512 INFO  block.SCMBlockDeletingService (SCMBlockDeletingService.java:call(182)) - Totally added 3 delete blocks command for 1 datanodes, task elapsed time: 2ms
2019-08-10 04:39:15,514 INFO  commands.RetriableDatanodeEventWatcher (RetriableDatanodeEventWatcher.java:onTimeout(47)) - RetriableDatanodeCommand type=deleteBlocksCommand with id=1565411942256 timed out. Retrying.
2019-08-10 04:39:15,524 INFO  commands.RetriableDatanodeEventWatcher (RetriableDatanodeEventWatcher.java:onTimeout(47)) - RetriableDatanodeCommand type=deleteBlocksCommand with id=1565411942207 timed out. Retrying.
2019-08-10 04:39:15,528 INFO  commands.RetriableDatanodeEventWatcher (RetriableDatanodeEventWatcher.java:onTimeout(47)) - RetriableDatanodeCommand type=deleteBlocksCommand with id=1565411942266 timed out. Retrying.
2019-08-10 04:39:15,536 INFO  commands.RetriableDatanodeEventWatcher (RetriableDatanodeEventWatcher.java:onTimeout(47)) - RetriableDatanodeCommand type=deleteBlocksCommand with id=1565411942217 timed out. Retrying.
2019-08-10 04:39:15,544 INFO  commands.RetriableDatanodeEventWatcher (RetriableDatanodeEventWatcher.java:onTimeout(47)) - RetriableDatanodeCommand type=deleteBlocksCommand with id=1565411942276 timed out. Retrying.
2019-08-10 04:39:15,554 INFO  commands.RetriableDatanodeEventWatcher (RetriableDatanodeEventWatcher.java:onTimeout(47)) - RetriableDatanodeCommand type=deleteBlocksCommand with id=1565411942227 timed out. Retrying.
2019-08-10 04:39:15,559 INFO  commands.RetriableDatanodeEventWatcher (RetriableDatanodeEventWatcher.java:onTimeout(47)) - RetriableDatanodeCommand type=deleteBlocksCommand with id=1565411942286 timed out. Retrying.
2019-08-10 04:39:15,570 INFO  commands.RetriableDatanodeEventWatcher (RetriableDatanodeEventWatcher.java:onTimeout(47)) - RetriableDatanodeCommand type=deleteBlocksCommand with id=1565411942237 timed out. Retrying.
2019-08-10 04:39:15,572 INFO  commands.RetriableDatanodeEventWatcher (RetriableDatanodeEventWatcher.java:onTimeout(47)) - RetriableDatanodeCommand type=deleteBlocksCommand with id=1565411942296 timed out. Retrying.
2019-08-10 04:39:15,592 INFO  commands.RetriableDatanodeEventWatcher (RetriableDatanodeEventWatcher.java:onTimeout(47)) - RetriableDatanodeCommand type=deleteBlocksCommand with id=1565411942247 timed out. Retrying.
2019-08-10 04:39:15,592 INFO  commands.RetriableDatanodeEventWatcher (RetriableDatanodeEventWatcher.java:onTimeout(47)) - RetriableDatanodeCommand type=deleteBlocksCommand with id=1565411942308 timed out. Retrying.
2019-08-10 04:39:15,608 INFO  commands.RetriableDatanodeEventWatcher (RetriableDatanodeEventWatcher.java:onTimeout(47)) - RetriableDatanodeCommand type=deleteBlocksCommand with id=1565411942198 timed out. Retrying.
2019-08-10 04:39:15,613 DEBUG block.SCMBlockDeletingService (SCMBlockDeletingService.java:call(138)) - Running DeletedBlockTransactionScanner
2019-08-10 04:39:15,613 DEBUG block.SCMBlockDeletingService (SCMBlockDeletingService.java:call(155)) - Scanned deleted blocks log and got 3 delTX to process.
2019-08-10 04:39:15,613 DEBUG block.SCMBlockDeletingService (SCMBlockDeletingService.java:call(171)) - Added delete block command for datanode 6c928baf-cc3b-4a10-9362-ff4e15dca71d in the queue, number of delete block transactions: 3, TxID list: 1,2,3
2019-08-10 04:39:15,614 INFO  block.SCMBlockDeletingService (SCMBlockDeletingService.java:call(182)) - Totally added 3 delete blocks command for 1 datanodes, task elapsed time: 1ms
2019-08-10 04:39:15,617 INFO  commands.RetriableDatanodeEventWatcher (RetriableDatanodeEventWatcher.java:onTimeout(47)) - RetriableDatanodeCommand type=deleteBlocksCommand with id=1565411942257 timed out. Retrying.
2019-08-10 04:39:15,626 INFO  commands.RetriableDatanodeEventWatcher (RetriableDatanodeEventWatcher.java:onTimeout(47)) - RetriableDatanodeCommand type=deleteBlocksCommand with id=1565411942208 timed out. Retrying.
2019-08-10 04:39:15,662 INFO  commands.RetriableDatanodeEventWatcher (RetriableDatanodeEventWatcher.java:onTimeout(47)) - RetriableDatanodeCommand type=deleteBlocksCommand with id=1565411942287 timed out. Retrying.
2019-08-10 04:39:15,662 INFO  commands.RetriableDatanodeEventWatcher (RetriableDatanodeEventWatcher.java:onTimeout(47)) - RetriableDatanodeCommand type=deleteBlocksCommand with id=1565411942228 timed out. Retrying.
2019-08-10 04:39:15,662 INFO  commands.RetriableDatanodeEventWatcher (RetriableDatanodeEventWatcher.java:onTimeout(47)) - RetriableDatanodeCommand type=deleteBlocksCommand with id=1565411942218 timed out. Retrying.
2019-08-10 04:39:15,662 INFO  commands.RetriableDatanodeEventWatcher (RetriableDatanodeEventWatcher.java:onTimeout(47)) - RetriableDatanodeCommand type=deleteBlocksCommand with id=1565411942277 timed out. Retrying.
2019-08-10 04:39:15,663 INFO  commands.RetriableDatanodeEventWatcher (RetriableDatanodeEventWatcher.java:onTimeout(47)) - RetriableDatanodeCommand type=deleteBlocksCommand with id=1565411942267 timed out. Retrying.
2019-08-10 04:39:15,675 INFO  commands.RetriableDatanodeEventWatcher (RetriableDatanodeEventWatcher.java:onTimeout(47)) - RetriableDatanodeCommand type=deleteBlocksCommand with id=1565411942297 timed out. Retrying.
2019-08-10 04:39:15,675 INFO  commands.RetriableDatanodeEventWatcher (RetriableDatanodeEventWatcher.java:onTimeout(47)) - RetriableDatanodeCommand type=deleteBlocksCommand with id=1565411942238 timed out. Retrying.
2019-08-10 04:39:15,693 INFO  commands.RetriableDatanodeEventWatcher (RetriableDatanodeEventWatcher.java:onTimeout(47)) - RetriableDatanodeCommand type=deleteBlocksCommand with id=1565411942248 timed out. Retrying.
2019-08-10 04:39:15,695 INFO  commands.RetriableDatanodeEventWatcher (RetriableDatanodeEventWatcher.java:onTimeout(47)) - RetriableDatanodeCommand type=deleteBlocksCommand with id=1565411942309 timed out. Retrying.
2019-08-10 04:39:15,708 INFO  commands.RetriableDatanodeEventWatcher (RetriableDatanodeEventWatcher.java:onTimeout(47)) - RetriableDatanodeCommand type=deleteBlocksCommand with id=1565411942199 timed out. Retrying.
2019-08-10 04:39:15,714 DEBUG block.SCMBlockDeletingService (SCMBlockDeletingService.java:call(138)) - Running DeletedBlockTransactionScanner
2019-08-10 04:39:15,714 DEBUG block.SCMBlockDeletingService (SCMBlockDeletingService.java:call(155)) - Scanned deleted blocks log and got 3 delTX to process.
2019-08-10 04:39:15,715 DEBUG block.SCMBlockDeletingService (SCMBlockDeletingService.java:call(171)) - Added delete block command for datanode 6c928baf-cc3b-4a10-9362-ff4e15dca71d in the queue, number of delete block transactions: 3, TxID list: 1,2,3
2019-08-10 04:39:15,715 INFO  block.SCMBlockDeletingService (SCMBlockDeletingService.java:call(182)) - Totally added 3 delete blocks command for 1 datanodes, task elapsed time: 1ms
2019-08-10 04:39:15,718 INFO  commands.RetriableDatanodeEventWatcher (RetriableDatanodeEventWatcher.java:onTimeout(47)) - RetriableDatanodeCommand type=deleteBlocksCommand with id=1565411942258 timed out. Retrying.
2019-08-10 04:39:15,729 INFO  commands.RetriableDatanodeEventWatcher (RetriableDatanodeEventWatcher.java:onTimeout(47)) - RetriableDatanodeCommand type=deleteBlocksCommand with id=1565411942209 timed out. Retrying.
2019-08-10 04:39:15,731 INFO  commands.RetriableDatanodeEventWatcher (RetriableDatanodeEventWatcher.java:onTimeout(47)) - RetriableDatanodeCommand type=deleteBlocksCommand with id=1565411942268 timed out. Retrying.
2019-08-10 04:39:15,740 INFO  commands.RetriableDatanodeEventWatcher (RetriableDatanodeEventWatcher.java:onTimeout(47)) - RetriableDatanodeCommand type=deleteBlocksCommand with id=1565411942219 timed out. Retrying.
2019-08-10 04:39:15,748 INFO  commands.RetriableDatanodeEventWatcher (RetriableDatanodeEventWatcher.java:onTimeout(47)) - RetriableDatanodeCommand type=deleteBlocksCommand with id=1565411942278 timed out. Retrying.
2019-08-10 04:39:15,751 WARN  ipc.Server (Server.java:setupResponse(2950)) - Large response size 4296086 for call Call#2029 Retry#0 org.apache.hadoop.ozone.protocol.StorageContainerDatanodeProtocol.sendHeartbeat from 192.168.157.255:48316
2019-08-10 04:39:15,751 WARN  ipc.Server (Server.java:processResponse(1523)) - IPC Server handler 6 on 42145, call Call#2029 Retry#0 org.apache.hadoop.ozone.protocol.StorageContainerDatanodeProtocol.sendHeartbeat from 192.168.157.255:48316: output error
2019-08-10 04:39:15,751 INFO  ipc.Server (Server.java:run(2695)) - IPC Server handler 6 on 42145 caught an exception
java.nio.channels.ClosedChannelException
	at sun.nio.ch.SocketChannelImpl.ensureWriteOpen(SocketChannelImpl.java:270)
	at sun.nio.ch.SocketChannelImpl.write(SocketChannelImpl.java:461)
	at org.apache.hadoop.ipc.Server.channelIO(Server.java:3298)
	at org.apache.hadoop.ipc.Server.channelWrite(Server.java:3250)
	at org.apache.hadoop.ipc.Server.access$1700(Server.java:137)
	at org.apache.hadoop.ipc.Server$Responder.processResponse(Server.java:1473)
	at org.apache.hadoop.ipc.Server$Responder.doRespond(Server.java:1543)
	at org.apache.hadoop.ipc.Server$Connection.sendResponse(Server.java:2593)
	at org.apache.hadoop.ipc.Server$Connection.access$300(Server.java:1615)
	at org.apache.hadoop.ipc.Server$RpcCall.doResponse(Server.java:940)
	at org.apache.hadoop.ipc.Server$Call.sendResponse(Server.java:774)
	at org.apache.hadoop.ipc.Server$RpcCall.run(Server.java:885)
	at org.apache.hadoop.ipc.Server$RpcCall.run(Server.java:822)
	at java.security.AccessController.doPrivileged(Native Method)
	at javax.security.auth.Subject.doAs(Subject.java:422)
	at org.apache.hadoop.security.UserGroupInformation.doAs(UserGroupInformation.java:1730)
	at org.apache.hadoop.ipc.Server$Handler.run(Server.java:2682)
2019-08-10 04:39:15,757 INFO  commands.RetriableDatanodeEventWatcher (RetriableDatanodeEventWatcher.java:onTimeout(47)) - RetriableDatanodeCommand type=deleteBlocksCommand with id=1565411942229 timed out. Retrying.
2019-08-10 04:39:15,761 INFO  commands.RetriableDatanodeEventWatcher (RetriableDatanodeEventWatcher.java:onTimeout(47)) - RetriableDatanodeCommand type=deleteBlocksCommand with id=1565411942288 timed out. Retrying.
2019-08-10 04:39:15,776 INFO  commands.RetriableDatanodeEventWatcher (RetriableDatanodeEventWatcher.java:onTimeout(47)) - RetriableDatanodeCommand type=deleteBlocksCommand with id=1565411942298 timed out. Retrying.
2019-08-10 04:39:15,776 INFO  commands.RetriableDatanodeEventWatcher (RetriableDatanodeEventWatcher.java:onTimeout(47)) - RetriableDatanodeCommand type=deleteBlocksCommand with id=1565411942239 timed out. Retrying.
2019-08-10 04:39:15,796 INFO  commands.RetriableDatanodeEventWatcher (RetriableDatanodeEventWatcher.java:onTimeout(47)) - RetriableDatanodeCommand type=deleteBlocksCommand with id=1565411942310 timed out. Retrying.
2019-08-10 04:39:15,797 INFO  commands.RetriableDatanodeEventWatcher (RetriableDatanodeEventWatcher.java:onTimeout(47)) - RetriableDatanodeCommand type=deleteBlocksCommand with id=1565411942249 timed out. Retrying.
2019-08-10 04:39:15,815 DEBUG block.SCMBlockDeletingService (RetriableDatanodeEventWatcher.java:onTimeout(47)) - RetriableDatanodeCommand type=deleteBlocksCommand with id=1565411942200 timed out. Retrying.
SCMBlockDeletingService.java:call(138)) - Running DeletedBlockTransactionScanner
2019-08-10 04:39:15,815 INFO  commands.RetriableDatanodeEventWatcher (RetriableDatanodeEventWatcher.java:onTimeout(47)) - RetriableDatanodeCommand type=deleteBlocksCommand with id=1565411942200 timed out. Retrying.
2019-08-10 04:39:15,816 DEBUG block.SCMBlockDeletingService (SCMBlockDeletingService.java:call(155)) - Scanned deleted blocks log and got 3 delTX to process.
2019-08-10 04:39:15,816 DEBUG block.SCMBlockDeletingService (SCMBlockDeletingService.java:call(171)) - Added delete block command for datanode 6c928baf-cc3b-4a10-9362-ff4e15dca71d in the queue, number of delete block transactions: 3, TxID list: 1,2,3
2019-08-10 04:39:15,817 INFO  block.SCMBlockDeletingService (SCMBlockDeletingService.java:call(182)) - Totally added 3 delete blocks command for 1 datanodes, task elapsed time: 1ms
2019-08-10 04:39:15,818 INFO  commands.RetriableDatanodeEventWatcher (RetriableDatanodeEventWatcher.java:onTimeout(47)) - RetriableDatanodeCommand type=deleteBlocksCommand with id=1565411942259 timed out. Retrying.
2019-08-10 04:39:15,829 INFO  commands.RetriableDatanodeEventWatcher (RetriableDatanodeEventWatcher.java:onTimeout(47)) - RetriableDatanodeCommand type=deleteBlocksCommand with id=1565411942210 timed out. Retrying.
2019-08-10 04:39:15,830 INFO  commands.RetriableDatanodeEventWatcher (RetriableDatanodeEventWatcher.java:onTimeout(47)) - RetriableDatanodeCommand type=deleteBlocksCommand with id=1565411942269 timed out. Retrying.
2019-08-10 04:39:15,849 INFO  commands.RetriableDatanodeEventWatcher (RetriableDatanodeEventWatcher.java:onTimeout(47)) - RetriableDatanodeCommand type=deleteBlocksCommand with id=1565411942220 timed out. Retrying.
2019-08-10 04:39:15,849 INFO  commands.RetriableDatanodeEventWatcher (RetriableDatanodeEventWatcher.java:onTimeout(47)) - RetriableDatanodeCommand type=deleteBlocksCommand with id=1565411942279 timed out. Retrying.
2019-08-10 04:39:15,861 INFO  commands.RetriableDatanodeEventWatcher (RetriableDatanodeEventWatcher.java:onTimeout(47)) - RetriableDatanodeCommand type=deleteBlocksCommand with id=1565411942230 timed out. Retrying.
2019-08-10 04:39:15,863 INFO  commands.RetriableDatanodeEventWatcher (RetriableDatanodeEventWatcher.java:onTimeout(47)) - RetriableDatanodeCommand type=deleteBlocksCommand with id=1565411942289 timed out. Retrying.
2019-08-10 04:39:15,877 INFO  block.SCMBlockDeletingService (SCMBlockDeletingService.java:handlePendingDeletes(115)) - Block deletion txnID mismatch in datanode 6c928baf-cc3b-4a10-9362-ff4e15dca71d for containerID 1. Datanode delete txnID: 0, SCM txnID: 1
2019-08-10 04:39:15,877 INFO  block.SCMBlockDeletingService (SCMBlockDeletingService.java:handlePendingDeletes(115)) - Block deletion txnID mismatch in datanode 6c928baf-cc3b-4a10-9362-ff4e15dca71d for containerID 2. Datanode delete txnID: 0, SCM txnID: 2
2019-08-10 04:39:15,877 INFO  block.SCMBlockDeletingService (SCMBlockDeletingService.java:handlePendingDeletes(115)) - Block deletion txnID mismatch in datanode 6c928baf-cc3b-4a10-9362-ff4e15dca71d for containerID 3. Datanode delete txnID: 0, SCM txnID: 3
2019-08-10 04:39:15,878 INFO  commands.RetriableDatanodeEventWatcher (RetriableDatanodeEventWatcher.java:onTimeout(47)) - RetriableDatanodeCommand type=deleteBlocksCommand with id=1565411942299 timed out. Retrying.
2019-08-10 04:39:15,878 INFO  commands.RetriableDatanodeEventWatcher (RetriableDatanodeEventWatcher.java:onTimeout(47)) - RetriableDatanodeCommand type=deleteBlocksCommand with id=1565411942240 timed out. Retrying.
2019-08-10 04:39:15,898 INFO  commands.RetriableDatanodeEventWatcher (RetriableDatanodeEventWatcher.java:onTimeout(47)) - RetriableDatanodeCommand type=deleteBlocksCommand with id=1565411942250 timed out. Retrying.
2019-08-10 04:39:15,900 INFO  commands.RetriableDatanodeEventWatcher (RetriableDatanodeEventWatcher.java:onTimeout(47)) - RetriableDatanodeCommand type=deleteBlocksCommand with id=1565411942311 timed out. Retrying.
2019-08-10 04:39:15,910 INFO  commands.RetriableDatanodeEventWatcher (RetriableDatanodeEventWatcher.java:onTimeout(47)) - RetriableDatanodeCommand type=deleteBlocksCommand with id=1565411942201 timed out. Retrying.
2019-08-10 04:39:15,917 DEBUG block.SCMBlockDeletingService (SCMBlockDeletingService.java:call(138)) - Running DeletedBlockTransactionScanner
2019-08-10 04:39:15,918 DEBUG block.SCMBlockDeletingService (SCMBlockDeletingService.java:call(155)) - Scanned deleted blocks log and got 3 delTX to process.
2019-08-10 04:39:15,918 DEBUG block.SCMBlockDeletingService (SCMBlockDeletingService.java:call(171)) - Added delete block command for datanode 6c928baf-cc3b-4a10-9362-ff4e15dca71d in the queue, number of delete block transactions: 3, TxID list: 1,2,3
2019-08-10 04:39:15,919 INFO  block.SCMBlockDeletingService (SCMBlockDeletingService.java:call(182)) - Totally added 3 delete blocks command for 1 datanodes, task elapsed time: 1ms
2019-08-10 04:39:15,921 INFO  commands.RetriableDatanodeEventWatcher (RetriableDatanodeEventWatcher.java:onTimeout(47)) - RetriableDatanodeCommand type=deleteBlocksCommand with id=1565411942260 timed out. Retrying.
2019-08-10 04:39:15,931 INFO  commands.RetriableDatanodeEventWatcher (RetriableDatanodeEventWatcher.java:onTimeout(47)) - RetriableDatanodeCommand type=deleteBlocksCommand with id=1565411942211 timed out. Retrying.
2019-08-10 04:39:15,935 INFO  commands.RetriableDatanodeEventWatcher (RetriableDatanodeEventWatcher.java:onTimeout(47)) - RetriableDatanodeCommand type=deleteBlocksCommand with id=1565411942270 timed out. Retrying.
2019-08-10 04:39:15,945 INFO  commands.RetriableDatanodeEventWatcher (RetriableDatanodeEventWatcher.java:onTimeout(47)) - RetriableDatanodeCommand type=deleteBlocksCommand with id=1565411942221 timed out. Retrying.
2019-08-10 04:39:15,950 INFO  commands.RetriableDatanodeEventWatcher (RetriableDatanodeEventWatcher.java:onTimeout(47)) - RetriableDatanodeCommand type=deleteBlocksCommand with id=1565411942280 timed out. Retrying.
2019-08-10 04:39:15,963 INFO  commands.RetriableDatanodeEventWatcher (RetriableDatanodeEventWatcher.java:onTimeout(47)) - RetriableDatanodeCommand type=deleteBlocksCommand with id=1565411942290 timed out. Retrying.
2019-08-10 04:39:15,963 INFO  commands.RetriableDatanodeEventWatcher (RetriableDatanodeEventWatcher.java:onTimeout(47)) - RetriableDatanodeCommand type=deleteBlocksCommand with id=1565411942231 timed out. Retrying.
2019-08-10 04:39:15,980 INFO  commands.RetriableDatanodeEventWatcher (RetriableDatanodeEventWatcher.java:onTimeout(47)) - RetriableDatanodeCommand type=deleteBlocksCommand with id=1565411942300 timed out. Retrying.
2019-08-10 04:39:15,980 INFO  commands.RetriableDatanodeEventWatcher (RetriableDatanodeEventWatcher.java:onTimeout(47)) - RetriableDatanodeCommand type=deleteBlocksCommand with id=1565411942241 timed out. Retrying.
2019-08-10 04:39:16,002 INFO  commands.RetriableDatanodeEventWatcher (RetriableDatanodeEventWatcher.java:onTimeout(47)) - RetriableDatanodeCommand type=deleteBlocksCommand with id=1565411942312 timed out. Retrying.
2019-08-10 04:39:16,007 INFO  commands.RetriableDatanodeEventWatcher (RetriableDatanodeEventWatcher.java:onTimeout(47)) - RetriableDatanodeCommand type=deleteBlocksCommand with id=1565411942251 timed out. Retrying.
2019-08-10 04:39:16,017 INFO  commands.RetriableDatanodeEventWatcher (RetriableDatanodeEventWatcher.java:onTimeout(47)) - RetriableDatanodeCommand type=deleteBlocksCommand with id=1565411942202 timed out. Retrying.
2019-08-10 04:39:16,019 DEBUG block.SCMBlockDeletingService (SCMBlockDeletingService.java:call(138)) - Running DeletedBlockTransactionScanner
2019-08-10 04:39:16,020 DEBUG block.SCMBlockDeletingService (SCMBlockDeletingService.java:call(155)) - Scanned deleted blocks log and got 3 delTX to process.
2019-08-10 04:39:16,020 DEBUG block.SCMBlockDeletingService (SCMBlockDeletingService.java:call(171)) - Added delete block command for datanode 6c928baf-cc3b-4a10-9362-ff4e15dca71d in the queue, number of delete block transactions: 3, TxID list: 1,2,3
2019-08-10 04:39:16,021 INFO  block.SCMBlockDeletingService (SCMBlockDeletingService.java:call(182)) - Totally added 3 delete blocks command for 1 datanodes, task elapsed time: 2ms
2019-08-10 04:39:16,022 INFO  commands.RetriableDatanodeEventWatcher (RetriableDatanodeEventWatcher.java:onTimeout(47)) - RetriableDatanodeCommand type=deleteBlocksCommand with id=1565411942261 timed out. Retrying.
2019-08-10 04:39:16,077 INFO  block.SCMBlockDeletingService (RetriableDatanodeEventWatcher.java:onTimeout(47)) - RetriableDatanodeCommand type=deleteBlocksCommand with id=1565411942291 timed out. Retrying.
SCMBlockDeletingService.java:handlePendingDeletes(115)) - Block deletion txnID mismatch in datanode 6c928baf-cc3b-4a10-9362-ff4e15dca71d for containerID 1. Datanode delete txnID: 0, SCM txnID: 1
2019-08-10 04:39:16,077 INFO  commands.RetriableDatanodeEventWatcher (RetriableDatanodeEventWatcher.java:onTimeout(47)) - RetriableDatanodeCommand type=deleteBlocksCommand with id=1565411942291 timed out. Retrying.
2019-08-10 04:39:16,077 INFO  block.SCMBlockDeletingService (SCMBlockDeletingService.java:handlePendingDeletes(115)) - Block deletion txnID mismatch in datanode 6c928baf-cc3b-4a10-9362-ff4e15dca71d for containerID 2. Datanode delete txnID: 0, SCM txnID: 2
2019-08-10 04:39:16,077 INFO  block.SCMBlockDeletingService (SCMBlockDeletingService.java:handlePendingDeletes(115)) - Block deletion txnID mismatch in datanode 6c928baf-cc3b-4a10-9362-ff4e15dca71d for containerID 3. Datanode delete txnID: 0, SCM txnID: 3
2019-08-10 04:39:16,079 INFO  commands.RetriableDatanodeEventWatcher (RetriableDatanodeEventWatcher.java:onTimeout(47)) - RetriableDatanodeCommand type=deleteBlocksCommand with id=1565411942232 timed out. Retrying.
2019-08-10 04:39:16,079 INFO  commands.RetriableDatanodeEventWatcher (RetriableDatanodeEventWatcher.java:onTimeout(47)) - RetriableDatanodeCommand type=deleteBlocksCommand with id=1565411942222 timed out. Retrying.
2019-08-10 04:39:16,079 INFO  commands.RetriableDatanodeEventWatcher (RetriableDatanodeEventWatcher.java:onTimeout(47)) - RetriableDatanodeCommand type=deleteBlocksCommand with id=1565411942271 timed out. Retrying.
2019-08-10 04:39:16,079 INFO  commands.RetriableDatanodeEventWatcher (RetriableDatanodeEventWatcher.java:onTimeout(47)) - RetriableDatanodeCommand type=deleteBlocksCommand with id=1565411942303 timed out. Retrying.
2019-08-10 04:39:16,080 INFO  commands.RetriableDatanodeEventWatcher (RetriableDatanodeEventWatcher.java:onTimeout(47)) - RetriableDatanodeCommand type=deleteBlocksCommand with id=1565411942281 timed out. Retrying.
2019-08-10 04:39:16,080 INFO  commands.RetriableDatanodeEventWatcher (RetriableDatanodeEventWatcher.java:onTimeout(47)) - RetriableDatanodeCommand type=deleteBlocksCommand with id=1565411942212 timed out. Retrying.
2019-08-10 04:39:16,081 INFO  commands.RetriableDatanodeEventWatcher (RetriableDatanodeEventWatcher.java:onTimeout(47)) - RetriableDatanodeCommand type=deleteBlocksCommand with id=1565411942242 timed out. Retrying.
2019-08-10 04:39:16,082 INFO  commands.RetriableDatanodeEventWatcher (RetriableDatanodeEventWatcher.java:onTimeout(47)) - RetriableDatanodeCommand type=deleteBlocksCommand with id=1565411942301 timed out. Retrying.
2019-08-10 04:39:16,103 INFO  commands.RetriableDatanodeEventWatcher (RetriableDatanodeEventWatcher.java:onTimeout(47)) - RetriableDatanodeCommand type=deleteBlocksCommand with id=1565411942313 timed out. Retrying.
2019-08-10 04:39:16,109 INFO  commands.RetriableDatanodeEventWatcher (RetriableDatanodeEventWatcher.java:onTimeout(47)) - RetriableDatanodeCommand type=deleteBlocksCommand with id=1565411942252 timed out. Retrying.
2019-08-10 04:39:16,117 INFO  commands.RetriableDatanodeEventWatcher (RetriableDatanodeEventWatcher.java:onTimeout(47)) - RetriableDatanodeCommand type=deleteBlocksCommand with id=1565411942203 timed out. Retrying.
2019-08-10 04:39:16,121 DEBUG block.SCMBlockDeletingService (SCMBlockDeletingService.java:call(138)) - Running DeletedBlockTransactionScanner
2019-08-10 04:39:16,122 DEBUG block.SCMBlockDeletingService (SCMBlockDeletingService.java:call(155)) - Scanned deleted blocks log and got 3 delTX to process.
2019-08-10 04:39:16,122 DEBUG block.SCMBlockDeletingService (SCMBlockDeletingService.java:call(171)) - Added delete block command for datanode 6c928baf-cc3b-4a10-9362-ff4e15dca71d in the queue, number of delete block transactions: 3, TxID list: 1,2,3
2019-08-10 04:39:16,123 INFO  block.SCMBlockDeletingService (SCMBlockDeletingService.java:call(182)) - Totally added 3 delete blocks command for 1 datanodes, task elapsed time: 1ms
2019-08-10 04:39:16,123 INFO  commands.RetriableDatanodeEventWatcher (RetriableDatanodeEventWatcher.java:onTimeout(47)) - RetriableDatanodeCommand type=deleteBlocksCommand with id=1565411942262 timed out. Retrying.
2019-08-10 04:39:16,135 INFO  commands.RetriableDatanodeEventWatcher (RetriableDatanodeEventWatcher.java:onTimeout(47)) - RetriableDatanodeCommand type=deleteBlocksCommand with id=1565411942213 timed out. Retrying.
2019-08-10 04:39:16,138 INFO  commands.RetriableDatanodeEventWatcher (RetriableDatanodeEventWatcher.java:onTimeout(47)) - RetriableDatanodeCommand type=deleteBlocksCommand with id=1565411942272 timed out. Retrying.
2019-08-10 04:39:16,148 INFO  commands.RetriableDatanodeEventWatcher (RetriableDatanodeEventWatcher.java:onTimeout(47)) - RetriableDatanodeCommand type=deleteBlocksCommand with id=1565411942223 timed out. Retrying.
2019-08-10 04:39:16,153 INFO  commands.RetriableDatanodeEventWatcher (RetriableDatanodeEventWatcher.java:onTimeout(47)) - RetriableDatanodeCommand type=deleteBlocksCommand with id=1565411942282 timed out. Retrying.
2019-08-10 04:39:16,168 INFO  commands.RetriableDatanodeEventWatcher (RetriableDatanodeEventWatcher.java:onTimeout(47)) - RetriableDatanodeCommand type=deleteBlocksCommand with id=1565411942292 timed out. Retrying.
2019-08-10 04:39:16,168 INFO  commands.RetriableDatanodeEventWatcher (RetriableDatanodeEventWatcher.java:onTimeout(47)) - RetriableDatanodeCommand type=deleteBlocksCommand with id=1565411942233 timed out. Retrying.
2019-08-10 04:39:16,170 INFO  commands.RetriableDatanodeEventWatcher (RetriableDatanodeEventWatcher.java:onTimeout(47)) - RetriableDatanodeCommand type=deleteBlocksCommand with id=1565411942304 timed out. Retrying.
2019-08-10 04:39:16,180 INFO  commands.RetriableDatanodeEventWatcher (RetriableDatanodeEventWatcher.java:onTimeout(47)) - RetriableDatanodeCommand type=deleteBlocksCommand with id=1565411942302 timed out. Retrying.
2019-08-10 04:39:16,185 INFO  commands.RetriableDatanodeEventWatcher (RetriableDatanodeEventWatcher.java:onTimeout(47)) - RetriableDatanodeCommand type=deleteBlocksCommand with id=1565411942243 timed out. Retrying.
2019-08-10 04:39:16,205 INFO  commands.RetriableDatanodeEventWatcher (RetriableDatanodeEventWatcher.java:onTimeout(47)) - RetriableDatanodeCommand type=deleteBlocksCommand with id=1565411942314 timed out. Retrying.
2019-08-10 04:39:16,205 INFO  commands.RetriableDatanodeEventWatcher (RetriableDatanodeEventWatcher.java:onTimeout(47)) - RetriableDatanodeCommand type=deleteBlocksCommand with id=1565411942194 timed out. Retrying.
2019-08-10 04:39:16,209 INFO  commands.RetriableDatanodeEventWatcher (RetriableDatanodeEventWatcher.java:onTimeout(47)) - RetriableDatanodeCommand type=deleteBlocksCommand with id=1565411942253 timed out. Retrying.
2019-08-10 04:39:16,221 INFO  commands.RetriableDatanodeEventWatcher (RetriableDatanodeEventWatcher.java:onTimeout(47)) - RetriableDatanodeCommand type=deleteBlocksCommand with id=1565411942204 timed out. Retrying.
2019-08-10 04:39:16,223 DEBUG block.SCMBlockDeletingService (SCMBlockDeletingService.java:call(138)) - Running DeletedBlockTransactionScanner
2019-08-10 04:39:16,223 DEBUG block.SCMBlockDeletingService (SCMBlockDeletingService.java:call(155)) - Scanned deleted blocks log and got 3 delTX to process.
2019-08-10 04:39:16,224 DEBUG block.SCMBlockDeletingService (SCMBlockDeletingService.java:call(171)) - Added delete block command for datanode 6c928baf-cc3b-4a10-9362-ff4e15dca71d in the queue, number of delete block transactions: 3, TxID list: 1,2,3
2019-08-10 04:39:16,224 INFO  block.SCMBlockDeletingService (SCMBlockDeletingService.java:call(182)) - Totally added 3 delete blocks command for 1 datanodes, task elapsed time: 1ms
2019-08-10 04:39:16,225 INFO  commands.RetriableDatanodeEventWatcher (RetriableDatanodeEventWatcher.java:onTimeout(47)) - RetriableDatanodeCommand type=deleteBlocksCommand with id=1565411942263 timed out. Retrying.
2019-08-10 04:39:16,235 INFO  commands.RetriableDatanodeEventWatcher (RetriableDatanodeEventWatcher.java:onTimeout(47)) - RetriableDatanodeCommand type=deleteBlocksCommand with id=1565411942214 timed out. Retrying.
2019-08-10 04:39:16,240 INFO  commands.RetriableDatanodeEventWatcher (RetriableDatanodeEventWatcher.java:onTimeout(47)) - RetriableDatanodeCommand type=deleteBlocksCommand with id=1565411942273 timed out. Retrying.
2019-08-10 04:39:16,255 INFO  commands.RetriableDatanodeEventWatcher (RetriableDatanodeEventWatcher.java:onTimeout(47)) - RetriableDatanodeCommand type=deleteBlocksCommand with id=1565411942283 timed out. Retrying.
2019-08-10 04:39:16,256 INFO  commands.RetriableDatanodeEventWatcher (RetriableDatanodeEventWatcher.java:onTimeout(47)) - RetriableDatanodeCommand type=deleteBlocksCommand with id=1565411942224 timed out. Retrying.
2019-08-10 04:39:16,267 INFO  commands.RetriableDatanodeEventWatcher (RetriableDatanodeEventWatcher.java:onTimeout(47)) - RetriableDatanodeCommand type=deleteBlocksCommand with id=1565411942234 timed out. Retrying.
2019-08-10 04:39:16,269 INFO  commands.RetriableDatanodeEventWatcher (RetriableDatanodeEventWatcher.java:onTimeout(47)) - RetriableDatanodeCommand type=deleteBlocksCommand with id=1565411942293 timed out. Retrying.
2019-08-10 04:39:16,270 INFO  commands.RetriableDatanodeEventWatcher (RetriableDatanodeEventWatcher.java:onTimeout(47)) - RetriableDatanodeCommand type=deleteBlocksCommand with id=1565411942305 timed out. Retrying.
2019-08-10 04:39:16,277 INFO  block.SCMBlockDeletingService (SCMBlockDeletingService.java:handlePendingDeletes(115)) - Block deletion txnID mismatch in datanode 6c928baf-cc3b-4a10-9362-ff4e15dca71d for containerID 1. Datanode delete txnID: 0, SCM txnID: 1
2019-08-10 04:39:16,277 INFO  block.SCMBlockDeletingService (SCMBlockDeletingService.java:handlePendingDeletes(115)) - Block deletion txnID mismatch in datanode 6c928baf-cc3b-4a10-9362-ff4e15dca71d for containerID 2. Datanode delete txnID: 0, SCM txnID: 2
2019-08-10 04:39:16,277 INFO  block.SCMBlockDeletingService (SCMBlockDeletingService.java:handlePendingDeletes(115)) - Block deletion txnID mismatch in datanode 6c928baf-cc3b-4a10-9362-ff4e15dca71d for containerID 3. Datanode delete txnID: 0, SCM txnID: 3
2019-08-10 04:39:16,280 INFO  commandhandler.DeleteBlocksCommandHandler (DeleteBlocksCommandHandler.java:handle(106)) - Start to delete container blocks, TXIDs=[1(0),2(0),3(0)], numOfContainers=3, numOfBlocks=553
2019-08-10 04:39:16,289 INFO  commands.RetriableDatanodeEventWatcher (RetriableDatanodeEventWatcher.java:onTimeout(47)) - RetriableDatanodeCommand type=deleteBlocksCommand with id=1565411942244 timed out. Retrying.
2019-08-10 04:39:16,307 INFO  commands.RetriableDatanodeEventWatcher (RetriableDatanodeEventWatcher.java:onTimeout(47)) - RetriableDatanodeCommand type=deleteBlocksCommand with id=1565411942315 timed out. Retrying.
2019-08-10 04:39:16,310 INFO  commands.RetriableDatanodeEventWatcher (RetriableDatanodeEventWatcher.java:onTimeout(47)) - RetriableDatanodeCommand type=deleteBlocksCommand with id=1565411942195 timed out. Retrying.
2019-08-10 04:39:16,310 INFO  commands.RetriableDatanodeEventWatcher (RetriableDatanodeEventWatcher.java:onTimeout(47)) - RetriableDatanodeCommand type=deleteBlocksCommand with id=1565411942254 timed out. Retrying.
2019-08-10 04:39:16,322 INFO  commands.RetriableDatanodeEventWatcher (RetriableDatanodeEventWatcher.java:onTimeout(47)) - RetriableDatanodeCommand type=deleteBlocksCommand with id=1565411942205 timed out. Retrying.
2019-08-10 04:39:16,322 INFO  commandhandler.DeleteBlocksCommandHandler (DeleteBlocksCommandHandler.java:handle(106)) - Start to delete container blocks, TXIDs=[1(0),2(0),3(0)], numOfContainers=3, numOfBlocks=553
2019-08-10 04:39:16,324 INFO  commandhandler.DeleteBlocksCommandHandler (DeleteBlocksCommandHandler.java:handle(106)) - Start to delete container blocks, TXIDs=[1(0),2(0),3(0)], numOfContainers=3, numOfBlocks=553
2019-08-10 04:39:16,324 DEBUG block.SCMBlockDeletingService (SCMBlockDeletingService.java:call(138)) - Running DeletedBlockTransactionScanner
2019-08-10 04:39:16,325 INFO  commands.RetriableDatanodeEventWatcher (RetriableDatanodeEventWatcher.java:onTimeout(47)) - RetriableDatanodeCommand type=deleteBlocksCommand with id=1565411942264 timed out. Retrying.
2019-08-10 04:39:16,325 INFO  commandhandler.DeleteBlocksCommandHandler (DeleteBlocksCommandHandler.java:handle(106)) - Start to delete container blocks, TXIDs=[1(0),2(0),3(0)], numOfContainers=3, numOfBlocks=553
2019-08-10 04:39:16,327 INFO  commandhandler.DeleteBlocksCommandHandler (DeleteBlocksCommandHandler.java:handle(106)) - Start to delete container blocks, TXIDs=[1(1),2(1),3(1)], numOfContainers=3, numOfBlocks=553
2019-08-10 04:39:16,329 INFO  commandhandler.DeleteBlocksCommandHandler (DeleteBlocksCommandHandler.java:handle(106)) - Start to delete container blocks, TXIDs=[1(0),2(0),3(0)], numOfContainers=3, numOfBlocks=553
2019-08-10 04:39:16,330 INFO  commandhandler.DeleteBlocksCommandHandler (DeleteBlocksCommandHandler.java:handle(106)) - Start to delete container blocks, TXIDs=[1(0),2(0),3(0)], numOfContainers=3, numOfBlocks=553
2019-08-10 04:39:16,331 INFO  commandhandler.DeleteBlocksCommandHandler (DeleteBlocksCommandHandler.java:handle(106)) - Start to delete container blocks, TXIDs=[1(0),2(0),3(0)], numOfContainers=3, numOfBlocks=553
2019-08-10 04:39:16,333 INFO  commandhandler.DeleteBlocksCommandHandler (DeleteBlocksCommandHandler.java:handle(106)) - Start to delete container blocks, TXIDs=[1(0),2(0),3(0)], numOfContainers=3, numOfBlocks=553
2019-08-10 04:39:16,334 INFO  commandhandler.DeleteBlocksCommandHandler (DeleteBlocksCommandHandler.java:handle(106)) - Start to delete container blocks, TXIDs=[1(0),2(0),3(0)], numOfContainers=3, numOfBlocks=553
2019-08-10 04:39:16,335 INFO  commandhandler.DeleteBlocksCommandHandler (DeleteBlocksCommandHandler.java:handle(106)) - Start to delete container blocks, TXIDs=[1(0),2(0),3(0)], numOfContainers=3, numOfBlocks=553
2019-08-10 04:39:16,337 INFO  commandhandler.DeleteBlocksCommandHandler (DeleteBlocksCommandHandler.java:handle(106)) - Start to delete container blocks, TXIDs=[1(0),2(0),3(0)], numOfContainers=3, numOfBlocks=553
2019-08-10 04:39:16,338 INFO  commands.RetriableDatanodeEventWatcher (RetriableDatanodeEventWatcher.java:onTimeout(47)) - RetriableDatanodeCommand type=deleteBlocksCommand with id=1565411942215 timed out. Retrying.
2019-08-10 04:39:16,338 INFO  commandhandler.DeleteBlocksCommandHandler (DeleteBlocksCommandHandler.java:handle(106)) - Start to delete container blocks, TXIDs=[1(0),2(0),3(0)], numOfContainers=3, numOfBlocks=553
2019-08-10 04:39:16,339 INFO  commandhandler.DeleteBlocksCommandHandler (DeleteBlocksCommandHandler.java:handle(106)) - Start to delete container blocks, TXIDs=[1(0),2(0),3(0)], numOfContainers=3, numOfBlocks=553
2019-08-10 04:39:16,340 INFO  commands.RetriableDatanodeEventWatcher (RetriableDatanodeEventWatcher.java:onTimeout(47)) - RetriableDatanodeCommand type=deleteBlocksCommand with id=1565411942274 timed out. Retrying.
2019-08-10 04:39:16,340 INFO  commandhandler.DeleteBlocksCommandHandler (DeleteBlocksCommandHandler.java:handle(106)) - Start to delete container blocks, TXIDs=[1(0),2(0),3(0)], numOfContainers=3, numOfBlocks=553
2019-08-10 04:39:16,342 INFO  commandhandler.DeleteBlocksCommandHandler (DeleteBlocksCommandHandler.java:handle(106)) - Start to delete container blocks, TXIDs=[1(0),2(0),3(0)], numOfContainers=3, numOfBlocks=553
2019-08-10 04:39:16,343 INFO  commandhandler.DeleteBlocksCommandHandler (DeleteBlocksCommandHandler.java:handle(106)) - Start to delete container blocks, TXIDs=[1(470),2(470),3(470)], numOfContainers=3, numOfBlocks=553
2019-08-10 04:39:16,344 INFO  commandhandler.DeleteBlocksCommandHandler (DeleteBlocksCommandHandler.java:handle(106)) - Start to delete container blocks, TXIDs=[1(0),2(0),3(0)], numOfContainers=3, numOfBlocks=553
2019-08-10 04:39:16,345 INFO  commandhandler.DeleteBlocksCommandHandler (DeleteBlocksCommandHandler.java:handle(106)) - Start to delete container blocks, TXIDs=[1(0),2(0),3(0)], numOfContainers=3, numOfBlocks=553
2019-08-10 04:39:16,346 INFO  commandhandler.DeleteBlocksCommandHandler (DeleteBlocksCommandHandler.java:handle(106)) - Start to delete container blocks, TXIDs=[1(0),2(0),3(0)], numOfContainers=3, numOfBlocks=553
2019-08-10 04:39:16,348 INFO  commandhandler.DeleteBlocksCommandHandler (DeleteBlocksCommandHandler.java:handle(106)) - Start to delete container blocks, TXIDs=[1(0),2(0),3(0)], numOfContainers=3, numOfBlocks=553
2019-08-10 04:39:16,349 INFO  commandhandler.DeleteBlocksCommandHandler (DeleteBlocksCommandHandler.java:handle(106)) - Start to delete container blocks, TXIDs=[1(0),2(0),3(0)], numOfContainers=3, numOfBlocks=553
2019-08-10 04:39:16,350 INFO  commandhandler.DeleteBlocksCommandHandler (DeleteBlocksCommandHandler.java:handle(106)) - Start to delete container blocks, TXIDs=[1(0),2(0),3(0)], numOfContainers=3, numOfBlocks=553
2019-08-10 04:39:16,351 INFO  commandhandler.DeleteBlocksCommandHandler (DeleteBlocksCommandHandler.java:handle(106)) - Start to delete container blocks, TXIDs=[1(0),2(0),3(0)], numOfContainers=3, numOfBlocks=553
2019-08-10 04:39:16,352 INFO  commandhandler.DeleteBlocksCommandHandler (DeleteBlocksCommandHandler.java:handle(106)) - Start to delete container blocks, TXIDs=[1(0),2(0),3(0)], numOfContainers=3, numOfBlocks=553
2019-08-10 04:39:16,354 INFO  commandhandler.DeleteBlocksCommandHandler (DeleteBlocksCommandHandler.java:handle(106)) - Start to delete container blocks, TXIDs=[1(0),2(0),3(0)], numOfContainers=3, numOfBlocks=553
2019-08-10 04:39:16,354 INFO  commands.RetriableDatanodeEventWatcher (RetriableDatanodeEventWatcher.java:onTimeout(47)) - RetriableDatanodeCommand type=deleteBlocksCommand with id=1565411942225 timed out. Retrying.
2019-08-10 04:39:16,355 INFO  commandhandler.DeleteBlocksCommandHandler (DeleteBlocksCommandHandler.java:handle(106)) - Start to delete container blocks, TXIDs=[1(743),2(743),3(743)], numOfContainers=3, numOfBlocks=553
2019-08-10 04:39:16,356 INFO  commandhandler.DeleteBlocksCommandHandler (DeleteBlocksCommandHandler.java:handle(106)) - Start to delete container blocks, TXIDs=[1(0),2(0),3(0)], numOfContainers=3, numOfBlocks=553
2019-08-10 04:39:16,356 INFO  commands.RetriableDatanodeEventWatcher (RetriableDatanodeEventWatcher.java:onTimeout(47)) - RetriableDatanodeCommand type=deleteBlocksCommand with id=1565411942284 timed out. Retrying.
2019-08-10 04:39:16,357 INFO  commandhandler.DeleteBlocksCommandHandler (DeleteBlocksCommandHandler.java:handle(106)) - Start to delete container blocks, TXIDs=[1(0),2(0),3(0)], numOfContainers=3, numOfBlocks=553
2019-08-10 04:39:16,358 INFO  commandhandler.DeleteBlocksCommandHandler (DeleteBlocksCommandHandler.java:handle(106)) - Start to delete container blocks, TXIDs=[1(0),2(0),3(0)], numOfContainers=3, numOfBlocks=553
2019-08-10 04:39:16,360 INFO  commandhandler.DeleteBlocksCommandHandler (DeleteBlocksCommandHandler.java:handle(106)) - Start to delete container blocks, TXIDs=[1(0),2(0),3(0)], numOfContainers=3, numOfBlocks=553
2019-08-10 04:39:16,361 INFO  commandhandler.DeleteBlocksCommandHandler (DeleteBlocksCommandHandler.java:handle(106)) - Start to delete container blocks, TXIDs=[1(0),2(0),3(0)], numOfContainers=3, numOfBlocks=553
2019-08-10 04:39:16,362 INFO  commandhandler.DeleteBlocksCommandHandler (DeleteBlocksCommandHandler.java:handle(106)) - Start to delete container blocks, TXIDs=[1(0),2(0),3(0)], numOfContainers=3, numOfBlocks=553
2019-08-10 04:39:16,363 INFO  commandhandler.DeleteBlocksCommandHandler (DeleteBlocksCommandHandler.java:handle(106)) - Start to delete container blocks, TXIDs=[1(0),2(0),3(0)], numOfContainers=3, numOfBlocks=553
2019-08-10 04:39:16,364 INFO  commandhandler.DeleteBlocksCommandHandler (DeleteBlocksCommandHandler.java:handle(106)) - Start to delete container blocks, TXIDs=[1(0),2(0),3(0)], numOfContainers=3, numOfBlocks=553
2019-08-10 04:39:16,365 INFO  commandhandler.DeleteBlocksCommandHandler (DeleteBlocksCommandHandler.java:handle(106)) - Start to delete container blocks, TXIDs=[1(0),2(0),3(0)], numOfContainers=3, numOfBlocks=553
2019-08-10 04:39:16,366 INFO  commandhandler.DeleteBlocksCommandHandler (DeleteBlocksCommandHandler.java:handle(106)) - Start to delete container blocks, TXIDs=[1(0),2(0),3(0)], numOfContainers=3, numOfBlocks=553
2019-08-10 04:39:16,367 INFO  commandhandler.DeleteBlocksCommandHandler (DeleteBlocksCommandHandler.java:handle(106)) - Start to delete container blocks, TXIDs=[1(0),2(0),3(0)], numOfContainers=3, numOfBlocks=553
2019-08-10 04:39:16,369 INFO  commandhandler.DeleteBlocksCommandHandler (DeleteBlocksCommandHandler.java:handle(106)) - Start to delete container blocks, TXIDs=[1(0),2(0),3(0)], numOfContainers=3, numOfBlocks=553
2019-08-10 04:39:16,369 INFO  commands.RetriableDatanodeEventWatcher (RetriableDatanodeEventWatcher.java:onTimeout(47)) - RetriableDatanodeCommand type=deleteBlocksCommand with id=1565411942235 timed out. Retrying.
2019-08-10 04:39:16,370 INFO  commandhandler.DeleteBlocksCommandHandler (DeleteBlocksCommandHandler.java:handle(106)) - Start to delete container blocks, TXIDs=[1(0),2(0),3(0)], numOfContainers=3, numOfBlocks=553
2019-08-10 04:39:16,371 INFO  commandhandler.DeleteBlocksCommandHandler (DeleteBlocksCommandHandler.java:handle(106)) - Start to delete container blocks, TXIDs=[1(0),2(0),3(0)], numOfContainers=3, numOfBlocks=553
2019-08-10 04:39:16,371 INFO  commands.RetriableDatanodeEventWatcher (RetriableDatanodeEventWatcher.java:onTimeout(47)) - RetriableDatanodeCommand type=deleteBlocksCommand with id=1565411942306 timed out. Retrying.
2019-08-10 04:39:16,371 INFO  commands.RetriableDatanodeEventWatcher (RetriableDatanodeEventWatcher.java:onTimeout(47)) - RetriableDatanodeCommand type=deleteBlocksCommand with id=1565411942294 timed out. Retrying.
2019-08-10 04:39:16,372 INFO  commandhandler.DeleteBlocksCommandHandler (DeleteBlocksCommandHandler.java:handle(106)) - Start to delete container blocks, TXIDs=[1(771),2(771),3(771)], numOfContainers=3, numOfBlocks=553
2019-08-10 04:39:16,373 INFO  commandhandler.DeleteBlocksCommandHandler (DeleteBlocksCommandHandler.java:handle(106)) - Start to delete container blocks, TXIDs=[1(0),2(0),3(0)], numOfContainers=3, numOfBlocks=553
2019-08-10 04:39:16,374 INFO  commandhandler.DeleteBlocksCommandHandler (DeleteBlocksCommandHandler.java:handle(106)) - Start to delete container blocks, TXIDs=[1(0),2(0),3(0)], numOfContainers=3, numOfBlocks=553
2019-08-10 04:39:16,375 INFO  commandhandler.DeleteBlocksCommandHandler (DeleteBlocksCommandHandler.java:handle(106)) - Start to delete container blocks, TXIDs=[1(0),2(0),3(0)], numOfContainers=3, numOfBlocks=553
2019-08-10 04:39:16,376 INFO  commandhandler.DeleteBlocksCommandHandler (DeleteBlocksCommandHandler.java:handle(106)) - Start to delete container blocks, TXIDs=[1(0),2(0),3(0)], numOfContainers=3, numOfBlocks=553
2019-08-10 04:39:16,377 INFO  commandhandler.DeleteBlocksCommandHandler (DeleteBlocksCommandHandler.java:handle(106)) - Start to delete container blocks, TXIDs=[1(0),2(0),3(0)], numOfContainers=3, numOfBlocks=553
2019-08-10 04:39:16,379 INFO  commandhandler.DeleteBlocksCommandHandler (DeleteBlocksCommandHandler.java:handle(106)) - Start to delete container blocks, TXIDs=[1(0),2(0),3(0)], numOfContainers=3, numOfBlocks=553
2019-08-10 04:39:16,380 INFO  commandhandler.DeleteBlocksCommandHandler (DeleteBlocksCommandHandler.java:handle(106)) - Start to delete container blocks, TXIDs=[1(0),2(0),3(0)], numOfContainers=3, numOfBlocks=553
2019-08-10 04:39:16,381 INFO  commandhandler.DeleteBlocksCommandHandler (DeleteBlocksCommandHandler.java:handle(106)) - Start to delete container blocks, TXIDs=[1(0),2(0),3(0)], numOfContainers=3, numOfBlocks=553
2019-08-10 04:39:16,382 INFO  commandhandler.DeleteBlocksCommandHandler (DeleteBlocksCommandHandler.java:handle(106)) - Start to delete container blocks, TXIDs=[1(0),2(0),3(0)], numOfContainers=3, numOfBlocks=553
2019-08-10 04:39:16,383 INFO  commandhandler.DeleteBlocksCommandHandler (DeleteBlocksCommandHandler.java:handle(106)) - Start to delete container blocks, TXIDs=[1(0),2(0),3(0)], numOfContainers=3, numOfBlocks=553
2019-08-10 04:39:16,384 INFO  commandhandler.DeleteBlocksCommandHandler (DeleteBlocksCommandHandler.java:handle(106)) - Start to delete container blocks, TXIDs=[1(0),2(0),3(0)], numOfContainers=3, numOfBlocks=553
2019-08-10 04:39:16,384 INFO  commandhandler.DeleteBlocksCommandHandler (DeleteBlocksCommandHandler.java:handle(106)) - Start to delete container blocks, TXIDs=[1(771),2(771),3(771)], numOfContainers=3, numOfBlocks=553
2019-08-10 04:39:16,385 INFO  commandhandler.DeleteBlocksCommandHandler (DeleteBlocksCommandHandler.java:handle(106)) - Start to delete container blocks, TXIDs=[1(0),2(0),3(0)], numOfContainers=3, numOfBlocks=553
2019-08-10 04:39:16,386 INFO  commandhandler.DeleteBlocksCommandHandler (DeleteBlocksCommandHandler.java:handle(106)) - Start to delete container blocks, TXIDs=[1(0),2(0),3(0)], numOfContainers=3, numOfBlocks=553
2019-08-10 04:39:16,387 INFO  commandhandler.DeleteBlocksCommandHandler (DeleteBlocksCommandHandler.java:handle(106)) - Start to delete container blocks, TXIDs=[1(0),2(0),3(0)], numOfContainers=3, numOfBlocks=553
2019-08-10 04:39:16,388 INFO  commandhandler.DeleteBlocksCommandHandler (DeleteBlocksCommandHandler.java:handle(106)) - Start to delete container blocks, TXIDs=[1(0),2(0),3(0)], numOfContainers=3, numOfBlocks=553
2019-08-10 04:39:16,389 INFO  commandhandler.DeleteBlocksCommandHandler (DeleteBlocksCommandHandler.java:handle(106)) - Start to delete container blocks, TXIDs=[1(0),2(0),3(0)], numOfContainers=3, numOfBlocks=553
2019-08-10 04:39:16,389 INFO  commands.RetriableDatanodeEventWatcher (RetriableDatanodeEventWatcher.java:onTimeout(47)) - RetriableDatanodeCommand type=deleteBlocksCommand with id=1565411942245 timed out. Retrying.
2019-08-10 04:39:16,390 INFO  commandhandler.DeleteBlocksCommandHandler (DeleteBlocksCommandHandler.java:handle(106)) - Start to delete container blocks, TXIDs=[1(0),2(0),3(0)], numOfContainers=3, numOfBlocks=553
2019-08-10 04:39:16,391 INFO  commandhandler.DeleteBlocksCommandHandler (BlockDeletingService.java:getTasks(123)) - Plan to choose 10 containers for block deletion, actually returns 3 valid containers.
2019-08-10 04:39:16,391 INFO  commandhandler.DeleteBlocksCommandHandler (DeleteBlocksCommandHandler.java:handle(106)) - Start to delete container blocks, TXIDs=[1(0),2(0),3(0)], numOfContainers=3, numOfBlocks=553
2019-08-10 04:39:16,391 INFO  commandhandler.DeleteBlocksCommandHandler (DeleteBlocksCommandHandler.java:handle(106)) - Start to delete container blocks, TXIDs=[1(0),2(0),3(0)], numOfContainers=3, numOfBlocks=553
2019-08-10 04:39:16,392 INFO  commandhandler.DeleteBlocksCommandHandler (DeleteBlocksCommandHandler.java:handle(106)) - Start to delete container blocks, TXIDs=[1(0),2(0),3(0)], numOfContainers=3, numOfBlocks=553
2019-08-10 04:39:16,393 INFO  commandhandler.DeleteBlocksCommandHandler (DeleteBlocksCommandHandler.java:handle(106)) - Start to delete container blocks, TXIDs=[1(0),2(0),3(0)], numOfContainers=3, numOfBlocks=553
2019-08-10 04:39:16,398 INFO  commandhandler.DeleteBlocksCommandHandler (DeleteBlocksCommandHandler.java:handle(106)) - Start to delete container blocks, TXIDs=[1(771),2(771),3(771)], numOfContainers=3, numOfBlocks=553
2019-08-10 04:39:16,399 INFO  commandhandler.DeleteBlocksCommandHandler (DeleteBlocksCommandHandler.java:handle(106)) - Start to delete container blocks, TXIDs=[1(0),2(0),3(0)], numOfContainers=3, numOfBlocks=553
2019-08-10 04:39:16,400 INFO  commandhandler.DeleteBlocksCommandHandler (DeleteBlocksCommandHandler.java:handle(106)) - Start to delete container blocks, TXIDs=[1(0),2(0),3(0)], numOfContainers=3, numOfBlocks=553
2019-08-10 04:39:16,401 INFO  commandhandler.DeleteBlocksCommandHandler (DeleteBlocksCommandHandler.java:handle(106)) - Start to delete container blocks, TXIDs=[1(0),2(0),3(0)], numOfContainers=3, numOfBlocks=553
2019-08-10 04:39:16,402 INFO  commandhandler.DeleteBlocksCommandHandler (DeleteBlocksCommandHandler.java:handle(106)) - Start to delete container blocks, TXIDs=[1(0),2(0),3(0)], numOfContainers=3, numOfBlocks=553
2019-08-10 04:39:16,403 INFO  commandhandler.DeleteBlocksCommandHandler (DeleteBlocksCommandHandler.java:handle(106)) - Start to delete container blocks, TXIDs=[1(0),2(0),3(0)], numOfContainers=3, numOfBlocks=553
2019-08-10 04:39:16,404 INFO  commandhandler.DeleteBlocksCommandHandler (DeleteBlocksCommandHandler.java:handle(106)) - Start to delete container blocks, TXIDs=[1(0),2(0),3(0)], numOfContainers=3, numOfBlocks=553
2019-08-10 04:39:16,405 INFO  commandhandler.DeleteBlocksCommandHandler (DeleteBlocksCommandHandler.java:handle(106)) - Start to delete container blocks, TXIDs=[1(0),2(0),3(0)], numOfContainers=3, numOfBlocks=553
2019-08-10 04:39:16,406 INFO  commandhandler.DeleteBlocksCommandHandler (DeleteBlocksCommandHandler.java:handle(106)) - Start to delete container blocks, TXIDs=[1(0),2(0),3(0)], numOfContainers=3, numOfBlocks=553
2019-08-10 04:39:16,406 INFO  commands.RetriableDatanodeEventWatcher (RetriableDatanodeEventWatcher.java:onTimeout(47)) - RetriableDatanodeCommand type=deleteBlocksCommand with id=1565411942196 timed out. Retrying.
2019-08-10 04:39:16,407 INFO  commandhandler.DeleteBlocksCommandHandler (DeleteBlocksCommandHandler.java:handle(106)) - Start to delete container blocks, TXIDs=[1(0),2(0),3(0)], numOfContainers=3, numOfBlocks=553
2019-08-10 04:39:16,408 INFO  commandhandler.DeleteBlocksCommandHandler (DeleteBlocksCommandHandler.java:handle(106)) - Start to delete container blocks, TXIDs=[1(0),2(0),3(0)], numOfContainers=3, numOfBlocks=553
2019-08-10 04:39:16,409 INFO  commandhandler.DeleteBlocksCommandHandler (DeleteBlocksCommandHandler.java:handle(106)) - Start to delete container blocks, TXIDs=[1(0),2(0),3(0)], numOfContainers=3, numOfBlocks=553
2019-08-10 04:39:16,410 INFO  commandhandler.DeleteBlocksCommandHandler (DeleteBlocksCommandHandler.java:handle(106)) - Start to delete container blocks, TXIDs=[1(0),2(0),3(0)], numOfContainers=3, numOfBlocks=553
2019-08-10 04:39:16,410 INFO  commandhandler.DeleteBlocksCommandHandler (DeleteBlocksCommandHandler.java:handle(106)) - Start to delete container blocks, TXIDs=[1(771),2(771),3(771)], numOfContainers=3, numOfBlocks=553
2019-08-10 04:39:16,411 INFO  commands.RetriableDatanodeEventWatcher (RetriableDatanodeEventWatcher.java:onTimeout(47)) - RetriableDatanodeCommand type=deleteBlocksCommand with id=1565411942316 timed out. Retrying.
2019-08-10 04:39:16,411 INFO  commands.RetriableDatanodeEventWatcher (RetriableDatanodeEventWatcher.java:onTimeout(47)) - RetriableDatanodeCommand type=deleteBlocksCommand with id=1565411942255 timed out. Retrying.
2019-08-10 04:39:16,411 INFO  commandhandler.DeleteBlocksCommandHandler (DeleteBlocksCommandHandler.java:handle(106)) - Start to delete container blocks, TXIDs=[1(0),2(0),3(0)], numOfContainers=3, numOfBlocks=553
2019-08-10 04:39:16,412 INFO  commandhandler.DeleteBlocksCommandHandler (DeleteBlocksCommandHandler.java:handle(106)) - Start to delete container blocks, TXIDs=[1(0),2(0),3(0)], numOfContainers=3, numOfBlocks=553
2019-08-10 04:39:16,413 INFO  commandhandler.DeleteBlocksCommandHandler (DeleteBlocksCommandHandler.java:handle(106)) - Start to delete container blocks, TXIDs=[1(0),2(0),3(0)], numOfContainers=3, numOfBlocks=553
2019-08-10 04:39:16,414 INFO  commandhandler.DeleteBlocksCommandHandler (DeleteBlocksCommandHandler.java:handle(106)) - Start to delete container blocks, TXIDs=[1(0),2(0),3(0)], numOfContainers=3, numOfBlocks=553
2019-08-10 04:39:16,415 INFO  commandhandler.DeleteBlocksCommandHandler (DeleteBlocksCommandHandler.java:handle(106)) - Start to delete container blocks, TXIDs=[1(0),2(0),3(0)], numOfContainers=3, numOfBlocks=553
2019-08-10 04:39:16,416 INFO  commandhandler.DeleteBlocksCommandHandler (DeleteBlocksCommandHandler.java:handle(106)) - Start to delete container blocks, TXIDs=[1(0),2(0),3(0)], numOfContainers=3, numOfBlocks=553
2019-08-10 04:39:16,417 INFO  commandhandler.DeleteBlocksCommandHandler (DeleteBlocksCommandHandler.java:handle(106)) - Start to delete container blocks, TXIDs=[1(0),2(0),3(0)], numOfContainers=3, numOfBlocks=553
2019-08-10 04:39:16,418 INFO  commandhandler.DeleteBlocksCommandHandler (DeleteBlocksCommandHandler.java:handle(106)) - Start to delete container blocks, TXIDs=[1(0),2(0),3(0)], numOfContainers=3, numOfBlocks=553
2019-08-10 04:39:16,418 INFO  commandhandler.DeleteBlocksCommandHandler (DeleteBlocksCommandHandler.java:handle(106)) - Start to delete container blocks, TXIDs=[1(0),2(0),3(0)], numOfContainers=3, numOfBlocks=553
2019-08-10 04:39:16,419 INFO  commandhandler.DeleteBlocksCommandHandler (DeleteBlocksCommandHandler.java:handle(106)) - Start to delete container blocks, TXIDs=[1(0),2(0),3(0)], numOfContainers=3, numOfBlocks=553
2019-08-10 04:39:16,420 INFO  commandhandler.DeleteBlocksCommandHandler (DeleteBlocksCommandHandler.java:handle(106)) - Start to delete container blocks, TXIDs=[1(771),2(771),3(771)], numOfContainers=3, numOfBlocks=553
2019-08-10 04:39:16,421 INFO  commandhandler.DeleteBlocksCommandHandler (DeleteBlocksCommandHandler.java:handle(106)) - Start to delete container blocks, TXIDs=[1(0),2(0),3(0)], numOfContainers=3, numOfBlocks=553
2019-08-10 04:39:16,422 INFO  commandhandler.DeleteBlocksCommandHandler (DeleteBlocksCommandHandler.java:handle(106)) - Start to delete container blocks, TXIDs=[1(0),2(0),3(0)], numOfContainers=3, numOfBlocks=553
2019-08-10 04:39:16,423 INFO  commandhandler.DeleteBlocksCommandHandler (DeleteBlocksCommandHandler.java:handle(106)) - Start to delete container blocks, TXIDs=[1(0),2(0),3(0)], numOfContainers=3, numOfBlocks=553
2019-08-10 04:39:16,424 INFO  commandhandler.DeleteBlocksCommandHandler (DeleteBlocksCommandHandler.java:handle(106)) - Start to delete container blocks, TXIDs=[1(0),2(0),3(0)], numOfContainers=3, numOfBlocks=553
2019-08-10 04:39:16,425 INFO  commandhandler.DeleteBlocksCommandHandler (DeleteBlocksCommandHandler.java:handle(106)) - Start to delete container blocks, TXIDs=[1(0),2(0),3(0)], numOfContainers=3, numOfBlocks=553
2019-08-10 04:39:16,425 INFO  commandhandler.DeleteBlocksCommandHandler (DeleteBlocksCommandHandler.java:handle(106)) - Start to delete container blocks, TXIDs=[1(0),2(0),3(0)], numOfContainers=3, numOfBlocks=553
2019-08-10 04:39:16,426 INFO  commandhandler.DeleteBlocksCommandHandler (DeleteBlocksCommandHandler.java:handle(106)) - Start to delete container blocks, TXIDs=[1(0),2(0),3(0)], numOfContainers=3, numOfBlocks=553
2019-08-10 04:39:16,427 INFO  commandhandler.DeleteBlocksCommandHandler (DeleteBlocksCommandHandler.java:handle(106)) - Start to delete container blocks, TXIDs=[1(0),2(0),3(0)], numOfContainers=3, numOfBlocks=553
2019-08-10 04:39:16,428 INFO  commandhandler.DeleteBlocksCommandHandler (DeleteBlocksCommandHandler.java:handle(106)) - Start to delete container blocks, TXIDs=[1(0),2(0),3(0)], numOfContainers=3, numOfBlocks=553
2019-08-10 04:39:16,429 INFO  commandhandler.DeleteBlocksCommandHandler (DeleteBlocksCommandHandler.java:handle(106)) - Start to delete container blocks, TXIDs=[1(0),2(0),3(0)], numOfContainers=3, numOfBlocks=553
2019-08-10 04:39:16,430 INFO  commandhandler.DeleteBlocksCommandHandler (DeleteBlocksCommandHandler.java:handle(106)) - Start to delete container blocks, TXIDs=[1(0),2(0),3(0)], numOfContainers=3, numOfBlocks=553
2019-08-10 04:39:16,431 INFO  commandhandler.DeleteBlocksCommandHandler (DeleteBlocksCommandHandler.java:handle(106)) - Start to delete container blocks, TXIDs=[1(0),2(0),3(0)], numOfContainers=3, numOfBlocks=553
2019-08-10 04:39:16,431 INFO  commandhandler.DeleteBlocksCommandHandler (DeleteBlocksCommandHandler.java:handle(106)) - Start to delete container blocks, TXIDs=[1(771),2(771),3(771)], numOfContainers=3, numOfBlocks=553
2019-08-10 04:39:16,432 INFO  commandhandler.DeleteBlocksCommandHandler (DeleteBlocksCommandHandler.java:handle(106)) - Start to delete container blocks, TXIDs=[1(0),2(0),3(0)], numOfContainers=3, numOfBlocks=553
2019-08-10 04:39:16,433 INFO  commandhandler.DeleteBlocksCommandHandler (DeleteBlocksCommandHandler.java:handle(106)) - Start to delete container blocks, TXIDs=[1(0),2(0),3(0)], numOfContainers=3, numOfBlocks=553
2019-08-10 04:39:16,434 INFO  commandhandler.DeleteBlocksCommandHandler (DeleteBlocksCommandHandler.java:handle(106)) - Start to delete container blocks, TXIDs=[1(0),2(0),3(0)], numOfContainers=3, numOfBlocks=553
2019-08-10 04:39:16,435 INFO  commandhandler.DeleteBlocksCommandHandler (DeleteBlocksCommandHandler.java:handle(106)) - Start to delete container blocks, TXIDs=[1(0),2(0),3(0)], numOfContainers=3, numOfBlocks=553
2019-08-10 04:39:16,436 INFO  commandhandler.DeleteBlocksCommandHandler (DeleteBlocksCommandHandler.java:handle(106)) - Start to delete container blocks, TXIDs=[1(0),2(0),3(0)], numOfContainers=3, numOfBlocks=553
2019-08-10 04:39:16,437 INFO  commandhandler.DeleteBlocksCommandHandler (DeleteBlocksCommandHandler.java:handle(106)) - Start to delete container blocks, TXIDs=[1(0),2(0),3(0)], numOfContainers=3, numOfBlocks=553
2019-08-10 04:39:16,437 INFO  commandhandler.DeleteBlocksCommandHandler (DeleteBlocksCommandHandler.java:handle(106)) - Start to delete container blocks, TXIDs=[1(0),2(0),3(0)], numOfContainers=3, numOfBlocks=553
2019-08-10 04:39:16,438 INFO  commandhandler.DeleteBlocksCommandHandler (DeleteBlocksCommandHandler.java:handle(106)) - Start to delete container blocks, TXIDs=[1(0),2(0),3(0)], numOfContainers=3, numOfBlocks=553
2019-08-10 04:39:16,439 INFO  commandhandler.DeleteBlocksCommandHandler (DeleteBlocksCommandHandler.java:handle(106)) - Start to delete container blocks, TXIDs=[1(0),2(0),3(0)], numOfContainers=3, numOfBlocks=553
2019-08-10 04:39:16,440 INFO  commandhandler.DeleteBlocksCommandHandler (DeleteBlocksCommandHandler.java:handle(106)) - Start to delete container blocks, TXIDs=[1(0),2(0),3(0)], numOfContainers=3, numOfBlocks=553
2019-08-10 04:39:16,441 INFO  commandhandler.DeleteBlocksCommandHandler (DeleteBlocksCommandHandler.java:handle(106)) - Start to delete container blocks, TXIDs=[1(0),2(0),3(0)], numOfContainers=3, numOfBlocks=553
2019-08-10 04:39:16,442 INFO  commandhandler.DeleteBlocksCommandHandler (DeleteBlocksCommandHandler.java:handle(106)) - Start to delete container blocks, TXIDs=[1(0),2(0),3(0)], numOfContainers=3, numOfBlocks=553
2019-08-10 04:39:16,443 INFO  commandhandler.DeleteBlocksCommandHandler (DeleteBlocksCommandHandler.java:handle(106)) - Start to delete container blocks, TXIDs=[1(771),2(771),3(771)], numOfContainers=3, numOfBlocks=553
2019-08-10 04:39:16,443 INFO  commandhandler.DeleteBlocksCommandHandler (DeleteBlocksCommandHandler.java:handle(106)) - Start to delete container blocks, TXIDs=[1(0),2(0),3(0)], numOfContainers=3, numOfBlocks=553
2019-08-10 04:39:16,444 INFO  commandhandler.DeleteBlocksCommandHandler (DeleteBlocksCommandHandler.java:handle(106)) - Start to delete container blocks, TXIDs=[1(0),2(0),3(0)], numOfContainers=3, numOfBlocks=553
2019-08-10 04:39:16,445 INFO  commandhandler.DeleteBlocksCommandHandler (DeleteBlocksCommandHandler.java:handle(106)) - Start to delete container blocks, TXIDs=[1(0),2(0),3(0)], numOfContainers=3, numOfBlocks=553
2019-08-10 04:39:16,446 INFO  commandhandler.DeleteBlocksCommandHandler (DeleteBlocksCommandHandler.java:handle(106)) - Start to delete container blocks, TXIDs=[1(0),2(0),3(0)], numOfContainers=3, numOfBlocks=553
2019-08-10 04:39:16,447 INFO  commandhandler.DeleteBlocksCommandHandler (DeleteBlocksCommandHandler.java:handle(106)) - Start to delete container blocks, TXIDs=[1(0),2(0),3(0)], numOfContainers=3, numOfBlocks=553
2019-08-10 04:39:16,448 INFO  commandhandler.DeleteBlocksCommandHandler (DeleteBlocksCommandHandler.java:handle(106)) - Start to delete container blocks, TXIDs=[1(0),2(0),3(0)], numOfContainers=3, numOfBlocks=553
2019-08-10 04:39:16,449 INFO  commandhandler.DeleteBlocksCommandHandler (DeleteBlocksCommandHandler.java:handle(106)) - Start to delete container blocks, TXIDs=[1(0),2(0),3(0)], numOfContainers=3, numOfBlocks=553
2019-08-10 04:39:16,449 INFO  commandhandler.DeleteBlocksCommandHandler (DeleteBlocksCommandHandler.java:handle(106)) - Start to delete container blocks, TXIDs=[1(0),2(0),3(0)], numOfContainers=3, numOfBlocks=553
2019-08-10 04:39:16,450 INFO  commandhandler.DeleteBlocksCommandHandler (DeleteBlocksCommandHandler.java:handle(106)) - Start to delete container blocks, TXIDs=[1(0),2(0),3(0)], numOfContainers=3, numOfBlocks=553
2019-08-10 04:39:16,451 INFO  commandhandler.DeleteBlocksCommandHandler (DeleteBlocksCommandHandler.java:handle(106)) - Start to delete container blocks, TXIDs=[1(0),2(0),3(0)], numOfContainers=3, numOfBlocks=553
2019-08-10 04:39:16,452 INFO  commandhandler.DeleteBlocksCommandHandler (DeleteBlocksCommandHandler.java:handle(106)) - Start to delete container blocks, TXIDs=[1(1),2(1),3(1)], numOfContainers=3, numOfBlocks=553
2019-08-10 04:39:16,453 INFO  commandhandler.DeleteBlocksCommandHandler (DeleteBlocksCommandHandler.java:handle(106)) - Start to delete container blocks, TXIDs=[1(0),2(0),3(0)], numOfContainers=3, numOfBlocks=553
2019-08-10 04:39:16,454 INFO  commandhandler.DeleteBlocksCommandHandler (DeleteBlocksCommandHandler.java:handle(106)) - Start to delete container blocks, TXIDs=[1(894),2(894),3(894)], numOfContainers=3, numOfBlocks=553
2019-08-10 04:39:16,455 INFO  commandhandler.DeleteBlocksCommandHandler (DeleteBlocksCommandHandler.java:handle(106)) - Start to delete container blocks, TXIDs=[1(0),2(0),3(0)], numOfContainers=3, numOfBlocks=553
2019-08-10 04:39:16,456 INFO  commandhandler.DeleteBlocksCommandHandler (DeleteBlocksCommandHandler.java:handle(106)) - Start to delete container blocks, TXIDs=[1(0),2(0),3(0)], numOfContainers=3, numOfBlocks=553
2019-08-10 04:39:16,457 INFO  commandhandler.DeleteBlocksCommandHandler (DeleteBlocksCommandHandler.java:handle(106)) - Start to delete container blocks, TXIDs=[1(0),2(0),3(0)], numOfContainers=3, numOfBlocks=553
2019-08-10 04:39:16,458 INFO  commandhandler.DeleteBlocksCommandHandler (DeleteBlocksCommandHandler.java:handle(106)) - Start to delete container blocks, TXIDs=[1(0),2(0),3(0)], numOfContainers=3, numOfBlocks=553
2019-08-10 04:39:16,459 INFO  commandhandler.DeleteBlocksCommandHandler (DeleteBlocksCommandHandler.java:handle(106)) - Start to delete container blocks, TXIDs=[1(0),2(0),3(0)], numOfContainers=3, numOfBlocks=553
2019-08-10 04:39:16,459 INFO  commandhandler.DeleteBlocksCommandHandler (DeleteBlocksCommandHandler.java:handle(106)) - Start to delete container blocks, TXIDs=[1(0),2(0),3(0)], numOfContainers=3, numOfBlocks=553
2019-08-10 04:39:16,460 INFO  commandhandler.DeleteBlocksCommandHandler (DeleteBlocksCommandHandler.java:handle(106)) - Start to delete container blocks, TXIDs=[1(0),2(0),3(0)], numOfContainers=3, numOfBlocks=553
2019-08-10 04:39:16,461 INFO  commandhandler.DeleteBlocksCommandHandler (DeleteBlocksCommandHandler.java:handle(106)) - Start to delete container blocks, TXIDs=[1(0),2(0),3(0)], numOfContainers=3, numOfBlocks=553
2019-08-10 04:39:16,462 INFO  commandhandler.DeleteBlocksCommandHandler (DeleteBlocksCommandHandler.java:handle(106)) - Start to delete container blocks, TXIDs=[1(0),2(0),3(0)], numOfContainers=3, numOfBlocks=553
2019-08-10 04:39:16,463 INFO  commandhandler.DeleteBlocksCommandHandler (DeleteBlocksCommandHandler.java:handle(106)) - Start to delete container blocks, TXIDs=[1(0),2(0),3(0)], numOfContainers=3, numOfBlocks=553
2019-08-10 04:39:16,464 INFO  commandhandler.DeleteBlocksCommandHandler (DeleteBlocksCommandHandler.java:handle(106)) - Start to delete container blocks, TXIDs=[1(470),2(470),3(470)], numOfContainers=3, numOfBlocks=553
2019-08-10 04:39:16,464 INFO  commandhandler.DeleteBlocksCommandHandler (DeleteBlocksCommandHandler.java:handle(106)) - Start to delete container blocks, TXIDs=[1(0),2(0),3(0)], numOfContainers=3, numOfBlocks=553
2019-08-10 04:39:16,465 INFO  commandhandler.DeleteBlocksCommandHandler (DeleteBlocksCommandHandler.java:handle(106)) - Start to delete container blocks, TXIDs=[1(0),2(0),3(0)], numOfContainers=3, numOfBlocks=553
2019-08-10 04:39:16,466 INFO  commandhandler.DeleteBlocksCommandHandler (DeleteBlocksCommandHandler.java:handle(106)) - Start to delete container blocks, TXIDs=[1(894),2(894),3(894)], numOfContainers=3, numOfBlocks=553
2019-08-10 04:39:16,467 INFO  commandhandler.DeleteBlocksCommandHandler (DeleteBlocksCommandHandler.java:handle(106)) - Start to delete container blocks, TXIDs=[1(0),2(0),3(0)], numOfContainers=3, numOfBlocks=553
2019-08-10 04:39:16,468 INFO  commandhandler.DeleteBlocksCommandHandler (DeleteBlocksCommandHandler.java:handle(106)) - Start to delete container blocks, TXIDs=[1(0),2(0),3(0)], numOfContainers=3, numOfBlocks=553
2019-08-10 04:39:16,469 INFO  commandhandler.DeleteBlocksCommandHandler (DeleteBlocksCommandHandler.java:handle(106)) - Start to delete container blocks, TXIDs=[1(0),2(0),3(0)], numOfContainers=3, numOfBlocks=553
2019-08-10 04:39:16,470 INFO  commandhandler.DeleteBlocksCommandHandler (DeleteBlocksCommandHandler.java:handle(106)) - Start to delete container blocks, TXIDs=[1(0),2(0),3(0)], numOfContainers=3, numOfBlocks=553
2019-08-10 04:39:16,470 INFO  commandhandler.DeleteBlocksCommandHandler (DeleteBlocksCommandHandler.java:handle(106)) - Start to delete container blocks, TXIDs=[1(0),2(0),3(0)], numOfContainers=3, numOfBlocks=553
2019-08-10 04:39:16,471 INFO  commandhandler.DeleteBlocksCommandHandler (DeleteBlocksCommandHandler.java:handle(106)) - Start to delete container blocks, TXIDs=[1(0),2(0),3(0)], numOfContainers=3, numOfBlocks=553
2019-08-10 04:39:16,472 INFO  commandhandler.DeleteBlocksCommandHandler (DeleteBlocksCommandHandler.java:handle(106)) - Start to delete container blocks, TXIDs=[1(0),2(0),3(0)], numOfContainers=3, numOfBlocks=553
2019-08-10 04:39:16,473 INFO  commandhandler.DeleteBlocksCommandHandler (DeleteBlocksCommandHandler.java:handle(106)) - Start to delete container blocks, TXIDs=[1(0),2(0),3(0)], numOfContainers=3, numOfBlocks=553
2019-08-10 04:39:16,474 INFO  commandhandler.DeleteBlocksCommandHandler (DeleteBlocksCommandHandler.java:handle(106)) - Start to delete container blocks, TXIDs=[1(743),2(743),3(743)], numOfContainers=3, numOfBlocks=553
2019-08-10 04:39:16,475 INFO  commandhandler.DeleteBlocksCommandHandler (DeleteBlocksCommandHandler.java:handle(106)) - Start to delete container blocks, TXIDs=[1(0),2(0),3(0)], numOfContainers=3, numOfBlocks=553
2019-08-10 04:39:16,475 INFO  commandhandler.DeleteBlocksCommandHandler (DeleteBlocksCommandHandler.java:handle(106)) - Start to delete container blocks, TXIDs=[1(0),2(0),3(0)], numOfContainers=3, numOfBlocks=553
2019-08-10 04:39:16,476 INFO  commandhandler.DeleteBlocksCommandHandler (DeleteBlocksCommandHandler.java:handle(106)) - Start to delete container blocks, TXIDs=[1(0),2(0),3(0)], numOfContainers=3, numOfBlocks=553
2019-08-10 04:39:16,477 INFO  commandhandler.DeleteBlocksCommandHandler (DeleteBlocksCommandHandler.java:handle(106)) - Start to delete container blocks, TXIDs=[1(898),2(898),3(898)], numOfContainers=3, numOfBlocks=553
2019-08-10 04:39:16,478 INFO  commandhandler.DeleteBlocksCommandHandler (DeleteBlocksCommandHandler.java:handle(106)) - Start to delete container blocks, TXIDs=[1(0),2(0),3(0)], numOfContainers=3, numOfBlocks=553
2019-08-10 04:39:16,479 INFO  commandhandler.DeleteBlocksCommandHandler (DeleteBlocksCommandHandler.java:handle(106)) - Start to delete container blocks, TXIDs=[1(0),2(0),3(0)], numOfContainers=3, numOfBlocks=553
2019-08-10 04:39:16,480 INFO  commandhandler.DeleteBlocksCommandHandler (DeleteBlocksCommandHandler.java:handle(106)) - Start to delete container blocks, TXIDs=[1(0),2(0),3(0)], numOfContainers=3, numOfBlocks=553
2019-08-10 04:39:16,481 INFO  commandhandler.DeleteBlocksCommandHandler (DeleteBlocksCommandHandler.java:handle(106)) - Start to delete container blocks, TXIDs=[1(0),2(0),3(0)], numOfContainers=3, numOfBlocks=553
2019-08-10 04:39:16,481 INFO  commandhandler.DeleteBlocksCommandHandler (DeleteBlocksCommandHandler.java:handle(106)) - Start to delete container blocks, TXIDs=[1(0),2(0),3(0)], numOfContainers=3, numOfBlocks=553
2019-08-10 04:39:16,482 INFO  commandhandler.DeleteBlocksCommandHandler (DeleteBlocksCommandHandler.java:handle(106)) - Start to delete container blocks, TXIDs=[1(0),2(0),3(0)], numOfContainers=3, numOfBlocks=553
2019-08-10 04:39:16,483 INFO  commandhandler.DeleteBlocksCommandHandler (DeleteBlocksCommandHandler.java:handle(106)) - Start to delete container blocks, TXIDs=[1(0),2(0),3(0)], numOfContainers=3, numOfBlocks=553
2019-08-10 04:39:16,484 INFO  commandhandler.DeleteBlocksCommandHandler (DeleteBlocksCommandHandler.java:handle(106)) - Start to delete container blocks, TXIDs=[1(0),2(0),3(0)], numOfContainers=3, numOfBlocks=553
2019-08-10 04:39:16,485 INFO  commandhandler.DeleteBlocksCommandHandler (DeleteBlocksCommandHandler.java:handle(106)) - Start to delete container blocks, TXIDs=[1(0),2(0),3(0)], numOfContainers=3, numOfBlocks=553
2019-08-10 04:39:16,486 INFO  commandhandler.DeleteBlocksCommandHandler (DeleteBlocksCommandHandler.java:handle(106)) - Start to delete container blocks, TXIDs=[1(0),2(0),3(0)], numOfContainers=3, numOfBlocks=553
2019-08-10 04:39:16,487 INFO  commandhandler.DeleteBlocksCommandHandler (DeleteBlocksCommandHandler.java:handle(106)) - Start to delete container blocks, TXIDs=[1(771),2(771),3(771)], numOfContainers=3, numOfBlocks=553
2019-08-10 04:39:16,488 INFO  commandhandler.DeleteBlocksCommandHandler (DeleteBlocksCommandHandler.java:handle(106)) - Start to delete container blocks, TXIDs=[1(0),2(0),3(0)], numOfContainers=3, numOfBlocks=553
2019-08-10 04:39:16,488 INFO  commandhandler.DeleteBlocksCommandHandler (DeleteBlocksCommandHandler.java:handle(106)) - Start to delete container blocks, TXIDs=[1(938),2(938),3(938)], numOfContainers=3, numOfBlocks=553
2019-08-10 04:39:16,489 INFO  commands.RetriableDatanodeEventWatcher (RetriableDatanodeEventWatcher.java:onTimeout(47)) - RetriableDatanodeCommand type=deleteBlocksCommand with id=1565411942285 timed out. Retrying.
2019-08-10 04:39:16,489 INFO  commands.RetriableDatanodeEventWatcher (RetriableDatanodeEventWatcher.java:onTimeout(47)) - RetriableDatanodeCommand type=deleteBlocksCommand with id=1565411942226 timed out. Retrying.
2019-08-10 04:39:16,489 INFO  commands.RetriableDatanodeEventWatcher (RetriableDatanodeEventWatcher.java:onTimeout(47)) - RetriableDatanodeCommand type=deleteBlocksCommand with id=1565411942265 timed out. Retrying.
2019-08-10 04:39:16,489 INFO  commandhandler.DeleteBlocksCommandHandler (DeleteBlocksCommandHandler.java:handle(106)) - Start to delete container blocks, TXIDs=[1(0),2(0),3(0)], numOfContainers=3, numOfBlocks=553
2019-08-10 04:39:16,489 INFO  commands.RetriableDatanodeEventWatcher (RetriableDatanodeEventWatcher.java:onTimeout(47)) - RetriableDatanodeCommand type=deleteBlocksCommand with id=1565411942206 timed out. Retrying.
2019-08-10 04:39:16,489 INFO  commands.RetriableDatanodeEventWatcher (RetriableDatanodeEventWatcher.java:onTimeout(47)) - RetriableDatanodeCommand type=deleteBlocksCommand with id=1565411942275 timed out. Retrying.
2019-08-10 04:39:16,490 INFO  commandhandler.DeleteBlocksCommandHandler (DeleteBlocksCommandHandler.java:handle(106)) - Start to delete container blocks, TXIDs=[1(0),2(0),3(0)], numOfContainers=3, numOfBlocks=553
2019-08-10 04:39:16,491 INFO  commandhandler.DeleteBlocksCommandHandler (DeleteBlocksCommandHandler.java:handle(106)) - Start to delete container blocks, TXIDs=[1(0),2(0),3(0)], numOfContainers=3, numOfBlocks=553
2019-08-10 04:39:16,492 INFO  commandhandler.DeleteBlocksCommandHandler (DeleteBlocksCommandHandler.java:handle(106)) - Start to delete container blocks, TXIDs=[1(0),2(0),3(0)], numOfContainers=3, numOfBlocks=553
2019-08-10 04:39:16,492 INFO  commands.RetriableDatanodeEventWatcher (RetriableDatanodeEventWatcher.java:onTimeout(47)) - RetriableDatanodeCommand type=deleteBlocksCommand with id=1565411942295 timed out. Retrying.
2019-08-10 04:39:16,492 INFO  commands.RetriableDatanodeEventWatcher (RetriableDatanodeEventWatcher.java:onTimeout(47)) - RetriableDatanodeCommand type=deleteBlocksCommand with id=1565411942307 timed out. Retrying.
2019-08-10 04:39:16,492 INFO  commands.RetriableDatanodeEventWatcher (RetriableDatanodeEventWatcher.java:onTimeout(47)) - RetriableDatanodeCommand type=deleteBlocksCommand with id=1565411942246 timed out. Retrying.
2019-08-10 04:39:16,493 INFO  commandhandler.DeleteBlocksCommandHandler (DeleteBlocksCommandHandler.java:handle(106)) - Start to delete container blocks, TXIDs=[1(0),2(0),3(0)], numOfContainers=3, numOfBlocks=553
2019-08-10 04:39:16,493 INFO  commands.RetriableDatanodeEventWatcher (RetriableDatanodeEventWatcher.java:onTimeout(47)) - RetriableDatanodeCommand type=deleteBlocksCommand with id=1565411942236 timed out. Retrying.
2019-08-10 04:39:16,493 INFO  commands.RetriableDatanodeEventWatcher (RetriableDatanodeEventWatcher.java:onTimeout(47)) - RetriableDatanodeCommand type=deleteBlocksCommand with id=1565411942216 timed out. Retrying.
2019-08-10 04:39:16,493 INFO  commandhandler.DeleteBlocksCommandHandler (DeleteBlocksCommandHandler.java:handle(106)) - Start to delete container blocks, TXIDs=[1(0),2(0),3(0)], numOfContainers=3, numOfBlocks=553
2019-08-10 04:39:16,494 INFO  commandhandler.DeleteBlocksCommandHandler (DeleteBlocksCommandHandler.java:handle(106)) - Start to delete container blocks, TXIDs=[1(0),2(0),3(0)], numOfContainers=3, numOfBlocks=553
2019-08-10 04:39:16,495 INFO  commandhandler.DeleteBlocksCommandHandler (DeleteBlocksCommandHandler.java:handle(106)) - Start to delete container blocks, TXIDs=[1(0),2(0),3(0)], numOfContainers=3, numOfBlocks=553
2019-08-10 04:39:16,496 INFO  commandhandler.DeleteBlocksCommandHandler (DeleteBlocksCommandHandler.java:handle(106)) - Start to delete container blocks, TXIDs=[1(0),2(0),3(0)], numOfContainers=3, numOfBlocks=553
2019-08-10 04:39:16,497 INFO  commandhandler.DeleteBlocksCommandHandler (DeleteBlocksCommandHandler.java:handle(106)) - Start to delete container blocks, TXIDs=[1(0),2(0),3(0)], numOfContainers=3, numOfBlocks=553
2019-08-10 04:39:16,498 INFO  commandhandler.DeleteBlocksCommandHandler (DeleteBlocksCommandHandler.java:handle(106)) - Start to delete container blocks, TXIDs=[1(771),2(771),3(771)], numOfContainers=3, numOfBlocks=553
2019-08-10 04:39:16,498 INFO  commandhandler.DeleteBlocksCommandHandler (DeleteBlocksCommandHandler.java:handle(106)) - Start to delete container blocks, TXIDs=[1(0),2(0),3(0)], numOfContainers=3, numOfBlocks=553
2019-08-10 04:39:16,499 INFO  commandhandler.DeleteBlocksCommandHandler (DeleteBlocksCommandHandler.java:handle(106)) - Start to delete container blocks, TXIDs=[1(948),2(948),3(948)], numOfContainers=3, numOfBlocks=553
2019-08-10 04:39:16,500 INFO  commandhandler.DeleteBlocksCommandHandler (DeleteBlocksCommandHandler.java:handle(106)) - Start to delete container blocks, TXIDs=[1(0),2(0),3(0)], numOfContainers=3, numOfBlocks=553
2019-08-10 04:39:16,501 INFO  commandhandler.DeleteBlocksCommandHandler (DeleteBlocksCommandHandler.java:handle(106)) - Start to delete container blocks, TXIDs=[1(0),2(0),3(0)], numOfContainers=3, numOfBlocks=553
2019-08-10 04:39:16,502 INFO  commandhandler.DeleteBlocksCommandHandler (DeleteBlocksCommandHandler.java:handle(106)) - Start to delete container blocks, TXIDs=[1(0),2(0),3(0)], numOfContainers=3, numOfBlocks=553
2019-08-10 04:39:16,503 INFO  commandhandler.DeleteBlocksCommandHandler (DeleteBlocksCommandHandler.java:handle(106)) - Start to delete container blocks, TXIDs=[1(0),2(0),3(0)], numOfContainers=3, numOfBlocks=553
2019-08-10 04:39:16,504 INFO  commandhandler.DeleteBlocksCommandHandler (DeleteBlocksCommandHandler.java:handle(106)) - Start to delete container blocks, TXIDs=[1(0),2(0),3(0)], numOfContainers=3, numOfBlocks=553
2019-08-10 04:39:16,504 INFO  commandhandler.DeleteBlocksCommandHandler (DeleteBlocksCommandHandler.java:handle(106)) - Start to delete container blocks, TXIDs=[1(0),2(0),3(0)], numOfContainers=3, numOfBlocks=553
2019-08-10 04:39:16,505 INFO  commandhandler.DeleteBlocksCommandHandler (DeleteBlocksCommandHandler.java:handle(106)) - Start to delete container blocks, TXIDs=[1(0),2(0),3(0)], numOfContainers=3, numOfBlocks=553
2019-08-10 04:39:16,506 INFO  commandhandler.DeleteBlocksCommandHandler (DeleteBlocksCommandHandler.java:handle(106)) - Start to delete container blocks, TXIDs=[1(0),2(0),3(0)], numOfContainers=3, numOfBlocks=553
2019-08-10 04:39:16,507 INFO  commandhandler.DeleteBlocksCommandHandler (DeleteBlocksCommandHandler.java:handle(106)) - Start to delete container blocks, TXIDs=[1(0),2(0),3(0)], numOfContainers=3, numOfBlocks=553
2019-08-10 04:39:16,508 INFO  commandhandler.DeleteBlocksCommandHandler (DeleteBlocksCommandHandler.java:handle(106)) - Start to delete container blocks, TXIDs=[1(771),2(771),3(771)], numOfContainers=3, numOfBlocks=553
2019-08-10 04:39:16,509 INFO  commandhandler.DeleteBlocksCommandHandler (DeleteBlocksCommandHandler.java:handle(106)) - Start to delete container blocks, TXIDs=[1(0),2(0),3(0)], numOfContainers=3, numOfBlocks=553
2019-08-10 04:39:16,509 INFO  commands.RetriableDatanodeEventWatcher (RetriableDatanodeEventWatcher.java:onTimeout(47)) - RetriableDatanodeCommand type=deleteBlocksCommand with id=1565411942197 timed out. Retrying.
2019-08-10 04:39:16,509 INFO  commandhandler.DeleteBlocksCommandHandler (DeleteBlocksCommandHandler.java:handle(106)) - Start to delete container blocks, TXIDs=[1(0),2(0),3(0)], numOfContainers=3, numOfBlocks=553
2019-08-10 04:39:16,510 INFO  commandhandler.DeleteBlocksCommandHandler (DeleteBlocksCommandHandler.java:handle(106)) - Start to delete container blocks, TXIDs=[1(948),2(948),3(948)], numOfContainers=3, numOfBlocks=553
2019-08-10 04:39:16,511 INFO  commandhandler.DeleteBlocksCommandHandler (DeleteBlocksCommandHandler.java:handle(106)) - Start to delete container blocks, TXIDs=[1(0),2(0),3(0)], numOfContainers=3, numOfBlocks=553
2019-08-10 04:39:16,512 INFO  commands.RetriableDatanodeEventWatcher (RetriableDatanodeEventWatcher.java:onTimeout(47)) - RetriableDatanodeCommand type=deleteBlocksCommand with id=1565411942317 timed out. Retrying.
2019-08-10 04:39:16,512 INFO  commandhandler.DeleteBlocksCommandHandler (DeleteBlocksCommandHandler.java:handle(106)) - Start to delete container blocks, TXIDs=[1(0),2(0),3(0)], numOfContainers=3, numOfBlocks=553
2019-08-10 04:39:16,513 INFO  commandhandler.DeleteBlocksCommandHandler (DeleteBlocksCommandHandler.java:handle(106)) - Start to delete container blocks, TXIDs=[1(0),2(0),3(0)], numOfContainers=3, numOfBlocks=553
2019-08-10 04:39:16,514 INFO  commandhandler.DeleteBlocksCommandHandler (DeleteBlocksCommandHandler.java:handle(106)) - Start to delete container blocks, TXIDs=[1(0),2(0),3(0)], numOfContainers=3, numOfBlocks=553
2019-08-10 04:39:16,514 INFO  commands.RetriableDatanodeEventWatcher (RetriableDatanodeEventWatcher.java:onTimeout(47)) - RetriableDatanodeCommand type=deleteBlocksCommand with id=1565411942256 timed out. Retrying.
2019-08-10 04:39:16,514 INFO  commandhandler.DeleteBlocksCommandHandler (DeleteBlocksCommandHandler.java:handle(106)) - Start to delete container blocks, TXIDs=[1(0),2(0),3(0)], numOfContainers=3, numOfBlocks=553
2019-08-10 04:39:16,515 INFO  commandhandler.DeleteBlocksCommandHandler (DeleteBlocksCommandHandler.java:handle(106)) - Start to delete container blocks, TXIDs=[1(0),2(0),3(0)], numOfContainers=3, numOfBlocks=553
2019-08-10 04:39:16,516 INFO  commandhandler.DeleteBlocksCommandHandler (DeleteBlocksCommandHandler.java:handle(106)) - Start to delete container blocks, TXIDs=[1(0),2(0),3(0)], numOfContainers=3, numOfBlocks=553
2019-08-10 04:39:16,517 INFO  commandhandler.DeleteBlocksCommandHandler (DeleteBlocksCommandHandler.java:handle(106)) - Start to delete container blocks, TXIDs=[1(0),2(0),3(0)], numOfContainers=3, numOfBlocks=553
2019-08-10 04:39:16,518 INFO  commandhandler.DeleteBlocksCommandHandler (DeleteBlocksCommandHandler.java:handle(106)) - Start to delete container blocks, TXIDs=[1(0),2(0),3(0)], numOfContainers=3, numOfBlocks=553
2019-08-10 04:39:16,519 INFO  commandhandler.DeleteBlocksCommandHandler (DeleteBlocksCommandHandler.java:handle(106)) - Start to delete container blocks, TXIDs=[1(0),2(0),3(0)], numOfContainers=3, numOfBlocks=553
2019-08-10 04:39:16,520 INFO  commandhandler.DeleteBlocksCommandHandler (DeleteBlocksCommandHandler.java:handle(106)) - Start to delete container blocks, TXIDs=[1(771),2(771),3(771)], numOfContainers=3, numOfBlocks=553
2019-08-10 04:39:16,520 INFO  commandhandler.DeleteBlocksCommandHandler (DeleteBlocksCommandHandler.java:handle(106)) - Start to delete container blocks, TXIDs=[1(0),2(0),3(0)], numOfContainers=3, numOfBlocks=553
2019-08-10 04:39:16,521 INFO  commandhandler.DeleteBlocksCommandHandler (DeleteBlocksCommandHandler.java:handle(106)) - Start to delete container blocks, TXIDs=[1(972),2(972),3(972)], numOfContainers=3, numOfBlocks=553
2019-08-10 04:39:16,522 INFO  commandhandler.DeleteBlocksCommandHandler (DeleteBlocksCommandHandler.java:handle(106)) - Start to delete container blocks, TXIDs=[1(0),2(0),3(0)], numOfContainers=3, numOfBlocks=553
2019-08-10 04:39:16,523 INFO  commandhandler.DeleteBlocksCommandHandler (DeleteBlocksCommandHandler.java:handle(106)) - Start to delete container blocks, TXIDs=[1(0),2(0),3(0)], numOfContainers=3, numOfBlocks=553
2019-08-10 04:39:16,524 INFO  commandhandler.DeleteBlocksCommandHandler (DeleteBlocksCommandHandler.java:handle(106)) - Start to delete container blocks, TXIDs=[1(0),2(0),3(0)], numOfContainers=3, numOfBlocks=553
2019-08-10 04:39:16,524 INFO  commandhandler.DeleteBlocksCommandHandler (DeleteBlocksCommandHandler.java:handle(106)) - Start to delete container blocks, TXIDs=[1(0),2(0),3(0)], numOfContainers=3, numOfBlocks=553
2019-08-10 04:39:16,525 INFO  commands.RetriableDatanodeEventWatcher (RetriableDatanodeEventWatcher.java:onTimeout(47)) - RetriableDatanodeCommand type=deleteBlocksCommand with id=1565411942207 timed out. Retrying.
2019-08-10 04:39:16,525 INFO  commandhandler.DeleteBlocksCommandHandler (DeleteBlocksCommandHandler.java:handle(106)) - Start to delete container blocks, TXIDs=[1(0),2(0),3(0)], numOfContainers=3, numOfBlocks=553
2019-08-10 04:39:16,526 INFO  commandhandler.DeleteBlocksCommandHandler (DeleteBlocksCommandHandler.java:handle(106)) - Start to delete container blocks, TXIDs=[1(0),2(0),3(0)], numOfContainers=3, numOfBlocks=553
2019-08-10 04:39:16,527 INFO  commandhandler.DeleteBlocksCommandHandler (DeleteBlocksCommandHandler.java:handle(106)) - Start to delete container blocks, TXIDs=[1(0),2(0),3(0)], numOfContainers=3, numOfBlocks=553
2019-08-10 04:39:16,528 INFO  commandhandler.DeleteBlocksCommandHandler (DeleteBlocksCommandHandler.java:handle(106)) - Start to delete container blocks, TXIDs=[1(0),2(0),3(0)], numOfContainers=3, numOfBlocks=553
2019-08-10 04:39:16,528 INFO  commands.RetriableDatanodeEventWatcher (RetriableDatanodeEventWatcher.java:onTimeout(47)) - RetriableDatanodeCommand type=deleteBlocksCommand with id=1565411942266 timed out. Retrying.
2019-08-10 04:39:16,529 INFO  commandhandler.DeleteBlocksCommandHandler (DeleteBlocksCommandHandler.java:handle(106)) - Start to delete container blocks, TXIDs=[1(0),2(0),3(0)], numOfContainers=3, numOfBlocks=553
2019-08-10 04:39:16,529 INFO  commandhandler.DeleteBlocksCommandHandler (DeleteBlocksCommandHandler.java:handle(106)) - Start to delete container blocks, TXIDs=[1(771),2(771),3(771)], numOfContainers=3, numOfBlocks=553
2019-08-10 04:39:16,530 INFO  commandhandler.DeleteBlocksCommandHandler (DeleteBlocksCommandHandler.java:handle(106)) - Start to delete container blocks, TXIDs=[1(0),2(0),3(0)], numOfContainers=3, numOfBlocks=553
2019-08-10 04:39:16,531 INFO  commandhandler.DeleteBlocksCommandHandler (DeleteBlocksCommandHandler.java:handle(106)) - Start to delete container blocks, TXIDs=[1(0),2(0),3(0)], numOfContainers=3, numOfBlocks=553
2019-08-10 04:39:16,532 INFO  commandhandler.DeleteBlocksCommandHandler (DeleteBlocksCommandHandler.java:handle(106)) - Start to delete container blocks, TXIDs=[1(972),2(972),3(972)], numOfContainers=3, numOfBlocks=553
2019-08-10 04:39:16,533 INFO  commandhandler.DeleteBlocksCommandHandler (DeleteBlocksCommandHandler.java:handle(106)) - Start to delete container blocks, TXIDs=[1(0),2(0),3(0)], numOfContainers=3, numOfBlocks=553
2019-08-10 04:39:16,537 INFO  commands.RetriableDatanodeEventWatcher (RetriableDatanodeEventWatcher.java:onTimeout(47)) - RetriableDatanodeCommand type=deleteBlocksCommand with id=1565411942217 timed out. Retrying.
2019-08-10 04:39:16,544 INFO  commands.RetriableDatanodeEventWatcher (RetriableDatanodeEventWatcher.java:onTimeout(47)) - RetriableDatanodeCommand type=deleteBlocksCommand with id=1565411942276 timed out. Retrying.
2019-08-10 04:39:16,555 INFO  commands.RetriableDatanodeEventWatcher (RetriableDatanodeEventWatcher.java:onTimeout(47)) - RetriableDatanodeCommand type=deleteBlocksCommand with id=1565411942227 timed out. Retrying.
2019-08-10 04:39:16,559 INFO  commands.RetriableDatanodeEventWatcher (RetriableDatanodeEventWatcher.java:onTimeout(47)) - RetriableDatanodeCommand type=deleteBlocksCommand with id=1565411942286 timed out. Retrying.
2019-08-10 04:39:16,571 INFO  commands.RetriableDatanodeEventWatcher (RetriableDatanodeEventWatcher.java:onTimeout(47)) - RetriableDatanodeCommand type=deleteBlocksCommand with id=1565411942237 timed out. Retrying.
2019-08-10 04:39:16,572 INFO  commands.RetriableDatanodeEventWatcher (RetriableDatanodeEventWatcher.java:onTimeout(47)) - RetriableDatanodeCommand type=deleteBlocksCommand with id=1565411942296 timed out. Retrying.
2019-08-10 04:39:16,592 INFO  commands.RetriableDatanodeEventWatcher (RetriableDatanodeEventWatcher.java:onTimeout(47)) - RetriableDatanodeCommand type=deleteBlocksCommand with id=1565411942308 timed out. Retrying.
2019-08-10 04:39:16,593 INFO  commands.RetriableDatanodeEventWatcher (RetriableDatanodeEventWatcher.java:onTimeout(47)) - RetriableDatanodeCommand type=deleteBlocksCommand with id=1565411942247 timed out. Retrying.
2019-08-10 04:39:16,607 INFO  commands.RetriableDatanodeEventWatcher (RetriableDatanodeEventWatcher.java:onTimeout(47)) - RetriableDatanodeCommand type=deleteBlocksCommand with id=1565411942198 timed out. Retrying.
2019-08-10 04:39:16,613 INFO  commands.RetriableDatanodeEventWatcher (RetriableDatanodeEventWatcher.java:onTimeout(47)) - RetriableDatanodeCommand type=deleteBlocksCommand with id=1565411942318 timed out. Retrying.
2019-08-10 04:39:16,617 INFO  commands.RetriableDatanodeEventWatcher (RetriableDatanodeEventWatcher.java:onTimeout(47)) - RetriableDatanodeCommand type=deleteBlocksCommand with id=1565411942257 timed out. Retrying.
2019-08-10 04:39:16,626 INFO  commands.RetriableDatanodeEventWatcher (RetriableDatanodeEventWatcher.java:onTimeout(47)) - RetriableDatanodeCommand type=deleteBlocksCommand with id=1565411942208 timed out. Retrying.
2019-08-10 04:39:16,663 INFO  commands.RetriableDatanodeEventWatcher (RetriableDatanodeEventWatcher.java:onTimeout(47)) - RetriableDatanodeCommand type=deleteBlocksCommand with id=1565411942287 timed out. Retrying.
2019-08-10 04:39:16,663 INFO  commands.RetriableDatanodeEventWatcher (RetriableDatanodeEventWatcher.java:onTimeout(47)) - RetriableDatanodeCommand type=deleteBlocksCommand with id=1565411942267 timed out. Retrying.
2019-08-10 04:39:16,663 INFO  commands.RetriableDatanodeEventWatcher (RetriableDatanodeEventWatcher.java:onTimeout(47)) - RetriableDatanodeCommand type=deleteBlocksCommand with id=1565411942218 timed out. Retrying.
2019-08-10 04:39:16,663 INFO  commands.RetriableDatanodeEventWatcher (RetriableDatanodeEventWatcher.java:onTimeout(47)) - RetriableDatanodeCommand type=deleteBlocksCommand with id=1565411942228 timed out. Retrying.
2019-08-10 04:39:16,664 INFO  commands.RetriableDatanodeEventWatcher (RetriableDatanodeEventWatcher.java:onTimeout(47)) - RetriableDatanodeCommand type=deleteBlocksCommand with id=1565411942277 timed out. Retrying.
2019-08-10 04:39:16,675 INFO  commands.RetriableDatanodeEventWatcher (RetriableDatanodeEventWatcher.java:onTimeout(47)) - RetriableDatanodeCommand type=deleteBlocksCommand with id=1565411942297 timed out. Retrying.
2019-08-10 04:39:16,675 INFO  commands.RetriableDatanodeEventWatcher (RetriableDatanodeEventWatcher.java:onTimeout(47)) - RetriableDatanodeCommand type=deleteBlocksCommand with id=1565411942238 timed out. Retrying.
2019-08-10 04:39:16,694 INFO  commands.RetriableDatanodeEventWatcher (RetriableDatanodeEventWatcher.java:onTimeout(47)) - RetriableDatanodeCommand type=deleteBlocksCommand with id=1565411942248 timed out. Retrying.
2019-08-10 04:39:16,695 INFO  commands.RetriableDatanodeEventWatcher (RetriableDatanodeEventWatcher.java:onTimeout(47)) - RetriableDatanodeCommand type=deleteBlocksCommand with id=1565411942309 timed out. Retrying.
2019-08-10 04:39:16,709 INFO  commands.RetriableDatanodeEventWatcher (RetriableDatanodeEventWatcher.java:onTimeout(47)) - RetriableDatanodeCommand type=deleteBlocksCommand with id=1565411942199 timed out. Retrying.
2019-08-10 04:39:16,714 INFO  commands.RetriableDatanodeEventWatcher (RetriableDatanodeEventWatcher.java:onTimeout(47)) - RetriableDatanodeCommand type=deleteBlocksCommand with id=1565411942319 timed out. Retrying.
2019-08-10 04:39:16,719 INFO  commands.RetriableDatanodeEventWatcher (RetriableDatanodeEventWatcher.java:onTimeout(47)) - RetriableDatanodeCommand type=deleteBlocksCommand with id=1565411942258 timed out. Retrying.
2019-08-10 04:39:16,729 INFO  commands.RetriableDatanodeEventWatcher (RetriableDatanodeEventWatcher.java:onTimeout(47)) - RetriableDatanodeCommand type=deleteBlocksCommand with id=1565411942209 timed out. Retrying.
2019-08-10 04:39:16,732 INFO  commands.RetriableDatanodeEventWatcher (RetriableDatanodeEventWatcher.java:onTimeout(47)) - RetriableDatanodeCommand type=deleteBlocksCommand with id=1565411942268 timed out. Retrying.
2019-08-10 04:39:16,741 INFO  commands.RetriableDatanodeEventWatcher (RetriableDatanodeEventWatcher.java:onTimeout(47)) - RetriableDatanodeCommand type=deleteBlocksCommand with id=1565411942219 timed out. Retrying.
2019-08-10 04:39:16,748 INFO  commands.RetriableDatanodeEventWatcher (RetriableDatanodeEventWatcher.java:onTimeout(47)) - RetriableDatanodeCommand type=deleteBlocksCommand with id=1565411942278 timed out. Retrying.
2019-08-10 04:39:16,758 INFO  commands.RetriableDatanodeEventWatcher (RetriableDatanodeEventWatcher.java:onTimeout(47)) - RetriableDatanodeCommand type=deleteBlocksCommand with id=1565411942229 timed out. Retrying.
2019-08-10 04:39:16,761 INFO  commands.RetriableDatanodeEventWatcher (RetriableDatanodeEventWatcher.java:onTimeout(47)) - RetriableDatanodeCommand type=deleteBlocksCommand with id=1565411942288 timed out. Retrying.
2019-08-10 04:39:16,777 INFO  commands.RetriableDatanodeEventWatcher (RetriableDatanodeEventWatcher.java:onTimeout(47)) - RetriableDatanodeCommand type=deleteBlocksCommand with id=1565411942298 timed out. Retrying.
2019-08-10 04:39:16,777 INFO  commands.RetriableDatanodeEventWatcher (RetriableDatanodeEventWatcher.java:onTimeout(47)) - RetriableDatanodeCommand type=deleteBlocksCommand with id=1565411942239 timed out. Retrying.
2019-08-10 04:39:16,797 INFO  commands.RetriableDatanodeEventWatcher (RetriableDatanodeEventWatcher.java:onTimeout(47)) - RetriableDatanodeCommand type=deleteBlocksCommand with id=1565411942310 timed out. Retrying.
2019-08-10 04:39:16,797 INFO  commands.RetriableDatanodeEventWatcher (RetriableDatanodeEventWatcher.java:onTimeout(47)) - RetriableDatanodeCommand type=deleteBlocksCommand with id=1565411942249 timed out. Retrying.
2019-08-10 04:39:16,815 INFO  commands.RetriableDatanodeEventWatcher (RetriableDatanodeEventWatcher.java:onTimeout(47)) - RetriableDatanodeCommand type=deleteBlocksCommand with id=1565411942200 timed out. Retrying.
2019-08-10 04:39:16,817 INFO  commands.RetriableDatanodeEventWatcher (RetriableDatanodeEventWatcher.java:onTimeout(47)) - RetriableDatanodeCommand type=deleteBlocksCommand with id=1565411942320 timed out. Retrying.
2019-08-10 04:39:16,819 INFO  commands.RetriableDatanodeEventWatcher (RetriableDatanodeEventWatcher.java:onTimeout(47)) - RetriableDatanodeCommand type=deleteBlocksCommand with id=1565411942259 timed out. Retrying.
2019-08-10 04:39:16,829 INFO  commands.RetriableDatanodeEventWatcher (RetriableDatanodeEventWatcher.java:onTimeout(47)) - RetriableDatanodeCommand type=deleteBlocksCommand with id=1565411942210 timed out. Retrying.
2019-08-10 04:39:16,831 INFO  commands.RetriableDatanodeEventWatcher (RetriableDatanodeEventWatcher.java:onTimeout(47)) - RetriableDatanodeCommand type=deleteBlocksCommand with id=1565411942269 timed out. Retrying.
2019-08-10 04:39:16,849 INFO  commands.RetriableDatanodeEventWatcher (RetriableDatanodeEventWatcher.java:onTimeout(47)) - RetriableDatanodeCommand type=deleteBlocksCommand with id=1565411942220 timed out. Retrying.
2019-08-10 04:39:16,849 INFO  commands.RetriableDatanodeEventWatcher (RetriableDatanodeEventWatcher.java:onTimeout(47)) - RetriableDatanodeCommand type=deleteBlocksCommand with id=1565411942279 timed out. Retrying.
2019-08-10 04:39:16,861 INFO  commands.RetriableDatanodeEventWatcher (RetriableDatanodeEventWatcher.java:onTimeout(47)) - RetriableDatanodeCommand type=deleteBlocksCommand with id=1565411942230 timed out. Retrying.
2019-08-10 04:39:16,863 INFO  commands.RetriableDatanodeEventWatcher (RetriableDatanodeEventWatcher.java:onTimeout(47)) - RetriableDatanodeCommand type=deleteBlocksCommand with id=1565411942289 timed out. Retrying.
2019-08-10 04:39:16,879 INFO  commands.RetriableDatanodeEventWatcher (RetriableDatanodeEventWatcher.java:onTimeout(47)) - RetriableDatanodeCommand type=deleteBlocksCommand with id=1565411942299 timed out. Retrying.
2019-08-10 04:39:16,879 INFO  commands.RetriableDatanodeEventWatcher (RetriableDatanodeEventWatcher.java:onTimeout(47)) - RetriableDatanodeCommand type=deleteBlocksCommand with id=1565411942240 timed out. Retrying.
2019-08-10 04:39:16,899 INFO  commands.RetriableDatanodeEventWatcher (RetriableDatanodeEventWatcher.java:onTimeout(47)) - RetriableDatanodeCommand type=deleteBlocksCommand with id=1565411942250 timed out. Retrying.
2019-08-10 04:39:16,901 INFO  commands.RetriableDatanodeEventWatcher (RetriableDatanodeEventWatcher.java:onTimeout(47)) - RetriableDatanodeCommand type=deleteBlocksCommand with id=1565411942311 timed out. Retrying.
2019-08-10 04:39:16,910 INFO  commands.RetriableDatanodeEventWatcher (RetriableDatanodeEventWatcher.java:onTimeout(47)) - RetriableDatanodeCommand type=deleteBlocksCommand with id=1565411942201 timed out. Retrying.
2019-08-10 04:39:16,919 INFO  commands.RetriableDatanodeEventWatcher (RetriableDatanodeEventWatcher.java:onTimeout(47)) - RetriableDatanodeCommand type=deleteBlocksCommand with id=1565411942321 timed out. Retrying.
2019-08-10 04:39:16,921 INFO  commands.RetriableDatanodeEventWatcher (RetriableDatanodeEventWatcher.java:onTimeout(47)) - RetriableDatanodeCommand type=deleteBlocksCommand with id=1565411942260 timed out. Retrying.
2019-08-10 04:39:16,932 INFO  commands.RetriableDatanodeEventWatcher (RetriableDatanodeEventWatcher.java:onTimeout(47)) - RetriableDatanodeCommand type=deleteBlocksCommand with id=1565411942211 timed out. Retrying.
2019-08-10 04:39:16,935 INFO  commands.RetriableDatanodeEventWatcher (RetriableDatanodeEventWatcher.java:onTimeout(47)) - RetriableDatanodeCommand type=deleteBlocksCommand with id=1565411942270 timed out. Retrying.
2019-08-10 04:39:16,946 INFO  commands.RetriableDatanodeEventWatcher (RetriableDatanodeEventWatcher.java:onTimeout(47)) - RetriableDatanodeCommand type=deleteBlocksCommand with id=1565411942221 timed out. Retrying.
2019-08-10 04:39:16,950 INFO  commands.RetriableDatanodeEventWatcher (RetriableDatanodeEventWatcher.java:onTimeout(47)) - RetriableDatanodeCommand type=deleteBlocksCommand with id=1565411942280 timed out. Retrying.
2019-08-10 04:39:16,964 INFO  commands.RetriableDatanodeEventWatcher (RetriableDatanodeEventWatcher.java:onTimeout(47)) - RetriableDatanodeCommand type=deleteBlocksCommand with id=1565411942290 timed out. Retrying.
2019-08-10 04:39:16,964 INFO  commands.RetriableDatanodeEventWatcher (RetriableDatanodeEventWatcher.java:onTimeout(47)) - RetriableDatanodeCommand type=deleteBlocksCommand with id=1565411942231 timed out. Retrying.
2019-08-10 04:39:16,980 INFO  commands.RetriableDatanodeEventWatcher (RetriableDatanodeEventWatcher.java:onTimeout(47)) - RetriableDatanodeCommand type=deleteBlocksCommand with id=1565411942241 timed out. Retrying.
2019-08-10 04:39:16,981 INFO  commands.RetriableDatanodeEventWatcher (RetriableDatanodeEventWatcher.java:onTimeout(47)) - RetriableDatanodeCommand type=deleteBlocksCommand with id=1565411942300 timed out. Retrying.
2019-08-10 04:39:17,003 INFO  commands.RetriableDatanodeEventWatcher (RetriableDatanodeEventWatcher.java:onTimeout(47)) - RetriableDatanodeCommand type=deleteBlocksCommand with id=1565411942312 timed out. Retrying.
2019-08-10 04:39:17,008 INFO  commands.RetriableDatanodeEventWatcher (RetriableDatanodeEventWatcher.java:onTimeout(47)) - RetriableDatanodeCommand type=deleteBlocksCommand with id=1565411942251 timed out. Retrying.
2019-08-10 04:39:17,017 INFO  commands.RetriableDatanodeEventWatcher (RetriableDatanodeEventWatcher.java:onTimeout(47)) - RetriableDatanodeCommand type=deleteBlocksCommand with id=1565411942202 timed out. Retrying.
2019-08-10 04:39:17,021 INFO  commands.RetriableDatanodeEventWatcher (RetriableDatanodeEventWatcher.java:onTimeout(47)) - RetriableDatanodeCommand type=deleteBlocksCommand with id=1565411942322 timed out. Retrying.
2019-08-10 04:39:17,022 INFO  commands.RetriableDatanodeEventWatcher (RetriableDatanodeEventWatcher.java:onTimeout(47)) - RetriableDatanodeCommand type=deleteBlocksCommand with id=1565411942261 timed out. Retrying.
2019-08-10 04:39:17,070 DEBUG block.SCMBlockDeletingService (SCMBlockDeletingService.java:call(155)) - Scanned deleted blocks log and got 3 delTX to process.
2019-08-10 04:39:17,071 DEBUG block.SCMBlockDeletingService (SCMBlockDeletingService.java:call(171)) - Added delete block command for datanode 6c928baf-cc3b-4a10-9362-ff4e15dca71d in the queue, number of delete block transactions: 3, TxID list: 1,2,3
2019-08-10 04:39:17,071 INFO  block.SCMBlockDeletingService (SCMBlockDeletingService.java:call(182)) - Totally added 3 delete blocks command for 1 datanodes, task elapsed time: 747ms
2019-08-10 04:39:17,078 INFO  commands.RetriableDatanodeEventWatcher (RetriableDatanodeEventWatcher.java:onTimeout(47)) - RetriableDatanodeCommand type=deleteBlocksCommand with id=1565411942291 timed out. Retrying.
2019-08-10 04:39:17,079 INFO  commands.RetriableDatanodeEventWatcher (RetriableDatanodeEventWatcher.java:onTimeout(47)) - RetriableDatanodeCommand type=deleteBlocksCommand with id=1565411942271 timed out. Retrying.
2019-08-10 04:39:17,080 INFO  commands.RetriableDatanodeEventWatcher (RetriableDatanodeEventWatcher.java:onTimeout(47)) - RetriableDatanodeCommand type=deleteBlocksCommand with id=1565411942222 timed out. Retrying.
2019-08-10 04:39:17,080 INFO  commands.RetriableDatanodeEventWatcher (RetriableDatanodeEventWatcher.java:onTimeout(47)) - RetriableDatanodeCommand type=deleteBlocksCommand with id=1565411942232 timed out. Retrying.
2019-08-10 04:39:17,080 INFO  commands.RetriableDatanodeEventWatcher (RetriableDatanodeEventWatcher.java:onTimeout(47)) - RetriableDatanodeCommand type=deleteBlocksCommand with id=1565411942303 timed out. Retrying.
2019-08-10 04:39:17,080 INFO  commands.RetriableDatanodeEventWatcher (RetriableDatanodeEventWatcher.java:onTimeout(47)) - RetriableDatanodeCommand type=deleteBlocksCommand with id=1565411942281 timed out. Retrying.
2019-08-10 04:39:17,081 INFO  commands.RetriableDatanodeEventWatcher (RetriableDatanodeEventWatcher.java:onTimeout(47)) - RetriableDatanodeCommand type=deleteBlocksCommand with id=1565411942212 timed out. Retrying.
2019-08-10 04:39:17,082 INFO  commands.RetriableDatanodeEventWatcher (RetriableDatanodeEventWatcher.java:onTimeout(47)) - RetriableDatanodeCommand type=deleteBlocksCommand with id=1565411942301 timed out. Retrying.
2019-08-10 04:39:17,082 INFO  commands.RetriableDatanodeEventWatcher (RetriableDatanodeEventWatcher.java:onTimeout(47)) - RetriableDatanodeCommand type=deleteBlocksCommand with id=1565411942242 timed out. Retrying.
2019-08-10 04:39:17,104 INFO  commands.RetriableDatanodeEventWatcher (RetriableDatanodeEventWatcher.java:onTimeout(47)) - RetriableDatanodeCommand type=deleteBlocksCommand with id=1565411942313 timed out. Retrying.
2019-08-10 04:39:17,109 INFO  commands.RetriableDatanodeEventWatcher (RetriableDatanodeEventWatcher.java:onTimeout(47)) - RetriableDatanodeCommand type=deleteBlocksCommand with id=1565411942252 timed out. Retrying.
2019-08-10 04:39:17,118 INFO  commands.RetriableDatanodeEventWatcher (RetriableDatanodeEventWatcher.java:onTimeout(47)) - RetriableDatanodeCommand type=deleteBlocksCommand with id=1565411942203 timed out. Retrying.
2019-08-10 04:39:17,122 INFO  commands.RetriableDatanodeEventWatcher (RetriableDatanodeEventWatcher.java:onTimeout(47)) - RetriableDatanodeCommand type=deleteBlocksCommand with id=1565411942323 timed out. Retrying.
2019-08-10 04:39:17,124 INFO  commands.RetriableDatanodeEventWatcher (RetriableDatanodeEventWatcher.java:onTimeout(47)) - RetriableDatanodeCommand type=deleteBlocksCommand with id=1565411942262 timed out. Retrying.
2019-08-10 04:39:17,135 INFO  commands.RetriableDatanodeEventWatcher (RetriableDatanodeEventWatcher.java:onTimeout(47)) - RetriableDatanodeCommand type=deleteBlocksCommand with id=1565411942213 timed out. Retrying.
2019-08-10 04:39:17,139 INFO  commands.RetriableDatanodeEventWatcher (RetriableDatanodeEventWatcher.java:onTimeout(47)) - RetriableDatanodeCommand type=deleteBlocksCommand with id=1565411942272 timed out. Retrying.
2019-08-10 04:39:17,168 INFO  commands.RetriableDatanodeEventWatcher (RetriableDatanodeEventWatcher.java:onTimeout(47)) - RetriableDatanodeCommand type=deleteBlocksCommand with id=1565411942292 timed out. Retrying.
2019-08-10 04:39:17,169 INFO  commands.RetriableDatanodeEventWatcher (RetriableDatanodeEventWatcher.java:onTimeout(47)) - RetriableDatanodeCommand type=deleteBlocksCommand with id=1565411942282 timed out. Retrying.
2019-08-10 04:39:17,169 INFO  commands.RetriableDatanodeEventWatcher (RetriableDatanodeEventWatcher.java:onTimeout(47)) - RetriableDatanodeCommand type=deleteBlocksCommand with id=1565411942233 timed out. Retrying.
2019-08-10 04:39:17,169 INFO  commands.RetriableDatanodeEventWatcher (RetriableDatanodeEventWatcher.java:onTimeout(47)) - RetriableDatanodeCommand type=deleteBlocksCommand with id=1565411942223 timed out. Retrying.
2019-08-10 04:39:17,171 INFO  commands.RetriableDatanodeEventWatcher (RetriableDatanodeEventWatcher.java:onTimeout(47)) - RetriableDatanodeCommand type=deleteBlocksCommand with id=1565411942304 timed out. Retrying.
2019-08-10 04:39:17,172 DEBUG block.SCMBlockDeletingService (SCMBlockDeletingService.java:call(138)) - Running DeletedBlockTransactionScanner
2019-08-10 04:39:17,172 DEBUG block.SCMBlockDeletingService (SCMBlockDeletingService.java:call(155)) - Scanned deleted blocks log and got 3 delTX to process.
2019-08-10 04:39:17,173 DEBUG block.SCMBlockDeletingService (SCMBlockDeletingService.java:call(171)) - Added delete block command for datanode 6c928baf-cc3b-4a10-9362-ff4e15dca71d in the queue, number of delete block transactions: 3, TxID list: 1,2,3
2019-08-10 04:39:17,173 INFO  block.SCMBlockDeletingService (SCMBlockDeletingService.java:call(182)) - Totally added 3 delete blocks command for 1 datanodes, task elapsed time: 2ms
2019-08-10 04:39:17,181 INFO  commands.RetriableDatanodeEventWatcher (RetriableDatanodeEventWatcher.java:onTimeout(47)) - RetriableDatanodeCommand type=deleteBlocksCommand with id=1565411942302 timed out. Retrying.
2019-08-10 04:39:17,185 INFO  commands.RetriableDatanodeEventWatcher (RetriableDatanodeEventWatcher.java:onTimeout(47)) - RetriableDatanodeCommand type=deleteBlocksCommand with id=1565411942243 timed out. Retrying.
2019-08-10 04:39:17,186 DEBUG block.DeletedBlockLogImpl (DeletedBlockLogImpl.java:isTransactionFailed(245)) - Got block deletion ACK from datanode, TXIDs=1, success=true
2019-08-10 04:39:17,187 DEBUG block.DeletedBlockLogImpl (DeletedBlockLogImpl.java:commitTransactions(227)) - Purging txId=1 from block deletion log
2019-08-10 04:39:17,188 DEBUG block.DeletedBlockLogImpl (DeletedBlockLogImpl.java:commitTransactions(231)) - Datanode txId=1 containerId=#1 committed by dnId=6c928baf-cc3b-4a10-9362-ff4e15dca71d
2019-08-10 04:39:17,188 DEBUG block.DeletedBlockLogImpl (DeletedBlockLogImpl.java:isTransactionFailed(245)) - Got block deletion ACK from datanode, TXIDs=2, success=true
2019-08-10 04:39:17,188 DEBUG block.DeletedBlockLogImpl (DeletedBlockLogImpl.java:commitTransactions(227)) - Purging txId=2 from block deletion log
2019-08-10 04:39:17,188 DEBUG block.DeletedBlockLogImpl (DeletedBlockLogImpl.java:commitTransactions(231)) - Datanode txId=2 containerId=#2 committed by dnId=6c928baf-cc3b-4a10-9362-ff4e15dca71d
2019-08-10 04:39:17,188 DEBUG block.DeletedBlockLogImpl (DeletedBlockLogImpl.java:isTransactionFailed(245)) - Got block deletion ACK from datanode, TXIDs=3, success=true
2019-08-10 04:39:17,188 DEBUG block.DeletedBlockLogImpl (DeletedBlockLogImpl.java:commitTransactions(227)) - Purging txId=3 from block deletion log
2019-08-10 04:39:17,188 DEBUG block.DeletedBlockLogImpl (DeletedBlockLogImpl.java:commitTransactions(231)) - Datanode txId=3 containerId=#3 committed by dnId=6c928baf-cc3b-4a10-9362-ff4e15dca71d
2019-08-10 04:39:17,188 DEBUG block.DeletedBlockLogImpl (DeletedBlockLogImpl.java:isTransactionFailed(245)) - Got block deletion ACK from datanode, TXIDs=1, success=true
2019-08-10 04:39:17,188 WARN  block.DeletedBlockLogImpl (DeletedBlockLogImpl.java:commitTransactions(205)) - Transaction txId=1 commit by dnId=6c928baf-cc3b-4a10-9362-ff4e15dca71d for containerID=#1 failed. Corresponding entry not found.
2019-08-10 04:39:17,188 WARN  block.DeletedBlockLogImpl (DeletedBlockLogImpl.java:incrementCount(141)) - Deleted TXID not found.
2019-08-10 04:39:17,189 WARN  block.DeletedBlockLogImpl (DeletedBlockLogImpl.java:incrementCount(141)) - Deleted TXID not found.
2019-08-10 04:39:17,189 WARN  block.DeletedBlockLogImpl (DeletedBlockLogImpl.java:incrementCount(141)) - Deleted TXID not found.
2019-08-10 04:39:17,189 DEBUG block.DeletedBlockLogImpl (DeletedBlockLogImpl.java:isTransactionFailed(245)) - Got block deletion ACK from datanode, TXIDs=1, success=true
2019-08-10 04:39:17,189 WARN  block.DeletedBlockLogImpl (DeletedBlockLogImpl.java:commitTransactions(205)) - Transaction txId=1 commit by dnId=6c928baf-cc3b-4a10-9362-ff4e15dca71d for containerID=#1 failed. Corresponding entry not found.
2019-08-10 04:39:17,189 DEBUG block.DeletedBlockLogImpl (DeletedBlockLogImpl.java:isTransactionFailed(245)) - Got block deletion ACK from datanode, TXIDs=1, success=true
2019-08-10 04:39:17,189 WARN  block.DeletedBlockLogImpl (DeletedBlockLogImpl.java:commitTransactions(205)) - Transaction txId=1 commit by dnId=6c928baf-cc3b-4a10-9362-ff4e15dca71d for containerID=#1 failed. Corresponding entry not found.
2019-08-10 04:39:17,189 WARN  block.DeletedBlockLogImpl (DeletedBlockLogImpl.java:incrementCount(141)) - Deleted TXID not found.
2019-08-10 04:39:17,189 WARN  block.DeletedBlockLogImpl (DeletedBlockLogImpl.java:incrementCount(141)) - Deleted TXID not found.
2019-08-10 04:39:17,190 WARN  block.DeletedBlockLogImpl (DeletedBlockLogImpl.java:incrementCount(141)) - Deleted TXID not found.
2019-08-10 04:39:17,190 DEBUG block.DeletedBlockLogImpl (DeletedBlockLogImpl.java:isTransactionFailed(245)) - Got block deletion ACK from datanode, TXIDs=1, success=true
2019-08-10 04:39:17,190 WARN  block.DeletedBlockLogImpl (DeletedBlockLogImpl.java:commitTransactions(205)) - Transaction txId=1 commit by dnId=6c928baf-cc3b-4a10-9362-ff4e15dca71d for containerID=#1 failed. Corresponding entry not found.
2019-08-10 04:39:17,190 WARN  block.DeletedBlockLogImpl (DeletedBlockLogImpl.java:incrementCount(141)) - Deleted TXID not found.
2019-08-10 04:39:17,190 WARN  block.DeletedBlockLogImpl (DeletedBlockLogImpl.java:incrementCount(141)) - Deleted TXID not found.
2019-08-10 04:39:17,190 WARN  block.DeletedBlockLogImpl (DeletedBlockLogImpl.java:incrementCount(141)) - Deleted TXID not found.
2019-08-10 04:39:17,190 DEBUG block.DeletedBlockLogImpl (DeletedBlockLogImpl.java:isTransactionFailed(245)) - Got block deletion ACK from datanode, TXIDs=1, success=true
2019-08-10 04:39:17,190 WARN  block.DeletedBlockLogImpl (DeletedBlockLogImpl.java:commitTransactions(205)) - Transaction txId=1 commit by dnId=6c928baf-cc3b-4a10-9362-ff4e15dca71d for containerID=#1 failed. Corresponding entry not found.
2019-08-10 04:39:17,190 WARN  block.DeletedBlockLogImpl (DeletedBlockLogImpl.java:incrementCount(141)) - Deleted TXID not found.
2019-08-10 04:39:17,190 WARN  block.DeletedBlockLogImpl (DeletedBlockLogImpl.java:incrementCount(141)) - Deleted TXID not found.
2019-08-10 04:39:17,191 WARN  block.DeletedBlockLogImpl (DeletedBlockLogImpl.java:incrementCount(141)) - Deleted TXID not found.
2019-08-10 04:39:17,191 DEBUG block.DeletedBlockLogImpl (DeletedBlockLogImpl.java:isTransactionFailed(245)) - Got block deletion ACK from datanode, TXIDs=1, success=true
2019-08-10 04:39:17,191 WARN  block.DeletedBlockLogImpl (DeletedBlockLogImpl.java:commitTransactions(205)) - Transaction txId=1 commit by dnId=6c928baf-cc3b-4a10-9362-ff4e15dca71d for containerID=#1 failed. Corresponding entry not found.
2019-08-10 04:39:17,191 WARN  block.DeletedBlockLogImpl (DeletedBlockLogImpl.java:incrementCount(141)) - Deleted TXID not found.
2019-08-10 04:39:17,191 WARN  block.DeletedBlockLogImpl (DeletedBlockLogImpl.java:incrementCount(141)) - Deleted TXID not found.
2019-08-10 04:39:17,191 WARN  block.DeletedBlockLogImpl (DeletedBlockLogImpl.java:incrementCount(141)) - Deleted TXID not found.
2019-08-10 04:39:17,191 DEBUG block.DeletedBlockLogImpl (DeletedBlockLogImpl.java:isTransactionFailed(245)) - Got block deletion ACK from datanode, TXIDs=1, success=true
2019-08-10 04:39:17,191 WARN  block.DeletedBlockLogImpl (DeletedBlockLogImpl.java:commitTransactions(205)) - Transaction txId=1 commit by dnId=6c928baf-cc3b-4a10-9362-ff4e15dca71d for containerID=#1 failed. Corresponding entry not found.
2019-08-10 04:39:17,191 WARN  block.DeletedBlockLogImpl (DeletedBlockLogImpl.java:incrementCount(141)) - Deleted TXID not found.
2019-08-10 04:39:17,191 WARN  block.DeletedBlockLogImpl (DeletedBlockLogImpl.java:incrementCount(141)) - Deleted TXID not found.
2019-08-10 04:39:17,192 WARN  block.DeletedBlockLogImpl (DeletedBlockLogImpl.java:incrementCount(141)) - Deleted TXID not found.
2019-08-10 04:39:17,192 DEBUG block.DeletedBlockLogImpl (DeletedBlockLogImpl.java:isTransactionFailed(245)) - Got block deletion ACK from datanode, TXIDs=1, success=true
2019-08-10 04:39:17,192 WARN  block.DeletedBlockLogImpl (DeletedBlockLogImpl.java:commitTransactions(205)) - Transaction txId=1 commit by dnId=6c928baf-cc3b-4a10-9362-ff4e15dca71d for containerID=#1 failed. Corresponding entry not found.
2019-08-10 04:39:17,192 DEBUG block.DeletedBlockLogImpl (DeletedBlockLogImpl.java:isTransactionFailed(245)) - Got block deletion ACK from datanode, TXIDs=1, success=true
2019-08-10 04:39:17,192 WARN  block.DeletedBlockLogImpl (DeletedBlockLogImpl.java:commitTransactions(205)) - Transaction txId=1 commit by dnId=6c928baf-cc3b-4a10-9362-ff4e15dca71d for containerID=#1 failed. Corresponding entry not found.
2019-08-10 04:39:17,192 DEBUG block.DeletedBlockLogImpl (DeletedBlockLogImpl.java:isTransactionFailed(245)) - Got block deletion ACK from datanode, TXIDs=1, success=true
2019-08-10 04:39:17,192 WARN  block.DeletedBlockLogImpl (DeletedBlockLogImpl.java:commitTransactions(205)) - Transaction txId=1 commit by dnId=6c928baf-cc3b-4a10-9362-ff4e15dca71d for containerID=#1 failed. Corresponding entry not found.
2019-08-10 04:39:17,192 DEBUG block.DeletedBlockLogImpl (DeletedBlockLogImpl.java:isTransactionFailed(245)) - Got block deletion ACK from datanode, TXIDs=1, success=true
2019-08-10 04:39:17,192 WARN  block.DeletedBlockLogImpl (DeletedBlockLogImpl.java:commitTransactions(205)) - Transaction txId=1 commit by dnId=6c928baf-cc3b-4a10-9362-ff4e15dca71d for containerID=#1 failed. Corresponding entry not found.
2019-08-10 04:39:17,192 DEBUG block.DeletedBlockLogImpl (DeletedBlockLogImpl.java:isTransactionFailed(245)) - Got block deletion ACK from datanode, TXIDs=1, success=true
2019-08-10 04:39:17,192 WARN  block.DeletedBlockLogImpl (DeletedBlockLogImpl.java:commitTransactions(205)) - Transaction txId=1 commit by dnId=6c928baf-cc3b-4a10-9362-ff4e15dca71d for containerID=#1 failed. Corresponding entry not found.
2019-08-10 04:39:17,192 DEBUG block.DeletedBlockLogImpl (DeletedBlockLogImpl.java:isTransactionFailed(245)) - Got block deletion ACK from datanode, TXIDs=1, success=true
2019-08-10 04:39:17,192 WARN  block.DeletedBlockLogImpl (DeletedBlockLogImpl.java:commitTransactions(205)) - Transaction txId=1 commit by dnId=6c928baf-cc3b-4a10-9362-ff4e15dca71d for containerID=#1 failed. Corresponding entry not found.
2019-08-10 04:39:17,193 DEBUG block.DeletedBlockLogImpl (DeletedBlockLogImpl.java:isTransactionFailed(245)) - Got block deletion ACK from datanode, TXIDs=1, success=true
2019-08-10 04:39:17,193 WARN  block.DeletedBlockLogImpl (DeletedBlockLogImpl.java:commitTransactions(205)) - Transaction txId=1 commit by dnId=6c928baf-cc3b-4a10-9362-ff4e15dca71d for containerID=#1 failed. Corresponding entry not found.
2019-08-10 04:39:17,193 DEBUG block.DeletedBlockLogImpl (DeletedBlockLogImpl.java:isTransactionFailed(245)) - Got block deletion ACK from datanode, TXIDs=1, success=true
2019-08-10 04:39:17,193 WARN  block.DeletedBlockLogImpl (DeletedBlockLogImpl.java:commitTransactions(205)) - Transaction txId=1 commit by dnId=6c928baf-cc3b-4a10-9362-ff4e15dca71d for containerID=#1 failed. Corresponding entry not found.
2019-08-10 04:39:17,193 DEBUG block.DeletedBlockLogImpl (DeletedBlockLogImpl.java:isTransactionFailed(245)) - Got block deletion ACK from datanode, TXIDs=1, success=true
2019-08-10 04:39:17,193 WARN  block.DeletedBlockLogImpl (DeletedBlockLogImpl.java:commitTransactions(205)) - Transaction txId=1 commit by dnId=6c928baf-cc3b-4a10-9362-ff4e15dca71d for containerID=#1 failed. Corresponding entry not found.
2019-08-10 04:39:17,193 DEBUG block.DeletedBlockLogImpl (DeletedBlockLogImpl.java:isTransactionFailed(245)) - Got block deletion ACK from datanode, TXIDs=1, success=true
2019-08-10 04:39:17,193 WARN  block.DeletedBlockLogImpl (DeletedBlockLogImpl.java:commitTransactions(205)) - Transaction txId=1 commit by dnId=6c928baf-cc3b-4a10-9362-ff4e15dca71d for containerID=#1 failed. Corresponding entry not found.
2019-08-10 04:39:17,193 DEBUG block.DeletedBlockLogImpl (DeletedBlockLogImpl.java:isTransactionFailed(245)) - Got block deletion ACK from datanode, TXIDs=1, success=true
2019-08-10 04:39:17,193 WARN  block.DeletedBlockLogImpl (DeletedBlockLogImpl.java:commitTransactions(205)) - Transaction txId=1 commit by dnId=6c928baf-cc3b-4a10-9362-ff4e15dca71d for containerID=#1 failed. Corresponding entry not found.
2019-08-10 04:39:17,193 DEBUG block.DeletedBlockLogImpl (DeletedBlockLogImpl.java:isTransactionFailed(245)) - Got block deletion ACK from datanode, TXIDs=1, success=true
2019-08-10 04:39:17,193 WARN  block.DeletedBlockLogImpl (DeletedBlockLogImpl.java:commitTransactions(205)) - Transaction txId=1 commit by dnId=6c928baf-cc3b-4a10-9362-ff4e15dca71d for containerID=#1 failed. Corresponding entry not found.
2019-08-10 04:39:17,193 DEBUG block.DeletedBlockLogImpl (DeletedBlockLogImpl.java:isTransactionFailed(245)) - Got block deletion ACK from datanode, TXIDs=1, success=true
2019-08-10 04:39:17,193 WARN  block.DeletedBlockLogImpl (DeletedBlockLogImpl.java:commitTransactions(205)) - Transaction txId=1 commit by dnId=6c928baf-cc3b-4a10-9362-ff4e15dca71d for containerID=#1 failed. Corresponding entry not found.
2019-08-10 04:39:17,193 DEBUG block.DeletedBlockLogImpl (DeletedBlockLogImpl.java:isTransactionFailed(245)) - Got block deletion ACK from datanode, TXIDs=1, success=true
2019-08-10 04:39:17,194 WARN  block.DeletedBlockLogImpl (DeletedBlockLogImpl.java:commitTransactions(205)) - Transaction txId=1 commit by dnId=6c928baf-cc3b-4a10-9362-ff4e15dca71d for containerID=#1 failed. Corresponding entry not found.
2019-08-10 04:39:17,194 WARN  block.DeletedBlockLogImpl (DeletedBlockLogImpl.java:incrementCount(141)) - Deleted TXID not found.
2019-08-10 04:39:17,194 WARN  block.DeletedBlockLogImpl (DeletedBlockLogImpl.java:incrementCount(141)) - Deleted TXID not found.
2019-08-10 04:39:17,194 WARN  block.DeletedBlockLogImpl (DeletedBlockLogImpl.java:incrementCount(141)) - Deleted TXID not found.
2019-08-10 04:39:17,194 DEBUG block.DeletedBlockLogImpl (DeletedBlockLogImpl.java:isTransactionFailed(245)) - Got block deletion ACK from datanode, TXIDs=1, success=true
2019-08-10 04:39:17,194 WARN  block.DeletedBlockLogImpl (DeletedBlockLogImpl.java:commitTransactions(205)) - Transaction txId=1 commit by dnId=6c928baf-cc3b-4a10-9362-ff4e15dca71d for containerID=#1 failed. Corresponding entry not found.
2019-08-10 04:39:17,194 WARN  block.DeletedBlockLogImpl (DeletedBlockLogImpl.java:incrementCount(141)) - Deleted TXID not found.
2019-08-10 04:39:17,194 WARN  block.DeletedBlockLogImpl (DeletedBlockLogImpl.java:incrementCount(141)) - Deleted TXID not found.
2019-08-10 04:39:17,194 WARN  block.DeletedBlockLogImpl (DeletedBlockLogImpl.java:incrementCount(141)) - Deleted TXID not found.
2019-08-10 04:39:17,194 DEBUG block.DeletedBlockLogImpl (DeletedBlockLogImpl.java:isTransactionFailed(245)) - Got block deletion ACK from datanode, TXIDs=1, success=true
2019-08-10 04:39:17,195 WARN  block.DeletedBlockLogImpl (DeletedBlockLogImpl.java:commitTransactions(205)) - Transaction txId=1 commit by dnId=6c928baf-cc3b-4a10-9362-ff4e15dca71d for containerID=#1 failed. Corresponding entry not found.
2019-08-10 04:39:17,195 WARN  block.DeletedBlockLogImpl (DeletedBlockLogImpl.java:incrementCount(141)) - Deleted TXID not found.
2019-08-10 04:39:17,195 WARN  block.DeletedBlockLogImpl (DeletedBlockLogImpl.java:incrementCount(141)) - Deleted TXID not found.
2019-08-10 04:39:17,195 WARN  block.DeletedBlockLogImpl (DeletedBlockLogImpl.java:incrementCount(141)) - Deleted TXID not found.
2019-08-10 04:39:17,195 DEBUG block.DeletedBlockLogImpl (DeletedBlockLogImpl.java:isTransactionFailed(245)) - Got block deletion ACK from datanode, TXIDs=1, success=true
2019-08-10 04:39:17,195 WARN  block.DeletedBlockLogImpl (DeletedBlockLogImpl.java:commitTransactions(205)) - Transaction txId=1 commit by dnId=6c928baf-cc3b-4a10-9362-ff4e15dca71d for containerID=#1 failed. Corresponding entry not found.
2019-08-10 04:39:17,195 WARN  block.DeletedBlockLogImpl (DeletedBlockLogImpl.java:incrementCount(141)) - Deleted TXID not found.
2019-08-10 04:39:17,195 WARN  block.DeletedBlockLogImpl (DeletedBlockLogImpl.java:incrementCount(141)) - Deleted TXID not found.
2019-08-10 04:39:17,195 WARN  block.DeletedBlockLogImpl (DeletedBlockLogImpl.java:incrementCount(141)) - Deleted TXID not found.
2019-08-10 04:39:17,196 DEBUG block.DeletedBlockLogImpl (DeletedBlockLogImpl.java:isTransactionFailed(245)) - Got block deletion ACK from datanode, TXIDs=1, success=true
2019-08-10 04:39:17,196 WARN  block.DeletedBlockLogImpl (DeletedBlockLogImpl.java:commitTransactions(205)) - Transaction txId=1 commit by dnId=6c928baf-cc3b-4a10-9362-ff4e15dca71d for containerID=#1 failed. Corresponding entry not found.
2019-08-10 04:39:17,196 WARN  block.DeletedBlockLogImpl (DeletedBlockLogImpl.java:incrementCount(141)) - Deleted TXID not found.
2019-08-10 04:39:17,196 WARN  block.DeletedBlockLogImpl (DeletedBlockLogImpl.java:incrementCount(141)) - Deleted TXID not found.
2019-08-10 04:39:17,196 WARN  block.DeletedBlockLogImpl (DeletedBlockLogImpl.java:incrementCount(141)) - Deleted TXID not found.
2019-08-10 04:39:17,196 DEBUG block.DeletedBlockLogImpl (DeletedBlockLogImpl.java:isTransactionFailed(245)) - Got block deletion ACK from datanode, TXIDs=1, success=true
2019-08-10 04:39:17,196 WARN  block.DeletedBlockLogImpl (DeletedBlockLogImpl.java:commitTransactions(205)) - Transaction txId=1 commit by dnId=6c928baf-cc3b-4a10-9362-ff4e15dca71d for containerID=#1 failed. Corresponding entry not found.
2019-08-10 04:39:17,196 WARN  block.DeletedBlockLogImpl (DeletedBlockLogImpl.java:incrementCount(141)) - Deleted TXID not found.
2019-08-10 04:39:17,196 WARN  block.DeletedBlockLogImpl (DeletedBlockLogImpl.java:incrementCount(141)) - Deleted TXID not found.
2019-08-10 04:39:17,196 WARN  block.DeletedBlockLogImpl (DeletedBlockLogImpl.java:incrementCount(141)) - Deleted TXID not found.
2019-08-10 04:39:17,197 DEBUG block.DeletedBlockLogImpl (DeletedBlockLogImpl.java:isTransactionFailed(245)) - Got block deletion ACK from datanode, TXIDs=1, success=true
2019-08-10 04:39:17,197 WARN  block.DeletedBlockLogImpl (DeletedBlockLogImpl.java:commitTransactions(205)) - Transaction txId=1 commit by dnId=6c928baf-cc3b-4a10-9362-ff4e15dca71d for containerID=#1 failed. Corresponding entry not found.
2019-08-10 04:39:17,197 WARN  block.DeletedBlockLogImpl (DeletedBlockLogImpl.java:incrementCount(141)) - Deleted TXID not found.
2019-08-10 04:39:17,197 WARN  block.DeletedBlockLogImpl (DeletedBlockLogImpl.java:incrementCount(141)) - Deleted TXID not found.
2019-08-10 04:39:17,197 WARN  block.DeletedBlockLogImpl (DeletedBlockLogImpl.java:incrementCount(141)) - Deleted TXID not found.
2019-08-10 04:39:17,197 DEBUG block.DeletedBlockLogImpl (DeletedBlockLogImpl.java:isTransactionFailed(245)) - Got block deletion ACK from datanode, TXIDs=1, success=true
2019-08-10 04:39:17,197 WARN  block.DeletedBlockLogImpl (DeletedBlockLogImpl.java:commitTransactions(205)) - Transaction txId=1 commit by dnId=6c928baf-cc3b-4a10-9362-ff4e15dca71d for containerID=#1 failed. Corresponding entry not found.
2019-08-10 04:39:17,197 WARN  block.DeletedBlockLogImpl (DeletedBlockLogImpl.java:incrementCount(141)) - Deleted TXID not found.
2019-08-10 04:39:17,197 WARN  block.DeletedBlockLogImpl (DeletedBlockLogImpl.java:incrementCount(141)) - Deleted TXID not found.
2019-08-10 04:39:17,197 WARN  block.DeletedBlockLogImpl (DeletedBlockLogImpl.java:incrementCount(141)) - Deleted TXID not found.
2019-08-10 04:39:17,198 DEBUG block.DeletedBlockLogImpl (DeletedBlockLogImpl.java:isTransactionFailed(245)) - Got block deletion ACK from datanode, TXIDs=1, success=true
2019-08-10 04:39:17,198 WARN  block.DeletedBlockLogImpl (DeletedBlockLogImpl.java:commitTransactions(205)) - Transaction txId=1 commit by dnId=6c928baf-cc3b-4a10-9362-ff4e15dca71d for containerID=#1 failed. Corresponding entry not found.
2019-08-10 04:39:17,198 WARN  block.DeletedBlockLogImpl (DeletedBlockLogImpl.java:incrementCount(141)) - Deleted TXID not found.
2019-08-10 04:39:17,198 WARN  block.DeletedBlockLogImpl (DeletedBlockLogImpl.java:incrementCount(141)) - Deleted TXID not found.
2019-08-10 04:39:17,198 WARN  block.DeletedBlockLogImpl (DeletedBlockLogImpl.java:incrementCount(141)) - Deleted TXID not found.
2019-08-10 04:39:17,198 DEBUG block.DeletedBlockLogImpl (DeletedBlockLogImpl.java:isTransactionFailed(245)) - Got block deletion ACK from datanode, TXIDs=1, success=true
2019-08-10 04:39:17,198 WARN  block.DeletedBlockLogImpl (DeletedBlockLogImpl.java:commitTransactions(205)) - Transaction txId=1 commit by dnId=6c928baf-cc3b-4a10-9362-ff4e15dca71d for containerID=#1 failed. Corresponding entry not found.
2019-08-10 04:39:17,198 WARN  block.DeletedBlockLogImpl (DeletedBlockLogImpl.java:incrementCount(141)) - Deleted TXID not found.
2019-08-10 04:39:17,198 WARN  block.DeletedBlockLogImpl (DeletedBlockLogImpl.java:incrementCount(141)) - Deleted TXID not found.
2019-08-10 04:39:17,198 WARN  block.DeletedBlockLogImpl (DeletedBlockLogImpl.java:incrementCount(141)) - Deleted TXID not found.
2019-08-10 04:39:17,199 DEBUG block.DeletedBlockLogImpl (DeletedBlockLogImpl.java:isTransactionFailed(245)) - Got block deletion ACK from datanode, TXIDs=1, success=true
2019-08-10 04:39:17,199 WARN  block.DeletedBlockLogImpl (DeletedBlockLogImpl.java:commitTransactions(205)) - Transaction txId=1 commit by dnId=6c928baf-cc3b-4a10-9362-ff4e15dca71d for containerID=#1 failed. Corresponding entry not found.
2019-08-10 04:39:17,199 WARN  block.DeletedBlockLogImpl (DeletedBlockLogImpl.java:incrementCount(141)) - Deleted TXID not found.
2019-08-10 04:39:17,199 WARN  block.DeletedBlockLogImpl (DeletedBlockLogImpl.java:incrementCount(141)) - Deleted TXID not found.
2019-08-10 04:39:17,199 WARN  block.DeletedBlockLogImpl (DeletedBlockLogImpl.java:incrementCount(141)) - Deleted TXID not found.
2019-08-10 04:39:17,199 DEBUG block.DeletedBlockLogImpl (DeletedBlockLogImpl.java:isTransactionFailed(245)) - Got block deletion ACK from datanode, TXIDs=1, success=true
2019-08-10 04:39:17,199 WARN  block.DeletedBlockLogImpl (DeletedBlockLogImpl.java:commitTransactions(205)) - Transaction txId=1 commit by dnId=6c928baf-cc3b-4a10-9362-ff4e15dca71d for containerID=#1 failed. Corresponding entry not found.
2019-08-10 04:39:17,199 WARN  block.DeletedBlockLogImpl (DeletedBlockLogImpl.java:incrementCount(141)) - Deleted TXID not found.
2019-08-10 04:39:17,199 WARN  block.DeletedBlockLogImpl (DeletedBlockLogImpl.java:incrementCount(141)) - Deleted TXID not found.
2019-08-10 04:39:17,199 WARN  block.DeletedBlockLogImpl (DeletedBlockLogImpl.java:incrementCount(141)) - Deleted TXID not found.
2019-08-10 04:39:17,200 DEBUG block.DeletedBlockLogImpl (DeletedBlockLogImpl.java:isTransactionFailed(245)) - Got block deletion ACK from datanode, TXIDs=1, success=true
2019-08-10 04:39:17,200 WARN  block.DeletedBlockLogImpl (DeletedBlockLogImpl.java:commitTransactions(205)) - Transaction txId=1 commit by dnId=6c928baf-cc3b-4a10-9362-ff4e15dca71d for containerID=#1 failed. Corresponding entry not found.
2019-08-10 04:39:17,200 DEBUG block.DeletedBlockLogImpl (DeletedBlockLogImpl.java:isTransactionFailed(245)) - Got block deletion ACK from datanode, TXIDs=1, success=true
2019-08-10 04:39:17,200 WARN  block.DeletedBlockLogImpl (DeletedBlockLogImpl.java:commitTransactions(205)) - Transaction txId=1 commit by dnId=6c928baf-cc3b-4a10-9362-ff4e15dca71d for containerID=#1 failed. Corresponding entry not found.
2019-08-10 04:39:17,200 WARN  block.DeletedBlockLogImpl (DeletedBlockLogImpl.java:incrementCount(141)) - Deleted TXID not found.
2019-08-10 04:39:17,200 WARN  block.DeletedBlockLogImpl (DeletedBlockLogImpl.java:incrementCount(141)) - Deleted TXID not found.
2019-08-10 04:39:17,200 WARN  block.DeletedBlockLogImpl (DeletedBlockLogImpl.java:incrementCount(141)) - Deleted TXID not found.
2019-08-10 04:39:17,200 DEBUG block.DeletedBlockLogImpl (DeletedBlockLogImpl.java:isTransactionFailed(245)) - Got block deletion ACK from datanode, TXIDs=1, success=true
2019-08-10 04:39:17,200 WARN  block.DeletedBlockLogImpl (DeletedBlockLogImpl.java:commitTransactions(205)) - Transaction txId=1 commit by dnId=6c928baf-cc3b-4a10-9362-ff4e15dca71d for containerID=#1 failed. Corresponding entry not found.
2019-08-10 04:39:17,200 DEBUG block.DeletedBlockLogImpl (DeletedBlockLogImpl.java:isTransactionFailed(245)) - Got block deletion ACK from datanode, TXIDs=1, success=true
2019-08-10 04:39:17,200 WARN  block.DeletedBlockLogImpl (DeletedBlockLogImpl.java:commitTransactions(205)) - Transaction txId=1 commit by dnId=6c928baf-cc3b-4a10-9362-ff4e15dca71d for containerID=#1 failed. Corresponding entry not found.
2019-08-10 04:39:17,200 DEBUG block.DeletedBlockLogImpl (DeletedBlockLogImpl.java:isTransactionFailed(245)) - Got block deletion ACK from datanode, TXIDs=1, success=true
2019-08-10 04:39:17,201 WARN  block.DeletedBlockLogImpl (DeletedBlockLogImpl.java:commitTransactions(205)) - Transaction txId=1 commit by dnId=6c928baf-cc3b-4a10-9362-ff4e15dca71d for containerID=#1 failed. Corresponding entry not found.
2019-08-10 04:39:17,201 DEBUG block.DeletedBlockLogImpl (DeletedBlockLogImpl.java:isTransactionFailed(245)) - Got block deletion ACK from datanode, TXIDs=1, success=true
2019-08-10 04:39:17,201 WARN  block.DeletedBlockLogImpl (DeletedBlockLogImpl.java:commitTransactions(205)) - Transaction txId=1 commit by dnId=6c928baf-cc3b-4a10-9362-ff4e15dca71d for containerID=#1 failed. Corresponding entry not found.
2019-08-10 04:39:17,201 WARN  block.DeletedBlockLogImpl (DeletedBlockLogImpl.java:incrementCount(141)) - Deleted TXID not found.
2019-08-10 04:39:17,201 WARN  block.DeletedBlockLogImpl (DeletedBlockLogImpl.java:incrementCount(141)) - Deleted TXID not found.
2019-08-10 04:39:17,201 WARN  block.DeletedBlockLogImpl (DeletedBlockLogImpl.java:incrementCount(141)) - Deleted TXID not found.
2019-08-10 04:39:17,201 DEBUG block.DeletedBlockLogImpl (DeletedBlockLogImpl.java:isTransactionFailed(245)) - Got block deletion ACK from datanode, TXIDs=1, success=true
2019-08-10 04:39:17,201 WARN  block.DeletedBlockLogImpl (DeletedBlockLogImpl.java:commitTransactions(205)) - Transaction txId=1 commit by dnId=6c928baf-cc3b-4a10-9362-ff4e15dca71d for containerID=#1 failed. Corresponding entry not found.
2019-08-10 04:39:17,201 WARN  block.DeletedBlockLogImpl (DeletedBlockLogImpl.java:incrementCount(141)) - Deleted TXID not found.
2019-08-10 04:39:17,201 WARN  block.DeletedBlockLogImpl (DeletedBlockLogImpl.java:incrementCount(141)) - Deleted TXID not found.
2019-08-10 04:39:17,201 WARN  block.DeletedBlockLogImpl (DeletedBlockLogImpl.java:incrementCount(141)) - Deleted TXID not found.
2019-08-10 04:39:17,202 DEBUG block.DeletedBlockLogImpl (DeletedBlockLogImpl.java:isTransactionFailed(245)) - Got block deletion ACK from datanode, TXIDs=1, success=true
2019-08-10 04:39:17,202 WARN  block.DeletedBlockLogImpl (DeletedBlockLogImpl.java:commitTransactions(205)) - Transaction txId=1 commit by dnId=6c928baf-cc3b-4a10-9362-ff4e15dca71d for containerID=#1 failed. Corresponding entry not found.
2019-08-10 04:39:17,202 WARN  block.DeletedBlockLogImpl (DeletedBlockLogImpl.java:incrementCount(141)) - Deleted TXID not found.
2019-08-10 04:39:17,202 WARN  block.DeletedBlockLogImpl (DeletedBlockLogImpl.java:incrementCount(141)) - Deleted TXID not found.
2019-08-10 04:39:17,202 WARN  block.DeletedBlockLogImpl (DeletedBlockLogImpl.java:incrementCount(141)) - Deleted TXID not found.
2019-08-10 04:39:17,202 DEBUG block.DeletedBlockLogImpl (DeletedBlockLogImpl.java:isTransactionFailed(245)) - Got block deletion ACK from datanode, TXIDs=1, success=true
2019-08-10 04:39:17,202 WARN  block.DeletedBlockLogImpl (DeletedBlockLogImpl.java:commitTransactions(205)) - Transaction txId=1 commit by dnId=6c928baf-cc3b-4a10-9362-ff4e15dca71d for containerID=#1 failed. Corresponding entry not found.
2019-08-10 04:39:17,202 WARN  block.DeletedBlockLogImpl (DeletedBlockLogImpl.java:incrementCount(141)) - Deleted TXID not found.
2019-08-10 04:39:17,202 WARN  block.DeletedBlockLogImpl (DeletedBlockLogImpl.java:incrementCount(141)) - Deleted TXID not found.
2019-08-10 04:39:17,202 WARN  block.DeletedBlockLogImpl (DeletedBlockLogImpl.java:incrementCount(141)) - Deleted TXID not found.
2019-08-10 04:39:17,203 DEBUG block.DeletedBlockLogImpl (DeletedBlockLogImpl.java:isTransactionFailed(245)) - Got block deletion ACK from datanode, TXIDs=1, success=true
2019-08-10 04:39:17,203 WARN  block.DeletedBlockLogImpl (DeletedBlockLogImpl.java:commitTransactions(205)) - Transaction txId=1 commit by dnId=6c928baf-cc3b-4a10-9362-ff4e15dca71d for containerID=#1 failed. Corresponding entry not found.
2019-08-10 04:39:17,203 WARN  block.DeletedBlockLogImpl (DeletedBlockLogImpl.java:incrementCount(141)) - Deleted TXID not found.
2019-08-10 04:39:17,203 WARN  block.DeletedBlockLogImpl (DeletedBlockLogImpl.java:incrementCount(141)) - Deleted TXID not found.
2019-08-10 04:39:17,203 WARN  block.DeletedBlockLogImpl (DeletedBlockLogImpl.java:incrementCount(141)) - Deleted TXID not found.
2019-08-10 04:39:17,203 DEBUG block.DeletedBlockLogImpl (DeletedBlockLogImpl.java:isTransactionFailed(245)) - Got block deletion ACK from datanode, TXIDs=1, success=true
2019-08-10 04:39:17,203 WARN  block.DeletedBlockLogImpl (DeletedBlockLogImpl.java:commitTransactions(205)) - Transaction txId=1 commit by dnId=6c928baf-cc3b-4a10-9362-ff4e15dca71d for containerID=#1 failed. Corresponding entry not found.
2019-08-10 04:39:17,203 WARN  block.DeletedBlockLogImpl (DeletedBlockLogImpl.java:incrementCount(141)) - Deleted TXID not found.
2019-08-10 04:39:17,203 WARN  block.DeletedBlockLogImpl (DeletedBlockLogImpl.java:incrementCount(141)) - Deleted TXID not found.
2019-08-10 04:39:17,203 WARN  block.DeletedBlockLogImpl (DeletedBlockLogImpl.java:incrementCount(141)) - Deleted TXID not found.
2019-08-10 04:39:17,204 DEBUG block.DeletedBlockLogImpl (DeletedBlockLogImpl.java:isTransactionFailed(245)) - Got block deletion ACK from datanode, TXIDs=1, success=true
2019-08-10 04:39:17,204 WARN  block.DeletedBlockLogImpl (DeletedBlockLogImpl.java:commitTransactions(205)) - Transaction txId=1 commit by dnId=6c928baf-cc3b-4a10-9362-ff4e15dca71d for containerID=#1 failed. Corresponding entry not found.
2019-08-10 04:39:17,204 WARN  block.DeletedBlockLogImpl (DeletedBlockLogImpl.java:incrementCount(141)) - Deleted TXID not found.
2019-08-10 04:39:17,204 WARN  block.DeletedBlockLogImpl (DeletedBlockLogImpl.java:incrementCount(141)) - Deleted TXID not found.
2019-08-10 04:39:17,204 WARN  block.DeletedBlockLogImpl (DeletedBlockLogImpl.java:incrementCount(141)) - Deleted TXID not found.
2019-08-10 04:39:17,204 DEBUG block.DeletedBlockLogImpl (DeletedBlockLogImpl.java:isTransactionFailed(245)) - Got block deletion ACK from datanode, TXIDs=1, success=true
2019-08-10 04:39:17,204 WARN  block.DeletedBlockLogImpl (DeletedBlockLogImpl.java:commitTransactions(205)) - Transaction txId=1 commit by dnId=6c928baf-cc3b-4a10-9362-ff4e15dca71d for containerID=#1 failed. Corresponding entry not found.
2019-08-10 04:39:17,204 WARN  block.DeletedBlockLogImpl (DeletedBlockLogImpl.java:incrementCount(141)) - Deleted TXID not found.
2019-08-10 04:39:17,204 WARN  block.DeletedBlockLogImpl (DeletedBlockLogImpl.java:incrementCount(141)) - Deleted TXID not found.
2019-08-10 04:39:17,204 WARN  block.DeletedBlockLogImpl (DeletedBlockLogImpl.java:incrementCount(141)) - Deleted TXID not found.
2019-08-10 04:39:17,205 DEBUG block.DeletedBlockLogImpl (DeletedBlockLogImpl.java:isTransactionFailed(245)) - Got block deletion ACK from datanode, TXIDs=1, success=true
2019-08-10 04:39:17,205 WARN  block.DeletedBlockLogImpl (DeletedBlockLogImpl.java:commitTransactions(205)) - Transaction txId=1 commit by dnId=6c928baf-cc3b-4a10-9362-ff4e15dca71d for containerID=#1 failed. Corresponding entry not found.
2019-08-10 04:39:17,205 WARN  block.DeletedBlockLogImpl (DeletedBlockLogImpl.java:incrementCount(141)) - Deleted TXID not found.
2019-08-10 04:39:17,205 WARN  block.DeletedBlockLogImpl (DeletedBlockLogImpl.java:incrementCount(141)) - Deleted TXID not found.
2019-08-10 04:39:17,205 WARN  block.DeletedBlockLogImpl (DeletedBlockLogImpl.java:incrementCount(141)) - Deleted TXID not found.
2019-08-10 04:39:17,205 DEBUG block.DeletedBlockLogImpl (DeletedBlockLogImpl.java:isTransactionFailed(245)) - Got block deletion ACK from datanode, TXIDs=1, success=true
2019-08-10 04:39:17,205 WARN  block.DeletedBlockLogImpl (DeletedBlockLogImpl.java:commitTransactions(205)) - Transaction txId=1 commit by dnId=6c928baf-cc3b-4a10-9362-ff4e15dca71d for containerID=#1 failed. Corresponding entry not found.
2019-08-10 04:39:17,205 WARN  block.DeletedBlockLogImpl (DeletedBlockLogImpl.java:incrementCount(141)) - Deleted TXID not found.
2019-08-10 04:39:17,205 WARN  block.DeletedBlockLogImpl (DeletedBlockLogImpl.java:incrementCount(141)) - Deleted TXID not found.
2019-08-10 04:39:17,205 WARN  block.DeletedBlockLogImpl (DeletedBlockLogImpl.java:incrementCount(141)) - Deleted TXID not found.
2019-08-10 04:39:17,206 DEBUG block.DeletedBlockLogImpl (DeletedBlockLogImpl.java:isTransactionFailed(245)) - Got block deletion ACK from datanode, TXIDs=1, success=true
2019-08-10 04:39:17,206 WARN  block.DeletedBlockLogImpl (DeletedBlockLogImpl.java:commitTransactions(205)) - Transaction txId=1 commit by dnId=6c928baf-cc3b-4a10-9362-ff4e15dca71d for containerID=#1 failed. Corresponding entry not found.
2019-08-10 04:39:17,206 DEBUG block.DeletedBlockLogImpl (DeletedBlockLogImpl.java:isTransactionFailed(245)) - Got block deletion ACK from datanode, TXIDs=1, success=true
2019-08-10 04:39:17,206 WARN  block.DeletedBlockLogImpl (DeletedBlockLogImpl.java:commitTransactions(205)) - Transaction txId=1 commit by dnId=6c928baf-cc3b-4a10-9362-ff4e15dca71d for containerID=#1 failed. Corresponding entry not found.
2019-08-10 04:39:17,206 DEBUG block.DeletedBlockLogImpl (DeletedBlockLogImpl.java:isTransactionFailed(245)) - Got block deletion ACK from datanode, TXIDs=1, success=true
2019-08-10 04:39:17,206 WARN  block.DeletedBlockLogImpl (DeletedBlockLogImpl.java:commitTransactions(205)) - Transaction txId=1 commit by dnId=6c928baf-cc3b-4a10-9362-ff4e15dca71d for containerID=#1 failed. Corresponding entry not found.
2019-08-10 04:39:17,206 WARN  block.DeletedBlockLogImpl (DeletedBlockLogImpl.java:incrementCount(141)) - Deleted TXID not found.
2019-08-10 04:39:17,206 WARN  block.DeletedBlockLogImpl (DeletedBlockLogImpl.java:incrementCount(141)) - Deleted TXID not found.
2019-08-10 04:39:17,206 WARN  block.DeletedBlockLogImpl (DeletedBlockLogImpl.java:incrementCount(141)) - Deleted TXID not found.
2019-08-10 04:39:17,206 DEBUG block.DeletedBlockLogImpl (DeletedBlockLogImpl.java:isTransactionFailed(245)) - Got block deletion ACK from datanode, TXIDs=1, success=true
2019-08-10 04:39:17,206 WARN  block.DeletedBlockLogImpl (DeletedBlockLogImpl.java:commitTransactions(205)) - Transaction txId=1 commit by dnId=6c928baf-cc3b-4a10-9362-ff4e15dca71d for containerID=#1 failed. Corresponding entry not found.
2019-08-10 04:39:17,206 DEBUG block.DeletedBlockLogImpl (DeletedBlockLogImpl.java:isTransactionFailed(245)) - Got block deletion ACK from datanode, TXIDs=1, success=true
2019-08-10 04:39:17,206 WARN  block.DeletedBlockLogImpl (DeletedBlockLogImpl.java:commitTransactions(205)) - Transaction txId=1 commit by dnId=6c928baf-cc3b-4a10-9362-ff4e15dca71d for containerID=#1 failed. Corresponding entry not found.
2019-08-10 04:39:17,207 DEBUG block.DeletedBlockLogImpl (DeletedBlockLogImpl.java:isTransactionFailed(245)) - Got block deletion ACK from datanode, TXIDs=1, success=true
2019-08-10 04:39:17,207 WARN  block.DeletedBlockLogImpl (DeletedBlockLogImpl.java:commitTransactions(205)) - Transaction txId=1 commit by dnId=6c928baf-cc3b-4a10-9362-ff4e15dca71d for containerID=#1 failed. Corresponding entry not found.
2019-08-10 04:39:17,207 DEBUG block.DeletedBlockLogImpl (DeletedBlockLogImpl.java:isTransactionFailed(245)) - Got block deletion ACK from datanode, TXIDs=1, success=true
2019-08-10 04:39:17,207 WARN  block.DeletedBlockLogImpl (DeletedBlockLogImpl.java:commitTransactions(205)) - Transaction txId=1 commit by dnId=6c928baf-cc3b-4a10-9362-ff4e15dca71d for containerID=#1 failed. Corresponding entry not found.
2019-08-10 04:39:17,207 WARN  block.DeletedBlockLogImpl (DeletedBlockLogImpl.java:incrementCount(141)) - Deleted TXID not found.
2019-08-10 04:39:17,207 WARN  block.DeletedBlockLogImpl (DeletedBlockLogImpl.java:incrementCount(141)) - Deleted TXID not found.
2019-08-10 04:39:17,207 WARN  block.DeletedBlockLogImpl (DeletedBlockLogImpl.java:incrementCount(141)) - Deleted TXID not found.
2019-08-10 04:39:17,207 DEBUG block.DeletedBlockLogImpl (DeletedBlockLogImpl.java:isTransactionFailed(245)) - Got block deletion ACK from datanode, TXIDs=1, success=true
2019-08-10 04:39:17,207 WARN  block.DeletedBlockLogImpl (DeletedBlockLogImpl.java:commitTransactions(205)) - Transaction txId=1 commit by dnId=6c928baf-cc3b-4a10-9362-ff4e15dca71d for containerID=#1 failed. Corresponding entry not found.
2019-08-10 04:39:17,207 WARN  block.DeletedBlockLogImpl (DeletedBlockLogImpl.java:incrementCount(141)) - Deleted TXID not found.
2019-08-10 04:39:17,207 WARN  block.DeletedBlockLogImpl (DeletedBlockLogImpl.java:incrementCount(141)) - Deleted TXID not found.
2019-08-10 04:39:17,208 WARN  block.DeletedBlockLogImpl (DeletedBlockLogImpl.java:incrementCount(141)) - Deleted TXID not found.
2019-08-10 04:39:17,208 DEBUG block.DeletedBlockLogImpl (DeletedBlockLogImpl.java:isTransactionFailed(245)) - Got block deletion ACK from datanode, TXIDs=1, success=true
2019-08-10 04:39:17,208 WARN  block.DeletedBlockLogImpl (DeletedBlockLogImpl.java:commitTransactions(205)) - Transaction txId=1 commit by dnId=6c928baf-cc3b-4a10-9362-ff4e15dca71d for containerID=#1 failed. Corresponding entry not found.
2019-08-10 04:39:17,208 WARN  block.DeletedBlockLogImpl (DeletedBlockLogImpl.java:incrementCount(141)) - Deleted TXID not found.
2019-08-10 04:39:17,208 WARN  block.DeletedBlockLogImpl (DeletedBlockLogImpl.java:incrementCount(141)) - Deleted TXID not found.
2019-08-10 04:39:17,208 WARN  block.DeletedBlockLogImpl (DeletedBlockLogImpl.java:incrementCount(141)) - Deleted TXID not found.
2019-08-10 04:39:17,208 DEBUG block.DeletedBlockLogImpl (DeletedBlockLogImpl.java:isTransactionFailed(245)) - Got block deletion ACK from datanode, TXIDs=1, success=true
2019-08-10 04:39:17,208 WARN  block.DeletedBlockLogImpl (DeletedBlockLogImpl.java:commitTransactions(205)) - Transaction txId=1 commit by dnId=6c928baf-cc3b-4a10-9362-ff4e15dca71d for containerID=#1 failed. Corresponding entry not found.
2019-08-10 04:39:17,208 WARN  block.DeletedBlockLogImpl (DeletedBlockLogImpl.java:incrementCount(141)) - Deleted TXID not found.
2019-08-10 04:39:17,208 WARN  block.DeletedBlockLogImpl (DeletedBlockLogImpl.java:incrementCount(141)) - Deleted TXID not found.
2019-08-10 04:39:17,208 WARN  block.DeletedBlockLogImpl (DeletedBlockLogImpl.java:incrementCount(141)) - Deleted TXID not found.
2019-08-10 04:39:17,209 DEBUG block.DeletedBlockLogImpl (DeletedBlockLogImpl.java:isTransactionFailed(245)) - Got block deletion ACK from datanode, TXIDs=1, success=true
2019-08-10 04:39:17,209 WARN  block.DeletedBlockLogImpl (DeletedBlockLogImpl.java:commitTransactions(205)) - Transaction txId=1 commit by dnId=6c928baf-cc3b-4a10-9362-ff4e15dca71d for containerID=#1 failed. Corresponding entry not found.
2019-08-10 04:39:17,209 WARN  block.DeletedBlockLogImpl (DeletedBlockLogImpl.java:incrementCount(141)) - Deleted TXID not found.
2019-08-10 04:39:17,209 WARN  block.DeletedBlockLogImpl (DeletedBlockLogImpl.java:incrementCount(141)) - Deleted TXID not found.
2019-08-10 04:39:17,209 WARN  block.DeletedBlockLogImpl (DeletedBlockLogImpl.java:incrementCount(141)) - Deleted TXID not found.
2019-08-10 04:39:17,209 DEBUG block.DeletedBlockLogImpl (DeletedBlockLogImpl.java:isTransactionFailed(245)) - Got block deletion ACK from datanode, TXIDs=1, success=true
2019-08-10 04:39:17,209 WARN  block.DeletedBlockLogImpl (DeletedBlockLogImpl.java:commitTransactions(205)) - Transaction txId=1 commit by dnId=6c928baf-cc3b-4a10-9362-ff4e15dca71d for containerID=#1 failed. Corresponding entry not found.
2019-08-10 04:39:17,209 WARN  block.DeletedBlockLogImpl (DeletedBlockLogImpl.java:incrementCount(141)) - Deleted TXID not found.
2019-08-10 04:39:17,209 WARN  block.DeletedBlockLogImpl (DeletedBlockLogImpl.java:incrementCount(141)) - Deleted TXID not found.
2019-08-10 04:39:17,209 WARN  block.DeletedBlockLogImpl (DeletedBlockLogImpl.java:incrementCount(141)) - Deleted TXID not found.
2019-08-10 04:39:17,210 DEBUG block.DeletedBlockLogImpl (DeletedBlockLogImpl.java:isTransactionFailed(245)) - Got block deletion ACK from datanode, TXIDs=1, success=true
2019-08-10 04:39:17,210 WARN  block.DeletedBlockLogImpl (DeletedBlockLogImpl.java:commitTransactions(205)) - Transaction txId=1 commit by dnId=6c928baf-cc3b-4a10-9362-ff4e15dca71d for containerID=#1 failed. Corresponding entry not found.
2019-08-10 04:39:17,210 DEBUG block.DeletedBlockLogImpl (DeletedBlockLogImpl.java:isTransactionFailed(245)) - Got block deletion ACK from datanode, TXIDs=1, success=true
2019-08-10 04:39:17,210 WARN  block.DeletedBlockLogImpl (DeletedBlockLogImpl.java:commitTransactions(205)) - Transaction txId=1 commit by dnId=6c928baf-cc3b-4a10-9362-ff4e15dca71d for containerID=#1 failed. Corresponding entry not found.
2019-08-10 04:39:17,210 WARN  block.DeletedBlockLogImpl (DeletedBlockLogImpl.java:incrementCount(141)) - Deleted TXID not found.
2019-08-10 04:39:17,210 WARN  block.DeletedBlockLogImpl (DeletedBlockLogImpl.java:incrementCount(141)) - Deleted TXID not found.
2019-08-10 04:39:17,210 WARN  block.DeletedBlockLogImpl (DeletedBlockLogImpl.java:incrementCount(141)) - Deleted TXID not found.
2019-08-10 04:39:17,210 DEBUG block.DeletedBlockLogImpl (DeletedBlockLogImpl.java:isTransactionFailed(245)) - Got block deletion ACK from datanode, TXIDs=1, success=true
2019-08-10 04:39:17,210 WARN  block.DeletedBlockLogImpl (DeletedBlockLogImpl.java:commitTransactions(205)) - Transaction txId=1 commit by dnId=6c928baf-cc3b-4a10-9362-ff4e15dca71d for containerID=#1 failed. Corresponding entry not found.
2019-08-10 04:39:17,210 WARN  block.DeletedBlockLogImpl (DeletedBlockLogImpl.java:incrementCount(141)) - Deleted TXID not found.
2019-08-10 04:39:17,210 WARN  block.DeletedBlockLogImpl (DeletedBlockLogImpl.java:incrementCount(141)) - Deleted TXID not found.
2019-08-10 04:39:17,211 WARN  block.DeletedBlockLogImpl (DeletedBlockLogImpl.java:incrementCount(141)) - Deleted TXID not found.
2019-08-10 04:39:17,211 DEBUG block.DeletedBlockLogImpl (DeletedBlockLogImpl.java:isTransactionFailed(245)) - Got block deletion ACK from datanode, TXIDs=1, success=true
2019-08-10 04:39:17,211 WARN  block.DeletedBlockLogImpl (DeletedBlockLogImpl.java:commitTransactions(205)) - Transaction txId=1 commit by dnId=6c928baf-cc3b-4a10-9362-ff4e15dca71d for containerID=#1 failed. Corresponding entry not found.
2019-08-10 04:39:17,211 DEBUG block.DeletedBlockLogImpl (DeletedBlockLogImpl.java:isTransactionFailed(245)) - Got block deletion ACK from datanode, TXIDs=1, success=true
2019-08-10 04:39:17,211 WARN  block.DeletedBlockLogImpl (DeletedBlockLogImpl.java:commitTransactions(205)) - Transaction txId=1 commit by dnId=6c928baf-cc3b-4a10-9362-ff4e15dca71d for containerID=#1 failed. Corresponding entry not found.
2019-08-10 04:39:17,211 WARN  block.DeletedBlockLogImpl (DeletedBlockLogImpl.java:incrementCount(141)) - Deleted TXID not found.
2019-08-10 04:39:17,211 WARN  block.DeletedBlockLogImpl (DeletedBlockLogImpl.java:incrementCount(141)) - Deleted TXID not found.
2019-08-10 04:39:17,211 WARN  block.DeletedBlockLogImpl (DeletedBlockLogImpl.java:incrementCount(141)) - Deleted TXID not found.
2019-08-10 04:39:17,211 DEBUG block.DeletedBlockLogImpl (DeletedBlockLogImpl.java:isTransactionFailed(245)) - Got block deletion ACK from datanode, TXIDs=1, success=true
2019-08-10 04:39:17,211 WARN  block.DeletedBlockLogImpl (DeletedBlockLogImpl.java:commitTransactions(205)) - Transaction txId=1 commit by dnId=6c928baf-cc3b-4a10-9362-ff4e15dca71d for containerID=#1 failed. Corresponding entry not found.
2019-08-10 04:39:17,211 DEBUG block.DeletedBlockLogImpl (DeletedBlockLogImpl.java:isTransactionFailed(245)) - Got block deletion ACK from datanode, TXIDs=1, success=true
2019-08-10 04:39:17,211 WARN  block.DeletedBlockLogImpl (DeletedBlockLogImpl.java:commitTransactions(205)) - Transaction txId=1 commit by dnId=6c928baf-cc3b-4a10-9362-ff4e15dca71d for containerID=#1 failed. Corresponding entry not found.
2019-08-10 04:39:17,212 WARN  block.DeletedBlockLogImpl (DeletedBlockLogImpl.java:incrementCount(141)) - Deleted TXID not found.
2019-08-10 04:39:17,212 WARN  block.DeletedBlockLogImpl (DeletedBlockLogImpl.java:incrementCount(141)) - Deleted TXID not found.
2019-08-10 04:39:17,212 WARN  block.DeletedBlockLogImpl (DeletedBlockLogImpl.java:incrementCount(141)) - Deleted TXID not found.
2019-08-10 04:39:17,212 DEBUG block.DeletedBlockLogImpl (DeletedBlockLogImpl.java:isTransactionFailed(245)) - Got block deletion ACK from datanode, TXIDs=1, success=true
2019-08-10 04:39:17,212 WARN  block.DeletedBlockLogImpl (DeletedBlockLogImpl.java:commitTransactions(205)) - Transaction txId=1 commit by dnId=6c928baf-cc3b-4a10-9362-ff4e15dca71d for containerID=#1 failed. Corresponding entry not found.
2019-08-10 04:39:17,212 DEBUG block.DeletedBlockLogImpl (DeletedBlockLogImpl.java:isTransactionFailed(245)) - Got block deletion ACK from datanode, TXIDs=1, success=true
2019-08-10 04:39:17,212 WARN  block.DeletedBlockLogImpl (DeletedBlockLogImpl.java:commitTransactions(205)) - Transaction txId=1 commit by dnId=6c928baf-cc3b-4a10-9362-ff4e15dca71d for containerID=#1 failed. Corresponding entry not found.
2019-08-10 04:39:17,212 WARN  block.DeletedBlockLogImpl (DeletedBlockLogImpl.java:incrementCount(141)) - Deleted TXID not found.
2019-08-10 04:39:17,212 WARN  block.DeletedBlockLogImpl (DeletedBlockLogImpl.java:incrementCount(141)) - Deleted TXID not found.
2019-08-10 04:39:17,212 WARN  block.DeletedBlockLogImpl (DeletedBlockLogImpl.java:incrementCount(141)) - Deleted TXID not found.
2019-08-10 04:39:17,212 DEBUG block.DeletedBlockLogImpl (DeletedBlockLogImpl.java:isTransactionFailed(245)) - Got block deletion ACK from datanode, TXIDs=1, success=true
2019-08-10 04:39:17,212 WARN  block.DeletedBlockLogImpl (DeletedBlockLogImpl.java:commitTransactions(205)) - Transaction txId=1 commit by dnId=6c928baf-cc3b-4a10-9362-ff4e15dca71d for containerID=#1 failed. Corresponding entry not found.
2019-08-10 04:39:17,213 DEBUG block.DeletedBlockLogImpl (DeletedBlockLogImpl.java:isTransactionFailed(245)) - Got block deletion ACK from datanode, TXIDs=1, success=true
2019-08-10 04:39:17,213 WARN  block.DeletedBlockLogImpl (DeletedBlockLogImpl.java:commitTransactions(205)) - Transaction txId=1 commit by dnId=6c928baf-cc3b-4a10-9362-ff4e15dca71d for containerID=#1 failed. Corresponding entry not found.
2019-08-10 04:39:17,213 WARN  block.DeletedBlockLogImpl (DeletedBlockLogImpl.java:incrementCount(141)) - Deleted TXID not found.
2019-08-10 04:39:17,213 WARN  block.DeletedBlockLogImpl (DeletedBlockLogImpl.java:incrementCount(141)) - Deleted TXID not found.
2019-08-10 04:39:17,213 WARN  block.DeletedBlockLogImpl (DeletedBlockLogImpl.java:incrementCount(141)) - Deleted TXID not found.
2019-08-10 04:39:17,213 DEBUG block.DeletedBlockLogImpl (DeletedBlockLogImpl.java:isTransactionFailed(245)) - Got block deletion ACK from datanode, TXIDs=1, success=true
2019-08-10 04:39:17,213 WARN  block.DeletedBlockLogImpl (DeletedBlockLogImpl.java:commitTransactions(205)) - Transaction txId=1 commit by dnId=6c928baf-cc3b-4a10-9362-ff4e15dca71d for containerID=#1 failed. Corresponding entry not found.
2019-08-10 04:39:17,213 WARN  block.DeletedBlockLogImpl (DeletedBlockLogImpl.java:incrementCount(141)) - Deleted TXID not found.
2019-08-10 04:39:17,213 WARN  block.DeletedBlockLogImpl (DeletedBlockLogImpl.java:incrementCount(141)) - Deleted TXID not found.
2019-08-10 04:39:17,213 WARN  block.DeletedBlockLogImpl (DeletedBlockLogImpl.java:incrementCount(141)) - Deleted TXID not found.
2019-08-10 04:39:17,213 DEBUG block.DeletedBlockLogImpl (DeletedBlockLogImpl.java:isTransactionFailed(245)) - Got block deletion ACK from datanode, TXIDs=1, success=true
2019-08-10 04:39:17,214 WARN  block.DeletedBlockLogImpl (DeletedBlockLogImpl.java:commitTransactions(205)) - Transaction txId=1 commit by dnId=6c928baf-cc3b-4a10-9362-ff4e15dca71d for containerID=#1 failed. Corresponding entry not found.
2019-08-10 04:39:17,214 WARN  block.DeletedBlockLogImpl (DeletedBlockLogImpl.java:incrementCount(141)) - Deleted TXID not found.
2019-08-10 04:39:17,214 WARN  block.DeletedBlockLogImpl (DeletedBlockLogImpl.java:incrementCount(141)) - Deleted TXID not found.
2019-08-10 04:39:17,214 WARN  block.DeletedBlockLogImpl (DeletedBlockLogImpl.java:incrementCount(141)) - Deleted TXID not found.
2019-08-10 04:39:17,214 DEBUG block.DeletedBlockLogImpl (DeletedBlockLogImpl.java:isTransactionFailed(245)) - Got block deletion ACK from datanode, TXIDs=1, success=true
2019-08-10 04:39:17,214 WARN  block.DeletedBlockLogImpl (DeletedBlockLogImpl.java:commitTransactions(205)) - Transaction txId=1 commit by dnId=6c928baf-cc3b-4a10-9362-ff4e15dca71d for containerID=#1 failed. Corresponding entry not found.
2019-08-10 04:39:17,214 WARN  block.DeletedBlockLogImpl (DeletedBlockLogImpl.java:incrementCount(141)) - Deleted TXID not found.
2019-08-10 04:39:17,214 WARN  block.DeletedBlockLogImpl (DeletedBlockLogImpl.java:incrementCount(141)) - Deleted TXID not found.
2019-08-10 04:39:17,214 WARN  block.DeletedBlockLogImpl (DeletedBlockLogImpl.java:incrementCount(141)) - Deleted TXID not found.
2019-08-10 04:39:17,214 DEBUG block.DeletedBlockLogImpl (DeletedBlockLogImpl.java:isTransactionFailed(245)) - Got block deletion ACK from datanode, TXIDs=1, success=true
2019-08-10 04:39:17,214 WARN  block.DeletedBlockLogImpl (DeletedBlockLogImpl.java:commitTransactions(205)) - Transaction txId=1 commit by dnId=6c928baf-cc3b-4a10-9362-ff4e15dca71d for containerID=#1 failed. Corresponding entry not found.
2019-08-10 04:39:17,215 WARN  block.DeletedBlockLogImpl (DeletedBlockLogImpl.java:incrementCount(141)) - Deleted TXID not found.
2019-08-10 04:39:17,215 WARN  block.DeletedBlockLogImpl (DeletedBlockLogImpl.java:incrementCount(141)) - Deleted TXID not found.
2019-08-10 04:39:17,215 WARN  block.DeletedBlockLogImpl (DeletedBlockLogImpl.java:incrementCount(141)) - Deleted TXID not found.
2019-08-10 04:39:17,215 DEBUG block.DeletedBlockLogImpl (DeletedBlockLogImpl.java:isTransactionFailed(245)) - Got block deletion ACK from datanode, TXIDs=1, success=true
2019-08-10 04:39:17,215 WARN  block.DeletedBlockLogImpl (DeletedBlockLogImpl.java:commitTransactions(205)) - Transaction txId=1 commit by dnId=6c928baf-cc3b-4a10-9362-ff4e15dca71d for containerID=#1 failed. Corresponding entry not found.
2019-08-10 04:39:17,215 WARN  block.DeletedBlockLogImpl (DeletedBlockLogImpl.java:incrementCount(141)) - Deleted TXID not found.
2019-08-10 04:39:17,215 WARN  block.DeletedBlockLogImpl (DeletedBlockLogImpl.java:incrementCount(141)) - Deleted TXID not found.
2019-08-10 04:39:17,215 WARN  block.DeletedBlockLogImpl (DeletedBlockLogImpl.java:incrementCount(141)) - Deleted TXID not found.
2019-08-10 04:39:17,215 DEBUG block.DeletedBlockLogImpl (DeletedBlockLogImpl.java:isTransactionFailed(245)) - Got block deletion ACK from datanode, TXIDs=1, success=true
2019-08-10 04:39:17,215 WARN  block.DeletedBlockLogImpl (DeletedBlockLogImpl.java:commitTransactions(205)) - Transaction txId=1 commit by dnId=6c928baf-cc3b-4a10-9362-ff4e15dca71d for containerID=#1 failed. Corresponding entry not found.
2019-08-10 04:39:17,215 DEBUG block.DeletedBlockLogImpl (DeletedBlockLogImpl.java:isTransactionFailed(245)) - Got block deletion ACK from datanode, TXIDs=1, success=true
2019-08-10 04:39:17,215 WARN  block.DeletedBlockLogImpl (DeletedBlockLogImpl.java:commitTransactions(205)) - Transaction txId=1 commit by dnId=6c928baf-cc3b-4a10-9362-ff4e15dca71d for containerID=#1 failed. Corresponding entry not found.
2019-08-10 04:39:17,216 WARN  block.DeletedBlockLogImpl (DeletedBlockLogImpl.java:incrementCount(141)) - Deleted TXID not found.
2019-08-10 04:39:17,216 WARN  block.DeletedBlockLogImpl (DeletedBlockLogImpl.java:incrementCount(141)) - Deleted TXID not found.
2019-08-10 04:39:17,216 WARN  block.DeletedBlockLogImpl (DeletedBlockLogImpl.java:incrementCount(141)) - Deleted TXID not found.
2019-08-10 04:39:17,216 DEBUG block.DeletedBlockLogImpl (DeletedBlockLogImpl.java:isTransactionFailed(245)) - Got block deletion ACK from datanode, TXIDs=1, success=true
2019-08-10 04:39:17,216 WARN  block.DeletedBlockLogImpl (DeletedBlockLogImpl.java:commitTransactions(205)) - Transaction txId=1 commit by dnId=6c928baf-cc3b-4a10-9362-ff4e15dca71d for containerID=#1 failed. Corresponding entry not found.
2019-08-10 04:39:17,216 WARN  block.DeletedBlockLogImpl (DeletedBlockLogImpl.java:incrementCount(141)) - Deleted TXID not found.
2019-08-10 04:39:17,216 WARN  block.DeletedBlockLogImpl (DeletedBlockLogImpl.java:incrementCount(141)) - Deleted TXID not found.
2019-08-10 04:39:17,216 WARN  block.DeletedBlockLogImpl (DeletedBlockLogImpl.java:incrementCount(141)) - Deleted TXID not found.
2019-08-10 04:39:17,216 DEBUG block.DeletedBlockLogImpl (DeletedBlockLogImpl.java:isTransactionFailed(245)) - Got block deletion ACK from datanode, TXIDs=1, success=true
2019-08-10 04:39:17,216 WARN  block.DeletedBlockLogImpl (DeletedBlockLogImpl.java:commitTransactions(205)) - Transaction txId=1 commit by dnId=6c928baf-cc3b-4a10-9362-ff4e15dca71d for containerID=#1 failed. Corresponding entry not found.
2019-08-10 04:39:17,216 WARN  block.DeletedBlockLogImpl (DeletedBlockLogImpl.java:incrementCount(141)) - Deleted TXID not found.
2019-08-10 04:39:17,217 WARN  block.DeletedBlockLogImpl (DeletedBlockLogImpl.java:incrementCount(141)) - Deleted TXID not found.
2019-08-10 04:39:17,217 WARN  block.DeletedBlockLogImpl (DeletedBlockLogImpl.java:incrementCount(141)) - Deleted TXID not found.
2019-08-10 04:39:17,217 DEBUG block.DeletedBlockLogImpl (DeletedBlockLogImpl.java:isTransactionFailed(245)) - Got block deletion ACK from datanode, TXIDs=1, success=true
2019-08-10 04:39:17,217 WARN  block.DeletedBlockLogImpl (DeletedBlockLogImpl.java:commitTransactions(205)) - Transaction txId=1 commit by dnId=6c928baf-cc3b-4a10-9362-ff4e15dca71d for containerID=#1 failed. Corresponding entry not found.
2019-08-10 04:39:17,217 DEBUG block.DeletedBlockLogImpl (DeletedBlockLogImpl.java:isTransactionFailed(245)) - Got block deletion ACK from datanode, TXIDs=1, success=true
2019-08-10 04:39:17,217 WARN  block.DeletedBlockLogImpl (DeletedBlockLogImpl.java:commitTransactions(205)) - Transaction txId=1 commit by dnId=6c928baf-cc3b-4a10-9362-ff4e15dca71d for containerID=#1 failed. Corresponding entry not found.
2019-08-10 04:39:17,217 DEBUG block.DeletedBlockLogImpl (DeletedBlockLogImpl.java:isTransactionFailed(245)) - Got block deletion ACK from datanode, TXIDs=1, success=true
2019-08-10 04:39:17,217 WARN  block.DeletedBlockLogImpl (DeletedBlockLogImpl.java:commitTransactions(205)) - Transaction txId=1 commit by dnId=6c928baf-cc3b-4a10-9362-ff4e15dca71d for containerID=#1 failed. Corresponding entry not found.
2019-08-10 04:39:17,217 WARN  block.DeletedBlockLogImpl (DeletedBlockLogImpl.java:incrementCount(141)) - Deleted TXID not found.
2019-08-10 04:39:17,217 WARN  block.DeletedBlockLogImpl (DeletedBlockLogImpl.java:incrementCount(141)) - Deleted TXID not found.
2019-08-10 04:39:17,217 WARN  block.DeletedBlockLogImpl (DeletedBlockLogImpl.java:incrementCount(141)) - Deleted TXID not found.
2019-08-10 04:39:17,217 DEBUG block.DeletedBlockLogImpl (DeletedBlockLogImpl.java:isTransactionFailed(245)) - Got block deletion ACK from datanode, TXIDs=1, success=true
2019-08-10 04:39:17,218 WARN  block.DeletedBlockLogImpl (DeletedBlockLogImpl.java:commitTransactions(205)) - Transaction txId=1 commit by dnId=6c928baf-cc3b-4a10-9362-ff4e15dca71d for containerID=#1 failed. Corresponding entry not found.
2019-08-10 04:39:17,218 DEBUG block.DeletedBlockLogImpl (DeletedBlockLogImpl.java:isTransactionFailed(245)) - Got block deletion ACK from datanode, TXIDs=1, success=true
2019-08-10 04:39:17,218 WARN  block.DeletedBlockLogImpl (DeletedBlockLogImpl.java:commitTransactions(205)) - Transaction txId=1 commit by dnId=6c928baf-cc3b-4a10-9362-ff4e15dca71d for containerID=#1 failed. Corresponding entry not found.
2019-08-10 04:39:17,218 DEBUG block.DeletedBlockLogImpl (DeletedBlockLogImpl.java:isTransactionFailed(245)) - Got block deletion ACK from datanode, TXIDs=1, success=true
2019-08-10 04:39:17,218 WARN  block.DeletedBlockLogImpl (DeletedBlockLogImpl.java:commitTransactions(205)) - Transaction txId=1 commit by dnId=6c928baf-cc3b-4a10-9362-ff4e15dca71d for containerID=#1 failed. Corresponding entry not found.
2019-08-10 04:39:17,218 WARN  block.DeletedBlockLogImpl (DeletedBlockLogImpl.java:incrementCount(141)) - Deleted TXID not found.
2019-08-10 04:39:17,218 WARN  block.DeletedBlockLogImpl (DeletedBlockLogImpl.java:incrementCount(141)) - Deleted TXID not found.
2019-08-10 04:39:17,218 WARN  block.DeletedBlockLogImpl (DeletedBlockLogImpl.java:incrementCount(141)) - Deleted TXID not found.
2019-08-10 04:39:17,218 DEBUG block.DeletedBlockLogImpl (DeletedBlockLogImpl.java:isTransactionFailed(245)) - Got block deletion ACK from datanode, TXIDs=1, success=true
2019-08-10 04:39:17,218 WARN  block.DeletedBlockLogImpl (DeletedBlockLogImpl.java:commitTransactions(205)) - Transaction txId=1 commit by dnId=6c928baf-cc3b-4a10-9362-ff4e15dca71d for containerID=#1 failed. Corresponding entry not found.
2019-08-10 04:39:17,218 DEBUG block.DeletedBlockLogImpl (DeletedBlockLogImpl.java:isTransactionFailed(245)) - Got block deletion ACK from datanode, TXIDs=1, success=true
2019-08-10 04:39:17,218 WARN  block.DeletedBlockLogImpl (DeletedBlockLogImpl.java:commitTransactions(205)) - Transaction txId=1 commit by dnId=6c928baf-cc3b-4a10-9362-ff4e15dca71d for containerID=#1 failed. Corresponding entry not found.
2019-08-10 04:39:17,218 DEBUG block.DeletedBlockLogImpl (DeletedBlockLogImpl.java:isTransactionFailed(245)) - Got block deletion ACK from datanode, TXIDs=1, success=true
2019-08-10 04:39:17,219 WARN  block.DeletedBlockLogImpl (DeletedBlockLogImpl.java:commitTransactions(205)) - Transaction txId=1 commit by dnId=6c928baf-cc3b-4a10-9362-ff4e15dca71d for containerID=#1 failed. Corresponding entry not found.
2019-08-10 04:39:17,219 WARN  block.DeletedBlockLogImpl (DeletedBlockLogImpl.java:incrementCount(141)) - Deleted TXID not found.
2019-08-10 04:39:17,219 WARN  block.DeletedBlockLogImpl (DeletedBlockLogImpl.java:incrementCount(141)) - Deleted TXID not found.
2019-08-10 04:39:17,219 WARN  block.DeletedBlockLogImpl (DeletedBlockLogImpl.java:incrementCount(141)) - Deleted TXID not found.
2019-08-10 04:39:17,219 DEBUG block.DeletedBlockLogImpl (DeletedBlockLogImpl.java:isTransactionFailed(245)) - Got block deletion ACK from datanode, TXIDs=1, success=true
2019-08-10 04:39:17,219 WARN  block.DeletedBlockLogImpl (DeletedBlockLogImpl.java:commitTransactions(205)) - Transaction txId=1 commit by dnId=6c928baf-cc3b-4a10-9362-ff4e15dca71d for containerID=#1 failed. Corresponding entry not found.
2019-08-10 04:39:17,219 WARN  block.DeletedBlockLogImpl (DeletedBlockLogImpl.java:incrementCount(141)) - Deleted TXID not found.
2019-08-10 04:39:17,219 WARN  block.DeletedBlockLogImpl (DeletedBlockLogImpl.java:incrementCount(141)) - Deleted TXID not found.
2019-08-10 04:39:17,219 WARN  block.DeletedBlockLogImpl (DeletedBlockLogImpl.java:incrementCount(141)) - Deleted TXID not found.
2019-08-10 04:39:17,219 DEBUG block.DeletedBlockLogImpl (DeletedBlockLogImpl.java:isTransactionFailed(245)) - Got block deletion ACK from datanode, TXIDs=1, success=true
2019-08-10 04:39:17,219 WARN  block.DeletedBlockLogImpl (DeletedBlockLogImpl.java:commitTransactions(205)) - Transaction txId=1 commit by dnId=6c928baf-cc3b-4a10-9362-ff4e15dca71d for containerID=#1 failed. Corresponding entry not found.
2019-08-10 04:39:17,219 WARN  block.DeletedBlockLogImpl (DeletedBlockLogImpl.java:incrementCount(141)) - Deleted TXID not found.
2019-08-10 04:39:17,220 WARN  block.DeletedBlockLogImpl (DeletedBlockLogImpl.java:incrementCount(141)) - Deleted TXID not found.
2019-08-10 04:39:17,220 WARN  block.DeletedBlockLogImpl (DeletedBlockLogImpl.java:incrementCount(141)) - Deleted TXID not found.
2019-08-10 04:39:17,220 DEBUG block.DeletedBlockLogImpl (DeletedBlockLogImpl.java:isTransactionFailed(245)) - Got block deletion ACK from datanode, TXIDs=1, success=true
2019-08-10 04:39:17,220 WARN  block.DeletedBlockLogImpl (DeletedBlockLogImpl.java:commitTransactions(205)) - Transaction txId=1 commit by dnId=6c928baf-cc3b-4a10-9362-ff4e15dca71d for containerID=#1 failed. Corresponding entry not found.
2019-08-10 04:39:17,220 WARN  block.DeletedBlockLogImpl (DeletedBlockLogImpl.java:incrementCount(141)) - Deleted TXID not found.
2019-08-10 04:39:17,220 WARN  block.DeletedBlockLogImpl (DeletedBlockLogImpl.java:incrementCount(141)) - Deleted TXID not found.
2019-08-10 04:39:17,220 WARN  block.DeletedBlockLogImpl (DeletedBlockLogImpl.java:incrementCount(141)) - Deleted TXID not found.
2019-08-10 04:39:17,220 DEBUG block.DeletedBlockLogImpl (DeletedBlockLogImpl.java:isTransactionFailed(245)) - Got block deletion ACK from datanode, TXIDs=1, success=true
2019-08-10 04:39:17,220 WARN  block.DeletedBlockLogImpl (DeletedBlockLogImpl.java:commitTransactions(205)) - Transaction txId=1 commit by dnId=6c928baf-cc3b-4a10-9362-ff4e15dca71d for containerID=#1 failed. Corresponding entry not found.
2019-08-10 04:39:17,220 WARN  block.DeletedBlockLogImpl (DeletedBlockLogImpl.java:incrementCount(141)) - Deleted TXID not found.
2019-08-10 04:39:17,221 WARN  block.DeletedBlockLogImpl (DeletedBlockLogImpl.java:incrementCount(141)) - Deleted TXID not found.
2019-08-10 04:39:17,221 WARN  block.DeletedBlockLogImpl (DeletedBlockLogImpl.java:incrementCount(141)) - Deleted TXID not found.
2019-08-10 04:39:17,221 DEBUG block.DeletedBlockLogImpl (DeletedBlockLogImpl.java:isTransactionFailed(245)) - Got block deletion ACK from datanode, TXIDs=1, success=true
2019-08-10 04:39:17,221 WARN  block.DeletedBlockLogImpl (DeletedBlockLogImpl.java:commitTransactions(205)) - Transaction txId=1 commit by dnId=6c928baf-cc3b-4a10-9362-ff4e15dca71d for containerID=#1 failed. Corresponding entry not found.
2019-08-10 04:39:17,221 WARN  block.DeletedBlockLogImpl (DeletedBlockLogImpl.java:incrementCount(141)) - Deleted TXID not found.
2019-08-10 04:39:17,221 WARN  block.DeletedBlockLogImpl (DeletedBlockLogImpl.java:incrementCount(141)) - Deleted TXID not found.
2019-08-10 04:39:17,221 WARN  block.DeletedBlockLogImpl (DeletedBlockLogImpl.java:incrementCount(141)) - Deleted TXID not found.
2019-08-10 04:39:17,221 DEBUG block.DeletedBlockLogImpl (DeletedBlockLogImpl.java:isTransactionFailed(245)) - Got block deletion ACK from datanode, TXIDs=1, success=true
2019-08-10 04:39:17,221 WARN  block.DeletedBlockLogImpl (DeletedBlockLogImpl.java:commitTransactions(205)) - Transaction txId=1 commit by dnId=6c928baf-cc3b-4a10-9362-ff4e15dca71d for containerID=#1 failed. Corresponding entry not found.
2019-08-10 04:39:17,221 WARN  block.DeletedBlockLogImpl (DeletedBlockLogImpl.java:incrementCount(141)) - Deleted TXID not found.
2019-08-10 04:39:17,221 WARN  block.DeletedBlockLogImpl (DeletedBlockLogImpl.java:incrementCount(141)) - Deleted TXID not found.
2019-08-10 04:39:17,222 WARN  block.DeletedBlockLogImpl (DeletedBlockLogImpl.java:incrementCount(141)) - Deleted TXID not found.
2019-08-10 04:39:17,222 DEBUG block.DeletedBlockLogImpl (DeletedBlockLogImpl.java:isTransactionFailed(245)) - Got block deletion ACK from datanode, TXIDs=1, success=true
2019-08-10 04:39:17,222 WARN  block.DeletedBlockLogImpl (DeletedBlockLogImpl.java:commitTransactions(205)) - Transaction txId=1 commit by dnId=6c928baf-cc3b-4a10-9362-ff4e15dca71d for containerID=#1 failed. Corresponding entry not found.
2019-08-10 04:39:17,222 DEBUG block.DeletedBlockLogImpl (DeletedBlockLogImpl.java:isTransactionFailed(245)) - Got block deletion ACK from datanode, TXIDs=1, success=true
2019-08-10 04:39:17,222 WARN  block.DeletedBlockLogImpl (DeletedBlockLogImpl.java:commitTransactions(205)) - Transaction txId=1 commit by dnId=6c928baf-cc3b-4a10-9362-ff4e15dca71d for containerID=#1 failed. Corresponding entry not found.
2019-08-10 04:39:17,222 WARN  block.DeletedBlockLogImpl (DeletedBlockLogImpl.java:incrementCount(141)) - Deleted TXID not found.
2019-08-10 04:39:17,222 WARN  block.DeletedBlockLogImpl (DeletedBlockLogImpl.java:incrementCount(141)) - Deleted TXID not found.
2019-08-10 04:39:17,222 WARN  block.DeletedBlockLogImpl (DeletedBlockLogImpl.java:incrementCount(141)) - Deleted TXID not found.
2019-08-10 04:39:17,222 DEBUG block.DeletedBlockLogImpl (DeletedBlockLogImpl.java:isTransactionFailed(245)) - Got block deletion ACK from datanode, TXIDs=1, success=true
2019-08-10 04:39:17,222 WARN  block.DeletedBlockLogImpl (DeletedBlockLogImpl.java:commitTransactions(205)) - Transaction txId=1 commit by dnId=6c928baf-cc3b-4a10-9362-ff4e15dca71d for containerID=#1 failed. Corresponding entry not found.
2019-08-10 04:39:17,222 DEBUG block.DeletedBlockLogImpl (DeletedBlockLogImpl.java:isTransactionFailed(245)) - Got block deletion ACK from datanode, TXIDs=1, success=true
2019-08-10 04:39:17,222 WARN  block.DeletedBlockLogImpl (DeletedBlockLogImpl.java:commitTransactions(205)) - Transaction txId=1 commit by dnId=6c928baf-cc3b-4a10-9362-ff4e15dca71d for containerID=#1 failed. Corresponding entry not found.
2019-08-10 04:39:17,222 WARN  block.DeletedBlockLogImpl (DeletedBlockLogImpl.java:incrementCount(141)) - Deleted TXID not found.
2019-08-10 04:39:17,223 WARN  block.DeletedBlockLogImpl (DeletedBlockLogImpl.java:incrementCount(141)) - Deleted TXID not found.
2019-08-10 04:39:17,223 WARN  block.DeletedBlockLogImpl (DeletedBlockLogImpl.java:incrementCount(141)) - Deleted TXID not found.
2019-08-10 04:39:17,223 DEBUG block.DeletedBlockLogImpl (DeletedBlockLogImpl.java:isTransactionFailed(245)) - Got block deletion ACK from datanode, TXIDs=1, success=true
2019-08-10 04:39:17,223 WARN  block.DeletedBlockLogImpl (DeletedBlockLogImpl.java:commitTransactions(205)) - Transaction txId=1 commit by dnId=6c928baf-cc3b-4a10-9362-ff4e15dca71d for containerID=#1 failed. Corresponding entry not found.
2019-08-10 04:39:17,223 DEBUG block.DeletedBlockLogImpl (DeletedBlockLogImpl.java:isTransactionFailed(245)) - Got block deletion ACK from datanode, TXIDs=1, success=true
2019-08-10 04:39:17,223 WARN  block.DeletedBlockLogImpl (DeletedBlockLogImpl.java:commitTransactions(205)) - Transaction txId=1 commit by dnId=6c928baf-cc3b-4a10-9362-ff4e15dca71d for containerID=#1 failed. Corresponding entry not found.
2019-08-10 04:39:17,223 WARN  block.DeletedBlockLogImpl (DeletedBlockLogImpl.java:incrementCount(141)) - Deleted TXID not found.
2019-08-10 04:39:17,223 WARN  block.DeletedBlockLogImpl (DeletedBlockLogImpl.java:incrementCount(141)) - Deleted TXID not found.
2019-08-10 04:39:17,223 WARN  block.DeletedBlockLogImpl (DeletedBlockLogImpl.java:incrementCount(141)) - Deleted TXID not found.
2019-08-10 04:39:17,223 DEBUG block.DeletedBlockLogImpl (DeletedBlockLogImpl.java:isTransactionFailed(245)) - Got block deletion ACK from datanode, TXIDs=1, success=true
2019-08-10 04:39:17,223 WARN  block.DeletedBlockLogImpl (DeletedBlockLogImpl.java:commitTransactions(205)) - Transaction txId=1 commit by dnId=6c928baf-cc3b-4a10-9362-ff4e15dca71d for containerID=#1 failed. Corresponding entry not found.
2019-08-10 04:39:17,223 DEBUG block.DeletedBlockLogImpl (DeletedBlockLogImpl.java:isTransactionFailed(245)) - Got block deletion ACK from datanode, TXIDs=1, success=true
2019-08-10 04:39:17,223 WARN  block.DeletedBlockLogImpl (DeletedBlockLogImpl.java:commitTransactions(205)) - Transaction txId=1 commit by dnId=6c928baf-cc3b-4a10-9362-ff4e15dca71d for containerID=#1 failed. Corresponding entry not found.
2019-08-10 04:39:17,224 WARN  block.DeletedBlockLogImpl (DeletedBlockLogImpl.java:incrementCount(141)) - Deleted TXID not found.
2019-08-10 04:39:17,224 WARN  block.DeletedBlockLogImpl (DeletedBlockLogImpl.java:incrementCount(141)) - Deleted TXID not found.
2019-08-10 04:39:17,224 WARN  block.DeletedBlockLogImpl (DeletedBlockLogImpl.java:incrementCount(141)) - Deleted TXID not found.
2019-08-10 04:39:17,224 INFO  commands.RetriableDatanodeEventWatcher (DeletedBlockLogImpl.java:isTransactionFailed(245)) - Got block deletion ACK from datanode, TXIDs=1, success=true
2019-08-10 04:39:17,224 WARN  block.DeletedBlockLogImpl (RetriableDatanodeEventWatcher.java:onTimeout(47)) - RetriableDatanodeCommand type=deleteBlocksCommand with id=1565411942324 timed out. Retrying.
DeletedBlockLogImpl.java:commitTransactions(205)) - Transaction txId=1 commit by dnId=6c928baf-cc3b-4a10-9362-ff4e15dca71d for containerID=#1 failed. Corresponding entry not found.
2019-08-10 04:39:17,224 INFO  commands.RetriableDatanodeEventWatcher (RetriableDatanodeEventWatcher.java:onTimeout(47)) - RetriableDatanodeCommand type=deleteBlocksCommand with id=1565411942324 timed out. Retrying.
2019-08-10 04:39:17,224 WARN  block.DeletedBlockLogImpl (DeletedBlockLogImpl.java:incrementCount(141)) - Deleted TXID not found.
2019-08-10 04:39:17,224 WARN  block.DeletedBlockLogImpl (DeletedBlockLogImpl.java:incrementCount(141)) - Deleted TXID not found.
2019-08-10 04:39:17,224 WARN  block.DeletedBlockLogImpl (DeletedBlockLogImpl.java:incrementCount(141)) - Deleted TXID not found.
2019-08-10 04:39:17,224 DEBUG block.DeletedBlockLogImpl (DeletedBlockLogImpl.java:isTransactionFailed(245)) - Got block deletion ACK from datanode, TXIDs=1, success=true
2019-08-10 04:39:17,224 WARN  block.DeletedBlockLogImpl (DeletedBlockLogImpl.java:commitTransactions(205)) - Transaction txId=1 commit by dnId=6c928baf-cc3b-4a10-9362-ff4e15dca71d for containerID=#1 failed. Corresponding entry not found.
2019-08-10 04:39:17,225 WARN  block.DeletedBlockLogImpl (DeletedBlockLogImpl.java:incrementCount(141)) - Deleted TXID not found.
2019-08-10 04:39:17,225 WARN  block.DeletedBlockLogImpl (DeletedBlockLogImpl.java:incrementCount(141)) - Deleted TXID not found.
2019-08-10 04:39:17,225 WARN  block.DeletedBlockLogImpl (DeletedBlockLogImpl.java:incrementCount(141)) - Deleted TXID not found.
2019-08-10 04:39:17,225 DEBUG block.DeletedBlockLogImpl (DeletedBlockLogImpl.java:isTransactionFailed(245)) - Got block deletion ACK from datanode, TXIDs=1, success=true
2019-08-10 04:39:17,225 WARN  block.DeletedBlockLogImpl (DeletedBlockLogImpl.java:commitTransactions(205)) - Transaction txId=1 commit by dnId=6c928baf-cc3b-4a10-9362-ff4e15dca71d for containerID=#1 failed. Corresponding entry not found.
2019-08-10 04:39:17,225 WARN  block.DeletedBlockLogImpl (DeletedBlockLogImpl.java:incrementCount(141)) - Deleted TXID not found.
2019-08-10 04:39:17,225 WARN  block.DeletedBlockLogImpl (DeletedBlockLogImpl.java:incrementCount(141)) - Deleted TXID not found.
2019-08-10 04:39:17,225 WARN  block.DeletedBlockLogImpl (DeletedBlockLogImpl.java:incrementCount(141)) - Deleted TXID not found.
2019-08-10 04:39:17,225 DEBUG block.DeletedBlockLogImpl (DeletedBlockLogImpl.java:isTransactionFailed(245)) - Got block deletion ACK from datanode, TXIDs=1, success=true
2019-08-10 04:39:17,225 WARN  block.DeletedBlockLogImpl (DeletedBlockLogImpl.java:commitTransactions(205)) - Transaction txId=1 commit by dnId=6c928baf-cc3b-4a10-9362-ff4e15dca71d for containerID=#1 failed. Corresponding entry not found.
2019-08-10 04:39:17,225 WARN  block.DeletedBlockLogImpl (DeletedBlockLogImpl.java:incrementCount(141)) - Deleted TXID not found.
2019-08-10 04:39:17,226 WARN  block.DeletedBlockLogImpl (DeletedBlockLogImpl.java:incrementCount(141)) - Deleted TXID not found.
2019-08-10 04:39:17,226 WARN  block.DeletedBlockLogImpl (DeletedBlockLogImpl.java:incrementCount(141)) - Deleted TXID not found.
2019-08-10 04:39:17,226 DEBUG block.DeletedBlockLogImpl (DeletedBlockLogImpl.java:isTransactionFailed(245)) - Got block deletion ACK from datanode, TXIDs=1, success=true
2019-08-10 04:39:17,226 WARN  block.DeletedBlockLogImpl (DeletedBlockLogImpl.java:commitTransactions(205)) - Transaction txId=1 commit by dnId=6c928baf-cc3b-4a10-9362-ff4e15dca71d for containerID=#1 failed. Corresponding entry not found.
2019-08-10 04:39:17,226 WARN  block.DeletedBlockLogImpl (DeletedBlockLogImpl.java:incrementCount(141)) - Deleted TXID not found.
2019-08-10 04:39:17,226 WARN  block.DeletedBlockLogImpl (DeletedBlockLogImpl.java:incrementCount(141)) - Deleted TXID not found.
2019-08-10 04:39:17,226 WARN  block.DeletedBlockLogImpl (DeletedBlockLogImpl.java:incrementCount(141)) - Deleted TXID not found.
2019-08-10 04:39:17,226 DEBUG block.DeletedBlockLogImpl (DeletedBlockLogImpl.java:isTransactionFailed(245)) - Got block deletion ACK from datanode, TXIDs=1, success=true
2019-08-10 04:39:17,226 WARN  block.DeletedBlockLogImpl (DeletedBlockLogImpl.java:commitTransactions(205)) - Transaction txId=1 commit by dnId=6c928baf-cc3b-4a10-9362-ff4e15dca71d for containerID=#1 failed. Corresponding entry not found.
2019-08-10 04:39:17,226 WARN  block.DeletedBlockLogImpl (DeletedBlockLogImpl.java:incrementCount(141)) - Deleted TXID not found.
2019-08-10 04:39:17,227 WARN  block.DeletedBlockLogImpl (DeletedBlockLogImpl.java:incrementCount(141)) - Deleted TXID not found.
2019-08-10 04:39:17,227 WARN  block.DeletedBlockLogImpl (DeletedBlockLogImpl.java:incrementCount(141)) - Deleted TXID not found.
2019-08-10 04:39:17,227 DEBUG block.DeletedBlockLogImpl (DeletedBlockLogImpl.java:isTransactionFailed(245)) - Got block deletion ACK from datanode, TXIDs=1, success=true
2019-08-10 04:39:17,227 WARN  block.DeletedBlockLogImpl (DeletedBlockLogImpl.java:commitTransactions(205)) - Transaction txId=1 commit by dnId=6c928baf-cc3b-4a10-9362-ff4e15dca71d for containerID=#1 failed. Corresponding entry not found.
2019-08-10 04:39:17,227 WARN  block.DeletedBlockLogImpl (DeletedBlockLogImpl.java:incrementCount(141)) - Deleted TXID not found.
2019-08-10 04:39:17,227 WARN  block.DeletedBlockLogImpl (DeletedBlockLogImpl.java:incrementCount(141)) - Deleted TXID not found.
2019-08-10 04:39:17,227 WARN  block.DeletedBlockLogImpl (DeletedBlockLogImpl.java:incrementCount(141)) - Deleted TXID not found.
2019-08-10 04:39:17,227 DEBUG block.DeletedBlockLogImpl (DeletedBlockLogImpl.java:isTransactionFailed(245)) - Got block deletion ACK from datanode, TXIDs=1, success=true
2019-08-10 04:39:17,227 WARN  block.DeletedBlockLogImpl (DeletedBlockLogImpl.java:commitTransactions(205)) - Transaction txId=1 commit by dnId=6c928baf-cc3b-4a10-9362-ff4e15dca71d for containerID=#1 failed. Corresponding entry not found.
2019-08-10 04:39:17,227 WARN  block.DeletedBlockLogImpl (DeletedBlockLogImpl.java:incrementCount(141)) - Deleted TXID not found.
2019-08-10 04:39:17,227 WARN  block.DeletedBlockLogImpl (DeletedBlockLogImpl.java:incrementCount(141)) - Deleted TXID not found.
2019-08-10 04:39:17,228 WARN  block.DeletedBlockLogImpl (DeletedBlockLogImpl.java:incrementCount(141)) - Deleted TXID not found.
2019-08-10 04:39:17,228 DEBUG block.DeletedBlockLogImpl (DeletedBlockLogImpl.java:isTransactionFailed(245)) - Got block deletion ACK from datanode, TXIDs=1, success=true
2019-08-10 04:39:17,228 WARN  block.DeletedBlockLogImpl (DeletedBlockLogImpl.java:commitTransactions(205)) - Transaction txId=1 commit by dnId=6c928baf-cc3b-4a10-9362-ff4e15dca71d for containerID=#1 failed. Corresponding entry not found.
2019-08-10 04:39:17,228 WARN  block.DeletedBlockLogImpl (DeletedBlockLogImpl.java:incrementCount(141)) - Deleted TXID not found.
2019-08-10 04:39:17,228 WARN  block.DeletedBlockLogImpl (DeletedBlockLogImpl.java:incrementCount(141)) - Deleted TXID not found.
2019-08-10 04:39:17,228 WARN  block.DeletedBlockLogImpl (DeletedBlockLogImpl.java:incrementCount(141)) - Deleted TXID not found.
2019-08-10 04:39:17,228 DEBUG block.DeletedBlockLogImpl (DeletedBlockLogImpl.java:isTransactionFailed(245)) - Got block deletion ACK from datanode, TXIDs=1, success=true
2019-08-10 04:39:17,228 WARN  block.DeletedBlockLogImpl (DeletedBlockLogImpl.java:commitTransactions(205)) - Transaction txId=1 commit by dnId=6c928baf-cc3b-4a10-9362-ff4e15dca71d for containerID=#1 failed. Corresponding entry not found.
2019-08-10 04:39:17,228 WARN  block.DeletedBlockLogImpl (DeletedBlockLogImpl.java:incrementCount(141)) - Deleted TXID not found.
2019-08-10 04:39:17,228 WARN  block.DeletedBlockLogImpl (DeletedBlockLogImpl.java:incrementCount(141)) - Deleted TXID not found.
2019-08-10 04:39:17,228 WARN  block.DeletedBlockLogImpl (DeletedBlockLogImpl.java:incrementCount(141)) - Deleted TXID not found.
2019-08-10 04:39:17,229 DEBUG block.DeletedBlockLogImpl (DeletedBlockLogImpl.java:isTransactionFailed(245)) - Got block deletion ACK from datanode, TXIDs=1, success=true
2019-08-10 04:39:17,229 WARN  block.DeletedBlockLogImpl (DeletedBlockLogImpl.java:commitTransactions(205)) - Transaction txId=1 commit by dnId=6c928baf-cc3b-4a10-9362-ff4e15dca71d for containerID=#1 failed. Corresponding entry not found.
2019-08-10 04:39:17,229 WARN  block.DeletedBlockLogImpl (DeletedBlockLogImpl.java:incrementCount(141)) - Deleted TXID not found.
2019-08-10 04:39:17,229 WARN  block.DeletedBlockLogImpl (DeletedBlockLogImpl.java:incrementCount(141)) - Deleted TXID not found.
2019-08-10 04:39:17,229 WARN  block.DeletedBlockLogImpl (DeletedBlockLogImpl.java:incrementCount(141)) - Deleted TXID not found.
2019-08-10 04:39:17,229 DEBUG block.DeletedBlockLogImpl (DeletedBlockLogImpl.java:isTransactionFailed(245)) - Got block deletion ACK from datanode, TXIDs=1, success=true
2019-08-10 04:39:17,229 WARN  block.DeletedBlockLogImpl (DeletedBlockLogImpl.java:commitTransactions(205)) - Transaction txId=1 commit by dnId=6c928baf-cc3b-4a10-9362-ff4e15dca71d for containerID=#1 failed. Corresponding entry not found.
2019-08-10 04:39:17,229 WARN  block.DeletedBlockLogImpl (DeletedBlockLogImpl.java:incrementCount(141)) - Deleted TXID not found.
2019-08-10 04:39:17,229 WARN  block.DeletedBlockLogImpl (DeletedBlockLogImpl.java:incrementCount(141)) - Deleted TXID not found.
2019-08-10 04:39:17,229 WARN  block.DeletedBlockLogImpl (DeletedBlockLogImpl.java:incrementCount(141)) - Deleted TXID not found.
2019-08-10 04:39:17,229 DEBUG block.DeletedBlockLogImpl (DeletedBlockLogImpl.java:isTransactionFailed(245)) - Got block deletion ACK from datanode, TXIDs=1, success=true
2019-08-10 04:39:17,230 WARN  block.DeletedBlockLogImpl (DeletedBlockLogImpl.java:commitTransactions(205)) - Transaction txId=1 commit by dnId=6c928baf-cc3b-4a10-9362-ff4e15dca71d for containerID=#1 failed. Corresponding entry not found.
2019-08-10 04:39:17,230 WARN  block.DeletedBlockLogImpl (DeletedBlockLogImpl.java:incrementCount(141)) - Deleted TXID not found.
2019-08-10 04:39:17,230 WARN  block.DeletedBlockLogImpl (DeletedBlockLogImpl.java:incrementCount(141)) - Deleted TXID not found.
2019-08-10 04:39:17,230 WARN  block.DeletedBlockLogImpl (DeletedBlockLogImpl.java:incrementCount(141)) - Deleted TXID not found.
2019-08-10 04:39:17,230 DEBUG block.DeletedBlockLogImpl (DeletedBlockLogImpl.java:isTransactionFailed(245)) - Got block deletion ACK from datanode, TXIDs=1, success=true
2019-08-10 04:39:17,230 WARN  block.DeletedBlockLogImpl (DeletedBlockLogImpl.java:commitTransactions(205)) - Transaction txId=1 commit by dnId=6c928baf-cc3b-4a10-9362-ff4e15dca71d for containerID=#1 failed. Corresponding entry not found.
2019-08-10 04:39:17,230 WARN  block.DeletedBlockLogImpl (DeletedBlockLogImpl.java:incrementCount(141)) - Deleted TXID not found.
2019-08-10 04:39:17,230 WARN  block.DeletedBlockLogImpl (DeletedBlockLogImpl.java:incrementCount(141)) - Deleted TXID not found.
2019-08-10 04:39:17,230 WARN  block.DeletedBlockLogImpl (DeletedBlockLogImpl.java:incrementCount(141)) - Deleted TXID not found.
2019-08-10 04:39:17,230 DEBUG block.DeletedBlockLogImpl (DeletedBlockLogImpl.java:isTransactionFailed(245)) - Got block deletion ACK from datanode, TXIDs=1, success=true
2019-08-10 04:39:17,230 WARN  block.DeletedBlockLogImpl (DeletedBlockLogImpl.java:commitTransactions(205)) - Transaction txId=1 commit by dnId=6c928baf-cc3b-4a10-9362-ff4e15dca71d for containerID=#1 failed. Corresponding entry not found.
2019-08-10 04:39:17,231 WARN  block.DeletedBlockLogImpl (DeletedBlockLogImpl.java:incrementCount(141)) - Deleted TXID not found.
2019-08-10 04:39:17,231 WARN  block.DeletedBlockLogImpl (DeletedBlockLogImpl.java:incrementCount(141)) - Deleted TXID not found.
2019-08-10 04:39:17,231 WARN  block.DeletedBlockLogImpl (DeletedBlockLogImpl.java:incrementCount(141)) - Deleted TXID not found.
2019-08-10 04:39:17,231 DEBUG block.DeletedBlockLogImpl (DeletedBlockLogImpl.java:isTransactionFailed(245)) - Got block deletion ACK from datanode, TXIDs=1, success=true
2019-08-10 04:39:17,231 WARN  block.DeletedBlockLogImpl (DeletedBlockLogImpl.java:commitTransactions(205)) - Transaction txId=1 commit by dnId=6c928baf-cc3b-4a10-9362-ff4e15dca71d for containerID=#1 failed. Corresponding entry not found.
2019-08-10 04:39:17,231 WARN  block.DeletedBlockLogImpl (DeletedBlockLogImpl.java:incrementCount(141)) - Deleted TXID not found.
2019-08-10 04:39:17,231 WARN  block.DeletedBlockLogImpl (DeletedBlockLogImpl.java:incrementCount(141)) - Deleted TXID not found.
2019-08-10 04:39:17,231 WARN  block.DeletedBlockLogImpl (DeletedBlockLogImpl.java:incrementCount(141)) - Deleted TXID not found.
2019-08-10 04:39:17,231 DEBUG block.DeletedBlockLogImpl (DeletedBlockLogImpl.java:isTransactionFailed(245)) - Got block deletion ACK from datanode, TXIDs=1, success=true
2019-08-10 04:39:17,231 WARN  block.DeletedBlockLogImpl (DeletedBlockLogImpl.java:commitTransactions(205)) - Transaction txId=1 commit by dnId=6c928baf-cc3b-4a10-9362-ff4e15dca71d for containerID=#1 failed. Corresponding entry not found.
2019-08-10 04:39:17,231 WARN  block.DeletedBlockLogImpl (DeletedBlockLogImpl.java:incrementCount(141)) - Deleted TXID not found.
2019-08-10 04:39:17,232 WARN  block.DeletedBlockLogImpl (DeletedBlockLogImpl.java:incrementCount(141)) - Deleted TXID not found.
2019-08-10 04:39:17,232 WARN  block.DeletedBlockLogImpl (DeletedBlockLogImpl.java:incrementCount(141)) - Deleted TXID not found.
2019-08-10 04:39:17,232 DEBUG block.DeletedBlockLogImpl (DeletedBlockLogImpl.java:isTransactionFailed(245)) - Got block deletion ACK from datanode, TXIDs=1, success=true
2019-08-10 04:39:17,232 WARN  block.DeletedBlockLogImpl (DeletedBlockLogImpl.java:commitTransactions(205)) - Transaction txId=1 commit by dnId=6c928baf-cc3b-4a10-9362-ff4e15dca71d for containerID=#1 failed. Corresponding entry not found.
2019-08-10 04:39:17,232 WARN  block.DeletedBlockLogImpl (DeletedBlockLogImpl.java:incrementCount(141)) - Deleted TXID not found.
2019-08-10 04:39:17,232 WARN  block.DeletedBlockLogImpl (DeletedBlockLogImpl.java:incrementCount(141)) - Deleted TXID not found.
2019-08-10 04:39:17,232 WARN  block.DeletedBlockLogImpl (DeletedBlockLogImpl.java:incrementCount(141)) - Deleted TXID not found.
2019-08-10 04:39:17,232 DEBUG block.DeletedBlockLogImpl (DeletedBlockLogImpl.java:isTransactionFailed(245)) - Got block deletion ACK from datanode, TXIDs=1, success=true
2019-08-10 04:39:17,232 WARN  block.DeletedBlockLogImpl (DeletedBlockLogImpl.java:commitTransactions(205)) - Transaction txId=1 commit by dnId=6c928baf-cc3b-4a10-9362-ff4e15dca71d for containerID=#1 failed. Corresponding entry not found.
2019-08-10 04:39:17,232 WARN  block.DeletedBlockLogImpl (DeletedBlockLogImpl.java:incrementCount(141)) - Deleted TXID not found.
2019-08-10 04:39:17,232 WARN  block.DeletedBlockLogImpl (DeletedBlockLogImpl.java:incrementCount(141)) - Deleted TXID not found.
2019-08-10 04:39:17,233 WARN  block.DeletedBlockLogImpl (DeletedBlockLogImpl.java:incrementCount(141)) - Deleted TXID not found.
2019-08-10 04:39:17,233 DEBUG block.DeletedBlockLogImpl (DeletedBlockLogImpl.java:isTransactionFailed(245)) - Got block deletion ACK from datanode, TXIDs=1, success=true
2019-08-10 04:39:17,233 WARN  block.DeletedBlockLogImpl (DeletedBlockLogImpl.java:commitTransactions(205)) - Transaction txId=1 commit by dnId=6c928baf-cc3b-4a10-9362-ff4e15dca71d for containerID=#1 failed. Corresponding entry not found.
2019-08-10 04:39:17,233 WARN  block.DeletedBlockLogImpl (DeletedBlockLogImpl.java:incrementCount(141)) - Deleted TXID not found.
2019-08-10 04:39:17,233 WARN  block.DeletedBlockLogImpl (DeletedBlockLogImpl.java:incrementCount(141)) - Deleted TXID not found.
2019-08-10 04:39:17,233 WARN  block.DeletedBlockLogImpl (DeletedBlockLogImpl.java:incrementCount(141)) - Deleted TXID not found.
2019-08-10 04:39:17,233 DEBUG block.DeletedBlockLogImpl (DeletedBlockLogImpl.java:isTransactionFailed(245)) - Got block deletion ACK from datanode, TXIDs=1, success=true
2019-08-10 04:39:17,233 WARN  block.DeletedBlockLogImpl (DeletedBlockLogImpl.java:commitTransactions(205)) - Transaction txId=1 commit by dnId=6c928baf-cc3b-4a10-9362-ff4e15dca71d for containerID=#1 failed. Corresponding entry not found.
2019-08-10 04:39:17,233 WARN  block.DeletedBlockLogImpl (DeletedBlockLogImpl.java:incrementCount(141)) - Deleted TXID not found.
2019-08-10 04:39:17,233 WARN  block.DeletedBlockLogImpl (DeletedBlockLogImpl.java:incrementCount(141)) - Deleted TXID not found.
2019-08-10 04:39:17,233 WARN  block.DeletedBlockLogImpl (DeletedBlockLogImpl.java:incrementCount(141)) - Deleted TXID not found.
2019-08-10 04:39:17,234 DEBUG block.DeletedBlockLogImpl (DeletedBlockLogImpl.java:isTransactionFailed(245)) - Got block deletion ACK from datanode, TXIDs=1, success=true
2019-08-10 04:39:17,234 WARN  block.DeletedBlockLogImpl (DeletedBlockLogImpl.java:commitTransactions(205)) - Transaction txId=1 commit by dnId=6c928baf-cc3b-4a10-9362-ff4e15dca71d for containerID=#1 failed. Corresponding entry not found.
2019-08-10 04:39:17,234 WARN  block.DeletedBlockLogImpl (DeletedBlockLogImpl.java:incrementCount(141)) - Deleted TXID not found.
2019-08-10 04:39:17,234 WARN  block.DeletedBlockLogImpl (DeletedBlockLogImpl.java:incrementCount(141)) - Deleted TXID not found.
2019-08-10 04:39:17,234 WARN  block.DeletedBlockLogImpl (DeletedBlockLogImpl.java:incrementCount(141)) - Deleted TXID not found.
2019-08-10 04:39:17,234 DEBUG block.DeletedBlockLogImpl (DeletedBlockLogImpl.java:isTransactionFailed(245)) - Got block deletion ACK from datanode, TXIDs=1, success=true
2019-08-10 04:39:17,234 WARN  block.DeletedBlockLogImpl (DeletedBlockLogImpl.java:commitTransactions(205)) - Transaction txId=1 commit by dnId=6c928baf-cc3b-4a10-9362-ff4e15dca71d for containerID=#1 failed. Corresponding entry not found.
2019-08-10 04:39:17,234 WARN  block.DeletedBlockLogImpl (DeletedBlockLogImpl.java:incrementCount(141)) - Deleted TXID not found.
2019-08-10 04:39:17,234 WARN  block.DeletedBlockLogImpl (DeletedBlockLogImpl.java:incrementCount(141)) - Deleted TXID not found.
2019-08-10 04:39:17,234 WARN  block.DeletedBlockLogImpl (DeletedBlockLogImpl.java:incrementCount(141)) - Deleted TXID not found.
2019-08-10 04:39:17,234 DEBUG block.DeletedBlockLogImpl (DeletedBlockLogImpl.java:isTransactionFailed(245)) - Got block deletion ACK from datanode, TXIDs=1, success=true
2019-08-10 04:39:17,235 WARN  block.DeletedBlockLogImpl (DeletedBlockLogImpl.java:commitTransactions(205)) - Transaction txId=1 commit by dnId=6c928baf-cc3b-4a10-9362-ff4e15dca71d for containerID=#1 failed. Corresponding entry not found.
2019-08-10 04:39:17,235 WARN  block.DeletedBlockLogImpl (DeletedBlockLogImpl.java:incrementCount(141)) - Deleted TXID not found.
2019-08-10 04:39:17,235 WARN  block.DeletedBlockLogImpl (DeletedBlockLogImpl.java:incrementCount(141)) - Deleted TXID not found.
2019-08-10 04:39:17,235 WARN  block.DeletedBlockLogImpl (DeletedBlockLogImpl.java:incrementCount(141)) - Deleted TXID not found.
2019-08-10 04:39:17,235 DEBUG block.DeletedBlockLogImpl (DeletedBlockLogImpl.java:isTransactionFailed(245)) - Got block deletion ACK from datanode, TXIDs=1, success=true
2019-08-10 04:39:17,235 WARN  block.DeletedBlockLogImpl (DeletedBlockLogImpl.java:commitTransactions(205)) - Transaction txId=1 commit by dnId=6c928baf-cc3b-4a10-9362-ff4e15dca71d for containerID=#1 failed. Corresponding entry not found.
2019-08-10 04:39:17,235 WARN  block.DeletedBlockLogImpl (DeletedBlockLogImpl.java:incrementCount(141)) - Deleted TXID not found.
2019-08-10 04:39:17,235 WARN  block.DeletedBlockLogImpl (DeletedBlockLogImpl.java:incrementCount(141)) - Deleted TXID not found.
2019-08-10 04:39:17,235 WARN  block.DeletedBlockLogImpl (DeletedBlockLogImpl.java:incrementCount(141)) - Deleted TXID not found.
2019-08-10 04:39:17,235 DEBUG block.DeletedBlockLogImpl (DeletedBlockLogImpl.java:isTransactionFailed(245)) - Got block deletion ACK from datanode, TXIDs=1, success=true
2019-08-10 04:39:17,235 WARN  block.DeletedBlockLogImpl (DeletedBlockLogImpl.java:commitTransactions(205)) - Transaction txId=1 commit by dnId=6c928baf-cc3b-4a10-9362-ff4e15dca71d for containerID=#1 failed. Corresponding entry not found.
2019-08-10 04:39:17,235 WARN  block.DeletedBlockLogImpl (DeletedBlockLogImpl.java:incrementCount(141)) - Deleted TXID not found.
2019-08-10 04:39:17,236 WARN  block.DeletedBlockLogImpl (DeletedBlockLogImpl.java:incrementCount(141)) - Deleted TXID not found.
2019-08-10 04:39:17,236 WARN  block.DeletedBlockLogImpl (DeletedBlockLogImpl.java:incrementCount(141)) - Deleted TXID not found.
2019-08-10 04:39:17,236 WARN  block.DeletedBlockLogImpl (DeletedBlockLogImpl.java:incrementCount(141)) - Deleted TXID not found.
2019-08-10 04:39:17,236 WARN  block.DeletedBlockLogImpl (DeletedBlockLogImpl.java:incrementCount(141)) - Deleted TXID not found.
2019-08-10 04:39:17,236 WARN  block.DeletedBlockLogImpl (DeletedBlockLogImpl.java:incrementCount(141)) - Deleted TXID not found.
2019-08-10 04:39:17,236 WARN  block.DeletedBlockLogImpl (DeletedBlockLogImpl.java:incrementCount(141)) - Deleted TXID not found.
2019-08-10 04:39:17,236 WARN  block.DeletedBlockLogImpl (DeletedBlockLogImpl.java:incrementCount(141)) - Deleted TXID not found.
2019-08-10 04:39:17,236 WARN  block.DeletedBlockLogImpl (DeletedBlockLogImpl.java:incrementCount(141)) - Deleted TXID not found.
2019-08-10 04:39:17,236 WARN  block.DeletedBlockLogImpl (DeletedBlockLogImpl.java:incrementCount(141)) - Deleted TXID not found.
2019-08-10 04:39:17,236 WARN  block.DeletedBlockLogImpl (DeletedBlockLogImpl.java:incrementCount(141)) - Deleted TXID not found.
2019-08-10 04:39:17,237 WARN  block.DeletedBlockLogImpl (DeletedBlockLogImpl.java:incrementCount(141)) - Deleted TXID not found.
2019-08-10 04:39:17,237 WARN  block.DeletedBlockLogImpl (DeletedBlockLogImpl.java:incrementCount(141)) - Deleted TXID not found.
2019-08-10 04:39:17,237 WARN  block.DeletedBlockLogImpl (DeletedBlockLogImpl.java:incrementCount(141)) - Deleted TXID not found.
2019-08-10 04:39:17,237 WARN  block.DeletedBlockLogImpl (DeletedBlockLogImpl.java:incrementCount(141)) - Deleted TXID not found.
2019-08-10 04:39:17,237 WARN  block.DeletedBlockLogImpl (DeletedBlockLogImpl.java:incrementCount(141)) - Deleted TXID not found.
2019-08-10 04:39:17,237 WARN  block.DeletedBlockLogImpl (DeletedBlockLogImpl.java:incrementCount(141)) - Deleted TXID not found.
2019-08-10 04:39:17,237 WARN  block.DeletedBlockLogImpl (DeletedBlockLogImpl.java:incrementCount(141)) - Deleted TXID not found.
2019-08-10 04:39:17,237 WARN  block.DeletedBlockLogImpl (DeletedBlockLogImpl.java:incrementCount(141)) - Deleted TXID not found.
2019-08-10 04:39:17,237 WARN  block.DeletedBlockLogImpl (DeletedBlockLogImpl.java:incrementCount(141)) - Deleted TXID not found.
2019-08-10 04:39:17,237 WARN  block.DeletedBlockLogImpl (DeletedBlockLogImpl.java:incrementCount(141)) - Deleted TXID not found.
2019-08-10 04:39:17,237 WARN  block.DeletedBlockLogImpl (DeletedBlockLogImpl.java:incrementCount(141)) - Deleted TXID not found.
2019-08-10 04:39:17,238 WARN  block.DeletedBlockLogImpl (DeletedBlockLogImpl.java:incrementCount(141)) - Deleted TXID not found.
2019-08-10 04:39:17,238 WARN  block.DeletedBlockLogImpl (DeletedBlockLogImpl.java:incrementCount(141)) - Deleted TXID not found.
2019-08-10 04:39:17,238 WARN  block.DeletedBlockLogImpl (DeletedBlockLogImpl.java:incrementCount(141)) - Deleted TXID not found.
2019-08-10 04:39:17,238 WARN  block.DeletedBlockLogImpl (DeletedBlockLogImpl.java:incrementCount(141)) - Deleted TXID not found.
2019-08-10 04:39:17,238 WARN  block.DeletedBlockLogImpl (DeletedBlockLogImpl.java:incrementCount(141)) - Deleted TXID not found.
2019-08-10 04:39:17,238 WARN  block.DeletedBlockLogImpl (DeletedBlockLogImpl.java:incrementCount(141)) - Deleted TXID not found.
2019-08-10 04:39:17,238 WARN  block.DeletedBlockLogImpl (DeletedBlockLogImpl.java:incrementCount(141)) - Deleted TXID not found.
2019-08-10 04:39:17,238 WARN  block.DeletedBlockLogImpl (DeletedBlockLogImpl.java:incrementCount(141)) - Deleted TXID not found.
2019-08-10 04:39:17,238 WARN  block.DeletedBlockLogImpl (DeletedBlockLogImpl.java:incrementCount(141)) - Deleted TXID not found.
2019-08-10 04:39:17,238 WARN  block.DeletedBlockLogImpl (DeletedBlockLogImpl.java:incrementCount(141)) - Deleted TXID not found.
2019-08-10 04:39:17,238 WARN  block.DeletedBlockLogImpl (DeletedBlockLogImpl.java:incrementCount(141)) - Deleted TXID not found.
2019-08-10 04:39:17,239 WARN  block.DeletedBlockLogImpl (DeletedBlockLogImpl.java:incrementCount(141)) - Deleted TXID not found.
2019-08-10 04:39:17,239 WARN  block.DeletedBlockLogImpl (DeletedBlockLogImpl.java:incrementCount(141)) - Deleted TXID not found.
2019-08-10 04:39:17,239 WARN  block.DeletedBlockLogImpl (DeletedBlockLogImpl.java:incrementCount(141)) - Deleted TXID not found.
2019-08-10 04:39:17,239 WARN  block.DeletedBlockLogImpl (DeletedBlockLogImpl.java:incrementCount(141)) - Deleted TXID not found.
2019-08-10 04:39:17,239 WARN  block.DeletedBlockLogImpl (DeletedBlockLogImpl.java:incrementCount(141)) - Deleted TXID not found.
2019-08-10 04:39:17,239 WARN  block.DeletedBlockLogImpl (DeletedBlockLogImpl.java:incrementCount(141)) - Deleted TXID not found.
2019-08-10 04:39:17,239 WARN  block.DeletedBlockLogImpl (DeletedBlockLogImpl.java:incrementCount(141)) - Deleted TXID not found.
2019-08-10 04:39:17,239 WARN  block.DeletedBlockLogImpl (DeletedBlockLogImpl.java:incrementCount(141)) - Deleted TXID not found.
2019-08-10 04:39:17,239 WARN  block.DeletedBlockLogImpl (DeletedBlockLogImpl.java:incrementCount(141)) - Deleted TXID not found.
2019-08-10 04:39:17,239 WARN  block.DeletedBlockLogImpl (DeletedBlockLogImpl.java:incrementCount(141)) - Deleted TXID not found.
2019-08-10 04:39:17,239 WARN  block.DeletedBlockLogImpl (DeletedBlockLogImpl.java:incrementCount(141)) - Deleted TXID not found.
2019-08-10 04:39:17,240 WARN  block.DeletedBlockLogImpl (DeletedBlockLogImpl.java:incrementCount(141)) - Deleted TXID not found.
2019-08-10 04:39:17,240 WARN  block.DeletedBlockLogImpl (DeletedBlockLogImpl.java:incrementCount(141)) - Deleted TXID not found.
2019-08-10 04:39:17,240 WARN  block.DeletedBlockLogImpl (DeletedBlockLogImpl.java:incrementCount(141)) - Deleted TXID not found.
2019-08-10 04:39:17,240 WARN  block.DeletedBlockLogImpl (DeletedBlockLogImpl.java:incrementCount(141)) - Deleted TXID not found.
2019-08-10 04:39:17,240 WARN  block.DeletedBlockLogImpl (DeletedBlockLogImpl.java:incrementCount(141)) - Deleted TXID not found.
2019-08-10 04:39:17,240 WARN  block.DeletedBlockLogImpl (DeletedBlockLogImpl.java:incrementCount(141)) - Deleted TXID not found.
2019-08-10 04:39:17,240 WARN  block.DeletedBlockLogImpl (DeletedBlockLogImpl.java:incrementCount(141)) - Deleted TXID not found.
2019-08-10 04:39:17,240 WARN  block.DeletedBlockLogImpl (DeletedBlockLogImpl.java:incrementCount(141)) - Deleted TXID not found.
2019-08-10 04:39:17,240 WARN  block.DeletedBlockLogImpl (DeletedBlockLogImpl.java:incrementCount(141)) - Deleted TXID not found.
2019-08-10 04:39:17,240 WARN  block.DeletedBlockLogImpl (DeletedBlockLogImpl.java:incrementCount(141)) - Deleted TXID not found.
2019-08-10 04:39:17,240 WARN  block.DeletedBlockLogImpl (DeletedBlockLogImpl.java:incrementCount(141)) - Deleted TXID not found.
2019-08-10 04:39:17,241 WARN  block.DeletedBlockLogImpl (DeletedBlockLogImpl.java:incrementCount(141)) - Deleted TXID not found.
2019-08-10 04:39:17,241 WARN  block.DeletedBlockLogImpl (DeletedBlockLogImpl.java:incrementCount(141)) - Deleted TXID not found.
2019-08-10 04:39:17,241 WARN  block.DeletedBlockLogImpl (DeletedBlockLogImpl.java:incrementCount(141)) - Deleted TXID not found.
2019-08-10 04:39:17,241 WARN  block.DeletedBlockLogImpl (DeletedBlockLogImpl.java:incrementCount(141)) - Deleted TXID not found.
2019-08-10 04:39:17,241 WARN  block.DeletedBlockLogImpl (DeletedBlockLogImpl.java:incrementCount(141)) - Deleted TXID not found.
2019-08-10 04:39:17,241 WARN  block.DeletedBlockLogImpl (DeletedBlockLogImpl.java:incrementCount(141)) - Deleted TXID not found.
2019-08-10 04:39:17,241 WARN  block.DeletedBlockLogImpl (DeletedBlockLogImpl.java:incrementCount(141)) - Deleted TXID not found.
2019-08-10 04:39:17,241 WARN  block.DeletedBlockLogImpl (DeletedBlockLogImpl.java:incrementCount(141)) - Deleted TXID not found.
2019-08-10 04:39:17,259 ERROR pipeline.RatisPipelineProvider (RatisPipelineProvider.java:lambda$null$5(235)) - Failed invoke Ratis rpc org.apache.hadoop.hdds.scm.pipeline.RatisPipelineProvider$$Lambda$171/520915175@12b174ad for 6c928baf-cc3b-4a10-9362-ff4e15dca71d
org.apache.ratis.protocol.TimeoutIOException: deadline exceeded after 2999578134ns
	at org.apache.ratis.grpc.GrpcUtil.tryUnwrapException(GrpcUtil.java:82)
	at org.apache.ratis.grpc.GrpcUtil.unwrapException(GrpcUtil.java:75)
	at org.apache.ratis.grpc.client.GrpcClientProtocolClient.blockingCall(GrpcClientProtocolClient.java:169)
	at org.apache.ratis.grpc.client.GrpcClientProtocolClient.groupAdd(GrpcClientProtocolClient.java:138)
	at org.apache.ratis.grpc.client.GrpcClientRpc.sendRequest(GrpcClientRpc.java:94)
	at org.apache.ratis.client.impl.RaftClientImpl.sendRequest(RaftClientImpl.java:279)
	at org.apache.ratis.client.impl.RaftClientImpl.groupAdd(RaftClientImpl.java:206)
	at org.apache.hadoop.hdds.scm.pipeline.RatisPipelineProvider.lambda$initializePipeline$4(RatisPipelineProvider.java:194)
	at org.apache.hadoop.hdds.scm.pipeline.RatisPipelineProvider.lambda$null$5(RatisPipelineProvider.java:231)
	at java.util.stream.ForEachOps$ForEachOp$OfRef.accept(ForEachOps.java:184)
	at java.util.ArrayList$ArrayListSpliterator.forEachRemaining(ArrayList.java:1382)
	at java.util.stream.AbstractPipeline.copyInto(AbstractPipeline.java:482)
	at java.util.stream.ForEachOps$ForEachTask.compute(ForEachOps.java:291)
	at java.util.concurrent.CountedCompleter.exec(CountedCompleter.java:731)
	at java.util.concurrent.ForkJoinTask.doExec(ForkJoinTask.java:289)
	at java.util.concurrent.ForkJoinTask.doInvoke(ForkJoinTask.java:401)
	at java.util.concurrent.ForkJoinTask.invoke(ForkJoinTask.java:734)
	at java.util.stream.ForEachOps$ForEachOp.evaluateParallel(ForEachOps.java:160)
	at java.util.stream.ForEachOps$ForEachOp$OfRef.evaluateParallel(ForEachOps.java:174)
	at java.util.stream.AbstractPipeline.evaluate(AbstractPipeline.java:233)
	at java.util.stream.ReferencePipeline.forEach(ReferencePipeline.java:418)
	at java.util.stream.ReferencePipeline$Head.forEach(ReferencePipeline.java:583)
	at org.apache.hadoop.hdds.scm.pipeline.RatisPipelineProvider.lambda$callRatisRpc$6(RatisPipelineProvider.java:225)
	at java.util.concurrent.ForkJoinTask$AdaptedRunnableAction.exec(ForkJoinTask.java:1386)
	at java.util.concurrent.ForkJoinTask.doExec(ForkJoinTask.java:289)
	at java.util.concurrent.ForkJoinPool$WorkQueue.runTask(ForkJoinPool.java:1056)
	at java.util.concurrent.ForkJoinPool.runWorker(ForkJoinPool.java:1692)
	at java.util.concurrent.ForkJoinWorkerThread.run(ForkJoinWorkerThread.java:157)
Caused by: org.apache.ratis.thirdparty.io.grpc.StatusRuntimeException: DEADLINE_EXCEEDED: deadline exceeded after 2999578134ns
	at org.apache.ratis.thirdparty.io.grpc.stub.ClientCalls.toStatusRuntimeException(ClientCalls.java:233)
	at org.apache.ratis.thirdparty.io.grpc.stub.ClientCalls.getUnchecked(ClientCalls.java:214)
	at org.apache.ratis.thirdparty.io.grpc.stub.ClientCalls.blockingUnaryCall(ClientCalls.java:139)
	at org.apache.ratis.proto.grpc.AdminProtocolServiceGrpc$AdminProtocolServiceBlockingStub.groupManagement(AdminProtocolServiceGrpc.java:274)
	at org.apache.ratis.grpc.client.GrpcClientProtocolClient.lambda$groupAdd$3(GrpcClientProtocolClient.java:140)
	at org.apache.ratis.grpc.client.GrpcClientProtocolClient.blockingCall(GrpcClientProtocolClient.java:167)
	... 25 more
2019-08-10 04:39:17,274 DEBUG block.SCMBlockDeletingService (SCMBlockDeletingService.java:call(138)) - Running DeletedBlockTransactionScanner
2019-08-10 04:39:17,274 DEBUG block.SCMBlockDeletingService (SCMBlockDeletingService.java:call(155)) - Scanned deleted blocks log and got 0 delTX to process.
2019-08-10 04:39:17,370 WARN  block.DeletedBlockLogImpl (DeletedBlockLogImpl.java:incrementCount(141)) - Deleted TXID not found.
2019-08-10 04:39:17,371 WARN  block.DeletedBlockLogImpl (DeletedBlockLogImpl.java:incrementCount(141)) - Deleted TXID not found.
2019-08-10 04:39:17,371 WARN  block.DeletedBlockLogImpl (DeletedBlockLogImpl.java:incrementCount(141)) - Deleted TXID not found.
2019-08-10 04:39:17,371 WARN  block.DeletedBlockLogImpl (DeletedBlockLogImpl.java:incrementCount(141)) - Deleted TXID not found.
2019-08-10 04:39:17,372 WARN  block.DeletedBlockLogImpl (DeletedBlockLogImpl.java:incrementCount(141)) - Deleted TXID not found.
2019-08-10 04:39:17,372 WARN  block.DeletedBlockLogImpl (DeletedBlockLogImpl.java:incrementCount(141)) - Deleted TXID not found.
2019-08-10 04:39:17,372 WARN  block.DeletedBlockLogImpl (DeletedBlockLogImpl.java:incrementCount(141)) - Deleted TXID not found.
2019-08-10 04:39:17,372 WARN  block.DeletedBlockLogImpl (DeletedBlockLogImpl.java:incrementCount(141)) - Deleted TXID not found.
2019-08-10 04:39:17,372 WARN  block.DeletedBlockLogImpl (DeletedBlockLogImpl.java:incrementCount(141)) - Deleted TXID not found.
2019-08-10 04:39:17,374 DEBUG block.SCMBlockDeletingService (SCMBlockDeletingService.java:call(138)) - Running DeletedBlockTransactionScanner
2019-08-10 04:39:17,375 DEBUG block.SCMBlockDeletingService (SCMBlockDeletingService.java:call(155)) - Scanned deleted blocks log and got 0 delTX to process.
2019-08-10 04:39:17,475 DEBUG block.SCMBlockDeletingService (SCMBlockDeletingService.java:call(138)) - Running DeletedBlockTransactionScanner
2019-08-10 04:39:17,475 DEBUG block.SCMBlockDeletingService (SCMBlockDeletingService.java:call(155)) - Scanned deleted blocks log and got 0 delTX to process.
2019-08-10 04:39:17,576 DEBUG block.SCMBlockDeletingService (SCMBlockDeletingService.java:call(138)) - Running DeletedBlockTransactionScanner
2019-08-10 04:39:17,576 DEBUG block.SCMBlockDeletingService (SCMBlockDeletingService.java:call(155)) - Scanned deleted blocks log and got 0 delTX to process.
2019-08-10 04:39:17,676 INFO  commandhandler.DeleteBlocksCommandHandler (DeleteBlocksCommandHandler.java:handle(106)) - Start to delete container blocks, TXIDs=[1(0),2(0),3(0)], numOfContainers=3, numOfBlocks=553
2019-08-10 04:39:17,676 DEBUG block.SCMBlockDeletingService (SCMBlockDeletingService.java:call(138)) - Running DeletedBlockTransactionScanner
2019-08-10 04:39:17,677 DEBUG block.SCMBlockDeletingService (SCMBlockDeletingService.java:call(155)) - Scanned deleted blocks log and got 0 delTX to process.
2019-08-10 04:39:17,678 INFO  commandhandler.DeleteBlocksCommandHandler (DeleteBlocksCommandHandler.java:handle(106)) - Start to delete container blocks, TXIDs=[1(0),2(0),3(0)], numOfContainers=3, numOfBlocks=553
2019-08-10 04:39:17,680 INFO  commandhandler.DeleteBlocksCommandHandler (DeleteBlocksCommandHandler.java:handle(106)) - Start to delete container blocks, TXIDs=[1(0),2(0),3(0)], numOfContainers=3, numOfBlocks=553
2019-08-10 04:39:17,681 INFO  commandhandler.DeleteBlocksCommandHandler (DeleteBlocksCommandHandler.java:handle(106)) - Start to delete container blocks, TXIDs=[1(0),2(0),3(0)], numOfContainers=3, numOfBlocks=553
2019-08-10 04:39:17,683 INFO  commandhandler.DeleteBlocksCommandHandler (DeleteBlocksCommandHandler.java:handle(106)) - Start to delete container blocks, TXIDs=[1(0),2(0),3(0)], numOfContainers=3, numOfBlocks=553
2019-08-10 04:39:17,684 INFO  commandhandler.DeleteBlocksCommandHandler (DeleteBlocksCommandHandler.java:handle(106)) - Start to delete container blocks, TXIDs=[1(0),2(0),3(0)], numOfContainers=3, numOfBlocks=553
2019-08-10 04:39:17,686 INFO  commandhandler.DeleteBlocksCommandHandler (DeleteBlocksCommandHandler.java:handle(106)) - Start to delete container blocks, TXIDs=[1(0),2(0),3(0)], numOfContainers=3, numOfBlocks=553
2019-08-10 04:39:17,688 INFO  commandhandler.DeleteBlocksCommandHandler (DeleteBlocksCommandHandler.java:handle(106)) - Start to delete container blocks, TXIDs=[1(0),2(0),3(0)], numOfContainers=3, numOfBlocks=553
2019-08-10 04:39:17,689 INFO  commandhandler.DeleteBlocksCommandHandler (DeleteBlocksCommandHandler.java:handle(106)) - Start to delete container blocks, TXIDs=[1(0),2(0),3(0)], numOfContainers=3, numOfBlocks=553
2019-08-10 04:39:17,691 INFO  commandhandler.DeleteBlocksCommandHandler (DeleteBlocksCommandHandler.java:handle(106)) - Start to delete container blocks, TXIDs=[1(771),2(771),3(771)], numOfContainers=3, numOfBlocks=553
2019-08-10 04:39:17,692 INFO  commandhandler.DeleteBlocksCommandHandler (DeleteBlocksCommandHandler.java:handle(106)) - Start to delete container blocks, TXIDs=[1(0),2(0),3(0)], numOfContainers=3, numOfBlocks=553
2019-08-10 04:39:17,694 INFO  commandhandler.DeleteBlocksCommandHandler (DeleteBlocksCommandHandler.java:handle(106)) - Start to delete container blocks, TXIDs=[1(0),2(0),3(0)], numOfContainers=3, numOfBlocks=553
2019-08-10 04:39:17,695 INFO  commandhandler.DeleteBlocksCommandHandler (DeleteBlocksCommandHandler.java:handle(106)) - Start to delete container blocks, TXIDs=[1(992),2(992),3(992)], numOfContainers=3, numOfBlocks=553
2019-08-10 04:39:17,697 INFO  commandhandler.DeleteBlocksCommandHandler (DeleteBlocksCommandHandler.java:handle(106)) - Start to delete container blocks, TXIDs=[1(0),2(0),3(0)], numOfContainers=3, numOfBlocks=553
2019-08-10 04:39:17,698 INFO  commandhandler.DeleteBlocksCommandHandler (DeleteBlocksCommandHandler.java:handle(106)) - Start to delete container blocks, TXIDs=[1(0),2(0),3(0)], numOfContainers=3, numOfBlocks=553
2019-08-10 04:39:17,700 INFO  commandhandler.DeleteBlocksCommandHandler (DeleteBlocksCommandHandler.java:handle(106)) - Start to delete container blocks, TXIDs=[1(0),2(0),3(0)], numOfContainers=3, numOfBlocks=553
2019-08-10 04:39:17,701 INFO  commandhandler.DeleteBlocksCommandHandler (DeleteBlocksCommandHandler.java:handle(106)) - Start to delete container blocks, TXIDs=[1(0),2(0),3(0)], numOfContainers=3, numOfBlocks=553
2019-08-10 04:39:17,702 INFO  commandhandler.DeleteBlocksCommandHandler (DeleteBlocksCommandHandler.java:handle(106)) - Start to delete container blocks, TXIDs=[1(0),2(0),3(0)], numOfContainers=3, numOfBlocks=553
2019-08-10 04:39:17,704 INFO  commandhandler.DeleteBlocksCommandHandler (DeleteBlocksCommandHandler.java:handle(106)) - Start to delete container blocks, TXIDs=[1(0),2(0),3(0)], numOfContainers=3, numOfBlocks=553
2019-08-10 04:39:17,705 INFO  commandhandler.DeleteBlocksCommandHandler (DeleteBlocksCommandHandler.java:handle(106)) - Start to delete container blocks, TXIDs=[1(0),2(0),3(0)], numOfContainers=3, numOfBlocks=553
2019-08-10 04:39:17,706 INFO  commandhandler.DeleteBlocksCommandHandler (DeleteBlocksCommandHandler.java:handle(106)) - Start to delete container blocks, TXIDs=[1(0),2(0),3(0)], numOfContainers=3, numOfBlocks=553
2019-08-10 04:39:17,708 INFO  commandhandler.DeleteBlocksCommandHandler (DeleteBlocksCommandHandler.java:handle(106)) - Start to delete container blocks, TXIDs=[1(0),2(0),3(0)], numOfContainers=3, numOfBlocks=553
2019-08-10 04:39:17,709 INFO  commandhandler.DeleteBlocksCommandHandler (DeleteBlocksCommandHandler.java:handle(106)) - Start to delete container blocks, TXIDs=[1(0),2(0),3(0)], numOfContainers=3, numOfBlocks=553
2019-08-10 04:39:17,710 INFO  commandhandler.DeleteBlocksCommandHandler (DeleteBlocksCommandHandler.java:handle(106)) - Start to delete container blocks, TXIDs=[1(771),2(771),3(771)], numOfContainers=3, numOfBlocks=553
2019-08-10 04:39:17,712 INFO  commandhandler.DeleteBlocksCommandHandler (DeleteBlocksCommandHandler.java:handle(106)) - Start to delete container blocks, TXIDs=[1(0),2(0),3(0)], numOfContainers=3, numOfBlocks=553
2019-08-10 04:39:17,713 INFO  commandhandler.DeleteBlocksCommandHandler (DeleteBlocksCommandHandler.java:handle(106)) - Start to delete container blocks, TXIDs=[1(0),2(0),3(0)], numOfContainers=3, numOfBlocks=553
2019-08-10 04:39:17,714 INFO  commandhandler.DeleteBlocksCommandHandler (DeleteBlocksCommandHandler.java:handle(106)) - Start to delete container blocks, TXIDs=[1(0),2(0),3(0)], numOfContainers=3, numOfBlocks=553
2019-08-10 04:39:17,715 INFO  commandhandler.DeleteBlocksCommandHandler (DeleteBlocksCommandHandler.java:handle(106)) - Start to delete container blocks, TXIDs=[1(992),2(992),3(992)], numOfContainers=3, numOfBlocks=553
2019-08-10 04:39:17,717 INFO  commandhandler.DeleteBlocksCommandHandler (DeleteBlocksCommandHandler.java:handle(106)) - Start to delete container blocks, TXIDs=[1(0),2(0),3(0)], numOfContainers=3, numOfBlocks=553
2019-08-10 04:39:17,718 INFO  commandhandler.DeleteBlocksCommandHandler (DeleteBlocksCommandHandler.java:handle(106)) - Start to delete container blocks, TXIDs=[1(0),2(0),3(0)], numOfContainers=3, numOfBlocks=553
2019-08-10 04:39:17,719 INFO  commandhandler.DeleteBlocksCommandHandler (DeleteBlocksCommandHandler.java:handle(106)) - Start to delete container blocks, TXIDs=[1(0),2(0),3(0)], numOfContainers=3, numOfBlocks=553
2019-08-10 04:39:17,721 INFO  commandhandler.DeleteBlocksCommandHandler (DeleteBlocksCommandHandler.java:handle(106)) - Start to delete container blocks, TXIDs=[1(0),2(0),3(0)], numOfContainers=3, numOfBlocks=553
2019-08-10 04:39:17,722 INFO  commandhandler.DeleteBlocksCommandHandler (DeleteBlocksCommandHandler.java:handle(106)) - Start to delete container blocks, TXIDs=[1(0),2(0),3(0)], numOfContainers=3, numOfBlocks=553
2019-08-10 04:39:17,723 INFO  commandhandler.DeleteBlocksCommandHandler (DeleteBlocksCommandHandler.java:handle(106)) - Start to delete container blocks, TXIDs=[1(0),2(0),3(0)], numOfContainers=3, numOfBlocks=553
2019-08-10 04:39:17,724 INFO  commandhandler.DeleteBlocksCommandHandler (DeleteBlocksCommandHandler.java:handle(106)) - Start to delete container blocks, TXIDs=[1(0),2(0),3(0)], numOfContainers=3, numOfBlocks=553
2019-08-10 04:39:17,725 INFO  commandhandler.DeleteBlocksCommandHandler (DeleteBlocksCommandHandler.java:handle(106)) - Start to delete container blocks, TXIDs=[1(1),2(1),3(1)], numOfContainers=3, numOfBlocks=553
2019-08-10 04:39:17,727 INFO  commandhandler.DeleteBlocksCommandHandler (DeleteBlocksCommandHandler.java:handle(106)) - Start to delete container blocks, TXIDs=[1(0),2(0),3(0)], numOfContainers=3, numOfBlocks=553
2019-08-10 04:39:17,728 INFO  commandhandler.DeleteBlocksCommandHandler (DeleteBlocksCommandHandler.java:handle(106)) - Start to delete container blocks, TXIDs=[1(894),2(894),3(894)], numOfContainers=3, numOfBlocks=553
2019-08-10 04:39:17,729 INFO  commandhandler.DeleteBlocksCommandHandler (DeleteBlocksCommandHandler.java:handle(106)) - Start to delete container blocks, TXIDs=[1(0),2(0),3(0)], numOfContainers=3, numOfBlocks=553
2019-08-10 04:39:17,730 INFO  commandhandler.DeleteBlocksCommandHandler (DeleteBlocksCommandHandler.java:handle(106)) - Start to delete container blocks, TXIDs=[1(0),2(0),3(0)], numOfContainers=3, numOfBlocks=553
2019-08-10 04:39:17,731 INFO  commandhandler.DeleteBlocksCommandHandler (DeleteBlocksCommandHandler.java:handle(106)) - Start to delete container blocks, TXIDs=[1(0),2(0),3(0)], numOfContainers=3, numOfBlocks=553
2019-08-10 04:39:17,733 INFO  commandhandler.DeleteBlocksCommandHandler (DeleteBlocksCommandHandler.java:handle(106)) - Start to delete container blocks, TXIDs=[1(0),2(0),3(0)], numOfContainers=3, numOfBlocks=553
2019-08-10 04:39:17,734 INFO  commandhandler.DeleteBlocksCommandHandler (DeleteBlocksCommandHandler.java:handle(106)) - Start to delete container blocks, TXIDs=[1(0),2(0),3(0)], numOfContainers=3, numOfBlocks=553
2019-08-10 04:39:17,735 INFO  commandhandler.DeleteBlocksCommandHandler (DeleteBlocksCommandHandler.java:handle(106)) - Start to delete container blocks, TXIDs=[1(0),2(0),3(0)], numOfContainers=3, numOfBlocks=553
2019-08-10 04:39:17,736 INFO  commandhandler.DeleteBlocksCommandHandler (DeleteBlocksCommandHandler.java:handle(106)) - Start to delete container blocks, TXIDs=[1(0),2(0),3(0)], numOfContainers=3, numOfBlocks=553
2019-08-10 04:39:17,737 INFO  commandhandler.DeleteBlocksCommandHandler (DeleteBlocksCommandHandler.java:handle(106)) - Start to delete container blocks, TXIDs=[1(0),2(0),3(0)], numOfContainers=3, numOfBlocks=553
2019-08-10 04:39:17,738 INFO  commandhandler.DeleteBlocksCommandHandler (DeleteBlocksCommandHandler.java:handle(106)) - Start to delete container blocks, TXIDs=[1(0),2(0),3(0)], numOfContainers=3, numOfBlocks=553
2019-08-10 04:39:17,739 INFO  commandhandler.DeleteBlocksCommandHandler (DeleteBlocksCommandHandler.java:handle(106)) - Start to delete container blocks, TXIDs=[1(470),2(470),3(470)], numOfContainers=3, numOfBlocks=553
2019-08-10 04:39:17,740 INFO  commandhandler.DeleteBlocksCommandHandler (DeleteBlocksCommandHandler.java:handle(106)) - Start to delete container blocks, TXIDs=[1(0),2(0),3(0)], numOfContainers=3, numOfBlocks=553
2019-08-10 04:39:17,741 INFO  commandhandler.DeleteBlocksCommandHandler (DeleteBlocksCommandHandler.java:handle(106)) - Start to delete container blocks, TXIDs=[1(0),2(0),3(0)], numOfContainers=3, numOfBlocks=553
2019-08-10 04:39:17,743 INFO  commandhandler.DeleteBlocksCommandHandler (DeleteBlocksCommandHandler.java:handle(106)) - Start to delete container blocks, TXIDs=[1(0),2(0),3(0)], numOfContainers=3, numOfBlocks=553
2019-08-10 04:39:17,744 INFO  commandhandler.DeleteBlocksCommandHandler (DeleteBlocksCommandHandler.java:handle(106)) - Start to delete container blocks, TXIDs=[1(894),2(894),3(894)], numOfContainers=3, numOfBlocks=553
2019-08-10 04:39:17,745 INFO  commandhandler.DeleteBlocksCommandHandler (DeleteBlocksCommandHandler.java:handle(106)) - Start to delete container blocks, TXIDs=[1(0),2(0),3(0)], numOfContainers=3, numOfBlocks=553
2019-08-10 04:39:17,746 INFO  commandhandler.DeleteBlocksCommandHandler (DeleteBlocksCommandHandler.java:handle(106)) - Start to delete container blocks, TXIDs=[1(0),2(0),3(0)], numOfContainers=3, numOfBlocks=553
2019-08-10 04:39:17,747 INFO  commandhandler.DeleteBlocksCommandHandler (DeleteBlocksCommandHandler.java:handle(106)) - Start to delete container blocks, TXIDs=[1(0),2(0),3(0)], numOfContainers=3, numOfBlocks=553
2019-08-10 04:39:17,748 INFO  commandhandler.DeleteBlocksCommandHandler (DeleteBlocksCommandHandler.java:handle(106)) - Start to delete container blocks, TXIDs=[1(0),2(0),3(0)], numOfContainers=3, numOfBlocks=553
2019-08-10 04:39:17,749 INFO  commandhandler.DeleteBlocksCommandHandler (DeleteBlocksCommandHandler.java:handle(106)) - Start to delete container blocks, TXIDs=[1(0),2(0),3(0)], numOfContainers=3, numOfBlocks=553
2019-08-10 04:39:17,750 INFO  commandhandler.DeleteBlocksCommandHandler (DeleteBlocksCommandHandler.java:handle(106)) - Start to delete container blocks, TXIDs=[1(0),2(0),3(0)], numOfContainers=3, numOfBlocks=553
2019-08-10 04:39:17,751 INFO  commandhandler.DeleteBlocksCommandHandler (DeleteBlocksCommandHandler.java:handle(106)) - Start to delete container blocks, TXIDs=[1(0),2(0),3(0)], numOfContainers=3, numOfBlocks=553
2019-08-10 04:39:17,752 INFO  commandhandler.DeleteBlocksCommandHandler (DeleteBlocksCommandHandler.java:handle(106)) - Start to delete container blocks, TXIDs=[1(743),2(743),3(743)], numOfContainers=3, numOfBlocks=553
2019-08-10 04:39:17,753 INFO  commandhandler.DeleteBlocksCommandHandler (DeleteBlocksCommandHandler.java:handle(106)) - Start to delete container blocks, TXIDs=[1(0),2(0),3(0)], numOfContainers=3, numOfBlocks=553
2019-08-10 04:39:17,754 INFO  commandhandler.DeleteBlocksCommandHandler (DeleteBlocksCommandHandler.java:handle(106)) - Start to delete container blocks, TXIDs=[1(0),2(0),3(0)], numOfContainers=3, numOfBlocks=553
2019-08-10 04:39:17,755 INFO  commandhandler.DeleteBlocksCommandHandler (DeleteBlocksCommandHandler.java:handle(106)) - Start to delete container blocks, TXIDs=[1(0),2(0),3(0)], numOfContainers=3, numOfBlocks=553
2019-08-10 04:39:17,756 INFO  commandhandler.DeleteBlocksCommandHandler (DeleteBlocksCommandHandler.java:handle(106)) - Start to delete container blocks, TXIDs=[1(0),2(0),3(0)], numOfContainers=3, numOfBlocks=553
2019-08-10 04:39:17,757 INFO  commandhandler.DeleteBlocksCommandHandler (DeleteBlocksCommandHandler.java:handle(106)) - Start to delete container blocks, TXIDs=[1(898),2(898),3(898)], numOfContainers=3, numOfBlocks=553
2019-08-10 04:39:17,758 INFO  commandhandler.DeleteBlocksCommandHandler (DeleteBlocksCommandHandler.java:handle(106)) - Start to delete container blocks, TXIDs=[1(0),2(0),3(0)], numOfContainers=3, numOfBlocks=553
2019-08-10 04:39:17,759 INFO  commandhandler.DeleteBlocksCommandHandler (DeleteBlocksCommandHandler.java:handle(106)) - Start to delete container blocks, TXIDs=[1(0),2(0),3(0)], numOfContainers=3, numOfBlocks=553
2019-08-10 04:39:17,760 INFO  commandhandler.DeleteBlocksCommandHandler (DeleteBlocksCommandHandler.java:handle(106)) - Start to delete container blocks, TXIDs=[1(0),2(0),3(0)], numOfContainers=3, numOfBlocks=553
2019-08-10 04:39:17,761 INFO  commandhandler.DeleteBlocksCommandHandler (DeleteBlocksCommandHandler.java:handle(106)) - Start to delete container blocks, TXIDs=[1(0),2(0),3(0)], numOfContainers=3, numOfBlocks=553
2019-08-10 04:39:17,762 INFO  commandhandler.DeleteBlocksCommandHandler (DeleteBlocksCommandHandler.java:handle(106)) - Start to delete container blocks, TXIDs=[1(0),2(0),3(0)], numOfContainers=3, numOfBlocks=553
2019-08-10 04:39:17,763 INFO  commandhandler.DeleteBlocksCommandHandler (DeleteBlocksCommandHandler.java:handle(106)) - Start to delete container blocks, TXIDs=[1(0),2(0),3(0)], numOfContainers=3, numOfBlocks=553
2019-08-10 04:39:17,764 INFO  commandhandler.DeleteBlocksCommandHandler (DeleteBlocksCommandHandler.java:handle(106)) - Start to delete container blocks, TXIDs=[1(0),2(0),3(0)], numOfContainers=3, numOfBlocks=553
]]></system-out>
    <system-err><![CDATA[ERROR StatusLogger No Log4j 2 configuration file found. Using default configuration (logging only errors to the console), or user programmatically provided configurations. Set system property 'log4j2.debug' to show Log4j 2 internal initialization logging. See https://logging.apache.org/log4j/2.x/manual/configuration.html for instructions on how to configure Log4j 2
Aug 10, 2019 4:37:40 AM com.sun.jersey.server.impl.application.WebApplicationImpl _initiate
INFO: Initiating Jersey application, version 'Jersey: 1.19 02/11/2015 03:25 AM'
Aug 10, 2019 4:39:08 AM com.sun.jersey.server.impl.application.WebApplicationImpl _initiate
INFO: Initiating Jersey application, version 'Jersey: 1.19 02/11/2015 03:25 AM'
]]></system-err>
  </testcase>
</testsuite>