<?xml version="1.0" encoding="UTF-8"?>
<testsuite xmlns:xsi="http://www.w3.org/2001/XMLSchema-instance" xsi:noNamespaceSchemaLocation="https://maven.apache.org/surefire/maven-surefire-plugin/xsd/surefire-test-report.xsd" name="org.apache.hadoop.ozone.client.rpc.TestBlockOutputStreamWithFailures" time="671.973" tests="8" errors="0" skipped="0" failures="1">
  <properties>
    <property name="awt.toolkit" value="sun.awt.X11.XToolkit"/>
    <property name="file.encoding.pkg" value="sun.io"/>
    <property name="java.specification.version" value="1.8"/>
    <property name="sun.cpu.isalist" value=""/>
    <property name="sun.jnu.encoding" value="UTF-8"/>
    <property name="java.class.path" value="/workdir/hadoop-ozone/integration-test/target/test-classes:/workdir/hadoop-ozone/integration-test/target/classes:/home/user/.m2/repository/org/apache/hadoop/hadoop-ozone-common/0.4.1-SNAPSHOT/hadoop-ozone-common-0.4.1-SNAPSHOT.jar:/home/user/.m2/repository/org/apache/commons/commons-compress/1.4.1/commons-compress-1.4.1.jar:/home/user/.m2/repository/org/tukaani/xz/1.0/xz-1.0.jar:/home/user/.m2/repository/org/apache/hadoop/hadoop-common/3.2.0/hadoop-common-3.2.0.jar:/home/user/.m2/repository/org/apache/hadoop/hadoop-hdfs/3.2.0/hadoop-hdfs-3.2.0.jar:/home/user/.m2/repository/org/apache/hadoop/hadoop-hdfs-client/3.2.0/hadoop-hdfs-client-3.2.0.jar:/home/user/.m2/repository/com/fasterxml/jackson/core/jackson-annotations/2.9.5/jackson-annotations-2.9.5.jar:/home/user/.m2/repository/org/apache/hadoop/hadoop-hdds-common/0.4.1-SNAPSHOT/hadoop-hdds-common-0.4.1-SNAPSHOT.jar:/home/user/.m2/repository/javax/annotation/javax.annotation-api/1.2/javax.annotation-api-1.2.jar:/home/user/.m2/repository/org/apache/ratis/ratis-server/0.4.0-2337318-SNAPSHOT/ratis-server-0.4.0-2337318-SNAPSHOT.jar:/home/user/.m2/repository/org/apache/ratis/ratis-thirdparty-misc/0.2.0/ratis-thirdparty-misc-0.2.0.jar:/home/user/.m2/repository/org/apache/ratis/ratis-proto/0.4.0-2337318-SNAPSHOT/ratis-proto-0.4.0-2337318-SNAPSHOT.jar:/home/user/.m2/repository/org/apache/ratis/ratis-common/0.4.0-2337318-SNAPSHOT/ratis-common-0.4.0-2337318-SNAPSHOT.jar:/home/user/.m2/repository/org/apache/ratis/ratis-client/0.4.0-2337318-SNAPSHOT/ratis-client-0.4.0-2337318-SNAPSHOT.jar:/home/user/.m2/repository/org/apache/ratis/ratis-metrics/0.4.0-2337318-SNAPSHOT/ratis-metrics-0.4.0-2337318-SNAPSHOT.jar:/home/user/.m2/repository/org/apache/ratis/ratis-netty/0.4.0-2337318-SNAPSHOT/ratis-netty-0.4.0-2337318-SNAPSHOT.jar:/home/user/.m2/repository/org/apache/ratis/ratis-grpc/0.4.0-2337318-SNAPSHOT/ratis-grpc-0.4.0-2337318-SNAPSHOT.jar:/home/user/.m2/repository/org/rocksdb/rocksdbjni/6.0.1/rocksdbjni-6.0.1.jar:/home/user/.m2/repository/org/apache/logging/log4j/log4j-api/2.11.0/log4j-api-2.11.0.jar:/home/user/.m2/repository/org/apache/logging/log4j/log4j-core/2.11.0/log4j-core-2.11.0.jar:/home/user/.m2/repository/com/lmax/disruptor/3.4.2/disruptor-3.4.2.jar:/home/user/.m2/repository/org/apache/commons/commons-pool2/2.6.0/commons-pool2-2.6.0.jar:/home/user/.m2/repository/org/bouncycastle/bcpkix-jdk15on/1.60/bcpkix-jdk15on-1.60.jar:/home/user/.m2/repository/commons-validator/commons-validator/1.6/commons-validator-1.6.jar:/home/user/.m2/repository/commons-digester/commons-digester/1.8.1/commons-digester-1.8.1.jar:/home/user/.m2/repository/io/jaegertracing/jaeger-client/0.33.1/jaeger-client-0.33.1.jar:/home/user/.m2/repository/io/jaegertracing/jaeger-thrift/0.33.1/jaeger-thrift-0.33.1.jar:/home/user/.m2/repository/org/apache/thrift/libthrift/0.11.0/libthrift-0.11.0.jar:/home/user/.m2/repository/com/squareup/okhttp3/okhttp/3.9.0/okhttp-3.9.0.jar:/home/user/.m2/repository/com/squareup/okio/okio/1.13.0/okio-1.13.0.jar:/home/user/.m2/repository/io/jaegertracing/jaeger-core/0.33.1/jaeger-core-0.33.1.jar:/home/user/.m2/repository/io/jaegertracing/jaeger-tracerresolver/0.33.1/jaeger-tracerresolver-0.33.1.jar:/home/user/.m2/repository/io/opentracing/contrib/opentracing-tracerresolver/0.1.5/opentracing-tracerresolver-0.1.5.jar:/home/user/.m2/repository/io/opentracing/opentracing-util/0.31.0/opentracing-util-0.31.0.jar:/home/user/.m2/repository/io/opentracing/opentracing-api/0.31.0/opentracing-api-0.31.0.jar:/home/user/.m2/repository/io/opentracing/opentracing-noop/0.31.0/opentracing-noop-0.31.0.jar:/home/user/.m2/repository/org/apache/hadoop/hadoop-hdds-server-framework/0.4.1-SNAPSHOT/hadoop-hdds-server-framework-0.4.1-SNAPSHOT.jar:/home/user/.m2/repository/org/apache/hadoop/hadoop-hdds-container-service/0.4.1-SNAPSHOT/hadoop-hdds-container-service-0.4.1-SNAPSHOT.jar:/home/user/.m2/repository/org/apache/hadoop/hadoop-hdds-client/0.4.1-SNAPSHOT/hadoop-hdds-client-0.4.1-SNAPSHOT.jar:/home/user/.m2/repository/org/apache/hadoop/hadoop-hdds-tools/0.4.1-SNAPSHOT/hadoop-hdds-tools-0.4.1-SNAPSHOT.jar:/home/user/.m2/repository/org/apache/hadoop/hadoop-hdds-server-scm/0.4.1-SNAPSHOT/hadoop-hdds-server-scm-0.4.1-SNAPSHOT.jar:/home/user/.m2/repository/org/apache/hadoop/hadoop-hdds-docs/0.4.1-SNAPSHOT/hadoop-hdds-docs-0.4.1-SNAPSHOT.jar:/home/user/.m2/repository/io/dropwizard/metrics/metrics-core/3.2.4/metrics-core-3.2.4.jar:/home/user/.m2/repository/org/hamcrest/hamcrest-all/1.3/hamcrest-all-1.3.jar:/home/user/.m2/repository/org/bouncycastle/bcprov-jdk15on/1.60/bcprov-jdk15on-1.60.jar:/home/user/.m2/repository/info/picocli/picocli/3.9.6/picocli-3.9.6.jar:/home/user/.m2/repository/com/google/protobuf/protobuf-java/2.5.0/protobuf-java-2.5.0.jar:/home/user/.m2/repository/com/google/guava/guava/11.0.2/guava-11.0.2.jar:/home/user/.m2/repository/org/apache/hadoop/hadoop-ozone-ozone-manager/0.4.1-SNAPSHOT/hadoop-ozone-ozone-manager-0.4.1-SNAPSHOT.jar:/home/user/.m2/repository/org/apache/hadoop/hadoop-minikdc/3.2.0/hadoop-minikdc-3.2.0.jar:/home/user/.m2/repository/commons-io/commons-io/2.5/commons-io-2.5.jar:/home/user/.m2/repository/org/apache/kerby/kerb-simplekdc/1.0.1/kerb-simplekdc-1.0.1.jar:/home/user/.m2/repository/org/apache/kerby/kerb-client/1.0.1/kerb-client-1.0.1.jar:/home/user/.m2/repository/org/apache/kerby/kerby-config/1.0.1/kerby-config-1.0.1.jar:/home/user/.m2/repository/org/apache/kerby/kerb-core/1.0.1/kerb-core-1.0.1.jar:/home/user/.m2/repository/org/apache/kerby/kerby-pkix/1.0.1/kerby-pkix-1.0.1.jar:/home/user/.m2/repository/org/apache/kerby/kerby-asn1/1.0.1/kerby-asn1-1.0.1.jar:/home/user/.m2/repository/org/apache/kerby/kerby-util/1.0.1/kerby-util-1.0.1.jar:/home/user/.m2/repository/org/apache/kerby/kerb-common/1.0.1/kerb-common-1.0.1.jar:/home/user/.m2/repository/org/apache/kerby/kerb-crypto/1.0.1/kerb-crypto-1.0.1.jar:/home/user/.m2/repository/org/apache/kerby/kerb-util/1.0.1/kerb-util-1.0.1.jar:/home/user/.m2/repository/org/apache/kerby/token-provider/1.0.1/token-provider-1.0.1.jar:/home/user/.m2/repository/org/apache/kerby/kerb-admin/1.0.1/kerb-admin-1.0.1.jar:/home/user/.m2/repository/org/apache/kerby/kerb-server/1.0.1/kerb-server-1.0.1.jar:/home/user/.m2/repository/org/apache/kerby/kerb-identity/1.0.1/kerb-identity-1.0.1.jar:/home/user/.m2/repository/org/apache/kerby/kerby-xdr/1.0.1/kerby-xdr-1.0.1.jar:/home/user/.m2/repository/org/slf4j/slf4j-log4j12/1.7.25/slf4j-log4j12-1.7.25.jar:/home/user/.m2/repository/org/apache/hadoop/hadoop-ozone-objectstore-service/0.4.1-SNAPSHOT/hadoop-ozone-objectstore-service-0.4.1-SNAPSHOT.jar:/home/user/.m2/repository/org/apache/hadoop/hadoop-ozone-s3gateway/0.4.1-SNAPSHOT/hadoop-ozone-s3gateway-0.4.1-SNAPSHOT.jar:/home/user/.m2/repository/org/jboss/weld/servlet/weld-servlet/2.4.7.Final/weld-servlet-2.4.7.Final.jar:/home/user/.m2/repository/org/glassfish/jersey/containers/jersey-container-servlet-core/2.27/jersey-container-servlet-core-2.27.jar:/home/user/.m2/repository/org/glassfish/hk2/external/javax.inject/2.5.0-b42/javax.inject-2.5.0-b42.jar:/home/user/.m2/repository/org/glassfish/jersey/core/jersey-common/2.27/jersey-common-2.27.jar:/home/user/.m2/repository/org/glassfish/hk2/osgi-resource-locator/1.0.1/osgi-resource-locator-1.0.1.jar:/home/user/.m2/repository/javax/ws/rs/javax.ws.rs-api/2.1/javax.ws.rs-api-2.1.jar:/home/user/.m2/repository/org/glassfish/jersey/ext/cdi/jersey-cdi1x/2.27/jersey-cdi1x-2.27.jar:/home/user/.m2/repository/org/glassfish/jersey/inject/jersey-hk2/2.27/jersey-hk2-2.27.jar:/home/user/.m2/repository/org/glassfish/hk2/hk2-locator/2.5.0-b42/hk2-locator-2.5.0-b42.jar:/home/user/.m2/repository/org/javassist/javassist/3.22.0-CR2/javassist-3.22.0-CR2.jar:/home/user/.m2/repository/org/glassfish/hk2/hk2-api/2.5.0/hk2-api-2.5.0.jar:/home/user/.m2/repository/org/glassfish/hk2/external/jakarta.inject/2.5.0/jakarta.inject-2.5.0.jar:/home/user/.m2/repository/org/glassfish/hk2/hk2-utils/2.5.0/hk2-utils-2.5.0.jar:/home/user/.m2/repository/jakarta/annotation/jakarta.annotation-api/1.3.4/jakarta.annotation-api-1.3.4.jar:/home/user/.m2/repository/org/glassfish/hk2/external/aopalliance-repackaged/2.5.0/aopalliance-repackaged-2.5.0.jar:/home/user/.m2/repository/com/fasterxml/jackson/dataformat/jackson-dataformat-xml/2.9.0/jackson-dataformat-xml-2.9.0.jar:/home/user/.m2/repository/com/fasterxml/jackson/core/jackson-core/2.9.5/jackson-core-2.9.5.jar:/home/user/.m2/repository/com/fasterxml/jackson/module/jackson-module-jaxb-annotations/2.9.5/jackson-module-jaxb-annotations-2.9.5.jar:/home/user/.m2/repository/javax/enterprise/cdi-api/1.2/cdi-api-1.2.jar:/home/user/.m2/repository/javax/el/javax.el-api/3.0.0/javax.el-api-3.0.0.jar:/home/user/.m2/repository/javax/interceptor/javax.interceptor-api/1.2/javax.interceptor-api-1.2.jar:/home/user/.m2/repository/javax/inject/javax.inject/1/javax.inject-1.jar:/home/user/.m2/repository/com/sun/xml/bind/jaxb-impl/2.3.0.1/jaxb-impl-2.3.0.1.jar:/home/user/.m2/repository/com/sun/xml/bind/jaxb-core/2.3.0.1/jaxb-core-2.3.0.1.jar:/home/user/.m2/repository/javax/xml/bind/jaxb-api/2.3.0/jaxb-api-2.3.0.jar:/home/user/.m2/repository/javax/activation/activation/1.1.1/activation-1.1.1.jar:/home/user/.m2/repository/org/apache/hadoop/hadoop-ozone-csi/0.4.1-SNAPSHOT/hadoop-ozone-csi-0.4.1-SNAPSHOT.jar:/home/user/.m2/repository/com/google/protobuf/protobuf-java-util/3.5.1/protobuf-java-util-3.5.1.jar:/home/user/.m2/repository/org/apache/hadoop/hadoop-hdds-config/0.4.1-SNAPSHOT/hadoop-hdds-config-0.4.1-SNAPSHOT.jar:/home/user/.m2/repository/io/grpc/grpc-netty/1.17.1/grpc-netty-1.17.1.jar:/home/user/.m2/repository/io/grpc/grpc-core/1.17.1/grpc-core-1.17.1.jar:/home/user/.m2/repository/io/grpc/grpc-context/1.17.1/grpc-context-1.17.1.jar:/home/user/.m2/repository/com/google/errorprone/error_prone_annotations/2.2.0/error_prone_annotations-2.2.0.jar:/home/user/.m2/repository/org/codehaus/mojo/animal-sniffer-annotations/1.17/animal-sniffer-annotations-1.17.jar:/home/user/.m2/repository/io/opencensus/opencensus-api/0.17.0/opencensus-api-0.17.0.jar:/home/user/.m2/repository/io/opencensus/opencensus-contrib-grpc-metrics/0.17.0/opencensus-contrib-grpc-metrics-0.17.0.jar:/home/user/.m2/repository/io/netty/netty-codec-http2/4.1.30.Final/netty-codec-http2-4.1.30.Final.jar:/home/user/.m2/repository/io/netty/netty-codec-http/4.1.30.Final/netty-codec-http-4.1.30.Final.jar:/home/user/.m2/repository/io/netty/netty-codec/4.1.30.Final/netty-codec-4.1.30.Final.jar:/home/user/.m2/repository/io/netty/netty-handler/4.1.30.Final/netty-handler-4.1.30.Final.jar:/home/user/.m2/repository/io/netty/netty-handler-proxy/4.1.30.Final/netty-handler-proxy-4.1.30.Final.jar:/home/user/.m2/repository/io/netty/netty-codec-socks/4.1.30.Final/netty-codec-socks-4.1.30.Final.jar:/home/user/.m2/repository/io/netty/netty-transport-native-epoll/4.1.30.Final/netty-transport-native-epoll-4.1.30.Final.jar:/home/user/.m2/repository/io/netty/netty-common/4.1.30.Final/netty-common-4.1.30.Final.jar:/home/user/.m2/repository/io/netty/netty-buffer/4.1.30.Final/netty-buffer-4.1.30.Final.jar:/home/user/.m2/repository/io/netty/netty-transport/4.1.30.Final/netty-transport-4.1.30.Final.jar:/home/user/.m2/repository/io/netty/netty-resolver/4.1.30.Final/netty-resolver-4.1.30.Final.jar:/home/user/.m2/repository/io/netty/netty-transport-native-unix-common/4.1.30.Final/netty-transport-native-unix-common-4.1.30.Final.jar:/home/user/.m2/repository/io/grpc/grpc-protobuf/1.17.1/grpc-protobuf-1.17.1.jar:/home/user/.m2/repository/com/google/api/grpc/proto-google-common-protos/1.0.0/proto-google-common-protos-1.0.0.jar:/home/user/.m2/repository/io/grpc/grpc-protobuf-lite/1.17.1/grpc-protobuf-lite-1.17.1.jar:/home/user/.m2/repository/io/grpc/grpc-stub/1.17.1/grpc-stub-1.17.1.jar:/home/user/.m2/repository/org/apache/hadoop/hadoop-ozone-recon/0.4.1-SNAPSHOT/hadoop-ozone-recon-0.4.1-SNAPSHOT.jar:/home/user/.m2/repository/org/apache/hadoop/hadoop-ozone-reconcodegen/0.4.1-SNAPSHOT/hadoop-ozone-reconcodegen-0.4.1-SNAPSHOT.jar:/home/user/.m2/repository/com/google/inject/extensions/guice-multibindings/4.0/guice-multibindings-4.0.jar:/home/user/.m2/repository/com/google/inject/guice/4.0/guice-4.0.jar:/home/user/.m2/repository/aopalliance/aopalliance/1.0/aopalliance-1.0.jar:/home/user/.m2/repository/com/google/inject/extensions/guice-servlet/4.0/guice-servlet-4.0.jar:/home/user/.m2/repository/org/glassfish/jersey/containers/jersey-container-servlet/2.27/jersey-container-servlet-2.27.jar:/home/user/.m2/repository/org/glassfish/hk2/guice-bridge/2.5.0/guice-bridge-2.5.0.jar:/home/user/.m2/repository/org/glassfish/jersey/core/jersey-server/2.27/jersey-server-2.27.jar:/home/user/.m2/repository/org/glassfish/jersey/core/jersey-client/2.27/jersey-client-2.27.jar:/home/user/.m2/repository/org/glassfish/jersey/media/jersey-media-jaxb/2.27/jersey-media-jaxb-2.27.jar:/home/user/.m2/repository/javax/validation/validation-api/1.1.0.Final/validation-api-1.1.0.Final.jar:/home/user/.m2/repository/org/glassfish/jersey/media/jersey-media-json-jackson/2.27/jersey-media-json-jackson-2.27.jar:/home/user/.m2/repository/org/glassfish/jersey/ext/jersey-entity-filtering/2.27/jersey-entity-filtering-2.27.jar:/home/user/.m2/repository/com/google/inject/extensions/guice-assistedinject/4.0/guice-assistedinject-4.0.jar:/home/user/.m2/repository/org/jooq/jooq/3.11.10/jooq-3.11.10.jar:/home/user/.m2/repository/org/jooq/jooq-meta/3.11.10/jooq-meta-3.11.10.jar:/home/user/.m2/repository/org/jooq/jooq-codegen/3.11.10/jooq-codegen-3.11.10.jar:/home/user/.m2/repository/com/jolbox/bonecp/0.8.0.RELEASE/bonecp-0.8.0.RELEASE.jar:/home/user/.m2/repository/org/xerial/sqlite-jdbc/3.25.2/sqlite-jdbc-3.25.2.jar:/home/user/.m2/repository/org/springframework/spring-jdbc/5.1.3.RELEASE/spring-jdbc-5.1.3.RELEASE.jar:/home/user/.m2/repository/org/springframework/spring-beans/5.1.3.RELEASE/spring-beans-5.1.3.RELEASE.jar:/home/user/.m2/repository/org/springframework/spring-core/5.1.3.RELEASE/spring-core-5.1.3.RELEASE.jar:/home/user/.m2/repository/org/springframework/spring-jcl/5.1.3.RELEASE/spring-jcl-5.1.3.RELEASE.jar:/home/user/.m2/repository/org/springframework/spring-tx/5.1.3.RELEASE/spring-tx-5.1.3.RELEASE.jar:/home/user/.m2/repository/org/apache/hadoop/hadoop-ozone-client/0.4.1-SNAPSHOT/hadoop-ozone-client-0.4.1-SNAPSHOT.jar:/home/user/.m2/repository/commons-lang/commons-lang/2.6/commons-lang-2.6.jar:/home/user/.m2/repository/org/apache/hadoop/hadoop-ozone-ozone-manager/0.4.1-SNAPSHOT/hadoop-ozone-ozone-manager-0.4.1-SNAPSHOT-tests.jar:/home/user/.m2/repository/junit/junit/4.11/junit-4.11.jar:/home/user/.m2/repository/org/hamcrest/hamcrest-core/1.3/hamcrest-core-1.3.jar:/home/user/.m2/repository/org/openjdk/jmh/jmh-core/1.19/jmh-core-1.19.jar:/home/user/.m2/repository/net/sf/jopt-simple/jopt-simple/4.6/jopt-simple-4.6.jar:/home/user/.m2/repository/org/apache/commons/commons-math3/3.1.1/commons-math3-3.1.1.jar:/home/user/.m2/repository/org/openjdk/jmh/jmh-generator-annprocess/1.19/jmh-generator-annprocess-1.19.jar:/home/user/.m2/repository/org/mockito/mockito-all/1.8.5/mockito-all-1.8.5.jar:/home/user/.m2/repository/org/apache/hadoop/hadoop-kms/3.2.0/hadoop-kms-3.2.0.jar:/home/user/.m2/repository/org/apache/hadoop/hadoop-auth/3.2.0/hadoop-auth-3.2.0.jar:/home/user/.m2/repository/com/nimbusds/nimbus-jose-jwt/4.41.1/nimbus-jose-jwt-4.41.1.jar:/home/user/.m2/repository/com/github/stephenc/jcip/jcip-annotations/1.0-1/jcip-annotations-1.0-1.jar:/home/user/.m2/repository/net/minidev/json-smart/2.3/json-smart-2.3.jar:/home/user/.m2/repository/net/minidev/accessors-smart/1.2/accessors-smart-1.2.jar:/home/user/.m2/repository/org/ow2/asm/asm/5.0.4/asm-5.0.4.jar:/home/user/.m2/repository/org/apache/curator/curator-framework/2.12.0/curator-framework-2.12.0.jar:/home/user/.m2/repository/com/sun/jersey/jersey-core/1.19/jersey-core-1.19.jar:/home/user/.m2/repository/javax/ws/rs/jsr311-api/1.1.1/jsr311-api-1.1.1.jar:/home/user/.m2/repository/com/sun/jersey/jersey-server/1.19/jersey-server-1.19.jar:/home/user/.m2/repository/javax/servlet/javax.servlet-api/3.1.0/javax.servlet-api-3.1.0.jar:/home/user/.m2/repository/org/eclipse/jetty/jetty-server/9.3.24.v20180605/jetty-server-9.3.24.v20180605.jar:/home/user/.m2/repository/org/eclipse/jetty/jetty-http/9.3.24.v20180605/jetty-http-9.3.24.v20180605.jar:/home/user/.m2/repository/org/eclipse/jetty/jetty-io/9.3.24.v20180605/jetty-io-9.3.24.v20180605.jar:/home/user/.m2/repository/org/eclipse/jetty/jetty-webapp/9.3.24.v20180605/jetty-webapp-9.3.24.v20180605.jar:/home/user/.m2/repository/org/eclipse/jetty/jetty-xml/9.3.24.v20180605/jetty-xml-9.3.24.v20180605.jar:/home/user/.m2/repository/log4j/log4j/1.2.17/log4j-1.2.17.jar:/home/user/.m2/repository/org/slf4j/slf4j-api/1.7.25/slf4j-api-1.7.25.jar:/home/user/.m2/repository/org/slf4j/jul-to-slf4j/1.7.25/jul-to-slf4j-1.7.25.jar:/home/user/.m2/repository/org/eclipse/jetty/jetty-util/9.3.24.v20180605/jetty-util-9.3.24.v20180605.jar:/home/user/.m2/repository/com/fasterxml/jackson/core/jackson-databind/2.9.5/jackson-databind-2.9.5.jar:/home/user/.m2/repository/org/apache/hadoop/hadoop-kms/3.2.0/hadoop-kms-3.2.0-tests.jar:/home/user/.m2/repository/org/apache/hadoop/hadoop-hdds-server-scm/0.4.1-SNAPSHOT/hadoop-hdds-server-scm-0.4.1-SNAPSHOT-tests.jar:/home/user/.m2/repository/org/apache/hadoop/hadoop-hdds-container-service/0.4.1-SNAPSHOT/hadoop-hdds-container-service-0.4.1-SNAPSHOT-tests.jar:/home/user/.m2/repository/org/yaml/snakeyaml/1.16/snakeyaml-1.16.jar:/home/user/.m2/repository/org/apache/hadoop/hadoop-common/3.2.0/hadoop-common-3.2.0-tests.jar:/home/user/.m2/repository/org/apache/hadoop/hadoop-annotations/3.2.0/hadoop-annotations-3.2.0.jar:/usr/lib/jvm/java-1.8-openjdk/jre/../lib/tools.jar:/home/user/.m2/repository/commons-cli/commons-cli/1.2/commons-cli-1.2.jar:/home/user/.m2/repository/org/apache/httpcomponents/httpclient/4.5.2/httpclient-4.5.2.jar:/home/user/.m2/repository/org/apache/httpcomponents/httpcore/4.4.4/httpcore-4.4.4.jar:/home/user/.m2/repository/commons-codec/commons-codec/1.11/commons-codec-1.11.jar:/home/user/.m2/repository/commons-net/commons-net/3.6/commons-net-3.6.jar:/home/user/.m2/repository/commons-collections/commons-collections/3.2.2/commons-collections-3.2.2.jar:/home/user/.m2/repository/org/eclipse/jetty/jetty-servlet/9.3.24.v20180605/jetty-servlet-9.3.24.v20180605.jar:/home/user/.m2/repository/org/eclipse/jetty/jetty-security/9.3.24.v20180605/jetty-security-9.3.24.v20180605.jar:/home/user/.m2/repository/javax/servlet/jsp/jsp-api/2.1/jsp-api-2.1.jar:/home/user/.m2/repository/com/sun/jersey/jersey-servlet/1.19/jersey-servlet-1.19.jar:/home/user/.m2/repository/com/sun/jersey/jersey-json/1.19/jersey-json-1.19.jar:/home/user/.m2/repository/org/codehaus/jettison/jettison/1.1/jettison-1.1.jar:/home/user/.m2/repository/org/codehaus/jackson/jackson-core-asl/1.9.13/jackson-core-asl-1.9.13.jar:/home/user/.m2/repository/org/codehaus/jackson/jackson-mapper-asl/1.9.13/jackson-mapper-asl-1.9.13.jar:/home/user/.m2/repository/org/codehaus/jackson/jackson-jaxrs/1.9.13/jackson-jaxrs-1.9.13.jar:/home/user/.m2/repository/org/codehaus/jackson/jackson-xc/1.9.13/jackson-xc-1.9.13.jar:/home/user/.m2/repository/commons-logging/commons-logging/1.1.3/commons-logging-1.1.3.jar:/home/user/.m2/repository/commons-beanutils/commons-beanutils/1.9.3/commons-beanutils-1.9.3.jar:/home/user/.m2/repository/org/apache/commons/commons-configuration2/2.1.1/commons-configuration2-2.1.1.jar:/home/user/.m2/repository/org/apache/commons/commons-lang3/3.7/commons-lang3-3.7.jar:/home/user/.m2/repository/org/apache/commons/commons-text/1.4/commons-text-1.4.jar:/home/user/.m2/repository/org/apache/avro/avro/1.7.7/avro-1.7.7.jar:/home/user/.m2/repository/com/thoughtworks/paranamer/paranamer/2.3/paranamer-2.3.jar:/home/user/.m2/repository/org/xerial/snappy/snappy-java/1.0.5/snappy-java-1.0.5.jar:/home/user/.m2/repository/com/google/re2j/re2j/1.1/re2j-1.1.jar:/home/user/.m2/repository/com/google/code/gson/gson/2.2.4/gson-2.2.4.jar:/home/user/.m2/repository/com/jcraft/jsch/0.1.54/jsch-0.1.54.jar:/home/user/.m2/repository/org/apache/curator/curator-client/2.12.0/curator-client-2.12.0.jar:/home/user/.m2/repository/org/apache/curator/curator-recipes/2.12.0/curator-recipes-2.12.0.jar:/home/user/.m2/repository/com/google/code/findbugs/jsr305/3.0.0/jsr305-3.0.0.jar:/home/user/.m2/repository/org/apache/htrace/htrace-core4/4.1.0-incubating/htrace-core4-4.1.0-incubating.jar:/home/user/.m2/repository/org/apache/zookeeper/zookeeper/3.4.13/zookeeper-3.4.13.jar:/home/user/.m2/repository/org/apache/yetus/audience-annotations/0.5.0/audience-annotations-0.5.0.jar:/home/user/.m2/repository/org/codehaus/woodstox/stax2-api/3.1.4/stax2-api-3.1.4.jar:/home/user/.m2/repository/com/fasterxml/woodstox/woodstox-core/5.0.3/woodstox-core-5.0.3.jar:/home/user/.m2/repository/dnsjava/dnsjava/2.1.7/dnsjava-2.1.7.jar:/home/user/.m2/repository/org/apache/hadoop/hadoop-hdfs/3.2.0/hadoop-hdfs-3.2.0-tests.jar:/home/user/.m2/repository/org/eclipse/jetty/jetty-util-ajax/9.3.24.v20180605/jetty-util-ajax-9.3.24.v20180605.jar:/home/user/.m2/repository/commons-daemon/commons-daemon/1.0.13/commons-daemon-1.0.13.jar:/home/user/.m2/repository/io/netty/netty/3.10.5.Final/netty-3.10.5.Final.jar:/home/user/.m2/repository/io/netty/netty-all/4.0.52.Final/netty-all-4.0.52.Final.jar:/home/user/.m2/repository/org/fusesource/leveldbjni/leveldbjni-all/1.8/leveldbjni-all-1.8.jar:"/>
    <property name="java.vm.vendor" value="IcedTea"/>
    <property name="sun.arch.data.model" value="64"/>
    <property name="test.build.dir" value="/workdir/hadoop-ozone/integration-test/target/test-dir"/>
    <property name="test.cache.data" value=""/>
    <property name="java.vendor.url" value="https://icedtea.classpath.org"/>
    <property name="user.timezone" value=""/>
    <property name="java.vm.specification.version" value="1.8"/>
    <property name="os.name" value="Linux"/>
    <property name="test.build.data" value="/workdir/hadoop-ozone/integration-test/target/test-dir"/>
    <property name="user.country" value="US"/>
    <property name="sun.java.launcher" value="SUN_STANDARD"/>
    <property name="sun.boot.library.path" value="/usr/lib/jvm/java-1.8-openjdk/jre/lib/amd64"/>
    <property name="sun.java.command" value="/workdir/hadoop-ozone/integration-test/target/surefire/surefirebooter4404357089186725725.jar /workdir/hadoop-ozone/integration-test/target/surefire 2019-08-10T03-12-53_133-jvmRun1 surefire7172085115642545666tmp surefire_55302129448093085605tmp"/>
    <property name="surefire.test.class.path" value="/workdir/hadoop-ozone/integration-test/target/test-classes:/workdir/hadoop-ozone/integration-test/target/classes:/home/user/.m2/repository/org/apache/hadoop/hadoop-ozone-common/0.4.1-SNAPSHOT/hadoop-ozone-common-0.4.1-SNAPSHOT.jar:/home/user/.m2/repository/org/apache/commons/commons-compress/1.4.1/commons-compress-1.4.1.jar:/home/user/.m2/repository/org/tukaani/xz/1.0/xz-1.0.jar:/home/user/.m2/repository/org/apache/hadoop/hadoop-common/3.2.0/hadoop-common-3.2.0.jar:/home/user/.m2/repository/org/apache/hadoop/hadoop-hdfs/3.2.0/hadoop-hdfs-3.2.0.jar:/home/user/.m2/repository/org/apache/hadoop/hadoop-hdfs-client/3.2.0/hadoop-hdfs-client-3.2.0.jar:/home/user/.m2/repository/com/fasterxml/jackson/core/jackson-annotations/2.9.5/jackson-annotations-2.9.5.jar:/home/user/.m2/repository/org/apache/hadoop/hadoop-hdds-common/0.4.1-SNAPSHOT/hadoop-hdds-common-0.4.1-SNAPSHOT.jar:/home/user/.m2/repository/javax/annotation/javax.annotation-api/1.2/javax.annotation-api-1.2.jar:/home/user/.m2/repository/org/apache/ratis/ratis-server/0.4.0-2337318-SNAPSHOT/ratis-server-0.4.0-2337318-SNAPSHOT.jar:/home/user/.m2/repository/org/apache/ratis/ratis-thirdparty-misc/0.2.0/ratis-thirdparty-misc-0.2.0.jar:/home/user/.m2/repository/org/apache/ratis/ratis-proto/0.4.0-2337318-SNAPSHOT/ratis-proto-0.4.0-2337318-SNAPSHOT.jar:/home/user/.m2/repository/org/apache/ratis/ratis-common/0.4.0-2337318-SNAPSHOT/ratis-common-0.4.0-2337318-SNAPSHOT.jar:/home/user/.m2/repository/org/apache/ratis/ratis-client/0.4.0-2337318-SNAPSHOT/ratis-client-0.4.0-2337318-SNAPSHOT.jar:/home/user/.m2/repository/org/apache/ratis/ratis-metrics/0.4.0-2337318-SNAPSHOT/ratis-metrics-0.4.0-2337318-SNAPSHOT.jar:/home/user/.m2/repository/org/apache/ratis/ratis-netty/0.4.0-2337318-SNAPSHOT/ratis-netty-0.4.0-2337318-SNAPSHOT.jar:/home/user/.m2/repository/org/apache/ratis/ratis-grpc/0.4.0-2337318-SNAPSHOT/ratis-grpc-0.4.0-2337318-SNAPSHOT.jar:/home/user/.m2/repository/org/rocksdb/rocksdbjni/6.0.1/rocksdbjni-6.0.1.jar:/home/user/.m2/repository/org/apache/logging/log4j/log4j-api/2.11.0/log4j-api-2.11.0.jar:/home/user/.m2/repository/org/apache/logging/log4j/log4j-core/2.11.0/log4j-core-2.11.0.jar:/home/user/.m2/repository/com/lmax/disruptor/3.4.2/disruptor-3.4.2.jar:/home/user/.m2/repository/org/apache/commons/commons-pool2/2.6.0/commons-pool2-2.6.0.jar:/home/user/.m2/repository/org/bouncycastle/bcpkix-jdk15on/1.60/bcpkix-jdk15on-1.60.jar:/home/user/.m2/repository/commons-validator/commons-validator/1.6/commons-validator-1.6.jar:/home/user/.m2/repository/commons-digester/commons-digester/1.8.1/commons-digester-1.8.1.jar:/home/user/.m2/repository/io/jaegertracing/jaeger-client/0.33.1/jaeger-client-0.33.1.jar:/home/user/.m2/repository/io/jaegertracing/jaeger-thrift/0.33.1/jaeger-thrift-0.33.1.jar:/home/user/.m2/repository/org/apache/thrift/libthrift/0.11.0/libthrift-0.11.0.jar:/home/user/.m2/repository/com/squareup/okhttp3/okhttp/3.9.0/okhttp-3.9.0.jar:/home/user/.m2/repository/com/squareup/okio/okio/1.13.0/okio-1.13.0.jar:/home/user/.m2/repository/io/jaegertracing/jaeger-core/0.33.1/jaeger-core-0.33.1.jar:/home/user/.m2/repository/io/jaegertracing/jaeger-tracerresolver/0.33.1/jaeger-tracerresolver-0.33.1.jar:/home/user/.m2/repository/io/opentracing/contrib/opentracing-tracerresolver/0.1.5/opentracing-tracerresolver-0.1.5.jar:/home/user/.m2/repository/io/opentracing/opentracing-util/0.31.0/opentracing-util-0.31.0.jar:/home/user/.m2/repository/io/opentracing/opentracing-api/0.31.0/opentracing-api-0.31.0.jar:/home/user/.m2/repository/io/opentracing/opentracing-noop/0.31.0/opentracing-noop-0.31.0.jar:/home/user/.m2/repository/org/apache/hadoop/hadoop-hdds-server-framework/0.4.1-SNAPSHOT/hadoop-hdds-server-framework-0.4.1-SNAPSHOT.jar:/home/user/.m2/repository/org/apache/hadoop/hadoop-hdds-container-service/0.4.1-SNAPSHOT/hadoop-hdds-container-service-0.4.1-SNAPSHOT.jar:/home/user/.m2/repository/org/apache/hadoop/hadoop-hdds-client/0.4.1-SNAPSHOT/hadoop-hdds-client-0.4.1-SNAPSHOT.jar:/home/user/.m2/repository/org/apache/hadoop/hadoop-hdds-tools/0.4.1-SNAPSHOT/hadoop-hdds-tools-0.4.1-SNAPSHOT.jar:/home/user/.m2/repository/org/apache/hadoop/hadoop-hdds-server-scm/0.4.1-SNAPSHOT/hadoop-hdds-server-scm-0.4.1-SNAPSHOT.jar:/home/user/.m2/repository/org/apache/hadoop/hadoop-hdds-docs/0.4.1-SNAPSHOT/hadoop-hdds-docs-0.4.1-SNAPSHOT.jar:/home/user/.m2/repository/io/dropwizard/metrics/metrics-core/3.2.4/metrics-core-3.2.4.jar:/home/user/.m2/repository/org/hamcrest/hamcrest-all/1.3/hamcrest-all-1.3.jar:/home/user/.m2/repository/org/bouncycastle/bcprov-jdk15on/1.60/bcprov-jdk15on-1.60.jar:/home/user/.m2/repository/info/picocli/picocli/3.9.6/picocli-3.9.6.jar:/home/user/.m2/repository/com/google/protobuf/protobuf-java/2.5.0/protobuf-java-2.5.0.jar:/home/user/.m2/repository/com/google/guava/guava/11.0.2/guava-11.0.2.jar:/home/user/.m2/repository/org/apache/hadoop/hadoop-ozone-ozone-manager/0.4.1-SNAPSHOT/hadoop-ozone-ozone-manager-0.4.1-SNAPSHOT.jar:/home/user/.m2/repository/org/apache/hadoop/hadoop-minikdc/3.2.0/hadoop-minikdc-3.2.0.jar:/home/user/.m2/repository/commons-io/commons-io/2.5/commons-io-2.5.jar:/home/user/.m2/repository/org/apache/kerby/kerb-simplekdc/1.0.1/kerb-simplekdc-1.0.1.jar:/home/user/.m2/repository/org/apache/kerby/kerb-client/1.0.1/kerb-client-1.0.1.jar:/home/user/.m2/repository/org/apache/kerby/kerby-config/1.0.1/kerby-config-1.0.1.jar:/home/user/.m2/repository/org/apache/kerby/kerb-core/1.0.1/kerb-core-1.0.1.jar:/home/user/.m2/repository/org/apache/kerby/kerby-pkix/1.0.1/kerby-pkix-1.0.1.jar:/home/user/.m2/repository/org/apache/kerby/kerby-asn1/1.0.1/kerby-asn1-1.0.1.jar:/home/user/.m2/repository/org/apache/kerby/kerby-util/1.0.1/kerby-util-1.0.1.jar:/home/user/.m2/repository/org/apache/kerby/kerb-common/1.0.1/kerb-common-1.0.1.jar:/home/user/.m2/repository/org/apache/kerby/kerb-crypto/1.0.1/kerb-crypto-1.0.1.jar:/home/user/.m2/repository/org/apache/kerby/kerb-util/1.0.1/kerb-util-1.0.1.jar:/home/user/.m2/repository/org/apache/kerby/token-provider/1.0.1/token-provider-1.0.1.jar:/home/user/.m2/repository/org/apache/kerby/kerb-admin/1.0.1/kerb-admin-1.0.1.jar:/home/user/.m2/repository/org/apache/kerby/kerb-server/1.0.1/kerb-server-1.0.1.jar:/home/user/.m2/repository/org/apache/kerby/kerb-identity/1.0.1/kerb-identity-1.0.1.jar:/home/user/.m2/repository/org/apache/kerby/kerby-xdr/1.0.1/kerby-xdr-1.0.1.jar:/home/user/.m2/repository/org/slf4j/slf4j-log4j12/1.7.25/slf4j-log4j12-1.7.25.jar:/home/user/.m2/repository/org/apache/hadoop/hadoop-ozone-objectstore-service/0.4.1-SNAPSHOT/hadoop-ozone-objectstore-service-0.4.1-SNAPSHOT.jar:/home/user/.m2/repository/org/apache/hadoop/hadoop-ozone-s3gateway/0.4.1-SNAPSHOT/hadoop-ozone-s3gateway-0.4.1-SNAPSHOT.jar:/home/user/.m2/repository/org/jboss/weld/servlet/weld-servlet/2.4.7.Final/weld-servlet-2.4.7.Final.jar:/home/user/.m2/repository/org/glassfish/jersey/containers/jersey-container-servlet-core/2.27/jersey-container-servlet-core-2.27.jar:/home/user/.m2/repository/org/glassfish/hk2/external/javax.inject/2.5.0-b42/javax.inject-2.5.0-b42.jar:/home/user/.m2/repository/org/glassfish/jersey/core/jersey-common/2.27/jersey-common-2.27.jar:/home/user/.m2/repository/org/glassfish/hk2/osgi-resource-locator/1.0.1/osgi-resource-locator-1.0.1.jar:/home/user/.m2/repository/javax/ws/rs/javax.ws.rs-api/2.1/javax.ws.rs-api-2.1.jar:/home/user/.m2/repository/org/glassfish/jersey/ext/cdi/jersey-cdi1x/2.27/jersey-cdi1x-2.27.jar:/home/user/.m2/repository/org/glassfish/jersey/inject/jersey-hk2/2.27/jersey-hk2-2.27.jar:/home/user/.m2/repository/org/glassfish/hk2/hk2-locator/2.5.0-b42/hk2-locator-2.5.0-b42.jar:/home/user/.m2/repository/org/javassist/javassist/3.22.0-CR2/javassist-3.22.0-CR2.jar:/home/user/.m2/repository/org/glassfish/hk2/hk2-api/2.5.0/hk2-api-2.5.0.jar:/home/user/.m2/repository/org/glassfish/hk2/external/jakarta.inject/2.5.0/jakarta.inject-2.5.0.jar:/home/user/.m2/repository/org/glassfish/hk2/hk2-utils/2.5.0/hk2-utils-2.5.0.jar:/home/user/.m2/repository/jakarta/annotation/jakarta.annotation-api/1.3.4/jakarta.annotation-api-1.3.4.jar:/home/user/.m2/repository/org/glassfish/hk2/external/aopalliance-repackaged/2.5.0/aopalliance-repackaged-2.5.0.jar:/home/user/.m2/repository/com/fasterxml/jackson/dataformat/jackson-dataformat-xml/2.9.0/jackson-dataformat-xml-2.9.0.jar:/home/user/.m2/repository/com/fasterxml/jackson/core/jackson-core/2.9.5/jackson-core-2.9.5.jar:/home/user/.m2/repository/com/fasterxml/jackson/module/jackson-module-jaxb-annotations/2.9.5/jackson-module-jaxb-annotations-2.9.5.jar:/home/user/.m2/repository/javax/enterprise/cdi-api/1.2/cdi-api-1.2.jar:/home/user/.m2/repository/javax/el/javax.el-api/3.0.0/javax.el-api-3.0.0.jar:/home/user/.m2/repository/javax/interceptor/javax.interceptor-api/1.2/javax.interceptor-api-1.2.jar:/home/user/.m2/repository/javax/inject/javax.inject/1/javax.inject-1.jar:/home/user/.m2/repository/com/sun/xml/bind/jaxb-impl/2.3.0.1/jaxb-impl-2.3.0.1.jar:/home/user/.m2/repository/com/sun/xml/bind/jaxb-core/2.3.0.1/jaxb-core-2.3.0.1.jar:/home/user/.m2/repository/javax/xml/bind/jaxb-api/2.3.0/jaxb-api-2.3.0.jar:/home/user/.m2/repository/javax/activation/activation/1.1.1/activation-1.1.1.jar:/home/user/.m2/repository/org/apache/hadoop/hadoop-ozone-csi/0.4.1-SNAPSHOT/hadoop-ozone-csi-0.4.1-SNAPSHOT.jar:/home/user/.m2/repository/com/google/protobuf/protobuf-java-util/3.5.1/protobuf-java-util-3.5.1.jar:/home/user/.m2/repository/org/apache/hadoop/hadoop-hdds-config/0.4.1-SNAPSHOT/hadoop-hdds-config-0.4.1-SNAPSHOT.jar:/home/user/.m2/repository/io/grpc/grpc-netty/1.17.1/grpc-netty-1.17.1.jar:/home/user/.m2/repository/io/grpc/grpc-core/1.17.1/grpc-core-1.17.1.jar:/home/user/.m2/repository/io/grpc/grpc-context/1.17.1/grpc-context-1.17.1.jar:/home/user/.m2/repository/com/google/errorprone/error_prone_annotations/2.2.0/error_prone_annotations-2.2.0.jar:/home/user/.m2/repository/org/codehaus/mojo/animal-sniffer-annotations/1.17/animal-sniffer-annotations-1.17.jar:/home/user/.m2/repository/io/opencensus/opencensus-api/0.17.0/opencensus-api-0.17.0.jar:/home/user/.m2/repository/io/opencensus/opencensus-contrib-grpc-metrics/0.17.0/opencensus-contrib-grpc-metrics-0.17.0.jar:/home/user/.m2/repository/io/netty/netty-codec-http2/4.1.30.Final/netty-codec-http2-4.1.30.Final.jar:/home/user/.m2/repository/io/netty/netty-codec-http/4.1.30.Final/netty-codec-http-4.1.30.Final.jar:/home/user/.m2/repository/io/netty/netty-codec/4.1.30.Final/netty-codec-4.1.30.Final.jar:/home/user/.m2/repository/io/netty/netty-handler/4.1.30.Final/netty-handler-4.1.30.Final.jar:/home/user/.m2/repository/io/netty/netty-handler-proxy/4.1.30.Final/netty-handler-proxy-4.1.30.Final.jar:/home/user/.m2/repository/io/netty/netty-codec-socks/4.1.30.Final/netty-codec-socks-4.1.30.Final.jar:/home/user/.m2/repository/io/netty/netty-transport-native-epoll/4.1.30.Final/netty-transport-native-epoll-4.1.30.Final.jar:/home/user/.m2/repository/io/netty/netty-common/4.1.30.Final/netty-common-4.1.30.Final.jar:/home/user/.m2/repository/io/netty/netty-buffer/4.1.30.Final/netty-buffer-4.1.30.Final.jar:/home/user/.m2/repository/io/netty/netty-transport/4.1.30.Final/netty-transport-4.1.30.Final.jar:/home/user/.m2/repository/io/netty/netty-resolver/4.1.30.Final/netty-resolver-4.1.30.Final.jar:/home/user/.m2/repository/io/netty/netty-transport-native-unix-common/4.1.30.Final/netty-transport-native-unix-common-4.1.30.Final.jar:/home/user/.m2/repository/io/grpc/grpc-protobuf/1.17.1/grpc-protobuf-1.17.1.jar:/home/user/.m2/repository/com/google/api/grpc/proto-google-common-protos/1.0.0/proto-google-common-protos-1.0.0.jar:/home/user/.m2/repository/io/grpc/grpc-protobuf-lite/1.17.1/grpc-protobuf-lite-1.17.1.jar:/home/user/.m2/repository/io/grpc/grpc-stub/1.17.1/grpc-stub-1.17.1.jar:/home/user/.m2/repository/org/apache/hadoop/hadoop-ozone-recon/0.4.1-SNAPSHOT/hadoop-ozone-recon-0.4.1-SNAPSHOT.jar:/home/user/.m2/repository/org/apache/hadoop/hadoop-ozone-reconcodegen/0.4.1-SNAPSHOT/hadoop-ozone-reconcodegen-0.4.1-SNAPSHOT.jar:/home/user/.m2/repository/com/google/inject/extensions/guice-multibindings/4.0/guice-multibindings-4.0.jar:/home/user/.m2/repository/com/google/inject/guice/4.0/guice-4.0.jar:/home/user/.m2/repository/aopalliance/aopalliance/1.0/aopalliance-1.0.jar:/home/user/.m2/repository/com/google/inject/extensions/guice-servlet/4.0/guice-servlet-4.0.jar:/home/user/.m2/repository/org/glassfish/jersey/containers/jersey-container-servlet/2.27/jersey-container-servlet-2.27.jar:/home/user/.m2/repository/org/glassfish/hk2/guice-bridge/2.5.0/guice-bridge-2.5.0.jar:/home/user/.m2/repository/org/glassfish/jersey/core/jersey-server/2.27/jersey-server-2.27.jar:/home/user/.m2/repository/org/glassfish/jersey/core/jersey-client/2.27/jersey-client-2.27.jar:/home/user/.m2/repository/org/glassfish/jersey/media/jersey-media-jaxb/2.27/jersey-media-jaxb-2.27.jar:/home/user/.m2/repository/javax/validation/validation-api/1.1.0.Final/validation-api-1.1.0.Final.jar:/home/user/.m2/repository/org/glassfish/jersey/media/jersey-media-json-jackson/2.27/jersey-media-json-jackson-2.27.jar:/home/user/.m2/repository/org/glassfish/jersey/ext/jersey-entity-filtering/2.27/jersey-entity-filtering-2.27.jar:/home/user/.m2/repository/com/google/inject/extensions/guice-assistedinject/4.0/guice-assistedinject-4.0.jar:/home/user/.m2/repository/org/jooq/jooq/3.11.10/jooq-3.11.10.jar:/home/user/.m2/repository/org/jooq/jooq-meta/3.11.10/jooq-meta-3.11.10.jar:/home/user/.m2/repository/org/jooq/jooq-codegen/3.11.10/jooq-codegen-3.11.10.jar:/home/user/.m2/repository/com/jolbox/bonecp/0.8.0.RELEASE/bonecp-0.8.0.RELEASE.jar:/home/user/.m2/repository/org/xerial/sqlite-jdbc/3.25.2/sqlite-jdbc-3.25.2.jar:/home/user/.m2/repository/org/springframework/spring-jdbc/5.1.3.RELEASE/spring-jdbc-5.1.3.RELEASE.jar:/home/user/.m2/repository/org/springframework/spring-beans/5.1.3.RELEASE/spring-beans-5.1.3.RELEASE.jar:/home/user/.m2/repository/org/springframework/spring-core/5.1.3.RELEASE/spring-core-5.1.3.RELEASE.jar:/home/user/.m2/repository/org/springframework/spring-jcl/5.1.3.RELEASE/spring-jcl-5.1.3.RELEASE.jar:/home/user/.m2/repository/org/springframework/spring-tx/5.1.3.RELEASE/spring-tx-5.1.3.RELEASE.jar:/home/user/.m2/repository/org/apache/hadoop/hadoop-ozone-client/0.4.1-SNAPSHOT/hadoop-ozone-client-0.4.1-SNAPSHOT.jar:/home/user/.m2/repository/commons-lang/commons-lang/2.6/commons-lang-2.6.jar:/home/user/.m2/repository/org/apache/hadoop/hadoop-ozone-ozone-manager/0.4.1-SNAPSHOT/hadoop-ozone-ozone-manager-0.4.1-SNAPSHOT-tests.jar:/home/user/.m2/repository/junit/junit/4.11/junit-4.11.jar:/home/user/.m2/repository/org/hamcrest/hamcrest-core/1.3/hamcrest-core-1.3.jar:/home/user/.m2/repository/org/openjdk/jmh/jmh-core/1.19/jmh-core-1.19.jar:/home/user/.m2/repository/net/sf/jopt-simple/jopt-simple/4.6/jopt-simple-4.6.jar:/home/user/.m2/repository/org/apache/commons/commons-math3/3.1.1/commons-math3-3.1.1.jar:/home/user/.m2/repository/org/openjdk/jmh/jmh-generator-annprocess/1.19/jmh-generator-annprocess-1.19.jar:/home/user/.m2/repository/org/mockito/mockito-all/1.8.5/mockito-all-1.8.5.jar:/home/user/.m2/repository/org/apache/hadoop/hadoop-kms/3.2.0/hadoop-kms-3.2.0.jar:/home/user/.m2/repository/org/apache/hadoop/hadoop-auth/3.2.0/hadoop-auth-3.2.0.jar:/home/user/.m2/repository/com/nimbusds/nimbus-jose-jwt/4.41.1/nimbus-jose-jwt-4.41.1.jar:/home/user/.m2/repository/com/github/stephenc/jcip/jcip-annotations/1.0-1/jcip-annotations-1.0-1.jar:/home/user/.m2/repository/net/minidev/json-smart/2.3/json-smart-2.3.jar:/home/user/.m2/repository/net/minidev/accessors-smart/1.2/accessors-smart-1.2.jar:/home/user/.m2/repository/org/ow2/asm/asm/5.0.4/asm-5.0.4.jar:/home/user/.m2/repository/org/apache/curator/curator-framework/2.12.0/curator-framework-2.12.0.jar:/home/user/.m2/repository/com/sun/jersey/jersey-core/1.19/jersey-core-1.19.jar:/home/user/.m2/repository/javax/ws/rs/jsr311-api/1.1.1/jsr311-api-1.1.1.jar:/home/user/.m2/repository/com/sun/jersey/jersey-server/1.19/jersey-server-1.19.jar:/home/user/.m2/repository/javax/servlet/javax.servlet-api/3.1.0/javax.servlet-api-3.1.0.jar:/home/user/.m2/repository/org/eclipse/jetty/jetty-server/9.3.24.v20180605/jetty-server-9.3.24.v20180605.jar:/home/user/.m2/repository/org/eclipse/jetty/jetty-http/9.3.24.v20180605/jetty-http-9.3.24.v20180605.jar:/home/user/.m2/repository/org/eclipse/jetty/jetty-io/9.3.24.v20180605/jetty-io-9.3.24.v20180605.jar:/home/user/.m2/repository/org/eclipse/jetty/jetty-webapp/9.3.24.v20180605/jetty-webapp-9.3.24.v20180605.jar:/home/user/.m2/repository/org/eclipse/jetty/jetty-xml/9.3.24.v20180605/jetty-xml-9.3.24.v20180605.jar:/home/user/.m2/repository/log4j/log4j/1.2.17/log4j-1.2.17.jar:/home/user/.m2/repository/org/slf4j/slf4j-api/1.7.25/slf4j-api-1.7.25.jar:/home/user/.m2/repository/org/slf4j/jul-to-slf4j/1.7.25/jul-to-slf4j-1.7.25.jar:/home/user/.m2/repository/org/eclipse/jetty/jetty-util/9.3.24.v20180605/jetty-util-9.3.24.v20180605.jar:/home/user/.m2/repository/com/fasterxml/jackson/core/jackson-databind/2.9.5/jackson-databind-2.9.5.jar:/home/user/.m2/repository/org/apache/hadoop/hadoop-kms/3.2.0/hadoop-kms-3.2.0-tests.jar:/home/user/.m2/repository/org/apache/hadoop/hadoop-hdds-server-scm/0.4.1-SNAPSHOT/hadoop-hdds-server-scm-0.4.1-SNAPSHOT-tests.jar:/home/user/.m2/repository/org/apache/hadoop/hadoop-hdds-container-service/0.4.1-SNAPSHOT/hadoop-hdds-container-service-0.4.1-SNAPSHOT-tests.jar:/home/user/.m2/repository/org/yaml/snakeyaml/1.16/snakeyaml-1.16.jar:/home/user/.m2/repository/org/apache/hadoop/hadoop-common/3.2.0/hadoop-common-3.2.0-tests.jar:/home/user/.m2/repository/org/apache/hadoop/hadoop-annotations/3.2.0/hadoop-annotations-3.2.0.jar:/usr/lib/jvm/java-1.8-openjdk/jre/../lib/tools.jar:/home/user/.m2/repository/commons-cli/commons-cli/1.2/commons-cli-1.2.jar:/home/user/.m2/repository/org/apache/httpcomponents/httpclient/4.5.2/httpclient-4.5.2.jar:/home/user/.m2/repository/org/apache/httpcomponents/httpcore/4.4.4/httpcore-4.4.4.jar:/home/user/.m2/repository/commons-codec/commons-codec/1.11/commons-codec-1.11.jar:/home/user/.m2/repository/commons-net/commons-net/3.6/commons-net-3.6.jar:/home/user/.m2/repository/commons-collections/commons-collections/3.2.2/commons-collections-3.2.2.jar:/home/user/.m2/repository/org/eclipse/jetty/jetty-servlet/9.3.24.v20180605/jetty-servlet-9.3.24.v20180605.jar:/home/user/.m2/repository/org/eclipse/jetty/jetty-security/9.3.24.v20180605/jetty-security-9.3.24.v20180605.jar:/home/user/.m2/repository/javax/servlet/jsp/jsp-api/2.1/jsp-api-2.1.jar:/home/user/.m2/repository/com/sun/jersey/jersey-servlet/1.19/jersey-servlet-1.19.jar:/home/user/.m2/repository/com/sun/jersey/jersey-json/1.19/jersey-json-1.19.jar:/home/user/.m2/repository/org/codehaus/jettison/jettison/1.1/jettison-1.1.jar:/home/user/.m2/repository/org/codehaus/jackson/jackson-core-asl/1.9.13/jackson-core-asl-1.9.13.jar:/home/user/.m2/repository/org/codehaus/jackson/jackson-mapper-asl/1.9.13/jackson-mapper-asl-1.9.13.jar:/home/user/.m2/repository/org/codehaus/jackson/jackson-jaxrs/1.9.13/jackson-jaxrs-1.9.13.jar:/home/user/.m2/repository/org/codehaus/jackson/jackson-xc/1.9.13/jackson-xc-1.9.13.jar:/home/user/.m2/repository/commons-logging/commons-logging/1.1.3/commons-logging-1.1.3.jar:/home/user/.m2/repository/commons-beanutils/commons-beanutils/1.9.3/commons-beanutils-1.9.3.jar:/home/user/.m2/repository/org/apache/commons/commons-configuration2/2.1.1/commons-configuration2-2.1.1.jar:/home/user/.m2/repository/org/apache/commons/commons-lang3/3.7/commons-lang3-3.7.jar:/home/user/.m2/repository/org/apache/commons/commons-text/1.4/commons-text-1.4.jar:/home/user/.m2/repository/org/apache/avro/avro/1.7.7/avro-1.7.7.jar:/home/user/.m2/repository/com/thoughtworks/paranamer/paranamer/2.3/paranamer-2.3.jar:/home/user/.m2/repository/org/xerial/snappy/snappy-java/1.0.5/snappy-java-1.0.5.jar:/home/user/.m2/repository/com/google/re2j/re2j/1.1/re2j-1.1.jar:/home/user/.m2/repository/com/google/code/gson/gson/2.2.4/gson-2.2.4.jar:/home/user/.m2/repository/com/jcraft/jsch/0.1.54/jsch-0.1.54.jar:/home/user/.m2/repository/org/apache/curator/curator-client/2.12.0/curator-client-2.12.0.jar:/home/user/.m2/repository/org/apache/curator/curator-recipes/2.12.0/curator-recipes-2.12.0.jar:/home/user/.m2/repository/com/google/code/findbugs/jsr305/3.0.0/jsr305-3.0.0.jar:/home/user/.m2/repository/org/apache/htrace/htrace-core4/4.1.0-incubating/htrace-core4-4.1.0-incubating.jar:/home/user/.m2/repository/org/apache/zookeeper/zookeeper/3.4.13/zookeeper-3.4.13.jar:/home/user/.m2/repository/org/apache/yetus/audience-annotations/0.5.0/audience-annotations-0.5.0.jar:/home/user/.m2/repository/org/codehaus/woodstox/stax2-api/3.1.4/stax2-api-3.1.4.jar:/home/user/.m2/repository/com/fasterxml/woodstox/woodstox-core/5.0.3/woodstox-core-5.0.3.jar:/home/user/.m2/repository/dnsjava/dnsjava/2.1.7/dnsjava-2.1.7.jar:/home/user/.m2/repository/org/apache/hadoop/hadoop-hdfs/3.2.0/hadoop-hdfs-3.2.0-tests.jar:/home/user/.m2/repository/org/eclipse/jetty/jetty-util-ajax/9.3.24.v20180605/jetty-util-ajax-9.3.24.v20180605.jar:/home/user/.m2/repository/commons-daemon/commons-daemon/1.0.13/commons-daemon-1.0.13.jar:/home/user/.m2/repository/io/netty/netty/3.10.5.Final/netty-3.10.5.Final.jar:/home/user/.m2/repository/io/netty/netty-all/4.0.52.Final/netty-all-4.0.52.Final.jar:/home/user/.m2/repository/org/fusesource/leveldbjni/leveldbjni-all/1.8/leveldbjni-all-1.8.jar:"/>
    <property name="sun.cpu.endian" value="little"/>
    <property name="user.home" value="/home/user"/>
    <property name="user.language" value="en"/>
    <property name="java.specification.vendor" value="Oracle Corporation"/>
    <property name="java.home" value="/usr/lib/jvm/java-1.8-openjdk/jre"/>
    <property name="java.security.krb5.conf" value="/workdir/hadoop-ozone/integration-test/target/test-classes/krb5.conf"/>
    <property name="basedir" value="/workdir/hadoop-ozone/integration-test"/>
    <property name="file.separator" value="/"/>
    <property name="line.separator" value="&#10;"/>
    <property name="java.vm.specification.vendor" value="Oracle Corporation"/>
    <property name="java.specification.name" value="Java Platform API Specification"/>
    <property name="java.awt.graphicsenv" value="sun.awt.X11GraphicsEnvironment"/>
    <property name="surefire.real.class.path" value="/workdir/hadoop-ozone/integration-test/target/surefire/surefirebooter4404357089186725725.jar"/>
    <property name="hadoop.log.dir" value="/workdir/hadoop-ozone/integration-test/target/log"/>
    <property name="sun.boot.class.path" value="/usr/lib/jvm/java-1.8-openjdk/jre/lib/resources.jar:/usr/lib/jvm/java-1.8-openjdk/jre/lib/rt.jar:/usr/lib/jvm/java-1.8-openjdk/jre/lib/sunrsasign.jar:/usr/lib/jvm/java-1.8-openjdk/jre/lib/jsse.jar:/usr/lib/jvm/java-1.8-openjdk/jre/lib/jce.jar:/usr/lib/jvm/java-1.8-openjdk/jre/lib/charsets.jar:/usr/lib/jvm/java-1.8-openjdk/jre/lib/jfr.jar:/usr/lib/jvm/java-1.8-openjdk/jre/classes"/>
    <property name="sun.management.compiler" value="HotSpot 64-Bit Tiered Compilers"/>
    <property name="java.runtime.version" value="1.8.0_212-b04"/>
    <property name="java.net.preferIPv4Stack" value="true"/>
    <property name="user.name" value="jenkins1000"/>
    <property name="path.separator" value=":"/>
    <property name="java.security.egd" value="file:///dev/urandom"/>
    <property name="os.version" value="3.10.0-957.12.2.el7.x86_64"/>
    <property name="java.endorsed.dirs" value="/usr/lib/jvm/java-1.8-openjdk/jre/lib/endorsed"/>
    <property name="java.runtime.name" value="OpenJDK Runtime Environment"/>
    <property name="file.encoding" value="UTF-8"/>
    <property name="java.vm.name" value="OpenJDK 64-Bit Server VM"/>
    <property name="test.build.webapps" value=""/>
    <property name="localRepository" value="/home/user/.m2/repository"/>
    <property name="java.vendor.url.bug" value="https://icedtea.classpath.org/bugzilla"/>
    <property name="java.io.tmpdir" value="/tmp"/>
    <property name="require.test.libhadoop" value=""/>
    <property name="java.version" value="1.8.0_212"/>
    <property name="user.dir" value="/workdir/hadoop-ozone/integration-test"/>
    <property name="os.arch" value="amd64"/>
    <property name="java.vm.specification.name" value="Java Virtual Machine Specification"/>
    <property name="test.build.classes" value="/workdir/hadoop-ozone/integration-test/target/test-classes"/>
    <property name="java.awt.printerjob" value="sun.print.PSPrinterJob"/>
    <property name="sun.os.patch.level" value="unknown"/>
    <property name="hadoop.tmp.dir" value="/workdir/hadoop-ozone/integration-test/target/tmp"/>
    <property name="java.library.path" value="/usr/lib/jvm/java-1.8-openjdk/jre/lib/amd64/server:/usr/lib/jvm/java-1.8-openjdk/jre/lib/amd64:/usr/lib/jvm/java-1.8-openjdk/jre/../lib/amd64:/workdir/hadoop-ozone/integration-test/target/native/target/usr/local/lib:/workdir/hadoop-ozone/integration-test/../../hadoop-common-project/hadoop-common/target/native/target/usr/local/lib:/usr/java/packages/lib/amd64:/usr/lib64:/lib64:/lib:/usr/lib"/>
    <property name="java.vm.info" value="mixed mode"/>
    <property name="java.vendor" value="IcedTea"/>
    <property name="java.vm.version" value="25.212-b04"/>
    <property name="java.ext.dirs" value="/usr/lib/jvm/java-1.8-openjdk/jre/lib/ext:/usr/java/packages/lib/ext"/>
    <property name="sun.io.unicode.encoding" value="UnicodeLittle"/>
    <property name="java.class.version" value="52.0"/>
  </properties>
  <testcase name="test2DatanodesFailure" classname="org.apache.hadoop.ozone.client.rpc.TestBlockOutputStreamWithFailures" time="48.908">
    <failure message="expected:&lt;5&gt; but was:&lt;6&gt;" type="java.lang.AssertionError"><![CDATA[java.lang.AssertionError: expected:<5> but was:<6>
	at org.junit.Assert.fail(Assert.java:88)
	at org.junit.Assert.failNotEquals(Assert.java:743)
	at org.junit.Assert.assertEquals(Assert.java:118)
	at org.junit.Assert.assertEquals(Assert.java:555)
	at org.junit.Assert.assertEquals(Assert.java:542)
	at org.apache.hadoop.ozone.client.rpc.TestBlockOutputStreamWithFailures.test2DatanodesFailure(TestBlockOutputStreamWithFailures.java:467)
	at sun.reflect.NativeMethodAccessorImpl.invoke0(Native Method)
	at sun.reflect.NativeMethodAccessorImpl.invoke(NativeMethodAccessorImpl.java:62)
	at sun.reflect.DelegatingMethodAccessorImpl.invoke(DelegatingMethodAccessorImpl.java:43)
	at java.lang.reflect.Method.invoke(Method.java:498)
	at org.junit.runners.model.FrameworkMethod$1.runReflectiveCall(FrameworkMethod.java:47)
	at org.junit.internal.runners.model.ReflectiveCallable.run(ReflectiveCallable.java:12)
	at org.junit.runners.model.FrameworkMethod.invokeExplosively(FrameworkMethod.java:44)
	at org.junit.internal.runners.statements.InvokeMethod.evaluate(InvokeMethod.java:17)
	at org.junit.internal.runners.statements.RunBefores.evaluate(RunBefores.java:26)
	at org.junit.internal.runners.statements.RunAfters.evaluate(RunAfters.java:27)
	at org.junit.runners.ParentRunner.runLeaf(ParentRunner.java:271)
	at org.junit.runners.BlockJUnit4ClassRunner.runChild(BlockJUnit4ClassRunner.java:70)
	at org.junit.runners.BlockJUnit4ClassRunner.runChild(BlockJUnit4ClassRunner.java:50)
	at org.junit.runners.ParentRunner$3.run(ParentRunner.java:238)
	at org.junit.runners.ParentRunner$1.schedule(ParentRunner.java:63)
	at org.junit.runners.ParentRunner.runChildren(ParentRunner.java:236)
	at org.junit.runners.ParentRunner.access$000(ParentRunner.java:53)
	at org.junit.runners.ParentRunner$2.evaluate(ParentRunner.java:229)
	at org.junit.runners.ParentRunner.run(ParentRunner.java:309)
	at org.apache.maven.surefire.junit4.JUnit4Provider.execute(JUnit4Provider.java:365)
	at org.apache.maven.surefire.junit4.JUnit4Provider.executeWithRerun(JUnit4Provider.java:273)
	at org.apache.maven.surefire.junit4.JUnit4Provider.executeTestSet(JUnit4Provider.java:238)
	at org.apache.maven.surefire.junit4.JUnit4Provider.invoke(JUnit4Provider.java:159)
	at org.apache.maven.surefire.booter.ForkedBooter.invokeProviderInSameClassLoader(ForkedBooter.java:384)
	at org.apache.maven.surefire.booter.ForkedBooter.runSuitesInProcess(ForkedBooter.java:345)
	at org.apache.maven.surefire.booter.ForkedBooter.execute(ForkedBooter.java:126)
	at org.apache.maven.surefire.booter.ForkedBooter.main(ForkedBooter.java:418)
]]></failure>
    <system-out><![CDATA[2019-08-10 04:05:53,518 WARN  server.ServerUtils (ServerUtils.java:getScmDbDir(145)) - ozone.scm.db.dirs is not configured. We recommend adding this setting. Falling back to ozone.metadata.dirs instead.
2019-08-10 04:05:53,600 WARN  server.ServerUtils (ServerUtils.java:getScmDbDir(145)) - ozone.scm.db.dirs is not configured. We recommend adding this setting. Falling back to ozone.metadata.dirs instead.
2019-08-10 04:05:53,602 WARN  server.ServerUtils (ServerUtils.java:getScmDbDir(145)) - ozone.scm.db.dirs is not configured. We recommend adding this setting. Falling back to ozone.metadata.dirs instead.
2019-08-10 04:05:53,617 INFO  util.log (Log.java:initialized(192)) - Logging initialized @827ms
2019-08-10 04:05:53,705 INFO  db.DBStoreBuilder (DBStoreBuilder.java:addTable(110)) - using custom profile for table: deletedBlocks
2019-08-10 04:05:53,705 INFO  db.DBStoreBuilder (DBStoreBuilder.java:processTables(161)) - Using default column profile:DBProfile.DISK for Table:deletedBlocks
2019-08-10 04:05:53,706 INFO  db.DBStoreBuilder (DBStoreBuilder.java:addTable(110)) - using custom profile for table: validCerts
2019-08-10 04:05:53,706 INFO  db.DBStoreBuilder (DBStoreBuilder.java:processTables(161)) - Using default column profile:DBProfile.DISK for Table:validCerts
2019-08-10 04:05:53,706 INFO  db.DBStoreBuilder (DBStoreBuilder.java:addTable(110)) - using custom profile for table: revokedCerts
2019-08-10 04:05:53,706 INFO  db.DBStoreBuilder (DBStoreBuilder.java:processTables(161)) - Using default column profile:DBProfile.DISK for Table:revokedCerts
2019-08-10 04:05:53,715 INFO  db.DBStoreBuilder (DBStoreBuilder.java:addTable(110)) - using custom profile for table: default
2019-08-10 04:05:53,715 INFO  db.DBStoreBuilder (DBStoreBuilder.java:processTables(167)) - Using default column profile:DBProfile.DISK for Table:default
2019-08-10 04:05:53,716 INFO  db.DBStoreBuilder (DBStoreBuilder.java:getDbProfile(198)) - Using default options. DBProfile.DISK
2019-08-10 04:05:53,878 INFO  net.NodeSchemaLoader (NodeSchemaLoader.java:loadSchemaFromFile(125)) - Loading file from sun.misc.CompoundEnumeration@7714e963
2019-08-10 04:05:53,879 INFO  net.NodeSchemaLoader (NodeSchemaLoader.java:loadSchema(171)) - Loading network topology layer schema file
2019-08-10 04:05:53,931 INFO  node.SCMNodeManager (SCMNodeManager.java:<init>(121)) - Entering startup safe mode.
2019-08-10 04:05:54,039 WARN  server.ServerUtils (ServerUtils.java:getScmDbDir(145)) - ozone.scm.db.dirs is not configured. We recommend adding this setting. Falling back to ozone.metadata.dirs instead.
2019-08-10 04:05:54,102 INFO  pipeline.SCMPipelineManager (SCMPipelineManager.java:initializePipelineState(126)) - No pipeline exists in current db
2019-08-10 04:05:54,105 WARN  server.ServerUtils (ServerUtils.java:getScmDbDir(145)) - ozone.scm.db.dirs is not configured. We recommend adding this setting. Falling back to ozone.metadata.dirs instead.
2019-08-10 04:05:54,214 WARN  events.EventQueue (EventQueue.java:fireEvent(175)) - No event handler registered for event TypedEvent{payloadType=SafeModeStatus, name='SafeModeStatus'}
2019-08-10 04:05:54,532 INFO  ipc.CallQueueManager (CallQueueManager.java:<init>(84)) - Using callQueue: class java.util.concurrent.LinkedBlockingQueue, queueCapacity: 2000, scheduler: class org.apache.hadoop.ipc.DefaultRpcScheduler, ipcBackoff: false.
2019-08-10 04:05:54,558 INFO  ipc.Server (Server.java:run(1074)) - Starting Socket Reader #1 for port 43439
2019-08-10 04:05:54,579 INFO  ipc.CallQueueManager (CallQueueManager.java:<init>(84)) - Using callQueue: class java.util.concurrent.LinkedBlockingQueue, queueCapacity: 2000, scheduler: class org.apache.hadoop.ipc.DefaultRpcScheduler, ipcBackoff: false.
2019-08-10 04:05:54,580 INFO  ipc.Server (Server.java:run(1074)) - Starting Socket Reader #1 for port 32947
2019-08-10 04:05:54,587 INFO  ipc.CallQueueManager (CallQueueManager.java:<init>(84)) - Using callQueue: class java.util.concurrent.LinkedBlockingQueue, queueCapacity: 2000, scheduler: class org.apache.hadoop.ipc.DefaultRpcScheduler, ipcBackoff: false.
2019-08-10 04:05:54,588 INFO  ipc.Server (Server.java:run(1074)) - Starting Socket Reader #1 for port 40311
2019-08-10 04:05:54,731 INFO  hdfs.DFSUtil (DFSUtil.java:httpServerTemplateForNNAndJN(1641)) - Starting Web-server for scm at: http://0.0.0.0:0
2019-08-10 04:05:54,892 INFO  server.AuthenticationFilter (AuthenticationFilter.java:constructSecretProvider(240)) - Unable to initialize FileSignerSecretProvider, falling back to use random secrets.
2019-08-10 04:05:54,900 WARN  http.HttpRequestLog (HttpRequestLog.java:getRequestLog(97)) - Jetty request log can only be enabled using Log4j
2019-08-10 04:05:54,908 INFO  http.HttpServer2 (HttpServer2.java:addGlobalFilter(975)) - Added global filter 'safety' (class=org.apache.hadoop.http.HttpServer2$QuotingInputFilter)
2019-08-10 04:05:54,911 INFO  http.HttpServer2 (HttpServer2.java:addFilter(948)) - Added filter static_user_filter (class=org.apache.hadoop.http.lib.StaticUserWebFilter$StaticUserFilter) to context scm
2019-08-10 04:05:54,911 INFO  http.HttpServer2 (HttpServer2.java:addFilter(958)) - Added filter static_user_filter (class=org.apache.hadoop.http.lib.StaticUserWebFilter$StaticUserFilter) to context logs
2019-08-10 04:05:54,911 INFO  http.HttpServer2 (HttpServer2.java:addFilter(958)) - Added filter static_user_filter (class=org.apache.hadoop.http.lib.StaticUserWebFilter$StaticUserFilter) to context static
2019-08-10 04:05:54,939 INFO  server.StorageContainerManager (StorageContainerManager.java:start(759)) - StorageContainerLocationProtocol RPC server is listening at /0.0.0.0:40311
2019-08-10 04:05:54,997 WARN  impl.MetricsConfig (MetricsConfig.java:loadFirst(134)) - Cannot locate configuration: tried hadoop-metrics2-storagecontainermanager.properties,hadoop-metrics2.properties
2019-08-10 04:05:55,010 INFO  impl.MetricsSystemImpl (MetricsSystemImpl.java:startTimer(374)) - Scheduled Metric snapshot period at 10 second(s).
2019-08-10 04:05:55,010 INFO  impl.MetricsSystemImpl (MetricsSystemImpl.java:start(191)) - StorageContainerManager metrics system started
2019-08-10 04:05:55,229 INFO  server.SCMClientProtocolServer (SCMClientProtocolServer.java:start(151)) - RPC server for Client  is listening at /0.0.0.0:40311
2019-08-10 04:05:55,229 INFO  ipc.Server (Server.java:run(1314)) - IPC Server Responder: starting
2019-08-10 04:05:55,229 INFO  ipc.Server (Server.java:run(1153)) - IPC Server listener on 40311: starting
2019-08-10 04:05:55,233 INFO  server.StorageContainerManager (StorageContainerManager.java:start(769)) - ScmBlockLocationProtocol RPC server is listening at /0.0.0.0:32947
2019-08-10 04:05:55,233 INFO  server.SCMBlockProtocolServer (SCMBlockProtocolServer.java:start(140)) - RPC server for Block Protocol is listening at /0.0.0.0:32947
2019-08-10 04:05:55,234 INFO  ipc.Server (Server.java:run(1314)) - IPC Server Responder: starting
2019-08-10 04:05:55,234 INFO  ipc.Server (Server.java:run(1153)) - IPC Server listener on 32947: starting
2019-08-10 04:05:55,245 INFO  server.StorageContainerManager (StorageContainerManager.java:start(773)) - ScmDatanodeProtocl RPC server is listening at /0.0.0.0:43439
2019-08-10 04:05:55,245 INFO  server.SCMDatanodeProtocolServer (SCMDatanodeProtocolServer.java:start(191)) - RPC server for DataNodes is listening at /0.0.0.0:43439
2019-08-10 04:05:55,246 INFO  ipc.Server (Server.java:run(1314)) - IPC Server Responder: starting
2019-08-10 04:05:55,247 INFO  ipc.Server (Server.java:run(1153)) - IPC Server listener on 43439: starting
2019-08-10 04:05:55,260 INFO  http.HttpServer2 (HttpServer2.java:bindListener(1191)) - Jetty bound to port 34669
2019-08-10 04:05:55,262 INFO  server.Server (Server.java:doStart(351)) - jetty-9.3.24.v20180605, build timestamp: 2018-06-05T17:11:56Z, git hash: 84205aa28f11a4f31f2a3b86d1bba2cc8ab69827
2019-08-10 04:05:55,301 INFO  handler.ContextHandler (ContextHandler.java:doStart(781)) - Started o.e.j.s.ServletContextHandler@76012793{/logs,file:///workdir/hadoop-ozone/integration-test/target/log,AVAILABLE}
2019-08-10 04:05:55,302 INFO  handler.ContextHandler (ContextHandler.java:doStart(781)) - Started o.e.j.s.ServletContextHandler@79d94571{/static,file:///workdir/hadoop-ozone/integration-test/target/test-classes/webapps/static,AVAILABLE}
2019-08-10 04:05:55,334 INFO  handler.ContextHandler (ContextHandler.java:doStart(781)) - Started o.e.j.w.WebAppContext@15a902e7{/,file:///workdir/hadoop-ozone/integration-test/target/test-classes/webapps/scm/,AVAILABLE}{/scm}
2019-08-10 04:05:55,339 INFO  server.AbstractConnector (AbstractConnector.java:doStart(278)) - Started ServerConnector@2416a51{HTTP/1.1,[http/1.1]}{0.0.0.0:34669}
2019-08-10 04:05:55,339 INFO  server.Server (Server.java:doStart(419)) - Started @2550ms
2019-08-10 04:05:55,341 INFO  server.BaseHttpServer (BaseHttpServer.java:updateConnectorAddress(207)) - HTTP server of SCM is listening at http://0.0.0.0:34669
2019-08-10 04:05:55,351 INFO  util.JvmPauseMonitor (JvmPauseMonitor.java:run(188)) - Starting JVM pause monitor
2019-08-10 04:05:55,355 WARN  server.ServerUtils (ServerUtils.java:getDBPath(222)) - ozone.om.db.dirs is not configured. We recommend adding this setting. Falling back to ozone.metadata.dirs instead.
2019-08-10 04:05:55,476 WARN  server.ServerUtils (ServerUtils.java:getDBPath(222)) - ozone.om.db.dirs is not configured. We recommend adding this setting. Falling back to ozone.metadata.dirs instead.
2019-08-10 04:05:55,477 WARN  server.ServerUtils (ServerUtils.java:getDBPath(222)) - ozone.om.db.dirs is not configured. We recommend adding this setting. Falling back to ozone.metadata.dirs instead.
2019-08-10 04:05:55,478 INFO  om.OzoneManager (OzoneManager.java:setOMNodeDetails(644)) - OM Service ID is not set. Setting it to the default ID: omServiceIdDefault
2019-08-10 04:05:55,478 INFO  om.OzoneManager (OzoneManager.java:setOMNodeDetails(650)) - OM Node ID is not set. Setting it to the OmStorage's OmID: a226235a-58a7-4378-b2aa-364d904645f0
2019-08-10 04:05:55,479 INFO  om.OzoneManager (OzoneManager.java:loadOMHAConfigs(601)) - Found matching OM address with OMServiceId: null, OMNodeId: null, RPC Address: localhost:0 and Ratis port: 9872
2019-08-10 04:05:56,210 WARN  server.ServerUtils (ServerUtils.java:getDBPath(222)) - ozone.om.db.dirs is not configured. We recommend adding this setting. Falling back to ozone.metadata.dirs instead.
2019-08-10 04:05:56,218 INFO  db.DBStoreBuilder (DBStoreBuilder.java:addTable(110)) - using custom profile for table: userTable
2019-08-10 04:05:56,218 INFO  db.DBStoreBuilder (DBStoreBuilder.java:processTables(161)) - Using default column profile:DBProfile.DISK for Table:userTable
2019-08-10 04:05:56,219 INFO  db.DBStoreBuilder (DBStoreBuilder.java:addTable(110)) - using custom profile for table: volumeTable
2019-08-10 04:05:56,219 INFO  db.DBStoreBuilder (DBStoreBuilder.java:processTables(161)) - Using default column profile:DBProfile.DISK for Table:volumeTable
2019-08-10 04:05:56,219 INFO  db.DBStoreBuilder (DBStoreBuilder.java:addTable(110)) - using custom profile for table: bucketTable
2019-08-10 04:05:56,219 INFO  db.DBStoreBuilder (DBStoreBuilder.java:processTables(161)) - Using default column profile:DBProfile.DISK for Table:bucketTable
2019-08-10 04:05:56,220 INFO  db.DBStoreBuilder (DBStoreBuilder.java:addTable(110)) - using custom profile for table: keyTable
2019-08-10 04:05:56,220 INFO  db.DBStoreBuilder (DBStoreBuilder.java:processTables(161)) - Using default column profile:DBProfile.DISK for Table:keyTable
2019-08-10 04:05:56,220 INFO  db.DBStoreBuilder (DBStoreBuilder.java:addTable(110)) - using custom profile for table: deletedTable
2019-08-10 04:05:56,220 INFO  db.DBStoreBuilder (DBStoreBuilder.java:processTables(161)) - Using default column profile:DBProfile.DISK for Table:deletedTable
2019-08-10 04:05:56,221 INFO  db.DBStoreBuilder (DBStoreBuilder.java:addTable(110)) - using custom profile for table: openKeyTable
2019-08-10 04:05:56,221 INFO  db.DBStoreBuilder (DBStoreBuilder.java:processTables(161)) - Using default column profile:DBProfile.DISK for Table:openKeyTable
2019-08-10 04:05:56,221 INFO  db.DBStoreBuilder (DBStoreBuilder.java:addTable(110)) - using custom profile for table: s3Table
2019-08-10 04:05:56,221 INFO  db.DBStoreBuilder (DBStoreBuilder.java:processTables(161)) - Using default column profile:DBProfile.DISK for Table:s3Table
2019-08-10 04:05:56,222 INFO  db.DBStoreBuilder (DBStoreBuilder.java:addTable(110)) - using custom profile for table: multipartInfoTable
2019-08-10 04:05:56,222 INFO  db.DBStoreBuilder (DBStoreBuilder.java:processTables(161)) - Using default column profile:DBProfile.DISK for Table:multipartInfoTable
2019-08-10 04:05:56,222 INFO  db.DBStoreBuilder (DBStoreBuilder.java:addTable(110)) - using custom profile for table: dTokenTable
2019-08-10 04:05:56,222 INFO  db.DBStoreBuilder (DBStoreBuilder.java:processTables(161)) - Using default column profile:DBProfile.DISK for Table:dTokenTable
2019-08-10 04:05:56,223 INFO  db.DBStoreBuilder (DBStoreBuilder.java:addTable(110)) - using custom profile for table: s3SecretTable
2019-08-10 04:05:56,223 INFO  db.DBStoreBuilder (DBStoreBuilder.java:processTables(161)) - Using default column profile:DBProfile.DISK for Table:s3SecretTable
2019-08-10 04:05:56,223 INFO  db.DBStoreBuilder (DBStoreBuilder.java:addTable(110)) - using custom profile for table: prefixTable
2019-08-10 04:05:56,223 INFO  db.DBStoreBuilder (DBStoreBuilder.java:processTables(161)) - Using default column profile:DBProfile.DISK for Table:prefixTable
2019-08-10 04:05:56,224 INFO  db.DBStoreBuilder (DBStoreBuilder.java:addTable(110)) - using custom profile for table: default
2019-08-10 04:05:56,224 INFO  db.DBStoreBuilder (DBStoreBuilder.java:processTables(167)) - Using default column profile:DBProfile.DISK for Table:default
2019-08-10 04:05:56,224 INFO  db.DBStoreBuilder (DBStoreBuilder.java:getDbProfile(198)) - Using default options. DBProfile.DISK
2019-08-10 04:05:56,797 INFO  ipc.CallQueueManager (CallQueueManager.java:<init>(84)) - Using callQueue: class java.util.concurrent.LinkedBlockingQueue, queueCapacity: 2000, scheduler: class org.apache.hadoop.ipc.DefaultRpcScheduler, ipcBackoff: false.
2019-08-10 04:05:56,799 INFO  ipc.Server (Server.java:run(1074)) - Starting Socket Reader #1 for port 33443
2019-08-10 04:05:56,821 INFO  om.OzoneManager (OzoneManager.java:start(1255)) - OzoneManager RPC server is listening at localhost/127.0.0.1:33443
2019-08-10 04:05:56,821 INFO  impl.MetricsSystemImpl (MetricsSystemImpl.java:init(158)) - OzoneManager metrics system started (again)
2019-08-10 04:05:56,823 INFO  ipc.Server (Server.java:run(1314)) - IPC Server Responder: starting
2019-08-10 04:05:56,823 INFO  ipc.Server (Server.java:run(1153)) - IPC Server listener on 33443: starting
2019-08-10 04:05:56,839 INFO  hdfs.DFSUtil (DFSUtil.java:httpServerTemplateForNNAndJN(1641)) - Starting Web-server for ozoneManager at: http://0.0.0.0:0
2019-08-10 04:05:56,842 INFO  server.AuthenticationFilter (AuthenticationFilter.java:constructSecretProvider(240)) - Unable to initialize FileSignerSecretProvider, falling back to use random secrets.
2019-08-10 04:05:56,843 WARN  http.HttpRequestLog (HttpRequestLog.java:getRequestLog(97)) - Jetty request log can only be enabled using Log4j
2019-08-10 04:05:56,846 INFO  http.HttpServer2 (HttpServer2.java:addGlobalFilter(975)) - Added global filter 'safety' (class=org.apache.hadoop.http.HttpServer2$QuotingInputFilter)
2019-08-10 04:05:56,847 INFO  http.HttpServer2 (HttpServer2.java:addFilter(948)) - Added filter static_user_filter (class=org.apache.hadoop.http.lib.StaticUserWebFilter$StaticUserFilter) to context ozoneManager
2019-08-10 04:05:56,848 INFO  http.HttpServer2 (HttpServer2.java:addFilter(958)) - Added filter static_user_filter (class=org.apache.hadoop.http.lib.StaticUserWebFilter$StaticUserFilter) to context logs
2019-08-10 04:05:56,848 INFO  http.HttpServer2 (HttpServer2.java:addFilter(958)) - Added filter static_user_filter (class=org.apache.hadoop.http.lib.StaticUserWebFilter$StaticUserFilter) to context static
2019-08-10 04:05:56,851 INFO  http.HttpServer2 (HttpServer2.java:bindListener(1191)) - Jetty bound to port 44927
2019-08-10 04:05:56,851 INFO  server.Server (Server.java:doStart(351)) - jetty-9.3.24.v20180605, build timestamp: 2018-06-05T17:11:56Z, git hash: 84205aa28f11a4f31f2a3b86d1bba2cc8ab69827
2019-08-10 04:05:56,855 INFO  handler.ContextHandler (ContextHandler.java:doStart(781)) - Started o.e.j.s.ServletContextHandler@6e6fce47{/logs,file:///workdir/hadoop-ozone/integration-test/target/log,AVAILABLE}
2019-08-10 04:05:56,856 INFO  handler.ContextHandler (ContextHandler.java:doStart(781)) - Started o.e.j.s.ServletContextHandler@6ce90bc5{/static,file:///workdir/hadoop-ozone/integration-test/target/test-classes/webapps/static,AVAILABLE}
2019-08-10 04:05:56,863 INFO  handler.ContextHandler (ContextHandler.java:doStart(781)) - Started o.e.j.w.WebAppContext@61d01788{/,file:///workdir/hadoop-ozone/integration-test/target/test-classes/webapps/ozoneManager/,AVAILABLE}{/ozoneManager}
2019-08-10 04:05:56,864 INFO  server.AbstractConnector (AbstractConnector.java:doStart(278)) - Started ServerConnector@2b9b7f1f{HTTP/1.1,[http/1.1]}{0.0.0.0:44927}
2019-08-10 04:05:56,864 INFO  server.Server (Server.java:doStart(419)) - Started @4075ms
2019-08-10 04:05:56,865 INFO  server.BaseHttpServer (BaseHttpServer.java:updateConnectorAddress(207)) - HTTP server of OZONEMANAGER is listening at http://0.0.0.0:44927
2019-08-10 04:05:57,221 INFO  impl.MetricsSystemImpl (MetricsSystemImpl.java:init(158)) - HddsDatanode metrics system started (again)
2019-08-10 04:05:57,334 INFO  ozone.HddsDatanodeService (HddsDatanodeService.java:start(184)) - HddsDatanodeService host:byscane-nightly-wggqd-62853239 ip:192.168.157.255
2019-08-10 04:05:57,371 INFO  volume.HddsVolume (HddsVolume.java:<init>(176)) - Creating Volume: /workdir/hadoop-ozone/integration-test/target/test-dir/MiniOzoneClusterImpl-78319399-da6d-4099-9cd6-4b429a1af7e9/datanode-0/data/containers/hdds of  storage type : DISK and capacity : 52710309888
2019-08-10 04:05:57,373 INFO  volume.VolumeSet (VolumeSet.java:initializeVolumeSet(170)) - Added Volume : /workdir/hadoop-ozone/integration-test/target/test-dir/MiniOzoneClusterImpl-78319399-da6d-4099-9cd6-4b429a1af7e9/datanode-0/data/containers/hdds to VolumeSet
2019-08-10 04:05:57,376 INFO  volume.ThrottledAsyncChecker (ThrottledAsyncChecker.java:schedule(140)) - Scheduling a check for org.apache.hadoop.ozone.container.common.volume.HddsVolume@6345e7b9
2019-08-10 04:05:57,395 INFO  volume.HddsVolumeChecker (HddsVolumeChecker.java:checkAllVolumes(203)) - Scheduled health check for volume org.apache.hadoop.ozone.container.common.volume.HddsVolume@6345e7b9
2019-08-10 04:05:57,535 INFO  impl.RaftServerProxy (ConfUtils.java:logGet(43)) - raft.rpc.type = GRPC (default)
2019-08-10 04:05:57,617 INFO  grpc.GrpcFactory (GrpcFactory.java:checkPooledByteBufAllocatorUseCacheForAllThreads(45)) - PERFORMANCE WARNING: useCacheForAllThreads is true that may cause Netty to create a lot garbage objects and, as a result, trigger GC.
	It is recommended to disable useCacheForAllThreads by setting -Dorg.apache.ratis.thirdparty.io.netty.allocator.useCacheForAllThreads=false in command line.
2019-08-10 04:05:57,624 INFO  grpc.GrpcConfigKeys$Server (ConfUtils.java:logGet(43)) - raft.grpc.server.port = 0 (default)
2019-08-10 04:05:57,625 INFO  server.GrpcService (ConfUtils.java:logGet(43)) - raft.grpc.message.size.max = 33570816 (custom)
2019-08-10 04:05:57,627 INFO  server.RaftServerConfigKeys (ConfUtils.java:logGet(43)) - raft.server.log.appender.buffer.byte-limit = 33554432 (custom)
2019-08-10 04:05:57,628 INFO  server.GrpcService (ConfUtils.java:logGet(43)) - raft.grpc.flow.control.window = 1MB (=1048576) (default)
2019-08-10 04:05:57,629 INFO  server.RaftServerConfigKeys (ConfUtils.java:logGet(43)) - raft.server.rpc.request.timeout = 3000ms (default)
2019-08-10 04:05:57,792 INFO  server.RaftServerConfigKeys (ConfUtils.java:logGet(43)) - raft.server.storage.dir = [/workdir/hadoop-ozone/integration-test/target/test-dir/MiniOzoneClusterImpl-78319399-da6d-4099-9cd6-4b429a1af7e9/datanode-0/data/ratis] (custom)
2019-08-10 04:05:57,829 INFO  replication.SimpleContainerDownloader (SimpleContainerDownloader.java:<init>(72)) - Starting container downloader service to copy containers to replicate.
2019-08-10 04:05:57,845 INFO  hdfs.DFSUtil (DFSUtil.java:httpServerTemplateForNNAndJN(1641)) - Starting Web-server for hddsDatanode at: http://0.0.0.0:0
2019-08-10 04:05:57,849 INFO  server.AuthenticationFilter (AuthenticationFilter.java:constructSecretProvider(240)) - Unable to initialize FileSignerSecretProvider, falling back to use random secrets.
2019-08-10 04:05:57,851 WARN  http.HttpRequestLog (HttpRequestLog.java:getRequestLog(97)) - Jetty request log can only be enabled using Log4j
2019-08-10 04:05:57,854 INFO  http.HttpServer2 (HttpServer2.java:addGlobalFilter(975)) - Added global filter 'safety' (class=org.apache.hadoop.http.HttpServer2$QuotingInputFilter)
2019-08-10 04:05:57,855 INFO  http.HttpServer2 (HttpServer2.java:addFilter(948)) - Added filter static_user_filter (class=org.apache.hadoop.http.lib.StaticUserWebFilter$StaticUserFilter) to context hddsDatanode
2019-08-10 04:05:57,856 INFO  http.HttpServer2 (HttpServer2.java:addFilter(958)) - Added filter static_user_filter (class=org.apache.hadoop.http.lib.StaticUserWebFilter$StaticUserFilter) to context static
2019-08-10 04:05:57,856 INFO  http.HttpServer2 (HttpServer2.java:addFilter(958)) - Added filter static_user_filter (class=org.apache.hadoop.http.lib.StaticUserWebFilter$StaticUserFilter) to context logs
2019-08-10 04:05:57,859 INFO  http.HttpServer2 (HttpServer2.java:bindListener(1191)) - Jetty bound to port 34332
2019-08-10 04:05:57,859 INFO  server.Server (Server.java:doStart(351)) - jetty-9.3.24.v20180605, build timestamp: 2018-06-05T17:11:56Z, git hash: 84205aa28f11a4f31f2a3b86d1bba2cc8ab69827
2019-08-10 04:05:57,862 INFO  handler.ContextHandler (ContextHandler.java:doStart(781)) - Started o.e.j.s.ServletContextHandler@42ea287{/logs,file:///workdir/hadoop-ozone/integration-test/target/log,AVAILABLE}
2019-08-10 04:05:57,863 INFO  handler.ContextHandler (ContextHandler.java:doStart(781)) - Started o.e.j.s.ServletContextHandler@1f0b3cfe{/static,jar:file:/home/user/.m2/repository/org/apache/hadoop/hadoop-hdds-container-service/0.4.1-SNAPSHOT/hadoop-hdds-container-service-0.4.1-SNAPSHOT.jar!/webapps/static,AVAILABLE}
2019-08-10 04:05:57,911 INFO  handler.ContextHandler (ContextHandler.java:doStart(781)) - Started o.e.j.w.WebAppContext@dc79225{/,file:///tmp/jetty-0.0.0.0-34332-hddsDatanode-_-any-8131502215731890059.dir/webapp/,AVAILABLE}{/hddsDatanode}
2019-08-10 04:05:57,912 INFO  server.AbstractConnector (AbstractConnector.java:doStart(278)) - Started ServerConnector@30e9ca13{HTTP/1.1,[http/1.1]}{0.0.0.0:34332}
2019-08-10 04:05:57,913 INFO  server.Server (Server.java:doStart(419)) - Started @5124ms
2019-08-10 04:05:57,916 INFO  server.BaseHttpServer (BaseHttpServer.java:updateConnectorAddress(207)) - HTTP server of HDDSDATANODE is listening at http://0.0.0.0:34332
2019-08-10 04:05:59,052 INFO  ozone.HddsDatanodeService (HddsDatanodeService.java:startPlugins(395)) - Started plug-in org.apache.hadoop.ozone.web.OzoneHddsDatanodeService@364fd4ae
2019-08-10 04:05:59,054 INFO  impl.MetricsSystemImpl (MetricsSystemImpl.java:init(158)) - HddsDatanode metrics system started (again)
2019-08-10 04:05:59,056 INFO  ozone.HddsDatanodeService (HddsDatanodeService.java:start(184)) - HddsDatanodeService host:byscane-nightly-wggqd-62853239 ip:192.168.157.255
2019-08-10 04:05:59,061 INFO  util.JvmPauseMonitor (JvmPauseMonitor.java:run(188)) - Starting JVM pause monitor
2019-08-10 04:05:59,068 INFO  volume.HddsVolume (HddsVolume.java:<init>(176)) - Creating Volume: /workdir/hadoop-ozone/integration-test/target/test-dir/MiniOzoneClusterImpl-78319399-da6d-4099-9cd6-4b429a1af7e9/datanode-1/data/containers/hdds of  storage type : DISK and capacity : 52710309888
2019-08-10 04:05:59,069 INFO  volume.VolumeSet (VolumeSet.java:initializeVolumeSet(170)) - Added Volume : /workdir/hadoop-ozone/integration-test/target/test-dir/MiniOzoneClusterImpl-78319399-da6d-4099-9cd6-4b429a1af7e9/datanode-1/data/containers/hdds to VolumeSet
2019-08-10 04:05:59,070 INFO  volume.ThrottledAsyncChecker (ThrottledAsyncChecker.java:schedule(140)) - Scheduling a check for org.apache.hadoop.ozone.container.common.volume.HddsVolume@796d33eb
2019-08-10 04:05:59,072 INFO  volume.HddsVolumeChecker (HddsVolumeChecker.java:checkAllVolumes(203)) - Scheduled health check for volume org.apache.hadoop.ozone.container.common.volume.HddsVolume@796d33eb
2019-08-10 04:05:59,101 INFO  impl.RaftServerProxy (ConfUtils.java:logGet(43)) - raft.rpc.type = GRPC (default)
2019-08-10 04:05:59,101 INFO  grpc.GrpcFactory (GrpcFactory.java:checkPooledByteBufAllocatorUseCacheForAllThreads(45)) - PERFORMANCE WARNING: useCacheForAllThreads is true that may cause Netty to create a lot garbage objects and, as a result, trigger GC.
	It is recommended to disable useCacheForAllThreads by setting -Dorg.apache.ratis.thirdparty.io.netty.allocator.useCacheForAllThreads=false in command line.
2019-08-10 04:05:59,101 INFO  grpc.GrpcConfigKeys$Server (ConfUtils.java:logGet(43)) - raft.grpc.server.port = 0 (default)
2019-08-10 04:05:59,102 INFO  server.GrpcService (ConfUtils.java:logGet(43)) - raft.grpc.message.size.max = 33570816 (custom)
2019-08-10 04:05:59,102 INFO  server.RaftServerConfigKeys (ConfUtils.java:logGet(43)) - raft.server.log.appender.buffer.byte-limit = 33554432 (custom)
2019-08-10 04:05:59,102 INFO  server.GrpcService (ConfUtils.java:logGet(43)) - raft.grpc.flow.control.window = 1MB (=1048576) (default)
2019-08-10 04:05:59,103 INFO  server.RaftServerConfigKeys (ConfUtils.java:logGet(43)) - raft.server.rpc.request.timeout = 3000ms (default)
2019-08-10 04:05:59,104 INFO  server.RaftServerConfigKeys (ConfUtils.java:logGet(43)) - raft.server.storage.dir = [/workdir/hadoop-ozone/integration-test/target/test-dir/MiniOzoneClusterImpl-78319399-da6d-4099-9cd6-4b429a1af7e9/datanode-1/data/ratis] (custom)
2019-08-10 04:05:59,105 INFO  replication.SimpleContainerDownloader (SimpleContainerDownloader.java:<init>(72)) - Starting container downloader service to copy containers to replicate.
2019-08-10 04:05:59,107 INFO  hdfs.DFSUtil (DFSUtil.java:httpServerTemplateForNNAndJN(1641)) - Starting Web-server for hddsDatanode at: http://0.0.0.0:0
2019-08-10 04:05:59,109 INFO  server.AuthenticationFilter (AuthenticationFilter.java:constructSecretProvider(240)) - Unable to initialize FileSignerSecretProvider, falling back to use random secrets.
2019-08-10 04:05:59,112 WARN  http.HttpRequestLog (HttpRequestLog.java:getRequestLog(97)) - Jetty request log can only be enabled using Log4j
2019-08-10 04:05:59,114 INFO  http.HttpServer2 (HttpServer2.java:addGlobalFilter(975)) - Added global filter 'safety' (class=org.apache.hadoop.http.HttpServer2$QuotingInputFilter)
2019-08-10 04:05:59,115 INFO  http.HttpServer2 (HttpServer2.java:addFilter(948)) - Added filter static_user_filter (class=org.apache.hadoop.http.lib.StaticUserWebFilter$StaticUserFilter) to context hddsDatanode
2019-08-10 04:05:59,116 INFO  http.HttpServer2 (HttpServer2.java:addFilter(958)) - Added filter static_user_filter (class=org.apache.hadoop.http.lib.StaticUserWebFilter$StaticUserFilter) to context logs
2019-08-10 04:05:59,116 INFO  http.HttpServer2 (HttpServer2.java:addFilter(958)) - Added filter static_user_filter (class=org.apache.hadoop.http.lib.StaticUserWebFilter$StaticUserFilter) to context static
2019-08-10 04:05:59,117 INFO  http.HttpServer2 (HttpServer2.java:bindListener(1191)) - Jetty bound to port 39170
2019-08-10 04:05:59,117 INFO  server.Server (Server.java:doStart(351)) - jetty-9.3.24.v20180605, build timestamp: 2018-06-05T17:11:56Z, git hash: 84205aa28f11a4f31f2a3b86d1bba2cc8ab69827
2019-08-10 04:05:59,120 INFO  handler.ContextHandler (ContextHandler.java:doStart(781)) - Started o.e.j.s.ServletContextHandler@2d7637e6{/logs,file:///workdir/hadoop-ozone/integration-test/target/log,AVAILABLE}
2019-08-10 04:05:59,121 INFO  handler.ContextHandler (ContextHandler.java:doStart(781)) - Started o.e.j.s.ServletContextHandler@39b626e5{/static,jar:file:/home/user/.m2/repository/org/apache/hadoop/hadoop-hdds-container-service/0.4.1-SNAPSHOT/hadoop-hdds-container-service-0.4.1-SNAPSHOT.jar!/webapps/static,AVAILABLE}
2019-08-10 04:05:59,165 INFO  handler.ContextHandler (ContextHandler.java:doStart(781)) - Started o.e.j.w.WebAppContext@9b47400{/,file:///tmp/jetty-0.0.0.0-39170-hddsDatanode-_-any-8986517820738179614.dir/webapp/,AVAILABLE}{/hddsDatanode}
2019-08-10 04:05:59,166 INFO  server.AbstractConnector (AbstractConnector.java:doStart(278)) - Started ServerConnector@747835f5{HTTP/1.1,[http/1.1]}{0.0.0.0:39170}
2019-08-10 04:05:59,168 INFO  server.Server (Server.java:doStart(419)) - Started @6377ms
2019-08-10 04:05:59,169 INFO  server.BaseHttpServer (BaseHttpServer.java:updateConnectorAddress(207)) - HTTP server of HDDSDATANODE is listening at http://0.0.0.0:39170
2019-08-10 04:05:59,190 INFO  datanode.InitDatanodeState (InitDatanodeState.java:persistContainerDatanodeDetails(140)) - DatanodeDetails is persisted to /workdir/hadoop-ozone/integration-test/target/test-dir/MiniOzoneClusterImpl-78319399-da6d-4099-9cd6-4b429a1af7e9/datanode-0/meta/datanode.id
2019-08-10 04:05:59,320 INFO  ozone.HddsDatanodeService (HddsDatanodeService.java:startPlugins(395)) - Started plug-in org.apache.hadoop.ozone.web.OzoneHddsDatanodeService@6ee5f485
2019-08-10 04:05:59,320 INFO  impl.MetricsSystemImpl (MetricsSystemImpl.java:init(158)) - HddsDatanode metrics system started (again)
2019-08-10 04:05:59,323 INFO  ozone.HddsDatanodeService (HddsDatanodeService.java:start(184)) - HddsDatanodeService host:byscane-nightly-wggqd-62853239 ip:192.168.157.255
2019-08-10 04:05:59,323 INFO  util.JvmPauseMonitor (JvmPauseMonitor.java:run(188)) - Starting JVM pause monitor
2019-08-10 04:05:59,335 INFO  volume.HddsVolume (HddsVolume.java:<init>(176)) - Creating Volume: /workdir/hadoop-ozone/integration-test/target/test-dir/MiniOzoneClusterImpl-78319399-da6d-4099-9cd6-4b429a1af7e9/datanode-2/data/containers/hdds of  storage type : DISK and capacity : 52710309888
2019-08-10 04:05:59,335 INFO  datanode.InitDatanodeState (InitDatanodeState.java:persistContainerDatanodeDetails(140)) - DatanodeDetails is persisted to /workdir/hadoop-ozone/integration-test/target/test-dir/MiniOzoneClusterImpl-78319399-da6d-4099-9cd6-4b429a1af7e9/datanode-1/meta/datanode.id
2019-08-10 04:05:59,336 INFO  volume.VolumeSet (VolumeSet.java:initializeVolumeSet(170)) - Added Volume : /workdir/hadoop-ozone/integration-test/target/test-dir/MiniOzoneClusterImpl-78319399-da6d-4099-9cd6-4b429a1af7e9/datanode-2/data/containers/hdds to VolumeSet
2019-08-10 04:05:59,336 INFO  volume.ThrottledAsyncChecker (ThrottledAsyncChecker.java:schedule(140)) - Scheduling a check for org.apache.hadoop.ozone.container.common.volume.HddsVolume@7cff3f1d
2019-08-10 04:05:59,337 INFO  volume.HddsVolumeChecker (HddsVolumeChecker.java:checkAllVolumes(203)) - Scheduled health check for volume org.apache.hadoop.ozone.container.common.volume.HddsVolume@7cff3f1d
2019-08-10 04:05:59,350 INFO  impl.RaftServerProxy (ConfUtils.java:logGet(43)) - raft.rpc.type = GRPC (default)
2019-08-10 04:05:59,351 INFO  grpc.GrpcFactory (GrpcFactory.java:checkPooledByteBufAllocatorUseCacheForAllThreads(45)) - PERFORMANCE WARNING: useCacheForAllThreads is true that may cause Netty to create a lot garbage objects and, as a result, trigger GC.
	It is recommended to disable useCacheForAllThreads by setting -Dorg.apache.ratis.thirdparty.io.netty.allocator.useCacheForAllThreads=false in command line.
2019-08-10 04:05:59,351 INFO  grpc.GrpcConfigKeys$Server (ConfUtils.java:logGet(43)) - raft.grpc.server.port = 0 (default)
2019-08-10 04:05:59,351 INFO  server.GrpcService (ConfUtils.java:logGet(43)) - raft.grpc.message.size.max = 33570816 (custom)
2019-08-10 04:05:59,351 INFO  server.RaftServerConfigKeys (ConfUtils.java:logGet(43)) - raft.server.log.appender.buffer.byte-limit = 33554432 (custom)
2019-08-10 04:05:59,352 INFO  server.GrpcService (ConfUtils.java:logGet(43)) - raft.grpc.flow.control.window = 1MB (=1048576) (default)
2019-08-10 04:05:59,352 INFO  server.RaftServerConfigKeys (ConfUtils.java:logGet(43)) - raft.server.rpc.request.timeout = 3000ms (default)
2019-08-10 04:05:59,352 INFO  server.RaftServerConfigKeys (ConfUtils.java:logGet(43)) - raft.server.storage.dir = [/workdir/hadoop-ozone/integration-test/target/test-dir/MiniOzoneClusterImpl-78319399-da6d-4099-9cd6-4b429a1af7e9/datanode-2/data/ratis] (custom)
2019-08-10 04:05:59,353 INFO  replication.SimpleContainerDownloader (SimpleContainerDownloader.java:<init>(72)) - Starting container downloader service to copy containers to replicate.
2019-08-10 04:05:59,355 INFO  hdfs.DFSUtil (DFSUtil.java:httpServerTemplateForNNAndJN(1641)) - Starting Web-server for hddsDatanode at: http://0.0.0.0:0
2019-08-10 04:05:59,356 INFO  server.AuthenticationFilter (AuthenticationFilter.java:constructSecretProvider(240)) - Unable to initialize FileSignerSecretProvider, falling back to use random secrets.
2019-08-10 04:05:59,356 WARN  http.HttpRequestLog (HttpRequestLog.java:getRequestLog(97)) - Jetty request log can only be enabled using Log4j
2019-08-10 04:05:59,358 INFO  http.HttpServer2 (HttpServer2.java:addGlobalFilter(975)) - Added global filter 'safety' (class=org.apache.hadoop.http.HttpServer2$QuotingInputFilter)
2019-08-10 04:05:59,358 INFO  http.HttpServer2 (HttpServer2.java:addFilter(948)) - Added filter static_user_filter (class=org.apache.hadoop.http.lib.StaticUserWebFilter$StaticUserFilter) to context hddsDatanode
2019-08-10 04:05:59,358 INFO  http.HttpServer2 (HttpServer2.java:addFilter(958)) - Added filter static_user_filter (class=org.apache.hadoop.http.lib.StaticUserWebFilter$StaticUserFilter) to context logs
2019-08-10 04:05:59,359 INFO  http.HttpServer2 (HttpServer2.java:addFilter(958)) - Added filter static_user_filter (class=org.apache.hadoop.http.lib.StaticUserWebFilter$StaticUserFilter) to context static
2019-08-10 04:05:59,359 INFO  http.HttpServer2 (HttpServer2.java:bindListener(1191)) - Jetty bound to port 43841
2019-08-10 04:05:59,360 INFO  server.Server (Server.java:doStart(351)) - jetty-9.3.24.v20180605, build timestamp: 2018-06-05T17:11:56Z, git hash: 84205aa28f11a4f31f2a3b86d1bba2cc8ab69827
2019-08-10 04:05:59,363 INFO  handler.ContextHandler (ContextHandler.java:doStart(781)) - Started o.e.j.s.ServletContextHandler@7b351446{/logs,file:///workdir/hadoop-ozone/integration-test/target/log,AVAILABLE}
2019-08-10 04:05:59,364 INFO  handler.ContextHandler (ContextHandler.java:doStart(781)) - Started o.e.j.s.ServletContextHandler@a1691c0{/static,jar:file:/home/user/.m2/repository/org/apache/hadoop/hadoop-hdds-container-service/0.4.1-SNAPSHOT/hadoop-hdds-container-service-0.4.1-SNAPSHOT.jar!/webapps/static,AVAILABLE}
2019-08-10 04:05:59,391 INFO  handler.ContextHandler (ContextHandler.java:doStart(781)) - Started o.e.j.w.WebAppContext@37e0056e{/,file:///tmp/jetty-0.0.0.0-43841-hddsDatanode-_-any-5793998138590880533.dir/webapp/,AVAILABLE}{/hddsDatanode}
2019-08-10 04:05:59,392 INFO  server.AbstractConnector (AbstractConnector.java:doStart(278)) - Started ServerConnector@415795f3{HTTP/1.1,[http/1.1]}{0.0.0.0:43841}
2019-08-10 04:05:59,393 INFO  server.Server (Server.java:doStart(419)) - Started @6604ms
2019-08-10 04:05:59,394 INFO  server.BaseHttpServer (BaseHttpServer.java:updateConnectorAddress(207)) - HTTP server of HDDSDATANODE is listening at http://0.0.0.0:43841
2019-08-10 04:05:59,530 INFO  ozone.HddsDatanodeService (HddsDatanodeService.java:startPlugins(395)) - Started plug-in org.apache.hadoop.ozone.web.OzoneHddsDatanodeService@4702e7a5
2019-08-10 04:05:59,531 INFO  impl.MetricsSystemImpl (MetricsSystemImpl.java:init(158)) - HddsDatanode metrics system started (again)
2019-08-10 04:05:59,534 INFO  ozone.HddsDatanodeService (HddsDatanodeService.java:start(184)) - HddsDatanodeService host:byscane-nightly-wggqd-62853239 ip:192.168.157.255
2019-08-10 04:05:59,534 INFO  util.JvmPauseMonitor (JvmPauseMonitor.java:run(188)) - Starting JVM pause monitor
2019-08-10 04:05:59,536 INFO  datanode.InitDatanodeState (InitDatanodeState.java:persistContainerDatanodeDetails(140)) - DatanodeDetails is persisted to /workdir/hadoop-ozone/integration-test/target/test-dir/MiniOzoneClusterImpl-78319399-da6d-4099-9cd6-4b429a1af7e9/datanode-2/meta/datanode.id
2019-08-10 04:05:59,543 INFO  volume.HddsVolume (HddsVolume.java:<init>(176)) - Creating Volume: /workdir/hadoop-ozone/integration-test/target/test-dir/MiniOzoneClusterImpl-78319399-da6d-4099-9cd6-4b429a1af7e9/datanode-3/data/containers/hdds of  storage type : DISK and capacity : 52710309888
2019-08-10 04:05:59,543 INFO  volume.VolumeSet (VolumeSet.java:initializeVolumeSet(170)) - Added Volume : /workdir/hadoop-ozone/integration-test/target/test-dir/MiniOzoneClusterImpl-78319399-da6d-4099-9cd6-4b429a1af7e9/datanode-3/data/containers/hdds to VolumeSet
2019-08-10 04:05:59,544 INFO  volume.ThrottledAsyncChecker (ThrottledAsyncChecker.java:schedule(140)) - Scheduling a check for org.apache.hadoop.ozone.container.common.volume.HddsVolume@49580ca8
2019-08-10 04:05:59,544 INFO  volume.HddsVolumeChecker (HddsVolumeChecker.java:checkAllVolumes(203)) - Scheduled health check for volume org.apache.hadoop.ozone.container.common.volume.HddsVolume@49580ca8
2019-08-10 04:05:59,558 INFO  impl.RaftServerProxy (ConfUtils.java:logGet(43)) - raft.rpc.type = GRPC (default)
2019-08-10 04:05:59,558 INFO  grpc.GrpcFactory (GrpcFactory.java:checkPooledByteBufAllocatorUseCacheForAllThreads(45)) - PERFORMANCE WARNING: useCacheForAllThreads is true that may cause Netty to create a lot garbage objects and, as a result, trigger GC.
	It is recommended to disable useCacheForAllThreads by setting -Dorg.apache.ratis.thirdparty.io.netty.allocator.useCacheForAllThreads=false in command line.
2019-08-10 04:05:59,559 INFO  grpc.GrpcConfigKeys$Server (ConfUtils.java:logGet(43)) - raft.grpc.server.port = 0 (default)
2019-08-10 04:05:59,559 INFO  server.GrpcService (ConfUtils.java:logGet(43)) - raft.grpc.message.size.max = 33570816 (custom)
2019-08-10 04:05:59,559 INFO  server.RaftServerConfigKeys (ConfUtils.java:logGet(43)) - raft.server.log.appender.buffer.byte-limit = 33554432 (custom)
2019-08-10 04:05:59,559 INFO  server.GrpcService (ConfUtils.java:logGet(43)) - raft.grpc.flow.control.window = 1MB (=1048576) (default)
2019-08-10 04:05:59,560 INFO  server.RaftServerConfigKeys (ConfUtils.java:logGet(43)) - raft.server.rpc.request.timeout = 3000ms (default)
2019-08-10 04:05:59,560 INFO  server.RaftServerConfigKeys (ConfUtils.java:logGet(43)) - raft.server.storage.dir = [/workdir/hadoop-ozone/integration-test/target/test-dir/MiniOzoneClusterImpl-78319399-da6d-4099-9cd6-4b429a1af7e9/datanode-3/data/ratis] (custom)
2019-08-10 04:05:59,561 INFO  replication.SimpleContainerDownloader (SimpleContainerDownloader.java:<init>(72)) - Starting container downloader service to copy containers to replicate.
2019-08-10 04:05:59,562 INFO  hdfs.DFSUtil (DFSUtil.java:httpServerTemplateForNNAndJN(1641)) - Starting Web-server for hddsDatanode at: http://0.0.0.0:0
2019-08-10 04:05:59,563 INFO  server.AuthenticationFilter (AuthenticationFilter.java:constructSecretProvider(240)) - Unable to initialize FileSignerSecretProvider, falling back to use random secrets.
2019-08-10 04:05:59,564 WARN  http.HttpRequestLog (HttpRequestLog.java:getRequestLog(97)) - Jetty request log can only be enabled using Log4j
2019-08-10 04:05:59,565 INFO  http.HttpServer2 (HttpServer2.java:addGlobalFilter(975)) - Added global filter 'safety' (class=org.apache.hadoop.http.HttpServer2$QuotingInputFilter)
2019-08-10 04:05:59,566 INFO  http.HttpServer2 (HttpServer2.java:addFilter(948)) - Added filter static_user_filter (class=org.apache.hadoop.http.lib.StaticUserWebFilter$StaticUserFilter) to context hddsDatanode
2019-08-10 04:05:59,566 INFO  http.HttpServer2 (HttpServer2.java:addFilter(958)) - Added filter static_user_filter (class=org.apache.hadoop.http.lib.StaticUserWebFilter$StaticUserFilter) to context static
2019-08-10 04:05:59,566 INFO  http.HttpServer2 (HttpServer2.java:addFilter(958)) - Added filter static_user_filter (class=org.apache.hadoop.http.lib.StaticUserWebFilter$StaticUserFilter) to context logs
2019-08-10 04:05:59,567 INFO  http.HttpServer2 (HttpServer2.java:bindListener(1191)) - Jetty bound to port 43570
2019-08-10 04:05:59,567 INFO  server.Server (Server.java:doStart(351)) - jetty-9.3.24.v20180605, build timestamp: 2018-06-05T17:11:56Z, git hash: 84205aa28f11a4f31f2a3b86d1bba2cc8ab69827
2019-08-10 04:05:59,569 INFO  handler.ContextHandler (ContextHandler.java:doStart(781)) - Started o.e.j.s.ServletContextHandler@5b29ab61{/logs,file:///workdir/hadoop-ozone/integration-test/target/log,AVAILABLE}
2019-08-10 04:05:59,570 INFO  handler.ContextHandler (ContextHandler.java:doStart(781)) - Started o.e.j.s.ServletContextHandler@1e1e837d{/static,jar:file:/home/user/.m2/repository/org/apache/hadoop/hadoop-hdds-container-service/0.4.1-SNAPSHOT/hadoop-hdds-container-service-0.4.1-SNAPSHOT.jar!/webapps/static,AVAILABLE}
2019-08-10 04:05:59,597 INFO  handler.ContextHandler (ContextHandler.java:doStart(781)) - Started o.e.j.w.WebAppContext@33d7765a{/,file:///tmp/jetty-0.0.0.0-43570-hddsDatanode-_-any-3365281913177934146.dir/webapp/,AVAILABLE}{/hddsDatanode}
2019-08-10 04:05:59,598 INFO  server.AbstractConnector (AbstractConnector.java:doStart(278)) - Started ServerConnector@69ed5ea2{HTTP/1.1,[http/1.1]}{0.0.0.0:43570}
2019-08-10 04:05:59,598 INFO  server.Server (Server.java:doStart(419)) - Started @6809ms
2019-08-10 04:05:59,600 INFO  server.BaseHttpServer (BaseHttpServer.java:updateConnectorAddress(207)) - HTTP server of HDDSDATANODE is listening at http://0.0.0.0:43570
2019-08-10 04:05:59,731 INFO  ozone.HddsDatanodeService (HddsDatanodeService.java:startPlugins(395)) - Started plug-in org.apache.hadoop.ozone.web.OzoneHddsDatanodeService@285a4fe3
2019-08-10 04:05:59,731 INFO  impl.MetricsSystemImpl (MetricsSystemImpl.java:init(158)) - HddsDatanode metrics system started (again)
2019-08-10 04:05:59,734 INFO  ozone.HddsDatanodeService (HddsDatanodeService.java:start(184)) - HddsDatanodeService host:byscane-nightly-wggqd-62853239 ip:192.168.157.255
2019-08-10 04:05:59,735 INFO  util.JvmPauseMonitor (JvmPauseMonitor.java:run(188)) - Starting JVM pause monitor
2019-08-10 04:05:59,737 INFO  datanode.InitDatanodeState (InitDatanodeState.java:persistContainerDatanodeDetails(140)) - DatanodeDetails is persisted to /workdir/hadoop-ozone/integration-test/target/test-dir/MiniOzoneClusterImpl-78319399-da6d-4099-9cd6-4b429a1af7e9/datanode-3/meta/datanode.id
2019-08-10 04:05:59,743 INFO  volume.HddsVolume (HddsVolume.java:<init>(176)) - Creating Volume: /workdir/hadoop-ozone/integration-test/target/test-dir/MiniOzoneClusterImpl-78319399-da6d-4099-9cd6-4b429a1af7e9/datanode-4/data/containers/hdds of  storage type : DISK and capacity : 52710309888
2019-08-10 04:05:59,744 INFO  volume.VolumeSet (VolumeSet.java:initializeVolumeSet(170)) - Added Volume : /workdir/hadoop-ozone/integration-test/target/test-dir/MiniOzoneClusterImpl-78319399-da6d-4099-9cd6-4b429a1af7e9/datanode-4/data/containers/hdds to VolumeSet
2019-08-10 04:05:59,744 INFO  volume.ThrottledAsyncChecker (ThrottledAsyncChecker.java:schedule(140)) - Scheduling a check for org.apache.hadoop.ozone.container.common.volume.HddsVolume@45037e16
2019-08-10 04:05:59,745 INFO  volume.HddsVolumeChecker (HddsVolumeChecker.java:checkAllVolumes(203)) - Scheduled health check for volume org.apache.hadoop.ozone.container.common.volume.HddsVolume@45037e16
2019-08-10 04:05:59,769 INFO  impl.RaftServerProxy (ConfUtils.java:logGet(43)) - raft.rpc.type = GRPC (default)
2019-08-10 04:05:59,769 INFO  grpc.GrpcFactory (GrpcFactory.java:checkPooledByteBufAllocatorUseCacheForAllThreads(45)) - PERFORMANCE WARNING: useCacheForAllThreads is true that may cause Netty to create a lot garbage objects and, as a result, trigger GC.
	It is recommended to disable useCacheForAllThreads by setting -Dorg.apache.ratis.thirdparty.io.netty.allocator.useCacheForAllThreads=false in command line.
2019-08-10 04:05:59,769 INFO  grpc.GrpcConfigKeys$Server (ConfUtils.java:logGet(43)) - raft.grpc.server.port = 0 (default)
2019-08-10 04:05:59,770 INFO  server.GrpcService (ConfUtils.java:logGet(43)) - raft.grpc.message.size.max = 33570816 (custom)
2019-08-10 04:05:59,770 INFO  server.RaftServerConfigKeys (ConfUtils.java:logGet(43)) - raft.server.log.appender.buffer.byte-limit = 33554432 (custom)
2019-08-10 04:05:59,771 INFO  server.GrpcService (ConfUtils.java:logGet(43)) - raft.grpc.flow.control.window = 1MB (=1048576) (default)
2019-08-10 04:05:59,771 INFO  server.RaftServerConfigKeys (ConfUtils.java:logGet(43)) - raft.server.rpc.request.timeout = 3000ms (default)
2019-08-10 04:05:59,772 INFO  server.RaftServerConfigKeys (ConfUtils.java:logGet(43)) - raft.server.storage.dir = [/workdir/hadoop-ozone/integration-test/target/test-dir/MiniOzoneClusterImpl-78319399-da6d-4099-9cd6-4b429a1af7e9/datanode-4/data/ratis] (custom)
2019-08-10 04:05:59,773 INFO  replication.SimpleContainerDownloader (SimpleContainerDownloader.java:<init>(72)) - Starting container downloader service to copy containers to replicate.
2019-08-10 04:05:59,774 INFO  hdfs.DFSUtil (DFSUtil.java:httpServerTemplateForNNAndJN(1641)) - Starting Web-server for hddsDatanode at: http://0.0.0.0:0
2019-08-10 04:05:59,775 INFO  server.AuthenticationFilter (AuthenticationFilter.java:constructSecretProvider(240)) - Unable to initialize FileSignerSecretProvider, falling back to use random secrets.
2019-08-10 04:05:59,776 WARN  http.HttpRequestLog (HttpRequestLog.java:getRequestLog(97)) - Jetty request log can only be enabled using Log4j
2019-08-10 04:05:59,778 INFO  http.HttpServer2 (HttpServer2.java:addGlobalFilter(975)) - Added global filter 'safety' (class=org.apache.hadoop.http.HttpServer2$QuotingInputFilter)
2019-08-10 04:05:59,779 INFO  http.HttpServer2 (HttpServer2.java:addFilter(948)) - Added filter static_user_filter (class=org.apache.hadoop.http.lib.StaticUserWebFilter$StaticUserFilter) to context hddsDatanode
2019-08-10 04:05:59,780 INFO  http.HttpServer2 (HttpServer2.java:addFilter(958)) - Added filter static_user_filter (class=org.apache.hadoop.http.lib.StaticUserWebFilter$StaticUserFilter) to context static
2019-08-10 04:05:59,780 INFO  http.HttpServer2 (HttpServer2.java:addFilter(958)) - Added filter static_user_filter (class=org.apache.hadoop.http.lib.StaticUserWebFilter$StaticUserFilter) to context logs
2019-08-10 04:05:59,781 INFO  http.HttpServer2 (HttpServer2.java:bindListener(1191)) - Jetty bound to port 33608
2019-08-10 04:05:59,782 INFO  server.Server (Server.java:doStart(351)) - jetty-9.3.24.v20180605, build timestamp: 2018-06-05T17:11:56Z, git hash: 84205aa28f11a4f31f2a3b86d1bba2cc8ab69827
2019-08-10 04:05:59,788 INFO  handler.ContextHandler (ContextHandler.java:doStart(781)) - Started o.e.j.s.ServletContextHandler@2dbfa972{/logs,file:///workdir/hadoop-ozone/integration-test/target/log,AVAILABLE}
2019-08-10 04:05:59,788 INFO  handler.ContextHandler (ContextHandler.java:doStart(781)) - Started o.e.j.s.ServletContextHandler@41aebbb4{/static,jar:file:/home/user/.m2/repository/org/apache/hadoop/hadoop-hdds-container-service/0.4.1-SNAPSHOT/hadoop-hdds-container-service-0.4.1-SNAPSHOT.jar!/webapps/static,AVAILABLE}
2019-08-10 04:05:59,830 INFO  handler.ContextHandler (ContextHandler.java:doStart(781)) - Started o.e.j.w.WebAppContext@6629643d{/,file:///tmp/jetty-0.0.0.0-33608-hddsDatanode-_-any-2369040713924591912.dir/webapp/,AVAILABLE}{/hddsDatanode}
2019-08-10 04:05:59,831 INFO  server.AbstractConnector (AbstractConnector.java:doStart(278)) - Started ServerConnector@2dd178f3{HTTP/1.1,[http/1.1]}{0.0.0.0:33608}
2019-08-10 04:05:59,832 INFO  server.Server (Server.java:doStart(419)) - Started @7043ms
2019-08-10 04:05:59,833 INFO  server.BaseHttpServer (BaseHttpServer.java:updateConnectorAddress(207)) - HTTP server of HDDSDATANODE is listening at http://0.0.0.0:33608
2019-08-10 04:05:59,965 INFO  ozone.HddsDatanodeService (HddsDatanodeService.java:startPlugins(395)) - Started plug-in org.apache.hadoop.ozone.web.OzoneHddsDatanodeService@7364f68
2019-08-10 04:05:59,965 INFO  impl.MetricsSystemImpl (MetricsSystemImpl.java:init(158)) - HddsDatanode metrics system started (again)
2019-08-10 04:05:59,969 INFO  ozone.HddsDatanodeService (HddsDatanodeService.java:start(184)) - HddsDatanodeService host:byscane-nightly-wggqd-62853239 ip:192.168.157.255
2019-08-10 04:05:59,970 INFO  util.JvmPauseMonitor (JvmPauseMonitor.java:run(188)) - Starting JVM pause monitor
2019-08-10 04:05:59,973 INFO  datanode.InitDatanodeState (InitDatanodeState.java:persistContainerDatanodeDetails(140)) - DatanodeDetails is persisted to /workdir/hadoop-ozone/integration-test/target/test-dir/MiniOzoneClusterImpl-78319399-da6d-4099-9cd6-4b429a1af7e9/datanode-4/meta/datanode.id
2019-08-10 04:05:59,978 INFO  volume.HddsVolume (HddsVolume.java:<init>(176)) - Creating Volume: /workdir/hadoop-ozone/integration-test/target/test-dir/MiniOzoneClusterImpl-78319399-da6d-4099-9cd6-4b429a1af7e9/datanode-5/data/containers/hdds of  storage type : DISK and capacity : 52710309888
2019-08-10 04:05:59,978 INFO  volume.VolumeSet (VolumeSet.java:initializeVolumeSet(170)) - Added Volume : /workdir/hadoop-ozone/integration-test/target/test-dir/MiniOzoneClusterImpl-78319399-da6d-4099-9cd6-4b429a1af7e9/datanode-5/data/containers/hdds to VolumeSet
2019-08-10 04:05:59,979 INFO  volume.ThrottledAsyncChecker (ThrottledAsyncChecker.java:schedule(140)) - Scheduling a check for org.apache.hadoop.ozone.container.common.volume.HddsVolume@3e43f049
2019-08-10 04:05:59,979 INFO  volume.HddsVolumeChecker (HddsVolumeChecker.java:checkAllVolumes(203)) - Scheduled health check for volume org.apache.hadoop.ozone.container.common.volume.HddsVolume@3e43f049
2019-08-10 04:06:00,000 INFO  impl.RaftServerProxy (ConfUtils.java:logGet(43)) - raft.rpc.type = GRPC (default)
2019-08-10 04:06:00,001 INFO  grpc.GrpcFactory (GrpcFactory.java:checkPooledByteBufAllocatorUseCacheForAllThreads(45)) - PERFORMANCE WARNING: useCacheForAllThreads is true that may cause Netty to create a lot garbage objects and, as a result, trigger GC.
	It is recommended to disable useCacheForAllThreads by setting -Dorg.apache.ratis.thirdparty.io.netty.allocator.useCacheForAllThreads=false in command line.
2019-08-10 04:06:00,001 INFO  grpc.GrpcConfigKeys$Server (ConfUtils.java:logGet(43)) - raft.grpc.server.port = 0 (default)
2019-08-10 04:06:00,002 INFO  server.GrpcService (ConfUtils.java:logGet(43)) - raft.grpc.message.size.max = 33570816 (custom)
2019-08-10 04:06:00,002 INFO  server.RaftServerConfigKeys (ConfUtils.java:logGet(43)) - raft.server.log.appender.buffer.byte-limit = 33554432 (custom)
2019-08-10 04:06:00,002 INFO  server.GrpcService (ConfUtils.java:logGet(43)) - raft.grpc.flow.control.window = 1MB (=1048576) (default)
2019-08-10 04:06:00,003 INFO  server.RaftServerConfigKeys (ConfUtils.java:logGet(43)) - raft.server.rpc.request.timeout = 3000ms (default)
2019-08-10 04:06:00,003 INFO  server.RaftServerConfigKeys (ConfUtils.java:logGet(43)) - raft.server.storage.dir = [/workdir/hadoop-ozone/integration-test/target/test-dir/MiniOzoneClusterImpl-78319399-da6d-4099-9cd6-4b429a1af7e9/datanode-5/data/ratis] (custom)
2019-08-10 04:06:00,004 INFO  replication.SimpleContainerDownloader (SimpleContainerDownloader.java:<init>(72)) - Starting container downloader service to copy containers to replicate.
2019-08-10 04:06:00,006 INFO  hdfs.DFSUtil (DFSUtil.java:httpServerTemplateForNNAndJN(1641)) - Starting Web-server for hddsDatanode at: http://0.0.0.0:0
2019-08-10 04:06:00,007 INFO  server.AuthenticationFilter (AuthenticationFilter.java:constructSecretProvider(240)) - Unable to initialize FileSignerSecretProvider, falling back to use random secrets.
2019-08-10 04:06:00,008 WARN  http.HttpRequestLog (HttpRequestLog.java:getRequestLog(97)) - Jetty request log can only be enabled using Log4j
2019-08-10 04:06:00,010 INFO  http.HttpServer2 (HttpServer2.java:addGlobalFilter(975)) - Added global filter 'safety' (class=org.apache.hadoop.http.HttpServer2$QuotingInputFilter)
2019-08-10 04:06:00,010 INFO  http.HttpServer2 (HttpServer2.java:addFilter(948)) - Added filter static_user_filter (class=org.apache.hadoop.http.lib.StaticUserWebFilter$StaticUserFilter) to context hddsDatanode
2019-08-10 04:06:00,011 INFO  http.HttpServer2 (HttpServer2.java:addFilter(958)) - Added filter static_user_filter (class=org.apache.hadoop.http.lib.StaticUserWebFilter$StaticUserFilter) to context static
2019-08-10 04:06:00,011 INFO  http.HttpServer2 (HttpServer2.java:addFilter(958)) - Added filter static_user_filter (class=org.apache.hadoop.http.lib.StaticUserWebFilter$StaticUserFilter) to context logs
2019-08-10 04:06:00,012 INFO  http.HttpServer2 (HttpServer2.java:bindListener(1191)) - Jetty bound to port 43816
2019-08-10 04:06:00,012 INFO  server.Server (Server.java:doStart(351)) - jetty-9.3.24.v20180605, build timestamp: 2018-06-05T17:11:56Z, git hash: 84205aa28f11a4f31f2a3b86d1bba2cc8ab69827
2019-08-10 04:06:00,015 INFO  handler.ContextHandler (ContextHandler.java:doStart(781)) - Started o.e.j.s.ServletContextHandler@255d9277{/logs,file:///workdir/hadoop-ozone/integration-test/target/log,AVAILABLE}
2019-08-10 04:06:00,015 INFO  handler.ContextHandler (ContextHandler.java:doStart(781)) - Started o.e.j.s.ServletContextHandler@7e191fda{/static,jar:file:/home/user/.m2/repository/org/apache/hadoop/hadoop-hdds-container-service/0.4.1-SNAPSHOT/hadoop-hdds-container-service-0.4.1-SNAPSHOT.jar!/webapps/static,AVAILABLE}
2019-08-10 04:06:00,052 INFO  handler.ContextHandler (ContextHandler.java:doStart(781)) - Started o.e.j.w.WebAppContext@935493d{/,file:///tmp/jetty-0.0.0.0-43816-hddsDatanode-_-any-5849701722923461304.dir/webapp/,AVAILABLE}{/hddsDatanode}
2019-08-10 04:06:00,053 INFO  server.AbstractConnector (AbstractConnector.java:doStart(278)) - Started ServerConnector@9b367c8{HTTP/1.1,[http/1.1]}{0.0.0.0:43816}
2019-08-10 04:06:00,054 INFO  server.Server (Server.java:doStart(419)) - Started @7265ms
2019-08-10 04:06:00,055 INFO  server.BaseHttpServer (BaseHttpServer.java:updateConnectorAddress(207)) - HTTP server of HDDSDATANODE is listening at http://0.0.0.0:43816
2019-08-10 04:06:00,203 INFO  ozone.HddsDatanodeService (HddsDatanodeService.java:startPlugins(395)) - Started plug-in org.apache.hadoop.ozone.web.OzoneHddsDatanodeService@5b742bc8
2019-08-10 04:06:00,204 INFO  impl.MetricsSystemImpl (MetricsSystemImpl.java:init(158)) - HddsDatanode metrics system started (again)
2019-08-10 04:06:00,209 INFO  util.JvmPauseMonitor (JvmPauseMonitor.java:run(188)) - Starting JVM pause monitor
2019-08-10 04:06:00,209 INFO  ozone.HddsDatanodeService (HddsDatanodeService.java:start(184)) - HddsDatanodeService host:byscane-nightly-wggqd-62853239 ip:192.168.157.255
2019-08-10 04:06:00,212 INFO  datanode.InitDatanodeState (InitDatanodeState.java:persistContainerDatanodeDetails(140)) - DatanodeDetails is persisted to /workdir/hadoop-ozone/integration-test/target/test-dir/MiniOzoneClusterImpl-78319399-da6d-4099-9cd6-4b429a1af7e9/datanode-5/meta/datanode.id
2019-08-10 04:06:00,219 INFO  volume.HddsVolume (HddsVolume.java:<init>(176)) - Creating Volume: /workdir/hadoop-ozone/integration-test/target/test-dir/MiniOzoneClusterImpl-78319399-da6d-4099-9cd6-4b429a1af7e9/datanode-6/data/containers/hdds of  storage type : DISK and capacity : 52710309888
2019-08-10 04:06:00,220 INFO  volume.VolumeSet (VolumeSet.java:initializeVolumeSet(170)) - Added Volume : /workdir/hadoop-ozone/integration-test/target/test-dir/MiniOzoneClusterImpl-78319399-da6d-4099-9cd6-4b429a1af7e9/datanode-6/data/containers/hdds to VolumeSet
2019-08-10 04:06:00,220 INFO  volume.ThrottledAsyncChecker (ThrottledAsyncChecker.java:schedule(140)) - Scheduling a check for org.apache.hadoop.ozone.container.common.volume.HddsVolume@b506ed0
2019-08-10 04:06:00,221 INFO  volume.HddsVolumeChecker (HddsVolumeChecker.java:checkAllVolumes(203)) - Scheduled health check for volume org.apache.hadoop.ozone.container.common.volume.HddsVolume@b506ed0
2019-08-10 04:06:00,240 INFO  impl.RaftServerProxy (ConfUtils.java:logGet(43)) - raft.rpc.type = GRPC (default)
2019-08-10 04:06:00,241 INFO  grpc.GrpcFactory (GrpcFactory.java:checkPooledByteBufAllocatorUseCacheForAllThreads(45)) - PERFORMANCE WARNING: useCacheForAllThreads is true that may cause Netty to create a lot garbage objects and, as a result, trigger GC.
	It is recommended to disable useCacheForAllThreads by setting -Dorg.apache.ratis.thirdparty.io.netty.allocator.useCacheForAllThreads=false in command line.
2019-08-10 04:06:00,241 INFO  grpc.GrpcConfigKeys$Server (ConfUtils.java:logGet(43)) - raft.grpc.server.port = 0 (default)
2019-08-10 04:06:00,241 INFO  server.GrpcService (ConfUtils.java:logGet(43)) - raft.grpc.message.size.max = 33570816 (custom)
2019-08-10 04:06:00,241 INFO  server.RaftServerConfigKeys (ConfUtils.java:logGet(43)) - raft.server.log.appender.buffer.byte-limit = 33554432 (custom)
2019-08-10 04:06:00,242 INFO  server.GrpcService (ConfUtils.java:logGet(43)) - raft.grpc.flow.control.window = 1MB (=1048576) (default)
2019-08-10 04:06:00,242 INFO  server.RaftServerConfigKeys (ConfUtils.java:logGet(43)) - raft.server.rpc.request.timeout = 3000ms (default)
2019-08-10 04:06:00,243 INFO  server.RaftServerConfigKeys (ConfUtils.java:logGet(43)) - raft.server.storage.dir = [/workdir/hadoop-ozone/integration-test/target/test-dir/MiniOzoneClusterImpl-78319399-da6d-4099-9cd6-4b429a1af7e9/datanode-6/data/ratis] (custom)
2019-08-10 04:06:00,243 INFO  replication.SimpleContainerDownloader (SimpleContainerDownloader.java:<init>(72)) - Starting container downloader service to copy containers to replicate.
2019-08-10 04:06:00,245 INFO  hdfs.DFSUtil (DFSUtil.java:httpServerTemplateForNNAndJN(1641)) - Starting Web-server for hddsDatanode at: http://0.0.0.0:0
2019-08-10 04:06:00,247 INFO  server.AuthenticationFilter (AuthenticationFilter.java:constructSecretProvider(240)) - Unable to initialize FileSignerSecretProvider, falling back to use random secrets.
2019-08-10 04:06:00,248 WARN  http.HttpRequestLog (HttpRequestLog.java:getRequestLog(97)) - Jetty request log can only be enabled using Log4j
2019-08-10 04:06:00,250 INFO  http.HttpServer2 (HttpServer2.java:addGlobalFilter(975)) - Added global filter 'safety' (class=org.apache.hadoop.http.HttpServer2$QuotingInputFilter)
2019-08-10 04:06:00,250 INFO  http.HttpServer2 (HttpServer2.java:addFilter(948)) - Added filter static_user_filter (class=org.apache.hadoop.http.lib.StaticUserWebFilter$StaticUserFilter) to context hddsDatanode
2019-08-10 04:06:00,251 INFO  http.HttpServer2 (HttpServer2.java:addFilter(958)) - Added filter static_user_filter (class=org.apache.hadoop.http.lib.StaticUserWebFilter$StaticUserFilter) to context logs
2019-08-10 04:06:00,251 INFO  http.HttpServer2 (HttpServer2.java:addFilter(958)) - Added filter static_user_filter (class=org.apache.hadoop.http.lib.StaticUserWebFilter$StaticUserFilter) to context static
2019-08-10 04:06:00,252 INFO  http.HttpServer2 (HttpServer2.java:bindListener(1191)) - Jetty bound to port 44274
2019-08-10 04:06:00,252 INFO  server.Server (Server.java:doStart(351)) - jetty-9.3.24.v20180605, build timestamp: 2018-06-05T17:11:56Z, git hash: 84205aa28f11a4f31f2a3b86d1bba2cc8ab69827
2019-08-10 04:06:00,255 INFO  handler.ContextHandler (ContextHandler.java:doStart(781)) - Started o.e.j.s.ServletContextHandler@2c60ce47{/logs,file:///workdir/hadoop-ozone/integration-test/target/log,AVAILABLE}
2019-08-10 04:06:00,256 INFO  handler.ContextHandler (ContextHandler.java:doStart(781)) - Started o.e.j.s.ServletContextHandler@59918c8f{/static,jar:file:/home/user/.m2/repository/org/apache/hadoop/hadoop-hdds-container-service/0.4.1-SNAPSHOT/hadoop-hdds-container-service-0.4.1-SNAPSHOT.jar!/webapps/static,AVAILABLE}
2019-08-10 04:06:00,296 INFO  handler.ContextHandler (ContextHandler.java:doStart(781)) - Started o.e.j.w.WebAppContext@3c33fcf8{/,file:///tmp/jetty-0.0.0.0-44274-hddsDatanode-_-any-2418054115657096997.dir/webapp/,AVAILABLE}{/hddsDatanode}
2019-08-10 04:06:00,296 INFO  server.AbstractConnector (AbstractConnector.java:doStart(278)) - Started ServerConnector@dada335{HTTP/1.1,[http/1.1]}{0.0.0.0:44274}
2019-08-10 04:06:00,298 INFO  server.Server (Server.java:doStart(419)) - Started @7509ms
2019-08-10 04:06:00,298 INFO  server.BaseHttpServer (BaseHttpServer.java:updateConnectorAddress(207)) - HTTP server of HDDSDATANODE is listening at http://0.0.0.0:44274
2019-08-10 04:06:00,532 INFO  ozone.HddsDatanodeService (HddsDatanodeService.java:startPlugins(395)) - Started plug-in org.apache.hadoop.ozone.web.OzoneHddsDatanodeService@27bc1d44
2019-08-10 04:06:00,535 INFO  ozone.MiniOzoneClusterImpl (MiniOzoneClusterImpl.java:lambda$waitForClusterToBeReady$0(142)) - Waiting for cluster to be ready. Got 0 of 7 DN Heartbeats.
2019-08-10 04:06:00,536 INFO  util.JvmPauseMonitor (JvmPauseMonitor.java:run(188)) - Starting JVM pause monitor
2019-08-10 04:06:00,539 INFO  datanode.InitDatanodeState (InitDatanodeState.java:persistContainerDatanodeDetails(140)) - DatanodeDetails is persisted to /workdir/hadoop-ozone/integration-test/target/test-dir/MiniOzoneClusterImpl-78319399-da6d-4099-9cd6-4b429a1af7e9/datanode-6/meta/datanode.id
2019-08-10 04:06:01,115 INFO  ozoneimpl.OzoneContainer (OzoneContainer.java:start(186)) - Attempting to start container services.
2019-08-10 04:06:01,117 INFO  ozoneimpl.OzoneContainer (OzoneContainer.java:startContainerScrub(160)) - Background container scrubber has been disabled by hdds.containerscrub.enabled
2019-08-10 04:06:01,117 INFO  ratis.XceiverServerRatis (XceiverServerRatis.java:start(404)) - Starting XceiverServerRatis 1322933e-f801-4eab-8c61-7265168793c5 at port 0
2019-08-10 04:06:01,138 INFO  impl.RaftServerProxy (RaftServerProxy.java:lambda$start$3(299)) - 1322933e-f801-4eab-8c61-7265168793c5: start RPC server
2019-08-10 04:06:01,262 INFO  server.GrpcService (GrpcService.java:startImpl(149)) - 1322933e-f801-4eab-8c61-7265168793c5: GrpcService started, listening on 0.0.0.0/0.0.0.0:38537
2019-08-10 04:06:01,263 INFO  ratis.XceiverServerRatis (XceiverServerRatis.java:start(414)) - XceiverServerRatis 1322933e-f801-4eab-8c61-7265168793c5 is started using port 38537
2019-08-10 04:06:01,265 INFO  server.XceiverServerGrpc (XceiverServerGrpc.java:start(161)) - XceiverServerGrpc 1322933e-f801-4eab-8c61-7265168793c5 is started using port 36868
2019-08-10 04:06:01,376 INFO  ozoneimpl.OzoneContainer (OzoneContainer.java:start(186)) - Attempting to start container services.
2019-08-10 04:06:01,379 INFO  ozoneimpl.OzoneContainer (OzoneContainer.java:startContainerScrub(160)) - Background container scrubber has been disabled by hdds.containerscrub.enabled
2019-08-10 04:06:01,379 INFO  ratis.XceiverServerRatis (XceiverServerRatis.java:start(404)) - Starting XceiverServerRatis f94c1b2c-6457-4bd4-b145-0da877ce7d7a at port 0
2019-08-10 04:06:01,390 INFO  impl.RaftServerProxy (RaftServerProxy.java:lambda$start$3(299)) - f94c1b2c-6457-4bd4-b145-0da877ce7d7a: start RPC server
2019-08-10 04:06:01,394 INFO  server.GrpcService (GrpcService.java:startImpl(149)) - f94c1b2c-6457-4bd4-b145-0da877ce7d7a: GrpcService started, listening on 0.0.0.0/0.0.0.0:37672
2019-08-10 04:06:01,394 INFO  ratis.XceiverServerRatis (XceiverServerRatis.java:start(414)) - XceiverServerRatis f94c1b2c-6457-4bd4-b145-0da877ce7d7a is started using port 37672
2019-08-10 04:06:01,397 INFO  server.XceiverServerGrpc (XceiverServerGrpc.java:start(161)) - XceiverServerGrpc f94c1b2c-6457-4bd4-b145-0da877ce7d7a is started using port 44458
2019-08-10 04:06:01,535 INFO  ozone.MiniOzoneClusterImpl (MiniOzoneClusterImpl.java:lambda$waitForClusterToBeReady$0(142)) - Waiting for cluster to be ready. Got 0 of 7 DN Heartbeats.
2019-08-10 04:06:01,553 INFO  ozoneimpl.OzoneContainer (OzoneContainer.java:start(186)) - Attempting to start container services.
2019-08-10 04:06:01,555 INFO  ozoneimpl.OzoneContainer (OzoneContainer.java:startContainerScrub(160)) - Background container scrubber has been disabled by hdds.containerscrub.enabled
2019-08-10 04:06:01,555 INFO  ratis.XceiverServerRatis (XceiverServerRatis.java:start(404)) - Starting XceiverServerRatis cb9f76f9-cb80-4305-b09a-f3a7410878f9 at port 0
2019-08-10 04:06:01,565 INFO  impl.RaftServerProxy (RaftServerProxy.java:lambda$start$3(299)) - cb9f76f9-cb80-4305-b09a-f3a7410878f9: start RPC server
2019-08-10 04:06:01,569 INFO  server.GrpcService (GrpcService.java:startImpl(149)) - cb9f76f9-cb80-4305-b09a-f3a7410878f9: GrpcService started, listening on 0.0.0.0/0.0.0.0:34703
2019-08-10 04:06:01,569 INFO  ratis.XceiverServerRatis (XceiverServerRatis.java:start(414)) - XceiverServerRatis cb9f76f9-cb80-4305-b09a-f3a7410878f9 is started using port 34703
2019-08-10 04:06:01,572 INFO  server.XceiverServerGrpc (XceiverServerGrpc.java:start(161)) - XceiverServerGrpc cb9f76f9-cb80-4305-b09a-f3a7410878f9 is started using port 41479
2019-08-10 04:06:01,805 INFO  ozoneimpl.OzoneContainer (OzoneContainer.java:start(186)) - Attempting to start container services.
2019-08-10 04:06:01,812 INFO  ozoneimpl.OzoneContainer (OzoneContainer.java:startContainerScrub(160)) - Background container scrubber has been disabled by hdds.containerscrub.enabled
2019-08-10 04:06:01,813 INFO  ratis.XceiverServerRatis (XceiverServerRatis.java:start(404)) - Starting XceiverServerRatis dc93ca29-8927-4af3-88fd-4352eaa333fd at port 0
2019-08-10 04:06:01,824 INFO  impl.RaftServerProxy (RaftServerProxy.java:lambda$start$3(299)) - dc93ca29-8927-4af3-88fd-4352eaa333fd: start RPC server
2019-08-10 04:06:01,828 INFO  server.GrpcService (GrpcService.java:startImpl(149)) - dc93ca29-8927-4af3-88fd-4352eaa333fd: GrpcService started, listening on 0.0.0.0/0.0.0.0:33989
2019-08-10 04:06:01,829 INFO  ratis.XceiverServerRatis (XceiverServerRatis.java:start(414)) - XceiverServerRatis dc93ca29-8927-4af3-88fd-4352eaa333fd is started using port 33989
2019-08-10 04:06:01,832 INFO  server.XceiverServerGrpc (XceiverServerGrpc.java:start(161)) - XceiverServerGrpc dc93ca29-8927-4af3-88fd-4352eaa333fd is started using port 45485
2019-08-10 04:06:01,988 INFO  ozoneimpl.OzoneContainer (OzoneContainer.java:start(186)) - Attempting to start container services.
2019-08-10 04:06:01,988 INFO  ozoneimpl.OzoneContainer (OzoneContainer.java:startContainerScrub(160)) - Background container scrubber has been disabled by hdds.containerscrub.enabled
2019-08-10 04:06:01,988 INFO  ratis.XceiverServerRatis (XceiverServerRatis.java:start(404)) - Starting XceiverServerRatis 6435028b-549c-4b1e-90fb-d3e35990f884 at port 0
2019-08-10 04:06:02,000 INFO  impl.RaftServerProxy (RaftServerProxy.java:lambda$start$3(299)) - 6435028b-549c-4b1e-90fb-d3e35990f884: start RPC server
2019-08-10 04:06:02,005 INFO  server.GrpcService (GrpcService.java:startImpl(149)) - 6435028b-549c-4b1e-90fb-d3e35990f884: GrpcService started, listening on 0.0.0.0/0.0.0.0:39340
2019-08-10 04:06:02,006 INFO  ratis.XceiverServerRatis (XceiverServerRatis.java:start(414)) - XceiverServerRatis 6435028b-549c-4b1e-90fb-d3e35990f884 is started using port 39340
2019-08-10 04:06:02,009 INFO  server.XceiverServerGrpc (XceiverServerGrpc.java:start(161)) - XceiverServerGrpc 6435028b-549c-4b1e-90fb-d3e35990f884 is started using port 36369
2019-08-10 04:06:02,226 INFO  ozoneimpl.OzoneContainer (OzoneContainer.java:start(186)) - Attempting to start container services.
2019-08-10 04:06:02,226 INFO  ozoneimpl.OzoneContainer (OzoneContainer.java:startContainerScrub(160)) - Background container scrubber has been disabled by hdds.containerscrub.enabled
2019-08-10 04:06:02,226 INFO  ratis.XceiverServerRatis (XceiverServerRatis.java:start(404)) - Starting XceiverServerRatis 9fb16d77-47ad-4452-9caf-f9ff65d0025b at port 0
2019-08-10 04:06:02,235 INFO  impl.RaftServerProxy (RaftServerProxy.java:lambda$start$3(299)) - 9fb16d77-47ad-4452-9caf-f9ff65d0025b: start RPC server
2019-08-10 04:06:02,239 INFO  server.GrpcService (GrpcService.java:startImpl(149)) - 9fb16d77-47ad-4452-9caf-f9ff65d0025b: GrpcService started, listening on 0.0.0.0/0.0.0.0:42226
2019-08-10 04:06:02,239 INFO  ratis.XceiverServerRatis (XceiverServerRatis.java:start(414)) - XceiverServerRatis 9fb16d77-47ad-4452-9caf-f9ff65d0025b is started using port 42226
2019-08-10 04:06:02,244 INFO  server.XceiverServerGrpc (XceiverServerGrpc.java:start(161)) - XceiverServerGrpc 9fb16d77-47ad-4452-9caf-f9ff65d0025b is started using port 46053
2019-08-10 04:06:02,540 INFO  ozone.MiniOzoneClusterImpl (MiniOzoneClusterImpl.java:lambda$waitForClusterToBeReady$0(142)) - Waiting for cluster to be ready. Got 0 of 7 DN Heartbeats.
2019-08-10 04:06:02,555 INFO  ozoneimpl.OzoneContainer (OzoneContainer.java:start(186)) - Attempting to start container services.
2019-08-10 04:06:02,555 INFO  ozoneimpl.OzoneContainer (OzoneContainer.java:startContainerScrub(160)) - Background container scrubber has been disabled by hdds.containerscrub.enabled
2019-08-10 04:06:02,555 INFO  ratis.XceiverServerRatis (XceiverServerRatis.java:start(404)) - Starting XceiverServerRatis fcb47271-f594-42f2-9d06-9675c1177c5f at port 0
2019-08-10 04:06:02,565 INFO  impl.RaftServerProxy (RaftServerProxy.java:lambda$start$3(299)) - fcb47271-f594-42f2-9d06-9675c1177c5f: start RPC server
2019-08-10 04:06:02,571 INFO  server.GrpcService (GrpcService.java:startImpl(149)) - fcb47271-f594-42f2-9d06-9675c1177c5f: GrpcService started, listening on 0.0.0.0/0.0.0.0:38678
2019-08-10 04:06:02,571 INFO  ratis.XceiverServerRatis (XceiverServerRatis.java:start(414)) - XceiverServerRatis fcb47271-f594-42f2-9d06-9675c1177c5f is started using port 38678
2019-08-10 04:06:02,575 INFO  server.XceiverServerGrpc (XceiverServerGrpc.java:start(161)) - XceiverServerGrpc fcb47271-f594-42f2-9d06-9675c1177c5f is started using port 39290
2019-08-10 04:06:03,110 INFO  net.NetworkTopology (NetworkTopologyImpl.java:add(110)) - Added a new node: /default-rack/1322933e-f801-4eab-8c61-7265168793c5
2019-08-10 04:06:03,111 INFO  node.SCMNodeManager (SCMNodeManager.java:register(273)) - Registered Data node : 1322933e-f801-4eab-8c61-7265168793c5{ip: 192.168.157.255, host: byscane-nightly-wggqd-62853239, networkLocation: /default-rack, certSerialId: null}
2019-08-10 04:06:03,117 INFO  safemode.SCMSafeModeManager (DataNodeSafeModeRule.java:process(71)) - SCM in safe mode. 1 DataNodes registered, 1 required.
2019-08-10 04:06:03,117 INFO  safemode.SCMSafeModeManager (SCMSafeModeManager.java:validateSafeModeExitRules(177)) - ScmSafeModeManager, all rules are successfully validated
2019-08-10 04:06:03,117 INFO  safemode.SCMSafeModeManager (SCMSafeModeManager.java:exitSafeMode(193)) - SCM exiting safe mode.
2019-08-10 04:06:03,327 INFO  net.NetworkTopology (NetworkTopologyImpl.java:add(110)) - Added a new node: /default-rack/f94c1b2c-6457-4bd4-b145-0da877ce7d7a
2019-08-10 04:06:03,328 INFO  node.SCMNodeManager (SCMNodeManager.java:register(273)) - Registered Data node : f94c1b2c-6457-4bd4-b145-0da877ce7d7a{ip: 192.168.157.255, host: byscane-nightly-wggqd-62853239, networkLocation: /default-rack, certSerialId: null}
2019-08-10 04:06:03,539 INFO  net.NetworkTopology (NetworkTopologyImpl.java:add(110)) - Added a new node: /default-rack/cb9f76f9-cb80-4305-b09a-f3a7410878f9
2019-08-10 04:06:03,539 INFO  node.SCMNodeManager (SCMNodeManager.java:register(273)) - Registered Data node : cb9f76f9-cb80-4305-b09a-f3a7410878f9{ip: 192.168.157.255, host: byscane-nightly-wggqd-62853239, networkLocation: /default-rack, certSerialId: null}
2019-08-10 04:06:03,541 INFO  ozone.MiniOzoneClusterImpl (MiniOzoneClusterImpl.java:lambda$waitForClusterToBeReady$0(142)) - Waiting for cluster to be ready. Got 3 of 7 DN Heartbeats.
2019-08-10 04:06:04,062 INFO  net.NetworkTopology (NetworkTopologyImpl.java:add(110)) - Added a new node: /default-rack/dc93ca29-8927-4af3-88fd-4352eaa333fd
2019-08-10 04:06:04,062 INFO  net.NetworkTopology (NetworkTopologyImpl.java:add(110)) - Added a new node: /default-rack/6435028b-549c-4b1e-90fb-d3e35990f884
2019-08-10 04:06:04,062 INFO  node.SCMNodeManager (SCMNodeManager.java:register(273)) - Registered Data node : dc93ca29-8927-4af3-88fd-4352eaa333fd{ip: 192.168.157.255, host: byscane-nightly-wggqd-62853239, networkLocation: /default-rack, certSerialId: null}
2019-08-10 04:06:04,062 INFO  node.SCMNodeManager (SCMNodeManager.java:register(273)) - Registered Data node : 6435028b-549c-4b1e-90fb-d3e35990f884{ip: 192.168.157.255, host: byscane-nightly-wggqd-62853239, networkLocation: /default-rack, certSerialId: null}
2019-08-10 04:06:04,083 INFO  impl.RaftServerProxy (RaftServerProxy.java:addNew(89)) - 1322933e-f801-4eab-8c61-7265168793c5: addNew group-B600AD59AAFA:[1322933e-f801-4eab-8c61-7265168793c5:192.168.157.255:38537] returns group-B600AD59AAFA:java.util.concurrent.CompletableFuture@1b154233[Not completed]
2019-08-10 04:06:04,107 INFO  impl.RaftServerImpl (RaftServerImpl.java:<init>(93)) - 1322933e-f801-4eab-8c61-7265168793c5: new RaftServerImpl for group-B600AD59AAFA:[1322933e-f801-4eab-8c61-7265168793c5:192.168.157.255:38537] with ContainerStateMachine:uninitialized
2019-08-10 04:06:04,109 INFO  server.RaftServerConfigKeys (ConfUtils.java:logGet(43)) - raft.server.rpc.timeout.min = 5s (custom)
2019-08-10 04:06:04,110 INFO  server.RaftServerConfigKeys (ConfUtils.java:logGet(43)) - raft.server.rpc.timeout.max = 5200ms (custom)
2019-08-10 04:06:04,111 INFO  server.RaftServerConfigKeys (ConfUtils.java:logGet(43)) - raft.server.rpcslowness.timeout = 120s (custom)
2019-08-10 04:06:04,111 INFO  server.RaftServerConfigKeys (ConfUtils.java:logGet(43)) - raft.server.sleep.deviation.threshold = 300 (default)
2019-08-10 04:06:04,112 INFO  server.RaftServerConfigKeys (ConfUtils.java:logGet(43)) - raft.server.log.appender.install.snapshot.enabled = false (custom)
2019-08-10 04:06:04,121 INFO  impl.RaftServerImpl (ServerState.java:<init>(105)) - 1322933e-f801-4eab-8c61-7265168793c5:group-B600AD59AAFA ConfigurationManager, init=-1: [1322933e-f801-4eab-8c61-7265168793c5:192.168.157.255:38537], old=null, confs=<EMPTY_MAP>
2019-08-10 04:06:04,122 INFO  server.RaftServerConfigKeys (ConfUtils.java:logGet(43)) - raft.server.storage.dir = [/workdir/hadoop-ozone/integration-test/target/test-dir/MiniOzoneClusterImpl-78319399-da6d-4099-9cd6-4b429a1af7e9/datanode-0/data/ratis] (custom)
2019-08-10 04:06:04,130 INFO  storage.RaftStorageDirectory (RaftStorageDirectory.java:analyzeStorage(246)) - The storage directory /workdir/hadoop-ozone/integration-test/target/test-dir/MiniOzoneClusterImpl-78319399-da6d-4099-9cd6-4b429a1af7e9/datanode-0/data/ratis/6b70fddc-b679-4832-9f46-b600ad59aafa does not exist. Creating ...
2019-08-10 04:06:04,148 INFO  storage.RaftStorageDirectory (RaftStorageDirectory.java:tryLock(328)) - Lock on /workdir/hadoop-ozone/integration-test/target/test-dir/MiniOzoneClusterImpl-78319399-da6d-4099-9cd6-4b429a1af7e9/datanode-0/data/ratis/6b70fddc-b679-4832-9f46-b600ad59aafa/in_use.lock acquired by nodename 531@byscane-nightly-wggqd-62853239
2019-08-10 04:06:04,163 INFO  storage.RaftStorage (RaftStorage.java:format(72)) - Storage directory /workdir/hadoop-ozone/integration-test/target/test-dir/MiniOzoneClusterImpl-78319399-da6d-4099-9cd6-4b429a1af7e9/datanode-0/data/ratis/6b70fddc-b679-4832-9f46-b600ad59aafa has been successfully formatted.
2019-08-10 04:06:04,166 INFO  ratis.ContainerStateMachine (ContainerStateMachine.java:loadSnapshot(213)) - group-B600AD59AAFA: The snapshot info is null. Setting the last applied indexto:(t:0, i:~)
2019-08-10 04:06:04,166 INFO  server.RaftServerConfigKeys (ConfUtils.java:logGet(43)) - raft.server.leader.election.timeout = 120s (custom)
2019-08-10 04:06:04,168 INFO  server.RaftServerConfigKeys (ConfUtils.java:logGet(43)) - raft.server.log.use.memory = false (default)
2019-08-10 04:06:04,175 INFO  server.RaftServerConfigKeys (ConfUtils.java:logGet(43)) - raft.server.log.purge.gap = 1000000000 (custom)
2019-08-10 04:06:04,175 INFO  server.RaftServerConfigKeys (ConfUtils.java:logGet(43)) - raft.server.log.appender.buffer.byte-limit = 33554432 (custom)
2019-08-10 04:06:04,177 INFO  server.RaftServerConfigKeys (ConfUtils.java:logGet(43)) - raft.server.log.segment.size.max = 1048576 (custom)
2019-08-10 04:06:04,182 INFO  server.RaftServerConfigKeys (ConfUtils.java:logGet(43)) - raft.server.log.segment.cache.num.max = 2 (custom)
2019-08-10 04:06:04,188 INFO  segmented.SegmentedRaftLogWorker (SegmentedRaftLogWorker.java:<init>(172)) - new 1322933e-f801-4eab-8c61-7265168793c5-SegmentedRaftLogWorker:Storage Directory /workdir/hadoop-ozone/integration-test/target/test-dir/MiniOzoneClusterImpl-78319399-da6d-4099-9cd6-4b429a1af7e9/datanode-0/data/ratis/6b70fddc-b679-4832-9f46-b600ad59aafa for RaftStorage:Storage Directory /workdir/hadoop-ozone/integration-test/target/test-dir/MiniOzoneClusterImpl-78319399-da6d-4099-9cd6-4b429a1af7e9/datanode-0/data/ratis/6b70fddc-b679-4832-9f46-b600ad59aafa
2019-08-10 04:06:04,200 INFO  server.RaftServerConfigKeys (ConfUtils.java:logGet(43)) - raft.server.log.queue.byte-limit = 2147483647 (custom)
2019-08-10 04:06:04,201 INFO  server.RaftServerConfigKeys (ConfUtils.java:logGet(43)) - raft.server.log.queue.element-limit = 1024 (custom)
2019-08-10 04:06:04,206 INFO  server.RaftServerConfigKeys (ConfUtils.java:logGet(43)) - raft.server.log.segment.size.max = 1048576 (custom)
2019-08-10 04:06:04,206 INFO  server.RaftServerConfigKeys (ConfUtils.java:logGet(43)) - raft.server.log.preallocated.size = 16384 (custom)
2019-08-10 04:06:04,207 INFO  server.RaftServerConfigKeys (ConfUtils.java:logGet(43)) - raft.server.log.write.buffer.size = 33554432 (custom)
2019-08-10 04:06:04,207 INFO  server.RaftServerConfigKeys (ConfUtils.java:logGet(43)) - raft.server.log.force.sync.num = 128 (default)
2019-08-10 04:06:04,208 INFO  server.RaftServerConfigKeys (ConfUtils.java:logGet(43)) - raft.server.log.statemachine.data.sync = true (default)
2019-08-10 04:06:04,209 INFO  server.RaftServerConfigKeys (ConfUtils.java:logGet(43)) - raft.server.log.statemachine.data.sync.timeout = 10s (default)
2019-08-10 04:06:04,211 INFO  server.RaftServerConfigKeys (ConfUtils.java:logGet(43)) - raft.server.log.statemachine.data.sync.timeout.retry = -1 (default)
2019-08-10 04:06:04,212 INFO  net.NetworkTopology (NetworkTopologyImpl.java:add(110)) - Added a new node: /default-rack/9fb16d77-47ad-4452-9caf-f9ff65d0025b
2019-08-10 04:06:04,214 INFO  node.SCMNodeManager (SCMNodeManager.java:register(273)) - Registered Data node : 9fb16d77-47ad-4452-9caf-f9ff65d0025b{ip: 192.168.157.255, host: byscane-nightly-wggqd-62853239, networkLocation: /default-rack, certSerialId: null}
2019-08-10 04:06:04,221 INFO  server.RaftServerConfigKeys (ConfUtils.java:logGet(43)) - raft.server.log.statemachine.data.caching.enabled = true (custom)
2019-08-10 04:06:04,225 INFO  segmented.SegmentedRaftLogWorker (SegmentedRaftLogWorker.java:lambda$new$0(132)) - 1322933e-f801-4eab-8c61-7265168793c5-SegmentedRaftLogWorker:Storage Directory /workdir/hadoop-ozone/integration-test/target/test-dir/MiniOzoneClusterImpl-78319399-da6d-4099-9cd6-4b429a1af7e9/datanode-0/data/ratis/6b70fddc-b679-4832-9f46-b600ad59aafa: flushIndex: setUnconditionally 0 -> -1
2019-08-10 04:06:04,229 INFO  server.RaftServerConfigKeys (ConfUtils.java:logGet(43)) - raft.server.snapshot.auto.trigger.enabled = true (custom)
2019-08-10 04:06:04,230 INFO  server.RaftServerConfigKeys (ConfUtils.java:logGet(43)) - raft.server.snapshot.auto.trigger.threshold = 10000 (custom)
2019-08-10 04:06:04,230 INFO  server.RaftServerConfigKeys (ConfUtils.java:logGet(43)) - raft.server.retrycache.expirytime = 600000ms (custom)
2019-08-10 04:06:04,250 INFO  impl.RaftServerImpl (RaftServerImpl.java:start(180)) - 1322933e-f801-4eab-8c61-7265168793c5: start group-B600AD59AAFA
2019-08-10 04:06:04,251 INFO  impl.RaftServerImpl (RaftServerImpl.java:setRole(171)) - 1322933e-f801-4eab-8c61-7265168793c5:group-B600AD59AAFA changes role from null to FOLLOWER at term 0 for startAsFollower
2019-08-10 04:06:04,252 INFO  impl.RoleInfo (RoleInfo.java:updateAndGet(143)) - 1322933e-f801-4eab-8c61-7265168793c5: start FollowerState
2019-08-10 04:06:04,254 INFO  util.JmxRegister (JmxRegister.java:tryRegister(44)) - Successfully registered JMX Bean with object name Ratis:service=RaftServer,group=group-B600AD59AAFA,id=1322933e-f801-4eab-8c61-7265168793c5
2019-08-10 04:06:04,318 INFO  pipeline.PipelineStateManager (PipelineStateManager.java:addPipeline(56)) - Created pipeline Pipeline[ Id: 6b70fddc-b679-4832-9f46-b600ad59aafa, Nodes: 1322933e-f801-4eab-8c61-7265168793c5{ip: 192.168.157.255, host: byscane-nightly-wggqd-62853239, networkLocation: /default-rack, certSerialId: null}, Type:RATIS, Factor:ONE, State:OPEN]
2019-08-10 04:06:04,353 INFO  impl.RaftServerProxy (RaftServerProxy.java:addNew(89)) - 6435028b-549c-4b1e-90fb-d3e35990f884: addNew group-8FDFE1901E76:[6435028b-549c-4b1e-90fb-d3e35990f884:192.168.157.255:39340] returns group-8FDFE1901E76:java.util.concurrent.CompletableFuture@1a9059de[Not completed]
2019-08-10 04:06:04,410 INFO  impl.RaftServerImpl (RaftServerImpl.java:<init>(93)) - 6435028b-549c-4b1e-90fb-d3e35990f884: new RaftServerImpl for group-8FDFE1901E76:[6435028b-549c-4b1e-90fb-d3e35990f884:192.168.157.255:39340] with ContainerStateMachine:uninitialized
2019-08-10 04:06:04,412 INFO  server.RaftServerConfigKeys (ConfUtils.java:logGet(43)) - raft.server.rpc.timeout.min = 5s (custom)
2019-08-10 04:06:04,412 INFO  server.RaftServerConfigKeys (ConfUtils.java:logGet(43)) - raft.server.rpc.timeout.max = 5200ms (custom)
2019-08-10 04:06:04,412 INFO  server.RaftServerConfigKeys (ConfUtils.java:logGet(43)) - raft.server.rpcslowness.timeout = 120s (custom)
2019-08-10 04:06:04,412 INFO  server.RaftServerConfigKeys (ConfUtils.java:logGet(43)) - raft.server.sleep.deviation.threshold = 300 (default)
2019-08-10 04:06:04,413 INFO  server.RaftServerConfigKeys (ConfUtils.java:logGet(43)) - raft.server.log.appender.install.snapshot.enabled = false (custom)
2019-08-10 04:06:04,413 INFO  impl.RaftServerImpl (ServerState.java:<init>(105)) - 6435028b-549c-4b1e-90fb-d3e35990f884:group-8FDFE1901E76 ConfigurationManager, init=-1: [6435028b-549c-4b1e-90fb-d3e35990f884:192.168.157.255:39340], old=null, confs=<EMPTY_MAP>
2019-08-10 04:06:04,413 INFO  server.RaftServerConfigKeys (ConfUtils.java:logGet(43)) - raft.server.storage.dir = [/workdir/hadoop-ozone/integration-test/target/test-dir/MiniOzoneClusterImpl-78319399-da6d-4099-9cd6-4b429a1af7e9/datanode-4/data/ratis] (custom)
2019-08-10 04:06:04,413 INFO  storage.RaftStorageDirectory (RaftStorageDirectory.java:analyzeStorage(246)) - The storage directory /workdir/hadoop-ozone/integration-test/target/test-dir/MiniOzoneClusterImpl-78319399-da6d-4099-9cd6-4b429a1af7e9/datanode-4/data/ratis/daecf74a-b4fd-4b93-b744-8fdfe1901e76 does not exist. Creating ...
2019-08-10 04:06:04,428 INFO  storage.RaftStorageDirectory (RaftStorageDirectory.java:tryLock(328)) - Lock on /workdir/hadoop-ozone/integration-test/target/test-dir/MiniOzoneClusterImpl-78319399-da6d-4099-9cd6-4b429a1af7e9/datanode-4/data/ratis/daecf74a-b4fd-4b93-b744-8fdfe1901e76/in_use.lock acquired by nodename 531@byscane-nightly-wggqd-62853239
2019-08-10 04:06:04,442 INFO  storage.RaftStorage (RaftStorage.java:format(72)) - Storage directory /workdir/hadoop-ozone/integration-test/target/test-dir/MiniOzoneClusterImpl-78319399-da6d-4099-9cd6-4b429a1af7e9/datanode-4/data/ratis/daecf74a-b4fd-4b93-b744-8fdfe1901e76 has been successfully formatted.
2019-08-10 04:06:04,444 INFO  ratis.ContainerStateMachine (ContainerStateMachine.java:loadSnapshot(213)) - group-8FDFE1901E76: The snapshot info is null. Setting the last applied indexto:(t:0, i:~)
2019-08-10 04:06:04,445 INFO  server.RaftServerConfigKeys (ConfUtils.java:logGet(43)) - raft.server.leader.election.timeout = 120s (custom)
2019-08-10 04:06:04,445 INFO  server.RaftServerConfigKeys (ConfUtils.java:logGet(43)) - raft.server.log.use.memory = false (default)
2019-08-10 04:06:04,445 INFO  server.RaftServerConfigKeys (ConfUtils.java:logGet(43)) - raft.server.log.purge.gap = 1000000000 (custom)
2019-08-10 04:06:04,446 INFO  server.RaftServerConfigKeys (ConfUtils.java:logGet(43)) - raft.server.log.appender.buffer.byte-limit = 33554432 (custom)
2019-08-10 04:06:04,446 INFO  server.RaftServerConfigKeys (ConfUtils.java:logGet(43)) - raft.server.log.segment.size.max = 1048576 (custom)
2019-08-10 04:06:04,446 INFO  server.RaftServerConfigKeys (ConfUtils.java:logGet(43)) - raft.server.log.segment.cache.num.max = 2 (custom)
2019-08-10 04:06:04,446 INFO  segmented.SegmentedRaftLogWorker (SegmentedRaftLogWorker.java:<init>(172)) - new 6435028b-549c-4b1e-90fb-d3e35990f884-SegmentedRaftLogWorker:Storage Directory /workdir/hadoop-ozone/integration-test/target/test-dir/MiniOzoneClusterImpl-78319399-da6d-4099-9cd6-4b429a1af7e9/datanode-4/data/ratis/daecf74a-b4fd-4b93-b744-8fdfe1901e76 for RaftStorage:Storage Directory /workdir/hadoop-ozone/integration-test/target/test-dir/MiniOzoneClusterImpl-78319399-da6d-4099-9cd6-4b429a1af7e9/datanode-4/data/ratis/daecf74a-b4fd-4b93-b744-8fdfe1901e76
2019-08-10 04:06:04,448 INFO  server.RaftServerConfigKeys (ConfUtils.java:logGet(43)) - raft.server.log.queue.byte-limit = 2147483647 (custom)
2019-08-10 04:06:04,448 INFO  server.RaftServerConfigKeys (ConfUtils.java:logGet(43)) - raft.server.log.queue.element-limit = 1024 (custom)
2019-08-10 04:06:04,448 INFO  server.RaftServerConfigKeys (ConfUtils.java:logGet(43)) - raft.server.log.segment.size.max = 1048576 (custom)
2019-08-10 04:06:04,448 INFO  server.RaftServerConfigKeys (ConfUtils.java:logGet(43)) - raft.server.log.preallocated.size = 16384 (custom)
2019-08-10 04:06:04,449 INFO  server.RaftServerConfigKeys (ConfUtils.java:logGet(43)) - raft.server.log.write.buffer.size = 33554432 (custom)
2019-08-10 04:06:04,449 INFO  server.RaftServerConfigKeys (ConfUtils.java:logGet(43)) - raft.server.log.force.sync.num = 128 (default)
2019-08-10 04:06:04,449 INFO  server.RaftServerConfigKeys (ConfUtils.java:logGet(43)) - raft.server.log.statemachine.data.sync = true (default)
2019-08-10 04:06:04,449 INFO  server.RaftServerConfigKeys (ConfUtils.java:logGet(43)) - raft.server.log.statemachine.data.sync.timeout = 10s (default)
2019-08-10 04:06:04,449 INFO  server.RaftServerConfigKeys (ConfUtils.java:logGet(43)) - raft.server.log.statemachine.data.sync.timeout.retry = -1 (default)
2019-08-10 04:06:04,450 INFO  server.RaftServerConfigKeys (ConfUtils.java:logGet(43)) - raft.server.log.statemachine.data.caching.enabled = true (custom)
2019-08-10 04:06:04,450 INFO  segmented.SegmentedRaftLogWorker (SegmentedRaftLogWorker.java:lambda$new$0(132)) - 6435028b-549c-4b1e-90fb-d3e35990f884-SegmentedRaftLogWorker:Storage Directory /workdir/hadoop-ozone/integration-test/target/test-dir/MiniOzoneClusterImpl-78319399-da6d-4099-9cd6-4b429a1af7e9/datanode-4/data/ratis/daecf74a-b4fd-4b93-b744-8fdfe1901e76: flushIndex: setUnconditionally 0 -> -1
2019-08-10 04:06:04,451 INFO  server.RaftServerConfigKeys (ConfUtils.java:logGet(43)) - raft.server.snapshot.auto.trigger.enabled = true (custom)
2019-08-10 04:06:04,451 INFO  server.RaftServerConfigKeys (ConfUtils.java:logGet(43)) - raft.server.snapshot.auto.trigger.threshold = 10000 (custom)
2019-08-10 04:06:04,451 INFO  server.RaftServerConfigKeys (ConfUtils.java:logGet(43)) - raft.server.retrycache.expirytime = 600000ms (custom)
2019-08-10 04:06:04,451 INFO  impl.RaftServerImpl (RaftServerImpl.java:start(180)) - 6435028b-549c-4b1e-90fb-d3e35990f884: start group-8FDFE1901E76
2019-08-10 04:06:04,451 INFO  impl.RaftServerImpl (RaftServerImpl.java:setRole(171)) - 6435028b-549c-4b1e-90fb-d3e35990f884:group-8FDFE1901E76 changes role from null to FOLLOWER at term 0 for startAsFollower
2019-08-10 04:06:04,452 INFO  impl.RoleInfo (RoleInfo.java:updateAndGet(143)) - 6435028b-549c-4b1e-90fb-d3e35990f884: start FollowerState
2019-08-10 04:06:04,453 INFO  util.JmxRegister (JmxRegister.java:tryRegister(44)) - Successfully registered JMX Bean with object name Ratis:service=RaftServer,group=group-8FDFE1901E76,id=6435028b-549c-4b1e-90fb-d3e35990f884
2019-08-10 04:06:04,469 INFO  pipeline.PipelineStateManager (PipelineStateManager.java:addPipeline(56)) - Created pipeline Pipeline[ Id: daecf74a-b4fd-4b93-b744-8fdfe1901e76, Nodes: 6435028b-549c-4b1e-90fb-d3e35990f884{ip: 192.168.157.255, host: byscane-nightly-wggqd-62853239, networkLocation: /default-rack, certSerialId: null}, Type:RATIS, Factor:ONE, State:OPEN]
2019-08-10 04:06:04,494 INFO  impl.RaftServerProxy (RaftServerProxy.java:addNew(89)) - 9fb16d77-47ad-4452-9caf-f9ff65d0025b: addNew group-CF9DCAD73662:[9fb16d77-47ad-4452-9caf-f9ff65d0025b:192.168.157.255:42226] returns group-CF9DCAD73662:java.util.concurrent.CompletableFuture@45c652d[Not completed]
2019-08-10 04:06:04,506 INFO  impl.RaftServerImpl (RaftServerImpl.java:<init>(93)) - 9fb16d77-47ad-4452-9caf-f9ff65d0025b: new RaftServerImpl for group-CF9DCAD73662:[9fb16d77-47ad-4452-9caf-f9ff65d0025b:192.168.157.255:42226] with ContainerStateMachine:uninitialized
2019-08-10 04:06:04,506 INFO  server.RaftServerConfigKeys (ConfUtils.java:logGet(43)) - raft.server.rpc.timeout.min = 5s (custom)
2019-08-10 04:06:04,506 INFO  server.RaftServerConfigKeys (ConfUtils.java:logGet(43)) - raft.server.rpc.timeout.max = 5200ms (custom)
2019-08-10 04:06:04,506 INFO  server.RaftServerConfigKeys (ConfUtils.java:logGet(43)) - raft.server.rpcslowness.timeout = 120s (custom)
2019-08-10 04:06:04,506 INFO  server.RaftServerConfigKeys (ConfUtils.java:logGet(43)) - raft.server.sleep.deviation.threshold = 300 (default)
2019-08-10 04:06:04,507 INFO  server.RaftServerConfigKeys (ConfUtils.java:logGet(43)) - raft.server.log.appender.install.snapshot.enabled = false (custom)
2019-08-10 04:06:04,507 INFO  impl.RaftServerImpl (ServerState.java:<init>(105)) - 9fb16d77-47ad-4452-9caf-f9ff65d0025b:group-CF9DCAD73662 ConfigurationManager, init=-1: [9fb16d77-47ad-4452-9caf-f9ff65d0025b:192.168.157.255:42226], old=null, confs=<EMPTY_MAP>
2019-08-10 04:06:04,507 INFO  server.RaftServerConfigKeys (ConfUtils.java:logGet(43)) - raft.server.storage.dir = [/workdir/hadoop-ozone/integration-test/target/test-dir/MiniOzoneClusterImpl-78319399-da6d-4099-9cd6-4b429a1af7e9/datanode-5/data/ratis] (custom)
2019-08-10 04:06:04,507 INFO  storage.RaftStorageDirectory (RaftStorageDirectory.java:analyzeStorage(246)) - The storage directory /workdir/hadoop-ozone/integration-test/target/test-dir/MiniOzoneClusterImpl-78319399-da6d-4099-9cd6-4b429a1af7e9/datanode-5/data/ratis/9b89a7ec-5518-4f21-88da-cf9dcad73662 does not exist. Creating ...
2019-08-10 04:06:04,520 INFO  storage.RaftStorageDirectory (RaftStorageDirectory.java:tryLock(328)) - Lock on /workdir/hadoop-ozone/integration-test/target/test-dir/MiniOzoneClusterImpl-78319399-da6d-4099-9cd6-4b429a1af7e9/datanode-5/data/ratis/9b89a7ec-5518-4f21-88da-cf9dcad73662/in_use.lock acquired by nodename 531@byscane-nightly-wggqd-62853239
2019-08-10 04:06:04,533 INFO  storage.RaftStorage (RaftStorage.java:format(72)) - Storage directory /workdir/hadoop-ozone/integration-test/target/test-dir/MiniOzoneClusterImpl-78319399-da6d-4099-9cd6-4b429a1af7e9/datanode-5/data/ratis/9b89a7ec-5518-4f21-88da-cf9dcad73662 has been successfully formatted.
2019-08-10 04:06:04,533 INFO  ratis.ContainerStateMachine (ContainerStateMachine.java:loadSnapshot(213)) - group-CF9DCAD73662: The snapshot info is null. Setting the last applied indexto:(t:0, i:~)
2019-08-10 04:06:04,534 INFO  server.RaftServerConfigKeys (ConfUtils.java:logGet(43)) - raft.server.leader.election.timeout = 120s (custom)
2019-08-10 04:06:04,534 INFO  server.RaftServerConfigKeys (ConfUtils.java:logGet(43)) - raft.server.log.use.memory = false (default)
2019-08-10 04:06:04,534 INFO  server.RaftServerConfigKeys (ConfUtils.java:logGet(43)) - raft.server.log.purge.gap = 1000000000 (custom)
2019-08-10 04:06:04,534 INFO  server.RaftServerConfigKeys (ConfUtils.java:logGet(43)) - raft.server.log.appender.buffer.byte-limit = 33554432 (custom)
2019-08-10 04:06:04,534 INFO  server.RaftServerConfigKeys (ConfUtils.java:logGet(43)) - raft.server.log.segment.size.max = 1048576 (custom)
2019-08-10 04:06:04,535 INFO  server.RaftServerConfigKeys (ConfUtils.java:logGet(43)) - raft.server.log.segment.cache.num.max = 2 (custom)
2019-08-10 04:06:04,535 INFO  segmented.SegmentedRaftLogWorker (SegmentedRaftLogWorker.java:<init>(172)) - new 9fb16d77-47ad-4452-9caf-f9ff65d0025b-SegmentedRaftLogWorker:Storage Directory /workdir/hadoop-ozone/integration-test/target/test-dir/MiniOzoneClusterImpl-78319399-da6d-4099-9cd6-4b429a1af7e9/datanode-5/data/ratis/9b89a7ec-5518-4f21-88da-cf9dcad73662 for RaftStorage:Storage Directory /workdir/hadoop-ozone/integration-test/target/test-dir/MiniOzoneClusterImpl-78319399-da6d-4099-9cd6-4b429a1af7e9/datanode-5/data/ratis/9b89a7ec-5518-4f21-88da-cf9dcad73662
2019-08-10 04:06:04,535 INFO  server.RaftServerConfigKeys (ConfUtils.java:logGet(43)) - raft.server.log.queue.byte-limit = 2147483647 (custom)
2019-08-10 04:06:04,535 INFO  server.RaftServerConfigKeys (ConfUtils.java:logGet(43)) - raft.server.log.queue.element-limit = 1024 (custom)
2019-08-10 04:06:04,535 INFO  server.RaftServerConfigKeys (ConfUtils.java:logGet(43)) - raft.server.log.segment.size.max = 1048576 (custom)
2019-08-10 04:06:04,536 INFO  server.RaftServerConfigKeys (ConfUtils.java:logGet(43)) - raft.server.log.preallocated.size = 16384 (custom)
2019-08-10 04:06:04,536 INFO  server.RaftServerConfigKeys (ConfUtils.java:logGet(43)) - raft.server.log.write.buffer.size = 33554432 (custom)
2019-08-10 04:06:04,536 INFO  server.RaftServerConfigKeys (ConfUtils.java:logGet(43)) - raft.server.log.force.sync.num = 128 (default)
2019-08-10 04:06:04,536 INFO  server.RaftServerConfigKeys (ConfUtils.java:logGet(43)) - raft.server.log.statemachine.data.sync = true (default)
2019-08-10 04:06:04,537 INFO  server.RaftServerConfigKeys (ConfUtils.java:logGet(43)) - raft.server.log.statemachine.data.sync.timeout = 10s (default)
2019-08-10 04:06:04,537 INFO  server.RaftServerConfigKeys (ConfUtils.java:logGet(43)) - raft.server.log.statemachine.data.sync.timeout.retry = -1 (default)
2019-08-10 04:06:04,537 INFO  server.RaftServerConfigKeys (ConfUtils.java:logGet(43)) - raft.server.log.statemachine.data.caching.enabled = true (custom)
2019-08-10 04:06:04,539 INFO  segmented.SegmentedRaftLogWorker (SegmentedRaftLogWorker.java:lambda$new$0(132)) - 9fb16d77-47ad-4452-9caf-f9ff65d0025b-SegmentedRaftLogWorker:Storage Directory /workdir/hadoop-ozone/integration-test/target/test-dir/MiniOzoneClusterImpl-78319399-da6d-4099-9cd6-4b429a1af7e9/datanode-5/data/ratis/9b89a7ec-5518-4f21-88da-cf9dcad73662: flushIndex: setUnconditionally 0 -> -1
2019-08-10 04:06:04,540 INFO  server.RaftServerConfigKeys (ConfUtils.java:logGet(43)) - raft.server.snapshot.auto.trigger.enabled = true (custom)
2019-08-10 04:06:04,540 INFO  server.RaftServerConfigKeys (ConfUtils.java:logGet(43)) - raft.server.snapshot.auto.trigger.threshold = 10000 (custom)
2019-08-10 04:06:04,540 INFO  net.NetworkTopology (NetworkTopologyImpl.java:add(110)) - Added a new node: /default-rack/fcb47271-f594-42f2-9d06-9675c1177c5f
2019-08-10 04:06:04,542 INFO  server.RaftServerConfigKeys (ConfUtils.java:logGet(43)) - raft.server.retrycache.expirytime = 600000ms (custom)
2019-08-10 04:06:04,542 INFO  node.SCMNodeManager (SCMNodeManager.java:register(273)) - Registered Data node : fcb47271-f594-42f2-9d06-9675c1177c5f{ip: 192.168.157.255, host: byscane-nightly-wggqd-62853239, networkLocation: /default-rack, certSerialId: null}
2019-08-10 04:06:04,542 INFO  ozone.MiniOzoneClusterImpl (MiniOzoneClusterImpl.java:lambda$waitForClusterToBeReady$0(142)) - Cluster is ready. Got 7 of 7 DN Heartbeats.
2019-08-10 04:06:04,542 INFO  impl.RaftServerImpl (RaftServerImpl.java:start(180)) - 9fb16d77-47ad-4452-9caf-f9ff65d0025b: start group-CF9DCAD73662
2019-08-10 04:06:04,543 INFO  impl.RaftServerImpl (RaftServerImpl.java:setRole(171)) - 9fb16d77-47ad-4452-9caf-f9ff65d0025b:group-CF9DCAD73662 changes role from null to FOLLOWER at term 0 for startAsFollower
2019-08-10 04:06:04,543 INFO  impl.RoleInfo (RoleInfo.java:updateAndGet(143)) - 9fb16d77-47ad-4452-9caf-f9ff65d0025b: start FollowerState
2019-08-10 04:06:04,544 INFO  util.JmxRegister (JmxRegister.java:tryRegister(44)) - Successfully registered JMX Bean with object name Ratis:service=RaftServer,group=group-CF9DCAD73662,id=9fb16d77-47ad-4452-9caf-f9ff65d0025b
2019-08-10 04:06:04,561 INFO  pipeline.PipelineStateManager (PipelineStateManager.java:addPipeline(56)) - Created pipeline Pipeline[ Id: 9b89a7ec-5518-4f21-88da-cf9dcad73662, Nodes: 9fb16d77-47ad-4452-9caf-f9ff65d0025b{ip: 192.168.157.255, host: byscane-nightly-wggqd-62853239, networkLocation: /default-rack, certSerialId: null}, Type:RATIS, Factor:ONE, State:OPEN]
2019-08-10 04:06:04,585 INFO  impl.RaftServerProxy (RaftServerProxy.java:addNew(89)) - fcb47271-f594-42f2-9d06-9675c1177c5f: addNew group-BAAF693A5AA8:[fcb47271-f594-42f2-9d06-9675c1177c5f:192.168.157.255:38678] returns group-BAAF693A5AA8:java.util.concurrent.CompletableFuture@4a27456b[Not completed]
2019-08-10 04:06:04,589 INFO  impl.RaftServerImpl (RaftServerImpl.java:<init>(93)) - fcb47271-f594-42f2-9d06-9675c1177c5f: new RaftServerImpl for group-BAAF693A5AA8:[fcb47271-f594-42f2-9d06-9675c1177c5f:192.168.157.255:38678] with ContainerStateMachine:uninitialized
2019-08-10 04:06:04,589 INFO  server.RaftServerConfigKeys (ConfUtils.java:logGet(43)) - raft.server.rpc.timeout.min = 5s (custom)
2019-08-10 04:06:04,590 INFO  server.RaftServerConfigKeys (ConfUtils.java:logGet(43)) - raft.server.rpc.timeout.max = 5200ms (custom)
2019-08-10 04:06:04,590 INFO  server.RaftServerConfigKeys (ConfUtils.java:logGet(43)) - raft.server.rpcslowness.timeout = 120s (custom)
2019-08-10 04:06:04,590 INFO  server.RaftServerConfigKeys (ConfUtils.java:logGet(43)) - raft.server.sleep.deviation.threshold = 300 (default)
2019-08-10 04:06:04,590 INFO  server.RaftServerConfigKeys (ConfUtils.java:logGet(43)) - raft.server.log.appender.install.snapshot.enabled = false (custom)
2019-08-10 04:06:04,590 INFO  impl.RaftServerImpl (ServerState.java:<init>(105)) - fcb47271-f594-42f2-9d06-9675c1177c5f:group-BAAF693A5AA8 ConfigurationManager, init=-1: [fcb47271-f594-42f2-9d06-9675c1177c5f:192.168.157.255:38678], old=null, confs=<EMPTY_MAP>
2019-08-10 04:06:04,591 INFO  server.RaftServerConfigKeys (ConfUtils.java:logGet(43)) - raft.server.storage.dir = [/workdir/hadoop-ozone/integration-test/target/test-dir/MiniOzoneClusterImpl-78319399-da6d-4099-9cd6-4b429a1af7e9/datanode-6/data/ratis] (custom)
2019-08-10 04:06:04,591 INFO  storage.RaftStorageDirectory (RaftStorageDirectory.java:analyzeStorage(246)) - The storage directory /workdir/hadoop-ozone/integration-test/target/test-dir/MiniOzoneClusterImpl-78319399-da6d-4099-9cd6-4b429a1af7e9/datanode-6/data/ratis/1411125b-2297-4d2c-9e55-baaf693a5aa8 does not exist. Creating ...
2019-08-10 04:06:04,608 INFO  storage.RaftStorageDirectory (RaftStorageDirectory.java:tryLock(328)) - Lock on /workdir/hadoop-ozone/integration-test/target/test-dir/MiniOzoneClusterImpl-78319399-da6d-4099-9cd6-4b429a1af7e9/datanode-6/data/ratis/1411125b-2297-4d2c-9e55-baaf693a5aa8/in_use.lock acquired by nodename 531@byscane-nightly-wggqd-62853239
2019-08-10 04:06:04,623 INFO  storage.RaftStorage (RaftStorage.java:format(72)) - Storage directory /workdir/hadoop-ozone/integration-test/target/test-dir/MiniOzoneClusterImpl-78319399-da6d-4099-9cd6-4b429a1af7e9/datanode-6/data/ratis/1411125b-2297-4d2c-9e55-baaf693a5aa8 has been successfully formatted.
2019-08-10 04:06:04,625 INFO  ratis.ContainerStateMachine (ContainerStateMachine.java:loadSnapshot(213)) - group-BAAF693A5AA8: The snapshot info is null. Setting the last applied indexto:(t:0, i:~)
2019-08-10 04:06:04,625 INFO  server.RaftServerConfigKeys (ConfUtils.java:logGet(43)) - raft.server.leader.election.timeout = 120s (custom)
2019-08-10 04:06:04,626 INFO  server.RaftServerConfigKeys (ConfUtils.java:logGet(43)) - raft.server.log.use.memory = false (default)
2019-08-10 04:06:04,626 INFO  server.RaftServerConfigKeys (ConfUtils.java:logGet(43)) - raft.server.log.purge.gap = 1000000000 (custom)
2019-08-10 04:06:04,626 INFO  server.RaftServerConfigKeys (ConfUtils.java:logGet(43)) - raft.server.log.appender.buffer.byte-limit = 33554432 (custom)
2019-08-10 04:06:04,626 INFO  server.RaftServerConfigKeys (ConfUtils.java:logGet(43)) - raft.server.log.segment.size.max = 1048576 (custom)
2019-08-10 04:06:04,626 INFO  server.RaftServerConfigKeys (ConfUtils.java:logGet(43)) - raft.server.log.segment.cache.num.max = 2 (custom)
2019-08-10 04:06:04,627 INFO  segmented.SegmentedRaftLogWorker (SegmentedRaftLogWorker.java:<init>(172)) - new fcb47271-f594-42f2-9d06-9675c1177c5f-SegmentedRaftLogWorker:Storage Directory /workdir/hadoop-ozone/integration-test/target/test-dir/MiniOzoneClusterImpl-78319399-da6d-4099-9cd6-4b429a1af7e9/datanode-6/data/ratis/1411125b-2297-4d2c-9e55-baaf693a5aa8 for RaftStorage:Storage Directory /workdir/hadoop-ozone/integration-test/target/test-dir/MiniOzoneClusterImpl-78319399-da6d-4099-9cd6-4b429a1af7e9/datanode-6/data/ratis/1411125b-2297-4d2c-9e55-baaf693a5aa8
2019-08-10 04:06:04,627 INFO  server.RaftServerConfigKeys (ConfUtils.java:logGet(43)) - raft.server.log.queue.byte-limit = 2147483647 (custom)
2019-08-10 04:06:04,627 INFO  server.RaftServerConfigKeys (ConfUtils.java:logGet(43)) - raft.server.log.queue.element-limit = 1024 (custom)
2019-08-10 04:06:04,627 INFO  server.RaftServerConfigKeys (ConfUtils.java:logGet(43)) - raft.server.log.segment.size.max = 1048576 (custom)
2019-08-10 04:06:04,627 INFO  server.RaftServerConfigKeys (ConfUtils.java:logGet(43)) - raft.server.log.preallocated.size = 16384 (custom)
2019-08-10 04:06:04,628 INFO  server.RaftServerConfigKeys (ConfUtils.java:logGet(43)) - raft.server.log.write.buffer.size = 33554432 (custom)
2019-08-10 04:06:04,628 INFO  server.RaftServerConfigKeys (ConfUtils.java:logGet(43)) - raft.server.log.force.sync.num = 128 (default)
2019-08-10 04:06:04,628 INFO  server.RaftServerConfigKeys (ConfUtils.java:logGet(43)) - raft.server.log.statemachine.data.sync = true (default)
2019-08-10 04:06:04,628 INFO  server.RaftServerConfigKeys (ConfUtils.java:logGet(43)) - raft.server.log.statemachine.data.sync.timeout = 10s (default)
2019-08-10 04:06:04,628 INFO  server.RaftServerConfigKeys (ConfUtils.java:logGet(43)) - raft.server.log.statemachine.data.sync.timeout.retry = -1 (default)
2019-08-10 04:06:04,629 INFO  server.RaftServerConfigKeys (ConfUtils.java:logGet(43)) - raft.server.log.statemachine.data.caching.enabled = true (custom)
2019-08-10 04:06:04,629 INFO  segmented.SegmentedRaftLogWorker (SegmentedRaftLogWorker.java:lambda$new$0(132)) - fcb47271-f594-42f2-9d06-9675c1177c5f-SegmentedRaftLogWorker:Storage Directory /workdir/hadoop-ozone/integration-test/target/test-dir/MiniOzoneClusterImpl-78319399-da6d-4099-9cd6-4b429a1af7e9/datanode-6/data/ratis/1411125b-2297-4d2c-9e55-baaf693a5aa8: flushIndex: setUnconditionally 0 -> -1
2019-08-10 04:06:04,629 INFO  server.RaftServerConfigKeys (ConfUtils.java:logGet(43)) - raft.server.snapshot.auto.trigger.enabled = true (custom)
2019-08-10 04:06:04,629 INFO  server.RaftServerConfigKeys (ConfUtils.java:logGet(43)) - raft.server.snapshot.auto.trigger.threshold = 10000 (custom)
2019-08-10 04:06:04,630 INFO  server.RaftServerConfigKeys (ConfUtils.java:logGet(43)) - raft.server.retrycache.expirytime = 600000ms (custom)
2019-08-10 04:06:04,630 INFO  impl.RaftServerImpl (RaftServerImpl.java:start(180)) - fcb47271-f594-42f2-9d06-9675c1177c5f: start group-BAAF693A5AA8
2019-08-10 04:06:04,630 INFO  impl.RaftServerImpl (RaftServerImpl.java:setRole(171)) - fcb47271-f594-42f2-9d06-9675c1177c5f:group-BAAF693A5AA8 changes role from null to FOLLOWER at term 0 for startAsFollower
2019-08-10 04:06:04,630 INFO  impl.RoleInfo (RoleInfo.java:updateAndGet(143)) - fcb47271-f594-42f2-9d06-9675c1177c5f: start FollowerState
2019-08-10 04:06:04,631 INFO  util.JmxRegister (JmxRegister.java:tryRegister(44)) - Successfully registered JMX Bean with object name Ratis:service=RaftServer,group=group-BAAF693A5AA8,id=fcb47271-f594-42f2-9d06-9675c1177c5f
2019-08-10 04:06:04,651 INFO  pipeline.PipelineStateManager (PipelineStateManager.java:addPipeline(56)) - Created pipeline Pipeline[ Id: 1411125b-2297-4d2c-9e55-baaf693a5aa8, Nodes: fcb47271-f594-42f2-9d06-9675c1177c5f{ip: 192.168.157.255, host: byscane-nightly-wggqd-62853239, networkLocation: /default-rack, certSerialId: null}, Type:RATIS, Factor:ONE, State:OPEN]
2019-08-10 04:06:04,676 INFO  impl.RaftServerProxy (RaftServerProxy.java:addNew(89)) - f94c1b2c-6457-4bd4-b145-0da877ce7d7a: addNew group-7DE9C4CA73F4:[f94c1b2c-6457-4bd4-b145-0da877ce7d7a:192.168.157.255:37672] returns group-7DE9C4CA73F4:java.util.concurrent.CompletableFuture@34c7e3f1[Not completed]
2019-08-10 04:06:04,677 INFO  impl.RaftServerImpl (RaftServerImpl.java:<init>(93)) - f94c1b2c-6457-4bd4-b145-0da877ce7d7a: new RaftServerImpl for group-7DE9C4CA73F4:[f94c1b2c-6457-4bd4-b145-0da877ce7d7a:192.168.157.255:37672] with ContainerStateMachine:uninitialized
2019-08-10 04:06:04,678 INFO  server.RaftServerConfigKeys (ConfUtils.java:logGet(43)) - raft.server.rpc.timeout.min = 5s (custom)
2019-08-10 04:06:04,678 INFO  server.RaftServerConfigKeys (ConfUtils.java:logGet(43)) - raft.server.rpc.timeout.max = 5200ms (custom)
2019-08-10 04:06:04,678 INFO  server.RaftServerConfigKeys (ConfUtils.java:logGet(43)) - raft.server.rpcslowness.timeout = 120s (custom)
2019-08-10 04:06:04,678 INFO  server.RaftServerConfigKeys (ConfUtils.java:logGet(43)) - raft.server.sleep.deviation.threshold = 300 (default)
2019-08-10 04:06:04,678 INFO  server.RaftServerConfigKeys (ConfUtils.java:logGet(43)) - raft.server.log.appender.install.snapshot.enabled = false (custom)
2019-08-10 04:06:04,679 INFO  impl.RaftServerImpl (ServerState.java:<init>(105)) - f94c1b2c-6457-4bd4-b145-0da877ce7d7a:group-7DE9C4CA73F4 ConfigurationManager, init=-1: [f94c1b2c-6457-4bd4-b145-0da877ce7d7a:192.168.157.255:37672], old=null, confs=<EMPTY_MAP>
2019-08-10 04:06:04,679 INFO  server.RaftServerConfigKeys (ConfUtils.java:logGet(43)) - raft.server.storage.dir = [/workdir/hadoop-ozone/integration-test/target/test-dir/MiniOzoneClusterImpl-78319399-da6d-4099-9cd6-4b429a1af7e9/datanode-1/data/ratis] (custom)
2019-08-10 04:06:04,679 INFO  storage.RaftStorageDirectory (RaftStorageDirectory.java:analyzeStorage(246)) - The storage directory /workdir/hadoop-ozone/integration-test/target/test-dir/MiniOzoneClusterImpl-78319399-da6d-4099-9cd6-4b429a1af7e9/datanode-1/data/ratis/d102143d-d580-4951-92d7-7de9c4ca73f4 does not exist. Creating ...
2019-08-10 04:06:04,693 INFO  storage.RaftStorageDirectory (RaftStorageDirectory.java:tryLock(328)) - Lock on /workdir/hadoop-ozone/integration-test/target/test-dir/MiniOzoneClusterImpl-78319399-da6d-4099-9cd6-4b429a1af7e9/datanode-1/data/ratis/d102143d-d580-4951-92d7-7de9c4ca73f4/in_use.lock acquired by nodename 531@byscane-nightly-wggqd-62853239
2019-08-10 04:06:04,706 INFO  storage.RaftStorage (RaftStorage.java:format(72)) - Storage directory /workdir/hadoop-ozone/integration-test/target/test-dir/MiniOzoneClusterImpl-78319399-da6d-4099-9cd6-4b429a1af7e9/datanode-1/data/ratis/d102143d-d580-4951-92d7-7de9c4ca73f4 has been successfully formatted.
2019-08-10 04:06:04,706 INFO  ratis.ContainerStateMachine (ContainerStateMachine.java:loadSnapshot(213)) - group-7DE9C4CA73F4: The snapshot info is null. Setting the last applied indexto:(t:0, i:~)
2019-08-10 04:06:04,707 INFO  server.RaftServerConfigKeys (ConfUtils.java:logGet(43)) - raft.server.leader.election.timeout = 120s (custom)
2019-08-10 04:06:04,707 INFO  server.RaftServerConfigKeys (ConfUtils.java:logGet(43)) - raft.server.log.use.memory = false (default)
2019-08-10 04:06:04,707 INFO  server.RaftServerConfigKeys (ConfUtils.java:logGet(43)) - raft.server.log.purge.gap = 1000000000 (custom)
2019-08-10 04:06:04,707 INFO  server.RaftServerConfigKeys (ConfUtils.java:logGet(43)) - raft.server.log.appender.buffer.byte-limit = 33554432 (custom)
2019-08-10 04:06:04,707 INFO  server.RaftServerConfigKeys (ConfUtils.java:logGet(43)) - raft.server.log.segment.size.max = 1048576 (custom)
2019-08-10 04:06:04,707 INFO  server.RaftServerConfigKeys (ConfUtils.java:logGet(43)) - raft.server.log.segment.cache.num.max = 2 (custom)
2019-08-10 04:06:04,708 INFO  segmented.SegmentedRaftLogWorker (SegmentedRaftLogWorker.java:<init>(172)) - new f94c1b2c-6457-4bd4-b145-0da877ce7d7a-SegmentedRaftLogWorker:Storage Directory /workdir/hadoop-ozone/integration-test/target/test-dir/MiniOzoneClusterImpl-78319399-da6d-4099-9cd6-4b429a1af7e9/datanode-1/data/ratis/d102143d-d580-4951-92d7-7de9c4ca73f4 for RaftStorage:Storage Directory /workdir/hadoop-ozone/integration-test/target/test-dir/MiniOzoneClusterImpl-78319399-da6d-4099-9cd6-4b429a1af7e9/datanode-1/data/ratis/d102143d-d580-4951-92d7-7de9c4ca73f4
2019-08-10 04:06:04,708 INFO  server.RaftServerConfigKeys (ConfUtils.java:logGet(43)) - raft.server.log.queue.byte-limit = 2147483647 (custom)
2019-08-10 04:06:04,708 INFO  server.RaftServerConfigKeys (ConfUtils.java:logGet(43)) - raft.server.log.queue.element-limit = 1024 (custom)
2019-08-10 04:06:04,708 INFO  server.RaftServerConfigKeys (ConfUtils.java:logGet(43)) - raft.server.log.segment.size.max = 1048576 (custom)
2019-08-10 04:06:04,709 INFO  server.RaftServerConfigKeys (ConfUtils.java:logGet(43)) - raft.server.log.preallocated.size = 16384 (custom)
2019-08-10 04:06:04,709 INFO  server.RaftServerConfigKeys (ConfUtils.java:logGet(43)) - raft.server.log.write.buffer.size = 33554432 (custom)
2019-08-10 04:06:04,709 INFO  server.RaftServerConfigKeys (ConfUtils.java:logGet(43)) - raft.server.log.force.sync.num = 128 (default)
2019-08-10 04:06:04,709 INFO  server.RaftServerConfigKeys (ConfUtils.java:logGet(43)) - raft.server.log.statemachine.data.sync = true (default)
2019-08-10 04:06:04,709 INFO  server.RaftServerConfigKeys (ConfUtils.java:logGet(43)) - raft.server.log.statemachine.data.sync.timeout = 10s (default)
2019-08-10 04:06:04,709 INFO  server.RaftServerConfigKeys (ConfUtils.java:logGet(43)) - raft.server.log.statemachine.data.sync.timeout.retry = -1 (default)
2019-08-10 04:06:04,710 INFO  server.RaftServerConfigKeys (ConfUtils.java:logGet(43)) - raft.server.log.statemachine.data.caching.enabled = true (custom)
2019-08-10 04:06:04,710 INFO  segmented.SegmentedRaftLogWorker (SegmentedRaftLogWorker.java:lambda$new$0(132)) - f94c1b2c-6457-4bd4-b145-0da877ce7d7a-SegmentedRaftLogWorker:Storage Directory /workdir/hadoop-ozone/integration-test/target/test-dir/MiniOzoneClusterImpl-78319399-da6d-4099-9cd6-4b429a1af7e9/datanode-1/data/ratis/d102143d-d580-4951-92d7-7de9c4ca73f4: flushIndex: setUnconditionally 0 -> -1
2019-08-10 04:06:04,711 INFO  server.RaftServerConfigKeys (ConfUtils.java:logGet(43)) - raft.server.snapshot.auto.trigger.enabled = true (custom)
2019-08-10 04:06:04,711 INFO  server.RaftServerConfigKeys (ConfUtils.java:logGet(43)) - raft.server.snapshot.auto.trigger.threshold = 10000 (custom)
2019-08-10 04:06:04,711 INFO  server.RaftServerConfigKeys (ConfUtils.java:logGet(43)) - raft.server.retrycache.expirytime = 600000ms (custom)
2019-08-10 04:06:04,711 INFO  impl.RaftServerImpl (RaftServerImpl.java:start(180)) - f94c1b2c-6457-4bd4-b145-0da877ce7d7a: start group-7DE9C4CA73F4
2019-08-10 04:06:04,711 INFO  impl.RaftServerImpl (RaftServerImpl.java:setRole(171)) - f94c1b2c-6457-4bd4-b145-0da877ce7d7a:group-7DE9C4CA73F4 changes role from null to FOLLOWER at term 0 for startAsFollower
2019-08-10 04:06:04,712 INFO  impl.RoleInfo (RoleInfo.java:updateAndGet(143)) - f94c1b2c-6457-4bd4-b145-0da877ce7d7a: start FollowerState
2019-08-10 04:06:04,712 INFO  util.JmxRegister (JmxRegister.java:tryRegister(44)) - Successfully registered JMX Bean with object name Ratis:service=RaftServer,group=group-7DE9C4CA73F4,id=f94c1b2c-6457-4bd4-b145-0da877ce7d7a
2019-08-10 04:06:04,727 INFO  pipeline.PipelineStateManager (PipelineStateManager.java:addPipeline(56)) - Created pipeline Pipeline[ Id: d102143d-d580-4951-92d7-7de9c4ca73f4, Nodes: f94c1b2c-6457-4bd4-b145-0da877ce7d7a{ip: 192.168.157.255, host: byscane-nightly-wggqd-62853239, networkLocation: /default-rack, certSerialId: null}, Type:RATIS, Factor:ONE, State:OPEN]
2019-08-10 04:06:04,755 INFO  impl.RaftServerProxy (RaftServerProxy.java:addNew(89)) - cb9f76f9-cb80-4305-b09a-f3a7410878f9: addNew group-BCC2B63C07FF:[cb9f76f9-cb80-4305-b09a-f3a7410878f9:192.168.157.255:34703] returns group-BCC2B63C07FF:java.util.concurrent.CompletableFuture@2c8c400b[Not completed]
2019-08-10 04:06:04,757 INFO  impl.RaftServerImpl (RaftServerImpl.java:<init>(93)) - cb9f76f9-cb80-4305-b09a-f3a7410878f9: new RaftServerImpl for group-BCC2B63C07FF:[cb9f76f9-cb80-4305-b09a-f3a7410878f9:192.168.157.255:34703] with ContainerStateMachine:uninitialized
2019-08-10 04:06:04,757 INFO  server.RaftServerConfigKeys (ConfUtils.java:logGet(43)) - raft.server.rpc.timeout.min = 5s (custom)
2019-08-10 04:06:04,758 INFO  server.RaftServerConfigKeys (ConfUtils.java:logGet(43)) - raft.server.rpc.timeout.max = 5200ms (custom)
2019-08-10 04:06:04,758 INFO  server.RaftServerConfigKeys (ConfUtils.java:logGet(43)) - raft.server.rpcslowness.timeout = 120s (custom)
2019-08-10 04:06:04,758 INFO  server.RaftServerConfigKeys (ConfUtils.java:logGet(43)) - raft.server.sleep.deviation.threshold = 300 (default)
2019-08-10 04:06:04,758 INFO  server.RaftServerConfigKeys (ConfUtils.java:logGet(43)) - raft.server.log.appender.install.snapshot.enabled = false (custom)
2019-08-10 04:06:04,758 INFO  impl.RaftServerImpl (ServerState.java:<init>(105)) - cb9f76f9-cb80-4305-b09a-f3a7410878f9:group-BCC2B63C07FF ConfigurationManager, init=-1: [cb9f76f9-cb80-4305-b09a-f3a7410878f9:192.168.157.255:34703], old=null, confs=<EMPTY_MAP>
2019-08-10 04:06:04,759 INFO  server.RaftServerConfigKeys (ConfUtils.java:logGet(43)) - raft.server.storage.dir = [/workdir/hadoop-ozone/integration-test/target/test-dir/MiniOzoneClusterImpl-78319399-da6d-4099-9cd6-4b429a1af7e9/datanode-2/data/ratis] (custom)
2019-08-10 04:06:04,759 INFO  storage.RaftStorageDirectory (RaftStorageDirectory.java:analyzeStorage(246)) - The storage directory /workdir/hadoop-ozone/integration-test/target/test-dir/MiniOzoneClusterImpl-78319399-da6d-4099-9cd6-4b429a1af7e9/datanode-2/data/ratis/85aa01df-cccf-4f97-baf3-bcc2b63c07ff does not exist. Creating ...
2019-08-10 04:06:04,772 INFO  storage.RaftStorageDirectory (RaftStorageDirectory.java:tryLock(328)) - Lock on /workdir/hadoop-ozone/integration-test/target/test-dir/MiniOzoneClusterImpl-78319399-da6d-4099-9cd6-4b429a1af7e9/datanode-2/data/ratis/85aa01df-cccf-4f97-baf3-bcc2b63c07ff/in_use.lock acquired by nodename 531@byscane-nightly-wggqd-62853239
2019-08-10 04:06:04,786 INFO  storage.RaftStorage (RaftStorage.java:format(72)) - Storage directory /workdir/hadoop-ozone/integration-test/target/test-dir/MiniOzoneClusterImpl-78319399-da6d-4099-9cd6-4b429a1af7e9/datanode-2/data/ratis/85aa01df-cccf-4f97-baf3-bcc2b63c07ff has been successfully formatted.
2019-08-10 04:06:04,786 INFO  ratis.ContainerStateMachine (ContainerStateMachine.java:loadSnapshot(213)) - group-BCC2B63C07FF: The snapshot info is null. Setting the last applied indexto:(t:0, i:~)
2019-08-10 04:06:04,786 INFO  server.RaftServerConfigKeys (ConfUtils.java:logGet(43)) - raft.server.leader.election.timeout = 120s (custom)
2019-08-10 04:06:04,787 INFO  server.RaftServerConfigKeys (ConfUtils.java:logGet(43)) - raft.server.log.use.memory = false (default)
2019-08-10 04:06:04,787 INFO  server.RaftServerConfigKeys (ConfUtils.java:logGet(43)) - raft.server.log.purge.gap = 1000000000 (custom)
2019-08-10 04:06:04,787 INFO  server.RaftServerConfigKeys (ConfUtils.java:logGet(43)) - raft.server.log.appender.buffer.byte-limit = 33554432 (custom)
2019-08-10 04:06:04,787 INFO  server.RaftServerConfigKeys (ConfUtils.java:logGet(43)) - raft.server.log.segment.size.max = 1048576 (custom)
2019-08-10 04:06:04,787 INFO  server.RaftServerConfigKeys (ConfUtils.java:logGet(43)) - raft.server.log.segment.cache.num.max = 2 (custom)
2019-08-10 04:06:04,787 INFO  segmented.SegmentedRaftLogWorker (SegmentedRaftLogWorker.java:<init>(172)) - new cb9f76f9-cb80-4305-b09a-f3a7410878f9-SegmentedRaftLogWorker:Storage Directory /workdir/hadoop-ozone/integration-test/target/test-dir/MiniOzoneClusterImpl-78319399-da6d-4099-9cd6-4b429a1af7e9/datanode-2/data/ratis/85aa01df-cccf-4f97-baf3-bcc2b63c07ff for RaftStorage:Storage Directory /workdir/hadoop-ozone/integration-test/target/test-dir/MiniOzoneClusterImpl-78319399-da6d-4099-9cd6-4b429a1af7e9/datanode-2/data/ratis/85aa01df-cccf-4f97-baf3-bcc2b63c07ff
2019-08-10 04:06:04,788 INFO  server.RaftServerConfigKeys (ConfUtils.java:logGet(43)) - raft.server.log.queue.byte-limit = 2147483647 (custom)
2019-08-10 04:06:04,788 INFO  server.RaftServerConfigKeys (ConfUtils.java:logGet(43)) - raft.server.log.queue.element-limit = 1024 (custom)
2019-08-10 04:06:04,788 INFO  server.RaftServerConfigKeys (ConfUtils.java:logGet(43)) - raft.server.log.segment.size.max = 1048576 (custom)
2019-08-10 04:06:04,788 INFO  server.RaftServerConfigKeys (ConfUtils.java:logGet(43)) - raft.server.log.preallocated.size = 16384 (custom)
2019-08-10 04:06:04,788 INFO  server.RaftServerConfigKeys (ConfUtils.java:logGet(43)) - raft.server.log.write.buffer.size = 33554432 (custom)
2019-08-10 04:06:04,789 INFO  server.RaftServerConfigKeys (ConfUtils.java:logGet(43)) - raft.server.log.force.sync.num = 128 (default)
2019-08-10 04:06:04,789 INFO  server.RaftServerConfigKeys (ConfUtils.java:logGet(43)) - raft.server.log.statemachine.data.sync = true (default)
2019-08-10 04:06:04,789 INFO  server.RaftServerConfigKeys (ConfUtils.java:logGet(43)) - raft.server.log.statemachine.data.sync.timeout = 10s (default)
2019-08-10 04:06:04,789 INFO  server.RaftServerConfigKeys (ConfUtils.java:logGet(43)) - raft.server.log.statemachine.data.sync.timeout.retry = -1 (default)
2019-08-10 04:06:04,790 INFO  server.RaftServerConfigKeys (ConfUtils.java:logGet(43)) - raft.server.log.statemachine.data.caching.enabled = true (custom)
2019-08-10 04:06:04,790 INFO  segmented.SegmentedRaftLogWorker (SegmentedRaftLogWorker.java:lambda$new$0(132)) - cb9f76f9-cb80-4305-b09a-f3a7410878f9-SegmentedRaftLogWorker:Storage Directory /workdir/hadoop-ozone/integration-test/target/test-dir/MiniOzoneClusterImpl-78319399-da6d-4099-9cd6-4b429a1af7e9/datanode-2/data/ratis/85aa01df-cccf-4f97-baf3-bcc2b63c07ff: flushIndex: setUnconditionally 0 -> -1
2019-08-10 04:06:04,790 INFO  server.RaftServerConfigKeys (ConfUtils.java:logGet(43)) - raft.server.snapshot.auto.trigger.enabled = true (custom)
2019-08-10 04:06:04,790 INFO  server.RaftServerConfigKeys (ConfUtils.java:logGet(43)) - raft.server.snapshot.auto.trigger.threshold = 10000 (custom)
2019-08-10 04:06:04,791 INFO  server.RaftServerConfigKeys (ConfUtils.java:logGet(43)) - raft.server.retrycache.expirytime = 600000ms (custom)
2019-08-10 04:06:04,791 INFO  impl.RaftServerImpl (RaftServerImpl.java:start(180)) - cb9f76f9-cb80-4305-b09a-f3a7410878f9: start group-BCC2B63C07FF
2019-08-10 04:06:04,791 INFO  impl.RaftServerImpl (RaftServerImpl.java:setRole(171)) - cb9f76f9-cb80-4305-b09a-f3a7410878f9:group-BCC2B63C07FF changes role from null to FOLLOWER at term 0 for startAsFollower
2019-08-10 04:06:04,791 INFO  impl.RoleInfo (RoleInfo.java:updateAndGet(143)) - cb9f76f9-cb80-4305-b09a-f3a7410878f9: start FollowerState
2019-08-10 04:06:04,792 INFO  util.JmxRegister (JmxRegister.java:tryRegister(44)) - Successfully registered JMX Bean with object name Ratis:service=RaftServer,group=group-BCC2B63C07FF,id=cb9f76f9-cb80-4305-b09a-f3a7410878f9
2019-08-10 04:06:04,805 INFO  pipeline.PipelineStateManager (PipelineStateManager.java:addPipeline(56)) - Created pipeline Pipeline[ Id: 85aa01df-cccf-4f97-baf3-bcc2b63c07ff, Nodes: cb9f76f9-cb80-4305-b09a-f3a7410878f9{ip: 192.168.157.255, host: byscane-nightly-wggqd-62853239, networkLocation: /default-rack, certSerialId: null}, Type:RATIS, Factor:ONE, State:OPEN]
2019-08-10 04:06:04,825 INFO  impl.RaftServerProxy (RaftServerProxy.java:addNew(89)) - dc93ca29-8927-4af3-88fd-4352eaa333fd: addNew group-23DB18EF5C34:[dc93ca29-8927-4af3-88fd-4352eaa333fd:192.168.157.255:33989] returns group-23DB18EF5C34:java.util.concurrent.CompletableFuture@2dca9bc5[Not completed]
2019-08-10 04:06:04,829 INFO  impl.RaftServerImpl (RaftServerImpl.java:<init>(93)) - dc93ca29-8927-4af3-88fd-4352eaa333fd: new RaftServerImpl for group-23DB18EF5C34:[dc93ca29-8927-4af3-88fd-4352eaa333fd:192.168.157.255:33989] with ContainerStateMachine:uninitialized
2019-08-10 04:06:04,829 INFO  server.RaftServerConfigKeys (ConfUtils.java:logGet(43)) - raft.server.rpc.timeout.min = 5s (custom)
2019-08-10 04:06:04,829 INFO  server.RaftServerConfigKeys (ConfUtils.java:logGet(43)) - raft.server.rpc.timeout.max = 5200ms (custom)
2019-08-10 04:06:04,830 INFO  server.RaftServerConfigKeys (ConfUtils.java:logGet(43)) - raft.server.rpcslowness.timeout = 120s (custom)
2019-08-10 04:06:04,830 INFO  server.RaftServerConfigKeys (ConfUtils.java:logGet(43)) - raft.server.sleep.deviation.threshold = 300 (default)
2019-08-10 04:06:04,830 INFO  server.RaftServerConfigKeys (ConfUtils.java:logGet(43)) - raft.server.log.appender.install.snapshot.enabled = false (custom)
2019-08-10 04:06:04,830 INFO  impl.RaftServerImpl (ServerState.java:<init>(105)) - dc93ca29-8927-4af3-88fd-4352eaa333fd:group-23DB18EF5C34 ConfigurationManager, init=-1: [dc93ca29-8927-4af3-88fd-4352eaa333fd:192.168.157.255:33989], old=null, confs=<EMPTY_MAP>
2019-08-10 04:06:04,830 INFO  server.RaftServerConfigKeys (ConfUtils.java:logGet(43)) - raft.server.storage.dir = [/workdir/hadoop-ozone/integration-test/target/test-dir/MiniOzoneClusterImpl-78319399-da6d-4099-9cd6-4b429a1af7e9/datanode-3/data/ratis] (custom)
2019-08-10 04:06:04,831 INFO  storage.RaftStorageDirectory (RaftStorageDirectory.java:analyzeStorage(246)) - The storage directory /workdir/hadoop-ozone/integration-test/target/test-dir/MiniOzoneClusterImpl-78319399-da6d-4099-9cd6-4b429a1af7e9/datanode-3/data/ratis/8e01b5c4-2281-4239-8fd1-23db18ef5c34 does not exist. Creating ...
2019-08-10 04:06:04,843 INFO  storage.RaftStorageDirectory (RaftStorageDirectory.java:tryLock(328)) - Lock on /workdir/hadoop-ozone/integration-test/target/test-dir/MiniOzoneClusterImpl-78319399-da6d-4099-9cd6-4b429a1af7e9/datanode-3/data/ratis/8e01b5c4-2281-4239-8fd1-23db18ef5c34/in_use.lock acquired by nodename 531@byscane-nightly-wggqd-62853239
2019-08-10 04:06:04,867 INFO  storage.RaftStorage (RaftStorage.java:format(72)) - Storage directory /workdir/hadoop-ozone/integration-test/target/test-dir/MiniOzoneClusterImpl-78319399-da6d-4099-9cd6-4b429a1af7e9/datanode-3/data/ratis/8e01b5c4-2281-4239-8fd1-23db18ef5c34 has been successfully formatted.
2019-08-10 04:06:04,867 INFO  ratis.ContainerStateMachine (ContainerStateMachine.java:loadSnapshot(213)) - group-23DB18EF5C34: The snapshot info is null. Setting the last applied indexto:(t:0, i:~)
2019-08-10 04:06:04,867 INFO  server.RaftServerConfigKeys (ConfUtils.java:logGet(43)) - raft.server.leader.election.timeout = 120s (custom)
2019-08-10 04:06:04,867 INFO  server.RaftServerConfigKeys (ConfUtils.java:logGet(43)) - raft.server.log.use.memory = false (default)
2019-08-10 04:06:04,868 INFO  server.RaftServerConfigKeys (ConfUtils.java:logGet(43)) - raft.server.log.purge.gap = 1000000000 (custom)
2019-08-10 04:06:04,868 INFO  server.RaftServerConfigKeys (ConfUtils.java:logGet(43)) - raft.server.log.appender.buffer.byte-limit = 33554432 (custom)
2019-08-10 04:06:04,868 INFO  server.RaftServerConfigKeys (ConfUtils.java:logGet(43)) - raft.server.log.segment.size.max = 1048576 (custom)
2019-08-10 04:06:04,868 INFO  server.RaftServerConfigKeys (ConfUtils.java:logGet(43)) - raft.server.log.segment.cache.num.max = 2 (custom)
2019-08-10 04:06:04,868 INFO  segmented.SegmentedRaftLogWorker (SegmentedRaftLogWorker.java:<init>(172)) - new dc93ca29-8927-4af3-88fd-4352eaa333fd-SegmentedRaftLogWorker:Storage Directory /workdir/hadoop-ozone/integration-test/target/test-dir/MiniOzoneClusterImpl-78319399-da6d-4099-9cd6-4b429a1af7e9/datanode-3/data/ratis/8e01b5c4-2281-4239-8fd1-23db18ef5c34 for RaftStorage:Storage Directory /workdir/hadoop-ozone/integration-test/target/test-dir/MiniOzoneClusterImpl-78319399-da6d-4099-9cd6-4b429a1af7e9/datanode-3/data/ratis/8e01b5c4-2281-4239-8fd1-23db18ef5c34
2019-08-10 04:06:04,869 INFO  server.RaftServerConfigKeys (ConfUtils.java:logGet(43)) - raft.server.log.queue.byte-limit = 2147483647 (custom)
2019-08-10 04:06:04,869 INFO  server.RaftServerConfigKeys (ConfUtils.java:logGet(43)) - raft.server.log.queue.element-limit = 1024 (custom)
2019-08-10 04:06:04,869 INFO  server.RaftServerConfigKeys (ConfUtils.java:logGet(43)) - raft.server.log.segment.size.max = 1048576 (custom)
2019-08-10 04:06:04,869 INFO  server.RaftServerConfigKeys (ConfUtils.java:logGet(43)) - raft.server.log.preallocated.size = 16384 (custom)
2019-08-10 04:06:04,870 INFO  server.RaftServerConfigKeys (ConfUtils.java:logGet(43)) - raft.server.log.write.buffer.size = 33554432 (custom)
2019-08-10 04:06:04,870 INFO  server.RaftServerConfigKeys (ConfUtils.java:logGet(43)) - raft.server.log.force.sync.num = 128 (default)
2019-08-10 04:06:04,870 INFO  server.RaftServerConfigKeys (ConfUtils.java:logGet(43)) - raft.server.log.statemachine.data.sync = true (default)
2019-08-10 04:06:04,870 INFO  server.RaftServerConfigKeys (ConfUtils.java:logGet(43)) - raft.server.log.statemachine.data.sync.timeout = 10s (default)
2019-08-10 04:06:04,870 INFO  server.RaftServerConfigKeys (ConfUtils.java:logGet(43)) - raft.server.log.statemachine.data.sync.timeout.retry = -1 (default)
2019-08-10 04:06:04,871 INFO  server.RaftServerConfigKeys (ConfUtils.java:logGet(43)) - raft.server.log.statemachine.data.caching.enabled = true (custom)
2019-08-10 04:06:04,871 INFO  segmented.SegmentedRaftLogWorker (SegmentedRaftLogWorker.java:lambda$new$0(132)) - dc93ca29-8927-4af3-88fd-4352eaa333fd-SegmentedRaftLogWorker:Storage Directory /workdir/hadoop-ozone/integration-test/target/test-dir/MiniOzoneClusterImpl-78319399-da6d-4099-9cd6-4b429a1af7e9/datanode-3/data/ratis/8e01b5c4-2281-4239-8fd1-23db18ef5c34: flushIndex: setUnconditionally 0 -> -1
2019-08-10 04:06:04,872 INFO  server.RaftServerConfigKeys (ConfUtils.java:logGet(43)) - raft.server.snapshot.auto.trigger.enabled = true (custom)
2019-08-10 04:06:04,872 INFO  server.RaftServerConfigKeys (ConfUtils.java:logGet(43)) - raft.server.snapshot.auto.trigger.threshold = 10000 (custom)
2019-08-10 04:06:04,872 INFO  server.RaftServerConfigKeys (ConfUtils.java:logGet(43)) - raft.server.retrycache.expirytime = 600000ms (custom)
2019-08-10 04:06:04,873 INFO  impl.RaftServerImpl (RaftServerImpl.java:start(180)) - dc93ca29-8927-4af3-88fd-4352eaa333fd: start group-23DB18EF5C34
2019-08-10 04:06:04,873 INFO  impl.RaftServerImpl (RaftServerImpl.java:setRole(171)) - dc93ca29-8927-4af3-88fd-4352eaa333fd:group-23DB18EF5C34 changes role from null to FOLLOWER at term 0 for startAsFollower
2019-08-10 04:06:04,873 INFO  impl.RoleInfo (RoleInfo.java:updateAndGet(143)) - dc93ca29-8927-4af3-88fd-4352eaa333fd: start FollowerState
2019-08-10 04:06:04,873 INFO  util.JmxRegister (JmxRegister.java:tryRegister(44)) - Successfully registered JMX Bean with object name Ratis:service=RaftServer,group=group-23DB18EF5C34,id=dc93ca29-8927-4af3-88fd-4352eaa333fd
2019-08-10 04:06:04,893 INFO  pipeline.PipelineStateManager (PipelineStateManager.java:addPipeline(56)) - Created pipeline Pipeline[ Id: 8e01b5c4-2281-4239-8fd1-23db18ef5c34, Nodes: dc93ca29-8927-4af3-88fd-4352eaa333fd{ip: 192.168.157.255, host: byscane-nightly-wggqd-62853239, networkLocation: /default-rack, certSerialId: null}, Type:RATIS, Factor:ONE, State:OPEN]
2019-08-10 04:06:04,934 INFO  impl.RaftServerProxy (RaftServerProxy.java:addNew(89)) - 9fb16d77-47ad-4452-9caf-f9ff65d0025b: addNew group-48837B23B6DF:[6435028b-549c-4b1e-90fb-d3e35990f884:192.168.157.255:39340, 1322933e-f801-4eab-8c61-7265168793c5:192.168.157.255:38537, 9fb16d77-47ad-4452-9caf-f9ff65d0025b:192.168.157.255:42226] returns group-48837B23B6DF:java.util.concurrent.CompletableFuture@24917dd0[Not completed]
2019-08-10 04:06:04,945 INFO  impl.RaftServerImpl (RaftServerImpl.java:<init>(93)) - 9fb16d77-47ad-4452-9caf-f9ff65d0025b: new RaftServerImpl for group-48837B23B6DF:[6435028b-549c-4b1e-90fb-d3e35990f884:192.168.157.255:39340, 1322933e-f801-4eab-8c61-7265168793c5:192.168.157.255:38537, 9fb16d77-47ad-4452-9caf-f9ff65d0025b:192.168.157.255:42226] with ContainerStateMachine:uninitialized
2019-08-10 04:06:04,947 INFO  server.RaftServerConfigKeys (ConfUtils.java:logGet(43)) - raft.server.rpc.timeout.min = 5s (custom)
2019-08-10 04:06:04,949 INFO  server.RaftServerConfigKeys (ConfUtils.java:logGet(43)) - raft.server.rpc.timeout.max = 5200ms (custom)
2019-08-10 04:06:04,950 INFO  server.RaftServerConfigKeys (ConfUtils.java:logGet(43)) - raft.server.rpcslowness.timeout = 120s (custom)
2019-08-10 04:06:04,950 INFO  server.RaftServerConfigKeys (ConfUtils.java:logGet(43)) - raft.server.sleep.deviation.threshold = 300 (default)
2019-08-10 04:06:04,950 INFO  server.RaftServerConfigKeys (ConfUtils.java:logGet(43)) - raft.server.log.appender.install.snapshot.enabled = false (custom)
2019-08-10 04:06:04,950 INFO  impl.RaftServerProxy (RaftServerProxy.java:addNew(89)) - 6435028b-549c-4b1e-90fb-d3e35990f884: addNew group-48837B23B6DF:[6435028b-549c-4b1e-90fb-d3e35990f884:192.168.157.255:39340, 1322933e-f801-4eab-8c61-7265168793c5:192.168.157.255:38537, 9fb16d77-47ad-4452-9caf-f9ff65d0025b:192.168.157.255:42226] returns group-48837B23B6DF:java.util.concurrent.CompletableFuture@20aefd9a[Not completed]
2019-08-10 04:06:04,950 INFO  impl.RaftServerProxy (RaftServerProxy.java:addNew(89)) - 1322933e-f801-4eab-8c61-7265168793c5: addNew group-48837B23B6DF:[6435028b-549c-4b1e-90fb-d3e35990f884:192.168.157.255:39340, 1322933e-f801-4eab-8c61-7265168793c5:192.168.157.255:38537, 9fb16d77-47ad-4452-9caf-f9ff65d0025b:192.168.157.255:42226] returns group-48837B23B6DF:java.util.concurrent.CompletableFuture@23718302[Not completed]
2019-08-10 04:06:04,950 INFO  impl.RaftServerImpl (ServerState.java:<init>(105)) - 9fb16d77-47ad-4452-9caf-f9ff65d0025b:group-48837B23B6DF ConfigurationManager, init=-1: [6435028b-549c-4b1e-90fb-d3e35990f884:192.168.157.255:39340, 1322933e-f801-4eab-8c61-7265168793c5:192.168.157.255:38537, 9fb16d77-47ad-4452-9caf-f9ff65d0025b:192.168.157.255:42226], old=null, confs=<EMPTY_MAP>
2019-08-10 04:06:04,951 INFO  server.RaftServerConfigKeys (ConfUtils.java:logGet(43)) - raft.server.storage.dir = [/workdir/hadoop-ozone/integration-test/target/test-dir/MiniOzoneClusterImpl-78319399-da6d-4099-9cd6-4b429a1af7e9/datanode-5/data/ratis] (custom)
2019-08-10 04:06:04,951 INFO  storage.RaftStorageDirectory (RaftStorageDirectory.java:analyzeStorage(246)) - The storage directory /workdir/hadoop-ozone/integration-test/target/test-dir/MiniOzoneClusterImpl-78319399-da6d-4099-9cd6-4b429a1af7e9/datanode-5/data/ratis/3a390ac0-3965-404e-98c3-48837b23b6df does not exist. Creating ...
2019-08-10 04:06:04,952 INFO  impl.RaftServerImpl (RaftServerImpl.java:<init>(93)) - 6435028b-549c-4b1e-90fb-d3e35990f884: new RaftServerImpl for group-48837B23B6DF:[6435028b-549c-4b1e-90fb-d3e35990f884:192.168.157.255:39340, 1322933e-f801-4eab-8c61-7265168793c5:192.168.157.255:38537, 9fb16d77-47ad-4452-9caf-f9ff65d0025b:192.168.157.255:42226] with ContainerStateMachine:uninitialized
2019-08-10 04:06:04,952 INFO  server.RaftServerConfigKeys (ConfUtils.java:logGet(43)) - raft.server.rpc.timeout.min = 5s (custom)
2019-08-10 04:06:04,953 INFO  server.RaftServerConfigKeys (ConfUtils.java:logGet(43)) - raft.server.rpc.timeout.max = 5200ms (custom)
2019-08-10 04:06:04,953 INFO  server.RaftServerConfigKeys (ConfUtils.java:logGet(43)) - raft.server.rpcslowness.timeout = 120s (custom)
2019-08-10 04:06:04,953 INFO  server.RaftServerConfigKeys (ConfUtils.java:logGet(43)) - raft.server.sleep.deviation.threshold = 300 (default)
2019-08-10 04:06:04,953 INFO  server.RaftServerConfigKeys (ConfUtils.java:logGet(43)) - raft.server.log.appender.install.snapshot.enabled = false (custom)
2019-08-10 04:06:04,953 INFO  impl.RaftServerImpl (RaftServerImpl.java:<init>(93)) - 1322933e-f801-4eab-8c61-7265168793c5: new RaftServerImpl for group-48837B23B6DF:[6435028b-549c-4b1e-90fb-d3e35990f884:192.168.157.255:39340, 1322933e-f801-4eab-8c61-7265168793c5:192.168.157.255:38537, 9fb16d77-47ad-4452-9caf-f9ff65d0025b:192.168.157.255:42226] with ContainerStateMachine:uninitialized
2019-08-10 04:06:04,953 INFO  impl.RaftServerImpl (ServerState.java:<init>(105)) - 6435028b-549c-4b1e-90fb-d3e35990f884:group-48837B23B6DF ConfigurationManager, init=-1: [6435028b-549c-4b1e-90fb-d3e35990f884:192.168.157.255:39340, 1322933e-f801-4eab-8c61-7265168793c5:192.168.157.255:38537, 9fb16d77-47ad-4452-9caf-f9ff65d0025b:192.168.157.255:42226], old=null, confs=<EMPTY_MAP>
2019-08-10 04:06:04,953 INFO  server.RaftServerConfigKeys (ConfUtils.java:logGet(43)) - raft.server.rpc.timeout.min = 5s (custom)
2019-08-10 04:06:04,954 INFO  server.RaftServerConfigKeys (ConfUtils.java:logGet(43)) - raft.server.storage.dir = [/workdir/hadoop-ozone/integration-test/target/test-dir/MiniOzoneClusterImpl-78319399-da6d-4099-9cd6-4b429a1af7e9/datanode-4/data/ratis] (custom)
2019-08-10 04:06:04,954 INFO  server.RaftServerConfigKeys (ConfUtils.java:logGet(43)) - raft.server.rpc.timeout.max = 5200ms (custom)
2019-08-10 04:06:04,954 INFO  server.RaftServerConfigKeys (ConfUtils.java:logGet(43)) - raft.server.rpcslowness.timeout = 120s (custom)
2019-08-10 04:06:04,954 INFO  storage.RaftStorageDirectory (RaftStorageDirectory.java:analyzeStorage(246)) - The storage directory /workdir/hadoop-ozone/integration-test/target/test-dir/MiniOzoneClusterImpl-78319399-da6d-4099-9cd6-4b429a1af7e9/datanode-4/data/ratis/3a390ac0-3965-404e-98c3-48837b23b6df does not exist. Creating ...
2019-08-10 04:06:04,954 INFO  server.RaftServerConfigKeys (ConfUtils.java:logGet(43)) - raft.server.sleep.deviation.threshold = 300 (default)
2019-08-10 04:06:04,954 INFO  server.RaftServerConfigKeys (ConfUtils.java:logGet(43)) - raft.server.log.appender.install.snapshot.enabled = false (custom)
2019-08-10 04:06:04,955 INFO  impl.RaftServerImpl (ServerState.java:<init>(105)) - 1322933e-f801-4eab-8c61-7265168793c5:group-48837B23B6DF ConfigurationManager, init=-1: [6435028b-549c-4b1e-90fb-d3e35990f884:192.168.157.255:39340, 1322933e-f801-4eab-8c61-7265168793c5:192.168.157.255:38537, 9fb16d77-47ad-4452-9caf-f9ff65d0025b:192.168.157.255:42226], old=null, confs=<EMPTY_MAP>
2019-08-10 04:06:04,955 INFO  server.RaftServerConfigKeys (ConfUtils.java:logGet(43)) - raft.server.storage.dir = [/workdir/hadoop-ozone/integration-test/target/test-dir/MiniOzoneClusterImpl-78319399-da6d-4099-9cd6-4b429a1af7e9/datanode-0/data/ratis] (custom)
2019-08-10 04:06:04,955 INFO  storage.RaftStorageDirectory (RaftStorageDirectory.java:analyzeStorage(246)) - The storage directory /workdir/hadoop-ozone/integration-test/target/test-dir/MiniOzoneClusterImpl-78319399-da6d-4099-9cd6-4b429a1af7e9/datanode-0/data/ratis/3a390ac0-3965-404e-98c3-48837b23b6df does not exist. Creating ...
2019-08-10 04:06:04,965 INFO  storage.RaftStorageDirectory (RaftStorageDirectory.java:tryLock(328)) - Lock on /workdir/hadoop-ozone/integration-test/target/test-dir/MiniOzoneClusterImpl-78319399-da6d-4099-9cd6-4b429a1af7e9/datanode-4/data/ratis/3a390ac0-3965-404e-98c3-48837b23b6df/in_use.lock acquired by nodename 531@byscane-nightly-wggqd-62853239
2019-08-10 04:06:04,965 INFO  storage.RaftStorageDirectory (RaftStorageDirectory.java:tryLock(328)) - Lock on /workdir/hadoop-ozone/integration-test/target/test-dir/MiniOzoneClusterImpl-78319399-da6d-4099-9cd6-4b429a1af7e9/datanode-0/data/ratis/3a390ac0-3965-404e-98c3-48837b23b6df/in_use.lock acquired by nodename 531@byscane-nightly-wggqd-62853239
2019-08-10 04:06:04,965 INFO  storage.RaftStorageDirectory (RaftStorageDirectory.java:tryLock(328)) - Lock on /workdir/hadoop-ozone/integration-test/target/test-dir/MiniOzoneClusterImpl-78319399-da6d-4099-9cd6-4b429a1af7e9/datanode-5/data/ratis/3a390ac0-3965-404e-98c3-48837b23b6df/in_use.lock acquired by nodename 531@byscane-nightly-wggqd-62853239
2019-08-10 04:06:04,979 INFO  storage.RaftStorage (RaftStorage.java:format(72)) - Storage directory /workdir/hadoop-ozone/integration-test/target/test-dir/MiniOzoneClusterImpl-78319399-da6d-4099-9cd6-4b429a1af7e9/datanode-4/data/ratis/3a390ac0-3965-404e-98c3-48837b23b6df has been successfully formatted.
2019-08-10 04:06:04,979 INFO  storage.RaftStorage (RaftStorage.java:format(72)) - Storage directory /workdir/hadoop-ozone/integration-test/target/test-dir/MiniOzoneClusterImpl-78319399-da6d-4099-9cd6-4b429a1af7e9/datanode-5/data/ratis/3a390ac0-3965-404e-98c3-48837b23b6df has been successfully formatted.
2019-08-10 04:06:04,979 INFO  storage.RaftStorage (RaftStorage.java:format(72)) - Storage directory /workdir/hadoop-ozone/integration-test/target/test-dir/MiniOzoneClusterImpl-78319399-da6d-4099-9cd6-4b429a1af7e9/datanode-0/data/ratis/3a390ac0-3965-404e-98c3-48837b23b6df has been successfully formatted.
2019-08-10 04:06:04,979 INFO  ratis.ContainerStateMachine (ContainerStateMachine.java:loadSnapshot(213)) - group-48837B23B6DF: The snapshot info is null. Setting the last applied indexto:(t:0, i:~)
2019-08-10 04:06:04,980 INFO  ratis.ContainerStateMachine (ContainerStateMachine.java:loadSnapshot(213)) - group-48837B23B6DF: The snapshot info is null. Setting the last applied indexto:(t:0, i:~)
2019-08-10 04:06:04,980 INFO  ratis.ContainerStateMachine (ContainerStateMachine.java:loadSnapshot(213)) - group-48837B23B6DF: The snapshot info is null. Setting the last applied indexto:(t:0, i:~)
2019-08-10 04:06:04,980 INFO  server.RaftServerConfigKeys (ConfUtils.java:logGet(43)) - raft.server.leader.election.timeout = 120s (custom)
2019-08-10 04:06:04,980 INFO  server.RaftServerConfigKeys (ConfUtils.java:logGet(43)) - raft.server.leader.election.timeout = 120s (custom)
2019-08-10 04:06:04,980 INFO  server.RaftServerConfigKeys (ConfUtils.java:logGet(43)) - raft.server.leader.election.timeout = 120s (custom)
2019-08-10 04:06:04,981 INFO  server.RaftServerConfigKeys (ConfUtils.java:logGet(43)) - raft.server.log.use.memory = false (default)
2019-08-10 04:06:04,980 INFO  server.RaftServerConfigKeys (ConfUtils.java:logGet(43)) - raft.server.log.use.memory = false (default)
2019-08-10 04:06:04,981 INFO  server.RaftServerConfigKeys (ConfUtils.java:logGet(43)) - raft.server.log.purge.gap = 1000000000 (custom)
2019-08-10 04:06:04,981 INFO  server.RaftServerConfigKeys (ConfUtils.java:logGet(43)) - raft.server.log.use.memory = false (default)
2019-08-10 04:06:04,981 INFO  server.RaftServerConfigKeys (ConfUtils.java:logGet(43)) - raft.server.log.appender.buffer.byte-limit = 33554432 (custom)
2019-08-10 04:06:04,981 INFO  server.RaftServerConfigKeys (ConfUtils.java:logGet(43)) - raft.server.log.purge.gap = 1000000000 (custom)
2019-08-10 04:06:04,982 INFO  server.RaftServerConfigKeys (ConfUtils.java:logGet(43)) - raft.server.log.segment.size.max = 1048576 (custom)
2019-08-10 04:06:04,982 INFO  server.RaftServerConfigKeys (ConfUtils.java:logGet(43)) - raft.server.log.purge.gap = 1000000000 (custom)
2019-08-10 04:06:04,982 INFO  server.RaftServerConfigKeys (ConfUtils.java:logGet(43)) - raft.server.log.segment.cache.num.max = 2 (custom)
2019-08-10 04:06:04,982 INFO  server.RaftServerConfigKeys (ConfUtils.java:logGet(43)) - raft.server.log.appender.buffer.byte-limit = 33554432 (custom)
2019-08-10 04:06:04,982 INFO  segmented.SegmentedRaftLogWorker (SegmentedRaftLogWorker.java:<init>(172)) - new 1322933e-f801-4eab-8c61-7265168793c5-SegmentedRaftLogWorker:Storage Directory /workdir/hadoop-ozone/integration-test/target/test-dir/MiniOzoneClusterImpl-78319399-da6d-4099-9cd6-4b429a1af7e9/datanode-0/data/ratis/3a390ac0-3965-404e-98c3-48837b23b6df for RaftStorage:Storage Directory /workdir/hadoop-ozone/integration-test/target/test-dir/MiniOzoneClusterImpl-78319399-da6d-4099-9cd6-4b429a1af7e9/datanode-0/data/ratis/3a390ac0-3965-404e-98c3-48837b23b6df
2019-08-10 04:06:04,982 INFO  server.RaftServerConfigKeys (ConfUtils.java:logGet(43)) - raft.server.log.appender.buffer.byte-limit = 33554432 (custom)
2019-08-10 04:06:04,983 INFO  server.RaftServerConfigKeys (ConfUtils.java:logGet(43)) - raft.server.log.queue.byte-limit = 2147483647 (custom)
2019-08-10 04:06:04,983 INFO  server.RaftServerConfigKeys (ConfUtils.java:logGet(43)) - raft.server.log.segment.size.max = 1048576 (custom)
2019-08-10 04:06:04,986 INFO  server.RaftServerConfigKeys (ConfUtils.java:logGet(43)) - raft.server.log.queue.element-limit = 1024 (custom)
2019-08-10 04:06:04,983 INFO  server.RaftServerConfigKeys (ConfUtils.java:logGet(43)) - raft.server.log.segment.size.max = 1048576 (custom)
2019-08-10 04:06:04,986 INFO  server.RaftServerConfigKeys (ConfUtils.java:logGet(43)) - raft.server.log.segment.size.max = 1048576 (custom)
2019-08-10 04:06:04,986 INFO  server.RaftServerConfigKeys (ConfUtils.java:logGet(43)) - raft.server.log.segment.cache.num.max = 2 (custom)
2019-08-10 04:06:04,986 INFO  server.RaftServerConfigKeys (ConfUtils.java:logGet(43)) - raft.server.log.preallocated.size = 16384 (custom)
2019-08-10 04:06:04,986 INFO  server.RaftServerConfigKeys (ConfUtils.java:logGet(43)) - raft.server.log.segment.cache.num.max = 2 (custom)
2019-08-10 04:06:04,987 INFO  server.RaftServerConfigKeys (ConfUtils.java:logGet(43)) - raft.server.log.write.buffer.size = 33554432 (custom)
2019-08-10 04:06:04,987 INFO  segmented.SegmentedRaftLogWorker (SegmentedRaftLogWorker.java:<init>(172)) - new 6435028b-549c-4b1e-90fb-d3e35990f884-SegmentedRaftLogWorker:Storage Directory /workdir/hadoop-ozone/integration-test/target/test-dir/MiniOzoneClusterImpl-78319399-da6d-4099-9cd6-4b429a1af7e9/datanode-4/data/ratis/3a390ac0-3965-404e-98c3-48837b23b6df for RaftStorage:Storage Directory /workdir/hadoop-ozone/integration-test/target/test-dir/MiniOzoneClusterImpl-78319399-da6d-4099-9cd6-4b429a1af7e9/datanode-4/data/ratis/3a390ac0-3965-404e-98c3-48837b23b6df
2019-08-10 04:06:04,987 INFO  server.RaftServerConfigKeys (ConfUtils.java:logGet(43)) - raft.server.log.force.sync.num = 128 (default)
2019-08-10 04:06:04,987 INFO  segmented.SegmentedRaftLogWorker (SegmentedRaftLogWorker.java:<init>(172)) - new 9fb16d77-47ad-4452-9caf-f9ff65d0025b-SegmentedRaftLogWorker:Storage Directory /workdir/hadoop-ozone/integration-test/target/test-dir/MiniOzoneClusterImpl-78319399-da6d-4099-9cd6-4b429a1af7e9/datanode-5/data/ratis/3a390ac0-3965-404e-98c3-48837b23b6df for RaftStorage:Storage Directory /workdir/hadoop-ozone/integration-test/target/test-dir/MiniOzoneClusterImpl-78319399-da6d-4099-9cd6-4b429a1af7e9/datanode-5/data/ratis/3a390ac0-3965-404e-98c3-48837b23b6df
2019-08-10 04:06:04,988 INFO  server.RaftServerConfigKeys (ConfUtils.java:logGet(43)) - raft.server.log.statemachine.data.sync = true (default)
2019-08-10 04:06:04,988 INFO  server.RaftServerConfigKeys (ConfUtils.java:logGet(43)) - raft.server.log.queue.byte-limit = 2147483647 (custom)
2019-08-10 04:06:04,992 INFO  server.RaftServerConfigKeys (ConfUtils.java:logGet(43)) - raft.server.log.statemachine.data.sync.timeout = 10s (default)
2019-08-10 04:06:04,990 INFO  server.RaftServerConfigKeys (ConfUtils.java:logGet(43)) - raft.server.log.queue.byte-limit = 2147483647 (custom)
2019-08-10 04:06:04,993 INFO  server.RaftServerConfigKeys (ConfUtils.java:logGet(43)) - raft.server.log.statemachine.data.sync.timeout.retry = -1 (default)
2019-08-10 04:06:04,992 INFO  server.RaftServerConfigKeys (ConfUtils.java:logGet(43)) - raft.server.log.queue.element-limit = 1024 (custom)
2019-08-10 04:06:04,993 INFO  server.RaftServerConfigKeys (ConfUtils.java:logGet(43)) - raft.server.log.statemachine.data.caching.enabled = true (custom)
2019-08-10 04:06:04,993 INFO  server.RaftServerConfigKeys (ConfUtils.java:logGet(43)) - raft.server.log.queue.element-limit = 1024 (custom)
2019-08-10 04:06:04,993 INFO  server.RaftServerConfigKeys (ConfUtils.java:logGet(43)) - raft.server.log.segment.size.max = 1048576 (custom)
2019-08-10 04:06:04,994 INFO  server.RaftServerConfigKeys (ConfUtils.java:logGet(43)) - raft.server.log.segment.size.max = 1048576 (custom)
2019-08-10 04:06:04,994 INFO  segmented.SegmentedRaftLogWorker (SegmentedRaftLogWorker.java:lambda$new$0(132)) - 1322933e-f801-4eab-8c61-7265168793c5-SegmentedRaftLogWorker:Storage Directory /workdir/hadoop-ozone/integration-test/target/test-dir/MiniOzoneClusterImpl-78319399-da6d-4099-9cd6-4b429a1af7e9/datanode-0/data/ratis/3a390ac0-3965-404e-98c3-48837b23b6df: flushIndex: setUnconditionally 0 -> -1
2019-08-10 04:06:04,994 INFO  server.RaftServerConfigKeys (ConfUtils.java:logGet(43)) - raft.server.log.preallocated.size = 16384 (custom)
2019-08-10 04:06:04,994 INFO  server.RaftServerConfigKeys (ConfUtils.java:logGet(43)) - raft.server.log.preallocated.size = 16384 (custom)
2019-08-10 04:06:04,995 INFO  server.RaftServerConfigKeys (ConfUtils.java:logGet(43)) - raft.server.snapshot.auto.trigger.enabled = true (custom)
2019-08-10 04:06:04,994 INFO  server.RaftServerConfigKeys (ConfUtils.java:logGet(43)) - raft.server.log.write.buffer.size = 33554432 (custom)
2019-08-10 04:06:04,995 INFO  server.RaftServerConfigKeys (ConfUtils.java:logGet(43)) - raft.server.snapshot.auto.trigger.threshold = 10000 (custom)
2019-08-10 04:06:04,995 INFO  server.RaftServerConfigKeys (ConfUtils.java:logGet(43)) - raft.server.log.write.buffer.size = 33554432 (custom)
2019-08-10 04:06:04,995 INFO  server.RaftServerConfigKeys (ConfUtils.java:logGet(43)) - raft.server.retrycache.expirytime = 600000ms (custom)
2019-08-10 04:06:04,995 INFO  server.RaftServerConfigKeys (ConfUtils.java:logGet(43)) - raft.server.log.force.sync.num = 128 (default)
2019-08-10 04:06:04,996 INFO  impl.RaftServerImpl (RaftServerImpl.java:start(180)) - 1322933e-f801-4eab-8c61-7265168793c5: start group-48837B23B6DF
2019-08-10 04:06:04,995 INFO  server.RaftServerConfigKeys (ConfUtils.java:logGet(43)) - raft.server.log.force.sync.num = 128 (default)
2019-08-10 04:06:04,996 INFO  impl.RaftServerImpl (RaftServerImpl.java:setRole(171)) - 1322933e-f801-4eab-8c61-7265168793c5:group-48837B23B6DF changes role from null to FOLLOWER at term 0 for startAsFollower
2019-08-10 04:06:04,996 INFO  server.RaftServerConfigKeys (ConfUtils.java:logGet(43)) - raft.server.log.statemachine.data.sync = true (default)
2019-08-10 04:06:04,996 INFO  impl.RoleInfo (RoleInfo.java:updateAndGet(143)) - 1322933e-f801-4eab-8c61-7265168793c5: start FollowerState
2019-08-10 04:06:04,996 INFO  server.RaftServerConfigKeys (ConfUtils.java:logGet(43)) - raft.server.log.statemachine.data.sync = true (default)
2019-08-10 04:06:04,997 INFO  server.RaftServerConfigKeys (ConfUtils.java:logGet(43)) - raft.server.log.statemachine.data.sync.timeout = 10s (default)
2019-08-10 04:06:04,997 INFO  util.JmxRegister (JmxRegister.java:tryRegister(44)) - Successfully registered JMX Bean with object name Ratis:service=RaftServer,group=group-48837B23B6DF,id=1322933e-f801-4eab-8c61-7265168793c5
2019-08-10 04:06:04,997 INFO  server.RaftServerConfigKeys (ConfUtils.java:logGet(43)) - raft.server.log.statemachine.data.sync.timeout = 10s (default)
2019-08-10 04:06:04,997 INFO  server.RaftServerConfigKeys (ConfUtils.java:logGet(43)) - raft.server.log.statemachine.data.sync.timeout.retry = -1 (default)
2019-08-10 04:06:04,998 INFO  server.RaftServerConfigKeys (ConfUtils.java:logGet(43)) - raft.server.log.statemachine.data.sync.timeout.retry = -1 (default)
2019-08-10 04:06:04,998 INFO  server.RaftServerConfigKeys (ConfUtils.java:logGet(43)) - raft.server.log.statemachine.data.caching.enabled = true (custom)
2019-08-10 04:06:04,998 INFO  server.RaftServerConfigKeys (ConfUtils.java:logGet(43)) - raft.server.log.statemachine.data.caching.enabled = true (custom)
2019-08-10 04:06:04,998 INFO  segmented.SegmentedRaftLogWorker (SegmentedRaftLogWorker.java:lambda$new$0(132)) - 9fb16d77-47ad-4452-9caf-f9ff65d0025b-SegmentedRaftLogWorker:Storage Directory /workdir/hadoop-ozone/integration-test/target/test-dir/MiniOzoneClusterImpl-78319399-da6d-4099-9cd6-4b429a1af7e9/datanode-5/data/ratis/3a390ac0-3965-404e-98c3-48837b23b6df: flushIndex: setUnconditionally 0 -> -1
2019-08-10 04:06:04,999 INFO  segmented.SegmentedRaftLogWorker (SegmentedRaftLogWorker.java:lambda$new$0(132)) - 6435028b-549c-4b1e-90fb-d3e35990f884-SegmentedRaftLogWorker:Storage Directory /workdir/hadoop-ozone/integration-test/target/test-dir/MiniOzoneClusterImpl-78319399-da6d-4099-9cd6-4b429a1af7e9/datanode-4/data/ratis/3a390ac0-3965-404e-98c3-48837b23b6df: flushIndex: setUnconditionally 0 -> -1
2019-08-10 04:06:04,999 INFO  server.RaftServerConfigKeys (ConfUtils.java:logGet(43)) - raft.server.snapshot.auto.trigger.enabled = true (custom)
2019-08-10 04:06:04,999 INFO  server.RaftServerConfigKeys (ConfUtils.java:logGet(43)) - raft.server.snapshot.auto.trigger.threshold = 10000 (custom)
2019-08-10 04:06:04,999 INFO  server.RaftServerConfigKeys (ConfUtils.java:logGet(43)) - raft.server.snapshot.auto.trigger.enabled = true (custom)
2019-08-10 04:06:04,999 INFO  server.RaftServerConfigKeys (ConfUtils.java:logGet(43)) - raft.server.retrycache.expirytime = 600000ms (custom)
2019-08-10 04:06:05,000 INFO  server.RaftServerConfigKeys (ConfUtils.java:logGet(43)) - raft.server.snapshot.auto.trigger.threshold = 10000 (custom)
2019-08-10 04:06:05,000 INFO  impl.RaftServerImpl (RaftServerImpl.java:start(180)) - 9fb16d77-47ad-4452-9caf-f9ff65d0025b: start group-48837B23B6DF
2019-08-10 04:06:05,000 INFO  server.RaftServerConfigKeys (ConfUtils.java:logGet(43)) - raft.server.retrycache.expirytime = 600000ms (custom)
2019-08-10 04:06:05,000 INFO  impl.RaftServerImpl (RaftServerImpl.java:setRole(171)) - 9fb16d77-47ad-4452-9caf-f9ff65d0025b:group-48837B23B6DF changes role from null to FOLLOWER at term 0 for startAsFollower
2019-08-10 04:06:05,004 INFO  impl.RaftServerImpl (RaftServerImpl.java:start(180)) - 6435028b-549c-4b1e-90fb-d3e35990f884: start group-48837B23B6DF
2019-08-10 04:06:05,004 INFO  impl.RoleInfo (RoleInfo.java:updateAndGet(143)) - 9fb16d77-47ad-4452-9caf-f9ff65d0025b: start FollowerState
2019-08-10 04:06:05,004 INFO  impl.RaftServerImpl (RaftServerImpl.java:setRole(171)) - 6435028b-549c-4b1e-90fb-d3e35990f884:group-48837B23B6DF changes role from null to FOLLOWER at term 0 for startAsFollower
2019-08-10 04:06:05,007 INFO  impl.RoleInfo (RoleInfo.java:updateAndGet(143)) - 6435028b-549c-4b1e-90fb-d3e35990f884: start FollowerState
2019-08-10 04:06:05,009 INFO  util.JmxRegister (JmxRegister.java:tryRegister(44)) - Successfully registered JMX Bean with object name Ratis:service=RaftServer,group=group-48837B23B6DF,id=9fb16d77-47ad-4452-9caf-f9ff65d0025b
2019-08-10 04:06:05,009 INFO  util.JmxRegister (JmxRegister.java:tryRegister(44)) - Successfully registered JMX Bean with object name Ratis:service=RaftServer,group=group-48837B23B6DF,id=6435028b-549c-4b1e-90fb-d3e35990f884
2019-08-10 04:06:05,028 INFO  pipeline.PipelineStateManager (PipelineStateManager.java:addPipeline(56)) - Created pipeline Pipeline[ Id: 3a390ac0-3965-404e-98c3-48837b23b6df, Nodes: 1322933e-f801-4eab-8c61-7265168793c5{ip: 192.168.157.255, host: byscane-nightly-wggqd-62853239, networkLocation: /default-rack, certSerialId: null}6435028b-549c-4b1e-90fb-d3e35990f884{ip: 192.168.157.255, host: byscane-nightly-wggqd-62853239, networkLocation: /default-rack, certSerialId: null}9fb16d77-47ad-4452-9caf-f9ff65d0025b{ip: 192.168.157.255, host: byscane-nightly-wggqd-62853239, networkLocation: /default-rack, certSerialId: null}, Type:RATIS, Factor:THREE, State:OPEN]
2019-08-10 04:06:05,078 INFO  impl.RaftServerProxy (RaftServerProxy.java:addNew(89)) - cb9f76f9-cb80-4305-b09a-f3a7410878f9: addNew group-6B8376B46891:[fcb47271-f594-42f2-9d06-9675c1177c5f:192.168.157.255:38678, cb9f76f9-cb80-4305-b09a-f3a7410878f9:192.168.157.255:34703, f94c1b2c-6457-4bd4-b145-0da877ce7d7a:192.168.157.255:37672] returns group-6B8376B46891:java.util.concurrent.CompletableFuture@5483d135[Not completed]
2019-08-10 04:06:05,086 INFO  impl.RaftServerProxy (RaftServerProxy.java:addNew(89)) - fcb47271-f594-42f2-9d06-9675c1177c5f: addNew group-6B8376B46891:[fcb47271-f594-42f2-9d06-9675c1177c5f:192.168.157.255:38678, cb9f76f9-cb80-4305-b09a-f3a7410878f9:192.168.157.255:34703, f94c1b2c-6457-4bd4-b145-0da877ce7d7a:192.168.157.255:37672] returns group-6B8376B46891:java.util.concurrent.CompletableFuture@5fb7cc[Not completed]
2019-08-10 04:06:05,090 INFO  impl.RaftServerProxy (RaftServerProxy.java:addNew(89)) - f94c1b2c-6457-4bd4-b145-0da877ce7d7a: addNew group-6B8376B46891:[fcb47271-f594-42f2-9d06-9675c1177c5f:192.168.157.255:38678, cb9f76f9-cb80-4305-b09a-f3a7410878f9:192.168.157.255:34703, f94c1b2c-6457-4bd4-b145-0da877ce7d7a:192.168.157.255:37672] returns group-6B8376B46891:java.util.concurrent.CompletableFuture@7c08cdd2[Not completed]
2019-08-10 04:06:05,090 INFO  rpc.RpcClient (RpcClient.java:createVolume(288)) - Creating Volume: testblockoutputstream, with jenkins1000 as owner.
2019-08-10 04:06:05,091 INFO  impl.RaftServerImpl (RaftServerImpl.java:<init>(93)) - cb9f76f9-cb80-4305-b09a-f3a7410878f9: new RaftServerImpl for group-6B8376B46891:[fcb47271-f594-42f2-9d06-9675c1177c5f:192.168.157.255:38678, cb9f76f9-cb80-4305-b09a-f3a7410878f9:192.168.157.255:34703, f94c1b2c-6457-4bd4-b145-0da877ce7d7a:192.168.157.255:37672] with ContainerStateMachine:uninitialized
2019-08-10 04:06:05,091 INFO  server.RaftServerConfigKeys (ConfUtils.java:logGet(43)) - raft.server.rpc.timeout.min = 5s (custom)
2019-08-10 04:06:05,091 INFO  server.RaftServerConfigKeys (ConfUtils.java:logGet(43)) - raft.server.rpc.timeout.max = 5200ms (custom)
2019-08-10 04:06:05,091 INFO  server.RaftServerConfigKeys (ConfUtils.java:logGet(43)) - raft.server.rpcslowness.timeout = 120s (custom)
2019-08-10 04:06:05,091 INFO  server.RaftServerConfigKeys (ConfUtils.java:logGet(43)) - raft.server.sleep.deviation.threshold = 300 (default)
2019-08-10 04:06:05,091 INFO  impl.RaftServerImpl (RaftServerImpl.java:<init>(93)) - fcb47271-f594-42f2-9d06-9675c1177c5f: new RaftServerImpl for group-6B8376B46891:[fcb47271-f594-42f2-9d06-9675c1177c5f:192.168.157.255:38678, cb9f76f9-cb80-4305-b09a-f3a7410878f9:192.168.157.255:34703, f94c1b2c-6457-4bd4-b145-0da877ce7d7a:192.168.157.255:37672] with ContainerStateMachine:uninitialized
2019-08-10 04:06:05,091 INFO  server.RaftServerConfigKeys (ConfUtils.java:logGet(43)) - raft.server.log.appender.install.snapshot.enabled = false (custom)
2019-08-10 04:06:05,091 INFO  server.RaftServerConfigKeys (ConfUtils.java:logGet(43)) - raft.server.rpc.timeout.min = 5s (custom)
2019-08-10 04:06:05,092 INFO  impl.RaftServerImpl (ServerState.java:<init>(105)) - cb9f76f9-cb80-4305-b09a-f3a7410878f9:group-6B8376B46891 ConfigurationManager, init=-1: [fcb47271-f594-42f2-9d06-9675c1177c5f:192.168.157.255:38678, cb9f76f9-cb80-4305-b09a-f3a7410878f9:192.168.157.255:34703, f94c1b2c-6457-4bd4-b145-0da877ce7d7a:192.168.157.255:37672], old=null, confs=<EMPTY_MAP>
2019-08-10 04:06:05,092 INFO  server.RaftServerConfigKeys (ConfUtils.java:logGet(43)) - raft.server.rpc.timeout.max = 5200ms (custom)
2019-08-10 04:06:05,092 INFO  server.RaftServerConfigKeys (ConfUtils.java:logGet(43)) - raft.server.storage.dir = [/workdir/hadoop-ozone/integration-test/target/test-dir/MiniOzoneClusterImpl-78319399-da6d-4099-9cd6-4b429a1af7e9/datanode-2/data/ratis] (custom)
2019-08-10 04:06:05,092 INFO  server.RaftServerConfigKeys (ConfUtils.java:logGet(43)) - raft.server.rpcslowness.timeout = 120s (custom)
2019-08-10 04:06:05,092 INFO  server.RaftServerConfigKeys (ConfUtils.java:logGet(43)) - raft.server.sleep.deviation.threshold = 300 (default)
2019-08-10 04:06:05,092 INFO  server.RaftServerConfigKeys (ConfUtils.java:logGet(43)) - raft.server.log.appender.install.snapshot.enabled = false (custom)
2019-08-10 04:06:05,092 INFO  impl.RaftServerImpl (RaftServerImpl.java:<init>(93)) - f94c1b2c-6457-4bd4-b145-0da877ce7d7a: new RaftServerImpl for group-6B8376B46891:[fcb47271-f594-42f2-9d06-9675c1177c5f:192.168.157.255:38678, cb9f76f9-cb80-4305-b09a-f3a7410878f9:192.168.157.255:34703, f94c1b2c-6457-4bd4-b145-0da877ce7d7a:192.168.157.255:37672] with ContainerStateMachine:uninitialized
2019-08-10 04:06:05,092 INFO  storage.RaftStorageDirectory (RaftStorageDirectory.java:analyzeStorage(246)) - The storage directory /workdir/hadoop-ozone/integration-test/target/test-dir/MiniOzoneClusterImpl-78319399-da6d-4099-9cd6-4b429a1af7e9/datanode-2/data/ratis/cc019761-82b1-488c-a0c8-6b8376b46891 does not exist. Creating ...
2019-08-10 04:06:05,092 INFO  server.RaftServerConfigKeys (ConfUtils.java:logGet(43)) - raft.server.rpc.timeout.min = 5s (custom)
2019-08-10 04:06:05,092 INFO  impl.RaftServerImpl (ServerState.java:<init>(105)) - fcb47271-f594-42f2-9d06-9675c1177c5f:group-6B8376B46891 ConfigurationManager, init=-1: [fcb47271-f594-42f2-9d06-9675c1177c5f:192.168.157.255:38678, cb9f76f9-cb80-4305-b09a-f3a7410878f9:192.168.157.255:34703, f94c1b2c-6457-4bd4-b145-0da877ce7d7a:192.168.157.255:37672], old=null, confs=<EMPTY_MAP>
2019-08-10 04:06:05,093 INFO  server.RaftServerConfigKeys (ConfUtils.java:logGet(43)) - raft.server.rpc.timeout.max = 5200ms (custom)
2019-08-10 04:06:05,093 INFO  server.RaftServerConfigKeys (ConfUtils.java:logGet(43)) - raft.server.storage.dir = [/workdir/hadoop-ozone/integration-test/target/test-dir/MiniOzoneClusterImpl-78319399-da6d-4099-9cd6-4b429a1af7e9/datanode-6/data/ratis] (custom)
2019-08-10 04:06:05,093 INFO  server.RaftServerConfigKeys (ConfUtils.java:logGet(43)) - raft.server.rpcslowness.timeout = 120s (custom)
2019-08-10 04:06:05,093 INFO  server.RaftServerConfigKeys (ConfUtils.java:logGet(43)) - raft.server.sleep.deviation.threshold = 300 (default)
2019-08-10 04:06:05,093 INFO  storage.RaftStorageDirectory (RaftStorageDirectory.java:analyzeStorage(246)) - The storage directory /workdir/hadoop-ozone/integration-test/target/test-dir/MiniOzoneClusterImpl-78319399-da6d-4099-9cd6-4b429a1af7e9/datanode-6/data/ratis/cc019761-82b1-488c-a0c8-6b8376b46891 does not exist. Creating ...
2019-08-10 04:06:05,093 INFO  server.RaftServerConfigKeys (ConfUtils.java:logGet(43)) - raft.server.log.appender.install.snapshot.enabled = false (custom)
2019-08-10 04:06:05,093 INFO  impl.RaftServerImpl (ServerState.java:<init>(105)) - f94c1b2c-6457-4bd4-b145-0da877ce7d7a:group-6B8376B46891 ConfigurationManager, init=-1: [fcb47271-f594-42f2-9d06-9675c1177c5f:192.168.157.255:38678, cb9f76f9-cb80-4305-b09a-f3a7410878f9:192.168.157.255:34703, f94c1b2c-6457-4bd4-b145-0da877ce7d7a:192.168.157.255:37672], old=null, confs=<EMPTY_MAP>
2019-08-10 04:06:05,094 INFO  server.RaftServerConfigKeys (ConfUtils.java:logGet(43)) - raft.server.storage.dir = [/workdir/hadoop-ozone/integration-test/target/test-dir/MiniOzoneClusterImpl-78319399-da6d-4099-9cd6-4b429a1af7e9/datanode-1/data/ratis] (custom)
2019-08-10 04:06:05,094 INFO  storage.RaftStorageDirectory (RaftStorageDirectory.java:analyzeStorage(246)) - The storage directory /workdir/hadoop-ozone/integration-test/target/test-dir/MiniOzoneClusterImpl-78319399-da6d-4099-9cd6-4b429a1af7e9/datanode-1/data/ratis/cc019761-82b1-488c-a0c8-6b8376b46891 does not exist. Creating ...
2019-08-10 04:06:05,105 INFO  storage.RaftStorageDirectory (RaftStorageDirectory.java:tryLock(328)) - Lock on /workdir/hadoop-ozone/integration-test/target/test-dir/MiniOzoneClusterImpl-78319399-da6d-4099-9cd6-4b429a1af7e9/datanode-1/data/ratis/cc019761-82b1-488c-a0c8-6b8376b46891/in_use.lock acquired by nodename 531@byscane-nightly-wggqd-62853239
2019-08-10 04:06:05,105 INFO  storage.RaftStorageDirectory (RaftStorageDirectory.java:tryLock(328)) - Lock on /workdir/hadoop-ozone/integration-test/target/test-dir/MiniOzoneClusterImpl-78319399-da6d-4099-9cd6-4b429a1af7e9/datanode-2/data/ratis/cc019761-82b1-488c-a0c8-6b8376b46891/in_use.lock acquired by nodename 531@byscane-nightly-wggqd-62853239
2019-08-10 04:06:05,105 INFO  storage.RaftStorageDirectory (RaftStorageDirectory.java:tryLock(328)) - Lock on /workdir/hadoop-ozone/integration-test/target/test-dir/MiniOzoneClusterImpl-78319399-da6d-4099-9cd6-4b429a1af7e9/datanode-6/data/ratis/cc019761-82b1-488c-a0c8-6b8376b46891/in_use.lock acquired by nodename 531@byscane-nightly-wggqd-62853239
2019-08-10 04:06:05,128 INFO  storage.RaftStorage (RaftStorage.java:format(72)) - Storage directory /workdir/hadoop-ozone/integration-test/target/test-dir/MiniOzoneClusterImpl-78319399-da6d-4099-9cd6-4b429a1af7e9/datanode-1/data/ratis/cc019761-82b1-488c-a0c8-6b8376b46891 has been successfully formatted.
2019-08-10 04:06:05,128 INFO  storage.RaftStorage (RaftStorage.java:format(72)) - Storage directory /workdir/hadoop-ozone/integration-test/target/test-dir/MiniOzoneClusterImpl-78319399-da6d-4099-9cd6-4b429a1af7e9/datanode-6/data/ratis/cc019761-82b1-488c-a0c8-6b8376b46891 has been successfully formatted.
2019-08-10 04:06:05,128 INFO  ratis.ContainerStateMachine (ContainerStateMachine.java:loadSnapshot(213)) - group-6B8376B46891: The snapshot info is null. Setting the last applied indexto:(t:0, i:~)
2019-08-10 04:06:05,128 INFO  storage.RaftStorage (RaftStorage.java:format(72)) - Storage directory /workdir/hadoop-ozone/integration-test/target/test-dir/MiniOzoneClusterImpl-78319399-da6d-4099-9cd6-4b429a1af7e9/datanode-2/data/ratis/cc019761-82b1-488c-a0c8-6b8376b46891 has been successfully formatted.
2019-08-10 04:06:05,129 INFO  ratis.ContainerStateMachine (ContainerStateMachine.java:loadSnapshot(213)) - group-6B8376B46891: The snapshot info is null. Setting the last applied indexto:(t:0, i:~)
2019-08-10 04:06:05,129 INFO  server.RaftServerConfigKeys (ConfUtils.java:logGet(43)) - raft.server.leader.election.timeout = 120s (custom)
2019-08-10 04:06:05,129 INFO  server.RaftServerConfigKeys (ConfUtils.java:logGet(43)) - raft.server.leader.election.timeout = 120s (custom)
2019-08-10 04:06:05,129 INFO  ratis.ContainerStateMachine (ContainerStateMachine.java:loadSnapshot(213)) - group-6B8376B46891: The snapshot info is null. Setting the last applied indexto:(t:0, i:~)
2019-08-10 04:06:05,129 INFO  server.RaftServerConfigKeys (ConfUtils.java:logGet(43)) - raft.server.log.use.memory = false (default)
2019-08-10 04:06:05,129 INFO  server.RaftServerConfigKeys (ConfUtils.java:logGet(43)) - raft.server.log.use.memory = false (default)
2019-08-10 04:06:05,129 INFO  server.RaftServerConfigKeys (ConfUtils.java:logGet(43)) - raft.server.log.purge.gap = 1000000000 (custom)
2019-08-10 04:06:05,129 INFO  server.RaftServerConfigKeys (ConfUtils.java:logGet(43)) - raft.server.leader.election.timeout = 120s (custom)
2019-08-10 04:06:05,130 INFO  server.RaftServerConfigKeys (ConfUtils.java:logGet(43)) - raft.server.log.appender.buffer.byte-limit = 33554432 (custom)
2019-08-10 04:06:05,130 INFO  server.RaftServerConfigKeys (ConfUtils.java:logGet(43)) - raft.server.log.purge.gap = 1000000000 (custom)
2019-08-10 04:06:05,130 INFO  server.RaftServerConfigKeys (ConfUtils.java:logGet(43)) - raft.server.log.segment.size.max = 1048576 (custom)
2019-08-10 04:06:05,130 INFO  server.RaftServerConfigKeys (ConfUtils.java:logGet(43)) - raft.server.log.use.memory = false (default)
2019-08-10 04:06:05,130 INFO  server.RaftServerConfigKeys (ConfUtils.java:logGet(43)) - raft.server.log.segment.cache.num.max = 2 (custom)
2019-08-10 04:06:05,130 INFO  server.RaftServerConfigKeys (ConfUtils.java:logGet(43)) - raft.server.log.appender.buffer.byte-limit = 33554432 (custom)
2019-08-10 04:06:05,131 INFO  segmented.SegmentedRaftLogWorker (SegmentedRaftLogWorker.java:<init>(172)) - new fcb47271-f594-42f2-9d06-9675c1177c5f-SegmentedRaftLogWorker:Storage Directory /workdir/hadoop-ozone/integration-test/target/test-dir/MiniOzoneClusterImpl-78319399-da6d-4099-9cd6-4b429a1af7e9/datanode-6/data/ratis/cc019761-82b1-488c-a0c8-6b8376b46891 for RaftStorage:Storage Directory /workdir/hadoop-ozone/integration-test/target/test-dir/MiniOzoneClusterImpl-78319399-da6d-4099-9cd6-4b429a1af7e9/datanode-6/data/ratis/cc019761-82b1-488c-a0c8-6b8376b46891
2019-08-10 04:06:05,130 INFO  server.RaftServerConfigKeys (ConfUtils.java:logGet(43)) - raft.server.log.purge.gap = 1000000000 (custom)
2019-08-10 04:06:05,131 INFO  server.RaftServerConfigKeys (ConfUtils.java:logGet(43)) - raft.server.log.queue.byte-limit = 2147483647 (custom)
2019-08-10 04:06:05,131 INFO  server.RaftServerConfigKeys (ConfUtils.java:logGet(43)) - raft.server.log.segment.size.max = 1048576 (custom)
2019-08-10 04:06:05,133 INFO  server.RaftServerConfigKeys (ConfUtils.java:logGet(43)) - raft.server.log.queue.element-limit = 1024 (custom)
2019-08-10 04:06:05,131 INFO  server.RaftServerConfigKeys (ConfUtils.java:logGet(43)) - raft.server.log.appender.buffer.byte-limit = 33554432 (custom)
2019-08-10 04:06:05,134 INFO  server.RaftServerConfigKeys (ConfUtils.java:logGet(43)) - raft.server.log.segment.size.max = 1048576 (custom)
2019-08-10 04:06:05,134 INFO  server.RaftServerConfigKeys (ConfUtils.java:logGet(43)) - raft.server.log.segment.cache.num.max = 2 (custom)
2019-08-10 04:06:05,134 INFO  server.RaftServerConfigKeys (ConfUtils.java:logGet(43)) - raft.server.log.preallocated.size = 16384 (custom)
2019-08-10 04:06:05,134 INFO  server.RaftServerConfigKeys (ConfUtils.java:logGet(43)) - raft.server.log.segment.size.max = 1048576 (custom)
2019-08-10 04:06:05,134 INFO  server.RaftServerConfigKeys (ConfUtils.java:logGet(43)) - raft.server.log.write.buffer.size = 33554432 (custom)
2019-08-10 04:06:05,134 INFO  segmented.SegmentedRaftLogWorker (SegmentedRaftLogWorker.java:<init>(172)) - new f94c1b2c-6457-4bd4-b145-0da877ce7d7a-SegmentedRaftLogWorker:Storage Directory /workdir/hadoop-ozone/integration-test/target/test-dir/MiniOzoneClusterImpl-78319399-da6d-4099-9cd6-4b429a1af7e9/datanode-1/data/ratis/cc019761-82b1-488c-a0c8-6b8376b46891 for RaftStorage:Storage Directory /workdir/hadoop-ozone/integration-test/target/test-dir/MiniOzoneClusterImpl-78319399-da6d-4099-9cd6-4b429a1af7e9/datanode-1/data/ratis/cc019761-82b1-488c-a0c8-6b8376b46891
2019-08-10 04:06:05,135 INFO  server.RaftServerConfigKeys (ConfUtils.java:logGet(43)) - raft.server.log.force.sync.num = 128 (default)
2019-08-10 04:06:05,135 INFO  rpc.RpcClient (RpcClient.java:createBucket(425)) - Creating Bucket: testblockoutputstream/testblockoutputstream, with Versioning false and Storage Type set to DISK and Encryption set to false 
2019-08-10 04:06:05,134 INFO  server.RaftServerConfigKeys (ConfUtils.java:logGet(43)) - raft.server.log.segment.cache.num.max = 2 (custom)
2019-08-10 04:06:05,137 INFO  server.RaftServerConfigKeys (ConfUtils.java:logGet(43)) - raft.server.log.statemachine.data.sync = true (default)
2019-08-10 04:06:05,135 INFO  server.RaftServerConfigKeys (ConfUtils.java:logGet(43)) - raft.server.log.queue.byte-limit = 2147483647 (custom)
2019-08-10 04:06:05,137 INFO  server.RaftServerConfigKeys (ConfUtils.java:logGet(43)) - raft.server.log.statemachine.data.sync.timeout = 10s (default)
2019-08-10 04:06:05,137 INFO  segmented.SegmentedRaftLogWorker (SegmentedRaftLogWorker.java:<init>(172)) - new cb9f76f9-cb80-4305-b09a-f3a7410878f9-SegmentedRaftLogWorker:Storage Directory /workdir/hadoop-ozone/integration-test/target/test-dir/MiniOzoneClusterImpl-78319399-da6d-4099-9cd6-4b429a1af7e9/datanode-2/data/ratis/cc019761-82b1-488c-a0c8-6b8376b46891 for RaftStorage:Storage Directory /workdir/hadoop-ozone/integration-test/target/test-dir/MiniOzoneClusterImpl-78319399-da6d-4099-9cd6-4b429a1af7e9/datanode-2/data/ratis/cc019761-82b1-488c-a0c8-6b8376b46891
2019-08-10 04:06:05,138 INFO  server.RaftServerConfigKeys (ConfUtils.java:logGet(43)) - raft.server.log.statemachine.data.sync.timeout.retry = -1 (default)
2019-08-10 04:06:05,138 INFO  server.RaftServerConfigKeys (ConfUtils.java:logGet(43)) - raft.server.log.queue.element-limit = 1024 (custom)
2019-08-10 04:06:05,140 INFO  server.RaftServerConfigKeys (ConfUtils.java:logGet(43)) - raft.server.log.statemachine.data.caching.enabled = true (custom)
2019-08-10 04:06:05,138 INFO  server.RaftServerConfigKeys (ConfUtils.java:logGet(43)) - raft.server.log.queue.byte-limit = 2147483647 (custom)
2019-08-10 04:06:05,141 INFO  server.RaftServerConfigKeys (ConfUtils.java:logGet(43)) - raft.server.log.segment.size.max = 1048576 (custom)
2019-08-10 04:06:05,141 INFO  segmented.SegmentedRaftLogWorker (SegmentedRaftLogWorker.java:lambda$new$0(132)) - fcb47271-f594-42f2-9d06-9675c1177c5f-SegmentedRaftLogWorker:Storage Directory /workdir/hadoop-ozone/integration-test/target/test-dir/MiniOzoneClusterImpl-78319399-da6d-4099-9cd6-4b429a1af7e9/datanode-6/data/ratis/cc019761-82b1-488c-a0c8-6b8376b46891: flushIndex: setUnconditionally 0 -> -1
2019-08-10 04:06:05,141 INFO  server.RaftServerConfigKeys (ConfUtils.java:logGet(43)) - raft.server.log.queue.element-limit = 1024 (custom)
2019-08-10 04:06:05,141 INFO  server.RaftServerConfigKeys (ConfUtils.java:logGet(43)) - raft.server.log.preallocated.size = 16384 (custom)
2019-08-10 04:06:05,141 INFO  server.RaftServerConfigKeys (ConfUtils.java:logGet(43)) - raft.server.snapshot.auto.trigger.enabled = true (custom)
2019-08-10 04:06:05,141 INFO  server.RaftServerConfigKeys (ConfUtils.java:logGet(43)) - raft.server.log.segment.size.max = 1048576 (custom)
2019-08-10 04:06:05,142 INFO  server.RaftServerConfigKeys (ConfUtils.java:logGet(43)) - raft.server.snapshot.auto.trigger.threshold = 10000 (custom)
2019-08-10 04:06:05,141 INFO  server.RaftServerConfigKeys (ConfUtils.java:logGet(43)) - raft.server.log.write.buffer.size = 33554432 (custom)
2019-08-10 04:06:05,142 INFO  server.RaftServerConfigKeys (ConfUtils.java:logGet(43)) - raft.server.retrycache.expirytime = 600000ms (custom)
2019-08-10 04:06:05,142 INFO  server.RaftServerConfigKeys (ConfUtils.java:logGet(43)) - raft.server.log.preallocated.size = 16384 (custom)
2019-08-10 04:06:05,142 INFO  impl.RaftServerImpl (RaftServerImpl.java:start(180)) - fcb47271-f594-42f2-9d06-9675c1177c5f: start group-6B8376B46891
2019-08-10 04:06:05,142 INFO  server.RaftServerConfigKeys (ConfUtils.java:logGet(43)) - raft.server.log.force.sync.num = 128 (default)
2019-08-10 04:06:05,142 INFO  impl.RaftServerImpl (RaftServerImpl.java:setRole(171)) - fcb47271-f594-42f2-9d06-9675c1177c5f:group-6B8376B46891 changes role from null to FOLLOWER at term 0 for startAsFollower
2019-08-10 04:06:05,142 INFO  server.RaftServerConfigKeys (ConfUtils.java:logGet(43)) - raft.server.log.write.buffer.size = 33554432 (custom)
2019-08-10 04:06:05,143 INFO  impl.RoleInfo (RoleInfo.java:updateAndGet(143)) - fcb47271-f594-42f2-9d06-9675c1177c5f: start FollowerState
2019-08-10 04:06:05,143 INFO  server.RaftServerConfigKeys (ConfUtils.java:logGet(43)) - raft.server.log.statemachine.data.sync = true (default)
2019-08-10 04:06:05,143 INFO  server.RaftServerConfigKeys (ConfUtils.java:logGet(43)) - raft.server.log.force.sync.num = 128 (default)
2019-08-10 04:06:05,143 INFO  server.RaftServerConfigKeys (ConfUtils.java:logGet(43)) - raft.server.log.statemachine.data.sync.timeout = 10s (default)
2019-08-10 04:06:05,143 INFO  server.RaftServerConfigKeys (ConfUtils.java:logGet(43)) - raft.server.log.statemachine.data.sync = true (default)
2019-08-10 04:06:05,143 INFO  util.JmxRegister (JmxRegister.java:tryRegister(44)) - Successfully registered JMX Bean with object name Ratis:service=RaftServer,group=group-6B8376B46891,id=fcb47271-f594-42f2-9d06-9675c1177c5f
2019-08-10 04:06:05,144 INFO  server.RaftServerConfigKeys (ConfUtils.java:logGet(43)) - raft.server.log.statemachine.data.sync.timeout = 10s (default)
2019-08-10 04:06:05,144 INFO  server.RaftServerConfigKeys (ConfUtils.java:logGet(43)) - raft.server.log.statemachine.data.sync.timeout.retry = -1 (default)
2019-08-10 04:06:05,143 INFO  server.RaftServerConfigKeys (ConfUtils.java:logGet(43)) - raft.server.log.statemachine.data.sync.timeout.retry = -1 (default)
2019-08-10 04:06:05,144 INFO  server.RaftServerConfigKeys (ConfUtils.java:logGet(43)) - raft.server.log.statemachine.data.caching.enabled = true (custom)
2019-08-10 04:06:05,144 INFO  server.RaftServerConfigKeys (ConfUtils.java:logGet(43)) - raft.server.log.statemachine.data.caching.enabled = true (custom)
2019-08-10 04:06:05,144 INFO  segmented.SegmentedRaftLogWorker (SegmentedRaftLogWorker.java:lambda$new$0(132)) - cb9f76f9-cb80-4305-b09a-f3a7410878f9-SegmentedRaftLogWorker:Storage Directory /workdir/hadoop-ozone/integration-test/target/test-dir/MiniOzoneClusterImpl-78319399-da6d-4099-9cd6-4b429a1af7e9/datanode-2/data/ratis/cc019761-82b1-488c-a0c8-6b8376b46891: flushIndex: setUnconditionally 0 -> -1
2019-08-10 04:06:05,145 INFO  segmented.SegmentedRaftLogWorker (SegmentedRaftLogWorker.java:lambda$new$0(132)) - f94c1b2c-6457-4bd4-b145-0da877ce7d7a-SegmentedRaftLogWorker:Storage Directory /workdir/hadoop-ozone/integration-test/target/test-dir/MiniOzoneClusterImpl-78319399-da6d-4099-9cd6-4b429a1af7e9/datanode-1/data/ratis/cc019761-82b1-488c-a0c8-6b8376b46891: flushIndex: setUnconditionally 0 -> -1
2019-08-10 04:06:05,145 INFO  server.RaftServerConfigKeys (ConfUtils.java:logGet(43)) - raft.server.snapshot.auto.trigger.enabled = true (custom)
2019-08-10 04:06:05,145 INFO  server.RaftServerConfigKeys (ConfUtils.java:logGet(43)) - raft.server.snapshot.auto.trigger.threshold = 10000 (custom)
2019-08-10 04:06:05,145 INFO  server.RaftServerConfigKeys (ConfUtils.java:logGet(43)) - raft.server.snapshot.auto.trigger.enabled = true (custom)
2019-08-10 04:06:05,145 INFO  server.RaftServerConfigKeys (ConfUtils.java:logGet(43)) - raft.server.retrycache.expirytime = 600000ms (custom)
2019-08-10 04:06:05,145 INFO  server.RaftServerConfigKeys (ConfUtils.java:logGet(43)) - raft.server.snapshot.auto.trigger.threshold = 10000 (custom)
2019-08-10 04:06:05,145 INFO  impl.RaftServerImpl (RaftServerImpl.java:start(180)) - cb9f76f9-cb80-4305-b09a-f3a7410878f9: start group-6B8376B46891
2019-08-10 04:06:05,160 INFO  server.RaftServerConfigKeys (ConfUtils.java:logGet(43)) - raft.server.retrycache.expirytime = 600000ms (custom)
2019-08-10 04:06:05,160 INFO  impl.RaftServerImpl (RaftServerImpl.java:setRole(171)) - cb9f76f9-cb80-4305-b09a-f3a7410878f9:group-6B8376B46891 changes role from null to FOLLOWER at term 0 for startAsFollower
2019-08-10 04:06:05,160 INFO  impl.RaftServerImpl (RaftServerImpl.java:start(180)) - f94c1b2c-6457-4bd4-b145-0da877ce7d7a: start group-6B8376B46891
2019-08-10 04:06:05,160 INFO  impl.RoleInfo (RoleInfo.java:updateAndGet(143)) - cb9f76f9-cb80-4305-b09a-f3a7410878f9: start FollowerState
2019-08-10 04:06:05,160 INFO  impl.RaftServerImpl (RaftServerImpl.java:setRole(171)) - f94c1b2c-6457-4bd4-b145-0da877ce7d7a:group-6B8376B46891 changes role from null to FOLLOWER at term 0 for startAsFollower
2019-08-10 04:06:05,161 INFO  impl.RoleInfo (RoleInfo.java:updateAndGet(143)) - f94c1b2c-6457-4bd4-b145-0da877ce7d7a: start FollowerState
2019-08-10 04:06:05,161 INFO  util.JmxRegister (JmxRegister.java:tryRegister(44)) - Successfully registered JMX Bean with object name Ratis:service=RaftServer,group=group-6B8376B46891,id=cb9f76f9-cb80-4305-b09a-f3a7410878f9
2019-08-10 04:06:05,161 INFO  util.JmxRegister (JmxRegister.java:tryRegister(44)) - Successfully registered JMX Bean with object name Ratis:service=RaftServer,group=group-6B8376B46891,id=f94c1b2c-6457-4bd4-b145-0da877ce7d7a
2019-08-10 04:06:05,187 INFO  pipeline.PipelineStateManager (PipelineStateManager.java:addPipeline(56)) - Created pipeline Pipeline[ Id: cc019761-82b1-488c-a0c8-6b8376b46891, Nodes: fcb47271-f594-42f2-9d06-9675c1177c5f{ip: 192.168.157.255, host: byscane-nightly-wggqd-62853239, networkLocation: /default-rack, certSerialId: null}f94c1b2c-6457-4bd4-b145-0da877ce7d7a{ip: 192.168.157.255, host: byscane-nightly-wggqd-62853239, networkLocation: /default-rack, certSerialId: null}cb9f76f9-cb80-4305-b09a-f3a7410878f9{ip: 192.168.157.255, host: byscane-nightly-wggqd-62853239, networkLocation: /default-rack, certSerialId: null}, Type:RATIS, Factor:THREE, State:OPEN]
2019-08-10 04:06:05,195 INFO  impl.MetricsSystemImpl (MetricsSystemImpl.java:init(158)) - XceiverClientMetrics metrics system started (again)
2019-08-10 04:06:05,433 INFO  client.GrpcClientProtocolClient (GrpcClientProtocolClient.java:onNext(255)) - client-50EDFA2679A6->1322933e-f801-4eab-8c61-7265168793c5: receive RaftClientReply:client-50EDFA2679A6->1322933e-f801-4eab-8c61-7265168793c5@group-48837B23B6DF, cid=13, FAILED org.apache.ratis.protocol.NotLeaderException: Server 1322933e-f801-4eab-8c61-7265168793c5 is not the leader (null). Request must be sent to leader., logIndex=0, commits[1322933e-f801-4eab-8c61-7265168793c5:c-1]
2019-08-10 04:06:06,120 INFO  container.ReplicationManager (ReplicationManager.java:start(155)) - Starting Replication Monitor Thread.
2019-08-10 04:06:06,125 INFO  container.ReplicationManager (ReplicationManager.java:run(207)) - Replication Monitor Thread took 4 milliseconds for processing 1 containers.
2019-08-10 04:06:06,480 INFO  client.GrpcClientProtocolClient (GrpcClientProtocolClient.java:onNext(255)) - client-50EDFA2679A6->9fb16d77-47ad-4452-9caf-f9ff65d0025b: receive RaftClientReply:client-50EDFA2679A6->9fb16d77-47ad-4452-9caf-f9ff65d0025b@group-48837B23B6DF, cid=13, FAILED org.apache.ratis.protocol.NotLeaderException: Server 9fb16d77-47ad-4452-9caf-f9ff65d0025b is not the leader (null). Request must be sent to leader., logIndex=0, commits[9fb16d77-47ad-4452-9caf-f9ff65d0025b:c-1]
2019-08-10 04:06:07,507 INFO  client.GrpcClientProtocolClient (GrpcClientProtocolClient.java:onNext(255)) - client-50EDFA2679A6->1322933e-f801-4eab-8c61-7265168793c5: receive RaftClientReply:client-50EDFA2679A6->1322933e-f801-4eab-8c61-7265168793c5@group-48837B23B6DF, cid=13, FAILED org.apache.ratis.protocol.NotLeaderException: Server 1322933e-f801-4eab-8c61-7265168793c5 is not the leader (null). Request must be sent to leader., logIndex=0, commits[1322933e-f801-4eab-8c61-7265168793c5:c-1]
2019-08-10 04:06:08,530 INFO  client.GrpcClientProtocolClient (GrpcClientProtocolClient.java:onNext(255)) - client-50EDFA2679A6->9fb16d77-47ad-4452-9caf-f9ff65d0025b: receive RaftClientReply:client-50EDFA2679A6->9fb16d77-47ad-4452-9caf-f9ff65d0025b@group-48837B23B6DF, cid=13, FAILED org.apache.ratis.protocol.NotLeaderException: Server 9fb16d77-47ad-4452-9caf-f9ff65d0025b is not the leader (null). Request must be sent to leader., logIndex=0, commits[9fb16d77-47ad-4452-9caf-f9ff65d0025b:c-1]
2019-08-10 04:06:09,392 INFO  impl.FollowerState (FollowerState.java:run(106)) - 1322933e-f801-4eab-8c61-7265168793c5:group-B600AD59AAFA changes to CANDIDATE, lastRpcTime:5140, electionTimeout:5139ms
2019-08-10 04:06:09,392 INFO  impl.RoleInfo (RoleInfo.java:shutdownFollowerState(121)) - 1322933e-f801-4eab-8c61-7265168793c5: shutdown FollowerState
2019-08-10 04:06:09,392 INFO  impl.RaftServerImpl (RaftServerImpl.java:setRole(171)) - 1322933e-f801-4eab-8c61-7265168793c5:group-B600AD59AAFA changes role from FOLLOWER to CANDIDATE at term 0 for changeToCandidate
2019-08-10 04:06:09,396 INFO  impl.RoleInfo (RoleInfo.java:updateAndGet(143)) - 1322933e-f801-4eab-8c61-7265168793c5: start LeaderElection
2019-08-10 04:06:09,418 INFO  impl.LeaderElection (LeaderElection.java:askForVotes(181)) - 1322933e-f801-4eab-8c61-7265168793c5:group-B600AD59AAFA:LeaderElection1: begin an election at term 1 for -1: [1322933e-f801-4eab-8c61-7265168793c5:192.168.157.255:38537], old=null
2019-08-10 04:06:09,420 INFO  impl.RoleInfo (RoleInfo.java:shutdownLeaderElection(134)) - 1322933e-f801-4eab-8c61-7265168793c5: shutdown LeaderElection
2019-08-10 04:06:09,421 INFO  impl.RaftServerImpl (RaftServerImpl.java:setRole(171)) - 1322933e-f801-4eab-8c61-7265168793c5:group-B600AD59AAFA changes role from CANDIDATE to LEADER at term 1 for changeToLeader
2019-08-10 04:06:09,421 INFO  impl.RaftServerImpl (ServerState.java:setLeader(263)) - 1322933e-f801-4eab-8c61-7265168793c5:group-B600AD59AAFA change Leader from null to 1322933e-f801-4eab-8c61-7265168793c5 at term 1 for becomeLeader, leader elected after 5255ms
2019-08-10 04:06:09,440 INFO  server.RaftServerConfigKeys (ConfUtils.java:logGet(43)) - raft.server.staging.catchup.gap = 1000 (default)
2019-08-10 04:06:09,440 INFO  server.RaftServerConfigKeys (ConfUtils.java:logGet(43)) - raft.server.rpc.sleep.time = 25ms (default)
2019-08-10 04:06:09,444 INFO  server.RaftServerConfigKeys (ConfUtils.java:logGet(43)) - raft.server.write.element-limit = 4096 (default)
2019-08-10 04:06:09,448 INFO  server.RaftServerConfigKeys (ConfUtils.java:logGet(43)) - raft.server.watch.timeout = 10s (default)
2019-08-10 04:06:09,448 INFO  server.RaftServerConfigKeys (ConfUtils.java:logGet(43)) - raft.server.watch.timeout.denomination = 1s (default)
2019-08-10 04:06:09,449 INFO  server.RaftServerConfigKeys (ConfUtils.java:logGet(43)) - raft.server.watch.element-limit = 65536 (default)
2019-08-10 04:06:09,460 INFO  impl.RoleInfo (RoleInfo.java:updateAndGet(143)) - 1322933e-f801-4eab-8c61-7265168793c5: start LeaderState
2019-08-10 04:06:09,476 INFO  impl.FollowerState (FollowerState.java:run(106)) - 6435028b-549c-4b1e-90fb-d3e35990f884:group-8FDFE1901E76 changes to CANDIDATE, lastRpcTime:5023, electionTimeout:5022ms
2019-08-10 04:06:09,478 INFO  impl.RoleInfo (RoleInfo.java:shutdownFollowerState(121)) - 6435028b-549c-4b1e-90fb-d3e35990f884: shutdown FollowerState
2019-08-10 04:06:09,478 INFO  impl.RaftServerImpl (RaftServerImpl.java:setRole(171)) - 6435028b-549c-4b1e-90fb-d3e35990f884:group-8FDFE1901E76 changes role from FOLLOWER to CANDIDATE at term 0 for changeToCandidate
2019-08-10 04:06:09,478 INFO  impl.RoleInfo (RoleInfo.java:updateAndGet(143)) - 6435028b-549c-4b1e-90fb-d3e35990f884: start LeaderElection
2019-08-10 04:06:09,498 INFO  segmented.SegmentedRaftLogWorker (SegmentedRaftLogWorker.java:startLogSegment(380)) - 1322933e-f801-4eab-8c61-7265168793c5-SegmentedRaftLogWorker:Storage Directory /workdir/hadoop-ozone/integration-test/target/test-dir/MiniOzoneClusterImpl-78319399-da6d-4099-9cd6-4b429a1af7e9/datanode-0/data/ratis/6b70fddc-b679-4832-9f46-b600ad59aafa: Starting segment from index:0
2019-08-10 04:06:09,499 INFO  impl.LeaderElection (LeaderElection.java:askForVotes(181)) - 6435028b-549c-4b1e-90fb-d3e35990f884:group-8FDFE1901E76:LeaderElection2: begin an election at term 1 for -1: [6435028b-549c-4b1e-90fb-d3e35990f884:192.168.157.255:39340], old=null
2019-08-10 04:06:09,501 INFO  impl.RoleInfo (RoleInfo.java:shutdownLeaderElection(134)) - 6435028b-549c-4b1e-90fb-d3e35990f884: shutdown LeaderElection
2019-08-10 04:06:09,501 INFO  impl.RaftServerImpl (RaftServerImpl.java:setRole(171)) - 6435028b-549c-4b1e-90fb-d3e35990f884:group-8FDFE1901E76 changes role from CANDIDATE to LEADER at term 1 for changeToLeader
2019-08-10 04:06:09,502 INFO  impl.RaftServerImpl (ServerState.java:setLeader(263)) - 6435028b-549c-4b1e-90fb-d3e35990f884:group-8FDFE1901E76 change Leader from null to 6435028b-549c-4b1e-90fb-d3e35990f884 at term 1 for becomeLeader, leader elected after 5056ms
2019-08-10 04:06:09,503 INFO  server.RaftServerConfigKeys (ConfUtils.java:logGet(43)) - raft.server.staging.catchup.gap = 1000 (default)
2019-08-10 04:06:09,504 INFO  server.RaftServerConfigKeys (ConfUtils.java:logGet(43)) - raft.server.rpc.sleep.time = 25ms (default)
2019-08-10 04:06:09,504 INFO  server.RaftServerConfigKeys (ConfUtils.java:logGet(43)) - raft.server.write.element-limit = 4096 (default)
2019-08-10 04:06:09,504 INFO  server.RaftServerConfigKeys (ConfUtils.java:logGet(43)) - raft.server.watch.timeout = 10s (default)
2019-08-10 04:06:09,504 INFO  server.RaftServerConfigKeys (ConfUtils.java:logGet(43)) - raft.server.watch.timeout.denomination = 1s (default)
2019-08-10 04:06:09,504 INFO  server.RaftServerConfigKeys (ConfUtils.java:logGet(43)) - raft.server.watch.element-limit = 65536 (default)
2019-08-10 04:06:09,505 INFO  impl.RoleInfo (RoleInfo.java:updateAndGet(143)) - 6435028b-549c-4b1e-90fb-d3e35990f884: start LeaderState
2019-08-10 04:06:09,505 INFO  segmented.SegmentedRaftLogWorker (SegmentedRaftLogWorker.java:startLogSegment(380)) - 6435028b-549c-4b1e-90fb-d3e35990f884-SegmentedRaftLogWorker:Storage Directory /workdir/hadoop-ozone/integration-test/target/test-dir/MiniOzoneClusterImpl-78319399-da6d-4099-9cd6-4b429a1af7e9/datanode-4/data/ratis/daecf74a-b4fd-4b93-b744-8fdfe1901e76: Starting segment from index:0
2019-08-10 04:06:09,512 INFO  impl.RaftServerImpl (ServerState.java:setRaftConf(361)) - 1322933e-f801-4eab-8c61-7265168793c5:group-B600AD59AAFA set configuration 0: [1322933e-f801-4eab-8c61-7265168793c5:192.168.157.255:38537], old=null at 0
2019-08-10 04:06:09,512 INFO  impl.RaftServerImpl (ServerState.java:setRaftConf(361)) - 6435028b-549c-4b1e-90fb-d3e35990f884:group-8FDFE1901E76 set configuration 0: [6435028b-549c-4b1e-90fb-d3e35990f884:192.168.157.255:39340], old=null at 0
2019-08-10 04:06:09,553 INFO  client.GrpcClientProtocolClient (GrpcClientProtocolClient.java:onNext(255)) - client-50EDFA2679A6->6435028b-549c-4b1e-90fb-d3e35990f884: receive RaftClientReply:client-50EDFA2679A6->6435028b-549c-4b1e-90fb-d3e35990f884@group-48837B23B6DF, cid=13, FAILED org.apache.ratis.protocol.NotLeaderException: Server 6435028b-549c-4b1e-90fb-d3e35990f884 is not the leader (null). Request must be sent to leader., logIndex=0, commits[6435028b-549c-4b1e-90fb-d3e35990f884:c-1]
2019-08-10 04:06:09,635 INFO  impl.FollowerState (FollowerState.java:run(106)) - fcb47271-f594-42f2-9d06-9675c1177c5f:group-BAAF693A5AA8 changes to CANDIDATE, lastRpcTime:5004, electionTimeout:5004ms
2019-08-10 04:06:09,635 INFO  impl.RoleInfo (RoleInfo.java:shutdownFollowerState(121)) - fcb47271-f594-42f2-9d06-9675c1177c5f: shutdown FollowerState
2019-08-10 04:06:09,635 INFO  impl.RaftServerImpl (RaftServerImpl.java:setRole(171)) - fcb47271-f594-42f2-9d06-9675c1177c5f:group-BAAF693A5AA8 changes role from FOLLOWER to CANDIDATE at term 0 for changeToCandidate
2019-08-10 04:06:09,635 INFO  impl.RoleInfo (RoleInfo.java:updateAndGet(143)) - fcb47271-f594-42f2-9d06-9675c1177c5f: start LeaderElection
2019-08-10 04:06:09,655 INFO  impl.LeaderElection (LeaderElection.java:askForVotes(181)) - fcb47271-f594-42f2-9d06-9675c1177c5f:group-BAAF693A5AA8:LeaderElection3: begin an election at term 1 for -1: [fcb47271-f594-42f2-9d06-9675c1177c5f:192.168.157.255:38678], old=null
2019-08-10 04:06:09,655 INFO  impl.RoleInfo (RoleInfo.java:shutdownLeaderElection(134)) - fcb47271-f594-42f2-9d06-9675c1177c5f: shutdown LeaderElection
2019-08-10 04:06:09,655 INFO  impl.RaftServerImpl (RaftServerImpl.java:setRole(171)) - fcb47271-f594-42f2-9d06-9675c1177c5f:group-BAAF693A5AA8 changes role from CANDIDATE to LEADER at term 1 for changeToLeader
2019-08-10 04:06:09,656 INFO  impl.RaftServerImpl (ServerState.java:setLeader(263)) - fcb47271-f594-42f2-9d06-9675c1177c5f:group-BAAF693A5AA8 change Leader from null to fcb47271-f594-42f2-9d06-9675c1177c5f at term 1 for becomeLeader, leader elected after 5030ms
2019-08-10 04:06:09,657 INFO  server.RaftServerConfigKeys (ConfUtils.java:logGet(43)) - raft.server.staging.catchup.gap = 1000 (default)
2019-08-10 04:06:09,658 INFO  server.RaftServerConfigKeys (ConfUtils.java:logGet(43)) - raft.server.rpc.sleep.time = 25ms (default)
2019-08-10 04:06:09,658 INFO  server.RaftServerConfigKeys (ConfUtils.java:logGet(43)) - raft.server.write.element-limit = 4096 (default)
2019-08-10 04:06:09,658 INFO  server.RaftServerConfigKeys (ConfUtils.java:logGet(43)) - raft.server.watch.timeout = 10s (default)
2019-08-10 04:06:09,658 INFO  server.RaftServerConfigKeys (ConfUtils.java:logGet(43)) - raft.server.watch.timeout.denomination = 1s (default)
2019-08-10 04:06:09,658 INFO  server.RaftServerConfigKeys (ConfUtils.java:logGet(43)) - raft.server.watch.element-limit = 65536 (default)
2019-08-10 04:06:09,659 INFO  impl.RoleInfo (RoleInfo.java:updateAndGet(143)) - fcb47271-f594-42f2-9d06-9675c1177c5f: start LeaderState
2019-08-10 04:06:09,659 INFO  segmented.SegmentedRaftLogWorker (SegmentedRaftLogWorker.java:startLogSegment(380)) - fcb47271-f594-42f2-9d06-9675c1177c5f-SegmentedRaftLogWorker:Storage Directory /workdir/hadoop-ozone/integration-test/target/test-dir/MiniOzoneClusterImpl-78319399-da6d-4099-9cd6-4b429a1af7e9/datanode-6/data/ratis/1411125b-2297-4d2c-9e55-baaf693a5aa8: Starting segment from index:0
2019-08-10 04:06:09,660 INFO  impl.RaftServerImpl (ServerState.java:setRaftConf(361)) - fcb47271-f594-42f2-9d06-9675c1177c5f:group-BAAF693A5AA8 set configuration 0: [fcb47271-f594-42f2-9d06-9675c1177c5f:192.168.157.255:38678], old=null at 0
2019-08-10 04:06:09,709 INFO  impl.FollowerState (FollowerState.java:run(106)) - 9fb16d77-47ad-4452-9caf-f9ff65d0025b:group-CF9DCAD73662 changes to CANDIDATE, lastRpcTime:5165, electionTimeout:5165ms
2019-08-10 04:06:09,709 INFO  impl.RoleInfo (RoleInfo.java:shutdownFollowerState(121)) - 9fb16d77-47ad-4452-9caf-f9ff65d0025b: shutdown FollowerState
2019-08-10 04:06:09,709 INFO  impl.RaftServerImpl (RaftServerImpl.java:setRole(171)) - 9fb16d77-47ad-4452-9caf-f9ff65d0025b:group-CF9DCAD73662 changes role from FOLLOWER to CANDIDATE at term 0 for changeToCandidate
2019-08-10 04:06:09,709 INFO  impl.RoleInfo (RoleInfo.java:updateAndGet(143)) - 9fb16d77-47ad-4452-9caf-f9ff65d0025b: start LeaderElection
2019-08-10 04:06:09,716 INFO  segmented.SegmentedRaftLogWorker (SegmentedRaftLogWorker.java:execute(569)) - 6435028b-549c-4b1e-90fb-d3e35990f884-SegmentedRaftLogWorker:Storage Directory /workdir/hadoop-ozone/integration-test/target/test-dir/MiniOzoneClusterImpl-78319399-da6d-4099-9cd6-4b429a1af7e9/datanode-4/data/ratis/daecf74a-b4fd-4b93-b744-8fdfe1901e76: created new log segment /workdir/hadoop-ozone/integration-test/target/test-dir/MiniOzoneClusterImpl-78319399-da6d-4099-9cd6-4b429a1af7e9/datanode-4/data/ratis/daecf74a-b4fd-4b93-b744-8fdfe1901e76/current/log_inprogress_0
2019-08-10 04:06:09,716 INFO  segmented.SegmentedRaftLogWorker (SegmentedRaftLogWorker.java:execute(569)) - 1322933e-f801-4eab-8c61-7265168793c5-SegmentedRaftLogWorker:Storage Directory /workdir/hadoop-ozone/integration-test/target/test-dir/MiniOzoneClusterImpl-78319399-da6d-4099-9cd6-4b429a1af7e9/datanode-0/data/ratis/6b70fddc-b679-4832-9f46-b600ad59aafa: created new log segment /workdir/hadoop-ozone/integration-test/target/test-dir/MiniOzoneClusterImpl-78319399-da6d-4099-9cd6-4b429a1af7e9/datanode-0/data/ratis/6b70fddc-b679-4832-9f46-b600ad59aafa/current/log_inprogress_0
2019-08-10 04:06:09,716 INFO  segmented.SegmentedRaftLogWorker (SegmentedRaftLogWorker.java:execute(569)) - fcb47271-f594-42f2-9d06-9675c1177c5f-SegmentedRaftLogWorker:Storage Directory /workdir/hadoop-ozone/integration-test/target/test-dir/MiniOzoneClusterImpl-78319399-da6d-4099-9cd6-4b429a1af7e9/datanode-6/data/ratis/1411125b-2297-4d2c-9e55-baaf693a5aa8: created new log segment /workdir/hadoop-ozone/integration-test/target/test-dir/MiniOzoneClusterImpl-78319399-da6d-4099-9cd6-4b429a1af7e9/datanode-6/data/ratis/1411125b-2297-4d2c-9e55-baaf693a5aa8/current/log_inprogress_0
2019-08-10 04:06:09,732 INFO  impl.LeaderElection (LeaderElection.java:askForVotes(181)) - 9fb16d77-47ad-4452-9caf-f9ff65d0025b:group-CF9DCAD73662:LeaderElection4: begin an election at term 1 for -1: [9fb16d77-47ad-4452-9caf-f9ff65d0025b:192.168.157.255:42226], old=null
2019-08-10 04:06:09,734 INFO  impl.RoleInfo (RoleInfo.java:shutdownLeaderElection(134)) - 9fb16d77-47ad-4452-9caf-f9ff65d0025b: shutdown LeaderElection
2019-08-10 04:06:09,734 INFO  impl.RaftServerImpl (RaftServerImpl.java:setRole(171)) - 9fb16d77-47ad-4452-9caf-f9ff65d0025b:group-CF9DCAD73662 changes role from CANDIDATE to LEADER at term 1 for changeToLeader
2019-08-10 04:06:09,734 INFO  impl.RaftServerImpl (ServerState.java:setLeader(263)) - 9fb16d77-47ad-4452-9caf-f9ff65d0025b:group-CF9DCAD73662 change Leader from null to 9fb16d77-47ad-4452-9caf-f9ff65d0025b at term 1 for becomeLeader, leader elected after 5200ms
2019-08-10 04:06:09,736 INFO  server.RaftServerConfigKeys (ConfUtils.java:logGet(43)) - raft.server.staging.catchup.gap = 1000 (default)
2019-08-10 04:06:09,736 INFO  server.RaftServerConfigKeys (ConfUtils.java:logGet(43)) - raft.server.rpc.sleep.time = 25ms (default)
2019-08-10 04:06:09,736 INFO  server.RaftServerConfigKeys (ConfUtils.java:logGet(43)) - raft.server.write.element-limit = 4096 (default)
2019-08-10 04:06:09,736 INFO  server.RaftServerConfigKeys (ConfUtils.java:logGet(43)) - raft.server.watch.timeout = 10s (default)
2019-08-10 04:06:09,737 INFO  server.RaftServerConfigKeys (ConfUtils.java:logGet(43)) - raft.server.watch.timeout.denomination = 1s (default)
2019-08-10 04:06:09,737 INFO  server.RaftServerConfigKeys (ConfUtils.java:logGet(43)) - raft.server.watch.element-limit = 65536 (default)
2019-08-10 04:06:09,737 INFO  impl.RoleInfo (RoleInfo.java:updateAndGet(143)) - 9fb16d77-47ad-4452-9caf-f9ff65d0025b: start LeaderState
2019-08-10 04:06:09,737 INFO  segmented.SegmentedRaftLogWorker (SegmentedRaftLogWorker.java:startLogSegment(380)) - 9fb16d77-47ad-4452-9caf-f9ff65d0025b-SegmentedRaftLogWorker:Storage Directory /workdir/hadoop-ozone/integration-test/target/test-dir/MiniOzoneClusterImpl-78319399-da6d-4099-9cd6-4b429a1af7e9/datanode-5/data/ratis/9b89a7ec-5518-4f21-88da-cf9dcad73662: Starting segment from index:0
2019-08-10 04:06:09,738 INFO  impl.RaftServerImpl (ServerState.java:setRaftConf(361)) - 9fb16d77-47ad-4452-9caf-f9ff65d0025b:group-CF9DCAD73662 set configuration 0: [9fb16d77-47ad-4452-9caf-f9ff65d0025b:192.168.157.255:42226], old=null at 0
2019-08-10 04:06:09,765 INFO  segmented.SegmentedRaftLogWorker (SegmentedRaftLogWorker.java:execute(569)) - 9fb16d77-47ad-4452-9caf-f9ff65d0025b-SegmentedRaftLogWorker:Storage Directory /workdir/hadoop-ozone/integration-test/target/test-dir/MiniOzoneClusterImpl-78319399-da6d-4099-9cd6-4b429a1af7e9/datanode-5/data/ratis/9b89a7ec-5518-4f21-88da-cf9dcad73662: created new log segment /workdir/hadoop-ozone/integration-test/target/test-dir/MiniOzoneClusterImpl-78319399-da6d-4099-9cd6-4b429a1af7e9/datanode-5/data/ratis/9b89a7ec-5518-4f21-88da-cf9dcad73662/current/log_inprogress_0
2019-08-10 04:06:09,892 INFO  impl.FollowerState (FollowerState.java:run(106)) - dc93ca29-8927-4af3-88fd-4352eaa333fd:group-23DB18EF5C34 changes to CANDIDATE, lastRpcTime:5018, electionTimeout:5018ms
2019-08-10 04:06:09,893 INFO  impl.RoleInfo (RoleInfo.java:shutdownFollowerState(121)) - dc93ca29-8927-4af3-88fd-4352eaa333fd: shutdown FollowerState
2019-08-10 04:06:09,893 INFO  impl.RaftServerImpl (RaftServerImpl.java:setRole(171)) - dc93ca29-8927-4af3-88fd-4352eaa333fd:group-23DB18EF5C34 changes role from FOLLOWER to CANDIDATE at term 0 for changeToCandidate
2019-08-10 04:06:09,893 INFO  impl.RoleInfo (RoleInfo.java:updateAndGet(143)) - dc93ca29-8927-4af3-88fd-4352eaa333fd: start LeaderElection
2019-08-10 04:06:09,897 INFO  impl.FollowerState (FollowerState.java:run(106)) - f94c1b2c-6457-4bd4-b145-0da877ce7d7a:group-7DE9C4CA73F4 changes to CANDIDATE, lastRpcTime:5185, electionTimeout:5182ms
2019-08-10 04:06:09,901 INFO  impl.RoleInfo (RoleInfo.java:shutdownFollowerState(121)) - f94c1b2c-6457-4bd4-b145-0da877ce7d7a: shutdown FollowerState
2019-08-10 04:06:09,901 INFO  impl.RaftServerImpl (RaftServerImpl.java:setRole(171)) - f94c1b2c-6457-4bd4-b145-0da877ce7d7a:group-7DE9C4CA73F4 changes role from FOLLOWER to CANDIDATE at term 0 for changeToCandidate
2019-08-10 04:06:09,901 INFO  impl.RoleInfo (RoleInfo.java:updateAndGet(143)) - f94c1b2c-6457-4bd4-b145-0da877ce7d7a: start LeaderElection
2019-08-10 04:06:09,918 INFO  impl.LeaderElection (LeaderElection.java:askForVotes(181)) - f94c1b2c-6457-4bd4-b145-0da877ce7d7a:group-7DE9C4CA73F4:LeaderElection6: begin an election at term 1 for -1: [f94c1b2c-6457-4bd4-b145-0da877ce7d7a:192.168.157.255:37672], old=null
2019-08-10 04:06:09,918 INFO  impl.LeaderElection (LeaderElection.java:askForVotes(181)) - dc93ca29-8927-4af3-88fd-4352eaa333fd:group-23DB18EF5C34:LeaderElection5: begin an election at term 1 for -1: [dc93ca29-8927-4af3-88fd-4352eaa333fd:192.168.157.255:33989], old=null
2019-08-10 04:06:09,918 INFO  impl.RoleInfo (RoleInfo.java:shutdownLeaderElection(134)) - f94c1b2c-6457-4bd4-b145-0da877ce7d7a: shutdown LeaderElection
2019-08-10 04:06:09,918 INFO  impl.RoleInfo (RoleInfo.java:shutdownLeaderElection(134)) - dc93ca29-8927-4af3-88fd-4352eaa333fd: shutdown LeaderElection
2019-08-10 04:06:09,919 INFO  impl.RaftServerImpl (RaftServerImpl.java:setRole(171)) - f94c1b2c-6457-4bd4-b145-0da877ce7d7a:group-7DE9C4CA73F4 changes role from CANDIDATE to LEADER at term 1 for changeToLeader
2019-08-10 04:06:09,919 INFO  impl.RaftServerImpl (RaftServerImpl.java:setRole(171)) - dc93ca29-8927-4af3-88fd-4352eaa333fd:group-23DB18EF5C34 changes role from CANDIDATE to LEADER at term 1 for changeToLeader
2019-08-10 04:06:09,919 INFO  impl.RaftServerImpl (ServerState.java:setLeader(263)) - f94c1b2c-6457-4bd4-b145-0da877ce7d7a:group-7DE9C4CA73F4 change Leader from null to f94c1b2c-6457-4bd4-b145-0da877ce7d7a at term 1 for becomeLeader, leader elected after 5212ms
2019-08-10 04:06:09,919 INFO  impl.RaftServerImpl (ServerState.java:setLeader(263)) - dc93ca29-8927-4af3-88fd-4352eaa333fd:group-23DB18EF5C34 change Leader from null to dc93ca29-8927-4af3-88fd-4352eaa333fd at term 1 for becomeLeader, leader elected after 5051ms
2019-08-10 04:06:09,921 INFO  server.RaftServerConfigKeys (ConfUtils.java:logGet(43)) - raft.server.staging.catchup.gap = 1000 (default)
2019-08-10 04:06:09,923 INFO  server.RaftServerConfigKeys (ConfUtils.java:logGet(43)) - raft.server.staging.catchup.gap = 1000 (default)
2019-08-10 04:06:09,923 INFO  server.RaftServerConfigKeys (ConfUtils.java:logGet(43)) - raft.server.rpc.sleep.time = 25ms (default)
2019-08-10 04:06:09,923 INFO  server.RaftServerConfigKeys (ConfUtils.java:logGet(43)) - raft.server.rpc.sleep.time = 25ms (default)
2019-08-10 04:06:09,923 INFO  server.RaftServerConfigKeys (ConfUtils.java:logGet(43)) - raft.server.write.element-limit = 4096 (default)
2019-08-10 04:06:09,923 INFO  server.RaftServerConfigKeys (ConfUtils.java:logGet(43)) - raft.server.write.element-limit = 4096 (default)
2019-08-10 04:06:09,923 INFO  server.RaftServerConfigKeys (ConfUtils.java:logGet(43)) - raft.server.watch.timeout = 10s (default)
2019-08-10 04:06:09,924 INFO  server.RaftServerConfigKeys (ConfUtils.java:logGet(43)) - raft.server.watch.timeout = 10s (default)
2019-08-10 04:06:09,924 INFO  server.RaftServerConfigKeys (ConfUtils.java:logGet(43)) - raft.server.watch.timeout.denomination = 1s (default)
2019-08-10 04:06:09,924 INFO  server.RaftServerConfigKeys (ConfUtils.java:logGet(43)) - raft.server.watch.timeout.denomination = 1s (default)
2019-08-10 04:06:09,924 INFO  server.RaftServerConfigKeys (ConfUtils.java:logGet(43)) - raft.server.watch.element-limit = 65536 (default)
2019-08-10 04:06:09,924 INFO  server.RaftServerConfigKeys (ConfUtils.java:logGet(43)) - raft.server.watch.element-limit = 65536 (default)
2019-08-10 04:06:09,924 INFO  impl.RoleInfo (RoleInfo.java:updateAndGet(143)) - f94c1b2c-6457-4bd4-b145-0da877ce7d7a: start LeaderState
2019-08-10 04:06:09,925 INFO  impl.RoleInfo (RoleInfo.java:updateAndGet(143)) - dc93ca29-8927-4af3-88fd-4352eaa333fd: start LeaderState
2019-08-10 04:06:09,925 INFO  segmented.SegmentedRaftLogWorker (SegmentedRaftLogWorker.java:startLogSegment(380)) - f94c1b2c-6457-4bd4-b145-0da877ce7d7a-SegmentedRaftLogWorker:Storage Directory /workdir/hadoop-ozone/integration-test/target/test-dir/MiniOzoneClusterImpl-78319399-da6d-4099-9cd6-4b429a1af7e9/datanode-1/data/ratis/d102143d-d580-4951-92d7-7de9c4ca73f4: Starting segment from index:0
2019-08-10 04:06:09,925 INFO  segmented.SegmentedRaftLogWorker (SegmentedRaftLogWorker.java:startLogSegment(380)) - dc93ca29-8927-4af3-88fd-4352eaa333fd-SegmentedRaftLogWorker:Storage Directory /workdir/hadoop-ozone/integration-test/target/test-dir/MiniOzoneClusterImpl-78319399-da6d-4099-9cd6-4b429a1af7e9/datanode-3/data/ratis/8e01b5c4-2281-4239-8fd1-23db18ef5c34: Starting segment from index:0
2019-08-10 04:06:09,925 INFO  impl.RaftServerImpl (ServerState.java:setRaftConf(361)) - f94c1b2c-6457-4bd4-b145-0da877ce7d7a:group-7DE9C4CA73F4 set configuration 0: [f94c1b2c-6457-4bd4-b145-0da877ce7d7a:192.168.157.255:37672], old=null at 0
2019-08-10 04:06:09,943 INFO  impl.RaftServerImpl (ServerState.java:setRaftConf(361)) - dc93ca29-8927-4af3-88fd-4352eaa333fd:group-23DB18EF5C34 set configuration 0: [dc93ca29-8927-4af3-88fd-4352eaa333fd:192.168.157.255:33989], old=null at 0
2019-08-10 04:06:09,960 INFO  segmented.SegmentedRaftLogWorker (SegmentedRaftLogWorker.java:execute(569)) - f94c1b2c-6457-4bd4-b145-0da877ce7d7a-SegmentedRaftLogWorker:Storage Directory /workdir/hadoop-ozone/integration-test/target/test-dir/MiniOzoneClusterImpl-78319399-da6d-4099-9cd6-4b429a1af7e9/datanode-1/data/ratis/d102143d-d580-4951-92d7-7de9c4ca73f4: created new log segment /workdir/hadoop-ozone/integration-test/target/test-dir/MiniOzoneClusterImpl-78319399-da6d-4099-9cd6-4b429a1af7e9/datanode-1/data/ratis/d102143d-d580-4951-92d7-7de9c4ca73f4/current/log_inprogress_0
2019-08-10 04:06:09,960 INFO  impl.FollowerState (FollowerState.java:run(106)) - cb9f76f9-cb80-4305-b09a-f3a7410878f9:group-BCC2B63C07FF changes to CANDIDATE, lastRpcTime:5168, electionTimeout:5166ms
2019-08-10 04:06:09,960 INFO  impl.RoleInfo (RoleInfo.java:shutdownFollowerState(121)) - cb9f76f9-cb80-4305-b09a-f3a7410878f9: shutdown FollowerState
2019-08-10 04:06:09,960 INFO  impl.RaftServerImpl (RaftServerImpl.java:setRole(171)) - cb9f76f9-cb80-4305-b09a-f3a7410878f9:group-BCC2B63C07FF changes role from FOLLOWER to CANDIDATE at term 0 for changeToCandidate
2019-08-10 04:06:09,960 INFO  impl.RoleInfo (RoleInfo.java:updateAndGet(143)) - cb9f76f9-cb80-4305-b09a-f3a7410878f9: start LeaderElection
2019-08-10 04:06:09,972 INFO  segmented.SegmentedRaftLogWorker (SegmentedRaftLogWorker.java:execute(569)) - dc93ca29-8927-4af3-88fd-4352eaa333fd-SegmentedRaftLogWorker:Storage Directory /workdir/hadoop-ozone/integration-test/target/test-dir/MiniOzoneClusterImpl-78319399-da6d-4099-9cd6-4b429a1af7e9/datanode-3/data/ratis/8e01b5c4-2281-4239-8fd1-23db18ef5c34: created new log segment /workdir/hadoop-ozone/integration-test/target/test-dir/MiniOzoneClusterImpl-78319399-da6d-4099-9cd6-4b429a1af7e9/datanode-3/data/ratis/8e01b5c4-2281-4239-8fd1-23db18ef5c34/current/log_inprogress_0
2019-08-10 04:06:09,979 INFO  impl.LeaderElection (LeaderElection.java:askForVotes(181)) - cb9f76f9-cb80-4305-b09a-f3a7410878f9:group-BCC2B63C07FF:LeaderElection7: begin an election at term 1 for -1: [cb9f76f9-cb80-4305-b09a-f3a7410878f9:192.168.157.255:34703], old=null
2019-08-10 04:06:09,981 INFO  impl.RoleInfo (RoleInfo.java:shutdownLeaderElection(134)) - cb9f76f9-cb80-4305-b09a-f3a7410878f9: shutdown LeaderElection
2019-08-10 04:06:09,981 INFO  impl.RaftServerImpl (RaftServerImpl.java:setRole(171)) - cb9f76f9-cb80-4305-b09a-f3a7410878f9:group-BCC2B63C07FF changes role from CANDIDATE to LEADER at term 1 for changeToLeader
2019-08-10 04:06:09,981 INFO  impl.RaftServerImpl (ServerState.java:setLeader(263)) - cb9f76f9-cb80-4305-b09a-f3a7410878f9:group-BCC2B63C07FF change Leader from null to cb9f76f9-cb80-4305-b09a-f3a7410878f9 at term 1 for becomeLeader, leader elected after 5194ms
2019-08-10 04:06:09,983 INFO  server.RaftServerConfigKeys (ConfUtils.java:logGet(43)) - raft.server.staging.catchup.gap = 1000 (default)
2019-08-10 04:06:09,983 INFO  server.RaftServerConfigKeys (ConfUtils.java:logGet(43)) - raft.server.rpc.sleep.time = 25ms (default)
2019-08-10 04:06:09,983 INFO  server.RaftServerConfigKeys (ConfUtils.java:logGet(43)) - raft.server.write.element-limit = 4096 (default)
2019-08-10 04:06:09,983 INFO  server.RaftServerConfigKeys (ConfUtils.java:logGet(43)) - raft.server.watch.timeout = 10s (default)
2019-08-10 04:06:09,984 INFO  server.RaftServerConfigKeys (ConfUtils.java:logGet(43)) - raft.server.watch.timeout.denomination = 1s (default)
2019-08-10 04:06:09,984 INFO  server.RaftServerConfigKeys (ConfUtils.java:logGet(43)) - raft.server.watch.element-limit = 65536 (default)
2019-08-10 04:06:09,984 INFO  impl.RoleInfo (RoleInfo.java:updateAndGet(143)) - cb9f76f9-cb80-4305-b09a-f3a7410878f9: start LeaderState
2019-08-10 04:06:09,984 INFO  segmented.SegmentedRaftLogWorker (SegmentedRaftLogWorker.java:startLogSegment(380)) - cb9f76f9-cb80-4305-b09a-f3a7410878f9-SegmentedRaftLogWorker:Storage Directory /workdir/hadoop-ozone/integration-test/target/test-dir/MiniOzoneClusterImpl-78319399-da6d-4099-9cd6-4b429a1af7e9/datanode-2/data/ratis/85aa01df-cccf-4f97-baf3-bcc2b63c07ff: Starting segment from index:0
2019-08-10 04:06:09,985 INFO  impl.RaftServerImpl (ServerState.java:setRaftConf(361)) - cb9f76f9-cb80-4305-b09a-f3a7410878f9:group-BCC2B63C07FF set configuration 0: [cb9f76f9-cb80-4305-b09a-f3a7410878f9:192.168.157.255:34703], old=null at 0
2019-08-10 04:06:10,017 INFO  segmented.SegmentedRaftLogWorker (SegmentedRaftLogWorker.java:execute(569)) - cb9f76f9-cb80-4305-b09a-f3a7410878f9-SegmentedRaftLogWorker:Storage Directory /workdir/hadoop-ozone/integration-test/target/test-dir/MiniOzoneClusterImpl-78319399-da6d-4099-9cd6-4b429a1af7e9/datanode-2/data/ratis/85aa01df-cccf-4f97-baf3-bcc2b63c07ff: created new log segment /workdir/hadoop-ozone/integration-test/target/test-dir/MiniOzoneClusterImpl-78319399-da6d-4099-9cd6-4b429a1af7e9/datanode-2/data/ratis/85aa01df-cccf-4f97-baf3-bcc2b63c07ff/current/log_inprogress_0
2019-08-10 04:06:10,040 INFO  impl.FollowerState (FollowerState.java:run(106)) - 1322933e-f801-4eab-8c61-7265168793c5:group-48837B23B6DF changes to CANDIDATE, lastRpcTime:5043, electionTimeout:5043ms
2019-08-10 04:06:10,040 INFO  impl.RoleInfo (RoleInfo.java:shutdownFollowerState(121)) - 1322933e-f801-4eab-8c61-7265168793c5: shutdown FollowerState
2019-08-10 04:06:10,040 INFO  impl.RaftServerImpl (RaftServerImpl.java:setRole(171)) - 1322933e-f801-4eab-8c61-7265168793c5:group-48837B23B6DF changes role from FOLLOWER to CANDIDATE at term 0 for changeToCandidate
2019-08-10 04:06:10,041 INFO  impl.RoleInfo (RoleInfo.java:updateAndGet(143)) - 1322933e-f801-4eab-8c61-7265168793c5: start LeaderElection
2019-08-10 04:06:10,055 INFO  impl.FollowerState (FollowerState.java:run(106)) - 6435028b-549c-4b1e-90fb-d3e35990f884:group-48837B23B6DF changes to CANDIDATE, lastRpcTime:5048, electionTimeout:5046ms
2019-08-10 04:06:10,057 INFO  impl.RoleInfo (RoleInfo.java:shutdownFollowerState(121)) - 6435028b-549c-4b1e-90fb-d3e35990f884: shutdown FollowerState
2019-08-10 04:06:10,057 INFO  impl.RaftServerImpl (RaftServerImpl.java:setRole(171)) - 6435028b-549c-4b1e-90fb-d3e35990f884:group-48837B23B6DF changes role from FOLLOWER to CANDIDATE at term 0 for changeToCandidate
2019-08-10 04:06:10,057 INFO  impl.RoleInfo (RoleInfo.java:updateAndGet(143)) - 6435028b-549c-4b1e-90fb-d3e35990f884: start LeaderElection
2019-08-10 04:06:10,058 INFO  impl.LeaderElection (LeaderElection.java:askForVotes(181)) - 1322933e-f801-4eab-8c61-7265168793c5:group-48837B23B6DF:LeaderElection8: begin an election at term 1 for -1: [6435028b-549c-4b1e-90fb-d3e35990f884:192.168.157.255:39340, 1322933e-f801-4eab-8c61-7265168793c5:192.168.157.255:38537, 9fb16d77-47ad-4452-9caf-f9ff65d0025b:192.168.157.255:42226], old=null
2019-08-10 04:06:10,083 INFO  impl.LeaderElection (LeaderElection.java:askForVotes(181)) - 6435028b-549c-4b1e-90fb-d3e35990f884:group-48837B23B6DF:LeaderElection9: begin an election at term 1 for -1: [6435028b-549c-4b1e-90fb-d3e35990f884:192.168.157.255:39340, 1322933e-f801-4eab-8c61-7265168793c5:192.168.157.255:38537, 9fb16d77-47ad-4452-9caf-f9ff65d0025b:192.168.157.255:42226], old=null
2019-08-10 04:06:10,110 INFO  impl.RaftServerImpl (RaftServerImpl.java:setRole(171)) - 9fb16d77-47ad-4452-9caf-f9ff65d0025b:group-48837B23B6DF changes role from FOLLOWER to FOLLOWER at term 1 for recognizeCandidate:1322933e-f801-4eab-8c61-7265168793c5
2019-08-10 04:06:10,110 INFO  impl.RoleInfo (RoleInfo.java:shutdownFollowerState(121)) - 9fb16d77-47ad-4452-9caf-f9ff65d0025b: shutdown FollowerState
2019-08-10 04:06:10,114 INFO  impl.RoleInfo (RoleInfo.java:updateAndGet(143)) - 9fb16d77-47ad-4452-9caf-f9ff65d0025b: start FollowerState
2019-08-10 04:06:10,148 INFO  impl.LeaderElection (LeaderElection.java:logAndReturn(56)) - 1322933e-f801-4eab-8c61-7265168793c5:group-48837B23B6DF:LeaderElection8: Election PASSED; received 2 response(s) [1322933e-f801-4eab-8c61-7265168793c5<-6435028b-549c-4b1e-90fb-d3e35990f884#0:FAIL-t1, 1322933e-f801-4eab-8c61-7265168793c5<-9fb16d77-47ad-4452-9caf-f9ff65d0025b#0:OK-t1] and 0 exception(s); 1322933e-f801-4eab-8c61-7265168793c5:t1, leader=null, voted=1322933e-f801-4eab-8c61-7265168793c5, raftlog=1322933e-f801-4eab-8c61-7265168793c5-SegmentedRaftLog:OPENED:c-1,f-1,i0, conf=-1: [6435028b-549c-4b1e-90fb-d3e35990f884:192.168.157.255:39340, 1322933e-f801-4eab-8c61-7265168793c5:192.168.157.255:38537, 9fb16d77-47ad-4452-9caf-f9ff65d0025b:192.168.157.255:42226], old=null
2019-08-10 04:06:10,148 INFO  impl.LeaderElection (LeaderElection.java:logAndReturn(56)) - 6435028b-549c-4b1e-90fb-d3e35990f884:group-48837B23B6DF:LeaderElection9: Election REJECTED; received 2 response(s) [6435028b-549c-4b1e-90fb-d3e35990f884<-1322933e-f801-4eab-8c61-7265168793c5#0:FAIL-t1, 6435028b-549c-4b1e-90fb-d3e35990f884<-9fb16d77-47ad-4452-9caf-f9ff65d0025b#0:FAIL-t1] and 0 exception(s); 6435028b-549c-4b1e-90fb-d3e35990f884:t1, leader=null, voted=6435028b-549c-4b1e-90fb-d3e35990f884, raftlog=6435028b-549c-4b1e-90fb-d3e35990f884-SegmentedRaftLog:OPENED:c-1,f-1,i0, conf=-1: [6435028b-549c-4b1e-90fb-d3e35990f884:192.168.157.255:39340, 1322933e-f801-4eab-8c61-7265168793c5:192.168.157.255:38537, 9fb16d77-47ad-4452-9caf-f9ff65d0025b:192.168.157.255:42226], old=null
2019-08-10 04:06:10,148 INFO  impl.RoleInfo (RoleInfo.java:shutdownLeaderElection(134)) - 1322933e-f801-4eab-8c61-7265168793c5: shutdown LeaderElection
2019-08-10 04:06:10,154 INFO  impl.RaftServerImpl (RaftServerImpl.java:setRole(171)) - 1322933e-f801-4eab-8c61-7265168793c5:group-48837B23B6DF changes role from CANDIDATE to LEADER at term 1 for changeToLeader
2019-08-10 04:06:10,156 INFO  impl.FollowerState (FollowerState.java:run(106)) - fcb47271-f594-42f2-9d06-9675c1177c5f:group-6B8376B46891 changes to CANDIDATE, lastRpcTime:5013, electionTimeout:5012ms
2019-08-10 04:06:10,158 INFO  impl.RoleInfo (RoleInfo.java:shutdownFollowerState(121)) - fcb47271-f594-42f2-9d06-9675c1177c5f: shutdown FollowerState
2019-08-10 04:06:10,156 INFO  impl.RaftServerImpl (RaftServerImpl.java:setRole(171)) - 6435028b-549c-4b1e-90fb-d3e35990f884:group-48837B23B6DF changes role from CANDIDATE to FOLLOWER at term 1 for DISCOVERED_A_NEW_TERM
2019-08-10 04:06:10,158 INFO  impl.RaftServerImpl (RaftServerImpl.java:setRole(171)) - fcb47271-f594-42f2-9d06-9675c1177c5f:group-6B8376B46891 changes role from FOLLOWER to CANDIDATE at term 0 for changeToCandidate
2019-08-10 04:06:10,158 INFO  impl.RaftServerImpl (ServerState.java:setLeader(263)) - 1322933e-f801-4eab-8c61-7265168793c5:group-48837B23B6DF change Leader from null to 1322933e-f801-4eab-8c61-7265168793c5 at term 1 for becomeLeader, leader elected after 5175ms
2019-08-10 04:06:10,158 INFO  impl.RoleInfo (RoleInfo.java:updateAndGet(143)) - fcb47271-f594-42f2-9d06-9675c1177c5f: start LeaderElection
2019-08-10 04:06:10,158 INFO  impl.RoleInfo (RoleInfo.java:shutdownLeaderElection(134)) - 6435028b-549c-4b1e-90fb-d3e35990f884: shutdown LeaderElection
2019-08-10 04:06:10,159 INFO  server.RaftServerConfigKeys (ConfUtils.java:logGet(43)) - raft.server.staging.catchup.gap = 1000 (default)
2019-08-10 04:06:10,164 INFO  impl.RoleInfo (RoleInfo.java:updateAndGet(143)) - 6435028b-549c-4b1e-90fb-d3e35990f884: start FollowerState
2019-08-10 04:06:10,164 INFO  server.RaftServerConfigKeys (ConfUtils.java:logGet(43)) - raft.server.rpc.sleep.time = 25ms (default)
2019-08-10 04:06:10,166 INFO  server.RaftServerConfigKeys (ConfUtils.java:logGet(43)) - raft.server.write.element-limit = 4096 (default)
2019-08-10 04:06:10,167 INFO  server.RaftServerConfigKeys (ConfUtils.java:logGet(43)) - raft.server.watch.timeout = 10s (default)
2019-08-10 04:06:10,167 INFO  server.RaftServerConfigKeys (ConfUtils.java:logGet(43)) - raft.server.watch.timeout.denomination = 1s (default)
2019-08-10 04:06:10,167 INFO  server.RaftServerConfigKeys (ConfUtils.java:logGet(43)) - raft.server.watch.element-limit = 65536 (default)
2019-08-10 04:06:10,170 INFO  server.RaftServerConfigKeys (ConfUtils.java:logGet(43)) - raft.server.log.appender.snapshot.chunk.size.max = 16MB (=16777216) (default)
2019-08-10 04:06:10,170 INFO  server.RaftServerConfigKeys (ConfUtils.java:logGet(43)) - raft.server.log.appender.buffer.byte-limit = 33554432 (custom)
2019-08-10 04:06:10,170 INFO  server.RaftServerConfigKeys (ConfUtils.java:logGet(43)) - raft.server.log.appender.buffer.element-limit = 1 (custom)
2019-08-10 04:06:10,174 INFO  grpc.GrpcConfigKeys$Server (ConfUtils.java:logGet(43)) - raft.grpc.server.leader.outstanding.appends.max = 128 (default)
2019-08-10 04:06:10,176 INFO  server.RaftServerConfigKeys (ConfUtils.java:logGet(43)) - raft.server.rpc.request.timeout = 3000ms (default)
2019-08-10 04:06:10,176 INFO  server.RaftServerConfigKeys (ConfUtils.java:logGet(43)) - raft.server.log.appender.install.snapshot.enabled = false (custom)
2019-08-10 04:06:10,176 INFO  server.RaftServerConfigKeys (ConfUtils.java:logGet(43)) - raft.server.log.appender.snapshot.chunk.size.max = 16MB (=16777216) (default)
2019-08-10 04:06:10,176 INFO  server.RaftServerConfigKeys (ConfUtils.java:logGet(43)) - raft.server.log.appender.buffer.byte-limit = 33554432 (custom)
2019-08-10 04:06:10,177 INFO  server.RaftServerConfigKeys (ConfUtils.java:logGet(43)) - raft.server.log.appender.buffer.element-limit = 1 (custom)
2019-08-10 04:06:10,177 INFO  grpc.GrpcConfigKeys$Server (ConfUtils.java:logGet(43)) - raft.grpc.server.leader.outstanding.appends.max = 128 (default)
2019-08-10 04:06:10,177 INFO  server.RaftServerConfigKeys (ConfUtils.java:logGet(43)) - raft.server.rpc.request.timeout = 3000ms (default)
2019-08-10 04:06:10,177 INFO  server.RaftServerConfigKeys (ConfUtils.java:logGet(43)) - raft.server.log.appender.install.snapshot.enabled = false (custom)
2019-08-10 04:06:10,179 INFO  impl.RoleInfo (RoleInfo.java:updateAndGet(143)) - 1322933e-f801-4eab-8c61-7265168793c5: start LeaderState
2019-08-10 04:06:10,179 INFO  impl.LeaderElection (LeaderElection.java:askForVotes(181)) - fcb47271-f594-42f2-9d06-9675c1177c5f:group-6B8376B46891:LeaderElection10: begin an election at term 1 for -1: [fcb47271-f594-42f2-9d06-9675c1177c5f:192.168.157.255:38678, cb9f76f9-cb80-4305-b09a-f3a7410878f9:192.168.157.255:34703, f94c1b2c-6457-4bd4-b145-0da877ce7d7a:192.168.157.255:37672], old=null
2019-08-10 04:06:10,179 INFO  segmented.SegmentedRaftLogWorker (SegmentedRaftLogWorker.java:startLogSegment(380)) - 1322933e-f801-4eab-8c61-7265168793c5-SegmentedRaftLogWorker:Storage Directory /workdir/hadoop-ozone/integration-test/target/test-dir/MiniOzoneClusterImpl-78319399-da6d-4099-9cd6-4b429a1af7e9/datanode-0/data/ratis/3a390ac0-3965-404e-98c3-48837b23b6df: Starting segment from index:0
2019-08-10 04:06:10,198 INFO  impl.FollowerState (FollowerState.java:run(106)) - cb9f76f9-cb80-4305-b09a-f3a7410878f9:group-6B8376B46891 changes to CANDIDATE, lastRpcTime:5037, electionTimeout:5031ms
2019-08-10 04:06:10,198 INFO  impl.FollowerState (FollowerState.java:run(106)) - f94c1b2c-6457-4bd4-b145-0da877ce7d7a:group-6B8376B46891 changes to CANDIDATE, lastRpcTime:5037, electionTimeout:5030ms
2019-08-10 04:06:10,198 INFO  impl.RoleInfo (RoleInfo.java:shutdownFollowerState(121)) - cb9f76f9-cb80-4305-b09a-f3a7410878f9: shutdown FollowerState
2019-08-10 04:06:10,198 INFO  impl.RoleInfo (RoleInfo.java:shutdownFollowerState(121)) - f94c1b2c-6457-4bd4-b145-0da877ce7d7a: shutdown FollowerState
2019-08-10 04:06:10,199 INFO  impl.RaftServerImpl (ServerState.java:setRaftConf(361)) - 1322933e-f801-4eab-8c61-7265168793c5:group-48837B23B6DF set configuration 0: [6435028b-549c-4b1e-90fb-d3e35990f884:192.168.157.255:39340, 1322933e-f801-4eab-8c61-7265168793c5:192.168.157.255:38537, 9fb16d77-47ad-4452-9caf-f9ff65d0025b:192.168.157.255:42226], old=null at 0
2019-08-10 04:06:10,198 INFO  impl.RaftServerImpl (RaftServerImpl.java:setRole(171)) - cb9f76f9-cb80-4305-b09a-f3a7410878f9:group-6B8376B46891 changes role from FOLLOWER to CANDIDATE at term 0 for changeToCandidate
2019-08-10 04:06:10,199 INFO  impl.RaftServerImpl (RaftServerImpl.java:setRole(171)) - f94c1b2c-6457-4bd4-b145-0da877ce7d7a:group-6B8376B46891 changes role from FOLLOWER to CANDIDATE at term 0 for changeToCandidate
2019-08-10 04:06:10,203 INFO  impl.RoleInfo (RoleInfo.java:updateAndGet(143)) - cb9f76f9-cb80-4305-b09a-f3a7410878f9: start LeaderElection
2019-08-10 04:06:10,203 INFO  impl.RoleInfo (RoleInfo.java:updateAndGet(143)) - f94c1b2c-6457-4bd4-b145-0da877ce7d7a: start LeaderElection
2019-08-10 04:06:10,211 INFO  segmented.SegmentedRaftLogWorker (SegmentedRaftLogWorker.java:execute(569)) - 1322933e-f801-4eab-8c61-7265168793c5-SegmentedRaftLogWorker:Storage Directory /workdir/hadoop-ozone/integration-test/target/test-dir/MiniOzoneClusterImpl-78319399-da6d-4099-9cd6-4b429a1af7e9/datanode-0/data/ratis/3a390ac0-3965-404e-98c3-48837b23b6df: created new log segment /workdir/hadoop-ozone/integration-test/target/test-dir/MiniOzoneClusterImpl-78319399-da6d-4099-9cd6-4b429a1af7e9/datanode-0/data/ratis/3a390ac0-3965-404e-98c3-48837b23b6df/current/log_inprogress_0
2019-08-10 04:06:10,237 INFO  impl.LeaderElection (LeaderElection.java:askForVotes(181)) - cb9f76f9-cb80-4305-b09a-f3a7410878f9:group-6B8376B46891:LeaderElection11: begin an election at term 1 for -1: [fcb47271-f594-42f2-9d06-9675c1177c5f:192.168.157.255:38678, cb9f76f9-cb80-4305-b09a-f3a7410878f9:192.168.157.255:34703, f94c1b2c-6457-4bd4-b145-0da877ce7d7a:192.168.157.255:37672], old=null
2019-08-10 04:06:10,237 INFO  impl.LeaderElection (LeaderElection.java:askForVotes(181)) - f94c1b2c-6457-4bd4-b145-0da877ce7d7a:group-6B8376B46891:LeaderElection12: begin an election at term 1 for -1: [fcb47271-f594-42f2-9d06-9675c1177c5f:192.168.157.255:38678, cb9f76f9-cb80-4305-b09a-f3a7410878f9:192.168.157.255:34703, f94c1b2c-6457-4bd4-b145-0da877ce7d7a:192.168.157.255:37672], old=null
2019-08-10 04:06:10,262 INFO  impl.RaftServerImpl (ServerState.java:setLeader(263)) - 6435028b-549c-4b1e-90fb-d3e35990f884:group-48837B23B6DF change Leader from null to 1322933e-f801-4eab-8c61-7265168793c5 at term 1 for appendEntries, leader elected after 5282ms
2019-08-10 04:06:10,262 INFO  impl.RaftServerImpl (ServerState.java:setLeader(263)) - 9fb16d77-47ad-4452-9caf-f9ff65d0025b:group-48837B23B6DF change Leader from null to 1322933e-f801-4eab-8c61-7265168793c5 at term 1 for appendEntries, leader elected after 5282ms
2019-08-10 04:06:10,273 INFO  impl.LeaderElection (LeaderElection.java:logAndReturn(56)) - fcb47271-f594-42f2-9d06-9675c1177c5f:group-6B8376B46891:LeaderElection10: Election REJECTED; received 2 response(s) [fcb47271-f594-42f2-9d06-9675c1177c5f<-cb9f76f9-cb80-4305-b09a-f3a7410878f9#0:FAIL-t1, fcb47271-f594-42f2-9d06-9675c1177c5f<-f94c1b2c-6457-4bd4-b145-0da877ce7d7a#0:FAIL-t1] and 0 exception(s); fcb47271-f594-42f2-9d06-9675c1177c5f:t1, leader=null, voted=fcb47271-f594-42f2-9d06-9675c1177c5f, raftlog=fcb47271-f594-42f2-9d06-9675c1177c5f-SegmentedRaftLog:OPENED:c-1,f-1,i0, conf=-1: [fcb47271-f594-42f2-9d06-9675c1177c5f:192.168.157.255:38678, cb9f76f9-cb80-4305-b09a-f3a7410878f9:192.168.157.255:34703, f94c1b2c-6457-4bd4-b145-0da877ce7d7a:192.168.157.255:37672], old=null
2019-08-10 04:06:10,273 INFO  impl.RaftServerImpl (RaftServerImpl.java:setRole(171)) - fcb47271-f594-42f2-9d06-9675c1177c5f:group-6B8376B46891 changes role from CANDIDATE to FOLLOWER at term 1 for DISCOVERED_A_NEW_TERM
2019-08-10 04:06:10,277 INFO  impl.RoleInfo (RoleInfo.java:shutdownLeaderElection(134)) - fcb47271-f594-42f2-9d06-9675c1177c5f: shutdown LeaderElection
2019-08-10 04:06:10,279 INFO  impl.RoleInfo (RoleInfo.java:updateAndGet(143)) - fcb47271-f594-42f2-9d06-9675c1177c5f: start FollowerState
2019-08-10 04:06:10,307 INFO  impl.LeaderElection (LeaderElection.java:logAndReturn(56)) - f94c1b2c-6457-4bd4-b145-0da877ce7d7a:group-6B8376B46891:LeaderElection12: Election REJECTED; received 2 response(s) [f94c1b2c-6457-4bd4-b145-0da877ce7d7a<-fcb47271-f594-42f2-9d06-9675c1177c5f#0:FAIL-t1, f94c1b2c-6457-4bd4-b145-0da877ce7d7a<-cb9f76f9-cb80-4305-b09a-f3a7410878f9#0:FAIL-t1] and 0 exception(s); f94c1b2c-6457-4bd4-b145-0da877ce7d7a:t1, leader=null, voted=f94c1b2c-6457-4bd4-b145-0da877ce7d7a, raftlog=f94c1b2c-6457-4bd4-b145-0da877ce7d7a-SegmentedRaftLog:OPENED:c-1,f-1,i0, conf=-1: [fcb47271-f594-42f2-9d06-9675c1177c5f:192.168.157.255:38678, cb9f76f9-cb80-4305-b09a-f3a7410878f9:192.168.157.255:34703, f94c1b2c-6457-4bd4-b145-0da877ce7d7a:192.168.157.255:37672], old=null
2019-08-10 04:06:10,308 INFO  impl.RaftServerImpl (RaftServerImpl.java:setRole(171)) - f94c1b2c-6457-4bd4-b145-0da877ce7d7a:group-6B8376B46891 changes role from CANDIDATE to FOLLOWER at term 1 for DISCOVERED_A_NEW_TERM
2019-08-10 04:06:10,308 INFO  impl.RoleInfo (RoleInfo.java:shutdownLeaderElection(134)) - f94c1b2c-6457-4bd4-b145-0da877ce7d7a: shutdown LeaderElection
2019-08-10 04:06:10,310 INFO  impl.LeaderElection (LeaderElection.java:logAndReturn(56)) - cb9f76f9-cb80-4305-b09a-f3a7410878f9:group-6B8376B46891:LeaderElection11: Election REJECTED; received 2 response(s) [cb9f76f9-cb80-4305-b09a-f3a7410878f9<-fcb47271-f594-42f2-9d06-9675c1177c5f#0:FAIL-t1, cb9f76f9-cb80-4305-b09a-f3a7410878f9<-f94c1b2c-6457-4bd4-b145-0da877ce7d7a#0:FAIL-t1] and 0 exception(s); cb9f76f9-cb80-4305-b09a-f3a7410878f9:t1, leader=null, voted=cb9f76f9-cb80-4305-b09a-f3a7410878f9, raftlog=cb9f76f9-cb80-4305-b09a-f3a7410878f9-SegmentedRaftLog:OPENED:c-1,f-1,i0, conf=-1: [fcb47271-f594-42f2-9d06-9675c1177c5f:192.168.157.255:38678, cb9f76f9-cb80-4305-b09a-f3a7410878f9:192.168.157.255:34703, f94c1b2c-6457-4bd4-b145-0da877ce7d7a:192.168.157.255:37672], old=null
2019-08-10 04:06:10,311 INFO  impl.RoleInfo (RoleInfo.java:updateAndGet(143)) - f94c1b2c-6457-4bd4-b145-0da877ce7d7a: start FollowerState
2019-08-10 04:06:10,311 INFO  impl.RaftServerImpl (RaftServerImpl.java:setRole(171)) - cb9f76f9-cb80-4305-b09a-f3a7410878f9:group-6B8376B46891 changes role from CANDIDATE to FOLLOWER at term 1 for DISCOVERED_A_NEW_TERM
2019-08-10 04:06:10,314 INFO  impl.RoleInfo (RoleInfo.java:shutdownLeaderElection(134)) - cb9f76f9-cb80-4305-b09a-f3a7410878f9: shutdown LeaderElection
2019-08-10 04:06:10,329 INFO  impl.RoleInfo (RoleInfo.java:updateAndGet(143)) - cb9f76f9-cb80-4305-b09a-f3a7410878f9: start FollowerState
2019-08-10 04:06:10,344 INFO  impl.RaftServerImpl (ServerState.java:setRaftConf(361)) - 9fb16d77-47ad-4452-9caf-f9ff65d0025b:group-48837B23B6DF set configuration 0: [6435028b-549c-4b1e-90fb-d3e35990f884:192.168.157.255:39340, 1322933e-f801-4eab-8c61-7265168793c5:192.168.157.255:38537, 9fb16d77-47ad-4452-9caf-f9ff65d0025b:192.168.157.255:42226], old=null at 0
2019-08-10 04:06:10,344 INFO  impl.RaftServerImpl (ServerState.java:setRaftConf(361)) - 6435028b-549c-4b1e-90fb-d3e35990f884:group-48837B23B6DF set configuration 0: [6435028b-549c-4b1e-90fb-d3e35990f884:192.168.157.255:39340, 1322933e-f801-4eab-8c61-7265168793c5:192.168.157.255:38537, 9fb16d77-47ad-4452-9caf-f9ff65d0025b:192.168.157.255:42226], old=null at 0
2019-08-10 04:06:10,344 INFO  segmented.SegmentedRaftLogWorker (SegmentedRaftLogWorker.java:startLogSegment(380)) - 9fb16d77-47ad-4452-9caf-f9ff65d0025b-SegmentedRaftLogWorker:Storage Directory /workdir/hadoop-ozone/integration-test/target/test-dir/MiniOzoneClusterImpl-78319399-da6d-4099-9cd6-4b429a1af7e9/datanode-5/data/ratis/3a390ac0-3965-404e-98c3-48837b23b6df: Starting segment from index:0
2019-08-10 04:06:10,345 INFO  segmented.SegmentedRaftLogWorker (SegmentedRaftLogWorker.java:startLogSegment(380)) - 6435028b-549c-4b1e-90fb-d3e35990f884-SegmentedRaftLogWorker:Storage Directory /workdir/hadoop-ozone/integration-test/target/test-dir/MiniOzoneClusterImpl-78319399-da6d-4099-9cd6-4b429a1af7e9/datanode-4/data/ratis/3a390ac0-3965-404e-98c3-48837b23b6df: Starting segment from index:0
2019-08-10 04:06:10,373 INFO  segmented.SegmentedRaftLogWorker (SegmentedRaftLogWorker.java:execute(569)) - 6435028b-549c-4b1e-90fb-d3e35990f884-SegmentedRaftLogWorker:Storage Directory /workdir/hadoop-ozone/integration-test/target/test-dir/MiniOzoneClusterImpl-78319399-da6d-4099-9cd6-4b429a1af7e9/datanode-4/data/ratis/3a390ac0-3965-404e-98c3-48837b23b6df: created new log segment /workdir/hadoop-ozone/integration-test/target/test-dir/MiniOzoneClusterImpl-78319399-da6d-4099-9cd6-4b429a1af7e9/datanode-4/data/ratis/3a390ac0-3965-404e-98c3-48837b23b6df/current/log_inprogress_0
2019-08-10 04:06:10,373 INFO  segmented.SegmentedRaftLogWorker (SegmentedRaftLogWorker.java:execute(569)) - 9fb16d77-47ad-4452-9caf-f9ff65d0025b-SegmentedRaftLogWorker:Storage Directory /workdir/hadoop-ozone/integration-test/target/test-dir/MiniOzoneClusterImpl-78319399-da6d-4099-9cd6-4b429a1af7e9/datanode-5/data/ratis/3a390ac0-3965-404e-98c3-48837b23b6df: created new log segment /workdir/hadoop-ozone/integration-test/target/test-dir/MiniOzoneClusterImpl-78319399-da6d-4099-9cd6-4b429a1af7e9/datanode-5/data/ratis/3a390ac0-3965-404e-98c3-48837b23b6df/current/log_inprogress_0
2019-08-10 04:06:10,576 INFO  client.GrpcClientProtocolClient (GrpcClientProtocolClient.java:onNext(255)) - client-50EDFA2679A6->9fb16d77-47ad-4452-9caf-f9ff65d0025b: receive RaftClientReply:client-50EDFA2679A6->9fb16d77-47ad-4452-9caf-f9ff65d0025b@group-48837B23B6DF, cid=13, FAILED org.apache.ratis.protocol.NotLeaderException: Server 9fb16d77-47ad-4452-9caf-f9ff65d0025b is not the leader (1322933e-f801-4eab-8c61-7265168793c5:192.168.157.255:38537). Request must be sent to leader., logIndex=0, commits[9fb16d77-47ad-4452-9caf-f9ff65d0025b:c0, 6435028b-549c-4b1e-90fb-d3e35990f884:c-1, 1322933e-f801-4eab-8c61-7265168793c5:c0]
2019-08-10 04:06:10,864 INFO  client.GrpcClientProtocolClient (GrpcClientProtocolClient.java:onNext(255)) - client-50EDFA2679A6->1322933e-f801-4eab-8c61-7265168793c5: receive RaftClientReply:client-50EDFA2679A6->1322933e-f801-4eab-8c61-7265168793c5@group-48837B23B6DF, cid=13, SUCCESS, logIndex=1, commits[1322933e-f801-4eab-8c61-7265168793c5:c1, 6435028b-549c-4b1e-90fb-d3e35990f884:c0, 9fb16d77-47ad-4452-9caf-f9ff65d0025b:c0]
2019-08-10 04:06:10,904 INFO  client.GrpcClientProtocolClient (GrpcClientProtocolClient.java:onNext(255)) - client-50EDFA2679A6->1322933e-f801-4eab-8c61-7265168793c5: receive RaftClientReply:client-50EDFA2679A6->1322933e-f801-4eab-8c61-7265168793c5@group-48837B23B6DF, cid=14, SUCCESS, logIndex=3, commits[1322933e-f801-4eab-8c61-7265168793c5:c3, 6435028b-549c-4b1e-90fb-d3e35990f884:c2, 9fb16d77-47ad-4452-9caf-f9ff65d0025b:c2]
2019-08-10 04:06:10,987 INFO  client.GrpcClientProtocolClient (GrpcClientProtocolClient.java:onNext(255)) - client-50EDFA2679A6->1322933e-f801-4eab-8c61-7265168793c5: receive RaftClientReply:client-50EDFA2679A6->1322933e-f801-4eab-8c61-7265168793c5@group-48837B23B6DF, cid=15, SUCCESS, logIndex=4, commits[1322933e-f801-4eab-8c61-7265168793c5:c12, 6435028b-549c-4b1e-90fb-d3e35990f884:c8, 9fb16d77-47ad-4452-9caf-f9ff65d0025b:c8]
2019-08-10 04:06:10,993 INFO  client.GrpcClientProtocolClient (GrpcClientProtocolClient.java:onNext(255)) - client-50EDFA2679A6->1322933e-f801-4eab-8c61-7265168793c5: receive RaftClientReply:client-50EDFA2679A6->1322933e-f801-4eab-8c61-7265168793c5@group-48837B23B6DF, cid=16, SUCCESS, logIndex=5, commits[1322933e-f801-4eab-8c61-7265168793c5:c12, 6435028b-549c-4b1e-90fb-d3e35990f884:c8, 9fb16d77-47ad-4452-9caf-f9ff65d0025b:c8]
2019-08-10 04:06:10,994 INFO  client.GrpcClientProtocolClient (GrpcClientProtocolClient.java:onNext(255)) - client-50EDFA2679A6->1322933e-f801-4eab-8c61-7265168793c5: receive RaftClientReply:client-50EDFA2679A6->1322933e-f801-4eab-8c61-7265168793c5@group-48837B23B6DF, cid=17, SUCCESS, logIndex=6, commits[1322933e-f801-4eab-8c61-7265168793c5:c12, 6435028b-549c-4b1e-90fb-d3e35990f884:c8, 9fb16d77-47ad-4452-9caf-f9ff65d0025b:c8]
2019-08-10 04:06:11,070 INFO  client.GrpcClientProtocolClient (GrpcClientProtocolClient.java:onNext(255)) - client-50EDFA2679A6->1322933e-f801-4eab-8c61-7265168793c5: receive RaftClientReply:client-50EDFA2679A6->1322933e-f801-4eab-8c61-7265168793c5@group-48837B23B6DF, cid=18, SUCCESS, logIndex=7, commits[1322933e-f801-4eab-8c61-7265168793c5:c12, 6435028b-549c-4b1e-90fb-d3e35990f884:c8, 9fb16d77-47ad-4452-9caf-f9ff65d0025b:c8]
2019-08-10 04:06:11,107 INFO  client.GrpcClientProtocolClient (GrpcClientProtocolClient.java:onNext(255)) - client-50EDFA2679A6->1322933e-f801-4eab-8c61-7265168793c5: receive RaftClientReply:client-50EDFA2679A6->1322933e-f801-4eab-8c61-7265168793c5@group-48837B23B6DF, cid=19, SUCCESS, logIndex=13, commits[1322933e-f801-4eab-8c61-7265168793c5:c13, 6435028b-549c-4b1e-90fb-d3e35990f884:c12, 9fb16d77-47ad-4452-9caf-f9ff65d0025b:c12]
2019-08-10 04:06:11,116 INFO  client.GrpcClientProtocolClient (GrpcClientProtocolClient.java:onNext(255)) - client-50EDFA2679A6->1322933e-f801-4eab-8c61-7265168793c5: receive RaftClientReply:client-50EDFA2679A6->1322933e-f801-4eab-8c61-7265168793c5@group-48837B23B6DF, cid=20, SUCCESS, logIndex=14, commits[1322933e-f801-4eab-8c61-7265168793c5:c14, 6435028b-549c-4b1e-90fb-d3e35990f884:c12, 9fb16d77-47ad-4452-9caf-f9ff65d0025b:c12]
2019-08-10 04:06:12,133 WARN  scm.XceiverClientRatis (XceiverClientRatis.java:watchForCommit(262)) - 3 way commit failed on pipeline Pipeline[ Id: 3a390ac0-3965-404e-98c3-48837b23b6df, Nodes: 1322933e-f801-4eab-8c61-7265168793c5{ip: 192.168.157.255, host: byscane-nightly-wggqd-62853239, networkLocation: /default-rack, certSerialId: null}6435028b-549c-4b1e-90fb-d3e35990f884{ip: 192.168.157.255, host: byscane-nightly-wggqd-62853239, networkLocation: /default-rack, certSerialId: null}9fb16d77-47ad-4452-9caf-f9ff65d0025b{ip: 192.168.157.255, host: byscane-nightly-wggqd-62853239, networkLocation: /default-rack, certSerialId: null}, Type:RATIS, Factor:THREE, State:OPEN]
java.util.concurrent.TimeoutException
	at java.util.concurrent.CompletableFuture.timedGet(CompletableFuture.java:1771)
	at java.util.concurrent.CompletableFuture.get(CompletableFuture.java:1915)
	at org.apache.hadoop.hdds.scm.XceiverClientRatis.watchForCommit(XceiverClientRatis.java:259)
	at org.apache.hadoop.hdds.scm.storage.CommitWatcher.watchForCommit(CommitWatcher.java:194)
	at org.apache.hadoop.hdds.scm.storage.CommitWatcher.watchOnLastIndex(CommitWatcher.java:157)
	at org.apache.hadoop.hdds.scm.storage.BlockOutputStream.watchForCommit(BlockOutputStream.java:347)
	at org.apache.hadoop.hdds.scm.storage.BlockOutputStream.handleFlush(BlockOutputStream.java:479)
	at org.apache.hadoop.hdds.scm.storage.BlockOutputStream.flush(BlockOutputStream.java:428)
	at org.apache.hadoop.ozone.client.io.BlockOutputStreamEntry.flush(BlockOutputStreamEntry.java:136)
	at org.apache.hadoop.ozone.client.io.KeyOutputStream.handleFlushOrClose(KeyOutputStream.java:442)
	at org.apache.hadoop.ozone.client.io.KeyOutputStream.flush(KeyOutputStream.java:396)
	at org.apache.hadoop.ozone.client.io.OzoneOutputStream.flush(OzoneOutputStream.java:54)
	at org.apache.hadoop.ozone.client.rpc.TestBlockOutputStreamWithFailures.test2DatanodesFailure(TestBlockOutputStreamWithFailures.java:461)
	at sun.reflect.NativeMethodAccessorImpl.invoke0(Native Method)
	at sun.reflect.NativeMethodAccessorImpl.invoke(NativeMethodAccessorImpl.java:62)
	at sun.reflect.DelegatingMethodAccessorImpl.invoke(DelegatingMethodAccessorImpl.java:43)
	at java.lang.reflect.Method.invoke(Method.java:498)
	at org.junit.runners.model.FrameworkMethod$1.runReflectiveCall(FrameworkMethod.java:47)
	at org.junit.internal.runners.model.ReflectiveCallable.run(ReflectiveCallable.java:12)
	at org.junit.runners.model.FrameworkMethod.invokeExplosively(FrameworkMethod.java:44)
	at org.junit.internal.runners.statements.InvokeMethod.evaluate(InvokeMethod.java:17)
	at org.junit.internal.runners.statements.RunBefores.evaluate(RunBefores.java:26)
	at org.junit.internal.runners.statements.RunAfters.evaluate(RunAfters.java:27)
	at org.junit.runners.ParentRunner.runLeaf(ParentRunner.java:271)
	at org.junit.runners.BlockJUnit4ClassRunner.runChild(BlockJUnit4ClassRunner.java:70)
	at org.junit.runners.BlockJUnit4ClassRunner.runChild(BlockJUnit4ClassRunner.java:50)
	at org.junit.runners.ParentRunner$3.run(ParentRunner.java:238)
	at org.junit.runners.ParentRunner$1.schedule(ParentRunner.java:63)
	at org.junit.runners.ParentRunner.runChildren(ParentRunner.java:236)
	at org.junit.runners.ParentRunner.access$000(ParentRunner.java:53)
	at org.junit.runners.ParentRunner$2.evaluate(ParentRunner.java:229)
	at org.junit.runners.ParentRunner.run(ParentRunner.java:309)
	at org.apache.maven.surefire.junit4.JUnit4Provider.execute(JUnit4Provider.java:365)
	at org.apache.maven.surefire.junit4.JUnit4Provider.executeWithRerun(JUnit4Provider.java:273)
	at org.apache.maven.surefire.junit4.JUnit4Provider.executeTestSet(JUnit4Provider.java:238)
	at org.apache.maven.surefire.junit4.JUnit4Provider.invoke(JUnit4Provider.java:159)
	at org.apache.maven.surefire.booter.ForkedBooter.invokeProviderInSameClassLoader(ForkedBooter.java:384)
	at org.apache.maven.surefire.booter.ForkedBooter.runSuitesInProcess(ForkedBooter.java:345)
	at org.apache.maven.surefire.booter.ForkedBooter.execute(ForkedBooter.java:126)
	at org.apache.maven.surefire.booter.ForkedBooter.main(ForkedBooter.java:418)
2019-08-10 04:06:13,137 WARN  storage.CommitWatcher (CommitWatcher.java:watchForCommit(203)) - watchForCommit failed for index 14
java.util.concurrent.TimeoutException
	at java.util.concurrent.CompletableFuture.timedGet(CompletableFuture.java:1771)
	at java.util.concurrent.CompletableFuture.get(CompletableFuture.java:1915)
	at org.apache.hadoop.hdds.scm.XceiverClientRatis.watchForCommit(XceiverClientRatis.java:268)
	at org.apache.hadoop.hdds.scm.storage.CommitWatcher.watchForCommit(CommitWatcher.java:194)
	at org.apache.hadoop.hdds.scm.storage.CommitWatcher.watchOnLastIndex(CommitWatcher.java:157)
	at org.apache.hadoop.hdds.scm.storage.BlockOutputStream.watchForCommit(BlockOutputStream.java:347)
	at org.apache.hadoop.hdds.scm.storage.BlockOutputStream.handleFlush(BlockOutputStream.java:479)
	at org.apache.hadoop.hdds.scm.storage.BlockOutputStream.flush(BlockOutputStream.java:428)
	at org.apache.hadoop.ozone.client.io.BlockOutputStreamEntry.flush(BlockOutputStreamEntry.java:136)
	at org.apache.hadoop.ozone.client.io.KeyOutputStream.handleFlushOrClose(KeyOutputStream.java:442)
	at org.apache.hadoop.ozone.client.io.KeyOutputStream.flush(KeyOutputStream.java:396)
	at org.apache.hadoop.ozone.client.io.OzoneOutputStream.flush(OzoneOutputStream.java:54)
	at org.apache.hadoop.ozone.client.rpc.TestBlockOutputStreamWithFailures.test2DatanodesFailure(TestBlockOutputStreamWithFailures.java:461)
	at sun.reflect.NativeMethodAccessorImpl.invoke0(Native Method)
	at sun.reflect.NativeMethodAccessorImpl.invoke(NativeMethodAccessorImpl.java:62)
	at sun.reflect.DelegatingMethodAccessorImpl.invoke(DelegatingMethodAccessorImpl.java:43)
	at java.lang.reflect.Method.invoke(Method.java:498)
	at org.junit.runners.model.FrameworkMethod$1.runReflectiveCall(FrameworkMethod.java:47)
	at org.junit.internal.runners.model.ReflectiveCallable.run(ReflectiveCallable.java:12)
	at org.junit.runners.model.FrameworkMethod.invokeExplosively(FrameworkMethod.java:44)
	at org.junit.internal.runners.statements.InvokeMethod.evaluate(InvokeMethod.java:17)
	at org.junit.internal.runners.statements.RunBefores.evaluate(RunBefores.java:26)
	at org.junit.internal.runners.statements.RunAfters.evaluate(RunAfters.java:27)
	at org.junit.runners.ParentRunner.runLeaf(ParentRunner.java:271)
	at org.junit.runners.BlockJUnit4ClassRunner.runChild(BlockJUnit4ClassRunner.java:70)
	at org.junit.runners.BlockJUnit4ClassRunner.runChild(BlockJUnit4ClassRunner.java:50)
	at org.junit.runners.ParentRunner$3.run(ParentRunner.java:238)
	at org.junit.runners.ParentRunner$1.schedule(ParentRunner.java:63)
	at org.junit.runners.ParentRunner.runChildren(ParentRunner.java:236)
	at org.junit.runners.ParentRunner.access$000(ParentRunner.java:53)
	at org.junit.runners.ParentRunner$2.evaluate(ParentRunner.java:229)
	at org.junit.runners.ParentRunner.run(ParentRunner.java:309)
	at org.apache.maven.surefire.junit4.JUnit4Provider.execute(JUnit4Provider.java:365)
	at org.apache.maven.surefire.junit4.JUnit4Provider.executeWithRerun(JUnit4Provider.java:273)
	at org.apache.maven.surefire.junit4.JUnit4Provider.executeTestSet(JUnit4Provider.java:238)
	at org.apache.maven.surefire.junit4.JUnit4Provider.invoke(JUnit4Provider.java:159)
	at org.apache.maven.surefire.booter.ForkedBooter.invokeProviderInSameClassLoader(ForkedBooter.java:384)
	at org.apache.maven.surefire.booter.ForkedBooter.runSuitesInProcess(ForkedBooter.java:345)
	at org.apache.maven.surefire.booter.ForkedBooter.execute(ForkedBooter.java:126)
	at org.apache.maven.surefire.booter.ForkedBooter.main(ForkedBooter.java:418)
2019-08-10 04:06:13,139 WARN  io.KeyOutputStream (KeyOutputStream.java:handleException(276)) - Encountered exception java.io.IOException: Unexpected Storage Container Exception: java.io.IOException: Unexpected Storage Container Exception: java.util.concurrent.TimeoutException on the pipeline Pipeline[ Id: 3a390ac0-3965-404e-98c3-48837b23b6df, Nodes: 1322933e-f801-4eab-8c61-7265168793c5{ip: 192.168.157.255, host: byscane-nightly-wggqd-62853239, networkLocation: /default-rack, certSerialId: null}6435028b-549c-4b1e-90fb-d3e35990f884{ip: 192.168.157.255, host: byscane-nightly-wggqd-62853239, networkLocation: /default-rack, certSerialId: null}9fb16d77-47ad-4452-9caf-f9ff65d0025b{ip: 192.168.157.255, host: byscane-nightly-wggqd-62853239, networkLocation: /default-rack, certSerialId: null}, Type:RATIS, Factor:THREE, State:OPEN]. The last committed block length is 400, uncommitted data length is 50 retry count 0
2019-08-10 04:06:13,182 INFO  client.GrpcClientProtocolClient (GrpcClientProtocolClient.java:onNext(255)) - client-E2FC32F3721A->fcb47271-f594-42f2-9d06-9675c1177c5f: receive RaftClientReply:client-E2FC32F3721A->fcb47271-f594-42f2-9d06-9675c1177c5f@group-6B8376B46891, cid=23, FAILED org.apache.ratis.protocol.NotLeaderException: Server fcb47271-f594-42f2-9d06-9675c1177c5f is not the leader (null). Request must be sent to leader., logIndex=0, commits[fcb47271-f594-42f2-9d06-9675c1177c5f:c-1]
2019-08-10 04:06:13,628 INFO  client.GrpcClientProtocolClient (GrpcClientProtocolClient.java:onNext(255)) - client-50EDFA2679A6->1322933e-f801-4eab-8c61-7265168793c5: receive RaftClientReply:client-50EDFA2679A6->1322933e-f801-4eab-8c61-7265168793c5@group-48837B23B6DF, cid=22, SUCCESS, logIndex=0, commits[1322933e-f801-4eab-8c61-7265168793c5:c16, 6435028b-549c-4b1e-90fb-d3e35990f884:c16, 9fb16d77-47ad-4452-9caf-f9ff65d0025b:c13]
2019-08-10 04:06:13,629 INFO  client.GrpcClientProtocolClient (GrpcClientProtocolClient.java:onNext(255)) - client-50EDFA2679A6->1322933e-f801-4eab-8c61-7265168793c5: receive RaftClientReply:client-50EDFA2679A6->1322933e-f801-4eab-8c61-7265168793c5@group-48837B23B6DF, cid=21, SUCCESS, logIndex=0, commits[1322933e-f801-4eab-8c61-7265168793c5:c16, 6435028b-549c-4b1e-90fb-d3e35990f884:c16, 9fb16d77-47ad-4452-9caf-f9ff65d0025b:c16]
2019-08-10 04:06:14,217 INFO  client.GrpcClientProtocolClient (GrpcClientProtocolClient.java:onNext(255)) - client-E2FC32F3721A->cb9f76f9-cb80-4305-b09a-f3a7410878f9: receive RaftClientReply:client-E2FC32F3721A->cb9f76f9-cb80-4305-b09a-f3a7410878f9@group-6B8376B46891, cid=23, FAILED org.apache.ratis.protocol.NotLeaderException: Server cb9f76f9-cb80-4305-b09a-f3a7410878f9 is not the leader (null). Request must be sent to leader., logIndex=0, commits[cb9f76f9-cb80-4305-b09a-f3a7410878f9:c-1]
2019-08-10 04:06:15,241 INFO  client.GrpcClientProtocolClient (GrpcClientProtocolClient.java:onNext(255)) - client-E2FC32F3721A->f94c1b2c-6457-4bd4-b145-0da877ce7d7a: receive RaftClientReply:client-E2FC32F3721A->f94c1b2c-6457-4bd4-b145-0da877ce7d7a@group-6B8376B46891, cid=23, FAILED org.apache.ratis.protocol.NotLeaderException: Server f94c1b2c-6457-4bd4-b145-0da877ce7d7a is not the leader (null). Request must be sent to leader., logIndex=0, commits[f94c1b2c-6457-4bd4-b145-0da877ce7d7a:c-1]
2019-08-10 04:06:15,311 INFO  impl.FollowerState (FollowerState.java:run(106)) - fcb47271-f594-42f2-9d06-9675c1177c5f:group-6B8376B46891 changes to CANDIDATE, lastRpcTime:5031, electionTimeout:5029ms
2019-08-10 04:06:15,311 INFO  impl.RoleInfo (RoleInfo.java:shutdownFollowerState(121)) - fcb47271-f594-42f2-9d06-9675c1177c5f: shutdown FollowerState
2019-08-10 04:06:15,311 INFO  impl.RaftServerImpl (RaftServerImpl.java:setRole(171)) - fcb47271-f594-42f2-9d06-9675c1177c5f:group-6B8376B46891 changes role from FOLLOWER to CANDIDATE at term 1 for changeToCandidate
2019-08-10 04:06:15,311 INFO  impl.RoleInfo (RoleInfo.java:updateAndGet(143)) - fcb47271-f594-42f2-9d06-9675c1177c5f: start LeaderElection
2019-08-10 04:06:15,457 INFO  impl.FollowerState (FollowerState.java:run(106)) - cb9f76f9-cb80-4305-b09a-f3a7410878f9:group-6B8376B46891 changes to CANDIDATE, lastRpcTime:5127, electionTimeout:5127ms
2019-08-10 04:06:15,458 INFO  impl.RoleInfo (RoleInfo.java:shutdownFollowerState(121)) - cb9f76f9-cb80-4305-b09a-f3a7410878f9: shutdown FollowerState
2019-08-10 04:06:15,458 INFO  impl.RaftServerImpl (RaftServerImpl.java:setRole(171)) - cb9f76f9-cb80-4305-b09a-f3a7410878f9:group-6B8376B46891 changes role from FOLLOWER to CANDIDATE at term 1 for changeToCandidate
2019-08-10 04:06:15,458 INFO  impl.RoleInfo (RoleInfo.java:updateAndGet(143)) - cb9f76f9-cb80-4305-b09a-f3a7410878f9: start LeaderElection
2019-08-10 04:06:15,530 INFO  impl.FollowerState (FollowerState.java:run(106)) - f94c1b2c-6457-4bd4-b145-0da877ce7d7a:group-6B8376B46891 changes to CANDIDATE, lastRpcTime:5218, electionTimeout:5200ms
2019-08-10 04:06:15,530 INFO  impl.RoleInfo (RoleInfo.java:shutdownFollowerState(121)) - f94c1b2c-6457-4bd4-b145-0da877ce7d7a: shutdown FollowerState
2019-08-10 04:06:15,530 INFO  impl.RaftServerImpl (RaftServerImpl.java:setRole(171)) - f94c1b2c-6457-4bd4-b145-0da877ce7d7a:group-6B8376B46891 changes role from FOLLOWER to CANDIDATE at term 1 for changeToCandidate
2019-08-10 04:06:15,531 INFO  impl.RoleInfo (RoleInfo.java:updateAndGet(143)) - f94c1b2c-6457-4bd4-b145-0da877ce7d7a: start LeaderElection
2019-08-10 04:06:15,628 INFO  impl.LeaderElection (LeaderElection.java:askForVotes(181)) - f94c1b2c-6457-4bd4-b145-0da877ce7d7a:group-6B8376B46891:LeaderElection15: begin an election at term 2 for -1: [fcb47271-f594-42f2-9d06-9675c1177c5f:192.168.157.255:38678, cb9f76f9-cb80-4305-b09a-f3a7410878f9:192.168.157.255:34703, f94c1b2c-6457-4bd4-b145-0da877ce7d7a:192.168.157.255:37672], old=null
2019-08-10 04:06:15,628 INFO  impl.LeaderElection (LeaderElection.java:askForVotes(181)) - fcb47271-f594-42f2-9d06-9675c1177c5f:group-6B8376B46891:LeaderElection13: begin an election at term 2 for -1: [fcb47271-f594-42f2-9d06-9675c1177c5f:192.168.157.255:38678, cb9f76f9-cb80-4305-b09a-f3a7410878f9:192.168.157.255:34703, f94c1b2c-6457-4bd4-b145-0da877ce7d7a:192.168.157.255:37672], old=null
2019-08-10 04:06:15,628 INFO  impl.LeaderElection (LeaderElection.java:askForVotes(181)) - cb9f76f9-cb80-4305-b09a-f3a7410878f9:group-6B8376B46891:LeaderElection14: begin an election at term 2 for -1: [fcb47271-f594-42f2-9d06-9675c1177c5f:192.168.157.255:38678, cb9f76f9-cb80-4305-b09a-f3a7410878f9:192.168.157.255:34703, f94c1b2c-6457-4bd4-b145-0da877ce7d7a:192.168.157.255:37672], old=null
2019-08-10 04:06:15,649 INFO  impl.LeaderElection (LeaderElection.java:logAndReturn(56)) - cb9f76f9-cb80-4305-b09a-f3a7410878f9:group-6B8376B46891:LeaderElection14: Election REJECTED; received 2 response(s) [cb9f76f9-cb80-4305-b09a-f3a7410878f9<-fcb47271-f594-42f2-9d06-9675c1177c5f#0:FAIL-t2, cb9f76f9-cb80-4305-b09a-f3a7410878f9<-f94c1b2c-6457-4bd4-b145-0da877ce7d7a#0:FAIL-t2] and 0 exception(s); cb9f76f9-cb80-4305-b09a-f3a7410878f9:t2, leader=null, voted=cb9f76f9-cb80-4305-b09a-f3a7410878f9, raftlog=cb9f76f9-cb80-4305-b09a-f3a7410878f9-SegmentedRaftLog:OPENED:c-1,f-1,i0, conf=-1: [fcb47271-f594-42f2-9d06-9675c1177c5f:192.168.157.255:38678, cb9f76f9-cb80-4305-b09a-f3a7410878f9:192.168.157.255:34703, f94c1b2c-6457-4bd4-b145-0da877ce7d7a:192.168.157.255:37672], old=null
2019-08-10 04:06:15,649 INFO  impl.RaftServerImpl (RaftServerImpl.java:setRole(171)) - cb9f76f9-cb80-4305-b09a-f3a7410878f9:group-6B8376B46891 changes role from CANDIDATE to FOLLOWER at term 2 for DISCOVERED_A_NEW_TERM
2019-08-10 04:06:15,649 INFO  impl.RoleInfo (RoleInfo.java:shutdownLeaderElection(134)) - cb9f76f9-cb80-4305-b09a-f3a7410878f9: shutdown LeaderElection
2019-08-10 04:06:15,652 INFO  impl.RoleInfo (RoleInfo.java:updateAndGet(143)) - cb9f76f9-cb80-4305-b09a-f3a7410878f9: start FollowerState
2019-08-10 04:06:15,655 INFO  impl.LeaderElection (LeaderElection.java:logAndReturn(56)) - fcb47271-f594-42f2-9d06-9675c1177c5f:group-6B8376B46891:LeaderElection13: Election REJECTED; received 2 response(s) [fcb47271-f594-42f2-9d06-9675c1177c5f<-cb9f76f9-cb80-4305-b09a-f3a7410878f9#0:FAIL-t2, fcb47271-f594-42f2-9d06-9675c1177c5f<-f94c1b2c-6457-4bd4-b145-0da877ce7d7a#0:FAIL-t2] and 0 exception(s); fcb47271-f594-42f2-9d06-9675c1177c5f:t2, leader=null, voted=fcb47271-f594-42f2-9d06-9675c1177c5f, raftlog=fcb47271-f594-42f2-9d06-9675c1177c5f-SegmentedRaftLog:OPENED:c-1,f-1,i0, conf=-1: [fcb47271-f594-42f2-9d06-9675c1177c5f:192.168.157.255:38678, cb9f76f9-cb80-4305-b09a-f3a7410878f9:192.168.157.255:34703, f94c1b2c-6457-4bd4-b145-0da877ce7d7a:192.168.157.255:37672], old=null
2019-08-10 04:06:15,657 INFO  impl.RaftServerImpl (RaftServerImpl.java:setRole(171)) - fcb47271-f594-42f2-9d06-9675c1177c5f:group-6B8376B46891 changes role from CANDIDATE to FOLLOWER at term 2 for DISCOVERED_A_NEW_TERM
2019-08-10 04:06:15,659 INFO  impl.RoleInfo (RoleInfo.java:shutdownLeaderElection(134)) - fcb47271-f594-42f2-9d06-9675c1177c5f: shutdown LeaderElection
2019-08-10 04:06:15,660 INFO  impl.RoleInfo (RoleInfo.java:updateAndGet(143)) - fcb47271-f594-42f2-9d06-9675c1177c5f: start FollowerState
2019-08-10 04:06:15,660 INFO  impl.LeaderElection (LeaderElection.java:logAndReturn(56)) - f94c1b2c-6457-4bd4-b145-0da877ce7d7a:group-6B8376B46891:LeaderElection15: Election REJECTED; received 2 response(s) [f94c1b2c-6457-4bd4-b145-0da877ce7d7a<-fcb47271-f594-42f2-9d06-9675c1177c5f#0:FAIL-t2, f94c1b2c-6457-4bd4-b145-0da877ce7d7a<-cb9f76f9-cb80-4305-b09a-f3a7410878f9#0:FAIL-t2] and 0 exception(s); f94c1b2c-6457-4bd4-b145-0da877ce7d7a:t2, leader=null, voted=f94c1b2c-6457-4bd4-b145-0da877ce7d7a, raftlog=f94c1b2c-6457-4bd4-b145-0da877ce7d7a-SegmentedRaftLog:OPENED:c-1,f-1,i0, conf=-1: [fcb47271-f594-42f2-9d06-9675c1177c5f:192.168.157.255:38678, cb9f76f9-cb80-4305-b09a-f3a7410878f9:192.168.157.255:34703, f94c1b2c-6457-4bd4-b145-0da877ce7d7a:192.168.157.255:37672], old=null
2019-08-10 04:06:15,664 INFO  impl.RaftServerImpl (RaftServerImpl.java:setRole(171)) - f94c1b2c-6457-4bd4-b145-0da877ce7d7a:group-6B8376B46891 changes role from CANDIDATE to FOLLOWER at term 2 for DISCOVERED_A_NEW_TERM
2019-08-10 04:06:15,667 INFO  impl.RoleInfo (RoleInfo.java:shutdownLeaderElection(134)) - f94c1b2c-6457-4bd4-b145-0da877ce7d7a: shutdown LeaderElection
2019-08-10 04:06:15,667 INFO  impl.RoleInfo (RoleInfo.java:updateAndGet(143)) - f94c1b2c-6457-4bd4-b145-0da877ce7d7a: start FollowerState
2019-08-10 04:06:16,270 INFO  client.GrpcClientProtocolClient (GrpcClientProtocolClient.java:onNext(255)) - client-E2FC32F3721A->cb9f76f9-cb80-4305-b09a-f3a7410878f9: receive RaftClientReply:client-E2FC32F3721A->cb9f76f9-cb80-4305-b09a-f3a7410878f9@group-6B8376B46891, cid=23, FAILED org.apache.ratis.protocol.NotLeaderException: Server cb9f76f9-cb80-4305-b09a-f3a7410878f9 is not the leader (null). Request must be sent to leader., logIndex=0, commits[cb9f76f9-cb80-4305-b09a-f3a7410878f9:c-1]
2019-08-10 04:06:17,302 INFO  client.GrpcClientProtocolClient (GrpcClientProtocolClient.java:onNext(255)) - client-E2FC32F3721A->f94c1b2c-6457-4bd4-b145-0da877ce7d7a: receive RaftClientReply:client-E2FC32F3721A->f94c1b2c-6457-4bd4-b145-0da877ce7d7a@group-6B8376B46891, cid=23, FAILED org.apache.ratis.protocol.NotLeaderException: Server f94c1b2c-6457-4bd4-b145-0da877ce7d7a is not the leader (null). Request must be sent to leader., logIndex=0, commits[f94c1b2c-6457-4bd4-b145-0da877ce7d7a:c-1]
2019-08-10 04:06:18,331 INFO  client.GrpcClientProtocolClient (GrpcClientProtocolClient.java:onNext(255)) - client-E2FC32F3721A->fcb47271-f594-42f2-9d06-9675c1177c5f: receive RaftClientReply:client-E2FC32F3721A->fcb47271-f594-42f2-9d06-9675c1177c5f@group-6B8376B46891, cid=23, FAILED org.apache.ratis.protocol.NotLeaderException: Server fcb47271-f594-42f2-9d06-9675c1177c5f is not the leader (null). Request must be sent to leader., logIndex=0, commits[fcb47271-f594-42f2-9d06-9675c1177c5f:c-1]
2019-08-10 04:06:19,356 INFO  client.GrpcClientProtocolClient (GrpcClientProtocolClient.java:onNext(255)) - client-E2FC32F3721A->cb9f76f9-cb80-4305-b09a-f3a7410878f9: receive RaftClientReply:client-E2FC32F3721A->cb9f76f9-cb80-4305-b09a-f3a7410878f9@group-6B8376B46891, cid=23, FAILED org.apache.ratis.protocol.NotLeaderException: Server cb9f76f9-cb80-4305-b09a-f3a7410878f9 is not the leader (null). Request must be sent to leader., logIndex=0, commits[cb9f76f9-cb80-4305-b09a-f3a7410878f9:c-1]
2019-08-10 04:06:20,382 INFO  client.GrpcClientProtocolClient (GrpcClientProtocolClient.java:onNext(255)) - client-E2FC32F3721A->f94c1b2c-6457-4bd4-b145-0da877ce7d7a: receive RaftClientReply:client-E2FC32F3721A->f94c1b2c-6457-4bd4-b145-0da877ce7d7a@group-6B8376B46891, cid=23, FAILED org.apache.ratis.protocol.NotLeaderException: Server f94c1b2c-6457-4bd4-b145-0da877ce7d7a is not the leader (null). Request must be sent to leader., logIndex=0, commits[f94c1b2c-6457-4bd4-b145-0da877ce7d7a:c-1]
2019-08-10 04:06:20,746 INFO  impl.FollowerState (FollowerState.java:run(106)) - f94c1b2c-6457-4bd4-b145-0da877ce7d7a:group-6B8376B46891 changes to CANDIDATE, lastRpcTime:5078, electionTimeout:5076ms
2019-08-10 04:06:20,746 INFO  impl.RoleInfo (RoleInfo.java:shutdownFollowerState(121)) - f94c1b2c-6457-4bd4-b145-0da877ce7d7a: shutdown FollowerState
2019-08-10 04:06:20,746 INFO  impl.RaftServerImpl (RaftServerImpl.java:setRole(171)) - f94c1b2c-6457-4bd4-b145-0da877ce7d7a:group-6B8376B46891 changes role from FOLLOWER to CANDIDATE at term 2 for changeToCandidate
2019-08-10 04:06:20,746 INFO  impl.RoleInfo (RoleInfo.java:updateAndGet(143)) - f94c1b2c-6457-4bd4-b145-0da877ce7d7a: start LeaderElection
2019-08-10 04:06:20,764 INFO  impl.LeaderElection (LeaderElection.java:askForVotes(181)) - f94c1b2c-6457-4bd4-b145-0da877ce7d7a:group-6B8376B46891:LeaderElection16: begin an election at term 3 for -1: [fcb47271-f594-42f2-9d06-9675c1177c5f:192.168.157.255:38678, cb9f76f9-cb80-4305-b09a-f3a7410878f9:192.168.157.255:34703, f94c1b2c-6457-4bd4-b145-0da877ce7d7a:192.168.157.255:37672], old=null
2019-08-10 04:06:20,770 INFO  impl.RaftServerImpl (RaftServerImpl.java:setRole(171)) - cb9f76f9-cb80-4305-b09a-f3a7410878f9:group-6B8376B46891 changes role from FOLLOWER to FOLLOWER at term 3 for recognizeCandidate:f94c1b2c-6457-4bd4-b145-0da877ce7d7a
2019-08-10 04:06:20,770 INFO  impl.RaftServerImpl (RaftServerImpl.java:setRole(171)) - fcb47271-f594-42f2-9d06-9675c1177c5f:group-6B8376B46891 changes role from FOLLOWER to FOLLOWER at term 3 for recognizeCandidate:f94c1b2c-6457-4bd4-b145-0da877ce7d7a
2019-08-10 04:06:20,770 INFO  impl.RoleInfo (RoleInfo.java:shutdownFollowerState(121)) - cb9f76f9-cb80-4305-b09a-f3a7410878f9: shutdown FollowerState
2019-08-10 04:06:20,770 INFO  impl.RoleInfo (RoleInfo.java:shutdownFollowerState(121)) - fcb47271-f594-42f2-9d06-9675c1177c5f: shutdown FollowerState
2019-08-10 04:06:20,771 INFO  impl.RoleInfo (RoleInfo.java:updateAndGet(143)) - cb9f76f9-cb80-4305-b09a-f3a7410878f9: start FollowerState
2019-08-10 04:06:20,771 INFO  impl.FollowerState (FollowerState.java:run(114)) - fcb47271-f594-42f2-9d06-9675c1177c5f: FollowerState was interrupted: java.lang.InterruptedException: sleep interrupted
2019-08-10 04:06:20,771 INFO  impl.RoleInfo (RoleInfo.java:updateAndGet(143)) - fcb47271-f594-42f2-9d06-9675c1177c5f: start FollowerState
2019-08-10 04:06:20,771 INFO  impl.FollowerState (FollowerState.java:run(114)) - cb9f76f9-cb80-4305-b09a-f3a7410878f9: FollowerState was interrupted: java.lang.InterruptedException: sleep interrupted
2019-08-10 04:06:20,792 INFO  impl.LeaderElection (LeaderElection.java:logAndReturn(56)) - f94c1b2c-6457-4bd4-b145-0da877ce7d7a:group-6B8376B46891:LeaderElection16: Election PASSED; received 1 response(s) [f94c1b2c-6457-4bd4-b145-0da877ce7d7a<-fcb47271-f594-42f2-9d06-9675c1177c5f#0:OK-t3] and 0 exception(s); f94c1b2c-6457-4bd4-b145-0da877ce7d7a:t3, leader=null, voted=f94c1b2c-6457-4bd4-b145-0da877ce7d7a, raftlog=f94c1b2c-6457-4bd4-b145-0da877ce7d7a-SegmentedRaftLog:OPENED:c-1,f-1,i0, conf=-1: [fcb47271-f594-42f2-9d06-9675c1177c5f:192.168.157.255:38678, cb9f76f9-cb80-4305-b09a-f3a7410878f9:192.168.157.255:34703, f94c1b2c-6457-4bd4-b145-0da877ce7d7a:192.168.157.255:37672], old=null
2019-08-10 04:06:20,792 INFO  impl.RoleInfo (RoleInfo.java:shutdownLeaderElection(134)) - f94c1b2c-6457-4bd4-b145-0da877ce7d7a: shutdown LeaderElection
2019-08-10 04:06:20,793 INFO  impl.RaftServerImpl (RaftServerImpl.java:setRole(171)) - f94c1b2c-6457-4bd4-b145-0da877ce7d7a:group-6B8376B46891 changes role from CANDIDATE to LEADER at term 3 for changeToLeader
2019-08-10 04:06:20,795 INFO  impl.RaftServerImpl (ServerState.java:setLeader(263)) - f94c1b2c-6457-4bd4-b145-0da877ce7d7a:group-6B8376B46891 change Leader from null to f94c1b2c-6457-4bd4-b145-0da877ce7d7a at term 3 for becomeLeader, leader elected after 15666ms
2019-08-10 04:06:20,795 INFO  server.RaftServerConfigKeys (ConfUtils.java:logGet(43)) - raft.server.staging.catchup.gap = 1000 (default)
2019-08-10 04:06:20,795 INFO  server.RaftServerConfigKeys (ConfUtils.java:logGet(43)) - raft.server.rpc.sleep.time = 25ms (default)
2019-08-10 04:06:20,796 INFO  server.RaftServerConfigKeys (ConfUtils.java:logGet(43)) - raft.server.write.element-limit = 4096 (default)
2019-08-10 04:06:20,796 INFO  server.RaftServerConfigKeys (ConfUtils.java:logGet(43)) - raft.server.watch.timeout = 10s (default)
2019-08-10 04:06:20,796 INFO  server.RaftServerConfigKeys (ConfUtils.java:logGet(43)) - raft.server.watch.timeout.denomination = 1s (default)
2019-08-10 04:06:20,796 INFO  server.RaftServerConfigKeys (ConfUtils.java:logGet(43)) - raft.server.watch.element-limit = 65536 (default)
2019-08-10 04:06:20,797 INFO  server.RaftServerConfigKeys (ConfUtils.java:logGet(43)) - raft.server.log.appender.snapshot.chunk.size.max = 16MB (=16777216) (default)
2019-08-10 04:06:20,797 INFO  server.RaftServerConfigKeys (ConfUtils.java:logGet(43)) - raft.server.log.appender.buffer.byte-limit = 33554432 (custom)
2019-08-10 04:06:20,797 INFO  server.RaftServerConfigKeys (ConfUtils.java:logGet(43)) - raft.server.log.appender.buffer.element-limit = 1 (custom)
2019-08-10 04:06:20,797 INFO  grpc.GrpcConfigKeys$Server (ConfUtils.java:logGet(43)) - raft.grpc.server.leader.outstanding.appends.max = 128 (default)
2019-08-10 04:06:20,798 INFO  server.RaftServerConfigKeys (ConfUtils.java:logGet(43)) - raft.server.rpc.request.timeout = 3000ms (default)
2019-08-10 04:06:20,798 INFO  server.RaftServerConfigKeys (ConfUtils.java:logGet(43)) - raft.server.log.appender.install.snapshot.enabled = false (custom)
2019-08-10 04:06:20,798 INFO  server.RaftServerConfigKeys (ConfUtils.java:logGet(43)) - raft.server.log.appender.snapshot.chunk.size.max = 16MB (=16777216) (default)
2019-08-10 04:06:20,798 INFO  server.RaftServerConfigKeys (ConfUtils.java:logGet(43)) - raft.server.log.appender.buffer.byte-limit = 33554432 (custom)
2019-08-10 04:06:20,799 INFO  server.RaftServerConfigKeys (ConfUtils.java:logGet(43)) - raft.server.log.appender.buffer.element-limit = 1 (custom)
2019-08-10 04:06:20,799 INFO  grpc.GrpcConfigKeys$Server (ConfUtils.java:logGet(43)) - raft.grpc.server.leader.outstanding.appends.max = 128 (default)
2019-08-10 04:06:20,799 INFO  server.RaftServerConfigKeys (ConfUtils.java:logGet(43)) - raft.server.rpc.request.timeout = 3000ms (default)
2019-08-10 04:06:20,799 INFO  server.RaftServerConfigKeys (ConfUtils.java:logGet(43)) - raft.server.log.appender.install.snapshot.enabled = false (custom)
2019-08-10 04:06:20,800 INFO  impl.RoleInfo (RoleInfo.java:updateAndGet(143)) - f94c1b2c-6457-4bd4-b145-0da877ce7d7a: start LeaderState
2019-08-10 04:06:20,800 INFO  segmented.SegmentedRaftLogWorker (SegmentedRaftLogWorker.java:startLogSegment(380)) - f94c1b2c-6457-4bd4-b145-0da877ce7d7a-SegmentedRaftLogWorker:Storage Directory /workdir/hadoop-ozone/integration-test/target/test-dir/MiniOzoneClusterImpl-78319399-da6d-4099-9cd6-4b429a1af7e9/datanode-1/data/ratis/cc019761-82b1-488c-a0c8-6b8376b46891: Starting segment from index:0
2019-08-10 04:06:20,801 INFO  impl.RaftServerImpl (ServerState.java:setRaftConf(361)) - f94c1b2c-6457-4bd4-b145-0da877ce7d7a:group-6B8376B46891 set configuration 0: [fcb47271-f594-42f2-9d06-9675c1177c5f:192.168.157.255:38678, cb9f76f9-cb80-4305-b09a-f3a7410878f9:192.168.157.255:34703, f94c1b2c-6457-4bd4-b145-0da877ce7d7a:192.168.157.255:37672], old=null at 0
2019-08-10 04:06:20,823 INFO  impl.RaftServerImpl (ServerState.java:setLeader(263)) - cb9f76f9-cb80-4305-b09a-f3a7410878f9:group-6B8376B46891 change Leader from null to f94c1b2c-6457-4bd4-b145-0da877ce7d7a at term 3 for appendEntries, leader elected after 15693ms
2019-08-10 04:06:20,825 INFO  impl.RaftServerImpl (ServerState.java:setLeader(263)) - fcb47271-f594-42f2-9d06-9675c1177c5f:group-6B8376B46891 change Leader from null to f94c1b2c-6457-4bd4-b145-0da877ce7d7a at term 3 for appendEntries, leader elected after 15694ms
2019-08-10 04:06:20,830 INFO  impl.RaftServerImpl (ServerState.java:setRaftConf(361)) - cb9f76f9-cb80-4305-b09a-f3a7410878f9:group-6B8376B46891 set configuration 0: [fcb47271-f594-42f2-9d06-9675c1177c5f:192.168.157.255:38678, cb9f76f9-cb80-4305-b09a-f3a7410878f9:192.168.157.255:34703, f94c1b2c-6457-4bd4-b145-0da877ce7d7a:192.168.157.255:37672], old=null at 0
2019-08-10 04:06:20,830 INFO  impl.RaftServerImpl (ServerState.java:setRaftConf(361)) - fcb47271-f594-42f2-9d06-9675c1177c5f:group-6B8376B46891 set configuration 0: [fcb47271-f594-42f2-9d06-9675c1177c5f:192.168.157.255:38678, cb9f76f9-cb80-4305-b09a-f3a7410878f9:192.168.157.255:34703, f94c1b2c-6457-4bd4-b145-0da877ce7d7a:192.168.157.255:37672], old=null at 0
2019-08-10 04:06:20,830 INFO  segmented.SegmentedRaftLogWorker (SegmentedRaftLogWorker.java:startLogSegment(380)) - cb9f76f9-cb80-4305-b09a-f3a7410878f9-SegmentedRaftLogWorker:Storage Directory /workdir/hadoop-ozone/integration-test/target/test-dir/MiniOzoneClusterImpl-78319399-da6d-4099-9cd6-4b429a1af7e9/datanode-2/data/ratis/cc019761-82b1-488c-a0c8-6b8376b46891: Starting segment from index:0
2019-08-10 04:06:20,830 INFO  segmented.SegmentedRaftLogWorker (SegmentedRaftLogWorker.java:startLogSegment(380)) - fcb47271-f594-42f2-9d06-9675c1177c5f-SegmentedRaftLogWorker:Storage Directory /workdir/hadoop-ozone/integration-test/target/test-dir/MiniOzoneClusterImpl-78319399-da6d-4099-9cd6-4b429a1af7e9/datanode-6/data/ratis/cc019761-82b1-488c-a0c8-6b8376b46891: Starting segment from index:0
2019-08-10 04:06:20,833 INFO  segmented.SegmentedRaftLogWorker (SegmentedRaftLogWorker.java:execute(569)) - f94c1b2c-6457-4bd4-b145-0da877ce7d7a-SegmentedRaftLogWorker:Storage Directory /workdir/hadoop-ozone/integration-test/target/test-dir/MiniOzoneClusterImpl-78319399-da6d-4099-9cd6-4b429a1af7e9/datanode-1/data/ratis/cc019761-82b1-488c-a0c8-6b8376b46891: created new log segment /workdir/hadoop-ozone/integration-test/target/test-dir/MiniOzoneClusterImpl-78319399-da6d-4099-9cd6-4b429a1af7e9/datanode-1/data/ratis/cc019761-82b1-488c-a0c8-6b8376b46891/current/log_inprogress_0
2019-08-10 04:06:20,861 INFO  segmented.SegmentedRaftLogWorker (SegmentedRaftLogWorker.java:execute(569)) - fcb47271-f594-42f2-9d06-9675c1177c5f-SegmentedRaftLogWorker:Storage Directory /workdir/hadoop-ozone/integration-test/target/test-dir/MiniOzoneClusterImpl-78319399-da6d-4099-9cd6-4b429a1af7e9/datanode-6/data/ratis/cc019761-82b1-488c-a0c8-6b8376b46891: created new log segment /workdir/hadoop-ozone/integration-test/target/test-dir/MiniOzoneClusterImpl-78319399-da6d-4099-9cd6-4b429a1af7e9/datanode-6/data/ratis/cc019761-82b1-488c-a0c8-6b8376b46891/current/log_inprogress_0
2019-08-10 04:06:20,861 INFO  segmented.SegmentedRaftLogWorker (SegmentedRaftLogWorker.java:execute(569)) - cb9f76f9-cb80-4305-b09a-f3a7410878f9-SegmentedRaftLogWorker:Storage Directory /workdir/hadoop-ozone/integration-test/target/test-dir/MiniOzoneClusterImpl-78319399-da6d-4099-9cd6-4b429a1af7e9/datanode-2/data/ratis/cc019761-82b1-488c-a0c8-6b8376b46891: created new log segment /workdir/hadoop-ozone/integration-test/target/test-dir/MiniOzoneClusterImpl-78319399-da6d-4099-9cd6-4b429a1af7e9/datanode-2/data/ratis/cc019761-82b1-488c-a0c8-6b8376b46891/current/log_inprogress_0
2019-08-10 04:06:21,405 INFO  client.GrpcClientProtocolClient (GrpcClientProtocolClient.java:onNext(255)) - client-E2FC32F3721A->cb9f76f9-cb80-4305-b09a-f3a7410878f9: receive RaftClientReply:client-E2FC32F3721A->cb9f76f9-cb80-4305-b09a-f3a7410878f9@group-6B8376B46891, cid=23, FAILED org.apache.ratis.protocol.NotLeaderException: Server cb9f76f9-cb80-4305-b09a-f3a7410878f9 is not the leader (f94c1b2c-6457-4bd4-b145-0da877ce7d7a:192.168.157.255:37672). Request must be sent to leader., logIndex=0, commits[cb9f76f9-cb80-4305-b09a-f3a7410878f9:c-1, fcb47271-f594-42f2-9d06-9675c1177c5f:c-1, f94c1b2c-6457-4bd4-b145-0da877ce7d7a:c-1]
2019-08-10 04:06:21,584 INFO  client.GrpcClientProtocolClient (GrpcClientProtocolClient.java:onNext(255)) - client-E2FC32F3721A->f94c1b2c-6457-4bd4-b145-0da877ce7d7a: receive RaftClientReply:client-E2FC32F3721A->f94c1b2c-6457-4bd4-b145-0da877ce7d7a@group-6B8376B46891, cid=23, SUCCESS, logIndex=1, commits[f94c1b2c-6457-4bd4-b145-0da877ce7d7a:c1, fcb47271-f594-42f2-9d06-9675c1177c5f:c0, cb9f76f9-cb80-4305-b09a-f3a7410878f9:c0]
2019-08-10 04:06:21,673 INFO  client.GrpcClientProtocolClient (GrpcClientProtocolClient.java:onNext(255)) - client-E2FC32F3721A->f94c1b2c-6457-4bd4-b145-0da877ce7d7a: receive RaftClientReply:client-E2FC32F3721A->f94c1b2c-6457-4bd4-b145-0da877ce7d7a@group-6B8376B46891, cid=24, SUCCESS, logIndex=3, commits[f94c1b2c-6457-4bd4-b145-0da877ce7d7a:c4, fcb47271-f594-42f2-9d06-9675c1177c5f:c3, cb9f76f9-cb80-4305-b09a-f3a7410878f9:c3]
2019-08-10 04:06:21,675 INFO  ozone.MiniOzoneClusterImpl (MiniOzoneClusterImpl.java:shutdown(321)) - Shutting down the Mini Ozone Cluster
2019-08-10 04:06:21,676 INFO  ozone.MiniOzoneClusterImpl (MiniOzoneClusterImpl.java:stop(336)) - Stopping the Mini Ozone Cluster
2019-08-10 04:06:21,676 INFO  ozone.MiniOzoneClusterImpl (MiniOzoneClusterImpl.java:stop(338)) - Stopping the OzoneManager
2019-08-10 04:06:21,676 INFO  ipc.Server (Server.java:stop(3082)) - Stopping server on 33443
2019-08-10 04:06:21,680 INFO  ipc.Server (Server.java:run(1185)) - Stopping IPC Server listener on 33443
2019-08-10 04:06:21,680 INFO  utils.BackgroundService (BackgroundService.java:shutdown(148)) - Shutting down service KeyDeletingService
2019-08-10 04:06:21,680 INFO  ipc.Server (Server.java:run(1319)) - Stopping IPC Server Responder
2019-08-10 04:06:21,688 INFO  handler.ContextHandler (ContextHandler.java:doStop(910)) - Stopped o.e.j.w.WebAppContext@61d01788{/,null,UNAVAILABLE}{/ozoneManager}
2019-08-10 04:06:21,695 INFO  server.AbstractConnector (AbstractConnector.java:doStop(318)) - Stopped ServerConnector@2b9b7f1f{HTTP/1.1,[http/1.1]}{0.0.0.0:0}
2019-08-10 04:06:21,696 INFO  handler.ContextHandler (ContextHandler.java:doStop(910)) - Stopped o.e.j.s.ServletContextHandler@6ce90bc5{/static,file:///workdir/hadoop-ozone/integration-test/target/test-classes/webapps/static,UNAVAILABLE}
2019-08-10 04:06:21,696 INFO  handler.ContextHandler (ContextHandler.java:doStop(910)) - Stopped o.e.j.s.ServletContextHandler@6e6fce47{/logs,file:///workdir/hadoop-ozone/integration-test/target/log,UNAVAILABLE}
2019-08-10 04:06:21,703 INFO  ozone.MiniOzoneClusterImpl (MiniOzoneClusterImpl.java:stop(344)) - Shutting the HddsDatanodes
2019-08-10 04:06:21,704 INFO  datanode.ObjectStoreHandler (ObjectStoreHandler.java:close(155)) - Closing ObjectStoreHandler.
2019-08-10 04:06:21,704 INFO  datanode.ObjectStoreHandler (ObjectStoreHandler.java:close(155)) - Closing ObjectStoreHandler.
2019-08-10 04:06:21,707 INFO  ozone.HddsDatanodeService (HddsDatanodeService.java:stop(451)) - Stopped plug-in org.apache.hadoop.ozone.web.OzoneHddsDatanodeService@7364f68
2019-08-10 04:06:21,707 INFO  ozone.HddsDatanodeService (HddsDatanodeService.java:stop(451)) - Stopped plug-in org.apache.hadoop.ozone.web.OzoneHddsDatanodeService@6ee5f485
2019-08-10 04:06:21,825 INFO  statemachine.DatanodeStateMachine (DatanodeStateMachine.java:lambda$startDaemon$0(350)) - Ozone container server started.
2019-08-10 04:06:22,553 INFO  statemachine.DatanodeStateMachine (DatanodeStateMachine.java:lambda$startDaemon$0(350)) - Ozone container server started.
2019-08-10 04:06:25,841 INFO  node.StaleNodeHandler (StaleNodeHandler.java:onMessage(58)) - Datanode 6435028b-549c-4b1e-90fb-d3e35990f884{ip: 192.168.157.255, host: byscane-nightly-wggqd-62853239, networkLocation: /default-rack, certSerialId: null} moved to stale state. Finalizing its pipelines [PipelineID=daecf74a-b4fd-4b93-b744-8fdfe1901e76, PipelineID=3a390ac0-3965-404e-98c3-48837b23b6df]
2019-08-10 04:06:25,841 INFO  pipeline.SCMPipelineManager (SCMPipelineManager.java:finalizeAndDestroyPipeline(309)) - destroying pipeline:Pipeline[ Id: daecf74a-b4fd-4b93-b744-8fdfe1901e76, Nodes: 6435028b-549c-4b1e-90fb-d3e35990f884{ip: 192.168.157.255, host: byscane-nightly-wggqd-62853239, networkLocation: /default-rack, certSerialId: null}, Type:RATIS, Factor:ONE, State:OPEN]
2019-08-10 04:06:25,843 INFO  pipeline.PipelineStateManager (PipelineStateManager.java:finalizePipeline(123)) - Pipeline Pipeline[ Id: daecf74a-b4fd-4b93-b744-8fdfe1901e76, Nodes: 6435028b-549c-4b1e-90fb-d3e35990f884{ip: 192.168.157.255, host: byscane-nightly-wggqd-62853239, networkLocation: /default-rack, certSerialId: null}, Type:RATIS, Factor:ONE, State:CLOSED] moved to CLOSED state
2019-08-10 04:06:25,845 INFO  pipeline.SCMPipelineManager (SCMPipelineManager.java:finalizeAndDestroyPipeline(309)) - destroying pipeline:Pipeline[ Id: 3a390ac0-3965-404e-98c3-48837b23b6df, Nodes: 1322933e-f801-4eab-8c61-7265168793c5{ip: 192.168.157.255, host: byscane-nightly-wggqd-62853239, networkLocation: /default-rack, certSerialId: null}6435028b-549c-4b1e-90fb-d3e35990f884{ip: 192.168.157.255, host: byscane-nightly-wggqd-62853239, networkLocation: /default-rack, certSerialId: null}9fb16d77-47ad-4452-9caf-f9ff65d0025b{ip: 192.168.157.255, host: byscane-nightly-wggqd-62853239, networkLocation: /default-rack, certSerialId: null}, Type:RATIS, Factor:THREE, State:OPEN]
2019-08-10 04:06:25,845 INFO  pipeline.PipelineStateManager (PipelineStateManager.java:finalizePipeline(123)) - Pipeline Pipeline[ Id: 3a390ac0-3965-404e-98c3-48837b23b6df, Nodes: 1322933e-f801-4eab-8c61-7265168793c5{ip: 192.168.157.255, host: byscane-nightly-wggqd-62853239, networkLocation: /default-rack, certSerialId: null}6435028b-549c-4b1e-90fb-d3e35990f884{ip: 192.168.157.255, host: byscane-nightly-wggqd-62853239, networkLocation: /default-rack, certSerialId: null}9fb16d77-47ad-4452-9caf-f9ff65d0025b{ip: 192.168.157.255, host: byscane-nightly-wggqd-62853239, networkLocation: /default-rack, certSerialId: null}, Type:RATIS, Factor:THREE, State:CLOSED] moved to CLOSED state
2019-08-10 04:06:25,846 INFO  container.CloseContainerEventHandler (CloseContainerEventHandler.java:onMessage(61)) - Close container Event triggered for container : #1
2019-08-10 04:06:26,642 INFO  node.StaleNodeHandler (StaleNodeHandler.java:onMessage(58)) - Datanode f94c1b2c-6457-4bd4-b145-0da877ce7d7a{ip: 192.168.157.255, host: byscane-nightly-wggqd-62853239, networkLocation: /default-rack, certSerialId: null} moved to stale state. Finalizing its pipelines [PipelineID=cc019761-82b1-488c-a0c8-6b8376b46891, PipelineID=d102143d-d580-4951-92d7-7de9c4ca73f4]
2019-08-10 04:06:26,642 INFO  pipeline.SCMPipelineManager (SCMPipelineManager.java:finalizeAndDestroyPipeline(309)) - destroying pipeline:Pipeline[ Id: cc019761-82b1-488c-a0c8-6b8376b46891, Nodes: fcb47271-f594-42f2-9d06-9675c1177c5f{ip: 192.168.157.255, host: byscane-nightly-wggqd-62853239, networkLocation: /default-rack, certSerialId: null}f94c1b2c-6457-4bd4-b145-0da877ce7d7a{ip: 192.168.157.255, host: byscane-nightly-wggqd-62853239, networkLocation: /default-rack, certSerialId: null}cb9f76f9-cb80-4305-b09a-f3a7410878f9{ip: 192.168.157.255, host: byscane-nightly-wggqd-62853239, networkLocation: /default-rack, certSerialId: null}, Type:RATIS, Factor:THREE, State:OPEN]
2019-08-10 04:06:26,642 INFO  pipeline.PipelineStateManager (PipelineStateManager.java:finalizePipeline(123)) - Pipeline Pipeline[ Id: cc019761-82b1-488c-a0c8-6b8376b46891, Nodes: fcb47271-f594-42f2-9d06-9675c1177c5f{ip: 192.168.157.255, host: byscane-nightly-wggqd-62853239, networkLocation: /default-rack, certSerialId: null}f94c1b2c-6457-4bd4-b145-0da877ce7d7a{ip: 192.168.157.255, host: byscane-nightly-wggqd-62853239, networkLocation: /default-rack, certSerialId: null}cb9f76f9-cb80-4305-b09a-f3a7410878f9{ip: 192.168.157.255, host: byscane-nightly-wggqd-62853239, networkLocation: /default-rack, certSerialId: null}, Type:RATIS, Factor:THREE, State:CLOSED] moved to CLOSED state
2019-08-10 04:06:26,643 INFO  container.CloseContainerEventHandler (CloseContainerEventHandler.java:onMessage(61)) - Close container Event triggered for container : #2
2019-08-10 04:06:26,643 INFO  pipeline.SCMPipelineManager (SCMPipelineManager.java:finalizeAndDestroyPipeline(309)) - destroying pipeline:Pipeline[ Id: d102143d-d580-4951-92d7-7de9c4ca73f4, Nodes: f94c1b2c-6457-4bd4-b145-0da877ce7d7a{ip: 192.168.157.255, host: byscane-nightly-wggqd-62853239, networkLocation: /default-rack, certSerialId: null}, Type:RATIS, Factor:ONE, State:OPEN]
2019-08-10 04:06:26,643 INFO  pipeline.PipelineStateManager (PipelineStateManager.java:finalizePipeline(123)) - Pipeline Pipeline[ Id: d102143d-d580-4951-92d7-7de9c4ca73f4, Nodes: f94c1b2c-6457-4bd4-b145-0da877ce7d7a{ip: 192.168.157.255, host: byscane-nightly-wggqd-62853239, networkLocation: /default-rack, certSerialId: null}, Type:RATIS, Factor:ONE, State:CLOSED] moved to CLOSED state
2019-08-10 04:06:26,711 INFO  ozoneimpl.OzoneContainer (OzoneContainer.java:stop(199)) - Attempting to stop container services.
2019-08-10 04:06:26,711 INFO  ozoneimpl.OzoneContainer (OzoneContainer.java:stop(199)) - Attempting to stop container services.
2019-08-10 04:06:26,712 INFO  impl.RaftServerProxy (RaftServerProxy.java:lambda$close$4(314)) - f94c1b2c-6457-4bd4-b145-0da877ce7d7a: close
2019-08-10 04:06:26,713 INFO  impl.RaftServerProxy (RaftServerProxy.java:lambda$close$4(314)) - 6435028b-549c-4b1e-90fb-d3e35990f884: close
2019-08-10 04:06:26,714 INFO  impl.RaftServerImpl (RaftServerImpl.java:lambda$shutdown$3(245)) - f94c1b2c-6457-4bd4-b145-0da877ce7d7a: shutdown group-6B8376B46891
2019-08-10 04:06:26,714 INFO  impl.RaftServerImpl (RaftServerImpl.java:lambda$shutdown$3(245)) - 6435028b-549c-4b1e-90fb-d3e35990f884: shutdown group-8FDFE1901E76
2019-08-10 04:06:26,715 INFO  util.JmxRegister (JmxRegister.java:unregister(73)) - Successfully un-registered JMX Bean with object name Ratis:service=RaftServer,group=group-6B8376B46891,id=f94c1b2c-6457-4bd4-b145-0da877ce7d7a
2019-08-10 04:06:26,715 INFO  util.JmxRegister (JmxRegister.java:unregister(73)) - Successfully un-registered JMX Bean with object name Ratis:service=RaftServer,group=group-8FDFE1901E76,id=6435028b-549c-4b1e-90fb-d3e35990f884
2019-08-10 04:06:26,716 INFO  impl.RoleInfo (RoleInfo.java:shutdownLeaderState(104)) - 6435028b-549c-4b1e-90fb-d3e35990f884: shutdown LeaderState
2019-08-10 04:06:26,715 INFO  impl.RoleInfo (RoleInfo.java:shutdownLeaderState(104)) - f94c1b2c-6457-4bd4-b145-0da877ce7d7a: shutdown LeaderState
2019-08-10 04:06:26,717 INFO  impl.PendingRequests (PendingRequests.java:sendNotLeaderResponses(202)) - 6435028b-549c-4b1e-90fb-d3e35990f884-PendingRequests: sendNotLeaderResponses
2019-08-10 04:06:26,722 INFO  impl.PendingRequests (PendingRequests.java:sendNotLeaderResponses(202)) - f94c1b2c-6457-4bd4-b145-0da877ce7d7a-PendingRequests: sendNotLeaderResponses
2019-08-10 04:06:26,724 WARN  server.GrpcLogAppender (GrpcLogAppender.java:mayWait(143)) - GrpcLogAppender(f94c1b2c-6457-4bd4-b145-0da877ce7d7a->cb9f76f9-cb80-4305-b09a-f3a7410878f9): Wait interrupted by java.lang.InterruptedException
2019-08-10 04:06:26,724 WARN  server.GrpcLogAppender (GrpcLogAppender.java:mayWait(143)) - GrpcLogAppender(f94c1b2c-6457-4bd4-b145-0da877ce7d7a->fcb47271-f594-42f2-9d06-9675c1177c5f): Wait interrupted by java.lang.InterruptedException
2019-08-10 04:06:26,730 INFO  server.GrpcServerProtocolService (GrpcServerProtocolService.java:onCompleted(104)) - fcb47271-f594-42f2-9d06-9675c1177c5f: appendEntries completed
2019-08-10 04:06:26,730 INFO  server.GrpcServerProtocolService (GrpcServerProtocolService.java:onCompleted(104)) - cb9f76f9-cb80-4305-b09a-f3a7410878f9: appendEntries completed
2019-08-10 04:06:26,733 INFO  impl.StateMachineUpdater (StateMachineUpdater.java:stopAndJoin(115)) - StateMachineUpdater:6435028b-549c-4b1e-90fb-d3e35990f884:group-8FDFE1901E76: set stopIndex = 0
2019-08-10 04:06:26,736 INFO  impl.RaftServerImpl (ServerState.java:close(394)) - 6435028b-549c-4b1e-90fb-d3e35990f884:group-8FDFE1901E76 closes. The last applied log index is 0
2019-08-10 04:06:26,736 INFO  server.GrpcLogAppender (GrpcLogAppender.java:onCompleted(292)) - f94c1b2c-6457-4bd4-b145-0da877ce7d7a->fcb47271-f594-42f2-9d06-9675c1177c5f: follower responses appendEntries COMPLETED
2019-08-10 04:06:26,736 INFO  server.GrpcLogAppender (GrpcLogAppender.java:onCompleted(292)) - f94c1b2c-6457-4bd4-b145-0da877ce7d7a->cb9f76f9-cb80-4305-b09a-f3a7410878f9: follower responses appendEntries COMPLETED
2019-08-10 04:06:26,740 INFO  impl.StateMachineUpdater (StateMachineUpdater.java:stopAndJoin(115)) - StateMachineUpdater:f94c1b2c-6457-4bd4-b145-0da877ce7d7a:group-6B8376B46891: set stopIndex = 4
2019-08-10 04:06:26,743 INFO  ratis.ContainerStateMachine (ContainerStateMachine.java:takeSnapshot(262)) - group-6B8376B46891: Taking a snapshot at:(t:3, i:4) file /workdir/hadoop-ozone/integration-test/target/test-dir/MiniOzoneClusterImpl-78319399-da6d-4099-9cd6-4b429a1af7e9/datanode-1/data/ratis/cc019761-82b1-488c-a0c8-6b8376b46891/sm/snapshot.3_4
2019-08-10 04:06:26,746 INFO  impl.FollowerInfo (FollowerInfo.java:lambda$new$0(50)) - f94c1b2c-6457-4bd4-b145-0da877ce7d7a->cb9f76f9-cb80-4305-b09a-f3a7410878f9: nextIndex: updateUnconditionally 5 -> 4
2019-08-10 04:06:26,746 INFO  impl.FollowerInfo (FollowerInfo.java:lambda$new$0(50)) - f94c1b2c-6457-4bd4-b145-0da877ce7d7a->fcb47271-f594-42f2-9d06-9675c1177c5f: nextIndex: updateUnconditionally 5 -> 4
2019-08-10 04:06:26,749 INFO  segmented.SegmentedRaftLogWorker (SegmentedRaftLogWorker.java:run(313)) - 6435028b-549c-4b1e-90fb-d3e35990f884-SegmentedRaftLogWorker:Storage Directory /workdir/hadoop-ozone/integration-test/target/test-dir/MiniOzoneClusterImpl-78319399-da6d-4099-9cd6-4b429a1af7e9/datanode-4/data/ratis/daecf74a-b4fd-4b93-b744-8fdfe1901e76 was interrupted, exiting. There are 0 tasks remaining in the queue.
2019-08-10 04:06:26,751 INFO  segmented.SegmentedRaftLogWorker (SegmentedRaftLogWorker.java:close(228)) - 6435028b-549c-4b1e-90fb-d3e35990f884-SegmentedRaftLogWorker:Storage Directory /workdir/hadoop-ozone/integration-test/target/test-dir/MiniOzoneClusterImpl-78319399-da6d-4099-9cd6-4b429a1af7e9/datanode-4/data/ratis/daecf74a-b4fd-4b93-b744-8fdfe1901e76 close()
2019-08-10 04:06:26,755 INFO  impl.RaftServerImpl (RaftServerImpl.java:lambda$shutdown$3(245)) - 6435028b-549c-4b1e-90fb-d3e35990f884: shutdown group-48837B23B6DF
2019-08-10 04:06:26,756 INFO  util.JmxRegister (JmxRegister.java:unregister(73)) - Successfully un-registered JMX Bean with object name Ratis:service=RaftServer,group=group-48837B23B6DF,id=6435028b-549c-4b1e-90fb-d3e35990f884
2019-08-10 04:06:26,756 INFO  impl.RoleInfo (RoleInfo.java:shutdownFollowerState(121)) - 6435028b-549c-4b1e-90fb-d3e35990f884: shutdown FollowerState
2019-08-10 04:06:26,756 INFO  impl.StateMachineUpdater (StateMachineUpdater.java:stopAndJoin(115)) - StateMachineUpdater:6435028b-549c-4b1e-90fb-d3e35990f884:group-48837B23B6DF: set stopIndex = 16
2019-08-10 04:06:26,756 INFO  ratis.ContainerStateMachine (ContainerStateMachine.java:takeSnapshot(262)) - group-48837B23B6DF: Taking a snapshot at:(t:1, i:16) file /workdir/hadoop-ozone/integration-test/target/test-dir/MiniOzoneClusterImpl-78319399-da6d-4099-9cd6-4b429a1af7e9/datanode-4/data/ratis/3a390ac0-3965-404e-98c3-48837b23b6df/sm/snapshot.1_16
2019-08-10 04:06:26,756 INFO  impl.FollowerState (FollowerState.java:run(114)) - 6435028b-549c-4b1e-90fb-d3e35990f884: FollowerState was interrupted: java.lang.InterruptedException: sleep interrupted
2019-08-10 04:06:26,796 INFO  ratis.ContainerStateMachine (ContainerStateMachine.java:takeSnapshot(273)) - group-48837B23B6DF: Finished taking a snapshot at:(t:1, i:16) file:/workdir/hadoop-ozone/integration-test/target/test-dir/MiniOzoneClusterImpl-78319399-da6d-4099-9cd6-4b429a1af7e9/datanode-4/data/ratis/3a390ac0-3965-404e-98c3-48837b23b6df/sm/snapshot.1_16 time:39
2019-08-10 04:06:26,796 INFO  ratis.ContainerStateMachine (ContainerStateMachine.java:takeSnapshot(273)) - group-6B8376B46891: Finished taking a snapshot at:(t:3, i:4) file:/workdir/hadoop-ozone/integration-test/target/test-dir/MiniOzoneClusterImpl-78319399-da6d-4099-9cd6-4b429a1af7e9/datanode-1/data/ratis/cc019761-82b1-488c-a0c8-6b8376b46891/sm/snapshot.3_4 time:53
2019-08-10 04:06:26,796 INFO  impl.StateMachineUpdater (StateMachineUpdater.java:takeSnapshot(242)) - StateMachineUpdater:6435028b-549c-4b1e-90fb-d3e35990f884:group-48837B23B6DF: Took a snapshot at index 16
2019-08-10 04:06:26,796 INFO  impl.StateMachineUpdater (StateMachineUpdater.java:takeSnapshot(242)) - StateMachineUpdater:f94c1b2c-6457-4bd4-b145-0da877ce7d7a:group-6B8376B46891: Took a snapshot at index 4
2019-08-10 04:06:26,796 INFO  impl.StateMachineUpdater (StateMachineUpdater.java:lambda$new$0(80)) - StateMachineUpdater:6435028b-549c-4b1e-90fb-d3e35990f884:group-48837B23B6DF: snapshotIndex: updateIncreasingly -1 -> 16
2019-08-10 04:06:26,796 INFO  impl.StateMachineUpdater (StateMachineUpdater.java:lambda$new$0(80)) - StateMachineUpdater:f94c1b2c-6457-4bd4-b145-0da877ce7d7a:group-6B8376B46891: snapshotIndex: updateIncreasingly -1 -> 4
2019-08-10 04:06:26,804 INFO  impl.RaftServerImpl (ServerState.java:close(394)) - f94c1b2c-6457-4bd4-b145-0da877ce7d7a:group-6B8376B46891 closes. The last applied log index is 4
2019-08-10 04:06:26,804 INFO  impl.RaftServerImpl (ServerState.java:close(394)) - 6435028b-549c-4b1e-90fb-d3e35990f884:group-48837B23B6DF closes. The last applied log index is 16
2019-08-10 04:06:26,805 INFO  segmented.SegmentedRaftLogWorker (SegmentedRaftLogWorker.java:run(313)) - f94c1b2c-6457-4bd4-b145-0da877ce7d7a-SegmentedRaftLogWorker:Storage Directory /workdir/hadoop-ozone/integration-test/target/test-dir/MiniOzoneClusterImpl-78319399-da6d-4099-9cd6-4b429a1af7e9/datanode-1/data/ratis/cc019761-82b1-488c-a0c8-6b8376b46891 was interrupted, exiting. There are 0 tasks remaining in the queue.
2019-08-10 04:06:26,805 INFO  segmented.SegmentedRaftLogWorker (SegmentedRaftLogWorker.java:run(313)) - 6435028b-549c-4b1e-90fb-d3e35990f884-SegmentedRaftLogWorker:Storage Directory /workdir/hadoop-ozone/integration-test/target/test-dir/MiniOzoneClusterImpl-78319399-da6d-4099-9cd6-4b429a1af7e9/datanode-4/data/ratis/3a390ac0-3965-404e-98c3-48837b23b6df was interrupted, exiting. There are 0 tasks remaining in the queue.
2019-08-10 04:06:26,808 INFO  segmented.SegmentedRaftLogWorker (SegmentedRaftLogWorker.java:close(228)) - f94c1b2c-6457-4bd4-b145-0da877ce7d7a-SegmentedRaftLogWorker:Storage Directory /workdir/hadoop-ozone/integration-test/target/test-dir/MiniOzoneClusterImpl-78319399-da6d-4099-9cd6-4b429a1af7e9/datanode-1/data/ratis/cc019761-82b1-488c-a0c8-6b8376b46891 close()
2019-08-10 04:06:26,810 INFO  segmented.SegmentedRaftLogWorker (SegmentedRaftLogWorker.java:close(228)) - 6435028b-549c-4b1e-90fb-d3e35990f884-SegmentedRaftLogWorker:Storage Directory /workdir/hadoop-ozone/integration-test/target/test-dir/MiniOzoneClusterImpl-78319399-da6d-4099-9cd6-4b429a1af7e9/datanode-4/data/ratis/3a390ac0-3965-404e-98c3-48837b23b6df close()
2019-08-10 04:06:26,814 INFO  impl.RaftServerImpl (RaftServerImpl.java:lambda$shutdown$3(245)) - f94c1b2c-6457-4bd4-b145-0da877ce7d7a: shutdown group-7DE9C4CA73F4
2019-08-10 04:06:26,819 INFO  util.JmxRegister (JmxRegister.java:unregister(73)) - Successfully un-registered JMX Bean with object name Ratis:service=RaftServer,group=group-7DE9C4CA73F4,id=f94c1b2c-6457-4bd4-b145-0da877ce7d7a
2019-08-10 04:06:26,819 INFO  server.GrpcService (GrpcService.java:closeImpl(155)) - 6435028b-549c-4b1e-90fb-d3e35990f884: shutdown server with port 39340 now
2019-08-10 04:06:26,819 INFO  impl.RoleInfo (RoleInfo.java:shutdownLeaderState(104)) - f94c1b2c-6457-4bd4-b145-0da877ce7d7a: shutdown LeaderState
2019-08-10 04:06:26,820 INFO  impl.PendingRequests (PendingRequests.java:sendNotLeaderResponses(202)) - f94c1b2c-6457-4bd4-b145-0da877ce7d7a-PendingRequests: sendNotLeaderResponses
2019-08-10 04:06:26,820 INFO  impl.StateMachineUpdater (StateMachineUpdater.java:stopAndJoin(115)) - StateMachineUpdater:f94c1b2c-6457-4bd4-b145-0da877ce7d7a:group-7DE9C4CA73F4: set stopIndex = 0
2019-08-10 04:06:26,821 INFO  impl.RaftServerImpl (ServerState.java:close(394)) - f94c1b2c-6457-4bd4-b145-0da877ce7d7a:group-7DE9C4CA73F4 closes. The last applied log index is 0
2019-08-10 04:06:26,821 INFO  segmented.SegmentedRaftLogWorker (SegmentedRaftLogWorker.java:run(313)) - f94c1b2c-6457-4bd4-b145-0da877ce7d7a-SegmentedRaftLogWorker:Storage Directory /workdir/hadoop-ozone/integration-test/target/test-dir/MiniOzoneClusterImpl-78319399-da6d-4099-9cd6-4b429a1af7e9/datanode-1/data/ratis/d102143d-d580-4951-92d7-7de9c4ca73f4 was interrupted, exiting. There are 0 tasks remaining in the queue.
2019-08-10 04:06:26,825 INFO  segmented.SegmentedRaftLogWorker (SegmentedRaftLogWorker.java:close(228)) - f94c1b2c-6457-4bd4-b145-0da877ce7d7a-SegmentedRaftLogWorker:Storage Directory /workdir/hadoop-ozone/integration-test/target/test-dir/MiniOzoneClusterImpl-78319399-da6d-4099-9cd6-4b429a1af7e9/datanode-1/data/ratis/d102143d-d580-4951-92d7-7de9c4ca73f4 close()
2019-08-10 04:06:26,832 INFO  server.GrpcService (GrpcService.java:closeImpl(155)) - f94c1b2c-6457-4bd4-b145-0da877ce7d7a: shutdown server with port 37672 now
2019-08-10 04:06:26,836 INFO  server.GrpcService (GrpcService.java:closeImpl(163)) - f94c1b2c-6457-4bd4-b145-0da877ce7d7a: shutdown server with port 37672 successfully
2019-08-10 04:06:26,837 INFO  server.GrpcService (GrpcService.java:closeImpl(163)) - 6435028b-549c-4b1e-90fb-d3e35990f884: shutdown server with port 39340 successfully
2019-08-10 04:06:26,837 WARN  server.GrpcServerProtocolService (LogUtils.java:warn(134)) - 6435028b-549c-4b1e-90fb-d3e35990f884: appendEntries onError: org.apache.ratis.thirdparty.io.grpc.StatusRuntimeException: CANCELLED: cancelled before receiving half close
2019-08-10 04:06:26,838 WARN  server.GrpcLogAppender (LogUtils.java:warn(134)) - 1322933e-f801-4eab-8c61-7265168793c5->6435028b-549c-4b1e-90fb-d3e35990f884: Failed appendEntries: org.apache.ratis.thirdparty.io.grpc.StatusRuntimeException: CANCELLED: HTTP/2 error code: CANCEL
Received Rst Stream
2019-08-10 04:06:26,848 INFO  utils.BackgroundService (BackgroundService.java:shutdown(148)) - Shutting down service BlockDeletingService
2019-08-10 04:06:26,848 INFO  impl.FollowerInfo (FollowerInfo.java:lambda$new$0(50)) - 1322933e-f801-4eab-8c61-7265168793c5->6435028b-549c-4b1e-90fb-d3e35990f884: nextIndex: updateUnconditionally 17 -> 16
2019-08-10 04:06:26,849 INFO  utils.BackgroundService (BackgroundService.java:shutdown(148)) - Shutting down service BlockDeletingService
2019-08-10 04:06:26,852 WARN  fs.CachingGetSpaceUsed (CachingGetSpaceUsed.java:run(183)) - Thread Interrupted waiting to refresh disk information: sleep interrupted
2019-08-10 04:06:26,856 WARN  fs.CachingGetSpaceUsed (CachingGetSpaceUsed.java:run(183)) - Thread Interrupted waiting to refresh disk information: sleep interrupted
2019-08-10 04:06:26,884 INFO  statemachine.DatanodeStateMachine (DatanodeStateMachine.java:stopDaemon(395)) - Ozone container server stopped.
2019-08-10 04:06:26,887 INFO  statemachine.DatanodeStateMachine (DatanodeStateMachine.java:stopDaemon(395)) - Ozone container server stopped.
2019-08-10 04:06:26,902 INFO  handler.ContextHandler (ContextHandler.java:doStop(910)) - Stopped o.e.j.w.WebAppContext@6629643d{/,null,UNAVAILABLE}{/hddsDatanode}
2019-08-10 04:06:26,904 INFO  handler.ContextHandler (ContextHandler.java:doStop(910)) - Stopped o.e.j.w.WebAppContext@9b47400{/,null,UNAVAILABLE}{/hddsDatanode}
2019-08-10 04:06:26,905 INFO  server.AbstractConnector (AbstractConnector.java:doStop(318)) - Stopped ServerConnector@2dd178f3{HTTP/1.1,[http/1.1]}{0.0.0.0:0}
2019-08-10 04:06:26,905 INFO  server.AbstractConnector (AbstractConnector.java:doStop(318)) - Stopped ServerConnector@747835f5{HTTP/1.1,[http/1.1]}{0.0.0.0:0}
2019-08-10 04:06:26,906 INFO  handler.ContextHandler (ContextHandler.java:doStop(910)) - Stopped o.e.j.s.ServletContextHandler@41aebbb4{/static,jar:file:/home/user/.m2/repository/org/apache/hadoop/hadoop-hdds-container-service/0.4.1-SNAPSHOT/hadoop-hdds-container-service-0.4.1-SNAPSHOT.jar!/webapps/static,UNAVAILABLE}
2019-08-10 04:06:26,908 INFO  handler.ContextHandler (ContextHandler.java:doStop(910)) - Stopped o.e.j.s.ServletContextHandler@39b626e5{/static,jar:file:/home/user/.m2/repository/org/apache/hadoop/hadoop-hdds-container-service/0.4.1-SNAPSHOT/hadoop-hdds-container-service-0.4.1-SNAPSHOT.jar!/webapps/static,UNAVAILABLE}
2019-08-10 04:06:26,908 INFO  handler.ContextHandler (ContextHandler.java:doStop(910)) - Stopped o.e.j.s.ServletContextHandler@2dbfa972{/logs,file:///workdir/hadoop-ozone/integration-test/target/log,UNAVAILABLE}
2019-08-10 04:06:26,910 INFO  handler.ContextHandler (ContextHandler.java:doStop(910)) - Stopped o.e.j.s.ServletContextHandler@2d7637e6{/logs,file:///workdir/hadoop-ozone/integration-test/target/log,UNAVAILABLE}
2019-08-10 04:06:26,912 INFO  datanode.ObjectStoreHandler (ObjectStoreHandler.java:close(155)) - Closing ObjectStoreHandler.
2019-08-10 04:06:26,912 INFO  datanode.ObjectStoreHandler (ObjectStoreHandler.java:close(155)) - Closing ObjectStoreHandler.
2019-08-10 04:06:26,913 INFO  ozone.HddsDatanodeService (HddsDatanodeService.java:stop(451)) - Stopped plug-in org.apache.hadoop.ozone.web.OzoneHddsDatanodeService@4702e7a5
2019-08-10 04:06:26,913 INFO  ozone.HddsDatanodeService (HddsDatanodeService.java:stop(451)) - Stopped plug-in org.apache.hadoop.ozone.web.OzoneHddsDatanodeService@285a4fe3
2019-08-10 04:06:27,058 INFO  statemachine.DatanodeStateMachine (DatanodeStateMachine.java:lambda$startDaemon$0(350)) - Ozone container server started.
2019-08-10 04:06:27,553 INFO  statemachine.DatanodeStateMachine (DatanodeStateMachine.java:lambda$startDaemon$0(350)) - Ozone container server started.
2019-08-10 04:06:28,663 WARN  server.GrpcLogAppender (LogUtils.java:warn(134)) - 1322933e-f801-4eab-8c61-7265168793c5->6435028b-549c-4b1e-90fb-d3e35990f884: Failed appendEntries: org.apache.ratis.thirdparty.io.grpc.StatusRuntimeException: UNAVAILABLE: io exception
2019-08-10 04:06:28,666 INFO  impl.FollowerInfo (FollowerInfo.java:lambda$new$0(50)) - 1322933e-f801-4eab-8c61-7265168793c5->6435028b-549c-4b1e-90fb-d3e35990f884: nextIndex: updateUnconditionally 16 -> 15
2019-08-10 04:06:28,796 WARN  server.GrpcLogAppender (LogUtils.java:warn(134)) - 1322933e-f801-4eab-8c61-7265168793c5->6435028b-549c-4b1e-90fb-d3e35990f884: Failed appendEntries: org.apache.ratis.thirdparty.io.grpc.StatusRuntimeException: UNAVAILABLE: io exception
2019-08-10 04:06:28,798 INFO  impl.FollowerInfo (FollowerInfo.java:lambda$new$0(50)) - 1322933e-f801-4eab-8c61-7265168793c5->6435028b-549c-4b1e-90fb-d3e35990f884: nextIndex: updateUnconditionally 16 -> 15
2019-08-10 04:06:28,809 WARN  server.GrpcLogAppender (LogUtils.java:warn(134)) - 1322933e-f801-4eab-8c61-7265168793c5->6435028b-549c-4b1e-90fb-d3e35990f884: Failed appendEntries: org.apache.ratis.thirdparty.io.grpc.StatusRuntimeException: UNAVAILABLE: io exception
2019-08-10 04:06:28,811 INFO  impl.FollowerInfo (FollowerInfo.java:lambda$new$0(50)) - 1322933e-f801-4eab-8c61-7265168793c5->6435028b-549c-4b1e-90fb-d3e35990f884: nextIndex: updateUnconditionally 16 -> 15
2019-08-10 04:06:28,822 WARN  server.GrpcLogAppender (LogUtils.java:warn(134)) - 1322933e-f801-4eab-8c61-7265168793c5->6435028b-549c-4b1e-90fb-d3e35990f884: Failed appendEntries: org.apache.ratis.thirdparty.io.grpc.StatusRuntimeException: UNAVAILABLE: io exception
2019-08-10 04:06:28,825 INFO  impl.FollowerInfo (FollowerInfo.java:lambda$new$0(50)) - 1322933e-f801-4eab-8c61-7265168793c5->6435028b-549c-4b1e-90fb-d3e35990f884: nextIndex: updateUnconditionally 16 -> 15
2019-08-10 04:06:28,864 INFO  interfaces.Container (KeyValueContainer.java:compactDB(356)) - Container 1 is closed with bcsId 14.
2019-08-10 04:06:28,866 INFO  container.IncrementalContainerReportHandler (AbstractContainerReportHandler.java:updateContainerState(176)) - Moving container #1 to CLOSED state, datanode 1322933e-f801-4eab-8c61-7265168793c5{ip: 192.168.157.255, host: byscane-nightly-wggqd-62853239, networkLocation: /default-rack, certSerialId: null} reported CLOSED replica.
2019-08-10 04:06:28,877 INFO  interfaces.Container (KeyValueContainer.java:compactDB(356)) - Container 1 is closed with bcsId 14.
2019-08-10 04:06:31,155 INFO  node.StaleNodeHandler (StaleNodeHandler.java:onMessage(58)) - Datanode dc93ca29-8927-4af3-88fd-4352eaa333fd{ip: 192.168.157.255, host: byscane-nightly-wggqd-62853239, networkLocation: /default-rack, certSerialId: null} moved to stale state. Finalizing its pipelines [PipelineID=8e01b5c4-2281-4239-8fd1-23db18ef5c34]
2019-08-10 04:06:31,156 INFO  pipeline.SCMPipelineManager (SCMPipelineManager.java:finalizeAndDestroyPipeline(309)) - destroying pipeline:Pipeline[ Id: 8e01b5c4-2281-4239-8fd1-23db18ef5c34, Nodes: dc93ca29-8927-4af3-88fd-4352eaa333fd{ip: 192.168.157.255, host: byscane-nightly-wggqd-62853239, networkLocation: /default-rack, certSerialId: null}, Type:RATIS, Factor:ONE, State:OPEN]
2019-08-10 04:06:31,156 INFO  pipeline.PipelineStateManager (PipelineStateManager.java:finalizePipeline(123)) - Pipeline Pipeline[ Id: 8e01b5c4-2281-4239-8fd1-23db18ef5c34, Nodes: dc93ca29-8927-4af3-88fd-4352eaa333fd{ip: 192.168.157.255, host: byscane-nightly-wggqd-62853239, networkLocation: /default-rack, certSerialId: null}, Type:RATIS, Factor:ONE, State:CLOSED] moved to CLOSED state
2019-08-10 04:06:31,325 WARN  server.GrpcLogAppender (LogUtils.java:warn(134)) - 1322933e-f801-4eab-8c61-7265168793c5->6435028b-549c-4b1e-90fb-d3e35990f884: Failed appendEntries: org.apache.ratis.thirdparty.io.grpc.StatusRuntimeException: UNAVAILABLE: io exception
2019-08-10 04:06:31,328 INFO  impl.FollowerInfo (FollowerInfo.java:lambda$new$0(50)) - 1322933e-f801-4eab-8c61-7265168793c5->6435028b-549c-4b1e-90fb-d3e35990f884: nextIndex: updateUnconditionally 15 -> 14
2019-08-10 04:06:31,656 INFO  node.StaleNodeHandler (StaleNodeHandler.java:onMessage(58)) - Datanode cb9f76f9-cb80-4305-b09a-f3a7410878f9{ip: 192.168.157.255, host: byscane-nightly-wggqd-62853239, networkLocation: /default-rack, certSerialId: null} moved to stale state. Finalizing its pipelines [PipelineID=cc019761-82b1-488c-a0c8-6b8376b46891, PipelineID=85aa01df-cccf-4f97-baf3-bcc2b63c07ff]
2019-08-10 04:06:31,656 INFO  pipeline.SCMPipelineManager (SCMPipelineManager.java:finalizeAndDestroyPipeline(309)) - destroying pipeline:Pipeline[ Id: cc019761-82b1-488c-a0c8-6b8376b46891, Nodes: fcb47271-f594-42f2-9d06-9675c1177c5f{ip: 192.168.157.255, host: byscane-nightly-wggqd-62853239, networkLocation: /default-rack, certSerialId: null}f94c1b2c-6457-4bd4-b145-0da877ce7d7a{ip: 192.168.157.255, host: byscane-nightly-wggqd-62853239, networkLocation: /default-rack, certSerialId: null}cb9f76f9-cb80-4305-b09a-f3a7410878f9{ip: 192.168.157.255, host: byscane-nightly-wggqd-62853239, networkLocation: /default-rack, certSerialId: null}, Type:RATIS, Factor:THREE, State:CLOSED]
2019-08-10 04:06:31,657 INFO  pipeline.SCMPipelineManager (SCMPipelineManager.java:finalizeAndDestroyPipeline(309)) - destroying pipeline:Pipeline[ Id: 85aa01df-cccf-4f97-baf3-bcc2b63c07ff, Nodes: cb9f76f9-cb80-4305-b09a-f3a7410878f9{ip: 192.168.157.255, host: byscane-nightly-wggqd-62853239, networkLocation: /default-rack, certSerialId: null}, Type:RATIS, Factor:ONE, State:OPEN]
2019-08-10 04:06:31,657 INFO  pipeline.PipelineStateManager (PipelineStateManager.java:finalizePipeline(123)) - Pipeline Pipeline[ Id: 85aa01df-cccf-4f97-baf3-bcc2b63c07ff, Nodes: cb9f76f9-cb80-4305-b09a-f3a7410878f9{ip: 192.168.157.255, host: byscane-nightly-wggqd-62853239, networkLocation: /default-rack, certSerialId: null}, Type:RATIS, Factor:ONE, State:CLOSED] moved to CLOSED state
2019-08-10 04:06:31,914 INFO  ozoneimpl.OzoneContainer (OzoneContainer.java:stop(199)) - Attempting to stop container services.
2019-08-10 04:06:31,914 INFO  ozoneimpl.OzoneContainer (OzoneContainer.java:stop(199)) - Attempting to stop container services.
2019-08-10 04:06:31,915 INFO  impl.RaftServerProxy (RaftServerProxy.java:lambda$close$4(314)) - cb9f76f9-cb80-4305-b09a-f3a7410878f9: close
2019-08-10 04:06:31,915 INFO  impl.RaftServerProxy (RaftServerProxy.java:lambda$close$4(314)) - dc93ca29-8927-4af3-88fd-4352eaa333fd: close
2019-08-10 04:06:31,916 INFO  impl.RaftServerImpl (RaftServerImpl.java:lambda$shutdown$3(245)) - cb9f76f9-cb80-4305-b09a-f3a7410878f9: shutdown group-6B8376B46891
2019-08-10 04:06:31,916 INFO  impl.RaftServerImpl (RaftServerImpl.java:lambda$shutdown$3(245)) - dc93ca29-8927-4af3-88fd-4352eaa333fd: shutdown group-23DB18EF5C34
2019-08-10 04:06:31,916 INFO  util.JmxRegister (JmxRegister.java:unregister(73)) - Successfully un-registered JMX Bean with object name Ratis:service=RaftServer,group=group-6B8376B46891,id=cb9f76f9-cb80-4305-b09a-f3a7410878f9
2019-08-10 04:06:31,917 INFO  util.JmxRegister (JmxRegister.java:unregister(73)) - Successfully un-registered JMX Bean with object name Ratis:service=RaftServer,group=group-23DB18EF5C34,id=dc93ca29-8927-4af3-88fd-4352eaa333fd
2019-08-10 04:06:31,917 INFO  impl.RoleInfo (RoleInfo.java:shutdownFollowerState(121)) - cb9f76f9-cb80-4305-b09a-f3a7410878f9: shutdown FollowerState
2019-08-10 04:06:31,917 INFO  impl.RoleInfo (RoleInfo.java:shutdownLeaderState(104)) - dc93ca29-8927-4af3-88fd-4352eaa333fd: shutdown LeaderState
2019-08-10 04:06:31,918 INFO  ratis.ContainerStateMachine (ContainerStateMachine.java:takeSnapshot(262)) - group-6B8376B46891: Taking a snapshot at:(t:3, i:3) file /workdir/hadoop-ozone/integration-test/target/test-dir/MiniOzoneClusterImpl-78319399-da6d-4099-9cd6-4b429a1af7e9/datanode-2/data/ratis/cc019761-82b1-488c-a0c8-6b8376b46891/sm/snapshot.3_3
2019-08-10 04:06:31,918 INFO  impl.FollowerState (FollowerState.java:run(114)) - cb9f76f9-cb80-4305-b09a-f3a7410878f9: FollowerState was interrupted: java.lang.InterruptedException: sleep interrupted
2019-08-10 04:06:31,918 INFO  impl.StateMachineUpdater (StateMachineUpdater.java:stopAndJoin(115)) - StateMachineUpdater:cb9f76f9-cb80-4305-b09a-f3a7410878f9:group-6B8376B46891: set stopIndex = 4
2019-08-10 04:06:31,918 INFO  impl.PendingRequests (PendingRequests.java:sendNotLeaderResponses(202)) - dc93ca29-8927-4af3-88fd-4352eaa333fd-PendingRequests: sendNotLeaderResponses
2019-08-10 04:06:31,919 INFO  impl.StateMachineUpdater (StateMachineUpdater.java:stopAndJoin(115)) - StateMachineUpdater:dc93ca29-8927-4af3-88fd-4352eaa333fd:group-23DB18EF5C34: set stopIndex = 0
2019-08-10 04:06:31,920 INFO  impl.RaftServerImpl (ServerState.java:close(394)) - dc93ca29-8927-4af3-88fd-4352eaa333fd:group-23DB18EF5C34 closes. The last applied log index is 0
2019-08-10 04:06:31,921 INFO  segmented.SegmentedRaftLogWorker (SegmentedRaftLogWorker.java:run(313)) - dc93ca29-8927-4af3-88fd-4352eaa333fd-SegmentedRaftLogWorker:Storage Directory /workdir/hadoop-ozone/integration-test/target/test-dir/MiniOzoneClusterImpl-78319399-da6d-4099-9cd6-4b429a1af7e9/datanode-3/data/ratis/8e01b5c4-2281-4239-8fd1-23db18ef5c34 was interrupted, exiting. There are 0 tasks remaining in the queue.
2019-08-10 04:06:31,923 INFO  segmented.SegmentedRaftLogWorker (SegmentedRaftLogWorker.java:close(228)) - dc93ca29-8927-4af3-88fd-4352eaa333fd-SegmentedRaftLogWorker:Storage Directory /workdir/hadoop-ozone/integration-test/target/test-dir/MiniOzoneClusterImpl-78319399-da6d-4099-9cd6-4b429a1af7e9/datanode-3/data/ratis/8e01b5c4-2281-4239-8fd1-23db18ef5c34 close()
2019-08-10 04:06:31,927 INFO  server.GrpcService (GrpcService.java:closeImpl(155)) - dc93ca29-8927-4af3-88fd-4352eaa333fd: shutdown server with port 33989 now
2019-08-10 04:06:31,930 INFO  server.GrpcService (GrpcService.java:closeImpl(163)) - dc93ca29-8927-4af3-88fd-4352eaa333fd: shutdown server with port 33989 successfully
2019-08-10 04:06:31,931 INFO  utils.BackgroundService (BackgroundService.java:shutdown(148)) - Shutting down service BlockDeletingService
2019-08-10 04:06:31,933 INFO  ratis.ContainerStateMachine (ContainerStateMachine.java:takeSnapshot(273)) - group-6B8376B46891: Finished taking a snapshot at:(t:3, i:3) file:/workdir/hadoop-ozone/integration-test/target/test-dir/MiniOzoneClusterImpl-78319399-da6d-4099-9cd6-4b429a1af7e9/datanode-2/data/ratis/cc019761-82b1-488c-a0c8-6b8376b46891/sm/snapshot.3_3 time:16
2019-08-10 04:06:31,933 WARN  fs.CachingGetSpaceUsed (CachingGetSpaceUsed.java:run(183)) - Thread Interrupted waiting to refresh disk information: sleep interrupted
2019-08-10 04:06:31,933 INFO  impl.StateMachineUpdater (StateMachineUpdater.java:takeSnapshot(242)) - StateMachineUpdater:cb9f76f9-cb80-4305-b09a-f3a7410878f9:group-6B8376B46891: Took a snapshot at index 3
2019-08-10 04:06:31,934 INFO  impl.StateMachineUpdater (StateMachineUpdater.java:lambda$new$0(80)) - StateMachineUpdater:cb9f76f9-cb80-4305-b09a-f3a7410878f9:group-6B8376B46891: snapshotIndex: updateIncreasingly -1 -> 3
2019-08-10 04:06:31,934 INFO  impl.RaftServerImpl (ServerState.java:close(394)) - cb9f76f9-cb80-4305-b09a-f3a7410878f9:group-6B8376B46891 closes. The last applied log index is 4
2019-08-10 04:06:31,935 INFO  segmented.SegmentedRaftLogWorker (SegmentedRaftLogWorker.java:run(313)) - cb9f76f9-cb80-4305-b09a-f3a7410878f9-SegmentedRaftLogWorker:Storage Directory /workdir/hadoop-ozone/integration-test/target/test-dir/MiniOzoneClusterImpl-78319399-da6d-4099-9cd6-4b429a1af7e9/datanode-2/data/ratis/cc019761-82b1-488c-a0c8-6b8376b46891 was interrupted, exiting. There are 0 tasks remaining in the queue.
2019-08-10 04:06:31,937 INFO  segmented.SegmentedRaftLogWorker (SegmentedRaftLogWorker.java:close(228)) - cb9f76f9-cb80-4305-b09a-f3a7410878f9-SegmentedRaftLogWorker:Storage Directory /workdir/hadoop-ozone/integration-test/target/test-dir/MiniOzoneClusterImpl-78319399-da6d-4099-9cd6-4b429a1af7e9/datanode-2/data/ratis/cc019761-82b1-488c-a0c8-6b8376b46891 close()
2019-08-10 04:06:31,941 INFO  impl.RaftServerImpl (RaftServerImpl.java:lambda$shutdown$3(245)) - cb9f76f9-cb80-4305-b09a-f3a7410878f9: shutdown group-BCC2B63C07FF
2019-08-10 04:06:31,941 INFO  util.JmxRegister (JmxRegister.java:unregister(73)) - Successfully un-registered JMX Bean with object name Ratis:service=RaftServer,group=group-BCC2B63C07FF,id=cb9f76f9-cb80-4305-b09a-f3a7410878f9
2019-08-10 04:06:31,942 INFO  impl.RoleInfo (RoleInfo.java:shutdownLeaderState(104)) - cb9f76f9-cb80-4305-b09a-f3a7410878f9: shutdown LeaderState
2019-08-10 04:06:31,942 INFO  impl.PendingRequests (PendingRequests.java:sendNotLeaderResponses(202)) - cb9f76f9-cb80-4305-b09a-f3a7410878f9-PendingRequests: sendNotLeaderResponses
2019-08-10 04:06:31,943 INFO  impl.StateMachineUpdater (StateMachineUpdater.java:stopAndJoin(115)) - StateMachineUpdater:cb9f76f9-cb80-4305-b09a-f3a7410878f9:group-BCC2B63C07FF: set stopIndex = 0
2019-08-10 04:06:31,943 INFO  impl.RaftServerImpl (ServerState.java:close(394)) - cb9f76f9-cb80-4305-b09a-f3a7410878f9:group-BCC2B63C07FF closes. The last applied log index is 0
2019-08-10 04:06:31,943 INFO  segmented.SegmentedRaftLogWorker (SegmentedRaftLogWorker.java:run(313)) - cb9f76f9-cb80-4305-b09a-f3a7410878f9-SegmentedRaftLogWorker:Storage Directory /workdir/hadoop-ozone/integration-test/target/test-dir/MiniOzoneClusterImpl-78319399-da6d-4099-9cd6-4b429a1af7e9/datanode-2/data/ratis/85aa01df-cccf-4f97-baf3-bcc2b63c07ff was interrupted, exiting. There are 0 tasks remaining in the queue.
2019-08-10 04:06:31,946 INFO  segmented.SegmentedRaftLogWorker (SegmentedRaftLogWorker.java:close(228)) - cb9f76f9-cb80-4305-b09a-f3a7410878f9-SegmentedRaftLogWorker:Storage Directory /workdir/hadoop-ozone/integration-test/target/test-dir/MiniOzoneClusterImpl-78319399-da6d-4099-9cd6-4b429a1af7e9/datanode-2/data/ratis/85aa01df-cccf-4f97-baf3-bcc2b63c07ff close()
2019-08-10 04:06:31,950 INFO  server.GrpcService (GrpcService.java:closeImpl(155)) - cb9f76f9-cb80-4305-b09a-f3a7410878f9: shutdown server with port 34703 now
2019-08-10 04:06:31,951 INFO  server.GrpcService (GrpcService.java:closeImpl(163)) - cb9f76f9-cb80-4305-b09a-f3a7410878f9: shutdown server with port 34703 successfully
2019-08-10 04:06:31,971 INFO  statemachine.DatanodeStateMachine (DatanodeStateMachine.java:stopDaemon(395)) - Ozone container server stopped.
2019-08-10 04:06:31,972 INFO  utils.BackgroundService (BackgroundService.java:shutdown(148)) - Shutting down service BlockDeletingService
2019-08-10 04:06:31,975 WARN  fs.CachingGetSpaceUsed (CachingGetSpaceUsed.java:run(183)) - Thread Interrupted waiting to refresh disk information: sleep interrupted
2019-08-10 04:06:31,984 INFO  handler.ContextHandler (ContextHandler.java:doStop(910)) - Stopped o.e.j.w.WebAppContext@33d7765a{/,null,UNAVAILABLE}{/hddsDatanode}
2019-08-10 04:06:31,985 INFO  server.AbstractConnector (AbstractConnector.java:doStop(318)) - Stopped ServerConnector@69ed5ea2{HTTP/1.1,[http/1.1]}{0.0.0.0:0}
2019-08-10 04:06:31,986 INFO  handler.ContextHandler (ContextHandler.java:doStop(910)) - Stopped o.e.j.s.ServletContextHandler@1e1e837d{/static,jar:file:/home/user/.m2/repository/org/apache/hadoop/hadoop-hdds-container-service/0.4.1-SNAPSHOT/hadoop-hdds-container-service-0.4.1-SNAPSHOT.jar!/webapps/static,UNAVAILABLE}
2019-08-10 04:06:31,986 INFO  handler.ContextHandler (ContextHandler.java:doStop(910)) - Stopped o.e.j.s.ServletContextHandler@5b29ab61{/logs,file:///workdir/hadoop-ozone/integration-test/target/log,UNAVAILABLE}
2019-08-10 04:06:31,988 INFO  datanode.ObjectStoreHandler (ObjectStoreHandler.java:close(155)) - Closing ObjectStoreHandler.
2019-08-10 04:06:31,988 INFO  ozone.HddsDatanodeService (HddsDatanodeService.java:stop(451)) - Stopped plug-in org.apache.hadoop.ozone.web.OzoneHddsDatanodeService@27bc1d44
2019-08-10 04:06:31,993 INFO  statemachine.DatanodeStateMachine (DatanodeStateMachine.java:stopDaemon(395)) - Ozone container server stopped.
2019-08-10 04:06:31,997 INFO  handler.ContextHandler (ContextHandler.java:doStop(910)) - Stopped o.e.j.w.WebAppContext@37e0056e{/,null,UNAVAILABLE}{/hddsDatanode}
2019-08-10 04:06:31,998 INFO  server.AbstractConnector (AbstractConnector.java:doStop(318)) - Stopped ServerConnector@415795f3{HTTP/1.1,[http/1.1]}{0.0.0.0:0}
2019-08-10 04:06:31,999 INFO  handler.ContextHandler (ContextHandler.java:doStop(910)) - Stopped o.e.j.s.ServletContextHandler@a1691c0{/static,jar:file:/home/user/.m2/repository/org/apache/hadoop/hadoop-hdds-container-service/0.4.1-SNAPSHOT/hadoop-hdds-container-service-0.4.1-SNAPSHOT.jar!/webapps/static,UNAVAILABLE}
2019-08-10 04:06:32,001 INFO  handler.ContextHandler (ContextHandler.java:doStop(910)) - Stopped o.e.j.s.ServletContextHandler@7b351446{/logs,file:///workdir/hadoop-ozone/integration-test/target/log,UNAVAILABLE}
2019-08-10 04:06:32,003 INFO  datanode.ObjectStoreHandler (ObjectStoreHandler.java:close(155)) - Closing ObjectStoreHandler.
2019-08-10 04:06:32,003 INFO  ozone.HddsDatanodeService (HddsDatanodeService.java:stop(451)) - Stopped plug-in org.apache.hadoop.ozone.web.OzoneHddsDatanodeService@364fd4ae
2019-08-10 04:06:32,570 INFO  statemachine.DatanodeStateMachine (DatanodeStateMachine.java:lambda$startDaemon$0(350)) - Ozone container server started.
2019-08-10 04:06:32,864 INFO  statemachine.DatanodeStateMachine (DatanodeStateMachine.java:lambda$startDaemon$0(350)) - Ozone container server started.
2019-08-10 04:06:33,827 WARN  server.GrpcLogAppender (LogUtils.java:warn(134)) - 1322933e-f801-4eab-8c61-7265168793c5->6435028b-549c-4b1e-90fb-d3e35990f884: Failed appendEntries: org.apache.ratis.thirdparty.io.grpc.StatusRuntimeException: UNAVAILABLE: io exception
2019-08-10 04:06:33,829 INFO  impl.FollowerInfo (FollowerInfo.java:lambda$new$0(50)) - 1322933e-f801-4eab-8c61-7265168793c5->6435028b-549c-4b1e-90fb-d3e35990f884: nextIndex: updateUnconditionally 14 -> 13
2019-08-10 04:06:36,102 INFO  impl.FollowerState (FollowerState.java:run(106)) - fcb47271-f594-42f2-9d06-9675c1177c5f:group-6B8376B46891 changes to CANDIDATE, lastRpcTime:9462, electionTimeout:5196ms
2019-08-10 04:06:36,102 INFO  impl.RoleInfo (RoleInfo.java:shutdownFollowerState(121)) - fcb47271-f594-42f2-9d06-9675c1177c5f: shutdown FollowerState
2019-08-10 04:06:36,102 INFO  impl.RaftServerImpl (RaftServerImpl.java:setRole(171)) - fcb47271-f594-42f2-9d06-9675c1177c5f:group-6B8376B46891 changes role from FOLLOWER to CANDIDATE at term 3 for changeToCandidate
2019-08-10 04:06:36,103 INFO  impl.RoleInfo (RoleInfo.java:updateAndGet(143)) - fcb47271-f594-42f2-9d06-9675c1177c5f: start LeaderElection
2019-08-10 04:06:36,104 INFO  impl.RaftServerImpl (ServerState.java:setLeader(263)) - fcb47271-f594-42f2-9d06-9675c1177c5f:group-6B8376B46891 change Leader from f94c1b2c-6457-4bd4-b145-0da877ce7d7a to null at term 3 for initElection
2019-08-10 04:06:36,169 INFO  impl.LeaderElection (LeaderElection.java:askForVotes(181)) - fcb47271-f594-42f2-9d06-9675c1177c5f:group-6B8376B46891:LeaderElection17: begin an election at term 4 for 0: [fcb47271-f594-42f2-9d06-9675c1177c5f:192.168.157.255:38678, cb9f76f9-cb80-4305-b09a-f3a7410878f9:192.168.157.255:34703, f94c1b2c-6457-4bd4-b145-0da877ce7d7a:192.168.157.255:37672], old=null
2019-08-10 04:06:36,176 INFO  impl.LeaderElection (LogUtils.java:infoOrTrace(149)) - fcb47271-f594-42f2-9d06-9675c1177c5f:group-6B8376B46891:LeaderElection17 got exception when requesting votes: {}
java.util.concurrent.ExecutionException: org.apache.ratis.thirdparty.io.grpc.StatusRuntimeException: UNAVAILABLE: io exception
	at java.util.concurrent.FutureTask.report(FutureTask.java:122)
	at java.util.concurrent.FutureTask.get(FutureTask.java:192)
	at org.apache.ratis.server.impl.LeaderElection.waitForResults(LeaderElection.java:262)
	at org.apache.ratis.server.impl.LeaderElection.askForVotes(LeaderElection.java:200)
	at org.apache.ratis.server.impl.LeaderElection.run(LeaderElection.java:130)
	at java.lang.Thread.run(Thread.java:748)
Caused by: org.apache.ratis.thirdparty.io.grpc.StatusRuntimeException: UNAVAILABLE: io exception
	at org.apache.ratis.thirdparty.io.grpc.stub.ClientCalls.toStatusRuntimeException(ClientCalls.java:233)
	at org.apache.ratis.thirdparty.io.grpc.stub.ClientCalls.getUnchecked(ClientCalls.java:214)
	at org.apache.ratis.thirdparty.io.grpc.stub.ClientCalls.blockingUnaryCall(ClientCalls.java:139)
	at org.apache.ratis.proto.grpc.RaftServerProtocolServiceGrpc$RaftServerProtocolServiceBlockingStub.requestVote(RaftServerProtocolServiceGrpc.java:265)
	at org.apache.ratis.grpc.server.GrpcServerProtocolClient.requestVote(GrpcServerProtocolClient.java:83)
	at org.apache.ratis.grpc.server.GrpcService.requestVote(GrpcService.java:195)
	at org.apache.ratis.server.impl.LeaderElection.lambda$submitRequests$1(LeaderElection.java:237)
	at java.util.concurrent.FutureTask.run(FutureTask.java:266)
	at java.util.concurrent.Executors$RunnableAdapter.call(Executors.java:511)
	at java.util.concurrent.FutureTask.run(FutureTask.java:266)
	at java.util.concurrent.ThreadPoolExecutor.runWorker(ThreadPoolExecutor.java:1149)
	at java.util.concurrent.ThreadPoolExecutor$Worker.run(ThreadPoolExecutor.java:624)
	... 1 more
Caused by: org.apache.ratis.thirdparty.io.netty.channel.AbstractChannel$AnnotatedConnectException: Connection refused: /192.168.157.255:37672
	at sun.nio.ch.SocketChannelImpl.checkConnect(Native Method)
	at sun.nio.ch.SocketChannelImpl.finishConnect(SocketChannelImpl.java:717)
	at org.apache.ratis.thirdparty.io.netty.channel.socket.nio.NioSocketChannel.doFinishConnect(NioSocketChannel.java:327)
	at org.apache.ratis.thirdparty.io.netty.channel.nio.AbstractNioChannel$AbstractNioUnsafe.finishConnect(AbstractNioChannel.java:340)
	at org.apache.ratis.thirdparty.io.netty.channel.nio.NioEventLoop.processSelectedKey(NioEventLoop.java:632)
	at org.apache.ratis.thirdparty.io.netty.channel.nio.NioEventLoop.processSelectedKeysOptimized(NioEventLoop.java:579)
	at org.apache.ratis.thirdparty.io.netty.channel.nio.NioEventLoop.processSelectedKeys(NioEventLoop.java:496)
	at org.apache.ratis.thirdparty.io.netty.channel.nio.NioEventLoop.run(NioEventLoop.java:458)
	at org.apache.ratis.thirdparty.io.netty.util.concurrent.SingleThreadEventExecutor$5.run(SingleThreadEventExecutor.java:897)
	at org.apache.ratis.thirdparty.io.netty.util.concurrent.FastThreadLocalRunnable.run(FastThreadLocalRunnable.java:30)
	... 1 more
Caused by: java.net.ConnectException: Connection refused
	... 11 more
2019-08-10 04:06:36,179 INFO  impl.LeaderElection (LogUtils.java:infoOrTrace(149)) - fcb47271-f594-42f2-9d06-9675c1177c5f:group-6B8376B46891:LeaderElection17 got exception when requesting votes: {}
java.util.concurrent.ExecutionException: org.apache.ratis.thirdparty.io.grpc.StatusRuntimeException: UNAVAILABLE: io exception
	at java.util.concurrent.FutureTask.report(FutureTask.java:122)
	at java.util.concurrent.FutureTask.get(FutureTask.java:192)
	at org.apache.ratis.server.impl.LeaderElection.waitForResults(LeaderElection.java:262)
	at org.apache.ratis.server.impl.LeaderElection.askForVotes(LeaderElection.java:200)
	at org.apache.ratis.server.impl.LeaderElection.run(LeaderElection.java:130)
	at java.lang.Thread.run(Thread.java:748)
Caused by: org.apache.ratis.thirdparty.io.grpc.StatusRuntimeException: UNAVAILABLE: io exception
	at org.apache.ratis.thirdparty.io.grpc.stub.ClientCalls.toStatusRuntimeException(ClientCalls.java:233)
	at org.apache.ratis.thirdparty.io.grpc.stub.ClientCalls.getUnchecked(ClientCalls.java:214)
	at org.apache.ratis.thirdparty.io.grpc.stub.ClientCalls.blockingUnaryCall(ClientCalls.java:139)
	at org.apache.ratis.proto.grpc.RaftServerProtocolServiceGrpc$RaftServerProtocolServiceBlockingStub.requestVote(RaftServerProtocolServiceGrpc.java:265)
	at org.apache.ratis.grpc.server.GrpcServerProtocolClient.requestVote(GrpcServerProtocolClient.java:83)
	at org.apache.ratis.grpc.server.GrpcService.requestVote(GrpcService.java:195)
	at org.apache.ratis.server.impl.LeaderElection.lambda$submitRequests$1(LeaderElection.java:237)
	at java.util.concurrent.FutureTask.run(FutureTask.java:266)
	at java.util.concurrent.Executors$RunnableAdapter.call(Executors.java:511)
	at java.util.concurrent.FutureTask.run(FutureTask.java:266)
	at java.util.concurrent.ThreadPoolExecutor.runWorker(ThreadPoolExecutor.java:1149)
	at java.util.concurrent.ThreadPoolExecutor$Worker.run(ThreadPoolExecutor.java:624)
	... 1 more
Caused by: org.apache.ratis.thirdparty.io.netty.channel.AbstractChannel$AnnotatedConnectException: Connection refused: /192.168.157.255:34703
	at sun.nio.ch.SocketChannelImpl.checkConnect(Native Method)
	at sun.nio.ch.SocketChannelImpl.finishConnect(SocketChannelImpl.java:717)
	at org.apache.ratis.thirdparty.io.netty.channel.socket.nio.NioSocketChannel.doFinishConnect(NioSocketChannel.java:327)
	at org.apache.ratis.thirdparty.io.netty.channel.nio.AbstractNioChannel$AbstractNioUnsafe.finishConnect(AbstractNioChannel.java:340)
	at org.apache.ratis.thirdparty.io.netty.channel.nio.NioEventLoop.processSelectedKey(NioEventLoop.java:632)
	at org.apache.ratis.thirdparty.io.netty.channel.nio.NioEventLoop.processSelectedKeysOptimized(NioEventLoop.java:579)
	at org.apache.ratis.thirdparty.io.netty.channel.nio.NioEventLoop.processSelectedKeys(NioEventLoop.java:496)
	at org.apache.ratis.thirdparty.io.netty.channel.nio.NioEventLoop.run(NioEventLoop.java:458)
	at org.apache.ratis.thirdparty.io.netty.util.concurrent.SingleThreadEventExecutor$5.run(SingleThreadEventExecutor.java:897)
	at org.apache.ratis.thirdparty.io.netty.util.concurrent.FastThreadLocalRunnable.run(FastThreadLocalRunnable.java:30)
	... 1 more
Caused by: java.net.ConnectException: Connection refused
	... 11 more
2019-08-10 04:06:36,181 INFO  impl.LeaderElection (LeaderElection.java:logAndReturn(56)) - fcb47271-f594-42f2-9d06-9675c1177c5f:group-6B8376B46891:LeaderElection17: Election REJECTED; received 0 response(s) [] and 2 exception(s); fcb47271-f594-42f2-9d06-9675c1177c5f:t4, leader=null, voted=fcb47271-f594-42f2-9d06-9675c1177c5f, raftlog=fcb47271-f594-42f2-9d06-9675c1177c5f-SegmentedRaftLog:OPENED:c4,f4,i4, conf=0: [fcb47271-f594-42f2-9d06-9675c1177c5f:192.168.157.255:38678, cb9f76f9-cb80-4305-b09a-f3a7410878f9:192.168.157.255:34703, f94c1b2c-6457-4bd4-b145-0da877ce7d7a:192.168.157.255:37672], old=null
2019-08-10 04:06:36,181 INFO  impl.LeaderElection (LogUtils.java:infoOrTrace(149)) -   Exception 0: {}
java.util.concurrent.ExecutionException: org.apache.ratis.thirdparty.io.grpc.StatusRuntimeException: UNAVAILABLE: io exception
	at java.util.concurrent.FutureTask.report(FutureTask.java:122)
	at java.util.concurrent.FutureTask.get(FutureTask.java:192)
	at org.apache.ratis.server.impl.LeaderElection.waitForResults(LeaderElection.java:262)
	at org.apache.ratis.server.impl.LeaderElection.askForVotes(LeaderElection.java:200)
	at org.apache.ratis.server.impl.LeaderElection.run(LeaderElection.java:130)
	at java.lang.Thread.run(Thread.java:748)
Caused by: org.apache.ratis.thirdparty.io.grpc.StatusRuntimeException: UNAVAILABLE: io exception
	at org.apache.ratis.thirdparty.io.grpc.stub.ClientCalls.toStatusRuntimeException(ClientCalls.java:233)
	at org.apache.ratis.thirdparty.io.grpc.stub.ClientCalls.getUnchecked(ClientCalls.java:214)
	at org.apache.ratis.thirdparty.io.grpc.stub.ClientCalls.blockingUnaryCall(ClientCalls.java:139)
	at org.apache.ratis.proto.grpc.RaftServerProtocolServiceGrpc$RaftServerProtocolServiceBlockingStub.requestVote(RaftServerProtocolServiceGrpc.java:265)
	at org.apache.ratis.grpc.server.GrpcServerProtocolClient.requestVote(GrpcServerProtocolClient.java:83)
	at org.apache.ratis.grpc.server.GrpcService.requestVote(GrpcService.java:195)
	at org.apache.ratis.server.impl.LeaderElection.lambda$submitRequests$1(LeaderElection.java:237)
	at java.util.concurrent.FutureTask.run(FutureTask.java:266)
	at java.util.concurrent.Executors$RunnableAdapter.call(Executors.java:511)
	at java.util.concurrent.FutureTask.run(FutureTask.java:266)
	at java.util.concurrent.ThreadPoolExecutor.runWorker(ThreadPoolExecutor.java:1149)
	at java.util.concurrent.ThreadPoolExecutor$Worker.run(ThreadPoolExecutor.java:624)
	... 1 more
Caused by: org.apache.ratis.thirdparty.io.netty.channel.AbstractChannel$AnnotatedConnectException: Connection refused: /192.168.157.255:37672
	at sun.nio.ch.SocketChannelImpl.checkConnect(Native Method)
	at sun.nio.ch.SocketChannelImpl.finishConnect(SocketChannelImpl.java:717)
	at org.apache.ratis.thirdparty.io.netty.channel.socket.nio.NioSocketChannel.doFinishConnect(NioSocketChannel.java:327)
	at org.apache.ratis.thirdparty.io.netty.channel.nio.AbstractNioChannel$AbstractNioUnsafe.finishConnect(AbstractNioChannel.java:340)
	at org.apache.ratis.thirdparty.io.netty.channel.nio.NioEventLoop.processSelectedKey(NioEventLoop.java:632)
	at org.apache.ratis.thirdparty.io.netty.channel.nio.NioEventLoop.processSelectedKeysOptimized(NioEventLoop.java:579)
	at org.apache.ratis.thirdparty.io.netty.channel.nio.NioEventLoop.processSelectedKeys(NioEventLoop.java:496)
	at org.apache.ratis.thirdparty.io.netty.channel.nio.NioEventLoop.run(NioEventLoop.java:458)
	at org.apache.ratis.thirdparty.io.netty.util.concurrent.SingleThreadEventExecutor$5.run(SingleThreadEventExecutor.java:897)
	at org.apache.ratis.thirdparty.io.netty.util.concurrent.FastThreadLocalRunnable.run(FastThreadLocalRunnable.java:30)
	... 1 more
Caused by: java.net.ConnectException: Connection refused
	... 11 more
2019-08-10 04:06:36,183 INFO  impl.LeaderElection (LogUtils.java:infoOrTrace(149)) -   Exception 1: {}
java.util.concurrent.ExecutionException: org.apache.ratis.thirdparty.io.grpc.StatusRuntimeException: UNAVAILABLE: io exception
	at java.util.concurrent.FutureTask.report(FutureTask.java:122)
	at java.util.concurrent.FutureTask.get(FutureTask.java:192)
	at org.apache.ratis.server.impl.LeaderElection.waitForResults(LeaderElection.java:262)
	at org.apache.ratis.server.impl.LeaderElection.askForVotes(LeaderElection.java:200)
	at org.apache.ratis.server.impl.LeaderElection.run(LeaderElection.java:130)
	at java.lang.Thread.run(Thread.java:748)
Caused by: org.apache.ratis.thirdparty.io.grpc.StatusRuntimeException: UNAVAILABLE: io exception
	at org.apache.ratis.thirdparty.io.grpc.stub.ClientCalls.toStatusRuntimeException(ClientCalls.java:233)
	at org.apache.ratis.thirdparty.io.grpc.stub.ClientCalls.getUnchecked(ClientCalls.java:214)
	at org.apache.ratis.thirdparty.io.grpc.stub.ClientCalls.blockingUnaryCall(ClientCalls.java:139)
	at org.apache.ratis.proto.grpc.RaftServerProtocolServiceGrpc$RaftServerProtocolServiceBlockingStub.requestVote(RaftServerProtocolServiceGrpc.java:265)
	at org.apache.ratis.grpc.server.GrpcServerProtocolClient.requestVote(GrpcServerProtocolClient.java:83)
	at org.apache.ratis.grpc.server.GrpcService.requestVote(GrpcService.java:195)
	at org.apache.ratis.server.impl.LeaderElection.lambda$submitRequests$1(LeaderElection.java:237)
	at java.util.concurrent.FutureTask.run(FutureTask.java:266)
	at java.util.concurrent.Executors$RunnableAdapter.call(Executors.java:511)
	at java.util.concurrent.FutureTask.run(FutureTask.java:266)
	at java.util.concurrent.ThreadPoolExecutor.runWorker(ThreadPoolExecutor.java:1149)
	at java.util.concurrent.ThreadPoolExecutor$Worker.run(ThreadPoolExecutor.java:624)
	... 1 more
Caused by: org.apache.ratis.thirdparty.io.netty.channel.AbstractChannel$AnnotatedConnectException: Connection refused: /192.168.157.255:34703
	at sun.nio.ch.SocketChannelImpl.checkConnect(Native Method)
	at sun.nio.ch.SocketChannelImpl.finishConnect(SocketChannelImpl.java:717)
	at org.apache.ratis.thirdparty.io.netty.channel.socket.nio.NioSocketChannel.doFinishConnect(NioSocketChannel.java:327)
	at org.apache.ratis.thirdparty.io.netty.channel.nio.AbstractNioChannel$AbstractNioUnsafe.finishConnect(AbstractNioChannel.java:340)
	at org.apache.ratis.thirdparty.io.netty.channel.nio.NioEventLoop.processSelectedKey(NioEventLoop.java:632)
	at org.apache.ratis.thirdparty.io.netty.channel.nio.NioEventLoop.processSelectedKeysOptimized(NioEventLoop.java:579)
	at org.apache.ratis.thirdparty.io.netty.channel.nio.NioEventLoop.processSelectedKeys(NioEventLoop.java:496)
	at org.apache.ratis.thirdparty.io.netty.channel.nio.NioEventLoop.run(NioEventLoop.java:458)
	at org.apache.ratis.thirdparty.io.netty.util.concurrent.SingleThreadEventExecutor$5.run(SingleThreadEventExecutor.java:897)
	at org.apache.ratis.thirdparty.io.netty.util.concurrent.FastThreadLocalRunnable.run(FastThreadLocalRunnable.java:30)
	... 1 more
Caused by: java.net.ConnectException: Connection refused
	... 11 more
2019-08-10 04:06:36,184 INFO  impl.RaftServerImpl (RaftServerImpl.java:setRole(171)) - fcb47271-f594-42f2-9d06-9675c1177c5f:group-6B8376B46891 changes role from CANDIDATE to FOLLOWER at term 4 for DISCOVERED_A_NEW_TERM
2019-08-10 04:06:36,185 INFO  impl.RoleInfo (RoleInfo.java:shutdownLeaderElection(134)) - fcb47271-f594-42f2-9d06-9675c1177c5f: shutdown LeaderElection
2019-08-10 04:06:36,186 INFO  impl.RoleInfo (RoleInfo.java:updateAndGet(143)) - fcb47271-f594-42f2-9d06-9675c1177c5f: start FollowerState
2019-08-10 04:06:36,327 WARN  server.GrpcLogAppender (LogUtils.java:warn(134)) - 1322933e-f801-4eab-8c61-7265168793c5->6435028b-549c-4b1e-90fb-d3e35990f884: Failed appendEntries: org.apache.ratis.thirdparty.io.grpc.StatusRuntimeException: UNAVAILABLE: io exception
2019-08-10 04:06:36,330 INFO  impl.FollowerInfo (FollowerInfo.java:lambda$new$0(50)) - 1322933e-f801-4eab-8c61-7265168793c5->6435028b-549c-4b1e-90fb-d3e35990f884: nextIndex: updateUnconditionally 13 -> 12
2019-08-10 04:06:36,667 INFO  node.StaleNodeHandler (StaleNodeHandler.java:onMessage(58)) - Datanode fcb47271-f594-42f2-9d06-9675c1177c5f{ip: 192.168.157.255, host: byscane-nightly-wggqd-62853239, networkLocation: /default-rack, certSerialId: null} moved to stale state. Finalizing its pipelines [PipelineID=cc019761-82b1-488c-a0c8-6b8376b46891, PipelineID=1411125b-2297-4d2c-9e55-baaf693a5aa8]
2019-08-10 04:06:36,667 INFO  pipeline.SCMPipelineManager (SCMPipelineManager.java:finalizeAndDestroyPipeline(309)) - destroying pipeline:Pipeline[ Id: cc019761-82b1-488c-a0c8-6b8376b46891, Nodes: fcb47271-f594-42f2-9d06-9675c1177c5f{ip: 192.168.157.255, host: byscane-nightly-wggqd-62853239, networkLocation: /default-rack, certSerialId: null}f94c1b2c-6457-4bd4-b145-0da877ce7d7a{ip: 192.168.157.255, host: byscane-nightly-wggqd-62853239, networkLocation: /default-rack, certSerialId: null}cb9f76f9-cb80-4305-b09a-f3a7410878f9{ip: 192.168.157.255, host: byscane-nightly-wggqd-62853239, networkLocation: /default-rack, certSerialId: null}, Type:RATIS, Factor:THREE, State:CLOSED]
2019-08-10 04:06:36,667 INFO  pipeline.SCMPipelineManager (SCMPipelineManager.java:finalizeAndDestroyPipeline(309)) - destroying pipeline:Pipeline[ Id: 1411125b-2297-4d2c-9e55-baaf693a5aa8, Nodes: fcb47271-f594-42f2-9d06-9675c1177c5f{ip: 192.168.157.255, host: byscane-nightly-wggqd-62853239, networkLocation: /default-rack, certSerialId: null}, Type:RATIS, Factor:ONE, State:OPEN]
2019-08-10 04:06:36,668 INFO  pipeline.PipelineStateManager (PipelineStateManager.java:finalizePipeline(123)) - Pipeline Pipeline[ Id: 1411125b-2297-4d2c-9e55-baaf693a5aa8, Nodes: fcb47271-f594-42f2-9d06-9675c1177c5f{ip: 192.168.157.255, host: byscane-nightly-wggqd-62853239, networkLocation: /default-rack, certSerialId: null}, Type:RATIS, Factor:ONE, State:CLOSED] moved to CLOSED state
2019-08-10 04:06:36,867 INFO  node.StaleNodeHandler (StaleNodeHandler.java:onMessage(58)) - Datanode 1322933e-f801-4eab-8c61-7265168793c5{ip: 192.168.157.255, host: byscane-nightly-wggqd-62853239, networkLocation: /default-rack, certSerialId: null} moved to stale state. Finalizing its pipelines [PipelineID=6b70fddc-b679-4832-9f46-b600ad59aafa, PipelineID=3a390ac0-3965-404e-98c3-48837b23b6df]
2019-08-10 04:06:36,868 INFO  pipeline.SCMPipelineManager (SCMPipelineManager.java:finalizeAndDestroyPipeline(309)) - destroying pipeline:Pipeline[ Id: 6b70fddc-b679-4832-9f46-b600ad59aafa, Nodes: 1322933e-f801-4eab-8c61-7265168793c5{ip: 192.168.157.255, host: byscane-nightly-wggqd-62853239, networkLocation: /default-rack, certSerialId: null}, Type:RATIS, Factor:ONE, State:OPEN]
2019-08-10 04:06:36,868 INFO  pipeline.PipelineStateManager (PipelineStateManager.java:finalizePipeline(123)) - Pipeline Pipeline[ Id: 6b70fddc-b679-4832-9f46-b600ad59aafa, Nodes: 1322933e-f801-4eab-8c61-7265168793c5{ip: 192.168.157.255, host: byscane-nightly-wggqd-62853239, networkLocation: /default-rack, certSerialId: null}, Type:RATIS, Factor:ONE, State:CLOSED] moved to CLOSED state
2019-08-10 04:06:36,868 INFO  pipeline.SCMPipelineManager (SCMPipelineManager.java:finalizeAndDestroyPipeline(309)) - destroying pipeline:Pipeline[ Id: 3a390ac0-3965-404e-98c3-48837b23b6df, Nodes: 1322933e-f801-4eab-8c61-7265168793c5{ip: 192.168.157.255, host: byscane-nightly-wggqd-62853239, networkLocation: /default-rack, certSerialId: null}6435028b-549c-4b1e-90fb-d3e35990f884{ip: 192.168.157.255, host: byscane-nightly-wggqd-62853239, networkLocation: /default-rack, certSerialId: null}9fb16d77-47ad-4452-9caf-f9ff65d0025b{ip: 192.168.157.255, host: byscane-nightly-wggqd-62853239, networkLocation: /default-rack, certSerialId: null}, Type:RATIS, Factor:THREE, State:CLOSED]
2019-08-10 04:06:36,989 INFO  ozoneimpl.OzoneContainer (OzoneContainer.java:stop(199)) - Attempting to stop container services.
2019-08-10 04:06:36,990 INFO  impl.RaftServerProxy (RaftServerProxy.java:lambda$close$4(314)) - fcb47271-f594-42f2-9d06-9675c1177c5f: close
2019-08-10 04:06:36,991 INFO  impl.RaftServerImpl (RaftServerImpl.java:lambda$shutdown$3(245)) - fcb47271-f594-42f2-9d06-9675c1177c5f: shutdown group-6B8376B46891
2019-08-10 04:06:36,991 INFO  util.JmxRegister (JmxRegister.java:unregister(73)) - Successfully un-registered JMX Bean with object name Ratis:service=RaftServer,group=group-6B8376B46891,id=fcb47271-f594-42f2-9d06-9675c1177c5f
2019-08-10 04:06:36,992 INFO  impl.RoleInfo (RoleInfo.java:shutdownFollowerState(121)) - fcb47271-f594-42f2-9d06-9675c1177c5f: shutdown FollowerState
2019-08-10 04:06:36,992 INFO  impl.StateMachineUpdater (StateMachineUpdater.java:stopAndJoin(115)) - StateMachineUpdater:fcb47271-f594-42f2-9d06-9675c1177c5f:group-6B8376B46891: set stopIndex = 4
2019-08-10 04:06:36,993 INFO  ratis.ContainerStateMachine (ContainerStateMachine.java:takeSnapshot(262)) - group-6B8376B46891: Taking a snapshot at:(t:3, i:3) file /workdir/hadoop-ozone/integration-test/target/test-dir/MiniOzoneClusterImpl-78319399-da6d-4099-9cd6-4b429a1af7e9/datanode-6/data/ratis/cc019761-82b1-488c-a0c8-6b8376b46891/sm/snapshot.3_3
2019-08-10 04:06:36,992 INFO  impl.FollowerState (FollowerState.java:run(114)) - fcb47271-f594-42f2-9d06-9675c1177c5f: FollowerState was interrupted: java.lang.InterruptedException: sleep interrupted
2019-08-10 04:06:37,002 INFO  ratis.ContainerStateMachine (ContainerStateMachine.java:takeSnapshot(273)) - group-6B8376B46891: Finished taking a snapshot at:(t:3, i:3) file:/workdir/hadoop-ozone/integration-test/target/test-dir/MiniOzoneClusterImpl-78319399-da6d-4099-9cd6-4b429a1af7e9/datanode-6/data/ratis/cc019761-82b1-488c-a0c8-6b8376b46891/sm/snapshot.3_3 time:9
2019-08-10 04:06:37,002 INFO  impl.StateMachineUpdater (StateMachineUpdater.java:takeSnapshot(242)) - StateMachineUpdater:fcb47271-f594-42f2-9d06-9675c1177c5f:group-6B8376B46891: Took a snapshot at index 3
2019-08-10 04:06:37,002 INFO  impl.StateMachineUpdater (StateMachineUpdater.java:lambda$new$0(80)) - StateMachineUpdater:fcb47271-f594-42f2-9d06-9675c1177c5f:group-6B8376B46891: snapshotIndex: updateIncreasingly -1 -> 3
2019-08-10 04:06:37,003 INFO  impl.RaftServerImpl (ServerState.java:close(394)) - fcb47271-f594-42f2-9d06-9675c1177c5f:group-6B8376B46891 closes. The last applied log index is 4
2019-08-10 04:06:37,003 INFO  segmented.SegmentedRaftLogWorker (SegmentedRaftLogWorker.java:run(313)) - fcb47271-f594-42f2-9d06-9675c1177c5f-SegmentedRaftLogWorker:Storage Directory /workdir/hadoop-ozone/integration-test/target/test-dir/MiniOzoneClusterImpl-78319399-da6d-4099-9cd6-4b429a1af7e9/datanode-6/data/ratis/cc019761-82b1-488c-a0c8-6b8376b46891 was interrupted, exiting. There are 0 tasks remaining in the queue.
2019-08-10 04:06:37,004 INFO  ozoneimpl.OzoneContainer (OzoneContainer.java:stop(199)) - Attempting to stop container services.
2019-08-10 04:06:37,005 INFO  segmented.SegmentedRaftLogWorker (SegmentedRaftLogWorker.java:close(228)) - fcb47271-f594-42f2-9d06-9675c1177c5f-SegmentedRaftLogWorker:Storage Directory /workdir/hadoop-ozone/integration-test/target/test-dir/MiniOzoneClusterImpl-78319399-da6d-4099-9cd6-4b429a1af7e9/datanode-6/data/ratis/cc019761-82b1-488c-a0c8-6b8376b46891 close()
2019-08-10 04:06:37,005 INFO  impl.RaftServerProxy (RaftServerProxy.java:lambda$close$4(314)) - 1322933e-f801-4eab-8c61-7265168793c5: close
2019-08-10 04:06:37,008 INFO  impl.RaftServerImpl (RaftServerImpl.java:lambda$shutdown$3(245)) - fcb47271-f594-42f2-9d06-9675c1177c5f: shutdown group-BAAF693A5AA8
2019-08-10 04:06:37,008 INFO  impl.RaftServerImpl (RaftServerImpl.java:lambda$shutdown$3(245)) - 1322933e-f801-4eab-8c61-7265168793c5: shutdown group-B600AD59AAFA
2019-08-10 04:06:37,008 INFO  util.JmxRegister (JmxRegister.java:unregister(73)) - Successfully un-registered JMX Bean with object name Ratis:service=RaftServer,group=group-BAAF693A5AA8,id=fcb47271-f594-42f2-9d06-9675c1177c5f
2019-08-10 04:06:37,009 INFO  impl.RoleInfo (RoleInfo.java:shutdownLeaderState(104)) - fcb47271-f594-42f2-9d06-9675c1177c5f: shutdown LeaderState
2019-08-10 04:06:37,009 INFO  util.JmxRegister (JmxRegister.java:unregister(73)) - Successfully un-registered JMX Bean with object name Ratis:service=RaftServer,group=group-B600AD59AAFA,id=1322933e-f801-4eab-8c61-7265168793c5
2019-08-10 04:06:37,010 INFO  impl.PendingRequests (PendingRequests.java:sendNotLeaderResponses(202)) - fcb47271-f594-42f2-9d06-9675c1177c5f-PendingRequests: sendNotLeaderResponses
2019-08-10 04:06:37,010 INFO  impl.RoleInfo (RoleInfo.java:shutdownLeaderState(104)) - 1322933e-f801-4eab-8c61-7265168793c5: shutdown LeaderState
2019-08-10 04:06:37,011 INFO  impl.StateMachineUpdater (StateMachineUpdater.java:stopAndJoin(115)) - StateMachineUpdater:fcb47271-f594-42f2-9d06-9675c1177c5f:group-BAAF693A5AA8: set stopIndex = 0
2019-08-10 04:06:37,011 INFO  impl.RaftServerImpl (ServerState.java:close(394)) - fcb47271-f594-42f2-9d06-9675c1177c5f:group-BAAF693A5AA8 closes. The last applied log index is 0
2019-08-10 04:06:37,011 INFO  impl.PendingRequests (PendingRequests.java:sendNotLeaderResponses(202)) - 1322933e-f801-4eab-8c61-7265168793c5-PendingRequests: sendNotLeaderResponses
2019-08-10 04:06:37,012 INFO  segmented.SegmentedRaftLogWorker (SegmentedRaftLogWorker.java:run(313)) - fcb47271-f594-42f2-9d06-9675c1177c5f-SegmentedRaftLogWorker:Storage Directory /workdir/hadoop-ozone/integration-test/target/test-dir/MiniOzoneClusterImpl-78319399-da6d-4099-9cd6-4b429a1af7e9/datanode-6/data/ratis/1411125b-2297-4d2c-9e55-baaf693a5aa8 was interrupted, exiting. There are 0 tasks remaining in the queue.
2019-08-10 04:06:37,012 INFO  impl.StateMachineUpdater (StateMachineUpdater.java:stopAndJoin(115)) - StateMachineUpdater:1322933e-f801-4eab-8c61-7265168793c5:group-B600AD59AAFA: set stopIndex = 0
2019-08-10 04:06:37,014 INFO  segmented.SegmentedRaftLogWorker (SegmentedRaftLogWorker.java:close(228)) - fcb47271-f594-42f2-9d06-9675c1177c5f-SegmentedRaftLogWorker:Storage Directory /workdir/hadoop-ozone/integration-test/target/test-dir/MiniOzoneClusterImpl-78319399-da6d-4099-9cd6-4b429a1af7e9/datanode-6/data/ratis/1411125b-2297-4d2c-9e55-baaf693a5aa8 close()
2019-08-10 04:06:37,014 INFO  impl.RaftServerImpl (ServerState.java:close(394)) - 1322933e-f801-4eab-8c61-7265168793c5:group-B600AD59AAFA closes. The last applied log index is 0
2019-08-10 04:06:37,017 INFO  server.GrpcService (GrpcService.java:closeImpl(155)) - fcb47271-f594-42f2-9d06-9675c1177c5f: shutdown server with port 38678 now
2019-08-10 04:06:37,017 INFO  segmented.SegmentedRaftLogWorker (SegmentedRaftLogWorker.java:run(313)) - 1322933e-f801-4eab-8c61-7265168793c5-SegmentedRaftLogWorker:Storage Directory /workdir/hadoop-ozone/integration-test/target/test-dir/MiniOzoneClusterImpl-78319399-da6d-4099-9cd6-4b429a1af7e9/datanode-0/data/ratis/6b70fddc-b679-4832-9f46-b600ad59aafa was interrupted, exiting. There are 0 tasks remaining in the queue.
2019-08-10 04:06:37,019 INFO  server.GrpcService (GrpcService.java:closeImpl(163)) - fcb47271-f594-42f2-9d06-9675c1177c5f: shutdown server with port 38678 successfully
2019-08-10 04:06:37,019 INFO  segmented.SegmentedRaftLogWorker (SegmentedRaftLogWorker.java:close(228)) - 1322933e-f801-4eab-8c61-7265168793c5-SegmentedRaftLogWorker:Storage Directory /workdir/hadoop-ozone/integration-test/target/test-dir/MiniOzoneClusterImpl-78319399-da6d-4099-9cd6-4b429a1af7e9/datanode-0/data/ratis/6b70fddc-b679-4832-9f46-b600ad59aafa close()
2019-08-10 04:06:37,029 INFO  impl.RaftServerImpl (RaftServerImpl.java:lambda$shutdown$3(245)) - 1322933e-f801-4eab-8c61-7265168793c5: shutdown group-48837B23B6DF
2019-08-10 04:06:37,029 INFO  util.JmxRegister (JmxRegister.java:unregister(73)) - Successfully un-registered JMX Bean with object name Ratis:service=RaftServer,group=group-48837B23B6DF,id=1322933e-f801-4eab-8c61-7265168793c5
2019-08-10 04:06:37,029 INFO  impl.RoleInfo (RoleInfo.java:shutdownLeaderState(104)) - 1322933e-f801-4eab-8c61-7265168793c5: shutdown LeaderState
2019-08-10 04:06:37,029 INFO  utils.BackgroundService (BackgroundService.java:shutdown(148)) - Shutting down service BlockDeletingService
2019-08-10 04:06:37,033 WARN  server.GrpcLogAppender (GrpcLogAppender.java:mayWait(143)) - GrpcLogAppender(1322933e-f801-4eab-8c61-7265168793c5->6435028b-549c-4b1e-90fb-d3e35990f884): Wait interrupted by java.lang.InterruptedException
2019-08-10 04:06:37,033 WARN  server.GrpcLogAppender (GrpcLogAppender.java:mayWait(143)) - GrpcLogAppender(1322933e-f801-4eab-8c61-7265168793c5->9fb16d77-47ad-4452-9caf-f9ff65d0025b): Wait interrupted by java.lang.InterruptedException
2019-08-10 04:06:37,033 INFO  impl.PendingRequests (PendingRequests.java:sendNotLeaderResponses(202)) - 1322933e-f801-4eab-8c61-7265168793c5-PendingRequests: sendNotLeaderResponses
2019-08-10 04:06:37,037 INFO  impl.StateMachineUpdater (StateMachineUpdater.java:stopAndJoin(115)) - StateMachineUpdater:1322933e-f801-4eab-8c61-7265168793c5:group-48837B23B6DF: set stopIndex = 18
2019-08-10 04:06:37,037 INFO  ratis.ContainerStateMachine (ContainerStateMachine.java:takeSnapshot(262)) - group-48837B23B6DF: Taking a snapshot at:(t:1, i:18) file /workdir/hadoop-ozone/integration-test/target/test-dir/MiniOzoneClusterImpl-78319399-da6d-4099-9cd6-4b429a1af7e9/datanode-0/data/ratis/3a390ac0-3965-404e-98c3-48837b23b6df/sm/snapshot.1_18
2019-08-10 04:06:37,037 INFO  server.GrpcServerProtocolService (GrpcServerProtocolService.java:onCompleted(104)) - 9fb16d77-47ad-4452-9caf-f9ff65d0025b: appendEntries completed
2019-08-10 04:06:37,038 WARN  fs.CachingGetSpaceUsed (CachingGetSpaceUsed.java:run(183)) - Thread Interrupted waiting to refresh disk information: sleep interrupted
2019-08-10 04:06:37,039 INFO  server.GrpcLogAppender (GrpcLogAppender.java:onCompleted(292)) - 1322933e-f801-4eab-8c61-7265168793c5->9fb16d77-47ad-4452-9caf-f9ff65d0025b: follower responses appendEntries COMPLETED
2019-08-10 04:06:37,040 INFO  impl.FollowerInfo (FollowerInfo.java:lambda$new$0(50)) - 1322933e-f801-4eab-8c61-7265168793c5->9fb16d77-47ad-4452-9caf-f9ff65d0025b: nextIndex: updateUnconditionally 19 -> 18
2019-08-10 04:06:37,060 INFO  statemachine.DatanodeStateMachine (DatanodeStateMachine.java:stopDaemon(395)) - Ozone container server stopped.
2019-08-10 04:06:37,061 INFO  handler.ContextHandler (ContextHandler.java:doStop(910)) - Stopped o.e.j.w.WebAppContext@3c33fcf8{/,null,UNAVAILABLE}{/hddsDatanode}
2019-08-10 04:06:37,062 INFO  server.AbstractConnector (AbstractConnector.java:doStop(318)) - Stopped ServerConnector@dada335{HTTP/1.1,[http/1.1]}{0.0.0.0:0}
2019-08-10 04:06:37,062 INFO  handler.ContextHandler (ContextHandler.java:doStop(910)) - Stopped o.e.j.s.ServletContextHandler@59918c8f{/static,jar:file:/home/user/.m2/repository/org/apache/hadoop/hadoop-hdds-container-service/0.4.1-SNAPSHOT/hadoop-hdds-container-service-0.4.1-SNAPSHOT.jar!/webapps/static,UNAVAILABLE}
2019-08-10 04:06:37,063 INFO  handler.ContextHandler (ContextHandler.java:doStop(910)) - Stopped o.e.j.s.ServletContextHandler@2c60ce47{/logs,file:///workdir/hadoop-ozone/integration-test/target/log,UNAVAILABLE}
2019-08-10 04:06:37,063 INFO  ratis.ContainerStateMachine (ContainerStateMachine.java:takeSnapshot(273)) - group-48837B23B6DF: Finished taking a snapshot at:(t:1, i:18) file:/workdir/hadoop-ozone/integration-test/target/test-dir/MiniOzoneClusterImpl-78319399-da6d-4099-9cd6-4b429a1af7e9/datanode-0/data/ratis/3a390ac0-3965-404e-98c3-48837b23b6df/sm/snapshot.1_18 time:25
2019-08-10 04:06:37,063 INFO  impl.StateMachineUpdater (StateMachineUpdater.java:takeSnapshot(242)) - StateMachineUpdater:1322933e-f801-4eab-8c61-7265168793c5:group-48837B23B6DF: Took a snapshot at index 18
2019-08-10 04:06:37,063 INFO  impl.StateMachineUpdater (StateMachineUpdater.java:lambda$new$0(80)) - StateMachineUpdater:1322933e-f801-4eab-8c61-7265168793c5:group-48837B23B6DF: snapshotIndex: updateIncreasingly -1 -> 18
2019-08-10 04:06:37,064 INFO  impl.RaftServerImpl (ServerState.java:close(394)) - 1322933e-f801-4eab-8c61-7265168793c5:group-48837B23B6DF closes. The last applied log index is 18
2019-08-10 04:06:37,064 INFO  datanode.ObjectStoreHandler (ObjectStoreHandler.java:close(155)) - Closing ObjectStoreHandler.
2019-08-10 04:06:37,064 INFO  segmented.SegmentedRaftLogWorker (SegmentedRaftLogWorker.java:run(313)) - 1322933e-f801-4eab-8c61-7265168793c5-SegmentedRaftLogWorker:Storage Directory /workdir/hadoop-ozone/integration-test/target/test-dir/MiniOzoneClusterImpl-78319399-da6d-4099-9cd6-4b429a1af7e9/datanode-0/data/ratis/3a390ac0-3965-404e-98c3-48837b23b6df was interrupted, exiting. There are 0 tasks remaining in the queue.
2019-08-10 04:06:37,065 INFO  ozone.HddsDatanodeService (HddsDatanodeService.java:stop(451)) - Stopped plug-in org.apache.hadoop.ozone.web.OzoneHddsDatanodeService@5b742bc8
2019-08-10 04:06:37,065 INFO  segmented.SegmentedRaftLogWorker (SegmentedRaftLogWorker.java:close(228)) - 1322933e-f801-4eab-8c61-7265168793c5-SegmentedRaftLogWorker:Storage Directory /workdir/hadoop-ozone/integration-test/target/test-dir/MiniOzoneClusterImpl-78319399-da6d-4099-9cd6-4b429a1af7e9/datanode-0/data/ratis/3a390ac0-3965-404e-98c3-48837b23b6df close()
2019-08-10 04:06:37,066 INFO  server.GrpcService (GrpcService.java:closeImpl(155)) - 1322933e-f801-4eab-8c61-7265168793c5: shutdown server with port 38537 now
2019-08-10 04:06:37,067 INFO  server.GrpcService (GrpcService.java:closeImpl(163)) - 1322933e-f801-4eab-8c61-7265168793c5: shutdown server with port 38537 successfully
2019-08-10 04:06:37,069 WARN  client.GrpcClientProtocolService (LogUtils.java:warn(134)) - 3-UnorderedRequestStreamObserver3: onError: org.apache.ratis.thirdparty.io.grpc.StatusRuntimeException: CANCELLED: cancelled before receiving half close
2019-08-10 04:06:37,077 INFO  utils.BackgroundService (BackgroundService.java:shutdown(148)) - Shutting down service BlockDeletingService
2019-08-10 04:06:37,080 WARN  fs.CachingGetSpaceUsed (CachingGetSpaceUsed.java:run(183)) - Thread Interrupted waiting to refresh disk information: sleep interrupted
2019-08-10 04:06:37,094 INFO  statemachine.DatanodeStateMachine (DatanodeStateMachine.java:stopDaemon(395)) - Ozone container server stopped.
2019-08-10 04:06:37,097 INFO  handler.ContextHandler (ContextHandler.java:doStop(910)) - Stopped o.e.j.w.WebAppContext@dc79225{/,null,UNAVAILABLE}{/hddsDatanode}
2019-08-10 04:06:37,098 INFO  server.AbstractConnector (AbstractConnector.java:doStop(318)) - Stopped ServerConnector@30e9ca13{HTTP/1.1,[http/1.1]}{0.0.0.0:0}
2019-08-10 04:06:37,099 INFO  handler.ContextHandler (ContextHandler.java:doStop(910)) - Stopped o.e.j.s.ServletContextHandler@1f0b3cfe{/static,jar:file:/home/user/.m2/repository/org/apache/hadoop/hadoop-hdds-container-service/0.4.1-SNAPSHOT/hadoop-hdds-container-service-0.4.1-SNAPSHOT.jar!/webapps/static,UNAVAILABLE}
2019-08-10 04:06:37,101 INFO  handler.ContextHandler (ContextHandler.java:doStop(910)) - Stopped o.e.j.s.ServletContextHandler@42ea287{/logs,file:///workdir/hadoop-ozone/integration-test/target/log,UNAVAILABLE}
2019-08-10 04:06:37,882 INFO  statemachine.DatanodeStateMachine (DatanodeStateMachine.java:lambda$startDaemon$0(350)) - Ozone container server started.
2019-08-10 04:06:41,978 INFO  node.StaleNodeHandler (StaleNodeHandler.java:onMessage(58)) - Datanode 9fb16d77-47ad-4452-9caf-f9ff65d0025b{ip: 192.168.157.255, host: byscane-nightly-wggqd-62853239, networkLocation: /default-rack, certSerialId: null} moved to stale state. Finalizing its pipelines [PipelineID=9b89a7ec-5518-4f21-88da-cf9dcad73662, PipelineID=3a390ac0-3965-404e-98c3-48837b23b6df]
2019-08-10 04:06:41,978 INFO  pipeline.SCMPipelineManager (SCMPipelineManager.java:finalizeAndDestroyPipeline(309)) - destroying pipeline:Pipeline[ Id: 9b89a7ec-5518-4f21-88da-cf9dcad73662, Nodes: 9fb16d77-47ad-4452-9caf-f9ff65d0025b{ip: 192.168.157.255, host: byscane-nightly-wggqd-62853239, networkLocation: /default-rack, certSerialId: null}, Type:RATIS, Factor:ONE, State:OPEN]
2019-08-10 04:06:41,978 INFO  pipeline.PipelineStateManager (PipelineStateManager.java:finalizePipeline(123)) - Pipeline Pipeline[ Id: 9b89a7ec-5518-4f21-88da-cf9dcad73662, Nodes: 9fb16d77-47ad-4452-9caf-f9ff65d0025b{ip: 192.168.157.255, host: byscane-nightly-wggqd-62853239, networkLocation: /default-rack, certSerialId: null}, Type:RATIS, Factor:ONE, State:CLOSED] moved to CLOSED state
2019-08-10 04:06:41,979 INFO  pipeline.SCMPipelineManager (SCMPipelineManager.java:finalizeAndDestroyPipeline(309)) - destroying pipeline:Pipeline[ Id: 3a390ac0-3965-404e-98c3-48837b23b6df, Nodes: 1322933e-f801-4eab-8c61-7265168793c5{ip: 192.168.157.255, host: byscane-nightly-wggqd-62853239, networkLocation: /default-rack, certSerialId: null}6435028b-549c-4b1e-90fb-d3e35990f884{ip: 192.168.157.255, host: byscane-nightly-wggqd-62853239, networkLocation: /default-rack, certSerialId: null}9fb16d77-47ad-4452-9caf-f9ff65d0025b{ip: 192.168.157.255, host: byscane-nightly-wggqd-62853239, networkLocation: /default-rack, certSerialId: null}, Type:RATIS, Factor:THREE, State:CLOSED]
2019-08-10 04:06:42,065 INFO  ozoneimpl.OzoneContainer (OzoneContainer.java:stop(199)) - Attempting to stop container services.
2019-08-10 04:06:42,066 INFO  impl.RaftServerProxy (RaftServerProxy.java:lambda$close$4(314)) - 9fb16d77-47ad-4452-9caf-f9ff65d0025b: close
2019-08-10 04:06:42,067 INFO  impl.RaftServerImpl (RaftServerImpl.java:lambda$shutdown$3(245)) - 9fb16d77-47ad-4452-9caf-f9ff65d0025b: shutdown group-CF9DCAD73662
2019-08-10 04:06:42,068 INFO  util.JmxRegister (JmxRegister.java:unregister(73)) - Successfully un-registered JMX Bean with object name Ratis:service=RaftServer,group=group-CF9DCAD73662,id=9fb16d77-47ad-4452-9caf-f9ff65d0025b
2019-08-10 04:06:42,068 INFO  impl.RoleInfo (RoleInfo.java:shutdownLeaderState(104)) - 9fb16d77-47ad-4452-9caf-f9ff65d0025b: shutdown LeaderState
2019-08-10 04:06:42,069 INFO  impl.PendingRequests (PendingRequests.java:sendNotLeaderResponses(202)) - 9fb16d77-47ad-4452-9caf-f9ff65d0025b-PendingRequests: sendNotLeaderResponses
2019-08-10 04:06:42,069 INFO  impl.StateMachineUpdater (StateMachineUpdater.java:stopAndJoin(115)) - StateMachineUpdater:9fb16d77-47ad-4452-9caf-f9ff65d0025b:group-CF9DCAD73662: set stopIndex = 0
2019-08-10 04:06:42,070 INFO  impl.RaftServerImpl (ServerState.java:close(394)) - 9fb16d77-47ad-4452-9caf-f9ff65d0025b:group-CF9DCAD73662 closes. The last applied log index is 0
2019-08-10 04:06:42,071 INFO  segmented.SegmentedRaftLogWorker (SegmentedRaftLogWorker.java:run(313)) - 9fb16d77-47ad-4452-9caf-f9ff65d0025b-SegmentedRaftLogWorker:Storage Directory /workdir/hadoop-ozone/integration-test/target/test-dir/MiniOzoneClusterImpl-78319399-da6d-4099-9cd6-4b429a1af7e9/datanode-5/data/ratis/9b89a7ec-5518-4f21-88da-cf9dcad73662 was interrupted, exiting. There are 0 tasks remaining in the queue.
2019-08-10 04:06:42,071 INFO  segmented.SegmentedRaftLogWorker (SegmentedRaftLogWorker.java:close(228)) - 9fb16d77-47ad-4452-9caf-f9ff65d0025b-SegmentedRaftLogWorker:Storage Directory /workdir/hadoop-ozone/integration-test/target/test-dir/MiniOzoneClusterImpl-78319399-da6d-4099-9cd6-4b429a1af7e9/datanode-5/data/ratis/9b89a7ec-5518-4f21-88da-cf9dcad73662 close()
2019-08-10 04:06:42,073 INFO  impl.RaftServerImpl (RaftServerImpl.java:lambda$shutdown$3(245)) - 9fb16d77-47ad-4452-9caf-f9ff65d0025b: shutdown group-48837B23B6DF
2019-08-10 04:06:42,074 INFO  util.JmxRegister (JmxRegister.java:unregister(73)) - Successfully un-registered JMX Bean with object name Ratis:service=RaftServer,group=group-48837B23B6DF,id=9fb16d77-47ad-4452-9caf-f9ff65d0025b
2019-08-10 04:06:42,074 INFO  impl.RoleInfo (RoleInfo.java:shutdownFollowerState(121)) - 9fb16d77-47ad-4452-9caf-f9ff65d0025b: shutdown FollowerState
2019-08-10 04:06:42,075 INFO  impl.StateMachineUpdater (StateMachineUpdater.java:stopAndJoin(115)) - StateMachineUpdater:9fb16d77-47ad-4452-9caf-f9ff65d0025b:group-48837B23B6DF: set stopIndex = 18
2019-08-10 04:06:42,075 INFO  ratis.ContainerStateMachine (ContainerStateMachine.java:takeSnapshot(262)) - group-48837B23B6DF: Taking a snapshot at:(t:1, i:17) file /workdir/hadoop-ozone/integration-test/target/test-dir/MiniOzoneClusterImpl-78319399-da6d-4099-9cd6-4b429a1af7e9/datanode-5/data/ratis/3a390ac0-3965-404e-98c3-48837b23b6df/sm/snapshot.1_17
2019-08-10 04:06:42,075 INFO  impl.FollowerState (FollowerState.java:run(114)) - 9fb16d77-47ad-4452-9caf-f9ff65d0025b: FollowerState was interrupted: java.lang.InterruptedException: sleep interrupted
2019-08-10 04:06:42,087 INFO  ratis.ContainerStateMachine (ContainerStateMachine.java:takeSnapshot(273)) - group-48837B23B6DF: Finished taking a snapshot at:(t:1, i:17) file:/workdir/hadoop-ozone/integration-test/target/test-dir/MiniOzoneClusterImpl-78319399-da6d-4099-9cd6-4b429a1af7e9/datanode-5/data/ratis/3a390ac0-3965-404e-98c3-48837b23b6df/sm/snapshot.1_17 time:12
2019-08-10 04:06:42,087 INFO  impl.StateMachineUpdater (StateMachineUpdater.java:takeSnapshot(242)) - StateMachineUpdater:9fb16d77-47ad-4452-9caf-f9ff65d0025b:group-48837B23B6DF: Took a snapshot at index 17
2019-08-10 04:06:42,087 INFO  impl.StateMachineUpdater (StateMachineUpdater.java:lambda$new$0(80)) - StateMachineUpdater:9fb16d77-47ad-4452-9caf-f9ff65d0025b:group-48837B23B6DF: snapshotIndex: updateIncreasingly -1 -> 17
2019-08-10 04:06:42,088 INFO  impl.RaftServerImpl (ServerState.java:close(394)) - 9fb16d77-47ad-4452-9caf-f9ff65d0025b:group-48837B23B6DF closes. The last applied log index is 18
2019-08-10 04:06:42,088 INFO  segmented.SegmentedRaftLogWorker (SegmentedRaftLogWorker.java:run(313)) - 9fb16d77-47ad-4452-9caf-f9ff65d0025b-SegmentedRaftLogWorker:Storage Directory /workdir/hadoop-ozone/integration-test/target/test-dir/MiniOzoneClusterImpl-78319399-da6d-4099-9cd6-4b429a1af7e9/datanode-5/data/ratis/3a390ac0-3965-404e-98c3-48837b23b6df was interrupted, exiting. There are 0 tasks remaining in the queue.
2019-08-10 04:06:42,089 INFO  segmented.SegmentedRaftLogWorker (SegmentedRaftLogWorker.java:close(228)) - 9fb16d77-47ad-4452-9caf-f9ff65d0025b-SegmentedRaftLogWorker:Storage Directory /workdir/hadoop-ozone/integration-test/target/test-dir/MiniOzoneClusterImpl-78319399-da6d-4099-9cd6-4b429a1af7e9/datanode-5/data/ratis/3a390ac0-3965-404e-98c3-48837b23b6df close()
2019-08-10 04:06:42,090 INFO  server.GrpcService (GrpcService.java:closeImpl(155)) - 9fb16d77-47ad-4452-9caf-f9ff65d0025b: shutdown server with port 42226 now
2019-08-10 04:06:42,091 INFO  server.GrpcService (GrpcService.java:closeImpl(163)) - 9fb16d77-47ad-4452-9caf-f9ff65d0025b: shutdown server with port 42226 successfully
2019-08-10 04:06:42,093 INFO  utils.BackgroundService (BackgroundService.java:shutdown(148)) - Shutting down service BlockDeletingService
2019-08-10 04:06:42,095 WARN  fs.CachingGetSpaceUsed (CachingGetSpaceUsed.java:run(183)) - Thread Interrupted waiting to refresh disk information: sleep interrupted
2019-08-10 04:06:42,113 INFO  statemachine.DatanodeStateMachine (DatanodeStateMachine.java:stopDaemon(395)) - Ozone container server stopped.
2019-08-10 04:06:42,114 INFO  handler.ContextHandler (ContextHandler.java:doStop(910)) - Stopped o.e.j.w.WebAppContext@935493d{/,null,UNAVAILABLE}{/hddsDatanode}
2019-08-10 04:06:42,115 INFO  server.AbstractConnector (AbstractConnector.java:doStop(318)) - Stopped ServerConnector@9b367c8{HTTP/1.1,[http/1.1]}{0.0.0.0:0}
2019-08-10 04:06:42,116 INFO  handler.ContextHandler (ContextHandler.java:doStop(910)) - Stopped o.e.j.s.ServletContextHandler@7e191fda{/static,jar:file:/home/user/.m2/repository/org/apache/hadoop/hadoop-hdds-container-service/0.4.1-SNAPSHOT/hadoop-hdds-container-service-0.4.1-SNAPSHOT.jar!/webapps/static,UNAVAILABLE}
2019-08-10 04:06:42,116 INFO  handler.ContextHandler (ContextHandler.java:doStop(910)) - Stopped o.e.j.s.ServletContextHandler@255d9277{/logs,file:///workdir/hadoop-ozone/integration-test/target/log,UNAVAILABLE}
2019-08-10 04:06:42,118 INFO  ozone.MiniOzoneClusterImpl (MiniOzoneClusterImpl.java:stop(353)) - Stopping the StorageContainerManager
2019-08-10 04:06:42,118 INFO  server.StorageContainerManager (StorageContainerManager.java:stop(797)) - Stopping Replication Manager Service.
2019-08-10 04:06:42,118 INFO  container.ReplicationManager (ReplicationManager.java:stop(187)) - Stopping Replication Monitor Thread.
2019-08-10 04:06:42,119 INFO  server.StorageContainerManager (StorageContainerManager.java:stop(804)) - Stopping Lease Manager of the command watchers
2019-08-10 04:06:42,119 INFO  server.StorageContainerManager (StorageContainerManager.java:stop(811)) - Stopping datanode service RPC server
2019-08-10 04:06:42,119 INFO  server.SCMDatanodeProtocolServer (SCMDatanodeProtocolServer.java:stop(367)) - Stopping the RPC server for DataNodes
2019-08-10 04:06:42,119 INFO  ipc.Server (Server.java:stop(3082)) - Stopping server on 43439
2019-08-10 04:06:42,122 INFO  ipc.Server (Server.java:run(1185)) - Stopping IPC Server listener on 43439
2019-08-10 04:06:42,122 INFO  ipc.Server (Server.java:run(1319)) - Stopping IPC Server Responder
2019-08-10 04:06:42,178 WARN  node.NodeStateManager (NodeStateManager.java:scheduleNextHealthCheck(646)) - Current Thread is interrupted, shutting down HB processing thread for Node Manager.
2019-08-10 04:06:42,178 INFO  server.StorageContainerManager (StorageContainerManager.java:stop(819)) - Stopping block service RPC server
2019-08-10 04:06:42,179 INFO  server.SCMBlockProtocolServer (SCMBlockProtocolServer.java:stop(148)) - Stopping the RPC server for Block Protocol
2019-08-10 04:06:42,179 INFO  ipc.Server (Server.java:stop(3082)) - Stopping server on 32947
2019-08-10 04:06:42,181 INFO  server.StorageContainerManager (StorageContainerManager.java:stop(826)) - Stopping the StorageContainerLocationProtocol RPC server
2019-08-10 04:06:42,181 INFO  server.SCMClientProtocolServer (SCMClientProtocolServer.java:stop(159)) - Stopping the RPC server for Client Protocol
2019-08-10 04:06:42,182 INFO  ipc.Server (Server.java:stop(3082)) - Stopping server on 40311
2019-08-10 04:06:42,182 INFO  ipc.Server (Server.java:run(1319)) - Stopping IPC Server Responder
2019-08-10 04:06:42,182 INFO  ipc.Server (Server.java:run(1185)) - Stopping IPC Server listener on 32947
2019-08-10 04:06:42,185 INFO  ipc.Server (Server.java:run(1185)) - Stopping IPC Server listener on 40311
2019-08-10 04:06:42,185 INFO  server.StorageContainerManager (StorageContainerManager.java:stop(833)) - Stopping Storage Container Manager HTTP server.
2019-08-10 04:06:42,185 INFO  ipc.Server (Server.java:run(1319)) - Stopping IPC Server Responder
2019-08-10 04:06:42,186 INFO  handler.ContextHandler (ContextHandler.java:doStop(910)) - Stopped o.e.j.w.WebAppContext@15a902e7{/,null,UNAVAILABLE}{/scm}
2019-08-10 04:06:42,187 INFO  server.AbstractConnector (AbstractConnector.java:doStop(318)) - Stopped ServerConnector@2416a51{HTTP/1.1,[http/1.1]}{0.0.0.0:0}
2019-08-10 04:06:42,187 INFO  handler.ContextHandler (ContextHandler.java:doStop(910)) - Stopped o.e.j.s.ServletContextHandler@79d94571{/static,file:///workdir/hadoop-ozone/integration-test/target/test-classes/webapps/static,UNAVAILABLE}
2019-08-10 04:06:42,188 INFO  handler.ContextHandler (ContextHandler.java:doStop(910)) - Stopped o.e.j.s.ServletContextHandler@76012793{/logs,file:///workdir/hadoop-ozone/integration-test/target/log,UNAVAILABLE}
2019-08-10 04:06:42,190 INFO  server.StorageContainerManager (StorageContainerManager.java:stop(844)) - Stopping Block Manager Service.
2019-08-10 04:06:42,190 INFO  utils.BackgroundService (BackgroundService.java:shutdown(148)) - Shutting down service SCMBlockDeletingService
2019-08-10 04:06:42,191 INFO  utils.BackgroundService (BackgroundService.java:shutdown(148)) - Shutting down service SCMBlockDeletingService
2019-08-10 04:06:42,191 INFO  server.StorageContainerManager (StorageContainerManager.java:stop(866)) - Stopping SCM Event Queue.
2019-08-10 04:06:42,199 INFO  impl.MetricsSystemImpl (MetricsSystemImpl.java:stop(210)) - Stopping XceiverClientMetrics metrics system...
2019-08-10 04:06:42,207 INFO  impl.MetricsSystemImpl (MetricsSystemImpl.java:stop(216)) - XceiverClientMetrics metrics system stopped.
]]></system-out>
    <system-err><![CDATA[ERROR StatusLogger No Log4j 2 configuration file found. Using default configuration (logging only errors to the console), or user programmatically provided configurations. Set system property 'log4j2.debug' to show Log4j 2 internal initialization logging. See https://logging.apache.org/log4j/2.x/manual/configuration.html for instructions on how to configure Log4j 2
Aug 10, 2019 4:05:58 AM com.sun.jersey.server.impl.application.WebApplicationImpl _initiate
INFO: Initiating Jersey application, version 'Jersey: 1.19 02/11/2015 03:25 AM'
Aug 10, 2019 4:05:59 AM com.sun.jersey.server.impl.application.WebApplicationImpl _initiate
INFO: Initiating Jersey application, version 'Jersey: 1.19 02/11/2015 03:25 AM'
Aug 10, 2019 4:05:59 AM com.sun.jersey.server.impl.application.WebApplicationImpl _initiate
INFO: Initiating Jersey application, version 'Jersey: 1.19 02/11/2015 03:25 AM'
Aug 10, 2019 4:05:59 AM com.sun.jersey.server.impl.application.WebApplicationImpl _initiate
INFO: Initiating Jersey application, version 'Jersey: 1.19 02/11/2015 03:25 AM'
Aug 10, 2019 4:05:59 AM com.sun.jersey.server.impl.application.WebApplicationImpl _initiate
INFO: Initiating Jersey application, version 'Jersey: 1.19 02/11/2015 03:25 AM'
Aug 10, 2019 4:06:00 AM com.sun.jersey.server.impl.application.WebApplicationImpl _initiate
INFO: Initiating Jersey application, version 'Jersey: 1.19 02/11/2015 03:25 AM'
Aug 10, 2019 4:06:00 AM com.sun.jersey.server.impl.application.WebApplicationImpl _initiate
INFO: Initiating Jersey application, version 'Jersey: 1.19 02/11/2015 03:25 AM'
]]></system-err>
  </testcase>
  <testcase name="testDatanodeFailureWithPreAllocation" classname="org.apache.hadoop.ozone.client.rpc.TestBlockOutputStreamWithFailures" time="225.497"/>
  <testcase name="testDatanodeFailureWithSingleNodeRatis" classname="org.apache.hadoop.ozone.client.rpc.TestBlockOutputStreamWithFailures" time="224.705"/>
  <testcase name="testWatchForCommitWithSingleNodeRatis" classname="org.apache.hadoop.ozone.client.rpc.TestBlockOutputStreamWithFailures" time="34.427"/>
  <testcase name="testWatchForCommitDatanodeFailure" classname="org.apache.hadoop.ozone.client.rpc.TestBlockOutputStreamWithFailures" time="33.857"/>
  <testcase name="testFailureWithPrimeSizedData" classname="org.apache.hadoop.ozone.client.rpc.TestBlockOutputStreamWithFailures" time="34.248"/>
  <testcase name="testWatchForCommitWithCloseContainerException" classname="org.apache.hadoop.ozone.client.rpc.TestBlockOutputStreamWithFailures" time="35.417"/>
  <testcase name="testExceptionDuringClose" classname="org.apache.hadoop.ozone.client.rpc.TestBlockOutputStreamWithFailures" time="34.676"/>
</testsuite>