<?xml version="1.0" encoding="UTF-8"?>
<testsuite xmlns:xsi="http://www.w3.org/2001/XMLSchema-instance" xsi:noNamespaceSchemaLocation="https://maven.apache.org/surefire/maven-surefire-plugin/xsd/surefire-test-report.xsd" name="org.apache.hadoop.ozone.client.rpc.TestBlockOutputStreamWithFailures" time="687.588" tests="8" errors="0" skipped="0" failures="1">
  <properties>
    <property name="awt.toolkit" value="sun.awt.X11.XToolkit"/>
    <property name="file.encoding.pkg" value="sun.io"/>
    <property name="java.specification.version" value="1.8"/>
    <property name="sun.cpu.isalist" value=""/>
    <property name="sun.jnu.encoding" value="UTF-8"/>
    <property name="java.class.path" value="/workdir/hadoop-ozone/integration-test/target/test-classes:/workdir/hadoop-ozone/integration-test/target/classes:/home/user/.m2/repository/org/apache/hadoop/hadoop-ozone-common/0.5.0-SNAPSHOT/hadoop-ozone-common-0.5.0-SNAPSHOT.jar:/home/user/.m2/repository/org/apache/commons/commons-compress/1.4.1/commons-compress-1.4.1.jar:/home/user/.m2/repository/org/tukaani/xz/1.0/xz-1.0.jar:/home/user/.m2/repository/org/apache/hadoop/hadoop-common/3.2.0/hadoop-common-3.2.0.jar:/home/user/.m2/repository/org/apache/hadoop/hadoop-hdfs/3.2.0/hadoop-hdfs-3.2.0.jar:/home/user/.m2/repository/org/apache/hadoop/hadoop-hdfs-client/3.2.0/hadoop-hdfs-client-3.2.0.jar:/home/user/.m2/repository/com/fasterxml/jackson/core/jackson-annotations/2.9.5/jackson-annotations-2.9.5.jar:/home/user/.m2/repository/org/apache/hadoop/hadoop-hdds-common/0.5.0-SNAPSHOT/hadoop-hdds-common-0.5.0-SNAPSHOT.jar:/home/user/.m2/repository/javax/annotation/javax.annotation-api/1.2/javax.annotation-api-1.2.jar:/home/user/.m2/repository/org/apache/ratis/ratis-server/0.4.0-2337318-SNAPSHOT/ratis-server-0.4.0-2337318-SNAPSHOT.jar:/home/user/.m2/repository/org/apache/ratis/ratis-thirdparty-misc/0.2.0/ratis-thirdparty-misc-0.2.0.jar:/home/user/.m2/repository/org/apache/ratis/ratis-proto/0.4.0-2337318-SNAPSHOT/ratis-proto-0.4.0-2337318-SNAPSHOT.jar:/home/user/.m2/repository/org/apache/ratis/ratis-common/0.4.0-2337318-SNAPSHOT/ratis-common-0.4.0-2337318-SNAPSHOT.jar:/home/user/.m2/repository/org/apache/ratis/ratis-client/0.4.0-2337318-SNAPSHOT/ratis-client-0.4.0-2337318-SNAPSHOT.jar:/home/user/.m2/repository/org/apache/ratis/ratis-metrics/0.4.0-2337318-SNAPSHOT/ratis-metrics-0.4.0-2337318-SNAPSHOT.jar:/home/user/.m2/repository/org/apache/ratis/ratis-netty/0.4.0-2337318-SNAPSHOT/ratis-netty-0.4.0-2337318-SNAPSHOT.jar:/home/user/.m2/repository/org/apache/ratis/ratis-grpc/0.4.0-2337318-SNAPSHOT/ratis-grpc-0.4.0-2337318-SNAPSHOT.jar:/home/user/.m2/repository/org/rocksdb/rocksdbjni/6.0.1/rocksdbjni-6.0.1.jar:/home/user/.m2/repository/org/apache/logging/log4j/log4j-api/2.11.0/log4j-api-2.11.0.jar:/home/user/.m2/repository/org/apache/logging/log4j/log4j-core/2.11.0/log4j-core-2.11.0.jar:/home/user/.m2/repository/com/lmax/disruptor/3.4.2/disruptor-3.4.2.jar:/home/user/.m2/repository/org/apache/commons/commons-pool2/2.6.0/commons-pool2-2.6.0.jar:/home/user/.m2/repository/org/bouncycastle/bcpkix-jdk15on/1.60/bcpkix-jdk15on-1.60.jar:/home/user/.m2/repository/commons-validator/commons-validator/1.6/commons-validator-1.6.jar:/home/user/.m2/repository/commons-digester/commons-digester/1.8.1/commons-digester-1.8.1.jar:/home/user/.m2/repository/io/jaegertracing/jaeger-client/0.33.1/jaeger-client-0.33.1.jar:/home/user/.m2/repository/io/jaegertracing/jaeger-thrift/0.33.1/jaeger-thrift-0.33.1.jar:/home/user/.m2/repository/org/apache/thrift/libthrift/0.11.0/libthrift-0.11.0.jar:/home/user/.m2/repository/com/squareup/okhttp3/okhttp/3.9.0/okhttp-3.9.0.jar:/home/user/.m2/repository/com/squareup/okio/okio/1.13.0/okio-1.13.0.jar:/home/user/.m2/repository/io/jaegertracing/jaeger-core/0.33.1/jaeger-core-0.33.1.jar:/home/user/.m2/repository/io/jaegertracing/jaeger-tracerresolver/0.33.1/jaeger-tracerresolver-0.33.1.jar:/home/user/.m2/repository/io/opentracing/contrib/opentracing-tracerresolver/0.1.5/opentracing-tracerresolver-0.1.5.jar:/home/user/.m2/repository/io/opentracing/opentracing-util/0.31.0/opentracing-util-0.31.0.jar:/home/user/.m2/repository/io/opentracing/opentracing-api/0.31.0/opentracing-api-0.31.0.jar:/home/user/.m2/repository/io/opentracing/opentracing-noop/0.31.0/opentracing-noop-0.31.0.jar:/home/user/.m2/repository/org/apache/hadoop/hadoop-hdds-server-framework/0.5.0-SNAPSHOT/hadoop-hdds-server-framework-0.5.0-SNAPSHOT.jar:/home/user/.m2/repository/org/apache/hadoop/hadoop-hdds-container-service/0.5.0-SNAPSHOT/hadoop-hdds-container-service-0.5.0-SNAPSHOT.jar:/home/user/.m2/repository/org/apache/hadoop/hadoop-hdds-client/0.5.0-SNAPSHOT/hadoop-hdds-client-0.5.0-SNAPSHOT.jar:/home/user/.m2/repository/org/apache/hadoop/hadoop-hdds-tools/0.5.0-SNAPSHOT/hadoop-hdds-tools-0.5.0-SNAPSHOT.jar:/home/user/.m2/repository/org/apache/hadoop/hadoop-hdds-server-scm/0.5.0-SNAPSHOT/hadoop-hdds-server-scm-0.5.0-SNAPSHOT.jar:/home/user/.m2/repository/org/apache/hadoop/hadoop-hdds-docs/0.5.0-SNAPSHOT/hadoop-hdds-docs-0.5.0-SNAPSHOT.jar:/home/user/.m2/repository/io/dropwizard/metrics/metrics-core/3.2.4/metrics-core-3.2.4.jar:/home/user/.m2/repository/org/hamcrest/hamcrest-all/1.3/hamcrest-all-1.3.jar:/home/user/.m2/repository/org/bouncycastle/bcprov-jdk15on/1.60/bcprov-jdk15on-1.60.jar:/home/user/.m2/repository/info/picocli/picocli/3.9.6/picocli-3.9.6.jar:/home/user/.m2/repository/com/google/protobuf/protobuf-java/2.5.0/protobuf-java-2.5.0.jar:/home/user/.m2/repository/com/google/guava/guava/11.0.2/guava-11.0.2.jar:/home/user/.m2/repository/org/apache/hadoop/hadoop-ozone-ozone-manager/0.5.0-SNAPSHOT/hadoop-ozone-ozone-manager-0.5.0-SNAPSHOT.jar:/home/user/.m2/repository/org/apache/hadoop/hadoop-minikdc/3.2.0/hadoop-minikdc-3.2.0.jar:/home/user/.m2/repository/commons-io/commons-io/2.5/commons-io-2.5.jar:/home/user/.m2/repository/org/apache/kerby/kerb-simplekdc/1.0.1/kerb-simplekdc-1.0.1.jar:/home/user/.m2/repository/org/apache/kerby/kerb-client/1.0.1/kerb-client-1.0.1.jar:/home/user/.m2/repository/org/apache/kerby/kerby-config/1.0.1/kerby-config-1.0.1.jar:/home/user/.m2/repository/org/apache/kerby/kerb-core/1.0.1/kerb-core-1.0.1.jar:/home/user/.m2/repository/org/apache/kerby/kerby-pkix/1.0.1/kerby-pkix-1.0.1.jar:/home/user/.m2/repository/org/apache/kerby/kerby-asn1/1.0.1/kerby-asn1-1.0.1.jar:/home/user/.m2/repository/org/apache/kerby/kerby-util/1.0.1/kerby-util-1.0.1.jar:/home/user/.m2/repository/org/apache/kerby/kerb-common/1.0.1/kerb-common-1.0.1.jar:/home/user/.m2/repository/org/apache/kerby/kerb-crypto/1.0.1/kerb-crypto-1.0.1.jar:/home/user/.m2/repository/org/apache/kerby/kerb-util/1.0.1/kerb-util-1.0.1.jar:/home/user/.m2/repository/org/apache/kerby/token-provider/1.0.1/token-provider-1.0.1.jar:/home/user/.m2/repository/org/apache/kerby/kerb-admin/1.0.1/kerb-admin-1.0.1.jar:/home/user/.m2/repository/org/apache/kerby/kerb-server/1.0.1/kerb-server-1.0.1.jar:/home/user/.m2/repository/org/apache/kerby/kerb-identity/1.0.1/kerb-identity-1.0.1.jar:/home/user/.m2/repository/org/apache/kerby/kerby-xdr/1.0.1/kerby-xdr-1.0.1.jar:/home/user/.m2/repository/org/slf4j/slf4j-log4j12/1.7.25/slf4j-log4j12-1.7.25.jar:/home/user/.m2/repository/org/apache/hadoop/hadoop-ozone-objectstore-service/0.5.0-SNAPSHOT/hadoop-ozone-objectstore-service-0.5.0-SNAPSHOT.jar:/home/user/.m2/repository/org/apache/hadoop/hadoop-ozone-s3gateway/0.5.0-SNAPSHOT/hadoop-ozone-s3gateway-0.5.0-SNAPSHOT.jar:/home/user/.m2/repository/org/jboss/weld/servlet/weld-servlet/2.4.7.Final/weld-servlet-2.4.7.Final.jar:/home/user/.m2/repository/org/glassfish/jersey/containers/jersey-container-servlet-core/2.27/jersey-container-servlet-core-2.27.jar:/home/user/.m2/repository/org/glassfish/hk2/external/javax.inject/2.5.0-b42/javax.inject-2.5.0-b42.jar:/home/user/.m2/repository/org/glassfish/jersey/core/jersey-common/2.27/jersey-common-2.27.jar:/home/user/.m2/repository/org/glassfish/hk2/osgi-resource-locator/1.0.1/osgi-resource-locator-1.0.1.jar:/home/user/.m2/repository/javax/ws/rs/javax.ws.rs-api/2.1/javax.ws.rs-api-2.1.jar:/home/user/.m2/repository/org/glassfish/jersey/ext/cdi/jersey-cdi1x/2.27/jersey-cdi1x-2.27.jar:/home/user/.m2/repository/org/glassfish/jersey/inject/jersey-hk2/2.27/jersey-hk2-2.27.jar:/home/user/.m2/repository/org/glassfish/hk2/hk2-locator/2.5.0-b42/hk2-locator-2.5.0-b42.jar:/home/user/.m2/repository/org/javassist/javassist/3.22.0-CR2/javassist-3.22.0-CR2.jar:/home/user/.m2/repository/org/glassfish/hk2/hk2-api/2.5.0/hk2-api-2.5.0.jar:/home/user/.m2/repository/org/glassfish/hk2/external/jakarta.inject/2.5.0/jakarta.inject-2.5.0.jar:/home/user/.m2/repository/org/glassfish/hk2/hk2-utils/2.5.0/hk2-utils-2.5.0.jar:/home/user/.m2/repository/jakarta/annotation/jakarta.annotation-api/1.3.4/jakarta.annotation-api-1.3.4.jar:/home/user/.m2/repository/org/glassfish/hk2/external/aopalliance-repackaged/2.5.0/aopalliance-repackaged-2.5.0.jar:/home/user/.m2/repository/com/fasterxml/jackson/dataformat/jackson-dataformat-xml/2.9.0/jackson-dataformat-xml-2.9.0.jar:/home/user/.m2/repository/com/fasterxml/jackson/core/jackson-core/2.9.5/jackson-core-2.9.5.jar:/home/user/.m2/repository/com/fasterxml/jackson/module/jackson-module-jaxb-annotations/2.9.5/jackson-module-jaxb-annotations-2.9.5.jar:/home/user/.m2/repository/javax/enterprise/cdi-api/1.2/cdi-api-1.2.jar:/home/user/.m2/repository/javax/el/javax.el-api/3.0.0/javax.el-api-3.0.0.jar:/home/user/.m2/repository/javax/interceptor/javax.interceptor-api/1.2/javax.interceptor-api-1.2.jar:/home/user/.m2/repository/javax/inject/javax.inject/1/javax.inject-1.jar:/home/user/.m2/repository/com/sun/xml/bind/jaxb-impl/2.3.0.1/jaxb-impl-2.3.0.1.jar:/home/user/.m2/repository/com/sun/xml/bind/jaxb-core/2.3.0.1/jaxb-core-2.3.0.1.jar:/home/user/.m2/repository/javax/xml/bind/jaxb-api/2.3.0/jaxb-api-2.3.0.jar:/home/user/.m2/repository/javax/activation/activation/1.1.1/activation-1.1.1.jar:/home/user/.m2/repository/org/apache/hadoop/hadoop-ozone-csi/0.5.0-SNAPSHOT/hadoop-ozone-csi-0.5.0-SNAPSHOT.jar:/home/user/.m2/repository/com/google/protobuf/protobuf-java-util/3.5.1/protobuf-java-util-3.5.1.jar:/home/user/.m2/repository/org/apache/hadoop/hadoop-hdds-config/0.5.0-SNAPSHOT/hadoop-hdds-config-0.5.0-SNAPSHOT.jar:/home/user/.m2/repository/io/grpc/grpc-netty/1.17.1/grpc-netty-1.17.1.jar:/home/user/.m2/repository/io/grpc/grpc-core/1.17.1/grpc-core-1.17.1.jar:/home/user/.m2/repository/io/grpc/grpc-context/1.17.1/grpc-context-1.17.1.jar:/home/user/.m2/repository/com/google/errorprone/error_prone_annotations/2.2.0/error_prone_annotations-2.2.0.jar:/home/user/.m2/repository/org/codehaus/mojo/animal-sniffer-annotations/1.17/animal-sniffer-annotations-1.17.jar:/home/user/.m2/repository/io/opencensus/opencensus-api/0.17.0/opencensus-api-0.17.0.jar:/home/user/.m2/repository/io/opencensus/opencensus-contrib-grpc-metrics/0.17.0/opencensus-contrib-grpc-metrics-0.17.0.jar:/home/user/.m2/repository/io/netty/netty-codec-http2/4.1.30.Final/netty-codec-http2-4.1.30.Final.jar:/home/user/.m2/repository/io/netty/netty-codec-http/4.1.30.Final/netty-codec-http-4.1.30.Final.jar:/home/user/.m2/repository/io/netty/netty-codec/4.1.30.Final/netty-codec-4.1.30.Final.jar:/home/user/.m2/repository/io/netty/netty-handler/4.1.30.Final/netty-handler-4.1.30.Final.jar:/home/user/.m2/repository/io/netty/netty-handler-proxy/4.1.30.Final/netty-handler-proxy-4.1.30.Final.jar:/home/user/.m2/repository/io/netty/netty-codec-socks/4.1.30.Final/netty-codec-socks-4.1.30.Final.jar:/home/user/.m2/repository/io/netty/netty-transport-native-epoll/4.1.30.Final/netty-transport-native-epoll-4.1.30.Final.jar:/home/user/.m2/repository/io/netty/netty-common/4.1.30.Final/netty-common-4.1.30.Final.jar:/home/user/.m2/repository/io/netty/netty-buffer/4.1.30.Final/netty-buffer-4.1.30.Final.jar:/home/user/.m2/repository/io/netty/netty-transport/4.1.30.Final/netty-transport-4.1.30.Final.jar:/home/user/.m2/repository/io/netty/netty-resolver/4.1.30.Final/netty-resolver-4.1.30.Final.jar:/home/user/.m2/repository/io/netty/netty-transport-native-unix-common/4.1.30.Final/netty-transport-native-unix-common-4.1.30.Final.jar:/home/user/.m2/repository/io/grpc/grpc-protobuf/1.17.1/grpc-protobuf-1.17.1.jar:/home/user/.m2/repository/com/google/api/grpc/proto-google-common-protos/1.0.0/proto-google-common-protos-1.0.0.jar:/home/user/.m2/repository/io/grpc/grpc-protobuf-lite/1.17.1/grpc-protobuf-lite-1.17.1.jar:/home/user/.m2/repository/io/grpc/grpc-stub/1.17.1/grpc-stub-1.17.1.jar:/home/user/.m2/repository/org/apache/hadoop/hadoop-ozone-recon/0.5.0-SNAPSHOT/hadoop-ozone-recon-0.5.0-SNAPSHOT.jar:/home/user/.m2/repository/org/apache/hadoop/hadoop-ozone-reconcodegen/0.5.0-SNAPSHOT/hadoop-ozone-reconcodegen-0.5.0-SNAPSHOT.jar:/home/user/.m2/repository/com/google/inject/extensions/guice-multibindings/4.0/guice-multibindings-4.0.jar:/home/user/.m2/repository/com/google/inject/guice/4.0/guice-4.0.jar:/home/user/.m2/repository/aopalliance/aopalliance/1.0/aopalliance-1.0.jar:/home/user/.m2/repository/com/google/inject/extensions/guice-servlet/4.0/guice-servlet-4.0.jar:/home/user/.m2/repository/org/glassfish/jersey/containers/jersey-container-servlet/2.27/jersey-container-servlet-2.27.jar:/home/user/.m2/repository/org/glassfish/hk2/guice-bridge/2.5.0/guice-bridge-2.5.0.jar:/home/user/.m2/repository/org/glassfish/jersey/core/jersey-server/2.27/jersey-server-2.27.jar:/home/user/.m2/repository/org/glassfish/jersey/core/jersey-client/2.27/jersey-client-2.27.jar:/home/user/.m2/repository/org/glassfish/jersey/media/jersey-media-jaxb/2.27/jersey-media-jaxb-2.27.jar:/home/user/.m2/repository/javax/validation/validation-api/1.1.0.Final/validation-api-1.1.0.Final.jar:/home/user/.m2/repository/org/glassfish/jersey/media/jersey-media-json-jackson/2.27/jersey-media-json-jackson-2.27.jar:/home/user/.m2/repository/org/glassfish/jersey/ext/jersey-entity-filtering/2.27/jersey-entity-filtering-2.27.jar:/home/user/.m2/repository/com/google/inject/extensions/guice-assistedinject/4.0/guice-assistedinject-4.0.jar:/home/user/.m2/repository/org/jooq/jooq/3.11.10/jooq-3.11.10.jar:/home/user/.m2/repository/org/jooq/jooq-meta/3.11.10/jooq-meta-3.11.10.jar:/home/user/.m2/repository/org/jooq/jooq-codegen/3.11.10/jooq-codegen-3.11.10.jar:/home/user/.m2/repository/com/jolbox/bonecp/0.8.0.RELEASE/bonecp-0.8.0.RELEASE.jar:/home/user/.m2/repository/org/xerial/sqlite-jdbc/3.25.2/sqlite-jdbc-3.25.2.jar:/home/user/.m2/repository/org/springframework/spring-jdbc/5.1.3.RELEASE/spring-jdbc-5.1.3.RELEASE.jar:/home/user/.m2/repository/org/springframework/spring-beans/5.1.3.RELEASE/spring-beans-5.1.3.RELEASE.jar:/home/user/.m2/repository/org/springframework/spring-core/5.1.3.RELEASE/spring-core-5.1.3.RELEASE.jar:/home/user/.m2/repository/org/springframework/spring-jcl/5.1.3.RELEASE/spring-jcl-5.1.3.RELEASE.jar:/home/user/.m2/repository/org/springframework/spring-tx/5.1.3.RELEASE/spring-tx-5.1.3.RELEASE.jar:/home/user/.m2/repository/org/apache/hadoop/hadoop-ozone-client/0.5.0-SNAPSHOT/hadoop-ozone-client-0.5.0-SNAPSHOT.jar:/home/user/.m2/repository/commons-lang/commons-lang/2.6/commons-lang-2.6.jar:/home/user/.m2/repository/org/apache/hadoop/hadoop-ozone-ozone-manager/0.5.0-SNAPSHOT/hadoop-ozone-ozone-manager-0.5.0-SNAPSHOT-tests.jar:/home/user/.m2/repository/junit/junit/4.11/junit-4.11.jar:/home/user/.m2/repository/org/hamcrest/hamcrest-core/1.3/hamcrest-core-1.3.jar:/home/user/.m2/repository/org/openjdk/jmh/jmh-core/1.19/jmh-core-1.19.jar:/home/user/.m2/repository/net/sf/jopt-simple/jopt-simple/4.6/jopt-simple-4.6.jar:/home/user/.m2/repository/org/apache/commons/commons-math3/3.1.1/commons-math3-3.1.1.jar:/home/user/.m2/repository/org/openjdk/jmh/jmh-generator-annprocess/1.19/jmh-generator-annprocess-1.19.jar:/home/user/.m2/repository/org/mockito/mockito-all/1.8.5/mockito-all-1.8.5.jar:/home/user/.m2/repository/org/apache/hadoop/hadoop-kms/3.2.0/hadoop-kms-3.2.0.jar:/home/user/.m2/repository/org/apache/hadoop/hadoop-auth/3.2.0/hadoop-auth-3.2.0.jar:/home/user/.m2/repository/com/nimbusds/nimbus-jose-jwt/4.41.1/nimbus-jose-jwt-4.41.1.jar:/home/user/.m2/repository/com/github/stephenc/jcip/jcip-annotations/1.0-1/jcip-annotations-1.0-1.jar:/home/user/.m2/repository/net/minidev/json-smart/2.3/json-smart-2.3.jar:/home/user/.m2/repository/net/minidev/accessors-smart/1.2/accessors-smart-1.2.jar:/home/user/.m2/repository/org/ow2/asm/asm/5.0.4/asm-5.0.4.jar:/home/user/.m2/repository/org/apache/curator/curator-framework/2.12.0/curator-framework-2.12.0.jar:/home/user/.m2/repository/com/sun/jersey/jersey-core/1.19/jersey-core-1.19.jar:/home/user/.m2/repository/javax/ws/rs/jsr311-api/1.1.1/jsr311-api-1.1.1.jar:/home/user/.m2/repository/com/sun/jersey/jersey-server/1.19/jersey-server-1.19.jar:/home/user/.m2/repository/javax/servlet/javax.servlet-api/3.1.0/javax.servlet-api-3.1.0.jar:/home/user/.m2/repository/org/eclipse/jetty/jetty-server/9.3.24.v20180605/jetty-server-9.3.24.v20180605.jar:/home/user/.m2/repository/org/eclipse/jetty/jetty-http/9.3.24.v20180605/jetty-http-9.3.24.v20180605.jar:/home/user/.m2/repository/org/eclipse/jetty/jetty-io/9.3.24.v20180605/jetty-io-9.3.24.v20180605.jar:/home/user/.m2/repository/org/eclipse/jetty/jetty-webapp/9.3.24.v20180605/jetty-webapp-9.3.24.v20180605.jar:/home/user/.m2/repository/org/eclipse/jetty/jetty-xml/9.3.24.v20180605/jetty-xml-9.3.24.v20180605.jar:/home/user/.m2/repository/log4j/log4j/1.2.17/log4j-1.2.17.jar:/home/user/.m2/repository/org/slf4j/slf4j-api/1.7.25/slf4j-api-1.7.25.jar:/home/user/.m2/repository/org/slf4j/jul-to-slf4j/1.7.25/jul-to-slf4j-1.7.25.jar:/home/user/.m2/repository/org/eclipse/jetty/jetty-util/9.3.24.v20180605/jetty-util-9.3.24.v20180605.jar:/home/user/.m2/repository/com/fasterxml/jackson/core/jackson-databind/2.9.5/jackson-databind-2.9.5.jar:/home/user/.m2/repository/org/apache/hadoop/hadoop-kms/3.2.0/hadoop-kms-3.2.0-tests.jar:/home/user/.m2/repository/org/apache/hadoop/hadoop-hdds-server-scm/0.5.0-SNAPSHOT/hadoop-hdds-server-scm-0.5.0-SNAPSHOT-tests.jar:/home/user/.m2/repository/org/apache/hadoop/hadoop-hdds-container-service/0.5.0-SNAPSHOT/hadoop-hdds-container-service-0.5.0-SNAPSHOT-tests.jar:/home/user/.m2/repository/org/yaml/snakeyaml/1.16/snakeyaml-1.16.jar:/home/user/.m2/repository/org/apache/hadoop/hadoop-common/3.2.0/hadoop-common-3.2.0-tests.jar:/home/user/.m2/repository/org/apache/hadoop/hadoop-annotations/3.2.0/hadoop-annotations-3.2.0.jar:/usr/lib/jvm/java-1.8-openjdk/jre/../lib/tools.jar:/home/user/.m2/repository/commons-cli/commons-cli/1.2/commons-cli-1.2.jar:/home/user/.m2/repository/org/apache/httpcomponents/httpclient/4.5.2/httpclient-4.5.2.jar:/home/user/.m2/repository/org/apache/httpcomponents/httpcore/4.4.4/httpcore-4.4.4.jar:/home/user/.m2/repository/commons-codec/commons-codec/1.11/commons-codec-1.11.jar:/home/user/.m2/repository/commons-net/commons-net/3.6/commons-net-3.6.jar:/home/user/.m2/repository/commons-collections/commons-collections/3.2.2/commons-collections-3.2.2.jar:/home/user/.m2/repository/org/eclipse/jetty/jetty-servlet/9.3.24.v20180605/jetty-servlet-9.3.24.v20180605.jar:/home/user/.m2/repository/org/eclipse/jetty/jetty-security/9.3.24.v20180605/jetty-security-9.3.24.v20180605.jar:/home/user/.m2/repository/javax/servlet/jsp/jsp-api/2.1/jsp-api-2.1.jar:/home/user/.m2/repository/com/sun/jersey/jersey-servlet/1.19/jersey-servlet-1.19.jar:/home/user/.m2/repository/com/sun/jersey/jersey-json/1.19/jersey-json-1.19.jar:/home/user/.m2/repository/org/codehaus/jettison/jettison/1.1/jettison-1.1.jar:/home/user/.m2/repository/org/codehaus/jackson/jackson-core-asl/1.9.13/jackson-core-asl-1.9.13.jar:/home/user/.m2/repository/org/codehaus/jackson/jackson-mapper-asl/1.9.13/jackson-mapper-asl-1.9.13.jar:/home/user/.m2/repository/org/codehaus/jackson/jackson-jaxrs/1.9.13/jackson-jaxrs-1.9.13.jar:/home/user/.m2/repository/org/codehaus/jackson/jackson-xc/1.9.13/jackson-xc-1.9.13.jar:/home/user/.m2/repository/commons-logging/commons-logging/1.1.3/commons-logging-1.1.3.jar:/home/user/.m2/repository/commons-beanutils/commons-beanutils/1.9.3/commons-beanutils-1.9.3.jar:/home/user/.m2/repository/org/apache/commons/commons-configuration2/2.1.1/commons-configuration2-2.1.1.jar:/home/user/.m2/repository/org/apache/commons/commons-lang3/3.7/commons-lang3-3.7.jar:/home/user/.m2/repository/org/apache/commons/commons-text/1.4/commons-text-1.4.jar:/home/user/.m2/repository/org/apache/avro/avro/1.7.7/avro-1.7.7.jar:/home/user/.m2/repository/com/thoughtworks/paranamer/paranamer/2.3/paranamer-2.3.jar:/home/user/.m2/repository/org/xerial/snappy/snappy-java/1.0.5/snappy-java-1.0.5.jar:/home/user/.m2/repository/com/google/re2j/re2j/1.1/re2j-1.1.jar:/home/user/.m2/repository/com/google/code/gson/gson/2.2.4/gson-2.2.4.jar:/home/user/.m2/repository/com/jcraft/jsch/0.1.54/jsch-0.1.54.jar:/home/user/.m2/repository/org/apache/curator/curator-client/2.12.0/curator-client-2.12.0.jar:/home/user/.m2/repository/org/apache/curator/curator-recipes/2.12.0/curator-recipes-2.12.0.jar:/home/user/.m2/repository/com/google/code/findbugs/jsr305/3.0.0/jsr305-3.0.0.jar:/home/user/.m2/repository/org/apache/htrace/htrace-core4/4.1.0-incubating/htrace-core4-4.1.0-incubating.jar:/home/user/.m2/repository/org/apache/zookeeper/zookeeper/3.4.13/zookeeper-3.4.13.jar:/home/user/.m2/repository/org/apache/yetus/audience-annotations/0.5.0/audience-annotations-0.5.0.jar:/home/user/.m2/repository/org/codehaus/woodstox/stax2-api/3.1.4/stax2-api-3.1.4.jar:/home/user/.m2/repository/com/fasterxml/woodstox/woodstox-core/5.0.3/woodstox-core-5.0.3.jar:/home/user/.m2/repository/dnsjava/dnsjava/2.1.7/dnsjava-2.1.7.jar:/home/user/.m2/repository/org/apache/hadoop/hadoop-hdfs/3.2.0/hadoop-hdfs-3.2.0-tests.jar:/home/user/.m2/repository/org/eclipse/jetty/jetty-util-ajax/9.3.24.v20180605/jetty-util-ajax-9.3.24.v20180605.jar:/home/user/.m2/repository/commons-daemon/commons-daemon/1.0.13/commons-daemon-1.0.13.jar:/home/user/.m2/repository/io/netty/netty/3.10.5.Final/netty-3.10.5.Final.jar:/home/user/.m2/repository/io/netty/netty-all/4.0.52.Final/netty-all-4.0.52.Final.jar:/home/user/.m2/repository/org/fusesource/leveldbjni/leveldbjni-all/1.8/leveldbjni-all-1.8.jar:"/>
    <property name="java.vm.vendor" value="IcedTea"/>
    <property name="sun.arch.data.model" value="64"/>
    <property name="test.build.dir" value="/workdir/hadoop-ozone/integration-test/target/test-dir"/>
    <property name="test.cache.data" value=""/>
    <property name="java.vendor.url" value="https://icedtea.classpath.org"/>
    <property name="user.timezone" value=""/>
    <property name="java.vm.specification.version" value="1.8"/>
    <property name="os.name" value="Linux"/>
    <property name="test.build.data" value="/workdir/hadoop-ozone/integration-test/target/test-dir"/>
    <property name="user.country" value="US"/>
    <property name="sun.java.launcher" value="SUN_STANDARD"/>
    <property name="sun.boot.library.path" value="/usr/lib/jvm/java-1.8-openjdk/jre/lib/amd64"/>
    <property name="sun.java.command" value="/workdir/hadoop-ozone/integration-test/target/surefire/surefirebooter6158578364804719775.jar /workdir/hadoop-ozone/integration-test/target/surefire 2019-08-21T10-14-29_199-jvmRun1 surefire2269104578213426610tmp surefire_217790932709127249769tmp"/>
    <property name="surefire.test.class.path" value="/workdir/hadoop-ozone/integration-test/target/test-classes:/workdir/hadoop-ozone/integration-test/target/classes:/home/user/.m2/repository/org/apache/hadoop/hadoop-ozone-common/0.5.0-SNAPSHOT/hadoop-ozone-common-0.5.0-SNAPSHOT.jar:/home/user/.m2/repository/org/apache/commons/commons-compress/1.4.1/commons-compress-1.4.1.jar:/home/user/.m2/repository/org/tukaani/xz/1.0/xz-1.0.jar:/home/user/.m2/repository/org/apache/hadoop/hadoop-common/3.2.0/hadoop-common-3.2.0.jar:/home/user/.m2/repository/org/apache/hadoop/hadoop-hdfs/3.2.0/hadoop-hdfs-3.2.0.jar:/home/user/.m2/repository/org/apache/hadoop/hadoop-hdfs-client/3.2.0/hadoop-hdfs-client-3.2.0.jar:/home/user/.m2/repository/com/fasterxml/jackson/core/jackson-annotations/2.9.5/jackson-annotations-2.9.5.jar:/home/user/.m2/repository/org/apache/hadoop/hadoop-hdds-common/0.5.0-SNAPSHOT/hadoop-hdds-common-0.5.0-SNAPSHOT.jar:/home/user/.m2/repository/javax/annotation/javax.annotation-api/1.2/javax.annotation-api-1.2.jar:/home/user/.m2/repository/org/apache/ratis/ratis-server/0.4.0-2337318-SNAPSHOT/ratis-server-0.4.0-2337318-SNAPSHOT.jar:/home/user/.m2/repository/org/apache/ratis/ratis-thirdparty-misc/0.2.0/ratis-thirdparty-misc-0.2.0.jar:/home/user/.m2/repository/org/apache/ratis/ratis-proto/0.4.0-2337318-SNAPSHOT/ratis-proto-0.4.0-2337318-SNAPSHOT.jar:/home/user/.m2/repository/org/apache/ratis/ratis-common/0.4.0-2337318-SNAPSHOT/ratis-common-0.4.0-2337318-SNAPSHOT.jar:/home/user/.m2/repository/org/apache/ratis/ratis-client/0.4.0-2337318-SNAPSHOT/ratis-client-0.4.0-2337318-SNAPSHOT.jar:/home/user/.m2/repository/org/apache/ratis/ratis-metrics/0.4.0-2337318-SNAPSHOT/ratis-metrics-0.4.0-2337318-SNAPSHOT.jar:/home/user/.m2/repository/org/apache/ratis/ratis-netty/0.4.0-2337318-SNAPSHOT/ratis-netty-0.4.0-2337318-SNAPSHOT.jar:/home/user/.m2/repository/org/apache/ratis/ratis-grpc/0.4.0-2337318-SNAPSHOT/ratis-grpc-0.4.0-2337318-SNAPSHOT.jar:/home/user/.m2/repository/org/rocksdb/rocksdbjni/6.0.1/rocksdbjni-6.0.1.jar:/home/user/.m2/repository/org/apache/logging/log4j/log4j-api/2.11.0/log4j-api-2.11.0.jar:/home/user/.m2/repository/org/apache/logging/log4j/log4j-core/2.11.0/log4j-core-2.11.0.jar:/home/user/.m2/repository/com/lmax/disruptor/3.4.2/disruptor-3.4.2.jar:/home/user/.m2/repository/org/apache/commons/commons-pool2/2.6.0/commons-pool2-2.6.0.jar:/home/user/.m2/repository/org/bouncycastle/bcpkix-jdk15on/1.60/bcpkix-jdk15on-1.60.jar:/home/user/.m2/repository/commons-validator/commons-validator/1.6/commons-validator-1.6.jar:/home/user/.m2/repository/commons-digester/commons-digester/1.8.1/commons-digester-1.8.1.jar:/home/user/.m2/repository/io/jaegertracing/jaeger-client/0.33.1/jaeger-client-0.33.1.jar:/home/user/.m2/repository/io/jaegertracing/jaeger-thrift/0.33.1/jaeger-thrift-0.33.1.jar:/home/user/.m2/repository/org/apache/thrift/libthrift/0.11.0/libthrift-0.11.0.jar:/home/user/.m2/repository/com/squareup/okhttp3/okhttp/3.9.0/okhttp-3.9.0.jar:/home/user/.m2/repository/com/squareup/okio/okio/1.13.0/okio-1.13.0.jar:/home/user/.m2/repository/io/jaegertracing/jaeger-core/0.33.1/jaeger-core-0.33.1.jar:/home/user/.m2/repository/io/jaegertracing/jaeger-tracerresolver/0.33.1/jaeger-tracerresolver-0.33.1.jar:/home/user/.m2/repository/io/opentracing/contrib/opentracing-tracerresolver/0.1.5/opentracing-tracerresolver-0.1.5.jar:/home/user/.m2/repository/io/opentracing/opentracing-util/0.31.0/opentracing-util-0.31.0.jar:/home/user/.m2/repository/io/opentracing/opentracing-api/0.31.0/opentracing-api-0.31.0.jar:/home/user/.m2/repository/io/opentracing/opentracing-noop/0.31.0/opentracing-noop-0.31.0.jar:/home/user/.m2/repository/org/apache/hadoop/hadoop-hdds-server-framework/0.5.0-SNAPSHOT/hadoop-hdds-server-framework-0.5.0-SNAPSHOT.jar:/home/user/.m2/repository/org/apache/hadoop/hadoop-hdds-container-service/0.5.0-SNAPSHOT/hadoop-hdds-container-service-0.5.0-SNAPSHOT.jar:/home/user/.m2/repository/org/apache/hadoop/hadoop-hdds-client/0.5.0-SNAPSHOT/hadoop-hdds-client-0.5.0-SNAPSHOT.jar:/home/user/.m2/repository/org/apache/hadoop/hadoop-hdds-tools/0.5.0-SNAPSHOT/hadoop-hdds-tools-0.5.0-SNAPSHOT.jar:/home/user/.m2/repository/org/apache/hadoop/hadoop-hdds-server-scm/0.5.0-SNAPSHOT/hadoop-hdds-server-scm-0.5.0-SNAPSHOT.jar:/home/user/.m2/repository/org/apache/hadoop/hadoop-hdds-docs/0.5.0-SNAPSHOT/hadoop-hdds-docs-0.5.0-SNAPSHOT.jar:/home/user/.m2/repository/io/dropwizard/metrics/metrics-core/3.2.4/metrics-core-3.2.4.jar:/home/user/.m2/repository/org/hamcrest/hamcrest-all/1.3/hamcrest-all-1.3.jar:/home/user/.m2/repository/org/bouncycastle/bcprov-jdk15on/1.60/bcprov-jdk15on-1.60.jar:/home/user/.m2/repository/info/picocli/picocli/3.9.6/picocli-3.9.6.jar:/home/user/.m2/repository/com/google/protobuf/protobuf-java/2.5.0/protobuf-java-2.5.0.jar:/home/user/.m2/repository/com/google/guava/guava/11.0.2/guava-11.0.2.jar:/home/user/.m2/repository/org/apache/hadoop/hadoop-ozone-ozone-manager/0.5.0-SNAPSHOT/hadoop-ozone-ozone-manager-0.5.0-SNAPSHOT.jar:/home/user/.m2/repository/org/apache/hadoop/hadoop-minikdc/3.2.0/hadoop-minikdc-3.2.0.jar:/home/user/.m2/repository/commons-io/commons-io/2.5/commons-io-2.5.jar:/home/user/.m2/repository/org/apache/kerby/kerb-simplekdc/1.0.1/kerb-simplekdc-1.0.1.jar:/home/user/.m2/repository/org/apache/kerby/kerb-client/1.0.1/kerb-client-1.0.1.jar:/home/user/.m2/repository/org/apache/kerby/kerby-config/1.0.1/kerby-config-1.0.1.jar:/home/user/.m2/repository/org/apache/kerby/kerb-core/1.0.1/kerb-core-1.0.1.jar:/home/user/.m2/repository/org/apache/kerby/kerby-pkix/1.0.1/kerby-pkix-1.0.1.jar:/home/user/.m2/repository/org/apache/kerby/kerby-asn1/1.0.1/kerby-asn1-1.0.1.jar:/home/user/.m2/repository/org/apache/kerby/kerby-util/1.0.1/kerby-util-1.0.1.jar:/home/user/.m2/repository/org/apache/kerby/kerb-common/1.0.1/kerb-common-1.0.1.jar:/home/user/.m2/repository/org/apache/kerby/kerb-crypto/1.0.1/kerb-crypto-1.0.1.jar:/home/user/.m2/repository/org/apache/kerby/kerb-util/1.0.1/kerb-util-1.0.1.jar:/home/user/.m2/repository/org/apache/kerby/token-provider/1.0.1/token-provider-1.0.1.jar:/home/user/.m2/repository/org/apache/kerby/kerb-admin/1.0.1/kerb-admin-1.0.1.jar:/home/user/.m2/repository/org/apache/kerby/kerb-server/1.0.1/kerb-server-1.0.1.jar:/home/user/.m2/repository/org/apache/kerby/kerb-identity/1.0.1/kerb-identity-1.0.1.jar:/home/user/.m2/repository/org/apache/kerby/kerby-xdr/1.0.1/kerby-xdr-1.0.1.jar:/home/user/.m2/repository/org/slf4j/slf4j-log4j12/1.7.25/slf4j-log4j12-1.7.25.jar:/home/user/.m2/repository/org/apache/hadoop/hadoop-ozone-objectstore-service/0.5.0-SNAPSHOT/hadoop-ozone-objectstore-service-0.5.0-SNAPSHOT.jar:/home/user/.m2/repository/org/apache/hadoop/hadoop-ozone-s3gateway/0.5.0-SNAPSHOT/hadoop-ozone-s3gateway-0.5.0-SNAPSHOT.jar:/home/user/.m2/repository/org/jboss/weld/servlet/weld-servlet/2.4.7.Final/weld-servlet-2.4.7.Final.jar:/home/user/.m2/repository/org/glassfish/jersey/containers/jersey-container-servlet-core/2.27/jersey-container-servlet-core-2.27.jar:/home/user/.m2/repository/org/glassfish/hk2/external/javax.inject/2.5.0-b42/javax.inject-2.5.0-b42.jar:/home/user/.m2/repository/org/glassfish/jersey/core/jersey-common/2.27/jersey-common-2.27.jar:/home/user/.m2/repository/org/glassfish/hk2/osgi-resource-locator/1.0.1/osgi-resource-locator-1.0.1.jar:/home/user/.m2/repository/javax/ws/rs/javax.ws.rs-api/2.1/javax.ws.rs-api-2.1.jar:/home/user/.m2/repository/org/glassfish/jersey/ext/cdi/jersey-cdi1x/2.27/jersey-cdi1x-2.27.jar:/home/user/.m2/repository/org/glassfish/jersey/inject/jersey-hk2/2.27/jersey-hk2-2.27.jar:/home/user/.m2/repository/org/glassfish/hk2/hk2-locator/2.5.0-b42/hk2-locator-2.5.0-b42.jar:/home/user/.m2/repository/org/javassist/javassist/3.22.0-CR2/javassist-3.22.0-CR2.jar:/home/user/.m2/repository/org/glassfish/hk2/hk2-api/2.5.0/hk2-api-2.5.0.jar:/home/user/.m2/repository/org/glassfish/hk2/external/jakarta.inject/2.5.0/jakarta.inject-2.5.0.jar:/home/user/.m2/repository/org/glassfish/hk2/hk2-utils/2.5.0/hk2-utils-2.5.0.jar:/home/user/.m2/repository/jakarta/annotation/jakarta.annotation-api/1.3.4/jakarta.annotation-api-1.3.4.jar:/home/user/.m2/repository/org/glassfish/hk2/external/aopalliance-repackaged/2.5.0/aopalliance-repackaged-2.5.0.jar:/home/user/.m2/repository/com/fasterxml/jackson/dataformat/jackson-dataformat-xml/2.9.0/jackson-dataformat-xml-2.9.0.jar:/home/user/.m2/repository/com/fasterxml/jackson/core/jackson-core/2.9.5/jackson-core-2.9.5.jar:/home/user/.m2/repository/com/fasterxml/jackson/module/jackson-module-jaxb-annotations/2.9.5/jackson-module-jaxb-annotations-2.9.5.jar:/home/user/.m2/repository/javax/enterprise/cdi-api/1.2/cdi-api-1.2.jar:/home/user/.m2/repository/javax/el/javax.el-api/3.0.0/javax.el-api-3.0.0.jar:/home/user/.m2/repository/javax/interceptor/javax.interceptor-api/1.2/javax.interceptor-api-1.2.jar:/home/user/.m2/repository/javax/inject/javax.inject/1/javax.inject-1.jar:/home/user/.m2/repository/com/sun/xml/bind/jaxb-impl/2.3.0.1/jaxb-impl-2.3.0.1.jar:/home/user/.m2/repository/com/sun/xml/bind/jaxb-core/2.3.0.1/jaxb-core-2.3.0.1.jar:/home/user/.m2/repository/javax/xml/bind/jaxb-api/2.3.0/jaxb-api-2.3.0.jar:/home/user/.m2/repository/javax/activation/activation/1.1.1/activation-1.1.1.jar:/home/user/.m2/repository/org/apache/hadoop/hadoop-ozone-csi/0.5.0-SNAPSHOT/hadoop-ozone-csi-0.5.0-SNAPSHOT.jar:/home/user/.m2/repository/com/google/protobuf/protobuf-java-util/3.5.1/protobuf-java-util-3.5.1.jar:/home/user/.m2/repository/org/apache/hadoop/hadoop-hdds-config/0.5.0-SNAPSHOT/hadoop-hdds-config-0.5.0-SNAPSHOT.jar:/home/user/.m2/repository/io/grpc/grpc-netty/1.17.1/grpc-netty-1.17.1.jar:/home/user/.m2/repository/io/grpc/grpc-core/1.17.1/grpc-core-1.17.1.jar:/home/user/.m2/repository/io/grpc/grpc-context/1.17.1/grpc-context-1.17.1.jar:/home/user/.m2/repository/com/google/errorprone/error_prone_annotations/2.2.0/error_prone_annotations-2.2.0.jar:/home/user/.m2/repository/org/codehaus/mojo/animal-sniffer-annotations/1.17/animal-sniffer-annotations-1.17.jar:/home/user/.m2/repository/io/opencensus/opencensus-api/0.17.0/opencensus-api-0.17.0.jar:/home/user/.m2/repository/io/opencensus/opencensus-contrib-grpc-metrics/0.17.0/opencensus-contrib-grpc-metrics-0.17.0.jar:/home/user/.m2/repository/io/netty/netty-codec-http2/4.1.30.Final/netty-codec-http2-4.1.30.Final.jar:/home/user/.m2/repository/io/netty/netty-codec-http/4.1.30.Final/netty-codec-http-4.1.30.Final.jar:/home/user/.m2/repository/io/netty/netty-codec/4.1.30.Final/netty-codec-4.1.30.Final.jar:/home/user/.m2/repository/io/netty/netty-handler/4.1.30.Final/netty-handler-4.1.30.Final.jar:/home/user/.m2/repository/io/netty/netty-handler-proxy/4.1.30.Final/netty-handler-proxy-4.1.30.Final.jar:/home/user/.m2/repository/io/netty/netty-codec-socks/4.1.30.Final/netty-codec-socks-4.1.30.Final.jar:/home/user/.m2/repository/io/netty/netty-transport-native-epoll/4.1.30.Final/netty-transport-native-epoll-4.1.30.Final.jar:/home/user/.m2/repository/io/netty/netty-common/4.1.30.Final/netty-common-4.1.30.Final.jar:/home/user/.m2/repository/io/netty/netty-buffer/4.1.30.Final/netty-buffer-4.1.30.Final.jar:/home/user/.m2/repository/io/netty/netty-transport/4.1.30.Final/netty-transport-4.1.30.Final.jar:/home/user/.m2/repository/io/netty/netty-resolver/4.1.30.Final/netty-resolver-4.1.30.Final.jar:/home/user/.m2/repository/io/netty/netty-transport-native-unix-common/4.1.30.Final/netty-transport-native-unix-common-4.1.30.Final.jar:/home/user/.m2/repository/io/grpc/grpc-protobuf/1.17.1/grpc-protobuf-1.17.1.jar:/home/user/.m2/repository/com/google/api/grpc/proto-google-common-protos/1.0.0/proto-google-common-protos-1.0.0.jar:/home/user/.m2/repository/io/grpc/grpc-protobuf-lite/1.17.1/grpc-protobuf-lite-1.17.1.jar:/home/user/.m2/repository/io/grpc/grpc-stub/1.17.1/grpc-stub-1.17.1.jar:/home/user/.m2/repository/org/apache/hadoop/hadoop-ozone-recon/0.5.0-SNAPSHOT/hadoop-ozone-recon-0.5.0-SNAPSHOT.jar:/home/user/.m2/repository/org/apache/hadoop/hadoop-ozone-reconcodegen/0.5.0-SNAPSHOT/hadoop-ozone-reconcodegen-0.5.0-SNAPSHOT.jar:/home/user/.m2/repository/com/google/inject/extensions/guice-multibindings/4.0/guice-multibindings-4.0.jar:/home/user/.m2/repository/com/google/inject/guice/4.0/guice-4.0.jar:/home/user/.m2/repository/aopalliance/aopalliance/1.0/aopalliance-1.0.jar:/home/user/.m2/repository/com/google/inject/extensions/guice-servlet/4.0/guice-servlet-4.0.jar:/home/user/.m2/repository/org/glassfish/jersey/containers/jersey-container-servlet/2.27/jersey-container-servlet-2.27.jar:/home/user/.m2/repository/org/glassfish/hk2/guice-bridge/2.5.0/guice-bridge-2.5.0.jar:/home/user/.m2/repository/org/glassfish/jersey/core/jersey-server/2.27/jersey-server-2.27.jar:/home/user/.m2/repository/org/glassfish/jersey/core/jersey-client/2.27/jersey-client-2.27.jar:/home/user/.m2/repository/org/glassfish/jersey/media/jersey-media-jaxb/2.27/jersey-media-jaxb-2.27.jar:/home/user/.m2/repository/javax/validation/validation-api/1.1.0.Final/validation-api-1.1.0.Final.jar:/home/user/.m2/repository/org/glassfish/jersey/media/jersey-media-json-jackson/2.27/jersey-media-json-jackson-2.27.jar:/home/user/.m2/repository/org/glassfish/jersey/ext/jersey-entity-filtering/2.27/jersey-entity-filtering-2.27.jar:/home/user/.m2/repository/com/google/inject/extensions/guice-assistedinject/4.0/guice-assistedinject-4.0.jar:/home/user/.m2/repository/org/jooq/jooq/3.11.10/jooq-3.11.10.jar:/home/user/.m2/repository/org/jooq/jooq-meta/3.11.10/jooq-meta-3.11.10.jar:/home/user/.m2/repository/org/jooq/jooq-codegen/3.11.10/jooq-codegen-3.11.10.jar:/home/user/.m2/repository/com/jolbox/bonecp/0.8.0.RELEASE/bonecp-0.8.0.RELEASE.jar:/home/user/.m2/repository/org/xerial/sqlite-jdbc/3.25.2/sqlite-jdbc-3.25.2.jar:/home/user/.m2/repository/org/springframework/spring-jdbc/5.1.3.RELEASE/spring-jdbc-5.1.3.RELEASE.jar:/home/user/.m2/repository/org/springframework/spring-beans/5.1.3.RELEASE/spring-beans-5.1.3.RELEASE.jar:/home/user/.m2/repository/org/springframework/spring-core/5.1.3.RELEASE/spring-core-5.1.3.RELEASE.jar:/home/user/.m2/repository/org/springframework/spring-jcl/5.1.3.RELEASE/spring-jcl-5.1.3.RELEASE.jar:/home/user/.m2/repository/org/springframework/spring-tx/5.1.3.RELEASE/spring-tx-5.1.3.RELEASE.jar:/home/user/.m2/repository/org/apache/hadoop/hadoop-ozone-client/0.5.0-SNAPSHOT/hadoop-ozone-client-0.5.0-SNAPSHOT.jar:/home/user/.m2/repository/commons-lang/commons-lang/2.6/commons-lang-2.6.jar:/home/user/.m2/repository/org/apache/hadoop/hadoop-ozone-ozone-manager/0.5.0-SNAPSHOT/hadoop-ozone-ozone-manager-0.5.0-SNAPSHOT-tests.jar:/home/user/.m2/repository/junit/junit/4.11/junit-4.11.jar:/home/user/.m2/repository/org/hamcrest/hamcrest-core/1.3/hamcrest-core-1.3.jar:/home/user/.m2/repository/org/openjdk/jmh/jmh-core/1.19/jmh-core-1.19.jar:/home/user/.m2/repository/net/sf/jopt-simple/jopt-simple/4.6/jopt-simple-4.6.jar:/home/user/.m2/repository/org/apache/commons/commons-math3/3.1.1/commons-math3-3.1.1.jar:/home/user/.m2/repository/org/openjdk/jmh/jmh-generator-annprocess/1.19/jmh-generator-annprocess-1.19.jar:/home/user/.m2/repository/org/mockito/mockito-all/1.8.5/mockito-all-1.8.5.jar:/home/user/.m2/repository/org/apache/hadoop/hadoop-kms/3.2.0/hadoop-kms-3.2.0.jar:/home/user/.m2/repository/org/apache/hadoop/hadoop-auth/3.2.0/hadoop-auth-3.2.0.jar:/home/user/.m2/repository/com/nimbusds/nimbus-jose-jwt/4.41.1/nimbus-jose-jwt-4.41.1.jar:/home/user/.m2/repository/com/github/stephenc/jcip/jcip-annotations/1.0-1/jcip-annotations-1.0-1.jar:/home/user/.m2/repository/net/minidev/json-smart/2.3/json-smart-2.3.jar:/home/user/.m2/repository/net/minidev/accessors-smart/1.2/accessors-smart-1.2.jar:/home/user/.m2/repository/org/ow2/asm/asm/5.0.4/asm-5.0.4.jar:/home/user/.m2/repository/org/apache/curator/curator-framework/2.12.0/curator-framework-2.12.0.jar:/home/user/.m2/repository/com/sun/jersey/jersey-core/1.19/jersey-core-1.19.jar:/home/user/.m2/repository/javax/ws/rs/jsr311-api/1.1.1/jsr311-api-1.1.1.jar:/home/user/.m2/repository/com/sun/jersey/jersey-server/1.19/jersey-server-1.19.jar:/home/user/.m2/repository/javax/servlet/javax.servlet-api/3.1.0/javax.servlet-api-3.1.0.jar:/home/user/.m2/repository/org/eclipse/jetty/jetty-server/9.3.24.v20180605/jetty-server-9.3.24.v20180605.jar:/home/user/.m2/repository/org/eclipse/jetty/jetty-http/9.3.24.v20180605/jetty-http-9.3.24.v20180605.jar:/home/user/.m2/repository/org/eclipse/jetty/jetty-io/9.3.24.v20180605/jetty-io-9.3.24.v20180605.jar:/home/user/.m2/repository/org/eclipse/jetty/jetty-webapp/9.3.24.v20180605/jetty-webapp-9.3.24.v20180605.jar:/home/user/.m2/repository/org/eclipse/jetty/jetty-xml/9.3.24.v20180605/jetty-xml-9.3.24.v20180605.jar:/home/user/.m2/repository/log4j/log4j/1.2.17/log4j-1.2.17.jar:/home/user/.m2/repository/org/slf4j/slf4j-api/1.7.25/slf4j-api-1.7.25.jar:/home/user/.m2/repository/org/slf4j/jul-to-slf4j/1.7.25/jul-to-slf4j-1.7.25.jar:/home/user/.m2/repository/org/eclipse/jetty/jetty-util/9.3.24.v20180605/jetty-util-9.3.24.v20180605.jar:/home/user/.m2/repository/com/fasterxml/jackson/core/jackson-databind/2.9.5/jackson-databind-2.9.5.jar:/home/user/.m2/repository/org/apache/hadoop/hadoop-kms/3.2.0/hadoop-kms-3.2.0-tests.jar:/home/user/.m2/repository/org/apache/hadoop/hadoop-hdds-server-scm/0.5.0-SNAPSHOT/hadoop-hdds-server-scm-0.5.0-SNAPSHOT-tests.jar:/home/user/.m2/repository/org/apache/hadoop/hadoop-hdds-container-service/0.5.0-SNAPSHOT/hadoop-hdds-container-service-0.5.0-SNAPSHOT-tests.jar:/home/user/.m2/repository/org/yaml/snakeyaml/1.16/snakeyaml-1.16.jar:/home/user/.m2/repository/org/apache/hadoop/hadoop-common/3.2.0/hadoop-common-3.2.0-tests.jar:/home/user/.m2/repository/org/apache/hadoop/hadoop-annotations/3.2.0/hadoop-annotations-3.2.0.jar:/usr/lib/jvm/java-1.8-openjdk/jre/../lib/tools.jar:/home/user/.m2/repository/commons-cli/commons-cli/1.2/commons-cli-1.2.jar:/home/user/.m2/repository/org/apache/httpcomponents/httpclient/4.5.2/httpclient-4.5.2.jar:/home/user/.m2/repository/org/apache/httpcomponents/httpcore/4.4.4/httpcore-4.4.4.jar:/home/user/.m2/repository/commons-codec/commons-codec/1.11/commons-codec-1.11.jar:/home/user/.m2/repository/commons-net/commons-net/3.6/commons-net-3.6.jar:/home/user/.m2/repository/commons-collections/commons-collections/3.2.2/commons-collections-3.2.2.jar:/home/user/.m2/repository/org/eclipse/jetty/jetty-servlet/9.3.24.v20180605/jetty-servlet-9.3.24.v20180605.jar:/home/user/.m2/repository/org/eclipse/jetty/jetty-security/9.3.24.v20180605/jetty-security-9.3.24.v20180605.jar:/home/user/.m2/repository/javax/servlet/jsp/jsp-api/2.1/jsp-api-2.1.jar:/home/user/.m2/repository/com/sun/jersey/jersey-servlet/1.19/jersey-servlet-1.19.jar:/home/user/.m2/repository/com/sun/jersey/jersey-json/1.19/jersey-json-1.19.jar:/home/user/.m2/repository/org/codehaus/jettison/jettison/1.1/jettison-1.1.jar:/home/user/.m2/repository/org/codehaus/jackson/jackson-core-asl/1.9.13/jackson-core-asl-1.9.13.jar:/home/user/.m2/repository/org/codehaus/jackson/jackson-mapper-asl/1.9.13/jackson-mapper-asl-1.9.13.jar:/home/user/.m2/repository/org/codehaus/jackson/jackson-jaxrs/1.9.13/jackson-jaxrs-1.9.13.jar:/home/user/.m2/repository/org/codehaus/jackson/jackson-xc/1.9.13/jackson-xc-1.9.13.jar:/home/user/.m2/repository/commons-logging/commons-logging/1.1.3/commons-logging-1.1.3.jar:/home/user/.m2/repository/commons-beanutils/commons-beanutils/1.9.3/commons-beanutils-1.9.3.jar:/home/user/.m2/repository/org/apache/commons/commons-configuration2/2.1.1/commons-configuration2-2.1.1.jar:/home/user/.m2/repository/org/apache/commons/commons-lang3/3.7/commons-lang3-3.7.jar:/home/user/.m2/repository/org/apache/commons/commons-text/1.4/commons-text-1.4.jar:/home/user/.m2/repository/org/apache/avro/avro/1.7.7/avro-1.7.7.jar:/home/user/.m2/repository/com/thoughtworks/paranamer/paranamer/2.3/paranamer-2.3.jar:/home/user/.m2/repository/org/xerial/snappy/snappy-java/1.0.5/snappy-java-1.0.5.jar:/home/user/.m2/repository/com/google/re2j/re2j/1.1/re2j-1.1.jar:/home/user/.m2/repository/com/google/code/gson/gson/2.2.4/gson-2.2.4.jar:/home/user/.m2/repository/com/jcraft/jsch/0.1.54/jsch-0.1.54.jar:/home/user/.m2/repository/org/apache/curator/curator-client/2.12.0/curator-client-2.12.0.jar:/home/user/.m2/repository/org/apache/curator/curator-recipes/2.12.0/curator-recipes-2.12.0.jar:/home/user/.m2/repository/com/google/code/findbugs/jsr305/3.0.0/jsr305-3.0.0.jar:/home/user/.m2/repository/org/apache/htrace/htrace-core4/4.1.0-incubating/htrace-core4-4.1.0-incubating.jar:/home/user/.m2/repository/org/apache/zookeeper/zookeeper/3.4.13/zookeeper-3.4.13.jar:/home/user/.m2/repository/org/apache/yetus/audience-annotations/0.5.0/audience-annotations-0.5.0.jar:/home/user/.m2/repository/org/codehaus/woodstox/stax2-api/3.1.4/stax2-api-3.1.4.jar:/home/user/.m2/repository/com/fasterxml/woodstox/woodstox-core/5.0.3/woodstox-core-5.0.3.jar:/home/user/.m2/repository/dnsjava/dnsjava/2.1.7/dnsjava-2.1.7.jar:/home/user/.m2/repository/org/apache/hadoop/hadoop-hdfs/3.2.0/hadoop-hdfs-3.2.0-tests.jar:/home/user/.m2/repository/org/eclipse/jetty/jetty-util-ajax/9.3.24.v20180605/jetty-util-ajax-9.3.24.v20180605.jar:/home/user/.m2/repository/commons-daemon/commons-daemon/1.0.13/commons-daemon-1.0.13.jar:/home/user/.m2/repository/io/netty/netty/3.10.5.Final/netty-3.10.5.Final.jar:/home/user/.m2/repository/io/netty/netty-all/4.0.52.Final/netty-all-4.0.52.Final.jar:/home/user/.m2/repository/org/fusesource/leveldbjni/leveldbjni-all/1.8/leveldbjni-all-1.8.jar:"/>
    <property name="sun.cpu.endian" value="little"/>
    <property name="user.home" value="/home/user"/>
    <property name="user.language" value="en"/>
    <property name="java.specification.vendor" value="Oracle Corporation"/>
    <property name="java.home" value="/usr/lib/jvm/java-1.8-openjdk/jre"/>
    <property name="java.security.krb5.conf" value="/workdir/hadoop-ozone/integration-test/target/test-classes/krb5.conf"/>
    <property name="basedir" value="/workdir/hadoop-ozone/integration-test"/>
    <property name="file.separator" value="/"/>
    <property name="line.separator" value="&#10;"/>
    <property name="java.vm.specification.vendor" value="Oracle Corporation"/>
    <property name="java.specification.name" value="Java Platform API Specification"/>
    <property name="java.awt.graphicsenv" value="sun.awt.X11GraphicsEnvironment"/>
    <property name="surefire.real.class.path" value="/workdir/hadoop-ozone/integration-test/target/surefire/surefirebooter6158578364804719775.jar"/>
    <property name="hadoop.log.dir" value="/workdir/hadoop-ozone/integration-test/target/log"/>
    <property name="sun.boot.class.path" value="/usr/lib/jvm/java-1.8-openjdk/jre/lib/resources.jar:/usr/lib/jvm/java-1.8-openjdk/jre/lib/rt.jar:/usr/lib/jvm/java-1.8-openjdk/jre/lib/sunrsasign.jar:/usr/lib/jvm/java-1.8-openjdk/jre/lib/jsse.jar:/usr/lib/jvm/java-1.8-openjdk/jre/lib/jce.jar:/usr/lib/jvm/java-1.8-openjdk/jre/lib/charsets.jar:/usr/lib/jvm/java-1.8-openjdk/jre/lib/jfr.jar:/usr/lib/jvm/java-1.8-openjdk/jre/classes"/>
    <property name="sun.management.compiler" value="HotSpot 64-Bit Tiered Compilers"/>
    <property name="java.runtime.version" value="1.8.0_212-b04"/>
    <property name="java.net.preferIPv4Stack" value="true"/>
    <property name="user.name" value="jenkins1000"/>
    <property name="path.separator" value=":"/>
    <property name="java.security.egd" value="file:///dev/urandom"/>
    <property name="os.version" value="3.10.0-957.12.2.el7.x86_64"/>
    <property name="java.endorsed.dirs" value="/usr/lib/jvm/java-1.8-openjdk/jre/lib/endorsed"/>
    <property name="java.runtime.name" value="OpenJDK Runtime Environment"/>
    <property name="file.encoding" value="UTF-8"/>
    <property name="java.vm.name" value="OpenJDK 64-Bit Server VM"/>
    <property name="test.build.webapps" value=""/>
    <property name="localRepository" value="/home/user/.m2/repository"/>
    <property name="java.vendor.url.bug" value="https://icedtea.classpath.org/bugzilla"/>
    <property name="java.io.tmpdir" value="/tmp"/>
    <property name="require.test.libhadoop" value=""/>
    <property name="java.version" value="1.8.0_212"/>
    <property name="user.dir" value="/workdir/hadoop-ozone/integration-test"/>
    <property name="os.arch" value="amd64"/>
    <property name="java.vm.specification.name" value="Java Virtual Machine Specification"/>
    <property name="test.build.classes" value="/workdir/hadoop-ozone/integration-test/target/test-classes"/>
    <property name="java.awt.printerjob" value="sun.print.PSPrinterJob"/>
    <property name="sun.os.patch.level" value="unknown"/>
    <property name="hadoop.tmp.dir" value="/workdir/hadoop-ozone/integration-test/target/tmp"/>
    <property name="java.library.path" value="/usr/lib/jvm/java-1.8-openjdk/jre/lib/amd64/server:/usr/lib/jvm/java-1.8-openjdk/jre/lib/amd64:/usr/lib/jvm/java-1.8-openjdk/jre/../lib/amd64:/workdir/hadoop-ozone/integration-test/target/native/target/usr/local/lib:/workdir/hadoop-ozone/integration-test/../../hadoop-common-project/hadoop-common/target/native/target/usr/local/lib:/usr/java/packages/lib/amd64:/usr/lib64:/lib64:/lib:/usr/lib"/>
    <property name="java.vm.info" value="mixed mode"/>
    <property name="java.vendor" value="IcedTea"/>
    <property name="java.vm.version" value="25.212-b04"/>
    <property name="java.ext.dirs" value="/usr/lib/jvm/java-1.8-openjdk/jre/lib/ext:/usr/java/packages/lib/ext"/>
    <property name="sun.io.unicode.encoding" value="UnicodeLittle"/>
    <property name="java.class.version" value="52.0"/>
  </properties>
  <testcase name="test2DatanodesFailure" classname="org.apache.hadoop.ozone.client.rpc.TestBlockOutputStreamWithFailures" time="52.568">
    <failure type="java.lang.AssertionError">java.lang.AssertionError
	at org.junit.Assert.fail(Assert.java:86)
	at org.junit.Assert.assertTrue(Assert.java:41)
	at org.junit.Assert.assertTrue(Assert.java:52)
	at org.apache.hadoop.ozone.client.rpc.TestBlockOutputStreamWithFailures.test2DatanodesFailure(TestBlockOutputStreamWithFailures.java:507)
	at sun.reflect.NativeMethodAccessorImpl.invoke0(Native Method)
	at sun.reflect.NativeMethodAccessorImpl.invoke(NativeMethodAccessorImpl.java:62)
	at sun.reflect.DelegatingMethodAccessorImpl.invoke(DelegatingMethodAccessorImpl.java:43)
	at java.lang.reflect.Method.invoke(Method.java:498)
	at org.junit.runners.model.FrameworkMethod$1.runReflectiveCall(FrameworkMethod.java:47)
	at org.junit.internal.runners.model.ReflectiveCallable.run(ReflectiveCallable.java:12)
	at org.junit.runners.model.FrameworkMethod.invokeExplosively(FrameworkMethod.java:44)
	at org.junit.internal.runners.statements.InvokeMethod.evaluate(InvokeMethod.java:17)
	at org.junit.internal.runners.statements.RunBefores.evaluate(RunBefores.java:26)
	at org.junit.internal.runners.statements.RunAfters.evaluate(RunAfters.java:27)
	at org.junit.runners.ParentRunner.runLeaf(ParentRunner.java:271)
	at org.junit.runners.BlockJUnit4ClassRunner.runChild(BlockJUnit4ClassRunner.java:70)
	at org.junit.runners.BlockJUnit4ClassRunner.runChild(BlockJUnit4ClassRunner.java:50)
	at org.junit.runners.ParentRunner$3.run(ParentRunner.java:238)
	at org.junit.runners.ParentRunner$1.schedule(ParentRunner.java:63)
	at org.junit.runners.ParentRunner.runChildren(ParentRunner.java:236)
	at org.junit.runners.ParentRunner.access$000(ParentRunner.java:53)
	at org.junit.runners.ParentRunner$2.evaluate(ParentRunner.java:229)
	at org.junit.runners.ParentRunner.run(ParentRunner.java:309)
	at org.apache.maven.surefire.junit4.JUnit4Provider.execute(JUnit4Provider.java:365)
	at org.apache.maven.surefire.junit4.JUnit4Provider.executeWithRerun(JUnit4Provider.java:273)
	at org.apache.maven.surefire.junit4.JUnit4Provider.executeTestSet(JUnit4Provider.java:238)
	at org.apache.maven.surefire.junit4.JUnit4Provider.invoke(JUnit4Provider.java:159)
	at org.apache.maven.surefire.booter.ForkedBooter.invokeProviderInSameClassLoader(ForkedBooter.java:384)
	at org.apache.maven.surefire.booter.ForkedBooter.runSuitesInProcess(ForkedBooter.java:345)
	at org.apache.maven.surefire.booter.ForkedBooter.execute(ForkedBooter.java:126)
	at org.apache.maven.surefire.booter.ForkedBooter.main(ForkedBooter.java:418)
</failure>
    <system-out><![CDATA[2019-08-21 10:25:19,873 WARN  server.ServerUtils (ServerUtils.java:getScmDbDir(145)) - ozone.scm.db.dirs is not configured. We recommend adding this setting. Falling back to ozone.metadata.dirs instead.
2019-08-21 10:25:19,967 WARN  server.ServerUtils (ServerUtils.java:getScmDbDir(145)) - ozone.scm.db.dirs is not configured. We recommend adding this setting. Falling back to ozone.metadata.dirs instead.
2019-08-21 10:25:19,970 WARN  server.ServerUtils (ServerUtils.java:getScmDbDir(145)) - ozone.scm.db.dirs is not configured. We recommend adding this setting. Falling back to ozone.metadata.dirs instead.
2019-08-21 10:25:19,987 INFO  util.log (Log.java:initialized(192)) - Logging initialized @880ms
2019-08-21 10:25:20,111 INFO  db.DBStoreBuilder (DBStoreBuilder.java:addTable(110)) - using custom profile for table: deletedBlocks
2019-08-21 10:25:20,112 INFO  db.DBStoreBuilder (DBStoreBuilder.java:processTables(161)) - Using default column profile:DBProfile.DISK for Table:deletedBlocks
2019-08-21 10:25:20,112 INFO  db.DBStoreBuilder (DBStoreBuilder.java:addTable(110)) - using custom profile for table: validCerts
2019-08-21 10:25:20,112 INFO  db.DBStoreBuilder (DBStoreBuilder.java:processTables(161)) - Using default column profile:DBProfile.DISK for Table:validCerts
2019-08-21 10:25:20,113 INFO  db.DBStoreBuilder (DBStoreBuilder.java:addTable(110)) - using custom profile for table: revokedCerts
2019-08-21 10:25:20,113 INFO  db.DBStoreBuilder (DBStoreBuilder.java:processTables(161)) - Using default column profile:DBProfile.DISK for Table:revokedCerts
2019-08-21 10:25:20,125 INFO  db.DBStoreBuilder (DBStoreBuilder.java:addTable(110)) - using custom profile for table: default
2019-08-21 10:25:20,125 INFO  db.DBStoreBuilder (DBStoreBuilder.java:processTables(167)) - Using default column profile:DBProfile.DISK for Table:default
2019-08-21 10:25:20,126 INFO  db.DBStoreBuilder (DBStoreBuilder.java:getDbProfile(198)) - Using default options. DBProfile.DISK
2019-08-21 10:25:20,486 INFO  net.NodeSchemaLoader (NodeSchemaLoader.java:loadSchemaFromFile(125)) - Loading file from sun.misc.CompoundEnumeration@5f058f00
2019-08-21 10:25:20,489 INFO  net.NodeSchemaLoader (NodeSchemaLoader.java:loadSchema(171)) - Loading network topology layer schema file
2019-08-21 10:25:20,576 INFO  node.SCMNodeManager (SCMNodeManager.java:<init>(121)) - Entering startup safe mode.
2019-08-21 10:25:20,650 INFO  algorithms.ContainerPlacementPolicyFactory (ContainerPlacementPolicyFactory.java:getPolicy(55)) - Create container placement policy of type org.apache.hadoop.hdds.scm.container.placement.algorithms.SCMContainerPlacementRandom
2019-08-21 10:25:20,665 WARN  server.ServerUtils (ServerUtils.java:getScmDbDir(145)) - ozone.scm.db.dirs is not configured. We recommend adding this setting. Falling back to ozone.metadata.dirs instead.
2019-08-21 10:25:20,760 INFO  pipeline.SCMPipelineManager (SCMPipelineManager.java:initializePipelineState(126)) - No pipeline exists in current db
2019-08-21 10:25:20,762 WARN  server.ServerUtils (ServerUtils.java:getScmDbDir(145)) - ozone.scm.db.dirs is not configured. We recommend adding this setting. Falling back to ozone.metadata.dirs instead.
2019-08-21 10:25:20,846 WARN  events.EventQueue (EventQueue.java:fireEvent(175)) - No event handler registered for event TypedEvent{payloadType=SafeModeStatus, name='SafeModeStatus'}
2019-08-21 10:25:21,220 INFO  ipc.CallQueueManager (CallQueueManager.java:<init>(84)) - Using callQueue: class java.util.concurrent.LinkedBlockingQueue, queueCapacity: 2000, scheduler: class org.apache.hadoop.ipc.DefaultRpcScheduler, ipcBackoff: false.
2019-08-21 10:25:21,256 INFO  ipc.Server (Server.java:run(1074)) - Starting Socket Reader #1 for port 33279
2019-08-21 10:25:21,281 INFO  ipc.CallQueueManager (CallQueueManager.java:<init>(84)) - Using callQueue: class java.util.concurrent.LinkedBlockingQueue, queueCapacity: 2000, scheduler: class org.apache.hadoop.ipc.DefaultRpcScheduler, ipcBackoff: false.
2019-08-21 10:25:21,282 INFO  ipc.Server (Server.java:run(1074)) - Starting Socket Reader #1 for port 36362
2019-08-21 10:25:21,290 INFO  ipc.CallQueueManager (CallQueueManager.java:<init>(84)) - Using callQueue: class java.util.concurrent.LinkedBlockingQueue, queueCapacity: 2000, scheduler: class org.apache.hadoop.ipc.DefaultRpcScheduler, ipcBackoff: false.
2019-08-21 10:25:21,291 INFO  ipc.Server (Server.java:run(1074)) - Starting Socket Reader #1 for port 44220
2019-08-21 10:25:21,423 INFO  hdfs.DFSUtil (DFSUtil.java:httpServerTemplateForNNAndJN(1641)) - Starting Web-server for scm at: http://0.0.0.0:0
2019-08-21 10:25:21,595 INFO  server.AuthenticationFilter (AuthenticationFilter.java:constructSecretProvider(240)) - Unable to initialize FileSignerSecretProvider, falling back to use random secrets.
2019-08-21 10:25:21,607 WARN  http.HttpRequestLog (HttpRequestLog.java:getRequestLog(97)) - Jetty request log can only be enabled using Log4j
2019-08-21 10:25:21,617 INFO  http.HttpServer2 (HttpServer2.java:addGlobalFilter(975)) - Added global filter 'safety' (class=org.apache.hadoop.http.HttpServer2$QuotingInputFilter)
2019-08-21 10:25:21,620 INFO  http.HttpServer2 (HttpServer2.java:addFilter(948)) - Added filter static_user_filter (class=org.apache.hadoop.http.lib.StaticUserWebFilter$StaticUserFilter) to context scm
2019-08-21 10:25:21,620 INFO  http.HttpServer2 (HttpServer2.java:addFilter(958)) - Added filter static_user_filter (class=org.apache.hadoop.http.lib.StaticUserWebFilter$StaticUserFilter) to context static
2019-08-21 10:25:21,620 INFO  http.HttpServer2 (HttpServer2.java:addFilter(958)) - Added filter static_user_filter (class=org.apache.hadoop.http.lib.StaticUserWebFilter$StaticUserFilter) to context logs
2019-08-21 10:25:21,651 INFO  server.StorageContainerManager (StorageContainerManager.java:start(759)) - StorageContainerLocationProtocol RPC server is listening at /0.0.0.0:44220
2019-08-21 10:25:21,724 WARN  impl.MetricsConfig (MetricsConfig.java:loadFirst(134)) - Cannot locate configuration: tried hadoop-metrics2-storagecontainermanager.properties,hadoop-metrics2.properties
2019-08-21 10:25:21,741 INFO  impl.MetricsSystemImpl (MetricsSystemImpl.java:startTimer(374)) - Scheduled Metric snapshot period at 10 second(s).
2019-08-21 10:25:21,741 INFO  impl.MetricsSystemImpl (MetricsSystemImpl.java:start(191)) - StorageContainerManager metrics system started
2019-08-21 10:25:21,996 INFO  server.SCMClientProtocolServer (SCMClientProtocolServer.java:start(151)) - RPC server for Client  is listening at /0.0.0.0:44220
2019-08-21 10:25:21,997 INFO  ipc.Server (Server.java:run(1314)) - IPC Server Responder: starting
2019-08-21 10:25:21,997 INFO  ipc.Server (Server.java:run(1153)) - IPC Server listener on 44220: starting
2019-08-21 10:25:22,000 INFO  server.StorageContainerManager (StorageContainerManager.java:start(769)) - ScmBlockLocationProtocol RPC server is listening at /0.0.0.0:36362
2019-08-21 10:25:22,000 INFO  server.SCMBlockProtocolServer (SCMBlockProtocolServer.java:start(140)) - RPC server for Block Protocol is listening at /0.0.0.0:36362
2019-08-21 10:25:22,000 INFO  ipc.Server (Server.java:run(1314)) - IPC Server Responder: starting
2019-08-21 10:25:22,001 INFO  ipc.Server (Server.java:run(1153)) - IPC Server listener on 36362: starting
2019-08-21 10:25:22,003 INFO  server.StorageContainerManager (StorageContainerManager.java:start(773)) - ScmDatanodeProtocl RPC server is listening at /0.0.0.0:33279
2019-08-21 10:25:22,003 INFO  server.SCMDatanodeProtocolServer (SCMDatanodeProtocolServer.java:start(191)) - RPC server for DataNodes is listening at /0.0.0.0:33279
2019-08-21 10:25:22,003 INFO  ipc.Server (Server.java:run(1314)) - IPC Server Responder: starting
2019-08-21 10:25:22,003 INFO  ipc.Server (Server.java:run(1153)) - IPC Server listener on 33279: starting
2019-08-21 10:25:22,007 INFO  http.HttpServer2 (HttpServer2.java:bindListener(1191)) - Jetty bound to port 39618
2019-08-21 10:25:22,009 INFO  server.Server (Server.java:doStart(351)) - jetty-9.3.24.v20180605, build timestamp: 2018-06-05T17:11:56Z, git hash: 84205aa28f11a4f31f2a3b86d1bba2cc8ab69827
2019-08-21 10:25:22,048 INFO  handler.ContextHandler (ContextHandler.java:doStart(781)) - Started o.e.j.s.ServletContextHandler@495b0487{/logs,file:///workdir/hadoop-ozone/integration-test/target/log,AVAILABLE}
2019-08-21 10:25:22,049 INFO  handler.ContextHandler (ContextHandler.java:doStart(781)) - Started o.e.j.s.ServletContextHandler@222eb8aa{/static,file:///workdir/hadoop-ozone/integration-test/target/test-classes/webapps/static,AVAILABLE}
2019-08-21 10:25:22,083 INFO  handler.ContextHandler (ContextHandler.java:doStart(781)) - Started o.e.j.w.WebAppContext@72f46e16{/,file:///workdir/hadoop-ozone/integration-test/target/test-classes/webapps/scm/,AVAILABLE}{/scm}
2019-08-21 10:25:22,088 INFO  server.AbstractConnector (AbstractConnector.java:doStart(278)) - Started ServerConnector@77307458{HTTP/1.1,[http/1.1]}{0.0.0.0:39618}
2019-08-21 10:25:22,089 INFO  server.Server (Server.java:doStart(419)) - Started @2982ms
2019-08-21 10:25:22,090 INFO  server.BaseHttpServer (BaseHttpServer.java:updateConnectorAddress(213)) - HTTP server of SCM is listening at http://0.0.0.0:39618
2019-08-21 10:25:22,095 INFO  util.JvmPauseMonitor (JvmPauseMonitor.java:run(188)) - Starting JVM pause monitor
2019-08-21 10:25:22,097 WARN  server.ServerUtils (ServerUtils.java:getDBPath(222)) - ozone.om.db.dirs is not configured. We recommend adding this setting. Falling back to ozone.metadata.dirs instead.
2019-08-21 10:25:22,190 WARN  server.ServerUtils (ServerUtils.java:getDBPath(222)) - ozone.om.db.dirs is not configured. We recommend adding this setting. Falling back to ozone.metadata.dirs instead.
2019-08-21 10:25:22,190 WARN  server.ServerUtils (ServerUtils.java:getDBPath(222)) - ozone.om.db.dirs is not configured. We recommend adding this setting. Falling back to ozone.metadata.dirs instead.
2019-08-21 10:25:22,191 INFO  om.OzoneManager (OzoneManager.java:setOMNodeDetails(647)) - OM Service ID is not set. Setting it to the default ID: omServiceIdDefault
2019-08-21 10:25:22,192 INFO  om.OzoneManager (OzoneManager.java:setOMNodeDetails(653)) - OM Node ID is not set. Setting it to the OmStorage's OmID: e93bcb54-a09c-4890-998b-8b284da076a8
2019-08-21 10:25:22,193 INFO  om.OzoneManager (OzoneManager.java:loadOMHAConfigs(604)) - Found matching OM address with OMServiceId: null, OMNodeId: null, RPC Address: localhost:0 and Ratis port: 9872
2019-08-21 10:25:22,841 WARN  server.ServerUtils (ServerUtils.java:getDBPath(222)) - ozone.om.db.dirs is not configured. We recommend adding this setting. Falling back to ozone.metadata.dirs instead.
2019-08-21 10:25:22,848 INFO  db.DBStoreBuilder (DBStoreBuilder.java:addTable(110)) - using custom profile for table: userTable
2019-08-21 10:25:22,848 INFO  db.DBStoreBuilder (DBStoreBuilder.java:processTables(161)) - Using default column profile:DBProfile.DISK for Table:userTable
2019-08-21 10:25:22,848 INFO  db.DBStoreBuilder (DBStoreBuilder.java:addTable(110)) - using custom profile for table: volumeTable
2019-08-21 10:25:22,848 INFO  db.DBStoreBuilder (DBStoreBuilder.java:processTables(161)) - Using default column profile:DBProfile.DISK for Table:volumeTable
2019-08-21 10:25:22,849 INFO  db.DBStoreBuilder (DBStoreBuilder.java:addTable(110)) - using custom profile for table: bucketTable
2019-08-21 10:25:22,849 INFO  db.DBStoreBuilder (DBStoreBuilder.java:processTables(161)) - Using default column profile:DBProfile.DISK for Table:bucketTable
2019-08-21 10:25:22,849 INFO  db.DBStoreBuilder (DBStoreBuilder.java:addTable(110)) - using custom profile for table: keyTable
2019-08-21 10:25:22,849 INFO  db.DBStoreBuilder (DBStoreBuilder.java:processTables(161)) - Using default column profile:DBProfile.DISK for Table:keyTable
2019-08-21 10:25:22,850 INFO  db.DBStoreBuilder (DBStoreBuilder.java:addTable(110)) - using custom profile for table: deletedTable
2019-08-21 10:25:22,850 INFO  db.DBStoreBuilder (DBStoreBuilder.java:processTables(161)) - Using default column profile:DBProfile.DISK for Table:deletedTable
2019-08-21 10:25:22,850 INFO  db.DBStoreBuilder (DBStoreBuilder.java:addTable(110)) - using custom profile for table: openKeyTable
2019-08-21 10:25:22,850 INFO  db.DBStoreBuilder (DBStoreBuilder.java:processTables(161)) - Using default column profile:DBProfile.DISK for Table:openKeyTable
2019-08-21 10:25:22,851 INFO  db.DBStoreBuilder (DBStoreBuilder.java:addTable(110)) - using custom profile for table: s3Table
2019-08-21 10:25:22,851 INFO  db.DBStoreBuilder (DBStoreBuilder.java:processTables(161)) - Using default column profile:DBProfile.DISK for Table:s3Table
2019-08-21 10:25:22,851 INFO  db.DBStoreBuilder (DBStoreBuilder.java:addTable(110)) - using custom profile for table: multipartInfoTable
2019-08-21 10:25:22,851 INFO  db.DBStoreBuilder (DBStoreBuilder.java:processTables(161)) - Using default column profile:DBProfile.DISK for Table:multipartInfoTable
2019-08-21 10:25:22,851 INFO  db.DBStoreBuilder (DBStoreBuilder.java:addTable(110)) - using custom profile for table: dTokenTable
2019-08-21 10:25:22,852 INFO  db.DBStoreBuilder (DBStoreBuilder.java:processTables(161)) - Using default column profile:DBProfile.DISK for Table:dTokenTable
2019-08-21 10:25:22,852 INFO  db.DBStoreBuilder (DBStoreBuilder.java:addTable(110)) - using custom profile for table: s3SecretTable
2019-08-21 10:25:22,852 INFO  db.DBStoreBuilder (DBStoreBuilder.java:processTables(161)) - Using default column profile:DBProfile.DISK for Table:s3SecretTable
2019-08-21 10:25:22,852 INFO  db.DBStoreBuilder (DBStoreBuilder.java:addTable(110)) - using custom profile for table: prefixTable
2019-08-21 10:25:22,853 INFO  db.DBStoreBuilder (DBStoreBuilder.java:processTables(161)) - Using default column profile:DBProfile.DISK for Table:prefixTable
2019-08-21 10:25:22,853 INFO  db.DBStoreBuilder (DBStoreBuilder.java:addTable(110)) - using custom profile for table: default
2019-08-21 10:25:22,853 INFO  db.DBStoreBuilder (DBStoreBuilder.java:processTables(167)) - Using default column profile:DBProfile.DISK for Table:default
2019-08-21 10:25:22,853 INFO  db.DBStoreBuilder (DBStoreBuilder.java:getDbProfile(198)) - Using default options. DBProfile.DISK
2019-08-21 10:25:23,519 INFO  ipc.CallQueueManager (CallQueueManager.java:<init>(84)) - Using callQueue: class java.util.concurrent.LinkedBlockingQueue, queueCapacity: 2000, scheduler: class org.apache.hadoop.ipc.DefaultRpcScheduler, ipcBackoff: false.
2019-08-21 10:25:23,520 INFO  ipc.Server (Server.java:run(1074)) - Starting Socket Reader #1 for port 35356
2019-08-21 10:25:23,548 INFO  om.OzoneManager (OzoneManager.java:start(1258)) - OzoneManager RPC server is listening at localhost/127.0.0.1:35356
2019-08-21 10:25:23,548 INFO  impl.MetricsSystemImpl (MetricsSystemImpl.java:init(158)) - OzoneManager metrics system started (again)
2019-08-21 10:25:23,549 INFO  ipc.Server (Server.java:run(1153)) - IPC Server listener on 35356: starting
2019-08-21 10:25:23,549 INFO  ipc.Server (Server.java:run(1314)) - IPC Server Responder: starting
2019-08-21 10:25:23,554 INFO  hdfs.DFSUtil (DFSUtil.java:httpServerTemplateForNNAndJN(1641)) - Starting Web-server for ozoneManager at: http://0.0.0.0:0
2019-08-21 10:25:23,555 INFO  server.AuthenticationFilter (AuthenticationFilter.java:constructSecretProvider(240)) - Unable to initialize FileSignerSecretProvider, falling back to use random secrets.
2019-08-21 10:25:23,556 WARN  http.HttpRequestLog (HttpRequestLog.java:getRequestLog(97)) - Jetty request log can only be enabled using Log4j
2019-08-21 10:25:23,558 INFO  http.HttpServer2 (HttpServer2.java:addGlobalFilter(975)) - Added global filter 'safety' (class=org.apache.hadoop.http.HttpServer2$QuotingInputFilter)
2019-08-21 10:25:23,559 INFO  http.HttpServer2 (HttpServer2.java:addFilter(948)) - Added filter static_user_filter (class=org.apache.hadoop.http.lib.StaticUserWebFilter$StaticUserFilter) to context ozoneManager
2019-08-21 10:25:23,559 INFO  http.HttpServer2 (HttpServer2.java:addFilter(958)) - Added filter static_user_filter (class=org.apache.hadoop.http.lib.StaticUserWebFilter$StaticUserFilter) to context static
2019-08-21 10:25:23,560 INFO  http.HttpServer2 (HttpServer2.java:addFilter(958)) - Added filter static_user_filter (class=org.apache.hadoop.http.lib.StaticUserWebFilter$StaticUserFilter) to context logs
2019-08-21 10:25:23,562 INFO  http.HttpServer2 (HttpServer2.java:bindListener(1191)) - Jetty bound to port 37976
2019-08-21 10:25:23,562 INFO  server.Server (Server.java:doStart(351)) - jetty-9.3.24.v20180605, build timestamp: 2018-06-05T17:11:56Z, git hash: 84205aa28f11a4f31f2a3b86d1bba2cc8ab69827
2019-08-21 10:25:23,564 INFO  handler.ContextHandler (ContextHandler.java:doStart(781)) - Started o.e.j.s.ServletContextHandler@4482469c{/logs,file:///workdir/hadoop-ozone/integration-test/target/log,AVAILABLE}
2019-08-21 10:25:23,564 INFO  handler.ContextHandler (ContextHandler.java:doStart(781)) - Started o.e.j.s.ServletContextHandler@34cf5a97{/static,file:///workdir/hadoop-ozone/integration-test/target/test-classes/webapps/static,AVAILABLE}
2019-08-21 10:25:23,569 INFO  handler.ContextHandler (ContextHandler.java:doStart(781)) - Started o.e.j.w.WebAppContext@4bff2185{/,file:///workdir/hadoop-ozone/integration-test/target/test-classes/webapps/ozoneManager/,AVAILABLE}{/ozoneManager}
2019-08-21 10:25:23,570 INFO  server.AbstractConnector (AbstractConnector.java:doStart(278)) - Started ServerConnector@5c20ffa8{HTTP/1.1,[http/1.1]}{0.0.0.0:37976}
2019-08-21 10:25:23,570 INFO  server.Server (Server.java:doStart(419)) - Started @4463ms
2019-08-21 10:25:23,571 INFO  server.BaseHttpServer (BaseHttpServer.java:updateConnectorAddress(213)) - HTTP server of OZONEMANAGER is listening at http://0.0.0.0:37976
2019-08-21 10:25:23,884 INFO  impl.MetricsSystemImpl (MetricsSystemImpl.java:init(158)) - HddsDatanode metrics system started (again)
2019-08-21 10:25:23,983 INFO  ozone.HddsDatanodeService (HddsDatanodeService.java:start(184)) - HddsDatanodeService host:pr-hdds-1942-m6xfh-241770668 ip:192.168.69.125
2019-08-21 10:25:24,015 INFO  volume.HddsVolume (HddsVolume.java:<init>(176)) - Creating Volume: /workdir/hadoop-ozone/integration-test/target/test-dir/MiniOzoneClusterImpl-95143be0-755f-4bc3-975e-a4fe9db34024/datanode-0/data/containers/hdds of  storage type : DISK and capacity : 1482555576320
2019-08-21 10:25:24,017 INFO  volume.VolumeSet (VolumeSet.java:initializeVolumeSet(170)) - Added Volume : /workdir/hadoop-ozone/integration-test/target/test-dir/MiniOzoneClusterImpl-95143be0-755f-4bc3-975e-a4fe9db34024/datanode-0/data/containers/hdds to VolumeSet
2019-08-21 10:25:24,020 INFO  volume.ThrottledAsyncChecker (ThrottledAsyncChecker.java:schedule(140)) - Scheduling a check for org.apache.hadoop.ozone.container.common.volume.HddsVolume@59532566
2019-08-21 10:25:24,038 INFO  volume.HddsVolumeChecker (HddsVolumeChecker.java:checkAllVolumes(203)) - Scheduled health check for volume org.apache.hadoop.ozone.container.common.volume.HddsVolume@59532566
2019-08-21 10:25:24,172 INFO  impl.RaftServerProxy (ConfUtils.java:logGet(43)) - raft.rpc.type = GRPC (default)
2019-08-21 10:25:24,255 INFO  grpc.GrpcFactory (GrpcFactory.java:checkPooledByteBufAllocatorUseCacheForAllThreads(45)) - PERFORMANCE WARNING: useCacheForAllThreads is true that may cause Netty to create a lot garbage objects and, as a result, trigger GC.
	It is recommended to disable useCacheForAllThreads by setting -Dorg.apache.ratis.thirdparty.io.netty.allocator.useCacheForAllThreads=false in command line.
2019-08-21 10:25:24,260 INFO  grpc.GrpcConfigKeys$Server (ConfUtils.java:logGet(43)) - raft.grpc.server.port = 0 (default)
2019-08-21 10:25:24,261 INFO  server.GrpcService (ConfUtils.java:logGet(43)) - raft.grpc.message.size.max = 33570816 (custom)
2019-08-21 10:25:24,263 INFO  server.RaftServerConfigKeys (ConfUtils.java:logGet(43)) - raft.server.log.appender.buffer.byte-limit = 33554432 (custom)
2019-08-21 10:25:24,263 INFO  server.GrpcService (ConfUtils.java:logGet(43)) - raft.grpc.flow.control.window = 1MB (=1048576) (default)
2019-08-21 10:25:24,264 INFO  server.RaftServerConfigKeys (ConfUtils.java:logGet(43)) - raft.server.rpc.request.timeout = 3000ms (default)
2019-08-21 10:25:24,445 INFO  server.RaftServerConfigKeys (ConfUtils.java:logGet(43)) - raft.server.storage.dir = [/workdir/hadoop-ozone/integration-test/target/test-dir/MiniOzoneClusterImpl-95143be0-755f-4bc3-975e-a4fe9db34024/datanode-0/data/ratis] (custom)
2019-08-21 10:25:24,485 INFO  replication.SimpleContainerDownloader (SimpleContainerDownloader.java:<init>(72)) - Starting container downloader service to copy containers to replicate.
2019-08-21 10:25:24,498 INFO  hdfs.DFSUtil (DFSUtil.java:httpServerTemplateForNNAndJN(1641)) - Starting Web-server for hddsDatanode at: http://0.0.0.0:0
2019-08-21 10:25:24,501 INFO  server.AuthenticationFilter (AuthenticationFilter.java:constructSecretProvider(240)) - Unable to initialize FileSignerSecretProvider, falling back to use random secrets.
2019-08-21 10:25:24,502 WARN  http.HttpRequestLog (HttpRequestLog.java:getRequestLog(97)) - Jetty request log can only be enabled using Log4j
2019-08-21 10:25:24,504 INFO  http.HttpServer2 (HttpServer2.java:addGlobalFilter(975)) - Added global filter 'safety' (class=org.apache.hadoop.http.HttpServer2$QuotingInputFilter)
2019-08-21 10:25:24,505 INFO  http.HttpServer2 (HttpServer2.java:addFilter(948)) - Added filter static_user_filter (class=org.apache.hadoop.http.lib.StaticUserWebFilter$StaticUserFilter) to context hddsDatanode
2019-08-21 10:25:24,505 INFO  http.HttpServer2 (HttpServer2.java:addFilter(958)) - Added filter static_user_filter (class=org.apache.hadoop.http.lib.StaticUserWebFilter$StaticUserFilter) to context static
2019-08-21 10:25:24,505 INFO  http.HttpServer2 (HttpServer2.java:addFilter(958)) - Added filter static_user_filter (class=org.apache.hadoop.http.lib.StaticUserWebFilter$StaticUserFilter) to context logs
2019-08-21 10:25:24,507 INFO  http.HttpServer2 (HttpServer2.java:bindListener(1191)) - Jetty bound to port 36898
2019-08-21 10:25:24,507 INFO  server.Server (Server.java:doStart(351)) - jetty-9.3.24.v20180605, build timestamp: 2018-06-05T17:11:56Z, git hash: 84205aa28f11a4f31f2a3b86d1bba2cc8ab69827
2019-08-21 10:25:24,509 INFO  handler.ContextHandler (ContextHandler.java:doStart(781)) - Started o.e.j.s.ServletContextHandler@312b34e3{/logs,file:///workdir/hadoop-ozone/integration-test/target/log,AVAILABLE}
2019-08-21 10:25:24,509 INFO  handler.ContextHandler (ContextHandler.java:doStart(781)) - Started o.e.j.s.ServletContextHandler@1a865273{/static,jar:file:/home/user/.m2/repository/org/apache/hadoop/hadoop-hdds-container-service/0.5.0-SNAPSHOT/hadoop-hdds-container-service-0.5.0-SNAPSHOT.jar!/webapps/static,AVAILABLE}
2019-08-21 10:25:24,545 INFO  handler.ContextHandler (ContextHandler.java:doStart(781)) - Started o.e.j.w.WebAppContext@1bc0d349{/,file:///tmp/jetty-0.0.0.0-36898-hddsDatanode-_-any-8586093187942079837.dir/webapp/,AVAILABLE}{/hddsDatanode}
2019-08-21 10:25:24,546 INFO  server.AbstractConnector (AbstractConnector.java:doStart(278)) - Started ServerConnector@644ded04{HTTP/1.1,[http/1.1]}{0.0.0.0:36898}
2019-08-21 10:25:24,546 INFO  server.Server (Server.java:doStart(419)) - Started @5439ms
2019-08-21 10:25:24,547 INFO  server.BaseHttpServer (BaseHttpServer.java:updateConnectorAddress(213)) - HTTP server of HDDSDATANODE is listening at http://0.0.0.0:36898
2019-08-21 10:25:25,611 INFO  ozone.HddsDatanodeService (HddsDatanodeService.java:startPlugins(395)) - Started plug-in org.apache.hadoop.ozone.web.OzoneHddsDatanodeService@3f9b7fe1
2019-08-21 10:25:25,612 INFO  impl.MetricsSystemImpl (MetricsSystemImpl.java:init(158)) - HddsDatanode metrics system started (again)
2019-08-21 10:25:25,614 INFO  ozone.HddsDatanodeService (HddsDatanodeService.java:start(184)) - HddsDatanodeService host:pr-hdds-1942-m6xfh-241770668 ip:192.168.69.125
2019-08-21 10:25:25,616 INFO  util.JvmPauseMonitor (JvmPauseMonitor.java:run(188)) - Starting JVM pause monitor
2019-08-21 10:25:25,621 INFO  volume.HddsVolume (HddsVolume.java:<init>(176)) - Creating Volume: /workdir/hadoop-ozone/integration-test/target/test-dir/MiniOzoneClusterImpl-95143be0-755f-4bc3-975e-a4fe9db34024/datanode-1/data/containers/hdds of  storage type : DISK and capacity : 1482555576320
2019-08-21 10:25:25,622 INFO  volume.VolumeSet (VolumeSet.java:initializeVolumeSet(170)) - Added Volume : /workdir/hadoop-ozone/integration-test/target/test-dir/MiniOzoneClusterImpl-95143be0-755f-4bc3-975e-a4fe9db34024/datanode-1/data/containers/hdds to VolumeSet
2019-08-21 10:25:25,623 INFO  volume.ThrottledAsyncChecker (ThrottledAsyncChecker.java:schedule(140)) - Scheduling a check for org.apache.hadoop.ozone.container.common.volume.HddsVolume@39b626e5
2019-08-21 10:25:25,623 INFO  volume.HddsVolumeChecker (HddsVolumeChecker.java:checkAllVolumes(203)) - Scheduled health check for volume org.apache.hadoop.ozone.container.common.volume.HddsVolume@39b626e5
2019-08-21 10:25:25,643 INFO  impl.RaftServerProxy (ConfUtils.java:logGet(43)) - raft.rpc.type = GRPC (default)
2019-08-21 10:25:25,644 INFO  grpc.GrpcFactory (GrpcFactory.java:checkPooledByteBufAllocatorUseCacheForAllThreads(45)) - PERFORMANCE WARNING: useCacheForAllThreads is true that may cause Netty to create a lot garbage objects and, as a result, trigger GC.
	It is recommended to disable useCacheForAllThreads by setting -Dorg.apache.ratis.thirdparty.io.netty.allocator.useCacheForAllThreads=false in command line.
2019-08-21 10:25:25,644 INFO  grpc.GrpcConfigKeys$Server (ConfUtils.java:logGet(43)) - raft.grpc.server.port = 0 (default)
2019-08-21 10:25:25,645 INFO  server.GrpcService (ConfUtils.java:logGet(43)) - raft.grpc.message.size.max = 33570816 (custom)
2019-08-21 10:25:25,645 INFO  server.RaftServerConfigKeys (ConfUtils.java:logGet(43)) - raft.server.log.appender.buffer.byte-limit = 33554432 (custom)
2019-08-21 10:25:25,646 INFO  server.GrpcService (ConfUtils.java:logGet(43)) - raft.grpc.flow.control.window = 1MB (=1048576) (default)
2019-08-21 10:25:25,646 INFO  server.RaftServerConfigKeys (ConfUtils.java:logGet(43)) - raft.server.rpc.request.timeout = 3000ms (default)
2019-08-21 10:25:25,647 INFO  server.RaftServerConfigKeys (ConfUtils.java:logGet(43)) - raft.server.storage.dir = [/workdir/hadoop-ozone/integration-test/target/test-dir/MiniOzoneClusterImpl-95143be0-755f-4bc3-975e-a4fe9db34024/datanode-1/data/ratis] (custom)
2019-08-21 10:25:25,647 INFO  replication.SimpleContainerDownloader (SimpleContainerDownloader.java:<init>(72)) - Starting container downloader service to copy containers to replicate.
2019-08-21 10:25:25,649 INFO  hdfs.DFSUtil (DFSUtil.java:httpServerTemplateForNNAndJN(1641)) - Starting Web-server for hddsDatanode at: http://0.0.0.0:0
2019-08-21 10:25:25,650 INFO  server.AuthenticationFilter (AuthenticationFilter.java:constructSecretProvider(240)) - Unable to initialize FileSignerSecretProvider, falling back to use random secrets.
2019-08-21 10:25:25,651 WARN  http.HttpRequestLog (HttpRequestLog.java:getRequestLog(97)) - Jetty request log can only be enabled using Log4j
2019-08-21 10:25:25,652 INFO  http.HttpServer2 (HttpServer2.java:addGlobalFilter(975)) - Added global filter 'safety' (class=org.apache.hadoop.http.HttpServer2$QuotingInputFilter)
2019-08-21 10:25:25,653 INFO  http.HttpServer2 (HttpServer2.java:addFilter(948)) - Added filter static_user_filter (class=org.apache.hadoop.http.lib.StaticUserWebFilter$StaticUserFilter) to context hddsDatanode
2019-08-21 10:25:25,653 INFO  http.HttpServer2 (HttpServer2.java:addFilter(958)) - Added filter static_user_filter (class=org.apache.hadoop.http.lib.StaticUserWebFilter$StaticUserFilter) to context static
2019-08-21 10:25:25,653 INFO  http.HttpServer2 (HttpServer2.java:addFilter(958)) - Added filter static_user_filter (class=org.apache.hadoop.http.lib.StaticUserWebFilter$StaticUserFilter) to context logs
2019-08-21 10:25:25,654 INFO  http.HttpServer2 (HttpServer2.java:bindListener(1191)) - Jetty bound to port 33208
2019-08-21 10:25:25,654 INFO  server.Server (Server.java:doStart(351)) - jetty-9.3.24.v20180605, build timestamp: 2018-06-05T17:11:56Z, git hash: 84205aa28f11a4f31f2a3b86d1bba2cc8ab69827
2019-08-21 10:25:25,657 INFO  handler.ContextHandler (ContextHandler.java:doStart(781)) - Started o.e.j.s.ServletContextHandler@7fbd3e75{/logs,file:///workdir/hadoop-ozone/integration-test/target/log,AVAILABLE}
2019-08-21 10:25:25,658 INFO  handler.ContextHandler (ContextHandler.java:doStart(781)) - Started o.e.j.s.ServletContextHandler@7fdd43cd{/static,jar:file:/home/user/.m2/repository/org/apache/hadoop/hadoop-hdds-container-service/0.5.0-SNAPSHOT/hadoop-hdds-container-service-0.5.0-SNAPSHOT.jar!/webapps/static,AVAILABLE}
2019-08-21 10:25:25,689 INFO  handler.ContextHandler (ContextHandler.java:doStart(781)) - Started o.e.j.w.WebAppContext@1ac6dd3d{/,file:///tmp/jetty-0.0.0.0-33208-hddsDatanode-_-any-416374472295479180.dir/webapp/,AVAILABLE}{/hddsDatanode}
2019-08-21 10:25:25,690 INFO  server.AbstractConnector (AbstractConnector.java:doStart(278)) - Started ServerConnector@562919fe{HTTP/1.1,[http/1.1]}{0.0.0.0:33208}
2019-08-21 10:25:25,691 INFO  server.Server (Server.java:doStart(419)) - Started @6584ms
2019-08-21 10:25:25,692 INFO  server.BaseHttpServer (BaseHttpServer.java:updateConnectorAddress(213)) - HTTP server of HDDSDATANODE is listening at http://0.0.0.0:33208
2019-08-21 10:25:25,717 INFO  datanode.InitDatanodeState (InitDatanodeState.java:persistContainerDatanodeDetails(140)) - DatanodeDetails is persisted to /workdir/hadoop-ozone/integration-test/target/test-dir/MiniOzoneClusterImpl-95143be0-755f-4bc3-975e-a4fe9db34024/datanode-0/meta/datanode.id
2019-08-21 10:25:25,842 INFO  ozone.HddsDatanodeService (HddsDatanodeService.java:startPlugins(395)) - Started plug-in org.apache.hadoop.ozone.web.OzoneHddsDatanodeService@2415e4c7
2019-08-21 10:25:25,843 INFO  impl.MetricsSystemImpl (MetricsSystemImpl.java:init(158)) - HddsDatanode metrics system started (again)
2019-08-21 10:25:25,845 INFO  ozone.HddsDatanodeService (HddsDatanodeService.java:start(184)) - HddsDatanodeService host:pr-hdds-1942-m6xfh-241770668 ip:192.168.69.125
2019-08-21 10:25:25,846 INFO  util.JvmPauseMonitor (JvmPauseMonitor.java:run(188)) - Starting JVM pause monitor
2019-08-21 10:25:25,854 INFO  volume.HddsVolume (HddsVolume.java:<init>(176)) - Creating Volume: /workdir/hadoop-ozone/integration-test/target/test-dir/MiniOzoneClusterImpl-95143be0-755f-4bc3-975e-a4fe9db34024/datanode-2/data/containers/hdds of  storage type : DISK and capacity : 1482555576320
2019-08-21 10:25:25,855 INFO  volume.VolumeSet (VolumeSet.java:initializeVolumeSet(170)) - Added Volume : /workdir/hadoop-ozone/integration-test/target/test-dir/MiniOzoneClusterImpl-95143be0-755f-4bc3-975e-a4fe9db34024/datanode-2/data/containers/hdds to VolumeSet
2019-08-21 10:25:25,855 INFO  volume.ThrottledAsyncChecker (ThrottledAsyncChecker.java:schedule(140)) - Scheduling a check for org.apache.hadoop.ozone.container.common.volume.HddsVolume@7b351446
2019-08-21 10:25:25,856 INFO  datanode.InitDatanodeState (InitDatanodeState.java:persistContainerDatanodeDetails(140)) - DatanodeDetails is persisted to /workdir/hadoop-ozone/integration-test/target/test-dir/MiniOzoneClusterImpl-95143be0-755f-4bc3-975e-a4fe9db34024/datanode-1/meta/datanode.id
2019-08-21 10:25:25,856 INFO  volume.HddsVolumeChecker (HddsVolumeChecker.java:checkAllVolumes(203)) - Scheduled health check for volume org.apache.hadoop.ozone.container.common.volume.HddsVolume@7b351446
2019-08-21 10:25:25,872 INFO  impl.RaftServerProxy (ConfUtils.java:logGet(43)) - raft.rpc.type = GRPC (default)
2019-08-21 10:25:25,872 INFO  grpc.GrpcFactory (GrpcFactory.java:checkPooledByteBufAllocatorUseCacheForAllThreads(45)) - PERFORMANCE WARNING: useCacheForAllThreads is true that may cause Netty to create a lot garbage objects and, as a result, trigger GC.
	It is recommended to disable useCacheForAllThreads by setting -Dorg.apache.ratis.thirdparty.io.netty.allocator.useCacheForAllThreads=false in command line.
2019-08-21 10:25:25,872 INFO  grpc.GrpcConfigKeys$Server (ConfUtils.java:logGet(43)) - raft.grpc.server.port = 0 (default)
2019-08-21 10:25:25,872 INFO  server.GrpcService (ConfUtils.java:logGet(43)) - raft.grpc.message.size.max = 33570816 (custom)
2019-08-21 10:25:25,873 INFO  server.RaftServerConfigKeys (ConfUtils.java:logGet(43)) - raft.server.log.appender.buffer.byte-limit = 33554432 (custom)
2019-08-21 10:25:25,873 INFO  server.GrpcService (ConfUtils.java:logGet(43)) - raft.grpc.flow.control.window = 1MB (=1048576) (default)
2019-08-21 10:25:25,873 INFO  server.RaftServerConfigKeys (ConfUtils.java:logGet(43)) - raft.server.rpc.request.timeout = 3000ms (default)
2019-08-21 10:25:25,873 INFO  server.RaftServerConfigKeys (ConfUtils.java:logGet(43)) - raft.server.storage.dir = [/workdir/hadoop-ozone/integration-test/target/test-dir/MiniOzoneClusterImpl-95143be0-755f-4bc3-975e-a4fe9db34024/datanode-2/data/ratis] (custom)
2019-08-21 10:25:25,874 INFO  replication.SimpleContainerDownloader (SimpleContainerDownloader.java:<init>(72)) - Starting container downloader service to copy containers to replicate.
2019-08-21 10:25:25,876 INFO  hdfs.DFSUtil (DFSUtil.java:httpServerTemplateForNNAndJN(1641)) - Starting Web-server for hddsDatanode at: http://0.0.0.0:0
2019-08-21 10:25:25,877 INFO  server.AuthenticationFilter (AuthenticationFilter.java:constructSecretProvider(240)) - Unable to initialize FileSignerSecretProvider, falling back to use random secrets.
2019-08-21 10:25:25,878 WARN  http.HttpRequestLog (HttpRequestLog.java:getRequestLog(97)) - Jetty request log can only be enabled using Log4j
2019-08-21 10:25:25,879 INFO  http.HttpServer2 (HttpServer2.java:addGlobalFilter(975)) - Added global filter 'safety' (class=org.apache.hadoop.http.HttpServer2$QuotingInputFilter)
2019-08-21 10:25:25,880 INFO  http.HttpServer2 (HttpServer2.java:addFilter(948)) - Added filter static_user_filter (class=org.apache.hadoop.http.lib.StaticUserWebFilter$StaticUserFilter) to context hddsDatanode
2019-08-21 10:25:25,880 INFO  http.HttpServer2 (HttpServer2.java:addFilter(958)) - Added filter static_user_filter (class=org.apache.hadoop.http.lib.StaticUserWebFilter$StaticUserFilter) to context static
2019-08-21 10:25:25,881 INFO  http.HttpServer2 (HttpServer2.java:addFilter(958)) - Added filter static_user_filter (class=org.apache.hadoop.http.lib.StaticUserWebFilter$StaticUserFilter) to context logs
2019-08-21 10:25:25,881 INFO  http.HttpServer2 (HttpServer2.java:bindListener(1191)) - Jetty bound to port 39921
2019-08-21 10:25:25,882 INFO  server.Server (Server.java:doStart(351)) - jetty-9.3.24.v20180605, build timestamp: 2018-06-05T17:11:56Z, git hash: 84205aa28f11a4f31f2a3b86d1bba2cc8ab69827
2019-08-21 10:25:25,883 INFO  handler.ContextHandler (ContextHandler.java:doStart(781)) - Started o.e.j.s.ServletContextHandler@68a305eb{/logs,file:///workdir/hadoop-ozone/integration-test/target/log,AVAILABLE}
2019-08-21 10:25:25,884 INFO  handler.ContextHandler (ContextHandler.java:doStart(781)) - Started o.e.j.s.ServletContextHandler@1310fcb0{/static,jar:file:/home/user/.m2/repository/org/apache/hadoop/hadoop-hdds-container-service/0.5.0-SNAPSHOT/hadoop-hdds-container-service-0.5.0-SNAPSHOT.jar!/webapps/static,AVAILABLE}
2019-08-21 10:25:25,912 INFO  handler.ContextHandler (ContextHandler.java:doStart(781)) - Started o.e.j.w.WebAppContext@1c046c92{/,file:///tmp/jetty-0.0.0.0-39921-hddsDatanode-_-any-207797067290806835.dir/webapp/,AVAILABLE}{/hddsDatanode}
2019-08-21 10:25:25,913 INFO  server.AbstractConnector (AbstractConnector.java:doStart(278)) - Started ServerConnector@27960b1e{HTTP/1.1,[http/1.1]}{0.0.0.0:39921}
2019-08-21 10:25:25,916 INFO  server.Server (Server.java:doStart(419)) - Started @6807ms
2019-08-21 10:25:25,917 INFO  server.BaseHttpServer (BaseHttpServer.java:updateConnectorAddress(213)) - HTTP server of HDDSDATANODE is listening at http://0.0.0.0:39921
2019-08-21 10:25:26,066 INFO  ozone.HddsDatanodeService (HddsDatanodeService.java:startPlugins(395)) - Started plug-in org.apache.hadoop.ozone.web.OzoneHddsDatanodeService@691541bc
2019-08-21 10:25:26,066 INFO  impl.MetricsSystemImpl (MetricsSystemImpl.java:init(158)) - HddsDatanode metrics system started (again)
2019-08-21 10:25:26,070 INFO  ozone.HddsDatanodeService (HddsDatanodeService.java:start(184)) - HddsDatanodeService host:pr-hdds-1942-m6xfh-241770668 ip:192.168.69.125
2019-08-21 10:25:26,070 INFO  util.JvmPauseMonitor (JvmPauseMonitor.java:run(188)) - Starting JVM pause monitor
2019-08-21 10:25:26,073 INFO  datanode.InitDatanodeState (InitDatanodeState.java:persistContainerDatanodeDetails(140)) - DatanodeDetails is persisted to /workdir/hadoop-ozone/integration-test/target/test-dir/MiniOzoneClusterImpl-95143be0-755f-4bc3-975e-a4fe9db34024/datanode-2/meta/datanode.id
2019-08-21 10:25:26,078 INFO  volume.HddsVolume (HddsVolume.java:<init>(176)) - Creating Volume: /workdir/hadoop-ozone/integration-test/target/test-dir/MiniOzoneClusterImpl-95143be0-755f-4bc3-975e-a4fe9db34024/datanode-3/data/containers/hdds of  storage type : DISK and capacity : 1482555576320
2019-08-21 10:25:26,079 INFO  volume.VolumeSet (VolumeSet.java:initializeVolumeSet(170)) - Added Volume : /workdir/hadoop-ozone/integration-test/target/test-dir/MiniOzoneClusterImpl-95143be0-755f-4bc3-975e-a4fe9db34024/datanode-3/data/containers/hdds to VolumeSet
2019-08-21 10:25:26,079 INFO  volume.ThrottledAsyncChecker (ThrottledAsyncChecker.java:schedule(140)) - Scheduling a check for org.apache.hadoop.ozone.container.common.volume.HddsVolume@1e1e837d
2019-08-21 10:25:26,080 INFO  volume.HddsVolumeChecker (HddsVolumeChecker.java:checkAllVolumes(203)) - Scheduled health check for volume org.apache.hadoop.ozone.container.common.volume.HddsVolume@1e1e837d
2019-08-21 10:25:26,096 INFO  impl.RaftServerProxy (ConfUtils.java:logGet(43)) - raft.rpc.type = GRPC (default)
2019-08-21 10:25:26,096 INFO  grpc.GrpcFactory (GrpcFactory.java:checkPooledByteBufAllocatorUseCacheForAllThreads(45)) - PERFORMANCE WARNING: useCacheForAllThreads is true that may cause Netty to create a lot garbage objects and, as a result, trigger GC.
	It is recommended to disable useCacheForAllThreads by setting -Dorg.apache.ratis.thirdparty.io.netty.allocator.useCacheForAllThreads=false in command line.
2019-08-21 10:25:26,096 INFO  grpc.GrpcConfigKeys$Server (ConfUtils.java:logGet(43)) - raft.grpc.server.port = 0 (default)
2019-08-21 10:25:26,096 INFO  server.GrpcService (ConfUtils.java:logGet(43)) - raft.grpc.message.size.max = 33570816 (custom)
2019-08-21 10:25:26,097 INFO  server.RaftServerConfigKeys (ConfUtils.java:logGet(43)) - raft.server.log.appender.buffer.byte-limit = 33554432 (custom)
2019-08-21 10:25:26,097 INFO  server.GrpcService (ConfUtils.java:logGet(43)) - raft.grpc.flow.control.window = 1MB (=1048576) (default)
2019-08-21 10:25:26,097 INFO  server.RaftServerConfigKeys (ConfUtils.java:logGet(43)) - raft.server.rpc.request.timeout = 3000ms (default)
2019-08-21 10:25:26,098 INFO  server.RaftServerConfigKeys (ConfUtils.java:logGet(43)) - raft.server.storage.dir = [/workdir/hadoop-ozone/integration-test/target/test-dir/MiniOzoneClusterImpl-95143be0-755f-4bc3-975e-a4fe9db34024/datanode-3/data/ratis] (custom)
2019-08-21 10:25:26,099 INFO  replication.SimpleContainerDownloader (SimpleContainerDownloader.java:<init>(72)) - Starting container downloader service to copy containers to replicate.
2019-08-21 10:25:26,100 INFO  hdfs.DFSUtil (DFSUtil.java:httpServerTemplateForNNAndJN(1641)) - Starting Web-server for hddsDatanode at: http://0.0.0.0:0
2019-08-21 10:25:26,101 INFO  server.AuthenticationFilter (AuthenticationFilter.java:constructSecretProvider(240)) - Unable to initialize FileSignerSecretProvider, falling back to use random secrets.
2019-08-21 10:25:26,102 WARN  http.HttpRequestLog (HttpRequestLog.java:getRequestLog(97)) - Jetty request log can only be enabled using Log4j
2019-08-21 10:25:26,104 INFO  http.HttpServer2 (HttpServer2.java:addGlobalFilter(975)) - Added global filter 'safety' (class=org.apache.hadoop.http.HttpServer2$QuotingInputFilter)
2019-08-21 10:25:26,104 INFO  http.HttpServer2 (HttpServer2.java:addFilter(948)) - Added filter static_user_filter (class=org.apache.hadoop.http.lib.StaticUserWebFilter$StaticUserFilter) to context hddsDatanode
2019-08-21 10:25:26,104 INFO  http.HttpServer2 (HttpServer2.java:addFilter(958)) - Added filter static_user_filter (class=org.apache.hadoop.http.lib.StaticUserWebFilter$StaticUserFilter) to context logs
2019-08-21 10:25:26,105 INFO  http.HttpServer2 (HttpServer2.java:addFilter(958)) - Added filter static_user_filter (class=org.apache.hadoop.http.lib.StaticUserWebFilter$StaticUserFilter) to context static
2019-08-21 10:25:26,105 INFO  http.HttpServer2 (HttpServer2.java:bindListener(1191)) - Jetty bound to port 40749
2019-08-21 10:25:26,106 INFO  server.Server (Server.java:doStart(351)) - jetty-9.3.24.v20180605, build timestamp: 2018-06-05T17:11:56Z, git hash: 84205aa28f11a4f31f2a3b86d1bba2cc8ab69827
2019-08-21 10:25:26,110 INFO  handler.ContextHandler (ContextHandler.java:doStart(781)) - Started o.e.j.s.ServletContextHandler@3b435211{/logs,file:///workdir/hadoop-ozone/integration-test/target/log,AVAILABLE}
2019-08-21 10:25:26,111 INFO  handler.ContextHandler (ContextHandler.java:doStart(781)) - Started o.e.j.s.ServletContextHandler@58a765ce{/static,jar:file:/home/user/.m2/repository/org/apache/hadoop/hadoop-hdds-container-service/0.5.0-SNAPSHOT/hadoop-hdds-container-service-0.5.0-SNAPSHOT.jar!/webapps/static,AVAILABLE}
2019-08-21 10:25:26,141 INFO  handler.ContextHandler (ContextHandler.java:doStart(781)) - Started o.e.j.w.WebAppContext@5d1d9d73{/,file:///tmp/jetty-0.0.0.0-40749-hddsDatanode-_-any-6863299128383192590.dir/webapp/,AVAILABLE}{/hddsDatanode}
2019-08-21 10:25:26,143 INFO  server.AbstractConnector (AbstractConnector.java:doStart(278)) - Started ServerConnector@b30a50d{HTTP/1.1,[http/1.1]}{0.0.0.0:40749}
2019-08-21 10:25:26,143 INFO  server.Server (Server.java:doStart(419)) - Started @7037ms
2019-08-21 10:25:26,144 INFO  server.BaseHttpServer (BaseHttpServer.java:updateConnectorAddress(213)) - HTTP server of HDDSDATANODE is listening at http://0.0.0.0:40749
2019-08-21 10:25:26,296 INFO  ozone.HddsDatanodeService (HddsDatanodeService.java:startPlugins(395)) - Started plug-in org.apache.hadoop.ozone.web.OzoneHddsDatanodeService@508ad266
2019-08-21 10:25:26,296 INFO  impl.MetricsSystemImpl (MetricsSystemImpl.java:init(158)) - HddsDatanode metrics system started (again)
2019-08-21 10:25:26,299 INFO  ozone.HddsDatanodeService (HddsDatanodeService.java:start(184)) - HddsDatanodeService host:pr-hdds-1942-m6xfh-241770668 ip:192.168.69.125
2019-08-21 10:25:26,300 INFO  util.JvmPauseMonitor (JvmPauseMonitor.java:run(188)) - Starting JVM pause monitor
2019-08-21 10:25:26,303 INFO  datanode.InitDatanodeState (InitDatanodeState.java:persistContainerDatanodeDetails(140)) - DatanodeDetails is persisted to /workdir/hadoop-ozone/integration-test/target/test-dir/MiniOzoneClusterImpl-95143be0-755f-4bc3-975e-a4fe9db34024/datanode-3/meta/datanode.id
2019-08-21 10:25:26,308 INFO  volume.HddsVolume (HddsVolume.java:<init>(176)) - Creating Volume: /workdir/hadoop-ozone/integration-test/target/test-dir/MiniOzoneClusterImpl-95143be0-755f-4bc3-975e-a4fe9db34024/datanode-4/data/containers/hdds of  storage type : DISK and capacity : 1482555576320
2019-08-21 10:25:26,308 INFO  volume.VolumeSet (VolumeSet.java:initializeVolumeSet(170)) - Added Volume : /workdir/hadoop-ozone/integration-test/target/test-dir/MiniOzoneClusterImpl-95143be0-755f-4bc3-975e-a4fe9db34024/datanode-4/data/containers/hdds to VolumeSet
2019-08-21 10:25:26,309 INFO  volume.ThrottledAsyncChecker (ThrottledAsyncChecker.java:schedule(140)) - Scheduling a check for org.apache.hadoop.ozone.container.common.volume.HddsVolume@46f73ffa
2019-08-21 10:25:26,310 INFO  volume.HddsVolumeChecker (HddsVolumeChecker.java:checkAllVolumes(203)) - Scheduled health check for volume org.apache.hadoop.ozone.container.common.volume.HddsVolume@46f73ffa
2019-08-21 10:25:26,331 INFO  impl.RaftServerProxy (ConfUtils.java:logGet(43)) - raft.rpc.type = GRPC (default)
2019-08-21 10:25:26,332 INFO  grpc.GrpcFactory (GrpcFactory.java:checkPooledByteBufAllocatorUseCacheForAllThreads(45)) - PERFORMANCE WARNING: useCacheForAllThreads is true that may cause Netty to create a lot garbage objects and, as a result, trigger GC.
	It is recommended to disable useCacheForAllThreads by setting -Dorg.apache.ratis.thirdparty.io.netty.allocator.useCacheForAllThreads=false in command line.
2019-08-21 10:25:26,332 INFO  grpc.GrpcConfigKeys$Server (ConfUtils.java:logGet(43)) - raft.grpc.server.port = 0 (default)
2019-08-21 10:25:26,333 INFO  server.GrpcService (ConfUtils.java:logGet(43)) - raft.grpc.message.size.max = 33570816 (custom)
2019-08-21 10:25:26,333 INFO  server.RaftServerConfigKeys (ConfUtils.java:logGet(43)) - raft.server.log.appender.buffer.byte-limit = 33554432 (custom)
2019-08-21 10:25:26,333 INFO  server.GrpcService (ConfUtils.java:logGet(43)) - raft.grpc.flow.control.window = 1MB (=1048576) (default)
2019-08-21 10:25:26,334 INFO  server.RaftServerConfigKeys (ConfUtils.java:logGet(43)) - raft.server.rpc.request.timeout = 3000ms (default)
2019-08-21 10:25:26,334 INFO  server.RaftServerConfigKeys (ConfUtils.java:logGet(43)) - raft.server.storage.dir = [/workdir/hadoop-ozone/integration-test/target/test-dir/MiniOzoneClusterImpl-95143be0-755f-4bc3-975e-a4fe9db34024/datanode-4/data/ratis] (custom)
2019-08-21 10:25:26,335 INFO  replication.SimpleContainerDownloader (SimpleContainerDownloader.java:<init>(72)) - Starting container downloader service to copy containers to replicate.
2019-08-21 10:25:26,337 INFO  hdfs.DFSUtil (DFSUtil.java:httpServerTemplateForNNAndJN(1641)) - Starting Web-server for hddsDatanode at: http://0.0.0.0:0
2019-08-21 10:25:26,338 INFO  server.AuthenticationFilter (AuthenticationFilter.java:constructSecretProvider(240)) - Unable to initialize FileSignerSecretProvider, falling back to use random secrets.
2019-08-21 10:25:26,339 WARN  http.HttpRequestLog (HttpRequestLog.java:getRequestLog(97)) - Jetty request log can only be enabled using Log4j
2019-08-21 10:25:26,341 INFO  http.HttpServer2 (HttpServer2.java:addGlobalFilter(975)) - Added global filter 'safety' (class=org.apache.hadoop.http.HttpServer2$QuotingInputFilter)
2019-08-21 10:25:26,342 INFO  http.HttpServer2 (HttpServer2.java:addFilter(948)) - Added filter static_user_filter (class=org.apache.hadoop.http.lib.StaticUserWebFilter$StaticUserFilter) to context hddsDatanode
2019-08-21 10:25:26,342 INFO  http.HttpServer2 (HttpServer2.java:addFilter(958)) - Added filter static_user_filter (class=org.apache.hadoop.http.lib.StaticUserWebFilter$StaticUserFilter) to context logs
2019-08-21 10:25:26,342 INFO  http.HttpServer2 (HttpServer2.java:addFilter(958)) - Added filter static_user_filter (class=org.apache.hadoop.http.lib.StaticUserWebFilter$StaticUserFilter) to context static
2019-08-21 10:25:26,343 INFO  http.HttpServer2 (HttpServer2.java:bindListener(1191)) - Jetty bound to port 46369
2019-08-21 10:25:26,343 INFO  server.Server (Server.java:doStart(351)) - jetty-9.3.24.v20180605, build timestamp: 2018-06-05T17:11:56Z, git hash: 84205aa28f11a4f31f2a3b86d1bba2cc8ab69827
2019-08-21 10:25:26,346 INFO  handler.ContextHandler (ContextHandler.java:doStart(781)) - Started o.e.j.s.ServletContextHandler@2bd8f7db{/logs,file:///workdir/hadoop-ozone/integration-test/target/log,AVAILABLE}
2019-08-21 10:25:26,346 INFO  handler.ContextHandler (ContextHandler.java:doStart(781)) - Started o.e.j.s.ServletContextHandler@30abf79c{/static,jar:file:/home/user/.m2/repository/org/apache/hadoop/hadoop-hdds-container-service/0.5.0-SNAPSHOT/hadoop-hdds-container-service-0.5.0-SNAPSHOT.jar!/webapps/static,AVAILABLE}
2019-08-21 10:25:26,379 INFO  handler.ContextHandler (ContextHandler.java:doStart(781)) - Started o.e.j.w.WebAppContext@4837f97e{/,file:///tmp/jetty-0.0.0.0-46369-hddsDatanode-_-any-2318686709782356120.dir/webapp/,AVAILABLE}{/hddsDatanode}
2019-08-21 10:25:26,379 INFO  server.AbstractConnector (AbstractConnector.java:doStart(278)) - Started ServerConnector@53314f76{HTTP/1.1,[http/1.1]}{0.0.0.0:46369}
2019-08-21 10:25:26,381 INFO  server.Server (Server.java:doStart(419)) - Started @7274ms
2019-08-21 10:25:26,381 INFO  server.BaseHttpServer (BaseHttpServer.java:updateConnectorAddress(213)) - HTTP server of HDDSDATANODE is listening at http://0.0.0.0:46369
2019-08-21 10:25:26,538 INFO  ozone.HddsDatanodeService (HddsDatanodeService.java:startPlugins(395)) - Started plug-in org.apache.hadoop.ozone.web.OzoneHddsDatanodeService@23e61112
2019-08-21 10:25:26,538 INFO  impl.MetricsSystemImpl (MetricsSystemImpl.java:init(158)) - HddsDatanode metrics system started (again)
2019-08-21 10:25:26,541 INFO  util.JvmPauseMonitor (JvmPauseMonitor.java:run(188)) - Starting JVM pause monitor
2019-08-21 10:25:26,542 INFO  ozone.HddsDatanodeService (HddsDatanodeService.java:start(184)) - HddsDatanodeService host:pr-hdds-1942-m6xfh-241770668 ip:192.168.69.125
2019-08-21 10:25:26,543 INFO  datanode.InitDatanodeState (InitDatanodeState.java:persistContainerDatanodeDetails(140)) - DatanodeDetails is persisted to /workdir/hadoop-ozone/integration-test/target/test-dir/MiniOzoneClusterImpl-95143be0-755f-4bc3-975e-a4fe9db34024/datanode-4/meta/datanode.id
2019-08-21 10:25:26,548 INFO  volume.HddsVolume (HddsVolume.java:<init>(176)) - Creating Volume: /workdir/hadoop-ozone/integration-test/target/test-dir/MiniOzoneClusterImpl-95143be0-755f-4bc3-975e-a4fe9db34024/datanode-5/data/containers/hdds of  storage type : DISK and capacity : 1482555576320
2019-08-21 10:25:26,548 INFO  volume.VolumeSet (VolumeSet.java:initializeVolumeSet(170)) - Added Volume : /workdir/hadoop-ozone/integration-test/target/test-dir/MiniOzoneClusterImpl-95143be0-755f-4bc3-975e-a4fe9db34024/datanode-5/data/containers/hdds to VolumeSet
2019-08-21 10:25:26,549 INFO  volume.ThrottledAsyncChecker (ThrottledAsyncChecker.java:schedule(140)) - Scheduling a check for org.apache.hadoop.ozone.container.common.volume.HddsVolume@7e191fda
2019-08-21 10:25:26,549 INFO  volume.HddsVolumeChecker (HddsVolumeChecker.java:checkAllVolumes(203)) - Scheduled health check for volume org.apache.hadoop.ozone.container.common.volume.HddsVolume@7e191fda
2019-08-21 10:25:26,563 INFO  impl.RaftServerProxy (ConfUtils.java:logGet(43)) - raft.rpc.type = GRPC (default)
2019-08-21 10:25:26,563 INFO  grpc.GrpcFactory (GrpcFactory.java:checkPooledByteBufAllocatorUseCacheForAllThreads(45)) - PERFORMANCE WARNING: useCacheForAllThreads is true that may cause Netty to create a lot garbage objects and, as a result, trigger GC.
	It is recommended to disable useCacheForAllThreads by setting -Dorg.apache.ratis.thirdparty.io.netty.allocator.useCacheForAllThreads=false in command line.
2019-08-21 10:25:26,564 INFO  grpc.GrpcConfigKeys$Server (ConfUtils.java:logGet(43)) - raft.grpc.server.port = 0 (default)
2019-08-21 10:25:26,564 INFO  server.GrpcService (ConfUtils.java:logGet(43)) - raft.grpc.message.size.max = 33570816 (custom)
2019-08-21 10:25:26,564 INFO  server.RaftServerConfigKeys (ConfUtils.java:logGet(43)) - raft.server.log.appender.buffer.byte-limit = 33554432 (custom)
2019-08-21 10:25:26,564 INFO  server.GrpcService (ConfUtils.java:logGet(43)) - raft.grpc.flow.control.window = 1MB (=1048576) (default)
2019-08-21 10:25:26,564 INFO  server.RaftServerConfigKeys (ConfUtils.java:logGet(43)) - raft.server.rpc.request.timeout = 3000ms (default)
2019-08-21 10:25:26,565 INFO  server.RaftServerConfigKeys (ConfUtils.java:logGet(43)) - raft.server.storage.dir = [/workdir/hadoop-ozone/integration-test/target/test-dir/MiniOzoneClusterImpl-95143be0-755f-4bc3-975e-a4fe9db34024/datanode-5/data/ratis] (custom)
2019-08-21 10:25:26,566 INFO  replication.SimpleContainerDownloader (SimpleContainerDownloader.java:<init>(72)) - Starting container downloader service to copy containers to replicate.
2019-08-21 10:25:26,567 INFO  hdfs.DFSUtil (DFSUtil.java:httpServerTemplateForNNAndJN(1641)) - Starting Web-server for hddsDatanode at: http://0.0.0.0:0
2019-08-21 10:25:26,568 INFO  server.AuthenticationFilter (AuthenticationFilter.java:constructSecretProvider(240)) - Unable to initialize FileSignerSecretProvider, falling back to use random secrets.
2019-08-21 10:25:26,568 WARN  http.HttpRequestLog (HttpRequestLog.java:getRequestLog(97)) - Jetty request log can only be enabled using Log4j
2019-08-21 10:25:26,570 INFO  http.HttpServer2 (HttpServer2.java:addGlobalFilter(975)) - Added global filter 'safety' (class=org.apache.hadoop.http.HttpServer2$QuotingInputFilter)
2019-08-21 10:25:26,570 INFO  http.HttpServer2 (HttpServer2.java:addFilter(948)) - Added filter static_user_filter (class=org.apache.hadoop.http.lib.StaticUserWebFilter$StaticUserFilter) to context hddsDatanode
2019-08-21 10:25:26,571 INFO  http.HttpServer2 (HttpServer2.java:addFilter(958)) - Added filter static_user_filter (class=org.apache.hadoop.http.lib.StaticUserWebFilter$StaticUserFilter) to context logs
2019-08-21 10:25:26,571 INFO  http.HttpServer2 (HttpServer2.java:addFilter(958)) - Added filter static_user_filter (class=org.apache.hadoop.http.lib.StaticUserWebFilter$StaticUserFilter) to context static
2019-08-21 10:25:26,571 INFO  http.HttpServer2 (HttpServer2.java:bindListener(1191)) - Jetty bound to port 42454
2019-08-21 10:25:26,572 INFO  server.Server (Server.java:doStart(351)) - jetty-9.3.24.v20180605, build timestamp: 2018-06-05T17:11:56Z, git hash: 84205aa28f11a4f31f2a3b86d1bba2cc8ab69827
2019-08-21 10:25:26,573 INFO  handler.ContextHandler (ContextHandler.java:doStart(781)) - Started o.e.j.s.ServletContextHandler@c9b5a99{/logs,file:///workdir/hadoop-ozone/integration-test/target/log,AVAILABLE}
2019-08-21 10:25:26,574 INFO  handler.ContextHandler (ContextHandler.java:doStart(781)) - Started o.e.j.s.ServletContextHandler@2aee0704{/static,jar:file:/home/user/.m2/repository/org/apache/hadoop/hadoop-hdds-container-service/0.5.0-SNAPSHOT/hadoop-hdds-container-service-0.5.0-SNAPSHOT.jar!/webapps/static,AVAILABLE}
2019-08-21 10:25:26,601 INFO  handler.ContextHandler (ContextHandler.java:doStart(781)) - Started o.e.j.w.WebAppContext@2fde9469{/,file:///tmp/jetty-0.0.0.0-42454-hddsDatanode-_-any-4733394580227615086.dir/webapp/,AVAILABLE}{/hddsDatanode}
2019-08-21 10:25:26,601 INFO  server.AbstractConnector (AbstractConnector.java:doStart(278)) - Started ServerConnector@1ecf0ac6{HTTP/1.1,[http/1.1]}{0.0.0.0:42454}
2019-08-21 10:25:26,602 INFO  server.Server (Server.java:doStart(419)) - Started @7495ms
2019-08-21 10:25:26,603 INFO  server.BaseHttpServer (BaseHttpServer.java:updateConnectorAddress(213)) - HTTP server of HDDSDATANODE is listening at http://0.0.0.0:42454
2019-08-21 10:25:26,742 INFO  ozone.HddsDatanodeService (HddsDatanodeService.java:startPlugins(395)) - Started plug-in org.apache.hadoop.ozone.web.OzoneHddsDatanodeService@20a3e10c
2019-08-21 10:25:26,743 INFO  impl.MetricsSystemImpl (MetricsSystemImpl.java:init(158)) - HddsDatanode metrics system started (again)
2019-08-21 10:25:26,746 INFO  util.JvmPauseMonitor (JvmPauseMonitor.java:run(188)) - Starting JVM pause monitor
2019-08-21 10:25:26,747 INFO  ozone.HddsDatanodeService (HddsDatanodeService.java:start(184)) - HddsDatanodeService host:pr-hdds-1942-m6xfh-241770668 ip:192.168.69.125
2019-08-21 10:25:26,748 INFO  datanode.InitDatanodeState (InitDatanodeState.java:persistContainerDatanodeDetails(140)) - DatanodeDetails is persisted to /workdir/hadoop-ozone/integration-test/target/test-dir/MiniOzoneClusterImpl-95143be0-755f-4bc3-975e-a4fe9db34024/datanode-5/meta/datanode.id
2019-08-21 10:25:26,754 INFO  volume.HddsVolume (HddsVolume.java:<init>(176)) - Creating Volume: /workdir/hadoop-ozone/integration-test/target/test-dir/MiniOzoneClusterImpl-95143be0-755f-4bc3-975e-a4fe9db34024/datanode-6/data/containers/hdds of  storage type : DISK and capacity : 1482555576320
2019-08-21 10:25:26,754 INFO  volume.VolumeSet (VolumeSet.java:initializeVolumeSet(170)) - Added Volume : /workdir/hadoop-ozone/integration-test/target/test-dir/MiniOzoneClusterImpl-95143be0-755f-4bc3-975e-a4fe9db34024/datanode-6/data/containers/hdds to VolumeSet
2019-08-21 10:25:26,754 INFO  volume.ThrottledAsyncChecker (ThrottledAsyncChecker.java:schedule(140)) - Scheduling a check for org.apache.hadoop.ozone.container.common.volume.HddsVolume@59918c8f
2019-08-21 10:25:26,755 INFO  volume.HddsVolumeChecker (HddsVolumeChecker.java:checkAllVolumes(203)) - Scheduled health check for volume org.apache.hadoop.ozone.container.common.volume.HddsVolume@59918c8f
2019-08-21 10:25:26,771 INFO  impl.RaftServerProxy (ConfUtils.java:logGet(43)) - raft.rpc.type = GRPC (default)
2019-08-21 10:25:26,771 INFO  grpc.GrpcFactory (GrpcFactory.java:checkPooledByteBufAllocatorUseCacheForAllThreads(45)) - PERFORMANCE WARNING: useCacheForAllThreads is true that may cause Netty to create a lot garbage objects and, as a result, trigger GC.
	It is recommended to disable useCacheForAllThreads by setting -Dorg.apache.ratis.thirdparty.io.netty.allocator.useCacheForAllThreads=false in command line.
2019-08-21 10:25:26,771 INFO  grpc.GrpcConfigKeys$Server (ConfUtils.java:logGet(43)) - raft.grpc.server.port = 0 (default)
2019-08-21 10:25:26,772 INFO  server.GrpcService (ConfUtils.java:logGet(43)) - raft.grpc.message.size.max = 33570816 (custom)
2019-08-21 10:25:26,772 INFO  server.RaftServerConfigKeys (ConfUtils.java:logGet(43)) - raft.server.log.appender.buffer.byte-limit = 33554432 (custom)
2019-08-21 10:25:26,772 INFO  server.GrpcService (ConfUtils.java:logGet(43)) - raft.grpc.flow.control.window = 1MB (=1048576) (default)
2019-08-21 10:25:26,773 INFO  server.RaftServerConfigKeys (ConfUtils.java:logGet(43)) - raft.server.rpc.request.timeout = 3000ms (default)
2019-08-21 10:25:26,773 INFO  server.RaftServerConfigKeys (ConfUtils.java:logGet(43)) - raft.server.storage.dir = [/workdir/hadoop-ozone/integration-test/target/test-dir/MiniOzoneClusterImpl-95143be0-755f-4bc3-975e-a4fe9db34024/datanode-6/data/ratis] (custom)
2019-08-21 10:25:26,774 INFO  replication.SimpleContainerDownloader (SimpleContainerDownloader.java:<init>(72)) - Starting container downloader service to copy containers to replicate.
2019-08-21 10:25:26,775 INFO  hdfs.DFSUtil (DFSUtil.java:httpServerTemplateForNNAndJN(1641)) - Starting Web-server for hddsDatanode at: http://0.0.0.0:0
2019-08-21 10:25:26,776 INFO  server.AuthenticationFilter (AuthenticationFilter.java:constructSecretProvider(240)) - Unable to initialize FileSignerSecretProvider, falling back to use random secrets.
2019-08-21 10:25:26,777 WARN  http.HttpRequestLog (HttpRequestLog.java:getRequestLog(97)) - Jetty request log can only be enabled using Log4j
2019-08-21 10:25:26,778 INFO  http.HttpServer2 (HttpServer2.java:addGlobalFilter(975)) - Added global filter 'safety' (class=org.apache.hadoop.http.HttpServer2$QuotingInputFilter)
2019-08-21 10:25:26,778 INFO  http.HttpServer2 (HttpServer2.java:addFilter(948)) - Added filter static_user_filter (class=org.apache.hadoop.http.lib.StaticUserWebFilter$StaticUserFilter) to context hddsDatanode
2019-08-21 10:25:26,779 INFO  http.HttpServer2 (HttpServer2.java:addFilter(958)) - Added filter static_user_filter (class=org.apache.hadoop.http.lib.StaticUserWebFilter$StaticUserFilter) to context static
2019-08-21 10:25:26,779 INFO  http.HttpServer2 (HttpServer2.java:addFilter(958)) - Added filter static_user_filter (class=org.apache.hadoop.http.lib.StaticUserWebFilter$StaticUserFilter) to context logs
2019-08-21 10:25:26,779 INFO  http.HttpServer2 (HttpServer2.java:bindListener(1191)) - Jetty bound to port 38968
2019-08-21 10:25:26,780 INFO  server.Server (Server.java:doStart(351)) - jetty-9.3.24.v20180605, build timestamp: 2018-06-05T17:11:56Z, git hash: 84205aa28f11a4f31f2a3b86d1bba2cc8ab69827
2019-08-21 10:25:26,781 INFO  handler.ContextHandler (ContextHandler.java:doStart(781)) - Started o.e.j.s.ServletContextHandler@6afbe6a1{/logs,file:///workdir/hadoop-ozone/integration-test/target/log,AVAILABLE}
2019-08-21 10:25:26,782 INFO  handler.ContextHandler (ContextHandler.java:doStart(781)) - Started o.e.j.s.ServletContextHandler@48567727{/static,jar:file:/home/user/.m2/repository/org/apache/hadoop/hadoop-hdds-container-service/0.5.0-SNAPSHOT/hadoop-hdds-container-service-0.5.0-SNAPSHOT.jar!/webapps/static,AVAILABLE}
2019-08-21 10:25:26,809 INFO  handler.ContextHandler (ContextHandler.java:doStart(781)) - Started o.e.j.w.WebAppContext@4ae8fb2a{/,file:///tmp/jetty-0.0.0.0-38968-hddsDatanode-_-any-8570970152112478958.dir/webapp/,AVAILABLE}{/hddsDatanode}
2019-08-21 10:25:26,810 INFO  server.AbstractConnector (AbstractConnector.java:doStart(278)) - Started ServerConnector@54326e9{HTTP/1.1,[http/1.1]}{0.0.0.0:38968}
2019-08-21 10:25:26,811 INFO  server.Server (Server.java:doStart(419)) - Started @7704ms
2019-08-21 10:25:26,811 INFO  server.BaseHttpServer (BaseHttpServer.java:updateConnectorAddress(213)) - HTTP server of HDDSDATANODE is listening at http://0.0.0.0:38968
2019-08-21 10:25:27,031 INFO  ozone.HddsDatanodeService (HddsDatanodeService.java:startPlugins(395)) - Started plug-in org.apache.hadoop.ozone.web.OzoneHddsDatanodeService@240a2619
2019-08-21 10:25:27,033 INFO  util.JvmPauseMonitor (JvmPauseMonitor.java:run(188)) - Starting JVM pause monitor
2019-08-21 10:25:27,034 INFO  ozone.MiniOzoneClusterImpl (MiniOzoneClusterImpl.java:lambda$waitForClusterToBeReady$0(142)) - Waiting for cluster to be ready. Got 0 of 7 DN Heartbeats.
2019-08-21 10:25:27,035 INFO  datanode.InitDatanodeState (InitDatanodeState.java:persistContainerDatanodeDetails(140)) - DatanodeDetails is persisted to /workdir/hadoop-ozone/integration-test/target/test-dir/MiniOzoneClusterImpl-95143be0-755f-4bc3-975e-a4fe9db34024/datanode-6/meta/datanode.id
2019-08-21 10:25:27,707 INFO  ozoneimpl.OzoneContainer (OzoneContainer.java:start(186)) - Attempting to start container services.
2019-08-21 10:25:27,709 INFO  ozoneimpl.OzoneContainer (OzoneContainer.java:startContainerScrub(160)) - Background container scrubber has been disabled by hdds.containerscrub.enabled
2019-08-21 10:25:27,709 INFO  ratis.XceiverServerRatis (XceiverServerRatis.java:start(404)) - Starting XceiverServerRatis e095ffe6-3937-4878-89ac-e30ae8383dd7 at port 0
2019-08-21 10:25:27,731 INFO  impl.RaftServerProxy (RaftServerProxy.java:lambda$start$3(299)) - e095ffe6-3937-4878-89ac-e30ae8383dd7: start RPC server
2019-08-21 10:25:27,863 INFO  ozoneimpl.OzoneContainer (OzoneContainer.java:start(186)) - Attempting to start container services.
2019-08-21 10:25:27,865 INFO  ozoneimpl.OzoneContainer (OzoneContainer.java:startContainerScrub(160)) - Background container scrubber has been disabled by hdds.containerscrub.enabled
2019-08-21 10:25:27,865 INFO  ratis.XceiverServerRatis (XceiverServerRatis.java:start(404)) - Starting XceiverServerRatis 55f62412-c2c8-4b92-80f9-2c0aa865c28e at port 0
2019-08-21 10:25:27,871 INFO  server.GrpcService (GrpcService.java:startImpl(149)) - e095ffe6-3937-4878-89ac-e30ae8383dd7: GrpcService started, listening on 0.0.0.0/0.0.0.0:41291
2019-08-21 10:25:27,872 INFO  ratis.XceiverServerRatis (XceiverServerRatis.java:start(414)) - XceiverServerRatis e095ffe6-3937-4878-89ac-e30ae8383dd7 is started using port 41291
2019-08-21 10:25:27,875 INFO  server.XceiverServerGrpc (XceiverServerGrpc.java:start(161)) - XceiverServerGrpc e095ffe6-3937-4878-89ac-e30ae8383dd7 is started using port 38897
2019-08-21 10:25:27,877 INFO  impl.RaftServerProxy (RaftServerProxy.java:lambda$start$3(299)) - 55f62412-c2c8-4b92-80f9-2c0aa865c28e: start RPC server
2019-08-21 10:25:27,881 INFO  server.GrpcService (GrpcService.java:startImpl(149)) - 55f62412-c2c8-4b92-80f9-2c0aa865c28e: GrpcService started, listening on 0.0.0.0/0.0.0.0:34234
2019-08-21 10:25:27,881 INFO  ratis.XceiverServerRatis (XceiverServerRatis.java:start(414)) - XceiverServerRatis 55f62412-c2c8-4b92-80f9-2c0aa865c28e is started using port 34234
2019-08-21 10:25:27,883 INFO  server.XceiverServerGrpc (XceiverServerGrpc.java:start(161)) - XceiverServerGrpc 55f62412-c2c8-4b92-80f9-2c0aa865c28e is started using port 33337
2019-08-21 10:25:28,035 INFO  ozone.MiniOzoneClusterImpl (MiniOzoneClusterImpl.java:lambda$waitForClusterToBeReady$0(142)) - Waiting for cluster to be ready. Got 0 of 7 DN Heartbeats.
2019-08-21 10:25:28,087 INFO  ozoneimpl.OzoneContainer (OzoneContainer.java:start(186)) - Attempting to start container services.
2019-08-21 10:25:28,091 INFO  ozoneimpl.OzoneContainer (OzoneContainer.java:startContainerScrub(160)) - Background container scrubber has been disabled by hdds.containerscrub.enabled
2019-08-21 10:25:28,091 INFO  ratis.XceiverServerRatis (XceiverServerRatis.java:start(404)) - Starting XceiverServerRatis d929b274-4924-41b6-908a-f5a2820ffb18 at port 0
2019-08-21 10:25:28,098 INFO  impl.RaftServerProxy (RaftServerProxy.java:lambda$start$3(299)) - d929b274-4924-41b6-908a-f5a2820ffb18: start RPC server
2019-08-21 10:25:28,101 INFO  server.GrpcService (GrpcService.java:startImpl(149)) - d929b274-4924-41b6-908a-f5a2820ffb18: GrpcService started, listening on 0.0.0.0/0.0.0.0:38087
2019-08-21 10:25:28,101 INFO  ratis.XceiverServerRatis (XceiverServerRatis.java:start(414)) - XceiverServerRatis d929b274-4924-41b6-908a-f5a2820ffb18 is started using port 38087
2019-08-21 10:25:28,103 INFO  server.XceiverServerGrpc (XceiverServerGrpc.java:start(161)) - XceiverServerGrpc d929b274-4924-41b6-908a-f5a2820ffb18 is started using port 36045
2019-08-21 10:25:28,317 INFO  ozoneimpl.OzoneContainer (OzoneContainer.java:start(186)) - Attempting to start container services.
2019-08-21 10:25:28,317 INFO  ozoneimpl.OzoneContainer (OzoneContainer.java:startContainerScrub(160)) - Background container scrubber has been disabled by hdds.containerscrub.enabled
2019-08-21 10:25:28,317 INFO  ratis.XceiverServerRatis (XceiverServerRatis.java:start(404)) - Starting XceiverServerRatis 9b36faad-3033-48d3-adf8-4e1a4c45d42a at port 0
2019-08-21 10:25:28,325 INFO  impl.RaftServerProxy (RaftServerProxy.java:lambda$start$3(299)) - 9b36faad-3033-48d3-adf8-4e1a4c45d42a: start RPC server
2019-08-21 10:25:28,329 INFO  server.GrpcService (GrpcService.java:startImpl(149)) - 9b36faad-3033-48d3-adf8-4e1a4c45d42a: GrpcService started, listening on 0.0.0.0/0.0.0.0:33349
2019-08-21 10:25:28,329 INFO  ratis.XceiverServerRatis (XceiverServerRatis.java:start(414)) - XceiverServerRatis 9b36faad-3033-48d3-adf8-4e1a4c45d42a is started using port 33349
2019-08-21 10:25:28,332 INFO  server.XceiverServerGrpc (XceiverServerGrpc.java:start(161)) - XceiverServerGrpc 9b36faad-3033-48d3-adf8-4e1a4c45d42a is started using port 35288
2019-08-21 10:25:28,560 INFO  ozoneimpl.OzoneContainer (OzoneContainer.java:start(186)) - Attempting to start container services.
2019-08-21 10:25:28,560 INFO  ozoneimpl.OzoneContainer (OzoneContainer.java:startContainerScrub(160)) - Background container scrubber has been disabled by hdds.containerscrub.enabled
2019-08-21 10:25:28,560 INFO  ratis.XceiverServerRatis (XceiverServerRatis.java:start(404)) - Starting XceiverServerRatis 699643f3-5e28-4e25-b20c-8665c7439d94 at port 0
2019-08-21 10:25:28,568 INFO  impl.RaftServerProxy (RaftServerProxy.java:lambda$start$3(299)) - 699643f3-5e28-4e25-b20c-8665c7439d94: start RPC server
2019-08-21 10:25:28,571 INFO  server.GrpcService (GrpcService.java:startImpl(149)) - 699643f3-5e28-4e25-b20c-8665c7439d94: GrpcService started, listening on 0.0.0.0/0.0.0.0:37679
2019-08-21 10:25:28,572 INFO  ratis.XceiverServerRatis (XceiverServerRatis.java:start(414)) - XceiverServerRatis 699643f3-5e28-4e25-b20c-8665c7439d94 is started using port 37679
2019-08-21 10:25:28,574 INFO  server.XceiverServerGrpc (XceiverServerGrpc.java:start(161)) - XceiverServerGrpc 699643f3-5e28-4e25-b20c-8665c7439d94 is started using port 44800
2019-08-21 10:25:28,765 INFO  ozoneimpl.OzoneContainer (OzoneContainer.java:start(186)) - Attempting to start container services.
2019-08-21 10:25:28,765 INFO  ozoneimpl.OzoneContainer (OzoneContainer.java:startContainerScrub(160)) - Background container scrubber has been disabled by hdds.containerscrub.enabled
2019-08-21 10:25:28,765 INFO  ratis.XceiverServerRatis (XceiverServerRatis.java:start(404)) - Starting XceiverServerRatis ce345902-92fa-4d2c-9453-44767017310b at port 0
2019-08-21 10:25:28,773 INFO  impl.RaftServerProxy (RaftServerProxy.java:lambda$start$3(299)) - ce345902-92fa-4d2c-9453-44767017310b: start RPC server
2019-08-21 10:25:28,778 INFO  server.GrpcService (GrpcService.java:startImpl(149)) - ce345902-92fa-4d2c-9453-44767017310b: GrpcService started, listening on 0.0.0.0/0.0.0.0:44090
2019-08-21 10:25:28,778 INFO  ratis.XceiverServerRatis (XceiverServerRatis.java:start(414)) - XceiverServerRatis ce345902-92fa-4d2c-9453-44767017310b is started using port 44090
2019-08-21 10:25:28,782 INFO  server.XceiverServerGrpc (XceiverServerGrpc.java:start(161)) - XceiverServerGrpc ce345902-92fa-4d2c-9453-44767017310b is started using port 42362
2019-08-21 10:25:29,036 INFO  ozone.MiniOzoneClusterImpl (MiniOzoneClusterImpl.java:lambda$waitForClusterToBeReady$0(142)) - Waiting for cluster to be ready. Got 0 of 7 DN Heartbeats.
2019-08-21 10:25:29,051 INFO  ozoneimpl.OzoneContainer (OzoneContainer.java:start(186)) - Attempting to start container services.
2019-08-21 10:25:29,051 INFO  ozoneimpl.OzoneContainer (OzoneContainer.java:startContainerScrub(160)) - Background container scrubber has been disabled by hdds.containerscrub.enabled
2019-08-21 10:25:29,051 INFO  ratis.XceiverServerRatis (XceiverServerRatis.java:start(404)) - Starting XceiverServerRatis 30ed8bbd-c69b-4df8-bb86-6d4b0d57e032 at port 0
2019-08-21 10:25:29,057 INFO  impl.RaftServerProxy (RaftServerProxy.java:lambda$start$3(299)) - 30ed8bbd-c69b-4df8-bb86-6d4b0d57e032: start RPC server
2019-08-21 10:25:29,061 INFO  server.GrpcService (GrpcService.java:startImpl(149)) - 30ed8bbd-c69b-4df8-bb86-6d4b0d57e032: GrpcService started, listening on 0.0.0.0/0.0.0.0:39462
2019-08-21 10:25:29,061 INFO  ratis.XceiverServerRatis (XceiverServerRatis.java:start(414)) - XceiverServerRatis 30ed8bbd-c69b-4df8-bb86-6d4b0d57e032 is started using port 39462
2019-08-21 10:25:29,063 INFO  server.XceiverServerGrpc (XceiverServerGrpc.java:start(161)) - XceiverServerGrpc 30ed8bbd-c69b-4df8-bb86-6d4b0d57e032 is started using port 40816
2019-08-21 10:25:29,658 INFO  net.NetworkTopology (NetworkTopologyImpl.java:add(110)) - Added a new node: /default-rack/e095ffe6-3937-4878-89ac-e30ae8383dd7
2019-08-21 10:25:29,658 INFO  node.SCMNodeManager (SCMNodeManager.java:register(273)) - Registered Data node : e095ffe6-3937-4878-89ac-e30ae8383dd7{ip: 192.168.69.125, host: pr-hdds-1942-m6xfh-241770668, networkLocation: /default-rack, certSerialId: null}
2019-08-21 10:25:29,663 INFO  safemode.SCMSafeModeManager (DataNodeSafeModeRule.java:process(71)) - SCM in safe mode. 1 DataNodes registered, 1 required.
2019-08-21 10:25:29,663 INFO  safemode.SCMSafeModeManager (SCMSafeModeManager.java:validateSafeModeExitRules(177)) - ScmSafeModeManager, all rules are successfully validated
2019-08-21 10:25:29,663 INFO  safemode.SCMSafeModeManager (SCMSafeModeManager.java:exitSafeMode(193)) - SCM exiting safe mode.
2019-08-21 10:25:29,851 INFO  net.NetworkTopology (NetworkTopologyImpl.java:add(110)) - Added a new node: /default-rack/55f62412-c2c8-4b92-80f9-2c0aa865c28e
2019-08-21 10:25:29,851 INFO  node.SCMNodeManager (SCMNodeManager.java:register(273)) - Registered Data node : 55f62412-c2c8-4b92-80f9-2c0aa865c28e{ip: 192.168.69.125, host: pr-hdds-1942-m6xfh-241770668, networkLocation: /default-rack, certSerialId: null}
2019-08-21 10:25:30,037 INFO  ozone.MiniOzoneClusterImpl (MiniOzoneClusterImpl.java:lambda$waitForClusterToBeReady$0(142)) - Waiting for cluster to be ready. Got 2 of 7 DN Heartbeats.
2019-08-21 10:25:30,074 INFO  net.NetworkTopology (NetworkTopologyImpl.java:add(110)) - Added a new node: /default-rack/d929b274-4924-41b6-908a-f5a2820ffb18
2019-08-21 10:25:30,075 INFO  node.SCMNodeManager (SCMNodeManager.java:register(273)) - Registered Data node : d929b274-4924-41b6-908a-f5a2820ffb18{ip: 192.168.69.125, host: pr-hdds-1942-m6xfh-241770668, networkLocation: /default-rack, certSerialId: null}
2019-08-21 10:25:30,441 INFO  net.NetworkTopology (NetworkTopologyImpl.java:add(110)) - Added a new node: /default-rack/9b36faad-3033-48d3-adf8-4e1a4c45d42a
2019-08-21 10:25:30,441 INFO  node.SCMNodeManager (SCMNodeManager.java:register(273)) - Registered Data node : 9b36faad-3033-48d3-adf8-4e1a4c45d42a{ip: 192.168.69.125, host: pr-hdds-1942-m6xfh-241770668, networkLocation: /default-rack, certSerialId: null}
2019-08-21 10:25:30,488 INFO  impl.RaftServerProxy (RaftServerProxy.java:addNew(89)) - e095ffe6-3937-4878-89ac-e30ae8383dd7: addNew group-B7EA294A3504:[e095ffe6-3937-4878-89ac-e30ae8383dd7:192.168.69.125:41291] returns group-B7EA294A3504:java.util.concurrent.CompletableFuture@94e0867[Not completed]
2019-08-21 10:25:30,509 INFO  impl.RaftServerImpl (RaftServerImpl.java:<init>(93)) - e095ffe6-3937-4878-89ac-e30ae8383dd7: new RaftServerImpl for group-B7EA294A3504:[e095ffe6-3937-4878-89ac-e30ae8383dd7:192.168.69.125:41291] with ContainerStateMachine:uninitialized
2019-08-21 10:25:30,511 INFO  server.RaftServerConfigKeys (ConfUtils.java:logGet(43)) - raft.server.rpc.timeout.min = 5s (custom)
2019-08-21 10:25:30,512 INFO  server.RaftServerConfigKeys (ConfUtils.java:logGet(43)) - raft.server.rpc.timeout.max = 5200ms (custom)
2019-08-21 10:25:30,512 INFO  server.RaftServerConfigKeys (ConfUtils.java:logGet(43)) - raft.server.rpcslowness.timeout = 120s (custom)
2019-08-21 10:25:30,513 INFO  server.RaftServerConfigKeys (ConfUtils.java:logGet(43)) - raft.server.sleep.deviation.threshold = 300 (default)
2019-08-21 10:25:30,514 INFO  server.RaftServerConfigKeys (ConfUtils.java:logGet(43)) - raft.server.log.appender.install.snapshot.enabled = false (custom)
2019-08-21 10:25:30,525 INFO  impl.RaftServerImpl (ServerState.java:<init>(105)) - e095ffe6-3937-4878-89ac-e30ae8383dd7:group-B7EA294A3504 ConfigurationManager, init=-1: [e095ffe6-3937-4878-89ac-e30ae8383dd7:192.168.69.125:41291], old=null, confs=<EMPTY_MAP>
2019-08-21 10:25:30,525 INFO  server.RaftServerConfigKeys (ConfUtils.java:logGet(43)) - raft.server.storage.dir = [/workdir/hadoop-ozone/integration-test/target/test-dir/MiniOzoneClusterImpl-95143be0-755f-4bc3-975e-a4fe9db34024/datanode-0/data/ratis] (custom)
2019-08-21 10:25:30,535 INFO  storage.RaftStorageDirectory (RaftStorageDirectory.java:analyzeStorage(246)) - The storage directory /workdir/hadoop-ozone/integration-test/target/test-dir/MiniOzoneClusterImpl-95143be0-755f-4bc3-975e-a4fe9db34024/datanode-0/data/ratis/6a507104-f2c7-4853-b167-b7ea294a3504 does not exist. Creating ...
2019-08-21 10:25:30,546 INFO  net.NetworkTopology (NetworkTopologyImpl.java:add(110)) - Added a new node: /default-rack/699643f3-5e28-4e25-b20c-8665c7439d94
2019-08-21 10:25:30,546 INFO  node.SCMNodeManager (SCMNodeManager.java:register(273)) - Registered Data node : 699643f3-5e28-4e25-b20c-8665c7439d94{ip: 192.168.69.125, host: pr-hdds-1942-m6xfh-241770668, networkLocation: /default-rack, certSerialId: null}
2019-08-21 10:25:30,554 INFO  storage.RaftStorageDirectory (RaftStorageDirectory.java:tryLock(328)) - Lock on /workdir/hadoop-ozone/integration-test/target/test-dir/MiniOzoneClusterImpl-95143be0-755f-4bc3-975e-a4fe9db34024/datanode-0/data/ratis/6a507104-f2c7-4853-b167-b7ea294a3504/in_use.lock acquired by nodename 25028@pr-hdds-1942-m6xfh-241770668
2019-08-21 10:25:30,569 INFO  storage.RaftStorage (RaftStorage.java:format(72)) - Storage directory /workdir/hadoop-ozone/integration-test/target/test-dir/MiniOzoneClusterImpl-95143be0-755f-4bc3-975e-a4fe9db34024/datanode-0/data/ratis/6a507104-f2c7-4853-b167-b7ea294a3504 has been successfully formatted.
2019-08-21 10:25:30,578 INFO  ratis.ContainerStateMachine (ContainerStateMachine.java:loadSnapshot(222)) - group-B7EA294A3504: The snapshot info is null. Setting the last applied indexto:(t:0, i:~)
2019-08-21 10:25:30,578 INFO  server.RaftServerConfigKeys (ConfUtils.java:logGet(43)) - raft.server.leader.election.timeout = 120s (custom)
2019-08-21 10:25:30,581 INFO  server.RaftServerConfigKeys (ConfUtils.java:logGet(43)) - raft.server.log.use.memory = false (default)
2019-08-21 10:25:30,588 INFO  server.RaftServerConfigKeys (ConfUtils.java:logGet(43)) - raft.server.log.purge.gap = 1000000000 (custom)
2019-08-21 10:25:30,588 INFO  server.RaftServerConfigKeys (ConfUtils.java:logGet(43)) - raft.server.log.appender.buffer.byte-limit = 33554432 (custom)
2019-08-21 10:25:30,590 INFO  server.RaftServerConfigKeys (ConfUtils.java:logGet(43)) - raft.server.log.segment.size.max = 1048576 (custom)
2019-08-21 10:25:30,596 INFO  server.RaftServerConfigKeys (ConfUtils.java:logGet(43)) - raft.server.log.segment.cache.num.max = 2 (custom)
2019-08-21 10:25:30,602 INFO  segmented.SegmentedRaftLogWorker (SegmentedRaftLogWorker.java:<init>(172)) - new e095ffe6-3937-4878-89ac-e30ae8383dd7-SegmentedRaftLogWorker:Storage Directory /workdir/hadoop-ozone/integration-test/target/test-dir/MiniOzoneClusterImpl-95143be0-755f-4bc3-975e-a4fe9db34024/datanode-0/data/ratis/6a507104-f2c7-4853-b167-b7ea294a3504 for RaftStorage:Storage Directory /workdir/hadoop-ozone/integration-test/target/test-dir/MiniOzoneClusterImpl-95143be0-755f-4bc3-975e-a4fe9db34024/datanode-0/data/ratis/6a507104-f2c7-4853-b167-b7ea294a3504
2019-08-21 10:25:30,616 INFO  server.RaftServerConfigKeys (ConfUtils.java:logGet(43)) - raft.server.log.queue.byte-limit = 2147483647 (custom)
2019-08-21 10:25:30,616 INFO  server.RaftServerConfigKeys (ConfUtils.java:logGet(43)) - raft.server.log.queue.element-limit = 1024 (custom)
2019-08-21 10:25:30,622 INFO  server.RaftServerConfigKeys (ConfUtils.java:logGet(43)) - raft.server.log.segment.size.max = 1048576 (custom)
2019-08-21 10:25:30,622 INFO  server.RaftServerConfigKeys (ConfUtils.java:logGet(43)) - raft.server.log.preallocated.size = 16384 (custom)
2019-08-21 10:25:30,623 INFO  server.RaftServerConfigKeys (ConfUtils.java:logGet(43)) - raft.server.log.write.buffer.size = 33554432 (custom)
2019-08-21 10:25:30,623 INFO  server.RaftServerConfigKeys (ConfUtils.java:logGet(43)) - raft.server.log.force.sync.num = 128 (default)
2019-08-21 10:25:30,624 INFO  server.RaftServerConfigKeys (ConfUtils.java:logGet(43)) - raft.server.log.statemachine.data.sync = true (default)
2019-08-21 10:25:30,625 INFO  server.RaftServerConfigKeys (ConfUtils.java:logGet(43)) - raft.server.log.statemachine.data.sync.timeout = 10s (default)
2019-08-21 10:25:30,625 INFO  server.RaftServerConfigKeys (ConfUtils.java:logGet(43)) - raft.server.log.statemachine.data.sync.timeout.retry = -1 (default)
2019-08-21 10:25:30,635 INFO  server.RaftServerConfigKeys (ConfUtils.java:logGet(43)) - raft.server.log.statemachine.data.caching.enabled = true (custom)
2019-08-21 10:25:30,640 INFO  segmented.SegmentedRaftLogWorker (SegmentedRaftLogWorker.java:lambda$new$0(132)) - e095ffe6-3937-4878-89ac-e30ae8383dd7-SegmentedRaftLogWorker:Storage Directory /workdir/hadoop-ozone/integration-test/target/test-dir/MiniOzoneClusterImpl-95143be0-755f-4bc3-975e-a4fe9db34024/datanode-0/data/ratis/6a507104-f2c7-4853-b167-b7ea294a3504: flushIndex: setUnconditionally 0 -> -1
2019-08-21 10:25:30,644 INFO  server.RaftServerConfigKeys (ConfUtils.java:logGet(43)) - raft.server.snapshot.auto.trigger.enabled = true (custom)
2019-08-21 10:25:30,645 INFO  server.RaftServerConfigKeys (ConfUtils.java:logGet(43)) - raft.server.snapshot.auto.trigger.threshold = 10000 (custom)
2019-08-21 10:25:30,645 INFO  server.RaftServerConfigKeys (ConfUtils.java:logGet(43)) - raft.server.retrycache.expirytime = 600000ms (custom)
2019-08-21 10:25:30,667 INFO  impl.RaftServerImpl (RaftServerImpl.java:start(180)) - e095ffe6-3937-4878-89ac-e30ae8383dd7: start group-B7EA294A3504
2019-08-21 10:25:30,668 INFO  impl.RaftServerImpl (RaftServerImpl.java:setRole(171)) - e095ffe6-3937-4878-89ac-e30ae8383dd7:group-B7EA294A3504 changes role from null to FOLLOWER at term 0 for startAsFollower
2019-08-21 10:25:30,669 INFO  impl.RoleInfo (RoleInfo.java:updateAndGet(143)) - e095ffe6-3937-4878-89ac-e30ae8383dd7: start FollowerState
2019-08-21 10:25:30,671 INFO  util.JmxRegister (JmxRegister.java:tryRegister(44)) - Successfully registered JMX Bean with object name Ratis:service=RaftServer,group=group-B7EA294A3504,id=e095ffe6-3937-4878-89ac-e30ae8383dd7
2019-08-21 10:25:30,750 INFO  net.NetworkTopology (NetworkTopologyImpl.java:add(110)) - Added a new node: /default-rack/ce345902-92fa-4d2c-9453-44767017310b
2019-08-21 10:25:30,752 INFO  node.SCMNodeManager (SCMNodeManager.java:register(273)) - Registered Data node : ce345902-92fa-4d2c-9453-44767017310b{ip: 192.168.69.125, host: pr-hdds-1942-m6xfh-241770668, networkLocation: /default-rack, certSerialId: null}
2019-08-21 10:25:30,758 INFO  pipeline.PipelineStateManager (PipelineStateManager.java:addPipeline(56)) - Created pipeline Pipeline[ Id: 6a507104-f2c7-4853-b167-b7ea294a3504, Nodes: e095ffe6-3937-4878-89ac-e30ae8383dd7{ip: 192.168.69.125, host: pr-hdds-1942-m6xfh-241770668, networkLocation: /default-rack, certSerialId: null}, Type:RATIS, Factor:ONE, State:OPEN]
2019-08-21 10:25:30,783 INFO  impl.RaftServerProxy (RaftServerProxy.java:addNew(89)) - d929b274-4924-41b6-908a-f5a2820ffb18: addNew group-1AC25AAA5DE8:[d929b274-4924-41b6-908a-f5a2820ffb18:192.168.69.125:38087] returns group-1AC25AAA5DE8:java.util.concurrent.CompletableFuture@530dc7b7[Not completed]
2019-08-21 10:25:30,825 INFO  impl.RaftServerImpl (RaftServerImpl.java:<init>(93)) - d929b274-4924-41b6-908a-f5a2820ffb18: new RaftServerImpl for group-1AC25AAA5DE8:[d929b274-4924-41b6-908a-f5a2820ffb18:192.168.69.125:38087] with ContainerStateMachine:uninitialized
2019-08-21 10:25:30,827 INFO  server.RaftServerConfigKeys (ConfUtils.java:logGet(43)) - raft.server.rpc.timeout.min = 5s (custom)
2019-08-21 10:25:30,827 INFO  server.RaftServerConfigKeys (ConfUtils.java:logGet(43)) - raft.server.rpc.timeout.max = 5200ms (custom)
2019-08-21 10:25:30,827 INFO  server.RaftServerConfigKeys (ConfUtils.java:logGet(43)) - raft.server.rpcslowness.timeout = 120s (custom)
2019-08-21 10:25:30,827 INFO  server.RaftServerConfigKeys (ConfUtils.java:logGet(43)) - raft.server.sleep.deviation.threshold = 300 (default)
2019-08-21 10:25:30,827 INFO  server.RaftServerConfigKeys (ConfUtils.java:logGet(43)) - raft.server.log.appender.install.snapshot.enabled = false (custom)
2019-08-21 10:25:30,828 INFO  impl.RaftServerImpl (ServerState.java:<init>(105)) - d929b274-4924-41b6-908a-f5a2820ffb18:group-1AC25AAA5DE8 ConfigurationManager, init=-1: [d929b274-4924-41b6-908a-f5a2820ffb18:192.168.69.125:38087], old=null, confs=<EMPTY_MAP>
2019-08-21 10:25:30,828 INFO  server.RaftServerConfigKeys (ConfUtils.java:logGet(43)) - raft.server.storage.dir = [/workdir/hadoop-ozone/integration-test/target/test-dir/MiniOzoneClusterImpl-95143be0-755f-4bc3-975e-a4fe9db34024/datanode-2/data/ratis] (custom)
2019-08-21 10:25:30,828 INFO  storage.RaftStorageDirectory (RaftStorageDirectory.java:analyzeStorage(246)) - The storage directory /workdir/hadoop-ozone/integration-test/target/test-dir/MiniOzoneClusterImpl-95143be0-755f-4bc3-975e-a4fe9db34024/datanode-2/data/ratis/375cd28e-b1e9-4db1-aeb5-1ac25aaa5de8 does not exist. Creating ...
2019-08-21 10:25:30,843 INFO  storage.RaftStorageDirectory (RaftStorageDirectory.java:tryLock(328)) - Lock on /workdir/hadoop-ozone/integration-test/target/test-dir/MiniOzoneClusterImpl-95143be0-755f-4bc3-975e-a4fe9db34024/datanode-2/data/ratis/375cd28e-b1e9-4db1-aeb5-1ac25aaa5de8/in_use.lock acquired by nodename 25028@pr-hdds-1942-m6xfh-241770668
2019-08-21 10:25:30,856 INFO  storage.RaftStorage (RaftStorage.java:format(72)) - Storage directory /workdir/hadoop-ozone/integration-test/target/test-dir/MiniOzoneClusterImpl-95143be0-755f-4bc3-975e-a4fe9db34024/datanode-2/data/ratis/375cd28e-b1e9-4db1-aeb5-1ac25aaa5de8 has been successfully formatted.
2019-08-21 10:25:30,858 INFO  ratis.ContainerStateMachine (ContainerStateMachine.java:loadSnapshot(222)) - group-1AC25AAA5DE8: The snapshot info is null. Setting the last applied indexto:(t:0, i:~)
2019-08-21 10:25:30,859 INFO  server.RaftServerConfigKeys (ConfUtils.java:logGet(43)) - raft.server.leader.election.timeout = 120s (custom)
2019-08-21 10:25:30,859 INFO  server.RaftServerConfigKeys (ConfUtils.java:logGet(43)) - raft.server.log.use.memory = false (default)
2019-08-21 10:25:30,859 INFO  server.RaftServerConfigKeys (ConfUtils.java:logGet(43)) - raft.server.log.purge.gap = 1000000000 (custom)
2019-08-21 10:25:30,860 INFO  server.RaftServerConfigKeys (ConfUtils.java:logGet(43)) - raft.server.log.appender.buffer.byte-limit = 33554432 (custom)
2019-08-21 10:25:30,860 INFO  server.RaftServerConfigKeys (ConfUtils.java:logGet(43)) - raft.server.log.segment.size.max = 1048576 (custom)
2019-08-21 10:25:30,860 INFO  server.RaftServerConfigKeys (ConfUtils.java:logGet(43)) - raft.server.log.segment.cache.num.max = 2 (custom)
2019-08-21 10:25:30,860 INFO  segmented.SegmentedRaftLogWorker (SegmentedRaftLogWorker.java:<init>(172)) - new d929b274-4924-41b6-908a-f5a2820ffb18-SegmentedRaftLogWorker:Storage Directory /workdir/hadoop-ozone/integration-test/target/test-dir/MiniOzoneClusterImpl-95143be0-755f-4bc3-975e-a4fe9db34024/datanode-2/data/ratis/375cd28e-b1e9-4db1-aeb5-1ac25aaa5de8 for RaftStorage:Storage Directory /workdir/hadoop-ozone/integration-test/target/test-dir/MiniOzoneClusterImpl-95143be0-755f-4bc3-975e-a4fe9db34024/datanode-2/data/ratis/375cd28e-b1e9-4db1-aeb5-1ac25aaa5de8
2019-08-21 10:25:30,862 INFO  server.RaftServerConfigKeys (ConfUtils.java:logGet(43)) - raft.server.log.queue.byte-limit = 2147483647 (custom)
2019-08-21 10:25:30,862 INFO  server.RaftServerConfigKeys (ConfUtils.java:logGet(43)) - raft.server.log.queue.element-limit = 1024 (custom)
2019-08-21 10:25:30,862 INFO  server.RaftServerConfigKeys (ConfUtils.java:logGet(43)) - raft.server.log.segment.size.max = 1048576 (custom)
2019-08-21 10:25:30,863 INFO  server.RaftServerConfigKeys (ConfUtils.java:logGet(43)) - raft.server.log.preallocated.size = 16384 (custom)
2019-08-21 10:25:30,863 INFO  server.RaftServerConfigKeys (ConfUtils.java:logGet(43)) - raft.server.log.write.buffer.size = 33554432 (custom)
2019-08-21 10:25:30,863 INFO  server.RaftServerConfigKeys (ConfUtils.java:logGet(43)) - raft.server.log.force.sync.num = 128 (default)
2019-08-21 10:25:30,863 INFO  server.RaftServerConfigKeys (ConfUtils.java:logGet(43)) - raft.server.log.statemachine.data.sync = true (default)
2019-08-21 10:25:30,863 INFO  server.RaftServerConfigKeys (ConfUtils.java:logGet(43)) - raft.server.log.statemachine.data.sync.timeout = 10s (default)
2019-08-21 10:25:30,864 INFO  server.RaftServerConfigKeys (ConfUtils.java:logGet(43)) - raft.server.log.statemachine.data.sync.timeout.retry = -1 (default)
2019-08-21 10:25:30,864 INFO  server.RaftServerConfigKeys (ConfUtils.java:logGet(43)) - raft.server.log.statemachine.data.caching.enabled = true (custom)
2019-08-21 10:25:30,864 INFO  segmented.SegmentedRaftLogWorker (SegmentedRaftLogWorker.java:lambda$new$0(132)) - d929b274-4924-41b6-908a-f5a2820ffb18-SegmentedRaftLogWorker:Storage Directory /workdir/hadoop-ozone/integration-test/target/test-dir/MiniOzoneClusterImpl-95143be0-755f-4bc3-975e-a4fe9db34024/datanode-2/data/ratis/375cd28e-b1e9-4db1-aeb5-1ac25aaa5de8: flushIndex: setUnconditionally 0 -> -1
2019-08-21 10:25:30,865 INFO  server.RaftServerConfigKeys (ConfUtils.java:logGet(43)) - raft.server.snapshot.auto.trigger.enabled = true (custom)
2019-08-21 10:25:30,865 INFO  server.RaftServerConfigKeys (ConfUtils.java:logGet(43)) - raft.server.snapshot.auto.trigger.threshold = 10000 (custom)
2019-08-21 10:25:30,865 INFO  server.RaftServerConfigKeys (ConfUtils.java:logGet(43)) - raft.server.retrycache.expirytime = 600000ms (custom)
2019-08-21 10:25:30,866 INFO  impl.RaftServerImpl (RaftServerImpl.java:start(180)) - d929b274-4924-41b6-908a-f5a2820ffb18: start group-1AC25AAA5DE8
2019-08-21 10:25:30,866 INFO  impl.RaftServerImpl (RaftServerImpl.java:setRole(171)) - d929b274-4924-41b6-908a-f5a2820ffb18:group-1AC25AAA5DE8 changes role from null to FOLLOWER at term 0 for startAsFollower
2019-08-21 10:25:30,866 INFO  impl.RoleInfo (RoleInfo.java:updateAndGet(143)) - d929b274-4924-41b6-908a-f5a2820ffb18: start FollowerState
2019-08-21 10:25:30,868 INFO  util.JmxRegister (JmxRegister.java:tryRegister(44)) - Successfully registered JMX Bean with object name Ratis:service=RaftServer,group=group-1AC25AAA5DE8,id=d929b274-4924-41b6-908a-f5a2820ffb18
2019-08-21 10:25:30,884 INFO  pipeline.PipelineStateManager (PipelineStateManager.java:addPipeline(56)) - Created pipeline Pipeline[ Id: 375cd28e-b1e9-4db1-aeb5-1ac25aaa5de8, Nodes: d929b274-4924-41b6-908a-f5a2820ffb18{ip: 192.168.69.125, host: pr-hdds-1942-m6xfh-241770668, networkLocation: /default-rack, certSerialId: null}, Type:RATIS, Factor:ONE, State:OPEN]
2019-08-21 10:25:30,907 INFO  impl.RaftServerProxy (RaftServerProxy.java:addNew(89)) - 55f62412-c2c8-4b92-80f9-2c0aa865c28e: addNew group-505BDE07D967:[55f62412-c2c8-4b92-80f9-2c0aa865c28e:192.168.69.125:34234] returns group-505BDE07D967:java.util.concurrent.CompletableFuture@51c6495a[Not completed]
2019-08-21 10:25:30,918 INFO  impl.RaftServerImpl (RaftServerImpl.java:<init>(93)) - 55f62412-c2c8-4b92-80f9-2c0aa865c28e: new RaftServerImpl for group-505BDE07D967:[55f62412-c2c8-4b92-80f9-2c0aa865c28e:192.168.69.125:34234] with ContainerStateMachine:uninitialized
2019-08-21 10:25:30,918 INFO  server.RaftServerConfigKeys (ConfUtils.java:logGet(43)) - raft.server.rpc.timeout.min = 5s (custom)
2019-08-21 10:25:30,918 INFO  server.RaftServerConfigKeys (ConfUtils.java:logGet(43)) - raft.server.rpc.timeout.max = 5200ms (custom)
2019-08-21 10:25:30,918 INFO  server.RaftServerConfigKeys (ConfUtils.java:logGet(43)) - raft.server.rpcslowness.timeout = 120s (custom)
2019-08-21 10:25:30,919 INFO  server.RaftServerConfigKeys (ConfUtils.java:logGet(43)) - raft.server.sleep.deviation.threshold = 300 (default)
2019-08-21 10:25:30,919 INFO  server.RaftServerConfigKeys (ConfUtils.java:logGet(43)) - raft.server.log.appender.install.snapshot.enabled = false (custom)
2019-08-21 10:25:30,919 INFO  impl.RaftServerImpl (ServerState.java:<init>(105)) - 55f62412-c2c8-4b92-80f9-2c0aa865c28e:group-505BDE07D967 ConfigurationManager, init=-1: [55f62412-c2c8-4b92-80f9-2c0aa865c28e:192.168.69.125:34234], old=null, confs=<EMPTY_MAP>
2019-08-21 10:25:30,919 INFO  server.RaftServerConfigKeys (ConfUtils.java:logGet(43)) - raft.server.storage.dir = [/workdir/hadoop-ozone/integration-test/target/test-dir/MiniOzoneClusterImpl-95143be0-755f-4bc3-975e-a4fe9db34024/datanode-1/data/ratis] (custom)
2019-08-21 10:25:30,920 INFO  storage.RaftStorageDirectory (RaftStorageDirectory.java:analyzeStorage(246)) - The storage directory /workdir/hadoop-ozone/integration-test/target/test-dir/MiniOzoneClusterImpl-95143be0-755f-4bc3-975e-a4fe9db34024/datanode-1/data/ratis/129910ef-79ce-4e6f-89b0-505bde07d967 does not exist. Creating ...
2019-08-21 10:25:30,932 INFO  storage.RaftStorageDirectory (RaftStorageDirectory.java:tryLock(328)) - Lock on /workdir/hadoop-ozone/integration-test/target/test-dir/MiniOzoneClusterImpl-95143be0-755f-4bc3-975e-a4fe9db34024/datanode-1/data/ratis/129910ef-79ce-4e6f-89b0-505bde07d967/in_use.lock acquired by nodename 25028@pr-hdds-1942-m6xfh-241770668
2019-08-21 10:25:30,948 INFO  storage.RaftStorage (RaftStorage.java:format(72)) - Storage directory /workdir/hadoop-ozone/integration-test/target/test-dir/MiniOzoneClusterImpl-95143be0-755f-4bc3-975e-a4fe9db34024/datanode-1/data/ratis/129910ef-79ce-4e6f-89b0-505bde07d967 has been successfully formatted.
2019-08-21 10:25:30,949 INFO  ratis.ContainerStateMachine (ContainerStateMachine.java:loadSnapshot(222)) - group-505BDE07D967: The snapshot info is null. Setting the last applied indexto:(t:0, i:~)
2019-08-21 10:25:30,949 INFO  server.RaftServerConfigKeys (ConfUtils.java:logGet(43)) - raft.server.leader.election.timeout = 120s (custom)
2019-08-21 10:25:30,949 INFO  server.RaftServerConfigKeys (ConfUtils.java:logGet(43)) - raft.server.log.use.memory = false (default)
2019-08-21 10:25:30,950 INFO  server.RaftServerConfigKeys (ConfUtils.java:logGet(43)) - raft.server.log.purge.gap = 1000000000 (custom)
2019-08-21 10:25:30,950 INFO  server.RaftServerConfigKeys (ConfUtils.java:logGet(43)) - raft.server.log.appender.buffer.byte-limit = 33554432 (custom)
2019-08-21 10:25:30,950 INFO  server.RaftServerConfigKeys (ConfUtils.java:logGet(43)) - raft.server.log.segment.size.max = 1048576 (custom)
2019-08-21 10:25:30,951 INFO  server.RaftServerConfigKeys (ConfUtils.java:logGet(43)) - raft.server.log.segment.cache.num.max = 2 (custom)
2019-08-21 10:25:30,951 INFO  segmented.SegmentedRaftLogWorker (SegmentedRaftLogWorker.java:<init>(172)) - new 55f62412-c2c8-4b92-80f9-2c0aa865c28e-SegmentedRaftLogWorker:Storage Directory /workdir/hadoop-ozone/integration-test/target/test-dir/MiniOzoneClusterImpl-95143be0-755f-4bc3-975e-a4fe9db34024/datanode-1/data/ratis/129910ef-79ce-4e6f-89b0-505bde07d967 for RaftStorage:Storage Directory /workdir/hadoop-ozone/integration-test/target/test-dir/MiniOzoneClusterImpl-95143be0-755f-4bc3-975e-a4fe9db34024/datanode-1/data/ratis/129910ef-79ce-4e6f-89b0-505bde07d967
2019-08-21 10:25:30,951 INFO  server.RaftServerConfigKeys (ConfUtils.java:logGet(43)) - raft.server.log.queue.byte-limit = 2147483647 (custom)
2019-08-21 10:25:30,951 INFO  server.RaftServerConfigKeys (ConfUtils.java:logGet(43)) - raft.server.log.queue.element-limit = 1024 (custom)
2019-08-21 10:25:30,952 INFO  server.RaftServerConfigKeys (ConfUtils.java:logGet(43)) - raft.server.log.segment.size.max = 1048576 (custom)
2019-08-21 10:25:30,952 INFO  server.RaftServerConfigKeys (ConfUtils.java:logGet(43)) - raft.server.log.preallocated.size = 16384 (custom)
2019-08-21 10:25:30,952 INFO  server.RaftServerConfigKeys (ConfUtils.java:logGet(43)) - raft.server.log.write.buffer.size = 33554432 (custom)
2019-08-21 10:25:30,952 INFO  server.RaftServerConfigKeys (ConfUtils.java:logGet(43)) - raft.server.log.force.sync.num = 128 (default)
2019-08-21 10:25:30,953 INFO  server.RaftServerConfigKeys (ConfUtils.java:logGet(43)) - raft.server.log.statemachine.data.sync = true (default)
2019-08-21 10:25:30,953 INFO  server.RaftServerConfigKeys (ConfUtils.java:logGet(43)) - raft.server.log.statemachine.data.sync.timeout = 10s (default)
2019-08-21 10:25:30,953 INFO  server.RaftServerConfigKeys (ConfUtils.java:logGet(43)) - raft.server.log.statemachine.data.sync.timeout.retry = -1 (default)
2019-08-21 10:25:30,954 INFO  server.RaftServerConfigKeys (ConfUtils.java:logGet(43)) - raft.server.log.statemachine.data.caching.enabled = true (custom)
2019-08-21 10:25:30,954 INFO  segmented.SegmentedRaftLogWorker (SegmentedRaftLogWorker.java:lambda$new$0(132)) - 55f62412-c2c8-4b92-80f9-2c0aa865c28e-SegmentedRaftLogWorker:Storage Directory /workdir/hadoop-ozone/integration-test/target/test-dir/MiniOzoneClusterImpl-95143be0-755f-4bc3-975e-a4fe9db34024/datanode-1/data/ratis/129910ef-79ce-4e6f-89b0-505bde07d967: flushIndex: setUnconditionally 0 -> -1
2019-08-21 10:25:30,955 INFO  server.RaftServerConfigKeys (ConfUtils.java:logGet(43)) - raft.server.snapshot.auto.trigger.enabled = true (custom)
2019-08-21 10:25:30,955 INFO  server.RaftServerConfigKeys (ConfUtils.java:logGet(43)) - raft.server.snapshot.auto.trigger.threshold = 10000 (custom)
2019-08-21 10:25:30,955 INFO  server.RaftServerConfigKeys (ConfUtils.java:logGet(43)) - raft.server.retrycache.expirytime = 600000ms (custom)
2019-08-21 10:25:30,956 INFO  impl.RaftServerImpl (RaftServerImpl.java:start(180)) - 55f62412-c2c8-4b92-80f9-2c0aa865c28e: start group-505BDE07D967
2019-08-21 10:25:30,956 INFO  impl.RaftServerImpl (RaftServerImpl.java:setRole(171)) - 55f62412-c2c8-4b92-80f9-2c0aa865c28e:group-505BDE07D967 changes role from null to FOLLOWER at term 0 for startAsFollower
2019-08-21 10:25:30,956 INFO  impl.RoleInfo (RoleInfo.java:updateAndGet(143)) - 55f62412-c2c8-4b92-80f9-2c0aa865c28e: start FollowerState
2019-08-21 10:25:30,957 INFO  util.JmxRegister (JmxRegister.java:tryRegister(44)) - Successfully registered JMX Bean with object name Ratis:service=RaftServer,group=group-505BDE07D967,id=55f62412-c2c8-4b92-80f9-2c0aa865c28e
2019-08-21 10:25:30,972 INFO  pipeline.PipelineStateManager (PipelineStateManager.java:addPipeline(56)) - Created pipeline Pipeline[ Id: 129910ef-79ce-4e6f-89b0-505bde07d967, Nodes: 55f62412-c2c8-4b92-80f9-2c0aa865c28e{ip: 192.168.69.125, host: pr-hdds-1942-m6xfh-241770668, networkLocation: /default-rack, certSerialId: null}, Type:RATIS, Factor:ONE, State:OPEN]
2019-08-21 10:25:30,991 INFO  impl.RaftServerProxy (RaftServerProxy.java:addNew(89)) - 9b36faad-3033-48d3-adf8-4e1a4c45d42a: addNew group-9FCE7D743AB8:[9b36faad-3033-48d3-adf8-4e1a4c45d42a:192.168.69.125:33349] returns group-9FCE7D743AB8:java.util.concurrent.CompletableFuture@b6c15ff[Not completed]
2019-08-21 10:25:30,994 INFO  impl.RaftServerImpl (RaftServerImpl.java:<init>(93)) - 9b36faad-3033-48d3-adf8-4e1a4c45d42a: new RaftServerImpl for group-9FCE7D743AB8:[9b36faad-3033-48d3-adf8-4e1a4c45d42a:192.168.69.125:33349] with ContainerStateMachine:uninitialized
2019-08-21 10:25:30,995 INFO  server.RaftServerConfigKeys (ConfUtils.java:logGet(43)) - raft.server.rpc.timeout.min = 5s (custom)
2019-08-21 10:25:30,995 INFO  server.RaftServerConfigKeys (ConfUtils.java:logGet(43)) - raft.server.rpc.timeout.max = 5200ms (custom)
2019-08-21 10:25:30,995 INFO  server.RaftServerConfigKeys (ConfUtils.java:logGet(43)) - raft.server.rpcslowness.timeout = 120s (custom)
2019-08-21 10:25:30,995 INFO  server.RaftServerConfigKeys (ConfUtils.java:logGet(43)) - raft.server.sleep.deviation.threshold = 300 (default)
2019-08-21 10:25:30,995 INFO  server.RaftServerConfigKeys (ConfUtils.java:logGet(43)) - raft.server.log.appender.install.snapshot.enabled = false (custom)
2019-08-21 10:25:30,996 INFO  impl.RaftServerImpl (ServerState.java:<init>(105)) - 9b36faad-3033-48d3-adf8-4e1a4c45d42a:group-9FCE7D743AB8 ConfigurationManager, init=-1: [9b36faad-3033-48d3-adf8-4e1a4c45d42a:192.168.69.125:33349], old=null, confs=<EMPTY_MAP>
2019-08-21 10:25:30,996 INFO  server.RaftServerConfigKeys (ConfUtils.java:logGet(43)) - raft.server.storage.dir = [/workdir/hadoop-ozone/integration-test/target/test-dir/MiniOzoneClusterImpl-95143be0-755f-4bc3-975e-a4fe9db34024/datanode-3/data/ratis] (custom)
2019-08-21 10:25:30,996 INFO  storage.RaftStorageDirectory (RaftStorageDirectory.java:analyzeStorage(246)) - The storage directory /workdir/hadoop-ozone/integration-test/target/test-dir/MiniOzoneClusterImpl-95143be0-755f-4bc3-975e-a4fe9db34024/datanode-3/data/ratis/65accadf-8072-4463-904c-9fce7d743ab8 does not exist. Creating ...
2019-08-21 10:25:31,010 INFO  storage.RaftStorageDirectory (RaftStorageDirectory.java:tryLock(328)) - Lock on /workdir/hadoop-ozone/integration-test/target/test-dir/MiniOzoneClusterImpl-95143be0-755f-4bc3-975e-a4fe9db34024/datanode-3/data/ratis/65accadf-8072-4463-904c-9fce7d743ab8/in_use.lock acquired by nodename 25028@pr-hdds-1942-m6xfh-241770668
2019-08-21 10:25:31,023 INFO  storage.RaftStorage (RaftStorage.java:format(72)) - Storage directory /workdir/hadoop-ozone/integration-test/target/test-dir/MiniOzoneClusterImpl-95143be0-755f-4bc3-975e-a4fe9db34024/datanode-3/data/ratis/65accadf-8072-4463-904c-9fce7d743ab8 has been successfully formatted.
2019-08-21 10:25:31,023 INFO  ratis.ContainerStateMachine (ContainerStateMachine.java:loadSnapshot(222)) - group-9FCE7D743AB8: The snapshot info is null. Setting the last applied indexto:(t:0, i:~)
2019-08-21 10:25:31,024 INFO  server.RaftServerConfigKeys (ConfUtils.java:logGet(43)) - raft.server.leader.election.timeout = 120s (custom)
2019-08-21 10:25:31,024 INFO  server.RaftServerConfigKeys (ConfUtils.java:logGet(43)) - raft.server.log.use.memory = false (default)
2019-08-21 10:25:31,024 INFO  server.RaftServerConfigKeys (ConfUtils.java:logGet(43)) - raft.server.log.purge.gap = 1000000000 (custom)
2019-08-21 10:25:31,024 INFO  server.RaftServerConfigKeys (ConfUtils.java:logGet(43)) - raft.server.log.appender.buffer.byte-limit = 33554432 (custom)
2019-08-21 10:25:31,024 INFO  server.RaftServerConfigKeys (ConfUtils.java:logGet(43)) - raft.server.log.segment.size.max = 1048576 (custom)
2019-08-21 10:25:31,024 INFO  server.RaftServerConfigKeys (ConfUtils.java:logGet(43)) - raft.server.log.segment.cache.num.max = 2 (custom)
2019-08-21 10:25:31,025 INFO  segmented.SegmentedRaftLogWorker (SegmentedRaftLogWorker.java:<init>(172)) - new 9b36faad-3033-48d3-adf8-4e1a4c45d42a-SegmentedRaftLogWorker:Storage Directory /workdir/hadoop-ozone/integration-test/target/test-dir/MiniOzoneClusterImpl-95143be0-755f-4bc3-975e-a4fe9db34024/datanode-3/data/ratis/65accadf-8072-4463-904c-9fce7d743ab8 for RaftStorage:Storage Directory /workdir/hadoop-ozone/integration-test/target/test-dir/MiniOzoneClusterImpl-95143be0-755f-4bc3-975e-a4fe9db34024/datanode-3/data/ratis/65accadf-8072-4463-904c-9fce7d743ab8
2019-08-21 10:25:31,025 INFO  server.RaftServerConfigKeys (ConfUtils.java:logGet(43)) - raft.server.log.queue.byte-limit = 2147483647 (custom)
2019-08-21 10:25:31,025 INFO  server.RaftServerConfigKeys (ConfUtils.java:logGet(43)) - raft.server.log.queue.element-limit = 1024 (custom)
2019-08-21 10:25:31,025 INFO  server.RaftServerConfigKeys (ConfUtils.java:logGet(43)) - raft.server.log.segment.size.max = 1048576 (custom)
2019-08-21 10:25:31,025 INFO  server.RaftServerConfigKeys (ConfUtils.java:logGet(43)) - raft.server.log.preallocated.size = 16384 (custom)
2019-08-21 10:25:31,025 INFO  server.RaftServerConfigKeys (ConfUtils.java:logGet(43)) - raft.server.log.write.buffer.size = 33554432 (custom)
2019-08-21 10:25:31,026 INFO  server.RaftServerConfigKeys (ConfUtils.java:logGet(43)) - raft.server.log.force.sync.num = 128 (default)
2019-08-21 10:25:31,026 INFO  server.RaftServerConfigKeys (ConfUtils.java:logGet(43)) - raft.server.log.statemachine.data.sync = true (default)
2019-08-21 10:25:31,026 INFO  server.RaftServerConfigKeys (ConfUtils.java:logGet(43)) - raft.server.log.statemachine.data.sync.timeout = 10s (default)
2019-08-21 10:25:31,026 INFO  server.RaftServerConfigKeys (ConfUtils.java:logGet(43)) - raft.server.log.statemachine.data.sync.timeout.retry = -1 (default)
2019-08-21 10:25:31,027 INFO  server.RaftServerConfigKeys (ConfUtils.java:logGet(43)) - raft.server.log.statemachine.data.caching.enabled = true (custom)
2019-08-21 10:25:31,027 INFO  segmented.SegmentedRaftLogWorker (SegmentedRaftLogWorker.java:lambda$new$0(132)) - 9b36faad-3033-48d3-adf8-4e1a4c45d42a-SegmentedRaftLogWorker:Storage Directory /workdir/hadoop-ozone/integration-test/target/test-dir/MiniOzoneClusterImpl-95143be0-755f-4bc3-975e-a4fe9db34024/datanode-3/data/ratis/65accadf-8072-4463-904c-9fce7d743ab8: flushIndex: setUnconditionally 0 -> -1
2019-08-21 10:25:31,027 INFO  server.RaftServerConfigKeys (ConfUtils.java:logGet(43)) - raft.server.snapshot.auto.trigger.enabled = true (custom)
2019-08-21 10:25:31,027 INFO  server.RaftServerConfigKeys (ConfUtils.java:logGet(43)) - raft.server.snapshot.auto.trigger.threshold = 10000 (custom)
2019-08-21 10:25:31,027 INFO  server.RaftServerConfigKeys (ConfUtils.java:logGet(43)) - raft.server.retrycache.expirytime = 600000ms (custom)
2019-08-21 10:25:31,028 INFO  impl.RaftServerImpl (RaftServerImpl.java:start(180)) - 9b36faad-3033-48d3-adf8-4e1a4c45d42a: start group-9FCE7D743AB8
2019-08-21 10:25:31,028 INFO  impl.RaftServerImpl (RaftServerImpl.java:setRole(171)) - 9b36faad-3033-48d3-adf8-4e1a4c45d42a:group-9FCE7D743AB8 changes role from null to FOLLOWER at term 0 for startAsFollower
2019-08-21 10:25:31,028 INFO  impl.RoleInfo (RoleInfo.java:updateAndGet(143)) - 9b36faad-3033-48d3-adf8-4e1a4c45d42a: start FollowerState
2019-08-21 10:25:31,028 INFO  util.JmxRegister (JmxRegister.java:tryRegister(44)) - Successfully registered JMX Bean with object name Ratis:service=RaftServer,group=group-9FCE7D743AB8,id=9b36faad-3033-48d3-adf8-4e1a4c45d42a
2019-08-21 10:25:31,038 INFO  ozone.MiniOzoneClusterImpl (MiniOzoneClusterImpl.java:lambda$waitForClusterToBeReady$0(142)) - Waiting for cluster to be ready. Got 6 of 7 DN Heartbeats.
2019-08-21 10:25:31,042 INFO  pipeline.PipelineStateManager (PipelineStateManager.java:addPipeline(56)) - Created pipeline Pipeline[ Id: 65accadf-8072-4463-904c-9fce7d743ab8, Nodes: 9b36faad-3033-48d3-adf8-4e1a4c45d42a{ip: 192.168.69.125, host: pr-hdds-1942-m6xfh-241770668, networkLocation: /default-rack, certSerialId: null}, Type:RATIS, Factor:ONE, State:OPEN]
2019-08-21 10:25:31,042 INFO  net.NetworkTopology (NetworkTopologyImpl.java:add(110)) - Added a new node: /default-rack/30ed8bbd-c69b-4df8-bb86-6d4b0d57e032
2019-08-21 10:25:31,042 INFO  node.SCMNodeManager (SCMNodeManager.java:register(273)) - Registered Data node : 30ed8bbd-c69b-4df8-bb86-6d4b0d57e032{ip: 192.168.69.125, host: pr-hdds-1942-m6xfh-241770668, networkLocation: /default-rack, certSerialId: null}
2019-08-21 10:25:31,058 INFO  impl.RaftServerProxy (RaftServerProxy.java:addNew(89)) - 699643f3-5e28-4e25-b20c-8665c7439d94: addNew group-3149C4B34A7B:[699643f3-5e28-4e25-b20c-8665c7439d94:192.168.69.125:37679] returns group-3149C4B34A7B:java.util.concurrent.CompletableFuture@1d10a256[Not completed]
2019-08-21 10:25:31,061 INFO  impl.RaftServerImpl (RaftServerImpl.java:<init>(93)) - 699643f3-5e28-4e25-b20c-8665c7439d94: new RaftServerImpl for group-3149C4B34A7B:[699643f3-5e28-4e25-b20c-8665c7439d94:192.168.69.125:37679] with ContainerStateMachine:uninitialized
2019-08-21 10:25:31,062 INFO  server.RaftServerConfigKeys (ConfUtils.java:logGet(43)) - raft.server.rpc.timeout.min = 5s (custom)
2019-08-21 10:25:31,062 INFO  server.RaftServerConfigKeys (ConfUtils.java:logGet(43)) - raft.server.rpc.timeout.max = 5200ms (custom)
2019-08-21 10:25:31,062 INFO  server.RaftServerConfigKeys (ConfUtils.java:logGet(43)) - raft.server.rpcslowness.timeout = 120s (custom)
2019-08-21 10:25:31,062 INFO  server.RaftServerConfigKeys (ConfUtils.java:logGet(43)) - raft.server.sleep.deviation.threshold = 300 (default)
2019-08-21 10:25:31,062 INFO  server.RaftServerConfigKeys (ConfUtils.java:logGet(43)) - raft.server.log.appender.install.snapshot.enabled = false (custom)
2019-08-21 10:25:31,062 INFO  impl.RaftServerImpl (ServerState.java:<init>(105)) - 699643f3-5e28-4e25-b20c-8665c7439d94:group-3149C4B34A7B ConfigurationManager, init=-1: [699643f3-5e28-4e25-b20c-8665c7439d94:192.168.69.125:37679], old=null, confs=<EMPTY_MAP>
2019-08-21 10:25:31,062 INFO  server.RaftServerConfigKeys (ConfUtils.java:logGet(43)) - raft.server.storage.dir = [/workdir/hadoop-ozone/integration-test/target/test-dir/MiniOzoneClusterImpl-95143be0-755f-4bc3-975e-a4fe9db34024/datanode-4/data/ratis] (custom)
2019-08-21 10:25:31,063 INFO  storage.RaftStorageDirectory (RaftStorageDirectory.java:analyzeStorage(246)) - The storage directory /workdir/hadoop-ozone/integration-test/target/test-dir/MiniOzoneClusterImpl-95143be0-755f-4bc3-975e-a4fe9db34024/datanode-4/data/ratis/06ef5992-187a-4ec5-b2d3-3149c4b34a7b does not exist. Creating ...
2019-08-21 10:25:31,075 INFO  storage.RaftStorageDirectory (RaftStorageDirectory.java:tryLock(328)) - Lock on /workdir/hadoop-ozone/integration-test/target/test-dir/MiniOzoneClusterImpl-95143be0-755f-4bc3-975e-a4fe9db34024/datanode-4/data/ratis/06ef5992-187a-4ec5-b2d3-3149c4b34a7b/in_use.lock acquired by nodename 25028@pr-hdds-1942-m6xfh-241770668
2019-08-21 10:25:31,088 INFO  storage.RaftStorage (RaftStorage.java:format(72)) - Storage directory /workdir/hadoop-ozone/integration-test/target/test-dir/MiniOzoneClusterImpl-95143be0-755f-4bc3-975e-a4fe9db34024/datanode-4/data/ratis/06ef5992-187a-4ec5-b2d3-3149c4b34a7b has been successfully formatted.
2019-08-21 10:25:31,089 INFO  ratis.ContainerStateMachine (ContainerStateMachine.java:loadSnapshot(222)) - group-3149C4B34A7B: The snapshot info is null. Setting the last applied indexto:(t:0, i:~)
2019-08-21 10:25:31,089 INFO  server.RaftServerConfigKeys (ConfUtils.java:logGet(43)) - raft.server.leader.election.timeout = 120s (custom)
2019-08-21 10:25:31,089 INFO  server.RaftServerConfigKeys (ConfUtils.java:logGet(43)) - raft.server.log.use.memory = false (default)
2019-08-21 10:25:31,089 INFO  server.RaftServerConfigKeys (ConfUtils.java:logGet(43)) - raft.server.log.purge.gap = 1000000000 (custom)
2019-08-21 10:25:31,089 INFO  server.RaftServerConfigKeys (ConfUtils.java:logGet(43)) - raft.server.log.appender.buffer.byte-limit = 33554432 (custom)
2019-08-21 10:25:31,089 INFO  server.RaftServerConfigKeys (ConfUtils.java:logGet(43)) - raft.server.log.segment.size.max = 1048576 (custom)
2019-08-21 10:25:31,089 INFO  server.RaftServerConfigKeys (ConfUtils.java:logGet(43)) - raft.server.log.segment.cache.num.max = 2 (custom)
2019-08-21 10:25:31,089 INFO  segmented.SegmentedRaftLogWorker (SegmentedRaftLogWorker.java:<init>(172)) - new 699643f3-5e28-4e25-b20c-8665c7439d94-SegmentedRaftLogWorker:Storage Directory /workdir/hadoop-ozone/integration-test/target/test-dir/MiniOzoneClusterImpl-95143be0-755f-4bc3-975e-a4fe9db34024/datanode-4/data/ratis/06ef5992-187a-4ec5-b2d3-3149c4b34a7b for RaftStorage:Storage Directory /workdir/hadoop-ozone/integration-test/target/test-dir/MiniOzoneClusterImpl-95143be0-755f-4bc3-975e-a4fe9db34024/datanode-4/data/ratis/06ef5992-187a-4ec5-b2d3-3149c4b34a7b
2019-08-21 10:25:31,089 INFO  server.RaftServerConfigKeys (ConfUtils.java:logGet(43)) - raft.server.log.queue.byte-limit = 2147483647 (custom)
2019-08-21 10:25:31,090 INFO  server.RaftServerConfigKeys (ConfUtils.java:logGet(43)) - raft.server.log.queue.element-limit = 1024 (custom)
2019-08-21 10:25:31,090 INFO  server.RaftServerConfigKeys (ConfUtils.java:logGet(43)) - raft.server.log.segment.size.max = 1048576 (custom)
2019-08-21 10:25:31,090 INFO  server.RaftServerConfigKeys (ConfUtils.java:logGet(43)) - raft.server.log.preallocated.size = 16384 (custom)
2019-08-21 10:25:31,090 INFO  server.RaftServerConfigKeys (ConfUtils.java:logGet(43)) - raft.server.log.write.buffer.size = 33554432 (custom)
2019-08-21 10:25:31,090 INFO  server.RaftServerConfigKeys (ConfUtils.java:logGet(43)) - raft.server.log.force.sync.num = 128 (default)
2019-08-21 10:25:31,090 INFO  server.RaftServerConfigKeys (ConfUtils.java:logGet(43)) - raft.server.log.statemachine.data.sync = true (default)
2019-08-21 10:25:31,090 INFO  server.RaftServerConfigKeys (ConfUtils.java:logGet(43)) - raft.server.log.statemachine.data.sync.timeout = 10s (default)
2019-08-21 10:25:31,090 INFO  server.RaftServerConfigKeys (ConfUtils.java:logGet(43)) - raft.server.log.statemachine.data.sync.timeout.retry = -1 (default)
2019-08-21 10:25:31,091 INFO  server.RaftServerConfigKeys (ConfUtils.java:logGet(43)) - raft.server.log.statemachine.data.caching.enabled = true (custom)
2019-08-21 10:25:31,091 INFO  segmented.SegmentedRaftLogWorker (SegmentedRaftLogWorker.java:lambda$new$0(132)) - 699643f3-5e28-4e25-b20c-8665c7439d94-SegmentedRaftLogWorker:Storage Directory /workdir/hadoop-ozone/integration-test/target/test-dir/MiniOzoneClusterImpl-95143be0-755f-4bc3-975e-a4fe9db34024/datanode-4/data/ratis/06ef5992-187a-4ec5-b2d3-3149c4b34a7b: flushIndex: setUnconditionally 0 -> -1
2019-08-21 10:25:31,091 INFO  server.RaftServerConfigKeys (ConfUtils.java:logGet(43)) - raft.server.snapshot.auto.trigger.enabled = true (custom)
2019-08-21 10:25:31,091 INFO  server.RaftServerConfigKeys (ConfUtils.java:logGet(43)) - raft.server.snapshot.auto.trigger.threshold = 10000 (custom)
2019-08-21 10:25:31,091 INFO  server.RaftServerConfigKeys (ConfUtils.java:logGet(43)) - raft.server.retrycache.expirytime = 600000ms (custom)
2019-08-21 10:25:31,092 INFO  impl.RaftServerImpl (RaftServerImpl.java:start(180)) - 699643f3-5e28-4e25-b20c-8665c7439d94: start group-3149C4B34A7B
2019-08-21 10:25:31,092 INFO  impl.RaftServerImpl (RaftServerImpl.java:setRole(171)) - 699643f3-5e28-4e25-b20c-8665c7439d94:group-3149C4B34A7B changes role from null to FOLLOWER at term 0 for startAsFollower
2019-08-21 10:25:31,092 INFO  impl.RoleInfo (RoleInfo.java:updateAndGet(143)) - 699643f3-5e28-4e25-b20c-8665c7439d94: start FollowerState
2019-08-21 10:25:31,092 INFO  util.JmxRegister (JmxRegister.java:tryRegister(44)) - Successfully registered JMX Bean with object name Ratis:service=RaftServer,group=group-3149C4B34A7B,id=699643f3-5e28-4e25-b20c-8665c7439d94
2019-08-21 10:25:31,105 INFO  pipeline.PipelineStateManager (PipelineStateManager.java:addPipeline(56)) - Created pipeline Pipeline[ Id: 06ef5992-187a-4ec5-b2d3-3149c4b34a7b, Nodes: 699643f3-5e28-4e25-b20c-8665c7439d94{ip: 192.168.69.125, host: pr-hdds-1942-m6xfh-241770668, networkLocation: /default-rack, certSerialId: null}, Type:RATIS, Factor:ONE, State:OPEN]
2019-08-21 10:25:31,125 INFO  impl.RaftServerProxy (RaftServerProxy.java:addNew(89)) - ce345902-92fa-4d2c-9453-44767017310b: addNew group-C79492B800ED:[ce345902-92fa-4d2c-9453-44767017310b:192.168.69.125:44090] returns group-C79492B800ED:java.util.concurrent.CompletableFuture@11ba2b40[Not completed]
2019-08-21 10:25:31,132 INFO  impl.RaftServerImpl (RaftServerImpl.java:<init>(93)) - ce345902-92fa-4d2c-9453-44767017310b: new RaftServerImpl for group-C79492B800ED:[ce345902-92fa-4d2c-9453-44767017310b:192.168.69.125:44090] with ContainerStateMachine:uninitialized
2019-08-21 10:25:31,132 INFO  server.RaftServerConfigKeys (ConfUtils.java:logGet(43)) - raft.server.rpc.timeout.min = 5s (custom)
2019-08-21 10:25:31,132 INFO  server.RaftServerConfigKeys (ConfUtils.java:logGet(43)) - raft.server.rpc.timeout.max = 5200ms (custom)
2019-08-21 10:25:31,132 INFO  server.RaftServerConfigKeys (ConfUtils.java:logGet(43)) - raft.server.rpcslowness.timeout = 120s (custom)
2019-08-21 10:25:31,132 INFO  server.RaftServerConfigKeys (ConfUtils.java:logGet(43)) - raft.server.sleep.deviation.threshold = 300 (default)
2019-08-21 10:25:31,132 INFO  server.RaftServerConfigKeys (ConfUtils.java:logGet(43)) - raft.server.log.appender.install.snapshot.enabled = false (custom)
2019-08-21 10:25:31,133 INFO  impl.RaftServerImpl (ServerState.java:<init>(105)) - ce345902-92fa-4d2c-9453-44767017310b:group-C79492B800ED ConfigurationManager, init=-1: [ce345902-92fa-4d2c-9453-44767017310b:192.168.69.125:44090], old=null, confs=<EMPTY_MAP>
2019-08-21 10:25:31,133 INFO  server.RaftServerConfigKeys (ConfUtils.java:logGet(43)) - raft.server.storage.dir = [/workdir/hadoop-ozone/integration-test/target/test-dir/MiniOzoneClusterImpl-95143be0-755f-4bc3-975e-a4fe9db34024/datanode-5/data/ratis] (custom)
2019-08-21 10:25:31,133 INFO  storage.RaftStorageDirectory (RaftStorageDirectory.java:analyzeStorage(246)) - The storage directory /workdir/hadoop-ozone/integration-test/target/test-dir/MiniOzoneClusterImpl-95143be0-755f-4bc3-975e-a4fe9db34024/datanode-5/data/ratis/6ecfb3a3-c9b7-4235-bffb-c79492b800ed does not exist. Creating ...
2019-08-21 10:25:31,146 INFO  storage.RaftStorageDirectory (RaftStorageDirectory.java:tryLock(328)) - Lock on /workdir/hadoop-ozone/integration-test/target/test-dir/MiniOzoneClusterImpl-95143be0-755f-4bc3-975e-a4fe9db34024/datanode-5/data/ratis/6ecfb3a3-c9b7-4235-bffb-c79492b800ed/in_use.lock acquired by nodename 25028@pr-hdds-1942-m6xfh-241770668
2019-08-21 10:25:31,159 INFO  storage.RaftStorage (RaftStorage.java:format(72)) - Storage directory /workdir/hadoop-ozone/integration-test/target/test-dir/MiniOzoneClusterImpl-95143be0-755f-4bc3-975e-a4fe9db34024/datanode-5/data/ratis/6ecfb3a3-c9b7-4235-bffb-c79492b800ed has been successfully formatted.
2019-08-21 10:25:31,159 INFO  ratis.ContainerStateMachine (ContainerStateMachine.java:loadSnapshot(222)) - group-C79492B800ED: The snapshot info is null. Setting the last applied indexto:(t:0, i:~)
2019-08-21 10:25:31,159 INFO  server.RaftServerConfigKeys (ConfUtils.java:logGet(43)) - raft.server.leader.election.timeout = 120s (custom)
2019-08-21 10:25:31,160 INFO  server.RaftServerConfigKeys (ConfUtils.java:logGet(43)) - raft.server.log.use.memory = false (default)
2019-08-21 10:25:31,160 INFO  server.RaftServerConfigKeys (ConfUtils.java:logGet(43)) - raft.server.log.purge.gap = 1000000000 (custom)
2019-08-21 10:25:31,160 INFO  server.RaftServerConfigKeys (ConfUtils.java:logGet(43)) - raft.server.log.appender.buffer.byte-limit = 33554432 (custom)
2019-08-21 10:25:31,160 INFO  server.RaftServerConfigKeys (ConfUtils.java:logGet(43)) - raft.server.log.segment.size.max = 1048576 (custom)
2019-08-21 10:25:31,160 INFO  server.RaftServerConfigKeys (ConfUtils.java:logGet(43)) - raft.server.log.segment.cache.num.max = 2 (custom)
2019-08-21 10:25:31,160 INFO  segmented.SegmentedRaftLogWorker (SegmentedRaftLogWorker.java:<init>(172)) - new ce345902-92fa-4d2c-9453-44767017310b-SegmentedRaftLogWorker:Storage Directory /workdir/hadoop-ozone/integration-test/target/test-dir/MiniOzoneClusterImpl-95143be0-755f-4bc3-975e-a4fe9db34024/datanode-5/data/ratis/6ecfb3a3-c9b7-4235-bffb-c79492b800ed for RaftStorage:Storage Directory /workdir/hadoop-ozone/integration-test/target/test-dir/MiniOzoneClusterImpl-95143be0-755f-4bc3-975e-a4fe9db34024/datanode-5/data/ratis/6ecfb3a3-c9b7-4235-bffb-c79492b800ed
2019-08-21 10:25:31,160 INFO  server.RaftServerConfigKeys (ConfUtils.java:logGet(43)) - raft.server.log.queue.byte-limit = 2147483647 (custom)
2019-08-21 10:25:31,161 INFO  server.RaftServerConfigKeys (ConfUtils.java:logGet(43)) - raft.server.log.queue.element-limit = 1024 (custom)
2019-08-21 10:25:31,161 INFO  server.RaftServerConfigKeys (ConfUtils.java:logGet(43)) - raft.server.log.segment.size.max = 1048576 (custom)
2019-08-21 10:25:31,161 INFO  server.RaftServerConfigKeys (ConfUtils.java:logGet(43)) - raft.server.log.preallocated.size = 16384 (custom)
2019-08-21 10:25:31,161 INFO  server.RaftServerConfigKeys (ConfUtils.java:logGet(43)) - raft.server.log.write.buffer.size = 33554432 (custom)
2019-08-21 10:25:31,161 INFO  server.RaftServerConfigKeys (ConfUtils.java:logGet(43)) - raft.server.log.force.sync.num = 128 (default)
2019-08-21 10:25:31,161 INFO  server.RaftServerConfigKeys (ConfUtils.java:logGet(43)) - raft.server.log.statemachine.data.sync = true (default)
2019-08-21 10:25:31,161 INFO  server.RaftServerConfigKeys (ConfUtils.java:logGet(43)) - raft.server.log.statemachine.data.sync.timeout = 10s (default)
2019-08-21 10:25:31,161 INFO  server.RaftServerConfigKeys (ConfUtils.java:logGet(43)) - raft.server.log.statemachine.data.sync.timeout.retry = -1 (default)
2019-08-21 10:25:31,162 INFO  server.RaftServerConfigKeys (ConfUtils.java:logGet(43)) - raft.server.log.statemachine.data.caching.enabled = true (custom)
2019-08-21 10:25:31,162 INFO  segmented.SegmentedRaftLogWorker (SegmentedRaftLogWorker.java:lambda$new$0(132)) - ce345902-92fa-4d2c-9453-44767017310b-SegmentedRaftLogWorker:Storage Directory /workdir/hadoop-ozone/integration-test/target/test-dir/MiniOzoneClusterImpl-95143be0-755f-4bc3-975e-a4fe9db34024/datanode-5/data/ratis/6ecfb3a3-c9b7-4235-bffb-c79492b800ed: flushIndex: setUnconditionally 0 -> -1
2019-08-21 10:25:31,162 INFO  server.RaftServerConfigKeys (ConfUtils.java:logGet(43)) - raft.server.snapshot.auto.trigger.enabled = true (custom)
2019-08-21 10:25:31,163 INFO  server.RaftServerConfigKeys (ConfUtils.java:logGet(43)) - raft.server.snapshot.auto.trigger.threshold = 10000 (custom)
2019-08-21 10:25:31,163 INFO  server.RaftServerConfigKeys (ConfUtils.java:logGet(43)) - raft.server.retrycache.expirytime = 600000ms (custom)
2019-08-21 10:25:31,163 INFO  impl.RaftServerImpl (RaftServerImpl.java:start(180)) - ce345902-92fa-4d2c-9453-44767017310b: start group-C79492B800ED
2019-08-21 10:25:31,163 INFO  impl.RaftServerImpl (RaftServerImpl.java:setRole(171)) - ce345902-92fa-4d2c-9453-44767017310b:group-C79492B800ED changes role from null to FOLLOWER at term 0 for startAsFollower
2019-08-21 10:25:31,163 INFO  impl.RoleInfo (RoleInfo.java:updateAndGet(143)) - ce345902-92fa-4d2c-9453-44767017310b: start FollowerState
2019-08-21 10:25:31,164 INFO  util.JmxRegister (JmxRegister.java:tryRegister(44)) - Successfully registered JMX Bean with object name Ratis:service=RaftServer,group=group-C79492B800ED,id=ce345902-92fa-4d2c-9453-44767017310b
2019-08-21 10:25:31,172 INFO  pipeline.PipelineStateManager (PipelineStateManager.java:addPipeline(56)) - Created pipeline Pipeline[ Id: 6ecfb3a3-c9b7-4235-bffb-c79492b800ed, Nodes: ce345902-92fa-4d2c-9453-44767017310b{ip: 192.168.69.125, host: pr-hdds-1942-m6xfh-241770668, networkLocation: /default-rack, certSerialId: null}, Type:RATIS, Factor:ONE, State:OPEN]
2019-08-21 10:25:31,185 INFO  impl.RaftServerProxy (RaftServerProxy.java:addNew(89)) - 30ed8bbd-c69b-4df8-bb86-6d4b0d57e032: addNew group-B80044F8D2DA:[30ed8bbd-c69b-4df8-bb86-6d4b0d57e032:192.168.69.125:39462] returns group-B80044F8D2DA:java.util.concurrent.CompletableFuture@31114014[Not completed]
2019-08-21 10:25:31,190 INFO  impl.RaftServerImpl (RaftServerImpl.java:<init>(93)) - 30ed8bbd-c69b-4df8-bb86-6d4b0d57e032: new RaftServerImpl for group-B80044F8D2DA:[30ed8bbd-c69b-4df8-bb86-6d4b0d57e032:192.168.69.125:39462] with ContainerStateMachine:uninitialized
2019-08-21 10:25:31,190 INFO  server.RaftServerConfigKeys (ConfUtils.java:logGet(43)) - raft.server.rpc.timeout.min = 5s (custom)
2019-08-21 10:25:31,190 INFO  server.RaftServerConfigKeys (ConfUtils.java:logGet(43)) - raft.server.rpc.timeout.max = 5200ms (custom)
2019-08-21 10:25:31,190 INFO  server.RaftServerConfigKeys (ConfUtils.java:logGet(43)) - raft.server.rpcslowness.timeout = 120s (custom)
2019-08-21 10:25:31,191 INFO  server.RaftServerConfigKeys (ConfUtils.java:logGet(43)) - raft.server.sleep.deviation.threshold = 300 (default)
2019-08-21 10:25:31,191 INFO  server.RaftServerConfigKeys (ConfUtils.java:logGet(43)) - raft.server.log.appender.install.snapshot.enabled = false (custom)
2019-08-21 10:25:31,191 INFO  impl.RaftServerImpl (ServerState.java:<init>(105)) - 30ed8bbd-c69b-4df8-bb86-6d4b0d57e032:group-B80044F8D2DA ConfigurationManager, init=-1: [30ed8bbd-c69b-4df8-bb86-6d4b0d57e032:192.168.69.125:39462], old=null, confs=<EMPTY_MAP>
2019-08-21 10:25:31,191 INFO  server.RaftServerConfigKeys (ConfUtils.java:logGet(43)) - raft.server.storage.dir = [/workdir/hadoop-ozone/integration-test/target/test-dir/MiniOzoneClusterImpl-95143be0-755f-4bc3-975e-a4fe9db34024/datanode-6/data/ratis] (custom)
2019-08-21 10:25:31,191 INFO  storage.RaftStorageDirectory (RaftStorageDirectory.java:analyzeStorage(246)) - The storage directory /workdir/hadoop-ozone/integration-test/target/test-dir/MiniOzoneClusterImpl-95143be0-755f-4bc3-975e-a4fe9db34024/datanode-6/data/ratis/7efde546-da3c-402d-b267-b80044f8d2da does not exist. Creating ...
2019-08-21 10:25:31,204 INFO  storage.RaftStorageDirectory (RaftStorageDirectory.java:tryLock(328)) - Lock on /workdir/hadoop-ozone/integration-test/target/test-dir/MiniOzoneClusterImpl-95143be0-755f-4bc3-975e-a4fe9db34024/datanode-6/data/ratis/7efde546-da3c-402d-b267-b80044f8d2da/in_use.lock acquired by nodename 25028@pr-hdds-1942-m6xfh-241770668
2019-08-21 10:25:31,217 INFO  storage.RaftStorage (RaftStorage.java:format(72)) - Storage directory /workdir/hadoop-ozone/integration-test/target/test-dir/MiniOzoneClusterImpl-95143be0-755f-4bc3-975e-a4fe9db34024/datanode-6/data/ratis/7efde546-da3c-402d-b267-b80044f8d2da has been successfully formatted.
2019-08-21 10:25:31,217 INFO  ratis.ContainerStateMachine (ContainerStateMachine.java:loadSnapshot(222)) - group-B80044F8D2DA: The snapshot info is null. Setting the last applied indexto:(t:0, i:~)
2019-08-21 10:25:31,217 INFO  server.RaftServerConfigKeys (ConfUtils.java:logGet(43)) - raft.server.leader.election.timeout = 120s (custom)
2019-08-21 10:25:31,217 INFO  server.RaftServerConfigKeys (ConfUtils.java:logGet(43)) - raft.server.log.use.memory = false (default)
2019-08-21 10:25:31,218 INFO  server.RaftServerConfigKeys (ConfUtils.java:logGet(43)) - raft.server.log.purge.gap = 1000000000 (custom)
2019-08-21 10:25:31,218 INFO  server.RaftServerConfigKeys (ConfUtils.java:logGet(43)) - raft.server.log.appender.buffer.byte-limit = 33554432 (custom)
2019-08-21 10:25:31,218 INFO  server.RaftServerConfigKeys (ConfUtils.java:logGet(43)) - raft.server.log.segment.size.max = 1048576 (custom)
2019-08-21 10:25:31,218 INFO  server.RaftServerConfigKeys (ConfUtils.java:logGet(43)) - raft.server.log.segment.cache.num.max = 2 (custom)
2019-08-21 10:25:31,218 INFO  segmented.SegmentedRaftLogWorker (SegmentedRaftLogWorker.java:<init>(172)) - new 30ed8bbd-c69b-4df8-bb86-6d4b0d57e032-SegmentedRaftLogWorker:Storage Directory /workdir/hadoop-ozone/integration-test/target/test-dir/MiniOzoneClusterImpl-95143be0-755f-4bc3-975e-a4fe9db34024/datanode-6/data/ratis/7efde546-da3c-402d-b267-b80044f8d2da for RaftStorage:Storage Directory /workdir/hadoop-ozone/integration-test/target/test-dir/MiniOzoneClusterImpl-95143be0-755f-4bc3-975e-a4fe9db34024/datanode-6/data/ratis/7efde546-da3c-402d-b267-b80044f8d2da
2019-08-21 10:25:31,218 INFO  server.RaftServerConfigKeys (ConfUtils.java:logGet(43)) - raft.server.log.queue.byte-limit = 2147483647 (custom)
2019-08-21 10:25:31,219 INFO  server.RaftServerConfigKeys (ConfUtils.java:logGet(43)) - raft.server.log.queue.element-limit = 1024 (custom)
2019-08-21 10:25:31,219 INFO  server.RaftServerConfigKeys (ConfUtils.java:logGet(43)) - raft.server.log.segment.size.max = 1048576 (custom)
2019-08-21 10:25:31,219 INFO  server.RaftServerConfigKeys (ConfUtils.java:logGet(43)) - raft.server.log.preallocated.size = 16384 (custom)
2019-08-21 10:25:31,219 INFO  server.RaftServerConfigKeys (ConfUtils.java:logGet(43)) - raft.server.log.write.buffer.size = 33554432 (custom)
2019-08-21 10:25:31,219 INFO  server.RaftServerConfigKeys (ConfUtils.java:logGet(43)) - raft.server.log.force.sync.num = 128 (default)
2019-08-21 10:25:31,219 INFO  server.RaftServerConfigKeys (ConfUtils.java:logGet(43)) - raft.server.log.statemachine.data.sync = true (default)
2019-08-21 10:25:31,219 INFO  server.RaftServerConfigKeys (ConfUtils.java:logGet(43)) - raft.server.log.statemachine.data.sync.timeout = 10s (default)
2019-08-21 10:25:31,220 INFO  server.RaftServerConfigKeys (ConfUtils.java:logGet(43)) - raft.server.log.statemachine.data.sync.timeout.retry = -1 (default)
2019-08-21 10:25:31,220 INFO  server.RaftServerConfigKeys (ConfUtils.java:logGet(43)) - raft.server.log.statemachine.data.caching.enabled = true (custom)
2019-08-21 10:25:31,220 INFO  segmented.SegmentedRaftLogWorker (SegmentedRaftLogWorker.java:lambda$new$0(132)) - 30ed8bbd-c69b-4df8-bb86-6d4b0d57e032-SegmentedRaftLogWorker:Storage Directory /workdir/hadoop-ozone/integration-test/target/test-dir/MiniOzoneClusterImpl-95143be0-755f-4bc3-975e-a4fe9db34024/datanode-6/data/ratis/7efde546-da3c-402d-b267-b80044f8d2da: flushIndex: setUnconditionally 0 -> -1
2019-08-21 10:25:31,221 INFO  server.RaftServerConfigKeys (ConfUtils.java:logGet(43)) - raft.server.snapshot.auto.trigger.enabled = true (custom)
2019-08-21 10:25:31,221 INFO  server.RaftServerConfigKeys (ConfUtils.java:logGet(43)) - raft.server.snapshot.auto.trigger.threshold = 10000 (custom)
2019-08-21 10:25:31,221 INFO  server.RaftServerConfigKeys (ConfUtils.java:logGet(43)) - raft.server.retrycache.expirytime = 600000ms (custom)
2019-08-21 10:25:31,221 INFO  impl.RaftServerImpl (RaftServerImpl.java:start(180)) - 30ed8bbd-c69b-4df8-bb86-6d4b0d57e032: start group-B80044F8D2DA
2019-08-21 10:25:31,221 INFO  impl.RaftServerImpl (RaftServerImpl.java:setRole(171)) - 30ed8bbd-c69b-4df8-bb86-6d4b0d57e032:group-B80044F8D2DA changes role from null to FOLLOWER at term 0 for startAsFollower
2019-08-21 10:25:31,221 INFO  impl.RoleInfo (RoleInfo.java:updateAndGet(143)) - 30ed8bbd-c69b-4df8-bb86-6d4b0d57e032: start FollowerState
2019-08-21 10:25:31,222 INFO  util.JmxRegister (JmxRegister.java:tryRegister(44)) - Successfully registered JMX Bean with object name Ratis:service=RaftServer,group=group-B80044F8D2DA,id=30ed8bbd-c69b-4df8-bb86-6d4b0d57e032
2019-08-21 10:25:31,240 INFO  pipeline.PipelineStateManager (PipelineStateManager.java:addPipeline(56)) - Created pipeline Pipeline[ Id: 7efde546-da3c-402d-b267-b80044f8d2da, Nodes: 30ed8bbd-c69b-4df8-bb86-6d4b0d57e032{ip: 192.168.69.125, host: pr-hdds-1942-m6xfh-241770668, networkLocation: /default-rack, certSerialId: null}, Type:RATIS, Factor:ONE, State:OPEN]
2019-08-21 10:25:31,274 INFO  impl.RaftServerProxy (RaftServerProxy.java:addNew(89)) - d929b274-4924-41b6-908a-f5a2820ffb18: addNew group-6FF003ADE595:[55f62412-c2c8-4b92-80f9-2c0aa865c28e:192.168.69.125:34234, e095ffe6-3937-4878-89ac-e30ae8383dd7:192.168.69.125:41291, d929b274-4924-41b6-908a-f5a2820ffb18:192.168.69.125:38087] returns group-6FF003ADE595:java.util.concurrent.CompletableFuture@240e9d9d[Not completed]
2019-08-21 10:25:31,274 INFO  impl.RaftServerProxy (RaftServerProxy.java:addNew(89)) - e095ffe6-3937-4878-89ac-e30ae8383dd7: addNew group-6FF003ADE595:[55f62412-c2c8-4b92-80f9-2c0aa865c28e:192.168.69.125:34234, e095ffe6-3937-4878-89ac-e30ae8383dd7:192.168.69.125:41291, d929b274-4924-41b6-908a-f5a2820ffb18:192.168.69.125:38087] returns group-6FF003ADE595:java.util.concurrent.CompletableFuture@3b96a5d8[Not completed]
2019-08-21 10:25:31,276 INFO  impl.RaftServerProxy (RaftServerProxy.java:addNew(89)) - 55f62412-c2c8-4b92-80f9-2c0aa865c28e: addNew group-6FF003ADE595:[55f62412-c2c8-4b92-80f9-2c0aa865c28e:192.168.69.125:34234, e095ffe6-3937-4878-89ac-e30ae8383dd7:192.168.69.125:41291, d929b274-4924-41b6-908a-f5a2820ffb18:192.168.69.125:38087] returns group-6FF003ADE595:java.util.concurrent.CompletableFuture@79505be9[Not completed]
2019-08-21 10:25:31,277 INFO  impl.RaftServerImpl (RaftServerImpl.java:<init>(93)) - d929b274-4924-41b6-908a-f5a2820ffb18: new RaftServerImpl for group-6FF003ADE595:[55f62412-c2c8-4b92-80f9-2c0aa865c28e:192.168.69.125:34234, e095ffe6-3937-4878-89ac-e30ae8383dd7:192.168.69.125:41291, d929b274-4924-41b6-908a-f5a2820ffb18:192.168.69.125:38087] with ContainerStateMachine:uninitialized
2019-08-21 10:25:31,277 INFO  server.RaftServerConfigKeys (ConfUtils.java:logGet(43)) - raft.server.rpc.timeout.min = 5s (custom)
2019-08-21 10:25:31,277 INFO  server.RaftServerConfigKeys (ConfUtils.java:logGet(43)) - raft.server.rpc.timeout.max = 5200ms (custom)
2019-08-21 10:25:31,278 INFO  server.RaftServerConfigKeys (ConfUtils.java:logGet(43)) - raft.server.rpcslowness.timeout = 120s (custom)
2019-08-21 10:25:31,278 INFO  server.RaftServerConfigKeys (ConfUtils.java:logGet(43)) - raft.server.sleep.deviation.threshold = 300 (default)
2019-08-21 10:25:31,278 INFO  server.RaftServerConfigKeys (ConfUtils.java:logGet(43)) - raft.server.log.appender.install.snapshot.enabled = false (custom)
2019-08-21 10:25:31,278 INFO  impl.RaftServerImpl (ServerState.java:<init>(105)) - d929b274-4924-41b6-908a-f5a2820ffb18:group-6FF003ADE595 ConfigurationManager, init=-1: [55f62412-c2c8-4b92-80f9-2c0aa865c28e:192.168.69.125:34234, e095ffe6-3937-4878-89ac-e30ae8383dd7:192.168.69.125:41291, d929b274-4924-41b6-908a-f5a2820ffb18:192.168.69.125:38087], old=null, confs=<EMPTY_MAP>
2019-08-21 10:25:31,278 INFO  server.RaftServerConfigKeys (ConfUtils.java:logGet(43)) - raft.server.storage.dir = [/workdir/hadoop-ozone/integration-test/target/test-dir/MiniOzoneClusterImpl-95143be0-755f-4bc3-975e-a4fe9db34024/datanode-2/data/ratis] (custom)
2019-08-21 10:25:31,278 INFO  impl.RaftServerImpl (RaftServerImpl.java:<init>(93)) - 55f62412-c2c8-4b92-80f9-2c0aa865c28e: new RaftServerImpl for group-6FF003ADE595:[55f62412-c2c8-4b92-80f9-2c0aa865c28e:192.168.69.125:34234, e095ffe6-3937-4878-89ac-e30ae8383dd7:192.168.69.125:41291, d929b274-4924-41b6-908a-f5a2820ffb18:192.168.69.125:38087] with ContainerStateMachine:uninitialized
2019-08-21 10:25:31,278 INFO  server.RaftServerConfigKeys (ConfUtils.java:logGet(43)) - raft.server.rpc.timeout.min = 5s (custom)
2019-08-21 10:25:31,278 INFO  server.RaftServerConfigKeys (ConfUtils.java:logGet(43)) - raft.server.rpc.timeout.max = 5200ms (custom)
2019-08-21 10:25:31,278 INFO  storage.RaftStorageDirectory (RaftStorageDirectory.java:analyzeStorage(246)) - The storage directory /workdir/hadoop-ozone/integration-test/target/test-dir/MiniOzoneClusterImpl-95143be0-755f-4bc3-975e-a4fe9db34024/datanode-2/data/ratis/5dcd0414-75a5-4212-bb5a-6ff003ade595 does not exist. Creating ...
2019-08-21 10:25:31,278 INFO  server.RaftServerConfigKeys (ConfUtils.java:logGet(43)) - raft.server.rpcslowness.timeout = 120s (custom)
2019-08-21 10:25:31,279 INFO  server.RaftServerConfigKeys (ConfUtils.java:logGet(43)) - raft.server.sleep.deviation.threshold = 300 (default)
2019-08-21 10:25:31,279 INFO  server.RaftServerConfigKeys (ConfUtils.java:logGet(43)) - raft.server.log.appender.install.snapshot.enabled = false (custom)
2019-08-21 10:25:31,279 INFO  impl.RaftServerImpl (ServerState.java:<init>(105)) - 55f62412-c2c8-4b92-80f9-2c0aa865c28e:group-6FF003ADE595 ConfigurationManager, init=-1: [55f62412-c2c8-4b92-80f9-2c0aa865c28e:192.168.69.125:34234, e095ffe6-3937-4878-89ac-e30ae8383dd7:192.168.69.125:41291, d929b274-4924-41b6-908a-f5a2820ffb18:192.168.69.125:38087], old=null, confs=<EMPTY_MAP>
2019-08-21 10:25:31,279 INFO  server.RaftServerConfigKeys (ConfUtils.java:logGet(43)) - raft.server.storage.dir = [/workdir/hadoop-ozone/integration-test/target/test-dir/MiniOzoneClusterImpl-95143be0-755f-4bc3-975e-a4fe9db34024/datanode-1/data/ratis] (custom)
2019-08-21 10:25:31,279 INFO  impl.RaftServerImpl (RaftServerImpl.java:<init>(93)) - e095ffe6-3937-4878-89ac-e30ae8383dd7: new RaftServerImpl for group-6FF003ADE595:[55f62412-c2c8-4b92-80f9-2c0aa865c28e:192.168.69.125:34234, e095ffe6-3937-4878-89ac-e30ae8383dd7:192.168.69.125:41291, d929b274-4924-41b6-908a-f5a2820ffb18:192.168.69.125:38087] with ContainerStateMachine:uninitialized
2019-08-21 10:25:31,279 INFO  storage.RaftStorageDirectory (RaftStorageDirectory.java:analyzeStorage(246)) - The storage directory /workdir/hadoop-ozone/integration-test/target/test-dir/MiniOzoneClusterImpl-95143be0-755f-4bc3-975e-a4fe9db34024/datanode-1/data/ratis/5dcd0414-75a5-4212-bb5a-6ff003ade595 does not exist. Creating ...
2019-08-21 10:25:31,279 INFO  server.RaftServerConfigKeys (ConfUtils.java:logGet(43)) - raft.server.rpc.timeout.min = 5s (custom)
2019-08-21 10:25:31,280 INFO  server.RaftServerConfigKeys (ConfUtils.java:logGet(43)) - raft.server.rpc.timeout.max = 5200ms (custom)
2019-08-21 10:25:31,280 INFO  server.RaftServerConfigKeys (ConfUtils.java:logGet(43)) - raft.server.rpcslowness.timeout = 120s (custom)
2019-08-21 10:25:31,280 INFO  server.RaftServerConfigKeys (ConfUtils.java:logGet(43)) - raft.server.sleep.deviation.threshold = 300 (default)
2019-08-21 10:25:31,280 INFO  server.RaftServerConfigKeys (ConfUtils.java:logGet(43)) - raft.server.log.appender.install.snapshot.enabled = false (custom)
2019-08-21 10:25:31,280 INFO  impl.RaftServerImpl (ServerState.java:<init>(105)) - e095ffe6-3937-4878-89ac-e30ae8383dd7:group-6FF003ADE595 ConfigurationManager, init=-1: [55f62412-c2c8-4b92-80f9-2c0aa865c28e:192.168.69.125:34234, e095ffe6-3937-4878-89ac-e30ae8383dd7:192.168.69.125:41291, d929b274-4924-41b6-908a-f5a2820ffb18:192.168.69.125:38087], old=null, confs=<EMPTY_MAP>
2019-08-21 10:25:31,280 INFO  server.RaftServerConfigKeys (ConfUtils.java:logGet(43)) - raft.server.storage.dir = [/workdir/hadoop-ozone/integration-test/target/test-dir/MiniOzoneClusterImpl-95143be0-755f-4bc3-975e-a4fe9db34024/datanode-0/data/ratis] (custom)
2019-08-21 10:25:31,281 INFO  storage.RaftStorageDirectory (RaftStorageDirectory.java:analyzeStorage(246)) - The storage directory /workdir/hadoop-ozone/integration-test/target/test-dir/MiniOzoneClusterImpl-95143be0-755f-4bc3-975e-a4fe9db34024/datanode-0/data/ratis/5dcd0414-75a5-4212-bb5a-6ff003ade595 does not exist. Creating ...
2019-08-21 10:25:31,292 INFO  storage.RaftStorageDirectory (RaftStorageDirectory.java:tryLock(328)) - Lock on /workdir/hadoop-ozone/integration-test/target/test-dir/MiniOzoneClusterImpl-95143be0-755f-4bc3-975e-a4fe9db34024/datanode-1/data/ratis/5dcd0414-75a5-4212-bb5a-6ff003ade595/in_use.lock acquired by nodename 25028@pr-hdds-1942-m6xfh-241770668
2019-08-21 10:25:31,292 INFO  storage.RaftStorageDirectory (RaftStorageDirectory.java:tryLock(328)) - Lock on /workdir/hadoop-ozone/integration-test/target/test-dir/MiniOzoneClusterImpl-95143be0-755f-4bc3-975e-a4fe9db34024/datanode-2/data/ratis/5dcd0414-75a5-4212-bb5a-6ff003ade595/in_use.lock acquired by nodename 25028@pr-hdds-1942-m6xfh-241770668
2019-08-21 10:25:31,292 INFO  storage.RaftStorageDirectory (RaftStorageDirectory.java:tryLock(328)) - Lock on /workdir/hadoop-ozone/integration-test/target/test-dir/MiniOzoneClusterImpl-95143be0-755f-4bc3-975e-a4fe9db34024/datanode-0/data/ratis/5dcd0414-75a5-4212-bb5a-6ff003ade595/in_use.lock acquired by nodename 25028@pr-hdds-1942-m6xfh-241770668
2019-08-21 10:25:31,306 INFO  storage.RaftStorage (RaftStorage.java:format(72)) - Storage directory /workdir/hadoop-ozone/integration-test/target/test-dir/MiniOzoneClusterImpl-95143be0-755f-4bc3-975e-a4fe9db34024/datanode-2/data/ratis/5dcd0414-75a5-4212-bb5a-6ff003ade595 has been successfully formatted.
2019-08-21 10:25:31,306 INFO  storage.RaftStorage (RaftStorage.java:format(72)) - Storage directory /workdir/hadoop-ozone/integration-test/target/test-dir/MiniOzoneClusterImpl-95143be0-755f-4bc3-975e-a4fe9db34024/datanode-1/data/ratis/5dcd0414-75a5-4212-bb5a-6ff003ade595 has been successfully formatted.
2019-08-21 10:25:31,306 INFO  storage.RaftStorage (RaftStorage.java:format(72)) - Storage directory /workdir/hadoop-ozone/integration-test/target/test-dir/MiniOzoneClusterImpl-95143be0-755f-4bc3-975e-a4fe9db34024/datanode-0/data/ratis/5dcd0414-75a5-4212-bb5a-6ff003ade595 has been successfully formatted.
2019-08-21 10:25:31,307 INFO  ratis.ContainerStateMachine (ContainerStateMachine.java:loadSnapshot(222)) - group-6FF003ADE595: The snapshot info is null. Setting the last applied indexto:(t:0, i:~)
2019-08-21 10:25:31,307 INFO  ratis.ContainerStateMachine (ContainerStateMachine.java:loadSnapshot(222)) - group-6FF003ADE595: The snapshot info is null. Setting the last applied indexto:(t:0, i:~)
2019-08-21 10:25:31,307 INFO  ratis.ContainerStateMachine (ContainerStateMachine.java:loadSnapshot(222)) - group-6FF003ADE595: The snapshot info is null. Setting the last applied indexto:(t:0, i:~)
2019-08-21 10:25:31,307 INFO  server.RaftServerConfigKeys (ConfUtils.java:logGet(43)) - raft.server.leader.election.timeout = 120s (custom)
2019-08-21 10:25:31,307 INFO  server.RaftServerConfigKeys (ConfUtils.java:logGet(43)) - raft.server.leader.election.timeout = 120s (custom)
2019-08-21 10:25:31,307 INFO  server.RaftServerConfigKeys (ConfUtils.java:logGet(43)) - raft.server.leader.election.timeout = 120s (custom)
2019-08-21 10:25:31,307 INFO  server.RaftServerConfigKeys (ConfUtils.java:logGet(43)) - raft.server.log.use.memory = false (default)
2019-08-21 10:25:31,307 INFO  server.RaftServerConfigKeys (ConfUtils.java:logGet(43)) - raft.server.log.use.memory = false (default)
2019-08-21 10:25:31,308 INFO  server.RaftServerConfigKeys (ConfUtils.java:logGet(43)) - raft.server.log.purge.gap = 1000000000 (custom)
2019-08-21 10:25:31,307 INFO  server.RaftServerConfigKeys (ConfUtils.java:logGet(43)) - raft.server.log.use.memory = false (default)
2019-08-21 10:25:31,308 INFO  server.RaftServerConfigKeys (ConfUtils.java:logGet(43)) - raft.server.log.appender.buffer.byte-limit = 33554432 (custom)
2019-08-21 10:25:31,308 INFO  server.RaftServerConfigKeys (ConfUtils.java:logGet(43)) - raft.server.log.purge.gap = 1000000000 (custom)
2019-08-21 10:25:31,308 INFO  server.RaftServerConfigKeys (ConfUtils.java:logGet(43)) - raft.server.log.segment.size.max = 1048576 (custom)
2019-08-21 10:25:31,308 INFO  server.RaftServerConfigKeys (ConfUtils.java:logGet(43)) - raft.server.log.purge.gap = 1000000000 (custom)
2019-08-21 10:25:31,308 INFO  server.RaftServerConfigKeys (ConfUtils.java:logGet(43)) - raft.server.log.segment.cache.num.max = 2 (custom)
2019-08-21 10:25:31,308 INFO  server.RaftServerConfigKeys (ConfUtils.java:logGet(43)) - raft.server.log.appender.buffer.byte-limit = 33554432 (custom)
2019-08-21 10:25:31,309 INFO  segmented.SegmentedRaftLogWorker (SegmentedRaftLogWorker.java:<init>(172)) - new e095ffe6-3937-4878-89ac-e30ae8383dd7-SegmentedRaftLogWorker:Storage Directory /workdir/hadoop-ozone/integration-test/target/test-dir/MiniOzoneClusterImpl-95143be0-755f-4bc3-975e-a4fe9db34024/datanode-0/data/ratis/5dcd0414-75a5-4212-bb5a-6ff003ade595 for RaftStorage:Storage Directory /workdir/hadoop-ozone/integration-test/target/test-dir/MiniOzoneClusterImpl-95143be0-755f-4bc3-975e-a4fe9db34024/datanode-0/data/ratis/5dcd0414-75a5-4212-bb5a-6ff003ade595
2019-08-21 10:25:31,308 INFO  server.RaftServerConfigKeys (ConfUtils.java:logGet(43)) - raft.server.log.appender.buffer.byte-limit = 33554432 (custom)
2019-08-21 10:25:31,309 INFO  server.RaftServerConfigKeys (ConfUtils.java:logGet(43)) - raft.server.log.queue.byte-limit = 2147483647 (custom)
2019-08-21 10:25:31,309 INFO  server.RaftServerConfigKeys (ConfUtils.java:logGet(43)) - raft.server.log.segment.size.max = 1048576 (custom)
2019-08-21 10:25:31,311 INFO  server.RaftServerConfigKeys (ConfUtils.java:logGet(43)) - raft.server.log.queue.element-limit = 1024 (custom)
2019-08-21 10:25:31,311 INFO  server.RaftServerConfigKeys (ConfUtils.java:logGet(43)) - raft.server.log.segment.size.max = 1048576 (custom)
2019-08-21 10:25:31,311 INFO  server.RaftServerConfigKeys (ConfUtils.java:logGet(43)) - raft.server.log.segment.size.max = 1048576 (custom)
2019-08-21 10:25:31,311 INFO  server.RaftServerConfigKeys (ConfUtils.java:logGet(43)) - raft.server.log.segment.cache.num.max = 2 (custom)
2019-08-21 10:25:31,311 INFO  server.RaftServerConfigKeys (ConfUtils.java:logGet(43)) - raft.server.log.preallocated.size = 16384 (custom)
2019-08-21 10:25:31,311 INFO  server.RaftServerConfigKeys (ConfUtils.java:logGet(43)) - raft.server.log.segment.cache.num.max = 2 (custom)
2019-08-21 10:25:31,311 INFO  server.RaftServerConfigKeys (ConfUtils.java:logGet(43)) - raft.server.log.write.buffer.size = 33554432 (custom)
2019-08-21 10:25:31,311 INFO  segmented.SegmentedRaftLogWorker (SegmentedRaftLogWorker.java:<init>(172)) - new 55f62412-c2c8-4b92-80f9-2c0aa865c28e-SegmentedRaftLogWorker:Storage Directory /workdir/hadoop-ozone/integration-test/target/test-dir/MiniOzoneClusterImpl-95143be0-755f-4bc3-975e-a4fe9db34024/datanode-1/data/ratis/5dcd0414-75a5-4212-bb5a-6ff003ade595 for RaftStorage:Storage Directory /workdir/hadoop-ozone/integration-test/target/test-dir/MiniOzoneClusterImpl-95143be0-755f-4bc3-975e-a4fe9db34024/datanode-1/data/ratis/5dcd0414-75a5-4212-bb5a-6ff003ade595
2019-08-21 10:25:31,312 INFO  server.RaftServerConfigKeys (ConfUtils.java:logGet(43)) - raft.server.log.force.sync.num = 128 (default)
2019-08-21 10:25:31,312 INFO  segmented.SegmentedRaftLogWorker (SegmentedRaftLogWorker.java:<init>(172)) - new d929b274-4924-41b6-908a-f5a2820ffb18-SegmentedRaftLogWorker:Storage Directory /workdir/hadoop-ozone/integration-test/target/test-dir/MiniOzoneClusterImpl-95143be0-755f-4bc3-975e-a4fe9db34024/datanode-2/data/ratis/5dcd0414-75a5-4212-bb5a-6ff003ade595 for RaftStorage:Storage Directory /workdir/hadoop-ozone/integration-test/target/test-dir/MiniOzoneClusterImpl-95143be0-755f-4bc3-975e-a4fe9db34024/datanode-2/data/ratis/5dcd0414-75a5-4212-bb5a-6ff003ade595
2019-08-21 10:25:31,312 INFO  server.RaftServerConfigKeys (ConfUtils.java:logGet(43)) - raft.server.log.statemachine.data.sync = true (default)
2019-08-21 10:25:31,312 INFO  server.RaftServerConfigKeys (ConfUtils.java:logGet(43)) - raft.server.log.queue.byte-limit = 2147483647 (custom)
2019-08-21 10:25:31,315 INFO  server.RaftServerConfigKeys (ConfUtils.java:logGet(43)) - raft.server.log.statemachine.data.sync.timeout = 10s (default)
2019-08-21 10:25:31,314 INFO  server.RaftServerConfigKeys (ConfUtils.java:logGet(43)) - raft.server.log.queue.byte-limit = 2147483647 (custom)
2019-08-21 10:25:31,316 INFO  server.RaftServerConfigKeys (ConfUtils.java:logGet(43)) - raft.server.log.statemachine.data.sync.timeout.retry = -1 (default)
2019-08-21 10:25:31,316 INFO  server.RaftServerConfigKeys (ConfUtils.java:logGet(43)) - raft.server.log.queue.element-limit = 1024 (custom)
2019-08-21 10:25:31,316 INFO  server.RaftServerConfigKeys (ConfUtils.java:logGet(43)) - raft.server.log.queue.element-limit = 1024 (custom)
2019-08-21 10:25:31,316 INFO  server.RaftServerConfigKeys (ConfUtils.java:logGet(43)) - raft.server.log.segment.size.max = 1048576 (custom)
2019-08-21 10:25:31,316 INFO  server.RaftServerConfigKeys (ConfUtils.java:logGet(43)) - raft.server.log.statemachine.data.caching.enabled = true (custom)
2019-08-21 10:25:31,317 INFO  server.RaftServerConfigKeys (ConfUtils.java:logGet(43)) - raft.server.log.preallocated.size = 16384 (custom)
2019-08-21 10:25:31,316 INFO  server.RaftServerConfigKeys (ConfUtils.java:logGet(43)) - raft.server.log.segment.size.max = 1048576 (custom)
2019-08-21 10:25:31,317 INFO  server.RaftServerConfigKeys (ConfUtils.java:logGet(43)) - raft.server.log.write.buffer.size = 33554432 (custom)
2019-08-21 10:25:31,317 INFO  segmented.SegmentedRaftLogWorker (SegmentedRaftLogWorker.java:lambda$new$0(132)) - e095ffe6-3937-4878-89ac-e30ae8383dd7-SegmentedRaftLogWorker:Storage Directory /workdir/hadoop-ozone/integration-test/target/test-dir/MiniOzoneClusterImpl-95143be0-755f-4bc3-975e-a4fe9db34024/datanode-0/data/ratis/5dcd0414-75a5-4212-bb5a-6ff003ade595: flushIndex: setUnconditionally 0 -> -1
2019-08-21 10:25:31,317 INFO  server.RaftServerConfigKeys (ConfUtils.java:logGet(43)) - raft.server.log.preallocated.size = 16384 (custom)
2019-08-21 10:25:31,317 INFO  server.RaftServerConfigKeys (ConfUtils.java:logGet(43)) - raft.server.log.force.sync.num = 128 (default)
2019-08-21 10:25:31,317 INFO  server.RaftServerConfigKeys (ConfUtils.java:logGet(43)) - raft.server.log.write.buffer.size = 33554432 (custom)
2019-08-21 10:25:31,318 INFO  server.RaftServerConfigKeys (ConfUtils.java:logGet(43)) - raft.server.log.statemachine.data.sync = true (default)
2019-08-21 10:25:31,318 INFO  server.RaftServerConfigKeys (ConfUtils.java:logGet(43)) - raft.server.snapshot.auto.trigger.enabled = true (custom)
2019-08-21 10:25:31,318 INFO  server.RaftServerConfigKeys (ConfUtils.java:logGet(43)) - raft.server.log.statemachine.data.sync.timeout = 10s (default)
2019-08-21 10:25:31,318 INFO  server.RaftServerConfigKeys (ConfUtils.java:logGet(43)) - raft.server.log.force.sync.num = 128 (default)
2019-08-21 10:25:31,318 INFO  server.RaftServerConfigKeys (ConfUtils.java:logGet(43)) - raft.server.log.statemachine.data.sync.timeout.retry = -1 (default)
2019-08-21 10:25:31,318 INFO  server.RaftServerConfigKeys (ConfUtils.java:logGet(43)) - raft.server.snapshot.auto.trigger.threshold = 10000 (custom)
2019-08-21 10:25:31,318 INFO  server.RaftServerConfigKeys (ConfUtils.java:logGet(43)) - raft.server.log.statemachine.data.caching.enabled = true (custom)
2019-08-21 10:25:31,318 INFO  server.RaftServerConfigKeys (ConfUtils.java:logGet(43)) - raft.server.log.statemachine.data.sync = true (default)
2019-08-21 10:25:31,319 INFO  server.RaftServerConfigKeys (ConfUtils.java:logGet(43)) - raft.server.retrycache.expirytime = 600000ms (custom)
2019-08-21 10:25:31,319 INFO  segmented.SegmentedRaftLogWorker (SegmentedRaftLogWorker.java:lambda$new$0(132)) - 55f62412-c2c8-4b92-80f9-2c0aa865c28e-SegmentedRaftLogWorker:Storage Directory /workdir/hadoop-ozone/integration-test/target/test-dir/MiniOzoneClusterImpl-95143be0-755f-4bc3-975e-a4fe9db34024/datanode-1/data/ratis/5dcd0414-75a5-4212-bb5a-6ff003ade595: flushIndex: setUnconditionally 0 -> -1
2019-08-21 10:25:31,319 INFO  server.RaftServerConfigKeys (ConfUtils.java:logGet(43)) - raft.server.log.statemachine.data.sync.timeout = 10s (default)
2019-08-21 10:25:31,319 INFO  impl.RaftServerImpl (RaftServerImpl.java:start(180)) - e095ffe6-3937-4878-89ac-e30ae8383dd7: start group-6FF003ADE595
2019-08-21 10:25:31,319 INFO  server.RaftServerConfigKeys (ConfUtils.java:logGet(43)) - raft.server.snapshot.auto.trigger.enabled = true (custom)
2019-08-21 10:25:31,319 INFO  server.RaftServerConfigKeys (ConfUtils.java:logGet(43)) - raft.server.log.statemachine.data.sync.timeout.retry = -1 (default)
2019-08-21 10:25:31,319 INFO  server.RaftServerConfigKeys (ConfUtils.java:logGet(43)) - raft.server.snapshot.auto.trigger.threshold = 10000 (custom)
2019-08-21 10:25:31,319 INFO  impl.RaftServerImpl (RaftServerImpl.java:setRole(171)) - e095ffe6-3937-4878-89ac-e30ae8383dd7:group-6FF003ADE595 changes role from null to FOLLOWER at term 0 for startAsFollower
2019-08-21 10:25:31,319 INFO  server.RaftServerConfigKeys (ConfUtils.java:logGet(43)) - raft.server.retrycache.expirytime = 600000ms (custom)
2019-08-21 10:25:31,319 INFO  server.RaftServerConfigKeys (ConfUtils.java:logGet(43)) - raft.server.log.statemachine.data.caching.enabled = true (custom)
2019-08-21 10:25:31,320 INFO  impl.RaftServerImpl (RaftServerImpl.java:start(180)) - 55f62412-c2c8-4b92-80f9-2c0aa865c28e: start group-6FF003ADE595
2019-08-21 10:25:31,320 INFO  impl.RoleInfo (RoleInfo.java:updateAndGet(143)) - e095ffe6-3937-4878-89ac-e30ae8383dd7: start FollowerState
2019-08-21 10:25:31,320 INFO  impl.RaftServerImpl (RaftServerImpl.java:setRole(171)) - 55f62412-c2c8-4b92-80f9-2c0aa865c28e:group-6FF003ADE595 changes role from null to FOLLOWER at term 0 for startAsFollower
2019-08-21 10:25:31,320 INFO  segmented.SegmentedRaftLogWorker (SegmentedRaftLogWorker.java:lambda$new$0(132)) - d929b274-4924-41b6-908a-f5a2820ffb18-SegmentedRaftLogWorker:Storage Directory /workdir/hadoop-ozone/integration-test/target/test-dir/MiniOzoneClusterImpl-95143be0-755f-4bc3-975e-a4fe9db34024/datanode-2/data/ratis/5dcd0414-75a5-4212-bb5a-6ff003ade595: flushIndex: setUnconditionally 0 -> -1
2019-08-21 10:25:31,320 INFO  util.JmxRegister (JmxRegister.java:tryRegister(44)) - Successfully registered JMX Bean with object name Ratis:service=RaftServer,group=group-6FF003ADE595,id=e095ffe6-3937-4878-89ac-e30ae8383dd7
2019-08-21 10:25:31,320 INFO  impl.RoleInfo (RoleInfo.java:updateAndGet(143)) - 55f62412-c2c8-4b92-80f9-2c0aa865c28e: start FollowerState
2019-08-21 10:25:31,320 INFO  server.RaftServerConfigKeys (ConfUtils.java:logGet(43)) - raft.server.snapshot.auto.trigger.enabled = true (custom)
2019-08-21 10:25:31,321 INFO  server.RaftServerConfigKeys (ConfUtils.java:logGet(43)) - raft.server.snapshot.auto.trigger.threshold = 10000 (custom)
2019-08-21 10:25:31,321 INFO  server.RaftServerConfigKeys (ConfUtils.java:logGet(43)) - raft.server.retrycache.expirytime = 600000ms (custom)
2019-08-21 10:25:31,321 INFO  impl.RaftServerImpl (RaftServerImpl.java:start(180)) - d929b274-4924-41b6-908a-f5a2820ffb18: start group-6FF003ADE595
2019-08-21 10:25:31,321 INFO  impl.RaftServerImpl (RaftServerImpl.java:setRole(171)) - d929b274-4924-41b6-908a-f5a2820ffb18:group-6FF003ADE595 changes role from null to FOLLOWER at term 0 for startAsFollower
2019-08-21 10:25:31,321 INFO  util.JmxRegister (JmxRegister.java:tryRegister(44)) - Successfully registered JMX Bean with object name Ratis:service=RaftServer,group=group-6FF003ADE595,id=55f62412-c2c8-4b92-80f9-2c0aa865c28e
2019-08-21 10:25:31,321 INFO  impl.RoleInfo (RoleInfo.java:updateAndGet(143)) - d929b274-4924-41b6-908a-f5a2820ffb18: start FollowerState
2019-08-21 10:25:31,322 INFO  util.JmxRegister (JmxRegister.java:tryRegister(44)) - Successfully registered JMX Bean with object name Ratis:service=RaftServer,group=group-6FF003ADE595,id=d929b274-4924-41b6-908a-f5a2820ffb18
2019-08-21 10:25:31,339 INFO  pipeline.PipelineStateManager (PipelineStateManager.java:addPipeline(56)) - Created pipeline Pipeline[ Id: 5dcd0414-75a5-4212-bb5a-6ff003ade595, Nodes: d929b274-4924-41b6-908a-f5a2820ffb18{ip: 192.168.69.125, host: pr-hdds-1942-m6xfh-241770668, networkLocation: /default-rack, certSerialId: null}e095ffe6-3937-4878-89ac-e30ae8383dd7{ip: 192.168.69.125, host: pr-hdds-1942-m6xfh-241770668, networkLocation: /default-rack, certSerialId: null}55f62412-c2c8-4b92-80f9-2c0aa865c28e{ip: 192.168.69.125, host: pr-hdds-1942-m6xfh-241770668, networkLocation: /default-rack, certSerialId: null}, Type:RATIS, Factor:THREE, State:OPEN]
2019-08-21 10:25:31,369 INFO  impl.RaftServerProxy (RaftServerProxy.java:addNew(89)) - ce345902-92fa-4d2c-9453-44767017310b: addNew group-FF42CFC15E38:[9b36faad-3033-48d3-adf8-4e1a4c45d42a:192.168.69.125:33349, ce345902-92fa-4d2c-9453-44767017310b:192.168.69.125:44090, 699643f3-5e28-4e25-b20c-8665c7439d94:192.168.69.125:37679] returns group-FF42CFC15E38:java.util.concurrent.CompletableFuture@533cdf5b[Not completed]
2019-08-21 10:25:31,370 INFO  impl.RaftServerProxy (RaftServerProxy.java:addNew(89)) - 9b36faad-3033-48d3-adf8-4e1a4c45d42a: addNew group-FF42CFC15E38:[9b36faad-3033-48d3-adf8-4e1a4c45d42a:192.168.69.125:33349, ce345902-92fa-4d2c-9453-44767017310b:192.168.69.125:44090, 699643f3-5e28-4e25-b20c-8665c7439d94:192.168.69.125:37679] returns group-FF42CFC15E38:java.util.concurrent.CompletableFuture@7854c42a[Not completed]
2019-08-21 10:25:31,370 INFO  impl.RaftServerProxy (RaftServerProxy.java:addNew(89)) - 699643f3-5e28-4e25-b20c-8665c7439d94: addNew group-FF42CFC15E38:[9b36faad-3033-48d3-adf8-4e1a4c45d42a:192.168.69.125:33349, ce345902-92fa-4d2c-9453-44767017310b:192.168.69.125:44090, 699643f3-5e28-4e25-b20c-8665c7439d94:192.168.69.125:37679] returns group-FF42CFC15E38:java.util.concurrent.CompletableFuture@39c8b63a[Not completed]
2019-08-21 10:25:31,373 INFO  impl.RaftServerImpl (RaftServerImpl.java:<init>(93)) - ce345902-92fa-4d2c-9453-44767017310b: new RaftServerImpl for group-FF42CFC15E38:[9b36faad-3033-48d3-adf8-4e1a4c45d42a:192.168.69.125:33349, ce345902-92fa-4d2c-9453-44767017310b:192.168.69.125:44090, 699643f3-5e28-4e25-b20c-8665c7439d94:192.168.69.125:37679] with ContainerStateMachine:uninitialized
2019-08-21 10:25:31,373 INFO  server.RaftServerConfigKeys (ConfUtils.java:logGet(43)) - raft.server.rpc.timeout.min = 5s (custom)
2019-08-21 10:25:31,373 INFO  server.RaftServerConfigKeys (ConfUtils.java:logGet(43)) - raft.server.rpc.timeout.max = 5200ms (custom)
2019-08-21 10:25:31,373 INFO  server.RaftServerConfigKeys (ConfUtils.java:logGet(43)) - raft.server.rpcslowness.timeout = 120s (custom)
2019-08-21 10:25:31,373 INFO  server.RaftServerConfigKeys (ConfUtils.java:logGet(43)) - raft.server.sleep.deviation.threshold = 300 (default)
2019-08-21 10:25:31,373 INFO  server.RaftServerConfigKeys (ConfUtils.java:logGet(43)) - raft.server.log.appender.install.snapshot.enabled = false (custom)
2019-08-21 10:25:31,373 INFO  impl.RaftServerImpl (ServerState.java:<init>(105)) - ce345902-92fa-4d2c-9453-44767017310b:group-FF42CFC15E38 ConfigurationManager, init=-1: [9b36faad-3033-48d3-adf8-4e1a4c45d42a:192.168.69.125:33349, ce345902-92fa-4d2c-9453-44767017310b:192.168.69.125:44090, 699643f3-5e28-4e25-b20c-8665c7439d94:192.168.69.125:37679], old=null, confs=<EMPTY_MAP>
2019-08-21 10:25:31,374 INFO  server.RaftServerConfigKeys (ConfUtils.java:logGet(43)) - raft.server.storage.dir = [/workdir/hadoop-ozone/integration-test/target/test-dir/MiniOzoneClusterImpl-95143be0-755f-4bc3-975e-a4fe9db34024/datanode-5/data/ratis] (custom)
2019-08-21 10:25:31,374 INFO  storage.RaftStorageDirectory (RaftStorageDirectory.java:analyzeStorage(246)) - The storage directory /workdir/hadoop-ozone/integration-test/target/test-dir/MiniOzoneClusterImpl-95143be0-755f-4bc3-975e-a4fe9db34024/datanode-5/data/ratis/1c02ea4f-5677-4954-ad44-ff42cfc15e38 does not exist. Creating ...
2019-08-21 10:25:31,374 INFO  impl.RaftServerImpl (RaftServerImpl.java:<init>(93)) - 699643f3-5e28-4e25-b20c-8665c7439d94: new RaftServerImpl for group-FF42CFC15E38:[9b36faad-3033-48d3-adf8-4e1a4c45d42a:192.168.69.125:33349, ce345902-92fa-4d2c-9453-44767017310b:192.168.69.125:44090, 699643f3-5e28-4e25-b20c-8665c7439d94:192.168.69.125:37679] with ContainerStateMachine:uninitialized
2019-08-21 10:25:31,374 INFO  server.RaftServerConfigKeys (ConfUtils.java:logGet(43)) - raft.server.rpc.timeout.min = 5s (custom)
2019-08-21 10:25:31,375 INFO  server.RaftServerConfigKeys (ConfUtils.java:logGet(43)) - raft.server.rpc.timeout.max = 5200ms (custom)
2019-08-21 10:25:31,375 INFO  server.RaftServerConfigKeys (ConfUtils.java:logGet(43)) - raft.server.rpcslowness.timeout = 120s (custom)
2019-08-21 10:25:31,375 INFO  server.RaftServerConfigKeys (ConfUtils.java:logGet(43)) - raft.server.sleep.deviation.threshold = 300 (default)
2019-08-21 10:25:31,375 INFO  server.RaftServerConfigKeys (ConfUtils.java:logGet(43)) - raft.server.log.appender.install.snapshot.enabled = false (custom)
2019-08-21 10:25:31,375 INFO  impl.RaftServerImpl (RaftServerImpl.java:<init>(93)) - 9b36faad-3033-48d3-adf8-4e1a4c45d42a: new RaftServerImpl for group-FF42CFC15E38:[9b36faad-3033-48d3-adf8-4e1a4c45d42a:192.168.69.125:33349, ce345902-92fa-4d2c-9453-44767017310b:192.168.69.125:44090, 699643f3-5e28-4e25-b20c-8665c7439d94:192.168.69.125:37679] with ContainerStateMachine:uninitialized
2019-08-21 10:25:31,375 INFO  impl.RaftServerImpl (ServerState.java:<init>(105)) - 699643f3-5e28-4e25-b20c-8665c7439d94:group-FF42CFC15E38 ConfigurationManager, init=-1: [9b36faad-3033-48d3-adf8-4e1a4c45d42a:192.168.69.125:33349, ce345902-92fa-4d2c-9453-44767017310b:192.168.69.125:44090, 699643f3-5e28-4e25-b20c-8665c7439d94:192.168.69.125:37679], old=null, confs=<EMPTY_MAP>
2019-08-21 10:25:31,375 INFO  server.RaftServerConfigKeys (ConfUtils.java:logGet(43)) - raft.server.rpc.timeout.min = 5s (custom)
2019-08-21 10:25:31,376 INFO  server.RaftServerConfigKeys (ConfUtils.java:logGet(43)) - raft.server.storage.dir = [/workdir/hadoop-ozone/integration-test/target/test-dir/MiniOzoneClusterImpl-95143be0-755f-4bc3-975e-a4fe9db34024/datanode-4/data/ratis] (custom)
2019-08-21 10:25:31,376 INFO  server.RaftServerConfigKeys (ConfUtils.java:logGet(43)) - raft.server.rpc.timeout.max = 5200ms (custom)
2019-08-21 10:25:31,376 INFO  server.RaftServerConfigKeys (ConfUtils.java:logGet(43)) - raft.server.rpcslowness.timeout = 120s (custom)
2019-08-21 10:25:31,376 INFO  server.RaftServerConfigKeys (ConfUtils.java:logGet(43)) - raft.server.sleep.deviation.threshold = 300 (default)
2019-08-21 10:25:31,376 INFO  storage.RaftStorageDirectory (RaftStorageDirectory.java:analyzeStorage(246)) - The storage directory /workdir/hadoop-ozone/integration-test/target/test-dir/MiniOzoneClusterImpl-95143be0-755f-4bc3-975e-a4fe9db34024/datanode-4/data/ratis/1c02ea4f-5677-4954-ad44-ff42cfc15e38 does not exist. Creating ...
2019-08-21 10:25:31,376 INFO  server.RaftServerConfigKeys (ConfUtils.java:logGet(43)) - raft.server.log.appender.install.snapshot.enabled = false (custom)
2019-08-21 10:25:31,376 INFO  impl.RaftServerImpl (ServerState.java:<init>(105)) - 9b36faad-3033-48d3-adf8-4e1a4c45d42a:group-FF42CFC15E38 ConfigurationManager, init=-1: [9b36faad-3033-48d3-adf8-4e1a4c45d42a:192.168.69.125:33349, ce345902-92fa-4d2c-9453-44767017310b:192.168.69.125:44090, 699643f3-5e28-4e25-b20c-8665c7439d94:192.168.69.125:37679], old=null, confs=<EMPTY_MAP>
2019-08-21 10:25:31,377 INFO  server.RaftServerConfigKeys (ConfUtils.java:logGet(43)) - raft.server.storage.dir = [/workdir/hadoop-ozone/integration-test/target/test-dir/MiniOzoneClusterImpl-95143be0-755f-4bc3-975e-a4fe9db34024/datanode-3/data/ratis] (custom)
2019-08-21 10:25:31,377 INFO  storage.RaftStorageDirectory (RaftStorageDirectory.java:analyzeStorage(246)) - The storage directory /workdir/hadoop-ozone/integration-test/target/test-dir/MiniOzoneClusterImpl-95143be0-755f-4bc3-975e-a4fe9db34024/datanode-3/data/ratis/1c02ea4f-5677-4954-ad44-ff42cfc15e38 does not exist. Creating ...
2019-08-21 10:25:31,388 INFO  storage.RaftStorageDirectory (RaftStorageDirectory.java:tryLock(328)) - Lock on /workdir/hadoop-ozone/integration-test/target/test-dir/MiniOzoneClusterImpl-95143be0-755f-4bc3-975e-a4fe9db34024/datanode-4/data/ratis/1c02ea4f-5677-4954-ad44-ff42cfc15e38/in_use.lock acquired by nodename 25028@pr-hdds-1942-m6xfh-241770668
2019-08-21 10:25:31,388 INFO  storage.RaftStorageDirectory (RaftStorageDirectory.java:tryLock(328)) - Lock on /workdir/hadoop-ozone/integration-test/target/test-dir/MiniOzoneClusterImpl-95143be0-755f-4bc3-975e-a4fe9db34024/datanode-5/data/ratis/1c02ea4f-5677-4954-ad44-ff42cfc15e38/in_use.lock acquired by nodename 25028@pr-hdds-1942-m6xfh-241770668
2019-08-21 10:25:31,388 INFO  storage.RaftStorageDirectory (RaftStorageDirectory.java:tryLock(328)) - Lock on /workdir/hadoop-ozone/integration-test/target/test-dir/MiniOzoneClusterImpl-95143be0-755f-4bc3-975e-a4fe9db34024/datanode-3/data/ratis/1c02ea4f-5677-4954-ad44-ff42cfc15e38/in_use.lock acquired by nodename 25028@pr-hdds-1942-m6xfh-241770668
2019-08-21 10:25:31,401 INFO  storage.RaftStorage (RaftStorage.java:format(72)) - Storage directory /workdir/hadoop-ozone/integration-test/target/test-dir/MiniOzoneClusterImpl-95143be0-755f-4bc3-975e-a4fe9db34024/datanode-5/data/ratis/1c02ea4f-5677-4954-ad44-ff42cfc15e38 has been successfully formatted.
2019-08-21 10:25:31,401 INFO  storage.RaftStorage (RaftStorage.java:format(72)) - Storage directory /workdir/hadoop-ozone/integration-test/target/test-dir/MiniOzoneClusterImpl-95143be0-755f-4bc3-975e-a4fe9db34024/datanode-4/data/ratis/1c02ea4f-5677-4954-ad44-ff42cfc15e38 has been successfully formatted.
2019-08-21 10:25:31,401 INFO  storage.RaftStorage (RaftStorage.java:format(72)) - Storage directory /workdir/hadoop-ozone/integration-test/target/test-dir/MiniOzoneClusterImpl-95143be0-755f-4bc3-975e-a4fe9db34024/datanode-3/data/ratis/1c02ea4f-5677-4954-ad44-ff42cfc15e38 has been successfully formatted.
2019-08-21 10:25:31,402 INFO  ratis.ContainerStateMachine (ContainerStateMachine.java:loadSnapshot(222)) - group-FF42CFC15E38: The snapshot info is null. Setting the last applied indexto:(t:0, i:~)
2019-08-21 10:25:31,402 INFO  ratis.ContainerStateMachine (ContainerStateMachine.java:loadSnapshot(222)) - group-FF42CFC15E38: The snapshot info is null. Setting the last applied indexto:(t:0, i:~)
2019-08-21 10:25:31,402 INFO  ratis.ContainerStateMachine (ContainerStateMachine.java:loadSnapshot(222)) - group-FF42CFC15E38: The snapshot info is null. Setting the last applied indexto:(t:0, i:~)
2019-08-21 10:25:31,402 INFO  server.RaftServerConfigKeys (ConfUtils.java:logGet(43)) - raft.server.leader.election.timeout = 120s (custom)
2019-08-21 10:25:31,402 INFO  server.RaftServerConfigKeys (ConfUtils.java:logGet(43)) - raft.server.leader.election.timeout = 120s (custom)
2019-08-21 10:25:31,402 INFO  server.RaftServerConfigKeys (ConfUtils.java:logGet(43)) - raft.server.leader.election.timeout = 120s (custom)
2019-08-21 10:25:31,402 INFO  server.RaftServerConfigKeys (ConfUtils.java:logGet(43)) - raft.server.log.use.memory = false (default)
2019-08-21 10:25:31,402 INFO  server.RaftServerConfigKeys (ConfUtils.java:logGet(43)) - raft.server.log.use.memory = false (default)
2019-08-21 10:25:31,403 INFO  server.RaftServerConfigKeys (ConfUtils.java:logGet(43)) - raft.server.log.purge.gap = 1000000000 (custom)
2019-08-21 10:25:31,402 INFO  server.RaftServerConfigKeys (ConfUtils.java:logGet(43)) - raft.server.log.use.memory = false (default)
2019-08-21 10:25:31,403 INFO  server.RaftServerConfigKeys (ConfUtils.java:logGet(43)) - raft.server.log.appender.buffer.byte-limit = 33554432 (custom)
2019-08-21 10:25:31,403 INFO  server.RaftServerConfigKeys (ConfUtils.java:logGet(43)) - raft.server.log.purge.gap = 1000000000 (custom)
2019-08-21 10:25:31,403 INFO  server.RaftServerConfigKeys (ConfUtils.java:logGet(43)) - raft.server.log.segment.size.max = 1048576 (custom)
2019-08-21 10:25:31,403 INFO  server.RaftServerConfigKeys (ConfUtils.java:logGet(43)) - raft.server.log.purge.gap = 1000000000 (custom)
2019-08-21 10:25:31,403 INFO  server.RaftServerConfigKeys (ConfUtils.java:logGet(43)) - raft.server.log.segment.cache.num.max = 2 (custom)
2019-08-21 10:25:31,403 INFO  server.RaftServerConfigKeys (ConfUtils.java:logGet(43)) - raft.server.log.appender.buffer.byte-limit = 33554432 (custom)
2019-08-21 10:25:31,404 INFO  segmented.SegmentedRaftLogWorker (SegmentedRaftLogWorker.java:<init>(172)) - new 9b36faad-3033-48d3-adf8-4e1a4c45d42a-SegmentedRaftLogWorker:Storage Directory /workdir/hadoop-ozone/integration-test/target/test-dir/MiniOzoneClusterImpl-95143be0-755f-4bc3-975e-a4fe9db34024/datanode-3/data/ratis/1c02ea4f-5677-4954-ad44-ff42cfc15e38 for RaftStorage:Storage Directory /workdir/hadoop-ozone/integration-test/target/test-dir/MiniOzoneClusterImpl-95143be0-755f-4bc3-975e-a4fe9db34024/datanode-3/data/ratis/1c02ea4f-5677-4954-ad44-ff42cfc15e38
2019-08-21 10:25:31,403 INFO  server.RaftServerConfigKeys (ConfUtils.java:logGet(43)) - raft.server.log.appender.buffer.byte-limit = 33554432 (custom)
2019-08-21 10:25:31,404 INFO  server.RaftServerConfigKeys (ConfUtils.java:logGet(43)) - raft.server.log.queue.byte-limit = 2147483647 (custom)
2019-08-21 10:25:31,406 INFO  server.RaftServerConfigKeys (ConfUtils.java:logGet(43)) - raft.server.log.segment.size.max = 1048576 (custom)
2019-08-21 10:25:31,404 INFO  server.RaftServerConfigKeys (ConfUtils.java:logGet(43)) - raft.server.log.segment.size.max = 1048576 (custom)
2019-08-21 10:25:31,406 INFO  server.RaftServerConfigKeys (ConfUtils.java:logGet(43)) - raft.server.log.segment.cache.num.max = 2 (custom)
2019-08-21 10:25:31,406 INFO  server.RaftServerConfigKeys (ConfUtils.java:logGet(43)) - raft.server.log.queue.element-limit = 1024 (custom)
2019-08-21 10:25:31,406 INFO  segmented.SegmentedRaftLogWorker (SegmentedRaftLogWorker.java:<init>(172)) - new ce345902-92fa-4d2c-9453-44767017310b-SegmentedRaftLogWorker:Storage Directory /workdir/hadoop-ozone/integration-test/target/test-dir/MiniOzoneClusterImpl-95143be0-755f-4bc3-975e-a4fe9db34024/datanode-5/data/ratis/1c02ea4f-5677-4954-ad44-ff42cfc15e38 for RaftStorage:Storage Directory /workdir/hadoop-ozone/integration-test/target/test-dir/MiniOzoneClusterImpl-95143be0-755f-4bc3-975e-a4fe9db34024/datanode-5/data/ratis/1c02ea4f-5677-4954-ad44-ff42cfc15e38
2019-08-21 10:25:31,406 INFO  server.RaftServerConfigKeys (ConfUtils.java:logGet(43)) - raft.server.log.segment.cache.num.max = 2 (custom)
2019-08-21 10:25:31,407 INFO  server.RaftServerConfigKeys (ConfUtils.java:logGet(43)) - raft.server.log.queue.byte-limit = 2147483647 (custom)
2019-08-21 10:25:31,407 INFO  server.RaftServerConfigKeys (ConfUtils.java:logGet(43)) - raft.server.log.segment.size.max = 1048576 (custom)
2019-08-21 10:25:31,408 INFO  server.RaftServerConfigKeys (ConfUtils.java:logGet(43)) - raft.server.log.queue.element-limit = 1024 (custom)
2019-08-21 10:25:31,407 INFO  segmented.SegmentedRaftLogWorker (SegmentedRaftLogWorker.java:<init>(172)) - new 699643f3-5e28-4e25-b20c-8665c7439d94-SegmentedRaftLogWorker:Storage Directory /workdir/hadoop-ozone/integration-test/target/test-dir/MiniOzoneClusterImpl-95143be0-755f-4bc3-975e-a4fe9db34024/datanode-4/data/ratis/1c02ea4f-5677-4954-ad44-ff42cfc15e38 for RaftStorage:Storage Directory /workdir/hadoop-ozone/integration-test/target/test-dir/MiniOzoneClusterImpl-95143be0-755f-4bc3-975e-a4fe9db34024/datanode-4/data/ratis/1c02ea4f-5677-4954-ad44-ff42cfc15e38
2019-08-21 10:25:31,408 INFO  server.RaftServerConfigKeys (ConfUtils.java:logGet(43)) - raft.server.log.segment.size.max = 1048576 (custom)
2019-08-21 10:25:31,408 INFO  server.RaftServerConfigKeys (ConfUtils.java:logGet(43)) - raft.server.log.preallocated.size = 16384 (custom)
2019-08-21 10:25:31,408 INFO  server.RaftServerConfigKeys (ConfUtils.java:logGet(43)) - raft.server.log.preallocated.size = 16384 (custom)
2019-08-21 10:25:31,408 INFO  server.RaftServerConfigKeys (ConfUtils.java:logGet(43)) - raft.server.log.queue.byte-limit = 2147483647 (custom)
2019-08-21 10:25:31,410 INFO  server.RaftServerConfigKeys (ConfUtils.java:logGet(43)) - raft.server.log.write.buffer.size = 33554432 (custom)
2019-08-21 10:25:31,410 INFO  server.RaftServerConfigKeys (ConfUtils.java:logGet(43)) - raft.server.log.write.buffer.size = 33554432 (custom)
2019-08-21 10:25:31,411 INFO  server.RaftServerConfigKeys (ConfUtils.java:logGet(43)) - raft.server.log.force.sync.num = 128 (default)
2019-08-21 10:25:31,410 INFO  server.RaftServerConfigKeys (ConfUtils.java:logGet(43)) - raft.server.log.queue.element-limit = 1024 (custom)
2019-08-21 10:25:31,411 INFO  server.RaftServerConfigKeys (ConfUtils.java:logGet(43)) - raft.server.log.statemachine.data.sync = true (default)
2019-08-21 10:25:31,411 INFO  server.RaftServerConfigKeys (ConfUtils.java:logGet(43)) - raft.server.log.force.sync.num = 128 (default)
2019-08-21 10:25:31,411 INFO  server.RaftServerConfigKeys (ConfUtils.java:logGet(43)) - raft.server.log.statemachine.data.sync.timeout = 10s (default)
2019-08-21 10:25:31,411 INFO  server.RaftServerConfigKeys (ConfUtils.java:logGet(43)) - raft.server.log.segment.size.max = 1048576 (custom)
2019-08-21 10:25:31,411 INFO  server.RaftServerConfigKeys (ConfUtils.java:logGet(43)) - raft.server.log.statemachine.data.sync.timeout.retry = -1 (default)
2019-08-21 10:25:31,411 INFO  server.RaftServerConfigKeys (ConfUtils.java:logGet(43)) - raft.server.log.statemachine.data.sync = true (default)
2019-08-21 10:25:31,412 INFO  server.RaftServerConfigKeys (ConfUtils.java:logGet(43)) - raft.server.log.statemachine.data.caching.enabled = true (custom)
2019-08-21 10:25:31,412 INFO  server.RaftServerConfigKeys (ConfUtils.java:logGet(43)) - raft.server.log.preallocated.size = 16384 (custom)
2019-08-21 10:25:31,412 INFO  server.RaftServerConfigKeys (ConfUtils.java:logGet(43)) - raft.server.log.statemachine.data.sync.timeout = 10s (default)
2019-08-21 10:25:31,412 INFO  segmented.SegmentedRaftLogWorker (SegmentedRaftLogWorker.java:lambda$new$0(132)) - ce345902-92fa-4d2c-9453-44767017310b-SegmentedRaftLogWorker:Storage Directory /workdir/hadoop-ozone/integration-test/target/test-dir/MiniOzoneClusterImpl-95143be0-755f-4bc3-975e-a4fe9db34024/datanode-5/data/ratis/1c02ea4f-5677-4954-ad44-ff42cfc15e38: flushIndex: setUnconditionally 0 -> -1
2019-08-21 10:25:31,412 INFO  server.RaftServerConfigKeys (ConfUtils.java:logGet(43)) - raft.server.log.write.buffer.size = 33554432 (custom)
2019-08-21 10:25:31,412 INFO  server.RaftServerConfigKeys (ConfUtils.java:logGet(43)) - raft.server.log.statemachine.data.sync.timeout.retry = -1 (default)
2019-08-21 10:25:31,412 INFO  server.RaftServerConfigKeys (ConfUtils.java:logGet(43)) - raft.server.snapshot.auto.trigger.enabled = true (custom)
2019-08-21 10:25:31,413 INFO  server.RaftServerConfigKeys (ConfUtils.java:logGet(43)) - raft.server.log.statemachine.data.caching.enabled = true (custom)
2019-08-21 10:25:31,412 INFO  server.RaftServerConfigKeys (ConfUtils.java:logGet(43)) - raft.server.log.force.sync.num = 128 (default)
2019-08-21 10:25:31,413 INFO  server.RaftServerConfigKeys (ConfUtils.java:logGet(43)) - raft.server.snapshot.auto.trigger.threshold = 10000 (custom)
2019-08-21 10:25:31,413 INFO  segmented.SegmentedRaftLogWorker (SegmentedRaftLogWorker.java:lambda$new$0(132)) - 9b36faad-3033-48d3-adf8-4e1a4c45d42a-SegmentedRaftLogWorker:Storage Directory /workdir/hadoop-ozone/integration-test/target/test-dir/MiniOzoneClusterImpl-95143be0-755f-4bc3-975e-a4fe9db34024/datanode-3/data/ratis/1c02ea4f-5677-4954-ad44-ff42cfc15e38: flushIndex: setUnconditionally 0 -> -1
2019-08-21 10:25:31,413 INFO  server.RaftServerConfigKeys (ConfUtils.java:logGet(43)) - raft.server.log.statemachine.data.sync = true (default)
2019-08-21 10:25:31,413 INFO  server.RaftServerConfigKeys (ConfUtils.java:logGet(43)) - raft.server.retrycache.expirytime = 600000ms (custom)
2019-08-21 10:25:31,413 INFO  server.RaftServerConfigKeys (ConfUtils.java:logGet(43)) - raft.server.log.statemachine.data.sync.timeout = 10s (default)
2019-08-21 10:25:31,413 INFO  server.RaftServerConfigKeys (ConfUtils.java:logGet(43)) - raft.server.snapshot.auto.trigger.enabled = true (custom)
2019-08-21 10:25:31,413 INFO  server.RaftServerConfigKeys (ConfUtils.java:logGet(43)) - raft.server.log.statemachine.data.sync.timeout.retry = -1 (default)
2019-08-21 10:25:31,413 INFO  impl.RaftServerImpl (RaftServerImpl.java:start(180)) - ce345902-92fa-4d2c-9453-44767017310b: start group-FF42CFC15E38
2019-08-21 10:25:31,414 INFO  server.RaftServerConfigKeys (ConfUtils.java:logGet(43)) - raft.server.log.statemachine.data.caching.enabled = true (custom)
2019-08-21 10:25:31,414 INFO  server.RaftServerConfigKeys (ConfUtils.java:logGet(43)) - raft.server.snapshot.auto.trigger.threshold = 10000 (custom)
2019-08-21 10:25:31,414 INFO  impl.RaftServerImpl (RaftServerImpl.java:setRole(171)) - ce345902-92fa-4d2c-9453-44767017310b:group-FF42CFC15E38 changes role from null to FOLLOWER at term 0 for startAsFollower
2019-08-21 10:25:31,414 INFO  server.RaftServerConfigKeys (ConfUtils.java:logGet(43)) - raft.server.retrycache.expirytime = 600000ms (custom)
2019-08-21 10:25:31,414 INFO  segmented.SegmentedRaftLogWorker (SegmentedRaftLogWorker.java:lambda$new$0(132)) - 699643f3-5e28-4e25-b20c-8665c7439d94-SegmentedRaftLogWorker:Storage Directory /workdir/hadoop-ozone/integration-test/target/test-dir/MiniOzoneClusterImpl-95143be0-755f-4bc3-975e-a4fe9db34024/datanode-4/data/ratis/1c02ea4f-5677-4954-ad44-ff42cfc15e38: flushIndex: setUnconditionally 0 -> -1
2019-08-21 10:25:31,414 INFO  impl.RoleInfo (RoleInfo.java:updateAndGet(143)) - ce345902-92fa-4d2c-9453-44767017310b: start FollowerState
2019-08-21 10:25:31,414 INFO  impl.RaftServerImpl (RaftServerImpl.java:start(180)) - 9b36faad-3033-48d3-adf8-4e1a4c45d42a: start group-FF42CFC15E38
2019-08-21 10:25:31,414 INFO  server.RaftServerConfigKeys (ConfUtils.java:logGet(43)) - raft.server.snapshot.auto.trigger.enabled = true (custom)
2019-08-21 10:25:31,415 INFO  impl.RaftServerImpl (RaftServerImpl.java:setRole(171)) - 9b36faad-3033-48d3-adf8-4e1a4c45d42a:group-FF42CFC15E38 changes role from null to FOLLOWER at term 0 for startAsFollower
2019-08-21 10:25:31,415 INFO  server.RaftServerConfigKeys (ConfUtils.java:logGet(43)) - raft.server.snapshot.auto.trigger.threshold = 10000 (custom)
2019-08-21 10:25:31,415 INFO  util.JmxRegister (JmxRegister.java:tryRegister(44)) - Successfully registered JMX Bean with object name Ratis:service=RaftServer,group=group-FF42CFC15E38,id=ce345902-92fa-4d2c-9453-44767017310b
2019-08-21 10:25:31,415 INFO  server.RaftServerConfigKeys (ConfUtils.java:logGet(43)) - raft.server.retrycache.expirytime = 600000ms (custom)
2019-08-21 10:25:31,415 INFO  impl.RoleInfo (RoleInfo.java:updateAndGet(143)) - 9b36faad-3033-48d3-adf8-4e1a4c45d42a: start FollowerState
2019-08-21 10:25:31,415 INFO  impl.RaftServerImpl (RaftServerImpl.java:start(180)) - 699643f3-5e28-4e25-b20c-8665c7439d94: start group-FF42CFC15E38
2019-08-21 10:25:31,415 INFO  impl.RaftServerImpl (RaftServerImpl.java:setRole(171)) - 699643f3-5e28-4e25-b20c-8665c7439d94:group-FF42CFC15E38 changes role from null to FOLLOWER at term 0 for startAsFollower
2019-08-21 10:25:31,415 INFO  impl.RoleInfo (RoleInfo.java:updateAndGet(143)) - 699643f3-5e28-4e25-b20c-8665c7439d94: start FollowerState
2019-08-21 10:25:31,415 INFO  util.JmxRegister (JmxRegister.java:tryRegister(44)) - Successfully registered JMX Bean with object name Ratis:service=RaftServer,group=group-FF42CFC15E38,id=9b36faad-3033-48d3-adf8-4e1a4c45d42a
2019-08-21 10:25:31,416 INFO  util.JmxRegister (JmxRegister.java:tryRegister(44)) - Successfully registered JMX Bean with object name Ratis:service=RaftServer,group=group-FF42CFC15E38,id=699643f3-5e28-4e25-b20c-8665c7439d94
2019-08-21 10:25:31,434 INFO  pipeline.PipelineStateManager (PipelineStateManager.java:addPipeline(56)) - Created pipeline Pipeline[ Id: 1c02ea4f-5677-4954-ad44-ff42cfc15e38, Nodes: 9b36faad-3033-48d3-adf8-4e1a4c45d42a{ip: 192.168.69.125, host: pr-hdds-1942-m6xfh-241770668, networkLocation: /default-rack, certSerialId: null}699643f3-5e28-4e25-b20c-8665c7439d94{ip: 192.168.69.125, host: pr-hdds-1942-m6xfh-241770668, networkLocation: /default-rack, certSerialId: null}ce345902-92fa-4d2c-9453-44767017310b{ip: 192.168.69.125, host: pr-hdds-1942-m6xfh-241770668, networkLocation: /default-rack, certSerialId: null}, Type:RATIS, Factor:THREE, State:OPEN]
2019-08-21 10:25:32,041 INFO  ozone.MiniOzoneClusterImpl (MiniOzoneClusterImpl.java:lambda$waitForClusterToBeReady$0(142)) - Cluster is ready. Got 7 of 7 DN Heartbeats.
2019-08-21 10:25:32,357 INFO  rpc.RpcClient (RpcClient.java:createVolume(292)) - Creating Volume: testblockoutputstream, with jenkins1000 as owner.
2019-08-21 10:25:32,404 INFO  rpc.RpcClient (RpcClient.java:createBucket(429)) - Creating Bucket: testblockoutputstream/testblockoutputstream, with Versioning false and Storage Type set to DISK and Encryption set to false 
2019-08-21 10:25:32,424 INFO  impl.MetricsSystemImpl (MetricsSystemImpl.java:init(158)) - XceiverClientMetrics metrics system started (again)
2019-08-21 10:25:32,664 INFO  container.ReplicationManager (ReplicationManager.java:start(155)) - Starting Replication Monitor Thread.
2019-08-21 10:25:32,669 INFO  container.ReplicationManager (ReplicationManager.java:run(207)) - Replication Monitor Thread took 3 milliseconds for processing 1 containers.
2019-08-21 10:25:32,674 INFO  client.GrpcClientProtocolClient (GrpcClientProtocolClient.java:onNext(255)) - client-9F567626FB0D->9b36faad-3033-48d3-adf8-4e1a4c45d42a: receive RaftClientReply:client-9F567626FB0D->9b36faad-3033-48d3-adf8-4e1a4c45d42a@group-FF42CFC15E38, cid=13, FAILED org.apache.ratis.protocol.NotLeaderException: Server 9b36faad-3033-48d3-adf8-4e1a4c45d42a is not the leader (null). Request must be sent to leader., logIndex=0, commits[9b36faad-3033-48d3-adf8-4e1a4c45d42a:c-1]
2019-08-21 10:25:33,713 INFO  client.GrpcClientProtocolClient (GrpcClientProtocolClient.java:onNext(255)) - client-9F567626FB0D->ce345902-92fa-4d2c-9453-44767017310b: receive RaftClientReply:client-9F567626FB0D->ce345902-92fa-4d2c-9453-44767017310b@group-FF42CFC15E38, cid=13, FAILED org.apache.ratis.protocol.NotLeaderException: Server ce345902-92fa-4d2c-9453-44767017310b is not the leader (null). Request must be sent to leader., logIndex=0, commits[ce345902-92fa-4d2c-9453-44767017310b:c-1]
2019-08-21 10:25:34,735 INFO  client.GrpcClientProtocolClient (GrpcClientProtocolClient.java:onNext(255)) - client-9F567626FB0D->699643f3-5e28-4e25-b20c-8665c7439d94: receive RaftClientReply:client-9F567626FB0D->699643f3-5e28-4e25-b20c-8665c7439d94@group-FF42CFC15E38, cid=13, FAILED org.apache.ratis.protocol.NotLeaderException: Server 699643f3-5e28-4e25-b20c-8665c7439d94 is not the leader (null). Request must be sent to leader., logIndex=0, commits[699643f3-5e28-4e25-b20c-8665c7439d94:c-1]
2019-08-21 10:25:35,756 INFO  client.GrpcClientProtocolClient (GrpcClientProtocolClient.java:onNext(255)) - client-9F567626FB0D->9b36faad-3033-48d3-adf8-4e1a4c45d42a: receive RaftClientReply:client-9F567626FB0D->9b36faad-3033-48d3-adf8-4e1a4c45d42a@group-FF42CFC15E38, cid=13, FAILED org.apache.ratis.protocol.NotLeaderException: Server 9b36faad-3033-48d3-adf8-4e1a4c45d42a is not the leader (null). Request must be sent to leader., logIndex=0, commits[9b36faad-3033-48d3-adf8-4e1a4c45d42a:c-1]
2019-08-21 10:25:35,845 INFO  impl.FollowerState (FollowerState.java:run(106)) - e095ffe6-3937-4878-89ac-e30ae8383dd7:group-B7EA294A3504 changes to CANDIDATE, lastRpcTime:5176, electionTimeout:5175ms
2019-08-21 10:25:35,846 INFO  impl.RoleInfo (RoleInfo.java:shutdownFollowerState(121)) - e095ffe6-3937-4878-89ac-e30ae8383dd7: shutdown FollowerState
2019-08-21 10:25:35,846 INFO  impl.RaftServerImpl (RaftServerImpl.java:setRole(171)) - e095ffe6-3937-4878-89ac-e30ae8383dd7:group-B7EA294A3504 changes role from FOLLOWER to CANDIDATE at term 0 for changeToCandidate
2019-08-21 10:25:35,853 INFO  impl.RoleInfo (RoleInfo.java:updateAndGet(143)) - e095ffe6-3937-4878-89ac-e30ae8383dd7: start LeaderElection
2019-08-21 10:25:35,907 INFO  impl.LeaderElection (LeaderElection.java:askForVotes(181)) - e095ffe6-3937-4878-89ac-e30ae8383dd7:group-B7EA294A3504:LeaderElection1: begin an election at term 1 for -1: [e095ffe6-3937-4878-89ac-e30ae8383dd7:192.168.69.125:41291], old=null
2019-08-21 10:25:35,909 INFO  impl.RoleInfo (RoleInfo.java:shutdownLeaderElection(134)) - e095ffe6-3937-4878-89ac-e30ae8383dd7: shutdown LeaderElection
2019-08-21 10:25:35,910 INFO  impl.RaftServerImpl (RaftServerImpl.java:setRole(171)) - e095ffe6-3937-4878-89ac-e30ae8383dd7:group-B7EA294A3504 changes role from CANDIDATE to LEADER at term 1 for changeToLeader
2019-08-21 10:25:35,910 INFO  impl.RaftServerImpl (ServerState.java:setLeader(263)) - e095ffe6-3937-4878-89ac-e30ae8383dd7:group-B7EA294A3504 change Leader from null to e095ffe6-3937-4878-89ac-e30ae8383dd7 at term 1 for becomeLeader, leader elected after 5331ms
2019-08-21 10:25:35,919 INFO  server.RaftServerConfigKeys (ConfUtils.java:logGet(43)) - raft.server.staging.catchup.gap = 1000 (default)
2019-08-21 10:25:35,920 INFO  server.RaftServerConfigKeys (ConfUtils.java:logGet(43)) - raft.server.rpc.sleep.time = 25ms (default)
2019-08-21 10:25:35,924 INFO  server.RaftServerConfigKeys (ConfUtils.java:logGet(43)) - raft.server.write.element-limit = 4096 (default)
2019-08-21 10:25:35,927 INFO  server.RaftServerConfigKeys (ConfUtils.java:logGet(43)) - raft.server.watch.timeout = 10s (default)
2019-08-21 10:25:35,927 INFO  server.RaftServerConfigKeys (ConfUtils.java:logGet(43)) - raft.server.watch.timeout.denomination = 1s (default)
2019-08-21 10:25:35,928 INFO  server.RaftServerConfigKeys (ConfUtils.java:logGet(43)) - raft.server.watch.element-limit = 65536 (default)
2019-08-21 10:25:35,940 INFO  impl.RoleInfo (RoleInfo.java:updateAndGet(143)) - e095ffe6-3937-4878-89ac-e30ae8383dd7: start LeaderState
2019-08-21 10:25:35,968 INFO  impl.FollowerState (FollowerState.java:run(106)) - 55f62412-c2c8-4b92-80f9-2c0aa865c28e:group-505BDE07D967 changes to CANDIDATE, lastRpcTime:5011, electionTimeout:5009ms
2019-08-21 10:25:35,970 INFO  impl.RoleInfo (RoleInfo.java:shutdownFollowerState(121)) - 55f62412-c2c8-4b92-80f9-2c0aa865c28e: shutdown FollowerState
2019-08-21 10:25:35,970 INFO  impl.RaftServerImpl (RaftServerImpl.java:setRole(171)) - 55f62412-c2c8-4b92-80f9-2c0aa865c28e:group-505BDE07D967 changes role from FOLLOWER to CANDIDATE at term 0 for changeToCandidate
2019-08-21 10:25:35,970 INFO  impl.RoleInfo (RoleInfo.java:updateAndGet(143)) - 55f62412-c2c8-4b92-80f9-2c0aa865c28e: start LeaderElection
2019-08-21 10:25:35,977 INFO  segmented.SegmentedRaftLogWorker (SegmentedRaftLogWorker.java:startLogSegment(380)) - e095ffe6-3937-4878-89ac-e30ae8383dd7-SegmentedRaftLogWorker:Storage Directory /workdir/hadoop-ozone/integration-test/target/test-dir/MiniOzoneClusterImpl-95143be0-755f-4bc3-975e-a4fe9db34024/datanode-0/data/ratis/6a507104-f2c7-4853-b167-b7ea294a3504: Starting segment from index:0
2019-08-21 10:25:35,988 INFO  impl.RaftServerImpl (ServerState.java:setRaftConf(361)) - e095ffe6-3937-4878-89ac-e30ae8383dd7:group-B7EA294A3504 set configuration 0: [e095ffe6-3937-4878-89ac-e30ae8383dd7:192.168.69.125:41291], old=null at 0
2019-08-21 10:25:35,991 INFO  impl.LeaderElection (LeaderElection.java:askForVotes(181)) - 55f62412-c2c8-4b92-80f9-2c0aa865c28e:group-505BDE07D967:LeaderElection2: begin an election at term 1 for -1: [55f62412-c2c8-4b92-80f9-2c0aa865c28e:192.168.69.125:34234], old=null
2019-08-21 10:25:35,992 INFO  impl.RoleInfo (RoleInfo.java:shutdownLeaderElection(134)) - 55f62412-c2c8-4b92-80f9-2c0aa865c28e: shutdown LeaderElection
2019-08-21 10:25:35,993 INFO  impl.RaftServerImpl (RaftServerImpl.java:setRole(171)) - 55f62412-c2c8-4b92-80f9-2c0aa865c28e:group-505BDE07D967 changes role from CANDIDATE to LEADER at term 1 for changeToLeader
2019-08-21 10:25:35,993 INFO  impl.RaftServerImpl (ServerState.java:setLeader(263)) - 55f62412-c2c8-4b92-80f9-2c0aa865c28e:group-505BDE07D967 change Leader from null to 55f62412-c2c8-4b92-80f9-2c0aa865c28e at term 1 for becomeLeader, leader elected after 5043ms
2019-08-21 10:25:35,994 INFO  server.RaftServerConfigKeys (ConfUtils.java:logGet(43)) - raft.server.staging.catchup.gap = 1000 (default)
2019-08-21 10:25:35,995 INFO  server.RaftServerConfigKeys (ConfUtils.java:logGet(43)) - raft.server.rpc.sleep.time = 25ms (default)
2019-08-21 10:25:35,995 INFO  server.RaftServerConfigKeys (ConfUtils.java:logGet(43)) - raft.server.write.element-limit = 4096 (default)
2019-08-21 10:25:35,995 INFO  server.RaftServerConfigKeys (ConfUtils.java:logGet(43)) - raft.server.watch.timeout = 10s (default)
2019-08-21 10:25:35,995 INFO  server.RaftServerConfigKeys (ConfUtils.java:logGet(43)) - raft.server.watch.timeout.denomination = 1s (default)
2019-08-21 10:25:35,995 INFO  server.RaftServerConfigKeys (ConfUtils.java:logGet(43)) - raft.server.watch.element-limit = 65536 (default)
2019-08-21 10:25:35,996 INFO  impl.RoleInfo (RoleInfo.java:updateAndGet(143)) - 55f62412-c2c8-4b92-80f9-2c0aa865c28e: start LeaderState
2019-08-21 10:25:35,996 INFO  segmented.SegmentedRaftLogWorker (SegmentedRaftLogWorker.java:startLogSegment(380)) - 55f62412-c2c8-4b92-80f9-2c0aa865c28e-SegmentedRaftLogWorker:Storage Directory /workdir/hadoop-ozone/integration-test/target/test-dir/MiniOzoneClusterImpl-95143be0-755f-4bc3-975e-a4fe9db34024/datanode-1/data/ratis/129910ef-79ce-4e6f-89b0-505bde07d967: Starting segment from index:0
2019-08-21 10:25:35,997 INFO  impl.RaftServerImpl (ServerState.java:setRaftConf(361)) - 55f62412-c2c8-4b92-80f9-2c0aa865c28e:group-505BDE07D967 set configuration 0: [55f62412-c2c8-4b92-80f9-2c0aa865c28e:192.168.69.125:34234], old=null at 0
2019-08-21 10:25:36,051 INFO  impl.FollowerState (FollowerState.java:run(106)) - d929b274-4924-41b6-908a-f5a2820ffb18:group-1AC25AAA5DE8 changes to CANDIDATE, lastRpcTime:5184, electionTimeout:5183ms
2019-08-21 10:25:36,051 INFO  impl.RoleInfo (RoleInfo.java:shutdownFollowerState(121)) - d929b274-4924-41b6-908a-f5a2820ffb18: shutdown FollowerState
2019-08-21 10:25:36,051 INFO  impl.RaftServerImpl (RaftServerImpl.java:setRole(171)) - d929b274-4924-41b6-908a-f5a2820ffb18:group-1AC25AAA5DE8 changes role from FOLLOWER to CANDIDATE at term 0 for changeToCandidate
2019-08-21 10:25:36,051 INFO  impl.RoleInfo (RoleInfo.java:updateAndGet(143)) - d929b274-4924-41b6-908a-f5a2820ffb18: start LeaderElection
2019-08-21 10:25:36,069 INFO  impl.LeaderElection (LeaderElection.java:askForVotes(181)) - d929b274-4924-41b6-908a-f5a2820ffb18:group-1AC25AAA5DE8:LeaderElection3: begin an election at term 1 for -1: [d929b274-4924-41b6-908a-f5a2820ffb18:192.168.69.125:38087], old=null
2019-08-21 10:25:36,070 INFO  impl.RoleInfo (RoleInfo.java:shutdownLeaderElection(134)) - d929b274-4924-41b6-908a-f5a2820ffb18: shutdown LeaderElection
2019-08-21 10:25:36,070 INFO  impl.RaftServerImpl (RaftServerImpl.java:setRole(171)) - d929b274-4924-41b6-908a-f5a2820ffb18:group-1AC25AAA5DE8 changes role from CANDIDATE to LEADER at term 1 for changeToLeader
2019-08-21 10:25:36,070 INFO  impl.RaftServerImpl (ServerState.java:setLeader(263)) - d929b274-4924-41b6-908a-f5a2820ffb18:group-1AC25AAA5DE8 change Leader from null to d929b274-4924-41b6-908a-f5a2820ffb18 at term 1 for becomeLeader, leader elected after 5210ms
2019-08-21 10:25:36,072 INFO  server.RaftServerConfigKeys (ConfUtils.java:logGet(43)) - raft.server.staging.catchup.gap = 1000 (default)
2019-08-21 10:25:36,072 INFO  server.RaftServerConfigKeys (ConfUtils.java:logGet(43)) - raft.server.rpc.sleep.time = 25ms (default)
2019-08-21 10:25:36,073 INFO  server.RaftServerConfigKeys (ConfUtils.java:logGet(43)) - raft.server.write.element-limit = 4096 (default)
2019-08-21 10:25:36,073 INFO  server.RaftServerConfigKeys (ConfUtils.java:logGet(43)) - raft.server.watch.timeout = 10s (default)
2019-08-21 10:25:36,073 INFO  server.RaftServerConfigKeys (ConfUtils.java:logGet(43)) - raft.server.watch.timeout.denomination = 1s (default)
2019-08-21 10:25:36,073 INFO  server.RaftServerConfigKeys (ConfUtils.java:logGet(43)) - raft.server.watch.element-limit = 65536 (default)
2019-08-21 10:25:36,073 INFO  impl.RoleInfo (RoleInfo.java:updateAndGet(143)) - d929b274-4924-41b6-908a-f5a2820ffb18: start LeaderState
2019-08-21 10:25:36,074 INFO  segmented.SegmentedRaftLogWorker (SegmentedRaftLogWorker.java:startLogSegment(380)) - d929b274-4924-41b6-908a-f5a2820ffb18-SegmentedRaftLogWorker:Storage Directory /workdir/hadoop-ozone/integration-test/target/test-dir/MiniOzoneClusterImpl-95143be0-755f-4bc3-975e-a4fe9db34024/datanode-2/data/ratis/375cd28e-b1e9-4db1-aeb5-1ac25aaa5de8: Starting segment from index:0
2019-08-21 10:25:36,074 INFO  impl.RaftServerImpl (ServerState.java:setRaftConf(361)) - d929b274-4924-41b6-908a-f5a2820ffb18:group-1AC25AAA5DE8 set configuration 0: [d929b274-4924-41b6-908a-f5a2820ffb18:192.168.69.125:38087], old=null at 0
2019-08-21 10:25:36,091 INFO  impl.FollowerState (FollowerState.java:run(106)) - 9b36faad-3033-48d3-adf8-4e1a4c45d42a:group-9FCE7D743AB8 changes to CANDIDATE, lastRpcTime:5063, electionTimeout:5063ms
2019-08-21 10:25:36,092 INFO  impl.RoleInfo (RoleInfo.java:shutdownFollowerState(121)) - 9b36faad-3033-48d3-adf8-4e1a4c45d42a: shutdown FollowerState
2019-08-21 10:25:36,092 INFO  impl.RaftServerImpl (RaftServerImpl.java:setRole(171)) - 9b36faad-3033-48d3-adf8-4e1a4c45d42a:group-9FCE7D743AB8 changes role from FOLLOWER to CANDIDATE at term 0 for changeToCandidate
2019-08-21 10:25:36,092 INFO  impl.RoleInfo (RoleInfo.java:updateAndGet(143)) - 9b36faad-3033-48d3-adf8-4e1a4c45d42a: start LeaderElection
2019-08-21 10:25:36,110 INFO  impl.LeaderElection (LeaderElection.java:askForVotes(181)) - 9b36faad-3033-48d3-adf8-4e1a4c45d42a:group-9FCE7D743AB8:LeaderElection4: begin an election at term 1 for -1: [9b36faad-3033-48d3-adf8-4e1a4c45d42a:192.168.69.125:33349], old=null
2019-08-21 10:25:36,110 INFO  impl.RoleInfo (RoleInfo.java:shutdownLeaderElection(134)) - 9b36faad-3033-48d3-adf8-4e1a4c45d42a: shutdown LeaderElection
2019-08-21 10:25:36,111 INFO  impl.RaftServerImpl (RaftServerImpl.java:setRole(171)) - 9b36faad-3033-48d3-adf8-4e1a4c45d42a:group-9FCE7D743AB8 changes role from CANDIDATE to LEADER at term 1 for changeToLeader
2019-08-21 10:25:36,111 INFO  impl.RaftServerImpl (ServerState.java:setLeader(263)) - 9b36faad-3033-48d3-adf8-4e1a4c45d42a:group-9FCE7D743AB8 change Leader from null to 9b36faad-3033-48d3-adf8-4e1a4c45d42a at term 1 for becomeLeader, leader elected after 5087ms
2019-08-21 10:25:36,112 INFO  server.RaftServerConfigKeys (ConfUtils.java:logGet(43)) - raft.server.staging.catchup.gap = 1000 (default)
2019-08-21 10:25:36,112 INFO  server.RaftServerConfigKeys (ConfUtils.java:logGet(43)) - raft.server.rpc.sleep.time = 25ms (default)
2019-08-21 10:25:36,113 INFO  server.RaftServerConfigKeys (ConfUtils.java:logGet(43)) - raft.server.write.element-limit = 4096 (default)
2019-08-21 10:25:36,113 INFO  server.RaftServerConfigKeys (ConfUtils.java:logGet(43)) - raft.server.watch.timeout = 10s (default)
2019-08-21 10:25:36,113 INFO  server.RaftServerConfigKeys (ConfUtils.java:logGet(43)) - raft.server.watch.timeout.denomination = 1s (default)
2019-08-21 10:25:36,113 INFO  server.RaftServerConfigKeys (ConfUtils.java:logGet(43)) - raft.server.watch.element-limit = 65536 (default)
2019-08-21 10:25:36,113 INFO  impl.RoleInfo (RoleInfo.java:updateAndGet(143)) - 9b36faad-3033-48d3-adf8-4e1a4c45d42a: start LeaderState
2019-08-21 10:25:36,114 INFO  segmented.SegmentedRaftLogWorker (SegmentedRaftLogWorker.java:startLogSegment(380)) - 9b36faad-3033-48d3-adf8-4e1a4c45d42a-SegmentedRaftLogWorker:Storage Directory /workdir/hadoop-ozone/integration-test/target/test-dir/MiniOzoneClusterImpl-95143be0-755f-4bc3-975e-a4fe9db34024/datanode-3/data/ratis/65accadf-8072-4463-904c-9fce7d743ab8: Starting segment from index:0
2019-08-21 10:25:36,114 INFO  impl.RaftServerImpl (ServerState.java:setRaftConf(361)) - 9b36faad-3033-48d3-adf8-4e1a4c45d42a:group-9FCE7D743AB8 set configuration 0: [9b36faad-3033-48d3-adf8-4e1a4c45d42a:192.168.69.125:33349], old=null at 0
2019-08-21 10:25:36,213 INFO  segmented.SegmentedRaftLogWorker (SegmentedRaftLogWorker.java:execute(569)) - 9b36faad-3033-48d3-adf8-4e1a4c45d42a-SegmentedRaftLogWorker:Storage Directory /workdir/hadoop-ozone/integration-test/target/test-dir/MiniOzoneClusterImpl-95143be0-755f-4bc3-975e-a4fe9db34024/datanode-3/data/ratis/65accadf-8072-4463-904c-9fce7d743ab8: created new log segment /workdir/hadoop-ozone/integration-test/target/test-dir/MiniOzoneClusterImpl-95143be0-755f-4bc3-975e-a4fe9db34024/datanode-3/data/ratis/65accadf-8072-4463-904c-9fce7d743ab8/current/log_inprogress_0
2019-08-21 10:25:36,213 INFO  segmented.SegmentedRaftLogWorker (SegmentedRaftLogWorker.java:execute(569)) - 55f62412-c2c8-4b92-80f9-2c0aa865c28e-SegmentedRaftLogWorker:Storage Directory /workdir/hadoop-ozone/integration-test/target/test-dir/MiniOzoneClusterImpl-95143be0-755f-4bc3-975e-a4fe9db34024/datanode-1/data/ratis/129910ef-79ce-4e6f-89b0-505bde07d967: created new log segment /workdir/hadoop-ozone/integration-test/target/test-dir/MiniOzoneClusterImpl-95143be0-755f-4bc3-975e-a4fe9db34024/datanode-1/data/ratis/129910ef-79ce-4e6f-89b0-505bde07d967/current/log_inprogress_0
2019-08-21 10:25:36,213 INFO  segmented.SegmentedRaftLogWorker (SegmentedRaftLogWorker.java:execute(569)) - d929b274-4924-41b6-908a-f5a2820ffb18-SegmentedRaftLogWorker:Storage Directory /workdir/hadoop-ozone/integration-test/target/test-dir/MiniOzoneClusterImpl-95143be0-755f-4bc3-975e-a4fe9db34024/datanode-2/data/ratis/375cd28e-b1e9-4db1-aeb5-1ac25aaa5de8: created new log segment /workdir/hadoop-ozone/integration-test/target/test-dir/MiniOzoneClusterImpl-95143be0-755f-4bc3-975e-a4fe9db34024/datanode-2/data/ratis/375cd28e-b1e9-4db1-aeb5-1ac25aaa5de8/current/log_inprogress_0
2019-08-21 10:25:36,213 INFO  segmented.SegmentedRaftLogWorker (SegmentedRaftLogWorker.java:execute(569)) - e095ffe6-3937-4878-89ac-e30ae8383dd7-SegmentedRaftLogWorker:Storage Directory /workdir/hadoop-ozone/integration-test/target/test-dir/MiniOzoneClusterImpl-95143be0-755f-4bc3-975e-a4fe9db34024/datanode-0/data/ratis/6a507104-f2c7-4853-b167-b7ea294a3504: created new log segment /workdir/hadoop-ozone/integration-test/target/test-dir/MiniOzoneClusterImpl-95143be0-755f-4bc3-975e-a4fe9db34024/datanode-0/data/ratis/6a507104-f2c7-4853-b167-b7ea294a3504/current/log_inprogress_0
2019-08-21 10:25:36,220 INFO  impl.FollowerState (FollowerState.java:run(106)) - 699643f3-5e28-4e25-b20c-8665c7439d94:group-3149C4B34A7B changes to CANDIDATE, lastRpcTime:5128, electionTimeout:5128ms
2019-08-21 10:25:36,222 INFO  impl.RoleInfo (RoleInfo.java:shutdownFollowerState(121)) - 699643f3-5e28-4e25-b20c-8665c7439d94: shutdown FollowerState
2019-08-21 10:25:36,222 INFO  impl.RaftServerImpl (RaftServerImpl.java:setRole(171)) - 699643f3-5e28-4e25-b20c-8665c7439d94:group-3149C4B34A7B changes role from FOLLOWER to CANDIDATE at term 0 for changeToCandidate
2019-08-21 10:25:36,222 INFO  impl.RoleInfo (RoleInfo.java:updateAndGet(143)) - 699643f3-5e28-4e25-b20c-8665c7439d94: start LeaderElection
2019-08-21 10:25:36,241 INFO  impl.LeaderElection (LeaderElection.java:askForVotes(181)) - 699643f3-5e28-4e25-b20c-8665c7439d94:group-3149C4B34A7B:LeaderElection5: begin an election at term 1 for -1: [699643f3-5e28-4e25-b20c-8665c7439d94:192.168.69.125:37679], old=null
2019-08-21 10:25:36,243 INFO  impl.RoleInfo (RoleInfo.java:shutdownLeaderElection(134)) - 699643f3-5e28-4e25-b20c-8665c7439d94: shutdown LeaderElection
2019-08-21 10:25:36,243 INFO  impl.RaftServerImpl (RaftServerImpl.java:setRole(171)) - 699643f3-5e28-4e25-b20c-8665c7439d94:group-3149C4B34A7B changes role from CANDIDATE to LEADER at term 1 for changeToLeader
2019-08-21 10:25:36,244 INFO  impl.RaftServerImpl (ServerState.java:setLeader(263)) - 699643f3-5e28-4e25-b20c-8665c7439d94:group-3149C4B34A7B change Leader from null to 699643f3-5e28-4e25-b20c-8665c7439d94 at term 1 for becomeLeader, leader elected after 5154ms
2019-08-21 10:25:36,246 INFO  server.RaftServerConfigKeys (ConfUtils.java:logGet(43)) - raft.server.staging.catchup.gap = 1000 (default)
2019-08-21 10:25:36,246 INFO  server.RaftServerConfigKeys (ConfUtils.java:logGet(43)) - raft.server.rpc.sleep.time = 25ms (default)
2019-08-21 10:25:36,246 INFO  server.RaftServerConfigKeys (ConfUtils.java:logGet(43)) - raft.server.write.element-limit = 4096 (default)
2019-08-21 10:25:36,247 INFO  server.RaftServerConfigKeys (ConfUtils.java:logGet(43)) - raft.server.watch.timeout = 10s (default)
2019-08-21 10:25:36,247 INFO  server.RaftServerConfigKeys (ConfUtils.java:logGet(43)) - raft.server.watch.timeout.denomination = 1s (default)
2019-08-21 10:25:36,247 INFO  server.RaftServerConfigKeys (ConfUtils.java:logGet(43)) - raft.server.watch.element-limit = 65536 (default)
2019-08-21 10:25:36,247 INFO  impl.RoleInfo (RoleInfo.java:updateAndGet(143)) - 699643f3-5e28-4e25-b20c-8665c7439d94: start LeaderState
2019-08-21 10:25:36,248 INFO  segmented.SegmentedRaftLogWorker (SegmentedRaftLogWorker.java:startLogSegment(380)) - 699643f3-5e28-4e25-b20c-8665c7439d94-SegmentedRaftLogWorker:Storage Directory /workdir/hadoop-ozone/integration-test/target/test-dir/MiniOzoneClusterImpl-95143be0-755f-4bc3-975e-a4fe9db34024/datanode-4/data/ratis/06ef5992-187a-4ec5-b2d3-3149c4b34a7b: Starting segment from index:0
2019-08-21 10:25:36,248 INFO  impl.RaftServerImpl (ServerState.java:setRaftConf(361)) - 699643f3-5e28-4e25-b20c-8665c7439d94:group-3149C4B34A7B set configuration 0: [699643f3-5e28-4e25-b20c-8665c7439d94:192.168.69.125:37679], old=null at 0
2019-08-21 10:25:36,278 INFO  impl.FollowerState (FollowerState.java:run(106)) - ce345902-92fa-4d2c-9453-44767017310b:group-C79492B800ED changes to CANDIDATE, lastRpcTime:5114, electionTimeout:5105ms
2019-08-21 10:25:36,278 INFO  impl.RoleInfo (RoleInfo.java:shutdownFollowerState(121)) - ce345902-92fa-4d2c-9453-44767017310b: shutdown FollowerState
2019-08-21 10:25:36,278 INFO  impl.RaftServerImpl (RaftServerImpl.java:setRole(171)) - ce345902-92fa-4d2c-9453-44767017310b:group-C79492B800ED changes role from FOLLOWER to CANDIDATE at term 0 for changeToCandidate
2019-08-21 10:25:36,278 INFO  impl.RoleInfo (RoleInfo.java:updateAndGet(143)) - ce345902-92fa-4d2c-9453-44767017310b: start LeaderElection
2019-08-21 10:25:36,291 INFO  segmented.SegmentedRaftLogWorker (SegmentedRaftLogWorker.java:execute(569)) - 699643f3-5e28-4e25-b20c-8665c7439d94-SegmentedRaftLogWorker:Storage Directory /workdir/hadoop-ozone/integration-test/target/test-dir/MiniOzoneClusterImpl-95143be0-755f-4bc3-975e-a4fe9db34024/datanode-4/data/ratis/06ef5992-187a-4ec5-b2d3-3149c4b34a7b: created new log segment /workdir/hadoop-ozone/integration-test/target/test-dir/MiniOzoneClusterImpl-95143be0-755f-4bc3-975e-a4fe9db34024/datanode-4/data/ratis/06ef5992-187a-4ec5-b2d3-3149c4b34a7b/current/log_inprogress_0
2019-08-21 10:25:36,291 INFO  impl.LeaderElection (LeaderElection.java:askForVotes(181)) - ce345902-92fa-4d2c-9453-44767017310b:group-C79492B800ED:LeaderElection6: begin an election at term 1 for -1: [ce345902-92fa-4d2c-9453-44767017310b:192.168.69.125:44090], old=null
2019-08-21 10:25:36,291 INFO  impl.RoleInfo (RoleInfo.java:shutdownLeaderElection(134)) - ce345902-92fa-4d2c-9453-44767017310b: shutdown LeaderElection
2019-08-21 10:25:36,291 INFO  impl.RaftServerImpl (RaftServerImpl.java:setRole(171)) - ce345902-92fa-4d2c-9453-44767017310b:group-C79492B800ED changes role from CANDIDATE to LEADER at term 1 for changeToLeader
2019-08-21 10:25:36,291 INFO  impl.RaftServerImpl (ServerState.java:setLeader(263)) - ce345902-92fa-4d2c-9453-44767017310b:group-C79492B800ED change Leader from null to ce345902-92fa-4d2c-9453-44767017310b at term 1 for becomeLeader, leader elected after 5131ms
2019-08-21 10:25:36,293 INFO  server.RaftServerConfigKeys (ConfUtils.java:logGet(43)) - raft.server.staging.catchup.gap = 1000 (default)
2019-08-21 10:25:36,293 INFO  server.RaftServerConfigKeys (ConfUtils.java:logGet(43)) - raft.server.rpc.sleep.time = 25ms (default)
2019-08-21 10:25:36,293 INFO  server.RaftServerConfigKeys (ConfUtils.java:logGet(43)) - raft.server.write.element-limit = 4096 (default)
2019-08-21 10:25:36,293 INFO  server.RaftServerConfigKeys (ConfUtils.java:logGet(43)) - raft.server.watch.timeout = 10s (default)
2019-08-21 10:25:36,294 INFO  server.RaftServerConfigKeys (ConfUtils.java:logGet(43)) - raft.server.watch.timeout.denomination = 1s (default)
2019-08-21 10:25:36,294 INFO  server.RaftServerConfigKeys (ConfUtils.java:logGet(43)) - raft.server.watch.element-limit = 65536 (default)
2019-08-21 10:25:36,294 INFO  impl.RoleInfo (RoleInfo.java:updateAndGet(143)) - ce345902-92fa-4d2c-9453-44767017310b: start LeaderState
2019-08-21 10:25:36,294 INFO  segmented.SegmentedRaftLogWorker (SegmentedRaftLogWorker.java:startLogSegment(380)) - ce345902-92fa-4d2c-9453-44767017310b-SegmentedRaftLogWorker:Storage Directory /workdir/hadoop-ozone/integration-test/target/test-dir/MiniOzoneClusterImpl-95143be0-755f-4bc3-975e-a4fe9db34024/datanode-5/data/ratis/6ecfb3a3-c9b7-4235-bffb-c79492b800ed: Starting segment from index:0
2019-08-21 10:25:36,295 INFO  impl.RaftServerImpl (ServerState.java:setRaftConf(361)) - ce345902-92fa-4d2c-9453-44767017310b:group-C79492B800ED set configuration 0: [ce345902-92fa-4d2c-9453-44767017310b:192.168.69.125:44090], old=null at 0
2019-08-21 10:25:36,335 INFO  impl.FollowerState (FollowerState.java:run(106)) - 30ed8bbd-c69b-4df8-bb86-6d4b0d57e032:group-B80044F8D2DA changes to CANDIDATE, lastRpcTime:5113, electionTimeout:5084ms
2019-08-21 10:25:36,343 INFO  impl.RoleInfo (RoleInfo.java:shutdownFollowerState(121)) - 30ed8bbd-c69b-4df8-bb86-6d4b0d57e032: shutdown FollowerState
2019-08-21 10:25:36,343 INFO  impl.RaftServerImpl (RaftServerImpl.java:setRole(171)) - 30ed8bbd-c69b-4df8-bb86-6d4b0d57e032:group-B80044F8D2DA changes role from FOLLOWER to CANDIDATE at term 0 for changeToCandidate
2019-08-21 10:25:36,343 INFO  impl.RoleInfo (RoleInfo.java:updateAndGet(143)) - 30ed8bbd-c69b-4df8-bb86-6d4b0d57e032: start LeaderElection
2019-08-21 10:25:36,347 INFO  impl.FollowerState (FollowerState.java:run(106)) - d929b274-4924-41b6-908a-f5a2820ffb18:group-6FF003ADE595 changes to CANDIDATE, lastRpcTime:5025, electionTimeout:5024ms
2019-08-21 10:25:36,349 INFO  segmented.SegmentedRaftLogWorker (SegmentedRaftLogWorker.java:execute(569)) - ce345902-92fa-4d2c-9453-44767017310b-SegmentedRaftLogWorker:Storage Directory /workdir/hadoop-ozone/integration-test/target/test-dir/MiniOzoneClusterImpl-95143be0-755f-4bc3-975e-a4fe9db34024/datanode-5/data/ratis/6ecfb3a3-c9b7-4235-bffb-c79492b800ed: created new log segment /workdir/hadoop-ozone/integration-test/target/test-dir/MiniOzoneClusterImpl-95143be0-755f-4bc3-975e-a4fe9db34024/datanode-5/data/ratis/6ecfb3a3-c9b7-4235-bffb-c79492b800ed/current/log_inprogress_0
2019-08-21 10:25:36,349 INFO  impl.RoleInfo (RoleInfo.java:shutdownFollowerState(121)) - d929b274-4924-41b6-908a-f5a2820ffb18: shutdown FollowerState
2019-08-21 10:25:36,349 INFO  impl.RaftServerImpl (RaftServerImpl.java:setRole(171)) - d929b274-4924-41b6-908a-f5a2820ffb18:group-6FF003ADE595 changes role from FOLLOWER to CANDIDATE at term 0 for changeToCandidate
2019-08-21 10:25:36,349 INFO  impl.RoleInfo (RoleInfo.java:updateAndGet(143)) - d929b274-4924-41b6-908a-f5a2820ffb18: start LeaderElection
2019-08-21 10:25:36,362 INFO  impl.LeaderElection (LeaderElection.java:askForVotes(181)) - 30ed8bbd-c69b-4df8-bb86-6d4b0d57e032:group-B80044F8D2DA:LeaderElection7: begin an election at term 1 for -1: [30ed8bbd-c69b-4df8-bb86-6d4b0d57e032:192.168.69.125:39462], old=null
2019-08-21 10:25:36,362 INFO  impl.LeaderElection (LeaderElection.java:askForVotes(181)) - d929b274-4924-41b6-908a-f5a2820ffb18:group-6FF003ADE595:LeaderElection8: begin an election at term 1 for -1: [55f62412-c2c8-4b92-80f9-2c0aa865c28e:192.168.69.125:34234, e095ffe6-3937-4878-89ac-e30ae8383dd7:192.168.69.125:41291, d929b274-4924-41b6-908a-f5a2820ffb18:192.168.69.125:38087], old=null
2019-08-21 10:25:36,364 INFO  impl.RoleInfo (RoleInfo.java:shutdownLeaderElection(134)) - 30ed8bbd-c69b-4df8-bb86-6d4b0d57e032: shutdown LeaderElection
2019-08-21 10:25:36,364 INFO  impl.RaftServerImpl (RaftServerImpl.java:setRole(171)) - 30ed8bbd-c69b-4df8-bb86-6d4b0d57e032:group-B80044F8D2DA changes role from CANDIDATE to LEADER at term 1 for changeToLeader
2019-08-21 10:25:36,364 INFO  impl.RaftServerImpl (ServerState.java:setLeader(263)) - 30ed8bbd-c69b-4df8-bb86-6d4b0d57e032:group-B80044F8D2DA change Leader from null to 30ed8bbd-c69b-4df8-bb86-6d4b0d57e032 at term 1 for becomeLeader, leader elected after 5146ms
2019-08-21 10:25:36,366 INFO  server.RaftServerConfigKeys (ConfUtils.java:logGet(43)) - raft.server.staging.catchup.gap = 1000 (default)
2019-08-21 10:25:36,366 INFO  server.RaftServerConfigKeys (ConfUtils.java:logGet(43)) - raft.server.rpc.sleep.time = 25ms (default)
2019-08-21 10:25:36,366 INFO  server.RaftServerConfigKeys (ConfUtils.java:logGet(43)) - raft.server.write.element-limit = 4096 (default)
2019-08-21 10:25:36,366 INFO  server.RaftServerConfigKeys (ConfUtils.java:logGet(43)) - raft.server.watch.timeout = 10s (default)
2019-08-21 10:25:36,366 INFO  server.RaftServerConfigKeys (ConfUtils.java:logGet(43)) - raft.server.watch.timeout.denomination = 1s (default)
2019-08-21 10:25:36,366 INFO  server.RaftServerConfigKeys (ConfUtils.java:logGet(43)) - raft.server.watch.element-limit = 65536 (default)
2019-08-21 10:25:36,367 INFO  impl.RoleInfo (RoleInfo.java:updateAndGet(143)) - 30ed8bbd-c69b-4df8-bb86-6d4b0d57e032: start LeaderState
2019-08-21 10:25:36,367 INFO  segmented.SegmentedRaftLogWorker (SegmentedRaftLogWorker.java:startLogSegment(380)) - 30ed8bbd-c69b-4df8-bb86-6d4b0d57e032-SegmentedRaftLogWorker:Storage Directory /workdir/hadoop-ozone/integration-test/target/test-dir/MiniOzoneClusterImpl-95143be0-755f-4bc3-975e-a4fe9db34024/datanode-6/data/ratis/7efde546-da3c-402d-b267-b80044f8d2da: Starting segment from index:0
2019-08-21 10:25:36,367 INFO  impl.RaftServerImpl (ServerState.java:setRaftConf(361)) - 30ed8bbd-c69b-4df8-bb86-6d4b0d57e032:group-B80044F8D2DA set configuration 0: [30ed8bbd-c69b-4df8-bb86-6d4b0d57e032:192.168.69.125:39462], old=null at 0
2019-08-21 10:25:36,403 INFO  impl.FollowerState (FollowerState.java:run(106)) - e095ffe6-3937-4878-89ac-e30ae8383dd7:group-6FF003ADE595 changes to CANDIDATE, lastRpcTime:5083, electionTimeout:5069ms
2019-08-21 10:25:36,403 INFO  impl.FollowerState (FollowerState.java:run(106)) - 55f62412-c2c8-4b92-80f9-2c0aa865c28e:group-6FF003ADE595 changes to CANDIDATE, lastRpcTime:5082, electionTimeout:5070ms
2019-08-21 10:25:36,403 INFO  impl.RoleInfo (RoleInfo.java:shutdownFollowerState(121)) - e095ffe6-3937-4878-89ac-e30ae8383dd7: shutdown FollowerState
2019-08-21 10:25:36,403 INFO  impl.RoleInfo (RoleInfo.java:shutdownFollowerState(121)) - 55f62412-c2c8-4b92-80f9-2c0aa865c28e: shutdown FollowerState
2019-08-21 10:25:36,403 INFO  impl.RaftServerImpl (RaftServerImpl.java:setRole(171)) - e095ffe6-3937-4878-89ac-e30ae8383dd7:group-6FF003ADE595 changes role from FOLLOWER to CANDIDATE at term 0 for changeToCandidate
2019-08-21 10:25:36,403 INFO  impl.RaftServerImpl (RaftServerImpl.java:setRole(171)) - 55f62412-c2c8-4b92-80f9-2c0aa865c28e:group-6FF003ADE595 changes role from FOLLOWER to CANDIDATE at term 0 for changeToCandidate
2019-08-21 10:25:36,403 INFO  impl.RoleInfo (RoleInfo.java:updateAndGet(143)) - e095ffe6-3937-4878-89ac-e30ae8383dd7: start LeaderElection
2019-08-21 10:25:36,403 INFO  impl.RoleInfo (RoleInfo.java:updateAndGet(143)) - 55f62412-c2c8-4b92-80f9-2c0aa865c28e: start LeaderElection
2019-08-21 10:25:36,416 INFO  segmented.SegmentedRaftLogWorker (SegmentedRaftLogWorker.java:execute(569)) - 30ed8bbd-c69b-4df8-bb86-6d4b0d57e032-SegmentedRaftLogWorker:Storage Directory /workdir/hadoop-ozone/integration-test/target/test-dir/MiniOzoneClusterImpl-95143be0-755f-4bc3-975e-a4fe9db34024/datanode-6/data/ratis/7efde546-da3c-402d-b267-b80044f8d2da: created new log segment /workdir/hadoop-ozone/integration-test/target/test-dir/MiniOzoneClusterImpl-95143be0-755f-4bc3-975e-a4fe9db34024/datanode-6/data/ratis/7efde546-da3c-402d-b267-b80044f8d2da/current/log_inprogress_0
2019-08-21 10:25:36,417 INFO  impl.FollowerState (FollowerState.java:run(106)) - ce345902-92fa-4d2c-9453-44767017310b:group-FF42CFC15E38 changes to CANDIDATE, lastRpcTime:5002, electionTimeout:5002ms
2019-08-21 10:25:36,417 INFO  impl.RoleInfo (RoleInfo.java:shutdownFollowerState(121)) - ce345902-92fa-4d2c-9453-44767017310b: shutdown FollowerState
2019-08-21 10:25:36,417 INFO  impl.RaftServerImpl (RaftServerImpl.java:setRole(171)) - ce345902-92fa-4d2c-9453-44767017310b:group-FF42CFC15E38 changes role from FOLLOWER to CANDIDATE at term 0 for changeToCandidate
2019-08-21 10:25:36,417 INFO  impl.RoleInfo (RoleInfo.java:updateAndGet(143)) - ce345902-92fa-4d2c-9453-44767017310b: start LeaderElection
2019-08-21 10:25:36,434 INFO  impl.LeaderElection (LeaderElection.java:askForVotes(181)) - ce345902-92fa-4d2c-9453-44767017310b:group-FF42CFC15E38:LeaderElection11: begin an election at term 1 for -1: [9b36faad-3033-48d3-adf8-4e1a4c45d42a:192.168.69.125:33349, ce345902-92fa-4d2c-9453-44767017310b:192.168.69.125:44090, 699643f3-5e28-4e25-b20c-8665c7439d94:192.168.69.125:37679], old=null
2019-08-21 10:25:36,435 INFO  impl.LeaderElection (LeaderElection.java:askForVotes(181)) - 55f62412-c2c8-4b92-80f9-2c0aa865c28e:group-6FF003ADE595:LeaderElection10: begin an election at term 1 for -1: [55f62412-c2c8-4b92-80f9-2c0aa865c28e:192.168.69.125:34234, e095ffe6-3937-4878-89ac-e30ae8383dd7:192.168.69.125:41291, d929b274-4924-41b6-908a-f5a2820ffb18:192.168.69.125:38087], old=null
2019-08-21 10:25:36,435 INFO  impl.LeaderElection (LeaderElection.java:askForVotes(181)) - e095ffe6-3937-4878-89ac-e30ae8383dd7:group-6FF003ADE595:LeaderElection9: begin an election at term 1 for -1: [55f62412-c2c8-4b92-80f9-2c0aa865c28e:192.168.69.125:34234, e095ffe6-3937-4878-89ac-e30ae8383dd7:192.168.69.125:41291, d929b274-4924-41b6-908a-f5a2820ffb18:192.168.69.125:38087], old=null
2019-08-21 10:25:36,460 INFO  impl.RaftServerImpl (RaftServerImpl.java:setRole(171)) - 9b36faad-3033-48d3-adf8-4e1a4c45d42a:group-FF42CFC15E38 changes role from FOLLOWER to FOLLOWER at term 1 for recognizeCandidate:ce345902-92fa-4d2c-9453-44767017310b
2019-08-21 10:25:36,461 INFO  impl.RoleInfo (RoleInfo.java:shutdownFollowerState(121)) - 9b36faad-3033-48d3-adf8-4e1a4c45d42a: shutdown FollowerState
2019-08-21 10:25:36,461 INFO  impl.RoleInfo (RoleInfo.java:updateAndGet(143)) - 9b36faad-3033-48d3-adf8-4e1a4c45d42a: start FollowerState
2019-08-21 10:25:36,461 INFO  impl.FollowerState (FollowerState.java:run(114)) - 9b36faad-3033-48d3-adf8-4e1a4c45d42a: FollowerState was interrupted: java.lang.InterruptedException: sleep interrupted
2019-08-21 10:25:36,475 INFO  impl.RaftServerImpl (RaftServerImpl.java:setRole(171)) - 699643f3-5e28-4e25-b20c-8665c7439d94:group-FF42CFC15E38 changes role from FOLLOWER to FOLLOWER at term 1 for recognizeCandidate:ce345902-92fa-4d2c-9453-44767017310b
2019-08-21 10:25:36,475 INFO  impl.LeaderElection (LeaderElection.java:logAndReturn(56)) - d929b274-4924-41b6-908a-f5a2820ffb18:group-6FF003ADE595:LeaderElection8: Election REJECTED; received 2 response(s) [d929b274-4924-41b6-908a-f5a2820ffb18<-55f62412-c2c8-4b92-80f9-2c0aa865c28e#0:FAIL-t1, d929b274-4924-41b6-908a-f5a2820ffb18<-e095ffe6-3937-4878-89ac-e30ae8383dd7#0:FAIL-t1] and 0 exception(s); d929b274-4924-41b6-908a-f5a2820ffb18:t1, leader=null, voted=d929b274-4924-41b6-908a-f5a2820ffb18, raftlog=d929b274-4924-41b6-908a-f5a2820ffb18-SegmentedRaftLog:OPENED:c-1,f-1,i0, conf=-1: [55f62412-c2c8-4b92-80f9-2c0aa865c28e:192.168.69.125:34234, e095ffe6-3937-4878-89ac-e30ae8383dd7:192.168.69.125:41291, d929b274-4924-41b6-908a-f5a2820ffb18:192.168.69.125:38087], old=null
2019-08-21 10:25:36,475 INFO  impl.RoleInfo (RoleInfo.java:shutdownFollowerState(121)) - 699643f3-5e28-4e25-b20c-8665c7439d94: shutdown FollowerState
2019-08-21 10:25:36,475 INFO  impl.RaftServerImpl (RaftServerImpl.java:setRole(171)) - d929b274-4924-41b6-908a-f5a2820ffb18:group-6FF003ADE595 changes role from CANDIDATE to FOLLOWER at term 1 for DISCOVERED_A_NEW_TERM
2019-08-21 10:25:36,485 INFO  impl.FollowerState (FollowerState.java:run(114)) - 699643f3-5e28-4e25-b20c-8665c7439d94: FollowerState was interrupted: java.lang.InterruptedException: sleep interrupted
2019-08-21 10:25:36,483 INFO  impl.RoleInfo (RoleInfo.java:updateAndGet(143)) - 699643f3-5e28-4e25-b20c-8665c7439d94: start FollowerState
2019-08-21 10:25:36,485 INFO  impl.RoleInfo (RoleInfo.java:shutdownLeaderElection(134)) - d929b274-4924-41b6-908a-f5a2820ffb18: shutdown LeaderElection
2019-08-21 10:25:36,487 INFO  impl.RoleInfo (RoleInfo.java:updateAndGet(143)) - d929b274-4924-41b6-908a-f5a2820ffb18: start FollowerState
2019-08-21 10:25:36,491 INFO  impl.LeaderElection (LeaderElection.java:logAndReturn(56)) - 55f62412-c2c8-4b92-80f9-2c0aa865c28e:group-6FF003ADE595:LeaderElection10: Election REJECTED; received 2 response(s) [55f62412-c2c8-4b92-80f9-2c0aa865c28e<-e095ffe6-3937-4878-89ac-e30ae8383dd7#0:FAIL-t1, 55f62412-c2c8-4b92-80f9-2c0aa865c28e<-d929b274-4924-41b6-908a-f5a2820ffb18#0:FAIL-t1] and 0 exception(s); 55f62412-c2c8-4b92-80f9-2c0aa865c28e:t1, leader=null, voted=55f62412-c2c8-4b92-80f9-2c0aa865c28e, raftlog=55f62412-c2c8-4b92-80f9-2c0aa865c28e-SegmentedRaftLog:OPENED:c-1,f-1,i0, conf=-1: [55f62412-c2c8-4b92-80f9-2c0aa865c28e:192.168.69.125:34234, e095ffe6-3937-4878-89ac-e30ae8383dd7:192.168.69.125:41291, d929b274-4924-41b6-908a-f5a2820ffb18:192.168.69.125:38087], old=null
2019-08-21 10:25:36,491 INFO  impl.RaftServerImpl (RaftServerImpl.java:setRole(171)) - 55f62412-c2c8-4b92-80f9-2c0aa865c28e:group-6FF003ADE595 changes role from CANDIDATE to FOLLOWER at term 1 for DISCOVERED_A_NEW_TERM
2019-08-21 10:25:36,493 INFO  impl.RoleInfo (RoleInfo.java:shutdownLeaderElection(134)) - 55f62412-c2c8-4b92-80f9-2c0aa865c28e: shutdown LeaderElection
2019-08-21 10:25:36,494 INFO  impl.LeaderElection (LeaderElection.java:logAndReturn(56)) - ce345902-92fa-4d2c-9453-44767017310b:group-FF42CFC15E38:LeaderElection11: Election PASSED; received 1 response(s) [ce345902-92fa-4d2c-9453-44767017310b<-9b36faad-3033-48d3-adf8-4e1a4c45d42a#0:OK-t1] and 0 exception(s); ce345902-92fa-4d2c-9453-44767017310b:t1, leader=null, voted=ce345902-92fa-4d2c-9453-44767017310b, raftlog=ce345902-92fa-4d2c-9453-44767017310b-SegmentedRaftLog:OPENED:c-1,f-1,i0, conf=-1: [9b36faad-3033-48d3-adf8-4e1a4c45d42a:192.168.69.125:33349, ce345902-92fa-4d2c-9453-44767017310b:192.168.69.125:44090, 699643f3-5e28-4e25-b20c-8665c7439d94:192.168.69.125:37679], old=null
2019-08-21 10:25:36,494 INFO  impl.RoleInfo (RoleInfo.java:updateAndGet(143)) - 55f62412-c2c8-4b92-80f9-2c0aa865c28e: start FollowerState
2019-08-21 10:25:36,495 INFO  impl.RoleInfo (RoleInfo.java:shutdownLeaderElection(134)) - ce345902-92fa-4d2c-9453-44767017310b: shutdown LeaderElection
2019-08-21 10:25:36,497 INFO  impl.RaftServerImpl (RaftServerImpl.java:setRole(171)) - ce345902-92fa-4d2c-9453-44767017310b:group-FF42CFC15E38 changes role from CANDIDATE to LEADER at term 1 for changeToLeader
2019-08-21 10:25:36,497 INFO  impl.RaftServerImpl (ServerState.java:setLeader(263)) - ce345902-92fa-4d2c-9453-44767017310b:group-FF42CFC15E38 change Leader from null to ce345902-92fa-4d2c-9453-44767017310b at term 1 for becomeLeader, leader elected after 5095ms
2019-08-21 10:25:36,498 INFO  server.RaftServerConfigKeys (ConfUtils.java:logGet(43)) - raft.server.staging.catchup.gap = 1000 (default)
2019-08-21 10:25:36,499 INFO  server.RaftServerConfigKeys (ConfUtils.java:logGet(43)) - raft.server.rpc.sleep.time = 25ms (default)
2019-08-21 10:25:36,499 INFO  server.RaftServerConfigKeys (ConfUtils.java:logGet(43)) - raft.server.write.element-limit = 4096 (default)
2019-08-21 10:25:36,499 INFO  server.RaftServerConfigKeys (ConfUtils.java:logGet(43)) - raft.server.watch.timeout = 10s (default)
2019-08-21 10:25:36,499 INFO  server.RaftServerConfigKeys (ConfUtils.java:logGet(43)) - raft.server.watch.timeout.denomination = 1s (default)
2019-08-21 10:25:36,499 INFO  server.RaftServerConfigKeys (ConfUtils.java:logGet(43)) - raft.server.watch.element-limit = 65536 (default)
2019-08-21 10:25:36,500 INFO  impl.LeaderElection (LeaderElection.java:logAndReturn(56)) - e095ffe6-3937-4878-89ac-e30ae8383dd7:group-6FF003ADE595:LeaderElection9: Election REJECTED; received 2 response(s) [e095ffe6-3937-4878-89ac-e30ae8383dd7<-55f62412-c2c8-4b92-80f9-2c0aa865c28e#0:FAIL-t1, e095ffe6-3937-4878-89ac-e30ae8383dd7<-d929b274-4924-41b6-908a-f5a2820ffb18#0:FAIL-t1] and 0 exception(s); e095ffe6-3937-4878-89ac-e30ae8383dd7:t1, leader=null, voted=e095ffe6-3937-4878-89ac-e30ae8383dd7, raftlog=e095ffe6-3937-4878-89ac-e30ae8383dd7-SegmentedRaftLog:OPENED:c-1,f-1,i0, conf=-1: [55f62412-c2c8-4b92-80f9-2c0aa865c28e:192.168.69.125:34234, e095ffe6-3937-4878-89ac-e30ae8383dd7:192.168.69.125:41291, d929b274-4924-41b6-908a-f5a2820ffb18:192.168.69.125:38087], old=null
2019-08-21 10:25:36,500 INFO  impl.RaftServerImpl (RaftServerImpl.java:setRole(171)) - e095ffe6-3937-4878-89ac-e30ae8383dd7:group-6FF003ADE595 changes role from CANDIDATE to FOLLOWER at term 1 for DISCOVERED_A_NEW_TERM
2019-08-21 10:25:36,501 INFO  impl.RoleInfo (RoleInfo.java:shutdownLeaderElection(134)) - e095ffe6-3937-4878-89ac-e30ae8383dd7: shutdown LeaderElection
2019-08-21 10:25:36,502 INFO  impl.RoleInfo (RoleInfo.java:updateAndGet(143)) - e095ffe6-3937-4878-89ac-e30ae8383dd7: start FollowerState
2019-08-21 10:25:36,504 INFO  server.RaftServerConfigKeys (ConfUtils.java:logGet(43)) - raft.server.log.appender.snapshot.chunk.size.max = 16MB (=16777216) (default)
2019-08-21 10:25:36,506 INFO  server.RaftServerConfigKeys (ConfUtils.java:logGet(43)) - raft.server.log.appender.buffer.byte-limit = 33554432 (custom)
2019-08-21 10:25:36,508 INFO  server.RaftServerConfigKeys (ConfUtils.java:logGet(43)) - raft.server.log.appender.buffer.element-limit = 1 (custom)
2019-08-21 10:25:36,512 INFO  grpc.GrpcConfigKeys$Server (ConfUtils.java:logGet(43)) - raft.grpc.server.leader.outstanding.appends.max = 128 (default)
2019-08-21 10:25:36,514 INFO  server.RaftServerConfigKeys (ConfUtils.java:logGet(43)) - raft.server.rpc.request.timeout = 3000ms (default)
2019-08-21 10:25:36,514 INFO  server.RaftServerConfigKeys (ConfUtils.java:logGet(43)) - raft.server.log.appender.install.snapshot.enabled = false (custom)
2019-08-21 10:25:36,514 INFO  server.RaftServerConfigKeys (ConfUtils.java:logGet(43)) - raft.server.log.appender.snapshot.chunk.size.max = 16MB (=16777216) (default)
2019-08-21 10:25:36,514 INFO  server.RaftServerConfigKeys (ConfUtils.java:logGet(43)) - raft.server.log.appender.buffer.byte-limit = 33554432 (custom)
2019-08-21 10:25:36,514 INFO  server.RaftServerConfigKeys (ConfUtils.java:logGet(43)) - raft.server.log.appender.buffer.element-limit = 1 (custom)
2019-08-21 10:25:36,515 INFO  grpc.GrpcConfigKeys$Server (ConfUtils.java:logGet(43)) - raft.grpc.server.leader.outstanding.appends.max = 128 (default)
2019-08-21 10:25:36,515 INFO  server.RaftServerConfigKeys (ConfUtils.java:logGet(43)) - raft.server.rpc.request.timeout = 3000ms (default)
2019-08-21 10:25:36,515 INFO  server.RaftServerConfigKeys (ConfUtils.java:logGet(43)) - raft.server.log.appender.install.snapshot.enabled = false (custom)
2019-08-21 10:25:36,516 INFO  impl.RoleInfo (RoleInfo.java:updateAndGet(143)) - ce345902-92fa-4d2c-9453-44767017310b: start LeaderState
2019-08-21 10:25:36,516 INFO  segmented.SegmentedRaftLogWorker (SegmentedRaftLogWorker.java:startLogSegment(380)) - ce345902-92fa-4d2c-9453-44767017310b-SegmentedRaftLogWorker:Storage Directory /workdir/hadoop-ozone/integration-test/target/test-dir/MiniOzoneClusterImpl-95143be0-755f-4bc3-975e-a4fe9db34024/datanode-5/data/ratis/1c02ea4f-5677-4954-ad44-ff42cfc15e38: Starting segment from index:0
2019-08-21 10:25:36,517 INFO  impl.RaftServerImpl (ServerState.java:setRaftConf(361)) - ce345902-92fa-4d2c-9453-44767017310b:group-FF42CFC15E38 set configuration 0: [9b36faad-3033-48d3-adf8-4e1a4c45d42a:192.168.69.125:33349, ce345902-92fa-4d2c-9453-44767017310b:192.168.69.125:44090, 699643f3-5e28-4e25-b20c-8665c7439d94:192.168.69.125:37679], old=null at 0
2019-08-21 10:25:36,564 INFO  segmented.SegmentedRaftLogWorker (SegmentedRaftLogWorker.java:execute(569)) - ce345902-92fa-4d2c-9453-44767017310b-SegmentedRaftLogWorker:Storage Directory /workdir/hadoop-ozone/integration-test/target/test-dir/MiniOzoneClusterImpl-95143be0-755f-4bc3-975e-a4fe9db34024/datanode-5/data/ratis/1c02ea4f-5677-4954-ad44-ff42cfc15e38: created new log segment /workdir/hadoop-ozone/integration-test/target/test-dir/MiniOzoneClusterImpl-95143be0-755f-4bc3-975e-a4fe9db34024/datanode-5/data/ratis/1c02ea4f-5677-4954-ad44-ff42cfc15e38/current/log_inprogress_0
2019-08-21 10:25:36,568 INFO  impl.RaftServerImpl (ServerState.java:setLeader(263)) - 699643f3-5e28-4e25-b20c-8665c7439d94:group-FF42CFC15E38 change Leader from null to ce345902-92fa-4d2c-9453-44767017310b at term 1 for appendEntries, leader elected after 5166ms
2019-08-21 10:25:36,569 INFO  impl.RaftServerImpl (ServerState.java:setLeader(263)) - 9b36faad-3033-48d3-adf8-4e1a4c45d42a:group-FF42CFC15E38 change Leader from null to ce345902-92fa-4d2c-9453-44767017310b at term 1 for appendEntries, leader elected after 5166ms
2019-08-21 10:25:36,597 INFO  impl.RaftServerImpl (ServerState.java:setRaftConf(361)) - 9b36faad-3033-48d3-adf8-4e1a4c45d42a:group-FF42CFC15E38 set configuration 0: [9b36faad-3033-48d3-adf8-4e1a4c45d42a:192.168.69.125:33349, ce345902-92fa-4d2c-9453-44767017310b:192.168.69.125:44090, 699643f3-5e28-4e25-b20c-8665c7439d94:192.168.69.125:37679], old=null at 0
2019-08-21 10:25:36,597 INFO  impl.RaftServerImpl (ServerState.java:setRaftConf(361)) - 699643f3-5e28-4e25-b20c-8665c7439d94:group-FF42CFC15E38 set configuration 0: [9b36faad-3033-48d3-adf8-4e1a4c45d42a:192.168.69.125:33349, ce345902-92fa-4d2c-9453-44767017310b:192.168.69.125:44090, 699643f3-5e28-4e25-b20c-8665c7439d94:192.168.69.125:37679], old=null at 0
2019-08-21 10:25:36,597 INFO  segmented.SegmentedRaftLogWorker (SegmentedRaftLogWorker.java:startLogSegment(380)) - 9b36faad-3033-48d3-adf8-4e1a4c45d42a-SegmentedRaftLogWorker:Storage Directory /workdir/hadoop-ozone/integration-test/target/test-dir/MiniOzoneClusterImpl-95143be0-755f-4bc3-975e-a4fe9db34024/datanode-3/data/ratis/1c02ea4f-5677-4954-ad44-ff42cfc15e38: Starting segment from index:0
2019-08-21 10:25:36,597 INFO  segmented.SegmentedRaftLogWorker (SegmentedRaftLogWorker.java:startLogSegment(380)) - 699643f3-5e28-4e25-b20c-8665c7439d94-SegmentedRaftLogWorker:Storage Directory /workdir/hadoop-ozone/integration-test/target/test-dir/MiniOzoneClusterImpl-95143be0-755f-4bc3-975e-a4fe9db34024/datanode-4/data/ratis/1c02ea4f-5677-4954-ad44-ff42cfc15e38: Starting segment from index:0
2019-08-21 10:25:36,637 INFO  segmented.SegmentedRaftLogWorker (SegmentedRaftLogWorker.java:execute(569)) - 699643f3-5e28-4e25-b20c-8665c7439d94-SegmentedRaftLogWorker:Storage Directory /workdir/hadoop-ozone/integration-test/target/test-dir/MiniOzoneClusterImpl-95143be0-755f-4bc3-975e-a4fe9db34024/datanode-4/data/ratis/1c02ea4f-5677-4954-ad44-ff42cfc15e38: created new log segment /workdir/hadoop-ozone/integration-test/target/test-dir/MiniOzoneClusterImpl-95143be0-755f-4bc3-975e-a4fe9db34024/datanode-4/data/ratis/1c02ea4f-5677-4954-ad44-ff42cfc15e38/current/log_inprogress_0
2019-08-21 10:25:36,637 INFO  segmented.SegmentedRaftLogWorker (SegmentedRaftLogWorker.java:execute(569)) - 9b36faad-3033-48d3-adf8-4e1a4c45d42a-SegmentedRaftLogWorker:Storage Directory /workdir/hadoop-ozone/integration-test/target/test-dir/MiniOzoneClusterImpl-95143be0-755f-4bc3-975e-a4fe9db34024/datanode-3/data/ratis/1c02ea4f-5677-4954-ad44-ff42cfc15e38: created new log segment /workdir/hadoop-ozone/integration-test/target/test-dir/MiniOzoneClusterImpl-95143be0-755f-4bc3-975e-a4fe9db34024/datanode-3/data/ratis/1c02ea4f-5677-4954-ad44-ff42cfc15e38/current/log_inprogress_0
2019-08-21 10:25:39,894 WARN  server.GrpcLogAppender (GrpcLogAppender.java:timeoutAppendRequest(200)) - GrpcLogAppender(ce345902-92fa-4d2c-9453-44767017310b->699643f3-5e28-4e25-b20c-8665c7439d94): appendEntries Timeout, request=ce345902-92fa-4d2c-9453-44767017310b->699643f3-5e28-4e25-b20c-8665c7439d94#2-t1, previous=(t:1, i:0), leaderCommit=0, initializing? false, entries: size=1, first=(t:1, i:1), STATEMACHINELOGENTRY, client-9F567626FB0D, cid=13
2019-08-21 10:25:39,894 WARN  server.GrpcLogAppender (GrpcLogAppender.java:timeoutAppendRequest(200)) - GrpcLogAppender(ce345902-92fa-4d2c-9453-44767017310b->9b36faad-3033-48d3-adf8-4e1a4c45d42a): appendEntries Timeout, request=ce345902-92fa-4d2c-9453-44767017310b->9b36faad-3033-48d3-adf8-4e1a4c45d42a#2-t1, previous=(t:1, i:0), leaderCommit=0, initializing? false, entries: size=1, first=(t:1, i:1), STATEMACHINELOGENTRY, client-9F567626FB0D, cid=13
2019-08-21 10:25:40,010 WARN  server.GrpcLogAppender (GrpcLogAppender.java:onNextImpl(250)) - org.apache.ratis.grpc.server.GrpcLogAppender$AppendLogResponseHandler@36b4f796: Request not found, ignoring reply: ce345902-92fa-4d2c-9453-44767017310b<-9b36faad-3033-48d3-adf8-4e1a4c45d42a#2:OK,SUCCESS,nextIndex:2,term:1,followerCommit:0
2019-08-21 10:25:40,014 WARN  server.GrpcLogAppender (GrpcLogAppender.java:onNextImpl(250)) - org.apache.ratis.grpc.server.GrpcLogAppender$AppendLogResponseHandler@7b4f5542: Request not found, ignoring reply: ce345902-92fa-4d2c-9453-44767017310b<-699643f3-5e28-4e25-b20c-8665c7439d94#2:OK,SUCCESS,nextIndex:2,term:1,followerCommit:0
2019-08-21 10:25:40,032 INFO  client.GrpcClientProtocolClient (GrpcClientProtocolClient.java:onNext(255)) - client-9F567626FB0D->ce345902-92fa-4d2c-9453-44767017310b: receive RaftClientReply:client-9F567626FB0D->ce345902-92fa-4d2c-9453-44767017310b@group-FF42CFC15E38, cid=13, SUCCESS, logIndex=1, commits[ce345902-92fa-4d2c-9453-44767017310b:c1, 9b36faad-3033-48d3-adf8-4e1a4c45d42a:c0, 699643f3-5e28-4e25-b20c-8665c7439d94:c0]
2019-08-21 10:25:41,530 INFO  impl.FollowerState (FollowerState.java:run(106)) - 55f62412-c2c8-4b92-80f9-2c0aa865c28e:group-6FF003ADE595 changes to CANDIDATE, lastRpcTime:5035, electionTimeout:5031ms
2019-08-21 10:25:41,530 INFO  impl.RoleInfo (RoleInfo.java:shutdownFollowerState(121)) - 55f62412-c2c8-4b92-80f9-2c0aa865c28e: shutdown FollowerState
2019-08-21 10:25:41,530 INFO  impl.RaftServerImpl (RaftServerImpl.java:setRole(171)) - 55f62412-c2c8-4b92-80f9-2c0aa865c28e:group-6FF003ADE595 changes role from FOLLOWER to CANDIDATE at term 1 for changeToCandidate
2019-08-21 10:25:41,530 INFO  impl.RoleInfo (RoleInfo.java:updateAndGet(143)) - 55f62412-c2c8-4b92-80f9-2c0aa865c28e: start LeaderElection
2019-08-21 10:25:41,546 INFO  impl.LeaderElection (LeaderElection.java:askForVotes(181)) - 55f62412-c2c8-4b92-80f9-2c0aa865c28e:group-6FF003ADE595:LeaderElection12: begin an election at term 2 for -1: [55f62412-c2c8-4b92-80f9-2c0aa865c28e:192.168.69.125:34234, e095ffe6-3937-4878-89ac-e30ae8383dd7:192.168.69.125:41291, d929b274-4924-41b6-908a-f5a2820ffb18:192.168.69.125:38087], old=null
2019-08-21 10:25:41,554 INFO  impl.RaftServerImpl (RaftServerImpl.java:setRole(171)) - d929b274-4924-41b6-908a-f5a2820ffb18:group-6FF003ADE595 changes role from FOLLOWER to FOLLOWER at term 2 for recognizeCandidate:55f62412-c2c8-4b92-80f9-2c0aa865c28e
2019-08-21 10:25:41,554 INFO  impl.RaftServerImpl (RaftServerImpl.java:setRole(171)) - e095ffe6-3937-4878-89ac-e30ae8383dd7:group-6FF003ADE595 changes role from FOLLOWER to FOLLOWER at term 2 for recognizeCandidate:55f62412-c2c8-4b92-80f9-2c0aa865c28e
2019-08-21 10:25:41,554 INFO  impl.RoleInfo (RoleInfo.java:shutdownFollowerState(121)) - d929b274-4924-41b6-908a-f5a2820ffb18: shutdown FollowerState
2019-08-21 10:25:41,554 INFO  impl.RoleInfo (RoleInfo.java:shutdownFollowerState(121)) - e095ffe6-3937-4878-89ac-e30ae8383dd7: shutdown FollowerState
2019-08-21 10:25:41,555 INFO  impl.FollowerState (FollowerState.java:run(114)) - d929b274-4924-41b6-908a-f5a2820ffb18: FollowerState was interrupted: java.lang.InterruptedException: sleep interrupted
2019-08-21 10:25:41,555 INFO  impl.RoleInfo (RoleInfo.java:updateAndGet(143)) - d929b274-4924-41b6-908a-f5a2820ffb18: start FollowerState
2019-08-21 10:25:41,555 INFO  impl.RoleInfo (RoleInfo.java:updateAndGet(143)) - e095ffe6-3937-4878-89ac-e30ae8383dd7: start FollowerState
2019-08-21 10:25:41,555 INFO  impl.FollowerState (FollowerState.java:run(114)) - e095ffe6-3937-4878-89ac-e30ae8383dd7: FollowerState was interrupted: java.lang.InterruptedException: sleep interrupted
2019-08-21 10:25:41,572 INFO  impl.LeaderElection (LeaderElection.java:logAndReturn(56)) - 55f62412-c2c8-4b92-80f9-2c0aa865c28e:group-6FF003ADE595:LeaderElection12: Election PASSED; received 1 response(s) [55f62412-c2c8-4b92-80f9-2c0aa865c28e<-e095ffe6-3937-4878-89ac-e30ae8383dd7#0:OK-t2] and 0 exception(s); 55f62412-c2c8-4b92-80f9-2c0aa865c28e:t2, leader=null, voted=55f62412-c2c8-4b92-80f9-2c0aa865c28e, raftlog=55f62412-c2c8-4b92-80f9-2c0aa865c28e-SegmentedRaftLog:OPENED:c-1,f-1,i0, conf=-1: [55f62412-c2c8-4b92-80f9-2c0aa865c28e:192.168.69.125:34234, e095ffe6-3937-4878-89ac-e30ae8383dd7:192.168.69.125:41291, d929b274-4924-41b6-908a-f5a2820ffb18:192.168.69.125:38087], old=null
2019-08-21 10:25:41,572 INFO  impl.RoleInfo (RoleInfo.java:shutdownLeaderElection(134)) - 55f62412-c2c8-4b92-80f9-2c0aa865c28e: shutdown LeaderElection
2019-08-21 10:25:41,580 INFO  impl.RaftServerImpl (RaftServerImpl.java:setRole(171)) - 55f62412-c2c8-4b92-80f9-2c0aa865c28e:group-6FF003ADE595 changes role from CANDIDATE to LEADER at term 2 for changeToLeader
2019-08-21 10:25:41,580 INFO  impl.RaftServerImpl (ServerState.java:setLeader(263)) - 55f62412-c2c8-4b92-80f9-2c0aa865c28e:group-6FF003ADE595 change Leader from null to 55f62412-c2c8-4b92-80f9-2c0aa865c28e at term 2 for becomeLeader, leader elected after 10273ms
2019-08-21 10:25:41,581 INFO  server.RaftServerConfigKeys (ConfUtils.java:logGet(43)) - raft.server.staging.catchup.gap = 1000 (default)
2019-08-21 10:25:41,581 INFO  server.RaftServerConfigKeys (ConfUtils.java:logGet(43)) - raft.server.rpc.sleep.time = 25ms (default)
2019-08-21 10:25:41,581 INFO  server.RaftServerConfigKeys (ConfUtils.java:logGet(43)) - raft.server.write.element-limit = 4096 (default)
2019-08-21 10:25:41,581 INFO  server.RaftServerConfigKeys (ConfUtils.java:logGet(43)) - raft.server.watch.timeout = 10s (default)
2019-08-21 10:25:41,581 INFO  server.RaftServerConfigKeys (ConfUtils.java:logGet(43)) - raft.server.watch.timeout.denomination = 1s (default)
2019-08-21 10:25:41,582 INFO  server.RaftServerConfigKeys (ConfUtils.java:logGet(43)) - raft.server.watch.element-limit = 65536 (default)
2019-08-21 10:25:41,582 INFO  server.RaftServerConfigKeys (ConfUtils.java:logGet(43)) - raft.server.log.appender.snapshot.chunk.size.max = 16MB (=16777216) (default)
2019-08-21 10:25:41,582 INFO  server.RaftServerConfigKeys (ConfUtils.java:logGet(43)) - raft.server.log.appender.buffer.byte-limit = 33554432 (custom)
2019-08-21 10:25:41,582 INFO  server.RaftServerConfigKeys (ConfUtils.java:logGet(43)) - raft.server.log.appender.buffer.element-limit = 1 (custom)
2019-08-21 10:25:41,583 INFO  grpc.GrpcConfigKeys$Server (ConfUtils.java:logGet(43)) - raft.grpc.server.leader.outstanding.appends.max = 128 (default)
2019-08-21 10:25:41,583 INFO  server.RaftServerConfigKeys (ConfUtils.java:logGet(43)) - raft.server.rpc.request.timeout = 3000ms (default)
2019-08-21 10:25:41,583 INFO  server.RaftServerConfigKeys (ConfUtils.java:logGet(43)) - raft.server.log.appender.install.snapshot.enabled = false (custom)
2019-08-21 10:25:41,583 INFO  server.RaftServerConfigKeys (ConfUtils.java:logGet(43)) - raft.server.log.appender.snapshot.chunk.size.max = 16MB (=16777216) (default)
2019-08-21 10:25:41,583 INFO  server.RaftServerConfigKeys (ConfUtils.java:logGet(43)) - raft.server.log.appender.buffer.byte-limit = 33554432 (custom)
2019-08-21 10:25:41,584 INFO  server.RaftServerConfigKeys (ConfUtils.java:logGet(43)) - raft.server.log.appender.buffer.element-limit = 1 (custom)
2019-08-21 10:25:41,584 INFO  grpc.GrpcConfigKeys$Server (ConfUtils.java:logGet(43)) - raft.grpc.server.leader.outstanding.appends.max = 128 (default)
2019-08-21 10:25:41,584 INFO  server.RaftServerConfigKeys (ConfUtils.java:logGet(43)) - raft.server.rpc.request.timeout = 3000ms (default)
2019-08-21 10:25:41,584 INFO  server.RaftServerConfigKeys (ConfUtils.java:logGet(43)) - raft.server.log.appender.install.snapshot.enabled = false (custom)
2019-08-21 10:25:41,585 INFO  impl.RoleInfo (RoleInfo.java:updateAndGet(143)) - 55f62412-c2c8-4b92-80f9-2c0aa865c28e: start LeaderState
2019-08-21 10:25:41,585 INFO  segmented.SegmentedRaftLogWorker (SegmentedRaftLogWorker.java:startLogSegment(380)) - 55f62412-c2c8-4b92-80f9-2c0aa865c28e-SegmentedRaftLogWorker:Storage Directory /workdir/hadoop-ozone/integration-test/target/test-dir/MiniOzoneClusterImpl-95143be0-755f-4bc3-975e-a4fe9db34024/datanode-1/data/ratis/5dcd0414-75a5-4212-bb5a-6ff003ade595: Starting segment from index:0
2019-08-21 10:25:41,586 INFO  impl.RaftServerImpl (ServerState.java:setRaftConf(361)) - 55f62412-c2c8-4b92-80f9-2c0aa865c28e:group-6FF003ADE595 set configuration 0: [55f62412-c2c8-4b92-80f9-2c0aa865c28e:192.168.69.125:34234, e095ffe6-3937-4878-89ac-e30ae8383dd7:192.168.69.125:41291, d929b274-4924-41b6-908a-f5a2820ffb18:192.168.69.125:38087], old=null at 0
2019-08-21 10:25:41,588 INFO  impl.RaftServerImpl (ServerState.java:setLeader(263)) - d929b274-4924-41b6-908a-f5a2820ffb18:group-6FF003ADE595 change Leader from null to 55f62412-c2c8-4b92-80f9-2c0aa865c28e at term 2 for appendEntries, leader elected after 10281ms
2019-08-21 10:25:41,621 INFO  impl.RaftServerImpl (ServerState.java:setLeader(263)) - e095ffe6-3937-4878-89ac-e30ae8383dd7:group-6FF003ADE595 change Leader from null to 55f62412-c2c8-4b92-80f9-2c0aa865c28e at term 2 for appendEntries, leader elected after 10313ms
2019-08-21 10:25:41,625 INFO  impl.RaftServerImpl (ServerState.java:setRaftConf(361)) - d929b274-4924-41b6-908a-f5a2820ffb18:group-6FF003ADE595 set configuration 0: [55f62412-c2c8-4b92-80f9-2c0aa865c28e:192.168.69.125:34234, e095ffe6-3937-4878-89ac-e30ae8383dd7:192.168.69.125:41291, d929b274-4924-41b6-908a-f5a2820ffb18:192.168.69.125:38087], old=null at 0
2019-08-21 10:25:41,625 INFO  impl.RaftServerImpl (ServerState.java:setRaftConf(361)) - e095ffe6-3937-4878-89ac-e30ae8383dd7:group-6FF003ADE595 set configuration 0: [55f62412-c2c8-4b92-80f9-2c0aa865c28e:192.168.69.125:34234, e095ffe6-3937-4878-89ac-e30ae8383dd7:192.168.69.125:41291, d929b274-4924-41b6-908a-f5a2820ffb18:192.168.69.125:38087], old=null at 0
2019-08-21 10:25:41,625 INFO  segmented.SegmentedRaftLogWorker (SegmentedRaftLogWorker.java:startLogSegment(380)) - d929b274-4924-41b6-908a-f5a2820ffb18-SegmentedRaftLogWorker:Storage Directory /workdir/hadoop-ozone/integration-test/target/test-dir/MiniOzoneClusterImpl-95143be0-755f-4bc3-975e-a4fe9db34024/datanode-2/data/ratis/5dcd0414-75a5-4212-bb5a-6ff003ade595: Starting segment from index:0
2019-08-21 10:25:41,625 INFO  segmented.SegmentedRaftLogWorker (SegmentedRaftLogWorker.java:startLogSegment(380)) - e095ffe6-3937-4878-89ac-e30ae8383dd7-SegmentedRaftLogWorker:Storage Directory /workdir/hadoop-ozone/integration-test/target/test-dir/MiniOzoneClusterImpl-95143be0-755f-4bc3-975e-a4fe9db34024/datanode-0/data/ratis/5dcd0414-75a5-4212-bb5a-6ff003ade595: Starting segment from index:0
2019-08-21 10:25:41,633 INFO  segmented.SegmentedRaftLogWorker (SegmentedRaftLogWorker.java:execute(569)) - 55f62412-c2c8-4b92-80f9-2c0aa865c28e-SegmentedRaftLogWorker:Storage Directory /workdir/hadoop-ozone/integration-test/target/test-dir/MiniOzoneClusterImpl-95143be0-755f-4bc3-975e-a4fe9db34024/datanode-1/data/ratis/5dcd0414-75a5-4212-bb5a-6ff003ade595: created new log segment /workdir/hadoop-ozone/integration-test/target/test-dir/MiniOzoneClusterImpl-95143be0-755f-4bc3-975e-a4fe9db34024/datanode-1/data/ratis/5dcd0414-75a5-4212-bb5a-6ff003ade595/current/log_inprogress_0
2019-08-21 10:25:41,665 INFO  segmented.SegmentedRaftLogWorker (SegmentedRaftLogWorker.java:execute(569)) - e095ffe6-3937-4878-89ac-e30ae8383dd7-SegmentedRaftLogWorker:Storage Directory /workdir/hadoop-ozone/integration-test/target/test-dir/MiniOzoneClusterImpl-95143be0-755f-4bc3-975e-a4fe9db34024/datanode-0/data/ratis/5dcd0414-75a5-4212-bb5a-6ff003ade595: created new log segment /workdir/hadoop-ozone/integration-test/target/test-dir/MiniOzoneClusterImpl-95143be0-755f-4bc3-975e-a4fe9db34024/datanode-0/data/ratis/5dcd0414-75a5-4212-bb5a-6ff003ade595/current/log_inprogress_0
2019-08-21 10:25:41,665 INFO  segmented.SegmentedRaftLogWorker (SegmentedRaftLogWorker.java:execute(569)) - d929b274-4924-41b6-908a-f5a2820ffb18-SegmentedRaftLogWorker:Storage Directory /workdir/hadoop-ozone/integration-test/target/test-dir/MiniOzoneClusterImpl-95143be0-755f-4bc3-975e-a4fe9db34024/datanode-2/data/ratis/5dcd0414-75a5-4212-bb5a-6ff003ade595: created new log segment /workdir/hadoop-ozone/integration-test/target/test-dir/MiniOzoneClusterImpl-95143be0-755f-4bc3-975e-a4fe9db34024/datanode-2/data/ratis/5dcd0414-75a5-4212-bb5a-6ff003ade595/current/log_inprogress_0
2019-08-21 10:25:45,845 INFO  client.GrpcClientProtocolClient (GrpcClientProtocolClient.java:onNext(255)) - client-9F567626FB0D->699643f3-5e28-4e25-b20c-8665c7439d94: receive RaftClientReply:client-9F567626FB0D->699643f3-5e28-4e25-b20c-8665c7439d94@group-FF42CFC15E38, cid=13, FAILED org.apache.ratis.protocol.NotLeaderException: Server 699643f3-5e28-4e25-b20c-8665c7439d94 is not the leader (ce345902-92fa-4d2c-9453-44767017310b:192.168.69.125:44090). Request must be sent to leader., logIndex=0, commits[699643f3-5e28-4e25-b20c-8665c7439d94:c2, 9b36faad-3033-48d3-adf8-4e1a4c45d42a:c2, ce345902-92fa-4d2c-9453-44767017310b:c2]
2019-08-21 10:25:45,864 INFO  client.GrpcClientProtocolClient (GrpcClientProtocolClient.java:onNext(255)) - client-9F567626FB0D->ce345902-92fa-4d2c-9453-44767017310b: receive RaftClientReply:client-9F567626FB0D->ce345902-92fa-4d2c-9453-44767017310b@group-FF42CFC15E38, cid=13, SUCCESS, logIndex=1, commits[ce345902-92fa-4d2c-9453-44767017310b:c1, 9b36faad-3033-48d3-adf8-4e1a4c45d42a:c0, 699643f3-5e28-4e25-b20c-8665c7439d94:c0]
2019-08-21 10:25:45,897 INFO  client.GrpcClientProtocolClient (GrpcClientProtocolClient.java:onNext(255)) - client-9F567626FB0D->ce345902-92fa-4d2c-9453-44767017310b: receive RaftClientReply:client-9F567626FB0D->ce345902-92fa-4d2c-9453-44767017310b@group-FF42CFC15E38, cid=14, SUCCESS, logIndex=3, commits[ce345902-92fa-4d2c-9453-44767017310b:c4, 9b36faad-3033-48d3-adf8-4e1a4c45d42a:c2, 699643f3-5e28-4e25-b20c-8665c7439d94:c2]
2019-08-21 10:25:45,957 INFO  client.GrpcClientProtocolClient (GrpcClientProtocolClient.java:onNext(255)) - client-9F567626FB0D->ce345902-92fa-4d2c-9453-44767017310b: receive RaftClientReply:client-9F567626FB0D->ce345902-92fa-4d2c-9453-44767017310b@group-FF42CFC15E38, cid=15, SUCCESS, logIndex=4, commits[ce345902-92fa-4d2c-9453-44767017310b:c12, 9b36faad-3033-48d3-adf8-4e1a4c45d42a:c7, 699643f3-5e28-4e25-b20c-8665c7439d94:c7]
2019-08-21 10:25:45,960 INFO  client.GrpcClientProtocolClient (GrpcClientProtocolClient.java:onNext(255)) - client-9F567626FB0D->ce345902-92fa-4d2c-9453-44767017310b: receive RaftClientReply:client-9F567626FB0D->ce345902-92fa-4d2c-9453-44767017310b@group-FF42CFC15E38, cid=16, SUCCESS, logIndex=5, commits[ce345902-92fa-4d2c-9453-44767017310b:c12, 9b36faad-3033-48d3-adf8-4e1a4c45d42a:c7, 699643f3-5e28-4e25-b20c-8665c7439d94:c7]
2019-08-21 10:25:45,960 INFO  client.GrpcClientProtocolClient (GrpcClientProtocolClient.java:onNext(255)) - client-9F567626FB0D->ce345902-92fa-4d2c-9453-44767017310b: receive RaftClientReply:client-9F567626FB0D->ce345902-92fa-4d2c-9453-44767017310b@group-FF42CFC15E38, cid=17, SUCCESS, logIndex=6, commits[ce345902-92fa-4d2c-9453-44767017310b:c12, 9b36faad-3033-48d3-adf8-4e1a4c45d42a:c7, 699643f3-5e28-4e25-b20c-8665c7439d94:c7]
2019-08-21 10:25:46,070 INFO  client.GrpcClientProtocolClient (GrpcClientProtocolClient.java:onNext(255)) - client-9F567626FB0D->ce345902-92fa-4d2c-9453-44767017310b: receive RaftClientReply:client-9F567626FB0D->ce345902-92fa-4d2c-9453-44767017310b@group-FF42CFC15E38, cid=18, SUCCESS, logIndex=7, commits[ce345902-92fa-4d2c-9453-44767017310b:c12, 9b36faad-3033-48d3-adf8-4e1a4c45d42a:c7, 699643f3-5e28-4e25-b20c-8665c7439d94:c7]
2019-08-21 10:25:46,096 INFO  client.GrpcClientProtocolClient (GrpcClientProtocolClient.java:onNext(255)) - client-9F567626FB0D->ce345902-92fa-4d2c-9453-44767017310b: receive RaftClientReply:client-9F567626FB0D->ce345902-92fa-4d2c-9453-44767017310b@group-FF42CFC15E38, cid=19, SUCCESS, logIndex=13, commits[ce345902-92fa-4d2c-9453-44767017310b:c14, 9b36faad-3033-48d3-adf8-4e1a4c45d42a:c12, 699643f3-5e28-4e25-b20c-8665c7439d94:c12]
2019-08-21 10:25:46,097 INFO  client.GrpcClientProtocolClient (GrpcClientProtocolClient.java:onNext(255)) - client-9F567626FB0D->ce345902-92fa-4d2c-9453-44767017310b: receive RaftClientReply:client-9F567626FB0D->ce345902-92fa-4d2c-9453-44767017310b@group-FF42CFC15E38, cid=20, SUCCESS, logIndex=14, commits[ce345902-92fa-4d2c-9453-44767017310b:c14, 9b36faad-3033-48d3-adf8-4e1a4c45d42a:c12, 699643f3-5e28-4e25-b20c-8665c7439d94:c12]
2019-08-21 10:25:46,116 INFO  client.GrpcClientProtocolClient (GrpcClientProtocolClient.java:onNext(255)) - client-9F567626FB0D->ce345902-92fa-4d2c-9453-44767017310b: receive RaftClientReply:client-9F567626FB0D->ce345902-92fa-4d2c-9453-44767017310b@group-FF42CFC15E38, cid=21, SUCCESS, logIndex=0, commits[ce345902-92fa-4d2c-9453-44767017310b:c16, 9b36faad-3033-48d3-adf8-4e1a4c45d42a:c14, 699643f3-5e28-4e25-b20c-8665c7439d94:c14]
2019-08-21 10:25:46,117 INFO  datanode.ObjectStoreHandler (ObjectStoreHandler.java:close(155)) - Closing ObjectStoreHandler.
2019-08-21 10:25:46,118 INFO  ozone.HddsDatanodeService (HddsDatanodeService.java:stop(451)) - Stopped plug-in org.apache.hadoop.ozone.web.OzoneHddsDatanodeService@508ad266
2019-08-21 10:25:46,958 INFO  statemachine.DatanodeStateMachine (DatanodeStateMachine.java:lambda$startDaemon$0(350)) - Ozone container server started.
2019-08-21 10:25:51,040 INFO  node.StaleNodeHandler (StaleNodeHandler.java:onMessage(58)) - Datanode 9b36faad-3033-48d3-adf8-4e1a4c45d42a{ip: 192.168.69.125, host: pr-hdds-1942-m6xfh-241770668, networkLocation: /default-rack, certSerialId: null} moved to stale state. Finalizing its pipelines [PipelineID=1c02ea4f-5677-4954-ad44-ff42cfc15e38, PipelineID=65accadf-8072-4463-904c-9fce7d743ab8]
2019-08-21 10:25:51,041 INFO  pipeline.SCMPipelineManager (SCMPipelineManager.java:finalizeAndDestroyPipeline(309)) - destroying pipeline:Pipeline[ Id: 1c02ea4f-5677-4954-ad44-ff42cfc15e38, Nodes: 9b36faad-3033-48d3-adf8-4e1a4c45d42a{ip: 192.168.69.125, host: pr-hdds-1942-m6xfh-241770668, networkLocation: /default-rack, certSerialId: null}699643f3-5e28-4e25-b20c-8665c7439d94{ip: 192.168.69.125, host: pr-hdds-1942-m6xfh-241770668, networkLocation: /default-rack, certSerialId: null}ce345902-92fa-4d2c-9453-44767017310b{ip: 192.168.69.125, host: pr-hdds-1942-m6xfh-241770668, networkLocation: /default-rack, certSerialId: null}, Type:RATIS, Factor:THREE, State:OPEN]
2019-08-21 10:25:51,043 INFO  pipeline.PipelineStateManager (PipelineStateManager.java:finalizePipeline(123)) - Pipeline Pipeline[ Id: 1c02ea4f-5677-4954-ad44-ff42cfc15e38, Nodes: 9b36faad-3033-48d3-adf8-4e1a4c45d42a{ip: 192.168.69.125, host: pr-hdds-1942-m6xfh-241770668, networkLocation: /default-rack, certSerialId: null}699643f3-5e28-4e25-b20c-8665c7439d94{ip: 192.168.69.125, host: pr-hdds-1942-m6xfh-241770668, networkLocation: /default-rack, certSerialId: null}ce345902-92fa-4d2c-9453-44767017310b{ip: 192.168.69.125, host: pr-hdds-1942-m6xfh-241770668, networkLocation: /default-rack, certSerialId: null}, Type:RATIS, Factor:THREE, State:CLOSED] moved to CLOSED state
2019-08-21 10:25:51,044 INFO  container.CloseContainerEventHandler (CloseContainerEventHandler.java:onMessage(61)) - Close container Event triggered for container : #1
2019-08-21 10:25:51,048 INFO  pipeline.SCMPipelineManager (SCMPipelineManager.java:finalizeAndDestroyPipeline(309)) - destroying pipeline:Pipeline[ Id: 65accadf-8072-4463-904c-9fce7d743ab8, Nodes: 9b36faad-3033-48d3-adf8-4e1a4c45d42a{ip: 192.168.69.125, host: pr-hdds-1942-m6xfh-241770668, networkLocation: /default-rack, certSerialId: null}, Type:RATIS, Factor:ONE, State:OPEN]
2019-08-21 10:25:51,050 INFO  pipeline.PipelineStateManager (PipelineStateManager.java:finalizePipeline(123)) - Pipeline Pipeline[ Id: 65accadf-8072-4463-904c-9fce7d743ab8, Nodes: 9b36faad-3033-48d3-adf8-4e1a4c45d42a{ip: 192.168.69.125, host: pr-hdds-1942-m6xfh-241770668, networkLocation: /default-rack, certSerialId: null}, Type:RATIS, Factor:ONE, State:CLOSED] moved to CLOSED state
2019-08-21 10:25:51,119 INFO  ozoneimpl.OzoneContainer (OzoneContainer.java:stop(199)) - Attempting to stop container services.
2019-08-21 10:25:51,120 INFO  impl.RaftServerProxy (RaftServerProxy.java:lambda$close$4(314)) - 9b36faad-3033-48d3-adf8-4e1a4c45d42a: close
2019-08-21 10:25:51,122 INFO  impl.RaftServerImpl (RaftServerImpl.java:lambda$shutdown$3(245)) - 9b36faad-3033-48d3-adf8-4e1a4c45d42a: shutdown group-FF42CFC15E38
2019-08-21 10:25:51,123 INFO  impl.RaftServerImpl (RaftServerImpl.java:lambda$shutdown$3(245)) - 9b36faad-3033-48d3-adf8-4e1a4c45d42a: shutdown group-9FCE7D743AB8
2019-08-21 10:25:51,123 INFO  util.JmxRegister (JmxRegister.java:unregister(73)) - Successfully un-registered JMX Bean with object name Ratis:service=RaftServer,group=group-FF42CFC15E38,id=9b36faad-3033-48d3-adf8-4e1a4c45d42a
2019-08-21 10:25:51,123 INFO  util.JmxRegister (JmxRegister.java:unregister(73)) - Successfully un-registered JMX Bean with object name Ratis:service=RaftServer,group=group-9FCE7D743AB8,id=9b36faad-3033-48d3-adf8-4e1a4c45d42a
2019-08-21 10:25:51,124 INFO  impl.RoleInfo (RoleInfo.java:shutdownFollowerState(121)) - 9b36faad-3033-48d3-adf8-4e1a4c45d42a: shutdown FollowerState
2019-08-21 10:25:51,124 INFO  impl.RoleInfo (RoleInfo.java:shutdownLeaderState(104)) - 9b36faad-3033-48d3-adf8-4e1a4c45d42a: shutdown LeaderState
2019-08-21 10:25:51,124 INFO  impl.FollowerState (FollowerState.java:run(114)) - 9b36faad-3033-48d3-adf8-4e1a4c45d42a: FollowerState was interrupted: java.lang.InterruptedException: sleep interrupted
2019-08-21 10:25:51,124 INFO  impl.StateMachineUpdater (StateMachineUpdater.java:stopAndJoin(115)) - StateMachineUpdater:9b36faad-3033-48d3-adf8-4e1a4c45d42a:group-FF42CFC15E38: set stopIndex = 16
2019-08-21 10:25:51,131 INFO  ratis.ContainerStateMachine (ContainerStateMachine.java:takeSnapshot(271)) - group-FF42CFC15E38: Taking a snapshot at:(t:1, i:14) file /workdir/hadoop-ozone/integration-test/target/test-dir/MiniOzoneClusterImpl-95143be0-755f-4bc3-975e-a4fe9db34024/datanode-3/data/ratis/1c02ea4f-5677-4954-ad44-ff42cfc15e38/sm/snapshot.1_14
2019-08-21 10:25:51,132 INFO  impl.PendingRequests (PendingRequests.java:sendNotLeaderResponses(202)) - 9b36faad-3033-48d3-adf8-4e1a4c45d42a-PendingRequests: sendNotLeaderResponses
2019-08-21 10:25:51,134 INFO  impl.StateMachineUpdater (StateMachineUpdater.java:stopAndJoin(115)) - StateMachineUpdater:9b36faad-3033-48d3-adf8-4e1a4c45d42a:group-9FCE7D743AB8: set stopIndex = 0
2019-08-21 10:25:51,147 INFO  impl.RaftServerImpl (ServerState.java:close(394)) - 9b36faad-3033-48d3-adf8-4e1a4c45d42a:group-9FCE7D743AB8 closes. The last applied log index is 0
2019-08-21 10:25:51,150 INFO  segmented.SegmentedRaftLogWorker (SegmentedRaftLogWorker.java:run(313)) - 9b36faad-3033-48d3-adf8-4e1a4c45d42a-SegmentedRaftLogWorker:Storage Directory /workdir/hadoop-ozone/integration-test/target/test-dir/MiniOzoneClusterImpl-95143be0-755f-4bc3-975e-a4fe9db34024/datanode-3/data/ratis/65accadf-8072-4463-904c-9fce7d743ab8 was interrupted, exiting. There are 0 tasks remaining in the queue.
2019-08-21 10:25:51,154 INFO  segmented.SegmentedRaftLogWorker (SegmentedRaftLogWorker.java:close(228)) - 9b36faad-3033-48d3-adf8-4e1a4c45d42a-SegmentedRaftLogWorker:Storage Directory /workdir/hadoop-ozone/integration-test/target/test-dir/MiniOzoneClusterImpl-95143be0-755f-4bc3-975e-a4fe9db34024/datanode-3/data/ratis/65accadf-8072-4463-904c-9fce7d743ab8 close()
2019-08-21 10:25:51,177 INFO  ratis.ContainerStateMachine (ContainerStateMachine.java:takeSnapshot(282)) - group-FF42CFC15E38: Finished taking a snapshot at:(t:1, i:14) file:/workdir/hadoop-ozone/integration-test/target/test-dir/MiniOzoneClusterImpl-95143be0-755f-4bc3-975e-a4fe9db34024/datanode-3/data/ratis/1c02ea4f-5677-4954-ad44-ff42cfc15e38/sm/snapshot.1_14 time:52
2019-08-21 10:25:51,177 INFO  impl.StateMachineUpdater (StateMachineUpdater.java:takeSnapshot(242)) - StateMachineUpdater:9b36faad-3033-48d3-adf8-4e1a4c45d42a:group-FF42CFC15E38: Took a snapshot at index 14
2019-08-21 10:25:51,178 INFO  impl.StateMachineUpdater (StateMachineUpdater.java:lambda$new$0(80)) - StateMachineUpdater:9b36faad-3033-48d3-adf8-4e1a4c45d42a:group-FF42CFC15E38: snapshotIndex: updateIncreasingly -1 -> 14
2019-08-21 10:25:51,182 INFO  impl.RaftServerImpl (ServerState.java:close(394)) - 9b36faad-3033-48d3-adf8-4e1a4c45d42a:group-FF42CFC15E38 closes. The last applied log index is 16
2019-08-21 10:25:51,183 INFO  segmented.SegmentedRaftLogWorker (SegmentedRaftLogWorker.java:run(313)) - 9b36faad-3033-48d3-adf8-4e1a4c45d42a-SegmentedRaftLogWorker:Storage Directory /workdir/hadoop-ozone/integration-test/target/test-dir/MiniOzoneClusterImpl-95143be0-755f-4bc3-975e-a4fe9db34024/datanode-3/data/ratis/1c02ea4f-5677-4954-ad44-ff42cfc15e38 was interrupted, exiting. There are 0 tasks remaining in the queue.
2019-08-21 10:25:51,185 INFO  segmented.SegmentedRaftLogWorker (SegmentedRaftLogWorker.java:close(228)) - 9b36faad-3033-48d3-adf8-4e1a4c45d42a-SegmentedRaftLogWorker:Storage Directory /workdir/hadoop-ozone/integration-test/target/test-dir/MiniOzoneClusterImpl-95143be0-755f-4bc3-975e-a4fe9db34024/datanode-3/data/ratis/1c02ea4f-5677-4954-ad44-ff42cfc15e38 close()
2019-08-21 10:25:51,190 INFO  server.GrpcService (GrpcService.java:closeImpl(155)) - 9b36faad-3033-48d3-adf8-4e1a4c45d42a: shutdown server with port 33349 now
2019-08-21 10:25:51,198 INFO  server.GrpcService (GrpcService.java:closeImpl(163)) - 9b36faad-3033-48d3-adf8-4e1a4c45d42a: shutdown server with port 33349 successfully
2019-08-21 10:25:51,201 WARN  server.GrpcServerProtocolService (LogUtils.java:warn(134)) - 9b36faad-3033-48d3-adf8-4e1a4c45d42a: appendEntries onError: org.apache.ratis.thirdparty.io.grpc.StatusRuntimeException: CANCELLED: cancelled before receiving half close
2019-08-21 10:25:51,203 WARN  server.GrpcLogAppender (LogUtils.java:warn(134)) - ce345902-92fa-4d2c-9453-44767017310b->9b36faad-3033-48d3-adf8-4e1a4c45d42a: Failed appendEntries: org.apache.ratis.thirdparty.io.grpc.StatusRuntimeException: CANCELLED: HTTP/2 error code: CANCEL
Received Rst Stream
2019-08-21 10:25:51,205 INFO  utils.BackgroundService (BackgroundService.java:shutdown(148)) - Shutting down service BlockDeletingService
2019-08-21 10:25:51,208 INFO  impl.FollowerInfo (FollowerInfo.java:lambda$new$0(50)) - ce345902-92fa-4d2c-9453-44767017310b->9b36faad-3033-48d3-adf8-4e1a4c45d42a: nextIndex: updateUnconditionally 17 -> 16
2019-08-21 10:25:51,209 WARN  fs.CachingGetSpaceUsed (CachingGetSpaceUsed.java:run(183)) - Thread Interrupted waiting to refresh disk information: sleep interrupted
2019-08-21 10:25:51,225 INFO  statemachine.DatanodeStateMachine (DatanodeStateMachine.java:stopDaemon(395)) - Ozone container server stopped.
2019-08-21 10:25:51,229 INFO  handler.ContextHandler (ContextHandler.java:doStop(910)) - Stopped o.e.j.w.WebAppContext@5d1d9d73{/,null,UNAVAILABLE}{/hddsDatanode}
2019-08-21 10:25:51,234 INFO  server.AbstractConnector (AbstractConnector.java:doStop(318)) - Stopped ServerConnector@b30a50d{HTTP/1.1,[http/1.1]}{0.0.0.0:0}
2019-08-21 10:25:51,234 INFO  handler.ContextHandler (ContextHandler.java:doStop(910)) - Stopped o.e.j.s.ServletContextHandler@58a765ce{/static,jar:file:/home/user/.m2/repository/org/apache/hadoop/hadoop-hdds-container-service/0.5.0-SNAPSHOT/hadoop-hdds-container-service-0.5.0-SNAPSHOT.jar!/webapps/static,UNAVAILABLE}
2019-08-21 10:25:51,234 INFO  handler.ContextHandler (ContextHandler.java:doStop(910)) - Stopped o.e.j.s.ServletContextHandler@3b435211{/logs,file:///workdir/hadoop-ozone/integration-test/target/log,UNAVAILABLE}
2019-08-21 10:25:51,236 INFO  datanode.ObjectStoreHandler (ObjectStoreHandler.java:close(155)) - Closing ObjectStoreHandler.
2019-08-21 10:25:51,237 INFO  ozone.HddsDatanodeService (HddsDatanodeService.java:stop(451)) - Stopped plug-in org.apache.hadoop.ozone.web.OzoneHddsDatanodeService@23e61112
2019-08-21 10:25:51,957 INFO  statemachine.DatanodeStateMachine (DatanodeStateMachine.java:lambda$startDaemon$0(350)) - Ozone container server started.
2019-08-21 10:25:53,638 WARN  server.GrpcLogAppender (LogUtils.java:warn(134)) - ce345902-92fa-4d2c-9453-44767017310b->9b36faad-3033-48d3-adf8-4e1a4c45d42a: Failed appendEntries: org.apache.ratis.thirdparty.io.grpc.StatusRuntimeException: UNAVAILABLE: io exception
2019-08-21 10:25:53,640 INFO  impl.FollowerInfo (FollowerInfo.java:lambda$new$0(50)) - ce345902-92fa-4d2c-9453-44767017310b->9b36faad-3033-48d3-adf8-4e1a4c45d42a: nextIndex: updateUnconditionally 16 -> 15
2019-08-21 10:25:53,989 WARN  server.GrpcLogAppender (LogUtils.java:warn(134)) - ce345902-92fa-4d2c-9453-44767017310b->9b36faad-3033-48d3-adf8-4e1a4c45d42a: Failed appendEntries: org.apache.ratis.thirdparty.io.grpc.StatusRuntimeException: UNAVAILABLE: io exception
2019-08-21 10:25:53,991 INFO  impl.FollowerInfo (FollowerInfo.java:lambda$new$0(50)) - ce345902-92fa-4d2c-9453-44767017310b->9b36faad-3033-48d3-adf8-4e1a4c45d42a: nextIndex: updateUnconditionally 16 -> 15
2019-08-21 10:25:54,002 WARN  server.GrpcLogAppender (LogUtils.java:warn(134)) - ce345902-92fa-4d2c-9453-44767017310b->9b36faad-3033-48d3-adf8-4e1a4c45d42a: Failed appendEntries: org.apache.ratis.thirdparty.io.grpc.StatusRuntimeException: UNAVAILABLE: io exception
2019-08-21 10:25:54,004 INFO  impl.FollowerInfo (FollowerInfo.java:lambda$new$0(50)) - ce345902-92fa-4d2c-9453-44767017310b->9b36faad-3033-48d3-adf8-4e1a4c45d42a: nextIndex: updateUnconditionally 16 -> 15
2019-08-21 10:25:54,021 WARN  server.GrpcLogAppender (LogUtils.java:warn(134)) - ce345902-92fa-4d2c-9453-44767017310b->9b36faad-3033-48d3-adf8-4e1a4c45d42a: Failed appendEntries: org.apache.ratis.thirdparty.io.grpc.StatusRuntimeException: UNAVAILABLE: io exception
2019-08-21 10:25:54,023 INFO  impl.FollowerInfo (FollowerInfo.java:lambda$new$0(50)) - ce345902-92fa-4d2c-9453-44767017310b->9b36faad-3033-48d3-adf8-4e1a4c45d42a: nextIndex: updateUnconditionally 16 -> 15
2019-08-21 10:25:54,077 INFO  interfaces.Container (KeyValueContainer.java:compactDB(356)) - Container 1 is closed with bcsId 14.
2019-08-21 10:25:54,083 INFO  container.IncrementalContainerReportHandler (AbstractContainerReportHandler.java:updateContainerState(176)) - Moving container #1 to CLOSED state, datanode ce345902-92fa-4d2c-9453-44767017310b{ip: 192.168.69.125, host: pr-hdds-1942-m6xfh-241770668, networkLocation: /default-rack, certSerialId: null} reported CLOSED replica.
2019-08-21 10:25:54,134 INFO  interfaces.Container (KeyValueContainer.java:compactDB(356)) - Container 1 is closed with bcsId 14.
2019-08-21 10:25:56,055 INFO  node.StaleNodeHandler (StaleNodeHandler.java:onMessage(58)) - Datanode 699643f3-5e28-4e25-b20c-8665c7439d94{ip: 192.168.69.125, host: pr-hdds-1942-m6xfh-241770668, networkLocation: /default-rack, certSerialId: null} moved to stale state. Finalizing its pipelines [PipelineID=06ef5992-187a-4ec5-b2d3-3149c4b34a7b, PipelineID=1c02ea4f-5677-4954-ad44-ff42cfc15e38]
2019-08-21 10:25:56,055 INFO  pipeline.SCMPipelineManager (SCMPipelineManager.java:finalizeAndDestroyPipeline(309)) - destroying pipeline:Pipeline[ Id: 06ef5992-187a-4ec5-b2d3-3149c4b34a7b, Nodes: 699643f3-5e28-4e25-b20c-8665c7439d94{ip: 192.168.69.125, host: pr-hdds-1942-m6xfh-241770668, networkLocation: /default-rack, certSerialId: null}, Type:RATIS, Factor:ONE, State:OPEN]
2019-08-21 10:25:56,056 INFO  pipeline.PipelineStateManager (PipelineStateManager.java:finalizePipeline(123)) - Pipeline Pipeline[ Id: 06ef5992-187a-4ec5-b2d3-3149c4b34a7b, Nodes: 699643f3-5e28-4e25-b20c-8665c7439d94{ip: 192.168.69.125, host: pr-hdds-1942-m6xfh-241770668, networkLocation: /default-rack, certSerialId: null}, Type:RATIS, Factor:ONE, State:CLOSED] moved to CLOSED state
2019-08-21 10:25:56,056 INFO  pipeline.SCMPipelineManager (SCMPipelineManager.java:finalizeAndDestroyPipeline(309)) - destroying pipeline:Pipeline[ Id: 1c02ea4f-5677-4954-ad44-ff42cfc15e38, Nodes: 9b36faad-3033-48d3-adf8-4e1a4c45d42a{ip: 192.168.69.125, host: pr-hdds-1942-m6xfh-241770668, networkLocation: /default-rack, certSerialId: null}699643f3-5e28-4e25-b20c-8665c7439d94{ip: 192.168.69.125, host: pr-hdds-1942-m6xfh-241770668, networkLocation: /default-rack, certSerialId: null}ce345902-92fa-4d2c-9453-44767017310b{ip: 192.168.69.125, host: pr-hdds-1942-m6xfh-241770668, networkLocation: /default-rack, certSerialId: null}, Type:RATIS, Factor:THREE, State:CLOSED]
2019-08-21 10:25:56,238 INFO  ozoneimpl.OzoneContainer (OzoneContainer.java:stop(199)) - Attempting to stop container services.
2019-08-21 10:25:56,238 INFO  impl.RaftServerProxy (RaftServerProxy.java:lambda$close$4(314)) - 699643f3-5e28-4e25-b20c-8665c7439d94: close
2019-08-21 10:25:56,239 INFO  impl.RaftServerImpl (RaftServerImpl.java:lambda$shutdown$3(245)) - 699643f3-5e28-4e25-b20c-8665c7439d94: shutdown group-3149C4B34A7B
2019-08-21 10:25:56,239 INFO  util.JmxRegister (JmxRegister.java:unregister(73)) - Successfully un-registered JMX Bean with object name Ratis:service=RaftServer,group=group-3149C4B34A7B,id=699643f3-5e28-4e25-b20c-8665c7439d94
2019-08-21 10:25:56,239 INFO  impl.RoleInfo (RoleInfo.java:shutdownLeaderState(104)) - 699643f3-5e28-4e25-b20c-8665c7439d94: shutdown LeaderState
2019-08-21 10:25:56,239 INFO  impl.PendingRequests (PendingRequests.java:sendNotLeaderResponses(202)) - 699643f3-5e28-4e25-b20c-8665c7439d94-PendingRequests: sendNotLeaderResponses
2019-08-21 10:25:56,240 INFO  impl.StateMachineUpdater (StateMachineUpdater.java:stopAndJoin(115)) - StateMachineUpdater:699643f3-5e28-4e25-b20c-8665c7439d94:group-3149C4B34A7B: set stopIndex = 0
2019-08-21 10:25:56,240 INFO  impl.RaftServerImpl (ServerState.java:close(394)) - 699643f3-5e28-4e25-b20c-8665c7439d94:group-3149C4B34A7B closes. The last applied log index is 0
2019-08-21 10:25:56,240 INFO  segmented.SegmentedRaftLogWorker (SegmentedRaftLogWorker.java:run(313)) - 699643f3-5e28-4e25-b20c-8665c7439d94-SegmentedRaftLogWorker:Storage Directory /workdir/hadoop-ozone/integration-test/target/test-dir/MiniOzoneClusterImpl-95143be0-755f-4bc3-975e-a4fe9db34024/datanode-4/data/ratis/06ef5992-187a-4ec5-b2d3-3149c4b34a7b was interrupted, exiting. There are 0 tasks remaining in the queue.
2019-08-21 10:25:56,244 INFO  segmented.SegmentedRaftLogWorker (SegmentedRaftLogWorker.java:close(228)) - 699643f3-5e28-4e25-b20c-8665c7439d94-SegmentedRaftLogWorker:Storage Directory /workdir/hadoop-ozone/integration-test/target/test-dir/MiniOzoneClusterImpl-95143be0-755f-4bc3-975e-a4fe9db34024/datanode-4/data/ratis/06ef5992-187a-4ec5-b2d3-3149c4b34a7b close()
2019-08-21 10:25:56,247 INFO  impl.RaftServerImpl (RaftServerImpl.java:lambda$shutdown$3(245)) - 699643f3-5e28-4e25-b20c-8665c7439d94: shutdown group-FF42CFC15E38
2019-08-21 10:25:56,247 INFO  util.JmxRegister (JmxRegister.java:unregister(73)) - Successfully un-registered JMX Bean with object name Ratis:service=RaftServer,group=group-FF42CFC15E38,id=699643f3-5e28-4e25-b20c-8665c7439d94
2019-08-21 10:25:56,247 INFO  impl.RoleInfo (RoleInfo.java:shutdownFollowerState(121)) - 699643f3-5e28-4e25-b20c-8665c7439d94: shutdown FollowerState
2019-08-21 10:25:56,248 INFO  impl.StateMachineUpdater (StateMachineUpdater.java:stopAndJoin(115)) - StateMachineUpdater:699643f3-5e28-4e25-b20c-8665c7439d94:group-FF42CFC15E38: set stopIndex = 17
2019-08-21 10:25:56,248 INFO  impl.FollowerState (FollowerState.java:run(114)) - 699643f3-5e28-4e25-b20c-8665c7439d94: FollowerState was interrupted: java.lang.InterruptedException: sleep interrupted
2019-08-21 10:25:56,248 INFO  ratis.ContainerStateMachine (ContainerStateMachine.java:takeSnapshot(271)) - group-FF42CFC15E38: Taking a snapshot at:(t:1, i:17) file /workdir/hadoop-ozone/integration-test/target/test-dir/MiniOzoneClusterImpl-95143be0-755f-4bc3-975e-a4fe9db34024/datanode-4/data/ratis/1c02ea4f-5677-4954-ad44-ff42cfc15e38/sm/snapshot.1_17
2019-08-21 10:25:56,254 INFO  ratis.ContainerStateMachine (ContainerStateMachine.java:takeSnapshot(282)) - group-FF42CFC15E38: Finished taking a snapshot at:(t:1, i:17) file:/workdir/hadoop-ozone/integration-test/target/test-dir/MiniOzoneClusterImpl-95143be0-755f-4bc3-975e-a4fe9db34024/datanode-4/data/ratis/1c02ea4f-5677-4954-ad44-ff42cfc15e38/sm/snapshot.1_17 time:7
2019-08-21 10:25:56,255 INFO  impl.StateMachineUpdater (StateMachineUpdater.java:takeSnapshot(242)) - StateMachineUpdater:699643f3-5e28-4e25-b20c-8665c7439d94:group-FF42CFC15E38: Took a snapshot at index 17
2019-08-21 10:25:56,255 INFO  impl.StateMachineUpdater (StateMachineUpdater.java:lambda$new$0(80)) - StateMachineUpdater:699643f3-5e28-4e25-b20c-8665c7439d94:group-FF42CFC15E38: snapshotIndex: updateIncreasingly -1 -> 17
2019-08-21 10:25:56,255 INFO  impl.RaftServerImpl (ServerState.java:close(394)) - 699643f3-5e28-4e25-b20c-8665c7439d94:group-FF42CFC15E38 closes. The last applied log index is 17
2019-08-21 10:25:56,256 INFO  segmented.SegmentedRaftLogWorker (SegmentedRaftLogWorker.java:run(313)) - 699643f3-5e28-4e25-b20c-8665c7439d94-SegmentedRaftLogWorker:Storage Directory /workdir/hadoop-ozone/integration-test/target/test-dir/MiniOzoneClusterImpl-95143be0-755f-4bc3-975e-a4fe9db34024/datanode-4/data/ratis/1c02ea4f-5677-4954-ad44-ff42cfc15e38 was interrupted, exiting. There are 0 tasks remaining in the queue.
2019-08-21 10:25:56,258 INFO  segmented.SegmentedRaftLogWorker (SegmentedRaftLogWorker.java:close(228)) - 699643f3-5e28-4e25-b20c-8665c7439d94-SegmentedRaftLogWorker:Storage Directory /workdir/hadoop-ozone/integration-test/target/test-dir/MiniOzoneClusterImpl-95143be0-755f-4bc3-975e-a4fe9db34024/datanode-4/data/ratis/1c02ea4f-5677-4954-ad44-ff42cfc15e38 close()
2019-08-21 10:25:56,261 INFO  server.GrpcService (GrpcService.java:closeImpl(155)) - 699643f3-5e28-4e25-b20c-8665c7439d94: shutdown server with port 37679 now
2019-08-21 10:25:56,262 WARN  server.GrpcServerProtocolService (LogUtils.java:warn(134)) - 699643f3-5e28-4e25-b20c-8665c7439d94: appendEntries onError: org.apache.ratis.thirdparty.io.grpc.StatusRuntimeException: CANCELLED: cancelled before receiving half close
2019-08-21 10:25:56,265 INFO  server.GrpcService (GrpcService.java:closeImpl(163)) - 699643f3-5e28-4e25-b20c-8665c7439d94: shutdown server with port 37679 successfully
2019-08-21 10:25:56,265 WARN  server.GrpcLogAppender (LogUtils.java:warn(134)) - ce345902-92fa-4d2c-9453-44767017310b->699643f3-5e28-4e25-b20c-8665c7439d94: Failed appendEntries: org.apache.ratis.thirdparty.io.grpc.StatusRuntimeException: CANCELLED: HTTP/2 error code: CANCEL
Received Rst Stream
2019-08-21 10:25:56,269 INFO  impl.FollowerInfo (FollowerInfo.java:lambda$new$0(50)) - ce345902-92fa-4d2c-9453-44767017310b->699643f3-5e28-4e25-b20c-8665c7439d94: nextIndex: updateUnconditionally 19 -> 18
2019-08-21 10:25:56,271 INFO  utils.BackgroundService (BackgroundService.java:shutdown(148)) - Shutting down service BlockDeletingService
2019-08-21 10:25:56,275 WARN  fs.CachingGetSpaceUsed (CachingGetSpaceUsed.java:run(183)) - Thread Interrupted waiting to refresh disk information: sleep interrupted
2019-08-21 10:25:56,293 INFO  statemachine.DatanodeStateMachine (DatanodeStateMachine.java:stopDaemon(395)) - Ozone container server stopped.
2019-08-21 10:25:56,294 INFO  handler.ContextHandler (ContextHandler.java:doStop(910)) - Stopped o.e.j.w.WebAppContext@4837f97e{/,null,UNAVAILABLE}{/hddsDatanode}
2019-08-21 10:25:56,295 INFO  server.AbstractConnector (AbstractConnector.java:doStop(318)) - Stopped ServerConnector@53314f76{HTTP/1.1,[http/1.1]}{0.0.0.0:0}
2019-08-21 10:25:56,296 INFO  handler.ContextHandler (ContextHandler.java:doStop(910)) - Stopped o.e.j.s.ServletContextHandler@30abf79c{/static,jar:file:/home/user/.m2/repository/org/apache/hadoop/hadoop-hdds-container-service/0.5.0-SNAPSHOT/hadoop-hdds-container-service-0.5.0-SNAPSHOT.jar!/webapps/static,UNAVAILABLE}
2019-08-21 10:25:56,296 INFO  handler.ContextHandler (ContextHandler.java:doStop(910)) - Stopped o.e.j.s.ServletContextHandler@2bd8f7db{/logs,file:///workdir/hadoop-ozone/integration-test/target/log,UNAVAILABLE}
10:25:56.303 [grpc-default-executor-1] ERROR DNAudit - user=null | ip=null | op=WRITE_CHUNK {blockData=conID: 1 locID: 102654484972109825 bcsId: 14} | ret=FAILURE
org.apache.hadoop.hdds.scm.container.common.helpers.ContainerNotOpenException: Container 1 in CLOSED state
	at org.apache.hadoop.ozone.container.common.impl.HddsDispatcher.validateContainerCommand(HddsDispatcher.java:408) ~[hadoop-hdds-container-service-0.5.0-SNAPSHOT.jar:?]
	at org.apache.hadoop.ozone.container.common.transport.server.ratis.ContainerStateMachine.startTransaction(ContainerStateMachine.java:297) ~[hadoop-hdds-container-service-0.5.0-SNAPSHOT.jar:?]
	at org.apache.ratis.server.impl.RaftServerImpl.submitClientRequestAsync(RaftServerImpl.java:566) ~[ratis-server-0.4.0-2337318-SNAPSHOT.jar:0.4.0-2337318-SNAPSHOT]
	at org.apache.ratis.server.impl.RaftServerProxy.lambda$submitClientRequestAsync$7(RaftServerProxy.java:333) ~[ratis-server-0.4.0-2337318-SNAPSHOT.jar:0.4.0-2337318-SNAPSHOT]
	at org.apache.ratis.server.impl.RaftServerProxy.lambda$null$5(RaftServerProxy.java:328) ~[ratis-server-0.4.0-2337318-SNAPSHOT.jar:0.4.0-2337318-SNAPSHOT]
	at org.apache.ratis.util.JavaUtils.callAsUnchecked(JavaUtils.java:109) ~[ratis-common-0.4.0-2337318-SNAPSHOT.jar:0.4.0-2337318-SNAPSHOT]
	at org.apache.ratis.server.impl.RaftServerProxy.lambda$submitRequest$6(RaftServerProxy.java:328) ~[ratis-server-0.4.0-2337318-SNAPSHOT.jar:0.4.0-2337318-SNAPSHOT]
	at java.util.concurrent.CompletableFuture.uniComposeStage(CompletableFuture.java:981) ~[?:1.8.0_212]
	at java.util.concurrent.CompletableFuture.thenCompose(CompletableFuture.java:2124) ~[?:1.8.0_212]
	at org.apache.ratis.server.impl.RaftServerProxy.submitRequest(RaftServerProxy.java:327) ~[ratis-server-0.4.0-2337318-SNAPSHOT.jar:0.4.0-2337318-SNAPSHOT]
	at org.apache.ratis.server.impl.RaftServerProxy.submitClientRequestAsync(RaftServerProxy.java:333) ~[ratis-server-0.4.0-2337318-SNAPSHOT.jar:0.4.0-2337318-SNAPSHOT]
	at org.apache.ratis.grpc.client.GrpcClientProtocolService$RequestStreamObserver.processClientRequest(GrpcClientProtocolService.java:220) ~[ratis-grpc-0.4.0-2337318-SNAPSHOT.jar:0.4.0-2337318-SNAPSHOT]
	at org.apache.ratis.grpc.client.GrpcClientProtocolService$OrderedRequestStreamObserver.processClientRequest(GrpcClientProtocolService.java:326) ~[ratis-grpc-0.4.0-2337318-SNAPSHOT.jar:0.4.0-2337318-SNAPSHOT]
	at org.apache.ratis.util.SlidingWindow$Server.processRequestsFromHead(SlidingWindow.java:429) [ratis-common-0.4.0-2337318-SNAPSHOT.jar:0.4.0-2337318-SNAPSHOT]
	at org.apache.ratis.util.SlidingWindow$Server.receivedRequest(SlidingWindow.java:421) [ratis-common-0.4.0-2337318-SNAPSHOT.jar:0.4.0-2337318-SNAPSHOT]
	at org.apache.ratis.grpc.client.GrpcClientProtocolService$OrderedRequestStreamObserver.processClientRequest(GrpcClientProtocolService.java:345) [ratis-grpc-0.4.0-2337318-SNAPSHOT.jar:0.4.0-2337318-SNAPSHOT]
	at org.apache.ratis.grpc.client.GrpcClientProtocolService$RequestStreamObserver.onNext(GrpcClientProtocolService.java:240) [ratis-grpc-0.4.0-2337318-SNAPSHOT.jar:0.4.0-2337318-SNAPSHOT]
	at org.apache.ratis.grpc.client.GrpcClientProtocolService$RequestStreamObserver.onNext(GrpcClientProtocolService.java:168) [ratis-grpc-0.4.0-2337318-SNAPSHOT.jar:0.4.0-2337318-SNAPSHOT]
	at org.apache.ratis.thirdparty.io.grpc.stub.ServerCalls$StreamingServerCallHandler$StreamingServerCallListener.onMessage(ServerCalls.java:248) [ratis-thirdparty-misc-0.2.0.jar:0.2.0]
	at org.apache.ratis.thirdparty.io.grpc.internal.ServerCallImpl$ServerStreamListenerImpl.messagesAvailable(ServerCallImpl.java:263) [ratis-thirdparty-misc-0.2.0.jar:0.2.0]
	at org.apache.ratis.thirdparty.io.grpc.internal.ServerImpl$JumpToApplicationThreadServerStreamListener$1MessagesAvailable.runInContext(ServerImpl.java:686) [ratis-thirdparty-misc-0.2.0.jar:0.2.0]
	at org.apache.ratis.thirdparty.io.grpc.internal.ContextRunnable.run(ContextRunnable.java:37) [ratis-thirdparty-misc-0.2.0.jar:0.2.0]
	at org.apache.ratis.thirdparty.io.grpc.internal.SerializingExecutor.run(SerializingExecutor.java:123) [ratis-thirdparty-misc-0.2.0.jar:0.2.0]
	at java.util.concurrent.ThreadPoolExecutor.runWorker(ThreadPoolExecutor.java:1149) [?:1.8.0_212]
	at java.util.concurrent.ThreadPoolExecutor$Worker.run(ThreadPoolExecutor.java:624) [?:1.8.0_212]
	at java.lang.Thread.run(Thread.java:748) [?:1.8.0_212]
10:25:56.327 [grpc-default-executor-1] ERROR DNAudit - user=null | ip=null | op=WRITE_CHUNK {blockData=conID: 1 locID: 102654484972109825 bcsId: 14} | ret=FAILURE
org.apache.hadoop.hdds.scm.container.common.helpers.ContainerNotOpenException: Container 1 in CLOSED state
	at org.apache.hadoop.ozone.container.common.impl.HddsDispatcher.validateContainerCommand(HddsDispatcher.java:408) ~[hadoop-hdds-container-service-0.5.0-SNAPSHOT.jar:?]
	at org.apache.hadoop.ozone.container.common.transport.server.ratis.ContainerStateMachine.startTransaction(ContainerStateMachine.java:297) ~[hadoop-hdds-container-service-0.5.0-SNAPSHOT.jar:?]
	at org.apache.ratis.server.impl.RaftServerImpl.submitClientRequestAsync(RaftServerImpl.java:566) ~[ratis-server-0.4.0-2337318-SNAPSHOT.jar:0.4.0-2337318-SNAPSHOT]
	at org.apache.ratis.server.impl.RaftServerProxy.lambda$submitClientRequestAsync$7(RaftServerProxy.java:333) ~[ratis-server-0.4.0-2337318-SNAPSHOT.jar:0.4.0-2337318-SNAPSHOT]
	at org.apache.ratis.server.impl.RaftServerProxy.lambda$null$5(RaftServerProxy.java:328) ~[ratis-server-0.4.0-2337318-SNAPSHOT.jar:0.4.0-2337318-SNAPSHOT]
	at org.apache.ratis.util.JavaUtils.callAsUnchecked(JavaUtils.java:109) ~[ratis-common-0.4.0-2337318-SNAPSHOT.jar:0.4.0-2337318-SNAPSHOT]
	at org.apache.ratis.server.impl.RaftServerProxy.lambda$submitRequest$6(RaftServerProxy.java:328) ~[ratis-server-0.4.0-2337318-SNAPSHOT.jar:0.4.0-2337318-SNAPSHOT]
	at java.util.concurrent.CompletableFuture.uniComposeStage(CompletableFuture.java:981) ~[?:1.8.0_212]
	at java.util.concurrent.CompletableFuture.thenCompose(CompletableFuture.java:2124) ~[?:1.8.0_212]
	at org.apache.ratis.server.impl.RaftServerProxy.submitRequest(RaftServerProxy.java:327) ~[ratis-server-0.4.0-2337318-SNAPSHOT.jar:0.4.0-2337318-SNAPSHOT]
	at org.apache.ratis.server.impl.RaftServerProxy.submitClientRequestAsync(RaftServerProxy.java:333) ~[ratis-server-0.4.0-2337318-SNAPSHOT.jar:0.4.0-2337318-SNAPSHOT]
	at org.apache.ratis.grpc.client.GrpcClientProtocolService$RequestStreamObserver.processClientRequest(GrpcClientProtocolService.java:220) ~[ratis-grpc-0.4.0-2337318-SNAPSHOT.jar:0.4.0-2337318-SNAPSHOT]
	at org.apache.ratis.grpc.client.GrpcClientProtocolService$OrderedRequestStreamObserver.processClientRequest(GrpcClientProtocolService.java:326) ~[ratis-grpc-0.4.0-2337318-SNAPSHOT.jar:0.4.0-2337318-SNAPSHOT]
	at org.apache.ratis.util.SlidingWindow$Server.processRequestsFromHead(SlidingWindow.java:429) [ratis-common-0.4.0-2337318-SNAPSHOT.jar:0.4.0-2337318-SNAPSHOT]
	at org.apache.ratis.util.SlidingWindow$Server.receivedRequest(SlidingWindow.java:421) [ratis-common-0.4.0-2337318-SNAPSHOT.jar:0.4.0-2337318-SNAPSHOT]
	at org.apache.ratis.grpc.client.GrpcClientProtocolService$OrderedRequestStreamObserver.processClientRequest(GrpcClientProtocolService.java:345) [ratis-grpc-0.4.0-2337318-SNAPSHOT.jar:0.4.0-2337318-SNAPSHOT]
	at org.apache.ratis.grpc.client.GrpcClientProtocolService$RequestStreamObserver.onNext(GrpcClientProtocolService.java:240) [ratis-grpc-0.4.0-2337318-SNAPSHOT.jar:0.4.0-2337318-SNAPSHOT]
	at org.apache.ratis.grpc.client.GrpcClientProtocolService$RequestStreamObserver.onNext(GrpcClientProtocolService.java:168) [ratis-grpc-0.4.0-2337318-SNAPSHOT.jar:0.4.0-2337318-SNAPSHOT]
	at org.apache.ratis.thirdparty.io.grpc.stub.ServerCalls$StreamingServerCallHandler$StreamingServerCallListener.onMessage(ServerCalls.java:248) [ratis-thirdparty-misc-0.2.0.jar:0.2.0]
	at org.apache.ratis.thirdparty.io.grpc.internal.ServerCallImpl$ServerStreamListenerImpl.messagesAvailable(ServerCallImpl.java:263) [ratis-thirdparty-misc-0.2.0.jar:0.2.0]
	at org.apache.ratis.thirdparty.io.grpc.internal.ServerImpl$JumpToApplicationThreadServerStreamListener$1MessagesAvailable.runInContext(ServerImpl.java:686) [ratis-thirdparty-misc-0.2.0.jar:0.2.0]
	at org.apache.ratis.thirdparty.io.grpc.internal.ContextRunnable.run(ContextRunnable.java:37) [ratis-thirdparty-misc-0.2.0.jar:0.2.0]
	at org.apache.ratis.thirdparty.io.grpc.internal.SerializingExecutor.run(SerializingExecutor.java:123) [ratis-thirdparty-misc-0.2.0.jar:0.2.0]
	at java.util.concurrent.ThreadPoolExecutor.runWorker(ThreadPoolExecutor.java:1149) [?:1.8.0_212]
	at java.util.concurrent.ThreadPoolExecutor$Worker.run(ThreadPoolExecutor.java:624) [?:1.8.0_212]
	at java.lang.Thread.run(Thread.java:748) [?:1.8.0_212]
2019-08-21 10:25:56,332 INFO  client.GrpcClientProtocolClient (GrpcClientProtocolClient.java:onNext(255)) - client-9F567626FB0D->ce345902-92fa-4d2c-9453-44767017310b: receive RaftClientReply:client-9F567626FB0D->ce345902-92fa-4d2c-9453-44767017310b@group-FF42CFC15E38, cid=22, FAILED org.apache.ratis.protocol.StateMachineException: org.apache.hadoop.hdds.scm.container.common.helpers.ContainerNotOpenException from Server ce345902-92fa-4d2c-9453-44767017310b: Container 1 in CLOSED state, logIndex=0, commits[ce345902-92fa-4d2c-9453-44767017310b:c18, 9b36faad-3033-48d3-adf8-4e1a4c45d42a:c16, 699643f3-5e28-4e25-b20c-8665c7439d94:c17]
10:25:56.332 [grpc-default-executor-1] ERROR DNAudit - user=null | ip=null | op=PUT_BLOCK {blockData=[blockId=conID: 1 locID: 102654484972109825 bcsId: 0,size=650]} | ret=FAILURE
org.apache.hadoop.hdds.scm.container.common.helpers.ContainerNotOpenException: Container 1 in CLOSED state
	at org.apache.hadoop.ozone.container.common.impl.HddsDispatcher.validateContainerCommand(HddsDispatcher.java:408) ~[hadoop-hdds-container-service-0.5.0-SNAPSHOT.jar:?]
	at org.apache.hadoop.ozone.container.common.transport.server.ratis.ContainerStateMachine.startTransaction(ContainerStateMachine.java:297) ~[hadoop-hdds-container-service-0.5.0-SNAPSHOT.jar:?]
	at org.apache.ratis.server.impl.RaftServerImpl.submitClientRequestAsync(RaftServerImpl.java:566) ~[ratis-server-0.4.0-2337318-SNAPSHOT.jar:0.4.0-2337318-SNAPSHOT]
	at org.apache.ratis.server.impl.RaftServerProxy.lambda$submitClientRequestAsync$7(RaftServerProxy.java:333) ~[ratis-server-0.4.0-2337318-SNAPSHOT.jar:0.4.0-2337318-SNAPSHOT]
	at org.apache.ratis.server.impl.RaftServerProxy.lambda$null$5(RaftServerProxy.java:328) ~[ratis-server-0.4.0-2337318-SNAPSHOT.jar:0.4.0-2337318-SNAPSHOT]
	at org.apache.ratis.util.JavaUtils.callAsUnchecked(JavaUtils.java:109) ~[ratis-common-0.4.0-2337318-SNAPSHOT.jar:0.4.0-2337318-SNAPSHOT]
	at org.apache.ratis.server.impl.RaftServerProxy.lambda$submitRequest$6(RaftServerProxy.java:328) ~[ratis-server-0.4.0-2337318-SNAPSHOT.jar:0.4.0-2337318-SNAPSHOT]
	at java.util.concurrent.CompletableFuture.uniComposeStage(CompletableFuture.java:981) ~[?:1.8.0_212]
	at java.util.concurrent.CompletableFuture.thenCompose(CompletableFuture.java:2124) ~[?:1.8.0_212]
	at org.apache.ratis.server.impl.RaftServerProxy.submitRequest(RaftServerProxy.java:327) ~[ratis-server-0.4.0-2337318-SNAPSHOT.jar:0.4.0-2337318-SNAPSHOT]
	at org.apache.ratis.server.impl.RaftServerProxy.submitClientRequestAsync(RaftServerProxy.java:333) ~[ratis-server-0.4.0-2337318-SNAPSHOT.jar:0.4.0-2337318-SNAPSHOT]
	at org.apache.ratis.grpc.client.GrpcClientProtocolService$RequestStreamObserver.processClientRequest(GrpcClientProtocolService.java:220) ~[ratis-grpc-0.4.0-2337318-SNAPSHOT.jar:0.4.0-2337318-SNAPSHOT]
	at org.apache.ratis.grpc.client.GrpcClientProtocolService$OrderedRequestStreamObserver.processClientRequest(GrpcClientProtocolService.java:326) ~[ratis-grpc-0.4.0-2337318-SNAPSHOT.jar:0.4.0-2337318-SNAPSHOT]
	at org.apache.ratis.util.SlidingWindow$Server.processRequestsFromHead(SlidingWindow.java:429) [ratis-common-0.4.0-2337318-SNAPSHOT.jar:0.4.0-2337318-SNAPSHOT]
	at org.apache.ratis.util.SlidingWindow$Server.receivedRequest(SlidingWindow.java:421) [ratis-common-0.4.0-2337318-SNAPSHOT.jar:0.4.0-2337318-SNAPSHOT]
	at org.apache.ratis.grpc.client.GrpcClientProtocolService$OrderedRequestStreamObserver.processClientRequest(GrpcClientProtocolService.java:345) [ratis-grpc-0.4.0-2337318-SNAPSHOT.jar:0.4.0-2337318-SNAPSHOT]
	at org.apache.ratis.grpc.client.GrpcClientProtocolService$RequestStreamObserver.onNext(GrpcClientProtocolService.java:240) [ratis-grpc-0.4.0-2337318-SNAPSHOT.jar:0.4.0-2337318-SNAPSHOT]
	at org.apache.ratis.grpc.client.GrpcClientProtocolService$RequestStreamObserver.onNext(GrpcClientProtocolService.java:168) [ratis-grpc-0.4.0-2337318-SNAPSHOT.jar:0.4.0-2337318-SNAPSHOT]
	at org.apache.ratis.thirdparty.io.grpc.stub.ServerCalls$StreamingServerCallHandler$StreamingServerCallListener.onMessage(ServerCalls.java:248) [ratis-thirdparty-misc-0.2.0.jar:0.2.0]
	at org.apache.ratis.thirdparty.io.grpc.internal.ServerCallImpl$ServerStreamListenerImpl.messagesAvailable(ServerCallImpl.java:263) [ratis-thirdparty-misc-0.2.0.jar:0.2.0]
	at org.apache.ratis.thirdparty.io.grpc.internal.ServerImpl$JumpToApplicationThreadServerStreamListener$1MessagesAvailable.runInContext(ServerImpl.java:686) [ratis-thirdparty-misc-0.2.0.jar:0.2.0]
	at org.apache.ratis.thirdparty.io.grpc.internal.ContextRunnable.run(ContextRunnable.java:37) [ratis-thirdparty-misc-0.2.0.jar:0.2.0]
	at org.apache.ratis.thirdparty.io.grpc.internal.SerializingExecutor.run(SerializingExecutor.java:123) [ratis-thirdparty-misc-0.2.0.jar:0.2.0]
	at java.util.concurrent.ThreadPoolExecutor.runWorker(ThreadPoolExecutor.java:1149) [?:1.8.0_212]
	at java.util.concurrent.ThreadPoolExecutor$Worker.run(ThreadPoolExecutor.java:624) [?:1.8.0_212]
	at java.lang.Thread.run(Thread.java:748) [?:1.8.0_212]
2019-08-21 10:25:56,336 INFO  client.GrpcClientProtocolClient (GrpcClientProtocolClient.java:onNext(255)) - client-9F567626FB0D->ce345902-92fa-4d2c-9453-44767017310b: receive RaftClientReply:client-9F567626FB0D->ce345902-92fa-4d2c-9453-44767017310b@group-FF42CFC15E38, cid=23, FAILED org.apache.ratis.protocol.StateMachineException: org.apache.hadoop.hdds.scm.container.common.helpers.ContainerNotOpenException from Server ce345902-92fa-4d2c-9453-44767017310b: Container 1 in CLOSED state, logIndex=0, commits[ce345902-92fa-4d2c-9453-44767017310b:c18, 9b36faad-3033-48d3-adf8-4e1a4c45d42a:c16, 699643f3-5e28-4e25-b20c-8665c7439d94:c17]
10:25:56.336 [grpc-default-executor-1] ERROR DNAudit - user=null | ip=null | op=WRITE_CHUNK {blockData=conID: 1 locID: 102654484972109825 bcsId: 14} | ret=FAILURE
org.apache.hadoop.hdds.scm.container.common.helpers.ContainerNotOpenException: Container 1 in CLOSED state
	at org.apache.hadoop.ozone.container.common.impl.HddsDispatcher.validateContainerCommand(HddsDispatcher.java:408) ~[hadoop-hdds-container-service-0.5.0-SNAPSHOT.jar:?]
	at org.apache.hadoop.ozone.container.common.transport.server.ratis.ContainerStateMachine.startTransaction(ContainerStateMachine.java:297) ~[hadoop-hdds-container-service-0.5.0-SNAPSHOT.jar:?]
	at org.apache.ratis.server.impl.RaftServerImpl.submitClientRequestAsync(RaftServerImpl.java:566) ~[ratis-server-0.4.0-2337318-SNAPSHOT.jar:0.4.0-2337318-SNAPSHOT]
	at org.apache.ratis.server.impl.RaftServerProxy.lambda$submitClientRequestAsync$7(RaftServerProxy.java:333) ~[ratis-server-0.4.0-2337318-SNAPSHOT.jar:0.4.0-2337318-SNAPSHOT]
	at org.apache.ratis.server.impl.RaftServerProxy.lambda$null$5(RaftServerProxy.java:328) ~[ratis-server-0.4.0-2337318-SNAPSHOT.jar:0.4.0-2337318-SNAPSHOT]
	at org.apache.ratis.util.JavaUtils.callAsUnchecked(JavaUtils.java:109) ~[ratis-common-0.4.0-2337318-SNAPSHOT.jar:0.4.0-2337318-SNAPSHOT]
	at org.apache.ratis.server.impl.RaftServerProxy.lambda$submitRequest$6(RaftServerProxy.java:328) ~[ratis-server-0.4.0-2337318-SNAPSHOT.jar:0.4.0-2337318-SNAPSHOT]
	at java.util.concurrent.CompletableFuture.uniComposeStage(CompletableFuture.java:981) ~[?:1.8.0_212]
	at java.util.concurrent.CompletableFuture.thenCompose(CompletableFuture.java:2124) ~[?:1.8.0_212]
	at org.apache.ratis.server.impl.RaftServerProxy.submitRequest(RaftServerProxy.java:327) ~[ratis-server-0.4.0-2337318-SNAPSHOT.jar:0.4.0-2337318-SNAPSHOT]
	at org.apache.ratis.server.impl.RaftServerProxy.submitClientRequestAsync(RaftServerProxy.java:333) ~[ratis-server-0.4.0-2337318-SNAPSHOT.jar:0.4.0-2337318-SNAPSHOT]
	at org.apache.ratis.grpc.client.GrpcClientProtocolService$RequestStreamObserver.processClientRequest(GrpcClientProtocolService.java:220) ~[ratis-grpc-0.4.0-2337318-SNAPSHOT.jar:0.4.0-2337318-SNAPSHOT]
	at org.apache.ratis.grpc.client.GrpcClientProtocolService$OrderedRequestStreamObserver.processClientRequest(GrpcClientProtocolService.java:326) ~[ratis-grpc-0.4.0-2337318-SNAPSHOT.jar:0.4.0-2337318-SNAPSHOT]
	at org.apache.ratis.util.SlidingWindow$Server.processRequestsFromHead(SlidingWindow.java:429) [ratis-common-0.4.0-2337318-SNAPSHOT.jar:0.4.0-2337318-SNAPSHOT]
	at org.apache.ratis.util.SlidingWindow$Server.receivedRequest(SlidingWindow.java:421) [ratis-common-0.4.0-2337318-SNAPSHOT.jar:0.4.0-2337318-SNAPSHOT]
	at org.apache.ratis.grpc.client.GrpcClientProtocolService$OrderedRequestStreamObserver.processClientRequest(GrpcClientProtocolService.java:345) [ratis-grpc-0.4.0-2337318-SNAPSHOT.jar:0.4.0-2337318-SNAPSHOT]
	at org.apache.ratis.grpc.client.GrpcClientProtocolService$RequestStreamObserver.onNext(GrpcClientProtocolService.java:240) [ratis-grpc-0.4.0-2337318-SNAPSHOT.jar:0.4.0-2337318-SNAPSHOT]
	at org.apache.ratis.grpc.client.GrpcClientProtocolService$RequestStreamObserver.onNext(GrpcClientProtocolService.java:168) [ratis-grpc-0.4.0-2337318-SNAPSHOT.jar:0.4.0-2337318-SNAPSHOT]
	at org.apache.ratis.thirdparty.io.grpc.stub.ServerCalls$StreamingServerCallHandler$StreamingServerCallListener.onMessage(ServerCalls.java:248) [ratis-thirdparty-misc-0.2.0.jar:0.2.0]
	at org.apache.ratis.thirdparty.io.grpc.internal.ServerCallImpl$ServerStreamListenerImpl.messagesAvailable(ServerCallImpl.java:263) [ratis-thirdparty-misc-0.2.0.jar:0.2.0]
	at org.apache.ratis.thirdparty.io.grpc.internal.ServerImpl$JumpToApplicationThreadServerStreamListener$1MessagesAvailable.runInContext(ServerImpl.java:686) [ratis-thirdparty-misc-0.2.0.jar:0.2.0]
	at org.apache.ratis.thirdparty.io.grpc.internal.ContextRunnable.run(ContextRunnable.java:37) [ratis-thirdparty-misc-0.2.0.jar:0.2.0]
	at org.apache.ratis.thirdparty.io.grpc.internal.SerializingExecutor.run(SerializingExecutor.java:123) [ratis-thirdparty-misc-0.2.0.jar:0.2.0]
	at java.util.concurrent.ThreadPoolExecutor.runWorker(ThreadPoolExecutor.java:1149) [?:1.8.0_212]
	at java.util.concurrent.ThreadPoolExecutor$Worker.run(ThreadPoolExecutor.java:624) [?:1.8.0_212]
	at java.lang.Thread.run(Thread.java:748) [?:1.8.0_212]
2019-08-21 10:25:56,340 INFO  client.GrpcClientProtocolClient (GrpcClientProtocolClient.java:onNext(255)) - client-9F567626FB0D->ce345902-92fa-4d2c-9453-44767017310b: receive RaftClientReply:client-9F567626FB0D->ce345902-92fa-4d2c-9453-44767017310b@group-FF42CFC15E38, cid=24, FAILED org.apache.ratis.protocol.StateMachineException: org.apache.hadoop.hdds.scm.container.common.helpers.ContainerNotOpenException from Server ce345902-92fa-4d2c-9453-44767017310b: Container 1 in CLOSED state, logIndex=0, commits[ce345902-92fa-4d2c-9453-44767017310b:c18, 9b36faad-3033-48d3-adf8-4e1a4c45d42a:c16, 699643f3-5e28-4e25-b20c-8665c7439d94:c17]
10:25:56.341 [grpc-default-executor-1] ERROR DNAudit - user=null | ip=null | op=WRITE_CHUNK {blockData=conID: 1 locID: 102654484972109825 bcsId: 14} | ret=FAILURE
org.apache.hadoop.hdds.scm.container.common.helpers.ContainerNotOpenException: Container 1 in CLOSED state
	at org.apache.hadoop.ozone.container.common.impl.HddsDispatcher.validateContainerCommand(HddsDispatcher.java:408) ~[hadoop-hdds-container-service-0.5.0-SNAPSHOT.jar:?]
	at org.apache.hadoop.ozone.container.common.transport.server.ratis.ContainerStateMachine.startTransaction(ContainerStateMachine.java:297) ~[hadoop-hdds-container-service-0.5.0-SNAPSHOT.jar:?]
	at org.apache.ratis.server.impl.RaftServerImpl.submitClientRequestAsync(RaftServerImpl.java:566) ~[ratis-server-0.4.0-2337318-SNAPSHOT.jar:0.4.0-2337318-SNAPSHOT]
	at org.apache.ratis.server.impl.RaftServerProxy.lambda$submitClientRequestAsync$7(RaftServerProxy.java:333) ~[ratis-server-0.4.0-2337318-SNAPSHOT.jar:0.4.0-2337318-SNAPSHOT]
	at org.apache.ratis.server.impl.RaftServerProxy.lambda$null$5(RaftServerProxy.java:328) ~[ratis-server-0.4.0-2337318-SNAPSHOT.jar:0.4.0-2337318-SNAPSHOT]
	at org.apache.ratis.util.JavaUtils.callAsUnchecked(JavaUtils.java:109) ~[ratis-common-0.4.0-2337318-SNAPSHOT.jar:0.4.0-2337318-SNAPSHOT]
	at org.apache.ratis.server.impl.RaftServerProxy.lambda$submitRequest$6(RaftServerProxy.java:328) ~[ratis-server-0.4.0-2337318-SNAPSHOT.jar:0.4.0-2337318-SNAPSHOT]
	at java.util.concurrent.CompletableFuture.uniComposeStage(CompletableFuture.java:981) ~[?:1.8.0_212]
	at java.util.concurrent.CompletableFuture.thenCompose(CompletableFuture.java:2124) ~[?:1.8.0_212]
	at org.apache.ratis.server.impl.RaftServerProxy.submitRequest(RaftServerProxy.java:327) ~[ratis-server-0.4.0-2337318-SNAPSHOT.jar:0.4.0-2337318-SNAPSHOT]
	at org.apache.ratis.server.impl.RaftServerProxy.submitClientRequestAsync(RaftServerProxy.java:333) ~[ratis-server-0.4.0-2337318-SNAPSHOT.jar:0.4.0-2337318-SNAPSHOT]
	at org.apache.ratis.grpc.client.GrpcClientProtocolService$RequestStreamObserver.processClientRequest(GrpcClientProtocolService.java:220) ~[ratis-grpc-0.4.0-2337318-SNAPSHOT.jar:0.4.0-2337318-SNAPSHOT]
	at org.apache.ratis.grpc.client.GrpcClientProtocolService$OrderedRequestStreamObserver.processClientRequest(GrpcClientProtocolService.java:326) ~[ratis-grpc-0.4.0-2337318-SNAPSHOT.jar:0.4.0-2337318-SNAPSHOT]
	at org.apache.ratis.util.SlidingWindow$Server.processRequestsFromHead(SlidingWindow.java:429) [ratis-common-0.4.0-2337318-SNAPSHOT.jar:0.4.0-2337318-SNAPSHOT]
	at org.apache.ratis.util.SlidingWindow$Server.receivedRequest(SlidingWindow.java:421) [ratis-common-0.4.0-2337318-SNAPSHOT.jar:0.4.0-2337318-SNAPSHOT]
	at org.apache.ratis.grpc.client.GrpcClientProtocolService$OrderedRequestStreamObserver.processClientRequest(GrpcClientProtocolService.java:345) [ratis-grpc-0.4.0-2337318-SNAPSHOT.jar:0.4.0-2337318-SNAPSHOT]
	at org.apache.ratis.grpc.client.GrpcClientProtocolService$RequestStreamObserver.onNext(GrpcClientProtocolService.java:240) [ratis-grpc-0.4.0-2337318-SNAPSHOT.jar:0.4.0-2337318-SNAPSHOT]
	at org.apache.ratis.grpc.client.GrpcClientProtocolService$RequestStreamObserver.onNext(GrpcClientProtocolService.java:168) [ratis-grpc-0.4.0-2337318-SNAPSHOT.jar:0.4.0-2337318-SNAPSHOT]
	at org.apache.ratis.thirdparty.io.grpc.stub.ServerCalls$StreamingServerCallHandler$StreamingServerCallListener.onMessage(ServerCalls.java:248) [ratis-thirdparty-misc-0.2.0.jar:0.2.0]
	at org.apache.ratis.thirdparty.io.grpc.internal.ServerCallImpl$ServerStreamListenerImpl.messagesAvailable(ServerCallImpl.java:263) [ratis-thirdparty-misc-0.2.0.jar:0.2.0]
	at org.apache.ratis.thirdparty.io.grpc.internal.ServerImpl$JumpToApplicationThreadServerStreamListener$1MessagesAvailable.runInContext(ServerImpl.java:686) [ratis-thirdparty-misc-0.2.0.jar:0.2.0]
	at org.apache.ratis.thirdparty.io.grpc.internal.ContextRunnable.run(ContextRunnable.java:37) [ratis-thirdparty-misc-0.2.0.jar:0.2.0]
	at org.apache.ratis.thirdparty.io.grpc.internal.SerializingExecutor.run(SerializingExecutor.java:123) [ratis-thirdparty-misc-0.2.0.jar:0.2.0]
	at java.util.concurrent.ThreadPoolExecutor.runWorker(ThreadPoolExecutor.java:1149) [?:1.8.0_212]
	at java.util.concurrent.ThreadPoolExecutor$Worker.run(ThreadPoolExecutor.java:624) [?:1.8.0_212]
	at java.lang.Thread.run(Thread.java:748) [?:1.8.0_212]
2019-08-21 10:25:56,344 INFO  client.GrpcClientProtocolClient (GrpcClientProtocolClient.java:onNext(255)) - client-9F567626FB0D->ce345902-92fa-4d2c-9453-44767017310b: receive RaftClientReply:client-9F567626FB0D->ce345902-92fa-4d2c-9453-44767017310b@group-FF42CFC15E38, cid=25, FAILED org.apache.ratis.protocol.StateMachineException: org.apache.hadoop.hdds.scm.container.common.helpers.ContainerNotOpenException from Server ce345902-92fa-4d2c-9453-44767017310b: Container 1 in CLOSED state, logIndex=0, commits[ce345902-92fa-4d2c-9453-44767017310b:c18, 9b36faad-3033-48d3-adf8-4e1a4c45d42a:c16, 699643f3-5e28-4e25-b20c-8665c7439d94:c17]
10:25:56.347 [grpc-default-executor-1] ERROR DNAudit - user=null | ip=null | op=PUT_BLOCK {blockData=[blockId=conID: 1 locID: 102654484972109825 bcsId: 0,size=800]} | ret=FAILURE
org.apache.hadoop.hdds.scm.container.common.helpers.ContainerNotOpenException: Container 1 in CLOSED state
	at org.apache.hadoop.ozone.container.common.impl.HddsDispatcher.validateContainerCommand(HddsDispatcher.java:408) ~[hadoop-hdds-container-service-0.5.0-SNAPSHOT.jar:?]
	at org.apache.hadoop.ozone.container.common.transport.server.ratis.ContainerStateMachine.startTransaction(ContainerStateMachine.java:297) ~[hadoop-hdds-container-service-0.5.0-SNAPSHOT.jar:?]
	at org.apache.ratis.server.impl.RaftServerImpl.submitClientRequestAsync(RaftServerImpl.java:566) ~[ratis-server-0.4.0-2337318-SNAPSHOT.jar:0.4.0-2337318-SNAPSHOT]
	at org.apache.ratis.server.impl.RaftServerProxy.lambda$submitClientRequestAsync$7(RaftServerProxy.java:333) ~[ratis-server-0.4.0-2337318-SNAPSHOT.jar:0.4.0-2337318-SNAPSHOT]
	at org.apache.ratis.server.impl.RaftServerProxy.lambda$null$5(RaftServerProxy.java:328) ~[ratis-server-0.4.0-2337318-SNAPSHOT.jar:0.4.0-2337318-SNAPSHOT]
	at org.apache.ratis.util.JavaUtils.callAsUnchecked(JavaUtils.java:109) ~[ratis-common-0.4.0-2337318-SNAPSHOT.jar:0.4.0-2337318-SNAPSHOT]
	at org.apache.ratis.server.impl.RaftServerProxy.lambda$submitRequest$6(RaftServerProxy.java:328) ~[ratis-server-0.4.0-2337318-SNAPSHOT.jar:0.4.0-2337318-SNAPSHOT]
	at java.util.concurrent.CompletableFuture.uniComposeStage(CompletableFuture.java:981) ~[?:1.8.0_212]
	at java.util.concurrent.CompletableFuture.thenCompose(CompletableFuture.java:2124) ~[?:1.8.0_212]
	at org.apache.ratis.server.impl.RaftServerProxy.submitRequest(RaftServerProxy.java:327) ~[ratis-server-0.4.0-2337318-SNAPSHOT.jar:0.4.0-2337318-SNAPSHOT]
	at org.apache.ratis.server.impl.RaftServerProxy.submitClientRequestAsync(RaftServerProxy.java:333) ~[ratis-server-0.4.0-2337318-SNAPSHOT.jar:0.4.0-2337318-SNAPSHOT]
	at org.apache.ratis.grpc.client.GrpcClientProtocolService$RequestStreamObserver.processClientRequest(GrpcClientProtocolService.java:220) ~[ratis-grpc-0.4.0-2337318-SNAPSHOT.jar:0.4.0-2337318-SNAPSHOT]
	at org.apache.ratis.grpc.client.GrpcClientProtocolService$OrderedRequestStreamObserver.processClientRequest(GrpcClientProtocolService.java:326) ~[ratis-grpc-0.4.0-2337318-SNAPSHOT.jar:0.4.0-2337318-SNAPSHOT]
	at org.apache.ratis.util.SlidingWindow$Server.processRequestsFromHead(SlidingWindow.java:429) [ratis-common-0.4.0-2337318-SNAPSHOT.jar:0.4.0-2337318-SNAPSHOT]
	at org.apache.ratis.util.SlidingWindow$Server.receivedRequest(SlidingWindow.java:421) [ratis-common-0.4.0-2337318-SNAPSHOT.jar:0.4.0-2337318-SNAPSHOT]
	at org.apache.ratis.grpc.client.GrpcClientProtocolService$OrderedRequestStreamObserver.processClientRequest(GrpcClientProtocolService.java:345) [ratis-grpc-0.4.0-2337318-SNAPSHOT.jar:0.4.0-2337318-SNAPSHOT]
	at org.apache.ratis.grpc.client.GrpcClientProtocolService$RequestStreamObserver.onNext(GrpcClientProtocolService.java:240) [ratis-grpc-0.4.0-2337318-SNAPSHOT.jar:0.4.0-2337318-SNAPSHOT]
	at org.apache.ratis.grpc.client.GrpcClientProtocolService$RequestStreamObserver.onNext(GrpcClientProtocolService.java:168) [ratis-grpc-0.4.0-2337318-SNAPSHOT.jar:0.4.0-2337318-SNAPSHOT]
	at org.apache.ratis.thirdparty.io.grpc.stub.ServerCalls$StreamingServerCallHandler$StreamingServerCallListener.onMessage(ServerCalls.java:248) [ratis-thirdparty-misc-0.2.0.jar:0.2.0]
	at org.apache.ratis.thirdparty.io.grpc.internal.ServerCallImpl$ServerStreamListenerImpl.messagesAvailable(ServerCallImpl.java:263) [ratis-thirdparty-misc-0.2.0.jar:0.2.0]
	at org.apache.ratis.thirdparty.io.grpc.internal.ServerImpl$JumpToApplicationThreadServerStreamListener$1MessagesAvailable.runInContext(ServerImpl.java:686) [ratis-thirdparty-misc-0.2.0.jar:0.2.0]
	at org.apache.ratis.thirdparty.io.grpc.internal.ContextRunnable.run(ContextRunnable.java:37) [ratis-thirdparty-misc-0.2.0.jar:0.2.0]
	at org.apache.ratis.thirdparty.io.grpc.internal.SerializingExecutor.run(SerializingExecutor.java:123) [ratis-thirdparty-misc-0.2.0.jar:0.2.0]
	at java.util.concurrent.ThreadPoolExecutor.runWorker(ThreadPoolExecutor.java:1149) [?:1.8.0_212]
	at java.util.concurrent.ThreadPoolExecutor$Worker.run(ThreadPoolExecutor.java:624) [?:1.8.0_212]
	at java.lang.Thread.run(Thread.java:748) [?:1.8.0_212]
2019-08-21 10:25:56,350 INFO  client.GrpcClientProtocolClient (GrpcClientProtocolClient.java:onNext(255)) - client-9F567626FB0D->ce345902-92fa-4d2c-9453-44767017310b: receive RaftClientReply:client-9F567626FB0D->ce345902-92fa-4d2c-9453-44767017310b@group-FF42CFC15E38, cid=26, FAILED org.apache.ratis.protocol.StateMachineException: org.apache.hadoop.hdds.scm.container.common.helpers.ContainerNotOpenException from Server ce345902-92fa-4d2c-9453-44767017310b: Container 1 in CLOSED state, logIndex=0, commits[ce345902-92fa-4d2c-9453-44767017310b:c18, 9b36faad-3033-48d3-adf8-4e1a4c45d42a:c16, 699643f3-5e28-4e25-b20c-8665c7439d94:c17]
2019-08-21 10:25:56,352 INFO  client.GrpcClientProtocolClient (GrpcClientProtocolClient.java:onNext(255)) - client-9F567626FB0D->ce345902-92fa-4d2c-9453-44767017310b: receive RaftClientReply:client-9F567626FB0D->ce345902-92fa-4d2c-9453-44767017310b@group-FF42CFC15E38, cid=27, FAILED org.apache.ratis.protocol.StateMachineException: org.apache.hadoop.hdds.scm.container.common.helpers.ContainerNotOpenException from Server ce345902-92fa-4d2c-9453-44767017310b: Container 1 in CLOSED state, logIndex=0, commits[ce345902-92fa-4d2c-9453-44767017310b:c18, 9b36faad-3033-48d3-adf8-4e1a4c45d42a:c16, 699643f3-5e28-4e25-b20c-8665c7439d94:c17]
2019-08-21 10:25:56,391 INFO  client.GrpcClientProtocolClient (GrpcClientProtocolClient.java:onNext(255)) - client-249A8E9537FB->d929b274-4924-41b6-908a-f5a2820ffb18: receive RaftClientReply:client-249A8E9537FB->d929b274-4924-41b6-908a-f5a2820ffb18@group-6FF003ADE595, cid=28, FAILED org.apache.ratis.protocol.NotLeaderException: Server d929b274-4924-41b6-908a-f5a2820ffb18 is not the leader (55f62412-c2c8-4b92-80f9-2c0aa865c28e:192.168.69.125:34234). Request must be sent to leader., logIndex=0, commits[d929b274-4924-41b6-908a-f5a2820ffb18:c0, 55f62412-c2c8-4b92-80f9-2c0aa865c28e:c0, e095ffe6-3937-4878-89ac-e30ae8383dd7:c0]
2019-08-21 10:25:56,523 WARN  server.GrpcLogAppender (LogUtils.java:warn(134)) - ce345902-92fa-4d2c-9453-44767017310b->9b36faad-3033-48d3-adf8-4e1a4c45d42a: Failed appendEntries: org.apache.ratis.thirdparty.io.grpc.StatusRuntimeException: UNAVAILABLE: io exception
2019-08-21 10:25:56,524 WARN  server.GrpcLogAppender (LogUtils.java:warn(134)) - ce345902-92fa-4d2c-9453-44767017310b->699643f3-5e28-4e25-b20c-8665c7439d94: Failed appendEntries: org.apache.ratis.thirdparty.io.grpc.StatusRuntimeException: UNAVAILABLE: io exception
2019-08-21 10:25:56,525 INFO  impl.FollowerInfo (FollowerInfo.java:lambda$new$0(50)) - ce345902-92fa-4d2c-9453-44767017310b->9b36faad-3033-48d3-adf8-4e1a4c45d42a: nextIndex: updateUnconditionally 15 -> 14
2019-08-21 10:25:56,527 INFO  impl.FollowerInfo (FollowerInfo.java:lambda$new$0(50)) - ce345902-92fa-4d2c-9453-44767017310b->699643f3-5e28-4e25-b20c-8665c7439d94: nextIndex: updateUnconditionally 18 -> 17
2019-08-21 10:25:56,586 INFO  client.GrpcClientProtocolClient (GrpcClientProtocolClient.java:onNext(255)) - client-249A8E9537FB->55f62412-c2c8-4b92-80f9-2c0aa865c28e: receive RaftClientReply:client-249A8E9537FB->55f62412-c2c8-4b92-80f9-2c0aa865c28e@group-6FF003ADE595, cid=28, SUCCESS, logIndex=1, commits[55f62412-c2c8-4b92-80f9-2c0aa865c28e:c1, e095ffe6-3937-4878-89ac-e30ae8383dd7:c0, d929b274-4924-41b6-908a-f5a2820ffb18:c0]
2019-08-21 10:25:56,616 INFO  client.GrpcClientProtocolClient (GrpcClientProtocolClient.java:onNext(255)) - client-249A8E9537FB->55f62412-c2c8-4b92-80f9-2c0aa865c28e: receive RaftClientReply:client-249A8E9537FB->55f62412-c2c8-4b92-80f9-2c0aa865c28e@group-6FF003ADE595, cid=29, SUCCESS, logIndex=3, commits[55f62412-c2c8-4b92-80f9-2c0aa865c28e:c3, e095ffe6-3937-4878-89ac-e30ae8383dd7:c2, d929b274-4924-41b6-908a-f5a2820ffb18:c2]
2019-08-21 10:25:56,686 INFO  client.GrpcClientProtocolClient (GrpcClientProtocolClient.java:onNext(255)) - client-249A8E9537FB->55f62412-c2c8-4b92-80f9-2c0aa865c28e: receive RaftClientReply:client-249A8E9537FB->55f62412-c2c8-4b92-80f9-2c0aa865c28e@group-6FF003ADE595, cid=30, SUCCESS, logIndex=4, commits[55f62412-c2c8-4b92-80f9-2c0aa865c28e:c12, e095ffe6-3937-4878-89ac-e30ae8383dd7:c7, d929b274-4924-41b6-908a-f5a2820ffb18:c8]
2019-08-21 10:25:56,687 INFO  client.GrpcClientProtocolClient (GrpcClientProtocolClient.java:onNext(255)) - client-249A8E9537FB->55f62412-c2c8-4b92-80f9-2c0aa865c28e: receive RaftClientReply:client-249A8E9537FB->55f62412-c2c8-4b92-80f9-2c0aa865c28e@group-6FF003ADE595, cid=31, SUCCESS, logIndex=5, commits[55f62412-c2c8-4b92-80f9-2c0aa865c28e:c12, e095ffe6-3937-4878-89ac-e30ae8383dd7:c7, d929b274-4924-41b6-908a-f5a2820ffb18:c8]
2019-08-21 10:25:56,687 INFO  client.GrpcClientProtocolClient (GrpcClientProtocolClient.java:onNext(255)) - client-249A8E9537FB->55f62412-c2c8-4b92-80f9-2c0aa865c28e: receive RaftClientReply:client-249A8E9537FB->55f62412-c2c8-4b92-80f9-2c0aa865c28e@group-6FF003ADE595, cid=32, SUCCESS, logIndex=6, commits[55f62412-c2c8-4b92-80f9-2c0aa865c28e:c12, e095ffe6-3937-4878-89ac-e30ae8383dd7:c7, d929b274-4924-41b6-908a-f5a2820ffb18:c8]
2019-08-21 10:25:56,782 INFO  client.GrpcClientProtocolClient (GrpcClientProtocolClient.java:onNext(255)) - client-249A8E9537FB->55f62412-c2c8-4b92-80f9-2c0aa865c28e: receive RaftClientReply:client-249A8E9537FB->55f62412-c2c8-4b92-80f9-2c0aa865c28e@group-6FF003ADE595, cid=33, SUCCESS, logIndex=7, commits[55f62412-c2c8-4b92-80f9-2c0aa865c28e:c12, e095ffe6-3937-4878-89ac-e30ae8383dd7:c7, d929b274-4924-41b6-908a-f5a2820ffb18:c8]
2019-08-21 10:25:56,802 INFO  client.GrpcClientProtocolClient (GrpcClientProtocolClient.java:onNext(255)) - client-249A8E9537FB->55f62412-c2c8-4b92-80f9-2c0aa865c28e: receive RaftClientReply:client-249A8E9537FB->55f62412-c2c8-4b92-80f9-2c0aa865c28e@group-6FF003ADE595, cid=34, SUCCESS, logIndex=13, commits[55f62412-c2c8-4b92-80f9-2c0aa865c28e:c14, e095ffe6-3937-4878-89ac-e30ae8383dd7:c12, d929b274-4924-41b6-908a-f5a2820ffb18:c12]
2019-08-21 10:25:56,803 INFO  client.GrpcClientProtocolClient (GrpcClientProtocolClient.java:onNext(255)) - client-249A8E9537FB->55f62412-c2c8-4b92-80f9-2c0aa865c28e: receive RaftClientReply:client-249A8E9537FB->55f62412-c2c8-4b92-80f9-2c0aa865c28e@group-6FF003ADE595, cid=35, SUCCESS, logIndex=14, commits[55f62412-c2c8-4b92-80f9-2c0aa865c28e:c14, e095ffe6-3937-4878-89ac-e30ae8383dd7:c12, d929b274-4924-41b6-908a-f5a2820ffb18:c12]
2019-08-21 10:25:56,819 INFO  client.GrpcClientProtocolClient (GrpcClientProtocolClient.java:onNext(255)) - client-249A8E9537FB->55f62412-c2c8-4b92-80f9-2c0aa865c28e: receive RaftClientReply:client-249A8E9537FB->55f62412-c2c8-4b92-80f9-2c0aa865c28e@group-6FF003ADE595, cid=36, SUCCESS, logIndex=0, commits[55f62412-c2c8-4b92-80f9-2c0aa865c28e:c15, e095ffe6-3937-4878-89ac-e30ae8383dd7:c14, d929b274-4924-41b6-908a-f5a2820ffb18:c14]
2019-08-21 10:25:56,820 INFO  ozone.MiniOzoneClusterImpl (MiniOzoneClusterImpl.java:shutdown(321)) - Shutting down the Mini Ozone Cluster
2019-08-21 10:25:56,820 INFO  ozone.MiniOzoneClusterImpl (MiniOzoneClusterImpl.java:stop(336)) - Stopping the Mini Ozone Cluster
2019-08-21 10:25:56,820 INFO  ozone.MiniOzoneClusterImpl (MiniOzoneClusterImpl.java:stop(338)) - Stopping the OzoneManager
2019-08-21 10:25:56,821 INFO  ipc.Server (Server.java:stop(3082)) - Stopping server on 35356
2019-08-21 10:25:56,835 INFO  ipc.Server (Server.java:run(1185)) - Stopping IPC Server listener on 35356
2019-08-21 10:25:56,837 INFO  ratis.OzoneManagerDoubleBuffer (OzoneManagerDoubleBuffer.java:stop(248)) - Stopping OMDoubleBuffer flush thread
2019-08-21 10:25:56,838 INFO  ipc.Server (Server.java:run(1319)) - Stopping IPC Server Responder
2019-08-21 10:25:56,850 INFO  ratis.OzoneManagerDoubleBuffer (OzoneManagerDoubleBuffer.java:flushTransactions(191)) - OMDoubleBuffer flush thread OMDoubleBufferFlushThread is interrupted and will exit. OMDoubleBufferFlushThread
2019-08-21 10:25:56,852 INFO  utils.BackgroundService (BackgroundService.java:shutdown(148)) - Shutting down service KeyDeletingService
2019-08-21 10:25:56,853 INFO  handler.ContextHandler (ContextHandler.java:doStop(910)) - Stopped o.e.j.w.WebAppContext@4bff2185{/,null,UNAVAILABLE}{/ozoneManager}
2019-08-21 10:25:56,854 INFO  server.AbstractConnector (AbstractConnector.java:doStop(318)) - Stopped ServerConnector@5c20ffa8{HTTP/1.1,[http/1.1]}{0.0.0.0:0}
2019-08-21 10:25:56,854 INFO  handler.ContextHandler (ContextHandler.java:doStop(910)) - Stopped o.e.j.s.ServletContextHandler@34cf5a97{/static,file:///workdir/hadoop-ozone/integration-test/target/test-classes/webapps/static,UNAVAILABLE}
2019-08-21 10:25:56,854 INFO  handler.ContextHandler (ContextHandler.java:doStop(910)) - Stopped o.e.j.s.ServletContextHandler@4482469c{/logs,file:///workdir/hadoop-ozone/integration-test/target/log,UNAVAILABLE}
2019-08-21 10:25:56,857 INFO  ozone.MiniOzoneClusterImpl (MiniOzoneClusterImpl.java:stop(344)) - Shutting the HddsDatanodes
2019-08-21 10:25:56,858 INFO  datanode.ObjectStoreHandler (ObjectStoreHandler.java:close(155)) - Closing ObjectStoreHandler.
2019-08-21 10:25:56,858 INFO  datanode.ObjectStoreHandler (ObjectStoreHandler.java:close(155)) - Closing ObjectStoreHandler.
2019-08-21 10:25:56,860 INFO  ozone.HddsDatanodeService (HddsDatanodeService.java:stop(451)) - Stopped plug-in org.apache.hadoop.ozone.web.OzoneHddsDatanodeService@240a2619
2019-08-21 10:25:56,860 INFO  ozone.HddsDatanodeService (HddsDatanodeService.java:stop(451)) - Stopped plug-in org.apache.hadoop.ozone.web.OzoneHddsDatanodeService@2415e4c7
2019-08-21 10:25:57,033 INFO  statemachine.DatanodeStateMachine (DatanodeStateMachine.java:lambda$startDaemon$0(350)) - Ozone container server started.
2019-08-21 10:25:57,552 INFO  statemachine.DatanodeStateMachine (DatanodeStateMachine.java:lambda$startDaemon$0(350)) - Ozone container server started.
2019-08-21 10:25:59,026 WARN  server.GrpcLogAppender (LogUtils.java:warn(134)) - ce345902-92fa-4d2c-9453-44767017310b->699643f3-5e28-4e25-b20c-8665c7439d94: Failed appendEntries: org.apache.ratis.thirdparty.io.grpc.StatusRuntimeException: UNAVAILABLE: io exception
2019-08-21 10:25:59,026 WARN  server.GrpcLogAppender (LogUtils.java:warn(134)) - ce345902-92fa-4d2c-9453-44767017310b->9b36faad-3033-48d3-adf8-4e1a4c45d42a: Failed appendEntries: org.apache.ratis.thirdparty.io.grpc.StatusRuntimeException: UNAVAILABLE: io exception
2019-08-21 10:25:59,028 INFO  impl.FollowerInfo (FollowerInfo.java:lambda$new$0(50)) - ce345902-92fa-4d2c-9453-44767017310b->699643f3-5e28-4e25-b20c-8665c7439d94: nextIndex: updateUnconditionally 17 -> 16
2019-08-21 10:25:59,028 INFO  impl.FollowerInfo (FollowerInfo.java:lambda$new$0(50)) - ce345902-92fa-4d2c-9453-44767017310b->9b36faad-3033-48d3-adf8-4e1a4c45d42a: nextIndex: updateUnconditionally 14 -> 13
2019-08-21 10:26:01,067 INFO  node.StaleNodeHandler (StaleNodeHandler.java:onMessage(58)) - Datanode 30ed8bbd-c69b-4df8-bb86-6d4b0d57e032{ip: 192.168.69.125, host: pr-hdds-1942-m6xfh-241770668, networkLocation: /default-rack, certSerialId: null} moved to stale state. Finalizing its pipelines [PipelineID=7efde546-da3c-402d-b267-b80044f8d2da]
2019-08-21 10:26:01,067 INFO  pipeline.SCMPipelineManager (SCMPipelineManager.java:finalizeAndDestroyPipeline(309)) - destroying pipeline:Pipeline[ Id: 7efde546-da3c-402d-b267-b80044f8d2da, Nodes: 30ed8bbd-c69b-4df8-bb86-6d4b0d57e032{ip: 192.168.69.125, host: pr-hdds-1942-m6xfh-241770668, networkLocation: /default-rack, certSerialId: null}, Type:RATIS, Factor:ONE, State:OPEN]
2019-08-21 10:26:01,067 INFO  pipeline.PipelineStateManager (PipelineStateManager.java:finalizePipeline(123)) - Pipeline Pipeline[ Id: 7efde546-da3c-402d-b267-b80044f8d2da, Nodes: 30ed8bbd-c69b-4df8-bb86-6d4b0d57e032{ip: 192.168.69.125, host: pr-hdds-1942-m6xfh-241770668, networkLocation: /default-rack, certSerialId: null}, Type:RATIS, Factor:ONE, State:CLOSED] moved to CLOSED state
2019-08-21 10:26:01,527 WARN  server.GrpcLogAppender (LogUtils.java:warn(134)) - ce345902-92fa-4d2c-9453-44767017310b->699643f3-5e28-4e25-b20c-8665c7439d94: Failed appendEntries: org.apache.ratis.thirdparty.io.grpc.StatusRuntimeException: UNAVAILABLE: io exception
2019-08-21 10:26:01,527 WARN  server.GrpcLogAppender (LogUtils.java:warn(134)) - ce345902-92fa-4d2c-9453-44767017310b->9b36faad-3033-48d3-adf8-4e1a4c45d42a: Failed appendEntries: org.apache.ratis.thirdparty.io.grpc.StatusRuntimeException: UNAVAILABLE: io exception
2019-08-21 10:26:01,530 INFO  impl.FollowerInfo (FollowerInfo.java:lambda$new$0(50)) - ce345902-92fa-4d2c-9453-44767017310b->699643f3-5e28-4e25-b20c-8665c7439d94: nextIndex: updateUnconditionally 16 -> 15
2019-08-21 10:26:01,530 INFO  impl.FollowerInfo (FollowerInfo.java:lambda$new$0(50)) - ce345902-92fa-4d2c-9453-44767017310b->9b36faad-3033-48d3-adf8-4e1a4c45d42a: nextIndex: updateUnconditionally 13 -> 12
2019-08-21 10:26:01,568 INFO  node.StaleNodeHandler (StaleNodeHandler.java:onMessage(58)) - Datanode 55f62412-c2c8-4b92-80f9-2c0aa865c28e{ip: 192.168.69.125, host: pr-hdds-1942-m6xfh-241770668, networkLocation: /default-rack, certSerialId: null} moved to stale state. Finalizing its pipelines [PipelineID=129910ef-79ce-4e6f-89b0-505bde07d967, PipelineID=5dcd0414-75a5-4212-bb5a-6ff003ade595]
2019-08-21 10:26:01,568 INFO  pipeline.SCMPipelineManager (SCMPipelineManager.java:finalizeAndDestroyPipeline(309)) - destroying pipeline:Pipeline[ Id: 129910ef-79ce-4e6f-89b0-505bde07d967, Nodes: 55f62412-c2c8-4b92-80f9-2c0aa865c28e{ip: 192.168.69.125, host: pr-hdds-1942-m6xfh-241770668, networkLocation: /default-rack, certSerialId: null}, Type:RATIS, Factor:ONE, State:OPEN]
2019-08-21 10:26:01,568 INFO  pipeline.PipelineStateManager (PipelineStateManager.java:finalizePipeline(123)) - Pipeline Pipeline[ Id: 129910ef-79ce-4e6f-89b0-505bde07d967, Nodes: 55f62412-c2c8-4b92-80f9-2c0aa865c28e{ip: 192.168.69.125, host: pr-hdds-1942-m6xfh-241770668, networkLocation: /default-rack, certSerialId: null}, Type:RATIS, Factor:ONE, State:CLOSED] moved to CLOSED state
2019-08-21 10:26:01,568 INFO  pipeline.SCMPipelineManager (SCMPipelineManager.java:finalizeAndDestroyPipeline(309)) - destroying pipeline:Pipeline[ Id: 5dcd0414-75a5-4212-bb5a-6ff003ade595, Nodes: d929b274-4924-41b6-908a-f5a2820ffb18{ip: 192.168.69.125, host: pr-hdds-1942-m6xfh-241770668, networkLocation: /default-rack, certSerialId: null}e095ffe6-3937-4878-89ac-e30ae8383dd7{ip: 192.168.69.125, host: pr-hdds-1942-m6xfh-241770668, networkLocation: /default-rack, certSerialId: null}55f62412-c2c8-4b92-80f9-2c0aa865c28e{ip: 192.168.69.125, host: pr-hdds-1942-m6xfh-241770668, networkLocation: /default-rack, certSerialId: null}, Type:RATIS, Factor:THREE, State:OPEN]
2019-08-21 10:26:01,568 INFO  pipeline.PipelineStateManager (PipelineStateManager.java:finalizePipeline(123)) - Pipeline Pipeline[ Id: 5dcd0414-75a5-4212-bb5a-6ff003ade595, Nodes: d929b274-4924-41b6-908a-f5a2820ffb18{ip: 192.168.69.125, host: pr-hdds-1942-m6xfh-241770668, networkLocation: /default-rack, certSerialId: null}e095ffe6-3937-4878-89ac-e30ae8383dd7{ip: 192.168.69.125, host: pr-hdds-1942-m6xfh-241770668, networkLocation: /default-rack, certSerialId: null}55f62412-c2c8-4b92-80f9-2c0aa865c28e{ip: 192.168.69.125, host: pr-hdds-1942-m6xfh-241770668, networkLocation: /default-rack, certSerialId: null}, Type:RATIS, Factor:THREE, State:CLOSED] moved to CLOSED state
2019-08-21 10:26:01,569 INFO  container.CloseContainerEventHandler (CloseContainerEventHandler.java:onMessage(61)) - Close container Event triggered for container : #2
2019-08-21 10:26:01,862 INFO  ozoneimpl.OzoneContainer (OzoneContainer.java:stop(199)) - Attempting to stop container services.
2019-08-21 10:26:01,864 INFO  ozoneimpl.OzoneContainer (OzoneContainer.java:stop(199)) - Attempting to stop container services.
2019-08-21 10:26:01,865 INFO  impl.RaftServerProxy (RaftServerProxy.java:lambda$close$4(314)) - 30ed8bbd-c69b-4df8-bb86-6d4b0d57e032: close
2019-08-21 10:26:01,865 INFO  impl.RaftServerProxy (RaftServerProxy.java:lambda$close$4(314)) - 55f62412-c2c8-4b92-80f9-2c0aa865c28e: close
2019-08-21 10:26:01,865 INFO  impl.RaftServerImpl (RaftServerImpl.java:lambda$shutdown$3(245)) - 30ed8bbd-c69b-4df8-bb86-6d4b0d57e032: shutdown group-B80044F8D2DA
2019-08-21 10:26:01,866 INFO  impl.RaftServerImpl (RaftServerImpl.java:lambda$shutdown$3(245)) - 55f62412-c2c8-4b92-80f9-2c0aa865c28e: shutdown group-505BDE07D967
2019-08-21 10:26:01,866 INFO  util.JmxRegister (JmxRegister.java:unregister(73)) - Successfully un-registered JMX Bean with object name Ratis:service=RaftServer,group=group-B80044F8D2DA,id=30ed8bbd-c69b-4df8-bb86-6d4b0d57e032
2019-08-21 10:26:01,866 INFO  util.JmxRegister (JmxRegister.java:unregister(73)) - Successfully un-registered JMX Bean with object name Ratis:service=RaftServer,group=group-505BDE07D967,id=55f62412-c2c8-4b92-80f9-2c0aa865c28e
2019-08-21 10:26:01,866 INFO  impl.RoleInfo (RoleInfo.java:shutdownLeaderState(104)) - 30ed8bbd-c69b-4df8-bb86-6d4b0d57e032: shutdown LeaderState
2019-08-21 10:26:01,866 INFO  impl.RoleInfo (RoleInfo.java:shutdownLeaderState(104)) - 55f62412-c2c8-4b92-80f9-2c0aa865c28e: shutdown LeaderState
2019-08-21 10:26:01,867 INFO  impl.PendingRequests (PendingRequests.java:sendNotLeaderResponses(202)) - 30ed8bbd-c69b-4df8-bb86-6d4b0d57e032-PendingRequests: sendNotLeaderResponses
2019-08-21 10:26:01,867 INFO  impl.PendingRequests (PendingRequests.java:sendNotLeaderResponses(202)) - 55f62412-c2c8-4b92-80f9-2c0aa865c28e-PendingRequests: sendNotLeaderResponses
2019-08-21 10:26:01,869 INFO  impl.StateMachineUpdater (StateMachineUpdater.java:stopAndJoin(115)) - StateMachineUpdater:30ed8bbd-c69b-4df8-bb86-6d4b0d57e032:group-B80044F8D2DA: set stopIndex = 0
2019-08-21 10:26:01,869 INFO  impl.StateMachineUpdater (StateMachineUpdater.java:stopAndJoin(115)) - StateMachineUpdater:55f62412-c2c8-4b92-80f9-2c0aa865c28e:group-505BDE07D967: set stopIndex = 0
2019-08-21 10:26:01,869 INFO  impl.RaftServerImpl (ServerState.java:close(394)) - 30ed8bbd-c69b-4df8-bb86-6d4b0d57e032:group-B80044F8D2DA closes. The last applied log index is 0
2019-08-21 10:26:01,870 INFO  impl.RaftServerImpl (ServerState.java:close(394)) - 55f62412-c2c8-4b92-80f9-2c0aa865c28e:group-505BDE07D967 closes. The last applied log index is 0
2019-08-21 10:26:01,870 INFO  segmented.SegmentedRaftLogWorker (SegmentedRaftLogWorker.java:run(313)) - 30ed8bbd-c69b-4df8-bb86-6d4b0d57e032-SegmentedRaftLogWorker:Storage Directory /workdir/hadoop-ozone/integration-test/target/test-dir/MiniOzoneClusterImpl-95143be0-755f-4bc3-975e-a4fe9db34024/datanode-6/data/ratis/7efde546-da3c-402d-b267-b80044f8d2da was interrupted, exiting. There are 0 tasks remaining in the queue.
2019-08-21 10:26:01,870 INFO  segmented.SegmentedRaftLogWorker (SegmentedRaftLogWorker.java:run(313)) - 55f62412-c2c8-4b92-80f9-2c0aa865c28e-SegmentedRaftLogWorker:Storage Directory /workdir/hadoop-ozone/integration-test/target/test-dir/MiniOzoneClusterImpl-95143be0-755f-4bc3-975e-a4fe9db34024/datanode-1/data/ratis/129910ef-79ce-4e6f-89b0-505bde07d967 was interrupted, exiting. There are 0 tasks remaining in the queue.
2019-08-21 10:26:01,872 INFO  segmented.SegmentedRaftLogWorker (SegmentedRaftLogWorker.java:close(228)) - 30ed8bbd-c69b-4df8-bb86-6d4b0d57e032-SegmentedRaftLogWorker:Storage Directory /workdir/hadoop-ozone/integration-test/target/test-dir/MiniOzoneClusterImpl-95143be0-755f-4bc3-975e-a4fe9db34024/datanode-6/data/ratis/7efde546-da3c-402d-b267-b80044f8d2da close()
2019-08-21 10:26:01,875 INFO  server.GrpcService (GrpcService.java:closeImpl(155)) - 30ed8bbd-c69b-4df8-bb86-6d4b0d57e032: shutdown server with port 39462 now
2019-08-21 10:26:01,876 INFO  server.GrpcService (GrpcService.java:closeImpl(163)) - 30ed8bbd-c69b-4df8-bb86-6d4b0d57e032: shutdown server with port 39462 successfully
2019-08-21 10:26:01,881 INFO  segmented.SegmentedRaftLogWorker (SegmentedRaftLogWorker.java:close(228)) - 55f62412-c2c8-4b92-80f9-2c0aa865c28e-SegmentedRaftLogWorker:Storage Directory /workdir/hadoop-ozone/integration-test/target/test-dir/MiniOzoneClusterImpl-95143be0-755f-4bc3-975e-a4fe9db34024/datanode-1/data/ratis/129910ef-79ce-4e6f-89b0-505bde07d967 close()
2019-08-21 10:26:01,883 INFO  impl.RaftServerImpl (RaftServerImpl.java:lambda$shutdown$3(245)) - 55f62412-c2c8-4b92-80f9-2c0aa865c28e: shutdown group-6FF003ADE595
2019-08-21 10:26:01,884 INFO  util.JmxRegister (JmxRegister.java:unregister(73)) - Successfully un-registered JMX Bean with object name Ratis:service=RaftServer,group=group-6FF003ADE595,id=55f62412-c2c8-4b92-80f9-2c0aa865c28e
2019-08-21 10:26:01,884 INFO  impl.RoleInfo (RoleInfo.java:shutdownLeaderState(104)) - 55f62412-c2c8-4b92-80f9-2c0aa865c28e: shutdown LeaderState
2019-08-21 10:26:01,886 INFO  impl.PendingRequests (PendingRequests.java:sendNotLeaderResponses(202)) - 55f62412-c2c8-4b92-80f9-2c0aa865c28e-PendingRequests: sendNotLeaderResponses
2019-08-21 10:26:01,886 WARN  server.GrpcLogAppender (GrpcLogAppender.java:mayWait(143)) - GrpcLogAppender(55f62412-c2c8-4b92-80f9-2c0aa865c28e->d929b274-4924-41b6-908a-f5a2820ffb18): Wait interrupted by java.lang.InterruptedException
2019-08-21 10:26:01,886 WARN  server.GrpcLogAppender (GrpcLogAppender.java:mayWait(143)) - GrpcLogAppender(55f62412-c2c8-4b92-80f9-2c0aa865c28e->e095ffe6-3937-4878-89ac-e30ae8383dd7): Wait interrupted by java.lang.InterruptedException
2019-08-21 10:26:01,889 INFO  server.GrpcServerProtocolService (GrpcServerProtocolService.java:onCompleted(104)) - d929b274-4924-41b6-908a-f5a2820ffb18: appendEntries completed
2019-08-21 10:26:01,889 INFO  server.GrpcServerProtocolService (GrpcServerProtocolService.java:onCompleted(104)) - e095ffe6-3937-4878-89ac-e30ae8383dd7: appendEntries completed
2019-08-21 10:26:01,891 INFO  utils.BackgroundService (BackgroundService.java:shutdown(148)) - Shutting down service BlockDeletingService
2019-08-21 10:26:01,895 INFO  impl.StateMachineUpdater (StateMachineUpdater.java:stopAndJoin(115)) - StateMachineUpdater:55f62412-c2c8-4b92-80f9-2c0aa865c28e:group-6FF003ADE595: set stopIndex = 16
2019-08-21 10:26:01,896 INFO  ratis.ContainerStateMachine (ContainerStateMachine.java:takeSnapshot(271)) - group-6FF003ADE595: Taking a snapshot at:(t:2, i:14) file /workdir/hadoop-ozone/integration-test/target/test-dir/MiniOzoneClusterImpl-95143be0-755f-4bc3-975e-a4fe9db34024/datanode-1/data/ratis/5dcd0414-75a5-4212-bb5a-6ff003ade595/sm/snapshot.2_14
2019-08-21 10:26:01,896 INFO  server.GrpcLogAppender (GrpcLogAppender.java:onCompleted(292)) - 55f62412-c2c8-4b92-80f9-2c0aa865c28e->e095ffe6-3937-4878-89ac-e30ae8383dd7: follower responses appendEntries COMPLETED
2019-08-21 10:26:01,896 INFO  server.GrpcLogAppender (GrpcLogAppender.java:onCompleted(292)) - 55f62412-c2c8-4b92-80f9-2c0aa865c28e->d929b274-4924-41b6-908a-f5a2820ffb18: follower responses appendEntries COMPLETED
2019-08-21 10:26:01,902 INFO  impl.FollowerInfo (FollowerInfo.java:lambda$new$0(50)) - 55f62412-c2c8-4b92-80f9-2c0aa865c28e->e095ffe6-3937-4878-89ac-e30ae8383dd7: nextIndex: updateUnconditionally 17 -> 16
2019-08-21 10:26:01,902 INFO  impl.FollowerInfo (FollowerInfo.java:lambda$new$0(50)) - 55f62412-c2c8-4b92-80f9-2c0aa865c28e->d929b274-4924-41b6-908a-f5a2820ffb18: nextIndex: updateUnconditionally 17 -> 16
2019-08-21 10:26:01,902 WARN  fs.CachingGetSpaceUsed (CachingGetSpaceUsed.java:run(183)) - Thread Interrupted waiting to refresh disk information: sleep interrupted
2019-08-21 10:26:01,915 INFO  ratis.ContainerStateMachine (ContainerStateMachine.java:takeSnapshot(282)) - group-6FF003ADE595: Finished taking a snapshot at:(t:2, i:14) file:/workdir/hadoop-ozone/integration-test/target/test-dir/MiniOzoneClusterImpl-95143be0-755f-4bc3-975e-a4fe9db34024/datanode-1/data/ratis/5dcd0414-75a5-4212-bb5a-6ff003ade595/sm/snapshot.2_14 time:21
2019-08-21 10:26:01,915 INFO  impl.StateMachineUpdater (StateMachineUpdater.java:takeSnapshot(242)) - StateMachineUpdater:55f62412-c2c8-4b92-80f9-2c0aa865c28e:group-6FF003ADE595: Took a snapshot at index 14
2019-08-21 10:26:01,915 INFO  impl.StateMachineUpdater (StateMachineUpdater.java:lambda$new$0(80)) - StateMachineUpdater:55f62412-c2c8-4b92-80f9-2c0aa865c28e:group-6FF003ADE595: snapshotIndex: updateIncreasingly -1 -> 14
2019-08-21 10:26:01,915 INFO  impl.RaftServerImpl (ServerState.java:close(394)) - 55f62412-c2c8-4b92-80f9-2c0aa865c28e:group-6FF003ADE595 closes. The last applied log index is 16
2019-08-21 10:26:01,916 INFO  segmented.SegmentedRaftLogWorker (SegmentedRaftLogWorker.java:run(313)) - 55f62412-c2c8-4b92-80f9-2c0aa865c28e-SegmentedRaftLogWorker:Storage Directory /workdir/hadoop-ozone/integration-test/target/test-dir/MiniOzoneClusterImpl-95143be0-755f-4bc3-975e-a4fe9db34024/datanode-1/data/ratis/5dcd0414-75a5-4212-bb5a-6ff003ade595 was interrupted, exiting. There are 0 tasks remaining in the queue.
2019-08-21 10:26:01,917 INFO  segmented.SegmentedRaftLogWorker (SegmentedRaftLogWorker.java:close(228)) - 55f62412-c2c8-4b92-80f9-2c0aa865c28e-SegmentedRaftLogWorker:Storage Directory /workdir/hadoop-ozone/integration-test/target/test-dir/MiniOzoneClusterImpl-95143be0-755f-4bc3-975e-a4fe9db34024/datanode-1/data/ratis/5dcd0414-75a5-4212-bb5a-6ff003ade595 close()
2019-08-21 10:26:01,919 INFO  server.GrpcService (GrpcService.java:closeImpl(155)) - 55f62412-c2c8-4b92-80f9-2c0aa865c28e: shutdown server with port 34234 now
2019-08-21 10:26:01,923 INFO  statemachine.DatanodeStateMachine (DatanodeStateMachine.java:stopDaemon(395)) - Ozone container server stopped.
2019-08-21 10:26:01,923 INFO  server.GrpcService (GrpcService.java:closeImpl(163)) - 55f62412-c2c8-4b92-80f9-2c0aa865c28e: shutdown server with port 34234 successfully
2019-08-21 10:26:01,924 WARN  client.GrpcClientProtocolService (LogUtils.java:warn(134)) - 1-UnorderedRequestStreamObserver1: onError: org.apache.ratis.thirdparty.io.grpc.StatusRuntimeException: CANCELLED: cancelled before receiving half close
2019-08-21 10:26:01,927 INFO  utils.BackgroundService (BackgroundService.java:shutdown(148)) - Shutting down service BlockDeletingService
2019-08-21 10:26:01,929 INFO  handler.ContextHandler (ContextHandler.java:doStop(910)) - Stopped o.e.j.w.WebAppContext@4ae8fb2a{/,null,UNAVAILABLE}{/hddsDatanode}
2019-08-21 10:26:01,929 WARN  fs.CachingGetSpaceUsed (CachingGetSpaceUsed.java:run(183)) - Thread Interrupted waiting to refresh disk information: sleep interrupted
2019-08-21 10:26:01,931 INFO  server.AbstractConnector (AbstractConnector.java:doStop(318)) - Stopped ServerConnector@54326e9{HTTP/1.1,[http/1.1]}{0.0.0.0:0}
2019-08-21 10:26:01,932 INFO  handler.ContextHandler (ContextHandler.java:doStop(910)) - Stopped o.e.j.s.ServletContextHandler@48567727{/static,jar:file:/home/user/.m2/repository/org/apache/hadoop/hadoop-hdds-container-service/0.5.0-SNAPSHOT/hadoop-hdds-container-service-0.5.0-SNAPSHOT.jar!/webapps/static,UNAVAILABLE}
2019-08-21 10:26:01,935 INFO  handler.ContextHandler (ContextHandler.java:doStop(910)) - Stopped o.e.j.s.ServletContextHandler@6afbe6a1{/logs,file:///workdir/hadoop-ozone/integration-test/target/log,UNAVAILABLE}
2019-08-21 10:26:01,938 INFO  datanode.ObjectStoreHandler (ObjectStoreHandler.java:close(155)) - Closing ObjectStoreHandler.
2019-08-21 10:26:01,938 INFO  ozone.HddsDatanodeService (HddsDatanodeService.java:stop(451)) - Stopped plug-in org.apache.hadoop.ozone.web.OzoneHddsDatanodeService@20a3e10c
2019-08-21 10:26:01,953 INFO  statemachine.DatanodeStateMachine (DatanodeStateMachine.java:stopDaemon(395)) - Ozone container server stopped.
2019-08-21 10:26:01,956 INFO  handler.ContextHandler (ContextHandler.java:doStop(910)) - Stopped o.e.j.w.WebAppContext@1ac6dd3d{/,null,UNAVAILABLE}{/hddsDatanode}
2019-08-21 10:26:01,957 INFO  server.AbstractConnector (AbstractConnector.java:doStop(318)) - Stopped ServerConnector@562919fe{HTTP/1.1,[http/1.1]}{0.0.0.0:0}
2019-08-21 10:26:01,958 INFO  handler.ContextHandler (ContextHandler.java:doStop(910)) - Stopped o.e.j.s.ServletContextHandler@7fdd43cd{/static,jar:file:/home/user/.m2/repository/org/apache/hadoop/hadoop-hdds-container-service/0.5.0-SNAPSHOT/hadoop-hdds-container-service-0.5.0-SNAPSHOT.jar!/webapps/static,UNAVAILABLE}
2019-08-21 10:26:01,959 INFO  handler.ContextHandler (ContextHandler.java:doStop(910)) - Stopped o.e.j.s.ServletContextHandler@7fbd3e75{/logs,file:///workdir/hadoop-ozone/integration-test/target/log,UNAVAILABLE}
2019-08-21 10:26:01,960 INFO  datanode.ObjectStoreHandler (ObjectStoreHandler.java:close(155)) - Closing ObjectStoreHandler.
2019-08-21 10:26:01,960 INFO  ozone.HddsDatanodeService (HddsDatanodeService.java:stop(451)) - Stopped plug-in org.apache.hadoop.ozone.web.OzoneHddsDatanodeService@691541bc
2019-08-21 10:26:02,079 INFO  statemachine.DatanodeStateMachine (DatanodeStateMachine.java:lambda$startDaemon$0(350)) - Ozone container server started.
2019-08-21 10:26:02,552 INFO  statemachine.DatanodeStateMachine (DatanodeStateMachine.java:lambda$startDaemon$0(350)) - Ozone container server started.
2019-08-21 10:26:04,030 WARN  server.GrpcLogAppender (LogUtils.java:warn(134)) - ce345902-92fa-4d2c-9453-44767017310b->9b36faad-3033-48d3-adf8-4e1a4c45d42a: Failed appendEntries: org.apache.ratis.thirdparty.io.grpc.StatusRuntimeException: UNAVAILABLE: io exception
2019-08-21 10:26:04,030 WARN  server.GrpcLogAppender (LogUtils.java:warn(134)) - ce345902-92fa-4d2c-9453-44767017310b->699643f3-5e28-4e25-b20c-8665c7439d94: Failed appendEntries: org.apache.ratis.thirdparty.io.grpc.StatusRuntimeException: UNAVAILABLE: io exception
2019-08-21 10:26:04,032 INFO  impl.FollowerInfo (FollowerInfo.java:lambda$new$0(50)) - ce345902-92fa-4d2c-9453-44767017310b->9b36faad-3033-48d3-adf8-4e1a4c45d42a: nextIndex: updateUnconditionally 12 -> 11
2019-08-21 10:26:04,033 INFO  impl.FollowerInfo (FollowerInfo.java:lambda$new$0(50)) - ce345902-92fa-4d2c-9453-44767017310b->699643f3-5e28-4e25-b20c-8665c7439d94: nextIndex: updateUnconditionally 15 -> 14
2019-08-21 10:26:06,180 INFO  node.StaleNodeHandler (StaleNodeHandler.java:onMessage(58)) - Datanode ce345902-92fa-4d2c-9453-44767017310b{ip: 192.168.69.125, host: pr-hdds-1942-m6xfh-241770668, networkLocation: /default-rack, certSerialId: null} moved to stale state. Finalizing its pipelines [PipelineID=1c02ea4f-5677-4954-ad44-ff42cfc15e38, PipelineID=6ecfb3a3-c9b7-4235-bffb-c79492b800ed]
2019-08-21 10:26:06,180 INFO  pipeline.SCMPipelineManager (SCMPipelineManager.java:finalizeAndDestroyPipeline(309)) - destroying pipeline:Pipeline[ Id: 1c02ea4f-5677-4954-ad44-ff42cfc15e38, Nodes: 9b36faad-3033-48d3-adf8-4e1a4c45d42a{ip: 192.168.69.125, host: pr-hdds-1942-m6xfh-241770668, networkLocation: /default-rack, certSerialId: null}699643f3-5e28-4e25-b20c-8665c7439d94{ip: 192.168.69.125, host: pr-hdds-1942-m6xfh-241770668, networkLocation: /default-rack, certSerialId: null}ce345902-92fa-4d2c-9453-44767017310b{ip: 192.168.69.125, host: pr-hdds-1942-m6xfh-241770668, networkLocation: /default-rack, certSerialId: null}, Type:RATIS, Factor:THREE, State:CLOSED]
2019-08-21 10:26:06,180 INFO  pipeline.SCMPipelineManager (SCMPipelineManager.java:finalizeAndDestroyPipeline(309)) - destroying pipeline:Pipeline[ Id: 6ecfb3a3-c9b7-4235-bffb-c79492b800ed, Nodes: ce345902-92fa-4d2c-9453-44767017310b{ip: 192.168.69.125, host: pr-hdds-1942-m6xfh-241770668, networkLocation: /default-rack, certSerialId: null}, Type:RATIS, Factor:ONE, State:OPEN]
2019-08-21 10:26:06,181 INFO  pipeline.PipelineStateManager (PipelineStateManager.java:finalizePipeline(123)) - Pipeline Pipeline[ Id: 6ecfb3a3-c9b7-4235-bffb-c79492b800ed, Nodes: ce345902-92fa-4d2c-9453-44767017310b{ip: 192.168.69.125, host: pr-hdds-1942-m6xfh-241770668, networkLocation: /default-rack, certSerialId: null}, Type:RATIS, Factor:ONE, State:CLOSED] moved to CLOSED state
2019-08-21 10:26:06,534 WARN  server.GrpcLogAppender (LogUtils.java:warn(134)) - ce345902-92fa-4d2c-9453-44767017310b->699643f3-5e28-4e25-b20c-8665c7439d94: Failed appendEntries: org.apache.ratis.thirdparty.io.grpc.StatusRuntimeException: UNAVAILABLE: io exception
2019-08-21 10:26:06,534 WARN  server.GrpcLogAppender (LogUtils.java:warn(134)) - ce345902-92fa-4d2c-9453-44767017310b->9b36faad-3033-48d3-adf8-4e1a4c45d42a: Failed appendEntries: org.apache.ratis.thirdparty.io.grpc.StatusRuntimeException: UNAVAILABLE: io exception
2019-08-21 10:26:06,537 INFO  impl.FollowerInfo (FollowerInfo.java:lambda$new$0(50)) - ce345902-92fa-4d2c-9453-44767017310b->699643f3-5e28-4e25-b20c-8665c7439d94: nextIndex: updateUnconditionally 14 -> 13
2019-08-21 10:26:06,538 INFO  impl.FollowerInfo (FollowerInfo.java:lambda$new$0(50)) - ce345902-92fa-4d2c-9453-44767017310b->9b36faad-3033-48d3-adf8-4e1a4c45d42a: nextIndex: updateUnconditionally 11 -> 10
2019-08-21 10:26:06,580 INFO  node.StaleNodeHandler (StaleNodeHandler.java:onMessage(58)) - Datanode d929b274-4924-41b6-908a-f5a2820ffb18{ip: 192.168.69.125, host: pr-hdds-1942-m6xfh-241770668, networkLocation: /default-rack, certSerialId: null} moved to stale state. Finalizing its pipelines [PipelineID=5dcd0414-75a5-4212-bb5a-6ff003ade595, PipelineID=375cd28e-b1e9-4db1-aeb5-1ac25aaa5de8]
2019-08-21 10:26:06,581 INFO  pipeline.SCMPipelineManager (SCMPipelineManager.java:finalizeAndDestroyPipeline(309)) - destroying pipeline:Pipeline[ Id: 5dcd0414-75a5-4212-bb5a-6ff003ade595, Nodes: d929b274-4924-41b6-908a-f5a2820ffb18{ip: 192.168.69.125, host: pr-hdds-1942-m6xfh-241770668, networkLocation: /default-rack, certSerialId: null}e095ffe6-3937-4878-89ac-e30ae8383dd7{ip: 192.168.69.125, host: pr-hdds-1942-m6xfh-241770668, networkLocation: /default-rack, certSerialId: null}55f62412-c2c8-4b92-80f9-2c0aa865c28e{ip: 192.168.69.125, host: pr-hdds-1942-m6xfh-241770668, networkLocation: /default-rack, certSerialId: null}, Type:RATIS, Factor:THREE, State:CLOSED]
2019-08-21 10:26:06,581 INFO  pipeline.SCMPipelineManager (SCMPipelineManager.java:finalizeAndDestroyPipeline(309)) - destroying pipeline:Pipeline[ Id: 375cd28e-b1e9-4db1-aeb5-1ac25aaa5de8, Nodes: d929b274-4924-41b6-908a-f5a2820ffb18{ip: 192.168.69.125, host: pr-hdds-1942-m6xfh-241770668, networkLocation: /default-rack, certSerialId: null}, Type:RATIS, Factor:ONE, State:OPEN]
2019-08-21 10:26:06,582 INFO  pipeline.PipelineStateManager (PipelineStateManager.java:finalizePipeline(123)) - Pipeline Pipeline[ Id: 375cd28e-b1e9-4db1-aeb5-1ac25aaa5de8, Nodes: d929b274-4924-41b6-908a-f5a2820ffb18{ip: 192.168.69.125, host: pr-hdds-1942-m6xfh-241770668, networkLocation: /default-rack, certSerialId: null}, Type:RATIS, Factor:ONE, State:CLOSED] moved to CLOSED state
2019-08-21 10:26:06,939 INFO  ozoneimpl.OzoneContainer (OzoneContainer.java:stop(199)) - Attempting to stop container services.
2019-08-21 10:26:06,941 INFO  impl.RaftServerProxy (RaftServerProxy.java:lambda$close$4(314)) - ce345902-92fa-4d2c-9453-44767017310b: close
2019-08-21 10:26:06,941 INFO  impl.RaftServerImpl (RaftServerImpl.java:lambda$shutdown$3(245)) - ce345902-92fa-4d2c-9453-44767017310b: shutdown group-FF42CFC15E38
2019-08-21 10:26:06,942 INFO  util.JmxRegister (JmxRegister.java:unregister(73)) - Successfully un-registered JMX Bean with object name Ratis:service=RaftServer,group=group-FF42CFC15E38,id=ce345902-92fa-4d2c-9453-44767017310b
2019-08-21 10:26:06,942 INFO  impl.RoleInfo (RoleInfo.java:shutdownLeaderState(104)) - ce345902-92fa-4d2c-9453-44767017310b: shutdown LeaderState
2019-08-21 10:26:06,944 WARN  server.GrpcLogAppender (GrpcLogAppender.java:mayWait(143)) - GrpcLogAppender(ce345902-92fa-4d2c-9453-44767017310b->699643f3-5e28-4e25-b20c-8665c7439d94): Wait interrupted by java.lang.InterruptedException
2019-08-21 10:26:06,944 WARN  server.GrpcLogAppender (GrpcLogAppender.java:mayWait(143)) - GrpcLogAppender(ce345902-92fa-4d2c-9453-44767017310b->9b36faad-3033-48d3-adf8-4e1a4c45d42a): Wait interrupted by java.lang.InterruptedException
2019-08-21 10:26:06,944 INFO  impl.PendingRequests (PendingRequests.java:sendNotLeaderResponses(202)) - ce345902-92fa-4d2c-9453-44767017310b-PendingRequests: sendNotLeaderResponses
2019-08-21 10:26:06,946 INFO  impl.StateMachineUpdater (StateMachineUpdater.java:stopAndJoin(115)) - StateMachineUpdater:ce345902-92fa-4d2c-9453-44767017310b:group-FF42CFC15E38: set stopIndex = 18
2019-08-21 10:26:06,947 INFO  ratis.ContainerStateMachine (ContainerStateMachine.java:takeSnapshot(271)) - group-FF42CFC15E38: Taking a snapshot at:(t:1, i:18) file /workdir/hadoop-ozone/integration-test/target/test-dir/MiniOzoneClusterImpl-95143be0-755f-4bc3-975e-a4fe9db34024/datanode-5/data/ratis/1c02ea4f-5677-4954-ad44-ff42cfc15e38/sm/snapshot.1_18
2019-08-21 10:26:06,960 INFO  ratis.ContainerStateMachine (ContainerStateMachine.java:takeSnapshot(282)) - group-FF42CFC15E38: Finished taking a snapshot at:(t:1, i:18) file:/workdir/hadoop-ozone/integration-test/target/test-dir/MiniOzoneClusterImpl-95143be0-755f-4bc3-975e-a4fe9db34024/datanode-5/data/ratis/1c02ea4f-5677-4954-ad44-ff42cfc15e38/sm/snapshot.1_18 time:14
2019-08-21 10:26:06,961 INFO  impl.StateMachineUpdater (StateMachineUpdater.java:takeSnapshot(242)) - StateMachineUpdater:ce345902-92fa-4d2c-9453-44767017310b:group-FF42CFC15E38: Took a snapshot at index 18
2019-08-21 10:26:06,961 INFO  ozoneimpl.OzoneContainer (OzoneContainer.java:stop(199)) - Attempting to stop container services.
2019-08-21 10:26:06,961 INFO  impl.StateMachineUpdater (StateMachineUpdater.java:lambda$new$0(80)) - StateMachineUpdater:ce345902-92fa-4d2c-9453-44767017310b:group-FF42CFC15E38: snapshotIndex: updateIncreasingly -1 -> 18
2019-08-21 10:26:06,961 INFO  impl.RaftServerProxy (RaftServerProxy.java:lambda$close$4(314)) - d929b274-4924-41b6-908a-f5a2820ffb18: close
2019-08-21 10:26:06,961 INFO  impl.RaftServerImpl (ServerState.java:close(394)) - ce345902-92fa-4d2c-9453-44767017310b:group-FF42CFC15E38 closes. The last applied log index is 18
2019-08-21 10:26:06,961 INFO  impl.RaftServerImpl (RaftServerImpl.java:lambda$shutdown$3(245)) - d929b274-4924-41b6-908a-f5a2820ffb18: shutdown group-6FF003ADE595
2019-08-21 10:26:06,962 INFO  segmented.SegmentedRaftLogWorker (SegmentedRaftLogWorker.java:run(313)) - ce345902-92fa-4d2c-9453-44767017310b-SegmentedRaftLogWorker:Storage Directory /workdir/hadoop-ozone/integration-test/target/test-dir/MiniOzoneClusterImpl-95143be0-755f-4bc3-975e-a4fe9db34024/datanode-5/data/ratis/1c02ea4f-5677-4954-ad44-ff42cfc15e38 was interrupted, exiting. There are 0 tasks remaining in the queue.
2019-08-21 10:26:06,962 INFO  util.JmxRegister (JmxRegister.java:unregister(73)) - Successfully un-registered JMX Bean with object name Ratis:service=RaftServer,group=group-6FF003ADE595,id=d929b274-4924-41b6-908a-f5a2820ffb18
2019-08-21 10:26:06,963 INFO  segmented.SegmentedRaftLogWorker (SegmentedRaftLogWorker.java:close(228)) - ce345902-92fa-4d2c-9453-44767017310b-SegmentedRaftLogWorker:Storage Directory /workdir/hadoop-ozone/integration-test/target/test-dir/MiniOzoneClusterImpl-95143be0-755f-4bc3-975e-a4fe9db34024/datanode-5/data/ratis/1c02ea4f-5677-4954-ad44-ff42cfc15e38 close()
2019-08-21 10:26:06,963 INFO  impl.RoleInfo (RoleInfo.java:shutdownFollowerState(121)) - d929b274-4924-41b6-908a-f5a2820ffb18: shutdown FollowerState
2019-08-21 10:26:06,965 INFO  impl.RaftServerImpl (RaftServerImpl.java:lambda$shutdown$3(245)) - ce345902-92fa-4d2c-9453-44767017310b: shutdown group-C79492B800ED
2019-08-21 10:26:06,965 INFO  ratis.ContainerStateMachine (ContainerStateMachine.java:takeSnapshot(271)) - group-6FF003ADE595: Taking a snapshot at:(t:2, i:14) file /workdir/hadoop-ozone/integration-test/target/test-dir/MiniOzoneClusterImpl-95143be0-755f-4bc3-975e-a4fe9db34024/datanode-2/data/ratis/5dcd0414-75a5-4212-bb5a-6ff003ade595/sm/snapshot.2_14
2019-08-21 10:26:06,965 INFO  impl.FollowerState (FollowerState.java:run(114)) - d929b274-4924-41b6-908a-f5a2820ffb18: FollowerState was interrupted: java.lang.InterruptedException: sleep interrupted
2019-08-21 10:26:06,965 INFO  impl.StateMachineUpdater (StateMachineUpdater.java:stopAndJoin(115)) - StateMachineUpdater:d929b274-4924-41b6-908a-f5a2820ffb18:group-6FF003ADE595: set stopIndex = 16
2019-08-21 10:26:06,965 INFO  util.JmxRegister (JmxRegister.java:unregister(73)) - Successfully un-registered JMX Bean with object name Ratis:service=RaftServer,group=group-C79492B800ED,id=ce345902-92fa-4d2c-9453-44767017310b
2019-08-21 10:26:06,966 INFO  impl.RoleInfo (RoleInfo.java:shutdownLeaderState(104)) - ce345902-92fa-4d2c-9453-44767017310b: shutdown LeaderState
2019-08-21 10:26:06,967 INFO  impl.PendingRequests (PendingRequests.java:sendNotLeaderResponses(202)) - ce345902-92fa-4d2c-9453-44767017310b-PendingRequests: sendNotLeaderResponses
2019-08-21 10:26:06,967 INFO  impl.StateMachineUpdater (StateMachineUpdater.java:stopAndJoin(115)) - StateMachineUpdater:ce345902-92fa-4d2c-9453-44767017310b:group-C79492B800ED: set stopIndex = 0
2019-08-21 10:26:06,967 INFO  impl.RaftServerImpl (ServerState.java:close(394)) - ce345902-92fa-4d2c-9453-44767017310b:group-C79492B800ED closes. The last applied log index is 0
2019-08-21 10:26:06,968 INFO  segmented.SegmentedRaftLogWorker (SegmentedRaftLogWorker.java:run(313)) - ce345902-92fa-4d2c-9453-44767017310b-SegmentedRaftLogWorker:Storage Directory /workdir/hadoop-ozone/integration-test/target/test-dir/MiniOzoneClusterImpl-95143be0-755f-4bc3-975e-a4fe9db34024/datanode-5/data/ratis/6ecfb3a3-c9b7-4235-bffb-c79492b800ed was interrupted, exiting. There are 0 tasks remaining in the queue.
2019-08-21 10:26:06,969 INFO  segmented.SegmentedRaftLogWorker (SegmentedRaftLogWorker.java:close(228)) - ce345902-92fa-4d2c-9453-44767017310b-SegmentedRaftLogWorker:Storage Directory /workdir/hadoop-ozone/integration-test/target/test-dir/MiniOzoneClusterImpl-95143be0-755f-4bc3-975e-a4fe9db34024/datanode-5/data/ratis/6ecfb3a3-c9b7-4235-bffb-c79492b800ed close()
2019-08-21 10:26:06,970 INFO  server.GrpcService (GrpcService.java:closeImpl(155)) - ce345902-92fa-4d2c-9453-44767017310b: shutdown server with port 44090 now
2019-08-21 10:26:06,972 WARN  client.GrpcClientProtocolService (LogUtils.java:warn(134)) - 3-UnorderedRequestStreamObserver3: onError: org.apache.ratis.thirdparty.io.grpc.StatusRuntimeException: CANCELLED: cancelled before receiving half close
2019-08-21 10:26:06,973 INFO  server.GrpcService (GrpcService.java:closeImpl(163)) - ce345902-92fa-4d2c-9453-44767017310b: shutdown server with port 44090 successfully
2019-08-21 10:26:06,975 INFO  utils.BackgroundService (BackgroundService.java:shutdown(148)) - Shutting down service BlockDeletingService
2019-08-21 10:26:06,977 WARN  fs.CachingGetSpaceUsed (CachingGetSpaceUsed.java:run(183)) - Thread Interrupted waiting to refresh disk information: sleep interrupted
2019-08-21 10:26:06,979 INFO  ratis.ContainerStateMachine (ContainerStateMachine.java:takeSnapshot(282)) - group-6FF003ADE595: Finished taking a snapshot at:(t:2, i:14) file:/workdir/hadoop-ozone/integration-test/target/test-dir/MiniOzoneClusterImpl-95143be0-755f-4bc3-975e-a4fe9db34024/datanode-2/data/ratis/5dcd0414-75a5-4212-bb5a-6ff003ade595/sm/snapshot.2_14 time:15
2019-08-21 10:26:06,979 INFO  impl.StateMachineUpdater (StateMachineUpdater.java:takeSnapshot(242)) - StateMachineUpdater:d929b274-4924-41b6-908a-f5a2820ffb18:group-6FF003ADE595: Took a snapshot at index 14
2019-08-21 10:26:06,980 INFO  impl.StateMachineUpdater (StateMachineUpdater.java:lambda$new$0(80)) - StateMachineUpdater:d929b274-4924-41b6-908a-f5a2820ffb18:group-6FF003ADE595: snapshotIndex: updateIncreasingly -1 -> 14
2019-08-21 10:26:06,981 INFO  impl.RaftServerImpl (ServerState.java:close(394)) - d929b274-4924-41b6-908a-f5a2820ffb18:group-6FF003ADE595 closes. The last applied log index is 16
2019-08-21 10:26:06,983 INFO  segmented.SegmentedRaftLogWorker (SegmentedRaftLogWorker.java:run(313)) - d929b274-4924-41b6-908a-f5a2820ffb18-SegmentedRaftLogWorker:Storage Directory /workdir/hadoop-ozone/integration-test/target/test-dir/MiniOzoneClusterImpl-95143be0-755f-4bc3-975e-a4fe9db34024/datanode-2/data/ratis/5dcd0414-75a5-4212-bb5a-6ff003ade595 was interrupted, exiting. There are 0 tasks remaining in the queue.
2019-08-21 10:26:06,984 INFO  segmented.SegmentedRaftLogWorker (SegmentedRaftLogWorker.java:close(228)) - d929b274-4924-41b6-908a-f5a2820ffb18-SegmentedRaftLogWorker:Storage Directory /workdir/hadoop-ozone/integration-test/target/test-dir/MiniOzoneClusterImpl-95143be0-755f-4bc3-975e-a4fe9db34024/datanode-2/data/ratis/5dcd0414-75a5-4212-bb5a-6ff003ade595 close()
2019-08-21 10:26:06,987 INFO  impl.RaftServerImpl (RaftServerImpl.java:lambda$shutdown$3(245)) - d929b274-4924-41b6-908a-f5a2820ffb18: shutdown group-1AC25AAA5DE8
2019-08-21 10:26:06,988 INFO  util.JmxRegister (JmxRegister.java:unregister(73)) - Successfully un-registered JMX Bean with object name Ratis:service=RaftServer,group=group-1AC25AAA5DE8,id=d929b274-4924-41b6-908a-f5a2820ffb18
2019-08-21 10:26:06,988 INFO  impl.RoleInfo (RoleInfo.java:shutdownLeaderState(104)) - d929b274-4924-41b6-908a-f5a2820ffb18: shutdown LeaderState
2019-08-21 10:26:06,988 INFO  impl.PendingRequests (PendingRequests.java:sendNotLeaderResponses(202)) - d929b274-4924-41b6-908a-f5a2820ffb18-PendingRequests: sendNotLeaderResponses
2019-08-21 10:26:06,989 INFO  impl.StateMachineUpdater (StateMachineUpdater.java:stopAndJoin(115)) - StateMachineUpdater:d929b274-4924-41b6-908a-f5a2820ffb18:group-1AC25AAA5DE8: set stopIndex = 0
2019-08-21 10:26:06,989 INFO  impl.RaftServerImpl (ServerState.java:close(394)) - d929b274-4924-41b6-908a-f5a2820ffb18:group-1AC25AAA5DE8 closes. The last applied log index is 0
2019-08-21 10:26:06,989 INFO  segmented.SegmentedRaftLogWorker (SegmentedRaftLogWorker.java:run(313)) - d929b274-4924-41b6-908a-f5a2820ffb18-SegmentedRaftLogWorker:Storage Directory /workdir/hadoop-ozone/integration-test/target/test-dir/MiniOzoneClusterImpl-95143be0-755f-4bc3-975e-a4fe9db34024/datanode-2/data/ratis/375cd28e-b1e9-4db1-aeb5-1ac25aaa5de8 was interrupted, exiting. There are 0 tasks remaining in the queue.
2019-08-21 10:26:06,989 INFO  segmented.SegmentedRaftLogWorker (SegmentedRaftLogWorker.java:close(228)) - d929b274-4924-41b6-908a-f5a2820ffb18-SegmentedRaftLogWorker:Storage Directory /workdir/hadoop-ozone/integration-test/target/test-dir/MiniOzoneClusterImpl-95143be0-755f-4bc3-975e-a4fe9db34024/datanode-2/data/ratis/375cd28e-b1e9-4db1-aeb5-1ac25aaa5de8 close()
2019-08-21 10:26:06,990 INFO  server.GrpcService (GrpcService.java:closeImpl(155)) - d929b274-4924-41b6-908a-f5a2820ffb18: shutdown server with port 38087 now
2019-08-21 10:26:06,991 INFO  server.GrpcService (GrpcService.java:closeImpl(163)) - d929b274-4924-41b6-908a-f5a2820ffb18: shutdown server with port 38087 successfully
2019-08-21 10:26:06,992 INFO  utils.BackgroundService (BackgroundService.java:shutdown(148)) - Shutting down service BlockDeletingService
2019-08-21 10:26:06,994 WARN  fs.CachingGetSpaceUsed (CachingGetSpaceUsed.java:run(183)) - Thread Interrupted waiting to refresh disk information: sleep interrupted
2019-08-21 10:26:07,005 INFO  statemachine.DatanodeStateMachine (DatanodeStateMachine.java:stopDaemon(395)) - Ozone container server stopped.
2019-08-21 10:26:07,010 INFO  impl.FollowerState (FollowerState.java:run(106)) - e095ffe6-3937-4878-89ac-e30ae8383dd7:group-6FF003ADE595 changes to CANDIDATE, lastRpcTime:5187, electionTimeout:5108ms
2019-08-21 10:26:07,010 INFO  impl.RoleInfo (RoleInfo.java:shutdownFollowerState(121)) - e095ffe6-3937-4878-89ac-e30ae8383dd7: shutdown FollowerState
2019-08-21 10:26:07,010 INFO  statemachine.DatanodeStateMachine (DatanodeStateMachine.java:stopDaemon(395)) - Ozone container server stopped.
2019-08-21 10:26:07,010 INFO  impl.RaftServerImpl (RaftServerImpl.java:setRole(171)) - e095ffe6-3937-4878-89ac-e30ae8383dd7:group-6FF003ADE595 changes role from FOLLOWER to CANDIDATE at term 2 for changeToCandidate
2019-08-21 10:26:07,012 INFO  impl.RoleInfo (RoleInfo.java:updateAndGet(143)) - e095ffe6-3937-4878-89ac-e30ae8383dd7: start LeaderElection
2019-08-21 10:26:07,014 INFO  impl.RaftServerImpl (ServerState.java:setLeader(263)) - e095ffe6-3937-4878-89ac-e30ae8383dd7:group-6FF003ADE595 change Leader from 55f62412-c2c8-4b92-80f9-2c0aa865c28e to null at term 2 for initElection
2019-08-21 10:26:07,018 INFO  handler.ContextHandler (ContextHandler.java:doStop(910)) - Stopped o.e.j.w.WebAppContext@2fde9469{/,null,UNAVAILABLE}{/hddsDatanode}
2019-08-21 10:26:07,018 INFO  handler.ContextHandler (ContextHandler.java:doStop(910)) - Stopped o.e.j.w.WebAppContext@1c046c92{/,null,UNAVAILABLE}{/hddsDatanode}
2019-08-21 10:26:07,019 INFO  server.AbstractConnector (AbstractConnector.java:doStop(318)) - Stopped ServerConnector@1ecf0ac6{HTTP/1.1,[http/1.1]}{0.0.0.0:0}
2019-08-21 10:26:07,019 INFO  server.AbstractConnector (AbstractConnector.java:doStop(318)) - Stopped ServerConnector@27960b1e{HTTP/1.1,[http/1.1]}{0.0.0.0:0}
2019-08-21 10:26:07,019 INFO  impl.LeaderElection (LeaderElection.java:askForVotes(181)) - e095ffe6-3937-4878-89ac-e30ae8383dd7:group-6FF003ADE595:LeaderElection13: begin an election at term 3 for 0: [55f62412-c2c8-4b92-80f9-2c0aa865c28e:192.168.69.125:34234, e095ffe6-3937-4878-89ac-e30ae8383dd7:192.168.69.125:41291, d929b274-4924-41b6-908a-f5a2820ffb18:192.168.69.125:38087], old=null
2019-08-21 10:26:07,020 INFO  handler.ContextHandler (ContextHandler.java:doStop(910)) - Stopped o.e.j.s.ServletContextHandler@1310fcb0{/static,jar:file:/home/user/.m2/repository/org/apache/hadoop/hadoop-hdds-container-service/0.5.0-SNAPSHOT/hadoop-hdds-container-service-0.5.0-SNAPSHOT.jar!/webapps/static,UNAVAILABLE}
2019-08-21 10:26:07,019 INFO  handler.ContextHandler (ContextHandler.java:doStop(910)) - Stopped o.e.j.s.ServletContextHandler@2aee0704{/static,jar:file:/home/user/.m2/repository/org/apache/hadoop/hadoop-hdds-container-service/0.5.0-SNAPSHOT/hadoop-hdds-container-service-0.5.0-SNAPSHOT.jar!/webapps/static,UNAVAILABLE}
2019-08-21 10:26:07,021 INFO  handler.ContextHandler (ContextHandler.java:doStop(910)) - Stopped o.e.j.s.ServletContextHandler@68a305eb{/logs,file:///workdir/hadoop-ozone/integration-test/target/log,UNAVAILABLE}
2019-08-21 10:26:07,021 INFO  handler.ContextHandler (ContextHandler.java:doStop(910)) - Stopped o.e.j.s.ServletContextHandler@c9b5a99{/logs,file:///workdir/hadoop-ozone/integration-test/target/log,UNAVAILABLE}
2019-08-21 10:26:07,023 INFO  datanode.ObjectStoreHandler (ObjectStoreHandler.java:close(155)) - Closing ObjectStoreHandler.
2019-08-21 10:26:07,023 INFO  ozone.HddsDatanodeService (HddsDatanodeService.java:stop(451)) - Stopped plug-in org.apache.hadoop.ozone.web.OzoneHddsDatanodeService@3f9b7fe1
2019-08-21 10:26:07,027 INFO  impl.LeaderElection (LogUtils.java:infoOrTrace(149)) - e095ffe6-3937-4878-89ac-e30ae8383dd7:group-6FF003ADE595:LeaderElection13 got exception when requesting votes: {}
java.util.concurrent.ExecutionException: org.apache.ratis.thirdparty.io.grpc.StatusRuntimeException: UNAVAILABLE: io exception
	at java.util.concurrent.FutureTask.report(FutureTask.java:122)
	at java.util.concurrent.FutureTask.get(FutureTask.java:192)
	at org.apache.ratis.server.impl.LeaderElection.waitForResults(LeaderElection.java:262)
	at org.apache.ratis.server.impl.LeaderElection.askForVotes(LeaderElection.java:200)
	at org.apache.ratis.server.impl.LeaderElection.run(LeaderElection.java:130)
	at java.lang.Thread.run(Thread.java:748)
Caused by: org.apache.ratis.thirdparty.io.grpc.StatusRuntimeException: UNAVAILABLE: io exception
	at org.apache.ratis.thirdparty.io.grpc.stub.ClientCalls.toStatusRuntimeException(ClientCalls.java:233)
	at org.apache.ratis.thirdparty.io.grpc.stub.ClientCalls.getUnchecked(ClientCalls.java:214)
	at org.apache.ratis.thirdparty.io.grpc.stub.ClientCalls.blockingUnaryCall(ClientCalls.java:139)
	at org.apache.ratis.proto.grpc.RaftServerProtocolServiceGrpc$RaftServerProtocolServiceBlockingStub.requestVote(RaftServerProtocolServiceGrpc.java:265)
	at org.apache.ratis.grpc.server.GrpcServerProtocolClient.requestVote(GrpcServerProtocolClient.java:83)
	at org.apache.ratis.grpc.server.GrpcService.requestVote(GrpcService.java:195)
	at org.apache.ratis.server.impl.LeaderElection.lambda$submitRequests$1(LeaderElection.java:237)
	at java.util.concurrent.FutureTask.run(FutureTask.java:266)
	at java.util.concurrent.Executors$RunnableAdapter.call(Executors.java:511)
	at java.util.concurrent.FutureTask.run(FutureTask.java:266)
	at java.util.concurrent.ThreadPoolExecutor.runWorker(ThreadPoolExecutor.java:1149)
	at java.util.concurrent.ThreadPoolExecutor$Worker.run(ThreadPoolExecutor.java:624)
	... 1 more
Caused by: org.apache.ratis.thirdparty.io.netty.channel.AbstractChannel$AnnotatedConnectException: Connection refused: /192.168.69.125:34234
	at sun.nio.ch.SocketChannelImpl.checkConnect(Native Method)
	at sun.nio.ch.SocketChannelImpl.finishConnect(SocketChannelImpl.java:717)
	at org.apache.ratis.thirdparty.io.netty.channel.socket.nio.NioSocketChannel.doFinishConnect(NioSocketChannel.java:327)
	at org.apache.ratis.thirdparty.io.netty.channel.nio.AbstractNioChannel$AbstractNioUnsafe.finishConnect(AbstractNioChannel.java:340)
	at org.apache.ratis.thirdparty.io.netty.channel.nio.NioEventLoop.processSelectedKey(NioEventLoop.java:632)
	at org.apache.ratis.thirdparty.io.netty.channel.nio.NioEventLoop.processSelectedKeysOptimized(NioEventLoop.java:579)
	at org.apache.ratis.thirdparty.io.netty.channel.nio.NioEventLoop.processSelectedKeys(NioEventLoop.java:496)
	at org.apache.ratis.thirdparty.io.netty.channel.nio.NioEventLoop.run(NioEventLoop.java:458)
	at org.apache.ratis.thirdparty.io.netty.util.concurrent.SingleThreadEventExecutor$5.run(SingleThreadEventExecutor.java:897)
	at org.apache.ratis.thirdparty.io.netty.util.concurrent.FastThreadLocalRunnable.run(FastThreadLocalRunnable.java:30)
	... 1 more
Caused by: java.net.ConnectException: Connection refused
	... 11 more
2019-08-21 10:26:07,030 INFO  impl.LeaderElection (LogUtils.java:infoOrTrace(149)) - e095ffe6-3937-4878-89ac-e30ae8383dd7:group-6FF003ADE595:LeaderElection13 got exception when requesting votes: {}
java.util.concurrent.ExecutionException: org.apache.ratis.thirdparty.io.grpc.StatusRuntimeException: UNAVAILABLE: io exception
	at java.util.concurrent.FutureTask.report(FutureTask.java:122)
	at java.util.concurrent.FutureTask.get(FutureTask.java:192)
	at org.apache.ratis.server.impl.LeaderElection.waitForResults(LeaderElection.java:262)
	at org.apache.ratis.server.impl.LeaderElection.askForVotes(LeaderElection.java:200)
	at org.apache.ratis.server.impl.LeaderElection.run(LeaderElection.java:130)
	at java.lang.Thread.run(Thread.java:748)
Caused by: org.apache.ratis.thirdparty.io.grpc.StatusRuntimeException: UNAVAILABLE: io exception
	at org.apache.ratis.thirdparty.io.grpc.stub.ClientCalls.toStatusRuntimeException(ClientCalls.java:233)
	at org.apache.ratis.thirdparty.io.grpc.stub.ClientCalls.getUnchecked(ClientCalls.java:214)
	at org.apache.ratis.thirdparty.io.grpc.stub.ClientCalls.blockingUnaryCall(ClientCalls.java:139)
	at org.apache.ratis.proto.grpc.RaftServerProtocolServiceGrpc$RaftServerProtocolServiceBlockingStub.requestVote(RaftServerProtocolServiceGrpc.java:265)
	at org.apache.ratis.grpc.server.GrpcServerProtocolClient.requestVote(GrpcServerProtocolClient.java:83)
	at org.apache.ratis.grpc.server.GrpcService.requestVote(GrpcService.java:195)
	at org.apache.ratis.server.impl.LeaderElection.lambda$submitRequests$1(LeaderElection.java:237)
	at java.util.concurrent.FutureTask.run(FutureTask.java:266)
	at java.util.concurrent.Executors$RunnableAdapter.call(Executors.java:511)
	at java.util.concurrent.FutureTask.run(FutureTask.java:266)
	at java.util.concurrent.ThreadPoolExecutor.runWorker(ThreadPoolExecutor.java:1149)
	at java.util.concurrent.ThreadPoolExecutor$Worker.run(ThreadPoolExecutor.java:624)
	... 1 more
Caused by: org.apache.ratis.thirdparty.io.netty.channel.AbstractChannel$AnnotatedConnectException: Connection refused: /192.168.69.125:38087
	at sun.nio.ch.SocketChannelImpl.checkConnect(Native Method)
	at sun.nio.ch.SocketChannelImpl.finishConnect(SocketChannelImpl.java:717)
	at org.apache.ratis.thirdparty.io.netty.channel.socket.nio.NioSocketChannel.doFinishConnect(NioSocketChannel.java:327)
	at org.apache.ratis.thirdparty.io.netty.channel.nio.AbstractNioChannel$AbstractNioUnsafe.finishConnect(AbstractNioChannel.java:340)
	at org.apache.ratis.thirdparty.io.netty.channel.nio.NioEventLoop.processSelectedKey(NioEventLoop.java:632)
	at org.apache.ratis.thirdparty.io.netty.channel.nio.NioEventLoop.processSelectedKeysOptimized(NioEventLoop.java:579)
	at org.apache.ratis.thirdparty.io.netty.channel.nio.NioEventLoop.processSelectedKeys(NioEventLoop.java:496)
	at org.apache.ratis.thirdparty.io.netty.channel.nio.NioEventLoop.run(NioEventLoop.java:458)
	at org.apache.ratis.thirdparty.io.netty.util.concurrent.SingleThreadEventExecutor$5.run(SingleThreadEventExecutor.java:897)
	at org.apache.ratis.thirdparty.io.netty.util.concurrent.FastThreadLocalRunnable.run(FastThreadLocalRunnable.java:30)
	... 1 more
Caused by: java.net.ConnectException: Connection refused
	... 11 more
2019-08-21 10:26:07,031 INFO  impl.LeaderElection (LeaderElection.java:logAndReturn(56)) - e095ffe6-3937-4878-89ac-e30ae8383dd7:group-6FF003ADE595:LeaderElection13: Election REJECTED; received 0 response(s) [] and 2 exception(s); e095ffe6-3937-4878-89ac-e30ae8383dd7:t3, leader=null, voted=e095ffe6-3937-4878-89ac-e30ae8383dd7, raftlog=e095ffe6-3937-4878-89ac-e30ae8383dd7-SegmentedRaftLog:OPENED:c16,f16,i16, conf=0: [55f62412-c2c8-4b92-80f9-2c0aa865c28e:192.168.69.125:34234, e095ffe6-3937-4878-89ac-e30ae8383dd7:192.168.69.125:41291, d929b274-4924-41b6-908a-f5a2820ffb18:192.168.69.125:38087], old=null
2019-08-21 10:26:07,031 INFO  impl.LeaderElection (LogUtils.java:infoOrTrace(149)) -   Exception 0: {}
java.util.concurrent.ExecutionException: org.apache.ratis.thirdparty.io.grpc.StatusRuntimeException: UNAVAILABLE: io exception
	at java.util.concurrent.FutureTask.report(FutureTask.java:122)
	at java.util.concurrent.FutureTask.get(FutureTask.java:192)
	at org.apache.ratis.server.impl.LeaderElection.waitForResults(LeaderElection.java:262)
	at org.apache.ratis.server.impl.LeaderElection.askForVotes(LeaderElection.java:200)
	at org.apache.ratis.server.impl.LeaderElection.run(LeaderElection.java:130)
	at java.lang.Thread.run(Thread.java:748)
Caused by: org.apache.ratis.thirdparty.io.grpc.StatusRuntimeException: UNAVAILABLE: io exception
	at org.apache.ratis.thirdparty.io.grpc.stub.ClientCalls.toStatusRuntimeException(ClientCalls.java:233)
	at org.apache.ratis.thirdparty.io.grpc.stub.ClientCalls.getUnchecked(ClientCalls.java:214)
	at org.apache.ratis.thirdparty.io.grpc.stub.ClientCalls.blockingUnaryCall(ClientCalls.java:139)
	at org.apache.ratis.proto.grpc.RaftServerProtocolServiceGrpc$RaftServerProtocolServiceBlockingStub.requestVote(RaftServerProtocolServiceGrpc.java:265)
	at org.apache.ratis.grpc.server.GrpcServerProtocolClient.requestVote(GrpcServerProtocolClient.java:83)
	at org.apache.ratis.grpc.server.GrpcService.requestVote(GrpcService.java:195)
	at org.apache.ratis.server.impl.LeaderElection.lambda$submitRequests$1(LeaderElection.java:237)
	at java.util.concurrent.FutureTask.run(FutureTask.java:266)
	at java.util.concurrent.Executors$RunnableAdapter.call(Executors.java:511)
	at java.util.concurrent.FutureTask.run(FutureTask.java:266)
	at java.util.concurrent.ThreadPoolExecutor.runWorker(ThreadPoolExecutor.java:1149)
	at java.util.concurrent.ThreadPoolExecutor$Worker.run(ThreadPoolExecutor.java:624)
	... 1 more
Caused by: org.apache.ratis.thirdparty.io.netty.channel.AbstractChannel$AnnotatedConnectException: Connection refused: /192.168.69.125:34234
	at sun.nio.ch.SocketChannelImpl.checkConnect(Native Method)
	at sun.nio.ch.SocketChannelImpl.finishConnect(SocketChannelImpl.java:717)
	at org.apache.ratis.thirdparty.io.netty.channel.socket.nio.NioSocketChannel.doFinishConnect(NioSocketChannel.java:327)
	at org.apache.ratis.thirdparty.io.netty.channel.nio.AbstractNioChannel$AbstractNioUnsafe.finishConnect(AbstractNioChannel.java:340)
	at org.apache.ratis.thirdparty.io.netty.channel.nio.NioEventLoop.processSelectedKey(NioEventLoop.java:632)
	at org.apache.ratis.thirdparty.io.netty.channel.nio.NioEventLoop.processSelectedKeysOptimized(NioEventLoop.java:579)
	at org.apache.ratis.thirdparty.io.netty.channel.nio.NioEventLoop.processSelectedKeys(NioEventLoop.java:496)
	at org.apache.ratis.thirdparty.io.netty.channel.nio.NioEventLoop.run(NioEventLoop.java:458)
	at org.apache.ratis.thirdparty.io.netty.util.concurrent.SingleThreadEventExecutor$5.run(SingleThreadEventExecutor.java:897)
	at org.apache.ratis.thirdparty.io.netty.util.concurrent.FastThreadLocalRunnable.run(FastThreadLocalRunnable.java:30)
	... 1 more
Caused by: java.net.ConnectException: Connection refused
	... 11 more
2019-08-21 10:26:07,032 INFO  impl.LeaderElection (LogUtils.java:infoOrTrace(149)) -   Exception 1: {}
java.util.concurrent.ExecutionException: org.apache.ratis.thirdparty.io.grpc.StatusRuntimeException: UNAVAILABLE: io exception
	at java.util.concurrent.FutureTask.report(FutureTask.java:122)
	at java.util.concurrent.FutureTask.get(FutureTask.java:192)
	at org.apache.ratis.server.impl.LeaderElection.waitForResults(LeaderElection.java:262)
	at org.apache.ratis.server.impl.LeaderElection.askForVotes(LeaderElection.java:200)
	at org.apache.ratis.server.impl.LeaderElection.run(LeaderElection.java:130)
	at java.lang.Thread.run(Thread.java:748)
Caused by: org.apache.ratis.thirdparty.io.grpc.StatusRuntimeException: UNAVAILABLE: io exception
	at org.apache.ratis.thirdparty.io.grpc.stub.ClientCalls.toStatusRuntimeException(ClientCalls.java:233)
	at org.apache.ratis.thirdparty.io.grpc.stub.ClientCalls.getUnchecked(ClientCalls.java:214)
	at org.apache.ratis.thirdparty.io.grpc.stub.ClientCalls.blockingUnaryCall(ClientCalls.java:139)
	at org.apache.ratis.proto.grpc.RaftServerProtocolServiceGrpc$RaftServerProtocolServiceBlockingStub.requestVote(RaftServerProtocolServiceGrpc.java:265)
	at org.apache.ratis.grpc.server.GrpcServerProtocolClient.requestVote(GrpcServerProtocolClient.java:83)
	at org.apache.ratis.grpc.server.GrpcService.requestVote(GrpcService.java:195)
	at org.apache.ratis.server.impl.LeaderElection.lambda$submitRequests$1(LeaderElection.java:237)
	at java.util.concurrent.FutureTask.run(FutureTask.java:266)
	at java.util.concurrent.Executors$RunnableAdapter.call(Executors.java:511)
	at java.util.concurrent.FutureTask.run(FutureTask.java:266)
	at java.util.concurrent.ThreadPoolExecutor.runWorker(ThreadPoolExecutor.java:1149)
	at java.util.concurrent.ThreadPoolExecutor$Worker.run(ThreadPoolExecutor.java:624)
	... 1 more
Caused by: org.apache.ratis.thirdparty.io.netty.channel.AbstractChannel$AnnotatedConnectException: Connection refused: /192.168.69.125:38087
	at sun.nio.ch.SocketChannelImpl.checkConnect(Native Method)
	at sun.nio.ch.SocketChannelImpl.finishConnect(SocketChannelImpl.java:717)
	at org.apache.ratis.thirdparty.io.netty.channel.socket.nio.NioSocketChannel.doFinishConnect(NioSocketChannel.java:327)
	at org.apache.ratis.thirdparty.io.netty.channel.nio.AbstractNioChannel$AbstractNioUnsafe.finishConnect(AbstractNioChannel.java:340)
	at org.apache.ratis.thirdparty.io.netty.channel.nio.NioEventLoop.processSelectedKey(NioEventLoop.java:632)
	at org.apache.ratis.thirdparty.io.netty.channel.nio.NioEventLoop.processSelectedKeysOptimized(NioEventLoop.java:579)
	at org.apache.ratis.thirdparty.io.netty.channel.nio.NioEventLoop.processSelectedKeys(NioEventLoop.java:496)
	at org.apache.ratis.thirdparty.io.netty.channel.nio.NioEventLoop.run(NioEventLoop.java:458)
	at org.apache.ratis.thirdparty.io.netty.util.concurrent.SingleThreadEventExecutor$5.run(SingleThreadEventExecutor.java:897)
	at org.apache.ratis.thirdparty.io.netty.util.concurrent.FastThreadLocalRunnable.run(FastThreadLocalRunnable.java:30)
	... 1 more
Caused by: java.net.ConnectException: Connection refused
	... 11 more
2019-08-21 10:26:07,032 INFO  impl.RaftServerImpl (RaftServerImpl.java:setRole(171)) - e095ffe6-3937-4878-89ac-e30ae8383dd7:group-6FF003ADE595 changes role from CANDIDATE to FOLLOWER at term 3 for DISCOVERED_A_NEW_TERM
2019-08-21 10:26:07,033 INFO  impl.RoleInfo (RoleInfo.java:shutdownLeaderElection(134)) - e095ffe6-3937-4878-89ac-e30ae8383dd7: shutdown LeaderElection
2019-08-21 10:26:07,034 INFO  impl.RoleInfo (RoleInfo.java:updateAndGet(143)) - e095ffe6-3937-4878-89ac-e30ae8383dd7: start FollowerState
2019-08-21 10:26:07,570 INFO  statemachine.DatanodeStateMachine (DatanodeStateMachine.java:lambda$startDaemon$0(350)) - Ozone container server started.
2019-08-21 10:26:11,590 INFO  node.StaleNodeHandler (StaleNodeHandler.java:onMessage(58)) - Datanode e095ffe6-3937-4878-89ac-e30ae8383dd7{ip: 192.168.69.125, host: pr-hdds-1942-m6xfh-241770668, networkLocation: /default-rack, certSerialId: null} moved to stale state. Finalizing its pipelines [PipelineID=6a507104-f2c7-4853-b167-b7ea294a3504, PipelineID=5dcd0414-75a5-4212-bb5a-6ff003ade595]
2019-08-21 10:26:11,590 INFO  pipeline.SCMPipelineManager (SCMPipelineManager.java:finalizeAndDestroyPipeline(309)) - destroying pipeline:Pipeline[ Id: 6a507104-f2c7-4853-b167-b7ea294a3504, Nodes: e095ffe6-3937-4878-89ac-e30ae8383dd7{ip: 192.168.69.125, host: pr-hdds-1942-m6xfh-241770668, networkLocation: /default-rack, certSerialId: null}, Type:RATIS, Factor:ONE, State:OPEN]
2019-08-21 10:26:11,590 INFO  pipeline.PipelineStateManager (PipelineStateManager.java:finalizePipeline(123)) - Pipeline Pipeline[ Id: 6a507104-f2c7-4853-b167-b7ea294a3504, Nodes: e095ffe6-3937-4878-89ac-e30ae8383dd7{ip: 192.168.69.125, host: pr-hdds-1942-m6xfh-241770668, networkLocation: /default-rack, certSerialId: null}, Type:RATIS, Factor:ONE, State:CLOSED] moved to CLOSED state
2019-08-21 10:26:11,590 INFO  pipeline.SCMPipelineManager (SCMPipelineManager.java:finalizeAndDestroyPipeline(309)) - destroying pipeline:Pipeline[ Id: 5dcd0414-75a5-4212-bb5a-6ff003ade595, Nodes: d929b274-4924-41b6-908a-f5a2820ffb18{ip: 192.168.69.125, host: pr-hdds-1942-m6xfh-241770668, networkLocation: /default-rack, certSerialId: null}e095ffe6-3937-4878-89ac-e30ae8383dd7{ip: 192.168.69.125, host: pr-hdds-1942-m6xfh-241770668, networkLocation: /default-rack, certSerialId: null}55f62412-c2c8-4b92-80f9-2c0aa865c28e{ip: 192.168.69.125, host: pr-hdds-1942-m6xfh-241770668, networkLocation: /default-rack, certSerialId: null}, Type:RATIS, Factor:THREE, State:CLOSED]
2019-08-21 10:26:12,024 INFO  ozoneimpl.OzoneContainer (OzoneContainer.java:stop(199)) - Attempting to stop container services.
2019-08-21 10:26:12,025 INFO  impl.RaftServerProxy (RaftServerProxy.java:lambda$close$4(314)) - e095ffe6-3937-4878-89ac-e30ae8383dd7: close
2019-08-21 10:26:12,025 INFO  impl.RaftServerImpl (RaftServerImpl.java:lambda$shutdown$3(245)) - e095ffe6-3937-4878-89ac-e30ae8383dd7: shutdown group-B7EA294A3504
2019-08-21 10:26:12,026 INFO  util.JmxRegister (JmxRegister.java:unregister(73)) - Successfully un-registered JMX Bean with object name Ratis:service=RaftServer,group=group-B7EA294A3504,id=e095ffe6-3937-4878-89ac-e30ae8383dd7
2019-08-21 10:26:12,026 INFO  impl.RoleInfo (RoleInfo.java:shutdownLeaderState(104)) - e095ffe6-3937-4878-89ac-e30ae8383dd7: shutdown LeaderState
2019-08-21 10:26:12,026 INFO  impl.PendingRequests (PendingRequests.java:sendNotLeaderResponses(202)) - e095ffe6-3937-4878-89ac-e30ae8383dd7-PendingRequests: sendNotLeaderResponses
2019-08-21 10:26:12,027 INFO  impl.StateMachineUpdater (StateMachineUpdater.java:stopAndJoin(115)) - StateMachineUpdater:e095ffe6-3937-4878-89ac-e30ae8383dd7:group-B7EA294A3504: set stopIndex = 0
2019-08-21 10:26:12,027 INFO  impl.RaftServerImpl (ServerState.java:close(394)) - e095ffe6-3937-4878-89ac-e30ae8383dd7:group-B7EA294A3504 closes. The last applied log index is 0
2019-08-21 10:26:12,028 INFO  segmented.SegmentedRaftLogWorker (SegmentedRaftLogWorker.java:run(313)) - e095ffe6-3937-4878-89ac-e30ae8383dd7-SegmentedRaftLogWorker:Storage Directory /workdir/hadoop-ozone/integration-test/target/test-dir/MiniOzoneClusterImpl-95143be0-755f-4bc3-975e-a4fe9db34024/datanode-0/data/ratis/6a507104-f2c7-4853-b167-b7ea294a3504 was interrupted, exiting. There are 0 tasks remaining in the queue.
2019-08-21 10:26:12,030 INFO  segmented.SegmentedRaftLogWorker (SegmentedRaftLogWorker.java:close(228)) - e095ffe6-3937-4878-89ac-e30ae8383dd7-SegmentedRaftLogWorker:Storage Directory /workdir/hadoop-ozone/integration-test/target/test-dir/MiniOzoneClusterImpl-95143be0-755f-4bc3-975e-a4fe9db34024/datanode-0/data/ratis/6a507104-f2c7-4853-b167-b7ea294a3504 close()
2019-08-21 10:26:12,031 INFO  impl.RaftServerImpl (RaftServerImpl.java:lambda$shutdown$3(245)) - e095ffe6-3937-4878-89ac-e30ae8383dd7: shutdown group-6FF003ADE595
2019-08-21 10:26:12,031 INFO  util.JmxRegister (JmxRegister.java:unregister(73)) - Successfully un-registered JMX Bean with object name Ratis:service=RaftServer,group=group-6FF003ADE595,id=e095ffe6-3937-4878-89ac-e30ae8383dd7
2019-08-21 10:26:12,031 INFO  impl.RoleInfo (RoleInfo.java:shutdownFollowerState(121)) - e095ffe6-3937-4878-89ac-e30ae8383dd7: shutdown FollowerState
2019-08-21 10:26:12,032 INFO  impl.StateMachineUpdater (StateMachineUpdater.java:stopAndJoin(115)) - StateMachineUpdater:e095ffe6-3937-4878-89ac-e30ae8383dd7:group-6FF003ADE595: set stopIndex = 16
2019-08-21 10:26:12,032 INFO  ratis.ContainerStateMachine (ContainerStateMachine.java:takeSnapshot(271)) - group-6FF003ADE595: Taking a snapshot at:(t:2, i:14) file /workdir/hadoop-ozone/integration-test/target/test-dir/MiniOzoneClusterImpl-95143be0-755f-4bc3-975e-a4fe9db34024/datanode-0/data/ratis/5dcd0414-75a5-4212-bb5a-6ff003ade595/sm/snapshot.2_14
2019-08-21 10:26:12,032 INFO  impl.FollowerState (FollowerState.java:run(114)) - e095ffe6-3937-4878-89ac-e30ae8383dd7: FollowerState was interrupted: java.lang.InterruptedException: sleep interrupted
2019-08-21 10:26:12,044 INFO  ratis.ContainerStateMachine (ContainerStateMachine.java:takeSnapshot(282)) - group-6FF003ADE595: Finished taking a snapshot at:(t:2, i:14) file:/workdir/hadoop-ozone/integration-test/target/test-dir/MiniOzoneClusterImpl-95143be0-755f-4bc3-975e-a4fe9db34024/datanode-0/data/ratis/5dcd0414-75a5-4212-bb5a-6ff003ade595/sm/snapshot.2_14 time:13
2019-08-21 10:26:12,045 INFO  impl.StateMachineUpdater (StateMachineUpdater.java:takeSnapshot(242)) - StateMachineUpdater:e095ffe6-3937-4878-89ac-e30ae8383dd7:group-6FF003ADE595: Took a snapshot at index 14
2019-08-21 10:26:12,045 INFO  impl.StateMachineUpdater (StateMachineUpdater.java:lambda$new$0(80)) - StateMachineUpdater:e095ffe6-3937-4878-89ac-e30ae8383dd7:group-6FF003ADE595: snapshotIndex: updateIncreasingly -1 -> 14
2019-08-21 10:26:12,045 INFO  impl.RaftServerImpl (ServerState.java:close(394)) - e095ffe6-3937-4878-89ac-e30ae8383dd7:group-6FF003ADE595 closes. The last applied log index is 16
2019-08-21 10:26:12,046 INFO  segmented.SegmentedRaftLogWorker (SegmentedRaftLogWorker.java:run(313)) - e095ffe6-3937-4878-89ac-e30ae8383dd7-SegmentedRaftLogWorker:Storage Directory /workdir/hadoop-ozone/integration-test/target/test-dir/MiniOzoneClusterImpl-95143be0-755f-4bc3-975e-a4fe9db34024/datanode-0/data/ratis/5dcd0414-75a5-4212-bb5a-6ff003ade595 was interrupted, exiting. There are 0 tasks remaining in the queue.
2019-08-21 10:26:12,046 INFO  segmented.SegmentedRaftLogWorker (SegmentedRaftLogWorker.java:close(228)) - e095ffe6-3937-4878-89ac-e30ae8383dd7-SegmentedRaftLogWorker:Storage Directory /workdir/hadoop-ozone/integration-test/target/test-dir/MiniOzoneClusterImpl-95143be0-755f-4bc3-975e-a4fe9db34024/datanode-0/data/ratis/5dcd0414-75a5-4212-bb5a-6ff003ade595 close()
2019-08-21 10:26:12,048 INFO  server.GrpcService (GrpcService.java:closeImpl(155)) - e095ffe6-3937-4878-89ac-e30ae8383dd7: shutdown server with port 41291 now
2019-08-21 10:26:12,048 INFO  server.GrpcService (GrpcService.java:closeImpl(163)) - e095ffe6-3937-4878-89ac-e30ae8383dd7: shutdown server with port 41291 successfully
2019-08-21 10:26:12,050 INFO  utils.BackgroundService (BackgroundService.java:shutdown(148)) - Shutting down service BlockDeletingService
2019-08-21 10:26:12,051 WARN  fs.CachingGetSpaceUsed (CachingGetSpaceUsed.java:run(183)) - Thread Interrupted waiting to refresh disk information: sleep interrupted
2019-08-21 10:26:12,069 INFO  statemachine.DatanodeStateMachine (DatanodeStateMachine.java:stopDaemon(395)) - Ozone container server stopped.
2019-08-21 10:26:12,084 INFO  handler.ContextHandler (ContextHandler.java:doStop(910)) - Stopped o.e.j.w.WebAppContext@1bc0d349{/,null,UNAVAILABLE}{/hddsDatanode}
2019-08-21 10:26:12,085 INFO  server.AbstractConnector (AbstractConnector.java:doStop(318)) - Stopped ServerConnector@644ded04{HTTP/1.1,[http/1.1]}{0.0.0.0:0}
2019-08-21 10:26:12,086 INFO  handler.ContextHandler (ContextHandler.java:doStop(910)) - Stopped o.e.j.s.ServletContextHandler@1a865273{/static,jar:file:/home/user/.m2/repository/org/apache/hadoop/hadoop-hdds-container-service/0.5.0-SNAPSHOT/hadoop-hdds-container-service-0.5.0-SNAPSHOT.jar!/webapps/static,UNAVAILABLE}
2019-08-21 10:26:12,087 INFO  handler.ContextHandler (ContextHandler.java:doStop(910)) - Stopped o.e.j.s.ServletContextHandler@312b34e3{/logs,file:///workdir/hadoop-ozone/integration-test/target/log,UNAVAILABLE}
2019-08-21 10:26:12,089 INFO  ozone.MiniOzoneClusterImpl (MiniOzoneClusterImpl.java:stop(353)) - Stopping the StorageContainerManager
2019-08-21 10:26:12,090 INFO  server.StorageContainerManager (StorageContainerManager.java:stop(797)) - Stopping Replication Manager Service.
2019-08-21 10:26:12,090 INFO  container.ReplicationManager (ReplicationManager.java:stop(187)) - Stopping Replication Monitor Thread.
2019-08-21 10:26:12,090 INFO  server.StorageContainerManager (StorageContainerManager.java:stop(804)) - Stopping Lease Manager of the command watchers
2019-08-21 10:26:12,090 INFO  server.StorageContainerManager (StorageContainerManager.java:stop(811)) - Stopping datanode service RPC server
2019-08-21 10:26:12,091 INFO  server.SCMDatanodeProtocolServer (SCMDatanodeProtocolServer.java:stop(367)) - Stopping the RPC server for DataNodes
2019-08-21 10:26:12,091 INFO  ipc.Server (Server.java:stop(3082)) - Stopping server on 33279
2019-08-21 10:26:12,092 INFO  ipc.Server (Server.java:run(1185)) - Stopping IPC Server listener on 33279
2019-08-21 10:26:12,094 INFO  ipc.Server (Server.java:run(1319)) - Stopping IPC Server Responder
2019-08-21 10:26:12,191 WARN  node.NodeStateManager (NodeStateManager.java:scheduleNextHealthCheck(646)) - Current Thread is interrupted, shutting down HB processing thread for Node Manager.
2019-08-21 10:26:12,191 INFO  server.StorageContainerManager (StorageContainerManager.java:stop(819)) - Stopping block service RPC server
2019-08-21 10:26:12,191 INFO  server.SCMBlockProtocolServer (SCMBlockProtocolServer.java:stop(148)) - Stopping the RPC server for Block Protocol
2019-08-21 10:26:12,192 INFO  ipc.Server (Server.java:stop(3082)) - Stopping server on 36362
2019-08-21 10:26:12,192 INFO  server.StorageContainerManager (StorageContainerManager.java:stop(826)) - Stopping the StorageContainerLocationProtocol RPC server
2019-08-21 10:26:12,193 INFO  server.SCMClientProtocolServer (SCMClientProtocolServer.java:stop(159)) - Stopping the RPC server for Client Protocol
2019-08-21 10:26:12,194 INFO  ipc.Server (Server.java:stop(3082)) - Stopping server on 44220
2019-08-21 10:26:12,194 INFO  ipc.Server (Server.java:run(1185)) - Stopping IPC Server listener on 36362
2019-08-21 10:26:12,194 INFO  ipc.Server (Server.java:run(1319)) - Stopping IPC Server Responder
2019-08-21 10:26:12,197 INFO  ipc.Server (Server.java:run(1185)) - Stopping IPC Server listener on 44220
2019-08-21 10:26:12,197 INFO  server.StorageContainerManager (StorageContainerManager.java:stop(833)) - Stopping Storage Container Manager HTTP server.
2019-08-21 10:26:12,198 INFO  ipc.Server (Server.java:run(1319)) - Stopping IPC Server Responder
2019-08-21 10:26:12,199 INFO  handler.ContextHandler (ContextHandler.java:doStop(910)) - Stopped o.e.j.w.WebAppContext@72f46e16{/,null,UNAVAILABLE}{/scm}
2019-08-21 10:26:12,199 INFO  server.AbstractConnector (AbstractConnector.java:doStop(318)) - Stopped ServerConnector@77307458{HTTP/1.1,[http/1.1]}{0.0.0.0:0}
2019-08-21 10:26:12,200 INFO  handler.ContextHandler (ContextHandler.java:doStop(910)) - Stopped o.e.j.s.ServletContextHandler@222eb8aa{/static,file:///workdir/hadoop-ozone/integration-test/target/test-classes/webapps/static,UNAVAILABLE}
2019-08-21 10:26:12,201 INFO  handler.ContextHandler (ContextHandler.java:doStop(910)) - Stopped o.e.j.s.ServletContextHandler@495b0487{/logs,file:///workdir/hadoop-ozone/integration-test/target/log,UNAVAILABLE}
2019-08-21 10:26:12,202 INFO  server.StorageContainerManager (StorageContainerManager.java:stop(844)) - Stopping Block Manager Service.
2019-08-21 10:26:12,202 INFO  utils.BackgroundService (BackgroundService.java:shutdown(148)) - Shutting down service SCMBlockDeletingService
2019-08-21 10:26:12,203 INFO  utils.BackgroundService (BackgroundService.java:shutdown(148)) - Shutting down service SCMBlockDeletingService
2019-08-21 10:26:12,204 INFO  server.StorageContainerManager (StorageContainerManager.java:stop(866)) - Stopping SCM Event Queue.
2019-08-21 10:26:12,212 INFO  impl.MetricsSystemImpl (MetricsSystemImpl.java:stop(210)) - Stopping XceiverClientMetrics metrics system...
2019-08-21 10:26:12,220 INFO  impl.MetricsSystemImpl (MetricsSystemImpl.java:stop(216)) - XceiverClientMetrics metrics system stopped.
]]></system-out>
    <system-err><![CDATA[ERROR StatusLogger No Log4j 2 configuration file found. Using default configuration (logging only errors to the console), or user programmatically provided configurations. Set system property 'log4j2.debug' to show Log4j 2 internal initialization logging. See https://logging.apache.org/log4j/2.x/manual/configuration.html for instructions on how to configure Log4j 2
Aug 21, 2019 10:25:24 AM com.sun.jersey.server.impl.application.WebApplicationImpl _initiate
INFO: Initiating Jersey application, version 'Jersey: 1.19 02/11/2015 03:25 AM'
Aug 21, 2019 10:25:25 AM com.sun.jersey.server.impl.application.WebApplicationImpl _initiate
INFO: Initiating Jersey application, version 'Jersey: 1.19 02/11/2015 03:25 AM'
Aug 21, 2019 10:25:25 AM com.sun.jersey.server.impl.application.WebApplicationImpl _initiate
INFO: Initiating Jersey application, version 'Jersey: 1.19 02/11/2015 03:25 AM'
Aug 21, 2019 10:25:26 AM com.sun.jersey.server.impl.application.WebApplicationImpl _initiate
INFO: Initiating Jersey application, version 'Jersey: 1.19 02/11/2015 03:25 AM'
Aug 21, 2019 10:25:26 AM com.sun.jersey.server.impl.application.WebApplicationImpl _initiate
INFO: Initiating Jersey application, version 'Jersey: 1.19 02/11/2015 03:25 AM'
Aug 21, 2019 10:25:26 AM com.sun.jersey.server.impl.application.WebApplicationImpl _initiate
INFO: Initiating Jersey application, version 'Jersey: 1.19 02/11/2015 03:25 AM'
Aug 21, 2019 10:25:26 AM com.sun.jersey.server.impl.application.WebApplicationImpl _initiate
INFO: Initiating Jersey application, version 'Jersey: 1.19 02/11/2015 03:25 AM'
]]></system-err>
  </testcase>
  <testcase name="testDatanodeFailureWithPreAllocation" classname="org.apache.hadoop.ozone.client.rpc.TestBlockOutputStreamWithFailures" time="227.539"/>
  <testcase name="testDatanodeFailureWithSingleNodeRatis" classname="org.apache.hadoop.ozone.client.rpc.TestBlockOutputStreamWithFailures" time="228.148"/>
  <testcase name="testWatchForCommitWithSingleNodeRatis" classname="org.apache.hadoop.ozone.client.rpc.TestBlockOutputStreamWithFailures" time="36.845"/>
  <testcase name="testWatchForCommitDatanodeFailure" classname="org.apache.hadoop.ozone.client.rpc.TestBlockOutputStreamWithFailures" time="35.394"/>
  <testcase name="testFailureWithPrimeSizedData" classname="org.apache.hadoop.ozone.client.rpc.TestBlockOutputStreamWithFailures" time="34.138"/>
  <testcase name="testWatchForCommitWithCloseContainerException" classname="org.apache.hadoop.ozone.client.rpc.TestBlockOutputStreamWithFailures" time="38.209"/>
  <testcase name="testExceptionDuringClose" classname="org.apache.hadoop.ozone.client.rpc.TestBlockOutputStreamWithFailures" time="34.48"/>
</testsuite>