<?xml version="1.0" encoding="UTF-8"?>
<testsuite xmlns:xsi="http://www.w3.org/2001/XMLSchema-instance" xsi:noNamespaceSchemaLocation="https://maven.apache.org/surefire/maven-surefire-plugin/xsd/surefire-test-report.xsd" name="org.apache.hadoop.ozone.freon.TestFreonWithPipelineDestroy" time="717.515" tests="1" errors="1" skipped="0" failures="0">
  <properties>
    <property name="awt.toolkit" value="sun.awt.X11.XToolkit"/>
    <property name="file.encoding.pkg" value="sun.io"/>
    <property name="java.specification.version" value="1.8"/>
    <property name="sun.cpu.isalist" value=""/>
    <property name="sun.jnu.encoding" value="UTF-8"/>
    <property name="java.class.path" value="/workdir/hadoop-ozone/tools/target/test-classes:/workdir/hadoop-ozone/tools/target/classes:/home/user/.m2/repository/org/apache/hadoop/hadoop-ozone-ozone-manager/0.5.0-SNAPSHOT/hadoop-ozone-ozone-manager-0.5.0-SNAPSHOT.jar:/home/user/.m2/repository/org/apache/hadoop/hadoop-hdds-docs/0.5.0-SNAPSHOT/hadoop-hdds-docs-0.5.0-SNAPSHOT.jar:/home/user/.m2/repository/org/bouncycastle/bcprov-jdk15on/1.60/bcprov-jdk15on-1.60.jar:/home/user/.m2/repository/org/apache/hadoop/hadoop-ozone-common/0.5.0-SNAPSHOT/hadoop-ozone-common-0.5.0-SNAPSHOT.jar:/home/user/.m2/repository/org/apache/commons/commons-compress/1.4.1/commons-compress-1.4.1.jar:/home/user/.m2/repository/org/tukaani/xz/1.0/xz-1.0.jar:/home/user/.m2/repository/org/apache/hadoop/hadoop-hdfs-client/3.2.0/hadoop-hdfs-client-3.2.0.jar:/home/user/.m2/repository/com/fasterxml/jackson/core/jackson-annotations/2.9.5/jackson-annotations-2.9.5.jar:/home/user/.m2/repository/org/apache/hadoop/hadoop-hdds-common/0.5.0-SNAPSHOT/hadoop-hdds-common-0.5.0-SNAPSHOT.jar:/home/user/.m2/repository/org/apache/hadoop/hadoop-hdds-config/0.5.0-SNAPSHOT/hadoop-hdds-config-0.5.0-SNAPSHOT.jar:/home/user/.m2/repository/javax/annotation/javax.annotation-api/1.2/javax.annotation-api-1.2.jar:/home/user/.m2/repository/org/apache/ratis/ratis-server/0.4.0-78e95b9-SNAPSHOT/ratis-server-0.4.0-78e95b9-SNAPSHOT.jar:/home/user/.m2/repository/org/apache/ratis/ratis-thirdparty-misc/0.2.0/ratis-thirdparty-misc-0.2.0.jar:/home/user/.m2/repository/org/apache/ratis/ratis-proto/0.4.0-78e95b9-SNAPSHOT/ratis-proto-0.4.0-78e95b9-SNAPSHOT.jar:/home/user/.m2/repository/org/apache/ratis/ratis-common/0.4.0-78e95b9-SNAPSHOT/ratis-common-0.4.0-78e95b9-SNAPSHOT.jar:/home/user/.m2/repository/org/apache/ratis/ratis-client/0.4.0-78e95b9-SNAPSHOT/ratis-client-0.4.0-78e95b9-SNAPSHOT.jar:/home/user/.m2/repository/org/apache/ratis/ratis-metrics/0.4.0-78e95b9-SNAPSHOT/ratis-metrics-0.4.0-78e95b9-SNAPSHOT.jar:/home/user/.m2/repository/com/github/joshelser/dropwizard-metrics-hadoop-metrics2-reporter/0.1.2/dropwizard-metrics-hadoop-metrics2-reporter-0.1.2.jar:/home/user/.m2/repository/io/dropwizard/metrics/metrics-jvm/3.2.5/metrics-jvm-3.2.5.jar:/home/user/.m2/repository/io/dropwizard/metrics/metrics-ganglia/3.2.5/metrics-ganglia-3.2.5.jar:/home/user/.m2/repository/info/ganglia/gmetric4j/gmetric4j/1.0.7/gmetric4j-1.0.7.jar:/home/user/.m2/repository/org/apache/ratis/ratis-netty/0.4.0-78e95b9-SNAPSHOT/ratis-netty-0.4.0-78e95b9-SNAPSHOT.jar:/home/user/.m2/repository/org/apache/ratis/ratis-grpc/0.4.0-78e95b9-SNAPSHOT/ratis-grpc-0.4.0-78e95b9-SNAPSHOT.jar:/home/user/.m2/repository/org/rocksdb/rocksdbjni/6.0.1/rocksdbjni-6.0.1.jar:/home/user/.m2/repository/org/apache/logging/log4j/log4j-api/2.11.0/log4j-api-2.11.0.jar:/home/user/.m2/repository/org/apache/logging/log4j/log4j-core/2.11.0/log4j-core-2.11.0.jar:/home/user/.m2/repository/com/lmax/disruptor/3.4.2/disruptor-3.4.2.jar:/home/user/.m2/repository/org/apache/commons/commons-pool2/2.6.0/commons-pool2-2.6.0.jar:/home/user/.m2/repository/org/bouncycastle/bcpkix-jdk15on/1.60/bcpkix-jdk15on-1.60.jar:/home/user/.m2/repository/commons-validator/commons-validator/1.6/commons-validator-1.6.jar:/home/user/.m2/repository/commons-digester/commons-digester/1.8.1/commons-digester-1.8.1.jar:/home/user/.m2/repository/io/jaegertracing/jaeger-client/0.33.1/jaeger-client-0.33.1.jar:/home/user/.m2/repository/io/jaegertracing/jaeger-thrift/0.33.1/jaeger-thrift-0.33.1.jar:/home/user/.m2/repository/org/apache/thrift/libthrift/0.11.0/libthrift-0.11.0.jar:/home/user/.m2/repository/com/squareup/okhttp3/okhttp/3.9.0/okhttp-3.9.0.jar:/home/user/.m2/repository/com/squareup/okio/okio/1.13.0/okio-1.13.0.jar:/home/user/.m2/repository/io/jaegertracing/jaeger-core/0.33.1/jaeger-core-0.33.1.jar:/home/user/.m2/repository/io/jaegertracing/jaeger-tracerresolver/0.33.1/jaeger-tracerresolver-0.33.1.jar:/home/user/.m2/repository/io/opentracing/contrib/opentracing-tracerresolver/0.1.5/opentracing-tracerresolver-0.1.5.jar:/home/user/.m2/repository/io/opentracing/opentracing-util/0.31.0/opentracing-util-0.31.0.jar:/home/user/.m2/repository/io/opentracing/opentracing-api/0.31.0/opentracing-api-0.31.0.jar:/home/user/.m2/repository/io/opentracing/opentracing-noop/0.31.0/opentracing-noop-0.31.0.jar:/home/user/.m2/repository/org/yaml/snakeyaml/1.16/snakeyaml-1.16.jar:/home/user/.m2/repository/org/apache/hadoop/hadoop-hdds-container-service/0.5.0-SNAPSHOT/hadoop-hdds-container-service-0.5.0-SNAPSHOT.jar:/home/user/.m2/repository/org/apache/hadoop/hadoop-hdds-client/0.5.0-SNAPSHOT/hadoop-hdds-client-0.5.0-SNAPSHOT.jar:/home/user/.m2/repository/org/apache/hadoop/hadoop-hdds-tools/0.5.0-SNAPSHOT/hadoop-hdds-tools-0.5.0-SNAPSHOT.jar:/home/user/.m2/repository/org/xerial/sqlite-jdbc/3.25.2/sqlite-jdbc-3.25.2.jar:/home/user/.m2/repository/org/apache/hadoop/hadoop-hdds-server-scm/0.5.0-SNAPSHOT/hadoop-hdds-server-scm-0.5.0-SNAPSHOT.jar:/home/user/.m2/repository/org/hamcrest/hamcrest-all/1.3/hamcrest-all-1.3.jar:/home/user/.m2/repository/info/picocli/picocli/3.9.6/picocli-3.9.6.jar:/home/user/.m2/repository/com/google/protobuf/protobuf-java/2.5.0/protobuf-java-2.5.0.jar:/home/user/.m2/repository/com/google/guava/guava/11.0.2/guava-11.0.2.jar:/home/user/.m2/repository/org/apache/hadoop/hadoop-ozone-client/0.5.0-SNAPSHOT/hadoop-ozone-client-0.5.0-SNAPSHOT.jar:/workdir/hadoop-ozone/ozonefs/target/classes:/home/user/.m2/repository/org/apache/hadoop/hadoop-hdds-server-framework/0.5.0-SNAPSHOT/hadoop-hdds-server-framework-0.5.0-SNAPSHOT.jar:/home/user/.m2/repository/org/apache/hadoop/hadoop-common/3.2.0/hadoop-common-3.2.0.jar:/home/user/.m2/repository/org/apache/hadoop/hadoop-annotations/3.2.0/hadoop-annotations-3.2.0.jar:/usr/lib/jvm/java-1.8-openjdk/jre/../lib/tools.jar:/home/user/.m2/repository/commons-cli/commons-cli/1.2/commons-cli-1.2.jar:/home/user/.m2/repository/org/apache/commons/commons-math3/3.1.1/commons-math3-3.1.1.jar:/home/user/.m2/repository/org/apache/httpcomponents/httpclient/4.5.2/httpclient-4.5.2.jar:/home/user/.m2/repository/org/apache/httpcomponents/httpcore/4.4.4/httpcore-4.4.4.jar:/home/user/.m2/repository/commons-codec/commons-codec/1.11/commons-codec-1.11.jar:/home/user/.m2/repository/commons-io/commons-io/2.5/commons-io-2.5.jar:/home/user/.m2/repository/commons-net/commons-net/3.6/commons-net-3.6.jar:/home/user/.m2/repository/commons-collections/commons-collections/3.2.2/commons-collections-3.2.2.jar:/home/user/.m2/repository/javax/servlet/javax.servlet-api/3.1.0/javax.servlet-api-3.1.0.jar:/home/user/.m2/repository/org/eclipse/jetty/jetty-server/9.3.24.v20180605/jetty-server-9.3.24.v20180605.jar:/home/user/.m2/repository/org/eclipse/jetty/jetty-http/9.3.24.v20180605/jetty-http-9.3.24.v20180605.jar:/home/user/.m2/repository/org/eclipse/jetty/jetty-io/9.3.24.v20180605/jetty-io-9.3.24.v20180605.jar:/home/user/.m2/repository/org/eclipse/jetty/jetty-util/9.3.24.v20180605/jetty-util-9.3.24.v20180605.jar:/home/user/.m2/repository/org/eclipse/jetty/jetty-servlet/9.3.24.v20180605/jetty-servlet-9.3.24.v20180605.jar:/home/user/.m2/repository/org/eclipse/jetty/jetty-security/9.3.24.v20180605/jetty-security-9.3.24.v20180605.jar:/home/user/.m2/repository/org/eclipse/jetty/jetty-webapp/9.3.24.v20180605/jetty-webapp-9.3.24.v20180605.jar:/home/user/.m2/repository/org/eclipse/jetty/jetty-xml/9.3.24.v20180605/jetty-xml-9.3.24.v20180605.jar:/home/user/.m2/repository/javax/servlet/jsp/jsp-api/2.1/jsp-api-2.1.jar:/home/user/.m2/repository/com/sun/jersey/jersey-core/1.19/jersey-core-1.19.jar:/home/user/.m2/repository/javax/ws/rs/jsr311-api/1.1.1/jsr311-api-1.1.1.jar:/home/user/.m2/repository/com/sun/jersey/jersey-servlet/1.19/jersey-servlet-1.19.jar:/home/user/.m2/repository/com/sun/jersey/jersey-json/1.19/jersey-json-1.19.jar:/home/user/.m2/repository/org/codehaus/jettison/jettison/1.1/jettison-1.1.jar:/home/user/.m2/repository/com/sun/xml/bind/jaxb-impl/2.3.0.1/jaxb-impl-2.3.0.1.jar:/home/user/.m2/repository/org/codehaus/jackson/jackson-core-asl/1.9.13/jackson-core-asl-1.9.13.jar:/home/user/.m2/repository/org/codehaus/jackson/jackson-mapper-asl/1.9.13/jackson-mapper-asl-1.9.13.jar:/home/user/.m2/repository/org/codehaus/jackson/jackson-jaxrs/1.9.13/jackson-jaxrs-1.9.13.jar:/home/user/.m2/repository/org/codehaus/jackson/jackson-xc/1.9.13/jackson-xc-1.9.13.jar:/home/user/.m2/repository/com/sun/jersey/jersey-server/1.19/jersey-server-1.19.jar:/home/user/.m2/repository/commons-logging/commons-logging/1.1.3/commons-logging-1.1.3.jar:/home/user/.m2/repository/log4j/log4j/1.2.17/log4j-1.2.17.jar:/home/user/.m2/repository/commons-beanutils/commons-beanutils/1.9.3/commons-beanutils-1.9.3.jar:/home/user/.m2/repository/org/apache/commons/commons-configuration2/2.1.1/commons-configuration2-2.1.1.jar:/home/user/.m2/repository/org/apache/commons/commons-lang3/3.7/commons-lang3-3.7.jar:/home/user/.m2/repository/org/apache/commons/commons-text/1.4/commons-text-1.4.jar:/home/user/.m2/repository/org/slf4j/slf4j-api/1.7.25/slf4j-api-1.7.25.jar:/home/user/.m2/repository/org/slf4j/slf4j-log4j12/1.7.25/slf4j-log4j12-1.7.25.jar:/home/user/.m2/repository/org/apache/avro/avro/1.7.7/avro-1.7.7.jar:/home/user/.m2/repository/com/thoughtworks/paranamer/paranamer/2.3/paranamer-2.3.jar:/home/user/.m2/repository/org/xerial/snappy/snappy-java/1.0.5/snappy-java-1.0.5.jar:/home/user/.m2/repository/com/google/re2j/re2j/1.1/re2j-1.1.jar:/home/user/.m2/repository/com/google/code/gson/gson/2.2.4/gson-2.2.4.jar:/home/user/.m2/repository/org/apache/hadoop/hadoop-auth/3.2.0/hadoop-auth-3.2.0.jar:/home/user/.m2/repository/com/nimbusds/nimbus-jose-jwt/4.41.1/nimbus-jose-jwt-4.41.1.jar:/home/user/.m2/repository/com/github/stephenc/jcip/jcip-annotations/1.0-1/jcip-annotations-1.0-1.jar:/home/user/.m2/repository/net/minidev/json-smart/2.3/json-smart-2.3.jar:/home/user/.m2/repository/net/minidev/accessors-smart/1.2/accessors-smart-1.2.jar:/home/user/.m2/repository/org/apache/curator/curator-framework/2.12.0/curator-framework-2.12.0.jar:/home/user/.m2/repository/com/jcraft/jsch/0.1.54/jsch-0.1.54.jar:/home/user/.m2/repository/org/apache/curator/curator-client/2.12.0/curator-client-2.12.0.jar:/home/user/.m2/repository/org/apache/curator/curator-recipes/2.12.0/curator-recipes-2.12.0.jar:/home/user/.m2/repository/com/google/code/findbugs/jsr305/3.0.0/jsr305-3.0.0.jar:/home/user/.m2/repository/org/apache/htrace/htrace-core4/4.1.0-incubating/htrace-core4-4.1.0-incubating.jar:/home/user/.m2/repository/org/apache/zookeeper/zookeeper/3.4.13/zookeeper-3.4.13.jar:/home/user/.m2/repository/org/apache/yetus/audience-annotations/0.5.0/audience-annotations-0.5.0.jar:/home/user/.m2/repository/org/apache/kerby/kerb-simplekdc/1.0.1/kerb-simplekdc-1.0.1.jar:/home/user/.m2/repository/org/apache/kerby/kerb-client/1.0.1/kerb-client-1.0.1.jar:/home/user/.m2/repository/org/apache/kerby/kerby-config/1.0.1/kerby-config-1.0.1.jar:/home/user/.m2/repository/org/apache/kerby/kerb-core/1.0.1/kerb-core-1.0.1.jar:/home/user/.m2/repository/org/apache/kerby/kerby-pkix/1.0.1/kerby-pkix-1.0.1.jar:/home/user/.m2/repository/org/apache/kerby/kerby-asn1/1.0.1/kerby-asn1-1.0.1.jar:/home/user/.m2/repository/org/apache/kerby/kerby-util/1.0.1/kerby-util-1.0.1.jar:/home/user/.m2/repository/org/apache/kerby/kerb-common/1.0.1/kerb-common-1.0.1.jar:/home/user/.m2/repository/org/apache/kerby/kerb-crypto/1.0.1/kerb-crypto-1.0.1.jar:/home/user/.m2/repository/org/apache/kerby/kerb-util/1.0.1/kerb-util-1.0.1.jar:/home/user/.m2/repository/org/apache/kerby/token-provider/1.0.1/token-provider-1.0.1.jar:/home/user/.m2/repository/org/apache/kerby/kerb-admin/1.0.1/kerb-admin-1.0.1.jar:/home/user/.m2/repository/org/apache/kerby/kerb-server/1.0.1/kerb-server-1.0.1.jar:/home/user/.m2/repository/org/apache/kerby/kerb-identity/1.0.1/kerb-identity-1.0.1.jar:/home/user/.m2/repository/org/apache/kerby/kerby-xdr/1.0.1/kerby-xdr-1.0.1.jar:/home/user/.m2/repository/com/fasterxml/jackson/core/jackson-databind/2.9.5/jackson-databind-2.9.5.jar:/home/user/.m2/repository/com/fasterxml/jackson/core/jackson-core/2.9.5/jackson-core-2.9.5.jar:/home/user/.m2/repository/org/codehaus/woodstox/stax2-api/3.1.4/stax2-api-3.1.4.jar:/home/user/.m2/repository/com/fasterxml/woodstox/woodstox-core/5.0.3/woodstox-core-5.0.3.jar:/home/user/.m2/repository/dnsjava/dnsjava/2.1.7/dnsjava-2.1.7.jar:/home/user/.m2/repository/org/apache/hadoop/hadoop-hdfs/3.2.0/hadoop-hdfs-3.2.0.jar:/home/user/.m2/repository/org/eclipse/jetty/jetty-util-ajax/9.3.24.v20180605/jetty-util-ajax-9.3.24.v20180605.jar:/home/user/.m2/repository/commons-daemon/commons-daemon/1.0.13/commons-daemon-1.0.13.jar:/home/user/.m2/repository/io/netty/netty/3.10.5.Final/netty-3.10.5.Final.jar:/home/user/.m2/repository/io/netty/netty-all/4.0.52.Final/netty-all-4.0.52.Final.jar:/home/user/.m2/repository/org/fusesource/leveldbjni/leveldbjni-all/1.8/leveldbjni-all-1.8.jar:/home/user/.m2/repository/com/sun/xml/bind/jaxb-core/2.3.0.1/jaxb-core-2.3.0.1.jar:/home/user/.m2/repository/javax/xml/bind/jaxb-api/2.3.0/jaxb-api-2.3.0.jar:/home/user/.m2/repository/javax/activation/activation/1.1.1/activation-1.1.1.jar:/home/user/.m2/repository/io/dropwizard/metrics/metrics-core/3.2.4/metrics-core-3.2.4.jar:/home/user/.m2/repository/org/openjdk/jmh/jmh-core/1.19/jmh-core-1.19.jar:/home/user/.m2/repository/net/sf/jopt-simple/jopt-simple/4.6/jopt-simple-4.6.jar:/home/user/.m2/repository/org/openjdk/jmh/jmh-generator-annprocess/1.19/jmh-generator-annprocess-1.19.jar:/home/user/.m2/repository/com/google/code/findbugs/findbugs/3.0.1/findbugs-3.0.1.jar:/home/user/.m2/repository/net/jcip/jcip-annotations/1.0/jcip-annotations-1.0.jar:/home/user/.m2/repository/com/google/code/findbugs/bcel-findbugs/6.0/bcel-findbugs-6.0.jar:/home/user/.m2/repository/com/google/code/findbugs/jFormatString/2.0.1/jFormatString-2.0.1.jar:/home/user/.m2/repository/dom4j/dom4j/1.6.1/dom4j-1.6.1.jar:/home/user/.m2/repository/xml-apis/xml-apis/1.0.b2/xml-apis-1.0.b2.jar:/home/user/.m2/repository/org/ow2/asm/asm-debug-all/5.0.2/asm-debug-all-5.0.2.jar:/home/user/.m2/repository/org/ow2/asm/asm-commons/5.0.2/asm-commons-5.0.2.jar:/home/user/.m2/repository/org/ow2/asm/asm-tree/5.0.2/asm-tree-5.0.2.jar:/home/user/.m2/repository/org/ow2/asm/asm/5.0.4/asm-5.0.4.jar:/home/user/.m2/repository/commons-lang/commons-lang/2.6/commons-lang-2.6.jar:/home/user/.m2/repository/com/apple/AppleJavaExtensions/1.4/AppleJavaExtensions-1.4.jar:/home/user/.m2/repository/jaxen/jaxen/1.1.6/jaxen-1.1.6.jar:/home/user/.m2/repository/junit/junit/4.11/junit-4.11.jar:/home/user/.m2/repository/org/hamcrest/hamcrest-core/1.3/hamcrest-core-1.3.jar:/home/user/.m2/repository/org/apache/hadoop/hadoop-common/3.2.0/hadoop-common-3.2.0-tests.jar:/workdir/hadoop-ozone/integration-test/target/test-classes:/home/user/.m2/repository/org/apache/hadoop/hadoop-ozone-s3gateway/0.5.0-SNAPSHOT/hadoop-ozone-s3gateway-0.5.0-SNAPSHOT.jar:/home/user/.m2/repository/org/jboss/weld/servlet/weld-servlet/2.4.7.Final/weld-servlet-2.4.7.Final.jar:/home/user/.m2/repository/org/glassfish/jersey/containers/jersey-container-servlet-core/2.27/jersey-container-servlet-core-2.27.jar:/home/user/.m2/repository/org/glassfish/hk2/external/javax.inject/2.5.0-b42/javax.inject-2.5.0-b42.jar:/home/user/.m2/repository/org/glassfish/jersey/core/jersey-common/2.27/jersey-common-2.27.jar:/home/user/.m2/repository/org/glassfish/hk2/osgi-resource-locator/1.0.1/osgi-resource-locator-1.0.1.jar:/home/user/.m2/repository/javax/ws/rs/javax.ws.rs-api/2.1/javax.ws.rs-api-2.1.jar:/home/user/.m2/repository/org/glassfish/jersey/ext/cdi/jersey-cdi1x/2.27/jersey-cdi1x-2.27.jar:/home/user/.m2/repository/org/glassfish/jersey/inject/jersey-hk2/2.27/jersey-hk2-2.27.jar:/home/user/.m2/repository/org/glassfish/hk2/hk2-locator/2.5.0-b42/hk2-locator-2.5.0-b42.jar:/home/user/.m2/repository/org/javassist/javassist/3.22.0-CR2/javassist-3.22.0-CR2.jar:/home/user/.m2/repository/org/glassfish/hk2/hk2-api/2.5.0/hk2-api-2.5.0.jar:/home/user/.m2/repository/org/glassfish/hk2/external/jakarta.inject/2.5.0/jakarta.inject-2.5.0.jar:/home/user/.m2/repository/org/glassfish/hk2/hk2-utils/2.5.0/hk2-utils-2.5.0.jar:/home/user/.m2/repository/jakarta/annotation/jakarta.annotation-api/1.3.4/jakarta.annotation-api-1.3.4.jar:/home/user/.m2/repository/org/glassfish/hk2/external/aopalliance-repackaged/2.5.0/aopalliance-repackaged-2.5.0.jar:/home/user/.m2/repository/com/fasterxml/jackson/dataformat/jackson-dataformat-xml/2.9.0/jackson-dataformat-xml-2.9.0.jar:/home/user/.m2/repository/com/fasterxml/jackson/module/jackson-module-jaxb-annotations/2.9.5/jackson-module-jaxb-annotations-2.9.5.jar:/home/user/.m2/repository/javax/enterprise/cdi-api/1.2/cdi-api-1.2.jar:/home/user/.m2/repository/javax/el/javax.el-api/3.0.0/javax.el-api-3.0.0.jar:/home/user/.m2/repository/javax/interceptor/javax.interceptor-api/1.2/javax.interceptor-api-1.2.jar:/home/user/.m2/repository/javax/inject/javax.inject/1/javax.inject-1.jar:/home/user/.m2/repository/org/apache/hadoop/hadoop-ozone-csi/0.5.0-SNAPSHOT/hadoop-ozone-csi-0.5.0-SNAPSHOT.jar:/home/user/.m2/repository/com/google/protobuf/protobuf-java-util/3.5.1/protobuf-java-util-3.5.1.jar:/home/user/.m2/repository/io/grpc/grpc-netty/1.17.1/grpc-netty-1.17.1.jar:/home/user/.m2/repository/io/grpc/grpc-core/1.17.1/grpc-core-1.17.1.jar:/home/user/.m2/repository/io/grpc/grpc-context/1.17.1/grpc-context-1.17.1.jar:/home/user/.m2/repository/com/google/errorprone/error_prone_annotations/2.2.0/error_prone_annotations-2.2.0.jar:/home/user/.m2/repository/org/codehaus/mojo/animal-sniffer-annotations/1.17/animal-sniffer-annotations-1.17.jar:/home/user/.m2/repository/io/opencensus/opencensus-api/0.17.0/opencensus-api-0.17.0.jar:/home/user/.m2/repository/io/opencensus/opencensus-contrib-grpc-metrics/0.17.0/opencensus-contrib-grpc-metrics-0.17.0.jar:/home/user/.m2/repository/io/netty/netty-codec-http2/4.1.30.Final/netty-codec-http2-4.1.30.Final.jar:/home/user/.m2/repository/io/netty/netty-codec-http/4.1.30.Final/netty-codec-http-4.1.30.Final.jar:/home/user/.m2/repository/io/netty/netty-codec/4.1.30.Final/netty-codec-4.1.30.Final.jar:/home/user/.m2/repository/io/netty/netty-handler/4.1.30.Final/netty-handler-4.1.30.Final.jar:/home/user/.m2/repository/io/netty/netty-handler-proxy/4.1.30.Final/netty-handler-proxy-4.1.30.Final.jar:/home/user/.m2/repository/io/netty/netty-codec-socks/4.1.30.Final/netty-codec-socks-4.1.30.Final.jar:/home/user/.m2/repository/io/netty/netty-transport-native-epoll/4.1.30.Final/netty-transport-native-epoll-4.1.30.Final.jar:/home/user/.m2/repository/io/netty/netty-common/4.1.30.Final/netty-common-4.1.30.Final.jar:/home/user/.m2/repository/io/netty/netty-buffer/4.1.30.Final/netty-buffer-4.1.30.Final.jar:/home/user/.m2/repository/io/netty/netty-transport/4.1.30.Final/netty-transport-4.1.30.Final.jar:/home/user/.m2/repository/io/netty/netty-resolver/4.1.30.Final/netty-resolver-4.1.30.Final.jar:/home/user/.m2/repository/io/netty/netty-transport-native-unix-common/4.1.30.Final/netty-transport-native-unix-common-4.1.30.Final.jar:/home/user/.m2/repository/io/grpc/grpc-protobuf/1.17.1/grpc-protobuf-1.17.1.jar:/home/user/.m2/repository/com/google/api/grpc/proto-google-common-protos/1.0.0/proto-google-common-protos-1.0.0.jar:/home/user/.m2/repository/io/grpc/grpc-protobuf-lite/1.17.1/grpc-protobuf-lite-1.17.1.jar:/home/user/.m2/repository/io/grpc/grpc-stub/1.17.1/grpc-stub-1.17.1.jar:/home/user/.m2/repository/org/apache/hadoop/hadoop-ozone-recon/0.5.0-SNAPSHOT/hadoop-ozone-recon-0.5.0-SNAPSHOT.jar:/home/user/.m2/repository/org/apache/hadoop/hadoop-ozone-reconcodegen/0.5.0-SNAPSHOT/hadoop-ozone-reconcodegen-0.5.0-SNAPSHOT.jar:/home/user/.m2/repository/com/google/inject/extensions/guice-multibindings/4.0/guice-multibindings-4.0.jar:/home/user/.m2/repository/com/google/inject/guice/4.0/guice-4.0.jar:/home/user/.m2/repository/aopalliance/aopalliance/1.0/aopalliance-1.0.jar:/home/user/.m2/repository/com/google/inject/extensions/guice-servlet/4.0/guice-servlet-4.0.jar:/home/user/.m2/repository/org/glassfish/jersey/containers/jersey-container-servlet/2.27/jersey-container-servlet-2.27.jar:/home/user/.m2/repository/org/glassfish/hk2/guice-bridge/2.5.0/guice-bridge-2.5.0.jar:/home/user/.m2/repository/org/glassfish/jersey/core/jersey-server/2.27/jersey-server-2.27.jar:/home/user/.m2/repository/org/glassfish/jersey/core/jersey-client/2.27/jersey-client-2.27.jar:/home/user/.m2/repository/org/glassfish/jersey/media/jersey-media-jaxb/2.27/jersey-media-jaxb-2.27.jar:/home/user/.m2/repository/javax/validation/validation-api/1.1.0.Final/validation-api-1.1.0.Final.jar:/home/user/.m2/repository/org/glassfish/jersey/media/jersey-media-json-jackson/2.27/jersey-media-json-jackson-2.27.jar:/home/user/.m2/repository/org/glassfish/jersey/ext/jersey-entity-filtering/2.27/jersey-entity-filtering-2.27.jar:/home/user/.m2/repository/com/google/inject/extensions/guice-assistedinject/4.0/guice-assistedinject-4.0.jar:/home/user/.m2/repository/org/jooq/jooq/3.11.10/jooq-3.11.10.jar:/home/user/.m2/repository/org/jooq/jooq-meta/3.11.10/jooq-meta-3.11.10.jar:/home/user/.m2/repository/org/jooq/jooq-codegen/3.11.10/jooq-codegen-3.11.10.jar:/home/user/.m2/repository/com/jolbox/bonecp/0.8.0.RELEASE/bonecp-0.8.0.RELEASE.jar:/home/user/.m2/repository/org/springframework/spring-jdbc/5.1.3.RELEASE/spring-jdbc-5.1.3.RELEASE.jar:/home/user/.m2/repository/org/springframework/spring-beans/5.1.3.RELEASE/spring-beans-5.1.3.RELEASE.jar:/home/user/.m2/repository/org/springframework/spring-core/5.1.3.RELEASE/spring-core-5.1.3.RELEASE.jar:/home/user/.m2/repository/org/springframework/spring-jcl/5.1.3.RELEASE/spring-jcl-5.1.3.RELEASE.jar:/home/user/.m2/repository/org/springframework/spring-tx/5.1.3.RELEASE/spring-tx-5.1.3.RELEASE.jar:/home/user/.m2/repository/org/mockito/mockito-core/2.15.0/mockito-core-2.15.0.jar:/home/user/.m2/repository/net/bytebuddy/byte-buddy/1.7.9/byte-buddy-1.7.9.jar:/home/user/.m2/repository/net/bytebuddy/byte-buddy-agent/1.7.9/byte-buddy-agent-1.7.9.jar:/home/user/.m2/repository/org/objenesis/objenesis/1.0/objenesis-1.0.jar:"/>
    <property name="java.vm.vendor" value="IcedTea"/>
    <property name="sun.arch.data.model" value="64"/>
    <property name="test.build.dir" value="/workdir/hadoop-ozone/tools/target/test-dir"/>
    <property name="test.cache.data" value=""/>
    <property name="java.vendor.url" value="https://icedtea.classpath.org"/>
    <property name="user.timezone" value=""/>
    <property name="java.vm.specification.version" value="1.8"/>
    <property name="os.name" value="Linux"/>
    <property name="test.build.data" value="/workdir/hadoop-ozone/tools/target/test-dir"/>
    <property name="user.country" value="US"/>
    <property name="sun.java.launcher" value="SUN_STANDARD"/>
    <property name="sun.boot.library.path" value="/usr/lib/jvm/java-1.8-openjdk/jre/lib/amd64"/>
    <property name="sun.java.command" value="/workdir/hadoop-ozone/tools/target/surefire/surefirebooter7825729877074220698.jar /workdir/hadoop-ozone/tools/target/surefire 2019-09-16T15-19-14_257-jvmRun1 surefire8696043344214104380tmp surefire_1063530473932395981338tmp"/>
    <property name="test" value="!TestMiniChaosOzoneCluster"/>
    <property name="surefire.test.class.path" value="/workdir/hadoop-ozone/tools/target/test-classes:/workdir/hadoop-ozone/tools/target/classes:/home/user/.m2/repository/org/apache/hadoop/hadoop-ozone-ozone-manager/0.5.0-SNAPSHOT/hadoop-ozone-ozone-manager-0.5.0-SNAPSHOT.jar:/home/user/.m2/repository/org/apache/hadoop/hadoop-hdds-docs/0.5.0-SNAPSHOT/hadoop-hdds-docs-0.5.0-SNAPSHOT.jar:/home/user/.m2/repository/org/bouncycastle/bcprov-jdk15on/1.60/bcprov-jdk15on-1.60.jar:/home/user/.m2/repository/org/apache/hadoop/hadoop-ozone-common/0.5.0-SNAPSHOT/hadoop-ozone-common-0.5.0-SNAPSHOT.jar:/home/user/.m2/repository/org/apache/commons/commons-compress/1.4.1/commons-compress-1.4.1.jar:/home/user/.m2/repository/org/tukaani/xz/1.0/xz-1.0.jar:/home/user/.m2/repository/org/apache/hadoop/hadoop-hdfs-client/3.2.0/hadoop-hdfs-client-3.2.0.jar:/home/user/.m2/repository/com/fasterxml/jackson/core/jackson-annotations/2.9.5/jackson-annotations-2.9.5.jar:/home/user/.m2/repository/org/apache/hadoop/hadoop-hdds-common/0.5.0-SNAPSHOT/hadoop-hdds-common-0.5.0-SNAPSHOT.jar:/home/user/.m2/repository/org/apache/hadoop/hadoop-hdds-config/0.5.0-SNAPSHOT/hadoop-hdds-config-0.5.0-SNAPSHOT.jar:/home/user/.m2/repository/javax/annotation/javax.annotation-api/1.2/javax.annotation-api-1.2.jar:/home/user/.m2/repository/org/apache/ratis/ratis-server/0.4.0-78e95b9-SNAPSHOT/ratis-server-0.4.0-78e95b9-SNAPSHOT.jar:/home/user/.m2/repository/org/apache/ratis/ratis-thirdparty-misc/0.2.0/ratis-thirdparty-misc-0.2.0.jar:/home/user/.m2/repository/org/apache/ratis/ratis-proto/0.4.0-78e95b9-SNAPSHOT/ratis-proto-0.4.0-78e95b9-SNAPSHOT.jar:/home/user/.m2/repository/org/apache/ratis/ratis-common/0.4.0-78e95b9-SNAPSHOT/ratis-common-0.4.0-78e95b9-SNAPSHOT.jar:/home/user/.m2/repository/org/apache/ratis/ratis-client/0.4.0-78e95b9-SNAPSHOT/ratis-client-0.4.0-78e95b9-SNAPSHOT.jar:/home/user/.m2/repository/org/apache/ratis/ratis-metrics/0.4.0-78e95b9-SNAPSHOT/ratis-metrics-0.4.0-78e95b9-SNAPSHOT.jar:/home/user/.m2/repository/com/github/joshelser/dropwizard-metrics-hadoop-metrics2-reporter/0.1.2/dropwizard-metrics-hadoop-metrics2-reporter-0.1.2.jar:/home/user/.m2/repository/io/dropwizard/metrics/metrics-jvm/3.2.5/metrics-jvm-3.2.5.jar:/home/user/.m2/repository/io/dropwizard/metrics/metrics-ganglia/3.2.5/metrics-ganglia-3.2.5.jar:/home/user/.m2/repository/info/ganglia/gmetric4j/gmetric4j/1.0.7/gmetric4j-1.0.7.jar:/home/user/.m2/repository/org/apache/ratis/ratis-netty/0.4.0-78e95b9-SNAPSHOT/ratis-netty-0.4.0-78e95b9-SNAPSHOT.jar:/home/user/.m2/repository/org/apache/ratis/ratis-grpc/0.4.0-78e95b9-SNAPSHOT/ratis-grpc-0.4.0-78e95b9-SNAPSHOT.jar:/home/user/.m2/repository/org/rocksdb/rocksdbjni/6.0.1/rocksdbjni-6.0.1.jar:/home/user/.m2/repository/org/apache/logging/log4j/log4j-api/2.11.0/log4j-api-2.11.0.jar:/home/user/.m2/repository/org/apache/logging/log4j/log4j-core/2.11.0/log4j-core-2.11.0.jar:/home/user/.m2/repository/com/lmax/disruptor/3.4.2/disruptor-3.4.2.jar:/home/user/.m2/repository/org/apache/commons/commons-pool2/2.6.0/commons-pool2-2.6.0.jar:/home/user/.m2/repository/org/bouncycastle/bcpkix-jdk15on/1.60/bcpkix-jdk15on-1.60.jar:/home/user/.m2/repository/commons-validator/commons-validator/1.6/commons-validator-1.6.jar:/home/user/.m2/repository/commons-digester/commons-digester/1.8.1/commons-digester-1.8.1.jar:/home/user/.m2/repository/io/jaegertracing/jaeger-client/0.33.1/jaeger-client-0.33.1.jar:/home/user/.m2/repository/io/jaegertracing/jaeger-thrift/0.33.1/jaeger-thrift-0.33.1.jar:/home/user/.m2/repository/org/apache/thrift/libthrift/0.11.0/libthrift-0.11.0.jar:/home/user/.m2/repository/com/squareup/okhttp3/okhttp/3.9.0/okhttp-3.9.0.jar:/home/user/.m2/repository/com/squareup/okio/okio/1.13.0/okio-1.13.0.jar:/home/user/.m2/repository/io/jaegertracing/jaeger-core/0.33.1/jaeger-core-0.33.1.jar:/home/user/.m2/repository/io/jaegertracing/jaeger-tracerresolver/0.33.1/jaeger-tracerresolver-0.33.1.jar:/home/user/.m2/repository/io/opentracing/contrib/opentracing-tracerresolver/0.1.5/opentracing-tracerresolver-0.1.5.jar:/home/user/.m2/repository/io/opentracing/opentracing-util/0.31.0/opentracing-util-0.31.0.jar:/home/user/.m2/repository/io/opentracing/opentracing-api/0.31.0/opentracing-api-0.31.0.jar:/home/user/.m2/repository/io/opentracing/opentracing-noop/0.31.0/opentracing-noop-0.31.0.jar:/home/user/.m2/repository/org/yaml/snakeyaml/1.16/snakeyaml-1.16.jar:/home/user/.m2/repository/org/apache/hadoop/hadoop-hdds-container-service/0.5.0-SNAPSHOT/hadoop-hdds-container-service-0.5.0-SNAPSHOT.jar:/home/user/.m2/repository/org/apache/hadoop/hadoop-hdds-client/0.5.0-SNAPSHOT/hadoop-hdds-client-0.5.0-SNAPSHOT.jar:/home/user/.m2/repository/org/apache/hadoop/hadoop-hdds-tools/0.5.0-SNAPSHOT/hadoop-hdds-tools-0.5.0-SNAPSHOT.jar:/home/user/.m2/repository/org/xerial/sqlite-jdbc/3.25.2/sqlite-jdbc-3.25.2.jar:/home/user/.m2/repository/org/apache/hadoop/hadoop-hdds-server-scm/0.5.0-SNAPSHOT/hadoop-hdds-server-scm-0.5.0-SNAPSHOT.jar:/home/user/.m2/repository/org/hamcrest/hamcrest-all/1.3/hamcrest-all-1.3.jar:/home/user/.m2/repository/info/picocli/picocli/3.9.6/picocli-3.9.6.jar:/home/user/.m2/repository/com/google/protobuf/protobuf-java/2.5.0/protobuf-java-2.5.0.jar:/home/user/.m2/repository/com/google/guava/guava/11.0.2/guava-11.0.2.jar:/home/user/.m2/repository/org/apache/hadoop/hadoop-ozone-client/0.5.0-SNAPSHOT/hadoop-ozone-client-0.5.0-SNAPSHOT.jar:/workdir/hadoop-ozone/ozonefs/target/classes:/home/user/.m2/repository/org/apache/hadoop/hadoop-hdds-server-framework/0.5.0-SNAPSHOT/hadoop-hdds-server-framework-0.5.0-SNAPSHOT.jar:/home/user/.m2/repository/org/apache/hadoop/hadoop-common/3.2.0/hadoop-common-3.2.0.jar:/home/user/.m2/repository/org/apache/hadoop/hadoop-annotations/3.2.0/hadoop-annotations-3.2.0.jar:/usr/lib/jvm/java-1.8-openjdk/jre/../lib/tools.jar:/home/user/.m2/repository/commons-cli/commons-cli/1.2/commons-cli-1.2.jar:/home/user/.m2/repository/org/apache/commons/commons-math3/3.1.1/commons-math3-3.1.1.jar:/home/user/.m2/repository/org/apache/httpcomponents/httpclient/4.5.2/httpclient-4.5.2.jar:/home/user/.m2/repository/org/apache/httpcomponents/httpcore/4.4.4/httpcore-4.4.4.jar:/home/user/.m2/repository/commons-codec/commons-codec/1.11/commons-codec-1.11.jar:/home/user/.m2/repository/commons-io/commons-io/2.5/commons-io-2.5.jar:/home/user/.m2/repository/commons-net/commons-net/3.6/commons-net-3.6.jar:/home/user/.m2/repository/commons-collections/commons-collections/3.2.2/commons-collections-3.2.2.jar:/home/user/.m2/repository/javax/servlet/javax.servlet-api/3.1.0/javax.servlet-api-3.1.0.jar:/home/user/.m2/repository/org/eclipse/jetty/jetty-server/9.3.24.v20180605/jetty-server-9.3.24.v20180605.jar:/home/user/.m2/repository/org/eclipse/jetty/jetty-http/9.3.24.v20180605/jetty-http-9.3.24.v20180605.jar:/home/user/.m2/repository/org/eclipse/jetty/jetty-io/9.3.24.v20180605/jetty-io-9.3.24.v20180605.jar:/home/user/.m2/repository/org/eclipse/jetty/jetty-util/9.3.24.v20180605/jetty-util-9.3.24.v20180605.jar:/home/user/.m2/repository/org/eclipse/jetty/jetty-servlet/9.3.24.v20180605/jetty-servlet-9.3.24.v20180605.jar:/home/user/.m2/repository/org/eclipse/jetty/jetty-security/9.3.24.v20180605/jetty-security-9.3.24.v20180605.jar:/home/user/.m2/repository/org/eclipse/jetty/jetty-webapp/9.3.24.v20180605/jetty-webapp-9.3.24.v20180605.jar:/home/user/.m2/repository/org/eclipse/jetty/jetty-xml/9.3.24.v20180605/jetty-xml-9.3.24.v20180605.jar:/home/user/.m2/repository/javax/servlet/jsp/jsp-api/2.1/jsp-api-2.1.jar:/home/user/.m2/repository/com/sun/jersey/jersey-core/1.19/jersey-core-1.19.jar:/home/user/.m2/repository/javax/ws/rs/jsr311-api/1.1.1/jsr311-api-1.1.1.jar:/home/user/.m2/repository/com/sun/jersey/jersey-servlet/1.19/jersey-servlet-1.19.jar:/home/user/.m2/repository/com/sun/jersey/jersey-json/1.19/jersey-json-1.19.jar:/home/user/.m2/repository/org/codehaus/jettison/jettison/1.1/jettison-1.1.jar:/home/user/.m2/repository/com/sun/xml/bind/jaxb-impl/2.3.0.1/jaxb-impl-2.3.0.1.jar:/home/user/.m2/repository/org/codehaus/jackson/jackson-core-asl/1.9.13/jackson-core-asl-1.9.13.jar:/home/user/.m2/repository/org/codehaus/jackson/jackson-mapper-asl/1.9.13/jackson-mapper-asl-1.9.13.jar:/home/user/.m2/repository/org/codehaus/jackson/jackson-jaxrs/1.9.13/jackson-jaxrs-1.9.13.jar:/home/user/.m2/repository/org/codehaus/jackson/jackson-xc/1.9.13/jackson-xc-1.9.13.jar:/home/user/.m2/repository/com/sun/jersey/jersey-server/1.19/jersey-server-1.19.jar:/home/user/.m2/repository/commons-logging/commons-logging/1.1.3/commons-logging-1.1.3.jar:/home/user/.m2/repository/log4j/log4j/1.2.17/log4j-1.2.17.jar:/home/user/.m2/repository/commons-beanutils/commons-beanutils/1.9.3/commons-beanutils-1.9.3.jar:/home/user/.m2/repository/org/apache/commons/commons-configuration2/2.1.1/commons-configuration2-2.1.1.jar:/home/user/.m2/repository/org/apache/commons/commons-lang3/3.7/commons-lang3-3.7.jar:/home/user/.m2/repository/org/apache/commons/commons-text/1.4/commons-text-1.4.jar:/home/user/.m2/repository/org/slf4j/slf4j-api/1.7.25/slf4j-api-1.7.25.jar:/home/user/.m2/repository/org/slf4j/slf4j-log4j12/1.7.25/slf4j-log4j12-1.7.25.jar:/home/user/.m2/repository/org/apache/avro/avro/1.7.7/avro-1.7.7.jar:/home/user/.m2/repository/com/thoughtworks/paranamer/paranamer/2.3/paranamer-2.3.jar:/home/user/.m2/repository/org/xerial/snappy/snappy-java/1.0.5/snappy-java-1.0.5.jar:/home/user/.m2/repository/com/google/re2j/re2j/1.1/re2j-1.1.jar:/home/user/.m2/repository/com/google/code/gson/gson/2.2.4/gson-2.2.4.jar:/home/user/.m2/repository/org/apache/hadoop/hadoop-auth/3.2.0/hadoop-auth-3.2.0.jar:/home/user/.m2/repository/com/nimbusds/nimbus-jose-jwt/4.41.1/nimbus-jose-jwt-4.41.1.jar:/home/user/.m2/repository/com/github/stephenc/jcip/jcip-annotations/1.0-1/jcip-annotations-1.0-1.jar:/home/user/.m2/repository/net/minidev/json-smart/2.3/json-smart-2.3.jar:/home/user/.m2/repository/net/minidev/accessors-smart/1.2/accessors-smart-1.2.jar:/home/user/.m2/repository/org/apache/curator/curator-framework/2.12.0/curator-framework-2.12.0.jar:/home/user/.m2/repository/com/jcraft/jsch/0.1.54/jsch-0.1.54.jar:/home/user/.m2/repository/org/apache/curator/curator-client/2.12.0/curator-client-2.12.0.jar:/home/user/.m2/repository/org/apache/curator/curator-recipes/2.12.0/curator-recipes-2.12.0.jar:/home/user/.m2/repository/com/google/code/findbugs/jsr305/3.0.0/jsr305-3.0.0.jar:/home/user/.m2/repository/org/apache/htrace/htrace-core4/4.1.0-incubating/htrace-core4-4.1.0-incubating.jar:/home/user/.m2/repository/org/apache/zookeeper/zookeeper/3.4.13/zookeeper-3.4.13.jar:/home/user/.m2/repository/org/apache/yetus/audience-annotations/0.5.0/audience-annotations-0.5.0.jar:/home/user/.m2/repository/org/apache/kerby/kerb-simplekdc/1.0.1/kerb-simplekdc-1.0.1.jar:/home/user/.m2/repository/org/apache/kerby/kerb-client/1.0.1/kerb-client-1.0.1.jar:/home/user/.m2/repository/org/apache/kerby/kerby-config/1.0.1/kerby-config-1.0.1.jar:/home/user/.m2/repository/org/apache/kerby/kerb-core/1.0.1/kerb-core-1.0.1.jar:/home/user/.m2/repository/org/apache/kerby/kerby-pkix/1.0.1/kerby-pkix-1.0.1.jar:/home/user/.m2/repository/org/apache/kerby/kerby-asn1/1.0.1/kerby-asn1-1.0.1.jar:/home/user/.m2/repository/org/apache/kerby/kerby-util/1.0.1/kerby-util-1.0.1.jar:/home/user/.m2/repository/org/apache/kerby/kerb-common/1.0.1/kerb-common-1.0.1.jar:/home/user/.m2/repository/org/apache/kerby/kerb-crypto/1.0.1/kerb-crypto-1.0.1.jar:/home/user/.m2/repository/org/apache/kerby/kerb-util/1.0.1/kerb-util-1.0.1.jar:/home/user/.m2/repository/org/apache/kerby/token-provider/1.0.1/token-provider-1.0.1.jar:/home/user/.m2/repository/org/apache/kerby/kerb-admin/1.0.1/kerb-admin-1.0.1.jar:/home/user/.m2/repository/org/apache/kerby/kerb-server/1.0.1/kerb-server-1.0.1.jar:/home/user/.m2/repository/org/apache/kerby/kerb-identity/1.0.1/kerb-identity-1.0.1.jar:/home/user/.m2/repository/org/apache/kerby/kerby-xdr/1.0.1/kerby-xdr-1.0.1.jar:/home/user/.m2/repository/com/fasterxml/jackson/core/jackson-databind/2.9.5/jackson-databind-2.9.5.jar:/home/user/.m2/repository/com/fasterxml/jackson/core/jackson-core/2.9.5/jackson-core-2.9.5.jar:/home/user/.m2/repository/org/codehaus/woodstox/stax2-api/3.1.4/stax2-api-3.1.4.jar:/home/user/.m2/repository/com/fasterxml/woodstox/woodstox-core/5.0.3/woodstox-core-5.0.3.jar:/home/user/.m2/repository/dnsjava/dnsjava/2.1.7/dnsjava-2.1.7.jar:/home/user/.m2/repository/org/apache/hadoop/hadoop-hdfs/3.2.0/hadoop-hdfs-3.2.0.jar:/home/user/.m2/repository/org/eclipse/jetty/jetty-util-ajax/9.3.24.v20180605/jetty-util-ajax-9.3.24.v20180605.jar:/home/user/.m2/repository/commons-daemon/commons-daemon/1.0.13/commons-daemon-1.0.13.jar:/home/user/.m2/repository/io/netty/netty/3.10.5.Final/netty-3.10.5.Final.jar:/home/user/.m2/repository/io/netty/netty-all/4.0.52.Final/netty-all-4.0.52.Final.jar:/home/user/.m2/repository/org/fusesource/leveldbjni/leveldbjni-all/1.8/leveldbjni-all-1.8.jar:/home/user/.m2/repository/com/sun/xml/bind/jaxb-core/2.3.0.1/jaxb-core-2.3.0.1.jar:/home/user/.m2/repository/javax/xml/bind/jaxb-api/2.3.0/jaxb-api-2.3.0.jar:/home/user/.m2/repository/javax/activation/activation/1.1.1/activation-1.1.1.jar:/home/user/.m2/repository/io/dropwizard/metrics/metrics-core/3.2.4/metrics-core-3.2.4.jar:/home/user/.m2/repository/org/openjdk/jmh/jmh-core/1.19/jmh-core-1.19.jar:/home/user/.m2/repository/net/sf/jopt-simple/jopt-simple/4.6/jopt-simple-4.6.jar:/home/user/.m2/repository/org/openjdk/jmh/jmh-generator-annprocess/1.19/jmh-generator-annprocess-1.19.jar:/home/user/.m2/repository/com/google/code/findbugs/findbugs/3.0.1/findbugs-3.0.1.jar:/home/user/.m2/repository/net/jcip/jcip-annotations/1.0/jcip-annotations-1.0.jar:/home/user/.m2/repository/com/google/code/findbugs/bcel-findbugs/6.0/bcel-findbugs-6.0.jar:/home/user/.m2/repository/com/google/code/findbugs/jFormatString/2.0.1/jFormatString-2.0.1.jar:/home/user/.m2/repository/dom4j/dom4j/1.6.1/dom4j-1.6.1.jar:/home/user/.m2/repository/xml-apis/xml-apis/1.0.b2/xml-apis-1.0.b2.jar:/home/user/.m2/repository/org/ow2/asm/asm-debug-all/5.0.2/asm-debug-all-5.0.2.jar:/home/user/.m2/repository/org/ow2/asm/asm-commons/5.0.2/asm-commons-5.0.2.jar:/home/user/.m2/repository/org/ow2/asm/asm-tree/5.0.2/asm-tree-5.0.2.jar:/home/user/.m2/repository/org/ow2/asm/asm/5.0.4/asm-5.0.4.jar:/home/user/.m2/repository/commons-lang/commons-lang/2.6/commons-lang-2.6.jar:/home/user/.m2/repository/com/apple/AppleJavaExtensions/1.4/AppleJavaExtensions-1.4.jar:/home/user/.m2/repository/jaxen/jaxen/1.1.6/jaxen-1.1.6.jar:/home/user/.m2/repository/junit/junit/4.11/junit-4.11.jar:/home/user/.m2/repository/org/hamcrest/hamcrest-core/1.3/hamcrest-core-1.3.jar:/home/user/.m2/repository/org/apache/hadoop/hadoop-common/3.2.0/hadoop-common-3.2.0-tests.jar:/workdir/hadoop-ozone/integration-test/target/test-classes:/home/user/.m2/repository/org/apache/hadoop/hadoop-ozone-s3gateway/0.5.0-SNAPSHOT/hadoop-ozone-s3gateway-0.5.0-SNAPSHOT.jar:/home/user/.m2/repository/org/jboss/weld/servlet/weld-servlet/2.4.7.Final/weld-servlet-2.4.7.Final.jar:/home/user/.m2/repository/org/glassfish/jersey/containers/jersey-container-servlet-core/2.27/jersey-container-servlet-core-2.27.jar:/home/user/.m2/repository/org/glassfish/hk2/external/javax.inject/2.5.0-b42/javax.inject-2.5.0-b42.jar:/home/user/.m2/repository/org/glassfish/jersey/core/jersey-common/2.27/jersey-common-2.27.jar:/home/user/.m2/repository/org/glassfish/hk2/osgi-resource-locator/1.0.1/osgi-resource-locator-1.0.1.jar:/home/user/.m2/repository/javax/ws/rs/javax.ws.rs-api/2.1/javax.ws.rs-api-2.1.jar:/home/user/.m2/repository/org/glassfish/jersey/ext/cdi/jersey-cdi1x/2.27/jersey-cdi1x-2.27.jar:/home/user/.m2/repository/org/glassfish/jersey/inject/jersey-hk2/2.27/jersey-hk2-2.27.jar:/home/user/.m2/repository/org/glassfish/hk2/hk2-locator/2.5.0-b42/hk2-locator-2.5.0-b42.jar:/home/user/.m2/repository/org/javassist/javassist/3.22.0-CR2/javassist-3.22.0-CR2.jar:/home/user/.m2/repository/org/glassfish/hk2/hk2-api/2.5.0/hk2-api-2.5.0.jar:/home/user/.m2/repository/org/glassfish/hk2/external/jakarta.inject/2.5.0/jakarta.inject-2.5.0.jar:/home/user/.m2/repository/org/glassfish/hk2/hk2-utils/2.5.0/hk2-utils-2.5.0.jar:/home/user/.m2/repository/jakarta/annotation/jakarta.annotation-api/1.3.4/jakarta.annotation-api-1.3.4.jar:/home/user/.m2/repository/org/glassfish/hk2/external/aopalliance-repackaged/2.5.0/aopalliance-repackaged-2.5.0.jar:/home/user/.m2/repository/com/fasterxml/jackson/dataformat/jackson-dataformat-xml/2.9.0/jackson-dataformat-xml-2.9.0.jar:/home/user/.m2/repository/com/fasterxml/jackson/module/jackson-module-jaxb-annotations/2.9.5/jackson-module-jaxb-annotations-2.9.5.jar:/home/user/.m2/repository/javax/enterprise/cdi-api/1.2/cdi-api-1.2.jar:/home/user/.m2/repository/javax/el/javax.el-api/3.0.0/javax.el-api-3.0.0.jar:/home/user/.m2/repository/javax/interceptor/javax.interceptor-api/1.2/javax.interceptor-api-1.2.jar:/home/user/.m2/repository/javax/inject/javax.inject/1/javax.inject-1.jar:/home/user/.m2/repository/org/apache/hadoop/hadoop-ozone-csi/0.5.0-SNAPSHOT/hadoop-ozone-csi-0.5.0-SNAPSHOT.jar:/home/user/.m2/repository/com/google/protobuf/protobuf-java-util/3.5.1/protobuf-java-util-3.5.1.jar:/home/user/.m2/repository/io/grpc/grpc-netty/1.17.1/grpc-netty-1.17.1.jar:/home/user/.m2/repository/io/grpc/grpc-core/1.17.1/grpc-core-1.17.1.jar:/home/user/.m2/repository/io/grpc/grpc-context/1.17.1/grpc-context-1.17.1.jar:/home/user/.m2/repository/com/google/errorprone/error_prone_annotations/2.2.0/error_prone_annotations-2.2.0.jar:/home/user/.m2/repository/org/codehaus/mojo/animal-sniffer-annotations/1.17/animal-sniffer-annotations-1.17.jar:/home/user/.m2/repository/io/opencensus/opencensus-api/0.17.0/opencensus-api-0.17.0.jar:/home/user/.m2/repository/io/opencensus/opencensus-contrib-grpc-metrics/0.17.0/opencensus-contrib-grpc-metrics-0.17.0.jar:/home/user/.m2/repository/io/netty/netty-codec-http2/4.1.30.Final/netty-codec-http2-4.1.30.Final.jar:/home/user/.m2/repository/io/netty/netty-codec-http/4.1.30.Final/netty-codec-http-4.1.30.Final.jar:/home/user/.m2/repository/io/netty/netty-codec/4.1.30.Final/netty-codec-4.1.30.Final.jar:/home/user/.m2/repository/io/netty/netty-handler/4.1.30.Final/netty-handler-4.1.30.Final.jar:/home/user/.m2/repository/io/netty/netty-handler-proxy/4.1.30.Final/netty-handler-proxy-4.1.30.Final.jar:/home/user/.m2/repository/io/netty/netty-codec-socks/4.1.30.Final/netty-codec-socks-4.1.30.Final.jar:/home/user/.m2/repository/io/netty/netty-transport-native-epoll/4.1.30.Final/netty-transport-native-epoll-4.1.30.Final.jar:/home/user/.m2/repository/io/netty/netty-common/4.1.30.Final/netty-common-4.1.30.Final.jar:/home/user/.m2/repository/io/netty/netty-buffer/4.1.30.Final/netty-buffer-4.1.30.Final.jar:/home/user/.m2/repository/io/netty/netty-transport/4.1.30.Final/netty-transport-4.1.30.Final.jar:/home/user/.m2/repository/io/netty/netty-resolver/4.1.30.Final/netty-resolver-4.1.30.Final.jar:/home/user/.m2/repository/io/netty/netty-transport-native-unix-common/4.1.30.Final/netty-transport-native-unix-common-4.1.30.Final.jar:/home/user/.m2/repository/io/grpc/grpc-protobuf/1.17.1/grpc-protobuf-1.17.1.jar:/home/user/.m2/repository/com/google/api/grpc/proto-google-common-protos/1.0.0/proto-google-common-protos-1.0.0.jar:/home/user/.m2/repository/io/grpc/grpc-protobuf-lite/1.17.1/grpc-protobuf-lite-1.17.1.jar:/home/user/.m2/repository/io/grpc/grpc-stub/1.17.1/grpc-stub-1.17.1.jar:/home/user/.m2/repository/org/apache/hadoop/hadoop-ozone-recon/0.5.0-SNAPSHOT/hadoop-ozone-recon-0.5.0-SNAPSHOT.jar:/home/user/.m2/repository/org/apache/hadoop/hadoop-ozone-reconcodegen/0.5.0-SNAPSHOT/hadoop-ozone-reconcodegen-0.5.0-SNAPSHOT.jar:/home/user/.m2/repository/com/google/inject/extensions/guice-multibindings/4.0/guice-multibindings-4.0.jar:/home/user/.m2/repository/com/google/inject/guice/4.0/guice-4.0.jar:/home/user/.m2/repository/aopalliance/aopalliance/1.0/aopalliance-1.0.jar:/home/user/.m2/repository/com/google/inject/extensions/guice-servlet/4.0/guice-servlet-4.0.jar:/home/user/.m2/repository/org/glassfish/jersey/containers/jersey-container-servlet/2.27/jersey-container-servlet-2.27.jar:/home/user/.m2/repository/org/glassfish/hk2/guice-bridge/2.5.0/guice-bridge-2.5.0.jar:/home/user/.m2/repository/org/glassfish/jersey/core/jersey-server/2.27/jersey-server-2.27.jar:/home/user/.m2/repository/org/glassfish/jersey/core/jersey-client/2.27/jersey-client-2.27.jar:/home/user/.m2/repository/org/glassfish/jersey/media/jersey-media-jaxb/2.27/jersey-media-jaxb-2.27.jar:/home/user/.m2/repository/javax/validation/validation-api/1.1.0.Final/validation-api-1.1.0.Final.jar:/home/user/.m2/repository/org/glassfish/jersey/media/jersey-media-json-jackson/2.27/jersey-media-json-jackson-2.27.jar:/home/user/.m2/repository/org/glassfish/jersey/ext/jersey-entity-filtering/2.27/jersey-entity-filtering-2.27.jar:/home/user/.m2/repository/com/google/inject/extensions/guice-assistedinject/4.0/guice-assistedinject-4.0.jar:/home/user/.m2/repository/org/jooq/jooq/3.11.10/jooq-3.11.10.jar:/home/user/.m2/repository/org/jooq/jooq-meta/3.11.10/jooq-meta-3.11.10.jar:/home/user/.m2/repository/org/jooq/jooq-codegen/3.11.10/jooq-codegen-3.11.10.jar:/home/user/.m2/repository/com/jolbox/bonecp/0.8.0.RELEASE/bonecp-0.8.0.RELEASE.jar:/home/user/.m2/repository/org/springframework/spring-jdbc/5.1.3.RELEASE/spring-jdbc-5.1.3.RELEASE.jar:/home/user/.m2/repository/org/springframework/spring-beans/5.1.3.RELEASE/spring-beans-5.1.3.RELEASE.jar:/home/user/.m2/repository/org/springframework/spring-core/5.1.3.RELEASE/spring-core-5.1.3.RELEASE.jar:/home/user/.m2/repository/org/springframework/spring-jcl/5.1.3.RELEASE/spring-jcl-5.1.3.RELEASE.jar:/home/user/.m2/repository/org/springframework/spring-tx/5.1.3.RELEASE/spring-tx-5.1.3.RELEASE.jar:/home/user/.m2/repository/org/mockito/mockito-core/2.15.0/mockito-core-2.15.0.jar:/home/user/.m2/repository/net/bytebuddy/byte-buddy/1.7.9/byte-buddy-1.7.9.jar:/home/user/.m2/repository/net/bytebuddy/byte-buddy-agent/1.7.9/byte-buddy-agent-1.7.9.jar:/home/user/.m2/repository/org/objenesis/objenesis/1.0/objenesis-1.0.jar:"/>
    <property name="sun.cpu.endian" value="little"/>
    <property name="user.home" value="/home/user"/>
    <property name="user.language" value="en"/>
    <property name="java.specification.vendor" value="Oracle Corporation"/>
    <property name="java.home" value="/usr/lib/jvm/java-1.8-openjdk/jre"/>
    <property name="java.security.krb5.conf" value="/workdir/hadoop-ozone/tools/target/test-classes/krb5.conf"/>
    <property name="basedir" value="/workdir/hadoop-ozone/tools"/>
    <property name="file.separator" value="/"/>
    <property name="line.separator" value="&#10;"/>
    <property name="java.vm.specification.vendor" value="Oracle Corporation"/>
    <property name="java.specification.name" value="Java Platform API Specification"/>
    <property name="java.awt.graphicsenv" value="sun.awt.X11GraphicsEnvironment"/>
    <property name="surefire.real.class.path" value="/workdir/hadoop-ozone/tools/target/surefire/surefirebooter7825729877074220698.jar"/>
    <property name="hadoop.log.dir" value="/workdir/hadoop-ozone/tools/target/log"/>
    <property name="sun.boot.class.path" value="/usr/lib/jvm/java-1.8-openjdk/jre/lib/resources.jar:/usr/lib/jvm/java-1.8-openjdk/jre/lib/rt.jar:/usr/lib/jvm/java-1.8-openjdk/jre/lib/sunrsasign.jar:/usr/lib/jvm/java-1.8-openjdk/jre/lib/jsse.jar:/usr/lib/jvm/java-1.8-openjdk/jre/lib/jce.jar:/usr/lib/jvm/java-1.8-openjdk/jre/lib/charsets.jar:/usr/lib/jvm/java-1.8-openjdk/jre/lib/jfr.jar:/usr/lib/jvm/java-1.8-openjdk/jre/classes"/>
    <property name="sun.management.compiler" value="HotSpot 64-Bit Tiered Compilers"/>
    <property name="java.runtime.version" value="1.8.0_212-b04"/>
    <property name="java.net.preferIPv4Stack" value="true"/>
    <property name="user.name" value="jenkins1000"/>
    <property name="path.separator" value=":"/>
    <property name="java.security.egd" value="file:///dev/urandom"/>
    <property name="os.version" value="3.10.0-957.12.2.el7.x86_64"/>
    <property name="java.endorsed.dirs" value="/usr/lib/jvm/java-1.8-openjdk/jre/lib/endorsed"/>
    <property name="java.runtime.name" value="OpenJDK Runtime Environment"/>
    <property name="file.encoding" value="UTF-8"/>
    <property name="java.vm.name" value="OpenJDK 64-Bit Server VM"/>
    <property name="test.build.webapps" value=""/>
    <property name="localRepository" value="/home/user/.m2/repository"/>
    <property name="java.vendor.url.bug" value="https://icedtea.classpath.org/bugzilla"/>
    <property name="java.io.tmpdir" value="/tmp"/>
    <property name="require.test.libhadoop" value=""/>
    <property name="java.version" value="1.8.0_212"/>
    <property name="user.dir" value="/workdir/hadoop-ozone/tools"/>
    <property name="os.arch" value="amd64"/>
    <property name="java.vm.specification.name" value="Java Virtual Machine Specification"/>
    <property name="test.build.classes" value="/workdir/hadoop-ozone/tools/target/test-classes"/>
    <property name="java.awt.printerjob" value="sun.print.PSPrinterJob"/>
    <property name="sun.os.patch.level" value="unknown"/>
    <property name="hadoop.tmp.dir" value="/workdir/hadoop-ozone/tools/target/tmp"/>
    <property name="java.library.path" value="/usr/lib/jvm/java-1.8-openjdk/jre/lib/amd64/server:/usr/lib/jvm/java-1.8-openjdk/jre/lib/amd64:/usr/lib/jvm/java-1.8-openjdk/jre/../lib/amd64:/workdir/hadoop-ozone/tools/target/native/target/usr/local/lib:/workdir/hadoop-ozone/tools/../../hadoop-common-project/hadoop-common/target/native/target/usr/local/lib:/usr/java/packages/lib/amd64:/usr/lib64:/lib64:/lib:/usr/lib"/>
    <property name="java.vm.info" value="mixed mode"/>
    <property name="java.vendor" value="IcedTea"/>
    <property name="java.vm.version" value="25.212-b04"/>
    <property name="java.ext.dirs" value="/usr/lib/jvm/java-1.8-openjdk/jre/lib/ext:/usr/java/packages/lib/ext"/>
    <property name="sun.io.unicode.encoding" value="UnicodeLittle"/>
    <property name="java.class.version" value="52.0"/>
  </properties>
  <testcase name="testRestart" classname="org.apache.hadoop.ozone.freon.TestFreonWithPipelineDestroy" time="695.951">
    <error message="Allocated 0 blocks. Requested 1 blocks" type="INTERNAL_ERROR org.apache.hadoop.ozone.om.exceptions.OMException">INTERNAL_ERROR org.apache.hadoop.ozone.om.exceptions.OMException: Allocated 0 blocks. Requested 1 blocks
	at org.apache.hadoop.ozone.om.protocolPB.OzoneManagerProtocolClientSideTranslatorPB.handleError(OzoneManagerProtocolClientSideTranslatorPB.java:724)
	at org.apache.hadoop.ozone.om.protocolPB.OzoneManagerProtocolClientSideTranslatorPB.allocateBlock(OzoneManagerProtocolClientSideTranslatorPB.java:756)
	at sun.reflect.NativeMethodAccessorImpl.invoke0(Native Method)
	at sun.reflect.NativeMethodAccessorImpl.invoke(NativeMethodAccessorImpl.java:62)
	at sun.reflect.DelegatingMethodAccessorImpl.invoke(DelegatingMethodAccessorImpl.java:43)
	at java.lang.reflect.Method.invoke(Method.java:498)
	at org.apache.hadoop.hdds.tracing.TraceAllMethod.invoke(TraceAllMethod.java:66)
	at com.sun.proxy.$Proxy37.allocateBlock(Unknown Source)
	at org.apache.hadoop.ozone.client.io.BlockOutputStreamEntryPool.allocateNewBlock(BlockOutputStreamEntryPool.java:248)
	at org.apache.hadoop.ozone.client.io.BlockOutputStreamEntryPool.allocateBlockIfNeeded(BlockOutputStreamEntryPool.java:296)
	at org.apache.hadoop.ozone.client.io.KeyOutputStream.handleWrite(KeyOutputStream.java:201)
	at org.apache.hadoop.ozone.client.io.KeyOutputStream.handleRetry(KeyOutputStream.java:376)
	at org.apache.hadoop.ozone.client.io.KeyOutputStream.handleException(KeyOutputStream.java:325)
	at org.apache.hadoop.ozone.client.io.KeyOutputStream.handleWrite(KeyOutputStream.java:231)
	at org.apache.hadoop.ozone.client.io.KeyOutputStream.write(KeyOutputStream.java:193)
	at org.apache.hadoop.ozone.client.io.OzoneOutputStream.write(OzoneOutputStream.java:49)
	at org.apache.hadoop.ozone.freon.RandomKeyGenerator.createKey(RandomKeyGenerator.java:708)
	at org.apache.hadoop.ozone.freon.RandomKeyGenerator.access$1100(RandomKeyGenerator.java:88)
	at org.apache.hadoop.ozone.freon.RandomKeyGenerator$ObjectCreator.run(RandomKeyGenerator.java:615)
	at java.util.concurrent.Executors$RunnableAdapter.call(Executors.java:511)
	at java.util.concurrent.FutureTask.run(FutureTask.java:266)
	at java.util.concurrent.ThreadPoolExecutor.runWorker(ThreadPoolExecutor.java:1149)
	at java.util.concurrent.ThreadPoolExecutor$Worker.run(ThreadPoolExecutor.java:624)
	at java.lang.Thread.run(Thread.java:748)
</error>
    <system-out><![CDATA[2019-09-16 17:56:23,317 [main] WARN  server.ServerUtils (ServerUtils.java:getScmDbDir(145)) - ozone.scm.db.dirs is not configured. We recommend adding this setting. Falling back to ozone.metadata.dirs instead.
2019-09-16 17:56:23,470 [main] WARN  server.ServerUtils (ServerUtils.java:getScmDbDir(145)) - ozone.scm.db.dirs is not configured. We recommend adding this setting. Falling back to ozone.metadata.dirs instead.
2019-09-16 17:56:23,473 [main] WARN  server.ServerUtils (ServerUtils.java:getScmDbDir(145)) - ozone.scm.db.dirs is not configured. We recommend adding this setting. Falling back to ozone.metadata.dirs instead.
2019-09-16 17:56:23,493 [main] INFO  util.log (Log.java:initialized(192)) - Logging initialized @990ms
2019-09-16 17:56:23,597 [main] INFO  db.DBStoreBuilder (DBStoreBuilder.java:addTable(110)) - using custom profile for table: deletedBlocks
2019-09-16 17:56:23,598 [main] INFO  db.DBStoreBuilder (DBStoreBuilder.java:processTables(161)) - Using default column profile:DBProfile.DISK for Table:deletedBlocks
2019-09-16 17:56:23,598 [main] INFO  db.DBStoreBuilder (DBStoreBuilder.java:addTable(110)) - using custom profile for table: validCerts
2019-09-16 17:56:23,598 [main] INFO  db.DBStoreBuilder (DBStoreBuilder.java:processTables(161)) - Using default column profile:DBProfile.DISK for Table:validCerts
2019-09-16 17:56:23,599 [main] INFO  db.DBStoreBuilder (DBStoreBuilder.java:addTable(110)) - using custom profile for table: revokedCerts
2019-09-16 17:56:23,599 [main] INFO  db.DBStoreBuilder (DBStoreBuilder.java:processTables(161)) - Using default column profile:DBProfile.DISK for Table:revokedCerts
2019-09-16 17:56:23,612 [main] INFO  db.DBStoreBuilder (DBStoreBuilder.java:addTable(110)) - using custom profile for table: default
2019-09-16 17:56:23,612 [main] INFO  db.DBStoreBuilder (DBStoreBuilder.java:processTables(167)) - Using default column profile:DBProfile.DISK for Table:default
2019-09-16 17:56:23,613 [main] INFO  db.DBStoreBuilder (DBStoreBuilder.java:getDbProfile(198)) - Using default options. DBProfile.DISK
2019-09-16 17:56:23,959 [main] INFO  net.NodeSchemaLoader (NodeSchemaLoader.java:loadSchemaFromFile(125)) - Loading file from sun.misc.CompoundEnumeration@48f2bd5b
2019-09-16 17:56:23,961 [main] INFO  net.NodeSchemaLoader (NodeSchemaLoader.java:loadSchema(171)) - Loading network topology layer schema file
2019-09-16 17:56:24,048 [main] INFO  node.SCMNodeManager (SCMNodeManager.java:<init>(114)) - Entering startup safe mode.
2019-09-16 17:56:24,122 [main] INFO  algorithms.ContainerPlacementPolicyFactory (ContainerPlacementPolicyFactory.java:getPolicy(57)) - Create container placement policy of type org.apache.hadoop.hdds.scm.container.placement.algorithms.SCMContainerPlacementRandom
2019-09-16 17:56:24,137 [main] WARN  server.ServerUtils (ServerUtils.java:getScmDbDir(145)) - ozone.scm.db.dirs is not configured. We recommend adding this setting. Falling back to ozone.metadata.dirs instead.
2019-09-16 17:56:24,233 [main] INFO  pipeline.SCMPipelineManager (SCMPipelineManager.java:initializePipelineState(128)) - No pipeline exists in current db
2019-09-16 17:56:24,236 [main] WARN  server.ServerUtils (ServerUtils.java:getScmDbDir(145)) - ozone.scm.db.dirs is not configured. We recommend adding this setting. Falling back to ozone.metadata.dirs instead.
2019-09-16 17:56:24,365 [main] WARN  events.EventQueue (EventQueue.java:fireEvent(183)) - No event handler registered for event TypedEvent{payloadType=SafeModeStatus, name='SafeModeStatus'}
2019-09-16 17:56:24,843 [main] INFO  ipc.CallQueueManager (CallQueueManager.java:<init>(84)) - Using callQueue: class java.util.concurrent.LinkedBlockingQueue, queueCapacity: 2000, scheduler: class org.apache.hadoop.ipc.DefaultRpcScheduler, ipcBackoff: false.
2019-09-16 17:56:24,880 [Socket Reader #1 for port 42230] INFO  ipc.Server (Server.java:run(1074)) - Starting Socket Reader #1 for port 42230
2019-09-16 17:56:25,083 [main] INFO  ipc.CallQueueManager (CallQueueManager.java:<init>(84)) - Using callQueue: class java.util.concurrent.LinkedBlockingQueue, queueCapacity: 2000, scheduler: class org.apache.hadoop.ipc.DefaultRpcScheduler, ipcBackoff: false.
2019-09-16 17:56:25,084 [Socket Reader #1 for port 45315] INFO  ipc.Server (Server.java:run(1074)) - Starting Socket Reader #1 for port 45315
2019-09-16 17:56:25,096 [main] INFO  ipc.CallQueueManager (CallQueueManager.java:<init>(84)) - Using callQueue: class java.util.concurrent.LinkedBlockingQueue, queueCapacity: 2000, scheduler: class org.apache.hadoop.ipc.DefaultRpcScheduler, ipcBackoff: false.
2019-09-16 17:56:25,097 [Socket Reader #1 for port 38853] INFO  ipc.Server (Server.java:run(1074)) - Starting Socket Reader #1 for port 38853
2019-09-16 17:56:25,128 [main] INFO  hdfs.DFSUtil (DFSUtil.java:httpServerTemplateForNNAndJN(1641)) - Starting Web-server for scm at: http://0.0.0.0:0
2019-09-16 17:56:25,319 [main] INFO  server.AuthenticationFilter (AuthenticationFilter.java:constructSecretProvider(240)) - Unable to initialize FileSignerSecretProvider, falling back to use random secrets.
2019-09-16 17:56:25,339 [main] WARN  http.HttpRequestLog (HttpRequestLog.java:getRequestLog(97)) - Jetty request log can only be enabled using Log4j
2019-09-16 17:56:25,350 [main] INFO  http.HttpServer2 (HttpServer2.java:addGlobalFilter(975)) - Added global filter 'safety' (class=org.apache.hadoop.http.HttpServer2$QuotingInputFilter)
2019-09-16 17:56:25,353 [main] INFO  http.HttpServer2 (HttpServer2.java:addFilter(948)) - Added filter static_user_filter (class=org.apache.hadoop.http.lib.StaticUserWebFilter$StaticUserFilter) to context scm
2019-09-16 17:56:25,354 [main] INFO  http.HttpServer2 (HttpServer2.java:addFilter(958)) - Added filter static_user_filter (class=org.apache.hadoop.http.lib.StaticUserWebFilter$StaticUserFilter) to context logs
2019-09-16 17:56:25,354 [main] INFO  http.HttpServer2 (HttpServer2.java:addFilter(958)) - Added filter static_user_filter (class=org.apache.hadoop.http.lib.StaticUserWebFilter$StaticUserFilter) to context static
2019-09-16 17:56:25,384 [main] INFO  server.StorageContainerManager (StorageContainerManager.java:start(763)) - StorageContainerLocationProtocol RPC server is listening at /0.0.0.0:38853
2019-09-16 17:56:25,441 [main] WARN  impl.MetricsConfig (MetricsConfig.java:loadFirst(134)) - Cannot locate configuration: tried hadoop-metrics2-storagecontainermanager.properties,hadoop-metrics2.properties
2019-09-16 17:56:25,455 [main] INFO  impl.MetricsSystemImpl (MetricsSystemImpl.java:startTimer(374)) - Scheduled Metric snapshot period at 10 second(s).
2019-09-16 17:56:25,455 [main] INFO  impl.MetricsSystemImpl (MetricsSystemImpl.java:start(191)) - StorageContainerManager metrics system started
2019-09-16 17:56:25,694 [main] INFO  server.SCMClientProtocolServer (SCMClientProtocolServer.java:start(151)) - RPC server for Client  is listening at /0.0.0.0:38853
2019-09-16 17:56:25,695 [IPC Server Responder] INFO  ipc.Server (Server.java:run(1314)) - IPC Server Responder: starting
2019-09-16 17:56:25,695 [IPC Server listener on 38853] INFO  ipc.Server (Server.java:run(1153)) - IPC Server listener on 38853: starting
2019-09-16 17:56:25,698 [main] INFO  server.StorageContainerManager (StorageContainerManager.java:start(773)) - ScmBlockLocationProtocol RPC server is listening at /0.0.0.0:45315
2019-09-16 17:56:25,699 [main] INFO  server.SCMBlockProtocolServer (SCMBlockProtocolServer.java:start(146)) - RPC server for Block Protocol is listening at /0.0.0.0:45315
2019-09-16 17:56:25,700 [IPC Server Responder] INFO  ipc.Server (Server.java:run(1314)) - IPC Server Responder: starting
2019-09-16 17:56:25,700 [IPC Server listener on 45315] INFO  ipc.Server (Server.java:run(1153)) - IPC Server listener on 45315: starting
2019-09-16 17:56:25,703 [main] INFO  server.StorageContainerManager (StorageContainerManager.java:start(777)) - ScmDatanodeProtocl RPC server is listening at /0.0.0.0:42230
2019-09-16 17:56:25,703 [main] INFO  server.SCMDatanodeProtocolServer (SCMDatanodeProtocolServer.java:start(191)) - RPC server for DataNodes is listening at /0.0.0.0:42230
2019-09-16 17:56:25,704 [IPC Server Responder] INFO  ipc.Server (Server.java:run(1314)) - IPC Server Responder: starting
2019-09-16 17:56:25,704 [IPC Server listener on 42230] INFO  ipc.Server (Server.java:run(1153)) - IPC Server listener on 42230: starting
2019-09-16 17:56:25,708 [main] INFO  http.HttpServer2 (HttpServer2.java:bindListener(1191)) - Jetty bound to port 32923
2019-09-16 17:56:25,709 [main] INFO  server.Server (Server.java:doStart(351)) - jetty-9.3.24.v20180605, build timestamp: 2018-06-05T17:11:56Z, git hash: 84205aa28f11a4f31f2a3b86d1bba2cc8ab69827
2019-09-16 17:56:25,744 [main] INFO  handler.ContextHandler (ContextHandler.java:doStart(781)) - Started o.e.j.s.ServletContextHandler@71cf1b07{/logs,file:///workdir/hadoop-ozone/tools/target/log,AVAILABLE}
2019-09-16 17:56:25,744 [main] INFO  handler.ContextHandler (ContextHandler.java:doStart(781)) - Started o.e.j.s.ServletContextHandler@43b6123e{/static,jar:file:/home/user/.m2/repository/org/apache/hadoop/hadoop-hdds-server-scm/0.5.0-SNAPSHOT/hadoop-hdds-server-scm-0.5.0-SNAPSHOT.jar!/webapps/static,AVAILABLE}
2019-09-16 17:56:25,813 [main] INFO  handler.ContextHandler (ContextHandler.java:doStart(781)) - Started o.e.j.w.WebAppContext@3574e198{/,file:///tmp/jetty-0.0.0.0-32923-scm-_-any-3166049096373378583.dir/webapp/,AVAILABLE}{/scm}
2019-09-16 17:56:25,818 [main] INFO  server.AbstractConnector (AbstractConnector.java:doStart(278)) - Started ServerConnector@3aa3193a{HTTP/1.1,[http/1.1]}{0.0.0.0:32923}
2019-09-16 17:56:25,818 [main] INFO  server.Server (Server.java:doStart(419)) - Started @3315ms
2019-09-16 17:56:25,820 [main] INFO  impl.MetricsSinkAdapter (MetricsSinkAdapter.java:start(204)) - Sink prometheus started
2019-09-16 17:56:25,820 [main] INFO  impl.MetricsSystemImpl (MetricsSystemImpl.java:registerSink(301)) - Registered sink prometheus
2019-09-16 17:56:25,822 [main] INFO  server.BaseHttpServer (BaseHttpServer.java:updateConnectorAddress(215)) - HTTP server of SCM is listening at http://0.0.0.0:32923
2019-09-16 17:56:25,832 [org.apache.hadoop.util.JvmPauseMonitor$Monitor@3b366632] INFO  util.JvmPauseMonitor (JvmPauseMonitor.java:run(188)) - Starting JVM pause monitor
2019-09-16 17:56:25,836 [main] WARN  server.ServerUtils (ServerUtils.java:getDBPath(222)) - ozone.om.db.dirs is not configured. We recommend adding this setting. Falling back to ozone.metadata.dirs instead.
2019-09-16 17:56:25,959 [main] WARN  server.ServerUtils (ServerUtils.java:getDBPath(222)) - ozone.om.db.dirs is not configured. We recommend adding this setting. Falling back to ozone.metadata.dirs instead.
2019-09-16 17:56:25,959 [main] WARN  server.ServerUtils (ServerUtils.java:getDBPath(222)) - ozone.om.db.dirs is not configured. We recommend adding this setting. Falling back to ozone.metadata.dirs instead.
2019-09-16 17:56:25,960 [main] INFO  om.OzoneManager (OzoneManager.java:setOMNodeDetails(649)) - OM Service ID is not set. Setting it to the default ID: omServiceIdDefault
2019-09-16 17:56:25,961 [main] INFO  om.OzoneManager (OzoneManager.java:setOMNodeDetails(655)) - OM Node ID is not set. Setting it to the OmStorage's OmID: 357b1fd8-8653-4d29-a30f-b750863d9308
2019-09-16 17:56:25,962 [main] INFO  om.OzoneManager (OzoneManager.java:loadOMHAConfigs(606)) - Found matching OM address with OMServiceId: null, OMNodeId: null, RPC Address: localhost:0 and Ratis port: 9872
2019-09-16 17:56:26,754 [main] WARN  server.ServerUtils (ServerUtils.java:getDBPath(222)) - ozone.om.db.dirs is not configured. We recommend adding this setting. Falling back to ozone.metadata.dirs instead.
2019-09-16 17:56:26,767 [main] INFO  db.DBStoreBuilder (DBStoreBuilder.java:addTable(110)) - using custom profile for table: userTable
2019-09-16 17:56:26,768 [main] INFO  db.DBStoreBuilder (DBStoreBuilder.java:processTables(161)) - Using default column profile:DBProfile.DISK for Table:userTable
2019-09-16 17:56:26,768 [main] INFO  db.DBStoreBuilder (DBStoreBuilder.java:addTable(110)) - using custom profile for table: volumeTable
2019-09-16 17:56:26,769 [main] INFO  db.DBStoreBuilder (DBStoreBuilder.java:processTables(161)) - Using default column profile:DBProfile.DISK for Table:volumeTable
2019-09-16 17:56:26,769 [main] INFO  db.DBStoreBuilder (DBStoreBuilder.java:addTable(110)) - using custom profile for table: bucketTable
2019-09-16 17:56:26,770 [main] INFO  db.DBStoreBuilder (DBStoreBuilder.java:processTables(161)) - Using default column profile:DBProfile.DISK for Table:bucketTable
2019-09-16 17:56:26,770 [main] INFO  db.DBStoreBuilder (DBStoreBuilder.java:addTable(110)) - using custom profile for table: keyTable
2019-09-16 17:56:26,770 [main] INFO  db.DBStoreBuilder (DBStoreBuilder.java:processTables(161)) - Using default column profile:DBProfile.DISK for Table:keyTable
2019-09-16 17:56:26,771 [main] INFO  db.DBStoreBuilder (DBStoreBuilder.java:addTable(110)) - using custom profile for table: deletedTable
2019-09-16 17:56:26,771 [main] INFO  db.DBStoreBuilder (DBStoreBuilder.java:processTables(161)) - Using default column profile:DBProfile.DISK for Table:deletedTable
2019-09-16 17:56:26,772 [main] INFO  db.DBStoreBuilder (DBStoreBuilder.java:addTable(110)) - using custom profile for table: openKeyTable
2019-09-16 17:56:26,772 [main] INFO  db.DBStoreBuilder (DBStoreBuilder.java:processTables(161)) - Using default column profile:DBProfile.DISK for Table:openKeyTable
2019-09-16 17:56:26,772 [main] INFO  db.DBStoreBuilder (DBStoreBuilder.java:addTable(110)) - using custom profile for table: s3Table
2019-09-16 17:56:26,773 [main] INFO  db.DBStoreBuilder (DBStoreBuilder.java:processTables(161)) - Using default column profile:DBProfile.DISK for Table:s3Table
2019-09-16 17:56:26,773 [main] INFO  db.DBStoreBuilder (DBStoreBuilder.java:addTable(110)) - using custom profile for table: multipartInfoTable
2019-09-16 17:56:26,773 [main] INFO  db.DBStoreBuilder (DBStoreBuilder.java:processTables(161)) - Using default column profile:DBProfile.DISK for Table:multipartInfoTable
2019-09-16 17:56:26,774 [main] INFO  db.DBStoreBuilder (DBStoreBuilder.java:addTable(110)) - using custom profile for table: dTokenTable
2019-09-16 17:56:26,774 [main] INFO  db.DBStoreBuilder (DBStoreBuilder.java:processTables(161)) - Using default column profile:DBProfile.DISK for Table:dTokenTable
2019-09-16 17:56:26,775 [main] INFO  db.DBStoreBuilder (DBStoreBuilder.java:addTable(110)) - using custom profile for table: s3SecretTable
2019-09-16 17:56:26,775 [main] INFO  db.DBStoreBuilder (DBStoreBuilder.java:processTables(161)) - Using default column profile:DBProfile.DISK for Table:s3SecretTable
2019-09-16 17:56:26,776 [main] INFO  db.DBStoreBuilder (DBStoreBuilder.java:addTable(110)) - using custom profile for table: prefixTable
2019-09-16 17:56:26,776 [main] INFO  db.DBStoreBuilder (DBStoreBuilder.java:processTables(161)) - Using default column profile:DBProfile.DISK for Table:prefixTable
2019-09-16 17:56:26,776 [main] INFO  db.DBStoreBuilder (DBStoreBuilder.java:addTable(110)) - using custom profile for table: default
2019-09-16 17:56:26,777 [main] INFO  db.DBStoreBuilder (DBStoreBuilder.java:processTables(167)) - Using default column profile:DBProfile.DISK for Table:default
2019-09-16 17:56:26,777 [main] INFO  db.DBStoreBuilder (DBStoreBuilder.java:getDbProfile(198)) - Using default options. DBProfile.DISK
2019-09-16 17:56:27,389 [main] INFO  ipc.CallQueueManager (CallQueueManager.java:<init>(84)) - Using callQueue: class java.util.concurrent.LinkedBlockingQueue, queueCapacity: 2000, scheduler: class org.apache.hadoop.ipc.DefaultRpcScheduler, ipcBackoff: false.
2019-09-16 17:56:27,390 [Socket Reader #1 for port 39534] INFO  ipc.Server (Server.java:run(1074)) - Starting Socket Reader #1 for port 39534
2019-09-16 17:56:27,413 [main] INFO  om.OzoneManager (OzoneManager.java:start(1240)) - OzoneManager RPC server is listening at localhost/127.0.0.1:39534
2019-09-16 17:56:27,413 [main] INFO  impl.MetricsSystemImpl (MetricsSystemImpl.java:init(158)) - OzoneManager metrics system started (again)
2019-09-16 17:56:27,415 [IPC Server Responder] INFO  ipc.Server (Server.java:run(1314)) - IPC Server Responder: starting
2019-09-16 17:56:27,415 [IPC Server listener on 39534] INFO  ipc.Server (Server.java:run(1153)) - IPC Server listener on 39534: starting
2019-09-16 17:56:27,421 [main] INFO  hdfs.DFSUtil (DFSUtil.java:httpServerTemplateForNNAndJN(1641)) - Starting Web-server for ozoneManager at: http://0.0.0.0:0
2019-09-16 17:56:27,425 [main] INFO  server.AuthenticationFilter (AuthenticationFilter.java:constructSecretProvider(240)) - Unable to initialize FileSignerSecretProvider, falling back to use random secrets.
2019-09-16 17:56:27,426 [main] WARN  http.HttpRequestLog (HttpRequestLog.java:getRequestLog(97)) - Jetty request log can only be enabled using Log4j
2019-09-16 17:56:27,429 [main] INFO  http.HttpServer2 (HttpServer2.java:addGlobalFilter(975)) - Added global filter 'safety' (class=org.apache.hadoop.http.HttpServer2$QuotingInputFilter)
2019-09-16 17:56:27,431 [main] INFO  http.HttpServer2 (HttpServer2.java:addFilter(948)) - Added filter static_user_filter (class=org.apache.hadoop.http.lib.StaticUserWebFilter$StaticUserFilter) to context ozoneManager
2019-09-16 17:56:27,431 [main] INFO  http.HttpServer2 (HttpServer2.java:addFilter(958)) - Added filter static_user_filter (class=org.apache.hadoop.http.lib.StaticUserWebFilter$StaticUserFilter) to context static
2019-09-16 17:56:27,431 [main] INFO  http.HttpServer2 (HttpServer2.java:addFilter(958)) - Added filter static_user_filter (class=org.apache.hadoop.http.lib.StaticUserWebFilter$StaticUserFilter) to context logs
2019-09-16 17:56:27,434 [main] INFO  http.HttpServer2 (HttpServer2.java:bindListener(1191)) - Jetty bound to port 34833
2019-09-16 17:56:27,435 [main] INFO  server.Server (Server.java:doStart(351)) - jetty-9.3.24.v20180605, build timestamp: 2018-06-05T17:11:56Z, git hash: 84205aa28f11a4f31f2a3b86d1bba2cc8ab69827
2019-09-16 17:56:27,438 [main] INFO  handler.ContextHandler (ContextHandler.java:doStart(781)) - Started o.e.j.s.ServletContextHandler@67dba613{/logs,file:///workdir/hadoop-ozone/tools/target/log,AVAILABLE}
2019-09-16 17:56:27,439 [main] INFO  handler.ContextHandler (ContextHandler.java:doStart(781)) - Started o.e.j.s.ServletContextHandler@5cf8edcf{/static,jar:file:/home/user/.m2/repository/org/apache/hadoop/hadoop-ozone-ozone-manager/0.5.0-SNAPSHOT/hadoop-ozone-ozone-manager-0.5.0-SNAPSHOT.jar!/webapps/static,AVAILABLE}
2019-09-16 17:56:27,503 [main] INFO  handler.ContextHandler (ContextHandler.java:doStart(781)) - Started o.e.j.w.WebAppContext@7df60067{/,file:///tmp/jetty-0.0.0.0-34833-ozoneManager-_-any-1201142888945634010.dir/webapp/,AVAILABLE}{/ozoneManager}
2019-09-16 17:56:27,503 [main] INFO  server.AbstractConnector (AbstractConnector.java:doStart(278)) - Started ServerConnector@1cbb3d3b{HTTP/1.1,[http/1.1]}{0.0.0.0:34833}
2019-09-16 17:56:27,504 [main] INFO  server.Server (Server.java:doStart(419)) - Started @5001ms
2019-09-16 17:56:27,505 [main] WARN  impl.MetricsSystemImpl (MetricsSystemImpl.java:register(276)) - Sink prometheus already exists!
2019-09-16 17:56:27,506 [main] INFO  server.BaseHttpServer (BaseHttpServer.java:updateConnectorAddress(215)) - HTTP server of OZONEMANAGER is listening at http://0.0.0.0:34833
2019-09-16 17:56:27,884 [main] INFO  impl.MetricsSystemImpl (MetricsSystemImpl.java:init(158)) - HddsDatanode metrics system started (again)
2019-09-16 17:56:27,933 [main] INFO  ozone.HddsDatanodeService (HddsDatanodeService.java:start(184)) - HddsDatanodeService host:pr-hdds-2120-x62sn-1884063469 ip:192.168.157.233
2019-09-16 17:56:27,966 [main] INFO  volume.HddsVolume (HddsVolume.java:<init>(176)) - Creating Volume: /workdir/hadoop-ozone/tools/target/test-dir/MiniOzoneClusterImpl-15d0669d-b250-4261-9bfd-fa60101ddcc7/datanode-0/data/containers/hdds of  storage type : DISK and capacity : 1482555576320
2019-09-16 17:56:27,968 [main] INFO  volume.VolumeSet (VolumeSet.java:initializeVolumeSet(170)) - Added Volume : /workdir/hadoop-ozone/tools/target/test-dir/MiniOzoneClusterImpl-15d0669d-b250-4261-9bfd-fa60101ddcc7/datanode-0/data/containers/hdds to VolumeSet
2019-09-16 17:56:27,971 [main] INFO  volume.ThrottledAsyncChecker (ThrottledAsyncChecker.java:schedule(139)) - Scheduling a check for org.apache.hadoop.ozone.container.common.volume.HddsVolume@26a4551a
2019-09-16 17:56:27,989 [main] INFO  volume.HddsVolumeChecker (HddsVolumeChecker.java:checkAllVolumes(202)) - Scheduled health check for volume org.apache.hadoop.ozone.container.common.volume.HddsVolume@26a4551a
2019-09-16 17:56:28,100 [main] INFO  impl.RaftServerProxy (ConfUtils.java:logGet(43)) - raft.rpc.type = GRPC (default)
2019-09-16 17:56:28,169 [main] INFO  grpc.GrpcFactory (GrpcFactory.java:checkPooledByteBufAllocatorUseCacheForAllThreads(45)) - PERFORMANCE WARNING: useCacheForAllThreads is true that may cause Netty to create a lot garbage objects and, as a result, trigger GC.
	It is recommended to disable useCacheForAllThreads by setting -Dorg.apache.ratis.thirdparty.io.netty.allocator.useCacheForAllThreads=false in command line.
2019-09-16 17:56:28,174 [main] INFO  grpc.GrpcConfigKeys$Server (ConfUtils.java:logGet(43)) - raft.grpc.server.port = 0 (default)
2019-09-16 17:56:28,175 [main] INFO  server.GrpcService (ConfUtils.java:logGet(43)) - raft.grpc.message.size.max = 33570816 (custom)
2019-09-16 17:56:28,177 [main] INFO  server.RaftServerConfigKeys (ConfUtils.java:logGet(43)) - raft.server.log.appender.buffer.byte-limit = 33554432 (custom)
2019-09-16 17:56:28,178 [main] INFO  server.GrpcService (ConfUtils.java:logGet(43)) - raft.grpc.flow.control.window = 1MB (=1048576) (default)
2019-09-16 17:56:28,178 [main] INFO  server.RaftServerConfigKeys (ConfUtils.java:logGet(43)) - raft.server.rpc.request.timeout = 3000ms (default)
2019-09-16 17:56:28,360 [main] INFO  server.RaftServerConfigKeys (ConfUtils.java:logGet(43)) - raft.server.storage.dir = [/workdir/hadoop-ozone/tools/target/test-dir/MiniOzoneClusterImpl-15d0669d-b250-4261-9bfd-fa60101ddcc7/datanode-0/data/ratis] (custom)
2019-09-16 17:56:28,428 [main] INFO  hdfs.DFSUtil (DFSUtil.java:httpServerTemplateForNNAndJN(1641)) - Starting Web-server for hddsDatanode at: http://0.0.0.0:0
2019-09-16 17:56:28,430 [main] INFO  server.AuthenticationFilter (AuthenticationFilter.java:constructSecretProvider(240)) - Unable to initialize FileSignerSecretProvider, falling back to use random secrets.
2019-09-16 17:56:28,431 [main] WARN  http.HttpRequestLog (HttpRequestLog.java:getRequestLog(97)) - Jetty request log can only be enabled using Log4j
2019-09-16 17:56:28,433 [main] INFO  http.HttpServer2 (HttpServer2.java:addGlobalFilter(975)) - Added global filter 'safety' (class=org.apache.hadoop.http.HttpServer2$QuotingInputFilter)
2019-09-16 17:56:28,434 [main] INFO  http.HttpServer2 (HttpServer2.java:addFilter(948)) - Added filter static_user_filter (class=org.apache.hadoop.http.lib.StaticUserWebFilter$StaticUserFilter) to context hddsDatanode
2019-09-16 17:56:28,434 [main] INFO  http.HttpServer2 (HttpServer2.java:addFilter(958)) - Added filter static_user_filter (class=org.apache.hadoop.http.lib.StaticUserWebFilter$StaticUserFilter) to context logs
2019-09-16 17:56:28,434 [main] INFO  http.HttpServer2 (HttpServer2.java:addFilter(958)) - Added filter static_user_filter (class=org.apache.hadoop.http.lib.StaticUserWebFilter$StaticUserFilter) to context static
2019-09-16 17:56:28,435 [main] INFO  http.HttpServer2 (HttpServer2.java:bindListener(1191)) - Jetty bound to port 45298
2019-09-16 17:56:28,436 [main] INFO  server.Server (Server.java:doStart(351)) - jetty-9.3.24.v20180605, build timestamp: 2018-06-05T17:11:56Z, git hash: 84205aa28f11a4f31f2a3b86d1bba2cc8ab69827
2019-09-16 17:56:28,438 [main] INFO  handler.ContextHandler (ContextHandler.java:doStart(781)) - Started o.e.j.s.ServletContextHandler@6d1dcdff{/logs,file:///workdir/hadoop-ozone/tools/target/log,AVAILABLE}
2019-09-16 17:56:28,439 [main] INFO  handler.ContextHandler (ContextHandler.java:doStart(781)) - Started o.e.j.s.ServletContextHandler@7ff35a3f{/static,jar:file:/home/user/.m2/repository/org/apache/hadoop/hadoop-hdds-container-service/0.5.0-SNAPSHOT/hadoop-hdds-container-service-0.5.0-SNAPSHOT.jar!/webapps/static,AVAILABLE}
2019-09-16 17:56:28,468 [main] INFO  handler.ContextHandler (ContextHandler.java:doStart(781)) - Started o.e.j.w.WebAppContext@a66e580{/,file:///tmp/jetty-0.0.0.0-45298-hddsDatanode-_-any-2593236023380932662.dir/webapp/,AVAILABLE}{/hddsDatanode}
2019-09-16 17:56:28,468 [main] INFO  server.AbstractConnector (AbstractConnector.java:doStart(278)) - Started ServerConnector@5b852b49{HTTP/1.1,[http/1.1]}{0.0.0.0:45298}
2019-09-16 17:56:28,469 [main] INFO  server.Server (Server.java:doStart(419)) - Started @5966ms
2019-09-16 17:56:28,469 [main] WARN  impl.MetricsSystemImpl (MetricsSystemImpl.java:register(276)) - Sink prometheus already exists!
2019-09-16 17:56:28,471 [main] INFO  server.BaseHttpServer (BaseHttpServer.java:updateConnectorAddress(215)) - HTTP server of HDDSDATANODE is listening at http://0.0.0.0:45298
2019-09-16 17:56:28,472 [main] INFO  impl.MetricsSystemImpl (MetricsSystemImpl.java:init(158)) - HddsDatanode metrics system started (again)
2019-09-16 17:56:28,475 [main] INFO  ozone.HddsDatanodeService (HddsDatanodeService.java:start(184)) - HddsDatanodeService host:pr-hdds-2120-x62sn-1884063469 ip:192.168.157.233
2019-09-16 17:56:28,480 [org.apache.hadoop.util.JvmPauseMonitor$Monitor@2257c2dd] INFO  util.JvmPauseMonitor (JvmPauseMonitor.java:run(188)) - Starting JVM pause monitor
2019-09-16 17:56:28,485 [main] INFO  volume.HddsVolume (HddsVolume.java:<init>(176)) - Creating Volume: /workdir/hadoop-ozone/tools/target/test-dir/MiniOzoneClusterImpl-15d0669d-b250-4261-9bfd-fa60101ddcc7/datanode-1/data/containers/hdds of  storage type : DISK and capacity : 1482555576320
2019-09-16 17:56:28,485 [main] INFO  volume.VolumeSet (VolumeSet.java:initializeVolumeSet(170)) - Added Volume : /workdir/hadoop-ozone/tools/target/test-dir/MiniOzoneClusterImpl-15d0669d-b250-4261-9bfd-fa60101ddcc7/datanode-1/data/containers/hdds to VolumeSet
2019-09-16 17:56:28,486 [main] INFO  volume.ThrottledAsyncChecker (ThrottledAsyncChecker.java:schedule(139)) - Scheduling a check for org.apache.hadoop.ozone.container.common.volume.HddsVolume@5f7989fa
2019-09-16 17:56:28,487 [main] INFO  volume.HddsVolumeChecker (HddsVolumeChecker.java:checkAllVolumes(202)) - Scheduled health check for volume org.apache.hadoop.ozone.container.common.volume.HddsVolume@5f7989fa
2019-09-16 17:56:28,504 [main] INFO  impl.RaftServerProxy (ConfUtils.java:logGet(43)) - raft.rpc.type = GRPC (default)
2019-09-16 17:56:28,504 [main] INFO  grpc.GrpcFactory (GrpcFactory.java:checkPooledByteBufAllocatorUseCacheForAllThreads(45)) - PERFORMANCE WARNING: useCacheForAllThreads is true that may cause Netty to create a lot garbage objects and, as a result, trigger GC.
	It is recommended to disable useCacheForAllThreads by setting -Dorg.apache.ratis.thirdparty.io.netty.allocator.useCacheForAllThreads=false in command line.
2019-09-16 17:56:28,504 [main] INFO  grpc.GrpcConfigKeys$Server (ConfUtils.java:logGet(43)) - raft.grpc.server.port = 0 (default)
2019-09-16 17:56:28,504 [main] INFO  server.GrpcService (ConfUtils.java:logGet(43)) - raft.grpc.message.size.max = 33570816 (custom)
2019-09-16 17:56:28,505 [main] INFO  server.RaftServerConfigKeys (ConfUtils.java:logGet(43)) - raft.server.log.appender.buffer.byte-limit = 33554432 (custom)
2019-09-16 17:56:28,505 [main] INFO  server.GrpcService (ConfUtils.java:logGet(43)) - raft.grpc.flow.control.window = 1MB (=1048576) (default)
2019-09-16 17:56:28,505 [main] INFO  server.RaftServerConfigKeys (ConfUtils.java:logGet(43)) - raft.server.rpc.request.timeout = 3000ms (default)
2019-09-16 17:56:28,506 [main] INFO  server.RaftServerConfigKeys (ConfUtils.java:logGet(43)) - raft.server.storage.dir = [/workdir/hadoop-ozone/tools/target/test-dir/MiniOzoneClusterImpl-15d0669d-b250-4261-9bfd-fa60101ddcc7/datanode-1/data/ratis] (custom)
2019-09-16 17:56:28,507 [main] INFO  hdfs.DFSUtil (DFSUtil.java:httpServerTemplateForNNAndJN(1641)) - Starting Web-server for hddsDatanode at: http://0.0.0.0:0
2019-09-16 17:56:28,509 [main] INFO  server.AuthenticationFilter (AuthenticationFilter.java:constructSecretProvider(240)) - Unable to initialize FileSignerSecretProvider, falling back to use random secrets.
2019-09-16 17:56:28,509 [main] WARN  http.HttpRequestLog (HttpRequestLog.java:getRequestLog(97)) - Jetty request log can only be enabled using Log4j
2019-09-16 17:56:28,511 [main] INFO  http.HttpServer2 (HttpServer2.java:addGlobalFilter(975)) - Added global filter 'safety' (class=org.apache.hadoop.http.HttpServer2$QuotingInputFilter)
2019-09-16 17:56:28,512 [main] INFO  http.HttpServer2 (HttpServer2.java:addFilter(948)) - Added filter static_user_filter (class=org.apache.hadoop.http.lib.StaticUserWebFilter$StaticUserFilter) to context hddsDatanode
2019-09-16 17:56:28,512 [main] INFO  http.HttpServer2 (HttpServer2.java:addFilter(958)) - Added filter static_user_filter (class=org.apache.hadoop.http.lib.StaticUserWebFilter$StaticUserFilter) to context static
2019-09-16 17:56:28,512 [main] INFO  http.HttpServer2 (HttpServer2.java:addFilter(958)) - Added filter static_user_filter (class=org.apache.hadoop.http.lib.StaticUserWebFilter$StaticUserFilter) to context logs
2019-09-16 17:56:28,513 [main] INFO  http.HttpServer2 (HttpServer2.java:bindListener(1191)) - Jetty bound to port 40235
2019-09-16 17:56:28,513 [main] INFO  server.Server (Server.java:doStart(351)) - jetty-9.3.24.v20180605, build timestamp: 2018-06-05T17:11:56Z, git hash: 84205aa28f11a4f31f2a3b86d1bba2cc8ab69827
2019-09-16 17:56:28,517 [main] INFO  handler.ContextHandler (ContextHandler.java:doStart(781)) - Started o.e.j.s.ServletContextHandler@277b8fa4{/logs,file:///workdir/hadoop-ozone/tools/target/log,AVAILABLE}
2019-09-16 17:56:28,518 [main] INFO  handler.ContextHandler (ContextHandler.java:doStart(781)) - Started o.e.j.s.ServletContextHandler@620c8641{/static,jar:file:/home/user/.m2/repository/org/apache/hadoop/hadoop-hdds-container-service/0.5.0-SNAPSHOT/hadoop-hdds-container-service-0.5.0-SNAPSHOT.jar!/webapps/static,AVAILABLE}
2019-09-16 17:56:28,547 [main] INFO  handler.ContextHandler (ContextHandler.java:doStart(781)) - Started o.e.j.w.WebAppContext@7bc44ce8{/,file:///tmp/jetty-0.0.0.0-40235-hddsDatanode-_-any-2524279432525164038.dir/webapp/,AVAILABLE}{/hddsDatanode}
2019-09-16 17:56:28,547 [main] INFO  server.AbstractConnector (AbstractConnector.java:doStart(278)) - Started ServerConnector@59072e9d{HTTP/1.1,[http/1.1]}{0.0.0.0:40235}
2019-09-16 17:56:28,548 [main] INFO  server.Server (Server.java:doStart(419)) - Started @6045ms
2019-09-16 17:56:28,548 [main] WARN  impl.MetricsSystemImpl (MetricsSystemImpl.java:register(276)) - Sink prometheus already exists!
2019-09-16 17:56:28,550 [main] INFO  server.BaseHttpServer (BaseHttpServer.java:updateConnectorAddress(215)) - HTTP server of HDDSDATANODE is listening at http://0.0.0.0:40235
2019-09-16 17:56:28,551 [main] INFO  impl.MetricsSystemImpl (MetricsSystemImpl.java:init(158)) - HddsDatanode metrics system started (again)
2019-09-16 17:56:28,554 [main] INFO  ozone.HddsDatanodeService (HddsDatanodeService.java:start(184)) - HddsDatanodeService host:pr-hdds-2120-x62sn-1884063469 ip:192.168.157.233
2019-09-16 17:56:28,554 [org.apache.hadoop.util.JvmPauseMonitor$Monitor@64b8cff8] INFO  util.JvmPauseMonitor (JvmPauseMonitor.java:run(188)) - Starting JVM pause monitor
2019-09-16 17:56:28,563 [main] INFO  volume.HddsVolume (HddsVolume.java:<init>(176)) - Creating Volume: /workdir/hadoop-ozone/tools/target/test-dir/MiniOzoneClusterImpl-15d0669d-b250-4261-9bfd-fa60101ddcc7/datanode-2/data/containers/hdds of  storage type : DISK and capacity : 1482555576320
2019-09-16 17:56:28,565 [main] INFO  volume.VolumeSet (VolumeSet.java:initializeVolumeSet(170)) - Added Volume : /workdir/hadoop-ozone/tools/target/test-dir/MiniOzoneClusterImpl-15d0669d-b250-4261-9bfd-fa60101ddcc7/datanode-2/data/containers/hdds to VolumeSet
2019-09-16 17:56:28,565 [main] INFO  volume.ThrottledAsyncChecker (ThrottledAsyncChecker.java:schedule(139)) - Scheduling a check for org.apache.hadoop.ozone.container.common.volume.HddsVolume@7baf1f5a
2019-09-16 17:56:28,566 [main] INFO  volume.HddsVolumeChecker (HddsVolumeChecker.java:checkAllVolumes(202)) - Scheduled health check for volume org.apache.hadoop.ozone.container.common.volume.HddsVolume@7baf1f5a
2019-09-16 17:56:28,583 [main] INFO  impl.RaftServerProxy (ConfUtils.java:logGet(43)) - raft.rpc.type = GRPC (default)
2019-09-16 17:56:28,583 [main] INFO  grpc.GrpcFactory (GrpcFactory.java:checkPooledByteBufAllocatorUseCacheForAllThreads(45)) - PERFORMANCE WARNING: useCacheForAllThreads is true that may cause Netty to create a lot garbage objects and, as a result, trigger GC.
	It is recommended to disable useCacheForAllThreads by setting -Dorg.apache.ratis.thirdparty.io.netty.allocator.useCacheForAllThreads=false in command line.
2019-09-16 17:56:28,584 [main] INFO  grpc.GrpcConfigKeys$Server (ConfUtils.java:logGet(43)) - raft.grpc.server.port = 0 (default)
2019-09-16 17:56:28,584 [main] INFO  server.GrpcService (ConfUtils.java:logGet(43)) - raft.grpc.message.size.max = 33570816 (custom)
2019-09-16 17:56:28,584 [main] INFO  server.RaftServerConfigKeys (ConfUtils.java:logGet(43)) - raft.server.log.appender.buffer.byte-limit = 33554432 (custom)
2019-09-16 17:56:28,584 [main] INFO  server.GrpcService (ConfUtils.java:logGet(43)) - raft.grpc.flow.control.window = 1MB (=1048576) (default)
2019-09-16 17:56:28,585 [main] INFO  server.RaftServerConfigKeys (ConfUtils.java:logGet(43)) - raft.server.rpc.request.timeout = 3000ms (default)
2019-09-16 17:56:28,585 [main] INFO  server.RaftServerConfigKeys (ConfUtils.java:logGet(43)) - raft.server.storage.dir = [/workdir/hadoop-ozone/tools/target/test-dir/MiniOzoneClusterImpl-15d0669d-b250-4261-9bfd-fa60101ddcc7/datanode-2/data/ratis] (custom)
2019-09-16 17:56:28,587 [main] INFO  hdfs.DFSUtil (DFSUtil.java:httpServerTemplateForNNAndJN(1641)) - Starting Web-server for hddsDatanode at: http://0.0.0.0:0
2019-09-16 17:56:28,589 [main] INFO  server.AuthenticationFilter (AuthenticationFilter.java:constructSecretProvider(240)) - Unable to initialize FileSignerSecretProvider, falling back to use random secrets.
2019-09-16 17:56:28,589 [main] WARN  http.HttpRequestLog (HttpRequestLog.java:getRequestLog(97)) - Jetty request log can only be enabled using Log4j
2019-09-16 17:56:28,591 [main] INFO  http.HttpServer2 (HttpServer2.java:addGlobalFilter(975)) - Added global filter 'safety' (class=org.apache.hadoop.http.HttpServer2$QuotingInputFilter)
2019-09-16 17:56:28,592 [main] INFO  http.HttpServer2 (HttpServer2.java:addFilter(948)) - Added filter static_user_filter (class=org.apache.hadoop.http.lib.StaticUserWebFilter$StaticUserFilter) to context hddsDatanode
2019-09-16 17:56:28,592 [main] INFO  http.HttpServer2 (HttpServer2.java:addFilter(958)) - Added filter static_user_filter (class=org.apache.hadoop.http.lib.StaticUserWebFilter$StaticUserFilter) to context logs
2019-09-16 17:56:28,592 [main] INFO  http.HttpServer2 (HttpServer2.java:addFilter(958)) - Added filter static_user_filter (class=org.apache.hadoop.http.lib.StaticUserWebFilter$StaticUserFilter) to context static
2019-09-16 17:56:28,593 [main] INFO  http.HttpServer2 (HttpServer2.java:bindListener(1191)) - Jetty bound to port 42704
2019-09-16 17:56:28,593 [main] INFO  server.Server (Server.java:doStart(351)) - jetty-9.3.24.v20180605, build timestamp: 2018-06-05T17:11:56Z, git hash: 84205aa28f11a4f31f2a3b86d1bba2cc8ab69827
2019-09-16 17:56:28,596 [main] INFO  handler.ContextHandler (ContextHandler.java:doStart(781)) - Started o.e.j.s.ServletContextHandler@28da7d11{/logs,file:///workdir/hadoop-ozone/tools/target/log,AVAILABLE}
2019-09-16 17:56:28,597 [main] INFO  handler.ContextHandler (ContextHandler.java:doStart(781)) - Started o.e.j.s.ServletContextHandler@5624657a{/static,jar:file:/home/user/.m2/repository/org/apache/hadoop/hadoop-hdds-container-service/0.5.0-SNAPSHOT/hadoop-hdds-container-service-0.5.0-SNAPSHOT.jar!/webapps/static,AVAILABLE}
2019-09-16 17:56:28,618 [Datanode State Machine Thread - 0] INFO  datanode.InitDatanodeState (InitDatanodeState.java:persistContainerDatanodeDetails(140)) - DatanodeDetails is persisted to /workdir/hadoop-ozone/tools/target/test-dir/MiniOzoneClusterImpl-15d0669d-b250-4261-9bfd-fa60101ddcc7/datanode-0/meta/datanode.id
2019-09-16 17:56:28,624 [Datanode State Machine Thread - 0] INFO  datanode.InitDatanodeState (InitDatanodeState.java:persistContainerDatanodeDetails(140)) - DatanodeDetails is persisted to /workdir/hadoop-ozone/tools/target/test-dir/MiniOzoneClusterImpl-15d0669d-b250-4261-9bfd-fa60101ddcc7/datanode-1/meta/datanode.id
2019-09-16 17:56:28,630 [main] INFO  handler.ContextHandler (ContextHandler.java:doStart(781)) - Started o.e.j.w.WebAppContext@5dd903be{/,file:///tmp/jetty-0.0.0.0-42704-hddsDatanode-_-any-2080351823919519093.dir/webapp/,AVAILABLE}{/hddsDatanode}
2019-09-16 17:56:28,631 [main] INFO  server.AbstractConnector (AbstractConnector.java:doStart(278)) - Started ServerConnector@12e0f1cb{HTTP/1.1,[http/1.1]}{0.0.0.0:42704}
2019-09-16 17:56:28,632 [main] INFO  server.Server (Server.java:doStart(419)) - Started @6128ms
2019-09-16 17:56:28,632 [main] WARN  impl.MetricsSystemImpl (MetricsSystemImpl.java:register(276)) - Sink prometheus already exists!
2019-09-16 17:56:28,634 [main] INFO  server.BaseHttpServer (BaseHttpServer.java:updateConnectorAddress(215)) - HTTP server of HDDSDATANODE is listening at http://0.0.0.0:42704
2019-09-16 17:56:28,636 [main] INFO  ozone.MiniOzoneClusterImpl (MiniOzoneClusterImpl.java:lambda$waitForClusterToBeReady$0(140)) - Waiting for cluster to be ready. Got 0 of 3 DN Heartbeats.
2019-09-16 17:56:28,637 [org.apache.hadoop.util.JvmPauseMonitor$Monitor@275071b6] INFO  util.JvmPauseMonitor (JvmPauseMonitor.java:run(188)) - Starting JVM pause monitor
2019-09-16 17:56:28,640 [Datanode State Machine Thread - 0] INFO  datanode.InitDatanodeState (InitDatanodeState.java:persistContainerDatanodeDetails(140)) - DatanodeDetails is persisted to /workdir/hadoop-ozone/tools/target/test-dir/MiniOzoneClusterImpl-15d0669d-b250-4261-9bfd-fa60101ddcc7/datanode-2/meta/datanode.id
2019-09-16 17:56:29,636 [main] INFO  ozone.MiniOzoneClusterImpl (MiniOzoneClusterImpl.java:lambda$waitForClusterToBeReady$0(140)) - Waiting for cluster to be ready. Got 0 of 3 DN Heartbeats.
2019-09-16 17:56:30,541 [Datanode State Machine Thread - 0] INFO  ozoneimpl.OzoneContainer (OzoneContainer.java:start(217)) - Attempting to start container services.
2019-09-16 17:56:30,545 [Datanode State Machine Thread - 0] INFO  ozoneimpl.OzoneContainer (OzoneContainer.java:startContainerScrub(179)) - Background container scanner has been disabled.
2019-09-16 17:56:30,545 [Datanode State Machine Thread - 0] INFO  ratis.XceiverServerRatis (XceiverServerRatis.java:start(404)) - Starting XceiverServerRatis 59cccd2f-755e-4c45-a890-da01592df45f at port 0
2019-09-16 17:56:30,576 [Datanode State Machine Thread - 0] INFO  ozoneimpl.OzoneContainer (OzoneContainer.java:start(217)) - Attempting to start container services.
2019-09-16 17:56:30,580 [Datanode State Machine Thread - 0] INFO  impl.RaftServerProxy (RaftServerProxy.java:lambda$start$3(299)) - 59cccd2f-755e-4c45-a890-da01592df45f: start RPC server
2019-09-16 17:56:30,583 [Datanode State Machine Thread - 0] INFO  ozoneimpl.OzoneContainer (OzoneContainer.java:startContainerScrub(179)) - Background container scanner has been disabled.
2019-09-16 17:56:30,583 [Datanode State Machine Thread - 0] INFO  ratis.XceiverServerRatis (XceiverServerRatis.java:start(404)) - Starting XceiverServerRatis d2644fda-0f6b-4964-8120-db19826e02a4 at port 0
2019-09-16 17:56:30,594 [Datanode State Machine Thread - 0] INFO  impl.RaftServerProxy (RaftServerProxy.java:lambda$start$3(299)) - d2644fda-0f6b-4964-8120-db19826e02a4: start RPC server
2019-09-16 17:56:30,637 [main] INFO  ozone.MiniOzoneClusterImpl (MiniOzoneClusterImpl.java:lambda$waitForClusterToBeReady$0(140)) - Waiting for cluster to be ready. Got 0 of 3 DN Heartbeats.
2019-09-16 17:56:30,653 [Datanode State Machine Thread - 0] INFO  ozoneimpl.OzoneContainer (OzoneContainer.java:start(217)) - Attempting to start container services.
2019-09-16 17:56:30,655 [Datanode State Machine Thread - 0] INFO  ozoneimpl.OzoneContainer (OzoneContainer.java:startContainerScrub(179)) - Background container scanner has been disabled.
2019-09-16 17:56:30,655 [Datanode State Machine Thread - 0] INFO  ratis.XceiverServerRatis (XceiverServerRatis.java:start(404)) - Starting XceiverServerRatis 7631069e-55aa-48aa-a80c-68f378536a45 at port 0
2019-09-16 17:56:30,665 [Datanode State Machine Thread - 0] INFO  impl.RaftServerProxy (RaftServerProxy.java:lambda$start$3(299)) - 7631069e-55aa-48aa-a80c-68f378536a45: start RPC server
2019-09-16 17:56:30,744 [Datanode State Machine Thread - 0] INFO  server.GrpcService (GrpcService.java:startImpl(158)) - 59cccd2f-755e-4c45-a890-da01592df45f: GrpcService started, listening on 0.0.0.0/0.0.0.0:42719
2019-09-16 17:56:30,745 [Datanode State Machine Thread - 0] INFO  server.GrpcService (GrpcService.java:startImpl(158)) - d2644fda-0f6b-4964-8120-db19826e02a4: GrpcService started, listening on 0.0.0.0/0.0.0.0:37608
2019-09-16 17:56:30,744 [Datanode State Machine Thread - 0] INFO  server.GrpcService (GrpcService.java:startImpl(158)) - 7631069e-55aa-48aa-a80c-68f378536a45: GrpcService started, listening on 0.0.0.0/0.0.0.0:39369
2019-09-16 17:56:30,745 [Datanode State Machine Thread - 0] INFO  ratis.XceiverServerRatis (XceiverServerRatis.java:start(414)) - XceiverServerRatis d2644fda-0f6b-4964-8120-db19826e02a4 is started using port 37608
2019-09-16 17:56:30,745 [Datanode State Machine Thread - 0] INFO  ratis.XceiverServerRatis (XceiverServerRatis.java:start(414)) - XceiverServerRatis 59cccd2f-755e-4c45-a890-da01592df45f is started using port 42719
2019-09-16 17:56:30,745 [Datanode State Machine Thread - 0] INFO  ratis.XceiverServerRatis (XceiverServerRatis.java:start(414)) - XceiverServerRatis 7631069e-55aa-48aa-a80c-68f378536a45 is started using port 39369
2019-09-16 17:56:30,753 [Datanode State Machine Thread - 0] INFO  server.XceiverServerGrpc (XceiverServerGrpc.java:start(163)) - XceiverServerGrpc d2644fda-0f6b-4964-8120-db19826e02a4 is started using port 39866
2019-09-16 17:56:30,753 [Datanode State Machine Thread - 0] INFO  server.XceiverServerGrpc (XceiverServerGrpc.java:start(163)) - XceiverServerGrpc 7631069e-55aa-48aa-a80c-68f378536a45 is started using port 44231
2019-09-16 17:56:30,753 [Datanode State Machine Thread - 0] INFO  server.XceiverServerGrpc (XceiverServerGrpc.java:start(163)) - XceiverServerGrpc 59cccd2f-755e-4c45-a890-da01592df45f is started using port 35886
2019-09-16 17:56:31,639 [main] INFO  ozone.MiniOzoneClusterImpl (MiniOzoneClusterImpl.java:lambda$waitForClusterToBeReady$0(140)) - Waiting for cluster to be ready. Got 0 of 3 DN Heartbeats.
2019-09-16 17:56:32,529 [IPC Server handler 19 on 42230] INFO  net.NetworkTopology (NetworkTopologyImpl.java:add(110)) - Added a new node: /default-rack/59cccd2f-755e-4c45-a890-da01592df45f
2019-09-16 17:56:32,529 [IPC Server handler 19 on 42230] INFO  node.SCMNodeManager (SCMNodeManager.java:register(266)) - Registered Data node : 59cccd2f-755e-4c45-a890-da01592df45f{ip: 192.168.157.233, host: pr-hdds-2120-x62sn-1884063469, networkLocation: /default-rack, certSerialId: null}
2019-09-16 17:56:32,535 [EventQueue-NodeRegistrationContainerReportForDataNodeSafeModeRule] INFO  safemode.SCMSafeModeManager (DataNodeSafeModeRule.java:process(71)) - SCM in safe mode. 1 DataNodes registered, 1 required.
2019-09-16 17:56:32,535 [EventQueue-NodeRegistrationContainerReportForDataNodeSafeModeRule] INFO  safemode.SCMSafeModeManager (SCMSafeModeManager.java:validateSafeModeExitRules(177)) - ScmSafeModeManager, all rules are successfully validated
2019-09-16 17:56:32,535 [EventQueue-NodeRegistrationContainerReportForDataNodeSafeModeRule] INFO  safemode.SCMSafeModeManager (SCMSafeModeManager.java:exitSafeMode(193)) - SCM exiting safe mode.
2019-09-16 17:56:32,559 [IPC Server handler 17 on 42230] INFO  net.NetworkTopology (NetworkTopologyImpl.java:add(110)) - Added a new node: /default-rack/d2644fda-0f6b-4964-8120-db19826e02a4
2019-09-16 17:56:32,559 [IPC Server handler 17 on 42230] INFO  node.SCMNodeManager (SCMNodeManager.java:register(266)) - Registered Data node : d2644fda-0f6b-4964-8120-db19826e02a4{ip: 192.168.157.233, host: pr-hdds-2120-x62sn-1884063469, networkLocation: /default-rack, certSerialId: null}
2019-09-16 17:56:32,639 [main] INFO  ozone.MiniOzoneClusterImpl (MiniOzoneClusterImpl.java:lambda$waitForClusterToBeReady$0(140)) - Waiting for cluster to be ready. Got 2 of 3 DN Heartbeats.
2019-09-16 17:56:32,640 [IPC Server handler 18 on 42230] INFO  net.NetworkTopology (NetworkTopologyImpl.java:add(110)) - Added a new node: /default-rack/7631069e-55aa-48aa-a80c-68f378536a45
2019-09-16 17:56:32,640 [IPC Server handler 18 on 42230] INFO  node.SCMNodeManager (SCMNodeManager.java:register(266)) - Registered Data node : 7631069e-55aa-48aa-a80c-68f378536a45{ip: 192.168.157.233, host: pr-hdds-2120-x62sn-1884063469, networkLocation: /default-rack, certSerialId: null}
2019-09-16 17:56:33,057 [grpc-default-executor-0] INFO  impl.RaftServerProxy (RaftServerProxy.java:addNew(89)) - 59cccd2f-755e-4c45-a890-da01592df45f: addNew group-A6244D3ADA9C:[59cccd2f-755e-4c45-a890-da01592df45f:192.168.157.233:42719] returns group-A6244D3ADA9C:java.util.concurrent.CompletableFuture@43e7ee41[Not completed]
2019-09-16 17:56:33,076 [pool-27-thread-1] INFO  impl.RaftServerImpl (RaftServerImpl.java:<init>(95)) - 59cccd2f-755e-4c45-a890-da01592df45f: new RaftServerImpl for group-A6244D3ADA9C:[59cccd2f-755e-4c45-a890-da01592df45f:192.168.157.233:42719] with ContainerStateMachine:uninitialized
2019-09-16 17:56:33,079 [pool-27-thread-1] INFO  server.RaftServerConfigKeys (ConfUtils.java:logGet(43)) - raft.server.rpc.timeout.min = 5s (custom)
2019-09-16 17:56:33,080 [pool-27-thread-1] INFO  server.RaftServerConfigKeys (ConfUtils.java:logGet(43)) - raft.server.rpc.timeout.max = 5200ms (custom)
2019-09-16 17:56:33,080 [pool-27-thread-1] INFO  server.RaftServerConfigKeys (ConfUtils.java:logGet(43)) - raft.server.rpcslowness.timeout = 120s (custom)
2019-09-16 17:56:33,081 [pool-27-thread-1] INFO  server.RaftServerConfigKeys (ConfUtils.java:logGet(43)) - raft.server.sleep.deviation.threshold = 300 (default)
2019-09-16 17:56:33,082 [pool-27-thread-1] INFO  server.RaftServerConfigKeys (ConfUtils.java:logGet(43)) - raft.server.log.appender.install.snapshot.enabled = false (custom)
2019-09-16 17:56:33,090 [pool-27-thread-1] INFO  impl.RaftServerImpl (ServerState.java:<init>(103)) - 59cccd2f-755e-4c45-a890-da01592df45f@group-A6244D3ADA9C: ConfigurationManager, init=-1: [59cccd2f-755e-4c45-a890-da01592df45f:192.168.157.233:42719], old=null, confs=<EMPTY_MAP>
2019-09-16 17:56:33,090 [pool-27-thread-1] INFO  server.RaftServerConfigKeys (ConfUtils.java:logGet(43)) - raft.server.storage.dir = [/workdir/hadoop-ozone/tools/target/test-dir/MiniOzoneClusterImpl-15d0669d-b250-4261-9bfd-fa60101ddcc7/datanode-0/data/ratis] (custom)
2019-09-16 17:56:33,097 [pool-27-thread-1] INFO  storage.RaftStorageDirectory (RaftStorageDirectory.java:analyzeStorage(246)) - The storage directory /workdir/hadoop-ozone/tools/target/test-dir/MiniOzoneClusterImpl-15d0669d-b250-4261-9bfd-fa60101ddcc7/datanode-0/data/ratis/313a2644-8fcb-4144-ac55-a6244d3ada9c does not exist. Creating ...
2019-09-16 17:56:33,113 [pool-27-thread-1] INFO  storage.RaftStorageDirectory (RaftStorageDirectory.java:tryLock(328)) - Lock on /workdir/hadoop-ozone/tools/target/test-dir/MiniOzoneClusterImpl-15d0669d-b250-4261-9bfd-fa60101ddcc7/datanode-0/data/ratis/313a2644-8fcb-4144-ac55-a6244d3ada9c/in_use.lock acquired by nodename 23793@pr-hdds-2120-x62sn-1884063469
2019-09-16 17:56:33,129 [pool-27-thread-1] INFO  storage.RaftStorage (RaftStorage.java:format(72)) - Storage directory /workdir/hadoop-ozone/tools/target/test-dir/MiniOzoneClusterImpl-15d0669d-b250-4261-9bfd-fa60101ddcc7/datanode-0/data/ratis/313a2644-8fcb-4144-ac55-a6244d3ada9c has been successfully formatted.
2019-09-16 17:56:33,132 [pool-27-thread-1] INFO  ratis.ContainerStateMachine (ContainerStateMachine.java:loadSnapshot(230)) - group-A6244D3ADA9C: The snapshot info is null. Setting the last applied indexto:(t:0, i:~)
2019-09-16 17:56:33,132 [pool-27-thread-1] INFO  server.RaftServerConfigKeys (ConfUtils.java:logGet(43)) - raft.server.notification.no-leader.timeout = 120s (custom)
2019-09-16 17:56:33,134 [pool-27-thread-1] INFO  server.RaftServerConfigKeys (ConfUtils.java:logGet(43)) - raft.server.log.use.memory = false (default)
2019-09-16 17:56:33,140 [pool-27-thread-1] INFO  server.RaftServerConfigKeys (ConfUtils.java:logGet(43)) - raft.server.log.purge.gap = 1000000 (custom)
2019-09-16 17:56:33,140 [pool-27-thread-1] INFO  server.RaftServerConfigKeys (ConfUtils.java:logGet(43)) - raft.server.log.appender.buffer.byte-limit = 33554432 (custom)
2019-09-16 17:56:33,142 [pool-27-thread-1] INFO  server.RaftServerConfigKeys (ConfUtils.java:logGet(43)) - raft.server.log.segment.size.max = 1048576 (custom)
2019-09-16 17:56:33,147 [pool-27-thread-1] INFO  server.RaftServerConfigKeys (ConfUtils.java:logGet(43)) - raft.server.log.segment.cache.num.max = 2 (custom)
2019-09-16 17:56:33,154 [pool-27-thread-1] INFO  segmented.SegmentedRaftLogWorker (SegmentedRaftLogWorker.java:<init>(172)) - new 59cccd2f-755e-4c45-a890-da01592df45f@group-A6244D3ADA9C-SegmentedRaftLogWorker for RaftStorage:Storage Directory /workdir/hadoop-ozone/tools/target/test-dir/MiniOzoneClusterImpl-15d0669d-b250-4261-9bfd-fa60101ddcc7/datanode-0/data/ratis/313a2644-8fcb-4144-ac55-a6244d3ada9c
2019-09-16 17:56:33,155 [pool-27-thread-1] INFO  impl.MetricsSystemImpl (MetricsSystemImpl.java:init(158)) - ratis metrics system started (again)
2019-09-16 17:56:33,190 [pool-27-thread-1] INFO  server.RaftServerConfigKeys (ConfUtils.java:logGet(43)) - raft.server.log.queue.byte-limit = 2147483647 (custom)
2019-09-16 17:56:33,191 [pool-27-thread-1] INFO  server.RaftServerConfigKeys (ConfUtils.java:logGet(43)) - raft.server.log.queue.element-limit = 1024 (custom)
2019-09-16 17:56:33,194 [pool-27-thread-1] INFO  server.RaftServerConfigKeys (ConfUtils.java:logGet(43)) - raft.server.log.segment.size.max = 1048576 (custom)
2019-09-16 17:56:33,194 [pool-27-thread-1] INFO  server.RaftServerConfigKeys (ConfUtils.java:logGet(43)) - raft.server.log.preallocated.size = 16384 (custom)
2019-09-16 17:56:33,195 [pool-27-thread-1] INFO  server.RaftServerConfigKeys (ConfUtils.java:logGet(43)) - raft.server.log.write.buffer.size = 33554432 (custom)
2019-09-16 17:56:33,195 [pool-27-thread-1] INFO  server.RaftServerConfigKeys (ConfUtils.java:logGet(43)) - raft.server.log.force.sync.num = 128 (default)
2019-09-16 17:56:33,196 [pool-27-thread-1] INFO  server.RaftServerConfigKeys (ConfUtils.java:logGet(43)) - raft.server.log.statemachine.data.sync = true (default)
2019-09-16 17:56:33,196 [pool-27-thread-1] INFO  server.RaftServerConfigKeys (ConfUtils.java:logGet(43)) - raft.server.log.statemachine.data.sync.timeout = 10s (default)
2019-09-16 17:56:33,197 [pool-27-thread-1] INFO  server.RaftServerConfigKeys (ConfUtils.java:logGet(43)) - raft.server.log.statemachine.data.sync.timeout.retry = -1 (default)
2019-09-16 17:56:33,208 [pool-27-thread-1] INFO  server.RaftServerConfigKeys (ConfUtils.java:logGet(43)) - raft.server.log.statemachine.data.caching.enabled = true (custom)
2019-09-16 17:56:33,213 [pool-27-thread-1] INFO  segmented.SegmentedRaftLogWorker (SegmentedRaftLogWorker.java:lambda$new$0(132)) - 59cccd2f-755e-4c45-a890-da01592df45f@group-A6244D3ADA9C-SegmentedRaftLogWorker: flushIndex: setUnconditionally 0 -> -1
2019-09-16 17:56:33,217 [pool-27-thread-1] INFO  server.RaftServerConfigKeys (ConfUtils.java:logGet(43)) - raft.server.snapshot.auto.trigger.enabled = true (custom)
2019-09-16 17:56:33,218 [pool-27-thread-1] INFO  server.RaftServerConfigKeys (ConfUtils.java:logGet(43)) - raft.server.snapshot.auto.trigger.threshold = 10000 (custom)
2019-09-16 17:56:33,219 [pool-27-thread-1] INFO  server.RaftServerConfigKeys (ConfUtils.java:logGet(43)) - raft.server.snapshot.retention.num.files = -1 (default)
2019-09-16 17:56:33,219 [pool-27-thread-1] INFO  server.RaftServerConfigKeys (ConfUtils.java:logGet(43)) - raft.server.retrycache.expirytime = 600000ms (custom)
2019-09-16 17:56:33,245 [pool-27-thread-1] INFO  impl.RaftServerImpl (RaftServerImpl.java:start(185)) - 59cccd2f-755e-4c45-a890-da01592df45f@group-A6244D3ADA9C: start as a follower, conf=-1: [59cccd2f-755e-4c45-a890-da01592df45f:192.168.157.233:42719], old=null
2019-09-16 17:56:33,246 [pool-27-thread-1] INFO  impl.RaftServerImpl (RaftServerImpl.java:setRole(174)) - 59cccd2f-755e-4c45-a890-da01592df45f@group-A6244D3ADA9C: changes role from      null to FOLLOWER at term 0 for startAsFollower
2019-09-16 17:56:33,248 [pool-27-thread-1] INFO  impl.RoleInfo (RoleInfo.java:updateAndGet(143)) - 59cccd2f-755e-4c45-a890-da01592df45f: start FollowerState
2019-09-16 17:56:33,249 [pool-27-thread-1] INFO  util.JmxRegister (JmxRegister.java:tryRegister(44)) - Successfully registered JMX Bean with object name Ratis:service=RaftServer,group=group-A6244D3ADA9C,id=59cccd2f-755e-4c45-a890-da01592df45f
2019-09-16 17:56:33,312 [RatisPipelineUtilsThread] INFO  pipeline.PipelineStateManager (PipelineStateManager.java:addPipeline(56)) - Created pipeline Pipeline[ Id: 313a2644-8fcb-4144-ac55-a6244d3ada9c, Nodes: 59cccd2f-755e-4c45-a890-da01592df45f{ip: 192.168.157.233, host: pr-hdds-2120-x62sn-1884063469, networkLocation: /default-rack, certSerialId: null}, Type:RATIS, Factor:ONE, State:OPEN]
2019-09-16 17:56:33,328 [grpc-default-executor-0] INFO  impl.RaftServerProxy (RaftServerProxy.java:addNew(89)) - d2644fda-0f6b-4964-8120-db19826e02a4: addNew group-AB10CBE08C5C:[d2644fda-0f6b-4964-8120-db19826e02a4:192.168.157.233:37608] returns group-AB10CBE08C5C:java.util.concurrent.CompletableFuture@63decdb8[Not completed]
2019-09-16 17:56:33,353 [pool-37-thread-1] INFO  impl.RaftServerImpl (RaftServerImpl.java:<init>(95)) - d2644fda-0f6b-4964-8120-db19826e02a4: new RaftServerImpl for group-AB10CBE08C5C:[d2644fda-0f6b-4964-8120-db19826e02a4:192.168.157.233:37608] with ContainerStateMachine:uninitialized
2019-09-16 17:56:33,355 [pool-37-thread-1] INFO  server.RaftServerConfigKeys (ConfUtils.java:logGet(43)) - raft.server.rpc.timeout.min = 5s (custom)
2019-09-16 17:56:33,355 [pool-37-thread-1] INFO  server.RaftServerConfigKeys (ConfUtils.java:logGet(43)) - raft.server.rpc.timeout.max = 5200ms (custom)
2019-09-16 17:56:33,355 [pool-37-thread-1] INFO  server.RaftServerConfigKeys (ConfUtils.java:logGet(43)) - raft.server.rpcslowness.timeout = 120s (custom)
2019-09-16 17:56:33,355 [pool-37-thread-1] INFO  server.RaftServerConfigKeys (ConfUtils.java:logGet(43)) - raft.server.sleep.deviation.threshold = 300 (default)
2019-09-16 17:56:33,355 [pool-37-thread-1] INFO  server.RaftServerConfigKeys (ConfUtils.java:logGet(43)) - raft.server.log.appender.install.snapshot.enabled = false (custom)
2019-09-16 17:56:33,356 [pool-37-thread-1] INFO  impl.RaftServerImpl (ServerState.java:<init>(103)) - d2644fda-0f6b-4964-8120-db19826e02a4@group-AB10CBE08C5C: ConfigurationManager, init=-1: [d2644fda-0f6b-4964-8120-db19826e02a4:192.168.157.233:37608], old=null, confs=<EMPTY_MAP>
2019-09-16 17:56:33,356 [pool-37-thread-1] INFO  server.RaftServerConfigKeys (ConfUtils.java:logGet(43)) - raft.server.storage.dir = [/workdir/hadoop-ozone/tools/target/test-dir/MiniOzoneClusterImpl-15d0669d-b250-4261-9bfd-fa60101ddcc7/datanode-1/data/ratis] (custom)
2019-09-16 17:56:33,357 [pool-37-thread-1] INFO  storage.RaftStorageDirectory (RaftStorageDirectory.java:analyzeStorage(246)) - The storage directory /workdir/hadoop-ozone/tools/target/test-dir/MiniOzoneClusterImpl-15d0669d-b250-4261-9bfd-fa60101ddcc7/datanode-1/data/ratis/2b7fd54b-4da5-4627-8f3d-ab10cbe08c5c does not exist. Creating ...
2019-09-16 17:56:33,370 [pool-37-thread-1] INFO  storage.RaftStorageDirectory (RaftStorageDirectory.java:tryLock(328)) - Lock on /workdir/hadoop-ozone/tools/target/test-dir/MiniOzoneClusterImpl-15d0669d-b250-4261-9bfd-fa60101ddcc7/datanode-1/data/ratis/2b7fd54b-4da5-4627-8f3d-ab10cbe08c5c/in_use.lock acquired by nodename 23793@pr-hdds-2120-x62sn-1884063469
2019-09-16 17:56:33,391 [pool-37-thread-1] INFO  storage.RaftStorage (RaftStorage.java:format(72)) - Storage directory /workdir/hadoop-ozone/tools/target/test-dir/MiniOzoneClusterImpl-15d0669d-b250-4261-9bfd-fa60101ddcc7/datanode-1/data/ratis/2b7fd54b-4da5-4627-8f3d-ab10cbe08c5c has been successfully formatted.
2019-09-16 17:56:33,393 [pool-37-thread-1] INFO  ratis.ContainerStateMachine (ContainerStateMachine.java:loadSnapshot(230)) - group-AB10CBE08C5C: The snapshot info is null. Setting the last applied indexto:(t:0, i:~)
2019-09-16 17:56:33,394 [pool-37-thread-1] INFO  server.RaftServerConfigKeys (ConfUtils.java:logGet(43)) - raft.server.notification.no-leader.timeout = 120s (custom)
2019-09-16 17:56:33,394 [pool-37-thread-1] INFO  server.RaftServerConfigKeys (ConfUtils.java:logGet(43)) - raft.server.log.use.memory = false (default)
2019-09-16 17:56:33,394 [pool-37-thread-1] INFO  server.RaftServerConfigKeys (ConfUtils.java:logGet(43)) - raft.server.log.purge.gap = 1000000 (custom)
2019-09-16 17:56:33,395 [pool-37-thread-1] INFO  server.RaftServerConfigKeys (ConfUtils.java:logGet(43)) - raft.server.log.appender.buffer.byte-limit = 33554432 (custom)
2019-09-16 17:56:33,395 [pool-37-thread-1] INFO  server.RaftServerConfigKeys (ConfUtils.java:logGet(43)) - raft.server.log.segment.size.max = 1048576 (custom)
2019-09-16 17:56:33,395 [pool-37-thread-1] INFO  server.RaftServerConfigKeys (ConfUtils.java:logGet(43)) - raft.server.log.segment.cache.num.max = 2 (custom)
2019-09-16 17:56:33,395 [pool-37-thread-1] INFO  segmented.SegmentedRaftLogWorker (SegmentedRaftLogWorker.java:<init>(172)) - new d2644fda-0f6b-4964-8120-db19826e02a4@group-AB10CBE08C5C-SegmentedRaftLogWorker for RaftStorage:Storage Directory /workdir/hadoop-ozone/tools/target/test-dir/MiniOzoneClusterImpl-15d0669d-b250-4261-9bfd-fa60101ddcc7/datanode-1/data/ratis/2b7fd54b-4da5-4627-8f3d-ab10cbe08c5c
2019-09-16 17:56:33,402 [pool-37-thread-1] INFO  server.RaftServerConfigKeys (ConfUtils.java:logGet(43)) - raft.server.log.queue.byte-limit = 2147483647 (custom)
2019-09-16 17:56:33,402 [pool-37-thread-1] INFO  server.RaftServerConfigKeys (ConfUtils.java:logGet(43)) - raft.server.log.queue.element-limit = 1024 (custom)
2019-09-16 17:56:33,403 [pool-37-thread-1] INFO  server.RaftServerConfigKeys (ConfUtils.java:logGet(43)) - raft.server.log.segment.size.max = 1048576 (custom)
2019-09-16 17:56:33,403 [pool-37-thread-1] INFO  server.RaftServerConfigKeys (ConfUtils.java:logGet(43)) - raft.server.log.preallocated.size = 16384 (custom)
2019-09-16 17:56:33,403 [pool-37-thread-1] INFO  server.RaftServerConfigKeys (ConfUtils.java:logGet(43)) - raft.server.log.write.buffer.size = 33554432 (custom)
2019-09-16 17:56:33,403 [pool-37-thread-1] INFO  server.RaftServerConfigKeys (ConfUtils.java:logGet(43)) - raft.server.log.force.sync.num = 128 (default)
2019-09-16 17:56:33,403 [pool-37-thread-1] INFO  server.RaftServerConfigKeys (ConfUtils.java:logGet(43)) - raft.server.log.statemachine.data.sync = true (default)
2019-09-16 17:56:33,404 [pool-37-thread-1] INFO  server.RaftServerConfigKeys (ConfUtils.java:logGet(43)) - raft.server.log.statemachine.data.sync.timeout = 10s (default)
2019-09-16 17:56:33,404 [pool-37-thread-1] INFO  server.RaftServerConfigKeys (ConfUtils.java:logGet(43)) - raft.server.log.statemachine.data.sync.timeout.retry = -1 (default)
2019-09-16 17:56:33,404 [pool-37-thread-1] INFO  server.RaftServerConfigKeys (ConfUtils.java:logGet(43)) - raft.server.log.statemachine.data.caching.enabled = true (custom)
2019-09-16 17:56:33,405 [pool-37-thread-1] INFO  segmented.SegmentedRaftLogWorker (SegmentedRaftLogWorker.java:lambda$new$0(132)) - d2644fda-0f6b-4964-8120-db19826e02a4@group-AB10CBE08C5C-SegmentedRaftLogWorker: flushIndex: setUnconditionally 0 -> -1
2019-09-16 17:56:33,405 [pool-37-thread-1] INFO  server.RaftServerConfigKeys (ConfUtils.java:logGet(43)) - raft.server.snapshot.auto.trigger.enabled = true (custom)
2019-09-16 17:56:33,405 [pool-37-thread-1] INFO  server.RaftServerConfigKeys (ConfUtils.java:logGet(43)) - raft.server.snapshot.auto.trigger.threshold = 10000 (custom)
2019-09-16 17:56:33,406 [pool-37-thread-1] INFO  server.RaftServerConfigKeys (ConfUtils.java:logGet(43)) - raft.server.snapshot.retention.num.files = -1 (default)
2019-09-16 17:56:33,406 [pool-37-thread-1] INFO  server.RaftServerConfigKeys (ConfUtils.java:logGet(43)) - raft.server.retrycache.expirytime = 600000ms (custom)
2019-09-16 17:56:33,411 [pool-37-thread-1] INFO  impl.RaftServerImpl (RaftServerImpl.java:start(185)) - d2644fda-0f6b-4964-8120-db19826e02a4@group-AB10CBE08C5C: start as a follower, conf=-1: [d2644fda-0f6b-4964-8120-db19826e02a4:192.168.157.233:37608], old=null
2019-09-16 17:56:33,412 [pool-37-thread-1] INFO  impl.RaftServerImpl (RaftServerImpl.java:setRole(174)) - d2644fda-0f6b-4964-8120-db19826e02a4@group-AB10CBE08C5C: changes role from      null to FOLLOWER at term 0 for startAsFollower
2019-09-16 17:56:33,412 [pool-37-thread-1] INFO  impl.RoleInfo (RoleInfo.java:updateAndGet(143)) - d2644fda-0f6b-4964-8120-db19826e02a4: start FollowerState
2019-09-16 17:56:33,413 [pool-37-thread-1] INFO  util.JmxRegister (JmxRegister.java:tryRegister(44)) - Successfully registered JMX Bean with object name Ratis:service=RaftServer,group=group-AB10CBE08C5C,id=d2644fda-0f6b-4964-8120-db19826e02a4
2019-09-16 17:56:33,429 [RatisPipelineUtilsThread] INFO  pipeline.PipelineStateManager (PipelineStateManager.java:addPipeline(56)) - Created pipeline Pipeline[ Id: 2b7fd54b-4da5-4627-8f3d-ab10cbe08c5c, Nodes: d2644fda-0f6b-4964-8120-db19826e02a4{ip: 192.168.157.233, host: pr-hdds-2120-x62sn-1884063469, networkLocation: /default-rack, certSerialId: null}, Type:RATIS, Factor:ONE, State:OPEN]
2019-09-16 17:56:33,451 [grpc-default-executor-0] INFO  impl.RaftServerProxy (RaftServerProxy.java:addNew(89)) - 7631069e-55aa-48aa-a80c-68f378536a45: addNew group-5E69BB7B66C3:[7631069e-55aa-48aa-a80c-68f378536a45:192.168.157.233:39369] returns group-5E69BB7B66C3:java.util.concurrent.CompletableFuture@43d0e2b4[Not completed]
2019-09-16 17:56:33,471 [pool-47-thread-1] INFO  impl.RaftServerImpl (RaftServerImpl.java:<init>(95)) - 7631069e-55aa-48aa-a80c-68f378536a45: new RaftServerImpl for group-5E69BB7B66C3:[7631069e-55aa-48aa-a80c-68f378536a45:192.168.157.233:39369] with ContainerStateMachine:uninitialized
2019-09-16 17:56:33,473 [pool-47-thread-1] INFO  server.RaftServerConfigKeys (ConfUtils.java:logGet(43)) - raft.server.rpc.timeout.min = 5s (custom)
2019-09-16 17:56:33,473 [pool-47-thread-1] INFO  server.RaftServerConfigKeys (ConfUtils.java:logGet(43)) - raft.server.rpc.timeout.max = 5200ms (custom)
2019-09-16 17:56:33,473 [pool-47-thread-1] INFO  server.RaftServerConfigKeys (ConfUtils.java:logGet(43)) - raft.server.rpcslowness.timeout = 120s (custom)
2019-09-16 17:56:33,473 [pool-47-thread-1] INFO  server.RaftServerConfigKeys (ConfUtils.java:logGet(43)) - raft.server.sleep.deviation.threshold = 300 (default)
2019-09-16 17:56:33,473 [pool-47-thread-1] INFO  server.RaftServerConfigKeys (ConfUtils.java:logGet(43)) - raft.server.log.appender.install.snapshot.enabled = false (custom)
2019-09-16 17:56:33,474 [pool-47-thread-1] INFO  impl.RaftServerImpl (ServerState.java:<init>(103)) - 7631069e-55aa-48aa-a80c-68f378536a45@group-5E69BB7B66C3: ConfigurationManager, init=-1: [7631069e-55aa-48aa-a80c-68f378536a45:192.168.157.233:39369], old=null, confs=<EMPTY_MAP>
2019-09-16 17:56:33,474 [pool-47-thread-1] INFO  server.RaftServerConfigKeys (ConfUtils.java:logGet(43)) - raft.server.storage.dir = [/workdir/hadoop-ozone/tools/target/test-dir/MiniOzoneClusterImpl-15d0669d-b250-4261-9bfd-fa60101ddcc7/datanode-2/data/ratis] (custom)
2019-09-16 17:56:33,474 [pool-47-thread-1] INFO  storage.RaftStorageDirectory (RaftStorageDirectory.java:analyzeStorage(246)) - The storage directory /workdir/hadoop-ozone/tools/target/test-dir/MiniOzoneClusterImpl-15d0669d-b250-4261-9bfd-fa60101ddcc7/datanode-2/data/ratis/e51fc0ed-5576-4736-9b7d-5e69bb7b66c3 does not exist. Creating ...
2019-09-16 17:56:33,487 [pool-47-thread-1] INFO  storage.RaftStorageDirectory (RaftStorageDirectory.java:tryLock(328)) - Lock on /workdir/hadoop-ozone/tools/target/test-dir/MiniOzoneClusterImpl-15d0669d-b250-4261-9bfd-fa60101ddcc7/datanode-2/data/ratis/e51fc0ed-5576-4736-9b7d-5e69bb7b66c3/in_use.lock acquired by nodename 23793@pr-hdds-2120-x62sn-1884063469
2019-09-16 17:56:33,502 [pool-47-thread-1] INFO  storage.RaftStorage (RaftStorage.java:format(72)) - Storage directory /workdir/hadoop-ozone/tools/target/test-dir/MiniOzoneClusterImpl-15d0669d-b250-4261-9bfd-fa60101ddcc7/datanode-2/data/ratis/e51fc0ed-5576-4736-9b7d-5e69bb7b66c3 has been successfully formatted.
2019-09-16 17:56:33,502 [pool-47-thread-1] INFO  ratis.ContainerStateMachine (ContainerStateMachine.java:loadSnapshot(230)) - group-5E69BB7B66C3: The snapshot info is null. Setting the last applied indexto:(t:0, i:~)
2019-09-16 17:56:33,502 [pool-47-thread-1] INFO  server.RaftServerConfigKeys (ConfUtils.java:logGet(43)) - raft.server.notification.no-leader.timeout = 120s (custom)
2019-09-16 17:56:33,502 [pool-47-thread-1] INFO  server.RaftServerConfigKeys (ConfUtils.java:logGet(43)) - raft.server.log.use.memory = false (default)
2019-09-16 17:56:33,503 [pool-47-thread-1] INFO  server.RaftServerConfigKeys (ConfUtils.java:logGet(43)) - raft.server.log.purge.gap = 1000000 (custom)
2019-09-16 17:56:33,503 [pool-47-thread-1] INFO  server.RaftServerConfigKeys (ConfUtils.java:logGet(43)) - raft.server.log.appender.buffer.byte-limit = 33554432 (custom)
2019-09-16 17:56:33,503 [pool-47-thread-1] INFO  server.RaftServerConfigKeys (ConfUtils.java:logGet(43)) - raft.server.log.segment.size.max = 1048576 (custom)
2019-09-16 17:56:33,503 [pool-47-thread-1] INFO  server.RaftServerConfigKeys (ConfUtils.java:logGet(43)) - raft.server.log.segment.cache.num.max = 2 (custom)
2019-09-16 17:56:33,504 [pool-47-thread-1] INFO  segmented.SegmentedRaftLogWorker (SegmentedRaftLogWorker.java:<init>(172)) - new 7631069e-55aa-48aa-a80c-68f378536a45@group-5E69BB7B66C3-SegmentedRaftLogWorker for RaftStorage:Storage Directory /workdir/hadoop-ozone/tools/target/test-dir/MiniOzoneClusterImpl-15d0669d-b250-4261-9bfd-fa60101ddcc7/datanode-2/data/ratis/e51fc0ed-5576-4736-9b7d-5e69bb7b66c3
2019-09-16 17:56:33,533 [pool-47-thread-1] INFO  server.RaftServerConfigKeys (ConfUtils.java:logGet(43)) - raft.server.log.queue.byte-limit = 2147483647 (custom)
2019-09-16 17:56:33,533 [pool-47-thread-1] INFO  server.RaftServerConfigKeys (ConfUtils.java:logGet(43)) - raft.server.log.queue.element-limit = 1024 (custom)
2019-09-16 17:56:33,534 [pool-47-thread-1] INFO  server.RaftServerConfigKeys (ConfUtils.java:logGet(43)) - raft.server.log.segment.size.max = 1048576 (custom)
2019-09-16 17:56:33,534 [pool-47-thread-1] INFO  server.RaftServerConfigKeys (ConfUtils.java:logGet(43)) - raft.server.log.preallocated.size = 16384 (custom)
2019-09-16 17:56:33,534 [pool-47-thread-1] INFO  server.RaftServerConfigKeys (ConfUtils.java:logGet(43)) - raft.server.log.write.buffer.size = 33554432 (custom)
2019-09-16 17:56:33,534 [pool-47-thread-1] INFO  server.RaftServerConfigKeys (ConfUtils.java:logGet(43)) - raft.server.log.force.sync.num = 128 (default)
2019-09-16 17:56:33,534 [pool-47-thread-1] INFO  server.RaftServerConfigKeys (ConfUtils.java:logGet(43)) - raft.server.log.statemachine.data.sync = true (default)
2019-09-16 17:56:33,534 [pool-47-thread-1] INFO  server.RaftServerConfigKeys (ConfUtils.java:logGet(43)) - raft.server.log.statemachine.data.sync.timeout = 10s (default)
2019-09-16 17:56:33,535 [pool-47-thread-1] INFO  server.RaftServerConfigKeys (ConfUtils.java:logGet(43)) - raft.server.log.statemachine.data.sync.timeout.retry = -1 (default)
2019-09-16 17:56:33,535 [pool-47-thread-1] INFO  server.RaftServerConfigKeys (ConfUtils.java:logGet(43)) - raft.server.log.statemachine.data.caching.enabled = true (custom)
2019-09-16 17:56:33,535 [pool-47-thread-1] INFO  segmented.SegmentedRaftLogWorker (SegmentedRaftLogWorker.java:lambda$new$0(132)) - 7631069e-55aa-48aa-a80c-68f378536a45@group-5E69BB7B66C3-SegmentedRaftLogWorker: flushIndex: setUnconditionally 0 -> -1
2019-09-16 17:56:33,536 [pool-47-thread-1] INFO  server.RaftServerConfigKeys (ConfUtils.java:logGet(43)) - raft.server.snapshot.auto.trigger.enabled = true (custom)
2019-09-16 17:56:33,536 [pool-47-thread-1] INFO  server.RaftServerConfigKeys (ConfUtils.java:logGet(43)) - raft.server.snapshot.auto.trigger.threshold = 10000 (custom)
2019-09-16 17:56:33,536 [pool-47-thread-1] INFO  server.RaftServerConfigKeys (ConfUtils.java:logGet(43)) - raft.server.snapshot.retention.num.files = -1 (default)
2019-09-16 17:56:33,536 [pool-47-thread-1] INFO  server.RaftServerConfigKeys (ConfUtils.java:logGet(43)) - raft.server.retrycache.expirytime = 600000ms (custom)
2019-09-16 17:56:33,542 [pool-47-thread-1] INFO  impl.RaftServerImpl (RaftServerImpl.java:start(185)) - 7631069e-55aa-48aa-a80c-68f378536a45@group-5E69BB7B66C3: start as a follower, conf=-1: [7631069e-55aa-48aa-a80c-68f378536a45:192.168.157.233:39369], old=null
2019-09-16 17:56:33,542 [pool-47-thread-1] INFO  impl.RaftServerImpl (RaftServerImpl.java:setRole(174)) - 7631069e-55aa-48aa-a80c-68f378536a45@group-5E69BB7B66C3: changes role from      null to FOLLOWER at term 0 for startAsFollower
2019-09-16 17:56:33,542 [pool-47-thread-1] INFO  impl.RoleInfo (RoleInfo.java:updateAndGet(143)) - 7631069e-55aa-48aa-a80c-68f378536a45: start FollowerState
2019-09-16 17:56:33,543 [pool-47-thread-1] INFO  util.JmxRegister (JmxRegister.java:tryRegister(44)) - Successfully registered JMX Bean with object name Ratis:service=RaftServer,group=group-5E69BB7B66C3,id=7631069e-55aa-48aa-a80c-68f378536a45
2019-09-16 17:56:33,559 [RatisPipelineUtilsThread] INFO  pipeline.PipelineStateManager (PipelineStateManager.java:addPipeline(56)) - Created pipeline Pipeline[ Id: e51fc0ed-5576-4736-9b7d-5e69bb7b66c3, Nodes: 7631069e-55aa-48aa-a80c-68f378536a45{ip: 192.168.157.233, host: pr-hdds-2120-x62sn-1884063469, networkLocation: /default-rack, certSerialId: null}, Type:RATIS, Factor:ONE, State:OPEN]
2019-09-16 17:56:33,599 [grpc-default-executor-1] INFO  impl.RaftServerProxy (RaftServerProxy.java:addNew(89)) - 7631069e-55aa-48aa-a80c-68f378536a45: addNew group-D5120AE2D385:[7631069e-55aa-48aa-a80c-68f378536a45:192.168.157.233:39369, 59cccd2f-755e-4c45-a890-da01592df45f:192.168.157.233:42719, d2644fda-0f6b-4964-8120-db19826e02a4:192.168.157.233:37608] returns group-D5120AE2D385:java.util.concurrent.CompletableFuture@2729dd12[Not completed]
2019-09-16 17:56:33,605 [grpc-default-executor-1] INFO  impl.RaftServerProxy (RaftServerProxy.java:addNew(89)) - d2644fda-0f6b-4964-8120-db19826e02a4: addNew group-D5120AE2D385:[7631069e-55aa-48aa-a80c-68f378536a45:192.168.157.233:39369, 59cccd2f-755e-4c45-a890-da01592df45f:192.168.157.233:42719, d2644fda-0f6b-4964-8120-db19826e02a4:192.168.157.233:37608] returns group-D5120AE2D385:java.util.concurrent.CompletableFuture@6614d729[Not completed]
2019-09-16 17:56:33,607 [pool-47-thread-1] INFO  impl.RaftServerImpl (RaftServerImpl.java:<init>(95)) - 7631069e-55aa-48aa-a80c-68f378536a45: new RaftServerImpl for group-D5120AE2D385:[7631069e-55aa-48aa-a80c-68f378536a45:192.168.157.233:39369, 59cccd2f-755e-4c45-a890-da01592df45f:192.168.157.233:42719, d2644fda-0f6b-4964-8120-db19826e02a4:192.168.157.233:37608] with ContainerStateMachine:uninitialized
2019-09-16 17:56:33,607 [pool-47-thread-1] INFO  server.RaftServerConfigKeys (ConfUtils.java:logGet(43)) - raft.server.rpc.timeout.min = 5s (custom)
2019-09-16 17:56:33,607 [pool-47-thread-1] INFO  server.RaftServerConfigKeys (ConfUtils.java:logGet(43)) - raft.server.rpc.timeout.max = 5200ms (custom)
2019-09-16 17:56:33,608 [pool-47-thread-1] INFO  server.RaftServerConfigKeys (ConfUtils.java:logGet(43)) - raft.server.rpcslowness.timeout = 120s (custom)
2019-09-16 17:56:33,609 [pool-47-thread-1] INFO  server.RaftServerConfigKeys (ConfUtils.java:logGet(43)) - raft.server.sleep.deviation.threshold = 300 (default)
2019-09-16 17:56:33,609 [pool-47-thread-1] INFO  server.RaftServerConfigKeys (ConfUtils.java:logGet(43)) - raft.server.log.appender.install.snapshot.enabled = false (custom)
2019-09-16 17:56:33,609 [grpc-default-executor-1] INFO  impl.RaftServerProxy (RaftServerProxy.java:addNew(89)) - 59cccd2f-755e-4c45-a890-da01592df45f: addNew group-D5120AE2D385:[7631069e-55aa-48aa-a80c-68f378536a45:192.168.157.233:39369, 59cccd2f-755e-4c45-a890-da01592df45f:192.168.157.233:42719, d2644fda-0f6b-4964-8120-db19826e02a4:192.168.157.233:37608] returns group-D5120AE2D385:java.util.concurrent.CompletableFuture@3e90497a[Not completed]
2019-09-16 17:56:33,609 [pool-47-thread-1] INFO  impl.RaftServerImpl (ServerState.java:<init>(103)) - 7631069e-55aa-48aa-a80c-68f378536a45@group-D5120AE2D385: ConfigurationManager, init=-1: [7631069e-55aa-48aa-a80c-68f378536a45:192.168.157.233:39369, 59cccd2f-755e-4c45-a890-da01592df45f:192.168.157.233:42719, d2644fda-0f6b-4964-8120-db19826e02a4:192.168.157.233:37608], old=null, confs=<EMPTY_MAP>
2019-09-16 17:56:33,609 [pool-47-thread-1] INFO  server.RaftServerConfigKeys (ConfUtils.java:logGet(43)) - raft.server.storage.dir = [/workdir/hadoop-ozone/tools/target/test-dir/MiniOzoneClusterImpl-15d0669d-b250-4261-9bfd-fa60101ddcc7/datanode-2/data/ratis] (custom)
2019-09-16 17:56:33,610 [pool-37-thread-1] INFO  impl.RaftServerImpl (RaftServerImpl.java:<init>(95)) - d2644fda-0f6b-4964-8120-db19826e02a4: new RaftServerImpl for group-D5120AE2D385:[7631069e-55aa-48aa-a80c-68f378536a45:192.168.157.233:39369, 59cccd2f-755e-4c45-a890-da01592df45f:192.168.157.233:42719, d2644fda-0f6b-4964-8120-db19826e02a4:192.168.157.233:37608] with ContainerStateMachine:uninitialized
2019-09-16 17:56:33,610 [pool-37-thread-1] INFO  server.RaftServerConfigKeys (ConfUtils.java:logGet(43)) - raft.server.rpc.timeout.min = 5s (custom)
2019-09-16 17:56:33,610 [pool-47-thread-1] INFO  storage.RaftStorageDirectory (RaftStorageDirectory.java:analyzeStorage(246)) - The storage directory /workdir/hadoop-ozone/tools/target/test-dir/MiniOzoneClusterImpl-15d0669d-b250-4261-9bfd-fa60101ddcc7/datanode-2/data/ratis/8976a1a2-b138-4af7-bd61-d5120ae2d385 does not exist. Creating ...
2019-09-16 17:56:33,610 [pool-37-thread-1] INFO  server.RaftServerConfigKeys (ConfUtils.java:logGet(43)) - raft.server.rpc.timeout.max = 5200ms (custom)
2019-09-16 17:56:33,610 [pool-37-thread-1] INFO  server.RaftServerConfigKeys (ConfUtils.java:logGet(43)) - raft.server.rpcslowness.timeout = 120s (custom)
2019-09-16 17:56:33,610 [pool-27-thread-1] INFO  impl.RaftServerImpl (RaftServerImpl.java:<init>(95)) - 59cccd2f-755e-4c45-a890-da01592df45f: new RaftServerImpl for group-D5120AE2D385:[7631069e-55aa-48aa-a80c-68f378536a45:192.168.157.233:39369, 59cccd2f-755e-4c45-a890-da01592df45f:192.168.157.233:42719, d2644fda-0f6b-4964-8120-db19826e02a4:192.168.157.233:37608] with ContainerStateMachine:uninitialized
2019-09-16 17:56:33,611 [pool-37-thread-1] INFO  server.RaftServerConfigKeys (ConfUtils.java:logGet(43)) - raft.server.sleep.deviation.threshold = 300 (default)
2019-09-16 17:56:33,611 [pool-27-thread-1] INFO  server.RaftServerConfigKeys (ConfUtils.java:logGet(43)) - raft.server.rpc.timeout.min = 5s (custom)
2019-09-16 17:56:33,611 [pool-37-thread-1] INFO  server.RaftServerConfigKeys (ConfUtils.java:logGet(43)) - raft.server.log.appender.install.snapshot.enabled = false (custom)
2019-09-16 17:56:33,611 [pool-27-thread-1] INFO  server.RaftServerConfigKeys (ConfUtils.java:logGet(43)) - raft.server.rpc.timeout.max = 5200ms (custom)
2019-09-16 17:56:33,611 [pool-37-thread-1] INFO  impl.RaftServerImpl (ServerState.java:<init>(103)) - d2644fda-0f6b-4964-8120-db19826e02a4@group-D5120AE2D385: ConfigurationManager, init=-1: [7631069e-55aa-48aa-a80c-68f378536a45:192.168.157.233:39369, 59cccd2f-755e-4c45-a890-da01592df45f:192.168.157.233:42719, d2644fda-0f6b-4964-8120-db19826e02a4:192.168.157.233:37608], old=null, confs=<EMPTY_MAP>
2019-09-16 17:56:33,611 [pool-27-thread-1] INFO  server.RaftServerConfigKeys (ConfUtils.java:logGet(43)) - raft.server.rpcslowness.timeout = 120s (custom)
2019-09-16 17:56:33,611 [pool-37-thread-1] INFO  server.RaftServerConfigKeys (ConfUtils.java:logGet(43)) - raft.server.storage.dir = [/workdir/hadoop-ozone/tools/target/test-dir/MiniOzoneClusterImpl-15d0669d-b250-4261-9bfd-fa60101ddcc7/datanode-1/data/ratis] (custom)
2019-09-16 17:56:33,612 [pool-27-thread-1] INFO  server.RaftServerConfigKeys (ConfUtils.java:logGet(43)) - raft.server.sleep.deviation.threshold = 300 (default)
2019-09-16 17:56:33,612 [pool-27-thread-1] INFO  server.RaftServerConfigKeys (ConfUtils.java:logGet(43)) - raft.server.log.appender.install.snapshot.enabled = false (custom)
2019-09-16 17:56:33,612 [pool-37-thread-1] INFO  storage.RaftStorageDirectory (RaftStorageDirectory.java:analyzeStorage(246)) - The storage directory /workdir/hadoop-ozone/tools/target/test-dir/MiniOzoneClusterImpl-15d0669d-b250-4261-9bfd-fa60101ddcc7/datanode-1/data/ratis/8976a1a2-b138-4af7-bd61-d5120ae2d385 does not exist. Creating ...
2019-09-16 17:56:33,612 [pool-27-thread-1] INFO  impl.RaftServerImpl (ServerState.java:<init>(103)) - 59cccd2f-755e-4c45-a890-da01592df45f@group-D5120AE2D385: ConfigurationManager, init=-1: [7631069e-55aa-48aa-a80c-68f378536a45:192.168.157.233:39369, 59cccd2f-755e-4c45-a890-da01592df45f:192.168.157.233:42719, d2644fda-0f6b-4964-8120-db19826e02a4:192.168.157.233:37608], old=null, confs=<EMPTY_MAP>
2019-09-16 17:56:33,612 [pool-27-thread-1] INFO  server.RaftServerConfigKeys (ConfUtils.java:logGet(43)) - raft.server.storage.dir = [/workdir/hadoop-ozone/tools/target/test-dir/MiniOzoneClusterImpl-15d0669d-b250-4261-9bfd-fa60101ddcc7/datanode-0/data/ratis] (custom)
2019-09-16 17:56:33,613 [pool-27-thread-1] INFO  storage.RaftStorageDirectory (RaftStorageDirectory.java:analyzeStorage(246)) - The storage directory /workdir/hadoop-ozone/tools/target/test-dir/MiniOzoneClusterImpl-15d0669d-b250-4261-9bfd-fa60101ddcc7/datanode-0/data/ratis/8976a1a2-b138-4af7-bd61-d5120ae2d385 does not exist. Creating ...
2019-09-16 17:56:33,635 [pool-27-thread-1] INFO  storage.RaftStorageDirectory (RaftStorageDirectory.java:tryLock(328)) - Lock on /workdir/hadoop-ozone/tools/target/test-dir/MiniOzoneClusterImpl-15d0669d-b250-4261-9bfd-fa60101ddcc7/datanode-0/data/ratis/8976a1a2-b138-4af7-bd61-d5120ae2d385/in_use.lock acquired by nodename 23793@pr-hdds-2120-x62sn-1884063469
2019-09-16 17:56:33,635 [pool-47-thread-1] INFO  storage.RaftStorageDirectory (RaftStorageDirectory.java:tryLock(328)) - Lock on /workdir/hadoop-ozone/tools/target/test-dir/MiniOzoneClusterImpl-15d0669d-b250-4261-9bfd-fa60101ddcc7/datanode-2/data/ratis/8976a1a2-b138-4af7-bd61-d5120ae2d385/in_use.lock acquired by nodename 23793@pr-hdds-2120-x62sn-1884063469
2019-09-16 17:56:33,635 [pool-37-thread-1] INFO  storage.RaftStorageDirectory (RaftStorageDirectory.java:tryLock(328)) - Lock on /workdir/hadoop-ozone/tools/target/test-dir/MiniOzoneClusterImpl-15d0669d-b250-4261-9bfd-fa60101ddcc7/datanode-1/data/ratis/8976a1a2-b138-4af7-bd61-d5120ae2d385/in_use.lock acquired by nodename 23793@pr-hdds-2120-x62sn-1884063469
2019-09-16 17:56:33,640 [main] INFO  ozone.MiniOzoneClusterImpl (MiniOzoneClusterImpl.java:lambda$waitForClusterToBeReady$0(140)) - Cluster is ready. Got 3 of 3 DN Heartbeats.
2019-09-16 17:56:33,655 [pool-27-thread-1] INFO  storage.RaftStorage (RaftStorage.java:format(72)) - Storage directory /workdir/hadoop-ozone/tools/target/test-dir/MiniOzoneClusterImpl-15d0669d-b250-4261-9bfd-fa60101ddcc7/datanode-0/data/ratis/8976a1a2-b138-4af7-bd61-d5120ae2d385 has been successfully formatted.
2019-09-16 17:56:33,655 [pool-37-thread-1] INFO  storage.RaftStorage (RaftStorage.java:format(72)) - Storage directory /workdir/hadoop-ozone/tools/target/test-dir/MiniOzoneClusterImpl-15d0669d-b250-4261-9bfd-fa60101ddcc7/datanode-1/data/ratis/8976a1a2-b138-4af7-bd61-d5120ae2d385 has been successfully formatted.
2019-09-16 17:56:33,655 [pool-47-thread-1] INFO  storage.RaftStorage (RaftStorage.java:format(72)) - Storage directory /workdir/hadoop-ozone/tools/target/test-dir/MiniOzoneClusterImpl-15d0669d-b250-4261-9bfd-fa60101ddcc7/datanode-2/data/ratis/8976a1a2-b138-4af7-bd61-d5120ae2d385 has been successfully formatted.
2019-09-16 17:56:33,656 [pool-37-thread-1] INFO  ratis.ContainerStateMachine (ContainerStateMachine.java:loadSnapshot(230)) - group-D5120AE2D385: The snapshot info is null. Setting the last applied indexto:(t:0, i:~)
2019-09-16 17:56:33,656 [pool-27-thread-1] INFO  ratis.ContainerStateMachine (ContainerStateMachine.java:loadSnapshot(230)) - group-D5120AE2D385: The snapshot info is null. Setting the last applied indexto:(t:0, i:~)
2019-09-16 17:56:33,656 [pool-47-thread-1] INFO  ratis.ContainerStateMachine (ContainerStateMachine.java:loadSnapshot(230)) - group-D5120AE2D385: The snapshot info is null. Setting the last applied indexto:(t:0, i:~)
2019-09-16 17:56:33,656 [pool-37-thread-1] INFO  server.RaftServerConfigKeys (ConfUtils.java:logGet(43)) - raft.server.notification.no-leader.timeout = 120s (custom)
2019-09-16 17:56:33,657 [pool-47-thread-1] INFO  server.RaftServerConfigKeys (ConfUtils.java:logGet(43)) - raft.server.notification.no-leader.timeout = 120s (custom)
2019-09-16 17:56:33,656 [pool-27-thread-1] INFO  server.RaftServerConfigKeys (ConfUtils.java:logGet(43)) - raft.server.notification.no-leader.timeout = 120s (custom)
2019-09-16 17:56:33,657 [pool-47-thread-1] INFO  server.RaftServerConfigKeys (ConfUtils.java:logGet(43)) - raft.server.log.use.memory = false (default)
2019-09-16 17:56:33,657 [pool-37-thread-1] INFO  server.RaftServerConfigKeys (ConfUtils.java:logGet(43)) - raft.server.log.use.memory = false (default)
2019-09-16 17:56:33,657 [pool-47-thread-1] INFO  server.RaftServerConfigKeys (ConfUtils.java:logGet(43)) - raft.server.log.purge.gap = 1000000 (custom)
2019-09-16 17:56:33,657 [pool-27-thread-1] INFO  server.RaftServerConfigKeys (ConfUtils.java:logGet(43)) - raft.server.log.use.memory = false (default)
2019-09-16 17:56:33,658 [pool-47-thread-1] INFO  server.RaftServerConfigKeys (ConfUtils.java:logGet(43)) - raft.server.log.appender.buffer.byte-limit = 33554432 (custom)
2019-09-16 17:56:33,658 [pool-37-thread-1] INFO  server.RaftServerConfigKeys (ConfUtils.java:logGet(43)) - raft.server.log.purge.gap = 1000000 (custom)
2019-09-16 17:56:33,658 [pool-47-thread-1] INFO  server.RaftServerConfigKeys (ConfUtils.java:logGet(43)) - raft.server.log.segment.size.max = 1048576 (custom)
2019-09-16 17:56:33,658 [pool-27-thread-1] INFO  server.RaftServerConfigKeys (ConfUtils.java:logGet(43)) - raft.server.log.purge.gap = 1000000 (custom)
2019-09-16 17:56:33,659 [pool-47-thread-1] INFO  server.RaftServerConfigKeys (ConfUtils.java:logGet(43)) - raft.server.log.segment.cache.num.max = 2 (custom)
2019-09-16 17:56:33,658 [pool-37-thread-1] INFO  server.RaftServerConfigKeys (ConfUtils.java:logGet(43)) - raft.server.log.appender.buffer.byte-limit = 33554432 (custom)
2019-09-16 17:56:33,659 [pool-47-thread-1] INFO  segmented.SegmentedRaftLogWorker (SegmentedRaftLogWorker.java:<init>(172)) - new 7631069e-55aa-48aa-a80c-68f378536a45@group-D5120AE2D385-SegmentedRaftLogWorker for RaftStorage:Storage Directory /workdir/hadoop-ozone/tools/target/test-dir/MiniOzoneClusterImpl-15d0669d-b250-4261-9bfd-fa60101ddcc7/datanode-2/data/ratis/8976a1a2-b138-4af7-bd61-d5120ae2d385
2019-09-16 17:56:33,659 [pool-27-thread-1] INFO  server.RaftServerConfigKeys (ConfUtils.java:logGet(43)) - raft.server.log.appender.buffer.byte-limit = 33554432 (custom)
2019-09-16 17:56:33,660 [pool-47-thread-1] INFO  server.RaftServerConfigKeys (ConfUtils.java:logGet(43)) - raft.server.log.queue.byte-limit = 2147483647 (custom)
2019-09-16 17:56:33,659 [pool-37-thread-1] INFO  server.RaftServerConfigKeys (ConfUtils.java:logGet(43)) - raft.server.log.segment.size.max = 1048576 (custom)
2019-09-16 17:56:33,660 [pool-47-thread-1] INFO  server.RaftServerConfigKeys (ConfUtils.java:logGet(43)) - raft.server.log.queue.element-limit = 1024 (custom)
2019-09-16 17:56:33,660 [pool-27-thread-1] INFO  server.RaftServerConfigKeys (ConfUtils.java:logGet(43)) - raft.server.log.segment.size.max = 1048576 (custom)
2019-09-16 17:56:33,661 [pool-47-thread-1] INFO  server.RaftServerConfigKeys (ConfUtils.java:logGet(43)) - raft.server.log.segment.size.max = 1048576 (custom)
2019-09-16 17:56:33,660 [pool-37-thread-1] INFO  server.RaftServerConfigKeys (ConfUtils.java:logGet(43)) - raft.server.log.segment.cache.num.max = 2 (custom)
2019-09-16 17:56:33,661 [pool-47-thread-1] INFO  server.RaftServerConfigKeys (ConfUtils.java:logGet(43)) - raft.server.log.preallocated.size = 16384 (custom)
2019-09-16 17:56:33,661 [pool-27-thread-1] INFO  server.RaftServerConfigKeys (ConfUtils.java:logGet(43)) - raft.server.log.segment.cache.num.max = 2 (custom)
2019-09-16 17:56:33,662 [pool-47-thread-1] INFO  server.RaftServerConfigKeys (ConfUtils.java:logGet(43)) - raft.server.log.write.buffer.size = 33554432 (custom)
2019-09-16 17:56:33,661 [pool-37-thread-1] INFO  segmented.SegmentedRaftLogWorker (SegmentedRaftLogWorker.java:<init>(172)) - new d2644fda-0f6b-4964-8120-db19826e02a4@group-D5120AE2D385-SegmentedRaftLogWorker for RaftStorage:Storage Directory /workdir/hadoop-ozone/tools/target/test-dir/MiniOzoneClusterImpl-15d0669d-b250-4261-9bfd-fa60101ddcc7/datanode-1/data/ratis/8976a1a2-b138-4af7-bd61-d5120ae2d385
2019-09-16 17:56:33,662 [pool-47-thread-1] INFO  server.RaftServerConfigKeys (ConfUtils.java:logGet(43)) - raft.server.log.force.sync.num = 128 (default)
2019-09-16 17:56:33,662 [pool-27-thread-1] INFO  segmented.SegmentedRaftLogWorker (SegmentedRaftLogWorker.java:<init>(172)) - new 59cccd2f-755e-4c45-a890-da01592df45f@group-D5120AE2D385-SegmentedRaftLogWorker for RaftStorage:Storage Directory /workdir/hadoop-ozone/tools/target/test-dir/MiniOzoneClusterImpl-15d0669d-b250-4261-9bfd-fa60101ddcc7/datanode-0/data/ratis/8976a1a2-b138-4af7-bd61-d5120ae2d385
2019-09-16 17:56:33,663 [pool-47-thread-1] INFO  server.RaftServerConfigKeys (ConfUtils.java:logGet(43)) - raft.server.log.statemachine.data.sync = true (default)
2019-09-16 17:56:33,663 [pool-47-thread-1] INFO  server.RaftServerConfigKeys (ConfUtils.java:logGet(43)) - raft.server.log.statemachine.data.sync.timeout = 10s (default)
2019-09-16 17:56:33,662 [pool-37-thread-1] INFO  server.RaftServerConfigKeys (ConfUtils.java:logGet(43)) - raft.server.log.queue.byte-limit = 2147483647 (custom)
2019-09-16 17:56:33,663 [pool-47-thread-1] INFO  server.RaftServerConfigKeys (ConfUtils.java:logGet(43)) - raft.server.log.statemachine.data.sync.timeout.retry = -1 (default)
2019-09-16 17:56:33,663 [pool-27-thread-1] INFO  server.RaftServerConfigKeys (ConfUtils.java:logGet(43)) - raft.server.log.queue.byte-limit = 2147483647 (custom)
2019-09-16 17:56:33,664 [pool-47-thread-1] INFO  server.RaftServerConfigKeys (ConfUtils.java:logGet(43)) - raft.server.log.statemachine.data.caching.enabled = true (custom)
2019-09-16 17:56:33,663 [pool-37-thread-1] INFO  server.RaftServerConfigKeys (ConfUtils.java:logGet(43)) - raft.server.log.queue.element-limit = 1024 (custom)
2019-09-16 17:56:33,664 [pool-27-thread-1] INFO  server.RaftServerConfigKeys (ConfUtils.java:logGet(43)) - raft.server.log.queue.element-limit = 1024 (custom)
2019-09-16 17:56:33,664 [pool-37-thread-1] INFO  server.RaftServerConfigKeys (ConfUtils.java:logGet(43)) - raft.server.log.segment.size.max = 1048576 (custom)
2019-09-16 17:56:33,665 [pool-27-thread-1] INFO  server.RaftServerConfigKeys (ConfUtils.java:logGet(43)) - raft.server.log.segment.size.max = 1048576 (custom)
2019-09-16 17:56:33,664 [pool-47-thread-1] INFO  segmented.SegmentedRaftLogWorker (SegmentedRaftLogWorker.java:lambda$new$0(132)) - 7631069e-55aa-48aa-a80c-68f378536a45@group-D5120AE2D385-SegmentedRaftLogWorker: flushIndex: setUnconditionally 0 -> -1
2019-09-16 17:56:33,665 [pool-27-thread-1] INFO  server.RaftServerConfigKeys (ConfUtils.java:logGet(43)) - raft.server.log.preallocated.size = 16384 (custom)
2019-09-16 17:56:33,665 [pool-37-thread-1] INFO  server.RaftServerConfigKeys (ConfUtils.java:logGet(43)) - raft.server.log.preallocated.size = 16384 (custom)
2019-09-16 17:56:33,665 [pool-47-thread-1] INFO  server.RaftServerConfigKeys (ConfUtils.java:logGet(43)) - raft.server.snapshot.auto.trigger.enabled = true (custom)
2019-09-16 17:56:33,665 [pool-27-thread-1] INFO  server.RaftServerConfigKeys (ConfUtils.java:logGet(43)) - raft.server.log.write.buffer.size = 33554432 (custom)
2019-09-16 17:56:33,666 [pool-47-thread-1] INFO  server.RaftServerConfigKeys (ConfUtils.java:logGet(43)) - raft.server.snapshot.auto.trigger.threshold = 10000 (custom)
2019-09-16 17:56:33,665 [pool-37-thread-1] INFO  server.RaftServerConfigKeys (ConfUtils.java:logGet(43)) - raft.server.log.write.buffer.size = 33554432 (custom)
2019-09-16 17:56:33,666 [pool-47-thread-1] INFO  server.RaftServerConfigKeys (ConfUtils.java:logGet(43)) - raft.server.snapshot.retention.num.files = -1 (default)
2019-09-16 17:56:33,666 [pool-27-thread-1] INFO  server.RaftServerConfigKeys (ConfUtils.java:logGet(43)) - raft.server.log.force.sync.num = 128 (default)
2019-09-16 17:56:33,666 [pool-37-thread-1] INFO  server.RaftServerConfigKeys (ConfUtils.java:logGet(43)) - raft.server.log.force.sync.num = 128 (default)
2019-09-16 17:56:33,667 [pool-47-thread-1] INFO  server.RaftServerConfigKeys (ConfUtils.java:logGet(43)) - raft.server.retrycache.expirytime = 600000ms (custom)
2019-09-16 17:56:33,666 [pool-27-thread-1] INFO  server.RaftServerConfigKeys (ConfUtils.java:logGet(43)) - raft.server.log.statemachine.data.sync = true (default)
2019-09-16 17:56:33,667 [pool-37-thread-1] INFO  server.RaftServerConfigKeys (ConfUtils.java:logGet(43)) - raft.server.log.statemachine.data.sync = true (default)
2019-09-16 17:56:33,667 [pool-27-thread-1] INFO  server.RaftServerConfigKeys (ConfUtils.java:logGet(43)) - raft.server.log.statemachine.data.sync.timeout = 10s (default)
2019-09-16 17:56:33,667 [pool-37-thread-1] INFO  server.RaftServerConfigKeys (ConfUtils.java:logGet(43)) - raft.server.log.statemachine.data.sync.timeout = 10s (default)
2019-09-16 17:56:33,667 [pool-27-thread-1] INFO  server.RaftServerConfigKeys (ConfUtils.java:logGet(43)) - raft.server.log.statemachine.data.sync.timeout.retry = -1 (default)
2019-09-16 17:56:33,668 [pool-37-thread-1] INFO  server.RaftServerConfigKeys (ConfUtils.java:logGet(43)) - raft.server.log.statemachine.data.sync.timeout.retry = -1 (default)
2019-09-16 17:56:33,668 [pool-27-thread-1] INFO  server.RaftServerConfigKeys (ConfUtils.java:logGet(43)) - raft.server.log.statemachine.data.caching.enabled = true (custom)
2019-09-16 17:56:33,668 [pool-37-thread-1] INFO  server.RaftServerConfigKeys (ConfUtils.java:logGet(43)) - raft.server.log.statemachine.data.caching.enabled = true (custom)
2019-09-16 17:56:33,668 [pool-27-thread-1] INFO  segmented.SegmentedRaftLogWorker (SegmentedRaftLogWorker.java:lambda$new$0(132)) - 59cccd2f-755e-4c45-a890-da01592df45f@group-D5120AE2D385-SegmentedRaftLogWorker: flushIndex: setUnconditionally 0 -> -1
2019-09-16 17:56:33,668 [pool-37-thread-1] INFO  segmented.SegmentedRaftLogWorker (SegmentedRaftLogWorker.java:lambda$new$0(132)) - d2644fda-0f6b-4964-8120-db19826e02a4@group-D5120AE2D385-SegmentedRaftLogWorker: flushIndex: setUnconditionally 0 -> -1
2019-09-16 17:56:33,669 [pool-27-thread-1] INFO  server.RaftServerConfigKeys (ConfUtils.java:logGet(43)) - raft.server.snapshot.auto.trigger.enabled = true (custom)
2019-09-16 17:56:33,669 [pool-27-thread-1] INFO  server.RaftServerConfigKeys (ConfUtils.java:logGet(43)) - raft.server.snapshot.auto.trigger.threshold = 10000 (custom)
2019-09-16 17:56:33,669 [pool-37-thread-1] INFO  server.RaftServerConfigKeys (ConfUtils.java:logGet(43)) - raft.server.snapshot.auto.trigger.enabled = true (custom)
2019-09-16 17:56:33,669 [pool-27-thread-1] INFO  server.RaftServerConfigKeys (ConfUtils.java:logGet(43)) - raft.server.snapshot.retention.num.files = -1 (default)
2019-09-16 17:56:33,669 [pool-37-thread-1] INFO  server.RaftServerConfigKeys (ConfUtils.java:logGet(43)) - raft.server.snapshot.auto.trigger.threshold = 10000 (custom)
2019-09-16 17:56:33,669 [pool-27-thread-1] INFO  server.RaftServerConfigKeys (ConfUtils.java:logGet(43)) - raft.server.retrycache.expirytime = 600000ms (custom)
2019-09-16 17:56:33,669 [pool-37-thread-1] INFO  server.RaftServerConfigKeys (ConfUtils.java:logGet(43)) - raft.server.snapshot.retention.num.files = -1 (default)
2019-09-16 17:56:33,670 [pool-37-thread-1] INFO  server.RaftServerConfigKeys (ConfUtils.java:logGet(43)) - raft.server.retrycache.expirytime = 600000ms (custom)
2019-09-16 17:56:33,673 [pool-47-thread-1] INFO  impl.RaftServerImpl (RaftServerImpl.java:start(185)) - 7631069e-55aa-48aa-a80c-68f378536a45@group-D5120AE2D385: start as a follower, conf=-1: [7631069e-55aa-48aa-a80c-68f378536a45:192.168.157.233:39369, 59cccd2f-755e-4c45-a890-da01592df45f:192.168.157.233:42719, d2644fda-0f6b-4964-8120-db19826e02a4:192.168.157.233:37608], old=null
2019-09-16 17:56:33,673 [pool-47-thread-1] INFO  impl.RaftServerImpl (RaftServerImpl.java:setRole(174)) - 7631069e-55aa-48aa-a80c-68f378536a45@group-D5120AE2D385: changes role from      null to FOLLOWER at term 0 for startAsFollower
2019-09-16 17:56:33,673 [pool-47-thread-1] INFO  impl.RoleInfo (RoleInfo.java:updateAndGet(143)) - 7631069e-55aa-48aa-a80c-68f378536a45: start FollowerState
2019-09-16 17:56:33,675 [pool-47-thread-1] INFO  util.JmxRegister (JmxRegister.java:tryRegister(44)) - Successfully registered JMX Bean with object name Ratis:service=RaftServer,group=group-D5120AE2D385,id=7631069e-55aa-48aa-a80c-68f378536a45
2019-09-16 17:56:33,679 [pool-27-thread-1] INFO  impl.RaftServerImpl (RaftServerImpl.java:start(185)) - 59cccd2f-755e-4c45-a890-da01592df45f@group-D5120AE2D385: start as a follower, conf=-1: [7631069e-55aa-48aa-a80c-68f378536a45:192.168.157.233:39369, 59cccd2f-755e-4c45-a890-da01592df45f:192.168.157.233:42719, d2644fda-0f6b-4964-8120-db19826e02a4:192.168.157.233:37608], old=null
2019-09-16 17:56:33,679 [pool-27-thread-1] INFO  impl.RaftServerImpl (RaftServerImpl.java:setRole(174)) - 59cccd2f-755e-4c45-a890-da01592df45f@group-D5120AE2D385: changes role from      null to FOLLOWER at term 0 for startAsFollower
2019-09-16 17:56:33,680 [pool-27-thread-1] INFO  impl.RoleInfo (RoleInfo.java:updateAndGet(143)) - 59cccd2f-755e-4c45-a890-da01592df45f: start FollowerState
2019-09-16 17:56:33,682 [pool-27-thread-1] INFO  util.JmxRegister (JmxRegister.java:tryRegister(44)) - Successfully registered JMX Bean with object name Ratis:service=RaftServer,group=group-D5120AE2D385,id=59cccd2f-755e-4c45-a890-da01592df45f
2019-09-16 17:56:33,689 [pool-37-thread-1] INFO  impl.RaftServerImpl (RaftServerImpl.java:start(185)) - d2644fda-0f6b-4964-8120-db19826e02a4@group-D5120AE2D385: start as a follower, conf=-1: [7631069e-55aa-48aa-a80c-68f378536a45:192.168.157.233:39369, 59cccd2f-755e-4c45-a890-da01592df45f:192.168.157.233:42719, d2644fda-0f6b-4964-8120-db19826e02a4:192.168.157.233:37608], old=null
2019-09-16 17:56:33,690 [pool-37-thread-1] INFO  impl.RaftServerImpl (RaftServerImpl.java:setRole(174)) - d2644fda-0f6b-4964-8120-db19826e02a4@group-D5120AE2D385: changes role from      null to FOLLOWER at term 0 for startAsFollower
2019-09-16 17:56:33,690 [pool-37-thread-1] INFO  impl.RoleInfo (RoleInfo.java:updateAndGet(143)) - d2644fda-0f6b-4964-8120-db19826e02a4: start FollowerState
2019-09-16 17:56:33,693 [pool-37-thread-1] INFO  util.JmxRegister (JmxRegister.java:tryRegister(44)) - Successfully registered JMX Bean with object name Ratis:service=RaftServer,group=group-D5120AE2D385,id=d2644fda-0f6b-4964-8120-db19826e02a4
2019-09-16 17:56:33,710 [RatisPipelineUtilsThread] INFO  pipeline.PipelineStateManager (PipelineStateManager.java:addPipeline(56)) - Created pipeline Pipeline[ Id: 8976a1a2-b138-4af7-bd61-d5120ae2d385, Nodes: d2644fda-0f6b-4964-8120-db19826e02a4{ip: 192.168.157.233, host: pr-hdds-2120-x62sn-1884063469, networkLocation: /default-rack, certSerialId: null}7631069e-55aa-48aa-a80c-68f378536a45{ip: 192.168.157.233, host: pr-hdds-2120-x62sn-1884063469, networkLocation: /default-rack, certSerialId: null}59cccd2f-755e-4c45-a890-da01592df45f{ip: 192.168.157.233, host: pr-hdds-2120-x62sn-1884063469, networkLocation: /default-rack, certSerialId: null}, Type:RATIS, Factor:THREE, State:OPEN]
2019-09-16 17:56:34,271 [main] INFO  freon.RandomKeyGenerator (RandomKeyGenerator.java:call(283)) - Number of Threads: 10
2019-09-16 17:56:34,272 [main] INFO  freon.RandomKeyGenerator (RandomKeyGenerator.java:call(288)) - Number of Volumes: 1.
2019-09-16 17:56:34,272 [main] INFO  freon.RandomKeyGenerator (RandomKeyGenerator.java:call(289)) - Number of Buckets per Volume: 1.
2019-09-16 17:56:34,272 [main] INFO  freon.RandomKeyGenerator (RandomKeyGenerator.java:call(290)) - Number of Keys per Bucket: 1.
2019-09-16 17:56:34,272 [main] INFO  freon.RandomKeyGenerator (RandomKeyGenerator.java:call(291)) - Key size: 20971520 bytes
2019-09-16 17:56:34,273 [main] INFO  freon.RandomKeyGenerator (RandomKeyGenerator.java:call(292)) - Buffer size: 4096 bytes
2019-09-16 17:56:34,273 [main] INFO  freon.RandomKeyGenerator (RandomKeyGenerator.java:call(293)) - validateWrites : true
2019-09-16 17:56:34,279 [main] INFO  freon.RandomKeyGenerator (RandomKeyGenerator.java:call(307)) - Data validation is enabled.
2019-09-16 17:56:34,280 [main] INFO  freon.RandomKeyGenerator (RandomKeyGenerator.java:call(313)) - Starting progress bar Thread.

 0.00% |█                                                                                                    |  0/1 Time: 0:00:002019-09-16 17:56:34,310 [pool-53-thread-1] INFO  rpc.RpcClient (RpcClient.java:createVolume(301)) - Creating Volume: vol-0-67300, with jenkins1000 as owner.
2019-09-16 17:56:34,429 [IPC Server handler 0 on 39534] INFO  volume.OMVolumeCreateRequest (OMVolumeCreateRequest.java:validateAndUpdateCache(189)) - created volume:vol-0-67300 for user:jenkins1000
2019-09-16 17:56:34,469 [pool-53-thread-2] INFO  rpc.RpcClient (RpcClient.java:createBucket(440)) - Creating Bucket: vol-0-67300/bucket-0-77719, with Versioning false and Storage Type set to DISK and Encryption set to false 
2019-09-16 17:56:34,956 [pool-53-thread-3] INFO  impl.MetricsSystemImpl (MetricsSystemImpl.java:init(158)) - XceiverClientMetrics metrics system started (again)
2019-09-16 17:56:35,111 [grpc-default-executor-1] INFO  client.GrpcClientProtocolClient (GrpcClientProtocolClient.java:onNext(264)) - client-B56BA4945CBF->d2644fda-0f6b-4964-8120-db19826e02a4: receive RaftClientReply:client-B56BA4945CBF->d2644fda-0f6b-4964-8120-db19826e02a4@group-D5120AE2D385, cid=6, FAILED org.apache.ratis.protocol.NotLeaderException: Server d2644fda-0f6b-4964-8120-db19826e02a4@group-D5120AE2D385 is not the leader, logIndex=0, commits[d2644fda-0f6b-4964-8120-db19826e02a4:c-1]
 0.00% |█                                                                                                    |  0/1 Time: 0:00:012019-09-16 17:56:35,543 [Thread-178] INFO  container.ReplicationManager (ReplicationManager.java:start(162)) - Starting Replication Monitor Thread.
2019-09-16 17:56:35,545 [ReplicationMonitor] INFO  container.ReplicationManager (ReplicationManager.java:run(225)) - Replication Monitor Thread took 1 milliseconds for processing 3 containers.
2019-09-16 17:56:36,162 [grpc-default-executor-1] INFO  client.GrpcClientProtocolClient (GrpcClientProtocolClient.java:onNext(264)) - client-B56BA4945CBF->7631069e-55aa-48aa-a80c-68f378536a45: receive RaftClientReply:client-B56BA4945CBF->7631069e-55aa-48aa-a80c-68f378536a45@group-D5120AE2D385, cid=6, FAILED org.apache.ratis.protocol.NotLeaderException: Server 7631069e-55aa-48aa-a80c-68f378536a45@group-D5120AE2D385 is not the leader, logIndex=0, commits[7631069e-55aa-48aa-a80c-68f378536a45:c-1]
 0.00% |█                                                                                                    |  0/1 Time: 0:00:022019-09-16 17:56:37,207 [grpc-default-executor-2] INFO  client.GrpcClientProtocolClient (GrpcClientProtocolClient.java:onNext(264)) - client-B56BA4945CBF->59cccd2f-755e-4c45-a890-da01592df45f: receive RaftClientReply:client-B56BA4945CBF->59cccd2f-755e-4c45-a890-da01592df45f@group-D5120AE2D385, cid=6, FAILED org.apache.ratis.protocol.NotLeaderException: Server 59cccd2f-755e-4c45-a890-da01592df45f@group-D5120AE2D385 is not the leader, logIndex=0, commits[59cccd2f-755e-4c45-a890-da01592df45f:c-1]
 0.00% |█                                                                                                    |  0/1 Time: 0:00:032019-09-16 17:56:38,245 [grpc-default-executor-1] INFO  client.GrpcClientProtocolClient (GrpcClientProtocolClient.java:onNext(264)) - client-B56BA4945CBF->d2644fda-0f6b-4964-8120-db19826e02a4: receive RaftClientReply:client-B56BA4945CBF->d2644fda-0f6b-4964-8120-db19826e02a4@group-D5120AE2D385, cid=6, FAILED org.apache.ratis.protocol.NotLeaderException: Server d2644fda-0f6b-4964-8120-db19826e02a4@group-D5120AE2D385 is not the leader, logIndex=0, commits[d2644fda-0f6b-4964-8120-db19826e02a4:c-1]
 0.00% |█                                                                                                    |  0/1 Time: 0:00:042019-09-16 17:56:38,308 [Thread-180] INFO  impl.FollowerState (FollowerState.java:run(106)) - 59cccd2f-755e-4c45-a890-da01592df45f:group-A6244D3ADA9C changes to CANDIDATE, lastRpcTime:5060, electionTimeout:5059ms
2019-09-16 17:56:38,312 [Thread-180] INFO  impl.RoleInfo (RoleInfo.java:shutdownFollowerState(121)) - 59cccd2f-755e-4c45-a890-da01592df45f: shutdown FollowerState
2019-09-16 17:56:38,312 [Thread-180] INFO  impl.RaftServerImpl (RaftServerImpl.java:setRole(174)) - 59cccd2f-755e-4c45-a890-da01592df45f@group-A6244D3ADA9C: changes role from  FOLLOWER to CANDIDATE at term 0 for changeToCandidate
2019-09-16 17:56:38,319 [Thread-180] INFO  impl.RoleInfo (RoleInfo.java:updateAndGet(143)) - 59cccd2f-755e-4c45-a890-da01592df45f: start LeaderElection
2019-09-16 17:56:38,347 [59cccd2f-755e-4c45-a890-da01592df45f@group-A6244D3ADA9C:LeaderElection1] INFO  impl.LeaderElection (LeaderElection.java:askForVotes(182)) - 59cccd2f-755e-4c45-a890-da01592df45f@group-A6244D3ADA9C:LeaderElection1: begin an election at term 1 for -1: [59cccd2f-755e-4c45-a890-da01592df45f:192.168.157.233:42719], old=null
2019-09-16 17:56:38,350 [59cccd2f-755e-4c45-a890-da01592df45f@group-A6244D3ADA9C:LeaderElection1] INFO  impl.RoleInfo (RoleInfo.java:shutdownLeaderElection(134)) - 59cccd2f-755e-4c45-a890-da01592df45f: shutdown LeaderElection
2019-09-16 17:56:38,350 [59cccd2f-755e-4c45-a890-da01592df45f@group-A6244D3ADA9C:LeaderElection1] INFO  impl.RaftServerImpl (RaftServerImpl.java:setRole(174)) - 59cccd2f-755e-4c45-a890-da01592df45f@group-A6244D3ADA9C: changes role from CANDIDATE to LEADER at term 1 for changeToLeader
2019-09-16 17:56:38,351 [59cccd2f-755e-4c45-a890-da01592df45f@group-A6244D3ADA9C:LeaderElection1] INFO  impl.RaftServerImpl (ServerState.java:setLeader(253)) - 59cccd2f-755e-4c45-a890-da01592df45f@group-A6244D3ADA9C: change Leader from null to 59cccd2f-755e-4c45-a890-da01592df45f at term 1 for becomeLeader, leader elected after 5218ms
2019-09-16 17:56:38,359 [59cccd2f-755e-4c45-a890-da01592df45f@group-A6244D3ADA9C:LeaderElection1] INFO  server.RaftServerConfigKeys (ConfUtils.java:logGet(43)) - raft.server.staging.catchup.gap = 1000 (default)
2019-09-16 17:56:38,360 [59cccd2f-755e-4c45-a890-da01592df45f@group-A6244D3ADA9C:LeaderElection1] INFO  server.RaftServerConfigKeys (ConfUtils.java:logGet(43)) - raft.server.rpc.sleep.time = 25ms (default)
2019-09-16 17:56:38,363 [59cccd2f-755e-4c45-a890-da01592df45f@group-A6244D3ADA9C:LeaderElection1] INFO  server.RaftServerConfigKeys (ConfUtils.java:logGet(43)) - raft.server.write.element-limit = 4096 (default)
2019-09-16 17:56:38,367 [59cccd2f-755e-4c45-a890-da01592df45f@group-A6244D3ADA9C:LeaderElection1] INFO  server.RaftServerConfigKeys (ConfUtils.java:logGet(43)) - raft.server.watch.timeout = 10s (default)
2019-09-16 17:56:38,367 [59cccd2f-755e-4c45-a890-da01592df45f@group-A6244D3ADA9C:LeaderElection1] INFO  server.RaftServerConfigKeys (ConfUtils.java:logGet(43)) - raft.server.watch.timeout.denomination = 1s (default)
2019-09-16 17:56:38,368 [59cccd2f-755e-4c45-a890-da01592df45f@group-A6244D3ADA9C:LeaderElection1] INFO  server.RaftServerConfigKeys (ConfUtils.java:logGet(43)) - raft.server.watch.element-limit = 65536 (default)
2019-09-16 17:56:38,385 [59cccd2f-755e-4c45-a890-da01592df45f@group-A6244D3ADA9C:LeaderElection1] INFO  impl.RoleInfo (RoleInfo.java:updateAndGet(143)) - 59cccd2f-755e-4c45-a890-da01592df45f: start LeaderState
2019-09-16 17:56:38,411 [59cccd2f-755e-4c45-a890-da01592df45f@group-A6244D3ADA9C:LeaderElection1] INFO  segmented.SegmentedRaftLogWorker (SegmentedRaftLogWorker.java:startLogSegment(380)) - 59cccd2f-755e-4c45-a890-da01592df45f@group-A6244D3ADA9C-SegmentedRaftLogWorker: Starting segment from index:0
2019-09-16 17:56:38,420 [59cccd2f-755e-4c45-a890-da01592df45f@group-A6244D3ADA9C:LeaderElection1] INFO  impl.RaftServerImpl (ServerState.java:setRaftConf(354)) - 59cccd2f-755e-4c45-a890-da01592df45f@group-A6244D3ADA9C: set configuration 0: [59cccd2f-755e-4c45-a890-da01592df45f:192.168.157.233:42719], old=null at 0
2019-09-16 17:56:38,478 [Thread-183] INFO  impl.FollowerState (FollowerState.java:run(106)) - d2644fda-0f6b-4964-8120-db19826e02a4:group-AB10CBE08C5C changes to CANDIDATE, lastRpcTime:5066, electionTimeout:5065ms
2019-09-16 17:56:38,480 [Thread-183] INFO  impl.RoleInfo (RoleInfo.java:shutdownFollowerState(121)) - d2644fda-0f6b-4964-8120-db19826e02a4: shutdown FollowerState
2019-09-16 17:56:38,480 [Thread-183] INFO  impl.RaftServerImpl (RaftServerImpl.java:setRole(174)) - d2644fda-0f6b-4964-8120-db19826e02a4@group-AB10CBE08C5C: changes role from  FOLLOWER to CANDIDATE at term 0 for changeToCandidate
2019-09-16 17:56:38,480 [Thread-183] INFO  impl.RoleInfo (RoleInfo.java:updateAndGet(143)) - d2644fda-0f6b-4964-8120-db19826e02a4: start LeaderElection
2019-09-16 17:56:38,498 [d2644fda-0f6b-4964-8120-db19826e02a4@group-AB10CBE08C5C:LeaderElection2] INFO  impl.LeaderElection (LeaderElection.java:askForVotes(182)) - d2644fda-0f6b-4964-8120-db19826e02a4@group-AB10CBE08C5C:LeaderElection2: begin an election at term 1 for -1: [d2644fda-0f6b-4964-8120-db19826e02a4:192.168.157.233:37608], old=null
2019-09-16 17:56:38,501 [d2644fda-0f6b-4964-8120-db19826e02a4@group-AB10CBE08C5C:LeaderElection2] INFO  impl.RoleInfo (RoleInfo.java:shutdownLeaderElection(134)) - d2644fda-0f6b-4964-8120-db19826e02a4: shutdown LeaderElection
2019-09-16 17:56:38,501 [d2644fda-0f6b-4964-8120-db19826e02a4@group-AB10CBE08C5C:LeaderElection2] INFO  impl.RaftServerImpl (RaftServerImpl.java:setRole(174)) - d2644fda-0f6b-4964-8120-db19826e02a4@group-AB10CBE08C5C: changes role from CANDIDATE to LEADER at term 1 for changeToLeader
2019-09-16 17:56:38,501 [d2644fda-0f6b-4964-8120-db19826e02a4@group-AB10CBE08C5C:LeaderElection2] INFO  impl.RaftServerImpl (ServerState.java:setLeader(253)) - d2644fda-0f6b-4964-8120-db19826e02a4@group-AB10CBE08C5C: change Leader from null to d2644fda-0f6b-4964-8120-db19826e02a4 at term 1 for becomeLeader, leader elected after 5107ms
2019-09-16 17:56:38,502 [d2644fda-0f6b-4964-8120-db19826e02a4@group-AB10CBE08C5C:LeaderElection2] INFO  server.RaftServerConfigKeys (ConfUtils.java:logGet(43)) - raft.server.staging.catchup.gap = 1000 (default)
2019-09-16 17:56:38,502 [d2644fda-0f6b-4964-8120-db19826e02a4@group-AB10CBE08C5C:LeaderElection2] INFO  server.RaftServerConfigKeys (ConfUtils.java:logGet(43)) - raft.server.rpc.sleep.time = 25ms (default)
2019-09-16 17:56:38,502 [d2644fda-0f6b-4964-8120-db19826e02a4@group-AB10CBE08C5C:LeaderElection2] INFO  server.RaftServerConfigKeys (ConfUtils.java:logGet(43)) - raft.server.write.element-limit = 4096 (default)
2019-09-16 17:56:38,502 [d2644fda-0f6b-4964-8120-db19826e02a4@group-AB10CBE08C5C:LeaderElection2] INFO  server.RaftServerConfigKeys (ConfUtils.java:logGet(43)) - raft.server.watch.timeout = 10s (default)
2019-09-16 17:56:38,502 [d2644fda-0f6b-4964-8120-db19826e02a4@group-AB10CBE08C5C:LeaderElection2] INFO  server.RaftServerConfigKeys (ConfUtils.java:logGet(43)) - raft.server.watch.timeout.denomination = 1s (default)
2019-09-16 17:56:38,503 [d2644fda-0f6b-4964-8120-db19826e02a4@group-AB10CBE08C5C:LeaderElection2] INFO  server.RaftServerConfigKeys (ConfUtils.java:logGet(43)) - raft.server.watch.element-limit = 65536 (default)
2019-09-16 17:56:38,507 [d2644fda-0f6b-4964-8120-db19826e02a4@group-AB10CBE08C5C:LeaderElection2] INFO  impl.RoleInfo (RoleInfo.java:updateAndGet(143)) - d2644fda-0f6b-4964-8120-db19826e02a4: start LeaderState
2019-09-16 17:56:38,507 [d2644fda-0f6b-4964-8120-db19826e02a4@group-AB10CBE08C5C:LeaderElection2] INFO  segmented.SegmentedRaftLogWorker (SegmentedRaftLogWorker.java:startLogSegment(380)) - d2644fda-0f6b-4964-8120-db19826e02a4@group-AB10CBE08C5C-SegmentedRaftLogWorker: Starting segment from index:0
2019-09-16 17:56:38,508 [d2644fda-0f6b-4964-8120-db19826e02a4@group-AB10CBE08C5C:LeaderElection2] INFO  impl.RaftServerImpl (ServerState.java:setRaftConf(354)) - d2644fda-0f6b-4964-8120-db19826e02a4@group-AB10CBE08C5C: set configuration 0: [d2644fda-0f6b-4964-8120-db19826e02a4:192.168.157.233:37608], old=null at 0
2019-09-16 17:56:38,621 [59cccd2f-755e-4c45-a890-da01592df45f@group-A6244D3ADA9C-SegmentedRaftLogWorker] INFO  segmented.SegmentedRaftLogWorker (SegmentedRaftLogWorker.java:execute(569)) - 59cccd2f-755e-4c45-a890-da01592df45f@group-A6244D3ADA9C-SegmentedRaftLogWorker: created new log segment /workdir/hadoop-ozone/tools/target/test-dir/MiniOzoneClusterImpl-15d0669d-b250-4261-9bfd-fa60101ddcc7/datanode-0/data/ratis/313a2644-8fcb-4144-ac55-a6244d3ada9c/current/log_inprogress_0
2019-09-16 17:56:38,621 [d2644fda-0f6b-4964-8120-db19826e02a4@group-AB10CBE08C5C-SegmentedRaftLogWorker] INFO  segmented.SegmentedRaftLogWorker (SegmentedRaftLogWorker.java:execute(569)) - d2644fda-0f6b-4964-8120-db19826e02a4@group-AB10CBE08C5C-SegmentedRaftLogWorker: created new log segment /workdir/hadoop-ozone/tools/target/test-dir/MiniOzoneClusterImpl-15d0669d-b250-4261-9bfd-fa60101ddcc7/datanode-1/data/ratis/2b7fd54b-4da5-4627-8f3d-ab10cbe08c5c/current/log_inprogress_0
2019-09-16 17:56:38,678 [Thread-186] INFO  impl.FollowerState (FollowerState.java:run(106)) - 7631069e-55aa-48aa-a80c-68f378536a45:group-5E69BB7B66C3 changes to CANDIDATE, lastRpcTime:5135, electionTimeout:5135ms
2019-09-16 17:56:38,678 [Thread-186] INFO  impl.RoleInfo (RoleInfo.java:shutdownFollowerState(121)) - 7631069e-55aa-48aa-a80c-68f378536a45: shutdown FollowerState
2019-09-16 17:56:38,679 [Thread-186] INFO  impl.RaftServerImpl (RaftServerImpl.java:setRole(174)) - 7631069e-55aa-48aa-a80c-68f378536a45@group-5E69BB7B66C3: changes role from  FOLLOWER to CANDIDATE at term 0 for changeToCandidate
2019-09-16 17:56:38,679 [Thread-186] INFO  impl.RoleInfo (RoleInfo.java:updateAndGet(143)) - 7631069e-55aa-48aa-a80c-68f378536a45: start LeaderElection
2019-09-16 17:56:38,692 [Thread-191] INFO  impl.FollowerState (FollowerState.java:run(106)) - 7631069e-55aa-48aa-a80c-68f378536a45:group-D5120AE2D385 changes to CANDIDATE, lastRpcTime:5018, electionTimeout:5018ms
2019-09-16 17:56:38,692 [Thread-191] INFO  impl.RoleInfo (RoleInfo.java:shutdownFollowerState(121)) - 7631069e-55aa-48aa-a80c-68f378536a45: shutdown FollowerState
2019-09-16 17:56:38,692 [Thread-191] INFO  impl.RaftServerImpl (RaftServerImpl.java:setRole(174)) - 7631069e-55aa-48aa-a80c-68f378536a45@group-D5120AE2D385: changes role from  FOLLOWER to CANDIDATE at term 0 for changeToCandidate
2019-09-16 17:56:38,693 [Thread-191] INFO  impl.RoleInfo (RoleInfo.java:updateAndGet(143)) - 7631069e-55aa-48aa-a80c-68f378536a45: start LeaderElection
2019-09-16 17:56:38,705 [7631069e-55aa-48aa-a80c-68f378536a45@group-5E69BB7B66C3:LeaderElection3] INFO  impl.LeaderElection (LeaderElection.java:askForVotes(182)) - 7631069e-55aa-48aa-a80c-68f378536a45@group-5E69BB7B66C3:LeaderElection3: begin an election at term 1 for -1: [7631069e-55aa-48aa-a80c-68f378536a45:192.168.157.233:39369], old=null
2019-09-16 17:56:38,706 [7631069e-55aa-48aa-a80c-68f378536a45@group-D5120AE2D385:LeaderElection4] INFO  impl.LeaderElection (LeaderElection.java:askForVotes(182)) - 7631069e-55aa-48aa-a80c-68f378536a45@group-D5120AE2D385:LeaderElection4: begin an election at term 1 for -1: [7631069e-55aa-48aa-a80c-68f378536a45:192.168.157.233:39369, 59cccd2f-755e-4c45-a890-da01592df45f:192.168.157.233:42719, d2644fda-0f6b-4964-8120-db19826e02a4:192.168.157.233:37608], old=null
2019-09-16 17:56:38,706 [7631069e-55aa-48aa-a80c-68f378536a45@group-5E69BB7B66C3:LeaderElection3] INFO  impl.RoleInfo (RoleInfo.java:shutdownLeaderElection(134)) - 7631069e-55aa-48aa-a80c-68f378536a45: shutdown LeaderElection
2019-09-16 17:56:38,706 [7631069e-55aa-48aa-a80c-68f378536a45@group-5E69BB7B66C3:LeaderElection3] INFO  impl.RaftServerImpl (RaftServerImpl.java:setRole(174)) - 7631069e-55aa-48aa-a80c-68f378536a45@group-5E69BB7B66C3: changes role from CANDIDATE to LEADER at term 1 for changeToLeader
2019-09-16 17:56:38,706 [7631069e-55aa-48aa-a80c-68f378536a45@group-5E69BB7B66C3:LeaderElection3] INFO  impl.RaftServerImpl (ServerState.java:setLeader(253)) - 7631069e-55aa-48aa-a80c-68f378536a45@group-5E69BB7B66C3: change Leader from null to 7631069e-55aa-48aa-a80c-68f378536a45 at term 1 for becomeLeader, leader elected after 5204ms
2019-09-16 17:56:38,707 [7631069e-55aa-48aa-a80c-68f378536a45@group-5E69BB7B66C3:LeaderElection3] INFO  server.RaftServerConfigKeys (ConfUtils.java:logGet(43)) - raft.server.staging.catchup.gap = 1000 (default)
2019-09-16 17:56:38,707 [7631069e-55aa-48aa-a80c-68f378536a45@group-5E69BB7B66C3:LeaderElection3] INFO  server.RaftServerConfigKeys (ConfUtils.java:logGet(43)) - raft.server.rpc.sleep.time = 25ms (default)
2019-09-16 17:56:38,707 [7631069e-55aa-48aa-a80c-68f378536a45@group-5E69BB7B66C3:LeaderElection3] INFO  server.RaftServerConfigKeys (ConfUtils.java:logGet(43)) - raft.server.write.element-limit = 4096 (default)
2019-09-16 17:56:38,707 [7631069e-55aa-48aa-a80c-68f378536a45@group-5E69BB7B66C3:LeaderElection3] INFO  server.RaftServerConfigKeys (ConfUtils.java:logGet(43)) - raft.server.watch.timeout = 10s (default)
2019-09-16 17:56:38,708 [7631069e-55aa-48aa-a80c-68f378536a45@group-5E69BB7B66C3:LeaderElection3] INFO  server.RaftServerConfigKeys (ConfUtils.java:logGet(43)) - raft.server.watch.timeout.denomination = 1s (default)
2019-09-16 17:56:38,708 [7631069e-55aa-48aa-a80c-68f378536a45@group-5E69BB7B66C3:LeaderElection3] INFO  server.RaftServerConfigKeys (ConfUtils.java:logGet(43)) - raft.server.watch.element-limit = 65536 (default)
2019-09-16 17:56:38,712 [7631069e-55aa-48aa-a80c-68f378536a45@group-5E69BB7B66C3:LeaderElection3] INFO  impl.RoleInfo (RoleInfo.java:updateAndGet(143)) - 7631069e-55aa-48aa-a80c-68f378536a45: start LeaderState
2019-09-16 17:56:38,713 [7631069e-55aa-48aa-a80c-68f378536a45@group-5E69BB7B66C3:LeaderElection3] INFO  segmented.SegmentedRaftLogWorker (SegmentedRaftLogWorker.java:startLogSegment(380)) - 7631069e-55aa-48aa-a80c-68f378536a45@group-5E69BB7B66C3-SegmentedRaftLogWorker: Starting segment from index:0
2019-09-16 17:56:38,713 [7631069e-55aa-48aa-a80c-68f378536a45@group-5E69BB7B66C3:LeaderElection3] INFO  impl.RaftServerImpl (ServerState.java:setRaftConf(354)) - 7631069e-55aa-48aa-a80c-68f378536a45@group-5E69BB7B66C3: set configuration 0: [7631069e-55aa-48aa-a80c-68f378536a45:192.168.157.233:39369], old=null at 0
2019-09-16 17:56:38,763 [7631069e-55aa-48aa-a80c-68f378536a45@group-5E69BB7B66C3-SegmentedRaftLogWorker] INFO  segmented.SegmentedRaftLogWorker (SegmentedRaftLogWorker.java:execute(569)) - 7631069e-55aa-48aa-a80c-68f378536a45@group-5E69BB7B66C3-SegmentedRaftLogWorker: created new log segment /workdir/hadoop-ozone/tools/target/test-dir/MiniOzoneClusterImpl-15d0669d-b250-4261-9bfd-fa60101ddcc7/datanode-2/data/ratis/e51fc0ed-5576-4736-9b7d-5e69bb7b66c3/current/log_inprogress_0
2019-09-16 17:56:38,772 [grpc-default-executor-1] INFO  impl.RaftServerImpl (RaftServerImpl.java:setRole(174)) - d2644fda-0f6b-4964-8120-db19826e02a4@group-D5120AE2D385: changes role from  FOLLOWER to FOLLOWER at term 1 for recognizeCandidate:7631069e-55aa-48aa-a80c-68f378536a45
2019-09-16 17:56:38,772 [grpc-default-executor-2] INFO  impl.RaftServerImpl (RaftServerImpl.java:setRole(174)) - 59cccd2f-755e-4c45-a890-da01592df45f@group-D5120AE2D385: changes role from  FOLLOWER to FOLLOWER at term 1 for recognizeCandidate:7631069e-55aa-48aa-a80c-68f378536a45
2019-09-16 17:56:38,772 [grpc-default-executor-1] INFO  impl.RoleInfo (RoleInfo.java:shutdownFollowerState(121)) - d2644fda-0f6b-4964-8120-db19826e02a4: shutdown FollowerState
2019-09-16 17:56:38,773 [grpc-default-executor-2] INFO  impl.RoleInfo (RoleInfo.java:shutdownFollowerState(121)) - 59cccd2f-755e-4c45-a890-da01592df45f: shutdown FollowerState
2019-09-16 17:56:38,773 [grpc-default-executor-1] INFO  impl.RoleInfo (RoleInfo.java:updateAndGet(143)) - d2644fda-0f6b-4964-8120-db19826e02a4: start FollowerState
2019-09-16 17:56:38,773 [Thread-195] INFO  impl.FollowerState (FollowerState.java:run(115)) - d2644fda-0f6b-4964-8120-db19826e02a4: FollowerState was interrupted: java.lang.InterruptedException: sleep interrupted
2019-09-16 17:56:38,773 [grpc-default-executor-2] INFO  impl.RoleInfo (RoleInfo.java:updateAndGet(143)) - 59cccd2f-755e-4c45-a890-da01592df45f: start FollowerState
2019-09-16 17:56:38,773 [Thread-193] INFO  impl.FollowerState (FollowerState.java:run(115)) - 59cccd2f-755e-4c45-a890-da01592df45f: FollowerState was interrupted: java.lang.InterruptedException: sleep interrupted
2019-09-16 17:56:38,814 [7631069e-55aa-48aa-a80c-68f378536a45@group-D5120AE2D385:LeaderElection4] INFO  impl.LeaderElection (LeaderElection.java:logAndReturn(56)) - 7631069e-55aa-48aa-a80c-68f378536a45@group-D5120AE2D385:LeaderElection4: Election PASSED; received 1 response(s) [7631069e-55aa-48aa-a80c-68f378536a45<-d2644fda-0f6b-4964-8120-db19826e02a4#0:OK-t1] and 0 exception(s); 7631069e-55aa-48aa-a80c-68f378536a45@group-D5120AE2D385:t1, leader=null, voted=7631069e-55aa-48aa-a80c-68f378536a45, raftlog=7631069e-55aa-48aa-a80c-68f378536a45@group-D5120AE2D385-SegmentedRaftLog:OPENED:c-1,f-1,i0, conf=-1: [7631069e-55aa-48aa-a80c-68f378536a45:192.168.157.233:39369, 59cccd2f-755e-4c45-a890-da01592df45f:192.168.157.233:42719, d2644fda-0f6b-4964-8120-db19826e02a4:192.168.157.233:37608], old=null
2019-09-16 17:56:38,814 [7631069e-55aa-48aa-a80c-68f378536a45@group-D5120AE2D385:LeaderElection4] INFO  impl.RoleInfo (RoleInfo.java:shutdownLeaderElection(134)) - 7631069e-55aa-48aa-a80c-68f378536a45: shutdown LeaderElection
2019-09-16 17:56:38,814 [7631069e-55aa-48aa-a80c-68f378536a45@group-D5120AE2D385:LeaderElection4] INFO  impl.RaftServerImpl (RaftServerImpl.java:setRole(174)) - 7631069e-55aa-48aa-a80c-68f378536a45@group-D5120AE2D385: changes role from CANDIDATE to LEADER at term 1 for changeToLeader
2019-09-16 17:56:38,815 [7631069e-55aa-48aa-a80c-68f378536a45@group-D5120AE2D385:LeaderElection4] INFO  impl.RaftServerImpl (ServerState.java:setLeader(253)) - 7631069e-55aa-48aa-a80c-68f378536a45@group-D5120AE2D385: change Leader from null to 7631069e-55aa-48aa-a80c-68f378536a45 at term 1 for becomeLeader, leader elected after 5158ms
2019-09-16 17:56:38,816 [7631069e-55aa-48aa-a80c-68f378536a45@group-D5120AE2D385:LeaderElection4] INFO  server.RaftServerConfigKeys (ConfUtils.java:logGet(43)) - raft.server.staging.catchup.gap = 1000 (default)
2019-09-16 17:56:38,816 [7631069e-55aa-48aa-a80c-68f378536a45@group-D5120AE2D385:LeaderElection4] INFO  server.RaftServerConfigKeys (ConfUtils.java:logGet(43)) - raft.server.rpc.sleep.time = 25ms (default)
2019-09-16 17:56:38,816 [7631069e-55aa-48aa-a80c-68f378536a45@group-D5120AE2D385:LeaderElection4] INFO  server.RaftServerConfigKeys (ConfUtils.java:logGet(43)) - raft.server.write.element-limit = 4096 (default)
2019-09-16 17:56:38,816 [7631069e-55aa-48aa-a80c-68f378536a45@group-D5120AE2D385:LeaderElection4] INFO  server.RaftServerConfigKeys (ConfUtils.java:logGet(43)) - raft.server.watch.timeout = 10s (default)
2019-09-16 17:56:38,816 [7631069e-55aa-48aa-a80c-68f378536a45@group-D5120AE2D385:LeaderElection4] INFO  server.RaftServerConfigKeys (ConfUtils.java:logGet(43)) - raft.server.watch.timeout.denomination = 1s (default)
2019-09-16 17:56:38,817 [7631069e-55aa-48aa-a80c-68f378536a45@group-D5120AE2D385:LeaderElection4] INFO  server.RaftServerConfigKeys (ConfUtils.java:logGet(43)) - raft.server.watch.element-limit = 65536 (default)
2019-09-16 17:56:38,823 [7631069e-55aa-48aa-a80c-68f378536a45@group-D5120AE2D385:LeaderElection4] INFO  server.RaftServerConfigKeys (ConfUtils.java:logGet(43)) - raft.server.log.appender.snapshot.chunk.size.max = 16MB (=16777216) (default)
2019-09-16 17:56:38,823 [7631069e-55aa-48aa-a80c-68f378536a45@group-D5120AE2D385:LeaderElection4] INFO  server.RaftServerConfigKeys (ConfUtils.java:logGet(43)) - raft.server.log.appender.buffer.byte-limit = 33554432 (custom)
2019-09-16 17:56:38,824 [7631069e-55aa-48aa-a80c-68f378536a45@group-D5120AE2D385:LeaderElection4] INFO  server.RaftServerConfigKeys (ConfUtils.java:logGet(43)) - raft.server.log.appender.buffer.element-limit = 1 (custom)
2019-09-16 17:56:38,828 [7631069e-55aa-48aa-a80c-68f378536a45@group-D5120AE2D385:LeaderElection4] INFO  grpc.GrpcConfigKeys$Server (ConfUtils.java:logGet(43)) - raft.grpc.server.leader.outstanding.appends.max = 128 (default)
2019-09-16 17:56:38,828 [7631069e-55aa-48aa-a80c-68f378536a45@group-D5120AE2D385:LeaderElection4] INFO  server.RaftServerConfigKeys (ConfUtils.java:logGet(43)) - raft.server.rpc.request.timeout = 3000ms (default)
2019-09-16 17:56:38,829 [7631069e-55aa-48aa-a80c-68f378536a45@group-D5120AE2D385:LeaderElection4] INFO  server.RaftServerConfigKeys (ConfUtils.java:logGet(43)) - raft.server.log.appender.install.snapshot.enabled = false (custom)
2019-09-16 17:56:38,830 [7631069e-55aa-48aa-a80c-68f378536a45@group-D5120AE2D385:LeaderElection4] INFO  server.RaftServerConfigKeys (ConfUtils.java:logGet(43)) - raft.server.log.appender.snapshot.chunk.size.max = 16MB (=16777216) (default)
2019-09-16 17:56:38,830 [7631069e-55aa-48aa-a80c-68f378536a45@group-D5120AE2D385:LeaderElection4] INFO  server.RaftServerConfigKeys (ConfUtils.java:logGet(43)) - raft.server.log.appender.buffer.byte-limit = 33554432 (custom)
2019-09-16 17:56:38,830 [7631069e-55aa-48aa-a80c-68f378536a45@group-D5120AE2D385:LeaderElection4] INFO  server.RaftServerConfigKeys (ConfUtils.java:logGet(43)) - raft.server.log.appender.buffer.element-limit = 1 (custom)
2019-09-16 17:56:38,831 [7631069e-55aa-48aa-a80c-68f378536a45@group-D5120AE2D385:LeaderElection4] INFO  grpc.GrpcConfigKeys$Server (ConfUtils.java:logGet(43)) - raft.grpc.server.leader.outstanding.appends.max = 128 (default)
2019-09-16 17:56:38,831 [7631069e-55aa-48aa-a80c-68f378536a45@group-D5120AE2D385:LeaderElection4] INFO  server.RaftServerConfigKeys (ConfUtils.java:logGet(43)) - raft.server.rpc.request.timeout = 3000ms (default)
2019-09-16 17:56:38,831 [7631069e-55aa-48aa-a80c-68f378536a45@group-D5120AE2D385:LeaderElection4] INFO  server.RaftServerConfigKeys (ConfUtils.java:logGet(43)) - raft.server.log.appender.install.snapshot.enabled = false (custom)
2019-09-16 17:56:38,833 [7631069e-55aa-48aa-a80c-68f378536a45@group-D5120AE2D385:LeaderElection4] INFO  impl.RoleInfo (RoleInfo.java:updateAndGet(143)) - 7631069e-55aa-48aa-a80c-68f378536a45: start LeaderState
2019-09-16 17:56:38,833 [7631069e-55aa-48aa-a80c-68f378536a45@group-D5120AE2D385:LeaderElection4] INFO  segmented.SegmentedRaftLogWorker (SegmentedRaftLogWorker.java:startLogSegment(380)) - 7631069e-55aa-48aa-a80c-68f378536a45@group-D5120AE2D385-SegmentedRaftLogWorker: Starting segment from index:0
2019-09-16 17:56:38,834 [7631069e-55aa-48aa-a80c-68f378536a45@group-D5120AE2D385:LeaderElection4] INFO  impl.RaftServerImpl (ServerState.java:setRaftConf(354)) - 7631069e-55aa-48aa-a80c-68f378536a45@group-D5120AE2D385: set configuration 0: [7631069e-55aa-48aa-a80c-68f378536a45:192.168.157.233:39369, 59cccd2f-755e-4c45-a890-da01592df45f:192.168.157.233:42719, d2644fda-0f6b-4964-8120-db19826e02a4:192.168.157.233:37608], old=null at 0
2019-09-16 17:56:38,890 [7631069e-55aa-48aa-a80c-68f378536a45@group-D5120AE2D385-SegmentedRaftLogWorker] INFO  segmented.SegmentedRaftLogWorker (SegmentedRaftLogWorker.java:execute(569)) - 7631069e-55aa-48aa-a80c-68f378536a45@group-D5120AE2D385-SegmentedRaftLogWorker: created new log segment /workdir/hadoop-ozone/tools/target/test-dir/MiniOzoneClusterImpl-15d0669d-b250-4261-9bfd-fa60101ddcc7/datanode-2/data/ratis/8976a1a2-b138-4af7-bd61-d5120ae2d385/current/log_inprogress_0
2019-09-16 17:56:38,900 [grpc-default-executor-2] INFO  impl.RaftServerImpl (ServerState.java:setLeader(253)) - d2644fda-0f6b-4964-8120-db19826e02a4@group-D5120AE2D385: change Leader from null to 7631069e-55aa-48aa-a80c-68f378536a45 at term 1 for appendEntries, leader elected after 5243ms
2019-09-16 17:56:38,900 [grpc-default-executor-1] INFO  impl.RaftServerImpl (ServerState.java:setLeader(253)) - 59cccd2f-755e-4c45-a890-da01592df45f@group-D5120AE2D385: change Leader from null to 7631069e-55aa-48aa-a80c-68f378536a45 at term 1 for appendEntries, leader elected after 5243ms
2019-09-16 17:56:38,933 [grpc-default-executor-2] INFO  impl.RaftServerImpl (ServerState.java:setRaftConf(354)) - 59cccd2f-755e-4c45-a890-da01592df45f@group-D5120AE2D385: set configuration 0: [7631069e-55aa-48aa-a80c-68f378536a45:192.168.157.233:39369, 59cccd2f-755e-4c45-a890-da01592df45f:192.168.157.233:42719, d2644fda-0f6b-4964-8120-db19826e02a4:192.168.157.233:37608], old=null at 0
2019-09-16 17:56:38,933 [grpc-default-executor-1] INFO  impl.RaftServerImpl (ServerState.java:setRaftConf(354)) - d2644fda-0f6b-4964-8120-db19826e02a4@group-D5120AE2D385: set configuration 0: [7631069e-55aa-48aa-a80c-68f378536a45:192.168.157.233:39369, 59cccd2f-755e-4c45-a890-da01592df45f:192.168.157.233:42719, d2644fda-0f6b-4964-8120-db19826e02a4:192.168.157.233:37608], old=null at 0
2019-09-16 17:56:38,934 [grpc-default-executor-2] INFO  segmented.SegmentedRaftLogWorker (SegmentedRaftLogWorker.java:startLogSegment(380)) - 59cccd2f-755e-4c45-a890-da01592df45f@group-D5120AE2D385-SegmentedRaftLogWorker: Starting segment from index:0
2019-09-16 17:56:38,934 [grpc-default-executor-1] INFO  segmented.SegmentedRaftLogWorker (SegmentedRaftLogWorker.java:startLogSegment(380)) - d2644fda-0f6b-4964-8120-db19826e02a4@group-D5120AE2D385-SegmentedRaftLogWorker: Starting segment from index:0
2019-09-16 17:56:38,975 [59cccd2f-755e-4c45-a890-da01592df45f@group-D5120AE2D385-SegmentedRaftLogWorker] INFO  segmented.SegmentedRaftLogWorker (SegmentedRaftLogWorker.java:execute(569)) - 59cccd2f-755e-4c45-a890-da01592df45f@group-D5120AE2D385-SegmentedRaftLogWorker: created new log segment /workdir/hadoop-ozone/tools/target/test-dir/MiniOzoneClusterImpl-15d0669d-b250-4261-9bfd-fa60101ddcc7/datanode-0/data/ratis/8976a1a2-b138-4af7-bd61-d5120ae2d385/current/log_inprogress_0
2019-09-16 17:56:38,975 [d2644fda-0f6b-4964-8120-db19826e02a4@group-D5120AE2D385-SegmentedRaftLogWorker] INFO  segmented.SegmentedRaftLogWorker (SegmentedRaftLogWorker.java:execute(569)) - d2644fda-0f6b-4964-8120-db19826e02a4@group-D5120AE2D385-SegmentedRaftLogWorker: created new log segment /workdir/hadoop-ozone/tools/target/test-dir/MiniOzoneClusterImpl-15d0669d-b250-4261-9bfd-fa60101ddcc7/datanode-1/data/ratis/8976a1a2-b138-4af7-bd61-d5120ae2d385/current/log_inprogress_0
 0.00% |█                                                                                                    |  0/1 Time: 0:00:052019-09-16 17:56:39,601 [grpc-default-executor-2] INFO  client.GrpcClientProtocolClient (GrpcClientProtocolClient.java:onNext(264)) - client-B56BA4945CBF->7631069e-55aa-48aa-a80c-68f378536a45: receive RaftClientReply:client-B56BA4945CBF->7631069e-55aa-48aa-a80c-68f378536a45@group-D5120AE2D385, cid=6, SUCCESS, logIndex=1, commits[7631069e-55aa-48aa-a80c-68f378536a45:c1, 59cccd2f-755e-4c45-a890-da01592df45f:c0, d2644fda-0f6b-4964-8120-db19826e02a4:c0]
2019-09-16 17:56:39,730 [grpc-default-executor-0] INFO  client.GrpcClientProtocolClient (GrpcClientProtocolClient.java:onNext(264)) - client-B56BA4945CBF->7631069e-55aa-48aa-a80c-68f378536a45: receive RaftClientReply:client-B56BA4945CBF->7631069e-55aa-48aa-a80c-68f378536a45@group-D5120AE2D385, cid=7, SUCCESS, logIndex=3, commits[7631069e-55aa-48aa-a80c-68f378536a45:c8, 59cccd2f-755e-4c45-a890-da01592df45f:c5, d2644fda-0f6b-4964-8120-db19826e02a4:c5]
2019-09-16 17:56:39,733 [grpc-default-executor-0] INFO  client.GrpcClientProtocolClient (GrpcClientProtocolClient.java:onNext(264)) - client-B56BA4945CBF->7631069e-55aa-48aa-a80c-68f378536a45: receive RaftClientReply:client-B56BA4945CBF->7631069e-55aa-48aa-a80c-68f378536a45@group-D5120AE2D385, cid=8, SUCCESS, logIndex=4, commits[7631069e-55aa-48aa-a80c-68f378536a45:c8, 59cccd2f-755e-4c45-a890-da01592df45f:c5, d2644fda-0f6b-4964-8120-db19826e02a4:c5]
2019-09-16 17:56:39,820 [grpc-default-executor-0] INFO  client.GrpcClientProtocolClient (GrpcClientProtocolClient.java:onNext(264)) - client-B56BA4945CBF->7631069e-55aa-48aa-a80c-68f378536a45: receive RaftClientReply:client-B56BA4945CBF->7631069e-55aa-48aa-a80c-68f378536a45@group-D5120AE2D385, cid=9, SUCCESS, logIndex=5, commits[7631069e-55aa-48aa-a80c-68f378536a45:c8, 59cccd2f-755e-4c45-a890-da01592df45f:c5, d2644fda-0f6b-4964-8120-db19826e02a4:c5]
2019-09-16 17:56:39,877 [grpc-default-executor-2] INFO  client.GrpcClientProtocolClient (GrpcClientProtocolClient.java:onNext(264)) - client-B56BA4945CBF->7631069e-55aa-48aa-a80c-68f378536a45: receive RaftClientReply:client-B56BA4945CBF->7631069e-55aa-48aa-a80c-68f378536a45@group-D5120AE2D385, cid=10, SUCCESS, logIndex=9, commits[7631069e-55aa-48aa-a80c-68f378536a45:c10, 59cccd2f-755e-4c45-a890-da01592df45f:c8, d2644fda-0f6b-4964-8120-db19826e02a4:c8]
2019-09-16 17:56:39,878 [grpc-default-executor-2] INFO  client.GrpcClientProtocolClient (GrpcClientProtocolClient.java:onNext(264)) - client-B56BA4945CBF->7631069e-55aa-48aa-a80c-68f378536a45: receive RaftClientReply:client-B56BA4945CBF->7631069e-55aa-48aa-a80c-68f378536a45@group-D5120AE2D385, cid=11, SUCCESS, logIndex=10, commits[7631069e-55aa-48aa-a80c-68f378536a45:c10, 59cccd2f-755e-4c45-a890-da01592df45f:c8, d2644fda-0f6b-4964-8120-db19826e02a4:c8]
2019-09-16 17:56:39,897 [grpc-default-executor-0] INFO  client.GrpcClientProtocolClient (GrpcClientProtocolClient.java:onNext(264)) - client-B56BA4945CBF->7631069e-55aa-48aa-a80c-68f378536a45: receive RaftClientReply:client-B56BA4945CBF->7631069e-55aa-48aa-a80c-68f378536a45@group-D5120AE2D385, cid=12, SUCCESS, logIndex=11, commits[7631069e-55aa-48aa-a80c-68f378536a45:c12, 59cccd2f-755e-4c45-a890-da01592df45f:c8, d2644fda-0f6b-4964-8120-db19826e02a4:c8]
2019-09-16 17:56:39,898 [grpc-default-executor-0] INFO  client.GrpcClientProtocolClient (GrpcClientProtocolClient.java:onNext(264)) - client-B56BA4945CBF->7631069e-55aa-48aa-a80c-68f378536a45: receive RaftClientReply:client-B56BA4945CBF->7631069e-55aa-48aa-a80c-68f378536a45@group-D5120AE2D385, cid=13, SUCCESS, logIndex=12, commits[7631069e-55aa-48aa-a80c-68f378536a45:c13, 59cccd2f-755e-4c45-a890-da01592df45f:c10, d2644fda-0f6b-4964-8120-db19826e02a4:c10]
2019-09-16 17:56:39,913 [grpc-default-executor-0] INFO  client.GrpcClientProtocolClient (GrpcClientProtocolClient.java:onNext(264)) - client-B56BA4945CBF->7631069e-55aa-48aa-a80c-68f378536a45: receive RaftClientReply:client-B56BA4945CBF->7631069e-55aa-48aa-a80c-68f378536a45@group-D5120AE2D385, cid=14, SUCCESS, logIndex=0, commits[7631069e-55aa-48aa-a80c-68f378536a45:c16, 59cccd2f-755e-4c45-a890-da01592df45f:c12, d2644fda-0f6b-4964-8120-db19826e02a4:c12]
 0.00% |█                                                                                                    |  0/1 Time: 0:00:06 0.00% |█                                                                                                    |  0/1 Time: 0:00:07 0.00% |█                                                                                                    |  0/1 Time: 0:00:082019-09-16 17:56:42,927 [java.util.concurrent.ThreadPoolExecutor$Worker@2375ecdf[State = -1, empty queue]] WARN  server.GrpcLogAppender (GrpcLogAppender.java:timeoutAppendRequest(200)) - 7631069e-55aa-48aa-a80c-68f378536a45@group-D5120AE2D385->d2644fda-0f6b-4964-8120-db19826e02a4-GrpcLogAppender: appendEntries Timeout, request=7631069e-55aa-48aa-a80c-68f378536a45->d2644fda-0f6b-4964-8120-db19826e02a4#18-t1, previous=(t:1, i:16), leaderCommit=16, initializing? false, entries: size=1, first=(t:1, i:17), STATEMACHINELOGENTRY, client-B56BA4945CBF, cid=15
2019-09-16 17:56:42,927 [java.util.concurrent.ThreadPoolExecutor$Worker@aa10535[State = -1, empty queue]] WARN  server.GrpcLogAppender (GrpcLogAppender.java:timeoutAppendRequest(200)) - 7631069e-55aa-48aa-a80c-68f378536a45@group-D5120AE2D385->59cccd2f-755e-4c45-a890-da01592df45f-GrpcLogAppender: appendEntries Timeout, request=7631069e-55aa-48aa-a80c-68f378536a45->59cccd2f-755e-4c45-a890-da01592df45f#18-t1, previous=(t:1, i:16), leaderCommit=16, initializing? false, entries: size=1, first=(t:1, i:17), STATEMACHINELOGENTRY, client-B56BA4945CBF, cid=15
2019-09-16 17:56:42,932 [java.util.concurrent.ThreadPoolExecutor$Worker@2375ecdf[State = -1, empty queue]] WARN  server.GrpcLogAppender (GrpcLogAppender.java:timeoutAppendRequest(200)) - 7631069e-55aa-48aa-a80c-68f378536a45@group-D5120AE2D385->d2644fda-0f6b-4964-8120-db19826e02a4-GrpcLogAppender: appendEntries Timeout, request=7631069e-55aa-48aa-a80c-68f378536a45->d2644fda-0f6b-4964-8120-db19826e02a4#19-t1, previous=(t:1, i:17), leaderCommit=16, initializing? false, entries: size=1, first=(t:1, i:18), STATEMACHINELOGENTRY, client-B56BA4945CBF, cid=16
2019-09-16 17:56:42,934 [java.util.concurrent.ThreadPoolExecutor$Worker@aa10535[State = -1, empty queue]] WARN  server.GrpcLogAppender (GrpcLogAppender.java:timeoutAppendRequest(200)) - 7631069e-55aa-48aa-a80c-68f378536a45@group-D5120AE2D385->59cccd2f-755e-4c45-a890-da01592df45f-GrpcLogAppender: appendEntries Timeout, request=7631069e-55aa-48aa-a80c-68f378536a45->59cccd2f-755e-4c45-a890-da01592df45f#19-t1, previous=(t:1, i:17), leaderCommit=16, initializing? false, entries: size=1, first=(t:1, i:18), STATEMACHINELOGENTRY, client-B56BA4945CBF, cid=16
2019-09-16 17:56:42,935 [java.util.concurrent.ThreadPoolExecutor$Worker@2375ecdf[State = -1, empty queue]] WARN  server.GrpcLogAppender (GrpcLogAppender.java:timeoutAppendRequest(200)) - 7631069e-55aa-48aa-a80c-68f378536a45@group-D5120AE2D385->d2644fda-0f6b-4964-8120-db19826e02a4-GrpcLogAppender: appendEntries Timeout, request=7631069e-55aa-48aa-a80c-68f378536a45->d2644fda-0f6b-4964-8120-db19826e02a4#20-t1, previous=(t:1, i:18), leaderCommit=16, initializing? false, entries: size=1, first=(t:1, i:19), STATEMACHINELOGENTRY, client-B56BA4945CBF, cid=17
2019-09-16 17:56:42,937 [java.util.concurrent.ThreadPoolExecutor$Worker@aa10535[State = -1, empty queue]] WARN  server.GrpcLogAppender (GrpcLogAppender.java:timeoutAppendRequest(200)) - 7631069e-55aa-48aa-a80c-68f378536a45@group-D5120AE2D385->59cccd2f-755e-4c45-a890-da01592df45f-GrpcLogAppender: appendEntries Timeout, request=7631069e-55aa-48aa-a80c-68f378536a45->59cccd2f-755e-4c45-a890-da01592df45f#20-t1, previous=(t:1, i:18), leaderCommit=16, initializing? false, entries: size=1, first=(t:1, i:19), STATEMACHINELOGENTRY, client-B56BA4945CBF, cid=17
2019-09-16 17:56:42,938 [java.util.concurrent.ThreadPoolExecutor$Worker@2375ecdf[State = -1, empty queue]] WARN  server.GrpcLogAppender (GrpcLogAppender.java:timeoutAppendRequest(200)) - 7631069e-55aa-48aa-a80c-68f378536a45@group-D5120AE2D385->d2644fda-0f6b-4964-8120-db19826e02a4-GrpcLogAppender: appendEntries Timeout, request=7631069e-55aa-48aa-a80c-68f378536a45->d2644fda-0f6b-4964-8120-db19826e02a4#21-t1, previous=(t:1, i:19), leaderCommit=16, initializing? false, entries: size=1, first=(t:1, i:20), STATEMACHINELOGENTRY, client-B56BA4945CBF, cid=18
2019-09-16 17:56:42,940 [java.util.concurrent.ThreadPoolExecutor$Worker@aa10535[State = -1, empty queue]] WARN  server.GrpcLogAppender (GrpcLogAppender.java:timeoutAppendRequest(200)) - 7631069e-55aa-48aa-a80c-68f378536a45@group-D5120AE2D385->59cccd2f-755e-4c45-a890-da01592df45f-GrpcLogAppender: appendEntries Timeout, request=7631069e-55aa-48aa-a80c-68f378536a45->59cccd2f-755e-4c45-a890-da01592df45f#21-t1, previous=(t:1, i:19), leaderCommit=16, initializing? false, entries: size=1, first=(t:1, i:20), STATEMACHINELOGENTRY, client-B56BA4945CBF, cid=18
 0.00% |█                                                                                                    |  0/1 Time: 0:00:09 0.00% |█                                                                                                    |  0/1 Time: 0:00:102019-09-16 17:56:45,022 [grpc-default-executor-2] INFO  client.GrpcClientProtocolClient (GrpcClientProtocolClient.java:onNext(264)) - client-B56BA4945CBF->d2644fda-0f6b-4964-8120-db19826e02a4: receive RaftClientReply:client-B56BA4945CBF->d2644fda-0f6b-4964-8120-db19826e02a4@group-D5120AE2D385, cid=15, FAILED org.apache.ratis.protocol.NotLeaderException: Server d2644fda-0f6b-4964-8120-db19826e02a4@group-D5120AE2D385 is not the leader 7631069e-55aa-48aa-a80c-68f378536a45:192.168.157.233:39369, logIndex=0, commits[d2644fda-0f6b-4964-8120-db19826e02a4:c16, 7631069e-55aa-48aa-a80c-68f378536a45:c16, 59cccd2f-755e-4c45-a890-da01592df45f:c12]
 0.00% |█                                                                                                    |  0/1 Time: 0:00:112019-09-16 17:56:45,436 [java.util.concurrent.ThreadPoolExecutor$Worker@aa10535[State = -1, empty queue]] WARN  server.GrpcLogAppender (GrpcLogAppender.java:timeoutAppendRequest(200)) - 7631069e-55aa-48aa-a80c-68f378536a45@group-D5120AE2D385->59cccd2f-755e-4c45-a890-da01592df45f-GrpcLogAppender: appendEntries Timeout, request=7631069e-55aa-48aa-a80c-68f378536a45->59cccd2f-755e-4c45-a890-da01592df45f#22-t1, previous=(t:1, i:20), leaderCommit=16, initializing? false, entries: <empty>
2019-09-16 17:56:45,436 [java.util.concurrent.ThreadPoolExecutor$Worker@2375ecdf[State = -1, empty queue]] WARN  server.GrpcLogAppender (GrpcLogAppender.java:timeoutAppendRequest(200)) - 7631069e-55aa-48aa-a80c-68f378536a45@group-D5120AE2D385->d2644fda-0f6b-4964-8120-db19826e02a4-GrpcLogAppender: appendEntries Timeout, request=7631069e-55aa-48aa-a80c-68f378536a45->d2644fda-0f6b-4964-8120-db19826e02a4#22-t1, previous=(t:1, i:20), leaderCommit=16, initializing? false, entries: <empty>
 0.00% |█                                                                                                    |  0/1 Time: 0:00:12 0.00% |█                                                                                                    |  0/1 Time: 0:00:132019-09-16 17:56:47,938 [java.util.concurrent.ThreadPoolExecutor$Worker@aa10535[State = -1, empty queue]] WARN  server.GrpcLogAppender (GrpcLogAppender.java:timeoutAppendRequest(200)) - 7631069e-55aa-48aa-a80c-68f378536a45@group-D5120AE2D385->59cccd2f-755e-4c45-a890-da01592df45f-GrpcLogAppender: appendEntries Timeout, request=7631069e-55aa-48aa-a80c-68f378536a45->59cccd2f-755e-4c45-a890-da01592df45f#23-t1, previous=(t:1, i:20), leaderCommit=16, initializing? false, entries: <empty>
2019-09-16 17:56:47,938 [java.util.concurrent.ThreadPoolExecutor$Worker@2375ecdf[State = -1, empty queue]] WARN  server.GrpcLogAppender (GrpcLogAppender.java:timeoutAppendRequest(200)) - 7631069e-55aa-48aa-a80c-68f378536a45@group-D5120AE2D385->d2644fda-0f6b-4964-8120-db19826e02a4-GrpcLogAppender: appendEntries Timeout, request=7631069e-55aa-48aa-a80c-68f378536a45->d2644fda-0f6b-4964-8120-db19826e02a4#23-t1, previous=(t:1, i:20), leaderCommit=16, initializing? false, entries: <empty>
 0.00% |█                                                                                                    |  0/1 Time: 0:00:14 0.00% |█                                                                                                    |  0/1 Time: 0:00:152019-09-16 17:56:50,054 [d2644fda-0f6b-4964-8120-db19826e02a4@group-D5120AE2D385-SegmentedRaftLogWorker] WARN  segmented.SegmentedRaftLogWorker (SegmentedRaftLogWorker.java:getFromFuture(90)) - Timeout 0/~
org.apache.ratis.protocol.TimeoutIOException: Timeout 10s: WriteLog:19: (t:1, i:19), STATEMACHINELOGENTRY, client-B56BA4945CBF, cid=17-writeStateMachineData
	at org.apache.ratis.util.IOUtils.getFromFuture(IOUtils.java:87)
	at org.apache.ratis.server.raftlog.segmented.SegmentedRaftLogWorker$StateMachineDataPolicy.getFromFuture(SegmentedRaftLogWorker.java:87)
	at org.apache.ratis.server.raftlog.segmented.SegmentedRaftLogWorker$WriteLog.execute(SegmentedRaftLogWorker.java:477)
	at org.apache.ratis.server.raftlog.segmented.SegmentedRaftLogWorker.run(SegmentedRaftLogWorker.java:289)
	at java.lang.Thread.run(Thread.java:748)
Caused by: java.util.concurrent.TimeoutException
	at java.util.concurrent.CompletableFuture.timedGet(CompletableFuture.java:1771)
	at java.util.concurrent.CompletableFuture.get(CompletableFuture.java:1915)
	at org.apache.ratis.util.IOUtils.getFromFuture(IOUtils.java:79)
	... 4 more
2019-09-16 17:56:50,054 [7631069e-55aa-48aa-a80c-68f378536a45@group-D5120AE2D385-SegmentedRaftLogWorker] WARN  segmented.SegmentedRaftLogWorker (SegmentedRaftLogWorker.java:getFromFuture(90)) - Timeout 0/~
org.apache.ratis.protocol.TimeoutIOException: Timeout 10s: WriteLog:19: (t:1, i:19), STATEMACHINELOGENTRY, client-B56BA4945CBF, cid=17-writeStateMachineData
	at org.apache.ratis.util.IOUtils.getFromFuture(IOUtils.java:87)
	at org.apache.ratis.server.raftlog.segmented.SegmentedRaftLogWorker$StateMachineDataPolicy.getFromFuture(SegmentedRaftLogWorker.java:87)
	at org.apache.ratis.server.raftlog.segmented.SegmentedRaftLogWorker$WriteLog.execute(SegmentedRaftLogWorker.java:477)
	at org.apache.ratis.server.raftlog.segmented.SegmentedRaftLogWorker.run(SegmentedRaftLogWorker.java:289)
	at java.lang.Thread.run(Thread.java:748)
Caused by: java.util.concurrent.TimeoutException
	at java.util.concurrent.CompletableFuture.timedGet(CompletableFuture.java:1771)
	at java.util.concurrent.CompletableFuture.get(CompletableFuture.java:1915)
	at org.apache.ratis.util.IOUtils.getFromFuture(IOUtils.java:79)
	... 4 more
2019-09-16 17:56:50,054 [59cccd2f-755e-4c45-a890-da01592df45f@group-D5120AE2D385-SegmentedRaftLogWorker] WARN  segmented.SegmentedRaftLogWorker (SegmentedRaftLogWorker.java:getFromFuture(90)) - Timeout 0/~
org.apache.ratis.protocol.TimeoutIOException: Timeout 10s: WriteLog:19: (t:1, i:19), STATEMACHINELOGENTRY, client-B56BA4945CBF, cid=17-writeStateMachineData
	at org.apache.ratis.util.IOUtils.getFromFuture(IOUtils.java:87)
	at org.apache.ratis.server.raftlog.segmented.SegmentedRaftLogWorker$StateMachineDataPolicy.getFromFuture(SegmentedRaftLogWorker.java:87)
	at org.apache.ratis.server.raftlog.segmented.SegmentedRaftLogWorker$WriteLog.execute(SegmentedRaftLogWorker.java:477)
	at org.apache.ratis.server.raftlog.segmented.SegmentedRaftLogWorker.run(SegmentedRaftLogWorker.java:289)
	at java.lang.Thread.run(Thread.java:748)
Caused by: java.util.concurrent.TimeoutException
	at java.util.concurrent.CompletableFuture.timedGet(CompletableFuture.java:1771)
	at java.util.concurrent.CompletableFuture.get(CompletableFuture.java:1915)
	at org.apache.ratis.util.IOUtils.getFromFuture(IOUtils.java:79)
	... 4 more
2019-09-16 17:56:50,092 [grpc-default-executor-2] INFO  client.GrpcClientProtocolClient (GrpcClientProtocolClient.java:onNext(264)) - client-B56BA4945CBF->59cccd2f-755e-4c45-a890-da01592df45f: receive RaftClientReply:client-B56BA4945CBF->59cccd2f-755e-4c45-a890-da01592df45f@group-D5120AE2D385, cid=15, FAILED org.apache.ratis.protocol.NotLeaderException: Server 59cccd2f-755e-4c45-a890-da01592df45f@group-D5120AE2D385 is not the leader 7631069e-55aa-48aa-a80c-68f378536a45:192.168.157.233:39369, logIndex=0, commits[59cccd2f-755e-4c45-a890-da01592df45f:c16, 7631069e-55aa-48aa-a80c-68f378536a45:c16, d2644fda-0f6b-4964-8120-db19826e02a4:c12]
 0.00% |█                                                                                                    |  0/1 Time: 0:00:162019-09-16 17:56:50,439 [java.util.concurrent.ThreadPoolExecutor$Worker@2375ecdf[State = -1, empty queue]] WARN  server.GrpcLogAppender (GrpcLogAppender.java:timeoutAppendRequest(200)) - 7631069e-55aa-48aa-a80c-68f378536a45@group-D5120AE2D385->d2644fda-0f6b-4964-8120-db19826e02a4-GrpcLogAppender: appendEntries Timeout, request=7631069e-55aa-48aa-a80c-68f378536a45->d2644fda-0f6b-4964-8120-db19826e02a4#24-t1, previous=(t:1, i:20), leaderCommit=16, initializing? false, entries: <empty>
2019-09-16 17:56:50,439 [java.util.concurrent.ThreadPoolExecutor$Worker@aa10535[State = -1, empty queue]] WARN  server.GrpcLogAppender (GrpcLogAppender.java:timeoutAppendRequest(200)) - 7631069e-55aa-48aa-a80c-68f378536a45@group-D5120AE2D385->59cccd2f-755e-4c45-a890-da01592df45f-GrpcLogAppender: appendEntries Timeout, request=7631069e-55aa-48aa-a80c-68f378536a45->59cccd2f-755e-4c45-a890-da01592df45f#24-t1, previous=(t:1, i:20), leaderCommit=16, initializing? false, entries: <empty>
 0.00% |█                                                                                                    |  0/1 Time: 0:00:17 0.00% |█                                                                                                    |  0/1 Time: 0:00:182019-09-16 17:56:52,941 [java.util.concurrent.ThreadPoolExecutor$Worker@aa10535[State = -1, empty queue]] WARN  server.GrpcLogAppender (GrpcLogAppender.java:timeoutAppendRequest(200)) - 7631069e-55aa-48aa-a80c-68f378536a45@group-D5120AE2D385->59cccd2f-755e-4c45-a890-da01592df45f-GrpcLogAppender: appendEntries Timeout, request=7631069e-55aa-48aa-a80c-68f378536a45->59cccd2f-755e-4c45-a890-da01592df45f#25-t1, previous=(t:1, i:20), leaderCommit=16, initializing? false, entries: <empty>
2019-09-16 17:56:52,941 [java.util.concurrent.ThreadPoolExecutor$Worker@2375ecdf[State = -1, empty queue]] WARN  server.GrpcLogAppender (GrpcLogAppender.java:timeoutAppendRequest(200)) - 7631069e-55aa-48aa-a80c-68f378536a45@group-D5120AE2D385->d2644fda-0f6b-4964-8120-db19826e02a4-GrpcLogAppender: appendEntries Timeout, request=7631069e-55aa-48aa-a80c-68f378536a45->d2644fda-0f6b-4964-8120-db19826e02a4#25-t1, previous=(t:1, i:20), leaderCommit=16, initializing? false, entries: <empty>
 0.00% |█                                                                                                    |  0/1 Time: 0:00:19 0.00% |█                                                                                                    |  0/1 Time: 0:00:202019-09-16 17:56:55,155 [grpc-default-executor-3] INFO  client.GrpcClientProtocolClient (GrpcClientProtocolClient.java:onNext(264)) - client-B56BA4945CBF->d2644fda-0f6b-4964-8120-db19826e02a4: receive RaftClientReply:client-B56BA4945CBF->d2644fda-0f6b-4964-8120-db19826e02a4@group-D5120AE2D385, cid=15, FAILED org.apache.ratis.protocol.NotLeaderException: Server d2644fda-0f6b-4964-8120-db19826e02a4@group-D5120AE2D385 is not the leader 7631069e-55aa-48aa-a80c-68f378536a45:192.168.157.233:39369, logIndex=0, commits[d2644fda-0f6b-4964-8120-db19826e02a4:c16, 7631069e-55aa-48aa-a80c-68f378536a45:c16, 59cccd2f-755e-4c45-a890-da01592df45f:c12]
 0.00% |█                                                                                                    |  0/1 Time: 0:00:212019-09-16 17:56:55,444 [java.util.concurrent.ThreadPoolExecutor$Worker@2375ecdf[State = -1, empty queue]] WARN  server.GrpcLogAppender (GrpcLogAppender.java:timeoutAppendRequest(200)) - 7631069e-55aa-48aa-a80c-68f378536a45@group-D5120AE2D385->d2644fda-0f6b-4964-8120-db19826e02a4-GrpcLogAppender: appendEntries Timeout, request=7631069e-55aa-48aa-a80c-68f378536a45->d2644fda-0f6b-4964-8120-db19826e02a4#26-t1, previous=(t:1, i:20), leaderCommit=16, initializing? false, entries: <empty>
2019-09-16 17:56:55,444 [java.util.concurrent.ThreadPoolExecutor$Worker@aa10535[State = -1, empty queue]] WARN  server.GrpcLogAppender (GrpcLogAppender.java:timeoutAppendRequest(200)) - 7631069e-55aa-48aa-a80c-68f378536a45@group-D5120AE2D385->59cccd2f-755e-4c45-a890-da01592df45f-GrpcLogAppender: appendEntries Timeout, request=7631069e-55aa-48aa-a80c-68f378536a45->59cccd2f-755e-4c45-a890-da01592df45f#26-t1, previous=(t:1, i:20), leaderCommit=16, initializing? false, entries: <empty>
 0.00% |█                                                                                                    |  0/1 Time: 0:00:22 0.00% |█                                                                                                    |  0/1 Time: 0:00:232019-09-16 17:56:57,946 [java.util.concurrent.ThreadPoolExecutor$Worker@2375ecdf[State = -1, empty queue]] WARN  server.GrpcLogAppender (GrpcLogAppender.java:timeoutAppendRequest(200)) - 7631069e-55aa-48aa-a80c-68f378536a45@group-D5120AE2D385->d2644fda-0f6b-4964-8120-db19826e02a4-GrpcLogAppender: appendEntries Timeout, request=7631069e-55aa-48aa-a80c-68f378536a45->d2644fda-0f6b-4964-8120-db19826e02a4#27-t1, previous=(t:1, i:20), leaderCommit=16, initializing? false, entries: <empty>
2019-09-16 17:56:57,946 [java.util.concurrent.ThreadPoolExecutor$Worker@aa10535[State = -1, empty queue]] WARN  server.GrpcLogAppender (GrpcLogAppender.java:timeoutAppendRequest(200)) - 7631069e-55aa-48aa-a80c-68f378536a45@group-D5120AE2D385->59cccd2f-755e-4c45-a890-da01592df45f-GrpcLogAppender: appendEntries Timeout, request=7631069e-55aa-48aa-a80c-68f378536a45->59cccd2f-755e-4c45-a890-da01592df45f#27-t1, previous=(t:1, i:20), leaderCommit=16, initializing? false, entries: <empty>
 0.00% |█                                                                                                    |  0/1 Time: 0:00:24 0.00% |█                                                                                                    |  0/1 Time: 0:00:252019-09-16 17:57:00,057 [d2644fda-0f6b-4964-8120-db19826e02a4@group-D5120AE2D385-SegmentedRaftLogWorker] WARN  segmented.SegmentedRaftLogWorker (SegmentedRaftLogWorker.java:getFromFuture(90)) - Timeout 1/~
org.apache.ratis.protocol.TimeoutIOException: Timeout 10s: WriteLog:19: (t:1, i:19), STATEMACHINELOGENTRY, client-B56BA4945CBF, cid=17-writeStateMachineData
	at org.apache.ratis.util.IOUtils.getFromFuture(IOUtils.java:87)
	at org.apache.ratis.server.raftlog.segmented.SegmentedRaftLogWorker$StateMachineDataPolicy.getFromFuture(SegmentedRaftLogWorker.java:87)
	at org.apache.ratis.server.raftlog.segmented.SegmentedRaftLogWorker$WriteLog.execute(SegmentedRaftLogWorker.java:477)
	at org.apache.ratis.server.raftlog.segmented.SegmentedRaftLogWorker.run(SegmentedRaftLogWorker.java:289)
	at java.lang.Thread.run(Thread.java:748)
Caused by: java.util.concurrent.TimeoutException
	at java.util.concurrent.CompletableFuture.timedGet(CompletableFuture.java:1771)
	at java.util.concurrent.CompletableFuture.get(CompletableFuture.java:1915)
	at org.apache.ratis.util.IOUtils.getFromFuture(IOUtils.java:79)
	... 4 more
2019-09-16 17:57:00,058 [59cccd2f-755e-4c45-a890-da01592df45f@group-D5120AE2D385-SegmentedRaftLogWorker] WARN  segmented.SegmentedRaftLogWorker (SegmentedRaftLogWorker.java:getFromFuture(90)) - Timeout 1/~
org.apache.ratis.protocol.TimeoutIOException: Timeout 10s: WriteLog:19: (t:1, i:19), STATEMACHINELOGENTRY, client-B56BA4945CBF, cid=17-writeStateMachineData
	at org.apache.ratis.util.IOUtils.getFromFuture(IOUtils.java:87)
	at org.apache.ratis.server.raftlog.segmented.SegmentedRaftLogWorker$StateMachineDataPolicy.getFromFuture(SegmentedRaftLogWorker.java:87)
	at org.apache.ratis.server.raftlog.segmented.SegmentedRaftLogWorker$WriteLog.execute(SegmentedRaftLogWorker.java:477)
	at org.apache.ratis.server.raftlog.segmented.SegmentedRaftLogWorker.run(SegmentedRaftLogWorker.java:289)
	at java.lang.Thread.run(Thread.java:748)
Caused by: java.util.concurrent.TimeoutException
	at java.util.concurrent.CompletableFuture.timedGet(CompletableFuture.java:1771)
	at java.util.concurrent.CompletableFuture.get(CompletableFuture.java:1915)
	at org.apache.ratis.util.IOUtils.getFromFuture(IOUtils.java:79)
	... 4 more
2019-09-16 17:57:00,057 [7631069e-55aa-48aa-a80c-68f378536a45@group-D5120AE2D385-SegmentedRaftLogWorker] WARN  segmented.SegmentedRaftLogWorker (SegmentedRaftLogWorker.java:getFromFuture(90)) - Timeout 1/~
org.apache.ratis.protocol.TimeoutIOException: Timeout 10s: WriteLog:19: (t:1, i:19), STATEMACHINELOGENTRY, client-B56BA4945CBF, cid=17-writeStateMachineData
	at org.apache.ratis.util.IOUtils.getFromFuture(IOUtils.java:87)
	at org.apache.ratis.server.raftlog.segmented.SegmentedRaftLogWorker$StateMachineDataPolicy.getFromFuture(SegmentedRaftLogWorker.java:87)
	at org.apache.ratis.server.raftlog.segmented.SegmentedRaftLogWorker$WriteLog.execute(SegmentedRaftLogWorker.java:477)
	at org.apache.ratis.server.raftlog.segmented.SegmentedRaftLogWorker.run(SegmentedRaftLogWorker.java:289)
	at java.lang.Thread.run(Thread.java:748)
Caused by: java.util.concurrent.TimeoutException
	at java.util.concurrent.CompletableFuture.timedGet(CompletableFuture.java:1771)
	at java.util.concurrent.CompletableFuture.get(CompletableFuture.java:1915)
	at org.apache.ratis.util.IOUtils.getFromFuture(IOUtils.java:79)
	... 4 more
2019-09-16 17:57:00,217 [grpc-default-executor-2] INFO  client.GrpcClientProtocolClient (GrpcClientProtocolClient.java:onNext(264)) - client-B56BA4945CBF->d2644fda-0f6b-4964-8120-db19826e02a4: receive RaftClientReply:client-B56BA4945CBF->d2644fda-0f6b-4964-8120-db19826e02a4@group-D5120AE2D385, cid=15, FAILED org.apache.ratis.protocol.NotLeaderException: Server d2644fda-0f6b-4964-8120-db19826e02a4@group-D5120AE2D385 is not the leader 7631069e-55aa-48aa-a80c-68f378536a45:192.168.157.233:39369, logIndex=0, commits[d2644fda-0f6b-4964-8120-db19826e02a4:c16, 7631069e-55aa-48aa-a80c-68f378536a45:c16, 59cccd2f-755e-4c45-a890-da01592df45f:c12]
 0.00% |█                                                                                                    |  0/1 Time: 0:00:262019-09-16 17:57:00,447 [java.util.concurrent.ThreadPoolExecutor$Worker@2375ecdf[State = -1, empty queue]] WARN  server.GrpcLogAppender (GrpcLogAppender.java:timeoutAppendRequest(200)) - 7631069e-55aa-48aa-a80c-68f378536a45@group-D5120AE2D385->d2644fda-0f6b-4964-8120-db19826e02a4-GrpcLogAppender: appendEntries Timeout, request=7631069e-55aa-48aa-a80c-68f378536a45->d2644fda-0f6b-4964-8120-db19826e02a4#28-t1, previous=(t:1, i:20), leaderCommit=16, initializing? false, entries: <empty>
2019-09-16 17:57:00,447 [java.util.concurrent.ThreadPoolExecutor$Worker@aa10535[State = -1, empty queue]] WARN  server.GrpcLogAppender (GrpcLogAppender.java:timeoutAppendRequest(200)) - 7631069e-55aa-48aa-a80c-68f378536a45@group-D5120AE2D385->59cccd2f-755e-4c45-a890-da01592df45f-GrpcLogAppender: appendEntries Timeout, request=7631069e-55aa-48aa-a80c-68f378536a45->59cccd2f-755e-4c45-a890-da01592df45f#28-t1, previous=(t:1, i:20), leaderCommit=16, initializing? false, entries: <empty>
 0.00% |█                                                                                                    |  0/1 Time: 0:00:27 0.00% |█                                                                                                    |  0/1 Time: 0:00:282019-09-16 17:57:02,948 [java.util.concurrent.ThreadPoolExecutor$Worker@2375ecdf[State = -1, empty queue]] WARN  server.GrpcLogAppender (GrpcLogAppender.java:timeoutAppendRequest(200)) - 7631069e-55aa-48aa-a80c-68f378536a45@group-D5120AE2D385->d2644fda-0f6b-4964-8120-db19826e02a4-GrpcLogAppender: appendEntries Timeout, request=7631069e-55aa-48aa-a80c-68f378536a45->d2644fda-0f6b-4964-8120-db19826e02a4#29-t1, previous=(t:1, i:20), leaderCommit=16, initializing? false, entries: <empty>
2019-09-16 17:57:02,948 [java.util.concurrent.ThreadPoolExecutor$Worker@aa10535[State = -1, empty queue]] WARN  server.GrpcLogAppender (GrpcLogAppender.java:timeoutAppendRequest(200)) - 7631069e-55aa-48aa-a80c-68f378536a45@group-D5120AE2D385->59cccd2f-755e-4c45-a890-da01592df45f-GrpcLogAppender: appendEntries Timeout, request=7631069e-55aa-48aa-a80c-68f378536a45->59cccd2f-755e-4c45-a890-da01592df45f#29-t1, previous=(t:1, i:20), leaderCommit=16, initializing? false, entries: <empty>
 0.00% |█                                                                                                    |  0/1 Time: 0:00:29 0.00% |█                                                                                                    |  0/1 Time: 0:00:302019-09-16 17:57:05,282 [grpc-default-executor-2] INFO  client.GrpcClientProtocolClient (GrpcClientProtocolClient.java:onNext(264)) - client-B56BA4945CBF->59cccd2f-755e-4c45-a890-da01592df45f: receive RaftClientReply:client-B56BA4945CBF->59cccd2f-755e-4c45-a890-da01592df45f@group-D5120AE2D385, cid=15, FAILED org.apache.ratis.protocol.NotLeaderException: Server 59cccd2f-755e-4c45-a890-da01592df45f@group-D5120AE2D385 is not the leader 7631069e-55aa-48aa-a80c-68f378536a45:192.168.157.233:39369, logIndex=0, commits[59cccd2f-755e-4c45-a890-da01592df45f:c16, 7631069e-55aa-48aa-a80c-68f378536a45:c16, d2644fda-0f6b-4964-8120-db19826e02a4:c12]
 0.00% |█                                                                                                    |  0/1 Time: 0:00:312019-09-16 17:57:05,450 [java.util.concurrent.ThreadPoolExecutor$Worker@aa10535[State = -1, empty queue]] WARN  server.GrpcLogAppender (GrpcLogAppender.java:timeoutAppendRequest(200)) - 7631069e-55aa-48aa-a80c-68f378536a45@group-D5120AE2D385->59cccd2f-755e-4c45-a890-da01592df45f-GrpcLogAppender: appendEntries Timeout, request=7631069e-55aa-48aa-a80c-68f378536a45->59cccd2f-755e-4c45-a890-da01592df45f#30-t1, previous=(t:1, i:20), leaderCommit=16, initializing? false, entries: <empty>
2019-09-16 17:57:05,450 [java.util.concurrent.ThreadPoolExecutor$Worker@2375ecdf[State = -1, empty queue]] WARN  server.GrpcLogAppender (GrpcLogAppender.java:timeoutAppendRequest(200)) - 7631069e-55aa-48aa-a80c-68f378536a45@group-D5120AE2D385->d2644fda-0f6b-4964-8120-db19826e02a4-GrpcLogAppender: appendEntries Timeout, request=7631069e-55aa-48aa-a80c-68f378536a45->d2644fda-0f6b-4964-8120-db19826e02a4#30-t1, previous=(t:1, i:20), leaderCommit=16, initializing? false, entries: <empty>
 0.00% |█                                                                                                    |  0/1 Time: 0:00:32 0.00% |█                                                                                                    |  0/1 Time: 0:00:332019-09-16 17:57:07,952 [java.util.concurrent.ThreadPoolExecutor$Worker@aa10535[State = -1, empty queue]] WARN  server.GrpcLogAppender (GrpcLogAppender.java:timeoutAppendRequest(200)) - 7631069e-55aa-48aa-a80c-68f378536a45@group-D5120AE2D385->59cccd2f-755e-4c45-a890-da01592df45f-GrpcLogAppender: appendEntries Timeout, request=7631069e-55aa-48aa-a80c-68f378536a45->59cccd2f-755e-4c45-a890-da01592df45f#31-t1, previous=(t:1, i:20), leaderCommit=16, initializing? false, entries: <empty>
2019-09-16 17:57:07,952 [java.util.concurrent.ThreadPoolExecutor$Worker@2375ecdf[State = -1, empty queue]] WARN  server.GrpcLogAppender (GrpcLogAppender.java:timeoutAppendRequest(200)) - 7631069e-55aa-48aa-a80c-68f378536a45@group-D5120AE2D385->d2644fda-0f6b-4964-8120-db19826e02a4-GrpcLogAppender: appendEntries Timeout, request=7631069e-55aa-48aa-a80c-68f378536a45->d2644fda-0f6b-4964-8120-db19826e02a4#31-t1, previous=(t:1, i:20), leaderCommit=16, initializing? false, entries: <empty>
 0.00% |█                                                                                                    |  0/1 Time: 0:00:34 0.00% |█                                                                                                    |  0/1 Time: 0:00:352019-09-16 17:57:10,059 [d2644fda-0f6b-4964-8120-db19826e02a4@group-D5120AE2D385-SegmentedRaftLogWorker] WARN  segmented.SegmentedRaftLogWorker (SegmentedRaftLogWorker.java:getFromFuture(90)) - Timeout 2/~
org.apache.ratis.protocol.TimeoutIOException: Timeout 10s: WriteLog:19: (t:1, i:19), STATEMACHINELOGENTRY, client-B56BA4945CBF, cid=17-writeStateMachineData
	at org.apache.ratis.util.IOUtils.getFromFuture(IOUtils.java:87)
	at org.apache.ratis.server.raftlog.segmented.SegmentedRaftLogWorker$StateMachineDataPolicy.getFromFuture(SegmentedRaftLogWorker.java:87)
	at org.apache.ratis.server.raftlog.segmented.SegmentedRaftLogWorker$WriteLog.execute(SegmentedRaftLogWorker.java:477)
	at org.apache.ratis.server.raftlog.segmented.SegmentedRaftLogWorker.run(SegmentedRaftLogWorker.java:289)
	at java.lang.Thread.run(Thread.java:748)
Caused by: java.util.concurrent.TimeoutException
	at java.util.concurrent.CompletableFuture.timedGet(CompletableFuture.java:1771)
	at java.util.concurrent.CompletableFuture.get(CompletableFuture.java:1915)
	at org.apache.ratis.util.IOUtils.getFromFuture(IOUtils.java:79)
	... 4 more
2019-09-16 17:57:10,059 [7631069e-55aa-48aa-a80c-68f378536a45@group-D5120AE2D385-SegmentedRaftLogWorker] WARN  segmented.SegmentedRaftLogWorker (SegmentedRaftLogWorker.java:getFromFuture(90)) - Timeout 2/~
org.apache.ratis.protocol.TimeoutIOException: Timeout 10s: WriteLog:19: (t:1, i:19), STATEMACHINELOGENTRY, client-B56BA4945CBF, cid=17-writeStateMachineData
	at org.apache.ratis.util.IOUtils.getFromFuture(IOUtils.java:87)
	at org.apache.ratis.server.raftlog.segmented.SegmentedRaftLogWorker$StateMachineDataPolicy.getFromFuture(SegmentedRaftLogWorker.java:87)
	at org.apache.ratis.server.raftlog.segmented.SegmentedRaftLogWorker$WriteLog.execute(SegmentedRaftLogWorker.java:477)
	at org.apache.ratis.server.raftlog.segmented.SegmentedRaftLogWorker.run(SegmentedRaftLogWorker.java:289)
	at java.lang.Thread.run(Thread.java:748)
Caused by: java.util.concurrent.TimeoutException
	at java.util.concurrent.CompletableFuture.timedGet(CompletableFuture.java:1771)
	at java.util.concurrent.CompletableFuture.get(CompletableFuture.java:1915)
	at org.apache.ratis.util.IOUtils.getFromFuture(IOUtils.java:79)
	... 4 more
2019-09-16 17:57:10,059 [59cccd2f-755e-4c45-a890-da01592df45f@group-D5120AE2D385-SegmentedRaftLogWorker] WARN  segmented.SegmentedRaftLogWorker (SegmentedRaftLogWorker.java:getFromFuture(90)) - Timeout 2/~
org.apache.ratis.protocol.TimeoutIOException: Timeout 10s: WriteLog:19: (t:1, i:19), STATEMACHINELOGENTRY, client-B56BA4945CBF, cid=17-writeStateMachineData
	at org.apache.ratis.util.IOUtils.getFromFuture(IOUtils.java:87)
	at org.apache.ratis.server.raftlog.segmented.SegmentedRaftLogWorker$StateMachineDataPolicy.getFromFuture(SegmentedRaftLogWorker.java:87)
	at org.apache.ratis.server.raftlog.segmented.SegmentedRaftLogWorker$WriteLog.execute(SegmentedRaftLogWorker.java:477)
	at org.apache.ratis.server.raftlog.segmented.SegmentedRaftLogWorker.run(SegmentedRaftLogWorker.java:289)
	at java.lang.Thread.run(Thread.java:748)
Caused by: java.util.concurrent.TimeoutException
	at java.util.concurrent.CompletableFuture.timedGet(CompletableFuture.java:1771)
	at java.util.concurrent.CompletableFuture.get(CompletableFuture.java:1915)
	at org.apache.ratis.util.IOUtils.getFromFuture(IOUtils.java:79)
	... 4 more
 0.00% |█                                                                                                    |  0/1 Time: 0:00:362019-09-16 17:57:10,368 [grpc-default-executor-2] INFO  client.GrpcClientProtocolClient (GrpcClientProtocolClient.java:onNext(264)) - client-B56BA4945CBF->59cccd2f-755e-4c45-a890-da01592df45f: receive RaftClientReply:client-B56BA4945CBF->59cccd2f-755e-4c45-a890-da01592df45f@group-D5120AE2D385, cid=15, FAILED org.apache.ratis.protocol.NotLeaderException: Server 59cccd2f-755e-4c45-a890-da01592df45f@group-D5120AE2D385 is not the leader 7631069e-55aa-48aa-a80c-68f378536a45:192.168.157.233:39369, logIndex=0, commits[59cccd2f-755e-4c45-a890-da01592df45f:c16, 7631069e-55aa-48aa-a80c-68f378536a45:c16, d2644fda-0f6b-4964-8120-db19826e02a4:c12]
2019-09-16 17:57:10,454 [java.util.concurrent.ThreadPoolExecutor$Worker@aa10535[State = -1, empty queue]] WARN  server.GrpcLogAppender (GrpcLogAppender.java:timeoutAppendRequest(200)) - 7631069e-55aa-48aa-a80c-68f378536a45@group-D5120AE2D385->59cccd2f-755e-4c45-a890-da01592df45f-GrpcLogAppender: appendEntries Timeout, request=7631069e-55aa-48aa-a80c-68f378536a45->59cccd2f-755e-4c45-a890-da01592df45f#32-t1, previous=(t:1, i:20), leaderCommit=16, initializing? false, entries: <empty>
2019-09-16 17:57:10,454 [java.util.concurrent.ThreadPoolExecutor$Worker@2375ecdf[State = -1, empty queue]] WARN  server.GrpcLogAppender (GrpcLogAppender.java:timeoutAppendRequest(200)) - 7631069e-55aa-48aa-a80c-68f378536a45@group-D5120AE2D385->d2644fda-0f6b-4964-8120-db19826e02a4-GrpcLogAppender: appendEntries Timeout, request=7631069e-55aa-48aa-a80c-68f378536a45->d2644fda-0f6b-4964-8120-db19826e02a4#32-t1, previous=(t:1, i:20), leaderCommit=16, initializing? false, entries: <empty>
 0.00% |█                                                                                                    |  0/1 Time: 0:00:37 0.00% |█                                                                                                    |  0/1 Time: 0:00:382019-09-16 17:57:12,955 [java.util.concurrent.ThreadPoolExecutor$Worker@aa10535[State = -1, empty queue]] WARN  server.GrpcLogAppender (GrpcLogAppender.java:timeoutAppendRequest(200)) - 7631069e-55aa-48aa-a80c-68f378536a45@group-D5120AE2D385->59cccd2f-755e-4c45-a890-da01592df45f-GrpcLogAppender: appendEntries Timeout, request=7631069e-55aa-48aa-a80c-68f378536a45->59cccd2f-755e-4c45-a890-da01592df45f#33-t1, previous=(t:1, i:20), leaderCommit=16, initializing? false, entries: <empty>
2019-09-16 17:57:12,955 [java.util.concurrent.ThreadPoolExecutor$Worker@2375ecdf[State = -1, empty queue]] WARN  server.GrpcLogAppender (GrpcLogAppender.java:timeoutAppendRequest(200)) - 7631069e-55aa-48aa-a80c-68f378536a45@group-D5120AE2D385->d2644fda-0f6b-4964-8120-db19826e02a4-GrpcLogAppender: appendEntries Timeout, request=7631069e-55aa-48aa-a80c-68f378536a45->d2644fda-0f6b-4964-8120-db19826e02a4#33-t1, previous=(t:1, i:20), leaderCommit=16, initializing? false, entries: <empty>
 0.00% |█                                                                                                    |  0/1 Time: 0:00:39 0.00% |█                                                                                                    |  0/1 Time: 0:00:40 0.00% |█                                                                                                    |  0/1 Time: 0:00:412019-09-16 17:57:15,430 [grpc-default-executor-1] INFO  client.GrpcClientProtocolClient (GrpcClientProtocolClient.java:onNext(264)) - client-B56BA4945CBF->59cccd2f-755e-4c45-a890-da01592df45f: receive RaftClientReply:client-B56BA4945CBF->59cccd2f-755e-4c45-a890-da01592df45f@group-D5120AE2D385, cid=15, FAILED org.apache.ratis.protocol.NotLeaderException: Server 59cccd2f-755e-4c45-a890-da01592df45f@group-D5120AE2D385 is not the leader 7631069e-55aa-48aa-a80c-68f378536a45:192.168.157.233:39369, logIndex=0, commits[59cccd2f-755e-4c45-a890-da01592df45f:c16, 7631069e-55aa-48aa-a80c-68f378536a45:c16, d2644fda-0f6b-4964-8120-db19826e02a4:c12]
2019-09-16 17:57:15,463 [java.util.concurrent.ThreadPoolExecutor$Worker@aa10535[State = -1, empty queue]] WARN  server.GrpcLogAppender (GrpcLogAppender.java:timeoutAppendRequest(200)) - 7631069e-55aa-48aa-a80c-68f378536a45@group-D5120AE2D385->59cccd2f-755e-4c45-a890-da01592df45f-GrpcLogAppender: appendEntries Timeout, request=7631069e-55aa-48aa-a80c-68f378536a45->59cccd2f-755e-4c45-a890-da01592df45f#34-t1, previous=(t:1, i:20), leaderCommit=16, initializing? false, entries: <empty>
2019-09-16 17:57:15,463 [java.util.concurrent.ThreadPoolExecutor$Worker@2375ecdf[State = -1, empty queue]] WARN  server.GrpcLogAppender (GrpcLogAppender.java:timeoutAppendRequest(200)) - 7631069e-55aa-48aa-a80c-68f378536a45@group-D5120AE2D385->d2644fda-0f6b-4964-8120-db19826e02a4-GrpcLogAppender: appendEntries Timeout, request=7631069e-55aa-48aa-a80c-68f378536a45->d2644fda-0f6b-4964-8120-db19826e02a4#34-t1, previous=(t:1, i:20), leaderCommit=16, initializing? false, entries: <empty>
 0.00% |█                                                                                                    |  0/1 Time: 0:00:42 0.00% |█                                                                                                    |  0/1 Time: 0:00:432019-09-16 17:57:17,963 [java.util.concurrent.ThreadPoolExecutor$Worker@2375ecdf[State = -1, empty queue]] WARN  server.GrpcLogAppender (GrpcLogAppender.java:timeoutAppendRequest(200)) - 7631069e-55aa-48aa-a80c-68f378536a45@group-D5120AE2D385->d2644fda-0f6b-4964-8120-db19826e02a4-GrpcLogAppender: appendEntries Timeout, request=7631069e-55aa-48aa-a80c-68f378536a45->d2644fda-0f6b-4964-8120-db19826e02a4#35-t1, previous=(t:1, i:20), leaderCommit=16, initializing? false, entries: <empty>
2019-09-16 17:57:17,963 [java.util.concurrent.ThreadPoolExecutor$Worker@aa10535[State = -1, empty queue]] WARN  server.GrpcLogAppender (GrpcLogAppender.java:timeoutAppendRequest(200)) - 7631069e-55aa-48aa-a80c-68f378536a45@group-D5120AE2D385->59cccd2f-755e-4c45-a890-da01592df45f-GrpcLogAppender: appendEntries Timeout, request=7631069e-55aa-48aa-a80c-68f378536a45->59cccd2f-755e-4c45-a890-da01592df45f#35-t1, previous=(t:1, i:20), leaderCommit=16, initializing? false, entries: <empty>
 0.00% |█                                                                                                    |  0/1 Time: 0:00:44 0.00% |█                                                                                                    |  0/1 Time: 0:00:452019-09-16 17:57:20,060 [d2644fda-0f6b-4964-8120-db19826e02a4@group-D5120AE2D385-SegmentedRaftLogWorker] WARN  segmented.SegmentedRaftLogWorker (SegmentedRaftLogWorker.java:getFromFuture(90)) - Timeout 3/~
org.apache.ratis.protocol.TimeoutIOException: Timeout 10s: WriteLog:19: (t:1, i:19), STATEMACHINELOGENTRY, client-B56BA4945CBF, cid=17-writeStateMachineData
	at org.apache.ratis.util.IOUtils.getFromFuture(IOUtils.java:87)
	at org.apache.ratis.server.raftlog.segmented.SegmentedRaftLogWorker$StateMachineDataPolicy.getFromFuture(SegmentedRaftLogWorker.java:87)
	at org.apache.ratis.server.raftlog.segmented.SegmentedRaftLogWorker$WriteLog.execute(SegmentedRaftLogWorker.java:477)
	at org.apache.ratis.server.raftlog.segmented.SegmentedRaftLogWorker.run(SegmentedRaftLogWorker.java:289)
	at java.lang.Thread.run(Thread.java:748)
Caused by: java.util.concurrent.TimeoutException
	at java.util.concurrent.CompletableFuture.timedGet(CompletableFuture.java:1771)
	at java.util.concurrent.CompletableFuture.get(CompletableFuture.java:1915)
	at org.apache.ratis.util.IOUtils.getFromFuture(IOUtils.java:79)
	... 4 more
2019-09-16 17:57:20,061 [59cccd2f-755e-4c45-a890-da01592df45f@group-D5120AE2D385-SegmentedRaftLogWorker] WARN  segmented.SegmentedRaftLogWorker (SegmentedRaftLogWorker.java:getFromFuture(90)) - Timeout 3/~
org.apache.ratis.protocol.TimeoutIOException: Timeout 10s: WriteLog:19: (t:1, i:19), STATEMACHINELOGENTRY, client-B56BA4945CBF, cid=17-writeStateMachineData
	at org.apache.ratis.util.IOUtils.getFromFuture(IOUtils.java:87)
	at org.apache.ratis.server.raftlog.segmented.SegmentedRaftLogWorker$StateMachineDataPolicy.getFromFuture(SegmentedRaftLogWorker.java:87)
	at org.apache.ratis.server.raftlog.segmented.SegmentedRaftLogWorker$WriteLog.execute(SegmentedRaftLogWorker.java:477)
	at org.apache.ratis.server.raftlog.segmented.SegmentedRaftLogWorker.run(SegmentedRaftLogWorker.java:289)
	at java.lang.Thread.run(Thread.java:748)
Caused by: java.util.concurrent.TimeoutException
	at java.util.concurrent.CompletableFuture.timedGet(CompletableFuture.java:1771)
	at java.util.concurrent.CompletableFuture.get(CompletableFuture.java:1915)
	at org.apache.ratis.util.IOUtils.getFromFuture(IOUtils.java:79)
	... 4 more
2019-09-16 17:57:20,061 [7631069e-55aa-48aa-a80c-68f378536a45@group-D5120AE2D385-SegmentedRaftLogWorker] WARN  segmented.SegmentedRaftLogWorker (SegmentedRaftLogWorker.java:getFromFuture(90)) - Timeout 3/~
org.apache.ratis.protocol.TimeoutIOException: Timeout 10s: WriteLog:19: (t:1, i:19), STATEMACHINELOGENTRY, client-B56BA4945CBF, cid=17-writeStateMachineData
	at org.apache.ratis.util.IOUtils.getFromFuture(IOUtils.java:87)
	at org.apache.ratis.server.raftlog.segmented.SegmentedRaftLogWorker$StateMachineDataPolicy.getFromFuture(SegmentedRaftLogWorker.java:87)
	at org.apache.ratis.server.raftlog.segmented.SegmentedRaftLogWorker$WriteLog.execute(SegmentedRaftLogWorker.java:477)
	at org.apache.ratis.server.raftlog.segmented.SegmentedRaftLogWorker.run(SegmentedRaftLogWorker.java:289)
	at java.lang.Thread.run(Thread.java:748)
Caused by: java.util.concurrent.TimeoutException
	at java.util.concurrent.CompletableFuture.timedGet(CompletableFuture.java:1771)
	at java.util.concurrent.CompletableFuture.get(CompletableFuture.java:1915)
	at org.apache.ratis.util.IOUtils.getFromFuture(IOUtils.java:79)
	... 4 more
 0.00% |█                                                                                                    |  0/1 Time: 0:00:462019-09-16 17:57:20,466 [java.util.concurrent.ThreadPoolExecutor$Worker@2375ecdf[State = -1, empty queue]] WARN  server.GrpcLogAppender (GrpcLogAppender.java:timeoutAppendRequest(200)) - 7631069e-55aa-48aa-a80c-68f378536a45@group-D5120AE2D385->d2644fda-0f6b-4964-8120-db19826e02a4-GrpcLogAppender: appendEntries Timeout, request=7631069e-55aa-48aa-a80c-68f378536a45->d2644fda-0f6b-4964-8120-db19826e02a4#36-t1, previous=(t:1, i:20), leaderCommit=16, initializing? false, entries: <empty>
2019-09-16 17:57:20,466 [java.util.concurrent.ThreadPoolExecutor$Worker@aa10535[State = -1, empty queue]] WARN  server.GrpcLogAppender (GrpcLogAppender.java:timeoutAppendRequest(200)) - 7631069e-55aa-48aa-a80c-68f378536a45@group-D5120AE2D385->59cccd2f-755e-4c45-a890-da01592df45f-GrpcLogAppender: appendEntries Timeout, request=7631069e-55aa-48aa-a80c-68f378536a45->59cccd2f-755e-4c45-a890-da01592df45f#36-t1, previous=(t:1, i:20), leaderCommit=16, initializing? false, entries: <empty>
2019-09-16 17:57:20,506 [grpc-default-executor-1] INFO  client.GrpcClientProtocolClient (GrpcClientProtocolClient.java:onNext(264)) - client-B56BA4945CBF->59cccd2f-755e-4c45-a890-da01592df45f: receive RaftClientReply:client-B56BA4945CBF->59cccd2f-755e-4c45-a890-da01592df45f@group-D5120AE2D385, cid=15, FAILED org.apache.ratis.protocol.NotLeaderException: Server 59cccd2f-755e-4c45-a890-da01592df45f@group-D5120AE2D385 is not the leader 7631069e-55aa-48aa-a80c-68f378536a45:192.168.157.233:39369, logIndex=0, commits[59cccd2f-755e-4c45-a890-da01592df45f:c16, 7631069e-55aa-48aa-a80c-68f378536a45:c16, d2644fda-0f6b-4964-8120-db19826e02a4:c12]
 0.00% |█                                                                                                    |  0/1 Time: 0:00:47 0.00% |█                                                                                                    |  0/1 Time: 0:00:482019-09-16 17:57:22,967 [java.util.concurrent.ThreadPoolExecutor$Worker@aa10535[State = -1, empty queue]] WARN  server.GrpcLogAppender (GrpcLogAppender.java:timeoutAppendRequest(200)) - 7631069e-55aa-48aa-a80c-68f378536a45@group-D5120AE2D385->59cccd2f-755e-4c45-a890-da01592df45f-GrpcLogAppender: appendEntries Timeout, request=7631069e-55aa-48aa-a80c-68f378536a45->59cccd2f-755e-4c45-a890-da01592df45f#37-t1, previous=(t:1, i:20), leaderCommit=16, initializing? false, entries: <empty>
2019-09-16 17:57:22,967 [java.util.concurrent.ThreadPoolExecutor$Worker@2375ecdf[State = -1, empty queue]] WARN  server.GrpcLogAppender (GrpcLogAppender.java:timeoutAppendRequest(200)) - 7631069e-55aa-48aa-a80c-68f378536a45@group-D5120AE2D385->d2644fda-0f6b-4964-8120-db19826e02a4-GrpcLogAppender: appendEntries Timeout, request=7631069e-55aa-48aa-a80c-68f378536a45->d2644fda-0f6b-4964-8120-db19826e02a4#37-t1, previous=(t:1, i:20), leaderCommit=16, initializing? false, entries: <empty>
 0.00% |█                                                                                                    |  0/1 Time: 0:00:49 0.00% |█                                                                                                    |  0/1 Time: 0:00:50 0.00% |█                                                                                                    |  0/1 Time: 0:00:512019-09-16 17:57:25,470 [java.util.concurrent.ThreadPoolExecutor$Worker@2375ecdf[State = -1, empty queue]] WARN  server.GrpcLogAppender (GrpcLogAppender.java:timeoutAppendRequest(200)) - 7631069e-55aa-48aa-a80c-68f378536a45@group-D5120AE2D385->d2644fda-0f6b-4964-8120-db19826e02a4-GrpcLogAppender: appendEntries Timeout, request=7631069e-55aa-48aa-a80c-68f378536a45->d2644fda-0f6b-4964-8120-db19826e02a4#38-t1, previous=(t:1, i:20), leaderCommit=16, initializing? false, entries: <empty>
2019-09-16 17:57:25,470 [java.util.concurrent.ThreadPoolExecutor$Worker@aa10535[State = -1, empty queue]] WARN  server.GrpcLogAppender (GrpcLogAppender.java:timeoutAppendRequest(200)) - 7631069e-55aa-48aa-a80c-68f378536a45@group-D5120AE2D385->59cccd2f-755e-4c45-a890-da01592df45f-GrpcLogAppender: appendEntries Timeout, request=7631069e-55aa-48aa-a80c-68f378536a45->59cccd2f-755e-4c45-a890-da01592df45f#38-t1, previous=(t:1, i:20), leaderCommit=16, initializing? false, entries: <empty>
2019-09-16 17:57:25,578 [grpc-default-executor-2] INFO  client.GrpcClientProtocolClient (GrpcClientProtocolClient.java:onNext(264)) - client-B56BA4945CBF->59cccd2f-755e-4c45-a890-da01592df45f: receive RaftClientReply:client-B56BA4945CBF->59cccd2f-755e-4c45-a890-da01592df45f@group-D5120AE2D385, cid=15, FAILED org.apache.ratis.protocol.NotLeaderException: Server 59cccd2f-755e-4c45-a890-da01592df45f@group-D5120AE2D385 is not the leader 7631069e-55aa-48aa-a80c-68f378536a45:192.168.157.233:39369, logIndex=0, commits[59cccd2f-755e-4c45-a890-da01592df45f:c16, 7631069e-55aa-48aa-a80c-68f378536a45:c16, d2644fda-0f6b-4964-8120-db19826e02a4:c12]
 0.00% |█                                                                                                    |  0/1 Time: 0:00:52 0.00% |█                                                                                                    |  0/1 Time: 0:00:532019-09-16 17:57:27,971 [java.util.concurrent.ThreadPoolExecutor$Worker@2375ecdf[State = -1, empty queue]] WARN  server.GrpcLogAppender (GrpcLogAppender.java:timeoutAppendRequest(200)) - 7631069e-55aa-48aa-a80c-68f378536a45@group-D5120AE2D385->d2644fda-0f6b-4964-8120-db19826e02a4-GrpcLogAppender: appendEntries Timeout, request=7631069e-55aa-48aa-a80c-68f378536a45->d2644fda-0f6b-4964-8120-db19826e02a4#39-t1, previous=(t:1, i:20), leaderCommit=16, initializing? false, entries: <empty>
2019-09-16 17:57:27,971 [java.util.concurrent.ThreadPoolExecutor$Worker@aa10535[State = -1, empty queue]] WARN  server.GrpcLogAppender (GrpcLogAppender.java:timeoutAppendRequest(200)) - 7631069e-55aa-48aa-a80c-68f378536a45@group-D5120AE2D385->59cccd2f-755e-4c45-a890-da01592df45f-GrpcLogAppender: appendEntries Timeout, request=7631069e-55aa-48aa-a80c-68f378536a45->59cccd2f-755e-4c45-a890-da01592df45f#39-t1, previous=(t:1, i:20), leaderCommit=16, initializing? false, entries: <empty>
 0.00% |█                                                                                                    |  0/1 Time: 0:00:54 0.00% |█                                                                                                    |  0/1 Time: 0:00:552019-09-16 17:57:30,062 [d2644fda-0f6b-4964-8120-db19826e02a4@group-D5120AE2D385-SegmentedRaftLogWorker] WARN  segmented.SegmentedRaftLogWorker (SegmentedRaftLogWorker.java:getFromFuture(90)) - Timeout 4/~
org.apache.ratis.protocol.TimeoutIOException: Timeout 10s: WriteLog:19: (t:1, i:19), STATEMACHINELOGENTRY, client-B56BA4945CBF, cid=17-writeStateMachineData
	at org.apache.ratis.util.IOUtils.getFromFuture(IOUtils.java:87)
	at org.apache.ratis.server.raftlog.segmented.SegmentedRaftLogWorker$StateMachineDataPolicy.getFromFuture(SegmentedRaftLogWorker.java:87)
	at org.apache.ratis.server.raftlog.segmented.SegmentedRaftLogWorker$WriteLog.execute(SegmentedRaftLogWorker.java:477)
	at org.apache.ratis.server.raftlog.segmented.SegmentedRaftLogWorker.run(SegmentedRaftLogWorker.java:289)
	at java.lang.Thread.run(Thread.java:748)
Caused by: java.util.concurrent.TimeoutException
	at java.util.concurrent.CompletableFuture.timedGet(CompletableFuture.java:1771)
	at java.util.concurrent.CompletableFuture.get(CompletableFuture.java:1915)
	at org.apache.ratis.util.IOUtils.getFromFuture(IOUtils.java:79)
	... 4 more
2019-09-16 17:57:30,062 [59cccd2f-755e-4c45-a890-da01592df45f@group-D5120AE2D385-SegmentedRaftLogWorker] WARN  segmented.SegmentedRaftLogWorker (SegmentedRaftLogWorker.java:getFromFuture(90)) - Timeout 4/~
org.apache.ratis.protocol.TimeoutIOException: Timeout 10s: WriteLog:19: (t:1, i:19), STATEMACHINELOGENTRY, client-B56BA4945CBF, cid=17-writeStateMachineData
	at org.apache.ratis.util.IOUtils.getFromFuture(IOUtils.java:87)
	at org.apache.ratis.server.raftlog.segmented.SegmentedRaftLogWorker$StateMachineDataPolicy.getFromFuture(SegmentedRaftLogWorker.java:87)
	at org.apache.ratis.server.raftlog.segmented.SegmentedRaftLogWorker$WriteLog.execute(SegmentedRaftLogWorker.java:477)
	at org.apache.ratis.server.raftlog.segmented.SegmentedRaftLogWorker.run(SegmentedRaftLogWorker.java:289)
	at java.lang.Thread.run(Thread.java:748)
Caused by: java.util.concurrent.TimeoutException
	at java.util.concurrent.CompletableFuture.timedGet(CompletableFuture.java:1771)
	at java.util.concurrent.CompletableFuture.get(CompletableFuture.java:1915)
	at org.apache.ratis.util.IOUtils.getFromFuture(IOUtils.java:79)
	... 4 more
2019-09-16 17:57:30,063 [7631069e-55aa-48aa-a80c-68f378536a45@group-D5120AE2D385-SegmentedRaftLogWorker] WARN  segmented.SegmentedRaftLogWorker (SegmentedRaftLogWorker.java:getFromFuture(90)) - Timeout 4/~
org.apache.ratis.protocol.TimeoutIOException: Timeout 10s: WriteLog:19: (t:1, i:19), STATEMACHINELOGENTRY, client-B56BA4945CBF, cid=17-writeStateMachineData
	at org.apache.ratis.util.IOUtils.getFromFuture(IOUtils.java:87)
	at org.apache.ratis.server.raftlog.segmented.SegmentedRaftLogWorker$StateMachineDataPolicy.getFromFuture(SegmentedRaftLogWorker.java:87)
	at org.apache.ratis.server.raftlog.segmented.SegmentedRaftLogWorker$WriteLog.execute(SegmentedRaftLogWorker.java:477)
	at org.apache.ratis.server.raftlog.segmented.SegmentedRaftLogWorker.run(SegmentedRaftLogWorker.java:289)
	at java.lang.Thread.run(Thread.java:748)
Caused by: java.util.concurrent.TimeoutException
	at java.util.concurrent.CompletableFuture.timedGet(CompletableFuture.java:1771)
	at java.util.concurrent.CompletableFuture.get(CompletableFuture.java:1915)
	at org.apache.ratis.util.IOUtils.getFromFuture(IOUtils.java:79)
	... 4 more
 0.00% |█                                                                                                    |  0/1 Time: 0:00:562019-09-16 17:57:30,472 [java.util.concurrent.ThreadPoolExecutor$Worker@aa10535[State = -1, empty queue]] WARN  server.GrpcLogAppender (GrpcLogAppender.java:timeoutAppendRequest(200)) - 7631069e-55aa-48aa-a80c-68f378536a45@group-D5120AE2D385->59cccd2f-755e-4c45-a890-da01592df45f-GrpcLogAppender: appendEntries Timeout, request=7631069e-55aa-48aa-a80c-68f378536a45->59cccd2f-755e-4c45-a890-da01592df45f#40-t1, previous=(t:1, i:20), leaderCommit=16, initializing? false, entries: <empty>
2019-09-16 17:57:30,472 [java.util.concurrent.ThreadPoolExecutor$Worker@2375ecdf[State = -1, empty queue]] WARN  server.GrpcLogAppender (GrpcLogAppender.java:timeoutAppendRequest(200)) - 7631069e-55aa-48aa-a80c-68f378536a45@group-D5120AE2D385->d2644fda-0f6b-4964-8120-db19826e02a4-GrpcLogAppender: appendEntries Timeout, request=7631069e-55aa-48aa-a80c-68f378536a45->d2644fda-0f6b-4964-8120-db19826e02a4#40-t1, previous=(t:1, i:20), leaderCommit=16, initializing? false, entries: <empty>
2019-09-16 17:57:30,626 [grpc-default-executor-2] INFO  client.GrpcClientProtocolClient (GrpcClientProtocolClient.java:onNext(264)) - client-B56BA4945CBF->d2644fda-0f6b-4964-8120-db19826e02a4: receive RaftClientReply:client-B56BA4945CBF->d2644fda-0f6b-4964-8120-db19826e02a4@group-D5120AE2D385, cid=15, FAILED org.apache.ratis.protocol.NotLeaderException: Server d2644fda-0f6b-4964-8120-db19826e02a4@group-D5120AE2D385 is not the leader 7631069e-55aa-48aa-a80c-68f378536a45:192.168.157.233:39369, logIndex=0, commits[d2644fda-0f6b-4964-8120-db19826e02a4:c16, 7631069e-55aa-48aa-a80c-68f378536a45:c16, 59cccd2f-755e-4c45-a890-da01592df45f:c12]
 0.00% |█                                                                                                    |  0/1 Time: 0:00:57 0.00% |█                                                                                                    |  0/1 Time: 0:00:582019-09-16 17:57:32,972 [java.util.concurrent.ThreadPoolExecutor$Worker@aa10535[State = -1, empty queue]] WARN  server.GrpcLogAppender (GrpcLogAppender.java:timeoutAppendRequest(200)) - 7631069e-55aa-48aa-a80c-68f378536a45@group-D5120AE2D385->59cccd2f-755e-4c45-a890-da01592df45f-GrpcLogAppender: appendEntries Timeout, request=7631069e-55aa-48aa-a80c-68f378536a45->59cccd2f-755e-4c45-a890-da01592df45f#41-t1, previous=(t:1, i:20), leaderCommit=16, initializing? false, entries: <empty>
2019-09-16 17:57:32,972 [java.util.concurrent.ThreadPoolExecutor$Worker@2375ecdf[State = -1, empty queue]] WARN  server.GrpcLogAppender (GrpcLogAppender.java:timeoutAppendRequest(200)) - 7631069e-55aa-48aa-a80c-68f378536a45@group-D5120AE2D385->d2644fda-0f6b-4964-8120-db19826e02a4-GrpcLogAppender: appendEntries Timeout, request=7631069e-55aa-48aa-a80c-68f378536a45->d2644fda-0f6b-4964-8120-db19826e02a4#41-t1, previous=(t:1, i:20), leaderCommit=16, initializing? false, entries: <empty>
 0.00% |█                                                                                                    |  0/1 Time: 0:00:59 0.00% |█                                                                                                    |  0/1 Time: 0:01:00 0.00% |█                                                                                                    |  0/1 Time: 0:01:012019-09-16 17:57:35,473 [java.util.concurrent.ThreadPoolExecutor$Worker@aa10535[State = -1, empty queue]] WARN  server.GrpcLogAppender (GrpcLogAppender.java:timeoutAppendRequest(200)) - 7631069e-55aa-48aa-a80c-68f378536a45@group-D5120AE2D385->59cccd2f-755e-4c45-a890-da01592df45f-GrpcLogAppender: appendEntries Timeout, request=7631069e-55aa-48aa-a80c-68f378536a45->59cccd2f-755e-4c45-a890-da01592df45f#42-t1, previous=(t:1, i:20), leaderCommit=16, initializing? false, entries: <empty>
2019-09-16 17:57:35,473 [java.util.concurrent.ThreadPoolExecutor$Worker@2375ecdf[State = -1, empty queue]] WARN  server.GrpcLogAppender (GrpcLogAppender.java:timeoutAppendRequest(200)) - 7631069e-55aa-48aa-a80c-68f378536a45@group-D5120AE2D385->d2644fda-0f6b-4964-8120-db19826e02a4-GrpcLogAppender: appendEntries Timeout, request=7631069e-55aa-48aa-a80c-68f378536a45->d2644fda-0f6b-4964-8120-db19826e02a4#42-t1, previous=(t:1, i:20), leaderCommit=16, initializing? false, entries: <empty>
2019-09-16 17:57:35,681 [grpc-default-executor-1] INFO  client.GrpcClientProtocolClient (GrpcClientProtocolClient.java:onNext(264)) - client-B56BA4945CBF->d2644fda-0f6b-4964-8120-db19826e02a4: receive RaftClientReply:client-B56BA4945CBF->d2644fda-0f6b-4964-8120-db19826e02a4@group-D5120AE2D385, cid=15, FAILED org.apache.ratis.protocol.NotLeaderException: Server d2644fda-0f6b-4964-8120-db19826e02a4@group-D5120AE2D385 is not the leader 7631069e-55aa-48aa-a80c-68f378536a45:192.168.157.233:39369, logIndex=0, commits[d2644fda-0f6b-4964-8120-db19826e02a4:c16, 7631069e-55aa-48aa-a80c-68f378536a45:c16, 59cccd2f-755e-4c45-a890-da01592df45f:c12]
 0.00% |█                                                                                                    |  0/1 Time: 0:01:02 0.00% |█                                                                                                    |  0/1 Time: 0:01:032019-09-16 17:57:37,976 [java.util.concurrent.ThreadPoolExecutor$Worker@2375ecdf[State = -1, empty queue]] WARN  server.GrpcLogAppender (GrpcLogAppender.java:timeoutAppendRequest(200)) - 7631069e-55aa-48aa-a80c-68f378536a45@group-D5120AE2D385->d2644fda-0f6b-4964-8120-db19826e02a4-GrpcLogAppender: appendEntries Timeout, request=7631069e-55aa-48aa-a80c-68f378536a45->d2644fda-0f6b-4964-8120-db19826e02a4#43-t1, previous=(t:1, i:20), leaderCommit=16, initializing? false, entries: <empty>
2019-09-16 17:57:37,976 [java.util.concurrent.ThreadPoolExecutor$Worker@aa10535[State = -1, empty queue]] WARN  server.GrpcLogAppender (GrpcLogAppender.java:timeoutAppendRequest(200)) - 7631069e-55aa-48aa-a80c-68f378536a45@group-D5120AE2D385->59cccd2f-755e-4c45-a890-da01592df45f-GrpcLogAppender: appendEntries Timeout, request=7631069e-55aa-48aa-a80c-68f378536a45->59cccd2f-755e-4c45-a890-da01592df45f#43-t1, previous=(t:1, i:20), leaderCommit=16, initializing? false, entries: <empty>
 0.00% |█                                                                                                    |  0/1 Time: 0:01:04 0.00% |█                                                                                                    |  0/1 Time: 0:01:052019-09-16 17:57:40,063 [d2644fda-0f6b-4964-8120-db19826e02a4@group-D5120AE2D385-SegmentedRaftLogWorker] WARN  segmented.SegmentedRaftLogWorker (SegmentedRaftLogWorker.java:getFromFuture(90)) - Timeout 5/~
org.apache.ratis.protocol.TimeoutIOException: Timeout 10s: WriteLog:19: (t:1, i:19), STATEMACHINELOGENTRY, client-B56BA4945CBF, cid=17-writeStateMachineData
	at org.apache.ratis.util.IOUtils.getFromFuture(IOUtils.java:87)
	at org.apache.ratis.server.raftlog.segmented.SegmentedRaftLogWorker$StateMachineDataPolicy.getFromFuture(SegmentedRaftLogWorker.java:87)
	at org.apache.ratis.server.raftlog.segmented.SegmentedRaftLogWorker$WriteLog.execute(SegmentedRaftLogWorker.java:477)
	at org.apache.ratis.server.raftlog.segmented.SegmentedRaftLogWorker.run(SegmentedRaftLogWorker.java:289)
	at java.lang.Thread.run(Thread.java:748)
Caused by: java.util.concurrent.TimeoutException
	at java.util.concurrent.CompletableFuture.timedGet(CompletableFuture.java:1771)
	at java.util.concurrent.CompletableFuture.get(CompletableFuture.java:1915)
	at org.apache.ratis.util.IOUtils.getFromFuture(IOUtils.java:79)
	... 4 more
2019-09-16 17:57:40,063 [59cccd2f-755e-4c45-a890-da01592df45f@group-D5120AE2D385-SegmentedRaftLogWorker] WARN  segmented.SegmentedRaftLogWorker (SegmentedRaftLogWorker.java:getFromFuture(90)) - Timeout 5/~
org.apache.ratis.protocol.TimeoutIOException: Timeout 10s: WriteLog:19: (t:1, i:19), STATEMACHINELOGENTRY, client-B56BA4945CBF, cid=17-writeStateMachineData
	at org.apache.ratis.util.IOUtils.getFromFuture(IOUtils.java:87)
	at org.apache.ratis.server.raftlog.segmented.SegmentedRaftLogWorker$StateMachineDataPolicy.getFromFuture(SegmentedRaftLogWorker.java:87)
	at org.apache.ratis.server.raftlog.segmented.SegmentedRaftLogWorker$WriteLog.execute(SegmentedRaftLogWorker.java:477)
	at org.apache.ratis.server.raftlog.segmented.SegmentedRaftLogWorker.run(SegmentedRaftLogWorker.java:289)
	at java.lang.Thread.run(Thread.java:748)
Caused by: java.util.concurrent.TimeoutException
	at java.util.concurrent.CompletableFuture.timedGet(CompletableFuture.java:1771)
	at java.util.concurrent.CompletableFuture.get(CompletableFuture.java:1915)
	at org.apache.ratis.util.IOUtils.getFromFuture(IOUtils.java:79)
	... 4 more
2019-09-16 17:57:40,064 [7631069e-55aa-48aa-a80c-68f378536a45@group-D5120AE2D385-SegmentedRaftLogWorker] WARN  segmented.SegmentedRaftLogWorker (SegmentedRaftLogWorker.java:getFromFuture(90)) - Timeout 5/~
org.apache.ratis.protocol.TimeoutIOException: Timeout 10s: WriteLog:19: (t:1, i:19), STATEMACHINELOGENTRY, client-B56BA4945CBF, cid=17-writeStateMachineData
	at org.apache.ratis.util.IOUtils.getFromFuture(IOUtils.java:87)
	at org.apache.ratis.server.raftlog.segmented.SegmentedRaftLogWorker$StateMachineDataPolicy.getFromFuture(SegmentedRaftLogWorker.java:87)
	at org.apache.ratis.server.raftlog.segmented.SegmentedRaftLogWorker$WriteLog.execute(SegmentedRaftLogWorker.java:477)
	at org.apache.ratis.server.raftlog.segmented.SegmentedRaftLogWorker.run(SegmentedRaftLogWorker.java:289)
	at java.lang.Thread.run(Thread.java:748)
Caused by: java.util.concurrent.TimeoutException
	at java.util.concurrent.CompletableFuture.timedGet(CompletableFuture.java:1771)
	at java.util.concurrent.CompletableFuture.get(CompletableFuture.java:1915)
	at org.apache.ratis.util.IOUtils.getFromFuture(IOUtils.java:79)
	... 4 more
 0.00% |█                                                                                                    |  0/1 Time: 0:01:062019-09-16 17:57:40,478 [java.util.concurrent.ThreadPoolExecutor$Worker@2375ecdf[State = -1, empty queue]] WARN  server.GrpcLogAppender (GrpcLogAppender.java:timeoutAppendRequest(200)) - 7631069e-55aa-48aa-a80c-68f378536a45@group-D5120AE2D385->d2644fda-0f6b-4964-8120-db19826e02a4-GrpcLogAppender: appendEntries Timeout, request=7631069e-55aa-48aa-a80c-68f378536a45->d2644fda-0f6b-4964-8120-db19826e02a4#44-t1, previous=(t:1, i:20), leaderCommit=16, initializing? false, entries: <empty>
2019-09-16 17:57:40,478 [java.util.concurrent.ThreadPoolExecutor$Worker@aa10535[State = -1, empty queue]] WARN  server.GrpcLogAppender (GrpcLogAppender.java:timeoutAppendRequest(200)) - 7631069e-55aa-48aa-a80c-68f378536a45@group-D5120AE2D385->59cccd2f-755e-4c45-a890-da01592df45f-GrpcLogAppender: appendEntries Timeout, request=7631069e-55aa-48aa-a80c-68f378536a45->59cccd2f-755e-4c45-a890-da01592df45f#44-t1, previous=(t:1, i:20), leaderCommit=16, initializing? false, entries: <empty>
2019-09-16 17:57:40,737 [grpc-default-executor-2] INFO  client.GrpcClientProtocolClient (GrpcClientProtocolClient.java:onNext(264)) - client-B56BA4945CBF->d2644fda-0f6b-4964-8120-db19826e02a4: receive RaftClientReply:client-B56BA4945CBF->d2644fda-0f6b-4964-8120-db19826e02a4@group-D5120AE2D385, cid=15, FAILED org.apache.ratis.protocol.NotLeaderException: Server d2644fda-0f6b-4964-8120-db19826e02a4@group-D5120AE2D385 is not the leader 7631069e-55aa-48aa-a80c-68f378536a45:192.168.157.233:39369, logIndex=0, commits[d2644fda-0f6b-4964-8120-db19826e02a4:c16, 7631069e-55aa-48aa-a80c-68f378536a45:c16, 59cccd2f-755e-4c45-a890-da01592df45f:c12]
 0.00% |█                                                                                                    |  0/1 Time: 0:01:07 0.00% |█                                                                                                    |  0/1 Time: 0:01:082019-09-16 17:57:42,979 [java.util.concurrent.ThreadPoolExecutor$Worker@aa10535[State = -1, empty queue]] WARN  server.GrpcLogAppender (GrpcLogAppender.java:timeoutAppendRequest(200)) - 7631069e-55aa-48aa-a80c-68f378536a45@group-D5120AE2D385->59cccd2f-755e-4c45-a890-da01592df45f-GrpcLogAppender: appendEntries Timeout, request=7631069e-55aa-48aa-a80c-68f378536a45->59cccd2f-755e-4c45-a890-da01592df45f#45-t1, previous=(t:1, i:20), leaderCommit=16, initializing? false, entries: <empty>
2019-09-16 17:57:42,979 [java.util.concurrent.ThreadPoolExecutor$Worker@2375ecdf[State = -1, empty queue]] WARN  server.GrpcLogAppender (GrpcLogAppender.java:timeoutAppendRequest(200)) - 7631069e-55aa-48aa-a80c-68f378536a45@group-D5120AE2D385->d2644fda-0f6b-4964-8120-db19826e02a4-GrpcLogAppender: appendEntries Timeout, request=7631069e-55aa-48aa-a80c-68f378536a45->d2644fda-0f6b-4964-8120-db19826e02a4#45-t1, previous=(t:1, i:20), leaderCommit=16, initializing? false, entries: <empty>
 0.00% |█                                                                                                    |  0/1 Time: 0:01:09 0.00% |█                                                                                                    |  0/1 Time: 0:01:10 0.00% |█                                                                                                    |  0/1 Time: 0:01:112019-09-16 17:57:45,480 [java.util.concurrent.ThreadPoolExecutor$Worker@2375ecdf[State = -1, empty queue]] WARN  server.GrpcLogAppender (GrpcLogAppender.java:timeoutAppendRequest(200)) - 7631069e-55aa-48aa-a80c-68f378536a45@group-D5120AE2D385->d2644fda-0f6b-4964-8120-db19826e02a4-GrpcLogAppender: appendEntries Timeout, request=7631069e-55aa-48aa-a80c-68f378536a45->d2644fda-0f6b-4964-8120-db19826e02a4#46-t1, previous=(t:1, i:20), leaderCommit=16, initializing? false, entries: <empty>
2019-09-16 17:57:45,480 [java.util.concurrent.ThreadPoolExecutor$Worker@aa10535[State = -1, empty queue]] WARN  server.GrpcLogAppender (GrpcLogAppender.java:timeoutAppendRequest(200)) - 7631069e-55aa-48aa-a80c-68f378536a45@group-D5120AE2D385->59cccd2f-755e-4c45-a890-da01592df45f-GrpcLogAppender: appendEntries Timeout, request=7631069e-55aa-48aa-a80c-68f378536a45->59cccd2f-755e-4c45-a890-da01592df45f#46-t1, previous=(t:1, i:20), leaderCommit=16, initializing? false, entries: <empty>
2019-09-16 17:57:45,794 [grpc-default-executor-2] INFO  client.GrpcClientProtocolClient (GrpcClientProtocolClient.java:onNext(264)) - client-B56BA4945CBF->59cccd2f-755e-4c45-a890-da01592df45f: receive RaftClientReply:client-B56BA4945CBF->59cccd2f-755e-4c45-a890-da01592df45f@group-D5120AE2D385, cid=15, FAILED org.apache.ratis.protocol.NotLeaderException: Server 59cccd2f-755e-4c45-a890-da01592df45f@group-D5120AE2D385 is not the leader 7631069e-55aa-48aa-a80c-68f378536a45:192.168.157.233:39369, logIndex=0, commits[59cccd2f-755e-4c45-a890-da01592df45f:c16, 7631069e-55aa-48aa-a80c-68f378536a45:c16, d2644fda-0f6b-4964-8120-db19826e02a4:c12]
 0.00% |█                                                                                                    |  0/1 Time: 0:01:12 0.00% |█                                                                                                    |  0/1 Time: 0:01:132019-09-16 17:57:47,981 [java.util.concurrent.ThreadPoolExecutor$Worker@aa10535[State = -1, empty queue]] WARN  server.GrpcLogAppender (GrpcLogAppender.java:timeoutAppendRequest(200)) - 7631069e-55aa-48aa-a80c-68f378536a45@group-D5120AE2D385->59cccd2f-755e-4c45-a890-da01592df45f-GrpcLogAppender: appendEntries Timeout, request=7631069e-55aa-48aa-a80c-68f378536a45->59cccd2f-755e-4c45-a890-da01592df45f#47-t1, previous=(t:1, i:20), leaderCommit=16, initializing? false, entries: <empty>
2019-09-16 17:57:47,981 [java.util.concurrent.ThreadPoolExecutor$Worker@2375ecdf[State = -1, empty queue]] WARN  server.GrpcLogAppender (GrpcLogAppender.java:timeoutAppendRequest(200)) - 7631069e-55aa-48aa-a80c-68f378536a45@group-D5120AE2D385->d2644fda-0f6b-4964-8120-db19826e02a4-GrpcLogAppender: appendEntries Timeout, request=7631069e-55aa-48aa-a80c-68f378536a45->d2644fda-0f6b-4964-8120-db19826e02a4#47-t1, previous=(t:1, i:20), leaderCommit=16, initializing? false, entries: <empty>
 0.00% |█                                                                                                    |  0/1 Time: 0:01:14 0.00% |█                                                                                                    |  0/1 Time: 0:01:152019-09-16 17:57:50,064 [d2644fda-0f6b-4964-8120-db19826e02a4@group-D5120AE2D385-SegmentedRaftLogWorker] WARN  segmented.SegmentedRaftLogWorker (SegmentedRaftLogWorker.java:getFromFuture(90)) - Timeout 6/~
org.apache.ratis.protocol.TimeoutIOException: Timeout 10s: WriteLog:19: (t:1, i:19), STATEMACHINELOGENTRY, client-B56BA4945CBF, cid=17-writeStateMachineData
	at org.apache.ratis.util.IOUtils.getFromFuture(IOUtils.java:87)
	at org.apache.ratis.server.raftlog.segmented.SegmentedRaftLogWorker$StateMachineDataPolicy.getFromFuture(SegmentedRaftLogWorker.java:87)
	at org.apache.ratis.server.raftlog.segmented.SegmentedRaftLogWorker$WriteLog.execute(SegmentedRaftLogWorker.java:477)
	at org.apache.ratis.server.raftlog.segmented.SegmentedRaftLogWorker.run(SegmentedRaftLogWorker.java:289)
	at java.lang.Thread.run(Thread.java:748)
Caused by: java.util.concurrent.TimeoutException
	at java.util.concurrent.CompletableFuture.timedGet(CompletableFuture.java:1771)
	at java.util.concurrent.CompletableFuture.get(CompletableFuture.java:1915)
	at org.apache.ratis.util.IOUtils.getFromFuture(IOUtils.java:79)
	... 4 more
2019-09-16 17:57:50,064 [59cccd2f-755e-4c45-a890-da01592df45f@group-D5120AE2D385-SegmentedRaftLogWorker] WARN  segmented.SegmentedRaftLogWorker (SegmentedRaftLogWorker.java:getFromFuture(90)) - Timeout 6/~
org.apache.ratis.protocol.TimeoutIOException: Timeout 10s: WriteLog:19: (t:1, i:19), STATEMACHINELOGENTRY, client-B56BA4945CBF, cid=17-writeStateMachineData
	at org.apache.ratis.util.IOUtils.getFromFuture(IOUtils.java:87)
	at org.apache.ratis.server.raftlog.segmented.SegmentedRaftLogWorker$StateMachineDataPolicy.getFromFuture(SegmentedRaftLogWorker.java:87)
	at org.apache.ratis.server.raftlog.segmented.SegmentedRaftLogWorker$WriteLog.execute(SegmentedRaftLogWorker.java:477)
	at org.apache.ratis.server.raftlog.segmented.SegmentedRaftLogWorker.run(SegmentedRaftLogWorker.java:289)
	at java.lang.Thread.run(Thread.java:748)
Caused by: java.util.concurrent.TimeoutException
	at java.util.concurrent.CompletableFuture.timedGet(CompletableFuture.java:1771)
	at java.util.concurrent.CompletableFuture.get(CompletableFuture.java:1915)
	at org.apache.ratis.util.IOUtils.getFromFuture(IOUtils.java:79)
	... 4 more
2019-09-16 17:57:50,074 [7631069e-55aa-48aa-a80c-68f378536a45@group-D5120AE2D385-SegmentedRaftLogWorker] WARN  segmented.SegmentedRaftLogWorker (SegmentedRaftLogWorker.java:getFromFuture(90)) - Timeout 6/~
org.apache.ratis.protocol.TimeoutIOException: Timeout 10s: WriteLog:19: (t:1, i:19), STATEMACHINELOGENTRY, client-B56BA4945CBF, cid=17-writeStateMachineData
	at org.apache.ratis.util.IOUtils.getFromFuture(IOUtils.java:87)
	at org.apache.ratis.server.raftlog.segmented.SegmentedRaftLogWorker$StateMachineDataPolicy.getFromFuture(SegmentedRaftLogWorker.java:87)
	at org.apache.ratis.server.raftlog.segmented.SegmentedRaftLogWorker$WriteLog.execute(SegmentedRaftLogWorker.java:477)
	at org.apache.ratis.server.raftlog.segmented.SegmentedRaftLogWorker.run(SegmentedRaftLogWorker.java:289)
	at java.lang.Thread.run(Thread.java:748)
Caused by: java.util.concurrent.TimeoutException
	at java.util.concurrent.CompletableFuture.timedGet(CompletableFuture.java:1771)
	at java.util.concurrent.CompletableFuture.get(CompletableFuture.java:1915)
	at org.apache.ratis.util.IOUtils.getFromFuture(IOUtils.java:79)
	... 4 more
 0.00% |█                                                                                                    |  0/1 Time: 0:01:162019-09-16 17:57:50,482 [java.util.concurrent.ThreadPoolExecutor$Worker@aa10535[State = -1, empty queue]] WARN  server.GrpcLogAppender (GrpcLogAppender.java:timeoutAppendRequest(200)) - 7631069e-55aa-48aa-a80c-68f378536a45@group-D5120AE2D385->59cccd2f-755e-4c45-a890-da01592df45f-GrpcLogAppender: appendEntries Timeout, request=7631069e-55aa-48aa-a80c-68f378536a45->59cccd2f-755e-4c45-a890-da01592df45f#48-t1, previous=(t:1, i:20), leaderCommit=16, initializing? false, entries: <empty>
2019-09-16 17:57:50,482 [java.util.concurrent.ThreadPoolExecutor$Worker@2375ecdf[State = -1, empty queue]] WARN  server.GrpcLogAppender (GrpcLogAppender.java:timeoutAppendRequest(200)) - 7631069e-55aa-48aa-a80c-68f378536a45@group-D5120AE2D385->d2644fda-0f6b-4964-8120-db19826e02a4-GrpcLogAppender: appendEntries Timeout, request=7631069e-55aa-48aa-a80c-68f378536a45->d2644fda-0f6b-4964-8120-db19826e02a4#48-t1, previous=(t:1, i:20), leaderCommit=16, initializing? false, entries: <empty>
2019-09-16 17:57:50,850 [grpc-default-executor-2] INFO  client.GrpcClientProtocolClient (GrpcClientProtocolClient.java:onNext(264)) - client-B56BA4945CBF->59cccd2f-755e-4c45-a890-da01592df45f: receive RaftClientReply:client-B56BA4945CBF->59cccd2f-755e-4c45-a890-da01592df45f@group-D5120AE2D385, cid=15, FAILED org.apache.ratis.protocol.NotLeaderException: Server 59cccd2f-755e-4c45-a890-da01592df45f@group-D5120AE2D385 is not the leader 7631069e-55aa-48aa-a80c-68f378536a45:192.168.157.233:39369, logIndex=0, commits[59cccd2f-755e-4c45-a890-da01592df45f:c16, 7631069e-55aa-48aa-a80c-68f378536a45:c16, d2644fda-0f6b-4964-8120-db19826e02a4:c12]
 0.00% |█                                                                                                    |  0/1 Time: 0:01:17 0.00% |█                                                                                                    |  0/1 Time: 0:01:182019-09-16 17:57:52,983 [java.util.concurrent.ThreadPoolExecutor$Worker@2375ecdf[State = -1, empty queue]] WARN  server.GrpcLogAppender (GrpcLogAppender.java:timeoutAppendRequest(200)) - 7631069e-55aa-48aa-a80c-68f378536a45@group-D5120AE2D385->d2644fda-0f6b-4964-8120-db19826e02a4-GrpcLogAppender: appendEntries Timeout, request=7631069e-55aa-48aa-a80c-68f378536a45->d2644fda-0f6b-4964-8120-db19826e02a4#49-t1, previous=(t:1, i:20), leaderCommit=16, initializing? false, entries: <empty>
2019-09-16 17:57:52,983 [java.util.concurrent.ThreadPoolExecutor$Worker@aa10535[State = -1, empty queue]] WARN  server.GrpcLogAppender (GrpcLogAppender.java:timeoutAppendRequest(200)) - 7631069e-55aa-48aa-a80c-68f378536a45@group-D5120AE2D385->59cccd2f-755e-4c45-a890-da01592df45f-GrpcLogAppender: appendEntries Timeout, request=7631069e-55aa-48aa-a80c-68f378536a45->59cccd2f-755e-4c45-a890-da01592df45f#49-t1, previous=(t:1, i:20), leaderCommit=16, initializing? false, entries: <empty>
 0.00% |█                                                                                                    |  0/1 Time: 0:01:19 0.00% |█                                                                                                    |  0/1 Time: 0:01:20 0.00% |█                                                                                                    |  0/1 Time: 0:01:212019-09-16 17:57:55,484 [java.util.concurrent.ThreadPoolExecutor$Worker@2375ecdf[State = -1, empty queue]] WARN  server.GrpcLogAppender (GrpcLogAppender.java:timeoutAppendRequest(200)) - 7631069e-55aa-48aa-a80c-68f378536a45@group-D5120AE2D385->d2644fda-0f6b-4964-8120-db19826e02a4-GrpcLogAppender: appendEntries Timeout, request=7631069e-55aa-48aa-a80c-68f378536a45->d2644fda-0f6b-4964-8120-db19826e02a4#50-t1, previous=(t:1, i:20), leaderCommit=16, initializing? false, entries: <empty>
2019-09-16 17:57:55,484 [java.util.concurrent.ThreadPoolExecutor$Worker@aa10535[State = -1, empty queue]] WARN  server.GrpcLogAppender (GrpcLogAppender.java:timeoutAppendRequest(200)) - 7631069e-55aa-48aa-a80c-68f378536a45@group-D5120AE2D385->59cccd2f-755e-4c45-a890-da01592df45f-GrpcLogAppender: appendEntries Timeout, request=7631069e-55aa-48aa-a80c-68f378536a45->59cccd2f-755e-4c45-a890-da01592df45f#50-t1, previous=(t:1, i:20), leaderCommit=16, initializing? false, entries: <empty>
2019-09-16 17:57:55,906 [grpc-default-executor-2] INFO  client.GrpcClientProtocolClient (GrpcClientProtocolClient.java:onNext(264)) - client-B56BA4945CBF->59cccd2f-755e-4c45-a890-da01592df45f: receive RaftClientReply:client-B56BA4945CBF->59cccd2f-755e-4c45-a890-da01592df45f@group-D5120AE2D385, cid=15, FAILED org.apache.ratis.protocol.NotLeaderException: Server 59cccd2f-755e-4c45-a890-da01592df45f@group-D5120AE2D385 is not the leader 7631069e-55aa-48aa-a80c-68f378536a45:192.168.157.233:39369, logIndex=0, commits[59cccd2f-755e-4c45-a890-da01592df45f:c16, 7631069e-55aa-48aa-a80c-68f378536a45:c16, d2644fda-0f6b-4964-8120-db19826e02a4:c12]
 0.00% |█                                                                                                    |  0/1 Time: 0:01:22 0.00% |█                                                                                                    |  0/1 Time: 0:01:232019-09-16 17:57:57,985 [java.util.concurrent.ThreadPoolExecutor$Worker@2375ecdf[State = -1, empty queue]] WARN  server.GrpcLogAppender (GrpcLogAppender.java:timeoutAppendRequest(200)) - 7631069e-55aa-48aa-a80c-68f378536a45@group-D5120AE2D385->d2644fda-0f6b-4964-8120-db19826e02a4-GrpcLogAppender: appendEntries Timeout, request=7631069e-55aa-48aa-a80c-68f378536a45->d2644fda-0f6b-4964-8120-db19826e02a4#51-t1, previous=(t:1, i:20), leaderCommit=16, initializing? false, entries: <empty>
2019-09-16 17:57:57,985 [java.util.concurrent.ThreadPoolExecutor$Worker@aa10535[State = -1, empty queue]] WARN  server.GrpcLogAppender (GrpcLogAppender.java:timeoutAppendRequest(200)) - 7631069e-55aa-48aa-a80c-68f378536a45@group-D5120AE2D385->59cccd2f-755e-4c45-a890-da01592df45f-GrpcLogAppender: appendEntries Timeout, request=7631069e-55aa-48aa-a80c-68f378536a45->59cccd2f-755e-4c45-a890-da01592df45f#51-t1, previous=(t:1, i:20), leaderCommit=16, initializing? false, entries: <empty>
 0.00% |█                                                                                                    |  0/1 Time: 0:01:24 0.00% |█                                                                                                    |  0/1 Time: 0:01:252019-09-16 17:58:00,065 [d2644fda-0f6b-4964-8120-db19826e02a4@group-D5120AE2D385-SegmentedRaftLogWorker] WARN  segmented.SegmentedRaftLogWorker (SegmentedRaftLogWorker.java:getFromFuture(90)) - Timeout 7/~
org.apache.ratis.protocol.TimeoutIOException: Timeout 10s: WriteLog:19: (t:1, i:19), STATEMACHINELOGENTRY, client-B56BA4945CBF, cid=17-writeStateMachineData
	at org.apache.ratis.util.IOUtils.getFromFuture(IOUtils.java:87)
	at org.apache.ratis.server.raftlog.segmented.SegmentedRaftLogWorker$StateMachineDataPolicy.getFromFuture(SegmentedRaftLogWorker.java:87)
	at org.apache.ratis.server.raftlog.segmented.SegmentedRaftLogWorker$WriteLog.execute(SegmentedRaftLogWorker.java:477)
	at org.apache.ratis.server.raftlog.segmented.SegmentedRaftLogWorker.run(SegmentedRaftLogWorker.java:289)
	at java.lang.Thread.run(Thread.java:748)
Caused by: java.util.concurrent.TimeoutException
	at java.util.concurrent.CompletableFuture.timedGet(CompletableFuture.java:1771)
	at java.util.concurrent.CompletableFuture.get(CompletableFuture.java:1915)
	at org.apache.ratis.util.IOUtils.getFromFuture(IOUtils.java:79)
	... 4 more
2019-09-16 17:58:00,075 [59cccd2f-755e-4c45-a890-da01592df45f@group-D5120AE2D385-SegmentedRaftLogWorker] WARN  segmented.SegmentedRaftLogWorker (SegmentedRaftLogWorker.java:getFromFuture(90)) - Timeout 7/~
org.apache.ratis.protocol.TimeoutIOException: Timeout 10s: WriteLog:19: (t:1, i:19), STATEMACHINELOGENTRY, client-B56BA4945CBF, cid=17-writeStateMachineData
	at org.apache.ratis.util.IOUtils.getFromFuture(IOUtils.java:87)
	at org.apache.ratis.server.raftlog.segmented.SegmentedRaftLogWorker$StateMachineDataPolicy.getFromFuture(SegmentedRaftLogWorker.java:87)
	at org.apache.ratis.server.raftlog.segmented.SegmentedRaftLogWorker$WriteLog.execute(SegmentedRaftLogWorker.java:477)
	at org.apache.ratis.server.raftlog.segmented.SegmentedRaftLogWorker.run(SegmentedRaftLogWorker.java:289)
	at java.lang.Thread.run(Thread.java:748)
Caused by: java.util.concurrent.TimeoutException
	at java.util.concurrent.CompletableFuture.timedGet(CompletableFuture.java:1771)
	at java.util.concurrent.CompletableFuture.get(CompletableFuture.java:1915)
	at org.apache.ratis.util.IOUtils.getFromFuture(IOUtils.java:79)
	... 4 more
2019-09-16 17:58:00,075 [7631069e-55aa-48aa-a80c-68f378536a45@group-D5120AE2D385-SegmentedRaftLogWorker] WARN  segmented.SegmentedRaftLogWorker (SegmentedRaftLogWorker.java:getFromFuture(90)) - Timeout 7/~
org.apache.ratis.protocol.TimeoutIOException: Timeout 10s: WriteLog:19: (t:1, i:19), STATEMACHINELOGENTRY, client-B56BA4945CBF, cid=17-writeStateMachineData
	at org.apache.ratis.util.IOUtils.getFromFuture(IOUtils.java:87)
	at org.apache.ratis.server.raftlog.segmented.SegmentedRaftLogWorker$StateMachineDataPolicy.getFromFuture(SegmentedRaftLogWorker.java:87)
	at org.apache.ratis.server.raftlog.segmented.SegmentedRaftLogWorker$WriteLog.execute(SegmentedRaftLogWorker.java:477)
	at org.apache.ratis.server.raftlog.segmented.SegmentedRaftLogWorker.run(SegmentedRaftLogWorker.java:289)
	at java.lang.Thread.run(Thread.java:748)
Caused by: java.util.concurrent.TimeoutException
	at java.util.concurrent.CompletableFuture.timedGet(CompletableFuture.java:1771)
	at java.util.concurrent.CompletableFuture.get(CompletableFuture.java:1915)
	at org.apache.ratis.util.IOUtils.getFromFuture(IOUtils.java:79)
	... 4 more
 0.00% |█                                                                                                    |  0/1 Time: 0:01:262019-09-16 17:58:00,486 [java.util.concurrent.ThreadPoolExecutor$Worker@aa10535[State = -1, empty queue]] WARN  server.GrpcLogAppender (GrpcLogAppender.java:timeoutAppendRequest(200)) - 7631069e-55aa-48aa-a80c-68f378536a45@group-D5120AE2D385->59cccd2f-755e-4c45-a890-da01592df45f-GrpcLogAppender: appendEntries Timeout, request=7631069e-55aa-48aa-a80c-68f378536a45->59cccd2f-755e-4c45-a890-da01592df45f#52-t1, previous=(t:1, i:20), leaderCommit=16, initializing? false, entries: <empty>
2019-09-16 17:58:00,486 [java.util.concurrent.ThreadPoolExecutor$Worker@2375ecdf[State = -1, empty queue]] WARN  server.GrpcLogAppender (GrpcLogAppender.java:timeoutAppendRequest(200)) - 7631069e-55aa-48aa-a80c-68f378536a45@group-D5120AE2D385->d2644fda-0f6b-4964-8120-db19826e02a4-GrpcLogAppender: appendEntries Timeout, request=7631069e-55aa-48aa-a80c-68f378536a45->d2644fda-0f6b-4964-8120-db19826e02a4#52-t1, previous=(t:1, i:20), leaderCommit=16, initializing? false, entries: <empty>
2019-09-16 17:58:00,962 [grpc-default-executor-1] INFO  client.GrpcClientProtocolClient (GrpcClientProtocolClient.java:onNext(264)) - client-B56BA4945CBF->d2644fda-0f6b-4964-8120-db19826e02a4: receive RaftClientReply:client-B56BA4945CBF->d2644fda-0f6b-4964-8120-db19826e02a4@group-D5120AE2D385, cid=15, FAILED org.apache.ratis.protocol.NotLeaderException: Server d2644fda-0f6b-4964-8120-db19826e02a4@group-D5120AE2D385 is not the leader 7631069e-55aa-48aa-a80c-68f378536a45:192.168.157.233:39369, logIndex=0, commits[d2644fda-0f6b-4964-8120-db19826e02a4:c16, 7631069e-55aa-48aa-a80c-68f378536a45:c16, 59cccd2f-755e-4c45-a890-da01592df45f:c12]
 0.00% |█                                                                                                    |  0/1 Time: 0:01:27 0.00% |█                                                                                                    |  0/1 Time: 0:01:282019-09-16 17:58:02,993 [java.util.concurrent.ThreadPoolExecutor$Worker@aa10535[State = -1, empty queue]] WARN  server.GrpcLogAppender (GrpcLogAppender.java:timeoutAppendRequest(200)) - 7631069e-55aa-48aa-a80c-68f378536a45@group-D5120AE2D385->59cccd2f-755e-4c45-a890-da01592df45f-GrpcLogAppender: appendEntries Timeout, request=7631069e-55aa-48aa-a80c-68f378536a45->59cccd2f-755e-4c45-a890-da01592df45f#53-t1, previous=(t:1, i:20), leaderCommit=16, initializing? false, entries: <empty>
2019-09-16 17:58:02,993 [java.util.concurrent.ThreadPoolExecutor$Worker@2375ecdf[State = -1, empty queue]] WARN  server.GrpcLogAppender (GrpcLogAppender.java:timeoutAppendRequest(200)) - 7631069e-55aa-48aa-a80c-68f378536a45@group-D5120AE2D385->d2644fda-0f6b-4964-8120-db19826e02a4-GrpcLogAppender: appendEntries Timeout, request=7631069e-55aa-48aa-a80c-68f378536a45->d2644fda-0f6b-4964-8120-db19826e02a4#53-t1, previous=(t:1, i:20), leaderCommit=16, initializing? false, entries: <empty>
 0.00% |█                                                                                                    |  0/1 Time: 0:01:29 0.00% |█                                                                                                    |  0/1 Time: 0:01:30 0.00% |█                                                                                                    |  0/1 Time: 0:01:312019-09-16 17:58:05,489 [java.util.concurrent.ThreadPoolExecutor$Worker@aa10535[State = -1, empty queue]] WARN  server.GrpcLogAppender (GrpcLogAppender.java:timeoutAppendRequest(200)) - 7631069e-55aa-48aa-a80c-68f378536a45@group-D5120AE2D385->59cccd2f-755e-4c45-a890-da01592df45f-GrpcLogAppender: appendEntries Timeout, request=7631069e-55aa-48aa-a80c-68f378536a45->59cccd2f-755e-4c45-a890-da01592df45f#54-t1, previous=(t:1, i:20), leaderCommit=16, initializing? false, entries: <empty>
2019-09-16 17:58:05,489 [java.util.concurrent.ThreadPoolExecutor$Worker@2375ecdf[State = -1, empty queue]] WARN  server.GrpcLogAppender (GrpcLogAppender.java:timeoutAppendRequest(200)) - 7631069e-55aa-48aa-a80c-68f378536a45@group-D5120AE2D385->d2644fda-0f6b-4964-8120-db19826e02a4-GrpcLogAppender: appendEntries Timeout, request=7631069e-55aa-48aa-a80c-68f378536a45->d2644fda-0f6b-4964-8120-db19826e02a4#54-t1, previous=(t:1, i:20), leaderCommit=16, initializing? false, entries: <empty>
2019-09-16 17:58:06,025 [grpc-default-executor-1] INFO  client.GrpcClientProtocolClient (GrpcClientProtocolClient.java:onNext(264)) - client-B56BA4945CBF->d2644fda-0f6b-4964-8120-db19826e02a4: receive RaftClientReply:client-B56BA4945CBF->d2644fda-0f6b-4964-8120-db19826e02a4@group-D5120AE2D385, cid=15, FAILED org.apache.ratis.protocol.NotLeaderException: Server d2644fda-0f6b-4964-8120-db19826e02a4@group-D5120AE2D385 is not the leader 7631069e-55aa-48aa-a80c-68f378536a45:192.168.157.233:39369, logIndex=0, commits[d2644fda-0f6b-4964-8120-db19826e02a4:c16, 7631069e-55aa-48aa-a80c-68f378536a45:c16, 59cccd2f-755e-4c45-a890-da01592df45f:c12]
 0.00% |█                                                                                                    |  0/1 Time: 0:01:32 0.00% |█                                                                                                    |  0/1 Time: 0:01:332019-09-16 17:58:07,990 [java.util.concurrent.ThreadPoolExecutor$Worker@2375ecdf[State = -1, empty queue]] WARN  server.GrpcLogAppender (GrpcLogAppender.java:timeoutAppendRequest(200)) - 7631069e-55aa-48aa-a80c-68f378536a45@group-D5120AE2D385->d2644fda-0f6b-4964-8120-db19826e02a4-GrpcLogAppender: appendEntries Timeout, request=7631069e-55aa-48aa-a80c-68f378536a45->d2644fda-0f6b-4964-8120-db19826e02a4#55-t1, previous=(t:1, i:20), leaderCommit=16, initializing? false, entries: <empty>
2019-09-16 17:58:07,990 [java.util.concurrent.ThreadPoolExecutor$Worker@aa10535[State = -1, empty queue]] WARN  server.GrpcLogAppender (GrpcLogAppender.java:timeoutAppendRequest(200)) - 7631069e-55aa-48aa-a80c-68f378536a45@group-D5120AE2D385->59cccd2f-755e-4c45-a890-da01592df45f-GrpcLogAppender: appendEntries Timeout, request=7631069e-55aa-48aa-a80c-68f378536a45->59cccd2f-755e-4c45-a890-da01592df45f#55-t1, previous=(t:1, i:20), leaderCommit=16, initializing? false, entries: <empty>
 0.00% |█                                                                                                    |  0/1 Time: 0:01:34 0.00% |█                                                                                                    |  0/1 Time: 0:01:352019-09-16 17:58:10,066 [d2644fda-0f6b-4964-8120-db19826e02a4@group-D5120AE2D385-SegmentedRaftLogWorker] WARN  segmented.SegmentedRaftLogWorker (SegmentedRaftLogWorker.java:getFromFuture(90)) - Timeout 8/~
org.apache.ratis.protocol.TimeoutIOException: Timeout 10s: WriteLog:19: (t:1, i:19), STATEMACHINELOGENTRY, client-B56BA4945CBF, cid=17-writeStateMachineData
	at org.apache.ratis.util.IOUtils.getFromFuture(IOUtils.java:87)
	at org.apache.ratis.server.raftlog.segmented.SegmentedRaftLogWorker$StateMachineDataPolicy.getFromFuture(SegmentedRaftLogWorker.java:87)
	at org.apache.ratis.server.raftlog.segmented.SegmentedRaftLogWorker$WriteLog.execute(SegmentedRaftLogWorker.java:477)
	at org.apache.ratis.server.raftlog.segmented.SegmentedRaftLogWorker.run(SegmentedRaftLogWorker.java:289)
	at java.lang.Thread.run(Thread.java:748)
Caused by: java.util.concurrent.TimeoutException
	at java.util.concurrent.CompletableFuture.timedGet(CompletableFuture.java:1771)
	at java.util.concurrent.CompletableFuture.get(CompletableFuture.java:1915)
	at org.apache.ratis.util.IOUtils.getFromFuture(IOUtils.java:79)
	... 4 more
2019-09-16 17:58:10,075 [59cccd2f-755e-4c45-a890-da01592df45f@group-D5120AE2D385-SegmentedRaftLogWorker] WARN  segmented.SegmentedRaftLogWorker (SegmentedRaftLogWorker.java:getFromFuture(90)) - Timeout 8/~
org.apache.ratis.protocol.TimeoutIOException: Timeout 10s: WriteLog:19: (t:1, i:19), STATEMACHINELOGENTRY, client-B56BA4945CBF, cid=17-writeStateMachineData
	at org.apache.ratis.util.IOUtils.getFromFuture(IOUtils.java:87)
	at org.apache.ratis.server.raftlog.segmented.SegmentedRaftLogWorker$StateMachineDataPolicy.getFromFuture(SegmentedRaftLogWorker.java:87)
	at org.apache.ratis.server.raftlog.segmented.SegmentedRaftLogWorker$WriteLog.execute(SegmentedRaftLogWorker.java:477)
	at org.apache.ratis.server.raftlog.segmented.SegmentedRaftLogWorker.run(SegmentedRaftLogWorker.java:289)
	at java.lang.Thread.run(Thread.java:748)
Caused by: java.util.concurrent.TimeoutException
	at java.util.concurrent.CompletableFuture.timedGet(CompletableFuture.java:1771)
	at java.util.concurrent.CompletableFuture.get(CompletableFuture.java:1915)
	at org.apache.ratis.util.IOUtils.getFromFuture(IOUtils.java:79)
	... 4 more
2019-09-16 17:58:10,076 [7631069e-55aa-48aa-a80c-68f378536a45@group-D5120AE2D385-SegmentedRaftLogWorker] WARN  segmented.SegmentedRaftLogWorker (SegmentedRaftLogWorker.java:getFromFuture(90)) - Timeout 8/~
org.apache.ratis.protocol.TimeoutIOException: Timeout 10s: WriteLog:19: (t:1, i:19), STATEMACHINELOGENTRY, client-B56BA4945CBF, cid=17-writeStateMachineData
	at org.apache.ratis.util.IOUtils.getFromFuture(IOUtils.java:87)
	at org.apache.ratis.server.raftlog.segmented.SegmentedRaftLogWorker$StateMachineDataPolicy.getFromFuture(SegmentedRaftLogWorker.java:87)
	at org.apache.ratis.server.raftlog.segmented.SegmentedRaftLogWorker$WriteLog.execute(SegmentedRaftLogWorker.java:477)
	at org.apache.ratis.server.raftlog.segmented.SegmentedRaftLogWorker.run(SegmentedRaftLogWorker.java:289)
	at java.lang.Thread.run(Thread.java:748)
Caused by: java.util.concurrent.TimeoutException
	at java.util.concurrent.CompletableFuture.timedGet(CompletableFuture.java:1771)
	at java.util.concurrent.CompletableFuture.get(CompletableFuture.java:1915)
	at org.apache.ratis.util.IOUtils.getFromFuture(IOUtils.java:79)
	... 4 more
 0.00% |█                                                                                                    |  0/1 Time: 0:01:362019-09-16 17:58:10,490 [java.util.concurrent.ThreadPoolExecutor$Worker@aa10535[State = -1, empty queue]] WARN  server.GrpcLogAppender (GrpcLogAppender.java:timeoutAppendRequest(200)) - 7631069e-55aa-48aa-a80c-68f378536a45@group-D5120AE2D385->59cccd2f-755e-4c45-a890-da01592df45f-GrpcLogAppender: appendEntries Timeout, request=7631069e-55aa-48aa-a80c-68f378536a45->59cccd2f-755e-4c45-a890-da01592df45f#56-t1, previous=(t:1, i:20), leaderCommit=16, initializing? false, entries: <empty>
2019-09-16 17:58:10,490 [java.util.concurrent.ThreadPoolExecutor$Worker@2375ecdf[State = -1, empty queue]] WARN  server.GrpcLogAppender (GrpcLogAppender.java:timeoutAppendRequest(200)) - 7631069e-55aa-48aa-a80c-68f378536a45@group-D5120AE2D385->d2644fda-0f6b-4964-8120-db19826e02a4-GrpcLogAppender: appendEntries Timeout, request=7631069e-55aa-48aa-a80c-68f378536a45->d2644fda-0f6b-4964-8120-db19826e02a4#56-t1, previous=(t:1, i:20), leaderCommit=16, initializing? false, entries: <empty>
2019-09-16 17:58:11,076 [grpc-default-executor-1] INFO  client.GrpcClientProtocolClient (GrpcClientProtocolClient.java:onNext(264)) - client-B56BA4945CBF->59cccd2f-755e-4c45-a890-da01592df45f: receive RaftClientReply:client-B56BA4945CBF->59cccd2f-755e-4c45-a890-da01592df45f@group-D5120AE2D385, cid=15, FAILED org.apache.ratis.protocol.NotLeaderException: Server 59cccd2f-755e-4c45-a890-da01592df45f@group-D5120AE2D385 is not the leader 7631069e-55aa-48aa-a80c-68f378536a45:192.168.157.233:39369, logIndex=0, commits[59cccd2f-755e-4c45-a890-da01592df45f:c16, 7631069e-55aa-48aa-a80c-68f378536a45:c16, d2644fda-0f6b-4964-8120-db19826e02a4:c12]
 0.00% |█                                                                                                    |  0/1 Time: 0:01:37 0.00% |█                                                                                                    |  0/1 Time: 0:01:382019-09-16 17:58:12,991 [java.util.concurrent.ThreadPoolExecutor$Worker@2375ecdf[State = -1, empty queue]] WARN  server.GrpcLogAppender (GrpcLogAppender.java:timeoutAppendRequest(200)) - 7631069e-55aa-48aa-a80c-68f378536a45@group-D5120AE2D385->d2644fda-0f6b-4964-8120-db19826e02a4-GrpcLogAppender: appendEntries Timeout, request=7631069e-55aa-48aa-a80c-68f378536a45->d2644fda-0f6b-4964-8120-db19826e02a4#57-t1, previous=(t:1, i:20), leaderCommit=16, initializing? false, entries: <empty>
2019-09-16 17:58:12,991 [java.util.concurrent.ThreadPoolExecutor$Worker@aa10535[State = -1, empty queue]] WARN  server.GrpcLogAppender (GrpcLogAppender.java:timeoutAppendRequest(200)) - 7631069e-55aa-48aa-a80c-68f378536a45@group-D5120AE2D385->59cccd2f-755e-4c45-a890-da01592df45f-GrpcLogAppender: appendEntries Timeout, request=7631069e-55aa-48aa-a80c-68f378536a45->59cccd2f-755e-4c45-a890-da01592df45f#57-t1, previous=(t:1, i:20), leaderCommit=16, initializing? false, entries: <empty>
 0.00% |█                                                                                                    |  0/1 Time: 0:01:39 0.00% |█                                                                                                    |  0/1 Time: 0:01:40 0.00% |█                                                                                                    |  0/1 Time: 0:01:412019-09-16 17:58:15,492 [java.util.concurrent.ThreadPoolExecutor$Worker@aa10535[State = -1, empty queue]] WARN  server.GrpcLogAppender (GrpcLogAppender.java:timeoutAppendRequest(200)) - 7631069e-55aa-48aa-a80c-68f378536a45@group-D5120AE2D385->59cccd2f-755e-4c45-a890-da01592df45f-GrpcLogAppender: appendEntries Timeout, request=7631069e-55aa-48aa-a80c-68f378536a45->59cccd2f-755e-4c45-a890-da01592df45f#58-t1, previous=(t:1, i:20), leaderCommit=16, initializing? false, entries: <empty>
2019-09-16 17:58:15,492 [java.util.concurrent.ThreadPoolExecutor$Worker@2375ecdf[State = -1, empty queue]] WARN  server.GrpcLogAppender (GrpcLogAppender.java:timeoutAppendRequest(200)) - 7631069e-55aa-48aa-a80c-68f378536a45@group-D5120AE2D385->d2644fda-0f6b-4964-8120-db19826e02a4-GrpcLogAppender: appendEntries Timeout, request=7631069e-55aa-48aa-a80c-68f378536a45->d2644fda-0f6b-4964-8120-db19826e02a4#58-t1, previous=(t:1, i:20), leaderCommit=16, initializing? false, entries: <empty>
2019-09-16 17:58:16,120 [grpc-default-executor-3] INFO  client.GrpcClientProtocolClient (GrpcClientProtocolClient.java:onNext(264)) - client-B56BA4945CBF->59cccd2f-755e-4c45-a890-da01592df45f: receive RaftClientReply:client-B56BA4945CBF->59cccd2f-755e-4c45-a890-da01592df45f@group-D5120AE2D385, cid=15, FAILED org.apache.ratis.protocol.NotLeaderException: Server 59cccd2f-755e-4c45-a890-da01592df45f@group-D5120AE2D385 is not the leader 7631069e-55aa-48aa-a80c-68f378536a45:192.168.157.233:39369, logIndex=0, commits[59cccd2f-755e-4c45-a890-da01592df45f:c16, 7631069e-55aa-48aa-a80c-68f378536a45:c16, d2644fda-0f6b-4964-8120-db19826e02a4:c12]
 0.00% |█                                                                                                    |  0/1 Time: 0:01:42 0.00% |█                                                                                                    |  0/1 Time: 0:01:432019-09-16 17:58:17,992 [java.util.concurrent.ThreadPoolExecutor$Worker@aa10535[State = -1, empty queue]] WARN  server.GrpcLogAppender (GrpcLogAppender.java:timeoutAppendRequest(200)) - 7631069e-55aa-48aa-a80c-68f378536a45@group-D5120AE2D385->59cccd2f-755e-4c45-a890-da01592df45f-GrpcLogAppender: appendEntries Timeout, request=7631069e-55aa-48aa-a80c-68f378536a45->59cccd2f-755e-4c45-a890-da01592df45f#59-t1, previous=(t:1, i:20), leaderCommit=16, initializing? false, entries: <empty>
2019-09-16 17:58:17,992 [java.util.concurrent.ThreadPoolExecutor$Worker@2375ecdf[State = -1, empty queue]] WARN  server.GrpcLogAppender (GrpcLogAppender.java:timeoutAppendRequest(200)) - 7631069e-55aa-48aa-a80c-68f378536a45@group-D5120AE2D385->d2644fda-0f6b-4964-8120-db19826e02a4-GrpcLogAppender: appendEntries Timeout, request=7631069e-55aa-48aa-a80c-68f378536a45->d2644fda-0f6b-4964-8120-db19826e02a4#59-t1, previous=(t:1, i:20), leaderCommit=16, initializing? false, entries: <empty>
 0.00% |█                                                                                                    |  0/1 Time: 0:01:44 0.00% |█                                                                                                    |  0/1 Time: 0:01:452019-09-16 17:58:20,067 [d2644fda-0f6b-4964-8120-db19826e02a4@group-D5120AE2D385-SegmentedRaftLogWorker] WARN  segmented.SegmentedRaftLogWorker (SegmentedRaftLogWorker.java:getFromFuture(90)) - Timeout 9/~
org.apache.ratis.protocol.TimeoutIOException: Timeout 10s: WriteLog:19: (t:1, i:19), STATEMACHINELOGENTRY, client-B56BA4945CBF, cid=17-writeStateMachineData
	at org.apache.ratis.util.IOUtils.getFromFuture(IOUtils.java:87)
	at org.apache.ratis.server.raftlog.segmented.SegmentedRaftLogWorker$StateMachineDataPolicy.getFromFuture(SegmentedRaftLogWorker.java:87)
	at org.apache.ratis.server.raftlog.segmented.SegmentedRaftLogWorker$WriteLog.execute(SegmentedRaftLogWorker.java:477)
	at org.apache.ratis.server.raftlog.segmented.SegmentedRaftLogWorker.run(SegmentedRaftLogWorker.java:289)
	at java.lang.Thread.run(Thread.java:748)
Caused by: java.util.concurrent.TimeoutException
	at java.util.concurrent.CompletableFuture.timedGet(CompletableFuture.java:1771)
	at java.util.concurrent.CompletableFuture.get(CompletableFuture.java:1915)
	at org.apache.ratis.util.IOUtils.getFromFuture(IOUtils.java:79)
	... 4 more
2019-09-16 17:58:20,076 [59cccd2f-755e-4c45-a890-da01592df45f@group-D5120AE2D385-SegmentedRaftLogWorker] WARN  segmented.SegmentedRaftLogWorker (SegmentedRaftLogWorker.java:getFromFuture(90)) - Timeout 9/~
org.apache.ratis.protocol.TimeoutIOException: Timeout 10s: WriteLog:19: (t:1, i:19), STATEMACHINELOGENTRY, client-B56BA4945CBF, cid=17-writeStateMachineData
	at org.apache.ratis.util.IOUtils.getFromFuture(IOUtils.java:87)
	at org.apache.ratis.server.raftlog.segmented.SegmentedRaftLogWorker$StateMachineDataPolicy.getFromFuture(SegmentedRaftLogWorker.java:87)
	at org.apache.ratis.server.raftlog.segmented.SegmentedRaftLogWorker$WriteLog.execute(SegmentedRaftLogWorker.java:477)
	at org.apache.ratis.server.raftlog.segmented.SegmentedRaftLogWorker.run(SegmentedRaftLogWorker.java:289)
	at java.lang.Thread.run(Thread.java:748)
Caused by: java.util.concurrent.TimeoutException
	at java.util.concurrent.CompletableFuture.timedGet(CompletableFuture.java:1771)
	at java.util.concurrent.CompletableFuture.get(CompletableFuture.java:1915)
	at org.apache.ratis.util.IOUtils.getFromFuture(IOUtils.java:79)
	... 4 more
2019-09-16 17:58:20,077 [7631069e-55aa-48aa-a80c-68f378536a45@group-D5120AE2D385-SegmentedRaftLogWorker] WARN  segmented.SegmentedRaftLogWorker (SegmentedRaftLogWorker.java:getFromFuture(90)) - Timeout 9/~
org.apache.ratis.protocol.TimeoutIOException: Timeout 10s: WriteLog:19: (t:1, i:19), STATEMACHINELOGENTRY, client-B56BA4945CBF, cid=17-writeStateMachineData
	at org.apache.ratis.util.IOUtils.getFromFuture(IOUtils.java:87)
	at org.apache.ratis.server.raftlog.segmented.SegmentedRaftLogWorker$StateMachineDataPolicy.getFromFuture(SegmentedRaftLogWorker.java:87)
	at org.apache.ratis.server.raftlog.segmented.SegmentedRaftLogWorker$WriteLog.execute(SegmentedRaftLogWorker.java:477)
	at org.apache.ratis.server.raftlog.segmented.SegmentedRaftLogWorker.run(SegmentedRaftLogWorker.java:289)
	at java.lang.Thread.run(Thread.java:748)
Caused by: java.util.concurrent.TimeoutException
	at java.util.concurrent.CompletableFuture.timedGet(CompletableFuture.java:1771)
	at java.util.concurrent.CompletableFuture.get(CompletableFuture.java:1915)
	at org.apache.ratis.util.IOUtils.getFromFuture(IOUtils.java:79)
	... 4 more
 0.00% |█                                                                                                    |  0/1 Time: 0:01:462019-09-16 17:58:20,493 [java.util.concurrent.ThreadPoolExecutor$Worker@aa10535[State = -1, empty queue]] WARN  server.GrpcLogAppender (GrpcLogAppender.java:timeoutAppendRequest(200)) - 7631069e-55aa-48aa-a80c-68f378536a45@group-D5120AE2D385->59cccd2f-755e-4c45-a890-da01592df45f-GrpcLogAppender: appendEntries Timeout, request=7631069e-55aa-48aa-a80c-68f378536a45->59cccd2f-755e-4c45-a890-da01592df45f#60-t1, previous=(t:1, i:20), leaderCommit=16, initializing? false, entries: <empty>
2019-09-16 17:58:20,493 [java.util.concurrent.ThreadPoolExecutor$Worker@2375ecdf[State = -1, empty queue]] WARN  server.GrpcLogAppender (GrpcLogAppender.java:timeoutAppendRequest(200)) - 7631069e-55aa-48aa-a80c-68f378536a45@group-D5120AE2D385->d2644fda-0f6b-4964-8120-db19826e02a4-GrpcLogAppender: appendEntries Timeout, request=7631069e-55aa-48aa-a80c-68f378536a45->d2644fda-0f6b-4964-8120-db19826e02a4#60-t1, previous=(t:1, i:20), leaderCommit=16, initializing? false, entries: <empty>
2019-09-16 17:58:21,171 [grpc-default-executor-1] INFO  client.GrpcClientProtocolClient (GrpcClientProtocolClient.java:onNext(264)) - client-B56BA4945CBF->59cccd2f-755e-4c45-a890-da01592df45f: receive RaftClientReply:client-B56BA4945CBF->59cccd2f-755e-4c45-a890-da01592df45f@group-D5120AE2D385, cid=15, FAILED org.apache.ratis.protocol.NotLeaderException: Server 59cccd2f-755e-4c45-a890-da01592df45f@group-D5120AE2D385 is not the leader 7631069e-55aa-48aa-a80c-68f378536a45:192.168.157.233:39369, logIndex=0, commits[59cccd2f-755e-4c45-a890-da01592df45f:c16, 7631069e-55aa-48aa-a80c-68f378536a45:c16, d2644fda-0f6b-4964-8120-db19826e02a4:c12]
 0.00% |█                                                                                                    |  0/1 Time: 0:01:47 0.00% |█                                                                                                    |  0/1 Time: 0:01:482019-09-16 17:58:22,995 [java.util.concurrent.ThreadPoolExecutor$Worker@2375ecdf[State = -1, empty queue]] WARN  server.GrpcLogAppender (GrpcLogAppender.java:timeoutAppendRequest(200)) - 7631069e-55aa-48aa-a80c-68f378536a45@group-D5120AE2D385->d2644fda-0f6b-4964-8120-db19826e02a4-GrpcLogAppender: appendEntries Timeout, request=7631069e-55aa-48aa-a80c-68f378536a45->d2644fda-0f6b-4964-8120-db19826e02a4#61-t1, previous=(t:1, i:20), leaderCommit=16, initializing? false, entries: <empty>
2019-09-16 17:58:22,995 [java.util.concurrent.ThreadPoolExecutor$Worker@aa10535[State = -1, empty queue]] WARN  server.GrpcLogAppender (GrpcLogAppender.java:timeoutAppendRequest(200)) - 7631069e-55aa-48aa-a80c-68f378536a45@group-D5120AE2D385->59cccd2f-755e-4c45-a890-da01592df45f-GrpcLogAppender: appendEntries Timeout, request=7631069e-55aa-48aa-a80c-68f378536a45->59cccd2f-755e-4c45-a890-da01592df45f#61-t1, previous=(t:1, i:20), leaderCommit=16, initializing? false, entries: <empty>
 0.00% |█                                                                                                    |  0/1 Time: 0:01:49 0.00% |█                                                                                                    |  0/1 Time: 0:01:50 0.00% |█                                                                                                    |  0/1 Time: 0:01:512019-09-16 17:58:25,496 [java.util.concurrent.ThreadPoolExecutor$Worker@aa10535[State = -1, empty queue]] WARN  server.GrpcLogAppender (GrpcLogAppender.java:timeoutAppendRequest(200)) - 7631069e-55aa-48aa-a80c-68f378536a45@group-D5120AE2D385->59cccd2f-755e-4c45-a890-da01592df45f-GrpcLogAppender: appendEntries Timeout, request=7631069e-55aa-48aa-a80c-68f378536a45->59cccd2f-755e-4c45-a890-da01592df45f#62-t1, previous=(t:1, i:20), leaderCommit=16, initializing? false, entries: <empty>
2019-09-16 17:58:25,496 [java.util.concurrent.ThreadPoolExecutor$Worker@2375ecdf[State = -1, empty queue]] WARN  server.GrpcLogAppender (GrpcLogAppender.java:timeoutAppendRequest(200)) - 7631069e-55aa-48aa-a80c-68f378536a45@group-D5120AE2D385->d2644fda-0f6b-4964-8120-db19826e02a4-GrpcLogAppender: appendEntries Timeout, request=7631069e-55aa-48aa-a80c-68f378536a45->d2644fda-0f6b-4964-8120-db19826e02a4#62-t1, previous=(t:1, i:20), leaderCommit=16, initializing? false, entries: <empty>
2019-09-16 17:58:26,228 [grpc-default-executor-3] INFO  client.GrpcClientProtocolClient (GrpcClientProtocolClient.java:onNext(264)) - client-B56BA4945CBF->59cccd2f-755e-4c45-a890-da01592df45f: receive RaftClientReply:client-B56BA4945CBF->59cccd2f-755e-4c45-a890-da01592df45f@group-D5120AE2D385, cid=15, FAILED org.apache.ratis.protocol.NotLeaderException: Server 59cccd2f-755e-4c45-a890-da01592df45f@group-D5120AE2D385 is not the leader 7631069e-55aa-48aa-a80c-68f378536a45:192.168.157.233:39369, logIndex=0, commits[59cccd2f-755e-4c45-a890-da01592df45f:c16, 7631069e-55aa-48aa-a80c-68f378536a45:c16, d2644fda-0f6b-4964-8120-db19826e02a4:c12]
 0.00% |█                                                                                                    |  0/1 Time: 0:01:52 0.00% |█                                                                                                    |  0/1 Time: 0:01:532019-09-16 17:58:27,999 [java.util.concurrent.ThreadPoolExecutor$Worker@aa10535[State = -1, empty queue]] WARN  server.GrpcLogAppender (GrpcLogAppender.java:timeoutAppendRequest(200)) - 7631069e-55aa-48aa-a80c-68f378536a45@group-D5120AE2D385->59cccd2f-755e-4c45-a890-da01592df45f-GrpcLogAppender: appendEntries Timeout, request=7631069e-55aa-48aa-a80c-68f378536a45->59cccd2f-755e-4c45-a890-da01592df45f#63-t1, previous=(t:1, i:20), leaderCommit=16, initializing? false, entries: <empty>
2019-09-16 17:58:27,999 [java.util.concurrent.ThreadPoolExecutor$Worker@2375ecdf[State = -1, empty queue]] WARN  server.GrpcLogAppender (GrpcLogAppender.java:timeoutAppendRequest(200)) - 7631069e-55aa-48aa-a80c-68f378536a45@group-D5120AE2D385->d2644fda-0f6b-4964-8120-db19826e02a4-GrpcLogAppender: appendEntries Timeout, request=7631069e-55aa-48aa-a80c-68f378536a45->d2644fda-0f6b-4964-8120-db19826e02a4#63-t1, previous=(t:1, i:20), leaderCommit=16, initializing? false, entries: <empty>
 0.00% |█                                                                                                    |  0/1 Time: 0:01:54 0.00% |█                                                                                                    |  0/1 Time: 0:01:552019-09-16 17:58:30,069 [d2644fda-0f6b-4964-8120-db19826e02a4@group-D5120AE2D385-SegmentedRaftLogWorker] WARN  segmented.SegmentedRaftLogWorker (SegmentedRaftLogWorker.java:getFromFuture(90)) - Timeout 10/~
org.apache.ratis.protocol.TimeoutIOException: Timeout 10s: WriteLog:19: (t:1, i:19), STATEMACHINELOGENTRY, client-B56BA4945CBF, cid=17-writeStateMachineData
	at org.apache.ratis.util.IOUtils.getFromFuture(IOUtils.java:87)
	at org.apache.ratis.server.raftlog.segmented.SegmentedRaftLogWorker$StateMachineDataPolicy.getFromFuture(SegmentedRaftLogWorker.java:87)
	at org.apache.ratis.server.raftlog.segmented.SegmentedRaftLogWorker$WriteLog.execute(SegmentedRaftLogWorker.java:477)
	at org.apache.ratis.server.raftlog.segmented.SegmentedRaftLogWorker.run(SegmentedRaftLogWorker.java:289)
	at java.lang.Thread.run(Thread.java:748)
Caused by: java.util.concurrent.TimeoutException
	at java.util.concurrent.CompletableFuture.timedGet(CompletableFuture.java:1771)
	at java.util.concurrent.CompletableFuture.get(CompletableFuture.java:1915)
	at org.apache.ratis.util.IOUtils.getFromFuture(IOUtils.java:79)
	... 4 more
2019-09-16 17:58:30,077 [59cccd2f-755e-4c45-a890-da01592df45f@group-D5120AE2D385-SegmentedRaftLogWorker] WARN  segmented.SegmentedRaftLogWorker (SegmentedRaftLogWorker.java:getFromFuture(90)) - Timeout 10/~
org.apache.ratis.protocol.TimeoutIOException: Timeout 10s: WriteLog:19: (t:1, i:19), STATEMACHINELOGENTRY, client-B56BA4945CBF, cid=17-writeStateMachineData
	at org.apache.ratis.util.IOUtils.getFromFuture(IOUtils.java:87)
	at org.apache.ratis.server.raftlog.segmented.SegmentedRaftLogWorker$StateMachineDataPolicy.getFromFuture(SegmentedRaftLogWorker.java:87)
	at org.apache.ratis.server.raftlog.segmented.SegmentedRaftLogWorker$WriteLog.execute(SegmentedRaftLogWorker.java:477)
	at org.apache.ratis.server.raftlog.segmented.SegmentedRaftLogWorker.run(SegmentedRaftLogWorker.java:289)
	at java.lang.Thread.run(Thread.java:748)
Caused by: java.util.concurrent.TimeoutException
	at java.util.concurrent.CompletableFuture.timedGet(CompletableFuture.java:1771)
	at java.util.concurrent.CompletableFuture.get(CompletableFuture.java:1915)
	at org.apache.ratis.util.IOUtils.getFromFuture(IOUtils.java:79)
	... 4 more
2019-09-16 17:58:30,077 [7631069e-55aa-48aa-a80c-68f378536a45@group-D5120AE2D385-SegmentedRaftLogWorker] WARN  segmented.SegmentedRaftLogWorker (SegmentedRaftLogWorker.java:getFromFuture(90)) - Timeout 10/~
org.apache.ratis.protocol.TimeoutIOException: Timeout 10s: WriteLog:19: (t:1, i:19), STATEMACHINELOGENTRY, client-B56BA4945CBF, cid=17-writeStateMachineData
	at org.apache.ratis.util.IOUtils.getFromFuture(IOUtils.java:87)
	at org.apache.ratis.server.raftlog.segmented.SegmentedRaftLogWorker$StateMachineDataPolicy.getFromFuture(SegmentedRaftLogWorker.java:87)
	at org.apache.ratis.server.raftlog.segmented.SegmentedRaftLogWorker$WriteLog.execute(SegmentedRaftLogWorker.java:477)
	at org.apache.ratis.server.raftlog.segmented.SegmentedRaftLogWorker.run(SegmentedRaftLogWorker.java:289)
	at java.lang.Thread.run(Thread.java:748)
Caused by: java.util.concurrent.TimeoutException
	at java.util.concurrent.CompletableFuture.timedGet(CompletableFuture.java:1771)
	at java.util.concurrent.CompletableFuture.get(CompletableFuture.java:1915)
	at org.apache.ratis.util.IOUtils.getFromFuture(IOUtils.java:79)
	... 4 more
 0.00% |█                                                                                                    |  0/1 Time: 0:01:562019-09-16 17:58:30,500 [java.util.concurrent.ThreadPoolExecutor$Worker@aa10535[State = -1, empty queue]] WARN  server.GrpcLogAppender (GrpcLogAppender.java:timeoutAppendRequest(200)) - 7631069e-55aa-48aa-a80c-68f378536a45@group-D5120AE2D385->59cccd2f-755e-4c45-a890-da01592df45f-GrpcLogAppender: appendEntries Timeout, request=7631069e-55aa-48aa-a80c-68f378536a45->59cccd2f-755e-4c45-a890-da01592df45f#64-t1, previous=(t:1, i:20), leaderCommit=16, initializing? false, entries: <empty>
2019-09-16 17:58:30,500 [java.util.concurrent.ThreadPoolExecutor$Worker@2375ecdf[State = -1, empty queue]] WARN  server.GrpcLogAppender (GrpcLogAppender.java:timeoutAppendRequest(200)) - 7631069e-55aa-48aa-a80c-68f378536a45@group-D5120AE2D385->d2644fda-0f6b-4964-8120-db19826e02a4-GrpcLogAppender: appendEntries Timeout, request=7631069e-55aa-48aa-a80c-68f378536a45->d2644fda-0f6b-4964-8120-db19826e02a4#64-t1, previous=(t:1, i:20), leaderCommit=16, initializing? false, entries: <empty>
2019-09-16 17:58:31,290 [grpc-default-executor-3] INFO  client.GrpcClientProtocolClient (GrpcClientProtocolClient.java:onNext(264)) - client-B56BA4945CBF->59cccd2f-755e-4c45-a890-da01592df45f: receive RaftClientReply:client-B56BA4945CBF->59cccd2f-755e-4c45-a890-da01592df45f@group-D5120AE2D385, cid=15, FAILED org.apache.ratis.protocol.NotLeaderException: Server 59cccd2f-755e-4c45-a890-da01592df45f@group-D5120AE2D385 is not the leader 7631069e-55aa-48aa-a80c-68f378536a45:192.168.157.233:39369, logIndex=0, commits[59cccd2f-755e-4c45-a890-da01592df45f:c16, 7631069e-55aa-48aa-a80c-68f378536a45:c16, d2644fda-0f6b-4964-8120-db19826e02a4:c12]
 0.00% |█                                                                                                    |  0/1 Time: 0:01:57 0.00% |█                                                                                                    |  0/1 Time: 0:01:582019-09-16 17:58:33,003 [java.util.concurrent.ThreadPoolExecutor$Worker@2375ecdf[State = -1, empty queue]] WARN  server.GrpcLogAppender (GrpcLogAppender.java:timeoutAppendRequest(200)) - 7631069e-55aa-48aa-a80c-68f378536a45@group-D5120AE2D385->d2644fda-0f6b-4964-8120-db19826e02a4-GrpcLogAppender: appendEntries Timeout, request=7631069e-55aa-48aa-a80c-68f378536a45->d2644fda-0f6b-4964-8120-db19826e02a4#65-t1, previous=(t:1, i:20), leaderCommit=16, initializing? false, entries: <empty>
2019-09-16 17:58:33,003 [java.util.concurrent.ThreadPoolExecutor$Worker@aa10535[State = -1, empty queue]] WARN  server.GrpcLogAppender (GrpcLogAppender.java:timeoutAppendRequest(200)) - 7631069e-55aa-48aa-a80c-68f378536a45@group-D5120AE2D385->59cccd2f-755e-4c45-a890-da01592df45f-GrpcLogAppender: appendEntries Timeout, request=7631069e-55aa-48aa-a80c-68f378536a45->59cccd2f-755e-4c45-a890-da01592df45f#65-t1, previous=(t:1, i:20), leaderCommit=16, initializing? false, entries: <empty>
 0.00% |█                                                                                                    |  0/1 Time: 0:01:59 0.00% |█                                                                                                    |  0/1 Time: 0:02:00 0.00% |█                                                                                                    |  0/1 Time: 0:02:012019-09-16 17:58:35,505 [java.util.concurrent.ThreadPoolExecutor$Worker@2375ecdf[State = -1, empty queue]] WARN  server.GrpcLogAppender (GrpcLogAppender.java:timeoutAppendRequest(200)) - 7631069e-55aa-48aa-a80c-68f378536a45@group-D5120AE2D385->d2644fda-0f6b-4964-8120-db19826e02a4-GrpcLogAppender: appendEntries Timeout, request=7631069e-55aa-48aa-a80c-68f378536a45->d2644fda-0f6b-4964-8120-db19826e02a4#66-t1, previous=(t:1, i:20), leaderCommit=16, initializing? false, entries: <empty>
2019-09-16 17:58:35,505 [java.util.concurrent.ThreadPoolExecutor$Worker@aa10535[State = -1, empty queue]] WARN  server.GrpcLogAppender (GrpcLogAppender.java:timeoutAppendRequest(200)) - 7631069e-55aa-48aa-a80c-68f378536a45@group-D5120AE2D385->59cccd2f-755e-4c45-a890-da01592df45f-GrpcLogAppender: appendEntries Timeout, request=7631069e-55aa-48aa-a80c-68f378536a45->59cccd2f-755e-4c45-a890-da01592df45f#66-t1, previous=(t:1, i:20), leaderCommit=16, initializing? false, entries: <empty>
 0.00% |█                                                                                                    |  0/1 Time: 0:02:022019-09-16 17:58:36,368 [grpc-default-executor-1] INFO  client.GrpcClientProtocolClient (GrpcClientProtocolClient.java:onNext(264)) - client-B56BA4945CBF->59cccd2f-755e-4c45-a890-da01592df45f: receive RaftClientReply:client-B56BA4945CBF->59cccd2f-755e-4c45-a890-da01592df45f@group-D5120AE2D385, cid=15, FAILED org.apache.ratis.protocol.NotLeaderException: Server 59cccd2f-755e-4c45-a890-da01592df45f@group-D5120AE2D385 is not the leader 7631069e-55aa-48aa-a80c-68f378536a45:192.168.157.233:39369, logIndex=0, commits[59cccd2f-755e-4c45-a890-da01592df45f:c16, 7631069e-55aa-48aa-a80c-68f378536a45:c16, d2644fda-0f6b-4964-8120-db19826e02a4:c12]
 0.00% |█                                                                                                    |  0/1 Time: 0:02:032019-09-16 17:58:38,008 [java.util.concurrent.ThreadPoolExecutor$Worker@2375ecdf[State = -1, empty queue]] WARN  server.GrpcLogAppender (GrpcLogAppender.java:timeoutAppendRequest(200)) - 7631069e-55aa-48aa-a80c-68f378536a45@group-D5120AE2D385->d2644fda-0f6b-4964-8120-db19826e02a4-GrpcLogAppender: appendEntries Timeout, request=7631069e-55aa-48aa-a80c-68f378536a45->d2644fda-0f6b-4964-8120-db19826e02a4#67-t1, previous=(t:1, i:20), leaderCommit=16, initializing? false, entries: <empty>
2019-09-16 17:58:38,008 [java.util.concurrent.ThreadPoolExecutor$Worker@aa10535[State = -1, empty queue]] WARN  server.GrpcLogAppender (GrpcLogAppender.java:timeoutAppendRequest(200)) - 7631069e-55aa-48aa-a80c-68f378536a45@group-D5120AE2D385->59cccd2f-755e-4c45-a890-da01592df45f-GrpcLogAppender: appendEntries Timeout, request=7631069e-55aa-48aa-a80c-68f378536a45->59cccd2f-755e-4c45-a890-da01592df45f#67-t1, previous=(t:1, i:20), leaderCommit=16, initializing? false, entries: <empty>
 0.00% |█                                                                                                    |  0/1 Time: 0:02:04 0.00% |█                                                                                                    |  0/1 Time: 0:02:052019-09-16 17:58:40,051 [org.apache.ratis.server.impl.LogAppender$AppenderDaemon$$Lambda$507/793688760@373d288c] ERROR ratis.XceiverServerRatis (XceiverServerRatis.java:triggerPipelineClose(568)) - pipeline Action CLOSE  on pipeline PipelineID=8976a1a2-b138-4af7-bd61-d5120ae2d385.Reason : 7631069e-55aa-48aa-a80c-68f378536a45 has not seen follower/s 59cccd2f-755e-4c45-a890-da01592df45f for 120123ms d2644fda-0f6b-4964-8120-db19826e02a4 for 120127ms
2019-09-16 17:58:40,051 [org.apache.ratis.server.impl.LogAppender$AppenderDaemon$$Lambda$507/793688760@40c0b097] ERROR ratis.XceiverServerRatis (XceiverServerRatis.java:triggerPipelineClose(568)) - pipeline Action CLOSE  on pipeline PipelineID=8976a1a2-b138-4af7-bd61-d5120ae2d385.Reason : 7631069e-55aa-48aa-a80c-68f378536a45 has not seen follower/s 59cccd2f-755e-4c45-a890-da01592df45f for 120123ms d2644fda-0f6b-4964-8120-db19826e02a4 for 120127ms
2019-09-16 17:58:40,071 [d2644fda-0f6b-4964-8120-db19826e02a4@group-D5120AE2D385-SegmentedRaftLogWorker] WARN  segmented.SegmentedRaftLogWorker (SegmentedRaftLogWorker.java:getFromFuture(90)) - Timeout 11/~
org.apache.ratis.protocol.TimeoutIOException: Timeout 10s: WriteLog:19: (t:1, i:19), STATEMACHINELOGENTRY, client-B56BA4945CBF, cid=17-writeStateMachineData
	at org.apache.ratis.util.IOUtils.getFromFuture(IOUtils.java:87)
	at org.apache.ratis.server.raftlog.segmented.SegmentedRaftLogWorker$StateMachineDataPolicy.getFromFuture(SegmentedRaftLogWorker.java:87)
	at org.apache.ratis.server.raftlog.segmented.SegmentedRaftLogWorker$WriteLog.execute(SegmentedRaftLogWorker.java:477)
	at org.apache.ratis.server.raftlog.segmented.SegmentedRaftLogWorker.run(SegmentedRaftLogWorker.java:289)
	at java.lang.Thread.run(Thread.java:748)
Caused by: java.util.concurrent.TimeoutException
	at java.util.concurrent.CompletableFuture.timedGet(CompletableFuture.java:1771)
	at java.util.concurrent.CompletableFuture.get(CompletableFuture.java:1915)
	at org.apache.ratis.util.IOUtils.getFromFuture(IOUtils.java:79)
	... 4 more
2019-09-16 17:58:40,074 [EventQueue-PipelineActionsForPipelineActionHandler] ERROR pipeline.PipelineActionHandler (PipelineActionHandler.java:onMessage(60)) - Received pipeline action CLOSE for Pipeline[ Id: 8976a1a2-b138-4af7-bd61-d5120ae2d385, Nodes: d2644fda-0f6b-4964-8120-db19826e02a4{ip: 192.168.157.233, host: pr-hdds-2120-x62sn-1884063469, networkLocation: /default-rack, certSerialId: null}7631069e-55aa-48aa-a80c-68f378536a45{ip: 192.168.157.233, host: pr-hdds-2120-x62sn-1884063469, networkLocation: /default-rack, certSerialId: null}59cccd2f-755e-4c45-a890-da01592df45f{ip: 192.168.157.233, host: pr-hdds-2120-x62sn-1884063469, networkLocation: /default-rack, certSerialId: null}, Type:RATIS, Factor:THREE, State:OPEN] from datanode 7631069e-55aa-48aa-a80c-68f378536a45{ip: 192.168.157.233, host: pr-hdds-2120-x62sn-1884063469, networkLocation: /default-rack, certSerialId: null}. Reason : 7631069e-55aa-48aa-a80c-68f378536a45 has not seen follower/s 59cccd2f-755e-4c45-a890-da01592df45f for 120123ms d2644fda-0f6b-4964-8120-db19826e02a4 for 120127ms
2019-09-16 17:58:40,075 [EventQueue-PipelineActionsForPipelineActionHandler] INFO  pipeline.SCMPipelineManager (SCMPipelineManager.java:finalizeAndDestroyPipeline(311)) - destroying pipeline:Pipeline[ Id: 8976a1a2-b138-4af7-bd61-d5120ae2d385, Nodes: d2644fda-0f6b-4964-8120-db19826e02a4{ip: 192.168.157.233, host: pr-hdds-2120-x62sn-1884063469, networkLocation: /default-rack, certSerialId: null}7631069e-55aa-48aa-a80c-68f378536a45{ip: 192.168.157.233, host: pr-hdds-2120-x62sn-1884063469, networkLocation: /default-rack, certSerialId: null}59cccd2f-755e-4c45-a890-da01592df45f{ip: 192.168.157.233, host: pr-hdds-2120-x62sn-1884063469, networkLocation: /default-rack, certSerialId: null}, Type:RATIS, Factor:THREE, State:OPEN]
2019-09-16 17:58:40,076 [EventQueue-PipelineActionsForPipelineActionHandler] INFO  pipeline.PipelineStateManager (PipelineStateManager.java:finalizePipeline(123)) - Pipeline Pipeline[ Id: 8976a1a2-b138-4af7-bd61-d5120ae2d385, Nodes: d2644fda-0f6b-4964-8120-db19826e02a4{ip: 192.168.157.233, host: pr-hdds-2120-x62sn-1884063469, networkLocation: /default-rack, certSerialId: null}7631069e-55aa-48aa-a80c-68f378536a45{ip: 192.168.157.233, host: pr-hdds-2120-x62sn-1884063469, networkLocation: /default-rack, certSerialId: null}59cccd2f-755e-4c45-a890-da01592df45f{ip: 192.168.157.233, host: pr-hdds-2120-x62sn-1884063469, networkLocation: /default-rack, certSerialId: null}, Type:RATIS, Factor:THREE, State:CLOSED] moved to CLOSED state
2019-09-16 17:58:40,078 [59cccd2f-755e-4c45-a890-da01592df45f@group-D5120AE2D385-SegmentedRaftLogWorker] WARN  segmented.SegmentedRaftLogWorker (SegmentedRaftLogWorker.java:getFromFuture(90)) - Timeout 11/~
org.apache.ratis.protocol.TimeoutIOException: Timeout 10s: WriteLog:19: (t:1, i:19), STATEMACHINELOGENTRY, client-B56BA4945CBF, cid=17-writeStateMachineData
	at org.apache.ratis.util.IOUtils.getFromFuture(IOUtils.java:87)
	at org.apache.ratis.server.raftlog.segmented.SegmentedRaftLogWorker$StateMachineDataPolicy.getFromFuture(SegmentedRaftLogWorker.java:87)
	at org.apache.ratis.server.raftlog.segmented.SegmentedRaftLogWorker$WriteLog.execute(SegmentedRaftLogWorker.java:477)
	at org.apache.ratis.server.raftlog.segmented.SegmentedRaftLogWorker.run(SegmentedRaftLogWorker.java:289)
	at java.lang.Thread.run(Thread.java:748)
Caused by: java.util.concurrent.TimeoutException
	at java.util.concurrent.CompletableFuture.timedGet(CompletableFuture.java:1771)
	at java.util.concurrent.CompletableFuture.get(CompletableFuture.java:1915)
	at org.apache.ratis.util.IOUtils.getFromFuture(IOUtils.java:79)
	... 4 more
2019-09-16 17:58:40,079 [7631069e-55aa-48aa-a80c-68f378536a45@group-D5120AE2D385-SegmentedRaftLogWorker] WARN  segmented.SegmentedRaftLogWorker (SegmentedRaftLogWorker.java:getFromFuture(90)) - Timeout 11/~
org.apache.ratis.protocol.TimeoutIOException: Timeout 10s: WriteLog:19: (t:1, i:19), STATEMACHINELOGENTRY, client-B56BA4945CBF, cid=17-writeStateMachineData
	at org.apache.ratis.util.IOUtils.getFromFuture(IOUtils.java:87)
	at org.apache.ratis.server.raftlog.segmented.SegmentedRaftLogWorker$StateMachineDataPolicy.getFromFuture(SegmentedRaftLogWorker.java:87)
	at org.apache.ratis.server.raftlog.segmented.SegmentedRaftLogWorker$WriteLog.execute(SegmentedRaftLogWorker.java:477)
	at org.apache.ratis.server.raftlog.segmented.SegmentedRaftLogWorker.run(SegmentedRaftLogWorker.java:289)
	at java.lang.Thread.run(Thread.java:748)
Caused by: java.util.concurrent.TimeoutException
	at java.util.concurrent.CompletableFuture.timedGet(CompletableFuture.java:1771)
	at java.util.concurrent.CompletableFuture.get(CompletableFuture.java:1915)
	at org.apache.ratis.util.IOUtils.getFromFuture(IOUtils.java:79)
	... 4 more
2019-09-16 17:58:40,079 [EventQueue-CloseContainerForCloseContainerEventHandler] INFO  container.CloseContainerEventHandler (CloseContainerEventHandler.java:onMessage(61)) - Close container Event triggered for container : #1
2019-09-16 17:58:40,086 [EventQueue-CloseContainerForCloseContainerEventHandler] INFO  container.CloseContainerEventHandler (CloseContainerEventHandler.java:onMessage(61)) - Close container Event triggered for container : #2
2019-09-16 17:58:40,086 [EventQueue-CloseContainerForCloseContainerEventHandler] INFO  container.CloseContainerEventHandler (CloseContainerEventHandler.java:onMessage(61)) - Close container Event triggered for container : #3
 0.00% |█                                                                                                    |  0/1 Time: 0:02:062019-09-16 17:58:40,509 [java.util.concurrent.ThreadPoolExecutor$Worker@aa10535[State = -1, empty queue]] WARN  server.GrpcLogAppender (GrpcLogAppender.java:timeoutAppendRequest(200)) - 7631069e-55aa-48aa-a80c-68f378536a45@group-D5120AE2D385->59cccd2f-755e-4c45-a890-da01592df45f-GrpcLogAppender: appendEntries Timeout, request=7631069e-55aa-48aa-a80c-68f378536a45->59cccd2f-755e-4c45-a890-da01592df45f#68-t1, previous=(t:1, i:20), leaderCommit=16, initializing? false, entries: <empty>
2019-09-16 17:58:40,509 [java.util.concurrent.ThreadPoolExecutor$Worker@2375ecdf[State = -1, empty queue]] WARN  server.GrpcLogAppender (GrpcLogAppender.java:timeoutAppendRequest(200)) - 7631069e-55aa-48aa-a80c-68f378536a45@group-D5120AE2D385->d2644fda-0f6b-4964-8120-db19826e02a4-GrpcLogAppender: appendEntries Timeout, request=7631069e-55aa-48aa-a80c-68f378536a45->d2644fda-0f6b-4964-8120-db19826e02a4#68-t1, previous=(t:1, i:20), leaderCommit=16, initializing? false, entries: <empty>
 0.00% |█                                                                                                    |  0/1 Time: 0:02:072019-09-16 17:58:41,417 [grpc-default-executor-3] INFO  client.GrpcClientProtocolClient (GrpcClientProtocolClient.java:onNext(264)) - client-B56BA4945CBF->59cccd2f-755e-4c45-a890-da01592df45f: receive RaftClientReply:client-B56BA4945CBF->59cccd2f-755e-4c45-a890-da01592df45f@group-D5120AE2D385, cid=15, FAILED org.apache.ratis.protocol.NotLeaderException: Server 59cccd2f-755e-4c45-a890-da01592df45f@group-D5120AE2D385 is not the leader 7631069e-55aa-48aa-a80c-68f378536a45:192.168.157.233:39369, logIndex=0, commits[59cccd2f-755e-4c45-a890-da01592df45f:c16, 7631069e-55aa-48aa-a80c-68f378536a45:c16, d2644fda-0f6b-4964-8120-db19826e02a4:c12]
2019-09-16 17:58:42,096 [org.apache.ratis.server.impl.LogAppender$AppenderDaemon$$Lambda$507/793688760@373d288c] ERROR ratis.XceiverServerRatis (XceiverServerRatis.java:triggerPipelineClose(568)) - pipeline Action CLOSE  on pipeline PipelineID=8976a1a2-b138-4af7-bd61-d5120ae2d385.Reason : 7631069e-55aa-48aa-a80c-68f378536a45 has not seen follower/s 59cccd2f-755e-4c45-a890-da01592df45f for 122186ms d2644fda-0f6b-4964-8120-db19826e02a4 for 122187ms
2019-09-16 17:58:42,096 [org.apache.ratis.server.impl.LogAppender$AppenderDaemon$$Lambda$507/793688760@40c0b097] ERROR ratis.XceiverServerRatis (XceiverServerRatis.java:triggerPipelineClose(568)) - pipeline Action CLOSE  on pipeline PipelineID=8976a1a2-b138-4af7-bd61-d5120ae2d385.Reason : 7631069e-55aa-48aa-a80c-68f378536a45 has not seen follower/s 59cccd2f-755e-4c45-a890-da01592df45f for 122186ms d2644fda-0f6b-4964-8120-db19826e02a4 for 122187ms
 0.00% |█                                                                                                    |  0/1 Time: 0:02:082019-09-16 17:58:43,010 [java.util.concurrent.ThreadPoolExecutor$Worker@2375ecdf[State = -1, empty queue]] WARN  server.GrpcLogAppender (GrpcLogAppender.java:timeoutAppendRequest(200)) - 7631069e-55aa-48aa-a80c-68f378536a45@group-D5120AE2D385->d2644fda-0f6b-4964-8120-db19826e02a4-GrpcLogAppender: appendEntries Timeout, request=7631069e-55aa-48aa-a80c-68f378536a45->d2644fda-0f6b-4964-8120-db19826e02a4#69-t1, previous=(t:1, i:20), leaderCommit=16, initializing? false, entries: <empty>
2019-09-16 17:58:43,010 [java.util.concurrent.ThreadPoolExecutor$Worker@aa10535[State = -1, empty queue]] WARN  server.GrpcLogAppender (GrpcLogAppender.java:timeoutAppendRequest(200)) - 7631069e-55aa-48aa-a80c-68f378536a45@group-D5120AE2D385->59cccd2f-755e-4c45-a890-da01592df45f-GrpcLogAppender: appendEntries Timeout, request=7631069e-55aa-48aa-a80c-68f378536a45->59cccd2f-755e-4c45-a890-da01592df45f#69-t1, previous=(t:1, i:20), leaderCommit=16, initializing? false, entries: <empty>
2019-09-16 17:58:43,091 [EventQueue-PipelineActionsForPipelineActionHandler] ERROR pipeline.PipelineActionHandler (PipelineActionHandler.java:onMessage(60)) - Received pipeline action CLOSE for Pipeline[ Id: 8976a1a2-b138-4af7-bd61-d5120ae2d385, Nodes: d2644fda-0f6b-4964-8120-db19826e02a4{ip: 192.168.157.233, host: pr-hdds-2120-x62sn-1884063469, networkLocation: /default-rack, certSerialId: null}7631069e-55aa-48aa-a80c-68f378536a45{ip: 192.168.157.233, host: pr-hdds-2120-x62sn-1884063469, networkLocation: /default-rack, certSerialId: null}59cccd2f-755e-4c45-a890-da01592df45f{ip: 192.168.157.233, host: pr-hdds-2120-x62sn-1884063469, networkLocation: /default-rack, certSerialId: null}, Type:RATIS, Factor:THREE, State:CLOSED] from datanode 7631069e-55aa-48aa-a80c-68f378536a45{ip: 192.168.157.233, host: pr-hdds-2120-x62sn-1884063469, networkLocation: /default-rack, certSerialId: null}. Reason : 7631069e-55aa-48aa-a80c-68f378536a45 has not seen follower/s 59cccd2f-755e-4c45-a890-da01592df45f for 122186ms d2644fda-0f6b-4964-8120-db19826e02a4 for 122187ms
2019-09-16 17:58:43,091 [EventQueue-PipelineActionsForPipelineActionHandler] INFO  pipeline.SCMPipelineManager (SCMPipelineManager.java:finalizeAndDestroyPipeline(311)) - destroying pipeline:Pipeline[ Id: 8976a1a2-b138-4af7-bd61-d5120ae2d385, Nodes: d2644fda-0f6b-4964-8120-db19826e02a4{ip: 192.168.157.233, host: pr-hdds-2120-x62sn-1884063469, networkLocation: /default-rack, certSerialId: null}7631069e-55aa-48aa-a80c-68f378536a45{ip: 192.168.157.233, host: pr-hdds-2120-x62sn-1884063469, networkLocation: /default-rack, certSerialId: null}59cccd2f-755e-4c45-a890-da01592df45f{ip: 192.168.157.233, host: pr-hdds-2120-x62sn-1884063469, networkLocation: /default-rack, certSerialId: null}, Type:RATIS, Factor:THREE, State:CLOSED]
2019-09-16 17:58:43,095 [Command processor thread] ERROR commandhandler.CloseContainerCommandHandler (CloseContainerCommandHandler.java:handle(84)) - Container #3 does not exist in datanode. Container close failed.
2019-09-16 17:58:43,097 [Command processor thread] ERROR commandhandler.CloseContainerCommandHandler (CloseContainerCommandHandler.java:handle(84)) - Container #3 does not exist in datanode. Container close failed.
 0.00% |█                                                                                                    |  0/1 Time: 0:02:09 0.00% |█                                                                                                    |  0/1 Time: 0:02:102019-09-16 17:58:44,599 [org.apache.ratis.server.impl.LogAppender$AppenderDaemon$$Lambda$507/793688760@40c0b097] ERROR ratis.XceiverServerRatis (XceiverServerRatis.java:triggerPipelineClose(568)) - pipeline Action CLOSE  on pipeline PipelineID=8976a1a2-b138-4af7-bd61-d5120ae2d385.Reason : 7631069e-55aa-48aa-a80c-68f378536a45 has not seen follower/s 59cccd2f-755e-4c45-a890-da01592df45f for 124689ms d2644fda-0f6b-4964-8120-db19826e02a4 for 124690ms
2019-09-16 17:58:44,599 [org.apache.ratis.server.impl.LogAppender$AppenderDaemon$$Lambda$507/793688760@373d288c] ERROR ratis.XceiverServerRatis (XceiverServerRatis.java:triggerPipelineClose(568)) - pipeline Action CLOSE  on pipeline PipelineID=8976a1a2-b138-4af7-bd61-d5120ae2d385.Reason : 7631069e-55aa-48aa-a80c-68f378536a45 has not seen follower/s 59cccd2f-755e-4c45-a890-da01592df45f for 124689ms d2644fda-0f6b-4964-8120-db19826e02a4 for 124690ms
2019-09-16 17:58:45,093 [EventQueue-PipelineActionsForPipelineActionHandler] ERROR pipeline.PipelineActionHandler (PipelineActionHandler.java:onMessage(60)) - Received pipeline action CLOSE for Pipeline[ Id: 8976a1a2-b138-4af7-bd61-d5120ae2d385, Nodes: d2644fda-0f6b-4964-8120-db19826e02a4{ip: 192.168.157.233, host: pr-hdds-2120-x62sn-1884063469, networkLocation: /default-rack, certSerialId: null}7631069e-55aa-48aa-a80c-68f378536a45{ip: 192.168.157.233, host: pr-hdds-2120-x62sn-1884063469, networkLocation: /default-rack, certSerialId: null}59cccd2f-755e-4c45-a890-da01592df45f{ip: 192.168.157.233, host: pr-hdds-2120-x62sn-1884063469, networkLocation: /default-rack, certSerialId: null}, Type:RATIS, Factor:THREE, State:CLOSED] from datanode 7631069e-55aa-48aa-a80c-68f378536a45{ip: 192.168.157.233, host: pr-hdds-2120-x62sn-1884063469, networkLocation: /default-rack, certSerialId: null}. Reason : 7631069e-55aa-48aa-a80c-68f378536a45 has not seen follower/s 59cccd2f-755e-4c45-a890-da01592df45f for 124689ms d2644fda-0f6b-4964-8120-db19826e02a4 for 124690ms
2019-09-16 17:58:45,094 [EventQueue-PipelineActionsForPipelineActionHandler] INFO  pipeline.SCMPipelineManager (SCMPipelineManager.java:finalizeAndDestroyPipeline(311)) - destroying pipeline:Pipeline[ Id: 8976a1a2-b138-4af7-bd61-d5120ae2d385, Nodes: d2644fda-0f6b-4964-8120-db19826e02a4{ip: 192.168.157.233, host: pr-hdds-2120-x62sn-1884063469, networkLocation: /default-rack, certSerialId: null}7631069e-55aa-48aa-a80c-68f378536a45{ip: 192.168.157.233, host: pr-hdds-2120-x62sn-1884063469, networkLocation: /default-rack, certSerialId: null}59cccd2f-755e-4c45-a890-da01592df45f{ip: 192.168.157.233, host: pr-hdds-2120-x62sn-1884063469, networkLocation: /default-rack, certSerialId: null}, Type:RATIS, Factor:THREE, State:CLOSED]
2019-09-16 17:58:45,096 [java.util.concurrent.ThreadPoolExecutor$Worker@aa10535[State = -1, empty queue]] WARN  server.GrpcLogAppender (GrpcLogAppender.java:timeoutAppendRequest(200)) - 7631069e-55aa-48aa-a80c-68f378536a45@group-D5120AE2D385->59cccd2f-755e-4c45-a890-da01592df45f-GrpcLogAppender: appendEntries Timeout, request=7631069e-55aa-48aa-a80c-68f378536a45->59cccd2f-755e-4c45-a890-da01592df45f#70-t1, previous=(t:1, i:20), leaderCommit=16, initializing? false, entries: size=1, first=(t:1, i:21), STATEMACHINELOGENTRY, client-B2398CC5639D, cid=0
2019-09-16 17:58:45,096 [java.util.concurrent.ThreadPoolExecutor$Worker@2375ecdf[State = -1, empty queue]] WARN  server.GrpcLogAppender (GrpcLogAppender.java:timeoutAppendRequest(200)) - 7631069e-55aa-48aa-a80c-68f378536a45@group-D5120AE2D385->d2644fda-0f6b-4964-8120-db19826e02a4-GrpcLogAppender: appendEntries Timeout, request=7631069e-55aa-48aa-a80c-68f378536a45->d2644fda-0f6b-4964-8120-db19826e02a4#70-t1, previous=(t:1, i:20), leaderCommit=16, initializing? false, entries: size=1, first=(t:1, i:21), STATEMACHINELOGENTRY, client-B2398CC5639D, cid=0
 0.00% |█                                                                                                    |  0/1 Time: 0:02:11 0.00% |█                                                                                                    |  0/1 Time: 0:02:122019-09-16 17:58:46,474 [grpc-default-executor-3] INFO  client.GrpcClientProtocolClient (GrpcClientProtocolClient.java:onNext(264)) - client-B56BA4945CBF->59cccd2f-755e-4c45-a890-da01592df45f: receive RaftClientReply:client-B56BA4945CBF->59cccd2f-755e-4c45-a890-da01592df45f@group-D5120AE2D385, cid=15, FAILED org.apache.ratis.protocol.NotLeaderException: Server 59cccd2f-755e-4c45-a890-da01592df45f@group-D5120AE2D385 is not the leader 7631069e-55aa-48aa-a80c-68f378536a45:192.168.157.233:39369, logIndex=0, commits[59cccd2f-755e-4c45-a890-da01592df45f:c16, 7631069e-55aa-48aa-a80c-68f378536a45:c16, d2644fda-0f6b-4964-8120-db19826e02a4:c12]
2019-09-16 17:58:47,100 [org.apache.ratis.server.impl.LogAppender$AppenderDaemon$$Lambda$507/793688760@40c0b097] ERROR ratis.XceiverServerRatis (XceiverServerRatis.java:triggerPipelineClose(568)) - pipeline Action CLOSE  on pipeline PipelineID=8976a1a2-b138-4af7-bd61-d5120ae2d385.Reason : 7631069e-55aa-48aa-a80c-68f378536a45 has not seen follower/s 59cccd2f-755e-4c45-a890-da01592df45f for 127190ms d2644fda-0f6b-4964-8120-db19826e02a4 for 127191ms
2019-09-16 17:58:47,100 [org.apache.ratis.server.impl.LogAppender$AppenderDaemon$$Lambda$507/793688760@373d288c] ERROR ratis.XceiverServerRatis (XceiverServerRatis.java:triggerPipelineClose(568)) - pipeline Action CLOSE  on pipeline PipelineID=8976a1a2-b138-4af7-bd61-d5120ae2d385.Reason : 7631069e-55aa-48aa-a80c-68f378536a45 has not seen follower/s 59cccd2f-755e-4c45-a890-da01592df45f for 127190ms d2644fda-0f6b-4964-8120-db19826e02a4 for 127191ms
 0.00% |█                                                                                                    |  0/1 Time: 0:02:132019-09-16 17:58:47,599 [java.util.concurrent.ThreadPoolExecutor$Worker@2375ecdf[State = -1, empty queue]] WARN  server.GrpcLogAppender (GrpcLogAppender.java:timeoutAppendRequest(200)) - 7631069e-55aa-48aa-a80c-68f378536a45@group-D5120AE2D385->d2644fda-0f6b-4964-8120-db19826e02a4-GrpcLogAppender: appendEntries Timeout, request=7631069e-55aa-48aa-a80c-68f378536a45->d2644fda-0f6b-4964-8120-db19826e02a4#71-t1, previous=(t:1, i:21), leaderCommit=16, initializing? false, entries: <empty>
2019-09-16 17:58:47,599 [java.util.concurrent.ThreadPoolExecutor$Worker@aa10535[State = -1, empty queue]] WARN  server.GrpcLogAppender (GrpcLogAppender.java:timeoutAppendRequest(200)) - 7631069e-55aa-48aa-a80c-68f378536a45@group-D5120AE2D385->59cccd2f-755e-4c45-a890-da01592df45f-GrpcLogAppender: appendEntries Timeout, request=7631069e-55aa-48aa-a80c-68f378536a45->59cccd2f-755e-4c45-a890-da01592df45f#71-t1, previous=(t:1, i:21), leaderCommit=16, initializing? false, entries: <empty>
2019-09-16 17:58:48,093 [EventQueue-PipelineActionsForPipelineActionHandler] ERROR pipeline.PipelineActionHandler (PipelineActionHandler.java:onMessage(60)) - Received pipeline action CLOSE for Pipeline[ Id: 8976a1a2-b138-4af7-bd61-d5120ae2d385, Nodes: d2644fda-0f6b-4964-8120-db19826e02a4{ip: 192.168.157.233, host: pr-hdds-2120-x62sn-1884063469, networkLocation: /default-rack, certSerialId: null}7631069e-55aa-48aa-a80c-68f378536a45{ip: 192.168.157.233, host: pr-hdds-2120-x62sn-1884063469, networkLocation: /default-rack, certSerialId: null}59cccd2f-755e-4c45-a890-da01592df45f{ip: 192.168.157.233, host: pr-hdds-2120-x62sn-1884063469, networkLocation: /default-rack, certSerialId: null}, Type:RATIS, Factor:THREE, State:CLOSED] from datanode 7631069e-55aa-48aa-a80c-68f378536a45{ip: 192.168.157.233, host: pr-hdds-2120-x62sn-1884063469, networkLocation: /default-rack, certSerialId: null}. Reason : 7631069e-55aa-48aa-a80c-68f378536a45 has not seen follower/s 59cccd2f-755e-4c45-a890-da01592df45f for 127190ms d2644fda-0f6b-4964-8120-db19826e02a4 for 127191ms
2019-09-16 17:58:48,093 [EventQueue-PipelineActionsForPipelineActionHandler] INFO  pipeline.SCMPipelineManager (SCMPipelineManager.java:finalizeAndDestroyPipeline(311)) - destroying pipeline:Pipeline[ Id: 8976a1a2-b138-4af7-bd61-d5120ae2d385, Nodes: d2644fda-0f6b-4964-8120-db19826e02a4{ip: 192.168.157.233, host: pr-hdds-2120-x62sn-1884063469, networkLocation: /default-rack, certSerialId: null}7631069e-55aa-48aa-a80c-68f378536a45{ip: 192.168.157.233, host: pr-hdds-2120-x62sn-1884063469, networkLocation: /default-rack, certSerialId: null}59cccd2f-755e-4c45-a890-da01592df45f{ip: 192.168.157.233, host: pr-hdds-2120-x62sn-1884063469, networkLocation: /default-rack, certSerialId: null}, Type:RATIS, Factor:THREE, State:CLOSED]
 0.00% |█                                                                                                    |  0/1 Time: 0:02:14 0.00% |█                                                                                                    |  0/1 Time: 0:02:152019-09-16 17:58:49,603 [org.apache.ratis.server.impl.LogAppender$AppenderDaemon$$Lambda$507/793688760@40c0b097] ERROR ratis.XceiverServerRatis (XceiverServerRatis.java:triggerPipelineClose(568)) - pipeline Action CLOSE  on pipeline PipelineID=8976a1a2-b138-4af7-bd61-d5120ae2d385.Reason : 7631069e-55aa-48aa-a80c-68f378536a45 has not seen follower/s 59cccd2f-755e-4c45-a890-da01592df45f for 129693ms d2644fda-0f6b-4964-8120-db19826e02a4 for 129694ms
2019-09-16 17:58:49,603 [org.apache.ratis.server.impl.LogAppender$AppenderDaemon$$Lambda$507/793688760@373d288c] ERROR ratis.XceiverServerRatis (XceiverServerRatis.java:triggerPipelineClose(568)) - pipeline Action CLOSE  on pipeline PipelineID=8976a1a2-b138-4af7-bd61-d5120ae2d385.Reason : 7631069e-55aa-48aa-a80c-68f378536a45 has not seen follower/s 59cccd2f-755e-4c45-a890-da01592df45f for 129693ms d2644fda-0f6b-4964-8120-db19826e02a4 for 129694ms
2019-09-16 17:58:50,072 [d2644fda-0f6b-4964-8120-db19826e02a4@group-D5120AE2D385-SegmentedRaftLogWorker] WARN  segmented.SegmentedRaftLogWorker (SegmentedRaftLogWorker.java:getFromFuture(90)) - Timeout 12/~
org.apache.ratis.protocol.TimeoutIOException: Timeout 10s: WriteLog:19: (t:1, i:19), STATEMACHINELOGENTRY, client-B56BA4945CBF, cid=17-writeStateMachineData
	at org.apache.ratis.util.IOUtils.getFromFuture(IOUtils.java:87)
	at org.apache.ratis.server.raftlog.segmented.SegmentedRaftLogWorker$StateMachineDataPolicy.getFromFuture(SegmentedRaftLogWorker.java:87)
	at org.apache.ratis.server.raftlog.segmented.SegmentedRaftLogWorker$WriteLog.execute(SegmentedRaftLogWorker.java:477)
	at org.apache.ratis.server.raftlog.segmented.SegmentedRaftLogWorker.run(SegmentedRaftLogWorker.java:289)
	at java.lang.Thread.run(Thread.java:748)
Caused by: java.util.concurrent.TimeoutException
	at java.util.concurrent.CompletableFuture.timedGet(CompletableFuture.java:1771)
	at java.util.concurrent.CompletableFuture.get(CompletableFuture.java:1915)
	at org.apache.ratis.util.IOUtils.getFromFuture(IOUtils.java:79)
	... 4 more
2019-09-16 17:58:50,080 [59cccd2f-755e-4c45-a890-da01592df45f@group-D5120AE2D385-SegmentedRaftLogWorker] WARN  segmented.SegmentedRaftLogWorker (SegmentedRaftLogWorker.java:getFromFuture(90)) - Timeout 12/~
org.apache.ratis.protocol.TimeoutIOException: Timeout 10s: WriteLog:19: (t:1, i:19), STATEMACHINELOGENTRY, client-B56BA4945CBF, cid=17-writeStateMachineData
	at org.apache.ratis.util.IOUtils.getFromFuture(IOUtils.java:87)
	at org.apache.ratis.server.raftlog.segmented.SegmentedRaftLogWorker$StateMachineDataPolicy.getFromFuture(SegmentedRaftLogWorker.java:87)
	at org.apache.ratis.server.raftlog.segmented.SegmentedRaftLogWorker$WriteLog.execute(SegmentedRaftLogWorker.java:477)
	at org.apache.ratis.server.raftlog.segmented.SegmentedRaftLogWorker.run(SegmentedRaftLogWorker.java:289)
	at java.lang.Thread.run(Thread.java:748)
Caused by: java.util.concurrent.TimeoutException
	at java.util.concurrent.CompletableFuture.timedGet(CompletableFuture.java:1771)
	at java.util.concurrent.CompletableFuture.get(CompletableFuture.java:1915)
	at org.apache.ratis.util.IOUtils.getFromFuture(IOUtils.java:79)
	... 4 more
2019-09-16 17:58:50,081 [7631069e-55aa-48aa-a80c-68f378536a45@group-D5120AE2D385-SegmentedRaftLogWorker] WARN  segmented.SegmentedRaftLogWorker (SegmentedRaftLogWorker.java:getFromFuture(90)) - Timeout 12/~
org.apache.ratis.protocol.TimeoutIOException: Timeout 10s: WriteLog:19: (t:1, i:19), STATEMACHINELOGENTRY, client-B56BA4945CBF, cid=17-writeStateMachineData
	at org.apache.ratis.util.IOUtils.getFromFuture(IOUtils.java:87)
	at org.apache.ratis.server.raftlog.segmented.SegmentedRaftLogWorker$StateMachineDataPolicy.getFromFuture(SegmentedRaftLogWorker.java:87)
	at org.apache.ratis.server.raftlog.segmented.SegmentedRaftLogWorker$WriteLog.execute(SegmentedRaftLogWorker.java:477)
	at org.apache.ratis.server.raftlog.segmented.SegmentedRaftLogWorker.run(SegmentedRaftLogWorker.java:289)
	at java.lang.Thread.run(Thread.java:748)
Caused by: java.util.concurrent.TimeoutException
	at java.util.concurrent.CompletableFuture.timedGet(CompletableFuture.java:1771)
	at java.util.concurrent.CompletableFuture.get(CompletableFuture.java:1915)
	at org.apache.ratis.util.IOUtils.getFromFuture(IOUtils.java:79)
	... 4 more
2019-09-16 17:58:50,095 [EventQueue-PipelineActionsForPipelineActionHandler] ERROR pipeline.PipelineActionHandler (PipelineActionHandler.java:onMessage(60)) - Received pipeline action CLOSE for Pipeline[ Id: 8976a1a2-b138-4af7-bd61-d5120ae2d385, Nodes: d2644fda-0f6b-4964-8120-db19826e02a4{ip: 192.168.157.233, host: pr-hdds-2120-x62sn-1884063469, networkLocation: /default-rack, certSerialId: null}7631069e-55aa-48aa-a80c-68f378536a45{ip: 192.168.157.233, host: pr-hdds-2120-x62sn-1884063469, networkLocation: /default-rack, certSerialId: null}59cccd2f-755e-4c45-a890-da01592df45f{ip: 192.168.157.233, host: pr-hdds-2120-x62sn-1884063469, networkLocation: /default-rack, certSerialId: null}, Type:RATIS, Factor:THREE, State:CLOSED] from datanode 7631069e-55aa-48aa-a80c-68f378536a45{ip: 192.168.157.233, host: pr-hdds-2120-x62sn-1884063469, networkLocation: /default-rack, certSerialId: null}. Reason : 7631069e-55aa-48aa-a80c-68f378536a45 has not seen follower/s 59cccd2f-755e-4c45-a890-da01592df45f for 129693ms d2644fda-0f6b-4964-8120-db19826e02a4 for 129694ms
2019-09-16 17:58:50,095 [EventQueue-PipelineActionsForPipelineActionHandler] INFO  pipeline.SCMPipelineManager (SCMPipelineManager.java:finalizeAndDestroyPipeline(311)) - destroying pipeline:Pipeline[ Id: 8976a1a2-b138-4af7-bd61-d5120ae2d385, Nodes: d2644fda-0f6b-4964-8120-db19826e02a4{ip: 192.168.157.233, host: pr-hdds-2120-x62sn-1884063469, networkLocation: /default-rack, certSerialId: null}7631069e-55aa-48aa-a80c-68f378536a45{ip: 192.168.157.233, host: pr-hdds-2120-x62sn-1884063469, networkLocation: /default-rack, certSerialId: null}59cccd2f-755e-4c45-a890-da01592df45f{ip: 192.168.157.233, host: pr-hdds-2120-x62sn-1884063469, networkLocation: /default-rack, certSerialId: null}, Type:RATIS, Factor:THREE, State:CLOSED]
2019-09-16 17:58:50,100 [java.util.concurrent.ThreadPoolExecutor$Worker@aa10535[State = -1, empty queue]] WARN  server.GrpcLogAppender (GrpcLogAppender.java:timeoutAppendRequest(200)) - 7631069e-55aa-48aa-a80c-68f378536a45@group-D5120AE2D385->59cccd2f-755e-4c45-a890-da01592df45f-GrpcLogAppender: appendEntries Timeout, request=7631069e-55aa-48aa-a80c-68f378536a45->59cccd2f-755e-4c45-a890-da01592df45f#72-t1, previous=(t:1, i:21), leaderCommit=16, initializing? false, entries: <empty>
2019-09-16 17:58:50,102 [java.util.concurrent.ThreadPoolExecutor$Worker@2375ecdf[State = -1, empty queue]] WARN  server.GrpcLogAppender (GrpcLogAppender.java:timeoutAppendRequest(200)) - 7631069e-55aa-48aa-a80c-68f378536a45@group-D5120AE2D385->d2644fda-0f6b-4964-8120-db19826e02a4-GrpcLogAppender: appendEntries Timeout, request=7631069e-55aa-48aa-a80c-68f378536a45->d2644fda-0f6b-4964-8120-db19826e02a4#72-t1, previous=(t:1, i:21), leaderCommit=16, initializing? false, entries: <empty>
 0.00% |█                                                                                                    |  0/1 Time: 0:02:16 0.00% |█                                                                                                    |  0/1 Time: 0:02:172019-09-16 17:58:51,527 [grpc-default-executor-2] INFO  client.GrpcClientProtocolClient (GrpcClientProtocolClient.java:onNext(264)) - client-B56BA4945CBF->d2644fda-0f6b-4964-8120-db19826e02a4: receive RaftClientReply:client-B56BA4945CBF->d2644fda-0f6b-4964-8120-db19826e02a4@group-D5120AE2D385, cid=15, FAILED org.apache.ratis.protocol.NotLeaderException: Server d2644fda-0f6b-4964-8120-db19826e02a4@group-D5120AE2D385 is not the leader 7631069e-55aa-48aa-a80c-68f378536a45:192.168.157.233:39369, logIndex=0, commits[d2644fda-0f6b-4964-8120-db19826e02a4:c16, 7631069e-55aa-48aa-a80c-68f378536a45:c16, 59cccd2f-755e-4c45-a890-da01592df45f:c12]
2019-09-16 17:58:52,104 [org.apache.ratis.server.impl.LogAppender$AppenderDaemon$$Lambda$507/793688760@40c0b097] ERROR ratis.XceiverServerRatis (XceiverServerRatis.java:triggerPipelineClose(568)) - pipeline Action CLOSE  on pipeline PipelineID=8976a1a2-b138-4af7-bd61-d5120ae2d385.Reason : 7631069e-55aa-48aa-a80c-68f378536a45 has not seen follower/s 59cccd2f-755e-4c45-a890-da01592df45f for 132194ms d2644fda-0f6b-4964-8120-db19826e02a4 for 132195ms
2019-09-16 17:58:52,104 [org.apache.ratis.server.impl.LogAppender$AppenderDaemon$$Lambda$507/793688760@373d288c] ERROR ratis.XceiverServerRatis (XceiverServerRatis.java:triggerPipelineClose(568)) - pipeline Action CLOSE  on pipeline PipelineID=8976a1a2-b138-4af7-bd61-d5120ae2d385.Reason : 7631069e-55aa-48aa-a80c-68f378536a45 has not seen follower/s 59cccd2f-755e-4c45-a890-da01592df45f for 132194ms d2644fda-0f6b-4964-8120-db19826e02a4 for 132195ms
 0.00% |█                                                                                                    |  0/1 Time: 0:02:182019-09-16 17:58:52,603 [java.util.concurrent.ThreadPoolExecutor$Worker@aa10535[State = -1, empty queue]] WARN  server.GrpcLogAppender (GrpcLogAppender.java:timeoutAppendRequest(200)) - 7631069e-55aa-48aa-a80c-68f378536a45@group-D5120AE2D385->59cccd2f-755e-4c45-a890-da01592df45f-GrpcLogAppender: appendEntries Timeout, request=7631069e-55aa-48aa-a80c-68f378536a45->59cccd2f-755e-4c45-a890-da01592df45f#73-t1, previous=(t:1, i:21), leaderCommit=16, initializing? false, entries: <empty>
2019-09-16 17:58:52,603 [java.util.concurrent.ThreadPoolExecutor$Worker@2375ecdf[State = -1, empty queue]] WARN  server.GrpcLogAppender (GrpcLogAppender.java:timeoutAppendRequest(200)) - 7631069e-55aa-48aa-a80c-68f378536a45@group-D5120AE2D385->d2644fda-0f6b-4964-8120-db19826e02a4-GrpcLogAppender: appendEntries Timeout, request=7631069e-55aa-48aa-a80c-68f378536a45->d2644fda-0f6b-4964-8120-db19826e02a4#73-t1, previous=(t:1, i:21), leaderCommit=16, initializing? false, entries: <empty>
2019-09-16 17:58:53,094 [EventQueue-PipelineActionsForPipelineActionHandler] ERROR pipeline.PipelineActionHandler (PipelineActionHandler.java:onMessage(60)) - Received pipeline action CLOSE for Pipeline[ Id: 8976a1a2-b138-4af7-bd61-d5120ae2d385, Nodes: d2644fda-0f6b-4964-8120-db19826e02a4{ip: 192.168.157.233, host: pr-hdds-2120-x62sn-1884063469, networkLocation: /default-rack, certSerialId: null}7631069e-55aa-48aa-a80c-68f378536a45{ip: 192.168.157.233, host: pr-hdds-2120-x62sn-1884063469, networkLocation: /default-rack, certSerialId: null}59cccd2f-755e-4c45-a890-da01592df45f{ip: 192.168.157.233, host: pr-hdds-2120-x62sn-1884063469, networkLocation: /default-rack, certSerialId: null}, Type:RATIS, Factor:THREE, State:CLOSED] from datanode 7631069e-55aa-48aa-a80c-68f378536a45{ip: 192.168.157.233, host: pr-hdds-2120-x62sn-1884063469, networkLocation: /default-rack, certSerialId: null}. Reason : 7631069e-55aa-48aa-a80c-68f378536a45 has not seen follower/s 59cccd2f-755e-4c45-a890-da01592df45f for 132194ms d2644fda-0f6b-4964-8120-db19826e02a4 for 132195ms
2019-09-16 17:58:53,095 [EventQueue-PipelineActionsForPipelineActionHandler] INFO  pipeline.SCMPipelineManager (SCMPipelineManager.java:finalizeAndDestroyPipeline(311)) - destroying pipeline:Pipeline[ Id: 8976a1a2-b138-4af7-bd61-d5120ae2d385, Nodes: d2644fda-0f6b-4964-8120-db19826e02a4{ip: 192.168.157.233, host: pr-hdds-2120-x62sn-1884063469, networkLocation: /default-rack, certSerialId: null}7631069e-55aa-48aa-a80c-68f378536a45{ip: 192.168.157.233, host: pr-hdds-2120-x62sn-1884063469, networkLocation: /default-rack, certSerialId: null}59cccd2f-755e-4c45-a890-da01592df45f{ip: 192.168.157.233, host: pr-hdds-2120-x62sn-1884063469, networkLocation: /default-rack, certSerialId: null}, Type:RATIS, Factor:THREE, State:CLOSED]
 0.00% |█                                                                                                    |  0/1 Time: 0:02:19 0.00% |█                                                                                                    |  0/1 Time: 0:02:202019-09-16 17:58:54,606 [org.apache.ratis.server.impl.LogAppender$AppenderDaemon$$Lambda$507/793688760@40c0b097] ERROR ratis.XceiverServerRatis (XceiverServerRatis.java:triggerPipelineClose(568)) - pipeline Action CLOSE  on pipeline PipelineID=8976a1a2-b138-4af7-bd61-d5120ae2d385.Reason : 7631069e-55aa-48aa-a80c-68f378536a45 has not seen follower/s 59cccd2f-755e-4c45-a890-da01592df45f for 134696ms d2644fda-0f6b-4964-8120-db19826e02a4 for 134697ms
2019-09-16 17:58:54,606 [org.apache.ratis.server.impl.LogAppender$AppenderDaemon$$Lambda$507/793688760@373d288c] ERROR ratis.XceiverServerRatis (XceiverServerRatis.java:triggerPipelineClose(568)) - pipeline Action CLOSE  on pipeline PipelineID=8976a1a2-b138-4af7-bd61-d5120ae2d385.Reason : 7631069e-55aa-48aa-a80c-68f378536a45 has not seen follower/s 59cccd2f-755e-4c45-a890-da01592df45f for 134696ms d2644fda-0f6b-4964-8120-db19826e02a4 for 134697ms
2019-09-16 17:58:55,094 [EventQueue-PipelineActionsForPipelineActionHandler] ERROR pipeline.PipelineActionHandler (PipelineActionHandler.java:onMessage(60)) - Received pipeline action CLOSE for Pipeline[ Id: 8976a1a2-b138-4af7-bd61-d5120ae2d385, Nodes: d2644fda-0f6b-4964-8120-db19826e02a4{ip: 192.168.157.233, host: pr-hdds-2120-x62sn-1884063469, networkLocation: /default-rack, certSerialId: null}7631069e-55aa-48aa-a80c-68f378536a45{ip: 192.168.157.233, host: pr-hdds-2120-x62sn-1884063469, networkLocation: /default-rack, certSerialId: null}59cccd2f-755e-4c45-a890-da01592df45f{ip: 192.168.157.233, host: pr-hdds-2120-x62sn-1884063469, networkLocation: /default-rack, certSerialId: null}, Type:RATIS, Factor:THREE, State:CLOSED] from datanode 7631069e-55aa-48aa-a80c-68f378536a45{ip: 192.168.157.233, host: pr-hdds-2120-x62sn-1884063469, networkLocation: /default-rack, certSerialId: null}. Reason : 7631069e-55aa-48aa-a80c-68f378536a45 has not seen follower/s 59cccd2f-755e-4c45-a890-da01592df45f for 134696ms d2644fda-0f6b-4964-8120-db19826e02a4 for 134697ms
2019-09-16 17:58:55,094 [EventQueue-PipelineActionsForPipelineActionHandler] INFO  pipeline.SCMPipelineManager (SCMPipelineManager.java:finalizeAndDestroyPipeline(311)) - destroying pipeline:Pipeline[ Id: 8976a1a2-b138-4af7-bd61-d5120ae2d385, Nodes: d2644fda-0f6b-4964-8120-db19826e02a4{ip: 192.168.157.233, host: pr-hdds-2120-x62sn-1884063469, networkLocation: /default-rack, certSerialId: null}7631069e-55aa-48aa-a80c-68f378536a45{ip: 192.168.157.233, host: pr-hdds-2120-x62sn-1884063469, networkLocation: /default-rack, certSerialId: null}59cccd2f-755e-4c45-a890-da01592df45f{ip: 192.168.157.233, host: pr-hdds-2120-x62sn-1884063469, networkLocation: /default-rack, certSerialId: null}, Type:RATIS, Factor:THREE, State:CLOSED]
2019-09-16 17:58:55,104 [java.util.concurrent.ThreadPoolExecutor$Worker@2375ecdf[State = -1, empty queue]] WARN  server.GrpcLogAppender (GrpcLogAppender.java:timeoutAppendRequest(200)) - 7631069e-55aa-48aa-a80c-68f378536a45@group-D5120AE2D385->d2644fda-0f6b-4964-8120-db19826e02a4-GrpcLogAppender: appendEntries Timeout, request=7631069e-55aa-48aa-a80c-68f378536a45->d2644fda-0f6b-4964-8120-db19826e02a4#74-t1, previous=(t:1, i:21), leaderCommit=16, initializing? false, entries: <empty>
2019-09-16 17:58:55,104 [java.util.concurrent.ThreadPoolExecutor$Worker@aa10535[State = -1, empty queue]] WARN  server.GrpcLogAppender (GrpcLogAppender.java:timeoutAppendRequest(200)) - 7631069e-55aa-48aa-a80c-68f378536a45@group-D5120AE2D385->59cccd2f-755e-4c45-a890-da01592df45f-GrpcLogAppender: appendEntries Timeout, request=7631069e-55aa-48aa-a80c-68f378536a45->59cccd2f-755e-4c45-a890-da01592df45f#74-t1, previous=(t:1, i:21), leaderCommit=16, initializing? false, entries: <empty>
 0.00% |█                                                                                                    |  0/1 Time: 0:02:21 0.00% |█                                                                                                    |  0/1 Time: 0:02:222019-09-16 17:58:56,698 [grpc-default-executor-3] INFO  client.GrpcClientProtocolClient (GrpcClientProtocolClient.java:onNext(264)) - client-B56BA4945CBF->d2644fda-0f6b-4964-8120-db19826e02a4: receive RaftClientReply:client-B56BA4945CBF->d2644fda-0f6b-4964-8120-db19826e02a4@group-D5120AE2D385, cid=15, FAILED org.apache.ratis.protocol.NotLeaderException: Server d2644fda-0f6b-4964-8120-db19826e02a4@group-D5120AE2D385 is not the leader 7631069e-55aa-48aa-a80c-68f378536a45:192.168.157.233:39369, logIndex=0, commits[d2644fda-0f6b-4964-8120-db19826e02a4:c16, 7631069e-55aa-48aa-a80c-68f378536a45:c16, 59cccd2f-755e-4c45-a890-da01592df45f:c12]
2019-09-16 17:58:57,107 [org.apache.ratis.server.impl.LogAppender$AppenderDaemon$$Lambda$507/793688760@373d288c] ERROR ratis.XceiverServerRatis (XceiverServerRatis.java:triggerPipelineClose(568)) - pipeline Action CLOSE  on pipeline PipelineID=8976a1a2-b138-4af7-bd61-d5120ae2d385.Reason : 7631069e-55aa-48aa-a80c-68f378536a45 has not seen follower/s 59cccd2f-755e-4c45-a890-da01592df45f for 137197ms d2644fda-0f6b-4964-8120-db19826e02a4 for 137198ms
2019-09-16 17:58:57,108 [org.apache.ratis.server.impl.LogAppender$AppenderDaemon$$Lambda$507/793688760@40c0b097] ERROR ratis.XceiverServerRatis (XceiverServerRatis.java:triggerPipelineClose(568)) - pipeline Action CLOSE  on pipeline PipelineID=8976a1a2-b138-4af7-bd61-d5120ae2d385.Reason : 7631069e-55aa-48aa-a80c-68f378536a45 has not seen follower/s 59cccd2f-755e-4c45-a890-da01592df45f for 137197ms d2644fda-0f6b-4964-8120-db19826e02a4 for 137198ms
 0.00% |█                                                                                                    |  0/1 Time: 0:02:232019-09-16 17:58:57,606 [java.util.concurrent.ThreadPoolExecutor$Worker@aa10535[State = -1, empty queue]] WARN  server.GrpcLogAppender (GrpcLogAppender.java:timeoutAppendRequest(200)) - 7631069e-55aa-48aa-a80c-68f378536a45@group-D5120AE2D385->59cccd2f-755e-4c45-a890-da01592df45f-GrpcLogAppender: appendEntries Timeout, request=7631069e-55aa-48aa-a80c-68f378536a45->59cccd2f-755e-4c45-a890-da01592df45f#75-t1, previous=(t:1, i:21), leaderCommit=16, initializing? false, entries: <empty>
2019-09-16 17:58:57,606 [java.util.concurrent.ThreadPoolExecutor$Worker@2375ecdf[State = -1, empty queue]] WARN  server.GrpcLogAppender (GrpcLogAppender.java:timeoutAppendRequest(200)) - 7631069e-55aa-48aa-a80c-68f378536a45@group-D5120AE2D385->d2644fda-0f6b-4964-8120-db19826e02a4-GrpcLogAppender: appendEntries Timeout, request=7631069e-55aa-48aa-a80c-68f378536a45->d2644fda-0f6b-4964-8120-db19826e02a4#75-t1, previous=(t:1, i:21), leaderCommit=16, initializing? false, entries: <empty>
2019-09-16 17:58:58,097 [EventQueue-PipelineActionsForPipelineActionHandler] ERROR pipeline.PipelineActionHandler (PipelineActionHandler.java:onMessage(60)) - Received pipeline action CLOSE for Pipeline[ Id: 8976a1a2-b138-4af7-bd61-d5120ae2d385, Nodes: d2644fda-0f6b-4964-8120-db19826e02a4{ip: 192.168.157.233, host: pr-hdds-2120-x62sn-1884063469, networkLocation: /default-rack, certSerialId: null}7631069e-55aa-48aa-a80c-68f378536a45{ip: 192.168.157.233, host: pr-hdds-2120-x62sn-1884063469, networkLocation: /default-rack, certSerialId: null}59cccd2f-755e-4c45-a890-da01592df45f{ip: 192.168.157.233, host: pr-hdds-2120-x62sn-1884063469, networkLocation: /default-rack, certSerialId: null}, Type:RATIS, Factor:THREE, State:CLOSED] from datanode 7631069e-55aa-48aa-a80c-68f378536a45{ip: 192.168.157.233, host: pr-hdds-2120-x62sn-1884063469, networkLocation: /default-rack, certSerialId: null}. Reason : 7631069e-55aa-48aa-a80c-68f378536a45 has not seen follower/s 59cccd2f-755e-4c45-a890-da01592df45f for 137197ms d2644fda-0f6b-4964-8120-db19826e02a4 for 137198ms
2019-09-16 17:58:58,097 [EventQueue-PipelineActionsForPipelineActionHandler] INFO  pipeline.SCMPipelineManager (SCMPipelineManager.java:finalizeAndDestroyPipeline(311)) - destroying pipeline:Pipeline[ Id: 8976a1a2-b138-4af7-bd61-d5120ae2d385, Nodes: d2644fda-0f6b-4964-8120-db19826e02a4{ip: 192.168.157.233, host: pr-hdds-2120-x62sn-1884063469, networkLocation: /default-rack, certSerialId: null}7631069e-55aa-48aa-a80c-68f378536a45{ip: 192.168.157.233, host: pr-hdds-2120-x62sn-1884063469, networkLocation: /default-rack, certSerialId: null}59cccd2f-755e-4c45-a890-da01592df45f{ip: 192.168.157.233, host: pr-hdds-2120-x62sn-1884063469, networkLocation: /default-rack, certSerialId: null}, Type:RATIS, Factor:THREE, State:CLOSED]
 0.00% |█                                                                                                    |  0/1 Time: 0:02:24 0.00% |█                                                                                                    |  0/1 Time: 0:02:252019-09-16 17:58:59,609 [org.apache.ratis.server.impl.LogAppender$AppenderDaemon$$Lambda$507/793688760@40c0b097] ERROR ratis.XceiverServerRatis (XceiverServerRatis.java:triggerPipelineClose(568)) - pipeline Action CLOSE  on pipeline PipelineID=8976a1a2-b138-4af7-bd61-d5120ae2d385.Reason : 7631069e-55aa-48aa-a80c-68f378536a45 has not seen follower/s 59cccd2f-755e-4c45-a890-da01592df45f for 139699ms d2644fda-0f6b-4964-8120-db19826e02a4 for 139700ms
2019-09-16 17:58:59,609 [org.apache.ratis.server.impl.LogAppender$AppenderDaemon$$Lambda$507/793688760@373d288c] ERROR ratis.XceiverServerRatis (XceiverServerRatis.java:triggerPipelineClose(568)) - pipeline Action CLOSE  on pipeline PipelineID=8976a1a2-b138-4af7-bd61-d5120ae2d385.Reason : 7631069e-55aa-48aa-a80c-68f378536a45 has not seen follower/s 59cccd2f-755e-4c45-a890-da01592df45f for 139699ms d2644fda-0f6b-4964-8120-db19826e02a4 for 139700ms
2019-09-16 17:59:00,073 [d2644fda-0f6b-4964-8120-db19826e02a4@group-D5120AE2D385-SegmentedRaftLogWorker] WARN  segmented.SegmentedRaftLogWorker (SegmentedRaftLogWorker.java:getFromFuture(90)) - Timeout 13/~
org.apache.ratis.protocol.TimeoutIOException: Timeout 10s: WriteLog:19: (t:1, i:19), STATEMACHINELOGENTRY, client-B56BA4945CBF, cid=17-writeStateMachineData
	at org.apache.ratis.util.IOUtils.getFromFuture(IOUtils.java:87)
	at org.apache.ratis.server.raftlog.segmented.SegmentedRaftLogWorker$StateMachineDataPolicy.getFromFuture(SegmentedRaftLogWorker.java:87)
	at org.apache.ratis.server.raftlog.segmented.SegmentedRaftLogWorker$WriteLog.execute(SegmentedRaftLogWorker.java:477)
	at org.apache.ratis.server.raftlog.segmented.SegmentedRaftLogWorker.run(SegmentedRaftLogWorker.java:289)
	at java.lang.Thread.run(Thread.java:748)
Caused by: java.util.concurrent.TimeoutException
	at java.util.concurrent.CompletableFuture.timedGet(CompletableFuture.java:1771)
	at java.util.concurrent.CompletableFuture.get(CompletableFuture.java:1915)
	at org.apache.ratis.util.IOUtils.getFromFuture(IOUtils.java:79)
	... 4 more
2019-09-16 17:59:00,080 [59cccd2f-755e-4c45-a890-da01592df45f@group-D5120AE2D385-SegmentedRaftLogWorker] WARN  segmented.SegmentedRaftLogWorker (SegmentedRaftLogWorker.java:getFromFuture(90)) - Timeout 13/~
org.apache.ratis.protocol.TimeoutIOException: Timeout 10s: WriteLog:19: (t:1, i:19), STATEMACHINELOGENTRY, client-B56BA4945CBF, cid=17-writeStateMachineData
	at org.apache.ratis.util.IOUtils.getFromFuture(IOUtils.java:87)
	at org.apache.ratis.server.raftlog.segmented.SegmentedRaftLogWorker$StateMachineDataPolicy.getFromFuture(SegmentedRaftLogWorker.java:87)
	at org.apache.ratis.server.raftlog.segmented.SegmentedRaftLogWorker$WriteLog.execute(SegmentedRaftLogWorker.java:477)
	at org.apache.ratis.server.raftlog.segmented.SegmentedRaftLogWorker.run(SegmentedRaftLogWorker.java:289)
	at java.lang.Thread.run(Thread.java:748)
Caused by: java.util.concurrent.TimeoutException
	at java.util.concurrent.CompletableFuture.timedGet(CompletableFuture.java:1771)
	at java.util.concurrent.CompletableFuture.get(CompletableFuture.java:1915)
	at org.apache.ratis.util.IOUtils.getFromFuture(IOUtils.java:79)
	... 4 more
2019-09-16 17:59:00,082 [7631069e-55aa-48aa-a80c-68f378536a45@group-D5120AE2D385-SegmentedRaftLogWorker] WARN  segmented.SegmentedRaftLogWorker (SegmentedRaftLogWorker.java:getFromFuture(90)) - Timeout 13/~
org.apache.ratis.protocol.TimeoutIOException: Timeout 10s: WriteLog:19: (t:1, i:19), STATEMACHINELOGENTRY, client-B56BA4945CBF, cid=17-writeStateMachineData
	at org.apache.ratis.util.IOUtils.getFromFuture(IOUtils.java:87)
	at org.apache.ratis.server.raftlog.segmented.SegmentedRaftLogWorker$StateMachineDataPolicy.getFromFuture(SegmentedRaftLogWorker.java:87)
	at org.apache.ratis.server.raftlog.segmented.SegmentedRaftLogWorker$WriteLog.execute(SegmentedRaftLogWorker.java:477)
	at org.apache.ratis.server.raftlog.segmented.SegmentedRaftLogWorker.run(SegmentedRaftLogWorker.java:289)
	at java.lang.Thread.run(Thread.java:748)
Caused by: java.util.concurrent.TimeoutException
	at java.util.concurrent.CompletableFuture.timedGet(CompletableFuture.java:1771)
	at java.util.concurrent.CompletableFuture.get(CompletableFuture.java:1915)
	at org.apache.ratis.util.IOUtils.getFromFuture(IOUtils.java:79)
	... 4 more
2019-09-16 17:59:00,095 [EventQueue-PipelineActionsForPipelineActionHandler] ERROR pipeline.PipelineActionHandler (PipelineActionHandler.java:onMessage(60)) - Received pipeline action CLOSE for Pipeline[ Id: 8976a1a2-b138-4af7-bd61-d5120ae2d385, Nodes: d2644fda-0f6b-4964-8120-db19826e02a4{ip: 192.168.157.233, host: pr-hdds-2120-x62sn-1884063469, networkLocation: /default-rack, certSerialId: null}7631069e-55aa-48aa-a80c-68f378536a45{ip: 192.168.157.233, host: pr-hdds-2120-x62sn-1884063469, networkLocation: /default-rack, certSerialId: null}59cccd2f-755e-4c45-a890-da01592df45f{ip: 192.168.157.233, host: pr-hdds-2120-x62sn-1884063469, networkLocation: /default-rack, certSerialId: null}, Type:RATIS, Factor:THREE, State:CLOSED] from datanode 7631069e-55aa-48aa-a80c-68f378536a45{ip: 192.168.157.233, host: pr-hdds-2120-x62sn-1884063469, networkLocation: /default-rack, certSerialId: null}. Reason : 7631069e-55aa-48aa-a80c-68f378536a45 has not seen follower/s 59cccd2f-755e-4c45-a890-da01592df45f for 139699ms d2644fda-0f6b-4964-8120-db19826e02a4 for 139700ms
2019-09-16 17:59:00,095 [EventQueue-PipelineActionsForPipelineActionHandler] INFO  pipeline.SCMPipelineManager (SCMPipelineManager.java:finalizeAndDestroyPipeline(311)) - destroying pipeline:Pipeline[ Id: 8976a1a2-b138-4af7-bd61-d5120ae2d385, Nodes: d2644fda-0f6b-4964-8120-db19826e02a4{ip: 192.168.157.233, host: pr-hdds-2120-x62sn-1884063469, networkLocation: /default-rack, certSerialId: null}7631069e-55aa-48aa-a80c-68f378536a45{ip: 192.168.157.233, host: pr-hdds-2120-x62sn-1884063469, networkLocation: /default-rack, certSerialId: null}59cccd2f-755e-4c45-a890-da01592df45f{ip: 192.168.157.233, host: pr-hdds-2120-x62sn-1884063469, networkLocation: /default-rack, certSerialId: null}, Type:RATIS, Factor:THREE, State:CLOSED]
2019-09-16 17:59:00,107 [java.util.concurrent.ThreadPoolExecutor$Worker@aa10535[State = -1, empty queue]] WARN  server.GrpcLogAppender (GrpcLogAppender.java:timeoutAppendRequest(200)) - 7631069e-55aa-48aa-a80c-68f378536a45@group-D5120AE2D385->59cccd2f-755e-4c45-a890-da01592df45f-GrpcLogAppender: appendEntries Timeout, request=7631069e-55aa-48aa-a80c-68f378536a45->59cccd2f-755e-4c45-a890-da01592df45f#76-t1, previous=(t:1, i:21), leaderCommit=16, initializing? false, entries: <empty>
2019-09-16 17:59:00,109 [java.util.concurrent.ThreadPoolExecutor$Worker@2375ecdf[State = -1, empty queue]] WARN  server.GrpcLogAppender (GrpcLogAppender.java:timeoutAppendRequest(200)) - 7631069e-55aa-48aa-a80c-68f378536a45@group-D5120AE2D385->d2644fda-0f6b-4964-8120-db19826e02a4-GrpcLogAppender: appendEntries Timeout, request=7631069e-55aa-48aa-a80c-68f378536a45->d2644fda-0f6b-4964-8120-db19826e02a4#76-t1, previous=(t:1, i:21), leaderCommit=16, initializing? false, entries: <empty>
 0.00% |█                                                                                                    |  0/1 Time: 0:02:26 0.00% |█                                                                                                    |  0/1 Time: 0:02:272019-09-16 17:59:01,742 [grpc-default-executor-1] INFO  client.GrpcClientProtocolClient (GrpcClientProtocolClient.java:onNext(264)) - client-B56BA4945CBF->59cccd2f-755e-4c45-a890-da01592df45f: receive RaftClientReply:client-B56BA4945CBF->59cccd2f-755e-4c45-a890-da01592df45f@group-D5120AE2D385, cid=15, FAILED org.apache.ratis.protocol.NotLeaderException: Server 59cccd2f-755e-4c45-a890-da01592df45f@group-D5120AE2D385 is not the leader 7631069e-55aa-48aa-a80c-68f378536a45:192.168.157.233:39369, logIndex=0, commits[59cccd2f-755e-4c45-a890-da01592df45f:c16, 7631069e-55aa-48aa-a80c-68f378536a45:c16, d2644fda-0f6b-4964-8120-db19826e02a4:c12]
2019-09-16 17:59:02,111 [org.apache.ratis.server.impl.LogAppender$AppenderDaemon$$Lambda$507/793688760@40c0b097] ERROR ratis.XceiverServerRatis (XceiverServerRatis.java:triggerPipelineClose(568)) - pipeline Action CLOSE  on pipeline PipelineID=8976a1a2-b138-4af7-bd61-d5120ae2d385.Reason : 7631069e-55aa-48aa-a80c-68f378536a45 has not seen follower/s 59cccd2f-755e-4c45-a890-da01592df45f for 142201ms d2644fda-0f6b-4964-8120-db19826e02a4 for 142202ms
2019-09-16 17:59:02,111 [org.apache.ratis.server.impl.LogAppender$AppenderDaemon$$Lambda$507/793688760@373d288c] ERROR ratis.XceiverServerRatis (XceiverServerRatis.java:triggerPipelineClose(568)) - pipeline Action CLOSE  on pipeline PipelineID=8976a1a2-b138-4af7-bd61-d5120ae2d385.Reason : 7631069e-55aa-48aa-a80c-68f378536a45 has not seen follower/s 59cccd2f-755e-4c45-a890-da01592df45f for 142201ms d2644fda-0f6b-4964-8120-db19826e02a4 for 142202ms
 0.00% |█                                                                                                    |  0/1 Time: 0:02:282019-09-16 17:59:02,609 [java.util.concurrent.ThreadPoolExecutor$Worker@aa10535[State = -1, empty queue]] WARN  server.GrpcLogAppender (GrpcLogAppender.java:timeoutAppendRequest(200)) - 7631069e-55aa-48aa-a80c-68f378536a45@group-D5120AE2D385->59cccd2f-755e-4c45-a890-da01592df45f-GrpcLogAppender: appendEntries Timeout, request=7631069e-55aa-48aa-a80c-68f378536a45->59cccd2f-755e-4c45-a890-da01592df45f#77-t1, previous=(t:1, i:21), leaderCommit=16, initializing? false, entries: <empty>
2019-09-16 17:59:02,609 [java.util.concurrent.ThreadPoolExecutor$Worker@2375ecdf[State = -1, empty queue]] WARN  server.GrpcLogAppender (GrpcLogAppender.java:timeoutAppendRequest(200)) - 7631069e-55aa-48aa-a80c-68f378536a45@group-D5120AE2D385->d2644fda-0f6b-4964-8120-db19826e02a4-GrpcLogAppender: appendEntries Timeout, request=7631069e-55aa-48aa-a80c-68f378536a45->d2644fda-0f6b-4964-8120-db19826e02a4#77-t1, previous=(t:1, i:21), leaderCommit=16, initializing? false, entries: <empty>
2019-09-16 17:59:03,095 [EventQueue-PipelineActionsForPipelineActionHandler] ERROR pipeline.PipelineActionHandler (PipelineActionHandler.java:onMessage(60)) - Received pipeline action CLOSE for Pipeline[ Id: 8976a1a2-b138-4af7-bd61-d5120ae2d385, Nodes: d2644fda-0f6b-4964-8120-db19826e02a4{ip: 192.168.157.233, host: pr-hdds-2120-x62sn-1884063469, networkLocation: /default-rack, certSerialId: null}7631069e-55aa-48aa-a80c-68f378536a45{ip: 192.168.157.233, host: pr-hdds-2120-x62sn-1884063469, networkLocation: /default-rack, certSerialId: null}59cccd2f-755e-4c45-a890-da01592df45f{ip: 192.168.157.233, host: pr-hdds-2120-x62sn-1884063469, networkLocation: /default-rack, certSerialId: null}, Type:RATIS, Factor:THREE, State:CLOSED] from datanode 7631069e-55aa-48aa-a80c-68f378536a45{ip: 192.168.157.233, host: pr-hdds-2120-x62sn-1884063469, networkLocation: /default-rack, certSerialId: null}. Reason : 7631069e-55aa-48aa-a80c-68f378536a45 has not seen follower/s 59cccd2f-755e-4c45-a890-da01592df45f for 142201ms d2644fda-0f6b-4964-8120-db19826e02a4 for 142202ms
2019-09-16 17:59:03,096 [EventQueue-PipelineActionsForPipelineActionHandler] INFO  pipeline.SCMPipelineManager (SCMPipelineManager.java:finalizeAndDestroyPipeline(311)) - destroying pipeline:Pipeline[ Id: 8976a1a2-b138-4af7-bd61-d5120ae2d385, Nodes: d2644fda-0f6b-4964-8120-db19826e02a4{ip: 192.168.157.233, host: pr-hdds-2120-x62sn-1884063469, networkLocation: /default-rack, certSerialId: null}7631069e-55aa-48aa-a80c-68f378536a45{ip: 192.168.157.233, host: pr-hdds-2120-x62sn-1884063469, networkLocation: /default-rack, certSerialId: null}59cccd2f-755e-4c45-a890-da01592df45f{ip: 192.168.157.233, host: pr-hdds-2120-x62sn-1884063469, networkLocation: /default-rack, certSerialId: null}, Type:RATIS, Factor:THREE, State:CLOSED]
 0.00% |█                                                                                                    |  0/1 Time: 0:02:29 0.00% |█                                                                                                    |  0/1 Time: 0:02:302019-09-16 17:59:04,612 [org.apache.ratis.server.impl.LogAppender$AppenderDaemon$$Lambda$507/793688760@373d288c] ERROR ratis.XceiverServerRatis (XceiverServerRatis.java:triggerPipelineClose(568)) - pipeline Action CLOSE  on pipeline PipelineID=8976a1a2-b138-4af7-bd61-d5120ae2d385.Reason : 7631069e-55aa-48aa-a80c-68f378536a45 has not seen follower/s 59cccd2f-755e-4c45-a890-da01592df45f for 144702ms d2644fda-0f6b-4964-8120-db19826e02a4 for 144703ms
2019-09-16 17:59:04,615 [org.apache.ratis.server.impl.LogAppender$AppenderDaemon$$Lambda$507/793688760@40c0b097] ERROR ratis.XceiverServerRatis (XceiverServerRatis.java:triggerPipelineClose(568)) - pipeline Action CLOSE  on pipeline PipelineID=8976a1a2-b138-4af7-bd61-d5120ae2d385.Reason : 7631069e-55aa-48aa-a80c-68f378536a45 has not seen follower/s 59cccd2f-755e-4c45-a890-da01592df45f for 144702ms d2644fda-0f6b-4964-8120-db19826e02a4 for 144703ms
2019-09-16 17:59:05,096 [EventQueue-PipelineActionsForPipelineActionHandler] ERROR pipeline.PipelineActionHandler (PipelineActionHandler.java:onMessage(60)) - Received pipeline action CLOSE for Pipeline[ Id: 8976a1a2-b138-4af7-bd61-d5120ae2d385, Nodes: d2644fda-0f6b-4964-8120-db19826e02a4{ip: 192.168.157.233, host: pr-hdds-2120-x62sn-1884063469, networkLocation: /default-rack, certSerialId: null}7631069e-55aa-48aa-a80c-68f378536a45{ip: 192.168.157.233, host: pr-hdds-2120-x62sn-1884063469, networkLocation: /default-rack, certSerialId: null}59cccd2f-755e-4c45-a890-da01592df45f{ip: 192.168.157.233, host: pr-hdds-2120-x62sn-1884063469, networkLocation: /default-rack, certSerialId: null}, Type:RATIS, Factor:THREE, State:CLOSED] from datanode 7631069e-55aa-48aa-a80c-68f378536a45{ip: 192.168.157.233, host: pr-hdds-2120-x62sn-1884063469, networkLocation: /default-rack, certSerialId: null}. Reason : 7631069e-55aa-48aa-a80c-68f378536a45 has not seen follower/s 59cccd2f-755e-4c45-a890-da01592df45f for 144702ms d2644fda-0f6b-4964-8120-db19826e02a4 for 144703ms
2019-09-16 17:59:05,096 [EventQueue-PipelineActionsForPipelineActionHandler] INFO  pipeline.SCMPipelineManager (SCMPipelineManager.java:finalizeAndDestroyPipeline(311)) - destroying pipeline:Pipeline[ Id: 8976a1a2-b138-4af7-bd61-d5120ae2d385, Nodes: d2644fda-0f6b-4964-8120-db19826e02a4{ip: 192.168.157.233, host: pr-hdds-2120-x62sn-1884063469, networkLocation: /default-rack, certSerialId: null}7631069e-55aa-48aa-a80c-68f378536a45{ip: 192.168.157.233, host: pr-hdds-2120-x62sn-1884063469, networkLocation: /default-rack, certSerialId: null}59cccd2f-755e-4c45-a890-da01592df45f{ip: 192.168.157.233, host: pr-hdds-2120-x62sn-1884063469, networkLocation: /default-rack, certSerialId: null}, Type:RATIS, Factor:THREE, State:CLOSED]
2019-09-16 17:59:05,111 [java.util.concurrent.ThreadPoolExecutor$Worker@2375ecdf[State = -1, empty queue]] WARN  server.GrpcLogAppender (GrpcLogAppender.java:timeoutAppendRequest(200)) - 7631069e-55aa-48aa-a80c-68f378536a45@group-D5120AE2D385->d2644fda-0f6b-4964-8120-db19826e02a4-GrpcLogAppender: appendEntries Timeout, request=7631069e-55aa-48aa-a80c-68f378536a45->d2644fda-0f6b-4964-8120-db19826e02a4#78-t1, previous=(t:1, i:21), leaderCommit=16, initializing? false, entries: <empty>
2019-09-16 17:59:05,111 [java.util.concurrent.ThreadPoolExecutor$Worker@aa10535[State = -1, empty queue]] WARN  server.GrpcLogAppender (GrpcLogAppender.java:timeoutAppendRequest(200)) - 7631069e-55aa-48aa-a80c-68f378536a45@group-D5120AE2D385->59cccd2f-755e-4c45-a890-da01592df45f-GrpcLogAppender: appendEntries Timeout, request=7631069e-55aa-48aa-a80c-68f378536a45->59cccd2f-755e-4c45-a890-da01592df45f#78-t1, previous=(t:1, i:21), leaderCommit=16, initializing? false, entries: <empty>
 0.00% |█                                                                                                    |  0/1 Time: 0:02:31 0.00% |█                                                                                                    |  0/1 Time: 0:02:322019-09-16 17:59:06,790 [grpc-default-executor-2] INFO  client.GrpcClientProtocolClient (GrpcClientProtocolClient.java:onNext(264)) - client-B56BA4945CBF->d2644fda-0f6b-4964-8120-db19826e02a4: receive RaftClientReply:client-B56BA4945CBF->d2644fda-0f6b-4964-8120-db19826e02a4@group-D5120AE2D385, cid=15, FAILED org.apache.ratis.protocol.NotLeaderException: Server d2644fda-0f6b-4964-8120-db19826e02a4@group-D5120AE2D385 is not the leader 7631069e-55aa-48aa-a80c-68f378536a45:192.168.157.233:39369, logIndex=0, commits[d2644fda-0f6b-4964-8120-db19826e02a4:c16, 7631069e-55aa-48aa-a80c-68f378536a45:c16, 59cccd2f-755e-4c45-a890-da01592df45f:c12]
2019-09-16 17:59:07,114 [org.apache.ratis.server.impl.LogAppender$AppenderDaemon$$Lambda$507/793688760@40c0b097] ERROR ratis.XceiverServerRatis (XceiverServerRatis.java:triggerPipelineClose(568)) - pipeline Action CLOSE  on pipeline PipelineID=8976a1a2-b138-4af7-bd61-d5120ae2d385.Reason : 7631069e-55aa-48aa-a80c-68f378536a45 has not seen follower/s 59cccd2f-755e-4c45-a890-da01592df45f for 147203ms d2644fda-0f6b-4964-8120-db19826e02a4 for 147204ms
2019-09-16 17:59:07,114 [org.apache.ratis.server.impl.LogAppender$AppenderDaemon$$Lambda$507/793688760@373d288c] ERROR ratis.XceiverServerRatis (XceiverServerRatis.java:triggerPipelineClose(568)) - pipeline Action CLOSE  on pipeline PipelineID=8976a1a2-b138-4af7-bd61-d5120ae2d385.Reason : 7631069e-55aa-48aa-a80c-68f378536a45 has not seen follower/s 59cccd2f-755e-4c45-a890-da01592df45f for 147203ms d2644fda-0f6b-4964-8120-db19826e02a4 for 147204ms
 0.00% |█                                                                                                    |  0/1 Time: 0:02:332019-09-16 17:59:07,612 [java.util.concurrent.ThreadPoolExecutor$Worker@aa10535[State = -1, empty queue]] WARN  server.GrpcLogAppender (GrpcLogAppender.java:timeoutAppendRequest(200)) - 7631069e-55aa-48aa-a80c-68f378536a45@group-D5120AE2D385->59cccd2f-755e-4c45-a890-da01592df45f-GrpcLogAppender: appendEntries Timeout, request=7631069e-55aa-48aa-a80c-68f378536a45->59cccd2f-755e-4c45-a890-da01592df45f#79-t1, previous=(t:1, i:21), leaderCommit=16, initializing? false, entries: <empty>
2019-09-16 17:59:07,612 [java.util.concurrent.ThreadPoolExecutor$Worker@2375ecdf[State = -1, empty queue]] WARN  server.GrpcLogAppender (GrpcLogAppender.java:timeoutAppendRequest(200)) - 7631069e-55aa-48aa-a80c-68f378536a45@group-D5120AE2D385->d2644fda-0f6b-4964-8120-db19826e02a4-GrpcLogAppender: appendEntries Timeout, request=7631069e-55aa-48aa-a80c-68f378536a45->d2644fda-0f6b-4964-8120-db19826e02a4#79-t1, previous=(t:1, i:21), leaderCommit=16, initializing? false, entries: <empty>
2019-09-16 17:59:08,098 [EventQueue-PipelineActionsForPipelineActionHandler] ERROR pipeline.PipelineActionHandler (PipelineActionHandler.java:onMessage(60)) - Received pipeline action CLOSE for Pipeline[ Id: 8976a1a2-b138-4af7-bd61-d5120ae2d385, Nodes: d2644fda-0f6b-4964-8120-db19826e02a4{ip: 192.168.157.233, host: pr-hdds-2120-x62sn-1884063469, networkLocation: /default-rack, certSerialId: null}7631069e-55aa-48aa-a80c-68f378536a45{ip: 192.168.157.233, host: pr-hdds-2120-x62sn-1884063469, networkLocation: /default-rack, certSerialId: null}59cccd2f-755e-4c45-a890-da01592df45f{ip: 192.168.157.233, host: pr-hdds-2120-x62sn-1884063469, networkLocation: /default-rack, certSerialId: null}, Type:RATIS, Factor:THREE, State:CLOSED] from datanode 7631069e-55aa-48aa-a80c-68f378536a45{ip: 192.168.157.233, host: pr-hdds-2120-x62sn-1884063469, networkLocation: /default-rack, certSerialId: null}. Reason : 7631069e-55aa-48aa-a80c-68f378536a45 has not seen follower/s 59cccd2f-755e-4c45-a890-da01592df45f for 147203ms d2644fda-0f6b-4964-8120-db19826e02a4 for 147204ms
2019-09-16 17:59:08,098 [EventQueue-PipelineActionsForPipelineActionHandler] INFO  pipeline.SCMPipelineManager (SCMPipelineManager.java:finalizeAndDestroyPipeline(311)) - destroying pipeline:Pipeline[ Id: 8976a1a2-b138-4af7-bd61-d5120ae2d385, Nodes: d2644fda-0f6b-4964-8120-db19826e02a4{ip: 192.168.157.233, host: pr-hdds-2120-x62sn-1884063469, networkLocation: /default-rack, certSerialId: null}7631069e-55aa-48aa-a80c-68f378536a45{ip: 192.168.157.233, host: pr-hdds-2120-x62sn-1884063469, networkLocation: /default-rack, certSerialId: null}59cccd2f-755e-4c45-a890-da01592df45f{ip: 192.168.157.233, host: pr-hdds-2120-x62sn-1884063469, networkLocation: /default-rack, certSerialId: null}, Type:RATIS, Factor:THREE, State:CLOSED]
 0.00% |█                                                                                                    |  0/1 Time: 0:02:34 0.00% |█                                                                                                    |  0/1 Time: 0:02:352019-09-16 17:59:09,617 [org.apache.ratis.server.impl.LogAppender$AppenderDaemon$$Lambda$507/793688760@373d288c] ERROR ratis.XceiverServerRatis (XceiverServerRatis.java:triggerPipelineClose(568)) - pipeline Action CLOSE  on pipeline PipelineID=8976a1a2-b138-4af7-bd61-d5120ae2d385.Reason : 7631069e-55aa-48aa-a80c-68f378536a45 has not seen follower/s 59cccd2f-755e-4c45-a890-da01592df45f for 149706ms d2644fda-0f6b-4964-8120-db19826e02a4 for 149707ms
2019-09-16 17:59:09,617 [org.apache.ratis.server.impl.LogAppender$AppenderDaemon$$Lambda$507/793688760@40c0b097] ERROR ratis.XceiverServerRatis (XceiverServerRatis.java:triggerPipelineClose(568)) - pipeline Action CLOSE  on pipeline PipelineID=8976a1a2-b138-4af7-bd61-d5120ae2d385.Reason : 7631069e-55aa-48aa-a80c-68f378536a45 has not seen follower/s 59cccd2f-755e-4c45-a890-da01592df45f for 149706ms d2644fda-0f6b-4964-8120-db19826e02a4 for 149707ms
2019-09-16 17:59:10,075 [d2644fda-0f6b-4964-8120-db19826e02a4@group-D5120AE2D385-SegmentedRaftLogWorker] WARN  segmented.SegmentedRaftLogWorker (SegmentedRaftLogWorker.java:getFromFuture(90)) - Timeout 14/~
org.apache.ratis.protocol.TimeoutIOException: Timeout 10s: WriteLog:19: (t:1, i:19), STATEMACHINELOGENTRY, client-B56BA4945CBF, cid=17-writeStateMachineData
	at org.apache.ratis.util.IOUtils.getFromFuture(IOUtils.java:87)
	at org.apache.ratis.server.raftlog.segmented.SegmentedRaftLogWorker$StateMachineDataPolicy.getFromFuture(SegmentedRaftLogWorker.java:87)
	at org.apache.ratis.server.raftlog.segmented.SegmentedRaftLogWorker$WriteLog.execute(SegmentedRaftLogWorker.java:477)
	at org.apache.ratis.server.raftlog.segmented.SegmentedRaftLogWorker.run(SegmentedRaftLogWorker.java:289)
	at java.lang.Thread.run(Thread.java:748)
Caused by: java.util.concurrent.TimeoutException
	at java.util.concurrent.CompletableFuture.timedGet(CompletableFuture.java:1771)
	at java.util.concurrent.CompletableFuture.get(CompletableFuture.java:1915)
	at org.apache.ratis.util.IOUtils.getFromFuture(IOUtils.java:79)
	... 4 more
2019-09-16 17:59:10,081 [59cccd2f-755e-4c45-a890-da01592df45f@group-D5120AE2D385-SegmentedRaftLogWorker] WARN  segmented.SegmentedRaftLogWorker (SegmentedRaftLogWorker.java:getFromFuture(90)) - Timeout 14/~
org.apache.ratis.protocol.TimeoutIOException: Timeout 10s: WriteLog:19: (t:1, i:19), STATEMACHINELOGENTRY, client-B56BA4945CBF, cid=17-writeStateMachineData
	at org.apache.ratis.util.IOUtils.getFromFuture(IOUtils.java:87)
	at org.apache.ratis.server.raftlog.segmented.SegmentedRaftLogWorker$StateMachineDataPolicy.getFromFuture(SegmentedRaftLogWorker.java:87)
	at org.apache.ratis.server.raftlog.segmented.SegmentedRaftLogWorker$WriteLog.execute(SegmentedRaftLogWorker.java:477)
	at org.apache.ratis.server.raftlog.segmented.SegmentedRaftLogWorker.run(SegmentedRaftLogWorker.java:289)
	at java.lang.Thread.run(Thread.java:748)
Caused by: java.util.concurrent.TimeoutException
	at java.util.concurrent.CompletableFuture.timedGet(CompletableFuture.java:1771)
	at java.util.concurrent.CompletableFuture.get(CompletableFuture.java:1915)
	at org.apache.ratis.util.IOUtils.getFromFuture(IOUtils.java:79)
	... 4 more
2019-09-16 17:59:10,082 [7631069e-55aa-48aa-a80c-68f378536a45@group-D5120AE2D385-SegmentedRaftLogWorker] WARN  segmented.SegmentedRaftLogWorker (SegmentedRaftLogWorker.java:getFromFuture(90)) - Timeout 14/~
org.apache.ratis.protocol.TimeoutIOException: Timeout 10s: WriteLog:19: (t:1, i:19), STATEMACHINELOGENTRY, client-B56BA4945CBF, cid=17-writeStateMachineData
	at org.apache.ratis.util.IOUtils.getFromFuture(IOUtils.java:87)
	at org.apache.ratis.server.raftlog.segmented.SegmentedRaftLogWorker$StateMachineDataPolicy.getFromFuture(SegmentedRaftLogWorker.java:87)
	at org.apache.ratis.server.raftlog.segmented.SegmentedRaftLogWorker$WriteLog.execute(SegmentedRaftLogWorker.java:477)
	at org.apache.ratis.server.raftlog.segmented.SegmentedRaftLogWorker.run(SegmentedRaftLogWorker.java:289)
	at java.lang.Thread.run(Thread.java:748)
Caused by: java.util.concurrent.TimeoutException
	at java.util.concurrent.CompletableFuture.timedGet(CompletableFuture.java:1771)
	at java.util.concurrent.CompletableFuture.get(CompletableFuture.java:1915)
	at org.apache.ratis.util.IOUtils.getFromFuture(IOUtils.java:79)
	... 4 more
2019-09-16 17:59:10,099 [EventQueue-PipelineActionsForPipelineActionHandler] ERROR pipeline.PipelineActionHandler (PipelineActionHandler.java:onMessage(60)) - Received pipeline action CLOSE for Pipeline[ Id: 8976a1a2-b138-4af7-bd61-d5120ae2d385, Nodes: d2644fda-0f6b-4964-8120-db19826e02a4{ip: 192.168.157.233, host: pr-hdds-2120-x62sn-1884063469, networkLocation: /default-rack, certSerialId: null}7631069e-55aa-48aa-a80c-68f378536a45{ip: 192.168.157.233, host: pr-hdds-2120-x62sn-1884063469, networkLocation: /default-rack, certSerialId: null}59cccd2f-755e-4c45-a890-da01592df45f{ip: 192.168.157.233, host: pr-hdds-2120-x62sn-1884063469, networkLocation: /default-rack, certSerialId: null}, Type:RATIS, Factor:THREE, State:CLOSED] from datanode 7631069e-55aa-48aa-a80c-68f378536a45{ip: 192.168.157.233, host: pr-hdds-2120-x62sn-1884063469, networkLocation: /default-rack, certSerialId: null}. Reason : 7631069e-55aa-48aa-a80c-68f378536a45 has not seen follower/s 59cccd2f-755e-4c45-a890-da01592df45f for 149706ms d2644fda-0f6b-4964-8120-db19826e02a4 for 149707ms
2019-09-16 17:59:10,100 [EventQueue-PipelineActionsForPipelineActionHandler] INFO  pipeline.SCMPipelineManager (SCMPipelineManager.java:finalizeAndDestroyPipeline(311)) - destroying pipeline:Pipeline[ Id: 8976a1a2-b138-4af7-bd61-d5120ae2d385, Nodes: d2644fda-0f6b-4964-8120-db19826e02a4{ip: 192.168.157.233, host: pr-hdds-2120-x62sn-1884063469, networkLocation: /default-rack, certSerialId: null}7631069e-55aa-48aa-a80c-68f378536a45{ip: 192.168.157.233, host: pr-hdds-2120-x62sn-1884063469, networkLocation: /default-rack, certSerialId: null}59cccd2f-755e-4c45-a890-da01592df45f{ip: 192.168.157.233, host: pr-hdds-2120-x62sn-1884063469, networkLocation: /default-rack, certSerialId: null}, Type:RATIS, Factor:THREE, State:CLOSED]
2019-09-16 17:59:10,114 [java.util.concurrent.ThreadPoolExecutor$Worker@aa10535[State = -1, empty queue]] WARN  server.GrpcLogAppender (GrpcLogAppender.java:timeoutAppendRequest(200)) - 7631069e-55aa-48aa-a80c-68f378536a45@group-D5120AE2D385->59cccd2f-755e-4c45-a890-da01592df45f-GrpcLogAppender: appendEntries Timeout, request=7631069e-55aa-48aa-a80c-68f378536a45->59cccd2f-755e-4c45-a890-da01592df45f#80-t1, previous=(t:1, i:21), leaderCommit=16, initializing? false, entries: <empty>
2019-09-16 17:59:10,114 [java.util.concurrent.ThreadPoolExecutor$Worker@2375ecdf[State = -1, empty queue]] WARN  server.GrpcLogAppender (GrpcLogAppender.java:timeoutAppendRequest(200)) - 7631069e-55aa-48aa-a80c-68f378536a45@group-D5120AE2D385->d2644fda-0f6b-4964-8120-db19826e02a4-GrpcLogAppender: appendEntries Timeout, request=7631069e-55aa-48aa-a80c-68f378536a45->d2644fda-0f6b-4964-8120-db19826e02a4#80-t1, previous=(t:1, i:21), leaderCommit=16, initializing? false, entries: <empty>
 0.00% |█                                                                                                    |  0/1 Time: 0:02:36 0.00% |█                                                                                                    |  0/1 Time: 0:02:372019-09-16 17:59:11,843 [grpc-default-executor-1] INFO  client.GrpcClientProtocolClient (GrpcClientProtocolClient.java:onNext(264)) - client-B56BA4945CBF->d2644fda-0f6b-4964-8120-db19826e02a4: receive RaftClientReply:client-B56BA4945CBF->d2644fda-0f6b-4964-8120-db19826e02a4@group-D5120AE2D385, cid=15, FAILED org.apache.ratis.protocol.NotLeaderException: Server d2644fda-0f6b-4964-8120-db19826e02a4@group-D5120AE2D385 is not the leader 7631069e-55aa-48aa-a80c-68f378536a45:192.168.157.233:39369, logIndex=0, commits[d2644fda-0f6b-4964-8120-db19826e02a4:c16, 7631069e-55aa-48aa-a80c-68f378536a45:c16, 59cccd2f-755e-4c45-a890-da01592df45f:c12]
2019-09-16 17:59:12,117 [org.apache.ratis.server.impl.LogAppender$AppenderDaemon$$Lambda$507/793688760@373d288c] ERROR ratis.XceiverServerRatis (XceiverServerRatis.java:triggerPipelineClose(568)) - pipeline Action CLOSE  on pipeline PipelineID=8976a1a2-b138-4af7-bd61-d5120ae2d385.Reason : 7631069e-55aa-48aa-a80c-68f378536a45 has not seen follower/s 59cccd2f-755e-4c45-a890-da01592df45f for 152207ms d2644fda-0f6b-4964-8120-db19826e02a4 for 152208ms
2019-09-16 17:59:12,117 [org.apache.ratis.server.impl.LogAppender$AppenderDaemon$$Lambda$507/793688760@40c0b097] ERROR ratis.XceiverServerRatis (XceiverServerRatis.java:triggerPipelineClose(568)) - pipeline Action CLOSE  on pipeline PipelineID=8976a1a2-b138-4af7-bd61-d5120ae2d385.Reason : 7631069e-55aa-48aa-a80c-68f378536a45 has not seen follower/s 59cccd2f-755e-4c45-a890-da01592df45f for 152207ms d2644fda-0f6b-4964-8120-db19826e02a4 for 152208ms
 0.00% |█                                                                                                    |  0/1 Time: 0:02:382019-09-16 17:59:12,616 [java.util.concurrent.ThreadPoolExecutor$Worker@2375ecdf[State = -1, empty queue]] WARN  server.GrpcLogAppender (GrpcLogAppender.java:timeoutAppendRequest(200)) - 7631069e-55aa-48aa-a80c-68f378536a45@group-D5120AE2D385->d2644fda-0f6b-4964-8120-db19826e02a4-GrpcLogAppender: appendEntries Timeout, request=7631069e-55aa-48aa-a80c-68f378536a45->d2644fda-0f6b-4964-8120-db19826e02a4#81-t1, previous=(t:1, i:21), leaderCommit=16, initializing? false, entries: <empty>
2019-09-16 17:59:12,616 [java.util.concurrent.ThreadPoolExecutor$Worker@aa10535[State = -1, empty queue]] WARN  server.GrpcLogAppender (GrpcLogAppender.java:timeoutAppendRequest(200)) - 7631069e-55aa-48aa-a80c-68f378536a45@group-D5120AE2D385->59cccd2f-755e-4c45-a890-da01592df45f-GrpcLogAppender: appendEntries Timeout, request=7631069e-55aa-48aa-a80c-68f378536a45->59cccd2f-755e-4c45-a890-da01592df45f#81-t1, previous=(t:1, i:21), leaderCommit=16, initializing? false, entries: <empty>
2019-09-16 17:59:13,099 [EventQueue-PipelineActionsForPipelineActionHandler] ERROR pipeline.PipelineActionHandler (PipelineActionHandler.java:onMessage(60)) - Received pipeline action CLOSE for Pipeline[ Id: 8976a1a2-b138-4af7-bd61-d5120ae2d385, Nodes: d2644fda-0f6b-4964-8120-db19826e02a4{ip: 192.168.157.233, host: pr-hdds-2120-x62sn-1884063469, networkLocation: /default-rack, certSerialId: null}7631069e-55aa-48aa-a80c-68f378536a45{ip: 192.168.157.233, host: pr-hdds-2120-x62sn-1884063469, networkLocation: /default-rack, certSerialId: null}59cccd2f-755e-4c45-a890-da01592df45f{ip: 192.168.157.233, host: pr-hdds-2120-x62sn-1884063469, networkLocation: /default-rack, certSerialId: null}, Type:RATIS, Factor:THREE, State:CLOSED] from datanode 7631069e-55aa-48aa-a80c-68f378536a45{ip: 192.168.157.233, host: pr-hdds-2120-x62sn-1884063469, networkLocation: /default-rack, certSerialId: null}. Reason : 7631069e-55aa-48aa-a80c-68f378536a45 has not seen follower/s 59cccd2f-755e-4c45-a890-da01592df45f for 152207ms d2644fda-0f6b-4964-8120-db19826e02a4 for 152208ms
2019-09-16 17:59:13,100 [EventQueue-PipelineActionsForPipelineActionHandler] INFO  pipeline.SCMPipelineManager (SCMPipelineManager.java:finalizeAndDestroyPipeline(311)) - destroying pipeline:Pipeline[ Id: 8976a1a2-b138-4af7-bd61-d5120ae2d385, Nodes: d2644fda-0f6b-4964-8120-db19826e02a4{ip: 192.168.157.233, host: pr-hdds-2120-x62sn-1884063469, networkLocation: /default-rack, certSerialId: null}7631069e-55aa-48aa-a80c-68f378536a45{ip: 192.168.157.233, host: pr-hdds-2120-x62sn-1884063469, networkLocation: /default-rack, certSerialId: null}59cccd2f-755e-4c45-a890-da01592df45f{ip: 192.168.157.233, host: pr-hdds-2120-x62sn-1884063469, networkLocation: /default-rack, certSerialId: null}, Type:RATIS, Factor:THREE, State:CLOSED]
 0.00% |█                                                                                                    |  0/1 Time: 0:02:39 0.00% |█                                                                                                    |  0/1 Time: 0:02:402019-09-16 17:59:14,619 [org.apache.ratis.server.impl.LogAppender$AppenderDaemon$$Lambda$507/793688760@40c0b097] ERROR ratis.XceiverServerRatis (XceiverServerRatis.java:triggerPipelineClose(568)) - pipeline Action CLOSE  on pipeline PipelineID=8976a1a2-b138-4af7-bd61-d5120ae2d385.Reason : 7631069e-55aa-48aa-a80c-68f378536a45 has not seen follower/s 59cccd2f-755e-4c45-a890-da01592df45f for 154709ms d2644fda-0f6b-4964-8120-db19826e02a4 for 154710ms
2019-09-16 17:59:14,619 [org.apache.ratis.server.impl.LogAppender$AppenderDaemon$$Lambda$507/793688760@373d288c] ERROR ratis.XceiverServerRatis (XceiverServerRatis.java:triggerPipelineClose(568)) - pipeline Action CLOSE  on pipeline PipelineID=8976a1a2-b138-4af7-bd61-d5120ae2d385.Reason : 7631069e-55aa-48aa-a80c-68f378536a45 has not seen follower/s 59cccd2f-755e-4c45-a890-da01592df45f for 154709ms d2644fda-0f6b-4964-8120-db19826e02a4 for 154710ms
2019-09-16 17:59:15,097 [EventQueue-PipelineActionsForPipelineActionHandler] ERROR pipeline.PipelineActionHandler (PipelineActionHandler.java:onMessage(60)) - Received pipeline action CLOSE for Pipeline[ Id: 8976a1a2-b138-4af7-bd61-d5120ae2d385, Nodes: d2644fda-0f6b-4964-8120-db19826e02a4{ip: 192.168.157.233, host: pr-hdds-2120-x62sn-1884063469, networkLocation: /default-rack, certSerialId: null}7631069e-55aa-48aa-a80c-68f378536a45{ip: 192.168.157.233, host: pr-hdds-2120-x62sn-1884063469, networkLocation: /default-rack, certSerialId: null}59cccd2f-755e-4c45-a890-da01592df45f{ip: 192.168.157.233, host: pr-hdds-2120-x62sn-1884063469, networkLocation: /default-rack, certSerialId: null}, Type:RATIS, Factor:THREE, State:CLOSED] from datanode 7631069e-55aa-48aa-a80c-68f378536a45{ip: 192.168.157.233, host: pr-hdds-2120-x62sn-1884063469, networkLocation: /default-rack, certSerialId: null}. Reason : 7631069e-55aa-48aa-a80c-68f378536a45 has not seen follower/s 59cccd2f-755e-4c45-a890-da01592df45f for 154709ms d2644fda-0f6b-4964-8120-db19826e02a4 for 154710ms
2019-09-16 17:59:15,098 [EventQueue-PipelineActionsForPipelineActionHandler] INFO  pipeline.SCMPipelineManager (SCMPipelineManager.java:finalizeAndDestroyPipeline(311)) - destroying pipeline:Pipeline[ Id: 8976a1a2-b138-4af7-bd61-d5120ae2d385, Nodes: d2644fda-0f6b-4964-8120-db19826e02a4{ip: 192.168.157.233, host: pr-hdds-2120-x62sn-1884063469, networkLocation: /default-rack, certSerialId: null}7631069e-55aa-48aa-a80c-68f378536a45{ip: 192.168.157.233, host: pr-hdds-2120-x62sn-1884063469, networkLocation: /default-rack, certSerialId: null}59cccd2f-755e-4c45-a890-da01592df45f{ip: 192.168.157.233, host: pr-hdds-2120-x62sn-1884063469, networkLocation: /default-rack, certSerialId: null}, Type:RATIS, Factor:THREE, State:CLOSED]
2019-09-16 17:59:15,117 [java.util.concurrent.ThreadPoolExecutor$Worker@aa10535[State = -1, empty queue]] WARN  server.GrpcLogAppender (GrpcLogAppender.java:timeoutAppendRequest(200)) - 7631069e-55aa-48aa-a80c-68f378536a45@group-D5120AE2D385->59cccd2f-755e-4c45-a890-da01592df45f-GrpcLogAppender: appendEntries Timeout, request=7631069e-55aa-48aa-a80c-68f378536a45->59cccd2f-755e-4c45-a890-da01592df45f#82-t1, previous=(t:1, i:21), leaderCommit=16, initializing? false, entries: <empty>
2019-09-16 17:59:15,117 [java.util.concurrent.ThreadPoolExecutor$Worker@2375ecdf[State = -1, empty queue]] WARN  server.GrpcLogAppender (GrpcLogAppender.java:timeoutAppendRequest(200)) - 7631069e-55aa-48aa-a80c-68f378536a45@group-D5120AE2D385->d2644fda-0f6b-4964-8120-db19826e02a4-GrpcLogAppender: appendEntries Timeout, request=7631069e-55aa-48aa-a80c-68f378536a45->d2644fda-0f6b-4964-8120-db19826e02a4#82-t1, previous=(t:1, i:21), leaderCommit=16, initializing? false, entries: <empty>
 0.00% |█                                                                                                    |  0/1 Time: 0:02:41 0.00% |█                                                                                                    |  0/1 Time: 0:02:422019-09-16 17:59:16,890 [grpc-default-executor-3] INFO  client.GrpcClientProtocolClient (GrpcClientProtocolClient.java:onNext(264)) - client-B56BA4945CBF->59cccd2f-755e-4c45-a890-da01592df45f: receive RaftClientReply:client-B56BA4945CBF->59cccd2f-755e-4c45-a890-da01592df45f@group-D5120AE2D385, cid=15, FAILED org.apache.ratis.protocol.NotLeaderException: Server 59cccd2f-755e-4c45-a890-da01592df45f@group-D5120AE2D385 is not the leader 7631069e-55aa-48aa-a80c-68f378536a45:192.168.157.233:39369, logIndex=0, commits[59cccd2f-755e-4c45-a890-da01592df45f:c16, 7631069e-55aa-48aa-a80c-68f378536a45:c16, d2644fda-0f6b-4964-8120-db19826e02a4:c12]
2019-09-16 17:59:17,120 [org.apache.ratis.server.impl.LogAppender$AppenderDaemon$$Lambda$507/793688760@40c0b097] ERROR ratis.XceiverServerRatis (XceiverServerRatis.java:triggerPipelineClose(568)) - pipeline Action CLOSE  on pipeline PipelineID=8976a1a2-b138-4af7-bd61-d5120ae2d385.Reason : 7631069e-55aa-48aa-a80c-68f378536a45 has not seen follower/s 59cccd2f-755e-4c45-a890-da01592df45f for 157209ms d2644fda-0f6b-4964-8120-db19826e02a4 for 157210ms
2019-09-16 17:59:17,120 [org.apache.ratis.server.impl.LogAppender$AppenderDaemon$$Lambda$507/793688760@373d288c] ERROR ratis.XceiverServerRatis (XceiverServerRatis.java:triggerPipelineClose(568)) - pipeline Action CLOSE  on pipeline PipelineID=8976a1a2-b138-4af7-bd61-d5120ae2d385.Reason : 7631069e-55aa-48aa-a80c-68f378536a45 has not seen follower/s 59cccd2f-755e-4c45-a890-da01592df45f for 157210ms d2644fda-0f6b-4964-8120-db19826e02a4 for 157211ms
 0.00% |█                                                                                                    |  0/1 Time: 0:02:432019-09-16 17:59:17,619 [java.util.concurrent.ThreadPoolExecutor$Worker@aa10535[State = -1, empty queue]] WARN  server.GrpcLogAppender (GrpcLogAppender.java:timeoutAppendRequest(200)) - 7631069e-55aa-48aa-a80c-68f378536a45@group-D5120AE2D385->59cccd2f-755e-4c45-a890-da01592df45f-GrpcLogAppender: appendEntries Timeout, request=7631069e-55aa-48aa-a80c-68f378536a45->59cccd2f-755e-4c45-a890-da01592df45f#83-t1, previous=(t:1, i:21), leaderCommit=16, initializing? false, entries: <empty>
2019-09-16 17:59:17,619 [java.util.concurrent.ThreadPoolExecutor$Worker@2375ecdf[State = -1, empty queue]] WARN  server.GrpcLogAppender (GrpcLogAppender.java:timeoutAppendRequest(200)) - 7631069e-55aa-48aa-a80c-68f378536a45@group-D5120AE2D385->d2644fda-0f6b-4964-8120-db19826e02a4-GrpcLogAppender: appendEntries Timeout, request=7631069e-55aa-48aa-a80c-68f378536a45->d2644fda-0f6b-4964-8120-db19826e02a4#83-t1, previous=(t:1, i:21), leaderCommit=16, initializing? false, entries: <empty>
2019-09-16 17:59:18,100 [EventQueue-PipelineActionsForPipelineActionHandler] ERROR pipeline.PipelineActionHandler (PipelineActionHandler.java:onMessage(60)) - Received pipeline action CLOSE for Pipeline[ Id: 8976a1a2-b138-4af7-bd61-d5120ae2d385, Nodes: d2644fda-0f6b-4964-8120-db19826e02a4{ip: 192.168.157.233, host: pr-hdds-2120-x62sn-1884063469, networkLocation: /default-rack, certSerialId: null}7631069e-55aa-48aa-a80c-68f378536a45{ip: 192.168.157.233, host: pr-hdds-2120-x62sn-1884063469, networkLocation: /default-rack, certSerialId: null}59cccd2f-755e-4c45-a890-da01592df45f{ip: 192.168.157.233, host: pr-hdds-2120-x62sn-1884063469, networkLocation: /default-rack, certSerialId: null}, Type:RATIS, Factor:THREE, State:CLOSED] from datanode 7631069e-55aa-48aa-a80c-68f378536a45{ip: 192.168.157.233, host: pr-hdds-2120-x62sn-1884063469, networkLocation: /default-rack, certSerialId: null}. Reason : 7631069e-55aa-48aa-a80c-68f378536a45 has not seen follower/s 59cccd2f-755e-4c45-a890-da01592df45f for 157209ms d2644fda-0f6b-4964-8120-db19826e02a4 for 157210ms
2019-09-16 17:59:18,101 [EventQueue-PipelineActionsForPipelineActionHandler] INFO  pipeline.SCMPipelineManager (SCMPipelineManager.java:finalizeAndDestroyPipeline(311)) - destroying pipeline:Pipeline[ Id: 8976a1a2-b138-4af7-bd61-d5120ae2d385, Nodes: d2644fda-0f6b-4964-8120-db19826e02a4{ip: 192.168.157.233, host: pr-hdds-2120-x62sn-1884063469, networkLocation: /default-rack, certSerialId: null}7631069e-55aa-48aa-a80c-68f378536a45{ip: 192.168.157.233, host: pr-hdds-2120-x62sn-1884063469, networkLocation: /default-rack, certSerialId: null}59cccd2f-755e-4c45-a890-da01592df45f{ip: 192.168.157.233, host: pr-hdds-2120-x62sn-1884063469, networkLocation: /default-rack, certSerialId: null}, Type:RATIS, Factor:THREE, State:CLOSED]
 0.00% |█                                                                                                    |  0/1 Time: 0:02:44 0.00% |█                                                                                                    |  0/1 Time: 0:02:452019-09-16 17:59:19,622 [org.apache.ratis.server.impl.LogAppender$AppenderDaemon$$Lambda$507/793688760@373d288c] ERROR ratis.XceiverServerRatis (XceiverServerRatis.java:triggerPipelineClose(568)) - pipeline Action CLOSE  on pipeline PipelineID=8976a1a2-b138-4af7-bd61-d5120ae2d385.Reason : 7631069e-55aa-48aa-a80c-68f378536a45 has not seen follower/s 59cccd2f-755e-4c45-a890-da01592df45f for 159711ms d2644fda-0f6b-4964-8120-db19826e02a4 for 159712ms
2019-09-16 17:59:19,622 [org.apache.ratis.server.impl.LogAppender$AppenderDaemon$$Lambda$507/793688760@40c0b097] ERROR ratis.XceiverServerRatis (XceiverServerRatis.java:triggerPipelineClose(568)) - pipeline Action CLOSE  on pipeline PipelineID=8976a1a2-b138-4af7-bd61-d5120ae2d385.Reason : 7631069e-55aa-48aa-a80c-68f378536a45 has not seen follower/s 59cccd2f-755e-4c45-a890-da01592df45f for 159711ms d2644fda-0f6b-4964-8120-db19826e02a4 for 159712ms
2019-09-16 17:59:20,077 [d2644fda-0f6b-4964-8120-db19826e02a4@group-D5120AE2D385-SegmentedRaftLogWorker] WARN  segmented.SegmentedRaftLogWorker (SegmentedRaftLogWorker.java:getFromFuture(90)) - Timeout 15/~
org.apache.ratis.protocol.TimeoutIOException: Timeout 10s: WriteLog:19: (t:1, i:19), STATEMACHINELOGENTRY, client-B56BA4945CBF, cid=17-writeStateMachineData
	at org.apache.ratis.util.IOUtils.getFromFuture(IOUtils.java:87)
	at org.apache.ratis.server.raftlog.segmented.SegmentedRaftLogWorker$StateMachineDataPolicy.getFromFuture(SegmentedRaftLogWorker.java:87)
	at org.apache.ratis.server.raftlog.segmented.SegmentedRaftLogWorker$WriteLog.execute(SegmentedRaftLogWorker.java:477)
	at org.apache.ratis.server.raftlog.segmented.SegmentedRaftLogWorker.run(SegmentedRaftLogWorker.java:289)
	at java.lang.Thread.run(Thread.java:748)
Caused by: java.util.concurrent.TimeoutException
	at java.util.concurrent.CompletableFuture.timedGet(CompletableFuture.java:1771)
	at java.util.concurrent.CompletableFuture.get(CompletableFuture.java:1915)
	at org.apache.ratis.util.IOUtils.getFromFuture(IOUtils.java:79)
	... 4 more
2019-09-16 17:59:20,082 [59cccd2f-755e-4c45-a890-da01592df45f@group-D5120AE2D385-SegmentedRaftLogWorker] WARN  segmented.SegmentedRaftLogWorker (SegmentedRaftLogWorker.java:getFromFuture(90)) - Timeout 15/~
org.apache.ratis.protocol.TimeoutIOException: Timeout 10s: WriteLog:19: (t:1, i:19), STATEMACHINELOGENTRY, client-B56BA4945CBF, cid=17-writeStateMachineData
	at org.apache.ratis.util.IOUtils.getFromFuture(IOUtils.java:87)
	at org.apache.ratis.server.raftlog.segmented.SegmentedRaftLogWorker$StateMachineDataPolicy.getFromFuture(SegmentedRaftLogWorker.java:87)
	at org.apache.ratis.server.raftlog.segmented.SegmentedRaftLogWorker$WriteLog.execute(SegmentedRaftLogWorker.java:477)
	at org.apache.ratis.server.raftlog.segmented.SegmentedRaftLogWorker.run(SegmentedRaftLogWorker.java:289)
	at java.lang.Thread.run(Thread.java:748)
Caused by: java.util.concurrent.TimeoutException
	at java.util.concurrent.CompletableFuture.timedGet(CompletableFuture.java:1771)
	at java.util.concurrent.CompletableFuture.get(CompletableFuture.java:1915)
	at org.apache.ratis.util.IOUtils.getFromFuture(IOUtils.java:79)
	... 4 more
2019-09-16 17:59:20,095 [7631069e-55aa-48aa-a80c-68f378536a45@group-D5120AE2D385-SegmentedRaftLogWorker] WARN  segmented.SegmentedRaftLogWorker (SegmentedRaftLogWorker.java:getFromFuture(90)) - Timeout 15/~
org.apache.ratis.protocol.TimeoutIOException: Timeout 10s: WriteLog:19: (t:1, i:19), STATEMACHINELOGENTRY, client-B56BA4945CBF, cid=17-writeStateMachineData
	at org.apache.ratis.util.IOUtils.getFromFuture(IOUtils.java:87)
	at org.apache.ratis.server.raftlog.segmented.SegmentedRaftLogWorker$StateMachineDataPolicy.getFromFuture(SegmentedRaftLogWorker.java:87)
	at org.apache.ratis.server.raftlog.segmented.SegmentedRaftLogWorker$WriteLog.execute(SegmentedRaftLogWorker.java:477)
	at org.apache.ratis.server.raftlog.segmented.SegmentedRaftLogWorker.run(SegmentedRaftLogWorker.java:289)
	at java.lang.Thread.run(Thread.java:748)
Caused by: java.util.concurrent.TimeoutException
	at java.util.concurrent.CompletableFuture.timedGet(CompletableFuture.java:1771)
	at java.util.concurrent.CompletableFuture.get(CompletableFuture.java:1915)
	at org.apache.ratis.util.IOUtils.getFromFuture(IOUtils.java:79)
	... 4 more
2019-09-16 17:59:20,100 [EventQueue-PipelineActionsForPipelineActionHandler] ERROR pipeline.PipelineActionHandler (PipelineActionHandler.java:onMessage(60)) - Received pipeline action CLOSE for Pipeline[ Id: 8976a1a2-b138-4af7-bd61-d5120ae2d385, Nodes: d2644fda-0f6b-4964-8120-db19826e02a4{ip: 192.168.157.233, host: pr-hdds-2120-x62sn-1884063469, networkLocation: /default-rack, certSerialId: null}7631069e-55aa-48aa-a80c-68f378536a45{ip: 192.168.157.233, host: pr-hdds-2120-x62sn-1884063469, networkLocation: /default-rack, certSerialId: null}59cccd2f-755e-4c45-a890-da01592df45f{ip: 192.168.157.233, host: pr-hdds-2120-x62sn-1884063469, networkLocation: /default-rack, certSerialId: null}, Type:RATIS, Factor:THREE, State:CLOSED] from datanode 7631069e-55aa-48aa-a80c-68f378536a45{ip: 192.168.157.233, host: pr-hdds-2120-x62sn-1884063469, networkLocation: /default-rack, certSerialId: null}. Reason : 7631069e-55aa-48aa-a80c-68f378536a45 has not seen follower/s 59cccd2f-755e-4c45-a890-da01592df45f for 159711ms d2644fda-0f6b-4964-8120-db19826e02a4 for 159712ms
2019-09-16 17:59:20,100 [EventQueue-PipelineActionsForPipelineActionHandler] INFO  pipeline.SCMPipelineManager (SCMPipelineManager.java:finalizeAndDestroyPipeline(311)) - destroying pipeline:Pipeline[ Id: 8976a1a2-b138-4af7-bd61-d5120ae2d385, Nodes: d2644fda-0f6b-4964-8120-db19826e02a4{ip: 192.168.157.233, host: pr-hdds-2120-x62sn-1884063469, networkLocation: /default-rack, certSerialId: null}7631069e-55aa-48aa-a80c-68f378536a45{ip: 192.168.157.233, host: pr-hdds-2120-x62sn-1884063469, networkLocation: /default-rack, certSerialId: null}59cccd2f-755e-4c45-a890-da01592df45f{ip: 192.168.157.233, host: pr-hdds-2120-x62sn-1884063469, networkLocation: /default-rack, certSerialId: null}, Type:RATIS, Factor:THREE, State:CLOSED]
2019-09-16 17:59:20,120 [java.util.concurrent.ThreadPoolExecutor$Worker@aa10535[State = -1, empty queue]] WARN  server.GrpcLogAppender (GrpcLogAppender.java:timeoutAppendRequest(200)) - 7631069e-55aa-48aa-a80c-68f378536a45@group-D5120AE2D385->59cccd2f-755e-4c45-a890-da01592df45f-GrpcLogAppender: appendEntries Timeout, request=7631069e-55aa-48aa-a80c-68f378536a45->59cccd2f-755e-4c45-a890-da01592df45f#84-t1, previous=(t:1, i:21), leaderCommit=16, initializing? false, entries: <empty>
2019-09-16 17:59:20,120 [java.util.concurrent.ThreadPoolExecutor$Worker@2375ecdf[State = -1, empty queue]] WARN  server.GrpcLogAppender (GrpcLogAppender.java:timeoutAppendRequest(200)) - 7631069e-55aa-48aa-a80c-68f378536a45@group-D5120AE2D385->d2644fda-0f6b-4964-8120-db19826e02a4-GrpcLogAppender: appendEntries Timeout, request=7631069e-55aa-48aa-a80c-68f378536a45->d2644fda-0f6b-4964-8120-db19826e02a4#84-t1, previous=(t:1, i:21), leaderCommit=16, initializing? false, entries: <empty>
 0.00% |█                                                                                                    |  0/1 Time: 0:02:46 0.00% |█                                                                                                    |  0/1 Time: 0:02:472019-09-16 17:59:21,939 [grpc-default-executor-3] INFO  client.GrpcClientProtocolClient (GrpcClientProtocolClient.java:onNext(264)) - client-B56BA4945CBF->d2644fda-0f6b-4964-8120-db19826e02a4: receive RaftClientReply:client-B56BA4945CBF->d2644fda-0f6b-4964-8120-db19826e02a4@group-D5120AE2D385, cid=15, FAILED org.apache.ratis.protocol.NotLeaderException: Server d2644fda-0f6b-4964-8120-db19826e02a4@group-D5120AE2D385 is not the leader 7631069e-55aa-48aa-a80c-68f378536a45:192.168.157.233:39369, logIndex=0, commits[d2644fda-0f6b-4964-8120-db19826e02a4:c16, 7631069e-55aa-48aa-a80c-68f378536a45:c16, 59cccd2f-755e-4c45-a890-da01592df45f:c12]
2019-09-16 17:59:22,123 [org.apache.ratis.server.impl.LogAppender$AppenderDaemon$$Lambda$507/793688760@40c0b097] ERROR ratis.XceiverServerRatis (XceiverServerRatis.java:triggerPipelineClose(568)) - pipeline Action CLOSE  on pipeline PipelineID=8976a1a2-b138-4af7-bd61-d5120ae2d385.Reason : 7631069e-55aa-48aa-a80c-68f378536a45 has not seen follower/s 59cccd2f-755e-4c45-a890-da01592df45f for 162213ms d2644fda-0f6b-4964-8120-db19826e02a4 for 162214ms
2019-09-16 17:59:22,123 [org.apache.ratis.server.impl.LogAppender$AppenderDaemon$$Lambda$507/793688760@373d288c] ERROR ratis.XceiverServerRatis (XceiverServerRatis.java:triggerPipelineClose(568)) - pipeline Action CLOSE  on pipeline PipelineID=8976a1a2-b138-4af7-bd61-d5120ae2d385.Reason : 7631069e-55aa-48aa-a80c-68f378536a45 has not seen follower/s 59cccd2f-755e-4c45-a890-da01592df45f for 162213ms d2644fda-0f6b-4964-8120-db19826e02a4 for 162214ms
 0.00% |█                                                                                                    |  0/1 Time: 0:02:482019-09-16 17:59:22,621 [java.util.concurrent.ThreadPoolExecutor$Worker@2375ecdf[State = -1, empty queue]] WARN  server.GrpcLogAppender (GrpcLogAppender.java:timeoutAppendRequest(200)) - 7631069e-55aa-48aa-a80c-68f378536a45@group-D5120AE2D385->d2644fda-0f6b-4964-8120-db19826e02a4-GrpcLogAppender: appendEntries Timeout, request=7631069e-55aa-48aa-a80c-68f378536a45->d2644fda-0f6b-4964-8120-db19826e02a4#85-t1, previous=(t:1, i:21), leaderCommit=16, initializing? false, entries: <empty>
2019-09-16 17:59:22,621 [java.util.concurrent.ThreadPoolExecutor$Worker@aa10535[State = -1, empty queue]] WARN  server.GrpcLogAppender (GrpcLogAppender.java:timeoutAppendRequest(200)) - 7631069e-55aa-48aa-a80c-68f378536a45@group-D5120AE2D385->59cccd2f-755e-4c45-a890-da01592df45f-GrpcLogAppender: appendEntries Timeout, request=7631069e-55aa-48aa-a80c-68f378536a45->59cccd2f-755e-4c45-a890-da01592df45f#85-t1, previous=(t:1, i:21), leaderCommit=16, initializing? false, entries: <empty>
2019-09-16 17:59:23,098 [EventQueue-PipelineActionsForPipelineActionHandler] ERROR pipeline.PipelineActionHandler (PipelineActionHandler.java:onMessage(60)) - Received pipeline action CLOSE for Pipeline[ Id: 8976a1a2-b138-4af7-bd61-d5120ae2d385, Nodes: d2644fda-0f6b-4964-8120-db19826e02a4{ip: 192.168.157.233, host: pr-hdds-2120-x62sn-1884063469, networkLocation: /default-rack, certSerialId: null}7631069e-55aa-48aa-a80c-68f378536a45{ip: 192.168.157.233, host: pr-hdds-2120-x62sn-1884063469, networkLocation: /default-rack, certSerialId: null}59cccd2f-755e-4c45-a890-da01592df45f{ip: 192.168.157.233, host: pr-hdds-2120-x62sn-1884063469, networkLocation: /default-rack, certSerialId: null}, Type:RATIS, Factor:THREE, State:CLOSED] from datanode 7631069e-55aa-48aa-a80c-68f378536a45{ip: 192.168.157.233, host: pr-hdds-2120-x62sn-1884063469, networkLocation: /default-rack, certSerialId: null}. Reason : 7631069e-55aa-48aa-a80c-68f378536a45 has not seen follower/s 59cccd2f-755e-4c45-a890-da01592df45f for 162213ms d2644fda-0f6b-4964-8120-db19826e02a4 for 162214ms
2019-09-16 17:59:23,099 [EventQueue-PipelineActionsForPipelineActionHandler] INFO  pipeline.SCMPipelineManager (SCMPipelineManager.java:finalizeAndDestroyPipeline(311)) - destroying pipeline:Pipeline[ Id: 8976a1a2-b138-4af7-bd61-d5120ae2d385, Nodes: d2644fda-0f6b-4964-8120-db19826e02a4{ip: 192.168.157.233, host: pr-hdds-2120-x62sn-1884063469, networkLocation: /default-rack, certSerialId: null}7631069e-55aa-48aa-a80c-68f378536a45{ip: 192.168.157.233, host: pr-hdds-2120-x62sn-1884063469, networkLocation: /default-rack, certSerialId: null}59cccd2f-755e-4c45-a890-da01592df45f{ip: 192.168.157.233, host: pr-hdds-2120-x62sn-1884063469, networkLocation: /default-rack, certSerialId: null}, Type:RATIS, Factor:THREE, State:CLOSED]
 0.00% |█                                                                                                    |  0/1 Time: 0:02:49 0.00% |█                                                                                                    |  0/1 Time: 0:02:502019-09-16 17:59:24,626 [org.apache.ratis.server.impl.LogAppender$AppenderDaemon$$Lambda$507/793688760@373d288c] ERROR ratis.XceiverServerRatis (XceiverServerRatis.java:triggerPipelineClose(568)) - pipeline Action CLOSE  on pipeline PipelineID=8976a1a2-b138-4af7-bd61-d5120ae2d385.Reason : 7631069e-55aa-48aa-a80c-68f378536a45 has not seen follower/s 59cccd2f-755e-4c45-a890-da01592df45f for 164715ms d2644fda-0f6b-4964-8120-db19826e02a4 for 164716ms
2019-09-16 17:59:24,626 [org.apache.ratis.server.impl.LogAppender$AppenderDaemon$$Lambda$507/793688760@40c0b097] ERROR ratis.XceiverServerRatis (XceiverServerRatis.java:triggerPipelineClose(568)) - pipeline Action CLOSE  on pipeline PipelineID=8976a1a2-b138-4af7-bd61-d5120ae2d385.Reason : 7631069e-55aa-48aa-a80c-68f378536a45 has not seen follower/s 59cccd2f-755e-4c45-a890-da01592df45f for 164715ms d2644fda-0f6b-4964-8120-db19826e02a4 for 164716ms
2019-09-16 17:59:25,101 [EventQueue-PipelineActionsForPipelineActionHandler] ERROR pipeline.PipelineActionHandler (PipelineActionHandler.java:onMessage(60)) - Received pipeline action CLOSE for Pipeline[ Id: 8976a1a2-b138-4af7-bd61-d5120ae2d385, Nodes: d2644fda-0f6b-4964-8120-db19826e02a4{ip: 192.168.157.233, host: pr-hdds-2120-x62sn-1884063469, networkLocation: /default-rack, certSerialId: null}7631069e-55aa-48aa-a80c-68f378536a45{ip: 192.168.157.233, host: pr-hdds-2120-x62sn-1884063469, networkLocation: /default-rack, certSerialId: null}59cccd2f-755e-4c45-a890-da01592df45f{ip: 192.168.157.233, host: pr-hdds-2120-x62sn-1884063469, networkLocation: /default-rack, certSerialId: null}, Type:RATIS, Factor:THREE, State:CLOSED] from datanode 7631069e-55aa-48aa-a80c-68f378536a45{ip: 192.168.157.233, host: pr-hdds-2120-x62sn-1884063469, networkLocation: /default-rack, certSerialId: null}. Reason : 7631069e-55aa-48aa-a80c-68f378536a45 has not seen follower/s 59cccd2f-755e-4c45-a890-da01592df45f for 164715ms d2644fda-0f6b-4964-8120-db19826e02a4 for 164716ms
2019-09-16 17:59:25,102 [EventQueue-PipelineActionsForPipelineActionHandler] INFO  pipeline.SCMPipelineManager (SCMPipelineManager.java:finalizeAndDestroyPipeline(311)) - destroying pipeline:Pipeline[ Id: 8976a1a2-b138-4af7-bd61-d5120ae2d385, Nodes: d2644fda-0f6b-4964-8120-db19826e02a4{ip: 192.168.157.233, host: pr-hdds-2120-x62sn-1884063469, networkLocation: /default-rack, certSerialId: null}7631069e-55aa-48aa-a80c-68f378536a45{ip: 192.168.157.233, host: pr-hdds-2120-x62sn-1884063469, networkLocation: /default-rack, certSerialId: null}59cccd2f-755e-4c45-a890-da01592df45f{ip: 192.168.157.233, host: pr-hdds-2120-x62sn-1884063469, networkLocation: /default-rack, certSerialId: null}, Type:RATIS, Factor:THREE, State:CLOSED]
2019-09-16 17:59:25,123 [java.util.concurrent.ThreadPoolExecutor$Worker@2375ecdf[State = -1, empty queue]] WARN  server.GrpcLogAppender (GrpcLogAppender.java:timeoutAppendRequest(200)) - 7631069e-55aa-48aa-a80c-68f378536a45@group-D5120AE2D385->d2644fda-0f6b-4964-8120-db19826e02a4-GrpcLogAppender: appendEntries Timeout, request=7631069e-55aa-48aa-a80c-68f378536a45->d2644fda-0f6b-4964-8120-db19826e02a4#86-t1, previous=(t:1, i:21), leaderCommit=16, initializing? false, entries: <empty>
2019-09-16 17:59:25,123 [java.util.concurrent.ThreadPoolExecutor$Worker@aa10535[State = -1, empty queue]] WARN  server.GrpcLogAppender (GrpcLogAppender.java:timeoutAppendRequest(200)) - 7631069e-55aa-48aa-a80c-68f378536a45@group-D5120AE2D385->59cccd2f-755e-4c45-a890-da01592df45f-GrpcLogAppender: appendEntries Timeout, request=7631069e-55aa-48aa-a80c-68f378536a45->59cccd2f-755e-4c45-a890-da01592df45f#86-t1, previous=(t:1, i:21), leaderCommit=16, initializing? false, entries: <empty>
 0.00% |█                                                                                                    |  0/1 Time: 0:02:51 0.00% |█                                                                                                    |  0/1 Time: 0:02:522019-09-16 17:59:26,999 [grpc-default-executor-1] INFO  client.GrpcClientProtocolClient (GrpcClientProtocolClient.java:onNext(264)) - client-B56BA4945CBF->d2644fda-0f6b-4964-8120-db19826e02a4: receive RaftClientReply:client-B56BA4945CBF->d2644fda-0f6b-4964-8120-db19826e02a4@group-D5120AE2D385, cid=15, FAILED org.apache.ratis.protocol.NotLeaderException: Server d2644fda-0f6b-4964-8120-db19826e02a4@group-D5120AE2D385 is not the leader 7631069e-55aa-48aa-a80c-68f378536a45:192.168.157.233:39369, logIndex=0, commits[d2644fda-0f6b-4964-8120-db19826e02a4:c16, 7631069e-55aa-48aa-a80c-68f378536a45:c16, 59cccd2f-755e-4c45-a890-da01592df45f:c12]
2019-09-16 17:59:27,127 [org.apache.ratis.server.impl.LogAppender$AppenderDaemon$$Lambda$507/793688760@40c0b097] ERROR ratis.XceiverServerRatis (XceiverServerRatis.java:triggerPipelineClose(568)) - pipeline Action CLOSE  on pipeline PipelineID=8976a1a2-b138-4af7-bd61-d5120ae2d385.Reason : 7631069e-55aa-48aa-a80c-68f378536a45 has not seen follower/s 59cccd2f-755e-4c45-a890-da01592df45f for 167216ms d2644fda-0f6b-4964-8120-db19826e02a4 for 167217ms
2019-09-16 17:59:27,127 [org.apache.ratis.server.impl.LogAppender$AppenderDaemon$$Lambda$507/793688760@373d288c] ERROR ratis.XceiverServerRatis (XceiverServerRatis.java:triggerPipelineClose(568)) - pipeline Action CLOSE  on pipeline PipelineID=8976a1a2-b138-4af7-bd61-d5120ae2d385.Reason : 7631069e-55aa-48aa-a80c-68f378536a45 has not seen follower/s 59cccd2f-755e-4c45-a890-da01592df45f for 167216ms d2644fda-0f6b-4964-8120-db19826e02a4 for 167217ms
 0.00% |█                                                                                                    |  0/1 Time: 0:02:532019-09-16 17:59:27,626 [java.util.concurrent.ThreadPoolExecutor$Worker@2375ecdf[State = -1, empty queue]] WARN  server.GrpcLogAppender (GrpcLogAppender.java:timeoutAppendRequest(200)) - 7631069e-55aa-48aa-a80c-68f378536a45@group-D5120AE2D385->d2644fda-0f6b-4964-8120-db19826e02a4-GrpcLogAppender: appendEntries Timeout, request=7631069e-55aa-48aa-a80c-68f378536a45->d2644fda-0f6b-4964-8120-db19826e02a4#87-t1, previous=(t:1, i:21), leaderCommit=16, initializing? false, entries: <empty>
2019-09-16 17:59:27,626 [java.util.concurrent.ThreadPoolExecutor$Worker@aa10535[State = -1, empty queue]] WARN  server.GrpcLogAppender (GrpcLogAppender.java:timeoutAppendRequest(200)) - 7631069e-55aa-48aa-a80c-68f378536a45@group-D5120AE2D385->59cccd2f-755e-4c45-a890-da01592df45f-GrpcLogAppender: appendEntries Timeout, request=7631069e-55aa-48aa-a80c-68f378536a45->59cccd2f-755e-4c45-a890-da01592df45f#87-t1, previous=(t:1, i:21), leaderCommit=16, initializing? false, entries: <empty>
2019-09-16 17:59:28,099 [EventQueue-PipelineActionsForPipelineActionHandler] ERROR pipeline.PipelineActionHandler (PipelineActionHandler.java:onMessage(60)) - Received pipeline action CLOSE for Pipeline[ Id: 8976a1a2-b138-4af7-bd61-d5120ae2d385, Nodes: d2644fda-0f6b-4964-8120-db19826e02a4{ip: 192.168.157.233, host: pr-hdds-2120-x62sn-1884063469, networkLocation: /default-rack, certSerialId: null}7631069e-55aa-48aa-a80c-68f378536a45{ip: 192.168.157.233, host: pr-hdds-2120-x62sn-1884063469, networkLocation: /default-rack, certSerialId: null}59cccd2f-755e-4c45-a890-da01592df45f{ip: 192.168.157.233, host: pr-hdds-2120-x62sn-1884063469, networkLocation: /default-rack, certSerialId: null}, Type:RATIS, Factor:THREE, State:CLOSED] from datanode 7631069e-55aa-48aa-a80c-68f378536a45{ip: 192.168.157.233, host: pr-hdds-2120-x62sn-1884063469, networkLocation: /default-rack, certSerialId: null}. Reason : 7631069e-55aa-48aa-a80c-68f378536a45 has not seen follower/s 59cccd2f-755e-4c45-a890-da01592df45f for 167216ms d2644fda-0f6b-4964-8120-db19826e02a4 for 167217ms
2019-09-16 17:59:28,099 [EventQueue-PipelineActionsForPipelineActionHandler] INFO  pipeline.SCMPipelineManager (SCMPipelineManager.java:finalizeAndDestroyPipeline(311)) - destroying pipeline:Pipeline[ Id: 8976a1a2-b138-4af7-bd61-d5120ae2d385, Nodes: d2644fda-0f6b-4964-8120-db19826e02a4{ip: 192.168.157.233, host: pr-hdds-2120-x62sn-1884063469, networkLocation: /default-rack, certSerialId: null}7631069e-55aa-48aa-a80c-68f378536a45{ip: 192.168.157.233, host: pr-hdds-2120-x62sn-1884063469, networkLocation: /default-rack, certSerialId: null}59cccd2f-755e-4c45-a890-da01592df45f{ip: 192.168.157.233, host: pr-hdds-2120-x62sn-1884063469, networkLocation: /default-rack, certSerialId: null}, Type:RATIS, Factor:THREE, State:CLOSED]
 0.00% |█                                                                                                    |  0/1 Time: 0:02:54 0.00% |█                                                                                                    |  0/1 Time: 0:02:552019-09-16 17:59:29,630 [org.apache.ratis.server.impl.LogAppender$AppenderDaemon$$Lambda$507/793688760@40c0b097] ERROR ratis.XceiverServerRatis (XceiverServerRatis.java:triggerPipelineClose(568)) - pipeline Action CLOSE  on pipeline PipelineID=8976a1a2-b138-4af7-bd61-d5120ae2d385.Reason : 7631069e-55aa-48aa-a80c-68f378536a45 has not seen follower/s 59cccd2f-755e-4c45-a890-da01592df45f for 169719ms d2644fda-0f6b-4964-8120-db19826e02a4 for 169720ms
2019-09-16 17:59:29,630 [org.apache.ratis.server.impl.LogAppender$AppenderDaemon$$Lambda$507/793688760@373d288c] ERROR ratis.XceiverServerRatis (XceiverServerRatis.java:triggerPipelineClose(568)) - pipeline Action CLOSE  on pipeline PipelineID=8976a1a2-b138-4af7-bd61-d5120ae2d385.Reason : 7631069e-55aa-48aa-a80c-68f378536a45 has not seen follower/s 59cccd2f-755e-4c45-a890-da01592df45f for 169719ms d2644fda-0f6b-4964-8120-db19826e02a4 for 169720ms
2019-09-16 17:59:30,079 [d2644fda-0f6b-4964-8120-db19826e02a4@group-D5120AE2D385-SegmentedRaftLogWorker] WARN  segmented.SegmentedRaftLogWorker (SegmentedRaftLogWorker.java:getFromFuture(90)) - Timeout 16/~
org.apache.ratis.protocol.TimeoutIOException: Timeout 10s: WriteLog:19: (t:1, i:19), STATEMACHINELOGENTRY, client-B56BA4945CBF, cid=17-writeStateMachineData
	at org.apache.ratis.util.IOUtils.getFromFuture(IOUtils.java:87)
	at org.apache.ratis.server.raftlog.segmented.SegmentedRaftLogWorker$StateMachineDataPolicy.getFromFuture(SegmentedRaftLogWorker.java:87)
	at org.apache.ratis.server.raftlog.segmented.SegmentedRaftLogWorker$WriteLog.execute(SegmentedRaftLogWorker.java:477)
	at org.apache.ratis.server.raftlog.segmented.SegmentedRaftLogWorker.run(SegmentedRaftLogWorker.java:289)
	at java.lang.Thread.run(Thread.java:748)
Caused by: java.util.concurrent.TimeoutException
	at java.util.concurrent.CompletableFuture.timedGet(CompletableFuture.java:1771)
	at java.util.concurrent.CompletableFuture.get(CompletableFuture.java:1915)
	at org.apache.ratis.util.IOUtils.getFromFuture(IOUtils.java:79)
	... 4 more
2019-09-16 17:59:30,095 [59cccd2f-755e-4c45-a890-da01592df45f@group-D5120AE2D385-SegmentedRaftLogWorker] WARN  segmented.SegmentedRaftLogWorker (SegmentedRaftLogWorker.java:getFromFuture(90)) - Timeout 16/~
org.apache.ratis.protocol.TimeoutIOException: Timeout 10s: WriteLog:19: (t:1, i:19), STATEMACHINELOGENTRY, client-B56BA4945CBF, cid=17-writeStateMachineData
	at org.apache.ratis.util.IOUtils.getFromFuture(IOUtils.java:87)
	at org.apache.ratis.server.raftlog.segmented.SegmentedRaftLogWorker$StateMachineDataPolicy.getFromFuture(SegmentedRaftLogWorker.java:87)
	at org.apache.ratis.server.raftlog.segmented.SegmentedRaftLogWorker$WriteLog.execute(SegmentedRaftLogWorker.java:477)
	at org.apache.ratis.server.raftlog.segmented.SegmentedRaftLogWorker.run(SegmentedRaftLogWorker.java:289)
	at java.lang.Thread.run(Thread.java:748)
Caused by: java.util.concurrent.TimeoutException
	at java.util.concurrent.CompletableFuture.timedGet(CompletableFuture.java:1771)
	at java.util.concurrent.CompletableFuture.get(CompletableFuture.java:1915)
	at org.apache.ratis.util.IOUtils.getFromFuture(IOUtils.java:79)
	... 4 more
2019-09-16 17:59:30,096 [7631069e-55aa-48aa-a80c-68f378536a45@group-D5120AE2D385-SegmentedRaftLogWorker] WARN  segmented.SegmentedRaftLogWorker (SegmentedRaftLogWorker.java:getFromFuture(90)) - Timeout 16/~
org.apache.ratis.protocol.TimeoutIOException: Timeout 10s: WriteLog:19: (t:1, i:19), STATEMACHINELOGENTRY, client-B56BA4945CBF, cid=17-writeStateMachineData
	at org.apache.ratis.util.IOUtils.getFromFuture(IOUtils.java:87)
	at org.apache.ratis.server.raftlog.segmented.SegmentedRaftLogWorker$StateMachineDataPolicy.getFromFuture(SegmentedRaftLogWorker.java:87)
	at org.apache.ratis.server.raftlog.segmented.SegmentedRaftLogWorker$WriteLog.execute(SegmentedRaftLogWorker.java:477)
	at org.apache.ratis.server.raftlog.segmented.SegmentedRaftLogWorker.run(SegmentedRaftLogWorker.java:289)
	at java.lang.Thread.run(Thread.java:748)
Caused by: java.util.concurrent.TimeoutException
	at java.util.concurrent.CompletableFuture.timedGet(CompletableFuture.java:1771)
	at java.util.concurrent.CompletableFuture.get(CompletableFuture.java:1915)
	at org.apache.ratis.util.IOUtils.getFromFuture(IOUtils.java:79)
	... 4 more
2019-09-16 17:59:30,102 [EventQueue-PipelineActionsForPipelineActionHandler] ERROR pipeline.PipelineActionHandler (PipelineActionHandler.java:onMessage(60)) - Received pipeline action CLOSE for Pipeline[ Id: 8976a1a2-b138-4af7-bd61-d5120ae2d385, Nodes: d2644fda-0f6b-4964-8120-db19826e02a4{ip: 192.168.157.233, host: pr-hdds-2120-x62sn-1884063469, networkLocation: /default-rack, certSerialId: null}7631069e-55aa-48aa-a80c-68f378536a45{ip: 192.168.157.233, host: pr-hdds-2120-x62sn-1884063469, networkLocation: /default-rack, certSerialId: null}59cccd2f-755e-4c45-a890-da01592df45f{ip: 192.168.157.233, host: pr-hdds-2120-x62sn-1884063469, networkLocation: /default-rack, certSerialId: null}, Type:RATIS, Factor:THREE, State:CLOSED] from datanode 7631069e-55aa-48aa-a80c-68f378536a45{ip: 192.168.157.233, host: pr-hdds-2120-x62sn-1884063469, networkLocation: /default-rack, certSerialId: null}. Reason : 7631069e-55aa-48aa-a80c-68f378536a45 has not seen follower/s 59cccd2f-755e-4c45-a890-da01592df45f for 169719ms d2644fda-0f6b-4964-8120-db19826e02a4 for 169720ms
2019-09-16 17:59:30,103 [EventQueue-PipelineActionsForPipelineActionHandler] INFO  pipeline.SCMPipelineManager (SCMPipelineManager.java:finalizeAndDestroyPipeline(311)) - destroying pipeline:Pipeline[ Id: 8976a1a2-b138-4af7-bd61-d5120ae2d385, Nodes: d2644fda-0f6b-4964-8120-db19826e02a4{ip: 192.168.157.233, host: pr-hdds-2120-x62sn-1884063469, networkLocation: /default-rack, certSerialId: null}7631069e-55aa-48aa-a80c-68f378536a45{ip: 192.168.157.233, host: pr-hdds-2120-x62sn-1884063469, networkLocation: /default-rack, certSerialId: null}59cccd2f-755e-4c45-a890-da01592df45f{ip: 192.168.157.233, host: pr-hdds-2120-x62sn-1884063469, networkLocation: /default-rack, certSerialId: null}, Type:RATIS, Factor:THREE, State:CLOSED]
2019-09-16 17:59:30,127 [java.util.concurrent.ThreadPoolExecutor$Worker@2375ecdf[State = -1, empty queue]] WARN  server.GrpcLogAppender (GrpcLogAppender.java:timeoutAppendRequest(200)) - 7631069e-55aa-48aa-a80c-68f378536a45@group-D5120AE2D385->d2644fda-0f6b-4964-8120-db19826e02a4-GrpcLogAppender: appendEntries Timeout, request=7631069e-55aa-48aa-a80c-68f378536a45->d2644fda-0f6b-4964-8120-db19826e02a4#88-t1, previous=(t:1, i:21), leaderCommit=16, initializing? false, entries: <empty>
2019-09-16 17:59:30,127 [java.util.concurrent.ThreadPoolExecutor$Worker@aa10535[State = -1, empty queue]] WARN  server.GrpcLogAppender (GrpcLogAppender.java:timeoutAppendRequest(200)) - 7631069e-55aa-48aa-a80c-68f378536a45@group-D5120AE2D385->59cccd2f-755e-4c45-a890-da01592df45f-GrpcLogAppender: appendEntries Timeout, request=7631069e-55aa-48aa-a80c-68f378536a45->59cccd2f-755e-4c45-a890-da01592df45f#88-t1, previous=(t:1, i:21), leaderCommit=16, initializing? false, entries: <empty>
 0.00% |█                                                                                                    |  0/1 Time: 0:02:56 0.00% |█                                                                                                    |  0/1 Time: 0:02:572019-09-16 17:59:32,053 [grpc-default-executor-1] INFO  client.GrpcClientProtocolClient (GrpcClientProtocolClient.java:onNext(264)) - client-B56BA4945CBF->d2644fda-0f6b-4964-8120-db19826e02a4: receive RaftClientReply:client-B56BA4945CBF->d2644fda-0f6b-4964-8120-db19826e02a4@group-D5120AE2D385, cid=15, FAILED org.apache.ratis.protocol.NotLeaderException: Server d2644fda-0f6b-4964-8120-db19826e02a4@group-D5120AE2D385 is not the leader 7631069e-55aa-48aa-a80c-68f378536a45:192.168.157.233:39369, logIndex=0, commits[d2644fda-0f6b-4964-8120-db19826e02a4:c16, 7631069e-55aa-48aa-a80c-68f378536a45:c16, 59cccd2f-755e-4c45-a890-da01592df45f:c12]
2019-09-16 17:59:32,130 [org.apache.ratis.server.impl.LogAppender$AppenderDaemon$$Lambda$507/793688760@40c0b097] ERROR ratis.XceiverServerRatis (XceiverServerRatis.java:triggerPipelineClose(568)) - pipeline Action CLOSE  on pipeline PipelineID=8976a1a2-b138-4af7-bd61-d5120ae2d385.Reason : 7631069e-55aa-48aa-a80c-68f378536a45 has not seen follower/s 59cccd2f-755e-4c45-a890-da01592df45f for 172220ms d2644fda-0f6b-4964-8120-db19826e02a4 for 172221ms
2019-09-16 17:59:32,130 [org.apache.ratis.server.impl.LogAppender$AppenderDaemon$$Lambda$507/793688760@373d288c] ERROR ratis.XceiverServerRatis (XceiverServerRatis.java:triggerPipelineClose(568)) - pipeline Action CLOSE  on pipeline PipelineID=8976a1a2-b138-4af7-bd61-d5120ae2d385.Reason : 7631069e-55aa-48aa-a80c-68f378536a45 has not seen follower/s 59cccd2f-755e-4c45-a890-da01592df45f for 172220ms d2644fda-0f6b-4964-8120-db19826e02a4 for 172221ms
 0.00% |█                                                                                                    |  0/1 Time: 0:02:582019-09-16 17:59:32,629 [java.util.concurrent.ThreadPoolExecutor$Worker@aa10535[State = -1, empty queue]] WARN  server.GrpcLogAppender (GrpcLogAppender.java:timeoutAppendRequest(200)) - 7631069e-55aa-48aa-a80c-68f378536a45@group-D5120AE2D385->59cccd2f-755e-4c45-a890-da01592df45f-GrpcLogAppender: appendEntries Timeout, request=7631069e-55aa-48aa-a80c-68f378536a45->59cccd2f-755e-4c45-a890-da01592df45f#89-t1, previous=(t:1, i:21), leaderCommit=16, initializing? false, entries: <empty>
2019-09-16 17:59:32,629 [java.util.concurrent.ThreadPoolExecutor$Worker@2375ecdf[State = -1, empty queue]] WARN  server.GrpcLogAppender (GrpcLogAppender.java:timeoutAppendRequest(200)) - 7631069e-55aa-48aa-a80c-68f378536a45@group-D5120AE2D385->d2644fda-0f6b-4964-8120-db19826e02a4-GrpcLogAppender: appendEntries Timeout, request=7631069e-55aa-48aa-a80c-68f378536a45->d2644fda-0f6b-4964-8120-db19826e02a4#89-t1, previous=(t:1, i:21), leaderCommit=16, initializing? false, entries: <empty>
2019-09-16 17:59:33,098 [EventQueue-PipelineActionsForPipelineActionHandler] ERROR pipeline.PipelineActionHandler (PipelineActionHandler.java:onMessage(60)) - Received pipeline action CLOSE for Pipeline[ Id: 8976a1a2-b138-4af7-bd61-d5120ae2d385, Nodes: d2644fda-0f6b-4964-8120-db19826e02a4{ip: 192.168.157.233, host: pr-hdds-2120-x62sn-1884063469, networkLocation: /default-rack, certSerialId: null}7631069e-55aa-48aa-a80c-68f378536a45{ip: 192.168.157.233, host: pr-hdds-2120-x62sn-1884063469, networkLocation: /default-rack, certSerialId: null}59cccd2f-755e-4c45-a890-da01592df45f{ip: 192.168.157.233, host: pr-hdds-2120-x62sn-1884063469, networkLocation: /default-rack, certSerialId: null}, Type:RATIS, Factor:THREE, State:CLOSED] from datanode 7631069e-55aa-48aa-a80c-68f378536a45{ip: 192.168.157.233, host: pr-hdds-2120-x62sn-1884063469, networkLocation: /default-rack, certSerialId: null}. Reason : 7631069e-55aa-48aa-a80c-68f378536a45 has not seen follower/s 59cccd2f-755e-4c45-a890-da01592df45f for 172220ms d2644fda-0f6b-4964-8120-db19826e02a4 for 172221ms
2019-09-16 17:59:33,099 [EventQueue-PipelineActionsForPipelineActionHandler] INFO  pipeline.SCMPipelineManager (SCMPipelineManager.java:finalizeAndDestroyPipeline(311)) - destroying pipeline:Pipeline[ Id: 8976a1a2-b138-4af7-bd61-d5120ae2d385, Nodes: d2644fda-0f6b-4964-8120-db19826e02a4{ip: 192.168.157.233, host: pr-hdds-2120-x62sn-1884063469, networkLocation: /default-rack, certSerialId: null}7631069e-55aa-48aa-a80c-68f378536a45{ip: 192.168.157.233, host: pr-hdds-2120-x62sn-1884063469, networkLocation: /default-rack, certSerialId: null}59cccd2f-755e-4c45-a890-da01592df45f{ip: 192.168.157.233, host: pr-hdds-2120-x62sn-1884063469, networkLocation: /default-rack, certSerialId: null}, Type:RATIS, Factor:THREE, State:CLOSED]
 0.00% |█                                                                                                    |  0/1 Time: 0:02:59 0.00% |█                                                                                                    |  0/1 Time: 0:03:002019-09-16 17:59:34,631 [org.apache.ratis.server.impl.LogAppender$AppenderDaemon$$Lambda$507/793688760@40c0b097] ERROR ratis.XceiverServerRatis (XceiverServerRatis.java:triggerPipelineClose(568)) - pipeline Action CLOSE  on pipeline PipelineID=8976a1a2-b138-4af7-bd61-d5120ae2d385.Reason : 7631069e-55aa-48aa-a80c-68f378536a45 has not seen follower/s 59cccd2f-755e-4c45-a890-da01592df45f for 174721ms d2644fda-0f6b-4964-8120-db19826e02a4 for 174722ms
2019-09-16 17:59:34,632 [org.apache.ratis.server.impl.LogAppender$AppenderDaemon$$Lambda$507/793688760@373d288c] ERROR ratis.XceiverServerRatis (XceiverServerRatis.java:triggerPipelineClose(568)) - pipeline Action CLOSE  on pipeline PipelineID=8976a1a2-b138-4af7-bd61-d5120ae2d385.Reason : 7631069e-55aa-48aa-a80c-68f378536a45 has not seen follower/s 59cccd2f-755e-4c45-a890-da01592df45f for 174721ms d2644fda-0f6b-4964-8120-db19826e02a4 for 174722ms
2019-09-16 17:59:35,098 [EventQueue-PipelineActionsForPipelineActionHandler] ERROR pipeline.PipelineActionHandler (PipelineActionHandler.java:onMessage(60)) - Received pipeline action CLOSE for Pipeline[ Id: 8976a1a2-b138-4af7-bd61-d5120ae2d385, Nodes: d2644fda-0f6b-4964-8120-db19826e02a4{ip: 192.168.157.233, host: pr-hdds-2120-x62sn-1884063469, networkLocation: /default-rack, certSerialId: null}7631069e-55aa-48aa-a80c-68f378536a45{ip: 192.168.157.233, host: pr-hdds-2120-x62sn-1884063469, networkLocation: /default-rack, certSerialId: null}59cccd2f-755e-4c45-a890-da01592df45f{ip: 192.168.157.233, host: pr-hdds-2120-x62sn-1884063469, networkLocation: /default-rack, certSerialId: null}, Type:RATIS, Factor:THREE, State:CLOSED] from datanode 7631069e-55aa-48aa-a80c-68f378536a45{ip: 192.168.157.233, host: pr-hdds-2120-x62sn-1884063469, networkLocation: /default-rack, certSerialId: null}. Reason : 7631069e-55aa-48aa-a80c-68f378536a45 has not seen follower/s 59cccd2f-755e-4c45-a890-da01592df45f for 174721ms d2644fda-0f6b-4964-8120-db19826e02a4 for 174722ms
2019-09-16 17:59:35,098 [EventQueue-PipelineActionsForPipelineActionHandler] INFO  pipeline.SCMPipelineManager (SCMPipelineManager.java:finalizeAndDestroyPipeline(311)) - destroying pipeline:Pipeline[ Id: 8976a1a2-b138-4af7-bd61-d5120ae2d385, Nodes: d2644fda-0f6b-4964-8120-db19826e02a4{ip: 192.168.157.233, host: pr-hdds-2120-x62sn-1884063469, networkLocation: /default-rack, certSerialId: null}7631069e-55aa-48aa-a80c-68f378536a45{ip: 192.168.157.233, host: pr-hdds-2120-x62sn-1884063469, networkLocation: /default-rack, certSerialId: null}59cccd2f-755e-4c45-a890-da01592df45f{ip: 192.168.157.233, host: pr-hdds-2120-x62sn-1884063469, networkLocation: /default-rack, certSerialId: null}, Type:RATIS, Factor:THREE, State:CLOSED]
2019-09-16 17:59:35,130 [java.util.concurrent.ThreadPoolExecutor$Worker@aa10535[State = -1, empty queue]] WARN  server.GrpcLogAppender (GrpcLogAppender.java:timeoutAppendRequest(200)) - 7631069e-55aa-48aa-a80c-68f378536a45@group-D5120AE2D385->59cccd2f-755e-4c45-a890-da01592df45f-GrpcLogAppender: appendEntries Timeout, request=7631069e-55aa-48aa-a80c-68f378536a45->59cccd2f-755e-4c45-a890-da01592df45f#90-t1, previous=(t:1, i:21), leaderCommit=16, initializing? false, entries: <empty>
2019-09-16 17:59:35,131 [java.util.concurrent.ThreadPoolExecutor$Worker@2375ecdf[State = -1, empty queue]] WARN  server.GrpcLogAppender (GrpcLogAppender.java:timeoutAppendRequest(200)) - 7631069e-55aa-48aa-a80c-68f378536a45@group-D5120AE2D385->d2644fda-0f6b-4964-8120-db19826e02a4-GrpcLogAppender: appendEntries Timeout, request=7631069e-55aa-48aa-a80c-68f378536a45->d2644fda-0f6b-4964-8120-db19826e02a4#90-t1, previous=(t:1, i:21), leaderCommit=16, initializing? false, entries: <empty>
 0.00% |█                                                                                                    |  0/1 Time: 0:03:01 0.00% |█                                                                                                    |  0/1 Time: 0:03:022019-09-16 17:59:37,096 [grpc-default-executor-1] INFO  client.GrpcClientProtocolClient (GrpcClientProtocolClient.java:onNext(264)) - client-B56BA4945CBF->d2644fda-0f6b-4964-8120-db19826e02a4: receive RaftClientReply:client-B56BA4945CBF->d2644fda-0f6b-4964-8120-db19826e02a4@group-D5120AE2D385, cid=15, FAILED org.apache.ratis.protocol.NotLeaderException: Server d2644fda-0f6b-4964-8120-db19826e02a4@group-D5120AE2D385 is not the leader 7631069e-55aa-48aa-a80c-68f378536a45:192.168.157.233:39369, logIndex=0, commits[d2644fda-0f6b-4964-8120-db19826e02a4:c16, 7631069e-55aa-48aa-a80c-68f378536a45:c16, 59cccd2f-755e-4c45-a890-da01592df45f:c12]
2019-09-16 17:59:37,132 [org.apache.ratis.server.impl.LogAppender$AppenderDaemon$$Lambda$507/793688760@373d288c] ERROR ratis.XceiverServerRatis (XceiverServerRatis.java:triggerPipelineClose(568)) - pipeline Action CLOSE  on pipeline PipelineID=8976a1a2-b138-4af7-bd61-d5120ae2d385.Reason : 7631069e-55aa-48aa-a80c-68f378536a45 has not seen follower/s 59cccd2f-755e-4c45-a890-da01592df45f for 177222ms d2644fda-0f6b-4964-8120-db19826e02a4 for 177223ms
2019-09-16 17:59:37,132 [org.apache.ratis.server.impl.LogAppender$AppenderDaemon$$Lambda$507/793688760@40c0b097] ERROR ratis.XceiverServerRatis (XceiverServerRatis.java:triggerPipelineClose(568)) - pipeline Action CLOSE  on pipeline PipelineID=8976a1a2-b138-4af7-bd61-d5120ae2d385.Reason : 7631069e-55aa-48aa-a80c-68f378536a45 has not seen follower/s 59cccd2f-755e-4c45-a890-da01592df45f for 177222ms d2644fda-0f6b-4964-8120-db19826e02a4 for 177223ms
 0.00% |█                                                                                                    |  0/1 Time: 0:03:032019-09-16 17:59:37,631 [java.util.concurrent.ThreadPoolExecutor$Worker@2375ecdf[State = -1, empty queue]] WARN  server.GrpcLogAppender (GrpcLogAppender.java:timeoutAppendRequest(200)) - 7631069e-55aa-48aa-a80c-68f378536a45@group-D5120AE2D385->d2644fda-0f6b-4964-8120-db19826e02a4-GrpcLogAppender: appendEntries Timeout, request=7631069e-55aa-48aa-a80c-68f378536a45->d2644fda-0f6b-4964-8120-db19826e02a4#91-t1, previous=(t:1, i:21), leaderCommit=16, initializing? false, entries: <empty>
2019-09-16 17:59:37,632 [java.util.concurrent.ThreadPoolExecutor$Worker@aa10535[State = -1, empty queue]] WARN  server.GrpcLogAppender (GrpcLogAppender.java:timeoutAppendRequest(200)) - 7631069e-55aa-48aa-a80c-68f378536a45@group-D5120AE2D385->59cccd2f-755e-4c45-a890-da01592df45f-GrpcLogAppender: appendEntries Timeout, request=7631069e-55aa-48aa-a80c-68f378536a45->59cccd2f-755e-4c45-a890-da01592df45f#91-t1, previous=(t:1, i:21), leaderCommit=16, initializing? false, entries: <empty>
2019-09-16 17:59:38,099 [EventQueue-PipelineActionsForPipelineActionHandler] ERROR pipeline.PipelineActionHandler (PipelineActionHandler.java:onMessage(60)) - Received pipeline action CLOSE for Pipeline[ Id: 8976a1a2-b138-4af7-bd61-d5120ae2d385, Nodes: d2644fda-0f6b-4964-8120-db19826e02a4{ip: 192.168.157.233, host: pr-hdds-2120-x62sn-1884063469, networkLocation: /default-rack, certSerialId: null}7631069e-55aa-48aa-a80c-68f378536a45{ip: 192.168.157.233, host: pr-hdds-2120-x62sn-1884063469, networkLocation: /default-rack, certSerialId: null}59cccd2f-755e-4c45-a890-da01592df45f{ip: 192.168.157.233, host: pr-hdds-2120-x62sn-1884063469, networkLocation: /default-rack, certSerialId: null}, Type:RATIS, Factor:THREE, State:CLOSED] from datanode 7631069e-55aa-48aa-a80c-68f378536a45{ip: 192.168.157.233, host: pr-hdds-2120-x62sn-1884063469, networkLocation: /default-rack, certSerialId: null}. Reason : 7631069e-55aa-48aa-a80c-68f378536a45 has not seen follower/s 59cccd2f-755e-4c45-a890-da01592df45f for 177222ms d2644fda-0f6b-4964-8120-db19826e02a4 for 177223ms
2019-09-16 17:59:38,099 [EventQueue-PipelineActionsForPipelineActionHandler] INFO  pipeline.SCMPipelineManager (SCMPipelineManager.java:finalizeAndDestroyPipeline(311)) - destroying pipeline:Pipeline[ Id: 8976a1a2-b138-4af7-bd61-d5120ae2d385, Nodes: d2644fda-0f6b-4964-8120-db19826e02a4{ip: 192.168.157.233, host: pr-hdds-2120-x62sn-1884063469, networkLocation: /default-rack, certSerialId: null}7631069e-55aa-48aa-a80c-68f378536a45{ip: 192.168.157.233, host: pr-hdds-2120-x62sn-1884063469, networkLocation: /default-rack, certSerialId: null}59cccd2f-755e-4c45-a890-da01592df45f{ip: 192.168.157.233, host: pr-hdds-2120-x62sn-1884063469, networkLocation: /default-rack, certSerialId: null}, Type:RATIS, Factor:THREE, State:CLOSED]
 0.00% |█                                                                                                    |  0/1 Time: 0:03:04 0.00% |█                                                                                                    |  0/1 Time: 0:03:052019-09-16 17:59:39,633 [org.apache.ratis.server.impl.LogAppender$AppenderDaemon$$Lambda$507/793688760@40c0b097] ERROR ratis.XceiverServerRatis (XceiverServerRatis.java:triggerPipelineClose(568)) - pipeline Action CLOSE  on pipeline PipelineID=8976a1a2-b138-4af7-bd61-d5120ae2d385.Reason : 7631069e-55aa-48aa-a80c-68f378536a45 has not seen follower/s 59cccd2f-755e-4c45-a890-da01592df45f for 179723ms d2644fda-0f6b-4964-8120-db19826e02a4 for 179724ms
2019-09-16 17:59:39,633 [org.apache.ratis.server.impl.LogAppender$AppenderDaemon$$Lambda$507/793688760@373d288c] ERROR ratis.XceiverServerRatis (XceiverServerRatis.java:triggerPipelineClose(568)) - pipeline Action CLOSE  on pipeline PipelineID=8976a1a2-b138-4af7-bd61-d5120ae2d385.Reason : 7631069e-55aa-48aa-a80c-68f378536a45 has not seen follower/s 59cccd2f-755e-4c45-a890-da01592df45f for 179723ms d2644fda-0f6b-4964-8120-db19826e02a4 for 179724ms
2019-09-16 17:59:40,081 [d2644fda-0f6b-4964-8120-db19826e02a4@group-D5120AE2D385-SegmentedRaftLogWorker] WARN  segmented.SegmentedRaftLogWorker (SegmentedRaftLogWorker.java:getFromFuture(90)) - Timeout 17/~
org.apache.ratis.protocol.TimeoutIOException: Timeout 10s: WriteLog:19: (t:1, i:19), STATEMACHINELOGENTRY, client-B56BA4945CBF, cid=17-writeStateMachineData
	at org.apache.ratis.util.IOUtils.getFromFuture(IOUtils.java:87)
	at org.apache.ratis.server.raftlog.segmented.SegmentedRaftLogWorker$StateMachineDataPolicy.getFromFuture(SegmentedRaftLogWorker.java:87)
	at org.apache.ratis.server.raftlog.segmented.SegmentedRaftLogWorker$WriteLog.execute(SegmentedRaftLogWorker.java:477)
	at org.apache.ratis.server.raftlog.segmented.SegmentedRaftLogWorker.run(SegmentedRaftLogWorker.java:289)
	at java.lang.Thread.run(Thread.java:748)
Caused by: java.util.concurrent.TimeoutException
	at java.util.concurrent.CompletableFuture.timedGet(CompletableFuture.java:1771)
	at java.util.concurrent.CompletableFuture.get(CompletableFuture.java:1915)
	at org.apache.ratis.util.IOUtils.getFromFuture(IOUtils.java:79)
	... 4 more
2019-09-16 17:59:40,096 [59cccd2f-755e-4c45-a890-da01592df45f@group-D5120AE2D385-SegmentedRaftLogWorker] WARN  segmented.SegmentedRaftLogWorker (SegmentedRaftLogWorker.java:getFromFuture(90)) - Timeout 17/~
org.apache.ratis.protocol.TimeoutIOException: Timeout 10s: WriteLog:19: (t:1, i:19), STATEMACHINELOGENTRY, client-B56BA4945CBF, cid=17-writeStateMachineData
	at org.apache.ratis.util.IOUtils.getFromFuture(IOUtils.java:87)
	at org.apache.ratis.server.raftlog.segmented.SegmentedRaftLogWorker$StateMachineDataPolicy.getFromFuture(SegmentedRaftLogWorker.java:87)
	at org.apache.ratis.server.raftlog.segmented.SegmentedRaftLogWorker$WriteLog.execute(SegmentedRaftLogWorker.java:477)
	at org.apache.ratis.server.raftlog.segmented.SegmentedRaftLogWorker.run(SegmentedRaftLogWorker.java:289)
	at java.lang.Thread.run(Thread.java:748)
Caused by: java.util.concurrent.TimeoutException
	at java.util.concurrent.CompletableFuture.timedGet(CompletableFuture.java:1771)
	at java.util.concurrent.CompletableFuture.get(CompletableFuture.java:1915)
	at org.apache.ratis.util.IOUtils.getFromFuture(IOUtils.java:79)
	... 4 more
2019-09-16 17:59:40,097 [7631069e-55aa-48aa-a80c-68f378536a45@group-D5120AE2D385-SegmentedRaftLogWorker] WARN  segmented.SegmentedRaftLogWorker (SegmentedRaftLogWorker.java:getFromFuture(90)) - Timeout 17/~
org.apache.ratis.protocol.TimeoutIOException: Timeout 10s: WriteLog:19: (t:1, i:19), STATEMACHINELOGENTRY, client-B56BA4945CBF, cid=17-writeStateMachineData
	at org.apache.ratis.util.IOUtils.getFromFuture(IOUtils.java:87)
	at org.apache.ratis.server.raftlog.segmented.SegmentedRaftLogWorker$StateMachineDataPolicy.getFromFuture(SegmentedRaftLogWorker.java:87)
	at org.apache.ratis.server.raftlog.segmented.SegmentedRaftLogWorker$WriteLog.execute(SegmentedRaftLogWorker.java:477)
	at org.apache.ratis.server.raftlog.segmented.SegmentedRaftLogWorker.run(SegmentedRaftLogWorker.java:289)
	at java.lang.Thread.run(Thread.java:748)
Caused by: java.util.concurrent.TimeoutException
	at java.util.concurrent.CompletableFuture.timedGet(CompletableFuture.java:1771)
	at java.util.concurrent.CompletableFuture.get(CompletableFuture.java:1915)
	at org.apache.ratis.util.IOUtils.getFromFuture(IOUtils.java:79)
	... 4 more
2019-09-16 17:59:40,099 [EventQueue-PipelineActionsForPipelineActionHandler] ERROR pipeline.PipelineActionHandler (PipelineActionHandler.java:onMessage(60)) - Received pipeline action CLOSE for Pipeline[ Id: 8976a1a2-b138-4af7-bd61-d5120ae2d385, Nodes: d2644fda-0f6b-4964-8120-db19826e02a4{ip: 192.168.157.233, host: pr-hdds-2120-x62sn-1884063469, networkLocation: /default-rack, certSerialId: null}7631069e-55aa-48aa-a80c-68f378536a45{ip: 192.168.157.233, host: pr-hdds-2120-x62sn-1884063469, networkLocation: /default-rack, certSerialId: null}59cccd2f-755e-4c45-a890-da01592df45f{ip: 192.168.157.233, host: pr-hdds-2120-x62sn-1884063469, networkLocation: /default-rack, certSerialId: null}, Type:RATIS, Factor:THREE, State:CLOSED] from datanode 7631069e-55aa-48aa-a80c-68f378536a45{ip: 192.168.157.233, host: pr-hdds-2120-x62sn-1884063469, networkLocation: /default-rack, certSerialId: null}. Reason : 7631069e-55aa-48aa-a80c-68f378536a45 has not seen follower/s 59cccd2f-755e-4c45-a890-da01592df45f for 179723ms d2644fda-0f6b-4964-8120-db19826e02a4 for 179724ms
2019-09-16 17:59:40,100 [EventQueue-PipelineActionsForPipelineActionHandler] INFO  pipeline.SCMPipelineManager (SCMPipelineManager.java:finalizeAndDestroyPipeline(311)) - destroying pipeline:Pipeline[ Id: 8976a1a2-b138-4af7-bd61-d5120ae2d385, Nodes: d2644fda-0f6b-4964-8120-db19826e02a4{ip: 192.168.157.233, host: pr-hdds-2120-x62sn-1884063469, networkLocation: /default-rack, certSerialId: null}7631069e-55aa-48aa-a80c-68f378536a45{ip: 192.168.157.233, host: pr-hdds-2120-x62sn-1884063469, networkLocation: /default-rack, certSerialId: null}59cccd2f-755e-4c45-a890-da01592df45f{ip: 192.168.157.233, host: pr-hdds-2120-x62sn-1884063469, networkLocation: /default-rack, certSerialId: null}, Type:RATIS, Factor:THREE, State:CLOSED]
2019-09-16 17:59:40,132 [java.util.concurrent.ThreadPoolExecutor$Worker@2375ecdf[State = -1, empty queue]] WARN  server.GrpcLogAppender (GrpcLogAppender.java:timeoutAppendRequest(200)) - 7631069e-55aa-48aa-a80c-68f378536a45@group-D5120AE2D385->d2644fda-0f6b-4964-8120-db19826e02a4-GrpcLogAppender: appendEntries Timeout, request=7631069e-55aa-48aa-a80c-68f378536a45->d2644fda-0f6b-4964-8120-db19826e02a4#92-t1, previous=(t:1, i:21), leaderCommit=16, initializing? false, entries: <empty>
2019-09-16 17:59:40,132 [java.util.concurrent.ThreadPoolExecutor$Worker@aa10535[State = -1, empty queue]] WARN  server.GrpcLogAppender (GrpcLogAppender.java:timeoutAppendRequest(200)) - 7631069e-55aa-48aa-a80c-68f378536a45@group-D5120AE2D385->59cccd2f-755e-4c45-a890-da01592df45f-GrpcLogAppender: appendEntries Timeout, request=7631069e-55aa-48aa-a80c-68f378536a45->59cccd2f-755e-4c45-a890-da01592df45f#92-t1, previous=(t:1, i:21), leaderCommit=16, initializing? false, entries: <empty>
 0.00% |█                                                                                                    |  0/1 Time: 0:03:06 0.00% |█                                                                                                    |  0/1 Time: 0:03:072019-09-16 17:59:42,135 [org.apache.ratis.server.impl.LogAppender$AppenderDaemon$$Lambda$507/793688760@373d288c] ERROR ratis.XceiverServerRatis (XceiverServerRatis.java:triggerPipelineClose(568)) - pipeline Action CLOSE  on pipeline PipelineID=8976a1a2-b138-4af7-bd61-d5120ae2d385.Reason : 7631069e-55aa-48aa-a80c-68f378536a45 has not seen follower/s 59cccd2f-755e-4c45-a890-da01592df45f for 182224ms d2644fda-0f6b-4964-8120-db19826e02a4 for 182225ms
2019-09-16 17:59:42,135 [org.apache.ratis.server.impl.LogAppender$AppenderDaemon$$Lambda$507/793688760@40c0b097] ERROR ratis.XceiverServerRatis (XceiverServerRatis.java:triggerPipelineClose(568)) - pipeline Action CLOSE  on pipeline PipelineID=8976a1a2-b138-4af7-bd61-d5120ae2d385.Reason : 7631069e-55aa-48aa-a80c-68f378536a45 has not seen follower/s 59cccd2f-755e-4c45-a890-da01592df45f for 182224ms d2644fda-0f6b-4964-8120-db19826e02a4 for 182225ms
2019-09-16 17:59:42,141 [grpc-default-executor-1] INFO  client.GrpcClientProtocolClient (GrpcClientProtocolClient.java:onNext(264)) - client-B56BA4945CBF->59cccd2f-755e-4c45-a890-da01592df45f: receive RaftClientReply:client-B56BA4945CBF->59cccd2f-755e-4c45-a890-da01592df45f@group-D5120AE2D385, cid=15, FAILED org.apache.ratis.protocol.NotLeaderException: Server 59cccd2f-755e-4c45-a890-da01592df45f@group-D5120AE2D385 is not the leader 7631069e-55aa-48aa-a80c-68f378536a45:192.168.157.233:39369, logIndex=0, commits[59cccd2f-755e-4c45-a890-da01592df45f:c16, 7631069e-55aa-48aa-a80c-68f378536a45:c16, d2644fda-0f6b-4964-8120-db19826e02a4:c12]
 0.00% |█                                                                                                    |  0/1 Time: 0:03:082019-09-16 17:59:42,633 [java.util.concurrent.ThreadPoolExecutor$Worker@2375ecdf[State = -1, empty queue]] WARN  server.GrpcLogAppender (GrpcLogAppender.java:timeoutAppendRequest(200)) - 7631069e-55aa-48aa-a80c-68f378536a45@group-D5120AE2D385->d2644fda-0f6b-4964-8120-db19826e02a4-GrpcLogAppender: appendEntries Timeout, request=7631069e-55aa-48aa-a80c-68f378536a45->d2644fda-0f6b-4964-8120-db19826e02a4#93-t1, previous=(t:1, i:21), leaderCommit=16, initializing? false, entries: <empty>
2019-09-16 17:59:42,633 [java.util.concurrent.ThreadPoolExecutor$Worker@aa10535[State = -1, empty queue]] WARN  server.GrpcLogAppender (GrpcLogAppender.java:timeoutAppendRequest(200)) - 7631069e-55aa-48aa-a80c-68f378536a45@group-D5120AE2D385->59cccd2f-755e-4c45-a890-da01592df45f-GrpcLogAppender: appendEntries Timeout, request=7631069e-55aa-48aa-a80c-68f378536a45->59cccd2f-755e-4c45-a890-da01592df45f#93-t1, previous=(t:1, i:21), leaderCommit=16, initializing? false, entries: <empty>
2019-09-16 17:59:43,099 [EventQueue-PipelineActionsForPipelineActionHandler] ERROR pipeline.PipelineActionHandler (PipelineActionHandler.java:onMessage(60)) - Received pipeline action CLOSE for Pipeline[ Id: 8976a1a2-b138-4af7-bd61-d5120ae2d385, Nodes: d2644fda-0f6b-4964-8120-db19826e02a4{ip: 192.168.157.233, host: pr-hdds-2120-x62sn-1884063469, networkLocation: /default-rack, certSerialId: null}7631069e-55aa-48aa-a80c-68f378536a45{ip: 192.168.157.233, host: pr-hdds-2120-x62sn-1884063469, networkLocation: /default-rack, certSerialId: null}59cccd2f-755e-4c45-a890-da01592df45f{ip: 192.168.157.233, host: pr-hdds-2120-x62sn-1884063469, networkLocation: /default-rack, certSerialId: null}, Type:RATIS, Factor:THREE, State:CLOSED] from datanode 7631069e-55aa-48aa-a80c-68f378536a45{ip: 192.168.157.233, host: pr-hdds-2120-x62sn-1884063469, networkLocation: /default-rack, certSerialId: null}. Reason : 7631069e-55aa-48aa-a80c-68f378536a45 has not seen follower/s 59cccd2f-755e-4c45-a890-da01592df45f for 182224ms d2644fda-0f6b-4964-8120-db19826e02a4 for 182225ms
2019-09-16 17:59:43,100 [EventQueue-PipelineActionsForPipelineActionHandler] INFO  pipeline.SCMPipelineManager (SCMPipelineManager.java:finalizeAndDestroyPipeline(311)) - destroying pipeline:Pipeline[ Id: 8976a1a2-b138-4af7-bd61-d5120ae2d385, Nodes: d2644fda-0f6b-4964-8120-db19826e02a4{ip: 192.168.157.233, host: pr-hdds-2120-x62sn-1884063469, networkLocation: /default-rack, certSerialId: null}7631069e-55aa-48aa-a80c-68f378536a45{ip: 192.168.157.233, host: pr-hdds-2120-x62sn-1884063469, networkLocation: /default-rack, certSerialId: null}59cccd2f-755e-4c45-a890-da01592df45f{ip: 192.168.157.233, host: pr-hdds-2120-x62sn-1884063469, networkLocation: /default-rack, certSerialId: null}, Type:RATIS, Factor:THREE, State:CLOSED]
 0.00% |█                                                                                                    |  0/1 Time: 0:03:09 0.00% |█                                                                                                    |  0/1 Time: 0:03:102019-09-16 17:59:44,636 [org.apache.ratis.server.impl.LogAppender$AppenderDaemon$$Lambda$507/793688760@40c0b097] ERROR ratis.XceiverServerRatis (XceiverServerRatis.java:triggerPipelineClose(568)) - pipeline Action CLOSE  on pipeline PipelineID=8976a1a2-b138-4af7-bd61-d5120ae2d385.Reason : 7631069e-55aa-48aa-a80c-68f378536a45 has not seen follower/s 59cccd2f-755e-4c45-a890-da01592df45f for 184726ms d2644fda-0f6b-4964-8120-db19826e02a4 for 184727ms
2019-09-16 17:59:44,636 [org.apache.ratis.server.impl.LogAppender$AppenderDaemon$$Lambda$507/793688760@373d288c] ERROR ratis.XceiverServerRatis (XceiverServerRatis.java:triggerPipelineClose(568)) - pipeline Action CLOSE  on pipeline PipelineID=8976a1a2-b138-4af7-bd61-d5120ae2d385.Reason : 7631069e-55aa-48aa-a80c-68f378536a45 has not seen follower/s 59cccd2f-755e-4c45-a890-da01592df45f for 184726ms d2644fda-0f6b-4964-8120-db19826e02a4 for 184727ms
2019-09-16 17:59:45,100 [EventQueue-PipelineActionsForPipelineActionHandler] ERROR pipeline.PipelineActionHandler (PipelineActionHandler.java:onMessage(60)) - Received pipeline action CLOSE for Pipeline[ Id: 8976a1a2-b138-4af7-bd61-d5120ae2d385, Nodes: d2644fda-0f6b-4964-8120-db19826e02a4{ip: 192.168.157.233, host: pr-hdds-2120-x62sn-1884063469, networkLocation: /default-rack, certSerialId: null}7631069e-55aa-48aa-a80c-68f378536a45{ip: 192.168.157.233, host: pr-hdds-2120-x62sn-1884063469, networkLocation: /default-rack, certSerialId: null}59cccd2f-755e-4c45-a890-da01592df45f{ip: 192.168.157.233, host: pr-hdds-2120-x62sn-1884063469, networkLocation: /default-rack, certSerialId: null}, Type:RATIS, Factor:THREE, State:CLOSED] from datanode 7631069e-55aa-48aa-a80c-68f378536a45{ip: 192.168.157.233, host: pr-hdds-2120-x62sn-1884063469, networkLocation: /default-rack, certSerialId: null}. Reason : 7631069e-55aa-48aa-a80c-68f378536a45 has not seen follower/s 59cccd2f-755e-4c45-a890-da01592df45f for 184726ms d2644fda-0f6b-4964-8120-db19826e02a4 for 184727ms
2019-09-16 17:59:45,100 [EventQueue-PipelineActionsForPipelineActionHandler] INFO  pipeline.SCMPipelineManager (SCMPipelineManager.java:finalizeAndDestroyPipeline(311)) - destroying pipeline:Pipeline[ Id: 8976a1a2-b138-4af7-bd61-d5120ae2d385, Nodes: d2644fda-0f6b-4964-8120-db19826e02a4{ip: 192.168.157.233, host: pr-hdds-2120-x62sn-1884063469, networkLocation: /default-rack, certSerialId: null}7631069e-55aa-48aa-a80c-68f378536a45{ip: 192.168.157.233, host: pr-hdds-2120-x62sn-1884063469, networkLocation: /default-rack, certSerialId: null}59cccd2f-755e-4c45-a890-da01592df45f{ip: 192.168.157.233, host: pr-hdds-2120-x62sn-1884063469, networkLocation: /default-rack, certSerialId: null}, Type:RATIS, Factor:THREE, State:CLOSED]
2019-09-16 17:59:45,135 [java.util.concurrent.ThreadPoolExecutor$Worker@aa10535[State = -1, empty queue]] WARN  server.GrpcLogAppender (GrpcLogAppender.java:timeoutAppendRequest(200)) - 7631069e-55aa-48aa-a80c-68f378536a45@group-D5120AE2D385->59cccd2f-755e-4c45-a890-da01592df45f-GrpcLogAppender: appendEntries Timeout, request=7631069e-55aa-48aa-a80c-68f378536a45->59cccd2f-755e-4c45-a890-da01592df45f#94-t1, previous=(t:1, i:21), leaderCommit=16, initializing? false, entries: <empty>
2019-09-16 17:59:45,135 [java.util.concurrent.ThreadPoolExecutor$Worker@2375ecdf[State = -1, empty queue]] WARN  server.GrpcLogAppender (GrpcLogAppender.java:timeoutAppendRequest(200)) - 7631069e-55aa-48aa-a80c-68f378536a45@group-D5120AE2D385->d2644fda-0f6b-4964-8120-db19826e02a4-GrpcLogAppender: appendEntries Timeout, request=7631069e-55aa-48aa-a80c-68f378536a45->d2644fda-0f6b-4964-8120-db19826e02a4#94-t1, previous=(t:1, i:21), leaderCommit=16, initializing? false, entries: <empty>
 0.00% |█                                                                                                    |  0/1 Time: 0:03:112019-09-16 17:59:46,099 [grpc-default-executor-3] INFO  impl.RaftServerProxy (RaftServerProxy.java:remove(95)) - d2644fda-0f6b-4964-8120-db19826e02a4: remove  FOLLOWER d2644fda-0f6b-4964-8120-db19826e02a4@group-D5120AE2D385:t1, leader=7631069e-55aa-48aa-a80c-68f378536a45, voted=7631069e-55aa-48aa-a80c-68f378536a45, raftlog=d2644fda-0f6b-4964-8120-db19826e02a4@group-D5120AE2D385-SegmentedRaftLog:OPENED:c16,f16,i21, conf=0: [7631069e-55aa-48aa-a80c-68f378536a45:192.168.157.233:39369, 59cccd2f-755e-4c45-a890-da01592df45f:192.168.157.233:42719, d2644fda-0f6b-4964-8120-db19826e02a4:192.168.157.233:37608], old=null RUNNING
2019-09-16 17:59:46,106 [grpc-default-executor-3] INFO  impl.RaftServerImpl (RaftServerImpl.java:lambda$shutdown$3(251)) - d2644fda-0f6b-4964-8120-db19826e02a4@group-D5120AE2D385: shutdown
2019-09-16 17:59:46,107 [grpc-default-executor-3] INFO  util.JmxRegister (JmxRegister.java:unregister(73)) - Successfully un-registered JMX Bean with object name Ratis:service=RaftServer,group=group-D5120AE2D385,id=d2644fda-0f6b-4964-8120-db19826e02a4
2019-09-16 17:59:46,107 [grpc-default-executor-3] INFO  impl.RoleInfo (RoleInfo.java:shutdownFollowerState(121)) - d2644fda-0f6b-4964-8120-db19826e02a4: shutdown FollowerState
2019-09-16 17:59:46,107 [grpc-default-executor-3] INFO  impl.StateMachineUpdater (StateMachineUpdater.java:stopAndJoin(125)) - d2644fda-0f6b-4964-8120-db19826e02a4@group-D5120AE2D385-StateMachineUpdater: set stopIndex = 16
2019-09-16 17:59:46,108 [d2644fda-0f6b-4964-8120-db19826e02a4@group-D5120AE2D385-StateMachineUpdater] INFO  ratis.ContainerStateMachine (ContainerStateMachine.java:takeSnapshot(289)) - group-D5120AE2D385: Taking a snapshot at:(t:1, i:12) file /workdir/hadoop-ozone/tools/target/test-dir/MiniOzoneClusterImpl-15d0669d-b250-4261-9bfd-fa60101ddcc7/datanode-1/data/ratis/8976a1a2-b138-4af7-bd61-d5120ae2d385/sm/snapshot.1_12
2019-09-16 17:59:46,107 [Thread-222] INFO  impl.FollowerState (FollowerState.java:run(115)) - d2644fda-0f6b-4964-8120-db19826e02a4: FollowerState was interrupted: java.lang.InterruptedException: sleep interrupted
2019-09-16 17:59:46,142 [d2644fda-0f6b-4964-8120-db19826e02a4@group-D5120AE2D385-StateMachineUpdater] INFO  ratis.ContainerStateMachine (ContainerStateMachine.java:takeSnapshot(300)) - group-D5120AE2D385: Finished taking a snapshot at:(t:1, i:12) file:/workdir/hadoop-ozone/tools/target/test-dir/MiniOzoneClusterImpl-15d0669d-b250-4261-9bfd-fa60101ddcc7/datanode-1/data/ratis/8976a1a2-b138-4af7-bd61-d5120ae2d385/sm/snapshot.1_12 time:35
2019-09-16 17:59:46,142 [d2644fda-0f6b-4964-8120-db19826e02a4@group-D5120AE2D385-StateMachineUpdater] INFO  impl.StateMachineUpdater (StateMachineUpdater.java:takeSnapshot(258)) - d2644fda-0f6b-4964-8120-db19826e02a4@group-D5120AE2D385-StateMachineUpdater: Took a snapshot at index 12
2019-09-16 17:59:46,144 [d2644fda-0f6b-4964-8120-db19826e02a4@group-D5120AE2D385-StateMachineUpdater] INFO  impl.StateMachineUpdater (StateMachineUpdater.java:lambda$new$0(83)) - d2644fda-0f6b-4964-8120-db19826e02a4@group-D5120AE2D385-StateMachineUpdater: snapshotIndex: updateIncreasingly -1 -> 12
2019-09-16 17:59:46,149 [d2644fda-0f6b-4964-8120-db19826e02a4@group-D5120AE2D385-StateMachineUpdater] INFO  ratis.ContainerStateMachine (ContainerStateMachine.java:takeSnapshot(289)) - group-D5120AE2D385: Taking a snapshot at:(t:1, i:12) file /workdir/hadoop-ozone/tools/target/test-dir/MiniOzoneClusterImpl-15d0669d-b250-4261-9bfd-fa60101ddcc7/datanode-1/data/ratis/8976a1a2-b138-4af7-bd61-d5120ae2d385/sm/snapshot.1_12
2019-09-16 17:59:46,161 [d2644fda-0f6b-4964-8120-db19826e02a4@group-D5120AE2D385-StateMachineUpdater] INFO  ratis.ContainerStateMachine (ContainerStateMachine.java:takeSnapshot(300)) - group-D5120AE2D385: Finished taking a snapshot at:(t:1, i:12) file:/workdir/hadoop-ozone/tools/target/test-dir/MiniOzoneClusterImpl-15d0669d-b250-4261-9bfd-fa60101ddcc7/datanode-1/data/ratis/8976a1a2-b138-4af7-bd61-d5120ae2d385/sm/snapshot.1_12 time:12
2019-09-16 17:59:46,162 [d2644fda-0f6b-4964-8120-db19826e02a4@group-D5120AE2D385-StateMachineUpdater] INFO  impl.StateMachineUpdater (StateMachineUpdater.java:takeSnapshot(258)) - d2644fda-0f6b-4964-8120-db19826e02a4@group-D5120AE2D385-StateMachineUpdater: Took a snapshot at index 12
2019-09-16 17:59:46,162 [d2644fda-0f6b-4964-8120-db19826e02a4@group-D5120AE2D385-StateMachineUpdater] INFO  impl.StateMachineUpdater (StateMachineUpdater.java:lambda$new$0(83)) - d2644fda-0f6b-4964-8120-db19826e02a4@group-D5120AE2D385-StateMachineUpdater: snapshotIndex: updateIncreasingly 12 -> 12
2019-09-16 17:59:46,163 [grpc-default-executor-3] INFO  impl.RaftServerImpl (ServerState.java:close(385)) - d2644fda-0f6b-4964-8120-db19826e02a4@group-D5120AE2D385: closes. applyIndex: 16
2019-09-16 17:59:46,168 [d2644fda-0f6b-4964-8120-db19826e02a4@group-D5120AE2D385-SegmentedRaftLogWorker] ERROR ratis.XceiverServerRatis (XceiverServerRatis.java:triggerPipelineClose(568)) - pipeline Action CLOSE  on pipeline PipelineID=8976a1a2-b138-4af7-bd61-d5120ae2d385.Reason : WriteLog:19: (t:1, i:19), STATEMACHINELOGENTRY, client-B56BA4945CBF, cid=17-writeStateMachineData interrupted.
2019-09-16 17:59:46,182 [EventQueue-PipelineActionsForPipelineActionHandler] ERROR pipeline.PipelineActionHandler (PipelineActionHandler.java:onMessage(60)) - Received pipeline action CLOSE for Pipeline[ Id: 8976a1a2-b138-4af7-bd61-d5120ae2d385, Nodes: d2644fda-0f6b-4964-8120-db19826e02a4{ip: 192.168.157.233, host: pr-hdds-2120-x62sn-1884063469, networkLocation: /default-rack, certSerialId: null}7631069e-55aa-48aa-a80c-68f378536a45{ip: 192.168.157.233, host: pr-hdds-2120-x62sn-1884063469, networkLocation: /default-rack, certSerialId: null}59cccd2f-755e-4c45-a890-da01592df45f{ip: 192.168.157.233, host: pr-hdds-2120-x62sn-1884063469, networkLocation: /default-rack, certSerialId: null}, Type:RATIS, Factor:THREE, State:CLOSED] from datanode d2644fda-0f6b-4964-8120-db19826e02a4{ip: 192.168.157.233, host: pr-hdds-2120-x62sn-1884063469, networkLocation: /default-rack, certSerialId: null}. Reason : WriteLog:19: (t:1, i:19), STATEMACHINELOGENTRY, client-B56BA4945CBF, cid=17-writeStateMachineData interrupted.
2019-09-16 17:59:46,183 [EventQueue-PipelineActionsForPipelineActionHandler] INFO  pipeline.SCMPipelineManager (SCMPipelineManager.java:finalizeAndDestroyPipeline(311)) - destroying pipeline:Pipeline[ Id: 8976a1a2-b138-4af7-bd61-d5120ae2d385, Nodes: d2644fda-0f6b-4964-8120-db19826e02a4{ip: 192.168.157.233, host: pr-hdds-2120-x62sn-1884063469, networkLocation: /default-rack, certSerialId: null}7631069e-55aa-48aa-a80c-68f378536a45{ip: 192.168.157.233, host: pr-hdds-2120-x62sn-1884063469, networkLocation: /default-rack, certSerialId: null}59cccd2f-755e-4c45-a890-da01592df45f{ip: 192.168.157.233, host: pr-hdds-2120-x62sn-1884063469, networkLocation: /default-rack, certSerialId: null}, Type:RATIS, Factor:THREE, State:CLOSED]
2019-09-16 17:59:46,193 [grpc-default-executor-3] INFO  segmented.SegmentedRaftLogWorker (SegmentedRaftLogWorker.java:close(228)) - d2644fda-0f6b-4964-8120-db19826e02a4@group-D5120AE2D385-SegmentedRaftLogWorker close()
2019-09-16 17:59:46,215 [grpc-default-executor-3] INFO  interfaces.Container (KeyValueContainer.java:flushAndSyncDB(386)) - Container 1 is synced with bcsId 12.
2019-09-16 17:59:46,215 [grpc-default-executor-3] INFO  interfaces.Container (KeyValueContainer.java:flushAndSyncDB(386)) - Container 1 is synced with bcsId 12.
2019-09-16 17:59:46,234 [EventQueue-IncrementalContainerReportForIncrementalContainerReportHandler] INFO  container.IncrementalContainerReportHandler (AbstractContainerReportHandler.java:updateContainerState(169)) - Moving container #1 to QUASI_CLOSED state, datanode d2644fda-0f6b-4964-8120-db19826e02a4{ip: 192.168.157.233, host: pr-hdds-2120-x62sn-1884063469, networkLocation: /default-rack, certSerialId: null} reported QUASI_CLOSED replica.
2019-09-16 17:59:46,301 [grpc-default-executor-3] INFO  interfaces.Container (KeyValueContainer.java:flushAndSyncDB(386)) - Container 2 is synced with bcsId 0.
2019-09-16 17:59:46,301 [grpc-default-executor-3] INFO  interfaces.Container (KeyValueContainer.java:flushAndSyncDB(386)) - Container 2 is synced with bcsId 0.
2019-09-16 17:59:46,316 [EventQueue-IncrementalContainerReportForIncrementalContainerReportHandler] INFO  container.IncrementalContainerReportHandler (AbstractContainerReportHandler.java:updateContainerState(169)) - Moving container #2 to QUASI_CLOSED state, datanode d2644fda-0f6b-4964-8120-db19826e02a4{ip: 192.168.157.233, host: pr-hdds-2120-x62sn-1884063469, networkLocation: /default-rack, certSerialId: null} reported QUASI_CLOSED replica.
2019-09-16 17:59:46,329 [grpc-default-executor-3] INFO  impl.RaftServerProxy (RaftServerProxy.java:remove(95)) - 7631069e-55aa-48aa-a80c-68f378536a45: remove    LEADER 7631069e-55aa-48aa-a80c-68f378536a45@group-D5120AE2D385:t1, leader=7631069e-55aa-48aa-a80c-68f378536a45, voted=7631069e-55aa-48aa-a80c-68f378536a45, raftlog=7631069e-55aa-48aa-a80c-68f378536a45@group-D5120AE2D385-SegmentedRaftLog:OPENED:c16,f16,i21, conf=0: [7631069e-55aa-48aa-a80c-68f378536a45:192.168.157.233:39369, 59cccd2f-755e-4c45-a890-da01592df45f:192.168.157.233:42719, d2644fda-0f6b-4964-8120-db19826e02a4:192.168.157.233:37608], old=null RUNNING
2019-09-16 17:59:46,329 [grpc-default-executor-3] INFO  impl.RaftServerImpl (RaftServerImpl.java:lambda$shutdown$3(251)) - 7631069e-55aa-48aa-a80c-68f378536a45@group-D5120AE2D385: shutdown
2019-09-16 17:59:46,330 [grpc-default-executor-3] INFO  util.JmxRegister (JmxRegister.java:unregister(73)) - Successfully un-registered JMX Bean with object name Ratis:service=RaftServer,group=group-D5120AE2D385,id=7631069e-55aa-48aa-a80c-68f378536a45
2019-09-16 17:59:46,330 [grpc-default-executor-3] INFO  impl.RoleInfo (RoleInfo.java:shutdownLeaderState(104)) - 7631069e-55aa-48aa-a80c-68f378536a45: shutdown LeaderState
2019-09-16 17:59:46,332 [org.apache.ratis.server.impl.LogAppender$AppenderDaemon$$Lambda$507/793688760@373d288c] WARN  server.GrpcLogAppender (GrpcLogAppender.java:mayWait(143)) - 7631069e-55aa-48aa-a80c-68f378536a45@group-D5120AE2D385->59cccd2f-755e-4c45-a890-da01592df45f-GrpcLogAppender: Wait interrupted by java.lang.InterruptedException
2019-09-16 17:59:46,332 [grpc-default-executor-3] INFO  impl.PendingRequests (PendingRequests.java:sendNotLeaderResponses(202)) - 7631069e-55aa-48aa-a80c-68f378536a45-PendingRequests: sendNotLeaderResponses
2019-09-16 17:59:46,332 [org.apache.ratis.server.impl.LogAppender$AppenderDaemon$$Lambda$507/793688760@40c0b097] WARN  server.GrpcLogAppender (GrpcLogAppender.java:mayWait(143)) - 7631069e-55aa-48aa-a80c-68f378536a45@group-D5120AE2D385->d2644fda-0f6b-4964-8120-db19826e02a4-GrpcLogAppender: Wait interrupted by java.lang.InterruptedException
2019-09-16 17:59:46,335 [grpc-default-executor-1] INFO  server.GrpcServerProtocolService (GrpcServerProtocolService.java:onCompleted(113)) - d2644fda-0f6b-4964-8120-db19826e02a4: Completed APPEND_ENTRIES, lastRequest: 7631069e-55aa-48aa-a80c-68f378536a45->d2644fda-0f6b-4964-8120-db19826e02a4#95-t1, previous=(t:1, i:21), leaderCommit=16, initializing? false, entries: <empty>
2019-09-16 17:59:46,335 [grpc-default-executor-2] INFO  server.GrpcServerProtocolService (GrpcServerProtocolService.java:onCompleted(113)) - 59cccd2f-755e-4c45-a890-da01592df45f: Completed APPEND_ENTRIES, lastRequest: 7631069e-55aa-48aa-a80c-68f378536a45->59cccd2f-755e-4c45-a890-da01592df45f#95-t1, previous=(t:1, i:21), leaderCommit=16, initializing? false, entries: <empty>
2019-09-16 17:59:46,337 [grpc-default-executor-2] INFO  server.GrpcLogAppender (GrpcLogAppender.java:onCompleted(293)) - 7631069e-55aa-48aa-a80c-68f378536a45@group-D5120AE2D385->d2644fda-0f6b-4964-8120-db19826e02a4-AppendLogResponseHandler: follower responses appendEntries COMPLETED
2019-09-16 17:59:46,339 [grpc-default-executor-4] INFO  server.GrpcLogAppender (GrpcLogAppender.java:onCompleted(293)) - 7631069e-55aa-48aa-a80c-68f378536a45@group-D5120AE2D385->59cccd2f-755e-4c45-a890-da01592df45f-AppendLogResponseHandler: follower responses appendEntries COMPLETED
2019-09-16 17:59:46,339 [grpc-default-executor-2] INFO  impl.FollowerInfo (FollowerInfo.java:lambda$new$0(51)) - 7631069e-55aa-48aa-a80c-68f378536a45@group-D5120AE2D385->d2644fda-0f6b-4964-8120-db19826e02a4: nextIndex: updateUnconditionally 22 -> 17
2019-09-16 17:59:46,339 [grpc-default-executor-4] INFO  impl.FollowerInfo (FollowerInfo.java:lambda$new$0(51)) - 7631069e-55aa-48aa-a80c-68f378536a45@group-D5120AE2D385->59cccd2f-755e-4c45-a890-da01592df45f: nextIndex: updateUnconditionally 22 -> 17
2019-09-16 17:59:46,343 [grpc-default-executor-3] INFO  impl.StateMachineUpdater (StateMachineUpdater.java:stopAndJoin(125)) - 7631069e-55aa-48aa-a80c-68f378536a45@group-D5120AE2D385-StateMachineUpdater: set stopIndex = 16
2019-09-16 17:59:46,344 [7631069e-55aa-48aa-a80c-68f378536a45@group-D5120AE2D385-StateMachineUpdater] INFO  ratis.ContainerStateMachine (ContainerStateMachine.java:takeSnapshot(289)) - group-D5120AE2D385: Taking a snapshot at:(t:1, i:14) file /workdir/hadoop-ozone/tools/target/test-dir/MiniOzoneClusterImpl-15d0669d-b250-4261-9bfd-fa60101ddcc7/datanode-2/data/ratis/8976a1a2-b138-4af7-bd61-d5120ae2d385/sm/snapshot.1_14
2019-09-16 17:59:46,352 [7631069e-55aa-48aa-a80c-68f378536a45@group-D5120AE2D385-StateMachineUpdater] INFO  ratis.ContainerStateMachine (ContainerStateMachine.java:takeSnapshot(300)) - group-D5120AE2D385: Finished taking a snapshot at:(t:1, i:14) file:/workdir/hadoop-ozone/tools/target/test-dir/MiniOzoneClusterImpl-15d0669d-b250-4261-9bfd-fa60101ddcc7/datanode-2/data/ratis/8976a1a2-b138-4af7-bd61-d5120ae2d385/sm/snapshot.1_14 time:8
2019-09-16 17:59:46,352 [7631069e-55aa-48aa-a80c-68f378536a45@group-D5120AE2D385-StateMachineUpdater] INFO  impl.StateMachineUpdater (StateMachineUpdater.java:takeSnapshot(258)) - 7631069e-55aa-48aa-a80c-68f378536a45@group-D5120AE2D385-StateMachineUpdater: Took a snapshot at index 14
2019-09-16 17:59:46,352 [7631069e-55aa-48aa-a80c-68f378536a45@group-D5120AE2D385-StateMachineUpdater] INFO  impl.StateMachineUpdater (StateMachineUpdater.java:lambda$new$0(83)) - 7631069e-55aa-48aa-a80c-68f378536a45@group-D5120AE2D385-StateMachineUpdater: snapshotIndex: updateIncreasingly -1 -> 14
2019-09-16 17:59:46,352 [7631069e-55aa-48aa-a80c-68f378536a45@group-D5120AE2D385-StateMachineUpdater] INFO  ratis.ContainerStateMachine (ContainerStateMachine.java:takeSnapshot(289)) - group-D5120AE2D385: Taking a snapshot at:(t:1, i:14) file /workdir/hadoop-ozone/tools/target/test-dir/MiniOzoneClusterImpl-15d0669d-b250-4261-9bfd-fa60101ddcc7/datanode-2/data/ratis/8976a1a2-b138-4af7-bd61-d5120ae2d385/sm/snapshot.1_14
2019-09-16 17:59:46,353 [Command processor thread] ERROR commandhandler.CloseContainerCommandHandler (CloseContainerCommandHandler.java:handle(125)) - Can't close container #2
java.io.IOException: org.apache.ratis.protocol.GroupMismatchException: 7631069e-55aa-48aa-a80c-68f378536a45: group-D5120AE2D385 not found.
	at org.apache.hadoop.ozone.container.common.transport.server.ratis.XceiverServerRatis.submitRequest(XceiverServerRatis.java:495)
	at org.apache.hadoop.ozone.container.common.statemachine.commandhandler.CloseContainerCommandHandler.handle(CloseContainerCommandHandler.java:102)
	at org.apache.hadoop.ozone.container.common.statemachine.commandhandler.CommandDispatcher.handle(CommandDispatcher.java:99)
	at org.apache.hadoop.ozone.container.common.statemachine.DatanodeStateMachine.lambda$initCommandHandlerThread$1(DatanodeStateMachine.java:432)
	at java.lang.Thread.run(Thread.java:748)
Caused by: java.util.concurrent.ExecutionException: org.apache.ratis.protocol.GroupMismatchException: 7631069e-55aa-48aa-a80c-68f378536a45: group-D5120AE2D385 not found.
	at java.util.concurrent.CompletableFuture.reportGet(CompletableFuture.java:357)
	at java.util.concurrent.CompletableFuture.get(CompletableFuture.java:1895)
	at org.apache.hadoop.ozone.container.common.transport.server.ratis.XceiverServerRatis.submitRequest(XceiverServerRatis.java:493)
	... 4 more
Caused by: org.apache.ratis.protocol.GroupMismatchException: 7631069e-55aa-48aa-a80c-68f378536a45: group-D5120AE2D385 not found.
	at org.apache.ratis.server.impl.RaftServerProxy$ImplMap.get(RaftServerProxy.java:122)
	at org.apache.ratis.server.impl.RaftServerProxy.getImplFuture(RaftServerProxy.java:269)
	at org.apache.ratis.server.impl.RaftServerProxy.submitRequest(RaftServerProxy.java:327)
	at org.apache.ratis.server.impl.RaftServerProxy.submitClientRequestAsync(RaftServerProxy.java:333)
	... 5 more
2019-09-16 17:59:46,353 [Command processor thread] ERROR commandhandler.CloseContainerCommandHandler (CloseContainerCommandHandler.java:handle(84)) - Container #3 does not exist in datanode. Container close failed.
2019-09-16 17:59:46,355 [7631069e-55aa-48aa-a80c-68f378536a45@group-D5120AE2D385-StateMachineUpdater] INFO  ratis.ContainerStateMachine (ContainerStateMachine.java:takeSnapshot(300)) - group-D5120AE2D385: Finished taking a snapshot at:(t:1, i:14) file:/workdir/hadoop-ozone/tools/target/test-dir/MiniOzoneClusterImpl-15d0669d-b250-4261-9bfd-fa60101ddcc7/datanode-2/data/ratis/8976a1a2-b138-4af7-bd61-d5120ae2d385/sm/snapshot.1_14 time:2
2019-09-16 17:59:46,355 [7631069e-55aa-48aa-a80c-68f378536a45@group-D5120AE2D385-StateMachineUpdater] INFO  impl.StateMachineUpdater (StateMachineUpdater.java:takeSnapshot(258)) - 7631069e-55aa-48aa-a80c-68f378536a45@group-D5120AE2D385-StateMachineUpdater: Took a snapshot at index 14
2019-09-16 17:59:46,355 [7631069e-55aa-48aa-a80c-68f378536a45@group-D5120AE2D385-StateMachineUpdater] INFO  impl.StateMachineUpdater (StateMachineUpdater.java:lambda$new$0(83)) - 7631069e-55aa-48aa-a80c-68f378536a45@group-D5120AE2D385-StateMachineUpdater: snapshotIndex: updateIncreasingly 14 -> 14
2019-09-16 17:59:46,355 [grpc-default-executor-3] INFO  impl.RaftServerImpl (ServerState.java:close(385)) - 7631069e-55aa-48aa-a80c-68f378536a45@group-D5120AE2D385: closes. applyIndex: 16
2019-09-16 17:59:46,356 [7631069e-55aa-48aa-a80c-68f378536a45@group-D5120AE2D385-SegmentedRaftLogWorker] ERROR ratis.XceiverServerRatis (XceiverServerRatis.java:triggerPipelineClose(568)) - pipeline Action CLOSE  on pipeline PipelineID=8976a1a2-b138-4af7-bd61-d5120ae2d385.Reason : WriteLog:19: (t:1, i:19), STATEMACHINELOGENTRY, client-B56BA4945CBF, cid=17-writeStateMachineData interrupted.
2019-09-16 17:59:46,357 [EventQueue-PipelineActionsForPipelineActionHandler] ERROR pipeline.PipelineActionHandler (PipelineActionHandler.java:onMessage(60)) - Received pipeline action CLOSE for Pipeline[ Id: 8976a1a2-b138-4af7-bd61-d5120ae2d385, Nodes: d2644fda-0f6b-4964-8120-db19826e02a4{ip: 192.168.157.233, host: pr-hdds-2120-x62sn-1884063469, networkLocation: /default-rack, certSerialId: null}7631069e-55aa-48aa-a80c-68f378536a45{ip: 192.168.157.233, host: pr-hdds-2120-x62sn-1884063469, networkLocation: /default-rack, certSerialId: null}59cccd2f-755e-4c45-a890-da01592df45f{ip: 192.168.157.233, host: pr-hdds-2120-x62sn-1884063469, networkLocation: /default-rack, certSerialId: null}, Type:RATIS, Factor:THREE, State:CLOSED] from datanode 7631069e-55aa-48aa-a80c-68f378536a45{ip: 192.168.157.233, host: pr-hdds-2120-x62sn-1884063469, networkLocation: /default-rack, certSerialId: null}. Reason : WriteLog:19: (t:1, i:19), STATEMACHINELOGENTRY, client-B56BA4945CBF, cid=17-writeStateMachineData interrupted.
2019-09-16 17:59:46,358 [EventQueue-PipelineActionsForPipelineActionHandler] INFO  pipeline.SCMPipelineManager (SCMPipelineManager.java:finalizeAndDestroyPipeline(311)) - destroying pipeline:Pipeline[ Id: 8976a1a2-b138-4af7-bd61-d5120ae2d385, Nodes: d2644fda-0f6b-4964-8120-db19826e02a4{ip: 192.168.157.233, host: pr-hdds-2120-x62sn-1884063469, networkLocation: /default-rack, certSerialId: null}7631069e-55aa-48aa-a80c-68f378536a45{ip: 192.168.157.233, host: pr-hdds-2120-x62sn-1884063469, networkLocation: /default-rack, certSerialId: null}59cccd2f-755e-4c45-a890-da01592df45f{ip: 192.168.157.233, host: pr-hdds-2120-x62sn-1884063469, networkLocation: /default-rack, certSerialId: null}, Type:RATIS, Factor:THREE, State:CLOSED]
2019-09-16 17:59:46,358 [grpc-default-executor-3] INFO  segmented.SegmentedRaftLogWorker (SegmentedRaftLogWorker.java:close(228)) - 7631069e-55aa-48aa-a80c-68f378536a45@group-D5120AE2D385-SegmentedRaftLogWorker close()
2019-09-16 17:59:46,363 [grpc-default-executor-3] INFO  interfaces.Container (KeyValueContainer.java:flushAndSyncDB(386)) - Container 1 is synced with bcsId 12.
2019-09-16 17:59:46,363 [grpc-default-executor-3] INFO  interfaces.Container (KeyValueContainer.java:flushAndSyncDB(386)) - Container 1 is synced with bcsId 12.
 0.00% |█                                                                                                    |  0/1 Time: 0:03:122019-09-16 17:59:46,418 [grpc-default-executor-3] INFO  interfaces.Container (KeyValueContainer.java:flushAndSyncDB(386)) - Container 2 is synced with bcsId 0.
2019-09-16 17:59:46,418 [grpc-default-executor-3] INFO  interfaces.Container (KeyValueContainer.java:flushAndSyncDB(386)) - Container 2 is synced with bcsId 0.
2019-09-16 17:59:46,440 [grpc-default-executor-3] INFO  impl.RaftServerProxy (RaftServerProxy.java:remove(95)) - 59cccd2f-755e-4c45-a890-da01592df45f: remove  FOLLOWER 59cccd2f-755e-4c45-a890-da01592df45f@group-D5120AE2D385:t1, leader=7631069e-55aa-48aa-a80c-68f378536a45, voted=7631069e-55aa-48aa-a80c-68f378536a45, raftlog=59cccd2f-755e-4c45-a890-da01592df45f@group-D5120AE2D385-SegmentedRaftLog:OPENED:c16,f16,i21, conf=0: [7631069e-55aa-48aa-a80c-68f378536a45:192.168.157.233:39369, 59cccd2f-755e-4c45-a890-da01592df45f:192.168.157.233:42719, d2644fda-0f6b-4964-8120-db19826e02a4:192.168.157.233:37608], old=null RUNNING
2019-09-16 17:59:46,440 [grpc-default-executor-3] INFO  impl.RaftServerImpl (RaftServerImpl.java:lambda$shutdown$3(251)) - 59cccd2f-755e-4c45-a890-da01592df45f@group-D5120AE2D385: shutdown
2019-09-16 17:59:46,440 [grpc-default-executor-3] INFO  util.JmxRegister (JmxRegister.java:unregister(73)) - Successfully un-registered JMX Bean with object name Ratis:service=RaftServer,group=group-D5120AE2D385,id=59cccd2f-755e-4c45-a890-da01592df45f
2019-09-16 17:59:46,440 [grpc-default-executor-3] INFO  impl.RoleInfo (RoleInfo.java:shutdownFollowerState(121)) - 59cccd2f-755e-4c45-a890-da01592df45f: shutdown FollowerState
2019-09-16 17:59:46,440 [grpc-default-executor-3] INFO  impl.StateMachineUpdater (StateMachineUpdater.java:stopAndJoin(125)) - 59cccd2f-755e-4c45-a890-da01592df45f@group-D5120AE2D385-StateMachineUpdater: set stopIndex = 16
2019-09-16 17:59:46,440 [Thread-223] INFO  impl.FollowerState (FollowerState.java:run(115)) - 59cccd2f-755e-4c45-a890-da01592df45f: FollowerState was interrupted: java.lang.InterruptedException: sleep interrupted
2019-09-16 17:59:46,440 [59cccd2f-755e-4c45-a890-da01592df45f@group-D5120AE2D385-StateMachineUpdater] INFO  ratis.ContainerStateMachine (ContainerStateMachine.java:takeSnapshot(289)) - group-D5120AE2D385: Taking a snapshot at:(t:1, i:12) file /workdir/hadoop-ozone/tools/target/test-dir/MiniOzoneClusterImpl-15d0669d-b250-4261-9bfd-fa60101ddcc7/datanode-0/data/ratis/8976a1a2-b138-4af7-bd61-d5120ae2d385/sm/snapshot.1_12
2019-09-16 17:59:46,454 [59cccd2f-755e-4c45-a890-da01592df45f@group-D5120AE2D385-StateMachineUpdater] INFO  ratis.ContainerStateMachine (ContainerStateMachine.java:takeSnapshot(300)) - group-D5120AE2D385: Finished taking a snapshot at:(t:1, i:12) file:/workdir/hadoop-ozone/tools/target/test-dir/MiniOzoneClusterImpl-15d0669d-b250-4261-9bfd-fa60101ddcc7/datanode-0/data/ratis/8976a1a2-b138-4af7-bd61-d5120ae2d385/sm/snapshot.1_12 time:14
2019-09-16 17:59:46,454 [59cccd2f-755e-4c45-a890-da01592df45f@group-D5120AE2D385-StateMachineUpdater] INFO  impl.StateMachineUpdater (StateMachineUpdater.java:takeSnapshot(258)) - 59cccd2f-755e-4c45-a890-da01592df45f@group-D5120AE2D385-StateMachineUpdater: Took a snapshot at index 12
2019-09-16 17:59:46,454 [59cccd2f-755e-4c45-a890-da01592df45f@group-D5120AE2D385-StateMachineUpdater] INFO  impl.StateMachineUpdater (StateMachineUpdater.java:lambda$new$0(83)) - 59cccd2f-755e-4c45-a890-da01592df45f@group-D5120AE2D385-StateMachineUpdater: snapshotIndex: updateIncreasingly -1 -> 12
2019-09-16 17:59:46,454 [59cccd2f-755e-4c45-a890-da01592df45f@group-D5120AE2D385-StateMachineUpdater] INFO  ratis.ContainerStateMachine (ContainerStateMachine.java:takeSnapshot(289)) - group-D5120AE2D385: Taking a snapshot at:(t:1, i:12) file /workdir/hadoop-ozone/tools/target/test-dir/MiniOzoneClusterImpl-15d0669d-b250-4261-9bfd-fa60101ddcc7/datanode-0/data/ratis/8976a1a2-b138-4af7-bd61-d5120ae2d385/sm/snapshot.1_12
2019-09-16 17:59:46,467 [59cccd2f-755e-4c45-a890-da01592df45f@group-D5120AE2D385-StateMachineUpdater] INFO  ratis.ContainerStateMachine (ContainerStateMachine.java:takeSnapshot(300)) - group-D5120AE2D385: Finished taking a snapshot at:(t:1, i:12) file:/workdir/hadoop-ozone/tools/target/test-dir/MiniOzoneClusterImpl-15d0669d-b250-4261-9bfd-fa60101ddcc7/datanode-0/data/ratis/8976a1a2-b138-4af7-bd61-d5120ae2d385/sm/snapshot.1_12 time:12
2019-09-16 17:59:46,467 [59cccd2f-755e-4c45-a890-da01592df45f@group-D5120AE2D385-StateMachineUpdater] INFO  impl.StateMachineUpdater (StateMachineUpdater.java:takeSnapshot(258)) - 59cccd2f-755e-4c45-a890-da01592df45f@group-D5120AE2D385-StateMachineUpdater: Took a snapshot at index 12
2019-09-16 17:59:46,467 [59cccd2f-755e-4c45-a890-da01592df45f@group-D5120AE2D385-StateMachineUpdater] INFO  impl.StateMachineUpdater (StateMachineUpdater.java:lambda$new$0(83)) - 59cccd2f-755e-4c45-a890-da01592df45f@group-D5120AE2D385-StateMachineUpdater: snapshotIndex: updateIncreasingly 12 -> 12
2019-09-16 17:59:46,467 [grpc-default-executor-3] INFO  impl.RaftServerImpl (ServerState.java:close(385)) - 59cccd2f-755e-4c45-a890-da01592df45f@group-D5120AE2D385: closes. applyIndex: 16
2019-09-16 17:59:46,469 [59cccd2f-755e-4c45-a890-da01592df45f@group-D5120AE2D385-SegmentedRaftLogWorker] ERROR ratis.XceiverServerRatis (XceiverServerRatis.java:triggerPipelineClose(568)) - pipeline Action CLOSE  on pipeline PipelineID=8976a1a2-b138-4af7-bd61-d5120ae2d385.Reason : WriteLog:19: (t:1, i:19), STATEMACHINELOGENTRY, client-B56BA4945CBF, cid=17-writeStateMachineData interrupted.
2019-09-16 17:59:46,471 [EventQueue-PipelineActionsForPipelineActionHandler] ERROR pipeline.PipelineActionHandler (PipelineActionHandler.java:onMessage(60)) - Received pipeline action CLOSE for Pipeline[ Id: 8976a1a2-b138-4af7-bd61-d5120ae2d385, Nodes: d2644fda-0f6b-4964-8120-db19826e02a4{ip: 192.168.157.233, host: pr-hdds-2120-x62sn-1884063469, networkLocation: /default-rack, certSerialId: null}7631069e-55aa-48aa-a80c-68f378536a45{ip: 192.168.157.233, host: pr-hdds-2120-x62sn-1884063469, networkLocation: /default-rack, certSerialId: null}59cccd2f-755e-4c45-a890-da01592df45f{ip: 192.168.157.233, host: pr-hdds-2120-x62sn-1884063469, networkLocation: /default-rack, certSerialId: null}, Type:RATIS, Factor:THREE, State:CLOSED] from datanode 59cccd2f-755e-4c45-a890-da01592df45f{ip: 192.168.157.233, host: pr-hdds-2120-x62sn-1884063469, networkLocation: /default-rack, certSerialId: null}. Reason : WriteLog:19: (t:1, i:19), STATEMACHINELOGENTRY, client-B56BA4945CBF, cid=17-writeStateMachineData interrupted.
2019-09-16 17:59:46,471 [EventQueue-PipelineActionsForPipelineActionHandler] INFO  pipeline.SCMPipelineManager (SCMPipelineManager.java:finalizeAndDestroyPipeline(311)) - destroying pipeline:Pipeline[ Id: 8976a1a2-b138-4af7-bd61-d5120ae2d385, Nodes: d2644fda-0f6b-4964-8120-db19826e02a4{ip: 192.168.157.233, host: pr-hdds-2120-x62sn-1884063469, networkLocation: /default-rack, certSerialId: null}7631069e-55aa-48aa-a80c-68f378536a45{ip: 192.168.157.233, host: pr-hdds-2120-x62sn-1884063469, networkLocation: /default-rack, certSerialId: null}59cccd2f-755e-4c45-a890-da01592df45f{ip: 192.168.157.233, host: pr-hdds-2120-x62sn-1884063469, networkLocation: /default-rack, certSerialId: null}, Type:RATIS, Factor:THREE, State:CLOSED]
2019-09-16 17:59:46,481 [grpc-default-executor-3] INFO  segmented.SegmentedRaftLogWorker (SegmentedRaftLogWorker.java:close(228)) - 59cccd2f-755e-4c45-a890-da01592df45f@group-D5120AE2D385-SegmentedRaftLogWorker close()
2019-09-16 17:59:46,495 [grpc-default-executor-3] INFO  interfaces.Container (KeyValueContainer.java:flushAndSyncDB(386)) - Container 1 is synced with bcsId 12.
2019-09-16 17:59:46,495 [grpc-default-executor-3] INFO  interfaces.Container (KeyValueContainer.java:flushAndSyncDB(386)) - Container 1 is synced with bcsId 12.
2019-09-16 17:59:46,575 [grpc-default-executor-3] INFO  interfaces.Container (KeyValueContainer.java:flushAndSyncDB(386)) - Container 2 is synced with bcsId 0.
2019-09-16 17:59:46,575 [grpc-default-executor-3] INFO  interfaces.Container (KeyValueContainer.java:flushAndSyncDB(386)) - Container 2 is synced with bcsId 0.
2019-09-16 17:59:46,587 [RatisPipelineUtilsThread] INFO  pipeline.PipelineStateManager (PipelineStateManager.java:removePipeline(108)) - Pipeline Pipeline[ Id: 8976a1a2-b138-4af7-bd61-d5120ae2d385, Nodes: d2644fda-0f6b-4964-8120-db19826e02a4{ip: 192.168.157.233, host: pr-hdds-2120-x62sn-1884063469, networkLocation: /default-rack, certSerialId: null}7631069e-55aa-48aa-a80c-68f378536a45{ip: 192.168.157.233, host: pr-hdds-2120-x62sn-1884063469, networkLocation: /default-rack, certSerialId: null}59cccd2f-755e-4c45-a890-da01592df45f{ip: 192.168.157.233, host: pr-hdds-2120-x62sn-1884063469, networkLocation: /default-rack, certSerialId: null}, Type:RATIS, Factor:THREE, State:CLOSED] removed from db
2019-09-16 17:59:46,603 [grpc-default-executor-4] INFO  impl.RaftServerProxy (RaftServerProxy.java:addNew(89)) - 59cccd2f-755e-4c45-a890-da01592df45f: addNew group-D3A6482546DD:[7631069e-55aa-48aa-a80c-68f378536a45:192.168.157.233:39369, 59cccd2f-755e-4c45-a890-da01592df45f:192.168.157.233:42719, d2644fda-0f6b-4964-8120-db19826e02a4:192.168.157.233:37608] returns group-D3A6482546DD:java.util.concurrent.CompletableFuture@229dd5a0[Not completed]
2019-09-16 17:59:46,604 [grpc-default-executor-4] INFO  impl.RaftServerProxy (RaftServerProxy.java:addNew(89)) - d2644fda-0f6b-4964-8120-db19826e02a4: addNew group-D3A6482546DD:[7631069e-55aa-48aa-a80c-68f378536a45:192.168.157.233:39369, 59cccd2f-755e-4c45-a890-da01592df45f:192.168.157.233:42719, d2644fda-0f6b-4964-8120-db19826e02a4:192.168.157.233:37608] returns group-D3A6482546DD:java.util.concurrent.CompletableFuture@26a2452b[Not completed]
2019-09-16 17:59:46,605 [grpc-default-executor-3] INFO  impl.RaftServerProxy (RaftServerProxy.java:addNew(89)) - 7631069e-55aa-48aa-a80c-68f378536a45: addNew group-D3A6482546DD:[7631069e-55aa-48aa-a80c-68f378536a45:192.168.157.233:39369, 59cccd2f-755e-4c45-a890-da01592df45f:192.168.157.233:42719, d2644fda-0f6b-4964-8120-db19826e02a4:192.168.157.233:37608] returns group-D3A6482546DD:java.util.concurrent.CompletableFuture@26dcbe26[Not completed]
2019-09-16 17:59:46,608 [pool-27-thread-1] INFO  impl.RaftServerImpl (RaftServerImpl.java:<init>(95)) - 59cccd2f-755e-4c45-a890-da01592df45f: new RaftServerImpl for group-D3A6482546DD:[7631069e-55aa-48aa-a80c-68f378536a45:192.168.157.233:39369, 59cccd2f-755e-4c45-a890-da01592df45f:192.168.157.233:42719, d2644fda-0f6b-4964-8120-db19826e02a4:192.168.157.233:37608] with ContainerStateMachine:uninitialized
2019-09-16 17:59:46,608 [pool-27-thread-1] INFO  server.RaftServerConfigKeys (ConfUtils.java:logGet(43)) - raft.server.rpc.timeout.min = 5s (custom)
2019-09-16 17:59:46,608 [pool-27-thread-1] INFO  server.RaftServerConfigKeys (ConfUtils.java:logGet(43)) - raft.server.rpc.timeout.max = 5200ms (custom)
2019-09-16 17:59:46,608 [pool-27-thread-1] INFO  server.RaftServerConfigKeys (ConfUtils.java:logGet(43)) - raft.server.rpcslowness.timeout = 120s (custom)
2019-09-16 17:59:46,608 [pool-27-thread-1] INFO  server.RaftServerConfigKeys (ConfUtils.java:logGet(43)) - raft.server.sleep.deviation.threshold = 300 (default)
2019-09-16 17:59:46,609 [pool-27-thread-1] INFO  server.RaftServerConfigKeys (ConfUtils.java:logGet(43)) - raft.server.log.appender.install.snapshot.enabled = false (custom)
2019-09-16 17:59:46,609 [pool-47-thread-1] INFO  impl.RaftServerImpl (RaftServerImpl.java:<init>(95)) - 7631069e-55aa-48aa-a80c-68f378536a45: new RaftServerImpl for group-D3A6482546DD:[7631069e-55aa-48aa-a80c-68f378536a45:192.168.157.233:39369, 59cccd2f-755e-4c45-a890-da01592df45f:192.168.157.233:42719, d2644fda-0f6b-4964-8120-db19826e02a4:192.168.157.233:37608] with ContainerStateMachine:uninitialized
2019-09-16 17:59:46,609 [pool-27-thread-1] INFO  impl.RaftServerImpl (ServerState.java:<init>(103)) - 59cccd2f-755e-4c45-a890-da01592df45f@group-D3A6482546DD: ConfigurationManager, init=-1: [7631069e-55aa-48aa-a80c-68f378536a45:192.168.157.233:39369, 59cccd2f-755e-4c45-a890-da01592df45f:192.168.157.233:42719, d2644fda-0f6b-4964-8120-db19826e02a4:192.168.157.233:37608], old=null, confs=<EMPTY_MAP>
2019-09-16 17:59:46,609 [pool-47-thread-1] INFO  server.RaftServerConfigKeys (ConfUtils.java:logGet(43)) - raft.server.rpc.timeout.min = 5s (custom)
2019-09-16 17:59:46,609 [pool-47-thread-1] INFO  server.RaftServerConfigKeys (ConfUtils.java:logGet(43)) - raft.server.rpc.timeout.max = 5200ms (custom)
2019-09-16 17:59:46,609 [pool-27-thread-1] INFO  server.RaftServerConfigKeys (ConfUtils.java:logGet(43)) - raft.server.storage.dir = [/workdir/hadoop-ozone/tools/target/test-dir/MiniOzoneClusterImpl-15d0669d-b250-4261-9bfd-fa60101ddcc7/datanode-0/data/ratis] (custom)
2019-09-16 17:59:46,609 [pool-37-thread-1] INFO  impl.RaftServerImpl (RaftServerImpl.java:<init>(95)) - d2644fda-0f6b-4964-8120-db19826e02a4: new RaftServerImpl for group-D3A6482546DD:[7631069e-55aa-48aa-a80c-68f378536a45:192.168.157.233:39369, 59cccd2f-755e-4c45-a890-da01592df45f:192.168.157.233:42719, d2644fda-0f6b-4964-8120-db19826e02a4:192.168.157.233:37608] with ContainerStateMachine:uninitialized
2019-09-16 17:59:46,609 [pool-47-thread-1] INFO  server.RaftServerConfigKeys (ConfUtils.java:logGet(43)) - raft.server.rpcslowness.timeout = 120s (custom)
2019-09-16 17:59:46,610 [pool-37-thread-1] INFO  server.RaftServerConfigKeys (ConfUtils.java:logGet(43)) - raft.server.rpc.timeout.min = 5s (custom)
2019-09-16 17:59:46,610 [pool-47-thread-1] INFO  server.RaftServerConfigKeys (ConfUtils.java:logGet(43)) - raft.server.sleep.deviation.threshold = 300 (default)
2019-09-16 17:59:46,610 [pool-27-thread-1] INFO  storage.RaftStorageDirectory (RaftStorageDirectory.java:analyzeStorage(246)) - The storage directory /workdir/hadoop-ozone/tools/target/test-dir/MiniOzoneClusterImpl-15d0669d-b250-4261-9bfd-fa60101ddcc7/datanode-0/data/ratis/66c40936-c45e-4d82-92fb-d3a6482546dd does not exist. Creating ...
2019-09-16 17:59:46,610 [pool-37-thread-1] INFO  server.RaftServerConfigKeys (ConfUtils.java:logGet(43)) - raft.server.rpc.timeout.max = 5200ms (custom)
2019-09-16 17:59:46,610 [pool-47-thread-1] INFO  server.RaftServerConfigKeys (ConfUtils.java:logGet(43)) - raft.server.log.appender.install.snapshot.enabled = false (custom)
2019-09-16 17:59:46,610 [pool-37-thread-1] INFO  server.RaftServerConfigKeys (ConfUtils.java:logGet(43)) - raft.server.rpcslowness.timeout = 120s (custom)
2019-09-16 17:59:46,610 [pool-47-thread-1] INFO  impl.RaftServerImpl (ServerState.java:<init>(103)) - 7631069e-55aa-48aa-a80c-68f378536a45@group-D3A6482546DD: ConfigurationManager, init=-1: [7631069e-55aa-48aa-a80c-68f378536a45:192.168.157.233:39369, 59cccd2f-755e-4c45-a890-da01592df45f:192.168.157.233:42719, d2644fda-0f6b-4964-8120-db19826e02a4:192.168.157.233:37608], old=null, confs=<EMPTY_MAP>
2019-09-16 17:59:46,610 [pool-37-thread-1] INFO  server.RaftServerConfigKeys (ConfUtils.java:logGet(43)) - raft.server.sleep.deviation.threshold = 300 (default)
2019-09-16 17:59:46,611 [pool-37-thread-1] INFO  server.RaftServerConfigKeys (ConfUtils.java:logGet(43)) - raft.server.log.appender.install.snapshot.enabled = false (custom)
2019-09-16 17:59:46,611 [pool-47-thread-1] INFO  server.RaftServerConfigKeys (ConfUtils.java:logGet(43)) - raft.server.storage.dir = [/workdir/hadoop-ozone/tools/target/test-dir/MiniOzoneClusterImpl-15d0669d-b250-4261-9bfd-fa60101ddcc7/datanode-2/data/ratis] (custom)
2019-09-16 17:59:46,611 [pool-37-thread-1] INFO  impl.RaftServerImpl (ServerState.java:<init>(103)) - d2644fda-0f6b-4964-8120-db19826e02a4@group-D3A6482546DD: ConfigurationManager, init=-1: [7631069e-55aa-48aa-a80c-68f378536a45:192.168.157.233:39369, 59cccd2f-755e-4c45-a890-da01592df45f:192.168.157.233:42719, d2644fda-0f6b-4964-8120-db19826e02a4:192.168.157.233:37608], old=null, confs=<EMPTY_MAP>
2019-09-16 17:59:46,611 [pool-37-thread-1] INFO  server.RaftServerConfigKeys (ConfUtils.java:logGet(43)) - raft.server.storage.dir = [/workdir/hadoop-ozone/tools/target/test-dir/MiniOzoneClusterImpl-15d0669d-b250-4261-9bfd-fa60101ddcc7/datanode-1/data/ratis] (custom)
2019-09-16 17:59:46,611 [pool-47-thread-1] INFO  storage.RaftStorageDirectory (RaftStorageDirectory.java:analyzeStorage(246)) - The storage directory /workdir/hadoop-ozone/tools/target/test-dir/MiniOzoneClusterImpl-15d0669d-b250-4261-9bfd-fa60101ddcc7/datanode-2/data/ratis/66c40936-c45e-4d82-92fb-d3a6482546dd does not exist. Creating ...
2019-09-16 17:59:46,611 [pool-37-thread-1] INFO  storage.RaftStorageDirectory (RaftStorageDirectory.java:analyzeStorage(246)) - The storage directory /workdir/hadoop-ozone/tools/target/test-dir/MiniOzoneClusterImpl-15d0669d-b250-4261-9bfd-fa60101ddcc7/datanode-1/data/ratis/66c40936-c45e-4d82-92fb-d3a6482546dd does not exist. Creating ...
2019-09-16 17:59:46,614 [pool-37-thread-1] INFO  storage.RaftStorageDirectory (RaftStorageDirectory.java:tryLock(328)) - Lock on /workdir/hadoop-ozone/tools/target/test-dir/MiniOzoneClusterImpl-15d0669d-b250-4261-9bfd-fa60101ddcc7/datanode-1/data/ratis/66c40936-c45e-4d82-92fb-d3a6482546dd/in_use.lock acquired by nodename 23793@pr-hdds-2120-x62sn-1884063469
2019-09-16 17:59:46,614 [pool-27-thread-1] INFO  storage.RaftStorageDirectory (RaftStorageDirectory.java:tryLock(328)) - Lock on /workdir/hadoop-ozone/tools/target/test-dir/MiniOzoneClusterImpl-15d0669d-b250-4261-9bfd-fa60101ddcc7/datanode-0/data/ratis/66c40936-c45e-4d82-92fb-d3a6482546dd/in_use.lock acquired by nodename 23793@pr-hdds-2120-x62sn-1884063469
2019-09-16 17:59:46,614 [pool-47-thread-1] INFO  storage.RaftStorageDirectory (RaftStorageDirectory.java:tryLock(328)) - Lock on /workdir/hadoop-ozone/tools/target/test-dir/MiniOzoneClusterImpl-15d0669d-b250-4261-9bfd-fa60101ddcc7/datanode-2/data/ratis/66c40936-c45e-4d82-92fb-d3a6482546dd/in_use.lock acquired by nodename 23793@pr-hdds-2120-x62sn-1884063469
2019-09-16 17:59:46,618 [pool-37-thread-1] INFO  storage.RaftStorage (RaftStorage.java:format(72)) - Storage directory /workdir/hadoop-ozone/tools/target/test-dir/MiniOzoneClusterImpl-15d0669d-b250-4261-9bfd-fa60101ddcc7/datanode-1/data/ratis/66c40936-c45e-4d82-92fb-d3a6482546dd has been successfully formatted.
2019-09-16 17:59:46,618 [pool-47-thread-1] INFO  storage.RaftStorage (RaftStorage.java:format(72)) - Storage directory /workdir/hadoop-ozone/tools/target/test-dir/MiniOzoneClusterImpl-15d0669d-b250-4261-9bfd-fa60101ddcc7/datanode-2/data/ratis/66c40936-c45e-4d82-92fb-d3a6482546dd has been successfully formatted.
2019-09-16 17:59:46,618 [pool-37-thread-1] INFO  ratis.ContainerStateMachine (ContainerStateMachine.java:loadSnapshot(230)) - group-D3A6482546DD: The snapshot info is null. Setting the last applied indexto:(t:0, i:~)
2019-09-16 17:59:46,618 [pool-27-thread-1] INFO  storage.RaftStorage (RaftStorage.java:format(72)) - Storage directory /workdir/hadoop-ozone/tools/target/test-dir/MiniOzoneClusterImpl-15d0669d-b250-4261-9bfd-fa60101ddcc7/datanode-0/data/ratis/66c40936-c45e-4d82-92fb-d3a6482546dd has been successfully formatted.
2019-09-16 17:59:46,619 [pool-47-thread-1] INFO  ratis.ContainerStateMachine (ContainerStateMachine.java:loadSnapshot(230)) - group-D3A6482546DD: The snapshot info is null. Setting the last applied indexto:(t:0, i:~)
2019-09-16 17:59:46,619 [pool-27-thread-1] INFO  ratis.ContainerStateMachine (ContainerStateMachine.java:loadSnapshot(230)) - group-D3A6482546DD: The snapshot info is null. Setting the last applied indexto:(t:0, i:~)
2019-09-16 17:59:46,619 [pool-37-thread-1] INFO  server.RaftServerConfigKeys (ConfUtils.java:logGet(43)) - raft.server.notification.no-leader.timeout = 120s (custom)
2019-09-16 17:59:46,619 [pool-27-thread-1] INFO  server.RaftServerConfigKeys (ConfUtils.java:logGet(43)) - raft.server.notification.no-leader.timeout = 120s (custom)
2019-09-16 17:59:46,619 [pool-47-thread-1] INFO  server.RaftServerConfigKeys (ConfUtils.java:logGet(43)) - raft.server.notification.no-leader.timeout = 120s (custom)
2019-09-16 17:59:46,620 [pool-27-thread-1] INFO  server.RaftServerConfigKeys (ConfUtils.java:logGet(43)) - raft.server.log.use.memory = false (default)
2019-09-16 17:59:46,619 [pool-37-thread-1] INFO  server.RaftServerConfigKeys (ConfUtils.java:logGet(43)) - raft.server.log.use.memory = false (default)
2019-09-16 17:59:46,620 [pool-47-thread-1] INFO  server.RaftServerConfigKeys (ConfUtils.java:logGet(43)) - raft.server.log.use.memory = false (default)
2019-09-16 17:59:46,620 [pool-27-thread-1] INFO  server.RaftServerConfigKeys (ConfUtils.java:logGet(43)) - raft.server.log.purge.gap = 1000000 (custom)
2019-09-16 17:59:46,620 [pool-37-thread-1] INFO  server.RaftServerConfigKeys (ConfUtils.java:logGet(43)) - raft.server.log.purge.gap = 1000000 (custom)
2019-09-16 17:59:46,620 [pool-27-thread-1] INFO  server.RaftServerConfigKeys (ConfUtils.java:logGet(43)) - raft.server.log.appender.buffer.byte-limit = 33554432 (custom)
2019-09-16 17:59:46,620 [pool-47-thread-1] INFO  server.RaftServerConfigKeys (ConfUtils.java:logGet(43)) - raft.server.log.purge.gap = 1000000 (custom)
2019-09-16 17:59:46,621 [pool-27-thread-1] INFO  server.RaftServerConfigKeys (ConfUtils.java:logGet(43)) - raft.server.log.segment.size.max = 1048576 (custom)
2019-09-16 17:59:46,620 [pool-37-thread-1] INFO  server.RaftServerConfigKeys (ConfUtils.java:logGet(43)) - raft.server.log.appender.buffer.byte-limit = 33554432 (custom)
2019-09-16 17:59:46,621 [pool-27-thread-1] INFO  server.RaftServerConfigKeys (ConfUtils.java:logGet(43)) - raft.server.log.segment.cache.num.max = 2 (custom)
2019-09-16 17:59:46,621 [pool-47-thread-1] INFO  server.RaftServerConfigKeys (ConfUtils.java:logGet(43)) - raft.server.log.appender.buffer.byte-limit = 33554432 (custom)
2019-09-16 17:59:46,621 [pool-27-thread-1] INFO  segmented.SegmentedRaftLogWorker (SegmentedRaftLogWorker.java:<init>(172)) - new 59cccd2f-755e-4c45-a890-da01592df45f@group-D3A6482546DD-SegmentedRaftLogWorker for RaftStorage:Storage Directory /workdir/hadoop-ozone/tools/target/test-dir/MiniOzoneClusterImpl-15d0669d-b250-4261-9bfd-fa60101ddcc7/datanode-0/data/ratis/66c40936-c45e-4d82-92fb-d3a6482546dd
2019-09-16 17:59:46,621 [pool-37-thread-1] INFO  server.RaftServerConfigKeys (ConfUtils.java:logGet(43)) - raft.server.log.segment.size.max = 1048576 (custom)
2019-09-16 17:59:46,622 [pool-47-thread-1] INFO  server.RaftServerConfigKeys (ConfUtils.java:logGet(43)) - raft.server.log.segment.size.max = 1048576 (custom)
2019-09-16 17:59:46,622 [pool-27-thread-1] INFO  server.RaftServerConfigKeys (ConfUtils.java:logGet(43)) - raft.server.log.queue.byte-limit = 2147483647 (custom)
2019-09-16 17:59:46,622 [pool-37-thread-1] INFO  server.RaftServerConfigKeys (ConfUtils.java:logGet(43)) - raft.server.log.segment.cache.num.max = 2 (custom)
2019-09-16 17:59:46,622 [pool-27-thread-1] INFO  server.RaftServerConfigKeys (ConfUtils.java:logGet(43)) - raft.server.log.queue.element-limit = 1024 (custom)
2019-09-16 17:59:46,622 [pool-47-thread-1] INFO  server.RaftServerConfigKeys (ConfUtils.java:logGet(43)) - raft.server.log.segment.cache.num.max = 2 (custom)
2019-09-16 17:59:46,622 [pool-27-thread-1] INFO  server.RaftServerConfigKeys (ConfUtils.java:logGet(43)) - raft.server.log.segment.size.max = 1048576 (custom)
2019-09-16 17:59:46,622 [pool-37-thread-1] INFO  segmented.SegmentedRaftLogWorker (SegmentedRaftLogWorker.java:<init>(172)) - new d2644fda-0f6b-4964-8120-db19826e02a4@group-D3A6482546DD-SegmentedRaftLogWorker for RaftStorage:Storage Directory /workdir/hadoop-ozone/tools/target/test-dir/MiniOzoneClusterImpl-15d0669d-b250-4261-9bfd-fa60101ddcc7/datanode-1/data/ratis/66c40936-c45e-4d82-92fb-d3a6482546dd
2019-09-16 17:59:46,623 [pool-27-thread-1] INFO  server.RaftServerConfigKeys (ConfUtils.java:logGet(43)) - raft.server.log.preallocated.size = 16384 (custom)
2019-09-16 17:59:46,623 [pool-47-thread-1] INFO  segmented.SegmentedRaftLogWorker (SegmentedRaftLogWorker.java:<init>(172)) - new 7631069e-55aa-48aa-a80c-68f378536a45@group-D3A6482546DD-SegmentedRaftLogWorker for RaftStorage:Storage Directory /workdir/hadoop-ozone/tools/target/test-dir/MiniOzoneClusterImpl-15d0669d-b250-4261-9bfd-fa60101ddcc7/datanode-2/data/ratis/66c40936-c45e-4d82-92fb-d3a6482546dd
2019-09-16 17:59:46,623 [pool-27-thread-1] INFO  server.RaftServerConfigKeys (ConfUtils.java:logGet(43)) - raft.server.log.write.buffer.size = 33554432 (custom)
2019-09-16 17:59:46,623 [pool-37-thread-1] INFO  server.RaftServerConfigKeys (ConfUtils.java:logGet(43)) - raft.server.log.queue.byte-limit = 2147483647 (custom)
2019-09-16 17:59:46,624 [pool-27-thread-1] INFO  server.RaftServerConfigKeys (ConfUtils.java:logGet(43)) - raft.server.log.force.sync.num = 128 (default)
2019-09-16 17:59:46,624 [pool-47-thread-1] INFO  server.RaftServerConfigKeys (ConfUtils.java:logGet(43)) - raft.server.log.queue.byte-limit = 2147483647 (custom)
2019-09-16 17:59:46,624 [pool-27-thread-1] INFO  server.RaftServerConfigKeys (ConfUtils.java:logGet(43)) - raft.server.log.statemachine.data.sync = true (default)
2019-09-16 17:59:46,624 [pool-37-thread-1] INFO  server.RaftServerConfigKeys (ConfUtils.java:logGet(43)) - raft.server.log.queue.element-limit = 1024 (custom)
2019-09-16 17:59:46,624 [pool-27-thread-1] INFO  server.RaftServerConfigKeys (ConfUtils.java:logGet(43)) - raft.server.log.statemachine.data.sync.timeout = 10s (default)
2019-09-16 17:59:46,624 [pool-47-thread-1] INFO  server.RaftServerConfigKeys (ConfUtils.java:logGet(43)) - raft.server.log.queue.element-limit = 1024 (custom)
2019-09-16 17:59:46,625 [pool-27-thread-1] INFO  server.RaftServerConfigKeys (ConfUtils.java:logGet(43)) - raft.server.log.statemachine.data.sync.timeout.retry = -1 (default)
2019-09-16 17:59:46,625 [pool-37-thread-1] INFO  server.RaftServerConfigKeys (ConfUtils.java:logGet(43)) - raft.server.log.segment.size.max = 1048576 (custom)
2019-09-16 17:59:46,625 [pool-27-thread-1] INFO  server.RaftServerConfigKeys (ConfUtils.java:logGet(43)) - raft.server.log.statemachine.data.caching.enabled = true (custom)
2019-09-16 17:59:46,625 [pool-47-thread-1] INFO  server.RaftServerConfigKeys (ConfUtils.java:logGet(43)) - raft.server.log.segment.size.max = 1048576 (custom)
2019-09-16 17:59:46,625 [pool-37-thread-1] INFO  server.RaftServerConfigKeys (ConfUtils.java:logGet(43)) - raft.server.log.preallocated.size = 16384 (custom)
2019-09-16 17:59:46,626 [pool-27-thread-1] INFO  segmented.SegmentedRaftLogWorker (SegmentedRaftLogWorker.java:lambda$new$0(132)) - 59cccd2f-755e-4c45-a890-da01592df45f@group-D3A6482546DD-SegmentedRaftLogWorker: flushIndex: setUnconditionally 0 -> -1
2019-09-16 17:59:46,626 [pool-47-thread-1] INFO  server.RaftServerConfigKeys (ConfUtils.java:logGet(43)) - raft.server.log.preallocated.size = 16384 (custom)
2019-09-16 17:59:46,626 [pool-37-thread-1] INFO  server.RaftServerConfigKeys (ConfUtils.java:logGet(43)) - raft.server.log.write.buffer.size = 33554432 (custom)
2019-09-16 17:59:46,626 [pool-27-thread-1] INFO  server.RaftServerConfigKeys (ConfUtils.java:logGet(43)) - raft.server.snapshot.auto.trigger.enabled = true (custom)
2019-09-16 17:59:46,626 [pool-47-thread-1] INFO  server.RaftServerConfigKeys (ConfUtils.java:logGet(43)) - raft.server.log.write.buffer.size = 33554432 (custom)
2019-09-16 17:59:46,626 [pool-27-thread-1] INFO  server.RaftServerConfigKeys (ConfUtils.java:logGet(43)) - raft.server.snapshot.auto.trigger.threshold = 10000 (custom)
2019-09-16 17:59:46,626 [pool-37-thread-1] INFO  server.RaftServerConfigKeys (ConfUtils.java:logGet(43)) - raft.server.log.force.sync.num = 128 (default)
2019-09-16 17:59:46,627 [pool-27-thread-1] INFO  server.RaftServerConfigKeys (ConfUtils.java:logGet(43)) - raft.server.snapshot.retention.num.files = -1 (default)
2019-09-16 17:59:46,627 [pool-47-thread-1] INFO  server.RaftServerConfigKeys (ConfUtils.java:logGet(43)) - raft.server.log.force.sync.num = 128 (default)
2019-09-16 17:59:46,627 [pool-27-thread-1] INFO  server.RaftServerConfigKeys (ConfUtils.java:logGet(43)) - raft.server.retrycache.expirytime = 600000ms (custom)
2019-09-16 17:59:46,627 [pool-37-thread-1] INFO  server.RaftServerConfigKeys (ConfUtils.java:logGet(43)) - raft.server.log.statemachine.data.sync = true (default)
2019-09-16 17:59:46,627 [pool-47-thread-1] INFO  server.RaftServerConfigKeys (ConfUtils.java:logGet(43)) - raft.server.log.statemachine.data.sync = true (default)
2019-09-16 17:59:46,628 [pool-37-thread-1] INFO  server.RaftServerConfigKeys (ConfUtils.java:logGet(43)) - raft.server.log.statemachine.data.sync.timeout = 10s (default)
2019-09-16 17:59:46,628 [pool-47-thread-1] INFO  server.RaftServerConfigKeys (ConfUtils.java:logGet(43)) - raft.server.log.statemachine.data.sync.timeout = 10s (default)
2019-09-16 17:59:46,628 [pool-37-thread-1] INFO  server.RaftServerConfigKeys (ConfUtils.java:logGet(43)) - raft.server.log.statemachine.data.sync.timeout.retry = -1 (default)
2019-09-16 17:59:46,628 [pool-47-thread-1] INFO  server.RaftServerConfigKeys (ConfUtils.java:logGet(43)) - raft.server.log.statemachine.data.sync.timeout.retry = -1 (default)
2019-09-16 17:59:46,628 [pool-37-thread-1] INFO  server.RaftServerConfigKeys (ConfUtils.java:logGet(43)) - raft.server.log.statemachine.data.caching.enabled = true (custom)
2019-09-16 17:59:46,629 [pool-47-thread-1] INFO  server.RaftServerConfigKeys (ConfUtils.java:logGet(43)) - raft.server.log.statemachine.data.caching.enabled = true (custom)
2019-09-16 17:59:46,629 [pool-37-thread-1] INFO  segmented.SegmentedRaftLogWorker (SegmentedRaftLogWorker.java:lambda$new$0(132)) - d2644fda-0f6b-4964-8120-db19826e02a4@group-D3A6482546DD-SegmentedRaftLogWorker: flushIndex: setUnconditionally 0 -> -1
2019-09-16 17:59:46,629 [pool-47-thread-1] INFO  segmented.SegmentedRaftLogWorker (SegmentedRaftLogWorker.java:lambda$new$0(132)) - 7631069e-55aa-48aa-a80c-68f378536a45@group-D3A6482546DD-SegmentedRaftLogWorker: flushIndex: setUnconditionally 0 -> -1
2019-09-16 17:59:46,629 [pool-37-thread-1] INFO  server.RaftServerConfigKeys (ConfUtils.java:logGet(43)) - raft.server.snapshot.auto.trigger.enabled = true (custom)
2019-09-16 17:59:46,630 [pool-37-thread-1] INFO  server.RaftServerConfigKeys (ConfUtils.java:logGet(43)) - raft.server.snapshot.auto.trigger.threshold = 10000 (custom)
2019-09-16 17:59:46,630 [pool-47-thread-1] INFO  server.RaftServerConfigKeys (ConfUtils.java:logGet(43)) - raft.server.snapshot.auto.trigger.enabled = true (custom)
2019-09-16 17:59:46,630 [pool-37-thread-1] INFO  server.RaftServerConfigKeys (ConfUtils.java:logGet(43)) - raft.server.snapshot.retention.num.files = -1 (default)
2019-09-16 17:59:46,630 [pool-47-thread-1] INFO  server.RaftServerConfigKeys (ConfUtils.java:logGet(43)) - raft.server.snapshot.auto.trigger.threshold = 10000 (custom)
2019-09-16 17:59:46,630 [pool-37-thread-1] INFO  server.RaftServerConfigKeys (ConfUtils.java:logGet(43)) - raft.server.retrycache.expirytime = 600000ms (custom)
2019-09-16 17:59:46,630 [pool-47-thread-1] INFO  server.RaftServerConfigKeys (ConfUtils.java:logGet(43)) - raft.server.snapshot.retention.num.files = -1 (default)
2019-09-16 17:59:46,631 [pool-47-thread-1] INFO  server.RaftServerConfigKeys (ConfUtils.java:logGet(43)) - raft.server.retrycache.expirytime = 600000ms (custom)
2019-09-16 17:59:46,631 [pool-27-thread-1] INFO  impl.RaftServerImpl (RaftServerImpl.java:start(185)) - 59cccd2f-755e-4c45-a890-da01592df45f@group-D3A6482546DD: start as a follower, conf=-1: [7631069e-55aa-48aa-a80c-68f378536a45:192.168.157.233:39369, 59cccd2f-755e-4c45-a890-da01592df45f:192.168.157.233:42719, d2644fda-0f6b-4964-8120-db19826e02a4:192.168.157.233:37608], old=null
2019-09-16 17:59:46,632 [pool-27-thread-1] INFO  impl.RaftServerImpl (RaftServerImpl.java:setRole(174)) - 59cccd2f-755e-4c45-a890-da01592df45f@group-D3A6482546DD: changes role from      null to FOLLOWER at term 0 for startAsFollower
2019-09-16 17:59:46,632 [pool-27-thread-1] INFO  impl.RoleInfo (RoleInfo.java:updateAndGet(143)) - 59cccd2f-755e-4c45-a890-da01592df45f: start FollowerState
2019-09-16 17:59:46,633 [pool-27-thread-1] INFO  util.JmxRegister (JmxRegister.java:tryRegister(44)) - Successfully registered JMX Bean with object name Ratis:service=RaftServer,group=group-D3A6482546DD,id=59cccd2f-755e-4c45-a890-da01592df45f
2019-09-16 17:59:46,642 [pool-37-thread-1] INFO  impl.RaftServerImpl (RaftServerImpl.java:start(185)) - d2644fda-0f6b-4964-8120-db19826e02a4@group-D3A6482546DD: start as a follower, conf=-1: [7631069e-55aa-48aa-a80c-68f378536a45:192.168.157.233:39369, 59cccd2f-755e-4c45-a890-da01592df45f:192.168.157.233:42719, d2644fda-0f6b-4964-8120-db19826e02a4:192.168.157.233:37608], old=null
2019-09-16 17:59:46,643 [pool-37-thread-1] INFO  impl.RaftServerImpl (RaftServerImpl.java:setRole(174)) - d2644fda-0f6b-4964-8120-db19826e02a4@group-D3A6482546DD: changes role from      null to FOLLOWER at term 0 for startAsFollower
2019-09-16 17:59:46,644 [pool-37-thread-1] INFO  impl.RoleInfo (RoleInfo.java:updateAndGet(143)) - d2644fda-0f6b-4964-8120-db19826e02a4: start FollowerState
2019-09-16 17:59:46,644 [pool-47-thread-1] INFO  impl.RaftServerImpl (RaftServerImpl.java:start(185)) - 7631069e-55aa-48aa-a80c-68f378536a45@group-D3A6482546DD: start as a follower, conf=-1: [7631069e-55aa-48aa-a80c-68f378536a45:192.168.157.233:39369, 59cccd2f-755e-4c45-a890-da01592df45f:192.168.157.233:42719, d2644fda-0f6b-4964-8120-db19826e02a4:192.168.157.233:37608], old=null
2019-09-16 17:59:46,644 [pool-37-thread-1] INFO  util.JmxRegister (JmxRegister.java:tryRegister(44)) - Successfully registered JMX Bean with object name Ratis:service=RaftServer,group=group-D3A6482546DD,id=d2644fda-0f6b-4964-8120-db19826e02a4
2019-09-16 17:59:46,644 [pool-47-thread-1] INFO  impl.RaftServerImpl (RaftServerImpl.java:setRole(174)) - 7631069e-55aa-48aa-a80c-68f378536a45@group-D3A6482546DD: changes role from      null to FOLLOWER at term 0 for startAsFollower
2019-09-16 17:59:46,645 [pool-47-thread-1] INFO  impl.RoleInfo (RoleInfo.java:updateAndGet(143)) - 7631069e-55aa-48aa-a80c-68f378536a45: start FollowerState
2019-09-16 17:59:46,645 [pool-47-thread-1] INFO  util.JmxRegister (JmxRegister.java:tryRegister(44)) - Successfully registered JMX Bean with object name Ratis:service=RaftServer,group=group-D3A6482546DD,id=7631069e-55aa-48aa-a80c-68f378536a45
2019-09-16 17:59:46,655 [RatisPipelineUtilsThread] INFO  pipeline.PipelineStateManager (PipelineStateManager.java:addPipeline(56)) - Created pipeline Pipeline[ Id: 66c40936-c45e-4d82-92fb-d3a6482546dd, Nodes: d2644fda-0f6b-4964-8120-db19826e02a4{ip: 192.168.157.233, host: pr-hdds-2120-x62sn-1884063469, networkLocation: /default-rack, certSerialId: null}7631069e-55aa-48aa-a80c-68f378536a45{ip: 192.168.157.233, host: pr-hdds-2120-x62sn-1884063469, networkLocation: /default-rack, certSerialId: null}59cccd2f-755e-4c45-a890-da01592df45f{ip: 192.168.157.233, host: pr-hdds-2120-x62sn-1884063469, networkLocation: /default-rack, certSerialId: null}, Type:RATIS, Factor:THREE, State:OPEN]
2019-09-16 17:59:47,223 [pool-53-thread-3] WARN  io.KeyOutputStream (KeyOutputStream.java:handleException(276)) - Encountered exception java.io.IOException: Unexpected Storage Container Exception: java.util.concurrent.CompletionException: java.util.concurrent.CompletionException: org.apache.ratis.protocol.GroupMismatchException: d2644fda-0f6b-4964-8120-db19826e02a4: group-D5120AE2D385 not found. on the pipeline Pipeline[ Id: 8976a1a2-b138-4af7-bd61-d5120ae2d385, Nodes: d2644fda-0f6b-4964-8120-db19826e02a4{ip: 192.168.157.233, host: pr-hdds-2120-x62sn-1884063469, networkLocation: /default-rack, certSerialId: null}7631069e-55aa-48aa-a80c-68f378536a45{ip: 192.168.157.233, host: pr-hdds-2120-x62sn-1884063469, networkLocation: /default-rack, certSerialId: null}59cccd2f-755e-4c45-a890-da01592df45f{ip: 192.168.157.233, host: pr-hdds-2120-x62sn-1884063469, networkLocation: /default-rack, certSerialId: null}, Type:RATIS, Factor:THREE, State:OPEN]. The last committed block length is 0, uncommitted data length is 2097152 retry count 0
2019-09-16 17:59:47,292 [grpc-default-executor-3] INFO  client.GrpcClientProtocolClient (GrpcClientProtocolClient.java:onNext(264)) - client-19556C4CBA1B->d2644fda-0f6b-4964-8120-db19826e02a4: receive RaftClientReply:client-19556C4CBA1B->d2644fda-0f6b-4964-8120-db19826e02a4@group-D3A6482546DD, cid=25, FAILED org.apache.ratis.protocol.NotLeaderException: Server d2644fda-0f6b-4964-8120-db19826e02a4@group-D3A6482546DD is not the leader, logIndex=0, commits[d2644fda-0f6b-4964-8120-db19826e02a4:c-1]
 0.00% |█                                                                                                    |  0/1 Time: 0:03:132019-09-16 17:59:48,326 [grpc-default-executor-3] INFO  client.GrpcClientProtocolClient (GrpcClientProtocolClient.java:onNext(264)) - client-19556C4CBA1B->59cccd2f-755e-4c45-a890-da01592df45f: receive RaftClientReply:client-19556C4CBA1B->59cccd2f-755e-4c45-a890-da01592df45f@group-D3A6482546DD, cid=25, FAILED org.apache.ratis.protocol.NotLeaderException: Server 59cccd2f-755e-4c45-a890-da01592df45f@group-D3A6482546DD is not the leader, logIndex=0, commits[59cccd2f-755e-4c45-a890-da01592df45f:c-1]
 0.00% |█                                                                                                    |  0/1 Time: 0:03:142019-09-16 17:59:49,100 [grpc-default-executor-4] INFO  impl.RaftServerProxy (RaftServerProxy.java:remove(95)) - d2644fda-0f6b-4964-8120-db19826e02a4: remove group-D5120AE2D385:null
2019-09-16 17:59:49,111 [RatisPipelineUtilsThread] WARN  pipeline.RatisPipelineUtils (RatisPipelineUtils.java:destroyPipeline(66)) - Pipeline destroy failed for pipeline=PipelineID=8976a1a2-b138-4af7-bd61-d5120ae2d385 dn=d2644fda-0f6b-4964-8120-db19826e02a4{ip: 192.168.157.233, host: pr-hdds-2120-x62sn-1884063469, networkLocation: /default-rack, certSerialId: null}
2019-09-16 17:59:49,118 [grpc-default-executor-4] INFO  impl.RaftServerProxy (RaftServerProxy.java:remove(95)) - 7631069e-55aa-48aa-a80c-68f378536a45: remove group-D5120AE2D385:null
2019-09-16 17:59:49,127 [RatisPipelineUtilsThread] WARN  pipeline.RatisPipelineUtils (RatisPipelineUtils.java:destroyPipeline(66)) - Pipeline destroy failed for pipeline=PipelineID=8976a1a2-b138-4af7-bd61-d5120ae2d385 dn=7631069e-55aa-48aa-a80c-68f378536a45{ip: 192.168.157.233, host: pr-hdds-2120-x62sn-1884063469, networkLocation: /default-rack, certSerialId: null}
2019-09-16 17:59:49,133 [grpc-default-executor-4] INFO  impl.RaftServerProxy (RaftServerProxy.java:remove(95)) - 59cccd2f-755e-4c45-a890-da01592df45f: remove group-D5120AE2D385:null
2019-09-16 17:59:49,140 [RatisPipelineUtilsThread] WARN  pipeline.RatisPipelineUtils (RatisPipelineUtils.java:destroyPipeline(66)) - Pipeline destroy failed for pipeline=PipelineID=8976a1a2-b138-4af7-bd61-d5120ae2d385 dn=59cccd2f-755e-4c45-a890-da01592df45f{ip: 192.168.157.233, host: pr-hdds-2120-x62sn-1884063469, networkLocation: /default-rack, certSerialId: null}
2019-09-16 17:59:49,142 [RatisPipelineUtilsThread] ERROR pipeline.SCMPipelineManager (Scheduler.java:lambda$schedule$1(70)) - Destroy pipeline failed for pipeline:Pipeline[ Id: 8976a1a2-b138-4af7-bd61-d5120ae2d385, Nodes: d2644fda-0f6b-4964-8120-db19826e02a4{ip: 192.168.157.233, host: pr-hdds-2120-x62sn-1884063469, networkLocation: /default-rack, certSerialId: null}7631069e-55aa-48aa-a80c-68f378536a45{ip: 192.168.157.233, host: pr-hdds-2120-x62sn-1884063469, networkLocation: /default-rack, certSerialId: null}59cccd2f-755e-4c45-a890-da01592df45f{ip: 192.168.157.233, host: pr-hdds-2120-x62sn-1884063469, networkLocation: /default-rack, certSerialId: null}, Type:RATIS, Factor:THREE, State:CLOSED]
org.apache.hadoop.hdds.scm.pipeline.PipelineNotFoundException: PipelineID=8976a1a2-b138-4af7-bd61-d5120ae2d385 not found
	at org.apache.hadoop.hdds.scm.pipeline.PipelineStateMap.getPipeline(PipelineStateMap.java:132)
	at org.apache.hadoop.hdds.scm.pipeline.PipelineStateMap.removePipeline(PipelineStateMap.java:322)
	at org.apache.hadoop.hdds.scm.pipeline.PipelineStateManager.removePipeline(PipelineStateManager.java:107)
	at org.apache.hadoop.hdds.scm.pipeline.SCMPipelineManager.removePipeline(SCMPipelineManager.java:423)
	at org.apache.hadoop.hdds.scm.pipeline.SCMPipelineManager.destroyPipeline(SCMPipelineManager.java:409)
	at org.apache.hadoop.hdds.scm.pipeline.SCMPipelineManager.lambda$finalizeAndDestroyPipeline$0(SCMPipelineManager.java:318)
	at org.apache.hadoop.utils.Scheduler.lambda$schedule$1(Scheduler.java:68)
	at java.util.concurrent.Executors$RunnableAdapter.call(Executors.java:511)
	at java.util.concurrent.FutureTask.run(FutureTask.java:266)
	at java.util.concurrent.ScheduledThreadPoolExecutor$ScheduledFutureTask.access$201(ScheduledThreadPoolExecutor.java:180)
	at java.util.concurrent.ScheduledThreadPoolExecutor$ScheduledFutureTask.run(ScheduledThreadPoolExecutor.java:293)
	at java.util.concurrent.ThreadPoolExecutor.runWorker(ThreadPoolExecutor.java:1149)
	at java.util.concurrent.ThreadPoolExecutor$Worker.run(ThreadPoolExecutor.java:624)
	at java.lang.Thread.run(Thread.java:748)
2019-09-16 17:59:49,348 [grpc-default-executor-3] INFO  client.GrpcClientProtocolClient (GrpcClientProtocolClient.java:onNext(264)) - client-19556C4CBA1B->7631069e-55aa-48aa-a80c-68f378536a45: receive RaftClientReply:client-19556C4CBA1B->7631069e-55aa-48aa-a80c-68f378536a45@group-D3A6482546DD, cid=25, FAILED org.apache.ratis.protocol.NotLeaderException: Server 7631069e-55aa-48aa-a80c-68f378536a45@group-D3A6482546DD is not the leader, logIndex=0, commits[7631069e-55aa-48aa-a80c-68f378536a45:c-1]
 0.00% |█                                                                                                    |  0/1 Time: 0:03:152019-09-16 17:59:50,368 [grpc-default-executor-3] INFO  client.GrpcClientProtocolClient (GrpcClientProtocolClient.java:onNext(264)) - client-19556C4CBA1B->59cccd2f-755e-4c45-a890-da01592df45f: receive RaftClientReply:client-19556C4CBA1B->59cccd2f-755e-4c45-a890-da01592df45f@group-D3A6482546DD, cid=25, FAILED org.apache.ratis.protocol.NotLeaderException: Server 59cccd2f-755e-4c45-a890-da01592df45f@group-D3A6482546DD is not the leader, logIndex=0, commits[59cccd2f-755e-4c45-a890-da01592df45f:c-1]
 0.00% |█                                                                                                    |  0/1 Time: 0:03:162019-09-16 17:59:51,109 [grpc-default-executor-4] INFO  impl.RaftServerProxy (RaftServerProxy.java:remove(95)) - d2644fda-0f6b-4964-8120-db19826e02a4: remove group-D5120AE2D385:null
2019-09-16 17:59:51,118 [RatisPipelineUtilsThread] WARN  pipeline.RatisPipelineUtils (RatisPipelineUtils.java:destroyPipeline(66)) - Pipeline destroy failed for pipeline=PipelineID=8976a1a2-b138-4af7-bd61-d5120ae2d385 dn=d2644fda-0f6b-4964-8120-db19826e02a4{ip: 192.168.157.233, host: pr-hdds-2120-x62sn-1884063469, networkLocation: /default-rack, certSerialId: null}
2019-09-16 17:59:51,128 [grpc-default-executor-4] INFO  impl.RaftServerProxy (RaftServerProxy.java:remove(95)) - 7631069e-55aa-48aa-a80c-68f378536a45: remove group-D5120AE2D385:null
2019-09-16 17:59:51,135 [RatisPipelineUtilsThread] WARN  pipeline.RatisPipelineUtils (RatisPipelineUtils.java:destroyPipeline(66)) - Pipeline destroy failed for pipeline=PipelineID=8976a1a2-b138-4af7-bd61-d5120ae2d385 dn=7631069e-55aa-48aa-a80c-68f378536a45{ip: 192.168.157.233, host: pr-hdds-2120-x62sn-1884063469, networkLocation: /default-rack, certSerialId: null}
2019-09-16 17:59:51,141 [grpc-default-executor-4] INFO  impl.RaftServerProxy (RaftServerProxy.java:remove(95)) - 59cccd2f-755e-4c45-a890-da01592df45f: remove group-D5120AE2D385:null
2019-09-16 17:59:51,147 [RatisPipelineUtilsThread] WARN  pipeline.RatisPipelineUtils (RatisPipelineUtils.java:destroyPipeline(66)) - Pipeline destroy failed for pipeline=PipelineID=8976a1a2-b138-4af7-bd61-d5120ae2d385 dn=59cccd2f-755e-4c45-a890-da01592df45f{ip: 192.168.157.233, host: pr-hdds-2120-x62sn-1884063469, networkLocation: /default-rack, certSerialId: null}
2019-09-16 17:59:51,147 [RatisPipelineUtilsThread] ERROR pipeline.SCMPipelineManager (Scheduler.java:lambda$schedule$1(70)) - Destroy pipeline failed for pipeline:Pipeline[ Id: 8976a1a2-b138-4af7-bd61-d5120ae2d385, Nodes: d2644fda-0f6b-4964-8120-db19826e02a4{ip: 192.168.157.233, host: pr-hdds-2120-x62sn-1884063469, networkLocation: /default-rack, certSerialId: null}7631069e-55aa-48aa-a80c-68f378536a45{ip: 192.168.157.233, host: pr-hdds-2120-x62sn-1884063469, networkLocation: /default-rack, certSerialId: null}59cccd2f-755e-4c45-a890-da01592df45f{ip: 192.168.157.233, host: pr-hdds-2120-x62sn-1884063469, networkLocation: /default-rack, certSerialId: null}, Type:RATIS, Factor:THREE, State:CLOSED]
org.apache.hadoop.hdds.scm.pipeline.PipelineNotFoundException: PipelineID=8976a1a2-b138-4af7-bd61-d5120ae2d385 not found
	at org.apache.hadoop.hdds.scm.pipeline.PipelineStateMap.getPipeline(PipelineStateMap.java:132)
	at org.apache.hadoop.hdds.scm.pipeline.PipelineStateMap.removePipeline(PipelineStateMap.java:322)
	at org.apache.hadoop.hdds.scm.pipeline.PipelineStateManager.removePipeline(PipelineStateManager.java:107)
	at org.apache.hadoop.hdds.scm.pipeline.SCMPipelineManager.removePipeline(SCMPipelineManager.java:423)
	at org.apache.hadoop.hdds.scm.pipeline.SCMPipelineManager.destroyPipeline(SCMPipelineManager.java:409)
	at org.apache.hadoop.hdds.scm.pipeline.SCMPipelineManager.lambda$finalizeAndDestroyPipeline$0(SCMPipelineManager.java:318)
	at org.apache.hadoop.utils.Scheduler.lambda$schedule$1(Scheduler.java:68)
	at java.util.concurrent.Executors$RunnableAdapter.call(Executors.java:511)
	at java.util.concurrent.FutureTask.run(FutureTask.java:266)
	at java.util.concurrent.ScheduledThreadPoolExecutor$ScheduledFutureTask.access$201(ScheduledThreadPoolExecutor.java:180)
	at java.util.concurrent.ScheduledThreadPoolExecutor$ScheduledFutureTask.run(ScheduledThreadPoolExecutor.java:293)
	at java.util.concurrent.ThreadPoolExecutor.runWorker(ThreadPoolExecutor.java:1149)
	at java.util.concurrent.ThreadPoolExecutor$Worker.run(ThreadPoolExecutor.java:624)
	at java.lang.Thread.run(Thread.java:748)
 0.00% |█                                                                                                    |  0/1 Time: 0:03:172019-09-16 17:59:51,397 [grpc-default-executor-3] INFO  client.GrpcClientProtocolClient (GrpcClientProtocolClient.java:onNext(264)) - client-19556C4CBA1B->d2644fda-0f6b-4964-8120-db19826e02a4: receive RaftClientReply:client-19556C4CBA1B->d2644fda-0f6b-4964-8120-db19826e02a4@group-D3A6482546DD, cid=25, FAILED org.apache.ratis.protocol.NotLeaderException: Server d2644fda-0f6b-4964-8120-db19826e02a4@group-D3A6482546DD is not the leader, logIndex=0, commits[d2644fda-0f6b-4964-8120-db19826e02a4:c-1]
2019-09-16 17:59:51,742 [Thread-562] INFO  impl.FollowerState (FollowerState.java:run(106)) - 7631069e-55aa-48aa-a80c-68f378536a45:group-D3A6482546DD changes to CANDIDATE, lastRpcTime:5097, electionTimeout:5097ms
2019-09-16 17:59:51,743 [Thread-562] INFO  impl.RoleInfo (RoleInfo.java:shutdownFollowerState(121)) - 7631069e-55aa-48aa-a80c-68f378536a45: shutdown FollowerState
2019-09-16 17:59:51,743 [Thread-562] INFO  impl.RaftServerImpl (RaftServerImpl.java:setRole(174)) - 7631069e-55aa-48aa-a80c-68f378536a45@group-D3A6482546DD: changes role from  FOLLOWER to CANDIDATE at term 0 for changeToCandidate
2019-09-16 17:59:51,744 [Thread-562] INFO  impl.RoleInfo (RoleInfo.java:updateAndGet(143)) - 7631069e-55aa-48aa-a80c-68f378536a45: start LeaderElection
2019-09-16 17:59:51,760 [7631069e-55aa-48aa-a80c-68f378536a45@group-D3A6482546DD:LeaderElection5] INFO  impl.LeaderElection (LeaderElection.java:askForVotes(182)) - 7631069e-55aa-48aa-a80c-68f378536a45@group-D3A6482546DD:LeaderElection5: begin an election at term 1 for -1: [7631069e-55aa-48aa-a80c-68f378536a45:192.168.157.233:39369, 59cccd2f-755e-4c45-a890-da01592df45f:192.168.157.233:42719, d2644fda-0f6b-4964-8120-db19826e02a4:192.168.157.233:37608], old=null
2019-09-16 17:59:51,774 [grpc-default-executor-4] INFO  impl.RaftServerImpl (RaftServerImpl.java:setRole(174)) - d2644fda-0f6b-4964-8120-db19826e02a4@group-D3A6482546DD: changes role from  FOLLOWER to FOLLOWER at term 1 for recognizeCandidate:7631069e-55aa-48aa-a80c-68f378536a45
2019-09-16 17:59:51,774 [grpc-default-executor-3] INFO  impl.RaftServerImpl (RaftServerImpl.java:setRole(174)) - 59cccd2f-755e-4c45-a890-da01592df45f@group-D3A6482546DD: changes role from  FOLLOWER to FOLLOWER at term 1 for recognizeCandidate:7631069e-55aa-48aa-a80c-68f378536a45
2019-09-16 17:59:51,774 [grpc-default-executor-4] INFO  impl.RoleInfo (RoleInfo.java:shutdownFollowerState(121)) - d2644fda-0f6b-4964-8120-db19826e02a4: shutdown FollowerState
2019-09-16 17:59:51,774 [grpc-default-executor-3] INFO  impl.RoleInfo (RoleInfo.java:shutdownFollowerState(121)) - 59cccd2f-755e-4c45-a890-da01592df45f: shutdown FollowerState
2019-09-16 17:59:51,775 [grpc-default-executor-4] INFO  impl.RoleInfo (RoleInfo.java:updateAndGet(143)) - d2644fda-0f6b-4964-8120-db19826e02a4: start FollowerState
2019-09-16 17:59:51,775 [grpc-default-executor-3] INFO  impl.RoleInfo (RoleInfo.java:updateAndGet(143)) - 59cccd2f-755e-4c45-a890-da01592df45f: start FollowerState
2019-09-16 17:59:51,775 [Thread-561] INFO  impl.FollowerState (FollowerState.java:run(115)) - d2644fda-0f6b-4964-8120-db19826e02a4: FollowerState was interrupted: java.lang.InterruptedException: sleep interrupted
2019-09-16 17:59:51,775 [Thread-559] INFO  impl.FollowerState (FollowerState.java:run(115)) - 59cccd2f-755e-4c45-a890-da01592df45f: FollowerState was interrupted: java.lang.InterruptedException: sleep interrupted
2019-09-16 17:59:51,795 [7631069e-55aa-48aa-a80c-68f378536a45@group-D3A6482546DD:LeaderElection5] INFO  impl.LeaderElection (LeaderElection.java:logAndReturn(56)) - 7631069e-55aa-48aa-a80c-68f378536a45@group-D3A6482546DD:LeaderElection5: Election PASSED; received 1 response(s) [7631069e-55aa-48aa-a80c-68f378536a45<-d2644fda-0f6b-4964-8120-db19826e02a4#0:OK-t1] and 0 exception(s); 7631069e-55aa-48aa-a80c-68f378536a45@group-D3A6482546DD:t1, leader=null, voted=7631069e-55aa-48aa-a80c-68f378536a45, raftlog=7631069e-55aa-48aa-a80c-68f378536a45@group-D3A6482546DD-SegmentedRaftLog:OPENED:c-1,f-1,i0, conf=-1: [7631069e-55aa-48aa-a80c-68f378536a45:192.168.157.233:39369, 59cccd2f-755e-4c45-a890-da01592df45f:192.168.157.233:42719, d2644fda-0f6b-4964-8120-db19826e02a4:192.168.157.233:37608], old=null
2019-09-16 17:59:51,795 [7631069e-55aa-48aa-a80c-68f378536a45@group-D3A6482546DD:LeaderElection5] INFO  impl.RoleInfo (RoleInfo.java:shutdownLeaderElection(134)) - 7631069e-55aa-48aa-a80c-68f378536a45: shutdown LeaderElection
2019-09-16 17:59:51,796 [7631069e-55aa-48aa-a80c-68f378536a45@group-D3A6482546DD:LeaderElection5] INFO  impl.RaftServerImpl (RaftServerImpl.java:setRole(174)) - 7631069e-55aa-48aa-a80c-68f378536a45@group-D3A6482546DD: changes role from CANDIDATE to LEADER at term 1 for changeToLeader
2019-09-16 17:59:51,796 [7631069e-55aa-48aa-a80c-68f378536a45@group-D3A6482546DD:LeaderElection5] INFO  impl.RaftServerImpl (ServerState.java:setLeader(253)) - 7631069e-55aa-48aa-a80c-68f378536a45@group-D3A6482546DD: change Leader from null to 7631069e-55aa-48aa-a80c-68f378536a45 at term 1 for becomeLeader, leader elected after 5177ms
2019-09-16 17:59:51,797 [7631069e-55aa-48aa-a80c-68f378536a45@group-D3A6482546DD:LeaderElection5] INFO  server.RaftServerConfigKeys (ConfUtils.java:logGet(43)) - raft.server.staging.catchup.gap = 1000 (default)
2019-09-16 17:59:51,797 [7631069e-55aa-48aa-a80c-68f378536a45@group-D3A6482546DD:LeaderElection5] INFO  server.RaftServerConfigKeys (ConfUtils.java:logGet(43)) - raft.server.rpc.sleep.time = 25ms (default)
2019-09-16 17:59:51,797 [7631069e-55aa-48aa-a80c-68f378536a45@group-D3A6482546DD:LeaderElection5] INFO  server.RaftServerConfigKeys (ConfUtils.java:logGet(43)) - raft.server.write.element-limit = 4096 (default)
2019-09-16 17:59:51,797 [7631069e-55aa-48aa-a80c-68f378536a45@group-D3A6482546DD:LeaderElection5] INFO  server.RaftServerConfigKeys (ConfUtils.java:logGet(43)) - raft.server.watch.timeout = 10s (default)
2019-09-16 17:59:51,798 [7631069e-55aa-48aa-a80c-68f378536a45@group-D3A6482546DD:LeaderElection5] INFO  server.RaftServerConfigKeys (ConfUtils.java:logGet(43)) - raft.server.watch.timeout.denomination = 1s (default)
2019-09-16 17:59:51,798 [7631069e-55aa-48aa-a80c-68f378536a45@group-D3A6482546DD:LeaderElection5] INFO  server.RaftServerConfigKeys (ConfUtils.java:logGet(43)) - raft.server.watch.element-limit = 65536 (default)
2019-09-16 17:59:51,802 [7631069e-55aa-48aa-a80c-68f378536a45@group-D3A6482546DD:LeaderElection5] INFO  server.RaftServerConfigKeys (ConfUtils.java:logGet(43)) - raft.server.log.appender.snapshot.chunk.size.max = 16MB (=16777216) (default)
2019-09-16 17:59:51,802 [7631069e-55aa-48aa-a80c-68f378536a45@group-D3A6482546DD:LeaderElection5] INFO  server.RaftServerConfigKeys (ConfUtils.java:logGet(43)) - raft.server.log.appender.buffer.byte-limit = 33554432 (custom)
2019-09-16 17:59:51,802 [7631069e-55aa-48aa-a80c-68f378536a45@group-D3A6482546DD:LeaderElection5] INFO  server.RaftServerConfigKeys (ConfUtils.java:logGet(43)) - raft.server.log.appender.buffer.element-limit = 1 (custom)
2019-09-16 17:59:51,803 [7631069e-55aa-48aa-a80c-68f378536a45@group-D3A6482546DD:LeaderElection5] INFO  grpc.GrpcConfigKeys$Server (ConfUtils.java:logGet(43)) - raft.grpc.server.leader.outstanding.appends.max = 128 (default)
2019-09-16 17:59:51,804 [7631069e-55aa-48aa-a80c-68f378536a45@group-D3A6482546DD:LeaderElection5] INFO  server.RaftServerConfigKeys (ConfUtils.java:logGet(43)) - raft.server.rpc.request.timeout = 3000ms (default)
2019-09-16 17:59:51,804 [7631069e-55aa-48aa-a80c-68f378536a45@group-D3A6482546DD:LeaderElection5] INFO  server.RaftServerConfigKeys (ConfUtils.java:logGet(43)) - raft.server.log.appender.install.snapshot.enabled = false (custom)
2019-09-16 17:59:51,805 [7631069e-55aa-48aa-a80c-68f378536a45@group-D3A6482546DD:LeaderElection5] INFO  server.RaftServerConfigKeys (ConfUtils.java:logGet(43)) - raft.server.log.appender.snapshot.chunk.size.max = 16MB (=16777216) (default)
2019-09-16 17:59:51,805 [7631069e-55aa-48aa-a80c-68f378536a45@group-D3A6482546DD:LeaderElection5] INFO  server.RaftServerConfigKeys (ConfUtils.java:logGet(43)) - raft.server.log.appender.buffer.byte-limit = 33554432 (custom)
2019-09-16 17:59:51,805 [7631069e-55aa-48aa-a80c-68f378536a45@group-D3A6482546DD:LeaderElection5] INFO  server.RaftServerConfigKeys (ConfUtils.java:logGet(43)) - raft.server.log.appender.buffer.element-limit = 1 (custom)
2019-09-16 17:59:51,805 [7631069e-55aa-48aa-a80c-68f378536a45@group-D3A6482546DD:LeaderElection5] INFO  grpc.GrpcConfigKeys$Server (ConfUtils.java:logGet(43)) - raft.grpc.server.leader.outstanding.appends.max = 128 (default)
2019-09-16 17:59:51,806 [7631069e-55aa-48aa-a80c-68f378536a45@group-D3A6482546DD:LeaderElection5] INFO  server.RaftServerConfigKeys (ConfUtils.java:logGet(43)) - raft.server.rpc.request.timeout = 3000ms (default)
2019-09-16 17:59:51,806 [7631069e-55aa-48aa-a80c-68f378536a45@group-D3A6482546DD:LeaderElection5] INFO  server.RaftServerConfigKeys (ConfUtils.java:logGet(43)) - raft.server.log.appender.install.snapshot.enabled = false (custom)
2019-09-16 17:59:51,806 [7631069e-55aa-48aa-a80c-68f378536a45@group-D3A6482546DD:LeaderElection5] INFO  impl.RoleInfo (RoleInfo.java:updateAndGet(143)) - 7631069e-55aa-48aa-a80c-68f378536a45: start LeaderState
2019-09-16 17:59:51,807 [7631069e-55aa-48aa-a80c-68f378536a45@group-D3A6482546DD:LeaderElection5] INFO  segmented.SegmentedRaftLogWorker (SegmentedRaftLogWorker.java:startLogSegment(380)) - 7631069e-55aa-48aa-a80c-68f378536a45@group-D3A6482546DD-SegmentedRaftLogWorker: Starting segment from index:0
2019-09-16 17:59:51,808 [7631069e-55aa-48aa-a80c-68f378536a45@group-D3A6482546DD:LeaderElection5] INFO  impl.RaftServerImpl (ServerState.java:setRaftConf(354)) - 7631069e-55aa-48aa-a80c-68f378536a45@group-D3A6482546DD: set configuration 0: [7631069e-55aa-48aa-a80c-68f378536a45:192.168.157.233:39369, 59cccd2f-755e-4c45-a890-da01592df45f:192.168.157.233:42719, d2644fda-0f6b-4964-8120-db19826e02a4:192.168.157.233:37608], old=null at 0
2019-09-16 17:59:51,844 [grpc-default-executor-4] INFO  impl.RaftServerImpl (ServerState.java:setLeader(253)) - d2644fda-0f6b-4964-8120-db19826e02a4@group-D3A6482546DD: change Leader from null to 7631069e-55aa-48aa-a80c-68f378536a45 at term 1 for appendEntries, leader elected after 5224ms
2019-09-16 17:59:51,844 [grpc-default-executor-3] INFO  impl.RaftServerImpl (ServerState.java:setLeader(253)) - 59cccd2f-755e-4c45-a890-da01592df45f@group-D3A6482546DD: change Leader from null to 7631069e-55aa-48aa-a80c-68f378536a45 at term 1 for appendEntries, leader elected after 5224ms
2019-09-16 17:59:51,849 [grpc-default-executor-3] INFO  impl.RaftServerImpl (ServerState.java:setRaftConf(354)) - 59cccd2f-755e-4c45-a890-da01592df45f@group-D3A6482546DD: set configuration 0: [7631069e-55aa-48aa-a80c-68f378536a45:192.168.157.233:39369, 59cccd2f-755e-4c45-a890-da01592df45f:192.168.157.233:42719, d2644fda-0f6b-4964-8120-db19826e02a4:192.168.157.233:37608], old=null at 0
2019-09-16 17:59:51,849 [grpc-default-executor-4] INFO  impl.RaftServerImpl (ServerState.java:setRaftConf(354)) - d2644fda-0f6b-4964-8120-db19826e02a4@group-D3A6482546DD: set configuration 0: [7631069e-55aa-48aa-a80c-68f378536a45:192.168.157.233:39369, 59cccd2f-755e-4c45-a890-da01592df45f:192.168.157.233:42719, d2644fda-0f6b-4964-8120-db19826e02a4:192.168.157.233:37608], old=null at 0
2019-09-16 17:59:51,849 [grpc-default-executor-3] INFO  segmented.SegmentedRaftLogWorker (SegmentedRaftLogWorker.java:startLogSegment(380)) - 59cccd2f-755e-4c45-a890-da01592df45f@group-D3A6482546DD-SegmentedRaftLogWorker: Starting segment from index:0
2019-09-16 17:59:51,849 [grpc-default-executor-4] INFO  segmented.SegmentedRaftLogWorker (SegmentedRaftLogWorker.java:startLogSegment(380)) - d2644fda-0f6b-4964-8120-db19826e02a4@group-D3A6482546DD-SegmentedRaftLogWorker: Starting segment from index:0
2019-09-16 17:59:51,865 [7631069e-55aa-48aa-a80c-68f378536a45@group-D3A6482546DD-SegmentedRaftLogWorker] INFO  segmented.SegmentedRaftLogWorker (SegmentedRaftLogWorker.java:execute(569)) - 7631069e-55aa-48aa-a80c-68f378536a45@group-D3A6482546DD-SegmentedRaftLogWorker: created new log segment /workdir/hadoop-ozone/tools/target/test-dir/MiniOzoneClusterImpl-15d0669d-b250-4261-9bfd-fa60101ddcc7/datanode-2/data/ratis/66c40936-c45e-4d82-92fb-d3a6482546dd/current/log_inprogress_0
2019-09-16 17:59:51,878 [59cccd2f-755e-4c45-a890-da01592df45f@group-D3A6482546DD-SegmentedRaftLogWorker] INFO  segmented.SegmentedRaftLogWorker (SegmentedRaftLogWorker.java:execute(569)) - 59cccd2f-755e-4c45-a890-da01592df45f@group-D3A6482546DD-SegmentedRaftLogWorker: created new log segment /workdir/hadoop-ozone/tools/target/test-dir/MiniOzoneClusterImpl-15d0669d-b250-4261-9bfd-fa60101ddcc7/datanode-0/data/ratis/66c40936-c45e-4d82-92fb-d3a6482546dd/current/log_inprogress_0
2019-09-16 17:59:51,878 [d2644fda-0f6b-4964-8120-db19826e02a4@group-D3A6482546DD-SegmentedRaftLogWorker] INFO  segmented.SegmentedRaftLogWorker (SegmentedRaftLogWorker.java:execute(569)) - d2644fda-0f6b-4964-8120-db19826e02a4@group-D3A6482546DD-SegmentedRaftLogWorker: created new log segment /workdir/hadoop-ozone/tools/target/test-dir/MiniOzoneClusterImpl-15d0669d-b250-4261-9bfd-fa60101ddcc7/datanode-1/data/ratis/66c40936-c45e-4d82-92fb-d3a6482546dd/current/log_inprogress_0
 0.00% |█                                                                                                    |  0/1 Time: 0:03:182019-09-16 17:59:52,614 [grpc-default-executor-3] INFO  client.GrpcClientProtocolClient (GrpcClientProtocolClient.java:onNext(264)) - client-19556C4CBA1B->7631069e-55aa-48aa-a80c-68f378536a45: receive RaftClientReply:client-19556C4CBA1B->7631069e-55aa-48aa-a80c-68f378536a45@group-D3A6482546DD, cid=25, SUCCESS, logIndex=1, commits[7631069e-55aa-48aa-a80c-68f378536a45:c1, 59cccd2f-755e-4c45-a890-da01592df45f:c0, d2644fda-0f6b-4964-8120-db19826e02a4:c0]
2019-09-16 17:59:52,701 [grpc-default-executor-3] INFO  client.GrpcClientProtocolClient (GrpcClientProtocolClient.java:onNext(264)) - client-19556C4CBA1B->7631069e-55aa-48aa-a80c-68f378536a45: receive RaftClientReply:client-19556C4CBA1B->7631069e-55aa-48aa-a80c-68f378536a45@group-D3A6482546DD, cid=26, SUCCESS, logIndex=3, commits[7631069e-55aa-48aa-a80c-68f378536a45:c8, 59cccd2f-755e-4c45-a890-da01592df45f:c6, d2644fda-0f6b-4964-8120-db19826e02a4:c6]
2019-09-16 17:59:52,702 [grpc-default-executor-3] INFO  client.GrpcClientProtocolClient (GrpcClientProtocolClient.java:onNext(264)) - client-19556C4CBA1B->7631069e-55aa-48aa-a80c-68f378536a45: receive RaftClientReply:client-19556C4CBA1B->7631069e-55aa-48aa-a80c-68f378536a45@group-D3A6482546DD, cid=27, SUCCESS, logIndex=4, commits[7631069e-55aa-48aa-a80c-68f378536a45:c8, 59cccd2f-755e-4c45-a890-da01592df45f:c6, d2644fda-0f6b-4964-8120-db19826e02a4:c6]
2019-09-16 17:59:52,782 [grpc-default-executor-3] INFO  client.GrpcClientProtocolClient (GrpcClientProtocolClient.java:onNext(264)) - client-19556C4CBA1B->7631069e-55aa-48aa-a80c-68f378536a45: receive RaftClientReply:client-19556C4CBA1B->7631069e-55aa-48aa-a80c-68f378536a45@group-D3A6482546DD, cid=28, SUCCESS, logIndex=5, commits[7631069e-55aa-48aa-a80c-68f378536a45:c8, 59cccd2f-755e-4c45-a890-da01592df45f:c6, d2644fda-0f6b-4964-8120-db19826e02a4:c6]
2019-09-16 17:59:52,814 [grpc-default-executor-3] INFO  client.GrpcClientProtocolClient (GrpcClientProtocolClient.java:onNext(264)) - client-19556C4CBA1B->7631069e-55aa-48aa-a80c-68f378536a45: receive RaftClientReply:client-19556C4CBA1B->7631069e-55aa-48aa-a80c-68f378536a45@group-D3A6482546DD, cid=35, SUCCESS, logIndex=9, commits[7631069e-55aa-48aa-a80c-68f378536a45:c9, 59cccd2f-755e-4c45-a890-da01592df45f:c6, d2644fda-0f6b-4964-8120-db19826e02a4:c8]
2019-09-16 17:59:52,815 [grpc-default-executor-3] INFO  client.GrpcClientProtocolClient (GrpcClientProtocolClient.java:onNext(264)) - client-19556C4CBA1B->7631069e-55aa-48aa-a80c-68f378536a45: receive RaftClientReply:client-19556C4CBA1B->7631069e-55aa-48aa-a80c-68f378536a45@group-D3A6482546DD, cid=36, SUCCESS, logIndex=10, commits[7631069e-55aa-48aa-a80c-68f378536a45:c10, 59cccd2f-755e-4c45-a890-da01592df45f:c8, d2644fda-0f6b-4964-8120-db19826e02a4:c8]
2019-09-16 17:59:52,827 [grpc-default-executor-3] INFO  client.GrpcClientProtocolClient (GrpcClientProtocolClient.java:onNext(264)) - client-19556C4CBA1B->7631069e-55aa-48aa-a80c-68f378536a45: receive RaftClientReply:client-19556C4CBA1B->7631069e-55aa-48aa-a80c-68f378536a45@group-D3A6482546DD, cid=37, SUCCESS, logIndex=12, commits[7631069e-55aa-48aa-a80c-68f378536a45:c14, 59cccd2f-755e-4c45-a890-da01592df45f:c10, d2644fda-0f6b-4964-8120-db19826e02a4:c10]
2019-09-16 17:59:52,828 [grpc-default-executor-3] INFO  client.GrpcClientProtocolClient (GrpcClientProtocolClient.java:onNext(264)) - client-19556C4CBA1B->7631069e-55aa-48aa-a80c-68f378536a45: receive RaftClientReply:client-19556C4CBA1B->7631069e-55aa-48aa-a80c-68f378536a45@group-D3A6482546DD, cid=38, SUCCESS, logIndex=14, commits[7631069e-55aa-48aa-a80c-68f378536a45:c14, 59cccd2f-755e-4c45-a890-da01592df45f:c10, d2644fda-0f6b-4964-8120-db19826e02a4:c10]
2019-09-16 17:59:52,835 [grpc-default-executor-3] INFO  client.GrpcClientProtocolClient (GrpcClientProtocolClient.java:onNext(264)) - client-19556C4CBA1B->7631069e-55aa-48aa-a80c-68f378536a45: receive RaftClientReply:client-19556C4CBA1B->7631069e-55aa-48aa-a80c-68f378536a45@group-D3A6482546DD, cid=39, SUCCESS, logIndex=0, commits[7631069e-55aa-48aa-a80c-68f378536a45:c16, 59cccd2f-755e-4c45-a890-da01592df45f:c14, d2644fda-0f6b-4964-8120-db19826e02a4:c14]
 0.00% |█                                                                                                    |  0/1 Time: 0:03:192019-09-16 17:59:54,103 [grpc-default-executor-2] INFO  impl.RaftServerProxy (RaftServerProxy.java:remove(95)) - d2644fda-0f6b-4964-8120-db19826e02a4: remove group-D5120AE2D385:null
2019-09-16 17:59:54,110 [RatisPipelineUtilsThread] WARN  pipeline.RatisPipelineUtils (RatisPipelineUtils.java:destroyPipeline(66)) - Pipeline destroy failed for pipeline=PipelineID=8976a1a2-b138-4af7-bd61-d5120ae2d385 dn=d2644fda-0f6b-4964-8120-db19826e02a4{ip: 192.168.157.233, host: pr-hdds-2120-x62sn-1884063469, networkLocation: /default-rack, certSerialId: null}
2019-09-16 17:59:54,115 [grpc-default-executor-2] INFO  impl.RaftServerProxy (RaftServerProxy.java:remove(95)) - 7631069e-55aa-48aa-a80c-68f378536a45: remove group-D5120AE2D385:null
2019-09-16 17:59:54,122 [RatisPipelineUtilsThread] WARN  pipeline.RatisPipelineUtils (RatisPipelineUtils.java:destroyPipeline(66)) - Pipeline destroy failed for pipeline=PipelineID=8976a1a2-b138-4af7-bd61-d5120ae2d385 dn=7631069e-55aa-48aa-a80c-68f378536a45{ip: 192.168.157.233, host: pr-hdds-2120-x62sn-1884063469, networkLocation: /default-rack, certSerialId: null}
2019-09-16 17:59:54,127 [grpc-default-executor-2] INFO  impl.RaftServerProxy (RaftServerProxy.java:remove(95)) - 59cccd2f-755e-4c45-a890-da01592df45f: remove group-D5120AE2D385:null
2019-09-16 17:59:54,133 [RatisPipelineUtilsThread] WARN  pipeline.RatisPipelineUtils (RatisPipelineUtils.java:destroyPipeline(66)) - Pipeline destroy failed for pipeline=PipelineID=8976a1a2-b138-4af7-bd61-d5120ae2d385 dn=59cccd2f-755e-4c45-a890-da01592df45f{ip: 192.168.157.233, host: pr-hdds-2120-x62sn-1884063469, networkLocation: /default-rack, certSerialId: null}
2019-09-16 17:59:54,133 [RatisPipelineUtilsThread] ERROR pipeline.SCMPipelineManager (Scheduler.java:lambda$schedule$1(70)) - Destroy pipeline failed for pipeline:Pipeline[ Id: 8976a1a2-b138-4af7-bd61-d5120ae2d385, Nodes: d2644fda-0f6b-4964-8120-db19826e02a4{ip: 192.168.157.233, host: pr-hdds-2120-x62sn-1884063469, networkLocation: /default-rack, certSerialId: null}7631069e-55aa-48aa-a80c-68f378536a45{ip: 192.168.157.233, host: pr-hdds-2120-x62sn-1884063469, networkLocation: /default-rack, certSerialId: null}59cccd2f-755e-4c45-a890-da01592df45f{ip: 192.168.157.233, host: pr-hdds-2120-x62sn-1884063469, networkLocation: /default-rack, certSerialId: null}, Type:RATIS, Factor:THREE, State:CLOSED]
org.apache.hadoop.hdds.scm.pipeline.PipelineNotFoundException: PipelineID=8976a1a2-b138-4af7-bd61-d5120ae2d385 not found
	at org.apache.hadoop.hdds.scm.pipeline.PipelineStateMap.getPipeline(PipelineStateMap.java:132)
	at org.apache.hadoop.hdds.scm.pipeline.PipelineStateMap.removePipeline(PipelineStateMap.java:322)
	at org.apache.hadoop.hdds.scm.pipeline.PipelineStateManager.removePipeline(PipelineStateManager.java:107)
	at org.apache.hadoop.hdds.scm.pipeline.SCMPipelineManager.removePipeline(SCMPipelineManager.java:423)
	at org.apache.hadoop.hdds.scm.pipeline.SCMPipelineManager.destroyPipeline(SCMPipelineManager.java:409)
	at org.apache.hadoop.hdds.scm.pipeline.SCMPipelineManager.lambda$finalizeAndDestroyPipeline$0(SCMPipelineManager.java:318)
	at org.apache.hadoop.utils.Scheduler.lambda$schedule$1(Scheduler.java:68)
	at java.util.concurrent.Executors$RunnableAdapter.call(Executors.java:511)
	at java.util.concurrent.FutureTask.run(FutureTask.java:266)
	at java.util.concurrent.ScheduledThreadPoolExecutor$ScheduledFutureTask.access$201(ScheduledThreadPoolExecutor.java:180)
	at java.util.concurrent.ScheduledThreadPoolExecutor$ScheduledFutureTask.run(ScheduledThreadPoolExecutor.java:293)
	at java.util.concurrent.ThreadPoolExecutor.runWorker(ThreadPoolExecutor.java:1149)
	at java.util.concurrent.ThreadPoolExecutor$Worker.run(ThreadPoolExecutor.java:624)
	at java.lang.Thread.run(Thread.java:748)
 0.00% |█                                                                                                    |  0/1 Time: 0:03:20 0.00% |█                                                                                                    |  0/1 Time: 0:03:212019-09-16 17:59:55,856 [java.util.concurrent.ThreadPoolExecutor$Worker@9fec2f6[State = -1, empty queue]] WARN  server.GrpcLogAppender (GrpcLogAppender.java:timeoutAppendRequest(200)) - 7631069e-55aa-48aa-a80c-68f378536a45@group-D3A6482546DD->d2644fda-0f6b-4964-8120-db19826e02a4-GrpcLogAppender: appendEntries Timeout, request=7631069e-55aa-48aa-a80c-68f378536a45->d2644fda-0f6b-4964-8120-db19826e02a4#18-t1, previous=(t:1, i:16), leaderCommit=16, initializing? false, entries: size=1, first=(t:1, i:17), STATEMACHINELOGENTRY, client-19556C4CBA1B, cid=40
2019-09-16 17:59:55,857 [java.util.concurrent.ThreadPoolExecutor$Worker@120e34ed[State = -1, empty queue]] WARN  server.GrpcLogAppender (GrpcLogAppender.java:timeoutAppendRequest(200)) - 7631069e-55aa-48aa-a80c-68f378536a45@group-D3A6482546DD->59cccd2f-755e-4c45-a890-da01592df45f-GrpcLogAppender: appendEntries Timeout, request=7631069e-55aa-48aa-a80c-68f378536a45->59cccd2f-755e-4c45-a890-da01592df45f#18-t1, previous=(t:1, i:16), leaderCommit=16, initializing? false, entries: size=1, first=(t:1, i:17), STATEMACHINELOGENTRY, client-19556C4CBA1B, cid=40
2019-09-16 17:59:55,857 [java.util.concurrent.ThreadPoolExecutor$Worker@9fec2f6[State = -1, empty queue]] WARN  server.GrpcLogAppender (GrpcLogAppender.java:timeoutAppendRequest(200)) - 7631069e-55aa-48aa-a80c-68f378536a45@group-D3A6482546DD->d2644fda-0f6b-4964-8120-db19826e02a4-GrpcLogAppender: appendEntries Timeout, request=7631069e-55aa-48aa-a80c-68f378536a45->d2644fda-0f6b-4964-8120-db19826e02a4#19-t1, previous=(t:1, i:17), leaderCommit=16, initializing? false, entries: size=1, first=(t:1, i:18), STATEMACHINELOGENTRY, client-19556C4CBA1B, cid=41
2019-09-16 17:59:55,857 [java.util.concurrent.ThreadPoolExecutor$Worker@120e34ed[State = -1, empty queue]] WARN  server.GrpcLogAppender (GrpcLogAppender.java:timeoutAppendRequest(200)) - 7631069e-55aa-48aa-a80c-68f378536a45@group-D3A6482546DD->59cccd2f-755e-4c45-a890-da01592df45f-GrpcLogAppender: appendEntries Timeout, request=7631069e-55aa-48aa-a80c-68f378536a45->59cccd2f-755e-4c45-a890-da01592df45f#19-t1, previous=(t:1, i:17), leaderCommit=16, initializing? false, entries: size=1, first=(t:1, i:18), STATEMACHINELOGENTRY, client-19556C4CBA1B, cid=41
2019-09-16 17:59:55,860 [java.util.concurrent.ThreadPoolExecutor$Worker@9fec2f6[State = -1, empty queue]] WARN  server.GrpcLogAppender (GrpcLogAppender.java:timeoutAppendRequest(200)) - 7631069e-55aa-48aa-a80c-68f378536a45@group-D3A6482546DD->d2644fda-0f6b-4964-8120-db19826e02a4-GrpcLogAppender: appendEntries Timeout, request=7631069e-55aa-48aa-a80c-68f378536a45->d2644fda-0f6b-4964-8120-db19826e02a4#20-t1, previous=(t:1, i:18), leaderCommit=16, initializing? false, entries: size=1, first=(t:1, i:19), STATEMACHINELOGENTRY, client-19556C4CBA1B, cid=42
2019-09-16 17:59:55,860 [java.util.concurrent.ThreadPoolExecutor$Worker@120e34ed[State = -1, empty queue]] WARN  server.GrpcLogAppender (GrpcLogAppender.java:timeoutAppendRequest(200)) - 7631069e-55aa-48aa-a80c-68f378536a45@group-D3A6482546DD->59cccd2f-755e-4c45-a890-da01592df45f-GrpcLogAppender: appendEntries Timeout, request=7631069e-55aa-48aa-a80c-68f378536a45->59cccd2f-755e-4c45-a890-da01592df45f#20-t1, previous=(t:1, i:18), leaderCommit=16, initializing? false, entries: size=1, first=(t:1, i:19), STATEMACHINELOGENTRY, client-19556C4CBA1B, cid=42
2019-09-16 17:59:55,860 [java.util.concurrent.ThreadPoolExecutor$Worker@9fec2f6[State = -1, empty queue]] WARN  server.GrpcLogAppender (GrpcLogAppender.java:timeoutAppendRequest(200)) - 7631069e-55aa-48aa-a80c-68f378536a45@group-D3A6482546DD->d2644fda-0f6b-4964-8120-db19826e02a4-GrpcLogAppender: appendEntries Timeout, request=7631069e-55aa-48aa-a80c-68f378536a45->d2644fda-0f6b-4964-8120-db19826e02a4#21-t1, previous=(t:1, i:19), leaderCommit=16, initializing? false, entries: size=1, first=(t:1, i:20), STATEMACHINELOGENTRY, client-19556C4CBA1B, cid=43
2019-09-16 17:59:55,860 [java.util.concurrent.ThreadPoolExecutor$Worker@120e34ed[State = -1, empty queue]] WARN  server.GrpcLogAppender (GrpcLogAppender.java:timeoutAppendRequest(200)) - 7631069e-55aa-48aa-a80c-68f378536a45@group-D3A6482546DD->59cccd2f-755e-4c45-a890-da01592df45f-GrpcLogAppender: appendEntries Timeout, request=7631069e-55aa-48aa-a80c-68f378536a45->59cccd2f-755e-4c45-a890-da01592df45f#21-t1, previous=(t:1, i:19), leaderCommit=16, initializing? false, entries: size=1, first=(t:1, i:20), STATEMACHINELOGENTRY, client-19556C4CBA1B, cid=43
2019-09-16 17:59:56,103 [grpc-default-executor-1] INFO  impl.RaftServerProxy (RaftServerProxy.java:remove(95)) - d2644fda-0f6b-4964-8120-db19826e02a4: remove group-D5120AE2D385:null
2019-09-16 17:59:56,110 [RatisPipelineUtilsThread] WARN  pipeline.RatisPipelineUtils (RatisPipelineUtils.java:destroyPipeline(66)) - Pipeline destroy failed for pipeline=PipelineID=8976a1a2-b138-4af7-bd61-d5120ae2d385 dn=d2644fda-0f6b-4964-8120-db19826e02a4{ip: 192.168.157.233, host: pr-hdds-2120-x62sn-1884063469, networkLocation: /default-rack, certSerialId: null}
2019-09-16 17:59:56,118 [grpc-default-executor-1] INFO  impl.RaftServerProxy (RaftServerProxy.java:remove(95)) - 7631069e-55aa-48aa-a80c-68f378536a45: remove group-D5120AE2D385:null
2019-09-16 17:59:56,129 [RatisPipelineUtilsThread] WARN  pipeline.RatisPipelineUtils (RatisPipelineUtils.java:destroyPipeline(66)) - Pipeline destroy failed for pipeline=PipelineID=8976a1a2-b138-4af7-bd61-d5120ae2d385 dn=7631069e-55aa-48aa-a80c-68f378536a45{ip: 192.168.157.233, host: pr-hdds-2120-x62sn-1884063469, networkLocation: /default-rack, certSerialId: null}
2019-09-16 17:59:56,133 [grpc-default-executor-1] INFO  impl.RaftServerProxy (RaftServerProxy.java:remove(95)) - 59cccd2f-755e-4c45-a890-da01592df45f: remove group-D5120AE2D385:null
2019-09-16 17:59:56,138 [RatisPipelineUtilsThread] WARN  pipeline.RatisPipelineUtils (RatisPipelineUtils.java:destroyPipeline(66)) - Pipeline destroy failed for pipeline=PipelineID=8976a1a2-b138-4af7-bd61-d5120ae2d385 dn=59cccd2f-755e-4c45-a890-da01592df45f{ip: 192.168.157.233, host: pr-hdds-2120-x62sn-1884063469, networkLocation: /default-rack, certSerialId: null}
2019-09-16 17:59:56,139 [RatisPipelineUtilsThread] ERROR pipeline.SCMPipelineManager (Scheduler.java:lambda$schedule$1(70)) - Destroy pipeline failed for pipeline:Pipeline[ Id: 8976a1a2-b138-4af7-bd61-d5120ae2d385, Nodes: d2644fda-0f6b-4964-8120-db19826e02a4{ip: 192.168.157.233, host: pr-hdds-2120-x62sn-1884063469, networkLocation: /default-rack, certSerialId: null}7631069e-55aa-48aa-a80c-68f378536a45{ip: 192.168.157.233, host: pr-hdds-2120-x62sn-1884063469, networkLocation: /default-rack, certSerialId: null}59cccd2f-755e-4c45-a890-da01592df45f{ip: 192.168.157.233, host: pr-hdds-2120-x62sn-1884063469, networkLocation: /default-rack, certSerialId: null}, Type:RATIS, Factor:THREE, State:CLOSED]
org.apache.hadoop.hdds.scm.pipeline.PipelineNotFoundException: PipelineID=8976a1a2-b138-4af7-bd61-d5120ae2d385 not found
	at org.apache.hadoop.hdds.scm.pipeline.PipelineStateMap.getPipeline(PipelineStateMap.java:132)
	at org.apache.hadoop.hdds.scm.pipeline.PipelineStateMap.removePipeline(PipelineStateMap.java:322)
	at org.apache.hadoop.hdds.scm.pipeline.PipelineStateManager.removePipeline(PipelineStateManager.java:107)
	at org.apache.hadoop.hdds.scm.pipeline.SCMPipelineManager.removePipeline(SCMPipelineManager.java:423)
	at org.apache.hadoop.hdds.scm.pipeline.SCMPipelineManager.destroyPipeline(SCMPipelineManager.java:409)
	at org.apache.hadoop.hdds.scm.pipeline.SCMPipelineManager.lambda$finalizeAndDestroyPipeline$0(SCMPipelineManager.java:318)
	at org.apache.hadoop.utils.Scheduler.lambda$schedule$1(Scheduler.java:68)
	at java.util.concurrent.Executors$RunnableAdapter.call(Executors.java:511)
	at java.util.concurrent.FutureTask.run(FutureTask.java:266)
	at java.util.concurrent.ScheduledThreadPoolExecutor$ScheduledFutureTask.access$201(ScheduledThreadPoolExecutor.java:180)
	at java.util.concurrent.ScheduledThreadPoolExecutor$ScheduledFutureTask.run(ScheduledThreadPoolExecutor.java:293)
	at java.util.concurrent.ThreadPoolExecutor.runWorker(ThreadPoolExecutor.java:1149)
	at java.util.concurrent.ThreadPoolExecutor$Worker.run(ThreadPoolExecutor.java:624)
	at java.lang.Thread.run(Thread.java:748)
 0.00% |█                                                                                                    |  0/1 Time: 0:03:22 0.00% |█                                                                                                    |  0/1 Time: 0:03:232019-09-16 17:59:57,881 [grpc-default-executor-2] INFO  client.GrpcClientProtocolClient (GrpcClientProtocolClient.java:onNext(264)) - client-19556C4CBA1B->59cccd2f-755e-4c45-a890-da01592df45f: receive RaftClientReply:client-19556C4CBA1B->59cccd2f-755e-4c45-a890-da01592df45f@group-D3A6482546DD, cid=40, FAILED org.apache.ratis.protocol.NotLeaderException: Server 59cccd2f-755e-4c45-a890-da01592df45f@group-D3A6482546DD is not the leader 7631069e-55aa-48aa-a80c-68f378536a45:192.168.157.233:39369, logIndex=0, commits[59cccd2f-755e-4c45-a890-da01592df45f:c16, 7631069e-55aa-48aa-a80c-68f378536a45:c16, d2644fda-0f6b-4964-8120-db19826e02a4:c14]
2019-09-16 17:59:58,361 [java.util.concurrent.ThreadPoolExecutor$Worker@9fec2f6[State = -1, empty queue]] WARN  server.GrpcLogAppender (GrpcLogAppender.java:timeoutAppendRequest(200)) - 7631069e-55aa-48aa-a80c-68f378536a45@group-D3A6482546DD->d2644fda-0f6b-4964-8120-db19826e02a4-GrpcLogAppender: appendEntries Timeout, request=7631069e-55aa-48aa-a80c-68f378536a45->d2644fda-0f6b-4964-8120-db19826e02a4#22-t1, previous=(t:1, i:20), leaderCommit=16, initializing? false, entries: <empty>
2019-09-16 17:59:58,361 [java.util.concurrent.ThreadPoolExecutor$Worker@120e34ed[State = -1, empty queue]] WARN  server.GrpcLogAppender (GrpcLogAppender.java:timeoutAppendRequest(200)) - 7631069e-55aa-48aa-a80c-68f378536a45@group-D3A6482546DD->59cccd2f-755e-4c45-a890-da01592df45f-GrpcLogAppender: appendEntries Timeout, request=7631069e-55aa-48aa-a80c-68f378536a45->59cccd2f-755e-4c45-a890-da01592df45f#22-t1, previous=(t:1, i:20), leaderCommit=16, initializing? false, entries: <empty>
 0.00% |█                                                                                                    |  0/1 Time: 0:03:242019-09-16 17:59:59,102 [grpc-default-executor-2] INFO  impl.RaftServerProxy (RaftServerProxy.java:remove(95)) - d2644fda-0f6b-4964-8120-db19826e02a4: remove group-D5120AE2D385:null
2019-09-16 17:59:59,112 [RatisPipelineUtilsThread] WARN  pipeline.RatisPipelineUtils (RatisPipelineUtils.java:destroyPipeline(66)) - Pipeline destroy failed for pipeline=PipelineID=8976a1a2-b138-4af7-bd61-d5120ae2d385 dn=d2644fda-0f6b-4964-8120-db19826e02a4{ip: 192.168.157.233, host: pr-hdds-2120-x62sn-1884063469, networkLocation: /default-rack, certSerialId: null}
2019-09-16 17:59:59,118 [grpc-default-executor-2] INFO  impl.RaftServerProxy (RaftServerProxy.java:remove(95)) - 7631069e-55aa-48aa-a80c-68f378536a45: remove group-D5120AE2D385:null
2019-09-16 17:59:59,124 [RatisPipelineUtilsThread] WARN  pipeline.RatisPipelineUtils (RatisPipelineUtils.java:destroyPipeline(66)) - Pipeline destroy failed for pipeline=PipelineID=8976a1a2-b138-4af7-bd61-d5120ae2d385 dn=7631069e-55aa-48aa-a80c-68f378536a45{ip: 192.168.157.233, host: pr-hdds-2120-x62sn-1884063469, networkLocation: /default-rack, certSerialId: null}
2019-09-16 17:59:59,128 [grpc-default-executor-2] INFO  impl.RaftServerProxy (RaftServerProxy.java:remove(95)) - 59cccd2f-755e-4c45-a890-da01592df45f: remove group-D5120AE2D385:null
2019-09-16 17:59:59,134 [RatisPipelineUtilsThread] WARN  pipeline.RatisPipelineUtils (RatisPipelineUtils.java:destroyPipeline(66)) - Pipeline destroy failed for pipeline=PipelineID=8976a1a2-b138-4af7-bd61-d5120ae2d385 dn=59cccd2f-755e-4c45-a890-da01592df45f{ip: 192.168.157.233, host: pr-hdds-2120-x62sn-1884063469, networkLocation: /default-rack, certSerialId: null}
2019-09-16 17:59:59,134 [RatisPipelineUtilsThread] ERROR pipeline.SCMPipelineManager (Scheduler.java:lambda$schedule$1(70)) - Destroy pipeline failed for pipeline:Pipeline[ Id: 8976a1a2-b138-4af7-bd61-d5120ae2d385, Nodes: d2644fda-0f6b-4964-8120-db19826e02a4{ip: 192.168.157.233, host: pr-hdds-2120-x62sn-1884063469, networkLocation: /default-rack, certSerialId: null}7631069e-55aa-48aa-a80c-68f378536a45{ip: 192.168.157.233, host: pr-hdds-2120-x62sn-1884063469, networkLocation: /default-rack, certSerialId: null}59cccd2f-755e-4c45-a890-da01592df45f{ip: 192.168.157.233, host: pr-hdds-2120-x62sn-1884063469, networkLocation: /default-rack, certSerialId: null}, Type:RATIS, Factor:THREE, State:CLOSED]
org.apache.hadoop.hdds.scm.pipeline.PipelineNotFoundException: PipelineID=8976a1a2-b138-4af7-bd61-d5120ae2d385 not found
	at org.apache.hadoop.hdds.scm.pipeline.PipelineStateMap.getPipeline(PipelineStateMap.java:132)
	at org.apache.hadoop.hdds.scm.pipeline.PipelineStateMap.removePipeline(PipelineStateMap.java:322)
	at org.apache.hadoop.hdds.scm.pipeline.PipelineStateManager.removePipeline(PipelineStateManager.java:107)
	at org.apache.hadoop.hdds.scm.pipeline.SCMPipelineManager.removePipeline(SCMPipelineManager.java:423)
	at org.apache.hadoop.hdds.scm.pipeline.SCMPipelineManager.destroyPipeline(SCMPipelineManager.java:409)
	at org.apache.hadoop.hdds.scm.pipeline.SCMPipelineManager.lambda$finalizeAndDestroyPipeline$0(SCMPipelineManager.java:318)
	at org.apache.hadoop.utils.Scheduler.lambda$schedule$1(Scheduler.java:68)
	at java.util.concurrent.Executors$RunnableAdapter.call(Executors.java:511)
	at java.util.concurrent.FutureTask.run(FutureTask.java:266)
	at java.util.concurrent.ScheduledThreadPoolExecutor$ScheduledFutureTask.access$201(ScheduledThreadPoolExecutor.java:180)
	at java.util.concurrent.ScheduledThreadPoolExecutor$ScheduledFutureTask.run(ScheduledThreadPoolExecutor.java:293)
	at java.util.concurrent.ThreadPoolExecutor.runWorker(ThreadPoolExecutor.java:1149)
	at java.util.concurrent.ThreadPoolExecutor$Worker.run(ThreadPoolExecutor.java:624)
	at java.lang.Thread.run(Thread.java:748)
 0.00% |█                                                                                                    |  0/1 Time: 0:03:25 0.00% |█                                                                                                    |  0/1 Time: 0:03:262019-09-16 18:00:00,862 [java.util.concurrent.ThreadPoolExecutor$Worker@120e34ed[State = -1, empty queue]] WARN  server.GrpcLogAppender (GrpcLogAppender.java:timeoutAppendRequest(200)) - 7631069e-55aa-48aa-a80c-68f378536a45@group-D3A6482546DD->59cccd2f-755e-4c45-a890-da01592df45f-GrpcLogAppender: appendEntries Timeout, request=7631069e-55aa-48aa-a80c-68f378536a45->59cccd2f-755e-4c45-a890-da01592df45f#23-t1, previous=(t:1, i:20), leaderCommit=16, initializing? false, entries: <empty>
2019-09-16 18:00:00,862 [java.util.concurrent.ThreadPoolExecutor$Worker@9fec2f6[State = -1, empty queue]] WARN  server.GrpcLogAppender (GrpcLogAppender.java:timeoutAppendRequest(200)) - 7631069e-55aa-48aa-a80c-68f378536a45@group-D3A6482546DD->d2644fda-0f6b-4964-8120-db19826e02a4-GrpcLogAppender: appendEntries Timeout, request=7631069e-55aa-48aa-a80c-68f378536a45->d2644fda-0f6b-4964-8120-db19826e02a4#23-t1, previous=(t:1, i:20), leaderCommit=16, initializing? false, entries: <empty>
2019-09-16 18:00:01,105 [grpc-default-executor-1] INFO  impl.RaftServerProxy (RaftServerProxy.java:remove(95)) - d2644fda-0f6b-4964-8120-db19826e02a4: remove group-D5120AE2D385:null
2019-09-16 18:00:01,111 [RatisPipelineUtilsThread] WARN  pipeline.RatisPipelineUtils (RatisPipelineUtils.java:destroyPipeline(66)) - Pipeline destroy failed for pipeline=PipelineID=8976a1a2-b138-4af7-bd61-d5120ae2d385 dn=d2644fda-0f6b-4964-8120-db19826e02a4{ip: 192.168.157.233, host: pr-hdds-2120-x62sn-1884063469, networkLocation: /default-rack, certSerialId: null}
2019-09-16 18:00:01,116 [grpc-default-executor-1] INFO  impl.RaftServerProxy (RaftServerProxy.java:remove(95)) - 7631069e-55aa-48aa-a80c-68f378536a45: remove group-D5120AE2D385:null
2019-09-16 18:00:01,122 [RatisPipelineUtilsThread] WARN  pipeline.RatisPipelineUtils (RatisPipelineUtils.java:destroyPipeline(66)) - Pipeline destroy failed for pipeline=PipelineID=8976a1a2-b138-4af7-bd61-d5120ae2d385 dn=7631069e-55aa-48aa-a80c-68f378536a45{ip: 192.168.157.233, host: pr-hdds-2120-x62sn-1884063469, networkLocation: /default-rack, certSerialId: null}
2019-09-16 18:00:01,126 [grpc-default-executor-1] INFO  impl.RaftServerProxy (RaftServerProxy.java:remove(95)) - 59cccd2f-755e-4c45-a890-da01592df45f: remove group-D5120AE2D385:null
2019-09-16 18:00:01,139 [RatisPipelineUtilsThread] WARN  pipeline.RatisPipelineUtils (RatisPipelineUtils.java:destroyPipeline(66)) - Pipeline destroy failed for pipeline=PipelineID=8976a1a2-b138-4af7-bd61-d5120ae2d385 dn=59cccd2f-755e-4c45-a890-da01592df45f{ip: 192.168.157.233, host: pr-hdds-2120-x62sn-1884063469, networkLocation: /default-rack, certSerialId: null}
2019-09-16 18:00:01,139 [RatisPipelineUtilsThread] ERROR pipeline.SCMPipelineManager (Scheduler.java:lambda$schedule$1(70)) - Destroy pipeline failed for pipeline:Pipeline[ Id: 8976a1a2-b138-4af7-bd61-d5120ae2d385, Nodes: d2644fda-0f6b-4964-8120-db19826e02a4{ip: 192.168.157.233, host: pr-hdds-2120-x62sn-1884063469, networkLocation: /default-rack, certSerialId: null}7631069e-55aa-48aa-a80c-68f378536a45{ip: 192.168.157.233, host: pr-hdds-2120-x62sn-1884063469, networkLocation: /default-rack, certSerialId: null}59cccd2f-755e-4c45-a890-da01592df45f{ip: 192.168.157.233, host: pr-hdds-2120-x62sn-1884063469, networkLocation: /default-rack, certSerialId: null}, Type:RATIS, Factor:THREE, State:CLOSED]
org.apache.hadoop.hdds.scm.pipeline.PipelineNotFoundException: PipelineID=8976a1a2-b138-4af7-bd61-d5120ae2d385 not found
	at org.apache.hadoop.hdds.scm.pipeline.PipelineStateMap.getPipeline(PipelineStateMap.java:132)
	at org.apache.hadoop.hdds.scm.pipeline.PipelineStateMap.removePipeline(PipelineStateMap.java:322)
	at org.apache.hadoop.hdds.scm.pipeline.PipelineStateManager.removePipeline(PipelineStateManager.java:107)
	at org.apache.hadoop.hdds.scm.pipeline.SCMPipelineManager.removePipeline(SCMPipelineManager.java:423)
	at org.apache.hadoop.hdds.scm.pipeline.SCMPipelineManager.destroyPipeline(SCMPipelineManager.java:409)
	at org.apache.hadoop.hdds.scm.pipeline.SCMPipelineManager.lambda$finalizeAndDestroyPipeline$0(SCMPipelineManager.java:318)
	at org.apache.hadoop.utils.Scheduler.lambda$schedule$1(Scheduler.java:68)
	at java.util.concurrent.Executors$RunnableAdapter.call(Executors.java:511)
	at java.util.concurrent.FutureTask.run(FutureTask.java:266)
	at java.util.concurrent.ScheduledThreadPoolExecutor$ScheduledFutureTask.access$201(ScheduledThreadPoolExecutor.java:180)
	at java.util.concurrent.ScheduledThreadPoolExecutor$ScheduledFutureTask.run(ScheduledThreadPoolExecutor.java:293)
	at java.util.concurrent.ThreadPoolExecutor.runWorker(ThreadPoolExecutor.java:1149)
	at java.util.concurrent.ThreadPoolExecutor$Worker.run(ThreadPoolExecutor.java:624)
	at java.lang.Thread.run(Thread.java:748)
 0.00% |█                                                                                                    |  0/1 Time: 0:03:27 0.00% |█                                                                                                    |  0/1 Time: 0:03:282019-09-16 18:00:02,860 [59cccd2f-755e-4c45-a890-da01592df45f@group-D3A6482546DD-SegmentedRaftLogWorker] WARN  segmented.SegmentedRaftLogWorker (SegmentedRaftLogWorker.java:getFromFuture(90)) - Timeout 0/~
org.apache.ratis.protocol.TimeoutIOException: Timeout 10s: WriteLog:17: (t:1, i:17), STATEMACHINELOGENTRY, client-19556C4CBA1B, cid=40-writeStateMachineData
	at org.apache.ratis.util.IOUtils.getFromFuture(IOUtils.java:87)
	at org.apache.ratis.server.raftlog.segmented.SegmentedRaftLogWorker$StateMachineDataPolicy.getFromFuture(SegmentedRaftLogWorker.java:87)
	at org.apache.ratis.server.raftlog.segmented.SegmentedRaftLogWorker$WriteLog.execute(SegmentedRaftLogWorker.java:477)
	at org.apache.ratis.server.raftlog.segmented.SegmentedRaftLogWorker.run(SegmentedRaftLogWorker.java:289)
	at java.lang.Thread.run(Thread.java:748)
Caused by: java.util.concurrent.TimeoutException
	at java.util.concurrent.CompletableFuture.timedGet(CompletableFuture.java:1771)
	at java.util.concurrent.CompletableFuture.get(CompletableFuture.java:1915)
	at org.apache.ratis.util.IOUtils.getFromFuture(IOUtils.java:79)
	... 4 more
2019-09-16 18:00:02,927 [grpc-default-executor-2] INFO  client.GrpcClientProtocolClient (GrpcClientProtocolClient.java:onNext(264)) - client-19556C4CBA1B->59cccd2f-755e-4c45-a890-da01592df45f: receive RaftClientReply:client-19556C4CBA1B->59cccd2f-755e-4c45-a890-da01592df45f@group-D3A6482546DD, cid=40, FAILED org.apache.ratis.protocol.NotLeaderException: Server 59cccd2f-755e-4c45-a890-da01592df45f@group-D3A6482546DD is not the leader 7631069e-55aa-48aa-a80c-68f378536a45:192.168.157.233:39369, logIndex=0, commits[59cccd2f-755e-4c45-a890-da01592df45f:c16, 7631069e-55aa-48aa-a80c-68f378536a45:c16, d2644fda-0f6b-4964-8120-db19826e02a4:c14]
2019-09-16 18:00:02,995 [7631069e-55aa-48aa-a80c-68f378536a45@group-D3A6482546DD-SegmentedRaftLogWorker] WARN  segmented.SegmentedRaftLogWorker (SegmentedRaftLogWorker.java:getFromFuture(90)) - Timeout 0/~
org.apache.ratis.protocol.TimeoutIOException: Timeout 10s: WriteLog:19: (t:1, i:19), STATEMACHINELOGENTRY, client-19556C4CBA1B, cid=42-writeStateMachineData
	at org.apache.ratis.util.IOUtils.getFromFuture(IOUtils.java:87)
	at org.apache.ratis.server.raftlog.segmented.SegmentedRaftLogWorker$StateMachineDataPolicy.getFromFuture(SegmentedRaftLogWorker.java:87)
	at org.apache.ratis.server.raftlog.segmented.SegmentedRaftLogWorker$WriteLog.execute(SegmentedRaftLogWorker.java:477)
	at org.apache.ratis.server.raftlog.segmented.SegmentedRaftLogWorker.run(SegmentedRaftLogWorker.java:289)
	at java.lang.Thread.run(Thread.java:748)
Caused by: java.util.concurrent.TimeoutException
	at java.util.concurrent.CompletableFuture.timedGet(CompletableFuture.java:1771)
	at java.util.concurrent.CompletableFuture.get(CompletableFuture.java:1915)
	at org.apache.ratis.util.IOUtils.getFromFuture(IOUtils.java:79)
	... 4 more
2019-09-16 18:00:02,995 [d2644fda-0f6b-4964-8120-db19826e02a4@group-D3A6482546DD-SegmentedRaftLogWorker] WARN  segmented.SegmentedRaftLogWorker (SegmentedRaftLogWorker.java:getFromFuture(90)) - Timeout 0/~
org.apache.ratis.protocol.TimeoutIOException: Timeout 10s: WriteLog:19: (t:1, i:19), STATEMACHINELOGENTRY, client-19556C4CBA1B, cid=42-writeStateMachineData
	at org.apache.ratis.util.IOUtils.getFromFuture(IOUtils.java:87)
	at org.apache.ratis.server.raftlog.segmented.SegmentedRaftLogWorker$StateMachineDataPolicy.getFromFuture(SegmentedRaftLogWorker.java:87)
	at org.apache.ratis.server.raftlog.segmented.SegmentedRaftLogWorker$WriteLog.execute(SegmentedRaftLogWorker.java:477)
	at org.apache.ratis.server.raftlog.segmented.SegmentedRaftLogWorker.run(SegmentedRaftLogWorker.java:289)
	at java.lang.Thread.run(Thread.java:748)
Caused by: java.util.concurrent.TimeoutException
	at java.util.concurrent.CompletableFuture.timedGet(CompletableFuture.java:1771)
	at java.util.concurrent.CompletableFuture.get(CompletableFuture.java:1915)
	at org.apache.ratis.util.IOUtils.getFromFuture(IOUtils.java:79)
	... 4 more
2019-09-16 18:00:03,362 [java.util.concurrent.ThreadPoolExecutor$Worker@9fec2f6[State = -1, empty queue]] WARN  server.GrpcLogAppender (GrpcLogAppender.java:timeoutAppendRequest(200)) - 7631069e-55aa-48aa-a80c-68f378536a45@group-D3A6482546DD->d2644fda-0f6b-4964-8120-db19826e02a4-GrpcLogAppender: appendEntries Timeout, request=7631069e-55aa-48aa-a80c-68f378536a45->d2644fda-0f6b-4964-8120-db19826e02a4#24-t1, previous=(t:1, i:20), leaderCommit=16, initializing? false, entries: <empty>
2019-09-16 18:00:03,362 [java.util.concurrent.ThreadPoolExecutor$Worker@120e34ed[State = -1, empty queue]] WARN  server.GrpcLogAppender (GrpcLogAppender.java:timeoutAppendRequest(200)) - 7631069e-55aa-48aa-a80c-68f378536a45@group-D3A6482546DD->59cccd2f-755e-4c45-a890-da01592df45f-GrpcLogAppender: appendEntries Timeout, request=7631069e-55aa-48aa-a80c-68f378536a45->59cccd2f-755e-4c45-a890-da01592df45f#24-t1, previous=(t:1, i:20), leaderCommit=16, initializing? false, entries: <empty>
 0.00% |█                                                                                                    |  0/1 Time: 0:03:292019-09-16 18:00:04,105 [grpc-default-executor-2] INFO  impl.RaftServerProxy (RaftServerProxy.java:remove(95)) - d2644fda-0f6b-4964-8120-db19826e02a4: remove group-D5120AE2D385:null
2019-09-16 18:00:04,113 [RatisPipelineUtilsThread] WARN  pipeline.RatisPipelineUtils (RatisPipelineUtils.java:destroyPipeline(66)) - Pipeline destroy failed for pipeline=PipelineID=8976a1a2-b138-4af7-bd61-d5120ae2d385 dn=d2644fda-0f6b-4964-8120-db19826e02a4{ip: 192.168.157.233, host: pr-hdds-2120-x62sn-1884063469, networkLocation: /default-rack, certSerialId: null}
2019-09-16 18:00:04,118 [grpc-default-executor-2] INFO  impl.RaftServerProxy (RaftServerProxy.java:remove(95)) - 7631069e-55aa-48aa-a80c-68f378536a45: remove group-D5120AE2D385:null
2019-09-16 18:00:04,124 [RatisPipelineUtilsThread] WARN  pipeline.RatisPipelineUtils (RatisPipelineUtils.java:destroyPipeline(66)) - Pipeline destroy failed for pipeline=PipelineID=8976a1a2-b138-4af7-bd61-d5120ae2d385 dn=7631069e-55aa-48aa-a80c-68f378536a45{ip: 192.168.157.233, host: pr-hdds-2120-x62sn-1884063469, networkLocation: /default-rack, certSerialId: null}
2019-09-16 18:00:04,129 [grpc-default-executor-2] INFO  impl.RaftServerProxy (RaftServerProxy.java:remove(95)) - 59cccd2f-755e-4c45-a890-da01592df45f: remove group-D5120AE2D385:null
2019-09-16 18:00:04,135 [RatisPipelineUtilsThread] WARN  pipeline.RatisPipelineUtils (RatisPipelineUtils.java:destroyPipeline(66)) - Pipeline destroy failed for pipeline=PipelineID=8976a1a2-b138-4af7-bd61-d5120ae2d385 dn=59cccd2f-755e-4c45-a890-da01592df45f{ip: 192.168.157.233, host: pr-hdds-2120-x62sn-1884063469, networkLocation: /default-rack, certSerialId: null}
2019-09-16 18:00:04,136 [RatisPipelineUtilsThread] ERROR pipeline.SCMPipelineManager (Scheduler.java:lambda$schedule$1(70)) - Destroy pipeline failed for pipeline:Pipeline[ Id: 8976a1a2-b138-4af7-bd61-d5120ae2d385, Nodes: d2644fda-0f6b-4964-8120-db19826e02a4{ip: 192.168.157.233, host: pr-hdds-2120-x62sn-1884063469, networkLocation: /default-rack, certSerialId: null}7631069e-55aa-48aa-a80c-68f378536a45{ip: 192.168.157.233, host: pr-hdds-2120-x62sn-1884063469, networkLocation: /default-rack, certSerialId: null}59cccd2f-755e-4c45-a890-da01592df45f{ip: 192.168.157.233, host: pr-hdds-2120-x62sn-1884063469, networkLocation: /default-rack, certSerialId: null}, Type:RATIS, Factor:THREE, State:CLOSED]
org.apache.hadoop.hdds.scm.pipeline.PipelineNotFoundException: PipelineID=8976a1a2-b138-4af7-bd61-d5120ae2d385 not found
	at org.apache.hadoop.hdds.scm.pipeline.PipelineStateMap.getPipeline(PipelineStateMap.java:132)
	at org.apache.hadoop.hdds.scm.pipeline.PipelineStateMap.removePipeline(PipelineStateMap.java:322)
	at org.apache.hadoop.hdds.scm.pipeline.PipelineStateManager.removePipeline(PipelineStateManager.java:107)
	at org.apache.hadoop.hdds.scm.pipeline.SCMPipelineManager.removePipeline(SCMPipelineManager.java:423)
	at org.apache.hadoop.hdds.scm.pipeline.SCMPipelineManager.destroyPipeline(SCMPipelineManager.java:409)
	at org.apache.hadoop.hdds.scm.pipeline.SCMPipelineManager.lambda$finalizeAndDestroyPipeline$0(SCMPipelineManager.java:318)
	at org.apache.hadoop.utils.Scheduler.lambda$schedule$1(Scheduler.java:68)
	at java.util.concurrent.Executors$RunnableAdapter.call(Executors.java:511)
	at java.util.concurrent.FutureTask.run(FutureTask.java:266)
	at java.util.concurrent.ScheduledThreadPoolExecutor$ScheduledFutureTask.access$201(ScheduledThreadPoolExecutor.java:180)
	at java.util.concurrent.ScheduledThreadPoolExecutor$ScheduledFutureTask.run(ScheduledThreadPoolExecutor.java:293)
	at java.util.concurrent.ThreadPoolExecutor.runWorker(ThreadPoolExecutor.java:1149)
	at java.util.concurrent.ThreadPoolExecutor$Worker.run(ThreadPoolExecutor.java:624)
	at java.lang.Thread.run(Thread.java:748)
 0.00% |█                                                                                                    |  0/1 Time: 0:03:30 0.00% |█                                                                                                    |  0/1 Time: 0:03:312019-09-16 18:00:05,863 [java.util.concurrent.ThreadPoolExecutor$Worker@9fec2f6[State = -1, empty queue]] WARN  server.GrpcLogAppender (GrpcLogAppender.java:timeoutAppendRequest(200)) - 7631069e-55aa-48aa-a80c-68f378536a45@group-D3A6482546DD->d2644fda-0f6b-4964-8120-db19826e02a4-GrpcLogAppender: appendEntries Timeout, request=7631069e-55aa-48aa-a80c-68f378536a45->d2644fda-0f6b-4964-8120-db19826e02a4#25-t1, previous=(t:1, i:20), leaderCommit=16, initializing? false, entries: <empty>
2019-09-16 18:00:05,863 [java.util.concurrent.ThreadPoolExecutor$Worker@120e34ed[State = -1, empty queue]] WARN  server.GrpcLogAppender (GrpcLogAppender.java:timeoutAppendRequest(200)) - 7631069e-55aa-48aa-a80c-68f378536a45@group-D3A6482546DD->59cccd2f-755e-4c45-a890-da01592df45f-GrpcLogAppender: appendEntries Timeout, request=7631069e-55aa-48aa-a80c-68f378536a45->59cccd2f-755e-4c45-a890-da01592df45f#25-t1, previous=(t:1, i:20), leaderCommit=16, initializing? false, entries: <empty>
2019-09-16 18:00:06,104 [grpc-default-executor-3] INFO  impl.RaftServerProxy (RaftServerProxy.java:remove(95)) - d2644fda-0f6b-4964-8120-db19826e02a4: remove group-D5120AE2D385:null
2019-09-16 18:00:06,110 [RatisPipelineUtilsThread] WARN  pipeline.RatisPipelineUtils (RatisPipelineUtils.java:destroyPipeline(66)) - Pipeline destroy failed for pipeline=PipelineID=8976a1a2-b138-4af7-bd61-d5120ae2d385 dn=d2644fda-0f6b-4964-8120-db19826e02a4{ip: 192.168.157.233, host: pr-hdds-2120-x62sn-1884063469, networkLocation: /default-rack, certSerialId: null}
2019-09-16 18:00:06,114 [grpc-default-executor-3] INFO  impl.RaftServerProxy (RaftServerProxy.java:remove(95)) - 7631069e-55aa-48aa-a80c-68f378536a45: remove group-D5120AE2D385:null
2019-09-16 18:00:06,118 [RatisPipelineUtilsThread] WARN  pipeline.RatisPipelineUtils (RatisPipelineUtils.java:destroyPipeline(66)) - Pipeline destroy failed for pipeline=PipelineID=8976a1a2-b138-4af7-bd61-d5120ae2d385 dn=7631069e-55aa-48aa-a80c-68f378536a45{ip: 192.168.157.233, host: pr-hdds-2120-x62sn-1884063469, networkLocation: /default-rack, certSerialId: null}
2019-09-16 18:00:06,123 [grpc-default-executor-3] INFO  impl.RaftServerProxy (RaftServerProxy.java:remove(95)) - 59cccd2f-755e-4c45-a890-da01592df45f: remove group-D5120AE2D385:null
2019-09-16 18:00:06,127 [RatisPipelineUtilsThread] WARN  pipeline.RatisPipelineUtils (RatisPipelineUtils.java:destroyPipeline(66)) - Pipeline destroy failed for pipeline=PipelineID=8976a1a2-b138-4af7-bd61-d5120ae2d385 dn=59cccd2f-755e-4c45-a890-da01592df45f{ip: 192.168.157.233, host: pr-hdds-2120-x62sn-1884063469, networkLocation: /default-rack, certSerialId: null}
2019-09-16 18:00:06,128 [RatisPipelineUtilsThread] ERROR pipeline.SCMPipelineManager (Scheduler.java:lambda$schedule$1(70)) - Destroy pipeline failed for pipeline:Pipeline[ Id: 8976a1a2-b138-4af7-bd61-d5120ae2d385, Nodes: d2644fda-0f6b-4964-8120-db19826e02a4{ip: 192.168.157.233, host: pr-hdds-2120-x62sn-1884063469, networkLocation: /default-rack, certSerialId: null}7631069e-55aa-48aa-a80c-68f378536a45{ip: 192.168.157.233, host: pr-hdds-2120-x62sn-1884063469, networkLocation: /default-rack, certSerialId: null}59cccd2f-755e-4c45-a890-da01592df45f{ip: 192.168.157.233, host: pr-hdds-2120-x62sn-1884063469, networkLocation: /default-rack, certSerialId: null}, Type:RATIS, Factor:THREE, State:CLOSED]
org.apache.hadoop.hdds.scm.pipeline.PipelineNotFoundException: PipelineID=8976a1a2-b138-4af7-bd61-d5120ae2d385 not found
	at org.apache.hadoop.hdds.scm.pipeline.PipelineStateMap.getPipeline(PipelineStateMap.java:132)
	at org.apache.hadoop.hdds.scm.pipeline.PipelineStateMap.removePipeline(PipelineStateMap.java:322)
	at org.apache.hadoop.hdds.scm.pipeline.PipelineStateManager.removePipeline(PipelineStateManager.java:107)
	at org.apache.hadoop.hdds.scm.pipeline.SCMPipelineManager.removePipeline(SCMPipelineManager.java:423)
	at org.apache.hadoop.hdds.scm.pipeline.SCMPipelineManager.destroyPipeline(SCMPipelineManager.java:409)
	at org.apache.hadoop.hdds.scm.pipeline.SCMPipelineManager.lambda$finalizeAndDestroyPipeline$0(SCMPipelineManager.java:318)
	at org.apache.hadoop.utils.Scheduler.lambda$schedule$1(Scheduler.java:68)
	at java.util.concurrent.Executors$RunnableAdapter.call(Executors.java:511)
	at java.util.concurrent.FutureTask.run(FutureTask.java:266)
	at java.util.concurrent.ScheduledThreadPoolExecutor$ScheduledFutureTask.access$201(ScheduledThreadPoolExecutor.java:180)
	at java.util.concurrent.ScheduledThreadPoolExecutor$ScheduledFutureTask.run(ScheduledThreadPoolExecutor.java:293)
	at java.util.concurrent.ThreadPoolExecutor.runWorker(ThreadPoolExecutor.java:1149)
	at java.util.concurrent.ThreadPoolExecutor$Worker.run(ThreadPoolExecutor.java:624)
	at java.lang.Thread.run(Thread.java:748)
 0.00% |█                                                                                                    |  0/1 Time: 0:03:32 0.00% |█                                                                                                    |  0/1 Time: 0:03:332019-09-16 18:00:07,972 [grpc-default-executor-2] INFO  client.GrpcClientProtocolClient (GrpcClientProtocolClient.java:onNext(264)) - client-19556C4CBA1B->59cccd2f-755e-4c45-a890-da01592df45f: receive RaftClientReply:client-19556C4CBA1B->59cccd2f-755e-4c45-a890-da01592df45f@group-D3A6482546DD, cid=40, FAILED org.apache.ratis.protocol.NotLeaderException: Server 59cccd2f-755e-4c45-a890-da01592df45f@group-D3A6482546DD is not the leader 7631069e-55aa-48aa-a80c-68f378536a45:192.168.157.233:39369, logIndex=0, commits[59cccd2f-755e-4c45-a890-da01592df45f:c16, 7631069e-55aa-48aa-a80c-68f378536a45:c16, d2644fda-0f6b-4964-8120-db19826e02a4:c14]
2019-09-16 18:00:08,365 [java.util.concurrent.ThreadPoolExecutor$Worker@9fec2f6[State = -1, empty queue]] WARN  server.GrpcLogAppender (GrpcLogAppender.java:timeoutAppendRequest(200)) - 7631069e-55aa-48aa-a80c-68f378536a45@group-D3A6482546DD->d2644fda-0f6b-4964-8120-db19826e02a4-GrpcLogAppender: appendEntries Timeout, request=7631069e-55aa-48aa-a80c-68f378536a45->d2644fda-0f6b-4964-8120-db19826e02a4#26-t1, previous=(t:1, i:20), leaderCommit=16, initializing? false, entries: <empty>
2019-09-16 18:00:08,365 [java.util.concurrent.ThreadPoolExecutor$Worker@120e34ed[State = -1, empty queue]] WARN  server.GrpcLogAppender (GrpcLogAppender.java:timeoutAppendRequest(200)) - 7631069e-55aa-48aa-a80c-68f378536a45@group-D3A6482546DD->59cccd2f-755e-4c45-a890-da01592df45f-GrpcLogAppender: appendEntries Timeout, request=7631069e-55aa-48aa-a80c-68f378536a45->59cccd2f-755e-4c45-a890-da01592df45f#26-t1, previous=(t:1, i:20), leaderCommit=16, initializing? false, entries: <empty>
 0.00% |█                                                                                                    |  0/1 Time: 0:03:342019-09-16 18:00:09,105 [grpc-default-executor-1] INFO  impl.RaftServerProxy (RaftServerProxy.java:remove(95)) - d2644fda-0f6b-4964-8120-db19826e02a4: remove group-D5120AE2D385:null
2019-09-16 18:00:09,120 [RatisPipelineUtilsThread] WARN  pipeline.RatisPipelineUtils (RatisPipelineUtils.java:destroyPipeline(66)) - Pipeline destroy failed for pipeline=PipelineID=8976a1a2-b138-4af7-bd61-d5120ae2d385 dn=d2644fda-0f6b-4964-8120-db19826e02a4{ip: 192.168.157.233, host: pr-hdds-2120-x62sn-1884063469, networkLocation: /default-rack, certSerialId: null}
2019-09-16 18:00:09,123 [grpc-default-executor-1] INFO  impl.RaftServerProxy (RaftServerProxy.java:remove(95)) - 7631069e-55aa-48aa-a80c-68f378536a45: remove group-D5120AE2D385:null
2019-09-16 18:00:09,128 [RatisPipelineUtilsThread] WARN  pipeline.RatisPipelineUtils (RatisPipelineUtils.java:destroyPipeline(66)) - Pipeline destroy failed for pipeline=PipelineID=8976a1a2-b138-4af7-bd61-d5120ae2d385 dn=7631069e-55aa-48aa-a80c-68f378536a45{ip: 192.168.157.233, host: pr-hdds-2120-x62sn-1884063469, networkLocation: /default-rack, certSerialId: null}
2019-09-16 18:00:09,130 [grpc-default-executor-1] INFO  impl.RaftServerProxy (RaftServerProxy.java:remove(95)) - 59cccd2f-755e-4c45-a890-da01592df45f: remove group-D5120AE2D385:null
2019-09-16 18:00:09,134 [RatisPipelineUtilsThread] WARN  pipeline.RatisPipelineUtils (RatisPipelineUtils.java:destroyPipeline(66)) - Pipeline destroy failed for pipeline=PipelineID=8976a1a2-b138-4af7-bd61-d5120ae2d385 dn=59cccd2f-755e-4c45-a890-da01592df45f{ip: 192.168.157.233, host: pr-hdds-2120-x62sn-1884063469, networkLocation: /default-rack, certSerialId: null}
2019-09-16 18:00:09,135 [RatisPipelineUtilsThread] ERROR pipeline.SCMPipelineManager (Scheduler.java:lambda$schedule$1(70)) - Destroy pipeline failed for pipeline:Pipeline[ Id: 8976a1a2-b138-4af7-bd61-d5120ae2d385, Nodes: d2644fda-0f6b-4964-8120-db19826e02a4{ip: 192.168.157.233, host: pr-hdds-2120-x62sn-1884063469, networkLocation: /default-rack, certSerialId: null}7631069e-55aa-48aa-a80c-68f378536a45{ip: 192.168.157.233, host: pr-hdds-2120-x62sn-1884063469, networkLocation: /default-rack, certSerialId: null}59cccd2f-755e-4c45-a890-da01592df45f{ip: 192.168.157.233, host: pr-hdds-2120-x62sn-1884063469, networkLocation: /default-rack, certSerialId: null}, Type:RATIS, Factor:THREE, State:CLOSED]
org.apache.hadoop.hdds.scm.pipeline.PipelineNotFoundException: PipelineID=8976a1a2-b138-4af7-bd61-d5120ae2d385 not found
	at org.apache.hadoop.hdds.scm.pipeline.PipelineStateMap.getPipeline(PipelineStateMap.java:132)
	at org.apache.hadoop.hdds.scm.pipeline.PipelineStateMap.removePipeline(PipelineStateMap.java:322)
	at org.apache.hadoop.hdds.scm.pipeline.PipelineStateManager.removePipeline(PipelineStateManager.java:107)
	at org.apache.hadoop.hdds.scm.pipeline.SCMPipelineManager.removePipeline(SCMPipelineManager.java:423)
	at org.apache.hadoop.hdds.scm.pipeline.SCMPipelineManager.destroyPipeline(SCMPipelineManager.java:409)
	at org.apache.hadoop.hdds.scm.pipeline.SCMPipelineManager.lambda$finalizeAndDestroyPipeline$0(SCMPipelineManager.java:318)
	at org.apache.hadoop.utils.Scheduler.lambda$schedule$1(Scheduler.java:68)
	at java.util.concurrent.Executors$RunnableAdapter.call(Executors.java:511)
	at java.util.concurrent.FutureTask.run(FutureTask.java:266)
	at java.util.concurrent.ScheduledThreadPoolExecutor$ScheduledFutureTask.access$201(ScheduledThreadPoolExecutor.java:180)
	at java.util.concurrent.ScheduledThreadPoolExecutor$ScheduledFutureTask.run(ScheduledThreadPoolExecutor.java:293)
	at java.util.concurrent.ThreadPoolExecutor.runWorker(ThreadPoolExecutor.java:1149)
	at java.util.concurrent.ThreadPoolExecutor$Worker.run(ThreadPoolExecutor.java:624)
	at java.lang.Thread.run(Thread.java:748)
 0.00% |█                                                                                                    |  0/1 Time: 0:03:35 0.00% |█                                                                                                    |  0/1 Time: 0:03:362019-09-16 18:00:10,866 [java.util.concurrent.ThreadPoolExecutor$Worker@9fec2f6[State = -1, empty queue]] WARN  server.GrpcLogAppender (GrpcLogAppender.java:timeoutAppendRequest(200)) - 7631069e-55aa-48aa-a80c-68f378536a45@group-D3A6482546DD->d2644fda-0f6b-4964-8120-db19826e02a4-GrpcLogAppender: appendEntries Timeout, request=7631069e-55aa-48aa-a80c-68f378536a45->d2644fda-0f6b-4964-8120-db19826e02a4#27-t1, previous=(t:1, i:20), leaderCommit=16, initializing? false, entries: <empty>
2019-09-16 18:00:10,866 [java.util.concurrent.ThreadPoolExecutor$Worker@120e34ed[State = -1, empty queue]] WARN  server.GrpcLogAppender (GrpcLogAppender.java:timeoutAppendRequest(200)) - 7631069e-55aa-48aa-a80c-68f378536a45@group-D3A6482546DD->59cccd2f-755e-4c45-a890-da01592df45f-GrpcLogAppender: appendEntries Timeout, request=7631069e-55aa-48aa-a80c-68f378536a45->59cccd2f-755e-4c45-a890-da01592df45f#27-t1, previous=(t:1, i:20), leaderCommit=16, initializing? false, entries: <empty>
2019-09-16 18:00:11,104 [grpc-default-executor-1] INFO  impl.RaftServerProxy (RaftServerProxy.java:remove(95)) - d2644fda-0f6b-4964-8120-db19826e02a4: remove group-D5120AE2D385:null
2019-09-16 18:00:11,110 [RatisPipelineUtilsThread] WARN  pipeline.RatisPipelineUtils (RatisPipelineUtils.java:destroyPipeline(66)) - Pipeline destroy failed for pipeline=PipelineID=8976a1a2-b138-4af7-bd61-d5120ae2d385 dn=d2644fda-0f6b-4964-8120-db19826e02a4{ip: 192.168.157.233, host: pr-hdds-2120-x62sn-1884063469, networkLocation: /default-rack, certSerialId: null}
2019-09-16 18:00:11,114 [grpc-default-executor-1] INFO  impl.RaftServerProxy (RaftServerProxy.java:remove(95)) - 7631069e-55aa-48aa-a80c-68f378536a45: remove group-D5120AE2D385:null
2019-09-16 18:00:11,119 [RatisPipelineUtilsThread] WARN  pipeline.RatisPipelineUtils (RatisPipelineUtils.java:destroyPipeline(66)) - Pipeline destroy failed for pipeline=PipelineID=8976a1a2-b138-4af7-bd61-d5120ae2d385 dn=7631069e-55aa-48aa-a80c-68f378536a45{ip: 192.168.157.233, host: pr-hdds-2120-x62sn-1884063469, networkLocation: /default-rack, certSerialId: null}
2019-09-16 18:00:11,123 [grpc-default-executor-1] INFO  impl.RaftServerProxy (RaftServerProxy.java:remove(95)) - 59cccd2f-755e-4c45-a890-da01592df45f: remove group-D5120AE2D385:null
2019-09-16 18:00:11,127 [RatisPipelineUtilsThread] WARN  pipeline.RatisPipelineUtils (RatisPipelineUtils.java:destroyPipeline(66)) - Pipeline destroy failed for pipeline=PipelineID=8976a1a2-b138-4af7-bd61-d5120ae2d385 dn=59cccd2f-755e-4c45-a890-da01592df45f{ip: 192.168.157.233, host: pr-hdds-2120-x62sn-1884063469, networkLocation: /default-rack, certSerialId: null}
2019-09-16 18:00:11,128 [RatisPipelineUtilsThread] ERROR pipeline.SCMPipelineManager (Scheduler.java:lambda$schedule$1(70)) - Destroy pipeline failed for pipeline:Pipeline[ Id: 8976a1a2-b138-4af7-bd61-d5120ae2d385, Nodes: d2644fda-0f6b-4964-8120-db19826e02a4{ip: 192.168.157.233, host: pr-hdds-2120-x62sn-1884063469, networkLocation: /default-rack, certSerialId: null}7631069e-55aa-48aa-a80c-68f378536a45{ip: 192.168.157.233, host: pr-hdds-2120-x62sn-1884063469, networkLocation: /default-rack, certSerialId: null}59cccd2f-755e-4c45-a890-da01592df45f{ip: 192.168.157.233, host: pr-hdds-2120-x62sn-1884063469, networkLocation: /default-rack, certSerialId: null}, Type:RATIS, Factor:THREE, State:CLOSED]
org.apache.hadoop.hdds.scm.pipeline.PipelineNotFoundException: PipelineID=8976a1a2-b138-4af7-bd61-d5120ae2d385 not found
	at org.apache.hadoop.hdds.scm.pipeline.PipelineStateMap.getPipeline(PipelineStateMap.java:132)
	at org.apache.hadoop.hdds.scm.pipeline.PipelineStateMap.removePipeline(PipelineStateMap.java:322)
	at org.apache.hadoop.hdds.scm.pipeline.PipelineStateManager.removePipeline(PipelineStateManager.java:107)
	at org.apache.hadoop.hdds.scm.pipeline.SCMPipelineManager.removePipeline(SCMPipelineManager.java:423)
	at org.apache.hadoop.hdds.scm.pipeline.SCMPipelineManager.destroyPipeline(SCMPipelineManager.java:409)
	at org.apache.hadoop.hdds.scm.pipeline.SCMPipelineManager.lambda$finalizeAndDestroyPipeline$0(SCMPipelineManager.java:318)
	at org.apache.hadoop.utils.Scheduler.lambda$schedule$1(Scheduler.java:68)
	at java.util.concurrent.Executors$RunnableAdapter.call(Executors.java:511)
	at java.util.concurrent.FutureTask.run(FutureTask.java:266)
	at java.util.concurrent.ScheduledThreadPoolExecutor$ScheduledFutureTask.access$201(ScheduledThreadPoolExecutor.java:180)
	at java.util.concurrent.ScheduledThreadPoolExecutor$ScheduledFutureTask.run(ScheduledThreadPoolExecutor.java:293)
	at java.util.concurrent.ThreadPoolExecutor.runWorker(ThreadPoolExecutor.java:1149)
	at java.util.concurrent.ThreadPoolExecutor$Worker.run(ThreadPoolExecutor.java:624)
	at java.lang.Thread.run(Thread.java:748)
 0.00% |█                                                                                                    |  0/1 Time: 0:03:37 0.00% |█                                                                                                    |  0/1 Time: 0:03:382019-09-16 18:00:12,863 [59cccd2f-755e-4c45-a890-da01592df45f@group-D3A6482546DD-SegmentedRaftLogWorker] WARN  segmented.SegmentedRaftLogWorker (SegmentedRaftLogWorker.java:getFromFuture(90)) - Timeout 1/~
org.apache.ratis.protocol.TimeoutIOException: Timeout 10s: WriteLog:17: (t:1, i:17), STATEMACHINELOGENTRY, client-19556C4CBA1B, cid=40-writeStateMachineData
	at org.apache.ratis.util.IOUtils.getFromFuture(IOUtils.java:87)
	at org.apache.ratis.server.raftlog.segmented.SegmentedRaftLogWorker$StateMachineDataPolicy.getFromFuture(SegmentedRaftLogWorker.java:87)
	at org.apache.ratis.server.raftlog.segmented.SegmentedRaftLogWorker$WriteLog.execute(SegmentedRaftLogWorker.java:477)
	at org.apache.ratis.server.raftlog.segmented.SegmentedRaftLogWorker.run(SegmentedRaftLogWorker.java:289)
	at java.lang.Thread.run(Thread.java:748)
Caused by: java.util.concurrent.TimeoutException
	at java.util.concurrent.CompletableFuture.timedGet(CompletableFuture.java:1771)
	at java.util.concurrent.CompletableFuture.get(CompletableFuture.java:1915)
	at org.apache.ratis.util.IOUtils.getFromFuture(IOUtils.java:79)
	... 4 more
2019-09-16 18:00:12,996 [7631069e-55aa-48aa-a80c-68f378536a45@group-D3A6482546DD-SegmentedRaftLogWorker] WARN  segmented.SegmentedRaftLogWorker (SegmentedRaftLogWorker.java:getFromFuture(90)) - Timeout 1/~
org.apache.ratis.protocol.TimeoutIOException: Timeout 10s: WriteLog:19: (t:1, i:19), STATEMACHINELOGENTRY, client-19556C4CBA1B, cid=42-writeStateMachineData
	at org.apache.ratis.util.IOUtils.getFromFuture(IOUtils.java:87)
	at org.apache.ratis.server.raftlog.segmented.SegmentedRaftLogWorker$StateMachineDataPolicy.getFromFuture(SegmentedRaftLogWorker.java:87)
	at org.apache.ratis.server.raftlog.segmented.SegmentedRaftLogWorker$WriteLog.execute(SegmentedRaftLogWorker.java:477)
	at org.apache.ratis.server.raftlog.segmented.SegmentedRaftLogWorker.run(SegmentedRaftLogWorker.java:289)
	at java.lang.Thread.run(Thread.java:748)
Caused by: java.util.concurrent.TimeoutException
	at java.util.concurrent.CompletableFuture.timedGet(CompletableFuture.java:1771)
	at java.util.concurrent.CompletableFuture.get(CompletableFuture.java:1915)
	at org.apache.ratis.util.IOUtils.getFromFuture(IOUtils.java:79)
	... 4 more
2019-09-16 18:00:12,996 [d2644fda-0f6b-4964-8120-db19826e02a4@group-D3A6482546DD-SegmentedRaftLogWorker] WARN  segmented.SegmentedRaftLogWorker (SegmentedRaftLogWorker.java:getFromFuture(90)) - Timeout 1/~
org.apache.ratis.protocol.TimeoutIOException: Timeout 10s: WriteLog:19: (t:1, i:19), STATEMACHINELOGENTRY, client-19556C4CBA1B, cid=42-writeStateMachineData
	at org.apache.ratis.util.IOUtils.getFromFuture(IOUtils.java:87)
	at org.apache.ratis.server.raftlog.segmented.SegmentedRaftLogWorker$StateMachineDataPolicy.getFromFuture(SegmentedRaftLogWorker.java:87)
	at org.apache.ratis.server.raftlog.segmented.SegmentedRaftLogWorker$WriteLog.execute(SegmentedRaftLogWorker.java:477)
	at org.apache.ratis.server.raftlog.segmented.SegmentedRaftLogWorker.run(SegmentedRaftLogWorker.java:289)
	at java.lang.Thread.run(Thread.java:748)
Caused by: java.util.concurrent.TimeoutException
	at java.util.concurrent.CompletableFuture.timedGet(CompletableFuture.java:1771)
	at java.util.concurrent.CompletableFuture.get(CompletableFuture.java:1915)
	at org.apache.ratis.util.IOUtils.getFromFuture(IOUtils.java:79)
	... 4 more
2019-09-16 18:00:13,020 [grpc-default-executor-1] INFO  client.GrpcClientProtocolClient (GrpcClientProtocolClient.java:onNext(264)) - client-19556C4CBA1B->d2644fda-0f6b-4964-8120-db19826e02a4: receive RaftClientReply:client-19556C4CBA1B->d2644fda-0f6b-4964-8120-db19826e02a4@group-D3A6482546DD, cid=40, FAILED org.apache.ratis.protocol.NotLeaderException: Server d2644fda-0f6b-4964-8120-db19826e02a4@group-D3A6482546DD is not the leader 7631069e-55aa-48aa-a80c-68f378536a45:192.168.157.233:39369, logIndex=0, commits[d2644fda-0f6b-4964-8120-db19826e02a4:c16, 7631069e-55aa-48aa-a80c-68f378536a45:c16, 59cccd2f-755e-4c45-a890-da01592df45f:c14]
2019-09-16 18:00:13,367 [java.util.concurrent.ThreadPoolExecutor$Worker@9fec2f6[State = -1, empty queue]] WARN  server.GrpcLogAppender (GrpcLogAppender.java:timeoutAppendRequest(200)) - 7631069e-55aa-48aa-a80c-68f378536a45@group-D3A6482546DD->d2644fda-0f6b-4964-8120-db19826e02a4-GrpcLogAppender: appendEntries Timeout, request=7631069e-55aa-48aa-a80c-68f378536a45->d2644fda-0f6b-4964-8120-db19826e02a4#28-t1, previous=(t:1, i:20), leaderCommit=16, initializing? false, entries: <empty>
2019-09-16 18:00:13,367 [java.util.concurrent.ThreadPoolExecutor$Worker@120e34ed[State = -1, empty queue]] WARN  server.GrpcLogAppender (GrpcLogAppender.java:timeoutAppendRequest(200)) - 7631069e-55aa-48aa-a80c-68f378536a45@group-D3A6482546DD->59cccd2f-755e-4c45-a890-da01592df45f-GrpcLogAppender: appendEntries Timeout, request=7631069e-55aa-48aa-a80c-68f378536a45->59cccd2f-755e-4c45-a890-da01592df45f#28-t1, previous=(t:1, i:20), leaderCommit=16, initializing? false, entries: <empty>
 0.00% |█                                                                                                    |  0/1 Time: 0:03:392019-09-16 18:00:14,105 [grpc-default-executor-2] INFO  impl.RaftServerProxy (RaftServerProxy.java:remove(95)) - d2644fda-0f6b-4964-8120-db19826e02a4: remove group-D5120AE2D385:null
2019-09-16 18:00:14,112 [RatisPipelineUtilsThread] WARN  pipeline.RatisPipelineUtils (RatisPipelineUtils.java:destroyPipeline(66)) - Pipeline destroy failed for pipeline=PipelineID=8976a1a2-b138-4af7-bd61-d5120ae2d385 dn=d2644fda-0f6b-4964-8120-db19826e02a4{ip: 192.168.157.233, host: pr-hdds-2120-x62sn-1884063469, networkLocation: /default-rack, certSerialId: null}
2019-09-16 18:00:14,116 [grpc-default-executor-1] INFO  impl.RaftServerProxy (RaftServerProxy.java:remove(95)) - 7631069e-55aa-48aa-a80c-68f378536a45: remove group-D5120AE2D385:null
2019-09-16 18:00:14,121 [RatisPipelineUtilsThread] WARN  pipeline.RatisPipelineUtils (RatisPipelineUtils.java:destroyPipeline(66)) - Pipeline destroy failed for pipeline=PipelineID=8976a1a2-b138-4af7-bd61-d5120ae2d385 dn=7631069e-55aa-48aa-a80c-68f378536a45{ip: 192.168.157.233, host: pr-hdds-2120-x62sn-1884063469, networkLocation: /default-rack, certSerialId: null}
2019-09-16 18:00:14,125 [grpc-default-executor-1] INFO  impl.RaftServerProxy (RaftServerProxy.java:remove(95)) - 59cccd2f-755e-4c45-a890-da01592df45f: remove group-D5120AE2D385:null
2019-09-16 18:00:14,129 [RatisPipelineUtilsThread] WARN  pipeline.RatisPipelineUtils (RatisPipelineUtils.java:destroyPipeline(66)) - Pipeline destroy failed for pipeline=PipelineID=8976a1a2-b138-4af7-bd61-d5120ae2d385 dn=59cccd2f-755e-4c45-a890-da01592df45f{ip: 192.168.157.233, host: pr-hdds-2120-x62sn-1884063469, networkLocation: /default-rack, certSerialId: null}
2019-09-16 18:00:14,130 [RatisPipelineUtilsThread] ERROR pipeline.SCMPipelineManager (Scheduler.java:lambda$schedule$1(70)) - Destroy pipeline failed for pipeline:Pipeline[ Id: 8976a1a2-b138-4af7-bd61-d5120ae2d385, Nodes: d2644fda-0f6b-4964-8120-db19826e02a4{ip: 192.168.157.233, host: pr-hdds-2120-x62sn-1884063469, networkLocation: /default-rack, certSerialId: null}7631069e-55aa-48aa-a80c-68f378536a45{ip: 192.168.157.233, host: pr-hdds-2120-x62sn-1884063469, networkLocation: /default-rack, certSerialId: null}59cccd2f-755e-4c45-a890-da01592df45f{ip: 192.168.157.233, host: pr-hdds-2120-x62sn-1884063469, networkLocation: /default-rack, certSerialId: null}, Type:RATIS, Factor:THREE, State:CLOSED]
org.apache.hadoop.hdds.scm.pipeline.PipelineNotFoundException: PipelineID=8976a1a2-b138-4af7-bd61-d5120ae2d385 not found
	at org.apache.hadoop.hdds.scm.pipeline.PipelineStateMap.getPipeline(PipelineStateMap.java:132)
	at org.apache.hadoop.hdds.scm.pipeline.PipelineStateMap.removePipeline(PipelineStateMap.java:322)
	at org.apache.hadoop.hdds.scm.pipeline.PipelineStateManager.removePipeline(PipelineStateManager.java:107)
	at org.apache.hadoop.hdds.scm.pipeline.SCMPipelineManager.removePipeline(SCMPipelineManager.java:423)
	at org.apache.hadoop.hdds.scm.pipeline.SCMPipelineManager.destroyPipeline(SCMPipelineManager.java:409)
	at org.apache.hadoop.hdds.scm.pipeline.SCMPipelineManager.lambda$finalizeAndDestroyPipeline$0(SCMPipelineManager.java:318)
	at org.apache.hadoop.utils.Scheduler.lambda$schedule$1(Scheduler.java:68)
	at java.util.concurrent.Executors$RunnableAdapter.call(Executors.java:511)
	at java.util.concurrent.FutureTask.run(FutureTask.java:266)
	at java.util.concurrent.ScheduledThreadPoolExecutor$ScheduledFutureTask.access$201(ScheduledThreadPoolExecutor.java:180)
	at java.util.concurrent.ScheduledThreadPoolExecutor$ScheduledFutureTask.run(ScheduledThreadPoolExecutor.java:293)
	at java.util.concurrent.ThreadPoolExecutor.runWorker(ThreadPoolExecutor.java:1149)
	at java.util.concurrent.ThreadPoolExecutor$Worker.run(ThreadPoolExecutor.java:624)
	at java.lang.Thread.run(Thread.java:748)
 0.00% |█                                                                                                    |  0/1 Time: 0:03:40 0.00% |█                                                                                                    |  0/1 Time: 0:03:412019-09-16 18:00:15,869 [java.util.concurrent.ThreadPoolExecutor$Worker@120e34ed[State = -1, empty queue]] WARN  server.GrpcLogAppender (GrpcLogAppender.java:timeoutAppendRequest(200)) - 7631069e-55aa-48aa-a80c-68f378536a45@group-D3A6482546DD->59cccd2f-755e-4c45-a890-da01592df45f-GrpcLogAppender: appendEntries Timeout, request=7631069e-55aa-48aa-a80c-68f378536a45->59cccd2f-755e-4c45-a890-da01592df45f#29-t1, previous=(t:1, i:20), leaderCommit=16, initializing? false, entries: <empty>
2019-09-16 18:00:15,869 [java.util.concurrent.ThreadPoolExecutor$Worker@9fec2f6[State = -1, empty queue]] WARN  server.GrpcLogAppender (GrpcLogAppender.java:timeoutAppendRequest(200)) - 7631069e-55aa-48aa-a80c-68f378536a45@group-D3A6482546DD->d2644fda-0f6b-4964-8120-db19826e02a4-GrpcLogAppender: appendEntries Timeout, request=7631069e-55aa-48aa-a80c-68f378536a45->d2644fda-0f6b-4964-8120-db19826e02a4#29-t1, previous=(t:1, i:20), leaderCommit=16, initializing? false, entries: <empty>
2019-09-16 18:00:16,112 [grpc-default-executor-2] INFO  impl.RaftServerProxy (RaftServerProxy.java:remove(95)) - d2644fda-0f6b-4964-8120-db19826e02a4: remove group-D5120AE2D385:null
2019-09-16 18:00:16,119 [RatisPipelineUtilsThread] WARN  pipeline.RatisPipelineUtils (RatisPipelineUtils.java:destroyPipeline(66)) - Pipeline destroy failed for pipeline=PipelineID=8976a1a2-b138-4af7-bd61-d5120ae2d385 dn=d2644fda-0f6b-4964-8120-db19826e02a4{ip: 192.168.157.233, host: pr-hdds-2120-x62sn-1884063469, networkLocation: /default-rack, certSerialId: null}
2019-09-16 18:00:16,123 [grpc-default-executor-2] INFO  impl.RaftServerProxy (RaftServerProxy.java:remove(95)) - 7631069e-55aa-48aa-a80c-68f378536a45: remove group-D5120AE2D385:null
2019-09-16 18:00:16,128 [RatisPipelineUtilsThread] WARN  pipeline.RatisPipelineUtils (RatisPipelineUtils.java:destroyPipeline(66)) - Pipeline destroy failed for pipeline=PipelineID=8976a1a2-b138-4af7-bd61-d5120ae2d385 dn=7631069e-55aa-48aa-a80c-68f378536a45{ip: 192.168.157.233, host: pr-hdds-2120-x62sn-1884063469, networkLocation: /default-rack, certSerialId: null}
2019-09-16 18:00:16,132 [grpc-default-executor-1] INFO  impl.RaftServerProxy (RaftServerProxy.java:remove(95)) - 59cccd2f-755e-4c45-a890-da01592df45f: remove group-D5120AE2D385:null
2019-09-16 18:00:16,137 [RatisPipelineUtilsThread] WARN  pipeline.RatisPipelineUtils (RatisPipelineUtils.java:destroyPipeline(66)) - Pipeline destroy failed for pipeline=PipelineID=8976a1a2-b138-4af7-bd61-d5120ae2d385 dn=59cccd2f-755e-4c45-a890-da01592df45f{ip: 192.168.157.233, host: pr-hdds-2120-x62sn-1884063469, networkLocation: /default-rack, certSerialId: null}
2019-09-16 18:00:16,137 [RatisPipelineUtilsThread] ERROR pipeline.SCMPipelineManager (Scheduler.java:lambda$schedule$1(70)) - Destroy pipeline failed for pipeline:Pipeline[ Id: 8976a1a2-b138-4af7-bd61-d5120ae2d385, Nodes: d2644fda-0f6b-4964-8120-db19826e02a4{ip: 192.168.157.233, host: pr-hdds-2120-x62sn-1884063469, networkLocation: /default-rack, certSerialId: null}7631069e-55aa-48aa-a80c-68f378536a45{ip: 192.168.157.233, host: pr-hdds-2120-x62sn-1884063469, networkLocation: /default-rack, certSerialId: null}59cccd2f-755e-4c45-a890-da01592df45f{ip: 192.168.157.233, host: pr-hdds-2120-x62sn-1884063469, networkLocation: /default-rack, certSerialId: null}, Type:RATIS, Factor:THREE, State:CLOSED]
org.apache.hadoop.hdds.scm.pipeline.PipelineNotFoundException: PipelineID=8976a1a2-b138-4af7-bd61-d5120ae2d385 not found
	at org.apache.hadoop.hdds.scm.pipeline.PipelineStateMap.getPipeline(PipelineStateMap.java:132)
	at org.apache.hadoop.hdds.scm.pipeline.PipelineStateMap.removePipeline(PipelineStateMap.java:322)
	at org.apache.hadoop.hdds.scm.pipeline.PipelineStateManager.removePipeline(PipelineStateManager.java:107)
	at org.apache.hadoop.hdds.scm.pipeline.SCMPipelineManager.removePipeline(SCMPipelineManager.java:423)
	at org.apache.hadoop.hdds.scm.pipeline.SCMPipelineManager.destroyPipeline(SCMPipelineManager.java:409)
	at org.apache.hadoop.hdds.scm.pipeline.SCMPipelineManager.lambda$finalizeAndDestroyPipeline$0(SCMPipelineManager.java:318)
	at org.apache.hadoop.utils.Scheduler.lambda$schedule$1(Scheduler.java:68)
	at java.util.concurrent.Executors$RunnableAdapter.call(Executors.java:511)
	at java.util.concurrent.FutureTask.run(FutureTask.java:266)
	at java.util.concurrent.ScheduledThreadPoolExecutor$ScheduledFutureTask.access$201(ScheduledThreadPoolExecutor.java:180)
	at java.util.concurrent.ScheduledThreadPoolExecutor$ScheduledFutureTask.run(ScheduledThreadPoolExecutor.java:293)
	at java.util.concurrent.ThreadPoolExecutor.runWorker(ThreadPoolExecutor.java:1149)
	at java.util.concurrent.ThreadPoolExecutor$Worker.run(ThreadPoolExecutor.java:624)
	at java.lang.Thread.run(Thread.java:748)
 0.00% |█                                                                                                    |  0/1 Time: 0:03:42 0.00% |█                                                                                                    |  0/1 Time: 0:03:432019-09-16 18:00:18,060 [grpc-default-executor-2] INFO  client.GrpcClientProtocolClient (GrpcClientProtocolClient.java:onNext(264)) - client-19556C4CBA1B->59cccd2f-755e-4c45-a890-da01592df45f: receive RaftClientReply:client-19556C4CBA1B->59cccd2f-755e-4c45-a890-da01592df45f@group-D3A6482546DD, cid=40, FAILED org.apache.ratis.protocol.NotLeaderException: Server 59cccd2f-755e-4c45-a890-da01592df45f@group-D3A6482546DD is not the leader 7631069e-55aa-48aa-a80c-68f378536a45:192.168.157.233:39369, logIndex=0, commits[59cccd2f-755e-4c45-a890-da01592df45f:c16, 7631069e-55aa-48aa-a80c-68f378536a45:c16, d2644fda-0f6b-4964-8120-db19826e02a4:c14]
2019-09-16 18:00:18,370 [java.util.concurrent.ThreadPoolExecutor$Worker@9fec2f6[State = -1, empty queue]] WARN  server.GrpcLogAppender (GrpcLogAppender.java:timeoutAppendRequest(200)) - 7631069e-55aa-48aa-a80c-68f378536a45@group-D3A6482546DD->d2644fda-0f6b-4964-8120-db19826e02a4-GrpcLogAppender: appendEntries Timeout, request=7631069e-55aa-48aa-a80c-68f378536a45->d2644fda-0f6b-4964-8120-db19826e02a4#30-t1, previous=(t:1, i:20), leaderCommit=16, initializing? false, entries: <empty>
2019-09-16 18:00:18,370 [java.util.concurrent.ThreadPoolExecutor$Worker@120e34ed[State = -1, empty queue]] WARN  server.GrpcLogAppender (GrpcLogAppender.java:timeoutAppendRequest(200)) - 7631069e-55aa-48aa-a80c-68f378536a45@group-D3A6482546DD->59cccd2f-755e-4c45-a890-da01592df45f-GrpcLogAppender: appendEntries Timeout, request=7631069e-55aa-48aa-a80c-68f378536a45->59cccd2f-755e-4c45-a890-da01592df45f#30-t1, previous=(t:1, i:20), leaderCommit=16, initializing? false, entries: <empty>
 0.00% |█                                                                                                    |  0/1 Time: 0:03:442019-09-16 18:00:19,105 [grpc-default-executor-2] INFO  impl.RaftServerProxy (RaftServerProxy.java:remove(95)) - d2644fda-0f6b-4964-8120-db19826e02a4: remove group-D5120AE2D385:null
2019-09-16 18:00:19,112 [RatisPipelineUtilsThread] WARN  pipeline.RatisPipelineUtils (RatisPipelineUtils.java:destroyPipeline(66)) - Pipeline destroy failed for pipeline=PipelineID=8976a1a2-b138-4af7-bd61-d5120ae2d385 dn=d2644fda-0f6b-4964-8120-db19826e02a4{ip: 192.168.157.233, host: pr-hdds-2120-x62sn-1884063469, networkLocation: /default-rack, certSerialId: null}
2019-09-16 18:00:19,115 [grpc-default-executor-2] INFO  impl.RaftServerProxy (RaftServerProxy.java:remove(95)) - 7631069e-55aa-48aa-a80c-68f378536a45: remove group-D5120AE2D385:null
2019-09-16 18:00:19,125 [RatisPipelineUtilsThread] WARN  pipeline.RatisPipelineUtils (RatisPipelineUtils.java:destroyPipeline(66)) - Pipeline destroy failed for pipeline=PipelineID=8976a1a2-b138-4af7-bd61-d5120ae2d385 dn=7631069e-55aa-48aa-a80c-68f378536a45{ip: 192.168.157.233, host: pr-hdds-2120-x62sn-1884063469, networkLocation: /default-rack, certSerialId: null}
2019-09-16 18:00:19,128 [grpc-default-executor-2] INFO  impl.RaftServerProxy (RaftServerProxy.java:remove(95)) - 59cccd2f-755e-4c45-a890-da01592df45f: remove group-D5120AE2D385:null
2019-09-16 18:00:19,132 [RatisPipelineUtilsThread] WARN  pipeline.RatisPipelineUtils (RatisPipelineUtils.java:destroyPipeline(66)) - Pipeline destroy failed for pipeline=PipelineID=8976a1a2-b138-4af7-bd61-d5120ae2d385 dn=59cccd2f-755e-4c45-a890-da01592df45f{ip: 192.168.157.233, host: pr-hdds-2120-x62sn-1884063469, networkLocation: /default-rack, certSerialId: null}
2019-09-16 18:00:19,133 [RatisPipelineUtilsThread] ERROR pipeline.SCMPipelineManager (Scheduler.java:lambda$schedule$1(70)) - Destroy pipeline failed for pipeline:Pipeline[ Id: 8976a1a2-b138-4af7-bd61-d5120ae2d385, Nodes: d2644fda-0f6b-4964-8120-db19826e02a4{ip: 192.168.157.233, host: pr-hdds-2120-x62sn-1884063469, networkLocation: /default-rack, certSerialId: null}7631069e-55aa-48aa-a80c-68f378536a45{ip: 192.168.157.233, host: pr-hdds-2120-x62sn-1884063469, networkLocation: /default-rack, certSerialId: null}59cccd2f-755e-4c45-a890-da01592df45f{ip: 192.168.157.233, host: pr-hdds-2120-x62sn-1884063469, networkLocation: /default-rack, certSerialId: null}, Type:RATIS, Factor:THREE, State:CLOSED]
org.apache.hadoop.hdds.scm.pipeline.PipelineNotFoundException: PipelineID=8976a1a2-b138-4af7-bd61-d5120ae2d385 not found
	at org.apache.hadoop.hdds.scm.pipeline.PipelineStateMap.getPipeline(PipelineStateMap.java:132)
	at org.apache.hadoop.hdds.scm.pipeline.PipelineStateMap.removePipeline(PipelineStateMap.java:322)
	at org.apache.hadoop.hdds.scm.pipeline.PipelineStateManager.removePipeline(PipelineStateManager.java:107)
	at org.apache.hadoop.hdds.scm.pipeline.SCMPipelineManager.removePipeline(SCMPipelineManager.java:423)
	at org.apache.hadoop.hdds.scm.pipeline.SCMPipelineManager.destroyPipeline(SCMPipelineManager.java:409)
	at org.apache.hadoop.hdds.scm.pipeline.SCMPipelineManager.lambda$finalizeAndDestroyPipeline$0(SCMPipelineManager.java:318)
	at org.apache.hadoop.utils.Scheduler.lambda$schedule$1(Scheduler.java:68)
	at java.util.concurrent.Executors$RunnableAdapter.call(Executors.java:511)
	at java.util.concurrent.FutureTask.run(FutureTask.java:266)
	at java.util.concurrent.ScheduledThreadPoolExecutor$ScheduledFutureTask.access$201(ScheduledThreadPoolExecutor.java:180)
	at java.util.concurrent.ScheduledThreadPoolExecutor$ScheduledFutureTask.run(ScheduledThreadPoolExecutor.java:293)
	at java.util.concurrent.ThreadPoolExecutor.runWorker(ThreadPoolExecutor.java:1149)
	at java.util.concurrent.ThreadPoolExecutor$Worker.run(ThreadPoolExecutor.java:624)
	at java.lang.Thread.run(Thread.java:748)
 0.00% |█                                                                                                    |  0/1 Time: 0:03:45 0.00% |█                                                                                                    |  0/1 Time: 0:03:462019-09-16 18:00:20,871 [java.util.concurrent.ThreadPoolExecutor$Worker@120e34ed[State = -1, empty queue]] WARN  server.GrpcLogAppender (GrpcLogAppender.java:timeoutAppendRequest(200)) - 7631069e-55aa-48aa-a80c-68f378536a45@group-D3A6482546DD->59cccd2f-755e-4c45-a890-da01592df45f-GrpcLogAppender: appendEntries Timeout, request=7631069e-55aa-48aa-a80c-68f378536a45->59cccd2f-755e-4c45-a890-da01592df45f#31-t1, previous=(t:1, i:20), leaderCommit=16, initializing? false, entries: <empty>
2019-09-16 18:00:20,871 [java.util.concurrent.ThreadPoolExecutor$Worker@9fec2f6[State = -1, empty queue]] WARN  server.GrpcLogAppender (GrpcLogAppender.java:timeoutAppendRequest(200)) - 7631069e-55aa-48aa-a80c-68f378536a45@group-D3A6482546DD->d2644fda-0f6b-4964-8120-db19826e02a4-GrpcLogAppender: appendEntries Timeout, request=7631069e-55aa-48aa-a80c-68f378536a45->d2644fda-0f6b-4964-8120-db19826e02a4#31-t1, previous=(t:1, i:20), leaderCommit=16, initializing? false, entries: <empty>
2019-09-16 18:00:21,102 [grpc-default-executor-1] INFO  impl.RaftServerProxy (RaftServerProxy.java:remove(95)) - d2644fda-0f6b-4964-8120-db19826e02a4: remove group-D5120AE2D385:null
2019-09-16 18:00:21,106 [RatisPipelineUtilsThread] WARN  pipeline.RatisPipelineUtils (RatisPipelineUtils.java:destroyPipeline(66)) - Pipeline destroy failed for pipeline=PipelineID=8976a1a2-b138-4af7-bd61-d5120ae2d385 dn=d2644fda-0f6b-4964-8120-db19826e02a4{ip: 192.168.157.233, host: pr-hdds-2120-x62sn-1884063469, networkLocation: /default-rack, certSerialId: null}
2019-09-16 18:00:21,109 [grpc-default-executor-1] INFO  impl.RaftServerProxy (RaftServerProxy.java:remove(95)) - 7631069e-55aa-48aa-a80c-68f378536a45: remove group-D5120AE2D385:null
2019-09-16 18:00:21,112 [RatisPipelineUtilsThread] WARN  pipeline.RatisPipelineUtils (RatisPipelineUtils.java:destroyPipeline(66)) - Pipeline destroy failed for pipeline=PipelineID=8976a1a2-b138-4af7-bd61-d5120ae2d385 dn=7631069e-55aa-48aa-a80c-68f378536a45{ip: 192.168.157.233, host: pr-hdds-2120-x62sn-1884063469, networkLocation: /default-rack, certSerialId: null}
2019-09-16 18:00:21,115 [grpc-default-executor-1] INFO  impl.RaftServerProxy (RaftServerProxy.java:remove(95)) - 59cccd2f-755e-4c45-a890-da01592df45f: remove group-D5120AE2D385:null
2019-09-16 18:00:21,117 [RatisPipelineUtilsThread] WARN  pipeline.RatisPipelineUtils (RatisPipelineUtils.java:destroyPipeline(66)) - Pipeline destroy failed for pipeline=PipelineID=8976a1a2-b138-4af7-bd61-d5120ae2d385 dn=59cccd2f-755e-4c45-a890-da01592df45f{ip: 192.168.157.233, host: pr-hdds-2120-x62sn-1884063469, networkLocation: /default-rack, certSerialId: null}
2019-09-16 18:00:21,117 [RatisPipelineUtilsThread] ERROR pipeline.SCMPipelineManager (Scheduler.java:lambda$schedule$1(70)) - Destroy pipeline failed for pipeline:Pipeline[ Id: 8976a1a2-b138-4af7-bd61-d5120ae2d385, Nodes: d2644fda-0f6b-4964-8120-db19826e02a4{ip: 192.168.157.233, host: pr-hdds-2120-x62sn-1884063469, networkLocation: /default-rack, certSerialId: null}7631069e-55aa-48aa-a80c-68f378536a45{ip: 192.168.157.233, host: pr-hdds-2120-x62sn-1884063469, networkLocation: /default-rack, certSerialId: null}59cccd2f-755e-4c45-a890-da01592df45f{ip: 192.168.157.233, host: pr-hdds-2120-x62sn-1884063469, networkLocation: /default-rack, certSerialId: null}, Type:RATIS, Factor:THREE, State:CLOSED]
org.apache.hadoop.hdds.scm.pipeline.PipelineNotFoundException: PipelineID=8976a1a2-b138-4af7-bd61-d5120ae2d385 not found
	at org.apache.hadoop.hdds.scm.pipeline.PipelineStateMap.getPipeline(PipelineStateMap.java:132)
	at org.apache.hadoop.hdds.scm.pipeline.PipelineStateMap.removePipeline(PipelineStateMap.java:322)
	at org.apache.hadoop.hdds.scm.pipeline.PipelineStateManager.removePipeline(PipelineStateManager.java:107)
	at org.apache.hadoop.hdds.scm.pipeline.SCMPipelineManager.removePipeline(SCMPipelineManager.java:423)
	at org.apache.hadoop.hdds.scm.pipeline.SCMPipelineManager.destroyPipeline(SCMPipelineManager.java:409)
	at org.apache.hadoop.hdds.scm.pipeline.SCMPipelineManager.lambda$finalizeAndDestroyPipeline$0(SCMPipelineManager.java:318)
	at org.apache.hadoop.utils.Scheduler.lambda$schedule$1(Scheduler.java:68)
	at java.util.concurrent.Executors$RunnableAdapter.call(Executors.java:511)
	at java.util.concurrent.FutureTask.run(FutureTask.java:266)
	at java.util.concurrent.ScheduledThreadPoolExecutor$ScheduledFutureTask.access$201(ScheduledThreadPoolExecutor.java:180)
	at java.util.concurrent.ScheduledThreadPoolExecutor$ScheduledFutureTask.run(ScheduledThreadPoolExecutor.java:293)
	at java.util.concurrent.ThreadPoolExecutor.runWorker(ThreadPoolExecutor.java:1149)
	at java.util.concurrent.ThreadPoolExecutor$Worker.run(ThreadPoolExecutor.java:624)
	at java.lang.Thread.run(Thread.java:748)
 0.00% |█                                                                                                    |  0/1 Time: 0:03:47 0.00% |█                                                                                                    |  0/1 Time: 0:03:482019-09-16 18:00:22,865 [59cccd2f-755e-4c45-a890-da01592df45f@group-D3A6482546DD-SegmentedRaftLogWorker] WARN  segmented.SegmentedRaftLogWorker (SegmentedRaftLogWorker.java:getFromFuture(90)) - Timeout 2/~
org.apache.ratis.protocol.TimeoutIOException: Timeout 10s: WriteLog:17: (t:1, i:17), STATEMACHINELOGENTRY, client-19556C4CBA1B, cid=40-writeStateMachineData
	at org.apache.ratis.util.IOUtils.getFromFuture(IOUtils.java:87)
	at org.apache.ratis.server.raftlog.segmented.SegmentedRaftLogWorker$StateMachineDataPolicy.getFromFuture(SegmentedRaftLogWorker.java:87)
	at org.apache.ratis.server.raftlog.segmented.SegmentedRaftLogWorker$WriteLog.execute(SegmentedRaftLogWorker.java:477)
	at org.apache.ratis.server.raftlog.segmented.SegmentedRaftLogWorker.run(SegmentedRaftLogWorker.java:289)
	at java.lang.Thread.run(Thread.java:748)
Caused by: java.util.concurrent.TimeoutException
	at java.util.concurrent.CompletableFuture.timedGet(CompletableFuture.java:1771)
	at java.util.concurrent.CompletableFuture.get(CompletableFuture.java:1915)
	at org.apache.ratis.util.IOUtils.getFromFuture(IOUtils.java:79)
	... 4 more
2019-09-16 18:00:22,997 [7631069e-55aa-48aa-a80c-68f378536a45@group-D3A6482546DD-SegmentedRaftLogWorker] WARN  segmented.SegmentedRaftLogWorker (SegmentedRaftLogWorker.java:getFromFuture(90)) - Timeout 2/~
org.apache.ratis.protocol.TimeoutIOException: Timeout 10s: WriteLog:19: (t:1, i:19), STATEMACHINELOGENTRY, client-19556C4CBA1B, cid=42-writeStateMachineData
	at org.apache.ratis.util.IOUtils.getFromFuture(IOUtils.java:87)
	at org.apache.ratis.server.raftlog.segmented.SegmentedRaftLogWorker$StateMachineDataPolicy.getFromFuture(SegmentedRaftLogWorker.java:87)
	at org.apache.ratis.server.raftlog.segmented.SegmentedRaftLogWorker$WriteLog.execute(SegmentedRaftLogWorker.java:477)
	at org.apache.ratis.server.raftlog.segmented.SegmentedRaftLogWorker.run(SegmentedRaftLogWorker.java:289)
	at java.lang.Thread.run(Thread.java:748)
Caused by: java.util.concurrent.TimeoutException
	at java.util.concurrent.CompletableFuture.timedGet(CompletableFuture.java:1771)
	at java.util.concurrent.CompletableFuture.get(CompletableFuture.java:1915)
	at org.apache.ratis.util.IOUtils.getFromFuture(IOUtils.java:79)
	... 4 more
2019-09-16 18:00:22,998 [d2644fda-0f6b-4964-8120-db19826e02a4@group-D3A6482546DD-SegmentedRaftLogWorker] WARN  segmented.SegmentedRaftLogWorker (SegmentedRaftLogWorker.java:getFromFuture(90)) - Timeout 2/~
org.apache.ratis.protocol.TimeoutIOException: Timeout 10s: WriteLog:19: (t:1, i:19), STATEMACHINELOGENTRY, client-19556C4CBA1B, cid=42-writeStateMachineData
	at org.apache.ratis.util.IOUtils.getFromFuture(IOUtils.java:87)
	at org.apache.ratis.server.raftlog.segmented.SegmentedRaftLogWorker$StateMachineDataPolicy.getFromFuture(SegmentedRaftLogWorker.java:87)
	at org.apache.ratis.server.raftlog.segmented.SegmentedRaftLogWorker$WriteLog.execute(SegmentedRaftLogWorker.java:477)
	at org.apache.ratis.server.raftlog.segmented.SegmentedRaftLogWorker.run(SegmentedRaftLogWorker.java:289)
	at java.lang.Thread.run(Thread.java:748)
Caused by: java.util.concurrent.TimeoutException
	at java.util.concurrent.CompletableFuture.timedGet(CompletableFuture.java:1771)
	at java.util.concurrent.CompletableFuture.get(CompletableFuture.java:1915)
	at org.apache.ratis.util.IOUtils.getFromFuture(IOUtils.java:79)
	... 4 more
2019-09-16 18:00:23,099 [grpc-default-executor-1] INFO  client.GrpcClientProtocolClient (GrpcClientProtocolClient.java:onNext(264)) - client-19556C4CBA1B->d2644fda-0f6b-4964-8120-db19826e02a4: receive RaftClientReply:client-19556C4CBA1B->d2644fda-0f6b-4964-8120-db19826e02a4@group-D3A6482546DD, cid=40, FAILED org.apache.ratis.protocol.NotLeaderException: Server d2644fda-0f6b-4964-8120-db19826e02a4@group-D3A6482546DD is not the leader 7631069e-55aa-48aa-a80c-68f378536a45:192.168.157.233:39369, logIndex=0, commits[d2644fda-0f6b-4964-8120-db19826e02a4:c16, 7631069e-55aa-48aa-a80c-68f378536a45:c16, 59cccd2f-755e-4c45-a890-da01592df45f:c14]
2019-09-16 18:00:23,371 [java.util.concurrent.ThreadPoolExecutor$Worker@9fec2f6[State = -1, empty queue]] WARN  server.GrpcLogAppender (GrpcLogAppender.java:timeoutAppendRequest(200)) - 7631069e-55aa-48aa-a80c-68f378536a45@group-D3A6482546DD->d2644fda-0f6b-4964-8120-db19826e02a4-GrpcLogAppender: appendEntries Timeout, request=7631069e-55aa-48aa-a80c-68f378536a45->d2644fda-0f6b-4964-8120-db19826e02a4#32-t1, previous=(t:1, i:20), leaderCommit=16, initializing? false, entries: <empty>
2019-09-16 18:00:23,371 [java.util.concurrent.ThreadPoolExecutor$Worker@120e34ed[State = -1, empty queue]] WARN  server.GrpcLogAppender (GrpcLogAppender.java:timeoutAppendRequest(200)) - 7631069e-55aa-48aa-a80c-68f378536a45@group-D3A6482546DD->59cccd2f-755e-4c45-a890-da01592df45f-GrpcLogAppender: appendEntries Timeout, request=7631069e-55aa-48aa-a80c-68f378536a45->59cccd2f-755e-4c45-a890-da01592df45f#32-t1, previous=(t:1, i:20), leaderCommit=16, initializing? false, entries: <empty>
 0.00% |█                                                                                                    |  0/1 Time: 0:03:492019-09-16 18:00:24,106 [grpc-default-executor-2] INFO  impl.RaftServerProxy (RaftServerProxy.java:remove(95)) - d2644fda-0f6b-4964-8120-db19826e02a4: remove group-D5120AE2D385:null
2019-09-16 18:00:24,109 [RatisPipelineUtilsThread] WARN  pipeline.RatisPipelineUtils (RatisPipelineUtils.java:destroyPipeline(66)) - Pipeline destroy failed for pipeline=PipelineID=8976a1a2-b138-4af7-bd61-d5120ae2d385 dn=d2644fda-0f6b-4964-8120-db19826e02a4{ip: 192.168.157.233, host: pr-hdds-2120-x62sn-1884063469, networkLocation: /default-rack, certSerialId: null}
2019-09-16 18:00:24,113 [grpc-default-executor-2] INFO  impl.RaftServerProxy (RaftServerProxy.java:remove(95)) - 7631069e-55aa-48aa-a80c-68f378536a45: remove group-D5120AE2D385:null
2019-09-16 18:00:24,115 [RatisPipelineUtilsThread] WARN  pipeline.RatisPipelineUtils (RatisPipelineUtils.java:destroyPipeline(66)) - Pipeline destroy failed for pipeline=PipelineID=8976a1a2-b138-4af7-bd61-d5120ae2d385 dn=7631069e-55aa-48aa-a80c-68f378536a45{ip: 192.168.157.233, host: pr-hdds-2120-x62sn-1884063469, networkLocation: /default-rack, certSerialId: null}
2019-09-16 18:00:24,118 [grpc-default-executor-2] INFO  impl.RaftServerProxy (RaftServerProxy.java:remove(95)) - 59cccd2f-755e-4c45-a890-da01592df45f: remove group-D5120AE2D385:null
2019-09-16 18:00:24,120 [RatisPipelineUtilsThread] WARN  pipeline.RatisPipelineUtils (RatisPipelineUtils.java:destroyPipeline(66)) - Pipeline destroy failed for pipeline=PipelineID=8976a1a2-b138-4af7-bd61-d5120ae2d385 dn=59cccd2f-755e-4c45-a890-da01592df45f{ip: 192.168.157.233, host: pr-hdds-2120-x62sn-1884063469, networkLocation: /default-rack, certSerialId: null}
2019-09-16 18:00:24,121 [RatisPipelineUtilsThread] ERROR pipeline.SCMPipelineManager (Scheduler.java:lambda$schedule$1(70)) - Destroy pipeline failed for pipeline:Pipeline[ Id: 8976a1a2-b138-4af7-bd61-d5120ae2d385, Nodes: d2644fda-0f6b-4964-8120-db19826e02a4{ip: 192.168.157.233, host: pr-hdds-2120-x62sn-1884063469, networkLocation: /default-rack, certSerialId: null}7631069e-55aa-48aa-a80c-68f378536a45{ip: 192.168.157.233, host: pr-hdds-2120-x62sn-1884063469, networkLocation: /default-rack, certSerialId: null}59cccd2f-755e-4c45-a890-da01592df45f{ip: 192.168.157.233, host: pr-hdds-2120-x62sn-1884063469, networkLocation: /default-rack, certSerialId: null}, Type:RATIS, Factor:THREE, State:CLOSED]
org.apache.hadoop.hdds.scm.pipeline.PipelineNotFoundException: PipelineID=8976a1a2-b138-4af7-bd61-d5120ae2d385 not found
	at org.apache.hadoop.hdds.scm.pipeline.PipelineStateMap.getPipeline(PipelineStateMap.java:132)
	at org.apache.hadoop.hdds.scm.pipeline.PipelineStateMap.removePipeline(PipelineStateMap.java:322)
	at org.apache.hadoop.hdds.scm.pipeline.PipelineStateManager.removePipeline(PipelineStateManager.java:107)
	at org.apache.hadoop.hdds.scm.pipeline.SCMPipelineManager.removePipeline(SCMPipelineManager.java:423)
	at org.apache.hadoop.hdds.scm.pipeline.SCMPipelineManager.destroyPipeline(SCMPipelineManager.java:409)
	at org.apache.hadoop.hdds.scm.pipeline.SCMPipelineManager.lambda$finalizeAndDestroyPipeline$0(SCMPipelineManager.java:318)
	at org.apache.hadoop.utils.Scheduler.lambda$schedule$1(Scheduler.java:68)
	at java.util.concurrent.Executors$RunnableAdapter.call(Executors.java:511)
	at java.util.concurrent.FutureTask.run(FutureTask.java:266)
	at java.util.concurrent.ScheduledThreadPoolExecutor$ScheduledFutureTask.access$201(ScheduledThreadPoolExecutor.java:180)
	at java.util.concurrent.ScheduledThreadPoolExecutor$ScheduledFutureTask.run(ScheduledThreadPoolExecutor.java:293)
	at java.util.concurrent.ThreadPoolExecutor.runWorker(ThreadPoolExecutor.java:1149)
	at java.util.concurrent.ThreadPoolExecutor$Worker.run(ThreadPoolExecutor.java:624)
	at java.lang.Thread.run(Thread.java:748)
 0.00% |█                                                                                                    |  0/1 Time: 0:03:50 0.00% |█                                                                                                    |  0/1 Time: 0:03:512019-09-16 18:00:25,872 [java.util.concurrent.ThreadPoolExecutor$Worker@9fec2f6[State = -1, empty queue]] WARN  server.GrpcLogAppender (GrpcLogAppender.java:timeoutAppendRequest(200)) - 7631069e-55aa-48aa-a80c-68f378536a45@group-D3A6482546DD->d2644fda-0f6b-4964-8120-db19826e02a4-GrpcLogAppender: appendEntries Timeout, request=7631069e-55aa-48aa-a80c-68f378536a45->d2644fda-0f6b-4964-8120-db19826e02a4#33-t1, previous=(t:1, i:20), leaderCommit=16, initializing? false, entries: <empty>
2019-09-16 18:00:25,872 [java.util.concurrent.ThreadPoolExecutor$Worker@120e34ed[State = -1, empty queue]] WARN  server.GrpcLogAppender (GrpcLogAppender.java:timeoutAppendRequest(200)) - 7631069e-55aa-48aa-a80c-68f378536a45@group-D3A6482546DD->59cccd2f-755e-4c45-a890-da01592df45f-GrpcLogAppender: appendEntries Timeout, request=7631069e-55aa-48aa-a80c-68f378536a45->59cccd2f-755e-4c45-a890-da01592df45f#33-t1, previous=(t:1, i:20), leaderCommit=16, initializing? false, entries: <empty>
2019-09-16 18:00:26,105 [grpc-default-executor-2] INFO  impl.RaftServerProxy (RaftServerProxy.java:remove(95)) - d2644fda-0f6b-4964-8120-db19826e02a4: remove group-D5120AE2D385:null
2019-09-16 18:00:26,111 [RatisPipelineUtilsThread] WARN  pipeline.RatisPipelineUtils (RatisPipelineUtils.java:destroyPipeline(66)) - Pipeline destroy failed for pipeline=PipelineID=8976a1a2-b138-4af7-bd61-d5120ae2d385 dn=d2644fda-0f6b-4964-8120-db19826e02a4{ip: 192.168.157.233, host: pr-hdds-2120-x62sn-1884063469, networkLocation: /default-rack, certSerialId: null}
2019-09-16 18:00:26,115 [grpc-default-executor-2] INFO  impl.RaftServerProxy (RaftServerProxy.java:remove(95)) - 7631069e-55aa-48aa-a80c-68f378536a45: remove group-D5120AE2D385:null
2019-09-16 18:00:26,118 [RatisPipelineUtilsThread] WARN  pipeline.RatisPipelineUtils (RatisPipelineUtils.java:destroyPipeline(66)) - Pipeline destroy failed for pipeline=PipelineID=8976a1a2-b138-4af7-bd61-d5120ae2d385 dn=7631069e-55aa-48aa-a80c-68f378536a45{ip: 192.168.157.233, host: pr-hdds-2120-x62sn-1884063469, networkLocation: /default-rack, certSerialId: null}
2019-09-16 18:00:26,121 [grpc-default-executor-2] INFO  impl.RaftServerProxy (RaftServerProxy.java:remove(95)) - 59cccd2f-755e-4c45-a890-da01592df45f: remove group-D5120AE2D385:null
2019-09-16 18:00:26,123 [RatisPipelineUtilsThread] WARN  pipeline.RatisPipelineUtils (RatisPipelineUtils.java:destroyPipeline(66)) - Pipeline destroy failed for pipeline=PipelineID=8976a1a2-b138-4af7-bd61-d5120ae2d385 dn=59cccd2f-755e-4c45-a890-da01592df45f{ip: 192.168.157.233, host: pr-hdds-2120-x62sn-1884063469, networkLocation: /default-rack, certSerialId: null}
2019-09-16 18:00:26,124 [RatisPipelineUtilsThread] ERROR pipeline.SCMPipelineManager (Scheduler.java:lambda$schedule$1(70)) - Destroy pipeline failed for pipeline:Pipeline[ Id: 8976a1a2-b138-4af7-bd61-d5120ae2d385, Nodes: d2644fda-0f6b-4964-8120-db19826e02a4{ip: 192.168.157.233, host: pr-hdds-2120-x62sn-1884063469, networkLocation: /default-rack, certSerialId: null}7631069e-55aa-48aa-a80c-68f378536a45{ip: 192.168.157.233, host: pr-hdds-2120-x62sn-1884063469, networkLocation: /default-rack, certSerialId: null}59cccd2f-755e-4c45-a890-da01592df45f{ip: 192.168.157.233, host: pr-hdds-2120-x62sn-1884063469, networkLocation: /default-rack, certSerialId: null}, Type:RATIS, Factor:THREE, State:CLOSED]
org.apache.hadoop.hdds.scm.pipeline.PipelineNotFoundException: PipelineID=8976a1a2-b138-4af7-bd61-d5120ae2d385 not found
	at org.apache.hadoop.hdds.scm.pipeline.PipelineStateMap.getPipeline(PipelineStateMap.java:132)
	at org.apache.hadoop.hdds.scm.pipeline.PipelineStateMap.removePipeline(PipelineStateMap.java:322)
	at org.apache.hadoop.hdds.scm.pipeline.PipelineStateManager.removePipeline(PipelineStateManager.java:107)
	at org.apache.hadoop.hdds.scm.pipeline.SCMPipelineManager.removePipeline(SCMPipelineManager.java:423)
	at org.apache.hadoop.hdds.scm.pipeline.SCMPipelineManager.destroyPipeline(SCMPipelineManager.java:409)
	at org.apache.hadoop.hdds.scm.pipeline.SCMPipelineManager.lambda$finalizeAndDestroyPipeline$0(SCMPipelineManager.java:318)
	at org.apache.hadoop.utils.Scheduler.lambda$schedule$1(Scheduler.java:68)
	at java.util.concurrent.Executors$RunnableAdapter.call(Executors.java:511)
	at java.util.concurrent.FutureTask.run(FutureTask.java:266)
	at java.util.concurrent.ScheduledThreadPoolExecutor$ScheduledFutureTask.access$201(ScheduledThreadPoolExecutor.java:180)
	at java.util.concurrent.ScheduledThreadPoolExecutor$ScheduledFutureTask.run(ScheduledThreadPoolExecutor.java:293)
	at java.util.concurrent.ThreadPoolExecutor.runWorker(ThreadPoolExecutor.java:1149)
	at java.util.concurrent.ThreadPoolExecutor$Worker.run(ThreadPoolExecutor.java:624)
	at java.lang.Thread.run(Thread.java:748)
 0.00% |█                                                                                                    |  0/1 Time: 0:03:52 0.00% |█                                                                                                    |  0/1 Time: 0:03:532019-09-16 18:00:28,133 [grpc-default-executor-1] INFO  client.GrpcClientProtocolClient (GrpcClientProtocolClient.java:onNext(264)) - client-19556C4CBA1B->59cccd2f-755e-4c45-a890-da01592df45f: receive RaftClientReply:client-19556C4CBA1B->59cccd2f-755e-4c45-a890-da01592df45f@group-D3A6482546DD, cid=40, FAILED org.apache.ratis.protocol.NotLeaderException: Server 59cccd2f-755e-4c45-a890-da01592df45f@group-D3A6482546DD is not the leader 7631069e-55aa-48aa-a80c-68f378536a45:192.168.157.233:39369, logIndex=0, commits[59cccd2f-755e-4c45-a890-da01592df45f:c16, 7631069e-55aa-48aa-a80c-68f378536a45:c16, d2644fda-0f6b-4964-8120-db19826e02a4:c14]
2019-09-16 18:00:28,372 [java.util.concurrent.ThreadPoolExecutor$Worker@9fec2f6[State = -1, empty queue]] WARN  server.GrpcLogAppender (GrpcLogAppender.java:timeoutAppendRequest(200)) - 7631069e-55aa-48aa-a80c-68f378536a45@group-D3A6482546DD->d2644fda-0f6b-4964-8120-db19826e02a4-GrpcLogAppender: appendEntries Timeout, request=7631069e-55aa-48aa-a80c-68f378536a45->d2644fda-0f6b-4964-8120-db19826e02a4#34-t1, previous=(t:1, i:20), leaderCommit=16, initializing? false, entries: <empty>
2019-09-16 18:00:28,372 [java.util.concurrent.ThreadPoolExecutor$Worker@120e34ed[State = -1, empty queue]] WARN  server.GrpcLogAppender (GrpcLogAppender.java:timeoutAppendRequest(200)) - 7631069e-55aa-48aa-a80c-68f378536a45@group-D3A6482546DD->59cccd2f-755e-4c45-a890-da01592df45f-GrpcLogAppender: appendEntries Timeout, request=7631069e-55aa-48aa-a80c-68f378536a45->59cccd2f-755e-4c45-a890-da01592df45f#34-t1, previous=(t:1, i:20), leaderCommit=16, initializing? false, entries: <empty>
 0.00% |█                                                                                                    |  0/1 Time: 0:03:542019-09-16 18:00:29,104 [grpc-default-executor-1] INFO  impl.RaftServerProxy (RaftServerProxy.java:remove(95)) - d2644fda-0f6b-4964-8120-db19826e02a4: remove group-D5120AE2D385:null
2019-09-16 18:00:29,108 [RatisPipelineUtilsThread] WARN  pipeline.RatisPipelineUtils (RatisPipelineUtils.java:destroyPipeline(66)) - Pipeline destroy failed for pipeline=PipelineID=8976a1a2-b138-4af7-bd61-d5120ae2d385 dn=d2644fda-0f6b-4964-8120-db19826e02a4{ip: 192.168.157.233, host: pr-hdds-2120-x62sn-1884063469, networkLocation: /default-rack, certSerialId: null}
2019-09-16 18:00:29,112 [grpc-default-executor-1] INFO  impl.RaftServerProxy (RaftServerProxy.java:remove(95)) - 7631069e-55aa-48aa-a80c-68f378536a45: remove group-D5120AE2D385:null
2019-09-16 18:00:29,114 [RatisPipelineUtilsThread] WARN  pipeline.RatisPipelineUtils (RatisPipelineUtils.java:destroyPipeline(66)) - Pipeline destroy failed for pipeline=PipelineID=8976a1a2-b138-4af7-bd61-d5120ae2d385 dn=7631069e-55aa-48aa-a80c-68f378536a45{ip: 192.168.157.233, host: pr-hdds-2120-x62sn-1884063469, networkLocation: /default-rack, certSerialId: null}
2019-09-16 18:00:29,118 [grpc-default-executor-1] INFO  impl.RaftServerProxy (RaftServerProxy.java:remove(95)) - 59cccd2f-755e-4c45-a890-da01592df45f: remove group-D5120AE2D385:null
2019-09-16 18:00:29,121 [RatisPipelineUtilsThread] WARN  pipeline.RatisPipelineUtils (RatisPipelineUtils.java:destroyPipeline(66)) - Pipeline destroy failed for pipeline=PipelineID=8976a1a2-b138-4af7-bd61-d5120ae2d385 dn=59cccd2f-755e-4c45-a890-da01592df45f{ip: 192.168.157.233, host: pr-hdds-2120-x62sn-1884063469, networkLocation: /default-rack, certSerialId: null}
2019-09-16 18:00:29,121 [RatisPipelineUtilsThread] ERROR pipeline.SCMPipelineManager (Scheduler.java:lambda$schedule$1(70)) - Destroy pipeline failed for pipeline:Pipeline[ Id: 8976a1a2-b138-4af7-bd61-d5120ae2d385, Nodes: d2644fda-0f6b-4964-8120-db19826e02a4{ip: 192.168.157.233, host: pr-hdds-2120-x62sn-1884063469, networkLocation: /default-rack, certSerialId: null}7631069e-55aa-48aa-a80c-68f378536a45{ip: 192.168.157.233, host: pr-hdds-2120-x62sn-1884063469, networkLocation: /default-rack, certSerialId: null}59cccd2f-755e-4c45-a890-da01592df45f{ip: 192.168.157.233, host: pr-hdds-2120-x62sn-1884063469, networkLocation: /default-rack, certSerialId: null}, Type:RATIS, Factor:THREE, State:CLOSED]
org.apache.hadoop.hdds.scm.pipeline.PipelineNotFoundException: PipelineID=8976a1a2-b138-4af7-bd61-d5120ae2d385 not found
	at org.apache.hadoop.hdds.scm.pipeline.PipelineStateMap.getPipeline(PipelineStateMap.java:132)
	at org.apache.hadoop.hdds.scm.pipeline.PipelineStateMap.removePipeline(PipelineStateMap.java:322)
	at org.apache.hadoop.hdds.scm.pipeline.PipelineStateManager.removePipeline(PipelineStateManager.java:107)
	at org.apache.hadoop.hdds.scm.pipeline.SCMPipelineManager.removePipeline(SCMPipelineManager.java:423)
	at org.apache.hadoop.hdds.scm.pipeline.SCMPipelineManager.destroyPipeline(SCMPipelineManager.java:409)
	at org.apache.hadoop.hdds.scm.pipeline.SCMPipelineManager.lambda$finalizeAndDestroyPipeline$0(SCMPipelineManager.java:318)
	at org.apache.hadoop.utils.Scheduler.lambda$schedule$1(Scheduler.java:68)
	at java.util.concurrent.Executors$RunnableAdapter.call(Executors.java:511)
	at java.util.concurrent.FutureTask.run(FutureTask.java:266)
	at java.util.concurrent.ScheduledThreadPoolExecutor$ScheduledFutureTask.access$201(ScheduledThreadPoolExecutor.java:180)
	at java.util.concurrent.ScheduledThreadPoolExecutor$ScheduledFutureTask.run(ScheduledThreadPoolExecutor.java:293)
	at java.util.concurrent.ThreadPoolExecutor.runWorker(ThreadPoolExecutor.java:1149)
	at java.util.concurrent.ThreadPoolExecutor$Worker.run(ThreadPoolExecutor.java:624)
	at java.lang.Thread.run(Thread.java:748)
 0.00% |█                                                                                                    |  0/1 Time: 0:03:55 0.00% |█                                                                                                    |  0/1 Time: 0:03:562019-09-16 18:00:30,873 [java.util.concurrent.ThreadPoolExecutor$Worker@9fec2f6[State = -1, empty queue]] WARN  server.GrpcLogAppender (GrpcLogAppender.java:timeoutAppendRequest(200)) - 7631069e-55aa-48aa-a80c-68f378536a45@group-D3A6482546DD->d2644fda-0f6b-4964-8120-db19826e02a4-GrpcLogAppender: appendEntries Timeout, request=7631069e-55aa-48aa-a80c-68f378536a45->d2644fda-0f6b-4964-8120-db19826e02a4#35-t1, previous=(t:1, i:20), leaderCommit=16, initializing? false, entries: <empty>
2019-09-16 18:00:30,873 [java.util.concurrent.ThreadPoolExecutor$Worker@120e34ed[State = -1, empty queue]] WARN  server.GrpcLogAppender (GrpcLogAppender.java:timeoutAppendRequest(200)) - 7631069e-55aa-48aa-a80c-68f378536a45@group-D3A6482546DD->59cccd2f-755e-4c45-a890-da01592df45f-GrpcLogAppender: appendEntries Timeout, request=7631069e-55aa-48aa-a80c-68f378536a45->59cccd2f-755e-4c45-a890-da01592df45f#35-t1, previous=(t:1, i:20), leaderCommit=16, initializing? false, entries: <empty>
2019-09-16 18:00:31,111 [grpc-default-executor-1] INFO  impl.RaftServerProxy (RaftServerProxy.java:remove(95)) - d2644fda-0f6b-4964-8120-db19826e02a4: remove group-D5120AE2D385:null
2019-09-16 18:00:31,115 [RatisPipelineUtilsThread] WARN  pipeline.RatisPipelineUtils (RatisPipelineUtils.java:destroyPipeline(66)) - Pipeline destroy failed for pipeline=PipelineID=8976a1a2-b138-4af7-bd61-d5120ae2d385 dn=d2644fda-0f6b-4964-8120-db19826e02a4{ip: 192.168.157.233, host: pr-hdds-2120-x62sn-1884063469, networkLocation: /default-rack, certSerialId: null}
2019-09-16 18:00:31,118 [grpc-default-executor-1] INFO  impl.RaftServerProxy (RaftServerProxy.java:remove(95)) - 7631069e-55aa-48aa-a80c-68f378536a45: remove group-D5120AE2D385:null
2019-09-16 18:00:31,121 [RatisPipelineUtilsThread] WARN  pipeline.RatisPipelineUtils (RatisPipelineUtils.java:destroyPipeline(66)) - Pipeline destroy failed for pipeline=PipelineID=8976a1a2-b138-4af7-bd61-d5120ae2d385 dn=7631069e-55aa-48aa-a80c-68f378536a45{ip: 192.168.157.233, host: pr-hdds-2120-x62sn-1884063469, networkLocation: /default-rack, certSerialId: null}
2019-09-16 18:00:31,124 [grpc-default-executor-1] INFO  impl.RaftServerProxy (RaftServerProxy.java:remove(95)) - 59cccd2f-755e-4c45-a890-da01592df45f: remove group-D5120AE2D385:null
2019-09-16 18:00:31,127 [RatisPipelineUtilsThread] WARN  pipeline.RatisPipelineUtils (RatisPipelineUtils.java:destroyPipeline(66)) - Pipeline destroy failed for pipeline=PipelineID=8976a1a2-b138-4af7-bd61-d5120ae2d385 dn=59cccd2f-755e-4c45-a890-da01592df45f{ip: 192.168.157.233, host: pr-hdds-2120-x62sn-1884063469, networkLocation: /default-rack, certSerialId: null}
2019-09-16 18:00:31,127 [RatisPipelineUtilsThread] ERROR pipeline.SCMPipelineManager (Scheduler.java:lambda$schedule$1(70)) - Destroy pipeline failed for pipeline:Pipeline[ Id: 8976a1a2-b138-4af7-bd61-d5120ae2d385, Nodes: d2644fda-0f6b-4964-8120-db19826e02a4{ip: 192.168.157.233, host: pr-hdds-2120-x62sn-1884063469, networkLocation: /default-rack, certSerialId: null}7631069e-55aa-48aa-a80c-68f378536a45{ip: 192.168.157.233, host: pr-hdds-2120-x62sn-1884063469, networkLocation: /default-rack, certSerialId: null}59cccd2f-755e-4c45-a890-da01592df45f{ip: 192.168.157.233, host: pr-hdds-2120-x62sn-1884063469, networkLocation: /default-rack, certSerialId: null}, Type:RATIS, Factor:THREE, State:CLOSED]
org.apache.hadoop.hdds.scm.pipeline.PipelineNotFoundException: PipelineID=8976a1a2-b138-4af7-bd61-d5120ae2d385 not found
	at org.apache.hadoop.hdds.scm.pipeline.PipelineStateMap.getPipeline(PipelineStateMap.java:132)
	at org.apache.hadoop.hdds.scm.pipeline.PipelineStateMap.removePipeline(PipelineStateMap.java:322)
	at org.apache.hadoop.hdds.scm.pipeline.PipelineStateManager.removePipeline(PipelineStateManager.java:107)
	at org.apache.hadoop.hdds.scm.pipeline.SCMPipelineManager.removePipeline(SCMPipelineManager.java:423)
	at org.apache.hadoop.hdds.scm.pipeline.SCMPipelineManager.destroyPipeline(SCMPipelineManager.java:409)
	at org.apache.hadoop.hdds.scm.pipeline.SCMPipelineManager.lambda$finalizeAndDestroyPipeline$0(SCMPipelineManager.java:318)
	at org.apache.hadoop.utils.Scheduler.lambda$schedule$1(Scheduler.java:68)
	at java.util.concurrent.Executors$RunnableAdapter.call(Executors.java:511)
	at java.util.concurrent.FutureTask.run(FutureTask.java:266)
	at java.util.concurrent.ScheduledThreadPoolExecutor$ScheduledFutureTask.access$201(ScheduledThreadPoolExecutor.java:180)
	at java.util.concurrent.ScheduledThreadPoolExecutor$ScheduledFutureTask.run(ScheduledThreadPoolExecutor.java:293)
	at java.util.concurrent.ThreadPoolExecutor.runWorker(ThreadPoolExecutor.java:1149)
	at java.util.concurrent.ThreadPoolExecutor$Worker.run(ThreadPoolExecutor.java:624)
	at java.lang.Thread.run(Thread.java:748)
 0.00% |█                                                                                                    |  0/1 Time: 0:03:57 0.00% |█                                                                                                    |  0/1 Time: 0:03:582019-09-16 18:00:32,867 [59cccd2f-755e-4c45-a890-da01592df45f@group-D3A6482546DD-SegmentedRaftLogWorker] WARN  segmented.SegmentedRaftLogWorker (SegmentedRaftLogWorker.java:getFromFuture(90)) - Timeout 3/~
org.apache.ratis.protocol.TimeoutIOException: Timeout 10s: WriteLog:17: (t:1, i:17), STATEMACHINELOGENTRY, client-19556C4CBA1B, cid=40-writeStateMachineData
	at org.apache.ratis.util.IOUtils.getFromFuture(IOUtils.java:87)
	at org.apache.ratis.server.raftlog.segmented.SegmentedRaftLogWorker$StateMachineDataPolicy.getFromFuture(SegmentedRaftLogWorker.java:87)
	at org.apache.ratis.server.raftlog.segmented.SegmentedRaftLogWorker$WriteLog.execute(SegmentedRaftLogWorker.java:477)
	at org.apache.ratis.server.raftlog.segmented.SegmentedRaftLogWorker.run(SegmentedRaftLogWorker.java:289)
	at java.lang.Thread.run(Thread.java:748)
Caused by: java.util.concurrent.TimeoutException
	at java.util.concurrent.CompletableFuture.timedGet(CompletableFuture.java:1771)
	at java.util.concurrent.CompletableFuture.get(CompletableFuture.java:1915)
	at org.apache.ratis.util.IOUtils.getFromFuture(IOUtils.java:79)
	... 4 more
2019-09-16 18:00:32,998 [7631069e-55aa-48aa-a80c-68f378536a45@group-D3A6482546DD-SegmentedRaftLogWorker] WARN  segmented.SegmentedRaftLogWorker (SegmentedRaftLogWorker.java:getFromFuture(90)) - Timeout 3/~
org.apache.ratis.protocol.TimeoutIOException: Timeout 10s: WriteLog:19: (t:1, i:19), STATEMACHINELOGENTRY, client-19556C4CBA1B, cid=42-writeStateMachineData
	at org.apache.ratis.util.IOUtils.getFromFuture(IOUtils.java:87)
	at org.apache.ratis.server.raftlog.segmented.SegmentedRaftLogWorker$StateMachineDataPolicy.getFromFuture(SegmentedRaftLogWorker.java:87)
	at org.apache.ratis.server.raftlog.segmented.SegmentedRaftLogWorker$WriteLog.execute(SegmentedRaftLogWorker.java:477)
	at org.apache.ratis.server.raftlog.segmented.SegmentedRaftLogWorker.run(SegmentedRaftLogWorker.java:289)
	at java.lang.Thread.run(Thread.java:748)
Caused by: java.util.concurrent.TimeoutException
	at java.util.concurrent.CompletableFuture.timedGet(CompletableFuture.java:1771)
	at java.util.concurrent.CompletableFuture.get(CompletableFuture.java:1915)
	at org.apache.ratis.util.IOUtils.getFromFuture(IOUtils.java:79)
	... 4 more
2019-09-16 18:00:32,998 [d2644fda-0f6b-4964-8120-db19826e02a4@group-D3A6482546DD-SegmentedRaftLogWorker] WARN  segmented.SegmentedRaftLogWorker (SegmentedRaftLogWorker.java:getFromFuture(90)) - Timeout 3/~
org.apache.ratis.protocol.TimeoutIOException: Timeout 10s: WriteLog:19: (t:1, i:19), STATEMACHINELOGENTRY, client-19556C4CBA1B, cid=42-writeStateMachineData
	at org.apache.ratis.util.IOUtils.getFromFuture(IOUtils.java:87)
	at org.apache.ratis.server.raftlog.segmented.SegmentedRaftLogWorker$StateMachineDataPolicy.getFromFuture(SegmentedRaftLogWorker.java:87)
	at org.apache.ratis.server.raftlog.segmented.SegmentedRaftLogWorker$WriteLog.execute(SegmentedRaftLogWorker.java:477)
	at org.apache.ratis.server.raftlog.segmented.SegmentedRaftLogWorker.run(SegmentedRaftLogWorker.java:289)
	at java.lang.Thread.run(Thread.java:748)
Caused by: java.util.concurrent.TimeoutException
	at java.util.concurrent.CompletableFuture.timedGet(CompletableFuture.java:1771)
	at java.util.concurrent.CompletableFuture.get(CompletableFuture.java:1915)
	at org.apache.ratis.util.IOUtils.getFromFuture(IOUtils.java:79)
	... 4 more
2019-09-16 18:00:33,179 [grpc-default-executor-1] INFO  client.GrpcClientProtocolClient (GrpcClientProtocolClient.java:onNext(264)) - client-19556C4CBA1B->d2644fda-0f6b-4964-8120-db19826e02a4: receive RaftClientReply:client-19556C4CBA1B->d2644fda-0f6b-4964-8120-db19826e02a4@group-D3A6482546DD, cid=40, FAILED org.apache.ratis.protocol.NotLeaderException: Server d2644fda-0f6b-4964-8120-db19826e02a4@group-D3A6482546DD is not the leader 7631069e-55aa-48aa-a80c-68f378536a45:192.168.157.233:39369, logIndex=0, commits[d2644fda-0f6b-4964-8120-db19826e02a4:c16, 7631069e-55aa-48aa-a80c-68f378536a45:c16, 59cccd2f-755e-4c45-a890-da01592df45f:c14]
2019-09-16 18:00:33,375 [java.util.concurrent.ThreadPoolExecutor$Worker@120e34ed[State = -1, empty queue]] WARN  server.GrpcLogAppender (GrpcLogAppender.java:timeoutAppendRequest(200)) - 7631069e-55aa-48aa-a80c-68f378536a45@group-D3A6482546DD->59cccd2f-755e-4c45-a890-da01592df45f-GrpcLogAppender: appendEntries Timeout, request=7631069e-55aa-48aa-a80c-68f378536a45->59cccd2f-755e-4c45-a890-da01592df45f#36-t1, previous=(t:1, i:20), leaderCommit=16, initializing? false, entries: <empty>
2019-09-16 18:00:33,375 [java.util.concurrent.ThreadPoolExecutor$Worker@9fec2f6[State = -1, empty queue]] WARN  server.GrpcLogAppender (GrpcLogAppender.java:timeoutAppendRequest(200)) - 7631069e-55aa-48aa-a80c-68f378536a45@group-D3A6482546DD->d2644fda-0f6b-4964-8120-db19826e02a4-GrpcLogAppender: appendEntries Timeout, request=7631069e-55aa-48aa-a80c-68f378536a45->d2644fda-0f6b-4964-8120-db19826e02a4#36-t1, previous=(t:1, i:20), leaderCommit=16, initializing? false, entries: <empty>
 0.00% |█                                                                                                    |  0/1 Time: 0:03:592019-09-16 18:00:34,106 [grpc-default-executor-3] INFO  impl.RaftServerProxy (RaftServerProxy.java:remove(95)) - d2644fda-0f6b-4964-8120-db19826e02a4: remove group-D5120AE2D385:null
2019-09-16 18:00:34,110 [RatisPipelineUtilsThread] WARN  pipeline.RatisPipelineUtils (RatisPipelineUtils.java:destroyPipeline(66)) - Pipeline destroy failed for pipeline=PipelineID=8976a1a2-b138-4af7-bd61-d5120ae2d385 dn=d2644fda-0f6b-4964-8120-db19826e02a4{ip: 192.168.157.233, host: pr-hdds-2120-x62sn-1884063469, networkLocation: /default-rack, certSerialId: null}
2019-09-16 18:00:34,113 [grpc-default-executor-3] INFO  impl.RaftServerProxy (RaftServerProxy.java:remove(95)) - 7631069e-55aa-48aa-a80c-68f378536a45: remove group-D5120AE2D385:null
2019-09-16 18:00:34,116 [RatisPipelineUtilsThread] WARN  pipeline.RatisPipelineUtils (RatisPipelineUtils.java:destroyPipeline(66)) - Pipeline destroy failed for pipeline=PipelineID=8976a1a2-b138-4af7-bd61-d5120ae2d385 dn=7631069e-55aa-48aa-a80c-68f378536a45{ip: 192.168.157.233, host: pr-hdds-2120-x62sn-1884063469, networkLocation: /default-rack, certSerialId: null}
2019-09-16 18:00:34,121 [grpc-default-executor-3] INFO  impl.RaftServerProxy (RaftServerProxy.java:remove(95)) - 59cccd2f-755e-4c45-a890-da01592df45f: remove group-D5120AE2D385:null
2019-09-16 18:00:34,123 [RatisPipelineUtilsThread] WARN  pipeline.RatisPipelineUtils (RatisPipelineUtils.java:destroyPipeline(66)) - Pipeline destroy failed for pipeline=PipelineID=8976a1a2-b138-4af7-bd61-d5120ae2d385 dn=59cccd2f-755e-4c45-a890-da01592df45f{ip: 192.168.157.233, host: pr-hdds-2120-x62sn-1884063469, networkLocation: /default-rack, certSerialId: null}
2019-09-16 18:00:34,123 [RatisPipelineUtilsThread] ERROR pipeline.SCMPipelineManager (Scheduler.java:lambda$schedule$1(70)) - Destroy pipeline failed for pipeline:Pipeline[ Id: 8976a1a2-b138-4af7-bd61-d5120ae2d385, Nodes: d2644fda-0f6b-4964-8120-db19826e02a4{ip: 192.168.157.233, host: pr-hdds-2120-x62sn-1884063469, networkLocation: /default-rack, certSerialId: null}7631069e-55aa-48aa-a80c-68f378536a45{ip: 192.168.157.233, host: pr-hdds-2120-x62sn-1884063469, networkLocation: /default-rack, certSerialId: null}59cccd2f-755e-4c45-a890-da01592df45f{ip: 192.168.157.233, host: pr-hdds-2120-x62sn-1884063469, networkLocation: /default-rack, certSerialId: null}, Type:RATIS, Factor:THREE, State:CLOSED]
org.apache.hadoop.hdds.scm.pipeline.PipelineNotFoundException: PipelineID=8976a1a2-b138-4af7-bd61-d5120ae2d385 not found
	at org.apache.hadoop.hdds.scm.pipeline.PipelineStateMap.getPipeline(PipelineStateMap.java:132)
	at org.apache.hadoop.hdds.scm.pipeline.PipelineStateMap.removePipeline(PipelineStateMap.java:322)
	at org.apache.hadoop.hdds.scm.pipeline.PipelineStateManager.removePipeline(PipelineStateManager.java:107)
	at org.apache.hadoop.hdds.scm.pipeline.SCMPipelineManager.removePipeline(SCMPipelineManager.java:423)
	at org.apache.hadoop.hdds.scm.pipeline.SCMPipelineManager.destroyPipeline(SCMPipelineManager.java:409)
	at org.apache.hadoop.hdds.scm.pipeline.SCMPipelineManager.lambda$finalizeAndDestroyPipeline$0(SCMPipelineManager.java:318)
	at org.apache.hadoop.utils.Scheduler.lambda$schedule$1(Scheduler.java:68)
	at java.util.concurrent.Executors$RunnableAdapter.call(Executors.java:511)
	at java.util.concurrent.FutureTask.run(FutureTask.java:266)
	at java.util.concurrent.ScheduledThreadPoolExecutor$ScheduledFutureTask.access$201(ScheduledThreadPoolExecutor.java:180)
	at java.util.concurrent.ScheduledThreadPoolExecutor$ScheduledFutureTask.run(ScheduledThreadPoolExecutor.java:293)
	at java.util.concurrent.ThreadPoolExecutor.runWorker(ThreadPoolExecutor.java:1149)
	at java.util.concurrent.ThreadPoolExecutor$Worker.run(ThreadPoolExecutor.java:624)
	at java.lang.Thread.run(Thread.java:748)
 0.00% |█                                                                                                    |  0/1 Time: 0:04:00 0.00% |█                                                                                                    |  0/1 Time: 0:04:012019-09-16 18:00:35,875 [java.util.concurrent.ThreadPoolExecutor$Worker@120e34ed[State = -1, empty queue]] WARN  server.GrpcLogAppender (GrpcLogAppender.java:timeoutAppendRequest(200)) - 7631069e-55aa-48aa-a80c-68f378536a45@group-D3A6482546DD->59cccd2f-755e-4c45-a890-da01592df45f-GrpcLogAppender: appendEntries Timeout, request=7631069e-55aa-48aa-a80c-68f378536a45->59cccd2f-755e-4c45-a890-da01592df45f#37-t1, previous=(t:1, i:20), leaderCommit=16, initializing? false, entries: <empty>
2019-09-16 18:00:35,875 [java.util.concurrent.ThreadPoolExecutor$Worker@9fec2f6[State = -1, empty queue]] WARN  server.GrpcLogAppender (GrpcLogAppender.java:timeoutAppendRequest(200)) - 7631069e-55aa-48aa-a80c-68f378536a45@group-D3A6482546DD->d2644fda-0f6b-4964-8120-db19826e02a4-GrpcLogAppender: appendEntries Timeout, request=7631069e-55aa-48aa-a80c-68f378536a45->d2644fda-0f6b-4964-8120-db19826e02a4#37-t1, previous=(t:1, i:20), leaderCommit=16, initializing? false, entries: <empty>
2019-09-16 18:00:36,114 [grpc-default-executor-3] INFO  impl.RaftServerProxy (RaftServerProxy.java:remove(95)) - d2644fda-0f6b-4964-8120-db19826e02a4: remove group-D5120AE2D385:null
2019-09-16 18:00:36,120 [RatisPipelineUtilsThread] WARN  pipeline.RatisPipelineUtils (RatisPipelineUtils.java:destroyPipeline(66)) - Pipeline destroy failed for pipeline=PipelineID=8976a1a2-b138-4af7-bd61-d5120ae2d385 dn=d2644fda-0f6b-4964-8120-db19826e02a4{ip: 192.168.157.233, host: pr-hdds-2120-x62sn-1884063469, networkLocation: /default-rack, certSerialId: null}
2019-09-16 18:00:36,124 [grpc-default-executor-3] INFO  impl.RaftServerProxy (RaftServerProxy.java:remove(95)) - 7631069e-55aa-48aa-a80c-68f378536a45: remove group-D5120AE2D385:null
2019-09-16 18:00:36,126 [RatisPipelineUtilsThread] WARN  pipeline.RatisPipelineUtils (RatisPipelineUtils.java:destroyPipeline(66)) - Pipeline destroy failed for pipeline=PipelineID=8976a1a2-b138-4af7-bd61-d5120ae2d385 dn=7631069e-55aa-48aa-a80c-68f378536a45{ip: 192.168.157.233, host: pr-hdds-2120-x62sn-1884063469, networkLocation: /default-rack, certSerialId: null}
2019-09-16 18:00:36,129 [grpc-default-executor-3] INFO  impl.RaftServerProxy (RaftServerProxy.java:remove(95)) - 59cccd2f-755e-4c45-a890-da01592df45f: remove group-D5120AE2D385:null
2019-09-16 18:00:36,132 [RatisPipelineUtilsThread] WARN  pipeline.RatisPipelineUtils (RatisPipelineUtils.java:destroyPipeline(66)) - Pipeline destroy failed for pipeline=PipelineID=8976a1a2-b138-4af7-bd61-d5120ae2d385 dn=59cccd2f-755e-4c45-a890-da01592df45f{ip: 192.168.157.233, host: pr-hdds-2120-x62sn-1884063469, networkLocation: /default-rack, certSerialId: null}
2019-09-16 18:00:36,132 [RatisPipelineUtilsThread] ERROR pipeline.SCMPipelineManager (Scheduler.java:lambda$schedule$1(70)) - Destroy pipeline failed for pipeline:Pipeline[ Id: 8976a1a2-b138-4af7-bd61-d5120ae2d385, Nodes: d2644fda-0f6b-4964-8120-db19826e02a4{ip: 192.168.157.233, host: pr-hdds-2120-x62sn-1884063469, networkLocation: /default-rack, certSerialId: null}7631069e-55aa-48aa-a80c-68f378536a45{ip: 192.168.157.233, host: pr-hdds-2120-x62sn-1884063469, networkLocation: /default-rack, certSerialId: null}59cccd2f-755e-4c45-a890-da01592df45f{ip: 192.168.157.233, host: pr-hdds-2120-x62sn-1884063469, networkLocation: /default-rack, certSerialId: null}, Type:RATIS, Factor:THREE, State:CLOSED]
org.apache.hadoop.hdds.scm.pipeline.PipelineNotFoundException: PipelineID=8976a1a2-b138-4af7-bd61-d5120ae2d385 not found
	at org.apache.hadoop.hdds.scm.pipeline.PipelineStateMap.getPipeline(PipelineStateMap.java:132)
	at org.apache.hadoop.hdds.scm.pipeline.PipelineStateMap.removePipeline(PipelineStateMap.java:322)
	at org.apache.hadoop.hdds.scm.pipeline.PipelineStateManager.removePipeline(PipelineStateManager.java:107)
	at org.apache.hadoop.hdds.scm.pipeline.SCMPipelineManager.removePipeline(SCMPipelineManager.java:423)
	at org.apache.hadoop.hdds.scm.pipeline.SCMPipelineManager.destroyPipeline(SCMPipelineManager.java:409)
	at org.apache.hadoop.hdds.scm.pipeline.SCMPipelineManager.lambda$finalizeAndDestroyPipeline$0(SCMPipelineManager.java:318)
	at org.apache.hadoop.utils.Scheduler.lambda$schedule$1(Scheduler.java:68)
	at java.util.concurrent.Executors$RunnableAdapter.call(Executors.java:511)
	at java.util.concurrent.FutureTask.run(FutureTask.java:266)
	at java.util.concurrent.ScheduledThreadPoolExecutor$ScheduledFutureTask.access$201(ScheduledThreadPoolExecutor.java:180)
	at java.util.concurrent.ScheduledThreadPoolExecutor$ScheduledFutureTask.run(ScheduledThreadPoolExecutor.java:293)
	at java.util.concurrent.ThreadPoolExecutor.runWorker(ThreadPoolExecutor.java:1149)
	at java.util.concurrent.ThreadPoolExecutor$Worker.run(ThreadPoolExecutor.java:624)
	at java.lang.Thread.run(Thread.java:748)
 0.00% |█                                                                                                    |  0/1 Time: 0:04:02 0.00% |█                                                                                                    |  0/1 Time: 0:04:032019-09-16 18:00:38,212 [grpc-default-executor-3] INFO  client.GrpcClientProtocolClient (GrpcClientProtocolClient.java:onNext(264)) - client-19556C4CBA1B->d2644fda-0f6b-4964-8120-db19826e02a4: receive RaftClientReply:client-19556C4CBA1B->d2644fda-0f6b-4964-8120-db19826e02a4@group-D3A6482546DD, cid=40, FAILED org.apache.ratis.protocol.NotLeaderException: Server d2644fda-0f6b-4964-8120-db19826e02a4@group-D3A6482546DD is not the leader 7631069e-55aa-48aa-a80c-68f378536a45:192.168.157.233:39369, logIndex=0, commits[d2644fda-0f6b-4964-8120-db19826e02a4:c16, 7631069e-55aa-48aa-a80c-68f378536a45:c16, 59cccd2f-755e-4c45-a890-da01592df45f:c14]
2019-09-16 18:00:38,377 [java.util.concurrent.ThreadPoolExecutor$Worker@120e34ed[State = -1, empty queue]] WARN  server.GrpcLogAppender (GrpcLogAppender.java:timeoutAppendRequest(200)) - 7631069e-55aa-48aa-a80c-68f378536a45@group-D3A6482546DD->59cccd2f-755e-4c45-a890-da01592df45f-GrpcLogAppender: appendEntries Timeout, request=7631069e-55aa-48aa-a80c-68f378536a45->59cccd2f-755e-4c45-a890-da01592df45f#38-t1, previous=(t:1, i:20), leaderCommit=16, initializing? false, entries: <empty>
2019-09-16 18:00:38,377 [java.util.concurrent.ThreadPoolExecutor$Worker@9fec2f6[State = -1, empty queue]] WARN  server.GrpcLogAppender (GrpcLogAppender.java:timeoutAppendRequest(200)) - 7631069e-55aa-48aa-a80c-68f378536a45@group-D3A6482546DD->d2644fda-0f6b-4964-8120-db19826e02a4-GrpcLogAppender: appendEntries Timeout, request=7631069e-55aa-48aa-a80c-68f378536a45->d2644fda-0f6b-4964-8120-db19826e02a4#38-t1, previous=(t:1, i:20), leaderCommit=16, initializing? false, entries: <empty>
 0.00% |█                                                                                                    |  0/1 Time: 0:04:042019-09-16 18:00:39,104 [grpc-default-executor-2] INFO  impl.RaftServerProxy (RaftServerProxy.java:remove(95)) - d2644fda-0f6b-4964-8120-db19826e02a4: remove group-D5120AE2D385:null
2019-09-16 18:00:39,106 [RatisPipelineUtilsThread] WARN  pipeline.RatisPipelineUtils (RatisPipelineUtils.java:destroyPipeline(66)) - Pipeline destroy failed for pipeline=PipelineID=8976a1a2-b138-4af7-bd61-d5120ae2d385 dn=d2644fda-0f6b-4964-8120-db19826e02a4{ip: 192.168.157.233, host: pr-hdds-2120-x62sn-1884063469, networkLocation: /default-rack, certSerialId: null}
2019-09-16 18:00:39,109 [grpc-default-executor-2] INFO  impl.RaftServerProxy (RaftServerProxy.java:remove(95)) - 7631069e-55aa-48aa-a80c-68f378536a45: remove group-D5120AE2D385:null
2019-09-16 18:00:39,111 [RatisPipelineUtilsThread] WARN  pipeline.RatisPipelineUtils (RatisPipelineUtils.java:destroyPipeline(66)) - Pipeline destroy failed for pipeline=PipelineID=8976a1a2-b138-4af7-bd61-d5120ae2d385 dn=7631069e-55aa-48aa-a80c-68f378536a45{ip: 192.168.157.233, host: pr-hdds-2120-x62sn-1884063469, networkLocation: /default-rack, certSerialId: null}
2019-09-16 18:00:39,114 [grpc-default-executor-2] INFO  impl.RaftServerProxy (RaftServerProxy.java:remove(95)) - 59cccd2f-755e-4c45-a890-da01592df45f: remove group-D5120AE2D385:null
2019-09-16 18:00:39,116 [RatisPipelineUtilsThread] WARN  pipeline.RatisPipelineUtils (RatisPipelineUtils.java:destroyPipeline(66)) - Pipeline destroy failed for pipeline=PipelineID=8976a1a2-b138-4af7-bd61-d5120ae2d385 dn=59cccd2f-755e-4c45-a890-da01592df45f{ip: 192.168.157.233, host: pr-hdds-2120-x62sn-1884063469, networkLocation: /default-rack, certSerialId: null}
2019-09-16 18:00:39,116 [RatisPipelineUtilsThread] ERROR pipeline.SCMPipelineManager (Scheduler.java:lambda$schedule$1(70)) - Destroy pipeline failed for pipeline:Pipeline[ Id: 8976a1a2-b138-4af7-bd61-d5120ae2d385, Nodes: d2644fda-0f6b-4964-8120-db19826e02a4{ip: 192.168.157.233, host: pr-hdds-2120-x62sn-1884063469, networkLocation: /default-rack, certSerialId: null}7631069e-55aa-48aa-a80c-68f378536a45{ip: 192.168.157.233, host: pr-hdds-2120-x62sn-1884063469, networkLocation: /default-rack, certSerialId: null}59cccd2f-755e-4c45-a890-da01592df45f{ip: 192.168.157.233, host: pr-hdds-2120-x62sn-1884063469, networkLocation: /default-rack, certSerialId: null}, Type:RATIS, Factor:THREE, State:CLOSED]
org.apache.hadoop.hdds.scm.pipeline.PipelineNotFoundException: PipelineID=8976a1a2-b138-4af7-bd61-d5120ae2d385 not found
	at org.apache.hadoop.hdds.scm.pipeline.PipelineStateMap.getPipeline(PipelineStateMap.java:132)
	at org.apache.hadoop.hdds.scm.pipeline.PipelineStateMap.removePipeline(PipelineStateMap.java:322)
	at org.apache.hadoop.hdds.scm.pipeline.PipelineStateManager.removePipeline(PipelineStateManager.java:107)
	at org.apache.hadoop.hdds.scm.pipeline.SCMPipelineManager.removePipeline(SCMPipelineManager.java:423)
	at org.apache.hadoop.hdds.scm.pipeline.SCMPipelineManager.destroyPipeline(SCMPipelineManager.java:409)
	at org.apache.hadoop.hdds.scm.pipeline.SCMPipelineManager.lambda$finalizeAndDestroyPipeline$0(SCMPipelineManager.java:318)
	at org.apache.hadoop.utils.Scheduler.lambda$schedule$1(Scheduler.java:68)
	at java.util.concurrent.Executors$RunnableAdapter.call(Executors.java:511)
	at java.util.concurrent.FutureTask.run(FutureTask.java:266)
	at java.util.concurrent.ScheduledThreadPoolExecutor$ScheduledFutureTask.access$201(ScheduledThreadPoolExecutor.java:180)
	at java.util.concurrent.ScheduledThreadPoolExecutor$ScheduledFutureTask.run(ScheduledThreadPoolExecutor.java:293)
	at java.util.concurrent.ThreadPoolExecutor.runWorker(ThreadPoolExecutor.java:1149)
	at java.util.concurrent.ThreadPoolExecutor$Worker.run(ThreadPoolExecutor.java:624)
	at java.lang.Thread.run(Thread.java:748)
 0.00% |█                                                                                                    |  0/1 Time: 0:04:05 0.00% |█                                                                                                    |  0/1 Time: 0:04:062019-09-16 18:00:40,877 [java.util.concurrent.ThreadPoolExecutor$Worker@9fec2f6[State = -1, empty queue]] WARN  server.GrpcLogAppender (GrpcLogAppender.java:timeoutAppendRequest(200)) - 7631069e-55aa-48aa-a80c-68f378536a45@group-D3A6482546DD->d2644fda-0f6b-4964-8120-db19826e02a4-GrpcLogAppender: appendEntries Timeout, request=7631069e-55aa-48aa-a80c-68f378536a45->d2644fda-0f6b-4964-8120-db19826e02a4#39-t1, previous=(t:1, i:20), leaderCommit=16, initializing? false, entries: <empty>
2019-09-16 18:00:40,877 [java.util.concurrent.ThreadPoolExecutor$Worker@120e34ed[State = -1, empty queue]] WARN  server.GrpcLogAppender (GrpcLogAppender.java:timeoutAppendRequest(200)) - 7631069e-55aa-48aa-a80c-68f378536a45@group-D3A6482546DD->59cccd2f-755e-4c45-a890-da01592df45f-GrpcLogAppender: appendEntries Timeout, request=7631069e-55aa-48aa-a80c-68f378536a45->59cccd2f-755e-4c45-a890-da01592df45f#39-t1, previous=(t:1, i:20), leaderCommit=16, initializing? false, entries: <empty>
2019-09-16 18:00:41,103 [grpc-default-executor-2] INFO  impl.RaftServerProxy (RaftServerProxy.java:remove(95)) - d2644fda-0f6b-4964-8120-db19826e02a4: remove group-D5120AE2D385:null
2019-09-16 18:00:41,106 [RatisPipelineUtilsThread] WARN  pipeline.RatisPipelineUtils (RatisPipelineUtils.java:destroyPipeline(66)) - Pipeline destroy failed for pipeline=PipelineID=8976a1a2-b138-4af7-bd61-d5120ae2d385 dn=d2644fda-0f6b-4964-8120-db19826e02a4{ip: 192.168.157.233, host: pr-hdds-2120-x62sn-1884063469, networkLocation: /default-rack, certSerialId: null}
2019-09-16 18:00:41,109 [grpc-default-executor-2] INFO  impl.RaftServerProxy (RaftServerProxy.java:remove(95)) - 7631069e-55aa-48aa-a80c-68f378536a45: remove group-D5120AE2D385:null
2019-09-16 18:00:41,111 [RatisPipelineUtilsThread] WARN  pipeline.RatisPipelineUtils (RatisPipelineUtils.java:destroyPipeline(66)) - Pipeline destroy failed for pipeline=PipelineID=8976a1a2-b138-4af7-bd61-d5120ae2d385 dn=7631069e-55aa-48aa-a80c-68f378536a45{ip: 192.168.157.233, host: pr-hdds-2120-x62sn-1884063469, networkLocation: /default-rack, certSerialId: null}
2019-09-16 18:00:41,115 [grpc-default-executor-2] INFO  impl.RaftServerProxy (RaftServerProxy.java:remove(95)) - 59cccd2f-755e-4c45-a890-da01592df45f: remove group-D5120AE2D385:null
2019-09-16 18:00:41,116 [RatisPipelineUtilsThread] WARN  pipeline.RatisPipelineUtils (RatisPipelineUtils.java:destroyPipeline(66)) - Pipeline destroy failed for pipeline=PipelineID=8976a1a2-b138-4af7-bd61-d5120ae2d385 dn=59cccd2f-755e-4c45-a890-da01592df45f{ip: 192.168.157.233, host: pr-hdds-2120-x62sn-1884063469, networkLocation: /default-rack, certSerialId: null}
2019-09-16 18:00:41,117 [RatisPipelineUtilsThread] ERROR pipeline.SCMPipelineManager (Scheduler.java:lambda$schedule$1(70)) - Destroy pipeline failed for pipeline:Pipeline[ Id: 8976a1a2-b138-4af7-bd61-d5120ae2d385, Nodes: d2644fda-0f6b-4964-8120-db19826e02a4{ip: 192.168.157.233, host: pr-hdds-2120-x62sn-1884063469, networkLocation: /default-rack, certSerialId: null}7631069e-55aa-48aa-a80c-68f378536a45{ip: 192.168.157.233, host: pr-hdds-2120-x62sn-1884063469, networkLocation: /default-rack, certSerialId: null}59cccd2f-755e-4c45-a890-da01592df45f{ip: 192.168.157.233, host: pr-hdds-2120-x62sn-1884063469, networkLocation: /default-rack, certSerialId: null}, Type:RATIS, Factor:THREE, State:CLOSED]
org.apache.hadoop.hdds.scm.pipeline.PipelineNotFoundException: PipelineID=8976a1a2-b138-4af7-bd61-d5120ae2d385 not found
	at org.apache.hadoop.hdds.scm.pipeline.PipelineStateMap.getPipeline(PipelineStateMap.java:132)
	at org.apache.hadoop.hdds.scm.pipeline.PipelineStateMap.removePipeline(PipelineStateMap.java:322)
	at org.apache.hadoop.hdds.scm.pipeline.PipelineStateManager.removePipeline(PipelineStateManager.java:107)
	at org.apache.hadoop.hdds.scm.pipeline.SCMPipelineManager.removePipeline(SCMPipelineManager.java:423)
	at org.apache.hadoop.hdds.scm.pipeline.SCMPipelineManager.destroyPipeline(SCMPipelineManager.java:409)
	at org.apache.hadoop.hdds.scm.pipeline.SCMPipelineManager.lambda$finalizeAndDestroyPipeline$0(SCMPipelineManager.java:318)
	at org.apache.hadoop.utils.Scheduler.lambda$schedule$1(Scheduler.java:68)
	at java.util.concurrent.Executors$RunnableAdapter.call(Executors.java:511)
	at java.util.concurrent.FutureTask.run(FutureTask.java:266)
	at java.util.concurrent.ScheduledThreadPoolExecutor$ScheduledFutureTask.access$201(ScheduledThreadPoolExecutor.java:180)
	at java.util.concurrent.ScheduledThreadPoolExecutor$ScheduledFutureTask.run(ScheduledThreadPoolExecutor.java:293)
	at java.util.concurrent.ThreadPoolExecutor.runWorker(ThreadPoolExecutor.java:1149)
	at java.util.concurrent.ThreadPoolExecutor$Worker.run(ThreadPoolExecutor.java:624)
	at java.lang.Thread.run(Thread.java:748)
 0.00% |█                                                                                                    |  0/1 Time: 0:04:07 0.00% |█                                                                                                    |  0/1 Time: 0:04:082019-09-16 18:00:42,869 [59cccd2f-755e-4c45-a890-da01592df45f@group-D3A6482546DD-SegmentedRaftLogWorker] WARN  segmented.SegmentedRaftLogWorker (SegmentedRaftLogWorker.java:getFromFuture(90)) - Timeout 4/~
org.apache.ratis.protocol.TimeoutIOException: Timeout 10s: WriteLog:17: (t:1, i:17), STATEMACHINELOGENTRY, client-19556C4CBA1B, cid=40-writeStateMachineData
	at org.apache.ratis.util.IOUtils.getFromFuture(IOUtils.java:87)
	at org.apache.ratis.server.raftlog.segmented.SegmentedRaftLogWorker$StateMachineDataPolicy.getFromFuture(SegmentedRaftLogWorker.java:87)
	at org.apache.ratis.server.raftlog.segmented.SegmentedRaftLogWorker$WriteLog.execute(SegmentedRaftLogWorker.java:477)
	at org.apache.ratis.server.raftlog.segmented.SegmentedRaftLogWorker.run(SegmentedRaftLogWorker.java:289)
	at java.lang.Thread.run(Thread.java:748)
Caused by: java.util.concurrent.TimeoutException
	at java.util.concurrent.CompletableFuture.timedGet(CompletableFuture.java:1771)
	at java.util.concurrent.CompletableFuture.get(CompletableFuture.java:1915)
	at org.apache.ratis.util.IOUtils.getFromFuture(IOUtils.java:79)
	... 4 more
2019-09-16 18:00:42,999 [7631069e-55aa-48aa-a80c-68f378536a45@group-D3A6482546DD-SegmentedRaftLogWorker] WARN  segmented.SegmentedRaftLogWorker (SegmentedRaftLogWorker.java:getFromFuture(90)) - Timeout 4/~
org.apache.ratis.protocol.TimeoutIOException: Timeout 10s: WriteLog:19: (t:1, i:19), STATEMACHINELOGENTRY, client-19556C4CBA1B, cid=42-writeStateMachineData
	at org.apache.ratis.util.IOUtils.getFromFuture(IOUtils.java:87)
	at org.apache.ratis.server.raftlog.segmented.SegmentedRaftLogWorker$StateMachineDataPolicy.getFromFuture(SegmentedRaftLogWorker.java:87)
	at org.apache.ratis.server.raftlog.segmented.SegmentedRaftLogWorker$WriteLog.execute(SegmentedRaftLogWorker.java:477)
	at org.apache.ratis.server.raftlog.segmented.SegmentedRaftLogWorker.run(SegmentedRaftLogWorker.java:289)
	at java.lang.Thread.run(Thread.java:748)
Caused by: java.util.concurrent.TimeoutException
	at java.util.concurrent.CompletableFuture.timedGet(CompletableFuture.java:1771)
	at java.util.concurrent.CompletableFuture.get(CompletableFuture.java:1915)
	at org.apache.ratis.util.IOUtils.getFromFuture(IOUtils.java:79)
	... 4 more
2019-09-16 18:00:42,999 [d2644fda-0f6b-4964-8120-db19826e02a4@group-D3A6482546DD-SegmentedRaftLogWorker] WARN  segmented.SegmentedRaftLogWorker (SegmentedRaftLogWorker.java:getFromFuture(90)) - Timeout 4/~
org.apache.ratis.protocol.TimeoutIOException: Timeout 10s: WriteLog:19: (t:1, i:19), STATEMACHINELOGENTRY, client-19556C4CBA1B, cid=42-writeStateMachineData
	at org.apache.ratis.util.IOUtils.getFromFuture(IOUtils.java:87)
	at org.apache.ratis.server.raftlog.segmented.SegmentedRaftLogWorker$StateMachineDataPolicy.getFromFuture(SegmentedRaftLogWorker.java:87)
	at org.apache.ratis.server.raftlog.segmented.SegmentedRaftLogWorker$WriteLog.execute(SegmentedRaftLogWorker.java:477)
	at org.apache.ratis.server.raftlog.segmented.SegmentedRaftLogWorker.run(SegmentedRaftLogWorker.java:289)
	at java.lang.Thread.run(Thread.java:748)
Caused by: java.util.concurrent.TimeoutException
	at java.util.concurrent.CompletableFuture.timedGet(CompletableFuture.java:1771)
	at java.util.concurrent.CompletableFuture.get(CompletableFuture.java:1915)
	at org.apache.ratis.util.IOUtils.getFromFuture(IOUtils.java:79)
	... 4 more
2019-09-16 18:00:43,240 [grpc-default-executor-1] INFO  client.GrpcClientProtocolClient (GrpcClientProtocolClient.java:onNext(264)) - client-19556C4CBA1B->d2644fda-0f6b-4964-8120-db19826e02a4: receive RaftClientReply:client-19556C4CBA1B->d2644fda-0f6b-4964-8120-db19826e02a4@group-D3A6482546DD, cid=40, FAILED org.apache.ratis.protocol.NotLeaderException: Server d2644fda-0f6b-4964-8120-db19826e02a4@group-D3A6482546DD is not the leader 7631069e-55aa-48aa-a80c-68f378536a45:192.168.157.233:39369, logIndex=0, commits[d2644fda-0f6b-4964-8120-db19826e02a4:c16, 7631069e-55aa-48aa-a80c-68f378536a45:c16, 59cccd2f-755e-4c45-a890-da01592df45f:c14]
2019-09-16 18:00:43,378 [java.util.concurrent.ThreadPoolExecutor$Worker@9fec2f6[State = -1, empty queue]] WARN  server.GrpcLogAppender (GrpcLogAppender.java:timeoutAppendRequest(200)) - 7631069e-55aa-48aa-a80c-68f378536a45@group-D3A6482546DD->d2644fda-0f6b-4964-8120-db19826e02a4-GrpcLogAppender: appendEntries Timeout, request=7631069e-55aa-48aa-a80c-68f378536a45->d2644fda-0f6b-4964-8120-db19826e02a4#40-t1, previous=(t:1, i:20), leaderCommit=16, initializing? false, entries: <empty>
2019-09-16 18:00:43,378 [java.util.concurrent.ThreadPoolExecutor$Worker@120e34ed[State = -1, empty queue]] WARN  server.GrpcLogAppender (GrpcLogAppender.java:timeoutAppendRequest(200)) - 7631069e-55aa-48aa-a80c-68f378536a45@group-D3A6482546DD->59cccd2f-755e-4c45-a890-da01592df45f-GrpcLogAppender: appendEntries Timeout, request=7631069e-55aa-48aa-a80c-68f378536a45->59cccd2f-755e-4c45-a890-da01592df45f#40-t1, previous=(t:1, i:20), leaderCommit=16, initializing? false, entries: <empty>
 0.00% |█                                                                                                    |  0/1 Time: 0:04:092019-09-16 18:00:44,105 [grpc-default-executor-1] INFO  impl.RaftServerProxy (RaftServerProxy.java:remove(95)) - d2644fda-0f6b-4964-8120-db19826e02a4: remove group-D5120AE2D385:null
2019-09-16 18:00:44,107 [RatisPipelineUtilsThread] WARN  pipeline.RatisPipelineUtils (RatisPipelineUtils.java:destroyPipeline(66)) - Pipeline destroy failed for pipeline=PipelineID=8976a1a2-b138-4af7-bd61-d5120ae2d385 dn=d2644fda-0f6b-4964-8120-db19826e02a4{ip: 192.168.157.233, host: pr-hdds-2120-x62sn-1884063469, networkLocation: /default-rack, certSerialId: null}
2019-09-16 18:00:44,111 [grpc-default-executor-1] INFO  impl.RaftServerProxy (RaftServerProxy.java:remove(95)) - 7631069e-55aa-48aa-a80c-68f378536a45: remove group-D5120AE2D385:null
2019-09-16 18:00:44,113 [RatisPipelineUtilsThread] WARN  pipeline.RatisPipelineUtils (RatisPipelineUtils.java:destroyPipeline(66)) - Pipeline destroy failed for pipeline=PipelineID=8976a1a2-b138-4af7-bd61-d5120ae2d385 dn=7631069e-55aa-48aa-a80c-68f378536a45{ip: 192.168.157.233, host: pr-hdds-2120-x62sn-1884063469, networkLocation: /default-rack, certSerialId: null}
2019-09-16 18:00:44,116 [grpc-default-executor-1] INFO  impl.RaftServerProxy (RaftServerProxy.java:remove(95)) - 59cccd2f-755e-4c45-a890-da01592df45f: remove group-D5120AE2D385:null
2019-09-16 18:00:44,118 [RatisPipelineUtilsThread] WARN  pipeline.RatisPipelineUtils (RatisPipelineUtils.java:destroyPipeline(66)) - Pipeline destroy failed for pipeline=PipelineID=8976a1a2-b138-4af7-bd61-d5120ae2d385 dn=59cccd2f-755e-4c45-a890-da01592df45f{ip: 192.168.157.233, host: pr-hdds-2120-x62sn-1884063469, networkLocation: /default-rack, certSerialId: null}
2019-09-16 18:00:44,119 [RatisPipelineUtilsThread] ERROR pipeline.SCMPipelineManager (Scheduler.java:lambda$schedule$1(70)) - Destroy pipeline failed for pipeline:Pipeline[ Id: 8976a1a2-b138-4af7-bd61-d5120ae2d385, Nodes: d2644fda-0f6b-4964-8120-db19826e02a4{ip: 192.168.157.233, host: pr-hdds-2120-x62sn-1884063469, networkLocation: /default-rack, certSerialId: null}7631069e-55aa-48aa-a80c-68f378536a45{ip: 192.168.157.233, host: pr-hdds-2120-x62sn-1884063469, networkLocation: /default-rack, certSerialId: null}59cccd2f-755e-4c45-a890-da01592df45f{ip: 192.168.157.233, host: pr-hdds-2120-x62sn-1884063469, networkLocation: /default-rack, certSerialId: null}, Type:RATIS, Factor:THREE, State:CLOSED]
org.apache.hadoop.hdds.scm.pipeline.PipelineNotFoundException: PipelineID=8976a1a2-b138-4af7-bd61-d5120ae2d385 not found
	at org.apache.hadoop.hdds.scm.pipeline.PipelineStateMap.getPipeline(PipelineStateMap.java:132)
	at org.apache.hadoop.hdds.scm.pipeline.PipelineStateMap.removePipeline(PipelineStateMap.java:322)
	at org.apache.hadoop.hdds.scm.pipeline.PipelineStateManager.removePipeline(PipelineStateManager.java:107)
	at org.apache.hadoop.hdds.scm.pipeline.SCMPipelineManager.removePipeline(SCMPipelineManager.java:423)
	at org.apache.hadoop.hdds.scm.pipeline.SCMPipelineManager.destroyPipeline(SCMPipelineManager.java:409)
	at org.apache.hadoop.hdds.scm.pipeline.SCMPipelineManager.lambda$finalizeAndDestroyPipeline$0(SCMPipelineManager.java:318)
	at org.apache.hadoop.utils.Scheduler.lambda$schedule$1(Scheduler.java:68)
	at java.util.concurrent.Executors$RunnableAdapter.call(Executors.java:511)
	at java.util.concurrent.FutureTask.run(FutureTask.java:266)
	at java.util.concurrent.ScheduledThreadPoolExecutor$ScheduledFutureTask.access$201(ScheduledThreadPoolExecutor.java:180)
	at java.util.concurrent.ScheduledThreadPoolExecutor$ScheduledFutureTask.run(ScheduledThreadPoolExecutor.java:293)
	at java.util.concurrent.ThreadPoolExecutor.runWorker(ThreadPoolExecutor.java:1149)
	at java.util.concurrent.ThreadPoolExecutor$Worker.run(ThreadPoolExecutor.java:624)
	at java.lang.Thread.run(Thread.java:748)
 0.00% |█                                                                                                    |  0/1 Time: 0:04:10 0.00% |█                                                                                                    |  0/1 Time: 0:04:112019-09-16 18:00:45,878 [java.util.concurrent.ThreadPoolExecutor$Worker@9fec2f6[State = -1, empty queue]] WARN  server.GrpcLogAppender (GrpcLogAppender.java:timeoutAppendRequest(200)) - 7631069e-55aa-48aa-a80c-68f378536a45@group-D3A6482546DD->d2644fda-0f6b-4964-8120-db19826e02a4-GrpcLogAppender: appendEntries Timeout, request=7631069e-55aa-48aa-a80c-68f378536a45->d2644fda-0f6b-4964-8120-db19826e02a4#41-t1, previous=(t:1, i:20), leaderCommit=16, initializing? false, entries: <empty>
2019-09-16 18:00:45,878 [java.util.concurrent.ThreadPoolExecutor$Worker@120e34ed[State = -1, empty queue]] WARN  server.GrpcLogAppender (GrpcLogAppender.java:timeoutAppendRequest(200)) - 7631069e-55aa-48aa-a80c-68f378536a45@group-D3A6482546DD->59cccd2f-755e-4c45-a890-da01592df45f-GrpcLogAppender: appendEntries Timeout, request=7631069e-55aa-48aa-a80c-68f378536a45->59cccd2f-755e-4c45-a890-da01592df45f#41-t1, previous=(t:1, i:20), leaderCommit=16, initializing? false, entries: <empty>
2019-09-16 18:00:46,104 [grpc-default-executor-2] INFO  impl.RaftServerProxy (RaftServerProxy.java:remove(95)) - d2644fda-0f6b-4964-8120-db19826e02a4: remove group-D5120AE2D385:null
2019-09-16 18:00:46,107 [RatisPipelineUtilsThread] WARN  pipeline.RatisPipelineUtils (RatisPipelineUtils.java:destroyPipeline(66)) - Pipeline destroy failed for pipeline=PipelineID=8976a1a2-b138-4af7-bd61-d5120ae2d385 dn=d2644fda-0f6b-4964-8120-db19826e02a4{ip: 192.168.157.233, host: pr-hdds-2120-x62sn-1884063469, networkLocation: /default-rack, certSerialId: null}
2019-09-16 18:00:46,110 [grpc-default-executor-2] INFO  impl.RaftServerProxy (RaftServerProxy.java:remove(95)) - 7631069e-55aa-48aa-a80c-68f378536a45: remove group-D5120AE2D385:null
2019-09-16 18:00:46,112 [RatisPipelineUtilsThread] WARN  pipeline.RatisPipelineUtils (RatisPipelineUtils.java:destroyPipeline(66)) - Pipeline destroy failed for pipeline=PipelineID=8976a1a2-b138-4af7-bd61-d5120ae2d385 dn=7631069e-55aa-48aa-a80c-68f378536a45{ip: 192.168.157.233, host: pr-hdds-2120-x62sn-1884063469, networkLocation: /default-rack, certSerialId: null}
2019-09-16 18:00:46,115 [grpc-default-executor-2] INFO  impl.RaftServerProxy (RaftServerProxy.java:remove(95)) - 59cccd2f-755e-4c45-a890-da01592df45f: remove group-D5120AE2D385:null
2019-09-16 18:00:46,118 [RatisPipelineUtilsThread] WARN  pipeline.RatisPipelineUtils (RatisPipelineUtils.java:destroyPipeline(66)) - Pipeline destroy failed for pipeline=PipelineID=8976a1a2-b138-4af7-bd61-d5120ae2d385 dn=59cccd2f-755e-4c45-a890-da01592df45f{ip: 192.168.157.233, host: pr-hdds-2120-x62sn-1884063469, networkLocation: /default-rack, certSerialId: null}
2019-09-16 18:00:46,118 [RatisPipelineUtilsThread] ERROR pipeline.SCMPipelineManager (Scheduler.java:lambda$schedule$1(70)) - Destroy pipeline failed for pipeline:Pipeline[ Id: 8976a1a2-b138-4af7-bd61-d5120ae2d385, Nodes: d2644fda-0f6b-4964-8120-db19826e02a4{ip: 192.168.157.233, host: pr-hdds-2120-x62sn-1884063469, networkLocation: /default-rack, certSerialId: null}7631069e-55aa-48aa-a80c-68f378536a45{ip: 192.168.157.233, host: pr-hdds-2120-x62sn-1884063469, networkLocation: /default-rack, certSerialId: null}59cccd2f-755e-4c45-a890-da01592df45f{ip: 192.168.157.233, host: pr-hdds-2120-x62sn-1884063469, networkLocation: /default-rack, certSerialId: null}, Type:RATIS, Factor:THREE, State:CLOSED]
org.apache.hadoop.hdds.scm.pipeline.PipelineNotFoundException: PipelineID=8976a1a2-b138-4af7-bd61-d5120ae2d385 not found
	at org.apache.hadoop.hdds.scm.pipeline.PipelineStateMap.getPipeline(PipelineStateMap.java:132)
	at org.apache.hadoop.hdds.scm.pipeline.PipelineStateMap.removePipeline(PipelineStateMap.java:322)
	at org.apache.hadoop.hdds.scm.pipeline.PipelineStateManager.removePipeline(PipelineStateManager.java:107)
	at org.apache.hadoop.hdds.scm.pipeline.SCMPipelineManager.removePipeline(SCMPipelineManager.java:423)
	at org.apache.hadoop.hdds.scm.pipeline.SCMPipelineManager.destroyPipeline(SCMPipelineManager.java:409)
	at org.apache.hadoop.hdds.scm.pipeline.SCMPipelineManager.lambda$finalizeAndDestroyPipeline$0(SCMPipelineManager.java:318)
	at org.apache.hadoop.utils.Scheduler.lambda$schedule$1(Scheduler.java:68)
	at java.util.concurrent.Executors$RunnableAdapter.call(Executors.java:511)
	at java.util.concurrent.FutureTask.run(FutureTask.java:266)
	at java.util.concurrent.ScheduledThreadPoolExecutor$ScheduledFutureTask.access$201(ScheduledThreadPoolExecutor.java:180)
	at java.util.concurrent.ScheduledThreadPoolExecutor$ScheduledFutureTask.run(ScheduledThreadPoolExecutor.java:293)
	at java.util.concurrent.ThreadPoolExecutor.runWorker(ThreadPoolExecutor.java:1149)
	at java.util.concurrent.ThreadPoolExecutor$Worker.run(ThreadPoolExecutor.java:624)
	at java.lang.Thread.run(Thread.java:748)
 0.00% |█                                                                                                    |  0/1 Time: 0:04:12 0.00% |█                                                                                                    |  0/1 Time: 0:04:132019-09-16 18:00:48,271 [grpc-default-executor-1] INFO  client.GrpcClientProtocolClient (GrpcClientProtocolClient.java:onNext(264)) - client-19556C4CBA1B->d2644fda-0f6b-4964-8120-db19826e02a4: receive RaftClientReply:client-19556C4CBA1B->d2644fda-0f6b-4964-8120-db19826e02a4@group-D3A6482546DD, cid=40, FAILED org.apache.ratis.protocol.NotLeaderException: Server d2644fda-0f6b-4964-8120-db19826e02a4@group-D3A6482546DD is not the leader 7631069e-55aa-48aa-a80c-68f378536a45:192.168.157.233:39369, logIndex=0, commits[d2644fda-0f6b-4964-8120-db19826e02a4:c16, 7631069e-55aa-48aa-a80c-68f378536a45:c16, 59cccd2f-755e-4c45-a890-da01592df45f:c14]
2019-09-16 18:00:48,378 [java.util.concurrent.ThreadPoolExecutor$Worker@120e34ed[State = -1, empty queue]] WARN  server.GrpcLogAppender (GrpcLogAppender.java:timeoutAppendRequest(200)) - 7631069e-55aa-48aa-a80c-68f378536a45@group-D3A6482546DD->59cccd2f-755e-4c45-a890-da01592df45f-GrpcLogAppender: appendEntries Timeout, request=7631069e-55aa-48aa-a80c-68f378536a45->59cccd2f-755e-4c45-a890-da01592df45f#42-t1, previous=(t:1, i:20), leaderCommit=16, initializing? false, entries: <empty>
2019-09-16 18:00:48,378 [java.util.concurrent.ThreadPoolExecutor$Worker@9fec2f6[State = -1, empty queue]] WARN  server.GrpcLogAppender (GrpcLogAppender.java:timeoutAppendRequest(200)) - 7631069e-55aa-48aa-a80c-68f378536a45@group-D3A6482546DD->d2644fda-0f6b-4964-8120-db19826e02a4-GrpcLogAppender: appendEntries Timeout, request=7631069e-55aa-48aa-a80c-68f378536a45->d2644fda-0f6b-4964-8120-db19826e02a4#42-t1, previous=(t:1, i:20), leaderCommit=16, initializing? false, entries: <empty>
 0.00% |█                                                                                                    |  0/1 Time: 0:04:142019-09-16 18:00:49,106 [grpc-default-executor-2] INFO  impl.RaftServerProxy (RaftServerProxy.java:remove(95)) - d2644fda-0f6b-4964-8120-db19826e02a4: remove group-D5120AE2D385:null
2019-09-16 18:00:49,109 [RatisPipelineUtilsThread] WARN  pipeline.RatisPipelineUtils (RatisPipelineUtils.java:destroyPipeline(66)) - Pipeline destroy failed for pipeline=PipelineID=8976a1a2-b138-4af7-bd61-d5120ae2d385 dn=d2644fda-0f6b-4964-8120-db19826e02a4{ip: 192.168.157.233, host: pr-hdds-2120-x62sn-1884063469, networkLocation: /default-rack, certSerialId: null}
2019-09-16 18:00:49,111 [grpc-default-executor-2] INFO  impl.RaftServerProxy (RaftServerProxy.java:remove(95)) - 7631069e-55aa-48aa-a80c-68f378536a45: remove group-D5120AE2D385:null
2019-09-16 18:00:49,113 [RatisPipelineUtilsThread] WARN  pipeline.RatisPipelineUtils (RatisPipelineUtils.java:destroyPipeline(66)) - Pipeline destroy failed for pipeline=PipelineID=8976a1a2-b138-4af7-bd61-d5120ae2d385 dn=7631069e-55aa-48aa-a80c-68f378536a45{ip: 192.168.157.233, host: pr-hdds-2120-x62sn-1884063469, networkLocation: /default-rack, certSerialId: null}
2019-09-16 18:00:49,115 [grpc-default-executor-2] INFO  impl.RaftServerProxy (RaftServerProxy.java:remove(95)) - 59cccd2f-755e-4c45-a890-da01592df45f: remove group-D5120AE2D385:null
2019-09-16 18:00:49,117 [RatisPipelineUtilsThread] WARN  pipeline.RatisPipelineUtils (RatisPipelineUtils.java:destroyPipeline(66)) - Pipeline destroy failed for pipeline=PipelineID=8976a1a2-b138-4af7-bd61-d5120ae2d385 dn=59cccd2f-755e-4c45-a890-da01592df45f{ip: 192.168.157.233, host: pr-hdds-2120-x62sn-1884063469, networkLocation: /default-rack, certSerialId: null}
2019-09-16 18:00:49,118 [RatisPipelineUtilsThread] ERROR pipeline.SCMPipelineManager (Scheduler.java:lambda$schedule$1(70)) - Destroy pipeline failed for pipeline:Pipeline[ Id: 8976a1a2-b138-4af7-bd61-d5120ae2d385, Nodes: d2644fda-0f6b-4964-8120-db19826e02a4{ip: 192.168.157.233, host: pr-hdds-2120-x62sn-1884063469, networkLocation: /default-rack, certSerialId: null}7631069e-55aa-48aa-a80c-68f378536a45{ip: 192.168.157.233, host: pr-hdds-2120-x62sn-1884063469, networkLocation: /default-rack, certSerialId: null}59cccd2f-755e-4c45-a890-da01592df45f{ip: 192.168.157.233, host: pr-hdds-2120-x62sn-1884063469, networkLocation: /default-rack, certSerialId: null}, Type:RATIS, Factor:THREE, State:CLOSED]
org.apache.hadoop.hdds.scm.pipeline.PipelineNotFoundException: PipelineID=8976a1a2-b138-4af7-bd61-d5120ae2d385 not found
	at org.apache.hadoop.hdds.scm.pipeline.PipelineStateMap.getPipeline(PipelineStateMap.java:132)
	at org.apache.hadoop.hdds.scm.pipeline.PipelineStateMap.removePipeline(PipelineStateMap.java:322)
	at org.apache.hadoop.hdds.scm.pipeline.PipelineStateManager.removePipeline(PipelineStateManager.java:107)
	at org.apache.hadoop.hdds.scm.pipeline.SCMPipelineManager.removePipeline(SCMPipelineManager.java:423)
	at org.apache.hadoop.hdds.scm.pipeline.SCMPipelineManager.destroyPipeline(SCMPipelineManager.java:409)
	at org.apache.hadoop.hdds.scm.pipeline.SCMPipelineManager.lambda$finalizeAndDestroyPipeline$0(SCMPipelineManager.java:318)
	at org.apache.hadoop.utils.Scheduler.lambda$schedule$1(Scheduler.java:68)
	at java.util.concurrent.Executors$RunnableAdapter.call(Executors.java:511)
	at java.util.concurrent.FutureTask.run(FutureTask.java:266)
	at java.util.concurrent.ScheduledThreadPoolExecutor$ScheduledFutureTask.access$201(ScheduledThreadPoolExecutor.java:180)
	at java.util.concurrent.ScheduledThreadPoolExecutor$ScheduledFutureTask.run(ScheduledThreadPoolExecutor.java:293)
	at java.util.concurrent.ThreadPoolExecutor.runWorker(ThreadPoolExecutor.java:1149)
	at java.util.concurrent.ThreadPoolExecutor$Worker.run(ThreadPoolExecutor.java:624)
	at java.lang.Thread.run(Thread.java:748)
 0.00% |█                                                                                                    |  0/1 Time: 0:04:15 0.00% |█                                                                                                    |  0/1 Time: 0:04:162019-09-16 18:00:50,879 [java.util.concurrent.ThreadPoolExecutor$Worker@120e34ed[State = -1, empty queue]] WARN  server.GrpcLogAppender (GrpcLogAppender.java:timeoutAppendRequest(200)) - 7631069e-55aa-48aa-a80c-68f378536a45@group-D3A6482546DD->59cccd2f-755e-4c45-a890-da01592df45f-GrpcLogAppender: appendEntries Timeout, request=7631069e-55aa-48aa-a80c-68f378536a45->59cccd2f-755e-4c45-a890-da01592df45f#43-t1, previous=(t:1, i:20), leaderCommit=16, initializing? false, entries: <empty>
2019-09-16 18:00:50,879 [java.util.concurrent.ThreadPoolExecutor$Worker@9fec2f6[State = -1, empty queue]] WARN  server.GrpcLogAppender (GrpcLogAppender.java:timeoutAppendRequest(200)) - 7631069e-55aa-48aa-a80c-68f378536a45@group-D3A6482546DD->d2644fda-0f6b-4964-8120-db19826e02a4-GrpcLogAppender: appendEntries Timeout, request=7631069e-55aa-48aa-a80c-68f378536a45->d2644fda-0f6b-4964-8120-db19826e02a4#43-t1, previous=(t:1, i:20), leaderCommit=16, initializing? false, entries: <empty>
2019-09-16 18:00:51,110 [grpc-default-executor-2] INFO  impl.RaftServerProxy (RaftServerProxy.java:remove(95)) - d2644fda-0f6b-4964-8120-db19826e02a4: remove group-D5120AE2D385:null
2019-09-16 18:00:51,114 [RatisPipelineUtilsThread] WARN  pipeline.RatisPipelineUtils (RatisPipelineUtils.java:destroyPipeline(66)) - Pipeline destroy failed for pipeline=PipelineID=8976a1a2-b138-4af7-bd61-d5120ae2d385 dn=d2644fda-0f6b-4964-8120-db19826e02a4{ip: 192.168.157.233, host: pr-hdds-2120-x62sn-1884063469, networkLocation: /default-rack, certSerialId: null}
2019-09-16 18:00:51,118 [grpc-default-executor-2] INFO  impl.RaftServerProxy (RaftServerProxy.java:remove(95)) - 7631069e-55aa-48aa-a80c-68f378536a45: remove group-D5120AE2D385:null
2019-09-16 18:00:51,121 [RatisPipelineUtilsThread] WARN  pipeline.RatisPipelineUtils (RatisPipelineUtils.java:destroyPipeline(66)) - Pipeline destroy failed for pipeline=PipelineID=8976a1a2-b138-4af7-bd61-d5120ae2d385 dn=7631069e-55aa-48aa-a80c-68f378536a45{ip: 192.168.157.233, host: pr-hdds-2120-x62sn-1884063469, networkLocation: /default-rack, certSerialId: null}
2019-09-16 18:00:51,125 [grpc-default-executor-2] INFO  impl.RaftServerProxy (RaftServerProxy.java:remove(95)) - 59cccd2f-755e-4c45-a890-da01592df45f: remove group-D5120AE2D385:null
2019-09-16 18:00:51,128 [RatisPipelineUtilsThread] WARN  pipeline.RatisPipelineUtils (RatisPipelineUtils.java:destroyPipeline(66)) - Pipeline destroy failed for pipeline=PipelineID=8976a1a2-b138-4af7-bd61-d5120ae2d385 dn=59cccd2f-755e-4c45-a890-da01592df45f{ip: 192.168.157.233, host: pr-hdds-2120-x62sn-1884063469, networkLocation: /default-rack, certSerialId: null}
2019-09-16 18:00:51,128 [RatisPipelineUtilsThread] ERROR pipeline.SCMPipelineManager (Scheduler.java:lambda$schedule$1(70)) - Destroy pipeline failed for pipeline:Pipeline[ Id: 8976a1a2-b138-4af7-bd61-d5120ae2d385, Nodes: d2644fda-0f6b-4964-8120-db19826e02a4{ip: 192.168.157.233, host: pr-hdds-2120-x62sn-1884063469, networkLocation: /default-rack, certSerialId: null}7631069e-55aa-48aa-a80c-68f378536a45{ip: 192.168.157.233, host: pr-hdds-2120-x62sn-1884063469, networkLocation: /default-rack, certSerialId: null}59cccd2f-755e-4c45-a890-da01592df45f{ip: 192.168.157.233, host: pr-hdds-2120-x62sn-1884063469, networkLocation: /default-rack, certSerialId: null}, Type:RATIS, Factor:THREE, State:CLOSED]
org.apache.hadoop.hdds.scm.pipeline.PipelineNotFoundException: PipelineID=8976a1a2-b138-4af7-bd61-d5120ae2d385 not found
	at org.apache.hadoop.hdds.scm.pipeline.PipelineStateMap.getPipeline(PipelineStateMap.java:132)
	at org.apache.hadoop.hdds.scm.pipeline.PipelineStateMap.removePipeline(PipelineStateMap.java:322)
	at org.apache.hadoop.hdds.scm.pipeline.PipelineStateManager.removePipeline(PipelineStateManager.java:107)
	at org.apache.hadoop.hdds.scm.pipeline.SCMPipelineManager.removePipeline(SCMPipelineManager.java:423)
	at org.apache.hadoop.hdds.scm.pipeline.SCMPipelineManager.destroyPipeline(SCMPipelineManager.java:409)
	at org.apache.hadoop.hdds.scm.pipeline.SCMPipelineManager.lambda$finalizeAndDestroyPipeline$0(SCMPipelineManager.java:318)
	at org.apache.hadoop.utils.Scheduler.lambda$schedule$1(Scheduler.java:68)
	at java.util.concurrent.Executors$RunnableAdapter.call(Executors.java:511)
	at java.util.concurrent.FutureTask.run(FutureTask.java:266)
	at java.util.concurrent.ScheduledThreadPoolExecutor$ScheduledFutureTask.access$201(ScheduledThreadPoolExecutor.java:180)
	at java.util.concurrent.ScheduledThreadPoolExecutor$ScheduledFutureTask.run(ScheduledThreadPoolExecutor.java:293)
	at java.util.concurrent.ThreadPoolExecutor.runWorker(ThreadPoolExecutor.java:1149)
	at java.util.concurrent.ThreadPoolExecutor$Worker.run(ThreadPoolExecutor.java:624)
	at java.lang.Thread.run(Thread.java:748)
 0.00% |█                                                                                                    |  0/1 Time: 0:04:172019-09-16 18:00:52,196 [grpc-default-executor-2] INFO  impl.RaftServerProxy (RaftServerProxy.java:remove(95)) - d2644fda-0f6b-4964-8120-db19826e02a4: remove group-D5120AE2D385:null
2019-09-16 18:00:52,201 [RatisPipelineUtilsThread] WARN  pipeline.RatisPipelineUtils (RatisPipelineUtils.java:destroyPipeline(66)) - Pipeline destroy failed for pipeline=PipelineID=8976a1a2-b138-4af7-bd61-d5120ae2d385 dn=d2644fda-0f6b-4964-8120-db19826e02a4{ip: 192.168.157.233, host: pr-hdds-2120-x62sn-1884063469, networkLocation: /default-rack, certSerialId: null}
2019-09-16 18:00:52,205 [grpc-default-executor-2] INFO  impl.RaftServerProxy (RaftServerProxy.java:remove(95)) - 7631069e-55aa-48aa-a80c-68f378536a45: remove group-D5120AE2D385:null
2019-09-16 18:00:52,207 [RatisPipelineUtilsThread] WARN  pipeline.RatisPipelineUtils (RatisPipelineUtils.java:destroyPipeline(66)) - Pipeline destroy failed for pipeline=PipelineID=8976a1a2-b138-4af7-bd61-d5120ae2d385 dn=7631069e-55aa-48aa-a80c-68f378536a45{ip: 192.168.157.233, host: pr-hdds-2120-x62sn-1884063469, networkLocation: /default-rack, certSerialId: null}
2019-09-16 18:00:52,211 [grpc-default-executor-2] INFO  impl.RaftServerProxy (RaftServerProxy.java:remove(95)) - 59cccd2f-755e-4c45-a890-da01592df45f: remove group-D5120AE2D385:null
2019-09-16 18:00:52,213 [RatisPipelineUtilsThread] WARN  pipeline.RatisPipelineUtils (RatisPipelineUtils.java:destroyPipeline(66)) - Pipeline destroy failed for pipeline=PipelineID=8976a1a2-b138-4af7-bd61-d5120ae2d385 dn=59cccd2f-755e-4c45-a890-da01592df45f{ip: 192.168.157.233, host: pr-hdds-2120-x62sn-1884063469, networkLocation: /default-rack, certSerialId: null}
2019-09-16 18:00:52,213 [RatisPipelineUtilsThread] ERROR pipeline.SCMPipelineManager (Scheduler.java:lambda$schedule$1(70)) - Destroy pipeline failed for pipeline:Pipeline[ Id: 8976a1a2-b138-4af7-bd61-d5120ae2d385, Nodes: d2644fda-0f6b-4964-8120-db19826e02a4{ip: 192.168.157.233, host: pr-hdds-2120-x62sn-1884063469, networkLocation: /default-rack, certSerialId: null}7631069e-55aa-48aa-a80c-68f378536a45{ip: 192.168.157.233, host: pr-hdds-2120-x62sn-1884063469, networkLocation: /default-rack, certSerialId: null}59cccd2f-755e-4c45-a890-da01592df45f{ip: 192.168.157.233, host: pr-hdds-2120-x62sn-1884063469, networkLocation: /default-rack, certSerialId: null}, Type:RATIS, Factor:THREE, State:CLOSED]
org.apache.hadoop.hdds.scm.pipeline.PipelineNotFoundException: PipelineID=8976a1a2-b138-4af7-bd61-d5120ae2d385 not found
	at org.apache.hadoop.hdds.scm.pipeline.PipelineStateMap.getPipeline(PipelineStateMap.java:132)
	at org.apache.hadoop.hdds.scm.pipeline.PipelineStateMap.removePipeline(PipelineStateMap.java:322)
	at org.apache.hadoop.hdds.scm.pipeline.PipelineStateManager.removePipeline(PipelineStateManager.java:107)
	at org.apache.hadoop.hdds.scm.pipeline.SCMPipelineManager.removePipeline(SCMPipelineManager.java:423)
	at org.apache.hadoop.hdds.scm.pipeline.SCMPipelineManager.destroyPipeline(SCMPipelineManager.java:409)
	at org.apache.hadoop.hdds.scm.pipeline.SCMPipelineManager.lambda$finalizeAndDestroyPipeline$0(SCMPipelineManager.java:318)
	at org.apache.hadoop.utils.Scheduler.lambda$schedule$1(Scheduler.java:68)
	at java.util.concurrent.Executors$RunnableAdapter.call(Executors.java:511)
	at java.util.concurrent.FutureTask.run(FutureTask.java:266)
	at java.util.concurrent.ScheduledThreadPoolExecutor$ScheduledFutureTask.access$201(ScheduledThreadPoolExecutor.java:180)
	at java.util.concurrent.ScheduledThreadPoolExecutor$ScheduledFutureTask.run(ScheduledThreadPoolExecutor.java:293)
	at java.util.concurrent.ThreadPoolExecutor.runWorker(ThreadPoolExecutor.java:1149)
	at java.util.concurrent.ThreadPoolExecutor$Worker.run(ThreadPoolExecutor.java:624)
	at java.lang.Thread.run(Thread.java:748)
2019-09-16 18:00:52,362 [grpc-default-executor-2] INFO  impl.RaftServerProxy (RaftServerProxy.java:remove(95)) - d2644fda-0f6b-4964-8120-db19826e02a4: remove group-D5120AE2D385:null
2019-09-16 18:00:52,365 [RatisPipelineUtilsThread] WARN  pipeline.RatisPipelineUtils (RatisPipelineUtils.java:destroyPipeline(66)) - Pipeline destroy failed for pipeline=PipelineID=8976a1a2-b138-4af7-bd61-d5120ae2d385 dn=d2644fda-0f6b-4964-8120-db19826e02a4{ip: 192.168.157.233, host: pr-hdds-2120-x62sn-1884063469, networkLocation: /default-rack, certSerialId: null}
2019-09-16 18:00:52,368 [grpc-default-executor-2] INFO  impl.RaftServerProxy (RaftServerProxy.java:remove(95)) - 7631069e-55aa-48aa-a80c-68f378536a45: remove group-D5120AE2D385:null
2019-09-16 18:00:52,371 [RatisPipelineUtilsThread] WARN  pipeline.RatisPipelineUtils (RatisPipelineUtils.java:destroyPipeline(66)) - Pipeline destroy failed for pipeline=PipelineID=8976a1a2-b138-4af7-bd61-d5120ae2d385 dn=7631069e-55aa-48aa-a80c-68f378536a45{ip: 192.168.157.233, host: pr-hdds-2120-x62sn-1884063469, networkLocation: /default-rack, certSerialId: null}
2019-09-16 18:00:52,374 [grpc-default-executor-2] INFO  impl.RaftServerProxy (RaftServerProxy.java:remove(95)) - 59cccd2f-755e-4c45-a890-da01592df45f: remove group-D5120AE2D385:null
2019-09-16 18:00:52,376 [RatisPipelineUtilsThread] WARN  pipeline.RatisPipelineUtils (RatisPipelineUtils.java:destroyPipeline(66)) - Pipeline destroy failed for pipeline=PipelineID=8976a1a2-b138-4af7-bd61-d5120ae2d385 dn=59cccd2f-755e-4c45-a890-da01592df45f{ip: 192.168.157.233, host: pr-hdds-2120-x62sn-1884063469, networkLocation: /default-rack, certSerialId: null}
2019-09-16 18:00:52,377 [RatisPipelineUtilsThread] ERROR pipeline.SCMPipelineManager (Scheduler.java:lambda$schedule$1(70)) - Destroy pipeline failed for pipeline:Pipeline[ Id: 8976a1a2-b138-4af7-bd61-d5120ae2d385, Nodes: d2644fda-0f6b-4964-8120-db19826e02a4{ip: 192.168.157.233, host: pr-hdds-2120-x62sn-1884063469, networkLocation: /default-rack, certSerialId: null}7631069e-55aa-48aa-a80c-68f378536a45{ip: 192.168.157.233, host: pr-hdds-2120-x62sn-1884063469, networkLocation: /default-rack, certSerialId: null}59cccd2f-755e-4c45-a890-da01592df45f{ip: 192.168.157.233, host: pr-hdds-2120-x62sn-1884063469, networkLocation: /default-rack, certSerialId: null}, Type:RATIS, Factor:THREE, State:CLOSED]
org.apache.hadoop.hdds.scm.pipeline.PipelineNotFoundException: PipelineID=8976a1a2-b138-4af7-bd61-d5120ae2d385 not found
	at org.apache.hadoop.hdds.scm.pipeline.PipelineStateMap.getPipeline(PipelineStateMap.java:132)
	at org.apache.hadoop.hdds.scm.pipeline.PipelineStateMap.removePipeline(PipelineStateMap.java:322)
	at org.apache.hadoop.hdds.scm.pipeline.PipelineStateManager.removePipeline(PipelineStateManager.java:107)
	at org.apache.hadoop.hdds.scm.pipeline.SCMPipelineManager.removePipeline(SCMPipelineManager.java:423)
	at org.apache.hadoop.hdds.scm.pipeline.SCMPipelineManager.destroyPipeline(SCMPipelineManager.java:409)
	at org.apache.hadoop.hdds.scm.pipeline.SCMPipelineManager.lambda$finalizeAndDestroyPipeline$0(SCMPipelineManager.java:318)
	at org.apache.hadoop.utils.Scheduler.lambda$schedule$1(Scheduler.java:68)
	at java.util.concurrent.Executors$RunnableAdapter.call(Executors.java:511)
	at java.util.concurrent.FutureTask.run(FutureTask.java:266)
	at java.util.concurrent.ScheduledThreadPoolExecutor$ScheduledFutureTask.access$201(ScheduledThreadPoolExecutor.java:180)
	at java.util.concurrent.ScheduledThreadPoolExecutor$ScheduledFutureTask.run(ScheduledThreadPoolExecutor.java:293)
	at java.util.concurrent.ThreadPoolExecutor.runWorker(ThreadPoolExecutor.java:1149)
	at java.util.concurrent.ThreadPoolExecutor$Worker.run(ThreadPoolExecutor.java:624)
	at java.lang.Thread.run(Thread.java:748)
 0.00% |█                                                                                                    |  0/1 Time: 0:04:182019-09-16 18:00:52,475 [grpc-default-executor-2] INFO  impl.RaftServerProxy (RaftServerProxy.java:remove(95)) - d2644fda-0f6b-4964-8120-db19826e02a4: remove group-D5120AE2D385:null
2019-09-16 18:00:52,478 [RatisPipelineUtilsThread] WARN  pipeline.RatisPipelineUtils (RatisPipelineUtils.java:destroyPipeline(66)) - Pipeline destroy failed for pipeline=PipelineID=8976a1a2-b138-4af7-bd61-d5120ae2d385 dn=d2644fda-0f6b-4964-8120-db19826e02a4{ip: 192.168.157.233, host: pr-hdds-2120-x62sn-1884063469, networkLocation: /default-rack, certSerialId: null}
2019-09-16 18:00:52,481 [grpc-default-executor-2] INFO  impl.RaftServerProxy (RaftServerProxy.java:remove(95)) - 7631069e-55aa-48aa-a80c-68f378536a45: remove group-D5120AE2D385:null
2019-09-16 18:00:52,484 [RatisPipelineUtilsThread] WARN  pipeline.RatisPipelineUtils (RatisPipelineUtils.java:destroyPipeline(66)) - Pipeline destroy failed for pipeline=PipelineID=8976a1a2-b138-4af7-bd61-d5120ae2d385 dn=7631069e-55aa-48aa-a80c-68f378536a45{ip: 192.168.157.233, host: pr-hdds-2120-x62sn-1884063469, networkLocation: /default-rack, certSerialId: null}
2019-09-16 18:00:52,487 [grpc-default-executor-2] INFO  impl.RaftServerProxy (RaftServerProxy.java:remove(95)) - 59cccd2f-755e-4c45-a890-da01592df45f: remove group-D5120AE2D385:null
2019-09-16 18:00:52,490 [RatisPipelineUtilsThread] WARN  pipeline.RatisPipelineUtils (RatisPipelineUtils.java:destroyPipeline(66)) - Pipeline destroy failed for pipeline=PipelineID=8976a1a2-b138-4af7-bd61-d5120ae2d385 dn=59cccd2f-755e-4c45-a890-da01592df45f{ip: 192.168.157.233, host: pr-hdds-2120-x62sn-1884063469, networkLocation: /default-rack, certSerialId: null}
2019-09-16 18:00:52,490 [RatisPipelineUtilsThread] ERROR pipeline.SCMPipelineManager (Scheduler.java:lambda$schedule$1(70)) - Destroy pipeline failed for pipeline:Pipeline[ Id: 8976a1a2-b138-4af7-bd61-d5120ae2d385, Nodes: d2644fda-0f6b-4964-8120-db19826e02a4{ip: 192.168.157.233, host: pr-hdds-2120-x62sn-1884063469, networkLocation: /default-rack, certSerialId: null}7631069e-55aa-48aa-a80c-68f378536a45{ip: 192.168.157.233, host: pr-hdds-2120-x62sn-1884063469, networkLocation: /default-rack, certSerialId: null}59cccd2f-755e-4c45-a890-da01592df45f{ip: 192.168.157.233, host: pr-hdds-2120-x62sn-1884063469, networkLocation: /default-rack, certSerialId: null}, Type:RATIS, Factor:THREE, State:CLOSED]
org.apache.hadoop.hdds.scm.pipeline.PipelineNotFoundException: PipelineID=8976a1a2-b138-4af7-bd61-d5120ae2d385 not found
	at org.apache.hadoop.hdds.scm.pipeline.PipelineStateMap.getPipeline(PipelineStateMap.java:132)
	at org.apache.hadoop.hdds.scm.pipeline.PipelineStateMap.removePipeline(PipelineStateMap.java:322)
	at org.apache.hadoop.hdds.scm.pipeline.PipelineStateManager.removePipeline(PipelineStateManager.java:107)
	at org.apache.hadoop.hdds.scm.pipeline.SCMPipelineManager.removePipeline(SCMPipelineManager.java:423)
	at org.apache.hadoop.hdds.scm.pipeline.SCMPipelineManager.destroyPipeline(SCMPipelineManager.java:409)
	at org.apache.hadoop.hdds.scm.pipeline.SCMPipelineManager.lambda$finalizeAndDestroyPipeline$0(SCMPipelineManager.java:318)
	at org.apache.hadoop.utils.Scheduler.lambda$schedule$1(Scheduler.java:68)
	at java.util.concurrent.Executors$RunnableAdapter.call(Executors.java:511)
	at java.util.concurrent.FutureTask.run(FutureTask.java:266)
	at java.util.concurrent.ScheduledThreadPoolExecutor$ScheduledFutureTask.access$201(ScheduledThreadPoolExecutor.java:180)
	at java.util.concurrent.ScheduledThreadPoolExecutor$ScheduledFutureTask.run(ScheduledThreadPoolExecutor.java:293)
	at java.util.concurrent.ThreadPoolExecutor.runWorker(ThreadPoolExecutor.java:1149)
	at java.util.concurrent.ThreadPoolExecutor$Worker.run(ThreadPoolExecutor.java:624)
	at java.lang.Thread.run(Thread.java:748)
2019-09-16 18:00:52,870 [59cccd2f-755e-4c45-a890-da01592df45f@group-D3A6482546DD-SegmentedRaftLogWorker] WARN  segmented.SegmentedRaftLogWorker (SegmentedRaftLogWorker.java:getFromFuture(90)) - Timeout 5/~
org.apache.ratis.protocol.TimeoutIOException: Timeout 10s: WriteLog:17: (t:1, i:17), STATEMACHINELOGENTRY, client-19556C4CBA1B, cid=40-writeStateMachineData
	at org.apache.ratis.util.IOUtils.getFromFuture(IOUtils.java:87)
	at org.apache.ratis.server.raftlog.segmented.SegmentedRaftLogWorker$StateMachineDataPolicy.getFromFuture(SegmentedRaftLogWorker.java:87)
	at org.apache.ratis.server.raftlog.segmented.SegmentedRaftLogWorker$WriteLog.execute(SegmentedRaftLogWorker.java:477)
	at org.apache.ratis.server.raftlog.segmented.SegmentedRaftLogWorker.run(SegmentedRaftLogWorker.java:289)
	at java.lang.Thread.run(Thread.java:748)
Caused by: java.util.concurrent.TimeoutException
	at java.util.concurrent.CompletableFuture.timedGet(CompletableFuture.java:1771)
	at java.util.concurrent.CompletableFuture.get(CompletableFuture.java:1915)
	at org.apache.ratis.util.IOUtils.getFromFuture(IOUtils.java:79)
	... 4 more
2019-09-16 18:00:52,999 [7631069e-55aa-48aa-a80c-68f378536a45@group-D3A6482546DD-SegmentedRaftLogWorker] WARN  segmented.SegmentedRaftLogWorker (SegmentedRaftLogWorker.java:getFromFuture(90)) - Timeout 5/~
org.apache.ratis.protocol.TimeoutIOException: Timeout 10s: WriteLog:19: (t:1, i:19), STATEMACHINELOGENTRY, client-19556C4CBA1B, cid=42-writeStateMachineData
	at org.apache.ratis.util.IOUtils.getFromFuture(IOUtils.java:87)
	at org.apache.ratis.server.raftlog.segmented.SegmentedRaftLogWorker$StateMachineDataPolicy.getFromFuture(SegmentedRaftLogWorker.java:87)
	at org.apache.ratis.server.raftlog.segmented.SegmentedRaftLogWorker$WriteLog.execute(SegmentedRaftLogWorker.java:477)
	at org.apache.ratis.server.raftlog.segmented.SegmentedRaftLogWorker.run(SegmentedRaftLogWorker.java:289)
	at java.lang.Thread.run(Thread.java:748)
Caused by: java.util.concurrent.TimeoutException
	at java.util.concurrent.CompletableFuture.timedGet(CompletableFuture.java:1771)
	at java.util.concurrent.CompletableFuture.get(CompletableFuture.java:1915)
	at org.apache.ratis.util.IOUtils.getFromFuture(IOUtils.java:79)
	... 4 more
2019-09-16 18:00:53,000 [d2644fda-0f6b-4964-8120-db19826e02a4@group-D3A6482546DD-SegmentedRaftLogWorker] WARN  segmented.SegmentedRaftLogWorker (SegmentedRaftLogWorker.java:getFromFuture(90)) - Timeout 5/~
org.apache.ratis.protocol.TimeoutIOException: Timeout 10s: WriteLog:19: (t:1, i:19), STATEMACHINELOGENTRY, client-19556C4CBA1B, cid=42-writeStateMachineData
	at org.apache.ratis.util.IOUtils.getFromFuture(IOUtils.java:87)
	at org.apache.ratis.server.raftlog.segmented.SegmentedRaftLogWorker$StateMachineDataPolicy.getFromFuture(SegmentedRaftLogWorker.java:87)
	at org.apache.ratis.server.raftlog.segmented.SegmentedRaftLogWorker$WriteLog.execute(SegmentedRaftLogWorker.java:477)
	at org.apache.ratis.server.raftlog.segmented.SegmentedRaftLogWorker.run(SegmentedRaftLogWorker.java:289)
	at java.lang.Thread.run(Thread.java:748)
Caused by: java.util.concurrent.TimeoutException
	at java.util.concurrent.CompletableFuture.timedGet(CompletableFuture.java:1771)
	at java.util.concurrent.CompletableFuture.get(CompletableFuture.java:1915)
	at org.apache.ratis.util.IOUtils.getFromFuture(IOUtils.java:79)
	... 4 more
2019-09-16 18:00:53,309 [grpc-default-executor-2] INFO  client.GrpcClientProtocolClient (GrpcClientProtocolClient.java:onNext(264)) - client-19556C4CBA1B->d2644fda-0f6b-4964-8120-db19826e02a4: receive RaftClientReply:client-19556C4CBA1B->d2644fda-0f6b-4964-8120-db19826e02a4@group-D3A6482546DD, cid=40, FAILED org.apache.ratis.protocol.NotLeaderException: Server d2644fda-0f6b-4964-8120-db19826e02a4@group-D3A6482546DD is not the leader 7631069e-55aa-48aa-a80c-68f378536a45:192.168.157.233:39369, logIndex=0, commits[d2644fda-0f6b-4964-8120-db19826e02a4:c16, 7631069e-55aa-48aa-a80c-68f378536a45:c16, 59cccd2f-755e-4c45-a890-da01592df45f:c14]
2019-09-16 18:00:53,381 [java.util.concurrent.ThreadPoolExecutor$Worker@9fec2f6[State = -1, empty queue]] WARN  server.GrpcLogAppender (GrpcLogAppender.java:timeoutAppendRequest(200)) - 7631069e-55aa-48aa-a80c-68f378536a45@group-D3A6482546DD->d2644fda-0f6b-4964-8120-db19826e02a4-GrpcLogAppender: appendEntries Timeout, request=7631069e-55aa-48aa-a80c-68f378536a45->d2644fda-0f6b-4964-8120-db19826e02a4#44-t1, previous=(t:1, i:20), leaderCommit=16, initializing? false, entries: <empty>
2019-09-16 18:00:53,381 [java.util.concurrent.ThreadPoolExecutor$Worker@120e34ed[State = -1, empty queue]] WARN  server.GrpcLogAppender (GrpcLogAppender.java:timeoutAppendRequest(200)) - 7631069e-55aa-48aa-a80c-68f378536a45@group-D3A6482546DD->59cccd2f-755e-4c45-a890-da01592df45f-GrpcLogAppender: appendEntries Timeout, request=7631069e-55aa-48aa-a80c-68f378536a45->59cccd2f-755e-4c45-a890-da01592df45f#44-t1, previous=(t:1, i:20), leaderCommit=16, initializing? false, entries: <empty>
 0.00% |█                                                                                                    |  0/1 Time: 0:04:19 0.00% |█                                                                                                    |  0/1 Time: 0:04:20 0.00% |█                                                                                                    |  0/1 Time: 0:04:212019-09-16 18:00:55,882 [java.util.concurrent.ThreadPoolExecutor$Worker@120e34ed[State = -1, empty queue]] WARN  server.GrpcLogAppender (GrpcLogAppender.java:timeoutAppendRequest(200)) - 7631069e-55aa-48aa-a80c-68f378536a45@group-D3A6482546DD->59cccd2f-755e-4c45-a890-da01592df45f-GrpcLogAppender: appendEntries Timeout, request=7631069e-55aa-48aa-a80c-68f378536a45->59cccd2f-755e-4c45-a890-da01592df45f#45-t1, previous=(t:1, i:20), leaderCommit=16, initializing? false, entries: <empty>
2019-09-16 18:00:55,882 [java.util.concurrent.ThreadPoolExecutor$Worker@9fec2f6[State = -1, empty queue]] WARN  server.GrpcLogAppender (GrpcLogAppender.java:timeoutAppendRequest(200)) - 7631069e-55aa-48aa-a80c-68f378536a45@group-D3A6482546DD->d2644fda-0f6b-4964-8120-db19826e02a4-GrpcLogAppender: appendEntries Timeout, request=7631069e-55aa-48aa-a80c-68f378536a45->d2644fda-0f6b-4964-8120-db19826e02a4#45-t1, previous=(t:1, i:20), leaderCommit=16, initializing? false, entries: <empty>
 0.00% |█                                                                                                    |  0/1 Time: 0:04:22 0.00% |█                                                                                                    |  0/1 Time: 0:04:232019-09-16 18:00:58,358 [grpc-default-executor-1] INFO  client.GrpcClientProtocolClient (GrpcClientProtocolClient.java:onNext(264)) - client-19556C4CBA1B->d2644fda-0f6b-4964-8120-db19826e02a4: receive RaftClientReply:client-19556C4CBA1B->d2644fda-0f6b-4964-8120-db19826e02a4@group-D3A6482546DD, cid=40, FAILED org.apache.ratis.protocol.NotLeaderException: Server d2644fda-0f6b-4964-8120-db19826e02a4@group-D3A6482546DD is not the leader 7631069e-55aa-48aa-a80c-68f378536a45:192.168.157.233:39369, logIndex=0, commits[d2644fda-0f6b-4964-8120-db19826e02a4:c16, 7631069e-55aa-48aa-a80c-68f378536a45:c16, 59cccd2f-755e-4c45-a890-da01592df45f:c14]
2019-09-16 18:00:58,383 [java.util.concurrent.ThreadPoolExecutor$Worker@9fec2f6[State = -1, empty queue]] WARN  server.GrpcLogAppender (GrpcLogAppender.java:timeoutAppendRequest(200)) - 7631069e-55aa-48aa-a80c-68f378536a45@group-D3A6482546DD->d2644fda-0f6b-4964-8120-db19826e02a4-GrpcLogAppender: appendEntries Timeout, request=7631069e-55aa-48aa-a80c-68f378536a45->d2644fda-0f6b-4964-8120-db19826e02a4#46-t1, previous=(t:1, i:20), leaderCommit=16, initializing? false, entries: <empty>
2019-09-16 18:00:58,383 [java.util.concurrent.ThreadPoolExecutor$Worker@120e34ed[State = -1, empty queue]] WARN  server.GrpcLogAppender (GrpcLogAppender.java:timeoutAppendRequest(200)) - 7631069e-55aa-48aa-a80c-68f378536a45@group-D3A6482546DD->59cccd2f-755e-4c45-a890-da01592df45f-GrpcLogAppender: appendEntries Timeout, request=7631069e-55aa-48aa-a80c-68f378536a45->59cccd2f-755e-4c45-a890-da01592df45f#46-t1, previous=(t:1, i:20), leaderCommit=16, initializing? false, entries: <empty>
 0.00% |█                                                                                                    |  0/1 Time: 0:04:24 0.00% |█                                                                                                    |  0/1 Time: 0:04:25 0.00% |█                                                                                                    |  0/1 Time: 0:04:262019-09-16 18:01:00,884 [java.util.concurrent.ThreadPoolExecutor$Worker@120e34ed[State = -1, empty queue]] WARN  server.GrpcLogAppender (GrpcLogAppender.java:timeoutAppendRequest(200)) - 7631069e-55aa-48aa-a80c-68f378536a45@group-D3A6482546DD->59cccd2f-755e-4c45-a890-da01592df45f-GrpcLogAppender: appendEntries Timeout, request=7631069e-55aa-48aa-a80c-68f378536a45->59cccd2f-755e-4c45-a890-da01592df45f#47-t1, previous=(t:1, i:20), leaderCommit=16, initializing? false, entries: <empty>
2019-09-16 18:01:00,884 [java.util.concurrent.ThreadPoolExecutor$Worker@9fec2f6[State = -1, empty queue]] WARN  server.GrpcLogAppender (GrpcLogAppender.java:timeoutAppendRequest(200)) - 7631069e-55aa-48aa-a80c-68f378536a45@group-D3A6482546DD->d2644fda-0f6b-4964-8120-db19826e02a4-GrpcLogAppender: appendEntries Timeout, request=7631069e-55aa-48aa-a80c-68f378536a45->d2644fda-0f6b-4964-8120-db19826e02a4#47-t1, previous=(t:1, i:20), leaderCommit=16, initializing? false, entries: <empty>
 0.00% |█                                                                                                    |  0/1 Time: 0:04:27 0.00% |█                                                                                                    |  0/1 Time: 0:04:282019-09-16 18:01:02,871 [59cccd2f-755e-4c45-a890-da01592df45f@group-D3A6482546DD-SegmentedRaftLogWorker] WARN  segmented.SegmentedRaftLogWorker (SegmentedRaftLogWorker.java:getFromFuture(90)) - Timeout 6/~
org.apache.ratis.protocol.TimeoutIOException: Timeout 10s: WriteLog:17: (t:1, i:17), STATEMACHINELOGENTRY, client-19556C4CBA1B, cid=40-writeStateMachineData
	at org.apache.ratis.util.IOUtils.getFromFuture(IOUtils.java:87)
	at org.apache.ratis.server.raftlog.segmented.SegmentedRaftLogWorker$StateMachineDataPolicy.getFromFuture(SegmentedRaftLogWorker.java:87)
	at org.apache.ratis.server.raftlog.segmented.SegmentedRaftLogWorker$WriteLog.execute(SegmentedRaftLogWorker.java:477)
	at org.apache.ratis.server.raftlog.segmented.SegmentedRaftLogWorker.run(SegmentedRaftLogWorker.java:289)
	at java.lang.Thread.run(Thread.java:748)
Caused by: java.util.concurrent.TimeoutException
	at java.util.concurrent.CompletableFuture.timedGet(CompletableFuture.java:1771)
	at java.util.concurrent.CompletableFuture.get(CompletableFuture.java:1915)
	at org.apache.ratis.util.IOUtils.getFromFuture(IOUtils.java:79)
	... 4 more
2019-09-16 18:01:03,000 [7631069e-55aa-48aa-a80c-68f378536a45@group-D3A6482546DD-SegmentedRaftLogWorker] WARN  segmented.SegmentedRaftLogWorker (SegmentedRaftLogWorker.java:getFromFuture(90)) - Timeout 6/~
org.apache.ratis.protocol.TimeoutIOException: Timeout 10s: WriteLog:19: (t:1, i:19), STATEMACHINELOGENTRY, client-19556C4CBA1B, cid=42-writeStateMachineData
	at org.apache.ratis.util.IOUtils.getFromFuture(IOUtils.java:87)
	at org.apache.ratis.server.raftlog.segmented.SegmentedRaftLogWorker$StateMachineDataPolicy.getFromFuture(SegmentedRaftLogWorker.java:87)
	at org.apache.ratis.server.raftlog.segmented.SegmentedRaftLogWorker$WriteLog.execute(SegmentedRaftLogWorker.java:477)
	at org.apache.ratis.server.raftlog.segmented.SegmentedRaftLogWorker.run(SegmentedRaftLogWorker.java:289)
	at java.lang.Thread.run(Thread.java:748)
Caused by: java.util.concurrent.TimeoutException
	at java.util.concurrent.CompletableFuture.timedGet(CompletableFuture.java:1771)
	at java.util.concurrent.CompletableFuture.get(CompletableFuture.java:1915)
	at org.apache.ratis.util.IOUtils.getFromFuture(IOUtils.java:79)
	... 4 more
2019-09-16 18:01:03,013 [d2644fda-0f6b-4964-8120-db19826e02a4@group-D3A6482546DD-SegmentedRaftLogWorker] WARN  segmented.SegmentedRaftLogWorker (SegmentedRaftLogWorker.java:getFromFuture(90)) - Timeout 6/~
org.apache.ratis.protocol.TimeoutIOException: Timeout 10s: WriteLog:19: (t:1, i:19), STATEMACHINELOGENTRY, client-19556C4CBA1B, cid=42-writeStateMachineData
	at org.apache.ratis.util.IOUtils.getFromFuture(IOUtils.java:87)
	at org.apache.ratis.server.raftlog.segmented.SegmentedRaftLogWorker$StateMachineDataPolicy.getFromFuture(SegmentedRaftLogWorker.java:87)
	at org.apache.ratis.server.raftlog.segmented.SegmentedRaftLogWorker$WriteLog.execute(SegmentedRaftLogWorker.java:477)
	at org.apache.ratis.server.raftlog.segmented.SegmentedRaftLogWorker.run(SegmentedRaftLogWorker.java:289)
	at java.lang.Thread.run(Thread.java:748)
Caused by: java.util.concurrent.TimeoutException
	at java.util.concurrent.CompletableFuture.timedGet(CompletableFuture.java:1771)
	at java.util.concurrent.CompletableFuture.get(CompletableFuture.java:1915)
	at org.apache.ratis.util.IOUtils.getFromFuture(IOUtils.java:79)
	... 4 more
2019-09-16 18:01:03,384 [java.util.concurrent.ThreadPoolExecutor$Worker@9fec2f6[State = -1, empty queue]] WARN  server.GrpcLogAppender (GrpcLogAppender.java:timeoutAppendRequest(200)) - 7631069e-55aa-48aa-a80c-68f378536a45@group-D3A6482546DD->d2644fda-0f6b-4964-8120-db19826e02a4-GrpcLogAppender: appendEntries Timeout, request=7631069e-55aa-48aa-a80c-68f378536a45->d2644fda-0f6b-4964-8120-db19826e02a4#48-t1, previous=(t:1, i:20), leaderCommit=16, initializing? false, entries: <empty>
2019-09-16 18:01:03,384 [java.util.concurrent.ThreadPoolExecutor$Worker@120e34ed[State = -1, empty queue]] WARN  server.GrpcLogAppender (GrpcLogAppender.java:timeoutAppendRequest(200)) - 7631069e-55aa-48aa-a80c-68f378536a45@group-D3A6482546DD->59cccd2f-755e-4c45-a890-da01592df45f-GrpcLogAppender: appendEntries Timeout, request=7631069e-55aa-48aa-a80c-68f378536a45->59cccd2f-755e-4c45-a890-da01592df45f#48-t1, previous=(t:1, i:20), leaderCommit=16, initializing? false, entries: <empty>
 0.00% |█                                                                                                    |  0/1 Time: 0:04:292019-09-16 18:01:03,419 [grpc-default-executor-1] INFO  client.GrpcClientProtocolClient (GrpcClientProtocolClient.java:onNext(264)) - client-19556C4CBA1B->d2644fda-0f6b-4964-8120-db19826e02a4: receive RaftClientReply:client-19556C4CBA1B->d2644fda-0f6b-4964-8120-db19826e02a4@group-D3A6482546DD, cid=40, FAILED org.apache.ratis.protocol.NotLeaderException: Server d2644fda-0f6b-4964-8120-db19826e02a4@group-D3A6482546DD is not the leader 7631069e-55aa-48aa-a80c-68f378536a45:192.168.157.233:39369, logIndex=0, commits[d2644fda-0f6b-4964-8120-db19826e02a4:c16, 7631069e-55aa-48aa-a80c-68f378536a45:c16, 59cccd2f-755e-4c45-a890-da01592df45f:c14]
 0.00% |█                                                                                                    |  0/1 Time: 0:04:30 0.00% |█                                                                                                    |  0/1 Time: 0:04:312019-09-16 18:01:05,885 [java.util.concurrent.ThreadPoolExecutor$Worker@120e34ed[State = -1, empty queue]] WARN  server.GrpcLogAppender (GrpcLogAppender.java:timeoutAppendRequest(200)) - 7631069e-55aa-48aa-a80c-68f378536a45@group-D3A6482546DD->59cccd2f-755e-4c45-a890-da01592df45f-GrpcLogAppender: appendEntries Timeout, request=7631069e-55aa-48aa-a80c-68f378536a45->59cccd2f-755e-4c45-a890-da01592df45f#49-t1, previous=(t:1, i:20), leaderCommit=16, initializing? false, entries: <empty>
2019-09-16 18:01:05,885 [java.util.concurrent.ThreadPoolExecutor$Worker@9fec2f6[State = -1, empty queue]] WARN  server.GrpcLogAppender (GrpcLogAppender.java:timeoutAppendRequest(200)) - 7631069e-55aa-48aa-a80c-68f378536a45@group-D3A6482546DD->d2644fda-0f6b-4964-8120-db19826e02a4-GrpcLogAppender: appendEntries Timeout, request=7631069e-55aa-48aa-a80c-68f378536a45->d2644fda-0f6b-4964-8120-db19826e02a4#49-t1, previous=(t:1, i:20), leaderCommit=16, initializing? false, entries: <empty>
 0.00% |█                                                                                                    |  0/1 Time: 0:04:32 0.00% |█                                                                                                    |  0/1 Time: 0:04:332019-09-16 18:01:08,386 [java.util.concurrent.ThreadPoolExecutor$Worker@120e34ed[State = -1, empty queue]] WARN  server.GrpcLogAppender (GrpcLogAppender.java:timeoutAppendRequest(200)) - 7631069e-55aa-48aa-a80c-68f378536a45@group-D3A6482546DD->59cccd2f-755e-4c45-a890-da01592df45f-GrpcLogAppender: appendEntries Timeout, request=7631069e-55aa-48aa-a80c-68f378536a45->59cccd2f-755e-4c45-a890-da01592df45f#50-t1, previous=(t:1, i:20), leaderCommit=16, initializing? false, entries: <empty>
2019-09-16 18:01:08,386 [java.util.concurrent.ThreadPoolExecutor$Worker@9fec2f6[State = -1, empty queue]] WARN  server.GrpcLogAppender (GrpcLogAppender.java:timeoutAppendRequest(200)) - 7631069e-55aa-48aa-a80c-68f378536a45@group-D3A6482546DD->d2644fda-0f6b-4964-8120-db19826e02a4-GrpcLogAppender: appendEntries Timeout, request=7631069e-55aa-48aa-a80c-68f378536a45->d2644fda-0f6b-4964-8120-db19826e02a4#50-t1, previous=(t:1, i:20), leaderCommit=16, initializing? false, entries: <empty>
 0.00% |█                                                                                                    |  0/1 Time: 0:04:342019-09-16 18:01:08,465 [grpc-default-executor-2] INFO  client.GrpcClientProtocolClient (GrpcClientProtocolClient.java:onNext(264)) - client-19556C4CBA1B->59cccd2f-755e-4c45-a890-da01592df45f: receive RaftClientReply:client-19556C4CBA1B->59cccd2f-755e-4c45-a890-da01592df45f@group-D3A6482546DD, cid=40, FAILED org.apache.ratis.protocol.NotLeaderException: Server 59cccd2f-755e-4c45-a890-da01592df45f@group-D3A6482546DD is not the leader 7631069e-55aa-48aa-a80c-68f378536a45:192.168.157.233:39369, logIndex=0, commits[59cccd2f-755e-4c45-a890-da01592df45f:c16, 7631069e-55aa-48aa-a80c-68f378536a45:c16, d2644fda-0f6b-4964-8120-db19826e02a4:c14]
 0.00% |█                                                                                                    |  0/1 Time: 0:04:35 0.00% |█                                                                                                    |  0/1 Time: 0:04:362019-09-16 18:01:10,887 [java.util.concurrent.ThreadPoolExecutor$Worker@9fec2f6[State = -1, empty queue]] WARN  server.GrpcLogAppender (GrpcLogAppender.java:timeoutAppendRequest(200)) - 7631069e-55aa-48aa-a80c-68f378536a45@group-D3A6482546DD->d2644fda-0f6b-4964-8120-db19826e02a4-GrpcLogAppender: appendEntries Timeout, request=7631069e-55aa-48aa-a80c-68f378536a45->d2644fda-0f6b-4964-8120-db19826e02a4#51-t1, previous=(t:1, i:20), leaderCommit=16, initializing? false, entries: <empty>
2019-09-16 18:01:10,887 [java.util.concurrent.ThreadPoolExecutor$Worker@120e34ed[State = -1, empty queue]] WARN  server.GrpcLogAppender (GrpcLogAppender.java:timeoutAppendRequest(200)) - 7631069e-55aa-48aa-a80c-68f378536a45@group-D3A6482546DD->59cccd2f-755e-4c45-a890-da01592df45f-GrpcLogAppender: appendEntries Timeout, request=7631069e-55aa-48aa-a80c-68f378536a45->59cccd2f-755e-4c45-a890-da01592df45f#51-t1, previous=(t:1, i:20), leaderCommit=16, initializing? false, entries: <empty>
 0.00% |█                                                                                                    |  0/1 Time: 0:04:37 0.00% |█                                                                                                    |  0/1 Time: 0:04:382019-09-16 18:01:12,873 [59cccd2f-755e-4c45-a890-da01592df45f@group-D3A6482546DD-SegmentedRaftLogWorker] WARN  segmented.SegmentedRaftLogWorker (SegmentedRaftLogWorker.java:getFromFuture(90)) - Timeout 7/~
org.apache.ratis.protocol.TimeoutIOException: Timeout 10s: WriteLog:17: (t:1, i:17), STATEMACHINELOGENTRY, client-19556C4CBA1B, cid=40-writeStateMachineData
	at org.apache.ratis.util.IOUtils.getFromFuture(IOUtils.java:87)
	at org.apache.ratis.server.raftlog.segmented.SegmentedRaftLogWorker$StateMachineDataPolicy.getFromFuture(SegmentedRaftLogWorker.java:87)
	at org.apache.ratis.server.raftlog.segmented.SegmentedRaftLogWorker$WriteLog.execute(SegmentedRaftLogWorker.java:477)
	at org.apache.ratis.server.raftlog.segmented.SegmentedRaftLogWorker.run(SegmentedRaftLogWorker.java:289)
	at java.lang.Thread.run(Thread.java:748)
Caused by: java.util.concurrent.TimeoutException
	at java.util.concurrent.CompletableFuture.timedGet(CompletableFuture.java:1771)
	at java.util.concurrent.CompletableFuture.get(CompletableFuture.java:1915)
	at org.apache.ratis.util.IOUtils.getFromFuture(IOUtils.java:79)
	... 4 more
2019-09-16 18:01:13,013 [7631069e-55aa-48aa-a80c-68f378536a45@group-D3A6482546DD-SegmentedRaftLogWorker] WARN  segmented.SegmentedRaftLogWorker (SegmentedRaftLogWorker.java:getFromFuture(90)) - Timeout 7/~
org.apache.ratis.protocol.TimeoutIOException: Timeout 10s: WriteLog:19: (t:1, i:19), STATEMACHINELOGENTRY, client-19556C4CBA1B, cid=42-writeStateMachineData
	at org.apache.ratis.util.IOUtils.getFromFuture(IOUtils.java:87)
	at org.apache.ratis.server.raftlog.segmented.SegmentedRaftLogWorker$StateMachineDataPolicy.getFromFuture(SegmentedRaftLogWorker.java:87)
	at org.apache.ratis.server.raftlog.segmented.SegmentedRaftLogWorker$WriteLog.execute(SegmentedRaftLogWorker.java:477)
	at org.apache.ratis.server.raftlog.segmented.SegmentedRaftLogWorker.run(SegmentedRaftLogWorker.java:289)
	at java.lang.Thread.run(Thread.java:748)
Caused by: java.util.concurrent.TimeoutException
	at java.util.concurrent.CompletableFuture.timedGet(CompletableFuture.java:1771)
	at java.util.concurrent.CompletableFuture.get(CompletableFuture.java:1915)
	at org.apache.ratis.util.IOUtils.getFromFuture(IOUtils.java:79)
	... 4 more
2019-09-16 18:01:13,014 [d2644fda-0f6b-4964-8120-db19826e02a4@group-D3A6482546DD-SegmentedRaftLogWorker] WARN  segmented.SegmentedRaftLogWorker (SegmentedRaftLogWorker.java:getFromFuture(90)) - Timeout 7/~
org.apache.ratis.protocol.TimeoutIOException: Timeout 10s: WriteLog:19: (t:1, i:19), STATEMACHINELOGENTRY, client-19556C4CBA1B, cid=42-writeStateMachineData
	at org.apache.ratis.util.IOUtils.getFromFuture(IOUtils.java:87)
	at org.apache.ratis.server.raftlog.segmented.SegmentedRaftLogWorker$StateMachineDataPolicy.getFromFuture(SegmentedRaftLogWorker.java:87)
	at org.apache.ratis.server.raftlog.segmented.SegmentedRaftLogWorker$WriteLog.execute(SegmentedRaftLogWorker.java:477)
	at org.apache.ratis.server.raftlog.segmented.SegmentedRaftLogWorker.run(SegmentedRaftLogWorker.java:289)
	at java.lang.Thread.run(Thread.java:748)
Caused by: java.util.concurrent.TimeoutException
	at java.util.concurrent.CompletableFuture.timedGet(CompletableFuture.java:1771)
	at java.util.concurrent.CompletableFuture.get(CompletableFuture.java:1915)
	at org.apache.ratis.util.IOUtils.getFromFuture(IOUtils.java:79)
	... 4 more
2019-09-16 18:01:13,388 [java.util.concurrent.ThreadPoolExecutor$Worker@120e34ed[State = -1, empty queue]] WARN  server.GrpcLogAppender (GrpcLogAppender.java:timeoutAppendRequest(200)) - 7631069e-55aa-48aa-a80c-68f378536a45@group-D3A6482546DD->59cccd2f-755e-4c45-a890-da01592df45f-GrpcLogAppender: appendEntries Timeout, request=7631069e-55aa-48aa-a80c-68f378536a45->59cccd2f-755e-4c45-a890-da01592df45f#52-t1, previous=(t:1, i:20), leaderCommit=16, initializing? false, entries: <empty>
2019-09-16 18:01:13,388 [java.util.concurrent.ThreadPoolExecutor$Worker@9fec2f6[State = -1, empty queue]] WARN  server.GrpcLogAppender (GrpcLogAppender.java:timeoutAppendRequest(200)) - 7631069e-55aa-48aa-a80c-68f378536a45@group-D3A6482546DD->d2644fda-0f6b-4964-8120-db19826e02a4-GrpcLogAppender: appendEntries Timeout, request=7631069e-55aa-48aa-a80c-68f378536a45->d2644fda-0f6b-4964-8120-db19826e02a4#52-t1, previous=(t:1, i:20), leaderCommit=16, initializing? false, entries: <empty>
 0.00% |█                                                                                                    |  0/1 Time: 0:04:392019-09-16 18:01:13,509 [grpc-default-executor-3] INFO  client.GrpcClientProtocolClient (GrpcClientProtocolClient.java:onNext(264)) - client-19556C4CBA1B->59cccd2f-755e-4c45-a890-da01592df45f: receive RaftClientReply:client-19556C4CBA1B->59cccd2f-755e-4c45-a890-da01592df45f@group-D3A6482546DD, cid=40, FAILED org.apache.ratis.protocol.NotLeaderException: Server 59cccd2f-755e-4c45-a890-da01592df45f@group-D3A6482546DD is not the leader 7631069e-55aa-48aa-a80c-68f378536a45:192.168.157.233:39369, logIndex=0, commits[59cccd2f-755e-4c45-a890-da01592df45f:c16, 7631069e-55aa-48aa-a80c-68f378536a45:c16, d2644fda-0f6b-4964-8120-db19826e02a4:c14]
 0.00% |█                                                                                                    |  0/1 Time: 0:04:40 0.00% |█                                                                                                    |  0/1 Time: 0:04:412019-09-16 18:01:15,890 [java.util.concurrent.ThreadPoolExecutor$Worker@9fec2f6[State = -1, empty queue]] WARN  server.GrpcLogAppender (GrpcLogAppender.java:timeoutAppendRequest(200)) - 7631069e-55aa-48aa-a80c-68f378536a45@group-D3A6482546DD->d2644fda-0f6b-4964-8120-db19826e02a4-GrpcLogAppender: appendEntries Timeout, request=7631069e-55aa-48aa-a80c-68f378536a45->d2644fda-0f6b-4964-8120-db19826e02a4#53-t1, previous=(t:1, i:20), leaderCommit=16, initializing? false, entries: <empty>
2019-09-16 18:01:15,890 [java.util.concurrent.ThreadPoolExecutor$Worker@120e34ed[State = -1, empty queue]] WARN  server.GrpcLogAppender (GrpcLogAppender.java:timeoutAppendRequest(200)) - 7631069e-55aa-48aa-a80c-68f378536a45@group-D3A6482546DD->59cccd2f-755e-4c45-a890-da01592df45f-GrpcLogAppender: appendEntries Timeout, request=7631069e-55aa-48aa-a80c-68f378536a45->59cccd2f-755e-4c45-a890-da01592df45f#53-t1, previous=(t:1, i:20), leaderCommit=16, initializing? false, entries: <empty>
 0.00% |█                                                                                                    |  0/1 Time: 0:04:42 0.00% |█                                                                                                    |  0/1 Time: 0:04:432019-09-16 18:01:18,392 [java.util.concurrent.ThreadPoolExecutor$Worker@120e34ed[State = -1, empty queue]] WARN  server.GrpcLogAppender (GrpcLogAppender.java:timeoutAppendRequest(200)) - 7631069e-55aa-48aa-a80c-68f378536a45@group-D3A6482546DD->59cccd2f-755e-4c45-a890-da01592df45f-GrpcLogAppender: appendEntries Timeout, request=7631069e-55aa-48aa-a80c-68f378536a45->59cccd2f-755e-4c45-a890-da01592df45f#54-t1, previous=(t:1, i:20), leaderCommit=16, initializing? false, entries: <empty>
2019-09-16 18:01:18,392 [java.util.concurrent.ThreadPoolExecutor$Worker@9fec2f6[State = -1, empty queue]] WARN  server.GrpcLogAppender (GrpcLogAppender.java:timeoutAppendRequest(200)) - 7631069e-55aa-48aa-a80c-68f378536a45@group-D3A6482546DD->d2644fda-0f6b-4964-8120-db19826e02a4-GrpcLogAppender: appendEntries Timeout, request=7631069e-55aa-48aa-a80c-68f378536a45->d2644fda-0f6b-4964-8120-db19826e02a4#54-t1, previous=(t:1, i:20), leaderCommit=16, initializing? false, entries: <empty>
 0.00% |█                                                                                                    |  0/1 Time: 0:04:442019-09-16 18:01:18,559 [grpc-default-executor-3] INFO  client.GrpcClientProtocolClient (GrpcClientProtocolClient.java:onNext(264)) - client-19556C4CBA1B->59cccd2f-755e-4c45-a890-da01592df45f: receive RaftClientReply:client-19556C4CBA1B->59cccd2f-755e-4c45-a890-da01592df45f@group-D3A6482546DD, cid=40, FAILED org.apache.ratis.protocol.NotLeaderException: Server 59cccd2f-755e-4c45-a890-da01592df45f@group-D3A6482546DD is not the leader 7631069e-55aa-48aa-a80c-68f378536a45:192.168.157.233:39369, logIndex=0, commits[59cccd2f-755e-4c45-a890-da01592df45f:c16, 7631069e-55aa-48aa-a80c-68f378536a45:c16, d2644fda-0f6b-4964-8120-db19826e02a4:c14]
 0.00% |█                                                                                                    |  0/1 Time: 0:04:45 0.00% |█                                                                                                    |  0/1 Time: 0:04:462019-09-16 18:01:20,895 [java.util.concurrent.ThreadPoolExecutor$Worker@120e34ed[State = -1, empty queue]] WARN  server.GrpcLogAppender (GrpcLogAppender.java:timeoutAppendRequest(200)) - 7631069e-55aa-48aa-a80c-68f378536a45@group-D3A6482546DD->59cccd2f-755e-4c45-a890-da01592df45f-GrpcLogAppender: appendEntries Timeout, request=7631069e-55aa-48aa-a80c-68f378536a45->59cccd2f-755e-4c45-a890-da01592df45f#55-t1, previous=(t:1, i:20), leaderCommit=16, initializing? false, entries: <empty>
2019-09-16 18:01:20,895 [java.util.concurrent.ThreadPoolExecutor$Worker@9fec2f6[State = -1, empty queue]] WARN  server.GrpcLogAppender (GrpcLogAppender.java:timeoutAppendRequest(200)) - 7631069e-55aa-48aa-a80c-68f378536a45@group-D3A6482546DD->d2644fda-0f6b-4964-8120-db19826e02a4-GrpcLogAppender: appendEntries Timeout, request=7631069e-55aa-48aa-a80c-68f378536a45->d2644fda-0f6b-4964-8120-db19826e02a4#55-t1, previous=(t:1, i:20), leaderCommit=16, initializing? false, entries: <empty>
 0.00% |█                                                                                                    |  0/1 Time: 0:04:47 0.00% |█                                                                                                    |  0/1 Time: 0:04:482019-09-16 18:01:22,875 [59cccd2f-755e-4c45-a890-da01592df45f@group-D3A6482546DD-SegmentedRaftLogWorker] WARN  segmented.SegmentedRaftLogWorker (SegmentedRaftLogWorker.java:getFromFuture(90)) - Timeout 8/~
org.apache.ratis.protocol.TimeoutIOException: Timeout 10s: WriteLog:17: (t:1, i:17), STATEMACHINELOGENTRY, client-19556C4CBA1B, cid=40-writeStateMachineData
	at org.apache.ratis.util.IOUtils.getFromFuture(IOUtils.java:87)
	at org.apache.ratis.server.raftlog.segmented.SegmentedRaftLogWorker$StateMachineDataPolicy.getFromFuture(SegmentedRaftLogWorker.java:87)
	at org.apache.ratis.server.raftlog.segmented.SegmentedRaftLogWorker$WriteLog.execute(SegmentedRaftLogWorker.java:477)
	at org.apache.ratis.server.raftlog.segmented.SegmentedRaftLogWorker.run(SegmentedRaftLogWorker.java:289)
	at java.lang.Thread.run(Thread.java:748)
Caused by: java.util.concurrent.TimeoutException
	at java.util.concurrent.CompletableFuture.timedGet(CompletableFuture.java:1771)
	at java.util.concurrent.CompletableFuture.get(CompletableFuture.java:1915)
	at org.apache.ratis.util.IOUtils.getFromFuture(IOUtils.java:79)
	... 4 more
2019-09-16 18:01:23,014 [7631069e-55aa-48aa-a80c-68f378536a45@group-D3A6482546DD-SegmentedRaftLogWorker] WARN  segmented.SegmentedRaftLogWorker (SegmentedRaftLogWorker.java:getFromFuture(90)) - Timeout 8/~
org.apache.ratis.protocol.TimeoutIOException: Timeout 10s: WriteLog:19: (t:1, i:19), STATEMACHINELOGENTRY, client-19556C4CBA1B, cid=42-writeStateMachineData
	at org.apache.ratis.util.IOUtils.getFromFuture(IOUtils.java:87)
	at org.apache.ratis.server.raftlog.segmented.SegmentedRaftLogWorker$StateMachineDataPolicy.getFromFuture(SegmentedRaftLogWorker.java:87)
	at org.apache.ratis.server.raftlog.segmented.SegmentedRaftLogWorker$WriteLog.execute(SegmentedRaftLogWorker.java:477)
	at org.apache.ratis.server.raftlog.segmented.SegmentedRaftLogWorker.run(SegmentedRaftLogWorker.java:289)
	at java.lang.Thread.run(Thread.java:748)
Caused by: java.util.concurrent.TimeoutException
	at java.util.concurrent.CompletableFuture.timedGet(CompletableFuture.java:1771)
	at java.util.concurrent.CompletableFuture.get(CompletableFuture.java:1915)
	at org.apache.ratis.util.IOUtils.getFromFuture(IOUtils.java:79)
	... 4 more
2019-09-16 18:01:23,015 [d2644fda-0f6b-4964-8120-db19826e02a4@group-D3A6482546DD-SegmentedRaftLogWorker] WARN  segmented.SegmentedRaftLogWorker (SegmentedRaftLogWorker.java:getFromFuture(90)) - Timeout 8/~
org.apache.ratis.protocol.TimeoutIOException: Timeout 10s: WriteLog:19: (t:1, i:19), STATEMACHINELOGENTRY, client-19556C4CBA1B, cid=42-writeStateMachineData
	at org.apache.ratis.util.IOUtils.getFromFuture(IOUtils.java:87)
	at org.apache.ratis.server.raftlog.segmented.SegmentedRaftLogWorker$StateMachineDataPolicy.getFromFuture(SegmentedRaftLogWorker.java:87)
	at org.apache.ratis.server.raftlog.segmented.SegmentedRaftLogWorker$WriteLog.execute(SegmentedRaftLogWorker.java:477)
	at org.apache.ratis.server.raftlog.segmented.SegmentedRaftLogWorker.run(SegmentedRaftLogWorker.java:289)
	at java.lang.Thread.run(Thread.java:748)
Caused by: java.util.concurrent.TimeoutException
	at java.util.concurrent.CompletableFuture.timedGet(CompletableFuture.java:1771)
	at java.util.concurrent.CompletableFuture.get(CompletableFuture.java:1915)
	at org.apache.ratis.util.IOUtils.getFromFuture(IOUtils.java:79)
	... 4 more
2019-09-16 18:01:23,399 [java.util.concurrent.ThreadPoolExecutor$Worker@120e34ed[State = -1, empty queue]] WARN  server.GrpcLogAppender (GrpcLogAppender.java:timeoutAppendRequest(200)) - 7631069e-55aa-48aa-a80c-68f378536a45@group-D3A6482546DD->59cccd2f-755e-4c45-a890-da01592df45f-GrpcLogAppender: appendEntries Timeout, request=7631069e-55aa-48aa-a80c-68f378536a45->59cccd2f-755e-4c45-a890-da01592df45f#56-t1, previous=(t:1, i:20), leaderCommit=16, initializing? false, entries: <empty>
2019-09-16 18:01:23,399 [java.util.concurrent.ThreadPoolExecutor$Worker@9fec2f6[State = -1, empty queue]] WARN  server.GrpcLogAppender (GrpcLogAppender.java:timeoutAppendRequest(200)) - 7631069e-55aa-48aa-a80c-68f378536a45@group-D3A6482546DD->d2644fda-0f6b-4964-8120-db19826e02a4-GrpcLogAppender: appendEntries Timeout, request=7631069e-55aa-48aa-a80c-68f378536a45->d2644fda-0f6b-4964-8120-db19826e02a4#56-t1, previous=(t:1, i:20), leaderCommit=16, initializing? false, entries: <empty>
 0.00% |█                                                                                                    |  0/1 Time: 0:04:492019-09-16 18:01:23,601 [grpc-default-executor-3] INFO  client.GrpcClientProtocolClient (GrpcClientProtocolClient.java:onNext(264)) - client-19556C4CBA1B->59cccd2f-755e-4c45-a890-da01592df45f: receive RaftClientReply:client-19556C4CBA1B->59cccd2f-755e-4c45-a890-da01592df45f@group-D3A6482546DD, cid=40, FAILED org.apache.ratis.protocol.NotLeaderException: Server 59cccd2f-755e-4c45-a890-da01592df45f@group-D3A6482546DD is not the leader 7631069e-55aa-48aa-a80c-68f378536a45:192.168.157.233:39369, logIndex=0, commits[59cccd2f-755e-4c45-a890-da01592df45f:c16, 7631069e-55aa-48aa-a80c-68f378536a45:c16, d2644fda-0f6b-4964-8120-db19826e02a4:c14]
 0.00% |█                                                                                                    |  0/1 Time: 0:04:50 0.00% |█                                                                                                    |  0/1 Time: 0:04:512019-09-16 18:01:25,900 [java.util.concurrent.ThreadPoolExecutor$Worker@120e34ed[State = -1, empty queue]] WARN  server.GrpcLogAppender (GrpcLogAppender.java:timeoutAppendRequest(200)) - 7631069e-55aa-48aa-a80c-68f378536a45@group-D3A6482546DD->59cccd2f-755e-4c45-a890-da01592df45f-GrpcLogAppender: appendEntries Timeout, request=7631069e-55aa-48aa-a80c-68f378536a45->59cccd2f-755e-4c45-a890-da01592df45f#57-t1, previous=(t:1, i:20), leaderCommit=16, initializing? false, entries: <empty>
2019-09-16 18:01:25,900 [java.util.concurrent.ThreadPoolExecutor$Worker@9fec2f6[State = -1, empty queue]] WARN  server.GrpcLogAppender (GrpcLogAppender.java:timeoutAppendRequest(200)) - 7631069e-55aa-48aa-a80c-68f378536a45@group-D3A6482546DD->d2644fda-0f6b-4964-8120-db19826e02a4-GrpcLogAppender: appendEntries Timeout, request=7631069e-55aa-48aa-a80c-68f378536a45->d2644fda-0f6b-4964-8120-db19826e02a4#57-t1, previous=(t:1, i:20), leaderCommit=16, initializing? false, entries: <empty>
 0.00% |█                                                                                                    |  0/1 Time: 0:04:52 0.00% |█                                                                                                    |  0/1 Time: 0:04:532019-09-16 18:01:28,401 [java.util.concurrent.ThreadPoolExecutor$Worker@9fec2f6[State = -1, empty queue]] WARN  server.GrpcLogAppender (GrpcLogAppender.java:timeoutAppendRequest(200)) - 7631069e-55aa-48aa-a80c-68f378536a45@group-D3A6482546DD->d2644fda-0f6b-4964-8120-db19826e02a4-GrpcLogAppender: appendEntries Timeout, request=7631069e-55aa-48aa-a80c-68f378536a45->d2644fda-0f6b-4964-8120-db19826e02a4#58-t1, previous=(t:1, i:20), leaderCommit=16, initializing? false, entries: <empty>
2019-09-16 18:01:28,401 [java.util.concurrent.ThreadPoolExecutor$Worker@120e34ed[State = -1, empty queue]] WARN  server.GrpcLogAppender (GrpcLogAppender.java:timeoutAppendRequest(200)) - 7631069e-55aa-48aa-a80c-68f378536a45@group-D3A6482546DD->59cccd2f-755e-4c45-a890-da01592df45f-GrpcLogAppender: appendEntries Timeout, request=7631069e-55aa-48aa-a80c-68f378536a45->59cccd2f-755e-4c45-a890-da01592df45f#58-t1, previous=(t:1, i:20), leaderCommit=16, initializing? false, entries: <empty>
 0.00% |█                                                                                                    |  0/1 Time: 0:04:542019-09-16 18:01:28,645 [grpc-default-executor-1] INFO  client.GrpcClientProtocolClient (GrpcClientProtocolClient.java:onNext(264)) - client-19556C4CBA1B->59cccd2f-755e-4c45-a890-da01592df45f: receive RaftClientReply:client-19556C4CBA1B->59cccd2f-755e-4c45-a890-da01592df45f@group-D3A6482546DD, cid=40, FAILED org.apache.ratis.protocol.NotLeaderException: Server 59cccd2f-755e-4c45-a890-da01592df45f@group-D3A6482546DD is not the leader 7631069e-55aa-48aa-a80c-68f378536a45:192.168.157.233:39369, logIndex=0, commits[59cccd2f-755e-4c45-a890-da01592df45f:c16, 7631069e-55aa-48aa-a80c-68f378536a45:c16, d2644fda-0f6b-4964-8120-db19826e02a4:c14]
 0.00% |█                                                                                                    |  0/1 Time: 0:04:55 0.00% |█                                                                                                    |  0/1 Time: 0:04:562019-09-16 18:01:30,904 [java.util.concurrent.ThreadPoolExecutor$Worker@9fec2f6[State = -1, empty queue]] WARN  server.GrpcLogAppender (GrpcLogAppender.java:timeoutAppendRequest(200)) - 7631069e-55aa-48aa-a80c-68f378536a45@group-D3A6482546DD->d2644fda-0f6b-4964-8120-db19826e02a4-GrpcLogAppender: appendEntries Timeout, request=7631069e-55aa-48aa-a80c-68f378536a45->d2644fda-0f6b-4964-8120-db19826e02a4#59-t1, previous=(t:1, i:20), leaderCommit=16, initializing? false, entries: <empty>
2019-09-16 18:01:30,904 [java.util.concurrent.ThreadPoolExecutor$Worker@120e34ed[State = -1, empty queue]] WARN  server.GrpcLogAppender (GrpcLogAppender.java:timeoutAppendRequest(200)) - 7631069e-55aa-48aa-a80c-68f378536a45@group-D3A6482546DD->59cccd2f-755e-4c45-a890-da01592df45f-GrpcLogAppender: appendEntries Timeout, request=7631069e-55aa-48aa-a80c-68f378536a45->59cccd2f-755e-4c45-a890-da01592df45f#59-t1, previous=(t:1, i:20), leaderCommit=16, initializing? false, entries: <empty>
 0.00% |█                                                                                                    |  0/1 Time: 0:04:57 0.00% |█                                                                                                    |  0/1 Time: 0:04:582019-09-16 18:01:32,877 [59cccd2f-755e-4c45-a890-da01592df45f@group-D3A6482546DD-SegmentedRaftLogWorker] WARN  segmented.SegmentedRaftLogWorker (SegmentedRaftLogWorker.java:getFromFuture(90)) - Timeout 9/~
org.apache.ratis.protocol.TimeoutIOException: Timeout 10s: WriteLog:17: (t:1, i:17), STATEMACHINELOGENTRY, client-19556C4CBA1B, cid=40-writeStateMachineData
	at org.apache.ratis.util.IOUtils.getFromFuture(IOUtils.java:87)
	at org.apache.ratis.server.raftlog.segmented.SegmentedRaftLogWorker$StateMachineDataPolicy.getFromFuture(SegmentedRaftLogWorker.java:87)
	at org.apache.ratis.server.raftlog.segmented.SegmentedRaftLogWorker$WriteLog.execute(SegmentedRaftLogWorker.java:477)
	at org.apache.ratis.server.raftlog.segmented.SegmentedRaftLogWorker.run(SegmentedRaftLogWorker.java:289)
	at java.lang.Thread.run(Thread.java:748)
Caused by: java.util.concurrent.TimeoutException
	at java.util.concurrent.CompletableFuture.timedGet(CompletableFuture.java:1771)
	at java.util.concurrent.CompletableFuture.get(CompletableFuture.java:1915)
	at org.apache.ratis.util.IOUtils.getFromFuture(IOUtils.java:79)
	... 4 more
2019-09-16 18:01:33,016 [7631069e-55aa-48aa-a80c-68f378536a45@group-D3A6482546DD-SegmentedRaftLogWorker] WARN  segmented.SegmentedRaftLogWorker (SegmentedRaftLogWorker.java:getFromFuture(90)) - Timeout 9/~
org.apache.ratis.protocol.TimeoutIOException: Timeout 10s: WriteLog:19: (t:1, i:19), STATEMACHINELOGENTRY, client-19556C4CBA1B, cid=42-writeStateMachineData
	at org.apache.ratis.util.IOUtils.getFromFuture(IOUtils.java:87)
	at org.apache.ratis.server.raftlog.segmented.SegmentedRaftLogWorker$StateMachineDataPolicy.getFromFuture(SegmentedRaftLogWorker.java:87)
	at org.apache.ratis.server.raftlog.segmented.SegmentedRaftLogWorker$WriteLog.execute(SegmentedRaftLogWorker.java:477)
	at org.apache.ratis.server.raftlog.segmented.SegmentedRaftLogWorker.run(SegmentedRaftLogWorker.java:289)
	at java.lang.Thread.run(Thread.java:748)
Caused by: java.util.concurrent.TimeoutException
	at java.util.concurrent.CompletableFuture.timedGet(CompletableFuture.java:1771)
	at java.util.concurrent.CompletableFuture.get(CompletableFuture.java:1915)
	at org.apache.ratis.util.IOUtils.getFromFuture(IOUtils.java:79)
	... 4 more
2019-09-16 18:01:33,016 [d2644fda-0f6b-4964-8120-db19826e02a4@group-D3A6482546DD-SegmentedRaftLogWorker] WARN  segmented.SegmentedRaftLogWorker (SegmentedRaftLogWorker.java:getFromFuture(90)) - Timeout 9/~
org.apache.ratis.protocol.TimeoutIOException: Timeout 10s: WriteLog:19: (t:1, i:19), STATEMACHINELOGENTRY, client-19556C4CBA1B, cid=42-writeStateMachineData
	at org.apache.ratis.util.IOUtils.getFromFuture(IOUtils.java:87)
	at org.apache.ratis.server.raftlog.segmented.SegmentedRaftLogWorker$StateMachineDataPolicy.getFromFuture(SegmentedRaftLogWorker.java:87)
	at org.apache.ratis.server.raftlog.segmented.SegmentedRaftLogWorker$WriteLog.execute(SegmentedRaftLogWorker.java:477)
	at org.apache.ratis.server.raftlog.segmented.SegmentedRaftLogWorker.run(SegmentedRaftLogWorker.java:289)
	at java.lang.Thread.run(Thread.java:748)
Caused by: java.util.concurrent.TimeoutException
	at java.util.concurrent.CompletableFuture.timedGet(CompletableFuture.java:1771)
	at java.util.concurrent.CompletableFuture.get(CompletableFuture.java:1915)
	at org.apache.ratis.util.IOUtils.getFromFuture(IOUtils.java:79)
	... 4 more
2019-09-16 18:01:33,406 [java.util.concurrent.ThreadPoolExecutor$Worker@120e34ed[State = -1, empty queue]] WARN  server.GrpcLogAppender (GrpcLogAppender.java:timeoutAppendRequest(200)) - 7631069e-55aa-48aa-a80c-68f378536a45@group-D3A6482546DD->59cccd2f-755e-4c45-a890-da01592df45f-GrpcLogAppender: appendEntries Timeout, request=7631069e-55aa-48aa-a80c-68f378536a45->59cccd2f-755e-4c45-a890-da01592df45f#60-t1, previous=(t:1, i:20), leaderCommit=16, initializing? false, entries: <empty>
2019-09-16 18:01:33,406 [java.util.concurrent.ThreadPoolExecutor$Worker@9fec2f6[State = -1, empty queue]] WARN  server.GrpcLogAppender (GrpcLogAppender.java:timeoutAppendRequest(200)) - 7631069e-55aa-48aa-a80c-68f378536a45@group-D3A6482546DD->d2644fda-0f6b-4964-8120-db19826e02a4-GrpcLogAppender: appendEntries Timeout, request=7631069e-55aa-48aa-a80c-68f378536a45->d2644fda-0f6b-4964-8120-db19826e02a4#60-t1, previous=(t:1, i:20), leaderCommit=16, initializing? false, entries: <empty>
 0.00% |█                                                                                                    |  0/1 Time: 0:04:592019-09-16 18:01:33,687 [grpc-default-executor-2] INFO  client.GrpcClientProtocolClient (GrpcClientProtocolClient.java:onNext(264)) - client-19556C4CBA1B->d2644fda-0f6b-4964-8120-db19826e02a4: receive RaftClientReply:client-19556C4CBA1B->d2644fda-0f6b-4964-8120-db19826e02a4@group-D3A6482546DD, cid=40, FAILED org.apache.ratis.protocol.NotLeaderException: Server d2644fda-0f6b-4964-8120-db19826e02a4@group-D3A6482546DD is not the leader 7631069e-55aa-48aa-a80c-68f378536a45:192.168.157.233:39369, logIndex=0, commits[d2644fda-0f6b-4964-8120-db19826e02a4:c16, 7631069e-55aa-48aa-a80c-68f378536a45:c16, 59cccd2f-755e-4c45-a890-da01592df45f:c14]
 0.00% |█                                                                                                    |  0/1 Time: 0:05:00 0.00% |█                                                                                                    |  0/1 Time: 0:05:012019-09-16 18:01:35,555 [ReplicationMonitor] INFO  container.ReplicationManager (ReplicationManager.java:forceCloseContainer(464)) - Force closing container #1 with BCSID 12, which is in QUASI_CLOSED state.
2019-09-16 18:01:35,557 [ReplicationMonitor] INFO  container.ReplicationManager (ReplicationManager.java:sendCloseCommand(659)) - Sending close container command for container #1 to datanode 59cccd2f-755e-4c45-a890-da01592df45f{ip: 192.168.157.233, host: pr-hdds-2120-x62sn-1884063469, networkLocation: /default-rack, certSerialId: null}.
2019-09-16 18:01:35,558 [ReplicationMonitor] INFO  container.ReplicationManager (ReplicationManager.java:sendCloseCommand(659)) - Sending close container command for container #1 to datanode 7631069e-55aa-48aa-a80c-68f378536a45{ip: 192.168.157.233, host: pr-hdds-2120-x62sn-1884063469, networkLocation: /default-rack, certSerialId: null}.
2019-09-16 18:01:35,558 [ReplicationMonitor] INFO  container.ReplicationManager (ReplicationManager.java:sendCloseCommand(659)) - Sending close container command for container #1 to datanode d2644fda-0f6b-4964-8120-db19826e02a4{ip: 192.168.157.233, host: pr-hdds-2120-x62sn-1884063469, networkLocation: /default-rack, certSerialId: null}.
2019-09-16 18:01:35,558 [ReplicationMonitor] INFO  container.ReplicationManager (ReplicationManager.java:forceCloseContainer(464)) - Force closing container #2 with BCSID 0, which is in QUASI_CLOSED state.
2019-09-16 18:01:35,558 [ReplicationMonitor] INFO  container.ReplicationManager (ReplicationManager.java:sendCloseCommand(659)) - Sending close container command for container #2 to datanode d2644fda-0f6b-4964-8120-db19826e02a4{ip: 192.168.157.233, host: pr-hdds-2120-x62sn-1884063469, networkLocation: /default-rack, certSerialId: null}.
2019-09-16 18:01:35,559 [ReplicationMonitor] INFO  container.ReplicationManager (ReplicationManager.java:sendCloseCommand(659)) - Sending close container command for container #2 to datanode 59cccd2f-755e-4c45-a890-da01592df45f{ip: 192.168.157.233, host: pr-hdds-2120-x62sn-1884063469, networkLocation: /default-rack, certSerialId: null}.
2019-09-16 18:01:35,559 [ReplicationMonitor] INFO  container.ReplicationManager (ReplicationManager.java:sendCloseCommand(659)) - Sending close container command for container #2 to datanode 7631069e-55aa-48aa-a80c-68f378536a45{ip: 192.168.157.233, host: pr-hdds-2120-x62sn-1884063469, networkLocation: /default-rack, certSerialId: null}.
2019-09-16 18:01:35,559 [ReplicationMonitor] INFO  container.ReplicationManager (ReplicationManager.java:run(225)) - Replication Monitor Thread took 14 milliseconds for processing 5 containers.
2019-09-16 18:01:35,907 [java.util.concurrent.ThreadPoolExecutor$Worker@9fec2f6[State = -1, empty queue]] WARN  server.GrpcLogAppender (GrpcLogAppender.java:timeoutAppendRequest(200)) - 7631069e-55aa-48aa-a80c-68f378536a45@group-D3A6482546DD->d2644fda-0f6b-4964-8120-db19826e02a4-GrpcLogAppender: appendEntries Timeout, request=7631069e-55aa-48aa-a80c-68f378536a45->d2644fda-0f6b-4964-8120-db19826e02a4#61-t1, previous=(t:1, i:20), leaderCommit=16, initializing? false, entries: <empty>
2019-09-16 18:01:35,907 [java.util.concurrent.ThreadPoolExecutor$Worker@120e34ed[State = -1, empty queue]] WARN  server.GrpcLogAppender (GrpcLogAppender.java:timeoutAppendRequest(200)) - 7631069e-55aa-48aa-a80c-68f378536a45@group-D3A6482546DD->59cccd2f-755e-4c45-a890-da01592df45f-GrpcLogAppender: appendEntries Timeout, request=7631069e-55aa-48aa-a80c-68f378536a45->59cccd2f-755e-4c45-a890-da01592df45f#61-t1, previous=(t:1, i:20), leaderCommit=16, initializing? false, entries: <empty>
 0.00% |█                                                                                                    |  0/1 Time: 0:05:022019-09-16 18:01:37,011 [Command processor thread] INFO  interfaces.Container (KeyValueContainer.java:flushAndSyncDB(386)) - Container 1 is synced with bcsId 12.
2019-09-16 18:01:37,015 [Command processor thread] INFO  interfaces.Container (KeyValueContainer.java:flushAndSyncDB(386)) - Container 1 is synced with bcsId 12.
2019-09-16 18:01:37,015 [Command processor thread] INFO  interfaces.Container (KeyValueContainer.java:flushAndSyncDB(386)) - Container 1 is synced with bcsId 12.
2019-09-16 18:01:37,015 [Command processor thread] INFO  interfaces.Container (KeyValueContainer.java:flushAndSyncDB(386)) - Container 1 is synced with bcsId 12.
2019-09-16 18:01:37,042 [Command processor thread] INFO  interfaces.Container (KeyValueContainer.java:close(335)) - Container 1 is closed with bcsId 12.
2019-09-16 18:01:37,042 [Command processor thread] INFO  interfaces.Container (KeyValueContainer.java:close(335)) - Container 1 is closed with bcsId 12.
2019-09-16 18:01:37,042 [Command processor thread] INFO  interfaces.Container (KeyValueContainer.java:flushAndSyncDB(386)) - Container 2 is synced with bcsId 0.
2019-09-16 18:01:37,042 [Command processor thread] INFO  interfaces.Container (KeyValueContainer.java:flushAndSyncDB(386)) - Container 2 is synced with bcsId 0.
2019-09-16 18:01:37,042 [Command processor thread] INFO  interfaces.Container (KeyValueContainer.java:flushAndSyncDB(386)) - Container 2 is synced with bcsId 0.
2019-09-16 18:01:37,042 [Command processor thread] INFO  interfaces.Container (KeyValueContainer.java:flushAndSyncDB(386)) - Container 2 is synced with bcsId 0.
2019-09-16 18:01:37,044 [EventQueue-IncrementalContainerReportForIncrementalContainerReportHandler] INFO  container.IncrementalContainerReportHandler (AbstractContainerReportHandler.java:updateContainerState(202)) - Moving container #1 to CLOSED state, datanode 59cccd2f-755e-4c45-a890-da01592df45f{ip: 192.168.157.233, host: pr-hdds-2120-x62sn-1884063469, networkLocation: /default-rack, certSerialId: null} reported CLOSED replica.
2019-09-16 18:01:37,069 [Command processor thread] INFO  interfaces.Container (KeyValueContainer.java:close(335)) - Container 2 is closed with bcsId 0.
2019-09-16 18:01:37,069 [Command processor thread] INFO  interfaces.Container (KeyValueContainer.java:close(335)) - Container 2 is closed with bcsId 0.
2019-09-16 18:01:37,070 [EventQueue-IncrementalContainerReportForIncrementalContainerReportHandler] INFO  container.IncrementalContainerReportHandler (AbstractContainerReportHandler.java:updateContainerState(202)) - Moving container #2 to CLOSED state, datanode 7631069e-55aa-48aa-a80c-68f378536a45{ip: 192.168.157.233, host: pr-hdds-2120-x62sn-1884063469, networkLocation: /default-rack, certSerialId: null} reported CLOSED replica.
 0.00% |█                                                                                                    |  0/1 Time: 0:05:032019-09-16 18:01:38,016 [Command processor thread] INFO  interfaces.Container (KeyValueContainer.java:flushAndSyncDB(386)) - Container 1 is synced with bcsId 12.
2019-09-16 18:01:38,017 [Command processor thread] INFO  interfaces.Container (KeyValueContainer.java:flushAndSyncDB(386)) - Container 1 is synced with bcsId 12.
2019-09-16 18:01:38,033 [Command processor thread] INFO  interfaces.Container (KeyValueContainer.java:close(335)) - Container 1 is closed with bcsId 12.
2019-09-16 18:01:38,033 [Command processor thread] INFO  interfaces.Container (KeyValueContainer.java:flushAndSyncDB(386)) - Container 2 is synced with bcsId 0.
2019-09-16 18:01:38,034 [Command processor thread] INFO  interfaces.Container (KeyValueContainer.java:flushAndSyncDB(386)) - Container 2 is synced with bcsId 0.
2019-09-16 18:01:38,049 [Command processor thread] INFO  interfaces.Container (KeyValueContainer.java:close(335)) - Container 2 is closed with bcsId 0.
2019-09-16 18:01:38,408 [java.util.concurrent.ThreadPoolExecutor$Worker@9fec2f6[State = -1, empty queue]] WARN  server.GrpcLogAppender (GrpcLogAppender.java:timeoutAppendRequest(200)) - 7631069e-55aa-48aa-a80c-68f378536a45@group-D3A6482546DD->d2644fda-0f6b-4964-8120-db19826e02a4-GrpcLogAppender: appendEntries Timeout, request=7631069e-55aa-48aa-a80c-68f378536a45->d2644fda-0f6b-4964-8120-db19826e02a4#62-t1, previous=(t:1, i:20), leaderCommit=16, initializing? false, entries: <empty>
2019-09-16 18:01:38,408 [java.util.concurrent.ThreadPoolExecutor$Worker@120e34ed[State = -1, empty queue]] WARN  server.GrpcLogAppender (GrpcLogAppender.java:timeoutAppendRequest(200)) - 7631069e-55aa-48aa-a80c-68f378536a45@group-D3A6482546DD->59cccd2f-755e-4c45-a890-da01592df45f-GrpcLogAppender: appendEntries Timeout, request=7631069e-55aa-48aa-a80c-68f378536a45->59cccd2f-755e-4c45-a890-da01592df45f#62-t1, previous=(t:1, i:20), leaderCommit=16, initializing? false, entries: <empty>
 0.00% |█                                                                                                    |  0/1 Time: 0:05:042019-09-16 18:01:38,733 [grpc-default-executor-2] INFO  client.GrpcClientProtocolClient (GrpcClientProtocolClient.java:onNext(264)) - client-19556C4CBA1B->59cccd2f-755e-4c45-a890-da01592df45f: receive RaftClientReply:client-19556C4CBA1B->59cccd2f-755e-4c45-a890-da01592df45f@group-D3A6482546DD, cid=40, FAILED org.apache.ratis.protocol.NotLeaderException: Server 59cccd2f-755e-4c45-a890-da01592df45f@group-D3A6482546DD is not the leader 7631069e-55aa-48aa-a80c-68f378536a45:192.168.157.233:39369, logIndex=0, commits[59cccd2f-755e-4c45-a890-da01592df45f:c16, 7631069e-55aa-48aa-a80c-68f378536a45:c16, d2644fda-0f6b-4964-8120-db19826e02a4:c14]
 0.00% |█                                                                                                    |  0/1 Time: 0:05:05 0.00% |█                                                                                                    |  0/1 Time: 0:05:062019-09-16 18:01:40,910 [java.util.concurrent.ThreadPoolExecutor$Worker@9fec2f6[State = -1, empty queue]] WARN  server.GrpcLogAppender (GrpcLogAppender.java:timeoutAppendRequest(200)) - 7631069e-55aa-48aa-a80c-68f378536a45@group-D3A6482546DD->d2644fda-0f6b-4964-8120-db19826e02a4-GrpcLogAppender: appendEntries Timeout, request=7631069e-55aa-48aa-a80c-68f378536a45->d2644fda-0f6b-4964-8120-db19826e02a4#63-t1, previous=(t:1, i:20), leaderCommit=16, initializing? false, entries: <empty>
2019-09-16 18:01:40,910 [java.util.concurrent.ThreadPoolExecutor$Worker@120e34ed[State = -1, empty queue]] WARN  server.GrpcLogAppender (GrpcLogAppender.java:timeoutAppendRequest(200)) - 7631069e-55aa-48aa-a80c-68f378536a45@group-D3A6482546DD->59cccd2f-755e-4c45-a890-da01592df45f-GrpcLogAppender: appendEntries Timeout, request=7631069e-55aa-48aa-a80c-68f378536a45->59cccd2f-755e-4c45-a890-da01592df45f#63-t1, previous=(t:1, i:20), leaderCommit=16, initializing? false, entries: <empty>
 0.00% |█                                                                                                    |  0/1 Time: 0:05:07 0.00% |█                                                                                                    |  0/1 Time: 0:05:082019-09-16 18:01:42,878 [59cccd2f-755e-4c45-a890-da01592df45f@group-D3A6482546DD-SegmentedRaftLogWorker] WARN  segmented.SegmentedRaftLogWorker (SegmentedRaftLogWorker.java:getFromFuture(90)) - Timeout 10/~
org.apache.ratis.protocol.TimeoutIOException: Timeout 10s: WriteLog:17: (t:1, i:17), STATEMACHINELOGENTRY, client-19556C4CBA1B, cid=40-writeStateMachineData
	at org.apache.ratis.util.IOUtils.getFromFuture(IOUtils.java:87)
	at org.apache.ratis.server.raftlog.segmented.SegmentedRaftLogWorker$StateMachineDataPolicy.getFromFuture(SegmentedRaftLogWorker.java:87)
	at org.apache.ratis.server.raftlog.segmented.SegmentedRaftLogWorker$WriteLog.execute(SegmentedRaftLogWorker.java:477)
	at org.apache.ratis.server.raftlog.segmented.SegmentedRaftLogWorker.run(SegmentedRaftLogWorker.java:289)
	at java.lang.Thread.run(Thread.java:748)
Caused by: java.util.concurrent.TimeoutException
	at java.util.concurrent.CompletableFuture.timedGet(CompletableFuture.java:1771)
	at java.util.concurrent.CompletableFuture.get(CompletableFuture.java:1915)
	at org.apache.ratis.util.IOUtils.getFromFuture(IOUtils.java:79)
	... 4 more
2019-09-16 18:01:43,017 [7631069e-55aa-48aa-a80c-68f378536a45@group-D3A6482546DD-SegmentedRaftLogWorker] WARN  segmented.SegmentedRaftLogWorker (SegmentedRaftLogWorker.java:getFromFuture(90)) - Timeout 10/~
org.apache.ratis.protocol.TimeoutIOException: Timeout 10s: WriteLog:19: (t:1, i:19), STATEMACHINELOGENTRY, client-19556C4CBA1B, cid=42-writeStateMachineData
	at org.apache.ratis.util.IOUtils.getFromFuture(IOUtils.java:87)
	at org.apache.ratis.server.raftlog.segmented.SegmentedRaftLogWorker$StateMachineDataPolicy.getFromFuture(SegmentedRaftLogWorker.java:87)
	at org.apache.ratis.server.raftlog.segmented.SegmentedRaftLogWorker$WriteLog.execute(SegmentedRaftLogWorker.java:477)
	at org.apache.ratis.server.raftlog.segmented.SegmentedRaftLogWorker.run(SegmentedRaftLogWorker.java:289)
	at java.lang.Thread.run(Thread.java:748)
Caused by: java.util.concurrent.TimeoutException
	at java.util.concurrent.CompletableFuture.timedGet(CompletableFuture.java:1771)
	at java.util.concurrent.CompletableFuture.get(CompletableFuture.java:1915)
	at org.apache.ratis.util.IOUtils.getFromFuture(IOUtils.java:79)
	... 4 more
2019-09-16 18:01:43,018 [d2644fda-0f6b-4964-8120-db19826e02a4@group-D3A6482546DD-SegmentedRaftLogWorker] WARN  segmented.SegmentedRaftLogWorker (SegmentedRaftLogWorker.java:getFromFuture(90)) - Timeout 10/~
org.apache.ratis.protocol.TimeoutIOException: Timeout 10s: WriteLog:19: (t:1, i:19), STATEMACHINELOGENTRY, client-19556C4CBA1B, cid=42-writeStateMachineData
	at org.apache.ratis.util.IOUtils.getFromFuture(IOUtils.java:87)
	at org.apache.ratis.server.raftlog.segmented.SegmentedRaftLogWorker$StateMachineDataPolicy.getFromFuture(SegmentedRaftLogWorker.java:87)
	at org.apache.ratis.server.raftlog.segmented.SegmentedRaftLogWorker$WriteLog.execute(SegmentedRaftLogWorker.java:477)
	at org.apache.ratis.server.raftlog.segmented.SegmentedRaftLogWorker.run(SegmentedRaftLogWorker.java:289)
	at java.lang.Thread.run(Thread.java:748)
Caused by: java.util.concurrent.TimeoutException
	at java.util.concurrent.CompletableFuture.timedGet(CompletableFuture.java:1771)
	at java.util.concurrent.CompletableFuture.get(CompletableFuture.java:1915)
	at org.apache.ratis.util.IOUtils.getFromFuture(IOUtils.java:79)
	... 4 more
2019-09-16 18:01:43,411 [java.util.concurrent.ThreadPoolExecutor$Worker@9fec2f6[State = -1, empty queue]] WARN  server.GrpcLogAppender (GrpcLogAppender.java:timeoutAppendRequest(200)) - 7631069e-55aa-48aa-a80c-68f378536a45@group-D3A6482546DD->d2644fda-0f6b-4964-8120-db19826e02a4-GrpcLogAppender: appendEntries Timeout, request=7631069e-55aa-48aa-a80c-68f378536a45->d2644fda-0f6b-4964-8120-db19826e02a4#64-t1, previous=(t:1, i:20), leaderCommit=16, initializing? false, entries: <empty>
2019-09-16 18:01:43,411 [java.util.concurrent.ThreadPoolExecutor$Worker@120e34ed[State = -1, empty queue]] WARN  server.GrpcLogAppender (GrpcLogAppender.java:timeoutAppendRequest(200)) - 7631069e-55aa-48aa-a80c-68f378536a45@group-D3A6482546DD->59cccd2f-755e-4c45-a890-da01592df45f-GrpcLogAppender: appendEntries Timeout, request=7631069e-55aa-48aa-a80c-68f378536a45->59cccd2f-755e-4c45-a890-da01592df45f#64-t1, previous=(t:1, i:20), leaderCommit=16, initializing? false, entries: <empty>
 0.00% |█                                                                                                    |  0/1 Time: 0:05:092019-09-16 18:01:43,778 [grpc-default-executor-2] INFO  client.GrpcClientProtocolClient (GrpcClientProtocolClient.java:onNext(264)) - client-19556C4CBA1B->59cccd2f-755e-4c45-a890-da01592df45f: receive RaftClientReply:client-19556C4CBA1B->59cccd2f-755e-4c45-a890-da01592df45f@group-D3A6482546DD, cid=40, FAILED org.apache.ratis.protocol.NotLeaderException: Server 59cccd2f-755e-4c45-a890-da01592df45f@group-D3A6482546DD is not the leader 7631069e-55aa-48aa-a80c-68f378536a45:192.168.157.233:39369, logIndex=0, commits[59cccd2f-755e-4c45-a890-da01592df45f:c16, 7631069e-55aa-48aa-a80c-68f378536a45:c16, d2644fda-0f6b-4964-8120-db19826e02a4:c14]
 0.00% |█                                                                                                    |  0/1 Time: 0:05:10 0.00% |█                                                                                                    |  0/1 Time: 0:05:112019-09-16 18:01:45,911 [java.util.concurrent.ThreadPoolExecutor$Worker@120e34ed[State = -1, empty queue]] WARN  server.GrpcLogAppender (GrpcLogAppender.java:timeoutAppendRequest(200)) - 7631069e-55aa-48aa-a80c-68f378536a45@group-D3A6482546DD->59cccd2f-755e-4c45-a890-da01592df45f-GrpcLogAppender: appendEntries Timeout, request=7631069e-55aa-48aa-a80c-68f378536a45->59cccd2f-755e-4c45-a890-da01592df45f#65-t1, previous=(t:1, i:20), leaderCommit=16, initializing? false, entries: <empty>
2019-09-16 18:01:45,911 [java.util.concurrent.ThreadPoolExecutor$Worker@9fec2f6[State = -1, empty queue]] WARN  server.GrpcLogAppender (GrpcLogAppender.java:timeoutAppendRequest(200)) - 7631069e-55aa-48aa-a80c-68f378536a45@group-D3A6482546DD->d2644fda-0f6b-4964-8120-db19826e02a4-GrpcLogAppender: appendEntries Timeout, request=7631069e-55aa-48aa-a80c-68f378536a45->d2644fda-0f6b-4964-8120-db19826e02a4#65-t1, previous=(t:1, i:20), leaderCommit=16, initializing? false, entries: <empty>
 0.00% |█                                                                                                    |  0/1 Time: 0:05:12 0.00% |█                                                                                                    |  0/1 Time: 0:05:132019-09-16 18:01:48,413 [java.util.concurrent.ThreadPoolExecutor$Worker@120e34ed[State = -1, empty queue]] WARN  server.GrpcLogAppender (GrpcLogAppender.java:timeoutAppendRequest(200)) - 7631069e-55aa-48aa-a80c-68f378536a45@group-D3A6482546DD->59cccd2f-755e-4c45-a890-da01592df45f-GrpcLogAppender: appendEntries Timeout, request=7631069e-55aa-48aa-a80c-68f378536a45->59cccd2f-755e-4c45-a890-da01592df45f#66-t1, previous=(t:1, i:20), leaderCommit=16, initializing? false, entries: <empty>
2019-09-16 18:01:48,413 [java.util.concurrent.ThreadPoolExecutor$Worker@9fec2f6[State = -1, empty queue]] WARN  server.GrpcLogAppender (GrpcLogAppender.java:timeoutAppendRequest(200)) - 7631069e-55aa-48aa-a80c-68f378536a45@group-D3A6482546DD->d2644fda-0f6b-4964-8120-db19826e02a4-GrpcLogAppender: appendEntries Timeout, request=7631069e-55aa-48aa-a80c-68f378536a45->d2644fda-0f6b-4964-8120-db19826e02a4#66-t1, previous=(t:1, i:20), leaderCommit=16, initializing? false, entries: <empty>
 0.00% |█                                                                                                    |  0/1 Time: 0:05:142019-09-16 18:01:48,821 [grpc-default-executor-2] INFO  client.GrpcClientProtocolClient (GrpcClientProtocolClient.java:onNext(264)) - client-19556C4CBA1B->59cccd2f-755e-4c45-a890-da01592df45f: receive RaftClientReply:client-19556C4CBA1B->59cccd2f-755e-4c45-a890-da01592df45f@group-D3A6482546DD, cid=40, FAILED org.apache.ratis.protocol.NotLeaderException: Server 59cccd2f-755e-4c45-a890-da01592df45f@group-D3A6482546DD is not the leader 7631069e-55aa-48aa-a80c-68f378536a45:192.168.157.233:39369, logIndex=0, commits[59cccd2f-755e-4c45-a890-da01592df45f:c16, 7631069e-55aa-48aa-a80c-68f378536a45:c16, d2644fda-0f6b-4964-8120-db19826e02a4:c14]
 0.00% |█                                                                                                    |  0/1 Time: 0:05:15 0.00% |█                                                                                                    |  0/1 Time: 0:05:162019-09-16 18:01:50,913 [java.util.concurrent.ThreadPoolExecutor$Worker@120e34ed[State = -1, empty queue]] WARN  server.GrpcLogAppender (GrpcLogAppender.java:timeoutAppendRequest(200)) - 7631069e-55aa-48aa-a80c-68f378536a45@group-D3A6482546DD->59cccd2f-755e-4c45-a890-da01592df45f-GrpcLogAppender: appendEntries Timeout, request=7631069e-55aa-48aa-a80c-68f378536a45->59cccd2f-755e-4c45-a890-da01592df45f#67-t1, previous=(t:1, i:20), leaderCommit=16, initializing? false, entries: <empty>
2019-09-16 18:01:50,913 [java.util.concurrent.ThreadPoolExecutor$Worker@9fec2f6[State = -1, empty queue]] WARN  server.GrpcLogAppender (GrpcLogAppender.java:timeoutAppendRequest(200)) - 7631069e-55aa-48aa-a80c-68f378536a45@group-D3A6482546DD->d2644fda-0f6b-4964-8120-db19826e02a4-GrpcLogAppender: appendEntries Timeout, request=7631069e-55aa-48aa-a80c-68f378536a45->d2644fda-0f6b-4964-8120-db19826e02a4#67-t1, previous=(t:1, i:20), leaderCommit=16, initializing? false, entries: <empty>
 0.00% |█                                                                                                    |  0/1 Time: 0:05:17 0.00% |█                                                                                                    |  0/1 Time: 0:05:182019-09-16 18:01:52,879 [59cccd2f-755e-4c45-a890-da01592df45f@group-D3A6482546DD-SegmentedRaftLogWorker] WARN  segmented.SegmentedRaftLogWorker (SegmentedRaftLogWorker.java:getFromFuture(90)) - Timeout 11/~
org.apache.ratis.protocol.TimeoutIOException: Timeout 10s: WriteLog:17: (t:1, i:17), STATEMACHINELOGENTRY, client-19556C4CBA1B, cid=40-writeStateMachineData
	at org.apache.ratis.util.IOUtils.getFromFuture(IOUtils.java:87)
	at org.apache.ratis.server.raftlog.segmented.SegmentedRaftLogWorker$StateMachineDataPolicy.getFromFuture(SegmentedRaftLogWorker.java:87)
	at org.apache.ratis.server.raftlog.segmented.SegmentedRaftLogWorker$WriteLog.execute(SegmentedRaftLogWorker.java:477)
	at org.apache.ratis.server.raftlog.segmented.SegmentedRaftLogWorker.run(SegmentedRaftLogWorker.java:289)
	at java.lang.Thread.run(Thread.java:748)
Caused by: java.util.concurrent.TimeoutException
	at java.util.concurrent.CompletableFuture.timedGet(CompletableFuture.java:1771)
	at java.util.concurrent.CompletableFuture.get(CompletableFuture.java:1915)
	at org.apache.ratis.util.IOUtils.getFromFuture(IOUtils.java:79)
	... 4 more
2019-09-16 18:01:52,914 [org.apache.ratis.server.impl.LogAppender$AppenderDaemon$$Lambda$507/793688760@28820090] ERROR ratis.XceiverServerRatis (XceiverServerRatis.java:triggerPipelineClose(568)) - pipeline Action CLOSE  on pipeline PipelineID=66c40936-c45e-4d82-92fb-d3a6482546dd.Reason : 7631069e-55aa-48aa-a80c-68f378536a45 has not seen follower/s 59cccd2f-755e-4c45-a890-da01592df45f for 120080ms d2644fda-0f6b-4964-8120-db19826e02a4 for 120081ms
2019-09-16 18:01:52,914 [org.apache.ratis.server.impl.LogAppender$AppenderDaemon$$Lambda$507/793688760@716607a2] ERROR ratis.XceiverServerRatis (XceiverServerRatis.java:triggerPipelineClose(568)) - pipeline Action CLOSE  on pipeline PipelineID=66c40936-c45e-4d82-92fb-d3a6482546dd.Reason : 7631069e-55aa-48aa-a80c-68f378536a45 has not seen follower/s 59cccd2f-755e-4c45-a890-da01592df45f for 120080ms d2644fda-0f6b-4964-8120-db19826e02a4 for 120081ms
2019-09-16 18:01:53,018 [7631069e-55aa-48aa-a80c-68f378536a45@group-D3A6482546DD-SegmentedRaftLogWorker] WARN  segmented.SegmentedRaftLogWorker (SegmentedRaftLogWorker.java:getFromFuture(90)) - Timeout 11/~
org.apache.ratis.protocol.TimeoutIOException: Timeout 10s: WriteLog:19: (t:1, i:19), STATEMACHINELOGENTRY, client-19556C4CBA1B, cid=42-writeStateMachineData
	at org.apache.ratis.util.IOUtils.getFromFuture(IOUtils.java:87)
	at org.apache.ratis.server.raftlog.segmented.SegmentedRaftLogWorker$StateMachineDataPolicy.getFromFuture(SegmentedRaftLogWorker.java:87)
	at org.apache.ratis.server.raftlog.segmented.SegmentedRaftLogWorker$WriteLog.execute(SegmentedRaftLogWorker.java:477)
	at org.apache.ratis.server.raftlog.segmented.SegmentedRaftLogWorker.run(SegmentedRaftLogWorker.java:289)
	at java.lang.Thread.run(Thread.java:748)
Caused by: java.util.concurrent.TimeoutException
	at java.util.concurrent.CompletableFuture.timedGet(CompletableFuture.java:1771)
	at java.util.concurrent.CompletableFuture.get(CompletableFuture.java:1915)
	at org.apache.ratis.util.IOUtils.getFromFuture(IOUtils.java:79)
	... 4 more
2019-09-16 18:01:53,019 [d2644fda-0f6b-4964-8120-db19826e02a4@group-D3A6482546DD-SegmentedRaftLogWorker] WARN  segmented.SegmentedRaftLogWorker (SegmentedRaftLogWorker.java:getFromFuture(90)) - Timeout 11/~
org.apache.ratis.protocol.TimeoutIOException: Timeout 10s: WriteLog:19: (t:1, i:19), STATEMACHINELOGENTRY, client-19556C4CBA1B, cid=42-writeStateMachineData
	at org.apache.ratis.util.IOUtils.getFromFuture(IOUtils.java:87)
	at org.apache.ratis.server.raftlog.segmented.SegmentedRaftLogWorker$StateMachineDataPolicy.getFromFuture(SegmentedRaftLogWorker.java:87)
	at org.apache.ratis.server.raftlog.segmented.SegmentedRaftLogWorker$WriteLog.execute(SegmentedRaftLogWorker.java:477)
	at org.apache.ratis.server.raftlog.segmented.SegmentedRaftLogWorker.run(SegmentedRaftLogWorker.java:289)
	at java.lang.Thread.run(Thread.java:748)
Caused by: java.util.concurrent.TimeoutException
	at java.util.concurrent.CompletableFuture.timedGet(CompletableFuture.java:1771)
	at java.util.concurrent.CompletableFuture.get(CompletableFuture.java:1915)
	at org.apache.ratis.util.IOUtils.getFromFuture(IOUtils.java:79)
	... 4 more
2019-09-16 18:01:53,071 [EventQueue-PipelineActionsForPipelineActionHandler] ERROR pipeline.PipelineActionHandler (PipelineActionHandler.java:onMessage(60)) - Received pipeline action CLOSE for Pipeline[ Id: 66c40936-c45e-4d82-92fb-d3a6482546dd, Nodes: d2644fda-0f6b-4964-8120-db19826e02a4{ip: 192.168.157.233, host: pr-hdds-2120-x62sn-1884063469, networkLocation: /default-rack, certSerialId: null}7631069e-55aa-48aa-a80c-68f378536a45{ip: 192.168.157.233, host: pr-hdds-2120-x62sn-1884063469, networkLocation: /default-rack, certSerialId: null}59cccd2f-755e-4c45-a890-da01592df45f{ip: 192.168.157.233, host: pr-hdds-2120-x62sn-1884063469, networkLocation: /default-rack, certSerialId: null}, Type:RATIS, Factor:THREE, State:OPEN] from datanode 7631069e-55aa-48aa-a80c-68f378536a45{ip: 192.168.157.233, host: pr-hdds-2120-x62sn-1884063469, networkLocation: /default-rack, certSerialId: null}. Reason : 7631069e-55aa-48aa-a80c-68f378536a45 has not seen follower/s 59cccd2f-755e-4c45-a890-da01592df45f for 120080ms d2644fda-0f6b-4964-8120-db19826e02a4 for 120081ms
2019-09-16 18:01:53,071 [EventQueue-PipelineActionsForPipelineActionHandler] INFO  pipeline.SCMPipelineManager (SCMPipelineManager.java:finalizeAndDestroyPipeline(311)) - destroying pipeline:Pipeline[ Id: 66c40936-c45e-4d82-92fb-d3a6482546dd, Nodes: d2644fda-0f6b-4964-8120-db19826e02a4{ip: 192.168.157.233, host: pr-hdds-2120-x62sn-1884063469, networkLocation: /default-rack, certSerialId: null}7631069e-55aa-48aa-a80c-68f378536a45{ip: 192.168.157.233, host: pr-hdds-2120-x62sn-1884063469, networkLocation: /default-rack, certSerialId: null}59cccd2f-755e-4c45-a890-da01592df45f{ip: 192.168.157.233, host: pr-hdds-2120-x62sn-1884063469, networkLocation: /default-rack, certSerialId: null}, Type:RATIS, Factor:THREE, State:OPEN]
2019-09-16 18:01:53,071 [EventQueue-PipelineActionsForPipelineActionHandler] INFO  pipeline.PipelineStateManager (PipelineStateManager.java:finalizePipeline(123)) - Pipeline Pipeline[ Id: 66c40936-c45e-4d82-92fb-d3a6482546dd, Nodes: d2644fda-0f6b-4964-8120-db19826e02a4{ip: 192.168.157.233, host: pr-hdds-2120-x62sn-1884063469, networkLocation: /default-rack, certSerialId: null}7631069e-55aa-48aa-a80c-68f378536a45{ip: 192.168.157.233, host: pr-hdds-2120-x62sn-1884063469, networkLocation: /default-rack, certSerialId: null}59cccd2f-755e-4c45-a890-da01592df45f{ip: 192.168.157.233, host: pr-hdds-2120-x62sn-1884063469, networkLocation: /default-rack, certSerialId: null}, Type:RATIS, Factor:THREE, State:CLOSED] moved to CLOSED state
2019-09-16 18:01:53,072 [EventQueue-CloseContainerForCloseContainerEventHandler] INFO  container.CloseContainerEventHandler (CloseContainerEventHandler.java:onMessage(61)) - Close container Event triggered for container : #4
2019-09-16 18:01:53,073 [EventQueue-CloseContainerForCloseContainerEventHandler] INFO  container.CloseContainerEventHandler (CloseContainerEventHandler.java:onMessage(61)) - Close container Event triggered for container : #5
2019-09-16 18:01:53,414 [java.util.concurrent.ThreadPoolExecutor$Worker@9fec2f6[State = -1, empty queue]] WARN  server.GrpcLogAppender (GrpcLogAppender.java:timeoutAppendRequest(200)) - 7631069e-55aa-48aa-a80c-68f378536a45@group-D3A6482546DD->d2644fda-0f6b-4964-8120-db19826e02a4-GrpcLogAppender: appendEntries Timeout, request=7631069e-55aa-48aa-a80c-68f378536a45->d2644fda-0f6b-4964-8120-db19826e02a4#68-t1, previous=(t:1, i:20), leaderCommit=16, initializing? false, entries: <empty>
2019-09-16 18:01:53,414 [java.util.concurrent.ThreadPoolExecutor$Worker@120e34ed[State = -1, empty queue]] WARN  server.GrpcLogAppender (GrpcLogAppender.java:timeoutAppendRequest(200)) - 7631069e-55aa-48aa-a80c-68f378536a45@group-D3A6482546DD->59cccd2f-755e-4c45-a890-da01592df45f-GrpcLogAppender: appendEntries Timeout, request=7631069e-55aa-48aa-a80c-68f378536a45->59cccd2f-755e-4c45-a890-da01592df45f#68-t1, previous=(t:1, i:20), leaderCommit=16, initializing? false, entries: <empty>
 0.00% |█                                                                                                    |  0/1 Time: 0:05:192019-09-16 18:01:53,855 [grpc-default-executor-2] INFO  client.GrpcClientProtocolClient (GrpcClientProtocolClient.java:onNext(264)) - client-19556C4CBA1B->59cccd2f-755e-4c45-a890-da01592df45f: receive RaftClientReply:client-19556C4CBA1B->59cccd2f-755e-4c45-a890-da01592df45f@group-D3A6482546DD, cid=40, FAILED org.apache.ratis.protocol.NotLeaderException: Server 59cccd2f-755e-4c45-a890-da01592df45f@group-D3A6482546DD is not the leader 7631069e-55aa-48aa-a80c-68f378536a45:192.168.157.233:39369, logIndex=0, commits[59cccd2f-755e-4c45-a890-da01592df45f:c16, 7631069e-55aa-48aa-a80c-68f378536a45:c16, d2644fda-0f6b-4964-8120-db19826e02a4:c14]
 0.00% |█                                                                                                    |  0/1 Time: 0:05:202019-09-16 18:01:55,415 [org.apache.ratis.server.impl.LogAppender$AppenderDaemon$$Lambda$507/793688760@716607a2] ERROR ratis.XceiverServerRatis (XceiverServerRatis.java:triggerPipelineClose(568)) - pipeline Action CLOSE  on pipeline PipelineID=66c40936-c45e-4d82-92fb-d3a6482546dd.Reason : 7631069e-55aa-48aa-a80c-68f378536a45 has not seen follower/s 59cccd2f-755e-4c45-a890-da01592df45f for 122581ms d2644fda-0f6b-4964-8120-db19826e02a4 for 122581ms
2019-09-16 18:01:55,415 [org.apache.ratis.server.impl.LogAppender$AppenderDaemon$$Lambda$507/793688760@28820090] ERROR ratis.XceiverServerRatis (XceiverServerRatis.java:triggerPipelineClose(568)) - pipeline Action CLOSE  on pipeline PipelineID=66c40936-c45e-4d82-92fb-d3a6482546dd.Reason : 7631069e-55aa-48aa-a80c-68f378536a45 has not seen follower/s 59cccd2f-755e-4c45-a890-da01592df45f for 122581ms d2644fda-0f6b-4964-8120-db19826e02a4 for 122582ms
 0.00% |█                                                                                                    |  0/1 Time: 0:05:212019-09-16 18:01:55,914 [java.util.concurrent.ThreadPoolExecutor$Worker@120e34ed[State = -1, empty queue]] WARN  server.GrpcLogAppender (GrpcLogAppender.java:timeoutAppendRequest(200)) - 7631069e-55aa-48aa-a80c-68f378536a45@group-D3A6482546DD->59cccd2f-755e-4c45-a890-da01592df45f-GrpcLogAppender: appendEntries Timeout, request=7631069e-55aa-48aa-a80c-68f378536a45->59cccd2f-755e-4c45-a890-da01592df45f#69-t1, previous=(t:1, i:20), leaderCommit=16, initializing? false, entries: <empty>
2019-09-16 18:01:55,914 [java.util.concurrent.ThreadPoolExecutor$Worker@9fec2f6[State = -1, empty queue]] WARN  server.GrpcLogAppender (GrpcLogAppender.java:timeoutAppendRequest(200)) - 7631069e-55aa-48aa-a80c-68f378536a45@group-D3A6482546DD->d2644fda-0f6b-4964-8120-db19826e02a4-GrpcLogAppender: appendEntries Timeout, request=7631069e-55aa-48aa-a80c-68f378536a45->d2644fda-0f6b-4964-8120-db19826e02a4#69-t1, previous=(t:1, i:20), leaderCommit=16, initializing? false, entries: <empty>
2019-09-16 18:01:56,070 [EventQueue-PipelineActionsForPipelineActionHandler] ERROR pipeline.PipelineActionHandler (PipelineActionHandler.java:onMessage(60)) - Received pipeline action CLOSE for Pipeline[ Id: 66c40936-c45e-4d82-92fb-d3a6482546dd, Nodes: d2644fda-0f6b-4964-8120-db19826e02a4{ip: 192.168.157.233, host: pr-hdds-2120-x62sn-1884063469, networkLocation: /default-rack, certSerialId: null}7631069e-55aa-48aa-a80c-68f378536a45{ip: 192.168.157.233, host: pr-hdds-2120-x62sn-1884063469, networkLocation: /default-rack, certSerialId: null}59cccd2f-755e-4c45-a890-da01592df45f{ip: 192.168.157.233, host: pr-hdds-2120-x62sn-1884063469, networkLocation: /default-rack, certSerialId: null}, Type:RATIS, Factor:THREE, State:CLOSED] from datanode 7631069e-55aa-48aa-a80c-68f378536a45{ip: 192.168.157.233, host: pr-hdds-2120-x62sn-1884063469, networkLocation: /default-rack, certSerialId: null}. Reason : 7631069e-55aa-48aa-a80c-68f378536a45 has not seen follower/s 59cccd2f-755e-4c45-a890-da01592df45f for 122581ms d2644fda-0f6b-4964-8120-db19826e02a4 for 122581ms
2019-09-16 18:01:56,071 [EventQueue-PipelineActionsForPipelineActionHandler] INFO  pipeline.SCMPipelineManager (SCMPipelineManager.java:finalizeAndDestroyPipeline(311)) - destroying pipeline:Pipeline[ Id: 66c40936-c45e-4d82-92fb-d3a6482546dd, Nodes: d2644fda-0f6b-4964-8120-db19826e02a4{ip: 192.168.157.233, host: pr-hdds-2120-x62sn-1884063469, networkLocation: /default-rack, certSerialId: null}7631069e-55aa-48aa-a80c-68f378536a45{ip: 192.168.157.233, host: pr-hdds-2120-x62sn-1884063469, networkLocation: /default-rack, certSerialId: null}59cccd2f-755e-4c45-a890-da01592df45f{ip: 192.168.157.233, host: pr-hdds-2120-x62sn-1884063469, networkLocation: /default-rack, certSerialId: null}, Type:RATIS, Factor:THREE, State:CLOSED]
2019-09-16 18:01:56,095 [org.apache.ratis.server.impl.LogAppender$AppenderDaemon$$Lambda$507/793688760@28820090] ERROR ratis.XceiverServerRatis (XceiverServerRatis.java:triggerPipelineClose(568)) - pipeline Action CLOSE  on pipeline PipelineID=66c40936-c45e-4d82-92fb-d3a6482546dd.Reason : 7631069e-55aa-48aa-a80c-68f378536a45 has not seen follower/s 59cccd2f-755e-4c45-a890-da01592df45f for 123261ms d2644fda-0f6b-4964-8120-db19826e02a4 for 123262ms
2019-09-16 18:01:56,095 [org.apache.ratis.server.impl.LogAppender$AppenderDaemon$$Lambda$507/793688760@716607a2] ERROR ratis.XceiverServerRatis (XceiverServerRatis.java:triggerPipelineClose(568)) - pipeline Action CLOSE  on pipeline PipelineID=66c40936-c45e-4d82-92fb-d3a6482546dd.Reason : 7631069e-55aa-48aa-a80c-68f378536a45 has not seen follower/s 59cccd2f-755e-4c45-a890-da01592df45f for 123261ms d2644fda-0f6b-4964-8120-db19826e02a4 for 123262ms
 0.00% |█                                                                                                    |  0/1 Time: 0:05:222019-09-16 18:01:57,094 [EventQueue-PipelineActionsForPipelineActionHandler] ERROR pipeline.PipelineActionHandler (PipelineActionHandler.java:onMessage(60)) - Received pipeline action CLOSE for Pipeline[ Id: 66c40936-c45e-4d82-92fb-d3a6482546dd, Nodes: d2644fda-0f6b-4964-8120-db19826e02a4{ip: 192.168.157.233, host: pr-hdds-2120-x62sn-1884063469, networkLocation: /default-rack, certSerialId: null}7631069e-55aa-48aa-a80c-68f378536a45{ip: 192.168.157.233, host: pr-hdds-2120-x62sn-1884063469, networkLocation: /default-rack, certSerialId: null}59cccd2f-755e-4c45-a890-da01592df45f{ip: 192.168.157.233, host: pr-hdds-2120-x62sn-1884063469, networkLocation: /default-rack, certSerialId: null}, Type:RATIS, Factor:THREE, State:CLOSED] from datanode 7631069e-55aa-48aa-a80c-68f378536a45{ip: 192.168.157.233, host: pr-hdds-2120-x62sn-1884063469, networkLocation: /default-rack, certSerialId: null}. Reason : 7631069e-55aa-48aa-a80c-68f378536a45 has not seen follower/s 59cccd2f-755e-4c45-a890-da01592df45f for 123261ms d2644fda-0f6b-4964-8120-db19826e02a4 for 123262ms
2019-09-16 18:01:57,094 [EventQueue-PipelineActionsForPipelineActionHandler] INFO  pipeline.SCMPipelineManager (SCMPipelineManager.java:finalizeAndDestroyPipeline(311)) - destroying pipeline:Pipeline[ Id: 66c40936-c45e-4d82-92fb-d3a6482546dd, Nodes: d2644fda-0f6b-4964-8120-db19826e02a4{ip: 192.168.157.233, host: pr-hdds-2120-x62sn-1884063469, networkLocation: /default-rack, certSerialId: null}7631069e-55aa-48aa-a80c-68f378536a45{ip: 192.168.157.233, host: pr-hdds-2120-x62sn-1884063469, networkLocation: /default-rack, certSerialId: null}59cccd2f-755e-4c45-a890-da01592df45f{ip: 192.168.157.233, host: pr-hdds-2120-x62sn-1884063469, networkLocation: /default-rack, certSerialId: null}, Type:RATIS, Factor:THREE, State:CLOSED]
 0.00% |█                                                                                                    |  0/1 Time: 0:05:232019-09-16 18:01:58,415 [java.util.concurrent.ThreadPoolExecutor$Worker@120e34ed[State = -1, empty queue]] WARN  server.GrpcLogAppender (GrpcLogAppender.java:timeoutAppendRequest(200)) - 7631069e-55aa-48aa-a80c-68f378536a45@group-D3A6482546DD->59cccd2f-755e-4c45-a890-da01592df45f-GrpcLogAppender: appendEntries Timeout, request=7631069e-55aa-48aa-a80c-68f378536a45->59cccd2f-755e-4c45-a890-da01592df45f#70-t1, previous=(t:1, i:20), leaderCommit=16, initializing? false, entries: <empty>
2019-09-16 18:01:58,415 [java.util.concurrent.ThreadPoolExecutor$Worker@9fec2f6[State = -1, empty queue]] WARN  server.GrpcLogAppender (GrpcLogAppender.java:timeoutAppendRequest(200)) - 7631069e-55aa-48aa-a80c-68f378536a45@group-D3A6482546DD->d2644fda-0f6b-4964-8120-db19826e02a4-GrpcLogAppender: appendEntries Timeout, request=7631069e-55aa-48aa-a80c-68f378536a45->d2644fda-0f6b-4964-8120-db19826e02a4#70-t1, previous=(t:1, i:20), leaderCommit=16, initializing? false, entries: <empty>
 0.00% |█                                                                                                    |  0/1 Time: 0:05:242019-09-16 18:01:58,596 [org.apache.ratis.server.impl.LogAppender$AppenderDaemon$$Lambda$507/793688760@28820090] ERROR ratis.XceiverServerRatis (XceiverServerRatis.java:triggerPipelineClose(568)) - pipeline Action CLOSE  on pipeline PipelineID=66c40936-c45e-4d82-92fb-d3a6482546dd.Reason : 7631069e-55aa-48aa-a80c-68f378536a45 has not seen follower/s 59cccd2f-755e-4c45-a890-da01592df45f for 125762ms d2644fda-0f6b-4964-8120-db19826e02a4 for 125762ms
2019-09-16 18:01:58,596 [org.apache.ratis.server.impl.LogAppender$AppenderDaemon$$Lambda$507/793688760@716607a2] ERROR ratis.XceiverServerRatis (XceiverServerRatis.java:triggerPipelineClose(568)) - pipeline Action CLOSE  on pipeline PipelineID=66c40936-c45e-4d82-92fb-d3a6482546dd.Reason : 7631069e-55aa-48aa-a80c-68f378536a45 has not seen follower/s 59cccd2f-755e-4c45-a890-da01592df45f for 125762ms d2644fda-0f6b-4964-8120-db19826e02a4 for 125762ms
2019-09-16 18:01:58,894 [grpc-default-executor-1] INFO  client.GrpcClientProtocolClient (GrpcClientProtocolClient.java:onNext(264)) - client-19556C4CBA1B->59cccd2f-755e-4c45-a890-da01592df45f: receive RaftClientReply:client-19556C4CBA1B->59cccd2f-755e-4c45-a890-da01592df45f@group-D3A6482546DD, cid=40, FAILED org.apache.ratis.protocol.NotLeaderException: Server 59cccd2f-755e-4c45-a890-da01592df45f@group-D3A6482546DD is not the leader 7631069e-55aa-48aa-a80c-68f378536a45:192.168.157.233:39369, logIndex=0, commits[59cccd2f-755e-4c45-a890-da01592df45f:c16, 7631069e-55aa-48aa-a80c-68f378536a45:c16, d2644fda-0f6b-4964-8120-db19826e02a4:c14]
2019-09-16 18:01:59,094 [EventQueue-PipelineActionsForPipelineActionHandler] ERROR pipeline.PipelineActionHandler (PipelineActionHandler.java:onMessage(60)) - Received pipeline action CLOSE for Pipeline[ Id: 66c40936-c45e-4d82-92fb-d3a6482546dd, Nodes: d2644fda-0f6b-4964-8120-db19826e02a4{ip: 192.168.157.233, host: pr-hdds-2120-x62sn-1884063469, networkLocation: /default-rack, certSerialId: null}7631069e-55aa-48aa-a80c-68f378536a45{ip: 192.168.157.233, host: pr-hdds-2120-x62sn-1884063469, networkLocation: /default-rack, certSerialId: null}59cccd2f-755e-4c45-a890-da01592df45f{ip: 192.168.157.233, host: pr-hdds-2120-x62sn-1884063469, networkLocation: /default-rack, certSerialId: null}, Type:RATIS, Factor:THREE, State:CLOSED] from datanode 7631069e-55aa-48aa-a80c-68f378536a45{ip: 192.168.157.233, host: pr-hdds-2120-x62sn-1884063469, networkLocation: /default-rack, certSerialId: null}. Reason : 7631069e-55aa-48aa-a80c-68f378536a45 has not seen follower/s 59cccd2f-755e-4c45-a890-da01592df45f for 125762ms d2644fda-0f6b-4964-8120-db19826e02a4 for 125762ms
2019-09-16 18:01:59,094 [EventQueue-PipelineActionsForPipelineActionHandler] INFO  pipeline.SCMPipelineManager (SCMPipelineManager.java:finalizeAndDestroyPipeline(311)) - destroying pipeline:Pipeline[ Id: 66c40936-c45e-4d82-92fb-d3a6482546dd, Nodes: d2644fda-0f6b-4964-8120-db19826e02a4{ip: 192.168.157.233, host: pr-hdds-2120-x62sn-1884063469, networkLocation: /default-rack, certSerialId: null}7631069e-55aa-48aa-a80c-68f378536a45{ip: 192.168.157.233, host: pr-hdds-2120-x62sn-1884063469, networkLocation: /default-rack, certSerialId: null}59cccd2f-755e-4c45-a890-da01592df45f{ip: 192.168.157.233, host: pr-hdds-2120-x62sn-1884063469, networkLocation: /default-rack, certSerialId: null}, Type:RATIS, Factor:THREE, State:CLOSED]
2019-09-16 18:01:59,095 [java.util.concurrent.ThreadPoolExecutor$Worker@120e34ed[State = -1, empty queue]] WARN  server.GrpcLogAppender (GrpcLogAppender.java:timeoutAppendRequest(200)) - 7631069e-55aa-48aa-a80c-68f378536a45@group-D3A6482546DD->59cccd2f-755e-4c45-a890-da01592df45f-GrpcLogAppender: appendEntries Timeout, request=7631069e-55aa-48aa-a80c-68f378536a45->59cccd2f-755e-4c45-a890-da01592df45f#71-t1, previous=(t:1, i:20), leaderCommit=16, initializing? false, entries: size=1, first=(t:1, i:21), STATEMACHINELOGENTRY, client-B2398CC5639D, cid=8
2019-09-16 18:01:59,095 [java.util.concurrent.ThreadPoolExecutor$Worker@9fec2f6[State = -1, empty queue]] WARN  server.GrpcLogAppender (GrpcLogAppender.java:timeoutAppendRequest(200)) - 7631069e-55aa-48aa-a80c-68f378536a45@group-D3A6482546DD->d2644fda-0f6b-4964-8120-db19826e02a4-GrpcLogAppender: appendEntries Timeout, request=7631069e-55aa-48aa-a80c-68f378536a45->d2644fda-0f6b-4964-8120-db19826e02a4#71-t1, previous=(t:1, i:20), leaderCommit=16, initializing? false, entries: size=1, first=(t:1, i:21), STATEMACHINELOGENTRY, client-B2398CC5639D, cid=8
 0.00% |█                                                                                                    |  0/1 Time: 0:05:25 0.00% |█                                                                                                    |  0/1 Time: 0:05:262019-09-16 18:02:01,097 [org.apache.ratis.server.impl.LogAppender$AppenderDaemon$$Lambda$507/793688760@28820090] ERROR ratis.XceiverServerRatis (XceiverServerRatis.java:triggerPipelineClose(568)) - pipeline Action CLOSE  on pipeline PipelineID=66c40936-c45e-4d82-92fb-d3a6482546dd.Reason : 7631069e-55aa-48aa-a80c-68f378536a45 has not seen follower/s 59cccd2f-755e-4c45-a890-da01592df45f for 128263ms d2644fda-0f6b-4964-8120-db19826e02a4 for 128264ms
2019-09-16 18:02:01,097 [org.apache.ratis.server.impl.LogAppender$AppenderDaemon$$Lambda$507/793688760@716607a2] ERROR ratis.XceiverServerRatis (XceiverServerRatis.java:triggerPipelineClose(568)) - pipeline Action CLOSE  on pipeline PipelineID=66c40936-c45e-4d82-92fb-d3a6482546dd.Reason : 7631069e-55aa-48aa-a80c-68f378536a45 has not seen follower/s 59cccd2f-755e-4c45-a890-da01592df45f for 128263ms d2644fda-0f6b-4964-8120-db19826e02a4 for 128264ms
 0.00% |█                                                                                                    |  0/1 Time: 0:05:272019-09-16 18:02:01,596 [java.util.concurrent.ThreadPoolExecutor$Worker@9fec2f6[State = -1, empty queue]] WARN  server.GrpcLogAppender (GrpcLogAppender.java:timeoutAppendRequest(200)) - 7631069e-55aa-48aa-a80c-68f378536a45@group-D3A6482546DD->d2644fda-0f6b-4964-8120-db19826e02a4-GrpcLogAppender: appendEntries Timeout, request=7631069e-55aa-48aa-a80c-68f378536a45->d2644fda-0f6b-4964-8120-db19826e02a4#72-t1, previous=(t:1, i:21), leaderCommit=16, initializing? false, entries: <empty>
2019-09-16 18:02:01,596 [java.util.concurrent.ThreadPoolExecutor$Worker@120e34ed[State = -1, empty queue]] WARN  server.GrpcLogAppender (GrpcLogAppender.java:timeoutAppendRequest(200)) - 7631069e-55aa-48aa-a80c-68f378536a45@group-D3A6482546DD->59cccd2f-755e-4c45-a890-da01592df45f-GrpcLogAppender: appendEntries Timeout, request=7631069e-55aa-48aa-a80c-68f378536a45->59cccd2f-755e-4c45-a890-da01592df45f#72-t1, previous=(t:1, i:21), leaderCommit=16, initializing? false, entries: <empty>
2019-09-16 18:02:02,094 [EventQueue-PipelineActionsForPipelineActionHandler] ERROR pipeline.PipelineActionHandler (PipelineActionHandler.java:onMessage(60)) - Received pipeline action CLOSE for Pipeline[ Id: 66c40936-c45e-4d82-92fb-d3a6482546dd, Nodes: d2644fda-0f6b-4964-8120-db19826e02a4{ip: 192.168.157.233, host: pr-hdds-2120-x62sn-1884063469, networkLocation: /default-rack, certSerialId: null}7631069e-55aa-48aa-a80c-68f378536a45{ip: 192.168.157.233, host: pr-hdds-2120-x62sn-1884063469, networkLocation: /default-rack, certSerialId: null}59cccd2f-755e-4c45-a890-da01592df45f{ip: 192.168.157.233, host: pr-hdds-2120-x62sn-1884063469, networkLocation: /default-rack, certSerialId: null}, Type:RATIS, Factor:THREE, State:CLOSED] from datanode 7631069e-55aa-48aa-a80c-68f378536a45{ip: 192.168.157.233, host: pr-hdds-2120-x62sn-1884063469, networkLocation: /default-rack, certSerialId: null}. Reason : 7631069e-55aa-48aa-a80c-68f378536a45 has not seen follower/s 59cccd2f-755e-4c45-a890-da01592df45f for 128263ms d2644fda-0f6b-4964-8120-db19826e02a4 for 128264ms
2019-09-16 18:02:02,212 [EventQueue-PipelineActionsForPipelineActionHandler] INFO  pipeline.SCMPipelineManager (SCMPipelineManager.java:finalizeAndDestroyPipeline(311)) - destroying pipeline:Pipeline[ Id: 66c40936-c45e-4d82-92fb-d3a6482546dd, Nodes: d2644fda-0f6b-4964-8120-db19826e02a4{ip: 192.168.157.233, host: pr-hdds-2120-x62sn-1884063469, networkLocation: /default-rack, certSerialId: null}7631069e-55aa-48aa-a80c-68f378536a45{ip: 192.168.157.233, host: pr-hdds-2120-x62sn-1884063469, networkLocation: /default-rack, certSerialId: null}59cccd2f-755e-4c45-a890-da01592df45f{ip: 192.168.157.233, host: pr-hdds-2120-x62sn-1884063469, networkLocation: /default-rack, certSerialId: null}, Type:RATIS, Factor:THREE, State:CLOSED]
 0.00% |█                                                                                                    |  0/1 Time: 0:05:282019-09-16 18:02:02,880 [59cccd2f-755e-4c45-a890-da01592df45f@group-D3A6482546DD-SegmentedRaftLogWorker] WARN  segmented.SegmentedRaftLogWorker (SegmentedRaftLogWorker.java:getFromFuture(90)) - Timeout 12/~
org.apache.ratis.protocol.TimeoutIOException: Timeout 10s: WriteLog:17: (t:1, i:17), STATEMACHINELOGENTRY, client-19556C4CBA1B, cid=40-writeStateMachineData
	at org.apache.ratis.util.IOUtils.getFromFuture(IOUtils.java:87)
	at org.apache.ratis.server.raftlog.segmented.SegmentedRaftLogWorker$StateMachineDataPolicy.getFromFuture(SegmentedRaftLogWorker.java:87)
	at org.apache.ratis.server.raftlog.segmented.SegmentedRaftLogWorker$WriteLog.execute(SegmentedRaftLogWorker.java:477)
	at org.apache.ratis.server.raftlog.segmented.SegmentedRaftLogWorker.run(SegmentedRaftLogWorker.java:289)
	at java.lang.Thread.run(Thread.java:748)
Caused by: java.util.concurrent.TimeoutException
	at java.util.concurrent.CompletableFuture.timedGet(CompletableFuture.java:1771)
	at java.util.concurrent.CompletableFuture.get(CompletableFuture.java:1915)
	at org.apache.ratis.util.IOUtils.getFromFuture(IOUtils.java:79)
	... 4 more
2019-09-16 18:02:03,019 [7631069e-55aa-48aa-a80c-68f378536a45@group-D3A6482546DD-SegmentedRaftLogWorker] WARN  segmented.SegmentedRaftLogWorker (SegmentedRaftLogWorker.java:getFromFuture(90)) - Timeout 12/~
org.apache.ratis.protocol.TimeoutIOException: Timeout 10s: WriteLog:19: (t:1, i:19), STATEMACHINELOGENTRY, client-19556C4CBA1B, cid=42-writeStateMachineData
	at org.apache.ratis.util.IOUtils.getFromFuture(IOUtils.java:87)
	at org.apache.ratis.server.raftlog.segmented.SegmentedRaftLogWorker$StateMachineDataPolicy.getFromFuture(SegmentedRaftLogWorker.java:87)
	at org.apache.ratis.server.raftlog.segmented.SegmentedRaftLogWorker$WriteLog.execute(SegmentedRaftLogWorker.java:477)
	at org.apache.ratis.server.raftlog.segmented.SegmentedRaftLogWorker.run(SegmentedRaftLogWorker.java:289)
	at java.lang.Thread.run(Thread.java:748)
Caused by: java.util.concurrent.TimeoutException
	at java.util.concurrent.CompletableFuture.timedGet(CompletableFuture.java:1771)
	at java.util.concurrent.CompletableFuture.get(CompletableFuture.java:1915)
	at org.apache.ratis.util.IOUtils.getFromFuture(IOUtils.java:79)
	... 4 more
2019-09-16 18:02:03,020 [d2644fda-0f6b-4964-8120-db19826e02a4@group-D3A6482546DD-SegmentedRaftLogWorker] WARN  segmented.SegmentedRaftLogWorker (SegmentedRaftLogWorker.java:getFromFuture(90)) - Timeout 12/~
org.apache.ratis.protocol.TimeoutIOException: Timeout 10s: WriteLog:19: (t:1, i:19), STATEMACHINELOGENTRY, client-19556C4CBA1B, cid=42-writeStateMachineData
	at org.apache.ratis.util.IOUtils.getFromFuture(IOUtils.java:87)
	at org.apache.ratis.server.raftlog.segmented.SegmentedRaftLogWorker$StateMachineDataPolicy.getFromFuture(SegmentedRaftLogWorker.java:87)
	at org.apache.ratis.server.raftlog.segmented.SegmentedRaftLogWorker$WriteLog.execute(SegmentedRaftLogWorker.java:477)
	at org.apache.ratis.server.raftlog.segmented.SegmentedRaftLogWorker.run(SegmentedRaftLogWorker.java:289)
	at java.lang.Thread.run(Thread.java:748)
Caused by: java.util.concurrent.TimeoutException
	at java.util.concurrent.CompletableFuture.timedGet(CompletableFuture.java:1771)
	at java.util.concurrent.CompletableFuture.get(CompletableFuture.java:1915)
	at org.apache.ratis.util.IOUtils.getFromFuture(IOUtils.java:79)
	... 4 more
 0.00% |█                                                                                                    |  0/1 Time: 0:05:292019-09-16 18:02:03,598 [org.apache.ratis.server.impl.LogAppender$AppenderDaemon$$Lambda$507/793688760@716607a2] ERROR ratis.XceiverServerRatis (XceiverServerRatis.java:triggerPipelineClose(568)) - pipeline Action CLOSE  on pipeline PipelineID=66c40936-c45e-4d82-92fb-d3a6482546dd.Reason : 7631069e-55aa-48aa-a80c-68f378536a45 has not seen follower/s 59cccd2f-755e-4c45-a890-da01592df45f for 130764ms d2644fda-0f6b-4964-8120-db19826e02a4 for 130765ms
2019-09-16 18:02:03,598 [org.apache.ratis.server.impl.LogAppender$AppenderDaemon$$Lambda$507/793688760@28820090] ERROR ratis.XceiverServerRatis (XceiverServerRatis.java:triggerPipelineClose(568)) - pipeline Action CLOSE  on pipeline PipelineID=66c40936-c45e-4d82-92fb-d3a6482546dd.Reason : 7631069e-55aa-48aa-a80c-68f378536a45 has not seen follower/s 59cccd2f-755e-4c45-a890-da01592df45f for 130764ms d2644fda-0f6b-4964-8120-db19826e02a4 for 130765ms
2019-09-16 18:02:03,936 [grpc-default-executor-1] INFO  client.GrpcClientProtocolClient (GrpcClientProtocolClient.java:onNext(264)) - client-19556C4CBA1B->59cccd2f-755e-4c45-a890-da01592df45f: receive RaftClientReply:client-19556C4CBA1B->59cccd2f-755e-4c45-a890-da01592df45f@group-D3A6482546DD, cid=40, FAILED org.apache.ratis.protocol.NotLeaderException: Server 59cccd2f-755e-4c45-a890-da01592df45f@group-D3A6482546DD is not the leader 7631069e-55aa-48aa-a80c-68f378536a45:192.168.157.233:39369, logIndex=0, commits[59cccd2f-755e-4c45-a890-da01592df45f:c16, 7631069e-55aa-48aa-a80c-68f378536a45:c16, d2644fda-0f6b-4964-8120-db19826e02a4:c14]
2019-09-16 18:02:04,094 [EventQueue-PipelineActionsForPipelineActionHandler] ERROR pipeline.PipelineActionHandler (PipelineActionHandler.java:onMessage(60)) - Received pipeline action CLOSE for Pipeline[ Id: 66c40936-c45e-4d82-92fb-d3a6482546dd, Nodes: d2644fda-0f6b-4964-8120-db19826e02a4{ip: 192.168.157.233, host: pr-hdds-2120-x62sn-1884063469, networkLocation: /default-rack, certSerialId: null}7631069e-55aa-48aa-a80c-68f378536a45{ip: 192.168.157.233, host: pr-hdds-2120-x62sn-1884063469, networkLocation: /default-rack, certSerialId: null}59cccd2f-755e-4c45-a890-da01592df45f{ip: 192.168.157.233, host: pr-hdds-2120-x62sn-1884063469, networkLocation: /default-rack, certSerialId: null}, Type:RATIS, Factor:THREE, State:CLOSED] from datanode 7631069e-55aa-48aa-a80c-68f378536a45{ip: 192.168.157.233, host: pr-hdds-2120-x62sn-1884063469, networkLocation: /default-rack, certSerialId: null}. Reason : 7631069e-55aa-48aa-a80c-68f378536a45 has not seen follower/s 59cccd2f-755e-4c45-a890-da01592df45f for 130764ms d2644fda-0f6b-4964-8120-db19826e02a4 for 130765ms
2019-09-16 18:02:04,094 [EventQueue-PipelineActionsForPipelineActionHandler] INFO  pipeline.SCMPipelineManager (SCMPipelineManager.java:finalizeAndDestroyPipeline(311)) - destroying pipeline:Pipeline[ Id: 66c40936-c45e-4d82-92fb-d3a6482546dd, Nodes: d2644fda-0f6b-4964-8120-db19826e02a4{ip: 192.168.157.233, host: pr-hdds-2120-x62sn-1884063469, networkLocation: /default-rack, certSerialId: null}7631069e-55aa-48aa-a80c-68f378536a45{ip: 192.168.157.233, host: pr-hdds-2120-x62sn-1884063469, networkLocation: /default-rack, certSerialId: null}59cccd2f-755e-4c45-a890-da01592df45f{ip: 192.168.157.233, host: pr-hdds-2120-x62sn-1884063469, networkLocation: /default-rack, certSerialId: null}, Type:RATIS, Factor:THREE, State:CLOSED]
2019-09-16 18:02:04,097 [java.util.concurrent.ThreadPoolExecutor$Worker@9fec2f6[State = -1, empty queue]] WARN  server.GrpcLogAppender (GrpcLogAppender.java:timeoutAppendRequest(200)) - 7631069e-55aa-48aa-a80c-68f378536a45@group-D3A6482546DD->d2644fda-0f6b-4964-8120-db19826e02a4-GrpcLogAppender: appendEntries Timeout, request=7631069e-55aa-48aa-a80c-68f378536a45->d2644fda-0f6b-4964-8120-db19826e02a4#73-t1, previous=(t:1, i:21), leaderCommit=16, initializing? false, entries: <empty>
2019-09-16 18:02:04,097 [java.util.concurrent.ThreadPoolExecutor$Worker@120e34ed[State = -1, empty queue]] WARN  server.GrpcLogAppender (GrpcLogAppender.java:timeoutAppendRequest(200)) - 7631069e-55aa-48aa-a80c-68f378536a45@group-D3A6482546DD->59cccd2f-755e-4c45-a890-da01592df45f-GrpcLogAppender: appendEntries Timeout, request=7631069e-55aa-48aa-a80c-68f378536a45->59cccd2f-755e-4c45-a890-da01592df45f#73-t1, previous=(t:1, i:21), leaderCommit=16, initializing? false, entries: <empty>
 0.00% |█                                                                                                    |  0/1 Time: 0:05:30 0.00% |█                                                                                                    |  0/1 Time: 0:05:312019-09-16 18:02:06,099 [org.apache.ratis.server.impl.LogAppender$AppenderDaemon$$Lambda$507/793688760@716607a2] ERROR ratis.XceiverServerRatis (XceiverServerRatis.java:triggerPipelineClose(568)) - pipeline Action CLOSE  on pipeline PipelineID=66c40936-c45e-4d82-92fb-d3a6482546dd.Reason : 7631069e-55aa-48aa-a80c-68f378536a45 has not seen follower/s 59cccd2f-755e-4c45-a890-da01592df45f for 133266ms d2644fda-0f6b-4964-8120-db19826e02a4 for 133266ms
2019-09-16 18:02:06,100 [org.apache.ratis.server.impl.LogAppender$AppenderDaemon$$Lambda$507/793688760@28820090] ERROR ratis.XceiverServerRatis (XceiverServerRatis.java:triggerPipelineClose(568)) - pipeline Action CLOSE  on pipeline PipelineID=66c40936-c45e-4d82-92fb-d3a6482546dd.Reason : 7631069e-55aa-48aa-a80c-68f378536a45 has not seen follower/s 59cccd2f-755e-4c45-a890-da01592df45f for 133266ms d2644fda-0f6b-4964-8120-db19826e02a4 for 133266ms
 0.00% |█                                                                                                    |  0/1 Time: 0:05:322019-09-16 18:02:06,598 [java.util.concurrent.ThreadPoolExecutor$Worker@9fec2f6[State = -1, empty queue]] WARN  server.GrpcLogAppender (GrpcLogAppender.java:timeoutAppendRequest(200)) - 7631069e-55aa-48aa-a80c-68f378536a45@group-D3A6482546DD->d2644fda-0f6b-4964-8120-db19826e02a4-GrpcLogAppender: appendEntries Timeout, request=7631069e-55aa-48aa-a80c-68f378536a45->d2644fda-0f6b-4964-8120-db19826e02a4#74-t1, previous=(t:1, i:21), leaderCommit=16, initializing? false, entries: <empty>
2019-09-16 18:02:06,598 [java.util.concurrent.ThreadPoolExecutor$Worker@120e34ed[State = -1, empty queue]] WARN  server.GrpcLogAppender (GrpcLogAppender.java:timeoutAppendRequest(200)) - 7631069e-55aa-48aa-a80c-68f378536a45@group-D3A6482546DD->59cccd2f-755e-4c45-a890-da01592df45f-GrpcLogAppender: appendEntries Timeout, request=7631069e-55aa-48aa-a80c-68f378536a45->59cccd2f-755e-4c45-a890-da01592df45f#74-t1, previous=(t:1, i:21), leaderCommit=16, initializing? false, entries: <empty>
2019-09-16 18:02:07,095 [EventQueue-PipelineActionsForPipelineActionHandler] ERROR pipeline.PipelineActionHandler (PipelineActionHandler.java:onMessage(60)) - Received pipeline action CLOSE for Pipeline[ Id: 66c40936-c45e-4d82-92fb-d3a6482546dd, Nodes: d2644fda-0f6b-4964-8120-db19826e02a4{ip: 192.168.157.233, host: pr-hdds-2120-x62sn-1884063469, networkLocation: /default-rack, certSerialId: null}7631069e-55aa-48aa-a80c-68f378536a45{ip: 192.168.157.233, host: pr-hdds-2120-x62sn-1884063469, networkLocation: /default-rack, certSerialId: null}59cccd2f-755e-4c45-a890-da01592df45f{ip: 192.168.157.233, host: pr-hdds-2120-x62sn-1884063469, networkLocation: /default-rack, certSerialId: null}, Type:RATIS, Factor:THREE, State:CLOSED] from datanode 7631069e-55aa-48aa-a80c-68f378536a45{ip: 192.168.157.233, host: pr-hdds-2120-x62sn-1884063469, networkLocation: /default-rack, certSerialId: null}. Reason : 7631069e-55aa-48aa-a80c-68f378536a45 has not seen follower/s 59cccd2f-755e-4c45-a890-da01592df45f for 133266ms d2644fda-0f6b-4964-8120-db19826e02a4 for 133266ms
2019-09-16 18:02:07,096 [EventQueue-PipelineActionsForPipelineActionHandler] INFO  pipeline.SCMPipelineManager (SCMPipelineManager.java:finalizeAndDestroyPipeline(311)) - destroying pipeline:Pipeline[ Id: 66c40936-c45e-4d82-92fb-d3a6482546dd, Nodes: d2644fda-0f6b-4964-8120-db19826e02a4{ip: 192.168.157.233, host: pr-hdds-2120-x62sn-1884063469, networkLocation: /default-rack, certSerialId: null}7631069e-55aa-48aa-a80c-68f378536a45{ip: 192.168.157.233, host: pr-hdds-2120-x62sn-1884063469, networkLocation: /default-rack, certSerialId: null}59cccd2f-755e-4c45-a890-da01592df45f{ip: 192.168.157.233, host: pr-hdds-2120-x62sn-1884063469, networkLocation: /default-rack, certSerialId: null}, Type:RATIS, Factor:THREE, State:CLOSED]
 0.00% |█                                                                                                    |  0/1 Time: 0:05:33 0.00% |█                                                                                                    |  0/1 Time: 0:05:342019-09-16 18:02:08,601 [org.apache.ratis.server.impl.LogAppender$AppenderDaemon$$Lambda$507/793688760@716607a2] ERROR ratis.XceiverServerRatis (XceiverServerRatis.java:triggerPipelineClose(568)) - pipeline Action CLOSE  on pipeline PipelineID=66c40936-c45e-4d82-92fb-d3a6482546dd.Reason : 7631069e-55aa-48aa-a80c-68f378536a45 has not seen follower/s 59cccd2f-755e-4c45-a890-da01592df45f for 135767ms d2644fda-0f6b-4964-8120-db19826e02a4 for 135768ms
2019-09-16 18:02:08,601 [org.apache.ratis.server.impl.LogAppender$AppenderDaemon$$Lambda$507/793688760@28820090] ERROR ratis.XceiverServerRatis (XceiverServerRatis.java:triggerPipelineClose(568)) - pipeline Action CLOSE  on pipeline PipelineID=66c40936-c45e-4d82-92fb-d3a6482546dd.Reason : 7631069e-55aa-48aa-a80c-68f378536a45 has not seen follower/s 59cccd2f-755e-4c45-a890-da01592df45f for 135767ms d2644fda-0f6b-4964-8120-db19826e02a4 for 135768ms
2019-09-16 18:02:08,989 [grpc-default-executor-1] INFO  client.GrpcClientProtocolClient (GrpcClientProtocolClient.java:onNext(264)) - client-19556C4CBA1B->59cccd2f-755e-4c45-a890-da01592df45f: receive RaftClientReply:client-19556C4CBA1B->59cccd2f-755e-4c45-a890-da01592df45f@group-D3A6482546DD, cid=40, FAILED org.apache.ratis.protocol.NotLeaderException: Server 59cccd2f-755e-4c45-a890-da01592df45f@group-D3A6482546DD is not the leader 7631069e-55aa-48aa-a80c-68f378536a45:192.168.157.233:39369, logIndex=0, commits[59cccd2f-755e-4c45-a890-da01592df45f:c16, 7631069e-55aa-48aa-a80c-68f378536a45:c16, d2644fda-0f6b-4964-8120-db19826e02a4:c14]
2019-09-16 18:02:09,095 [EventQueue-PipelineActionsForPipelineActionHandler] ERROR pipeline.PipelineActionHandler (PipelineActionHandler.java:onMessage(60)) - Received pipeline action CLOSE for Pipeline[ Id: 66c40936-c45e-4d82-92fb-d3a6482546dd, Nodes: d2644fda-0f6b-4964-8120-db19826e02a4{ip: 192.168.157.233, host: pr-hdds-2120-x62sn-1884063469, networkLocation: /default-rack, certSerialId: null}7631069e-55aa-48aa-a80c-68f378536a45{ip: 192.168.157.233, host: pr-hdds-2120-x62sn-1884063469, networkLocation: /default-rack, certSerialId: null}59cccd2f-755e-4c45-a890-da01592df45f{ip: 192.168.157.233, host: pr-hdds-2120-x62sn-1884063469, networkLocation: /default-rack, certSerialId: null}, Type:RATIS, Factor:THREE, State:CLOSED] from datanode 7631069e-55aa-48aa-a80c-68f378536a45{ip: 192.168.157.233, host: pr-hdds-2120-x62sn-1884063469, networkLocation: /default-rack, certSerialId: null}. Reason : 7631069e-55aa-48aa-a80c-68f378536a45 has not seen follower/s 59cccd2f-755e-4c45-a890-da01592df45f for 135767ms d2644fda-0f6b-4964-8120-db19826e02a4 for 135768ms
2019-09-16 18:02:09,096 [EventQueue-PipelineActionsForPipelineActionHandler] INFO  pipeline.SCMPipelineManager (SCMPipelineManager.java:finalizeAndDestroyPipeline(311)) - destroying pipeline:Pipeline[ Id: 66c40936-c45e-4d82-92fb-d3a6482546dd, Nodes: d2644fda-0f6b-4964-8120-db19826e02a4{ip: 192.168.157.233, host: pr-hdds-2120-x62sn-1884063469, networkLocation: /default-rack, certSerialId: null}7631069e-55aa-48aa-a80c-68f378536a45{ip: 192.168.157.233, host: pr-hdds-2120-x62sn-1884063469, networkLocation: /default-rack, certSerialId: null}59cccd2f-755e-4c45-a890-da01592df45f{ip: 192.168.157.233, host: pr-hdds-2120-x62sn-1884063469, networkLocation: /default-rack, certSerialId: null}, Type:RATIS, Factor:THREE, State:CLOSED]
2019-09-16 18:02:09,099 [java.util.concurrent.ThreadPoolExecutor$Worker@120e34ed[State = -1, empty queue]] WARN  server.GrpcLogAppender (GrpcLogAppender.java:timeoutAppendRequest(200)) - 7631069e-55aa-48aa-a80c-68f378536a45@group-D3A6482546DD->59cccd2f-755e-4c45-a890-da01592df45f-GrpcLogAppender: appendEntries Timeout, request=7631069e-55aa-48aa-a80c-68f378536a45->59cccd2f-755e-4c45-a890-da01592df45f#75-t1, previous=(t:1, i:21), leaderCommit=16, initializing? false, entries: <empty>
2019-09-16 18:02:09,099 [java.util.concurrent.ThreadPoolExecutor$Worker@9fec2f6[State = -1, empty queue]] WARN  server.GrpcLogAppender (GrpcLogAppender.java:timeoutAppendRequest(200)) - 7631069e-55aa-48aa-a80c-68f378536a45@group-D3A6482546DD->d2644fda-0f6b-4964-8120-db19826e02a4-GrpcLogAppender: appendEntries Timeout, request=7631069e-55aa-48aa-a80c-68f378536a45->d2644fda-0f6b-4964-8120-db19826e02a4#75-t1, previous=(t:1, i:21), leaderCommit=16, initializing? false, entries: <empty>
 0.00% |█                                                                                                    |  0/1 Time: 0:05:35 0.00% |█                                                                                                    |  0/1 Time: 0:05:362019-09-16 18:02:11,102 [org.apache.ratis.server.impl.LogAppender$AppenderDaemon$$Lambda$507/793688760@716607a2] ERROR ratis.XceiverServerRatis (XceiverServerRatis.java:triggerPipelineClose(568)) - pipeline Action CLOSE  on pipeline PipelineID=66c40936-c45e-4d82-92fb-d3a6482546dd.Reason : 7631069e-55aa-48aa-a80c-68f378536a45 has not seen follower/s 59cccd2f-755e-4c45-a890-da01592df45f for 138268ms d2644fda-0f6b-4964-8120-db19826e02a4 for 138269ms
2019-09-16 18:02:11,102 [org.apache.ratis.server.impl.LogAppender$AppenderDaemon$$Lambda$507/793688760@28820090] ERROR ratis.XceiverServerRatis (XceiverServerRatis.java:triggerPipelineClose(568)) - pipeline Action CLOSE  on pipeline PipelineID=66c40936-c45e-4d82-92fb-d3a6482546dd.Reason : 7631069e-55aa-48aa-a80c-68f378536a45 has not seen follower/s 59cccd2f-755e-4c45-a890-da01592df45f for 138268ms d2644fda-0f6b-4964-8120-db19826e02a4 for 138269ms
 0.00% |█                                                                                                    |  0/1 Time: 0:05:372019-09-16 18:02:11,601 [java.util.concurrent.ThreadPoolExecutor$Worker@9fec2f6[State = -1, empty queue]] WARN  server.GrpcLogAppender (GrpcLogAppender.java:timeoutAppendRequest(200)) - 7631069e-55aa-48aa-a80c-68f378536a45@group-D3A6482546DD->d2644fda-0f6b-4964-8120-db19826e02a4-GrpcLogAppender: appendEntries Timeout, request=7631069e-55aa-48aa-a80c-68f378536a45->d2644fda-0f6b-4964-8120-db19826e02a4#76-t1, previous=(t:1, i:21), leaderCommit=16, initializing? false, entries: <empty>
2019-09-16 18:02:11,601 [java.util.concurrent.ThreadPoolExecutor$Worker@120e34ed[State = -1, empty queue]] WARN  server.GrpcLogAppender (GrpcLogAppender.java:timeoutAppendRequest(200)) - 7631069e-55aa-48aa-a80c-68f378536a45@group-D3A6482546DD->59cccd2f-755e-4c45-a890-da01592df45f-GrpcLogAppender: appendEntries Timeout, request=7631069e-55aa-48aa-a80c-68f378536a45->59cccd2f-755e-4c45-a890-da01592df45f#76-t1, previous=(t:1, i:21), leaderCommit=16, initializing? false, entries: <empty>
2019-09-16 18:02:12,096 [EventQueue-PipelineActionsForPipelineActionHandler] ERROR pipeline.PipelineActionHandler (PipelineActionHandler.java:onMessage(60)) - Received pipeline action CLOSE for Pipeline[ Id: 66c40936-c45e-4d82-92fb-d3a6482546dd, Nodes: d2644fda-0f6b-4964-8120-db19826e02a4{ip: 192.168.157.233, host: pr-hdds-2120-x62sn-1884063469, networkLocation: /default-rack, certSerialId: null}7631069e-55aa-48aa-a80c-68f378536a45{ip: 192.168.157.233, host: pr-hdds-2120-x62sn-1884063469, networkLocation: /default-rack, certSerialId: null}59cccd2f-755e-4c45-a890-da01592df45f{ip: 192.168.157.233, host: pr-hdds-2120-x62sn-1884063469, networkLocation: /default-rack, certSerialId: null}, Type:RATIS, Factor:THREE, State:CLOSED] from datanode 7631069e-55aa-48aa-a80c-68f378536a45{ip: 192.168.157.233, host: pr-hdds-2120-x62sn-1884063469, networkLocation: /default-rack, certSerialId: null}. Reason : 7631069e-55aa-48aa-a80c-68f378536a45 has not seen follower/s 59cccd2f-755e-4c45-a890-da01592df45f for 138268ms d2644fda-0f6b-4964-8120-db19826e02a4 for 138269ms
2019-09-16 18:02:12,097 [EventQueue-PipelineActionsForPipelineActionHandler] INFO  pipeline.SCMPipelineManager (SCMPipelineManager.java:finalizeAndDestroyPipeline(311)) - destroying pipeline:Pipeline[ Id: 66c40936-c45e-4d82-92fb-d3a6482546dd, Nodes: d2644fda-0f6b-4964-8120-db19826e02a4{ip: 192.168.157.233, host: pr-hdds-2120-x62sn-1884063469, networkLocation: /default-rack, certSerialId: null}7631069e-55aa-48aa-a80c-68f378536a45{ip: 192.168.157.233, host: pr-hdds-2120-x62sn-1884063469, networkLocation: /default-rack, certSerialId: null}59cccd2f-755e-4c45-a890-da01592df45f{ip: 192.168.157.233, host: pr-hdds-2120-x62sn-1884063469, networkLocation: /default-rack, certSerialId: null}, Type:RATIS, Factor:THREE, State:CLOSED]
 0.00% |█                                                                                                    |  0/1 Time: 0:05:382019-09-16 18:02:12,882 [59cccd2f-755e-4c45-a890-da01592df45f@group-D3A6482546DD-SegmentedRaftLogWorker] WARN  segmented.SegmentedRaftLogWorker (SegmentedRaftLogWorker.java:getFromFuture(90)) - Timeout 13/~
org.apache.ratis.protocol.TimeoutIOException: Timeout 10s: WriteLog:17: (t:1, i:17), STATEMACHINELOGENTRY, client-19556C4CBA1B, cid=40-writeStateMachineData
	at org.apache.ratis.util.IOUtils.getFromFuture(IOUtils.java:87)
	at org.apache.ratis.server.raftlog.segmented.SegmentedRaftLogWorker$StateMachineDataPolicy.getFromFuture(SegmentedRaftLogWorker.java:87)
	at org.apache.ratis.server.raftlog.segmented.SegmentedRaftLogWorker$WriteLog.execute(SegmentedRaftLogWorker.java:477)
	at org.apache.ratis.server.raftlog.segmented.SegmentedRaftLogWorker.run(SegmentedRaftLogWorker.java:289)
	at java.lang.Thread.run(Thread.java:748)
Caused by: java.util.concurrent.TimeoutException
	at java.util.concurrent.CompletableFuture.timedGet(CompletableFuture.java:1771)
	at java.util.concurrent.CompletableFuture.get(CompletableFuture.java:1915)
	at org.apache.ratis.util.IOUtils.getFromFuture(IOUtils.java:79)
	... 4 more
2019-09-16 18:02:13,027 [d2644fda-0f6b-4964-8120-db19826e02a4@group-D3A6482546DD-SegmentedRaftLogWorker] WARN  segmented.SegmentedRaftLogWorker (SegmentedRaftLogWorker.java:getFromFuture(90)) - Timeout 13/~
org.apache.ratis.protocol.TimeoutIOException: Timeout 10s: WriteLog:19: (t:1, i:19), STATEMACHINELOGENTRY, client-19556C4CBA1B, cid=42-writeStateMachineData
	at org.apache.ratis.util.IOUtils.getFromFuture(IOUtils.java:87)
	at org.apache.ratis.server.raftlog.segmented.SegmentedRaftLogWorker$StateMachineDataPolicy.getFromFuture(SegmentedRaftLogWorker.java:87)
	at org.apache.ratis.server.raftlog.segmented.SegmentedRaftLogWorker$WriteLog.execute(SegmentedRaftLogWorker.java:477)
	at org.apache.ratis.server.raftlog.segmented.SegmentedRaftLogWorker.run(SegmentedRaftLogWorker.java:289)
	at java.lang.Thread.run(Thread.java:748)
Caused by: java.util.concurrent.TimeoutException
	at java.util.concurrent.CompletableFuture.timedGet(CompletableFuture.java:1771)
	at java.util.concurrent.CompletableFuture.get(CompletableFuture.java:1915)
	at org.apache.ratis.util.IOUtils.getFromFuture(IOUtils.java:79)
	... 4 more
2019-09-16 18:02:13,027 [7631069e-55aa-48aa-a80c-68f378536a45@group-D3A6482546DD-SegmentedRaftLogWorker] WARN  segmented.SegmentedRaftLogWorker (SegmentedRaftLogWorker.java:getFromFuture(90)) - Timeout 13/~
org.apache.ratis.protocol.TimeoutIOException: Timeout 10s: WriteLog:19: (t:1, i:19), STATEMACHINELOGENTRY, client-19556C4CBA1B, cid=42-writeStateMachineData
	at org.apache.ratis.util.IOUtils.getFromFuture(IOUtils.java:87)
	at org.apache.ratis.server.raftlog.segmented.SegmentedRaftLogWorker$StateMachineDataPolicy.getFromFuture(SegmentedRaftLogWorker.java:87)
	at org.apache.ratis.server.raftlog.segmented.SegmentedRaftLogWorker$WriteLog.execute(SegmentedRaftLogWorker.java:477)
	at org.apache.ratis.server.raftlog.segmented.SegmentedRaftLogWorker.run(SegmentedRaftLogWorker.java:289)
	at java.lang.Thread.run(Thread.java:748)
Caused by: java.util.concurrent.TimeoutException
	at java.util.concurrent.CompletableFuture.timedGet(CompletableFuture.java:1771)
	at java.util.concurrent.CompletableFuture.get(CompletableFuture.java:1915)
	at org.apache.ratis.util.IOUtils.getFromFuture(IOUtils.java:79)
	... 4 more
 0.00% |█                                                                                                    |  0/1 Time: 0:05:392019-09-16 18:02:13,603 [org.apache.ratis.server.impl.LogAppender$AppenderDaemon$$Lambda$507/793688760@28820090] ERROR ratis.XceiverServerRatis (XceiverServerRatis.java:triggerPipelineClose(568)) - pipeline Action CLOSE  on pipeline PipelineID=66c40936-c45e-4d82-92fb-d3a6482546dd.Reason : 7631069e-55aa-48aa-a80c-68f378536a45 has not seen follower/s 59cccd2f-755e-4c45-a890-da01592df45f for 140769ms d2644fda-0f6b-4964-8120-db19826e02a4 for 140769ms
2019-09-16 18:02:13,603 [org.apache.ratis.server.impl.LogAppender$AppenderDaemon$$Lambda$507/793688760@716607a2] ERROR ratis.XceiverServerRatis (XceiverServerRatis.java:triggerPipelineClose(568)) - pipeline Action CLOSE  on pipeline PipelineID=66c40936-c45e-4d82-92fb-d3a6482546dd.Reason : 7631069e-55aa-48aa-a80c-68f378536a45 has not seen follower/s 59cccd2f-755e-4c45-a890-da01592df45f for 140769ms d2644fda-0f6b-4964-8120-db19826e02a4 for 140770ms
2019-09-16 18:02:14,041 [grpc-default-executor-3] INFO  client.GrpcClientProtocolClient (GrpcClientProtocolClient.java:onNext(264)) - client-19556C4CBA1B->d2644fda-0f6b-4964-8120-db19826e02a4: receive RaftClientReply:client-19556C4CBA1B->d2644fda-0f6b-4964-8120-db19826e02a4@group-D3A6482546DD, cid=40, FAILED org.apache.ratis.protocol.NotLeaderException: Server d2644fda-0f6b-4964-8120-db19826e02a4@group-D3A6482546DD is not the leader 7631069e-55aa-48aa-a80c-68f378536a45:192.168.157.233:39369, logIndex=0, commits[d2644fda-0f6b-4964-8120-db19826e02a4:c16, 7631069e-55aa-48aa-a80c-68f378536a45:c16, 59cccd2f-755e-4c45-a890-da01592df45f:c14]
2019-09-16 18:02:14,097 [EventQueue-PipelineActionsForPipelineActionHandler] ERROR pipeline.PipelineActionHandler (PipelineActionHandler.java:onMessage(60)) - Received pipeline action CLOSE for Pipeline[ Id: 66c40936-c45e-4d82-92fb-d3a6482546dd, Nodes: d2644fda-0f6b-4964-8120-db19826e02a4{ip: 192.168.157.233, host: pr-hdds-2120-x62sn-1884063469, networkLocation: /default-rack, certSerialId: null}7631069e-55aa-48aa-a80c-68f378536a45{ip: 192.168.157.233, host: pr-hdds-2120-x62sn-1884063469, networkLocation: /default-rack, certSerialId: null}59cccd2f-755e-4c45-a890-da01592df45f{ip: 192.168.157.233, host: pr-hdds-2120-x62sn-1884063469, networkLocation: /default-rack, certSerialId: null}, Type:RATIS, Factor:THREE, State:CLOSED] from datanode 7631069e-55aa-48aa-a80c-68f378536a45{ip: 192.168.157.233, host: pr-hdds-2120-x62sn-1884063469, networkLocation: /default-rack, certSerialId: null}. Reason : 7631069e-55aa-48aa-a80c-68f378536a45 has not seen follower/s 59cccd2f-755e-4c45-a890-da01592df45f for 140769ms d2644fda-0f6b-4964-8120-db19826e02a4 for 140769ms
2019-09-16 18:02:14,097 [EventQueue-PipelineActionsForPipelineActionHandler] INFO  pipeline.SCMPipelineManager (SCMPipelineManager.java:finalizeAndDestroyPipeline(311)) - destroying pipeline:Pipeline[ Id: 66c40936-c45e-4d82-92fb-d3a6482546dd, Nodes: d2644fda-0f6b-4964-8120-db19826e02a4{ip: 192.168.157.233, host: pr-hdds-2120-x62sn-1884063469, networkLocation: /default-rack, certSerialId: null}7631069e-55aa-48aa-a80c-68f378536a45{ip: 192.168.157.233, host: pr-hdds-2120-x62sn-1884063469, networkLocation: /default-rack, certSerialId: null}59cccd2f-755e-4c45-a890-da01592df45f{ip: 192.168.157.233, host: pr-hdds-2120-x62sn-1884063469, networkLocation: /default-rack, certSerialId: null}, Type:RATIS, Factor:THREE, State:CLOSED]
2019-09-16 18:02:14,102 [java.util.concurrent.ThreadPoolExecutor$Worker@9fec2f6[State = -1, empty queue]] WARN  server.GrpcLogAppender (GrpcLogAppender.java:timeoutAppendRequest(200)) - 7631069e-55aa-48aa-a80c-68f378536a45@group-D3A6482546DD->d2644fda-0f6b-4964-8120-db19826e02a4-GrpcLogAppender: appendEntries Timeout, request=7631069e-55aa-48aa-a80c-68f378536a45->d2644fda-0f6b-4964-8120-db19826e02a4#77-t1, previous=(t:1, i:21), leaderCommit=16, initializing? false, entries: <empty>
2019-09-16 18:02:14,102 [java.util.concurrent.ThreadPoolExecutor$Worker@120e34ed[State = -1, empty queue]] WARN  server.GrpcLogAppender (GrpcLogAppender.java:timeoutAppendRequest(200)) - 7631069e-55aa-48aa-a80c-68f378536a45@group-D3A6482546DD->59cccd2f-755e-4c45-a890-da01592df45f-GrpcLogAppender: appendEntries Timeout, request=7631069e-55aa-48aa-a80c-68f378536a45->59cccd2f-755e-4c45-a890-da01592df45f#77-t1, previous=(t:1, i:21), leaderCommit=16, initializing? false, entries: <empty>
 0.00% |█                                                                                                    |  0/1 Time: 0:05:40 0.00% |█                                                                                                    |  0/1 Time: 0:05:412019-09-16 18:02:16,104 [org.apache.ratis.server.impl.LogAppender$AppenderDaemon$$Lambda$507/793688760@28820090] ERROR ratis.XceiverServerRatis (XceiverServerRatis.java:triggerPipelineClose(568)) - pipeline Action CLOSE  on pipeline PipelineID=66c40936-c45e-4d82-92fb-d3a6482546dd.Reason : 7631069e-55aa-48aa-a80c-68f378536a45 has not seen follower/s 59cccd2f-755e-4c45-a890-da01592df45f for 143270ms d2644fda-0f6b-4964-8120-db19826e02a4 for 143270ms
2019-09-16 18:02:16,104 [org.apache.ratis.server.impl.LogAppender$AppenderDaemon$$Lambda$507/793688760@716607a2] ERROR ratis.XceiverServerRatis (XceiverServerRatis.java:triggerPipelineClose(568)) - pipeline Action CLOSE  on pipeline PipelineID=66c40936-c45e-4d82-92fb-d3a6482546dd.Reason : 7631069e-55aa-48aa-a80c-68f378536a45 has not seen follower/s 59cccd2f-755e-4c45-a890-da01592df45f for 143270ms d2644fda-0f6b-4964-8120-db19826e02a4 for 143271ms
 0.00% |█                                                                                                    |  0/1 Time: 0:05:422019-09-16 18:02:16,603 [java.util.concurrent.ThreadPoolExecutor$Worker@9fec2f6[State = -1, empty queue]] WARN  server.GrpcLogAppender (GrpcLogAppender.java:timeoutAppendRequest(200)) - 7631069e-55aa-48aa-a80c-68f378536a45@group-D3A6482546DD->d2644fda-0f6b-4964-8120-db19826e02a4-GrpcLogAppender: appendEntries Timeout, request=7631069e-55aa-48aa-a80c-68f378536a45->d2644fda-0f6b-4964-8120-db19826e02a4#78-t1, previous=(t:1, i:21), leaderCommit=16, initializing? false, entries: <empty>
2019-09-16 18:02:16,603 [java.util.concurrent.ThreadPoolExecutor$Worker@120e34ed[State = -1, empty queue]] WARN  server.GrpcLogAppender (GrpcLogAppender.java:timeoutAppendRequest(200)) - 7631069e-55aa-48aa-a80c-68f378536a45@group-D3A6482546DD->59cccd2f-755e-4c45-a890-da01592df45f-GrpcLogAppender: appendEntries Timeout, request=7631069e-55aa-48aa-a80c-68f378536a45->59cccd2f-755e-4c45-a890-da01592df45f#78-t1, previous=(t:1, i:21), leaderCommit=16, initializing? false, entries: <empty>
2019-09-16 18:02:17,098 [EventQueue-PipelineActionsForPipelineActionHandler] ERROR pipeline.PipelineActionHandler (PipelineActionHandler.java:onMessage(60)) - Received pipeline action CLOSE for Pipeline[ Id: 66c40936-c45e-4d82-92fb-d3a6482546dd, Nodes: d2644fda-0f6b-4964-8120-db19826e02a4{ip: 192.168.157.233, host: pr-hdds-2120-x62sn-1884063469, networkLocation: /default-rack, certSerialId: null}7631069e-55aa-48aa-a80c-68f378536a45{ip: 192.168.157.233, host: pr-hdds-2120-x62sn-1884063469, networkLocation: /default-rack, certSerialId: null}59cccd2f-755e-4c45-a890-da01592df45f{ip: 192.168.157.233, host: pr-hdds-2120-x62sn-1884063469, networkLocation: /default-rack, certSerialId: null}, Type:RATIS, Factor:THREE, State:CLOSED] from datanode 7631069e-55aa-48aa-a80c-68f378536a45{ip: 192.168.157.233, host: pr-hdds-2120-x62sn-1884063469, networkLocation: /default-rack, certSerialId: null}. Reason : 7631069e-55aa-48aa-a80c-68f378536a45 has not seen follower/s 59cccd2f-755e-4c45-a890-da01592df45f for 143270ms d2644fda-0f6b-4964-8120-db19826e02a4 for 143270ms
2019-09-16 18:02:17,099 [EventQueue-PipelineActionsForPipelineActionHandler] INFO  pipeline.SCMPipelineManager (SCMPipelineManager.java:finalizeAndDestroyPipeline(311)) - destroying pipeline:Pipeline[ Id: 66c40936-c45e-4d82-92fb-d3a6482546dd, Nodes: d2644fda-0f6b-4964-8120-db19826e02a4{ip: 192.168.157.233, host: pr-hdds-2120-x62sn-1884063469, networkLocation: /default-rack, certSerialId: null}7631069e-55aa-48aa-a80c-68f378536a45{ip: 192.168.157.233, host: pr-hdds-2120-x62sn-1884063469, networkLocation: /default-rack, certSerialId: null}59cccd2f-755e-4c45-a890-da01592df45f{ip: 192.168.157.233, host: pr-hdds-2120-x62sn-1884063469, networkLocation: /default-rack, certSerialId: null}, Type:RATIS, Factor:THREE, State:CLOSED]
 0.00% |█                                                                                                    |  0/1 Time: 0:05:43 0.00% |█                                                                                                    |  0/1 Time: 0:05:442019-09-16 18:02:18,605 [org.apache.ratis.server.impl.LogAppender$AppenderDaemon$$Lambda$507/793688760@716607a2] ERROR ratis.XceiverServerRatis (XceiverServerRatis.java:triggerPipelineClose(568)) - pipeline Action CLOSE  on pipeline PipelineID=66c40936-c45e-4d82-92fb-d3a6482546dd.Reason : 7631069e-55aa-48aa-a80c-68f378536a45 has not seen follower/s 59cccd2f-755e-4c45-a890-da01592df45f for 145771ms d2644fda-0f6b-4964-8120-db19826e02a4 for 145772ms
2019-09-16 18:02:18,605 [org.apache.ratis.server.impl.LogAppender$AppenderDaemon$$Lambda$507/793688760@28820090] ERROR ratis.XceiverServerRatis (XceiverServerRatis.java:triggerPipelineClose(568)) - pipeline Action CLOSE  on pipeline PipelineID=66c40936-c45e-4d82-92fb-d3a6482546dd.Reason : 7631069e-55aa-48aa-a80c-68f378536a45 has not seen follower/s 59cccd2f-755e-4c45-a890-da01592df45f for 145771ms d2644fda-0f6b-4964-8120-db19826e02a4 for 145772ms
2019-09-16 18:02:19,082 [grpc-default-executor-1] INFO  client.GrpcClientProtocolClient (GrpcClientProtocolClient.java:onNext(264)) - client-19556C4CBA1B->d2644fda-0f6b-4964-8120-db19826e02a4: receive RaftClientReply:client-19556C4CBA1B->d2644fda-0f6b-4964-8120-db19826e02a4@group-D3A6482546DD, cid=40, FAILED org.apache.ratis.protocol.NotLeaderException: Server d2644fda-0f6b-4964-8120-db19826e02a4@group-D3A6482546DD is not the leader 7631069e-55aa-48aa-a80c-68f378536a45:192.168.157.233:39369, logIndex=0, commits[d2644fda-0f6b-4964-8120-db19826e02a4:c16, 7631069e-55aa-48aa-a80c-68f378536a45:c16, 59cccd2f-755e-4c45-a890-da01592df45f:c14]
2019-09-16 18:02:19,099 [EventQueue-PipelineActionsForPipelineActionHandler] ERROR pipeline.PipelineActionHandler (PipelineActionHandler.java:onMessage(60)) - Received pipeline action CLOSE for Pipeline[ Id: 66c40936-c45e-4d82-92fb-d3a6482546dd, Nodes: d2644fda-0f6b-4964-8120-db19826e02a4{ip: 192.168.157.233, host: pr-hdds-2120-x62sn-1884063469, networkLocation: /default-rack, certSerialId: null}7631069e-55aa-48aa-a80c-68f378536a45{ip: 192.168.157.233, host: pr-hdds-2120-x62sn-1884063469, networkLocation: /default-rack, certSerialId: null}59cccd2f-755e-4c45-a890-da01592df45f{ip: 192.168.157.233, host: pr-hdds-2120-x62sn-1884063469, networkLocation: /default-rack, certSerialId: null}, Type:RATIS, Factor:THREE, State:CLOSED] from datanode 7631069e-55aa-48aa-a80c-68f378536a45{ip: 192.168.157.233, host: pr-hdds-2120-x62sn-1884063469, networkLocation: /default-rack, certSerialId: null}. Reason : 7631069e-55aa-48aa-a80c-68f378536a45 has not seen follower/s 59cccd2f-755e-4c45-a890-da01592df45f for 145771ms d2644fda-0f6b-4964-8120-db19826e02a4 for 145772ms
2019-09-16 18:02:19,099 [EventQueue-PipelineActionsForPipelineActionHandler] INFO  pipeline.SCMPipelineManager (SCMPipelineManager.java:finalizeAndDestroyPipeline(311)) - destroying pipeline:Pipeline[ Id: 66c40936-c45e-4d82-92fb-d3a6482546dd, Nodes: d2644fda-0f6b-4964-8120-db19826e02a4{ip: 192.168.157.233, host: pr-hdds-2120-x62sn-1884063469, networkLocation: /default-rack, certSerialId: null}7631069e-55aa-48aa-a80c-68f378536a45{ip: 192.168.157.233, host: pr-hdds-2120-x62sn-1884063469, networkLocation: /default-rack, certSerialId: null}59cccd2f-755e-4c45-a890-da01592df45f{ip: 192.168.157.233, host: pr-hdds-2120-x62sn-1884063469, networkLocation: /default-rack, certSerialId: null}, Type:RATIS, Factor:THREE, State:CLOSED]
2019-09-16 18:02:19,103 [java.util.concurrent.ThreadPoolExecutor$Worker@9fec2f6[State = -1, empty queue]] WARN  server.GrpcLogAppender (GrpcLogAppender.java:timeoutAppendRequest(200)) - 7631069e-55aa-48aa-a80c-68f378536a45@group-D3A6482546DD->d2644fda-0f6b-4964-8120-db19826e02a4-GrpcLogAppender: appendEntries Timeout, request=7631069e-55aa-48aa-a80c-68f378536a45->d2644fda-0f6b-4964-8120-db19826e02a4#79-t1, previous=(t:1, i:21), leaderCommit=16, initializing? false, entries: <empty>
2019-09-16 18:02:19,104 [java.util.concurrent.ThreadPoolExecutor$Worker@120e34ed[State = -1, empty queue]] WARN  server.GrpcLogAppender (GrpcLogAppender.java:timeoutAppendRequest(200)) - 7631069e-55aa-48aa-a80c-68f378536a45@group-D3A6482546DD->59cccd2f-755e-4c45-a890-da01592df45f-GrpcLogAppender: appendEntries Timeout, request=7631069e-55aa-48aa-a80c-68f378536a45->59cccd2f-755e-4c45-a890-da01592df45f#79-t1, previous=(t:1, i:21), leaderCommit=16, initializing? false, entries: <empty>
 0.00% |█                                                                                                    |  0/1 Time: 0:05:45 0.00% |█                                                                                                    |  0/1 Time: 0:05:462019-09-16 18:02:21,107 [org.apache.ratis.server.impl.LogAppender$AppenderDaemon$$Lambda$507/793688760@28820090] ERROR ratis.XceiverServerRatis (XceiverServerRatis.java:triggerPipelineClose(568)) - pipeline Action CLOSE  on pipeline PipelineID=66c40936-c45e-4d82-92fb-d3a6482546dd.Reason : 7631069e-55aa-48aa-a80c-68f378536a45 has not seen follower/s 59cccd2f-755e-4c45-a890-da01592df45f for 148273ms d2644fda-0f6b-4964-8120-db19826e02a4 for 148273ms
2019-09-16 18:02:21,107 [org.apache.ratis.server.impl.LogAppender$AppenderDaemon$$Lambda$507/793688760@716607a2] ERROR ratis.XceiverServerRatis (XceiverServerRatis.java:triggerPipelineClose(568)) - pipeline Action CLOSE  on pipeline PipelineID=66c40936-c45e-4d82-92fb-d3a6482546dd.Reason : 7631069e-55aa-48aa-a80c-68f378536a45 has not seen follower/s 59cccd2f-755e-4c45-a890-da01592df45f for 148273ms d2644fda-0f6b-4964-8120-db19826e02a4 for 148273ms
 0.00% |█                                                                                                    |  0/1 Time: 0:05:472019-09-16 18:02:21,605 [java.util.concurrent.ThreadPoolExecutor$Worker@120e34ed[State = -1, empty queue]] WARN  server.GrpcLogAppender (GrpcLogAppender.java:timeoutAppendRequest(200)) - 7631069e-55aa-48aa-a80c-68f378536a45@group-D3A6482546DD->59cccd2f-755e-4c45-a890-da01592df45f-GrpcLogAppender: appendEntries Timeout, request=7631069e-55aa-48aa-a80c-68f378536a45->59cccd2f-755e-4c45-a890-da01592df45f#80-t1, previous=(t:1, i:21), leaderCommit=16, initializing? false, entries: <empty>
2019-09-16 18:02:21,605 [java.util.concurrent.ThreadPoolExecutor$Worker@9fec2f6[State = -1, empty queue]] WARN  server.GrpcLogAppender (GrpcLogAppender.java:timeoutAppendRequest(200)) - 7631069e-55aa-48aa-a80c-68f378536a45@group-D3A6482546DD->d2644fda-0f6b-4964-8120-db19826e02a4-GrpcLogAppender: appendEntries Timeout, request=7631069e-55aa-48aa-a80c-68f378536a45->d2644fda-0f6b-4964-8120-db19826e02a4#80-t1, previous=(t:1, i:21), leaderCommit=16, initializing? false, entries: <empty>
2019-09-16 18:02:22,101 [EventQueue-PipelineActionsForPipelineActionHandler] ERROR pipeline.PipelineActionHandler (PipelineActionHandler.java:onMessage(60)) - Received pipeline action CLOSE for Pipeline[ Id: 66c40936-c45e-4d82-92fb-d3a6482546dd, Nodes: d2644fda-0f6b-4964-8120-db19826e02a4{ip: 192.168.157.233, host: pr-hdds-2120-x62sn-1884063469, networkLocation: /default-rack, certSerialId: null}7631069e-55aa-48aa-a80c-68f378536a45{ip: 192.168.157.233, host: pr-hdds-2120-x62sn-1884063469, networkLocation: /default-rack, certSerialId: null}59cccd2f-755e-4c45-a890-da01592df45f{ip: 192.168.157.233, host: pr-hdds-2120-x62sn-1884063469, networkLocation: /default-rack, certSerialId: null}, Type:RATIS, Factor:THREE, State:CLOSED] from datanode 7631069e-55aa-48aa-a80c-68f378536a45{ip: 192.168.157.233, host: pr-hdds-2120-x62sn-1884063469, networkLocation: /default-rack, certSerialId: null}. Reason : 7631069e-55aa-48aa-a80c-68f378536a45 has not seen follower/s 59cccd2f-755e-4c45-a890-da01592df45f for 148273ms d2644fda-0f6b-4964-8120-db19826e02a4 for 148273ms
2019-09-16 18:02:22,101 [EventQueue-PipelineActionsForPipelineActionHandler] INFO  pipeline.SCMPipelineManager (SCMPipelineManager.java:finalizeAndDestroyPipeline(311)) - destroying pipeline:Pipeline[ Id: 66c40936-c45e-4d82-92fb-d3a6482546dd, Nodes: d2644fda-0f6b-4964-8120-db19826e02a4{ip: 192.168.157.233, host: pr-hdds-2120-x62sn-1884063469, networkLocation: /default-rack, certSerialId: null}7631069e-55aa-48aa-a80c-68f378536a45{ip: 192.168.157.233, host: pr-hdds-2120-x62sn-1884063469, networkLocation: /default-rack, certSerialId: null}59cccd2f-755e-4c45-a890-da01592df45f{ip: 192.168.157.233, host: pr-hdds-2120-x62sn-1884063469, networkLocation: /default-rack, certSerialId: null}, Type:RATIS, Factor:THREE, State:CLOSED]
 0.00% |█                                                                                                    |  0/1 Time: 0:05:482019-09-16 18:02:22,883 [59cccd2f-755e-4c45-a890-da01592df45f@group-D3A6482546DD-SegmentedRaftLogWorker] WARN  segmented.SegmentedRaftLogWorker (SegmentedRaftLogWorker.java:getFromFuture(90)) - Timeout 14/~
org.apache.ratis.protocol.TimeoutIOException: Timeout 10s: WriteLog:17: (t:1, i:17), STATEMACHINELOGENTRY, client-19556C4CBA1B, cid=40-writeStateMachineData
	at org.apache.ratis.util.IOUtils.getFromFuture(IOUtils.java:87)
	at org.apache.ratis.server.raftlog.segmented.SegmentedRaftLogWorker$StateMachineDataPolicy.getFromFuture(SegmentedRaftLogWorker.java:87)
	at org.apache.ratis.server.raftlog.segmented.SegmentedRaftLogWorker$WriteLog.execute(SegmentedRaftLogWorker.java:477)
	at org.apache.ratis.server.raftlog.segmented.SegmentedRaftLogWorker.run(SegmentedRaftLogWorker.java:289)
	at java.lang.Thread.run(Thread.java:748)
Caused by: java.util.concurrent.TimeoutException
	at java.util.concurrent.CompletableFuture.timedGet(CompletableFuture.java:1771)
	at java.util.concurrent.CompletableFuture.get(CompletableFuture.java:1915)
	at org.apache.ratis.util.IOUtils.getFromFuture(IOUtils.java:79)
	... 4 more
2019-09-16 18:02:23,030 [d2644fda-0f6b-4964-8120-db19826e02a4@group-D3A6482546DD-SegmentedRaftLogWorker] WARN  segmented.SegmentedRaftLogWorker (SegmentedRaftLogWorker.java:getFromFuture(90)) - Timeout 14/~
org.apache.ratis.protocol.TimeoutIOException: Timeout 10s: WriteLog:19: (t:1, i:19), STATEMACHINELOGENTRY, client-19556C4CBA1B, cid=42-writeStateMachineData
	at org.apache.ratis.util.IOUtils.getFromFuture(IOUtils.java:87)
	at org.apache.ratis.server.raftlog.segmented.SegmentedRaftLogWorker$StateMachineDataPolicy.getFromFuture(SegmentedRaftLogWorker.java:87)
	at org.apache.ratis.server.raftlog.segmented.SegmentedRaftLogWorker$WriteLog.execute(SegmentedRaftLogWorker.java:477)
	at org.apache.ratis.server.raftlog.segmented.SegmentedRaftLogWorker.run(SegmentedRaftLogWorker.java:289)
	at java.lang.Thread.run(Thread.java:748)
Caused by: java.util.concurrent.TimeoutException
	at java.util.concurrent.CompletableFuture.timedGet(CompletableFuture.java:1771)
	at java.util.concurrent.CompletableFuture.get(CompletableFuture.java:1915)
	at org.apache.ratis.util.IOUtils.getFromFuture(IOUtils.java:79)
	... 4 more
2019-09-16 18:02:23,030 [7631069e-55aa-48aa-a80c-68f378536a45@group-D3A6482546DD-SegmentedRaftLogWorker] WARN  segmented.SegmentedRaftLogWorker (SegmentedRaftLogWorker.java:getFromFuture(90)) - Timeout 14/~
org.apache.ratis.protocol.TimeoutIOException: Timeout 10s: WriteLog:19: (t:1, i:19), STATEMACHINELOGENTRY, client-19556C4CBA1B, cid=42-writeStateMachineData
	at org.apache.ratis.util.IOUtils.getFromFuture(IOUtils.java:87)
	at org.apache.ratis.server.raftlog.segmented.SegmentedRaftLogWorker$StateMachineDataPolicy.getFromFuture(SegmentedRaftLogWorker.java:87)
	at org.apache.ratis.server.raftlog.segmented.SegmentedRaftLogWorker$WriteLog.execute(SegmentedRaftLogWorker.java:477)
	at org.apache.ratis.server.raftlog.segmented.SegmentedRaftLogWorker.run(SegmentedRaftLogWorker.java:289)
	at java.lang.Thread.run(Thread.java:748)
Caused by: java.util.concurrent.TimeoutException
	at java.util.concurrent.CompletableFuture.timedGet(CompletableFuture.java:1771)
	at java.util.concurrent.CompletableFuture.get(CompletableFuture.java:1915)
	at org.apache.ratis.util.IOUtils.getFromFuture(IOUtils.java:79)
	... 4 more
 0.00% |█                                                                                                    |  0/1 Time: 0:05:492019-09-16 18:02:23,607 [org.apache.ratis.server.impl.LogAppender$AppenderDaemon$$Lambda$507/793688760@28820090] ERROR ratis.XceiverServerRatis (XceiverServerRatis.java:triggerPipelineClose(568)) - pipeline Action CLOSE  on pipeline PipelineID=66c40936-c45e-4d82-92fb-d3a6482546dd.Reason : 7631069e-55aa-48aa-a80c-68f378536a45 has not seen follower/s 59cccd2f-755e-4c45-a890-da01592df45f for 150773ms d2644fda-0f6b-4964-8120-db19826e02a4 for 150774ms
2019-09-16 18:02:23,607 [org.apache.ratis.server.impl.LogAppender$AppenderDaemon$$Lambda$507/793688760@716607a2] ERROR ratis.XceiverServerRatis (XceiverServerRatis.java:triggerPipelineClose(568)) - pipeline Action CLOSE  on pipeline PipelineID=66c40936-c45e-4d82-92fb-d3a6482546dd.Reason : 7631069e-55aa-48aa-a80c-68f378536a45 has not seen follower/s 59cccd2f-755e-4c45-a890-da01592df45f for 150773ms d2644fda-0f6b-4964-8120-db19826e02a4 for 150774ms
2019-09-16 18:02:24,098 [EventQueue-PipelineActionsForPipelineActionHandler] ERROR pipeline.PipelineActionHandler (PipelineActionHandler.java:onMessage(60)) - Received pipeline action CLOSE for Pipeline[ Id: 66c40936-c45e-4d82-92fb-d3a6482546dd, Nodes: d2644fda-0f6b-4964-8120-db19826e02a4{ip: 192.168.157.233, host: pr-hdds-2120-x62sn-1884063469, networkLocation: /default-rack, certSerialId: null}7631069e-55aa-48aa-a80c-68f378536a45{ip: 192.168.157.233, host: pr-hdds-2120-x62sn-1884063469, networkLocation: /default-rack, certSerialId: null}59cccd2f-755e-4c45-a890-da01592df45f{ip: 192.168.157.233, host: pr-hdds-2120-x62sn-1884063469, networkLocation: /default-rack, certSerialId: null}, Type:RATIS, Factor:THREE, State:CLOSED] from datanode 7631069e-55aa-48aa-a80c-68f378536a45{ip: 192.168.157.233, host: pr-hdds-2120-x62sn-1884063469, networkLocation: /default-rack, certSerialId: null}. Reason : 7631069e-55aa-48aa-a80c-68f378536a45 has not seen follower/s 59cccd2f-755e-4c45-a890-da01592df45f for 150773ms d2644fda-0f6b-4964-8120-db19826e02a4 for 150774ms
2019-09-16 18:02:24,099 [EventQueue-PipelineActionsForPipelineActionHandler] INFO  pipeline.SCMPipelineManager (SCMPipelineManager.java:finalizeAndDestroyPipeline(311)) - destroying pipeline:Pipeline[ Id: 66c40936-c45e-4d82-92fb-d3a6482546dd, Nodes: d2644fda-0f6b-4964-8120-db19826e02a4{ip: 192.168.157.233, host: pr-hdds-2120-x62sn-1884063469, networkLocation: /default-rack, certSerialId: null}7631069e-55aa-48aa-a80c-68f378536a45{ip: 192.168.157.233, host: pr-hdds-2120-x62sn-1884063469, networkLocation: /default-rack, certSerialId: null}59cccd2f-755e-4c45-a890-da01592df45f{ip: 192.168.157.233, host: pr-hdds-2120-x62sn-1884063469, networkLocation: /default-rack, certSerialId: null}, Type:RATIS, Factor:THREE, State:CLOSED]
2019-09-16 18:02:24,106 [java.util.concurrent.ThreadPoolExecutor$Worker@120e34ed[State = -1, empty queue]] WARN  server.GrpcLogAppender (GrpcLogAppender.java:timeoutAppendRequest(200)) - 7631069e-55aa-48aa-a80c-68f378536a45@group-D3A6482546DD->59cccd2f-755e-4c45-a890-da01592df45f-GrpcLogAppender: appendEntries Timeout, request=7631069e-55aa-48aa-a80c-68f378536a45->59cccd2f-755e-4c45-a890-da01592df45f#81-t1, previous=(t:1, i:21), leaderCommit=16, initializing? false, entries: <empty>
2019-09-16 18:02:24,106 [java.util.concurrent.ThreadPoolExecutor$Worker@9fec2f6[State = -1, empty queue]] WARN  server.GrpcLogAppender (GrpcLogAppender.java:timeoutAppendRequest(200)) - 7631069e-55aa-48aa-a80c-68f378536a45@group-D3A6482546DD->d2644fda-0f6b-4964-8120-db19826e02a4-GrpcLogAppender: appendEntries Timeout, request=7631069e-55aa-48aa-a80c-68f378536a45->d2644fda-0f6b-4964-8120-db19826e02a4#81-t1, previous=(t:1, i:21), leaderCommit=16, initializing? false, entries: <empty>
2019-09-16 18:02:24,127 [grpc-default-executor-3] INFO  client.GrpcClientProtocolClient (GrpcClientProtocolClient.java:onNext(264)) - client-19556C4CBA1B->d2644fda-0f6b-4964-8120-db19826e02a4: receive RaftClientReply:client-19556C4CBA1B->d2644fda-0f6b-4964-8120-db19826e02a4@group-D3A6482546DD, cid=40, FAILED org.apache.ratis.protocol.NotLeaderException: Server d2644fda-0f6b-4964-8120-db19826e02a4@group-D3A6482546DD is not the leader 7631069e-55aa-48aa-a80c-68f378536a45:192.168.157.233:39369, logIndex=0, commits[d2644fda-0f6b-4964-8120-db19826e02a4:c16, 7631069e-55aa-48aa-a80c-68f378536a45:c16, 59cccd2f-755e-4c45-a890-da01592df45f:c14]
 0.00% |█                                                                                                    |  0/1 Time: 0:05:50 0.00% |█                                                                                                    |  0/1 Time: 0:05:512019-09-16 18:02:26,108 [org.apache.ratis.server.impl.LogAppender$AppenderDaemon$$Lambda$507/793688760@28820090] ERROR ratis.XceiverServerRatis (XceiverServerRatis.java:triggerPipelineClose(568)) - pipeline Action CLOSE  on pipeline PipelineID=66c40936-c45e-4d82-92fb-d3a6482546dd.Reason : 7631069e-55aa-48aa-a80c-68f378536a45 has not seen follower/s 59cccd2f-755e-4c45-a890-da01592df45f for 153274ms d2644fda-0f6b-4964-8120-db19826e02a4 for 153274ms
2019-09-16 18:02:26,108 [org.apache.ratis.server.impl.LogAppender$AppenderDaemon$$Lambda$507/793688760@716607a2] ERROR ratis.XceiverServerRatis (XceiverServerRatis.java:triggerPipelineClose(568)) - pipeline Action CLOSE  on pipeline PipelineID=66c40936-c45e-4d82-92fb-d3a6482546dd.Reason : 7631069e-55aa-48aa-a80c-68f378536a45 has not seen follower/s 59cccd2f-755e-4c45-a890-da01592df45f for 153274ms d2644fda-0f6b-4964-8120-db19826e02a4 for 153275ms
 0.00% |█                                                                                                    |  0/1 Time: 0:05:522019-09-16 18:02:26,607 [java.util.concurrent.ThreadPoolExecutor$Worker@9fec2f6[State = -1, empty queue]] WARN  server.GrpcLogAppender (GrpcLogAppender.java:timeoutAppendRequest(200)) - 7631069e-55aa-48aa-a80c-68f378536a45@group-D3A6482546DD->d2644fda-0f6b-4964-8120-db19826e02a4-GrpcLogAppender: appendEntries Timeout, request=7631069e-55aa-48aa-a80c-68f378536a45->d2644fda-0f6b-4964-8120-db19826e02a4#82-t1, previous=(t:1, i:21), leaderCommit=16, initializing? false, entries: <empty>
2019-09-16 18:02:26,607 [java.util.concurrent.ThreadPoolExecutor$Worker@120e34ed[State = -1, empty queue]] WARN  server.GrpcLogAppender (GrpcLogAppender.java:timeoutAppendRequest(200)) - 7631069e-55aa-48aa-a80c-68f378536a45@group-D3A6482546DD->59cccd2f-755e-4c45-a890-da01592df45f-GrpcLogAppender: appendEntries Timeout, request=7631069e-55aa-48aa-a80c-68f378536a45->59cccd2f-755e-4c45-a890-da01592df45f#82-t1, previous=(t:1, i:21), leaderCommit=16, initializing? false, entries: <empty>
2019-09-16 18:02:27,104 [EventQueue-PipelineActionsForPipelineActionHandler] ERROR pipeline.PipelineActionHandler (PipelineActionHandler.java:onMessage(60)) - Received pipeline action CLOSE for Pipeline[ Id: 66c40936-c45e-4d82-92fb-d3a6482546dd, Nodes: d2644fda-0f6b-4964-8120-db19826e02a4{ip: 192.168.157.233, host: pr-hdds-2120-x62sn-1884063469, networkLocation: /default-rack, certSerialId: null}7631069e-55aa-48aa-a80c-68f378536a45{ip: 192.168.157.233, host: pr-hdds-2120-x62sn-1884063469, networkLocation: /default-rack, certSerialId: null}59cccd2f-755e-4c45-a890-da01592df45f{ip: 192.168.157.233, host: pr-hdds-2120-x62sn-1884063469, networkLocation: /default-rack, certSerialId: null}, Type:RATIS, Factor:THREE, State:CLOSED] from datanode 7631069e-55aa-48aa-a80c-68f378536a45{ip: 192.168.157.233, host: pr-hdds-2120-x62sn-1884063469, networkLocation: /default-rack, certSerialId: null}. Reason : 7631069e-55aa-48aa-a80c-68f378536a45 has not seen follower/s 59cccd2f-755e-4c45-a890-da01592df45f for 153274ms d2644fda-0f6b-4964-8120-db19826e02a4 for 153274ms
2019-09-16 18:02:27,104 [EventQueue-PipelineActionsForPipelineActionHandler] INFO  pipeline.SCMPipelineManager (SCMPipelineManager.java:finalizeAndDestroyPipeline(311)) - destroying pipeline:Pipeline[ Id: 66c40936-c45e-4d82-92fb-d3a6482546dd, Nodes: d2644fda-0f6b-4964-8120-db19826e02a4{ip: 192.168.157.233, host: pr-hdds-2120-x62sn-1884063469, networkLocation: /default-rack, certSerialId: null}7631069e-55aa-48aa-a80c-68f378536a45{ip: 192.168.157.233, host: pr-hdds-2120-x62sn-1884063469, networkLocation: /default-rack, certSerialId: null}59cccd2f-755e-4c45-a890-da01592df45f{ip: 192.168.157.233, host: pr-hdds-2120-x62sn-1884063469, networkLocation: /default-rack, certSerialId: null}, Type:RATIS, Factor:THREE, State:CLOSED]
 0.00% |█                                                                                                    |  0/1 Time: 0:05:53 0.00% |█                                                                                                    |  0/1 Time: 0:05:542019-09-16 18:02:28,608 [org.apache.ratis.server.impl.LogAppender$AppenderDaemon$$Lambda$507/793688760@28820090] ERROR ratis.XceiverServerRatis (XceiverServerRatis.java:triggerPipelineClose(568)) - pipeline Action CLOSE  on pipeline PipelineID=66c40936-c45e-4d82-92fb-d3a6482546dd.Reason : 7631069e-55aa-48aa-a80c-68f378536a45 has not seen follower/s 59cccd2f-755e-4c45-a890-da01592df45f for 155775ms d2644fda-0f6b-4964-8120-db19826e02a4 for 155775ms
2019-09-16 18:02:28,609 [org.apache.ratis.server.impl.LogAppender$AppenderDaemon$$Lambda$507/793688760@716607a2] ERROR ratis.XceiverServerRatis (XceiverServerRatis.java:triggerPipelineClose(568)) - pipeline Action CLOSE  on pipeline PipelineID=66c40936-c45e-4d82-92fb-d3a6482546dd.Reason : 7631069e-55aa-48aa-a80c-68f378536a45 has not seen follower/s 59cccd2f-755e-4c45-a890-da01592df45f for 155775ms d2644fda-0f6b-4964-8120-db19826e02a4 for 155775ms
2019-09-16 18:02:29,100 [EventQueue-PipelineActionsForPipelineActionHandler] ERROR pipeline.PipelineActionHandler (PipelineActionHandler.java:onMessage(60)) - Received pipeline action CLOSE for Pipeline[ Id: 66c40936-c45e-4d82-92fb-d3a6482546dd, Nodes: d2644fda-0f6b-4964-8120-db19826e02a4{ip: 192.168.157.233, host: pr-hdds-2120-x62sn-1884063469, networkLocation: /default-rack, certSerialId: null}7631069e-55aa-48aa-a80c-68f378536a45{ip: 192.168.157.233, host: pr-hdds-2120-x62sn-1884063469, networkLocation: /default-rack, certSerialId: null}59cccd2f-755e-4c45-a890-da01592df45f{ip: 192.168.157.233, host: pr-hdds-2120-x62sn-1884063469, networkLocation: /default-rack, certSerialId: null}, Type:RATIS, Factor:THREE, State:CLOSED] from datanode 7631069e-55aa-48aa-a80c-68f378536a45{ip: 192.168.157.233, host: pr-hdds-2120-x62sn-1884063469, networkLocation: /default-rack, certSerialId: null}. Reason : 7631069e-55aa-48aa-a80c-68f378536a45 has not seen follower/s 59cccd2f-755e-4c45-a890-da01592df45f for 155775ms d2644fda-0f6b-4964-8120-db19826e02a4 for 155775ms
2019-09-16 18:02:29,101 [EventQueue-PipelineActionsForPipelineActionHandler] INFO  pipeline.SCMPipelineManager (SCMPipelineManager.java:finalizeAndDestroyPipeline(311)) - destroying pipeline:Pipeline[ Id: 66c40936-c45e-4d82-92fb-d3a6482546dd, Nodes: d2644fda-0f6b-4964-8120-db19826e02a4{ip: 192.168.157.233, host: pr-hdds-2120-x62sn-1884063469, networkLocation: /default-rack, certSerialId: null}7631069e-55aa-48aa-a80c-68f378536a45{ip: 192.168.157.233, host: pr-hdds-2120-x62sn-1884063469, networkLocation: /default-rack, certSerialId: null}59cccd2f-755e-4c45-a890-da01592df45f{ip: 192.168.157.233, host: pr-hdds-2120-x62sn-1884063469, networkLocation: /default-rack, certSerialId: null}, Type:RATIS, Factor:THREE, State:CLOSED]
2019-09-16 18:02:29,108 [java.util.concurrent.ThreadPoolExecutor$Worker@9fec2f6[State = -1, empty queue]] WARN  server.GrpcLogAppender (GrpcLogAppender.java:timeoutAppendRequest(200)) - 7631069e-55aa-48aa-a80c-68f378536a45@group-D3A6482546DD->d2644fda-0f6b-4964-8120-db19826e02a4-GrpcLogAppender: appendEntries Timeout, request=7631069e-55aa-48aa-a80c-68f378536a45->d2644fda-0f6b-4964-8120-db19826e02a4#83-t1, previous=(t:1, i:21), leaderCommit=16, initializing? false, entries: <empty>
2019-09-16 18:02:29,108 [java.util.concurrent.ThreadPoolExecutor$Worker@120e34ed[State = -1, empty queue]] WARN  server.GrpcLogAppender (GrpcLogAppender.java:timeoutAppendRequest(200)) - 7631069e-55aa-48aa-a80c-68f378536a45@group-D3A6482546DD->59cccd2f-755e-4c45-a890-da01592df45f-GrpcLogAppender: appendEntries Timeout, request=7631069e-55aa-48aa-a80c-68f378536a45->59cccd2f-755e-4c45-a890-da01592df45f#83-t1, previous=(t:1, i:21), leaderCommit=16, initializing? false, entries: <empty>
2019-09-16 18:02:29,164 [grpc-default-executor-3] INFO  client.GrpcClientProtocolClient (GrpcClientProtocolClient.java:onNext(264)) - client-19556C4CBA1B->59cccd2f-755e-4c45-a890-da01592df45f: receive RaftClientReply:client-19556C4CBA1B->59cccd2f-755e-4c45-a890-da01592df45f@group-D3A6482546DD, cid=40, FAILED org.apache.ratis.protocol.NotLeaderException: Server 59cccd2f-755e-4c45-a890-da01592df45f@group-D3A6482546DD is not the leader 7631069e-55aa-48aa-a80c-68f378536a45:192.168.157.233:39369, logIndex=0, commits[59cccd2f-755e-4c45-a890-da01592df45f:c16, 7631069e-55aa-48aa-a80c-68f378536a45:c16, d2644fda-0f6b-4964-8120-db19826e02a4:c14]
 0.00% |█                                                                                                    |  0/1 Time: 0:05:55 0.00% |█                                                                                                    |  0/1 Time: 0:05:562019-09-16 18:02:31,109 [org.apache.ratis.server.impl.LogAppender$AppenderDaemon$$Lambda$507/793688760@28820090] ERROR ratis.XceiverServerRatis (XceiverServerRatis.java:triggerPipelineClose(568)) - pipeline Action CLOSE  on pipeline PipelineID=66c40936-c45e-4d82-92fb-d3a6482546dd.Reason : 7631069e-55aa-48aa-a80c-68f378536a45 has not seen follower/s 59cccd2f-755e-4c45-a890-da01592df45f for 158275ms d2644fda-0f6b-4964-8120-db19826e02a4 for 158276ms
2019-09-16 18:02:31,109 [org.apache.ratis.server.impl.LogAppender$AppenderDaemon$$Lambda$507/793688760@716607a2] ERROR ratis.XceiverServerRatis (XceiverServerRatis.java:triggerPipelineClose(568)) - pipeline Action CLOSE  on pipeline PipelineID=66c40936-c45e-4d82-92fb-d3a6482546dd.Reason : 7631069e-55aa-48aa-a80c-68f378536a45 has not seen follower/s 59cccd2f-755e-4c45-a890-da01592df45f for 158275ms d2644fda-0f6b-4964-8120-db19826e02a4 for 158276ms
 0.00% |█                                                                                                    |  0/1 Time: 0:05:572019-09-16 18:02:31,608 [java.util.concurrent.ThreadPoolExecutor$Worker@9fec2f6[State = -1, empty queue]] WARN  server.GrpcLogAppender (GrpcLogAppender.java:timeoutAppendRequest(200)) - 7631069e-55aa-48aa-a80c-68f378536a45@group-D3A6482546DD->d2644fda-0f6b-4964-8120-db19826e02a4-GrpcLogAppender: appendEntries Timeout, request=7631069e-55aa-48aa-a80c-68f378536a45->d2644fda-0f6b-4964-8120-db19826e02a4#84-t1, previous=(t:1, i:21), leaderCommit=16, initializing? false, entries: <empty>
2019-09-16 18:02:31,609 [java.util.concurrent.ThreadPoolExecutor$Worker@120e34ed[State = -1, empty queue]] WARN  server.GrpcLogAppender (GrpcLogAppender.java:timeoutAppendRequest(200)) - 7631069e-55aa-48aa-a80c-68f378536a45@group-D3A6482546DD->59cccd2f-755e-4c45-a890-da01592df45f-GrpcLogAppender: appendEntries Timeout, request=7631069e-55aa-48aa-a80c-68f378536a45->59cccd2f-755e-4c45-a890-da01592df45f#84-t1, previous=(t:1, i:21), leaderCommit=16, initializing? false, entries: <empty>
2019-09-16 18:02:32,099 [EventQueue-PipelineActionsForPipelineActionHandler] ERROR pipeline.PipelineActionHandler (PipelineActionHandler.java:onMessage(60)) - Received pipeline action CLOSE for Pipeline[ Id: 66c40936-c45e-4d82-92fb-d3a6482546dd, Nodes: d2644fda-0f6b-4964-8120-db19826e02a4{ip: 192.168.157.233, host: pr-hdds-2120-x62sn-1884063469, networkLocation: /default-rack, certSerialId: null}7631069e-55aa-48aa-a80c-68f378536a45{ip: 192.168.157.233, host: pr-hdds-2120-x62sn-1884063469, networkLocation: /default-rack, certSerialId: null}59cccd2f-755e-4c45-a890-da01592df45f{ip: 192.168.157.233, host: pr-hdds-2120-x62sn-1884063469, networkLocation: /default-rack, certSerialId: null}, Type:RATIS, Factor:THREE, State:CLOSED] from datanode 7631069e-55aa-48aa-a80c-68f378536a45{ip: 192.168.157.233, host: pr-hdds-2120-x62sn-1884063469, networkLocation: /default-rack, certSerialId: null}. Reason : 7631069e-55aa-48aa-a80c-68f378536a45 has not seen follower/s 59cccd2f-755e-4c45-a890-da01592df45f for 158275ms d2644fda-0f6b-4964-8120-db19826e02a4 for 158276ms
2019-09-16 18:02:32,099 [EventQueue-PipelineActionsForPipelineActionHandler] INFO  pipeline.SCMPipelineManager (SCMPipelineManager.java:finalizeAndDestroyPipeline(311)) - destroying pipeline:Pipeline[ Id: 66c40936-c45e-4d82-92fb-d3a6482546dd, Nodes: d2644fda-0f6b-4964-8120-db19826e02a4{ip: 192.168.157.233, host: pr-hdds-2120-x62sn-1884063469, networkLocation: /default-rack, certSerialId: null}7631069e-55aa-48aa-a80c-68f378536a45{ip: 192.168.157.233, host: pr-hdds-2120-x62sn-1884063469, networkLocation: /default-rack, certSerialId: null}59cccd2f-755e-4c45-a890-da01592df45f{ip: 192.168.157.233, host: pr-hdds-2120-x62sn-1884063469, networkLocation: /default-rack, certSerialId: null}, Type:RATIS, Factor:THREE, State:CLOSED]
 0.00% |█                                                                                                    |  0/1 Time: 0:05:582019-09-16 18:02:32,884 [59cccd2f-755e-4c45-a890-da01592df45f@group-D3A6482546DD-SegmentedRaftLogWorker] WARN  segmented.SegmentedRaftLogWorker (SegmentedRaftLogWorker.java:getFromFuture(90)) - Timeout 15/~
org.apache.ratis.protocol.TimeoutIOException: Timeout 10s: WriteLog:17: (t:1, i:17), STATEMACHINELOGENTRY, client-19556C4CBA1B, cid=40-writeStateMachineData
	at org.apache.ratis.util.IOUtils.getFromFuture(IOUtils.java:87)
	at org.apache.ratis.server.raftlog.segmented.SegmentedRaftLogWorker$StateMachineDataPolicy.getFromFuture(SegmentedRaftLogWorker.java:87)
	at org.apache.ratis.server.raftlog.segmented.SegmentedRaftLogWorker$WriteLog.execute(SegmentedRaftLogWorker.java:477)
	at org.apache.ratis.server.raftlog.segmented.SegmentedRaftLogWorker.run(SegmentedRaftLogWorker.java:289)
	at java.lang.Thread.run(Thread.java:748)
Caused by: java.util.concurrent.TimeoutException
	at java.util.concurrent.CompletableFuture.timedGet(CompletableFuture.java:1771)
	at java.util.concurrent.CompletableFuture.get(CompletableFuture.java:1915)
	at org.apache.ratis.util.IOUtils.getFromFuture(IOUtils.java:79)
	... 4 more
2019-09-16 18:02:33,031 [d2644fda-0f6b-4964-8120-db19826e02a4@group-D3A6482546DD-SegmentedRaftLogWorker] WARN  segmented.SegmentedRaftLogWorker (SegmentedRaftLogWorker.java:getFromFuture(90)) - Timeout 15/~
org.apache.ratis.protocol.TimeoutIOException: Timeout 10s: WriteLog:19: (t:1, i:19), STATEMACHINELOGENTRY, client-19556C4CBA1B, cid=42-writeStateMachineData
	at org.apache.ratis.util.IOUtils.getFromFuture(IOUtils.java:87)
	at org.apache.ratis.server.raftlog.segmented.SegmentedRaftLogWorker$StateMachineDataPolicy.getFromFuture(SegmentedRaftLogWorker.java:87)
	at org.apache.ratis.server.raftlog.segmented.SegmentedRaftLogWorker$WriteLog.execute(SegmentedRaftLogWorker.java:477)
	at org.apache.ratis.server.raftlog.segmented.SegmentedRaftLogWorker.run(SegmentedRaftLogWorker.java:289)
	at java.lang.Thread.run(Thread.java:748)
Caused by: java.util.concurrent.TimeoutException
	at java.util.concurrent.CompletableFuture.timedGet(CompletableFuture.java:1771)
	at java.util.concurrent.CompletableFuture.get(CompletableFuture.java:1915)
	at org.apache.ratis.util.IOUtils.getFromFuture(IOUtils.java:79)
	... 4 more
2019-09-16 18:02:33,041 [7631069e-55aa-48aa-a80c-68f378536a45@group-D3A6482546DD-SegmentedRaftLogWorker] WARN  segmented.SegmentedRaftLogWorker (SegmentedRaftLogWorker.java:getFromFuture(90)) - Timeout 15/~
org.apache.ratis.protocol.TimeoutIOException: Timeout 10s: WriteLog:19: (t:1, i:19), STATEMACHINELOGENTRY, client-19556C4CBA1B, cid=42-writeStateMachineData
	at org.apache.ratis.util.IOUtils.getFromFuture(IOUtils.java:87)
	at org.apache.ratis.server.raftlog.segmented.SegmentedRaftLogWorker$StateMachineDataPolicy.getFromFuture(SegmentedRaftLogWorker.java:87)
	at org.apache.ratis.server.raftlog.segmented.SegmentedRaftLogWorker$WriteLog.execute(SegmentedRaftLogWorker.java:477)
	at org.apache.ratis.server.raftlog.segmented.SegmentedRaftLogWorker.run(SegmentedRaftLogWorker.java:289)
	at java.lang.Thread.run(Thread.java:748)
Caused by: java.util.concurrent.TimeoutException
	at java.util.concurrent.CompletableFuture.timedGet(CompletableFuture.java:1771)
	at java.util.concurrent.CompletableFuture.get(CompletableFuture.java:1915)
	at org.apache.ratis.util.IOUtils.getFromFuture(IOUtils.java:79)
	... 4 more
 0.00% |█                                                                                                    |  0/1 Time: 0:05:592019-09-16 18:02:33,610 [org.apache.ratis.server.impl.LogAppender$AppenderDaemon$$Lambda$507/793688760@28820090] ERROR ratis.XceiverServerRatis (XceiverServerRatis.java:triggerPipelineClose(568)) - pipeline Action CLOSE  on pipeline PipelineID=66c40936-c45e-4d82-92fb-d3a6482546dd.Reason : 7631069e-55aa-48aa-a80c-68f378536a45 has not seen follower/s 59cccd2f-755e-4c45-a890-da01592df45f for 160776ms d2644fda-0f6b-4964-8120-db19826e02a4 for 160777ms
2019-09-16 18:02:33,610 [org.apache.ratis.server.impl.LogAppender$AppenderDaemon$$Lambda$507/793688760@716607a2] ERROR ratis.XceiverServerRatis (XceiverServerRatis.java:triggerPipelineClose(568)) - pipeline Action CLOSE  on pipeline PipelineID=66c40936-c45e-4d82-92fb-d3a6482546dd.Reason : 7631069e-55aa-48aa-a80c-68f378536a45 has not seen follower/s 59cccd2f-755e-4c45-a890-da01592df45f for 160776ms d2644fda-0f6b-4964-8120-db19826e02a4 for 160777ms
2019-09-16 18:02:33,731 [grpc-default-executor-3] INFO  impl.RaftServerProxy (RaftServerProxy.java:addNew(89)) - d2644fda-0f6b-4964-8120-db19826e02a4: addNew group-DB08F1BC869A:[7631069e-55aa-48aa-a80c-68f378536a45:192.168.157.233:39369, 59cccd2f-755e-4c45-a890-da01592df45f:192.168.157.233:42719, d2644fda-0f6b-4964-8120-db19826e02a4:192.168.157.233:37608] returns group-DB08F1BC869A:java.util.concurrent.CompletableFuture@4c92853[Not completed]
2019-09-16 18:02:33,731 [grpc-default-executor-1] INFO  impl.RaftServerProxy (RaftServerProxy.java:addNew(89)) - 59cccd2f-755e-4c45-a890-da01592df45f: addNew group-DB08F1BC869A:[7631069e-55aa-48aa-a80c-68f378536a45:192.168.157.233:39369, 59cccd2f-755e-4c45-a890-da01592df45f:192.168.157.233:42719, d2644fda-0f6b-4964-8120-db19826e02a4:192.168.157.233:37608] returns group-DB08F1BC869A:java.util.concurrent.CompletableFuture@3e039545[Not completed]
2019-09-16 18:02:33,731 [grpc-default-executor-2] INFO  impl.RaftServerProxy (RaftServerProxy.java:addNew(89)) - 7631069e-55aa-48aa-a80c-68f378536a45: addNew group-DB08F1BC869A:[7631069e-55aa-48aa-a80c-68f378536a45:192.168.157.233:39369, 59cccd2f-755e-4c45-a890-da01592df45f:192.168.157.233:42719, d2644fda-0f6b-4964-8120-db19826e02a4:192.168.157.233:37608] returns group-DB08F1BC869A:java.util.concurrent.CompletableFuture@38a27d26[Not completed]
2019-09-16 18:02:33,734 [pool-47-thread-1] INFO  impl.RaftServerImpl (RaftServerImpl.java:<init>(95)) - 7631069e-55aa-48aa-a80c-68f378536a45: new RaftServerImpl for group-DB08F1BC869A:[7631069e-55aa-48aa-a80c-68f378536a45:192.168.157.233:39369, 59cccd2f-755e-4c45-a890-da01592df45f:192.168.157.233:42719, d2644fda-0f6b-4964-8120-db19826e02a4:192.168.157.233:37608] with ContainerStateMachine:uninitialized
2019-09-16 18:02:33,734 [pool-47-thread-1] INFO  server.RaftServerConfigKeys (ConfUtils.java:logGet(43)) - raft.server.rpc.timeout.min = 5s (custom)
2019-09-16 18:02:33,734 [pool-47-thread-1] INFO  server.RaftServerConfigKeys (ConfUtils.java:logGet(43)) - raft.server.rpc.timeout.max = 5200ms (custom)
2019-09-16 18:02:33,735 [pool-47-thread-1] INFO  server.RaftServerConfigKeys (ConfUtils.java:logGet(43)) - raft.server.rpcslowness.timeout = 120s (custom)
2019-09-16 18:02:33,735 [pool-47-thread-1] INFO  server.RaftServerConfigKeys (ConfUtils.java:logGet(43)) - raft.server.sleep.deviation.threshold = 300 (default)
2019-09-16 18:02:33,735 [pool-47-thread-1] INFO  server.RaftServerConfigKeys (ConfUtils.java:logGet(43)) - raft.server.log.appender.install.snapshot.enabled = false (custom)
2019-09-16 18:02:33,735 [pool-47-thread-1] INFO  impl.RaftServerImpl (ServerState.java:<init>(103)) - 7631069e-55aa-48aa-a80c-68f378536a45@group-DB08F1BC869A: ConfigurationManager, init=-1: [7631069e-55aa-48aa-a80c-68f378536a45:192.168.157.233:39369, 59cccd2f-755e-4c45-a890-da01592df45f:192.168.157.233:42719, d2644fda-0f6b-4964-8120-db19826e02a4:192.168.157.233:37608], old=null, confs=<EMPTY_MAP>
2019-09-16 18:02:33,735 [pool-37-thread-1] INFO  impl.RaftServerImpl (RaftServerImpl.java:<init>(95)) - d2644fda-0f6b-4964-8120-db19826e02a4: new RaftServerImpl for group-DB08F1BC869A:[7631069e-55aa-48aa-a80c-68f378536a45:192.168.157.233:39369, 59cccd2f-755e-4c45-a890-da01592df45f:192.168.157.233:42719, d2644fda-0f6b-4964-8120-db19826e02a4:192.168.157.233:37608] with ContainerStateMachine:uninitialized
2019-09-16 18:02:33,735 [pool-47-thread-1] INFO  server.RaftServerConfigKeys (ConfUtils.java:logGet(43)) - raft.server.storage.dir = [/workdir/hadoop-ozone/tools/target/test-dir/MiniOzoneClusterImpl-15d0669d-b250-4261-9bfd-fa60101ddcc7/datanode-2/data/ratis] (custom)
2019-09-16 18:02:33,735 [pool-37-thread-1] INFO  server.RaftServerConfigKeys (ConfUtils.java:logGet(43)) - raft.server.rpc.timeout.min = 5s (custom)
2019-09-16 18:02:33,736 [pool-37-thread-1] INFO  server.RaftServerConfigKeys (ConfUtils.java:logGet(43)) - raft.server.rpc.timeout.max = 5200ms (custom)
2019-09-16 18:02:33,736 [pool-37-thread-1] INFO  server.RaftServerConfigKeys (ConfUtils.java:logGet(43)) - raft.server.rpcslowness.timeout = 120s (custom)
2019-09-16 18:02:33,736 [pool-27-thread-1] INFO  impl.RaftServerImpl (RaftServerImpl.java:<init>(95)) - 59cccd2f-755e-4c45-a890-da01592df45f: new RaftServerImpl for group-DB08F1BC869A:[7631069e-55aa-48aa-a80c-68f378536a45:192.168.157.233:39369, 59cccd2f-755e-4c45-a890-da01592df45f:192.168.157.233:42719, d2644fda-0f6b-4964-8120-db19826e02a4:192.168.157.233:37608] with ContainerStateMachine:uninitialized
2019-09-16 18:02:33,736 [pool-47-thread-1] INFO  storage.RaftStorageDirectory (RaftStorageDirectory.java:analyzeStorage(246)) - The storage directory /workdir/hadoop-ozone/tools/target/test-dir/MiniOzoneClusterImpl-15d0669d-b250-4261-9bfd-fa60101ddcc7/datanode-2/data/ratis/d805eaf4-0f15-461d-8080-db08f1bc869a does not exist. Creating ...
2019-09-16 18:02:33,736 [pool-27-thread-1] INFO  server.RaftServerConfigKeys (ConfUtils.java:logGet(43)) - raft.server.rpc.timeout.min = 5s (custom)
2019-09-16 18:02:33,736 [pool-37-thread-1] INFO  server.RaftServerConfigKeys (ConfUtils.java:logGet(43)) - raft.server.sleep.deviation.threshold = 300 (default)
2019-09-16 18:02:33,736 [pool-27-thread-1] INFO  server.RaftServerConfigKeys (ConfUtils.java:logGet(43)) - raft.server.rpc.timeout.max = 5200ms (custom)
2019-09-16 18:02:33,736 [pool-37-thread-1] INFO  server.RaftServerConfigKeys (ConfUtils.java:logGet(43)) - raft.server.log.appender.install.snapshot.enabled = false (custom)
2019-09-16 18:02:33,736 [pool-27-thread-1] INFO  server.RaftServerConfigKeys (ConfUtils.java:logGet(43)) - raft.server.rpcslowness.timeout = 120s (custom)
2019-09-16 18:02:33,737 [pool-37-thread-1] INFO  impl.RaftServerImpl (ServerState.java:<init>(103)) - d2644fda-0f6b-4964-8120-db19826e02a4@group-DB08F1BC869A: ConfigurationManager, init=-1: [7631069e-55aa-48aa-a80c-68f378536a45:192.168.157.233:39369, 59cccd2f-755e-4c45-a890-da01592df45f:192.168.157.233:42719, d2644fda-0f6b-4964-8120-db19826e02a4:192.168.157.233:37608], old=null, confs=<EMPTY_MAP>
2019-09-16 18:02:33,737 [pool-27-thread-1] INFO  server.RaftServerConfigKeys (ConfUtils.java:logGet(43)) - raft.server.sleep.deviation.threshold = 300 (default)
2019-09-16 18:02:33,737 [pool-37-thread-1] INFO  server.RaftServerConfigKeys (ConfUtils.java:logGet(43)) - raft.server.storage.dir = [/workdir/hadoop-ozone/tools/target/test-dir/MiniOzoneClusterImpl-15d0669d-b250-4261-9bfd-fa60101ddcc7/datanode-1/data/ratis] (custom)
2019-09-16 18:02:33,737 [pool-27-thread-1] INFO  server.RaftServerConfigKeys (ConfUtils.java:logGet(43)) - raft.server.log.appender.install.snapshot.enabled = false (custom)
2019-09-16 18:02:33,737 [pool-27-thread-1] INFO  impl.RaftServerImpl (ServerState.java:<init>(103)) - 59cccd2f-755e-4c45-a890-da01592df45f@group-DB08F1BC869A: ConfigurationManager, init=-1: [7631069e-55aa-48aa-a80c-68f378536a45:192.168.157.233:39369, 59cccd2f-755e-4c45-a890-da01592df45f:192.168.157.233:42719, d2644fda-0f6b-4964-8120-db19826e02a4:192.168.157.233:37608], old=null, confs=<EMPTY_MAP>
2019-09-16 18:02:33,737 [pool-27-thread-1] INFO  server.RaftServerConfigKeys (ConfUtils.java:logGet(43)) - raft.server.storage.dir = [/workdir/hadoop-ozone/tools/target/test-dir/MiniOzoneClusterImpl-15d0669d-b250-4261-9bfd-fa60101ddcc7/datanode-0/data/ratis] (custom)
2019-09-16 18:02:33,737 [pool-37-thread-1] INFO  storage.RaftStorageDirectory (RaftStorageDirectory.java:analyzeStorage(246)) - The storage directory /workdir/hadoop-ozone/tools/target/test-dir/MiniOzoneClusterImpl-15d0669d-b250-4261-9bfd-fa60101ddcc7/datanode-1/data/ratis/d805eaf4-0f15-461d-8080-db08f1bc869a does not exist. Creating ...
2019-09-16 18:02:33,738 [pool-27-thread-1] INFO  storage.RaftStorageDirectory (RaftStorageDirectory.java:analyzeStorage(246)) - The storage directory /workdir/hadoop-ozone/tools/target/test-dir/MiniOzoneClusterImpl-15d0669d-b250-4261-9bfd-fa60101ddcc7/datanode-0/data/ratis/d805eaf4-0f15-461d-8080-db08f1bc869a does not exist. Creating ...
2019-09-16 18:02:33,750 [pool-27-thread-1] INFO  storage.RaftStorageDirectory (RaftStorageDirectory.java:tryLock(328)) - Lock on /workdir/hadoop-ozone/tools/target/test-dir/MiniOzoneClusterImpl-15d0669d-b250-4261-9bfd-fa60101ddcc7/datanode-0/data/ratis/d805eaf4-0f15-461d-8080-db08f1bc869a/in_use.lock acquired by nodename 23793@pr-hdds-2120-x62sn-1884063469
2019-09-16 18:02:33,750 [pool-37-thread-1] INFO  storage.RaftStorageDirectory (RaftStorageDirectory.java:tryLock(328)) - Lock on /workdir/hadoop-ozone/tools/target/test-dir/MiniOzoneClusterImpl-15d0669d-b250-4261-9bfd-fa60101ddcc7/datanode-1/data/ratis/d805eaf4-0f15-461d-8080-db08f1bc869a/in_use.lock acquired by nodename 23793@pr-hdds-2120-x62sn-1884063469
2019-09-16 18:02:33,750 [pool-47-thread-1] INFO  storage.RaftStorageDirectory (RaftStorageDirectory.java:tryLock(328)) - Lock on /workdir/hadoop-ozone/tools/target/test-dir/MiniOzoneClusterImpl-15d0669d-b250-4261-9bfd-fa60101ddcc7/datanode-2/data/ratis/d805eaf4-0f15-461d-8080-db08f1bc869a/in_use.lock acquired by nodename 23793@pr-hdds-2120-x62sn-1884063469
2019-09-16 18:02:33,776 [pool-47-thread-1] INFO  storage.RaftStorage (RaftStorage.java:format(72)) - Storage directory /workdir/hadoop-ozone/tools/target/test-dir/MiniOzoneClusterImpl-15d0669d-b250-4261-9bfd-fa60101ddcc7/datanode-2/data/ratis/d805eaf4-0f15-461d-8080-db08f1bc869a has been successfully formatted.
2019-09-16 18:02:33,776 [pool-37-thread-1] INFO  storage.RaftStorage (RaftStorage.java:format(72)) - Storage directory /workdir/hadoop-ozone/tools/target/test-dir/MiniOzoneClusterImpl-15d0669d-b250-4261-9bfd-fa60101ddcc7/datanode-1/data/ratis/d805eaf4-0f15-461d-8080-db08f1bc869a has been successfully formatted.
2019-09-16 18:02:33,776 [pool-27-thread-1] INFO  storage.RaftStorage (RaftStorage.java:format(72)) - Storage directory /workdir/hadoop-ozone/tools/target/test-dir/MiniOzoneClusterImpl-15d0669d-b250-4261-9bfd-fa60101ddcc7/datanode-0/data/ratis/d805eaf4-0f15-461d-8080-db08f1bc869a has been successfully formatted.
2019-09-16 18:02:33,776 [pool-47-thread-1] INFO  ratis.ContainerStateMachine (ContainerStateMachine.java:loadSnapshot(230)) - group-DB08F1BC869A: The snapshot info is null. Setting the last applied indexto:(t:0, i:~)
2019-09-16 18:02:33,776 [pool-27-thread-1] INFO  ratis.ContainerStateMachine (ContainerStateMachine.java:loadSnapshot(230)) - group-DB08F1BC869A: The snapshot info is null. Setting the last applied indexto:(t:0, i:~)
2019-09-16 18:02:33,776 [pool-37-thread-1] INFO  ratis.ContainerStateMachine (ContainerStateMachine.java:loadSnapshot(230)) - group-DB08F1BC869A: The snapshot info is null. Setting the last applied indexto:(t:0, i:~)
2019-09-16 18:02:33,776 [pool-27-thread-1] INFO  server.RaftServerConfigKeys (ConfUtils.java:logGet(43)) - raft.server.notification.no-leader.timeout = 120s (custom)
2019-09-16 18:02:33,776 [pool-47-thread-1] INFO  server.RaftServerConfigKeys (ConfUtils.java:logGet(43)) - raft.server.notification.no-leader.timeout = 120s (custom)
2019-09-16 18:02:33,777 [pool-27-thread-1] INFO  server.RaftServerConfigKeys (ConfUtils.java:logGet(43)) - raft.server.log.use.memory = false (default)
2019-09-16 18:02:33,777 [pool-37-thread-1] INFO  server.RaftServerConfigKeys (ConfUtils.java:logGet(43)) - raft.server.notification.no-leader.timeout = 120s (custom)
2019-09-16 18:02:33,777 [pool-27-thread-1] INFO  server.RaftServerConfigKeys (ConfUtils.java:logGet(43)) - raft.server.log.purge.gap = 1000000 (custom)
2019-09-16 18:02:33,777 [pool-47-thread-1] INFO  server.RaftServerConfigKeys (ConfUtils.java:logGet(43)) - raft.server.log.use.memory = false (default)
2019-09-16 18:02:33,777 [pool-27-thread-1] INFO  server.RaftServerConfigKeys (ConfUtils.java:logGet(43)) - raft.server.log.appender.buffer.byte-limit = 33554432 (custom)
2019-09-16 18:02:33,777 [pool-37-thread-1] INFO  server.RaftServerConfigKeys (ConfUtils.java:logGet(43)) - raft.server.log.use.memory = false (default)
2019-09-16 18:02:33,778 [pool-27-thread-1] INFO  server.RaftServerConfigKeys (ConfUtils.java:logGet(43)) - raft.server.log.segment.size.max = 1048576 (custom)
2019-09-16 18:02:33,777 [pool-47-thread-1] INFO  server.RaftServerConfigKeys (ConfUtils.java:logGet(43)) - raft.server.log.purge.gap = 1000000 (custom)
2019-09-16 18:02:33,778 [pool-27-thread-1] INFO  server.RaftServerConfigKeys (ConfUtils.java:logGet(43)) - raft.server.log.segment.cache.num.max = 2 (custom)
2019-09-16 18:02:33,778 [pool-37-thread-1] INFO  server.RaftServerConfigKeys (ConfUtils.java:logGet(43)) - raft.server.log.purge.gap = 1000000 (custom)
2019-09-16 18:02:33,778 [pool-27-thread-1] INFO  segmented.SegmentedRaftLogWorker (SegmentedRaftLogWorker.java:<init>(172)) - new 59cccd2f-755e-4c45-a890-da01592df45f@group-DB08F1BC869A-SegmentedRaftLogWorker for RaftStorage:Storage Directory /workdir/hadoop-ozone/tools/target/test-dir/MiniOzoneClusterImpl-15d0669d-b250-4261-9bfd-fa60101ddcc7/datanode-0/data/ratis/d805eaf4-0f15-461d-8080-db08f1bc869a
2019-09-16 18:02:33,778 [pool-47-thread-1] INFO  server.RaftServerConfigKeys (ConfUtils.java:logGet(43)) - raft.server.log.appender.buffer.byte-limit = 33554432 (custom)
2019-09-16 18:02:33,778 [pool-27-thread-1] INFO  server.RaftServerConfigKeys (ConfUtils.java:logGet(43)) - raft.server.log.queue.byte-limit = 2147483647 (custom)
2019-09-16 18:02:33,778 [pool-37-thread-1] INFO  server.RaftServerConfigKeys (ConfUtils.java:logGet(43)) - raft.server.log.appender.buffer.byte-limit = 33554432 (custom)
2019-09-16 18:02:33,779 [pool-27-thread-1] INFO  server.RaftServerConfigKeys (ConfUtils.java:logGet(43)) - raft.server.log.queue.element-limit = 1024 (custom)
2019-09-16 18:02:33,779 [pool-47-thread-1] INFO  server.RaftServerConfigKeys (ConfUtils.java:logGet(43)) - raft.server.log.segment.size.max = 1048576 (custom)
2019-09-16 18:02:33,779 [pool-27-thread-1] INFO  server.RaftServerConfigKeys (ConfUtils.java:logGet(43)) - raft.server.log.segment.size.max = 1048576 (custom)
2019-09-16 18:02:33,779 [pool-37-thread-1] INFO  server.RaftServerConfigKeys (ConfUtils.java:logGet(43)) - raft.server.log.segment.size.max = 1048576 (custom)
2019-09-16 18:02:33,779 [pool-27-thread-1] INFO  server.RaftServerConfigKeys (ConfUtils.java:logGet(43)) - raft.server.log.preallocated.size = 16384 (custom)
2019-09-16 18:02:33,779 [pool-47-thread-1] INFO  server.RaftServerConfigKeys (ConfUtils.java:logGet(43)) - raft.server.log.segment.cache.num.max = 2 (custom)
2019-09-16 18:02:33,780 [pool-27-thread-1] INFO  server.RaftServerConfigKeys (ConfUtils.java:logGet(43)) - raft.server.log.write.buffer.size = 33554432 (custom)
2019-09-16 18:02:33,780 [pool-37-thread-1] INFO  server.RaftServerConfigKeys (ConfUtils.java:logGet(43)) - raft.server.log.segment.cache.num.max = 2 (custom)
2019-09-16 18:02:33,780 [pool-27-thread-1] INFO  server.RaftServerConfigKeys (ConfUtils.java:logGet(43)) - raft.server.log.force.sync.num = 128 (default)
2019-09-16 18:02:33,780 [pool-47-thread-1] INFO  segmented.SegmentedRaftLogWorker (SegmentedRaftLogWorker.java:<init>(172)) - new 7631069e-55aa-48aa-a80c-68f378536a45@group-DB08F1BC869A-SegmentedRaftLogWorker for RaftStorage:Storage Directory /workdir/hadoop-ozone/tools/target/test-dir/MiniOzoneClusterImpl-15d0669d-b250-4261-9bfd-fa60101ddcc7/datanode-2/data/ratis/d805eaf4-0f15-461d-8080-db08f1bc869a
2019-09-16 18:02:33,780 [pool-27-thread-1] INFO  server.RaftServerConfigKeys (ConfUtils.java:logGet(43)) - raft.server.log.statemachine.data.sync = true (default)
2019-09-16 18:02:33,781 [pool-27-thread-1] INFO  server.RaftServerConfigKeys (ConfUtils.java:logGet(43)) - raft.server.log.statemachine.data.sync.timeout = 10s (default)
2019-09-16 18:02:33,780 [pool-37-thread-1] INFO  segmented.SegmentedRaftLogWorker (SegmentedRaftLogWorker.java:<init>(172)) - new d2644fda-0f6b-4964-8120-db19826e02a4@group-DB08F1BC869A-SegmentedRaftLogWorker for RaftStorage:Storage Directory /workdir/hadoop-ozone/tools/target/test-dir/MiniOzoneClusterImpl-15d0669d-b250-4261-9bfd-fa60101ddcc7/datanode-1/data/ratis/d805eaf4-0f15-461d-8080-db08f1bc869a
2019-09-16 18:02:33,781 [pool-27-thread-1] INFO  server.RaftServerConfigKeys (ConfUtils.java:logGet(43)) - raft.server.log.statemachine.data.sync.timeout.retry = -1 (default)
2019-09-16 18:02:33,780 [pool-47-thread-1] INFO  server.RaftServerConfigKeys (ConfUtils.java:logGet(43)) - raft.server.log.queue.byte-limit = 2147483647 (custom)
2019-09-16 18:02:33,781 [pool-27-thread-1] INFO  server.RaftServerConfigKeys (ConfUtils.java:logGet(43)) - raft.server.log.statemachine.data.caching.enabled = true (custom)
2019-09-16 18:02:33,781 [pool-37-thread-1] INFO  server.RaftServerConfigKeys (ConfUtils.java:logGet(43)) - raft.server.log.queue.byte-limit = 2147483647 (custom)
2019-09-16 18:02:33,781 [pool-47-thread-1] INFO  server.RaftServerConfigKeys (ConfUtils.java:logGet(43)) - raft.server.log.queue.element-limit = 1024 (custom)
2019-09-16 18:02:33,782 [pool-27-thread-1] INFO  segmented.SegmentedRaftLogWorker (SegmentedRaftLogWorker.java:lambda$new$0(132)) - 59cccd2f-755e-4c45-a890-da01592df45f@group-DB08F1BC869A-SegmentedRaftLogWorker: flushIndex: setUnconditionally 0 -> -1
2019-09-16 18:02:33,781 [pool-37-thread-1] INFO  server.RaftServerConfigKeys (ConfUtils.java:logGet(43)) - raft.server.log.queue.element-limit = 1024 (custom)
2019-09-16 18:02:33,782 [pool-47-thread-1] INFO  server.RaftServerConfigKeys (ConfUtils.java:logGet(43)) - raft.server.log.segment.size.max = 1048576 (custom)
2019-09-16 18:02:33,782 [pool-27-thread-1] INFO  server.RaftServerConfigKeys (ConfUtils.java:logGet(43)) - raft.server.snapshot.auto.trigger.enabled = true (custom)
2019-09-16 18:02:33,782 [pool-37-thread-1] INFO  server.RaftServerConfigKeys (ConfUtils.java:logGet(43)) - raft.server.log.segment.size.max = 1048576 (custom)
2019-09-16 18:02:33,782 [pool-27-thread-1] INFO  server.RaftServerConfigKeys (ConfUtils.java:logGet(43)) - raft.server.snapshot.auto.trigger.threshold = 10000 (custom)
2019-09-16 18:02:33,782 [pool-47-thread-1] INFO  server.RaftServerConfigKeys (ConfUtils.java:logGet(43)) - raft.server.log.preallocated.size = 16384 (custom)
2019-09-16 18:02:33,783 [pool-27-thread-1] INFO  server.RaftServerConfigKeys (ConfUtils.java:logGet(43)) - raft.server.snapshot.retention.num.files = -1 (default)
2019-09-16 18:02:33,782 [pool-37-thread-1] INFO  server.RaftServerConfigKeys (ConfUtils.java:logGet(43)) - raft.server.log.preallocated.size = 16384 (custom)
2019-09-16 18:02:33,783 [pool-27-thread-1] INFO  server.RaftServerConfigKeys (ConfUtils.java:logGet(43)) - raft.server.retrycache.expirytime = 600000ms (custom)
2019-09-16 18:02:33,783 [pool-47-thread-1] INFO  server.RaftServerConfigKeys (ConfUtils.java:logGet(43)) - raft.server.log.write.buffer.size = 33554432 (custom)
2019-09-16 18:02:33,783 [pool-37-thread-1] INFO  server.RaftServerConfigKeys (ConfUtils.java:logGet(43)) - raft.server.log.write.buffer.size = 33554432 (custom)
2019-09-16 18:02:33,783 [pool-47-thread-1] INFO  server.RaftServerConfigKeys (ConfUtils.java:logGet(43)) - raft.server.log.force.sync.num = 128 (default)
2019-09-16 18:02:33,784 [pool-37-thread-1] INFO  server.RaftServerConfigKeys (ConfUtils.java:logGet(43)) - raft.server.log.force.sync.num = 128 (default)
2019-09-16 18:02:33,784 [pool-47-thread-1] INFO  server.RaftServerConfigKeys (ConfUtils.java:logGet(43)) - raft.server.log.statemachine.data.sync = true (default)
2019-09-16 18:02:33,784 [pool-37-thread-1] INFO  server.RaftServerConfigKeys (ConfUtils.java:logGet(43)) - raft.server.log.statemachine.data.sync = true (default)
2019-09-16 18:02:33,784 [pool-47-thread-1] INFO  server.RaftServerConfigKeys (ConfUtils.java:logGet(43)) - raft.server.log.statemachine.data.sync.timeout = 10s (default)
2019-09-16 18:02:33,784 [pool-37-thread-1] INFO  server.RaftServerConfigKeys (ConfUtils.java:logGet(43)) - raft.server.log.statemachine.data.sync.timeout = 10s (default)
2019-09-16 18:02:33,784 [pool-47-thread-1] INFO  server.RaftServerConfigKeys (ConfUtils.java:logGet(43)) - raft.server.log.statemachine.data.sync.timeout.retry = -1 (default)
2019-09-16 18:02:33,784 [pool-37-thread-1] INFO  server.RaftServerConfigKeys (ConfUtils.java:logGet(43)) - raft.server.log.statemachine.data.sync.timeout.retry = -1 (default)
2019-09-16 18:02:33,785 [pool-47-thread-1] INFO  server.RaftServerConfigKeys (ConfUtils.java:logGet(43)) - raft.server.log.statemachine.data.caching.enabled = true (custom)
2019-09-16 18:02:33,785 [pool-37-thread-1] INFO  server.RaftServerConfigKeys (ConfUtils.java:logGet(43)) - raft.server.log.statemachine.data.caching.enabled = true (custom)
2019-09-16 18:02:33,785 [pool-47-thread-1] INFO  segmented.SegmentedRaftLogWorker (SegmentedRaftLogWorker.java:lambda$new$0(132)) - 7631069e-55aa-48aa-a80c-68f378536a45@group-DB08F1BC869A-SegmentedRaftLogWorker: flushIndex: setUnconditionally 0 -> -1
2019-09-16 18:02:33,785 [pool-37-thread-1] INFO  segmented.SegmentedRaftLogWorker (SegmentedRaftLogWorker.java:lambda$new$0(132)) - d2644fda-0f6b-4964-8120-db19826e02a4@group-DB08F1BC869A-SegmentedRaftLogWorker: flushIndex: setUnconditionally 0 -> -1
2019-09-16 18:02:33,785 [pool-47-thread-1] INFO  server.RaftServerConfigKeys (ConfUtils.java:logGet(43)) - raft.server.snapshot.auto.trigger.enabled = true (custom)
2019-09-16 18:02:33,785 [pool-47-thread-1] INFO  server.RaftServerConfigKeys (ConfUtils.java:logGet(43)) - raft.server.snapshot.auto.trigger.threshold = 10000 (custom)
2019-09-16 18:02:33,785 [pool-37-thread-1] INFO  server.RaftServerConfigKeys (ConfUtils.java:logGet(43)) - raft.server.snapshot.auto.trigger.enabled = true (custom)
2019-09-16 18:02:33,786 [pool-47-thread-1] INFO  server.RaftServerConfigKeys (ConfUtils.java:logGet(43)) - raft.server.snapshot.retention.num.files = -1 (default)
2019-09-16 18:02:33,786 [pool-37-thread-1] INFO  server.RaftServerConfigKeys (ConfUtils.java:logGet(43)) - raft.server.snapshot.auto.trigger.threshold = 10000 (custom)
2019-09-16 18:02:33,786 [pool-47-thread-1] INFO  server.RaftServerConfigKeys (ConfUtils.java:logGet(43)) - raft.server.retrycache.expirytime = 600000ms (custom)
2019-09-16 18:02:33,786 [pool-37-thread-1] INFO  server.RaftServerConfigKeys (ConfUtils.java:logGet(43)) - raft.server.snapshot.retention.num.files = -1 (default)
2019-09-16 18:02:33,786 [pool-37-thread-1] INFO  server.RaftServerConfigKeys (ConfUtils.java:logGet(43)) - raft.server.retrycache.expirytime = 600000ms (custom)
2019-09-16 18:02:33,788 [pool-27-thread-1] INFO  impl.RaftServerImpl (RaftServerImpl.java:start(185)) - 59cccd2f-755e-4c45-a890-da01592df45f@group-DB08F1BC869A: start as a follower, conf=-1: [7631069e-55aa-48aa-a80c-68f378536a45:192.168.157.233:39369, 59cccd2f-755e-4c45-a890-da01592df45f:192.168.157.233:42719, d2644fda-0f6b-4964-8120-db19826e02a4:192.168.157.233:37608], old=null
2019-09-16 18:02:33,788 [pool-27-thread-1] INFO  impl.RaftServerImpl (RaftServerImpl.java:setRole(174)) - 59cccd2f-755e-4c45-a890-da01592df45f@group-DB08F1BC869A: changes role from      null to FOLLOWER at term 0 for startAsFollower
2019-09-16 18:02:33,789 [pool-27-thread-1] INFO  impl.RoleInfo (RoleInfo.java:updateAndGet(143)) - 59cccd2f-755e-4c45-a890-da01592df45f: start FollowerState
2019-09-16 18:02:33,789 [pool-27-thread-1] INFO  util.JmxRegister (JmxRegister.java:tryRegister(44)) - Successfully registered JMX Bean with object name Ratis:service=RaftServer,group=group-DB08F1BC869A,id=59cccd2f-755e-4c45-a890-da01592df45f
2019-09-16 18:02:33,790 [pool-47-thread-1] INFO  impl.RaftServerImpl (RaftServerImpl.java:start(185)) - 7631069e-55aa-48aa-a80c-68f378536a45@group-DB08F1BC869A: start as a follower, conf=-1: [7631069e-55aa-48aa-a80c-68f378536a45:192.168.157.233:39369, 59cccd2f-755e-4c45-a890-da01592df45f:192.168.157.233:42719, d2644fda-0f6b-4964-8120-db19826e02a4:192.168.157.233:37608], old=null
2019-09-16 18:02:33,790 [pool-37-thread-1] INFO  impl.RaftServerImpl (RaftServerImpl.java:start(185)) - d2644fda-0f6b-4964-8120-db19826e02a4@group-DB08F1BC869A: start as a follower, conf=-1: [7631069e-55aa-48aa-a80c-68f378536a45:192.168.157.233:39369, 59cccd2f-755e-4c45-a890-da01592df45f:192.168.157.233:42719, d2644fda-0f6b-4964-8120-db19826e02a4:192.168.157.233:37608], old=null
2019-09-16 18:02:33,790 [pool-47-thread-1] INFO  impl.RaftServerImpl (RaftServerImpl.java:setRole(174)) - 7631069e-55aa-48aa-a80c-68f378536a45@group-DB08F1BC869A: changes role from      null to FOLLOWER at term 0 for startAsFollower
2019-09-16 18:02:33,790 [pool-37-thread-1] INFO  impl.RaftServerImpl (RaftServerImpl.java:setRole(174)) - d2644fda-0f6b-4964-8120-db19826e02a4@group-DB08F1BC869A: changes role from      null to FOLLOWER at term 0 for startAsFollower
2019-09-16 18:02:33,790 [pool-47-thread-1] INFO  impl.RoleInfo (RoleInfo.java:updateAndGet(143)) - 7631069e-55aa-48aa-a80c-68f378536a45: start FollowerState
2019-09-16 18:02:33,790 [pool-37-thread-1] INFO  impl.RoleInfo (RoleInfo.java:updateAndGet(143)) - d2644fda-0f6b-4964-8120-db19826e02a4: start FollowerState
2019-09-16 18:02:33,791 [pool-47-thread-1] INFO  util.JmxRegister (JmxRegister.java:tryRegister(44)) - Successfully registered JMX Bean with object name Ratis:service=RaftServer,group=group-DB08F1BC869A,id=7631069e-55aa-48aa-a80c-68f378536a45
2019-09-16 18:02:33,791 [pool-37-thread-1] INFO  util.JmxRegister (JmxRegister.java:tryRegister(44)) - Successfully registered JMX Bean with object name Ratis:service=RaftServer,group=group-DB08F1BC869A,id=d2644fda-0f6b-4964-8120-db19826e02a4
2019-09-16 18:02:33,794 [RatisPipelineUtilsThread] INFO  pipeline.PipelineStateManager (PipelineStateManager.java:addPipeline(56)) - Created pipeline Pipeline[ Id: d805eaf4-0f15-461d-8080-db08f1bc869a, Nodes: d2644fda-0f6b-4964-8120-db19826e02a4{ip: 192.168.157.233, host: pr-hdds-2120-x62sn-1884063469, networkLocation: /default-rack, certSerialId: null}7631069e-55aa-48aa-a80c-68f378536a45{ip: 192.168.157.233, host: pr-hdds-2120-x62sn-1884063469, networkLocation: /default-rack, certSerialId: null}59cccd2f-755e-4c45-a890-da01592df45f{ip: 192.168.157.233, host: pr-hdds-2120-x62sn-1884063469, networkLocation: /default-rack, certSerialId: null}, Type:RATIS, Factor:THREE, State:OPEN]
2019-09-16 18:02:34,099 [EventQueue-PipelineActionsForPipelineActionHandler] ERROR pipeline.PipelineActionHandler (PipelineActionHandler.java:onMessage(60)) - Received pipeline action CLOSE for Pipeline[ Id: 66c40936-c45e-4d82-92fb-d3a6482546dd, Nodes: d2644fda-0f6b-4964-8120-db19826e02a4{ip: 192.168.157.233, host: pr-hdds-2120-x62sn-1884063469, networkLocation: /default-rack, certSerialId: null}7631069e-55aa-48aa-a80c-68f378536a45{ip: 192.168.157.233, host: pr-hdds-2120-x62sn-1884063469, networkLocation: /default-rack, certSerialId: null}59cccd2f-755e-4c45-a890-da01592df45f{ip: 192.168.157.233, host: pr-hdds-2120-x62sn-1884063469, networkLocation: /default-rack, certSerialId: null}, Type:RATIS, Factor:THREE, State:CLOSED] from datanode 7631069e-55aa-48aa-a80c-68f378536a45{ip: 192.168.157.233, host: pr-hdds-2120-x62sn-1884063469, networkLocation: /default-rack, certSerialId: null}. Reason : 7631069e-55aa-48aa-a80c-68f378536a45 has not seen follower/s 59cccd2f-755e-4c45-a890-da01592df45f for 160776ms d2644fda-0f6b-4964-8120-db19826e02a4 for 160777ms
2019-09-16 18:02:34,100 [EventQueue-PipelineActionsForPipelineActionHandler] INFO  pipeline.SCMPipelineManager (SCMPipelineManager.java:finalizeAndDestroyPipeline(311)) - destroying pipeline:Pipeline[ Id: 66c40936-c45e-4d82-92fb-d3a6482546dd, Nodes: d2644fda-0f6b-4964-8120-db19826e02a4{ip: 192.168.157.233, host: pr-hdds-2120-x62sn-1884063469, networkLocation: /default-rack, certSerialId: null}7631069e-55aa-48aa-a80c-68f378536a45{ip: 192.168.157.233, host: pr-hdds-2120-x62sn-1884063469, networkLocation: /default-rack, certSerialId: null}59cccd2f-755e-4c45-a890-da01592df45f{ip: 192.168.157.233, host: pr-hdds-2120-x62sn-1884063469, networkLocation: /default-rack, certSerialId: null}, Type:RATIS, Factor:THREE, State:CLOSED]
2019-09-16 18:02:34,109 [java.util.concurrent.ThreadPoolExecutor$Worker@9fec2f6[State = -1, empty queue]] WARN  server.GrpcLogAppender (GrpcLogAppender.java:timeoutAppendRequest(200)) - 7631069e-55aa-48aa-a80c-68f378536a45@group-D3A6482546DD->d2644fda-0f6b-4964-8120-db19826e02a4-GrpcLogAppender: appendEntries Timeout, request=7631069e-55aa-48aa-a80c-68f378536a45->d2644fda-0f6b-4964-8120-db19826e02a4#85-t1, previous=(t:1, i:21), leaderCommit=16, initializing? false, entries: <empty>
2019-09-16 18:02:34,109 [java.util.concurrent.ThreadPoolExecutor$Worker@120e34ed[State = -1, empty queue]] WARN  server.GrpcLogAppender (GrpcLogAppender.java:timeoutAppendRequest(200)) - 7631069e-55aa-48aa-a80c-68f378536a45@group-D3A6482546DD->59cccd2f-755e-4c45-a890-da01592df45f-GrpcLogAppender: appendEntries Timeout, request=7631069e-55aa-48aa-a80c-68f378536a45->59cccd2f-755e-4c45-a890-da01592df45f#85-t1, previous=(t:1, i:21), leaderCommit=16, initializing? false, entries: <empty>
2019-09-16 18:02:34,194 [grpc-default-executor-1] INFO  client.GrpcClientProtocolClient (GrpcClientProtocolClient.java:onNext(264)) - client-19556C4CBA1B->d2644fda-0f6b-4964-8120-db19826e02a4: receive RaftClientReply:client-19556C4CBA1B->d2644fda-0f6b-4964-8120-db19826e02a4@group-D3A6482546DD, cid=40, FAILED org.apache.ratis.protocol.NotLeaderException: Server d2644fda-0f6b-4964-8120-db19826e02a4@group-D3A6482546DD is not the leader 7631069e-55aa-48aa-a80c-68f378536a45:192.168.157.233:39369, logIndex=0, commits[d2644fda-0f6b-4964-8120-db19826e02a4:c16, 7631069e-55aa-48aa-a80c-68f378536a45:c16, 59cccd2f-755e-4c45-a890-da01592df45f:c14]
 0.00% |█                                                                                                    |  0/1 Time: 0:06:00 0.00% |█                                                                                                    |  0/1 Time: 0:06:012019-09-16 18:02:36,113 [org.apache.ratis.server.impl.LogAppender$AppenderDaemon$$Lambda$507/793688760@28820090] ERROR ratis.XceiverServerRatis (XceiverServerRatis.java:triggerPipelineClose(568)) - pipeline Action CLOSE  on pipeline PipelineID=66c40936-c45e-4d82-92fb-d3a6482546dd.Reason : 7631069e-55aa-48aa-a80c-68f378536a45 has not seen follower/s 59cccd2f-755e-4c45-a890-da01592df45f for 163279ms d2644fda-0f6b-4964-8120-db19826e02a4 for 163280ms
2019-09-16 18:02:36,113 [org.apache.ratis.server.impl.LogAppender$AppenderDaemon$$Lambda$507/793688760@716607a2] ERROR ratis.XceiverServerRatis (XceiverServerRatis.java:triggerPipelineClose(568)) - pipeline Action CLOSE  on pipeline PipelineID=66c40936-c45e-4d82-92fb-d3a6482546dd.Reason : 7631069e-55aa-48aa-a80c-68f378536a45 has not seen follower/s 59cccd2f-755e-4c45-a890-da01592df45f for 163279ms d2644fda-0f6b-4964-8120-db19826e02a4 for 163280ms
 0.00% |█                                                                                                    |  0/1 Time: 0:06:022019-09-16 18:02:36,610 [java.util.concurrent.ThreadPoolExecutor$Worker@120e34ed[State = -1, empty queue]] WARN  server.GrpcLogAppender (GrpcLogAppender.java:timeoutAppendRequest(200)) - 7631069e-55aa-48aa-a80c-68f378536a45@group-D3A6482546DD->59cccd2f-755e-4c45-a890-da01592df45f-GrpcLogAppender: appendEntries Timeout, request=7631069e-55aa-48aa-a80c-68f378536a45->59cccd2f-755e-4c45-a890-da01592df45f#86-t1, previous=(t:1, i:21), leaderCommit=16, initializing? false, entries: <empty>
2019-09-16 18:02:36,610 [java.util.concurrent.ThreadPoolExecutor$Worker@9fec2f6[State = -1, empty queue]] WARN  server.GrpcLogAppender (GrpcLogAppender.java:timeoutAppendRequest(200)) - 7631069e-55aa-48aa-a80c-68f378536a45@group-D3A6482546DD->d2644fda-0f6b-4964-8120-db19826e02a4-GrpcLogAppender: appendEntries Timeout, request=7631069e-55aa-48aa-a80c-68f378536a45->d2644fda-0f6b-4964-8120-db19826e02a4#86-t1, previous=(t:1, i:21), leaderCommit=16, initializing? false, entries: <empty>
2019-09-16 18:02:37,100 [EventQueue-PipelineActionsForPipelineActionHandler] ERROR pipeline.PipelineActionHandler (PipelineActionHandler.java:onMessage(60)) - Received pipeline action CLOSE for Pipeline[ Id: 66c40936-c45e-4d82-92fb-d3a6482546dd, Nodes: d2644fda-0f6b-4964-8120-db19826e02a4{ip: 192.168.157.233, host: pr-hdds-2120-x62sn-1884063469, networkLocation: /default-rack, certSerialId: null}7631069e-55aa-48aa-a80c-68f378536a45{ip: 192.168.157.233, host: pr-hdds-2120-x62sn-1884063469, networkLocation: /default-rack, certSerialId: null}59cccd2f-755e-4c45-a890-da01592df45f{ip: 192.168.157.233, host: pr-hdds-2120-x62sn-1884063469, networkLocation: /default-rack, certSerialId: null}, Type:RATIS, Factor:THREE, State:CLOSED] from datanode 7631069e-55aa-48aa-a80c-68f378536a45{ip: 192.168.157.233, host: pr-hdds-2120-x62sn-1884063469, networkLocation: /default-rack, certSerialId: null}. Reason : 7631069e-55aa-48aa-a80c-68f378536a45 has not seen follower/s 59cccd2f-755e-4c45-a890-da01592df45f for 163279ms d2644fda-0f6b-4964-8120-db19826e02a4 for 163280ms
2019-09-16 18:02:37,100 [EventQueue-PipelineActionsForPipelineActionHandler] INFO  pipeline.SCMPipelineManager (SCMPipelineManager.java:finalizeAndDestroyPipeline(311)) - destroying pipeline:Pipeline[ Id: 66c40936-c45e-4d82-92fb-d3a6482546dd, Nodes: d2644fda-0f6b-4964-8120-db19826e02a4{ip: 192.168.157.233, host: pr-hdds-2120-x62sn-1884063469, networkLocation: /default-rack, certSerialId: null}7631069e-55aa-48aa-a80c-68f378536a45{ip: 192.168.157.233, host: pr-hdds-2120-x62sn-1884063469, networkLocation: /default-rack, certSerialId: null}59cccd2f-755e-4c45-a890-da01592df45f{ip: 192.168.157.233, host: pr-hdds-2120-x62sn-1884063469, networkLocation: /default-rack, certSerialId: null}, Type:RATIS, Factor:THREE, State:CLOSED]
 0.00% |█                                                                                                    |  0/1 Time: 0:06:03 0.00% |█                                                                                                    |  0/1 Time: 0:06:042019-09-16 18:02:38,616 [org.apache.ratis.server.impl.LogAppender$AppenderDaemon$$Lambda$507/793688760@28820090] ERROR ratis.XceiverServerRatis (XceiverServerRatis.java:triggerPipelineClose(568)) - pipeline Action CLOSE  on pipeline PipelineID=66c40936-c45e-4d82-92fb-d3a6482546dd.Reason : 7631069e-55aa-48aa-a80c-68f378536a45 has not seen follower/s 59cccd2f-755e-4c45-a890-da01592df45f for 165781ms d2644fda-0f6b-4964-8120-db19826e02a4 for 165782ms
2019-09-16 18:02:38,616 [org.apache.ratis.server.impl.LogAppender$AppenderDaemon$$Lambda$507/793688760@716607a2] ERROR ratis.XceiverServerRatis (XceiverServerRatis.java:triggerPipelineClose(568)) - pipeline Action CLOSE  on pipeline PipelineID=66c40936-c45e-4d82-92fb-d3a6482546dd.Reason : 7631069e-55aa-48aa-a80c-68f378536a45 has not seen follower/s 59cccd2f-755e-4c45-a890-da01592df45f for 165781ms d2644fda-0f6b-4964-8120-db19826e02a4 for 165782ms
2019-09-16 18:02:38,844 [Thread-962] INFO  impl.FollowerState (FollowerState.java:run(106)) - d2644fda-0f6b-4964-8120-db19826e02a4:group-DB08F1BC869A changes to CANDIDATE, lastRpcTime:5053, electionTimeout:5053ms
2019-09-16 18:02:38,845 [Thread-962] INFO  impl.RoleInfo (RoleInfo.java:shutdownFollowerState(121)) - d2644fda-0f6b-4964-8120-db19826e02a4: shutdown FollowerState
2019-09-16 18:02:38,845 [Thread-962] INFO  impl.RaftServerImpl (RaftServerImpl.java:setRole(174)) - d2644fda-0f6b-4964-8120-db19826e02a4@group-DB08F1BC869A: changes role from  FOLLOWER to CANDIDATE at term 0 for changeToCandidate
2019-09-16 18:02:38,845 [Thread-962] INFO  impl.RoleInfo (RoleInfo.java:updateAndGet(143)) - d2644fda-0f6b-4964-8120-db19826e02a4: start LeaderElection
2019-09-16 18:02:38,865 [d2644fda-0f6b-4964-8120-db19826e02a4@group-DB08F1BC869A:LeaderElection6] INFO  impl.LeaderElection (LeaderElection.java:askForVotes(182)) - d2644fda-0f6b-4964-8120-db19826e02a4@group-DB08F1BC869A:LeaderElection6: begin an election at term 1 for -1: [7631069e-55aa-48aa-a80c-68f378536a45:192.168.157.233:39369, 59cccd2f-755e-4c45-a890-da01592df45f:192.168.157.233:42719, d2644fda-0f6b-4964-8120-db19826e02a4:192.168.157.233:37608], old=null
2019-09-16 18:02:38,874 [grpc-default-executor-3] INFO  impl.RaftServerImpl (RaftServerImpl.java:setRole(174)) - 59cccd2f-755e-4c45-a890-da01592df45f@group-DB08F1BC869A: changes role from  FOLLOWER to FOLLOWER at term 1 for recognizeCandidate:d2644fda-0f6b-4964-8120-db19826e02a4
2019-09-16 18:02:38,874 [grpc-default-executor-1] INFO  impl.RaftServerImpl (RaftServerImpl.java:setRole(174)) - 7631069e-55aa-48aa-a80c-68f378536a45@group-DB08F1BC869A: changes role from  FOLLOWER to FOLLOWER at term 1 for recognizeCandidate:d2644fda-0f6b-4964-8120-db19826e02a4
2019-09-16 18:02:38,875 [grpc-default-executor-3] INFO  impl.RoleInfo (RoleInfo.java:shutdownFollowerState(121)) - 59cccd2f-755e-4c45-a890-da01592df45f: shutdown FollowerState
2019-09-16 18:02:38,875 [grpc-default-executor-1] INFO  impl.RoleInfo (RoleInfo.java:shutdownFollowerState(121)) - 7631069e-55aa-48aa-a80c-68f378536a45: shutdown FollowerState
2019-09-16 18:02:38,875 [grpc-default-executor-3] INFO  impl.RoleInfo (RoleInfo.java:updateAndGet(143)) - 59cccd2f-755e-4c45-a890-da01592df45f: start FollowerState
2019-09-16 18:02:38,876 [Thread-961] INFO  impl.FollowerState (FollowerState.java:run(115)) - 7631069e-55aa-48aa-a80c-68f378536a45: FollowerState was interrupted: java.lang.InterruptedException: sleep interrupted
2019-09-16 18:02:38,876 [grpc-default-executor-1] INFO  impl.RoleInfo (RoleInfo.java:updateAndGet(143)) - 7631069e-55aa-48aa-a80c-68f378536a45: start FollowerState
2019-09-16 18:02:38,876 [Thread-959] INFO  impl.FollowerState (FollowerState.java:run(115)) - 59cccd2f-755e-4c45-a890-da01592df45f: FollowerState was interrupted: java.lang.InterruptedException: sleep interrupted
2019-09-16 18:02:38,893 [d2644fda-0f6b-4964-8120-db19826e02a4@group-DB08F1BC869A:LeaderElection6] INFO  impl.LeaderElection (LeaderElection.java:logAndReturn(56)) - d2644fda-0f6b-4964-8120-db19826e02a4@group-DB08F1BC869A:LeaderElection6: Election PASSED; received 1 response(s) [d2644fda-0f6b-4964-8120-db19826e02a4<-7631069e-55aa-48aa-a80c-68f378536a45#0:OK-t1] and 0 exception(s); d2644fda-0f6b-4964-8120-db19826e02a4@group-DB08F1BC869A:t1, leader=null, voted=d2644fda-0f6b-4964-8120-db19826e02a4, raftlog=d2644fda-0f6b-4964-8120-db19826e02a4@group-DB08F1BC869A-SegmentedRaftLog:OPENED:c-1,f-1,i0, conf=-1: [7631069e-55aa-48aa-a80c-68f378536a45:192.168.157.233:39369, 59cccd2f-755e-4c45-a890-da01592df45f:192.168.157.233:42719, d2644fda-0f6b-4964-8120-db19826e02a4:192.168.157.233:37608], old=null
2019-09-16 18:02:38,893 [d2644fda-0f6b-4964-8120-db19826e02a4@group-DB08F1BC869A:LeaderElection6] INFO  impl.RoleInfo (RoleInfo.java:shutdownLeaderElection(134)) - d2644fda-0f6b-4964-8120-db19826e02a4: shutdown LeaderElection
2019-09-16 18:02:38,895 [d2644fda-0f6b-4964-8120-db19826e02a4@group-DB08F1BC869A:LeaderElection6] INFO  impl.RaftServerImpl (RaftServerImpl.java:setRole(174)) - d2644fda-0f6b-4964-8120-db19826e02a4@group-DB08F1BC869A: changes role from CANDIDATE to LEADER at term 1 for changeToLeader
2019-09-16 18:02:38,895 [d2644fda-0f6b-4964-8120-db19826e02a4@group-DB08F1BC869A:LeaderElection6] INFO  impl.RaftServerImpl (ServerState.java:setLeader(253)) - d2644fda-0f6b-4964-8120-db19826e02a4@group-DB08F1BC869A: change Leader from null to d2644fda-0f6b-4964-8120-db19826e02a4 at term 1 for becomeLeader, leader elected after 5118ms
2019-09-16 18:02:38,896 [d2644fda-0f6b-4964-8120-db19826e02a4@group-DB08F1BC869A:LeaderElection6] INFO  server.RaftServerConfigKeys (ConfUtils.java:logGet(43)) - raft.server.staging.catchup.gap = 1000 (default)
2019-09-16 18:02:38,896 [d2644fda-0f6b-4964-8120-db19826e02a4@group-DB08F1BC869A:LeaderElection6] INFO  server.RaftServerConfigKeys (ConfUtils.java:logGet(43)) - raft.server.rpc.sleep.time = 25ms (default)
2019-09-16 18:02:38,896 [d2644fda-0f6b-4964-8120-db19826e02a4@group-DB08F1BC869A:LeaderElection6] INFO  server.RaftServerConfigKeys (ConfUtils.java:logGet(43)) - raft.server.write.element-limit = 4096 (default)
2019-09-16 18:02:38,897 [d2644fda-0f6b-4964-8120-db19826e02a4@group-DB08F1BC869A:LeaderElection6] INFO  server.RaftServerConfigKeys (ConfUtils.java:logGet(43)) - raft.server.watch.timeout = 10s (default)
2019-09-16 18:02:38,897 [d2644fda-0f6b-4964-8120-db19826e02a4@group-DB08F1BC869A:LeaderElection6] INFO  server.RaftServerConfigKeys (ConfUtils.java:logGet(43)) - raft.server.watch.timeout.denomination = 1s (default)
2019-09-16 18:02:38,897 [d2644fda-0f6b-4964-8120-db19826e02a4@group-DB08F1BC869A:LeaderElection6] INFO  server.RaftServerConfigKeys (ConfUtils.java:logGet(43)) - raft.server.watch.element-limit = 65536 (default)
2019-09-16 18:02:38,903 [d2644fda-0f6b-4964-8120-db19826e02a4@group-DB08F1BC869A:LeaderElection6] INFO  server.RaftServerConfigKeys (ConfUtils.java:logGet(43)) - raft.server.log.appender.snapshot.chunk.size.max = 16MB (=16777216) (default)
2019-09-16 18:02:38,903 [d2644fda-0f6b-4964-8120-db19826e02a4@group-DB08F1BC869A:LeaderElection6] INFO  server.RaftServerConfigKeys (ConfUtils.java:logGet(43)) - raft.server.log.appender.buffer.byte-limit = 33554432 (custom)
2019-09-16 18:02:38,903 [d2644fda-0f6b-4964-8120-db19826e02a4@group-DB08F1BC869A:LeaderElection6] INFO  server.RaftServerConfigKeys (ConfUtils.java:logGet(43)) - raft.server.log.appender.buffer.element-limit = 1 (custom)
2019-09-16 18:02:38,904 [d2644fda-0f6b-4964-8120-db19826e02a4@group-DB08F1BC869A:LeaderElection6] INFO  grpc.GrpcConfigKeys$Server (ConfUtils.java:logGet(43)) - raft.grpc.server.leader.outstanding.appends.max = 128 (default)
2019-09-16 18:02:38,904 [d2644fda-0f6b-4964-8120-db19826e02a4@group-DB08F1BC869A:LeaderElection6] INFO  server.RaftServerConfigKeys (ConfUtils.java:logGet(43)) - raft.server.rpc.request.timeout = 3000ms (default)
2019-09-16 18:02:38,904 [d2644fda-0f6b-4964-8120-db19826e02a4@group-DB08F1BC869A:LeaderElection6] INFO  server.RaftServerConfigKeys (ConfUtils.java:logGet(43)) - raft.server.log.appender.install.snapshot.enabled = false (custom)
2019-09-16 18:02:38,904 [d2644fda-0f6b-4964-8120-db19826e02a4@group-DB08F1BC869A:LeaderElection6] INFO  server.RaftServerConfigKeys (ConfUtils.java:logGet(43)) - raft.server.log.appender.snapshot.chunk.size.max = 16MB (=16777216) (default)
2019-09-16 18:02:38,905 [d2644fda-0f6b-4964-8120-db19826e02a4@group-DB08F1BC869A:LeaderElection6] INFO  server.RaftServerConfigKeys (ConfUtils.java:logGet(43)) - raft.server.log.appender.buffer.byte-limit = 33554432 (custom)
2019-09-16 18:02:38,905 [d2644fda-0f6b-4964-8120-db19826e02a4@group-DB08F1BC869A:LeaderElection6] INFO  server.RaftServerConfigKeys (ConfUtils.java:logGet(43)) - raft.server.log.appender.buffer.element-limit = 1 (custom)
2019-09-16 18:02:38,905 [d2644fda-0f6b-4964-8120-db19826e02a4@group-DB08F1BC869A:LeaderElection6] INFO  grpc.GrpcConfigKeys$Server (ConfUtils.java:logGet(43)) - raft.grpc.server.leader.outstanding.appends.max = 128 (default)
2019-09-16 18:02:38,905 [d2644fda-0f6b-4964-8120-db19826e02a4@group-DB08F1BC869A:LeaderElection6] INFO  server.RaftServerConfigKeys (ConfUtils.java:logGet(43)) - raft.server.rpc.request.timeout = 3000ms (default)
2019-09-16 18:02:38,905 [d2644fda-0f6b-4964-8120-db19826e02a4@group-DB08F1BC869A:LeaderElection6] INFO  server.RaftServerConfigKeys (ConfUtils.java:logGet(43)) - raft.server.log.appender.install.snapshot.enabled = false (custom)
2019-09-16 18:02:38,906 [d2644fda-0f6b-4964-8120-db19826e02a4@group-DB08F1BC869A:LeaderElection6] INFO  impl.RoleInfo (RoleInfo.java:updateAndGet(143)) - d2644fda-0f6b-4964-8120-db19826e02a4: start LeaderState
2019-09-16 18:02:38,906 [d2644fda-0f6b-4964-8120-db19826e02a4@group-DB08F1BC869A:LeaderElection6] INFO  segmented.SegmentedRaftLogWorker (SegmentedRaftLogWorker.java:startLogSegment(380)) - d2644fda-0f6b-4964-8120-db19826e02a4@group-DB08F1BC869A-SegmentedRaftLogWorker: Starting segment from index:0
2019-09-16 18:02:38,907 [d2644fda-0f6b-4964-8120-db19826e02a4@group-DB08F1BC869A:LeaderElection6] INFO  impl.RaftServerImpl (ServerState.java:setRaftConf(354)) - d2644fda-0f6b-4964-8120-db19826e02a4@group-DB08F1BC869A: set configuration 0: [7631069e-55aa-48aa-a80c-68f378536a45:192.168.157.233:39369, 59cccd2f-755e-4c45-a890-da01592df45f:192.168.157.233:42719, d2644fda-0f6b-4964-8120-db19826e02a4:192.168.157.233:37608], old=null at 0
2019-09-16 18:02:38,941 [grpc-default-executor-1] INFO  impl.RaftServerImpl (ServerState.java:setLeader(253)) - 7631069e-55aa-48aa-a80c-68f378536a45@group-DB08F1BC869A: change Leader from null to d2644fda-0f6b-4964-8120-db19826e02a4 at term 1 for appendEntries, leader elected after 5164ms
2019-09-16 18:02:38,941 [grpc-default-executor-3] INFO  impl.RaftServerImpl (ServerState.java:setLeader(253)) - 59cccd2f-755e-4c45-a890-da01592df45f@group-DB08F1BC869A: change Leader from null to d2644fda-0f6b-4964-8120-db19826e02a4 at term 1 for appendEntries, leader elected after 5164ms
2019-09-16 18:02:38,947 [grpc-default-executor-1] INFO  impl.RaftServerImpl (ServerState.java:setRaftConf(354)) - 59cccd2f-755e-4c45-a890-da01592df45f@group-DB08F1BC869A: set configuration 0: [7631069e-55aa-48aa-a80c-68f378536a45:192.168.157.233:39369, 59cccd2f-755e-4c45-a890-da01592df45f:192.168.157.233:42719, d2644fda-0f6b-4964-8120-db19826e02a4:192.168.157.233:37608], old=null at 0
2019-09-16 18:02:38,947 [grpc-default-executor-3] INFO  impl.RaftServerImpl (ServerState.java:setRaftConf(354)) - 7631069e-55aa-48aa-a80c-68f378536a45@group-DB08F1BC869A: set configuration 0: [7631069e-55aa-48aa-a80c-68f378536a45:192.168.157.233:39369, 59cccd2f-755e-4c45-a890-da01592df45f:192.168.157.233:42719, d2644fda-0f6b-4964-8120-db19826e02a4:192.168.157.233:37608], old=null at 0
2019-09-16 18:02:38,947 [grpc-default-executor-1] INFO  segmented.SegmentedRaftLogWorker (SegmentedRaftLogWorker.java:startLogSegment(380)) - 59cccd2f-755e-4c45-a890-da01592df45f@group-DB08F1BC869A-SegmentedRaftLogWorker: Starting segment from index:0
2019-09-16 18:02:38,947 [grpc-default-executor-3] INFO  segmented.SegmentedRaftLogWorker (SegmentedRaftLogWorker.java:startLogSegment(380)) - 7631069e-55aa-48aa-a80c-68f378536a45@group-DB08F1BC869A-SegmentedRaftLogWorker: Starting segment from index:0
2019-09-16 18:02:38,949 [d2644fda-0f6b-4964-8120-db19826e02a4@group-DB08F1BC869A-SegmentedRaftLogWorker] INFO  segmented.SegmentedRaftLogWorker (SegmentedRaftLogWorker.java:execute(569)) - d2644fda-0f6b-4964-8120-db19826e02a4@group-DB08F1BC869A-SegmentedRaftLogWorker: created new log segment /workdir/hadoop-ozone/tools/target/test-dir/MiniOzoneClusterImpl-15d0669d-b250-4261-9bfd-fa60101ddcc7/datanode-1/data/ratis/d805eaf4-0f15-461d-8080-db08f1bc869a/current/log_inprogress_0
2019-09-16 18:02:38,990 [59cccd2f-755e-4c45-a890-da01592df45f@group-DB08F1BC869A-SegmentedRaftLogWorker] INFO  segmented.SegmentedRaftLogWorker (SegmentedRaftLogWorker.java:execute(569)) - 59cccd2f-755e-4c45-a890-da01592df45f@group-DB08F1BC869A-SegmentedRaftLogWorker: created new log segment /workdir/hadoop-ozone/tools/target/test-dir/MiniOzoneClusterImpl-15d0669d-b250-4261-9bfd-fa60101ddcc7/datanode-0/data/ratis/d805eaf4-0f15-461d-8080-db08f1bc869a/current/log_inprogress_0
2019-09-16 18:02:38,990 [7631069e-55aa-48aa-a80c-68f378536a45@group-DB08F1BC869A-SegmentedRaftLogWorker] INFO  segmented.SegmentedRaftLogWorker (SegmentedRaftLogWorker.java:execute(569)) - 7631069e-55aa-48aa-a80c-68f378536a45@group-DB08F1BC869A-SegmentedRaftLogWorker: created new log segment /workdir/hadoop-ozone/tools/target/test-dir/MiniOzoneClusterImpl-15d0669d-b250-4261-9bfd-fa60101ddcc7/datanode-2/data/ratis/d805eaf4-0f15-461d-8080-db08f1bc869a/current/log_inprogress_0
2019-09-16 18:02:39,100 [EventQueue-PipelineActionsForPipelineActionHandler] ERROR pipeline.PipelineActionHandler (PipelineActionHandler.java:onMessage(60)) - Received pipeline action CLOSE for Pipeline[ Id: 66c40936-c45e-4d82-92fb-d3a6482546dd, Nodes: d2644fda-0f6b-4964-8120-db19826e02a4{ip: 192.168.157.233, host: pr-hdds-2120-x62sn-1884063469, networkLocation: /default-rack, certSerialId: null}7631069e-55aa-48aa-a80c-68f378536a45{ip: 192.168.157.233, host: pr-hdds-2120-x62sn-1884063469, networkLocation: /default-rack, certSerialId: null}59cccd2f-755e-4c45-a890-da01592df45f{ip: 192.168.157.233, host: pr-hdds-2120-x62sn-1884063469, networkLocation: /default-rack, certSerialId: null}, Type:RATIS, Factor:THREE, State:CLOSED] from datanode 7631069e-55aa-48aa-a80c-68f378536a45{ip: 192.168.157.233, host: pr-hdds-2120-x62sn-1884063469, networkLocation: /default-rack, certSerialId: null}. Reason : 7631069e-55aa-48aa-a80c-68f378536a45 has not seen follower/s 59cccd2f-755e-4c45-a890-da01592df45f for 165781ms d2644fda-0f6b-4964-8120-db19826e02a4 for 165782ms
2019-09-16 18:02:39,100 [EventQueue-PipelineActionsForPipelineActionHandler] INFO  pipeline.SCMPipelineManager (SCMPipelineManager.java:finalizeAndDestroyPipeline(311)) - destroying pipeline:Pipeline[ Id: 66c40936-c45e-4d82-92fb-d3a6482546dd, Nodes: d2644fda-0f6b-4964-8120-db19826e02a4{ip: 192.168.157.233, host: pr-hdds-2120-x62sn-1884063469, networkLocation: /default-rack, certSerialId: null}7631069e-55aa-48aa-a80c-68f378536a45{ip: 192.168.157.233, host: pr-hdds-2120-x62sn-1884063469, networkLocation: /default-rack, certSerialId: null}59cccd2f-755e-4c45-a890-da01592df45f{ip: 192.168.157.233, host: pr-hdds-2120-x62sn-1884063469, networkLocation: /default-rack, certSerialId: null}, Type:RATIS, Factor:THREE, State:CLOSED]
2019-09-16 18:02:39,113 [java.util.concurrent.ThreadPoolExecutor$Worker@120e34ed[State = -1, empty queue]] WARN  server.GrpcLogAppender (GrpcLogAppender.java:timeoutAppendRequest(200)) - 7631069e-55aa-48aa-a80c-68f378536a45@group-D3A6482546DD->59cccd2f-755e-4c45-a890-da01592df45f-GrpcLogAppender: appendEntries Timeout, request=7631069e-55aa-48aa-a80c-68f378536a45->59cccd2f-755e-4c45-a890-da01592df45f#87-t1, previous=(t:1, i:21), leaderCommit=16, initializing? false, entries: <empty>
2019-09-16 18:02:39,113 [java.util.concurrent.ThreadPoolExecutor$Worker@9fec2f6[State = -1, empty queue]] WARN  server.GrpcLogAppender (GrpcLogAppender.java:timeoutAppendRequest(200)) - 7631069e-55aa-48aa-a80c-68f378536a45@group-D3A6482546DD->d2644fda-0f6b-4964-8120-db19826e02a4-GrpcLogAppender: appendEntries Timeout, request=7631069e-55aa-48aa-a80c-68f378536a45->d2644fda-0f6b-4964-8120-db19826e02a4#87-t1, previous=(t:1, i:21), leaderCommit=16, initializing? false, entries: <empty>
2019-09-16 18:02:39,242 [grpc-default-executor-1] INFO  client.GrpcClientProtocolClient (GrpcClientProtocolClient.java:onNext(264)) - client-19556C4CBA1B->d2644fda-0f6b-4964-8120-db19826e02a4: receive RaftClientReply:client-19556C4CBA1B->d2644fda-0f6b-4964-8120-db19826e02a4@group-D3A6482546DD, cid=40, FAILED org.apache.ratis.protocol.NotLeaderException: Server d2644fda-0f6b-4964-8120-db19826e02a4@group-D3A6482546DD is not the leader 7631069e-55aa-48aa-a80c-68f378536a45:192.168.157.233:39369, logIndex=0, commits[d2644fda-0f6b-4964-8120-db19826e02a4:c16, 7631069e-55aa-48aa-a80c-68f378536a45:c16, 59cccd2f-755e-4c45-a890-da01592df45f:c14]
 0.00% |█                                                                                                    |  0/1 Time: 0:06:05 0.00% |█                                                                                                    |  0/1 Time: 0:06:062019-09-16 18:02:41,115 [org.apache.ratis.server.impl.LogAppender$AppenderDaemon$$Lambda$507/793688760@716607a2] ERROR ratis.XceiverServerRatis (XceiverServerRatis.java:triggerPipelineClose(568)) - pipeline Action CLOSE  on pipeline PipelineID=66c40936-c45e-4d82-92fb-d3a6482546dd.Reason : 7631069e-55aa-48aa-a80c-68f378536a45 has not seen follower/s 59cccd2f-755e-4c45-a890-da01592df45f for 168282ms d2644fda-0f6b-4964-8120-db19826e02a4 for 168282ms
2019-09-16 18:02:41,116 [org.apache.ratis.server.impl.LogAppender$AppenderDaemon$$Lambda$507/793688760@28820090] ERROR ratis.XceiverServerRatis (XceiverServerRatis.java:triggerPipelineClose(568)) - pipeline Action CLOSE  on pipeline PipelineID=66c40936-c45e-4d82-92fb-d3a6482546dd.Reason : 7631069e-55aa-48aa-a80c-68f378536a45 has not seen follower/s 59cccd2f-755e-4c45-a890-da01592df45f for 168282ms d2644fda-0f6b-4964-8120-db19826e02a4 for 168283ms
 0.00% |█                                                                                                    |  0/1 Time: 0:06:072019-09-16 18:02:41,615 [java.util.concurrent.ThreadPoolExecutor$Worker@120e34ed[State = -1, empty queue]] WARN  server.GrpcLogAppender (GrpcLogAppender.java:timeoutAppendRequest(200)) - 7631069e-55aa-48aa-a80c-68f378536a45@group-D3A6482546DD->59cccd2f-755e-4c45-a890-da01592df45f-GrpcLogAppender: appendEntries Timeout, request=7631069e-55aa-48aa-a80c-68f378536a45->59cccd2f-755e-4c45-a890-da01592df45f#88-t1, previous=(t:1, i:21), leaderCommit=16, initializing? false, entries: <empty>
2019-09-16 18:02:41,615 [java.util.concurrent.ThreadPoolExecutor$Worker@9fec2f6[State = -1, empty queue]] WARN  server.GrpcLogAppender (GrpcLogAppender.java:timeoutAppendRequest(200)) - 7631069e-55aa-48aa-a80c-68f378536a45@group-D3A6482546DD->d2644fda-0f6b-4964-8120-db19826e02a4-GrpcLogAppender: appendEntries Timeout, request=7631069e-55aa-48aa-a80c-68f378536a45->d2644fda-0f6b-4964-8120-db19826e02a4#88-t1, previous=(t:1, i:21), leaderCommit=16, initializing? false, entries: <empty>
2019-09-16 18:02:42,100 [EventQueue-PipelineActionsForPipelineActionHandler] ERROR pipeline.PipelineActionHandler (PipelineActionHandler.java:onMessage(60)) - Received pipeline action CLOSE for Pipeline[ Id: 66c40936-c45e-4d82-92fb-d3a6482546dd, Nodes: d2644fda-0f6b-4964-8120-db19826e02a4{ip: 192.168.157.233, host: pr-hdds-2120-x62sn-1884063469, networkLocation: /default-rack, certSerialId: null}7631069e-55aa-48aa-a80c-68f378536a45{ip: 192.168.157.233, host: pr-hdds-2120-x62sn-1884063469, networkLocation: /default-rack, certSerialId: null}59cccd2f-755e-4c45-a890-da01592df45f{ip: 192.168.157.233, host: pr-hdds-2120-x62sn-1884063469, networkLocation: /default-rack, certSerialId: null}, Type:RATIS, Factor:THREE, State:CLOSED] from datanode 7631069e-55aa-48aa-a80c-68f378536a45{ip: 192.168.157.233, host: pr-hdds-2120-x62sn-1884063469, networkLocation: /default-rack, certSerialId: null}. Reason : 7631069e-55aa-48aa-a80c-68f378536a45 has not seen follower/s 59cccd2f-755e-4c45-a890-da01592df45f for 168282ms d2644fda-0f6b-4964-8120-db19826e02a4 for 168282ms
2019-09-16 18:02:42,100 [EventQueue-PipelineActionsForPipelineActionHandler] INFO  pipeline.SCMPipelineManager (SCMPipelineManager.java:finalizeAndDestroyPipeline(311)) - destroying pipeline:Pipeline[ Id: 66c40936-c45e-4d82-92fb-d3a6482546dd, Nodes: d2644fda-0f6b-4964-8120-db19826e02a4{ip: 192.168.157.233, host: pr-hdds-2120-x62sn-1884063469, networkLocation: /default-rack, certSerialId: null}7631069e-55aa-48aa-a80c-68f378536a45{ip: 192.168.157.233, host: pr-hdds-2120-x62sn-1884063469, networkLocation: /default-rack, certSerialId: null}59cccd2f-755e-4c45-a890-da01592df45f{ip: 192.168.157.233, host: pr-hdds-2120-x62sn-1884063469, networkLocation: /default-rack, certSerialId: null}, Type:RATIS, Factor:THREE, State:CLOSED]
 0.00% |█                                                                                                    |  0/1 Time: 0:06:082019-09-16 18:02:42,885 [59cccd2f-755e-4c45-a890-da01592df45f@group-D3A6482546DD-SegmentedRaftLogWorker] WARN  segmented.SegmentedRaftLogWorker (SegmentedRaftLogWorker.java:getFromFuture(90)) - Timeout 16/~
org.apache.ratis.protocol.TimeoutIOException: Timeout 10s: WriteLog:17: (t:1, i:17), STATEMACHINELOGENTRY, client-19556C4CBA1B, cid=40-writeStateMachineData
	at org.apache.ratis.util.IOUtils.getFromFuture(IOUtils.java:87)
	at org.apache.ratis.server.raftlog.segmented.SegmentedRaftLogWorker$StateMachineDataPolicy.getFromFuture(SegmentedRaftLogWorker.java:87)
	at org.apache.ratis.server.raftlog.segmented.SegmentedRaftLogWorker$WriteLog.execute(SegmentedRaftLogWorker.java:477)
	at org.apache.ratis.server.raftlog.segmented.SegmentedRaftLogWorker.run(SegmentedRaftLogWorker.java:289)
	at java.lang.Thread.run(Thread.java:748)
Caused by: java.util.concurrent.TimeoutException
	at java.util.concurrent.CompletableFuture.timedGet(CompletableFuture.java:1771)
	at java.util.concurrent.CompletableFuture.get(CompletableFuture.java:1915)
	at org.apache.ratis.util.IOUtils.getFromFuture(IOUtils.java:79)
	... 4 more
2019-09-16 18:02:43,041 [d2644fda-0f6b-4964-8120-db19826e02a4@group-D3A6482546DD-SegmentedRaftLogWorker] WARN  segmented.SegmentedRaftLogWorker (SegmentedRaftLogWorker.java:getFromFuture(90)) - Timeout 16/~
org.apache.ratis.protocol.TimeoutIOException: Timeout 10s: WriteLog:19: (t:1, i:19), STATEMACHINELOGENTRY, client-19556C4CBA1B, cid=42-writeStateMachineData
	at org.apache.ratis.util.IOUtils.getFromFuture(IOUtils.java:87)
	at org.apache.ratis.server.raftlog.segmented.SegmentedRaftLogWorker$StateMachineDataPolicy.getFromFuture(SegmentedRaftLogWorker.java:87)
	at org.apache.ratis.server.raftlog.segmented.SegmentedRaftLogWorker$WriteLog.execute(SegmentedRaftLogWorker.java:477)
	at org.apache.ratis.server.raftlog.segmented.SegmentedRaftLogWorker.run(SegmentedRaftLogWorker.java:289)
	at java.lang.Thread.run(Thread.java:748)
Caused by: java.util.concurrent.TimeoutException
	at java.util.concurrent.CompletableFuture.timedGet(CompletableFuture.java:1771)
	at java.util.concurrent.CompletableFuture.get(CompletableFuture.java:1915)
	at org.apache.ratis.util.IOUtils.getFromFuture(IOUtils.java:79)
	... 4 more
2019-09-16 18:02:43,041 [7631069e-55aa-48aa-a80c-68f378536a45@group-D3A6482546DD-SegmentedRaftLogWorker] WARN  segmented.SegmentedRaftLogWorker (SegmentedRaftLogWorker.java:getFromFuture(90)) - Timeout 16/~
org.apache.ratis.protocol.TimeoutIOException: Timeout 10s: WriteLog:19: (t:1, i:19), STATEMACHINELOGENTRY, client-19556C4CBA1B, cid=42-writeStateMachineData
	at org.apache.ratis.util.IOUtils.getFromFuture(IOUtils.java:87)
	at org.apache.ratis.server.raftlog.segmented.SegmentedRaftLogWorker$StateMachineDataPolicy.getFromFuture(SegmentedRaftLogWorker.java:87)
	at org.apache.ratis.server.raftlog.segmented.SegmentedRaftLogWorker$WriteLog.execute(SegmentedRaftLogWorker.java:477)
	at org.apache.ratis.server.raftlog.segmented.SegmentedRaftLogWorker.run(SegmentedRaftLogWorker.java:289)
	at java.lang.Thread.run(Thread.java:748)
Caused by: java.util.concurrent.TimeoutException
	at java.util.concurrent.CompletableFuture.timedGet(CompletableFuture.java:1771)
	at java.util.concurrent.CompletableFuture.get(CompletableFuture.java:1915)
	at org.apache.ratis.util.IOUtils.getFromFuture(IOUtils.java:79)
	... 4 more
 0.00% |█                                                                                                    |  0/1 Time: 0:06:092019-09-16 18:02:43,617 [org.apache.ratis.server.impl.LogAppender$AppenderDaemon$$Lambda$507/793688760@716607a2] ERROR ratis.XceiverServerRatis (XceiverServerRatis.java:triggerPipelineClose(568)) - pipeline Action CLOSE  on pipeline PipelineID=66c40936-c45e-4d82-92fb-d3a6482546dd.Reason : 7631069e-55aa-48aa-a80c-68f378536a45 has not seen follower/s 59cccd2f-755e-4c45-a890-da01592df45f for 170783ms d2644fda-0f6b-4964-8120-db19826e02a4 for 170784ms
2019-09-16 18:02:43,617 [org.apache.ratis.server.impl.LogAppender$AppenderDaemon$$Lambda$507/793688760@28820090] ERROR ratis.XceiverServerRatis (XceiverServerRatis.java:triggerPipelineClose(568)) - pipeline Action CLOSE  on pipeline PipelineID=66c40936-c45e-4d82-92fb-d3a6482546dd.Reason : 7631069e-55aa-48aa-a80c-68f378536a45 has not seen follower/s 59cccd2f-755e-4c45-a890-da01592df45f for 170783ms d2644fda-0f6b-4964-8120-db19826e02a4 for 170784ms
2019-09-16 18:02:44,100 [EventQueue-PipelineActionsForPipelineActionHandler] ERROR pipeline.PipelineActionHandler (PipelineActionHandler.java:onMessage(60)) - Received pipeline action CLOSE for Pipeline[ Id: 66c40936-c45e-4d82-92fb-d3a6482546dd, Nodes: d2644fda-0f6b-4964-8120-db19826e02a4{ip: 192.168.157.233, host: pr-hdds-2120-x62sn-1884063469, networkLocation: /default-rack, certSerialId: null}7631069e-55aa-48aa-a80c-68f378536a45{ip: 192.168.157.233, host: pr-hdds-2120-x62sn-1884063469, networkLocation: /default-rack, certSerialId: null}59cccd2f-755e-4c45-a890-da01592df45f{ip: 192.168.157.233, host: pr-hdds-2120-x62sn-1884063469, networkLocation: /default-rack, certSerialId: null}, Type:RATIS, Factor:THREE, State:CLOSED] from datanode 7631069e-55aa-48aa-a80c-68f378536a45{ip: 192.168.157.233, host: pr-hdds-2120-x62sn-1884063469, networkLocation: /default-rack, certSerialId: null}. Reason : 7631069e-55aa-48aa-a80c-68f378536a45 has not seen follower/s 59cccd2f-755e-4c45-a890-da01592df45f for 170783ms d2644fda-0f6b-4964-8120-db19826e02a4 for 170784ms
2019-09-16 18:02:44,100 [EventQueue-PipelineActionsForPipelineActionHandler] INFO  pipeline.SCMPipelineManager (SCMPipelineManager.java:finalizeAndDestroyPipeline(311)) - destroying pipeline:Pipeline[ Id: 66c40936-c45e-4d82-92fb-d3a6482546dd, Nodes: d2644fda-0f6b-4964-8120-db19826e02a4{ip: 192.168.157.233, host: pr-hdds-2120-x62sn-1884063469, networkLocation: /default-rack, certSerialId: null}7631069e-55aa-48aa-a80c-68f378536a45{ip: 192.168.157.233, host: pr-hdds-2120-x62sn-1884063469, networkLocation: /default-rack, certSerialId: null}59cccd2f-755e-4c45-a890-da01592df45f{ip: 192.168.157.233, host: pr-hdds-2120-x62sn-1884063469, networkLocation: /default-rack, certSerialId: null}, Type:RATIS, Factor:THREE, State:CLOSED]
2019-09-16 18:02:44,116 [java.util.concurrent.ThreadPoolExecutor$Worker@120e34ed[State = -1, empty queue]] WARN  server.GrpcLogAppender (GrpcLogAppender.java:timeoutAppendRequest(200)) - 7631069e-55aa-48aa-a80c-68f378536a45@group-D3A6482546DD->59cccd2f-755e-4c45-a890-da01592df45f-GrpcLogAppender: appendEntries Timeout, request=7631069e-55aa-48aa-a80c-68f378536a45->59cccd2f-755e-4c45-a890-da01592df45f#89-t1, previous=(t:1, i:21), leaderCommit=16, initializing? false, entries: <empty>
2019-09-16 18:02:44,116 [java.util.concurrent.ThreadPoolExecutor$Worker@9fec2f6[State = -1, empty queue]] WARN  server.GrpcLogAppender (GrpcLogAppender.java:timeoutAppendRequest(200)) - 7631069e-55aa-48aa-a80c-68f378536a45@group-D3A6482546DD->d2644fda-0f6b-4964-8120-db19826e02a4-GrpcLogAppender: appendEntries Timeout, request=7631069e-55aa-48aa-a80c-68f378536a45->d2644fda-0f6b-4964-8120-db19826e02a4#89-t1, previous=(t:1, i:21), leaderCommit=16, initializing? false, entries: <empty>
2019-09-16 18:02:44,292 [grpc-default-executor-2] INFO  client.GrpcClientProtocolClient (GrpcClientProtocolClient.java:onNext(264)) - client-19556C4CBA1B->59cccd2f-755e-4c45-a890-da01592df45f: receive RaftClientReply:client-19556C4CBA1B->59cccd2f-755e-4c45-a890-da01592df45f@group-D3A6482546DD, cid=40, FAILED org.apache.ratis.protocol.NotLeaderException: Server 59cccd2f-755e-4c45-a890-da01592df45f@group-D3A6482546DD is not the leader 7631069e-55aa-48aa-a80c-68f378536a45:192.168.157.233:39369, logIndex=0, commits[59cccd2f-755e-4c45-a890-da01592df45f:c16, 7631069e-55aa-48aa-a80c-68f378536a45:c16, d2644fda-0f6b-4964-8120-db19826e02a4:c14]
 0.00% |█                                                                                                    |  0/1 Time: 0:06:10 0.00% |█                                                                                                    |  0/1 Time: 0:06:112019-09-16 18:02:46,118 [org.apache.ratis.server.impl.LogAppender$AppenderDaemon$$Lambda$507/793688760@716607a2] ERROR ratis.XceiverServerRatis (XceiverServerRatis.java:triggerPipelineClose(568)) - pipeline Action CLOSE  on pipeline PipelineID=66c40936-c45e-4d82-92fb-d3a6482546dd.Reason : 7631069e-55aa-48aa-a80c-68f378536a45 has not seen follower/s 59cccd2f-755e-4c45-a890-da01592df45f for 173284ms d2644fda-0f6b-4964-8120-db19826e02a4 for 173285ms
2019-09-16 18:02:46,118 [org.apache.ratis.server.impl.LogAppender$AppenderDaemon$$Lambda$507/793688760@28820090] ERROR ratis.XceiverServerRatis (XceiverServerRatis.java:triggerPipelineClose(568)) - pipeline Action CLOSE  on pipeline PipelineID=66c40936-c45e-4d82-92fb-d3a6482546dd.Reason : 7631069e-55aa-48aa-a80c-68f378536a45 has not seen follower/s 59cccd2f-755e-4c45-a890-da01592df45f for 173284ms d2644fda-0f6b-4964-8120-db19826e02a4 for 173285ms
 0.00% |█                                                                                                    |  0/1 Time: 0:06:122019-09-16 18:02:46,617 [java.util.concurrent.ThreadPoolExecutor$Worker@120e34ed[State = -1, empty queue]] WARN  server.GrpcLogAppender (GrpcLogAppender.java:timeoutAppendRequest(200)) - 7631069e-55aa-48aa-a80c-68f378536a45@group-D3A6482546DD->59cccd2f-755e-4c45-a890-da01592df45f-GrpcLogAppender: appendEntries Timeout, request=7631069e-55aa-48aa-a80c-68f378536a45->59cccd2f-755e-4c45-a890-da01592df45f#90-t1, previous=(t:1, i:21), leaderCommit=16, initializing? false, entries: <empty>
2019-09-16 18:02:46,617 [java.util.concurrent.ThreadPoolExecutor$Worker@9fec2f6[State = -1, empty queue]] WARN  server.GrpcLogAppender (GrpcLogAppender.java:timeoutAppendRequest(200)) - 7631069e-55aa-48aa-a80c-68f378536a45@group-D3A6482546DD->d2644fda-0f6b-4964-8120-db19826e02a4-GrpcLogAppender: appendEntries Timeout, request=7631069e-55aa-48aa-a80c-68f378536a45->d2644fda-0f6b-4964-8120-db19826e02a4#90-t1, previous=(t:1, i:21), leaderCommit=16, initializing? false, entries: <empty>
2019-09-16 18:02:47,100 [EventQueue-PipelineActionsForPipelineActionHandler] ERROR pipeline.PipelineActionHandler (PipelineActionHandler.java:onMessage(60)) - Received pipeline action CLOSE for Pipeline[ Id: 66c40936-c45e-4d82-92fb-d3a6482546dd, Nodes: d2644fda-0f6b-4964-8120-db19826e02a4{ip: 192.168.157.233, host: pr-hdds-2120-x62sn-1884063469, networkLocation: /default-rack, certSerialId: null}7631069e-55aa-48aa-a80c-68f378536a45{ip: 192.168.157.233, host: pr-hdds-2120-x62sn-1884063469, networkLocation: /default-rack, certSerialId: null}59cccd2f-755e-4c45-a890-da01592df45f{ip: 192.168.157.233, host: pr-hdds-2120-x62sn-1884063469, networkLocation: /default-rack, certSerialId: null}, Type:RATIS, Factor:THREE, State:CLOSED] from datanode 7631069e-55aa-48aa-a80c-68f378536a45{ip: 192.168.157.233, host: pr-hdds-2120-x62sn-1884063469, networkLocation: /default-rack, certSerialId: null}. Reason : 7631069e-55aa-48aa-a80c-68f378536a45 has not seen follower/s 59cccd2f-755e-4c45-a890-da01592df45f for 173284ms d2644fda-0f6b-4964-8120-db19826e02a4 for 173285ms
2019-09-16 18:02:47,101 [EventQueue-PipelineActionsForPipelineActionHandler] INFO  pipeline.SCMPipelineManager (SCMPipelineManager.java:finalizeAndDestroyPipeline(311)) - destroying pipeline:Pipeline[ Id: 66c40936-c45e-4d82-92fb-d3a6482546dd, Nodes: d2644fda-0f6b-4964-8120-db19826e02a4{ip: 192.168.157.233, host: pr-hdds-2120-x62sn-1884063469, networkLocation: /default-rack, certSerialId: null}7631069e-55aa-48aa-a80c-68f378536a45{ip: 192.168.157.233, host: pr-hdds-2120-x62sn-1884063469, networkLocation: /default-rack, certSerialId: null}59cccd2f-755e-4c45-a890-da01592df45f{ip: 192.168.157.233, host: pr-hdds-2120-x62sn-1884063469, networkLocation: /default-rack, certSerialId: null}, Type:RATIS, Factor:THREE, State:CLOSED]
 0.00% |█                                                                                                    |  0/1 Time: 0:06:13 0.00% |█                                                                                                    |  0/1 Time: 0:06:142019-09-16 18:02:48,620 [org.apache.ratis.server.impl.LogAppender$AppenderDaemon$$Lambda$507/793688760@716607a2] ERROR ratis.XceiverServerRatis (XceiverServerRatis.java:triggerPipelineClose(568)) - pipeline Action CLOSE  on pipeline PipelineID=66c40936-c45e-4d82-92fb-d3a6482546dd.Reason : 7631069e-55aa-48aa-a80c-68f378536a45 has not seen follower/s 59cccd2f-755e-4c45-a890-da01592df45f for 175786ms d2644fda-0f6b-4964-8120-db19826e02a4 for 175787ms
2019-09-16 18:02:48,620 [org.apache.ratis.server.impl.LogAppender$AppenderDaemon$$Lambda$507/793688760@28820090] ERROR ratis.XceiverServerRatis (XceiverServerRatis.java:triggerPipelineClose(568)) - pipeline Action CLOSE  on pipeline PipelineID=66c40936-c45e-4d82-92fb-d3a6482546dd.Reason : 7631069e-55aa-48aa-a80c-68f378536a45 has not seen follower/s 59cccd2f-755e-4c45-a890-da01592df45f for 175786ms d2644fda-0f6b-4964-8120-db19826e02a4 for 175787ms
2019-09-16 18:02:49,100 [EventQueue-PipelineActionsForPipelineActionHandler] ERROR pipeline.PipelineActionHandler (PipelineActionHandler.java:onMessage(60)) - Received pipeline action CLOSE for Pipeline[ Id: 66c40936-c45e-4d82-92fb-d3a6482546dd, Nodes: d2644fda-0f6b-4964-8120-db19826e02a4{ip: 192.168.157.233, host: pr-hdds-2120-x62sn-1884063469, networkLocation: /default-rack, certSerialId: null}7631069e-55aa-48aa-a80c-68f378536a45{ip: 192.168.157.233, host: pr-hdds-2120-x62sn-1884063469, networkLocation: /default-rack, certSerialId: null}59cccd2f-755e-4c45-a890-da01592df45f{ip: 192.168.157.233, host: pr-hdds-2120-x62sn-1884063469, networkLocation: /default-rack, certSerialId: null}, Type:RATIS, Factor:THREE, State:CLOSED] from datanode 7631069e-55aa-48aa-a80c-68f378536a45{ip: 192.168.157.233, host: pr-hdds-2120-x62sn-1884063469, networkLocation: /default-rack, certSerialId: null}. Reason : 7631069e-55aa-48aa-a80c-68f378536a45 has not seen follower/s 59cccd2f-755e-4c45-a890-da01592df45f for 175786ms d2644fda-0f6b-4964-8120-db19826e02a4 for 175787ms
2019-09-16 18:02:49,101 [EventQueue-PipelineActionsForPipelineActionHandler] INFO  pipeline.SCMPipelineManager (SCMPipelineManager.java:finalizeAndDestroyPipeline(311)) - destroying pipeline:Pipeline[ Id: 66c40936-c45e-4d82-92fb-d3a6482546dd, Nodes: d2644fda-0f6b-4964-8120-db19826e02a4{ip: 192.168.157.233, host: pr-hdds-2120-x62sn-1884063469, networkLocation: /default-rack, certSerialId: null}7631069e-55aa-48aa-a80c-68f378536a45{ip: 192.168.157.233, host: pr-hdds-2120-x62sn-1884063469, networkLocation: /default-rack, certSerialId: null}59cccd2f-755e-4c45-a890-da01592df45f{ip: 192.168.157.233, host: pr-hdds-2120-x62sn-1884063469, networkLocation: /default-rack, certSerialId: null}, Type:RATIS, Factor:THREE, State:CLOSED]
2019-09-16 18:02:49,118 [java.util.concurrent.ThreadPoolExecutor$Worker@9fec2f6[State = -1, empty queue]] WARN  server.GrpcLogAppender (GrpcLogAppender.java:timeoutAppendRequest(200)) - 7631069e-55aa-48aa-a80c-68f378536a45@group-D3A6482546DD->d2644fda-0f6b-4964-8120-db19826e02a4-GrpcLogAppender: appendEntries Timeout, request=7631069e-55aa-48aa-a80c-68f378536a45->d2644fda-0f6b-4964-8120-db19826e02a4#91-t1, previous=(t:1, i:21), leaderCommit=16, initializing? false, entries: <empty>
2019-09-16 18:02:49,118 [java.util.concurrent.ThreadPoolExecutor$Worker@120e34ed[State = -1, empty queue]] WARN  server.GrpcLogAppender (GrpcLogAppender.java:timeoutAppendRequest(200)) - 7631069e-55aa-48aa-a80c-68f378536a45@group-D3A6482546DD->59cccd2f-755e-4c45-a890-da01592df45f-GrpcLogAppender: appendEntries Timeout, request=7631069e-55aa-48aa-a80c-68f378536a45->59cccd2f-755e-4c45-a890-da01592df45f#91-t1, previous=(t:1, i:21), leaderCommit=16, initializing? false, entries: <empty>
2019-09-16 18:02:49,336 [grpc-default-executor-2] INFO  client.GrpcClientProtocolClient (GrpcClientProtocolClient.java:onNext(264)) - client-19556C4CBA1B->d2644fda-0f6b-4964-8120-db19826e02a4: receive RaftClientReply:client-19556C4CBA1B->d2644fda-0f6b-4964-8120-db19826e02a4@group-D3A6482546DD, cid=40, FAILED org.apache.ratis.protocol.NotLeaderException: Server d2644fda-0f6b-4964-8120-db19826e02a4@group-D3A6482546DD is not the leader 7631069e-55aa-48aa-a80c-68f378536a45:192.168.157.233:39369, logIndex=0, commits[d2644fda-0f6b-4964-8120-db19826e02a4:c16, 7631069e-55aa-48aa-a80c-68f378536a45:c16, 59cccd2f-755e-4c45-a890-da01592df45f:c14]
 0.00% |█                                                                                                    |  0/1 Time: 0:06:15 0.00% |█                                                                                                    |  0/1 Time: 0:06:162019-09-16 18:02:51,120 [org.apache.ratis.server.impl.LogAppender$AppenderDaemon$$Lambda$507/793688760@28820090] ERROR ratis.XceiverServerRatis (XceiverServerRatis.java:triggerPipelineClose(568)) - pipeline Action CLOSE  on pipeline PipelineID=66c40936-c45e-4d82-92fb-d3a6482546dd.Reason : 7631069e-55aa-48aa-a80c-68f378536a45 has not seen follower/s 59cccd2f-755e-4c45-a890-da01592df45f for 178287ms d2644fda-0f6b-4964-8120-db19826e02a4 for 178287ms
2019-09-16 18:02:51,121 [org.apache.ratis.server.impl.LogAppender$AppenderDaemon$$Lambda$507/793688760@716607a2] ERROR ratis.XceiverServerRatis (XceiverServerRatis.java:triggerPipelineClose(568)) - pipeline Action CLOSE  on pipeline PipelineID=66c40936-c45e-4d82-92fb-d3a6482546dd.Reason : 7631069e-55aa-48aa-a80c-68f378536a45 has not seen follower/s 59cccd2f-755e-4c45-a890-da01592df45f for 178287ms d2644fda-0f6b-4964-8120-db19826e02a4 for 178288ms
 0.00% |█                                                                                                    |  0/1 Time: 0:06:172019-09-16 18:02:51,620 [java.util.concurrent.ThreadPoolExecutor$Worker@9fec2f6[State = -1, empty queue]] WARN  server.GrpcLogAppender (GrpcLogAppender.java:timeoutAppendRequest(200)) - 7631069e-55aa-48aa-a80c-68f378536a45@group-D3A6482546DD->d2644fda-0f6b-4964-8120-db19826e02a4-GrpcLogAppender: appendEntries Timeout, request=7631069e-55aa-48aa-a80c-68f378536a45->d2644fda-0f6b-4964-8120-db19826e02a4#92-t1, previous=(t:1, i:21), leaderCommit=16, initializing? false, entries: <empty>
2019-09-16 18:02:51,620 [java.util.concurrent.ThreadPoolExecutor$Worker@120e34ed[State = -1, empty queue]] WARN  server.GrpcLogAppender (GrpcLogAppender.java:timeoutAppendRequest(200)) - 7631069e-55aa-48aa-a80c-68f378536a45@group-D3A6482546DD->59cccd2f-755e-4c45-a890-da01592df45f-GrpcLogAppender: appendEntries Timeout, request=7631069e-55aa-48aa-a80c-68f378536a45->59cccd2f-755e-4c45-a890-da01592df45f#92-t1, previous=(t:1, i:21), leaderCommit=16, initializing? false, entries: <empty>
2019-09-16 18:02:52,100 [EventQueue-PipelineActionsForPipelineActionHandler] ERROR pipeline.PipelineActionHandler (PipelineActionHandler.java:onMessage(60)) - Received pipeline action CLOSE for Pipeline[ Id: 66c40936-c45e-4d82-92fb-d3a6482546dd, Nodes: d2644fda-0f6b-4964-8120-db19826e02a4{ip: 192.168.157.233, host: pr-hdds-2120-x62sn-1884063469, networkLocation: /default-rack, certSerialId: null}7631069e-55aa-48aa-a80c-68f378536a45{ip: 192.168.157.233, host: pr-hdds-2120-x62sn-1884063469, networkLocation: /default-rack, certSerialId: null}59cccd2f-755e-4c45-a890-da01592df45f{ip: 192.168.157.233, host: pr-hdds-2120-x62sn-1884063469, networkLocation: /default-rack, certSerialId: null}, Type:RATIS, Factor:THREE, State:CLOSED] from datanode 7631069e-55aa-48aa-a80c-68f378536a45{ip: 192.168.157.233, host: pr-hdds-2120-x62sn-1884063469, networkLocation: /default-rack, certSerialId: null}. Reason : 7631069e-55aa-48aa-a80c-68f378536a45 has not seen follower/s 59cccd2f-755e-4c45-a890-da01592df45f for 178287ms d2644fda-0f6b-4964-8120-db19826e02a4 for 178287ms
2019-09-16 18:02:52,101 [EventQueue-PipelineActionsForPipelineActionHandler] INFO  pipeline.SCMPipelineManager (SCMPipelineManager.java:finalizeAndDestroyPipeline(311)) - destroying pipeline:Pipeline[ Id: 66c40936-c45e-4d82-92fb-d3a6482546dd, Nodes: d2644fda-0f6b-4964-8120-db19826e02a4{ip: 192.168.157.233, host: pr-hdds-2120-x62sn-1884063469, networkLocation: /default-rack, certSerialId: null}7631069e-55aa-48aa-a80c-68f378536a45{ip: 192.168.157.233, host: pr-hdds-2120-x62sn-1884063469, networkLocation: /default-rack, certSerialId: null}59cccd2f-755e-4c45-a890-da01592df45f{ip: 192.168.157.233, host: pr-hdds-2120-x62sn-1884063469, networkLocation: /default-rack, certSerialId: null}, Type:RATIS, Factor:THREE, State:CLOSED]
 0.00% |█                                                                                                    |  0/1 Time: 0:06:182019-09-16 18:02:52,886 [59cccd2f-755e-4c45-a890-da01592df45f@group-D3A6482546DD-SegmentedRaftLogWorker] WARN  segmented.SegmentedRaftLogWorker (SegmentedRaftLogWorker.java:getFromFuture(90)) - Timeout 17/~
org.apache.ratis.protocol.TimeoutIOException: Timeout 10s: WriteLog:17: (t:1, i:17), STATEMACHINELOGENTRY, client-19556C4CBA1B, cid=40-writeStateMachineData
	at org.apache.ratis.util.IOUtils.getFromFuture(IOUtils.java:87)
	at org.apache.ratis.server.raftlog.segmented.SegmentedRaftLogWorker$StateMachineDataPolicy.getFromFuture(SegmentedRaftLogWorker.java:87)
	at org.apache.ratis.server.raftlog.segmented.SegmentedRaftLogWorker$WriteLog.execute(SegmentedRaftLogWorker.java:477)
	at org.apache.ratis.server.raftlog.segmented.SegmentedRaftLogWorker.run(SegmentedRaftLogWorker.java:289)
	at java.lang.Thread.run(Thread.java:748)
Caused by: java.util.concurrent.TimeoutException
	at java.util.concurrent.CompletableFuture.timedGet(CompletableFuture.java:1771)
	at java.util.concurrent.CompletableFuture.get(CompletableFuture.java:1915)
	at org.apache.ratis.util.IOUtils.getFromFuture(IOUtils.java:79)
	... 4 more
2019-09-16 18:02:53,043 [d2644fda-0f6b-4964-8120-db19826e02a4@group-D3A6482546DD-SegmentedRaftLogWorker] WARN  segmented.SegmentedRaftLogWorker (SegmentedRaftLogWorker.java:getFromFuture(90)) - Timeout 17/~
org.apache.ratis.protocol.TimeoutIOException: Timeout 10s: WriteLog:19: (t:1, i:19), STATEMACHINELOGENTRY, client-19556C4CBA1B, cid=42-writeStateMachineData
	at org.apache.ratis.util.IOUtils.getFromFuture(IOUtils.java:87)
	at org.apache.ratis.server.raftlog.segmented.SegmentedRaftLogWorker$StateMachineDataPolicy.getFromFuture(SegmentedRaftLogWorker.java:87)
	at org.apache.ratis.server.raftlog.segmented.SegmentedRaftLogWorker$WriteLog.execute(SegmentedRaftLogWorker.java:477)
	at org.apache.ratis.server.raftlog.segmented.SegmentedRaftLogWorker.run(SegmentedRaftLogWorker.java:289)
	at java.lang.Thread.run(Thread.java:748)
Caused by: java.util.concurrent.TimeoutException
	at java.util.concurrent.CompletableFuture.timedGet(CompletableFuture.java:1771)
	at java.util.concurrent.CompletableFuture.get(CompletableFuture.java:1915)
	at org.apache.ratis.util.IOUtils.getFromFuture(IOUtils.java:79)
	... 4 more
2019-09-16 18:02:53,044 [7631069e-55aa-48aa-a80c-68f378536a45@group-D3A6482546DD-SegmentedRaftLogWorker] WARN  segmented.SegmentedRaftLogWorker (SegmentedRaftLogWorker.java:getFromFuture(90)) - Timeout 17/~
org.apache.ratis.protocol.TimeoutIOException: Timeout 10s: WriteLog:19: (t:1, i:19), STATEMACHINELOGENTRY, client-19556C4CBA1B, cid=42-writeStateMachineData
	at org.apache.ratis.util.IOUtils.getFromFuture(IOUtils.java:87)
	at org.apache.ratis.server.raftlog.segmented.SegmentedRaftLogWorker$StateMachineDataPolicy.getFromFuture(SegmentedRaftLogWorker.java:87)
	at org.apache.ratis.server.raftlog.segmented.SegmentedRaftLogWorker$WriteLog.execute(SegmentedRaftLogWorker.java:477)
	at org.apache.ratis.server.raftlog.segmented.SegmentedRaftLogWorker.run(SegmentedRaftLogWorker.java:289)
	at java.lang.Thread.run(Thread.java:748)
Caused by: java.util.concurrent.TimeoutException
	at java.util.concurrent.CompletableFuture.timedGet(CompletableFuture.java:1771)
	at java.util.concurrent.CompletableFuture.get(CompletableFuture.java:1915)
	at org.apache.ratis.util.IOUtils.getFromFuture(IOUtils.java:79)
	... 4 more
 0.00% |█                                                                                                    |  0/1 Time: 0:06:192019-09-16 18:02:53,622 [org.apache.ratis.server.impl.LogAppender$AppenderDaemon$$Lambda$507/793688760@28820090] ERROR ratis.XceiverServerRatis (XceiverServerRatis.java:triggerPipelineClose(568)) - pipeline Action CLOSE  on pipeline PipelineID=66c40936-c45e-4d82-92fb-d3a6482546dd.Reason : 7631069e-55aa-48aa-a80c-68f378536a45 has not seen follower/s 59cccd2f-755e-4c45-a890-da01592df45f for 180788ms d2644fda-0f6b-4964-8120-db19826e02a4 for 180788ms
2019-09-16 18:02:53,622 [org.apache.ratis.server.impl.LogAppender$AppenderDaemon$$Lambda$507/793688760@716607a2] ERROR ratis.XceiverServerRatis (XceiverServerRatis.java:triggerPipelineClose(568)) - pipeline Action CLOSE  on pipeline PipelineID=66c40936-c45e-4d82-92fb-d3a6482546dd.Reason : 7631069e-55aa-48aa-a80c-68f378536a45 has not seen follower/s 59cccd2f-755e-4c45-a890-da01592df45f for 180788ms d2644fda-0f6b-4964-8120-db19826e02a4 for 180788ms
2019-09-16 18:02:54,100 [EventQueue-PipelineActionsForPipelineActionHandler] ERROR pipeline.PipelineActionHandler (PipelineActionHandler.java:onMessage(60)) - Received pipeline action CLOSE for Pipeline[ Id: 66c40936-c45e-4d82-92fb-d3a6482546dd, Nodes: d2644fda-0f6b-4964-8120-db19826e02a4{ip: 192.168.157.233, host: pr-hdds-2120-x62sn-1884063469, networkLocation: /default-rack, certSerialId: null}7631069e-55aa-48aa-a80c-68f378536a45{ip: 192.168.157.233, host: pr-hdds-2120-x62sn-1884063469, networkLocation: /default-rack, certSerialId: null}59cccd2f-755e-4c45-a890-da01592df45f{ip: 192.168.157.233, host: pr-hdds-2120-x62sn-1884063469, networkLocation: /default-rack, certSerialId: null}, Type:RATIS, Factor:THREE, State:CLOSED] from datanode 7631069e-55aa-48aa-a80c-68f378536a45{ip: 192.168.157.233, host: pr-hdds-2120-x62sn-1884063469, networkLocation: /default-rack, certSerialId: null}. Reason : 7631069e-55aa-48aa-a80c-68f378536a45 has not seen follower/s 59cccd2f-755e-4c45-a890-da01592df45f for 180788ms d2644fda-0f6b-4964-8120-db19826e02a4 for 180788ms
2019-09-16 18:02:54,101 [EventQueue-PipelineActionsForPipelineActionHandler] INFO  pipeline.SCMPipelineManager (SCMPipelineManager.java:finalizeAndDestroyPipeline(311)) - destroying pipeline:Pipeline[ Id: 66c40936-c45e-4d82-92fb-d3a6482546dd, Nodes: d2644fda-0f6b-4964-8120-db19826e02a4{ip: 192.168.157.233, host: pr-hdds-2120-x62sn-1884063469, networkLocation: /default-rack, certSerialId: null}7631069e-55aa-48aa-a80c-68f378536a45{ip: 192.168.157.233, host: pr-hdds-2120-x62sn-1884063469, networkLocation: /default-rack, certSerialId: null}59cccd2f-755e-4c45-a890-da01592df45f{ip: 192.168.157.233, host: pr-hdds-2120-x62sn-1884063469, networkLocation: /default-rack, certSerialId: null}, Type:RATIS, Factor:THREE, State:CLOSED]
2019-09-16 18:02:54,120 [java.util.concurrent.ThreadPoolExecutor$Worker@9fec2f6[State = -1, empty queue]] WARN  server.GrpcLogAppender (GrpcLogAppender.java:timeoutAppendRequest(200)) - 7631069e-55aa-48aa-a80c-68f378536a45@group-D3A6482546DD->d2644fda-0f6b-4964-8120-db19826e02a4-GrpcLogAppender: appendEntries Timeout, request=7631069e-55aa-48aa-a80c-68f378536a45->d2644fda-0f6b-4964-8120-db19826e02a4#93-t1, previous=(t:1, i:21), leaderCommit=16, initializing? false, entries: <empty>
2019-09-16 18:02:54,121 [java.util.concurrent.ThreadPoolExecutor$Worker@120e34ed[State = -1, empty queue]] WARN  server.GrpcLogAppender (GrpcLogAppender.java:timeoutAppendRequest(200)) - 7631069e-55aa-48aa-a80c-68f378536a45@group-D3A6482546DD->59cccd2f-755e-4c45-a890-da01592df45f-GrpcLogAppender: appendEntries Timeout, request=7631069e-55aa-48aa-a80c-68f378536a45->59cccd2f-755e-4c45-a890-da01592df45f#93-t1, previous=(t:1, i:21), leaderCommit=16, initializing? false, entries: <empty>
2019-09-16 18:02:54,378 [grpc-default-executor-3] INFO  client.GrpcClientProtocolClient (GrpcClientProtocolClient.java:onNext(264)) - client-19556C4CBA1B->d2644fda-0f6b-4964-8120-db19826e02a4: receive RaftClientReply:client-19556C4CBA1B->d2644fda-0f6b-4964-8120-db19826e02a4@group-D3A6482546DD, cid=40, FAILED org.apache.ratis.protocol.NotLeaderException: Server d2644fda-0f6b-4964-8120-db19826e02a4@group-D3A6482546DD is not the leader 7631069e-55aa-48aa-a80c-68f378536a45:192.168.157.233:39369, logIndex=0, commits[d2644fda-0f6b-4964-8120-db19826e02a4:c16, 7631069e-55aa-48aa-a80c-68f378536a45:c16, 59cccd2f-755e-4c45-a890-da01592df45f:c14]
 0.00% |█                                                                                                    |  0/1 Time: 0:06:20 0.00% |█                                                                                                    |  0/1 Time: 0:06:212019-09-16 18:02:56,123 [org.apache.ratis.server.impl.LogAppender$AppenderDaemon$$Lambda$507/793688760@28820090] ERROR ratis.XceiverServerRatis (XceiverServerRatis.java:triggerPipelineClose(568)) - pipeline Action CLOSE  on pipeline PipelineID=66c40936-c45e-4d82-92fb-d3a6482546dd.Reason : 7631069e-55aa-48aa-a80c-68f378536a45 has not seen follower/s 59cccd2f-755e-4c45-a890-da01592df45f for 183289ms d2644fda-0f6b-4964-8120-db19826e02a4 for 183290ms
2019-09-16 18:02:56,123 [org.apache.ratis.server.impl.LogAppender$AppenderDaemon$$Lambda$507/793688760@716607a2] ERROR ratis.XceiverServerRatis (XceiverServerRatis.java:triggerPipelineClose(568)) - pipeline Action CLOSE  on pipeline PipelineID=66c40936-c45e-4d82-92fb-d3a6482546dd.Reason : 7631069e-55aa-48aa-a80c-68f378536a45 has not seen follower/s 59cccd2f-755e-4c45-a890-da01592df45f for 183289ms d2644fda-0f6b-4964-8120-db19826e02a4 for 183290ms
 0.00% |█                                                                                                    |  0/1 Time: 0:06:222019-09-16 18:02:56,622 [java.util.concurrent.ThreadPoolExecutor$Worker@9fec2f6[State = -1, empty queue]] WARN  server.GrpcLogAppender (GrpcLogAppender.java:timeoutAppendRequest(200)) - 7631069e-55aa-48aa-a80c-68f378536a45@group-D3A6482546DD->d2644fda-0f6b-4964-8120-db19826e02a4-GrpcLogAppender: appendEntries Timeout, request=7631069e-55aa-48aa-a80c-68f378536a45->d2644fda-0f6b-4964-8120-db19826e02a4#94-t1, previous=(t:1, i:21), leaderCommit=16, initializing? false, entries: <empty>
2019-09-16 18:02:56,622 [java.util.concurrent.ThreadPoolExecutor$Worker@120e34ed[State = -1, empty queue]] WARN  server.GrpcLogAppender (GrpcLogAppender.java:timeoutAppendRequest(200)) - 7631069e-55aa-48aa-a80c-68f378536a45@group-D3A6482546DD->59cccd2f-755e-4c45-a890-da01592df45f-GrpcLogAppender: appendEntries Timeout, request=7631069e-55aa-48aa-a80c-68f378536a45->59cccd2f-755e-4c45-a890-da01592df45f#94-t1, previous=(t:1, i:21), leaderCommit=16, initializing? false, entries: <empty>
2019-09-16 18:02:57,100 [EventQueue-PipelineActionsForPipelineActionHandler] ERROR pipeline.PipelineActionHandler (PipelineActionHandler.java:onMessage(60)) - Received pipeline action CLOSE for Pipeline[ Id: 66c40936-c45e-4d82-92fb-d3a6482546dd, Nodes: d2644fda-0f6b-4964-8120-db19826e02a4{ip: 192.168.157.233, host: pr-hdds-2120-x62sn-1884063469, networkLocation: /default-rack, certSerialId: null}7631069e-55aa-48aa-a80c-68f378536a45{ip: 192.168.157.233, host: pr-hdds-2120-x62sn-1884063469, networkLocation: /default-rack, certSerialId: null}59cccd2f-755e-4c45-a890-da01592df45f{ip: 192.168.157.233, host: pr-hdds-2120-x62sn-1884063469, networkLocation: /default-rack, certSerialId: null}, Type:RATIS, Factor:THREE, State:CLOSED] from datanode 7631069e-55aa-48aa-a80c-68f378536a45{ip: 192.168.157.233, host: pr-hdds-2120-x62sn-1884063469, networkLocation: /default-rack, certSerialId: null}. Reason : 7631069e-55aa-48aa-a80c-68f378536a45 has not seen follower/s 59cccd2f-755e-4c45-a890-da01592df45f for 183289ms d2644fda-0f6b-4964-8120-db19826e02a4 for 183290ms
2019-09-16 18:02:57,101 [EventQueue-PipelineActionsForPipelineActionHandler] INFO  pipeline.SCMPipelineManager (SCMPipelineManager.java:finalizeAndDestroyPipeline(311)) - destroying pipeline:Pipeline[ Id: 66c40936-c45e-4d82-92fb-d3a6482546dd, Nodes: d2644fda-0f6b-4964-8120-db19826e02a4{ip: 192.168.157.233, host: pr-hdds-2120-x62sn-1884063469, networkLocation: /default-rack, certSerialId: null}7631069e-55aa-48aa-a80c-68f378536a45{ip: 192.168.157.233, host: pr-hdds-2120-x62sn-1884063469, networkLocation: /default-rack, certSerialId: null}59cccd2f-755e-4c45-a890-da01592df45f{ip: 192.168.157.233, host: pr-hdds-2120-x62sn-1884063469, networkLocation: /default-rack, certSerialId: null}, Type:RATIS, Factor:THREE, State:CLOSED]
 0.00% |█                                                                                                    |  0/1 Time: 0:06:23 0.00% |█                                                                                                    |  0/1 Time: 0:06:242019-09-16 18:02:58,624 [org.apache.ratis.server.impl.LogAppender$AppenderDaemon$$Lambda$507/793688760@28820090] ERROR ratis.XceiverServerRatis (XceiverServerRatis.java:triggerPipelineClose(568)) - pipeline Action CLOSE  on pipeline PipelineID=66c40936-c45e-4d82-92fb-d3a6482546dd.Reason : 7631069e-55aa-48aa-a80c-68f378536a45 has not seen follower/s 59cccd2f-755e-4c45-a890-da01592df45f for 185790ms d2644fda-0f6b-4964-8120-db19826e02a4 for 185791ms
2019-09-16 18:02:58,624 [org.apache.ratis.server.impl.LogAppender$AppenderDaemon$$Lambda$507/793688760@716607a2] ERROR ratis.XceiverServerRatis (XceiverServerRatis.java:triggerPipelineClose(568)) - pipeline Action CLOSE  on pipeline PipelineID=66c40936-c45e-4d82-92fb-d3a6482546dd.Reason : 7631069e-55aa-48aa-a80c-68f378536a45 has not seen follower/s 59cccd2f-755e-4c45-a890-da01592df45f for 185790ms d2644fda-0f6b-4964-8120-db19826e02a4 for 185791ms
2019-09-16 18:02:59,081 [grpc-default-executor-3] INFO  impl.RaftServerProxy (RaftServerProxy.java:remove(95)) - d2644fda-0f6b-4964-8120-db19826e02a4: remove  FOLLOWER d2644fda-0f6b-4964-8120-db19826e02a4@group-D3A6482546DD:t1, leader=7631069e-55aa-48aa-a80c-68f378536a45, voted=7631069e-55aa-48aa-a80c-68f378536a45, raftlog=d2644fda-0f6b-4964-8120-db19826e02a4@group-D3A6482546DD-SegmentedRaftLog:OPENED:c16,f16,i21, conf=0: [7631069e-55aa-48aa-a80c-68f378536a45:192.168.157.233:39369, 59cccd2f-755e-4c45-a890-da01592df45f:192.168.157.233:42719, d2644fda-0f6b-4964-8120-db19826e02a4:192.168.157.233:37608], old=null RUNNING
2019-09-16 18:02:59,081 [grpc-default-executor-3] INFO  impl.RaftServerImpl (RaftServerImpl.java:lambda$shutdown$3(251)) - d2644fda-0f6b-4964-8120-db19826e02a4@group-D3A6482546DD: shutdown
2019-09-16 18:02:59,082 [grpc-default-executor-3] INFO  util.JmxRegister (JmxRegister.java:unregister(73)) - Successfully un-registered JMX Bean with object name Ratis:service=RaftServer,group=group-D3A6482546DD,id=d2644fda-0f6b-4964-8120-db19826e02a4
2019-09-16 18:02:59,082 [grpc-default-executor-3] INFO  impl.RoleInfo (RoleInfo.java:shutdownFollowerState(121)) - d2644fda-0f6b-4964-8120-db19826e02a4: shutdown FollowerState
2019-09-16 18:02:59,083 [grpc-default-executor-3] INFO  impl.StateMachineUpdater (StateMachineUpdater.java:stopAndJoin(125)) - d2644fda-0f6b-4964-8120-db19826e02a4@group-D3A6482546DD-StateMachineUpdater: set stopIndex = 16
2019-09-16 18:02:59,083 [d2644fda-0f6b-4964-8120-db19826e02a4@group-D3A6482546DD-StateMachineUpdater] INFO  ratis.ContainerStateMachine (ContainerStateMachine.java:takeSnapshot(289)) - group-D3A6482546DD: Taking a snapshot at:(t:1, i:14) file /workdir/hadoop-ozone/tools/target/test-dir/MiniOzoneClusterImpl-15d0669d-b250-4261-9bfd-fa60101ddcc7/datanode-1/data/ratis/66c40936-c45e-4d82-92fb-d3a6482546dd/sm/snapshot.1_14
2019-09-16 18:02:59,083 [Thread-588] INFO  impl.FollowerState (FollowerState.java:run(115)) - d2644fda-0f6b-4964-8120-db19826e02a4: FollowerState was interrupted: java.lang.InterruptedException: sleep interrupted
2019-09-16 18:02:59,098 [d2644fda-0f6b-4964-8120-db19826e02a4@group-D3A6482546DD-StateMachineUpdater] INFO  ratis.ContainerStateMachine (ContainerStateMachine.java:takeSnapshot(300)) - group-D3A6482546DD: Finished taking a snapshot at:(t:1, i:14) file:/workdir/hadoop-ozone/tools/target/test-dir/MiniOzoneClusterImpl-15d0669d-b250-4261-9bfd-fa60101ddcc7/datanode-1/data/ratis/66c40936-c45e-4d82-92fb-d3a6482546dd/sm/snapshot.1_14 time:15
2019-09-16 18:02:59,098 [d2644fda-0f6b-4964-8120-db19826e02a4@group-D3A6482546DD-StateMachineUpdater] INFO  impl.StateMachineUpdater (StateMachineUpdater.java:takeSnapshot(258)) - d2644fda-0f6b-4964-8120-db19826e02a4@group-D3A6482546DD-StateMachineUpdater: Took a snapshot at index 14
2019-09-16 18:02:59,098 [d2644fda-0f6b-4964-8120-db19826e02a4@group-D3A6482546DD-StateMachineUpdater] INFO  impl.StateMachineUpdater (StateMachineUpdater.java:lambda$new$0(83)) - d2644fda-0f6b-4964-8120-db19826e02a4@group-D3A6482546DD-StateMachineUpdater: snapshotIndex: updateIncreasingly -1 -> 14
2019-09-16 18:02:59,099 [d2644fda-0f6b-4964-8120-db19826e02a4@group-D3A6482546DD-StateMachineUpdater] INFO  ratis.ContainerStateMachine (ContainerStateMachine.java:takeSnapshot(289)) - group-D3A6482546DD: Taking a snapshot at:(t:1, i:14) file /workdir/hadoop-ozone/tools/target/test-dir/MiniOzoneClusterImpl-15d0669d-b250-4261-9bfd-fa60101ddcc7/datanode-1/data/ratis/66c40936-c45e-4d82-92fb-d3a6482546dd/sm/snapshot.1_14
2019-09-16 18:02:59,100 [EventQueue-PipelineActionsForPipelineActionHandler] ERROR pipeline.PipelineActionHandler (PipelineActionHandler.java:onMessage(60)) - Received pipeline action CLOSE for Pipeline[ Id: 66c40936-c45e-4d82-92fb-d3a6482546dd, Nodes: d2644fda-0f6b-4964-8120-db19826e02a4{ip: 192.168.157.233, host: pr-hdds-2120-x62sn-1884063469, networkLocation: /default-rack, certSerialId: null}7631069e-55aa-48aa-a80c-68f378536a45{ip: 192.168.157.233, host: pr-hdds-2120-x62sn-1884063469, networkLocation: /default-rack, certSerialId: null}59cccd2f-755e-4c45-a890-da01592df45f{ip: 192.168.157.233, host: pr-hdds-2120-x62sn-1884063469, networkLocation: /default-rack, certSerialId: null}, Type:RATIS, Factor:THREE, State:CLOSED] from datanode 7631069e-55aa-48aa-a80c-68f378536a45{ip: 192.168.157.233, host: pr-hdds-2120-x62sn-1884063469, networkLocation: /default-rack, certSerialId: null}. Reason : 7631069e-55aa-48aa-a80c-68f378536a45 has not seen follower/s 59cccd2f-755e-4c45-a890-da01592df45f for 185790ms d2644fda-0f6b-4964-8120-db19826e02a4 for 185791ms
2019-09-16 18:02:59,100 [EventQueue-PipelineActionsForPipelineActionHandler] INFO  pipeline.SCMPipelineManager (SCMPipelineManager.java:finalizeAndDestroyPipeline(311)) - destroying pipeline:Pipeline[ Id: 66c40936-c45e-4d82-92fb-d3a6482546dd, Nodes: d2644fda-0f6b-4964-8120-db19826e02a4{ip: 192.168.157.233, host: pr-hdds-2120-x62sn-1884063469, networkLocation: /default-rack, certSerialId: null}7631069e-55aa-48aa-a80c-68f378536a45{ip: 192.168.157.233, host: pr-hdds-2120-x62sn-1884063469, networkLocation: /default-rack, certSerialId: null}59cccd2f-755e-4c45-a890-da01592df45f{ip: 192.168.157.233, host: pr-hdds-2120-x62sn-1884063469, networkLocation: /default-rack, certSerialId: null}, Type:RATIS, Factor:THREE, State:CLOSED]
2019-09-16 18:02:59,123 [d2644fda-0f6b-4964-8120-db19826e02a4@group-D3A6482546DD-StateMachineUpdater] INFO  ratis.ContainerStateMachine (ContainerStateMachine.java:takeSnapshot(300)) - group-D3A6482546DD: Finished taking a snapshot at:(t:1, i:14) file:/workdir/hadoop-ozone/tools/target/test-dir/MiniOzoneClusterImpl-15d0669d-b250-4261-9bfd-fa60101ddcc7/datanode-1/data/ratis/66c40936-c45e-4d82-92fb-d3a6482546dd/sm/snapshot.1_14 time:24
2019-09-16 18:02:59,123 [d2644fda-0f6b-4964-8120-db19826e02a4@group-D3A6482546DD-StateMachineUpdater] INFO  impl.StateMachineUpdater (StateMachineUpdater.java:takeSnapshot(258)) - d2644fda-0f6b-4964-8120-db19826e02a4@group-D3A6482546DD-StateMachineUpdater: Took a snapshot at index 14
2019-09-16 18:02:59,123 [java.util.concurrent.ThreadPoolExecutor$Worker@9fec2f6[State = -1, empty queue]] WARN  server.GrpcLogAppender (GrpcLogAppender.java:timeoutAppendRequest(200)) - 7631069e-55aa-48aa-a80c-68f378536a45@group-D3A6482546DD->d2644fda-0f6b-4964-8120-db19826e02a4-GrpcLogAppender: appendEntries Timeout, request=7631069e-55aa-48aa-a80c-68f378536a45->d2644fda-0f6b-4964-8120-db19826e02a4#95-t1, previous=(t:1, i:21), leaderCommit=16, initializing? false, entries: <empty>
2019-09-16 18:02:59,123 [d2644fda-0f6b-4964-8120-db19826e02a4@group-D3A6482546DD-StateMachineUpdater] INFO  impl.StateMachineUpdater (StateMachineUpdater.java:lambda$new$0(83)) - d2644fda-0f6b-4964-8120-db19826e02a4@group-D3A6482546DD-StateMachineUpdater: snapshotIndex: updateIncreasingly 14 -> 14
2019-09-16 18:02:59,123 [java.util.concurrent.ThreadPoolExecutor$Worker@120e34ed[State = -1, empty queue]] WARN  server.GrpcLogAppender (GrpcLogAppender.java:timeoutAppendRequest(200)) - 7631069e-55aa-48aa-a80c-68f378536a45@group-D3A6482546DD->59cccd2f-755e-4c45-a890-da01592df45f-GrpcLogAppender: appendEntries Timeout, request=7631069e-55aa-48aa-a80c-68f378536a45->59cccd2f-755e-4c45-a890-da01592df45f#95-t1, previous=(t:1, i:21), leaderCommit=16, initializing? false, entries: <empty>
2019-09-16 18:02:59,124 [grpc-default-executor-3] INFO  impl.RaftServerImpl (ServerState.java:close(385)) - d2644fda-0f6b-4964-8120-db19826e02a4@group-D3A6482546DD: closes. applyIndex: 16
2019-09-16 18:02:59,125 [d2644fda-0f6b-4964-8120-db19826e02a4@group-D3A6482546DD-SegmentedRaftLogWorker] ERROR ratis.XceiverServerRatis (XceiverServerRatis.java:triggerPipelineClose(568)) - pipeline Action CLOSE  on pipeline PipelineID=66c40936-c45e-4d82-92fb-d3a6482546dd.Reason : WriteLog:19: (t:1, i:19), STATEMACHINELOGENTRY, client-19556C4CBA1B, cid=42-writeStateMachineData interrupted.
2019-09-16 18:02:59,127 [EventQueue-PipelineActionsForPipelineActionHandler] ERROR pipeline.PipelineActionHandler (PipelineActionHandler.java:onMessage(60)) - Received pipeline action CLOSE for Pipeline[ Id: 66c40936-c45e-4d82-92fb-d3a6482546dd, Nodes: d2644fda-0f6b-4964-8120-db19826e02a4{ip: 192.168.157.233, host: pr-hdds-2120-x62sn-1884063469, networkLocation: /default-rack, certSerialId: null}7631069e-55aa-48aa-a80c-68f378536a45{ip: 192.168.157.233, host: pr-hdds-2120-x62sn-1884063469, networkLocation: /default-rack, certSerialId: null}59cccd2f-755e-4c45-a890-da01592df45f{ip: 192.168.157.233, host: pr-hdds-2120-x62sn-1884063469, networkLocation: /default-rack, certSerialId: null}, Type:RATIS, Factor:THREE, State:CLOSED] from datanode d2644fda-0f6b-4964-8120-db19826e02a4{ip: 192.168.157.233, host: pr-hdds-2120-x62sn-1884063469, networkLocation: /default-rack, certSerialId: null}. Reason : WriteLog:19: (t:1, i:19), STATEMACHINELOGENTRY, client-19556C4CBA1B, cid=42-writeStateMachineData interrupted.
2019-09-16 18:02:59,127 [EventQueue-PipelineActionsForPipelineActionHandler] INFO  pipeline.SCMPipelineManager (SCMPipelineManager.java:finalizeAndDestroyPipeline(311)) - destroying pipeline:Pipeline[ Id: 66c40936-c45e-4d82-92fb-d3a6482546dd, Nodes: d2644fda-0f6b-4964-8120-db19826e02a4{ip: 192.168.157.233, host: pr-hdds-2120-x62sn-1884063469, networkLocation: /default-rack, certSerialId: null}7631069e-55aa-48aa-a80c-68f378536a45{ip: 192.168.157.233, host: pr-hdds-2120-x62sn-1884063469, networkLocation: /default-rack, certSerialId: null}59cccd2f-755e-4c45-a890-da01592df45f{ip: 192.168.157.233, host: pr-hdds-2120-x62sn-1884063469, networkLocation: /default-rack, certSerialId: null}, Type:RATIS, Factor:THREE, State:CLOSED]
2019-09-16 18:02:59,138 [grpc-default-executor-3] INFO  segmented.SegmentedRaftLogWorker (SegmentedRaftLogWorker.java:close(228)) - d2644fda-0f6b-4964-8120-db19826e02a4@group-D3A6482546DD-SegmentedRaftLogWorker close()
2019-09-16 18:02:59,153 [grpc-default-executor-3] INFO  interfaces.Container (KeyValueContainer.java:flushAndSyncDB(386)) - Container 4 is synced with bcsId 14.
2019-09-16 18:02:59,153 [grpc-default-executor-3] INFO  interfaces.Container (KeyValueContainer.java:flushAndSyncDB(386)) - Container 4 is synced with bcsId 14.
2019-09-16 18:02:59,170 [EventQueue-IncrementalContainerReportForIncrementalContainerReportHandler] INFO  container.IncrementalContainerReportHandler (AbstractContainerReportHandler.java:updateContainerState(169)) - Moving container #4 to QUASI_CLOSED state, datanode d2644fda-0f6b-4964-8120-db19826e02a4{ip: 192.168.157.233, host: pr-hdds-2120-x62sn-1884063469, networkLocation: /default-rack, certSerialId: null} reported QUASI_CLOSED replica.
2019-09-16 18:02:59,207 [grpc-default-executor-3] INFO  interfaces.Container (KeyValueContainer.java:flushAndSyncDB(386)) - Container 5 is synced with bcsId 0.
2019-09-16 18:02:59,208 [grpc-default-executor-3] INFO  interfaces.Container (KeyValueContainer.java:flushAndSyncDB(386)) - Container 5 is synced with bcsId 0.
2019-09-16 18:02:59,221 [EventQueue-IncrementalContainerReportForIncrementalContainerReportHandler] INFO  container.IncrementalContainerReportHandler (AbstractContainerReportHandler.java:updateContainerState(169)) - Moving container #5 to QUASI_CLOSED state, datanode d2644fda-0f6b-4964-8120-db19826e02a4{ip: 192.168.157.233, host: pr-hdds-2120-x62sn-1884063469, networkLocation: /default-rack, certSerialId: null} reported QUASI_CLOSED replica.
2019-09-16 18:02:59,226 [grpc-default-executor-3] INFO  impl.RaftServerProxy (RaftServerProxy.java:remove(95)) - 7631069e-55aa-48aa-a80c-68f378536a45: remove    LEADER 7631069e-55aa-48aa-a80c-68f378536a45@group-D3A6482546DD:t1, leader=7631069e-55aa-48aa-a80c-68f378536a45, voted=7631069e-55aa-48aa-a80c-68f378536a45, raftlog=7631069e-55aa-48aa-a80c-68f378536a45@group-D3A6482546DD-SegmentedRaftLog:OPENED:c16,f16,i21, conf=0: [7631069e-55aa-48aa-a80c-68f378536a45:192.168.157.233:39369, 59cccd2f-755e-4c45-a890-da01592df45f:192.168.157.233:42719, d2644fda-0f6b-4964-8120-db19826e02a4:192.168.157.233:37608], old=null RUNNING
2019-09-16 18:02:59,226 [grpc-default-executor-3] INFO  impl.RaftServerImpl (RaftServerImpl.java:lambda$shutdown$3(251)) - 7631069e-55aa-48aa-a80c-68f378536a45@group-D3A6482546DD: shutdown
2019-09-16 18:02:59,227 [grpc-default-executor-3] INFO  util.JmxRegister (JmxRegister.java:unregister(73)) - Successfully un-registered JMX Bean with object name Ratis:service=RaftServer,group=group-D3A6482546DD,id=7631069e-55aa-48aa-a80c-68f378536a45
2019-09-16 18:02:59,227 [grpc-default-executor-3] INFO  impl.RoleInfo (RoleInfo.java:shutdownLeaderState(104)) - 7631069e-55aa-48aa-a80c-68f378536a45: shutdown LeaderState
2019-09-16 18:02:59,230 [grpc-default-executor-3] INFO  impl.PendingRequests (PendingRequests.java:sendNotLeaderResponses(202)) - 7631069e-55aa-48aa-a80c-68f378536a45-PendingRequests: sendNotLeaderResponses
2019-09-16 18:02:59,230 [org.apache.ratis.server.impl.LogAppender$AppenderDaemon$$Lambda$507/793688760@28820090] WARN  server.GrpcLogAppender (GrpcLogAppender.java:mayWait(143)) - 7631069e-55aa-48aa-a80c-68f378536a45@group-D3A6482546DD->d2644fda-0f6b-4964-8120-db19826e02a4-GrpcLogAppender: Wait interrupted by java.lang.InterruptedException
2019-09-16 18:02:59,230 [org.apache.ratis.server.impl.LogAppender$AppenderDaemon$$Lambda$507/793688760@716607a2] WARN  server.GrpcLogAppender (GrpcLogAppender.java:mayWait(143)) - 7631069e-55aa-48aa-a80c-68f378536a45@group-D3A6482546DD->59cccd2f-755e-4c45-a890-da01592df45f-GrpcLogAppender: Wait interrupted by java.lang.InterruptedException
2019-09-16 18:02:59,231 [grpc-default-executor-2] INFO  server.GrpcServerProtocolService (GrpcServerProtocolService.java:onCompleted(113)) - d2644fda-0f6b-4964-8120-db19826e02a4: Completed APPEND_ENTRIES, lastRequest: 7631069e-55aa-48aa-a80c-68f378536a45->d2644fda-0f6b-4964-8120-db19826e02a4#96-t1, previous=(t:1, i:21), leaderCommit=16, initializing? false, entries: <empty>
2019-09-16 18:02:59,231 [grpc-default-executor-1] INFO  server.GrpcServerProtocolService (GrpcServerProtocolService.java:onCompleted(113)) - 59cccd2f-755e-4c45-a890-da01592df45f: Completed APPEND_ENTRIES, lastRequest: 7631069e-55aa-48aa-a80c-68f378536a45->59cccd2f-755e-4c45-a890-da01592df45f#96-t1, previous=(t:1, i:21), leaderCommit=16, initializing? false, entries: <empty>
2019-09-16 18:02:59,232 [grpc-default-executor-1] INFO  server.GrpcLogAppender (GrpcLogAppender.java:onCompleted(293)) - 7631069e-55aa-48aa-a80c-68f378536a45@group-D3A6482546DD->d2644fda-0f6b-4964-8120-db19826e02a4-AppendLogResponseHandler: follower responses appendEntries COMPLETED
2019-09-16 18:02:59,235 [grpc-default-executor-3] INFO  impl.StateMachineUpdater (StateMachineUpdater.java:stopAndJoin(125)) - 7631069e-55aa-48aa-a80c-68f378536a45@group-D3A6482546DD-StateMachineUpdater: set stopIndex = 16
2019-09-16 18:02:59,235 [7631069e-55aa-48aa-a80c-68f378536a45@group-D3A6482546DD-StateMachineUpdater] INFO  ratis.ContainerStateMachine (ContainerStateMachine.java:takeSnapshot(289)) - group-D3A6482546DD: Taking a snapshot at:(t:1, i:14) file /workdir/hadoop-ozone/tools/target/test-dir/MiniOzoneClusterImpl-15d0669d-b250-4261-9bfd-fa60101ddcc7/datanode-2/data/ratis/66c40936-c45e-4d82-92fb-d3a6482546dd/sm/snapshot.1_14
2019-09-16 18:02:59,235 [grpc-default-executor-1] INFO  impl.FollowerInfo (FollowerInfo.java:lambda$new$0(51)) - 7631069e-55aa-48aa-a80c-68f378536a45@group-D3A6482546DD->d2644fda-0f6b-4964-8120-db19826e02a4: nextIndex: updateUnconditionally 22 -> 17
2019-09-16 18:02:59,235 [grpc-default-executor-5] INFO  server.GrpcLogAppender (GrpcLogAppender.java:onCompleted(293)) - 7631069e-55aa-48aa-a80c-68f378536a45@group-D3A6482546DD->59cccd2f-755e-4c45-a890-da01592df45f-AppendLogResponseHandler: follower responses appendEntries COMPLETED
2019-09-16 18:02:59,236 [grpc-default-executor-5] INFO  impl.FollowerInfo (FollowerInfo.java:lambda$new$0(51)) - 7631069e-55aa-48aa-a80c-68f378536a45@group-D3A6482546DD->59cccd2f-755e-4c45-a890-da01592df45f: nextIndex: updateUnconditionally 22 -> 17
2019-09-16 18:02:59,241 [7631069e-55aa-48aa-a80c-68f378536a45@group-D3A6482546DD-StateMachineUpdater] INFO  ratis.ContainerStateMachine (ContainerStateMachine.java:takeSnapshot(300)) - group-D3A6482546DD: Finished taking a snapshot at:(t:1, i:14) file:/workdir/hadoop-ozone/tools/target/test-dir/MiniOzoneClusterImpl-15d0669d-b250-4261-9bfd-fa60101ddcc7/datanode-2/data/ratis/66c40936-c45e-4d82-92fb-d3a6482546dd/sm/snapshot.1_14 time:6
2019-09-16 18:02:59,241 [7631069e-55aa-48aa-a80c-68f378536a45@group-D3A6482546DD-StateMachineUpdater] INFO  impl.StateMachineUpdater (StateMachineUpdater.java:takeSnapshot(258)) - 7631069e-55aa-48aa-a80c-68f378536a45@group-D3A6482546DD-StateMachineUpdater: Took a snapshot at index 14
2019-09-16 18:02:59,242 [7631069e-55aa-48aa-a80c-68f378536a45@group-D3A6482546DD-StateMachineUpdater] INFO  impl.StateMachineUpdater (StateMachineUpdater.java:lambda$new$0(83)) - 7631069e-55aa-48aa-a80c-68f378536a45@group-D3A6482546DD-StateMachineUpdater: snapshotIndex: updateIncreasingly -1 -> 14
2019-09-16 18:02:59,242 [7631069e-55aa-48aa-a80c-68f378536a45@group-D3A6482546DD-StateMachineUpdater] INFO  ratis.ContainerStateMachine (ContainerStateMachine.java:takeSnapshot(289)) - group-D3A6482546DD: Taking a snapshot at:(t:1, i:14) file /workdir/hadoop-ozone/tools/target/test-dir/MiniOzoneClusterImpl-15d0669d-b250-4261-9bfd-fa60101ddcc7/datanode-2/data/ratis/66c40936-c45e-4d82-92fb-d3a6482546dd/sm/snapshot.1_14
2019-09-16 18:02:59,242 [Command processor thread] ERROR commandhandler.CloseContainerCommandHandler (CloseContainerCommandHandler.java:handle(125)) - Can't close container #5
java.io.IOException: org.apache.ratis.protocol.GroupMismatchException: 7631069e-55aa-48aa-a80c-68f378536a45: group-D3A6482546DD not found.
	at org.apache.hadoop.ozone.container.common.transport.server.ratis.XceiverServerRatis.submitRequest(XceiverServerRatis.java:495)
	at org.apache.hadoop.ozone.container.common.statemachine.commandhandler.CloseContainerCommandHandler.handle(CloseContainerCommandHandler.java:102)
	at org.apache.hadoop.ozone.container.common.statemachine.commandhandler.CommandDispatcher.handle(CommandDispatcher.java:99)
	at org.apache.hadoop.ozone.container.common.statemachine.DatanodeStateMachine.lambda$initCommandHandlerThread$1(DatanodeStateMachine.java:432)
	at java.lang.Thread.run(Thread.java:748)
Caused by: java.util.concurrent.ExecutionException: org.apache.ratis.protocol.GroupMismatchException: 7631069e-55aa-48aa-a80c-68f378536a45: group-D3A6482546DD not found.
	at java.util.concurrent.CompletableFuture.reportGet(CompletableFuture.java:357)
	at java.util.concurrent.CompletableFuture.get(CompletableFuture.java:1895)
	at org.apache.hadoop.ozone.container.common.transport.server.ratis.XceiverServerRatis.submitRequest(XceiverServerRatis.java:493)
	... 4 more
Caused by: org.apache.ratis.protocol.GroupMismatchException: 7631069e-55aa-48aa-a80c-68f378536a45: group-D3A6482546DD not found.
	at org.apache.ratis.server.impl.RaftServerProxy$ImplMap.get(RaftServerProxy.java:122)
	at org.apache.ratis.server.impl.RaftServerProxy.getImplFuture(RaftServerProxy.java:269)
	at org.apache.ratis.server.impl.RaftServerProxy.submitRequest(RaftServerProxy.java:327)
	at org.apache.ratis.server.impl.RaftServerProxy.submitClientRequestAsync(RaftServerProxy.java:333)
	... 5 more
2019-09-16 18:02:59,252 [7631069e-55aa-48aa-a80c-68f378536a45@group-D3A6482546DD-StateMachineUpdater] INFO  ratis.ContainerStateMachine (ContainerStateMachine.java:takeSnapshot(300)) - group-D3A6482546DD: Finished taking a snapshot at:(t:1, i:14) file:/workdir/hadoop-ozone/tools/target/test-dir/MiniOzoneClusterImpl-15d0669d-b250-4261-9bfd-fa60101ddcc7/datanode-2/data/ratis/66c40936-c45e-4d82-92fb-d3a6482546dd/sm/snapshot.1_14 time:11
2019-09-16 18:02:59,253 [7631069e-55aa-48aa-a80c-68f378536a45@group-D3A6482546DD-StateMachineUpdater] INFO  impl.StateMachineUpdater (StateMachineUpdater.java:takeSnapshot(258)) - 7631069e-55aa-48aa-a80c-68f378536a45@group-D3A6482546DD-StateMachineUpdater: Took a snapshot at index 14
2019-09-16 18:02:59,253 [7631069e-55aa-48aa-a80c-68f378536a45@group-D3A6482546DD-StateMachineUpdater] INFO  impl.StateMachineUpdater (StateMachineUpdater.java:lambda$new$0(83)) - 7631069e-55aa-48aa-a80c-68f378536a45@group-D3A6482546DD-StateMachineUpdater: snapshotIndex: updateIncreasingly 14 -> 14
2019-09-16 18:02:59,253 [grpc-default-executor-3] INFO  impl.RaftServerImpl (ServerState.java:close(385)) - 7631069e-55aa-48aa-a80c-68f378536a45@group-D3A6482546DD: closes. applyIndex: 16
2019-09-16 18:02:59,254 [7631069e-55aa-48aa-a80c-68f378536a45@group-D3A6482546DD-SegmentedRaftLogWorker] ERROR ratis.XceiverServerRatis (XceiverServerRatis.java:triggerPipelineClose(568)) - pipeline Action CLOSE  on pipeline PipelineID=66c40936-c45e-4d82-92fb-d3a6482546dd.Reason : WriteLog:19: (t:1, i:19), STATEMACHINELOGENTRY, client-19556C4CBA1B, cid=42-writeStateMachineData interrupted.
2019-09-16 18:02:59,256 [EventQueue-PipelineActionsForPipelineActionHandler] ERROR pipeline.PipelineActionHandler (PipelineActionHandler.java:onMessage(60)) - Received pipeline action CLOSE for Pipeline[ Id: 66c40936-c45e-4d82-92fb-d3a6482546dd, Nodes: d2644fda-0f6b-4964-8120-db19826e02a4{ip: 192.168.157.233, host: pr-hdds-2120-x62sn-1884063469, networkLocation: /default-rack, certSerialId: null}7631069e-55aa-48aa-a80c-68f378536a45{ip: 192.168.157.233, host: pr-hdds-2120-x62sn-1884063469, networkLocation: /default-rack, certSerialId: null}59cccd2f-755e-4c45-a890-da01592df45f{ip: 192.168.157.233, host: pr-hdds-2120-x62sn-1884063469, networkLocation: /default-rack, certSerialId: null}, Type:RATIS, Factor:THREE, State:CLOSED] from datanode 7631069e-55aa-48aa-a80c-68f378536a45{ip: 192.168.157.233, host: pr-hdds-2120-x62sn-1884063469, networkLocation: /default-rack, certSerialId: null}. Reason : WriteLog:19: (t:1, i:19), STATEMACHINELOGENTRY, client-19556C4CBA1B, cid=42-writeStateMachineData interrupted.
2019-09-16 18:02:59,256 [EventQueue-PipelineActionsForPipelineActionHandler] INFO  pipeline.SCMPipelineManager (SCMPipelineManager.java:finalizeAndDestroyPipeline(311)) - destroying pipeline:Pipeline[ Id: 66c40936-c45e-4d82-92fb-d3a6482546dd, Nodes: d2644fda-0f6b-4964-8120-db19826e02a4{ip: 192.168.157.233, host: pr-hdds-2120-x62sn-1884063469, networkLocation: /default-rack, certSerialId: null}7631069e-55aa-48aa-a80c-68f378536a45{ip: 192.168.157.233, host: pr-hdds-2120-x62sn-1884063469, networkLocation: /default-rack, certSerialId: null}59cccd2f-755e-4c45-a890-da01592df45f{ip: 192.168.157.233, host: pr-hdds-2120-x62sn-1884063469, networkLocation: /default-rack, certSerialId: null}, Type:RATIS, Factor:THREE, State:CLOSED]
2019-09-16 18:02:59,256 [grpc-default-executor-3] INFO  segmented.SegmentedRaftLogWorker (SegmentedRaftLogWorker.java:close(228)) - 7631069e-55aa-48aa-a80c-68f378536a45@group-D3A6482546DD-SegmentedRaftLogWorker close()
2019-09-16 18:02:59,262 [grpc-default-executor-3] INFO  interfaces.Container (KeyValueContainer.java:flushAndSyncDB(386)) - Container 4 is synced with bcsId 14.
2019-09-16 18:02:59,262 [grpc-default-executor-3] INFO  interfaces.Container (KeyValueContainer.java:flushAndSyncDB(386)) - Container 4 is synced with bcsId 14.
2019-09-16 18:02:59,314 [grpc-default-executor-3] INFO  interfaces.Container (KeyValueContainer.java:flushAndSyncDB(386)) - Container 5 is synced with bcsId 0.
2019-09-16 18:02:59,314 [grpc-default-executor-3] INFO  interfaces.Container (KeyValueContainer.java:flushAndSyncDB(386)) - Container 5 is synced with bcsId 0.
2019-09-16 18:02:59,325 [grpc-default-executor-3] INFO  impl.RaftServerProxy (RaftServerProxy.java:remove(95)) - 59cccd2f-755e-4c45-a890-da01592df45f: remove  FOLLOWER 59cccd2f-755e-4c45-a890-da01592df45f@group-D3A6482546DD:t1, leader=7631069e-55aa-48aa-a80c-68f378536a45, voted=7631069e-55aa-48aa-a80c-68f378536a45, raftlog=59cccd2f-755e-4c45-a890-da01592df45f@group-D3A6482546DD-SegmentedRaftLog:OPENED:c16,f16,i21, conf=0: [7631069e-55aa-48aa-a80c-68f378536a45:192.168.157.233:39369, 59cccd2f-755e-4c45-a890-da01592df45f:192.168.157.233:42719, d2644fda-0f6b-4964-8120-db19826e02a4:192.168.157.233:37608], old=null RUNNING
2019-09-16 18:02:59,325 [grpc-default-executor-3] INFO  impl.RaftServerImpl (RaftServerImpl.java:lambda$shutdown$3(251)) - 59cccd2f-755e-4c45-a890-da01592df45f@group-D3A6482546DD: shutdown
2019-09-16 18:02:59,326 [grpc-default-executor-3] INFO  util.JmxRegister (JmxRegister.java:unregister(73)) - Successfully un-registered JMX Bean with object name Ratis:service=RaftServer,group=group-D3A6482546DD,id=59cccd2f-755e-4c45-a890-da01592df45f
2019-09-16 18:02:59,326 [grpc-default-executor-3] INFO  impl.RoleInfo (RoleInfo.java:shutdownFollowerState(121)) - 59cccd2f-755e-4c45-a890-da01592df45f: shutdown FollowerState
2019-09-16 18:02:59,326 [grpc-default-executor-3] INFO  impl.StateMachineUpdater (StateMachineUpdater.java:stopAndJoin(125)) - 59cccd2f-755e-4c45-a890-da01592df45f@group-D3A6482546DD-StateMachineUpdater: set stopIndex = 16
2019-09-16 18:02:59,326 [Thread-589] INFO  impl.FollowerState (FollowerState.java:run(115)) - 59cccd2f-755e-4c45-a890-da01592df45f: FollowerState was interrupted: java.lang.InterruptedException: sleep interrupted
2019-09-16 18:02:59,326 [59cccd2f-755e-4c45-a890-da01592df45f@group-D3A6482546DD-StateMachineUpdater] INFO  ratis.ContainerStateMachine (ContainerStateMachine.java:takeSnapshot(289)) - group-D3A6482546DD: Taking a snapshot at:(t:1, i:14) file /workdir/hadoop-ozone/tools/target/test-dir/MiniOzoneClusterImpl-15d0669d-b250-4261-9bfd-fa60101ddcc7/datanode-0/data/ratis/66c40936-c45e-4d82-92fb-d3a6482546dd/sm/snapshot.1_14
2019-09-16 18:02:59,337 [59cccd2f-755e-4c45-a890-da01592df45f@group-D3A6482546DD-StateMachineUpdater] INFO  ratis.ContainerStateMachine (ContainerStateMachine.java:takeSnapshot(300)) - group-D3A6482546DD: Finished taking a snapshot at:(t:1, i:14) file:/workdir/hadoop-ozone/tools/target/test-dir/MiniOzoneClusterImpl-15d0669d-b250-4261-9bfd-fa60101ddcc7/datanode-0/data/ratis/66c40936-c45e-4d82-92fb-d3a6482546dd/sm/snapshot.1_14 time:11
2019-09-16 18:02:59,337 [59cccd2f-755e-4c45-a890-da01592df45f@group-D3A6482546DD-StateMachineUpdater] INFO  impl.StateMachineUpdater (StateMachineUpdater.java:takeSnapshot(258)) - 59cccd2f-755e-4c45-a890-da01592df45f@group-D3A6482546DD-StateMachineUpdater: Took a snapshot at index 14
2019-09-16 18:02:59,337 [59cccd2f-755e-4c45-a890-da01592df45f@group-D3A6482546DD-StateMachineUpdater] INFO  impl.StateMachineUpdater (StateMachineUpdater.java:lambda$new$0(83)) - 59cccd2f-755e-4c45-a890-da01592df45f@group-D3A6482546DD-StateMachineUpdater: snapshotIndex: updateIncreasingly -1 -> 14
2019-09-16 18:02:59,338 [59cccd2f-755e-4c45-a890-da01592df45f@group-D3A6482546DD-StateMachineUpdater] INFO  ratis.ContainerStateMachine (ContainerStateMachine.java:takeSnapshot(289)) - group-D3A6482546DD: Taking a snapshot at:(t:1, i:14) file /workdir/hadoop-ozone/tools/target/test-dir/MiniOzoneClusterImpl-15d0669d-b250-4261-9bfd-fa60101ddcc7/datanode-0/data/ratis/66c40936-c45e-4d82-92fb-d3a6482546dd/sm/snapshot.1_14
2019-09-16 18:02:59,340 [59cccd2f-755e-4c45-a890-da01592df45f@group-D3A6482546DD-StateMachineUpdater] INFO  ratis.ContainerStateMachine (ContainerStateMachine.java:takeSnapshot(300)) - group-D3A6482546DD: Finished taking a snapshot at:(t:1, i:14) file:/workdir/hadoop-ozone/tools/target/test-dir/MiniOzoneClusterImpl-15d0669d-b250-4261-9bfd-fa60101ddcc7/datanode-0/data/ratis/66c40936-c45e-4d82-92fb-d3a6482546dd/sm/snapshot.1_14 time:3
2019-09-16 18:02:59,340 [59cccd2f-755e-4c45-a890-da01592df45f@group-D3A6482546DD-StateMachineUpdater] INFO  impl.StateMachineUpdater (StateMachineUpdater.java:takeSnapshot(258)) - 59cccd2f-755e-4c45-a890-da01592df45f@group-D3A6482546DD-StateMachineUpdater: Took a snapshot at index 14
2019-09-16 18:02:59,340 [59cccd2f-755e-4c45-a890-da01592df45f@group-D3A6482546DD-StateMachineUpdater] INFO  impl.StateMachineUpdater (StateMachineUpdater.java:lambda$new$0(83)) - 59cccd2f-755e-4c45-a890-da01592df45f@group-D3A6482546DD-StateMachineUpdater: snapshotIndex: updateIncreasingly 14 -> 14
2019-09-16 18:02:59,341 [grpc-default-executor-3] INFO  impl.RaftServerImpl (ServerState.java:close(385)) - 59cccd2f-755e-4c45-a890-da01592df45f@group-D3A6482546DD: closes. applyIndex: 16
2019-09-16 18:02:59,341 [59cccd2f-755e-4c45-a890-da01592df45f@group-D3A6482546DD-SegmentedRaftLogWorker] ERROR ratis.XceiverServerRatis (XceiverServerRatis.java:triggerPipelineClose(568)) - pipeline Action CLOSE  on pipeline PipelineID=66c40936-c45e-4d82-92fb-d3a6482546dd.Reason : WriteLog:17: (t:1, i:17), STATEMACHINELOGENTRY, client-19556C4CBA1B, cid=40-writeStateMachineData interrupted.
2019-09-16 18:02:59,343 [grpc-default-executor-3] INFO  segmented.SegmentedRaftLogWorker (SegmentedRaftLogWorker.java:close(228)) - 59cccd2f-755e-4c45-a890-da01592df45f@group-D3A6482546DD-SegmentedRaftLogWorker close()
2019-09-16 18:02:59,346 [EventQueue-PipelineActionsForPipelineActionHandler] ERROR pipeline.PipelineActionHandler (PipelineActionHandler.java:onMessage(60)) - Received pipeline action CLOSE for Pipeline[ Id: 66c40936-c45e-4d82-92fb-d3a6482546dd, Nodes: d2644fda-0f6b-4964-8120-db19826e02a4{ip: 192.168.157.233, host: pr-hdds-2120-x62sn-1884063469, networkLocation: /default-rack, certSerialId: null}7631069e-55aa-48aa-a80c-68f378536a45{ip: 192.168.157.233, host: pr-hdds-2120-x62sn-1884063469, networkLocation: /default-rack, certSerialId: null}59cccd2f-755e-4c45-a890-da01592df45f{ip: 192.168.157.233, host: pr-hdds-2120-x62sn-1884063469, networkLocation: /default-rack, certSerialId: null}, Type:RATIS, Factor:THREE, State:CLOSED] from datanode 59cccd2f-755e-4c45-a890-da01592df45f{ip: 192.168.157.233, host: pr-hdds-2120-x62sn-1884063469, networkLocation: /default-rack, certSerialId: null}. Reason : WriteLog:17: (t:1, i:17), STATEMACHINELOGENTRY, client-19556C4CBA1B, cid=40-writeStateMachineData interrupted.
2019-09-16 18:02:59,346 [EventQueue-PipelineActionsForPipelineActionHandler] INFO  pipeline.SCMPipelineManager (SCMPipelineManager.java:finalizeAndDestroyPipeline(311)) - destroying pipeline:Pipeline[ Id: 66c40936-c45e-4d82-92fb-d3a6482546dd, Nodes: d2644fda-0f6b-4964-8120-db19826e02a4{ip: 192.168.157.233, host: pr-hdds-2120-x62sn-1884063469, networkLocation: /default-rack, certSerialId: null}7631069e-55aa-48aa-a80c-68f378536a45{ip: 192.168.157.233, host: pr-hdds-2120-x62sn-1884063469, networkLocation: /default-rack, certSerialId: null}59cccd2f-755e-4c45-a890-da01592df45f{ip: 192.168.157.233, host: pr-hdds-2120-x62sn-1884063469, networkLocation: /default-rack, certSerialId: null}, Type:RATIS, Factor:THREE, State:CLOSED]
2019-09-16 18:02:59,350 [grpc-default-executor-3] INFO  interfaces.Container (KeyValueContainer.java:flushAndSyncDB(386)) - Container 4 is synced with bcsId 14.
2019-09-16 18:02:59,351 [grpc-default-executor-3] INFO  interfaces.Container (KeyValueContainer.java:flushAndSyncDB(386)) - Container 4 is synced with bcsId 14.
2019-09-16 18:02:59,415 [pool-53-thread-3] WARN  io.KeyOutputStream (KeyOutputStream.java:handleException(276)) - Encountered exception java.io.IOException: Unexpected Storage Container Exception: java.util.concurrent.CompletionException: java.util.concurrent.CompletionException: org.apache.ratis.protocol.GroupMismatchException: 59cccd2f-755e-4c45-a890-da01592df45f: group-D3A6482546DD not found. on the pipeline Pipeline[ Id: 66c40936-c45e-4d82-92fb-d3a6482546dd, Nodes: d2644fda-0f6b-4964-8120-db19826e02a4{ip: 192.168.157.233, host: pr-hdds-2120-x62sn-1884063469, networkLocation: /default-rack, certSerialId: null}7631069e-55aa-48aa-a80c-68f378536a45{ip: 192.168.157.233, host: pr-hdds-2120-x62sn-1884063469, networkLocation: /default-rack, certSerialId: null}59cccd2f-755e-4c45-a890-da01592df45f{ip: 192.168.157.233, host: pr-hdds-2120-x62sn-1884063469, networkLocation: /default-rack, certSerialId: null}, Type:RATIS, Factor:THREE, State:OPEN]. The last committed block length is 0, uncommitted data length is 2097152 retry count 0
 0.00% |█                                                                                                    |  0/1 Time: 0:06:252019-09-16 18:02:59,451 [grpc-default-executor-3] INFO  interfaces.Container (KeyValueContainer.java:flushAndSyncDB(386)) - Container 5 is synced with bcsId 0.
2019-09-16 18:02:59,451 [grpc-default-executor-3] INFO  interfaces.Container (KeyValueContainer.java:flushAndSyncDB(386)) - Container 5 is synced with bcsId 0.
2019-09-16 18:02:59,470 [RatisPipelineUtilsThread] INFO  pipeline.PipelineStateManager (PipelineStateManager.java:removePipeline(108)) - Pipeline Pipeline[ Id: 66c40936-c45e-4d82-92fb-d3a6482546dd, Nodes: d2644fda-0f6b-4964-8120-db19826e02a4{ip: 192.168.157.233, host: pr-hdds-2120-x62sn-1884063469, networkLocation: /default-rack, certSerialId: null}7631069e-55aa-48aa-a80c-68f378536a45{ip: 192.168.157.233, host: pr-hdds-2120-x62sn-1884063469, networkLocation: /default-rack, certSerialId: null}59cccd2f-755e-4c45-a890-da01592df45f{ip: 192.168.157.233, host: pr-hdds-2120-x62sn-1884063469, networkLocation: /default-rack, certSerialId: null}, Type:RATIS, Factor:THREE, State:CLOSED] removed from db
2019-09-16 18:02:59,614 [grpc-default-executor-5] INFO  client.GrpcClientProtocolClient (GrpcClientProtocolClient.java:onNext(264)) - client-C494564659D0->d2644fda-0f6b-4964-8120-db19826e02a4: receive RaftClientReply:client-C494564659D0->d2644fda-0f6b-4964-8120-db19826e02a4@group-DB08F1BC869A, cid=131, SUCCESS, logIndex=1, commits[d2644fda-0f6b-4964-8120-db19826e02a4:c1, 7631069e-55aa-48aa-a80c-68f378536a45:c0, 59cccd2f-755e-4c45-a890-da01592df45f:c0]
2019-09-16 18:02:59,698 [grpc-default-executor-1] INFO  client.GrpcClientProtocolClient (GrpcClientProtocolClient.java:onNext(264)) - client-C494564659D0->d2644fda-0f6b-4964-8120-db19826e02a4: receive RaftClientReply:client-C494564659D0->d2644fda-0f6b-4964-8120-db19826e02a4@group-DB08F1BC869A, cid=132, SUCCESS, logIndex=3, commits[d2644fda-0f6b-4964-8120-db19826e02a4:c7, 7631069e-55aa-48aa-a80c-68f378536a45:c5, 59cccd2f-755e-4c45-a890-da01592df45f:c5]
2019-09-16 18:02:59,700 [grpc-default-executor-1] INFO  client.GrpcClientProtocolClient (GrpcClientProtocolClient.java:onNext(264)) - client-C494564659D0->d2644fda-0f6b-4964-8120-db19826e02a4: receive RaftClientReply:client-C494564659D0->d2644fda-0f6b-4964-8120-db19826e02a4@group-DB08F1BC869A, cid=133, SUCCESS, logIndex=4, commits[d2644fda-0f6b-4964-8120-db19826e02a4:c7, 7631069e-55aa-48aa-a80c-68f378536a45:c5, 59cccd2f-755e-4c45-a890-da01592df45f:c5]
2019-09-16 18:02:59,796 [grpc-default-executor-1] INFO  client.GrpcClientProtocolClient (GrpcClientProtocolClient.java:onNext(264)) - client-C494564659D0->d2644fda-0f6b-4964-8120-db19826e02a4: receive RaftClientReply:client-C494564659D0->d2644fda-0f6b-4964-8120-db19826e02a4@group-DB08F1BC869A, cid=134, SUCCESS, logIndex=5, commits[d2644fda-0f6b-4964-8120-db19826e02a4:c7, 7631069e-55aa-48aa-a80c-68f378536a45:c5, 59cccd2f-755e-4c45-a890-da01592df45f:c5]
2019-09-16 18:02:59,824 [grpc-default-executor-3] INFO  client.GrpcClientProtocolClient (GrpcClientProtocolClient.java:onNext(264)) - client-C494564659D0->d2644fda-0f6b-4964-8120-db19826e02a4: receive RaftClientReply:client-C494564659D0->d2644fda-0f6b-4964-8120-db19826e02a4@group-DB08F1BC869A, cid=135, SUCCESS, logIndex=8, commits[d2644fda-0f6b-4964-8120-db19826e02a4:c9, 7631069e-55aa-48aa-a80c-68f378536a45:c7, 59cccd2f-755e-4c45-a890-da01592df45f:c7]
2019-09-16 18:02:59,824 [grpc-default-executor-3] INFO  client.GrpcClientProtocolClient (GrpcClientProtocolClient.java:onNext(264)) - client-C494564659D0->d2644fda-0f6b-4964-8120-db19826e02a4: receive RaftClientReply:client-C494564659D0->d2644fda-0f6b-4964-8120-db19826e02a4@group-DB08F1BC869A, cid=136, SUCCESS, logIndex=9, commits[d2644fda-0f6b-4964-8120-db19826e02a4:c9, 7631069e-55aa-48aa-a80c-68f378536a45:c7, 59cccd2f-755e-4c45-a890-da01592df45f:c7]
2019-09-16 18:02:59,834 [grpc-default-executor-3] INFO  client.GrpcClientProtocolClient (GrpcClientProtocolClient.java:onNext(264)) - client-C494564659D0->d2644fda-0f6b-4964-8120-db19826e02a4: receive RaftClientReply:client-C494564659D0->d2644fda-0f6b-4964-8120-db19826e02a4@group-DB08F1BC869A, cid=137, SUCCESS, logIndex=10, commits[d2644fda-0f6b-4964-8120-db19826e02a4:c11, 7631069e-55aa-48aa-a80c-68f378536a45:c7, 59cccd2f-755e-4c45-a890-da01592df45f:c7]
2019-09-16 18:02:59,834 [grpc-default-executor-3] INFO  client.GrpcClientProtocolClient (GrpcClientProtocolClient.java:onNext(264)) - client-C494564659D0->d2644fda-0f6b-4964-8120-db19826e02a4: receive RaftClientReply:client-C494564659D0->d2644fda-0f6b-4964-8120-db19826e02a4@group-DB08F1BC869A, cid=138, SUCCESS, logIndex=11, commits[d2644fda-0f6b-4964-8120-db19826e02a4:c11, 7631069e-55aa-48aa-a80c-68f378536a45:c7, 59cccd2f-755e-4c45-a890-da01592df45f:c7]
2019-09-16 18:02:59,849 [grpc-default-executor-3] INFO  client.GrpcClientProtocolClient (GrpcClientProtocolClient.java:onNext(264)) - client-C494564659D0->d2644fda-0f6b-4964-8120-db19826e02a4: receive RaftClientReply:client-C494564659D0->d2644fda-0f6b-4964-8120-db19826e02a4@group-DB08F1BC869A, cid=139, SUCCESS, logIndex=0, commits[d2644fda-0f6b-4964-8120-db19826e02a4:c12, 7631069e-55aa-48aa-a80c-68f378536a45:c9, 59cccd2f-755e-4c45-a890-da01592df45f:c9]
 0.00% |█                                                                                                    |  0/1 Time: 0:06:26 0.00% |█                                                                                                    |  0/1 Time: 0:06:272019-09-16 18:03:02,076 [grpc-default-executor-3] INFO  impl.RaftServerProxy (RaftServerProxy.java:remove(95)) - d2644fda-0f6b-4964-8120-db19826e02a4: remove group-D3A6482546DD:null
2019-09-16 18:03:02,079 [RatisPipelineUtilsThread] WARN  pipeline.RatisPipelineUtils (RatisPipelineUtils.java:destroyPipeline(66)) - Pipeline destroy failed for pipeline=PipelineID=66c40936-c45e-4d82-92fb-d3a6482546dd dn=d2644fda-0f6b-4964-8120-db19826e02a4{ip: 192.168.157.233, host: pr-hdds-2120-x62sn-1884063469, networkLocation: /default-rack, certSerialId: null}
2019-09-16 18:03:02,083 [grpc-default-executor-3] INFO  impl.RaftServerProxy (RaftServerProxy.java:remove(95)) - 7631069e-55aa-48aa-a80c-68f378536a45: remove group-D3A6482546DD:null
2019-09-16 18:03:02,085 [RatisPipelineUtilsThread] WARN  pipeline.RatisPipelineUtils (RatisPipelineUtils.java:destroyPipeline(66)) - Pipeline destroy failed for pipeline=PipelineID=66c40936-c45e-4d82-92fb-d3a6482546dd dn=7631069e-55aa-48aa-a80c-68f378536a45{ip: 192.168.157.233, host: pr-hdds-2120-x62sn-1884063469, networkLocation: /default-rack, certSerialId: null}
2019-09-16 18:03:02,088 [grpc-default-executor-3] INFO  impl.RaftServerProxy (RaftServerProxy.java:remove(95)) - 59cccd2f-755e-4c45-a890-da01592df45f: remove group-D3A6482546DD:null
2019-09-16 18:03:02,090 [RatisPipelineUtilsThread] WARN  pipeline.RatisPipelineUtils (RatisPipelineUtils.java:destroyPipeline(66)) - Pipeline destroy failed for pipeline=PipelineID=66c40936-c45e-4d82-92fb-d3a6482546dd dn=59cccd2f-755e-4c45-a890-da01592df45f{ip: 192.168.157.233, host: pr-hdds-2120-x62sn-1884063469, networkLocation: /default-rack, certSerialId: null}
2019-09-16 18:03:02,091 [RatisPipelineUtilsThread] ERROR pipeline.SCMPipelineManager (Scheduler.java:lambda$schedule$1(70)) - Destroy pipeline failed for pipeline:Pipeline[ Id: 66c40936-c45e-4d82-92fb-d3a6482546dd, Nodes: d2644fda-0f6b-4964-8120-db19826e02a4{ip: 192.168.157.233, host: pr-hdds-2120-x62sn-1884063469, networkLocation: /default-rack, certSerialId: null}7631069e-55aa-48aa-a80c-68f378536a45{ip: 192.168.157.233, host: pr-hdds-2120-x62sn-1884063469, networkLocation: /default-rack, certSerialId: null}59cccd2f-755e-4c45-a890-da01592df45f{ip: 192.168.157.233, host: pr-hdds-2120-x62sn-1884063469, networkLocation: /default-rack, certSerialId: null}, Type:RATIS, Factor:THREE, State:CLOSED]
org.apache.hadoop.hdds.scm.pipeline.PipelineNotFoundException: PipelineID=66c40936-c45e-4d82-92fb-d3a6482546dd not found
	at org.apache.hadoop.hdds.scm.pipeline.PipelineStateMap.getPipeline(PipelineStateMap.java:132)
	at org.apache.hadoop.hdds.scm.pipeline.PipelineStateMap.removePipeline(PipelineStateMap.java:322)
	at org.apache.hadoop.hdds.scm.pipeline.PipelineStateManager.removePipeline(PipelineStateManager.java:107)
	at org.apache.hadoop.hdds.scm.pipeline.SCMPipelineManager.removePipeline(SCMPipelineManager.java:423)
	at org.apache.hadoop.hdds.scm.pipeline.SCMPipelineManager.destroyPipeline(SCMPipelineManager.java:409)
	at org.apache.hadoop.hdds.scm.pipeline.SCMPipelineManager.lambda$finalizeAndDestroyPipeline$0(SCMPipelineManager.java:318)
	at org.apache.hadoop.utils.Scheduler.lambda$schedule$1(Scheduler.java:68)
	at java.util.concurrent.Executors$RunnableAdapter.call(Executors.java:511)
	at java.util.concurrent.FutureTask.run(FutureTask.java:266)
	at java.util.concurrent.ScheduledThreadPoolExecutor$ScheduledFutureTask.access$201(ScheduledThreadPoolExecutor.java:180)
	at java.util.concurrent.ScheduledThreadPoolExecutor$ScheduledFutureTask.run(ScheduledThreadPoolExecutor.java:293)
	at java.util.concurrent.ThreadPoolExecutor.runWorker(ThreadPoolExecutor.java:1149)
	at java.util.concurrent.ThreadPoolExecutor$Worker.run(ThreadPoolExecutor.java:624)
	at java.lang.Thread.run(Thread.java:748)
2019-09-16 18:03:02,353 [grpc-default-executor-3] INFO  client.GrpcClientProtocolClient (GrpcClientProtocolClient.java:onNext(264)) - client-C494564659D0->d2644fda-0f6b-4964-8120-db19826e02a4: receive RaftClientReply:client-C494564659D0->d2644fda-0f6b-4964-8120-db19826e02a4@group-DB08F1BC869A, cid=140, SUCCESS, logIndex=0, commits[d2644fda-0f6b-4964-8120-db19826e02a4:c15, 7631069e-55aa-48aa-a80c-68f378536a45:c15, 59cccd2f-755e-4c45-a890-da01592df45f:c15]
 0.00% |█                                                                                                    |  0/1 Time: 0:06:282019-09-16 18:03:03,099 [grpc-default-executor-1] INFO  impl.RaftServerProxy (RaftServerProxy.java:remove(95)) - d2644fda-0f6b-4964-8120-db19826e02a4: remove group-D3A6482546DD:null
2019-09-16 18:03:03,102 [RatisPipelineUtilsThread] WARN  pipeline.RatisPipelineUtils (RatisPipelineUtils.java:destroyPipeline(66)) - Pipeline destroy failed for pipeline=PipelineID=66c40936-c45e-4d82-92fb-d3a6482546dd dn=d2644fda-0f6b-4964-8120-db19826e02a4{ip: 192.168.157.233, host: pr-hdds-2120-x62sn-1884063469, networkLocation: /default-rack, certSerialId: null}
2019-09-16 18:03:03,105 [grpc-default-executor-1] INFO  impl.RaftServerProxy (RaftServerProxy.java:remove(95)) - 7631069e-55aa-48aa-a80c-68f378536a45: remove group-D3A6482546DD:null
2019-09-16 18:03:03,107 [RatisPipelineUtilsThread] WARN  pipeline.RatisPipelineUtils (RatisPipelineUtils.java:destroyPipeline(66)) - Pipeline destroy failed for pipeline=PipelineID=66c40936-c45e-4d82-92fb-d3a6482546dd dn=7631069e-55aa-48aa-a80c-68f378536a45{ip: 192.168.157.233, host: pr-hdds-2120-x62sn-1884063469, networkLocation: /default-rack, certSerialId: null}
2019-09-16 18:03:03,110 [grpc-default-executor-1] INFO  impl.RaftServerProxy (RaftServerProxy.java:remove(95)) - 59cccd2f-755e-4c45-a890-da01592df45f: remove group-D3A6482546DD:null
2019-09-16 18:03:03,113 [RatisPipelineUtilsThread] WARN  pipeline.RatisPipelineUtils (RatisPipelineUtils.java:destroyPipeline(66)) - Pipeline destroy failed for pipeline=PipelineID=66c40936-c45e-4d82-92fb-d3a6482546dd dn=59cccd2f-755e-4c45-a890-da01592df45f{ip: 192.168.157.233, host: pr-hdds-2120-x62sn-1884063469, networkLocation: /default-rack, certSerialId: null}
2019-09-16 18:03:03,113 [RatisPipelineUtilsThread] ERROR pipeline.SCMPipelineManager (Scheduler.java:lambda$schedule$1(70)) - Destroy pipeline failed for pipeline:Pipeline[ Id: 66c40936-c45e-4d82-92fb-d3a6482546dd, Nodes: d2644fda-0f6b-4964-8120-db19826e02a4{ip: 192.168.157.233, host: pr-hdds-2120-x62sn-1884063469, networkLocation: /default-rack, certSerialId: null}7631069e-55aa-48aa-a80c-68f378536a45{ip: 192.168.157.233, host: pr-hdds-2120-x62sn-1884063469, networkLocation: /default-rack, certSerialId: null}59cccd2f-755e-4c45-a890-da01592df45f{ip: 192.168.157.233, host: pr-hdds-2120-x62sn-1884063469, networkLocation: /default-rack, certSerialId: null}, Type:RATIS, Factor:THREE, State:CLOSED]
org.apache.hadoop.hdds.scm.pipeline.PipelineNotFoundException: PipelineID=66c40936-c45e-4d82-92fb-d3a6482546dd not found
	at org.apache.hadoop.hdds.scm.pipeline.PipelineStateMap.getPipeline(PipelineStateMap.java:132)
	at org.apache.hadoop.hdds.scm.pipeline.PipelineStateMap.removePipeline(PipelineStateMap.java:322)
	at org.apache.hadoop.hdds.scm.pipeline.PipelineStateManager.removePipeline(PipelineStateManager.java:107)
	at org.apache.hadoop.hdds.scm.pipeline.SCMPipelineManager.removePipeline(SCMPipelineManager.java:423)
	at org.apache.hadoop.hdds.scm.pipeline.SCMPipelineManager.destroyPipeline(SCMPipelineManager.java:409)
	at org.apache.hadoop.hdds.scm.pipeline.SCMPipelineManager.lambda$finalizeAndDestroyPipeline$0(SCMPipelineManager.java:318)
	at org.apache.hadoop.utils.Scheduler.lambda$schedule$1(Scheduler.java:68)
	at java.util.concurrent.Executors$RunnableAdapter.call(Executors.java:511)
	at java.util.concurrent.FutureTask.run(FutureTask.java:266)
	at java.util.concurrent.ScheduledThreadPoolExecutor$ScheduledFutureTask.access$201(ScheduledThreadPoolExecutor.java:180)
	at java.util.concurrent.ScheduledThreadPoolExecutor$ScheduledFutureTask.run(ScheduledThreadPoolExecutor.java:293)
	at java.util.concurrent.ThreadPoolExecutor.runWorker(ThreadPoolExecutor.java:1149)
	at java.util.concurrent.ThreadPoolExecutor$Worker.run(ThreadPoolExecutor.java:624)
	at java.lang.Thread.run(Thread.java:748)
 0.00% |█                                                                                                    |  0/1 Time: 0:06:29 0.00% |█                                                                                                    |  0/1 Time: 0:06:302019-09-16 18:03:05,101 [grpc-default-executor-1] INFO  impl.RaftServerProxy (RaftServerProxy.java:remove(95)) - d2644fda-0f6b-4964-8120-db19826e02a4: remove group-D3A6482546DD:null
2019-09-16 18:03:05,105 [RatisPipelineUtilsThread] WARN  pipeline.RatisPipelineUtils (RatisPipelineUtils.java:destroyPipeline(66)) - Pipeline destroy failed for pipeline=PipelineID=66c40936-c45e-4d82-92fb-d3a6482546dd dn=d2644fda-0f6b-4964-8120-db19826e02a4{ip: 192.168.157.233, host: pr-hdds-2120-x62sn-1884063469, networkLocation: /default-rack, certSerialId: null}
2019-09-16 18:03:05,108 [grpc-default-executor-1] INFO  impl.RaftServerProxy (RaftServerProxy.java:remove(95)) - 7631069e-55aa-48aa-a80c-68f378536a45: remove group-D3A6482546DD:null
2019-09-16 18:03:05,109 [RatisPipelineUtilsThread] WARN  pipeline.RatisPipelineUtils (RatisPipelineUtils.java:destroyPipeline(66)) - Pipeline destroy failed for pipeline=PipelineID=66c40936-c45e-4d82-92fb-d3a6482546dd dn=7631069e-55aa-48aa-a80c-68f378536a45{ip: 192.168.157.233, host: pr-hdds-2120-x62sn-1884063469, networkLocation: /default-rack, certSerialId: null}
2019-09-16 18:03:05,112 [grpc-default-executor-1] INFO  impl.RaftServerProxy (RaftServerProxy.java:remove(95)) - 59cccd2f-755e-4c45-a890-da01592df45f: remove group-D3A6482546DD:null
2019-09-16 18:03:05,113 [RatisPipelineUtilsThread] WARN  pipeline.RatisPipelineUtils (RatisPipelineUtils.java:destroyPipeline(66)) - Pipeline destroy failed for pipeline=PipelineID=66c40936-c45e-4d82-92fb-d3a6482546dd dn=59cccd2f-755e-4c45-a890-da01592df45f{ip: 192.168.157.233, host: pr-hdds-2120-x62sn-1884063469, networkLocation: /default-rack, certSerialId: null}
2019-09-16 18:03:05,113 [RatisPipelineUtilsThread] ERROR pipeline.SCMPipelineManager (Scheduler.java:lambda$schedule$1(70)) - Destroy pipeline failed for pipeline:Pipeline[ Id: 66c40936-c45e-4d82-92fb-d3a6482546dd, Nodes: d2644fda-0f6b-4964-8120-db19826e02a4{ip: 192.168.157.233, host: pr-hdds-2120-x62sn-1884063469, networkLocation: /default-rack, certSerialId: null}7631069e-55aa-48aa-a80c-68f378536a45{ip: 192.168.157.233, host: pr-hdds-2120-x62sn-1884063469, networkLocation: /default-rack, certSerialId: null}59cccd2f-755e-4c45-a890-da01592df45f{ip: 192.168.157.233, host: pr-hdds-2120-x62sn-1884063469, networkLocation: /default-rack, certSerialId: null}, Type:RATIS, Factor:THREE, State:CLOSED]
org.apache.hadoop.hdds.scm.pipeline.PipelineNotFoundException: PipelineID=66c40936-c45e-4d82-92fb-d3a6482546dd not found
	at org.apache.hadoop.hdds.scm.pipeline.PipelineStateMap.getPipeline(PipelineStateMap.java:132)
	at org.apache.hadoop.hdds.scm.pipeline.PipelineStateMap.removePipeline(PipelineStateMap.java:322)
	at org.apache.hadoop.hdds.scm.pipeline.PipelineStateManager.removePipeline(PipelineStateManager.java:107)
	at org.apache.hadoop.hdds.scm.pipeline.SCMPipelineManager.removePipeline(SCMPipelineManager.java:423)
	at org.apache.hadoop.hdds.scm.pipeline.SCMPipelineManager.destroyPipeline(SCMPipelineManager.java:409)
	at org.apache.hadoop.hdds.scm.pipeline.SCMPipelineManager.lambda$finalizeAndDestroyPipeline$0(SCMPipelineManager.java:318)
	at org.apache.hadoop.utils.Scheduler.lambda$schedule$1(Scheduler.java:68)
	at java.util.concurrent.Executors$RunnableAdapter.call(Executors.java:511)
	at java.util.concurrent.FutureTask.run(FutureTask.java:266)
	at java.util.concurrent.ScheduledThreadPoolExecutor$ScheduledFutureTask.access$201(ScheduledThreadPoolExecutor.java:180)
	at java.util.concurrent.ScheduledThreadPoolExecutor$ScheduledFutureTask.run(ScheduledThreadPoolExecutor.java:293)
	at java.util.concurrent.ThreadPoolExecutor.runWorker(ThreadPoolExecutor.java:1149)
	at java.util.concurrent.ThreadPoolExecutor$Worker.run(ThreadPoolExecutor.java:624)
	at java.lang.Thread.run(Thread.java:748)
 0.00% |█                                                                                                    |  0/1 Time: 0:06:31 0.00% |█                                                                                                    |  0/1 Time: 0:06:322019-09-16 18:03:07,400 [grpc-default-executor-2] INFO  client.GrpcClientProtocolClient (GrpcClientProtocolClient.java:onNext(264)) - client-C494564659D0->59cccd2f-755e-4c45-a890-da01592df45f: receive RaftClientReply:client-C494564659D0->59cccd2f-755e-4c45-a890-da01592df45f@group-DB08F1BC869A, cid=144, FAILED org.apache.ratis.protocol.NotLeaderException: Server 59cccd2f-755e-4c45-a890-da01592df45f@group-DB08F1BC869A is not the leader d2644fda-0f6b-4964-8120-db19826e02a4:192.168.157.233:37608, logIndex=0, commits[59cccd2f-755e-4c45-a890-da01592df45f:c15, 7631069e-55aa-48aa-a80c-68f378536a45:c15, d2644fda-0f6b-4964-8120-db19826e02a4:c15]
 0.00% |█                                                                                                    |  0/1 Time: 0:06:332019-09-16 18:03:08,247 [grpc-default-executor-2] INFO  impl.RaftServerProxy (RaftServerProxy.java:remove(95)) - d2644fda-0f6b-4964-8120-db19826e02a4: remove group-D3A6482546DD:null
2019-09-16 18:03:08,253 [RatisPipelineUtilsThread] WARN  pipeline.RatisPipelineUtils (RatisPipelineUtils.java:destroyPipeline(66)) - Pipeline destroy failed for pipeline=PipelineID=66c40936-c45e-4d82-92fb-d3a6482546dd dn=d2644fda-0f6b-4964-8120-db19826e02a4{ip: 192.168.157.233, host: pr-hdds-2120-x62sn-1884063469, networkLocation: /default-rack, certSerialId: null}
2019-09-16 18:03:08,256 [grpc-default-executor-2] INFO  impl.RaftServerProxy (RaftServerProxy.java:remove(95)) - 7631069e-55aa-48aa-a80c-68f378536a45: remove group-D3A6482546DD:null
2019-09-16 18:03:08,258 [RatisPipelineUtilsThread] WARN  pipeline.RatisPipelineUtils (RatisPipelineUtils.java:destroyPipeline(66)) - Pipeline destroy failed for pipeline=PipelineID=66c40936-c45e-4d82-92fb-d3a6482546dd dn=7631069e-55aa-48aa-a80c-68f378536a45{ip: 192.168.157.233, host: pr-hdds-2120-x62sn-1884063469, networkLocation: /default-rack, certSerialId: null}
2019-09-16 18:03:08,261 [grpc-default-executor-2] INFO  impl.RaftServerProxy (RaftServerProxy.java:remove(95)) - 59cccd2f-755e-4c45-a890-da01592df45f: remove group-D3A6482546DD:null
2019-09-16 18:03:08,263 [RatisPipelineUtilsThread] WARN  pipeline.RatisPipelineUtils (RatisPipelineUtils.java:destroyPipeline(66)) - Pipeline destroy failed for pipeline=PipelineID=66c40936-c45e-4d82-92fb-d3a6482546dd dn=59cccd2f-755e-4c45-a890-da01592df45f{ip: 192.168.157.233, host: pr-hdds-2120-x62sn-1884063469, networkLocation: /default-rack, certSerialId: null}
2019-09-16 18:03:08,264 [RatisPipelineUtilsThread] ERROR pipeline.SCMPipelineManager (Scheduler.java:lambda$schedule$1(70)) - Destroy pipeline failed for pipeline:Pipeline[ Id: 66c40936-c45e-4d82-92fb-d3a6482546dd, Nodes: d2644fda-0f6b-4964-8120-db19826e02a4{ip: 192.168.157.233, host: pr-hdds-2120-x62sn-1884063469, networkLocation: /default-rack, certSerialId: null}7631069e-55aa-48aa-a80c-68f378536a45{ip: 192.168.157.233, host: pr-hdds-2120-x62sn-1884063469, networkLocation: /default-rack, certSerialId: null}59cccd2f-755e-4c45-a890-da01592df45f{ip: 192.168.157.233, host: pr-hdds-2120-x62sn-1884063469, networkLocation: /default-rack, certSerialId: null}, Type:RATIS, Factor:THREE, State:CLOSED]
org.apache.hadoop.hdds.scm.pipeline.PipelineNotFoundException: PipelineID=66c40936-c45e-4d82-92fb-d3a6482546dd not found
	at org.apache.hadoop.hdds.scm.pipeline.PipelineStateMap.getPipeline(PipelineStateMap.java:132)
	at org.apache.hadoop.hdds.scm.pipeline.PipelineStateMap.removePipeline(PipelineStateMap.java:322)
	at org.apache.hadoop.hdds.scm.pipeline.PipelineStateManager.removePipeline(PipelineStateManager.java:107)
	at org.apache.hadoop.hdds.scm.pipeline.SCMPipelineManager.removePipeline(SCMPipelineManager.java:423)
	at org.apache.hadoop.hdds.scm.pipeline.SCMPipelineManager.destroyPipeline(SCMPipelineManager.java:409)
	at org.apache.hadoop.hdds.scm.pipeline.SCMPipelineManager.lambda$finalizeAndDestroyPipeline$0(SCMPipelineManager.java:318)
	at org.apache.hadoop.utils.Scheduler.lambda$schedule$1(Scheduler.java:68)
	at java.util.concurrent.Executors$RunnableAdapter.call(Executors.java:511)
	at java.util.concurrent.FutureTask.run(FutureTask.java:266)
	at java.util.concurrent.ScheduledThreadPoolExecutor$ScheduledFutureTask.access$201(ScheduledThreadPoolExecutor.java:180)
	at java.util.concurrent.ScheduledThreadPoolExecutor$ScheduledFutureTask.run(ScheduledThreadPoolExecutor.java:293)
	at java.util.concurrent.ThreadPoolExecutor.runWorker(ThreadPoolExecutor.java:1149)
	at java.util.concurrent.ThreadPoolExecutor$Worker.run(ThreadPoolExecutor.java:624)
	at java.lang.Thread.run(Thread.java:748)
 0.00% |█                                                                                                    |  0/1 Time: 0:06:34 0.00% |█                                                                                                    |  0/1 Time: 0:06:352019-09-16 18:03:10,102 [grpc-default-executor-2] INFO  impl.RaftServerProxy (RaftServerProxy.java:remove(95)) - d2644fda-0f6b-4964-8120-db19826e02a4: remove group-D3A6482546DD:null
2019-09-16 18:03:10,107 [RatisPipelineUtilsThread] WARN  pipeline.RatisPipelineUtils (RatisPipelineUtils.java:destroyPipeline(66)) - Pipeline destroy failed for pipeline=PipelineID=66c40936-c45e-4d82-92fb-d3a6482546dd dn=d2644fda-0f6b-4964-8120-db19826e02a4{ip: 192.168.157.233, host: pr-hdds-2120-x62sn-1884063469, networkLocation: /default-rack, certSerialId: null}
2019-09-16 18:03:10,112 [grpc-default-executor-2] INFO  impl.RaftServerProxy (RaftServerProxy.java:remove(95)) - 7631069e-55aa-48aa-a80c-68f378536a45: remove group-D3A6482546DD:null
2019-09-16 18:03:10,115 [RatisPipelineUtilsThread] WARN  pipeline.RatisPipelineUtils (RatisPipelineUtils.java:destroyPipeline(66)) - Pipeline destroy failed for pipeline=PipelineID=66c40936-c45e-4d82-92fb-d3a6482546dd dn=7631069e-55aa-48aa-a80c-68f378536a45{ip: 192.168.157.233, host: pr-hdds-2120-x62sn-1884063469, networkLocation: /default-rack, certSerialId: null}
2019-09-16 18:03:10,118 [grpc-default-executor-2] INFO  impl.RaftServerProxy (RaftServerProxy.java:remove(95)) - 59cccd2f-755e-4c45-a890-da01592df45f: remove group-D3A6482546DD:null
2019-09-16 18:03:10,120 [RatisPipelineUtilsThread] WARN  pipeline.RatisPipelineUtils (RatisPipelineUtils.java:destroyPipeline(66)) - Pipeline destroy failed for pipeline=PipelineID=66c40936-c45e-4d82-92fb-d3a6482546dd dn=59cccd2f-755e-4c45-a890-da01592df45f{ip: 192.168.157.233, host: pr-hdds-2120-x62sn-1884063469, networkLocation: /default-rack, certSerialId: null}
2019-09-16 18:03:10,120 [RatisPipelineUtilsThread] ERROR pipeline.SCMPipelineManager (Scheduler.java:lambda$schedule$1(70)) - Destroy pipeline failed for pipeline:Pipeline[ Id: 66c40936-c45e-4d82-92fb-d3a6482546dd, Nodes: d2644fda-0f6b-4964-8120-db19826e02a4{ip: 192.168.157.233, host: pr-hdds-2120-x62sn-1884063469, networkLocation: /default-rack, certSerialId: null}7631069e-55aa-48aa-a80c-68f378536a45{ip: 192.168.157.233, host: pr-hdds-2120-x62sn-1884063469, networkLocation: /default-rack, certSerialId: null}59cccd2f-755e-4c45-a890-da01592df45f{ip: 192.168.157.233, host: pr-hdds-2120-x62sn-1884063469, networkLocation: /default-rack, certSerialId: null}, Type:RATIS, Factor:THREE, State:CLOSED]
org.apache.hadoop.hdds.scm.pipeline.PipelineNotFoundException: PipelineID=66c40936-c45e-4d82-92fb-d3a6482546dd not found
	at org.apache.hadoop.hdds.scm.pipeline.PipelineStateMap.getPipeline(PipelineStateMap.java:132)
	at org.apache.hadoop.hdds.scm.pipeline.PipelineStateMap.removePipeline(PipelineStateMap.java:322)
	at org.apache.hadoop.hdds.scm.pipeline.PipelineStateManager.removePipeline(PipelineStateManager.java:107)
	at org.apache.hadoop.hdds.scm.pipeline.SCMPipelineManager.removePipeline(SCMPipelineManager.java:423)
	at org.apache.hadoop.hdds.scm.pipeline.SCMPipelineManager.destroyPipeline(SCMPipelineManager.java:409)
	at org.apache.hadoop.hdds.scm.pipeline.SCMPipelineManager.lambda$finalizeAndDestroyPipeline$0(SCMPipelineManager.java:318)
	at org.apache.hadoop.utils.Scheduler.lambda$schedule$1(Scheduler.java:68)
	at java.util.concurrent.Executors$RunnableAdapter.call(Executors.java:511)
	at java.util.concurrent.FutureTask.run(FutureTask.java:266)
	at java.util.concurrent.ScheduledThreadPoolExecutor$ScheduledFutureTask.access$201(ScheduledThreadPoolExecutor.java:180)
	at java.util.concurrent.ScheduledThreadPoolExecutor$ScheduledFutureTask.run(ScheduledThreadPoolExecutor.java:293)
	at java.util.concurrent.ThreadPoolExecutor.runWorker(ThreadPoolExecutor.java:1149)
	at java.util.concurrent.ThreadPoolExecutor$Worker.run(ThreadPoolExecutor.java:624)
	at java.lang.Thread.run(Thread.java:748)
 0.00% |█                                                                                                    |  0/1 Time: 0:06:36 0.00% |█                                                                                                    |  0/1 Time: 0:06:372019-09-16 18:03:12,372 [d2644fda-0f6b-4964-8120-db19826e02a4@group-DB08F1BC869A-SegmentedRaftLogWorker] WARN  segmented.SegmentedRaftLogWorker (SegmentedRaftLogWorker.java:getFromFuture(90)) - Timeout 0/~
org.apache.ratis.protocol.TimeoutIOException: Timeout 10s: WriteLog:16: (t:1, i:16), STATEMACHINELOGENTRY, client-C494564659D0, cid=144-writeStateMachineData
	at org.apache.ratis.util.IOUtils.getFromFuture(IOUtils.java:87)
	at org.apache.ratis.server.raftlog.segmented.SegmentedRaftLogWorker$StateMachineDataPolicy.getFromFuture(SegmentedRaftLogWorker.java:87)
	at org.apache.ratis.server.raftlog.segmented.SegmentedRaftLogWorker$WriteLog.execute(SegmentedRaftLogWorker.java:477)
	at org.apache.ratis.server.raftlog.segmented.SegmentedRaftLogWorker.run(SegmentedRaftLogWorker.java:289)
	at java.lang.Thread.run(Thread.java:748)
Caused by: java.util.concurrent.TimeoutException
	at java.util.concurrent.CompletableFuture.timedGet(CompletableFuture.java:1771)
	at java.util.concurrent.CompletableFuture.get(CompletableFuture.java:1915)
	at org.apache.ratis.util.IOUtils.getFromFuture(IOUtils.java:79)
	... 4 more
2019-09-16 18:03:12,446 [grpc-default-executor-5] INFO  client.GrpcClientProtocolClient (GrpcClientProtocolClient.java:onNext(264)) - client-C494564659D0->59cccd2f-755e-4c45-a890-da01592df45f: receive RaftClientReply:client-C494564659D0->59cccd2f-755e-4c45-a890-da01592df45f@group-DB08F1BC869A, cid=144, FAILED org.apache.ratis.protocol.NotLeaderException: Server 59cccd2f-755e-4c45-a890-da01592df45f@group-DB08F1BC869A is not the leader d2644fda-0f6b-4964-8120-db19826e02a4:192.168.157.233:37608, logIndex=0, commits[59cccd2f-755e-4c45-a890-da01592df45f:c15, 7631069e-55aa-48aa-a80c-68f378536a45:c15, d2644fda-0f6b-4964-8120-db19826e02a4:c15]
 0.00% |█                                                                                                    |  0/1 Time: 0:06:382019-09-16 18:03:13,102 [grpc-default-executor-1] INFO  impl.RaftServerProxy (RaftServerProxy.java:remove(95)) - d2644fda-0f6b-4964-8120-db19826e02a4: remove group-D3A6482546DD:null
2019-09-16 18:03:13,105 [RatisPipelineUtilsThread] WARN  pipeline.RatisPipelineUtils (RatisPipelineUtils.java:destroyPipeline(66)) - Pipeline destroy failed for pipeline=PipelineID=66c40936-c45e-4d82-92fb-d3a6482546dd dn=d2644fda-0f6b-4964-8120-db19826e02a4{ip: 192.168.157.233, host: pr-hdds-2120-x62sn-1884063469, networkLocation: /default-rack, certSerialId: null}
2019-09-16 18:03:13,108 [grpc-default-executor-1] INFO  impl.RaftServerProxy (RaftServerProxy.java:remove(95)) - 7631069e-55aa-48aa-a80c-68f378536a45: remove group-D3A6482546DD:null
2019-09-16 18:03:13,110 [RatisPipelineUtilsThread] WARN  pipeline.RatisPipelineUtils (RatisPipelineUtils.java:destroyPipeline(66)) - Pipeline destroy failed for pipeline=PipelineID=66c40936-c45e-4d82-92fb-d3a6482546dd dn=7631069e-55aa-48aa-a80c-68f378536a45{ip: 192.168.157.233, host: pr-hdds-2120-x62sn-1884063469, networkLocation: /default-rack, certSerialId: null}
2019-09-16 18:03:13,112 [grpc-default-executor-1] INFO  impl.RaftServerProxy (RaftServerProxy.java:remove(95)) - 59cccd2f-755e-4c45-a890-da01592df45f: remove group-D3A6482546DD:null
2019-09-16 18:03:13,114 [RatisPipelineUtilsThread] WARN  pipeline.RatisPipelineUtils (RatisPipelineUtils.java:destroyPipeline(66)) - Pipeline destroy failed for pipeline=PipelineID=66c40936-c45e-4d82-92fb-d3a6482546dd dn=59cccd2f-755e-4c45-a890-da01592df45f{ip: 192.168.157.233, host: pr-hdds-2120-x62sn-1884063469, networkLocation: /default-rack, certSerialId: null}
2019-09-16 18:03:13,115 [RatisPipelineUtilsThread] ERROR pipeline.SCMPipelineManager (Scheduler.java:lambda$schedule$1(70)) - Destroy pipeline failed for pipeline:Pipeline[ Id: 66c40936-c45e-4d82-92fb-d3a6482546dd, Nodes: d2644fda-0f6b-4964-8120-db19826e02a4{ip: 192.168.157.233, host: pr-hdds-2120-x62sn-1884063469, networkLocation: /default-rack, certSerialId: null}7631069e-55aa-48aa-a80c-68f378536a45{ip: 192.168.157.233, host: pr-hdds-2120-x62sn-1884063469, networkLocation: /default-rack, certSerialId: null}59cccd2f-755e-4c45-a890-da01592df45f{ip: 192.168.157.233, host: pr-hdds-2120-x62sn-1884063469, networkLocation: /default-rack, certSerialId: null}, Type:RATIS, Factor:THREE, State:CLOSED]
org.apache.hadoop.hdds.scm.pipeline.PipelineNotFoundException: PipelineID=66c40936-c45e-4d82-92fb-d3a6482546dd not found
	at org.apache.hadoop.hdds.scm.pipeline.PipelineStateMap.getPipeline(PipelineStateMap.java:132)
	at org.apache.hadoop.hdds.scm.pipeline.PipelineStateMap.removePipeline(PipelineStateMap.java:322)
	at org.apache.hadoop.hdds.scm.pipeline.PipelineStateManager.removePipeline(PipelineStateManager.java:107)
	at org.apache.hadoop.hdds.scm.pipeline.SCMPipelineManager.removePipeline(SCMPipelineManager.java:423)
	at org.apache.hadoop.hdds.scm.pipeline.SCMPipelineManager.destroyPipeline(SCMPipelineManager.java:409)
	at org.apache.hadoop.hdds.scm.pipeline.SCMPipelineManager.lambda$finalizeAndDestroyPipeline$0(SCMPipelineManager.java:318)
	at org.apache.hadoop.utils.Scheduler.lambda$schedule$1(Scheduler.java:68)
	at java.util.concurrent.Executors$RunnableAdapter.call(Executors.java:511)
	at java.util.concurrent.FutureTask.run(FutureTask.java:266)
	at java.util.concurrent.ScheduledThreadPoolExecutor$ScheduledFutureTask.access$201(ScheduledThreadPoolExecutor.java:180)
	at java.util.concurrent.ScheduledThreadPoolExecutor$ScheduledFutureTask.run(ScheduledThreadPoolExecutor.java:293)
	at java.util.concurrent.ThreadPoolExecutor.runWorker(ThreadPoolExecutor.java:1149)
	at java.util.concurrent.ThreadPoolExecutor$Worker.run(ThreadPoolExecutor.java:624)
	at java.lang.Thread.run(Thread.java:748)
 0.00% |█                                                                                                    |  0/1 Time: 0:06:39 0.00% |█                                                                                                    |  0/1 Time: 0:06:402019-09-16 18:03:15,104 [grpc-default-executor-5] INFO  impl.RaftServerProxy (RaftServerProxy.java:remove(95)) - d2644fda-0f6b-4964-8120-db19826e02a4: remove group-D3A6482546DD:null
2019-09-16 18:03:15,108 [RatisPipelineUtilsThread] WARN  pipeline.RatisPipelineUtils (RatisPipelineUtils.java:destroyPipeline(66)) - Pipeline destroy failed for pipeline=PipelineID=66c40936-c45e-4d82-92fb-d3a6482546dd dn=d2644fda-0f6b-4964-8120-db19826e02a4{ip: 192.168.157.233, host: pr-hdds-2120-x62sn-1884063469, networkLocation: /default-rack, certSerialId: null}
2019-09-16 18:03:15,111 [grpc-default-executor-5] INFO  impl.RaftServerProxy (RaftServerProxy.java:remove(95)) - 7631069e-55aa-48aa-a80c-68f378536a45: remove group-D3A6482546DD:null
2019-09-16 18:03:15,112 [RatisPipelineUtilsThread] WARN  pipeline.RatisPipelineUtils (RatisPipelineUtils.java:destroyPipeline(66)) - Pipeline destroy failed for pipeline=PipelineID=66c40936-c45e-4d82-92fb-d3a6482546dd dn=7631069e-55aa-48aa-a80c-68f378536a45{ip: 192.168.157.233, host: pr-hdds-2120-x62sn-1884063469, networkLocation: /default-rack, certSerialId: null}
2019-09-16 18:03:15,115 [grpc-default-executor-5] INFO  impl.RaftServerProxy (RaftServerProxy.java:remove(95)) - 59cccd2f-755e-4c45-a890-da01592df45f: remove group-D3A6482546DD:null
2019-09-16 18:03:15,117 [RatisPipelineUtilsThread] WARN  pipeline.RatisPipelineUtils (RatisPipelineUtils.java:destroyPipeline(66)) - Pipeline destroy failed for pipeline=PipelineID=66c40936-c45e-4d82-92fb-d3a6482546dd dn=59cccd2f-755e-4c45-a890-da01592df45f{ip: 192.168.157.233, host: pr-hdds-2120-x62sn-1884063469, networkLocation: /default-rack, certSerialId: null}
2019-09-16 18:03:15,117 [RatisPipelineUtilsThread] ERROR pipeline.SCMPipelineManager (Scheduler.java:lambda$schedule$1(70)) - Destroy pipeline failed for pipeline:Pipeline[ Id: 66c40936-c45e-4d82-92fb-d3a6482546dd, Nodes: d2644fda-0f6b-4964-8120-db19826e02a4{ip: 192.168.157.233, host: pr-hdds-2120-x62sn-1884063469, networkLocation: /default-rack, certSerialId: null}7631069e-55aa-48aa-a80c-68f378536a45{ip: 192.168.157.233, host: pr-hdds-2120-x62sn-1884063469, networkLocation: /default-rack, certSerialId: null}59cccd2f-755e-4c45-a890-da01592df45f{ip: 192.168.157.233, host: pr-hdds-2120-x62sn-1884063469, networkLocation: /default-rack, certSerialId: null}, Type:RATIS, Factor:THREE, State:CLOSED]
org.apache.hadoop.hdds.scm.pipeline.PipelineNotFoundException: PipelineID=66c40936-c45e-4d82-92fb-d3a6482546dd not found
	at org.apache.hadoop.hdds.scm.pipeline.PipelineStateMap.getPipeline(PipelineStateMap.java:132)
	at org.apache.hadoop.hdds.scm.pipeline.PipelineStateMap.removePipeline(PipelineStateMap.java:322)
	at org.apache.hadoop.hdds.scm.pipeline.PipelineStateManager.removePipeline(PipelineStateManager.java:107)
	at org.apache.hadoop.hdds.scm.pipeline.SCMPipelineManager.removePipeline(SCMPipelineManager.java:423)
	at org.apache.hadoop.hdds.scm.pipeline.SCMPipelineManager.destroyPipeline(SCMPipelineManager.java:409)
	at org.apache.hadoop.hdds.scm.pipeline.SCMPipelineManager.lambda$finalizeAndDestroyPipeline$0(SCMPipelineManager.java:318)
	at org.apache.hadoop.utils.Scheduler.lambda$schedule$1(Scheduler.java:68)
	at java.util.concurrent.Executors$RunnableAdapter.call(Executors.java:511)
	at java.util.concurrent.FutureTask.run(FutureTask.java:266)
	at java.util.concurrent.ScheduledThreadPoolExecutor$ScheduledFutureTask.access$201(ScheduledThreadPoolExecutor.java:180)
	at java.util.concurrent.ScheduledThreadPoolExecutor$ScheduledFutureTask.run(ScheduledThreadPoolExecutor.java:293)
	at java.util.concurrent.ThreadPoolExecutor.runWorker(ThreadPoolExecutor.java:1149)
	at java.util.concurrent.ThreadPoolExecutor$Worker.run(ThreadPoolExecutor.java:624)
	at java.lang.Thread.run(Thread.java:748)
 0.00% |█                                                                                                    |  0/1 Time: 0:06:41 0.00% |█                                                                                                    |  0/1 Time: 0:06:42 0.00% |█                                                                                                    |  0/1 Time: 0:06:432019-09-16 18:03:17,495 [grpc-default-executor-1] INFO  client.GrpcClientProtocolClient (GrpcClientProtocolClient.java:onNext(264)) - client-C494564659D0->59cccd2f-755e-4c45-a890-da01592df45f: receive RaftClientReply:client-C494564659D0->59cccd2f-755e-4c45-a890-da01592df45f@group-DB08F1BC869A, cid=144, FAILED org.apache.ratis.protocol.NotLeaderException: Server 59cccd2f-755e-4c45-a890-da01592df45f@group-DB08F1BC869A is not the leader d2644fda-0f6b-4964-8120-db19826e02a4:192.168.157.233:37608, logIndex=0, commits[59cccd2f-755e-4c45-a890-da01592df45f:c15, 7631069e-55aa-48aa-a80c-68f378536a45:c15, d2644fda-0f6b-4964-8120-db19826e02a4:c15]
2019-09-16 18:03:18,104 [grpc-default-executor-5] INFO  impl.RaftServerProxy (RaftServerProxy.java:remove(95)) - d2644fda-0f6b-4964-8120-db19826e02a4: remove group-D3A6482546DD:null
2019-09-16 18:03:18,106 [RatisPipelineUtilsThread] WARN  pipeline.RatisPipelineUtils (RatisPipelineUtils.java:destroyPipeline(66)) - Pipeline destroy failed for pipeline=PipelineID=66c40936-c45e-4d82-92fb-d3a6482546dd dn=d2644fda-0f6b-4964-8120-db19826e02a4{ip: 192.168.157.233, host: pr-hdds-2120-x62sn-1884063469, networkLocation: /default-rack, certSerialId: null}
2019-09-16 18:03:18,110 [grpc-default-executor-5] INFO  impl.RaftServerProxy (RaftServerProxy.java:remove(95)) - 7631069e-55aa-48aa-a80c-68f378536a45: remove group-D3A6482546DD:null
2019-09-16 18:03:18,112 [RatisPipelineUtilsThread] WARN  pipeline.RatisPipelineUtils (RatisPipelineUtils.java:destroyPipeline(66)) - Pipeline destroy failed for pipeline=PipelineID=66c40936-c45e-4d82-92fb-d3a6482546dd dn=7631069e-55aa-48aa-a80c-68f378536a45{ip: 192.168.157.233, host: pr-hdds-2120-x62sn-1884063469, networkLocation: /default-rack, certSerialId: null}
2019-09-16 18:03:18,114 [grpc-default-executor-5] INFO  impl.RaftServerProxy (RaftServerProxy.java:remove(95)) - 59cccd2f-755e-4c45-a890-da01592df45f: remove group-D3A6482546DD:null
2019-09-16 18:03:18,117 [RatisPipelineUtilsThread] WARN  pipeline.RatisPipelineUtils (RatisPipelineUtils.java:destroyPipeline(66)) - Pipeline destroy failed for pipeline=PipelineID=66c40936-c45e-4d82-92fb-d3a6482546dd dn=59cccd2f-755e-4c45-a890-da01592df45f{ip: 192.168.157.233, host: pr-hdds-2120-x62sn-1884063469, networkLocation: /default-rack, certSerialId: null}
2019-09-16 18:03:18,117 [RatisPipelineUtilsThread] ERROR pipeline.SCMPipelineManager (Scheduler.java:lambda$schedule$1(70)) - Destroy pipeline failed for pipeline:Pipeline[ Id: 66c40936-c45e-4d82-92fb-d3a6482546dd, Nodes: d2644fda-0f6b-4964-8120-db19826e02a4{ip: 192.168.157.233, host: pr-hdds-2120-x62sn-1884063469, networkLocation: /default-rack, certSerialId: null}7631069e-55aa-48aa-a80c-68f378536a45{ip: 192.168.157.233, host: pr-hdds-2120-x62sn-1884063469, networkLocation: /default-rack, certSerialId: null}59cccd2f-755e-4c45-a890-da01592df45f{ip: 192.168.157.233, host: pr-hdds-2120-x62sn-1884063469, networkLocation: /default-rack, certSerialId: null}, Type:RATIS, Factor:THREE, State:CLOSED]
org.apache.hadoop.hdds.scm.pipeline.PipelineNotFoundException: PipelineID=66c40936-c45e-4d82-92fb-d3a6482546dd not found
	at org.apache.hadoop.hdds.scm.pipeline.PipelineStateMap.getPipeline(PipelineStateMap.java:132)
	at org.apache.hadoop.hdds.scm.pipeline.PipelineStateMap.removePipeline(PipelineStateMap.java:322)
	at org.apache.hadoop.hdds.scm.pipeline.PipelineStateManager.removePipeline(PipelineStateManager.java:107)
	at org.apache.hadoop.hdds.scm.pipeline.SCMPipelineManager.removePipeline(SCMPipelineManager.java:423)
	at org.apache.hadoop.hdds.scm.pipeline.SCMPipelineManager.destroyPipeline(SCMPipelineManager.java:409)
	at org.apache.hadoop.hdds.scm.pipeline.SCMPipelineManager.lambda$finalizeAndDestroyPipeline$0(SCMPipelineManager.java:318)
	at org.apache.hadoop.utils.Scheduler.lambda$schedule$1(Scheduler.java:68)
	at java.util.concurrent.Executors$RunnableAdapter.call(Executors.java:511)
	at java.util.concurrent.FutureTask.run(FutureTask.java:266)
	at java.util.concurrent.ScheduledThreadPoolExecutor$ScheduledFutureTask.access$201(ScheduledThreadPoolExecutor.java:180)
	at java.util.concurrent.ScheduledThreadPoolExecutor$ScheduledFutureTask.run(ScheduledThreadPoolExecutor.java:293)
	at java.util.concurrent.ThreadPoolExecutor.runWorker(ThreadPoolExecutor.java:1149)
	at java.util.concurrent.ThreadPoolExecutor$Worker.run(ThreadPoolExecutor.java:624)
	at java.lang.Thread.run(Thread.java:748)
 0.00% |█                                                                                                    |  0/1 Time: 0:06:44 0.00% |█                                                                                                    |  0/1 Time: 0:06:452019-09-16 18:03:20,105 [grpc-default-executor-5] INFO  impl.RaftServerProxy (RaftServerProxy.java:remove(95)) - d2644fda-0f6b-4964-8120-db19826e02a4: remove group-D3A6482546DD:null
2019-09-16 18:03:20,111 [RatisPipelineUtilsThread] WARN  pipeline.RatisPipelineUtils (RatisPipelineUtils.java:destroyPipeline(66)) - Pipeline destroy failed for pipeline=PipelineID=66c40936-c45e-4d82-92fb-d3a6482546dd dn=d2644fda-0f6b-4964-8120-db19826e02a4{ip: 192.168.157.233, host: pr-hdds-2120-x62sn-1884063469, networkLocation: /default-rack, certSerialId: null}
2019-09-16 18:03:20,113 [grpc-default-executor-5] INFO  impl.RaftServerProxy (RaftServerProxy.java:remove(95)) - 7631069e-55aa-48aa-a80c-68f378536a45: remove group-D3A6482546DD:null
2019-09-16 18:03:20,115 [RatisPipelineUtilsThread] WARN  pipeline.RatisPipelineUtils (RatisPipelineUtils.java:destroyPipeline(66)) - Pipeline destroy failed for pipeline=PipelineID=66c40936-c45e-4d82-92fb-d3a6482546dd dn=7631069e-55aa-48aa-a80c-68f378536a45{ip: 192.168.157.233, host: pr-hdds-2120-x62sn-1884063469, networkLocation: /default-rack, certSerialId: null}
2019-09-16 18:03:20,118 [grpc-default-executor-5] INFO  impl.RaftServerProxy (RaftServerProxy.java:remove(95)) - 59cccd2f-755e-4c45-a890-da01592df45f: remove group-D3A6482546DD:null
2019-09-16 18:03:20,120 [RatisPipelineUtilsThread] WARN  pipeline.RatisPipelineUtils (RatisPipelineUtils.java:destroyPipeline(66)) - Pipeline destroy failed for pipeline=PipelineID=66c40936-c45e-4d82-92fb-d3a6482546dd dn=59cccd2f-755e-4c45-a890-da01592df45f{ip: 192.168.157.233, host: pr-hdds-2120-x62sn-1884063469, networkLocation: /default-rack, certSerialId: null}
2019-09-16 18:03:20,120 [RatisPipelineUtilsThread] ERROR pipeline.SCMPipelineManager (Scheduler.java:lambda$schedule$1(70)) - Destroy pipeline failed for pipeline:Pipeline[ Id: 66c40936-c45e-4d82-92fb-d3a6482546dd, Nodes: d2644fda-0f6b-4964-8120-db19826e02a4{ip: 192.168.157.233, host: pr-hdds-2120-x62sn-1884063469, networkLocation: /default-rack, certSerialId: null}7631069e-55aa-48aa-a80c-68f378536a45{ip: 192.168.157.233, host: pr-hdds-2120-x62sn-1884063469, networkLocation: /default-rack, certSerialId: null}59cccd2f-755e-4c45-a890-da01592df45f{ip: 192.168.157.233, host: pr-hdds-2120-x62sn-1884063469, networkLocation: /default-rack, certSerialId: null}, Type:RATIS, Factor:THREE, State:CLOSED]
org.apache.hadoop.hdds.scm.pipeline.PipelineNotFoundException: PipelineID=66c40936-c45e-4d82-92fb-d3a6482546dd not found
	at org.apache.hadoop.hdds.scm.pipeline.PipelineStateMap.getPipeline(PipelineStateMap.java:132)
	at org.apache.hadoop.hdds.scm.pipeline.PipelineStateMap.removePipeline(PipelineStateMap.java:322)
	at org.apache.hadoop.hdds.scm.pipeline.PipelineStateManager.removePipeline(PipelineStateManager.java:107)
	at org.apache.hadoop.hdds.scm.pipeline.SCMPipelineManager.removePipeline(SCMPipelineManager.java:423)
	at org.apache.hadoop.hdds.scm.pipeline.SCMPipelineManager.destroyPipeline(SCMPipelineManager.java:409)
	at org.apache.hadoop.hdds.scm.pipeline.SCMPipelineManager.lambda$finalizeAndDestroyPipeline$0(SCMPipelineManager.java:318)
	at org.apache.hadoop.utils.Scheduler.lambda$schedule$1(Scheduler.java:68)
	at java.util.concurrent.Executors$RunnableAdapter.call(Executors.java:511)
	at java.util.concurrent.FutureTask.run(FutureTask.java:266)
	at java.util.concurrent.ScheduledThreadPoolExecutor$ScheduledFutureTask.access$201(ScheduledThreadPoolExecutor.java:180)
	at java.util.concurrent.ScheduledThreadPoolExecutor$ScheduledFutureTask.run(ScheduledThreadPoolExecutor.java:293)
	at java.util.concurrent.ThreadPoolExecutor.runWorker(ThreadPoolExecutor.java:1149)
	at java.util.concurrent.ThreadPoolExecutor$Worker.run(ThreadPoolExecutor.java:624)
	at java.lang.Thread.run(Thread.java:748)
 0.00% |█                                                                                                    |  0/1 Time: 0:06:46 0.00% |█                                                                                                    |  0/1 Time: 0:06:472019-09-16 18:03:22,374 [d2644fda-0f6b-4964-8120-db19826e02a4@group-DB08F1BC869A-SegmentedRaftLogWorker] WARN  segmented.SegmentedRaftLogWorker (SegmentedRaftLogWorker.java:getFromFuture(90)) - Timeout 1/~
org.apache.ratis.protocol.TimeoutIOException: Timeout 10s: WriteLog:16: (t:1, i:16), STATEMACHINELOGENTRY, client-C494564659D0, cid=144-writeStateMachineData
	at org.apache.ratis.util.IOUtils.getFromFuture(IOUtils.java:87)
	at org.apache.ratis.server.raftlog.segmented.SegmentedRaftLogWorker$StateMachineDataPolicy.getFromFuture(SegmentedRaftLogWorker.java:87)
	at org.apache.ratis.server.raftlog.segmented.SegmentedRaftLogWorker$WriteLog.execute(SegmentedRaftLogWorker.java:477)
	at org.apache.ratis.server.raftlog.segmented.SegmentedRaftLogWorker.run(SegmentedRaftLogWorker.java:289)
	at java.lang.Thread.run(Thread.java:748)
Caused by: java.util.concurrent.TimeoutException
	at java.util.concurrent.CompletableFuture.timedGet(CompletableFuture.java:1771)
	at java.util.concurrent.CompletableFuture.get(CompletableFuture.java:1915)
	at org.apache.ratis.util.IOUtils.getFromFuture(IOUtils.java:79)
	... 4 more
 0.00% |█                                                                                                    |  0/1 Time: 0:06:482019-09-16 18:03:22,537 [grpc-default-executor-1] INFO  client.GrpcClientProtocolClient (GrpcClientProtocolClient.java:onNext(264)) - client-C494564659D0->7631069e-55aa-48aa-a80c-68f378536a45: receive RaftClientReply:client-C494564659D0->7631069e-55aa-48aa-a80c-68f378536a45@group-DB08F1BC869A, cid=144, FAILED org.apache.ratis.protocol.NotLeaderException: Server 7631069e-55aa-48aa-a80c-68f378536a45@group-DB08F1BC869A is not the leader d2644fda-0f6b-4964-8120-db19826e02a4:192.168.157.233:37608, logIndex=0, commits[7631069e-55aa-48aa-a80c-68f378536a45:c15, 59cccd2f-755e-4c45-a890-da01592df45f:c15, d2644fda-0f6b-4964-8120-db19826e02a4:c15]
2019-09-16 18:03:23,104 [grpc-default-executor-1] INFO  impl.RaftServerProxy (RaftServerProxy.java:remove(95)) - d2644fda-0f6b-4964-8120-db19826e02a4: remove group-D3A6482546DD:null
2019-09-16 18:03:23,107 [RatisPipelineUtilsThread] WARN  pipeline.RatisPipelineUtils (RatisPipelineUtils.java:destroyPipeline(66)) - Pipeline destroy failed for pipeline=PipelineID=66c40936-c45e-4d82-92fb-d3a6482546dd dn=d2644fda-0f6b-4964-8120-db19826e02a4{ip: 192.168.157.233, host: pr-hdds-2120-x62sn-1884063469, networkLocation: /default-rack, certSerialId: null}
2019-09-16 18:03:23,109 [grpc-default-executor-1] INFO  impl.RaftServerProxy (RaftServerProxy.java:remove(95)) - 7631069e-55aa-48aa-a80c-68f378536a45: remove group-D3A6482546DD:null
2019-09-16 18:03:23,111 [RatisPipelineUtilsThread] WARN  pipeline.RatisPipelineUtils (RatisPipelineUtils.java:destroyPipeline(66)) - Pipeline destroy failed for pipeline=PipelineID=66c40936-c45e-4d82-92fb-d3a6482546dd dn=7631069e-55aa-48aa-a80c-68f378536a45{ip: 192.168.157.233, host: pr-hdds-2120-x62sn-1884063469, networkLocation: /default-rack, certSerialId: null}
2019-09-16 18:03:23,114 [grpc-default-executor-1] INFO  impl.RaftServerProxy (RaftServerProxy.java:remove(95)) - 59cccd2f-755e-4c45-a890-da01592df45f: remove group-D3A6482546DD:null
2019-09-16 18:03:23,116 [RatisPipelineUtilsThread] WARN  pipeline.RatisPipelineUtils (RatisPipelineUtils.java:destroyPipeline(66)) - Pipeline destroy failed for pipeline=PipelineID=66c40936-c45e-4d82-92fb-d3a6482546dd dn=59cccd2f-755e-4c45-a890-da01592df45f{ip: 192.168.157.233, host: pr-hdds-2120-x62sn-1884063469, networkLocation: /default-rack, certSerialId: null}
2019-09-16 18:03:23,117 [RatisPipelineUtilsThread] ERROR pipeline.SCMPipelineManager (Scheduler.java:lambda$schedule$1(70)) - Destroy pipeline failed for pipeline:Pipeline[ Id: 66c40936-c45e-4d82-92fb-d3a6482546dd, Nodes: d2644fda-0f6b-4964-8120-db19826e02a4{ip: 192.168.157.233, host: pr-hdds-2120-x62sn-1884063469, networkLocation: /default-rack, certSerialId: null}7631069e-55aa-48aa-a80c-68f378536a45{ip: 192.168.157.233, host: pr-hdds-2120-x62sn-1884063469, networkLocation: /default-rack, certSerialId: null}59cccd2f-755e-4c45-a890-da01592df45f{ip: 192.168.157.233, host: pr-hdds-2120-x62sn-1884063469, networkLocation: /default-rack, certSerialId: null}, Type:RATIS, Factor:THREE, State:CLOSED]
org.apache.hadoop.hdds.scm.pipeline.PipelineNotFoundException: PipelineID=66c40936-c45e-4d82-92fb-d3a6482546dd not found
	at org.apache.hadoop.hdds.scm.pipeline.PipelineStateMap.getPipeline(PipelineStateMap.java:132)
	at org.apache.hadoop.hdds.scm.pipeline.PipelineStateMap.removePipeline(PipelineStateMap.java:322)
	at org.apache.hadoop.hdds.scm.pipeline.PipelineStateManager.removePipeline(PipelineStateManager.java:107)
	at org.apache.hadoop.hdds.scm.pipeline.SCMPipelineManager.removePipeline(SCMPipelineManager.java:423)
	at org.apache.hadoop.hdds.scm.pipeline.SCMPipelineManager.destroyPipeline(SCMPipelineManager.java:409)
	at org.apache.hadoop.hdds.scm.pipeline.SCMPipelineManager.lambda$finalizeAndDestroyPipeline$0(SCMPipelineManager.java:318)
	at org.apache.hadoop.utils.Scheduler.lambda$schedule$1(Scheduler.java:68)
	at java.util.concurrent.Executors$RunnableAdapter.call(Executors.java:511)
	at java.util.concurrent.FutureTask.run(FutureTask.java:266)
	at java.util.concurrent.ScheduledThreadPoolExecutor$ScheduledFutureTask.access$201(ScheduledThreadPoolExecutor.java:180)
	at java.util.concurrent.ScheduledThreadPoolExecutor$ScheduledFutureTask.run(ScheduledThreadPoolExecutor.java:293)
	at java.util.concurrent.ThreadPoolExecutor.runWorker(ThreadPoolExecutor.java:1149)
	at java.util.concurrent.ThreadPoolExecutor$Worker.run(ThreadPoolExecutor.java:624)
	at java.lang.Thread.run(Thread.java:748)
 0.00% |█                                                                                                    |  0/1 Time: 0:06:49 0.00% |█                                                                                                    |  0/1 Time: 0:06:502019-09-16 18:03:25,103 [grpc-default-executor-1] INFO  impl.RaftServerProxy (RaftServerProxy.java:remove(95)) - d2644fda-0f6b-4964-8120-db19826e02a4: remove group-D3A6482546DD:null
2019-09-16 18:03:25,105 [RatisPipelineUtilsThread] WARN  pipeline.RatisPipelineUtils (RatisPipelineUtils.java:destroyPipeline(66)) - Pipeline destroy failed for pipeline=PipelineID=66c40936-c45e-4d82-92fb-d3a6482546dd dn=d2644fda-0f6b-4964-8120-db19826e02a4{ip: 192.168.157.233, host: pr-hdds-2120-x62sn-1884063469, networkLocation: /default-rack, certSerialId: null}
2019-09-16 18:03:25,108 [grpc-default-executor-1] INFO  impl.RaftServerProxy (RaftServerProxy.java:remove(95)) - 7631069e-55aa-48aa-a80c-68f378536a45: remove group-D3A6482546DD:null
2019-09-16 18:03:25,110 [RatisPipelineUtilsThread] WARN  pipeline.RatisPipelineUtils (RatisPipelineUtils.java:destroyPipeline(66)) - Pipeline destroy failed for pipeline=PipelineID=66c40936-c45e-4d82-92fb-d3a6482546dd dn=7631069e-55aa-48aa-a80c-68f378536a45{ip: 192.168.157.233, host: pr-hdds-2120-x62sn-1884063469, networkLocation: /default-rack, certSerialId: null}
2019-09-16 18:03:25,113 [grpc-default-executor-1] INFO  impl.RaftServerProxy (RaftServerProxy.java:remove(95)) - 59cccd2f-755e-4c45-a890-da01592df45f: remove group-D3A6482546DD:null
2019-09-16 18:03:25,114 [RatisPipelineUtilsThread] WARN  pipeline.RatisPipelineUtils (RatisPipelineUtils.java:destroyPipeline(66)) - Pipeline destroy failed for pipeline=PipelineID=66c40936-c45e-4d82-92fb-d3a6482546dd dn=59cccd2f-755e-4c45-a890-da01592df45f{ip: 192.168.157.233, host: pr-hdds-2120-x62sn-1884063469, networkLocation: /default-rack, certSerialId: null}
2019-09-16 18:03:25,115 [RatisPipelineUtilsThread] ERROR pipeline.SCMPipelineManager (Scheduler.java:lambda$schedule$1(70)) - Destroy pipeline failed for pipeline:Pipeline[ Id: 66c40936-c45e-4d82-92fb-d3a6482546dd, Nodes: d2644fda-0f6b-4964-8120-db19826e02a4{ip: 192.168.157.233, host: pr-hdds-2120-x62sn-1884063469, networkLocation: /default-rack, certSerialId: null}7631069e-55aa-48aa-a80c-68f378536a45{ip: 192.168.157.233, host: pr-hdds-2120-x62sn-1884063469, networkLocation: /default-rack, certSerialId: null}59cccd2f-755e-4c45-a890-da01592df45f{ip: 192.168.157.233, host: pr-hdds-2120-x62sn-1884063469, networkLocation: /default-rack, certSerialId: null}, Type:RATIS, Factor:THREE, State:CLOSED]
org.apache.hadoop.hdds.scm.pipeline.PipelineNotFoundException: PipelineID=66c40936-c45e-4d82-92fb-d3a6482546dd not found
	at org.apache.hadoop.hdds.scm.pipeline.PipelineStateMap.getPipeline(PipelineStateMap.java:132)
	at org.apache.hadoop.hdds.scm.pipeline.PipelineStateMap.removePipeline(PipelineStateMap.java:322)
	at org.apache.hadoop.hdds.scm.pipeline.PipelineStateManager.removePipeline(PipelineStateManager.java:107)
	at org.apache.hadoop.hdds.scm.pipeline.SCMPipelineManager.removePipeline(SCMPipelineManager.java:423)
	at org.apache.hadoop.hdds.scm.pipeline.SCMPipelineManager.destroyPipeline(SCMPipelineManager.java:409)
	at org.apache.hadoop.hdds.scm.pipeline.SCMPipelineManager.lambda$finalizeAndDestroyPipeline$0(SCMPipelineManager.java:318)
	at org.apache.hadoop.utils.Scheduler.lambda$schedule$1(Scheduler.java:68)
	at java.util.concurrent.Executors$RunnableAdapter.call(Executors.java:511)
	at java.util.concurrent.FutureTask.run(FutureTask.java:266)
	at java.util.concurrent.ScheduledThreadPoolExecutor$ScheduledFutureTask.access$201(ScheduledThreadPoolExecutor.java:180)
	at java.util.concurrent.ScheduledThreadPoolExecutor$ScheduledFutureTask.run(ScheduledThreadPoolExecutor.java:293)
	at java.util.concurrent.ThreadPoolExecutor.runWorker(ThreadPoolExecutor.java:1149)
	at java.util.concurrent.ThreadPoolExecutor$Worker.run(ThreadPoolExecutor.java:624)
	at java.lang.Thread.run(Thread.java:748)
 0.00% |█                                                                                                    |  0/1 Time: 0:06:51 0.00% |█                                                                                                    |  0/1 Time: 0:06:52 0.00% |█                                                                                                    |  0/1 Time: 0:06:532019-09-16 18:03:27,576 [grpc-default-executor-1] INFO  client.GrpcClientProtocolClient (GrpcClientProtocolClient.java:onNext(264)) - client-C494564659D0->7631069e-55aa-48aa-a80c-68f378536a45: receive RaftClientReply:client-C494564659D0->7631069e-55aa-48aa-a80c-68f378536a45@group-DB08F1BC869A, cid=144, FAILED org.apache.ratis.protocol.NotLeaderException: Server 7631069e-55aa-48aa-a80c-68f378536a45@group-DB08F1BC869A is not the leader d2644fda-0f6b-4964-8120-db19826e02a4:192.168.157.233:37608, logIndex=0, commits[7631069e-55aa-48aa-a80c-68f378536a45:c15, 59cccd2f-755e-4c45-a890-da01592df45f:c15, d2644fda-0f6b-4964-8120-db19826e02a4:c15]
2019-09-16 18:03:28,106 [grpc-default-executor-5] INFO  impl.RaftServerProxy (RaftServerProxy.java:remove(95)) - d2644fda-0f6b-4964-8120-db19826e02a4: remove group-D3A6482546DD:null
2019-09-16 18:03:28,109 [RatisPipelineUtilsThread] WARN  pipeline.RatisPipelineUtils (RatisPipelineUtils.java:destroyPipeline(66)) - Pipeline destroy failed for pipeline=PipelineID=66c40936-c45e-4d82-92fb-d3a6482546dd dn=d2644fda-0f6b-4964-8120-db19826e02a4{ip: 192.168.157.233, host: pr-hdds-2120-x62sn-1884063469, networkLocation: /default-rack, certSerialId: null}
2019-09-16 18:03:28,112 [grpc-default-executor-5] INFO  impl.RaftServerProxy (RaftServerProxy.java:remove(95)) - 7631069e-55aa-48aa-a80c-68f378536a45: remove group-D3A6482546DD:null
2019-09-16 18:03:28,114 [RatisPipelineUtilsThread] WARN  pipeline.RatisPipelineUtils (RatisPipelineUtils.java:destroyPipeline(66)) - Pipeline destroy failed for pipeline=PipelineID=66c40936-c45e-4d82-92fb-d3a6482546dd dn=7631069e-55aa-48aa-a80c-68f378536a45{ip: 192.168.157.233, host: pr-hdds-2120-x62sn-1884063469, networkLocation: /default-rack, certSerialId: null}
2019-09-16 18:03:28,116 [grpc-default-executor-5] INFO  impl.RaftServerProxy (RaftServerProxy.java:remove(95)) - 59cccd2f-755e-4c45-a890-da01592df45f: remove group-D3A6482546DD:null
2019-09-16 18:03:28,118 [RatisPipelineUtilsThread] WARN  pipeline.RatisPipelineUtils (RatisPipelineUtils.java:destroyPipeline(66)) - Pipeline destroy failed for pipeline=PipelineID=66c40936-c45e-4d82-92fb-d3a6482546dd dn=59cccd2f-755e-4c45-a890-da01592df45f{ip: 192.168.157.233, host: pr-hdds-2120-x62sn-1884063469, networkLocation: /default-rack, certSerialId: null}
2019-09-16 18:03:28,118 [RatisPipelineUtilsThread] ERROR pipeline.SCMPipelineManager (Scheduler.java:lambda$schedule$1(70)) - Destroy pipeline failed for pipeline:Pipeline[ Id: 66c40936-c45e-4d82-92fb-d3a6482546dd, Nodes: d2644fda-0f6b-4964-8120-db19826e02a4{ip: 192.168.157.233, host: pr-hdds-2120-x62sn-1884063469, networkLocation: /default-rack, certSerialId: null}7631069e-55aa-48aa-a80c-68f378536a45{ip: 192.168.157.233, host: pr-hdds-2120-x62sn-1884063469, networkLocation: /default-rack, certSerialId: null}59cccd2f-755e-4c45-a890-da01592df45f{ip: 192.168.157.233, host: pr-hdds-2120-x62sn-1884063469, networkLocation: /default-rack, certSerialId: null}, Type:RATIS, Factor:THREE, State:CLOSED]
org.apache.hadoop.hdds.scm.pipeline.PipelineNotFoundException: PipelineID=66c40936-c45e-4d82-92fb-d3a6482546dd not found
	at org.apache.hadoop.hdds.scm.pipeline.PipelineStateMap.getPipeline(PipelineStateMap.java:132)
	at org.apache.hadoop.hdds.scm.pipeline.PipelineStateMap.removePipeline(PipelineStateMap.java:322)
	at org.apache.hadoop.hdds.scm.pipeline.PipelineStateManager.removePipeline(PipelineStateManager.java:107)
	at org.apache.hadoop.hdds.scm.pipeline.SCMPipelineManager.removePipeline(SCMPipelineManager.java:423)
	at org.apache.hadoop.hdds.scm.pipeline.SCMPipelineManager.destroyPipeline(SCMPipelineManager.java:409)
	at org.apache.hadoop.hdds.scm.pipeline.SCMPipelineManager.lambda$finalizeAndDestroyPipeline$0(SCMPipelineManager.java:318)
	at org.apache.hadoop.utils.Scheduler.lambda$schedule$1(Scheduler.java:68)
	at java.util.concurrent.Executors$RunnableAdapter.call(Executors.java:511)
	at java.util.concurrent.FutureTask.run(FutureTask.java:266)
	at java.util.concurrent.ScheduledThreadPoolExecutor$ScheduledFutureTask.access$201(ScheduledThreadPoolExecutor.java:180)
	at java.util.concurrent.ScheduledThreadPoolExecutor$ScheduledFutureTask.run(ScheduledThreadPoolExecutor.java:293)
	at java.util.concurrent.ThreadPoolExecutor.runWorker(ThreadPoolExecutor.java:1149)
	at java.util.concurrent.ThreadPoolExecutor$Worker.run(ThreadPoolExecutor.java:624)
	at java.lang.Thread.run(Thread.java:748)
 0.00% |█                                                                                                    |  0/1 Time: 0:06:54 0.00% |█                                                                                                    |  0/1 Time: 0:06:552019-09-16 18:03:30,103 [grpc-default-executor-2] INFO  impl.RaftServerProxy (RaftServerProxy.java:remove(95)) - d2644fda-0f6b-4964-8120-db19826e02a4: remove group-D3A6482546DD:null
2019-09-16 18:03:30,106 [RatisPipelineUtilsThread] WARN  pipeline.RatisPipelineUtils (RatisPipelineUtils.java:destroyPipeline(66)) - Pipeline destroy failed for pipeline=PipelineID=66c40936-c45e-4d82-92fb-d3a6482546dd dn=d2644fda-0f6b-4964-8120-db19826e02a4{ip: 192.168.157.233, host: pr-hdds-2120-x62sn-1884063469, networkLocation: /default-rack, certSerialId: null}
2019-09-16 18:03:30,109 [grpc-default-executor-2] INFO  impl.RaftServerProxy (RaftServerProxy.java:remove(95)) - 7631069e-55aa-48aa-a80c-68f378536a45: remove group-D3A6482546DD:null
2019-09-16 18:03:30,111 [RatisPipelineUtilsThread] WARN  pipeline.RatisPipelineUtils (RatisPipelineUtils.java:destroyPipeline(66)) - Pipeline destroy failed for pipeline=PipelineID=66c40936-c45e-4d82-92fb-d3a6482546dd dn=7631069e-55aa-48aa-a80c-68f378536a45{ip: 192.168.157.233, host: pr-hdds-2120-x62sn-1884063469, networkLocation: /default-rack, certSerialId: null}
2019-09-16 18:03:30,114 [grpc-default-executor-2] INFO  impl.RaftServerProxy (RaftServerProxy.java:remove(95)) - 59cccd2f-755e-4c45-a890-da01592df45f: remove group-D3A6482546DD:null
2019-09-16 18:03:30,117 [RatisPipelineUtilsThread] WARN  pipeline.RatisPipelineUtils (RatisPipelineUtils.java:destroyPipeline(66)) - Pipeline destroy failed for pipeline=PipelineID=66c40936-c45e-4d82-92fb-d3a6482546dd dn=59cccd2f-755e-4c45-a890-da01592df45f{ip: 192.168.157.233, host: pr-hdds-2120-x62sn-1884063469, networkLocation: /default-rack, certSerialId: null}
2019-09-16 18:03:30,117 [RatisPipelineUtilsThread] ERROR pipeline.SCMPipelineManager (Scheduler.java:lambda$schedule$1(70)) - Destroy pipeline failed for pipeline:Pipeline[ Id: 66c40936-c45e-4d82-92fb-d3a6482546dd, Nodes: d2644fda-0f6b-4964-8120-db19826e02a4{ip: 192.168.157.233, host: pr-hdds-2120-x62sn-1884063469, networkLocation: /default-rack, certSerialId: null}7631069e-55aa-48aa-a80c-68f378536a45{ip: 192.168.157.233, host: pr-hdds-2120-x62sn-1884063469, networkLocation: /default-rack, certSerialId: null}59cccd2f-755e-4c45-a890-da01592df45f{ip: 192.168.157.233, host: pr-hdds-2120-x62sn-1884063469, networkLocation: /default-rack, certSerialId: null}, Type:RATIS, Factor:THREE, State:CLOSED]
org.apache.hadoop.hdds.scm.pipeline.PipelineNotFoundException: PipelineID=66c40936-c45e-4d82-92fb-d3a6482546dd not found
	at org.apache.hadoop.hdds.scm.pipeline.PipelineStateMap.getPipeline(PipelineStateMap.java:132)
	at org.apache.hadoop.hdds.scm.pipeline.PipelineStateMap.removePipeline(PipelineStateMap.java:322)
	at org.apache.hadoop.hdds.scm.pipeline.PipelineStateManager.removePipeline(PipelineStateManager.java:107)
	at org.apache.hadoop.hdds.scm.pipeline.SCMPipelineManager.removePipeline(SCMPipelineManager.java:423)
	at org.apache.hadoop.hdds.scm.pipeline.SCMPipelineManager.destroyPipeline(SCMPipelineManager.java:409)
	at org.apache.hadoop.hdds.scm.pipeline.SCMPipelineManager.lambda$finalizeAndDestroyPipeline$0(SCMPipelineManager.java:318)
	at org.apache.hadoop.utils.Scheduler.lambda$schedule$1(Scheduler.java:68)
	at java.util.concurrent.Executors$RunnableAdapter.call(Executors.java:511)
	at java.util.concurrent.FutureTask.run(FutureTask.java:266)
	at java.util.concurrent.ScheduledThreadPoolExecutor$ScheduledFutureTask.access$201(ScheduledThreadPoolExecutor.java:180)
	at java.util.concurrent.ScheduledThreadPoolExecutor$ScheduledFutureTask.run(ScheduledThreadPoolExecutor.java:293)
	at java.util.concurrent.ThreadPoolExecutor.runWorker(ThreadPoolExecutor.java:1149)
	at java.util.concurrent.ThreadPoolExecutor$Worker.run(ThreadPoolExecutor.java:624)
	at java.lang.Thread.run(Thread.java:748)
 0.00% |█                                                                                                    |  0/1 Time: 0:06:56 0.00% |█                                                                                                    |  0/1 Time: 0:06:572019-09-16 18:03:32,375 [d2644fda-0f6b-4964-8120-db19826e02a4@group-DB08F1BC869A-SegmentedRaftLogWorker] WARN  segmented.SegmentedRaftLogWorker (SegmentedRaftLogWorker.java:getFromFuture(90)) - Timeout 2/~
org.apache.ratis.protocol.TimeoutIOException: Timeout 10s: WriteLog:16: (t:1, i:16), STATEMACHINELOGENTRY, client-C494564659D0, cid=144-writeStateMachineData
	at org.apache.ratis.util.IOUtils.getFromFuture(IOUtils.java:87)
	at org.apache.ratis.server.raftlog.segmented.SegmentedRaftLogWorker$StateMachineDataPolicy.getFromFuture(SegmentedRaftLogWorker.java:87)
	at org.apache.ratis.server.raftlog.segmented.SegmentedRaftLogWorker$WriteLog.execute(SegmentedRaftLogWorker.java:477)
	at org.apache.ratis.server.raftlog.segmented.SegmentedRaftLogWorker.run(SegmentedRaftLogWorker.java:289)
	at java.lang.Thread.run(Thread.java:748)
Caused by: java.util.concurrent.TimeoutException
	at java.util.concurrent.CompletableFuture.timedGet(CompletableFuture.java:1771)
	at java.util.concurrent.CompletableFuture.get(CompletableFuture.java:1915)
	at org.apache.ratis.util.IOUtils.getFromFuture(IOUtils.java:79)
	... 4 more
 0.00% |█                                                                                                    |  0/1 Time: 0:06:582019-09-16 18:03:32,629 [grpc-default-executor-2] INFO  client.GrpcClientProtocolClient (GrpcClientProtocolClient.java:onNext(264)) - client-C494564659D0->59cccd2f-755e-4c45-a890-da01592df45f: receive RaftClientReply:client-C494564659D0->59cccd2f-755e-4c45-a890-da01592df45f@group-DB08F1BC869A, cid=144, FAILED org.apache.ratis.protocol.NotLeaderException: Server 59cccd2f-755e-4c45-a890-da01592df45f@group-DB08F1BC869A is not the leader d2644fda-0f6b-4964-8120-db19826e02a4:192.168.157.233:37608, logIndex=0, commits[59cccd2f-755e-4c45-a890-da01592df45f:c15, 7631069e-55aa-48aa-a80c-68f378536a45:c15, d2644fda-0f6b-4964-8120-db19826e02a4:c15]
2019-09-16 18:03:33,115 [grpc-default-executor-5] INFO  impl.RaftServerProxy (RaftServerProxy.java:remove(95)) - d2644fda-0f6b-4964-8120-db19826e02a4: remove group-D3A6482546DD:null
2019-09-16 18:03:33,120 [RatisPipelineUtilsThread] WARN  pipeline.RatisPipelineUtils (RatisPipelineUtils.java:destroyPipeline(66)) - Pipeline destroy failed for pipeline=PipelineID=66c40936-c45e-4d82-92fb-d3a6482546dd dn=d2644fda-0f6b-4964-8120-db19826e02a4{ip: 192.168.157.233, host: pr-hdds-2120-x62sn-1884063469, networkLocation: /default-rack, certSerialId: null}
2019-09-16 18:03:33,123 [grpc-default-executor-5] INFO  impl.RaftServerProxy (RaftServerProxy.java:remove(95)) - 7631069e-55aa-48aa-a80c-68f378536a45: remove group-D3A6482546DD:null
2019-09-16 18:03:33,125 [RatisPipelineUtilsThread] WARN  pipeline.RatisPipelineUtils (RatisPipelineUtils.java:destroyPipeline(66)) - Pipeline destroy failed for pipeline=PipelineID=66c40936-c45e-4d82-92fb-d3a6482546dd dn=7631069e-55aa-48aa-a80c-68f378536a45{ip: 192.168.157.233, host: pr-hdds-2120-x62sn-1884063469, networkLocation: /default-rack, certSerialId: null}
2019-09-16 18:03:33,127 [grpc-default-executor-5] INFO  impl.RaftServerProxy (RaftServerProxy.java:remove(95)) - 59cccd2f-755e-4c45-a890-da01592df45f: remove group-D3A6482546DD:null
2019-09-16 18:03:33,129 [RatisPipelineUtilsThread] WARN  pipeline.RatisPipelineUtils (RatisPipelineUtils.java:destroyPipeline(66)) - Pipeline destroy failed for pipeline=PipelineID=66c40936-c45e-4d82-92fb-d3a6482546dd dn=59cccd2f-755e-4c45-a890-da01592df45f{ip: 192.168.157.233, host: pr-hdds-2120-x62sn-1884063469, networkLocation: /default-rack, certSerialId: null}
2019-09-16 18:03:33,129 [RatisPipelineUtilsThread] ERROR pipeline.SCMPipelineManager (Scheduler.java:lambda$schedule$1(70)) - Destroy pipeline failed for pipeline:Pipeline[ Id: 66c40936-c45e-4d82-92fb-d3a6482546dd, Nodes: d2644fda-0f6b-4964-8120-db19826e02a4{ip: 192.168.157.233, host: pr-hdds-2120-x62sn-1884063469, networkLocation: /default-rack, certSerialId: null}7631069e-55aa-48aa-a80c-68f378536a45{ip: 192.168.157.233, host: pr-hdds-2120-x62sn-1884063469, networkLocation: /default-rack, certSerialId: null}59cccd2f-755e-4c45-a890-da01592df45f{ip: 192.168.157.233, host: pr-hdds-2120-x62sn-1884063469, networkLocation: /default-rack, certSerialId: null}, Type:RATIS, Factor:THREE, State:CLOSED]
org.apache.hadoop.hdds.scm.pipeline.PipelineNotFoundException: PipelineID=66c40936-c45e-4d82-92fb-d3a6482546dd not found
	at org.apache.hadoop.hdds.scm.pipeline.PipelineStateMap.getPipeline(PipelineStateMap.java:132)
	at org.apache.hadoop.hdds.scm.pipeline.PipelineStateMap.removePipeline(PipelineStateMap.java:322)
	at org.apache.hadoop.hdds.scm.pipeline.PipelineStateManager.removePipeline(PipelineStateManager.java:107)
	at org.apache.hadoop.hdds.scm.pipeline.SCMPipelineManager.removePipeline(SCMPipelineManager.java:423)
	at org.apache.hadoop.hdds.scm.pipeline.SCMPipelineManager.destroyPipeline(SCMPipelineManager.java:409)
	at org.apache.hadoop.hdds.scm.pipeline.SCMPipelineManager.lambda$finalizeAndDestroyPipeline$0(SCMPipelineManager.java:318)
	at org.apache.hadoop.utils.Scheduler.lambda$schedule$1(Scheduler.java:68)
	at java.util.concurrent.Executors$RunnableAdapter.call(Executors.java:511)
	at java.util.concurrent.FutureTask.run(FutureTask.java:266)
	at java.util.concurrent.ScheduledThreadPoolExecutor$ScheduledFutureTask.access$201(ScheduledThreadPoolExecutor.java:180)
	at java.util.concurrent.ScheduledThreadPoolExecutor$ScheduledFutureTask.run(ScheduledThreadPoolExecutor.java:293)
	at java.util.concurrent.ThreadPoolExecutor.runWorker(ThreadPoolExecutor.java:1149)
	at java.util.concurrent.ThreadPoolExecutor$Worker.run(ThreadPoolExecutor.java:624)
	at java.lang.Thread.run(Thread.java:748)
 0.00% |█                                                                                                    |  0/1 Time: 0:06:59 0.00% |█                                                                                                    |  0/1 Time: 0:07:002019-09-16 18:03:35,111 [grpc-default-executor-5] INFO  impl.RaftServerProxy (RaftServerProxy.java:remove(95)) - d2644fda-0f6b-4964-8120-db19826e02a4: remove group-D3A6482546DD:null
2019-09-16 18:03:35,115 [RatisPipelineUtilsThread] WARN  pipeline.RatisPipelineUtils (RatisPipelineUtils.java:destroyPipeline(66)) - Pipeline destroy failed for pipeline=PipelineID=66c40936-c45e-4d82-92fb-d3a6482546dd dn=d2644fda-0f6b-4964-8120-db19826e02a4{ip: 192.168.157.233, host: pr-hdds-2120-x62sn-1884063469, networkLocation: /default-rack, certSerialId: null}
2019-09-16 18:03:35,118 [grpc-default-executor-5] INFO  impl.RaftServerProxy (RaftServerProxy.java:remove(95)) - 7631069e-55aa-48aa-a80c-68f378536a45: remove group-D3A6482546DD:null
2019-09-16 18:03:35,119 [RatisPipelineUtilsThread] WARN  pipeline.RatisPipelineUtils (RatisPipelineUtils.java:destroyPipeline(66)) - Pipeline destroy failed for pipeline=PipelineID=66c40936-c45e-4d82-92fb-d3a6482546dd dn=7631069e-55aa-48aa-a80c-68f378536a45{ip: 192.168.157.233, host: pr-hdds-2120-x62sn-1884063469, networkLocation: /default-rack, certSerialId: null}
2019-09-16 18:03:35,121 [grpc-default-executor-5] INFO  impl.RaftServerProxy (RaftServerProxy.java:remove(95)) - 59cccd2f-755e-4c45-a890-da01592df45f: remove group-D3A6482546DD:null
2019-09-16 18:03:35,123 [RatisPipelineUtilsThread] WARN  pipeline.RatisPipelineUtils (RatisPipelineUtils.java:destroyPipeline(66)) - Pipeline destroy failed for pipeline=PipelineID=66c40936-c45e-4d82-92fb-d3a6482546dd dn=59cccd2f-755e-4c45-a890-da01592df45f{ip: 192.168.157.233, host: pr-hdds-2120-x62sn-1884063469, networkLocation: /default-rack, certSerialId: null}
2019-09-16 18:03:35,123 [RatisPipelineUtilsThread] ERROR pipeline.SCMPipelineManager (Scheduler.java:lambda$schedule$1(70)) - Destroy pipeline failed for pipeline:Pipeline[ Id: 66c40936-c45e-4d82-92fb-d3a6482546dd, Nodes: d2644fda-0f6b-4964-8120-db19826e02a4{ip: 192.168.157.233, host: pr-hdds-2120-x62sn-1884063469, networkLocation: /default-rack, certSerialId: null}7631069e-55aa-48aa-a80c-68f378536a45{ip: 192.168.157.233, host: pr-hdds-2120-x62sn-1884063469, networkLocation: /default-rack, certSerialId: null}59cccd2f-755e-4c45-a890-da01592df45f{ip: 192.168.157.233, host: pr-hdds-2120-x62sn-1884063469, networkLocation: /default-rack, certSerialId: null}, Type:RATIS, Factor:THREE, State:CLOSED]
org.apache.hadoop.hdds.scm.pipeline.PipelineNotFoundException: PipelineID=66c40936-c45e-4d82-92fb-d3a6482546dd not found
	at org.apache.hadoop.hdds.scm.pipeline.PipelineStateMap.getPipeline(PipelineStateMap.java:132)
	at org.apache.hadoop.hdds.scm.pipeline.PipelineStateMap.removePipeline(PipelineStateMap.java:322)
	at org.apache.hadoop.hdds.scm.pipeline.PipelineStateManager.removePipeline(PipelineStateManager.java:107)
	at org.apache.hadoop.hdds.scm.pipeline.SCMPipelineManager.removePipeline(SCMPipelineManager.java:423)
	at org.apache.hadoop.hdds.scm.pipeline.SCMPipelineManager.destroyPipeline(SCMPipelineManager.java:409)
	at org.apache.hadoop.hdds.scm.pipeline.SCMPipelineManager.lambda$finalizeAndDestroyPipeline$0(SCMPipelineManager.java:318)
	at org.apache.hadoop.utils.Scheduler.lambda$schedule$1(Scheduler.java:68)
	at java.util.concurrent.Executors$RunnableAdapter.call(Executors.java:511)
	at java.util.concurrent.FutureTask.run(FutureTask.java:266)
	at java.util.concurrent.ScheduledThreadPoolExecutor$ScheduledFutureTask.access$201(ScheduledThreadPoolExecutor.java:180)
	at java.util.concurrent.ScheduledThreadPoolExecutor$ScheduledFutureTask.run(ScheduledThreadPoolExecutor.java:293)
	at java.util.concurrent.ThreadPoolExecutor.runWorker(ThreadPoolExecutor.java:1149)
	at java.util.concurrent.ThreadPoolExecutor$Worker.run(ThreadPoolExecutor.java:624)
	at java.lang.Thread.run(Thread.java:748)
 0.00% |█                                                                                                    |  0/1 Time: 0:07:01 0.00% |█                                                                                                    |  0/1 Time: 0:07:02 0.00% |█                                                                                                    |  0/1 Time: 0:07:032019-09-16 18:03:37,669 [grpc-default-executor-1] INFO  client.GrpcClientProtocolClient (GrpcClientProtocolClient.java:onNext(264)) - client-C494564659D0->59cccd2f-755e-4c45-a890-da01592df45f: receive RaftClientReply:client-C494564659D0->59cccd2f-755e-4c45-a890-da01592df45f@group-DB08F1BC869A, cid=144, FAILED org.apache.ratis.protocol.NotLeaderException: Server 59cccd2f-755e-4c45-a890-da01592df45f@group-DB08F1BC869A is not the leader d2644fda-0f6b-4964-8120-db19826e02a4:192.168.157.233:37608, logIndex=0, commits[59cccd2f-755e-4c45-a890-da01592df45f:c15, 7631069e-55aa-48aa-a80c-68f378536a45:c15, d2644fda-0f6b-4964-8120-db19826e02a4:c15]
2019-09-16 18:03:38,103 [grpc-default-executor-1] INFO  impl.RaftServerProxy (RaftServerProxy.java:remove(95)) - d2644fda-0f6b-4964-8120-db19826e02a4: remove group-D3A6482546DD:null
2019-09-16 18:03:38,106 [RatisPipelineUtilsThread] WARN  pipeline.RatisPipelineUtils (RatisPipelineUtils.java:destroyPipeline(66)) - Pipeline destroy failed for pipeline=PipelineID=66c40936-c45e-4d82-92fb-d3a6482546dd dn=d2644fda-0f6b-4964-8120-db19826e02a4{ip: 192.168.157.233, host: pr-hdds-2120-x62sn-1884063469, networkLocation: /default-rack, certSerialId: null}
2019-09-16 18:03:38,109 [grpc-default-executor-1] INFO  impl.RaftServerProxy (RaftServerProxy.java:remove(95)) - 7631069e-55aa-48aa-a80c-68f378536a45: remove group-D3A6482546DD:null
2019-09-16 18:03:38,111 [RatisPipelineUtilsThread] WARN  pipeline.RatisPipelineUtils (RatisPipelineUtils.java:destroyPipeline(66)) - Pipeline destroy failed for pipeline=PipelineID=66c40936-c45e-4d82-92fb-d3a6482546dd dn=7631069e-55aa-48aa-a80c-68f378536a45{ip: 192.168.157.233, host: pr-hdds-2120-x62sn-1884063469, networkLocation: /default-rack, certSerialId: null}
2019-09-16 18:03:38,113 [grpc-default-executor-1] INFO  impl.RaftServerProxy (RaftServerProxy.java:remove(95)) - 59cccd2f-755e-4c45-a890-da01592df45f: remove group-D3A6482546DD:null
2019-09-16 18:03:38,115 [RatisPipelineUtilsThread] WARN  pipeline.RatisPipelineUtils (RatisPipelineUtils.java:destroyPipeline(66)) - Pipeline destroy failed for pipeline=PipelineID=66c40936-c45e-4d82-92fb-d3a6482546dd dn=59cccd2f-755e-4c45-a890-da01592df45f{ip: 192.168.157.233, host: pr-hdds-2120-x62sn-1884063469, networkLocation: /default-rack, certSerialId: null}
2019-09-16 18:03:38,116 [RatisPipelineUtilsThread] ERROR pipeline.SCMPipelineManager (Scheduler.java:lambda$schedule$1(70)) - Destroy pipeline failed for pipeline:Pipeline[ Id: 66c40936-c45e-4d82-92fb-d3a6482546dd, Nodes: d2644fda-0f6b-4964-8120-db19826e02a4{ip: 192.168.157.233, host: pr-hdds-2120-x62sn-1884063469, networkLocation: /default-rack, certSerialId: null}7631069e-55aa-48aa-a80c-68f378536a45{ip: 192.168.157.233, host: pr-hdds-2120-x62sn-1884063469, networkLocation: /default-rack, certSerialId: null}59cccd2f-755e-4c45-a890-da01592df45f{ip: 192.168.157.233, host: pr-hdds-2120-x62sn-1884063469, networkLocation: /default-rack, certSerialId: null}, Type:RATIS, Factor:THREE, State:CLOSED]
org.apache.hadoop.hdds.scm.pipeline.PipelineNotFoundException: PipelineID=66c40936-c45e-4d82-92fb-d3a6482546dd not found
	at org.apache.hadoop.hdds.scm.pipeline.PipelineStateMap.getPipeline(PipelineStateMap.java:132)
	at org.apache.hadoop.hdds.scm.pipeline.PipelineStateMap.removePipeline(PipelineStateMap.java:322)
	at org.apache.hadoop.hdds.scm.pipeline.PipelineStateManager.removePipeline(PipelineStateManager.java:107)
	at org.apache.hadoop.hdds.scm.pipeline.SCMPipelineManager.removePipeline(SCMPipelineManager.java:423)
	at org.apache.hadoop.hdds.scm.pipeline.SCMPipelineManager.destroyPipeline(SCMPipelineManager.java:409)
	at org.apache.hadoop.hdds.scm.pipeline.SCMPipelineManager.lambda$finalizeAndDestroyPipeline$0(SCMPipelineManager.java:318)
	at org.apache.hadoop.utils.Scheduler.lambda$schedule$1(Scheduler.java:68)
	at java.util.concurrent.Executors$RunnableAdapter.call(Executors.java:511)
	at java.util.concurrent.FutureTask.run(FutureTask.java:266)
	at java.util.concurrent.ScheduledThreadPoolExecutor$ScheduledFutureTask.access$201(ScheduledThreadPoolExecutor.java:180)
	at java.util.concurrent.ScheduledThreadPoolExecutor$ScheduledFutureTask.run(ScheduledThreadPoolExecutor.java:293)
	at java.util.concurrent.ThreadPoolExecutor.runWorker(ThreadPoolExecutor.java:1149)
	at java.util.concurrent.ThreadPoolExecutor$Worker.run(ThreadPoolExecutor.java:624)
	at java.lang.Thread.run(Thread.java:748)
 0.00% |█                                                                                                    |  0/1 Time: 0:07:04 0.00% |█                                                                                                    |  0/1 Time: 0:07:052019-09-16 18:03:40,104 [grpc-default-executor-1] INFO  impl.RaftServerProxy (RaftServerProxy.java:remove(95)) - d2644fda-0f6b-4964-8120-db19826e02a4: remove group-D3A6482546DD:null
2019-09-16 18:03:40,107 [RatisPipelineUtilsThread] WARN  pipeline.RatisPipelineUtils (RatisPipelineUtils.java:destroyPipeline(66)) - Pipeline destroy failed for pipeline=PipelineID=66c40936-c45e-4d82-92fb-d3a6482546dd dn=d2644fda-0f6b-4964-8120-db19826e02a4{ip: 192.168.157.233, host: pr-hdds-2120-x62sn-1884063469, networkLocation: /default-rack, certSerialId: null}
2019-09-16 18:03:40,110 [grpc-default-executor-1] INFO  impl.RaftServerProxy (RaftServerProxy.java:remove(95)) - 7631069e-55aa-48aa-a80c-68f378536a45: remove group-D3A6482546DD:null
2019-09-16 18:03:40,112 [RatisPipelineUtilsThread] WARN  pipeline.RatisPipelineUtils (RatisPipelineUtils.java:destroyPipeline(66)) - Pipeline destroy failed for pipeline=PipelineID=66c40936-c45e-4d82-92fb-d3a6482546dd dn=7631069e-55aa-48aa-a80c-68f378536a45{ip: 192.168.157.233, host: pr-hdds-2120-x62sn-1884063469, networkLocation: /default-rack, certSerialId: null}
2019-09-16 18:03:40,114 [grpc-default-executor-5] INFO  impl.RaftServerProxy (RaftServerProxy.java:remove(95)) - 59cccd2f-755e-4c45-a890-da01592df45f: remove group-D3A6482546DD:null
2019-09-16 18:03:40,116 [RatisPipelineUtilsThread] WARN  pipeline.RatisPipelineUtils (RatisPipelineUtils.java:destroyPipeline(66)) - Pipeline destroy failed for pipeline=PipelineID=66c40936-c45e-4d82-92fb-d3a6482546dd dn=59cccd2f-755e-4c45-a890-da01592df45f{ip: 192.168.157.233, host: pr-hdds-2120-x62sn-1884063469, networkLocation: /default-rack, certSerialId: null}
2019-09-16 18:03:40,117 [RatisPipelineUtilsThread] ERROR pipeline.SCMPipelineManager (Scheduler.java:lambda$schedule$1(70)) - Destroy pipeline failed for pipeline:Pipeline[ Id: 66c40936-c45e-4d82-92fb-d3a6482546dd, Nodes: d2644fda-0f6b-4964-8120-db19826e02a4{ip: 192.168.157.233, host: pr-hdds-2120-x62sn-1884063469, networkLocation: /default-rack, certSerialId: null}7631069e-55aa-48aa-a80c-68f378536a45{ip: 192.168.157.233, host: pr-hdds-2120-x62sn-1884063469, networkLocation: /default-rack, certSerialId: null}59cccd2f-755e-4c45-a890-da01592df45f{ip: 192.168.157.233, host: pr-hdds-2120-x62sn-1884063469, networkLocation: /default-rack, certSerialId: null}, Type:RATIS, Factor:THREE, State:CLOSED]
org.apache.hadoop.hdds.scm.pipeline.PipelineNotFoundException: PipelineID=66c40936-c45e-4d82-92fb-d3a6482546dd not found
	at org.apache.hadoop.hdds.scm.pipeline.PipelineStateMap.getPipeline(PipelineStateMap.java:132)
	at org.apache.hadoop.hdds.scm.pipeline.PipelineStateMap.removePipeline(PipelineStateMap.java:322)
	at org.apache.hadoop.hdds.scm.pipeline.PipelineStateManager.removePipeline(PipelineStateManager.java:107)
	at org.apache.hadoop.hdds.scm.pipeline.SCMPipelineManager.removePipeline(SCMPipelineManager.java:423)
	at org.apache.hadoop.hdds.scm.pipeline.SCMPipelineManager.destroyPipeline(SCMPipelineManager.java:409)
	at org.apache.hadoop.hdds.scm.pipeline.SCMPipelineManager.lambda$finalizeAndDestroyPipeline$0(SCMPipelineManager.java:318)
	at org.apache.hadoop.utils.Scheduler.lambda$schedule$1(Scheduler.java:68)
	at java.util.concurrent.Executors$RunnableAdapter.call(Executors.java:511)
	at java.util.concurrent.FutureTask.run(FutureTask.java:266)
	at java.util.concurrent.ScheduledThreadPoolExecutor$ScheduledFutureTask.access$201(ScheduledThreadPoolExecutor.java:180)
	at java.util.concurrent.ScheduledThreadPoolExecutor$ScheduledFutureTask.run(ScheduledThreadPoolExecutor.java:293)
	at java.util.concurrent.ThreadPoolExecutor.runWorker(ThreadPoolExecutor.java:1149)
	at java.util.concurrent.ThreadPoolExecutor$Worker.run(ThreadPoolExecutor.java:624)
	at java.lang.Thread.run(Thread.java:748)
 0.00% |█                                                                                                    |  0/1 Time: 0:07:06 0.00% |█                                                                                                    |  0/1 Time: 0:07:072019-09-16 18:03:42,377 [d2644fda-0f6b-4964-8120-db19826e02a4@group-DB08F1BC869A-SegmentedRaftLogWorker] WARN  segmented.SegmentedRaftLogWorker (SegmentedRaftLogWorker.java:getFromFuture(90)) - Timeout 3/~
org.apache.ratis.protocol.TimeoutIOException: Timeout 10s: WriteLog:16: (t:1, i:16), STATEMACHINELOGENTRY, client-C494564659D0, cid=144-writeStateMachineData
	at org.apache.ratis.util.IOUtils.getFromFuture(IOUtils.java:87)
	at org.apache.ratis.server.raftlog.segmented.SegmentedRaftLogWorker$StateMachineDataPolicy.getFromFuture(SegmentedRaftLogWorker.java:87)
	at org.apache.ratis.server.raftlog.segmented.SegmentedRaftLogWorker$WriteLog.execute(SegmentedRaftLogWorker.java:477)
	at org.apache.ratis.server.raftlog.segmented.SegmentedRaftLogWorker.run(SegmentedRaftLogWorker.java:289)
	at java.lang.Thread.run(Thread.java:748)
Caused by: java.util.concurrent.TimeoutException
	at java.util.concurrent.CompletableFuture.timedGet(CompletableFuture.java:1771)
	at java.util.concurrent.CompletableFuture.get(CompletableFuture.java:1915)
	at org.apache.ratis.util.IOUtils.getFromFuture(IOUtils.java:79)
	... 4 more
 0.00% |█                                                                                                    |  0/1 Time: 0:07:082019-09-16 18:03:42,712 [grpc-default-executor-1] INFO  client.GrpcClientProtocolClient (GrpcClientProtocolClient.java:onNext(264)) - client-C494564659D0->7631069e-55aa-48aa-a80c-68f378536a45: receive RaftClientReply:client-C494564659D0->7631069e-55aa-48aa-a80c-68f378536a45@group-DB08F1BC869A, cid=144, FAILED org.apache.ratis.protocol.NotLeaderException: Server 7631069e-55aa-48aa-a80c-68f378536a45@group-DB08F1BC869A is not the leader d2644fda-0f6b-4964-8120-db19826e02a4:192.168.157.233:37608, logIndex=0, commits[7631069e-55aa-48aa-a80c-68f378536a45:c15, 59cccd2f-755e-4c45-a890-da01592df45f:c15, d2644fda-0f6b-4964-8120-db19826e02a4:c15]
2019-09-16 18:03:43,109 [grpc-default-executor-1] INFO  impl.RaftServerProxy (RaftServerProxy.java:remove(95)) - d2644fda-0f6b-4964-8120-db19826e02a4: remove group-D3A6482546DD:null
2019-09-16 18:03:43,113 [RatisPipelineUtilsThread] WARN  pipeline.RatisPipelineUtils (RatisPipelineUtils.java:destroyPipeline(66)) - Pipeline destroy failed for pipeline=PipelineID=66c40936-c45e-4d82-92fb-d3a6482546dd dn=d2644fda-0f6b-4964-8120-db19826e02a4{ip: 192.168.157.233, host: pr-hdds-2120-x62sn-1884063469, networkLocation: /default-rack, certSerialId: null}
2019-09-16 18:03:43,116 [grpc-default-executor-1] INFO  impl.RaftServerProxy (RaftServerProxy.java:remove(95)) - 7631069e-55aa-48aa-a80c-68f378536a45: remove group-D3A6482546DD:null
2019-09-16 18:03:43,118 [RatisPipelineUtilsThread] WARN  pipeline.RatisPipelineUtils (RatisPipelineUtils.java:destroyPipeline(66)) - Pipeline destroy failed for pipeline=PipelineID=66c40936-c45e-4d82-92fb-d3a6482546dd dn=7631069e-55aa-48aa-a80c-68f378536a45{ip: 192.168.157.233, host: pr-hdds-2120-x62sn-1884063469, networkLocation: /default-rack, certSerialId: null}
2019-09-16 18:03:43,121 [grpc-default-executor-1] INFO  impl.RaftServerProxy (RaftServerProxy.java:remove(95)) - 59cccd2f-755e-4c45-a890-da01592df45f: remove group-D3A6482546DD:null
2019-09-16 18:03:43,123 [RatisPipelineUtilsThread] WARN  pipeline.RatisPipelineUtils (RatisPipelineUtils.java:destroyPipeline(66)) - Pipeline destroy failed for pipeline=PipelineID=66c40936-c45e-4d82-92fb-d3a6482546dd dn=59cccd2f-755e-4c45-a890-da01592df45f{ip: 192.168.157.233, host: pr-hdds-2120-x62sn-1884063469, networkLocation: /default-rack, certSerialId: null}
2019-09-16 18:03:43,123 [RatisPipelineUtilsThread] ERROR pipeline.SCMPipelineManager (Scheduler.java:lambda$schedule$1(70)) - Destroy pipeline failed for pipeline:Pipeline[ Id: 66c40936-c45e-4d82-92fb-d3a6482546dd, Nodes: d2644fda-0f6b-4964-8120-db19826e02a4{ip: 192.168.157.233, host: pr-hdds-2120-x62sn-1884063469, networkLocation: /default-rack, certSerialId: null}7631069e-55aa-48aa-a80c-68f378536a45{ip: 192.168.157.233, host: pr-hdds-2120-x62sn-1884063469, networkLocation: /default-rack, certSerialId: null}59cccd2f-755e-4c45-a890-da01592df45f{ip: 192.168.157.233, host: pr-hdds-2120-x62sn-1884063469, networkLocation: /default-rack, certSerialId: null}, Type:RATIS, Factor:THREE, State:CLOSED]
org.apache.hadoop.hdds.scm.pipeline.PipelineNotFoundException: PipelineID=66c40936-c45e-4d82-92fb-d3a6482546dd not found
	at org.apache.hadoop.hdds.scm.pipeline.PipelineStateMap.getPipeline(PipelineStateMap.java:132)
	at org.apache.hadoop.hdds.scm.pipeline.PipelineStateMap.removePipeline(PipelineStateMap.java:322)
	at org.apache.hadoop.hdds.scm.pipeline.PipelineStateManager.removePipeline(PipelineStateManager.java:107)
	at org.apache.hadoop.hdds.scm.pipeline.SCMPipelineManager.removePipeline(SCMPipelineManager.java:423)
	at org.apache.hadoop.hdds.scm.pipeline.SCMPipelineManager.destroyPipeline(SCMPipelineManager.java:409)
	at org.apache.hadoop.hdds.scm.pipeline.SCMPipelineManager.lambda$finalizeAndDestroyPipeline$0(SCMPipelineManager.java:318)
	at org.apache.hadoop.utils.Scheduler.lambda$schedule$1(Scheduler.java:68)
	at java.util.concurrent.Executors$RunnableAdapter.call(Executors.java:511)
	at java.util.concurrent.FutureTask.run(FutureTask.java:266)
	at java.util.concurrent.ScheduledThreadPoolExecutor$ScheduledFutureTask.access$201(ScheduledThreadPoolExecutor.java:180)
	at java.util.concurrent.ScheduledThreadPoolExecutor$ScheduledFutureTask.run(ScheduledThreadPoolExecutor.java:293)
	at java.util.concurrent.ThreadPoolExecutor.runWorker(ThreadPoolExecutor.java:1149)
	at java.util.concurrent.ThreadPoolExecutor$Worker.run(ThreadPoolExecutor.java:624)
	at java.lang.Thread.run(Thread.java:748)
 0.00% |█                                                                                                    |  0/1 Time: 0:07:09 0.00% |█                                                                                                    |  0/1 Time: 0:07:102019-09-16 18:03:45,107 [grpc-default-executor-1] INFO  impl.RaftServerProxy (RaftServerProxy.java:remove(95)) - d2644fda-0f6b-4964-8120-db19826e02a4: remove group-D3A6482546DD:null
2019-09-16 18:03:45,110 [RatisPipelineUtilsThread] WARN  pipeline.RatisPipelineUtils (RatisPipelineUtils.java:destroyPipeline(66)) - Pipeline destroy failed for pipeline=PipelineID=66c40936-c45e-4d82-92fb-d3a6482546dd dn=d2644fda-0f6b-4964-8120-db19826e02a4{ip: 192.168.157.233, host: pr-hdds-2120-x62sn-1884063469, networkLocation: /default-rack, certSerialId: null}
2019-09-16 18:03:45,113 [grpc-default-executor-1] INFO  impl.RaftServerProxy (RaftServerProxy.java:remove(95)) - 7631069e-55aa-48aa-a80c-68f378536a45: remove group-D3A6482546DD:null
2019-09-16 18:03:45,114 [RatisPipelineUtilsThread] WARN  pipeline.RatisPipelineUtils (RatisPipelineUtils.java:destroyPipeline(66)) - Pipeline destroy failed for pipeline=PipelineID=66c40936-c45e-4d82-92fb-d3a6482546dd dn=7631069e-55aa-48aa-a80c-68f378536a45{ip: 192.168.157.233, host: pr-hdds-2120-x62sn-1884063469, networkLocation: /default-rack, certSerialId: null}
2019-09-16 18:03:45,116 [grpc-default-executor-1] INFO  impl.RaftServerProxy (RaftServerProxy.java:remove(95)) - 59cccd2f-755e-4c45-a890-da01592df45f: remove group-D3A6482546DD:null
2019-09-16 18:03:45,118 [RatisPipelineUtilsThread] WARN  pipeline.RatisPipelineUtils (RatisPipelineUtils.java:destroyPipeline(66)) - Pipeline destroy failed for pipeline=PipelineID=66c40936-c45e-4d82-92fb-d3a6482546dd dn=59cccd2f-755e-4c45-a890-da01592df45f{ip: 192.168.157.233, host: pr-hdds-2120-x62sn-1884063469, networkLocation: /default-rack, certSerialId: null}
2019-09-16 18:03:45,119 [RatisPipelineUtilsThread] ERROR pipeline.SCMPipelineManager (Scheduler.java:lambda$schedule$1(70)) - Destroy pipeline failed for pipeline:Pipeline[ Id: 66c40936-c45e-4d82-92fb-d3a6482546dd, Nodes: d2644fda-0f6b-4964-8120-db19826e02a4{ip: 192.168.157.233, host: pr-hdds-2120-x62sn-1884063469, networkLocation: /default-rack, certSerialId: null}7631069e-55aa-48aa-a80c-68f378536a45{ip: 192.168.157.233, host: pr-hdds-2120-x62sn-1884063469, networkLocation: /default-rack, certSerialId: null}59cccd2f-755e-4c45-a890-da01592df45f{ip: 192.168.157.233, host: pr-hdds-2120-x62sn-1884063469, networkLocation: /default-rack, certSerialId: null}, Type:RATIS, Factor:THREE, State:CLOSED]
org.apache.hadoop.hdds.scm.pipeline.PipelineNotFoundException: PipelineID=66c40936-c45e-4d82-92fb-d3a6482546dd not found
	at org.apache.hadoop.hdds.scm.pipeline.PipelineStateMap.getPipeline(PipelineStateMap.java:132)
	at org.apache.hadoop.hdds.scm.pipeline.PipelineStateMap.removePipeline(PipelineStateMap.java:322)
	at org.apache.hadoop.hdds.scm.pipeline.PipelineStateManager.removePipeline(PipelineStateManager.java:107)
	at org.apache.hadoop.hdds.scm.pipeline.SCMPipelineManager.removePipeline(SCMPipelineManager.java:423)
	at org.apache.hadoop.hdds.scm.pipeline.SCMPipelineManager.destroyPipeline(SCMPipelineManager.java:409)
	at org.apache.hadoop.hdds.scm.pipeline.SCMPipelineManager.lambda$finalizeAndDestroyPipeline$0(SCMPipelineManager.java:318)
	at org.apache.hadoop.utils.Scheduler.lambda$schedule$1(Scheduler.java:68)
	at java.util.concurrent.Executors$RunnableAdapter.call(Executors.java:511)
	at java.util.concurrent.FutureTask.run(FutureTask.java:266)
	at java.util.concurrent.ScheduledThreadPoolExecutor$ScheduledFutureTask.access$201(ScheduledThreadPoolExecutor.java:180)
	at java.util.concurrent.ScheduledThreadPoolExecutor$ScheduledFutureTask.run(ScheduledThreadPoolExecutor.java:293)
	at java.util.concurrent.ThreadPoolExecutor.runWorker(ThreadPoolExecutor.java:1149)
	at java.util.concurrent.ThreadPoolExecutor$Worker.run(ThreadPoolExecutor.java:624)
	at java.lang.Thread.run(Thread.java:748)
 0.00% |█                                                                                                    |  0/1 Time: 0:07:11 0.00% |█                                                                                                    |  0/1 Time: 0:07:12 0.00% |█                                                                                                    |  0/1 Time: 0:07:132019-09-16 18:03:47,747 [grpc-default-executor-5] INFO  client.GrpcClientProtocolClient (GrpcClientProtocolClient.java:onNext(264)) - client-C494564659D0->7631069e-55aa-48aa-a80c-68f378536a45: receive RaftClientReply:client-C494564659D0->7631069e-55aa-48aa-a80c-68f378536a45@group-DB08F1BC869A, cid=144, FAILED org.apache.ratis.protocol.NotLeaderException: Server 7631069e-55aa-48aa-a80c-68f378536a45@group-DB08F1BC869A is not the leader d2644fda-0f6b-4964-8120-db19826e02a4:192.168.157.233:37608, logIndex=0, commits[7631069e-55aa-48aa-a80c-68f378536a45:c15, 59cccd2f-755e-4c45-a890-da01592df45f:c15, d2644fda-0f6b-4964-8120-db19826e02a4:c15]
2019-09-16 18:03:48,104 [grpc-default-executor-1] INFO  impl.RaftServerProxy (RaftServerProxy.java:remove(95)) - d2644fda-0f6b-4964-8120-db19826e02a4: remove group-D3A6482546DD:null
2019-09-16 18:03:48,106 [RatisPipelineUtilsThread] WARN  pipeline.RatisPipelineUtils (RatisPipelineUtils.java:destroyPipeline(66)) - Pipeline destroy failed for pipeline=PipelineID=66c40936-c45e-4d82-92fb-d3a6482546dd dn=d2644fda-0f6b-4964-8120-db19826e02a4{ip: 192.168.157.233, host: pr-hdds-2120-x62sn-1884063469, networkLocation: /default-rack, certSerialId: null}
2019-09-16 18:03:48,109 [grpc-default-executor-1] INFO  impl.RaftServerProxy (RaftServerProxy.java:remove(95)) - 7631069e-55aa-48aa-a80c-68f378536a45: remove group-D3A6482546DD:null
2019-09-16 18:03:48,111 [RatisPipelineUtilsThread] WARN  pipeline.RatisPipelineUtils (RatisPipelineUtils.java:destroyPipeline(66)) - Pipeline destroy failed for pipeline=PipelineID=66c40936-c45e-4d82-92fb-d3a6482546dd dn=7631069e-55aa-48aa-a80c-68f378536a45{ip: 192.168.157.233, host: pr-hdds-2120-x62sn-1884063469, networkLocation: /default-rack, certSerialId: null}
2019-09-16 18:03:48,114 [grpc-default-executor-1] INFO  impl.RaftServerProxy (RaftServerProxy.java:remove(95)) - 59cccd2f-755e-4c45-a890-da01592df45f: remove group-D3A6482546DD:null
2019-09-16 18:03:48,116 [RatisPipelineUtilsThread] WARN  pipeline.RatisPipelineUtils (RatisPipelineUtils.java:destroyPipeline(66)) - Pipeline destroy failed for pipeline=PipelineID=66c40936-c45e-4d82-92fb-d3a6482546dd dn=59cccd2f-755e-4c45-a890-da01592df45f{ip: 192.168.157.233, host: pr-hdds-2120-x62sn-1884063469, networkLocation: /default-rack, certSerialId: null}
2019-09-16 18:03:48,116 [RatisPipelineUtilsThread] ERROR pipeline.SCMPipelineManager (Scheduler.java:lambda$schedule$1(70)) - Destroy pipeline failed for pipeline:Pipeline[ Id: 66c40936-c45e-4d82-92fb-d3a6482546dd, Nodes: d2644fda-0f6b-4964-8120-db19826e02a4{ip: 192.168.157.233, host: pr-hdds-2120-x62sn-1884063469, networkLocation: /default-rack, certSerialId: null}7631069e-55aa-48aa-a80c-68f378536a45{ip: 192.168.157.233, host: pr-hdds-2120-x62sn-1884063469, networkLocation: /default-rack, certSerialId: null}59cccd2f-755e-4c45-a890-da01592df45f{ip: 192.168.157.233, host: pr-hdds-2120-x62sn-1884063469, networkLocation: /default-rack, certSerialId: null}, Type:RATIS, Factor:THREE, State:CLOSED]
org.apache.hadoop.hdds.scm.pipeline.PipelineNotFoundException: PipelineID=66c40936-c45e-4d82-92fb-d3a6482546dd not found
	at org.apache.hadoop.hdds.scm.pipeline.PipelineStateMap.getPipeline(PipelineStateMap.java:132)
	at org.apache.hadoop.hdds.scm.pipeline.PipelineStateMap.removePipeline(PipelineStateMap.java:322)
	at org.apache.hadoop.hdds.scm.pipeline.PipelineStateManager.removePipeline(PipelineStateManager.java:107)
	at org.apache.hadoop.hdds.scm.pipeline.SCMPipelineManager.removePipeline(SCMPipelineManager.java:423)
	at org.apache.hadoop.hdds.scm.pipeline.SCMPipelineManager.destroyPipeline(SCMPipelineManager.java:409)
	at org.apache.hadoop.hdds.scm.pipeline.SCMPipelineManager.lambda$finalizeAndDestroyPipeline$0(SCMPipelineManager.java:318)
	at org.apache.hadoop.utils.Scheduler.lambda$schedule$1(Scheduler.java:68)
	at java.util.concurrent.Executors$RunnableAdapter.call(Executors.java:511)
	at java.util.concurrent.FutureTask.run(FutureTask.java:266)
	at java.util.concurrent.ScheduledThreadPoolExecutor$ScheduledFutureTask.access$201(ScheduledThreadPoolExecutor.java:180)
	at java.util.concurrent.ScheduledThreadPoolExecutor$ScheduledFutureTask.run(ScheduledThreadPoolExecutor.java:293)
	at java.util.concurrent.ThreadPoolExecutor.runWorker(ThreadPoolExecutor.java:1149)
	at java.util.concurrent.ThreadPoolExecutor$Worker.run(ThreadPoolExecutor.java:624)
	at java.lang.Thread.run(Thread.java:748)
 0.00% |█                                                                                                    |  0/1 Time: 0:07:14 0.00% |█                                                                                                    |  0/1 Time: 0:07:152019-09-16 18:03:50,105 [grpc-default-executor-1] INFO  impl.RaftServerProxy (RaftServerProxy.java:remove(95)) - d2644fda-0f6b-4964-8120-db19826e02a4: remove group-D3A6482546DD:null
2019-09-16 18:03:50,107 [RatisPipelineUtilsThread] WARN  pipeline.RatisPipelineUtils (RatisPipelineUtils.java:destroyPipeline(66)) - Pipeline destroy failed for pipeline=PipelineID=66c40936-c45e-4d82-92fb-d3a6482546dd dn=d2644fda-0f6b-4964-8120-db19826e02a4{ip: 192.168.157.233, host: pr-hdds-2120-x62sn-1884063469, networkLocation: /default-rack, certSerialId: null}
2019-09-16 18:03:50,110 [grpc-default-executor-1] INFO  impl.RaftServerProxy (RaftServerProxy.java:remove(95)) - 7631069e-55aa-48aa-a80c-68f378536a45: remove group-D3A6482546DD:null
2019-09-16 18:03:50,112 [RatisPipelineUtilsThread] WARN  pipeline.RatisPipelineUtils (RatisPipelineUtils.java:destroyPipeline(66)) - Pipeline destroy failed for pipeline=PipelineID=66c40936-c45e-4d82-92fb-d3a6482546dd dn=7631069e-55aa-48aa-a80c-68f378536a45{ip: 192.168.157.233, host: pr-hdds-2120-x62sn-1884063469, networkLocation: /default-rack, certSerialId: null}
2019-09-16 18:03:50,115 [grpc-default-executor-1] INFO  impl.RaftServerProxy (RaftServerProxy.java:remove(95)) - 59cccd2f-755e-4c45-a890-da01592df45f: remove group-D3A6482546DD:null
2019-09-16 18:03:50,117 [RatisPipelineUtilsThread] WARN  pipeline.RatisPipelineUtils (RatisPipelineUtils.java:destroyPipeline(66)) - Pipeline destroy failed for pipeline=PipelineID=66c40936-c45e-4d82-92fb-d3a6482546dd dn=59cccd2f-755e-4c45-a890-da01592df45f{ip: 192.168.157.233, host: pr-hdds-2120-x62sn-1884063469, networkLocation: /default-rack, certSerialId: null}
2019-09-16 18:03:50,117 [RatisPipelineUtilsThread] ERROR pipeline.SCMPipelineManager (Scheduler.java:lambda$schedule$1(70)) - Destroy pipeline failed for pipeline:Pipeline[ Id: 66c40936-c45e-4d82-92fb-d3a6482546dd, Nodes: d2644fda-0f6b-4964-8120-db19826e02a4{ip: 192.168.157.233, host: pr-hdds-2120-x62sn-1884063469, networkLocation: /default-rack, certSerialId: null}7631069e-55aa-48aa-a80c-68f378536a45{ip: 192.168.157.233, host: pr-hdds-2120-x62sn-1884063469, networkLocation: /default-rack, certSerialId: null}59cccd2f-755e-4c45-a890-da01592df45f{ip: 192.168.157.233, host: pr-hdds-2120-x62sn-1884063469, networkLocation: /default-rack, certSerialId: null}, Type:RATIS, Factor:THREE, State:CLOSED]
org.apache.hadoop.hdds.scm.pipeline.PipelineNotFoundException: PipelineID=66c40936-c45e-4d82-92fb-d3a6482546dd not found
	at org.apache.hadoop.hdds.scm.pipeline.PipelineStateMap.getPipeline(PipelineStateMap.java:132)
	at org.apache.hadoop.hdds.scm.pipeline.PipelineStateMap.removePipeline(PipelineStateMap.java:322)
	at org.apache.hadoop.hdds.scm.pipeline.PipelineStateManager.removePipeline(PipelineStateManager.java:107)
	at org.apache.hadoop.hdds.scm.pipeline.SCMPipelineManager.removePipeline(SCMPipelineManager.java:423)
	at org.apache.hadoop.hdds.scm.pipeline.SCMPipelineManager.destroyPipeline(SCMPipelineManager.java:409)
	at org.apache.hadoop.hdds.scm.pipeline.SCMPipelineManager.lambda$finalizeAndDestroyPipeline$0(SCMPipelineManager.java:318)
	at org.apache.hadoop.utils.Scheduler.lambda$schedule$1(Scheduler.java:68)
	at java.util.concurrent.Executors$RunnableAdapter.call(Executors.java:511)
	at java.util.concurrent.FutureTask.run(FutureTask.java:266)
	at java.util.concurrent.ScheduledThreadPoolExecutor$ScheduledFutureTask.access$201(ScheduledThreadPoolExecutor.java:180)
	at java.util.concurrent.ScheduledThreadPoolExecutor$ScheduledFutureTask.run(ScheduledThreadPoolExecutor.java:293)
	at java.util.concurrent.ThreadPoolExecutor.runWorker(ThreadPoolExecutor.java:1149)
	at java.util.concurrent.ThreadPoolExecutor$Worker.run(ThreadPoolExecutor.java:624)
	at java.lang.Thread.run(Thread.java:748)
 0.00% |█                                                                                                    |  0/1 Time: 0:07:16 0.00% |█                                                                                                    |  0/1 Time: 0:07:172019-09-16 18:03:52,378 [d2644fda-0f6b-4964-8120-db19826e02a4@group-DB08F1BC869A-SegmentedRaftLogWorker] WARN  segmented.SegmentedRaftLogWorker (SegmentedRaftLogWorker.java:getFromFuture(90)) - Timeout 4/~
org.apache.ratis.protocol.TimeoutIOException: Timeout 10s: WriteLog:16: (t:1, i:16), STATEMACHINELOGENTRY, client-C494564659D0, cid=144-writeStateMachineData
	at org.apache.ratis.util.IOUtils.getFromFuture(IOUtils.java:87)
	at org.apache.ratis.server.raftlog.segmented.SegmentedRaftLogWorker$StateMachineDataPolicy.getFromFuture(SegmentedRaftLogWorker.java:87)
	at org.apache.ratis.server.raftlog.segmented.SegmentedRaftLogWorker$WriteLog.execute(SegmentedRaftLogWorker.java:477)
	at org.apache.ratis.server.raftlog.segmented.SegmentedRaftLogWorker.run(SegmentedRaftLogWorker.java:289)
	at java.lang.Thread.run(Thread.java:748)
Caused by: java.util.concurrent.TimeoutException
	at java.util.concurrent.CompletableFuture.timedGet(CompletableFuture.java:1771)
	at java.util.concurrent.CompletableFuture.get(CompletableFuture.java:1915)
	at org.apache.ratis.util.IOUtils.getFromFuture(IOUtils.java:79)
	... 4 more
 0.00% |█                                                                                                    |  0/1 Time: 0:07:182019-09-16 18:03:52,776 [grpc-default-executor-2] INFO  client.GrpcClientProtocolClient (GrpcClientProtocolClient.java:onNext(264)) - client-C494564659D0->7631069e-55aa-48aa-a80c-68f378536a45: receive RaftClientReply:client-C494564659D0->7631069e-55aa-48aa-a80c-68f378536a45@group-DB08F1BC869A, cid=144, FAILED org.apache.ratis.protocol.NotLeaderException: Server 7631069e-55aa-48aa-a80c-68f378536a45@group-DB08F1BC869A is not the leader d2644fda-0f6b-4964-8120-db19826e02a4:192.168.157.233:37608, logIndex=0, commits[7631069e-55aa-48aa-a80c-68f378536a45:c15, 59cccd2f-755e-4c45-a890-da01592df45f:c15, d2644fda-0f6b-4964-8120-db19826e02a4:c15]
2019-09-16 18:03:53,105 [grpc-default-executor-2] INFO  impl.RaftServerProxy (RaftServerProxy.java:remove(95)) - d2644fda-0f6b-4964-8120-db19826e02a4: remove group-D3A6482546DD:null
2019-09-16 18:03:53,107 [RatisPipelineUtilsThread] WARN  pipeline.RatisPipelineUtils (RatisPipelineUtils.java:destroyPipeline(66)) - Pipeline destroy failed for pipeline=PipelineID=66c40936-c45e-4d82-92fb-d3a6482546dd dn=d2644fda-0f6b-4964-8120-db19826e02a4{ip: 192.168.157.233, host: pr-hdds-2120-x62sn-1884063469, networkLocation: /default-rack, certSerialId: null}
2019-09-16 18:03:53,110 [grpc-default-executor-2] INFO  impl.RaftServerProxy (RaftServerProxy.java:remove(95)) - 7631069e-55aa-48aa-a80c-68f378536a45: remove group-D3A6482546DD:null
2019-09-16 18:03:53,112 [RatisPipelineUtilsThread] WARN  pipeline.RatisPipelineUtils (RatisPipelineUtils.java:destroyPipeline(66)) - Pipeline destroy failed for pipeline=PipelineID=66c40936-c45e-4d82-92fb-d3a6482546dd dn=7631069e-55aa-48aa-a80c-68f378536a45{ip: 192.168.157.233, host: pr-hdds-2120-x62sn-1884063469, networkLocation: /default-rack, certSerialId: null}
2019-09-16 18:03:53,114 [grpc-default-executor-2] INFO  impl.RaftServerProxy (RaftServerProxy.java:remove(95)) - 59cccd2f-755e-4c45-a890-da01592df45f: remove group-D3A6482546DD:null
2019-09-16 18:03:53,116 [RatisPipelineUtilsThread] WARN  pipeline.RatisPipelineUtils (RatisPipelineUtils.java:destroyPipeline(66)) - Pipeline destroy failed for pipeline=PipelineID=66c40936-c45e-4d82-92fb-d3a6482546dd dn=59cccd2f-755e-4c45-a890-da01592df45f{ip: 192.168.157.233, host: pr-hdds-2120-x62sn-1884063469, networkLocation: /default-rack, certSerialId: null}
2019-09-16 18:03:53,116 [RatisPipelineUtilsThread] ERROR pipeline.SCMPipelineManager (Scheduler.java:lambda$schedule$1(70)) - Destroy pipeline failed for pipeline:Pipeline[ Id: 66c40936-c45e-4d82-92fb-d3a6482546dd, Nodes: d2644fda-0f6b-4964-8120-db19826e02a4{ip: 192.168.157.233, host: pr-hdds-2120-x62sn-1884063469, networkLocation: /default-rack, certSerialId: null}7631069e-55aa-48aa-a80c-68f378536a45{ip: 192.168.157.233, host: pr-hdds-2120-x62sn-1884063469, networkLocation: /default-rack, certSerialId: null}59cccd2f-755e-4c45-a890-da01592df45f{ip: 192.168.157.233, host: pr-hdds-2120-x62sn-1884063469, networkLocation: /default-rack, certSerialId: null}, Type:RATIS, Factor:THREE, State:CLOSED]
org.apache.hadoop.hdds.scm.pipeline.PipelineNotFoundException: PipelineID=66c40936-c45e-4d82-92fb-d3a6482546dd not found
	at org.apache.hadoop.hdds.scm.pipeline.PipelineStateMap.getPipeline(PipelineStateMap.java:132)
	at org.apache.hadoop.hdds.scm.pipeline.PipelineStateMap.removePipeline(PipelineStateMap.java:322)
	at org.apache.hadoop.hdds.scm.pipeline.PipelineStateManager.removePipeline(PipelineStateManager.java:107)
	at org.apache.hadoop.hdds.scm.pipeline.SCMPipelineManager.removePipeline(SCMPipelineManager.java:423)
	at org.apache.hadoop.hdds.scm.pipeline.SCMPipelineManager.destroyPipeline(SCMPipelineManager.java:409)
	at org.apache.hadoop.hdds.scm.pipeline.SCMPipelineManager.lambda$finalizeAndDestroyPipeline$0(SCMPipelineManager.java:318)
	at org.apache.hadoop.utils.Scheduler.lambda$schedule$1(Scheduler.java:68)
	at java.util.concurrent.Executors$RunnableAdapter.call(Executors.java:511)
	at java.util.concurrent.FutureTask.run(FutureTask.java:266)
	at java.util.concurrent.ScheduledThreadPoolExecutor$ScheduledFutureTask.access$201(ScheduledThreadPoolExecutor.java:180)
	at java.util.concurrent.ScheduledThreadPoolExecutor$ScheduledFutureTask.run(ScheduledThreadPoolExecutor.java:293)
	at java.util.concurrent.ThreadPoolExecutor.runWorker(ThreadPoolExecutor.java:1149)
	at java.util.concurrent.ThreadPoolExecutor$Worker.run(ThreadPoolExecutor.java:624)
	at java.lang.Thread.run(Thread.java:748)
 0.00% |█                                                                                                    |  0/1 Time: 0:07:19 0.00% |█                                                                                                    |  0/1 Time: 0:07:202019-09-16 18:03:55,109 [grpc-default-executor-2] INFO  impl.RaftServerProxy (RaftServerProxy.java:remove(95)) - d2644fda-0f6b-4964-8120-db19826e02a4: remove group-D3A6482546DD:null
2019-09-16 18:03:55,113 [RatisPipelineUtilsThread] WARN  pipeline.RatisPipelineUtils (RatisPipelineUtils.java:destroyPipeline(66)) - Pipeline destroy failed for pipeline=PipelineID=66c40936-c45e-4d82-92fb-d3a6482546dd dn=d2644fda-0f6b-4964-8120-db19826e02a4{ip: 192.168.157.233, host: pr-hdds-2120-x62sn-1884063469, networkLocation: /default-rack, certSerialId: null}
2019-09-16 18:03:55,118 [grpc-default-executor-2] INFO  impl.RaftServerProxy (RaftServerProxy.java:remove(95)) - 7631069e-55aa-48aa-a80c-68f378536a45: remove group-D3A6482546DD:null
2019-09-16 18:03:55,121 [RatisPipelineUtilsThread] WARN  pipeline.RatisPipelineUtils (RatisPipelineUtils.java:destroyPipeline(66)) - Pipeline destroy failed for pipeline=PipelineID=66c40936-c45e-4d82-92fb-d3a6482546dd dn=7631069e-55aa-48aa-a80c-68f378536a45{ip: 192.168.157.233, host: pr-hdds-2120-x62sn-1884063469, networkLocation: /default-rack, certSerialId: null}
2019-09-16 18:03:55,124 [grpc-default-executor-2] INFO  impl.RaftServerProxy (RaftServerProxy.java:remove(95)) - 59cccd2f-755e-4c45-a890-da01592df45f: remove group-D3A6482546DD:null
2019-09-16 18:03:55,125 [RatisPipelineUtilsThread] WARN  pipeline.RatisPipelineUtils (RatisPipelineUtils.java:destroyPipeline(66)) - Pipeline destroy failed for pipeline=PipelineID=66c40936-c45e-4d82-92fb-d3a6482546dd dn=59cccd2f-755e-4c45-a890-da01592df45f{ip: 192.168.157.233, host: pr-hdds-2120-x62sn-1884063469, networkLocation: /default-rack, certSerialId: null}
2019-09-16 18:03:55,137 [RatisPipelineUtilsThread] ERROR pipeline.SCMPipelineManager (Scheduler.java:lambda$schedule$1(70)) - Destroy pipeline failed for pipeline:Pipeline[ Id: 66c40936-c45e-4d82-92fb-d3a6482546dd, Nodes: d2644fda-0f6b-4964-8120-db19826e02a4{ip: 192.168.157.233, host: pr-hdds-2120-x62sn-1884063469, networkLocation: /default-rack, certSerialId: null}7631069e-55aa-48aa-a80c-68f378536a45{ip: 192.168.157.233, host: pr-hdds-2120-x62sn-1884063469, networkLocation: /default-rack, certSerialId: null}59cccd2f-755e-4c45-a890-da01592df45f{ip: 192.168.157.233, host: pr-hdds-2120-x62sn-1884063469, networkLocation: /default-rack, certSerialId: null}, Type:RATIS, Factor:THREE, State:CLOSED]
org.apache.hadoop.hdds.scm.pipeline.PipelineNotFoundException: PipelineID=66c40936-c45e-4d82-92fb-d3a6482546dd not found
	at org.apache.hadoop.hdds.scm.pipeline.PipelineStateMap.getPipeline(PipelineStateMap.java:132)
	at org.apache.hadoop.hdds.scm.pipeline.PipelineStateMap.removePipeline(PipelineStateMap.java:322)
	at org.apache.hadoop.hdds.scm.pipeline.PipelineStateManager.removePipeline(PipelineStateManager.java:107)
	at org.apache.hadoop.hdds.scm.pipeline.SCMPipelineManager.removePipeline(SCMPipelineManager.java:423)
	at org.apache.hadoop.hdds.scm.pipeline.SCMPipelineManager.destroyPipeline(SCMPipelineManager.java:409)
	at org.apache.hadoop.hdds.scm.pipeline.SCMPipelineManager.lambda$finalizeAndDestroyPipeline$0(SCMPipelineManager.java:318)
	at org.apache.hadoop.utils.Scheduler.lambda$schedule$1(Scheduler.java:68)
	at java.util.concurrent.Executors$RunnableAdapter.call(Executors.java:511)
	at java.util.concurrent.FutureTask.run(FutureTask.java:266)
	at java.util.concurrent.ScheduledThreadPoolExecutor$ScheduledFutureTask.access$201(ScheduledThreadPoolExecutor.java:180)
	at java.util.concurrent.ScheduledThreadPoolExecutor$ScheduledFutureTask.run(ScheduledThreadPoolExecutor.java:293)
	at java.util.concurrent.ThreadPoolExecutor.runWorker(ThreadPoolExecutor.java:1149)
	at java.util.concurrent.ThreadPoolExecutor$Worker.run(ThreadPoolExecutor.java:624)
	at java.lang.Thread.run(Thread.java:748)
 0.00% |█                                                                                                    |  0/1 Time: 0:07:21 0.00% |█                                                                                                    |  0/1 Time: 0:07:22 0.00% |█                                                                                                    |  0/1 Time: 0:07:232019-09-16 18:03:57,827 [grpc-default-executor-1] INFO  client.GrpcClientProtocolClient (GrpcClientProtocolClient.java:onNext(264)) - client-C494564659D0->7631069e-55aa-48aa-a80c-68f378536a45: receive RaftClientReply:client-C494564659D0->7631069e-55aa-48aa-a80c-68f378536a45@group-DB08F1BC869A, cid=144, FAILED org.apache.ratis.protocol.NotLeaderException: Server 7631069e-55aa-48aa-a80c-68f378536a45@group-DB08F1BC869A is not the leader d2644fda-0f6b-4964-8120-db19826e02a4:192.168.157.233:37608, logIndex=0, commits[7631069e-55aa-48aa-a80c-68f378536a45:c15, 59cccd2f-755e-4c45-a890-da01592df45f:c15, d2644fda-0f6b-4964-8120-db19826e02a4:c15]
2019-09-16 18:03:58,106 [grpc-default-executor-1] INFO  impl.RaftServerProxy (RaftServerProxy.java:remove(95)) - d2644fda-0f6b-4964-8120-db19826e02a4: remove group-D3A6482546DD:null
2019-09-16 18:03:58,109 [RatisPipelineUtilsThread] WARN  pipeline.RatisPipelineUtils (RatisPipelineUtils.java:destroyPipeline(66)) - Pipeline destroy failed for pipeline=PipelineID=66c40936-c45e-4d82-92fb-d3a6482546dd dn=d2644fda-0f6b-4964-8120-db19826e02a4{ip: 192.168.157.233, host: pr-hdds-2120-x62sn-1884063469, networkLocation: /default-rack, certSerialId: null}
2019-09-16 18:03:58,112 [grpc-default-executor-1] INFO  impl.RaftServerProxy (RaftServerProxy.java:remove(95)) - 7631069e-55aa-48aa-a80c-68f378536a45: remove group-D3A6482546DD:null
2019-09-16 18:03:58,114 [RatisPipelineUtilsThread] WARN  pipeline.RatisPipelineUtils (RatisPipelineUtils.java:destroyPipeline(66)) - Pipeline destroy failed for pipeline=PipelineID=66c40936-c45e-4d82-92fb-d3a6482546dd dn=7631069e-55aa-48aa-a80c-68f378536a45{ip: 192.168.157.233, host: pr-hdds-2120-x62sn-1884063469, networkLocation: /default-rack, certSerialId: null}
2019-09-16 18:03:58,117 [grpc-default-executor-1] INFO  impl.RaftServerProxy (RaftServerProxy.java:remove(95)) - 59cccd2f-755e-4c45-a890-da01592df45f: remove group-D3A6482546DD:null
2019-09-16 18:03:58,119 [RatisPipelineUtilsThread] WARN  pipeline.RatisPipelineUtils (RatisPipelineUtils.java:destroyPipeline(66)) - Pipeline destroy failed for pipeline=PipelineID=66c40936-c45e-4d82-92fb-d3a6482546dd dn=59cccd2f-755e-4c45-a890-da01592df45f{ip: 192.168.157.233, host: pr-hdds-2120-x62sn-1884063469, networkLocation: /default-rack, certSerialId: null}
2019-09-16 18:03:58,120 [RatisPipelineUtilsThread] ERROR pipeline.SCMPipelineManager (Scheduler.java:lambda$schedule$1(70)) - Destroy pipeline failed for pipeline:Pipeline[ Id: 66c40936-c45e-4d82-92fb-d3a6482546dd, Nodes: d2644fda-0f6b-4964-8120-db19826e02a4{ip: 192.168.157.233, host: pr-hdds-2120-x62sn-1884063469, networkLocation: /default-rack, certSerialId: null}7631069e-55aa-48aa-a80c-68f378536a45{ip: 192.168.157.233, host: pr-hdds-2120-x62sn-1884063469, networkLocation: /default-rack, certSerialId: null}59cccd2f-755e-4c45-a890-da01592df45f{ip: 192.168.157.233, host: pr-hdds-2120-x62sn-1884063469, networkLocation: /default-rack, certSerialId: null}, Type:RATIS, Factor:THREE, State:CLOSED]
org.apache.hadoop.hdds.scm.pipeline.PipelineNotFoundException: PipelineID=66c40936-c45e-4d82-92fb-d3a6482546dd not found
	at org.apache.hadoop.hdds.scm.pipeline.PipelineStateMap.getPipeline(PipelineStateMap.java:132)
	at org.apache.hadoop.hdds.scm.pipeline.PipelineStateMap.removePipeline(PipelineStateMap.java:322)
	at org.apache.hadoop.hdds.scm.pipeline.PipelineStateManager.removePipeline(PipelineStateManager.java:107)
	at org.apache.hadoop.hdds.scm.pipeline.SCMPipelineManager.removePipeline(SCMPipelineManager.java:423)
	at org.apache.hadoop.hdds.scm.pipeline.SCMPipelineManager.destroyPipeline(SCMPipelineManager.java:409)
	at org.apache.hadoop.hdds.scm.pipeline.SCMPipelineManager.lambda$finalizeAndDestroyPipeline$0(SCMPipelineManager.java:318)
	at org.apache.hadoop.utils.Scheduler.lambda$schedule$1(Scheduler.java:68)
	at java.util.concurrent.Executors$RunnableAdapter.call(Executors.java:511)
	at java.util.concurrent.FutureTask.run(FutureTask.java:266)
	at java.util.concurrent.ScheduledThreadPoolExecutor$ScheduledFutureTask.access$201(ScheduledThreadPoolExecutor.java:180)
	at java.util.concurrent.ScheduledThreadPoolExecutor$ScheduledFutureTask.run(ScheduledThreadPoolExecutor.java:293)
	at java.util.concurrent.ThreadPoolExecutor.runWorker(ThreadPoolExecutor.java:1149)
	at java.util.concurrent.ThreadPoolExecutor$Worker.run(ThreadPoolExecutor.java:624)
	at java.lang.Thread.run(Thread.java:748)
 0.00% |█                                                                                                    |  0/1 Time: 0:07:24 0.00% |█                                                                                                    |  0/1 Time: 0:07:252019-09-16 18:04:00,113 [grpc-default-executor-1] INFO  impl.RaftServerProxy (RaftServerProxy.java:remove(95)) - d2644fda-0f6b-4964-8120-db19826e02a4: remove group-D3A6482546DD:null
2019-09-16 18:04:00,118 [RatisPipelineUtilsThread] WARN  pipeline.RatisPipelineUtils (RatisPipelineUtils.java:destroyPipeline(66)) - Pipeline destroy failed for pipeline=PipelineID=66c40936-c45e-4d82-92fb-d3a6482546dd dn=d2644fda-0f6b-4964-8120-db19826e02a4{ip: 192.168.157.233, host: pr-hdds-2120-x62sn-1884063469, networkLocation: /default-rack, certSerialId: null}
2019-09-16 18:04:00,121 [grpc-default-executor-1] INFO  impl.RaftServerProxy (RaftServerProxy.java:remove(95)) - 7631069e-55aa-48aa-a80c-68f378536a45: remove group-D3A6482546DD:null
2019-09-16 18:04:00,123 [RatisPipelineUtilsThread] WARN  pipeline.RatisPipelineUtils (RatisPipelineUtils.java:destroyPipeline(66)) - Pipeline destroy failed for pipeline=PipelineID=66c40936-c45e-4d82-92fb-d3a6482546dd dn=7631069e-55aa-48aa-a80c-68f378536a45{ip: 192.168.157.233, host: pr-hdds-2120-x62sn-1884063469, networkLocation: /default-rack, certSerialId: null}
2019-09-16 18:04:00,126 [grpc-default-executor-1] INFO  impl.RaftServerProxy (RaftServerProxy.java:remove(95)) - 59cccd2f-755e-4c45-a890-da01592df45f: remove group-D3A6482546DD:null
2019-09-16 18:04:00,128 [RatisPipelineUtilsThread] WARN  pipeline.RatisPipelineUtils (RatisPipelineUtils.java:destroyPipeline(66)) - Pipeline destroy failed for pipeline=PipelineID=66c40936-c45e-4d82-92fb-d3a6482546dd dn=59cccd2f-755e-4c45-a890-da01592df45f{ip: 192.168.157.233, host: pr-hdds-2120-x62sn-1884063469, networkLocation: /default-rack, certSerialId: null}
2019-09-16 18:04:00,128 [RatisPipelineUtilsThread] ERROR pipeline.SCMPipelineManager (Scheduler.java:lambda$schedule$1(70)) - Destroy pipeline failed for pipeline:Pipeline[ Id: 66c40936-c45e-4d82-92fb-d3a6482546dd, Nodes: d2644fda-0f6b-4964-8120-db19826e02a4{ip: 192.168.157.233, host: pr-hdds-2120-x62sn-1884063469, networkLocation: /default-rack, certSerialId: null}7631069e-55aa-48aa-a80c-68f378536a45{ip: 192.168.157.233, host: pr-hdds-2120-x62sn-1884063469, networkLocation: /default-rack, certSerialId: null}59cccd2f-755e-4c45-a890-da01592df45f{ip: 192.168.157.233, host: pr-hdds-2120-x62sn-1884063469, networkLocation: /default-rack, certSerialId: null}, Type:RATIS, Factor:THREE, State:CLOSED]
org.apache.hadoop.hdds.scm.pipeline.PipelineNotFoundException: PipelineID=66c40936-c45e-4d82-92fb-d3a6482546dd not found
	at org.apache.hadoop.hdds.scm.pipeline.PipelineStateMap.getPipeline(PipelineStateMap.java:132)
	at org.apache.hadoop.hdds.scm.pipeline.PipelineStateMap.removePipeline(PipelineStateMap.java:322)
	at org.apache.hadoop.hdds.scm.pipeline.PipelineStateManager.removePipeline(PipelineStateManager.java:107)
	at org.apache.hadoop.hdds.scm.pipeline.SCMPipelineManager.removePipeline(SCMPipelineManager.java:423)
	at org.apache.hadoop.hdds.scm.pipeline.SCMPipelineManager.destroyPipeline(SCMPipelineManager.java:409)
	at org.apache.hadoop.hdds.scm.pipeline.SCMPipelineManager.lambda$finalizeAndDestroyPipeline$0(SCMPipelineManager.java:318)
	at org.apache.hadoop.utils.Scheduler.lambda$schedule$1(Scheduler.java:68)
	at java.util.concurrent.Executors$RunnableAdapter.call(Executors.java:511)
	at java.util.concurrent.FutureTask.run(FutureTask.java:266)
	at java.util.concurrent.ScheduledThreadPoolExecutor$ScheduledFutureTask.access$201(ScheduledThreadPoolExecutor.java:180)
	at java.util.concurrent.ScheduledThreadPoolExecutor$ScheduledFutureTask.run(ScheduledThreadPoolExecutor.java:293)
	at java.util.concurrent.ThreadPoolExecutor.runWorker(ThreadPoolExecutor.java:1149)
	at java.util.concurrent.ThreadPoolExecutor$Worker.run(ThreadPoolExecutor.java:624)
	at java.lang.Thread.run(Thread.java:748)
 0.00% |█                                                                                                    |  0/1 Time: 0:07:26 0.00% |█                                                                                                    |  0/1 Time: 0:07:272019-09-16 18:04:02,379 [d2644fda-0f6b-4964-8120-db19826e02a4@group-DB08F1BC869A-SegmentedRaftLogWorker] WARN  segmented.SegmentedRaftLogWorker (SegmentedRaftLogWorker.java:getFromFuture(90)) - Timeout 5/~
org.apache.ratis.protocol.TimeoutIOException: Timeout 10s: WriteLog:16: (t:1, i:16), STATEMACHINELOGENTRY, client-C494564659D0, cid=144-writeStateMachineData
	at org.apache.ratis.util.IOUtils.getFromFuture(IOUtils.java:87)
	at org.apache.ratis.server.raftlog.segmented.SegmentedRaftLogWorker$StateMachineDataPolicy.getFromFuture(SegmentedRaftLogWorker.java:87)
	at org.apache.ratis.server.raftlog.segmented.SegmentedRaftLogWorker$WriteLog.execute(SegmentedRaftLogWorker.java:477)
	at org.apache.ratis.server.raftlog.segmented.SegmentedRaftLogWorker.run(SegmentedRaftLogWorker.java:289)
	at java.lang.Thread.run(Thread.java:748)
Caused by: java.util.concurrent.TimeoutException
	at java.util.concurrent.CompletableFuture.timedGet(CompletableFuture.java:1771)
	at java.util.concurrent.CompletableFuture.get(CompletableFuture.java:1915)
	at org.apache.ratis.util.IOUtils.getFromFuture(IOUtils.java:79)
	... 4 more
 0.00% |█                                                                                                    |  0/1 Time: 0:07:282019-09-16 18:04:02,868 [grpc-default-executor-1] INFO  client.GrpcClientProtocolClient (GrpcClientProtocolClient.java:onNext(264)) - client-C494564659D0->59cccd2f-755e-4c45-a890-da01592df45f: receive RaftClientReply:client-C494564659D0->59cccd2f-755e-4c45-a890-da01592df45f@group-DB08F1BC869A, cid=144, FAILED org.apache.ratis.protocol.NotLeaderException: Server 59cccd2f-755e-4c45-a890-da01592df45f@group-DB08F1BC869A is not the leader d2644fda-0f6b-4964-8120-db19826e02a4:192.168.157.233:37608, logIndex=0, commits[59cccd2f-755e-4c45-a890-da01592df45f:c15, 7631069e-55aa-48aa-a80c-68f378536a45:c15, d2644fda-0f6b-4964-8120-db19826e02a4:c15]
2019-09-16 18:04:03,105 [grpc-default-executor-5] INFO  impl.RaftServerProxy (RaftServerProxy.java:remove(95)) - d2644fda-0f6b-4964-8120-db19826e02a4: remove group-D3A6482546DD:null
2019-09-16 18:04:03,108 [RatisPipelineUtilsThread] WARN  pipeline.RatisPipelineUtils (RatisPipelineUtils.java:destroyPipeline(66)) - Pipeline destroy failed for pipeline=PipelineID=66c40936-c45e-4d82-92fb-d3a6482546dd dn=d2644fda-0f6b-4964-8120-db19826e02a4{ip: 192.168.157.233, host: pr-hdds-2120-x62sn-1884063469, networkLocation: /default-rack, certSerialId: null}
2019-09-16 18:04:03,111 [grpc-default-executor-5] INFO  impl.RaftServerProxy (RaftServerProxy.java:remove(95)) - 7631069e-55aa-48aa-a80c-68f378536a45: remove group-D3A6482546DD:null
2019-09-16 18:04:03,113 [RatisPipelineUtilsThread] WARN  pipeline.RatisPipelineUtils (RatisPipelineUtils.java:destroyPipeline(66)) - Pipeline destroy failed for pipeline=PipelineID=66c40936-c45e-4d82-92fb-d3a6482546dd dn=7631069e-55aa-48aa-a80c-68f378536a45{ip: 192.168.157.233, host: pr-hdds-2120-x62sn-1884063469, networkLocation: /default-rack, certSerialId: null}
2019-09-16 18:04:03,116 [grpc-default-executor-5] INFO  impl.RaftServerProxy (RaftServerProxy.java:remove(95)) - 59cccd2f-755e-4c45-a890-da01592df45f: remove group-D3A6482546DD:null
2019-09-16 18:04:03,118 [RatisPipelineUtilsThread] WARN  pipeline.RatisPipelineUtils (RatisPipelineUtils.java:destroyPipeline(66)) - Pipeline destroy failed for pipeline=PipelineID=66c40936-c45e-4d82-92fb-d3a6482546dd dn=59cccd2f-755e-4c45-a890-da01592df45f{ip: 192.168.157.233, host: pr-hdds-2120-x62sn-1884063469, networkLocation: /default-rack, certSerialId: null}
2019-09-16 18:04:03,118 [RatisPipelineUtilsThread] ERROR pipeline.SCMPipelineManager (Scheduler.java:lambda$schedule$1(70)) - Destroy pipeline failed for pipeline:Pipeline[ Id: 66c40936-c45e-4d82-92fb-d3a6482546dd, Nodes: d2644fda-0f6b-4964-8120-db19826e02a4{ip: 192.168.157.233, host: pr-hdds-2120-x62sn-1884063469, networkLocation: /default-rack, certSerialId: null}7631069e-55aa-48aa-a80c-68f378536a45{ip: 192.168.157.233, host: pr-hdds-2120-x62sn-1884063469, networkLocation: /default-rack, certSerialId: null}59cccd2f-755e-4c45-a890-da01592df45f{ip: 192.168.157.233, host: pr-hdds-2120-x62sn-1884063469, networkLocation: /default-rack, certSerialId: null}, Type:RATIS, Factor:THREE, State:CLOSED]
org.apache.hadoop.hdds.scm.pipeline.PipelineNotFoundException: PipelineID=66c40936-c45e-4d82-92fb-d3a6482546dd not found
	at org.apache.hadoop.hdds.scm.pipeline.PipelineStateMap.getPipeline(PipelineStateMap.java:132)
	at org.apache.hadoop.hdds.scm.pipeline.PipelineStateMap.removePipeline(PipelineStateMap.java:322)
	at org.apache.hadoop.hdds.scm.pipeline.PipelineStateManager.removePipeline(PipelineStateManager.java:107)
	at org.apache.hadoop.hdds.scm.pipeline.SCMPipelineManager.removePipeline(SCMPipelineManager.java:423)
	at org.apache.hadoop.hdds.scm.pipeline.SCMPipelineManager.destroyPipeline(SCMPipelineManager.java:409)
	at org.apache.hadoop.hdds.scm.pipeline.SCMPipelineManager.lambda$finalizeAndDestroyPipeline$0(SCMPipelineManager.java:318)
	at org.apache.hadoop.utils.Scheduler.lambda$schedule$1(Scheduler.java:68)
	at java.util.concurrent.Executors$RunnableAdapter.call(Executors.java:511)
	at java.util.concurrent.FutureTask.run(FutureTask.java:266)
	at java.util.concurrent.ScheduledThreadPoolExecutor$ScheduledFutureTask.access$201(ScheduledThreadPoolExecutor.java:180)
	at java.util.concurrent.ScheduledThreadPoolExecutor$ScheduledFutureTask.run(ScheduledThreadPoolExecutor.java:293)
	at java.util.concurrent.ThreadPoolExecutor.runWorker(ThreadPoolExecutor.java:1149)
	at java.util.concurrent.ThreadPoolExecutor$Worker.run(ThreadPoolExecutor.java:624)
	at java.lang.Thread.run(Thread.java:748)
 0.00% |█                                                                                                    |  0/1 Time: 0:07:29 0.00% |█                                                                                                    |  0/1 Time: 0:07:302019-09-16 18:04:05,107 [grpc-default-executor-5] INFO  impl.RaftServerProxy (RaftServerProxy.java:remove(95)) - d2644fda-0f6b-4964-8120-db19826e02a4: remove group-D3A6482546DD:null
2019-09-16 18:04:05,110 [RatisPipelineUtilsThread] WARN  pipeline.RatisPipelineUtils (RatisPipelineUtils.java:destroyPipeline(66)) - Pipeline destroy failed for pipeline=PipelineID=66c40936-c45e-4d82-92fb-d3a6482546dd dn=d2644fda-0f6b-4964-8120-db19826e02a4{ip: 192.168.157.233, host: pr-hdds-2120-x62sn-1884063469, networkLocation: /default-rack, certSerialId: null}
2019-09-16 18:04:05,113 [grpc-default-executor-5] INFO  impl.RaftServerProxy (RaftServerProxy.java:remove(95)) - 7631069e-55aa-48aa-a80c-68f378536a45: remove group-D3A6482546DD:null
2019-09-16 18:04:05,115 [RatisPipelineUtilsThread] WARN  pipeline.RatisPipelineUtils (RatisPipelineUtils.java:destroyPipeline(66)) - Pipeline destroy failed for pipeline=PipelineID=66c40936-c45e-4d82-92fb-d3a6482546dd dn=7631069e-55aa-48aa-a80c-68f378536a45{ip: 192.168.157.233, host: pr-hdds-2120-x62sn-1884063469, networkLocation: /default-rack, certSerialId: null}
2019-09-16 18:04:05,117 [grpc-default-executor-5] INFO  impl.RaftServerProxy (RaftServerProxy.java:remove(95)) - 59cccd2f-755e-4c45-a890-da01592df45f: remove group-D3A6482546DD:null
2019-09-16 18:04:05,118 [RatisPipelineUtilsThread] WARN  pipeline.RatisPipelineUtils (RatisPipelineUtils.java:destroyPipeline(66)) - Pipeline destroy failed for pipeline=PipelineID=66c40936-c45e-4d82-92fb-d3a6482546dd dn=59cccd2f-755e-4c45-a890-da01592df45f{ip: 192.168.157.233, host: pr-hdds-2120-x62sn-1884063469, networkLocation: /default-rack, certSerialId: null}
2019-09-16 18:04:05,119 [RatisPipelineUtilsThread] ERROR pipeline.SCMPipelineManager (Scheduler.java:lambda$schedule$1(70)) - Destroy pipeline failed for pipeline:Pipeline[ Id: 66c40936-c45e-4d82-92fb-d3a6482546dd, Nodes: d2644fda-0f6b-4964-8120-db19826e02a4{ip: 192.168.157.233, host: pr-hdds-2120-x62sn-1884063469, networkLocation: /default-rack, certSerialId: null}7631069e-55aa-48aa-a80c-68f378536a45{ip: 192.168.157.233, host: pr-hdds-2120-x62sn-1884063469, networkLocation: /default-rack, certSerialId: null}59cccd2f-755e-4c45-a890-da01592df45f{ip: 192.168.157.233, host: pr-hdds-2120-x62sn-1884063469, networkLocation: /default-rack, certSerialId: null}, Type:RATIS, Factor:THREE, State:CLOSED]
org.apache.hadoop.hdds.scm.pipeline.PipelineNotFoundException: PipelineID=66c40936-c45e-4d82-92fb-d3a6482546dd not found
	at org.apache.hadoop.hdds.scm.pipeline.PipelineStateMap.getPipeline(PipelineStateMap.java:132)
	at org.apache.hadoop.hdds.scm.pipeline.PipelineStateMap.removePipeline(PipelineStateMap.java:322)
	at org.apache.hadoop.hdds.scm.pipeline.PipelineStateManager.removePipeline(PipelineStateManager.java:107)
	at org.apache.hadoop.hdds.scm.pipeline.SCMPipelineManager.removePipeline(SCMPipelineManager.java:423)
	at org.apache.hadoop.hdds.scm.pipeline.SCMPipelineManager.destroyPipeline(SCMPipelineManager.java:409)
	at org.apache.hadoop.hdds.scm.pipeline.SCMPipelineManager.lambda$finalizeAndDestroyPipeline$0(SCMPipelineManager.java:318)
	at org.apache.hadoop.utils.Scheduler.lambda$schedule$1(Scheduler.java:68)
	at java.util.concurrent.Executors$RunnableAdapter.call(Executors.java:511)
	at java.util.concurrent.FutureTask.run(FutureTask.java:266)
	at java.util.concurrent.ScheduledThreadPoolExecutor$ScheduledFutureTask.access$201(ScheduledThreadPoolExecutor.java:180)
	at java.util.concurrent.ScheduledThreadPoolExecutor$ScheduledFutureTask.run(ScheduledThreadPoolExecutor.java:293)
	at java.util.concurrent.ThreadPoolExecutor.runWorker(ThreadPoolExecutor.java:1149)
	at java.util.concurrent.ThreadPoolExecutor$Worker.run(ThreadPoolExecutor.java:624)
	at java.lang.Thread.run(Thread.java:748)
2019-09-16 18:04:05,130 [grpc-default-executor-5] INFO  impl.RaftServerProxy (RaftServerProxy.java:remove(95)) - d2644fda-0f6b-4964-8120-db19826e02a4: remove group-D3A6482546DD:null
2019-09-16 18:04:05,132 [RatisPipelineUtilsThread] WARN  pipeline.RatisPipelineUtils (RatisPipelineUtils.java:destroyPipeline(66)) - Pipeline destroy failed for pipeline=PipelineID=66c40936-c45e-4d82-92fb-d3a6482546dd dn=d2644fda-0f6b-4964-8120-db19826e02a4{ip: 192.168.157.233, host: pr-hdds-2120-x62sn-1884063469, networkLocation: /default-rack, certSerialId: null}
2019-09-16 18:04:05,134 [grpc-default-executor-5] INFO  impl.RaftServerProxy (RaftServerProxy.java:remove(95)) - 7631069e-55aa-48aa-a80c-68f378536a45: remove group-D3A6482546DD:null
2019-09-16 18:04:05,136 [RatisPipelineUtilsThread] WARN  pipeline.RatisPipelineUtils (RatisPipelineUtils.java:destroyPipeline(66)) - Pipeline destroy failed for pipeline=PipelineID=66c40936-c45e-4d82-92fb-d3a6482546dd dn=7631069e-55aa-48aa-a80c-68f378536a45{ip: 192.168.157.233, host: pr-hdds-2120-x62sn-1884063469, networkLocation: /default-rack, certSerialId: null}
2019-09-16 18:04:05,138 [grpc-default-executor-5] INFO  impl.RaftServerProxy (RaftServerProxy.java:remove(95)) - 59cccd2f-755e-4c45-a890-da01592df45f: remove group-D3A6482546DD:null
2019-09-16 18:04:05,139 [RatisPipelineUtilsThread] WARN  pipeline.RatisPipelineUtils (RatisPipelineUtils.java:destroyPipeline(66)) - Pipeline destroy failed for pipeline=PipelineID=66c40936-c45e-4d82-92fb-d3a6482546dd dn=59cccd2f-755e-4c45-a890-da01592df45f{ip: 192.168.157.233, host: pr-hdds-2120-x62sn-1884063469, networkLocation: /default-rack, certSerialId: null}
2019-09-16 18:04:05,139 [RatisPipelineUtilsThread] ERROR pipeline.SCMPipelineManager (Scheduler.java:lambda$schedule$1(70)) - Destroy pipeline failed for pipeline:Pipeline[ Id: 66c40936-c45e-4d82-92fb-d3a6482546dd, Nodes: d2644fda-0f6b-4964-8120-db19826e02a4{ip: 192.168.157.233, host: pr-hdds-2120-x62sn-1884063469, networkLocation: /default-rack, certSerialId: null}7631069e-55aa-48aa-a80c-68f378536a45{ip: 192.168.157.233, host: pr-hdds-2120-x62sn-1884063469, networkLocation: /default-rack, certSerialId: null}59cccd2f-755e-4c45-a890-da01592df45f{ip: 192.168.157.233, host: pr-hdds-2120-x62sn-1884063469, networkLocation: /default-rack, certSerialId: null}, Type:RATIS, Factor:THREE, State:CLOSED]
org.apache.hadoop.hdds.scm.pipeline.PipelineNotFoundException: PipelineID=66c40936-c45e-4d82-92fb-d3a6482546dd not found
	at org.apache.hadoop.hdds.scm.pipeline.PipelineStateMap.getPipeline(PipelineStateMap.java:132)
	at org.apache.hadoop.hdds.scm.pipeline.PipelineStateMap.removePipeline(PipelineStateMap.java:322)
	at org.apache.hadoop.hdds.scm.pipeline.PipelineStateManager.removePipeline(PipelineStateManager.java:107)
	at org.apache.hadoop.hdds.scm.pipeline.SCMPipelineManager.removePipeline(SCMPipelineManager.java:423)
	at org.apache.hadoop.hdds.scm.pipeline.SCMPipelineManager.destroyPipeline(SCMPipelineManager.java:409)
	at org.apache.hadoop.hdds.scm.pipeline.SCMPipelineManager.lambda$finalizeAndDestroyPipeline$0(SCMPipelineManager.java:318)
	at org.apache.hadoop.utils.Scheduler.lambda$schedule$1(Scheduler.java:68)
	at java.util.concurrent.Executors$RunnableAdapter.call(Executors.java:511)
	at java.util.concurrent.FutureTask.run(FutureTask.java:266)
	at java.util.concurrent.ScheduledThreadPoolExecutor$ScheduledFutureTask.access$201(ScheduledThreadPoolExecutor.java:180)
	at java.util.concurrent.ScheduledThreadPoolExecutor$ScheduledFutureTask.run(ScheduledThreadPoolExecutor.java:293)
	at java.util.concurrent.ThreadPoolExecutor.runWorker(ThreadPoolExecutor.java:1149)
	at java.util.concurrent.ThreadPoolExecutor$Worker.run(ThreadPoolExecutor.java:624)
	at java.lang.Thread.run(Thread.java:748)
2019-09-16 18:04:05,261 [grpc-default-executor-5] INFO  impl.RaftServerProxy (RaftServerProxy.java:remove(95)) - d2644fda-0f6b-4964-8120-db19826e02a4: remove group-D3A6482546DD:null
2019-09-16 18:04:05,263 [RatisPipelineUtilsThread] WARN  pipeline.RatisPipelineUtils (RatisPipelineUtils.java:destroyPipeline(66)) - Pipeline destroy failed for pipeline=PipelineID=66c40936-c45e-4d82-92fb-d3a6482546dd dn=d2644fda-0f6b-4964-8120-db19826e02a4{ip: 192.168.157.233, host: pr-hdds-2120-x62sn-1884063469, networkLocation: /default-rack, certSerialId: null}
2019-09-16 18:04:05,265 [grpc-default-executor-5] INFO  impl.RaftServerProxy (RaftServerProxy.java:remove(95)) - 7631069e-55aa-48aa-a80c-68f378536a45: remove group-D3A6482546DD:null
2019-09-16 18:04:05,267 [RatisPipelineUtilsThread] WARN  pipeline.RatisPipelineUtils (RatisPipelineUtils.java:destroyPipeline(66)) - Pipeline destroy failed for pipeline=PipelineID=66c40936-c45e-4d82-92fb-d3a6482546dd dn=7631069e-55aa-48aa-a80c-68f378536a45{ip: 192.168.157.233, host: pr-hdds-2120-x62sn-1884063469, networkLocation: /default-rack, certSerialId: null}
2019-09-16 18:04:05,269 [grpc-default-executor-5] INFO  impl.RaftServerProxy (RaftServerProxy.java:remove(95)) - 59cccd2f-755e-4c45-a890-da01592df45f: remove group-D3A6482546DD:null
2019-09-16 18:04:05,271 [RatisPipelineUtilsThread] WARN  pipeline.RatisPipelineUtils (RatisPipelineUtils.java:destroyPipeline(66)) - Pipeline destroy failed for pipeline=PipelineID=66c40936-c45e-4d82-92fb-d3a6482546dd dn=59cccd2f-755e-4c45-a890-da01592df45f{ip: 192.168.157.233, host: pr-hdds-2120-x62sn-1884063469, networkLocation: /default-rack, certSerialId: null}
2019-09-16 18:04:05,271 [RatisPipelineUtilsThread] ERROR pipeline.SCMPipelineManager (Scheduler.java:lambda$schedule$1(70)) - Destroy pipeline failed for pipeline:Pipeline[ Id: 66c40936-c45e-4d82-92fb-d3a6482546dd, Nodes: d2644fda-0f6b-4964-8120-db19826e02a4{ip: 192.168.157.233, host: pr-hdds-2120-x62sn-1884063469, networkLocation: /default-rack, certSerialId: null}7631069e-55aa-48aa-a80c-68f378536a45{ip: 192.168.157.233, host: pr-hdds-2120-x62sn-1884063469, networkLocation: /default-rack, certSerialId: null}59cccd2f-755e-4c45-a890-da01592df45f{ip: 192.168.157.233, host: pr-hdds-2120-x62sn-1884063469, networkLocation: /default-rack, certSerialId: null}, Type:RATIS, Factor:THREE, State:CLOSED]
org.apache.hadoop.hdds.scm.pipeline.PipelineNotFoundException: PipelineID=66c40936-c45e-4d82-92fb-d3a6482546dd not found
	at org.apache.hadoop.hdds.scm.pipeline.PipelineStateMap.getPipeline(PipelineStateMap.java:132)
	at org.apache.hadoop.hdds.scm.pipeline.PipelineStateMap.removePipeline(PipelineStateMap.java:322)
	at org.apache.hadoop.hdds.scm.pipeline.PipelineStateManager.removePipeline(PipelineStateManager.java:107)
	at org.apache.hadoop.hdds.scm.pipeline.SCMPipelineManager.removePipeline(SCMPipelineManager.java:423)
	at org.apache.hadoop.hdds.scm.pipeline.SCMPipelineManager.destroyPipeline(SCMPipelineManager.java:409)
	at org.apache.hadoop.hdds.scm.pipeline.SCMPipelineManager.lambda$finalizeAndDestroyPipeline$0(SCMPipelineManager.java:318)
	at org.apache.hadoop.utils.Scheduler.lambda$schedule$1(Scheduler.java:68)
	at java.util.concurrent.Executors$RunnableAdapter.call(Executors.java:511)
	at java.util.concurrent.FutureTask.run(FutureTask.java:266)
	at java.util.concurrent.ScheduledThreadPoolExecutor$ScheduledFutureTask.access$201(ScheduledThreadPoolExecutor.java:180)
	at java.util.concurrent.ScheduledThreadPoolExecutor$ScheduledFutureTask.run(ScheduledThreadPoolExecutor.java:293)
	at java.util.concurrent.ThreadPoolExecutor.runWorker(ThreadPoolExecutor.java:1149)
	at java.util.concurrent.ThreadPoolExecutor$Worker.run(ThreadPoolExecutor.java:624)
	at java.lang.Thread.run(Thread.java:748)
2019-09-16 18:04:05,350 [grpc-default-executor-5] INFO  impl.RaftServerProxy (RaftServerProxy.java:remove(95)) - d2644fda-0f6b-4964-8120-db19826e02a4: remove group-D3A6482546DD:null
2019-09-16 18:04:05,352 [RatisPipelineUtilsThread] WARN  pipeline.RatisPipelineUtils (RatisPipelineUtils.java:destroyPipeline(66)) - Pipeline destroy failed for pipeline=PipelineID=66c40936-c45e-4d82-92fb-d3a6482546dd dn=d2644fda-0f6b-4964-8120-db19826e02a4{ip: 192.168.157.233, host: pr-hdds-2120-x62sn-1884063469, networkLocation: /default-rack, certSerialId: null}
2019-09-16 18:04:05,355 [grpc-default-executor-5] INFO  impl.RaftServerProxy (RaftServerProxy.java:remove(95)) - 7631069e-55aa-48aa-a80c-68f378536a45: remove group-D3A6482546DD:null
2019-09-16 18:04:05,358 [RatisPipelineUtilsThread] WARN  pipeline.RatisPipelineUtils (RatisPipelineUtils.java:destroyPipeline(66)) - Pipeline destroy failed for pipeline=PipelineID=66c40936-c45e-4d82-92fb-d3a6482546dd dn=7631069e-55aa-48aa-a80c-68f378536a45{ip: 192.168.157.233, host: pr-hdds-2120-x62sn-1884063469, networkLocation: /default-rack, certSerialId: null}
2019-09-16 18:04:05,360 [grpc-default-executor-5] INFO  impl.RaftServerProxy (RaftServerProxy.java:remove(95)) - 59cccd2f-755e-4c45-a890-da01592df45f: remove group-D3A6482546DD:null
2019-09-16 18:04:05,362 [RatisPipelineUtilsThread] WARN  pipeline.RatisPipelineUtils (RatisPipelineUtils.java:destroyPipeline(66)) - Pipeline destroy failed for pipeline=PipelineID=66c40936-c45e-4d82-92fb-d3a6482546dd dn=59cccd2f-755e-4c45-a890-da01592df45f{ip: 192.168.157.233, host: pr-hdds-2120-x62sn-1884063469, networkLocation: /default-rack, certSerialId: null}
2019-09-16 18:04:05,363 [RatisPipelineUtilsThread] ERROR pipeline.SCMPipelineManager (Scheduler.java:lambda$schedule$1(70)) - Destroy pipeline failed for pipeline:Pipeline[ Id: 66c40936-c45e-4d82-92fb-d3a6482546dd, Nodes: d2644fda-0f6b-4964-8120-db19826e02a4{ip: 192.168.157.233, host: pr-hdds-2120-x62sn-1884063469, networkLocation: /default-rack, certSerialId: null}7631069e-55aa-48aa-a80c-68f378536a45{ip: 192.168.157.233, host: pr-hdds-2120-x62sn-1884063469, networkLocation: /default-rack, certSerialId: null}59cccd2f-755e-4c45-a890-da01592df45f{ip: 192.168.157.233, host: pr-hdds-2120-x62sn-1884063469, networkLocation: /default-rack, certSerialId: null}, Type:RATIS, Factor:THREE, State:CLOSED]
org.apache.hadoop.hdds.scm.pipeline.PipelineNotFoundException: PipelineID=66c40936-c45e-4d82-92fb-d3a6482546dd not found
	at org.apache.hadoop.hdds.scm.pipeline.PipelineStateMap.getPipeline(PipelineStateMap.java:132)
	at org.apache.hadoop.hdds.scm.pipeline.PipelineStateMap.removePipeline(PipelineStateMap.java:322)
	at org.apache.hadoop.hdds.scm.pipeline.PipelineStateManager.removePipeline(PipelineStateManager.java:107)
	at org.apache.hadoop.hdds.scm.pipeline.SCMPipelineManager.removePipeline(SCMPipelineManager.java:423)
	at org.apache.hadoop.hdds.scm.pipeline.SCMPipelineManager.destroyPipeline(SCMPipelineManager.java:409)
	at org.apache.hadoop.hdds.scm.pipeline.SCMPipelineManager.lambda$finalizeAndDestroyPipeline$0(SCMPipelineManager.java:318)
	at org.apache.hadoop.utils.Scheduler.lambda$schedule$1(Scheduler.java:68)
	at java.util.concurrent.Executors$RunnableAdapter.call(Executors.java:511)
	at java.util.concurrent.FutureTask.run(FutureTask.java:266)
	at java.util.concurrent.ScheduledThreadPoolExecutor$ScheduledFutureTask.access$201(ScheduledThreadPoolExecutor.java:180)
	at java.util.concurrent.ScheduledThreadPoolExecutor$ScheduledFutureTask.run(ScheduledThreadPoolExecutor.java:293)
	at java.util.concurrent.ThreadPoolExecutor.runWorker(ThreadPoolExecutor.java:1149)
	at java.util.concurrent.ThreadPoolExecutor$Worker.run(ThreadPoolExecutor.java:624)
	at java.lang.Thread.run(Thread.java:748)
 0.00% |█                                                                                                    |  0/1 Time: 0:07:31 0.00% |█                                                                                                    |  0/1 Time: 0:07:32 0.00% |█                                                                                                    |  0/1 Time: 0:07:332019-09-16 18:04:07,903 [grpc-default-executor-5] INFO  client.GrpcClientProtocolClient (GrpcClientProtocolClient.java:onNext(264)) - client-C494564659D0->59cccd2f-755e-4c45-a890-da01592df45f: receive RaftClientReply:client-C494564659D0->59cccd2f-755e-4c45-a890-da01592df45f@group-DB08F1BC869A, cid=144, FAILED org.apache.ratis.protocol.NotLeaderException: Server 59cccd2f-755e-4c45-a890-da01592df45f@group-DB08F1BC869A is not the leader d2644fda-0f6b-4964-8120-db19826e02a4:192.168.157.233:37608, logIndex=0, commits[59cccd2f-755e-4c45-a890-da01592df45f:c15, 7631069e-55aa-48aa-a80c-68f378536a45:c15, d2644fda-0f6b-4964-8120-db19826e02a4:c15]
 0.00% |█                                                                                                    |  0/1 Time: 0:07:34 0.00% |█                                                                                                    |  0/1 Time: 0:07:35 0.00% |█                                                                                                    |  0/1 Time: 0:07:36 0.00% |█                                                                                                    |  0/1 Time: 0:07:372019-09-16 18:04:12,381 [d2644fda-0f6b-4964-8120-db19826e02a4@group-DB08F1BC869A-SegmentedRaftLogWorker] WARN  segmented.SegmentedRaftLogWorker (SegmentedRaftLogWorker.java:getFromFuture(90)) - Timeout 6/~
org.apache.ratis.protocol.TimeoutIOException: Timeout 10s: WriteLog:16: (t:1, i:16), STATEMACHINELOGENTRY, client-C494564659D0, cid=144-writeStateMachineData
	at org.apache.ratis.util.IOUtils.getFromFuture(IOUtils.java:87)
	at org.apache.ratis.server.raftlog.segmented.SegmentedRaftLogWorker$StateMachineDataPolicy.getFromFuture(SegmentedRaftLogWorker.java:87)
	at org.apache.ratis.server.raftlog.segmented.SegmentedRaftLogWorker$WriteLog.execute(SegmentedRaftLogWorker.java:477)
	at org.apache.ratis.server.raftlog.segmented.SegmentedRaftLogWorker.run(SegmentedRaftLogWorker.java:289)
	at java.lang.Thread.run(Thread.java:748)
Caused by: java.util.concurrent.TimeoutException
	at java.util.concurrent.CompletableFuture.timedGet(CompletableFuture.java:1771)
	at java.util.concurrent.CompletableFuture.get(CompletableFuture.java:1915)
	at org.apache.ratis.util.IOUtils.getFromFuture(IOUtils.java:79)
	... 4 more
 0.00% |█                                                                                                    |  0/1 Time: 0:07:382019-09-16 18:04:12,935 [grpc-default-executor-5] INFO  client.GrpcClientProtocolClient (GrpcClientProtocolClient.java:onNext(264)) - client-C494564659D0->59cccd2f-755e-4c45-a890-da01592df45f: receive RaftClientReply:client-C494564659D0->59cccd2f-755e-4c45-a890-da01592df45f@group-DB08F1BC869A, cid=144, FAILED org.apache.ratis.protocol.NotLeaderException: Server 59cccd2f-755e-4c45-a890-da01592df45f@group-DB08F1BC869A is not the leader d2644fda-0f6b-4964-8120-db19826e02a4:192.168.157.233:37608, logIndex=0, commits[59cccd2f-755e-4c45-a890-da01592df45f:c15, 7631069e-55aa-48aa-a80c-68f378536a45:c15, d2644fda-0f6b-4964-8120-db19826e02a4:c15]
 0.00% |█                                                                                                    |  0/1 Time: 0:07:39 0.00% |█                                                                                                    |  0/1 Time: 0:07:40 0.00% |█                                                                                                    |  0/1 Time: 0:07:41 0.00% |█                                                                                                    |  0/1 Time: 0:07:42 0.00% |█                                                                                                    |  0/1 Time: 0:07:432019-09-16 18:04:17,972 [grpc-default-executor-2] INFO  client.GrpcClientProtocolClient (GrpcClientProtocolClient.java:onNext(264)) - client-C494564659D0->59cccd2f-755e-4c45-a890-da01592df45f: receive RaftClientReply:client-C494564659D0->59cccd2f-755e-4c45-a890-da01592df45f@group-DB08F1BC869A, cid=144, FAILED org.apache.ratis.protocol.NotLeaderException: Server 59cccd2f-755e-4c45-a890-da01592df45f@group-DB08F1BC869A is not the leader d2644fda-0f6b-4964-8120-db19826e02a4:192.168.157.233:37608, logIndex=0, commits[59cccd2f-755e-4c45-a890-da01592df45f:c15, 7631069e-55aa-48aa-a80c-68f378536a45:c15, d2644fda-0f6b-4964-8120-db19826e02a4:c15]
 0.00% |█                                                                                                    |  0/1 Time: 0:07:44 0.00% |█                                                                                                    |  0/1 Time: 0:07:45 0.00% |█                                                                                                    |  0/1 Time: 0:07:46 0.00% |█                                                                                                    |  0/1 Time: 0:07:472019-09-16 18:04:22,382 [d2644fda-0f6b-4964-8120-db19826e02a4@group-DB08F1BC869A-SegmentedRaftLogWorker] WARN  segmented.SegmentedRaftLogWorker (SegmentedRaftLogWorker.java:getFromFuture(90)) - Timeout 7/~
org.apache.ratis.protocol.TimeoutIOException: Timeout 10s: WriteLog:16: (t:1, i:16), STATEMACHINELOGENTRY, client-C494564659D0, cid=144-writeStateMachineData
	at org.apache.ratis.util.IOUtils.getFromFuture(IOUtils.java:87)
	at org.apache.ratis.server.raftlog.segmented.SegmentedRaftLogWorker$StateMachineDataPolicy.getFromFuture(SegmentedRaftLogWorker.java:87)
	at org.apache.ratis.server.raftlog.segmented.SegmentedRaftLogWorker$WriteLog.execute(SegmentedRaftLogWorker.java:477)
	at org.apache.ratis.server.raftlog.segmented.SegmentedRaftLogWorker.run(SegmentedRaftLogWorker.java:289)
	at java.lang.Thread.run(Thread.java:748)
Caused by: java.util.concurrent.TimeoutException
	at java.util.concurrent.CompletableFuture.timedGet(CompletableFuture.java:1771)
	at java.util.concurrent.CompletableFuture.get(CompletableFuture.java:1915)
	at org.apache.ratis.util.IOUtils.getFromFuture(IOUtils.java:79)
	... 4 more
 0.00% |█                                                                                                    |  0/1 Time: 0:07:482019-09-16 18:04:23,020 [grpc-default-executor-5] INFO  client.GrpcClientProtocolClient (GrpcClientProtocolClient.java:onNext(264)) - client-C494564659D0->59cccd2f-755e-4c45-a890-da01592df45f: receive RaftClientReply:client-C494564659D0->59cccd2f-755e-4c45-a890-da01592df45f@group-DB08F1BC869A, cid=144, FAILED org.apache.ratis.protocol.NotLeaderException: Server 59cccd2f-755e-4c45-a890-da01592df45f@group-DB08F1BC869A is not the leader d2644fda-0f6b-4964-8120-db19826e02a4:192.168.157.233:37608, logIndex=0, commits[59cccd2f-755e-4c45-a890-da01592df45f:c15, 7631069e-55aa-48aa-a80c-68f378536a45:c15, d2644fda-0f6b-4964-8120-db19826e02a4:c15]
 0.00% |█                                                                                                    |  0/1 Time: 0:07:49 0.00% |█                                                                                                    |  0/1 Time: 0:07:50 0.00% |█                                                                                                    |  0/1 Time: 0:07:51 0.00% |█                                                                                                    |  0/1 Time: 0:07:52 0.00% |█                                                                                                    |  0/1 Time: 0:07:532019-09-16 18:04:28,068 [grpc-default-executor-1] INFO  client.GrpcClientProtocolClient (GrpcClientProtocolClient.java:onNext(264)) - client-C494564659D0->59cccd2f-755e-4c45-a890-da01592df45f: receive RaftClientReply:client-C494564659D0->59cccd2f-755e-4c45-a890-da01592df45f@group-DB08F1BC869A, cid=144, FAILED org.apache.ratis.protocol.NotLeaderException: Server 59cccd2f-755e-4c45-a890-da01592df45f@group-DB08F1BC869A is not the leader d2644fda-0f6b-4964-8120-db19826e02a4:192.168.157.233:37608, logIndex=0, commits[59cccd2f-755e-4c45-a890-da01592df45f:c15, 7631069e-55aa-48aa-a80c-68f378536a45:c15, d2644fda-0f6b-4964-8120-db19826e02a4:c15]
 0.00% |█                                                                                                    |  0/1 Time: 0:07:54 0.00% |█                                                                                                    |  0/1 Time: 0:07:55 0.00% |█                                                                                                    |  0/1 Time: 0:07:56 0.00% |█                                                                                                    |  0/1 Time: 0:07:572019-09-16 18:04:32,384 [d2644fda-0f6b-4964-8120-db19826e02a4@group-DB08F1BC869A-SegmentedRaftLogWorker] WARN  segmented.SegmentedRaftLogWorker (SegmentedRaftLogWorker.java:getFromFuture(90)) - Timeout 8/~
org.apache.ratis.protocol.TimeoutIOException: Timeout 10s: WriteLog:16: (t:1, i:16), STATEMACHINELOGENTRY, client-C494564659D0, cid=144-writeStateMachineData
	at org.apache.ratis.util.IOUtils.getFromFuture(IOUtils.java:87)
	at org.apache.ratis.server.raftlog.segmented.SegmentedRaftLogWorker$StateMachineDataPolicy.getFromFuture(SegmentedRaftLogWorker.java:87)
	at org.apache.ratis.server.raftlog.segmented.SegmentedRaftLogWorker$WriteLog.execute(SegmentedRaftLogWorker.java:477)
	at org.apache.ratis.server.raftlog.segmented.SegmentedRaftLogWorker.run(SegmentedRaftLogWorker.java:289)
	at java.lang.Thread.run(Thread.java:748)
Caused by: java.util.concurrent.TimeoutException
	at java.util.concurrent.CompletableFuture.timedGet(CompletableFuture.java:1771)
	at java.util.concurrent.CompletableFuture.get(CompletableFuture.java:1915)
	at org.apache.ratis.util.IOUtils.getFromFuture(IOUtils.java:79)
	... 4 more
 0.00% |█                                                                                                    |  0/1 Time: 0:07:582019-09-16 18:04:33,128 [grpc-default-executor-5] INFO  client.GrpcClientProtocolClient (GrpcClientProtocolClient.java:onNext(264)) - client-C494564659D0->7631069e-55aa-48aa-a80c-68f378536a45: receive RaftClientReply:client-C494564659D0->7631069e-55aa-48aa-a80c-68f378536a45@group-DB08F1BC869A, cid=144, FAILED org.apache.ratis.protocol.NotLeaderException: Server 7631069e-55aa-48aa-a80c-68f378536a45@group-DB08F1BC869A is not the leader d2644fda-0f6b-4964-8120-db19826e02a4:192.168.157.233:37608, logIndex=0, commits[7631069e-55aa-48aa-a80c-68f378536a45:c15, 59cccd2f-755e-4c45-a890-da01592df45f:c15, d2644fda-0f6b-4964-8120-db19826e02a4:c15]
 0.00% |█                                                                                                    |  0/1 Time: 0:07:59 0.00% |█                                                                                                    |  0/1 Time: 0:08:00 0.00% |█                                                                                                    |  0/1 Time: 0:08:01 0.00% |█                                                                                                    |  0/1 Time: 0:08:02 0.00% |█                                                                                                    |  0/1 Time: 0:08:032019-09-16 18:04:38,171 [grpc-default-executor-1] INFO  client.GrpcClientProtocolClient (GrpcClientProtocolClient.java:onNext(264)) - client-C494564659D0->7631069e-55aa-48aa-a80c-68f378536a45: receive RaftClientReply:client-C494564659D0->7631069e-55aa-48aa-a80c-68f378536a45@group-DB08F1BC869A, cid=144, FAILED org.apache.ratis.protocol.NotLeaderException: Server 7631069e-55aa-48aa-a80c-68f378536a45@group-DB08F1BC869A is not the leader d2644fda-0f6b-4964-8120-db19826e02a4:192.168.157.233:37608, logIndex=0, commits[7631069e-55aa-48aa-a80c-68f378536a45:c15, 59cccd2f-755e-4c45-a890-da01592df45f:c15, d2644fda-0f6b-4964-8120-db19826e02a4:c15]
 0.00% |█                                                                                                    |  0/1 Time: 0:08:04 0.00% |█                                                                                                    |  0/1 Time: 0:08:05 0.00% |█                                                                                                    |  0/1 Time: 0:08:06 0.00% |█                                                                                                    |  0/1 Time: 0:08:072019-09-16 18:04:42,386 [d2644fda-0f6b-4964-8120-db19826e02a4@group-DB08F1BC869A-SegmentedRaftLogWorker] WARN  segmented.SegmentedRaftLogWorker (SegmentedRaftLogWorker.java:getFromFuture(90)) - Timeout 9/~
org.apache.ratis.protocol.TimeoutIOException: Timeout 10s: WriteLog:16: (t:1, i:16), STATEMACHINELOGENTRY, client-C494564659D0, cid=144-writeStateMachineData
	at org.apache.ratis.util.IOUtils.getFromFuture(IOUtils.java:87)
	at org.apache.ratis.server.raftlog.segmented.SegmentedRaftLogWorker$StateMachineDataPolicy.getFromFuture(SegmentedRaftLogWorker.java:87)
	at org.apache.ratis.server.raftlog.segmented.SegmentedRaftLogWorker$WriteLog.execute(SegmentedRaftLogWorker.java:477)
	at org.apache.ratis.server.raftlog.segmented.SegmentedRaftLogWorker.run(SegmentedRaftLogWorker.java:289)
	at java.lang.Thread.run(Thread.java:748)
Caused by: java.util.concurrent.TimeoutException
	at java.util.concurrent.CompletableFuture.timedGet(CompletableFuture.java:1771)
	at java.util.concurrent.CompletableFuture.get(CompletableFuture.java:1915)
	at org.apache.ratis.util.IOUtils.getFromFuture(IOUtils.java:79)
	... 4 more
 0.00% |█                                                                                                    |  0/1 Time: 0:08:082019-09-16 18:04:43,232 [grpc-default-executor-5] INFO  client.GrpcClientProtocolClient (GrpcClientProtocolClient.java:onNext(264)) - client-C494564659D0->7631069e-55aa-48aa-a80c-68f378536a45: receive RaftClientReply:client-C494564659D0->7631069e-55aa-48aa-a80c-68f378536a45@group-DB08F1BC869A, cid=144, FAILED org.apache.ratis.protocol.NotLeaderException: Server 7631069e-55aa-48aa-a80c-68f378536a45@group-DB08F1BC869A is not the leader d2644fda-0f6b-4964-8120-db19826e02a4:192.168.157.233:37608, logIndex=0, commits[7631069e-55aa-48aa-a80c-68f378536a45:c15, 59cccd2f-755e-4c45-a890-da01592df45f:c15, d2644fda-0f6b-4964-8120-db19826e02a4:c15]
 0.00% |█                                                                                                    |  0/1 Time: 0:08:09 0.00% |█                                                                                                    |  0/1 Time: 0:08:10 0.00% |█                                                                                                    |  0/1 Time: 0:08:11 0.00% |█                                                                                                    |  0/1 Time: 0:08:12 0.00% |█                                                                                                    |  0/1 Time: 0:08:132019-09-16 18:04:48,271 [grpc-default-executor-2] INFO  client.GrpcClientProtocolClient (GrpcClientProtocolClient.java:onNext(264)) - client-C494564659D0->59cccd2f-755e-4c45-a890-da01592df45f: receive RaftClientReply:client-C494564659D0->59cccd2f-755e-4c45-a890-da01592df45f@group-DB08F1BC869A, cid=144, FAILED org.apache.ratis.protocol.NotLeaderException: Server 59cccd2f-755e-4c45-a890-da01592df45f@group-DB08F1BC869A is not the leader d2644fda-0f6b-4964-8120-db19826e02a4:192.168.157.233:37608, logIndex=0, commits[59cccd2f-755e-4c45-a890-da01592df45f:c15, 7631069e-55aa-48aa-a80c-68f378536a45:c15, d2644fda-0f6b-4964-8120-db19826e02a4:c15]
 0.00% |█                                                                                                    |  0/1 Time: 0:08:14 0.00% |█                                                                                                    |  0/1 Time: 0:08:15 0.00% |█                                                                                                    |  0/1 Time: 0:08:16 0.00% |█                                                                                                    |  0/1 Time: 0:08:172019-09-16 18:04:52,388 [d2644fda-0f6b-4964-8120-db19826e02a4@group-DB08F1BC869A-SegmentedRaftLogWorker] WARN  segmented.SegmentedRaftLogWorker (SegmentedRaftLogWorker.java:getFromFuture(90)) - Timeout 10/~
org.apache.ratis.protocol.TimeoutIOException: Timeout 10s: WriteLog:16: (t:1, i:16), STATEMACHINELOGENTRY, client-C494564659D0, cid=144-writeStateMachineData
	at org.apache.ratis.util.IOUtils.getFromFuture(IOUtils.java:87)
	at org.apache.ratis.server.raftlog.segmented.SegmentedRaftLogWorker$StateMachineDataPolicy.getFromFuture(SegmentedRaftLogWorker.java:87)
	at org.apache.ratis.server.raftlog.segmented.SegmentedRaftLogWorker$WriteLog.execute(SegmentedRaftLogWorker.java:477)
	at org.apache.ratis.server.raftlog.segmented.SegmentedRaftLogWorker.run(SegmentedRaftLogWorker.java:289)
	at java.lang.Thread.run(Thread.java:748)
Caused by: java.util.concurrent.TimeoutException
	at java.util.concurrent.CompletableFuture.timedGet(CompletableFuture.java:1771)
	at java.util.concurrent.CompletableFuture.get(CompletableFuture.java:1915)
	at org.apache.ratis.util.IOUtils.getFromFuture(IOUtils.java:79)
	... 4 more
 0.00% |█                                                                                                    |  0/1 Time: 0:08:182019-09-16 18:04:53,301 [grpc-default-executor-5] INFO  client.GrpcClientProtocolClient (GrpcClientProtocolClient.java:onNext(264)) - client-C494564659D0->59cccd2f-755e-4c45-a890-da01592df45f: receive RaftClientReply:client-C494564659D0->59cccd2f-755e-4c45-a890-da01592df45f@group-DB08F1BC869A, cid=144, FAILED org.apache.ratis.protocol.NotLeaderException: Server 59cccd2f-755e-4c45-a890-da01592df45f@group-DB08F1BC869A is not the leader d2644fda-0f6b-4964-8120-db19826e02a4:192.168.157.233:37608, logIndex=0, commits[59cccd2f-755e-4c45-a890-da01592df45f:c15, 7631069e-55aa-48aa-a80c-68f378536a45:c15, d2644fda-0f6b-4964-8120-db19826e02a4:c15]
 0.00% |█                                                                                                    |  0/1 Time: 0:08:19 0.00% |█                                                                                                    |  0/1 Time: 0:08:20 0.00% |█                                                                                                    |  0/1 Time: 0:08:21 0.00% |█                                                                                                    |  0/1 Time: 0:08:22 0.00% |█                                                                                                    |  0/1 Time: 0:08:232019-09-16 18:04:58,340 [grpc-default-executor-5] INFO  client.GrpcClientProtocolClient (GrpcClientProtocolClient.java:onNext(264)) - client-C494564659D0->59cccd2f-755e-4c45-a890-da01592df45f: receive RaftClientReply:client-C494564659D0->59cccd2f-755e-4c45-a890-da01592df45f@group-DB08F1BC869A, cid=144, FAILED org.apache.ratis.protocol.NotLeaderException: Server 59cccd2f-755e-4c45-a890-da01592df45f@group-DB08F1BC869A is not the leader d2644fda-0f6b-4964-8120-db19826e02a4:192.168.157.233:37608, logIndex=0, commits[59cccd2f-755e-4c45-a890-da01592df45f:c15, 7631069e-55aa-48aa-a80c-68f378536a45:c15, d2644fda-0f6b-4964-8120-db19826e02a4:c15]
 0.00% |█                                                                                                    |  0/1 Time: 0:08:24 0.00% |█                                                                                                    |  0/1 Time: 0:08:25 0.00% |█                                                                                                    |  0/1 Time: 0:08:26 0.00% |█                                                                                                    |  0/1 Time: 0:08:272019-09-16 18:05:02,389 [d2644fda-0f6b-4964-8120-db19826e02a4@group-DB08F1BC869A-SegmentedRaftLogWorker] WARN  segmented.SegmentedRaftLogWorker (SegmentedRaftLogWorker.java:getFromFuture(90)) - Timeout 11/~
org.apache.ratis.protocol.TimeoutIOException: Timeout 10s: WriteLog:16: (t:1, i:16), STATEMACHINELOGENTRY, client-C494564659D0, cid=144-writeStateMachineData
	at org.apache.ratis.util.IOUtils.getFromFuture(IOUtils.java:87)
	at org.apache.ratis.server.raftlog.segmented.SegmentedRaftLogWorker$StateMachineDataPolicy.getFromFuture(SegmentedRaftLogWorker.java:87)
	at org.apache.ratis.server.raftlog.segmented.SegmentedRaftLogWorker$WriteLog.execute(SegmentedRaftLogWorker.java:477)
	at org.apache.ratis.server.raftlog.segmented.SegmentedRaftLogWorker.run(SegmentedRaftLogWorker.java:289)
	at java.lang.Thread.run(Thread.java:748)
Caused by: java.util.concurrent.TimeoutException
	at java.util.concurrent.CompletableFuture.timedGet(CompletableFuture.java:1771)
	at java.util.concurrent.CompletableFuture.get(CompletableFuture.java:1915)
	at org.apache.ratis.util.IOUtils.getFromFuture(IOUtils.java:79)
	... 4 more
 0.00% |█                                                                                                    |  0/1 Time: 0:08:282019-09-16 18:05:03,383 [grpc-default-executor-1] INFO  client.GrpcClientProtocolClient (GrpcClientProtocolClient.java:onNext(264)) - client-C494564659D0->7631069e-55aa-48aa-a80c-68f378536a45: receive RaftClientReply:client-C494564659D0->7631069e-55aa-48aa-a80c-68f378536a45@group-DB08F1BC869A, cid=144, FAILED org.apache.ratis.protocol.NotLeaderException: Server 7631069e-55aa-48aa-a80c-68f378536a45@group-DB08F1BC869A is not the leader d2644fda-0f6b-4964-8120-db19826e02a4:192.168.157.233:37608, logIndex=0, commits[7631069e-55aa-48aa-a80c-68f378536a45:c15, 59cccd2f-755e-4c45-a890-da01592df45f:c15, d2644fda-0f6b-4964-8120-db19826e02a4:c15]
 0.00% |█                                                                                                    |  0/1 Time: 0:08:29 0.00% |█                                                                                                    |  0/1 Time: 0:08:30 0.00% |█                                                                                                    |  0/1 Time: 0:08:31 0.00% |█                                                                                                    |  0/1 Time: 0:08:32 0.00% |█                                                                                                    |  0/1 Time: 0:08:332019-09-16 18:05:08,438 [grpc-default-executor-1] INFO  client.GrpcClientProtocolClient (GrpcClientProtocolClient.java:onNext(264)) - client-C494564659D0->7631069e-55aa-48aa-a80c-68f378536a45: receive RaftClientReply:client-C494564659D0->7631069e-55aa-48aa-a80c-68f378536a45@group-DB08F1BC869A, cid=144, FAILED org.apache.ratis.protocol.NotLeaderException: Server 7631069e-55aa-48aa-a80c-68f378536a45@group-DB08F1BC869A is not the leader d2644fda-0f6b-4964-8120-db19826e02a4:192.168.157.233:37608, logIndex=0, commits[7631069e-55aa-48aa-a80c-68f378536a45:c15, 59cccd2f-755e-4c45-a890-da01592df45f:c15, d2644fda-0f6b-4964-8120-db19826e02a4:c15]
 0.00% |█                                                                                                    |  0/1 Time: 0:08:34 0.00% |█                                                                                                    |  0/1 Time: 0:08:35 0.00% |█                                                                                                    |  0/1 Time: 0:08:36 0.00% |█                                                                                                    |  0/1 Time: 0:08:372019-09-16 18:05:12,391 [d2644fda-0f6b-4964-8120-db19826e02a4@group-DB08F1BC869A-SegmentedRaftLogWorker] WARN  segmented.SegmentedRaftLogWorker (SegmentedRaftLogWorker.java:getFromFuture(90)) - Timeout 12/~
org.apache.ratis.protocol.TimeoutIOException: Timeout 10s: WriteLog:16: (t:1, i:16), STATEMACHINELOGENTRY, client-C494564659D0, cid=144-writeStateMachineData
	at org.apache.ratis.util.IOUtils.getFromFuture(IOUtils.java:87)
	at org.apache.ratis.server.raftlog.segmented.SegmentedRaftLogWorker$StateMachineDataPolicy.getFromFuture(SegmentedRaftLogWorker.java:87)
	at org.apache.ratis.server.raftlog.segmented.SegmentedRaftLogWorker$WriteLog.execute(SegmentedRaftLogWorker.java:477)
	at org.apache.ratis.server.raftlog.segmented.SegmentedRaftLogWorker.run(SegmentedRaftLogWorker.java:289)
	at java.lang.Thread.run(Thread.java:748)
Caused by: java.util.concurrent.TimeoutException
	at java.util.concurrent.CompletableFuture.timedGet(CompletableFuture.java:1771)
	at java.util.concurrent.CompletableFuture.get(CompletableFuture.java:1915)
	at org.apache.ratis.util.IOUtils.getFromFuture(IOUtils.java:79)
	... 4 more
 0.00% |█                                                                                                    |  0/1 Time: 0:08:382019-09-16 18:05:13,482 [grpc-default-executor-1] INFO  client.GrpcClientProtocolClient (GrpcClientProtocolClient.java:onNext(264)) - client-C494564659D0->7631069e-55aa-48aa-a80c-68f378536a45: receive RaftClientReply:client-C494564659D0->7631069e-55aa-48aa-a80c-68f378536a45@group-DB08F1BC869A, cid=144, FAILED org.apache.ratis.protocol.NotLeaderException: Server 7631069e-55aa-48aa-a80c-68f378536a45@group-DB08F1BC869A is not the leader d2644fda-0f6b-4964-8120-db19826e02a4:192.168.157.233:37608, logIndex=0, commits[7631069e-55aa-48aa-a80c-68f378536a45:c15, 59cccd2f-755e-4c45-a890-da01592df45f:c15, d2644fda-0f6b-4964-8120-db19826e02a4:c15]
 0.00% |█                                                                                                    |  0/1 Time: 0:08:39 0.00% |█                                                                                                    |  0/1 Time: 0:08:40 0.00% |█                                                                                                    |  0/1 Time: 0:08:41 0.00% |█                                                                                                    |  0/1 Time: 0:08:42 0.00% |█                                                                                                    |  0/1 Time: 0:08:43 0.00% |█                                                                                                    |  0/1 Time: 0:08:442019-09-16 18:05:18,532 [grpc-default-executor-5] INFO  client.GrpcClientProtocolClient (GrpcClientProtocolClient.java:onNext(264)) - client-C494564659D0->59cccd2f-755e-4c45-a890-da01592df45f: receive RaftClientReply:client-C494564659D0->59cccd2f-755e-4c45-a890-da01592df45f@group-DB08F1BC869A, cid=144, FAILED org.apache.ratis.protocol.NotLeaderException: Server 59cccd2f-755e-4c45-a890-da01592df45f@group-DB08F1BC869A is not the leader d2644fda-0f6b-4964-8120-db19826e02a4:192.168.157.233:37608, logIndex=0, commits[59cccd2f-755e-4c45-a890-da01592df45f:c15, 7631069e-55aa-48aa-a80c-68f378536a45:c15, d2644fda-0f6b-4964-8120-db19826e02a4:c15]
 0.00% |█                                                                                                    |  0/1 Time: 0:08:45 0.00% |█                                                                                                    |  0/1 Time: 0:08:46 0.00% |█                                                                                                    |  0/1 Time: 0:08:472019-09-16 18:05:22,393 [d2644fda-0f6b-4964-8120-db19826e02a4@group-DB08F1BC869A-SegmentedRaftLogWorker] WARN  segmented.SegmentedRaftLogWorker (SegmentedRaftLogWorker.java:getFromFuture(90)) - Timeout 13/~
org.apache.ratis.protocol.TimeoutIOException: Timeout 10s: WriteLog:16: (t:1, i:16), STATEMACHINELOGENTRY, client-C494564659D0, cid=144-writeStateMachineData
	at org.apache.ratis.util.IOUtils.getFromFuture(IOUtils.java:87)
	at org.apache.ratis.server.raftlog.segmented.SegmentedRaftLogWorker$StateMachineDataPolicy.getFromFuture(SegmentedRaftLogWorker.java:87)
	at org.apache.ratis.server.raftlog.segmented.SegmentedRaftLogWorker$WriteLog.execute(SegmentedRaftLogWorker.java:477)
	at org.apache.ratis.server.raftlog.segmented.SegmentedRaftLogWorker.run(SegmentedRaftLogWorker.java:289)
	at java.lang.Thread.run(Thread.java:748)
Caused by: java.util.concurrent.TimeoutException
	at java.util.concurrent.CompletableFuture.timedGet(CompletableFuture.java:1771)
	at java.util.concurrent.CompletableFuture.get(CompletableFuture.java:1915)
	at org.apache.ratis.util.IOUtils.getFromFuture(IOUtils.java:79)
	... 4 more
 0.00% |█                                                                                                    |  0/1 Time: 0:08:48 0.00% |█                                                                                                    |  0/1 Time: 0:08:492019-09-16 18:05:23,567 [grpc-default-executor-2] INFO  client.GrpcClientProtocolClient (GrpcClientProtocolClient.java:onNext(264)) - client-C494564659D0->7631069e-55aa-48aa-a80c-68f378536a45: receive RaftClientReply:client-C494564659D0->7631069e-55aa-48aa-a80c-68f378536a45@group-DB08F1BC869A, cid=144, FAILED org.apache.ratis.protocol.NotLeaderException: Server 7631069e-55aa-48aa-a80c-68f378536a45@group-DB08F1BC869A is not the leader d2644fda-0f6b-4964-8120-db19826e02a4:192.168.157.233:37608, logIndex=0, commits[7631069e-55aa-48aa-a80c-68f378536a45:c15, 59cccd2f-755e-4c45-a890-da01592df45f:c15, d2644fda-0f6b-4964-8120-db19826e02a4:c15]
 0.00% |█                                                                                                    |  0/1 Time: 0:08:50 0.00% |█                                                                                                    |  0/1 Time: 0:08:51 0.00% |█                                                                                                    |  0/1 Time: 0:08:52 0.00% |█                                                                                                    |  0/1 Time: 0:08:53 0.00% |█                                                                                                    |  0/1 Time: 0:08:542019-09-16 18:05:28,620 [grpc-default-executor-1] INFO  client.GrpcClientProtocolClient (GrpcClientProtocolClient.java:onNext(264)) - client-C494564659D0->59cccd2f-755e-4c45-a890-da01592df45f: receive RaftClientReply:client-C494564659D0->59cccd2f-755e-4c45-a890-da01592df45f@group-DB08F1BC869A, cid=144, FAILED org.apache.ratis.protocol.NotLeaderException: Server 59cccd2f-755e-4c45-a890-da01592df45f@group-DB08F1BC869A is not the leader d2644fda-0f6b-4964-8120-db19826e02a4:192.168.157.233:37608, logIndex=0, commits[59cccd2f-755e-4c45-a890-da01592df45f:c15, 7631069e-55aa-48aa-a80c-68f378536a45:c15, d2644fda-0f6b-4964-8120-db19826e02a4:c15]
 0.00% |█                                                                                                    |  0/1 Time: 0:08:55 0.00% |█                                                                                                    |  0/1 Time: 0:08:56 0.00% |█                                                                                                    |  0/1 Time: 0:08:572019-09-16 18:05:32,394 [d2644fda-0f6b-4964-8120-db19826e02a4@group-DB08F1BC869A-SegmentedRaftLogWorker] WARN  segmented.SegmentedRaftLogWorker (SegmentedRaftLogWorker.java:getFromFuture(90)) - Timeout 14/~
org.apache.ratis.protocol.TimeoutIOException: Timeout 10s: WriteLog:16: (t:1, i:16), STATEMACHINELOGENTRY, client-C494564659D0, cid=144-writeStateMachineData
	at org.apache.ratis.util.IOUtils.getFromFuture(IOUtils.java:87)
	at org.apache.ratis.server.raftlog.segmented.SegmentedRaftLogWorker$StateMachineDataPolicy.getFromFuture(SegmentedRaftLogWorker.java:87)
	at org.apache.ratis.server.raftlog.segmented.SegmentedRaftLogWorker$WriteLog.execute(SegmentedRaftLogWorker.java:477)
	at org.apache.ratis.server.raftlog.segmented.SegmentedRaftLogWorker.run(SegmentedRaftLogWorker.java:289)
	at java.lang.Thread.run(Thread.java:748)
Caused by: java.util.concurrent.TimeoutException
	at java.util.concurrent.CompletableFuture.timedGet(CompletableFuture.java:1771)
	at java.util.concurrent.CompletableFuture.get(CompletableFuture.java:1915)
	at org.apache.ratis.util.IOUtils.getFromFuture(IOUtils.java:79)
	... 4 more
 0.00% |█                                                                                                    |  0/1 Time: 0:08:58 0.00% |█                                                                                                    |  0/1 Time: 0:08:592019-09-16 18:05:33,669 [grpc-default-executor-5] INFO  client.GrpcClientProtocolClient (GrpcClientProtocolClient.java:onNext(264)) - client-C494564659D0->7631069e-55aa-48aa-a80c-68f378536a45: receive RaftClientReply:client-C494564659D0->7631069e-55aa-48aa-a80c-68f378536a45@group-DB08F1BC869A, cid=144, FAILED org.apache.ratis.protocol.NotLeaderException: Server 7631069e-55aa-48aa-a80c-68f378536a45@group-DB08F1BC869A is not the leader d2644fda-0f6b-4964-8120-db19826e02a4:192.168.157.233:37608, logIndex=0, commits[7631069e-55aa-48aa-a80c-68f378536a45:c15, 59cccd2f-755e-4c45-a890-da01592df45f:c15, d2644fda-0f6b-4964-8120-db19826e02a4:c15]
 0.00% |█                                                                                                    |  0/1 Time: 0:09:00 0.00% |█                                                                                                    |  0/1 Time: 0:09:01 0.00% |█                                                                                                    |  0/1 Time: 0:09:02 0.00% |█                                                                                                    |  0/1 Time: 0:09:03 0.00% |█                                                                                                    |  0/1 Time: 0:09:042019-09-16 18:05:38,698 [grpc-default-executor-5] INFO  client.GrpcClientProtocolClient (GrpcClientProtocolClient.java:onNext(264)) - client-C494564659D0->59cccd2f-755e-4c45-a890-da01592df45f: receive RaftClientReply:client-C494564659D0->59cccd2f-755e-4c45-a890-da01592df45f@group-DB08F1BC869A, cid=144, FAILED org.apache.ratis.protocol.NotLeaderException: Server 59cccd2f-755e-4c45-a890-da01592df45f@group-DB08F1BC869A is not the leader d2644fda-0f6b-4964-8120-db19826e02a4:192.168.157.233:37608, logIndex=0, commits[59cccd2f-755e-4c45-a890-da01592df45f:c15, 7631069e-55aa-48aa-a80c-68f378536a45:c15, d2644fda-0f6b-4964-8120-db19826e02a4:c15]
 0.00% |█                                                                                                    |  0/1 Time: 0:09:05 0.00% |█                                                                                                    |  0/1 Time: 0:09:06 0.00% |█                                                                                                    |  0/1 Time: 0:09:072019-09-16 18:05:42,396 [d2644fda-0f6b-4964-8120-db19826e02a4@group-DB08F1BC869A-SegmentedRaftLogWorker] WARN  segmented.SegmentedRaftLogWorker (SegmentedRaftLogWorker.java:getFromFuture(90)) - Timeout 15/~
org.apache.ratis.protocol.TimeoutIOException: Timeout 10s: WriteLog:16: (t:1, i:16), STATEMACHINELOGENTRY, client-C494564659D0, cid=144-writeStateMachineData
	at org.apache.ratis.util.IOUtils.getFromFuture(IOUtils.java:87)
	at org.apache.ratis.server.raftlog.segmented.SegmentedRaftLogWorker$StateMachineDataPolicy.getFromFuture(SegmentedRaftLogWorker.java:87)
	at org.apache.ratis.server.raftlog.segmented.SegmentedRaftLogWorker$WriteLog.execute(SegmentedRaftLogWorker.java:477)
	at org.apache.ratis.server.raftlog.segmented.SegmentedRaftLogWorker.run(SegmentedRaftLogWorker.java:289)
	at java.lang.Thread.run(Thread.java:748)
Caused by: java.util.concurrent.TimeoutException
	at java.util.concurrent.CompletableFuture.timedGet(CompletableFuture.java:1771)
	at java.util.concurrent.CompletableFuture.get(CompletableFuture.java:1915)
	at org.apache.ratis.util.IOUtils.getFromFuture(IOUtils.java:79)
	... 4 more
 0.00% |█                                                                                                    |  0/1 Time: 0:09:08 0.00% |█                                                                                                    |  0/1 Time: 0:09:092019-09-16 18:05:43,735 [grpc-default-executor-5] INFO  client.GrpcClientProtocolClient (GrpcClientProtocolClient.java:onNext(264)) - client-C494564659D0->7631069e-55aa-48aa-a80c-68f378536a45: receive RaftClientReply:client-C494564659D0->7631069e-55aa-48aa-a80c-68f378536a45@group-DB08F1BC869A, cid=144, FAILED org.apache.ratis.protocol.NotLeaderException: Server 7631069e-55aa-48aa-a80c-68f378536a45@group-DB08F1BC869A is not the leader d2644fda-0f6b-4964-8120-db19826e02a4:192.168.157.233:37608, logIndex=0, commits[7631069e-55aa-48aa-a80c-68f378536a45:c15, 59cccd2f-755e-4c45-a890-da01592df45f:c15, d2644fda-0f6b-4964-8120-db19826e02a4:c15]
 0.00% |█                                                                                                    |  0/1 Time: 0:09:10 0.00% |█                                                                                                    |  0/1 Time: 0:09:11 0.00% |█                                                                                                    |  0/1 Time: 0:09:12 0.00% |█                                                                                                    |  0/1 Time: 0:09:13 0.00% |█                                                                                                    |  0/1 Time: 0:09:142019-09-16 18:05:48,774 [grpc-default-executor-2] INFO  client.GrpcClientProtocolClient (GrpcClientProtocolClient.java:onNext(264)) - client-C494564659D0->7631069e-55aa-48aa-a80c-68f378536a45: receive RaftClientReply:client-C494564659D0->7631069e-55aa-48aa-a80c-68f378536a45@group-DB08F1BC869A, cid=144, FAILED org.apache.ratis.protocol.NotLeaderException: Server 7631069e-55aa-48aa-a80c-68f378536a45@group-DB08F1BC869A is not the leader d2644fda-0f6b-4964-8120-db19826e02a4:192.168.157.233:37608, logIndex=0, commits[7631069e-55aa-48aa-a80c-68f378536a45:c15, 59cccd2f-755e-4c45-a890-da01592df45f:c15, d2644fda-0f6b-4964-8120-db19826e02a4:c15]
 0.00% |█                                                                                                    |  0/1 Time: 0:09:15 0.00% |█                                                                                                    |  0/1 Time: 0:09:16 0.00% |█                                                                                                    |  0/1 Time: 0:09:172019-09-16 18:05:52,397 [d2644fda-0f6b-4964-8120-db19826e02a4@group-DB08F1BC869A-SegmentedRaftLogWorker] WARN  segmented.SegmentedRaftLogWorker (SegmentedRaftLogWorker.java:getFromFuture(90)) - Timeout 16/~
org.apache.ratis.protocol.TimeoutIOException: Timeout 10s: WriteLog:16: (t:1, i:16), STATEMACHINELOGENTRY, client-C494564659D0, cid=144-writeStateMachineData
	at org.apache.ratis.util.IOUtils.getFromFuture(IOUtils.java:87)
	at org.apache.ratis.server.raftlog.segmented.SegmentedRaftLogWorker$StateMachineDataPolicy.getFromFuture(SegmentedRaftLogWorker.java:87)
	at org.apache.ratis.server.raftlog.segmented.SegmentedRaftLogWorker$WriteLog.execute(SegmentedRaftLogWorker.java:477)
	at org.apache.ratis.server.raftlog.segmented.SegmentedRaftLogWorker.run(SegmentedRaftLogWorker.java:289)
	at java.lang.Thread.run(Thread.java:748)
Caused by: java.util.concurrent.TimeoutException
	at java.util.concurrent.CompletableFuture.timedGet(CompletableFuture.java:1771)
	at java.util.concurrent.CompletableFuture.get(CompletableFuture.java:1915)
	at org.apache.ratis.util.IOUtils.getFromFuture(IOUtils.java:79)
	... 4 more
 0.00% |█                                                                                                    |  0/1 Time: 0:09:18 0.00% |█                                                                                                    |  0/1 Time: 0:09:192019-09-16 18:05:53,810 [grpc-default-executor-5] INFO  client.GrpcClientProtocolClient (GrpcClientProtocolClient.java:onNext(264)) - client-C494564659D0->59cccd2f-755e-4c45-a890-da01592df45f: receive RaftClientReply:client-C494564659D0->59cccd2f-755e-4c45-a890-da01592df45f@group-DB08F1BC869A, cid=144, FAILED org.apache.ratis.protocol.NotLeaderException: Server 59cccd2f-755e-4c45-a890-da01592df45f@group-DB08F1BC869A is not the leader d2644fda-0f6b-4964-8120-db19826e02a4:192.168.157.233:37608, logIndex=0, commits[59cccd2f-755e-4c45-a890-da01592df45f:c15, 7631069e-55aa-48aa-a80c-68f378536a45:c15, d2644fda-0f6b-4964-8120-db19826e02a4:c15]
 0.00% |█                                                                                                    |  0/1 Time: 0:09:20 0.00% |█                                                                                                    |  0/1 Time: 0:09:21 0.00% |█                                                                                                    |  0/1 Time: 0:09:22 0.00% |█                                                                                                    |  0/1 Time: 0:09:23 0.00% |█                                                                                                    |  0/1 Time: 0:09:242019-09-16 18:05:58,853 [grpc-default-executor-5] INFO  client.GrpcClientProtocolClient (GrpcClientProtocolClient.java:onNext(264)) - client-C494564659D0->59cccd2f-755e-4c45-a890-da01592df45f: receive RaftClientReply:client-C494564659D0->59cccd2f-755e-4c45-a890-da01592df45f@group-DB08F1BC869A, cid=144, FAILED org.apache.ratis.protocol.NotLeaderException: Server 59cccd2f-755e-4c45-a890-da01592df45f@group-DB08F1BC869A is not the leader d2644fda-0f6b-4964-8120-db19826e02a4:192.168.157.233:37608, logIndex=0, commits[59cccd2f-755e-4c45-a890-da01592df45f:c15, 7631069e-55aa-48aa-a80c-68f378536a45:c15, d2644fda-0f6b-4964-8120-db19826e02a4:c15]
 0.00% |█                                                                                                    |  0/1 Time: 0:09:25 0.00% |█                                                                                                    |  0/1 Time: 0:09:26 0.00% |█                                                                                                    |  0/1 Time: 0:09:272019-09-16 18:06:02,398 [d2644fda-0f6b-4964-8120-db19826e02a4@group-DB08F1BC869A-SegmentedRaftLogWorker] WARN  segmented.SegmentedRaftLogWorker (SegmentedRaftLogWorker.java:getFromFuture(90)) - Timeout 17/~
org.apache.ratis.protocol.TimeoutIOException: Timeout 10s: WriteLog:16: (t:1, i:16), STATEMACHINELOGENTRY, client-C494564659D0, cid=144-writeStateMachineData
	at org.apache.ratis.util.IOUtils.getFromFuture(IOUtils.java:87)
	at org.apache.ratis.server.raftlog.segmented.SegmentedRaftLogWorker$StateMachineDataPolicy.getFromFuture(SegmentedRaftLogWorker.java:87)
	at org.apache.ratis.server.raftlog.segmented.SegmentedRaftLogWorker$WriteLog.execute(SegmentedRaftLogWorker.java:477)
	at org.apache.ratis.server.raftlog.segmented.SegmentedRaftLogWorker.run(SegmentedRaftLogWorker.java:289)
	at java.lang.Thread.run(Thread.java:748)
Caused by: java.util.concurrent.TimeoutException
	at java.util.concurrent.CompletableFuture.timedGet(CompletableFuture.java:1771)
	at java.util.concurrent.CompletableFuture.get(CompletableFuture.java:1915)
	at org.apache.ratis.util.IOUtils.getFromFuture(IOUtils.java:79)
	... 4 more
 0.00% |█                                                                                                    |  0/1 Time: 0:09:28 0.00% |█                                                                                                    |  0/1 Time: 0:09:292019-09-16 18:06:03,892 [grpc-default-executor-5] INFO  client.GrpcClientProtocolClient (GrpcClientProtocolClient.java:onNext(264)) - client-C494564659D0->7631069e-55aa-48aa-a80c-68f378536a45: receive RaftClientReply:client-C494564659D0->7631069e-55aa-48aa-a80c-68f378536a45@group-DB08F1BC869A, cid=144, FAILED org.apache.ratis.protocol.NotLeaderException: Server 7631069e-55aa-48aa-a80c-68f378536a45@group-DB08F1BC869A is not the leader d2644fda-0f6b-4964-8120-db19826e02a4:192.168.157.233:37608, logIndex=0, commits[7631069e-55aa-48aa-a80c-68f378536a45:c15, 59cccd2f-755e-4c45-a890-da01592df45f:c15, d2644fda-0f6b-4964-8120-db19826e02a4:c15]
 0.00% |█                                                                                                    |  0/1 Time: 0:09:30 0.00% |█                                                                                                    |  0/1 Time: 0:09:31 0.00% |█                                                                                                    |  0/1 Time: 0:09:32 0.00% |█                                                                                                    |  0/1 Time: 0:09:33 0.00% |█                                                                                                    |  0/1 Time: 0:09:342019-09-16 18:06:08,944 [grpc-default-executor-5] INFO  client.GrpcClientProtocolClient (GrpcClientProtocolClient.java:onNext(264)) - client-C494564659D0->7631069e-55aa-48aa-a80c-68f378536a45: receive RaftClientReply:client-C494564659D0->7631069e-55aa-48aa-a80c-68f378536a45@group-DB08F1BC869A, cid=144, FAILED org.apache.ratis.protocol.NotLeaderException: Server 7631069e-55aa-48aa-a80c-68f378536a45@group-DB08F1BC869A is not the leader d2644fda-0f6b-4964-8120-db19826e02a4:192.168.157.233:37608, logIndex=0, commits[7631069e-55aa-48aa-a80c-68f378536a45:c15, 59cccd2f-755e-4c45-a890-da01592df45f:c15, d2644fda-0f6b-4964-8120-db19826e02a4:c15]
 0.00% |█                                                                                                    |  0/1 Time: 0:09:35 0.00% |█                                                                                                    |  0/1 Time: 0:09:36 0.00% |█                                                                                                    |  0/1 Time: 0:09:372019-09-16 18:06:12,399 [d2644fda-0f6b-4964-8120-db19826e02a4@group-DB08F1BC869A-SegmentedRaftLogWorker] WARN  segmented.SegmentedRaftLogWorker (SegmentedRaftLogWorker.java:getFromFuture(90)) - Timeout 18/~
org.apache.ratis.protocol.TimeoutIOException: Timeout 10s: WriteLog:16: (t:1, i:16), STATEMACHINELOGENTRY, client-C494564659D0, cid=144-writeStateMachineData
	at org.apache.ratis.util.IOUtils.getFromFuture(IOUtils.java:87)
	at org.apache.ratis.server.raftlog.segmented.SegmentedRaftLogWorker$StateMachineDataPolicy.getFromFuture(SegmentedRaftLogWorker.java:87)
	at org.apache.ratis.server.raftlog.segmented.SegmentedRaftLogWorker$WriteLog.execute(SegmentedRaftLogWorker.java:477)
	at org.apache.ratis.server.raftlog.segmented.SegmentedRaftLogWorker.run(SegmentedRaftLogWorker.java:289)
	at java.lang.Thread.run(Thread.java:748)
Caused by: java.util.concurrent.TimeoutException
	at java.util.concurrent.CompletableFuture.timedGet(CompletableFuture.java:1771)
	at java.util.concurrent.CompletableFuture.get(CompletableFuture.java:1915)
	at org.apache.ratis.util.IOUtils.getFromFuture(IOUtils.java:79)
	... 4 more
 0.00% |█                                                                                                    |  0/1 Time: 0:09:38 0.00% |█                                                                                                    |  0/1 Time: 0:09:392019-09-16 18:06:13,978 [grpc-default-executor-5] INFO  client.GrpcClientProtocolClient (GrpcClientProtocolClient.java:onNext(264)) - client-C494564659D0->7631069e-55aa-48aa-a80c-68f378536a45: receive RaftClientReply:client-C494564659D0->7631069e-55aa-48aa-a80c-68f378536a45@group-DB08F1BC869A, cid=144, FAILED org.apache.ratis.protocol.NotLeaderException: Server 7631069e-55aa-48aa-a80c-68f378536a45@group-DB08F1BC869A is not the leader d2644fda-0f6b-4964-8120-db19826e02a4:192.168.157.233:37608, logIndex=0, commits[7631069e-55aa-48aa-a80c-68f378536a45:c15, 59cccd2f-755e-4c45-a890-da01592df45f:c15, d2644fda-0f6b-4964-8120-db19826e02a4:c15]
 0.00% |█                                                                                                    |  0/1 Time: 0:09:40 0.00% |█                                                                                                    |  0/1 Time: 0:09:41 0.00% |█                                                                                                    |  0/1 Time: 0:09:42 0.00% |█                                                                                                    |  0/1 Time: 0:09:43 0.00% |█                                                                                                    |  0/1 Time: 0:09:442019-09-16 18:06:19,007 [grpc-default-executor-5] INFO  client.GrpcClientProtocolClient (GrpcClientProtocolClient.java:onNext(264)) - client-C494564659D0->7631069e-55aa-48aa-a80c-68f378536a45: receive RaftClientReply:client-C494564659D0->7631069e-55aa-48aa-a80c-68f378536a45@group-DB08F1BC869A, cid=144, FAILED org.apache.ratis.protocol.NotLeaderException: Server 7631069e-55aa-48aa-a80c-68f378536a45@group-DB08F1BC869A is not the leader d2644fda-0f6b-4964-8120-db19826e02a4:192.168.157.233:37608, logIndex=0, commits[7631069e-55aa-48aa-a80c-68f378536a45:c15, 59cccd2f-755e-4c45-a890-da01592df45f:c15, d2644fda-0f6b-4964-8120-db19826e02a4:c15]
 0.00% |█                                                                                                    |  0/1 Time: 0:09:45 0.00% |█                                                                                                    |  0/1 Time: 0:09:46 0.00% |█                                                                                                    |  0/1 Time: 0:09:472019-09-16 18:06:22,401 [d2644fda-0f6b-4964-8120-db19826e02a4@group-DB08F1BC869A-SegmentedRaftLogWorker] WARN  segmented.SegmentedRaftLogWorker (SegmentedRaftLogWorker.java:getFromFuture(90)) - Timeout 19/~
org.apache.ratis.protocol.TimeoutIOException: Timeout 10s: WriteLog:16: (t:1, i:16), STATEMACHINELOGENTRY, client-C494564659D0, cid=144-writeStateMachineData
	at org.apache.ratis.util.IOUtils.getFromFuture(IOUtils.java:87)
	at org.apache.ratis.server.raftlog.segmented.SegmentedRaftLogWorker$StateMachineDataPolicy.getFromFuture(SegmentedRaftLogWorker.java:87)
	at org.apache.ratis.server.raftlog.segmented.SegmentedRaftLogWorker$WriteLog.execute(SegmentedRaftLogWorker.java:477)
	at org.apache.ratis.server.raftlog.segmented.SegmentedRaftLogWorker.run(SegmentedRaftLogWorker.java:289)
	at java.lang.Thread.run(Thread.java:748)
Caused by: java.util.concurrent.TimeoutException
	at java.util.concurrent.CompletableFuture.timedGet(CompletableFuture.java:1771)
	at java.util.concurrent.CompletableFuture.get(CompletableFuture.java:1915)
	at org.apache.ratis.util.IOUtils.getFromFuture(IOUtils.java:79)
	... 4 more
 0.00% |█                                                                                                    |  0/1 Time: 0:09:48 0.00% |█                                                                                                    |  0/1 Time: 0:09:492019-09-16 18:06:24,051 [grpc-default-executor-2] INFO  client.GrpcClientProtocolClient (GrpcClientProtocolClient.java:onNext(264)) - client-C494564659D0->59cccd2f-755e-4c45-a890-da01592df45f: receive RaftClientReply:client-C494564659D0->59cccd2f-755e-4c45-a890-da01592df45f@group-DB08F1BC869A, cid=144, FAILED org.apache.ratis.protocol.NotLeaderException: Server 59cccd2f-755e-4c45-a890-da01592df45f@group-DB08F1BC869A is not the leader d2644fda-0f6b-4964-8120-db19826e02a4:192.168.157.233:37608, logIndex=0, commits[59cccd2f-755e-4c45-a890-da01592df45f:c15, 7631069e-55aa-48aa-a80c-68f378536a45:c15, d2644fda-0f6b-4964-8120-db19826e02a4:c15]
 0.00% |█                                                                                                    |  0/1 Time: 0:09:50 0.00% |█                                                                                                    |  0/1 Time: 0:09:51 0.00% |█                                                                                                    |  0/1 Time: 0:09:52 0.00% |█                                                                                                    |  0/1 Time: 0:09:53 0.00% |█                                                                                                    |  0/1 Time: 0:09:542019-09-16 18:06:29,095 [grpc-default-executor-2] INFO  client.GrpcClientProtocolClient (GrpcClientProtocolClient.java:onNext(264)) - client-C494564659D0->7631069e-55aa-48aa-a80c-68f378536a45: receive RaftClientReply:client-C494564659D0->7631069e-55aa-48aa-a80c-68f378536a45@group-DB08F1BC869A, cid=144, FAILED org.apache.ratis.protocol.NotLeaderException: Server 7631069e-55aa-48aa-a80c-68f378536a45@group-DB08F1BC869A is not the leader d2644fda-0f6b-4964-8120-db19826e02a4:192.168.157.233:37608, logIndex=0, commits[7631069e-55aa-48aa-a80c-68f378536a45:c15, 59cccd2f-755e-4c45-a890-da01592df45f:c15, d2644fda-0f6b-4964-8120-db19826e02a4:c15]
 0.00% |█                                                                                                    |  0/1 Time: 0:09:55 0.00% |█                                                                                                    |  0/1 Time: 0:09:56 0.00% |█                                                                                                    |  0/1 Time: 0:09:572019-09-16 18:06:32,422 [d2644fda-0f6b-4964-8120-db19826e02a4@group-DB08F1BC869A-SegmentedRaftLogWorker] WARN  segmented.SegmentedRaftLogWorker (SegmentedRaftLogWorker.java:getFromFuture(90)) - Timeout 20/~
org.apache.ratis.protocol.TimeoutIOException: Timeout 10s: WriteLog:16: (t:1, i:16), STATEMACHINELOGENTRY, client-C494564659D0, cid=144-writeStateMachineData
	at org.apache.ratis.util.IOUtils.getFromFuture(IOUtils.java:87)
	at org.apache.ratis.server.raftlog.segmented.SegmentedRaftLogWorker$StateMachineDataPolicy.getFromFuture(SegmentedRaftLogWorker.java:87)
	at org.apache.ratis.server.raftlog.segmented.SegmentedRaftLogWorker$WriteLog.execute(SegmentedRaftLogWorker.java:477)
	at org.apache.ratis.server.raftlog.segmented.SegmentedRaftLogWorker.run(SegmentedRaftLogWorker.java:289)
	at java.lang.Thread.run(Thread.java:748)
Caused by: java.util.concurrent.TimeoutException
	at java.util.concurrent.CompletableFuture.timedGet(CompletableFuture.java:1771)
	at java.util.concurrent.CompletableFuture.get(CompletableFuture.java:1915)
	at org.apache.ratis.util.IOUtils.getFromFuture(IOUtils.java:79)
	... 4 more
 0.00% |█                                                                                                    |  0/1 Time: 0:09:58 0.00% |█                                                                                                    |  0/1 Time: 0:09:592019-09-16 18:06:34,164 [grpc-default-executor-2] INFO  client.GrpcClientProtocolClient (GrpcClientProtocolClient.java:onNext(264)) - client-C494564659D0->59cccd2f-755e-4c45-a890-da01592df45f: receive RaftClientReply:client-C494564659D0->59cccd2f-755e-4c45-a890-da01592df45f@group-DB08F1BC869A, cid=144, FAILED org.apache.ratis.protocol.NotLeaderException: Server 59cccd2f-755e-4c45-a890-da01592df45f@group-DB08F1BC869A is not the leader d2644fda-0f6b-4964-8120-db19826e02a4:192.168.157.233:37608, logIndex=0, commits[59cccd2f-755e-4c45-a890-da01592df45f:c15, 7631069e-55aa-48aa-a80c-68f378536a45:c15, d2644fda-0f6b-4964-8120-db19826e02a4:c15]
 0.00% |█                                                                                                    |  0/1 Time: 0:10:00 0.00% |█                                                                                                    |  0/1 Time: 0:10:012019-09-16 18:06:35,561 [ReplicationMonitor] INFO  container.ReplicationManager (ReplicationManager.java:forceCloseContainer(464)) - Force closing container #5 with BCSID 0, which is in QUASI_CLOSED state.
2019-09-16 18:06:35,561 [ReplicationMonitor] INFO  container.ReplicationManager (ReplicationManager.java:sendCloseCommand(659)) - Sending close container command for container #5 to datanode 7631069e-55aa-48aa-a80c-68f378536a45{ip: 192.168.157.233, host: pr-hdds-2120-x62sn-1884063469, networkLocation: /default-rack, certSerialId: null}.
2019-09-16 18:06:35,561 [ReplicationMonitor] INFO  container.ReplicationManager (ReplicationManager.java:sendCloseCommand(659)) - Sending close container command for container #5 to datanode 59cccd2f-755e-4c45-a890-da01592df45f{ip: 192.168.157.233, host: pr-hdds-2120-x62sn-1884063469, networkLocation: /default-rack, certSerialId: null}.
2019-09-16 18:06:35,561 [ReplicationMonitor] INFO  container.ReplicationManager (ReplicationManager.java:sendCloseCommand(659)) - Sending close container command for container #5 to datanode d2644fda-0f6b-4964-8120-db19826e02a4{ip: 192.168.157.233, host: pr-hdds-2120-x62sn-1884063469, networkLocation: /default-rack, certSerialId: null}.
2019-09-16 18:06:35,565 [ReplicationMonitor] INFO  container.ReplicationManager (ReplicationManager.java:forceCloseContainer(464)) - Force closing container #4 with BCSID 14, which is in QUASI_CLOSED state.
2019-09-16 18:06:35,565 [ReplicationMonitor] INFO  container.ReplicationManager (ReplicationManager.java:sendCloseCommand(659)) - Sending close container command for container #4 to datanode d2644fda-0f6b-4964-8120-db19826e02a4{ip: 192.168.157.233, host: pr-hdds-2120-x62sn-1884063469, networkLocation: /default-rack, certSerialId: null}.
2019-09-16 18:06:35,565 [ReplicationMonitor] INFO  container.ReplicationManager (ReplicationManager.java:sendCloseCommand(659)) - Sending close container command for container #4 to datanode 59cccd2f-755e-4c45-a890-da01592df45f{ip: 192.168.157.233, host: pr-hdds-2120-x62sn-1884063469, networkLocation: /default-rack, certSerialId: null}.
2019-09-16 18:06:35,566 [ReplicationMonitor] INFO  container.ReplicationManager (ReplicationManager.java:sendCloseCommand(659)) - Sending close container command for container #4 to datanode 7631069e-55aa-48aa-a80c-68f378536a45{ip: 192.168.157.233, host: pr-hdds-2120-x62sn-1884063469, networkLocation: /default-rack, certSerialId: null}.
2019-09-16 18:06:35,566 [ReplicationMonitor] INFO  container.ReplicationManager (ReplicationManager.java:run(225)) - Replication Monitor Thread took 6 milliseconds for processing 7 containers.
 0.00% |█                                                                                                    |  0/1 Time: 0:10:022019-09-16 18:06:36,707 [Command processor thread] INFO  interfaces.Container (KeyValueContainer.java:flushAndSyncDB(386)) - Container 5 is synced with bcsId 0.
2019-09-16 18:06:36,708 [Command processor thread] INFO  interfaces.Container (KeyValueContainer.java:flushAndSyncDB(386)) - Container 5 is synced with bcsId 0.
2019-09-16 18:06:36,720 [Command processor thread] INFO  interfaces.Container (KeyValueContainer.java:flushAndSyncDB(386)) - Container 5 is synced with bcsId 0.
2019-09-16 18:06:36,720 [Command processor thread] INFO  interfaces.Container (KeyValueContainer.java:flushAndSyncDB(386)) - Container 5 is synced with bcsId 0.
2019-09-16 18:06:36,725 [Command processor thread] INFO  interfaces.Container (KeyValueContainer.java:close(335)) - Container 5 is closed with bcsId 0.
2019-09-16 18:06:36,725 [Command processor thread] INFO  interfaces.Container (KeyValueContainer.java:close(335)) - Container 5 is closed with bcsId 0.
2019-09-16 18:06:36,726 [Command processor thread] INFO  interfaces.Container (KeyValueContainer.java:flushAndSyncDB(386)) - Container 4 is synced with bcsId 14.
2019-09-16 18:06:36,726 [Command processor thread] INFO  interfaces.Container (KeyValueContainer.java:flushAndSyncDB(386)) - Container 4 is synced with bcsId 14.
2019-09-16 18:06:36,726 [Command processor thread] INFO  interfaces.Container (KeyValueContainer.java:flushAndSyncDB(386)) - Container 4 is synced with bcsId 14.
2019-09-16 18:06:36,726 [Command processor thread] INFO  interfaces.Container (KeyValueContainer.java:flushAndSyncDB(386)) - Container 4 is synced with bcsId 14.
2019-09-16 18:06:36,727 [EventQueue-IncrementalContainerReportForIncrementalContainerReportHandler] INFO  container.IncrementalContainerReportHandler (AbstractContainerReportHandler.java:updateContainerState(202)) - Moving container #5 to CLOSED state, datanode d2644fda-0f6b-4964-8120-db19826e02a4{ip: 192.168.157.233, host: pr-hdds-2120-x62sn-1884063469, networkLocation: /default-rack, certSerialId: null} reported CLOSED replica.
2019-09-16 18:06:36,741 [Command processor thread] INFO  interfaces.Container (KeyValueContainer.java:close(335)) - Container 4 is closed with bcsId 14.
2019-09-16 18:06:36,741 [Command processor thread] INFO  interfaces.Container (KeyValueContainer.java:close(335)) - Container 4 is closed with bcsId 14.
2019-09-16 18:06:36,741 [EventQueue-IncrementalContainerReportForIncrementalContainerReportHandler] INFO  container.IncrementalContainerReportHandler (AbstractContainerReportHandler.java:updateContainerState(202)) - Moving container #4 to CLOSED state, datanode 59cccd2f-755e-4c45-a890-da01592df45f{ip: 192.168.157.233, host: pr-hdds-2120-x62sn-1884063469, networkLocation: /default-rack, certSerialId: null} reported CLOSED replica.
 0.00% |█                                                                                                    |  0/1 Time: 0:10:032019-09-16 18:06:37,707 [Command processor thread] INFO  interfaces.Container (KeyValueContainer.java:flushAndSyncDB(386)) - Container 5 is synced with bcsId 0.
2019-09-16 18:06:37,708 [Command processor thread] INFO  interfaces.Container (KeyValueContainer.java:flushAndSyncDB(386)) - Container 5 is synced with bcsId 0.
2019-09-16 18:06:37,732 [Command processor thread] INFO  interfaces.Container (KeyValueContainer.java:close(335)) - Container 5 is closed with bcsId 0.
2019-09-16 18:06:37,733 [Command processor thread] INFO  interfaces.Container (KeyValueContainer.java:flushAndSyncDB(386)) - Container 4 is synced with bcsId 14.
2019-09-16 18:06:37,733 [Command processor thread] INFO  interfaces.Container (KeyValueContainer.java:flushAndSyncDB(386)) - Container 4 is synced with bcsId 14.
2019-09-16 18:06:37,747 [Command processor thread] INFO  interfaces.Container (KeyValueContainer.java:close(335)) - Container 4 is closed with bcsId 14.
 0.00% |█                                                                                                    |  0/1 Time: 0:10:042019-09-16 18:06:39,209 [grpc-default-executor-2] INFO  client.GrpcClientProtocolClient (GrpcClientProtocolClient.java:onNext(264)) - client-C494564659D0->7631069e-55aa-48aa-a80c-68f378536a45: receive RaftClientReply:client-C494564659D0->7631069e-55aa-48aa-a80c-68f378536a45@group-DB08F1BC869A, cid=144, FAILED org.apache.ratis.protocol.NotLeaderException: Server 7631069e-55aa-48aa-a80c-68f378536a45@group-DB08F1BC869A is not the leader d2644fda-0f6b-4964-8120-db19826e02a4:192.168.157.233:37608, logIndex=0, commits[7631069e-55aa-48aa-a80c-68f378536a45:c15, 59cccd2f-755e-4c45-a890-da01592df45f:c15, d2644fda-0f6b-4964-8120-db19826e02a4:c15]
 0.00% |█                                                                                                    |  0/1 Time: 0:10:05 0.00% |█                                                                                                    |  0/1 Time: 0:10:06 0.00% |█                                                                                                    |  0/1 Time: 0:10:072019-09-16 18:06:42,424 [d2644fda-0f6b-4964-8120-db19826e02a4@group-DB08F1BC869A-SegmentedRaftLogWorker] WARN  segmented.SegmentedRaftLogWorker (SegmentedRaftLogWorker.java:getFromFuture(90)) - Timeout 21/~
org.apache.ratis.protocol.TimeoutIOException: Timeout 10s: WriteLog:16: (t:1, i:16), STATEMACHINELOGENTRY, client-C494564659D0, cid=144-writeStateMachineData
	at org.apache.ratis.util.IOUtils.getFromFuture(IOUtils.java:87)
	at org.apache.ratis.server.raftlog.segmented.SegmentedRaftLogWorker$StateMachineDataPolicy.getFromFuture(SegmentedRaftLogWorker.java:87)
	at org.apache.ratis.server.raftlog.segmented.SegmentedRaftLogWorker$WriteLog.execute(SegmentedRaftLogWorker.java:477)
	at org.apache.ratis.server.raftlog.segmented.SegmentedRaftLogWorker.run(SegmentedRaftLogWorker.java:289)
	at java.lang.Thread.run(Thread.java:748)
Caused by: java.util.concurrent.TimeoutException
	at java.util.concurrent.CompletableFuture.timedGet(CompletableFuture.java:1771)
	at java.util.concurrent.CompletableFuture.get(CompletableFuture.java:1915)
	at org.apache.ratis.util.IOUtils.getFromFuture(IOUtils.java:79)
	... 4 more
 0.00% |█                                                                                                    |  0/1 Time: 0:10:08 0.00% |█                                                                                                    |  0/1 Time: 0:10:092019-09-16 18:06:44,256 [grpc-default-executor-2] INFO  client.GrpcClientProtocolClient (GrpcClientProtocolClient.java:onNext(264)) - client-C494564659D0->59cccd2f-755e-4c45-a890-da01592df45f: receive RaftClientReply:client-C494564659D0->59cccd2f-755e-4c45-a890-da01592df45f@group-DB08F1BC869A, cid=144, FAILED org.apache.ratis.protocol.NotLeaderException: Server 59cccd2f-755e-4c45-a890-da01592df45f@group-DB08F1BC869A is not the leader d2644fda-0f6b-4964-8120-db19826e02a4:192.168.157.233:37608, logIndex=0, commits[59cccd2f-755e-4c45-a890-da01592df45f:c15, 7631069e-55aa-48aa-a80c-68f378536a45:c15, d2644fda-0f6b-4964-8120-db19826e02a4:c15]
 0.00% |█                                                                                                    |  0/1 Time: 0:10:10 0.00% |█                                                                                                    |  0/1 Time: 0:10:11 0.00% |█                                                                                                    |  0/1 Time: 0:10:12 0.00% |█                                                                                                    |  0/1 Time: 0:10:13 0.00% |█                                                                                                    |  0/1 Time: 0:10:142019-09-16 18:06:49,302 [grpc-default-executor-5] INFO  client.GrpcClientProtocolClient (GrpcClientProtocolClient.java:onNext(264)) - client-C494564659D0->7631069e-55aa-48aa-a80c-68f378536a45: receive RaftClientReply:client-C494564659D0->7631069e-55aa-48aa-a80c-68f378536a45@group-DB08F1BC869A, cid=144, FAILED org.apache.ratis.protocol.NotLeaderException: Server 7631069e-55aa-48aa-a80c-68f378536a45@group-DB08F1BC869A is not the leader d2644fda-0f6b-4964-8120-db19826e02a4:192.168.157.233:37608, logIndex=0, commits[7631069e-55aa-48aa-a80c-68f378536a45:c15, 59cccd2f-755e-4c45-a890-da01592df45f:c15, d2644fda-0f6b-4964-8120-db19826e02a4:c15]
 0.00% |█                                                                                                    |  0/1 Time: 0:10:15 0.00% |█                                                                                                    |  0/1 Time: 0:10:16 0.00% |█                                                                                                    |  0/1 Time: 0:10:172019-09-16 18:06:52,425 [d2644fda-0f6b-4964-8120-db19826e02a4@group-DB08F1BC869A-SegmentedRaftLogWorker] WARN  segmented.SegmentedRaftLogWorker (SegmentedRaftLogWorker.java:getFromFuture(90)) - Timeout 22/~
org.apache.ratis.protocol.TimeoutIOException: Timeout 10s: WriteLog:16: (t:1, i:16), STATEMACHINELOGENTRY, client-C494564659D0, cid=144-writeStateMachineData
	at org.apache.ratis.util.IOUtils.getFromFuture(IOUtils.java:87)
	at org.apache.ratis.server.raftlog.segmented.SegmentedRaftLogWorker$StateMachineDataPolicy.getFromFuture(SegmentedRaftLogWorker.java:87)
	at org.apache.ratis.server.raftlog.segmented.SegmentedRaftLogWorker$WriteLog.execute(SegmentedRaftLogWorker.java:477)
	at org.apache.ratis.server.raftlog.segmented.SegmentedRaftLogWorker.run(SegmentedRaftLogWorker.java:289)
	at java.lang.Thread.run(Thread.java:748)
Caused by: java.util.concurrent.TimeoutException
	at java.util.concurrent.CompletableFuture.timedGet(CompletableFuture.java:1771)
	at java.util.concurrent.CompletableFuture.get(CompletableFuture.java:1915)
	at org.apache.ratis.util.IOUtils.getFromFuture(IOUtils.java:79)
	... 4 more
 0.00% |█                                                                                                    |  0/1 Time: 0:10:18 0.00% |█                                                                                                    |  0/1 Time: 0:10:192019-09-16 18:06:54,350 [grpc-default-executor-2] INFO  client.GrpcClientProtocolClient (GrpcClientProtocolClient.java:onNext(264)) - client-C494564659D0->7631069e-55aa-48aa-a80c-68f378536a45: receive RaftClientReply:client-C494564659D0->7631069e-55aa-48aa-a80c-68f378536a45@group-DB08F1BC869A, cid=144, FAILED org.apache.ratis.protocol.NotLeaderException: Server 7631069e-55aa-48aa-a80c-68f378536a45@group-DB08F1BC869A is not the leader d2644fda-0f6b-4964-8120-db19826e02a4:192.168.157.233:37608, logIndex=0, commits[7631069e-55aa-48aa-a80c-68f378536a45:c15, 59cccd2f-755e-4c45-a890-da01592df45f:c15, d2644fda-0f6b-4964-8120-db19826e02a4:c15]
 0.00% |█                                                                                                    |  0/1 Time: 0:10:20 0.00% |█                                                                                                    |  0/1 Time: 0:10:21 0.00% |█                                                                                                    |  0/1 Time: 0:10:22 0.00% |█                                                                                                    |  0/1 Time: 0:10:23 0.00% |█                                                                                                    |  0/1 Time: 0:10:242019-09-16 18:06:59,398 [grpc-default-executor-5] INFO  client.GrpcClientProtocolClient (GrpcClientProtocolClient.java:onNext(264)) - client-C494564659D0->59cccd2f-755e-4c45-a890-da01592df45f: receive RaftClientReply:client-C494564659D0->59cccd2f-755e-4c45-a890-da01592df45f@group-DB08F1BC869A, cid=144, FAILED org.apache.ratis.protocol.NotLeaderException: Server 59cccd2f-755e-4c45-a890-da01592df45f@group-DB08F1BC869A is not the leader d2644fda-0f6b-4964-8120-db19826e02a4:192.168.157.233:37608, logIndex=0, commits[59cccd2f-755e-4c45-a890-da01592df45f:c15, 7631069e-55aa-48aa-a80c-68f378536a45:c15, d2644fda-0f6b-4964-8120-db19826e02a4:c15]
 0.00% |█                                                                                                    |  0/1 Time: 0:10:25 0.00% |█                                                                                                    |  0/1 Time: 0:10:26 0.00% |█                                                                                                    |  0/1 Time: 0:10:272019-09-16 18:07:02,427 [d2644fda-0f6b-4964-8120-db19826e02a4@group-DB08F1BC869A-SegmentedRaftLogWorker] WARN  segmented.SegmentedRaftLogWorker (SegmentedRaftLogWorker.java:getFromFuture(90)) - Timeout 23/~
org.apache.ratis.protocol.TimeoutIOException: Timeout 10s: WriteLog:16: (t:1, i:16), STATEMACHINELOGENTRY, client-C494564659D0, cid=144-writeStateMachineData
	at org.apache.ratis.util.IOUtils.getFromFuture(IOUtils.java:87)
	at org.apache.ratis.server.raftlog.segmented.SegmentedRaftLogWorker$StateMachineDataPolicy.getFromFuture(SegmentedRaftLogWorker.java:87)
	at org.apache.ratis.server.raftlog.segmented.SegmentedRaftLogWorker$WriteLog.execute(SegmentedRaftLogWorker.java:477)
	at org.apache.ratis.server.raftlog.segmented.SegmentedRaftLogWorker.run(SegmentedRaftLogWorker.java:289)
	at java.lang.Thread.run(Thread.java:748)
Caused by: java.util.concurrent.TimeoutException
	at java.util.concurrent.CompletableFuture.timedGet(CompletableFuture.java:1771)
	at java.util.concurrent.CompletableFuture.get(CompletableFuture.java:1915)
	at org.apache.ratis.util.IOUtils.getFromFuture(IOUtils.java:79)
	... 4 more
 0.00% |█                                                                                                    |  0/1 Time: 0:10:28 0.00% |█                                                                                                    |  0/1 Time: 0:10:292019-09-16 18:07:04,448 [grpc-default-executor-5] INFO  client.GrpcClientProtocolClient (GrpcClientProtocolClient.java:onNext(264)) - client-C494564659D0->7631069e-55aa-48aa-a80c-68f378536a45: receive RaftClientReply:client-C494564659D0->7631069e-55aa-48aa-a80c-68f378536a45@group-DB08F1BC869A, cid=144, FAILED org.apache.ratis.protocol.NotLeaderException: Server 7631069e-55aa-48aa-a80c-68f378536a45@group-DB08F1BC869A is not the leader d2644fda-0f6b-4964-8120-db19826e02a4:192.168.157.233:37608, logIndex=0, commits[7631069e-55aa-48aa-a80c-68f378536a45:c15, 59cccd2f-755e-4c45-a890-da01592df45f:c15, d2644fda-0f6b-4964-8120-db19826e02a4:c15]
 0.00% |█                                                                                                    |  0/1 Time: 0:10:30 0.00% |█                                                                                                    |  0/1 Time: 0:10:31 0.00% |█                                                                                                    |  0/1 Time: 0:10:32 0.00% |█                                                                                                    |  0/1 Time: 0:10:33 0.00% |█                                                                                                    |  0/1 Time: 0:10:342019-09-16 18:07:09,513 [grpc-default-executor-5] INFO  client.GrpcClientProtocolClient (GrpcClientProtocolClient.java:onNext(264)) - client-C494564659D0->59cccd2f-755e-4c45-a890-da01592df45f: receive RaftClientReply:client-C494564659D0->59cccd2f-755e-4c45-a890-da01592df45f@group-DB08F1BC869A, cid=144, FAILED org.apache.ratis.protocol.NotLeaderException: Server 59cccd2f-755e-4c45-a890-da01592df45f@group-DB08F1BC869A is not the leader d2644fda-0f6b-4964-8120-db19826e02a4:192.168.157.233:37608, logIndex=0, commits[59cccd2f-755e-4c45-a890-da01592df45f:c15, 7631069e-55aa-48aa-a80c-68f378536a45:c15, d2644fda-0f6b-4964-8120-db19826e02a4:c15]
 0.00% |█                                                                                                    |  0/1 Time: 0:10:35 0.00% |█                                                                                                    |  0/1 Time: 0:10:36 0.00% |█                                                                                                    |  0/1 Time: 0:10:372019-09-16 18:07:12,430 [d2644fda-0f6b-4964-8120-db19826e02a4@group-DB08F1BC869A-SegmentedRaftLogWorker] WARN  segmented.SegmentedRaftLogWorker (SegmentedRaftLogWorker.java:getFromFuture(90)) - Timeout 24/~
org.apache.ratis.protocol.TimeoutIOException: Timeout 10s: WriteLog:16: (t:1, i:16), STATEMACHINELOGENTRY, client-C494564659D0, cid=144-writeStateMachineData
	at org.apache.ratis.util.IOUtils.getFromFuture(IOUtils.java:87)
	at org.apache.ratis.server.raftlog.segmented.SegmentedRaftLogWorker$StateMachineDataPolicy.getFromFuture(SegmentedRaftLogWorker.java:87)
	at org.apache.ratis.server.raftlog.segmented.SegmentedRaftLogWorker$WriteLog.execute(SegmentedRaftLogWorker.java:477)
	at org.apache.ratis.server.raftlog.segmented.SegmentedRaftLogWorker.run(SegmentedRaftLogWorker.java:289)
	at java.lang.Thread.run(Thread.java:748)
Caused by: java.util.concurrent.TimeoutException
	at java.util.concurrent.CompletableFuture.timedGet(CompletableFuture.java:1771)
	at java.util.concurrent.CompletableFuture.get(CompletableFuture.java:1915)
	at org.apache.ratis.util.IOUtils.getFromFuture(IOUtils.java:79)
	... 4 more
 0.00% |█                                                                                                    |  0/1 Time: 0:10:38 0.00% |█                                                                                                    |  0/1 Time: 0:10:39 0.00% |█                                                                                                    |  0/1 Time: 0:10:402019-09-16 18:07:14,575 [grpc-default-executor-2] INFO  client.GrpcClientProtocolClient (GrpcClientProtocolClient.java:onNext(264)) - client-C494564659D0->59cccd2f-755e-4c45-a890-da01592df45f: receive RaftClientReply:client-C494564659D0->59cccd2f-755e-4c45-a890-da01592df45f@group-DB08F1BC869A, cid=144, FAILED org.apache.ratis.protocol.NotLeaderException: Server 59cccd2f-755e-4c45-a890-da01592df45f@group-DB08F1BC869A is not the leader d2644fda-0f6b-4964-8120-db19826e02a4:192.168.157.233:37608, logIndex=0, commits[59cccd2f-755e-4c45-a890-da01592df45f:c15, 7631069e-55aa-48aa-a80c-68f378536a45:c15, d2644fda-0f6b-4964-8120-db19826e02a4:c15]
 0.00% |█                                                                                                    |  0/1 Time: 0:10:41 0.00% |█                                                                                                    |  0/1 Time: 0:10:42 0.00% |█                                                                                                    |  0/1 Time: 0:10:43 0.00% |█                                                                                                    |  0/1 Time: 0:10:44 0.00% |█                                                                                                    |  0/1 Time: 0:10:452019-09-16 18:07:19,605 [grpc-default-executor-2] INFO  client.GrpcClientProtocolClient (GrpcClientProtocolClient.java:onNext(264)) - client-C494564659D0->7631069e-55aa-48aa-a80c-68f378536a45: receive RaftClientReply:client-C494564659D0->7631069e-55aa-48aa-a80c-68f378536a45@group-DB08F1BC869A, cid=144, FAILED org.apache.ratis.protocol.NotLeaderException: Server 7631069e-55aa-48aa-a80c-68f378536a45@group-DB08F1BC869A is not the leader d2644fda-0f6b-4964-8120-db19826e02a4:192.168.157.233:37608, logIndex=0, commits[7631069e-55aa-48aa-a80c-68f378536a45:c15, 59cccd2f-755e-4c45-a890-da01592df45f:c15, d2644fda-0f6b-4964-8120-db19826e02a4:c15]
 0.00% |█                                                                                                    |  0/1 Time: 0:10:46 0.00% |█                                                                                                    |  0/1 Time: 0:10:472019-09-16 18:07:22,432 [d2644fda-0f6b-4964-8120-db19826e02a4@group-DB08F1BC869A-SegmentedRaftLogWorker] WARN  segmented.SegmentedRaftLogWorker (SegmentedRaftLogWorker.java:getFromFuture(90)) - Timeout 25/~
org.apache.ratis.protocol.TimeoutIOException: Timeout 10s: WriteLog:16: (t:1, i:16), STATEMACHINELOGENTRY, client-C494564659D0, cid=144-writeStateMachineData
	at org.apache.ratis.util.IOUtils.getFromFuture(IOUtils.java:87)
	at org.apache.ratis.server.raftlog.segmented.SegmentedRaftLogWorker$StateMachineDataPolicy.getFromFuture(SegmentedRaftLogWorker.java:87)
	at org.apache.ratis.server.raftlog.segmented.SegmentedRaftLogWorker$WriteLog.execute(SegmentedRaftLogWorker.java:477)
	at org.apache.ratis.server.raftlog.segmented.SegmentedRaftLogWorker.run(SegmentedRaftLogWorker.java:289)
	at java.lang.Thread.run(Thread.java:748)
Caused by: java.util.concurrent.TimeoutException
	at java.util.concurrent.CompletableFuture.timedGet(CompletableFuture.java:1771)
	at java.util.concurrent.CompletableFuture.get(CompletableFuture.java:1915)
	at org.apache.ratis.util.IOUtils.getFromFuture(IOUtils.java:79)
	... 4 more
 0.00% |█                                                                                                    |  0/1 Time: 0:10:48 0.00% |█                                                                                                    |  0/1 Time: 0:10:49 0.00% |█                                                                                                    |  0/1 Time: 0:10:502019-09-16 18:07:24,635 [grpc-default-executor-5] INFO  client.GrpcClientProtocolClient (GrpcClientProtocolClient.java:onNext(264)) - client-C494564659D0->7631069e-55aa-48aa-a80c-68f378536a45: receive RaftClientReply:client-C494564659D0->7631069e-55aa-48aa-a80c-68f378536a45@group-DB08F1BC869A, cid=144, FAILED org.apache.ratis.protocol.NotLeaderException: Server 7631069e-55aa-48aa-a80c-68f378536a45@group-DB08F1BC869A is not the leader d2644fda-0f6b-4964-8120-db19826e02a4:192.168.157.233:37608, logIndex=0, commits[7631069e-55aa-48aa-a80c-68f378536a45:c15, 59cccd2f-755e-4c45-a890-da01592df45f:c15, d2644fda-0f6b-4964-8120-db19826e02a4:c15]
 0.00% |█                                                                                                    |  0/1 Time: 0:10:51 0.00% |█                                                                                                    |  0/1 Time: 0:10:52 0.00% |█                                                                                                    |  0/1 Time: 0:10:53 0.00% |█                                                                                                    |  0/1 Time: 0:10:54 0.00% |█                                                                                                    |  0/1 Time: 0:10:552019-09-16 18:07:29,678 [grpc-default-executor-5] INFO  client.GrpcClientProtocolClient (GrpcClientProtocolClient.java:onNext(264)) - client-C494564659D0->7631069e-55aa-48aa-a80c-68f378536a45: receive RaftClientReply:client-C494564659D0->7631069e-55aa-48aa-a80c-68f378536a45@group-DB08F1BC869A, cid=144, FAILED org.apache.ratis.protocol.NotLeaderException: Server 7631069e-55aa-48aa-a80c-68f378536a45@group-DB08F1BC869A is not the leader d2644fda-0f6b-4964-8120-db19826e02a4:192.168.157.233:37608, logIndex=0, commits[7631069e-55aa-48aa-a80c-68f378536a45:c15, 59cccd2f-755e-4c45-a890-da01592df45f:c15, d2644fda-0f6b-4964-8120-db19826e02a4:c15]
 0.00% |█                                                                                                    |  0/1 Time: 0:10:56 0.00% |█                                                                                                    |  0/1 Time: 0:10:572019-09-16 18:07:32,433 [d2644fda-0f6b-4964-8120-db19826e02a4@group-DB08F1BC869A-SegmentedRaftLogWorker] WARN  segmented.SegmentedRaftLogWorker (SegmentedRaftLogWorker.java:getFromFuture(90)) - Timeout 26/~
org.apache.ratis.protocol.TimeoutIOException: Timeout 10s: WriteLog:16: (t:1, i:16), STATEMACHINELOGENTRY, client-C494564659D0, cid=144-writeStateMachineData
	at org.apache.ratis.util.IOUtils.getFromFuture(IOUtils.java:87)
	at org.apache.ratis.server.raftlog.segmented.SegmentedRaftLogWorker$StateMachineDataPolicy.getFromFuture(SegmentedRaftLogWorker.java:87)
	at org.apache.ratis.server.raftlog.segmented.SegmentedRaftLogWorker$WriteLog.execute(SegmentedRaftLogWorker.java:477)
	at org.apache.ratis.server.raftlog.segmented.SegmentedRaftLogWorker.run(SegmentedRaftLogWorker.java:289)
	at java.lang.Thread.run(Thread.java:748)
Caused by: java.util.concurrent.TimeoutException
	at java.util.concurrent.CompletableFuture.timedGet(CompletableFuture.java:1771)
	at java.util.concurrent.CompletableFuture.get(CompletableFuture.java:1915)
	at org.apache.ratis.util.IOUtils.getFromFuture(IOUtils.java:79)
	... 4 more
 0.00% |█                                                                                                    |  0/1 Time: 0:10:58 0.00% |█                                                                                                    |  0/1 Time: 0:10:59 0.00% |█                                                                                                    |  0/1 Time: 0:11:002019-09-16 18:07:34,728 [grpc-default-executor-5] INFO  client.GrpcClientProtocolClient (GrpcClientProtocolClient.java:onNext(264)) - client-C494564659D0->7631069e-55aa-48aa-a80c-68f378536a45: receive RaftClientReply:client-C494564659D0->7631069e-55aa-48aa-a80c-68f378536a45@group-DB08F1BC869A, cid=144, FAILED org.apache.ratis.protocol.NotLeaderException: Server 7631069e-55aa-48aa-a80c-68f378536a45@group-DB08F1BC869A is not the leader d2644fda-0f6b-4964-8120-db19826e02a4:192.168.157.233:37608, logIndex=0, commits[7631069e-55aa-48aa-a80c-68f378536a45:c15, 59cccd2f-755e-4c45-a890-da01592df45f:c15, d2644fda-0f6b-4964-8120-db19826e02a4:c15]
 0.00% |█                                                                                                    |  0/1 Time: 0:11:01 0.00% |█                                                                                                    |  0/1 Time: 0:11:02 0.00% |█                                                                                                    |  0/1 Time: 0:11:03 0.00% |█                                                                                                    |  0/1 Time: 0:11:04 0.00% |█                                                                                                    |  0/1 Time: 0:11:052019-09-16 18:07:39,778 [grpc-default-executor-5] INFO  client.GrpcClientProtocolClient (GrpcClientProtocolClient.java:onNext(264)) - client-C494564659D0->59cccd2f-755e-4c45-a890-da01592df45f: receive RaftClientReply:client-C494564659D0->59cccd2f-755e-4c45-a890-da01592df45f@group-DB08F1BC869A, cid=144, FAILED org.apache.ratis.protocol.NotLeaderException: Server 59cccd2f-755e-4c45-a890-da01592df45f@group-DB08F1BC869A is not the leader d2644fda-0f6b-4964-8120-db19826e02a4:192.168.157.233:37608, logIndex=0, commits[59cccd2f-755e-4c45-a890-da01592df45f:c15, 7631069e-55aa-48aa-a80c-68f378536a45:c15, d2644fda-0f6b-4964-8120-db19826e02a4:c15]
 0.00% |█                                                                                                    |  0/1 Time: 0:11:06 0.00% |█                                                                                                    |  0/1 Time: 0:11:072019-09-16 18:07:42,435 [d2644fda-0f6b-4964-8120-db19826e02a4@group-DB08F1BC869A-SegmentedRaftLogWorker] WARN  segmented.SegmentedRaftLogWorker (SegmentedRaftLogWorker.java:getFromFuture(90)) - Timeout 27/~
org.apache.ratis.protocol.TimeoutIOException: Timeout 10s: WriteLog:16: (t:1, i:16), STATEMACHINELOGENTRY, client-C494564659D0, cid=144-writeStateMachineData
	at org.apache.ratis.util.IOUtils.getFromFuture(IOUtils.java:87)
	at org.apache.ratis.server.raftlog.segmented.SegmentedRaftLogWorker$StateMachineDataPolicy.getFromFuture(SegmentedRaftLogWorker.java:87)
	at org.apache.ratis.server.raftlog.segmented.SegmentedRaftLogWorker$WriteLog.execute(SegmentedRaftLogWorker.java:477)
	at org.apache.ratis.server.raftlog.segmented.SegmentedRaftLogWorker.run(SegmentedRaftLogWorker.java:289)
	at java.lang.Thread.run(Thread.java:748)
Caused by: java.util.concurrent.TimeoutException
	at java.util.concurrent.CompletableFuture.timedGet(CompletableFuture.java:1771)
	at java.util.concurrent.CompletableFuture.get(CompletableFuture.java:1915)
	at org.apache.ratis.util.IOUtils.getFromFuture(IOUtils.java:79)
	... 4 more
 0.00% |█                                                                                                    |  0/1 Time: 0:11:08 0.00% |█                                                                                                    |  0/1 Time: 0:11:09 0.00% |█                                                                                                    |  0/1 Time: 0:11:102019-09-16 18:07:44,825 [grpc-default-executor-1] INFO  client.GrpcClientProtocolClient (GrpcClientProtocolClient.java:onNext(264)) - client-C494564659D0->59cccd2f-755e-4c45-a890-da01592df45f: receive RaftClientReply:client-C494564659D0->59cccd2f-755e-4c45-a890-da01592df45f@group-DB08F1BC869A, cid=144, FAILED org.apache.ratis.protocol.NotLeaderException: Server 59cccd2f-755e-4c45-a890-da01592df45f@group-DB08F1BC869A is not the leader d2644fda-0f6b-4964-8120-db19826e02a4:192.168.157.233:37608, logIndex=0, commits[59cccd2f-755e-4c45-a890-da01592df45f:c15, 7631069e-55aa-48aa-a80c-68f378536a45:c15, d2644fda-0f6b-4964-8120-db19826e02a4:c15]
 0.00% |█                                                                                                    |  0/1 Time: 0:11:11 0.00% |█                                                                                                    |  0/1 Time: 0:11:12 0.00% |█                                                                                                    |  0/1 Time: 0:11:13 0.00% |█                                                                                                    |  0/1 Time: 0:11:14 0.00% |█                                                                                                    |  0/1 Time: 0:11:152019-09-16 18:07:49,870 [grpc-default-executor-1] INFO  client.GrpcClientProtocolClient (GrpcClientProtocolClient.java:onNext(264)) - client-C494564659D0->59cccd2f-755e-4c45-a890-da01592df45f: receive RaftClientReply:client-C494564659D0->59cccd2f-755e-4c45-a890-da01592df45f@group-DB08F1BC869A, cid=144, FAILED org.apache.ratis.protocol.NotLeaderException: Server 59cccd2f-755e-4c45-a890-da01592df45f@group-DB08F1BC869A is not the leader d2644fda-0f6b-4964-8120-db19826e02a4:192.168.157.233:37608, logIndex=0, commits[59cccd2f-755e-4c45-a890-da01592df45f:c15, 7631069e-55aa-48aa-a80c-68f378536a45:c15, d2644fda-0f6b-4964-8120-db19826e02a4:c15]
 0.00% |█                                                                                                    |  0/1 Time: 0:11:16 0.00% |█                                                                                                    |  0/1 Time: 0:11:172019-09-16 18:07:52,436 [d2644fda-0f6b-4964-8120-db19826e02a4@group-DB08F1BC869A-SegmentedRaftLogWorker] WARN  segmented.SegmentedRaftLogWorker (SegmentedRaftLogWorker.java:getFromFuture(90)) - Timeout 28/~
org.apache.ratis.protocol.TimeoutIOException: Timeout 10s: WriteLog:16: (t:1, i:16), STATEMACHINELOGENTRY, client-C494564659D0, cid=144-writeStateMachineData
	at org.apache.ratis.util.IOUtils.getFromFuture(IOUtils.java:87)
	at org.apache.ratis.server.raftlog.segmented.SegmentedRaftLogWorker$StateMachineDataPolicy.getFromFuture(SegmentedRaftLogWorker.java:87)
	at org.apache.ratis.server.raftlog.segmented.SegmentedRaftLogWorker$WriteLog.execute(SegmentedRaftLogWorker.java:477)
	at org.apache.ratis.server.raftlog.segmented.SegmentedRaftLogWorker.run(SegmentedRaftLogWorker.java:289)
	at java.lang.Thread.run(Thread.java:748)
Caused by: java.util.concurrent.TimeoutException
	at java.util.concurrent.CompletableFuture.timedGet(CompletableFuture.java:1771)
	at java.util.concurrent.CompletableFuture.get(CompletableFuture.java:1915)
	at org.apache.ratis.util.IOUtils.getFromFuture(IOUtils.java:79)
	... 4 more
 0.00% |█                                                                                                    |  0/1 Time: 0:11:18 0.00% |█                                                                                                    |  0/1 Time: 0:11:19 0.00% |█                                                                                                    |  0/1 Time: 0:11:202019-09-16 18:07:54,920 [grpc-default-executor-5] INFO  client.GrpcClientProtocolClient (GrpcClientProtocolClient.java:onNext(264)) - client-C494564659D0->7631069e-55aa-48aa-a80c-68f378536a45: receive RaftClientReply:client-C494564659D0->7631069e-55aa-48aa-a80c-68f378536a45@group-DB08F1BC869A, cid=144, FAILED org.apache.ratis.protocol.NotLeaderException: Server 7631069e-55aa-48aa-a80c-68f378536a45@group-DB08F1BC869A is not the leader d2644fda-0f6b-4964-8120-db19826e02a4:192.168.157.233:37608, logIndex=0, commits[7631069e-55aa-48aa-a80c-68f378536a45:c15, 59cccd2f-755e-4c45-a890-da01592df45f:c15, d2644fda-0f6b-4964-8120-db19826e02a4:c15]
 0.00% |█                                                                                                    |  0/1 Time: 0:11:21 0.00% |█                                                                                                    |  0/1 Time: 0:11:22 0.00% |█                                                                                                    |  0/1 Time: 0:11:23 0.00% |█                                                                                                    |  0/1 Time: 0:11:24 0.00% |█                                                                                                    |  0/1 Time: 0:11:252019-09-16 18:07:59,955 [grpc-default-executor-2] INFO  client.GrpcClientProtocolClient (GrpcClientProtocolClient.java:onNext(264)) - client-C494564659D0->7631069e-55aa-48aa-a80c-68f378536a45: receive RaftClientReply:client-C494564659D0->7631069e-55aa-48aa-a80c-68f378536a45@group-DB08F1BC869A, cid=144, FAILED org.apache.ratis.protocol.NotLeaderException: Server 7631069e-55aa-48aa-a80c-68f378536a45@group-DB08F1BC869A is not the leader d2644fda-0f6b-4964-8120-db19826e02a4:192.168.157.233:37608, logIndex=0, commits[7631069e-55aa-48aa-a80c-68f378536a45:c15, 59cccd2f-755e-4c45-a890-da01592df45f:c15, d2644fda-0f6b-4964-8120-db19826e02a4:c15]
 0.00% |█                                                                                                    |  0/1 Time: 0:11:26 0.00% |█                                                                                                    |  0/1 Time: 0:11:272019-09-16 18:08:02,438 [d2644fda-0f6b-4964-8120-db19826e02a4@group-DB08F1BC869A-SegmentedRaftLogWorker] WARN  segmented.SegmentedRaftLogWorker (SegmentedRaftLogWorker.java:getFromFuture(90)) - Timeout 29/~
org.apache.ratis.protocol.TimeoutIOException: Timeout 10s: WriteLog:16: (t:1, i:16), STATEMACHINELOGENTRY, client-C494564659D0, cid=144-writeStateMachineData
	at org.apache.ratis.util.IOUtils.getFromFuture(IOUtils.java:87)
	at org.apache.ratis.server.raftlog.segmented.SegmentedRaftLogWorker$StateMachineDataPolicy.getFromFuture(SegmentedRaftLogWorker.java:87)
	at org.apache.ratis.server.raftlog.segmented.SegmentedRaftLogWorker$WriteLog.execute(SegmentedRaftLogWorker.java:477)
	at org.apache.ratis.server.raftlog.segmented.SegmentedRaftLogWorker.run(SegmentedRaftLogWorker.java:289)
	at java.lang.Thread.run(Thread.java:748)
Caused by: java.util.concurrent.TimeoutException
	at java.util.concurrent.CompletableFuture.timedGet(CompletableFuture.java:1771)
	at java.util.concurrent.CompletableFuture.get(CompletableFuture.java:1915)
	at org.apache.ratis.util.IOUtils.getFromFuture(IOUtils.java:79)
	... 4 more
 0.00% |█                                                                                                    |  0/1 Time: 0:11:28 0.00% |█                                                                                                    |  0/1 Time: 0:11:29 0.00% |█                                                                                                    |  0/1 Time: 0:11:302019-09-16 18:08:04,984 [grpc-default-executor-2] INFO  client.GrpcClientProtocolClient (GrpcClientProtocolClient.java:onNext(264)) - client-C494564659D0->59cccd2f-755e-4c45-a890-da01592df45f: receive RaftClientReply:client-C494564659D0->59cccd2f-755e-4c45-a890-da01592df45f@group-DB08F1BC869A, cid=144, FAILED org.apache.ratis.protocol.NotLeaderException: Server 59cccd2f-755e-4c45-a890-da01592df45f@group-DB08F1BC869A is not the leader d2644fda-0f6b-4964-8120-db19826e02a4:192.168.157.233:37608, logIndex=0, commits[59cccd2f-755e-4c45-a890-da01592df45f:c15, 7631069e-55aa-48aa-a80c-68f378536a45:c15, d2644fda-0f6b-4964-8120-db19826e02a4:c15]
2019-09-16 18:08:04,996 [pool-53-thread-3] WARN  io.KeyOutputStream (KeyOutputStream.java:handleException(276)) - Encountered exception java.io.IOException: Unexpected Storage Container Exception: java.util.concurrent.CompletionException: java.util.concurrent.CompletionException: org.apache.ratis.protocol.RaftRetryFailureException: Failed RaftClientRequest:client-C494564659D0->59cccd2f-755e-4c45-a890-da01592df45f@group-DB08F1BC869A, cid=144, seq=9*, RW, org.apache.hadoop.hdds.scm.XceiverClientRatis$$Lambda$345/1592716609@7885a77e for 180 attempts with RetryLimited(maxAttempts=180, sleepTime=1000ms) on the pipeline Pipeline[ Id: d805eaf4-0f15-461d-8080-db08f1bc869a, Nodes: d2644fda-0f6b-4964-8120-db19826e02a4{ip: 192.168.157.233, host: pr-hdds-2120-x62sn-1884063469, networkLocation: /default-rack, certSerialId: null}7631069e-55aa-48aa-a80c-68f378536a45{ip: 192.168.157.233, host: pr-hdds-2120-x62sn-1884063469, networkLocation: /default-rack, certSerialId: null}59cccd2f-755e-4c45-a890-da01592df45f{ip: 192.168.157.233, host: pr-hdds-2120-x62sn-1884063469, networkLocation: /default-rack, certSerialId: null}, Type:RATIS, Factor:THREE, State:OPEN]. The last committed block length is 0, uncommitted data length is 2097152 retry count 0
2019-09-16 18:08:05,021 [IPC Server handler 1 on 45315] WARN  block.BlockManagerImpl (BlockManagerImpl.java:allocateBlock(192)) - Pipeline creation failed for type:RATIS factor:THREE. Retrying get pipelines call once.
org.apache.hadoop.hdds.scm.pipeline.InsufficientDatanodesException: Cannot create pipeline of factor 3 using 0 nodes.
	at org.apache.hadoop.hdds.scm.pipeline.RatisPipelineProvider.create(RatisPipelineProvider.java:152)
	at org.apache.hadoop.hdds.scm.pipeline.PipelineFactory.create(PipelineFactory.java:57)
	at org.apache.hadoop.hdds.scm.pipeline.SCMPipelineManager.createPipeline(SCMPipelineManager.java:151)
	at org.apache.hadoop.hdds.scm.block.BlockManagerImpl.allocateBlock(BlockManagerImpl.java:190)
	at org.apache.hadoop.hdds.scm.server.SCMBlockProtocolServer.allocateBlock(SCMBlockProtocolServer.java:182)
	at org.apache.hadoop.ozone.protocolPB.ScmBlockLocationProtocolServerSideTranslatorPB.allocateScmBlock(ScmBlockLocationProtocolServerSideTranslatorPB.java:183)
	at org.apache.hadoop.ozone.protocolPB.ScmBlockLocationProtocolServerSideTranslatorPB.processMessage(ScmBlockLocationProtocolServerSideTranslatorPB.java:141)
	at org.apache.hadoop.ozone.protocolPB.ScmBlockLocationProtocolServerSideTranslatorPB.send(ScmBlockLocationProtocolServerSideTranslatorPB.java:116)
	at org.apache.hadoop.hdds.protocol.proto.ScmBlockLocationProtocolProtos$ScmBlockLocationProtocolService$2.callBlockingMethod(ScmBlockLocationProtocolProtos.java:13157)
	at org.apache.hadoop.ipc.ProtobufRpcEngine$Server$ProtoBufRpcInvoker.call(ProtobufRpcEngine.java:524)
	at org.apache.hadoop.ipc.RPC$Server.call(RPC.java:1025)
	at org.apache.hadoop.ipc.Server$RpcCall.run(Server.java:876)
	at org.apache.hadoop.ipc.Server$RpcCall.run(Server.java:822)
	at java.security.AccessController.doPrivileged(Native Method)
	at javax.security.auth.Subject.doAs(Subject.java:422)
	at org.apache.hadoop.security.UserGroupInformation.doAs(UserGroupInformation.java:1730)
	at org.apache.hadoop.ipc.Server$Handler.run(Server.java:2682)
2019-09-16 18:08:05,021 [IPC Server handler 1 on 45315] INFO  block.BlockManagerImpl (BlockManagerImpl.java:allocateBlock(198)) - Could not find available pipeline of type:RATIS and factor:THREE even after retrying
2019-09-16 18:08:05,022 [IPC Server handler 1 on 45315] ERROR block.BlockManagerImpl (BlockManagerImpl.java:allocateBlock(222)) - Unable to allocate a block for the size: 4194304, type: RATIS, factor: THREE
2019-09-16 18:08:05,027 [pool-53-thread-3] ERROR io.BlockOutputStreamEntryPool (BlockOutputStreamEntryPool.java:allocateBlockIfNeeded(299)) - Try to allocate more blocks for write failed, already allocated 0 blocks for this write.
INTERNAL_ERROR org.apache.hadoop.ozone.om.exceptions.OMException: Allocated 0 blocks. Requested 1 blocks
	at org.apache.hadoop.ozone.om.protocolPB.OzoneManagerProtocolClientSideTranslatorPB.handleError(OzoneManagerProtocolClientSideTranslatorPB.java:724)
	at org.apache.hadoop.ozone.om.protocolPB.OzoneManagerProtocolClientSideTranslatorPB.allocateBlock(OzoneManagerProtocolClientSideTranslatorPB.java:756)
	at sun.reflect.NativeMethodAccessorImpl.invoke0(Native Method)
	at sun.reflect.NativeMethodAccessorImpl.invoke(NativeMethodAccessorImpl.java:62)
	at sun.reflect.DelegatingMethodAccessorImpl.invoke(DelegatingMethodAccessorImpl.java:43)
	at java.lang.reflect.Method.invoke(Method.java:498)
	at org.apache.hadoop.hdds.tracing.TraceAllMethod.invoke(TraceAllMethod.java:66)
	at com.sun.proxy.$Proxy37.allocateBlock(Unknown Source)
	at org.apache.hadoop.ozone.client.io.BlockOutputStreamEntryPool.allocateNewBlock(BlockOutputStreamEntryPool.java:248)
	at org.apache.hadoop.ozone.client.io.BlockOutputStreamEntryPool.allocateBlockIfNeeded(BlockOutputStreamEntryPool.java:296)
	at org.apache.hadoop.ozone.client.io.KeyOutputStream.handleWrite(KeyOutputStream.java:201)
	at org.apache.hadoop.ozone.client.io.KeyOutputStream.handleRetry(KeyOutputStream.java:376)
	at org.apache.hadoop.ozone.client.io.KeyOutputStream.handleException(KeyOutputStream.java:325)
	at org.apache.hadoop.ozone.client.io.KeyOutputStream.handleWrite(KeyOutputStream.java:231)
	at org.apache.hadoop.ozone.client.io.KeyOutputStream.write(KeyOutputStream.java:193)
	at org.apache.hadoop.ozone.client.io.OzoneOutputStream.write(OzoneOutputStream.java:49)
	at org.apache.hadoop.ozone.freon.RandomKeyGenerator.createKey(RandomKeyGenerator.java:708)
	at org.apache.hadoop.ozone.freon.RandomKeyGenerator.access$1100(RandomKeyGenerator.java:88)
	at org.apache.hadoop.ozone.freon.RandomKeyGenerator$ObjectCreator.run(RandomKeyGenerator.java:615)
	at java.util.concurrent.Executors$RunnableAdapter.call(Executors.java:511)
	at java.util.concurrent.FutureTask.run(FutureTask.java:266)
	at java.util.concurrent.ThreadPoolExecutor.runWorker(ThreadPoolExecutor.java:1149)
	at java.util.concurrent.ThreadPoolExecutor$Worker.run(ThreadPoolExecutor.java:624)
	at java.lang.Thread.run(Thread.java:748)
2019-09-16 18:08:05,027 [pool-53-thread-3] ERROR freon.RandomKeyGenerator (RandomKeyGenerator.java:createKey(733)) - Exception while adding key: key-0-42292 in bucket: bucket-0-77719 of volume: vol-0-67300.
INTERNAL_ERROR org.apache.hadoop.ozone.om.exceptions.OMException: Allocated 0 blocks. Requested 1 blocks
	at org.apache.hadoop.ozone.om.protocolPB.OzoneManagerProtocolClientSideTranslatorPB.handleError(OzoneManagerProtocolClientSideTranslatorPB.java:724)
	at org.apache.hadoop.ozone.om.protocolPB.OzoneManagerProtocolClientSideTranslatorPB.allocateBlock(OzoneManagerProtocolClientSideTranslatorPB.java:756)
	at sun.reflect.NativeMethodAccessorImpl.invoke0(Native Method)
	at sun.reflect.NativeMethodAccessorImpl.invoke(NativeMethodAccessorImpl.java:62)
	at sun.reflect.DelegatingMethodAccessorImpl.invoke(DelegatingMethodAccessorImpl.java:43)
	at java.lang.reflect.Method.invoke(Method.java:498)
	at org.apache.hadoop.hdds.tracing.TraceAllMethod.invoke(TraceAllMethod.java:66)
	at com.sun.proxy.$Proxy37.allocateBlock(Unknown Source)
	at org.apache.hadoop.ozone.client.io.BlockOutputStreamEntryPool.allocateNewBlock(BlockOutputStreamEntryPool.java:248)
	at org.apache.hadoop.ozone.client.io.BlockOutputStreamEntryPool.allocateBlockIfNeeded(BlockOutputStreamEntryPool.java:296)
	at org.apache.hadoop.ozone.client.io.KeyOutputStream.handleWrite(KeyOutputStream.java:201)
	at org.apache.hadoop.ozone.client.io.KeyOutputStream.handleRetry(KeyOutputStream.java:376)
	at org.apache.hadoop.ozone.client.io.KeyOutputStream.handleException(KeyOutputStream.java:325)
	at org.apache.hadoop.ozone.client.io.KeyOutputStream.handleWrite(KeyOutputStream.java:231)
	at org.apache.hadoop.ozone.client.io.KeyOutputStream.write(KeyOutputStream.java:193)
	at org.apache.hadoop.ozone.client.io.OzoneOutputStream.write(OzoneOutputStream.java:49)
	at org.apache.hadoop.ozone.freon.RandomKeyGenerator.createKey(RandomKeyGenerator.java:708)
	at org.apache.hadoop.ozone.freon.RandomKeyGenerator.access$1100(RandomKeyGenerator.java:88)
	at org.apache.hadoop.ozone.freon.RandomKeyGenerator$ObjectCreator.run(RandomKeyGenerator.java:615)
	at java.util.concurrent.Executors$RunnableAdapter.call(Executors.java:511)
	at java.util.concurrent.FutureTask.run(FutureTask.java:266)
	at java.util.concurrent.ThreadPoolExecutor.runWorker(ThreadPoolExecutor.java:1149)
	at java.util.concurrent.ThreadPoolExecutor$Worker.run(ThreadPoolExecutor.java:624)
	at java.lang.Thread.run(Thread.java:748)
 0.00% |█                                                                                                    |  0/1 Time: 0:11:31 0.00% |█                                                                                                    |  0/1 Time: 0:11:32 0.00% |█                                                                                                    |  0/1 Time: 0:11:33 0.00% |█                                                                                                    |  0/1 Time: 0:11:34 100.00% |█████████████████████████████████████████████████████████████████████████████████████████████████████|  1/1 Time: 0:11:35
]]></system-out>
    <system-err><![CDATA[ERROR StatusLogger No Log4j 2 configuration file found. Using default configuration (logging only errors to the console), or user programmatically provided configurations. Set system property 'log4j2.debug' to show Log4j 2 internal initialization logging. See https://logging.apache.org/log4j/2.x/manual/configuration.html for instructions on how to configure Log4j 2
]]></system-err>
  </testcase>
</testsuite>