<?xml version="1.0" encoding="UTF-8"?>
<testsuite xmlns:xsi="http://www.w3.org/2001/XMLSchema-instance" xsi:noNamespaceSchemaLocation="https://maven.apache.org/surefire/maven-surefire-plugin/xsd/surefire-test-report.xsd" name="org.apache.hadoop.ozone.client.rpc.TestOzoneClientRetriesOnException" time="171.706" tests="2" errors="1" skipped="0" failures="0">
  <properties>
    <property name="awt.toolkit" value="sun.awt.X11.XToolkit"/>
    <property name="file.encoding.pkg" value="sun.io"/>
    <property name="java.specification.version" value="1.8"/>
    <property name="sun.cpu.isalist" value=""/>
    <property name="sun.jnu.encoding" value="UTF-8"/>
    <property name="java.class.path" value="/workdir/hadoop-ozone/integration-test/target/test-classes:/workdir/hadoop-ozone/integration-test/target/classes:/home/user/.m2/repository/org/apache/hadoop/hadoop-ozone-common/0.5.0-SNAPSHOT/hadoop-ozone-common-0.5.0-SNAPSHOT.jar:/home/user/.m2/repository/org/apache/commons/commons-compress/1.4.1/commons-compress-1.4.1.jar:/home/user/.m2/repository/org/tukaani/xz/1.0/xz-1.0.jar:/home/user/.m2/repository/org/apache/hadoop/hadoop-common/3.2.0/hadoop-common-3.2.0.jar:/home/user/.m2/repository/org/apache/hadoop/hadoop-hdfs/3.2.0/hadoop-hdfs-3.2.0.jar:/home/user/.m2/repository/org/apache/hadoop/hadoop-hdfs-client/3.2.0/hadoop-hdfs-client-3.2.0.jar:/home/user/.m2/repository/com/fasterxml/jackson/core/jackson-annotations/2.9.9/jackson-annotations-2.9.9.jar:/home/user/.m2/repository/org/apache/hadoop/hadoop-hdds-common/0.5.0-SNAPSHOT/hadoop-hdds-common-0.5.0-SNAPSHOT.jar:/home/user/.m2/repository/javax/annotation/javax.annotation-api/1.2/javax.annotation-api-1.2.jar:/home/user/.m2/repository/org/apache/ratis/ratis-server/0.4.0-78e95b9-SNAPSHOT/ratis-server-0.4.0-78e95b9-SNAPSHOT.jar:/home/user/.m2/repository/org/apache/ratis/ratis-thirdparty-misc/0.2.0/ratis-thirdparty-misc-0.2.0.jar:/home/user/.m2/repository/org/apache/ratis/ratis-proto/0.4.0-78e95b9-SNAPSHOT/ratis-proto-0.4.0-78e95b9-SNAPSHOT.jar:/home/user/.m2/repository/org/apache/ratis/ratis-common/0.4.0-78e95b9-SNAPSHOT/ratis-common-0.4.0-78e95b9-SNAPSHOT.jar:/home/user/.m2/repository/org/apache/ratis/ratis-client/0.4.0-78e95b9-SNAPSHOT/ratis-client-0.4.0-78e95b9-SNAPSHOT.jar:/home/user/.m2/repository/org/apache/ratis/ratis-metrics/0.4.0-78e95b9-SNAPSHOT/ratis-metrics-0.4.0-78e95b9-SNAPSHOT.jar:/home/user/.m2/repository/com/github/joshelser/dropwizard-metrics-hadoop-metrics2-reporter/0.1.2/dropwizard-metrics-hadoop-metrics2-reporter-0.1.2.jar:/home/user/.m2/repository/io/dropwizard/metrics/metrics-jvm/3.2.5/metrics-jvm-3.2.5.jar:/home/user/.m2/repository/io/dropwizard/metrics/metrics-ganglia/3.2.5/metrics-ganglia-3.2.5.jar:/home/user/.m2/repository/info/ganglia/gmetric4j/gmetric4j/1.0.7/gmetric4j-1.0.7.jar:/home/user/.m2/repository/org/apache/ratis/ratis-netty/0.4.0-78e95b9-SNAPSHOT/ratis-netty-0.4.0-78e95b9-SNAPSHOT.jar:/home/user/.m2/repository/org/apache/ratis/ratis-grpc/0.4.0-78e95b9-SNAPSHOT/ratis-grpc-0.4.0-78e95b9-SNAPSHOT.jar:/home/user/.m2/repository/org/rocksdb/rocksdbjni/6.0.1/rocksdbjni-6.0.1.jar:/home/user/.m2/repository/org/apache/logging/log4j/log4j-api/2.11.0/log4j-api-2.11.0.jar:/home/user/.m2/repository/org/apache/logging/log4j/log4j-core/2.11.0/log4j-core-2.11.0.jar:/home/user/.m2/repository/com/lmax/disruptor/3.4.2/disruptor-3.4.2.jar:/home/user/.m2/repository/org/apache/commons/commons-pool2/2.6.0/commons-pool2-2.6.0.jar:/home/user/.m2/repository/org/bouncycastle/bcpkix-jdk15on/1.60/bcpkix-jdk15on-1.60.jar:/home/user/.m2/repository/commons-validator/commons-validator/1.6/commons-validator-1.6.jar:/home/user/.m2/repository/commons-digester/commons-digester/1.8.1/commons-digester-1.8.1.jar:/home/user/.m2/repository/io/jaegertracing/jaeger-client/0.33.1/jaeger-client-0.33.1.jar:/home/user/.m2/repository/io/jaegertracing/jaeger-thrift/0.33.1/jaeger-thrift-0.33.1.jar:/home/user/.m2/repository/org/apache/thrift/libthrift/0.11.0/libthrift-0.11.0.jar:/home/user/.m2/repository/com/squareup/okhttp3/okhttp/3.9.0/okhttp-3.9.0.jar:/home/user/.m2/repository/com/squareup/okio/okio/1.13.0/okio-1.13.0.jar:/home/user/.m2/repository/io/jaegertracing/jaeger-core/0.33.1/jaeger-core-0.33.1.jar:/home/user/.m2/repository/io/jaegertracing/jaeger-tracerresolver/0.33.1/jaeger-tracerresolver-0.33.1.jar:/home/user/.m2/repository/io/opentracing/contrib/opentracing-tracerresolver/0.1.5/opentracing-tracerresolver-0.1.5.jar:/home/user/.m2/repository/io/opentracing/opentracing-util/0.31.0/opentracing-util-0.31.0.jar:/home/user/.m2/repository/io/opentracing/opentracing-api/0.31.0/opentracing-api-0.31.0.jar:/home/user/.m2/repository/io/opentracing/opentracing-noop/0.31.0/opentracing-noop-0.31.0.jar:/home/user/.m2/repository/org/apache/hadoop/hadoop-hdds-server-framework/0.5.0-SNAPSHOT/hadoop-hdds-server-framework-0.5.0-SNAPSHOT.jar:/home/user/.m2/repository/org/apache/hadoop/hadoop-hdds-container-service/0.5.0-SNAPSHOT/hadoop-hdds-container-service-0.5.0-SNAPSHOT.jar:/home/user/.m2/repository/org/apache/hadoop/hadoop-hdds-client/0.5.0-SNAPSHOT/hadoop-hdds-client-0.5.0-SNAPSHOT.jar:/home/user/.m2/repository/org/apache/hadoop/hadoop-hdds-tools/0.5.0-SNAPSHOT/hadoop-hdds-tools-0.5.0-SNAPSHOT.jar:/home/user/.m2/repository/org/apache/hadoop/hadoop-hdds-server-scm/0.5.0-SNAPSHOT/hadoop-hdds-server-scm-0.5.0-SNAPSHOT.jar:/home/user/.m2/repository/org/apache/hadoop/hadoop-hdds-docs/0.5.0-SNAPSHOT/hadoop-hdds-docs-0.5.0-SNAPSHOT.jar:/home/user/.m2/repository/io/dropwizard/metrics/metrics-core/3.2.4/metrics-core-3.2.4.jar:/home/user/.m2/repository/org/hamcrest/hamcrest-all/1.3/hamcrest-all-1.3.jar:/home/user/.m2/repository/org/bouncycastle/bcprov-jdk15on/1.60/bcprov-jdk15on-1.60.jar:/home/user/.m2/repository/info/picocli/picocli/3.9.6/picocli-3.9.6.jar:/home/user/.m2/repository/com/google/protobuf/protobuf-java/2.5.0/protobuf-java-2.5.0.jar:/home/user/.m2/repository/com/google/guava/guava/11.0.2/guava-11.0.2.jar:/home/user/.m2/repository/org/apache/hadoop/hadoop-ozone-ozone-manager/0.5.0-SNAPSHOT/hadoop-ozone-ozone-manager-0.5.0-SNAPSHOT.jar:/home/user/.m2/repository/org/apache/hadoop/hadoop-minikdc/3.2.0/hadoop-minikdc-3.2.0.jar:/home/user/.m2/repository/commons-io/commons-io/2.5/commons-io-2.5.jar:/home/user/.m2/repository/org/apache/kerby/kerb-simplekdc/1.0.1/kerb-simplekdc-1.0.1.jar:/home/user/.m2/repository/org/apache/kerby/kerb-client/1.0.1/kerb-client-1.0.1.jar:/home/user/.m2/repository/org/apache/kerby/kerby-config/1.0.1/kerby-config-1.0.1.jar:/home/user/.m2/repository/org/apache/kerby/kerb-core/1.0.1/kerb-core-1.0.1.jar:/home/user/.m2/repository/org/apache/kerby/kerby-pkix/1.0.1/kerby-pkix-1.0.1.jar:/home/user/.m2/repository/org/apache/kerby/kerby-asn1/1.0.1/kerby-asn1-1.0.1.jar:/home/user/.m2/repository/org/apache/kerby/kerby-util/1.0.1/kerby-util-1.0.1.jar:/home/user/.m2/repository/org/apache/kerby/kerb-common/1.0.1/kerb-common-1.0.1.jar:/home/user/.m2/repository/org/apache/kerby/kerb-crypto/1.0.1/kerb-crypto-1.0.1.jar:/home/user/.m2/repository/org/apache/kerby/kerb-util/1.0.1/kerb-util-1.0.1.jar:/home/user/.m2/repository/org/apache/kerby/token-provider/1.0.1/token-provider-1.0.1.jar:/home/user/.m2/repository/org/apache/kerby/kerb-admin/1.0.1/kerb-admin-1.0.1.jar:/home/user/.m2/repository/org/apache/kerby/kerb-server/1.0.1/kerb-server-1.0.1.jar:/home/user/.m2/repository/org/apache/kerby/kerb-identity/1.0.1/kerb-identity-1.0.1.jar:/home/user/.m2/repository/org/apache/kerby/kerby-xdr/1.0.1/kerby-xdr-1.0.1.jar:/home/user/.m2/repository/org/slf4j/slf4j-log4j12/1.7.25/slf4j-log4j12-1.7.25.jar:/home/user/.m2/repository/org/apache/hadoop/hadoop-ozone-s3gateway/0.5.0-SNAPSHOT/hadoop-ozone-s3gateway-0.5.0-SNAPSHOT.jar:/home/user/.m2/repository/org/jboss/weld/servlet/weld-servlet/2.4.7.Final/weld-servlet-2.4.7.Final.jar:/home/user/.m2/repository/org/glassfish/jersey/containers/jersey-container-servlet-core/2.27/jersey-container-servlet-core-2.27.jar:/home/user/.m2/repository/org/glassfish/hk2/external/javax.inject/2.5.0-b42/javax.inject-2.5.0-b42.jar:/home/user/.m2/repository/org/glassfish/jersey/core/jersey-common/2.27/jersey-common-2.27.jar:/home/user/.m2/repository/org/glassfish/hk2/osgi-resource-locator/1.0.1/osgi-resource-locator-1.0.1.jar:/home/user/.m2/repository/javax/ws/rs/javax.ws.rs-api/2.1/javax.ws.rs-api-2.1.jar:/home/user/.m2/repository/org/glassfish/jersey/ext/cdi/jersey-cdi1x/2.27/jersey-cdi1x-2.27.jar:/home/user/.m2/repository/org/glassfish/jersey/inject/jersey-hk2/2.27/jersey-hk2-2.27.jar:/home/user/.m2/repository/org/glassfish/hk2/hk2-locator/2.5.0-b42/hk2-locator-2.5.0-b42.jar:/home/user/.m2/repository/org/javassist/javassist/3.22.0-CR2/javassist-3.22.0-CR2.jar:/home/user/.m2/repository/org/glassfish/hk2/hk2-api/2.5.0/hk2-api-2.5.0.jar:/home/user/.m2/repository/org/glassfish/hk2/external/jakarta.inject/2.5.0/jakarta.inject-2.5.0.jar:/home/user/.m2/repository/org/glassfish/hk2/hk2-utils/2.5.0/hk2-utils-2.5.0.jar:/home/user/.m2/repository/jakarta/annotation/jakarta.annotation-api/1.3.4/jakarta.annotation-api-1.3.4.jar:/home/user/.m2/repository/org/glassfish/hk2/external/aopalliance-repackaged/2.5.0/aopalliance-repackaged-2.5.0.jar:/home/user/.m2/repository/com/fasterxml/jackson/dataformat/jackson-dataformat-xml/2.9.0/jackson-dataformat-xml-2.9.0.jar:/home/user/.m2/repository/com/fasterxml/jackson/core/jackson-core/2.9.9/jackson-core-2.9.9.jar:/home/user/.m2/repository/com/fasterxml/jackson/module/jackson-module-jaxb-annotations/2.9.9/jackson-module-jaxb-annotations-2.9.9.jar:/home/user/.m2/repository/javax/enterprise/cdi-api/1.2/cdi-api-1.2.jar:/home/user/.m2/repository/javax/el/javax.el-api/3.0.0/javax.el-api-3.0.0.jar:/home/user/.m2/repository/javax/interceptor/javax.interceptor-api/1.2/javax.interceptor-api-1.2.jar:/home/user/.m2/repository/javax/inject/javax.inject/1/javax.inject-1.jar:/home/user/.m2/repository/com/sun/xml/bind/jaxb-impl/2.3.0.1/jaxb-impl-2.3.0.1.jar:/home/user/.m2/repository/com/sun/xml/bind/jaxb-core/2.3.0.1/jaxb-core-2.3.0.1.jar:/home/user/.m2/repository/javax/xml/bind/jaxb-api/2.3.0/jaxb-api-2.3.0.jar:/home/user/.m2/repository/javax/activation/activation/1.1.1/activation-1.1.1.jar:/home/user/.m2/repository/org/apache/hadoop/hadoop-ozone-csi/0.5.0-SNAPSHOT/hadoop-ozone-csi-0.5.0-SNAPSHOT.jar:/home/user/.m2/repository/com/google/protobuf/protobuf-java-util/3.5.1/protobuf-java-util-3.5.1.jar:/home/user/.m2/repository/org/apache/hadoop/hadoop-hdds-config/0.5.0-SNAPSHOT/hadoop-hdds-config-0.5.0-SNAPSHOT.jar:/home/user/.m2/repository/io/grpc/grpc-netty/1.17.1/grpc-netty-1.17.1.jar:/home/user/.m2/repository/io/grpc/grpc-core/1.17.1/grpc-core-1.17.1.jar:/home/user/.m2/repository/io/grpc/grpc-context/1.17.1/grpc-context-1.17.1.jar:/home/user/.m2/repository/com/google/errorprone/error_prone_annotations/2.2.0/error_prone_annotations-2.2.0.jar:/home/user/.m2/repository/org/codehaus/mojo/animal-sniffer-annotations/1.17/animal-sniffer-annotations-1.17.jar:/home/user/.m2/repository/io/opencensus/opencensus-api/0.17.0/opencensus-api-0.17.0.jar:/home/user/.m2/repository/io/opencensus/opencensus-contrib-grpc-metrics/0.17.0/opencensus-contrib-grpc-metrics-0.17.0.jar:/home/user/.m2/repository/io/netty/netty-codec-http2/4.1.30.Final/netty-codec-http2-4.1.30.Final.jar:/home/user/.m2/repository/io/netty/netty-codec-http/4.1.30.Final/netty-codec-http-4.1.30.Final.jar:/home/user/.m2/repository/io/netty/netty-codec/4.1.30.Final/netty-codec-4.1.30.Final.jar:/home/user/.m2/repository/io/netty/netty-handler/4.1.30.Final/netty-handler-4.1.30.Final.jar:/home/user/.m2/repository/io/netty/netty-handler-proxy/4.1.30.Final/netty-handler-proxy-4.1.30.Final.jar:/home/user/.m2/repository/io/netty/netty-codec-socks/4.1.30.Final/netty-codec-socks-4.1.30.Final.jar:/home/user/.m2/repository/io/netty/netty-transport-native-epoll/4.1.30.Final/netty-transport-native-epoll-4.1.30.Final.jar:/home/user/.m2/repository/io/netty/netty-common/4.1.30.Final/netty-common-4.1.30.Final.jar:/home/user/.m2/repository/io/netty/netty-buffer/4.1.30.Final/netty-buffer-4.1.30.Final.jar:/home/user/.m2/repository/io/netty/netty-transport/4.1.30.Final/netty-transport-4.1.30.Final.jar:/home/user/.m2/repository/io/netty/netty-resolver/4.1.30.Final/netty-resolver-4.1.30.Final.jar:/home/user/.m2/repository/io/netty/netty-transport-native-unix-common/4.1.30.Final/netty-transport-native-unix-common-4.1.30.Final.jar:/home/user/.m2/repository/io/grpc/grpc-protobuf/1.17.1/grpc-protobuf-1.17.1.jar:/home/user/.m2/repository/com/google/api/grpc/proto-google-common-protos/1.0.0/proto-google-common-protos-1.0.0.jar:/home/user/.m2/repository/io/grpc/grpc-protobuf-lite/1.17.1/grpc-protobuf-lite-1.17.1.jar:/home/user/.m2/repository/io/grpc/grpc-stub/1.17.1/grpc-stub-1.17.1.jar:/home/user/.m2/repository/org/apache/hadoop/hadoop-ozone-recon/0.5.0-SNAPSHOT/hadoop-ozone-recon-0.5.0-SNAPSHOT.jar:/home/user/.m2/repository/org/apache/hadoop/hadoop-ozone-reconcodegen/0.5.0-SNAPSHOT/hadoop-ozone-reconcodegen-0.5.0-SNAPSHOT.jar:/home/user/.m2/repository/com/google/inject/extensions/guice-multibindings/4.0/guice-multibindings-4.0.jar:/home/user/.m2/repository/com/google/inject/guice/4.0/guice-4.0.jar:/home/user/.m2/repository/aopalliance/aopalliance/1.0/aopalliance-1.0.jar:/home/user/.m2/repository/com/google/inject/extensions/guice-servlet/4.0/guice-servlet-4.0.jar:/home/user/.m2/repository/org/glassfish/jersey/containers/jersey-container-servlet/2.27/jersey-container-servlet-2.27.jar:/home/user/.m2/repository/org/glassfish/hk2/guice-bridge/2.5.0/guice-bridge-2.5.0.jar:/home/user/.m2/repository/org/glassfish/jersey/core/jersey-server/2.27/jersey-server-2.27.jar:/home/user/.m2/repository/org/glassfish/jersey/core/jersey-client/2.27/jersey-client-2.27.jar:/home/user/.m2/repository/org/glassfish/jersey/media/jersey-media-jaxb/2.27/jersey-media-jaxb-2.27.jar:/home/user/.m2/repository/javax/validation/validation-api/1.1.0.Final/validation-api-1.1.0.Final.jar:/home/user/.m2/repository/org/glassfish/jersey/media/jersey-media-json-jackson/2.27/jersey-media-json-jackson-2.27.jar:/home/user/.m2/repository/org/glassfish/jersey/ext/jersey-entity-filtering/2.27/jersey-entity-filtering-2.27.jar:/home/user/.m2/repository/com/google/inject/extensions/guice-assistedinject/4.0/guice-assistedinject-4.0.jar:/home/user/.m2/repository/org/jooq/jooq/3.11.10/jooq-3.11.10.jar:/home/user/.m2/repository/org/jooq/jooq-meta/3.11.10/jooq-meta-3.11.10.jar:/home/user/.m2/repository/org/jooq/jooq-codegen/3.11.10/jooq-codegen-3.11.10.jar:/home/user/.m2/repository/com/jolbox/bonecp/0.8.0.RELEASE/bonecp-0.8.0.RELEASE.jar:/home/user/.m2/repository/org/xerial/sqlite-jdbc/3.25.2/sqlite-jdbc-3.25.2.jar:/home/user/.m2/repository/org/springframework/spring-jdbc/5.1.3.RELEASE/spring-jdbc-5.1.3.RELEASE.jar:/home/user/.m2/repository/org/springframework/spring-beans/5.1.3.RELEASE/spring-beans-5.1.3.RELEASE.jar:/home/user/.m2/repository/org/springframework/spring-core/5.1.3.RELEASE/spring-core-5.1.3.RELEASE.jar:/home/user/.m2/repository/org/springframework/spring-jcl/5.1.3.RELEASE/spring-jcl-5.1.3.RELEASE.jar:/home/user/.m2/repository/org/springframework/spring-tx/5.1.3.RELEASE/spring-tx-5.1.3.RELEASE.jar:/home/user/.m2/repository/org/apache/hadoop/hadoop-ozone-client/0.5.0-SNAPSHOT/hadoop-ozone-client-0.5.0-SNAPSHOT.jar:/home/user/.m2/repository/commons-lang/commons-lang/2.6/commons-lang-2.6.jar:/home/user/.m2/repository/org/apache/hadoop/hadoop-ozone-ozone-manager/0.5.0-SNAPSHOT/hadoop-ozone-ozone-manager-0.5.0-SNAPSHOT-tests.jar:/home/user/.m2/repository/junit/junit/4.11/junit-4.11.jar:/home/user/.m2/repository/org/hamcrest/hamcrest-core/1.3/hamcrest-core-1.3.jar:/home/user/.m2/repository/org/openjdk/jmh/jmh-core/1.19/jmh-core-1.19.jar:/home/user/.m2/repository/net/sf/jopt-simple/jopt-simple/4.6/jopt-simple-4.6.jar:/home/user/.m2/repository/org/apache/commons/commons-math3/3.1.1/commons-math3-3.1.1.jar:/home/user/.m2/repository/org/openjdk/jmh/jmh-generator-annprocess/1.19/jmh-generator-annprocess-1.19.jar:/home/user/.m2/repository/org/mockito/mockito-all/1.8.5/mockito-all-1.8.5.jar:/home/user/.m2/repository/org/apache/hadoop/hadoop-kms/3.2.0/hadoop-kms-3.2.0.jar:/home/user/.m2/repository/org/apache/hadoop/hadoop-auth/3.2.0/hadoop-auth-3.2.0.jar:/home/user/.m2/repository/com/nimbusds/nimbus-jose-jwt/4.41.1/nimbus-jose-jwt-4.41.1.jar:/home/user/.m2/repository/com/github/stephenc/jcip/jcip-annotations/1.0-1/jcip-annotations-1.0-1.jar:/home/user/.m2/repository/net/minidev/json-smart/2.3/json-smart-2.3.jar:/home/user/.m2/repository/net/minidev/accessors-smart/1.2/accessors-smart-1.2.jar:/home/user/.m2/repository/org/ow2/asm/asm/5.0.4/asm-5.0.4.jar:/home/user/.m2/repository/org/apache/curator/curator-framework/2.12.0/curator-framework-2.12.0.jar:/home/user/.m2/repository/com/sun/jersey/jersey-core/1.19/jersey-core-1.19.jar:/home/user/.m2/repository/javax/ws/rs/jsr311-api/1.1.1/jsr311-api-1.1.1.jar:/home/user/.m2/repository/com/sun/jersey/jersey-server/1.19/jersey-server-1.19.jar:/home/user/.m2/repository/javax/servlet/javax.servlet-api/3.1.0/javax.servlet-api-3.1.0.jar:/home/user/.m2/repository/org/eclipse/jetty/jetty-server/9.3.24.v20180605/jetty-server-9.3.24.v20180605.jar:/home/user/.m2/repository/org/eclipse/jetty/jetty-http/9.3.24.v20180605/jetty-http-9.3.24.v20180605.jar:/home/user/.m2/repository/org/eclipse/jetty/jetty-io/9.3.24.v20180605/jetty-io-9.3.24.v20180605.jar:/home/user/.m2/repository/org/eclipse/jetty/jetty-webapp/9.3.24.v20180605/jetty-webapp-9.3.24.v20180605.jar:/home/user/.m2/repository/org/eclipse/jetty/jetty-xml/9.3.24.v20180605/jetty-xml-9.3.24.v20180605.jar:/home/user/.m2/repository/log4j/log4j/1.2.17/log4j-1.2.17.jar:/home/user/.m2/repository/org/slf4j/slf4j-api/1.7.25/slf4j-api-1.7.25.jar:/home/user/.m2/repository/org/slf4j/jul-to-slf4j/1.7.25/jul-to-slf4j-1.7.25.jar:/home/user/.m2/repository/org/eclipse/jetty/jetty-util/9.3.24.v20180605/jetty-util-9.3.24.v20180605.jar:/home/user/.m2/repository/com/fasterxml/jackson/core/jackson-databind/2.9.9/jackson-databind-2.9.9.jar:/home/user/.m2/repository/org/apache/hadoop/hadoop-kms/3.2.0/hadoop-kms-3.2.0-tests.jar:/home/user/.m2/repository/org/apache/hadoop/hadoop-hdds-server-scm/0.5.0-SNAPSHOT/hadoop-hdds-server-scm-0.5.0-SNAPSHOT-tests.jar:/home/user/.m2/repository/org/apache/hadoop/hadoop-hdds-container-service/0.5.0-SNAPSHOT/hadoop-hdds-container-service-0.5.0-SNAPSHOT-tests.jar:/home/user/.m2/repository/org/yaml/snakeyaml/1.16/snakeyaml-1.16.jar:/home/user/.m2/repository/org/apache/hadoop/hadoop-common/3.2.0/hadoop-common-3.2.0-tests.jar:/home/user/.m2/repository/org/apache/hadoop/hadoop-annotations/3.2.0/hadoop-annotations-3.2.0.jar:/usr/lib/jvm/java-1.8-openjdk/jre/../lib/tools.jar:/home/user/.m2/repository/commons-cli/commons-cli/1.2/commons-cli-1.2.jar:/home/user/.m2/repository/org/apache/httpcomponents/httpclient/4.5.2/httpclient-4.5.2.jar:/home/user/.m2/repository/org/apache/httpcomponents/httpcore/4.4.4/httpcore-4.4.4.jar:/home/user/.m2/repository/commons-codec/commons-codec/1.11/commons-codec-1.11.jar:/home/user/.m2/repository/commons-net/commons-net/3.6/commons-net-3.6.jar:/home/user/.m2/repository/commons-collections/commons-collections/3.2.2/commons-collections-3.2.2.jar:/home/user/.m2/repository/org/eclipse/jetty/jetty-servlet/9.3.24.v20180605/jetty-servlet-9.3.24.v20180605.jar:/home/user/.m2/repository/org/eclipse/jetty/jetty-security/9.3.24.v20180605/jetty-security-9.3.24.v20180605.jar:/home/user/.m2/repository/javax/servlet/jsp/jsp-api/2.1/jsp-api-2.1.jar:/home/user/.m2/repository/com/sun/jersey/jersey-servlet/1.19/jersey-servlet-1.19.jar:/home/user/.m2/repository/com/sun/jersey/jersey-json/1.19/jersey-json-1.19.jar:/home/user/.m2/repository/org/codehaus/jettison/jettison/1.1/jettison-1.1.jar:/home/user/.m2/repository/org/codehaus/jackson/jackson-core-asl/1.9.13/jackson-core-asl-1.9.13.jar:/home/user/.m2/repository/org/codehaus/jackson/jackson-mapper-asl/1.9.13/jackson-mapper-asl-1.9.13.jar:/home/user/.m2/repository/org/codehaus/jackson/jackson-jaxrs/1.9.13/jackson-jaxrs-1.9.13.jar:/home/user/.m2/repository/org/codehaus/jackson/jackson-xc/1.9.13/jackson-xc-1.9.13.jar:/home/user/.m2/repository/commons-logging/commons-logging/1.1.3/commons-logging-1.1.3.jar:/home/user/.m2/repository/commons-beanutils/commons-beanutils/1.9.4/commons-beanutils-1.9.4.jar:/home/user/.m2/repository/org/apache/commons/commons-configuration2/2.1.1/commons-configuration2-2.1.1.jar:/home/user/.m2/repository/org/apache/commons/commons-lang3/3.7/commons-lang3-3.7.jar:/home/user/.m2/repository/org/apache/commons/commons-text/1.4/commons-text-1.4.jar:/home/user/.m2/repository/org/apache/avro/avro/1.7.7/avro-1.7.7.jar:/home/user/.m2/repository/com/thoughtworks/paranamer/paranamer/2.3/paranamer-2.3.jar:/home/user/.m2/repository/org/xerial/snappy/snappy-java/1.0.5/snappy-java-1.0.5.jar:/home/user/.m2/repository/com/google/re2j/re2j/1.1/re2j-1.1.jar:/home/user/.m2/repository/com/google/code/gson/gson/2.2.4/gson-2.2.4.jar:/home/user/.m2/repository/com/jcraft/jsch/0.1.54/jsch-0.1.54.jar:/home/user/.m2/repository/org/apache/curator/curator-client/2.12.0/curator-client-2.12.0.jar:/home/user/.m2/repository/org/apache/curator/curator-recipes/2.12.0/curator-recipes-2.12.0.jar:/home/user/.m2/repository/com/google/code/findbugs/jsr305/3.0.0/jsr305-3.0.0.jar:/home/user/.m2/repository/org/apache/htrace/htrace-core4/4.1.0-incubating/htrace-core4-4.1.0-incubating.jar:/home/user/.m2/repository/org/apache/zookeeper/zookeeper/3.4.13/zookeeper-3.4.13.jar:/home/user/.m2/repository/org/apache/yetus/audience-annotations/0.5.0/audience-annotations-0.5.0.jar:/home/user/.m2/repository/org/codehaus/woodstox/stax2-api/3.1.4/stax2-api-3.1.4.jar:/home/user/.m2/repository/com/fasterxml/woodstox/woodstox-core/5.0.3/woodstox-core-5.0.3.jar:/home/user/.m2/repository/dnsjava/dnsjava/2.1.7/dnsjava-2.1.7.jar:/home/user/.m2/repository/org/apache/hadoop/hadoop-hdfs/3.2.0/hadoop-hdfs-3.2.0-tests.jar:/home/user/.m2/repository/org/eclipse/jetty/jetty-util-ajax/9.3.24.v20180605/jetty-util-ajax-9.3.24.v20180605.jar:/home/user/.m2/repository/commons-daemon/commons-daemon/1.0.13/commons-daemon-1.0.13.jar:/home/user/.m2/repository/io/netty/netty/3.10.5.Final/netty-3.10.5.Final.jar:/home/user/.m2/repository/io/netty/netty-all/4.0.52.Final/netty-all-4.0.52.Final.jar:/home/user/.m2/repository/org/fusesource/leveldbjni/leveldbjni-all/1.8/leveldbjni-all-1.8.jar:"/>
    <property name="java.vm.vendor" value="IcedTea"/>
    <property name="sun.arch.data.model" value="64"/>
    <property name="test.build.dir" value="/workdir/hadoop-ozone/integration-test/target/test-dir"/>
    <property name="test.cache.data" value=""/>
    <property name="java.vendor.url" value="https://icedtea.classpath.org"/>
    <property name="user.timezone" value=""/>
    <property name="java.vm.specification.version" value="1.8"/>
    <property name="os.name" value="Linux"/>
    <property name="test.build.data" value="/workdir/hadoop-ozone/integration-test/target/test-dir"/>
    <property name="user.country" value="US"/>
    <property name="sun.java.launcher" value="SUN_STANDARD"/>
    <property name="sun.boot.library.path" value="/usr/lib/jvm/java-1.8-openjdk/jre/lib/amd64"/>
    <property name="sun.java.command" value="/workdir/hadoop-ozone/integration-test/target/surefire/surefirebooter8947518482779297412.jar /workdir/hadoop-ozone/integration-test/target/surefire 2019-09-19T10-34-47_637-jvmRun1 surefire1130810655358991146tmp surefire_671081472739493355247tmp"/>
    <property name="test" value="!TestMiniChaosOzoneCluster"/>
    <property name="surefire.test.class.path" value="/workdir/hadoop-ozone/integration-test/target/test-classes:/workdir/hadoop-ozone/integration-test/target/classes:/home/user/.m2/repository/org/apache/hadoop/hadoop-ozone-common/0.5.0-SNAPSHOT/hadoop-ozone-common-0.5.0-SNAPSHOT.jar:/home/user/.m2/repository/org/apache/commons/commons-compress/1.4.1/commons-compress-1.4.1.jar:/home/user/.m2/repository/org/tukaani/xz/1.0/xz-1.0.jar:/home/user/.m2/repository/org/apache/hadoop/hadoop-common/3.2.0/hadoop-common-3.2.0.jar:/home/user/.m2/repository/org/apache/hadoop/hadoop-hdfs/3.2.0/hadoop-hdfs-3.2.0.jar:/home/user/.m2/repository/org/apache/hadoop/hadoop-hdfs-client/3.2.0/hadoop-hdfs-client-3.2.0.jar:/home/user/.m2/repository/com/fasterxml/jackson/core/jackson-annotations/2.9.9/jackson-annotations-2.9.9.jar:/home/user/.m2/repository/org/apache/hadoop/hadoop-hdds-common/0.5.0-SNAPSHOT/hadoop-hdds-common-0.5.0-SNAPSHOT.jar:/home/user/.m2/repository/javax/annotation/javax.annotation-api/1.2/javax.annotation-api-1.2.jar:/home/user/.m2/repository/org/apache/ratis/ratis-server/0.4.0-78e95b9-SNAPSHOT/ratis-server-0.4.0-78e95b9-SNAPSHOT.jar:/home/user/.m2/repository/org/apache/ratis/ratis-thirdparty-misc/0.2.0/ratis-thirdparty-misc-0.2.0.jar:/home/user/.m2/repository/org/apache/ratis/ratis-proto/0.4.0-78e95b9-SNAPSHOT/ratis-proto-0.4.0-78e95b9-SNAPSHOT.jar:/home/user/.m2/repository/org/apache/ratis/ratis-common/0.4.0-78e95b9-SNAPSHOT/ratis-common-0.4.0-78e95b9-SNAPSHOT.jar:/home/user/.m2/repository/org/apache/ratis/ratis-client/0.4.0-78e95b9-SNAPSHOT/ratis-client-0.4.0-78e95b9-SNAPSHOT.jar:/home/user/.m2/repository/org/apache/ratis/ratis-metrics/0.4.0-78e95b9-SNAPSHOT/ratis-metrics-0.4.0-78e95b9-SNAPSHOT.jar:/home/user/.m2/repository/com/github/joshelser/dropwizard-metrics-hadoop-metrics2-reporter/0.1.2/dropwizard-metrics-hadoop-metrics2-reporter-0.1.2.jar:/home/user/.m2/repository/io/dropwizard/metrics/metrics-jvm/3.2.5/metrics-jvm-3.2.5.jar:/home/user/.m2/repository/io/dropwizard/metrics/metrics-ganglia/3.2.5/metrics-ganglia-3.2.5.jar:/home/user/.m2/repository/info/ganglia/gmetric4j/gmetric4j/1.0.7/gmetric4j-1.0.7.jar:/home/user/.m2/repository/org/apache/ratis/ratis-netty/0.4.0-78e95b9-SNAPSHOT/ratis-netty-0.4.0-78e95b9-SNAPSHOT.jar:/home/user/.m2/repository/org/apache/ratis/ratis-grpc/0.4.0-78e95b9-SNAPSHOT/ratis-grpc-0.4.0-78e95b9-SNAPSHOT.jar:/home/user/.m2/repository/org/rocksdb/rocksdbjni/6.0.1/rocksdbjni-6.0.1.jar:/home/user/.m2/repository/org/apache/logging/log4j/log4j-api/2.11.0/log4j-api-2.11.0.jar:/home/user/.m2/repository/org/apache/logging/log4j/log4j-core/2.11.0/log4j-core-2.11.0.jar:/home/user/.m2/repository/com/lmax/disruptor/3.4.2/disruptor-3.4.2.jar:/home/user/.m2/repository/org/apache/commons/commons-pool2/2.6.0/commons-pool2-2.6.0.jar:/home/user/.m2/repository/org/bouncycastle/bcpkix-jdk15on/1.60/bcpkix-jdk15on-1.60.jar:/home/user/.m2/repository/commons-validator/commons-validator/1.6/commons-validator-1.6.jar:/home/user/.m2/repository/commons-digester/commons-digester/1.8.1/commons-digester-1.8.1.jar:/home/user/.m2/repository/io/jaegertracing/jaeger-client/0.33.1/jaeger-client-0.33.1.jar:/home/user/.m2/repository/io/jaegertracing/jaeger-thrift/0.33.1/jaeger-thrift-0.33.1.jar:/home/user/.m2/repository/org/apache/thrift/libthrift/0.11.0/libthrift-0.11.0.jar:/home/user/.m2/repository/com/squareup/okhttp3/okhttp/3.9.0/okhttp-3.9.0.jar:/home/user/.m2/repository/com/squareup/okio/okio/1.13.0/okio-1.13.0.jar:/home/user/.m2/repository/io/jaegertracing/jaeger-core/0.33.1/jaeger-core-0.33.1.jar:/home/user/.m2/repository/io/jaegertracing/jaeger-tracerresolver/0.33.1/jaeger-tracerresolver-0.33.1.jar:/home/user/.m2/repository/io/opentracing/contrib/opentracing-tracerresolver/0.1.5/opentracing-tracerresolver-0.1.5.jar:/home/user/.m2/repository/io/opentracing/opentracing-util/0.31.0/opentracing-util-0.31.0.jar:/home/user/.m2/repository/io/opentracing/opentracing-api/0.31.0/opentracing-api-0.31.0.jar:/home/user/.m2/repository/io/opentracing/opentracing-noop/0.31.0/opentracing-noop-0.31.0.jar:/home/user/.m2/repository/org/apache/hadoop/hadoop-hdds-server-framework/0.5.0-SNAPSHOT/hadoop-hdds-server-framework-0.5.0-SNAPSHOT.jar:/home/user/.m2/repository/org/apache/hadoop/hadoop-hdds-container-service/0.5.0-SNAPSHOT/hadoop-hdds-container-service-0.5.0-SNAPSHOT.jar:/home/user/.m2/repository/org/apache/hadoop/hadoop-hdds-client/0.5.0-SNAPSHOT/hadoop-hdds-client-0.5.0-SNAPSHOT.jar:/home/user/.m2/repository/org/apache/hadoop/hadoop-hdds-tools/0.5.0-SNAPSHOT/hadoop-hdds-tools-0.5.0-SNAPSHOT.jar:/home/user/.m2/repository/org/apache/hadoop/hadoop-hdds-server-scm/0.5.0-SNAPSHOT/hadoop-hdds-server-scm-0.5.0-SNAPSHOT.jar:/home/user/.m2/repository/org/apache/hadoop/hadoop-hdds-docs/0.5.0-SNAPSHOT/hadoop-hdds-docs-0.5.0-SNAPSHOT.jar:/home/user/.m2/repository/io/dropwizard/metrics/metrics-core/3.2.4/metrics-core-3.2.4.jar:/home/user/.m2/repository/org/hamcrest/hamcrest-all/1.3/hamcrest-all-1.3.jar:/home/user/.m2/repository/org/bouncycastle/bcprov-jdk15on/1.60/bcprov-jdk15on-1.60.jar:/home/user/.m2/repository/info/picocli/picocli/3.9.6/picocli-3.9.6.jar:/home/user/.m2/repository/com/google/protobuf/protobuf-java/2.5.0/protobuf-java-2.5.0.jar:/home/user/.m2/repository/com/google/guava/guava/11.0.2/guava-11.0.2.jar:/home/user/.m2/repository/org/apache/hadoop/hadoop-ozone-ozone-manager/0.5.0-SNAPSHOT/hadoop-ozone-ozone-manager-0.5.0-SNAPSHOT.jar:/home/user/.m2/repository/org/apache/hadoop/hadoop-minikdc/3.2.0/hadoop-minikdc-3.2.0.jar:/home/user/.m2/repository/commons-io/commons-io/2.5/commons-io-2.5.jar:/home/user/.m2/repository/org/apache/kerby/kerb-simplekdc/1.0.1/kerb-simplekdc-1.0.1.jar:/home/user/.m2/repository/org/apache/kerby/kerb-client/1.0.1/kerb-client-1.0.1.jar:/home/user/.m2/repository/org/apache/kerby/kerby-config/1.0.1/kerby-config-1.0.1.jar:/home/user/.m2/repository/org/apache/kerby/kerb-core/1.0.1/kerb-core-1.0.1.jar:/home/user/.m2/repository/org/apache/kerby/kerby-pkix/1.0.1/kerby-pkix-1.0.1.jar:/home/user/.m2/repository/org/apache/kerby/kerby-asn1/1.0.1/kerby-asn1-1.0.1.jar:/home/user/.m2/repository/org/apache/kerby/kerby-util/1.0.1/kerby-util-1.0.1.jar:/home/user/.m2/repository/org/apache/kerby/kerb-common/1.0.1/kerb-common-1.0.1.jar:/home/user/.m2/repository/org/apache/kerby/kerb-crypto/1.0.1/kerb-crypto-1.0.1.jar:/home/user/.m2/repository/org/apache/kerby/kerb-util/1.0.1/kerb-util-1.0.1.jar:/home/user/.m2/repository/org/apache/kerby/token-provider/1.0.1/token-provider-1.0.1.jar:/home/user/.m2/repository/org/apache/kerby/kerb-admin/1.0.1/kerb-admin-1.0.1.jar:/home/user/.m2/repository/org/apache/kerby/kerb-server/1.0.1/kerb-server-1.0.1.jar:/home/user/.m2/repository/org/apache/kerby/kerb-identity/1.0.1/kerb-identity-1.0.1.jar:/home/user/.m2/repository/org/apache/kerby/kerby-xdr/1.0.1/kerby-xdr-1.0.1.jar:/home/user/.m2/repository/org/slf4j/slf4j-log4j12/1.7.25/slf4j-log4j12-1.7.25.jar:/home/user/.m2/repository/org/apache/hadoop/hadoop-ozone-s3gateway/0.5.0-SNAPSHOT/hadoop-ozone-s3gateway-0.5.0-SNAPSHOT.jar:/home/user/.m2/repository/org/jboss/weld/servlet/weld-servlet/2.4.7.Final/weld-servlet-2.4.7.Final.jar:/home/user/.m2/repository/org/glassfish/jersey/containers/jersey-container-servlet-core/2.27/jersey-container-servlet-core-2.27.jar:/home/user/.m2/repository/org/glassfish/hk2/external/javax.inject/2.5.0-b42/javax.inject-2.5.0-b42.jar:/home/user/.m2/repository/org/glassfish/jersey/core/jersey-common/2.27/jersey-common-2.27.jar:/home/user/.m2/repository/org/glassfish/hk2/osgi-resource-locator/1.0.1/osgi-resource-locator-1.0.1.jar:/home/user/.m2/repository/javax/ws/rs/javax.ws.rs-api/2.1/javax.ws.rs-api-2.1.jar:/home/user/.m2/repository/org/glassfish/jersey/ext/cdi/jersey-cdi1x/2.27/jersey-cdi1x-2.27.jar:/home/user/.m2/repository/org/glassfish/jersey/inject/jersey-hk2/2.27/jersey-hk2-2.27.jar:/home/user/.m2/repository/org/glassfish/hk2/hk2-locator/2.5.0-b42/hk2-locator-2.5.0-b42.jar:/home/user/.m2/repository/org/javassist/javassist/3.22.0-CR2/javassist-3.22.0-CR2.jar:/home/user/.m2/repository/org/glassfish/hk2/hk2-api/2.5.0/hk2-api-2.5.0.jar:/home/user/.m2/repository/org/glassfish/hk2/external/jakarta.inject/2.5.0/jakarta.inject-2.5.0.jar:/home/user/.m2/repository/org/glassfish/hk2/hk2-utils/2.5.0/hk2-utils-2.5.0.jar:/home/user/.m2/repository/jakarta/annotation/jakarta.annotation-api/1.3.4/jakarta.annotation-api-1.3.4.jar:/home/user/.m2/repository/org/glassfish/hk2/external/aopalliance-repackaged/2.5.0/aopalliance-repackaged-2.5.0.jar:/home/user/.m2/repository/com/fasterxml/jackson/dataformat/jackson-dataformat-xml/2.9.0/jackson-dataformat-xml-2.9.0.jar:/home/user/.m2/repository/com/fasterxml/jackson/core/jackson-core/2.9.9/jackson-core-2.9.9.jar:/home/user/.m2/repository/com/fasterxml/jackson/module/jackson-module-jaxb-annotations/2.9.9/jackson-module-jaxb-annotations-2.9.9.jar:/home/user/.m2/repository/javax/enterprise/cdi-api/1.2/cdi-api-1.2.jar:/home/user/.m2/repository/javax/el/javax.el-api/3.0.0/javax.el-api-3.0.0.jar:/home/user/.m2/repository/javax/interceptor/javax.interceptor-api/1.2/javax.interceptor-api-1.2.jar:/home/user/.m2/repository/javax/inject/javax.inject/1/javax.inject-1.jar:/home/user/.m2/repository/com/sun/xml/bind/jaxb-impl/2.3.0.1/jaxb-impl-2.3.0.1.jar:/home/user/.m2/repository/com/sun/xml/bind/jaxb-core/2.3.0.1/jaxb-core-2.3.0.1.jar:/home/user/.m2/repository/javax/xml/bind/jaxb-api/2.3.0/jaxb-api-2.3.0.jar:/home/user/.m2/repository/javax/activation/activation/1.1.1/activation-1.1.1.jar:/home/user/.m2/repository/org/apache/hadoop/hadoop-ozone-csi/0.5.0-SNAPSHOT/hadoop-ozone-csi-0.5.0-SNAPSHOT.jar:/home/user/.m2/repository/com/google/protobuf/protobuf-java-util/3.5.1/protobuf-java-util-3.5.1.jar:/home/user/.m2/repository/org/apache/hadoop/hadoop-hdds-config/0.5.0-SNAPSHOT/hadoop-hdds-config-0.5.0-SNAPSHOT.jar:/home/user/.m2/repository/io/grpc/grpc-netty/1.17.1/grpc-netty-1.17.1.jar:/home/user/.m2/repository/io/grpc/grpc-core/1.17.1/grpc-core-1.17.1.jar:/home/user/.m2/repository/io/grpc/grpc-context/1.17.1/grpc-context-1.17.1.jar:/home/user/.m2/repository/com/google/errorprone/error_prone_annotations/2.2.0/error_prone_annotations-2.2.0.jar:/home/user/.m2/repository/org/codehaus/mojo/animal-sniffer-annotations/1.17/animal-sniffer-annotations-1.17.jar:/home/user/.m2/repository/io/opencensus/opencensus-api/0.17.0/opencensus-api-0.17.0.jar:/home/user/.m2/repository/io/opencensus/opencensus-contrib-grpc-metrics/0.17.0/opencensus-contrib-grpc-metrics-0.17.0.jar:/home/user/.m2/repository/io/netty/netty-codec-http2/4.1.30.Final/netty-codec-http2-4.1.30.Final.jar:/home/user/.m2/repository/io/netty/netty-codec-http/4.1.30.Final/netty-codec-http-4.1.30.Final.jar:/home/user/.m2/repository/io/netty/netty-codec/4.1.30.Final/netty-codec-4.1.30.Final.jar:/home/user/.m2/repository/io/netty/netty-handler/4.1.30.Final/netty-handler-4.1.30.Final.jar:/home/user/.m2/repository/io/netty/netty-handler-proxy/4.1.30.Final/netty-handler-proxy-4.1.30.Final.jar:/home/user/.m2/repository/io/netty/netty-codec-socks/4.1.30.Final/netty-codec-socks-4.1.30.Final.jar:/home/user/.m2/repository/io/netty/netty-transport-native-epoll/4.1.30.Final/netty-transport-native-epoll-4.1.30.Final.jar:/home/user/.m2/repository/io/netty/netty-common/4.1.30.Final/netty-common-4.1.30.Final.jar:/home/user/.m2/repository/io/netty/netty-buffer/4.1.30.Final/netty-buffer-4.1.30.Final.jar:/home/user/.m2/repository/io/netty/netty-transport/4.1.30.Final/netty-transport-4.1.30.Final.jar:/home/user/.m2/repository/io/netty/netty-resolver/4.1.30.Final/netty-resolver-4.1.30.Final.jar:/home/user/.m2/repository/io/netty/netty-transport-native-unix-common/4.1.30.Final/netty-transport-native-unix-common-4.1.30.Final.jar:/home/user/.m2/repository/io/grpc/grpc-protobuf/1.17.1/grpc-protobuf-1.17.1.jar:/home/user/.m2/repository/com/google/api/grpc/proto-google-common-protos/1.0.0/proto-google-common-protos-1.0.0.jar:/home/user/.m2/repository/io/grpc/grpc-protobuf-lite/1.17.1/grpc-protobuf-lite-1.17.1.jar:/home/user/.m2/repository/io/grpc/grpc-stub/1.17.1/grpc-stub-1.17.1.jar:/home/user/.m2/repository/org/apache/hadoop/hadoop-ozone-recon/0.5.0-SNAPSHOT/hadoop-ozone-recon-0.5.0-SNAPSHOT.jar:/home/user/.m2/repository/org/apache/hadoop/hadoop-ozone-reconcodegen/0.5.0-SNAPSHOT/hadoop-ozone-reconcodegen-0.5.0-SNAPSHOT.jar:/home/user/.m2/repository/com/google/inject/extensions/guice-multibindings/4.0/guice-multibindings-4.0.jar:/home/user/.m2/repository/com/google/inject/guice/4.0/guice-4.0.jar:/home/user/.m2/repository/aopalliance/aopalliance/1.0/aopalliance-1.0.jar:/home/user/.m2/repository/com/google/inject/extensions/guice-servlet/4.0/guice-servlet-4.0.jar:/home/user/.m2/repository/org/glassfish/jersey/containers/jersey-container-servlet/2.27/jersey-container-servlet-2.27.jar:/home/user/.m2/repository/org/glassfish/hk2/guice-bridge/2.5.0/guice-bridge-2.5.0.jar:/home/user/.m2/repository/org/glassfish/jersey/core/jersey-server/2.27/jersey-server-2.27.jar:/home/user/.m2/repository/org/glassfish/jersey/core/jersey-client/2.27/jersey-client-2.27.jar:/home/user/.m2/repository/org/glassfish/jersey/media/jersey-media-jaxb/2.27/jersey-media-jaxb-2.27.jar:/home/user/.m2/repository/javax/validation/validation-api/1.1.0.Final/validation-api-1.1.0.Final.jar:/home/user/.m2/repository/org/glassfish/jersey/media/jersey-media-json-jackson/2.27/jersey-media-json-jackson-2.27.jar:/home/user/.m2/repository/org/glassfish/jersey/ext/jersey-entity-filtering/2.27/jersey-entity-filtering-2.27.jar:/home/user/.m2/repository/com/google/inject/extensions/guice-assistedinject/4.0/guice-assistedinject-4.0.jar:/home/user/.m2/repository/org/jooq/jooq/3.11.10/jooq-3.11.10.jar:/home/user/.m2/repository/org/jooq/jooq-meta/3.11.10/jooq-meta-3.11.10.jar:/home/user/.m2/repository/org/jooq/jooq-codegen/3.11.10/jooq-codegen-3.11.10.jar:/home/user/.m2/repository/com/jolbox/bonecp/0.8.0.RELEASE/bonecp-0.8.0.RELEASE.jar:/home/user/.m2/repository/org/xerial/sqlite-jdbc/3.25.2/sqlite-jdbc-3.25.2.jar:/home/user/.m2/repository/org/springframework/spring-jdbc/5.1.3.RELEASE/spring-jdbc-5.1.3.RELEASE.jar:/home/user/.m2/repository/org/springframework/spring-beans/5.1.3.RELEASE/spring-beans-5.1.3.RELEASE.jar:/home/user/.m2/repository/org/springframework/spring-core/5.1.3.RELEASE/spring-core-5.1.3.RELEASE.jar:/home/user/.m2/repository/org/springframework/spring-jcl/5.1.3.RELEASE/spring-jcl-5.1.3.RELEASE.jar:/home/user/.m2/repository/org/springframework/spring-tx/5.1.3.RELEASE/spring-tx-5.1.3.RELEASE.jar:/home/user/.m2/repository/org/apache/hadoop/hadoop-ozone-client/0.5.0-SNAPSHOT/hadoop-ozone-client-0.5.0-SNAPSHOT.jar:/home/user/.m2/repository/commons-lang/commons-lang/2.6/commons-lang-2.6.jar:/home/user/.m2/repository/org/apache/hadoop/hadoop-ozone-ozone-manager/0.5.0-SNAPSHOT/hadoop-ozone-ozone-manager-0.5.0-SNAPSHOT-tests.jar:/home/user/.m2/repository/junit/junit/4.11/junit-4.11.jar:/home/user/.m2/repository/org/hamcrest/hamcrest-core/1.3/hamcrest-core-1.3.jar:/home/user/.m2/repository/org/openjdk/jmh/jmh-core/1.19/jmh-core-1.19.jar:/home/user/.m2/repository/net/sf/jopt-simple/jopt-simple/4.6/jopt-simple-4.6.jar:/home/user/.m2/repository/org/apache/commons/commons-math3/3.1.1/commons-math3-3.1.1.jar:/home/user/.m2/repository/org/openjdk/jmh/jmh-generator-annprocess/1.19/jmh-generator-annprocess-1.19.jar:/home/user/.m2/repository/org/mockito/mockito-all/1.8.5/mockito-all-1.8.5.jar:/home/user/.m2/repository/org/apache/hadoop/hadoop-kms/3.2.0/hadoop-kms-3.2.0.jar:/home/user/.m2/repository/org/apache/hadoop/hadoop-auth/3.2.0/hadoop-auth-3.2.0.jar:/home/user/.m2/repository/com/nimbusds/nimbus-jose-jwt/4.41.1/nimbus-jose-jwt-4.41.1.jar:/home/user/.m2/repository/com/github/stephenc/jcip/jcip-annotations/1.0-1/jcip-annotations-1.0-1.jar:/home/user/.m2/repository/net/minidev/json-smart/2.3/json-smart-2.3.jar:/home/user/.m2/repository/net/minidev/accessors-smart/1.2/accessors-smart-1.2.jar:/home/user/.m2/repository/org/ow2/asm/asm/5.0.4/asm-5.0.4.jar:/home/user/.m2/repository/org/apache/curator/curator-framework/2.12.0/curator-framework-2.12.0.jar:/home/user/.m2/repository/com/sun/jersey/jersey-core/1.19/jersey-core-1.19.jar:/home/user/.m2/repository/javax/ws/rs/jsr311-api/1.1.1/jsr311-api-1.1.1.jar:/home/user/.m2/repository/com/sun/jersey/jersey-server/1.19/jersey-server-1.19.jar:/home/user/.m2/repository/javax/servlet/javax.servlet-api/3.1.0/javax.servlet-api-3.1.0.jar:/home/user/.m2/repository/org/eclipse/jetty/jetty-server/9.3.24.v20180605/jetty-server-9.3.24.v20180605.jar:/home/user/.m2/repository/org/eclipse/jetty/jetty-http/9.3.24.v20180605/jetty-http-9.3.24.v20180605.jar:/home/user/.m2/repository/org/eclipse/jetty/jetty-io/9.3.24.v20180605/jetty-io-9.3.24.v20180605.jar:/home/user/.m2/repository/org/eclipse/jetty/jetty-webapp/9.3.24.v20180605/jetty-webapp-9.3.24.v20180605.jar:/home/user/.m2/repository/org/eclipse/jetty/jetty-xml/9.3.24.v20180605/jetty-xml-9.3.24.v20180605.jar:/home/user/.m2/repository/log4j/log4j/1.2.17/log4j-1.2.17.jar:/home/user/.m2/repository/org/slf4j/slf4j-api/1.7.25/slf4j-api-1.7.25.jar:/home/user/.m2/repository/org/slf4j/jul-to-slf4j/1.7.25/jul-to-slf4j-1.7.25.jar:/home/user/.m2/repository/org/eclipse/jetty/jetty-util/9.3.24.v20180605/jetty-util-9.3.24.v20180605.jar:/home/user/.m2/repository/com/fasterxml/jackson/core/jackson-databind/2.9.9/jackson-databind-2.9.9.jar:/home/user/.m2/repository/org/apache/hadoop/hadoop-kms/3.2.0/hadoop-kms-3.2.0-tests.jar:/home/user/.m2/repository/org/apache/hadoop/hadoop-hdds-server-scm/0.5.0-SNAPSHOT/hadoop-hdds-server-scm-0.5.0-SNAPSHOT-tests.jar:/home/user/.m2/repository/org/apache/hadoop/hadoop-hdds-container-service/0.5.0-SNAPSHOT/hadoop-hdds-container-service-0.5.0-SNAPSHOT-tests.jar:/home/user/.m2/repository/org/yaml/snakeyaml/1.16/snakeyaml-1.16.jar:/home/user/.m2/repository/org/apache/hadoop/hadoop-common/3.2.0/hadoop-common-3.2.0-tests.jar:/home/user/.m2/repository/org/apache/hadoop/hadoop-annotations/3.2.0/hadoop-annotations-3.2.0.jar:/usr/lib/jvm/java-1.8-openjdk/jre/../lib/tools.jar:/home/user/.m2/repository/commons-cli/commons-cli/1.2/commons-cli-1.2.jar:/home/user/.m2/repository/org/apache/httpcomponents/httpclient/4.5.2/httpclient-4.5.2.jar:/home/user/.m2/repository/org/apache/httpcomponents/httpcore/4.4.4/httpcore-4.4.4.jar:/home/user/.m2/repository/commons-codec/commons-codec/1.11/commons-codec-1.11.jar:/home/user/.m2/repository/commons-net/commons-net/3.6/commons-net-3.6.jar:/home/user/.m2/repository/commons-collections/commons-collections/3.2.2/commons-collections-3.2.2.jar:/home/user/.m2/repository/org/eclipse/jetty/jetty-servlet/9.3.24.v20180605/jetty-servlet-9.3.24.v20180605.jar:/home/user/.m2/repository/org/eclipse/jetty/jetty-security/9.3.24.v20180605/jetty-security-9.3.24.v20180605.jar:/home/user/.m2/repository/javax/servlet/jsp/jsp-api/2.1/jsp-api-2.1.jar:/home/user/.m2/repository/com/sun/jersey/jersey-servlet/1.19/jersey-servlet-1.19.jar:/home/user/.m2/repository/com/sun/jersey/jersey-json/1.19/jersey-json-1.19.jar:/home/user/.m2/repository/org/codehaus/jettison/jettison/1.1/jettison-1.1.jar:/home/user/.m2/repository/org/codehaus/jackson/jackson-core-asl/1.9.13/jackson-core-asl-1.9.13.jar:/home/user/.m2/repository/org/codehaus/jackson/jackson-mapper-asl/1.9.13/jackson-mapper-asl-1.9.13.jar:/home/user/.m2/repository/org/codehaus/jackson/jackson-jaxrs/1.9.13/jackson-jaxrs-1.9.13.jar:/home/user/.m2/repository/org/codehaus/jackson/jackson-xc/1.9.13/jackson-xc-1.9.13.jar:/home/user/.m2/repository/commons-logging/commons-logging/1.1.3/commons-logging-1.1.3.jar:/home/user/.m2/repository/commons-beanutils/commons-beanutils/1.9.4/commons-beanutils-1.9.4.jar:/home/user/.m2/repository/org/apache/commons/commons-configuration2/2.1.1/commons-configuration2-2.1.1.jar:/home/user/.m2/repository/org/apache/commons/commons-lang3/3.7/commons-lang3-3.7.jar:/home/user/.m2/repository/org/apache/commons/commons-text/1.4/commons-text-1.4.jar:/home/user/.m2/repository/org/apache/avro/avro/1.7.7/avro-1.7.7.jar:/home/user/.m2/repository/com/thoughtworks/paranamer/paranamer/2.3/paranamer-2.3.jar:/home/user/.m2/repository/org/xerial/snappy/snappy-java/1.0.5/snappy-java-1.0.5.jar:/home/user/.m2/repository/com/google/re2j/re2j/1.1/re2j-1.1.jar:/home/user/.m2/repository/com/google/code/gson/gson/2.2.4/gson-2.2.4.jar:/home/user/.m2/repository/com/jcraft/jsch/0.1.54/jsch-0.1.54.jar:/home/user/.m2/repository/org/apache/curator/curator-client/2.12.0/curator-client-2.12.0.jar:/home/user/.m2/repository/org/apache/curator/curator-recipes/2.12.0/curator-recipes-2.12.0.jar:/home/user/.m2/repository/com/google/code/findbugs/jsr305/3.0.0/jsr305-3.0.0.jar:/home/user/.m2/repository/org/apache/htrace/htrace-core4/4.1.0-incubating/htrace-core4-4.1.0-incubating.jar:/home/user/.m2/repository/org/apache/zookeeper/zookeeper/3.4.13/zookeeper-3.4.13.jar:/home/user/.m2/repository/org/apache/yetus/audience-annotations/0.5.0/audience-annotations-0.5.0.jar:/home/user/.m2/repository/org/codehaus/woodstox/stax2-api/3.1.4/stax2-api-3.1.4.jar:/home/user/.m2/repository/com/fasterxml/woodstox/woodstox-core/5.0.3/woodstox-core-5.0.3.jar:/home/user/.m2/repository/dnsjava/dnsjava/2.1.7/dnsjava-2.1.7.jar:/home/user/.m2/repository/org/apache/hadoop/hadoop-hdfs/3.2.0/hadoop-hdfs-3.2.0-tests.jar:/home/user/.m2/repository/org/eclipse/jetty/jetty-util-ajax/9.3.24.v20180605/jetty-util-ajax-9.3.24.v20180605.jar:/home/user/.m2/repository/commons-daemon/commons-daemon/1.0.13/commons-daemon-1.0.13.jar:/home/user/.m2/repository/io/netty/netty/3.10.5.Final/netty-3.10.5.Final.jar:/home/user/.m2/repository/io/netty/netty-all/4.0.52.Final/netty-all-4.0.52.Final.jar:/home/user/.m2/repository/org/fusesource/leveldbjni/leveldbjni-all/1.8/leveldbjni-all-1.8.jar:"/>
    <property name="sun.cpu.endian" value="little"/>
    <property name="user.home" value="/home/user"/>
    <property name="user.language" value="en"/>
    <property name="java.specification.vendor" value="Oracle Corporation"/>
    <property name="java.home" value="/usr/lib/jvm/java-1.8-openjdk/jre"/>
    <property name="java.security.krb5.conf" value="/workdir/hadoop-ozone/integration-test/target/test-classes/krb5.conf"/>
    <property name="basedir" value="/workdir/hadoop-ozone/integration-test"/>
    <property name="file.separator" value="/"/>
    <property name="line.separator" value="&#10;"/>
    <property name="java.vm.specification.vendor" value="Oracle Corporation"/>
    <property name="java.specification.name" value="Java Platform API Specification"/>
    <property name="java.awt.graphicsenv" value="sun.awt.X11GraphicsEnvironment"/>
    <property name="surefire.real.class.path" value="/workdir/hadoop-ozone/integration-test/target/surefire/surefirebooter8947518482779297412.jar"/>
    <property name="hadoop.log.dir" value="/workdir/hadoop-ozone/integration-test/target/log"/>
    <property name="sun.boot.class.path" value="/usr/lib/jvm/java-1.8-openjdk/jre/lib/resources.jar:/usr/lib/jvm/java-1.8-openjdk/jre/lib/rt.jar:/usr/lib/jvm/java-1.8-openjdk/jre/lib/sunrsasign.jar:/usr/lib/jvm/java-1.8-openjdk/jre/lib/jsse.jar:/usr/lib/jvm/java-1.8-openjdk/jre/lib/jce.jar:/usr/lib/jvm/java-1.8-openjdk/jre/lib/charsets.jar:/usr/lib/jvm/java-1.8-openjdk/jre/lib/jfr.jar:/usr/lib/jvm/java-1.8-openjdk/jre/classes"/>
    <property name="sun.management.compiler" value="HotSpot 64-Bit Tiered Compilers"/>
    <property name="java.runtime.version" value="1.8.0_212-b04"/>
    <property name="java.net.preferIPv4Stack" value="true"/>
    <property name="user.name" value="jenkins1000"/>
    <property name="path.separator" value=":"/>
    <property name="java.security.egd" value="file:///dev/urandom"/>
    <property name="os.version" value="3.10.0-957.12.2.el7.x86_64"/>
    <property name="java.endorsed.dirs" value="/usr/lib/jvm/java-1.8-openjdk/jre/lib/endorsed"/>
    <property name="java.runtime.name" value="OpenJDK Runtime Environment"/>
    <property name="file.encoding" value="UTF-8"/>
    <property name="java.vm.name" value="OpenJDK 64-Bit Server VM"/>
    <property name="test.build.webapps" value=""/>
    <property name="localRepository" value="/home/user/.m2/repository"/>
    <property name="java.vendor.url.bug" value="https://icedtea.classpath.org/bugzilla"/>
    <property name="java.io.tmpdir" value="/tmp"/>
    <property name="require.test.libhadoop" value=""/>
    <property name="java.version" value="1.8.0_212"/>
    <property name="user.dir" value="/workdir/hadoop-ozone/integration-test"/>
    <property name="os.arch" value="amd64"/>
    <property name="java.vm.specification.name" value="Java Virtual Machine Specification"/>
    <property name="test.build.classes" value="/workdir/hadoop-ozone/integration-test/target/test-classes"/>
    <property name="java.awt.printerjob" value="sun.print.PSPrinterJob"/>
    <property name="sun.os.patch.level" value="unknown"/>
    <property name="hadoop.tmp.dir" value="/workdir/hadoop-ozone/integration-test/target/tmp"/>
    <property name="java.library.path" value="/usr/lib/jvm/java-1.8-openjdk/jre/lib/amd64/server:/usr/lib/jvm/java-1.8-openjdk/jre/lib/amd64:/usr/lib/jvm/java-1.8-openjdk/jre/../lib/amd64:/workdir/hadoop-ozone/integration-test/target/native/target/usr/local/lib:/workdir/hadoop-ozone/integration-test/../../hadoop-common-project/hadoop-common/target/native/target/usr/local/lib:/usr/java/packages/lib/amd64:/usr/lib64:/lib64:/lib:/usr/lib"/>
    <property name="java.vm.info" value="mixed mode"/>
    <property name="java.vendor" value="IcedTea"/>
    <property name="java.vm.version" value="25.212-b04"/>
    <property name="java.ext.dirs" value="/usr/lib/jvm/java-1.8-openjdk/jre/lib/ext:/usr/java/packages/lib/ext"/>
    <property name="sun.io.unicode.encoding" value="UnicodeLittle"/>
    <property name="java.class.version" value="52.0"/>
  </properties>
  <testcase name="testGroupMismatchExceptionHandling" classname="org.apache.hadoop.ozone.client.rpc.TestOzoneClientRetriesOnException" time="45.606"/>
  <testcase name="testMaxRetriesByOzoneClient" classname="org.apache.hadoop.ozone.client.rpc.TestOzoneClientRetriesOnException" time="125.861">
    <error message="Failed to command cmdType: CreateContainer&#10;containerID: 1&#10;datanodeUuid: &quot;65261e74-c36a-42fd-98ac-65dc83eec679&quot;&#10;createContainer {&#10;}&#10;" type="java.io.IOException">java.io.IOException: 
Failed to command cmdType: CreateContainer
containerID: 1
datanodeUuid: "65261e74-c36a-42fd-98ac-65dc83eec679"
createContainer {
}

	at org.apache.hadoop.hdds.scm.XceiverClientSpi.sendCommand(XceiverClientSpi.java:113)
	at org.apache.hadoop.ozone.client.rpc.TestOzoneClientRetriesOnException.testMaxRetriesByOzoneClient(TestOzoneClientRetriesOnException.java:190)
	at sun.reflect.NativeMethodAccessorImpl.invoke0(Native Method)
	at sun.reflect.NativeMethodAccessorImpl.invoke(NativeMethodAccessorImpl.java:62)
	at sun.reflect.DelegatingMethodAccessorImpl.invoke(DelegatingMethodAccessorImpl.java:43)
	at java.lang.reflect.Method.invoke(Method.java:498)
	at org.junit.runners.model.FrameworkMethod$1.runReflectiveCall(FrameworkMethod.java:47)
	at org.junit.internal.runners.model.ReflectiveCallable.run(ReflectiveCallable.java:12)
	at org.junit.runners.model.FrameworkMethod.invokeExplosively(FrameworkMethod.java:44)
	at org.junit.internal.runners.statements.InvokeMethod.evaluate(InvokeMethod.java:17)
	at org.junit.internal.runners.statements.RunBefores.evaluate(RunBefores.java:26)
	at org.junit.internal.runners.statements.RunAfters.evaluate(RunAfters.java:27)
	at org.junit.runners.ParentRunner.runLeaf(ParentRunner.java:271)
	at org.junit.runners.BlockJUnit4ClassRunner.runChild(BlockJUnit4ClassRunner.java:70)
	at org.junit.runners.BlockJUnit4ClassRunner.runChild(BlockJUnit4ClassRunner.java:50)
	at org.junit.runners.ParentRunner$3.run(ParentRunner.java:238)
	at org.junit.runners.ParentRunner$1.schedule(ParentRunner.java:63)
	at org.junit.runners.ParentRunner.runChildren(ParentRunner.java:236)
	at org.junit.runners.ParentRunner.access$000(ParentRunner.java:53)
	at org.junit.runners.ParentRunner$2.evaluate(ParentRunner.java:229)
	at org.junit.runners.ParentRunner.run(ParentRunner.java:309)
	at org.apache.maven.surefire.junit4.JUnit4Provider.execute(JUnit4Provider.java:365)
	at org.apache.maven.surefire.junit4.JUnit4Provider.executeWithRerun(JUnit4Provider.java:273)
	at org.apache.maven.surefire.junit4.JUnit4Provider.executeTestSet(JUnit4Provider.java:238)
	at org.apache.maven.surefire.junit4.JUnit4Provider.invoke(JUnit4Provider.java:159)
	at org.apache.maven.surefire.booter.ForkedBooter.invokeProviderInSameClassLoader(ForkedBooter.java:384)
	at org.apache.maven.surefire.booter.ForkedBooter.runSuitesInProcess(ForkedBooter.java:345)
	at org.apache.maven.surefire.booter.ForkedBooter.execute(ForkedBooter.java:126)
	at org.apache.maven.surefire.booter.ForkedBooter.main(ForkedBooter.java:418)
Caused by: java.util.concurrent.ExecutionException: org.apache.ratis.protocol.RaftRetryFailureException: Failed RaftClientRequest:client-78A96E61A88F->399d3e62-04e5-4111-9cc9-9c21532552cc@group-2C5006FC0996, cid=45, seq=4*, RW, org.apache.hadoop.hdds.scm.XceiverClientRatis$$Lambda$341/760604710@26a9d88f for 180 attempts with RetryLimited(maxAttempts=180, sleepTime=1000ms)
	at java.util.concurrent.CompletableFuture.reportGet(CompletableFuture.java:357)
	at java.util.concurrent.CompletableFuture.get(CompletableFuture.java:1895)
	at org.apache.hadoop.hdds.scm.XceiverClientSpi.sendCommand(XceiverClientSpi.java:110)
	... 28 more
Caused by: org.apache.ratis.protocol.RaftRetryFailureException: Failed RaftClientRequest:client-78A96E61A88F->399d3e62-04e5-4111-9cc9-9c21532552cc@group-2C5006FC0996, cid=45, seq=4*, RW, org.apache.hadoop.hdds.scm.XceiverClientRatis$$Lambda$341/760604710@26a9d88f for 180 attempts with RetryLimited(maxAttempts=180, sleepTime=1000ms)
	at org.apache.ratis.client.impl.RaftClientImpl.noMoreRetries(RaftClientImpl.java:271)
	at org.apache.ratis.client.impl.OrderedAsync.handleAsyncRetryFailure(OrderedAsync.java:138)
	at org.apache.ratis.client.impl.OrderedAsync.lambda$sendRequest$10(OrderedAsync.java:230)
	at java.util.concurrent.CompletableFuture.uniExceptionally(CompletableFuture.java:870)
	at java.util.concurrent.CompletableFuture$UniExceptionally.tryFire(CompletableFuture.java:852)
	at java.util.concurrent.CompletableFuture.postComplete(CompletableFuture.java:474)
	at java.util.concurrent.CompletableFuture.completeExceptionally(CompletableFuture.java:1977)
	at org.apache.ratis.grpc.client.GrpcClientProtocolClient$AsyncStreamObservers.completeReplyExceptionally(GrpcClientProtocolClient.java:339)
	at org.apache.ratis.grpc.client.GrpcClientProtocolClient$AsyncStreamObservers.access$000(GrpcClientProtocolClient.java:255)
	at org.apache.ratis.grpc.client.GrpcClientProtocolClient$AsyncStreamObservers$1.onNext(GrpcClientProtocolClient.java:267)
	at org.apache.ratis.grpc.client.GrpcClientProtocolClient$AsyncStreamObservers$1.onNext(GrpcClientProtocolClient.java:258)
	at org.apache.ratis.thirdparty.io.grpc.stub.ClientCalls$StreamObserverToCallListenerAdapter.onMessage(ClientCalls.java:421)
	at org.apache.ratis.thirdparty.io.grpc.ForwardingClientCallListener.onMessage(ForwardingClientCallListener.java:33)
	at org.apache.ratis.thirdparty.io.grpc.ForwardingClientCallListener.onMessage(ForwardingClientCallListener.java:33)
	at org.apache.ratis.thirdparty.io.grpc.internal.ClientCallImpl$ClientStreamListenerImpl$1MessagesAvailable.runInContext(ClientCallImpl.java:519)
	at org.apache.ratis.thirdparty.io.grpc.internal.ContextRunnable.run(ContextRunnable.java:37)
	at org.apache.ratis.thirdparty.io.grpc.internal.SerializingExecutor.run(SerializingExecutor.java:123)
	at java.util.concurrent.ThreadPoolExecutor.runWorker(ThreadPoolExecutor.java:1149)
	at java.util.concurrent.ThreadPoolExecutor$Worker.run(ThreadPoolExecutor.java:624)
	at java.lang.Thread.run(Thread.java:748)
Caused by: org.apache.ratis.protocol.NotLeaderException: Server 399d3e62-04e5-4111-9cc9-9c21532552cc@group-2C5006FC0996 is not the leader 65261e74-c36a-42fd-98ac-65dc83eec679:192.168.151.78:41008
	at org.apache.ratis.client.impl.ClientProtoUtils.toRaftClientReply(ClientProtoUtils.java:243)
	at org.apache.ratis.grpc.client.GrpcClientProtocolClient$AsyncStreamObservers$1.onNext(GrpcClientProtocolClient.java:263)
	... 10 more
</error>
    <system-out><![CDATA[2019-09-19 11:40:06,528 [main] WARN  server.ServerUtils (ServerUtils.java:getScmDbDir(145)) - ozone.scm.db.dirs is not configured. We recommend adding this setting. Falling back to ozone.metadata.dirs instead.
2019-09-19 11:40:06,582 [main] WARN  server.ServerUtils (ServerUtils.java:getScmDbDir(145)) - ozone.scm.db.dirs is not configured. We recommend adding this setting. Falling back to ozone.metadata.dirs instead.
2019-09-19 11:40:06,583 [main] WARN  server.ServerUtils (ServerUtils.java:getScmDbDir(145)) - ozone.scm.db.dirs is not configured. We recommend adding this setting. Falling back to ozone.metadata.dirs instead.
2019-09-19 11:40:06,584 [main] INFO  db.DBStoreBuilder (DBStoreBuilder.java:addTable(110)) - using custom profile for table: deletedBlocks
2019-09-19 11:40:06,584 [main] INFO  db.DBStoreBuilder (DBStoreBuilder.java:processTables(161)) - Using default column profile:DBProfile.DISK for Table:deletedBlocks
2019-09-19 11:40:06,585 [main] INFO  db.DBStoreBuilder (DBStoreBuilder.java:addTable(110)) - using custom profile for table: validCerts
2019-09-19 11:40:06,585 [main] INFO  db.DBStoreBuilder (DBStoreBuilder.java:processTables(161)) - Using default column profile:DBProfile.DISK for Table:validCerts
2019-09-19 11:40:06,586 [main] INFO  db.DBStoreBuilder (DBStoreBuilder.java:addTable(110)) - using custom profile for table: revokedCerts
2019-09-19 11:40:06,586 [main] INFO  db.DBStoreBuilder (DBStoreBuilder.java:processTables(161)) - Using default column profile:DBProfile.DISK for Table:revokedCerts
2019-09-19 11:40:06,587 [main] INFO  db.DBStoreBuilder (DBStoreBuilder.java:addTable(110)) - using custom profile for table: default
2019-09-19 11:40:06,588 [main] INFO  db.DBStoreBuilder (DBStoreBuilder.java:processTables(167)) - Using default column profile:DBProfile.DISK for Table:default
2019-09-19 11:40:06,588 [main] INFO  db.DBStoreBuilder (DBStoreBuilder.java:getDbProfile(198)) - Using default options. DBProfile.DISK
2019-09-19 11:40:06,871 [main] INFO  net.NodeSchemaLoader (NodeSchemaLoader.java:loadSchemaFromFile(125)) - Loading file from sun.misc.CompoundEnumeration@5de5e95
2019-09-19 11:40:06,871 [main] INFO  net.NodeSchemaLoader (NodeSchemaLoader.java:loadSchema(171)) - Loading network topology layer schema file
2019-09-19 11:40:06,878 [main] WARN  server.ServerUtils (ServerUtils.java:sanitizeUserArgs(70)) - ozone.scm.stale.node.interval value = 300000 is larger than max = 100000 based on the key value of ozone.scm.heartbeat.thread.interval, reset to the max value 100000.
2019-09-19 11:40:06,879 [main] WARN  server.ServerUtils (ServerUtils.java:sanitizeUserArgs(70)) - ozone.scm.stale.node.interval value = 300000 is larger than max = 100000 based on the key value of ozone.scm.heartbeat.thread.interval, reset to the max value 100000.
2019-09-19 11:40:06,879 [main] INFO  node.SCMNodeManager (SCMNodeManager.java:<init>(114)) - Entering startup safe mode.
2019-09-19 11:40:06,880 [main] INFO  algorithms.ContainerPlacementPolicyFactory (ContainerPlacementPolicyFactory.java:getPolicy(57)) - Create container placement policy of type org.apache.hadoop.hdds.scm.container.placement.algorithms.SCMContainerPlacementRandom
2019-09-19 11:40:06,880 [main] WARN  server.ServerUtils (ServerUtils.java:getScmDbDir(145)) - ozone.scm.db.dirs is not configured. We recommend adding this setting. Falling back to ozone.metadata.dirs instead.
2019-09-19 11:40:06,901 [main] INFO  pipeline.SCMPipelineManager (SCMPipelineManager.java:initializePipelineState(128)) - No pipeline exists in current db
2019-09-19 11:40:06,901 [main] WARN  server.ServerUtils (ServerUtils.java:getScmDbDir(145)) - ozone.scm.db.dirs is not configured. We recommend adding this setting. Falling back to ozone.metadata.dirs instead.
2019-09-19 11:40:06,923 [main] WARN  events.EventQueue (EventQueue.java:fireEvent(183)) - No event handler registered for event TypedEvent{payloadType=SafeModeStatus, name='SafeModeStatus'}
2019-09-19 11:40:06,924 [main] INFO  ipc.CallQueueManager (CallQueueManager.java:<init>(84)) - Using callQueue: class java.util.concurrent.LinkedBlockingQueue, queueCapacity: 2000, scheduler: class org.apache.hadoop.ipc.DefaultRpcScheduler, ipcBackoff: false.
2019-09-19 11:40:06,925 [Socket Reader #1 for port 36401] INFO  ipc.Server (Server.java:run(1074)) - Starting Socket Reader #1 for port 36401
2019-09-19 11:40:06,927 [main] INFO  ipc.CallQueueManager (CallQueueManager.java:<init>(84)) - Using callQueue: class java.util.concurrent.LinkedBlockingQueue, queueCapacity: 2000, scheduler: class org.apache.hadoop.ipc.DefaultRpcScheduler, ipcBackoff: false.
2019-09-19 11:40:06,927 [Socket Reader #1 for port 38275] INFO  ipc.Server (Server.java:run(1074)) - Starting Socket Reader #1 for port 38275
2019-09-19 11:40:06,929 [main] INFO  ipc.CallQueueManager (CallQueueManager.java:<init>(84)) - Using callQueue: class java.util.concurrent.LinkedBlockingQueue, queueCapacity: 2000, scheduler: class org.apache.hadoop.ipc.DefaultRpcScheduler, ipcBackoff: false.
2019-09-19 11:40:06,930 [Socket Reader #1 for port 36711] INFO  ipc.Server (Server.java:run(1074)) - Starting Socket Reader #1 for port 36711
2019-09-19 11:40:06,933 [main] INFO  hdfs.DFSUtil (DFSUtil.java:httpServerTemplateForNNAndJN(1641)) - Starting Web-server for scm at: http://0.0.0.0:0
2019-09-19 11:40:06,936 [main] INFO  server.AuthenticationFilter (AuthenticationFilter.java:constructSecretProvider(240)) - Unable to initialize FileSignerSecretProvider, falling back to use random secrets.
2019-09-19 11:40:06,937 [main] WARN  http.HttpRequestLog (HttpRequestLog.java:getRequestLog(97)) - Jetty request log can only be enabled using Log4j
2019-09-19 11:40:06,940 [main] INFO  http.HttpServer2 (HttpServer2.java:addGlobalFilter(975)) - Added global filter 'safety' (class=org.apache.hadoop.http.HttpServer2$QuotingInputFilter)
2019-09-19 11:40:06,941 [main] INFO  http.HttpServer2 (HttpServer2.java:addFilter(948)) - Added filter static_user_filter (class=org.apache.hadoop.http.lib.StaticUserWebFilter$StaticUserFilter) to context scm
2019-09-19 11:40:06,941 [main] INFO  http.HttpServer2 (HttpServer2.java:addFilter(958)) - Added filter static_user_filter (class=org.apache.hadoop.http.lib.StaticUserWebFilter$StaticUserFilter) to context static
2019-09-19 11:40:06,941 [main] INFO  http.HttpServer2 (HttpServer2.java:addFilter(958)) - Added filter static_user_filter (class=org.apache.hadoop.http.lib.StaticUserWebFilter$StaticUserFilter) to context logs
2019-09-19 11:40:06,945 [main] INFO  server.StorageContainerManager (StorageContainerManager.java:start(763)) - StorageContainerLocationProtocol RPC server is listening at /0.0.0.0:36711
2019-09-19 11:40:06,949 [main] WARN  impl.MetricsConfig (MetricsConfig.java:loadFirst(134)) - Cannot locate configuration: tried hadoop-metrics2-storagecontainermanager.properties,hadoop-metrics2.properties
2019-09-19 11:40:06,950 [main] INFO  impl.MetricsSystemImpl (MetricsSystemImpl.java:startTimer(374)) - Scheduled Metric snapshot period at 10 second(s).
2019-09-19 11:40:06,950 [main] INFO  impl.MetricsSystemImpl (MetricsSystemImpl.java:start(191)) - StorageContainerManager metrics system started
2019-09-19 11:40:07,021 [main] WARN  impl.MetricsSystemImpl (MetricsSystemImpl.java:register(276)) - Sink prometheus already exists!
2019-09-19 11:40:07,028 [main] INFO  server.SCMClientProtocolServer (SCMClientProtocolServer.java:start(151)) - RPC server for Client  is listening at /0.0.0.0:36711
2019-09-19 11:40:07,029 [IPC Server Responder] INFO  ipc.Server (Server.java:run(1314)) - IPC Server Responder: starting
2019-09-19 11:40:07,029 [IPC Server listener on 36711] INFO  ipc.Server (Server.java:run(1153)) - IPC Server listener on 36711: starting
2019-09-19 11:40:07,033 [main] INFO  server.StorageContainerManager (StorageContainerManager.java:start(773)) - ScmBlockLocationProtocol RPC server is listening at /0.0.0.0:38275
2019-09-19 11:40:07,033 [main] INFO  server.SCMBlockProtocolServer (SCMBlockProtocolServer.java:start(146)) - RPC server for Block Protocol is listening at /0.0.0.0:38275
2019-09-19 11:40:07,034 [IPC Server Responder] INFO  ipc.Server (Server.java:run(1314)) - IPC Server Responder: starting
2019-09-19 11:40:07,034 [IPC Server listener on 38275] INFO  ipc.Server (Server.java:run(1153)) - IPC Server listener on 38275: starting
2019-09-19 11:40:07,038 [main] INFO  server.StorageContainerManager (StorageContainerManager.java:start(777)) - ScmDatanodeProtocl RPC server is listening at /0.0.0.0:36401
2019-09-19 11:40:07,038 [main] INFO  server.SCMDatanodeProtocolServer (SCMDatanodeProtocolServer.java:start(191)) - RPC server for DataNodes is listening at /0.0.0.0:36401
2019-09-19 11:40:07,039 [IPC Server Responder] INFO  ipc.Server (Server.java:run(1314)) - IPC Server Responder: starting
2019-09-19 11:40:07,039 [IPC Server listener on 36401] INFO  ipc.Server (Server.java:run(1153)) - IPC Server listener on 36401: starting
2019-09-19 11:40:07,043 [main] INFO  http.HttpServer2 (HttpServer2.java:bindListener(1191)) - Jetty bound to port 36848
2019-09-19 11:40:07,044 [main] INFO  server.Server (Server.java:doStart(351)) - jetty-9.3.24.v20180605, build timestamp: 2018-06-05T17:11:56Z, git hash: 84205aa28f11a4f31f2a3b86d1bba2cc8ab69827
2019-09-19 11:40:07,046 [main] INFO  handler.ContextHandler (ContextHandler.java:doStart(781)) - Started o.e.j.s.ServletContextHandler@40fa8766{/logs,file:///workdir/hadoop-ozone/integration-test/target/log,AVAILABLE}
2019-09-19 11:40:07,047 [main] INFO  handler.ContextHandler (ContextHandler.java:doStart(781)) - Started o.e.j.s.ServletContextHandler@663f237a{/static,file:///workdir/hadoop-ozone/integration-test/target/test-classes/webapps/static,AVAILABLE}
2019-09-19 11:40:07,053 [main] INFO  handler.ContextHandler (ContextHandler.java:doStart(781)) - Started o.e.j.w.WebAppContext@56476c16{/,file:///workdir/hadoop-ozone/integration-test/target/test-classes/webapps/scm/,AVAILABLE}{/scm}
2019-09-19 11:40:07,054 [main] INFO  server.AbstractConnector (AbstractConnector.java:doStart(278)) - Started ServerConnector@497b560e{HTTP/1.1,[http/1.1]}{0.0.0.0:36848}
2019-09-19 11:40:07,055 [main] INFO  server.Server (Server.java:doStart(419)) - Started @46738ms
2019-09-19 11:40:07,055 [main] WARN  impl.MetricsSystemImpl (MetricsSystemImpl.java:register(276)) - Sink prometheus already exists!
2019-09-19 11:40:07,057 [main] INFO  server.BaseHttpServer (BaseHttpServer.java:updateConnectorAddress(215)) - HTTP server of SCM is listening at http://0.0.0.0:36848
2019-09-19 11:40:07,058 [main] WARN  server.ServerUtils (ServerUtils.java:getDBPath(222)) - ozone.om.db.dirs is not configured. We recommend adding this setting. Falling back to ozone.metadata.dirs instead.
2019-09-19 11:40:07,058 [org.apache.hadoop.util.JvmPauseMonitor$Monitor@3ba348ca] INFO  util.JvmPauseMonitor (JvmPauseMonitor.java:run(188)) - Starting JVM pause monitor
2019-09-19 11:40:07,117 [main] WARN  server.ServerUtils (ServerUtils.java:getDBPath(222)) - ozone.om.db.dirs is not configured. We recommend adding this setting. Falling back to ozone.metadata.dirs instead.
2019-09-19 11:40:07,118 [main] WARN  server.ServerUtils (ServerUtils.java:getDBPath(222)) - ozone.om.db.dirs is not configured. We recommend adding this setting. Falling back to ozone.metadata.dirs instead.
2019-09-19 11:40:07,118 [main] INFO  om.OzoneManager (OzoneManager.java:setOMNodeDetails(649)) - OM Service ID is not set. Setting it to the default ID: omServiceIdDefault
2019-09-19 11:40:07,119 [main] INFO  om.OzoneManager (OzoneManager.java:setOMNodeDetails(655)) - OM Node ID is not set. Setting it to the OmStorage's OmID: 9fd0915a-4c48-408e-a011-7c9e80fb9266
2019-09-19 11:40:07,119 [main] INFO  om.OzoneManager (OzoneManager.java:loadOMHAConfigs(606)) - Found matching OM address with OMServiceId: null, OMNodeId: null, RPC Address: localhost:0 and Ratis port: 9872
2019-09-19 11:40:07,130 [main] WARN  server.ServerUtils (ServerUtils.java:getDBPath(222)) - ozone.om.db.dirs is not configured. We recommend adding this setting. Falling back to ozone.metadata.dirs instead.
2019-09-19 11:40:07,131 [main] INFO  db.DBStoreBuilder (DBStoreBuilder.java:addTable(110)) - using custom profile for table: userTable
2019-09-19 11:40:07,131 [main] INFO  db.DBStoreBuilder (DBStoreBuilder.java:processTables(161)) - Using default column profile:DBProfile.DISK for Table:userTable
2019-09-19 11:40:07,132 [main] INFO  db.DBStoreBuilder (DBStoreBuilder.java:addTable(110)) - using custom profile for table: volumeTable
2019-09-19 11:40:07,132 [main] INFO  db.DBStoreBuilder (DBStoreBuilder.java:processTables(161)) - Using default column profile:DBProfile.DISK for Table:volumeTable
2019-09-19 11:40:07,132 [main] INFO  db.DBStoreBuilder (DBStoreBuilder.java:addTable(110)) - using custom profile for table: bucketTable
2019-09-19 11:40:07,133 [main] INFO  db.DBStoreBuilder (DBStoreBuilder.java:processTables(161)) - Using default column profile:DBProfile.DISK for Table:bucketTable
2019-09-19 11:40:07,133 [main] INFO  db.DBStoreBuilder (DBStoreBuilder.java:addTable(110)) - using custom profile for table: keyTable
2019-09-19 11:40:07,133 [main] INFO  db.DBStoreBuilder (DBStoreBuilder.java:processTables(161)) - Using default column profile:DBProfile.DISK for Table:keyTable
2019-09-19 11:40:07,134 [main] INFO  db.DBStoreBuilder (DBStoreBuilder.java:addTable(110)) - using custom profile for table: deletedTable
2019-09-19 11:40:07,134 [main] INFO  db.DBStoreBuilder (DBStoreBuilder.java:processTables(161)) - Using default column profile:DBProfile.DISK for Table:deletedTable
2019-09-19 11:40:07,134 [main] INFO  db.DBStoreBuilder (DBStoreBuilder.java:addTable(110)) - using custom profile for table: openKeyTable
2019-09-19 11:40:07,135 [main] INFO  db.DBStoreBuilder (DBStoreBuilder.java:processTables(161)) - Using default column profile:DBProfile.DISK for Table:openKeyTable
2019-09-19 11:40:07,135 [main] INFO  db.DBStoreBuilder (DBStoreBuilder.java:addTable(110)) - using custom profile for table: s3Table
2019-09-19 11:40:07,135 [main] INFO  db.DBStoreBuilder (DBStoreBuilder.java:processTables(161)) - Using default column profile:DBProfile.DISK for Table:s3Table
2019-09-19 11:40:07,135 [main] INFO  db.DBStoreBuilder (DBStoreBuilder.java:addTable(110)) - using custom profile for table: multipartInfoTable
2019-09-19 11:40:07,136 [main] INFO  db.DBStoreBuilder (DBStoreBuilder.java:processTables(161)) - Using default column profile:DBProfile.DISK for Table:multipartInfoTable
2019-09-19 11:40:07,136 [main] INFO  db.DBStoreBuilder (DBStoreBuilder.java:addTable(110)) - using custom profile for table: dTokenTable
2019-09-19 11:40:07,136 [main] INFO  db.DBStoreBuilder (DBStoreBuilder.java:processTables(161)) - Using default column profile:DBProfile.DISK for Table:dTokenTable
2019-09-19 11:40:07,137 [main] INFO  db.DBStoreBuilder (DBStoreBuilder.java:addTable(110)) - using custom profile for table: s3SecretTable
2019-09-19 11:40:07,137 [main] INFO  db.DBStoreBuilder (DBStoreBuilder.java:processTables(161)) - Using default column profile:DBProfile.DISK for Table:s3SecretTable
2019-09-19 11:40:07,137 [main] INFO  db.DBStoreBuilder (DBStoreBuilder.java:addTable(110)) - using custom profile for table: prefixTable
2019-09-19 11:40:07,138 [main] INFO  db.DBStoreBuilder (DBStoreBuilder.java:processTables(161)) - Using default column profile:DBProfile.DISK for Table:prefixTable
2019-09-19 11:40:07,138 [main] INFO  db.DBStoreBuilder (DBStoreBuilder.java:addTable(110)) - using custom profile for table: default
2019-09-19 11:40:07,138 [main] INFO  db.DBStoreBuilder (DBStoreBuilder.java:processTables(167)) - Using default column profile:DBProfile.DISK for Table:default
2019-09-19 11:40:07,138 [main] INFO  db.DBStoreBuilder (DBStoreBuilder.java:getDbProfile(198)) - Using default options. DBProfile.DISK
2019-09-19 11:40:07,964 [main] INFO  ipc.CallQueueManager (CallQueueManager.java:<init>(84)) - Using callQueue: class java.util.concurrent.LinkedBlockingQueue, queueCapacity: 2000, scheduler: class org.apache.hadoop.ipc.DefaultRpcScheduler, ipcBackoff: false.
2019-09-19 11:40:07,965 [Socket Reader #1 for port 35318] INFO  ipc.Server (Server.java:run(1074)) - Starting Socket Reader #1 for port 35318
2019-09-19 11:40:07,984 [main] INFO  om.OzoneManager (OzoneManager.java:start(1240)) - OzoneManager RPC server is listening at localhost/127.0.0.1:35318
2019-09-19 11:40:07,985 [main] INFO  impl.MetricsSystemImpl (MetricsSystemImpl.java:init(158)) - OzoneManager metrics system started (again)
2019-09-19 11:40:07,986 [IPC Server Responder] INFO  ipc.Server (Server.java:run(1314)) - IPC Server Responder: starting
2019-09-19 11:40:07,987 [IPC Server listener on 35318] INFO  ipc.Server (Server.java:run(1153)) - IPC Server listener on 35318: starting
2019-09-19 11:40:07,992 [main] INFO  hdfs.DFSUtil (DFSUtil.java:httpServerTemplateForNNAndJN(1641)) - Starting Web-server for ozoneManager at: http://0.0.0.0:0
2019-09-19 11:40:07,993 [main] INFO  server.AuthenticationFilter (AuthenticationFilter.java:constructSecretProvider(240)) - Unable to initialize FileSignerSecretProvider, falling back to use random secrets.
2019-09-19 11:40:07,994 [main] WARN  http.HttpRequestLog (HttpRequestLog.java:getRequestLog(97)) - Jetty request log can only be enabled using Log4j
2019-09-19 11:40:07,996 [main] INFO  http.HttpServer2 (HttpServer2.java:addGlobalFilter(975)) - Added global filter 'safety' (class=org.apache.hadoop.http.HttpServer2$QuotingInputFilter)
2019-09-19 11:40:07,997 [main] INFO  http.HttpServer2 (HttpServer2.java:addFilter(948)) - Added filter static_user_filter (class=org.apache.hadoop.http.lib.StaticUserWebFilter$StaticUserFilter) to context ozoneManager
2019-09-19 11:40:07,997 [main] INFO  http.HttpServer2 (HttpServer2.java:addFilter(958)) - Added filter static_user_filter (class=org.apache.hadoop.http.lib.StaticUserWebFilter$StaticUserFilter) to context static
2019-09-19 11:40:07,997 [main] INFO  http.HttpServer2 (HttpServer2.java:addFilter(958)) - Added filter static_user_filter (class=org.apache.hadoop.http.lib.StaticUserWebFilter$StaticUserFilter) to context logs
2019-09-19 11:40:07,999 [main] INFO  http.HttpServer2 (HttpServer2.java:bindListener(1191)) - Jetty bound to port 40691
2019-09-19 11:40:07,999 [main] INFO  server.Server (Server.java:doStart(351)) - jetty-9.3.24.v20180605, build timestamp: 2018-06-05T17:11:56Z, git hash: 84205aa28f11a4f31f2a3b86d1bba2cc8ab69827
2019-09-19 11:40:08,001 [main] INFO  handler.ContextHandler (ContextHandler.java:doStart(781)) - Started o.e.j.s.ServletContextHandler@1682c08c{/logs,file:///workdir/hadoop-ozone/integration-test/target/log,AVAILABLE}
2019-09-19 11:40:08,002 [main] INFO  handler.ContextHandler (ContextHandler.java:doStart(781)) - Started o.e.j.s.ServletContextHandler@4eb9f2af{/static,file:///workdir/hadoop-ozone/integration-test/target/test-classes/webapps/static,AVAILABLE}
2019-09-19 11:40:08,007 [main] INFO  handler.ContextHandler (ContextHandler.java:doStart(781)) - Started o.e.j.w.WebAppContext@630390b9{/,file:///workdir/hadoop-ozone/integration-test/target/test-classes/webapps/ozoneManager/,AVAILABLE}{/ozoneManager}
2019-09-19 11:40:08,008 [main] INFO  server.AbstractConnector (AbstractConnector.java:doStart(278)) - Started ServerConnector@6690b9fa{HTTP/1.1,[http/1.1]}{0.0.0.0:40691}
2019-09-19 11:40:08,008 [main] INFO  server.Server (Server.java:doStart(419)) - Started @47692ms
2019-09-19 11:40:08,008 [main] WARN  impl.MetricsSystemImpl (MetricsSystemImpl.java:register(276)) - Sink prometheus already exists!
2019-09-19 11:40:08,009 [main] INFO  server.BaseHttpServer (BaseHttpServer.java:updateConnectorAddress(215)) - HTTP server of OZONEMANAGER is listening at http://0.0.0.0:40691
2019-09-19 11:40:08,037 [main] INFO  impl.MetricsSystemImpl (MetricsSystemImpl.java:init(158)) - HddsDatanode metrics system started (again)
2019-09-19 11:40:08,040 [main] INFO  ozone.HddsDatanodeService (HddsDatanodeService.java:start(184)) - HddsDatanodeService host:pr-hdds-2154-j8s56-3842691507 ip:192.168.151.78
2019-09-19 11:40:08,047 [main] INFO  volume.HddsVolume (HddsVolume.java:<init>(176)) - Creating Volume: /workdir/hadoop-ozone/integration-test/target/test-dir/MiniOzoneClusterImpl-ffcb80c2-b642-44a5-b522-9914b1f1ccc8/datanode-0/data/containers/hdds of  storage type : DISK and capacity : 1482555576320
2019-09-19 11:40:08,048 [main] INFO  volume.VolumeSet (VolumeSet.java:initializeVolumeSet(170)) - Added Volume : /workdir/hadoop-ozone/integration-test/target/test-dir/MiniOzoneClusterImpl-ffcb80c2-b642-44a5-b522-9914b1f1ccc8/datanode-0/data/containers/hdds to VolumeSet
2019-09-19 11:40:08,048 [main] INFO  volume.ThrottledAsyncChecker (ThrottledAsyncChecker.java:schedule(139)) - Scheduling a check for org.apache.hadoop.ozone.container.common.volume.HddsVolume@1e692555
2019-09-19 11:40:08,051 [main] INFO  volume.HddsVolumeChecker (HddsVolumeChecker.java:checkAllVolumes(202)) - Scheduled health check for volume org.apache.hadoop.ozone.container.common.volume.HddsVolume@1e692555
2019-09-19 11:40:08,069 [main] INFO  impl.RaftServerProxy (ConfUtils.java:logGet(43)) - raft.rpc.type = GRPC (default)
2019-09-19 11:40:08,069 [main] INFO  grpc.GrpcFactory (GrpcFactory.java:checkPooledByteBufAllocatorUseCacheForAllThreads(45)) - PERFORMANCE WARNING: useCacheForAllThreads is true that may cause Netty to create a lot garbage objects and, as a result, trigger GC.
	It is recommended to disable useCacheForAllThreads by setting -Dorg.apache.ratis.thirdparty.io.netty.allocator.useCacheForAllThreads=false in command line.
2019-09-19 11:40:08,069 [main] INFO  grpc.GrpcConfigKeys$Server (ConfUtils.java:logGet(43)) - raft.grpc.server.port = 0 (default)
2019-09-19 11:40:08,070 [main] INFO  server.GrpcService (ConfUtils.java:logGet(43)) - raft.grpc.message.size.max = 33570816 (custom)
2019-09-19 11:40:08,070 [main] INFO  server.RaftServerConfigKeys (ConfUtils.java:logGet(43)) - raft.server.log.appender.buffer.byte-limit = 33554432 (custom)
2019-09-19 11:40:08,070 [main] INFO  server.GrpcService (ConfUtils.java:logGet(43)) - raft.grpc.flow.control.window = 1MB (=1048576) (default)
2019-09-19 11:40:08,071 [main] INFO  server.RaftServerConfigKeys (ConfUtils.java:logGet(43)) - raft.server.rpc.request.timeout = 3000ms (default)
2019-09-19 11:40:08,072 [main] INFO  server.RaftServerConfigKeys (ConfUtils.java:logGet(43)) - raft.server.storage.dir = [/workdir/hadoop-ozone/integration-test/target/test-dir/MiniOzoneClusterImpl-ffcb80c2-b642-44a5-b522-9914b1f1ccc8/datanode-0/data/ratis] (custom)
2019-09-19 11:40:08,074 [main] INFO  hdfs.DFSUtil (DFSUtil.java:httpServerTemplateForNNAndJN(1641)) - Starting Web-server for hddsDatanode at: http://0.0.0.0:0
2019-09-19 11:40:08,075 [main] INFO  server.AuthenticationFilter (AuthenticationFilter.java:constructSecretProvider(240)) - Unable to initialize FileSignerSecretProvider, falling back to use random secrets.
2019-09-19 11:40:08,076 [main] WARN  http.HttpRequestLog (HttpRequestLog.java:getRequestLog(97)) - Jetty request log can only be enabled using Log4j
2019-09-19 11:40:08,077 [main] INFO  http.HttpServer2 (HttpServer2.java:addGlobalFilter(975)) - Added global filter 'safety' (class=org.apache.hadoop.http.HttpServer2$QuotingInputFilter)
2019-09-19 11:40:08,078 [main] INFO  http.HttpServer2 (HttpServer2.java:addFilter(948)) - Added filter static_user_filter (class=org.apache.hadoop.http.lib.StaticUserWebFilter$StaticUserFilter) to context hddsDatanode
2019-09-19 11:40:08,078 [main] INFO  http.HttpServer2 (HttpServer2.java:addFilter(958)) - Added filter static_user_filter (class=org.apache.hadoop.http.lib.StaticUserWebFilter$StaticUserFilter) to context logs
2019-09-19 11:40:08,079 [main] INFO  http.HttpServer2 (HttpServer2.java:addFilter(958)) - Added filter static_user_filter (class=org.apache.hadoop.http.lib.StaticUserWebFilter$StaticUserFilter) to context static
2019-09-19 11:40:08,079 [main] INFO  http.HttpServer2 (HttpServer2.java:bindListener(1191)) - Jetty bound to port 44709
2019-09-19 11:40:08,080 [main] INFO  server.Server (Server.java:doStart(351)) - jetty-9.3.24.v20180605, build timestamp: 2018-06-05T17:11:56Z, git hash: 84205aa28f11a4f31f2a3b86d1bba2cc8ab69827
2019-09-19 11:40:08,081 [main] INFO  handler.ContextHandler (ContextHandler.java:doStart(781)) - Started o.e.j.s.ServletContextHandler@631cb129{/logs,file:///workdir/hadoop-ozone/integration-test/target/log,AVAILABLE}
2019-09-19 11:40:08,082 [main] INFO  handler.ContextHandler (ContextHandler.java:doStart(781)) - Started o.e.j.s.ServletContextHandler@3252747e{/static,jar:file:/home/user/.m2/repository/org/apache/hadoop/hadoop-hdds-container-service/0.5.0-SNAPSHOT/hadoop-hdds-container-service-0.5.0-SNAPSHOT.jar!/webapps/static,AVAILABLE}
2019-09-19 11:40:08,115 [main] INFO  handler.ContextHandler (ContextHandler.java:doStart(781)) - Started o.e.j.w.WebAppContext@3eb292cd{/,file:///tmp/jetty-0.0.0.0-44709-hddsDatanode-_-any-6609632052032671431.dir/webapp/,AVAILABLE}{/hddsDatanode}
2019-09-19 11:40:08,115 [main] INFO  server.AbstractConnector (AbstractConnector.java:doStart(278)) - Started ServerConnector@7fd987ef{HTTP/1.1,[http/1.1]}{0.0.0.0:44709}
2019-09-19 11:40:08,116 [main] INFO  server.Server (Server.java:doStart(419)) - Started @47800ms
2019-09-19 11:40:08,117 [main] WARN  impl.MetricsSystemImpl (MetricsSystemImpl.java:register(276)) - Sink prometheus already exists!
2019-09-19 11:40:08,117 [main] INFO  server.BaseHttpServer (BaseHttpServer.java:updateConnectorAddress(215)) - HTTP server of HDDSDATANODE is listening at http://0.0.0.0:44709
2019-09-19 11:40:08,118 [main] INFO  impl.MetricsSystemImpl (MetricsSystemImpl.java:init(158)) - HddsDatanode metrics system started (again)
2019-09-19 11:40:08,122 [org.apache.hadoop.util.JvmPauseMonitor$Monitor@26ca79e2] INFO  util.JvmPauseMonitor (JvmPauseMonitor.java:run(188)) - Starting JVM pause monitor
2019-09-19 11:40:08,122 [main] INFO  ozone.HddsDatanodeService (HddsDatanodeService.java:start(184)) - HddsDatanodeService host:pr-hdds-2154-j8s56-3842691507 ip:192.168.151.78
2019-09-19 11:40:08,126 [Datanode State Machine Thread - 0] INFO  datanode.InitDatanodeState (InitDatanodeState.java:persistContainerDatanodeDetails(140)) - DatanodeDetails is persisted to /workdir/hadoop-ozone/integration-test/target/test-dir/MiniOzoneClusterImpl-ffcb80c2-b642-44a5-b522-9914b1f1ccc8/datanode-0/meta/datanode.id
2019-09-19 11:40:08,130 [main] INFO  volume.HddsVolume (HddsVolume.java:<init>(176)) - Creating Volume: /workdir/hadoop-ozone/integration-test/target/test-dir/MiniOzoneClusterImpl-ffcb80c2-b642-44a5-b522-9914b1f1ccc8/datanode-1/data/containers/hdds of  storage type : DISK and capacity : 1482555576320
2019-09-19 11:40:08,130 [main] INFO  volume.VolumeSet (VolumeSet.java:initializeVolumeSet(170)) - Added Volume : /workdir/hadoop-ozone/integration-test/target/test-dir/MiniOzoneClusterImpl-ffcb80c2-b642-44a5-b522-9914b1f1ccc8/datanode-1/data/containers/hdds to VolumeSet
2019-09-19 11:40:08,131 [main] INFO  volume.ThrottledAsyncChecker (ThrottledAsyncChecker.java:schedule(139)) - Scheduling a check for org.apache.hadoop.ozone.container.common.volume.HddsVolume@25f15f50
2019-09-19 11:40:08,131 [main] INFO  volume.HddsVolumeChecker (HddsVolumeChecker.java:checkAllVolumes(202)) - Scheduled health check for volume org.apache.hadoop.ozone.container.common.volume.HddsVolume@25f15f50
2019-09-19 11:40:08,153 [main] INFO  impl.RaftServerProxy (ConfUtils.java:logGet(43)) - raft.rpc.type = GRPC (default)
2019-09-19 11:40:08,153 [main] INFO  grpc.GrpcFactory (GrpcFactory.java:checkPooledByteBufAllocatorUseCacheForAllThreads(45)) - PERFORMANCE WARNING: useCacheForAllThreads is true that may cause Netty to create a lot garbage objects and, as a result, trigger GC.
	It is recommended to disable useCacheForAllThreads by setting -Dorg.apache.ratis.thirdparty.io.netty.allocator.useCacheForAllThreads=false in command line.
2019-09-19 11:40:08,153 [main] INFO  grpc.GrpcConfigKeys$Server (ConfUtils.java:logGet(43)) - raft.grpc.server.port = 0 (default)
2019-09-19 11:40:08,154 [main] INFO  server.GrpcService (ConfUtils.java:logGet(43)) - raft.grpc.message.size.max = 33570816 (custom)
2019-09-19 11:40:08,154 [main] INFO  server.RaftServerConfigKeys (ConfUtils.java:logGet(43)) - raft.server.log.appender.buffer.byte-limit = 33554432 (custom)
2019-09-19 11:40:08,154 [main] INFO  server.GrpcService (ConfUtils.java:logGet(43)) - raft.grpc.flow.control.window = 1MB (=1048576) (default)
2019-09-19 11:40:08,155 [main] INFO  server.RaftServerConfigKeys (ConfUtils.java:logGet(43)) - raft.server.rpc.request.timeout = 3000ms (default)
2019-09-19 11:40:08,155 [main] INFO  server.RaftServerConfigKeys (ConfUtils.java:logGet(43)) - raft.server.storage.dir = [/workdir/hadoop-ozone/integration-test/target/test-dir/MiniOzoneClusterImpl-ffcb80c2-b642-44a5-b522-9914b1f1ccc8/datanode-1/data/ratis] (custom)
2019-09-19 11:40:08,157 [main] INFO  hdfs.DFSUtil (DFSUtil.java:httpServerTemplateForNNAndJN(1641)) - Starting Web-server for hddsDatanode at: http://0.0.0.0:0
2019-09-19 11:40:08,159 [main] INFO  server.AuthenticationFilter (AuthenticationFilter.java:constructSecretProvider(240)) - Unable to initialize FileSignerSecretProvider, falling back to use random secrets.
2019-09-19 11:40:08,159 [main] WARN  http.HttpRequestLog (HttpRequestLog.java:getRequestLog(97)) - Jetty request log can only be enabled using Log4j
2019-09-19 11:40:08,161 [main] INFO  http.HttpServer2 (HttpServer2.java:addGlobalFilter(975)) - Added global filter 'safety' (class=org.apache.hadoop.http.HttpServer2$QuotingInputFilter)
2019-09-19 11:40:08,162 [main] INFO  http.HttpServer2 (HttpServer2.java:addFilter(948)) - Added filter static_user_filter (class=org.apache.hadoop.http.lib.StaticUserWebFilter$StaticUserFilter) to context hddsDatanode
2019-09-19 11:40:08,162 [main] INFO  http.HttpServer2 (HttpServer2.java:addFilter(958)) - Added filter static_user_filter (class=org.apache.hadoop.http.lib.StaticUserWebFilter$StaticUserFilter) to context static
2019-09-19 11:40:08,163 [main] INFO  http.HttpServer2 (HttpServer2.java:addFilter(958)) - Added filter static_user_filter (class=org.apache.hadoop.http.lib.StaticUserWebFilter$StaticUserFilter) to context logs
2019-09-19 11:40:08,163 [main] INFO  http.HttpServer2 (HttpServer2.java:bindListener(1191)) - Jetty bound to port 38564
2019-09-19 11:40:08,164 [main] INFO  server.Server (Server.java:doStart(351)) - jetty-9.3.24.v20180605, build timestamp: 2018-06-05T17:11:56Z, git hash: 84205aa28f11a4f31f2a3b86d1bba2cc8ab69827
2019-09-19 11:40:08,166 [main] INFO  handler.ContextHandler (ContextHandler.java:doStart(781)) - Started o.e.j.s.ServletContextHandler@748ac6f3{/logs,file:///workdir/hadoop-ozone/integration-test/target/log,AVAILABLE}
2019-09-19 11:40:08,166 [main] INFO  handler.ContextHandler (ContextHandler.java:doStart(781)) - Started o.e.j.s.ServletContextHandler@6fff46bf{/static,jar:file:/home/user/.m2/repository/org/apache/hadoop/hadoop-hdds-container-service/0.5.0-SNAPSHOT/hadoop-hdds-container-service-0.5.0-SNAPSHOT.jar!/webapps/static,AVAILABLE}
2019-09-19 11:40:08,199 [main] INFO  handler.ContextHandler (ContextHandler.java:doStart(781)) - Started o.e.j.w.WebAppContext@1bf14704{/,file:///tmp/jetty-0.0.0.0-38564-hddsDatanode-_-any-287929754337637755.dir/webapp/,AVAILABLE}{/hddsDatanode}
2019-09-19 11:40:08,200 [main] INFO  server.AbstractConnector (AbstractConnector.java:doStart(278)) - Started ServerConnector@5a545b0f{HTTP/1.1,[http/1.1]}{0.0.0.0:38564}
2019-09-19 11:40:08,201 [main] INFO  server.Server (Server.java:doStart(419)) - Started @47884ms
2019-09-19 11:40:08,201 [main] WARN  impl.MetricsSystemImpl (MetricsSystemImpl.java:register(276)) - Sink prometheus already exists!
2019-09-19 11:40:08,203 [main] INFO  server.BaseHttpServer (BaseHttpServer.java:updateConnectorAddress(215)) - HTTP server of HDDSDATANODE is listening at http://0.0.0.0:38564
2019-09-19 11:40:08,203 [main] INFO  impl.MetricsSystemImpl (MetricsSystemImpl.java:init(158)) - HddsDatanode metrics system started (again)
2019-09-19 11:40:08,209 [org.apache.hadoop.util.JvmPauseMonitor$Monitor@1f8a4885] INFO  util.JvmPauseMonitor (JvmPauseMonitor.java:run(188)) - Starting JVM pause monitor
2019-09-19 11:40:08,209 [main] INFO  ozone.HddsDatanodeService (HddsDatanodeService.java:start(184)) - HddsDatanodeService host:pr-hdds-2154-j8s56-3842691507 ip:192.168.151.78
2019-09-19 11:40:08,211 [Datanode State Machine Thread - 0] INFO  datanode.InitDatanodeState (InitDatanodeState.java:persistContainerDatanodeDetails(140)) - DatanodeDetails is persisted to /workdir/hadoop-ozone/integration-test/target/test-dir/MiniOzoneClusterImpl-ffcb80c2-b642-44a5-b522-9914b1f1ccc8/datanode-1/meta/datanode.id
2019-09-19 11:40:08,217 [main] INFO  volume.HddsVolume (HddsVolume.java:<init>(176)) - Creating Volume: /workdir/hadoop-ozone/integration-test/target/test-dir/MiniOzoneClusterImpl-ffcb80c2-b642-44a5-b522-9914b1f1ccc8/datanode-2/data/containers/hdds of  storage type : DISK and capacity : 1482555576320
2019-09-19 11:40:08,217 [main] INFO  volume.VolumeSet (VolumeSet.java:initializeVolumeSet(170)) - Added Volume : /workdir/hadoop-ozone/integration-test/target/test-dir/MiniOzoneClusterImpl-ffcb80c2-b642-44a5-b522-9914b1f1ccc8/datanode-2/data/containers/hdds to VolumeSet
2019-09-19 11:40:08,218 [main] INFO  volume.ThrottledAsyncChecker (ThrottledAsyncChecker.java:schedule(139)) - Scheduling a check for org.apache.hadoop.ozone.container.common.volume.HddsVolume@6413d7e7
2019-09-19 11:40:08,218 [main] INFO  volume.HddsVolumeChecker (HddsVolumeChecker.java:checkAllVolumes(202)) - Scheduled health check for volume org.apache.hadoop.ozone.container.common.volume.HddsVolume@6413d7e7
2019-09-19 11:40:08,239 [main] INFO  impl.RaftServerProxy (ConfUtils.java:logGet(43)) - raft.rpc.type = GRPC (default)
2019-09-19 11:40:08,239 [main] INFO  grpc.GrpcFactory (GrpcFactory.java:checkPooledByteBufAllocatorUseCacheForAllThreads(45)) - PERFORMANCE WARNING: useCacheForAllThreads is true that may cause Netty to create a lot garbage objects and, as a result, trigger GC.
	It is recommended to disable useCacheForAllThreads by setting -Dorg.apache.ratis.thirdparty.io.netty.allocator.useCacheForAllThreads=false in command line.
2019-09-19 11:40:08,240 [main] INFO  grpc.GrpcConfigKeys$Server (ConfUtils.java:logGet(43)) - raft.grpc.server.port = 0 (default)
2019-09-19 11:40:08,240 [main] INFO  server.GrpcService (ConfUtils.java:logGet(43)) - raft.grpc.message.size.max = 33570816 (custom)
2019-09-19 11:40:08,240 [main] INFO  server.RaftServerConfigKeys (ConfUtils.java:logGet(43)) - raft.server.log.appender.buffer.byte-limit = 33554432 (custom)
2019-09-19 11:40:08,240 [main] INFO  server.GrpcService (ConfUtils.java:logGet(43)) - raft.grpc.flow.control.window = 1MB (=1048576) (default)
2019-09-19 11:40:08,241 [main] INFO  server.RaftServerConfigKeys (ConfUtils.java:logGet(43)) - raft.server.rpc.request.timeout = 3000ms (default)
2019-09-19 11:40:08,241 [main] INFO  server.RaftServerConfigKeys (ConfUtils.java:logGet(43)) - raft.server.storage.dir = [/workdir/hadoop-ozone/integration-test/target/test-dir/MiniOzoneClusterImpl-ffcb80c2-b642-44a5-b522-9914b1f1ccc8/datanode-2/data/ratis] (custom)
2019-09-19 11:40:08,243 [main] INFO  hdfs.DFSUtil (DFSUtil.java:httpServerTemplateForNNAndJN(1641)) - Starting Web-server for hddsDatanode at: http://0.0.0.0:0
2019-09-19 11:40:08,245 [main] INFO  server.AuthenticationFilter (AuthenticationFilter.java:constructSecretProvider(240)) - Unable to initialize FileSignerSecretProvider, falling back to use random secrets.
2019-09-19 11:40:08,245 [main] WARN  http.HttpRequestLog (HttpRequestLog.java:getRequestLog(97)) - Jetty request log can only be enabled using Log4j
2019-09-19 11:40:08,247 [main] INFO  http.HttpServer2 (HttpServer2.java:addGlobalFilter(975)) - Added global filter 'safety' (class=org.apache.hadoop.http.HttpServer2$QuotingInputFilter)
2019-09-19 11:40:08,248 [main] INFO  http.HttpServer2 (HttpServer2.java:addFilter(948)) - Added filter static_user_filter (class=org.apache.hadoop.http.lib.StaticUserWebFilter$StaticUserFilter) to context hddsDatanode
2019-09-19 11:40:08,248 [main] INFO  http.HttpServer2 (HttpServer2.java:addFilter(958)) - Added filter static_user_filter (class=org.apache.hadoop.http.lib.StaticUserWebFilter$StaticUserFilter) to context logs
2019-09-19 11:40:08,248 [main] INFO  http.HttpServer2 (HttpServer2.java:addFilter(958)) - Added filter static_user_filter (class=org.apache.hadoop.http.lib.StaticUserWebFilter$StaticUserFilter) to context static
2019-09-19 11:40:08,249 [main] INFO  http.HttpServer2 (HttpServer2.java:bindListener(1191)) - Jetty bound to port 43289
2019-09-19 11:40:08,250 [main] INFO  server.Server (Server.java:doStart(351)) - jetty-9.3.24.v20180605, build timestamp: 2018-06-05T17:11:56Z, git hash: 84205aa28f11a4f31f2a3b86d1bba2cc8ab69827
2019-09-19 11:40:08,252 [main] INFO  handler.ContextHandler (ContextHandler.java:doStart(781)) - Started o.e.j.s.ServletContextHandler@3b55dd15{/logs,file:///workdir/hadoop-ozone/integration-test/target/log,AVAILABLE}
2019-09-19 11:40:08,253 [main] INFO  handler.ContextHandler (ContextHandler.java:doStart(781)) - Started o.e.j.s.ServletContextHandler@3ba3d4b6{/static,jar:file:/home/user/.m2/repository/org/apache/hadoop/hadoop-hdds-container-service/0.5.0-SNAPSHOT/hadoop-hdds-container-service-0.5.0-SNAPSHOT.jar!/webapps/static,AVAILABLE}
2019-09-19 11:40:08,290 [main] INFO  handler.ContextHandler (ContextHandler.java:doStart(781)) - Started o.e.j.w.WebAppContext@2ceee4b6{/,file:///tmp/jetty-0.0.0.0-43289-hddsDatanode-_-any-8626301043917330547.dir/webapp/,AVAILABLE}{/hddsDatanode}
2019-09-19 11:40:08,291 [main] INFO  server.AbstractConnector (AbstractConnector.java:doStart(278)) - Started ServerConnector@12a470dd{HTTP/1.1,[http/1.1]}{0.0.0.0:43289}
2019-09-19 11:40:08,292 [main] INFO  server.Server (Server.java:doStart(419)) - Started @47975ms
2019-09-19 11:40:08,292 [main] WARN  impl.MetricsSystemImpl (MetricsSystemImpl.java:register(276)) - Sink prometheus already exists!
2019-09-19 11:40:08,293 [main] INFO  server.BaseHttpServer (BaseHttpServer.java:updateConnectorAddress(215)) - HTTP server of HDDSDATANODE is listening at http://0.0.0.0:43289
2019-09-19 11:40:08,294 [main] INFO  impl.MetricsSystemImpl (MetricsSystemImpl.java:init(158)) - HddsDatanode metrics system started (again)
2019-09-19 11:40:08,299 [org.apache.hadoop.util.JvmPauseMonitor$Monitor@746e1d44] INFO  util.JvmPauseMonitor (JvmPauseMonitor.java:run(188)) - Starting JVM pause monitor
2019-09-19 11:40:08,300 [main] INFO  ozone.HddsDatanodeService (HddsDatanodeService.java:start(184)) - HddsDatanodeService host:pr-hdds-2154-j8s56-3842691507 ip:192.168.151.78
2019-09-19 11:40:08,302 [Datanode State Machine Thread - 0] INFO  datanode.InitDatanodeState (InitDatanodeState.java:persistContainerDatanodeDetails(140)) - DatanodeDetails is persisted to /workdir/hadoop-ozone/integration-test/target/test-dir/MiniOzoneClusterImpl-ffcb80c2-b642-44a5-b522-9914b1f1ccc8/datanode-2/meta/datanode.id
2019-09-19 11:40:08,309 [main] INFO  volume.HddsVolume (HddsVolume.java:<init>(176)) - Creating Volume: /workdir/hadoop-ozone/integration-test/target/test-dir/MiniOzoneClusterImpl-ffcb80c2-b642-44a5-b522-9914b1f1ccc8/datanode-3/data/containers/hdds of  storage type : DISK and capacity : 1482555576320
2019-09-19 11:40:08,309 [main] INFO  volume.VolumeSet (VolumeSet.java:initializeVolumeSet(170)) - Added Volume : /workdir/hadoop-ozone/integration-test/target/test-dir/MiniOzoneClusterImpl-ffcb80c2-b642-44a5-b522-9914b1f1ccc8/datanode-3/data/containers/hdds to VolumeSet
2019-09-19 11:40:08,309 [main] INFO  volume.ThrottledAsyncChecker (ThrottledAsyncChecker.java:schedule(139)) - Scheduling a check for org.apache.hadoop.ozone.container.common.volume.HddsVolume@158ae284
2019-09-19 11:40:08,310 [main] INFO  volume.HddsVolumeChecker (HddsVolumeChecker.java:checkAllVolumes(202)) - Scheduled health check for volume org.apache.hadoop.ozone.container.common.volume.HddsVolume@158ae284
2019-09-19 11:40:08,332 [main] INFO  impl.RaftServerProxy (ConfUtils.java:logGet(43)) - raft.rpc.type = GRPC (default)
2019-09-19 11:40:08,332 [main] INFO  grpc.GrpcFactory (GrpcFactory.java:checkPooledByteBufAllocatorUseCacheForAllThreads(45)) - PERFORMANCE WARNING: useCacheForAllThreads is true that may cause Netty to create a lot garbage objects and, as a result, trigger GC.
	It is recommended to disable useCacheForAllThreads by setting -Dorg.apache.ratis.thirdparty.io.netty.allocator.useCacheForAllThreads=false in command line.
2019-09-19 11:40:08,333 [main] INFO  grpc.GrpcConfigKeys$Server (ConfUtils.java:logGet(43)) - raft.grpc.server.port = 0 (default)
2019-09-19 11:40:08,333 [main] INFO  server.GrpcService (ConfUtils.java:logGet(43)) - raft.grpc.message.size.max = 33570816 (custom)
2019-09-19 11:40:08,333 [main] INFO  server.RaftServerConfigKeys (ConfUtils.java:logGet(43)) - raft.server.log.appender.buffer.byte-limit = 33554432 (custom)
2019-09-19 11:40:08,334 [main] INFO  server.GrpcService (ConfUtils.java:logGet(43)) - raft.grpc.flow.control.window = 1MB (=1048576) (default)
2019-09-19 11:40:08,334 [main] INFO  server.RaftServerConfigKeys (ConfUtils.java:logGet(43)) - raft.server.rpc.request.timeout = 3000ms (default)
2019-09-19 11:40:08,335 [main] INFO  server.RaftServerConfigKeys (ConfUtils.java:logGet(43)) - raft.server.storage.dir = [/workdir/hadoop-ozone/integration-test/target/test-dir/MiniOzoneClusterImpl-ffcb80c2-b642-44a5-b522-9914b1f1ccc8/datanode-3/data/ratis] (custom)
2019-09-19 11:40:08,336 [main] INFO  hdfs.DFSUtil (DFSUtil.java:httpServerTemplateForNNAndJN(1641)) - Starting Web-server for hddsDatanode at: http://0.0.0.0:0
2019-09-19 11:40:08,338 [main] INFO  server.AuthenticationFilter (AuthenticationFilter.java:constructSecretProvider(240)) - Unable to initialize FileSignerSecretProvider, falling back to use random secrets.
2019-09-19 11:40:08,338 [main] WARN  http.HttpRequestLog (HttpRequestLog.java:getRequestLog(97)) - Jetty request log can only be enabled using Log4j
2019-09-19 11:40:08,340 [main] INFO  http.HttpServer2 (HttpServer2.java:addGlobalFilter(975)) - Added global filter 'safety' (class=org.apache.hadoop.http.HttpServer2$QuotingInputFilter)
2019-09-19 11:40:08,341 [main] INFO  http.HttpServer2 (HttpServer2.java:addFilter(948)) - Added filter static_user_filter (class=org.apache.hadoop.http.lib.StaticUserWebFilter$StaticUserFilter) to context hddsDatanode
2019-09-19 11:40:08,341 [main] INFO  http.HttpServer2 (HttpServer2.java:addFilter(958)) - Added filter static_user_filter (class=org.apache.hadoop.http.lib.StaticUserWebFilter$StaticUserFilter) to context logs
2019-09-19 11:40:08,341 [main] INFO  http.HttpServer2 (HttpServer2.java:addFilter(958)) - Added filter static_user_filter (class=org.apache.hadoop.http.lib.StaticUserWebFilter$StaticUserFilter) to context static
2019-09-19 11:40:08,342 [main] INFO  http.HttpServer2 (HttpServer2.java:bindListener(1191)) - Jetty bound to port 36825
2019-09-19 11:40:08,343 [main] INFO  server.Server (Server.java:doStart(351)) - jetty-9.3.24.v20180605, build timestamp: 2018-06-05T17:11:56Z, git hash: 84205aa28f11a4f31f2a3b86d1bba2cc8ab69827
2019-09-19 11:40:08,345 [main] INFO  handler.ContextHandler (ContextHandler.java:doStart(781)) - Started o.e.j.s.ServletContextHandler@46dcbeab{/logs,file:///workdir/hadoop-ozone/integration-test/target/log,AVAILABLE}
2019-09-19 11:40:08,345 [main] INFO  handler.ContextHandler (ContextHandler.java:doStart(781)) - Started o.e.j.s.ServletContextHandler@152c4495{/static,jar:file:/home/user/.m2/repository/org/apache/hadoop/hadoop-hdds-container-service/0.5.0-SNAPSHOT/hadoop-hdds-container-service-0.5.0-SNAPSHOT.jar!/webapps/static,AVAILABLE}
2019-09-19 11:40:08,382 [main] INFO  handler.ContextHandler (ContextHandler.java:doStart(781)) - Started o.e.j.w.WebAppContext@fb0a08c{/,file:///tmp/jetty-0.0.0.0-36825-hddsDatanode-_-any-8583532831337635570.dir/webapp/,AVAILABLE}{/hddsDatanode}
2019-09-19 11:40:08,383 [main] INFO  server.AbstractConnector (AbstractConnector.java:doStart(278)) - Started ServerConnector@1faf386c{HTTP/1.1,[http/1.1]}{0.0.0.0:36825}
2019-09-19 11:40:08,384 [main] INFO  server.Server (Server.java:doStart(419)) - Started @48067ms
2019-09-19 11:40:08,384 [main] WARN  impl.MetricsSystemImpl (MetricsSystemImpl.java:register(276)) - Sink prometheus already exists!
2019-09-19 11:40:08,385 [main] INFO  server.BaseHttpServer (BaseHttpServer.java:updateConnectorAddress(215)) - HTTP server of HDDSDATANODE is listening at http://0.0.0.0:36825
2019-09-19 11:40:08,386 [main] INFO  impl.MetricsSystemImpl (MetricsSystemImpl.java:init(158)) - HddsDatanode metrics system started (again)
2019-09-19 11:40:08,390 [org.apache.hadoop.util.JvmPauseMonitor$Monitor@3b15cf09] INFO  util.JvmPauseMonitor (JvmPauseMonitor.java:run(188)) - Starting JVM pause monitor
2019-09-19 11:40:08,392 [main] INFO  ozone.HddsDatanodeService (HddsDatanodeService.java:start(184)) - HddsDatanodeService host:pr-hdds-2154-j8s56-3842691507 ip:192.168.151.78
2019-09-19 11:40:08,392 [Datanode State Machine Thread - 0] INFO  datanode.InitDatanodeState (InitDatanodeState.java:persistContainerDatanodeDetails(140)) - DatanodeDetails is persisted to /workdir/hadoop-ozone/integration-test/target/test-dir/MiniOzoneClusterImpl-ffcb80c2-b642-44a5-b522-9914b1f1ccc8/datanode-3/meta/datanode.id
2019-09-19 11:40:08,399 [main] INFO  volume.HddsVolume (HddsVolume.java:<init>(176)) - Creating Volume: /workdir/hadoop-ozone/integration-test/target/test-dir/MiniOzoneClusterImpl-ffcb80c2-b642-44a5-b522-9914b1f1ccc8/datanode-4/data/containers/hdds of  storage type : DISK and capacity : 1482555576320
2019-09-19 11:40:08,399 [main] INFO  volume.VolumeSet (VolumeSet.java:initializeVolumeSet(170)) - Added Volume : /workdir/hadoop-ozone/integration-test/target/test-dir/MiniOzoneClusterImpl-ffcb80c2-b642-44a5-b522-9914b1f1ccc8/datanode-4/data/containers/hdds to VolumeSet
2019-09-19 11:40:08,400 [main] INFO  volume.ThrottledAsyncChecker (ThrottledAsyncChecker.java:schedule(139)) - Scheduling a check for org.apache.hadoop.ozone.container.common.volume.HddsVolume@18a19e
2019-09-19 11:40:08,400 [main] INFO  volume.HddsVolumeChecker (HddsVolumeChecker.java:checkAllVolumes(202)) - Scheduled health check for volume org.apache.hadoop.ozone.container.common.volume.HddsVolume@18a19e
2019-09-19 11:40:08,424 [main] INFO  impl.RaftServerProxy (ConfUtils.java:logGet(43)) - raft.rpc.type = GRPC (default)
2019-09-19 11:40:08,424 [main] INFO  grpc.GrpcFactory (GrpcFactory.java:checkPooledByteBufAllocatorUseCacheForAllThreads(45)) - PERFORMANCE WARNING: useCacheForAllThreads is true that may cause Netty to create a lot garbage objects and, as a result, trigger GC.
	It is recommended to disable useCacheForAllThreads by setting -Dorg.apache.ratis.thirdparty.io.netty.allocator.useCacheForAllThreads=false in command line.
2019-09-19 11:40:08,425 [main] INFO  grpc.GrpcConfigKeys$Server (ConfUtils.java:logGet(43)) - raft.grpc.server.port = 0 (default)
2019-09-19 11:40:08,425 [main] INFO  server.GrpcService (ConfUtils.java:logGet(43)) - raft.grpc.message.size.max = 33570816 (custom)
2019-09-19 11:40:08,425 [main] INFO  server.RaftServerConfigKeys (ConfUtils.java:logGet(43)) - raft.server.log.appender.buffer.byte-limit = 33554432 (custom)
2019-09-19 11:40:08,426 [main] INFO  server.GrpcService (ConfUtils.java:logGet(43)) - raft.grpc.flow.control.window = 1MB (=1048576) (default)
2019-09-19 11:40:08,426 [main] INFO  server.RaftServerConfigKeys (ConfUtils.java:logGet(43)) - raft.server.rpc.request.timeout = 3000ms (default)
2019-09-19 11:40:08,427 [main] INFO  server.RaftServerConfigKeys (ConfUtils.java:logGet(43)) - raft.server.storage.dir = [/workdir/hadoop-ozone/integration-test/target/test-dir/MiniOzoneClusterImpl-ffcb80c2-b642-44a5-b522-9914b1f1ccc8/datanode-4/data/ratis] (custom)
2019-09-19 11:40:08,428 [main] INFO  hdfs.DFSUtil (DFSUtil.java:httpServerTemplateForNNAndJN(1641)) - Starting Web-server for hddsDatanode at: http://0.0.0.0:0
2019-09-19 11:40:08,430 [main] INFO  server.AuthenticationFilter (AuthenticationFilter.java:constructSecretProvider(240)) - Unable to initialize FileSignerSecretProvider, falling back to use random secrets.
2019-09-19 11:40:08,431 [main] WARN  http.HttpRequestLog (HttpRequestLog.java:getRequestLog(97)) - Jetty request log can only be enabled using Log4j
2019-09-19 11:40:08,433 [main] INFO  http.HttpServer2 (HttpServer2.java:addGlobalFilter(975)) - Added global filter 'safety' (class=org.apache.hadoop.http.HttpServer2$QuotingInputFilter)
2019-09-19 11:40:08,434 [main] INFO  http.HttpServer2 (HttpServer2.java:addFilter(948)) - Added filter static_user_filter (class=org.apache.hadoop.http.lib.StaticUserWebFilter$StaticUserFilter) to context hddsDatanode
2019-09-19 11:40:08,435 [main] INFO  http.HttpServer2 (HttpServer2.java:addFilter(958)) - Added filter static_user_filter (class=org.apache.hadoop.http.lib.StaticUserWebFilter$StaticUserFilter) to context logs
2019-09-19 11:40:08,435 [main] INFO  http.HttpServer2 (HttpServer2.java:addFilter(958)) - Added filter static_user_filter (class=org.apache.hadoop.http.lib.StaticUserWebFilter$StaticUserFilter) to context static
2019-09-19 11:40:08,436 [main] INFO  http.HttpServer2 (HttpServer2.java:bindListener(1191)) - Jetty bound to port 43099
2019-09-19 11:40:08,436 [main] INFO  server.Server (Server.java:doStart(351)) - jetty-9.3.24.v20180605, build timestamp: 2018-06-05T17:11:56Z, git hash: 84205aa28f11a4f31f2a3b86d1bba2cc8ab69827
2019-09-19 11:40:08,439 [main] INFO  handler.ContextHandler (ContextHandler.java:doStart(781)) - Started o.e.j.s.ServletContextHandler@3b4825f0{/logs,file:///workdir/hadoop-ozone/integration-test/target/log,AVAILABLE}
2019-09-19 11:40:08,439 [main] INFO  handler.ContextHandler (ContextHandler.java:doStart(781)) - Started o.e.j.s.ServletContextHandler@7980cf2c{/static,jar:file:/home/user/.m2/repository/org/apache/hadoop/hadoop-hdds-container-service/0.5.0-SNAPSHOT/hadoop-hdds-container-service-0.5.0-SNAPSHOT.jar!/webapps/static,AVAILABLE}
2019-09-19 11:40:08,476 [main] INFO  handler.ContextHandler (ContextHandler.java:doStart(781)) - Started o.e.j.w.WebAppContext@71cea1b8{/,file:///tmp/jetty-0.0.0.0-43099-hddsDatanode-_-any-7154311438937617357.dir/webapp/,AVAILABLE}{/hddsDatanode}
2019-09-19 11:40:08,476 [main] INFO  server.AbstractConnector (AbstractConnector.java:doStart(278)) - Started ServerConnector@659f226a{HTTP/1.1,[http/1.1]}{0.0.0.0:43099}
2019-09-19 11:40:08,478 [main] INFO  server.Server (Server.java:doStart(419)) - Started @48161ms
2019-09-19 11:40:08,478 [main] WARN  impl.MetricsSystemImpl (MetricsSystemImpl.java:register(276)) - Sink prometheus already exists!
2019-09-19 11:40:08,479 [main] INFO  server.BaseHttpServer (BaseHttpServer.java:updateConnectorAddress(215)) - HTTP server of HDDSDATANODE is listening at http://0.0.0.0:43099
2019-09-19 11:40:08,479 [main] INFO  impl.MetricsSystemImpl (MetricsSystemImpl.java:init(158)) - HddsDatanode metrics system started (again)
2019-09-19 11:40:08,486 [org.apache.hadoop.util.JvmPauseMonitor$Monitor@39d43626] INFO  util.JvmPauseMonitor (JvmPauseMonitor.java:run(188)) - Starting JVM pause monitor
2019-09-19 11:40:08,487 [main] INFO  ozone.HddsDatanodeService (HddsDatanodeService.java:start(184)) - HddsDatanodeService host:pr-hdds-2154-j8s56-3842691507 ip:192.168.151.78
2019-09-19 11:40:08,488 [Datanode State Machine Thread - 0] INFO  datanode.InitDatanodeState (InitDatanodeState.java:persistContainerDatanodeDetails(140)) - DatanodeDetails is persisted to /workdir/hadoop-ozone/integration-test/target/test-dir/MiniOzoneClusterImpl-ffcb80c2-b642-44a5-b522-9914b1f1ccc8/datanode-4/meta/datanode.id
2019-09-19 11:40:08,496 [main] INFO  volume.HddsVolume (HddsVolume.java:<init>(176)) - Creating Volume: /workdir/hadoop-ozone/integration-test/target/test-dir/MiniOzoneClusterImpl-ffcb80c2-b642-44a5-b522-9914b1f1ccc8/datanode-5/data/containers/hdds of  storage type : DISK and capacity : 1482555576320
2019-09-19 11:40:08,496 [main] INFO  volume.VolumeSet (VolumeSet.java:initializeVolumeSet(170)) - Added Volume : /workdir/hadoop-ozone/integration-test/target/test-dir/MiniOzoneClusterImpl-ffcb80c2-b642-44a5-b522-9914b1f1ccc8/datanode-5/data/containers/hdds to VolumeSet
2019-09-19 11:40:08,497 [main] INFO  volume.ThrottledAsyncChecker (ThrottledAsyncChecker.java:schedule(139)) - Scheduling a check for org.apache.hadoop.ozone.container.common.volume.HddsVolume@1a07bf6
2019-09-19 11:40:08,497 [main] INFO  volume.HddsVolumeChecker (HddsVolumeChecker.java:checkAllVolumes(202)) - Scheduled health check for volume org.apache.hadoop.ozone.container.common.volume.HddsVolume@1a07bf6
2019-09-19 11:40:08,517 [main] INFO  impl.RaftServerProxy (ConfUtils.java:logGet(43)) - raft.rpc.type = GRPC (default)
2019-09-19 11:40:08,517 [main] INFO  grpc.GrpcFactory (GrpcFactory.java:checkPooledByteBufAllocatorUseCacheForAllThreads(45)) - PERFORMANCE WARNING: useCacheForAllThreads is true that may cause Netty to create a lot garbage objects and, as a result, trigger GC.
	It is recommended to disable useCacheForAllThreads by setting -Dorg.apache.ratis.thirdparty.io.netty.allocator.useCacheForAllThreads=false in command line.
2019-09-19 11:40:08,518 [main] INFO  grpc.GrpcConfigKeys$Server (ConfUtils.java:logGet(43)) - raft.grpc.server.port = 0 (default)
2019-09-19 11:40:08,518 [main] INFO  server.GrpcService (ConfUtils.java:logGet(43)) - raft.grpc.message.size.max = 33570816 (custom)
2019-09-19 11:40:08,518 [main] INFO  server.RaftServerConfigKeys (ConfUtils.java:logGet(43)) - raft.server.log.appender.buffer.byte-limit = 33554432 (custom)
2019-09-19 11:40:08,519 [main] INFO  server.GrpcService (ConfUtils.java:logGet(43)) - raft.grpc.flow.control.window = 1MB (=1048576) (default)
2019-09-19 11:40:08,519 [main] INFO  server.RaftServerConfigKeys (ConfUtils.java:logGet(43)) - raft.server.rpc.request.timeout = 3000ms (default)
2019-09-19 11:40:08,520 [main] INFO  server.RaftServerConfigKeys (ConfUtils.java:logGet(43)) - raft.server.storage.dir = [/workdir/hadoop-ozone/integration-test/target/test-dir/MiniOzoneClusterImpl-ffcb80c2-b642-44a5-b522-9914b1f1ccc8/datanode-5/data/ratis] (custom)
2019-09-19 11:40:08,522 [main] INFO  hdfs.DFSUtil (DFSUtil.java:httpServerTemplateForNNAndJN(1641)) - Starting Web-server for hddsDatanode at: http://0.0.0.0:0
2019-09-19 11:40:08,524 [main] INFO  server.AuthenticationFilter (AuthenticationFilter.java:constructSecretProvider(240)) - Unable to initialize FileSignerSecretProvider, falling back to use random secrets.
2019-09-19 11:40:08,525 [main] WARN  http.HttpRequestLog (HttpRequestLog.java:getRequestLog(97)) - Jetty request log can only be enabled using Log4j
2019-09-19 11:40:08,526 [main] INFO  http.HttpServer2 (HttpServer2.java:addGlobalFilter(975)) - Added global filter 'safety' (class=org.apache.hadoop.http.HttpServer2$QuotingInputFilter)
2019-09-19 11:40:08,527 [main] INFO  http.HttpServer2 (HttpServer2.java:addFilter(948)) - Added filter static_user_filter (class=org.apache.hadoop.http.lib.StaticUserWebFilter$StaticUserFilter) to context hddsDatanode
2019-09-19 11:40:08,527 [main] INFO  http.HttpServer2 (HttpServer2.java:addFilter(958)) - Added filter static_user_filter (class=org.apache.hadoop.http.lib.StaticUserWebFilter$StaticUserFilter) to context logs
2019-09-19 11:40:08,527 [main] INFO  http.HttpServer2 (HttpServer2.java:addFilter(958)) - Added filter static_user_filter (class=org.apache.hadoop.http.lib.StaticUserWebFilter$StaticUserFilter) to context static
2019-09-19 11:40:08,528 [main] INFO  http.HttpServer2 (HttpServer2.java:bindListener(1191)) - Jetty bound to port 40422
2019-09-19 11:40:08,528 [main] INFO  server.Server (Server.java:doStart(351)) - jetty-9.3.24.v20180605, build timestamp: 2018-06-05T17:11:56Z, git hash: 84205aa28f11a4f31f2a3b86d1bba2cc8ab69827
2019-09-19 11:40:08,530 [main] INFO  handler.ContextHandler (ContextHandler.java:doStart(781)) - Started o.e.j.s.ServletContextHandler@29be997f{/logs,file:///workdir/hadoop-ozone/integration-test/target/log,AVAILABLE}
2019-09-19 11:40:08,531 [main] INFO  handler.ContextHandler (ContextHandler.java:doStart(781)) - Started o.e.j.s.ServletContextHandler@f8a6243{/static,jar:file:/home/user/.m2/repository/org/apache/hadoop/hadoop-hdds-container-service/0.5.0-SNAPSHOT/hadoop-hdds-container-service-0.5.0-SNAPSHOT.jar!/webapps/static,AVAILABLE}
2019-09-19 11:40:08,564 [main] INFO  handler.ContextHandler (ContextHandler.java:doStart(781)) - Started o.e.j.w.WebAppContext@66813e6e{/,file:///tmp/jetty-0.0.0.0-40422-hddsDatanode-_-any-371861607223707153.dir/webapp/,AVAILABLE}{/hddsDatanode}
2019-09-19 11:40:08,564 [main] INFO  server.AbstractConnector (AbstractConnector.java:doStart(278)) - Started ServerConnector@dab1f89{HTTP/1.1,[http/1.1]}{0.0.0.0:40422}
2019-09-19 11:40:08,566 [main] INFO  server.Server (Server.java:doStart(419)) - Started @48249ms
2019-09-19 11:40:08,566 [main] WARN  impl.MetricsSystemImpl (MetricsSystemImpl.java:register(276)) - Sink prometheus already exists!
2019-09-19 11:40:08,567 [main] INFO  server.BaseHttpServer (BaseHttpServer.java:updateConnectorAddress(215)) - HTTP server of HDDSDATANODE is listening at http://0.0.0.0:40422
2019-09-19 11:40:08,567 [main] INFO  impl.MetricsSystemImpl (MetricsSystemImpl.java:init(158)) - HddsDatanode metrics system started (again)
2019-09-19 11:40:08,572 [org.apache.hadoop.util.JvmPauseMonitor$Monitor@b2ffcda] INFO  util.JvmPauseMonitor (JvmPauseMonitor.java:run(188)) - Starting JVM pause monitor
2019-09-19 11:40:08,574 [main] INFO  ozone.HddsDatanodeService (HddsDatanodeService.java:start(184)) - HddsDatanodeService host:pr-hdds-2154-j8s56-3842691507 ip:192.168.151.78
2019-09-19 11:40:08,575 [Datanode State Machine Thread - 0] INFO  datanode.InitDatanodeState (InitDatanodeState.java:persistContainerDatanodeDetails(140)) - DatanodeDetails is persisted to /workdir/hadoop-ozone/integration-test/target/test-dir/MiniOzoneClusterImpl-ffcb80c2-b642-44a5-b522-9914b1f1ccc8/datanode-5/meta/datanode.id
2019-09-19 11:40:08,582 [main] INFO  volume.HddsVolume (HddsVolume.java:<init>(176)) - Creating Volume: /workdir/hadoop-ozone/integration-test/target/test-dir/MiniOzoneClusterImpl-ffcb80c2-b642-44a5-b522-9914b1f1ccc8/datanode-6/data/containers/hdds of  storage type : DISK and capacity : 1482555576320
2019-09-19 11:40:08,582 [main] INFO  volume.VolumeSet (VolumeSet.java:initializeVolumeSet(170)) - Added Volume : /workdir/hadoop-ozone/integration-test/target/test-dir/MiniOzoneClusterImpl-ffcb80c2-b642-44a5-b522-9914b1f1ccc8/datanode-6/data/containers/hdds to VolumeSet
2019-09-19 11:40:08,583 [main] INFO  volume.ThrottledAsyncChecker (ThrottledAsyncChecker.java:schedule(139)) - Scheduling a check for org.apache.hadoop.ozone.container.common.volume.HddsVolume@388d14e
2019-09-19 11:40:08,583 [main] INFO  volume.HddsVolumeChecker (HddsVolumeChecker.java:checkAllVolumes(202)) - Scheduled health check for volume org.apache.hadoop.ozone.container.common.volume.HddsVolume@388d14e
2019-09-19 11:40:08,601 [main] INFO  impl.RaftServerProxy (ConfUtils.java:logGet(43)) - raft.rpc.type = GRPC (default)
2019-09-19 11:40:08,602 [main] INFO  grpc.GrpcFactory (GrpcFactory.java:checkPooledByteBufAllocatorUseCacheForAllThreads(45)) - PERFORMANCE WARNING: useCacheForAllThreads is true that may cause Netty to create a lot garbage objects and, as a result, trigger GC.
	It is recommended to disable useCacheForAllThreads by setting -Dorg.apache.ratis.thirdparty.io.netty.allocator.useCacheForAllThreads=false in command line.
2019-09-19 11:40:08,602 [main] INFO  grpc.GrpcConfigKeys$Server (ConfUtils.java:logGet(43)) - raft.grpc.server.port = 0 (default)
2019-09-19 11:40:08,602 [main] INFO  server.GrpcService (ConfUtils.java:logGet(43)) - raft.grpc.message.size.max = 33570816 (custom)
2019-09-19 11:40:08,602 [main] INFO  server.RaftServerConfigKeys (ConfUtils.java:logGet(43)) - raft.server.log.appender.buffer.byte-limit = 33554432 (custom)
2019-09-19 11:40:08,603 [main] INFO  server.GrpcService (ConfUtils.java:logGet(43)) - raft.grpc.flow.control.window = 1MB (=1048576) (default)
2019-09-19 11:40:08,603 [main] INFO  server.RaftServerConfigKeys (ConfUtils.java:logGet(43)) - raft.server.rpc.request.timeout = 3000ms (default)
2019-09-19 11:40:08,604 [main] INFO  server.RaftServerConfigKeys (ConfUtils.java:logGet(43)) - raft.server.storage.dir = [/workdir/hadoop-ozone/integration-test/target/test-dir/MiniOzoneClusterImpl-ffcb80c2-b642-44a5-b522-9914b1f1ccc8/datanode-6/data/ratis] (custom)
2019-09-19 11:40:08,605 [main] INFO  hdfs.DFSUtil (DFSUtil.java:httpServerTemplateForNNAndJN(1641)) - Starting Web-server for hddsDatanode at: http://0.0.0.0:0
2019-09-19 11:40:08,607 [main] INFO  server.AuthenticationFilter (AuthenticationFilter.java:constructSecretProvider(240)) - Unable to initialize FileSignerSecretProvider, falling back to use random secrets.
2019-09-19 11:40:08,607 [main] WARN  http.HttpRequestLog (HttpRequestLog.java:getRequestLog(97)) - Jetty request log can only be enabled using Log4j
2019-09-19 11:40:08,609 [main] INFO  http.HttpServer2 (HttpServer2.java:addGlobalFilter(975)) - Added global filter 'safety' (class=org.apache.hadoop.http.HttpServer2$QuotingInputFilter)
2019-09-19 11:40:08,609 [main] INFO  http.HttpServer2 (HttpServer2.java:addFilter(948)) - Added filter static_user_filter (class=org.apache.hadoop.http.lib.StaticUserWebFilter$StaticUserFilter) to context hddsDatanode
2019-09-19 11:40:08,609 [main] INFO  http.HttpServer2 (HttpServer2.java:addFilter(958)) - Added filter static_user_filter (class=org.apache.hadoop.http.lib.StaticUserWebFilter$StaticUserFilter) to context static
2019-09-19 11:40:08,609 [main] INFO  http.HttpServer2 (HttpServer2.java:addFilter(958)) - Added filter static_user_filter (class=org.apache.hadoop.http.lib.StaticUserWebFilter$StaticUserFilter) to context logs
2019-09-19 11:40:08,610 [main] INFO  http.HttpServer2 (HttpServer2.java:bindListener(1191)) - Jetty bound to port 37367
2019-09-19 11:40:08,610 [main] INFO  server.Server (Server.java:doStart(351)) - jetty-9.3.24.v20180605, build timestamp: 2018-06-05T17:11:56Z, git hash: 84205aa28f11a4f31f2a3b86d1bba2cc8ab69827
2019-09-19 11:40:08,612 [main] INFO  handler.ContextHandler (ContextHandler.java:doStart(781)) - Started o.e.j.s.ServletContextHandler@2e7bf7b7{/logs,file:///workdir/hadoop-ozone/integration-test/target/log,AVAILABLE}
2019-09-19 11:40:08,612 [main] INFO  handler.ContextHandler (ContextHandler.java:doStart(781)) - Started o.e.j.s.ServletContextHandler@de81be1{/static,jar:file:/home/user/.m2/repository/org/apache/hadoop/hadoop-hdds-container-service/0.5.0-SNAPSHOT/hadoop-hdds-container-service-0.5.0-SNAPSHOT.jar!/webapps/static,AVAILABLE}
2019-09-19 11:40:08,640 [main] INFO  handler.ContextHandler (ContextHandler.java:doStart(781)) - Started o.e.j.w.WebAppContext@45900b64{/,file:///tmp/jetty-0.0.0.0-37367-hddsDatanode-_-any-8318432717847605245.dir/webapp/,AVAILABLE}{/hddsDatanode}
2019-09-19 11:40:08,641 [main] INFO  server.AbstractConnector (AbstractConnector.java:doStart(278)) - Started ServerConnector@f2a1813{HTTP/1.1,[http/1.1]}{0.0.0.0:37367}
2019-09-19 11:40:08,642 [main] INFO  server.Server (Server.java:doStart(419)) - Started @48325ms
2019-09-19 11:40:08,642 [main] WARN  impl.MetricsSystemImpl (MetricsSystemImpl.java:register(276)) - Sink prometheus already exists!
2019-09-19 11:40:08,643 [main] INFO  server.BaseHttpServer (BaseHttpServer.java:updateConnectorAddress(215)) - HTTP server of HDDSDATANODE is listening at http://0.0.0.0:37367
2019-09-19 11:40:08,643 [main] INFO  ozone.MiniOzoneClusterImpl (MiniOzoneClusterImpl.java:lambda$waitForClusterToBeReady$0(145)) - Waiting for cluster to be ready. Got 0 of 7 DN Heartbeats.
2019-09-19 11:40:08,646 [org.apache.hadoop.util.JvmPauseMonitor$Monitor@5a58028] INFO  util.JvmPauseMonitor (JvmPauseMonitor.java:run(188)) - Starting JVM pause monitor
2019-09-19 11:40:08,647 [Datanode State Machine Thread - 0] INFO  datanode.InitDatanodeState (InitDatanodeState.java:persistContainerDatanodeDetails(140)) - DatanodeDetails is persisted to /workdir/hadoop-ozone/integration-test/target/test-dir/MiniOzoneClusterImpl-ffcb80c2-b642-44a5-b522-9914b1f1ccc8/datanode-6/meta/datanode.id
2019-09-19 11:40:09,645 [main] INFO  ozone.MiniOzoneClusterImpl (MiniOzoneClusterImpl.java:lambda$waitForClusterToBeReady$0(145)) - Waiting for cluster to be ready. Got 0 of 7 DN Heartbeats.
2019-09-19 11:40:10,176 [Datanode State Machine Thread - 0] INFO  ozoneimpl.OzoneContainer (OzoneContainer.java:start(217)) - Attempting to start container services.
2019-09-19 11:40:10,180 [Datanode State Machine Thread - 0] INFO  ozoneimpl.OzoneContainer (OzoneContainer.java:startContainerScrub(179)) - Background container scanner has been disabled.
2019-09-19 11:40:10,180 [Datanode State Machine Thread - 0] INFO  ratis.XceiverServerRatis (XceiverServerRatis.java:start(411)) - Starting XceiverServerRatis 85de0b57-e230-4a6a-a925-d8cdaf96271b at port 0
2019-09-19 11:40:10,189 [Datanode State Machine Thread - 0] INFO  impl.RaftServerProxy (RaftServerProxy.java:lambda$start$3(299)) - 85de0b57-e230-4a6a-a925-d8cdaf96271b: start RPC server
2019-09-19 11:40:10,193 [Datanode State Machine Thread - 0] INFO  server.GrpcService (GrpcService.java:startImpl(158)) - 85de0b57-e230-4a6a-a925-d8cdaf96271b: GrpcService started, listening on 0.0.0.0/0.0.0.0:46883
2019-09-19 11:40:10,193 [Datanode State Machine Thread - 0] INFO  ratis.XceiverServerRatis (XceiverServerRatis.java:start(421)) - XceiverServerRatis 85de0b57-e230-4a6a-a925-d8cdaf96271b is started using port 46883
2019-09-19 11:40:10,195 [Datanode State Machine Thread - 0] INFO  server.XceiverServerGrpc (XceiverServerGrpc.java:start(163)) - XceiverServerGrpc 85de0b57-e230-4a6a-a925-d8cdaf96271b is started using port 41934
2019-09-19 11:40:10,224 [Datanode State Machine Thread - 0] INFO  ozoneimpl.OzoneContainer (OzoneContainer.java:start(217)) - Attempting to start container services.
2019-09-19 11:40:10,227 [Datanode State Machine Thread - 0] INFO  ozoneimpl.OzoneContainer (OzoneContainer.java:startContainerScrub(179)) - Background container scanner has been disabled.
2019-09-19 11:40:10,227 [Datanode State Machine Thread - 0] INFO  ratis.XceiverServerRatis (XceiverServerRatis.java:start(411)) - Starting XceiverServerRatis 1fad1ce3-deb7-4c8f-9439-d9550ef61498 at port 0
2019-09-19 11:40:10,236 [Datanode State Machine Thread - 0] INFO  impl.RaftServerProxy (RaftServerProxy.java:lambda$start$3(299)) - 1fad1ce3-deb7-4c8f-9439-d9550ef61498: start RPC server
2019-09-19 11:40:10,250 [Datanode State Machine Thread - 0] INFO  server.GrpcService (GrpcService.java:startImpl(158)) - 1fad1ce3-deb7-4c8f-9439-d9550ef61498: GrpcService started, listening on 0.0.0.0/0.0.0.0:41114
2019-09-19 11:40:10,250 [Datanode State Machine Thread - 0] INFO  ratis.XceiverServerRatis (XceiverServerRatis.java:start(421)) - XceiverServerRatis 1fad1ce3-deb7-4c8f-9439-d9550ef61498 is started using port 41114
2019-09-19 11:40:10,251 [Datanode State Machine Thread - 0] INFO  server.XceiverServerGrpc (XceiverServerGrpc.java:start(163)) - XceiverServerGrpc 1fad1ce3-deb7-4c8f-9439-d9550ef61498 is started using port 46454
2019-09-19 11:40:10,314 [Datanode State Machine Thread - 0] INFO  ozoneimpl.OzoneContainer (OzoneContainer.java:start(217)) - Attempting to start container services.
2019-09-19 11:40:10,319 [Datanode State Machine Thread - 0] INFO  ozoneimpl.OzoneContainer (OzoneContainer.java:startContainerScrub(179)) - Background container scanner has been disabled.
2019-09-19 11:40:10,319 [Datanode State Machine Thread - 0] INFO  ratis.XceiverServerRatis (XceiverServerRatis.java:start(411)) - Starting XceiverServerRatis e8835ac3-2c38-483b-890c-bebe50066010 at port 0
2019-09-19 11:40:10,327 [Datanode State Machine Thread - 0] INFO  impl.RaftServerProxy (RaftServerProxy.java:lambda$start$3(299)) - e8835ac3-2c38-483b-890c-bebe50066010: start RPC server
2019-09-19 11:40:10,328 [Datanode State Machine Thread - 0] INFO  server.GrpcService (GrpcService.java:startImpl(158)) - e8835ac3-2c38-483b-890c-bebe50066010: GrpcService started, listening on 0.0.0.0/0.0.0.0:43726
2019-09-19 11:40:10,329 [Datanode State Machine Thread - 0] INFO  ratis.XceiverServerRatis (XceiverServerRatis.java:start(421)) - XceiverServerRatis e8835ac3-2c38-483b-890c-bebe50066010 is started using port 43726
2019-09-19 11:40:10,335 [Datanode State Machine Thread - 0] INFO  server.XceiverServerGrpc (XceiverServerGrpc.java:start(163)) - XceiverServerGrpc e8835ac3-2c38-483b-890c-bebe50066010 is started using port 42212
2019-09-19 11:40:10,445 [Datanode State Machine Thread - 0] INFO  ozoneimpl.OzoneContainer (OzoneContainer.java:start(217)) - Attempting to start container services.
2019-09-19 11:40:10,445 [Datanode State Machine Thread - 0] INFO  ozoneimpl.OzoneContainer (OzoneContainer.java:startContainerScrub(179)) - Background container scanner has been disabled.
2019-09-19 11:40:10,445 [Datanode State Machine Thread - 0] INFO  ratis.XceiverServerRatis (XceiverServerRatis.java:start(411)) - Starting XceiverServerRatis 65261e74-c36a-42fd-98ac-65dc83eec679 at port 0
2019-09-19 11:40:10,454 [Datanode State Machine Thread - 0] INFO  impl.RaftServerProxy (RaftServerProxy.java:lambda$start$3(299)) - 65261e74-c36a-42fd-98ac-65dc83eec679: start RPC server
2019-09-19 11:40:10,456 [Datanode State Machine Thread - 0] INFO  server.GrpcService (GrpcService.java:startImpl(158)) - 65261e74-c36a-42fd-98ac-65dc83eec679: GrpcService started, listening on 0.0.0.0/0.0.0.0:41008
2019-09-19 11:40:10,456 [Datanode State Machine Thread - 0] INFO  ratis.XceiverServerRatis (XceiverServerRatis.java:start(421)) - XceiverServerRatis 65261e74-c36a-42fd-98ac-65dc83eec679 is started using port 41008
2019-09-19 11:40:10,457 [Datanode State Machine Thread - 0] INFO  server.XceiverServerGrpc (XceiverServerGrpc.java:start(163)) - XceiverServerGrpc 65261e74-c36a-42fd-98ac-65dc83eec679 is started using port 33878
2019-09-19 11:40:10,515 [Datanode State Machine Thread - 0] INFO  ozoneimpl.OzoneContainer (OzoneContainer.java:start(217)) - Attempting to start container services.
2019-09-19 11:40:10,515 [Datanode State Machine Thread - 0] INFO  ozoneimpl.OzoneContainer (OzoneContainer.java:startContainerScrub(179)) - Background container scanner has been disabled.
2019-09-19 11:40:10,516 [Datanode State Machine Thread - 0] INFO  ratis.XceiverServerRatis (XceiverServerRatis.java:start(411)) - Starting XceiverServerRatis 399d3e62-04e5-4111-9cc9-9c21532552cc at port 0
2019-09-19 11:40:10,525 [Datanode State Machine Thread - 0] INFO  impl.RaftServerProxy (RaftServerProxy.java:lambda$start$3(299)) - 399d3e62-04e5-4111-9cc9-9c21532552cc: start RPC server
2019-09-19 11:40:10,527 [Datanode State Machine Thread - 0] INFO  server.GrpcService (GrpcService.java:startImpl(158)) - 399d3e62-04e5-4111-9cc9-9c21532552cc: GrpcService started, listening on 0.0.0.0/0.0.0.0:46302
2019-09-19 11:40:10,527 [Datanode State Machine Thread - 0] INFO  ratis.XceiverServerRatis (XceiverServerRatis.java:start(421)) - XceiverServerRatis 399d3e62-04e5-4111-9cc9-9c21532552cc is started using port 46302
2019-09-19 11:40:10,528 [Datanode State Machine Thread - 0] INFO  server.XceiverServerGrpc (XceiverServerGrpc.java:start(163)) - XceiverServerGrpc 399d3e62-04e5-4111-9cc9-9c21532552cc is started using port 44490
2019-09-19 11:40:10,588 [Datanode State Machine Thread - 0] INFO  ozoneimpl.OzoneContainer (OzoneContainer.java:start(217)) - Attempting to start container services.
2019-09-19 11:40:10,589 [Datanode State Machine Thread - 0] INFO  ozoneimpl.OzoneContainer (OzoneContainer.java:startContainerScrub(179)) - Background container scanner has been disabled.
2019-09-19 11:40:10,589 [Datanode State Machine Thread - 0] INFO  ratis.XceiverServerRatis (XceiverServerRatis.java:start(411)) - Starting XceiverServerRatis c4eb8efe-62b2-45fb-815f-66d941ddca6e at port 0
2019-09-19 11:40:10,597 [Datanode State Machine Thread - 0] INFO  impl.RaftServerProxy (RaftServerProxy.java:lambda$start$3(299)) - c4eb8efe-62b2-45fb-815f-66d941ddca6e: start RPC server
2019-09-19 11:40:10,598 [Datanode State Machine Thread - 0] INFO  server.GrpcService (GrpcService.java:startImpl(158)) - c4eb8efe-62b2-45fb-815f-66d941ddca6e: GrpcService started, listening on 0.0.0.0/0.0.0.0:45661
2019-09-19 11:40:10,598 [Datanode State Machine Thread - 0] INFO  ratis.XceiverServerRatis (XceiverServerRatis.java:start(421)) - XceiverServerRatis c4eb8efe-62b2-45fb-815f-66d941ddca6e is started using port 45661
2019-09-19 11:40:10,599 [Datanode State Machine Thread - 0] INFO  server.XceiverServerGrpc (XceiverServerGrpc.java:start(163)) - XceiverServerGrpc c4eb8efe-62b2-45fb-815f-66d941ddca6e is started using port 45550
2019-09-19 11:40:10,646 [main] INFO  ozone.MiniOzoneClusterImpl (MiniOzoneClusterImpl.java:lambda$waitForClusterToBeReady$0(145)) - Waiting for cluster to be ready. Got 0 of 7 DN Heartbeats.
2019-09-19 11:40:10,663 [Datanode State Machine Thread - 0] INFO  ozoneimpl.OzoneContainer (OzoneContainer.java:start(217)) - Attempting to start container services.
2019-09-19 11:40:10,663 [Datanode State Machine Thread - 0] INFO  ozoneimpl.OzoneContainer (OzoneContainer.java:startContainerScrub(179)) - Background container scanner has been disabled.
2019-09-19 11:40:10,663 [Datanode State Machine Thread - 0] INFO  ratis.XceiverServerRatis (XceiverServerRatis.java:start(411)) - Starting XceiverServerRatis 6aa06fa1-f598-41a3-adfd-b6847bc7c6bb at port 0
2019-09-19 11:40:10,671 [Datanode State Machine Thread - 0] INFO  impl.RaftServerProxy (RaftServerProxy.java:lambda$start$3(299)) - 6aa06fa1-f598-41a3-adfd-b6847bc7c6bb: start RPC server
2019-09-19 11:40:10,674 [Datanode State Machine Thread - 0] INFO  server.GrpcService (GrpcService.java:startImpl(158)) - 6aa06fa1-f598-41a3-adfd-b6847bc7c6bb: GrpcService started, listening on 0.0.0.0/0.0.0.0:36357
2019-09-19 11:40:10,674 [Datanode State Machine Thread - 0] INFO  ratis.XceiverServerRatis (XceiverServerRatis.java:start(421)) - XceiverServerRatis 6aa06fa1-f598-41a3-adfd-b6847bc7c6bb is started using port 36357
2019-09-19 11:40:10,677 [Datanode State Machine Thread - 0] INFO  server.XceiverServerGrpc (XceiverServerGrpc.java:start(163)) - XceiverServerGrpc 6aa06fa1-f598-41a3-adfd-b6847bc7c6bb is started using port 40705
2019-09-19 11:40:11,647 [main] INFO  ozone.MiniOzoneClusterImpl (MiniOzoneClusterImpl.java:lambda$waitForClusterToBeReady$0(145)) - Waiting for cluster to be ready. Got 0 of 7 DN Heartbeats.
2019-09-19 11:40:12,133 [IPC Server handler 0 on 36401] INFO  net.NetworkTopology (NetworkTopologyImpl.java:add(111)) - Added a new node: /default-rack/85de0b57-e230-4a6a-a925-d8cdaf96271b
2019-09-19 11:40:12,136 [IPC Server handler 0 on 36401] INFO  node.SCMNodeManager (SCMNodeManager.java:register(266)) - Registered Data node : 85de0b57-e230-4a6a-a925-d8cdaf96271b{ip: 192.168.151.78, host: pr-hdds-2154-j8s56-3842691507, networkLocation: /default-rack, certSerialId: null}
2019-09-19 11:40:12,137 [EventQueue-NodeRegistrationContainerReportForDataNodeSafeModeRule] INFO  safemode.SCMSafeModeManager (DataNodeSafeModeRule.java:process(71)) - SCM in safe mode. 1 DataNodes registered, 1 required.
2019-09-19 11:40:12,140 [EventQueue-NodeRegistrationContainerReportForDataNodeSafeModeRule] INFO  safemode.SCMSafeModeManager (SCMSafeModeManager.java:validateSafeModeExitRules(177)) - ScmSafeModeManager, all rules are successfully validated
2019-09-19 11:40:12,140 [EventQueue-NodeRegistrationContainerReportForDataNodeSafeModeRule] INFO  safemode.SCMSafeModeManager (SCMSafeModeManager.java:exitSafeMode(193)) - SCM exiting safe mode.
2019-09-19 11:40:12,165 [grpc-default-executor-5] INFO  impl.RaftServerProxy (RaftServerProxy.java:addNew(89)) - 85de0b57-e230-4a6a-a925-d8cdaf96271b: addNew group-34C8F36BA84A:[85de0b57-e230-4a6a-a925-d8cdaf96271b:192.168.151.78:46883] returns group-34C8F36BA84A:java.util.concurrent.CompletableFuture@77b8c6a0[Not completed]
2019-09-19 11:40:12,169 [pool-119-thread-1] INFO  impl.RaftServerImpl (RaftServerImpl.java:<init>(95)) - 85de0b57-e230-4a6a-a925-d8cdaf96271b: new RaftServerImpl for group-34C8F36BA84A:[85de0b57-e230-4a6a-a925-d8cdaf96271b:192.168.151.78:46883] with ContainerStateMachine:uninitialized
2019-09-19 11:40:12,169 [pool-119-thread-1] INFO  server.RaftServerConfigKeys (ConfUtils.java:logGet(43)) - raft.server.rpc.timeout.min = 5s (custom)
2019-09-19 11:40:12,169 [pool-119-thread-1] INFO  server.RaftServerConfigKeys (ConfUtils.java:logGet(43)) - raft.server.rpc.timeout.max = 5200ms (custom)
2019-09-19 11:40:12,170 [pool-119-thread-1] INFO  server.RaftServerConfigKeys (ConfUtils.java:logGet(43)) - raft.server.rpcslowness.timeout = 120s (custom)
2019-09-19 11:40:12,170 [pool-119-thread-1] INFO  server.RaftServerConfigKeys (ConfUtils.java:logGet(43)) - raft.server.sleep.deviation.threshold = 300 (default)
2019-09-19 11:40:12,170 [pool-119-thread-1] INFO  server.RaftServerConfigKeys (ConfUtils.java:logGet(43)) - raft.server.log.appender.install.snapshot.enabled = false (custom)
2019-09-19 11:40:12,170 [pool-119-thread-1] INFO  impl.RaftServerImpl (ServerState.java:<init>(103)) - 85de0b57-e230-4a6a-a925-d8cdaf96271b@group-34C8F36BA84A: ConfigurationManager, init=-1: [85de0b57-e230-4a6a-a925-d8cdaf96271b:192.168.151.78:46883], old=null, confs=<EMPTY_MAP>
2019-09-19 11:40:12,171 [pool-119-thread-1] INFO  server.RaftServerConfigKeys (ConfUtils.java:logGet(43)) - raft.server.storage.dir = [/workdir/hadoop-ozone/integration-test/target/test-dir/MiniOzoneClusterImpl-ffcb80c2-b642-44a5-b522-9914b1f1ccc8/datanode-0/data/ratis] (custom)
2019-09-19 11:40:12,172 [pool-119-thread-1] INFO  storage.RaftStorageDirectory (RaftStorageDirectory.java:analyzeStorage(246)) - The storage directory /workdir/hadoop-ozone/integration-test/target/test-dir/MiniOzoneClusterImpl-ffcb80c2-b642-44a5-b522-9914b1f1ccc8/datanode-0/data/ratis/351d011f-a500-4d7d-9f64-34c8f36ba84a does not exist. Creating ...
2019-09-19 11:40:12,186 [pool-119-thread-1] INFO  storage.RaftStorageDirectory (RaftStorageDirectory.java:tryLock(328)) - Lock on /workdir/hadoop-ozone/integration-test/target/test-dir/MiniOzoneClusterImpl-ffcb80c2-b642-44a5-b522-9914b1f1ccc8/datanode-0/data/ratis/351d011f-a500-4d7d-9f64-34c8f36ba84a/in_use.lock acquired by nodename 9224@pr-hdds-2154-j8s56-3842691507
2019-09-19 11:40:12,210 [IPC Server handler 1 on 36401] INFO  net.NetworkTopology (NetworkTopologyImpl.java:add(111)) - Added a new node: /default-rack/1fad1ce3-deb7-4c8f-9439-d9550ef61498
2019-09-19 11:40:12,210 [IPC Server handler 1 on 36401] INFO  node.SCMNodeManager (SCMNodeManager.java:register(266)) - Registered Data node : 1fad1ce3-deb7-4c8f-9439-d9550ef61498{ip: 192.168.151.78, host: pr-hdds-2154-j8s56-3842691507, networkLocation: /default-rack, certSerialId: null}
2019-09-19 11:40:12,225 [pool-119-thread-1] INFO  storage.RaftStorage (RaftStorage.java:format(72)) - Storage directory /workdir/hadoop-ozone/integration-test/target/test-dir/MiniOzoneClusterImpl-ffcb80c2-b642-44a5-b522-9914b1f1ccc8/datanode-0/data/ratis/351d011f-a500-4d7d-9f64-34c8f36ba84a has been successfully formatted.
2019-09-19 11:40:12,226 [pool-119-thread-1] INFO  ratis.ContainerStateMachine (ContainerStateMachine.java:loadSnapshot(230)) - group-34C8F36BA84A: The snapshot info is null. Setting the last applied indexto:(t:0, i:~)
2019-09-19 11:40:12,226 [pool-119-thread-1] INFO  server.RaftServerConfigKeys (ConfUtils.java:logGet(43)) - raft.server.notification.no-leader.timeout = 120s (custom)
2019-09-19 11:40:12,226 [pool-119-thread-1] INFO  server.RaftServerConfigKeys (ConfUtils.java:logGet(43)) - raft.server.log.use.memory = false (default)
2019-09-19 11:40:12,226 [pool-119-thread-1] INFO  server.RaftServerConfigKeys (ConfUtils.java:logGet(43)) - raft.server.log.purge.gap = 1000000 (custom)
2019-09-19 11:40:12,226 [pool-119-thread-1] INFO  server.RaftServerConfigKeys (ConfUtils.java:logGet(43)) - raft.server.log.appender.buffer.byte-limit = 33554432 (custom)
2019-09-19 11:40:12,227 [pool-119-thread-1] INFO  server.RaftServerConfigKeys (ConfUtils.java:logGet(43)) - raft.server.log.segment.size.max = 1048576 (custom)
2019-09-19 11:40:12,227 [pool-119-thread-1] INFO  server.RaftServerConfigKeys (ConfUtils.java:logGet(43)) - raft.server.log.segment.cache.num.max = 2 (custom)
2019-09-19 11:40:12,227 [pool-119-thread-1] INFO  segmented.SegmentedRaftLogWorker (SegmentedRaftLogWorker.java:<init>(172)) - new 85de0b57-e230-4a6a-a925-d8cdaf96271b@group-34C8F36BA84A-SegmentedRaftLogWorker for RaftStorage:Storage Directory /workdir/hadoop-ozone/integration-test/target/test-dir/MiniOzoneClusterImpl-ffcb80c2-b642-44a5-b522-9914b1f1ccc8/datanode-0/data/ratis/351d011f-a500-4d7d-9f64-34c8f36ba84a
2019-09-19 11:40:12,230 [pool-119-thread-1] INFO  server.RaftServerConfigKeys (ConfUtils.java:logGet(43)) - raft.server.log.queue.byte-limit = 2147483647 (custom)
2019-09-19 11:40:12,230 [pool-119-thread-1] INFO  server.RaftServerConfigKeys (ConfUtils.java:logGet(43)) - raft.server.log.queue.element-limit = 1024 (custom)
2019-09-19 11:40:12,231 [pool-119-thread-1] INFO  server.RaftServerConfigKeys (ConfUtils.java:logGet(43)) - raft.server.log.segment.size.max = 1048576 (custom)
2019-09-19 11:40:12,231 [pool-119-thread-1] INFO  server.RaftServerConfigKeys (ConfUtils.java:logGet(43)) - raft.server.log.preallocated.size = 16384 (custom)
2019-09-19 11:40:12,231 [pool-119-thread-1] INFO  server.RaftServerConfigKeys (ConfUtils.java:logGet(43)) - raft.server.log.write.buffer.size = 33554432 (custom)
2019-09-19 11:40:12,231 [pool-119-thread-1] INFO  server.RaftServerConfigKeys (ConfUtils.java:logGet(43)) - raft.server.log.force.sync.num = 128 (default)
2019-09-19 11:40:12,231 [pool-119-thread-1] INFO  server.RaftServerConfigKeys (ConfUtils.java:logGet(43)) - raft.server.log.statemachine.data.sync = true (default)
2019-09-19 11:40:12,231 [pool-119-thread-1] INFO  server.RaftServerConfigKeys (ConfUtils.java:logGet(43)) - raft.server.log.statemachine.data.sync.timeout = 10s (default)
2019-09-19 11:40:12,232 [pool-119-thread-1] INFO  server.RaftServerConfigKeys (ConfUtils.java:logGet(43)) - raft.server.log.statemachine.data.sync.timeout.retry = -1 (default)
2019-09-19 11:40:12,232 [pool-119-thread-1] INFO  server.RaftServerConfigKeys (ConfUtils.java:logGet(43)) - raft.server.log.statemachine.data.caching.enabled = true (custom)
2019-09-19 11:40:12,232 [pool-119-thread-1] INFO  segmented.SegmentedRaftLogWorker (SegmentedRaftLogWorker.java:lambda$new$0(132)) - 85de0b57-e230-4a6a-a925-d8cdaf96271b@group-34C8F36BA84A-SegmentedRaftLogWorker: flushIndex: setUnconditionally 0 -> -1
2019-09-19 11:40:12,233 [pool-119-thread-1] INFO  server.RaftServerConfigKeys (ConfUtils.java:logGet(43)) - raft.server.snapshot.auto.trigger.enabled = true (custom)
2019-09-19 11:40:12,233 [pool-119-thread-1] INFO  server.RaftServerConfigKeys (ConfUtils.java:logGet(43)) - raft.server.snapshot.auto.trigger.threshold = 10000 (custom)
2019-09-19 11:40:12,233 [pool-119-thread-1] INFO  server.RaftServerConfigKeys (ConfUtils.java:logGet(43)) - raft.server.snapshot.retention.num.files = 5 (custom)
2019-09-19 11:40:12,234 [pool-119-thread-1] INFO  server.RaftServerConfigKeys (ConfUtils.java:logGet(43)) - raft.server.retrycache.expirytime = 600000ms (custom)
2019-09-19 11:40:12,237 [pool-119-thread-1] INFO  impl.RaftServerImpl (RaftServerImpl.java:start(185)) - 85de0b57-e230-4a6a-a925-d8cdaf96271b@group-34C8F36BA84A: start as a follower, conf=-1: [85de0b57-e230-4a6a-a925-d8cdaf96271b:192.168.151.78:46883], old=null
2019-09-19 11:40:12,237 [pool-119-thread-1] INFO  impl.RaftServerImpl (RaftServerImpl.java:setRole(174)) - 85de0b57-e230-4a6a-a925-d8cdaf96271b@group-34C8F36BA84A: changes role from      null to FOLLOWER at term 0 for startAsFollower
2019-09-19 11:40:12,237 [pool-119-thread-1] INFO  impl.RoleInfo (RoleInfo.java:updateAndGet(143)) - 85de0b57-e230-4a6a-a925-d8cdaf96271b: start FollowerState
2019-09-19 11:40:12,238 [pool-119-thread-1] INFO  util.JmxRegister (JmxRegister.java:tryRegister(44)) - Successfully registered JMX Bean with object name Ratis:service=RaftServer,group=group-34C8F36BA84A,id=85de0b57-e230-4a6a-a925-d8cdaf96271b
2019-09-19 11:40:12,242 [RatisPipelineUtilsThread] INFO  pipeline.PipelineStateManager (PipelineStateManager.java:addPipeline(56)) - Created pipeline Pipeline[ Id: 351d011f-a500-4d7d-9f64-34c8f36ba84a, Nodes: 85de0b57-e230-4a6a-a925-d8cdaf96271b{ip: 192.168.151.78, host: pr-hdds-2154-j8s56-3842691507, networkLocation: /default-rack, certSerialId: null}, Type:RATIS, Factor:ONE, State:OPEN]
2019-09-19 11:40:12,251 [grpc-default-executor-5] INFO  impl.RaftServerProxy (RaftServerProxy.java:addNew(89)) - 1fad1ce3-deb7-4c8f-9439-d9550ef61498: addNew group-24F9F77389FA:[1fad1ce3-deb7-4c8f-9439-d9550ef61498:192.168.151.78:41114] returns group-24F9F77389FA:java.util.concurrent.CompletableFuture@115ce9bf[Not completed]
2019-09-19 11:40:12,252 [pool-129-thread-1] INFO  impl.RaftServerImpl (RaftServerImpl.java:<init>(95)) - 1fad1ce3-deb7-4c8f-9439-d9550ef61498: new RaftServerImpl for group-24F9F77389FA:[1fad1ce3-deb7-4c8f-9439-d9550ef61498:192.168.151.78:41114] with ContainerStateMachine:uninitialized
2019-09-19 11:40:12,252 [pool-129-thread-1] INFO  server.RaftServerConfigKeys (ConfUtils.java:logGet(43)) - raft.server.rpc.timeout.min = 5s (custom)
2019-09-19 11:40:12,253 [pool-129-thread-1] INFO  server.RaftServerConfigKeys (ConfUtils.java:logGet(43)) - raft.server.rpc.timeout.max = 5200ms (custom)
2019-09-19 11:40:12,253 [pool-129-thread-1] INFO  server.RaftServerConfigKeys (ConfUtils.java:logGet(43)) - raft.server.rpcslowness.timeout = 120s (custom)
2019-09-19 11:40:12,253 [pool-129-thread-1] INFO  server.RaftServerConfigKeys (ConfUtils.java:logGet(43)) - raft.server.sleep.deviation.threshold = 300 (default)
2019-09-19 11:40:12,253 [pool-129-thread-1] INFO  server.RaftServerConfigKeys (ConfUtils.java:logGet(43)) - raft.server.log.appender.install.snapshot.enabled = false (custom)
2019-09-19 11:40:12,253 [pool-129-thread-1] INFO  impl.RaftServerImpl (ServerState.java:<init>(103)) - 1fad1ce3-deb7-4c8f-9439-d9550ef61498@group-24F9F77389FA: ConfigurationManager, init=-1: [1fad1ce3-deb7-4c8f-9439-d9550ef61498:192.168.151.78:41114], old=null, confs=<EMPTY_MAP>
2019-09-19 11:40:12,253 [pool-129-thread-1] INFO  server.RaftServerConfigKeys (ConfUtils.java:logGet(43)) - raft.server.storage.dir = [/workdir/hadoop-ozone/integration-test/target/test-dir/MiniOzoneClusterImpl-ffcb80c2-b642-44a5-b522-9914b1f1ccc8/datanode-1/data/ratis] (custom)
2019-09-19 11:40:12,254 [pool-129-thread-1] INFO  storage.RaftStorageDirectory (RaftStorageDirectory.java:analyzeStorage(246)) - The storage directory /workdir/hadoop-ozone/integration-test/target/test-dir/MiniOzoneClusterImpl-ffcb80c2-b642-44a5-b522-9914b1f1ccc8/datanode-1/data/ratis/bee23da3-2cbd-4116-b937-24f9f77389fa does not exist. Creating ...
2019-09-19 11:40:12,275 [pool-129-thread-1] INFO  storage.RaftStorageDirectory (RaftStorageDirectory.java:tryLock(328)) - Lock on /workdir/hadoop-ozone/integration-test/target/test-dir/MiniOzoneClusterImpl-ffcb80c2-b642-44a5-b522-9914b1f1ccc8/datanode-1/data/ratis/bee23da3-2cbd-4116-b937-24f9f77389fa/in_use.lock acquired by nodename 9224@pr-hdds-2154-j8s56-3842691507
2019-09-19 11:40:12,288 [pool-129-thread-1] INFO  storage.RaftStorage (RaftStorage.java:format(72)) - Storage directory /workdir/hadoop-ozone/integration-test/target/test-dir/MiniOzoneClusterImpl-ffcb80c2-b642-44a5-b522-9914b1f1ccc8/datanode-1/data/ratis/bee23da3-2cbd-4116-b937-24f9f77389fa has been successfully formatted.
2019-09-19 11:40:12,288 [pool-129-thread-1] INFO  ratis.ContainerStateMachine (ContainerStateMachine.java:loadSnapshot(230)) - group-24F9F77389FA: The snapshot info is null. Setting the last applied indexto:(t:0, i:~)
2019-09-19 11:40:12,289 [pool-129-thread-1] INFO  server.RaftServerConfigKeys (ConfUtils.java:logGet(43)) - raft.server.notification.no-leader.timeout = 120s (custom)
2019-09-19 11:40:12,289 [pool-129-thread-1] INFO  server.RaftServerConfigKeys (ConfUtils.java:logGet(43)) - raft.server.log.use.memory = false (default)
2019-09-19 11:40:12,289 [pool-129-thread-1] INFO  server.RaftServerConfigKeys (ConfUtils.java:logGet(43)) - raft.server.log.purge.gap = 1000000 (custom)
2019-09-19 11:40:12,289 [pool-129-thread-1] INFO  server.RaftServerConfigKeys (ConfUtils.java:logGet(43)) - raft.server.log.appender.buffer.byte-limit = 33554432 (custom)
2019-09-19 11:40:12,289 [pool-129-thread-1] INFO  server.RaftServerConfigKeys (ConfUtils.java:logGet(43)) - raft.server.log.segment.size.max = 1048576 (custom)
2019-09-19 11:40:12,290 [pool-129-thread-1] INFO  server.RaftServerConfigKeys (ConfUtils.java:logGet(43)) - raft.server.log.segment.cache.num.max = 2 (custom)
2019-09-19 11:40:12,290 [pool-129-thread-1] INFO  segmented.SegmentedRaftLogWorker (SegmentedRaftLogWorker.java:<init>(172)) - new 1fad1ce3-deb7-4c8f-9439-d9550ef61498@group-24F9F77389FA-SegmentedRaftLogWorker for RaftStorage:Storage Directory /workdir/hadoop-ozone/integration-test/target/test-dir/MiniOzoneClusterImpl-ffcb80c2-b642-44a5-b522-9914b1f1ccc8/datanode-1/data/ratis/bee23da3-2cbd-4116-b937-24f9f77389fa
2019-09-19 11:40:12,293 [pool-129-thread-1] INFO  server.RaftServerConfigKeys (ConfUtils.java:logGet(43)) - raft.server.log.queue.byte-limit = 2147483647 (custom)
2019-09-19 11:40:12,293 [pool-129-thread-1] INFO  server.RaftServerConfigKeys (ConfUtils.java:logGet(43)) - raft.server.log.queue.element-limit = 1024 (custom)
2019-09-19 11:40:12,293 [pool-129-thread-1] INFO  server.RaftServerConfigKeys (ConfUtils.java:logGet(43)) - raft.server.log.segment.size.max = 1048576 (custom)
2019-09-19 11:40:12,294 [pool-129-thread-1] INFO  server.RaftServerConfigKeys (ConfUtils.java:logGet(43)) - raft.server.log.preallocated.size = 16384 (custom)
2019-09-19 11:40:12,294 [pool-129-thread-1] INFO  server.RaftServerConfigKeys (ConfUtils.java:logGet(43)) - raft.server.log.write.buffer.size = 33554432 (custom)
2019-09-19 11:40:12,294 [pool-129-thread-1] INFO  server.RaftServerConfigKeys (ConfUtils.java:logGet(43)) - raft.server.log.force.sync.num = 128 (default)
2019-09-19 11:40:12,294 [pool-129-thread-1] INFO  server.RaftServerConfigKeys (ConfUtils.java:logGet(43)) - raft.server.log.statemachine.data.sync = true (default)
2019-09-19 11:40:12,294 [pool-129-thread-1] INFO  server.RaftServerConfigKeys (ConfUtils.java:logGet(43)) - raft.server.log.statemachine.data.sync.timeout = 10s (default)
2019-09-19 11:40:12,295 [pool-129-thread-1] INFO  server.RaftServerConfigKeys (ConfUtils.java:logGet(43)) - raft.server.log.statemachine.data.sync.timeout.retry = -1 (default)
2019-09-19 11:40:12,295 [pool-129-thread-1] INFO  server.RaftServerConfigKeys (ConfUtils.java:logGet(43)) - raft.server.log.statemachine.data.caching.enabled = true (custom)
2019-09-19 11:40:12,295 [pool-129-thread-1] INFO  segmented.SegmentedRaftLogWorker (SegmentedRaftLogWorker.java:lambda$new$0(132)) - 1fad1ce3-deb7-4c8f-9439-d9550ef61498@group-24F9F77389FA-SegmentedRaftLogWorker: flushIndex: setUnconditionally 0 -> -1
2019-09-19 11:40:12,296 [pool-129-thread-1] INFO  server.RaftServerConfigKeys (ConfUtils.java:logGet(43)) - raft.server.snapshot.auto.trigger.enabled = true (custom)
2019-09-19 11:40:12,296 [pool-129-thread-1] INFO  server.RaftServerConfigKeys (ConfUtils.java:logGet(43)) - raft.server.snapshot.auto.trigger.threshold = 10000 (custom)
2019-09-19 11:40:12,296 [pool-129-thread-1] INFO  server.RaftServerConfigKeys (ConfUtils.java:logGet(43)) - raft.server.snapshot.retention.num.files = 5 (custom)
2019-09-19 11:40:12,296 [pool-129-thread-1] INFO  server.RaftServerConfigKeys (ConfUtils.java:logGet(43)) - raft.server.retrycache.expirytime = 600000ms (custom)
2019-09-19 11:40:12,299 [pool-129-thread-1] INFO  impl.RaftServerImpl (RaftServerImpl.java:start(185)) - 1fad1ce3-deb7-4c8f-9439-d9550ef61498@group-24F9F77389FA: start as a follower, conf=-1: [1fad1ce3-deb7-4c8f-9439-d9550ef61498:192.168.151.78:41114], old=null
2019-09-19 11:40:12,300 [pool-129-thread-1] INFO  impl.RaftServerImpl (RaftServerImpl.java:setRole(174)) - 1fad1ce3-deb7-4c8f-9439-d9550ef61498@group-24F9F77389FA: changes role from      null to FOLLOWER at term 0 for startAsFollower
2019-09-19 11:40:12,300 [pool-129-thread-1] INFO  impl.RoleInfo (RoleInfo.java:updateAndGet(143)) - 1fad1ce3-deb7-4c8f-9439-d9550ef61498: start FollowerState
2019-09-19 11:40:12,300 [IPC Server handler 3 on 36401] INFO  net.NetworkTopology (NetworkTopologyImpl.java:add(111)) - Added a new node: /default-rack/e8835ac3-2c38-483b-890c-bebe50066010
2019-09-19 11:40:12,300 [IPC Server handler 3 on 36401] INFO  node.SCMNodeManager (SCMNodeManager.java:register(266)) - Registered Data node : e8835ac3-2c38-483b-890c-bebe50066010{ip: 192.168.151.78, host: pr-hdds-2154-j8s56-3842691507, networkLocation: /default-rack, certSerialId: null}
2019-09-19 11:40:12,300 [pool-129-thread-1] INFO  util.JmxRegister (JmxRegister.java:tryRegister(44)) - Successfully registered JMX Bean with object name Ratis:service=RaftServer,group=group-24F9F77389FA,id=1fad1ce3-deb7-4c8f-9439-d9550ef61498
2019-09-19 11:40:12,303 [RatisPipelineUtilsThread] INFO  pipeline.PipelineStateManager (PipelineStateManager.java:addPipeline(56)) - Created pipeline Pipeline[ Id: bee23da3-2cbd-4116-b937-24f9f77389fa, Nodes: 1fad1ce3-deb7-4c8f-9439-d9550ef61498{ip: 192.168.151.78, host: pr-hdds-2154-j8s56-3842691507, networkLocation: /default-rack, certSerialId: null}, Type:RATIS, Factor:ONE, State:OPEN]
2019-09-19 11:40:12,312 [grpc-default-executor-5] INFO  impl.RaftServerProxy (RaftServerProxy.java:addNew(89)) - e8835ac3-2c38-483b-890c-bebe50066010: addNew group-2A8FFD574F9B:[e8835ac3-2c38-483b-890c-bebe50066010:192.168.151.78:43726] returns group-2A8FFD574F9B:java.util.concurrent.CompletableFuture@16694db[Not completed]
2019-09-19 11:40:12,318 [pool-139-thread-1] INFO  impl.RaftServerImpl (RaftServerImpl.java:<init>(95)) - e8835ac3-2c38-483b-890c-bebe50066010: new RaftServerImpl for group-2A8FFD574F9B:[e8835ac3-2c38-483b-890c-bebe50066010:192.168.151.78:43726] with ContainerStateMachine:uninitialized
2019-09-19 11:40:12,318 [pool-139-thread-1] INFO  server.RaftServerConfigKeys (ConfUtils.java:logGet(43)) - raft.server.rpc.timeout.min = 5s (custom)
2019-09-19 11:40:12,319 [pool-139-thread-1] INFO  server.RaftServerConfigKeys (ConfUtils.java:logGet(43)) - raft.server.rpc.timeout.max = 5200ms (custom)
2019-09-19 11:40:12,319 [pool-139-thread-1] INFO  server.RaftServerConfigKeys (ConfUtils.java:logGet(43)) - raft.server.rpcslowness.timeout = 120s (custom)
2019-09-19 11:40:12,319 [pool-139-thread-1] INFO  server.RaftServerConfigKeys (ConfUtils.java:logGet(43)) - raft.server.sleep.deviation.threshold = 300 (default)
2019-09-19 11:40:12,319 [pool-139-thread-1] INFO  server.RaftServerConfigKeys (ConfUtils.java:logGet(43)) - raft.server.log.appender.install.snapshot.enabled = false (custom)
2019-09-19 11:40:12,319 [pool-139-thread-1] INFO  impl.RaftServerImpl (ServerState.java:<init>(103)) - e8835ac3-2c38-483b-890c-bebe50066010@group-2A8FFD574F9B: ConfigurationManager, init=-1: [e8835ac3-2c38-483b-890c-bebe50066010:192.168.151.78:43726], old=null, confs=<EMPTY_MAP>
2019-09-19 11:40:12,319 [pool-139-thread-1] INFO  server.RaftServerConfigKeys (ConfUtils.java:logGet(43)) - raft.server.storage.dir = [/workdir/hadoop-ozone/integration-test/target/test-dir/MiniOzoneClusterImpl-ffcb80c2-b642-44a5-b522-9914b1f1ccc8/datanode-2/data/ratis] (custom)
2019-09-19 11:40:12,320 [pool-139-thread-1] INFO  storage.RaftStorageDirectory (RaftStorageDirectory.java:analyzeStorage(246)) - The storage directory /workdir/hadoop-ozone/integration-test/target/test-dir/MiniOzoneClusterImpl-ffcb80c2-b642-44a5-b522-9914b1f1ccc8/datanode-2/data/ratis/089a53e2-8088-4e87-ab59-2a8ffd574f9b does not exist. Creating ...
2019-09-19 11:40:12,348 [pool-139-thread-1] INFO  storage.RaftStorageDirectory (RaftStorageDirectory.java:tryLock(328)) - Lock on /workdir/hadoop-ozone/integration-test/target/test-dir/MiniOzoneClusterImpl-ffcb80c2-b642-44a5-b522-9914b1f1ccc8/datanode-2/data/ratis/089a53e2-8088-4e87-ab59-2a8ffd574f9b/in_use.lock acquired by nodename 9224@pr-hdds-2154-j8s56-3842691507
2019-09-19 11:40:12,373 [pool-139-thread-1] INFO  storage.RaftStorage (RaftStorage.java:format(72)) - Storage directory /workdir/hadoop-ozone/integration-test/target/test-dir/MiniOzoneClusterImpl-ffcb80c2-b642-44a5-b522-9914b1f1ccc8/datanode-2/data/ratis/089a53e2-8088-4e87-ab59-2a8ffd574f9b has been successfully formatted.
2019-09-19 11:40:12,373 [pool-139-thread-1] INFO  ratis.ContainerStateMachine (ContainerStateMachine.java:loadSnapshot(230)) - group-2A8FFD574F9B: The snapshot info is null. Setting the last applied indexto:(t:0, i:~)
2019-09-19 11:40:12,374 [pool-139-thread-1] INFO  server.RaftServerConfigKeys (ConfUtils.java:logGet(43)) - raft.server.notification.no-leader.timeout = 120s (custom)
2019-09-19 11:40:12,374 [pool-139-thread-1] INFO  server.RaftServerConfigKeys (ConfUtils.java:logGet(43)) - raft.server.log.use.memory = false (default)
2019-09-19 11:40:12,374 [pool-139-thread-1] INFO  server.RaftServerConfigKeys (ConfUtils.java:logGet(43)) - raft.server.log.purge.gap = 1000000 (custom)
2019-09-19 11:40:12,374 [pool-139-thread-1] INFO  server.RaftServerConfigKeys (ConfUtils.java:logGet(43)) - raft.server.log.appender.buffer.byte-limit = 33554432 (custom)
2019-09-19 11:40:12,374 [pool-139-thread-1] INFO  server.RaftServerConfigKeys (ConfUtils.java:logGet(43)) - raft.server.log.segment.size.max = 1048576 (custom)
2019-09-19 11:40:12,375 [pool-139-thread-1] INFO  server.RaftServerConfigKeys (ConfUtils.java:logGet(43)) - raft.server.log.segment.cache.num.max = 2 (custom)
2019-09-19 11:40:12,375 [pool-139-thread-1] INFO  segmented.SegmentedRaftLogWorker (SegmentedRaftLogWorker.java:<init>(172)) - new e8835ac3-2c38-483b-890c-bebe50066010@group-2A8FFD574F9B-SegmentedRaftLogWorker for RaftStorage:Storage Directory /workdir/hadoop-ozone/integration-test/target/test-dir/MiniOzoneClusterImpl-ffcb80c2-b642-44a5-b522-9914b1f1ccc8/datanode-2/data/ratis/089a53e2-8088-4e87-ab59-2a8ffd574f9b
2019-09-19 11:40:12,378 [pool-139-thread-1] INFO  server.RaftServerConfigKeys (ConfUtils.java:logGet(43)) - raft.server.log.queue.byte-limit = 2147483647 (custom)
2019-09-19 11:40:12,378 [pool-139-thread-1] INFO  server.RaftServerConfigKeys (ConfUtils.java:logGet(43)) - raft.server.log.queue.element-limit = 1024 (custom)
2019-09-19 11:40:12,378 [pool-139-thread-1] INFO  server.RaftServerConfigKeys (ConfUtils.java:logGet(43)) - raft.server.log.segment.size.max = 1048576 (custom)
2019-09-19 11:40:12,378 [pool-139-thread-1] INFO  server.RaftServerConfigKeys (ConfUtils.java:logGet(43)) - raft.server.log.preallocated.size = 16384 (custom)
2019-09-19 11:40:12,379 [pool-139-thread-1] INFO  server.RaftServerConfigKeys (ConfUtils.java:logGet(43)) - raft.server.log.write.buffer.size = 33554432 (custom)
2019-09-19 11:40:12,379 [pool-139-thread-1] INFO  server.RaftServerConfigKeys (ConfUtils.java:logGet(43)) - raft.server.log.force.sync.num = 128 (default)
2019-09-19 11:40:12,379 [pool-139-thread-1] INFO  server.RaftServerConfigKeys (ConfUtils.java:logGet(43)) - raft.server.log.statemachine.data.sync = true (default)
2019-09-19 11:40:12,379 [pool-139-thread-1] INFO  server.RaftServerConfigKeys (ConfUtils.java:logGet(43)) - raft.server.log.statemachine.data.sync.timeout = 10s (default)
2019-09-19 11:40:12,379 [pool-139-thread-1] INFO  server.RaftServerConfigKeys (ConfUtils.java:logGet(43)) - raft.server.log.statemachine.data.sync.timeout.retry = -1 (default)
2019-09-19 11:40:12,380 [pool-139-thread-1] INFO  server.RaftServerConfigKeys (ConfUtils.java:logGet(43)) - raft.server.log.statemachine.data.caching.enabled = true (custom)
2019-09-19 11:40:12,380 [pool-139-thread-1] INFO  segmented.SegmentedRaftLogWorker (SegmentedRaftLogWorker.java:lambda$new$0(132)) - e8835ac3-2c38-483b-890c-bebe50066010@group-2A8FFD574F9B-SegmentedRaftLogWorker: flushIndex: setUnconditionally 0 -> -1
2019-09-19 11:40:12,380 [pool-139-thread-1] INFO  server.RaftServerConfigKeys (ConfUtils.java:logGet(43)) - raft.server.snapshot.auto.trigger.enabled = true (custom)
2019-09-19 11:40:12,381 [pool-139-thread-1] INFO  server.RaftServerConfigKeys (ConfUtils.java:logGet(43)) - raft.server.snapshot.auto.trigger.threshold = 10000 (custom)
2019-09-19 11:40:12,381 [pool-139-thread-1] INFO  server.RaftServerConfigKeys (ConfUtils.java:logGet(43)) - raft.server.snapshot.retention.num.files = 5 (custom)
2019-09-19 11:40:12,381 [pool-139-thread-1] INFO  server.RaftServerConfigKeys (ConfUtils.java:logGet(43)) - raft.server.retrycache.expirytime = 600000ms (custom)
2019-09-19 11:40:12,384 [pool-139-thread-1] INFO  impl.RaftServerImpl (RaftServerImpl.java:start(185)) - e8835ac3-2c38-483b-890c-bebe50066010@group-2A8FFD574F9B: start as a follower, conf=-1: [e8835ac3-2c38-483b-890c-bebe50066010:192.168.151.78:43726], old=null
2019-09-19 11:40:12,384 [pool-139-thread-1] INFO  impl.RaftServerImpl (RaftServerImpl.java:setRole(174)) - e8835ac3-2c38-483b-890c-bebe50066010@group-2A8FFD574F9B: changes role from      null to FOLLOWER at term 0 for startAsFollower
2019-09-19 11:40:12,385 [pool-139-thread-1] INFO  impl.RoleInfo (RoleInfo.java:updateAndGet(143)) - e8835ac3-2c38-483b-890c-bebe50066010: start FollowerState
2019-09-19 11:40:12,385 [pool-139-thread-1] INFO  util.JmxRegister (JmxRegister.java:tryRegister(44)) - Successfully registered JMX Bean with object name Ratis:service=RaftServer,group=group-2A8FFD574F9B,id=e8835ac3-2c38-483b-890c-bebe50066010
2019-09-19 11:40:12,388 [RatisPipelineUtilsThread] INFO  pipeline.PipelineStateManager (PipelineStateManager.java:addPipeline(56)) - Created pipeline Pipeline[ Id: 089a53e2-8088-4e87-ab59-2a8ffd574f9b, Nodes: e8835ac3-2c38-483b-890c-bebe50066010{ip: 192.168.151.78, host: pr-hdds-2154-j8s56-3842691507, networkLocation: /default-rack, certSerialId: null}, Type:RATIS, Factor:ONE, State:OPEN]
2019-09-19 11:40:12,392 [IPC Server handler 2 on 36401] INFO  net.NetworkTopology (NetworkTopologyImpl.java:add(111)) - Added a new node: /default-rack/65261e74-c36a-42fd-98ac-65dc83eec679
2019-09-19 11:40:12,393 [IPC Server handler 2 on 36401] INFO  node.SCMNodeManager (SCMNodeManager.java:register(266)) - Registered Data node : 65261e74-c36a-42fd-98ac-65dc83eec679{ip: 192.168.151.78, host: pr-hdds-2154-j8s56-3842691507, networkLocation: /default-rack, certSerialId: null}
2019-09-19 11:40:12,402 [grpc-default-executor-0] INFO  impl.RaftServerProxy (RaftServerProxy.java:addNew(89)) - e8835ac3-2c38-483b-890c-bebe50066010: addNew group-CB1BECA0014D:[85de0b57-e230-4a6a-a925-d8cdaf96271b:192.168.151.78:46883, e8835ac3-2c38-483b-890c-bebe50066010:192.168.151.78:43726, 1fad1ce3-deb7-4c8f-9439-d9550ef61498:192.168.151.78:41114] returns group-CB1BECA0014D:java.util.concurrent.CompletableFuture@4bc4b59a[Not completed]
2019-09-19 11:40:12,402 [grpc-default-executor-2] INFO  impl.RaftServerProxy (RaftServerProxy.java:addNew(89)) - 85de0b57-e230-4a6a-a925-d8cdaf96271b: addNew group-CB1BECA0014D:[85de0b57-e230-4a6a-a925-d8cdaf96271b:192.168.151.78:46883, e8835ac3-2c38-483b-890c-bebe50066010:192.168.151.78:43726, 1fad1ce3-deb7-4c8f-9439-d9550ef61498:192.168.151.78:41114] returns group-CB1BECA0014D:java.util.concurrent.CompletableFuture@73c9ff9d[Not completed]
2019-09-19 11:40:12,402 [grpc-default-executor-5] INFO  impl.RaftServerProxy (RaftServerProxy.java:addNew(89)) - 1fad1ce3-deb7-4c8f-9439-d9550ef61498: addNew group-CB1BECA0014D:[85de0b57-e230-4a6a-a925-d8cdaf96271b:192.168.151.78:46883, e8835ac3-2c38-483b-890c-bebe50066010:192.168.151.78:43726, 1fad1ce3-deb7-4c8f-9439-d9550ef61498:192.168.151.78:41114] returns group-CB1BECA0014D:java.util.concurrent.CompletableFuture@52c35d6b[Not completed]
2019-09-19 11:40:12,403 [pool-139-thread-1] INFO  impl.RaftServerImpl (RaftServerImpl.java:<init>(95)) - e8835ac3-2c38-483b-890c-bebe50066010: new RaftServerImpl for group-CB1BECA0014D:[85de0b57-e230-4a6a-a925-d8cdaf96271b:192.168.151.78:46883, e8835ac3-2c38-483b-890c-bebe50066010:192.168.151.78:43726, 1fad1ce3-deb7-4c8f-9439-d9550ef61498:192.168.151.78:41114] with ContainerStateMachine:uninitialized
2019-09-19 11:40:12,404 [pool-139-thread-1] INFO  server.RaftServerConfigKeys (ConfUtils.java:logGet(43)) - raft.server.rpc.timeout.min = 5s (custom)
2019-09-19 11:40:12,404 [pool-139-thread-1] INFO  server.RaftServerConfigKeys (ConfUtils.java:logGet(43)) - raft.server.rpc.timeout.max = 5200ms (custom)
2019-09-19 11:40:12,404 [pool-139-thread-1] INFO  server.RaftServerConfigKeys (ConfUtils.java:logGet(43)) - raft.server.rpcslowness.timeout = 120s (custom)
2019-09-19 11:40:12,404 [pool-139-thread-1] INFO  server.RaftServerConfigKeys (ConfUtils.java:logGet(43)) - raft.server.sleep.deviation.threshold = 300 (default)
2019-09-19 11:40:12,404 [pool-139-thread-1] INFO  server.RaftServerConfigKeys (ConfUtils.java:logGet(43)) - raft.server.log.appender.install.snapshot.enabled = false (custom)
2019-09-19 11:40:12,404 [pool-139-thread-1] INFO  impl.RaftServerImpl (ServerState.java:<init>(103)) - e8835ac3-2c38-483b-890c-bebe50066010@group-CB1BECA0014D: ConfigurationManager, init=-1: [85de0b57-e230-4a6a-a925-d8cdaf96271b:192.168.151.78:46883, e8835ac3-2c38-483b-890c-bebe50066010:192.168.151.78:43726, 1fad1ce3-deb7-4c8f-9439-d9550ef61498:192.168.151.78:41114], old=null, confs=<EMPTY_MAP>
2019-09-19 11:40:12,404 [pool-129-thread-1] INFO  impl.RaftServerImpl (RaftServerImpl.java:<init>(95)) - 1fad1ce3-deb7-4c8f-9439-d9550ef61498: new RaftServerImpl for group-CB1BECA0014D:[85de0b57-e230-4a6a-a925-d8cdaf96271b:192.168.151.78:46883, e8835ac3-2c38-483b-890c-bebe50066010:192.168.151.78:43726, 1fad1ce3-deb7-4c8f-9439-d9550ef61498:192.168.151.78:41114] with ContainerStateMachine:uninitialized
2019-09-19 11:40:12,405 [pool-139-thread-1] INFO  server.RaftServerConfigKeys (ConfUtils.java:logGet(43)) - raft.server.storage.dir = [/workdir/hadoop-ozone/integration-test/target/test-dir/MiniOzoneClusterImpl-ffcb80c2-b642-44a5-b522-9914b1f1ccc8/datanode-2/data/ratis] (custom)
2019-09-19 11:40:12,405 [pool-129-thread-1] INFO  server.RaftServerConfigKeys (ConfUtils.java:logGet(43)) - raft.server.rpc.timeout.min = 5s (custom)
2019-09-19 11:40:12,405 [pool-129-thread-1] INFO  server.RaftServerConfigKeys (ConfUtils.java:logGet(43)) - raft.server.rpc.timeout.max = 5200ms (custom)
2019-09-19 11:40:12,405 [pool-139-thread-1] INFO  storage.RaftStorageDirectory (RaftStorageDirectory.java:analyzeStorage(246)) - The storage directory /workdir/hadoop-ozone/integration-test/target/test-dir/MiniOzoneClusterImpl-ffcb80c2-b642-44a5-b522-9914b1f1ccc8/datanode-2/data/ratis/88d12219-6b1f-45bc-9301-cb1beca0014d does not exist. Creating ...
2019-09-19 11:40:12,405 [pool-119-thread-1] INFO  impl.RaftServerImpl (RaftServerImpl.java:<init>(95)) - 85de0b57-e230-4a6a-a925-d8cdaf96271b: new RaftServerImpl for group-CB1BECA0014D:[85de0b57-e230-4a6a-a925-d8cdaf96271b:192.168.151.78:46883, e8835ac3-2c38-483b-890c-bebe50066010:192.168.151.78:43726, 1fad1ce3-deb7-4c8f-9439-d9550ef61498:192.168.151.78:41114] with ContainerStateMachine:uninitialized
2019-09-19 11:40:12,405 [pool-129-thread-1] INFO  server.RaftServerConfigKeys (ConfUtils.java:logGet(43)) - raft.server.rpcslowness.timeout = 120s (custom)
2019-09-19 11:40:12,406 [pool-119-thread-1] INFO  server.RaftServerConfigKeys (ConfUtils.java:logGet(43)) - raft.server.rpc.timeout.min = 5s (custom)
2019-09-19 11:40:12,406 [pool-129-thread-1] INFO  server.RaftServerConfigKeys (ConfUtils.java:logGet(43)) - raft.server.sleep.deviation.threshold = 300 (default)
2019-09-19 11:40:12,406 [pool-119-thread-1] INFO  server.RaftServerConfigKeys (ConfUtils.java:logGet(43)) - raft.server.rpc.timeout.max = 5200ms (custom)
2019-09-19 11:40:12,406 [pool-129-thread-1] INFO  server.RaftServerConfigKeys (ConfUtils.java:logGet(43)) - raft.server.log.appender.install.snapshot.enabled = false (custom)
2019-09-19 11:40:12,406 [pool-119-thread-1] INFO  server.RaftServerConfigKeys (ConfUtils.java:logGet(43)) - raft.server.rpcslowness.timeout = 120s (custom)
2019-09-19 11:40:12,406 [pool-129-thread-1] INFO  impl.RaftServerImpl (ServerState.java:<init>(103)) - 1fad1ce3-deb7-4c8f-9439-d9550ef61498@group-CB1BECA0014D: ConfigurationManager, init=-1: [85de0b57-e230-4a6a-a925-d8cdaf96271b:192.168.151.78:46883, e8835ac3-2c38-483b-890c-bebe50066010:192.168.151.78:43726, 1fad1ce3-deb7-4c8f-9439-d9550ef61498:192.168.151.78:41114], old=null, confs=<EMPTY_MAP>
2019-09-19 11:40:12,406 [pool-119-thread-1] INFO  server.RaftServerConfigKeys (ConfUtils.java:logGet(43)) - raft.server.sleep.deviation.threshold = 300 (default)
2019-09-19 11:40:12,407 [pool-129-thread-1] INFO  server.RaftServerConfigKeys (ConfUtils.java:logGet(43)) - raft.server.storage.dir = [/workdir/hadoop-ozone/integration-test/target/test-dir/MiniOzoneClusterImpl-ffcb80c2-b642-44a5-b522-9914b1f1ccc8/datanode-1/data/ratis] (custom)
2019-09-19 11:40:12,407 [pool-119-thread-1] INFO  server.RaftServerConfigKeys (ConfUtils.java:logGet(43)) - raft.server.log.appender.install.snapshot.enabled = false (custom)
2019-09-19 11:40:12,407 [pool-119-thread-1] INFO  impl.RaftServerImpl (ServerState.java:<init>(103)) - 85de0b57-e230-4a6a-a925-d8cdaf96271b@group-CB1BECA0014D: ConfigurationManager, init=-1: [85de0b57-e230-4a6a-a925-d8cdaf96271b:192.168.151.78:46883, e8835ac3-2c38-483b-890c-bebe50066010:192.168.151.78:43726, 1fad1ce3-deb7-4c8f-9439-d9550ef61498:192.168.151.78:41114], old=null, confs=<EMPTY_MAP>
2019-09-19 11:40:12,407 [pool-129-thread-1] INFO  storage.RaftStorageDirectory (RaftStorageDirectory.java:analyzeStorage(246)) - The storage directory /workdir/hadoop-ozone/integration-test/target/test-dir/MiniOzoneClusterImpl-ffcb80c2-b642-44a5-b522-9914b1f1ccc8/datanode-1/data/ratis/88d12219-6b1f-45bc-9301-cb1beca0014d does not exist. Creating ...
2019-09-19 11:40:12,407 [pool-119-thread-1] INFO  server.RaftServerConfigKeys (ConfUtils.java:logGet(43)) - raft.server.storage.dir = [/workdir/hadoop-ozone/integration-test/target/test-dir/MiniOzoneClusterImpl-ffcb80c2-b642-44a5-b522-9914b1f1ccc8/datanode-0/data/ratis] (custom)
2019-09-19 11:40:12,408 [pool-119-thread-1] INFO  storage.RaftStorageDirectory (RaftStorageDirectory.java:analyzeStorage(246)) - The storage directory /workdir/hadoop-ozone/integration-test/target/test-dir/MiniOzoneClusterImpl-ffcb80c2-b642-44a5-b522-9914b1f1ccc8/datanode-0/data/ratis/88d12219-6b1f-45bc-9301-cb1beca0014d does not exist. Creating ...
2019-09-19 11:40:12,419 [pool-139-thread-1] INFO  storage.RaftStorageDirectory (RaftStorageDirectory.java:tryLock(328)) - Lock on /workdir/hadoop-ozone/integration-test/target/test-dir/MiniOzoneClusterImpl-ffcb80c2-b642-44a5-b522-9914b1f1ccc8/datanode-2/data/ratis/88d12219-6b1f-45bc-9301-cb1beca0014d/in_use.lock acquired by nodename 9224@pr-hdds-2154-j8s56-3842691507
2019-09-19 11:40:12,419 [pool-119-thread-1] INFO  storage.RaftStorageDirectory (RaftStorageDirectory.java:tryLock(328)) - Lock on /workdir/hadoop-ozone/integration-test/target/test-dir/MiniOzoneClusterImpl-ffcb80c2-b642-44a5-b522-9914b1f1ccc8/datanode-0/data/ratis/88d12219-6b1f-45bc-9301-cb1beca0014d/in_use.lock acquired by nodename 9224@pr-hdds-2154-j8s56-3842691507
2019-09-19 11:40:12,419 [pool-129-thread-1] INFO  storage.RaftStorageDirectory (RaftStorageDirectory.java:tryLock(328)) - Lock on /workdir/hadoop-ozone/integration-test/target/test-dir/MiniOzoneClusterImpl-ffcb80c2-b642-44a5-b522-9914b1f1ccc8/datanode-1/data/ratis/88d12219-6b1f-45bc-9301-cb1beca0014d/in_use.lock acquired by nodename 9224@pr-hdds-2154-j8s56-3842691507
2019-09-19 11:40:12,433 [pool-139-thread-1] INFO  storage.RaftStorage (RaftStorage.java:format(72)) - Storage directory /workdir/hadoop-ozone/integration-test/target/test-dir/MiniOzoneClusterImpl-ffcb80c2-b642-44a5-b522-9914b1f1ccc8/datanode-2/data/ratis/88d12219-6b1f-45bc-9301-cb1beca0014d has been successfully formatted.
2019-09-19 11:40:12,433 [pool-119-thread-1] INFO  storage.RaftStorage (RaftStorage.java:format(72)) - Storage directory /workdir/hadoop-ozone/integration-test/target/test-dir/MiniOzoneClusterImpl-ffcb80c2-b642-44a5-b522-9914b1f1ccc8/datanode-0/data/ratis/88d12219-6b1f-45bc-9301-cb1beca0014d has been successfully formatted.
2019-09-19 11:40:12,433 [pool-129-thread-1] INFO  storage.RaftStorage (RaftStorage.java:format(72)) - Storage directory /workdir/hadoop-ozone/integration-test/target/test-dir/MiniOzoneClusterImpl-ffcb80c2-b642-44a5-b522-9914b1f1ccc8/datanode-1/data/ratis/88d12219-6b1f-45bc-9301-cb1beca0014d has been successfully formatted.
2019-09-19 11:40:12,434 [pool-119-thread-1] INFO  ratis.ContainerStateMachine (ContainerStateMachine.java:loadSnapshot(230)) - group-CB1BECA0014D: The snapshot info is null. Setting the last applied indexto:(t:0, i:~)
2019-09-19 11:40:12,434 [pool-129-thread-1] INFO  ratis.ContainerStateMachine (ContainerStateMachine.java:loadSnapshot(230)) - group-CB1BECA0014D: The snapshot info is null. Setting the last applied indexto:(t:0, i:~)
2019-09-19 11:40:12,434 [pool-139-thread-1] INFO  ratis.ContainerStateMachine (ContainerStateMachine.java:loadSnapshot(230)) - group-CB1BECA0014D: The snapshot info is null. Setting the last applied indexto:(t:0, i:~)
2019-09-19 11:40:12,434 [pool-129-thread-1] INFO  server.RaftServerConfigKeys (ConfUtils.java:logGet(43)) - raft.server.notification.no-leader.timeout = 120s (custom)
2019-09-19 11:40:12,434 [pool-129-thread-1] INFO  server.RaftServerConfigKeys (ConfUtils.java:logGet(43)) - raft.server.log.use.memory = false (default)
2019-09-19 11:40:12,434 [pool-119-thread-1] INFO  server.RaftServerConfigKeys (ConfUtils.java:logGet(43)) - raft.server.notification.no-leader.timeout = 120s (custom)
2019-09-19 11:40:12,435 [pool-129-thread-1] INFO  server.RaftServerConfigKeys (ConfUtils.java:logGet(43)) - raft.server.log.purge.gap = 1000000 (custom)
2019-09-19 11:40:12,434 [pool-139-thread-1] INFO  server.RaftServerConfigKeys (ConfUtils.java:logGet(43)) - raft.server.notification.no-leader.timeout = 120s (custom)
2019-09-19 11:40:12,435 [pool-129-thread-1] INFO  server.RaftServerConfigKeys (ConfUtils.java:logGet(43)) - raft.server.log.appender.buffer.byte-limit = 33554432 (custom)
2019-09-19 11:40:12,435 [pool-119-thread-1] INFO  server.RaftServerConfigKeys (ConfUtils.java:logGet(43)) - raft.server.log.use.memory = false (default)
2019-09-19 11:40:12,435 [pool-129-thread-1] INFO  server.RaftServerConfigKeys (ConfUtils.java:logGet(43)) - raft.server.log.segment.size.max = 1048576 (custom)
2019-09-19 11:40:12,435 [pool-139-thread-1] INFO  server.RaftServerConfigKeys (ConfUtils.java:logGet(43)) - raft.server.log.use.memory = false (default)
2019-09-19 11:40:12,435 [pool-129-thread-1] INFO  server.RaftServerConfigKeys (ConfUtils.java:logGet(43)) - raft.server.log.segment.cache.num.max = 2 (custom)
2019-09-19 11:40:12,435 [pool-119-thread-1] INFO  server.RaftServerConfigKeys (ConfUtils.java:logGet(43)) - raft.server.log.purge.gap = 1000000 (custom)
2019-09-19 11:40:12,436 [pool-129-thread-1] INFO  segmented.SegmentedRaftLogWorker (SegmentedRaftLogWorker.java:<init>(172)) - new 1fad1ce3-deb7-4c8f-9439-d9550ef61498@group-CB1BECA0014D-SegmentedRaftLogWorker for RaftStorage:Storage Directory /workdir/hadoop-ozone/integration-test/target/test-dir/MiniOzoneClusterImpl-ffcb80c2-b642-44a5-b522-9914b1f1ccc8/datanode-1/data/ratis/88d12219-6b1f-45bc-9301-cb1beca0014d
2019-09-19 11:40:12,436 [pool-139-thread-1] INFO  server.RaftServerConfigKeys (ConfUtils.java:logGet(43)) - raft.server.log.purge.gap = 1000000 (custom)
2019-09-19 11:40:12,436 [pool-129-thread-1] INFO  server.RaftServerConfigKeys (ConfUtils.java:logGet(43)) - raft.server.log.queue.byte-limit = 2147483647 (custom)
2019-09-19 11:40:12,436 [pool-129-thread-1] INFO  server.RaftServerConfigKeys (ConfUtils.java:logGet(43)) - raft.server.log.queue.element-limit = 1024 (custom)
2019-09-19 11:40:12,436 [pool-119-thread-1] INFO  server.RaftServerConfigKeys (ConfUtils.java:logGet(43)) - raft.server.log.appender.buffer.byte-limit = 33554432 (custom)
2019-09-19 11:40:12,437 [pool-129-thread-1] INFO  server.RaftServerConfigKeys (ConfUtils.java:logGet(43)) - raft.server.log.segment.size.max = 1048576 (custom)
2019-09-19 11:40:12,436 [pool-139-thread-1] INFO  server.RaftServerConfigKeys (ConfUtils.java:logGet(43)) - raft.server.log.appender.buffer.byte-limit = 33554432 (custom)
2019-09-19 11:40:12,437 [pool-129-thread-1] INFO  server.RaftServerConfigKeys (ConfUtils.java:logGet(43)) - raft.server.log.preallocated.size = 16384 (custom)
2019-09-19 11:40:12,437 [pool-119-thread-1] INFO  server.RaftServerConfigKeys (ConfUtils.java:logGet(43)) - raft.server.log.segment.size.max = 1048576 (custom)
2019-09-19 11:40:12,437 [pool-129-thread-1] INFO  server.RaftServerConfigKeys (ConfUtils.java:logGet(43)) - raft.server.log.write.buffer.size = 33554432 (custom)
2019-09-19 11:40:12,437 [pool-139-thread-1] INFO  server.RaftServerConfigKeys (ConfUtils.java:logGet(43)) - raft.server.log.segment.size.max = 1048576 (custom)
2019-09-19 11:40:12,438 [pool-129-thread-1] INFO  server.RaftServerConfigKeys (ConfUtils.java:logGet(43)) - raft.server.log.force.sync.num = 128 (default)
2019-09-19 11:40:12,437 [pool-119-thread-1] INFO  server.RaftServerConfigKeys (ConfUtils.java:logGet(43)) - raft.server.log.segment.cache.num.max = 2 (custom)
2019-09-19 11:40:12,438 [pool-129-thread-1] INFO  server.RaftServerConfigKeys (ConfUtils.java:logGet(43)) - raft.server.log.statemachine.data.sync = true (default)
2019-09-19 11:40:12,438 [pool-139-thread-1] INFO  server.RaftServerConfigKeys (ConfUtils.java:logGet(43)) - raft.server.log.segment.cache.num.max = 2 (custom)
2019-09-19 11:40:12,438 [pool-129-thread-1] INFO  server.RaftServerConfigKeys (ConfUtils.java:logGet(43)) - raft.server.log.statemachine.data.sync.timeout = 10s (default)
2019-09-19 11:40:12,438 [pool-119-thread-1] INFO  segmented.SegmentedRaftLogWorker (SegmentedRaftLogWorker.java:<init>(172)) - new 85de0b57-e230-4a6a-a925-d8cdaf96271b@group-CB1BECA0014D-SegmentedRaftLogWorker for RaftStorage:Storage Directory /workdir/hadoop-ozone/integration-test/target/test-dir/MiniOzoneClusterImpl-ffcb80c2-b642-44a5-b522-9914b1f1ccc8/datanode-0/data/ratis/88d12219-6b1f-45bc-9301-cb1beca0014d
2019-09-19 11:40:12,438 [pool-129-thread-1] INFO  server.RaftServerConfigKeys (ConfUtils.java:logGet(43)) - raft.server.log.statemachine.data.sync.timeout.retry = -1 (default)
2019-09-19 11:40:12,438 [pool-139-thread-1] INFO  segmented.SegmentedRaftLogWorker (SegmentedRaftLogWorker.java:<init>(172)) - new e8835ac3-2c38-483b-890c-bebe50066010@group-CB1BECA0014D-SegmentedRaftLogWorker for RaftStorage:Storage Directory /workdir/hadoop-ozone/integration-test/target/test-dir/MiniOzoneClusterImpl-ffcb80c2-b642-44a5-b522-9914b1f1ccc8/datanode-2/data/ratis/88d12219-6b1f-45bc-9301-cb1beca0014d
2019-09-19 11:40:12,439 [pool-129-thread-1] INFO  server.RaftServerConfigKeys (ConfUtils.java:logGet(43)) - raft.server.log.statemachine.data.caching.enabled = true (custom)
2019-09-19 11:40:12,439 [pool-119-thread-1] INFO  server.RaftServerConfigKeys (ConfUtils.java:logGet(43)) - raft.server.log.queue.byte-limit = 2147483647 (custom)
2019-09-19 11:40:12,439 [pool-139-thread-1] INFO  server.RaftServerConfigKeys (ConfUtils.java:logGet(43)) - raft.server.log.queue.byte-limit = 2147483647 (custom)
2019-09-19 11:40:12,439 [pool-129-thread-1] INFO  segmented.SegmentedRaftLogWorker (SegmentedRaftLogWorker.java:lambda$new$0(132)) - 1fad1ce3-deb7-4c8f-9439-d9550ef61498@group-CB1BECA0014D-SegmentedRaftLogWorker: flushIndex: setUnconditionally 0 -> -1
2019-09-19 11:40:12,439 [pool-119-thread-1] INFO  server.RaftServerConfigKeys (ConfUtils.java:logGet(43)) - raft.server.log.queue.element-limit = 1024 (custom)
2019-09-19 11:40:12,439 [pool-139-thread-1] INFO  server.RaftServerConfigKeys (ConfUtils.java:logGet(43)) - raft.server.log.queue.element-limit = 1024 (custom)
2019-09-19 11:40:12,440 [pool-119-thread-1] INFO  server.RaftServerConfigKeys (ConfUtils.java:logGet(43)) - raft.server.log.segment.size.max = 1048576 (custom)
2019-09-19 11:40:12,440 [pool-129-thread-1] INFO  server.RaftServerConfigKeys (ConfUtils.java:logGet(43)) - raft.server.snapshot.auto.trigger.enabled = true (custom)
2019-09-19 11:40:12,440 [pool-119-thread-1] INFO  server.RaftServerConfigKeys (ConfUtils.java:logGet(43)) - raft.server.log.preallocated.size = 16384 (custom)
2019-09-19 11:40:12,440 [pool-139-thread-1] INFO  server.RaftServerConfigKeys (ConfUtils.java:logGet(43)) - raft.server.log.segment.size.max = 1048576 (custom)
2019-09-19 11:40:12,440 [pool-119-thread-1] INFO  server.RaftServerConfigKeys (ConfUtils.java:logGet(43)) - raft.server.log.write.buffer.size = 33554432 (custom)
2019-09-19 11:40:12,440 [pool-129-thread-1] INFO  server.RaftServerConfigKeys (ConfUtils.java:logGet(43)) - raft.server.snapshot.auto.trigger.threshold = 10000 (custom)
2019-09-19 11:40:12,441 [pool-119-thread-1] INFO  server.RaftServerConfigKeys (ConfUtils.java:logGet(43)) - raft.server.log.force.sync.num = 128 (default)
2019-09-19 11:40:12,441 [pool-119-thread-1] INFO  server.RaftServerConfigKeys (ConfUtils.java:logGet(43)) - raft.server.log.statemachine.data.sync = true (default)
2019-09-19 11:40:12,441 [pool-139-thread-1] INFO  server.RaftServerConfigKeys (ConfUtils.java:logGet(43)) - raft.server.log.preallocated.size = 16384 (custom)
2019-09-19 11:40:12,441 [pool-119-thread-1] INFO  server.RaftServerConfigKeys (ConfUtils.java:logGet(43)) - raft.server.log.statemachine.data.sync.timeout = 10s (default)
2019-09-19 11:40:12,441 [pool-129-thread-1] INFO  server.RaftServerConfigKeys (ConfUtils.java:logGet(43)) - raft.server.snapshot.retention.num.files = 5 (custom)
2019-09-19 11:40:12,442 [pool-119-thread-1] INFO  server.RaftServerConfigKeys (ConfUtils.java:logGet(43)) - raft.server.log.statemachine.data.sync.timeout.retry = -1 (default)
2019-09-19 11:40:12,441 [pool-139-thread-1] INFO  server.RaftServerConfigKeys (ConfUtils.java:logGet(43)) - raft.server.log.write.buffer.size = 33554432 (custom)
2019-09-19 11:40:12,442 [pool-119-thread-1] INFO  server.RaftServerConfigKeys (ConfUtils.java:logGet(43)) - raft.server.log.statemachine.data.caching.enabled = true (custom)
2019-09-19 11:40:12,442 [pool-129-thread-1] INFO  server.RaftServerConfigKeys (ConfUtils.java:logGet(43)) - raft.server.retrycache.expirytime = 600000ms (custom)
2019-09-19 11:40:12,442 [pool-139-thread-1] INFO  server.RaftServerConfigKeys (ConfUtils.java:logGet(43)) - raft.server.log.force.sync.num = 128 (default)
2019-09-19 11:40:12,442 [pool-119-thread-1] INFO  segmented.SegmentedRaftLogWorker (SegmentedRaftLogWorker.java:lambda$new$0(132)) - 85de0b57-e230-4a6a-a925-d8cdaf96271b@group-CB1BECA0014D-SegmentedRaftLogWorker: flushIndex: setUnconditionally 0 -> -1
2019-09-19 11:40:12,443 [pool-139-thread-1] INFO  server.RaftServerConfigKeys (ConfUtils.java:logGet(43)) - raft.server.log.statemachine.data.sync = true (default)
2019-09-19 11:40:12,443 [pool-139-thread-1] INFO  server.RaftServerConfigKeys (ConfUtils.java:logGet(43)) - raft.server.log.statemachine.data.sync.timeout = 10s (default)
2019-09-19 11:40:12,443 [pool-119-thread-1] INFO  server.RaftServerConfigKeys (ConfUtils.java:logGet(43)) - raft.server.snapshot.auto.trigger.enabled = true (custom)
2019-09-19 11:40:12,443 [pool-139-thread-1] INFO  server.RaftServerConfigKeys (ConfUtils.java:logGet(43)) - raft.server.log.statemachine.data.sync.timeout.retry = -1 (default)
2019-09-19 11:40:12,443 [pool-119-thread-1] INFO  server.RaftServerConfigKeys (ConfUtils.java:logGet(43)) - raft.server.snapshot.auto.trigger.threshold = 10000 (custom)
2019-09-19 11:40:12,443 [pool-139-thread-1] INFO  server.RaftServerConfigKeys (ConfUtils.java:logGet(43)) - raft.server.log.statemachine.data.caching.enabled = true (custom)
2019-09-19 11:40:12,443 [pool-119-thread-1] INFO  server.RaftServerConfigKeys (ConfUtils.java:logGet(43)) - raft.server.snapshot.retention.num.files = 5 (custom)
2019-09-19 11:40:12,444 [pool-139-thread-1] INFO  segmented.SegmentedRaftLogWorker (SegmentedRaftLogWorker.java:lambda$new$0(132)) - e8835ac3-2c38-483b-890c-bebe50066010@group-CB1BECA0014D-SegmentedRaftLogWorker: flushIndex: setUnconditionally 0 -> -1
2019-09-19 11:40:12,444 [pool-119-thread-1] INFO  server.RaftServerConfigKeys (ConfUtils.java:logGet(43)) - raft.server.retrycache.expirytime = 600000ms (custom)
2019-09-19 11:40:12,444 [pool-139-thread-1] INFO  server.RaftServerConfigKeys (ConfUtils.java:logGet(43)) - raft.server.snapshot.auto.trigger.enabled = true (custom)
2019-09-19 11:40:12,444 [pool-139-thread-1] INFO  server.RaftServerConfigKeys (ConfUtils.java:logGet(43)) - raft.server.snapshot.auto.trigger.threshold = 10000 (custom)
2019-09-19 11:40:12,445 [pool-139-thread-1] INFO  server.RaftServerConfigKeys (ConfUtils.java:logGet(43)) - raft.server.snapshot.retention.num.files = 5 (custom)
2019-09-19 11:40:12,445 [pool-139-thread-1] INFO  server.RaftServerConfigKeys (ConfUtils.java:logGet(43)) - raft.server.retrycache.expirytime = 600000ms (custom)
2019-09-19 11:40:12,447 [pool-129-thread-1] INFO  impl.RaftServerImpl (RaftServerImpl.java:start(185)) - 1fad1ce3-deb7-4c8f-9439-d9550ef61498@group-CB1BECA0014D: start as a follower, conf=-1: [85de0b57-e230-4a6a-a925-d8cdaf96271b:192.168.151.78:46883, e8835ac3-2c38-483b-890c-bebe50066010:192.168.151.78:43726, 1fad1ce3-deb7-4c8f-9439-d9550ef61498:192.168.151.78:41114], old=null
2019-09-19 11:40:12,447 [pool-129-thread-1] INFO  impl.RaftServerImpl (RaftServerImpl.java:setRole(174)) - 1fad1ce3-deb7-4c8f-9439-d9550ef61498@group-CB1BECA0014D: changes role from      null to FOLLOWER at term 0 for startAsFollower
2019-09-19 11:40:12,447 [pool-129-thread-1] INFO  impl.RoleInfo (RoleInfo.java:updateAndGet(143)) - 1fad1ce3-deb7-4c8f-9439-d9550ef61498: start FollowerState
2019-09-19 11:40:12,461 [pool-129-thread-1] INFO  util.JmxRegister (JmxRegister.java:tryRegister(44)) - Successfully registered JMX Bean with object name Ratis:service=RaftServer,group=group-CB1BECA0014D,id=1fad1ce3-deb7-4c8f-9439-d9550ef61498
2019-09-19 11:40:12,469 [pool-119-thread-1] INFO  impl.RaftServerImpl (RaftServerImpl.java:start(185)) - 85de0b57-e230-4a6a-a925-d8cdaf96271b@group-CB1BECA0014D: start as a follower, conf=-1: [85de0b57-e230-4a6a-a925-d8cdaf96271b:192.168.151.78:46883, e8835ac3-2c38-483b-890c-bebe50066010:192.168.151.78:43726, 1fad1ce3-deb7-4c8f-9439-d9550ef61498:192.168.151.78:41114], old=null
2019-09-19 11:40:12,469 [pool-119-thread-1] INFO  impl.RaftServerImpl (RaftServerImpl.java:setRole(174)) - 85de0b57-e230-4a6a-a925-d8cdaf96271b@group-CB1BECA0014D: changes role from      null to FOLLOWER at term 0 for startAsFollower
2019-09-19 11:40:12,469 [pool-139-thread-1] INFO  impl.RaftServerImpl (RaftServerImpl.java:start(185)) - e8835ac3-2c38-483b-890c-bebe50066010@group-CB1BECA0014D: start as a follower, conf=-1: [85de0b57-e230-4a6a-a925-d8cdaf96271b:192.168.151.78:46883, e8835ac3-2c38-483b-890c-bebe50066010:192.168.151.78:43726, 1fad1ce3-deb7-4c8f-9439-d9550ef61498:192.168.151.78:41114], old=null
2019-09-19 11:40:12,469 [pool-119-thread-1] INFO  impl.RoleInfo (RoleInfo.java:updateAndGet(143)) - 85de0b57-e230-4a6a-a925-d8cdaf96271b: start FollowerState
2019-09-19 11:40:12,469 [pool-139-thread-1] INFO  impl.RaftServerImpl (RaftServerImpl.java:setRole(174)) - e8835ac3-2c38-483b-890c-bebe50066010@group-CB1BECA0014D: changes role from      null to FOLLOWER at term 0 for startAsFollower
2019-09-19 11:40:12,470 [pool-139-thread-1] INFO  impl.RoleInfo (RoleInfo.java:updateAndGet(143)) - e8835ac3-2c38-483b-890c-bebe50066010: start FollowerState
2019-09-19 11:40:12,470 [pool-119-thread-1] INFO  util.JmxRegister (JmxRegister.java:tryRegister(44)) - Successfully registered JMX Bean with object name Ratis:service=RaftServer,group=group-CB1BECA0014D,id=85de0b57-e230-4a6a-a925-d8cdaf96271b
2019-09-19 11:40:12,470 [pool-139-thread-1] INFO  util.JmxRegister (JmxRegister.java:tryRegister(44)) - Successfully registered JMX Bean with object name Ratis:service=RaftServer,group=group-CB1BECA0014D,id=e8835ac3-2c38-483b-890c-bebe50066010
2019-09-19 11:40:12,473 [RatisPipelineUtilsThread] INFO  pipeline.PipelineStateManager (PipelineStateManager.java:addPipeline(56)) - Created pipeline Pipeline[ Id: 88d12219-6b1f-45bc-9301-cb1beca0014d, Nodes: 1fad1ce3-deb7-4c8f-9439-d9550ef61498{ip: 192.168.151.78, host: pr-hdds-2154-j8s56-3842691507, networkLocation: /default-rack, certSerialId: null}85de0b57-e230-4a6a-a925-d8cdaf96271b{ip: 192.168.151.78, host: pr-hdds-2154-j8s56-3842691507, networkLocation: /default-rack, certSerialId: null}e8835ac3-2c38-483b-890c-bebe50066010{ip: 192.168.151.78, host: pr-hdds-2154-j8s56-3842691507, networkLocation: /default-rack, certSerialId: null}, Type:RATIS, Factor:THREE, State:OPEN]
2019-09-19 11:40:12,484 [grpc-default-executor-5] INFO  impl.RaftServerProxy (RaftServerProxy.java:addNew(89)) - 65261e74-c36a-42fd-98ac-65dc83eec679: addNew group-463EB63856BE:[65261e74-c36a-42fd-98ac-65dc83eec679:192.168.151.78:41008] returns group-463EB63856BE:java.util.concurrent.CompletableFuture@39a6004f[Not completed]
2019-09-19 11:40:12,488 [pool-149-thread-1] INFO  impl.RaftServerImpl (RaftServerImpl.java:<init>(95)) - 65261e74-c36a-42fd-98ac-65dc83eec679: new RaftServerImpl for group-463EB63856BE:[65261e74-c36a-42fd-98ac-65dc83eec679:192.168.151.78:41008] with ContainerStateMachine:uninitialized
2019-09-19 11:40:12,490 [pool-149-thread-1] INFO  server.RaftServerConfigKeys (ConfUtils.java:logGet(43)) - raft.server.rpc.timeout.min = 5s (custom)
2019-09-19 11:40:12,490 [pool-149-thread-1] INFO  server.RaftServerConfigKeys (ConfUtils.java:logGet(43)) - raft.server.rpc.timeout.max = 5200ms (custom)
2019-09-19 11:40:12,490 [pool-149-thread-1] INFO  server.RaftServerConfigKeys (ConfUtils.java:logGet(43)) - raft.server.rpcslowness.timeout = 120s (custom)
2019-09-19 11:40:12,490 [pool-149-thread-1] INFO  server.RaftServerConfigKeys (ConfUtils.java:logGet(43)) - raft.server.sleep.deviation.threshold = 300 (default)
2019-09-19 11:40:12,490 [pool-149-thread-1] INFO  server.RaftServerConfigKeys (ConfUtils.java:logGet(43)) - raft.server.log.appender.install.snapshot.enabled = false (custom)
2019-09-19 11:40:12,491 [pool-149-thread-1] INFO  impl.RaftServerImpl (ServerState.java:<init>(103)) - 65261e74-c36a-42fd-98ac-65dc83eec679@group-463EB63856BE: ConfigurationManager, init=-1: [65261e74-c36a-42fd-98ac-65dc83eec679:192.168.151.78:41008], old=null, confs=<EMPTY_MAP>
2019-09-19 11:40:12,491 [pool-149-thread-1] INFO  server.RaftServerConfigKeys (ConfUtils.java:logGet(43)) - raft.server.storage.dir = [/workdir/hadoop-ozone/integration-test/target/test-dir/MiniOzoneClusterImpl-ffcb80c2-b642-44a5-b522-9914b1f1ccc8/datanode-3/data/ratis] (custom)
2019-09-19 11:40:12,491 [IPC Server handler 5 on 36401] INFO  net.NetworkTopology (NetworkTopologyImpl.java:add(111)) - Added a new node: /default-rack/399d3e62-04e5-4111-9cc9-9c21532552cc
2019-09-19 11:40:12,491 [pool-149-thread-1] INFO  storage.RaftStorageDirectory (RaftStorageDirectory.java:analyzeStorage(246)) - The storage directory /workdir/hadoop-ozone/integration-test/target/test-dir/MiniOzoneClusterImpl-ffcb80c2-b642-44a5-b522-9914b1f1ccc8/datanode-3/data/ratis/45c5aa78-40be-4dc1-b853-463eb63856be does not exist. Creating ...
2019-09-19 11:40:12,491 [IPC Server handler 5 on 36401] INFO  node.SCMNodeManager (SCMNodeManager.java:register(266)) - Registered Data node : 399d3e62-04e5-4111-9cc9-9c21532552cc{ip: 192.168.151.78, host: pr-hdds-2154-j8s56-3842691507, networkLocation: /default-rack, certSerialId: null}
2019-09-19 11:40:12,510 [pool-149-thread-1] INFO  storage.RaftStorageDirectory (RaftStorageDirectory.java:tryLock(328)) - Lock on /workdir/hadoop-ozone/integration-test/target/test-dir/MiniOzoneClusterImpl-ffcb80c2-b642-44a5-b522-9914b1f1ccc8/datanode-3/data/ratis/45c5aa78-40be-4dc1-b853-463eb63856be/in_use.lock acquired by nodename 9224@pr-hdds-2154-j8s56-3842691507
2019-09-19 11:40:12,559 [pool-149-thread-1] INFO  storage.RaftStorage (RaftStorage.java:format(72)) - Storage directory /workdir/hadoop-ozone/integration-test/target/test-dir/MiniOzoneClusterImpl-ffcb80c2-b642-44a5-b522-9914b1f1ccc8/datanode-3/data/ratis/45c5aa78-40be-4dc1-b853-463eb63856be has been successfully formatted.
2019-09-19 11:40:12,559 [pool-149-thread-1] INFO  ratis.ContainerStateMachine (ContainerStateMachine.java:loadSnapshot(230)) - group-463EB63856BE: The snapshot info is null. Setting the last applied indexto:(t:0, i:~)
2019-09-19 11:40:12,559 [pool-149-thread-1] INFO  server.RaftServerConfigKeys (ConfUtils.java:logGet(43)) - raft.server.notification.no-leader.timeout = 120s (custom)
2019-09-19 11:40:12,560 [pool-149-thread-1] INFO  server.RaftServerConfigKeys (ConfUtils.java:logGet(43)) - raft.server.log.use.memory = false (default)
2019-09-19 11:40:12,560 [pool-149-thread-1] INFO  server.RaftServerConfigKeys (ConfUtils.java:logGet(43)) - raft.server.log.purge.gap = 1000000 (custom)
2019-09-19 11:40:12,560 [pool-149-thread-1] INFO  server.RaftServerConfigKeys (ConfUtils.java:logGet(43)) - raft.server.log.appender.buffer.byte-limit = 33554432 (custom)
2019-09-19 11:40:12,560 [pool-149-thread-1] INFO  server.RaftServerConfigKeys (ConfUtils.java:logGet(43)) - raft.server.log.segment.size.max = 1048576 (custom)
2019-09-19 11:40:12,560 [pool-149-thread-1] INFO  server.RaftServerConfigKeys (ConfUtils.java:logGet(43)) - raft.server.log.segment.cache.num.max = 2 (custom)
2019-09-19 11:40:12,560 [pool-149-thread-1] INFO  segmented.SegmentedRaftLogWorker (SegmentedRaftLogWorker.java:<init>(172)) - new 65261e74-c36a-42fd-98ac-65dc83eec679@group-463EB63856BE-SegmentedRaftLogWorker for RaftStorage:Storage Directory /workdir/hadoop-ozone/integration-test/target/test-dir/MiniOzoneClusterImpl-ffcb80c2-b642-44a5-b522-9914b1f1ccc8/datanode-3/data/ratis/45c5aa78-40be-4dc1-b853-463eb63856be
2019-09-19 11:40:12,563 [pool-149-thread-1] INFO  server.RaftServerConfigKeys (ConfUtils.java:logGet(43)) - raft.server.log.queue.byte-limit = 2147483647 (custom)
2019-09-19 11:40:12,564 [pool-149-thread-1] INFO  server.RaftServerConfigKeys (ConfUtils.java:logGet(43)) - raft.server.log.queue.element-limit = 1024 (custom)
2019-09-19 11:40:12,564 [pool-149-thread-1] INFO  server.RaftServerConfigKeys (ConfUtils.java:logGet(43)) - raft.server.log.segment.size.max = 1048576 (custom)
2019-09-19 11:40:12,564 [pool-149-thread-1] INFO  server.RaftServerConfigKeys (ConfUtils.java:logGet(43)) - raft.server.log.preallocated.size = 16384 (custom)
2019-09-19 11:40:12,564 [pool-149-thread-1] INFO  server.RaftServerConfigKeys (ConfUtils.java:logGet(43)) - raft.server.log.write.buffer.size = 33554432 (custom)
2019-09-19 11:40:12,565 [pool-149-thread-1] INFO  server.RaftServerConfigKeys (ConfUtils.java:logGet(43)) - raft.server.log.force.sync.num = 128 (default)
2019-09-19 11:40:12,565 [pool-149-thread-1] INFO  server.RaftServerConfigKeys (ConfUtils.java:logGet(43)) - raft.server.log.statemachine.data.sync = true (default)
2019-09-19 11:40:12,565 [pool-149-thread-1] INFO  server.RaftServerConfigKeys (ConfUtils.java:logGet(43)) - raft.server.log.statemachine.data.sync.timeout = 10s (default)
2019-09-19 11:40:12,565 [pool-149-thread-1] INFO  server.RaftServerConfigKeys (ConfUtils.java:logGet(43)) - raft.server.log.statemachine.data.sync.timeout.retry = -1 (default)
2019-09-19 11:40:12,565 [pool-149-thread-1] INFO  server.RaftServerConfigKeys (ConfUtils.java:logGet(43)) - raft.server.log.statemachine.data.caching.enabled = true (custom)
2019-09-19 11:40:12,566 [pool-149-thread-1] INFO  segmented.SegmentedRaftLogWorker (SegmentedRaftLogWorker.java:lambda$new$0(132)) - 65261e74-c36a-42fd-98ac-65dc83eec679@group-463EB63856BE-SegmentedRaftLogWorker: flushIndex: setUnconditionally 0 -> -1
2019-09-19 11:40:12,566 [pool-149-thread-1] INFO  server.RaftServerConfigKeys (ConfUtils.java:logGet(43)) - raft.server.snapshot.auto.trigger.enabled = true (custom)
2019-09-19 11:40:12,566 [pool-149-thread-1] INFO  server.RaftServerConfigKeys (ConfUtils.java:logGet(43)) - raft.server.snapshot.auto.trigger.threshold = 10000 (custom)
2019-09-19 11:40:12,566 [pool-149-thread-1] INFO  server.RaftServerConfigKeys (ConfUtils.java:logGet(43)) - raft.server.snapshot.retention.num.files = 5 (custom)
2019-09-19 11:40:12,567 [pool-149-thread-1] INFO  server.RaftServerConfigKeys (ConfUtils.java:logGet(43)) - raft.server.retrycache.expirytime = 600000ms (custom)
2019-09-19 11:40:12,569 [pool-149-thread-1] INFO  impl.RaftServerImpl (RaftServerImpl.java:start(185)) - 65261e74-c36a-42fd-98ac-65dc83eec679@group-463EB63856BE: start as a follower, conf=-1: [65261e74-c36a-42fd-98ac-65dc83eec679:192.168.151.78:41008], old=null
2019-09-19 11:40:12,570 [pool-149-thread-1] INFO  impl.RaftServerImpl (RaftServerImpl.java:setRole(174)) - 65261e74-c36a-42fd-98ac-65dc83eec679@group-463EB63856BE: changes role from      null to FOLLOWER at term 0 for startAsFollower
2019-09-19 11:40:12,570 [pool-149-thread-1] INFO  impl.RoleInfo (RoleInfo.java:updateAndGet(143)) - 65261e74-c36a-42fd-98ac-65dc83eec679: start FollowerState
2019-09-19 11:40:12,570 [pool-149-thread-1] INFO  util.JmxRegister (JmxRegister.java:tryRegister(44)) - Successfully registered JMX Bean with object name Ratis:service=RaftServer,group=group-463EB63856BE,id=65261e74-c36a-42fd-98ac-65dc83eec679
2019-09-19 11:40:12,573 [IPC Server handler 6 on 36401] INFO  net.NetworkTopology (NetworkTopologyImpl.java:add(111)) - Added a new node: /default-rack/c4eb8efe-62b2-45fb-815f-66d941ddca6e
2019-09-19 11:40:12,573 [IPC Server handler 6 on 36401] INFO  node.SCMNodeManager (SCMNodeManager.java:register(266)) - Registered Data node : c4eb8efe-62b2-45fb-815f-66d941ddca6e{ip: 192.168.151.78, host: pr-hdds-2154-j8s56-3842691507, networkLocation: /default-rack, certSerialId: null}
2019-09-19 11:40:12,573 [RatisPipelineUtilsThread] INFO  pipeline.PipelineStateManager (PipelineStateManager.java:addPipeline(56)) - Created pipeline Pipeline[ Id: 45c5aa78-40be-4dc1-b853-463eb63856be, Nodes: 65261e74-c36a-42fd-98ac-65dc83eec679{ip: 192.168.151.78, host: pr-hdds-2154-j8s56-3842691507, networkLocation: /default-rack, certSerialId: null}, Type:RATIS, Factor:ONE, State:OPEN]
2019-09-19 11:40:12,581 [grpc-default-executor-5] INFO  impl.RaftServerProxy (RaftServerProxy.java:addNew(89)) - c4eb8efe-62b2-45fb-815f-66d941ddca6e: addNew group-08E657F24186:[c4eb8efe-62b2-45fb-815f-66d941ddca6e:192.168.151.78:45661] returns group-08E657F24186:java.util.concurrent.CompletableFuture@6839eb40[Not completed]
2019-09-19 11:40:12,585 [pool-169-thread-1] INFO  impl.RaftServerImpl (RaftServerImpl.java:<init>(95)) - c4eb8efe-62b2-45fb-815f-66d941ddca6e: new RaftServerImpl for group-08E657F24186:[c4eb8efe-62b2-45fb-815f-66d941ddca6e:192.168.151.78:45661] with ContainerStateMachine:uninitialized
2019-09-19 11:40:12,586 [pool-169-thread-1] INFO  server.RaftServerConfigKeys (ConfUtils.java:logGet(43)) - raft.server.rpc.timeout.min = 5s (custom)
2019-09-19 11:40:12,586 [pool-169-thread-1] INFO  server.RaftServerConfigKeys (ConfUtils.java:logGet(43)) - raft.server.rpc.timeout.max = 5200ms (custom)
2019-09-19 11:40:12,586 [pool-169-thread-1] INFO  server.RaftServerConfigKeys (ConfUtils.java:logGet(43)) - raft.server.rpcslowness.timeout = 120s (custom)
2019-09-19 11:40:12,586 [pool-169-thread-1] INFO  server.RaftServerConfigKeys (ConfUtils.java:logGet(43)) - raft.server.sleep.deviation.threshold = 300 (default)
2019-09-19 11:40:12,586 [pool-169-thread-1] INFO  server.RaftServerConfigKeys (ConfUtils.java:logGet(43)) - raft.server.log.appender.install.snapshot.enabled = false (custom)
2019-09-19 11:40:12,587 [pool-169-thread-1] INFO  impl.RaftServerImpl (ServerState.java:<init>(103)) - c4eb8efe-62b2-45fb-815f-66d941ddca6e@group-08E657F24186: ConfigurationManager, init=-1: [c4eb8efe-62b2-45fb-815f-66d941ddca6e:192.168.151.78:45661], old=null, confs=<EMPTY_MAP>
2019-09-19 11:40:12,587 [pool-169-thread-1] INFO  server.RaftServerConfigKeys (ConfUtils.java:logGet(43)) - raft.server.storage.dir = [/workdir/hadoop-ozone/integration-test/target/test-dir/MiniOzoneClusterImpl-ffcb80c2-b642-44a5-b522-9914b1f1ccc8/datanode-5/data/ratis] (custom)
2019-09-19 11:40:12,587 [pool-169-thread-1] INFO  storage.RaftStorageDirectory (RaftStorageDirectory.java:analyzeStorage(246)) - The storage directory /workdir/hadoop-ozone/integration-test/target/test-dir/MiniOzoneClusterImpl-ffcb80c2-b642-44a5-b522-9914b1f1ccc8/datanode-5/data/ratis/cec059f0-0fd3-40bc-ab28-08e657f24186 does not exist. Creating ...
2019-09-19 11:40:12,611 [pool-169-thread-1] INFO  storage.RaftStorageDirectory (RaftStorageDirectory.java:tryLock(328)) - Lock on /workdir/hadoop-ozone/integration-test/target/test-dir/MiniOzoneClusterImpl-ffcb80c2-b642-44a5-b522-9914b1f1ccc8/datanode-5/data/ratis/cec059f0-0fd3-40bc-ab28-08e657f24186/in_use.lock acquired by nodename 9224@pr-hdds-2154-j8s56-3842691507
2019-09-19 11:40:12,623 [pool-169-thread-1] INFO  storage.RaftStorage (RaftStorage.java:format(72)) - Storage directory /workdir/hadoop-ozone/integration-test/target/test-dir/MiniOzoneClusterImpl-ffcb80c2-b642-44a5-b522-9914b1f1ccc8/datanode-5/data/ratis/cec059f0-0fd3-40bc-ab28-08e657f24186 has been successfully formatted.
2019-09-19 11:40:12,624 [pool-169-thread-1] INFO  ratis.ContainerStateMachine (ContainerStateMachine.java:loadSnapshot(230)) - group-08E657F24186: The snapshot info is null. Setting the last applied indexto:(t:0, i:~)
2019-09-19 11:40:12,624 [pool-169-thread-1] INFO  server.RaftServerConfigKeys (ConfUtils.java:logGet(43)) - raft.server.notification.no-leader.timeout = 120s (custom)
2019-09-19 11:40:12,624 [pool-169-thread-1] INFO  server.RaftServerConfigKeys (ConfUtils.java:logGet(43)) - raft.server.log.use.memory = false (default)
2019-09-19 11:40:12,624 [pool-169-thread-1] INFO  server.RaftServerConfigKeys (ConfUtils.java:logGet(43)) - raft.server.log.purge.gap = 1000000 (custom)
2019-09-19 11:40:12,624 [pool-169-thread-1] INFO  server.RaftServerConfigKeys (ConfUtils.java:logGet(43)) - raft.server.log.appender.buffer.byte-limit = 33554432 (custom)
2019-09-19 11:40:12,625 [pool-169-thread-1] INFO  server.RaftServerConfigKeys (ConfUtils.java:logGet(43)) - raft.server.log.segment.size.max = 1048576 (custom)
2019-09-19 11:40:12,625 [pool-169-thread-1] INFO  server.RaftServerConfigKeys (ConfUtils.java:logGet(43)) - raft.server.log.segment.cache.num.max = 2 (custom)
2019-09-19 11:40:12,625 [pool-169-thread-1] INFO  segmented.SegmentedRaftLogWorker (SegmentedRaftLogWorker.java:<init>(172)) - new c4eb8efe-62b2-45fb-815f-66d941ddca6e@group-08E657F24186-SegmentedRaftLogWorker for RaftStorage:Storage Directory /workdir/hadoop-ozone/integration-test/target/test-dir/MiniOzoneClusterImpl-ffcb80c2-b642-44a5-b522-9914b1f1ccc8/datanode-5/data/ratis/cec059f0-0fd3-40bc-ab28-08e657f24186
2019-09-19 11:40:12,628 [pool-169-thread-1] INFO  server.RaftServerConfigKeys (ConfUtils.java:logGet(43)) - raft.server.log.queue.byte-limit = 2147483647 (custom)
2019-09-19 11:40:12,628 [pool-169-thread-1] INFO  server.RaftServerConfigKeys (ConfUtils.java:logGet(43)) - raft.server.log.queue.element-limit = 1024 (custom)
2019-09-19 11:40:12,628 [pool-169-thread-1] INFO  server.RaftServerConfigKeys (ConfUtils.java:logGet(43)) - raft.server.log.segment.size.max = 1048576 (custom)
2019-09-19 11:40:12,628 [pool-169-thread-1] INFO  server.RaftServerConfigKeys (ConfUtils.java:logGet(43)) - raft.server.log.preallocated.size = 16384 (custom)
2019-09-19 11:40:12,628 [pool-169-thread-1] INFO  server.RaftServerConfigKeys (ConfUtils.java:logGet(43)) - raft.server.log.write.buffer.size = 33554432 (custom)
2019-09-19 11:40:12,629 [pool-169-thread-1] INFO  server.RaftServerConfigKeys (ConfUtils.java:logGet(43)) - raft.server.log.force.sync.num = 128 (default)
2019-09-19 11:40:12,629 [pool-169-thread-1] INFO  server.RaftServerConfigKeys (ConfUtils.java:logGet(43)) - raft.server.log.statemachine.data.sync = true (default)
2019-09-19 11:40:12,629 [pool-169-thread-1] INFO  server.RaftServerConfigKeys (ConfUtils.java:logGet(43)) - raft.server.log.statemachine.data.sync.timeout = 10s (default)
2019-09-19 11:40:12,629 [pool-169-thread-1] INFO  server.RaftServerConfigKeys (ConfUtils.java:logGet(43)) - raft.server.log.statemachine.data.sync.timeout.retry = -1 (default)
2019-09-19 11:40:12,629 [pool-169-thread-1] INFO  server.RaftServerConfigKeys (ConfUtils.java:logGet(43)) - raft.server.log.statemachine.data.caching.enabled = true (custom)
2019-09-19 11:40:12,630 [pool-169-thread-1] INFO  segmented.SegmentedRaftLogWorker (SegmentedRaftLogWorker.java:lambda$new$0(132)) - c4eb8efe-62b2-45fb-815f-66d941ddca6e@group-08E657F24186-SegmentedRaftLogWorker: flushIndex: setUnconditionally 0 -> -1
2019-09-19 11:40:12,630 [pool-169-thread-1] INFO  server.RaftServerConfigKeys (ConfUtils.java:logGet(43)) - raft.server.snapshot.auto.trigger.enabled = true (custom)
2019-09-19 11:40:12,630 [pool-169-thread-1] INFO  server.RaftServerConfigKeys (ConfUtils.java:logGet(43)) - raft.server.snapshot.auto.trigger.threshold = 10000 (custom)
2019-09-19 11:40:12,630 [pool-169-thread-1] INFO  server.RaftServerConfigKeys (ConfUtils.java:logGet(43)) - raft.server.snapshot.retention.num.files = 5 (custom)
2019-09-19 11:40:12,631 [pool-169-thread-1] INFO  server.RaftServerConfigKeys (ConfUtils.java:logGet(43)) - raft.server.retrycache.expirytime = 600000ms (custom)
2019-09-19 11:40:12,633 [pool-169-thread-1] INFO  impl.RaftServerImpl (RaftServerImpl.java:start(185)) - c4eb8efe-62b2-45fb-815f-66d941ddca6e@group-08E657F24186: start as a follower, conf=-1: [c4eb8efe-62b2-45fb-815f-66d941ddca6e:192.168.151.78:45661], old=null
2019-09-19 11:40:12,633 [pool-169-thread-1] INFO  impl.RaftServerImpl (RaftServerImpl.java:setRole(174)) - c4eb8efe-62b2-45fb-815f-66d941ddca6e@group-08E657F24186: changes role from      null to FOLLOWER at term 0 for startAsFollower
2019-09-19 11:40:12,634 [pool-169-thread-1] INFO  impl.RoleInfo (RoleInfo.java:updateAndGet(143)) - c4eb8efe-62b2-45fb-815f-66d941ddca6e: start FollowerState
2019-09-19 11:40:12,634 [pool-169-thread-1] INFO  util.JmxRegister (JmxRegister.java:tryRegister(44)) - Successfully registered JMX Bean with object name Ratis:service=RaftServer,group=group-08E657F24186,id=c4eb8efe-62b2-45fb-815f-66d941ddca6e
2019-09-19 11:40:12,637 [RatisPipelineUtilsThread] INFO  pipeline.PipelineStateManager (PipelineStateManager.java:addPipeline(56)) - Created pipeline Pipeline[ Id: cec059f0-0fd3-40bc-ab28-08e657f24186, Nodes: c4eb8efe-62b2-45fb-815f-66d941ddca6e{ip: 192.168.151.78, host: pr-hdds-2154-j8s56-3842691507, networkLocation: /default-rack, certSerialId: null}, Type:RATIS, Factor:ONE, State:OPEN]
2019-09-19 11:40:12,646 [grpc-default-executor-5] INFO  impl.RaftServerProxy (RaftServerProxy.java:addNew(89)) - 399d3e62-04e5-4111-9cc9-9c21532552cc: addNew group-E3F1B46F77CE:[399d3e62-04e5-4111-9cc9-9c21532552cc:192.168.151.78:46302] returns group-E3F1B46F77CE:java.util.concurrent.CompletableFuture@2fcfd4bf[Not completed]
2019-09-19 11:40:12,647 [IPC Server handler 7 on 36401] INFO  net.NetworkTopology (NetworkTopologyImpl.java:add(111)) - Added a new node: /default-rack/6aa06fa1-f598-41a3-adfd-b6847bc7c6bb
2019-09-19 11:40:12,647 [IPC Server handler 7 on 36401] INFO  node.SCMNodeManager (SCMNodeManager.java:register(266)) - Registered Data node : 6aa06fa1-f598-41a3-adfd-b6847bc7c6bb{ip: 192.168.151.78, host: pr-hdds-2154-j8s56-3842691507, networkLocation: /default-rack, certSerialId: null}
2019-09-19 11:40:12,652 [pool-159-thread-1] INFO  impl.RaftServerImpl (RaftServerImpl.java:<init>(95)) - 399d3e62-04e5-4111-9cc9-9c21532552cc: new RaftServerImpl for group-E3F1B46F77CE:[399d3e62-04e5-4111-9cc9-9c21532552cc:192.168.151.78:46302] with ContainerStateMachine:uninitialized
2019-09-19 11:40:12,652 [main] INFO  ozone.MiniOzoneClusterImpl (MiniOzoneClusterImpl.java:lambda$waitForClusterToBeReady$0(145)) - Cluster is ready. Got 7 of 7 DN Heartbeats.
2019-09-19 11:40:12,652 [pool-159-thread-1] INFO  server.RaftServerConfigKeys (ConfUtils.java:logGet(43)) - raft.server.rpc.timeout.min = 5s (custom)
2019-09-19 11:40:12,653 [pool-159-thread-1] INFO  server.RaftServerConfigKeys (ConfUtils.java:logGet(43)) - raft.server.rpc.timeout.max = 5200ms (custom)
2019-09-19 11:40:12,653 [pool-159-thread-1] INFO  server.RaftServerConfigKeys (ConfUtils.java:logGet(43)) - raft.server.rpcslowness.timeout = 120s (custom)
2019-09-19 11:40:12,653 [pool-159-thread-1] INFO  server.RaftServerConfigKeys (ConfUtils.java:logGet(43)) - raft.server.sleep.deviation.threshold = 300 (default)
2019-09-19 11:40:12,654 [pool-159-thread-1] INFO  server.RaftServerConfigKeys (ConfUtils.java:logGet(43)) - raft.server.log.appender.install.snapshot.enabled = false (custom)
2019-09-19 11:40:12,654 [pool-159-thread-1] INFO  impl.RaftServerImpl (ServerState.java:<init>(103)) - 399d3e62-04e5-4111-9cc9-9c21532552cc@group-E3F1B46F77CE: ConfigurationManager, init=-1: [399d3e62-04e5-4111-9cc9-9c21532552cc:192.168.151.78:46302], old=null, confs=<EMPTY_MAP>
2019-09-19 11:40:12,654 [pool-159-thread-1] INFO  server.RaftServerConfigKeys (ConfUtils.java:logGet(43)) - raft.server.storage.dir = [/workdir/hadoop-ozone/integration-test/target/test-dir/MiniOzoneClusterImpl-ffcb80c2-b642-44a5-b522-9914b1f1ccc8/datanode-4/data/ratis] (custom)
2019-09-19 11:40:12,655 [pool-159-thread-1] INFO  storage.RaftStorageDirectory (RaftStorageDirectory.java:analyzeStorage(246)) - The storage directory /workdir/hadoop-ozone/integration-test/target/test-dir/MiniOzoneClusterImpl-ffcb80c2-b642-44a5-b522-9914b1f1ccc8/datanode-4/data/ratis/2f8eaf13-b6e8-4445-8c46-e3f1b46f77ce does not exist. Creating ...
2019-09-19 11:40:12,667 [pool-159-thread-1] INFO  storage.RaftStorageDirectory (RaftStorageDirectory.java:tryLock(328)) - Lock on /workdir/hadoop-ozone/integration-test/target/test-dir/MiniOzoneClusterImpl-ffcb80c2-b642-44a5-b522-9914b1f1ccc8/datanode-4/data/ratis/2f8eaf13-b6e8-4445-8c46-e3f1b46f77ce/in_use.lock acquired by nodename 9224@pr-hdds-2154-j8s56-3842691507
2019-09-19 11:40:12,687 [main] INFO  rpc.RpcClient (RpcClient.java:createVolume(302)) - Creating Volume: testblockoutputstreamwithretries, with jenkins1000 as owner.
2019-09-19 11:40:12,692 [IPC Server handler 1 on 35318] INFO  volume.OMVolumeCreateRequest (OMVolumeCreateRequest.java:validateAndUpdateCache(189)) - created volume:testblockoutputstreamwithretries for user:jenkins1000
2019-09-19 11:40:12,706 [main] INFO  rpc.RpcClient (RpcClient.java:createBucket(441)) - Creating Bucket: testblockoutputstreamwithretries/testblockoutputstreamwithretries, with Versioning false and Storage Type set to DISK and Encryption set to false 
2019-09-19 11:40:12,716 [pool-159-thread-1] INFO  storage.RaftStorage (RaftStorage.java:format(72)) - Storage directory /workdir/hadoop-ozone/integration-test/target/test-dir/MiniOzoneClusterImpl-ffcb80c2-b642-44a5-b522-9914b1f1ccc8/datanode-4/data/ratis/2f8eaf13-b6e8-4445-8c46-e3f1b46f77ce has been successfully formatted.
2019-09-19 11:40:12,716 [pool-159-thread-1] INFO  ratis.ContainerStateMachine (ContainerStateMachine.java:loadSnapshot(230)) - group-E3F1B46F77CE: The snapshot info is null. Setting the last applied indexto:(t:0, i:~)
2019-09-19 11:40:12,716 [pool-159-thread-1] INFO  server.RaftServerConfigKeys (ConfUtils.java:logGet(43)) - raft.server.notification.no-leader.timeout = 120s (custom)
2019-09-19 11:40:12,716 [pool-159-thread-1] INFO  server.RaftServerConfigKeys (ConfUtils.java:logGet(43)) - raft.server.log.use.memory = false (default)
2019-09-19 11:40:12,717 [pool-159-thread-1] INFO  server.RaftServerConfigKeys (ConfUtils.java:logGet(43)) - raft.server.log.purge.gap = 1000000 (custom)
2019-09-19 11:40:12,717 [pool-159-thread-1] INFO  server.RaftServerConfigKeys (ConfUtils.java:logGet(43)) - raft.server.log.appender.buffer.byte-limit = 33554432 (custom)
2019-09-19 11:40:12,717 [pool-159-thread-1] INFO  server.RaftServerConfigKeys (ConfUtils.java:logGet(43)) - raft.server.log.segment.size.max = 1048576 (custom)
2019-09-19 11:40:12,717 [pool-159-thread-1] INFO  server.RaftServerConfigKeys (ConfUtils.java:logGet(43)) - raft.server.log.segment.cache.num.max = 2 (custom)
2019-09-19 11:40:12,717 [pool-159-thread-1] INFO  segmented.SegmentedRaftLogWorker (SegmentedRaftLogWorker.java:<init>(172)) - new 399d3e62-04e5-4111-9cc9-9c21532552cc@group-E3F1B46F77CE-SegmentedRaftLogWorker for RaftStorage:Storage Directory /workdir/hadoop-ozone/integration-test/target/test-dir/MiniOzoneClusterImpl-ffcb80c2-b642-44a5-b522-9914b1f1ccc8/datanode-4/data/ratis/2f8eaf13-b6e8-4445-8c46-e3f1b46f77ce
2019-09-19 11:40:12,721 [pool-159-thread-1] INFO  server.RaftServerConfigKeys (ConfUtils.java:logGet(43)) - raft.server.log.queue.byte-limit = 2147483647 (custom)
2019-09-19 11:40:12,721 [pool-159-thread-1] INFO  server.RaftServerConfigKeys (ConfUtils.java:logGet(43)) - raft.server.log.queue.element-limit = 1024 (custom)
2019-09-19 11:40:12,721 [pool-159-thread-1] INFO  server.RaftServerConfigKeys (ConfUtils.java:logGet(43)) - raft.server.log.segment.size.max = 1048576 (custom)
2019-09-19 11:40:12,721 [pool-159-thread-1] INFO  server.RaftServerConfigKeys (ConfUtils.java:logGet(43)) - raft.server.log.preallocated.size = 16384 (custom)
2019-09-19 11:40:12,721 [pool-159-thread-1] INFO  server.RaftServerConfigKeys (ConfUtils.java:logGet(43)) - raft.server.log.write.buffer.size = 33554432 (custom)
2019-09-19 11:40:12,721 [pool-159-thread-1] INFO  server.RaftServerConfigKeys (ConfUtils.java:logGet(43)) - raft.server.log.force.sync.num = 128 (default)
2019-09-19 11:40:12,722 [pool-159-thread-1] INFO  server.RaftServerConfigKeys (ConfUtils.java:logGet(43)) - raft.server.log.statemachine.data.sync = true (default)
2019-09-19 11:40:12,722 [pool-159-thread-1] INFO  server.RaftServerConfigKeys (ConfUtils.java:logGet(43)) - raft.server.log.statemachine.data.sync.timeout = 10s (default)
2019-09-19 11:40:12,722 [pool-159-thread-1] INFO  server.RaftServerConfigKeys (ConfUtils.java:logGet(43)) - raft.server.log.statemachine.data.sync.timeout.retry = -1 (default)
2019-09-19 11:40:12,722 [pool-159-thread-1] INFO  server.RaftServerConfigKeys (ConfUtils.java:logGet(43)) - raft.server.log.statemachine.data.caching.enabled = true (custom)
2019-09-19 11:40:12,722 [pool-159-thread-1] INFO  segmented.SegmentedRaftLogWorker (SegmentedRaftLogWorker.java:lambda$new$0(132)) - 399d3e62-04e5-4111-9cc9-9c21532552cc@group-E3F1B46F77CE-SegmentedRaftLogWorker: flushIndex: setUnconditionally 0 -> -1
2019-09-19 11:40:12,723 [pool-159-thread-1] INFO  server.RaftServerConfigKeys (ConfUtils.java:logGet(43)) - raft.server.snapshot.auto.trigger.enabled = true (custom)
2019-09-19 11:40:12,723 [pool-159-thread-1] INFO  server.RaftServerConfigKeys (ConfUtils.java:logGet(43)) - raft.server.snapshot.auto.trigger.threshold = 10000 (custom)
2019-09-19 11:40:12,723 [pool-159-thread-1] INFO  server.RaftServerConfigKeys (ConfUtils.java:logGet(43)) - raft.server.snapshot.retention.num.files = 5 (custom)
2019-09-19 11:40:12,723 [pool-159-thread-1] INFO  server.RaftServerConfigKeys (ConfUtils.java:logGet(43)) - raft.server.retrycache.expirytime = 600000ms (custom)
2019-09-19 11:40:12,726 [pool-159-thread-1] INFO  impl.RaftServerImpl (RaftServerImpl.java:start(185)) - 399d3e62-04e5-4111-9cc9-9c21532552cc@group-E3F1B46F77CE: start as a follower, conf=-1: [399d3e62-04e5-4111-9cc9-9c21532552cc:192.168.151.78:46302], old=null
2019-09-19 11:40:12,726 [pool-159-thread-1] INFO  impl.RaftServerImpl (RaftServerImpl.java:setRole(174)) - 399d3e62-04e5-4111-9cc9-9c21532552cc@group-E3F1B46F77CE: changes role from      null to FOLLOWER at term 0 for startAsFollower
2019-09-19 11:40:12,726 [pool-159-thread-1] INFO  impl.RoleInfo (RoleInfo.java:updateAndGet(143)) - 399d3e62-04e5-4111-9cc9-9c21532552cc: start FollowerState
2019-09-19 11:40:12,727 [pool-159-thread-1] INFO  util.JmxRegister (JmxRegister.java:tryRegister(44)) - Successfully registered JMX Bean with object name Ratis:service=RaftServer,group=group-E3F1B46F77CE,id=399d3e62-04e5-4111-9cc9-9c21532552cc
2019-09-19 11:40:12,732 [RatisPipelineUtilsThread] INFO  pipeline.PipelineStateManager (PipelineStateManager.java:addPipeline(56)) - Created pipeline Pipeline[ Id: 2f8eaf13-b6e8-4445-8c46-e3f1b46f77ce, Nodes: 399d3e62-04e5-4111-9cc9-9c21532552cc{ip: 192.168.151.78, host: pr-hdds-2154-j8s56-3842691507, networkLocation: /default-rack, certSerialId: null}, Type:RATIS, Factor:ONE, State:OPEN]
2019-09-19 11:40:12,748 [grpc-default-executor-5] INFO  impl.RaftServerProxy (RaftServerProxy.java:addNew(89)) - 6aa06fa1-f598-41a3-adfd-b6847bc7c6bb: addNew group-470DAB7D492A:[6aa06fa1-f598-41a3-adfd-b6847bc7c6bb:192.168.151.78:36357] returns group-470DAB7D492A:java.util.concurrent.CompletableFuture@7c6cf2e8[Not completed]
2019-09-19 11:40:12,754 [pool-179-thread-1] INFO  impl.RaftServerImpl (RaftServerImpl.java:<init>(95)) - 6aa06fa1-f598-41a3-adfd-b6847bc7c6bb: new RaftServerImpl for group-470DAB7D492A:[6aa06fa1-f598-41a3-adfd-b6847bc7c6bb:192.168.151.78:36357] with ContainerStateMachine:uninitialized
2019-09-19 11:40:12,754 [pool-179-thread-1] INFO  server.RaftServerConfigKeys (ConfUtils.java:logGet(43)) - raft.server.rpc.timeout.min = 5s (custom)
2019-09-19 11:40:12,754 [pool-179-thread-1] INFO  server.RaftServerConfigKeys (ConfUtils.java:logGet(43)) - raft.server.rpc.timeout.max = 5200ms (custom)
2019-09-19 11:40:12,754 [pool-179-thread-1] INFO  server.RaftServerConfigKeys (ConfUtils.java:logGet(43)) - raft.server.rpcslowness.timeout = 120s (custom)
2019-09-19 11:40:12,754 [pool-179-thread-1] INFO  server.RaftServerConfigKeys (ConfUtils.java:logGet(43)) - raft.server.sleep.deviation.threshold = 300 (default)
2019-09-19 11:40:12,755 [pool-179-thread-1] INFO  server.RaftServerConfigKeys (ConfUtils.java:logGet(43)) - raft.server.log.appender.install.snapshot.enabled = false (custom)
2019-09-19 11:40:12,755 [pool-179-thread-1] INFO  impl.RaftServerImpl (ServerState.java:<init>(103)) - 6aa06fa1-f598-41a3-adfd-b6847bc7c6bb@group-470DAB7D492A: ConfigurationManager, init=-1: [6aa06fa1-f598-41a3-adfd-b6847bc7c6bb:192.168.151.78:36357], old=null, confs=<EMPTY_MAP>
2019-09-19 11:40:12,755 [pool-179-thread-1] INFO  server.RaftServerConfigKeys (ConfUtils.java:logGet(43)) - raft.server.storage.dir = [/workdir/hadoop-ozone/integration-test/target/test-dir/MiniOzoneClusterImpl-ffcb80c2-b642-44a5-b522-9914b1f1ccc8/datanode-6/data/ratis] (custom)
2019-09-19 11:40:12,756 [pool-179-thread-1] INFO  storage.RaftStorageDirectory (RaftStorageDirectory.java:analyzeStorage(246)) - The storage directory /workdir/hadoop-ozone/integration-test/target/test-dir/MiniOzoneClusterImpl-ffcb80c2-b642-44a5-b522-9914b1f1ccc8/datanode-6/data/ratis/747654bc-299e-4cc4-9b25-470dab7d492a does not exist. Creating ...
2019-09-19 11:40:12,788 [pool-179-thread-1] INFO  storage.RaftStorageDirectory (RaftStorageDirectory.java:tryLock(328)) - Lock on /workdir/hadoop-ozone/integration-test/target/test-dir/MiniOzoneClusterImpl-ffcb80c2-b642-44a5-b522-9914b1f1ccc8/datanode-6/data/ratis/747654bc-299e-4cc4-9b25-470dab7d492a/in_use.lock acquired by nodename 9224@pr-hdds-2154-j8s56-3842691507
2019-09-19 11:40:12,815 [pool-179-thread-1] INFO  storage.RaftStorage (RaftStorage.java:format(72)) - Storage directory /workdir/hadoop-ozone/integration-test/target/test-dir/MiniOzoneClusterImpl-ffcb80c2-b642-44a5-b522-9914b1f1ccc8/datanode-6/data/ratis/747654bc-299e-4cc4-9b25-470dab7d492a has been successfully formatted.
2019-09-19 11:40:12,815 [pool-179-thread-1] INFO  ratis.ContainerStateMachine (ContainerStateMachine.java:loadSnapshot(230)) - group-470DAB7D492A: The snapshot info is null. Setting the last applied indexto:(t:0, i:~)
2019-09-19 11:40:12,815 [pool-179-thread-1] INFO  server.RaftServerConfigKeys (ConfUtils.java:logGet(43)) - raft.server.notification.no-leader.timeout = 120s (custom)
2019-09-19 11:40:12,816 [pool-179-thread-1] INFO  server.RaftServerConfigKeys (ConfUtils.java:logGet(43)) - raft.server.log.use.memory = false (default)
2019-09-19 11:40:12,816 [pool-179-thread-1] INFO  server.RaftServerConfigKeys (ConfUtils.java:logGet(43)) - raft.server.log.purge.gap = 1000000 (custom)
2019-09-19 11:40:12,816 [pool-179-thread-1] INFO  server.RaftServerConfigKeys (ConfUtils.java:logGet(43)) - raft.server.log.appender.buffer.byte-limit = 33554432 (custom)
2019-09-19 11:40:12,816 [pool-179-thread-1] INFO  server.RaftServerConfigKeys (ConfUtils.java:logGet(43)) - raft.server.log.segment.size.max = 1048576 (custom)
2019-09-19 11:40:12,816 [pool-179-thread-1] INFO  server.RaftServerConfigKeys (ConfUtils.java:logGet(43)) - raft.server.log.segment.cache.num.max = 2 (custom)
2019-09-19 11:40:12,817 [pool-179-thread-1] INFO  segmented.SegmentedRaftLogWorker (SegmentedRaftLogWorker.java:<init>(172)) - new 6aa06fa1-f598-41a3-adfd-b6847bc7c6bb@group-470DAB7D492A-SegmentedRaftLogWorker for RaftStorage:Storage Directory /workdir/hadoop-ozone/integration-test/target/test-dir/MiniOzoneClusterImpl-ffcb80c2-b642-44a5-b522-9914b1f1ccc8/datanode-6/data/ratis/747654bc-299e-4cc4-9b25-470dab7d492a
2019-09-19 11:40:12,820 [pool-179-thread-1] INFO  server.RaftServerConfigKeys (ConfUtils.java:logGet(43)) - raft.server.log.queue.byte-limit = 2147483647 (custom)
2019-09-19 11:40:12,820 [pool-179-thread-1] INFO  server.RaftServerConfigKeys (ConfUtils.java:logGet(43)) - raft.server.log.queue.element-limit = 1024 (custom)
2019-09-19 11:40:12,820 [pool-179-thread-1] INFO  server.RaftServerConfigKeys (ConfUtils.java:logGet(43)) - raft.server.log.segment.size.max = 1048576 (custom)
2019-09-19 11:40:12,820 [pool-179-thread-1] INFO  server.RaftServerConfigKeys (ConfUtils.java:logGet(43)) - raft.server.log.preallocated.size = 16384 (custom)
2019-09-19 11:40:12,821 [pool-179-thread-1] INFO  server.RaftServerConfigKeys (ConfUtils.java:logGet(43)) - raft.server.log.write.buffer.size = 33554432 (custom)
2019-09-19 11:40:12,821 [pool-179-thread-1] INFO  server.RaftServerConfigKeys (ConfUtils.java:logGet(43)) - raft.server.log.force.sync.num = 128 (default)
2019-09-19 11:40:12,821 [pool-179-thread-1] INFO  server.RaftServerConfigKeys (ConfUtils.java:logGet(43)) - raft.server.log.statemachine.data.sync = true (default)
2019-09-19 11:40:12,821 [pool-179-thread-1] INFO  server.RaftServerConfigKeys (ConfUtils.java:logGet(43)) - raft.server.log.statemachine.data.sync.timeout = 10s (default)
2019-09-19 11:40:12,821 [pool-179-thread-1] INFO  server.RaftServerConfigKeys (ConfUtils.java:logGet(43)) - raft.server.log.statemachine.data.sync.timeout.retry = -1 (default)
2019-09-19 11:40:12,822 [pool-179-thread-1] INFO  server.RaftServerConfigKeys (ConfUtils.java:logGet(43)) - raft.server.log.statemachine.data.caching.enabled = true (custom)
2019-09-19 11:40:12,822 [pool-179-thread-1] INFO  segmented.SegmentedRaftLogWorker (SegmentedRaftLogWorker.java:lambda$new$0(132)) - 6aa06fa1-f598-41a3-adfd-b6847bc7c6bb@group-470DAB7D492A-SegmentedRaftLogWorker: flushIndex: setUnconditionally 0 -> -1
2019-09-19 11:40:12,823 [pool-179-thread-1] INFO  server.RaftServerConfigKeys (ConfUtils.java:logGet(43)) - raft.server.snapshot.auto.trigger.enabled = true (custom)
2019-09-19 11:40:12,823 [pool-179-thread-1] INFO  server.RaftServerConfigKeys (ConfUtils.java:logGet(43)) - raft.server.snapshot.auto.trigger.threshold = 10000 (custom)
2019-09-19 11:40:12,823 [pool-179-thread-1] INFO  server.RaftServerConfigKeys (ConfUtils.java:logGet(43)) - raft.server.snapshot.retention.num.files = 5 (custom)
2019-09-19 11:40:12,823 [pool-179-thread-1] INFO  server.RaftServerConfigKeys (ConfUtils.java:logGet(43)) - raft.server.retrycache.expirytime = 600000ms (custom)
2019-09-19 11:40:12,826 [pool-179-thread-1] INFO  impl.RaftServerImpl (RaftServerImpl.java:start(185)) - 6aa06fa1-f598-41a3-adfd-b6847bc7c6bb@group-470DAB7D492A: start as a follower, conf=-1: [6aa06fa1-f598-41a3-adfd-b6847bc7c6bb:192.168.151.78:36357], old=null
2019-09-19 11:40:12,827 [pool-179-thread-1] INFO  impl.RaftServerImpl (RaftServerImpl.java:setRole(174)) - 6aa06fa1-f598-41a3-adfd-b6847bc7c6bb@group-470DAB7D492A: changes role from      null to FOLLOWER at term 0 for startAsFollower
2019-09-19 11:40:12,827 [pool-179-thread-1] INFO  impl.RoleInfo (RoleInfo.java:updateAndGet(143)) - 6aa06fa1-f598-41a3-adfd-b6847bc7c6bb: start FollowerState
2019-09-19 11:40:12,827 [pool-179-thread-1] INFO  util.JmxRegister (JmxRegister.java:tryRegister(44)) - Successfully registered JMX Bean with object name Ratis:service=RaftServer,group=group-470DAB7D492A,id=6aa06fa1-f598-41a3-adfd-b6847bc7c6bb
2019-09-19 11:40:12,830 [RatisPipelineUtilsThread] INFO  pipeline.PipelineStateManager (PipelineStateManager.java:addPipeline(56)) - Created pipeline Pipeline[ Id: 747654bc-299e-4cc4-9b25-470dab7d492a, Nodes: 6aa06fa1-f598-41a3-adfd-b6847bc7c6bb{ip: 192.168.151.78, host: pr-hdds-2154-j8s56-3842691507, networkLocation: /default-rack, certSerialId: null}, Type:RATIS, Factor:ONE, State:OPEN]
2019-09-19 11:40:12,849 [grpc-default-executor-2] INFO  impl.RaftServerProxy (RaftServerProxy.java:addNew(89)) - c4eb8efe-62b2-45fb-815f-66d941ddca6e: addNew group-2C5006FC0996:[65261e74-c36a-42fd-98ac-65dc83eec679:192.168.151.78:41008, 399d3e62-04e5-4111-9cc9-9c21532552cc:192.168.151.78:46302, c4eb8efe-62b2-45fb-815f-66d941ddca6e:192.168.151.78:45661] returns group-2C5006FC0996:java.util.concurrent.CompletableFuture@3f7ec9dd[Not completed]
2019-09-19 11:40:12,849 [grpc-default-executor-0] INFO  impl.RaftServerProxy (RaftServerProxy.java:addNew(89)) - 65261e74-c36a-42fd-98ac-65dc83eec679: addNew group-2C5006FC0996:[65261e74-c36a-42fd-98ac-65dc83eec679:192.168.151.78:41008, 399d3e62-04e5-4111-9cc9-9c21532552cc:192.168.151.78:46302, c4eb8efe-62b2-45fb-815f-66d941ddca6e:192.168.151.78:45661] returns group-2C5006FC0996:java.util.concurrent.CompletableFuture@74a4a576[Not completed]
2019-09-19 11:40:12,849 [grpc-default-executor-5] INFO  impl.RaftServerProxy (RaftServerProxy.java:addNew(89)) - 399d3e62-04e5-4111-9cc9-9c21532552cc: addNew group-2C5006FC0996:[65261e74-c36a-42fd-98ac-65dc83eec679:192.168.151.78:41008, 399d3e62-04e5-4111-9cc9-9c21532552cc:192.168.151.78:46302, c4eb8efe-62b2-45fb-815f-66d941ddca6e:192.168.151.78:45661] returns group-2C5006FC0996:java.util.concurrent.CompletableFuture@7f414b80[Not completed]
2019-09-19 11:40:12,851 [pool-149-thread-1] INFO  impl.RaftServerImpl (RaftServerImpl.java:<init>(95)) - 65261e74-c36a-42fd-98ac-65dc83eec679: new RaftServerImpl for group-2C5006FC0996:[65261e74-c36a-42fd-98ac-65dc83eec679:192.168.151.78:41008, 399d3e62-04e5-4111-9cc9-9c21532552cc:192.168.151.78:46302, c4eb8efe-62b2-45fb-815f-66d941ddca6e:192.168.151.78:45661] with ContainerStateMachine:uninitialized
2019-09-19 11:40:12,851 [pool-149-thread-1] INFO  server.RaftServerConfigKeys (ConfUtils.java:logGet(43)) - raft.server.rpc.timeout.min = 5s (custom)
2019-09-19 11:40:12,851 [pool-149-thread-1] INFO  server.RaftServerConfigKeys (ConfUtils.java:logGet(43)) - raft.server.rpc.timeout.max = 5200ms (custom)
2019-09-19 11:40:12,852 [pool-149-thread-1] INFO  server.RaftServerConfigKeys (ConfUtils.java:logGet(43)) - raft.server.rpcslowness.timeout = 120s (custom)
2019-09-19 11:40:12,852 [pool-149-thread-1] INFO  server.RaftServerConfigKeys (ConfUtils.java:logGet(43)) - raft.server.sleep.deviation.threshold = 300 (default)
2019-09-19 11:40:12,852 [pool-149-thread-1] INFO  server.RaftServerConfigKeys (ConfUtils.java:logGet(43)) - raft.server.log.appender.install.snapshot.enabled = false (custom)
2019-09-19 11:40:12,852 [pool-169-thread-1] INFO  impl.RaftServerImpl (RaftServerImpl.java:<init>(95)) - c4eb8efe-62b2-45fb-815f-66d941ddca6e: new RaftServerImpl for group-2C5006FC0996:[65261e74-c36a-42fd-98ac-65dc83eec679:192.168.151.78:41008, 399d3e62-04e5-4111-9cc9-9c21532552cc:192.168.151.78:46302, c4eb8efe-62b2-45fb-815f-66d941ddca6e:192.168.151.78:45661] with ContainerStateMachine:uninitialized
2019-09-19 11:40:12,852 [pool-149-thread-1] INFO  impl.RaftServerImpl (ServerState.java:<init>(103)) - 65261e74-c36a-42fd-98ac-65dc83eec679@group-2C5006FC0996: ConfigurationManager, init=-1: [65261e74-c36a-42fd-98ac-65dc83eec679:192.168.151.78:41008, 399d3e62-04e5-4111-9cc9-9c21532552cc:192.168.151.78:46302, c4eb8efe-62b2-45fb-815f-66d941ddca6e:192.168.151.78:45661], old=null, confs=<EMPTY_MAP>
2019-09-19 11:40:12,852 [pool-169-thread-1] INFO  server.RaftServerConfigKeys (ConfUtils.java:logGet(43)) - raft.server.rpc.timeout.min = 5s (custom)
2019-09-19 11:40:12,853 [pool-149-thread-1] INFO  server.RaftServerConfigKeys (ConfUtils.java:logGet(43)) - raft.server.storage.dir = [/workdir/hadoop-ozone/integration-test/target/test-dir/MiniOzoneClusterImpl-ffcb80c2-b642-44a5-b522-9914b1f1ccc8/datanode-3/data/ratis] (custom)
2019-09-19 11:40:12,853 [pool-169-thread-1] INFO  server.RaftServerConfigKeys (ConfUtils.java:logGet(43)) - raft.server.rpc.timeout.max = 5200ms (custom)
2019-09-19 11:40:12,853 [pool-169-thread-1] INFO  server.RaftServerConfigKeys (ConfUtils.java:logGet(43)) - raft.server.rpcslowness.timeout = 120s (custom)
2019-09-19 11:40:12,853 [pool-169-thread-1] INFO  server.RaftServerConfigKeys (ConfUtils.java:logGet(43)) - raft.server.sleep.deviation.threshold = 300 (default)
2019-09-19 11:40:12,853 [pool-159-thread-1] INFO  impl.RaftServerImpl (RaftServerImpl.java:<init>(95)) - 399d3e62-04e5-4111-9cc9-9c21532552cc: new RaftServerImpl for group-2C5006FC0996:[65261e74-c36a-42fd-98ac-65dc83eec679:192.168.151.78:41008, 399d3e62-04e5-4111-9cc9-9c21532552cc:192.168.151.78:46302, c4eb8efe-62b2-45fb-815f-66d941ddca6e:192.168.151.78:45661] with ContainerStateMachine:uninitialized
2019-09-19 11:40:12,853 [pool-169-thread-1] INFO  server.RaftServerConfigKeys (ConfUtils.java:logGet(43)) - raft.server.log.appender.install.snapshot.enabled = false (custom)
2019-09-19 11:40:12,853 [pool-149-thread-1] INFO  storage.RaftStorageDirectory (RaftStorageDirectory.java:analyzeStorage(246)) - The storage directory /workdir/hadoop-ozone/integration-test/target/test-dir/MiniOzoneClusterImpl-ffcb80c2-b642-44a5-b522-9914b1f1ccc8/datanode-3/data/ratis/1dbc22e0-a6d3-4a2a-939e-2c5006fc0996 does not exist. Creating ...
2019-09-19 11:40:12,854 [pool-169-thread-1] INFO  impl.RaftServerImpl (ServerState.java:<init>(103)) - c4eb8efe-62b2-45fb-815f-66d941ddca6e@group-2C5006FC0996: ConfigurationManager, init=-1: [65261e74-c36a-42fd-98ac-65dc83eec679:192.168.151.78:41008, 399d3e62-04e5-4111-9cc9-9c21532552cc:192.168.151.78:46302, c4eb8efe-62b2-45fb-815f-66d941ddca6e:192.168.151.78:45661], old=null, confs=<EMPTY_MAP>
2019-09-19 11:40:12,853 [pool-159-thread-1] INFO  server.RaftServerConfigKeys (ConfUtils.java:logGet(43)) - raft.server.rpc.timeout.min = 5s (custom)
2019-09-19 11:40:12,854 [pool-169-thread-1] INFO  server.RaftServerConfigKeys (ConfUtils.java:logGet(43)) - raft.server.storage.dir = [/workdir/hadoop-ozone/integration-test/target/test-dir/MiniOzoneClusterImpl-ffcb80c2-b642-44a5-b522-9914b1f1ccc8/datanode-5/data/ratis] (custom)
2019-09-19 11:40:12,854 [pool-159-thread-1] INFO  server.RaftServerConfigKeys (ConfUtils.java:logGet(43)) - raft.server.rpc.timeout.max = 5200ms (custom)
2019-09-19 11:40:12,854 [pool-159-thread-1] INFO  server.RaftServerConfigKeys (ConfUtils.java:logGet(43)) - raft.server.rpcslowness.timeout = 120s (custom)
2019-09-19 11:40:12,855 [pool-169-thread-1] INFO  storage.RaftStorageDirectory (RaftStorageDirectory.java:analyzeStorage(246)) - The storage directory /workdir/hadoop-ozone/integration-test/target/test-dir/MiniOzoneClusterImpl-ffcb80c2-b642-44a5-b522-9914b1f1ccc8/datanode-5/data/ratis/1dbc22e0-a6d3-4a2a-939e-2c5006fc0996 does not exist. Creating ...
2019-09-19 11:40:12,855 [pool-159-thread-1] INFO  server.RaftServerConfigKeys (ConfUtils.java:logGet(43)) - raft.server.sleep.deviation.threshold = 300 (default)
2019-09-19 11:40:12,855 [pool-159-thread-1] INFO  server.RaftServerConfigKeys (ConfUtils.java:logGet(43)) - raft.server.log.appender.install.snapshot.enabled = false (custom)
2019-09-19 11:40:12,855 [pool-159-thread-1] INFO  impl.RaftServerImpl (ServerState.java:<init>(103)) - 399d3e62-04e5-4111-9cc9-9c21532552cc@group-2C5006FC0996: ConfigurationManager, init=-1: [65261e74-c36a-42fd-98ac-65dc83eec679:192.168.151.78:41008, 399d3e62-04e5-4111-9cc9-9c21532552cc:192.168.151.78:46302, c4eb8efe-62b2-45fb-815f-66d941ddca6e:192.168.151.78:45661], old=null, confs=<EMPTY_MAP>
2019-09-19 11:40:12,855 [pool-159-thread-1] INFO  server.RaftServerConfigKeys (ConfUtils.java:logGet(43)) - raft.server.storage.dir = [/workdir/hadoop-ozone/integration-test/target/test-dir/MiniOzoneClusterImpl-ffcb80c2-b642-44a5-b522-9914b1f1ccc8/datanode-4/data/ratis] (custom)
2019-09-19 11:40:12,856 [pool-159-thread-1] INFO  storage.RaftStorageDirectory (RaftStorageDirectory.java:analyzeStorage(246)) - The storage directory /workdir/hadoop-ozone/integration-test/target/test-dir/MiniOzoneClusterImpl-ffcb80c2-b642-44a5-b522-9914b1f1ccc8/datanode-4/data/ratis/1dbc22e0-a6d3-4a2a-939e-2c5006fc0996 does not exist. Creating ...
2019-09-19 11:40:12,891 [pool-159-thread-1] INFO  storage.RaftStorageDirectory (RaftStorageDirectory.java:tryLock(328)) - Lock on /workdir/hadoop-ozone/integration-test/target/test-dir/MiniOzoneClusterImpl-ffcb80c2-b642-44a5-b522-9914b1f1ccc8/datanode-4/data/ratis/1dbc22e0-a6d3-4a2a-939e-2c5006fc0996/in_use.lock acquired by nodename 9224@pr-hdds-2154-j8s56-3842691507
2019-09-19 11:40:12,891 [pool-169-thread-1] INFO  storage.RaftStorageDirectory (RaftStorageDirectory.java:tryLock(328)) - Lock on /workdir/hadoop-ozone/integration-test/target/test-dir/MiniOzoneClusterImpl-ffcb80c2-b642-44a5-b522-9914b1f1ccc8/datanode-5/data/ratis/1dbc22e0-a6d3-4a2a-939e-2c5006fc0996/in_use.lock acquired by nodename 9224@pr-hdds-2154-j8s56-3842691507
2019-09-19 11:40:12,891 [pool-149-thread-1] INFO  storage.RaftStorageDirectory (RaftStorageDirectory.java:tryLock(328)) - Lock on /workdir/hadoop-ozone/integration-test/target/test-dir/MiniOzoneClusterImpl-ffcb80c2-b642-44a5-b522-9914b1f1ccc8/datanode-3/data/ratis/1dbc22e0-a6d3-4a2a-939e-2c5006fc0996/in_use.lock acquired by nodename 9224@pr-hdds-2154-j8s56-3842691507
2019-09-19 11:40:12,906 [pool-159-thread-1] INFO  storage.RaftStorage (RaftStorage.java:format(72)) - Storage directory /workdir/hadoop-ozone/integration-test/target/test-dir/MiniOzoneClusterImpl-ffcb80c2-b642-44a5-b522-9914b1f1ccc8/datanode-4/data/ratis/1dbc22e0-a6d3-4a2a-939e-2c5006fc0996 has been successfully formatted.
2019-09-19 11:40:12,906 [pool-169-thread-1] INFO  storage.RaftStorage (RaftStorage.java:format(72)) - Storage directory /workdir/hadoop-ozone/integration-test/target/test-dir/MiniOzoneClusterImpl-ffcb80c2-b642-44a5-b522-9914b1f1ccc8/datanode-5/data/ratis/1dbc22e0-a6d3-4a2a-939e-2c5006fc0996 has been successfully formatted.
2019-09-19 11:40:12,906 [pool-159-thread-1] INFO  ratis.ContainerStateMachine (ContainerStateMachine.java:loadSnapshot(230)) - group-2C5006FC0996: The snapshot info is null. Setting the last applied indexto:(t:0, i:~)
2019-09-19 11:40:12,906 [pool-149-thread-1] INFO  storage.RaftStorage (RaftStorage.java:format(72)) - Storage directory /workdir/hadoop-ozone/integration-test/target/test-dir/MiniOzoneClusterImpl-ffcb80c2-b642-44a5-b522-9914b1f1ccc8/datanode-3/data/ratis/1dbc22e0-a6d3-4a2a-939e-2c5006fc0996 has been successfully formatted.
2019-09-19 11:40:12,906 [pool-159-thread-1] INFO  server.RaftServerConfigKeys (ConfUtils.java:logGet(43)) - raft.server.notification.no-leader.timeout = 120s (custom)
2019-09-19 11:40:12,906 [pool-169-thread-1] INFO  ratis.ContainerStateMachine (ContainerStateMachine.java:loadSnapshot(230)) - group-2C5006FC0996: The snapshot info is null. Setting the last applied indexto:(t:0, i:~)
2019-09-19 11:40:12,907 [pool-159-thread-1] INFO  server.RaftServerConfigKeys (ConfUtils.java:logGet(43)) - raft.server.log.use.memory = false (default)
2019-09-19 11:40:12,907 [pool-149-thread-1] INFO  ratis.ContainerStateMachine (ContainerStateMachine.java:loadSnapshot(230)) - group-2C5006FC0996: The snapshot info is null. Setting the last applied indexto:(t:0, i:~)
2019-09-19 11:40:12,907 [pool-159-thread-1] INFO  server.RaftServerConfigKeys (ConfUtils.java:logGet(43)) - raft.server.log.purge.gap = 1000000 (custom)
2019-09-19 11:40:12,907 [pool-169-thread-1] INFO  server.RaftServerConfigKeys (ConfUtils.java:logGet(43)) - raft.server.notification.no-leader.timeout = 120s (custom)
2019-09-19 11:40:12,907 [pool-159-thread-1] INFO  server.RaftServerConfigKeys (ConfUtils.java:logGet(43)) - raft.server.log.appender.buffer.byte-limit = 33554432 (custom)
2019-09-19 11:40:12,907 [pool-149-thread-1] INFO  server.RaftServerConfigKeys (ConfUtils.java:logGet(43)) - raft.server.notification.no-leader.timeout = 120s (custom)
2019-09-19 11:40:12,908 [pool-159-thread-1] INFO  server.RaftServerConfigKeys (ConfUtils.java:logGet(43)) - raft.server.log.segment.size.max = 1048576 (custom)
2019-09-19 11:40:12,907 [pool-169-thread-1] INFO  server.RaftServerConfigKeys (ConfUtils.java:logGet(43)) - raft.server.log.use.memory = false (default)
2019-09-19 11:40:12,908 [pool-159-thread-1] INFO  server.RaftServerConfigKeys (ConfUtils.java:logGet(43)) - raft.server.log.segment.cache.num.max = 2 (custom)
2019-09-19 11:40:12,908 [pool-149-thread-1] INFO  server.RaftServerConfigKeys (ConfUtils.java:logGet(43)) - raft.server.log.use.memory = false (default)
2019-09-19 11:40:12,908 [pool-159-thread-1] INFO  segmented.SegmentedRaftLogWorker (SegmentedRaftLogWorker.java:<init>(172)) - new 399d3e62-04e5-4111-9cc9-9c21532552cc@group-2C5006FC0996-SegmentedRaftLogWorker for RaftStorage:Storage Directory /workdir/hadoop-ozone/integration-test/target/test-dir/MiniOzoneClusterImpl-ffcb80c2-b642-44a5-b522-9914b1f1ccc8/datanode-4/data/ratis/1dbc22e0-a6d3-4a2a-939e-2c5006fc0996
2019-09-19 11:40:12,908 [pool-169-thread-1] INFO  server.RaftServerConfigKeys (ConfUtils.java:logGet(43)) - raft.server.log.purge.gap = 1000000 (custom)
2019-09-19 11:40:12,909 [pool-159-thread-1] INFO  server.RaftServerConfigKeys (ConfUtils.java:logGet(43)) - raft.server.log.queue.byte-limit = 2147483647 (custom)
2019-09-19 11:40:12,908 [pool-149-thread-1] INFO  server.RaftServerConfigKeys (ConfUtils.java:logGet(43)) - raft.server.log.purge.gap = 1000000 (custom)
2019-09-19 11:40:12,909 [pool-159-thread-1] INFO  server.RaftServerConfigKeys (ConfUtils.java:logGet(43)) - raft.server.log.queue.element-limit = 1024 (custom)
2019-09-19 11:40:12,909 [pool-169-thread-1] INFO  server.RaftServerConfigKeys (ConfUtils.java:logGet(43)) - raft.server.log.appender.buffer.byte-limit = 33554432 (custom)
2019-09-19 11:40:12,909 [pool-159-thread-1] INFO  server.RaftServerConfigKeys (ConfUtils.java:logGet(43)) - raft.server.log.segment.size.max = 1048576 (custom)
2019-09-19 11:40:12,909 [pool-149-thread-1] INFO  server.RaftServerConfigKeys (ConfUtils.java:logGet(43)) - raft.server.log.appender.buffer.byte-limit = 33554432 (custom)
2019-09-19 11:40:12,910 [pool-159-thread-1] INFO  server.RaftServerConfigKeys (ConfUtils.java:logGet(43)) - raft.server.log.preallocated.size = 16384 (custom)
2019-09-19 11:40:12,909 [pool-169-thread-1] INFO  server.RaftServerConfigKeys (ConfUtils.java:logGet(43)) - raft.server.log.segment.size.max = 1048576 (custom)
2019-09-19 11:40:12,910 [pool-159-thread-1] INFO  server.RaftServerConfigKeys (ConfUtils.java:logGet(43)) - raft.server.log.write.buffer.size = 33554432 (custom)
2019-09-19 11:40:12,910 [pool-149-thread-1] INFO  server.RaftServerConfigKeys (ConfUtils.java:logGet(43)) - raft.server.log.segment.size.max = 1048576 (custom)
2019-09-19 11:40:12,910 [pool-159-thread-1] INFO  server.RaftServerConfigKeys (ConfUtils.java:logGet(43)) - raft.server.log.force.sync.num = 128 (default)
2019-09-19 11:40:12,910 [pool-169-thread-1] INFO  server.RaftServerConfigKeys (ConfUtils.java:logGet(43)) - raft.server.log.segment.cache.num.max = 2 (custom)
2019-09-19 11:40:12,911 [pool-159-thread-1] INFO  server.RaftServerConfigKeys (ConfUtils.java:logGet(43)) - raft.server.log.statemachine.data.sync = true (default)
2019-09-19 11:40:12,910 [pool-149-thread-1] INFO  server.RaftServerConfigKeys (ConfUtils.java:logGet(43)) - raft.server.log.segment.cache.num.max = 2 (custom)
2019-09-19 11:40:12,911 [pool-159-thread-1] INFO  server.RaftServerConfigKeys (ConfUtils.java:logGet(43)) - raft.server.log.statemachine.data.sync.timeout = 10s (default)
2019-09-19 11:40:12,911 [pool-169-thread-1] INFO  segmented.SegmentedRaftLogWorker (SegmentedRaftLogWorker.java:<init>(172)) - new c4eb8efe-62b2-45fb-815f-66d941ddca6e@group-2C5006FC0996-SegmentedRaftLogWorker for RaftStorage:Storage Directory /workdir/hadoop-ozone/integration-test/target/test-dir/MiniOzoneClusterImpl-ffcb80c2-b642-44a5-b522-9914b1f1ccc8/datanode-5/data/ratis/1dbc22e0-a6d3-4a2a-939e-2c5006fc0996
2019-09-19 11:40:12,911 [pool-159-thread-1] INFO  server.RaftServerConfigKeys (ConfUtils.java:logGet(43)) - raft.server.log.statemachine.data.sync.timeout.retry = -1 (default)
2019-09-19 11:40:12,911 [pool-149-thread-1] INFO  segmented.SegmentedRaftLogWorker (SegmentedRaftLogWorker.java:<init>(172)) - new 65261e74-c36a-42fd-98ac-65dc83eec679@group-2C5006FC0996-SegmentedRaftLogWorker for RaftStorage:Storage Directory /workdir/hadoop-ozone/integration-test/target/test-dir/MiniOzoneClusterImpl-ffcb80c2-b642-44a5-b522-9914b1f1ccc8/datanode-3/data/ratis/1dbc22e0-a6d3-4a2a-939e-2c5006fc0996
2019-09-19 11:40:12,912 [pool-159-thread-1] INFO  server.RaftServerConfigKeys (ConfUtils.java:logGet(43)) - raft.server.log.statemachine.data.caching.enabled = true (custom)
2019-09-19 11:40:12,911 [pool-169-thread-1] INFO  server.RaftServerConfigKeys (ConfUtils.java:logGet(43)) - raft.server.log.queue.byte-limit = 2147483647 (custom)
2019-09-19 11:40:12,912 [pool-149-thread-1] INFO  server.RaftServerConfigKeys (ConfUtils.java:logGet(43)) - raft.server.log.queue.byte-limit = 2147483647 (custom)
2019-09-19 11:40:12,912 [pool-159-thread-1] INFO  segmented.SegmentedRaftLogWorker (SegmentedRaftLogWorker.java:lambda$new$0(132)) - 399d3e62-04e5-4111-9cc9-9c21532552cc@group-2C5006FC0996-SegmentedRaftLogWorker: flushIndex: setUnconditionally 0 -> -1
2019-09-19 11:40:12,912 [pool-169-thread-1] INFO  server.RaftServerConfigKeys (ConfUtils.java:logGet(43)) - raft.server.log.queue.element-limit = 1024 (custom)
2019-09-19 11:40:12,912 [pool-149-thread-1] INFO  server.RaftServerConfigKeys (ConfUtils.java:logGet(43)) - raft.server.log.queue.element-limit = 1024 (custom)
2019-09-19 11:40:12,913 [pool-169-thread-1] INFO  server.RaftServerConfigKeys (ConfUtils.java:logGet(43)) - raft.server.log.segment.size.max = 1048576 (custom)
2019-09-19 11:40:12,913 [pool-159-thread-1] INFO  server.RaftServerConfigKeys (ConfUtils.java:logGet(43)) - raft.server.snapshot.auto.trigger.enabled = true (custom)
2019-09-19 11:40:12,913 [pool-169-thread-1] INFO  server.RaftServerConfigKeys (ConfUtils.java:logGet(43)) - raft.server.log.preallocated.size = 16384 (custom)
2019-09-19 11:40:12,913 [pool-149-thread-1] INFO  server.RaftServerConfigKeys (ConfUtils.java:logGet(43)) - raft.server.log.segment.size.max = 1048576 (custom)
2019-09-19 11:40:12,913 [pool-169-thread-1] INFO  server.RaftServerConfigKeys (ConfUtils.java:logGet(43)) - raft.server.log.write.buffer.size = 33554432 (custom)
2019-09-19 11:40:12,913 [pool-159-thread-1] INFO  server.RaftServerConfigKeys (ConfUtils.java:logGet(43)) - raft.server.snapshot.auto.trigger.threshold = 10000 (custom)
2019-09-19 11:40:12,914 [pool-169-thread-1] INFO  server.RaftServerConfigKeys (ConfUtils.java:logGet(43)) - raft.server.log.force.sync.num = 128 (default)
2019-09-19 11:40:12,914 [pool-149-thread-1] INFO  server.RaftServerConfigKeys (ConfUtils.java:logGet(43)) - raft.server.log.preallocated.size = 16384 (custom)
2019-09-19 11:40:12,914 [pool-169-thread-1] INFO  server.RaftServerConfigKeys (ConfUtils.java:logGet(43)) - raft.server.log.statemachine.data.sync = true (default)
2019-09-19 11:40:12,914 [pool-159-thread-1] INFO  server.RaftServerConfigKeys (ConfUtils.java:logGet(43)) - raft.server.snapshot.retention.num.files = 5 (custom)
2019-09-19 11:40:12,915 [pool-169-thread-1] INFO  server.RaftServerConfigKeys (ConfUtils.java:logGet(43)) - raft.server.log.statemachine.data.sync.timeout = 10s (default)
2019-09-19 11:40:12,914 [pool-149-thread-1] INFO  server.RaftServerConfigKeys (ConfUtils.java:logGet(43)) - raft.server.log.write.buffer.size = 33554432 (custom)
2019-09-19 11:40:12,915 [pool-169-thread-1] INFO  server.RaftServerConfigKeys (ConfUtils.java:logGet(43)) - raft.server.log.statemachine.data.sync.timeout.retry = -1 (default)
2019-09-19 11:40:12,915 [pool-159-thread-1] INFO  server.RaftServerConfigKeys (ConfUtils.java:logGet(43)) - raft.server.retrycache.expirytime = 600000ms (custom)
2019-09-19 11:40:12,915 [pool-169-thread-1] INFO  server.RaftServerConfigKeys (ConfUtils.java:logGet(43)) - raft.server.log.statemachine.data.caching.enabled = true (custom)
2019-09-19 11:40:12,915 [pool-149-thread-1] INFO  server.RaftServerConfigKeys (ConfUtils.java:logGet(43)) - raft.server.log.force.sync.num = 128 (default)
2019-09-19 11:40:12,916 [pool-169-thread-1] INFO  segmented.SegmentedRaftLogWorker (SegmentedRaftLogWorker.java:lambda$new$0(132)) - c4eb8efe-62b2-45fb-815f-66d941ddca6e@group-2C5006FC0996-SegmentedRaftLogWorker: flushIndex: setUnconditionally 0 -> -1
2019-09-19 11:40:12,916 [pool-149-thread-1] INFO  server.RaftServerConfigKeys (ConfUtils.java:logGet(43)) - raft.server.log.statemachine.data.sync = true (default)
2019-09-19 11:40:12,916 [pool-149-thread-1] INFO  server.RaftServerConfigKeys (ConfUtils.java:logGet(43)) - raft.server.log.statemachine.data.sync.timeout = 10s (default)
2019-09-19 11:40:12,916 [pool-169-thread-1] INFO  server.RaftServerConfigKeys (ConfUtils.java:logGet(43)) - raft.server.snapshot.auto.trigger.enabled = true (custom)
2019-09-19 11:40:12,917 [pool-149-thread-1] INFO  server.RaftServerConfigKeys (ConfUtils.java:logGet(43)) - raft.server.log.statemachine.data.sync.timeout.retry = -1 (default)
2019-09-19 11:40:12,917 [pool-169-thread-1] INFO  server.RaftServerConfigKeys (ConfUtils.java:logGet(43)) - raft.server.snapshot.auto.trigger.threshold = 10000 (custom)
2019-09-19 11:40:12,917 [pool-149-thread-1] INFO  server.RaftServerConfigKeys (ConfUtils.java:logGet(43)) - raft.server.log.statemachine.data.caching.enabled = true (custom)
2019-09-19 11:40:12,917 [pool-169-thread-1] INFO  server.RaftServerConfigKeys (ConfUtils.java:logGet(43)) - raft.server.snapshot.retention.num.files = 5 (custom)
2019-09-19 11:40:12,917 [pool-149-thread-1] INFO  segmented.SegmentedRaftLogWorker (SegmentedRaftLogWorker.java:lambda$new$0(132)) - 65261e74-c36a-42fd-98ac-65dc83eec679@group-2C5006FC0996-SegmentedRaftLogWorker: flushIndex: setUnconditionally 0 -> -1
2019-09-19 11:40:12,917 [pool-169-thread-1] INFO  server.RaftServerConfigKeys (ConfUtils.java:logGet(43)) - raft.server.retrycache.expirytime = 600000ms (custom)
2019-09-19 11:40:12,918 [pool-149-thread-1] INFO  server.RaftServerConfigKeys (ConfUtils.java:logGet(43)) - raft.server.snapshot.auto.trigger.enabled = true (custom)
2019-09-19 11:40:12,918 [pool-149-thread-1] INFO  server.RaftServerConfigKeys (ConfUtils.java:logGet(43)) - raft.server.snapshot.auto.trigger.threshold = 10000 (custom)
2019-09-19 11:40:12,918 [pool-149-thread-1] INFO  server.RaftServerConfigKeys (ConfUtils.java:logGet(43)) - raft.server.snapshot.retention.num.files = 5 (custom)
2019-09-19 11:40:12,918 [pool-149-thread-1] INFO  server.RaftServerConfigKeys (ConfUtils.java:logGet(43)) - raft.server.retrycache.expirytime = 600000ms (custom)
2019-09-19 11:40:12,919 [pool-159-thread-1] INFO  impl.RaftServerImpl (RaftServerImpl.java:start(185)) - 399d3e62-04e5-4111-9cc9-9c21532552cc@group-2C5006FC0996: start as a follower, conf=-1: [65261e74-c36a-42fd-98ac-65dc83eec679:192.168.151.78:41008, 399d3e62-04e5-4111-9cc9-9c21532552cc:192.168.151.78:46302, c4eb8efe-62b2-45fb-815f-66d941ddca6e:192.168.151.78:45661], old=null
2019-09-19 11:40:12,919 [pool-159-thread-1] INFO  impl.RaftServerImpl (RaftServerImpl.java:setRole(174)) - 399d3e62-04e5-4111-9cc9-9c21532552cc@group-2C5006FC0996: changes role from      null to FOLLOWER at term 0 for startAsFollower
2019-09-19 11:40:12,919 [pool-159-thread-1] INFO  impl.RoleInfo (RoleInfo.java:updateAndGet(143)) - 399d3e62-04e5-4111-9cc9-9c21532552cc: start FollowerState
2019-09-19 11:40:12,920 [pool-159-thread-1] INFO  util.JmxRegister (JmxRegister.java:tryRegister(44)) - Successfully registered JMX Bean with object name Ratis:service=RaftServer,group=group-2C5006FC0996,id=399d3e62-04e5-4111-9cc9-9c21532552cc
2019-09-19 11:40:12,922 [pool-169-thread-1] INFO  impl.RaftServerImpl (RaftServerImpl.java:start(185)) - c4eb8efe-62b2-45fb-815f-66d941ddca6e@group-2C5006FC0996: start as a follower, conf=-1: [65261e74-c36a-42fd-98ac-65dc83eec679:192.168.151.78:41008, 399d3e62-04e5-4111-9cc9-9c21532552cc:192.168.151.78:46302, c4eb8efe-62b2-45fb-815f-66d941ddca6e:192.168.151.78:45661], old=null
2019-09-19 11:40:12,922 [pool-169-thread-1] INFO  impl.RaftServerImpl (RaftServerImpl.java:setRole(174)) - c4eb8efe-62b2-45fb-815f-66d941ddca6e@group-2C5006FC0996: changes role from      null to FOLLOWER at term 0 for startAsFollower
2019-09-19 11:40:12,922 [pool-169-thread-1] INFO  impl.RoleInfo (RoleInfo.java:updateAndGet(143)) - c4eb8efe-62b2-45fb-815f-66d941ddca6e: start FollowerState
2019-09-19 11:40:12,922 [pool-149-thread-1] INFO  impl.RaftServerImpl (RaftServerImpl.java:start(185)) - 65261e74-c36a-42fd-98ac-65dc83eec679@group-2C5006FC0996: start as a follower, conf=-1: [65261e74-c36a-42fd-98ac-65dc83eec679:192.168.151.78:41008, 399d3e62-04e5-4111-9cc9-9c21532552cc:192.168.151.78:46302, c4eb8efe-62b2-45fb-815f-66d941ddca6e:192.168.151.78:45661], old=null
2019-09-19 11:40:12,923 [pool-149-thread-1] INFO  impl.RaftServerImpl (RaftServerImpl.java:setRole(174)) - 65261e74-c36a-42fd-98ac-65dc83eec679@group-2C5006FC0996: changes role from      null to FOLLOWER at term 0 for startAsFollower
2019-09-19 11:40:12,923 [pool-169-thread-1] INFO  util.JmxRegister (JmxRegister.java:tryRegister(44)) - Successfully registered JMX Bean with object name Ratis:service=RaftServer,group=group-2C5006FC0996,id=c4eb8efe-62b2-45fb-815f-66d941ddca6e
2019-09-19 11:40:12,923 [pool-149-thread-1] INFO  impl.RoleInfo (RoleInfo.java:updateAndGet(143)) - 65261e74-c36a-42fd-98ac-65dc83eec679: start FollowerState
2019-09-19 11:40:12,923 [pool-149-thread-1] INFO  util.JmxRegister (JmxRegister.java:tryRegister(44)) - Successfully registered JMX Bean with object name Ratis:service=RaftServer,group=group-2C5006FC0996,id=65261e74-c36a-42fd-98ac-65dc83eec679
2019-09-19 11:40:12,926 [RatisPipelineUtilsThread] INFO  pipeline.PipelineStateManager (PipelineStateManager.java:addPipeline(56)) - Created pipeline Pipeline[ Id: 1dbc22e0-a6d3-4a2a-939e-2c5006fc0996, Nodes: 65261e74-c36a-42fd-98ac-65dc83eec679{ip: 192.168.151.78, host: pr-hdds-2154-j8s56-3842691507, networkLocation: /default-rack, certSerialId: null}c4eb8efe-62b2-45fb-815f-66d941ddca6e{ip: 192.168.151.78, host: pr-hdds-2154-j8s56-3842691507, networkLocation: /default-rack, certSerialId: null}399d3e62-04e5-4111-9cc9-9c21532552cc{ip: 192.168.151.78, host: pr-hdds-2154-j8s56-3842691507, networkLocation: /default-rack, certSerialId: null}, Type:RATIS, Factor:THREE, State:OPEN]
2019-09-19 11:40:12,963 [grpc-default-executor-5] INFO  client.GrpcClientProtocolClient (GrpcClientProtocolClient.java:onNext(264)) - client-78A96E61A88F->65261e74-c36a-42fd-98ac-65dc83eec679: receive RaftClientReply:client-78A96E61A88F->65261e74-c36a-42fd-98ac-65dc83eec679@group-2C5006FC0996, cid=42, FAILED org.apache.ratis.protocol.NotLeaderException: Server 65261e74-c36a-42fd-98ac-65dc83eec679@group-2C5006FC0996 is not the leader, logIndex=0, commits[65261e74-c36a-42fd-98ac-65dc83eec679:c-1]
2019-09-19 11:40:13,991 [grpc-default-executor-0] INFO  client.GrpcClientProtocolClient (GrpcClientProtocolClient.java:onNext(264)) - client-78A96E61A88F->c4eb8efe-62b2-45fb-815f-66d941ddca6e: receive RaftClientReply:client-78A96E61A88F->c4eb8efe-62b2-45fb-815f-66d941ddca6e@group-2C5006FC0996, cid=42, FAILED org.apache.ratis.protocol.NotLeaderException: Server c4eb8efe-62b2-45fb-815f-66d941ddca6e@group-2C5006FC0996 is not the leader, logIndex=0, commits[c4eb8efe-62b2-45fb-815f-66d941ddca6e:c-1]
2019-09-19 11:40:15,019 [grpc-default-executor-5] INFO  client.GrpcClientProtocolClient (GrpcClientProtocolClient.java:onNext(264)) - client-78A96E61A88F->399d3e62-04e5-4111-9cc9-9c21532552cc: receive RaftClientReply:client-78A96E61A88F->399d3e62-04e5-4111-9cc9-9c21532552cc@group-2C5006FC0996, cid=42, FAILED org.apache.ratis.protocol.NotLeaderException: Server 399d3e62-04e5-4111-9cc9-9c21532552cc@group-2C5006FC0996 is not the leader, logIndex=0, commits[399d3e62-04e5-4111-9cc9-9c21532552cc:c-1]
2019-09-19 11:40:15,146 [Thread-712] INFO  container.ReplicationManager (ReplicationManager.java:start(162)) - Starting Replication Monitor Thread.
2019-09-19 11:40:15,150 [ReplicationMonitor] INFO  container.ReplicationManager (ReplicationManager.java:run(225)) - Replication Monitor Thread took 0 milliseconds for processing 3 containers.
2019-09-19 11:40:16,050 [grpc-default-executor-5] INFO  client.GrpcClientProtocolClient (GrpcClientProtocolClient.java:onNext(264)) - client-78A96E61A88F->c4eb8efe-62b2-45fb-815f-66d941ddca6e: receive RaftClientReply:client-78A96E61A88F->c4eb8efe-62b2-45fb-815f-66d941ddca6e@group-2C5006FC0996, cid=42, FAILED org.apache.ratis.protocol.NotLeaderException: Server c4eb8efe-62b2-45fb-815f-66d941ddca6e@group-2C5006FC0996 is not the leader, logIndex=0, commits[c4eb8efe-62b2-45fb-815f-66d941ddca6e:c-1]
2019-09-19 11:40:17,082 [grpc-default-executor-0] INFO  client.GrpcClientProtocolClient (GrpcClientProtocolClient.java:onNext(264)) - client-78A96E61A88F->399d3e62-04e5-4111-9cc9-9c21532552cc: receive RaftClientReply:client-78A96E61A88F->399d3e62-04e5-4111-9cc9-9c21532552cc@group-2C5006FC0996, cid=42, FAILED org.apache.ratis.protocol.NotLeaderException: Server 399d3e62-04e5-4111-9cc9-9c21532552cc@group-2C5006FC0996 is not the leader, logIndex=0, commits[399d3e62-04e5-4111-9cc9-9c21532552cc:c-1]
2019-09-19 11:40:17,359 [Thread-717] INFO  impl.FollowerState (FollowerState.java:run(106)) - 1fad1ce3-deb7-4c8f-9439-d9550ef61498:group-24F9F77389FA changes to CANDIDATE, lastRpcTime:5059, electionTimeout:5059ms
2019-09-19 11:40:17,360 [Thread-717] INFO  impl.RoleInfo (RoleInfo.java:shutdownFollowerState(121)) - 1fad1ce3-deb7-4c8f-9439-d9550ef61498: shutdown FollowerState
2019-09-19 11:40:17,360 [Thread-717] INFO  impl.RaftServerImpl (RaftServerImpl.java:setRole(174)) - 1fad1ce3-deb7-4c8f-9439-d9550ef61498@group-24F9F77389FA: changes role from  FOLLOWER to CANDIDATE at term 0 for changeToCandidate
2019-09-19 11:40:17,361 [Thread-717] INFO  impl.RoleInfo (RoleInfo.java:updateAndGet(143)) - 1fad1ce3-deb7-4c8f-9439-d9550ef61498: start LeaderElection
2019-09-19 11:40:17,374 [Thread-714] INFO  impl.FollowerState (FollowerState.java:run(106)) - 85de0b57-e230-4a6a-a925-d8cdaf96271b:group-34C8F36BA84A changes to CANDIDATE, lastRpcTime:5137, electionTimeout:5134ms
2019-09-19 11:40:17,375 [Thread-714] INFO  impl.RoleInfo (RoleInfo.java:shutdownFollowerState(121)) - 85de0b57-e230-4a6a-a925-d8cdaf96271b: shutdown FollowerState
2019-09-19 11:40:17,375 [Thread-714] INFO  impl.RaftServerImpl (RaftServerImpl.java:setRole(174)) - 85de0b57-e230-4a6a-a925-d8cdaf96271b@group-34C8F36BA84A: changes role from  FOLLOWER to CANDIDATE at term 0 for changeToCandidate
2019-09-19 11:40:17,375 [Thread-714] INFO  impl.RoleInfo (RoleInfo.java:updateAndGet(143)) - 85de0b57-e230-4a6a-a925-d8cdaf96271b: start LeaderElection
2019-09-19 11:40:17,454 [Thread-720] INFO  impl.FollowerState (FollowerState.java:run(106)) - e8835ac3-2c38-483b-890c-bebe50066010:group-2A8FFD574F9B changes to CANDIDATE, lastRpcTime:5069, electionTimeout:5069ms
2019-09-19 11:40:17,455 [Thread-720] INFO  impl.RoleInfo (RoleInfo.java:shutdownFollowerState(121)) - e8835ac3-2c38-483b-890c-bebe50066010: shutdown FollowerState
2019-09-19 11:40:17,455 [Thread-720] INFO  impl.RaftServerImpl (RaftServerImpl.java:setRole(174)) - e8835ac3-2c38-483b-890c-bebe50066010@group-2A8FFD574F9B: changes role from  FOLLOWER to CANDIDATE at term 0 for changeToCandidate
2019-09-19 11:40:17,455 [Thread-720] INFO  impl.RoleInfo (RoleInfo.java:updateAndGet(143)) - e8835ac3-2c38-483b-890c-bebe50066010: start LeaderElection
2019-09-19 11:40:17,481 [1fad1ce3-deb7-4c8f-9439-d9550ef61498@group-24F9F77389FA:LeaderElection22] INFO  impl.LeaderElection (LeaderElection.java:askForVotes(182)) - 1fad1ce3-deb7-4c8f-9439-d9550ef61498@group-24F9F77389FA:LeaderElection22: begin an election at term 1 for -1: [1fad1ce3-deb7-4c8f-9439-d9550ef61498:192.168.151.78:41114], old=null
2019-09-19 11:40:17,481 [85de0b57-e230-4a6a-a925-d8cdaf96271b@group-34C8F36BA84A:LeaderElection23] INFO  impl.LeaderElection (LeaderElection.java:askForVotes(182)) - 85de0b57-e230-4a6a-a925-d8cdaf96271b@group-34C8F36BA84A:LeaderElection23: begin an election at term 1 for -1: [85de0b57-e230-4a6a-a925-d8cdaf96271b:192.168.151.78:46883], old=null
2019-09-19 11:40:17,482 [1fad1ce3-deb7-4c8f-9439-d9550ef61498@group-24F9F77389FA:LeaderElection22] INFO  impl.RoleInfo (RoleInfo.java:shutdownLeaderElection(134)) - 1fad1ce3-deb7-4c8f-9439-d9550ef61498: shutdown LeaderElection
2019-09-19 11:40:17,482 [e8835ac3-2c38-483b-890c-bebe50066010@group-2A8FFD574F9B:LeaderElection24] INFO  impl.LeaderElection (LeaderElection.java:askForVotes(182)) - e8835ac3-2c38-483b-890c-bebe50066010@group-2A8FFD574F9B:LeaderElection24: begin an election at term 1 for -1: [e8835ac3-2c38-483b-890c-bebe50066010:192.168.151.78:43726], old=null
2019-09-19 11:40:17,482 [85de0b57-e230-4a6a-a925-d8cdaf96271b@group-34C8F36BA84A:LeaderElection23] INFO  impl.RoleInfo (RoleInfo.java:shutdownLeaderElection(134)) - 85de0b57-e230-4a6a-a925-d8cdaf96271b: shutdown LeaderElection
2019-09-19 11:40:17,482 [e8835ac3-2c38-483b-890c-bebe50066010@group-2A8FFD574F9B:LeaderElection24] INFO  impl.RoleInfo (RoleInfo.java:shutdownLeaderElection(134)) - e8835ac3-2c38-483b-890c-bebe50066010: shutdown LeaderElection
2019-09-19 11:40:17,482 [1fad1ce3-deb7-4c8f-9439-d9550ef61498@group-24F9F77389FA:LeaderElection22] INFO  impl.RaftServerImpl (RaftServerImpl.java:setRole(174)) - 1fad1ce3-deb7-4c8f-9439-d9550ef61498@group-24F9F77389FA: changes role from CANDIDATE to LEADER at term 1 for changeToLeader
2019-09-19 11:40:17,482 [e8835ac3-2c38-483b-890c-bebe50066010@group-2A8FFD574F9B:LeaderElection24] INFO  impl.RaftServerImpl (RaftServerImpl.java:setRole(174)) - e8835ac3-2c38-483b-890c-bebe50066010@group-2A8FFD574F9B: changes role from CANDIDATE to LEADER at term 1 for changeToLeader
2019-09-19 11:40:17,482 [85de0b57-e230-4a6a-a925-d8cdaf96271b@group-34C8F36BA84A:LeaderElection23] INFO  impl.RaftServerImpl (RaftServerImpl.java:setRole(174)) - 85de0b57-e230-4a6a-a925-d8cdaf96271b@group-34C8F36BA84A: changes role from CANDIDATE to LEADER at term 1 for changeToLeader
2019-09-19 11:40:17,483 [e8835ac3-2c38-483b-890c-bebe50066010@group-2A8FFD574F9B:LeaderElection24] INFO  impl.RaftServerImpl (ServerState.java:setLeader(253)) - e8835ac3-2c38-483b-890c-bebe50066010@group-2A8FFD574F9B: change Leader from null to e8835ac3-2c38-483b-890c-bebe50066010 at term 1 for becomeLeader, leader elected after 5108ms
2019-09-19 11:40:17,483 [1fad1ce3-deb7-4c8f-9439-d9550ef61498@group-24F9F77389FA:LeaderElection22] INFO  impl.RaftServerImpl (ServerState.java:setLeader(253)) - 1fad1ce3-deb7-4c8f-9439-d9550ef61498@group-24F9F77389FA: change Leader from null to 1fad1ce3-deb7-4c8f-9439-d9550ef61498 at term 1 for becomeLeader, leader elected after 5194ms
2019-09-19 11:40:17,483 [85de0b57-e230-4a6a-a925-d8cdaf96271b@group-34C8F36BA84A:LeaderElection23] INFO  impl.RaftServerImpl (ServerState.java:setLeader(253)) - 85de0b57-e230-4a6a-a925-d8cdaf96271b@group-34C8F36BA84A: change Leader from null to 85de0b57-e230-4a6a-a925-d8cdaf96271b at term 1 for becomeLeader, leader elected after 5257ms
2019-09-19 11:40:17,488 [1fad1ce3-deb7-4c8f-9439-d9550ef61498@group-24F9F77389FA:LeaderElection22] INFO  server.RaftServerConfigKeys (ConfUtils.java:logGet(43)) - raft.server.staging.catchup.gap = 1000 (default)
2019-09-19 11:40:17,486 [e8835ac3-2c38-483b-890c-bebe50066010@group-2A8FFD574F9B:LeaderElection24] INFO  server.RaftServerConfigKeys (ConfUtils.java:logGet(43)) - raft.server.staging.catchup.gap = 1000 (default)
2019-09-19 11:40:17,490 [1fad1ce3-deb7-4c8f-9439-d9550ef61498@group-24F9F77389FA:LeaderElection22] INFO  server.RaftServerConfigKeys (ConfUtils.java:logGet(43)) - raft.server.rpc.sleep.time = 25ms (default)
2019-09-19 11:40:17,490 [85de0b57-e230-4a6a-a925-d8cdaf96271b@group-34C8F36BA84A:LeaderElection23] INFO  server.RaftServerConfigKeys (ConfUtils.java:logGet(43)) - raft.server.staging.catchup.gap = 1000 (default)
2019-09-19 11:40:17,491 [1fad1ce3-deb7-4c8f-9439-d9550ef61498@group-24F9F77389FA:LeaderElection22] INFO  server.RaftServerConfigKeys (ConfUtils.java:logGet(43)) - raft.server.write.element-limit = 4096 (default)
2019-09-19 11:40:17,491 [e8835ac3-2c38-483b-890c-bebe50066010@group-2A8FFD574F9B:LeaderElection24] INFO  server.RaftServerConfigKeys (ConfUtils.java:logGet(43)) - raft.server.rpc.sleep.time = 25ms (default)
2019-09-19 11:40:17,491 [1fad1ce3-deb7-4c8f-9439-d9550ef61498@group-24F9F77389FA:LeaderElection22] INFO  server.RaftServerConfigKeys (ConfUtils.java:logGet(43)) - raft.server.watch.timeout = 10s (default)
2019-09-19 11:40:17,491 [85de0b57-e230-4a6a-a925-d8cdaf96271b@group-34C8F36BA84A:LeaderElection23] INFO  server.RaftServerConfigKeys (ConfUtils.java:logGet(43)) - raft.server.rpc.sleep.time = 25ms (default)
2019-09-19 11:40:17,492 [1fad1ce3-deb7-4c8f-9439-d9550ef61498@group-24F9F77389FA:LeaderElection22] INFO  server.RaftServerConfigKeys (ConfUtils.java:logGet(43)) - raft.server.watch.timeout.denomination = 1s (default)
2019-09-19 11:40:17,491 [e8835ac3-2c38-483b-890c-bebe50066010@group-2A8FFD574F9B:LeaderElection24] INFO  server.RaftServerConfigKeys (ConfUtils.java:logGet(43)) - raft.server.write.element-limit = 4096 (default)
2019-09-19 11:40:17,492 [1fad1ce3-deb7-4c8f-9439-d9550ef61498@group-24F9F77389FA:LeaderElection22] INFO  server.RaftServerConfigKeys (ConfUtils.java:logGet(43)) - raft.server.watch.element-limit = 65536 (default)
2019-09-19 11:40:17,492 [85de0b57-e230-4a6a-a925-d8cdaf96271b@group-34C8F36BA84A:LeaderElection23] INFO  server.RaftServerConfigKeys (ConfUtils.java:logGet(43)) - raft.server.write.element-limit = 4096 (default)
2019-09-19 11:40:17,492 [e8835ac3-2c38-483b-890c-bebe50066010@group-2A8FFD574F9B:LeaderElection24] INFO  server.RaftServerConfigKeys (ConfUtils.java:logGet(43)) - raft.server.watch.timeout = 10s (default)
2019-09-19 11:40:17,492 [85de0b57-e230-4a6a-a925-d8cdaf96271b@group-34C8F36BA84A:LeaderElection23] INFO  server.RaftServerConfigKeys (ConfUtils.java:logGet(43)) - raft.server.watch.timeout = 10s (default)
2019-09-19 11:40:17,493 [e8835ac3-2c38-483b-890c-bebe50066010@group-2A8FFD574F9B:LeaderElection24] INFO  server.RaftServerConfigKeys (ConfUtils.java:logGet(43)) - raft.server.watch.timeout.denomination = 1s (default)
2019-09-19 11:40:17,493 [85de0b57-e230-4a6a-a925-d8cdaf96271b@group-34C8F36BA84A:LeaderElection23] INFO  server.RaftServerConfigKeys (ConfUtils.java:logGet(43)) - raft.server.watch.timeout.denomination = 1s (default)
2019-09-19 11:40:17,493 [e8835ac3-2c38-483b-890c-bebe50066010@group-2A8FFD574F9B:LeaderElection24] INFO  server.RaftServerConfigKeys (ConfUtils.java:logGet(43)) - raft.server.watch.element-limit = 65536 (default)
2019-09-19 11:40:17,493 [85de0b57-e230-4a6a-a925-d8cdaf96271b@group-34C8F36BA84A:LeaderElection23] INFO  server.RaftServerConfigKeys (ConfUtils.java:logGet(43)) - raft.server.watch.element-limit = 65536 (default)
2019-09-19 11:40:17,498 [1fad1ce3-deb7-4c8f-9439-d9550ef61498@group-24F9F77389FA:LeaderElection22] INFO  impl.RoleInfo (RoleInfo.java:updateAndGet(143)) - 1fad1ce3-deb7-4c8f-9439-d9550ef61498: start LeaderState
2019-09-19 11:40:17,498 [85de0b57-e230-4a6a-a925-d8cdaf96271b@group-34C8F36BA84A:LeaderElection23] INFO  impl.RoleInfo (RoleInfo.java:updateAndGet(143)) - 85de0b57-e230-4a6a-a925-d8cdaf96271b: start LeaderState
2019-09-19 11:40:17,499 [e8835ac3-2c38-483b-890c-bebe50066010@group-2A8FFD574F9B:LeaderElection24] INFO  impl.RoleInfo (RoleInfo.java:updateAndGet(143)) - e8835ac3-2c38-483b-890c-bebe50066010: start LeaderState
2019-09-19 11:40:17,499 [85de0b57-e230-4a6a-a925-d8cdaf96271b@group-34C8F36BA84A:LeaderElection23] INFO  segmented.SegmentedRaftLogWorker (SegmentedRaftLogWorker.java:startLogSegment(380)) - 85de0b57-e230-4a6a-a925-d8cdaf96271b@group-34C8F36BA84A-SegmentedRaftLogWorker: Starting segment from index:0
2019-09-19 11:40:17,499 [e8835ac3-2c38-483b-890c-bebe50066010@group-2A8FFD574F9B:LeaderElection24] INFO  segmented.SegmentedRaftLogWorker (SegmentedRaftLogWorker.java:startLogSegment(380)) - e8835ac3-2c38-483b-890c-bebe50066010@group-2A8FFD574F9B-SegmentedRaftLogWorker: Starting segment from index:0
2019-09-19 11:40:17,499 [1fad1ce3-deb7-4c8f-9439-d9550ef61498@group-24F9F77389FA:LeaderElection22] INFO  segmented.SegmentedRaftLogWorker (SegmentedRaftLogWorker.java:startLogSegment(380)) - 1fad1ce3-deb7-4c8f-9439-d9550ef61498@group-24F9F77389FA-SegmentedRaftLogWorker: Starting segment from index:0
2019-09-19 11:40:17,500 [85de0b57-e230-4a6a-a925-d8cdaf96271b@group-34C8F36BA84A:LeaderElection23] INFO  impl.RaftServerImpl (ServerState.java:setRaftConf(354)) - 85de0b57-e230-4a6a-a925-d8cdaf96271b@group-34C8F36BA84A: set configuration 0: [85de0b57-e230-4a6a-a925-d8cdaf96271b:192.168.151.78:46883], old=null at 0
2019-09-19 11:40:17,500 [e8835ac3-2c38-483b-890c-bebe50066010@group-2A8FFD574F9B:LeaderElection24] INFO  impl.RaftServerImpl (ServerState.java:setRaftConf(354)) - e8835ac3-2c38-483b-890c-bebe50066010@group-2A8FFD574F9B: set configuration 0: [e8835ac3-2c38-483b-890c-bebe50066010:192.168.151.78:43726], old=null at 0
2019-09-19 11:40:17,537 [1fad1ce3-deb7-4c8f-9439-d9550ef61498@group-24F9F77389FA:LeaderElection22] INFO  impl.RaftServerImpl (ServerState.java:setRaftConf(354)) - 1fad1ce3-deb7-4c8f-9439-d9550ef61498@group-24F9F77389FA: set configuration 0: [1fad1ce3-deb7-4c8f-9439-d9550ef61498:192.168.151.78:41114], old=null at 0
2019-09-19 11:40:17,537 [Thread-725] INFO  impl.FollowerState (FollowerState.java:run(106)) - 1fad1ce3-deb7-4c8f-9439-d9550ef61498:group-CB1BECA0014D changes to CANDIDATE, lastRpcTime:5090, electionTimeout:5075ms
2019-09-19 11:40:17,544 [Thread-725] INFO  impl.RoleInfo (RoleInfo.java:shutdownFollowerState(121)) - 1fad1ce3-deb7-4c8f-9439-d9550ef61498: shutdown FollowerState
2019-09-19 11:40:17,544 [Thread-725] INFO  impl.RaftServerImpl (RaftServerImpl.java:setRole(174)) - 1fad1ce3-deb7-4c8f-9439-d9550ef61498@group-CB1BECA0014D: changes role from  FOLLOWER to CANDIDATE at term 0 for changeToCandidate
2019-09-19 11:40:17,544 [Thread-725] INFO  impl.RoleInfo (RoleInfo.java:updateAndGet(143)) - 1fad1ce3-deb7-4c8f-9439-d9550ef61498: start LeaderElection
2019-09-19 11:40:17,583 [Thread-727] INFO  impl.FollowerState (FollowerState.java:run(106)) - 85de0b57-e230-4a6a-a925-d8cdaf96271b:group-CB1BECA0014D changes to CANDIDATE, lastRpcTime:5114, electionTimeout:5103ms
2019-09-19 11:40:17,583 [85de0b57-e230-4a6a-a925-d8cdaf96271b@group-34C8F36BA84A-SegmentedRaftLogWorker] INFO  segmented.SegmentedRaftLogWorker (SegmentedRaftLogWorker.java:execute(569)) - 85de0b57-e230-4a6a-a925-d8cdaf96271b@group-34C8F36BA84A-SegmentedRaftLogWorker: created new log segment /workdir/hadoop-ozone/integration-test/target/test-dir/MiniOzoneClusterImpl-ffcb80c2-b642-44a5-b522-9914b1f1ccc8/datanode-0/data/ratis/351d011f-a500-4d7d-9f64-34c8f36ba84a/current/log_inprogress_0
2019-09-19 11:40:17,583 [e8835ac3-2c38-483b-890c-bebe50066010@group-2A8FFD574F9B-SegmentedRaftLogWorker] INFO  segmented.SegmentedRaftLogWorker (SegmentedRaftLogWorker.java:execute(569)) - e8835ac3-2c38-483b-890c-bebe50066010@group-2A8FFD574F9B-SegmentedRaftLogWorker: created new log segment /workdir/hadoop-ozone/integration-test/target/test-dir/MiniOzoneClusterImpl-ffcb80c2-b642-44a5-b522-9914b1f1ccc8/datanode-2/data/ratis/089a53e2-8088-4e87-ab59-2a8ffd574f9b/current/log_inprogress_0
2019-09-19 11:40:17,583 [Thread-727] INFO  impl.RoleInfo (RoleInfo.java:shutdownFollowerState(121)) - 85de0b57-e230-4a6a-a925-d8cdaf96271b: shutdown FollowerState
2019-09-19 11:40:17,594 [Thread-727] INFO  impl.RaftServerImpl (RaftServerImpl.java:setRole(174)) - 85de0b57-e230-4a6a-a925-d8cdaf96271b@group-CB1BECA0014D: changes role from  FOLLOWER to CANDIDATE at term 0 for changeToCandidate
2019-09-19 11:40:17,594 [Thread-727] INFO  impl.RoleInfo (RoleInfo.java:updateAndGet(143)) - 85de0b57-e230-4a6a-a925-d8cdaf96271b: start LeaderElection
2019-09-19 11:40:17,597 [1fad1ce3-deb7-4c8f-9439-d9550ef61498@group-24F9F77389FA-SegmentedRaftLogWorker] INFO  segmented.SegmentedRaftLogWorker (SegmentedRaftLogWorker.java:execute(569)) - 1fad1ce3-deb7-4c8f-9439-d9550ef61498@group-24F9F77389FA-SegmentedRaftLogWorker: created new log segment /workdir/hadoop-ozone/integration-test/target/test-dir/MiniOzoneClusterImpl-ffcb80c2-b642-44a5-b522-9914b1f1ccc8/datanode-1/data/ratis/bee23da3-2cbd-4116-b937-24f9f77389fa/current/log_inprogress_0
2019-09-19 11:40:17,598 [1fad1ce3-deb7-4c8f-9439-d9550ef61498@group-CB1BECA0014D:LeaderElection25] INFO  impl.LeaderElection (LeaderElection.java:askForVotes(182)) - 1fad1ce3-deb7-4c8f-9439-d9550ef61498@group-CB1BECA0014D:LeaderElection25: begin an election at term 1 for -1: [85de0b57-e230-4a6a-a925-d8cdaf96271b:192.168.151.78:46883, e8835ac3-2c38-483b-890c-bebe50066010:192.168.151.78:43726, 1fad1ce3-deb7-4c8f-9439-d9550ef61498:192.168.151.78:41114], old=null
2019-09-19 11:40:17,601 [85de0b57-e230-4a6a-a925-d8cdaf96271b@group-CB1BECA0014D:LeaderElection26] INFO  impl.LeaderElection (LeaderElection.java:askForVotes(182)) - 85de0b57-e230-4a6a-a925-d8cdaf96271b@group-CB1BECA0014D:LeaderElection26: begin an election at term 1 for -1: [85de0b57-e230-4a6a-a925-d8cdaf96271b:192.168.151.78:46883, e8835ac3-2c38-483b-890c-bebe50066010:192.168.151.78:43726, 1fad1ce3-deb7-4c8f-9439-d9550ef61498:192.168.151.78:41114], old=null
2019-09-19 11:40:17,610 [grpc-default-executor-5] INFO  impl.RaftServerImpl (RaftServerImpl.java:setRole(174)) - e8835ac3-2c38-483b-890c-bebe50066010@group-CB1BECA0014D: changes role from  FOLLOWER to FOLLOWER at term 1 for recognizeCandidate:1fad1ce3-deb7-4c8f-9439-d9550ef61498
2019-09-19 11:40:17,611 [grpc-default-executor-5] INFO  impl.RoleInfo (RoleInfo.java:shutdownFollowerState(121)) - e8835ac3-2c38-483b-890c-bebe50066010: shutdown FollowerState
2019-09-19 11:40:17,611 [grpc-default-executor-5] INFO  impl.RoleInfo (RoleInfo.java:updateAndGet(143)) - e8835ac3-2c38-483b-890c-bebe50066010: start FollowerState
2019-09-19 11:40:17,611 [Thread-728] INFO  impl.FollowerState (FollowerState.java:run(115)) - e8835ac3-2c38-483b-890c-bebe50066010: FollowerState was interrupted: java.lang.InterruptedException: sleep interrupted
2019-09-19 11:40:17,634 [85de0b57-e230-4a6a-a925-d8cdaf96271b@group-CB1BECA0014D:LeaderElection26] INFO  impl.LeaderElection (LeaderElection.java:logAndReturn(56)) - 85de0b57-e230-4a6a-a925-d8cdaf96271b@group-CB1BECA0014D:LeaderElection26: Election REJECTED; received 2 response(s) [85de0b57-e230-4a6a-a925-d8cdaf96271b<-e8835ac3-2c38-483b-890c-bebe50066010#0:FAIL-t1, 85de0b57-e230-4a6a-a925-d8cdaf96271b<-1fad1ce3-deb7-4c8f-9439-d9550ef61498#0:FAIL-t1] and 0 exception(s); 85de0b57-e230-4a6a-a925-d8cdaf96271b@group-CB1BECA0014D:t1, leader=null, voted=85de0b57-e230-4a6a-a925-d8cdaf96271b, raftlog=85de0b57-e230-4a6a-a925-d8cdaf96271b@group-CB1BECA0014D-SegmentedRaftLog:OPENED:c-1,f-1,i0, conf=-1: [85de0b57-e230-4a6a-a925-d8cdaf96271b:192.168.151.78:46883, e8835ac3-2c38-483b-890c-bebe50066010:192.168.151.78:43726, 1fad1ce3-deb7-4c8f-9439-d9550ef61498:192.168.151.78:41114], old=null
2019-09-19 11:40:17,634 [1fad1ce3-deb7-4c8f-9439-d9550ef61498@group-CB1BECA0014D:LeaderElection25] INFO  impl.LeaderElection (LeaderElection.java:logAndReturn(56)) - 1fad1ce3-deb7-4c8f-9439-d9550ef61498@group-CB1BECA0014D:LeaderElection25: Election PASSED; received 2 response(s) [1fad1ce3-deb7-4c8f-9439-d9550ef61498<-85de0b57-e230-4a6a-a925-d8cdaf96271b#0:FAIL-t1, 1fad1ce3-deb7-4c8f-9439-d9550ef61498<-e8835ac3-2c38-483b-890c-bebe50066010#0:OK-t1] and 0 exception(s); 1fad1ce3-deb7-4c8f-9439-d9550ef61498@group-CB1BECA0014D:t1, leader=null, voted=1fad1ce3-deb7-4c8f-9439-d9550ef61498, raftlog=1fad1ce3-deb7-4c8f-9439-d9550ef61498@group-CB1BECA0014D-SegmentedRaftLog:OPENED:c-1,f-1,i0, conf=-1: [85de0b57-e230-4a6a-a925-d8cdaf96271b:192.168.151.78:46883, e8835ac3-2c38-483b-890c-bebe50066010:192.168.151.78:43726, 1fad1ce3-deb7-4c8f-9439-d9550ef61498:192.168.151.78:41114], old=null
2019-09-19 11:40:17,634 [85de0b57-e230-4a6a-a925-d8cdaf96271b@group-CB1BECA0014D:LeaderElection26] INFO  impl.RaftServerImpl (RaftServerImpl.java:setRole(174)) - 85de0b57-e230-4a6a-a925-d8cdaf96271b@group-CB1BECA0014D: changes role from CANDIDATE to FOLLOWER at term 1 for DISCOVERED_A_NEW_TERM
2019-09-19 11:40:17,637 [85de0b57-e230-4a6a-a925-d8cdaf96271b@group-CB1BECA0014D:LeaderElection26] INFO  impl.RoleInfo (RoleInfo.java:shutdownLeaderElection(134)) - 85de0b57-e230-4a6a-a925-d8cdaf96271b: shutdown LeaderElection
2019-09-19 11:40:17,637 [1fad1ce3-deb7-4c8f-9439-d9550ef61498@group-CB1BECA0014D:LeaderElection25] INFO  impl.RoleInfo (RoleInfo.java:shutdownLeaderElection(134)) - 1fad1ce3-deb7-4c8f-9439-d9550ef61498: shutdown LeaderElection
2019-09-19 11:40:17,639 [85de0b57-e230-4a6a-a925-d8cdaf96271b@group-CB1BECA0014D:LeaderElection26] INFO  impl.RoleInfo (RoleInfo.java:updateAndGet(143)) - 85de0b57-e230-4a6a-a925-d8cdaf96271b: start FollowerState
2019-09-19 11:40:17,639 [1fad1ce3-deb7-4c8f-9439-d9550ef61498@group-CB1BECA0014D:LeaderElection25] INFO  impl.RaftServerImpl (RaftServerImpl.java:setRole(174)) - 1fad1ce3-deb7-4c8f-9439-d9550ef61498@group-CB1BECA0014D: changes role from CANDIDATE to LEADER at term 1 for changeToLeader
2019-09-19 11:40:17,640 [1fad1ce3-deb7-4c8f-9439-d9550ef61498@group-CB1BECA0014D:LeaderElection25] INFO  impl.RaftServerImpl (ServerState.java:setLeader(253)) - 1fad1ce3-deb7-4c8f-9439-d9550ef61498@group-CB1BECA0014D: change Leader from null to 1fad1ce3-deb7-4c8f-9439-d9550ef61498 at term 1 for becomeLeader, leader elected after 5205ms
2019-09-19 11:40:17,640 [1fad1ce3-deb7-4c8f-9439-d9550ef61498@group-CB1BECA0014D:LeaderElection25] INFO  server.RaftServerConfigKeys (ConfUtils.java:logGet(43)) - raft.server.staging.catchup.gap = 1000 (default)
2019-09-19 11:40:17,640 [1fad1ce3-deb7-4c8f-9439-d9550ef61498@group-CB1BECA0014D:LeaderElection25] INFO  server.RaftServerConfigKeys (ConfUtils.java:logGet(43)) - raft.server.rpc.sleep.time = 25ms (default)
2019-09-19 11:40:17,640 [1fad1ce3-deb7-4c8f-9439-d9550ef61498@group-CB1BECA0014D:LeaderElection25] INFO  server.RaftServerConfigKeys (ConfUtils.java:logGet(43)) - raft.server.write.element-limit = 4096 (default)
2019-09-19 11:40:17,640 [1fad1ce3-deb7-4c8f-9439-d9550ef61498@group-CB1BECA0014D:LeaderElection25] INFO  server.RaftServerConfigKeys (ConfUtils.java:logGet(43)) - raft.server.watch.timeout = 10s (default)
2019-09-19 11:40:17,641 [1fad1ce3-deb7-4c8f-9439-d9550ef61498@group-CB1BECA0014D:LeaderElection25] INFO  server.RaftServerConfigKeys (ConfUtils.java:logGet(43)) - raft.server.watch.timeout.denomination = 1s (default)
2019-09-19 11:40:17,641 [1fad1ce3-deb7-4c8f-9439-d9550ef61498@group-CB1BECA0014D:LeaderElection25] INFO  server.RaftServerConfigKeys (ConfUtils.java:logGet(43)) - raft.server.watch.element-limit = 65536 (default)
2019-09-19 11:40:17,644 [1fad1ce3-deb7-4c8f-9439-d9550ef61498@group-CB1BECA0014D:LeaderElection25] INFO  server.RaftServerConfigKeys (ConfUtils.java:logGet(43)) - raft.server.log.appender.snapshot.chunk.size.max = 16MB (=16777216) (default)
2019-09-19 11:40:17,645 [1fad1ce3-deb7-4c8f-9439-d9550ef61498@group-CB1BECA0014D:LeaderElection25] INFO  server.RaftServerConfigKeys (ConfUtils.java:logGet(43)) - raft.server.log.appender.buffer.byte-limit = 33554432 (custom)
2019-09-19 11:40:17,645 [1fad1ce3-deb7-4c8f-9439-d9550ef61498@group-CB1BECA0014D:LeaderElection25] INFO  server.RaftServerConfigKeys (ConfUtils.java:logGet(43)) - raft.server.log.appender.buffer.element-limit = 1 (custom)
2019-09-19 11:40:17,645 [1fad1ce3-deb7-4c8f-9439-d9550ef61498@group-CB1BECA0014D:LeaderElection25] INFO  grpc.GrpcConfigKeys$Server (ConfUtils.java:logGet(43)) - raft.grpc.server.leader.outstanding.appends.max = 128 (default)
2019-09-19 11:40:17,646 [1fad1ce3-deb7-4c8f-9439-d9550ef61498@group-CB1BECA0014D:LeaderElection25] INFO  server.RaftServerConfigKeys (ConfUtils.java:logGet(43)) - raft.server.rpc.request.timeout = 3000ms (default)
2019-09-19 11:40:17,646 [1fad1ce3-deb7-4c8f-9439-d9550ef61498@group-CB1BECA0014D:LeaderElection25] INFO  server.RaftServerConfigKeys (ConfUtils.java:logGet(43)) - raft.server.log.appender.install.snapshot.enabled = false (custom)
2019-09-19 11:40:17,646 [1fad1ce3-deb7-4c8f-9439-d9550ef61498@group-CB1BECA0014D:LeaderElection25] INFO  server.RaftServerConfigKeys (ConfUtils.java:logGet(43)) - raft.server.log.appender.snapshot.chunk.size.max = 16MB (=16777216) (default)
2019-09-19 11:40:17,647 [1fad1ce3-deb7-4c8f-9439-d9550ef61498@group-CB1BECA0014D:LeaderElection25] INFO  server.RaftServerConfigKeys (ConfUtils.java:logGet(43)) - raft.server.log.appender.buffer.byte-limit = 33554432 (custom)
2019-09-19 11:40:17,647 [1fad1ce3-deb7-4c8f-9439-d9550ef61498@group-CB1BECA0014D:LeaderElection25] INFO  server.RaftServerConfigKeys (ConfUtils.java:logGet(43)) - raft.server.log.appender.buffer.element-limit = 1 (custom)
2019-09-19 11:40:17,647 [1fad1ce3-deb7-4c8f-9439-d9550ef61498@group-CB1BECA0014D:LeaderElection25] INFO  grpc.GrpcConfigKeys$Server (ConfUtils.java:logGet(43)) - raft.grpc.server.leader.outstanding.appends.max = 128 (default)
2019-09-19 11:40:17,647 [1fad1ce3-deb7-4c8f-9439-d9550ef61498@group-CB1BECA0014D:LeaderElection25] INFO  server.RaftServerConfigKeys (ConfUtils.java:logGet(43)) - raft.server.rpc.request.timeout = 3000ms (default)
2019-09-19 11:40:17,648 [1fad1ce3-deb7-4c8f-9439-d9550ef61498@group-CB1BECA0014D:LeaderElection25] INFO  server.RaftServerConfigKeys (ConfUtils.java:logGet(43)) - raft.server.log.appender.install.snapshot.enabled = false (custom)
2019-09-19 11:40:17,648 [1fad1ce3-deb7-4c8f-9439-d9550ef61498@group-CB1BECA0014D:LeaderElection25] INFO  impl.RoleInfo (RoleInfo.java:updateAndGet(143)) - 1fad1ce3-deb7-4c8f-9439-d9550ef61498: start LeaderState
2019-09-19 11:40:17,648 [1fad1ce3-deb7-4c8f-9439-d9550ef61498@group-CB1BECA0014D:LeaderElection25] INFO  segmented.SegmentedRaftLogWorker (SegmentedRaftLogWorker.java:startLogSegment(380)) - 1fad1ce3-deb7-4c8f-9439-d9550ef61498@group-CB1BECA0014D-SegmentedRaftLogWorker: Starting segment from index:0
2019-09-19 11:40:17,650 [1fad1ce3-deb7-4c8f-9439-d9550ef61498@group-CB1BECA0014D:LeaderElection25] INFO  impl.RaftServerImpl (ServerState.java:setRaftConf(354)) - 1fad1ce3-deb7-4c8f-9439-d9550ef61498@group-CB1BECA0014D: set configuration 0: [85de0b57-e230-4a6a-a925-d8cdaf96271b:192.168.151.78:46883, e8835ac3-2c38-483b-890c-bebe50066010:192.168.151.78:43726, 1fad1ce3-deb7-4c8f-9439-d9550ef61498:192.168.151.78:41114], old=null at 0
2019-09-19 11:40:17,652 [grpc-default-executor-2] INFO  impl.RaftServerImpl (ServerState.java:setLeader(253)) - 85de0b57-e230-4a6a-a925-d8cdaf96271b@group-CB1BECA0014D: change Leader from null to 1fad1ce3-deb7-4c8f-9439-d9550ef61498 at term 1 for appendEntries, leader elected after 5217ms
2019-09-19 11:40:17,652 [grpc-default-executor-5] INFO  impl.RaftServerImpl (ServerState.java:setLeader(253)) - e8835ac3-2c38-483b-890c-bebe50066010@group-CB1BECA0014D: change Leader from null to 1fad1ce3-deb7-4c8f-9439-d9550ef61498 at term 1 for appendEntries, leader elected after 5217ms
2019-09-19 11:40:17,655 [grpc-default-executor-2] INFO  impl.RaftServerImpl (ServerState.java:setRaftConf(354)) - e8835ac3-2c38-483b-890c-bebe50066010@group-CB1BECA0014D: set configuration 0: [85de0b57-e230-4a6a-a925-d8cdaf96271b:192.168.151.78:46883, e8835ac3-2c38-483b-890c-bebe50066010:192.168.151.78:43726, 1fad1ce3-deb7-4c8f-9439-d9550ef61498:192.168.151.78:41114], old=null at 0
2019-09-19 11:40:17,655 [grpc-default-executor-5] INFO  impl.RaftServerImpl (ServerState.java:setRaftConf(354)) - 85de0b57-e230-4a6a-a925-d8cdaf96271b@group-CB1BECA0014D: set configuration 0: [85de0b57-e230-4a6a-a925-d8cdaf96271b:192.168.151.78:46883, e8835ac3-2c38-483b-890c-bebe50066010:192.168.151.78:43726, 1fad1ce3-deb7-4c8f-9439-d9550ef61498:192.168.151.78:41114], old=null at 0
2019-09-19 11:40:17,655 [grpc-default-executor-2] INFO  segmented.SegmentedRaftLogWorker (SegmentedRaftLogWorker.java:startLogSegment(380)) - e8835ac3-2c38-483b-890c-bebe50066010@group-CB1BECA0014D-SegmentedRaftLogWorker: Starting segment from index:0
2019-09-19 11:40:17,655 [grpc-default-executor-5] INFO  segmented.SegmentedRaftLogWorker (SegmentedRaftLogWorker.java:startLogSegment(380)) - 85de0b57-e230-4a6a-a925-d8cdaf96271b@group-CB1BECA0014D-SegmentedRaftLogWorker: Starting segment from index:0
2019-09-19 11:40:17,680 [Thread-732] INFO  impl.FollowerState (FollowerState.java:run(106)) - 65261e74-c36a-42fd-98ac-65dc83eec679:group-463EB63856BE changes to CANDIDATE, lastRpcTime:5109, electionTimeout:5109ms
2019-09-19 11:40:17,680 [Thread-732] INFO  impl.RoleInfo (RoleInfo.java:shutdownFollowerState(121)) - 65261e74-c36a-42fd-98ac-65dc83eec679: shutdown FollowerState
2019-09-19 11:40:17,680 [Thread-732] INFO  impl.RaftServerImpl (RaftServerImpl.java:setRole(174)) - 65261e74-c36a-42fd-98ac-65dc83eec679@group-463EB63856BE: changes role from  FOLLOWER to CANDIDATE at term 0 for changeToCandidate
2019-09-19 11:40:17,680 [Thread-732] INFO  impl.RoleInfo (RoleInfo.java:updateAndGet(143)) - 65261e74-c36a-42fd-98ac-65dc83eec679: start LeaderElection
2019-09-19 11:40:17,724 [Thread-735] INFO  impl.FollowerState (FollowerState.java:run(106)) - c4eb8efe-62b2-45fb-815f-66d941ddca6e:group-08E657F24186 changes to CANDIDATE, lastRpcTime:5090, electionTimeout:5090ms
2019-09-19 11:40:17,725 [Thread-735] INFO  impl.RoleInfo (RoleInfo.java:shutdownFollowerState(121)) - c4eb8efe-62b2-45fb-815f-66d941ddca6e: shutdown FollowerState
2019-09-19 11:40:17,725 [Thread-735] INFO  impl.RaftServerImpl (RaftServerImpl.java:setRole(174)) - c4eb8efe-62b2-45fb-815f-66d941ddca6e@group-08E657F24186: changes role from  FOLLOWER to CANDIDATE at term 0 for changeToCandidate
2019-09-19 11:40:17,725 [Thread-735] INFO  impl.RoleInfo (RoleInfo.java:updateAndGet(143)) - c4eb8efe-62b2-45fb-815f-66d941ddca6e: start LeaderElection
2019-09-19 11:40:17,728 [e8835ac3-2c38-483b-890c-bebe50066010@group-CB1BECA0014D-SegmentedRaftLogWorker] INFO  segmented.SegmentedRaftLogWorker (SegmentedRaftLogWorker.java:execute(569)) - e8835ac3-2c38-483b-890c-bebe50066010@group-CB1BECA0014D-SegmentedRaftLogWorker: created new log segment /workdir/hadoop-ozone/integration-test/target/test-dir/MiniOzoneClusterImpl-ffcb80c2-b642-44a5-b522-9914b1f1ccc8/datanode-2/data/ratis/88d12219-6b1f-45bc-9301-cb1beca0014d/current/log_inprogress_0
2019-09-19 11:40:17,731 [65261e74-c36a-42fd-98ac-65dc83eec679@group-463EB63856BE:LeaderElection27] INFO  impl.LeaderElection (LeaderElection.java:askForVotes(182)) - 65261e74-c36a-42fd-98ac-65dc83eec679@group-463EB63856BE:LeaderElection27: begin an election at term 1 for -1: [65261e74-c36a-42fd-98ac-65dc83eec679:192.168.151.78:41008], old=null
2019-09-19 11:40:17,731 [85de0b57-e230-4a6a-a925-d8cdaf96271b@group-CB1BECA0014D-SegmentedRaftLogWorker] INFO  segmented.SegmentedRaftLogWorker (SegmentedRaftLogWorker.java:execute(569)) - 85de0b57-e230-4a6a-a925-d8cdaf96271b@group-CB1BECA0014D-SegmentedRaftLogWorker: created new log segment /workdir/hadoop-ozone/integration-test/target/test-dir/MiniOzoneClusterImpl-ffcb80c2-b642-44a5-b522-9914b1f1ccc8/datanode-0/data/ratis/88d12219-6b1f-45bc-9301-cb1beca0014d/current/log_inprogress_0
2019-09-19 11:40:17,728 [1fad1ce3-deb7-4c8f-9439-d9550ef61498@group-CB1BECA0014D-SegmentedRaftLogWorker] INFO  segmented.SegmentedRaftLogWorker (SegmentedRaftLogWorker.java:execute(569)) - 1fad1ce3-deb7-4c8f-9439-d9550ef61498@group-CB1BECA0014D-SegmentedRaftLogWorker: created new log segment /workdir/hadoop-ozone/integration-test/target/test-dir/MiniOzoneClusterImpl-ffcb80c2-b642-44a5-b522-9914b1f1ccc8/datanode-1/data/ratis/88d12219-6b1f-45bc-9301-cb1beca0014d/current/log_inprogress_0
2019-09-19 11:40:17,731 [65261e74-c36a-42fd-98ac-65dc83eec679@group-463EB63856BE:LeaderElection27] INFO  impl.RoleInfo (RoleInfo.java:shutdownLeaderElection(134)) - 65261e74-c36a-42fd-98ac-65dc83eec679: shutdown LeaderElection
2019-09-19 11:40:17,732 [65261e74-c36a-42fd-98ac-65dc83eec679@group-463EB63856BE:LeaderElection27] INFO  impl.RaftServerImpl (RaftServerImpl.java:setRole(174)) - 65261e74-c36a-42fd-98ac-65dc83eec679@group-463EB63856BE: changes role from CANDIDATE to LEADER at term 1 for changeToLeader
2019-09-19 11:40:17,732 [65261e74-c36a-42fd-98ac-65dc83eec679@group-463EB63856BE:LeaderElection27] INFO  impl.RaftServerImpl (ServerState.java:setLeader(253)) - 65261e74-c36a-42fd-98ac-65dc83eec679@group-463EB63856BE: change Leader from null to 65261e74-c36a-42fd-98ac-65dc83eec679 at term 1 for becomeLeader, leader elected after 5172ms
2019-09-19 11:40:17,734 [65261e74-c36a-42fd-98ac-65dc83eec679@group-463EB63856BE:LeaderElection27] INFO  server.RaftServerConfigKeys (ConfUtils.java:logGet(43)) - raft.server.staging.catchup.gap = 1000 (default)
2019-09-19 11:40:17,735 [65261e74-c36a-42fd-98ac-65dc83eec679@group-463EB63856BE:LeaderElection27] INFO  server.RaftServerConfigKeys (ConfUtils.java:logGet(43)) - raft.server.rpc.sleep.time = 25ms (default)
2019-09-19 11:40:17,735 [65261e74-c36a-42fd-98ac-65dc83eec679@group-463EB63856BE:LeaderElection27] INFO  server.RaftServerConfigKeys (ConfUtils.java:logGet(43)) - raft.server.write.element-limit = 4096 (default)
2019-09-19 11:40:17,735 [65261e74-c36a-42fd-98ac-65dc83eec679@group-463EB63856BE:LeaderElection27] INFO  server.RaftServerConfigKeys (ConfUtils.java:logGet(43)) - raft.server.watch.timeout = 10s (default)
2019-09-19 11:40:17,735 [65261e74-c36a-42fd-98ac-65dc83eec679@group-463EB63856BE:LeaderElection27] INFO  server.RaftServerConfigKeys (ConfUtils.java:logGet(43)) - raft.server.watch.timeout.denomination = 1s (default)
2019-09-19 11:40:17,735 [65261e74-c36a-42fd-98ac-65dc83eec679@group-463EB63856BE:LeaderElection27] INFO  server.RaftServerConfigKeys (ConfUtils.java:logGet(43)) - raft.server.watch.element-limit = 65536 (default)
2019-09-19 11:40:17,738 [65261e74-c36a-42fd-98ac-65dc83eec679@group-463EB63856BE:LeaderElection27] INFO  impl.RoleInfo (RoleInfo.java:updateAndGet(143)) - 65261e74-c36a-42fd-98ac-65dc83eec679: start LeaderState
2019-09-19 11:40:17,739 [65261e74-c36a-42fd-98ac-65dc83eec679@group-463EB63856BE:LeaderElection27] INFO  segmented.SegmentedRaftLogWorker (SegmentedRaftLogWorker.java:startLogSegment(380)) - 65261e74-c36a-42fd-98ac-65dc83eec679@group-463EB63856BE-SegmentedRaftLogWorker: Starting segment from index:0
2019-09-19 11:40:17,739 [65261e74-c36a-42fd-98ac-65dc83eec679@group-463EB63856BE:LeaderElection27] INFO  impl.RaftServerImpl (ServerState.java:setRaftConf(354)) - 65261e74-c36a-42fd-98ac-65dc83eec679@group-463EB63856BE: set configuration 0: [65261e74-c36a-42fd-98ac-65dc83eec679:192.168.151.78:41008], old=null at 0
2019-09-19 11:40:17,777 [c4eb8efe-62b2-45fb-815f-66d941ddca6e@group-08E657F24186:LeaderElection28] INFO  impl.LeaderElection (LeaderElection.java:askForVotes(182)) - c4eb8efe-62b2-45fb-815f-66d941ddca6e@group-08E657F24186:LeaderElection28: begin an election at term 1 for -1: [c4eb8efe-62b2-45fb-815f-66d941ddca6e:192.168.151.78:45661], old=null
2019-09-19 11:40:17,777 [c4eb8efe-62b2-45fb-815f-66d941ddca6e@group-08E657F24186:LeaderElection28] INFO  impl.RoleInfo (RoleInfo.java:shutdownLeaderElection(134)) - c4eb8efe-62b2-45fb-815f-66d941ddca6e: shutdown LeaderElection
2019-09-19 11:40:17,777 [c4eb8efe-62b2-45fb-815f-66d941ddca6e@group-08E657F24186:LeaderElection28] INFO  impl.RaftServerImpl (RaftServerImpl.java:setRole(174)) - c4eb8efe-62b2-45fb-815f-66d941ddca6e@group-08E657F24186: changes role from CANDIDATE to LEADER at term 1 for changeToLeader
2019-09-19 11:40:17,777 [c4eb8efe-62b2-45fb-815f-66d941ddca6e@group-08E657F24186:LeaderElection28] INFO  impl.RaftServerImpl (ServerState.java:setLeader(253)) - c4eb8efe-62b2-45fb-815f-66d941ddca6e@group-08E657F24186: change Leader from null to c4eb8efe-62b2-45fb-815f-66d941ddca6e at term 1 for becomeLeader, leader elected after 5153ms
2019-09-19 11:40:17,781 [c4eb8efe-62b2-45fb-815f-66d941ddca6e@group-08E657F24186:LeaderElection28] INFO  server.RaftServerConfigKeys (ConfUtils.java:logGet(43)) - raft.server.staging.catchup.gap = 1000 (default)
2019-09-19 11:40:17,781 [c4eb8efe-62b2-45fb-815f-66d941ddca6e@group-08E657F24186:LeaderElection28] INFO  server.RaftServerConfigKeys (ConfUtils.java:logGet(43)) - raft.server.rpc.sleep.time = 25ms (default)
2019-09-19 11:40:17,781 [c4eb8efe-62b2-45fb-815f-66d941ddca6e@group-08E657F24186:LeaderElection28] INFO  server.RaftServerConfigKeys (ConfUtils.java:logGet(43)) - raft.server.write.element-limit = 4096 (default)
2019-09-19 11:40:17,781 [c4eb8efe-62b2-45fb-815f-66d941ddca6e@group-08E657F24186:LeaderElection28] INFO  server.RaftServerConfigKeys (ConfUtils.java:logGet(43)) - raft.server.watch.timeout = 10s (default)
2019-09-19 11:40:17,781 [c4eb8efe-62b2-45fb-815f-66d941ddca6e@group-08E657F24186:LeaderElection28] INFO  server.RaftServerConfigKeys (ConfUtils.java:logGet(43)) - raft.server.watch.timeout.denomination = 1s (default)
2019-09-19 11:40:17,782 [c4eb8efe-62b2-45fb-815f-66d941ddca6e@group-08E657F24186:LeaderElection28] INFO  server.RaftServerConfigKeys (ConfUtils.java:logGet(43)) - raft.server.watch.element-limit = 65536 (default)
2019-09-19 11:40:17,784 [c4eb8efe-62b2-45fb-815f-66d941ddca6e@group-08E657F24186:LeaderElection28] INFO  impl.RoleInfo (RoleInfo.java:updateAndGet(143)) - c4eb8efe-62b2-45fb-815f-66d941ddca6e: start LeaderState
2019-09-19 11:40:17,784 [c4eb8efe-62b2-45fb-815f-66d941ddca6e@group-08E657F24186:LeaderElection28] INFO  segmented.SegmentedRaftLogWorker (SegmentedRaftLogWorker.java:startLogSegment(380)) - c4eb8efe-62b2-45fb-815f-66d941ddca6e@group-08E657F24186-SegmentedRaftLogWorker: Starting segment from index:0
2019-09-19 11:40:17,785 [c4eb8efe-62b2-45fb-815f-66d941ddca6e@group-08E657F24186:LeaderElection28] INFO  impl.RaftServerImpl (ServerState.java:setRaftConf(354)) - c4eb8efe-62b2-45fb-815f-66d941ddca6e@group-08E657F24186: set configuration 0: [c4eb8efe-62b2-45fb-815f-66d941ddca6e:192.168.151.78:45661], old=null at 0
2019-09-19 11:40:17,825 [65261e74-c36a-42fd-98ac-65dc83eec679@group-463EB63856BE-SegmentedRaftLogWorker] INFO  segmented.SegmentedRaftLogWorker (SegmentedRaftLogWorker.java:execute(569)) - 65261e74-c36a-42fd-98ac-65dc83eec679@group-463EB63856BE-SegmentedRaftLogWorker: created new log segment /workdir/hadoop-ozone/integration-test/target/test-dir/MiniOzoneClusterImpl-ffcb80c2-b642-44a5-b522-9914b1f1ccc8/datanode-3/data/ratis/45c5aa78-40be-4dc1-b853-463eb63856be/current/log_inprogress_0
2019-09-19 11:40:17,825 [Thread-740] INFO  impl.FollowerState (FollowerState.java:run(106)) - 399d3e62-04e5-4111-9cc9-9c21532552cc:group-E3F1B46F77CE changes to CANDIDATE, lastRpcTime:5098, electionTimeout:5098ms
2019-09-19 11:40:17,826 [Thread-740] INFO  impl.RoleInfo (RoleInfo.java:shutdownFollowerState(121)) - 399d3e62-04e5-4111-9cc9-9c21532552cc: shutdown FollowerState
2019-09-19 11:40:17,826 [Thread-740] INFO  impl.RaftServerImpl (RaftServerImpl.java:setRole(174)) - 399d3e62-04e5-4111-9cc9-9c21532552cc@group-E3F1B46F77CE: changes role from  FOLLOWER to CANDIDATE at term 0 for changeToCandidate
2019-09-19 11:40:17,826 [Thread-740] INFO  impl.RoleInfo (RoleInfo.java:updateAndGet(143)) - 399d3e62-04e5-4111-9cc9-9c21532552cc: start LeaderElection
2019-09-19 11:40:17,829 [c4eb8efe-62b2-45fb-815f-66d941ddca6e@group-08E657F24186-SegmentedRaftLogWorker] INFO  segmented.SegmentedRaftLogWorker (SegmentedRaftLogWorker.java:execute(569)) - c4eb8efe-62b2-45fb-815f-66d941ddca6e@group-08E657F24186-SegmentedRaftLogWorker: created new log segment /workdir/hadoop-ozone/integration-test/target/test-dir/MiniOzoneClusterImpl-ffcb80c2-b642-44a5-b522-9914b1f1ccc8/datanode-5/data/ratis/cec059f0-0fd3-40bc-ab28-08e657f24186/current/log_inprogress_0
2019-09-19 11:40:17,833 [399d3e62-04e5-4111-9cc9-9c21532552cc@group-E3F1B46F77CE:LeaderElection29] INFO  impl.LeaderElection (LeaderElection.java:askForVotes(182)) - 399d3e62-04e5-4111-9cc9-9c21532552cc@group-E3F1B46F77CE:LeaderElection29: begin an election at term 1 for -1: [399d3e62-04e5-4111-9cc9-9c21532552cc:192.168.151.78:46302], old=null
2019-09-19 11:40:17,833 [399d3e62-04e5-4111-9cc9-9c21532552cc@group-E3F1B46F77CE:LeaderElection29] INFO  impl.RoleInfo (RoleInfo.java:shutdownLeaderElection(134)) - 399d3e62-04e5-4111-9cc9-9c21532552cc: shutdown LeaderElection
2019-09-19 11:40:17,833 [399d3e62-04e5-4111-9cc9-9c21532552cc@group-E3F1B46F77CE:LeaderElection29] INFO  impl.RaftServerImpl (RaftServerImpl.java:setRole(174)) - 399d3e62-04e5-4111-9cc9-9c21532552cc@group-E3F1B46F77CE: changes role from CANDIDATE to LEADER at term 1 for changeToLeader
2019-09-19 11:40:17,833 [399d3e62-04e5-4111-9cc9-9c21532552cc@group-E3F1B46F77CE:LeaderElection29] INFO  impl.RaftServerImpl (ServerState.java:setLeader(253)) - 399d3e62-04e5-4111-9cc9-9c21532552cc@group-E3F1B46F77CE: change Leader from null to 399d3e62-04e5-4111-9cc9-9c21532552cc at term 1 for becomeLeader, leader elected after 5117ms
2019-09-19 11:40:17,836 [399d3e62-04e5-4111-9cc9-9c21532552cc@group-E3F1B46F77CE:LeaderElection29] INFO  server.RaftServerConfigKeys (ConfUtils.java:logGet(43)) - raft.server.staging.catchup.gap = 1000 (default)
2019-09-19 11:40:17,836 [399d3e62-04e5-4111-9cc9-9c21532552cc@group-E3F1B46F77CE:LeaderElection29] INFO  server.RaftServerConfigKeys (ConfUtils.java:logGet(43)) - raft.server.rpc.sleep.time = 25ms (default)
2019-09-19 11:40:17,837 [399d3e62-04e5-4111-9cc9-9c21532552cc@group-E3F1B46F77CE:LeaderElection29] INFO  server.RaftServerConfigKeys (ConfUtils.java:logGet(43)) - raft.server.write.element-limit = 4096 (default)
2019-09-19 11:40:17,837 [399d3e62-04e5-4111-9cc9-9c21532552cc@group-E3F1B46F77CE:LeaderElection29] INFO  server.RaftServerConfigKeys (ConfUtils.java:logGet(43)) - raft.server.watch.timeout = 10s (default)
2019-09-19 11:40:17,837 [399d3e62-04e5-4111-9cc9-9c21532552cc@group-E3F1B46F77CE:LeaderElection29] INFO  server.RaftServerConfigKeys (ConfUtils.java:logGet(43)) - raft.server.watch.timeout.denomination = 1s (default)
2019-09-19 11:40:17,837 [399d3e62-04e5-4111-9cc9-9c21532552cc@group-E3F1B46F77CE:LeaderElection29] INFO  server.RaftServerConfigKeys (ConfUtils.java:logGet(43)) - raft.server.watch.element-limit = 65536 (default)
2019-09-19 11:40:17,840 [399d3e62-04e5-4111-9cc9-9c21532552cc@group-E3F1B46F77CE:LeaderElection29] INFO  impl.RoleInfo (RoleInfo.java:updateAndGet(143)) - 399d3e62-04e5-4111-9cc9-9c21532552cc: start LeaderState
2019-09-19 11:40:17,840 [399d3e62-04e5-4111-9cc9-9c21532552cc@group-E3F1B46F77CE:LeaderElection29] INFO  segmented.SegmentedRaftLogWorker (SegmentedRaftLogWorker.java:startLogSegment(380)) - 399d3e62-04e5-4111-9cc9-9c21532552cc@group-E3F1B46F77CE-SegmentedRaftLogWorker: Starting segment from index:0
2019-09-19 11:40:17,841 [399d3e62-04e5-4111-9cc9-9c21532552cc@group-E3F1B46F77CE:LeaderElection29] INFO  impl.RaftServerImpl (ServerState.java:setRaftConf(354)) - 399d3e62-04e5-4111-9cc9-9c21532552cc@group-E3F1B46F77CE: set configuration 0: [399d3e62-04e5-4111-9cc9-9c21532552cc:192.168.151.78:46302], old=null at 0
2019-09-19 11:40:17,898 [399d3e62-04e5-4111-9cc9-9c21532552cc@group-E3F1B46F77CE-SegmentedRaftLogWorker] INFO  segmented.SegmentedRaftLogWorker (SegmentedRaftLogWorker.java:execute(569)) - 399d3e62-04e5-4111-9cc9-9c21532552cc@group-E3F1B46F77CE-SegmentedRaftLogWorker: created new log segment /workdir/hadoop-ozone/integration-test/target/test-dir/MiniOzoneClusterImpl-ffcb80c2-b642-44a5-b522-9914b1f1ccc8/datanode-4/data/ratis/2f8eaf13-b6e8-4445-8c46-e3f1b46f77ce/current/log_inprogress_0
2019-09-19 11:40:17,936 [Thread-751] INFO  impl.FollowerState (FollowerState.java:run(106)) - 65261e74-c36a-42fd-98ac-65dc83eec679:group-2C5006FC0996 changes to CANDIDATE, lastRpcTime:5013, electionTimeout:5012ms
2019-09-19 11:40:17,936 [Thread-751] INFO  impl.RoleInfo (RoleInfo.java:shutdownFollowerState(121)) - 65261e74-c36a-42fd-98ac-65dc83eec679: shutdown FollowerState
2019-09-19 11:40:17,936 [Thread-751] INFO  impl.RaftServerImpl (RaftServerImpl.java:setRole(174)) - 65261e74-c36a-42fd-98ac-65dc83eec679@group-2C5006FC0996: changes role from  FOLLOWER to CANDIDATE at term 0 for changeToCandidate
2019-09-19 11:40:17,936 [Thread-751] INFO  impl.RoleInfo (RoleInfo.java:updateAndGet(143)) - 65261e74-c36a-42fd-98ac-65dc83eec679: start LeaderElection
2019-09-19 11:40:17,955 [Thread-743] INFO  impl.FollowerState (FollowerState.java:run(106)) - 6aa06fa1-f598-41a3-adfd-b6847bc7c6bb:group-470DAB7D492A changes to CANDIDATE, lastRpcTime:5127, electionTimeout:5127ms
2019-09-19 11:40:17,955 [65261e74-c36a-42fd-98ac-65dc83eec679@group-2C5006FC0996:LeaderElection30] INFO  impl.LeaderElection (LeaderElection.java:askForVotes(182)) - 65261e74-c36a-42fd-98ac-65dc83eec679@group-2C5006FC0996:LeaderElection30: begin an election at term 1 for -1: [65261e74-c36a-42fd-98ac-65dc83eec679:192.168.151.78:41008, 399d3e62-04e5-4111-9cc9-9c21532552cc:192.168.151.78:46302, c4eb8efe-62b2-45fb-815f-66d941ddca6e:192.168.151.78:45661], old=null
2019-09-19 11:40:17,955 [Thread-743] INFO  impl.RoleInfo (RoleInfo.java:shutdownFollowerState(121)) - 6aa06fa1-f598-41a3-adfd-b6847bc7c6bb: shutdown FollowerState
2019-09-19 11:40:17,955 [Thread-743] INFO  impl.RaftServerImpl (RaftServerImpl.java:setRole(174)) - 6aa06fa1-f598-41a3-adfd-b6847bc7c6bb@group-470DAB7D492A: changes role from  FOLLOWER to CANDIDATE at term 0 for changeToCandidate
2019-09-19 11:40:17,955 [Thread-743] INFO  impl.RoleInfo (RoleInfo.java:updateAndGet(143)) - 6aa06fa1-f598-41a3-adfd-b6847bc7c6bb: start LeaderElection
2019-09-19 11:40:17,966 [grpc-default-executor-5] INFO  impl.RaftServerImpl (RaftServerImpl.java:setRole(174)) - c4eb8efe-62b2-45fb-815f-66d941ddca6e@group-2C5006FC0996: changes role from  FOLLOWER to FOLLOWER at term 1 for recognizeCandidate:65261e74-c36a-42fd-98ac-65dc83eec679
2019-09-19 11:40:17,966 [grpc-default-executor-2] INFO  impl.RaftServerImpl (RaftServerImpl.java:setRole(174)) - 399d3e62-04e5-4111-9cc9-9c21532552cc@group-2C5006FC0996: changes role from  FOLLOWER to FOLLOWER at term 1 for recognizeCandidate:65261e74-c36a-42fd-98ac-65dc83eec679
2019-09-19 11:40:17,967 [grpc-default-executor-5] INFO  impl.RoleInfo (RoleInfo.java:shutdownFollowerState(121)) - c4eb8efe-62b2-45fb-815f-66d941ddca6e: shutdown FollowerState
2019-09-19 11:40:17,967 [grpc-default-executor-2] INFO  impl.RoleInfo (RoleInfo.java:shutdownFollowerState(121)) - 399d3e62-04e5-4111-9cc9-9c21532552cc: shutdown FollowerState
2019-09-19 11:40:17,967 [grpc-default-executor-5] INFO  impl.RoleInfo (RoleInfo.java:updateAndGet(143)) - c4eb8efe-62b2-45fb-815f-66d941ddca6e: start FollowerState
2019-09-19 11:40:17,968 [Thread-748] INFO  impl.FollowerState (FollowerState.java:run(115)) - 399d3e62-04e5-4111-9cc9-9c21532552cc: FollowerState was interrupted: java.lang.InterruptedException: sleep interrupted
2019-09-19 11:40:17,967 [grpc-default-executor-2] INFO  impl.RoleInfo (RoleInfo.java:updateAndGet(143)) - 399d3e62-04e5-4111-9cc9-9c21532552cc: start FollowerState
2019-09-19 11:40:17,967 [Thread-750] INFO  impl.FollowerState (FollowerState.java:run(115)) - c4eb8efe-62b2-45fb-815f-66d941ddca6e: FollowerState was interrupted: java.lang.InterruptedException: sleep interrupted
2019-09-19 11:40:17,973 [6aa06fa1-f598-41a3-adfd-b6847bc7c6bb@group-470DAB7D492A:LeaderElection31] INFO  impl.LeaderElection (LeaderElection.java:askForVotes(182)) - 6aa06fa1-f598-41a3-adfd-b6847bc7c6bb@group-470DAB7D492A:LeaderElection31: begin an election at term 1 for -1: [6aa06fa1-f598-41a3-adfd-b6847bc7c6bb:192.168.151.78:36357], old=null
2019-09-19 11:40:17,973 [6aa06fa1-f598-41a3-adfd-b6847bc7c6bb@group-470DAB7D492A:LeaderElection31] INFO  impl.RoleInfo (RoleInfo.java:shutdownLeaderElection(134)) - 6aa06fa1-f598-41a3-adfd-b6847bc7c6bb: shutdown LeaderElection
2019-09-19 11:40:17,974 [6aa06fa1-f598-41a3-adfd-b6847bc7c6bb@group-470DAB7D492A:LeaderElection31] INFO  impl.RaftServerImpl (RaftServerImpl.java:setRole(174)) - 6aa06fa1-f598-41a3-adfd-b6847bc7c6bb@group-470DAB7D492A: changes role from CANDIDATE to LEADER at term 1 for changeToLeader
2019-09-19 11:40:17,974 [6aa06fa1-f598-41a3-adfd-b6847bc7c6bb@group-470DAB7D492A:LeaderElection31] INFO  impl.RaftServerImpl (ServerState.java:setLeader(253)) - 6aa06fa1-f598-41a3-adfd-b6847bc7c6bb@group-470DAB7D492A: change Leader from null to 6aa06fa1-f598-41a3-adfd-b6847bc7c6bb at term 1 for becomeLeader, leader elected after 5158ms
2019-09-19 11:40:17,983 [6aa06fa1-f598-41a3-adfd-b6847bc7c6bb@group-470DAB7D492A:LeaderElection31] INFO  server.RaftServerConfigKeys (ConfUtils.java:logGet(43)) - raft.server.staging.catchup.gap = 1000 (default)
2019-09-19 11:40:17,983 [6aa06fa1-f598-41a3-adfd-b6847bc7c6bb@group-470DAB7D492A:LeaderElection31] INFO  server.RaftServerConfigKeys (ConfUtils.java:logGet(43)) - raft.server.rpc.sleep.time = 25ms (default)
2019-09-19 11:40:17,983 [6aa06fa1-f598-41a3-adfd-b6847bc7c6bb@group-470DAB7D492A:LeaderElection31] INFO  server.RaftServerConfigKeys (ConfUtils.java:logGet(43)) - raft.server.write.element-limit = 4096 (default)
2019-09-19 11:40:17,983 [6aa06fa1-f598-41a3-adfd-b6847bc7c6bb@group-470DAB7D492A:LeaderElection31] INFO  server.RaftServerConfigKeys (ConfUtils.java:logGet(43)) - raft.server.watch.timeout = 10s (default)
2019-09-19 11:40:17,983 [6aa06fa1-f598-41a3-adfd-b6847bc7c6bb@group-470DAB7D492A:LeaderElection31] INFO  server.RaftServerConfigKeys (ConfUtils.java:logGet(43)) - raft.server.watch.timeout.denomination = 1s (default)
2019-09-19 11:40:17,983 [6aa06fa1-f598-41a3-adfd-b6847bc7c6bb@group-470DAB7D492A:LeaderElection31] INFO  server.RaftServerConfigKeys (ConfUtils.java:logGet(43)) - raft.server.watch.element-limit = 65536 (default)
2019-09-19 11:40:17,986 [6aa06fa1-f598-41a3-adfd-b6847bc7c6bb@group-470DAB7D492A:LeaderElection31] INFO  impl.RoleInfo (RoleInfo.java:updateAndGet(143)) - 6aa06fa1-f598-41a3-adfd-b6847bc7c6bb: start LeaderState
2019-09-19 11:40:17,986 [6aa06fa1-f598-41a3-adfd-b6847bc7c6bb@group-470DAB7D492A:LeaderElection31] INFO  segmented.SegmentedRaftLogWorker (SegmentedRaftLogWorker.java:startLogSegment(380)) - 6aa06fa1-f598-41a3-adfd-b6847bc7c6bb@group-470DAB7D492A-SegmentedRaftLogWorker: Starting segment from index:0
2019-09-19 11:40:17,987 [6aa06fa1-f598-41a3-adfd-b6847bc7c6bb@group-470DAB7D492A:LeaderElection31] INFO  impl.RaftServerImpl (ServerState.java:setRaftConf(354)) - 6aa06fa1-f598-41a3-adfd-b6847bc7c6bb@group-470DAB7D492A: set configuration 0: [6aa06fa1-f598-41a3-adfd-b6847bc7c6bb:192.168.151.78:36357], old=null at 0
2019-09-19 11:40:18,038 [65261e74-c36a-42fd-98ac-65dc83eec679@group-2C5006FC0996:LeaderElection30] INFO  impl.LeaderElection (LeaderElection.java:logAndReturn(56)) - 65261e74-c36a-42fd-98ac-65dc83eec679@group-2C5006FC0996:LeaderElection30: Election PASSED; received 1 response(s) [65261e74-c36a-42fd-98ac-65dc83eec679<-399d3e62-04e5-4111-9cc9-9c21532552cc#0:OK-t1] and 0 exception(s); 65261e74-c36a-42fd-98ac-65dc83eec679@group-2C5006FC0996:t1, leader=null, voted=65261e74-c36a-42fd-98ac-65dc83eec679, raftlog=65261e74-c36a-42fd-98ac-65dc83eec679@group-2C5006FC0996-SegmentedRaftLog:OPENED:c-1,f-1,i0, conf=-1: [65261e74-c36a-42fd-98ac-65dc83eec679:192.168.151.78:41008, 399d3e62-04e5-4111-9cc9-9c21532552cc:192.168.151.78:46302, c4eb8efe-62b2-45fb-815f-66d941ddca6e:192.168.151.78:45661], old=null
2019-09-19 11:40:18,038 [65261e74-c36a-42fd-98ac-65dc83eec679@group-2C5006FC0996:LeaderElection30] INFO  impl.RoleInfo (RoleInfo.java:shutdownLeaderElection(134)) - 65261e74-c36a-42fd-98ac-65dc83eec679: shutdown LeaderElection
2019-09-19 11:40:18,038 [65261e74-c36a-42fd-98ac-65dc83eec679@group-2C5006FC0996:LeaderElection30] INFO  impl.RaftServerImpl (RaftServerImpl.java:setRole(174)) - 65261e74-c36a-42fd-98ac-65dc83eec679@group-2C5006FC0996: changes role from CANDIDATE to LEADER at term 1 for changeToLeader
2019-09-19 11:40:18,039 [65261e74-c36a-42fd-98ac-65dc83eec679@group-2C5006FC0996:LeaderElection30] INFO  impl.RaftServerImpl (ServerState.java:setLeader(253)) - 65261e74-c36a-42fd-98ac-65dc83eec679@group-2C5006FC0996: change Leader from null to 65261e74-c36a-42fd-98ac-65dc83eec679 at term 1 for becomeLeader, leader elected after 5131ms
2019-09-19 11:40:18,039 [65261e74-c36a-42fd-98ac-65dc83eec679@group-2C5006FC0996:LeaderElection30] INFO  server.RaftServerConfigKeys (ConfUtils.java:logGet(43)) - raft.server.staging.catchup.gap = 1000 (default)
2019-09-19 11:40:18,039 [65261e74-c36a-42fd-98ac-65dc83eec679@group-2C5006FC0996:LeaderElection30] INFO  server.RaftServerConfigKeys (ConfUtils.java:logGet(43)) - raft.server.rpc.sleep.time = 25ms (default)
2019-09-19 11:40:18,039 [65261e74-c36a-42fd-98ac-65dc83eec679@group-2C5006FC0996:LeaderElection30] INFO  server.RaftServerConfigKeys (ConfUtils.java:logGet(43)) - raft.server.write.element-limit = 4096 (default)
2019-09-19 11:40:18,039 [65261e74-c36a-42fd-98ac-65dc83eec679@group-2C5006FC0996:LeaderElection30] INFO  server.RaftServerConfigKeys (ConfUtils.java:logGet(43)) - raft.server.watch.timeout = 10s (default)
2019-09-19 11:40:18,040 [65261e74-c36a-42fd-98ac-65dc83eec679@group-2C5006FC0996:LeaderElection30] INFO  server.RaftServerConfigKeys (ConfUtils.java:logGet(43)) - raft.server.watch.timeout.denomination = 1s (default)
2019-09-19 11:40:18,040 [65261e74-c36a-42fd-98ac-65dc83eec679@group-2C5006FC0996:LeaderElection30] INFO  server.RaftServerConfigKeys (ConfUtils.java:logGet(43)) - raft.server.watch.element-limit = 65536 (default)
2019-09-19 11:40:18,042 [6aa06fa1-f598-41a3-adfd-b6847bc7c6bb@group-470DAB7D492A-SegmentedRaftLogWorker] INFO  segmented.SegmentedRaftLogWorker (SegmentedRaftLogWorker.java:execute(569)) - 6aa06fa1-f598-41a3-adfd-b6847bc7c6bb@group-470DAB7D492A-SegmentedRaftLogWorker: created new log segment /workdir/hadoop-ozone/integration-test/target/test-dir/MiniOzoneClusterImpl-ffcb80c2-b642-44a5-b522-9914b1f1ccc8/datanode-6/data/ratis/747654bc-299e-4cc4-9b25-470dab7d492a/current/log_inprogress_0
2019-09-19 11:40:18,045 [65261e74-c36a-42fd-98ac-65dc83eec679@group-2C5006FC0996:LeaderElection30] INFO  server.RaftServerConfigKeys (ConfUtils.java:logGet(43)) - raft.server.log.appender.snapshot.chunk.size.max = 16MB (=16777216) (default)
2019-09-19 11:40:18,046 [65261e74-c36a-42fd-98ac-65dc83eec679@group-2C5006FC0996:LeaderElection30] INFO  server.RaftServerConfigKeys (ConfUtils.java:logGet(43)) - raft.server.log.appender.buffer.byte-limit = 33554432 (custom)
2019-09-19 11:40:18,046 [65261e74-c36a-42fd-98ac-65dc83eec679@group-2C5006FC0996:LeaderElection30] INFO  server.RaftServerConfigKeys (ConfUtils.java:logGet(43)) - raft.server.log.appender.buffer.element-limit = 1 (custom)
2019-09-19 11:40:18,046 [65261e74-c36a-42fd-98ac-65dc83eec679@group-2C5006FC0996:LeaderElection30] INFO  grpc.GrpcConfigKeys$Server (ConfUtils.java:logGet(43)) - raft.grpc.server.leader.outstanding.appends.max = 128 (default)
2019-09-19 11:40:18,046 [65261e74-c36a-42fd-98ac-65dc83eec679@group-2C5006FC0996:LeaderElection30] INFO  server.RaftServerConfigKeys (ConfUtils.java:logGet(43)) - raft.server.rpc.request.timeout = 3000ms (default)
2019-09-19 11:40:18,047 [65261e74-c36a-42fd-98ac-65dc83eec679@group-2C5006FC0996:LeaderElection30] INFO  server.RaftServerConfigKeys (ConfUtils.java:logGet(43)) - raft.server.log.appender.install.snapshot.enabled = false (custom)
2019-09-19 11:40:18,047 [65261e74-c36a-42fd-98ac-65dc83eec679@group-2C5006FC0996:LeaderElection30] INFO  server.RaftServerConfigKeys (ConfUtils.java:logGet(43)) - raft.server.log.appender.snapshot.chunk.size.max = 16MB (=16777216) (default)
2019-09-19 11:40:18,047 [65261e74-c36a-42fd-98ac-65dc83eec679@group-2C5006FC0996:LeaderElection30] INFO  server.RaftServerConfigKeys (ConfUtils.java:logGet(43)) - raft.server.log.appender.buffer.byte-limit = 33554432 (custom)
2019-09-19 11:40:18,047 [65261e74-c36a-42fd-98ac-65dc83eec679@group-2C5006FC0996:LeaderElection30] INFO  server.RaftServerConfigKeys (ConfUtils.java:logGet(43)) - raft.server.log.appender.buffer.element-limit = 1 (custom)
2019-09-19 11:40:18,048 [65261e74-c36a-42fd-98ac-65dc83eec679@group-2C5006FC0996:LeaderElection30] INFO  grpc.GrpcConfigKeys$Server (ConfUtils.java:logGet(43)) - raft.grpc.server.leader.outstanding.appends.max = 128 (default)
2019-09-19 11:40:18,048 [65261e74-c36a-42fd-98ac-65dc83eec679@group-2C5006FC0996:LeaderElection30] INFO  server.RaftServerConfigKeys (ConfUtils.java:logGet(43)) - raft.server.rpc.request.timeout = 3000ms (default)
2019-09-19 11:40:18,048 [65261e74-c36a-42fd-98ac-65dc83eec679@group-2C5006FC0996:LeaderElection30] INFO  server.RaftServerConfigKeys (ConfUtils.java:logGet(43)) - raft.server.log.appender.install.snapshot.enabled = false (custom)
2019-09-19 11:40:18,049 [65261e74-c36a-42fd-98ac-65dc83eec679@group-2C5006FC0996:LeaderElection30] INFO  impl.RoleInfo (RoleInfo.java:updateAndGet(143)) - 65261e74-c36a-42fd-98ac-65dc83eec679: start LeaderState
2019-09-19 11:40:18,049 [65261e74-c36a-42fd-98ac-65dc83eec679@group-2C5006FC0996:LeaderElection30] INFO  segmented.SegmentedRaftLogWorker (SegmentedRaftLogWorker.java:startLogSegment(380)) - 65261e74-c36a-42fd-98ac-65dc83eec679@group-2C5006FC0996-SegmentedRaftLogWorker: Starting segment from index:0
2019-09-19 11:40:18,050 [65261e74-c36a-42fd-98ac-65dc83eec679@group-2C5006FC0996:LeaderElection30] INFO  impl.RaftServerImpl (ServerState.java:setRaftConf(354)) - 65261e74-c36a-42fd-98ac-65dc83eec679@group-2C5006FC0996: set configuration 0: [65261e74-c36a-42fd-98ac-65dc83eec679:192.168.151.78:41008, 399d3e62-04e5-4111-9cc9-9c21532552cc:192.168.151.78:46302, c4eb8efe-62b2-45fb-815f-66d941ddca6e:192.168.151.78:45661], old=null at 0
2019-09-19 11:40:18,087 [grpc-default-executor-5] INFO  impl.RaftServerImpl (ServerState.java:setLeader(253)) - 399d3e62-04e5-4111-9cc9-9c21532552cc@group-2C5006FC0996: change Leader from null to 65261e74-c36a-42fd-98ac-65dc83eec679 at term 1 for appendEntries, leader elected after 5180ms
2019-09-19 11:40:18,090 [grpc-default-executor-2] INFO  impl.RaftServerImpl (ServerState.java:setLeader(253)) - c4eb8efe-62b2-45fb-815f-66d941ddca6e@group-2C5006FC0996: change Leader from null to 65261e74-c36a-42fd-98ac-65dc83eec679 at term 1 for appendEntries, leader elected after 5183ms
2019-09-19 11:40:18,093 [grpc-default-executor-2] INFO  impl.RaftServerImpl (ServerState.java:setRaftConf(354)) - 399d3e62-04e5-4111-9cc9-9c21532552cc@group-2C5006FC0996: set configuration 0: [65261e74-c36a-42fd-98ac-65dc83eec679:192.168.151.78:41008, 399d3e62-04e5-4111-9cc9-9c21532552cc:192.168.151.78:46302, c4eb8efe-62b2-45fb-815f-66d941ddca6e:192.168.151.78:45661], old=null at 0
2019-09-19 11:40:18,093 [grpc-default-executor-2] INFO  segmented.SegmentedRaftLogWorker (SegmentedRaftLogWorker.java:startLogSegment(380)) - 399d3e62-04e5-4111-9cc9-9c21532552cc@group-2C5006FC0996-SegmentedRaftLogWorker: Starting segment from index:0
2019-09-19 11:40:18,094 [grpc-default-executor-5] INFO  impl.RaftServerImpl (ServerState.java:setRaftConf(354)) - c4eb8efe-62b2-45fb-815f-66d941ddca6e@group-2C5006FC0996: set configuration 0: [65261e74-c36a-42fd-98ac-65dc83eec679:192.168.151.78:41008, 399d3e62-04e5-4111-9cc9-9c21532552cc:192.168.151.78:46302, c4eb8efe-62b2-45fb-815f-66d941ddca6e:192.168.151.78:45661], old=null at 0
2019-09-19 11:40:18,094 [grpc-default-executor-5] INFO  segmented.SegmentedRaftLogWorker (SegmentedRaftLogWorker.java:startLogSegment(380)) - c4eb8efe-62b2-45fb-815f-66d941ddca6e@group-2C5006FC0996-SegmentedRaftLogWorker: Starting segment from index:0
2019-09-19 11:40:18,099 [65261e74-c36a-42fd-98ac-65dc83eec679@group-2C5006FC0996-SegmentedRaftLogWorker] INFO  segmented.SegmentedRaftLogWorker (SegmentedRaftLogWorker.java:execute(569)) - 65261e74-c36a-42fd-98ac-65dc83eec679@group-2C5006FC0996-SegmentedRaftLogWorker: created new log segment /workdir/hadoop-ozone/integration-test/target/test-dir/MiniOzoneClusterImpl-ffcb80c2-b642-44a5-b522-9914b1f1ccc8/datanode-3/data/ratis/1dbc22e0-a6d3-4a2a-939e-2c5006fc0996/current/log_inprogress_0
2019-09-19 11:40:18,137 [c4eb8efe-62b2-45fb-815f-66d941ddca6e@group-2C5006FC0996-SegmentedRaftLogWorker] INFO  segmented.SegmentedRaftLogWorker (SegmentedRaftLogWorker.java:execute(569)) - c4eb8efe-62b2-45fb-815f-66d941ddca6e@group-2C5006FC0996-SegmentedRaftLogWorker: created new log segment /workdir/hadoop-ozone/integration-test/target/test-dir/MiniOzoneClusterImpl-ffcb80c2-b642-44a5-b522-9914b1f1ccc8/datanode-5/data/ratis/1dbc22e0-a6d3-4a2a-939e-2c5006fc0996/current/log_inprogress_0
2019-09-19 11:40:18,140 [399d3e62-04e5-4111-9cc9-9c21532552cc@group-2C5006FC0996-SegmentedRaftLogWorker] INFO  segmented.SegmentedRaftLogWorker (SegmentedRaftLogWorker.java:execute(569)) - 399d3e62-04e5-4111-9cc9-9c21532552cc@group-2C5006FC0996-SegmentedRaftLogWorker: created new log segment /workdir/hadoop-ozone/integration-test/target/test-dir/MiniOzoneClusterImpl-ffcb80c2-b642-44a5-b522-9914b1f1ccc8/datanode-4/data/ratis/1dbc22e0-a6d3-4a2a-939e-2c5006fc0996/current/log_inprogress_0
2019-09-19 11:40:18,227 [grpc-default-executor-5] INFO  client.GrpcClientProtocolClient (GrpcClientProtocolClient.java:onNext(264)) - client-78A96E61A88F->65261e74-c36a-42fd-98ac-65dc83eec679: receive RaftClientReply:client-78A96E61A88F->65261e74-c36a-42fd-98ac-65dc83eec679@group-2C5006FC0996, cid=42, SUCCESS, logIndex=1, commits[65261e74-c36a-42fd-98ac-65dc83eec679:c2, 399d3e62-04e5-4111-9cc9-9c21532552cc:c1, c4eb8efe-62b2-45fb-815f-66d941ddca6e:c1]
2019-09-19 11:40:18,331 [grpc-default-executor-5] INFO  client.GrpcClientProtocolClient (GrpcClientProtocolClient.java:onNext(264)) - client-78A96E61A88F->65261e74-c36a-42fd-98ac-65dc83eec679: receive RaftClientReply:client-78A96E61A88F->65261e74-c36a-42fd-98ac-65dc83eec679@group-2C5006FC0996, cid=43, SUCCESS, logIndex=3, commits[65261e74-c36a-42fd-98ac-65dc83eec679:c4, 399d3e62-04e5-4111-9cc9-9c21532552cc:c3, c4eb8efe-62b2-45fb-815f-66d941ddca6e:c3]
2019-09-19 11:40:19,292 [grpc-default-executor-2] INFO  client.GrpcClientProtocolClient (GrpcClientProtocolClient.java:onNext(264)) - client-78A96E61A88F->65261e74-c36a-42fd-98ac-65dc83eec679: receive RaftClientReply:client-78A96E61A88F->65261e74-c36a-42fd-98ac-65dc83eec679@group-2C5006FC0996, cid=44, SUCCESS, logIndex=5, commits[65261e74-c36a-42fd-98ac-65dc83eec679:c6, 399d3e62-04e5-4111-9cc9-9c21532552cc:c5, c4eb8efe-62b2-45fb-815f-66d941ddca6e:c5]
2019-09-19 11:40:19,352 [RatisApplyTransactionExecutor 1] ERROR ratis.ContainerStateMachine (ContainerStateMachine.java:lambda$applyTransaction$6(721)) - gid group-2C5006FC0996 : ApplyTransaction failed. cmd CreateContainer logIndex 7 exception {}
java.lang.IllegalArgumentException
	at com.google.common.base.Preconditions.checkArgument(Preconditions.java:72)
	at org.apache.hadoop.ozone.container.keyvalue.KeyValueHandler.handleCreateContainer(KeyValueHandler.java:215)
	at org.apache.hadoop.ozone.container.keyvalue.KeyValueHandler.handle(KeyValueHandler.java:152)
	at org.apache.hadoop.ozone.container.common.impl.HddsDispatcher.dispatchRequest(HddsDispatcher.java:275)
	at org.apache.hadoop.ozone.container.common.impl.HddsDispatcher.dispatch(HddsDispatcher.java:150)
	at org.apache.hadoop.ozone.container.common.transport.server.ratis.ContainerStateMachine.dispatchCommand(ContainerStateMachine.java:401)
	at org.apache.hadoop.ozone.container.common.transport.server.ratis.ContainerStateMachine.runCommand(ContainerStateMachine.java:409)
	at org.apache.hadoop.ozone.container.common.transport.server.ratis.ContainerStateMachine.lambda$applyTransaction$6(ContainerStateMachine.java:719)
	at java.util.concurrent.CompletableFuture$AsyncSupply.run(CompletableFuture.java:1590)
	at java.util.concurrent.ThreadPoolExecutor.runWorker(ThreadPoolExecutor.java:1149)
	at java.util.concurrent.ThreadPoolExecutor$Worker.run(ThreadPoolExecutor.java:624)
	at java.lang.Thread.run(Thread.java:748)
2019-09-19 11:40:19,391 [RatisApplyTransactionExecutor 1] ERROR ratis.ContainerStateMachine (ContainerStateMachine.java:lambda$applyTransaction$6(721)) - gid group-2C5006FC0996 : ApplyTransaction failed. cmd CreateContainer logIndex 7 exception {}
java.lang.IllegalArgumentException
	at com.google.common.base.Preconditions.checkArgument(Preconditions.java:72)
	at org.apache.hadoop.ozone.container.keyvalue.KeyValueHandler.handleCreateContainer(KeyValueHandler.java:215)
	at org.apache.hadoop.ozone.container.keyvalue.KeyValueHandler.handle(KeyValueHandler.java:152)
	at org.apache.hadoop.ozone.container.common.impl.HddsDispatcher.dispatchRequest(HddsDispatcher.java:275)
	at org.apache.hadoop.ozone.container.common.impl.HddsDispatcher.dispatch(HddsDispatcher.java:150)
	at org.apache.hadoop.ozone.container.common.transport.server.ratis.ContainerStateMachine.dispatchCommand(ContainerStateMachine.java:401)
	at org.apache.hadoop.ozone.container.common.transport.server.ratis.ContainerStateMachine.runCommand(ContainerStateMachine.java:409)
	at org.apache.hadoop.ozone.container.common.transport.server.ratis.ContainerStateMachine.lambda$applyTransaction$6(ContainerStateMachine.java:719)
	at java.util.concurrent.CompletableFuture$AsyncSupply.run(CompletableFuture.java:1590)
	at java.util.concurrent.ThreadPoolExecutor.runWorker(ThreadPoolExecutor.java:1149)
	at java.util.concurrent.ThreadPoolExecutor$Worker.run(ThreadPoolExecutor.java:624)
	at java.lang.Thread.run(Thread.java:748)
2019-09-19 11:40:19,391 [RatisApplyTransactionExecutor 1] ERROR ratis.ContainerStateMachine (ContainerStateMachine.java:lambda$applyTransaction$6(721)) - gid group-2C5006FC0996 : ApplyTransaction failed. cmd CreateContainer logIndex 7 exception {}
java.lang.IllegalArgumentException
	at com.google.common.base.Preconditions.checkArgument(Preconditions.java:72)
	at org.apache.hadoop.ozone.container.keyvalue.KeyValueHandler.handleCreateContainer(KeyValueHandler.java:215)
	at org.apache.hadoop.ozone.container.keyvalue.KeyValueHandler.handle(KeyValueHandler.java:152)
	at org.apache.hadoop.ozone.container.common.impl.HddsDispatcher.dispatchRequest(HddsDispatcher.java:275)
	at org.apache.hadoop.ozone.container.common.impl.HddsDispatcher.dispatch(HddsDispatcher.java:150)
	at org.apache.hadoop.ozone.container.common.transport.server.ratis.ContainerStateMachine.dispatchCommand(ContainerStateMachine.java:401)
	at org.apache.hadoop.ozone.container.common.transport.server.ratis.ContainerStateMachine.runCommand(ContainerStateMachine.java:409)
	at org.apache.hadoop.ozone.container.common.transport.server.ratis.ContainerStateMachine.lambda$applyTransaction$6(ContainerStateMachine.java:719)
	at java.util.concurrent.CompletableFuture$AsyncSupply.run(CompletableFuture.java:1590)
	at java.util.concurrent.ThreadPoolExecutor.runWorker(ThreadPoolExecutor.java:1149)
	at java.util.concurrent.ThreadPoolExecutor$Worker.run(ThreadPoolExecutor.java:624)
	at java.lang.Thread.run(Thread.java:748)
2019-09-19 11:40:20,398 [grpc-default-executor-5] INFO  client.GrpcClientProtocolClient (GrpcClientProtocolClient.java:onNext(264)) - client-78A96E61A88F->399d3e62-04e5-4111-9cc9-9c21532552cc: receive RaftClientReply:client-78A96E61A88F->399d3e62-04e5-4111-9cc9-9c21532552cc@group-2C5006FC0996, cid=45, FAILED org.apache.ratis.protocol.NotLeaderException: Server 399d3e62-04e5-4111-9cc9-9c21532552cc@group-2C5006FC0996 is not the leader 65261e74-c36a-42fd-98ac-65dc83eec679:192.168.151.78:41008, logIndex=0, commits[399d3e62-04e5-4111-9cc9-9c21532552cc:c7, 65261e74-c36a-42fd-98ac-65dc83eec679:c7, c4eb8efe-62b2-45fb-815f-66d941ddca6e:c6]
2019-09-19 11:40:21,442 [grpc-default-executor-5] INFO  client.GrpcClientProtocolClient (GrpcClientProtocolClient.java:onNext(264)) - client-78A96E61A88F->c4eb8efe-62b2-45fb-815f-66d941ddca6e: receive RaftClientReply:client-78A96E61A88F->c4eb8efe-62b2-45fb-815f-66d941ddca6e@group-2C5006FC0996, cid=45, FAILED org.apache.ratis.protocol.NotLeaderException: Server c4eb8efe-62b2-45fb-815f-66d941ddca6e@group-2C5006FC0996 is not the leader 65261e74-c36a-42fd-98ac-65dc83eec679:192.168.151.78:41008, logIndex=0, commits[c4eb8efe-62b2-45fb-815f-66d941ddca6e:c7, 65261e74-c36a-42fd-98ac-65dc83eec679:c7, 399d3e62-04e5-4111-9cc9-9c21532552cc:c6]
2019-09-19 11:40:22,487 [grpc-default-executor-2] INFO  client.GrpcClientProtocolClient (GrpcClientProtocolClient.java:onNext(264)) - client-78A96E61A88F->c4eb8efe-62b2-45fb-815f-66d941ddca6e: receive RaftClientReply:client-78A96E61A88F->c4eb8efe-62b2-45fb-815f-66d941ddca6e@group-2C5006FC0996, cid=45, FAILED org.apache.ratis.protocol.NotLeaderException: Server c4eb8efe-62b2-45fb-815f-66d941ddca6e@group-2C5006FC0996 is not the leader 65261e74-c36a-42fd-98ac-65dc83eec679:192.168.151.78:41008, logIndex=0, commits[c4eb8efe-62b2-45fb-815f-66d941ddca6e:c8, 65261e74-c36a-42fd-98ac-65dc83eec679:c8, 399d3e62-04e5-4111-9cc9-9c21532552cc:c7]
2019-09-19 11:40:23,533 [grpc-default-executor-2] INFO  client.GrpcClientProtocolClient (GrpcClientProtocolClient.java:onNext(264)) - client-78A96E61A88F->399d3e62-04e5-4111-9cc9-9c21532552cc: receive RaftClientReply:client-78A96E61A88F->399d3e62-04e5-4111-9cc9-9c21532552cc@group-2C5006FC0996, cid=45, FAILED org.apache.ratis.protocol.NotLeaderException: Server 399d3e62-04e5-4111-9cc9-9c21532552cc@group-2C5006FC0996 is not the leader 65261e74-c36a-42fd-98ac-65dc83eec679:192.168.151.78:41008, logIndex=0, commits[399d3e62-04e5-4111-9cc9-9c21532552cc:c8, 65261e74-c36a-42fd-98ac-65dc83eec679:c8, c4eb8efe-62b2-45fb-815f-66d941ddca6e:c7]
2019-09-19 11:40:24,577 [grpc-default-executor-5] INFO  client.GrpcClientProtocolClient (GrpcClientProtocolClient.java:onNext(264)) - client-78A96E61A88F->c4eb8efe-62b2-45fb-815f-66d941ddca6e: receive RaftClientReply:client-78A96E61A88F->c4eb8efe-62b2-45fb-815f-66d941ddca6e@group-2C5006FC0996, cid=45, FAILED org.apache.ratis.protocol.NotLeaderException: Server c4eb8efe-62b2-45fb-815f-66d941ddca6e@group-2C5006FC0996 is not the leader 65261e74-c36a-42fd-98ac-65dc83eec679:192.168.151.78:41008, logIndex=0, commits[c4eb8efe-62b2-45fb-815f-66d941ddca6e:c8, 65261e74-c36a-42fd-98ac-65dc83eec679:c8, 399d3e62-04e5-4111-9cc9-9c21532552cc:c8]
2019-09-19 11:40:25,638 [grpc-default-executor-5] INFO  client.GrpcClientProtocolClient (GrpcClientProtocolClient.java:onNext(264)) - client-78A96E61A88F->399d3e62-04e5-4111-9cc9-9c21532552cc: receive RaftClientReply:client-78A96E61A88F->399d3e62-04e5-4111-9cc9-9c21532552cc@group-2C5006FC0996, cid=45, FAILED org.apache.ratis.protocol.NotLeaderException: Server 399d3e62-04e5-4111-9cc9-9c21532552cc@group-2C5006FC0996 is not the leader 65261e74-c36a-42fd-98ac-65dc83eec679:192.168.151.78:41008, logIndex=0, commits[399d3e62-04e5-4111-9cc9-9c21532552cc:c8, 65261e74-c36a-42fd-98ac-65dc83eec679:c8, c4eb8efe-62b2-45fb-815f-66d941ddca6e:c8]
2019-09-19 11:40:26,911 [grpc-default-executor-2] INFO  client.GrpcClientProtocolClient (GrpcClientProtocolClient.java:onNext(264)) - client-78A96E61A88F->c4eb8efe-62b2-45fb-815f-66d941ddca6e: receive RaftClientReply:client-78A96E61A88F->c4eb8efe-62b2-45fb-815f-66d941ddca6e@group-2C5006FC0996, cid=45, FAILED org.apache.ratis.protocol.NotLeaderException: Server c4eb8efe-62b2-45fb-815f-66d941ddca6e@group-2C5006FC0996 is not the leader 65261e74-c36a-42fd-98ac-65dc83eec679:192.168.151.78:41008, logIndex=0, commits[c4eb8efe-62b2-45fb-815f-66d941ddca6e:c8, 65261e74-c36a-42fd-98ac-65dc83eec679:c8, 399d3e62-04e5-4111-9cc9-9c21532552cc:c8]
2019-09-19 11:40:28,021 [grpc-default-executor-5] INFO  client.GrpcClientProtocolClient (GrpcClientProtocolClient.java:onNext(264)) - client-78A96E61A88F->399d3e62-04e5-4111-9cc9-9c21532552cc: receive RaftClientReply:client-78A96E61A88F->399d3e62-04e5-4111-9cc9-9c21532552cc@group-2C5006FC0996, cid=45, FAILED org.apache.ratis.protocol.NotLeaderException: Server 399d3e62-04e5-4111-9cc9-9c21532552cc@group-2C5006FC0996 is not the leader 65261e74-c36a-42fd-98ac-65dc83eec679:192.168.151.78:41008, logIndex=0, commits[399d3e62-04e5-4111-9cc9-9c21532552cc:c8, 65261e74-c36a-42fd-98ac-65dc83eec679:c8, c4eb8efe-62b2-45fb-815f-66d941ddca6e:c8]
2019-09-19 11:40:29,057 [grpc-default-executor-5] INFO  client.GrpcClientProtocolClient (GrpcClientProtocolClient.java:onNext(264)) - client-78A96E61A88F->399d3e62-04e5-4111-9cc9-9c21532552cc: receive RaftClientReply:client-78A96E61A88F->399d3e62-04e5-4111-9cc9-9c21532552cc@group-2C5006FC0996, cid=45, FAILED org.apache.ratis.protocol.NotLeaderException: Server 399d3e62-04e5-4111-9cc9-9c21532552cc@group-2C5006FC0996 is not the leader 65261e74-c36a-42fd-98ac-65dc83eec679:192.168.151.78:41008, logIndex=0, commits[399d3e62-04e5-4111-9cc9-9c21532552cc:c8, 65261e74-c36a-42fd-98ac-65dc83eec679:c8, c4eb8efe-62b2-45fb-815f-66d941ddca6e:c8]
2019-09-19 11:40:30,108 [grpc-default-executor-5] INFO  client.GrpcClientProtocolClient (GrpcClientProtocolClient.java:onNext(264)) - client-78A96E61A88F->399d3e62-04e5-4111-9cc9-9c21532552cc: receive RaftClientReply:client-78A96E61A88F->399d3e62-04e5-4111-9cc9-9c21532552cc@group-2C5006FC0996, cid=45, FAILED org.apache.ratis.protocol.NotLeaderException: Server 399d3e62-04e5-4111-9cc9-9c21532552cc@group-2C5006FC0996 is not the leader 65261e74-c36a-42fd-98ac-65dc83eec679:192.168.151.78:41008, logIndex=0, commits[399d3e62-04e5-4111-9cc9-9c21532552cc:c8, 65261e74-c36a-42fd-98ac-65dc83eec679:c8, c4eb8efe-62b2-45fb-815f-66d941ddca6e:c8]
2019-09-19 11:40:31,176 [grpc-default-executor-2] INFO  client.GrpcClientProtocolClient (GrpcClientProtocolClient.java:onNext(264)) - client-78A96E61A88F->c4eb8efe-62b2-45fb-815f-66d941ddca6e: receive RaftClientReply:client-78A96E61A88F->c4eb8efe-62b2-45fb-815f-66d941ddca6e@group-2C5006FC0996, cid=45, FAILED org.apache.ratis.protocol.NotLeaderException: Server c4eb8efe-62b2-45fb-815f-66d941ddca6e@group-2C5006FC0996 is not the leader 65261e74-c36a-42fd-98ac-65dc83eec679:192.168.151.78:41008, logIndex=0, commits[c4eb8efe-62b2-45fb-815f-66d941ddca6e:c8, 65261e74-c36a-42fd-98ac-65dc83eec679:c8, 399d3e62-04e5-4111-9cc9-9c21532552cc:c8]
2019-09-19 11:40:32,212 [grpc-default-executor-5] INFO  client.GrpcClientProtocolClient (GrpcClientProtocolClient.java:onNext(264)) - client-78A96E61A88F->c4eb8efe-62b2-45fb-815f-66d941ddca6e: receive RaftClientReply:client-78A96E61A88F->c4eb8efe-62b2-45fb-815f-66d941ddca6e@group-2C5006FC0996, cid=45, FAILED org.apache.ratis.protocol.NotLeaderException: Server c4eb8efe-62b2-45fb-815f-66d941ddca6e@group-2C5006FC0996 is not the leader 65261e74-c36a-42fd-98ac-65dc83eec679:192.168.151.78:41008, logIndex=0, commits[c4eb8efe-62b2-45fb-815f-66d941ddca6e:c8, 65261e74-c36a-42fd-98ac-65dc83eec679:c8, 399d3e62-04e5-4111-9cc9-9c21532552cc:c8]
2019-09-19 11:40:33,247 [grpc-default-executor-0] INFO  client.GrpcClientProtocolClient (GrpcClientProtocolClient.java:onNext(264)) - client-78A96E61A88F->c4eb8efe-62b2-45fb-815f-66d941ddca6e: receive RaftClientReply:client-78A96E61A88F->c4eb8efe-62b2-45fb-815f-66d941ddca6e@group-2C5006FC0996, cid=45, FAILED org.apache.ratis.protocol.NotLeaderException: Server c4eb8efe-62b2-45fb-815f-66d941ddca6e@group-2C5006FC0996 is not the leader 65261e74-c36a-42fd-98ac-65dc83eec679:192.168.151.78:41008, logIndex=0, commits[c4eb8efe-62b2-45fb-815f-66d941ddca6e:c8, 65261e74-c36a-42fd-98ac-65dc83eec679:c8, 399d3e62-04e5-4111-9cc9-9c21532552cc:c8]
2019-09-19 11:40:34,281 [grpc-default-executor-5] INFO  client.GrpcClientProtocolClient (GrpcClientProtocolClient.java:onNext(264)) - client-78A96E61A88F->c4eb8efe-62b2-45fb-815f-66d941ddca6e: receive RaftClientReply:client-78A96E61A88F->c4eb8efe-62b2-45fb-815f-66d941ddca6e@group-2C5006FC0996, cid=45, FAILED org.apache.ratis.protocol.NotLeaderException: Server c4eb8efe-62b2-45fb-815f-66d941ddca6e@group-2C5006FC0996 is not the leader 65261e74-c36a-42fd-98ac-65dc83eec679:192.168.151.78:41008, logIndex=0, commits[c4eb8efe-62b2-45fb-815f-66d941ddca6e:c8, 65261e74-c36a-42fd-98ac-65dc83eec679:c8, 399d3e62-04e5-4111-9cc9-9c21532552cc:c8]
2019-09-19 11:40:35,315 [grpc-default-executor-2] INFO  client.GrpcClientProtocolClient (GrpcClientProtocolClient.java:onNext(264)) - client-78A96E61A88F->c4eb8efe-62b2-45fb-815f-66d941ddca6e: receive RaftClientReply:client-78A96E61A88F->c4eb8efe-62b2-45fb-815f-66d941ddca6e@group-2C5006FC0996, cid=45, FAILED org.apache.ratis.protocol.NotLeaderException: Server c4eb8efe-62b2-45fb-815f-66d941ddca6e@group-2C5006FC0996 is not the leader 65261e74-c36a-42fd-98ac-65dc83eec679:192.168.151.78:41008, logIndex=0, commits[c4eb8efe-62b2-45fb-815f-66d941ddca6e:c8, 65261e74-c36a-42fd-98ac-65dc83eec679:c8, 399d3e62-04e5-4111-9cc9-9c21532552cc:c8]
2019-09-19 11:40:36,351 [grpc-default-executor-2] INFO  client.GrpcClientProtocolClient (GrpcClientProtocolClient.java:onNext(264)) - client-78A96E61A88F->c4eb8efe-62b2-45fb-815f-66d941ddca6e: receive RaftClientReply:client-78A96E61A88F->c4eb8efe-62b2-45fb-815f-66d941ddca6e@group-2C5006FC0996, cid=45, FAILED org.apache.ratis.protocol.NotLeaderException: Server c4eb8efe-62b2-45fb-815f-66d941ddca6e@group-2C5006FC0996 is not the leader 65261e74-c36a-42fd-98ac-65dc83eec679:192.168.151.78:41008, logIndex=0, commits[c4eb8efe-62b2-45fb-815f-66d941ddca6e:c8, 65261e74-c36a-42fd-98ac-65dc83eec679:c8, 399d3e62-04e5-4111-9cc9-9c21532552cc:c8]
2019-09-19 11:40:37,379 [grpc-default-executor-2] INFO  client.GrpcClientProtocolClient (GrpcClientProtocolClient.java:onNext(264)) - client-78A96E61A88F->399d3e62-04e5-4111-9cc9-9c21532552cc: receive RaftClientReply:client-78A96E61A88F->399d3e62-04e5-4111-9cc9-9c21532552cc@group-2C5006FC0996, cid=45, FAILED org.apache.ratis.protocol.NotLeaderException: Server 399d3e62-04e5-4111-9cc9-9c21532552cc@group-2C5006FC0996 is not the leader 65261e74-c36a-42fd-98ac-65dc83eec679:192.168.151.78:41008, logIndex=0, commits[399d3e62-04e5-4111-9cc9-9c21532552cc:c8, 65261e74-c36a-42fd-98ac-65dc83eec679:c8, c4eb8efe-62b2-45fb-815f-66d941ddca6e:c8]
2019-09-19 11:40:38,405 [grpc-default-executor-5] INFO  client.GrpcClientProtocolClient (GrpcClientProtocolClient.java:onNext(264)) - client-78A96E61A88F->c4eb8efe-62b2-45fb-815f-66d941ddca6e: receive RaftClientReply:client-78A96E61A88F->c4eb8efe-62b2-45fb-815f-66d941ddca6e@group-2C5006FC0996, cid=45, FAILED org.apache.ratis.protocol.NotLeaderException: Server c4eb8efe-62b2-45fb-815f-66d941ddca6e@group-2C5006FC0996 is not the leader 65261e74-c36a-42fd-98ac-65dc83eec679:192.168.151.78:41008, logIndex=0, commits[c4eb8efe-62b2-45fb-815f-66d941ddca6e:c8, 65261e74-c36a-42fd-98ac-65dc83eec679:c8, 399d3e62-04e5-4111-9cc9-9c21532552cc:c8]
2019-09-19 11:40:39,433 [grpc-default-executor-2] INFO  client.GrpcClientProtocolClient (GrpcClientProtocolClient.java:onNext(264)) - client-78A96E61A88F->c4eb8efe-62b2-45fb-815f-66d941ddca6e: receive RaftClientReply:client-78A96E61A88F->c4eb8efe-62b2-45fb-815f-66d941ddca6e@group-2C5006FC0996, cid=45, FAILED org.apache.ratis.protocol.NotLeaderException: Server c4eb8efe-62b2-45fb-815f-66d941ddca6e@group-2C5006FC0996 is not the leader 65261e74-c36a-42fd-98ac-65dc83eec679:192.168.151.78:41008, logIndex=0, commits[c4eb8efe-62b2-45fb-815f-66d941ddca6e:c8, 65261e74-c36a-42fd-98ac-65dc83eec679:c8, 399d3e62-04e5-4111-9cc9-9c21532552cc:c8]
2019-09-19 11:40:40,476 [grpc-default-executor-5] INFO  client.GrpcClientProtocolClient (GrpcClientProtocolClient.java:onNext(264)) - client-78A96E61A88F->399d3e62-04e5-4111-9cc9-9c21532552cc: receive RaftClientReply:client-78A96E61A88F->399d3e62-04e5-4111-9cc9-9c21532552cc@group-2C5006FC0996, cid=45, FAILED org.apache.ratis.protocol.NotLeaderException: Server 399d3e62-04e5-4111-9cc9-9c21532552cc@group-2C5006FC0996 is not the leader 65261e74-c36a-42fd-98ac-65dc83eec679:192.168.151.78:41008, logIndex=0, commits[399d3e62-04e5-4111-9cc9-9c21532552cc:c8, 65261e74-c36a-42fd-98ac-65dc83eec679:c8, c4eb8efe-62b2-45fb-815f-66d941ddca6e:c8]
2019-09-19 11:40:41,517 [grpc-default-executor-0] INFO  client.GrpcClientProtocolClient (GrpcClientProtocolClient.java:onNext(264)) - client-78A96E61A88F->c4eb8efe-62b2-45fb-815f-66d941ddca6e: receive RaftClientReply:client-78A96E61A88F->c4eb8efe-62b2-45fb-815f-66d941ddca6e@group-2C5006FC0996, cid=45, FAILED org.apache.ratis.protocol.NotLeaderException: Server c4eb8efe-62b2-45fb-815f-66d941ddca6e@group-2C5006FC0996 is not the leader 65261e74-c36a-42fd-98ac-65dc83eec679:192.168.151.78:41008, logIndex=0, commits[c4eb8efe-62b2-45fb-815f-66d941ddca6e:c8, 65261e74-c36a-42fd-98ac-65dc83eec679:c8, 399d3e62-04e5-4111-9cc9-9c21532552cc:c8]
2019-09-19 11:40:42,538 [grpc-default-executor-0] INFO  client.GrpcClientProtocolClient (GrpcClientProtocolClient.java:onNext(264)) - client-78A96E61A88F->c4eb8efe-62b2-45fb-815f-66d941ddca6e: receive RaftClientReply:client-78A96E61A88F->c4eb8efe-62b2-45fb-815f-66d941ddca6e@group-2C5006FC0996, cid=45, FAILED org.apache.ratis.protocol.NotLeaderException: Server c4eb8efe-62b2-45fb-815f-66d941ddca6e@group-2C5006FC0996 is not the leader 65261e74-c36a-42fd-98ac-65dc83eec679:192.168.151.78:41008, logIndex=0, commits[c4eb8efe-62b2-45fb-815f-66d941ddca6e:c8, 65261e74-c36a-42fd-98ac-65dc83eec679:c8, 399d3e62-04e5-4111-9cc9-9c21532552cc:c8]
2019-09-19 11:40:43,557 [grpc-default-executor-0] INFO  client.GrpcClientProtocolClient (GrpcClientProtocolClient.java:onNext(264)) - client-78A96E61A88F->399d3e62-04e5-4111-9cc9-9c21532552cc: receive RaftClientReply:client-78A96E61A88F->399d3e62-04e5-4111-9cc9-9c21532552cc@group-2C5006FC0996, cid=45, FAILED org.apache.ratis.protocol.NotLeaderException: Server 399d3e62-04e5-4111-9cc9-9c21532552cc@group-2C5006FC0996 is not the leader 65261e74-c36a-42fd-98ac-65dc83eec679:192.168.151.78:41008, logIndex=0, commits[399d3e62-04e5-4111-9cc9-9c21532552cc:c8, 65261e74-c36a-42fd-98ac-65dc83eec679:c8, c4eb8efe-62b2-45fb-815f-66d941ddca6e:c8]
2019-09-19 11:40:44,574 [grpc-default-executor-2] INFO  client.GrpcClientProtocolClient (GrpcClientProtocolClient.java:onNext(264)) - client-78A96E61A88F->c4eb8efe-62b2-45fb-815f-66d941ddca6e: receive RaftClientReply:client-78A96E61A88F->c4eb8efe-62b2-45fb-815f-66d941ddca6e@group-2C5006FC0996, cid=45, FAILED org.apache.ratis.protocol.NotLeaderException: Server c4eb8efe-62b2-45fb-815f-66d941ddca6e@group-2C5006FC0996 is not the leader 65261e74-c36a-42fd-98ac-65dc83eec679:192.168.151.78:41008, logIndex=0, commits[c4eb8efe-62b2-45fb-815f-66d941ddca6e:c8, 65261e74-c36a-42fd-98ac-65dc83eec679:c8, 399d3e62-04e5-4111-9cc9-9c21532552cc:c8]
2019-09-19 11:40:45,592 [grpc-default-executor-2] INFO  client.GrpcClientProtocolClient (GrpcClientProtocolClient.java:onNext(264)) - client-78A96E61A88F->399d3e62-04e5-4111-9cc9-9c21532552cc: receive RaftClientReply:client-78A96E61A88F->399d3e62-04e5-4111-9cc9-9c21532552cc@group-2C5006FC0996, cid=45, FAILED org.apache.ratis.protocol.NotLeaderException: Server 399d3e62-04e5-4111-9cc9-9c21532552cc@group-2C5006FC0996 is not the leader 65261e74-c36a-42fd-98ac-65dc83eec679:192.168.151.78:41008, logIndex=0, commits[399d3e62-04e5-4111-9cc9-9c21532552cc:c8, 65261e74-c36a-42fd-98ac-65dc83eec679:c8, c4eb8efe-62b2-45fb-815f-66d941ddca6e:c8]
2019-09-19 11:40:46,611 [grpc-default-executor-2] INFO  client.GrpcClientProtocolClient (GrpcClientProtocolClient.java:onNext(264)) - client-78A96E61A88F->399d3e62-04e5-4111-9cc9-9c21532552cc: receive RaftClientReply:client-78A96E61A88F->399d3e62-04e5-4111-9cc9-9c21532552cc@group-2C5006FC0996, cid=45, FAILED org.apache.ratis.protocol.NotLeaderException: Server 399d3e62-04e5-4111-9cc9-9c21532552cc@group-2C5006FC0996 is not the leader 65261e74-c36a-42fd-98ac-65dc83eec679:192.168.151.78:41008, logIndex=0, commits[399d3e62-04e5-4111-9cc9-9c21532552cc:c8, 65261e74-c36a-42fd-98ac-65dc83eec679:c8, c4eb8efe-62b2-45fb-815f-66d941ddca6e:c8]
2019-09-19 11:40:47,630 [grpc-default-executor-2] INFO  client.GrpcClientProtocolClient (GrpcClientProtocolClient.java:onNext(264)) - client-78A96E61A88F->399d3e62-04e5-4111-9cc9-9c21532552cc: receive RaftClientReply:client-78A96E61A88F->399d3e62-04e5-4111-9cc9-9c21532552cc@group-2C5006FC0996, cid=45, FAILED org.apache.ratis.protocol.NotLeaderException: Server 399d3e62-04e5-4111-9cc9-9c21532552cc@group-2C5006FC0996 is not the leader 65261e74-c36a-42fd-98ac-65dc83eec679:192.168.151.78:41008, logIndex=0, commits[399d3e62-04e5-4111-9cc9-9c21532552cc:c8, 65261e74-c36a-42fd-98ac-65dc83eec679:c8, c4eb8efe-62b2-45fb-815f-66d941ddca6e:c8]
2019-09-19 11:40:48,646 [grpc-default-executor-0] INFO  client.GrpcClientProtocolClient (GrpcClientProtocolClient.java:onNext(264)) - client-78A96E61A88F->c4eb8efe-62b2-45fb-815f-66d941ddca6e: receive RaftClientReply:client-78A96E61A88F->c4eb8efe-62b2-45fb-815f-66d941ddca6e@group-2C5006FC0996, cid=45, FAILED org.apache.ratis.protocol.NotLeaderException: Server c4eb8efe-62b2-45fb-815f-66d941ddca6e@group-2C5006FC0996 is not the leader 65261e74-c36a-42fd-98ac-65dc83eec679:192.168.151.78:41008, logIndex=0, commits[c4eb8efe-62b2-45fb-815f-66d941ddca6e:c8, 65261e74-c36a-42fd-98ac-65dc83eec679:c8, 399d3e62-04e5-4111-9cc9-9c21532552cc:c8]
2019-09-19 11:40:49,675 [grpc-default-executor-0] INFO  client.GrpcClientProtocolClient (GrpcClientProtocolClient.java:onNext(264)) - client-78A96E61A88F->c4eb8efe-62b2-45fb-815f-66d941ddca6e: receive RaftClientReply:client-78A96E61A88F->c4eb8efe-62b2-45fb-815f-66d941ddca6e@group-2C5006FC0996, cid=45, FAILED org.apache.ratis.protocol.NotLeaderException: Server c4eb8efe-62b2-45fb-815f-66d941ddca6e@group-2C5006FC0996 is not the leader 65261e74-c36a-42fd-98ac-65dc83eec679:192.168.151.78:41008, logIndex=0, commits[c4eb8efe-62b2-45fb-815f-66d941ddca6e:c8, 65261e74-c36a-42fd-98ac-65dc83eec679:c8, 399d3e62-04e5-4111-9cc9-9c21532552cc:c8]
2019-09-19 11:40:50,691 [grpc-default-executor-2] INFO  client.GrpcClientProtocolClient (GrpcClientProtocolClient.java:onNext(264)) - client-78A96E61A88F->399d3e62-04e5-4111-9cc9-9c21532552cc: receive RaftClientReply:client-78A96E61A88F->399d3e62-04e5-4111-9cc9-9c21532552cc@group-2C5006FC0996, cid=45, FAILED org.apache.ratis.protocol.NotLeaderException: Server 399d3e62-04e5-4111-9cc9-9c21532552cc@group-2C5006FC0996 is not the leader 65261e74-c36a-42fd-98ac-65dc83eec679:192.168.151.78:41008, logIndex=0, commits[399d3e62-04e5-4111-9cc9-9c21532552cc:c8, 65261e74-c36a-42fd-98ac-65dc83eec679:c8, c4eb8efe-62b2-45fb-815f-66d941ddca6e:c8]
2019-09-19 11:40:51,712 [grpc-default-executor-2] INFO  client.GrpcClientProtocolClient (GrpcClientProtocolClient.java:onNext(264)) - client-78A96E61A88F->399d3e62-04e5-4111-9cc9-9c21532552cc: receive RaftClientReply:client-78A96E61A88F->399d3e62-04e5-4111-9cc9-9c21532552cc@group-2C5006FC0996, cid=45, FAILED org.apache.ratis.protocol.NotLeaderException: Server 399d3e62-04e5-4111-9cc9-9c21532552cc@group-2C5006FC0996 is not the leader 65261e74-c36a-42fd-98ac-65dc83eec679:192.168.151.78:41008, logIndex=0, commits[399d3e62-04e5-4111-9cc9-9c21532552cc:c8, 65261e74-c36a-42fd-98ac-65dc83eec679:c8, c4eb8efe-62b2-45fb-815f-66d941ddca6e:c8]
2019-09-19 11:40:52,729 [grpc-default-executor-0] INFO  client.GrpcClientProtocolClient (GrpcClientProtocolClient.java:onNext(264)) - client-78A96E61A88F->c4eb8efe-62b2-45fb-815f-66d941ddca6e: receive RaftClientReply:client-78A96E61A88F->c4eb8efe-62b2-45fb-815f-66d941ddca6e@group-2C5006FC0996, cid=45, FAILED org.apache.ratis.protocol.NotLeaderException: Server c4eb8efe-62b2-45fb-815f-66d941ddca6e@group-2C5006FC0996 is not the leader 65261e74-c36a-42fd-98ac-65dc83eec679:192.168.151.78:41008, logIndex=0, commits[c4eb8efe-62b2-45fb-815f-66d941ddca6e:c8, 65261e74-c36a-42fd-98ac-65dc83eec679:c8, 399d3e62-04e5-4111-9cc9-9c21532552cc:c8]
2019-09-19 11:40:53,748 [grpc-default-executor-0] INFO  client.GrpcClientProtocolClient (GrpcClientProtocolClient.java:onNext(264)) - client-78A96E61A88F->c4eb8efe-62b2-45fb-815f-66d941ddca6e: receive RaftClientReply:client-78A96E61A88F->c4eb8efe-62b2-45fb-815f-66d941ddca6e@group-2C5006FC0996, cid=45, FAILED org.apache.ratis.protocol.NotLeaderException: Server c4eb8efe-62b2-45fb-815f-66d941ddca6e@group-2C5006FC0996 is not the leader 65261e74-c36a-42fd-98ac-65dc83eec679:192.168.151.78:41008, logIndex=0, commits[c4eb8efe-62b2-45fb-815f-66d941ddca6e:c8, 65261e74-c36a-42fd-98ac-65dc83eec679:c8, 399d3e62-04e5-4111-9cc9-9c21532552cc:c8]
2019-09-19 11:40:54,764 [grpc-default-executor-0] INFO  client.GrpcClientProtocolClient (GrpcClientProtocolClient.java:onNext(264)) - client-78A96E61A88F->c4eb8efe-62b2-45fb-815f-66d941ddca6e: receive RaftClientReply:client-78A96E61A88F->c4eb8efe-62b2-45fb-815f-66d941ddca6e@group-2C5006FC0996, cid=45, FAILED org.apache.ratis.protocol.NotLeaderException: Server c4eb8efe-62b2-45fb-815f-66d941ddca6e@group-2C5006FC0996 is not the leader 65261e74-c36a-42fd-98ac-65dc83eec679:192.168.151.78:41008, logIndex=0, commits[c4eb8efe-62b2-45fb-815f-66d941ddca6e:c8, 65261e74-c36a-42fd-98ac-65dc83eec679:c8, 399d3e62-04e5-4111-9cc9-9c21532552cc:c8]
2019-09-19 11:40:55,778 [grpc-default-executor-0] INFO  client.GrpcClientProtocolClient (GrpcClientProtocolClient.java:onNext(264)) - client-78A96E61A88F->399d3e62-04e5-4111-9cc9-9c21532552cc: receive RaftClientReply:client-78A96E61A88F->399d3e62-04e5-4111-9cc9-9c21532552cc@group-2C5006FC0996, cid=45, FAILED org.apache.ratis.protocol.NotLeaderException: Server 399d3e62-04e5-4111-9cc9-9c21532552cc@group-2C5006FC0996 is not the leader 65261e74-c36a-42fd-98ac-65dc83eec679:192.168.151.78:41008, logIndex=0, commits[399d3e62-04e5-4111-9cc9-9c21532552cc:c8, 65261e74-c36a-42fd-98ac-65dc83eec679:c8, c4eb8efe-62b2-45fb-815f-66d941ddca6e:c8]
2019-09-19 11:40:56,797 [grpc-default-executor-2] INFO  client.GrpcClientProtocolClient (GrpcClientProtocolClient.java:onNext(264)) - client-78A96E61A88F->399d3e62-04e5-4111-9cc9-9c21532552cc: receive RaftClientReply:client-78A96E61A88F->399d3e62-04e5-4111-9cc9-9c21532552cc@group-2C5006FC0996, cid=45, FAILED org.apache.ratis.protocol.NotLeaderException: Server 399d3e62-04e5-4111-9cc9-9c21532552cc@group-2C5006FC0996 is not the leader 65261e74-c36a-42fd-98ac-65dc83eec679:192.168.151.78:41008, logIndex=0, commits[399d3e62-04e5-4111-9cc9-9c21532552cc:c8, 65261e74-c36a-42fd-98ac-65dc83eec679:c8, c4eb8efe-62b2-45fb-815f-66d941ddca6e:c8]
2019-09-19 11:40:57,824 [grpc-default-executor-0] INFO  client.GrpcClientProtocolClient (GrpcClientProtocolClient.java:onNext(264)) - client-78A96E61A88F->399d3e62-04e5-4111-9cc9-9c21532552cc: receive RaftClientReply:client-78A96E61A88F->399d3e62-04e5-4111-9cc9-9c21532552cc@group-2C5006FC0996, cid=45, FAILED org.apache.ratis.protocol.NotLeaderException: Server 399d3e62-04e5-4111-9cc9-9c21532552cc@group-2C5006FC0996 is not the leader 65261e74-c36a-42fd-98ac-65dc83eec679:192.168.151.78:41008, logIndex=0, commits[399d3e62-04e5-4111-9cc9-9c21532552cc:c8, 65261e74-c36a-42fd-98ac-65dc83eec679:c8, c4eb8efe-62b2-45fb-815f-66d941ddca6e:c8]
2019-09-19 11:40:58,839 [grpc-default-executor-0] INFO  client.GrpcClientProtocolClient (GrpcClientProtocolClient.java:onNext(264)) - client-78A96E61A88F->399d3e62-04e5-4111-9cc9-9c21532552cc: receive RaftClientReply:client-78A96E61A88F->399d3e62-04e5-4111-9cc9-9c21532552cc@group-2C5006FC0996, cid=45, FAILED org.apache.ratis.protocol.NotLeaderException: Server 399d3e62-04e5-4111-9cc9-9c21532552cc@group-2C5006FC0996 is not the leader 65261e74-c36a-42fd-98ac-65dc83eec679:192.168.151.78:41008, logIndex=0, commits[399d3e62-04e5-4111-9cc9-9c21532552cc:c8, 65261e74-c36a-42fd-98ac-65dc83eec679:c8, c4eb8efe-62b2-45fb-815f-66d941ddca6e:c8]
2019-09-19 11:40:59,852 [grpc-default-executor-2] INFO  client.GrpcClientProtocolClient (GrpcClientProtocolClient.java:onNext(264)) - client-78A96E61A88F->c4eb8efe-62b2-45fb-815f-66d941ddca6e: receive RaftClientReply:client-78A96E61A88F->c4eb8efe-62b2-45fb-815f-66d941ddca6e@group-2C5006FC0996, cid=45, FAILED org.apache.ratis.protocol.NotLeaderException: Server c4eb8efe-62b2-45fb-815f-66d941ddca6e@group-2C5006FC0996 is not the leader 65261e74-c36a-42fd-98ac-65dc83eec679:192.168.151.78:41008, logIndex=0, commits[c4eb8efe-62b2-45fb-815f-66d941ddca6e:c8, 65261e74-c36a-42fd-98ac-65dc83eec679:c8, 399d3e62-04e5-4111-9cc9-9c21532552cc:c8]
2019-09-19 11:41:00,886 [grpc-default-executor-2] INFO  client.GrpcClientProtocolClient (GrpcClientProtocolClient.java:onNext(264)) - client-78A96E61A88F->399d3e62-04e5-4111-9cc9-9c21532552cc: receive RaftClientReply:client-78A96E61A88F->399d3e62-04e5-4111-9cc9-9c21532552cc@group-2C5006FC0996, cid=45, FAILED org.apache.ratis.protocol.NotLeaderException: Server 399d3e62-04e5-4111-9cc9-9c21532552cc@group-2C5006FC0996 is not the leader 65261e74-c36a-42fd-98ac-65dc83eec679:192.168.151.78:41008, logIndex=0, commits[399d3e62-04e5-4111-9cc9-9c21532552cc:c8, 65261e74-c36a-42fd-98ac-65dc83eec679:c8, c4eb8efe-62b2-45fb-815f-66d941ddca6e:c8]
2019-09-19 11:41:01,900 [grpc-default-executor-0] INFO  client.GrpcClientProtocolClient (GrpcClientProtocolClient.java:onNext(264)) - client-78A96E61A88F->399d3e62-04e5-4111-9cc9-9c21532552cc: receive RaftClientReply:client-78A96E61A88F->399d3e62-04e5-4111-9cc9-9c21532552cc@group-2C5006FC0996, cid=45, FAILED org.apache.ratis.protocol.NotLeaderException: Server 399d3e62-04e5-4111-9cc9-9c21532552cc@group-2C5006FC0996 is not the leader 65261e74-c36a-42fd-98ac-65dc83eec679:192.168.151.78:41008, logIndex=0, commits[399d3e62-04e5-4111-9cc9-9c21532552cc:c8, 65261e74-c36a-42fd-98ac-65dc83eec679:c8, c4eb8efe-62b2-45fb-815f-66d941ddca6e:c8]
2019-09-19 11:41:02,918 [grpc-default-executor-0] INFO  client.GrpcClientProtocolClient (GrpcClientProtocolClient.java:onNext(264)) - client-78A96E61A88F->399d3e62-04e5-4111-9cc9-9c21532552cc: receive RaftClientReply:client-78A96E61A88F->399d3e62-04e5-4111-9cc9-9c21532552cc@group-2C5006FC0996, cid=45, FAILED org.apache.ratis.protocol.NotLeaderException: Server 399d3e62-04e5-4111-9cc9-9c21532552cc@group-2C5006FC0996 is not the leader 65261e74-c36a-42fd-98ac-65dc83eec679:192.168.151.78:41008, logIndex=0, commits[399d3e62-04e5-4111-9cc9-9c21532552cc:c8, 65261e74-c36a-42fd-98ac-65dc83eec679:c8, c4eb8efe-62b2-45fb-815f-66d941ddca6e:c8]
2019-09-19 11:41:03,936 [grpc-default-executor-0] INFO  client.GrpcClientProtocolClient (GrpcClientProtocolClient.java:onNext(264)) - client-78A96E61A88F->399d3e62-04e5-4111-9cc9-9c21532552cc: receive RaftClientReply:client-78A96E61A88F->399d3e62-04e5-4111-9cc9-9c21532552cc@group-2C5006FC0996, cid=45, FAILED org.apache.ratis.protocol.NotLeaderException: Server 399d3e62-04e5-4111-9cc9-9c21532552cc@group-2C5006FC0996 is not the leader 65261e74-c36a-42fd-98ac-65dc83eec679:192.168.151.78:41008, logIndex=0, commits[399d3e62-04e5-4111-9cc9-9c21532552cc:c8, 65261e74-c36a-42fd-98ac-65dc83eec679:c8, c4eb8efe-62b2-45fb-815f-66d941ddca6e:c8]
2019-09-19 11:41:04,954 [grpc-default-executor-0] INFO  client.GrpcClientProtocolClient (GrpcClientProtocolClient.java:onNext(264)) - client-78A96E61A88F->399d3e62-04e5-4111-9cc9-9c21532552cc: receive RaftClientReply:client-78A96E61A88F->399d3e62-04e5-4111-9cc9-9c21532552cc@group-2C5006FC0996, cid=45, FAILED org.apache.ratis.protocol.NotLeaderException: Server 399d3e62-04e5-4111-9cc9-9c21532552cc@group-2C5006FC0996 is not the leader 65261e74-c36a-42fd-98ac-65dc83eec679:192.168.151.78:41008, logIndex=0, commits[399d3e62-04e5-4111-9cc9-9c21532552cc:c8, 65261e74-c36a-42fd-98ac-65dc83eec679:c8, c4eb8efe-62b2-45fb-815f-66d941ddca6e:c8]
2019-09-19 11:41:05,971 [grpc-default-executor-0] INFO  client.GrpcClientProtocolClient (GrpcClientProtocolClient.java:onNext(264)) - client-78A96E61A88F->c4eb8efe-62b2-45fb-815f-66d941ddca6e: receive RaftClientReply:client-78A96E61A88F->c4eb8efe-62b2-45fb-815f-66d941ddca6e@group-2C5006FC0996, cid=45, FAILED org.apache.ratis.protocol.NotLeaderException: Server c4eb8efe-62b2-45fb-815f-66d941ddca6e@group-2C5006FC0996 is not the leader 65261e74-c36a-42fd-98ac-65dc83eec679:192.168.151.78:41008, logIndex=0, commits[c4eb8efe-62b2-45fb-815f-66d941ddca6e:c8, 65261e74-c36a-42fd-98ac-65dc83eec679:c8, 399d3e62-04e5-4111-9cc9-9c21532552cc:c8]
2019-09-19 11:41:06,985 [grpc-default-executor-0] INFO  client.GrpcClientProtocolClient (GrpcClientProtocolClient.java:onNext(264)) - client-78A96E61A88F->c4eb8efe-62b2-45fb-815f-66d941ddca6e: receive RaftClientReply:client-78A96E61A88F->c4eb8efe-62b2-45fb-815f-66d941ddca6e@group-2C5006FC0996, cid=45, FAILED org.apache.ratis.protocol.NotLeaderException: Server c4eb8efe-62b2-45fb-815f-66d941ddca6e@group-2C5006FC0996 is not the leader 65261e74-c36a-42fd-98ac-65dc83eec679:192.168.151.78:41008, logIndex=0, commits[c4eb8efe-62b2-45fb-815f-66d941ddca6e:c8, 65261e74-c36a-42fd-98ac-65dc83eec679:c8, 399d3e62-04e5-4111-9cc9-9c21532552cc:c8]
2019-09-19 11:41:08,000 [grpc-default-executor-0] INFO  client.GrpcClientProtocolClient (GrpcClientProtocolClient.java:onNext(264)) - client-78A96E61A88F->c4eb8efe-62b2-45fb-815f-66d941ddca6e: receive RaftClientReply:client-78A96E61A88F->c4eb8efe-62b2-45fb-815f-66d941ddca6e@group-2C5006FC0996, cid=45, FAILED org.apache.ratis.protocol.NotLeaderException: Server c4eb8efe-62b2-45fb-815f-66d941ddca6e@group-2C5006FC0996 is not the leader 65261e74-c36a-42fd-98ac-65dc83eec679:192.168.151.78:41008, logIndex=0, commits[c4eb8efe-62b2-45fb-815f-66d941ddca6e:c8, 65261e74-c36a-42fd-98ac-65dc83eec679:c8, 399d3e62-04e5-4111-9cc9-9c21532552cc:c8]
2019-09-19 11:41:09,014 [grpc-default-executor-0] INFO  client.GrpcClientProtocolClient (GrpcClientProtocolClient.java:onNext(264)) - client-78A96E61A88F->399d3e62-04e5-4111-9cc9-9c21532552cc: receive RaftClientReply:client-78A96E61A88F->399d3e62-04e5-4111-9cc9-9c21532552cc@group-2C5006FC0996, cid=45, FAILED org.apache.ratis.protocol.NotLeaderException: Server 399d3e62-04e5-4111-9cc9-9c21532552cc@group-2C5006FC0996 is not the leader 65261e74-c36a-42fd-98ac-65dc83eec679:192.168.151.78:41008, logIndex=0, commits[399d3e62-04e5-4111-9cc9-9c21532552cc:c8, 65261e74-c36a-42fd-98ac-65dc83eec679:c8, c4eb8efe-62b2-45fb-815f-66d941ddca6e:c8]
2019-09-19 11:41:10,028 [grpc-default-executor-0] INFO  client.GrpcClientProtocolClient (GrpcClientProtocolClient.java:onNext(264)) - client-78A96E61A88F->399d3e62-04e5-4111-9cc9-9c21532552cc: receive RaftClientReply:client-78A96E61A88F->399d3e62-04e5-4111-9cc9-9c21532552cc@group-2C5006FC0996, cid=45, FAILED org.apache.ratis.protocol.NotLeaderException: Server 399d3e62-04e5-4111-9cc9-9c21532552cc@group-2C5006FC0996 is not the leader 65261e74-c36a-42fd-98ac-65dc83eec679:192.168.151.78:41008, logIndex=0, commits[399d3e62-04e5-4111-9cc9-9c21532552cc:c8, 65261e74-c36a-42fd-98ac-65dc83eec679:c8, c4eb8efe-62b2-45fb-815f-66d941ddca6e:c8]
2019-09-19 11:41:11,041 [grpc-default-executor-2] INFO  client.GrpcClientProtocolClient (GrpcClientProtocolClient.java:onNext(264)) - client-78A96E61A88F->c4eb8efe-62b2-45fb-815f-66d941ddca6e: receive RaftClientReply:client-78A96E61A88F->c4eb8efe-62b2-45fb-815f-66d941ddca6e@group-2C5006FC0996, cid=45, FAILED org.apache.ratis.protocol.NotLeaderException: Server c4eb8efe-62b2-45fb-815f-66d941ddca6e@group-2C5006FC0996 is not the leader 65261e74-c36a-42fd-98ac-65dc83eec679:192.168.151.78:41008, logIndex=0, commits[c4eb8efe-62b2-45fb-815f-66d941ddca6e:c8, 65261e74-c36a-42fd-98ac-65dc83eec679:c8, 399d3e62-04e5-4111-9cc9-9c21532552cc:c8]
2019-09-19 11:41:12,058 [grpc-default-executor-0] INFO  client.GrpcClientProtocolClient (GrpcClientProtocolClient.java:onNext(264)) - client-78A96E61A88F->c4eb8efe-62b2-45fb-815f-66d941ddca6e: receive RaftClientReply:client-78A96E61A88F->c4eb8efe-62b2-45fb-815f-66d941ddca6e@group-2C5006FC0996, cid=45, FAILED org.apache.ratis.protocol.NotLeaderException: Server c4eb8efe-62b2-45fb-815f-66d941ddca6e@group-2C5006FC0996 is not the leader 65261e74-c36a-42fd-98ac-65dc83eec679:192.168.151.78:41008, logIndex=0, commits[c4eb8efe-62b2-45fb-815f-66d941ddca6e:c8, 65261e74-c36a-42fd-98ac-65dc83eec679:c8, 399d3e62-04e5-4111-9cc9-9c21532552cc:c8]
2019-09-19 11:41:13,074 [grpc-default-executor-0] INFO  client.GrpcClientProtocolClient (GrpcClientProtocolClient.java:onNext(264)) - client-78A96E61A88F->c4eb8efe-62b2-45fb-815f-66d941ddca6e: receive RaftClientReply:client-78A96E61A88F->c4eb8efe-62b2-45fb-815f-66d941ddca6e@group-2C5006FC0996, cid=45, FAILED org.apache.ratis.protocol.NotLeaderException: Server c4eb8efe-62b2-45fb-815f-66d941ddca6e@group-2C5006FC0996 is not the leader 65261e74-c36a-42fd-98ac-65dc83eec679:192.168.151.78:41008, logIndex=0, commits[c4eb8efe-62b2-45fb-815f-66d941ddca6e:c8, 65261e74-c36a-42fd-98ac-65dc83eec679:c8, 399d3e62-04e5-4111-9cc9-9c21532552cc:c8]
2019-09-19 11:41:14,091 [grpc-default-executor-2] INFO  client.GrpcClientProtocolClient (GrpcClientProtocolClient.java:onNext(264)) - client-78A96E61A88F->399d3e62-04e5-4111-9cc9-9c21532552cc: receive RaftClientReply:client-78A96E61A88F->399d3e62-04e5-4111-9cc9-9c21532552cc@group-2C5006FC0996, cid=45, FAILED org.apache.ratis.protocol.NotLeaderException: Server 399d3e62-04e5-4111-9cc9-9c21532552cc@group-2C5006FC0996 is not the leader 65261e74-c36a-42fd-98ac-65dc83eec679:192.168.151.78:41008, logIndex=0, commits[399d3e62-04e5-4111-9cc9-9c21532552cc:c8, 65261e74-c36a-42fd-98ac-65dc83eec679:c8, c4eb8efe-62b2-45fb-815f-66d941ddca6e:c8]
2019-09-19 11:41:15,106 [grpc-default-executor-0] INFO  client.GrpcClientProtocolClient (GrpcClientProtocolClient.java:onNext(264)) - client-78A96E61A88F->c4eb8efe-62b2-45fb-815f-66d941ddca6e: receive RaftClientReply:client-78A96E61A88F->c4eb8efe-62b2-45fb-815f-66d941ddca6e@group-2C5006FC0996, cid=45, FAILED org.apache.ratis.protocol.NotLeaderException: Server c4eb8efe-62b2-45fb-815f-66d941ddca6e@group-2C5006FC0996 is not the leader 65261e74-c36a-42fd-98ac-65dc83eec679:192.168.151.78:41008, logIndex=0, commits[c4eb8efe-62b2-45fb-815f-66d941ddca6e:c8, 65261e74-c36a-42fd-98ac-65dc83eec679:c8, 399d3e62-04e5-4111-9cc9-9c21532552cc:c8]
2019-09-19 11:41:16,122 [grpc-default-executor-2] INFO  client.GrpcClientProtocolClient (GrpcClientProtocolClient.java:onNext(264)) - client-78A96E61A88F->399d3e62-04e5-4111-9cc9-9c21532552cc: receive RaftClientReply:client-78A96E61A88F->399d3e62-04e5-4111-9cc9-9c21532552cc@group-2C5006FC0996, cid=45, FAILED org.apache.ratis.protocol.NotLeaderException: Server 399d3e62-04e5-4111-9cc9-9c21532552cc@group-2C5006FC0996 is not the leader 65261e74-c36a-42fd-98ac-65dc83eec679:192.168.151.78:41008, logIndex=0, commits[399d3e62-04e5-4111-9cc9-9c21532552cc:c8, 65261e74-c36a-42fd-98ac-65dc83eec679:c8, c4eb8efe-62b2-45fb-815f-66d941ddca6e:c8]
2019-09-19 11:41:17,138 [grpc-default-executor-2] INFO  client.GrpcClientProtocolClient (GrpcClientProtocolClient.java:onNext(264)) - client-78A96E61A88F->c4eb8efe-62b2-45fb-815f-66d941ddca6e: receive RaftClientReply:client-78A96E61A88F->c4eb8efe-62b2-45fb-815f-66d941ddca6e@group-2C5006FC0996, cid=45, FAILED org.apache.ratis.protocol.NotLeaderException: Server c4eb8efe-62b2-45fb-815f-66d941ddca6e@group-2C5006FC0996 is not the leader 65261e74-c36a-42fd-98ac-65dc83eec679:192.168.151.78:41008, logIndex=0, commits[c4eb8efe-62b2-45fb-815f-66d941ddca6e:c8, 65261e74-c36a-42fd-98ac-65dc83eec679:c8, 399d3e62-04e5-4111-9cc9-9c21532552cc:c8]
2019-09-19 11:41:18,152 [grpc-default-executor-0] INFO  client.GrpcClientProtocolClient (GrpcClientProtocolClient.java:onNext(264)) - client-78A96E61A88F->c4eb8efe-62b2-45fb-815f-66d941ddca6e: receive RaftClientReply:client-78A96E61A88F->c4eb8efe-62b2-45fb-815f-66d941ddca6e@group-2C5006FC0996, cid=45, FAILED org.apache.ratis.protocol.NotLeaderException: Server c4eb8efe-62b2-45fb-815f-66d941ddca6e@group-2C5006FC0996 is not the leader 65261e74-c36a-42fd-98ac-65dc83eec679:192.168.151.78:41008, logIndex=0, commits[c4eb8efe-62b2-45fb-815f-66d941ddca6e:c8, 65261e74-c36a-42fd-98ac-65dc83eec679:c8, 399d3e62-04e5-4111-9cc9-9c21532552cc:c8]
2019-09-19 11:41:19,166 [grpc-default-executor-0] INFO  client.GrpcClientProtocolClient (GrpcClientProtocolClient.java:onNext(264)) - client-78A96E61A88F->399d3e62-04e5-4111-9cc9-9c21532552cc: receive RaftClientReply:client-78A96E61A88F->399d3e62-04e5-4111-9cc9-9c21532552cc@group-2C5006FC0996, cid=45, FAILED org.apache.ratis.protocol.NotLeaderException: Server 399d3e62-04e5-4111-9cc9-9c21532552cc@group-2C5006FC0996 is not the leader 65261e74-c36a-42fd-98ac-65dc83eec679:192.168.151.78:41008, logIndex=0, commits[399d3e62-04e5-4111-9cc9-9c21532552cc:c8, 65261e74-c36a-42fd-98ac-65dc83eec679:c8, c4eb8efe-62b2-45fb-815f-66d941ddca6e:c8]
2019-09-19 11:41:20,185 [grpc-default-executor-0] INFO  client.GrpcClientProtocolClient (GrpcClientProtocolClient.java:onNext(264)) - client-78A96E61A88F->399d3e62-04e5-4111-9cc9-9c21532552cc: receive RaftClientReply:client-78A96E61A88F->399d3e62-04e5-4111-9cc9-9c21532552cc@group-2C5006FC0996, cid=45, FAILED org.apache.ratis.protocol.NotLeaderException: Server 399d3e62-04e5-4111-9cc9-9c21532552cc@group-2C5006FC0996 is not the leader 65261e74-c36a-42fd-98ac-65dc83eec679:192.168.151.78:41008, logIndex=0, commits[399d3e62-04e5-4111-9cc9-9c21532552cc:c8, 65261e74-c36a-42fd-98ac-65dc83eec679:c8, c4eb8efe-62b2-45fb-815f-66d941ddca6e:c8]
2019-09-19 11:41:21,201 [grpc-default-executor-0] INFO  client.GrpcClientProtocolClient (GrpcClientProtocolClient.java:onNext(264)) - client-78A96E61A88F->c4eb8efe-62b2-45fb-815f-66d941ddca6e: receive RaftClientReply:client-78A96E61A88F->c4eb8efe-62b2-45fb-815f-66d941ddca6e@group-2C5006FC0996, cid=45, FAILED org.apache.ratis.protocol.NotLeaderException: Server c4eb8efe-62b2-45fb-815f-66d941ddca6e@group-2C5006FC0996 is not the leader 65261e74-c36a-42fd-98ac-65dc83eec679:192.168.151.78:41008, logIndex=0, commits[c4eb8efe-62b2-45fb-815f-66d941ddca6e:c8, 65261e74-c36a-42fd-98ac-65dc83eec679:c8, 399d3e62-04e5-4111-9cc9-9c21532552cc:c8]
2019-09-19 11:41:22,217 [grpc-default-executor-2] INFO  client.GrpcClientProtocolClient (GrpcClientProtocolClient.java:onNext(264)) - client-78A96E61A88F->c4eb8efe-62b2-45fb-815f-66d941ddca6e: receive RaftClientReply:client-78A96E61A88F->c4eb8efe-62b2-45fb-815f-66d941ddca6e@group-2C5006FC0996, cid=45, FAILED org.apache.ratis.protocol.NotLeaderException: Server c4eb8efe-62b2-45fb-815f-66d941ddca6e@group-2C5006FC0996 is not the leader 65261e74-c36a-42fd-98ac-65dc83eec679:192.168.151.78:41008, logIndex=0, commits[c4eb8efe-62b2-45fb-815f-66d941ddca6e:c8, 65261e74-c36a-42fd-98ac-65dc83eec679:c8, 399d3e62-04e5-4111-9cc9-9c21532552cc:c8]
2019-09-19 11:41:23,237 [grpc-default-executor-2] INFO  client.GrpcClientProtocolClient (GrpcClientProtocolClient.java:onNext(264)) - client-78A96E61A88F->399d3e62-04e5-4111-9cc9-9c21532552cc: receive RaftClientReply:client-78A96E61A88F->399d3e62-04e5-4111-9cc9-9c21532552cc@group-2C5006FC0996, cid=45, FAILED org.apache.ratis.protocol.NotLeaderException: Server 399d3e62-04e5-4111-9cc9-9c21532552cc@group-2C5006FC0996 is not the leader 65261e74-c36a-42fd-98ac-65dc83eec679:192.168.151.78:41008, logIndex=0, commits[399d3e62-04e5-4111-9cc9-9c21532552cc:c8, 65261e74-c36a-42fd-98ac-65dc83eec679:c8, c4eb8efe-62b2-45fb-815f-66d941ddca6e:c8]
2019-09-19 11:41:24,250 [grpc-default-executor-0] INFO  client.GrpcClientProtocolClient (GrpcClientProtocolClient.java:onNext(264)) - client-78A96E61A88F->399d3e62-04e5-4111-9cc9-9c21532552cc: receive RaftClientReply:client-78A96E61A88F->399d3e62-04e5-4111-9cc9-9c21532552cc@group-2C5006FC0996, cid=45, FAILED org.apache.ratis.protocol.NotLeaderException: Server 399d3e62-04e5-4111-9cc9-9c21532552cc@group-2C5006FC0996 is not the leader 65261e74-c36a-42fd-98ac-65dc83eec679:192.168.151.78:41008, logIndex=0, commits[399d3e62-04e5-4111-9cc9-9c21532552cc:c8, 65261e74-c36a-42fd-98ac-65dc83eec679:c8, c4eb8efe-62b2-45fb-815f-66d941ddca6e:c8]
2019-09-19 11:41:25,266 [grpc-default-executor-0] INFO  client.GrpcClientProtocolClient (GrpcClientProtocolClient.java:onNext(264)) - client-78A96E61A88F->399d3e62-04e5-4111-9cc9-9c21532552cc: receive RaftClientReply:client-78A96E61A88F->399d3e62-04e5-4111-9cc9-9c21532552cc@group-2C5006FC0996, cid=45, FAILED org.apache.ratis.protocol.NotLeaderException: Server 399d3e62-04e5-4111-9cc9-9c21532552cc@group-2C5006FC0996 is not the leader 65261e74-c36a-42fd-98ac-65dc83eec679:192.168.151.78:41008, logIndex=0, commits[399d3e62-04e5-4111-9cc9-9c21532552cc:c8, 65261e74-c36a-42fd-98ac-65dc83eec679:c8, c4eb8efe-62b2-45fb-815f-66d941ddca6e:c8]
2019-09-19 11:41:26,283 [grpc-default-executor-2] INFO  client.GrpcClientProtocolClient (GrpcClientProtocolClient.java:onNext(264)) - client-78A96E61A88F->c4eb8efe-62b2-45fb-815f-66d941ddca6e: receive RaftClientReply:client-78A96E61A88F->c4eb8efe-62b2-45fb-815f-66d941ddca6e@group-2C5006FC0996, cid=45, FAILED org.apache.ratis.protocol.NotLeaderException: Server c4eb8efe-62b2-45fb-815f-66d941ddca6e@group-2C5006FC0996 is not the leader 65261e74-c36a-42fd-98ac-65dc83eec679:192.168.151.78:41008, logIndex=0, commits[c4eb8efe-62b2-45fb-815f-66d941ddca6e:c8, 65261e74-c36a-42fd-98ac-65dc83eec679:c8, 399d3e62-04e5-4111-9cc9-9c21532552cc:c8]
2019-09-19 11:41:27,306 [grpc-default-executor-0] INFO  client.GrpcClientProtocolClient (GrpcClientProtocolClient.java:onNext(264)) - client-78A96E61A88F->399d3e62-04e5-4111-9cc9-9c21532552cc: receive RaftClientReply:client-78A96E61A88F->399d3e62-04e5-4111-9cc9-9c21532552cc@group-2C5006FC0996, cid=45, FAILED org.apache.ratis.protocol.NotLeaderException: Server 399d3e62-04e5-4111-9cc9-9c21532552cc@group-2C5006FC0996 is not the leader 65261e74-c36a-42fd-98ac-65dc83eec679:192.168.151.78:41008, logIndex=0, commits[399d3e62-04e5-4111-9cc9-9c21532552cc:c8, 65261e74-c36a-42fd-98ac-65dc83eec679:c8, c4eb8efe-62b2-45fb-815f-66d941ddca6e:c8]
2019-09-19 11:41:28,322 [grpc-default-executor-0] INFO  client.GrpcClientProtocolClient (GrpcClientProtocolClient.java:onNext(264)) - client-78A96E61A88F->c4eb8efe-62b2-45fb-815f-66d941ddca6e: receive RaftClientReply:client-78A96E61A88F->c4eb8efe-62b2-45fb-815f-66d941ddca6e@group-2C5006FC0996, cid=45, FAILED org.apache.ratis.protocol.NotLeaderException: Server c4eb8efe-62b2-45fb-815f-66d941ddca6e@group-2C5006FC0996 is not the leader 65261e74-c36a-42fd-98ac-65dc83eec679:192.168.151.78:41008, logIndex=0, commits[c4eb8efe-62b2-45fb-815f-66d941ddca6e:c8, 65261e74-c36a-42fd-98ac-65dc83eec679:c8, 399d3e62-04e5-4111-9cc9-9c21532552cc:c8]
2019-09-19 11:41:29,337 [grpc-default-executor-2] INFO  client.GrpcClientProtocolClient (GrpcClientProtocolClient.java:onNext(264)) - client-78A96E61A88F->c4eb8efe-62b2-45fb-815f-66d941ddca6e: receive RaftClientReply:client-78A96E61A88F->c4eb8efe-62b2-45fb-815f-66d941ddca6e@group-2C5006FC0996, cid=45, FAILED org.apache.ratis.protocol.NotLeaderException: Server c4eb8efe-62b2-45fb-815f-66d941ddca6e@group-2C5006FC0996 is not the leader 65261e74-c36a-42fd-98ac-65dc83eec679:192.168.151.78:41008, logIndex=0, commits[c4eb8efe-62b2-45fb-815f-66d941ddca6e:c8, 65261e74-c36a-42fd-98ac-65dc83eec679:c8, 399d3e62-04e5-4111-9cc9-9c21532552cc:c8]
2019-09-19 11:41:30,355 [grpc-default-executor-2] INFO  client.GrpcClientProtocolClient (GrpcClientProtocolClient.java:onNext(264)) - client-78A96E61A88F->399d3e62-04e5-4111-9cc9-9c21532552cc: receive RaftClientReply:client-78A96E61A88F->399d3e62-04e5-4111-9cc9-9c21532552cc@group-2C5006FC0996, cid=45, FAILED org.apache.ratis.protocol.NotLeaderException: Server 399d3e62-04e5-4111-9cc9-9c21532552cc@group-2C5006FC0996 is not the leader 65261e74-c36a-42fd-98ac-65dc83eec679:192.168.151.78:41008, logIndex=0, commits[399d3e62-04e5-4111-9cc9-9c21532552cc:c8, 65261e74-c36a-42fd-98ac-65dc83eec679:c8, c4eb8efe-62b2-45fb-815f-66d941ddca6e:c8]
2019-09-19 11:41:31,372 [grpc-default-executor-0] INFO  client.GrpcClientProtocolClient (GrpcClientProtocolClient.java:onNext(264)) - client-78A96E61A88F->399d3e62-04e5-4111-9cc9-9c21532552cc: receive RaftClientReply:client-78A96E61A88F->399d3e62-04e5-4111-9cc9-9c21532552cc@group-2C5006FC0996, cid=45, FAILED org.apache.ratis.protocol.NotLeaderException: Server 399d3e62-04e5-4111-9cc9-9c21532552cc@group-2C5006FC0996 is not the leader 65261e74-c36a-42fd-98ac-65dc83eec679:192.168.151.78:41008, logIndex=0, commits[399d3e62-04e5-4111-9cc9-9c21532552cc:c8, 65261e74-c36a-42fd-98ac-65dc83eec679:c8, c4eb8efe-62b2-45fb-815f-66d941ddca6e:c8]
2019-09-19 11:41:32,390 [grpc-default-executor-0] INFO  client.GrpcClientProtocolClient (GrpcClientProtocolClient.java:onNext(264)) - client-78A96E61A88F->c4eb8efe-62b2-45fb-815f-66d941ddca6e: receive RaftClientReply:client-78A96E61A88F->c4eb8efe-62b2-45fb-815f-66d941ddca6e@group-2C5006FC0996, cid=45, FAILED org.apache.ratis.protocol.NotLeaderException: Server c4eb8efe-62b2-45fb-815f-66d941ddca6e@group-2C5006FC0996 is not the leader 65261e74-c36a-42fd-98ac-65dc83eec679:192.168.151.78:41008, logIndex=0, commits[c4eb8efe-62b2-45fb-815f-66d941ddca6e:c8, 65261e74-c36a-42fd-98ac-65dc83eec679:c8, 399d3e62-04e5-4111-9cc9-9c21532552cc:c8]
2019-09-19 11:41:33,404 [grpc-default-executor-2] INFO  client.GrpcClientProtocolClient (GrpcClientProtocolClient.java:onNext(264)) - client-78A96E61A88F->c4eb8efe-62b2-45fb-815f-66d941ddca6e: receive RaftClientReply:client-78A96E61A88F->c4eb8efe-62b2-45fb-815f-66d941ddca6e@group-2C5006FC0996, cid=45, FAILED org.apache.ratis.protocol.NotLeaderException: Server c4eb8efe-62b2-45fb-815f-66d941ddca6e@group-2C5006FC0996 is not the leader 65261e74-c36a-42fd-98ac-65dc83eec679:192.168.151.78:41008, logIndex=0, commits[c4eb8efe-62b2-45fb-815f-66d941ddca6e:c8, 65261e74-c36a-42fd-98ac-65dc83eec679:c8, 399d3e62-04e5-4111-9cc9-9c21532552cc:c8]
2019-09-19 11:41:34,418 [grpc-default-executor-5] INFO  client.GrpcClientProtocolClient (GrpcClientProtocolClient.java:onNext(264)) - client-78A96E61A88F->399d3e62-04e5-4111-9cc9-9c21532552cc: receive RaftClientReply:client-78A96E61A88F->399d3e62-04e5-4111-9cc9-9c21532552cc@group-2C5006FC0996, cid=45, FAILED org.apache.ratis.protocol.NotLeaderException: Server 399d3e62-04e5-4111-9cc9-9c21532552cc@group-2C5006FC0996 is not the leader 65261e74-c36a-42fd-98ac-65dc83eec679:192.168.151.78:41008, logIndex=0, commits[399d3e62-04e5-4111-9cc9-9c21532552cc:c8, 65261e74-c36a-42fd-98ac-65dc83eec679:c8, c4eb8efe-62b2-45fb-815f-66d941ddca6e:c8]
2019-09-19 11:41:35,433 [grpc-default-executor-2] INFO  client.GrpcClientProtocolClient (GrpcClientProtocolClient.java:onNext(264)) - client-78A96E61A88F->399d3e62-04e5-4111-9cc9-9c21532552cc: receive RaftClientReply:client-78A96E61A88F->399d3e62-04e5-4111-9cc9-9c21532552cc@group-2C5006FC0996, cid=45, FAILED org.apache.ratis.protocol.NotLeaderException: Server 399d3e62-04e5-4111-9cc9-9c21532552cc@group-2C5006FC0996 is not the leader 65261e74-c36a-42fd-98ac-65dc83eec679:192.168.151.78:41008, logIndex=0, commits[399d3e62-04e5-4111-9cc9-9c21532552cc:c8, 65261e74-c36a-42fd-98ac-65dc83eec679:c8, c4eb8efe-62b2-45fb-815f-66d941ddca6e:c8]
2019-09-19 11:41:36,450 [grpc-default-executor-5] INFO  client.GrpcClientProtocolClient (GrpcClientProtocolClient.java:onNext(264)) - client-78A96E61A88F->399d3e62-04e5-4111-9cc9-9c21532552cc: receive RaftClientReply:client-78A96E61A88F->399d3e62-04e5-4111-9cc9-9c21532552cc@group-2C5006FC0996, cid=45, FAILED org.apache.ratis.protocol.NotLeaderException: Server 399d3e62-04e5-4111-9cc9-9c21532552cc@group-2C5006FC0996 is not the leader 65261e74-c36a-42fd-98ac-65dc83eec679:192.168.151.78:41008, logIndex=0, commits[399d3e62-04e5-4111-9cc9-9c21532552cc:c8, 65261e74-c36a-42fd-98ac-65dc83eec679:c8, c4eb8efe-62b2-45fb-815f-66d941ddca6e:c8]
2019-09-19 11:41:37,470 [grpc-default-executor-5] INFO  client.GrpcClientProtocolClient (GrpcClientProtocolClient.java:onNext(264)) - client-78A96E61A88F->399d3e62-04e5-4111-9cc9-9c21532552cc: receive RaftClientReply:client-78A96E61A88F->399d3e62-04e5-4111-9cc9-9c21532552cc@group-2C5006FC0996, cid=45, FAILED org.apache.ratis.protocol.NotLeaderException: Server 399d3e62-04e5-4111-9cc9-9c21532552cc@group-2C5006FC0996 is not the leader 65261e74-c36a-42fd-98ac-65dc83eec679:192.168.151.78:41008, logIndex=0, commits[399d3e62-04e5-4111-9cc9-9c21532552cc:c8, 65261e74-c36a-42fd-98ac-65dc83eec679:c8, c4eb8efe-62b2-45fb-815f-66d941ddca6e:c8]
2019-09-19 11:41:38,486 [grpc-default-executor-5] INFO  client.GrpcClientProtocolClient (GrpcClientProtocolClient.java:onNext(264)) - client-78A96E61A88F->c4eb8efe-62b2-45fb-815f-66d941ddca6e: receive RaftClientReply:client-78A96E61A88F->c4eb8efe-62b2-45fb-815f-66d941ddca6e@group-2C5006FC0996, cid=45, FAILED org.apache.ratis.protocol.NotLeaderException: Server c4eb8efe-62b2-45fb-815f-66d941ddca6e@group-2C5006FC0996 is not the leader 65261e74-c36a-42fd-98ac-65dc83eec679:192.168.151.78:41008, logIndex=0, commits[c4eb8efe-62b2-45fb-815f-66d941ddca6e:c8, 65261e74-c36a-42fd-98ac-65dc83eec679:c8, 399d3e62-04e5-4111-9cc9-9c21532552cc:c8]
2019-09-19 11:41:39,500 [grpc-default-executor-5] INFO  client.GrpcClientProtocolClient (GrpcClientProtocolClient.java:onNext(264)) - client-78A96E61A88F->399d3e62-04e5-4111-9cc9-9c21532552cc: receive RaftClientReply:client-78A96E61A88F->399d3e62-04e5-4111-9cc9-9c21532552cc@group-2C5006FC0996, cid=45, FAILED org.apache.ratis.protocol.NotLeaderException: Server 399d3e62-04e5-4111-9cc9-9c21532552cc@group-2C5006FC0996 is not the leader 65261e74-c36a-42fd-98ac-65dc83eec679:192.168.151.78:41008, logIndex=0, commits[399d3e62-04e5-4111-9cc9-9c21532552cc:c8, 65261e74-c36a-42fd-98ac-65dc83eec679:c8, c4eb8efe-62b2-45fb-815f-66d941ddca6e:c8]
2019-09-19 11:41:40,513 [grpc-default-executor-5] INFO  client.GrpcClientProtocolClient (GrpcClientProtocolClient.java:onNext(264)) - client-78A96E61A88F->c4eb8efe-62b2-45fb-815f-66d941ddca6e: receive RaftClientReply:client-78A96E61A88F->c4eb8efe-62b2-45fb-815f-66d941ddca6e@group-2C5006FC0996, cid=45, FAILED org.apache.ratis.protocol.NotLeaderException: Server c4eb8efe-62b2-45fb-815f-66d941ddca6e@group-2C5006FC0996 is not the leader 65261e74-c36a-42fd-98ac-65dc83eec679:192.168.151.78:41008, logIndex=0, commits[c4eb8efe-62b2-45fb-815f-66d941ddca6e:c8, 65261e74-c36a-42fd-98ac-65dc83eec679:c8, 399d3e62-04e5-4111-9cc9-9c21532552cc:c8]
2019-09-19 11:41:41,528 [grpc-default-executor-2] INFO  client.GrpcClientProtocolClient (GrpcClientProtocolClient.java:onNext(264)) - client-78A96E61A88F->399d3e62-04e5-4111-9cc9-9c21532552cc: receive RaftClientReply:client-78A96E61A88F->399d3e62-04e5-4111-9cc9-9c21532552cc@group-2C5006FC0996, cid=45, FAILED org.apache.ratis.protocol.NotLeaderException: Server 399d3e62-04e5-4111-9cc9-9c21532552cc@group-2C5006FC0996 is not the leader 65261e74-c36a-42fd-98ac-65dc83eec679:192.168.151.78:41008, logIndex=0, commits[399d3e62-04e5-4111-9cc9-9c21532552cc:c8, 65261e74-c36a-42fd-98ac-65dc83eec679:c8, c4eb8efe-62b2-45fb-815f-66d941ddca6e:c8]
2019-09-19 11:41:42,544 [grpc-default-executor-5] INFO  client.GrpcClientProtocolClient (GrpcClientProtocolClient.java:onNext(264)) - client-78A96E61A88F->399d3e62-04e5-4111-9cc9-9c21532552cc: receive RaftClientReply:client-78A96E61A88F->399d3e62-04e5-4111-9cc9-9c21532552cc@group-2C5006FC0996, cid=45, FAILED org.apache.ratis.protocol.NotLeaderException: Server 399d3e62-04e5-4111-9cc9-9c21532552cc@group-2C5006FC0996 is not the leader 65261e74-c36a-42fd-98ac-65dc83eec679:192.168.151.78:41008, logIndex=0, commits[399d3e62-04e5-4111-9cc9-9c21532552cc:c8, 65261e74-c36a-42fd-98ac-65dc83eec679:c8, c4eb8efe-62b2-45fb-815f-66d941ddca6e:c8]
2019-09-19 11:41:43,560 [grpc-default-executor-5] INFO  client.GrpcClientProtocolClient (GrpcClientProtocolClient.java:onNext(264)) - client-78A96E61A88F->c4eb8efe-62b2-45fb-815f-66d941ddca6e: receive RaftClientReply:client-78A96E61A88F->c4eb8efe-62b2-45fb-815f-66d941ddca6e@group-2C5006FC0996, cid=45, FAILED org.apache.ratis.protocol.NotLeaderException: Server c4eb8efe-62b2-45fb-815f-66d941ddca6e@group-2C5006FC0996 is not the leader 65261e74-c36a-42fd-98ac-65dc83eec679:192.168.151.78:41008, logIndex=0, commits[c4eb8efe-62b2-45fb-815f-66d941ddca6e:c8, 65261e74-c36a-42fd-98ac-65dc83eec679:c8, 399d3e62-04e5-4111-9cc9-9c21532552cc:c8]
2019-09-19 11:41:44,578 [grpc-default-executor-5] INFO  client.GrpcClientProtocolClient (GrpcClientProtocolClient.java:onNext(264)) - client-78A96E61A88F->c4eb8efe-62b2-45fb-815f-66d941ddca6e: receive RaftClientReply:client-78A96E61A88F->c4eb8efe-62b2-45fb-815f-66d941ddca6e@group-2C5006FC0996, cid=45, FAILED org.apache.ratis.protocol.NotLeaderException: Server c4eb8efe-62b2-45fb-815f-66d941ddca6e@group-2C5006FC0996 is not the leader 65261e74-c36a-42fd-98ac-65dc83eec679:192.168.151.78:41008, logIndex=0, commits[c4eb8efe-62b2-45fb-815f-66d941ddca6e:c8, 65261e74-c36a-42fd-98ac-65dc83eec679:c8, 399d3e62-04e5-4111-9cc9-9c21532552cc:c8]
2019-09-19 11:41:45,593 [grpc-default-executor-5] INFO  client.GrpcClientProtocolClient (GrpcClientProtocolClient.java:onNext(264)) - client-78A96E61A88F->c4eb8efe-62b2-45fb-815f-66d941ddca6e: receive RaftClientReply:client-78A96E61A88F->c4eb8efe-62b2-45fb-815f-66d941ddca6e@group-2C5006FC0996, cid=45, FAILED org.apache.ratis.protocol.NotLeaderException: Server c4eb8efe-62b2-45fb-815f-66d941ddca6e@group-2C5006FC0996 is not the leader 65261e74-c36a-42fd-98ac-65dc83eec679:192.168.151.78:41008, logIndex=0, commits[c4eb8efe-62b2-45fb-815f-66d941ddca6e:c8, 65261e74-c36a-42fd-98ac-65dc83eec679:c8, 399d3e62-04e5-4111-9cc9-9c21532552cc:c8]
2019-09-19 11:41:46,610 [grpc-default-executor-2] INFO  client.GrpcClientProtocolClient (GrpcClientProtocolClient.java:onNext(264)) - client-78A96E61A88F->399d3e62-04e5-4111-9cc9-9c21532552cc: receive RaftClientReply:client-78A96E61A88F->399d3e62-04e5-4111-9cc9-9c21532552cc@group-2C5006FC0996, cid=45, FAILED org.apache.ratis.protocol.NotLeaderException: Server 399d3e62-04e5-4111-9cc9-9c21532552cc@group-2C5006FC0996 is not the leader 65261e74-c36a-42fd-98ac-65dc83eec679:192.168.151.78:41008, logIndex=0, commits[399d3e62-04e5-4111-9cc9-9c21532552cc:c8, 65261e74-c36a-42fd-98ac-65dc83eec679:c8, c4eb8efe-62b2-45fb-815f-66d941ddca6e:c8]
2019-09-19 11:41:47,634 [grpc-default-executor-5] INFO  client.GrpcClientProtocolClient (GrpcClientProtocolClient.java:onNext(264)) - client-78A96E61A88F->399d3e62-04e5-4111-9cc9-9c21532552cc: receive RaftClientReply:client-78A96E61A88F->399d3e62-04e5-4111-9cc9-9c21532552cc@group-2C5006FC0996, cid=45, FAILED org.apache.ratis.protocol.NotLeaderException: Server 399d3e62-04e5-4111-9cc9-9c21532552cc@group-2C5006FC0996 is not the leader 65261e74-c36a-42fd-98ac-65dc83eec679:192.168.151.78:41008, logIndex=0, commits[399d3e62-04e5-4111-9cc9-9c21532552cc:c8, 65261e74-c36a-42fd-98ac-65dc83eec679:c8, c4eb8efe-62b2-45fb-815f-66d941ddca6e:c8]
2019-09-19 11:41:48,651 [grpc-default-executor-2] INFO  client.GrpcClientProtocolClient (GrpcClientProtocolClient.java:onNext(264)) - client-78A96E61A88F->c4eb8efe-62b2-45fb-815f-66d941ddca6e: receive RaftClientReply:client-78A96E61A88F->c4eb8efe-62b2-45fb-815f-66d941ddca6e@group-2C5006FC0996, cid=45, FAILED org.apache.ratis.protocol.NotLeaderException: Server c4eb8efe-62b2-45fb-815f-66d941ddca6e@group-2C5006FC0996 is not the leader 65261e74-c36a-42fd-98ac-65dc83eec679:192.168.151.78:41008, logIndex=0, commits[c4eb8efe-62b2-45fb-815f-66d941ddca6e:c8, 65261e74-c36a-42fd-98ac-65dc83eec679:c8, 399d3e62-04e5-4111-9cc9-9c21532552cc:c8]
2019-09-19 11:41:49,672 [grpc-default-executor-5] INFO  client.GrpcClientProtocolClient (GrpcClientProtocolClient.java:onNext(264)) - client-78A96E61A88F->c4eb8efe-62b2-45fb-815f-66d941ddca6e: receive RaftClientReply:client-78A96E61A88F->c4eb8efe-62b2-45fb-815f-66d941ddca6e@group-2C5006FC0996, cid=45, FAILED org.apache.ratis.protocol.NotLeaderException: Server c4eb8efe-62b2-45fb-815f-66d941ddca6e@group-2C5006FC0996 is not the leader 65261e74-c36a-42fd-98ac-65dc83eec679:192.168.151.78:41008, logIndex=0, commits[c4eb8efe-62b2-45fb-815f-66d941ddca6e:c8, 65261e74-c36a-42fd-98ac-65dc83eec679:c8, 399d3e62-04e5-4111-9cc9-9c21532552cc:c8]
2019-09-19 11:41:50,708 [grpc-default-executor-5] INFO  client.GrpcClientProtocolClient (GrpcClientProtocolClient.java:onNext(264)) - client-78A96E61A88F->399d3e62-04e5-4111-9cc9-9c21532552cc: receive RaftClientReply:client-78A96E61A88F->399d3e62-04e5-4111-9cc9-9c21532552cc@group-2C5006FC0996, cid=45, FAILED org.apache.ratis.protocol.NotLeaderException: Server 399d3e62-04e5-4111-9cc9-9c21532552cc@group-2C5006FC0996 is not the leader 65261e74-c36a-42fd-98ac-65dc83eec679:192.168.151.78:41008, logIndex=0, commits[399d3e62-04e5-4111-9cc9-9c21532552cc:c8, 65261e74-c36a-42fd-98ac-65dc83eec679:c8, c4eb8efe-62b2-45fb-815f-66d941ddca6e:c8]
2019-09-19 11:41:51,726 [grpc-default-executor-2] INFO  client.GrpcClientProtocolClient (GrpcClientProtocolClient.java:onNext(264)) - client-78A96E61A88F->399d3e62-04e5-4111-9cc9-9c21532552cc: receive RaftClientReply:client-78A96E61A88F->399d3e62-04e5-4111-9cc9-9c21532552cc@group-2C5006FC0996, cid=45, FAILED org.apache.ratis.protocol.NotLeaderException: Server 399d3e62-04e5-4111-9cc9-9c21532552cc@group-2C5006FC0996 is not the leader 65261e74-c36a-42fd-98ac-65dc83eec679:192.168.151.78:41008, logIndex=0, commits[399d3e62-04e5-4111-9cc9-9c21532552cc:c8, 65261e74-c36a-42fd-98ac-65dc83eec679:c8, c4eb8efe-62b2-45fb-815f-66d941ddca6e:c8]
2019-09-19 11:41:51,737 [main] INFO  ozone.MiniOzoneClusterImpl (MiniOzoneClusterImpl.java:shutdown(312)) - Shutting down the Mini Ozone Cluster
2019-09-19 11:41:51,740 [main] INFO  ozone.MiniOzoneClusterImpl (MiniOzoneClusterImpl.java:stop(327)) - Stopping the Mini Ozone Cluster
2019-09-19 11:41:51,740 [main] INFO  ozone.MiniOzoneClusterImpl (MiniOzoneClusterImpl.java:stop(329)) - Stopping the OzoneManager
2019-09-19 11:41:51,740 [main] INFO  ipc.Server (Server.java:stop(3082)) - Stopping server on 35318
2019-09-19 11:41:51,755 [main] INFO  ratis.OzoneManagerDoubleBuffer (OzoneManagerDoubleBuffer.java:stop(248)) - Stopping OMDoubleBuffer flush thread
2019-09-19 11:41:51,758 [IPC Server Responder] INFO  ipc.Server (Server.java:run(1319)) - Stopping IPC Server Responder
2019-09-19 11:41:51,758 [IPC Server listener on 35318] INFO  ipc.Server (Server.java:run(1185)) - Stopping IPC Server listener on 35318
2019-09-19 11:41:51,782 [OMDoubleBufferFlushThread] INFO  ratis.OzoneManagerDoubleBuffer (OzoneManagerDoubleBuffer.java:flushTransactions(191)) - OMDoubleBuffer flush thread OMDoubleBufferFlushThread is interrupted and will exit. OMDoubleBufferFlushThread
2019-09-19 11:41:51,785 [main] INFO  utils.BackgroundService (BackgroundService.java:shutdown(148)) - Shutting down service KeyDeletingService
2019-09-19 11:41:51,787 [main] INFO  handler.ContextHandler (ContextHandler.java:doStop(910)) - Stopped o.e.j.w.WebAppContext@630390b9{/,null,UNAVAILABLE}{/ozoneManager}
2019-09-19 11:41:51,788 [main] INFO  server.AbstractConnector (AbstractConnector.java:doStop(318)) - Stopped ServerConnector@6690b9fa{HTTP/1.1,[http/1.1]}{0.0.0.0:0}
2019-09-19 11:41:51,789 [main] INFO  handler.ContextHandler (ContextHandler.java:doStop(910)) - Stopped o.e.j.s.ServletContextHandler@4eb9f2af{/static,file:///workdir/hadoop-ozone/integration-test/target/test-classes/webapps/static,UNAVAILABLE}
2019-09-19 11:41:51,789 [main] INFO  handler.ContextHandler (ContextHandler.java:doStop(910)) - Stopped o.e.j.s.ServletContextHandler@1682c08c{/logs,file:///workdir/hadoop-ozone/integration-test/target/log,UNAVAILABLE}
2019-09-19 11:41:51,793 [main] INFO  ozone.MiniOzoneClusterImpl (MiniOzoneClusterImpl.java:stop(335)) - Shutting the HddsDatanodes
2019-09-19 11:41:52,219 [Datanode State Machine Thread - 0] INFO  statemachine.DatanodeStateMachine (DatanodeStateMachine.java:lambda$startDaemon$0(350)) - Ozone container server started.
2019-09-19 11:41:52,363 [Datanode State Machine Thread - 0] INFO  statemachine.DatanodeStateMachine (DatanodeStateMachine.java:lambda$startDaemon$0(350)) - Ozone container server started.
2019-09-19 11:41:56,796 [main] INFO  ozoneimpl.OzoneContainer (OzoneContainer.java:stop(231)) - Attempting to stop container services.
2019-09-19 11:41:56,796 [ForkJoinPool.commonPool-worker-1] INFO  ozoneimpl.OzoneContainer (OzoneContainer.java:stop(231)) - Attempting to stop container services.
2019-09-19 11:41:56,798 [main] INFO  impl.RaftServerProxy (RaftServerProxy.java:lambda$close$4(314)) - 399d3e62-04e5-4111-9cc9-9c21532552cc: close
2019-09-19 11:41:56,798 [ForkJoinPool.commonPool-worker-1] INFO  impl.RaftServerProxy (RaftServerProxy.java:lambda$close$4(314)) - 1fad1ce3-deb7-4c8f-9439-d9550ef61498: close
2019-09-19 11:41:56,799 [main] INFO  impl.RaftServerImpl (RaftServerImpl.java:lambda$shutdown$3(251)) - 399d3e62-04e5-4111-9cc9-9c21532552cc@group-2C5006FC0996: shutdown
2019-09-19 11:41:56,799 [ForkJoinPool.commonPool-worker-1] INFO  impl.RaftServerImpl (RaftServerImpl.java:lambda$shutdown$3(251)) - 1fad1ce3-deb7-4c8f-9439-d9550ef61498@group-CB1BECA0014D: shutdown
2019-09-19 11:41:56,799 [main] INFO  util.JmxRegister (JmxRegister.java:unregister(73)) - Successfully un-registered JMX Bean with object name Ratis:service=RaftServer,group=group-2C5006FC0996,id=399d3e62-04e5-4111-9cc9-9c21532552cc
2019-09-19 11:41:56,799 [ForkJoinPool.commonPool-worker-1] INFO  util.JmxRegister (JmxRegister.java:unregister(73)) - Successfully un-registered JMX Bean with object name Ratis:service=RaftServer,group=group-CB1BECA0014D,id=1fad1ce3-deb7-4c8f-9439-d9550ef61498
2019-09-19 11:41:56,800 [main] INFO  impl.RoleInfo (RoleInfo.java:shutdownFollowerState(121)) - 399d3e62-04e5-4111-9cc9-9c21532552cc: shutdown FollowerState
2019-09-19 11:41:56,800 [ForkJoinPool.commonPool-worker-1] INFO  impl.RoleInfo (RoleInfo.java:shutdownLeaderState(104)) - 1fad1ce3-deb7-4c8f-9439-d9550ef61498: shutdown LeaderState
2019-09-19 11:41:56,801 [Thread-800] INFO  impl.FollowerState (FollowerState.java:run(115)) - 399d3e62-04e5-4111-9cc9-9c21532552cc: FollowerState was interrupted: java.lang.InterruptedException: sleep interrupted
2019-09-19 11:41:56,801 [main] INFO  impl.StateMachineUpdater (StateMachineUpdater.java:stopAndJoin(125)) - 399d3e62-04e5-4111-9cc9-9c21532552cc@group-2C5006FC0996-StateMachineUpdater: set stopIndex = 8
2019-09-19 11:41:56,810 [org.apache.ratis.server.impl.LogAppender$AppenderDaemon$$Lambda$509/822252014@203b999e] WARN  server.GrpcLogAppender (GrpcLogAppender.java:mayWait(143)) - 1fad1ce3-deb7-4c8f-9439-d9550ef61498@group-CB1BECA0014D->e8835ac3-2c38-483b-890c-bebe50066010-GrpcLogAppender: Wait interrupted by java.lang.InterruptedException
2019-09-19 11:41:56,810 [org.apache.ratis.server.impl.LogAppender$AppenderDaemon$$Lambda$509/822252014@70c71197] WARN  server.GrpcLogAppender (GrpcLogAppender.java:mayWait(143)) - 1fad1ce3-deb7-4c8f-9439-d9550ef61498@group-CB1BECA0014D->85de0b57-e230-4a6a-a925-d8cdaf96271b-GrpcLogAppender: Wait interrupted by java.lang.InterruptedException
2019-09-19 11:41:56,810 [ForkJoinPool.commonPool-worker-1] INFO  impl.PendingRequests (PendingRequests.java:sendNotLeaderResponses(202)) - 1fad1ce3-deb7-4c8f-9439-d9550ef61498-PendingRequests: sendNotLeaderResponses
2019-09-19 11:41:56,810 [399d3e62-04e5-4111-9cc9-9c21532552cc@group-2C5006FC0996-StateMachineUpdater] INFO  ratis.ContainerStateMachine (ContainerStateMachine.java:takeSnapshot(289)) - group-2C5006FC0996: Taking a snapshot at:(t:1, i:5) file /workdir/hadoop-ozone/integration-test/target/test-dir/MiniOzoneClusterImpl-ffcb80c2-b642-44a5-b522-9914b1f1ccc8/datanode-4/data/ratis/1dbc22e0-a6d3-4a2a-939e-2c5006fc0996/sm/snapshot.1_5
2019-09-19 11:41:56,812 [ForkJoinPool.commonPool-worker-1] INFO  impl.StateMachineUpdater (StateMachineUpdater.java:stopAndJoin(125)) - 1fad1ce3-deb7-4c8f-9439-d9550ef61498@group-CB1BECA0014D-StateMachineUpdater: set stopIndex = 0
2019-09-19 11:41:56,813 [grpc-default-executor-2] INFO  server.GrpcServerProtocolService (GrpcServerProtocolService.java:onCompleted(113)) - e8835ac3-2c38-483b-890c-bebe50066010: Completed APPEND_ENTRIES, lastRequest: 1fad1ce3-deb7-4c8f-9439-d9550ef61498->e8835ac3-2c38-483b-890c-bebe50066010#40-t1, previous=(t:1, i:0), leaderCommit=0, initializing? false, entries: <empty>
2019-09-19 11:41:56,813 [grpc-default-executor-5] INFO  server.GrpcServerProtocolService (GrpcServerProtocolService.java:onCompleted(113)) - 85de0b57-e230-4a6a-a925-d8cdaf96271b: Completed APPEND_ENTRIES, lastRequest: 1fad1ce3-deb7-4c8f-9439-d9550ef61498->85de0b57-e230-4a6a-a925-d8cdaf96271b#40-t1, previous=(t:1, i:0), leaderCommit=0, initializing? false, entries: <empty>
2019-09-19 11:41:56,813 [ForkJoinPool.commonPool-worker-1] INFO  impl.RaftServerImpl (ServerState.java:close(385)) - 1fad1ce3-deb7-4c8f-9439-d9550ef61498@group-CB1BECA0014D: closes. applyIndex: 0
2019-09-19 11:41:56,814 [grpc-default-executor-5] INFO  server.GrpcLogAppender (GrpcLogAppender.java:onCompleted(293)) - 1fad1ce3-deb7-4c8f-9439-d9550ef61498@group-CB1BECA0014D->85de0b57-e230-4a6a-a925-d8cdaf96271b-AppendLogResponseHandler: follower responses appendEntries COMPLETED
2019-09-19 11:41:56,814 [1fad1ce3-deb7-4c8f-9439-d9550ef61498@group-CB1BECA0014D-SegmentedRaftLogWorker] INFO  segmented.SegmentedRaftLogWorker (SegmentedRaftLogWorker.java:run(313)) - 1fad1ce3-deb7-4c8f-9439-d9550ef61498@group-CB1BECA0014D-SegmentedRaftLogWorker was interrupted, exiting. There are 0 tasks remaining in the queue.
2019-09-19 11:41:56,815 [grpc-default-executor-2] INFO  server.GrpcLogAppender (GrpcLogAppender.java:onCompleted(293)) - 1fad1ce3-deb7-4c8f-9439-d9550ef61498@group-CB1BECA0014D->e8835ac3-2c38-483b-890c-bebe50066010-AppendLogResponseHandler: follower responses appendEntries COMPLETED
2019-09-19 11:41:56,818 [grpc-default-executor-5] INFO  impl.FollowerInfo (FollowerInfo.java:lambda$new$0(51)) - 1fad1ce3-deb7-4c8f-9439-d9550ef61498@group-CB1BECA0014D->85de0b57-e230-4a6a-a925-d8cdaf96271b: nextIndex: updateUnconditionally 1 -> 0
2019-09-19 11:41:56,818 [grpc-default-executor-2] INFO  impl.FollowerInfo (FollowerInfo.java:lambda$new$0(51)) - 1fad1ce3-deb7-4c8f-9439-d9550ef61498@group-CB1BECA0014D->e8835ac3-2c38-483b-890c-bebe50066010: nextIndex: updateUnconditionally 1 -> 0
2019-09-19 11:41:56,824 [ForkJoinPool.commonPool-worker-1] INFO  segmented.SegmentedRaftLogWorker (SegmentedRaftLogWorker.java:close(228)) - 1fad1ce3-deb7-4c8f-9439-d9550ef61498@group-CB1BECA0014D-SegmentedRaftLogWorker close()
2019-09-19 11:41:56,829 [ForkJoinPool.commonPool-worker-1] INFO  impl.RaftServerImpl (RaftServerImpl.java:lambda$shutdown$3(251)) - 1fad1ce3-deb7-4c8f-9439-d9550ef61498@group-24F9F77389FA: shutdown
2019-09-19 11:41:56,829 [ForkJoinPool.commonPool-worker-1] INFO  util.JmxRegister (JmxRegister.java:unregister(73)) - Successfully un-registered JMX Bean with object name Ratis:service=RaftServer,group=group-24F9F77389FA,id=1fad1ce3-deb7-4c8f-9439-d9550ef61498
2019-09-19 11:41:56,829 [ForkJoinPool.commonPool-worker-1] INFO  impl.RoleInfo (RoleInfo.java:shutdownLeaderState(104)) - 1fad1ce3-deb7-4c8f-9439-d9550ef61498: shutdown LeaderState
2019-09-19 11:41:56,830 [ForkJoinPool.commonPool-worker-1] INFO  impl.PendingRequests (PendingRequests.java:sendNotLeaderResponses(202)) - 1fad1ce3-deb7-4c8f-9439-d9550ef61498-PendingRequests: sendNotLeaderResponses
2019-09-19 11:41:56,830 [ForkJoinPool.commonPool-worker-1] INFO  impl.StateMachineUpdater (StateMachineUpdater.java:stopAndJoin(125)) - 1fad1ce3-deb7-4c8f-9439-d9550ef61498@group-24F9F77389FA-StateMachineUpdater: set stopIndex = 0
2019-09-19 11:41:56,830 [ForkJoinPool.commonPool-worker-1] INFO  impl.RaftServerImpl (ServerState.java:close(385)) - 1fad1ce3-deb7-4c8f-9439-d9550ef61498@group-24F9F77389FA: closes. applyIndex: 0
2019-09-19 11:41:56,831 [1fad1ce3-deb7-4c8f-9439-d9550ef61498@group-24F9F77389FA-SegmentedRaftLogWorker] INFO  segmented.SegmentedRaftLogWorker (SegmentedRaftLogWorker.java:run(313)) - 1fad1ce3-deb7-4c8f-9439-d9550ef61498@group-24F9F77389FA-SegmentedRaftLogWorker was interrupted, exiting. There are 0 tasks remaining in the queue.
2019-09-19 11:41:56,833 [ForkJoinPool.commonPool-worker-1] INFO  segmented.SegmentedRaftLogWorker (SegmentedRaftLogWorker.java:close(228)) - 1fad1ce3-deb7-4c8f-9439-d9550ef61498@group-24F9F77389FA-SegmentedRaftLogWorker close()
2019-09-19 11:41:56,838 [ForkJoinPool.commonPool-worker-1] INFO  server.GrpcService (GrpcService.java:closeImpl(164)) - 1fad1ce3-deb7-4c8f-9439-d9550ef61498: shutdown server with port 41114 now
2019-09-19 11:41:56,839 [ForkJoinPool.commonPool-worker-1] INFO  server.GrpcService (GrpcService.java:closeImpl(172)) - 1fad1ce3-deb7-4c8f-9439-d9550ef61498: shutdown server with port 41114 successfully
2019-09-19 11:41:56,845 [399d3e62-04e5-4111-9cc9-9c21532552cc@group-2C5006FC0996-StateMachineUpdater] INFO  ratis.ContainerStateMachine (ContainerStateMachine.java:takeSnapshot(300)) - group-2C5006FC0996: Finished taking a snapshot at:(t:1, i:5) file:/workdir/hadoop-ozone/integration-test/target/test-dir/MiniOzoneClusterImpl-ffcb80c2-b642-44a5-b522-9914b1f1ccc8/datanode-4/data/ratis/1dbc22e0-a6d3-4a2a-939e-2c5006fc0996/sm/snapshot.1_5 time:44
2019-09-19 11:41:56,846 [refreshUsed-/workdir/hadoop-ozone/integration-test/target/test-dir/MiniOzoneClusterImpl-ffcb80c2-b642-44a5-b522-9914b1f1ccc8/datanode-1/data/containers] WARN  fs.CachingGetSpaceUsed (CachingGetSpaceUsed.java:run(183)) - Thread Interrupted waiting to refresh disk information: sleep interrupted
2019-09-19 11:41:56,846 [399d3e62-04e5-4111-9cc9-9c21532552cc@group-2C5006FC0996-StateMachineUpdater] INFO  impl.StateMachineUpdater (StateMachineUpdater.java:takeSnapshot(258)) - 399d3e62-04e5-4111-9cc9-9c21532552cc@group-2C5006FC0996-StateMachineUpdater: Took a snapshot at index 5
2019-09-19 11:41:56,846 [399d3e62-04e5-4111-9cc9-9c21532552cc@group-2C5006FC0996-StateMachineUpdater] INFO  impl.StateMachineUpdater (StateMachineUpdater.java:lambda$new$0(83)) - 399d3e62-04e5-4111-9cc9-9c21532552cc@group-2C5006FC0996-StateMachineUpdater: snapshotIndex: updateIncreasingly -1 -> 5
2019-09-19 11:41:56,847 [399d3e62-04e5-4111-9cc9-9c21532552cc@group-2C5006FC0996-StateMachineUpdater] INFO  ratis.ContainerStateMachine (ContainerStateMachine.java:takeSnapshot(289)) - group-2C5006FC0996: Taking a snapshot at:(t:1, i:5) file /workdir/hadoop-ozone/integration-test/target/test-dir/MiniOzoneClusterImpl-ffcb80c2-b642-44a5-b522-9914b1f1ccc8/datanode-4/data/ratis/1dbc22e0-a6d3-4a2a-939e-2c5006fc0996/sm/snapshot.1_5
2019-09-19 11:41:56,860 [399d3e62-04e5-4111-9cc9-9c21532552cc@group-2C5006FC0996-StateMachineUpdater] INFO  ratis.ContainerStateMachine (ContainerStateMachine.java:takeSnapshot(300)) - group-2C5006FC0996: Finished taking a snapshot at:(t:1, i:5) file:/workdir/hadoop-ozone/integration-test/target/test-dir/MiniOzoneClusterImpl-ffcb80c2-b642-44a5-b522-9914b1f1ccc8/datanode-4/data/ratis/1dbc22e0-a6d3-4a2a-939e-2c5006fc0996/sm/snapshot.1_5 time:13
2019-09-19 11:41:56,860 [399d3e62-04e5-4111-9cc9-9c21532552cc@group-2C5006FC0996-StateMachineUpdater] INFO  impl.StateMachineUpdater (StateMachineUpdater.java:takeSnapshot(258)) - 399d3e62-04e5-4111-9cc9-9c21532552cc@group-2C5006FC0996-StateMachineUpdater: Took a snapshot at index 5
2019-09-19 11:41:56,860 [399d3e62-04e5-4111-9cc9-9c21532552cc@group-2C5006FC0996-StateMachineUpdater] INFO  impl.StateMachineUpdater (StateMachineUpdater.java:lambda$new$0(83)) - 399d3e62-04e5-4111-9cc9-9c21532552cc@group-2C5006FC0996-StateMachineUpdater: snapshotIndex: updateIncreasingly 5 -> 5
2019-09-19 11:41:56,861 [main] INFO  impl.RaftServerImpl (ServerState.java:close(385)) - 399d3e62-04e5-4111-9cc9-9c21532552cc@group-2C5006FC0996: closes. applyIndex: 8
2019-09-19 11:41:56,862 [399d3e62-04e5-4111-9cc9-9c21532552cc@group-2C5006FC0996-SegmentedRaftLogWorker] INFO  segmented.SegmentedRaftLogWorker (SegmentedRaftLogWorker.java:run(313)) - 399d3e62-04e5-4111-9cc9-9c21532552cc@group-2C5006FC0996-SegmentedRaftLogWorker was interrupted, exiting. There are 0 tasks remaining in the queue.
2019-09-19 11:41:56,865 [main] INFO  segmented.SegmentedRaftLogWorker (SegmentedRaftLogWorker.java:close(228)) - 399d3e62-04e5-4111-9cc9-9c21532552cc@group-2C5006FC0996-SegmentedRaftLogWorker close()
2019-09-19 11:41:56,870 [main] INFO  impl.RaftServerImpl (RaftServerImpl.java:lambda$shutdown$3(251)) - 399d3e62-04e5-4111-9cc9-9c21532552cc@group-E3F1B46F77CE: shutdown
2019-09-19 11:41:56,870 [main] INFO  util.JmxRegister (JmxRegister.java:unregister(73)) - Successfully un-registered JMX Bean with object name Ratis:service=RaftServer,group=group-E3F1B46F77CE,id=399d3e62-04e5-4111-9cc9-9c21532552cc
2019-09-19 11:41:56,871 [main] INFO  impl.RoleInfo (RoleInfo.java:shutdownLeaderState(104)) - 399d3e62-04e5-4111-9cc9-9c21532552cc: shutdown LeaderState
2019-09-19 11:41:56,871 [main] INFO  impl.PendingRequests (PendingRequests.java:sendNotLeaderResponses(202)) - 399d3e62-04e5-4111-9cc9-9c21532552cc-PendingRequests: sendNotLeaderResponses
2019-09-19 11:41:56,871 [ForkJoinPool.commonPool-worker-1] INFO  utils.BackgroundService (BackgroundService.java:shutdown(148)) - Shutting down service BlockDeletingService
2019-09-19 11:41:56,872 [main] INFO  impl.StateMachineUpdater (StateMachineUpdater.java:stopAndJoin(125)) - 399d3e62-04e5-4111-9cc9-9c21532552cc@group-E3F1B46F77CE-StateMachineUpdater: set stopIndex = 0
2019-09-19 11:41:56,872 [main] INFO  impl.RaftServerImpl (ServerState.java:close(385)) - 399d3e62-04e5-4111-9cc9-9c21532552cc@group-E3F1B46F77CE: closes. applyIndex: 0
2019-09-19 11:41:56,877 [399d3e62-04e5-4111-9cc9-9c21532552cc@group-E3F1B46F77CE-SegmentedRaftLogWorker] INFO  segmented.SegmentedRaftLogWorker (SegmentedRaftLogWorker.java:run(313)) - 399d3e62-04e5-4111-9cc9-9c21532552cc@group-E3F1B46F77CE-SegmentedRaftLogWorker was interrupted, exiting. There are 0 tasks remaining in the queue.
2019-09-19 11:41:56,879 [ForkJoinPool.commonPool-worker-1] INFO  statemachine.DatanodeStateMachine (DatanodeStateMachine.java:stopDaemon(395)) - Ozone container server stopped.
2019-09-19 11:41:56,881 [main] INFO  segmented.SegmentedRaftLogWorker (SegmentedRaftLogWorker.java:close(228)) - 399d3e62-04e5-4111-9cc9-9c21532552cc@group-E3F1B46F77CE-SegmentedRaftLogWorker close()
2019-09-19 11:41:56,900 [main] INFO  server.GrpcService (GrpcService.java:closeImpl(164)) - 399d3e62-04e5-4111-9cc9-9c21532552cc: shutdown server with port 46302 now
2019-09-19 11:41:56,903 [ForkJoinPool.commonPool-worker-1] INFO  handler.ContextHandler (ContextHandler.java:doStop(910)) - Stopped o.e.j.w.WebAppContext@1bf14704{/,null,UNAVAILABLE}{/hddsDatanode}
2019-09-19 11:41:56,904 [ForkJoinPool.commonPool-worker-1] INFO  server.AbstractConnector (AbstractConnector.java:doStop(318)) - Stopped ServerConnector@5a545b0f{HTTP/1.1,[http/1.1]}{0.0.0.0:0}
2019-09-19 11:41:56,906 [ForkJoinPool.commonPool-worker-1] INFO  handler.ContextHandler (ContextHandler.java:doStop(910)) - Stopped o.e.j.s.ServletContextHandler@6fff46bf{/static,jar:file:/home/user/.m2/repository/org/apache/hadoop/hadoop-hdds-container-service/0.5.0-SNAPSHOT/hadoop-hdds-container-service-0.5.0-SNAPSHOT.jar!/webapps/static,UNAVAILABLE}
2019-09-19 11:41:56,908 [ForkJoinPool.commonPool-worker-1] INFO  handler.ContextHandler (ContextHandler.java:doStop(910)) - Stopped o.e.j.s.ServletContextHandler@748ac6f3{/logs,file:///workdir/hadoop-ozone/integration-test/target/log,UNAVAILABLE}
2019-09-19 11:41:56,909 [grpc-default-executor-2] WARN  server.GrpcLogAppender (LogUtils.java:warn(134)) - 65261e74-c36a-42fd-98ac-65dc83eec679@group-2C5006FC0996->399d3e62-04e5-4111-9cc9-9c21532552cc-AppendLogResponseHandler: Failed appendEntries: org.apache.ratis.thirdparty.io.grpc.StatusRuntimeException: CANCELLED: HTTP/2 error code: CANCEL
Received Rst Stream
2019-09-19 11:41:56,909 [main] INFO  server.GrpcService (GrpcService.java:closeImpl(172)) - 399d3e62-04e5-4111-9cc9-9c21532552cc: shutdown server with port 46302 successfully
2019-09-19 11:41:56,909 [grpc-default-executor-2] INFO  impl.FollowerInfo (FollowerInfo.java:lambda$new$0(51)) - 65261e74-c36a-42fd-98ac-65dc83eec679@group-2C5006FC0996->399d3e62-04e5-4111-9cc9-9c21532552cc: nextIndex: updateUnconditionally 9 -> 8
2019-09-19 11:41:56,911 [grpc-default-executor-6] WARN  client.GrpcClientProtocolService (LogUtils.java:warn(134)) - 47-OrderedRequestStreamObserver47: onError: org.apache.ratis.thirdparty.io.grpc.StatusRuntimeException: CANCELLED: cancelled before receiving half close
2019-09-19 11:41:56,911 [grpc-default-executor-5] WARN  server.GrpcServerProtocolService (LogUtils.java:warn(134)) - 399d3e62-04e5-4111-9cc9-9c21532552cc: installSnapshot onError, lastRequest: 65261e74-c36a-42fd-98ac-65dc83eec679->399d3e62-04e5-4111-9cc9-9c21532552cc#47-t1, previous=(t:1, i:8), leaderCommit=8, initializing? false, entries: <empty>: org.apache.ratis.thirdparty.io.grpc.StatusRuntimeException: CANCELLED: cancelled before receiving half close
2019-09-19 11:41:56,911 [refreshUsed-/workdir/hadoop-ozone/integration-test/target/test-dir/MiniOzoneClusterImpl-ffcb80c2-b642-44a5-b522-9914b1f1ccc8/datanode-4/data/containers] WARN  fs.CachingGetSpaceUsed (CachingGetSpaceUsed.java:run(183)) - Thread Interrupted waiting to refresh disk information: sleep interrupted
2019-09-19 11:41:56,926 [main] INFO  utils.BackgroundService (BackgroundService.java:shutdown(148)) - Shutting down service BlockDeletingService
2019-09-19 11:41:56,931 [main] INFO  statemachine.DatanodeStateMachine (DatanodeStateMachine.java:stopDaemon(395)) - Ozone container server stopped.
2019-09-19 11:41:56,932 [main] INFO  handler.ContextHandler (ContextHandler.java:doStop(910)) - Stopped o.e.j.w.WebAppContext@71cea1b8{/,null,UNAVAILABLE}{/hddsDatanode}
2019-09-19 11:41:56,933 [main] INFO  server.AbstractConnector (AbstractConnector.java:doStop(318)) - Stopped ServerConnector@659f226a{HTTP/1.1,[http/1.1]}{0.0.0.0:0}
2019-09-19 11:41:56,933 [main] INFO  handler.ContextHandler (ContextHandler.java:doStop(910)) - Stopped o.e.j.s.ServletContextHandler@7980cf2c{/static,jar:file:/home/user/.m2/repository/org/apache/hadoop/hadoop-hdds-container-service/0.5.0-SNAPSHOT/hadoop-hdds-container-service-0.5.0-SNAPSHOT.jar!/webapps/static,UNAVAILABLE}
2019-09-19 11:41:56,933 [main] INFO  handler.ContextHandler (ContextHandler.java:doStop(910)) - Stopped o.e.j.s.ServletContextHandler@3b4825f0{/logs,file:///workdir/hadoop-ozone/integration-test/target/log,UNAVAILABLE}
2019-09-19 11:41:57,094 [grpc-default-executor-2] WARN  server.GrpcLogAppender (LogUtils.java:warn(134)) - 65261e74-c36a-42fd-98ac-65dc83eec679@group-2C5006FC0996->399d3e62-04e5-4111-9cc9-9c21532552cc-AppendLogResponseHandler: Failed appendEntries: org.apache.ratis.thirdparty.io.grpc.StatusRuntimeException: UNAVAILABLE: io exception
2019-09-19 11:41:57,094 [grpc-default-executor-2] INFO  impl.FollowerInfo (FollowerInfo.java:lambda$new$0(51)) - 65261e74-c36a-42fd-98ac-65dc83eec679@group-2C5006FC0996->399d3e62-04e5-4111-9cc9-9c21532552cc: nextIndex: updateUnconditionally 8 -> 7
2019-09-19 11:41:57,296 [Datanode State Machine Thread - 0] INFO  statemachine.DatanodeStateMachine (DatanodeStateMachine.java:lambda$startDaemon$0(350)) - Ozone container server started.
2019-09-19 11:41:57,322 [Datanode State Machine Thread - 0] INFO  statemachine.DatanodeStateMachine (DatanodeStateMachine.java:lambda$startDaemon$0(350)) - Ozone container server started.
2019-09-19 11:41:59,598 [grpc-default-executor-5] WARN  server.GrpcLogAppender (LogUtils.java:warn(134)) - 65261e74-c36a-42fd-98ac-65dc83eec679@group-2C5006FC0996->399d3e62-04e5-4111-9cc9-9c21532552cc-AppendLogResponseHandler: Failed appendEntries: org.apache.ratis.thirdparty.io.grpc.StatusRuntimeException: UNAVAILABLE: io exception
2019-09-19 11:41:59,599 [grpc-default-executor-5] INFO  impl.FollowerInfo (FollowerInfo.java:lambda$new$0(51)) - 65261e74-c36a-42fd-98ac-65dc83eec679@group-2C5006FC0996->399d3e62-04e5-4111-9cc9-9c21532552cc: nextIndex: updateUnconditionally 7 -> 6
2019-09-19 11:42:01,914 [ForkJoinPool.commonPool-worker-1] INFO  ozoneimpl.OzoneContainer (OzoneContainer.java:stop(231)) - Attempting to stop container services.
2019-09-19 11:42:01,921 [ForkJoinPool.commonPool-worker-1] INFO  impl.RaftServerProxy (RaftServerProxy.java:lambda$close$4(314)) - e8835ac3-2c38-483b-890c-bebe50066010: close
2019-09-19 11:42:01,922 [ForkJoinPool.commonPool-worker-1] INFO  impl.RaftServerImpl (RaftServerImpl.java:lambda$shutdown$3(251)) - e8835ac3-2c38-483b-890c-bebe50066010@group-CB1BECA0014D: shutdown
2019-09-19 11:42:01,923 [ForkJoinPool.commonPool-worker-1] INFO  util.JmxRegister (JmxRegister.java:unregister(73)) - Successfully un-registered JMX Bean with object name Ratis:service=RaftServer,group=group-CB1BECA0014D,id=e8835ac3-2c38-483b-890c-bebe50066010
2019-09-19 11:42:01,923 [ForkJoinPool.commonPool-worker-1] INFO  impl.RoleInfo (RoleInfo.java:shutdownFollowerState(121)) - e8835ac3-2c38-483b-890c-bebe50066010: shutdown FollowerState
2019-09-19 11:42:01,923 [ForkJoinPool.commonPool-worker-1] INFO  impl.StateMachineUpdater (StateMachineUpdater.java:stopAndJoin(125)) - e8835ac3-2c38-483b-890c-bebe50066010@group-CB1BECA0014D-StateMachineUpdater: set stopIndex = 0
2019-09-19 11:42:01,923 [Thread-778] INFO  impl.FollowerState (FollowerState.java:run(115)) - e8835ac3-2c38-483b-890c-bebe50066010: FollowerState was interrupted: java.lang.InterruptedException: sleep interrupted
2019-09-19 11:42:01,926 [ForkJoinPool.commonPool-worker-1] INFO  impl.RaftServerImpl (ServerState.java:close(385)) - e8835ac3-2c38-483b-890c-bebe50066010@group-CB1BECA0014D: closes. applyIndex: 0
2019-09-19 11:42:01,928 [e8835ac3-2c38-483b-890c-bebe50066010@group-CB1BECA0014D-SegmentedRaftLogWorker] INFO  segmented.SegmentedRaftLogWorker (SegmentedRaftLogWorker.java:run(313)) - e8835ac3-2c38-483b-890c-bebe50066010@group-CB1BECA0014D-SegmentedRaftLogWorker was interrupted, exiting. There are 0 tasks remaining in the queue.
2019-09-19 11:42:01,930 [ForkJoinPool.commonPool-worker-1] INFO  segmented.SegmentedRaftLogWorker (SegmentedRaftLogWorker.java:close(228)) - e8835ac3-2c38-483b-890c-bebe50066010@group-CB1BECA0014D-SegmentedRaftLogWorker close()
2019-09-19 11:42:01,932 [ForkJoinPool.commonPool-worker-1] INFO  impl.RaftServerImpl (RaftServerImpl.java:lambda$shutdown$3(251)) - e8835ac3-2c38-483b-890c-bebe50066010@group-2A8FFD574F9B: shutdown
2019-09-19 11:42:01,932 [ForkJoinPool.commonPool-worker-1] INFO  util.JmxRegister (JmxRegister.java:unregister(73)) - Successfully un-registered JMX Bean with object name Ratis:service=RaftServer,group=group-2A8FFD574F9B,id=e8835ac3-2c38-483b-890c-bebe50066010
2019-09-19 11:42:01,932 [ForkJoinPool.commonPool-worker-1] INFO  impl.RoleInfo (RoleInfo.java:shutdownLeaderState(104)) - e8835ac3-2c38-483b-890c-bebe50066010: shutdown LeaderState
2019-09-19 11:42:01,933 [ForkJoinPool.commonPool-worker-1] INFO  impl.PendingRequests (PendingRequests.java:sendNotLeaderResponses(202)) - e8835ac3-2c38-483b-890c-bebe50066010-PendingRequests: sendNotLeaderResponses
2019-09-19 11:42:01,934 [ForkJoinPool.commonPool-worker-1] INFO  impl.StateMachineUpdater (StateMachineUpdater.java:stopAndJoin(125)) - e8835ac3-2c38-483b-890c-bebe50066010@group-2A8FFD574F9B-StateMachineUpdater: set stopIndex = 0
2019-09-19 11:42:01,935 [main] INFO  ozoneimpl.OzoneContainer (OzoneContainer.java:stop(231)) - Attempting to stop container services.
2019-09-19 11:42:01,935 [ForkJoinPool.commonPool-worker-1] INFO  impl.RaftServerImpl (ServerState.java:close(385)) - e8835ac3-2c38-483b-890c-bebe50066010@group-2A8FFD574F9B: closes. applyIndex: 0
2019-09-19 11:42:01,936 [main] INFO  impl.RaftServerProxy (RaftServerProxy.java:lambda$close$4(314)) - 65261e74-c36a-42fd-98ac-65dc83eec679: close
2019-09-19 11:42:01,936 [e8835ac3-2c38-483b-890c-bebe50066010@group-2A8FFD574F9B-SegmentedRaftLogWorker] INFO  segmented.SegmentedRaftLogWorker (SegmentedRaftLogWorker.java:run(313)) - e8835ac3-2c38-483b-890c-bebe50066010@group-2A8FFD574F9B-SegmentedRaftLogWorker was interrupted, exiting. There are 0 tasks remaining in the queue.
2019-09-19 11:42:01,936 [main] INFO  impl.RaftServerImpl (RaftServerImpl.java:lambda$shutdown$3(251)) - 65261e74-c36a-42fd-98ac-65dc83eec679@group-2C5006FC0996: shutdown
2019-09-19 11:42:01,939 [ForkJoinPool.commonPool-worker-1] INFO  segmented.SegmentedRaftLogWorker (SegmentedRaftLogWorker.java:close(228)) - e8835ac3-2c38-483b-890c-bebe50066010@group-2A8FFD574F9B-SegmentedRaftLogWorker close()
2019-09-19 11:42:01,939 [main] INFO  util.JmxRegister (JmxRegister.java:unregister(73)) - Successfully un-registered JMX Bean with object name Ratis:service=RaftServer,group=group-2C5006FC0996,id=65261e74-c36a-42fd-98ac-65dc83eec679
2019-09-19 11:42:01,942 [ForkJoinPool.commonPool-worker-1] INFO  server.GrpcService (GrpcService.java:closeImpl(164)) - e8835ac3-2c38-483b-890c-bebe50066010: shutdown server with port 43726 now
2019-09-19 11:42:01,942 [main] INFO  impl.RoleInfo (RoleInfo.java:shutdownLeaderState(104)) - 65261e74-c36a-42fd-98ac-65dc83eec679: shutdown LeaderState
2019-09-19 11:42:01,945 [main] INFO  impl.PendingRequests (PendingRequests.java:sendNotLeaderResponses(202)) - 65261e74-c36a-42fd-98ac-65dc83eec679-PendingRequests: sendNotLeaderResponses
2019-09-19 11:42:01,946 [org.apache.ratis.server.impl.LogAppender$AppenderDaemon$$Lambda$509/822252014@643166f3] WARN  server.GrpcLogAppender (GrpcLogAppender.java:mayWait(143)) - 65261e74-c36a-42fd-98ac-65dc83eec679@group-2C5006FC0996->c4eb8efe-62b2-45fb-815f-66d941ddca6e-GrpcLogAppender: Wait interrupted by java.lang.InterruptedException
2019-09-19 11:42:01,946 [org.apache.ratis.server.impl.LogAppender$AppenderDaemon$$Lambda$509/822252014@11ff884d] WARN  server.GrpcLogAppender (GrpcLogAppender.java:mayWait(143)) - 65261e74-c36a-42fd-98ac-65dc83eec679@group-2C5006FC0996->399d3e62-04e5-4111-9cc9-9c21532552cc-GrpcLogAppender: Wait interrupted by java.lang.InterruptedException
2019-09-19 11:42:01,949 [main] INFO  impl.StateMachineUpdater (StateMachineUpdater.java:stopAndJoin(125)) - 65261e74-c36a-42fd-98ac-65dc83eec679@group-2C5006FC0996-StateMachineUpdater: set stopIndex = 8
2019-09-19 11:42:01,950 [65261e74-c36a-42fd-98ac-65dc83eec679@group-2C5006FC0996-StateMachineUpdater] INFO  ratis.ContainerStateMachine (ContainerStateMachine.java:takeSnapshot(289)) - group-2C5006FC0996: Taking a snapshot at:(t:1, i:6) file /workdir/hadoop-ozone/integration-test/target/test-dir/MiniOzoneClusterImpl-ffcb80c2-b642-44a5-b522-9914b1f1ccc8/datanode-3/data/ratis/1dbc22e0-a6d3-4a2a-939e-2c5006fc0996/sm/snapshot.1_6
2019-09-19 11:42:01,950 [ForkJoinPool.commonPool-worker-1] INFO  server.GrpcService (GrpcService.java:closeImpl(172)) - e8835ac3-2c38-483b-890c-bebe50066010: shutdown server with port 43726 successfully
2019-09-19 11:42:01,951 [grpc-default-executor-6] INFO  server.GrpcServerProtocolService (GrpcServerProtocolService.java:onCompleted(113)) - c4eb8efe-62b2-45fb-815f-66d941ddca6e: Completed APPEND_ENTRIES, lastRequest: 65261e74-c36a-42fd-98ac-65dc83eec679->c4eb8efe-62b2-45fb-815f-66d941ddca6e#49-t1, previous=(t:1, i:8), leaderCommit=8, initializing? false, entries: <empty>
2019-09-19 11:42:01,953 [grpc-default-executor-5] INFO  server.GrpcLogAppender (GrpcLogAppender.java:onCompleted(293)) - 65261e74-c36a-42fd-98ac-65dc83eec679@group-2C5006FC0996->c4eb8efe-62b2-45fb-815f-66d941ddca6e-AppendLogResponseHandler: follower responses appendEntries COMPLETED
2019-09-19 11:42:01,953 [refreshUsed-/workdir/hadoop-ozone/integration-test/target/test-dir/MiniOzoneClusterImpl-ffcb80c2-b642-44a5-b522-9914b1f1ccc8/datanode-2/data/containers] WARN  fs.CachingGetSpaceUsed (CachingGetSpaceUsed.java:run(183)) - Thread Interrupted waiting to refresh disk information: sleep interrupted
2019-09-19 11:42:01,954 [grpc-default-executor-5] INFO  impl.FollowerInfo (FollowerInfo.java:lambda$new$0(51)) - 65261e74-c36a-42fd-98ac-65dc83eec679@group-2C5006FC0996->c4eb8efe-62b2-45fb-815f-66d941ddca6e: nextIndex: updateUnconditionally 9 -> 8
2019-09-19 11:42:01,960 [65261e74-c36a-42fd-98ac-65dc83eec679@group-2C5006FC0996-StateMachineUpdater] INFO  ratis.ContainerStateMachine (ContainerStateMachine.java:takeSnapshot(300)) - group-2C5006FC0996: Finished taking a snapshot at:(t:1, i:6) file:/workdir/hadoop-ozone/integration-test/target/test-dir/MiniOzoneClusterImpl-ffcb80c2-b642-44a5-b522-9914b1f1ccc8/datanode-3/data/ratis/1dbc22e0-a6d3-4a2a-939e-2c5006fc0996/sm/snapshot.1_6 time:10
2019-09-19 11:42:01,961 [65261e74-c36a-42fd-98ac-65dc83eec679@group-2C5006FC0996-StateMachineUpdater] INFO  impl.StateMachineUpdater (StateMachineUpdater.java:takeSnapshot(258)) - 65261e74-c36a-42fd-98ac-65dc83eec679@group-2C5006FC0996-StateMachineUpdater: Took a snapshot at index 6
2019-09-19 11:42:01,961 [65261e74-c36a-42fd-98ac-65dc83eec679@group-2C5006FC0996-StateMachineUpdater] INFO  impl.StateMachineUpdater (StateMachineUpdater.java:lambda$new$0(83)) - 65261e74-c36a-42fd-98ac-65dc83eec679@group-2C5006FC0996-StateMachineUpdater: snapshotIndex: updateIncreasingly -1 -> 6
2019-09-19 11:42:01,962 [65261e74-c36a-42fd-98ac-65dc83eec679@group-2C5006FC0996-StateMachineUpdater] INFO  ratis.ContainerStateMachine (ContainerStateMachine.java:takeSnapshot(289)) - group-2C5006FC0996: Taking a snapshot at:(t:1, i:6) file /workdir/hadoop-ozone/integration-test/target/test-dir/MiniOzoneClusterImpl-ffcb80c2-b642-44a5-b522-9914b1f1ccc8/datanode-3/data/ratis/1dbc22e0-a6d3-4a2a-939e-2c5006fc0996/sm/snapshot.1_6
2019-09-19 11:42:01,969 [65261e74-c36a-42fd-98ac-65dc83eec679@group-2C5006FC0996-StateMachineUpdater] INFO  ratis.ContainerStateMachine (ContainerStateMachine.java:takeSnapshot(300)) - group-2C5006FC0996: Finished taking a snapshot at:(t:1, i:6) file:/workdir/hadoop-ozone/integration-test/target/test-dir/MiniOzoneClusterImpl-ffcb80c2-b642-44a5-b522-9914b1f1ccc8/datanode-3/data/ratis/1dbc22e0-a6d3-4a2a-939e-2c5006fc0996/sm/snapshot.1_6 time:7
2019-09-19 11:42:01,969 [65261e74-c36a-42fd-98ac-65dc83eec679@group-2C5006FC0996-StateMachineUpdater] INFO  impl.StateMachineUpdater (StateMachineUpdater.java:takeSnapshot(258)) - 65261e74-c36a-42fd-98ac-65dc83eec679@group-2C5006FC0996-StateMachineUpdater: Took a snapshot at index 6
2019-09-19 11:42:01,969 [65261e74-c36a-42fd-98ac-65dc83eec679@group-2C5006FC0996-StateMachineUpdater] INFO  impl.StateMachineUpdater (StateMachineUpdater.java:lambda$new$0(83)) - 65261e74-c36a-42fd-98ac-65dc83eec679@group-2C5006FC0996-StateMachineUpdater: snapshotIndex: updateIncreasingly 6 -> 6
2019-09-19 11:42:01,969 [main] INFO  impl.RaftServerImpl (ServerState.java:close(385)) - 65261e74-c36a-42fd-98ac-65dc83eec679@group-2C5006FC0996: closes. applyIndex: 8
2019-09-19 11:42:01,970 [65261e74-c36a-42fd-98ac-65dc83eec679@group-2C5006FC0996-SegmentedRaftLogWorker] INFO  segmented.SegmentedRaftLogWorker (SegmentedRaftLogWorker.java:run(313)) - 65261e74-c36a-42fd-98ac-65dc83eec679@group-2C5006FC0996-SegmentedRaftLogWorker was interrupted, exiting. There are 0 tasks remaining in the queue.
2019-09-19 11:42:01,972 [main] INFO  segmented.SegmentedRaftLogWorker (SegmentedRaftLogWorker.java:close(228)) - 65261e74-c36a-42fd-98ac-65dc83eec679@group-2C5006FC0996-SegmentedRaftLogWorker close()
2019-09-19 11:42:01,974 [main] INFO  impl.RaftServerImpl (RaftServerImpl.java:lambda$shutdown$3(251)) - 65261e74-c36a-42fd-98ac-65dc83eec679@group-463EB63856BE: shutdown
2019-09-19 11:42:01,974 [main] INFO  util.JmxRegister (JmxRegister.java:unregister(73)) - Successfully un-registered JMX Bean with object name Ratis:service=RaftServer,group=group-463EB63856BE,id=65261e74-c36a-42fd-98ac-65dc83eec679
2019-09-19 11:42:01,974 [main] INFO  impl.RoleInfo (RoleInfo.java:shutdownLeaderState(104)) - 65261e74-c36a-42fd-98ac-65dc83eec679: shutdown LeaderState
2019-09-19 11:42:01,974 [main] INFO  impl.PendingRequests (PendingRequests.java:sendNotLeaderResponses(202)) - 65261e74-c36a-42fd-98ac-65dc83eec679-PendingRequests: sendNotLeaderResponses
2019-09-19 11:42:01,975 [main] INFO  impl.StateMachineUpdater (StateMachineUpdater.java:stopAndJoin(125)) - 65261e74-c36a-42fd-98ac-65dc83eec679@group-463EB63856BE-StateMachineUpdater: set stopIndex = 0
2019-09-19 11:42:01,975 [main] INFO  impl.RaftServerImpl (ServerState.java:close(385)) - 65261e74-c36a-42fd-98ac-65dc83eec679@group-463EB63856BE: closes. applyIndex: 0
2019-09-19 11:42:01,976 [65261e74-c36a-42fd-98ac-65dc83eec679@group-463EB63856BE-SegmentedRaftLogWorker] INFO  segmented.SegmentedRaftLogWorker (SegmentedRaftLogWorker.java:run(313)) - 65261e74-c36a-42fd-98ac-65dc83eec679@group-463EB63856BE-SegmentedRaftLogWorker was interrupted, exiting. There are 0 tasks remaining in the queue.
2019-09-19 11:42:01,977 [main] INFO  segmented.SegmentedRaftLogWorker (SegmentedRaftLogWorker.java:close(228)) - 65261e74-c36a-42fd-98ac-65dc83eec679@group-463EB63856BE-SegmentedRaftLogWorker close()
2019-09-19 11:42:01,979 [main] INFO  server.GrpcService (GrpcService.java:closeImpl(164)) - 65261e74-c36a-42fd-98ac-65dc83eec679: shutdown server with port 41008 now
2019-09-19 11:42:01,980 [main] INFO  server.GrpcService (GrpcService.java:closeImpl(172)) - 65261e74-c36a-42fd-98ac-65dc83eec679: shutdown server with port 41008 successfully
2019-09-19 11:42:01,985 [refreshUsed-/workdir/hadoop-ozone/integration-test/target/test-dir/MiniOzoneClusterImpl-ffcb80c2-b642-44a5-b522-9914b1f1ccc8/datanode-3/data/containers] WARN  fs.CachingGetSpaceUsed (CachingGetSpaceUsed.java:run(183)) - Thread Interrupted waiting to refresh disk information: sleep interrupted
2019-09-19 11:42:01,985 [ForkJoinPool.commonPool-worker-1] INFO  utils.BackgroundService (BackgroundService.java:shutdown(148)) - Shutting down service BlockDeletingService
2019-09-19 11:42:01,990 [ForkJoinPool.commonPool-worker-1] INFO  statemachine.DatanodeStateMachine (DatanodeStateMachine.java:stopDaemon(395)) - Ozone container server stopped.
2019-09-19 11:42:02,003 [main] INFO  utils.BackgroundService (BackgroundService.java:shutdown(148)) - Shutting down service BlockDeletingService
2019-09-19 11:42:02,007 [main] INFO  statemachine.DatanodeStateMachine (DatanodeStateMachine.java:stopDaemon(395)) - Ozone container server stopped.
2019-09-19 11:42:02,009 [ForkJoinPool.commonPool-worker-1] INFO  handler.ContextHandler (ContextHandler.java:doStop(910)) - Stopped o.e.j.w.WebAppContext@2ceee4b6{/,null,UNAVAILABLE}{/hddsDatanode}
2019-09-19 11:42:02,010 [main] INFO  handler.ContextHandler (ContextHandler.java:doStop(910)) - Stopped o.e.j.w.WebAppContext@fb0a08c{/,null,UNAVAILABLE}{/hddsDatanode}
2019-09-19 11:42:02,010 [main] INFO  server.AbstractConnector (AbstractConnector.java:doStop(318)) - Stopped ServerConnector@1faf386c{HTTP/1.1,[http/1.1]}{0.0.0.0:0}
2019-09-19 11:42:02,010 [ForkJoinPool.commonPool-worker-1] INFO  server.AbstractConnector (AbstractConnector.java:doStop(318)) - Stopped ServerConnector@12a470dd{HTTP/1.1,[http/1.1]}{0.0.0.0:0}
2019-09-19 11:42:02,010 [main] INFO  handler.ContextHandler (ContextHandler.java:doStop(910)) - Stopped o.e.j.s.ServletContextHandler@152c4495{/static,jar:file:/home/user/.m2/repository/org/apache/hadoop/hadoop-hdds-container-service/0.5.0-SNAPSHOT/hadoop-hdds-container-service-0.5.0-SNAPSHOT.jar!/webapps/static,UNAVAILABLE}
2019-09-19 11:42:02,012 [ForkJoinPool.commonPool-worker-1] INFO  handler.ContextHandler (ContextHandler.java:doStop(910)) - Stopped o.e.j.s.ServletContextHandler@3ba3d4b6{/static,jar:file:/home/user/.m2/repository/org/apache/hadoop/hadoop-hdds-container-service/0.5.0-SNAPSHOT/hadoop-hdds-container-service-0.5.0-SNAPSHOT.jar!/webapps/static,UNAVAILABLE}
2019-09-19 11:42:02,012 [main] INFO  handler.ContextHandler (ContextHandler.java:doStop(910)) - Stopped o.e.j.s.ServletContextHandler@46dcbeab{/logs,file:///workdir/hadoop-ozone/integration-test/target/log,UNAVAILABLE}
2019-09-19 11:42:02,014 [ForkJoinPool.commonPool-worker-1] INFO  handler.ContextHandler (ContextHandler.java:doStop(910)) - Stopped o.e.j.s.ServletContextHandler@3b55dd15{/logs,file:///workdir/hadoop-ozone/integration-test/target/log,UNAVAILABLE}
2019-09-19 11:42:02,149 [Datanode State Machine Thread - 0] INFO  statemachine.DatanodeStateMachine (DatanodeStateMachine.java:lambda$startDaemon$0(350)) - Ozone container server started.
2019-09-19 11:42:02,669 [Datanode State Machine Thread - 0] INFO  statemachine.DatanodeStateMachine (DatanodeStateMachine.java:lambda$startDaemon$0(350)) - Ozone container server started.
2019-09-19 11:42:04,978 [Thread-779] INFO  impl.FollowerState (FollowerState.java:run(106)) - 85de0b57-e230-4a6a-a925-d8cdaf96271b:group-CB1BECA0014D changes to CANDIDATE, lastRpcTime:9558, electionTimeout:5037ms
2019-09-19 11:42:04,980 [Thread-779] INFO  impl.RoleInfo (RoleInfo.java:shutdownFollowerState(121)) - 85de0b57-e230-4a6a-a925-d8cdaf96271b: shutdown FollowerState
2019-09-19 11:42:04,980 [Thread-779] INFO  impl.RaftServerImpl (RaftServerImpl.java:setRole(174)) - 85de0b57-e230-4a6a-a925-d8cdaf96271b@group-CB1BECA0014D: changes role from  FOLLOWER to CANDIDATE at term 1 for changeToCandidate
2019-09-19 11:42:04,981 [Thread-779] INFO  impl.RoleInfo (RoleInfo.java:updateAndGet(143)) - 85de0b57-e230-4a6a-a925-d8cdaf96271b: start LeaderElection
2019-09-19 11:42:04,984 [85de0b57-e230-4a6a-a925-d8cdaf96271b@group-CB1BECA0014D:LeaderElection32] INFO  impl.RaftServerImpl (ServerState.java:setLeader(253)) - 85de0b57-e230-4a6a-a925-d8cdaf96271b@group-CB1BECA0014D: change Leader from 1fad1ce3-deb7-4c8f-9439-d9550ef61498 to null at term 1 for initElection
2019-09-19 11:42:04,999 [85de0b57-e230-4a6a-a925-d8cdaf96271b@group-CB1BECA0014D:LeaderElection32] INFO  impl.LeaderElection (LeaderElection.java:askForVotes(182)) - 85de0b57-e230-4a6a-a925-d8cdaf96271b@group-CB1BECA0014D:LeaderElection32: begin an election at term 2 for 0: [85de0b57-e230-4a6a-a925-d8cdaf96271b:192.168.151.78:46883, e8835ac3-2c38-483b-890c-bebe50066010:192.168.151.78:43726, 1fad1ce3-deb7-4c8f-9439-d9550ef61498:192.168.151.78:41114], old=null
2019-09-19 11:42:05,005 [85de0b57-e230-4a6a-a925-d8cdaf96271b@group-CB1BECA0014D:LeaderElection32] INFO  impl.LeaderElection (LogUtils.java:infoOrTrace(149)) - 85de0b57-e230-4a6a-a925-d8cdaf96271b@group-CB1BECA0014D:LeaderElection32 got exception when requesting votes: {}
java.util.concurrent.ExecutionException: org.apache.ratis.thirdparty.io.grpc.StatusRuntimeException: UNAVAILABLE: io exception
	at java.util.concurrent.FutureTask.report(FutureTask.java:122)
	at java.util.concurrent.FutureTask.get(FutureTask.java:192)
	at org.apache.ratis.server.impl.LeaderElection.waitForResults(LeaderElection.java:263)
	at org.apache.ratis.server.impl.LeaderElection.askForVotes(LeaderElection.java:201)
	at org.apache.ratis.server.impl.LeaderElection.run(LeaderElection.java:133)
	at java.lang.Thread.run(Thread.java:748)
Caused by: org.apache.ratis.thirdparty.io.grpc.StatusRuntimeException: UNAVAILABLE: io exception
	at org.apache.ratis.thirdparty.io.grpc.stub.ClientCalls.toStatusRuntimeException(ClientCalls.java:233)
	at org.apache.ratis.thirdparty.io.grpc.stub.ClientCalls.getUnchecked(ClientCalls.java:214)
	at org.apache.ratis.thirdparty.io.grpc.stub.ClientCalls.blockingUnaryCall(ClientCalls.java:139)
	at org.apache.ratis.proto.grpc.RaftServerProtocolServiceGrpc$RaftServerProtocolServiceBlockingStub.requestVote(RaftServerProtocolServiceGrpc.java:265)
	at org.apache.ratis.grpc.server.GrpcServerProtocolClient.requestVote(GrpcServerProtocolClient.java:90)
	at org.apache.ratis.grpc.server.GrpcService.requestVote(GrpcService.java:204)
	at org.apache.ratis.server.impl.LeaderElection.lambda$submitRequests$1(LeaderElection.java:238)
	at java.util.concurrent.FutureTask.run(FutureTask.java:266)
	at java.util.concurrent.Executors$RunnableAdapter.call(Executors.java:511)
	at java.util.concurrent.FutureTask.run(FutureTask.java:266)
	at java.util.concurrent.ThreadPoolExecutor.runWorker(ThreadPoolExecutor.java:1149)
	at java.util.concurrent.ThreadPoolExecutor$Worker.run(ThreadPoolExecutor.java:624)
	... 1 more
Caused by: org.apache.ratis.thirdparty.io.netty.channel.AbstractChannel$AnnotatedConnectException: Connection refused: /192.168.151.78:41114
	at sun.nio.ch.SocketChannelImpl.checkConnect(Native Method)
	at sun.nio.ch.SocketChannelImpl.finishConnect(SocketChannelImpl.java:717)
	at org.apache.ratis.thirdparty.io.netty.channel.socket.nio.NioSocketChannel.doFinishConnect(NioSocketChannel.java:327)
	at org.apache.ratis.thirdparty.io.netty.channel.nio.AbstractNioChannel$AbstractNioUnsafe.finishConnect(AbstractNioChannel.java:340)
	at org.apache.ratis.thirdparty.io.netty.channel.nio.NioEventLoop.processSelectedKey(NioEventLoop.java:632)
	at org.apache.ratis.thirdparty.io.netty.channel.nio.NioEventLoop.processSelectedKeysOptimized(NioEventLoop.java:579)
	at org.apache.ratis.thirdparty.io.netty.channel.nio.NioEventLoop.processSelectedKeys(NioEventLoop.java:496)
	at org.apache.ratis.thirdparty.io.netty.channel.nio.NioEventLoop.run(NioEventLoop.java:458)
	at org.apache.ratis.thirdparty.io.netty.util.concurrent.SingleThreadEventExecutor$5.run(SingleThreadEventExecutor.java:897)
	at org.apache.ratis.thirdparty.io.netty.util.concurrent.FastThreadLocalRunnable.run(FastThreadLocalRunnable.java:30)
	... 1 more
Caused by: java.net.ConnectException: Connection refused
	... 11 more
2019-09-19 11:42:05,008 [85de0b57-e230-4a6a-a925-d8cdaf96271b@group-CB1BECA0014D:LeaderElection32] INFO  impl.LeaderElection (LogUtils.java:infoOrTrace(149)) - 85de0b57-e230-4a6a-a925-d8cdaf96271b@group-CB1BECA0014D:LeaderElection32 got exception when requesting votes: {}
java.util.concurrent.ExecutionException: org.apache.ratis.thirdparty.io.grpc.StatusRuntimeException: UNAVAILABLE: io exception
	at java.util.concurrent.FutureTask.report(FutureTask.java:122)
	at java.util.concurrent.FutureTask.get(FutureTask.java:192)
	at org.apache.ratis.server.impl.LeaderElection.waitForResults(LeaderElection.java:263)
	at org.apache.ratis.server.impl.LeaderElection.askForVotes(LeaderElection.java:201)
	at org.apache.ratis.server.impl.LeaderElection.run(LeaderElection.java:133)
	at java.lang.Thread.run(Thread.java:748)
Caused by: org.apache.ratis.thirdparty.io.grpc.StatusRuntimeException: UNAVAILABLE: io exception
	at org.apache.ratis.thirdparty.io.grpc.stub.ClientCalls.toStatusRuntimeException(ClientCalls.java:233)
	at org.apache.ratis.thirdparty.io.grpc.stub.ClientCalls.getUnchecked(ClientCalls.java:214)
	at org.apache.ratis.thirdparty.io.grpc.stub.ClientCalls.blockingUnaryCall(ClientCalls.java:139)
	at org.apache.ratis.proto.grpc.RaftServerProtocolServiceGrpc$RaftServerProtocolServiceBlockingStub.requestVote(RaftServerProtocolServiceGrpc.java:265)
	at org.apache.ratis.grpc.server.GrpcServerProtocolClient.requestVote(GrpcServerProtocolClient.java:90)
	at org.apache.ratis.grpc.server.GrpcService.requestVote(GrpcService.java:204)
	at org.apache.ratis.server.impl.LeaderElection.lambda$submitRequests$1(LeaderElection.java:238)
	at java.util.concurrent.FutureTask.run(FutureTask.java:266)
	at java.util.concurrent.Executors$RunnableAdapter.call(Executors.java:511)
	at java.util.concurrent.FutureTask.run(FutureTask.java:266)
	at java.util.concurrent.ThreadPoolExecutor.runWorker(ThreadPoolExecutor.java:1149)
	at java.util.concurrent.ThreadPoolExecutor$Worker.run(ThreadPoolExecutor.java:624)
	... 1 more
Caused by: org.apache.ratis.thirdparty.io.netty.channel.AbstractChannel$AnnotatedConnectException: Connection refused: /192.168.151.78:43726
	at sun.nio.ch.SocketChannelImpl.checkConnect(Native Method)
	at sun.nio.ch.SocketChannelImpl.finishConnect(SocketChannelImpl.java:717)
	at org.apache.ratis.thirdparty.io.netty.channel.socket.nio.NioSocketChannel.doFinishConnect(NioSocketChannel.java:327)
	at org.apache.ratis.thirdparty.io.netty.channel.nio.AbstractNioChannel$AbstractNioUnsafe.finishConnect(AbstractNioChannel.java:340)
	at org.apache.ratis.thirdparty.io.netty.channel.nio.NioEventLoop.processSelectedKey(NioEventLoop.java:632)
	at org.apache.ratis.thirdparty.io.netty.channel.nio.NioEventLoop.processSelectedKeysOptimized(NioEventLoop.java:579)
	at org.apache.ratis.thirdparty.io.netty.channel.nio.NioEventLoop.processSelectedKeys(NioEventLoop.java:496)
	at org.apache.ratis.thirdparty.io.netty.channel.nio.NioEventLoop.run(NioEventLoop.java:458)
	at org.apache.ratis.thirdparty.io.netty.util.concurrent.SingleThreadEventExecutor$5.run(SingleThreadEventExecutor.java:897)
	at org.apache.ratis.thirdparty.io.netty.util.concurrent.FastThreadLocalRunnable.run(FastThreadLocalRunnable.java:30)
	... 1 more
Caused by: java.net.ConnectException: Connection refused
	... 11 more
2019-09-19 11:42:05,011 [85de0b57-e230-4a6a-a925-d8cdaf96271b@group-CB1BECA0014D:LeaderElection32] INFO  impl.LeaderElection (LeaderElection.java:logAndReturn(56)) - 85de0b57-e230-4a6a-a925-d8cdaf96271b@group-CB1BECA0014D:LeaderElection32: Election REJECTED; received 0 response(s) [] and 2 exception(s); 85de0b57-e230-4a6a-a925-d8cdaf96271b@group-CB1BECA0014D:t2, leader=null, voted=85de0b57-e230-4a6a-a925-d8cdaf96271b, raftlog=85de0b57-e230-4a6a-a925-d8cdaf96271b@group-CB1BECA0014D-SegmentedRaftLog:OPENED:c0,f0,i0, conf=0: [85de0b57-e230-4a6a-a925-d8cdaf96271b:192.168.151.78:46883, e8835ac3-2c38-483b-890c-bebe50066010:192.168.151.78:43726, 1fad1ce3-deb7-4c8f-9439-d9550ef61498:192.168.151.78:41114], old=null
2019-09-19 11:42:05,012 [85de0b57-e230-4a6a-a925-d8cdaf96271b@group-CB1BECA0014D:LeaderElection32] INFO  impl.LeaderElection (LogUtils.java:infoOrTrace(149)) -   Exception 0: {}
java.util.concurrent.ExecutionException: org.apache.ratis.thirdparty.io.grpc.StatusRuntimeException: UNAVAILABLE: io exception
	at java.util.concurrent.FutureTask.report(FutureTask.java:122)
	at java.util.concurrent.FutureTask.get(FutureTask.java:192)
	at org.apache.ratis.server.impl.LeaderElection.waitForResults(LeaderElection.java:263)
	at org.apache.ratis.server.impl.LeaderElection.askForVotes(LeaderElection.java:201)
	at org.apache.ratis.server.impl.LeaderElection.run(LeaderElection.java:133)
	at java.lang.Thread.run(Thread.java:748)
Caused by: org.apache.ratis.thirdparty.io.grpc.StatusRuntimeException: UNAVAILABLE: io exception
	at org.apache.ratis.thirdparty.io.grpc.stub.ClientCalls.toStatusRuntimeException(ClientCalls.java:233)
	at org.apache.ratis.thirdparty.io.grpc.stub.ClientCalls.getUnchecked(ClientCalls.java:214)
	at org.apache.ratis.thirdparty.io.grpc.stub.ClientCalls.blockingUnaryCall(ClientCalls.java:139)
	at org.apache.ratis.proto.grpc.RaftServerProtocolServiceGrpc$RaftServerProtocolServiceBlockingStub.requestVote(RaftServerProtocolServiceGrpc.java:265)
	at org.apache.ratis.grpc.server.GrpcServerProtocolClient.requestVote(GrpcServerProtocolClient.java:90)
	at org.apache.ratis.grpc.server.GrpcService.requestVote(GrpcService.java:204)
	at org.apache.ratis.server.impl.LeaderElection.lambda$submitRequests$1(LeaderElection.java:238)
	at java.util.concurrent.FutureTask.run(FutureTask.java:266)
	at java.util.concurrent.Executors$RunnableAdapter.call(Executors.java:511)
	at java.util.concurrent.FutureTask.run(FutureTask.java:266)
	at java.util.concurrent.ThreadPoolExecutor.runWorker(ThreadPoolExecutor.java:1149)
	at java.util.concurrent.ThreadPoolExecutor$Worker.run(ThreadPoolExecutor.java:624)
	... 1 more
Caused by: org.apache.ratis.thirdparty.io.netty.channel.AbstractChannel$AnnotatedConnectException: Connection refused: /192.168.151.78:41114
	at sun.nio.ch.SocketChannelImpl.checkConnect(Native Method)
	at sun.nio.ch.SocketChannelImpl.finishConnect(SocketChannelImpl.java:717)
	at org.apache.ratis.thirdparty.io.netty.channel.socket.nio.NioSocketChannel.doFinishConnect(NioSocketChannel.java:327)
	at org.apache.ratis.thirdparty.io.netty.channel.nio.AbstractNioChannel$AbstractNioUnsafe.finishConnect(AbstractNioChannel.java:340)
	at org.apache.ratis.thirdparty.io.netty.channel.nio.NioEventLoop.processSelectedKey(NioEventLoop.java:632)
	at org.apache.ratis.thirdparty.io.netty.channel.nio.NioEventLoop.processSelectedKeysOptimized(NioEventLoop.java:579)
	at org.apache.ratis.thirdparty.io.netty.channel.nio.NioEventLoop.processSelectedKeys(NioEventLoop.java:496)
	at org.apache.ratis.thirdparty.io.netty.channel.nio.NioEventLoop.run(NioEventLoop.java:458)
	at org.apache.ratis.thirdparty.io.netty.util.concurrent.SingleThreadEventExecutor$5.run(SingleThreadEventExecutor.java:897)
	at org.apache.ratis.thirdparty.io.netty.util.concurrent.FastThreadLocalRunnable.run(FastThreadLocalRunnable.java:30)
	... 1 more
Caused by: java.net.ConnectException: Connection refused
	... 11 more
2019-09-19 11:42:05,012 [85de0b57-e230-4a6a-a925-d8cdaf96271b@group-CB1BECA0014D:LeaderElection32] INFO  impl.LeaderElection (LogUtils.java:infoOrTrace(149)) -   Exception 1: {}
java.util.concurrent.ExecutionException: org.apache.ratis.thirdparty.io.grpc.StatusRuntimeException: UNAVAILABLE: io exception
	at java.util.concurrent.FutureTask.report(FutureTask.java:122)
	at java.util.concurrent.FutureTask.get(FutureTask.java:192)
	at org.apache.ratis.server.impl.LeaderElection.waitForResults(LeaderElection.java:263)
	at org.apache.ratis.server.impl.LeaderElection.askForVotes(LeaderElection.java:201)
	at org.apache.ratis.server.impl.LeaderElection.run(LeaderElection.java:133)
	at java.lang.Thread.run(Thread.java:748)
Caused by: org.apache.ratis.thirdparty.io.grpc.StatusRuntimeException: UNAVAILABLE: io exception
	at org.apache.ratis.thirdparty.io.grpc.stub.ClientCalls.toStatusRuntimeException(ClientCalls.java:233)
	at org.apache.ratis.thirdparty.io.grpc.stub.ClientCalls.getUnchecked(ClientCalls.java:214)
	at org.apache.ratis.thirdparty.io.grpc.stub.ClientCalls.blockingUnaryCall(ClientCalls.java:139)
	at org.apache.ratis.proto.grpc.RaftServerProtocolServiceGrpc$RaftServerProtocolServiceBlockingStub.requestVote(RaftServerProtocolServiceGrpc.java:265)
	at org.apache.ratis.grpc.server.GrpcServerProtocolClient.requestVote(GrpcServerProtocolClient.java:90)
	at org.apache.ratis.grpc.server.GrpcService.requestVote(GrpcService.java:204)
	at org.apache.ratis.server.impl.LeaderElection.lambda$submitRequests$1(LeaderElection.java:238)
	at java.util.concurrent.FutureTask.run(FutureTask.java:266)
	at java.util.concurrent.Executors$RunnableAdapter.call(Executors.java:511)
	at java.util.concurrent.FutureTask.run(FutureTask.java:266)
	at java.util.concurrent.ThreadPoolExecutor.runWorker(ThreadPoolExecutor.java:1149)
	at java.util.concurrent.ThreadPoolExecutor$Worker.run(ThreadPoolExecutor.java:624)
	... 1 more
Caused by: org.apache.ratis.thirdparty.io.netty.channel.AbstractChannel$AnnotatedConnectException: Connection refused: /192.168.151.78:43726
	at sun.nio.ch.SocketChannelImpl.checkConnect(Native Method)
	at sun.nio.ch.SocketChannelImpl.finishConnect(SocketChannelImpl.java:717)
	at org.apache.ratis.thirdparty.io.netty.channel.socket.nio.NioSocketChannel.doFinishConnect(NioSocketChannel.java:327)
	at org.apache.ratis.thirdparty.io.netty.channel.nio.AbstractNioChannel$AbstractNioUnsafe.finishConnect(AbstractNioChannel.java:340)
	at org.apache.ratis.thirdparty.io.netty.channel.nio.NioEventLoop.processSelectedKey(NioEventLoop.java:632)
	at org.apache.ratis.thirdparty.io.netty.channel.nio.NioEventLoop.processSelectedKeysOptimized(NioEventLoop.java:579)
	at org.apache.ratis.thirdparty.io.netty.channel.nio.NioEventLoop.processSelectedKeys(NioEventLoop.java:496)
	at org.apache.ratis.thirdparty.io.netty.channel.nio.NioEventLoop.run(NioEventLoop.java:458)
	at org.apache.ratis.thirdparty.io.netty.util.concurrent.SingleThreadEventExecutor$5.run(SingleThreadEventExecutor.java:897)
	at org.apache.ratis.thirdparty.io.netty.util.concurrent.FastThreadLocalRunnable.run(FastThreadLocalRunnable.java:30)
	... 1 more
Caused by: java.net.ConnectException: Connection refused
	... 11 more
2019-09-19 11:42:05,013 [85de0b57-e230-4a6a-a925-d8cdaf96271b@group-CB1BECA0014D:LeaderElection32] INFO  impl.RaftServerImpl (RaftServerImpl.java:setRole(174)) - 85de0b57-e230-4a6a-a925-d8cdaf96271b@group-CB1BECA0014D: changes role from CANDIDATE to FOLLOWER at term 2 for DISCOVERED_A_NEW_TERM
2019-09-19 11:42:05,013 [85de0b57-e230-4a6a-a925-d8cdaf96271b@group-CB1BECA0014D:LeaderElection32] INFO  impl.RoleInfo (RoleInfo.java:shutdownLeaderElection(134)) - 85de0b57-e230-4a6a-a925-d8cdaf96271b: shutdown LeaderElection
2019-09-19 11:42:05,013 [85de0b57-e230-4a6a-a925-d8cdaf96271b@group-CB1BECA0014D:LeaderElection32] INFO  impl.RoleInfo (RoleInfo.java:updateAndGet(143)) - 85de0b57-e230-4a6a-a925-d8cdaf96271b: start FollowerState
2019-09-19 11:42:05,833 [Thread-799] INFO  impl.FollowerState (FollowerState.java:run(106)) - c4eb8efe-62b2-45fb-815f-66d941ddca6e:group-2C5006FC0996 changes to CANDIDATE, lastRpcTime:6236, electionTimeout:5054ms
2019-09-19 11:42:05,840 [Thread-799] INFO  impl.RoleInfo (RoleInfo.java:shutdownFollowerState(121)) - c4eb8efe-62b2-45fb-815f-66d941ddca6e: shutdown FollowerState
2019-09-19 11:42:05,841 [Thread-799] INFO  impl.RaftServerImpl (RaftServerImpl.java:setRole(174)) - c4eb8efe-62b2-45fb-815f-66d941ddca6e@group-2C5006FC0996: changes role from  FOLLOWER to CANDIDATE at term 1 for changeToCandidate
2019-09-19 11:42:05,841 [Thread-799] INFO  impl.RoleInfo (RoleInfo.java:updateAndGet(143)) - c4eb8efe-62b2-45fb-815f-66d941ddca6e: start LeaderElection
2019-09-19 11:42:05,843 [c4eb8efe-62b2-45fb-815f-66d941ddca6e@group-2C5006FC0996:LeaderElection33] INFO  impl.RaftServerImpl (ServerState.java:setLeader(253)) - c4eb8efe-62b2-45fb-815f-66d941ddca6e@group-2C5006FC0996: change Leader from 65261e74-c36a-42fd-98ac-65dc83eec679 to null at term 1 for initElection
2019-09-19 11:42:05,858 [c4eb8efe-62b2-45fb-815f-66d941ddca6e@group-2C5006FC0996:LeaderElection33] INFO  impl.LeaderElection (LeaderElection.java:askForVotes(182)) - c4eb8efe-62b2-45fb-815f-66d941ddca6e@group-2C5006FC0996:LeaderElection33: begin an election at term 2 for 0: [65261e74-c36a-42fd-98ac-65dc83eec679:192.168.151.78:41008, 399d3e62-04e5-4111-9cc9-9c21532552cc:192.168.151.78:46302, c4eb8efe-62b2-45fb-815f-66d941ddca6e:192.168.151.78:45661], old=null
2019-09-19 11:42:05,864 [c4eb8efe-62b2-45fb-815f-66d941ddca6e@group-2C5006FC0996:LeaderElection33] INFO  impl.LeaderElection (LogUtils.java:infoOrTrace(149)) - c4eb8efe-62b2-45fb-815f-66d941ddca6e@group-2C5006FC0996:LeaderElection33 got exception when requesting votes: {}
java.util.concurrent.ExecutionException: org.apache.ratis.thirdparty.io.grpc.StatusRuntimeException: UNAVAILABLE: io exception
	at java.util.concurrent.FutureTask.report(FutureTask.java:122)
	at java.util.concurrent.FutureTask.get(FutureTask.java:192)
	at org.apache.ratis.server.impl.LeaderElection.waitForResults(LeaderElection.java:263)
	at org.apache.ratis.server.impl.LeaderElection.askForVotes(LeaderElection.java:201)
	at org.apache.ratis.server.impl.LeaderElection.run(LeaderElection.java:133)
	at java.lang.Thread.run(Thread.java:748)
Caused by: org.apache.ratis.thirdparty.io.grpc.StatusRuntimeException: UNAVAILABLE: io exception
	at org.apache.ratis.thirdparty.io.grpc.stub.ClientCalls.toStatusRuntimeException(ClientCalls.java:233)
	at org.apache.ratis.thirdparty.io.grpc.stub.ClientCalls.getUnchecked(ClientCalls.java:214)
	at org.apache.ratis.thirdparty.io.grpc.stub.ClientCalls.blockingUnaryCall(ClientCalls.java:139)
	at org.apache.ratis.proto.grpc.RaftServerProtocolServiceGrpc$RaftServerProtocolServiceBlockingStub.requestVote(RaftServerProtocolServiceGrpc.java:265)
	at org.apache.ratis.grpc.server.GrpcServerProtocolClient.requestVote(GrpcServerProtocolClient.java:90)
	at org.apache.ratis.grpc.server.GrpcService.requestVote(GrpcService.java:204)
	at org.apache.ratis.server.impl.LeaderElection.lambda$submitRequests$1(LeaderElection.java:238)
	at java.util.concurrent.FutureTask.run(FutureTask.java:266)
	at java.util.concurrent.Executors$RunnableAdapter.call(Executors.java:511)
	at java.util.concurrent.FutureTask.run(FutureTask.java:266)
	at java.util.concurrent.ThreadPoolExecutor.runWorker(ThreadPoolExecutor.java:1149)
	at java.util.concurrent.ThreadPoolExecutor$Worker.run(ThreadPoolExecutor.java:624)
	... 1 more
Caused by: org.apache.ratis.thirdparty.io.netty.channel.AbstractChannel$AnnotatedConnectException: Connection refused: /192.168.151.78:46302
	at sun.nio.ch.SocketChannelImpl.checkConnect(Native Method)
	at sun.nio.ch.SocketChannelImpl.finishConnect(SocketChannelImpl.java:717)
	at org.apache.ratis.thirdparty.io.netty.channel.socket.nio.NioSocketChannel.doFinishConnect(NioSocketChannel.java:327)
	at org.apache.ratis.thirdparty.io.netty.channel.nio.AbstractNioChannel$AbstractNioUnsafe.finishConnect(AbstractNioChannel.java:340)
	at org.apache.ratis.thirdparty.io.netty.channel.nio.NioEventLoop.processSelectedKey(NioEventLoop.java:632)
	at org.apache.ratis.thirdparty.io.netty.channel.nio.NioEventLoop.processSelectedKeysOptimized(NioEventLoop.java:579)
	at org.apache.ratis.thirdparty.io.netty.channel.nio.NioEventLoop.processSelectedKeys(NioEventLoop.java:496)
	at org.apache.ratis.thirdparty.io.netty.channel.nio.NioEventLoop.run(NioEventLoop.java:458)
	at org.apache.ratis.thirdparty.io.netty.util.concurrent.SingleThreadEventExecutor$5.run(SingleThreadEventExecutor.java:897)
	at org.apache.ratis.thirdparty.io.netty.util.concurrent.FastThreadLocalRunnable.run(FastThreadLocalRunnable.java:30)
	... 1 more
Caused by: java.net.ConnectException: Connection refused
	... 11 more
2019-09-19 11:42:05,866 [c4eb8efe-62b2-45fb-815f-66d941ddca6e@group-2C5006FC0996:LeaderElection33] INFO  impl.LeaderElection (LogUtils.java:infoOrTrace(149)) - c4eb8efe-62b2-45fb-815f-66d941ddca6e@group-2C5006FC0996:LeaderElection33 got exception when requesting votes: {}
java.util.concurrent.ExecutionException: org.apache.ratis.thirdparty.io.grpc.StatusRuntimeException: UNAVAILABLE: io exception
	at java.util.concurrent.FutureTask.report(FutureTask.java:122)
	at java.util.concurrent.FutureTask.get(FutureTask.java:192)
	at org.apache.ratis.server.impl.LeaderElection.waitForResults(LeaderElection.java:263)
	at org.apache.ratis.server.impl.LeaderElection.askForVotes(LeaderElection.java:201)
	at org.apache.ratis.server.impl.LeaderElection.run(LeaderElection.java:133)
	at java.lang.Thread.run(Thread.java:748)
Caused by: org.apache.ratis.thirdparty.io.grpc.StatusRuntimeException: UNAVAILABLE: io exception
	at org.apache.ratis.thirdparty.io.grpc.stub.ClientCalls.toStatusRuntimeException(ClientCalls.java:233)
	at org.apache.ratis.thirdparty.io.grpc.stub.ClientCalls.getUnchecked(ClientCalls.java:214)
	at org.apache.ratis.thirdparty.io.grpc.stub.ClientCalls.blockingUnaryCall(ClientCalls.java:139)
	at org.apache.ratis.proto.grpc.RaftServerProtocolServiceGrpc$RaftServerProtocolServiceBlockingStub.requestVote(RaftServerProtocolServiceGrpc.java:265)
	at org.apache.ratis.grpc.server.GrpcServerProtocolClient.requestVote(GrpcServerProtocolClient.java:90)
	at org.apache.ratis.grpc.server.GrpcService.requestVote(GrpcService.java:204)
	at org.apache.ratis.server.impl.LeaderElection.lambda$submitRequests$1(LeaderElection.java:238)
	at java.util.concurrent.FutureTask.run(FutureTask.java:266)
	at java.util.concurrent.Executors$RunnableAdapter.call(Executors.java:511)
	at java.util.concurrent.FutureTask.run(FutureTask.java:266)
	at java.util.concurrent.ThreadPoolExecutor.runWorker(ThreadPoolExecutor.java:1149)
	at java.util.concurrent.ThreadPoolExecutor$Worker.run(ThreadPoolExecutor.java:624)
	... 1 more
Caused by: org.apache.ratis.thirdparty.io.netty.channel.AbstractChannel$AnnotatedConnectException: Connection refused: /192.168.151.78:41008
	at sun.nio.ch.SocketChannelImpl.checkConnect(Native Method)
	at sun.nio.ch.SocketChannelImpl.finishConnect(SocketChannelImpl.java:717)
	at org.apache.ratis.thirdparty.io.netty.channel.socket.nio.NioSocketChannel.doFinishConnect(NioSocketChannel.java:327)
	at org.apache.ratis.thirdparty.io.netty.channel.nio.AbstractNioChannel$AbstractNioUnsafe.finishConnect(AbstractNioChannel.java:340)
	at org.apache.ratis.thirdparty.io.netty.channel.nio.NioEventLoop.processSelectedKey(NioEventLoop.java:632)
	at org.apache.ratis.thirdparty.io.netty.channel.nio.NioEventLoop.processSelectedKeysOptimized(NioEventLoop.java:579)
	at org.apache.ratis.thirdparty.io.netty.channel.nio.NioEventLoop.processSelectedKeys(NioEventLoop.java:496)
	at org.apache.ratis.thirdparty.io.netty.channel.nio.NioEventLoop.run(NioEventLoop.java:458)
	at org.apache.ratis.thirdparty.io.netty.util.concurrent.SingleThreadEventExecutor$5.run(SingleThreadEventExecutor.java:897)
	at org.apache.ratis.thirdparty.io.netty.util.concurrent.FastThreadLocalRunnable.run(FastThreadLocalRunnable.java:30)
	... 1 more
Caused by: java.net.ConnectException: Connection refused
	... 11 more
2019-09-19 11:42:05,868 [c4eb8efe-62b2-45fb-815f-66d941ddca6e@group-2C5006FC0996:LeaderElection33] INFO  impl.LeaderElection (LeaderElection.java:logAndReturn(56)) - c4eb8efe-62b2-45fb-815f-66d941ddca6e@group-2C5006FC0996:LeaderElection33: Election REJECTED; received 0 response(s) [] and 2 exception(s); c4eb8efe-62b2-45fb-815f-66d941ddca6e@group-2C5006FC0996:t2, leader=null, voted=c4eb8efe-62b2-45fb-815f-66d941ddca6e, raftlog=c4eb8efe-62b2-45fb-815f-66d941ddca6e@group-2C5006FC0996-SegmentedRaftLog:OPENED:c8,f8,i8, conf=0: [65261e74-c36a-42fd-98ac-65dc83eec679:192.168.151.78:41008, 399d3e62-04e5-4111-9cc9-9c21532552cc:192.168.151.78:46302, c4eb8efe-62b2-45fb-815f-66d941ddca6e:192.168.151.78:45661], old=null
2019-09-19 11:42:05,868 [c4eb8efe-62b2-45fb-815f-66d941ddca6e@group-2C5006FC0996:LeaderElection33] INFO  impl.LeaderElection (LogUtils.java:infoOrTrace(149)) -   Exception 0: {}
java.util.concurrent.ExecutionException: org.apache.ratis.thirdparty.io.grpc.StatusRuntimeException: UNAVAILABLE: io exception
	at java.util.concurrent.FutureTask.report(FutureTask.java:122)
	at java.util.concurrent.FutureTask.get(FutureTask.java:192)
	at org.apache.ratis.server.impl.LeaderElection.waitForResults(LeaderElection.java:263)
	at org.apache.ratis.server.impl.LeaderElection.askForVotes(LeaderElection.java:201)
	at org.apache.ratis.server.impl.LeaderElection.run(LeaderElection.java:133)
	at java.lang.Thread.run(Thread.java:748)
Caused by: org.apache.ratis.thirdparty.io.grpc.StatusRuntimeException: UNAVAILABLE: io exception
	at org.apache.ratis.thirdparty.io.grpc.stub.ClientCalls.toStatusRuntimeException(ClientCalls.java:233)
	at org.apache.ratis.thirdparty.io.grpc.stub.ClientCalls.getUnchecked(ClientCalls.java:214)
	at org.apache.ratis.thirdparty.io.grpc.stub.ClientCalls.blockingUnaryCall(ClientCalls.java:139)
	at org.apache.ratis.proto.grpc.RaftServerProtocolServiceGrpc$RaftServerProtocolServiceBlockingStub.requestVote(RaftServerProtocolServiceGrpc.java:265)
	at org.apache.ratis.grpc.server.GrpcServerProtocolClient.requestVote(GrpcServerProtocolClient.java:90)
	at org.apache.ratis.grpc.server.GrpcService.requestVote(GrpcService.java:204)
	at org.apache.ratis.server.impl.LeaderElection.lambda$submitRequests$1(LeaderElection.java:238)
	at java.util.concurrent.FutureTask.run(FutureTask.java:266)
	at java.util.concurrent.Executors$RunnableAdapter.call(Executors.java:511)
	at java.util.concurrent.FutureTask.run(FutureTask.java:266)
	at java.util.concurrent.ThreadPoolExecutor.runWorker(ThreadPoolExecutor.java:1149)
	at java.util.concurrent.ThreadPoolExecutor$Worker.run(ThreadPoolExecutor.java:624)
	... 1 more
Caused by: org.apache.ratis.thirdparty.io.netty.channel.AbstractChannel$AnnotatedConnectException: Connection refused: /192.168.151.78:46302
	at sun.nio.ch.SocketChannelImpl.checkConnect(Native Method)
	at sun.nio.ch.SocketChannelImpl.finishConnect(SocketChannelImpl.java:717)
	at org.apache.ratis.thirdparty.io.netty.channel.socket.nio.NioSocketChannel.doFinishConnect(NioSocketChannel.java:327)
	at org.apache.ratis.thirdparty.io.netty.channel.nio.AbstractNioChannel$AbstractNioUnsafe.finishConnect(AbstractNioChannel.java:340)
	at org.apache.ratis.thirdparty.io.netty.channel.nio.NioEventLoop.processSelectedKey(NioEventLoop.java:632)
	at org.apache.ratis.thirdparty.io.netty.channel.nio.NioEventLoop.processSelectedKeysOptimized(NioEventLoop.java:579)
	at org.apache.ratis.thirdparty.io.netty.channel.nio.NioEventLoop.processSelectedKeys(NioEventLoop.java:496)
	at org.apache.ratis.thirdparty.io.netty.channel.nio.NioEventLoop.run(NioEventLoop.java:458)
	at org.apache.ratis.thirdparty.io.netty.util.concurrent.SingleThreadEventExecutor$5.run(SingleThreadEventExecutor.java:897)
	at org.apache.ratis.thirdparty.io.netty.util.concurrent.FastThreadLocalRunnable.run(FastThreadLocalRunnable.java:30)
	... 1 more
Caused by: java.net.ConnectException: Connection refused
	... 11 more
2019-09-19 11:42:05,869 [c4eb8efe-62b2-45fb-815f-66d941ddca6e@group-2C5006FC0996:LeaderElection33] INFO  impl.LeaderElection (LogUtils.java:infoOrTrace(149)) -   Exception 1: {}
java.util.concurrent.ExecutionException: org.apache.ratis.thirdparty.io.grpc.StatusRuntimeException: UNAVAILABLE: io exception
	at java.util.concurrent.FutureTask.report(FutureTask.java:122)
	at java.util.concurrent.FutureTask.get(FutureTask.java:192)
	at org.apache.ratis.server.impl.LeaderElection.waitForResults(LeaderElection.java:263)
	at org.apache.ratis.server.impl.LeaderElection.askForVotes(LeaderElection.java:201)
	at org.apache.ratis.server.impl.LeaderElection.run(LeaderElection.java:133)
	at java.lang.Thread.run(Thread.java:748)
Caused by: org.apache.ratis.thirdparty.io.grpc.StatusRuntimeException: UNAVAILABLE: io exception
	at org.apache.ratis.thirdparty.io.grpc.stub.ClientCalls.toStatusRuntimeException(ClientCalls.java:233)
	at org.apache.ratis.thirdparty.io.grpc.stub.ClientCalls.getUnchecked(ClientCalls.java:214)
	at org.apache.ratis.thirdparty.io.grpc.stub.ClientCalls.blockingUnaryCall(ClientCalls.java:139)
	at org.apache.ratis.proto.grpc.RaftServerProtocolServiceGrpc$RaftServerProtocolServiceBlockingStub.requestVote(RaftServerProtocolServiceGrpc.java:265)
	at org.apache.ratis.grpc.server.GrpcServerProtocolClient.requestVote(GrpcServerProtocolClient.java:90)
	at org.apache.ratis.grpc.server.GrpcService.requestVote(GrpcService.java:204)
	at org.apache.ratis.server.impl.LeaderElection.lambda$submitRequests$1(LeaderElection.java:238)
	at java.util.concurrent.FutureTask.run(FutureTask.java:266)
	at java.util.concurrent.Executors$RunnableAdapter.call(Executors.java:511)
	at java.util.concurrent.FutureTask.run(FutureTask.java:266)
	at java.util.concurrent.ThreadPoolExecutor.runWorker(ThreadPoolExecutor.java:1149)
	at java.util.concurrent.ThreadPoolExecutor$Worker.run(ThreadPoolExecutor.java:624)
	... 1 more
Caused by: org.apache.ratis.thirdparty.io.netty.channel.AbstractChannel$AnnotatedConnectException: Connection refused: /192.168.151.78:41008
	at sun.nio.ch.SocketChannelImpl.checkConnect(Native Method)
	at sun.nio.ch.SocketChannelImpl.finishConnect(SocketChannelImpl.java:717)
	at org.apache.ratis.thirdparty.io.netty.channel.socket.nio.NioSocketChannel.doFinishConnect(NioSocketChannel.java:327)
	at org.apache.ratis.thirdparty.io.netty.channel.nio.AbstractNioChannel$AbstractNioUnsafe.finishConnect(AbstractNioChannel.java:340)
	at org.apache.ratis.thirdparty.io.netty.channel.nio.NioEventLoop.processSelectedKey(NioEventLoop.java:632)
	at org.apache.ratis.thirdparty.io.netty.channel.nio.NioEventLoop.processSelectedKeysOptimized(NioEventLoop.java:579)
	at org.apache.ratis.thirdparty.io.netty.channel.nio.NioEventLoop.processSelectedKeys(NioEventLoop.java:496)
	at org.apache.ratis.thirdparty.io.netty.channel.nio.NioEventLoop.run(NioEventLoop.java:458)
	at org.apache.ratis.thirdparty.io.netty.util.concurrent.SingleThreadEventExecutor$5.run(SingleThreadEventExecutor.java:897)
	at org.apache.ratis.thirdparty.io.netty.util.concurrent.FastThreadLocalRunnable.run(FastThreadLocalRunnable.java:30)
	... 1 more
Caused by: java.net.ConnectException: Connection refused
	... 11 more
2019-09-19 11:42:05,870 [c4eb8efe-62b2-45fb-815f-66d941ddca6e@group-2C5006FC0996:LeaderElection33] INFO  impl.RaftServerImpl (RaftServerImpl.java:setRole(174)) - c4eb8efe-62b2-45fb-815f-66d941ddca6e@group-2C5006FC0996: changes role from CANDIDATE to FOLLOWER at term 2 for DISCOVERED_A_NEW_TERM
2019-09-19 11:42:05,870 [c4eb8efe-62b2-45fb-815f-66d941ddca6e@group-2C5006FC0996:LeaderElection33] INFO  impl.RoleInfo (RoleInfo.java:shutdownLeaderElection(134)) - c4eb8efe-62b2-45fb-815f-66d941ddca6e: shutdown LeaderElection
2019-09-19 11:42:05,870 [c4eb8efe-62b2-45fb-815f-66d941ddca6e@group-2C5006FC0996:LeaderElection33] INFO  impl.RoleInfo (RoleInfo.java:updateAndGet(143)) - c4eb8efe-62b2-45fb-815f-66d941ddca6e: start FollowerState
2019-09-19 11:42:07,016 [ForkJoinPool.commonPool-worker-1] INFO  ozoneimpl.OzoneContainer (OzoneContainer.java:stop(231)) - Attempting to stop container services.
2019-09-19 11:42:07,016 [main] INFO  ozoneimpl.OzoneContainer (OzoneContainer.java:stop(231)) - Attempting to stop container services.
2019-09-19 11:42:07,019 [ForkJoinPool.commonPool-worker-1] INFO  impl.RaftServerProxy (RaftServerProxy.java:lambda$close$4(314)) - 85de0b57-e230-4a6a-a925-d8cdaf96271b: close
2019-09-19 11:42:07,019 [main] INFO  impl.RaftServerProxy (RaftServerProxy.java:lambda$close$4(314)) - 6aa06fa1-f598-41a3-adfd-b6847bc7c6bb: close
2019-09-19 11:42:07,020 [ForkJoinPool.commonPool-worker-1] INFO  impl.RaftServerImpl (RaftServerImpl.java:lambda$shutdown$3(251)) - 85de0b57-e230-4a6a-a925-d8cdaf96271b@group-34C8F36BA84A: shutdown
2019-09-19 11:42:07,020 [main] INFO  impl.RaftServerImpl (RaftServerImpl.java:lambda$shutdown$3(251)) - 6aa06fa1-f598-41a3-adfd-b6847bc7c6bb@group-470DAB7D492A: shutdown
2019-09-19 11:42:07,020 [ForkJoinPool.commonPool-worker-1] INFO  util.JmxRegister (JmxRegister.java:unregister(73)) - Successfully un-registered JMX Bean with object name Ratis:service=RaftServer,group=group-34C8F36BA84A,id=85de0b57-e230-4a6a-a925-d8cdaf96271b
2019-09-19 11:42:07,020 [main] INFO  util.JmxRegister (JmxRegister.java:unregister(73)) - Successfully un-registered JMX Bean with object name Ratis:service=RaftServer,group=group-470DAB7D492A,id=6aa06fa1-f598-41a3-adfd-b6847bc7c6bb
2019-09-19 11:42:07,020 [ForkJoinPool.commonPool-worker-1] INFO  impl.RoleInfo (RoleInfo.java:shutdownLeaderState(104)) - 85de0b57-e230-4a6a-a925-d8cdaf96271b: shutdown LeaderState
2019-09-19 11:42:07,020 [main] INFO  impl.RoleInfo (RoleInfo.java:shutdownLeaderState(104)) - 6aa06fa1-f598-41a3-adfd-b6847bc7c6bb: shutdown LeaderState
2019-09-19 11:42:07,021 [ForkJoinPool.commonPool-worker-1] INFO  impl.PendingRequests (PendingRequests.java:sendNotLeaderResponses(202)) - 85de0b57-e230-4a6a-a925-d8cdaf96271b-PendingRequests: sendNotLeaderResponses
2019-09-19 11:42:07,021 [main] INFO  impl.PendingRequests (PendingRequests.java:sendNotLeaderResponses(202)) - 6aa06fa1-f598-41a3-adfd-b6847bc7c6bb-PendingRequests: sendNotLeaderResponses
2019-09-19 11:42:07,021 [ForkJoinPool.commonPool-worker-1] INFO  impl.StateMachineUpdater (StateMachineUpdater.java:stopAndJoin(125)) - 85de0b57-e230-4a6a-a925-d8cdaf96271b@group-34C8F36BA84A-StateMachineUpdater: set stopIndex = 0
2019-09-19 11:42:07,021 [main] INFO  impl.StateMachineUpdater (StateMachineUpdater.java:stopAndJoin(125)) - 6aa06fa1-f598-41a3-adfd-b6847bc7c6bb@group-470DAB7D492A-StateMachineUpdater: set stopIndex = 0
2019-09-19 11:42:07,022 [main] INFO  impl.RaftServerImpl (ServerState.java:close(385)) - 6aa06fa1-f598-41a3-adfd-b6847bc7c6bb@group-470DAB7D492A: closes. applyIndex: 0
2019-09-19 11:42:07,022 [ForkJoinPool.commonPool-worker-1] INFO  impl.RaftServerImpl (ServerState.java:close(385)) - 85de0b57-e230-4a6a-a925-d8cdaf96271b@group-34C8F36BA84A: closes. applyIndex: 0
2019-09-19 11:42:07,023 [6aa06fa1-f598-41a3-adfd-b6847bc7c6bb@group-470DAB7D492A-SegmentedRaftLogWorker] INFO  segmented.SegmentedRaftLogWorker (SegmentedRaftLogWorker.java:run(313)) - 6aa06fa1-f598-41a3-adfd-b6847bc7c6bb@group-470DAB7D492A-SegmentedRaftLogWorker was interrupted, exiting. There are 0 tasks remaining in the queue.
2019-09-19 11:42:07,023 [85de0b57-e230-4a6a-a925-d8cdaf96271b@group-34C8F36BA84A-SegmentedRaftLogWorker] INFO  segmented.SegmentedRaftLogWorker (SegmentedRaftLogWorker.java:run(313)) - 85de0b57-e230-4a6a-a925-d8cdaf96271b@group-34C8F36BA84A-SegmentedRaftLogWorker was interrupted, exiting. There are 0 tasks remaining in the queue.
2019-09-19 11:42:07,025 [main] INFO  segmented.SegmentedRaftLogWorker (SegmentedRaftLogWorker.java:close(228)) - 6aa06fa1-f598-41a3-adfd-b6847bc7c6bb@group-470DAB7D492A-SegmentedRaftLogWorker close()
2019-09-19 11:42:07,026 [ForkJoinPool.commonPool-worker-1] INFO  segmented.SegmentedRaftLogWorker (SegmentedRaftLogWorker.java:close(228)) - 85de0b57-e230-4a6a-a925-d8cdaf96271b@group-34C8F36BA84A-SegmentedRaftLogWorker close()
2019-09-19 11:42:07,028 [main] INFO  server.GrpcService (GrpcService.java:closeImpl(164)) - 6aa06fa1-f598-41a3-adfd-b6847bc7c6bb: shutdown server with port 36357 now
2019-09-19 11:42:07,038 [ForkJoinPool.commonPool-worker-1] INFO  impl.RaftServerImpl (RaftServerImpl.java:lambda$shutdown$3(251)) - 85de0b57-e230-4a6a-a925-d8cdaf96271b@group-CB1BECA0014D: shutdown
2019-09-19 11:42:07,042 [main] INFO  server.GrpcService (GrpcService.java:closeImpl(172)) - 6aa06fa1-f598-41a3-adfd-b6847bc7c6bb: shutdown server with port 36357 successfully
2019-09-19 11:42:07,042 [ForkJoinPool.commonPool-worker-1] INFO  util.JmxRegister (JmxRegister.java:unregister(73)) - Successfully un-registered JMX Bean with object name Ratis:service=RaftServer,group=group-CB1BECA0014D,id=85de0b57-e230-4a6a-a925-d8cdaf96271b
2019-09-19 11:42:07,043 [ForkJoinPool.commonPool-worker-1] INFO  impl.RoleInfo (RoleInfo.java:shutdownFollowerState(121)) - 85de0b57-e230-4a6a-a925-d8cdaf96271b: shutdown FollowerState
2019-09-19 11:42:07,043 [ForkJoinPool.commonPool-worker-1] INFO  impl.StateMachineUpdater (StateMachineUpdater.java:stopAndJoin(125)) - 85de0b57-e230-4a6a-a925-d8cdaf96271b@group-CB1BECA0014D-StateMachineUpdater: set stopIndex = 0
2019-09-19 11:42:07,043 [Thread-1367] INFO  impl.FollowerState (FollowerState.java:run(115)) - 85de0b57-e230-4a6a-a925-d8cdaf96271b: FollowerState was interrupted: java.lang.InterruptedException: sleep interrupted
2019-09-19 11:42:07,045 [ForkJoinPool.commonPool-worker-1] INFO  impl.RaftServerImpl (ServerState.java:close(385)) - 85de0b57-e230-4a6a-a925-d8cdaf96271b@group-CB1BECA0014D: closes. applyIndex: 0
2019-09-19 11:42:07,045 [85de0b57-e230-4a6a-a925-d8cdaf96271b@group-CB1BECA0014D-SegmentedRaftLogWorker] INFO  segmented.SegmentedRaftLogWorker (SegmentedRaftLogWorker.java:run(313)) - 85de0b57-e230-4a6a-a925-d8cdaf96271b@group-CB1BECA0014D-SegmentedRaftLogWorker was interrupted, exiting. There are 0 tasks remaining in the queue.
2019-09-19 11:42:07,046 [ForkJoinPool.commonPool-worker-1] INFO  segmented.SegmentedRaftLogWorker (SegmentedRaftLogWorker.java:close(228)) - 85de0b57-e230-4a6a-a925-d8cdaf96271b@group-CB1BECA0014D-SegmentedRaftLogWorker close()
2019-09-19 11:42:07,046 [ForkJoinPool.commonPool-worker-1] INFO  server.GrpcService (GrpcService.java:closeImpl(164)) - 85de0b57-e230-4a6a-a925-d8cdaf96271b: shutdown server with port 46883 now
2019-09-19 11:42:07,046 [refreshUsed-/workdir/hadoop-ozone/integration-test/target/test-dir/MiniOzoneClusterImpl-ffcb80c2-b642-44a5-b522-9914b1f1ccc8/datanode-6/data/containers] WARN  fs.CachingGetSpaceUsed (CachingGetSpaceUsed.java:run(183)) - Thread Interrupted waiting to refresh disk information: sleep interrupted
2019-09-19 11:42:07,047 [ForkJoinPool.commonPool-worker-1] INFO  server.GrpcService (GrpcService.java:closeImpl(172)) - 85de0b57-e230-4a6a-a925-d8cdaf96271b: shutdown server with port 46883 successfully
2019-09-19 11:42:07,049 [refreshUsed-/workdir/hadoop-ozone/integration-test/target/test-dir/MiniOzoneClusterImpl-ffcb80c2-b642-44a5-b522-9914b1f1ccc8/datanode-0/data/containers] WARN  fs.CachingGetSpaceUsed (CachingGetSpaceUsed.java:run(183)) - Thread Interrupted waiting to refresh disk information: sleep interrupted
2019-09-19 11:42:07,080 [main] INFO  utils.BackgroundService (BackgroundService.java:shutdown(148)) - Shutting down service BlockDeletingService
2019-09-19 11:42:07,080 [ForkJoinPool.commonPool-worker-1] INFO  utils.BackgroundService (BackgroundService.java:shutdown(148)) - Shutting down service BlockDeletingService
2019-09-19 11:42:07,087 [main] INFO  statemachine.DatanodeStateMachine (DatanodeStateMachine.java:stopDaemon(395)) - Ozone container server stopped.
2019-09-19 11:42:07,088 [ForkJoinPool.commonPool-worker-1] INFO  statemachine.DatanodeStateMachine (DatanodeStateMachine.java:stopDaemon(395)) - Ozone container server stopped.
2019-09-19 11:42:07,106 [main] INFO  handler.ContextHandler (ContextHandler.java:doStop(910)) - Stopped o.e.j.w.WebAppContext@45900b64{/,null,UNAVAILABLE}{/hddsDatanode}
2019-09-19 11:42:07,106 [ForkJoinPool.commonPool-worker-1] INFO  handler.ContextHandler (ContextHandler.java:doStop(910)) - Stopped o.e.j.w.WebAppContext@3eb292cd{/,null,UNAVAILABLE}{/hddsDatanode}
2019-09-19 11:42:07,107 [ForkJoinPool.commonPool-worker-1] INFO  server.AbstractConnector (AbstractConnector.java:doStop(318)) - Stopped ServerConnector@7fd987ef{HTTP/1.1,[http/1.1]}{0.0.0.0:0}
2019-09-19 11:42:07,107 [main] INFO  server.AbstractConnector (AbstractConnector.java:doStop(318)) - Stopped ServerConnector@f2a1813{HTTP/1.1,[http/1.1]}{0.0.0.0:0}
2019-09-19 11:42:07,111 [ForkJoinPool.commonPool-worker-1] INFO  handler.ContextHandler (ContextHandler.java:doStop(910)) - Stopped o.e.j.s.ServletContextHandler@3252747e{/static,jar:file:/home/user/.m2/repository/org/apache/hadoop/hadoop-hdds-container-service/0.5.0-SNAPSHOT/hadoop-hdds-container-service-0.5.0-SNAPSHOT.jar!/webapps/static,UNAVAILABLE}
2019-09-19 11:42:07,111 [main] INFO  handler.ContextHandler (ContextHandler.java:doStop(910)) - Stopped o.e.j.s.ServletContextHandler@de81be1{/static,jar:file:/home/user/.m2/repository/org/apache/hadoop/hadoop-hdds-container-service/0.5.0-SNAPSHOT/hadoop-hdds-container-service-0.5.0-SNAPSHOT.jar!/webapps/static,UNAVAILABLE}
2019-09-19 11:42:07,112 [ForkJoinPool.commonPool-worker-1] INFO  handler.ContextHandler (ContextHandler.java:doStop(910)) - Stopped o.e.j.s.ServletContextHandler@631cb129{/logs,file:///workdir/hadoop-ozone/integration-test/target/log,UNAVAILABLE}
2019-09-19 11:42:07,112 [main] INFO  handler.ContextHandler (ContextHandler.java:doStop(910)) - Stopped o.e.j.s.ServletContextHandler@2e7bf7b7{/logs,file:///workdir/hadoop-ozone/integration-test/target/log,UNAVAILABLE}
2019-09-19 11:42:07,368 [Datanode State Machine Thread - 0] INFO  statemachine.DatanodeStateMachine (DatanodeStateMachine.java:lambda$startDaemon$0(350)) - Ozone container server started.
2019-09-19 11:42:11,067 [Thread-1371] INFO  impl.FollowerState (FollowerState.java:run(106)) - c4eb8efe-62b2-45fb-815f-66d941ddca6e:group-2C5006FC0996 changes to CANDIDATE, lastRpcTime:5196, electionTimeout:5196ms
2019-09-19 11:42:11,069 [Thread-1371] INFO  impl.RoleInfo (RoleInfo.java:shutdownFollowerState(121)) - c4eb8efe-62b2-45fb-815f-66d941ddca6e: shutdown FollowerState
2019-09-19 11:42:11,070 [Thread-1371] INFO  impl.RaftServerImpl (RaftServerImpl.java:setRole(174)) - c4eb8efe-62b2-45fb-815f-66d941ddca6e@group-2C5006FC0996: changes role from  FOLLOWER to CANDIDATE at term 2 for changeToCandidate
2019-09-19 11:42:11,071 [Thread-1371] INFO  impl.RoleInfo (RoleInfo.java:updateAndGet(143)) - c4eb8efe-62b2-45fb-815f-66d941ddca6e: start LeaderElection
2019-09-19 11:42:11,089 [c4eb8efe-62b2-45fb-815f-66d941ddca6e@group-2C5006FC0996:LeaderElection34] INFO  impl.LeaderElection (LeaderElection.java:askForVotes(182)) - c4eb8efe-62b2-45fb-815f-66d941ddca6e@group-2C5006FC0996:LeaderElection34: begin an election at term 3 for 0: [65261e74-c36a-42fd-98ac-65dc83eec679:192.168.151.78:41008, 399d3e62-04e5-4111-9cc9-9c21532552cc:192.168.151.78:46302, c4eb8efe-62b2-45fb-815f-66d941ddca6e:192.168.151.78:45661], old=null
2019-09-19 11:42:11,093 [c4eb8efe-62b2-45fb-815f-66d941ddca6e@group-2C5006FC0996:LeaderElection34] INFO  impl.LeaderElection (LogUtils.java:infoOrTrace(149)) - c4eb8efe-62b2-45fb-815f-66d941ddca6e@group-2C5006FC0996:LeaderElection34 got exception when requesting votes: {}
java.util.concurrent.ExecutionException: org.apache.ratis.thirdparty.io.grpc.StatusRuntimeException: UNAVAILABLE: io exception
	at java.util.concurrent.FutureTask.report(FutureTask.java:122)
	at java.util.concurrent.FutureTask.get(FutureTask.java:192)
	at org.apache.ratis.server.impl.LeaderElection.waitForResults(LeaderElection.java:263)
	at org.apache.ratis.server.impl.LeaderElection.askForVotes(LeaderElection.java:201)
	at org.apache.ratis.server.impl.LeaderElection.run(LeaderElection.java:133)
	at java.lang.Thread.run(Thread.java:748)
Caused by: org.apache.ratis.thirdparty.io.grpc.StatusRuntimeException: UNAVAILABLE: io exception
	at org.apache.ratis.thirdparty.io.grpc.stub.ClientCalls.toStatusRuntimeException(ClientCalls.java:233)
	at org.apache.ratis.thirdparty.io.grpc.stub.ClientCalls.getUnchecked(ClientCalls.java:214)
	at org.apache.ratis.thirdparty.io.grpc.stub.ClientCalls.blockingUnaryCall(ClientCalls.java:139)
	at org.apache.ratis.proto.grpc.RaftServerProtocolServiceGrpc$RaftServerProtocolServiceBlockingStub.requestVote(RaftServerProtocolServiceGrpc.java:265)
	at org.apache.ratis.grpc.server.GrpcServerProtocolClient.requestVote(GrpcServerProtocolClient.java:90)
	at org.apache.ratis.grpc.server.GrpcService.requestVote(GrpcService.java:204)
	at org.apache.ratis.server.impl.LeaderElection.lambda$submitRequests$1(LeaderElection.java:238)
	at java.util.concurrent.FutureTask.run(FutureTask.java:266)
	at java.util.concurrent.Executors$RunnableAdapter.call(Executors.java:511)
	at java.util.concurrent.FutureTask.run(FutureTask.java:266)
	at java.util.concurrent.ThreadPoolExecutor.runWorker(ThreadPoolExecutor.java:1149)
	at java.util.concurrent.ThreadPoolExecutor$Worker.run(ThreadPoolExecutor.java:624)
	... 1 more
Caused by: org.apache.ratis.thirdparty.io.netty.channel.AbstractChannel$AnnotatedConnectException: Connection refused: /192.168.151.78:41008
	at sun.nio.ch.SocketChannelImpl.checkConnect(Native Method)
	at sun.nio.ch.SocketChannelImpl.finishConnect(SocketChannelImpl.java:717)
	at org.apache.ratis.thirdparty.io.netty.channel.socket.nio.NioSocketChannel.doFinishConnect(NioSocketChannel.java:327)
	at org.apache.ratis.thirdparty.io.netty.channel.nio.AbstractNioChannel$AbstractNioUnsafe.finishConnect(AbstractNioChannel.java:340)
	at org.apache.ratis.thirdparty.io.netty.channel.nio.NioEventLoop.processSelectedKey(NioEventLoop.java:632)
	at org.apache.ratis.thirdparty.io.netty.channel.nio.NioEventLoop.processSelectedKeysOptimized(NioEventLoop.java:579)
	at org.apache.ratis.thirdparty.io.netty.channel.nio.NioEventLoop.processSelectedKeys(NioEventLoop.java:496)
	at org.apache.ratis.thirdparty.io.netty.channel.nio.NioEventLoop.run(NioEventLoop.java:458)
	at org.apache.ratis.thirdparty.io.netty.util.concurrent.SingleThreadEventExecutor$5.run(SingleThreadEventExecutor.java:897)
	at org.apache.ratis.thirdparty.io.netty.util.concurrent.FastThreadLocalRunnable.run(FastThreadLocalRunnable.java:30)
	... 1 more
Caused by: java.net.ConnectException: Connection refused
	... 11 more
2019-09-19 11:42:11,095 [c4eb8efe-62b2-45fb-815f-66d941ddca6e@group-2C5006FC0996:LeaderElection34] INFO  impl.LeaderElection (LogUtils.java:infoOrTrace(149)) - c4eb8efe-62b2-45fb-815f-66d941ddca6e@group-2C5006FC0996:LeaderElection34 got exception when requesting votes: {}
java.util.concurrent.ExecutionException: org.apache.ratis.thirdparty.io.grpc.StatusRuntimeException: UNAVAILABLE: io exception
	at java.util.concurrent.FutureTask.report(FutureTask.java:122)
	at java.util.concurrent.FutureTask.get(FutureTask.java:192)
	at org.apache.ratis.server.impl.LeaderElection.waitForResults(LeaderElection.java:263)
	at org.apache.ratis.server.impl.LeaderElection.askForVotes(LeaderElection.java:201)
	at org.apache.ratis.server.impl.LeaderElection.run(LeaderElection.java:133)
	at java.lang.Thread.run(Thread.java:748)
Caused by: org.apache.ratis.thirdparty.io.grpc.StatusRuntimeException: UNAVAILABLE: io exception
	at org.apache.ratis.thirdparty.io.grpc.stub.ClientCalls.toStatusRuntimeException(ClientCalls.java:233)
	at org.apache.ratis.thirdparty.io.grpc.stub.ClientCalls.getUnchecked(ClientCalls.java:214)
	at org.apache.ratis.thirdparty.io.grpc.stub.ClientCalls.blockingUnaryCall(ClientCalls.java:139)
	at org.apache.ratis.proto.grpc.RaftServerProtocolServiceGrpc$RaftServerProtocolServiceBlockingStub.requestVote(RaftServerProtocolServiceGrpc.java:265)
	at org.apache.ratis.grpc.server.GrpcServerProtocolClient.requestVote(GrpcServerProtocolClient.java:90)
	at org.apache.ratis.grpc.server.GrpcService.requestVote(GrpcService.java:204)
	at org.apache.ratis.server.impl.LeaderElection.lambda$submitRequests$1(LeaderElection.java:238)
	at java.util.concurrent.FutureTask.run(FutureTask.java:266)
	at java.util.concurrent.Executors$RunnableAdapter.call(Executors.java:511)
	at java.util.concurrent.FutureTask.run(FutureTask.java:266)
	at java.util.concurrent.ThreadPoolExecutor.runWorker(ThreadPoolExecutor.java:1149)
	at java.util.concurrent.ThreadPoolExecutor$Worker.run(ThreadPoolExecutor.java:624)
	... 1 more
Caused by: org.apache.ratis.thirdparty.io.netty.channel.AbstractChannel$AnnotatedConnectException: Connection refused: /192.168.151.78:46302
	at sun.nio.ch.SocketChannelImpl.checkConnect(Native Method)
	at sun.nio.ch.SocketChannelImpl.finishConnect(SocketChannelImpl.java:717)
	at org.apache.ratis.thirdparty.io.netty.channel.socket.nio.NioSocketChannel.doFinishConnect(NioSocketChannel.java:327)
	at org.apache.ratis.thirdparty.io.netty.channel.nio.AbstractNioChannel$AbstractNioUnsafe.finishConnect(AbstractNioChannel.java:340)
	at org.apache.ratis.thirdparty.io.netty.channel.nio.NioEventLoop.processSelectedKey(NioEventLoop.java:632)
	at org.apache.ratis.thirdparty.io.netty.channel.nio.NioEventLoop.processSelectedKeysOptimized(NioEventLoop.java:579)
	at org.apache.ratis.thirdparty.io.netty.channel.nio.NioEventLoop.processSelectedKeys(NioEventLoop.java:496)
	at org.apache.ratis.thirdparty.io.netty.channel.nio.NioEventLoop.run(NioEventLoop.java:458)
	at org.apache.ratis.thirdparty.io.netty.util.concurrent.SingleThreadEventExecutor$5.run(SingleThreadEventExecutor.java:897)
	at org.apache.ratis.thirdparty.io.netty.util.concurrent.FastThreadLocalRunnable.run(FastThreadLocalRunnable.java:30)
	... 1 more
Caused by: java.net.ConnectException: Connection refused
	... 11 more
2019-09-19 11:42:11,097 [c4eb8efe-62b2-45fb-815f-66d941ddca6e@group-2C5006FC0996:LeaderElection34] INFO  impl.LeaderElection (LeaderElection.java:logAndReturn(56)) - c4eb8efe-62b2-45fb-815f-66d941ddca6e@group-2C5006FC0996:LeaderElection34: Election REJECTED; received 0 response(s) [] and 2 exception(s); c4eb8efe-62b2-45fb-815f-66d941ddca6e@group-2C5006FC0996:t3, leader=null, voted=c4eb8efe-62b2-45fb-815f-66d941ddca6e, raftlog=c4eb8efe-62b2-45fb-815f-66d941ddca6e@group-2C5006FC0996-SegmentedRaftLog:OPENED:c8,f8,i8, conf=0: [65261e74-c36a-42fd-98ac-65dc83eec679:192.168.151.78:41008, 399d3e62-04e5-4111-9cc9-9c21532552cc:192.168.151.78:46302, c4eb8efe-62b2-45fb-815f-66d941ddca6e:192.168.151.78:45661], old=null
2019-09-19 11:42:11,098 [c4eb8efe-62b2-45fb-815f-66d941ddca6e@group-2C5006FC0996:LeaderElection34] INFO  impl.LeaderElection (LogUtils.java:infoOrTrace(149)) -   Exception 0: {}
java.util.concurrent.ExecutionException: org.apache.ratis.thirdparty.io.grpc.StatusRuntimeException: UNAVAILABLE: io exception
	at java.util.concurrent.FutureTask.report(FutureTask.java:122)
	at java.util.concurrent.FutureTask.get(FutureTask.java:192)
	at org.apache.ratis.server.impl.LeaderElection.waitForResults(LeaderElection.java:263)
	at org.apache.ratis.server.impl.LeaderElection.askForVotes(LeaderElection.java:201)
	at org.apache.ratis.server.impl.LeaderElection.run(LeaderElection.java:133)
	at java.lang.Thread.run(Thread.java:748)
Caused by: org.apache.ratis.thirdparty.io.grpc.StatusRuntimeException: UNAVAILABLE: io exception
	at org.apache.ratis.thirdparty.io.grpc.stub.ClientCalls.toStatusRuntimeException(ClientCalls.java:233)
	at org.apache.ratis.thirdparty.io.grpc.stub.ClientCalls.getUnchecked(ClientCalls.java:214)
	at org.apache.ratis.thirdparty.io.grpc.stub.ClientCalls.blockingUnaryCall(ClientCalls.java:139)
	at org.apache.ratis.proto.grpc.RaftServerProtocolServiceGrpc$RaftServerProtocolServiceBlockingStub.requestVote(RaftServerProtocolServiceGrpc.java:265)
	at org.apache.ratis.grpc.server.GrpcServerProtocolClient.requestVote(GrpcServerProtocolClient.java:90)
	at org.apache.ratis.grpc.server.GrpcService.requestVote(GrpcService.java:204)
	at org.apache.ratis.server.impl.LeaderElection.lambda$submitRequests$1(LeaderElection.java:238)
	at java.util.concurrent.FutureTask.run(FutureTask.java:266)
	at java.util.concurrent.Executors$RunnableAdapter.call(Executors.java:511)
	at java.util.concurrent.FutureTask.run(FutureTask.java:266)
	at java.util.concurrent.ThreadPoolExecutor.runWorker(ThreadPoolExecutor.java:1149)
	at java.util.concurrent.ThreadPoolExecutor$Worker.run(ThreadPoolExecutor.java:624)
	... 1 more
Caused by: org.apache.ratis.thirdparty.io.netty.channel.AbstractChannel$AnnotatedConnectException: Connection refused: /192.168.151.78:41008
	at sun.nio.ch.SocketChannelImpl.checkConnect(Native Method)
	at sun.nio.ch.SocketChannelImpl.finishConnect(SocketChannelImpl.java:717)
	at org.apache.ratis.thirdparty.io.netty.channel.socket.nio.NioSocketChannel.doFinishConnect(NioSocketChannel.java:327)
	at org.apache.ratis.thirdparty.io.netty.channel.nio.AbstractNioChannel$AbstractNioUnsafe.finishConnect(AbstractNioChannel.java:340)
	at org.apache.ratis.thirdparty.io.netty.channel.nio.NioEventLoop.processSelectedKey(NioEventLoop.java:632)
	at org.apache.ratis.thirdparty.io.netty.channel.nio.NioEventLoop.processSelectedKeysOptimized(NioEventLoop.java:579)
	at org.apache.ratis.thirdparty.io.netty.channel.nio.NioEventLoop.processSelectedKeys(NioEventLoop.java:496)
	at org.apache.ratis.thirdparty.io.netty.channel.nio.NioEventLoop.run(NioEventLoop.java:458)
	at org.apache.ratis.thirdparty.io.netty.util.concurrent.SingleThreadEventExecutor$5.run(SingleThreadEventExecutor.java:897)
	at org.apache.ratis.thirdparty.io.netty.util.concurrent.FastThreadLocalRunnable.run(FastThreadLocalRunnable.java:30)
	... 1 more
Caused by: java.net.ConnectException: Connection refused
	... 11 more
2019-09-19 11:42:11,098 [c4eb8efe-62b2-45fb-815f-66d941ddca6e@group-2C5006FC0996:LeaderElection34] INFO  impl.LeaderElection (LogUtils.java:infoOrTrace(149)) -   Exception 1: {}
java.util.concurrent.ExecutionException: org.apache.ratis.thirdparty.io.grpc.StatusRuntimeException: UNAVAILABLE: io exception
	at java.util.concurrent.FutureTask.report(FutureTask.java:122)
	at java.util.concurrent.FutureTask.get(FutureTask.java:192)
	at org.apache.ratis.server.impl.LeaderElection.waitForResults(LeaderElection.java:263)
	at org.apache.ratis.server.impl.LeaderElection.askForVotes(LeaderElection.java:201)
	at org.apache.ratis.server.impl.LeaderElection.run(LeaderElection.java:133)
	at java.lang.Thread.run(Thread.java:748)
Caused by: org.apache.ratis.thirdparty.io.grpc.StatusRuntimeException: UNAVAILABLE: io exception
	at org.apache.ratis.thirdparty.io.grpc.stub.ClientCalls.toStatusRuntimeException(ClientCalls.java:233)
	at org.apache.ratis.thirdparty.io.grpc.stub.ClientCalls.getUnchecked(ClientCalls.java:214)
	at org.apache.ratis.thirdparty.io.grpc.stub.ClientCalls.blockingUnaryCall(ClientCalls.java:139)
	at org.apache.ratis.proto.grpc.RaftServerProtocolServiceGrpc$RaftServerProtocolServiceBlockingStub.requestVote(RaftServerProtocolServiceGrpc.java:265)
	at org.apache.ratis.grpc.server.GrpcServerProtocolClient.requestVote(GrpcServerProtocolClient.java:90)
	at org.apache.ratis.grpc.server.GrpcService.requestVote(GrpcService.java:204)
	at org.apache.ratis.server.impl.LeaderElection.lambda$submitRequests$1(LeaderElection.java:238)
	at java.util.concurrent.FutureTask.run(FutureTask.java:266)
	at java.util.concurrent.Executors$RunnableAdapter.call(Executors.java:511)
	at java.util.concurrent.FutureTask.run(FutureTask.java:266)
	at java.util.concurrent.ThreadPoolExecutor.runWorker(ThreadPoolExecutor.java:1149)
	at java.util.concurrent.ThreadPoolExecutor$Worker.run(ThreadPoolExecutor.java:624)
	... 1 more
Caused by: org.apache.ratis.thirdparty.io.netty.channel.AbstractChannel$AnnotatedConnectException: Connection refused: /192.168.151.78:46302
	at sun.nio.ch.SocketChannelImpl.checkConnect(Native Method)
	at sun.nio.ch.SocketChannelImpl.finishConnect(SocketChannelImpl.java:717)
	at org.apache.ratis.thirdparty.io.netty.channel.socket.nio.NioSocketChannel.doFinishConnect(NioSocketChannel.java:327)
	at org.apache.ratis.thirdparty.io.netty.channel.nio.AbstractNioChannel$AbstractNioUnsafe.finishConnect(AbstractNioChannel.java:340)
	at org.apache.ratis.thirdparty.io.netty.channel.nio.NioEventLoop.processSelectedKey(NioEventLoop.java:632)
	at org.apache.ratis.thirdparty.io.netty.channel.nio.NioEventLoop.processSelectedKeysOptimized(NioEventLoop.java:579)
	at org.apache.ratis.thirdparty.io.netty.channel.nio.NioEventLoop.processSelectedKeys(NioEventLoop.java:496)
	at org.apache.ratis.thirdparty.io.netty.channel.nio.NioEventLoop.run(NioEventLoop.java:458)
	at org.apache.ratis.thirdparty.io.netty.util.concurrent.SingleThreadEventExecutor$5.run(SingleThreadEventExecutor.java:897)
	at org.apache.ratis.thirdparty.io.netty.util.concurrent.FastThreadLocalRunnable.run(FastThreadLocalRunnable.java:30)
	... 1 more
Caused by: java.net.ConnectException: Connection refused
	... 11 more
2019-09-19 11:42:11,099 [c4eb8efe-62b2-45fb-815f-66d941ddca6e@group-2C5006FC0996:LeaderElection34] INFO  impl.RaftServerImpl (RaftServerImpl.java:setRole(174)) - c4eb8efe-62b2-45fb-815f-66d941ddca6e@group-2C5006FC0996: changes role from CANDIDATE to FOLLOWER at term 3 for DISCOVERED_A_NEW_TERM
2019-09-19 11:42:11,099 [c4eb8efe-62b2-45fb-815f-66d941ddca6e@group-2C5006FC0996:LeaderElection34] INFO  impl.RoleInfo (RoleInfo.java:shutdownLeaderElection(134)) - c4eb8efe-62b2-45fb-815f-66d941ddca6e: shutdown LeaderElection
2019-09-19 11:42:11,099 [c4eb8efe-62b2-45fb-815f-66d941ddca6e@group-2C5006FC0996:LeaderElection34] INFO  impl.RoleInfo (RoleInfo.java:updateAndGet(143)) - c4eb8efe-62b2-45fb-815f-66d941ddca6e: start FollowerState
2019-09-19 11:42:12,115 [ForkJoinPool.commonPool-worker-1] INFO  ozoneimpl.OzoneContainer (OzoneContainer.java:stop(231)) - Attempting to stop container services.
2019-09-19 11:42:12,118 [ForkJoinPool.commonPool-worker-1] INFO  impl.RaftServerProxy (RaftServerProxy.java:lambda$close$4(314)) - c4eb8efe-62b2-45fb-815f-66d941ddca6e: close
2019-09-19 11:42:12,118 [ForkJoinPool.commonPool-worker-1] INFO  impl.RaftServerImpl (RaftServerImpl.java:lambda$shutdown$3(251)) - c4eb8efe-62b2-45fb-815f-66d941ddca6e@group-2C5006FC0996: shutdown
2019-09-19 11:42:12,119 [ForkJoinPool.commonPool-worker-1] INFO  util.JmxRegister (JmxRegister.java:unregister(73)) - Successfully un-registered JMX Bean with object name Ratis:service=RaftServer,group=group-2C5006FC0996,id=c4eb8efe-62b2-45fb-815f-66d941ddca6e
2019-09-19 11:42:12,119 [ForkJoinPool.commonPool-worker-1] INFO  impl.RoleInfo (RoleInfo.java:shutdownFollowerState(121)) - c4eb8efe-62b2-45fb-815f-66d941ddca6e: shutdown FollowerState
2019-09-19 11:42:12,119 [ForkJoinPool.commonPool-worker-1] INFO  impl.StateMachineUpdater (StateMachineUpdater.java:stopAndJoin(125)) - c4eb8efe-62b2-45fb-815f-66d941ddca6e@group-2C5006FC0996-StateMachineUpdater: set stopIndex = 8
2019-09-19 11:42:12,119 [Thread-1376] INFO  impl.FollowerState (FollowerState.java:run(115)) - c4eb8efe-62b2-45fb-815f-66d941ddca6e: FollowerState was interrupted: java.lang.InterruptedException: sleep interrupted
2019-09-19 11:42:12,120 [c4eb8efe-62b2-45fb-815f-66d941ddca6e@group-2C5006FC0996-StateMachineUpdater] INFO  ratis.ContainerStateMachine (ContainerStateMachine.java:takeSnapshot(289)) - group-2C5006FC0996: Taking a snapshot at:(t:1, i:5) file /workdir/hadoop-ozone/integration-test/target/test-dir/MiniOzoneClusterImpl-ffcb80c2-b642-44a5-b522-9914b1f1ccc8/datanode-5/data/ratis/1dbc22e0-a6d3-4a2a-939e-2c5006fc0996/sm/snapshot.1_5
2019-09-19 11:42:12,140 [c4eb8efe-62b2-45fb-815f-66d941ddca6e@group-2C5006FC0996-StateMachineUpdater] INFO  ratis.ContainerStateMachine (ContainerStateMachine.java:takeSnapshot(300)) - group-2C5006FC0996: Finished taking a snapshot at:(t:1, i:5) file:/workdir/hadoop-ozone/integration-test/target/test-dir/MiniOzoneClusterImpl-ffcb80c2-b642-44a5-b522-9914b1f1ccc8/datanode-5/data/ratis/1dbc22e0-a6d3-4a2a-939e-2c5006fc0996/sm/snapshot.1_5 time:20
2019-09-19 11:42:12,141 [c4eb8efe-62b2-45fb-815f-66d941ddca6e@group-2C5006FC0996-StateMachineUpdater] INFO  impl.StateMachineUpdater (StateMachineUpdater.java:takeSnapshot(258)) - c4eb8efe-62b2-45fb-815f-66d941ddca6e@group-2C5006FC0996-StateMachineUpdater: Took a snapshot at index 5
2019-09-19 11:42:12,142 [c4eb8efe-62b2-45fb-815f-66d941ddca6e@group-2C5006FC0996-StateMachineUpdater] INFO  impl.StateMachineUpdater (StateMachineUpdater.java:lambda$new$0(83)) - c4eb8efe-62b2-45fb-815f-66d941ddca6e@group-2C5006FC0996-StateMachineUpdater: snapshotIndex: updateIncreasingly -1 -> 5
2019-09-19 11:42:12,142 [c4eb8efe-62b2-45fb-815f-66d941ddca6e@group-2C5006FC0996-StateMachineUpdater] INFO  ratis.ContainerStateMachine (ContainerStateMachine.java:takeSnapshot(289)) - group-2C5006FC0996: Taking a snapshot at:(t:1, i:5) file /workdir/hadoop-ozone/integration-test/target/test-dir/MiniOzoneClusterImpl-ffcb80c2-b642-44a5-b522-9914b1f1ccc8/datanode-5/data/ratis/1dbc22e0-a6d3-4a2a-939e-2c5006fc0996/sm/snapshot.1_5
2019-09-19 11:42:12,155 [c4eb8efe-62b2-45fb-815f-66d941ddca6e@group-2C5006FC0996-StateMachineUpdater] INFO  ratis.ContainerStateMachine (ContainerStateMachine.java:takeSnapshot(300)) - group-2C5006FC0996: Finished taking a snapshot at:(t:1, i:5) file:/workdir/hadoop-ozone/integration-test/target/test-dir/MiniOzoneClusterImpl-ffcb80c2-b642-44a5-b522-9914b1f1ccc8/datanode-5/data/ratis/1dbc22e0-a6d3-4a2a-939e-2c5006fc0996/sm/snapshot.1_5 time:12
2019-09-19 11:42:12,155 [c4eb8efe-62b2-45fb-815f-66d941ddca6e@group-2C5006FC0996-StateMachineUpdater] INFO  impl.StateMachineUpdater (StateMachineUpdater.java:takeSnapshot(258)) - c4eb8efe-62b2-45fb-815f-66d941ddca6e@group-2C5006FC0996-StateMachineUpdater: Took a snapshot at index 5
2019-09-19 11:42:12,155 [c4eb8efe-62b2-45fb-815f-66d941ddca6e@group-2C5006FC0996-StateMachineUpdater] INFO  impl.StateMachineUpdater (StateMachineUpdater.java:lambda$new$0(83)) - c4eb8efe-62b2-45fb-815f-66d941ddca6e@group-2C5006FC0996-StateMachineUpdater: snapshotIndex: updateIncreasingly 5 -> 5
2019-09-19 11:42:12,156 [ForkJoinPool.commonPool-worker-1] INFO  impl.RaftServerImpl (ServerState.java:close(385)) - c4eb8efe-62b2-45fb-815f-66d941ddca6e@group-2C5006FC0996: closes. applyIndex: 8
2019-09-19 11:42:12,157 [c4eb8efe-62b2-45fb-815f-66d941ddca6e@group-2C5006FC0996-SegmentedRaftLogWorker] INFO  segmented.SegmentedRaftLogWorker (SegmentedRaftLogWorker.java:run(313)) - c4eb8efe-62b2-45fb-815f-66d941ddca6e@group-2C5006FC0996-SegmentedRaftLogWorker was interrupted, exiting. There are 0 tasks remaining in the queue.
2019-09-19 11:42:12,158 [ForkJoinPool.commonPool-worker-1] INFO  segmented.SegmentedRaftLogWorker (SegmentedRaftLogWorker.java:close(228)) - c4eb8efe-62b2-45fb-815f-66d941ddca6e@group-2C5006FC0996-SegmentedRaftLogWorker close()
2019-09-19 11:42:12,159 [ForkJoinPool.commonPool-worker-1] INFO  impl.RaftServerImpl (RaftServerImpl.java:lambda$shutdown$3(251)) - c4eb8efe-62b2-45fb-815f-66d941ddca6e@group-08E657F24186: shutdown
2019-09-19 11:42:12,159 [ForkJoinPool.commonPool-worker-1] INFO  util.JmxRegister (JmxRegister.java:unregister(73)) - Successfully un-registered JMX Bean with object name Ratis:service=RaftServer,group=group-08E657F24186,id=c4eb8efe-62b2-45fb-815f-66d941ddca6e
2019-09-19 11:42:12,159 [ForkJoinPool.commonPool-worker-1] INFO  impl.RoleInfo (RoleInfo.java:shutdownLeaderState(104)) - c4eb8efe-62b2-45fb-815f-66d941ddca6e: shutdown LeaderState
2019-09-19 11:42:12,160 [ForkJoinPool.commonPool-worker-1] INFO  impl.PendingRequests (PendingRequests.java:sendNotLeaderResponses(202)) - c4eb8efe-62b2-45fb-815f-66d941ddca6e-PendingRequests: sendNotLeaderResponses
2019-09-19 11:42:12,161 [ForkJoinPool.commonPool-worker-1] INFO  impl.StateMachineUpdater (StateMachineUpdater.java:stopAndJoin(125)) - c4eb8efe-62b2-45fb-815f-66d941ddca6e@group-08E657F24186-StateMachineUpdater: set stopIndex = 0
2019-09-19 11:42:12,162 [ForkJoinPool.commonPool-worker-1] INFO  impl.RaftServerImpl (ServerState.java:close(385)) - c4eb8efe-62b2-45fb-815f-66d941ddca6e@group-08E657F24186: closes. applyIndex: 0
2019-09-19 11:42:12,162 [c4eb8efe-62b2-45fb-815f-66d941ddca6e@group-08E657F24186-SegmentedRaftLogWorker] INFO  segmented.SegmentedRaftLogWorker (SegmentedRaftLogWorker.java:run(313)) - c4eb8efe-62b2-45fb-815f-66d941ddca6e@group-08E657F24186-SegmentedRaftLogWorker was interrupted, exiting. There are 0 tasks remaining in the queue.
2019-09-19 11:42:12,163 [ForkJoinPool.commonPool-worker-1] INFO  segmented.SegmentedRaftLogWorker (SegmentedRaftLogWorker.java:close(228)) - c4eb8efe-62b2-45fb-815f-66d941ddca6e@group-08E657F24186-SegmentedRaftLogWorker close()
2019-09-19 11:42:12,163 [ForkJoinPool.commonPool-worker-1] INFO  server.GrpcService (GrpcService.java:closeImpl(164)) - c4eb8efe-62b2-45fb-815f-66d941ddca6e: shutdown server with port 45661 now
2019-09-19 11:42:12,164 [ForkJoinPool.commonPool-worker-1] INFO  server.GrpcService (GrpcService.java:closeImpl(172)) - c4eb8efe-62b2-45fb-815f-66d941ddca6e: shutdown server with port 45661 successfully
2019-09-19 11:42:12,172 [refreshUsed-/workdir/hadoop-ozone/integration-test/target/test-dir/MiniOzoneClusterImpl-ffcb80c2-b642-44a5-b522-9914b1f1ccc8/datanode-5/data/containers] WARN  fs.CachingGetSpaceUsed (CachingGetSpaceUsed.java:run(183)) - Thread Interrupted waiting to refresh disk information: sleep interrupted
2019-09-19 11:42:12,194 [ForkJoinPool.commonPool-worker-1] INFO  utils.BackgroundService (BackgroundService.java:shutdown(148)) - Shutting down service BlockDeletingService
2019-09-19 11:42:12,199 [ForkJoinPool.commonPool-worker-1] INFO  statemachine.DatanodeStateMachine (DatanodeStateMachine.java:stopDaemon(395)) - Ozone container server stopped.
2019-09-19 11:42:12,214 [ForkJoinPool.commonPool-worker-1] INFO  handler.ContextHandler (ContextHandler.java:doStop(910)) - Stopped o.e.j.w.WebAppContext@66813e6e{/,null,UNAVAILABLE}{/hddsDatanode}
2019-09-19 11:42:12,215 [ForkJoinPool.commonPool-worker-1] INFO  server.AbstractConnector (AbstractConnector.java:doStop(318)) - Stopped ServerConnector@dab1f89{HTTP/1.1,[http/1.1]}{0.0.0.0:0}
2019-09-19 11:42:12,216 [ForkJoinPool.commonPool-worker-1] INFO  handler.ContextHandler (ContextHandler.java:doStop(910)) - Stopped o.e.j.s.ServletContextHandler@f8a6243{/static,jar:file:/home/user/.m2/repository/org/apache/hadoop/hadoop-hdds-container-service/0.5.0-SNAPSHOT/hadoop-hdds-container-service-0.5.0-SNAPSHOT.jar!/webapps/static,UNAVAILABLE}
2019-09-19 11:42:12,216 [ForkJoinPool.commonPool-worker-1] INFO  handler.ContextHandler (ContextHandler.java:doStop(910)) - Stopped o.e.j.s.ServletContextHandler@29be997f{/logs,file:///workdir/hadoop-ozone/integration-test/target/log,UNAVAILABLE}
2019-09-19 11:42:12,218 [main] INFO  ozone.MiniOzoneClusterImpl (MiniOzoneClusterImpl.java:stop(344)) - Stopping the StorageContainerManager
2019-09-19 11:42:12,218 [main] INFO  server.StorageContainerManager (StorageContainerManager.java:stop(801)) - Stopping Replication Manager Service.
2019-09-19 11:42:12,218 [main] INFO  container.ReplicationManager (ReplicationManager.java:stop(203)) - Stopping Replication Monitor Thread.
2019-09-19 11:42:12,219 [main] INFO  server.StorageContainerManager (StorageContainerManager.java:stop(808)) - Stopping Lease Manager of the command watchers
2019-09-19 11:42:12,219 [main] INFO  server.StorageContainerManager (StorageContainerManager.java:stop(815)) - Stopping datanode service RPC server
2019-09-19 11:42:12,219 [main] INFO  server.SCMDatanodeProtocolServer (SCMDatanodeProtocolServer.java:stop(367)) - Stopping the RPC server for DataNodes
2019-09-19 11:42:12,219 [main] INFO  ipc.Server (Server.java:stop(3082)) - Stopping server on 36401
2019-09-19 11:42:12,222 [IPC Server listener on 36401] INFO  ipc.Server (Server.java:run(1185)) - Stopping IPC Server listener on 36401
2019-09-19 11:42:12,223 [IPC Server Responder] INFO  ipc.Server (Server.java:run(1319)) - Stopping IPC Server Responder
2019-09-19 11:42:12,279 [SCM Heartbeat Processing Thread - 0] WARN  node.NodeStateManager (NodeStateManager.java:scheduleNextHealthCheck(646)) - Current Thread is interrupted, shutting down HB processing thread for Node Manager.
2019-09-19 11:42:12,280 [main] INFO  server.StorageContainerManager (StorageContainerManager.java:stop(823)) - Stopping block service RPC server
2019-09-19 11:42:12,280 [main] INFO  server.SCMBlockProtocolServer (SCMBlockProtocolServer.java:stop(155)) - Stopping the RPC server for Block Protocol
2019-09-19 11:42:12,280 [main] INFO  ipc.Server (Server.java:stop(3082)) - Stopping server on 38275
2019-09-19 11:42:12,283 [IPC Server listener on 38275] INFO  ipc.Server (Server.java:run(1185)) - Stopping IPC Server listener on 38275
2019-09-19 11:42:12,283 [main] INFO  server.StorageContainerManager (StorageContainerManager.java:stop(830)) - Stopping the StorageContainerLocationProtocol RPC server
2019-09-19 11:42:12,284 [IPC Server Responder] INFO  ipc.Server (Server.java:run(1319)) - Stopping IPC Server Responder
2019-09-19 11:42:12,284 [main] INFO  server.SCMClientProtocolServer (SCMClientProtocolServer.java:stop(159)) - Stopping the RPC server for Client Protocol
2019-09-19 11:42:12,285 [main] INFO  ipc.Server (Server.java:stop(3082)) - Stopping server on 36711
2019-09-19 11:42:12,287 [main] INFO  server.StorageContainerManager (StorageContainerManager.java:stop(837)) - Stopping Storage Container Manager HTTP server.
2019-09-19 11:42:12,287 [IPC Server listener on 36711] INFO  ipc.Server (Server.java:run(1185)) - Stopping IPC Server listener on 36711
2019-09-19 11:42:12,288 [IPC Server Responder] INFO  ipc.Server (Server.java:run(1319)) - Stopping IPC Server Responder
2019-09-19 11:42:12,289 [main] INFO  handler.ContextHandler (ContextHandler.java:doStop(910)) - Stopped o.e.j.w.WebAppContext@56476c16{/,null,UNAVAILABLE}{/scm}
2019-09-19 11:42:12,290 [main] INFO  server.AbstractConnector (AbstractConnector.java:doStop(318)) - Stopped ServerConnector@497b560e{HTTP/1.1,[http/1.1]}{0.0.0.0:0}
2019-09-19 11:42:12,290 [main] INFO  handler.ContextHandler (ContextHandler.java:doStop(910)) - Stopped o.e.j.s.ServletContextHandler@663f237a{/static,file:///workdir/hadoop-ozone/integration-test/target/test-classes/webapps/static,UNAVAILABLE}
2019-09-19 11:42:12,291 [main] INFO  handler.ContextHandler (ContextHandler.java:doStop(910)) - Stopped o.e.j.s.ServletContextHandler@40fa8766{/logs,file:///workdir/hadoop-ozone/integration-test/target/log,UNAVAILABLE}
2019-09-19 11:42:12,292 [main] INFO  server.StorageContainerManager (StorageContainerManager.java:stop(848)) - Stopping Block Manager Service.
2019-09-19 11:42:12,292 [main] INFO  utils.BackgroundService (BackgroundService.java:shutdown(148)) - Shutting down service SCMBlockDeletingService
2019-09-19 11:42:12,293 [main] INFO  utils.BackgroundService (BackgroundService.java:shutdown(148)) - Shutting down service SCMBlockDeletingService
2019-09-19 11:42:12,293 [main] INFO  server.StorageContainerManager (StorageContainerManager.java:stop(870)) - Stopping SCM Event Queue.
2019-09-19 11:42:12,299 [main] INFO  impl.MetricsSystemImpl (MetricsSystemImpl.java:stop(210)) - Stopping HddsDatanode metrics system...
2019-09-19 11:42:12,317 [main] INFO  impl.MetricsSystemImpl (MetricsSystemImpl.java:stop(216)) - HddsDatanode metrics system stopped.
]]></system-out>
    <system-err><![CDATA[Sep 19, 2019 11:41:56 AM org.apache.ratis.thirdparty.io.grpc.internal.SerializingExecutor run
SEVERE: Exception while executing runnable org.apache.ratis.thirdparty.io.grpc.internal.ServerImpl$JumpToApplicationThreadServerStreamListener$1Closed@7e0a82ba
org.apache.ratis.thirdparty.io.grpc.StatusRuntimeException: CANCELLED: call already cancelled
	at org.apache.ratis.thirdparty.io.grpc.Status.asRuntimeException(Status.java:517)
	at org.apache.ratis.thirdparty.io.grpc.stub.ServerCalls$ServerCallStreamObserverImpl.onCompleted(ServerCalls.java:356)
	at org.apache.ratis.grpc.server.GrpcServerProtocolService$ServerRequestStreamObserver.onError(GrpcServerProtocolService.java:121)
	at org.apache.ratis.thirdparty.io.grpc.stub.ServerCalls$StreamingServerCallHandler$StreamingServerCallListener.onCancel(ServerCalls.java:269)
	at org.apache.ratis.thirdparty.io.grpc.internal.ServerCallImpl$ServerStreamListenerImpl.closed(ServerCallImpl.java:293)
	at org.apache.ratis.thirdparty.io.grpc.internal.ServerImpl$JumpToApplicationThreadServerStreamListener$1Closed.runInContext(ServerImpl.java:741)
	at org.apache.ratis.thirdparty.io.grpc.internal.ContextRunnable.run(ContextRunnable.java:37)
	at org.apache.ratis.thirdparty.io.grpc.internal.SerializingExecutor.run(SerializingExecutor.java:123)
	at java.util.concurrent.ThreadPoolExecutor.runWorker(ThreadPoolExecutor.java:1149)
	at java.util.concurrent.ThreadPoolExecutor$Worker.run(ThreadPoolExecutor.java:624)
	at java.lang.Thread.run(Thread.java:748)

]]></system-err>
  </testcase>
</testsuite>