<?xml version="1.0" encoding="UTF-8"?>
<testsuite xmlns:xsi="http://www.w3.org/2001/XMLSchema-instance" xsi:noNamespaceSchemaLocation="https://maven.apache.org/surefire/maven-surefire-plugin/xsd/surefire-test-report.xsd" name="org.apache.hadoop.ozone.client.rpc.TestWatchForCommit" time="255.023" tests="5" errors="1" skipped="0" failures="0">
  <properties>
    <property name="awt.toolkit" value="sun.awt.X11.XToolkit"/>
    <property name="file.encoding.pkg" value="sun.io"/>
    <property name="java.specification.version" value="1.8"/>
    <property name="sun.cpu.isalist" value=""/>
    <property name="sun.jnu.encoding" value="UTF-8"/>
    <property name="java.class.path" value="/workdir/hadoop-ozone/integration-test/target/test-classes:/workdir/hadoop-ozone/integration-test/target/classes:/home/user/.m2/repository/org/apache/hadoop/hadoop-ozone-common/0.5.0-SNAPSHOT/hadoop-ozone-common-0.5.0-SNAPSHOT.jar:/home/user/.m2/repository/org/apache/commons/commons-compress/1.4.1/commons-compress-1.4.1.jar:/home/user/.m2/repository/org/tukaani/xz/1.0/xz-1.0.jar:/home/user/.m2/repository/org/apache/hadoop/hadoop-common/3.2.0/hadoop-common-3.2.0.jar:/home/user/.m2/repository/org/apache/hadoop/hadoop-hdfs/3.2.0/hadoop-hdfs-3.2.0.jar:/home/user/.m2/repository/org/apache/hadoop/hadoop-hdfs-client/3.2.0/hadoop-hdfs-client-3.2.0.jar:/home/user/.m2/repository/com/fasterxml/jackson/core/jackson-annotations/2.9.9/jackson-annotations-2.9.9.jar:/home/user/.m2/repository/org/apache/hadoop/hadoop-hdds-common/0.5.0-SNAPSHOT/hadoop-hdds-common-0.5.0-SNAPSHOT.jar:/home/user/.m2/repository/javax/annotation/javax.annotation-api/1.2/javax.annotation-api-1.2.jar:/home/user/.m2/repository/org/apache/ratis/ratis-server/0.4.0-78e95b9-SNAPSHOT/ratis-server-0.4.0-78e95b9-SNAPSHOT.jar:/home/user/.m2/repository/org/apache/ratis/ratis-thirdparty-misc/0.2.0/ratis-thirdparty-misc-0.2.0.jar:/home/user/.m2/repository/org/apache/ratis/ratis-proto/0.4.0-78e95b9-SNAPSHOT/ratis-proto-0.4.0-78e95b9-SNAPSHOT.jar:/home/user/.m2/repository/org/apache/ratis/ratis-common/0.4.0-78e95b9-SNAPSHOT/ratis-common-0.4.0-78e95b9-SNAPSHOT.jar:/home/user/.m2/repository/org/apache/ratis/ratis-client/0.4.0-78e95b9-SNAPSHOT/ratis-client-0.4.0-78e95b9-SNAPSHOT.jar:/home/user/.m2/repository/org/apache/ratis/ratis-metrics/0.4.0-78e95b9-SNAPSHOT/ratis-metrics-0.4.0-78e95b9-SNAPSHOT.jar:/home/user/.m2/repository/com/github/joshelser/dropwizard-metrics-hadoop-metrics2-reporter/0.1.2/dropwizard-metrics-hadoop-metrics2-reporter-0.1.2.jar:/home/user/.m2/repository/io/dropwizard/metrics/metrics-jvm/3.2.5/metrics-jvm-3.2.5.jar:/home/user/.m2/repository/io/dropwizard/metrics/metrics-ganglia/3.2.5/metrics-ganglia-3.2.5.jar:/home/user/.m2/repository/info/ganglia/gmetric4j/gmetric4j/1.0.7/gmetric4j-1.0.7.jar:/home/user/.m2/repository/org/apache/ratis/ratis-netty/0.4.0-78e95b9-SNAPSHOT/ratis-netty-0.4.0-78e95b9-SNAPSHOT.jar:/home/user/.m2/repository/org/apache/ratis/ratis-grpc/0.4.0-78e95b9-SNAPSHOT/ratis-grpc-0.4.0-78e95b9-SNAPSHOT.jar:/home/user/.m2/repository/org/rocksdb/rocksdbjni/6.0.1/rocksdbjni-6.0.1.jar:/home/user/.m2/repository/org/apache/logging/log4j/log4j-api/2.11.0/log4j-api-2.11.0.jar:/home/user/.m2/repository/org/apache/logging/log4j/log4j-core/2.11.0/log4j-core-2.11.0.jar:/home/user/.m2/repository/com/lmax/disruptor/3.4.2/disruptor-3.4.2.jar:/home/user/.m2/repository/org/apache/commons/commons-pool2/2.6.0/commons-pool2-2.6.0.jar:/home/user/.m2/repository/org/bouncycastle/bcpkix-jdk15on/1.60/bcpkix-jdk15on-1.60.jar:/home/user/.m2/repository/commons-validator/commons-validator/1.6/commons-validator-1.6.jar:/home/user/.m2/repository/commons-digester/commons-digester/1.8.1/commons-digester-1.8.1.jar:/home/user/.m2/repository/io/jaegertracing/jaeger-client/0.33.1/jaeger-client-0.33.1.jar:/home/user/.m2/repository/io/jaegertracing/jaeger-thrift/0.33.1/jaeger-thrift-0.33.1.jar:/home/user/.m2/repository/org/apache/thrift/libthrift/0.11.0/libthrift-0.11.0.jar:/home/user/.m2/repository/com/squareup/okhttp3/okhttp/3.9.0/okhttp-3.9.0.jar:/home/user/.m2/repository/com/squareup/okio/okio/1.13.0/okio-1.13.0.jar:/home/user/.m2/repository/io/jaegertracing/jaeger-core/0.33.1/jaeger-core-0.33.1.jar:/home/user/.m2/repository/io/jaegertracing/jaeger-tracerresolver/0.33.1/jaeger-tracerresolver-0.33.1.jar:/home/user/.m2/repository/io/opentracing/contrib/opentracing-tracerresolver/0.1.5/opentracing-tracerresolver-0.1.5.jar:/home/user/.m2/repository/io/opentracing/opentracing-util/0.31.0/opentracing-util-0.31.0.jar:/home/user/.m2/repository/io/opentracing/opentracing-api/0.31.0/opentracing-api-0.31.0.jar:/home/user/.m2/repository/io/opentracing/opentracing-noop/0.31.0/opentracing-noop-0.31.0.jar:/home/user/.m2/repository/org/apache/hadoop/hadoop-hdds-server-framework/0.5.0-SNAPSHOT/hadoop-hdds-server-framework-0.5.0-SNAPSHOT.jar:/home/user/.m2/repository/org/apache/hadoop/hadoop-hdds-container-service/0.5.0-SNAPSHOT/hadoop-hdds-container-service-0.5.0-SNAPSHOT.jar:/home/user/.m2/repository/org/apache/hadoop/hadoop-hdds-client/0.5.0-SNAPSHOT/hadoop-hdds-client-0.5.0-SNAPSHOT.jar:/home/user/.m2/repository/org/apache/hadoop/hadoop-hdds-tools/0.5.0-SNAPSHOT/hadoop-hdds-tools-0.5.0-SNAPSHOT.jar:/home/user/.m2/repository/org/apache/hadoop/hadoop-hdds-server-scm/0.5.0-SNAPSHOT/hadoop-hdds-server-scm-0.5.0-SNAPSHOT.jar:/home/user/.m2/repository/org/apache/hadoop/hadoop-hdds-docs/0.5.0-SNAPSHOT/hadoop-hdds-docs-0.5.0-SNAPSHOT.jar:/home/user/.m2/repository/io/dropwizard/metrics/metrics-core/3.2.4/metrics-core-3.2.4.jar:/home/user/.m2/repository/org/hamcrest/hamcrest-all/1.3/hamcrest-all-1.3.jar:/home/user/.m2/repository/org/bouncycastle/bcprov-jdk15on/1.60/bcprov-jdk15on-1.60.jar:/home/user/.m2/repository/info/picocli/picocli/3.9.6/picocli-3.9.6.jar:/home/user/.m2/repository/com/google/protobuf/protobuf-java/2.5.0/protobuf-java-2.5.0.jar:/home/user/.m2/repository/com/google/guava/guava/11.0.2/guava-11.0.2.jar:/home/user/.m2/repository/org/apache/hadoop/hadoop-ozone-ozone-manager/0.5.0-SNAPSHOT/hadoop-ozone-ozone-manager-0.5.0-SNAPSHOT.jar:/home/user/.m2/repository/org/apache/hadoop/hadoop-minikdc/3.2.0/hadoop-minikdc-3.2.0.jar:/home/user/.m2/repository/commons-io/commons-io/2.5/commons-io-2.5.jar:/home/user/.m2/repository/org/apache/kerby/kerb-simplekdc/1.0.1/kerb-simplekdc-1.0.1.jar:/home/user/.m2/repository/org/apache/kerby/kerb-client/1.0.1/kerb-client-1.0.1.jar:/home/user/.m2/repository/org/apache/kerby/kerby-config/1.0.1/kerby-config-1.0.1.jar:/home/user/.m2/repository/org/apache/kerby/kerb-core/1.0.1/kerb-core-1.0.1.jar:/home/user/.m2/repository/org/apache/kerby/kerby-pkix/1.0.1/kerby-pkix-1.0.1.jar:/home/user/.m2/repository/org/apache/kerby/kerby-asn1/1.0.1/kerby-asn1-1.0.1.jar:/home/user/.m2/repository/org/apache/kerby/kerby-util/1.0.1/kerby-util-1.0.1.jar:/home/user/.m2/repository/org/apache/kerby/kerb-common/1.0.1/kerb-common-1.0.1.jar:/home/user/.m2/repository/org/apache/kerby/kerb-crypto/1.0.1/kerb-crypto-1.0.1.jar:/home/user/.m2/repository/org/apache/kerby/kerb-util/1.0.1/kerb-util-1.0.1.jar:/home/user/.m2/repository/org/apache/kerby/token-provider/1.0.1/token-provider-1.0.1.jar:/home/user/.m2/repository/org/apache/kerby/kerb-admin/1.0.1/kerb-admin-1.0.1.jar:/home/user/.m2/repository/org/apache/kerby/kerb-server/1.0.1/kerb-server-1.0.1.jar:/home/user/.m2/repository/org/apache/kerby/kerb-identity/1.0.1/kerb-identity-1.0.1.jar:/home/user/.m2/repository/org/apache/kerby/kerby-xdr/1.0.1/kerby-xdr-1.0.1.jar:/home/user/.m2/repository/org/slf4j/slf4j-log4j12/1.7.25/slf4j-log4j12-1.7.25.jar:/home/user/.m2/repository/org/apache/hadoop/hadoop-ozone-s3gateway/0.5.0-SNAPSHOT/hadoop-ozone-s3gateway-0.5.0-SNAPSHOT.jar:/home/user/.m2/repository/org/jboss/weld/servlet/weld-servlet/2.4.7.Final/weld-servlet-2.4.7.Final.jar:/home/user/.m2/repository/org/glassfish/jersey/containers/jersey-container-servlet-core/2.27/jersey-container-servlet-core-2.27.jar:/home/user/.m2/repository/org/glassfish/hk2/external/javax.inject/2.5.0-b42/javax.inject-2.5.0-b42.jar:/home/user/.m2/repository/org/glassfish/jersey/core/jersey-common/2.27/jersey-common-2.27.jar:/home/user/.m2/repository/org/glassfish/hk2/osgi-resource-locator/1.0.1/osgi-resource-locator-1.0.1.jar:/home/user/.m2/repository/javax/ws/rs/javax.ws.rs-api/2.1/javax.ws.rs-api-2.1.jar:/home/user/.m2/repository/org/glassfish/jersey/ext/cdi/jersey-cdi1x/2.27/jersey-cdi1x-2.27.jar:/home/user/.m2/repository/org/glassfish/jersey/inject/jersey-hk2/2.27/jersey-hk2-2.27.jar:/home/user/.m2/repository/org/glassfish/hk2/hk2-locator/2.5.0-b42/hk2-locator-2.5.0-b42.jar:/home/user/.m2/repository/org/javassist/javassist/3.22.0-CR2/javassist-3.22.0-CR2.jar:/home/user/.m2/repository/org/glassfish/hk2/hk2-api/2.5.0/hk2-api-2.5.0.jar:/home/user/.m2/repository/org/glassfish/hk2/external/jakarta.inject/2.5.0/jakarta.inject-2.5.0.jar:/home/user/.m2/repository/org/glassfish/hk2/hk2-utils/2.5.0/hk2-utils-2.5.0.jar:/home/user/.m2/repository/jakarta/annotation/jakarta.annotation-api/1.3.4/jakarta.annotation-api-1.3.4.jar:/home/user/.m2/repository/org/glassfish/hk2/external/aopalliance-repackaged/2.5.0/aopalliance-repackaged-2.5.0.jar:/home/user/.m2/repository/com/fasterxml/jackson/dataformat/jackson-dataformat-xml/2.9.0/jackson-dataformat-xml-2.9.0.jar:/home/user/.m2/repository/com/fasterxml/jackson/core/jackson-core/2.9.9/jackson-core-2.9.9.jar:/home/user/.m2/repository/com/fasterxml/jackson/module/jackson-module-jaxb-annotations/2.9.9/jackson-module-jaxb-annotations-2.9.9.jar:/home/user/.m2/repository/javax/enterprise/cdi-api/1.2/cdi-api-1.2.jar:/home/user/.m2/repository/javax/el/javax.el-api/3.0.0/javax.el-api-3.0.0.jar:/home/user/.m2/repository/javax/interceptor/javax.interceptor-api/1.2/javax.interceptor-api-1.2.jar:/home/user/.m2/repository/javax/inject/javax.inject/1/javax.inject-1.jar:/home/user/.m2/repository/com/sun/xml/bind/jaxb-impl/2.3.0.1/jaxb-impl-2.3.0.1.jar:/home/user/.m2/repository/com/sun/xml/bind/jaxb-core/2.3.0.1/jaxb-core-2.3.0.1.jar:/home/user/.m2/repository/javax/xml/bind/jaxb-api/2.3.0/jaxb-api-2.3.0.jar:/home/user/.m2/repository/javax/activation/activation/1.1.1/activation-1.1.1.jar:/home/user/.m2/repository/org/apache/hadoop/hadoop-ozone-csi/0.5.0-SNAPSHOT/hadoop-ozone-csi-0.5.0-SNAPSHOT.jar:/home/user/.m2/repository/com/google/protobuf/protobuf-java-util/3.5.1/protobuf-java-util-3.5.1.jar:/home/user/.m2/repository/org/apache/hadoop/hadoop-hdds-config/0.5.0-SNAPSHOT/hadoop-hdds-config-0.5.0-SNAPSHOT.jar:/home/user/.m2/repository/io/grpc/grpc-netty/1.17.1/grpc-netty-1.17.1.jar:/home/user/.m2/repository/io/grpc/grpc-core/1.17.1/grpc-core-1.17.1.jar:/home/user/.m2/repository/io/grpc/grpc-context/1.17.1/grpc-context-1.17.1.jar:/home/user/.m2/repository/com/google/errorprone/error_prone_annotations/2.2.0/error_prone_annotations-2.2.0.jar:/home/user/.m2/repository/org/codehaus/mojo/animal-sniffer-annotations/1.17/animal-sniffer-annotations-1.17.jar:/home/user/.m2/repository/io/opencensus/opencensus-api/0.17.0/opencensus-api-0.17.0.jar:/home/user/.m2/repository/io/opencensus/opencensus-contrib-grpc-metrics/0.17.0/opencensus-contrib-grpc-metrics-0.17.0.jar:/home/user/.m2/repository/io/netty/netty-codec-http2/4.1.30.Final/netty-codec-http2-4.1.30.Final.jar:/home/user/.m2/repository/io/netty/netty-codec-http/4.1.30.Final/netty-codec-http-4.1.30.Final.jar:/home/user/.m2/repository/io/netty/netty-codec/4.1.30.Final/netty-codec-4.1.30.Final.jar:/home/user/.m2/repository/io/netty/netty-handler/4.1.30.Final/netty-handler-4.1.30.Final.jar:/home/user/.m2/repository/io/netty/netty-handler-proxy/4.1.30.Final/netty-handler-proxy-4.1.30.Final.jar:/home/user/.m2/repository/io/netty/netty-codec-socks/4.1.30.Final/netty-codec-socks-4.1.30.Final.jar:/home/user/.m2/repository/io/netty/netty-transport-native-epoll/4.1.30.Final/netty-transport-native-epoll-4.1.30.Final.jar:/home/user/.m2/repository/io/netty/netty-common/4.1.30.Final/netty-common-4.1.30.Final.jar:/home/user/.m2/repository/io/netty/netty-buffer/4.1.30.Final/netty-buffer-4.1.30.Final.jar:/home/user/.m2/repository/io/netty/netty-transport/4.1.30.Final/netty-transport-4.1.30.Final.jar:/home/user/.m2/repository/io/netty/netty-resolver/4.1.30.Final/netty-resolver-4.1.30.Final.jar:/home/user/.m2/repository/io/netty/netty-transport-native-unix-common/4.1.30.Final/netty-transport-native-unix-common-4.1.30.Final.jar:/home/user/.m2/repository/io/grpc/grpc-protobuf/1.17.1/grpc-protobuf-1.17.1.jar:/home/user/.m2/repository/com/google/api/grpc/proto-google-common-protos/1.0.0/proto-google-common-protos-1.0.0.jar:/home/user/.m2/repository/io/grpc/grpc-protobuf-lite/1.17.1/grpc-protobuf-lite-1.17.1.jar:/home/user/.m2/repository/io/grpc/grpc-stub/1.17.1/grpc-stub-1.17.1.jar:/home/user/.m2/repository/org/apache/hadoop/hadoop-ozone-recon/0.5.0-SNAPSHOT/hadoop-ozone-recon-0.5.0-SNAPSHOT.jar:/home/user/.m2/repository/org/apache/hadoop/hadoop-ozone-reconcodegen/0.5.0-SNAPSHOT/hadoop-ozone-reconcodegen-0.5.0-SNAPSHOT.jar:/home/user/.m2/repository/com/google/inject/extensions/guice-multibindings/4.0/guice-multibindings-4.0.jar:/home/user/.m2/repository/com/google/inject/guice/4.0/guice-4.0.jar:/home/user/.m2/repository/aopalliance/aopalliance/1.0/aopalliance-1.0.jar:/home/user/.m2/repository/com/google/inject/extensions/guice-servlet/4.0/guice-servlet-4.0.jar:/home/user/.m2/repository/org/glassfish/jersey/containers/jersey-container-servlet/2.27/jersey-container-servlet-2.27.jar:/home/user/.m2/repository/org/glassfish/hk2/guice-bridge/2.5.0/guice-bridge-2.5.0.jar:/home/user/.m2/repository/org/glassfish/jersey/core/jersey-server/2.27/jersey-server-2.27.jar:/home/user/.m2/repository/org/glassfish/jersey/core/jersey-client/2.27/jersey-client-2.27.jar:/home/user/.m2/repository/org/glassfish/jersey/media/jersey-media-jaxb/2.27/jersey-media-jaxb-2.27.jar:/home/user/.m2/repository/javax/validation/validation-api/1.1.0.Final/validation-api-1.1.0.Final.jar:/home/user/.m2/repository/org/glassfish/jersey/media/jersey-media-json-jackson/2.27/jersey-media-json-jackson-2.27.jar:/home/user/.m2/repository/org/glassfish/jersey/ext/jersey-entity-filtering/2.27/jersey-entity-filtering-2.27.jar:/home/user/.m2/repository/com/google/inject/extensions/guice-assistedinject/4.0/guice-assistedinject-4.0.jar:/home/user/.m2/repository/org/jooq/jooq/3.11.10/jooq-3.11.10.jar:/home/user/.m2/repository/org/jooq/jooq-meta/3.11.10/jooq-meta-3.11.10.jar:/home/user/.m2/repository/org/jooq/jooq-codegen/3.11.10/jooq-codegen-3.11.10.jar:/home/user/.m2/repository/com/jolbox/bonecp/0.8.0.RELEASE/bonecp-0.8.0.RELEASE.jar:/home/user/.m2/repository/org/xerial/sqlite-jdbc/3.25.2/sqlite-jdbc-3.25.2.jar:/home/user/.m2/repository/org/springframework/spring-jdbc/5.1.3.RELEASE/spring-jdbc-5.1.3.RELEASE.jar:/home/user/.m2/repository/org/springframework/spring-beans/5.1.3.RELEASE/spring-beans-5.1.3.RELEASE.jar:/home/user/.m2/repository/org/springframework/spring-core/5.1.3.RELEASE/spring-core-5.1.3.RELEASE.jar:/home/user/.m2/repository/org/springframework/spring-jcl/5.1.3.RELEASE/spring-jcl-5.1.3.RELEASE.jar:/home/user/.m2/repository/org/springframework/spring-tx/5.1.3.RELEASE/spring-tx-5.1.3.RELEASE.jar:/home/user/.m2/repository/org/apache/hadoop/hadoop-ozone-client/0.5.0-SNAPSHOT/hadoop-ozone-client-0.5.0-SNAPSHOT.jar:/home/user/.m2/repository/commons-lang/commons-lang/2.6/commons-lang-2.6.jar:/home/user/.m2/repository/org/apache/hadoop/hadoop-ozone-ozone-manager/0.5.0-SNAPSHOT/hadoop-ozone-ozone-manager-0.5.0-SNAPSHOT-tests.jar:/home/user/.m2/repository/junit/junit/4.11/junit-4.11.jar:/home/user/.m2/repository/org/hamcrest/hamcrest-core/1.3/hamcrest-core-1.3.jar:/home/user/.m2/repository/org/openjdk/jmh/jmh-core/1.19/jmh-core-1.19.jar:/home/user/.m2/repository/net/sf/jopt-simple/jopt-simple/4.6/jopt-simple-4.6.jar:/home/user/.m2/repository/org/apache/commons/commons-math3/3.1.1/commons-math3-3.1.1.jar:/home/user/.m2/repository/org/openjdk/jmh/jmh-generator-annprocess/1.19/jmh-generator-annprocess-1.19.jar:/home/user/.m2/repository/org/mockito/mockito-all/1.8.5/mockito-all-1.8.5.jar:/home/user/.m2/repository/org/apache/hadoop/hadoop-kms/3.2.0/hadoop-kms-3.2.0.jar:/home/user/.m2/repository/org/apache/hadoop/hadoop-auth/3.2.0/hadoop-auth-3.2.0.jar:/home/user/.m2/repository/com/nimbusds/nimbus-jose-jwt/4.41.1/nimbus-jose-jwt-4.41.1.jar:/home/user/.m2/repository/com/github/stephenc/jcip/jcip-annotations/1.0-1/jcip-annotations-1.0-1.jar:/home/user/.m2/repository/net/minidev/json-smart/2.3/json-smart-2.3.jar:/home/user/.m2/repository/net/minidev/accessors-smart/1.2/accessors-smart-1.2.jar:/home/user/.m2/repository/org/ow2/asm/asm/5.0.4/asm-5.0.4.jar:/home/user/.m2/repository/org/apache/curator/curator-framework/2.12.0/curator-framework-2.12.0.jar:/home/user/.m2/repository/com/sun/jersey/jersey-core/1.19/jersey-core-1.19.jar:/home/user/.m2/repository/javax/ws/rs/jsr311-api/1.1.1/jsr311-api-1.1.1.jar:/home/user/.m2/repository/com/sun/jersey/jersey-server/1.19/jersey-server-1.19.jar:/home/user/.m2/repository/javax/servlet/javax.servlet-api/3.1.0/javax.servlet-api-3.1.0.jar:/home/user/.m2/repository/org/eclipse/jetty/jetty-server/9.3.24.v20180605/jetty-server-9.3.24.v20180605.jar:/home/user/.m2/repository/org/eclipse/jetty/jetty-http/9.3.24.v20180605/jetty-http-9.3.24.v20180605.jar:/home/user/.m2/repository/org/eclipse/jetty/jetty-io/9.3.24.v20180605/jetty-io-9.3.24.v20180605.jar:/home/user/.m2/repository/org/eclipse/jetty/jetty-webapp/9.3.24.v20180605/jetty-webapp-9.3.24.v20180605.jar:/home/user/.m2/repository/org/eclipse/jetty/jetty-xml/9.3.24.v20180605/jetty-xml-9.3.24.v20180605.jar:/home/user/.m2/repository/log4j/log4j/1.2.17/log4j-1.2.17.jar:/home/user/.m2/repository/org/slf4j/slf4j-api/1.7.25/slf4j-api-1.7.25.jar:/home/user/.m2/repository/org/slf4j/jul-to-slf4j/1.7.25/jul-to-slf4j-1.7.25.jar:/home/user/.m2/repository/org/eclipse/jetty/jetty-util/9.3.24.v20180605/jetty-util-9.3.24.v20180605.jar:/home/user/.m2/repository/com/fasterxml/jackson/core/jackson-databind/2.9.9/jackson-databind-2.9.9.jar:/home/user/.m2/repository/org/apache/hadoop/hadoop-kms/3.2.0/hadoop-kms-3.2.0-tests.jar:/home/user/.m2/repository/org/apache/hadoop/hadoop-hdds-server-scm/0.5.0-SNAPSHOT/hadoop-hdds-server-scm-0.5.0-SNAPSHOT-tests.jar:/home/user/.m2/repository/org/apache/hadoop/hadoop-hdds-container-service/0.5.0-SNAPSHOT/hadoop-hdds-container-service-0.5.0-SNAPSHOT-tests.jar:/home/user/.m2/repository/org/yaml/snakeyaml/1.16/snakeyaml-1.16.jar:/home/user/.m2/repository/org/apache/hadoop/hadoop-common/3.2.0/hadoop-common-3.2.0-tests.jar:/home/user/.m2/repository/org/apache/hadoop/hadoop-annotations/3.2.0/hadoop-annotations-3.2.0.jar:/usr/lib/jvm/java-1.8-openjdk/jre/../lib/tools.jar:/home/user/.m2/repository/commons-cli/commons-cli/1.2/commons-cli-1.2.jar:/home/user/.m2/repository/org/apache/httpcomponents/httpclient/4.5.2/httpclient-4.5.2.jar:/home/user/.m2/repository/org/apache/httpcomponents/httpcore/4.4.4/httpcore-4.4.4.jar:/home/user/.m2/repository/commons-codec/commons-codec/1.11/commons-codec-1.11.jar:/home/user/.m2/repository/commons-net/commons-net/3.6/commons-net-3.6.jar:/home/user/.m2/repository/commons-collections/commons-collections/3.2.2/commons-collections-3.2.2.jar:/home/user/.m2/repository/org/eclipse/jetty/jetty-servlet/9.3.24.v20180605/jetty-servlet-9.3.24.v20180605.jar:/home/user/.m2/repository/org/eclipse/jetty/jetty-security/9.3.24.v20180605/jetty-security-9.3.24.v20180605.jar:/home/user/.m2/repository/javax/servlet/jsp/jsp-api/2.1/jsp-api-2.1.jar:/home/user/.m2/repository/com/sun/jersey/jersey-servlet/1.19/jersey-servlet-1.19.jar:/home/user/.m2/repository/com/sun/jersey/jersey-json/1.19/jersey-json-1.19.jar:/home/user/.m2/repository/org/codehaus/jettison/jettison/1.1/jettison-1.1.jar:/home/user/.m2/repository/org/codehaus/jackson/jackson-core-asl/1.9.13/jackson-core-asl-1.9.13.jar:/home/user/.m2/repository/org/codehaus/jackson/jackson-mapper-asl/1.9.13/jackson-mapper-asl-1.9.13.jar:/home/user/.m2/repository/org/codehaus/jackson/jackson-jaxrs/1.9.13/jackson-jaxrs-1.9.13.jar:/home/user/.m2/repository/org/codehaus/jackson/jackson-xc/1.9.13/jackson-xc-1.9.13.jar:/home/user/.m2/repository/commons-logging/commons-logging/1.1.3/commons-logging-1.1.3.jar:/home/user/.m2/repository/commons-beanutils/commons-beanutils/1.9.4/commons-beanutils-1.9.4.jar:/home/user/.m2/repository/org/apache/commons/commons-configuration2/2.1.1/commons-configuration2-2.1.1.jar:/home/user/.m2/repository/org/apache/commons/commons-lang3/3.7/commons-lang3-3.7.jar:/home/user/.m2/repository/org/apache/commons/commons-text/1.4/commons-text-1.4.jar:/home/user/.m2/repository/org/apache/avro/avro/1.7.7/avro-1.7.7.jar:/home/user/.m2/repository/com/thoughtworks/paranamer/paranamer/2.3/paranamer-2.3.jar:/home/user/.m2/repository/org/xerial/snappy/snappy-java/1.0.5/snappy-java-1.0.5.jar:/home/user/.m2/repository/com/google/re2j/re2j/1.1/re2j-1.1.jar:/home/user/.m2/repository/com/google/code/gson/gson/2.2.4/gson-2.2.4.jar:/home/user/.m2/repository/com/jcraft/jsch/0.1.54/jsch-0.1.54.jar:/home/user/.m2/repository/org/apache/curator/curator-client/2.12.0/curator-client-2.12.0.jar:/home/user/.m2/repository/org/apache/curator/curator-recipes/2.12.0/curator-recipes-2.12.0.jar:/home/user/.m2/repository/com/google/code/findbugs/jsr305/3.0.0/jsr305-3.0.0.jar:/home/user/.m2/repository/org/apache/htrace/htrace-core4/4.1.0-incubating/htrace-core4-4.1.0-incubating.jar:/home/user/.m2/repository/org/apache/zookeeper/zookeeper/3.4.13/zookeeper-3.4.13.jar:/home/user/.m2/repository/org/apache/yetus/audience-annotations/0.5.0/audience-annotations-0.5.0.jar:/home/user/.m2/repository/org/codehaus/woodstox/stax2-api/3.1.4/stax2-api-3.1.4.jar:/home/user/.m2/repository/com/fasterxml/woodstox/woodstox-core/5.0.3/woodstox-core-5.0.3.jar:/home/user/.m2/repository/dnsjava/dnsjava/2.1.7/dnsjava-2.1.7.jar:/home/user/.m2/repository/org/apache/hadoop/hadoop-hdfs/3.2.0/hadoop-hdfs-3.2.0-tests.jar:/home/user/.m2/repository/org/eclipse/jetty/jetty-util-ajax/9.3.24.v20180605/jetty-util-ajax-9.3.24.v20180605.jar:/home/user/.m2/repository/commons-daemon/commons-daemon/1.0.13/commons-daemon-1.0.13.jar:/home/user/.m2/repository/io/netty/netty/3.10.5.Final/netty-3.10.5.Final.jar:/home/user/.m2/repository/io/netty/netty-all/4.0.52.Final/netty-all-4.0.52.Final.jar:/home/user/.m2/repository/org/fusesource/leveldbjni/leveldbjni-all/1.8/leveldbjni-all-1.8.jar:"/>
    <property name="java.vm.vendor" value="IcedTea"/>
    <property name="sun.arch.data.model" value="64"/>
    <property name="test.build.dir" value="/workdir/hadoop-ozone/integration-test/target/test-dir"/>
    <property name="test.cache.data" value=""/>
    <property name="java.vendor.url" value="https://icedtea.classpath.org"/>
    <property name="user.timezone" value=""/>
    <property name="java.vm.specification.version" value="1.8"/>
    <property name="os.name" value="Linux"/>
    <property name="test.build.data" value="/workdir/hadoop-ozone/integration-test/target/test-dir"/>
    <property name="user.country" value="US"/>
    <property name="sun.java.launcher" value="SUN_STANDARD"/>
    <property name="sun.boot.library.path" value="/usr/lib/jvm/java-1.8-openjdk/jre/lib/amd64"/>
    <property name="sun.java.command" value="/workdir/hadoop-ozone/integration-test/target/surefire/surefirebooter3309014862783901767.jar /workdir/hadoop-ozone/integration-test/target/surefire 2019-09-19T10-34-47_637-jvmRun1 surefire3049622301554230512tmp surefire_744634500055594366567tmp"/>
    <property name="test" value="!TestMiniChaosOzoneCluster"/>
    <property name="surefire.test.class.path" value="/workdir/hadoop-ozone/integration-test/target/test-classes:/workdir/hadoop-ozone/integration-test/target/classes:/home/user/.m2/repository/org/apache/hadoop/hadoop-ozone-common/0.5.0-SNAPSHOT/hadoop-ozone-common-0.5.0-SNAPSHOT.jar:/home/user/.m2/repository/org/apache/commons/commons-compress/1.4.1/commons-compress-1.4.1.jar:/home/user/.m2/repository/org/tukaani/xz/1.0/xz-1.0.jar:/home/user/.m2/repository/org/apache/hadoop/hadoop-common/3.2.0/hadoop-common-3.2.0.jar:/home/user/.m2/repository/org/apache/hadoop/hadoop-hdfs/3.2.0/hadoop-hdfs-3.2.0.jar:/home/user/.m2/repository/org/apache/hadoop/hadoop-hdfs-client/3.2.0/hadoop-hdfs-client-3.2.0.jar:/home/user/.m2/repository/com/fasterxml/jackson/core/jackson-annotations/2.9.9/jackson-annotations-2.9.9.jar:/home/user/.m2/repository/org/apache/hadoop/hadoop-hdds-common/0.5.0-SNAPSHOT/hadoop-hdds-common-0.5.0-SNAPSHOT.jar:/home/user/.m2/repository/javax/annotation/javax.annotation-api/1.2/javax.annotation-api-1.2.jar:/home/user/.m2/repository/org/apache/ratis/ratis-server/0.4.0-78e95b9-SNAPSHOT/ratis-server-0.4.0-78e95b9-SNAPSHOT.jar:/home/user/.m2/repository/org/apache/ratis/ratis-thirdparty-misc/0.2.0/ratis-thirdparty-misc-0.2.0.jar:/home/user/.m2/repository/org/apache/ratis/ratis-proto/0.4.0-78e95b9-SNAPSHOT/ratis-proto-0.4.0-78e95b9-SNAPSHOT.jar:/home/user/.m2/repository/org/apache/ratis/ratis-common/0.4.0-78e95b9-SNAPSHOT/ratis-common-0.4.0-78e95b9-SNAPSHOT.jar:/home/user/.m2/repository/org/apache/ratis/ratis-client/0.4.0-78e95b9-SNAPSHOT/ratis-client-0.4.0-78e95b9-SNAPSHOT.jar:/home/user/.m2/repository/org/apache/ratis/ratis-metrics/0.4.0-78e95b9-SNAPSHOT/ratis-metrics-0.4.0-78e95b9-SNAPSHOT.jar:/home/user/.m2/repository/com/github/joshelser/dropwizard-metrics-hadoop-metrics2-reporter/0.1.2/dropwizard-metrics-hadoop-metrics2-reporter-0.1.2.jar:/home/user/.m2/repository/io/dropwizard/metrics/metrics-jvm/3.2.5/metrics-jvm-3.2.5.jar:/home/user/.m2/repository/io/dropwizard/metrics/metrics-ganglia/3.2.5/metrics-ganglia-3.2.5.jar:/home/user/.m2/repository/info/ganglia/gmetric4j/gmetric4j/1.0.7/gmetric4j-1.0.7.jar:/home/user/.m2/repository/org/apache/ratis/ratis-netty/0.4.0-78e95b9-SNAPSHOT/ratis-netty-0.4.0-78e95b9-SNAPSHOT.jar:/home/user/.m2/repository/org/apache/ratis/ratis-grpc/0.4.0-78e95b9-SNAPSHOT/ratis-grpc-0.4.0-78e95b9-SNAPSHOT.jar:/home/user/.m2/repository/org/rocksdb/rocksdbjni/6.0.1/rocksdbjni-6.0.1.jar:/home/user/.m2/repository/org/apache/logging/log4j/log4j-api/2.11.0/log4j-api-2.11.0.jar:/home/user/.m2/repository/org/apache/logging/log4j/log4j-core/2.11.0/log4j-core-2.11.0.jar:/home/user/.m2/repository/com/lmax/disruptor/3.4.2/disruptor-3.4.2.jar:/home/user/.m2/repository/org/apache/commons/commons-pool2/2.6.0/commons-pool2-2.6.0.jar:/home/user/.m2/repository/org/bouncycastle/bcpkix-jdk15on/1.60/bcpkix-jdk15on-1.60.jar:/home/user/.m2/repository/commons-validator/commons-validator/1.6/commons-validator-1.6.jar:/home/user/.m2/repository/commons-digester/commons-digester/1.8.1/commons-digester-1.8.1.jar:/home/user/.m2/repository/io/jaegertracing/jaeger-client/0.33.1/jaeger-client-0.33.1.jar:/home/user/.m2/repository/io/jaegertracing/jaeger-thrift/0.33.1/jaeger-thrift-0.33.1.jar:/home/user/.m2/repository/org/apache/thrift/libthrift/0.11.0/libthrift-0.11.0.jar:/home/user/.m2/repository/com/squareup/okhttp3/okhttp/3.9.0/okhttp-3.9.0.jar:/home/user/.m2/repository/com/squareup/okio/okio/1.13.0/okio-1.13.0.jar:/home/user/.m2/repository/io/jaegertracing/jaeger-core/0.33.1/jaeger-core-0.33.1.jar:/home/user/.m2/repository/io/jaegertracing/jaeger-tracerresolver/0.33.1/jaeger-tracerresolver-0.33.1.jar:/home/user/.m2/repository/io/opentracing/contrib/opentracing-tracerresolver/0.1.5/opentracing-tracerresolver-0.1.5.jar:/home/user/.m2/repository/io/opentracing/opentracing-util/0.31.0/opentracing-util-0.31.0.jar:/home/user/.m2/repository/io/opentracing/opentracing-api/0.31.0/opentracing-api-0.31.0.jar:/home/user/.m2/repository/io/opentracing/opentracing-noop/0.31.0/opentracing-noop-0.31.0.jar:/home/user/.m2/repository/org/apache/hadoop/hadoop-hdds-server-framework/0.5.0-SNAPSHOT/hadoop-hdds-server-framework-0.5.0-SNAPSHOT.jar:/home/user/.m2/repository/org/apache/hadoop/hadoop-hdds-container-service/0.5.0-SNAPSHOT/hadoop-hdds-container-service-0.5.0-SNAPSHOT.jar:/home/user/.m2/repository/org/apache/hadoop/hadoop-hdds-client/0.5.0-SNAPSHOT/hadoop-hdds-client-0.5.0-SNAPSHOT.jar:/home/user/.m2/repository/org/apache/hadoop/hadoop-hdds-tools/0.5.0-SNAPSHOT/hadoop-hdds-tools-0.5.0-SNAPSHOT.jar:/home/user/.m2/repository/org/apache/hadoop/hadoop-hdds-server-scm/0.5.0-SNAPSHOT/hadoop-hdds-server-scm-0.5.0-SNAPSHOT.jar:/home/user/.m2/repository/org/apache/hadoop/hadoop-hdds-docs/0.5.0-SNAPSHOT/hadoop-hdds-docs-0.5.0-SNAPSHOT.jar:/home/user/.m2/repository/io/dropwizard/metrics/metrics-core/3.2.4/metrics-core-3.2.4.jar:/home/user/.m2/repository/org/hamcrest/hamcrest-all/1.3/hamcrest-all-1.3.jar:/home/user/.m2/repository/org/bouncycastle/bcprov-jdk15on/1.60/bcprov-jdk15on-1.60.jar:/home/user/.m2/repository/info/picocli/picocli/3.9.6/picocli-3.9.6.jar:/home/user/.m2/repository/com/google/protobuf/protobuf-java/2.5.0/protobuf-java-2.5.0.jar:/home/user/.m2/repository/com/google/guava/guava/11.0.2/guava-11.0.2.jar:/home/user/.m2/repository/org/apache/hadoop/hadoop-ozone-ozone-manager/0.5.0-SNAPSHOT/hadoop-ozone-ozone-manager-0.5.0-SNAPSHOT.jar:/home/user/.m2/repository/org/apache/hadoop/hadoop-minikdc/3.2.0/hadoop-minikdc-3.2.0.jar:/home/user/.m2/repository/commons-io/commons-io/2.5/commons-io-2.5.jar:/home/user/.m2/repository/org/apache/kerby/kerb-simplekdc/1.0.1/kerb-simplekdc-1.0.1.jar:/home/user/.m2/repository/org/apache/kerby/kerb-client/1.0.1/kerb-client-1.0.1.jar:/home/user/.m2/repository/org/apache/kerby/kerby-config/1.0.1/kerby-config-1.0.1.jar:/home/user/.m2/repository/org/apache/kerby/kerb-core/1.0.1/kerb-core-1.0.1.jar:/home/user/.m2/repository/org/apache/kerby/kerby-pkix/1.0.1/kerby-pkix-1.0.1.jar:/home/user/.m2/repository/org/apache/kerby/kerby-asn1/1.0.1/kerby-asn1-1.0.1.jar:/home/user/.m2/repository/org/apache/kerby/kerby-util/1.0.1/kerby-util-1.0.1.jar:/home/user/.m2/repository/org/apache/kerby/kerb-common/1.0.1/kerb-common-1.0.1.jar:/home/user/.m2/repository/org/apache/kerby/kerb-crypto/1.0.1/kerb-crypto-1.0.1.jar:/home/user/.m2/repository/org/apache/kerby/kerb-util/1.0.1/kerb-util-1.0.1.jar:/home/user/.m2/repository/org/apache/kerby/token-provider/1.0.1/token-provider-1.0.1.jar:/home/user/.m2/repository/org/apache/kerby/kerb-admin/1.0.1/kerb-admin-1.0.1.jar:/home/user/.m2/repository/org/apache/kerby/kerb-server/1.0.1/kerb-server-1.0.1.jar:/home/user/.m2/repository/org/apache/kerby/kerb-identity/1.0.1/kerb-identity-1.0.1.jar:/home/user/.m2/repository/org/apache/kerby/kerby-xdr/1.0.1/kerby-xdr-1.0.1.jar:/home/user/.m2/repository/org/slf4j/slf4j-log4j12/1.7.25/slf4j-log4j12-1.7.25.jar:/home/user/.m2/repository/org/apache/hadoop/hadoop-ozone-s3gateway/0.5.0-SNAPSHOT/hadoop-ozone-s3gateway-0.5.0-SNAPSHOT.jar:/home/user/.m2/repository/org/jboss/weld/servlet/weld-servlet/2.4.7.Final/weld-servlet-2.4.7.Final.jar:/home/user/.m2/repository/org/glassfish/jersey/containers/jersey-container-servlet-core/2.27/jersey-container-servlet-core-2.27.jar:/home/user/.m2/repository/org/glassfish/hk2/external/javax.inject/2.5.0-b42/javax.inject-2.5.0-b42.jar:/home/user/.m2/repository/org/glassfish/jersey/core/jersey-common/2.27/jersey-common-2.27.jar:/home/user/.m2/repository/org/glassfish/hk2/osgi-resource-locator/1.0.1/osgi-resource-locator-1.0.1.jar:/home/user/.m2/repository/javax/ws/rs/javax.ws.rs-api/2.1/javax.ws.rs-api-2.1.jar:/home/user/.m2/repository/org/glassfish/jersey/ext/cdi/jersey-cdi1x/2.27/jersey-cdi1x-2.27.jar:/home/user/.m2/repository/org/glassfish/jersey/inject/jersey-hk2/2.27/jersey-hk2-2.27.jar:/home/user/.m2/repository/org/glassfish/hk2/hk2-locator/2.5.0-b42/hk2-locator-2.5.0-b42.jar:/home/user/.m2/repository/org/javassist/javassist/3.22.0-CR2/javassist-3.22.0-CR2.jar:/home/user/.m2/repository/org/glassfish/hk2/hk2-api/2.5.0/hk2-api-2.5.0.jar:/home/user/.m2/repository/org/glassfish/hk2/external/jakarta.inject/2.5.0/jakarta.inject-2.5.0.jar:/home/user/.m2/repository/org/glassfish/hk2/hk2-utils/2.5.0/hk2-utils-2.5.0.jar:/home/user/.m2/repository/jakarta/annotation/jakarta.annotation-api/1.3.4/jakarta.annotation-api-1.3.4.jar:/home/user/.m2/repository/org/glassfish/hk2/external/aopalliance-repackaged/2.5.0/aopalliance-repackaged-2.5.0.jar:/home/user/.m2/repository/com/fasterxml/jackson/dataformat/jackson-dataformat-xml/2.9.0/jackson-dataformat-xml-2.9.0.jar:/home/user/.m2/repository/com/fasterxml/jackson/core/jackson-core/2.9.9/jackson-core-2.9.9.jar:/home/user/.m2/repository/com/fasterxml/jackson/module/jackson-module-jaxb-annotations/2.9.9/jackson-module-jaxb-annotations-2.9.9.jar:/home/user/.m2/repository/javax/enterprise/cdi-api/1.2/cdi-api-1.2.jar:/home/user/.m2/repository/javax/el/javax.el-api/3.0.0/javax.el-api-3.0.0.jar:/home/user/.m2/repository/javax/interceptor/javax.interceptor-api/1.2/javax.interceptor-api-1.2.jar:/home/user/.m2/repository/javax/inject/javax.inject/1/javax.inject-1.jar:/home/user/.m2/repository/com/sun/xml/bind/jaxb-impl/2.3.0.1/jaxb-impl-2.3.0.1.jar:/home/user/.m2/repository/com/sun/xml/bind/jaxb-core/2.3.0.1/jaxb-core-2.3.0.1.jar:/home/user/.m2/repository/javax/xml/bind/jaxb-api/2.3.0/jaxb-api-2.3.0.jar:/home/user/.m2/repository/javax/activation/activation/1.1.1/activation-1.1.1.jar:/home/user/.m2/repository/org/apache/hadoop/hadoop-ozone-csi/0.5.0-SNAPSHOT/hadoop-ozone-csi-0.5.0-SNAPSHOT.jar:/home/user/.m2/repository/com/google/protobuf/protobuf-java-util/3.5.1/protobuf-java-util-3.5.1.jar:/home/user/.m2/repository/org/apache/hadoop/hadoop-hdds-config/0.5.0-SNAPSHOT/hadoop-hdds-config-0.5.0-SNAPSHOT.jar:/home/user/.m2/repository/io/grpc/grpc-netty/1.17.1/grpc-netty-1.17.1.jar:/home/user/.m2/repository/io/grpc/grpc-core/1.17.1/grpc-core-1.17.1.jar:/home/user/.m2/repository/io/grpc/grpc-context/1.17.1/grpc-context-1.17.1.jar:/home/user/.m2/repository/com/google/errorprone/error_prone_annotations/2.2.0/error_prone_annotations-2.2.0.jar:/home/user/.m2/repository/org/codehaus/mojo/animal-sniffer-annotations/1.17/animal-sniffer-annotations-1.17.jar:/home/user/.m2/repository/io/opencensus/opencensus-api/0.17.0/opencensus-api-0.17.0.jar:/home/user/.m2/repository/io/opencensus/opencensus-contrib-grpc-metrics/0.17.0/opencensus-contrib-grpc-metrics-0.17.0.jar:/home/user/.m2/repository/io/netty/netty-codec-http2/4.1.30.Final/netty-codec-http2-4.1.30.Final.jar:/home/user/.m2/repository/io/netty/netty-codec-http/4.1.30.Final/netty-codec-http-4.1.30.Final.jar:/home/user/.m2/repository/io/netty/netty-codec/4.1.30.Final/netty-codec-4.1.30.Final.jar:/home/user/.m2/repository/io/netty/netty-handler/4.1.30.Final/netty-handler-4.1.30.Final.jar:/home/user/.m2/repository/io/netty/netty-handler-proxy/4.1.30.Final/netty-handler-proxy-4.1.30.Final.jar:/home/user/.m2/repository/io/netty/netty-codec-socks/4.1.30.Final/netty-codec-socks-4.1.30.Final.jar:/home/user/.m2/repository/io/netty/netty-transport-native-epoll/4.1.30.Final/netty-transport-native-epoll-4.1.30.Final.jar:/home/user/.m2/repository/io/netty/netty-common/4.1.30.Final/netty-common-4.1.30.Final.jar:/home/user/.m2/repository/io/netty/netty-buffer/4.1.30.Final/netty-buffer-4.1.30.Final.jar:/home/user/.m2/repository/io/netty/netty-transport/4.1.30.Final/netty-transport-4.1.30.Final.jar:/home/user/.m2/repository/io/netty/netty-resolver/4.1.30.Final/netty-resolver-4.1.30.Final.jar:/home/user/.m2/repository/io/netty/netty-transport-native-unix-common/4.1.30.Final/netty-transport-native-unix-common-4.1.30.Final.jar:/home/user/.m2/repository/io/grpc/grpc-protobuf/1.17.1/grpc-protobuf-1.17.1.jar:/home/user/.m2/repository/com/google/api/grpc/proto-google-common-protos/1.0.0/proto-google-common-protos-1.0.0.jar:/home/user/.m2/repository/io/grpc/grpc-protobuf-lite/1.17.1/grpc-protobuf-lite-1.17.1.jar:/home/user/.m2/repository/io/grpc/grpc-stub/1.17.1/grpc-stub-1.17.1.jar:/home/user/.m2/repository/org/apache/hadoop/hadoop-ozone-recon/0.5.0-SNAPSHOT/hadoop-ozone-recon-0.5.0-SNAPSHOT.jar:/home/user/.m2/repository/org/apache/hadoop/hadoop-ozone-reconcodegen/0.5.0-SNAPSHOT/hadoop-ozone-reconcodegen-0.5.0-SNAPSHOT.jar:/home/user/.m2/repository/com/google/inject/extensions/guice-multibindings/4.0/guice-multibindings-4.0.jar:/home/user/.m2/repository/com/google/inject/guice/4.0/guice-4.0.jar:/home/user/.m2/repository/aopalliance/aopalliance/1.0/aopalliance-1.0.jar:/home/user/.m2/repository/com/google/inject/extensions/guice-servlet/4.0/guice-servlet-4.0.jar:/home/user/.m2/repository/org/glassfish/jersey/containers/jersey-container-servlet/2.27/jersey-container-servlet-2.27.jar:/home/user/.m2/repository/org/glassfish/hk2/guice-bridge/2.5.0/guice-bridge-2.5.0.jar:/home/user/.m2/repository/org/glassfish/jersey/core/jersey-server/2.27/jersey-server-2.27.jar:/home/user/.m2/repository/org/glassfish/jersey/core/jersey-client/2.27/jersey-client-2.27.jar:/home/user/.m2/repository/org/glassfish/jersey/media/jersey-media-jaxb/2.27/jersey-media-jaxb-2.27.jar:/home/user/.m2/repository/javax/validation/validation-api/1.1.0.Final/validation-api-1.1.0.Final.jar:/home/user/.m2/repository/org/glassfish/jersey/media/jersey-media-json-jackson/2.27/jersey-media-json-jackson-2.27.jar:/home/user/.m2/repository/org/glassfish/jersey/ext/jersey-entity-filtering/2.27/jersey-entity-filtering-2.27.jar:/home/user/.m2/repository/com/google/inject/extensions/guice-assistedinject/4.0/guice-assistedinject-4.0.jar:/home/user/.m2/repository/org/jooq/jooq/3.11.10/jooq-3.11.10.jar:/home/user/.m2/repository/org/jooq/jooq-meta/3.11.10/jooq-meta-3.11.10.jar:/home/user/.m2/repository/org/jooq/jooq-codegen/3.11.10/jooq-codegen-3.11.10.jar:/home/user/.m2/repository/com/jolbox/bonecp/0.8.0.RELEASE/bonecp-0.8.0.RELEASE.jar:/home/user/.m2/repository/org/xerial/sqlite-jdbc/3.25.2/sqlite-jdbc-3.25.2.jar:/home/user/.m2/repository/org/springframework/spring-jdbc/5.1.3.RELEASE/spring-jdbc-5.1.3.RELEASE.jar:/home/user/.m2/repository/org/springframework/spring-beans/5.1.3.RELEASE/spring-beans-5.1.3.RELEASE.jar:/home/user/.m2/repository/org/springframework/spring-core/5.1.3.RELEASE/spring-core-5.1.3.RELEASE.jar:/home/user/.m2/repository/org/springframework/spring-jcl/5.1.3.RELEASE/spring-jcl-5.1.3.RELEASE.jar:/home/user/.m2/repository/org/springframework/spring-tx/5.1.3.RELEASE/spring-tx-5.1.3.RELEASE.jar:/home/user/.m2/repository/org/apache/hadoop/hadoop-ozone-client/0.5.0-SNAPSHOT/hadoop-ozone-client-0.5.0-SNAPSHOT.jar:/home/user/.m2/repository/commons-lang/commons-lang/2.6/commons-lang-2.6.jar:/home/user/.m2/repository/org/apache/hadoop/hadoop-ozone-ozone-manager/0.5.0-SNAPSHOT/hadoop-ozone-ozone-manager-0.5.0-SNAPSHOT-tests.jar:/home/user/.m2/repository/junit/junit/4.11/junit-4.11.jar:/home/user/.m2/repository/org/hamcrest/hamcrest-core/1.3/hamcrest-core-1.3.jar:/home/user/.m2/repository/org/openjdk/jmh/jmh-core/1.19/jmh-core-1.19.jar:/home/user/.m2/repository/net/sf/jopt-simple/jopt-simple/4.6/jopt-simple-4.6.jar:/home/user/.m2/repository/org/apache/commons/commons-math3/3.1.1/commons-math3-3.1.1.jar:/home/user/.m2/repository/org/openjdk/jmh/jmh-generator-annprocess/1.19/jmh-generator-annprocess-1.19.jar:/home/user/.m2/repository/org/mockito/mockito-all/1.8.5/mockito-all-1.8.5.jar:/home/user/.m2/repository/org/apache/hadoop/hadoop-kms/3.2.0/hadoop-kms-3.2.0.jar:/home/user/.m2/repository/org/apache/hadoop/hadoop-auth/3.2.0/hadoop-auth-3.2.0.jar:/home/user/.m2/repository/com/nimbusds/nimbus-jose-jwt/4.41.1/nimbus-jose-jwt-4.41.1.jar:/home/user/.m2/repository/com/github/stephenc/jcip/jcip-annotations/1.0-1/jcip-annotations-1.0-1.jar:/home/user/.m2/repository/net/minidev/json-smart/2.3/json-smart-2.3.jar:/home/user/.m2/repository/net/minidev/accessors-smart/1.2/accessors-smart-1.2.jar:/home/user/.m2/repository/org/ow2/asm/asm/5.0.4/asm-5.0.4.jar:/home/user/.m2/repository/org/apache/curator/curator-framework/2.12.0/curator-framework-2.12.0.jar:/home/user/.m2/repository/com/sun/jersey/jersey-core/1.19/jersey-core-1.19.jar:/home/user/.m2/repository/javax/ws/rs/jsr311-api/1.1.1/jsr311-api-1.1.1.jar:/home/user/.m2/repository/com/sun/jersey/jersey-server/1.19/jersey-server-1.19.jar:/home/user/.m2/repository/javax/servlet/javax.servlet-api/3.1.0/javax.servlet-api-3.1.0.jar:/home/user/.m2/repository/org/eclipse/jetty/jetty-server/9.3.24.v20180605/jetty-server-9.3.24.v20180605.jar:/home/user/.m2/repository/org/eclipse/jetty/jetty-http/9.3.24.v20180605/jetty-http-9.3.24.v20180605.jar:/home/user/.m2/repository/org/eclipse/jetty/jetty-io/9.3.24.v20180605/jetty-io-9.3.24.v20180605.jar:/home/user/.m2/repository/org/eclipse/jetty/jetty-webapp/9.3.24.v20180605/jetty-webapp-9.3.24.v20180605.jar:/home/user/.m2/repository/org/eclipse/jetty/jetty-xml/9.3.24.v20180605/jetty-xml-9.3.24.v20180605.jar:/home/user/.m2/repository/log4j/log4j/1.2.17/log4j-1.2.17.jar:/home/user/.m2/repository/org/slf4j/slf4j-api/1.7.25/slf4j-api-1.7.25.jar:/home/user/.m2/repository/org/slf4j/jul-to-slf4j/1.7.25/jul-to-slf4j-1.7.25.jar:/home/user/.m2/repository/org/eclipse/jetty/jetty-util/9.3.24.v20180605/jetty-util-9.3.24.v20180605.jar:/home/user/.m2/repository/com/fasterxml/jackson/core/jackson-databind/2.9.9/jackson-databind-2.9.9.jar:/home/user/.m2/repository/org/apache/hadoop/hadoop-kms/3.2.0/hadoop-kms-3.2.0-tests.jar:/home/user/.m2/repository/org/apache/hadoop/hadoop-hdds-server-scm/0.5.0-SNAPSHOT/hadoop-hdds-server-scm-0.5.0-SNAPSHOT-tests.jar:/home/user/.m2/repository/org/apache/hadoop/hadoop-hdds-container-service/0.5.0-SNAPSHOT/hadoop-hdds-container-service-0.5.0-SNAPSHOT-tests.jar:/home/user/.m2/repository/org/yaml/snakeyaml/1.16/snakeyaml-1.16.jar:/home/user/.m2/repository/org/apache/hadoop/hadoop-common/3.2.0/hadoop-common-3.2.0-tests.jar:/home/user/.m2/repository/org/apache/hadoop/hadoop-annotations/3.2.0/hadoop-annotations-3.2.0.jar:/usr/lib/jvm/java-1.8-openjdk/jre/../lib/tools.jar:/home/user/.m2/repository/commons-cli/commons-cli/1.2/commons-cli-1.2.jar:/home/user/.m2/repository/org/apache/httpcomponents/httpclient/4.5.2/httpclient-4.5.2.jar:/home/user/.m2/repository/org/apache/httpcomponents/httpcore/4.4.4/httpcore-4.4.4.jar:/home/user/.m2/repository/commons-codec/commons-codec/1.11/commons-codec-1.11.jar:/home/user/.m2/repository/commons-net/commons-net/3.6/commons-net-3.6.jar:/home/user/.m2/repository/commons-collections/commons-collections/3.2.2/commons-collections-3.2.2.jar:/home/user/.m2/repository/org/eclipse/jetty/jetty-servlet/9.3.24.v20180605/jetty-servlet-9.3.24.v20180605.jar:/home/user/.m2/repository/org/eclipse/jetty/jetty-security/9.3.24.v20180605/jetty-security-9.3.24.v20180605.jar:/home/user/.m2/repository/javax/servlet/jsp/jsp-api/2.1/jsp-api-2.1.jar:/home/user/.m2/repository/com/sun/jersey/jersey-servlet/1.19/jersey-servlet-1.19.jar:/home/user/.m2/repository/com/sun/jersey/jersey-json/1.19/jersey-json-1.19.jar:/home/user/.m2/repository/org/codehaus/jettison/jettison/1.1/jettison-1.1.jar:/home/user/.m2/repository/org/codehaus/jackson/jackson-core-asl/1.9.13/jackson-core-asl-1.9.13.jar:/home/user/.m2/repository/org/codehaus/jackson/jackson-mapper-asl/1.9.13/jackson-mapper-asl-1.9.13.jar:/home/user/.m2/repository/org/codehaus/jackson/jackson-jaxrs/1.9.13/jackson-jaxrs-1.9.13.jar:/home/user/.m2/repository/org/codehaus/jackson/jackson-xc/1.9.13/jackson-xc-1.9.13.jar:/home/user/.m2/repository/commons-logging/commons-logging/1.1.3/commons-logging-1.1.3.jar:/home/user/.m2/repository/commons-beanutils/commons-beanutils/1.9.4/commons-beanutils-1.9.4.jar:/home/user/.m2/repository/org/apache/commons/commons-configuration2/2.1.1/commons-configuration2-2.1.1.jar:/home/user/.m2/repository/org/apache/commons/commons-lang3/3.7/commons-lang3-3.7.jar:/home/user/.m2/repository/org/apache/commons/commons-text/1.4/commons-text-1.4.jar:/home/user/.m2/repository/org/apache/avro/avro/1.7.7/avro-1.7.7.jar:/home/user/.m2/repository/com/thoughtworks/paranamer/paranamer/2.3/paranamer-2.3.jar:/home/user/.m2/repository/org/xerial/snappy/snappy-java/1.0.5/snappy-java-1.0.5.jar:/home/user/.m2/repository/com/google/re2j/re2j/1.1/re2j-1.1.jar:/home/user/.m2/repository/com/google/code/gson/gson/2.2.4/gson-2.2.4.jar:/home/user/.m2/repository/com/jcraft/jsch/0.1.54/jsch-0.1.54.jar:/home/user/.m2/repository/org/apache/curator/curator-client/2.12.0/curator-client-2.12.0.jar:/home/user/.m2/repository/org/apache/curator/curator-recipes/2.12.0/curator-recipes-2.12.0.jar:/home/user/.m2/repository/com/google/code/findbugs/jsr305/3.0.0/jsr305-3.0.0.jar:/home/user/.m2/repository/org/apache/htrace/htrace-core4/4.1.0-incubating/htrace-core4-4.1.0-incubating.jar:/home/user/.m2/repository/org/apache/zookeeper/zookeeper/3.4.13/zookeeper-3.4.13.jar:/home/user/.m2/repository/org/apache/yetus/audience-annotations/0.5.0/audience-annotations-0.5.0.jar:/home/user/.m2/repository/org/codehaus/woodstox/stax2-api/3.1.4/stax2-api-3.1.4.jar:/home/user/.m2/repository/com/fasterxml/woodstox/woodstox-core/5.0.3/woodstox-core-5.0.3.jar:/home/user/.m2/repository/dnsjava/dnsjava/2.1.7/dnsjava-2.1.7.jar:/home/user/.m2/repository/org/apache/hadoop/hadoop-hdfs/3.2.0/hadoop-hdfs-3.2.0-tests.jar:/home/user/.m2/repository/org/eclipse/jetty/jetty-util-ajax/9.3.24.v20180605/jetty-util-ajax-9.3.24.v20180605.jar:/home/user/.m2/repository/commons-daemon/commons-daemon/1.0.13/commons-daemon-1.0.13.jar:/home/user/.m2/repository/io/netty/netty/3.10.5.Final/netty-3.10.5.Final.jar:/home/user/.m2/repository/io/netty/netty-all/4.0.52.Final/netty-all-4.0.52.Final.jar:/home/user/.m2/repository/org/fusesource/leveldbjni/leveldbjni-all/1.8/leveldbjni-all-1.8.jar:"/>
    <property name="sun.cpu.endian" value="little"/>
    <property name="user.home" value="/home/user"/>
    <property name="user.language" value="en"/>
    <property name="java.specification.vendor" value="Oracle Corporation"/>
    <property name="java.home" value="/usr/lib/jvm/java-1.8-openjdk/jre"/>
    <property name="java.security.krb5.conf" value="/workdir/hadoop-ozone/integration-test/target/test-classes/krb5.conf"/>
    <property name="basedir" value="/workdir/hadoop-ozone/integration-test"/>
    <property name="file.separator" value="/"/>
    <property name="line.separator" value="&#10;"/>
    <property name="java.vm.specification.vendor" value="Oracle Corporation"/>
    <property name="java.specification.name" value="Java Platform API Specification"/>
    <property name="java.awt.graphicsenv" value="sun.awt.X11GraphicsEnvironment"/>
    <property name="surefire.real.class.path" value="/workdir/hadoop-ozone/integration-test/target/surefire/surefirebooter3309014862783901767.jar"/>
    <property name="hadoop.log.dir" value="/workdir/hadoop-ozone/integration-test/target/log"/>
    <property name="sun.boot.class.path" value="/usr/lib/jvm/java-1.8-openjdk/jre/lib/resources.jar:/usr/lib/jvm/java-1.8-openjdk/jre/lib/rt.jar:/usr/lib/jvm/java-1.8-openjdk/jre/lib/sunrsasign.jar:/usr/lib/jvm/java-1.8-openjdk/jre/lib/jsse.jar:/usr/lib/jvm/java-1.8-openjdk/jre/lib/jce.jar:/usr/lib/jvm/java-1.8-openjdk/jre/lib/charsets.jar:/usr/lib/jvm/java-1.8-openjdk/jre/lib/jfr.jar:/usr/lib/jvm/java-1.8-openjdk/jre/classes"/>
    <property name="sun.management.compiler" value="HotSpot 64-Bit Tiered Compilers"/>
    <property name="java.runtime.version" value="1.8.0_212-b04"/>
    <property name="java.net.preferIPv4Stack" value="true"/>
    <property name="user.name" value="jenkins1000"/>
    <property name="path.separator" value=":"/>
    <property name="java.security.egd" value="file:///dev/urandom"/>
    <property name="os.version" value="3.10.0-957.12.2.el7.x86_64"/>
    <property name="java.endorsed.dirs" value="/usr/lib/jvm/java-1.8-openjdk/jre/lib/endorsed"/>
    <property name="java.runtime.name" value="OpenJDK Runtime Environment"/>
    <property name="file.encoding" value="UTF-8"/>
    <property name="java.vm.name" value="OpenJDK 64-Bit Server VM"/>
    <property name="test.build.webapps" value=""/>
    <property name="localRepository" value="/home/user/.m2/repository"/>
    <property name="java.vendor.url.bug" value="https://icedtea.classpath.org/bugzilla"/>
    <property name="java.io.tmpdir" value="/tmp"/>
    <property name="require.test.libhadoop" value=""/>
    <property name="java.version" value="1.8.0_212"/>
    <property name="user.dir" value="/workdir/hadoop-ozone/integration-test"/>
    <property name="os.arch" value="amd64"/>
    <property name="java.vm.specification.name" value="Java Virtual Machine Specification"/>
    <property name="test.build.classes" value="/workdir/hadoop-ozone/integration-test/target/test-classes"/>
    <property name="java.awt.printerjob" value="sun.print.PSPrinterJob"/>
    <property name="sun.os.patch.level" value="unknown"/>
    <property name="hadoop.tmp.dir" value="/workdir/hadoop-ozone/integration-test/target/tmp"/>
    <property name="java.library.path" value="/usr/lib/jvm/java-1.8-openjdk/jre/lib/amd64/server:/usr/lib/jvm/java-1.8-openjdk/jre/lib/amd64:/usr/lib/jvm/java-1.8-openjdk/jre/../lib/amd64:/workdir/hadoop-ozone/integration-test/target/native/target/usr/local/lib:/workdir/hadoop-ozone/integration-test/../../hadoop-common-project/hadoop-common/target/native/target/usr/local/lib:/usr/java/packages/lib/amd64:/usr/lib64:/lib64:/lib:/usr/lib"/>
    <property name="java.vm.info" value="mixed mode"/>
    <property name="java.vendor" value="IcedTea"/>
    <property name="java.vm.version" value="25.212-b04"/>
    <property name="java.ext.dirs" value="/usr/lib/jvm/java-1.8-openjdk/jre/lib/ext:/usr/java/packages/lib/ext"/>
    <property name="sun.io.unicode.encoding" value="UnicodeLittle"/>
    <property name="java.class.version" value="52.0"/>
  </properties>
  <testcase name="testWatchForCommitWithKeyWrite" classname="org.apache.hadoop.ozone.client.rpc.TestWatchForCommit" time="66.712"/>
  <testcase name="testWatchForCommitWithSmallerTimeoutValue" classname="org.apache.hadoop.ozone.client.rpc.TestWatchForCommit" time="52.517"/>
  <testcase name="testWatchForCommitForRetryfailure" classname="org.apache.hadoop.ozone.client.rpc.TestWatchForCommit" time="77.589"/>
  <testcase name="testWatchForCommitForGroupMismatchException" classname="org.apache.hadoop.ozone.client.rpc.TestWatchForCommit" time="31.856"/>
  <testcase name="test2WayCommitForTimeoutException" classname="org.apache.hadoop.ozone.client.rpc.TestWatchForCommit" time="26.274">
    <error message="org.apache.ratis.protocol.RaftRetryFailureException: Failed RaftClientRequest:client-3B0D3847D49E-&gt;1643b03f-9d01-4fe3-9afd-4f864af59477@group-EEC4484BB289, cid=103, seq=1*, RW, org.apache.hadoop.hdds.scm.XceiverClientRatis$$Lambda$588/875768717@2f9cb574 for 20 attempts with RetryLimited(maxAttempts=20, sleepTime=1000ms)" type="java.util.concurrent.ExecutionException">java.util.concurrent.ExecutionException: org.apache.ratis.protocol.RaftRetryFailureException: Failed RaftClientRequest:client-3B0D3847D49E->1643b03f-9d01-4fe3-9afd-4f864af59477@group-EEC4484BB289, cid=103, seq=1*, RW, org.apache.hadoop.hdds.scm.XceiverClientRatis$$Lambda$588/875768717@2f9cb574 for 20 attempts with RetryLimited(maxAttempts=20, sleepTime=1000ms)
	at java.util.concurrent.CompletableFuture.reportGet(CompletableFuture.java:357)
	at java.util.concurrent.CompletableFuture.get(CompletableFuture.java:1895)
	at org.apache.hadoop.ozone.client.rpc.TestWatchForCommit.test2WayCommitForTimeoutException(TestWatchForCommit.java:384)
	at sun.reflect.NativeMethodAccessorImpl.invoke0(Native Method)
	at sun.reflect.NativeMethodAccessorImpl.invoke(NativeMethodAccessorImpl.java:62)
	at sun.reflect.DelegatingMethodAccessorImpl.invoke(DelegatingMethodAccessorImpl.java:43)
	at java.lang.reflect.Method.invoke(Method.java:498)
	at org.junit.runners.model.FrameworkMethod$1.runReflectiveCall(FrameworkMethod.java:47)
	at org.junit.internal.runners.model.ReflectiveCallable.run(ReflectiveCallable.java:12)
	at org.junit.runners.model.FrameworkMethod.invokeExplosively(FrameworkMethod.java:44)
	at org.junit.internal.runners.statements.InvokeMethod.evaluate(InvokeMethod.java:17)
	at org.junit.runners.ParentRunner.runLeaf(ParentRunner.java:271)
	at org.junit.runners.BlockJUnit4ClassRunner.runChild(BlockJUnit4ClassRunner.java:70)
	at org.junit.runners.BlockJUnit4ClassRunner.runChild(BlockJUnit4ClassRunner.java:50)
	at org.junit.runners.ParentRunner$3.run(ParentRunner.java:238)
	at org.junit.runners.ParentRunner$1.schedule(ParentRunner.java:63)
	at org.junit.runners.ParentRunner.runChildren(ParentRunner.java:236)
	at org.junit.runners.ParentRunner.access$000(ParentRunner.java:53)
	at org.junit.runners.ParentRunner$2.evaluate(ParentRunner.java:229)
	at org.junit.runners.ParentRunner.run(ParentRunner.java:309)
	at org.apache.maven.surefire.junit4.JUnit4Provider.execute(JUnit4Provider.java:365)
	at org.apache.maven.surefire.junit4.JUnit4Provider.executeWithRerun(JUnit4Provider.java:273)
	at org.apache.maven.surefire.junit4.JUnit4Provider.executeTestSet(JUnit4Provider.java:238)
	at org.apache.maven.surefire.junit4.JUnit4Provider.invoke(JUnit4Provider.java:159)
	at org.apache.maven.surefire.booter.ForkedBooter.invokeProviderInSameClassLoader(ForkedBooter.java:384)
	at org.apache.maven.surefire.booter.ForkedBooter.runSuitesInProcess(ForkedBooter.java:345)
	at org.apache.maven.surefire.booter.ForkedBooter.execute(ForkedBooter.java:126)
	at org.apache.maven.surefire.booter.ForkedBooter.main(ForkedBooter.java:418)
Caused by: org.apache.ratis.protocol.RaftRetryFailureException: Failed RaftClientRequest:client-3B0D3847D49E->1643b03f-9d01-4fe3-9afd-4f864af59477@group-EEC4484BB289, cid=103, seq=1*, RW, org.apache.hadoop.hdds.scm.XceiverClientRatis$$Lambda$588/875768717@2f9cb574 for 20 attempts with RetryLimited(maxAttempts=20, sleepTime=1000ms)
	at org.apache.ratis.client.impl.RaftClientImpl.noMoreRetries(RaftClientImpl.java:271)
	at org.apache.ratis.client.impl.OrderedAsync.handleAsyncRetryFailure(OrderedAsync.java:138)
	at org.apache.ratis.client.impl.OrderedAsync.lambda$sendRequest$10(OrderedAsync.java:230)
	at java.util.concurrent.CompletableFuture.uniExceptionally(CompletableFuture.java:870)
	at java.util.concurrent.CompletableFuture$UniExceptionally.tryFire(CompletableFuture.java:852)
	at java.util.concurrent.CompletableFuture.postComplete(CompletableFuture.java:474)
	at java.util.concurrent.CompletableFuture.completeExceptionally(CompletableFuture.java:1977)
	at org.apache.ratis.grpc.client.GrpcClientProtocolClient$AsyncStreamObservers.completeReplyExceptionally(GrpcClientProtocolClient.java:339)
	at org.apache.ratis.grpc.client.GrpcClientProtocolClient$AsyncStreamObservers.access$000(GrpcClientProtocolClient.java:255)
	at org.apache.ratis.grpc.client.GrpcClientProtocolClient$AsyncStreamObservers$1.onNext(GrpcClientProtocolClient.java:267)
	at org.apache.ratis.grpc.client.GrpcClientProtocolClient$AsyncStreamObservers$1.onNext(GrpcClientProtocolClient.java:258)
	at org.apache.ratis.thirdparty.io.grpc.stub.ClientCalls$StreamObserverToCallListenerAdapter.onMessage(ClientCalls.java:421)
	at org.apache.ratis.thirdparty.io.grpc.ForwardingClientCallListener.onMessage(ForwardingClientCallListener.java:33)
	at org.apache.ratis.thirdparty.io.grpc.ForwardingClientCallListener.onMessage(ForwardingClientCallListener.java:33)
	at org.apache.ratis.thirdparty.io.grpc.internal.ClientCallImpl$ClientStreamListenerImpl$1MessagesAvailable.runInContext(ClientCallImpl.java:519)
	at org.apache.ratis.thirdparty.io.grpc.internal.ContextRunnable.run(ContextRunnable.java:37)
	at org.apache.ratis.thirdparty.io.grpc.internal.SerializingExecutor.run(SerializingExecutor.java:123)
	at java.util.concurrent.ThreadPoolExecutor.runWorker(ThreadPoolExecutor.java:1149)
	at java.util.concurrent.ThreadPoolExecutor$Worker.run(ThreadPoolExecutor.java:624)
	at java.lang.Thread.run(Thread.java:748)
Caused by: org.apache.ratis.protocol.NotLeaderException: Server 1643b03f-9d01-4fe3-9afd-4f864af59477@group-EEC4484BB289 is not the leader
	at org.apache.ratis.client.impl.ClientProtoUtils.toRaftClientReply(ClientProtoUtils.java:243)
	at org.apache.ratis.grpc.client.GrpcClientProtocolClient$AsyncStreamObservers$1.onNext(GrpcClientProtocolClient.java:263)
	... 10 more
</error>
    <system-out><![CDATA[2019-09-19 11:51:35,881 [main] WARN  server.ServerUtils (ServerUtils.java:getScmDbDir(145)) - ozone.scm.db.dirs is not configured. We recommend adding this setting. Falling back to ozone.metadata.dirs instead.
2019-09-19 11:51:35,907 [main] WARN  server.ServerUtils (ServerUtils.java:getScmDbDir(145)) - ozone.scm.db.dirs is not configured. We recommend adding this setting. Falling back to ozone.metadata.dirs instead.
2019-09-19 11:51:35,907 [main] WARN  server.ServerUtils (ServerUtils.java:getScmDbDir(145)) - ozone.scm.db.dirs is not configured. We recommend adding this setting. Falling back to ozone.metadata.dirs instead.
2019-09-19 11:51:35,908 [main] INFO  db.DBStoreBuilder (DBStoreBuilder.java:addTable(110)) - using custom profile for table: deletedBlocks
2019-09-19 11:51:35,909 [main] INFO  db.DBStoreBuilder (DBStoreBuilder.java:processTables(161)) - Using default column profile:DBProfile.DISK for Table:deletedBlocks
2019-09-19 11:51:35,909 [main] INFO  db.DBStoreBuilder (DBStoreBuilder.java:addTable(110)) - using custom profile for table: validCerts
2019-09-19 11:51:35,909 [main] INFO  db.DBStoreBuilder (DBStoreBuilder.java:processTables(161)) - Using default column profile:DBProfile.DISK for Table:validCerts
2019-09-19 11:51:35,910 [main] INFO  db.DBStoreBuilder (DBStoreBuilder.java:addTable(110)) - using custom profile for table: revokedCerts
2019-09-19 11:51:35,910 [main] INFO  db.DBStoreBuilder (DBStoreBuilder.java:processTables(161)) - Using default column profile:DBProfile.DISK for Table:revokedCerts
2019-09-19 11:51:35,910 [main] INFO  db.DBStoreBuilder (DBStoreBuilder.java:addTable(110)) - using custom profile for table: default
2019-09-19 11:51:35,910 [main] INFO  db.DBStoreBuilder (DBStoreBuilder.java:processTables(167)) - Using default column profile:DBProfile.DISK for Table:default
2019-09-19 11:51:35,911 [main] INFO  db.DBStoreBuilder (DBStoreBuilder.java:getDbProfile(198)) - Using default options. DBProfile.DISK
2019-09-19 11:51:36,049 [main] INFO  net.NodeSchemaLoader (NodeSchemaLoader.java:loadSchemaFromFile(125)) - Loading file from sun.misc.CompoundEnumeration@5b733ef7
2019-09-19 11:51:36,050 [main] INFO  net.NodeSchemaLoader (NodeSchemaLoader.java:loadSchema(171)) - Loading network topology layer schema file
2019-09-19 11:51:36,055 [main] WARN  server.ServerUtils (ServerUtils.java:sanitizeUserArgs(70)) - ozone.scm.stale.node.interval value = 300000 is larger than max = 100000 based on the key value of ozone.scm.heartbeat.thread.interval, reset to the max value 100000.
2019-09-19 11:51:36,055 [main] WARN  server.ServerUtils (ServerUtils.java:sanitizeUserArgs(70)) - ozone.scm.stale.node.interval value = 300000 is larger than max = 100000 based on the key value of ozone.scm.heartbeat.thread.interval, reset to the max value 100000.
2019-09-19 11:51:36,056 [main] INFO  node.SCMNodeManager (SCMNodeManager.java:<init>(114)) - Entering startup safe mode.
2019-09-19 11:51:36,056 [main] INFO  algorithms.ContainerPlacementPolicyFactory (ContainerPlacementPolicyFactory.java:getPolicy(57)) - Create container placement policy of type org.apache.hadoop.hdds.scm.container.placement.algorithms.SCMContainerPlacementRandom
2019-09-19 11:51:36,057 [main] WARN  server.ServerUtils (ServerUtils.java:getScmDbDir(145)) - ozone.scm.db.dirs is not configured. We recommend adding this setting. Falling back to ozone.metadata.dirs instead.
2019-09-19 11:51:36,080 [main] INFO  pipeline.SCMPipelineManager (SCMPipelineManager.java:initializePipelineState(128)) - No pipeline exists in current db
2019-09-19 11:51:36,081 [main] WARN  server.ServerUtils (ServerUtils.java:getScmDbDir(145)) - ozone.scm.db.dirs is not configured. We recommend adding this setting. Falling back to ozone.metadata.dirs instead.
2019-09-19 11:51:36,148 [main] WARN  events.EventQueue (EventQueue.java:fireEvent(183)) - No event handler registered for event TypedEvent{payloadType=SafeModeStatus, name='SafeModeStatus'}
2019-09-19 11:51:36,150 [main] INFO  ipc.CallQueueManager (CallQueueManager.java:<init>(84)) - Using callQueue: class java.util.concurrent.LinkedBlockingQueue, queueCapacity: 2000, scheduler: class org.apache.hadoop.ipc.DefaultRpcScheduler, ipcBackoff: false.
2019-09-19 11:51:36,151 [Socket Reader #1 for port 37097] INFO  ipc.Server (Server.java:run(1074)) - Starting Socket Reader #1 for port 37097
2019-09-19 11:51:36,153 [main] INFO  ipc.CallQueueManager (CallQueueManager.java:<init>(84)) - Using callQueue: class java.util.concurrent.LinkedBlockingQueue, queueCapacity: 2000, scheduler: class org.apache.hadoop.ipc.DefaultRpcScheduler, ipcBackoff: false.
2019-09-19 11:51:36,153 [Socket Reader #1 for port 42963] INFO  ipc.Server (Server.java:run(1074)) - Starting Socket Reader #1 for port 42963
2019-09-19 11:51:36,155 [main] INFO  ipc.CallQueueManager (CallQueueManager.java:<init>(84)) - Using callQueue: class java.util.concurrent.LinkedBlockingQueue, queueCapacity: 2000, scheduler: class org.apache.hadoop.ipc.DefaultRpcScheduler, ipcBackoff: false.
2019-09-19 11:51:36,156 [Socket Reader #1 for port 39591] INFO  ipc.Server (Server.java:run(1074)) - Starting Socket Reader #1 for port 39591
2019-09-19 11:51:36,158 [main] INFO  hdfs.DFSUtil (DFSUtil.java:httpServerTemplateForNNAndJN(1641)) - Starting Web-server for scm at: http://0.0.0.0:0
2019-09-19 11:51:36,160 [main] INFO  server.AuthenticationFilter (AuthenticationFilter.java:constructSecretProvider(240)) - Unable to initialize FileSignerSecretProvider, falling back to use random secrets.
2019-09-19 11:51:36,161 [main] WARN  http.HttpRequestLog (HttpRequestLog.java:getRequestLog(97)) - Jetty request log can only be enabled using Log4j
2019-09-19 11:51:36,163 [main] INFO  http.HttpServer2 (HttpServer2.java:addGlobalFilter(975)) - Added global filter 'safety' (class=org.apache.hadoop.http.HttpServer2$QuotingInputFilter)
2019-09-19 11:51:36,164 [main] INFO  http.HttpServer2 (HttpServer2.java:addFilter(948)) - Added filter static_user_filter (class=org.apache.hadoop.http.lib.StaticUserWebFilter$StaticUserFilter) to context scm
2019-09-19 11:51:36,164 [main] INFO  http.HttpServer2 (HttpServer2.java:addFilter(958)) - Added filter static_user_filter (class=org.apache.hadoop.http.lib.StaticUserWebFilter$StaticUserFilter) to context logs
2019-09-19 11:51:36,164 [main] INFO  http.HttpServer2 (HttpServer2.java:addFilter(958)) - Added filter static_user_filter (class=org.apache.hadoop.http.lib.StaticUserWebFilter$StaticUserFilter) to context static
2019-09-19 11:51:36,166 [main] INFO  server.StorageContainerManager (StorageContainerManager.java:start(763)) - StorageContainerLocationProtocol RPC server is listening at /0.0.0.0:39591
2019-09-19 11:51:36,169 [main] WARN  impl.MetricsConfig (MetricsConfig.java:loadFirst(134)) - Cannot locate configuration: tried hadoop-metrics2-storagecontainermanager.properties,hadoop-metrics2.properties
2019-09-19 11:51:36,170 [main] INFO  impl.MetricsSystemImpl (MetricsSystemImpl.java:startTimer(374)) - Scheduled Metric snapshot period at 10 second(s).
2019-09-19 11:51:36,170 [main] INFO  impl.MetricsSystemImpl (MetricsSystemImpl.java:start(191)) - StorageContainerManager metrics system started
2019-09-19 11:51:36,229 [main] WARN  impl.MetricsSystemImpl (MetricsSystemImpl.java:register(276)) - Sink prometheus already exists!
2019-09-19 11:51:36,652 [main] INFO  server.SCMClientProtocolServer (SCMClientProtocolServer.java:start(151)) - RPC server for Client  is listening at /0.0.0.0:39591
2019-09-19 11:51:36,652 [IPC Server Responder] INFO  ipc.Server (Server.java:run(1314)) - IPC Server Responder: starting
2019-09-19 11:51:36,652 [IPC Server listener on 39591] INFO  ipc.Server (Server.java:run(1153)) - IPC Server listener on 39591: starting
2019-09-19 11:51:36,658 [main] INFO  server.StorageContainerManager (StorageContainerManager.java:start(773)) - ScmBlockLocationProtocol RPC server is listening at /0.0.0.0:42963
2019-09-19 11:51:36,658 [main] INFO  server.SCMBlockProtocolServer (SCMBlockProtocolServer.java:start(146)) - RPC server for Block Protocol is listening at /0.0.0.0:42963
2019-09-19 11:51:36,658 [IPC Server Responder] INFO  ipc.Server (Server.java:run(1314)) - IPC Server Responder: starting
2019-09-19 11:51:36,658 [IPC Server listener on 42963] INFO  ipc.Server (Server.java:run(1153)) - IPC Server listener on 42963: starting
2019-09-19 11:51:36,667 [main] INFO  server.StorageContainerManager (StorageContainerManager.java:start(777)) - ScmDatanodeProtocl RPC server is listening at /0.0.0.0:37097
2019-09-19 11:51:36,668 [main] INFO  server.SCMDatanodeProtocolServer (SCMDatanodeProtocolServer.java:start(191)) - RPC server for DataNodes is listening at /0.0.0.0:37097
2019-09-19 11:51:36,668 [IPC Server Responder] INFO  ipc.Server (Server.java:run(1314)) - IPC Server Responder: starting
2019-09-19 11:51:36,668 [IPC Server listener on 37097] INFO  ipc.Server (Server.java:run(1153)) - IPC Server listener on 37097: starting
2019-09-19 11:51:36,674 [main] INFO  http.HttpServer2 (HttpServer2.java:bindListener(1191)) - Jetty bound to port 35854
2019-09-19 11:51:36,674 [main] INFO  server.Server (Server.java:doStart(351)) - jetty-9.3.24.v20180605, build timestamp: 2018-06-05T17:11:56Z, git hash: 84205aa28f11a4f31f2a3b86d1bba2cc8ab69827
2019-09-19 11:51:36,676 [main] INFO  handler.ContextHandler (ContextHandler.java:doStart(781)) - Started o.e.j.s.ServletContextHandler@626b639e{/logs,file:///workdir/hadoop-ozone/integration-test/target/log,AVAILABLE}
2019-09-19 11:51:36,677 [main] INFO  handler.ContextHandler (ContextHandler.java:doStart(781)) - Started o.e.j.s.ServletContextHandler@527a8665{/static,file:///workdir/hadoop-ozone/integration-test/target/test-classes/webapps/static,AVAILABLE}
2019-09-19 11:51:36,683 [main] INFO  handler.ContextHandler (ContextHandler.java:doStart(781)) - Started o.e.j.w.WebAppContext@8c0a23f{/,file:///workdir/hadoop-ozone/integration-test/target/test-classes/webapps/scm/,AVAILABLE}{/scm}
2019-09-19 11:51:36,683 [main] INFO  server.AbstractConnector (AbstractConnector.java:doStart(278)) - Started ServerConnector@44d7e24{HTTP/1.1,[http/1.1]}{0.0.0.0:35854}
2019-09-19 11:51:36,684 [main] INFO  server.Server (Server.java:doStart(419)) - Started @229911ms
2019-09-19 11:51:36,684 [main] WARN  impl.MetricsSystemImpl (MetricsSystemImpl.java:register(276)) - Sink prometheus already exists!
2019-09-19 11:51:36,685 [main] INFO  server.BaseHttpServer (BaseHttpServer.java:updateConnectorAddress(215)) - HTTP server of SCM is listening at http://0.0.0.0:35854
2019-09-19 11:51:36,686 [main] WARN  server.ServerUtils (ServerUtils.java:getDBPath(222)) - ozone.om.db.dirs is not configured. We recommend adding this setting. Falling back to ozone.metadata.dirs instead.
2019-09-19 11:51:36,686 [org.apache.hadoop.util.JvmPauseMonitor$Monitor@1d289d3f] INFO  util.JvmPauseMonitor (JvmPauseMonitor.java:run(188)) - Starting JVM pause monitor
2019-09-19 11:51:36,700 [main] WARN  server.ServerUtils (ServerUtils.java:getDBPath(222)) - ozone.om.db.dirs is not configured. We recommend adding this setting. Falling back to ozone.metadata.dirs instead.
2019-09-19 11:51:36,700 [main] WARN  server.ServerUtils (ServerUtils.java:getDBPath(222)) - ozone.om.db.dirs is not configured. We recommend adding this setting. Falling back to ozone.metadata.dirs instead.
2019-09-19 11:51:36,701 [main] INFO  om.OzoneManager (OzoneManager.java:setOMNodeDetails(649)) - OM Service ID is not set. Setting it to the default ID: omServiceIdDefault
2019-09-19 11:51:36,701 [main] INFO  om.OzoneManager (OzoneManager.java:setOMNodeDetails(655)) - OM Node ID is not set. Setting it to the OmStorage's OmID: ad493b7b-17d3-4cf0-8398-e2a9e031f8ba
2019-09-19 11:51:36,701 [main] INFO  om.OzoneManager (OzoneManager.java:loadOMHAConfigs(606)) - Found matching OM address with OMServiceId: null, OMNodeId: null, RPC Address: localhost:0 and Ratis port: 9872
2019-09-19 11:51:36,709 [main] WARN  server.ServerUtils (ServerUtils.java:getDBPath(222)) - ozone.om.db.dirs is not configured. We recommend adding this setting. Falling back to ozone.metadata.dirs instead.
2019-09-19 11:51:36,710 [main] INFO  db.DBStoreBuilder (DBStoreBuilder.java:addTable(110)) - using custom profile for table: userTable
2019-09-19 11:51:36,710 [main] INFO  db.DBStoreBuilder (DBStoreBuilder.java:processTables(161)) - Using default column profile:DBProfile.DISK for Table:userTable
2019-09-19 11:51:36,710 [main] INFO  db.DBStoreBuilder (DBStoreBuilder.java:addTable(110)) - using custom profile for table: volumeTable
2019-09-19 11:51:36,710 [main] INFO  db.DBStoreBuilder (DBStoreBuilder.java:processTables(161)) - Using default column profile:DBProfile.DISK for Table:volumeTable
2019-09-19 11:51:36,710 [main] INFO  db.DBStoreBuilder (DBStoreBuilder.java:addTable(110)) - using custom profile for table: bucketTable
2019-09-19 11:51:36,711 [main] INFO  db.DBStoreBuilder (DBStoreBuilder.java:processTables(161)) - Using default column profile:DBProfile.DISK for Table:bucketTable
2019-09-19 11:51:36,711 [main] INFO  db.DBStoreBuilder (DBStoreBuilder.java:addTable(110)) - using custom profile for table: keyTable
2019-09-19 11:51:36,711 [main] INFO  db.DBStoreBuilder (DBStoreBuilder.java:processTables(161)) - Using default column profile:DBProfile.DISK for Table:keyTable
2019-09-19 11:51:36,711 [main] INFO  db.DBStoreBuilder (DBStoreBuilder.java:addTable(110)) - using custom profile for table: deletedTable
2019-09-19 11:51:36,711 [main] INFO  db.DBStoreBuilder (DBStoreBuilder.java:processTables(161)) - Using default column profile:DBProfile.DISK for Table:deletedTable
2019-09-19 11:51:36,711 [main] INFO  db.DBStoreBuilder (DBStoreBuilder.java:addTable(110)) - using custom profile for table: openKeyTable
2019-09-19 11:51:36,711 [main] INFO  db.DBStoreBuilder (DBStoreBuilder.java:processTables(161)) - Using default column profile:DBProfile.DISK for Table:openKeyTable
2019-09-19 11:51:36,712 [main] INFO  db.DBStoreBuilder (DBStoreBuilder.java:addTable(110)) - using custom profile for table: s3Table
2019-09-19 11:51:36,712 [main] INFO  db.DBStoreBuilder (DBStoreBuilder.java:processTables(161)) - Using default column profile:DBProfile.DISK for Table:s3Table
2019-09-19 11:51:36,712 [main] INFO  db.DBStoreBuilder (DBStoreBuilder.java:addTable(110)) - using custom profile for table: multipartInfoTable
2019-09-19 11:51:36,712 [main] INFO  db.DBStoreBuilder (DBStoreBuilder.java:processTables(161)) - Using default column profile:DBProfile.DISK for Table:multipartInfoTable
2019-09-19 11:51:36,712 [main] INFO  db.DBStoreBuilder (DBStoreBuilder.java:addTable(110)) - using custom profile for table: dTokenTable
2019-09-19 11:51:36,712 [main] INFO  db.DBStoreBuilder (DBStoreBuilder.java:processTables(161)) - Using default column profile:DBProfile.DISK for Table:dTokenTable
2019-09-19 11:51:36,713 [main] INFO  db.DBStoreBuilder (DBStoreBuilder.java:addTable(110)) - using custom profile for table: s3SecretTable
2019-09-19 11:51:36,713 [main] INFO  db.DBStoreBuilder (DBStoreBuilder.java:processTables(161)) - Using default column profile:DBProfile.DISK for Table:s3SecretTable
2019-09-19 11:51:36,713 [main] INFO  db.DBStoreBuilder (DBStoreBuilder.java:addTable(110)) - using custom profile for table: prefixTable
2019-09-19 11:51:36,713 [main] INFO  db.DBStoreBuilder (DBStoreBuilder.java:processTables(161)) - Using default column profile:DBProfile.DISK for Table:prefixTable
2019-09-19 11:51:36,713 [main] INFO  db.DBStoreBuilder (DBStoreBuilder.java:addTable(110)) - using custom profile for table: default
2019-09-19 11:51:36,713 [main] INFO  db.DBStoreBuilder (DBStoreBuilder.java:processTables(167)) - Using default column profile:DBProfile.DISK for Table:default
2019-09-19 11:51:36,713 [main] INFO  db.DBStoreBuilder (DBStoreBuilder.java:getDbProfile(198)) - Using default options. DBProfile.DISK
2019-09-19 11:51:37,126 [main] INFO  ipc.CallQueueManager (CallQueueManager.java:<init>(84)) - Using callQueue: class java.util.concurrent.LinkedBlockingQueue, queueCapacity: 2000, scheduler: class org.apache.hadoop.ipc.DefaultRpcScheduler, ipcBackoff: false.
2019-09-19 11:51:37,128 [Socket Reader #1 for port 46071] INFO  ipc.Server (Server.java:run(1074)) - Starting Socket Reader #1 for port 46071
2019-09-19 11:51:37,143 [main] INFO  om.OzoneManager (OzoneManager.java:start(1240)) - OzoneManager RPC server is listening at localhost/127.0.0.1:46071
2019-09-19 11:51:37,144 [main] INFO  impl.MetricsSystemImpl (MetricsSystemImpl.java:init(158)) - OzoneManager metrics system started (again)
2019-09-19 11:51:37,144 [IPC Server Responder] INFO  ipc.Server (Server.java:run(1314)) - IPC Server Responder: starting
2019-09-19 11:51:37,144 [IPC Server listener on 46071] INFO  ipc.Server (Server.java:run(1153)) - IPC Server listener on 46071: starting
2019-09-19 11:51:37,150 [main] INFO  hdfs.DFSUtil (DFSUtil.java:httpServerTemplateForNNAndJN(1641)) - Starting Web-server for ozoneManager at: http://0.0.0.0:0
2019-09-19 11:51:37,152 [main] INFO  server.AuthenticationFilter (AuthenticationFilter.java:constructSecretProvider(240)) - Unable to initialize FileSignerSecretProvider, falling back to use random secrets.
2019-09-19 11:51:37,152 [main] WARN  http.HttpRequestLog (HttpRequestLog.java:getRequestLog(97)) - Jetty request log can only be enabled using Log4j
2019-09-19 11:51:37,154 [main] INFO  http.HttpServer2 (HttpServer2.java:addGlobalFilter(975)) - Added global filter 'safety' (class=org.apache.hadoop.http.HttpServer2$QuotingInputFilter)
2019-09-19 11:51:37,155 [main] INFO  http.HttpServer2 (HttpServer2.java:addFilter(948)) - Added filter static_user_filter (class=org.apache.hadoop.http.lib.StaticUserWebFilter$StaticUserFilter) to context ozoneManager
2019-09-19 11:51:37,155 [main] INFO  http.HttpServer2 (HttpServer2.java:addFilter(958)) - Added filter static_user_filter (class=org.apache.hadoop.http.lib.StaticUserWebFilter$StaticUserFilter) to context static
2019-09-19 11:51:37,155 [main] INFO  http.HttpServer2 (HttpServer2.java:addFilter(958)) - Added filter static_user_filter (class=org.apache.hadoop.http.lib.StaticUserWebFilter$StaticUserFilter) to context logs
2019-09-19 11:51:37,156 [main] INFO  http.HttpServer2 (HttpServer2.java:bindListener(1191)) - Jetty bound to port 38540
2019-09-19 11:51:37,156 [main] INFO  server.Server (Server.java:doStart(351)) - jetty-9.3.24.v20180605, build timestamp: 2018-06-05T17:11:56Z, git hash: 84205aa28f11a4f31f2a3b86d1bba2cc8ab69827
2019-09-19 11:51:37,158 [main] INFO  handler.ContextHandler (ContextHandler.java:doStart(781)) - Started o.e.j.s.ServletContextHandler@284bdeed{/logs,file:///workdir/hadoop-ozone/integration-test/target/log,AVAILABLE}
2019-09-19 11:51:37,159 [main] INFO  handler.ContextHandler (ContextHandler.java:doStart(781)) - Started o.e.j.s.ServletContextHandler@482c351d{/static,file:///workdir/hadoop-ozone/integration-test/target/test-classes/webapps/static,AVAILABLE}
2019-09-19 11:51:37,163 [main] INFO  handler.ContextHandler (ContextHandler.java:doStart(781)) - Started o.e.j.w.WebAppContext@4be490da{/,file:///workdir/hadoop-ozone/integration-test/target/test-classes/webapps/ozoneManager/,AVAILABLE}{/ozoneManager}
2019-09-19 11:51:37,164 [main] INFO  server.AbstractConnector (AbstractConnector.java:doStart(278)) - Started ServerConnector@4168f3d9{HTTP/1.1,[http/1.1]}{0.0.0.0:38540}
2019-09-19 11:51:37,165 [main] INFO  server.Server (Server.java:doStart(419)) - Started @230392ms
2019-09-19 11:51:37,165 [main] WARN  impl.MetricsSystemImpl (MetricsSystemImpl.java:register(276)) - Sink prometheus already exists!
2019-09-19 11:51:37,166 [main] INFO  server.BaseHttpServer (BaseHttpServer.java:updateConnectorAddress(215)) - HTTP server of OZONEMANAGER is listening at http://0.0.0.0:38540
2019-09-19 11:51:37,182 [main] INFO  impl.MetricsSystemImpl (MetricsSystemImpl.java:init(158)) - HddsDatanode metrics system started (again)
2019-09-19 11:51:37,185 [main] INFO  ozone.HddsDatanodeService (HddsDatanodeService.java:start(184)) - HddsDatanodeService host:pr-hdds-2154-j8s56-3842691507 ip:192.168.151.78
2019-09-19 11:51:37,192 [main] INFO  volume.HddsVolume (HddsVolume.java:<init>(176)) - Creating Volume: /workdir/hadoop-ozone/integration-test/target/test-dir/MiniOzoneClusterImpl-126efc8e-5eb3-4c27-bad9-6042ca060f46/datanode-0/data/containers/hdds of  storage type : DISK and capacity : 1482555576320
2019-09-19 11:51:37,192 [main] INFO  volume.VolumeSet (VolumeSet.java:initializeVolumeSet(170)) - Added Volume : /workdir/hadoop-ozone/integration-test/target/test-dir/MiniOzoneClusterImpl-126efc8e-5eb3-4c27-bad9-6042ca060f46/datanode-0/data/containers/hdds to VolumeSet
2019-09-19 11:51:37,192 [main] INFO  volume.ThrottledAsyncChecker (ThrottledAsyncChecker.java:schedule(139)) - Scheduling a check for org.apache.hadoop.ozone.container.common.volume.HddsVolume@3d3c886f
2019-09-19 11:51:37,193 [main] INFO  volume.HddsVolumeChecker (HddsVolumeChecker.java:checkAllVolumes(202)) - Scheduled health check for volume org.apache.hadoop.ozone.container.common.volume.HddsVolume@3d3c886f
2019-09-19 11:51:37,207 [main] INFO  impl.RaftServerProxy (ConfUtils.java:logGet(43)) - raft.rpc.type = GRPC (default)
2019-09-19 11:51:37,207 [main] INFO  grpc.GrpcFactory (GrpcFactory.java:checkPooledByteBufAllocatorUseCacheForAllThreads(45)) - PERFORMANCE WARNING: useCacheForAllThreads is true that may cause Netty to create a lot garbage objects and, as a result, trigger GC.
	It is recommended to disable useCacheForAllThreads by setting -Dorg.apache.ratis.thirdparty.io.netty.allocator.useCacheForAllThreads=false in command line.
2019-09-19 11:51:37,207 [main] INFO  grpc.GrpcConfigKeys$Server (ConfUtils.java:logGet(43)) - raft.grpc.server.port = 0 (default)
2019-09-19 11:51:37,208 [main] INFO  server.GrpcService (ConfUtils.java:logGet(43)) - raft.grpc.message.size.max = 33570816 (custom)
2019-09-19 11:51:37,208 [main] INFO  server.RaftServerConfigKeys (ConfUtils.java:logGet(43)) - raft.server.log.appender.buffer.byte-limit = 33554432 (custom)
2019-09-19 11:51:37,208 [main] INFO  server.GrpcService (ConfUtils.java:logGet(43)) - raft.grpc.flow.control.window = 1MB (=1048576) (default)
2019-09-19 11:51:37,208 [main] INFO  server.RaftServerConfigKeys (ConfUtils.java:logGet(43)) - raft.server.rpc.request.timeout = 3000ms (default)
2019-09-19 11:51:37,209 [main] INFO  server.RaftServerConfigKeys (ConfUtils.java:logGet(43)) - raft.server.storage.dir = [/workdir/hadoop-ozone/integration-test/target/test-dir/MiniOzoneClusterImpl-126efc8e-5eb3-4c27-bad9-6042ca060f46/datanode-0/data/ratis] (custom)
2019-09-19 11:51:37,211 [main] INFO  hdfs.DFSUtil (DFSUtil.java:httpServerTemplateForNNAndJN(1641)) - Starting Web-server for hddsDatanode at: http://0.0.0.0:0
2019-09-19 11:51:37,213 [main] INFO  server.AuthenticationFilter (AuthenticationFilter.java:constructSecretProvider(240)) - Unable to initialize FileSignerSecretProvider, falling back to use random secrets.
2019-09-19 11:51:37,213 [main] WARN  http.HttpRequestLog (HttpRequestLog.java:getRequestLog(97)) - Jetty request log can only be enabled using Log4j
2019-09-19 11:51:37,214 [main] INFO  http.HttpServer2 (HttpServer2.java:addGlobalFilter(975)) - Added global filter 'safety' (class=org.apache.hadoop.http.HttpServer2$QuotingInputFilter)
2019-09-19 11:51:37,215 [main] INFO  http.HttpServer2 (HttpServer2.java:addFilter(948)) - Added filter static_user_filter (class=org.apache.hadoop.http.lib.StaticUserWebFilter$StaticUserFilter) to context hddsDatanode
2019-09-19 11:51:37,215 [main] INFO  http.HttpServer2 (HttpServer2.java:addFilter(958)) - Added filter static_user_filter (class=org.apache.hadoop.http.lib.StaticUserWebFilter$StaticUserFilter) to context logs
2019-09-19 11:51:37,215 [main] INFO  http.HttpServer2 (HttpServer2.java:addFilter(958)) - Added filter static_user_filter (class=org.apache.hadoop.http.lib.StaticUserWebFilter$StaticUserFilter) to context static
2019-09-19 11:51:37,216 [main] INFO  http.HttpServer2 (HttpServer2.java:bindListener(1191)) - Jetty bound to port 45252
2019-09-19 11:51:37,216 [main] INFO  server.Server (Server.java:doStart(351)) - jetty-9.3.24.v20180605, build timestamp: 2018-06-05T17:11:56Z, git hash: 84205aa28f11a4f31f2a3b86d1bba2cc8ab69827
2019-09-19 11:51:37,217 [main] INFO  handler.ContextHandler (ContextHandler.java:doStart(781)) - Started o.e.j.s.ServletContextHandler@9e02f84{/logs,file:///workdir/hadoop-ozone/integration-test/target/log,AVAILABLE}
2019-09-19 11:51:37,218 [main] INFO  handler.ContextHandler (ContextHandler.java:doStart(781)) - Started o.e.j.s.ServletContextHandler@7e49ded{/static,jar:file:/home/user/.m2/repository/org/apache/hadoop/hadoop-hdds-container-service/0.5.0-SNAPSHOT/hadoop-hdds-container-service-0.5.0-SNAPSHOT.jar!/webapps/static,AVAILABLE}
2019-09-19 11:51:37,245 [main] INFO  handler.ContextHandler (ContextHandler.java:doStart(781)) - Started o.e.j.w.WebAppContext@261f359f{/,file:///tmp/jetty-0.0.0.0-45252-hddsDatanode-_-any-1755875567264309780.dir/webapp/,AVAILABLE}{/hddsDatanode}
2019-09-19 11:51:37,246 [main] INFO  server.AbstractConnector (AbstractConnector.java:doStart(278)) - Started ServerConnector@5b02a984{HTTP/1.1,[http/1.1]}{0.0.0.0:45252}
2019-09-19 11:51:37,247 [main] INFO  server.Server (Server.java:doStart(419)) - Started @230474ms
2019-09-19 11:51:37,247 [main] WARN  impl.MetricsSystemImpl (MetricsSystemImpl.java:register(276)) - Sink prometheus already exists!
2019-09-19 11:51:37,248 [main] INFO  server.BaseHttpServer (BaseHttpServer.java:updateConnectorAddress(215)) - HTTP server of HDDSDATANODE is listening at http://0.0.0.0:45252
2019-09-19 11:51:37,249 [main] INFO  impl.MetricsSystemImpl (MetricsSystemImpl.java:init(158)) - HddsDatanode metrics system started (again)
2019-09-19 11:51:37,252 [org.apache.hadoop.util.JvmPauseMonitor$Monitor@7192e742] INFO  util.JvmPauseMonitor (JvmPauseMonitor.java:run(188)) - Starting JVM pause monitor
2019-09-19 11:51:37,252 [main] INFO  ozone.HddsDatanodeService (HddsDatanodeService.java:start(184)) - HddsDatanodeService host:pr-hdds-2154-j8s56-3842691507 ip:192.168.151.78
2019-09-19 11:51:37,254 [Datanode State Machine Thread - 0] INFO  datanode.InitDatanodeState (InitDatanodeState.java:persistContainerDatanodeDetails(140)) - DatanodeDetails is persisted to /workdir/hadoop-ozone/integration-test/target/test-dir/MiniOzoneClusterImpl-126efc8e-5eb3-4c27-bad9-6042ca060f46/datanode-0/meta/datanode.id
2019-09-19 11:51:37,258 [main] INFO  volume.HddsVolume (HddsVolume.java:<init>(176)) - Creating Volume: /workdir/hadoop-ozone/integration-test/target/test-dir/MiniOzoneClusterImpl-126efc8e-5eb3-4c27-bad9-6042ca060f46/datanode-1/data/containers/hdds of  storage type : DISK and capacity : 1482555576320
2019-09-19 11:51:37,258 [main] INFO  volume.VolumeSet (VolumeSet.java:initializeVolumeSet(170)) - Added Volume : /workdir/hadoop-ozone/integration-test/target/test-dir/MiniOzoneClusterImpl-126efc8e-5eb3-4c27-bad9-6042ca060f46/datanode-1/data/containers/hdds to VolumeSet
2019-09-19 11:51:37,259 [main] INFO  volume.ThrottledAsyncChecker (ThrottledAsyncChecker.java:schedule(139)) - Scheduling a check for org.apache.hadoop.ozone.container.common.volume.HddsVolume@615efd1c
2019-09-19 11:51:37,259 [main] INFO  volume.HddsVolumeChecker (HddsVolumeChecker.java:checkAllVolumes(202)) - Scheduled health check for volume org.apache.hadoop.ozone.container.common.volume.HddsVolume@615efd1c
2019-09-19 11:51:37,273 [main] INFO  impl.RaftServerProxy (ConfUtils.java:logGet(43)) - raft.rpc.type = GRPC (default)
2019-09-19 11:51:37,273 [main] INFO  grpc.GrpcFactory (GrpcFactory.java:checkPooledByteBufAllocatorUseCacheForAllThreads(45)) - PERFORMANCE WARNING: useCacheForAllThreads is true that may cause Netty to create a lot garbage objects and, as a result, trigger GC.
	It is recommended to disable useCacheForAllThreads by setting -Dorg.apache.ratis.thirdparty.io.netty.allocator.useCacheForAllThreads=false in command line.
2019-09-19 11:51:37,273 [main] INFO  grpc.GrpcConfigKeys$Server (ConfUtils.java:logGet(43)) - raft.grpc.server.port = 0 (default)
2019-09-19 11:51:37,273 [main] INFO  server.GrpcService (ConfUtils.java:logGet(43)) - raft.grpc.message.size.max = 33570816 (custom)
2019-09-19 11:51:37,273 [main] INFO  server.RaftServerConfigKeys (ConfUtils.java:logGet(43)) - raft.server.log.appender.buffer.byte-limit = 33554432 (custom)
2019-09-19 11:51:37,274 [main] INFO  server.GrpcService (ConfUtils.java:logGet(43)) - raft.grpc.flow.control.window = 1MB (=1048576) (default)
2019-09-19 11:51:37,274 [main] INFO  server.RaftServerConfigKeys (ConfUtils.java:logGet(43)) - raft.server.rpc.request.timeout = 3000ms (default)
2019-09-19 11:51:37,274 [main] INFO  server.RaftServerConfigKeys (ConfUtils.java:logGet(43)) - raft.server.storage.dir = [/workdir/hadoop-ozone/integration-test/target/test-dir/MiniOzoneClusterImpl-126efc8e-5eb3-4c27-bad9-6042ca060f46/datanode-1/data/ratis] (custom)
2019-09-19 11:51:37,276 [main] INFO  hdfs.DFSUtil (DFSUtil.java:httpServerTemplateForNNAndJN(1641)) - Starting Web-server for hddsDatanode at: http://0.0.0.0:0
2019-09-19 11:51:37,277 [main] INFO  server.AuthenticationFilter (AuthenticationFilter.java:constructSecretProvider(240)) - Unable to initialize FileSignerSecretProvider, falling back to use random secrets.
2019-09-19 11:51:37,277 [main] WARN  http.HttpRequestLog (HttpRequestLog.java:getRequestLog(97)) - Jetty request log can only be enabled using Log4j
2019-09-19 11:51:37,278 [main] INFO  http.HttpServer2 (HttpServer2.java:addGlobalFilter(975)) - Added global filter 'safety' (class=org.apache.hadoop.http.HttpServer2$QuotingInputFilter)
2019-09-19 11:51:37,279 [main] INFO  http.HttpServer2 (HttpServer2.java:addFilter(948)) - Added filter static_user_filter (class=org.apache.hadoop.http.lib.StaticUserWebFilter$StaticUserFilter) to context hddsDatanode
2019-09-19 11:51:37,279 [main] INFO  http.HttpServer2 (HttpServer2.java:addFilter(958)) - Added filter static_user_filter (class=org.apache.hadoop.http.lib.StaticUserWebFilter$StaticUserFilter) to context logs
2019-09-19 11:51:37,279 [main] INFO  http.HttpServer2 (HttpServer2.java:addFilter(958)) - Added filter static_user_filter (class=org.apache.hadoop.http.lib.StaticUserWebFilter$StaticUserFilter) to context static
2019-09-19 11:51:37,279 [main] INFO  http.HttpServer2 (HttpServer2.java:bindListener(1191)) - Jetty bound to port 37718
2019-09-19 11:51:37,280 [main] INFO  server.Server (Server.java:doStart(351)) - jetty-9.3.24.v20180605, build timestamp: 2018-06-05T17:11:56Z, git hash: 84205aa28f11a4f31f2a3b86d1bba2cc8ab69827
2019-09-19 11:51:37,281 [main] INFO  handler.ContextHandler (ContextHandler.java:doStart(781)) - Started o.e.j.s.ServletContextHandler@492521c4{/logs,file:///workdir/hadoop-ozone/integration-test/target/log,AVAILABLE}
2019-09-19 11:51:37,282 [main] INFO  handler.ContextHandler (ContextHandler.java:doStart(781)) - Started o.e.j.s.ServletContextHandler@6ddd1c51{/static,jar:file:/home/user/.m2/repository/org/apache/hadoop/hadoop-hdds-container-service/0.5.0-SNAPSHOT/hadoop-hdds-container-service-0.5.0-SNAPSHOT.jar!/webapps/static,AVAILABLE}
2019-09-19 11:51:37,309 [main] INFO  handler.ContextHandler (ContextHandler.java:doStart(781)) - Started o.e.j.w.WebAppContext@62cbc478{/,file:///tmp/jetty-0.0.0.0-37718-hddsDatanode-_-any-5536284281164082584.dir/webapp/,AVAILABLE}{/hddsDatanode}
2019-09-19 11:51:37,310 [main] INFO  server.AbstractConnector (AbstractConnector.java:doStart(278)) - Started ServerConnector@5438fa43{HTTP/1.1,[http/1.1]}{0.0.0.0:37718}
2019-09-19 11:51:37,311 [main] INFO  server.Server (Server.java:doStart(419)) - Started @230538ms
2019-09-19 11:51:37,311 [main] WARN  impl.MetricsSystemImpl (MetricsSystemImpl.java:register(276)) - Sink prometheus already exists!
2019-09-19 11:51:37,312 [main] INFO  server.BaseHttpServer (BaseHttpServer.java:updateConnectorAddress(215)) - HTTP server of HDDSDATANODE is listening at http://0.0.0.0:37718
2019-09-19 11:51:37,312 [main] INFO  impl.MetricsSystemImpl (MetricsSystemImpl.java:init(158)) - HddsDatanode metrics system started (again)
2019-09-19 11:51:37,316 [org.apache.hadoop.util.JvmPauseMonitor$Monitor@182ff09a] INFO  util.JvmPauseMonitor (JvmPauseMonitor.java:run(188)) - Starting JVM pause monitor
2019-09-19 11:51:37,316 [main] INFO  ozone.HddsDatanodeService (HddsDatanodeService.java:start(184)) - HddsDatanodeService host:pr-hdds-2154-j8s56-3842691507 ip:192.168.151.78
2019-09-19 11:51:37,317 [Datanode State Machine Thread - 0] INFO  datanode.InitDatanodeState (InitDatanodeState.java:persistContainerDatanodeDetails(140)) - DatanodeDetails is persisted to /workdir/hadoop-ozone/integration-test/target/test-dir/MiniOzoneClusterImpl-126efc8e-5eb3-4c27-bad9-6042ca060f46/datanode-1/meta/datanode.id
2019-09-19 11:51:37,321 [main] INFO  volume.HddsVolume (HddsVolume.java:<init>(176)) - Creating Volume: /workdir/hadoop-ozone/integration-test/target/test-dir/MiniOzoneClusterImpl-126efc8e-5eb3-4c27-bad9-6042ca060f46/datanode-2/data/containers/hdds of  storage type : DISK and capacity : 1482555576320
2019-09-19 11:51:37,322 [main] INFO  volume.VolumeSet (VolumeSet.java:initializeVolumeSet(170)) - Added Volume : /workdir/hadoop-ozone/integration-test/target/test-dir/MiniOzoneClusterImpl-126efc8e-5eb3-4c27-bad9-6042ca060f46/datanode-2/data/containers/hdds to VolumeSet
2019-09-19 11:51:37,322 [main] INFO  volume.ThrottledAsyncChecker (ThrottledAsyncChecker.java:schedule(139)) - Scheduling a check for org.apache.hadoop.ozone.container.common.volume.HddsVolume@34a20f16
2019-09-19 11:51:37,322 [main] INFO  volume.HddsVolumeChecker (HddsVolumeChecker.java:checkAllVolumes(202)) - Scheduled health check for volume org.apache.hadoop.ozone.container.common.volume.HddsVolume@34a20f16
2019-09-19 11:51:37,335 [main] INFO  impl.RaftServerProxy (ConfUtils.java:logGet(43)) - raft.rpc.type = GRPC (default)
2019-09-19 11:51:37,335 [main] INFO  grpc.GrpcFactory (GrpcFactory.java:checkPooledByteBufAllocatorUseCacheForAllThreads(45)) - PERFORMANCE WARNING: useCacheForAllThreads is true that may cause Netty to create a lot garbage objects and, as a result, trigger GC.
	It is recommended to disable useCacheForAllThreads by setting -Dorg.apache.ratis.thirdparty.io.netty.allocator.useCacheForAllThreads=false in command line.
2019-09-19 11:51:37,336 [main] INFO  grpc.GrpcConfigKeys$Server (ConfUtils.java:logGet(43)) - raft.grpc.server.port = 0 (default)
2019-09-19 11:51:37,336 [main] INFO  server.GrpcService (ConfUtils.java:logGet(43)) - raft.grpc.message.size.max = 33570816 (custom)
2019-09-19 11:51:37,336 [main] INFO  server.RaftServerConfigKeys (ConfUtils.java:logGet(43)) - raft.server.log.appender.buffer.byte-limit = 33554432 (custom)
2019-09-19 11:51:37,336 [main] INFO  server.GrpcService (ConfUtils.java:logGet(43)) - raft.grpc.flow.control.window = 1MB (=1048576) (default)
2019-09-19 11:51:37,336 [main] INFO  server.RaftServerConfigKeys (ConfUtils.java:logGet(43)) - raft.server.rpc.request.timeout = 3000ms (default)
2019-09-19 11:51:37,337 [main] INFO  server.RaftServerConfigKeys (ConfUtils.java:logGet(43)) - raft.server.storage.dir = [/workdir/hadoop-ozone/integration-test/target/test-dir/MiniOzoneClusterImpl-126efc8e-5eb3-4c27-bad9-6042ca060f46/datanode-2/data/ratis] (custom)
2019-09-19 11:51:37,338 [main] INFO  hdfs.DFSUtil (DFSUtil.java:httpServerTemplateForNNAndJN(1641)) - Starting Web-server for hddsDatanode at: http://0.0.0.0:0
2019-09-19 11:51:37,339 [main] INFO  server.AuthenticationFilter (AuthenticationFilter.java:constructSecretProvider(240)) - Unable to initialize FileSignerSecretProvider, falling back to use random secrets.
2019-09-19 11:51:37,339 [main] WARN  http.HttpRequestLog (HttpRequestLog.java:getRequestLog(97)) - Jetty request log can only be enabled using Log4j
2019-09-19 11:51:37,340 [main] INFO  http.HttpServer2 (HttpServer2.java:addGlobalFilter(975)) - Added global filter 'safety' (class=org.apache.hadoop.http.HttpServer2$QuotingInputFilter)
2019-09-19 11:51:37,341 [main] INFO  http.HttpServer2 (HttpServer2.java:addFilter(948)) - Added filter static_user_filter (class=org.apache.hadoop.http.lib.StaticUserWebFilter$StaticUserFilter) to context hddsDatanode
2019-09-19 11:51:37,341 [main] INFO  http.HttpServer2 (HttpServer2.java:addFilter(958)) - Added filter static_user_filter (class=org.apache.hadoop.http.lib.StaticUserWebFilter$StaticUserFilter) to context logs
2019-09-19 11:51:37,341 [main] INFO  http.HttpServer2 (HttpServer2.java:addFilter(958)) - Added filter static_user_filter (class=org.apache.hadoop.http.lib.StaticUserWebFilter$StaticUserFilter) to context static
2019-09-19 11:51:37,342 [main] INFO  http.HttpServer2 (HttpServer2.java:bindListener(1191)) - Jetty bound to port 36940
2019-09-19 11:51:37,342 [main] INFO  server.Server (Server.java:doStart(351)) - jetty-9.3.24.v20180605, build timestamp: 2018-06-05T17:11:56Z, git hash: 84205aa28f11a4f31f2a3b86d1bba2cc8ab69827
2019-09-19 11:51:37,343 [main] INFO  handler.ContextHandler (ContextHandler.java:doStart(781)) - Started o.e.j.s.ServletContextHandler@34136bd1{/logs,file:///workdir/hadoop-ozone/integration-test/target/log,AVAILABLE}
2019-09-19 11:51:37,344 [main] INFO  handler.ContextHandler (ContextHandler.java:doStart(781)) - Started o.e.j.s.ServletContextHandler@367d34c0{/static,jar:file:/home/user/.m2/repository/org/apache/hadoop/hadoop-hdds-container-service/0.5.0-SNAPSHOT/hadoop-hdds-container-service-0.5.0-SNAPSHOT.jar!/webapps/static,AVAILABLE}
2019-09-19 11:51:37,371 [main] INFO  handler.ContextHandler (ContextHandler.java:doStart(781)) - Started o.e.j.w.WebAppContext@d2708a7{/,file:///tmp/jetty-0.0.0.0-36940-hddsDatanode-_-any-9027928692360265345.dir/webapp/,AVAILABLE}{/hddsDatanode}
2019-09-19 11:51:37,371 [main] INFO  server.AbstractConnector (AbstractConnector.java:doStart(278)) - Started ServerConnector@508ad266{HTTP/1.1,[http/1.1]}{0.0.0.0:36940}
2019-09-19 11:51:37,372 [main] INFO  server.Server (Server.java:doStart(419)) - Started @230599ms
2019-09-19 11:51:37,373 [main] WARN  impl.MetricsSystemImpl (MetricsSystemImpl.java:register(276)) - Sink prometheus already exists!
2019-09-19 11:51:37,373 [main] INFO  server.BaseHttpServer (BaseHttpServer.java:updateConnectorAddress(215)) - HTTP server of HDDSDATANODE is listening at http://0.0.0.0:36940
2019-09-19 11:51:37,373 [main] INFO  impl.MetricsSystemImpl (MetricsSystemImpl.java:init(158)) - HddsDatanode metrics system started (again)
2019-09-19 11:51:37,378 [org.apache.hadoop.util.JvmPauseMonitor$Monitor@79b9225] INFO  util.JvmPauseMonitor (JvmPauseMonitor.java:run(188)) - Starting JVM pause monitor
2019-09-19 11:51:37,378 [main] INFO  ozone.HddsDatanodeService (HddsDatanodeService.java:start(184)) - HddsDatanodeService host:pr-hdds-2154-j8s56-3842691507 ip:192.168.151.78
2019-09-19 11:51:37,379 [Datanode State Machine Thread - 0] INFO  datanode.InitDatanodeState (InitDatanodeState.java:persistContainerDatanodeDetails(140)) - DatanodeDetails is persisted to /workdir/hadoop-ozone/integration-test/target/test-dir/MiniOzoneClusterImpl-126efc8e-5eb3-4c27-bad9-6042ca060f46/datanode-2/meta/datanode.id
2019-09-19 11:51:37,385 [main] INFO  volume.HddsVolume (HddsVolume.java:<init>(176)) - Creating Volume: /workdir/hadoop-ozone/integration-test/target/test-dir/MiniOzoneClusterImpl-126efc8e-5eb3-4c27-bad9-6042ca060f46/datanode-3/data/containers/hdds of  storage type : DISK and capacity : 1482555576320
2019-09-19 11:51:37,385 [main] INFO  volume.VolumeSet (VolumeSet.java:initializeVolumeSet(170)) - Added Volume : /workdir/hadoop-ozone/integration-test/target/test-dir/MiniOzoneClusterImpl-126efc8e-5eb3-4c27-bad9-6042ca060f46/datanode-3/data/containers/hdds to VolumeSet
2019-09-19 11:51:37,385 [main] INFO  volume.ThrottledAsyncChecker (ThrottledAsyncChecker.java:schedule(139)) - Scheduling a check for org.apache.hadoop.ozone.container.common.volume.HddsVolume@2dbfa972
2019-09-19 11:51:37,386 [main] INFO  volume.HddsVolumeChecker (HddsVolumeChecker.java:checkAllVolumes(202)) - Scheduled health check for volume org.apache.hadoop.ozone.container.common.volume.HddsVolume@2dbfa972
2019-09-19 11:51:37,400 [main] INFO  impl.RaftServerProxy (ConfUtils.java:logGet(43)) - raft.rpc.type = GRPC (default)
2019-09-19 11:51:37,400 [main] INFO  grpc.GrpcFactory (GrpcFactory.java:checkPooledByteBufAllocatorUseCacheForAllThreads(45)) - PERFORMANCE WARNING: useCacheForAllThreads is true that may cause Netty to create a lot garbage objects and, as a result, trigger GC.
	It is recommended to disable useCacheForAllThreads by setting -Dorg.apache.ratis.thirdparty.io.netty.allocator.useCacheForAllThreads=false in command line.
2019-09-19 11:51:37,400 [main] INFO  grpc.GrpcConfigKeys$Server (ConfUtils.java:logGet(43)) - raft.grpc.server.port = 0 (default)
2019-09-19 11:51:37,400 [main] INFO  server.GrpcService (ConfUtils.java:logGet(43)) - raft.grpc.message.size.max = 33570816 (custom)
2019-09-19 11:51:37,401 [main] INFO  server.RaftServerConfigKeys (ConfUtils.java:logGet(43)) - raft.server.log.appender.buffer.byte-limit = 33554432 (custom)
2019-09-19 11:51:37,401 [main] INFO  server.GrpcService (ConfUtils.java:logGet(43)) - raft.grpc.flow.control.window = 1MB (=1048576) (default)
2019-09-19 11:51:37,401 [main] INFO  server.RaftServerConfigKeys (ConfUtils.java:logGet(43)) - raft.server.rpc.request.timeout = 3000ms (default)
2019-09-19 11:51:37,401 [main] INFO  server.RaftServerConfigKeys (ConfUtils.java:logGet(43)) - raft.server.storage.dir = [/workdir/hadoop-ozone/integration-test/target/test-dir/MiniOzoneClusterImpl-126efc8e-5eb3-4c27-bad9-6042ca060f46/datanode-3/data/ratis] (custom)
2019-09-19 11:51:37,402 [main] INFO  hdfs.DFSUtil (DFSUtil.java:httpServerTemplateForNNAndJN(1641)) - Starting Web-server for hddsDatanode at: http://0.0.0.0:0
2019-09-19 11:51:37,403 [main] INFO  server.AuthenticationFilter (AuthenticationFilter.java:constructSecretProvider(240)) - Unable to initialize FileSignerSecretProvider, falling back to use random secrets.
2019-09-19 11:51:37,404 [main] WARN  http.HttpRequestLog (HttpRequestLog.java:getRequestLog(97)) - Jetty request log can only be enabled using Log4j
2019-09-19 11:51:37,405 [main] INFO  http.HttpServer2 (HttpServer2.java:addGlobalFilter(975)) - Added global filter 'safety' (class=org.apache.hadoop.http.HttpServer2$QuotingInputFilter)
2019-09-19 11:51:37,406 [main] INFO  http.HttpServer2 (HttpServer2.java:addFilter(948)) - Added filter static_user_filter (class=org.apache.hadoop.http.lib.StaticUserWebFilter$StaticUserFilter) to context hddsDatanode
2019-09-19 11:51:37,406 [main] INFO  http.HttpServer2 (HttpServer2.java:addFilter(958)) - Added filter static_user_filter (class=org.apache.hadoop.http.lib.StaticUserWebFilter$StaticUserFilter) to context static
2019-09-19 11:51:37,406 [main] INFO  http.HttpServer2 (HttpServer2.java:addFilter(958)) - Added filter static_user_filter (class=org.apache.hadoop.http.lib.StaticUserWebFilter$StaticUserFilter) to context logs
2019-09-19 11:51:37,407 [main] INFO  http.HttpServer2 (HttpServer2.java:bindListener(1191)) - Jetty bound to port 36899
2019-09-19 11:51:37,407 [main] INFO  server.Server (Server.java:doStart(351)) - jetty-9.3.24.v20180605, build timestamp: 2018-06-05T17:11:56Z, git hash: 84205aa28f11a4f31f2a3b86d1bba2cc8ab69827
2019-09-19 11:51:37,409 [main] INFO  handler.ContextHandler (ContextHandler.java:doStart(781)) - Started o.e.j.s.ServletContextHandler@bbb6f0{/logs,file:///workdir/hadoop-ozone/integration-test/target/log,AVAILABLE}
2019-09-19 11:51:37,410 [main] INFO  handler.ContextHandler (ContextHandler.java:doStart(781)) - Started o.e.j.s.ServletContextHandler@2bd8f7db{/static,jar:file:/home/user/.m2/repository/org/apache/hadoop/hadoop-hdds-container-service/0.5.0-SNAPSHOT/hadoop-hdds-container-service-0.5.0-SNAPSHOT.jar!/webapps/static,AVAILABLE}
2019-09-19 11:51:37,438 [main] INFO  handler.ContextHandler (ContextHandler.java:doStart(781)) - Started o.e.j.w.WebAppContext@6b0f266e{/,file:///tmp/jetty-0.0.0.0-36899-hddsDatanode-_-any-2344337816087011770.dir/webapp/,AVAILABLE}{/hddsDatanode}
2019-09-19 11:51:37,438 [main] INFO  server.AbstractConnector (AbstractConnector.java:doStart(278)) - Started ServerConnector@4837f97e{HTTP/1.1,[http/1.1]}{0.0.0.0:36899}
2019-09-19 11:51:37,440 [main] INFO  server.Server (Server.java:doStart(419)) - Started @230666ms
2019-09-19 11:51:37,440 [main] WARN  impl.MetricsSystemImpl (MetricsSystemImpl.java:register(276)) - Sink prometheus already exists!
2019-09-19 11:51:37,440 [main] INFO  server.BaseHttpServer (BaseHttpServer.java:updateConnectorAddress(215)) - HTTP server of HDDSDATANODE is listening at http://0.0.0.0:36899
2019-09-19 11:51:37,441 [main] INFO  impl.MetricsSystemImpl (MetricsSystemImpl.java:init(158)) - HddsDatanode metrics system started (again)
2019-09-19 11:51:37,445 [org.apache.hadoop.util.JvmPauseMonitor$Monitor@3a811d5] INFO  util.JvmPauseMonitor (JvmPauseMonitor.java:run(188)) - Starting JVM pause monitor
2019-09-19 11:51:37,445 [main] INFO  ozone.HddsDatanodeService (HddsDatanodeService.java:start(184)) - HddsDatanodeService host:pr-hdds-2154-j8s56-3842691507 ip:192.168.151.78
2019-09-19 11:51:37,447 [Datanode State Machine Thread - 0] INFO  datanode.InitDatanodeState (InitDatanodeState.java:persistContainerDatanodeDetails(140)) - DatanodeDetails is persisted to /workdir/hadoop-ozone/integration-test/target/test-dir/MiniOzoneClusterImpl-126efc8e-5eb3-4c27-bad9-6042ca060f46/datanode-3/meta/datanode.id
2019-09-19 11:51:37,451 [main] INFO  volume.HddsVolume (HddsVolume.java:<init>(176)) - Creating Volume: /workdir/hadoop-ozone/integration-test/target/test-dir/MiniOzoneClusterImpl-126efc8e-5eb3-4c27-bad9-6042ca060f46/datanode-4/data/containers/hdds of  storage type : DISK and capacity : 1482555576320
2019-09-19 11:51:37,451 [main] INFO  volume.VolumeSet (VolumeSet.java:initializeVolumeSet(170)) - Added Volume : /workdir/hadoop-ozone/integration-test/target/test-dir/MiniOzoneClusterImpl-126efc8e-5eb3-4c27-bad9-6042ca060f46/datanode-4/data/containers/hdds to VolumeSet
2019-09-19 11:51:37,451 [main] INFO  volume.ThrottledAsyncChecker (ThrottledAsyncChecker.java:schedule(139)) - Scheduling a check for org.apache.hadoop.ozone.container.common.volume.HddsVolume@486bd064
2019-09-19 11:51:37,452 [main] INFO  volume.HddsVolumeChecker (HddsVolumeChecker.java:checkAllVolumes(202)) - Scheduled health check for volume org.apache.hadoop.ozone.container.common.volume.HddsVolume@486bd064
2019-09-19 11:51:37,465 [main] INFO  impl.RaftServerProxy (ConfUtils.java:logGet(43)) - raft.rpc.type = GRPC (default)
2019-09-19 11:51:37,465 [main] INFO  grpc.GrpcFactory (GrpcFactory.java:checkPooledByteBufAllocatorUseCacheForAllThreads(45)) - PERFORMANCE WARNING: useCacheForAllThreads is true that may cause Netty to create a lot garbage objects and, as a result, trigger GC.
	It is recommended to disable useCacheForAllThreads by setting -Dorg.apache.ratis.thirdparty.io.netty.allocator.useCacheForAllThreads=false in command line.
2019-09-19 11:51:37,465 [main] INFO  grpc.GrpcConfigKeys$Server (ConfUtils.java:logGet(43)) - raft.grpc.server.port = 0 (default)
2019-09-19 11:51:37,465 [main] INFO  server.GrpcService (ConfUtils.java:logGet(43)) - raft.grpc.message.size.max = 33570816 (custom)
2019-09-19 11:51:37,466 [main] INFO  server.RaftServerConfigKeys (ConfUtils.java:logGet(43)) - raft.server.log.appender.buffer.byte-limit = 33554432 (custom)
2019-09-19 11:51:37,466 [main] INFO  server.GrpcService (ConfUtils.java:logGet(43)) - raft.grpc.flow.control.window = 1MB (=1048576) (default)
2019-09-19 11:51:37,466 [main] INFO  server.RaftServerConfigKeys (ConfUtils.java:logGet(43)) - raft.server.rpc.request.timeout = 3000ms (default)
2019-09-19 11:51:37,466 [main] INFO  server.RaftServerConfigKeys (ConfUtils.java:logGet(43)) - raft.server.storage.dir = [/workdir/hadoop-ozone/integration-test/target/test-dir/MiniOzoneClusterImpl-126efc8e-5eb3-4c27-bad9-6042ca060f46/datanode-4/data/ratis] (custom)
2019-09-19 11:51:37,468 [main] INFO  hdfs.DFSUtil (DFSUtil.java:httpServerTemplateForNNAndJN(1641)) - Starting Web-server for hddsDatanode at: http://0.0.0.0:0
2019-09-19 11:51:37,469 [main] INFO  server.AuthenticationFilter (AuthenticationFilter.java:constructSecretProvider(240)) - Unable to initialize FileSignerSecretProvider, falling back to use random secrets.
2019-09-19 11:51:37,469 [main] WARN  http.HttpRequestLog (HttpRequestLog.java:getRequestLog(97)) - Jetty request log can only be enabled using Log4j
2019-09-19 11:51:37,470 [main] INFO  http.HttpServer2 (HttpServer2.java:addGlobalFilter(975)) - Added global filter 'safety' (class=org.apache.hadoop.http.HttpServer2$QuotingInputFilter)
2019-09-19 11:51:37,471 [main] INFO  http.HttpServer2 (HttpServer2.java:addFilter(948)) - Added filter static_user_filter (class=org.apache.hadoop.http.lib.StaticUserWebFilter$StaticUserFilter) to context hddsDatanode
2019-09-19 11:51:37,471 [main] INFO  http.HttpServer2 (HttpServer2.java:addFilter(958)) - Added filter static_user_filter (class=org.apache.hadoop.http.lib.StaticUserWebFilter$StaticUserFilter) to context logs
2019-09-19 11:51:37,471 [main] INFO  http.HttpServer2 (HttpServer2.java:addFilter(958)) - Added filter static_user_filter (class=org.apache.hadoop.http.lib.StaticUserWebFilter$StaticUserFilter) to context static
2019-09-19 11:51:37,472 [main] INFO  http.HttpServer2 (HttpServer2.java:bindListener(1191)) - Jetty bound to port 45574
2019-09-19 11:51:37,472 [main] INFO  server.Server (Server.java:doStart(351)) - jetty-9.3.24.v20180605, build timestamp: 2018-06-05T17:11:56Z, git hash: 84205aa28f11a4f31f2a3b86d1bba2cc8ab69827
2019-09-19 11:51:37,473 [main] INFO  handler.ContextHandler (ContextHandler.java:doStart(781)) - Started o.e.j.s.ServletContextHandler@14f060b8{/logs,file:///workdir/hadoop-ozone/integration-test/target/log,AVAILABLE}
2019-09-19 11:51:37,474 [main] INFO  handler.ContextHandler (ContextHandler.java:doStart(781)) - Started o.e.j.s.ServletContextHandler@79df80a4{/static,jar:file:/home/user/.m2/repository/org/apache/hadoop/hadoop-hdds-container-service/0.5.0-SNAPSHOT/hadoop-hdds-container-service-0.5.0-SNAPSHOT.jar!/webapps/static,AVAILABLE}
2019-09-19 11:51:37,500 [main] INFO  handler.ContextHandler (ContextHandler.java:doStart(781)) - Started o.e.j.w.WebAppContext@23bd0c81{/,file:///tmp/jetty-0.0.0.0-45574-hddsDatanode-_-any-576980815343821360.dir/webapp/,AVAILABLE}{/hddsDatanode}
2019-09-19 11:51:37,500 [main] INFO  server.AbstractConnector (AbstractConnector.java:doStart(278)) - Started ServerConnector@1332dec4{HTTP/1.1,[http/1.1]}{0.0.0.0:45574}
2019-09-19 11:51:37,502 [main] INFO  server.Server (Server.java:doStart(419)) - Started @230729ms
2019-09-19 11:51:37,502 [main] WARN  impl.MetricsSystemImpl (MetricsSystemImpl.java:register(276)) - Sink prometheus already exists!
2019-09-19 11:51:37,503 [main] INFO  server.BaseHttpServer (BaseHttpServer.java:updateConnectorAddress(215)) - HTTP server of HDDSDATANODE is listening at http://0.0.0.0:45574
2019-09-19 11:51:37,503 [main] INFO  impl.MetricsSystemImpl (MetricsSystemImpl.java:init(158)) - HddsDatanode metrics system started (again)
2019-09-19 11:51:37,508 [org.apache.hadoop.util.JvmPauseMonitor$Monitor@3df64bb0] INFO  util.JvmPauseMonitor (JvmPauseMonitor.java:run(188)) - Starting JVM pause monitor
2019-09-19 11:51:37,508 [main] INFO  ozone.HddsDatanodeService (HddsDatanodeService.java:start(184)) - HddsDatanodeService host:pr-hdds-2154-j8s56-3842691507 ip:192.168.151.78
2019-09-19 11:51:37,509 [Datanode State Machine Thread - 0] INFO  datanode.InitDatanodeState (InitDatanodeState.java:persistContainerDatanodeDetails(140)) - DatanodeDetails is persisted to /workdir/hadoop-ozone/integration-test/target/test-dir/MiniOzoneClusterImpl-126efc8e-5eb3-4c27-bad9-6042ca060f46/datanode-4/meta/datanode.id
2019-09-19 11:51:37,513 [main] INFO  volume.HddsVolume (HddsVolume.java:<init>(176)) - Creating Volume: /workdir/hadoop-ozone/integration-test/target/test-dir/MiniOzoneClusterImpl-126efc8e-5eb3-4c27-bad9-6042ca060f46/datanode-5/data/containers/hdds of  storage type : DISK and capacity : 1482555576320
2019-09-19 11:51:37,514 [main] INFO  volume.VolumeSet (VolumeSet.java:initializeVolumeSet(170)) - Added Volume : /workdir/hadoop-ozone/integration-test/target/test-dir/MiniOzoneClusterImpl-126efc8e-5eb3-4c27-bad9-6042ca060f46/datanode-5/data/containers/hdds to VolumeSet
2019-09-19 11:51:37,514 [main] INFO  volume.ThrottledAsyncChecker (ThrottledAsyncChecker.java:schedule(139)) - Scheduling a check for org.apache.hadoop.ozone.container.common.volume.HddsVolume@5a7b309b
2019-09-19 11:51:37,514 [main] INFO  volume.HddsVolumeChecker (HddsVolumeChecker.java:checkAllVolumes(202)) - Scheduled health check for volume org.apache.hadoop.ozone.container.common.volume.HddsVolume@5a7b309b
2019-09-19 11:51:37,526 [main] INFO  impl.RaftServerProxy (ConfUtils.java:logGet(43)) - raft.rpc.type = GRPC (default)
2019-09-19 11:51:37,526 [main] INFO  grpc.GrpcFactory (GrpcFactory.java:checkPooledByteBufAllocatorUseCacheForAllThreads(45)) - PERFORMANCE WARNING: useCacheForAllThreads is true that may cause Netty to create a lot garbage objects and, as a result, trigger GC.
	It is recommended to disable useCacheForAllThreads by setting -Dorg.apache.ratis.thirdparty.io.netty.allocator.useCacheForAllThreads=false in command line.
2019-09-19 11:51:37,526 [main] INFO  grpc.GrpcConfigKeys$Server (ConfUtils.java:logGet(43)) - raft.grpc.server.port = 0 (default)
2019-09-19 11:51:37,526 [main] INFO  server.GrpcService (ConfUtils.java:logGet(43)) - raft.grpc.message.size.max = 33570816 (custom)
2019-09-19 11:51:37,526 [main] INFO  server.RaftServerConfigKeys (ConfUtils.java:logGet(43)) - raft.server.log.appender.buffer.byte-limit = 33554432 (custom)
2019-09-19 11:51:37,527 [main] INFO  server.GrpcService (ConfUtils.java:logGet(43)) - raft.grpc.flow.control.window = 1MB (=1048576) (default)
2019-09-19 11:51:37,527 [main] INFO  server.RaftServerConfigKeys (ConfUtils.java:logGet(43)) - raft.server.rpc.request.timeout = 3000ms (default)
2019-09-19 11:51:37,527 [main] INFO  server.RaftServerConfigKeys (ConfUtils.java:logGet(43)) - raft.server.storage.dir = [/workdir/hadoop-ozone/integration-test/target/test-dir/MiniOzoneClusterImpl-126efc8e-5eb3-4c27-bad9-6042ca060f46/datanode-5/data/ratis] (custom)
2019-09-19 11:51:37,528 [main] INFO  hdfs.DFSUtil (DFSUtil.java:httpServerTemplateForNNAndJN(1641)) - Starting Web-server for hddsDatanode at: http://0.0.0.0:0
2019-09-19 11:51:37,529 [main] INFO  server.AuthenticationFilter (AuthenticationFilter.java:constructSecretProvider(240)) - Unable to initialize FileSignerSecretProvider, falling back to use random secrets.
2019-09-19 11:51:37,530 [main] WARN  http.HttpRequestLog (HttpRequestLog.java:getRequestLog(97)) - Jetty request log can only be enabled using Log4j
2019-09-19 11:51:37,531 [main] INFO  http.HttpServer2 (HttpServer2.java:addGlobalFilter(975)) - Added global filter 'safety' (class=org.apache.hadoop.http.HttpServer2$QuotingInputFilter)
2019-09-19 11:51:37,531 [main] INFO  http.HttpServer2 (HttpServer2.java:addFilter(948)) - Added filter static_user_filter (class=org.apache.hadoop.http.lib.StaticUserWebFilter$StaticUserFilter) to context hddsDatanode
2019-09-19 11:51:37,531 [main] INFO  http.HttpServer2 (HttpServer2.java:addFilter(958)) - Added filter static_user_filter (class=org.apache.hadoop.http.lib.StaticUserWebFilter$StaticUserFilter) to context logs
2019-09-19 11:51:37,531 [main] INFO  http.HttpServer2 (HttpServer2.java:addFilter(958)) - Added filter static_user_filter (class=org.apache.hadoop.http.lib.StaticUserWebFilter$StaticUserFilter) to context static
2019-09-19 11:51:37,532 [main] INFO  http.HttpServer2 (HttpServer2.java:bindListener(1191)) - Jetty bound to port 45306
2019-09-19 11:51:37,532 [main] INFO  server.Server (Server.java:doStart(351)) - jetty-9.3.24.v20180605, build timestamp: 2018-06-05T17:11:56Z, git hash: 84205aa28f11a4f31f2a3b86d1bba2cc8ab69827
2019-09-19 11:51:37,534 [main] INFO  handler.ContextHandler (ContextHandler.java:doStart(781)) - Started o.e.j.s.ServletContextHandler@1785d194{/logs,file:///workdir/hadoop-ozone/integration-test/target/log,AVAILABLE}
2019-09-19 11:51:37,534 [main] INFO  handler.ContextHandler (ContextHandler.java:doStart(781)) - Started o.e.j.s.ServletContextHandler@46a8c2b4{/static,jar:file:/home/user/.m2/repository/org/apache/hadoop/hadoop-hdds-container-service/0.5.0-SNAPSHOT/hadoop-hdds-container-service-0.5.0-SNAPSHOT.jar!/webapps/static,AVAILABLE}
2019-09-19 11:51:37,561 [main] INFO  handler.ContextHandler (ContextHandler.java:doStart(781)) - Started o.e.j.w.WebAppContext@19662208{/,file:///tmp/jetty-0.0.0.0-45306-hddsDatanode-_-any-6368512174926674278.dir/webapp/,AVAILABLE}{/hddsDatanode}
2019-09-19 11:51:37,561 [main] INFO  server.AbstractConnector (AbstractConnector.java:doStart(278)) - Started ServerConnector@216c22ce{HTTP/1.1,[http/1.1]}{0.0.0.0:45306}
2019-09-19 11:51:37,562 [main] INFO  server.Server (Server.java:doStart(419)) - Started @230789ms
2019-09-19 11:51:37,562 [main] WARN  impl.MetricsSystemImpl (MetricsSystemImpl.java:register(276)) - Sink prometheus already exists!
2019-09-19 11:51:37,563 [main] INFO  server.BaseHttpServer (BaseHttpServer.java:updateConnectorAddress(215)) - HTTP server of HDDSDATANODE is listening at http://0.0.0.0:45306
2019-09-19 11:51:37,563 [main] INFO  impl.MetricsSystemImpl (MetricsSystemImpl.java:init(158)) - HddsDatanode metrics system started (again)
2019-09-19 11:51:37,568 [org.apache.hadoop.util.JvmPauseMonitor$Monitor@128b9cb4] INFO  util.JvmPauseMonitor (JvmPauseMonitor.java:run(188)) - Starting JVM pause monitor
2019-09-19 11:51:37,568 [main] INFO  ozone.HddsDatanodeService (HddsDatanodeService.java:start(184)) - HddsDatanodeService host:pr-hdds-2154-j8s56-3842691507 ip:192.168.151.78
2019-09-19 11:51:37,569 [Datanode State Machine Thread - 0] INFO  datanode.InitDatanodeState (InitDatanodeState.java:persistContainerDatanodeDetails(140)) - DatanodeDetails is persisted to /workdir/hadoop-ozone/integration-test/target/test-dir/MiniOzoneClusterImpl-126efc8e-5eb3-4c27-bad9-6042ca060f46/datanode-5/meta/datanode.id
2019-09-19 11:51:37,574 [main] INFO  volume.HddsVolume (HddsVolume.java:<init>(176)) - Creating Volume: /workdir/hadoop-ozone/integration-test/target/test-dir/MiniOzoneClusterImpl-126efc8e-5eb3-4c27-bad9-6042ca060f46/datanode-6/data/containers/hdds of  storage type : DISK and capacity : 1482555576320
2019-09-19 11:51:37,574 [main] INFO  volume.VolumeSet (VolumeSet.java:initializeVolumeSet(170)) - Added Volume : /workdir/hadoop-ozone/integration-test/target/test-dir/MiniOzoneClusterImpl-126efc8e-5eb3-4c27-bad9-6042ca060f46/datanode-6/data/containers/hdds to VolumeSet
2019-09-19 11:51:37,574 [main] INFO  volume.ThrottledAsyncChecker (ThrottledAsyncChecker.java:schedule(139)) - Scheduling a check for org.apache.hadoop.ozone.container.common.volume.HddsVolume@18ffca6c
2019-09-19 11:51:37,574 [main] INFO  volume.HddsVolumeChecker (HddsVolumeChecker.java:checkAllVolumes(202)) - Scheduled health check for volume org.apache.hadoop.ozone.container.common.volume.HddsVolume@18ffca6c
2019-09-19 11:51:37,586 [main] INFO  impl.RaftServerProxy (ConfUtils.java:logGet(43)) - raft.rpc.type = GRPC (default)
2019-09-19 11:51:37,586 [main] INFO  grpc.GrpcFactory (GrpcFactory.java:checkPooledByteBufAllocatorUseCacheForAllThreads(45)) - PERFORMANCE WARNING: useCacheForAllThreads is true that may cause Netty to create a lot garbage objects and, as a result, trigger GC.
	It is recommended to disable useCacheForAllThreads by setting -Dorg.apache.ratis.thirdparty.io.netty.allocator.useCacheForAllThreads=false in command line.
2019-09-19 11:51:37,586 [main] INFO  grpc.GrpcConfigKeys$Server (ConfUtils.java:logGet(43)) - raft.grpc.server.port = 0 (default)
2019-09-19 11:51:37,586 [main] INFO  server.GrpcService (ConfUtils.java:logGet(43)) - raft.grpc.message.size.max = 33570816 (custom)
2019-09-19 11:51:37,587 [main] INFO  server.RaftServerConfigKeys (ConfUtils.java:logGet(43)) - raft.server.log.appender.buffer.byte-limit = 33554432 (custom)
2019-09-19 11:51:37,587 [main] INFO  server.GrpcService (ConfUtils.java:logGet(43)) - raft.grpc.flow.control.window = 1MB (=1048576) (default)
2019-09-19 11:51:37,587 [main] INFO  server.RaftServerConfigKeys (ConfUtils.java:logGet(43)) - raft.server.rpc.request.timeout = 3000ms (default)
2019-09-19 11:51:37,587 [main] INFO  server.RaftServerConfigKeys (ConfUtils.java:logGet(43)) - raft.server.storage.dir = [/workdir/hadoop-ozone/integration-test/target/test-dir/MiniOzoneClusterImpl-126efc8e-5eb3-4c27-bad9-6042ca060f46/datanode-6/data/ratis] (custom)
2019-09-19 11:51:37,588 [main] INFO  hdfs.DFSUtil (DFSUtil.java:httpServerTemplateForNNAndJN(1641)) - Starting Web-server for hddsDatanode at: http://0.0.0.0:0
2019-09-19 11:51:37,589 [main] INFO  server.AuthenticationFilter (AuthenticationFilter.java:constructSecretProvider(240)) - Unable to initialize FileSignerSecretProvider, falling back to use random secrets.
2019-09-19 11:51:37,590 [main] WARN  http.HttpRequestLog (HttpRequestLog.java:getRequestLog(97)) - Jetty request log can only be enabled using Log4j
2019-09-19 11:51:37,591 [main] INFO  http.HttpServer2 (HttpServer2.java:addGlobalFilter(975)) - Added global filter 'safety' (class=org.apache.hadoop.http.HttpServer2$QuotingInputFilter)
2019-09-19 11:51:37,591 [main] INFO  http.HttpServer2 (HttpServer2.java:addFilter(948)) - Added filter static_user_filter (class=org.apache.hadoop.http.lib.StaticUserWebFilter$StaticUserFilter) to context hddsDatanode
2019-09-19 11:51:37,591 [main] INFO  http.HttpServer2 (HttpServer2.java:addFilter(958)) - Added filter static_user_filter (class=org.apache.hadoop.http.lib.StaticUserWebFilter$StaticUserFilter) to context static
2019-09-19 11:51:37,592 [main] INFO  http.HttpServer2 (HttpServer2.java:addFilter(958)) - Added filter static_user_filter (class=org.apache.hadoop.http.lib.StaticUserWebFilter$StaticUserFilter) to context logs
2019-09-19 11:51:37,592 [main] INFO  http.HttpServer2 (HttpServer2.java:bindListener(1191)) - Jetty bound to port 45030
2019-09-19 11:51:37,592 [main] INFO  server.Server (Server.java:doStart(351)) - jetty-9.3.24.v20180605, build timestamp: 2018-06-05T17:11:56Z, git hash: 84205aa28f11a4f31f2a3b86d1bba2cc8ab69827
2019-09-19 11:51:37,594 [main] INFO  handler.ContextHandler (ContextHandler.java:doStart(781)) - Started o.e.j.s.ServletContextHandler@78d73b1b{/logs,file:///workdir/hadoop-ozone/integration-test/target/log,AVAILABLE}
2019-09-19 11:51:37,594 [main] INFO  handler.ContextHandler (ContextHandler.java:doStart(781)) - Started o.e.j.s.ServletContextHandler@34edd065{/static,jar:file:/home/user/.m2/repository/org/apache/hadoop/hadoop-hdds-container-service/0.5.0-SNAPSHOT/hadoop-hdds-container-service-0.5.0-SNAPSHOT.jar!/webapps/static,AVAILABLE}
2019-09-19 11:51:37,620 [main] INFO  handler.ContextHandler (ContextHandler.java:doStart(781)) - Started o.e.j.w.WebAppContext@236c098{/,file:///tmp/jetty-0.0.0.0-45030-hddsDatanode-_-any-4449343970951686435.dir/webapp/,AVAILABLE}{/hddsDatanode}
2019-09-19 11:51:37,621 [main] INFO  server.AbstractConnector (AbstractConnector.java:doStart(278)) - Started ServerConnector@68e2d03e{HTTP/1.1,[http/1.1]}{0.0.0.0:45030}
2019-09-19 11:51:37,622 [main] INFO  server.Server (Server.java:doStart(419)) - Started @230849ms
2019-09-19 11:51:37,623 [main] WARN  impl.MetricsSystemImpl (MetricsSystemImpl.java:register(276)) - Sink prometheus already exists!
2019-09-19 11:51:37,623 [main] INFO  server.BaseHttpServer (BaseHttpServer.java:updateConnectorAddress(215)) - HTTP server of HDDSDATANODE is listening at http://0.0.0.0:45030
2019-09-19 11:51:37,623 [main] INFO  ozone.MiniOzoneClusterImpl (MiniOzoneClusterImpl.java:lambda$waitForClusterToBeReady$0(145)) - Waiting for cluster to be ready. Got 0 of 7 DN Heartbeats.
2019-09-19 11:51:37,625 [org.apache.hadoop.util.JvmPauseMonitor$Monitor@7dff591e] INFO  util.JvmPauseMonitor (JvmPauseMonitor.java:run(188)) - Starting JVM pause monitor
2019-09-19 11:51:37,626 [Datanode State Machine Thread - 0] INFO  datanode.InitDatanodeState (InitDatanodeState.java:persistContainerDatanodeDetails(140)) - DatanodeDetails is persisted to /workdir/hadoop-ozone/integration-test/target/test-dir/MiniOzoneClusterImpl-126efc8e-5eb3-4c27-bad9-6042ca060f46/datanode-6/meta/datanode.id
2019-09-19 11:51:38,624 [main] INFO  ozone.MiniOzoneClusterImpl (MiniOzoneClusterImpl.java:lambda$waitForClusterToBeReady$0(145)) - Waiting for cluster to be ready. Got 0 of 7 DN Heartbeats.
2019-09-19 11:51:39,624 [main] INFO  ozone.MiniOzoneClusterImpl (MiniOzoneClusterImpl.java:lambda$waitForClusterToBeReady$0(145)) - Waiting for cluster to be ready. Got 0 of 7 DN Heartbeats.
2019-09-19 11:51:40,396 [Datanode State Machine Thread - 0] INFO  ozoneimpl.OzoneContainer (OzoneContainer.java:start(217)) - Attempting to start container services.
2019-09-19 11:51:40,396 [Datanode State Machine Thread - 0] INFO  ozoneimpl.OzoneContainer (OzoneContainer.java:start(217)) - Attempting to start container services.
2019-09-19 11:51:40,397 [Datanode State Machine Thread - 0] INFO  ozoneimpl.OzoneContainer (OzoneContainer.java:startContainerScrub(179)) - Background container scanner has been disabled.
2019-09-19 11:51:40,396 [Datanode State Machine Thread - 0] INFO  ozoneimpl.OzoneContainer (OzoneContainer.java:start(217)) - Attempting to start container services.
2019-09-19 11:51:40,398 [Datanode State Machine Thread - 0] INFO  ratis.XceiverServerRatis (XceiverServerRatis.java:start(411)) - Starting XceiverServerRatis 1643b03f-9d01-4fe3-9afd-4f864af59477 at port 0
2019-09-19 11:51:40,398 [Datanode State Machine Thread - 0] INFO  ozoneimpl.OzoneContainer (OzoneContainer.java:startContainerScrub(179)) - Background container scanner has been disabled.
2019-09-19 11:51:40,398 [Datanode State Machine Thread - 0] INFO  ratis.XceiverServerRatis (XceiverServerRatis.java:start(411)) - Starting XceiverServerRatis 82dbb8ec-d38a-4326-bfd9-84ce9cea2120 at port 0
2019-09-19 11:51:40,398 [Datanode State Machine Thread - 0] INFO  ozoneimpl.OzoneContainer (OzoneContainer.java:startContainerScrub(179)) - Background container scanner has been disabled.
2019-09-19 11:51:40,399 [Datanode State Machine Thread - 0] INFO  ratis.XceiverServerRatis (XceiverServerRatis.java:start(411)) - Starting XceiverServerRatis 93edad04-9157-460e-adfe-f52fe6d4eb9a at port 0
2019-09-19 11:51:40,427 [Datanode State Machine Thread - 0] INFO  impl.RaftServerProxy (RaftServerProxy.java:lambda$start$3(299)) - 93edad04-9157-460e-adfe-f52fe6d4eb9a: start RPC server
2019-09-19 11:51:40,427 [Datanode State Machine Thread - 0] INFO  impl.RaftServerProxy (RaftServerProxy.java:lambda$start$3(299)) - 1643b03f-9d01-4fe3-9afd-4f864af59477: start RPC server
2019-09-19 11:51:40,427 [Datanode State Machine Thread - 0] INFO  impl.RaftServerProxy (RaftServerProxy.java:lambda$start$3(299)) - 82dbb8ec-d38a-4326-bfd9-84ce9cea2120: start RPC server
2019-09-19 11:51:40,430 [Datanode State Machine Thread - 0] INFO  server.GrpcService (GrpcService.java:startImpl(158)) - 82dbb8ec-d38a-4326-bfd9-84ce9cea2120: GrpcService started, listening on 0.0.0.0/0.0.0.0:41779
2019-09-19 11:51:40,430 [Datanode State Machine Thread - 0] INFO  server.GrpcService (GrpcService.java:startImpl(158)) - 1643b03f-9d01-4fe3-9afd-4f864af59477: GrpcService started, listening on 0.0.0.0/0.0.0.0:33659
2019-09-19 11:51:40,430 [Datanode State Machine Thread - 0] INFO  server.GrpcService (GrpcService.java:startImpl(158)) - 93edad04-9157-460e-adfe-f52fe6d4eb9a: GrpcService started, listening on 0.0.0.0/0.0.0.0:46234
2019-09-19 11:51:40,430 [Datanode State Machine Thread - 0] INFO  ratis.XceiverServerRatis (XceiverServerRatis.java:start(421)) - XceiverServerRatis 1643b03f-9d01-4fe3-9afd-4f864af59477 is started using port 33659
2019-09-19 11:51:40,430 [Datanode State Machine Thread - 0] INFO  ratis.XceiverServerRatis (XceiverServerRatis.java:start(421)) - XceiverServerRatis 82dbb8ec-d38a-4326-bfd9-84ce9cea2120 is started using port 41779
2019-09-19 11:51:40,431 [Datanode State Machine Thread - 0] INFO  ratis.XceiverServerRatis (XceiverServerRatis.java:start(421)) - XceiverServerRatis 93edad04-9157-460e-adfe-f52fe6d4eb9a is started using port 46234
2019-09-19 11:51:40,431 [Datanode State Machine Thread - 0] INFO  server.XceiverServerGrpc (XceiverServerGrpc.java:start(163)) - XceiverServerGrpc 1643b03f-9d01-4fe3-9afd-4f864af59477 is started using port 37631
2019-09-19 11:51:40,436 [Datanode State Machine Thread - 0] INFO  server.XceiverServerGrpc (XceiverServerGrpc.java:start(163)) - XceiverServerGrpc 82dbb8ec-d38a-4326-bfd9-84ce9cea2120 is started using port 45780
2019-09-19 11:51:40,436 [Datanode State Machine Thread - 0] INFO  server.XceiverServerGrpc (XceiverServerGrpc.java:start(163)) - XceiverServerGrpc 93edad04-9157-460e-adfe-f52fe6d4eb9a is started using port 37129
2019-09-19 11:51:40,625 [main] INFO  ozone.MiniOzoneClusterImpl (MiniOzoneClusterImpl.java:lambda$waitForClusterToBeReady$0(145)) - Waiting for cluster to be ready. Got 0 of 7 DN Heartbeats.
2019-09-19 11:51:40,848 [Datanode State Machine Thread - 0] INFO  ozoneimpl.OzoneContainer (OzoneContainer.java:start(217)) - Attempting to start container services.
2019-09-19 11:51:40,848 [Datanode State Machine Thread - 0] INFO  ozoneimpl.OzoneContainer (OzoneContainer.java:start(217)) - Attempting to start container services.
2019-09-19 11:51:40,848 [Datanode State Machine Thread - 0] INFO  ozoneimpl.OzoneContainer (OzoneContainer.java:start(217)) - Attempting to start container services.
2019-09-19 11:51:40,848 [Datanode State Machine Thread - 0] INFO  ozoneimpl.OzoneContainer (OzoneContainer.java:start(217)) - Attempting to start container services.
2019-09-19 11:51:40,849 [Datanode State Machine Thread - 0] INFO  ozoneimpl.OzoneContainer (OzoneContainer.java:startContainerScrub(179)) - Background container scanner has been disabled.
2019-09-19 11:51:40,849 [Datanode State Machine Thread - 0] INFO  ozoneimpl.OzoneContainer (OzoneContainer.java:startContainerScrub(179)) - Background container scanner has been disabled.
2019-09-19 11:51:40,849 [Datanode State Machine Thread - 0] INFO  ratis.XceiverServerRatis (XceiverServerRatis.java:start(411)) - Starting XceiverServerRatis 3bc24b3e-dad3-45a8-baeb-b401d6578a0b at port 0
2019-09-19 11:51:40,849 [Datanode State Machine Thread - 0] INFO  ozoneimpl.OzoneContainer (OzoneContainer.java:startContainerScrub(179)) - Background container scanner has been disabled.
2019-09-19 11:51:40,849 [Datanode State Machine Thread - 0] INFO  ratis.XceiverServerRatis (XceiverServerRatis.java:start(411)) - Starting XceiverServerRatis 52a59ef7-11d6-4b0c-b253-b79333fc9305 at port 0
2019-09-19 11:51:40,849 [Datanode State Machine Thread - 0] INFO  ozoneimpl.OzoneContainer (OzoneContainer.java:startContainerScrub(179)) - Background container scanner has been disabled.
2019-09-19 11:51:40,849 [Datanode State Machine Thread - 0] INFO  ratis.XceiverServerRatis (XceiverServerRatis.java:start(411)) - Starting XceiverServerRatis acdd24dc-6b6a-4c69-bdab-a73dc16818ad at port 0
2019-09-19 11:51:40,850 [Datanode State Machine Thread - 0] INFO  ratis.XceiverServerRatis (XceiverServerRatis.java:start(411)) - Starting XceiverServerRatis ba625d97-38b5-4f51-8c09-71f1ab2b77c9 at port 0
2019-09-19 11:51:40,873 [Datanode State Machine Thread - 0] INFO  impl.RaftServerProxy (RaftServerProxy.java:lambda$start$3(299)) - 3bc24b3e-dad3-45a8-baeb-b401d6578a0b: start RPC server
2019-09-19 11:51:40,876 [Datanode State Machine Thread - 0] INFO  impl.RaftServerProxy (RaftServerProxy.java:lambda$start$3(299)) - 52a59ef7-11d6-4b0c-b253-b79333fc9305: start RPC server
2019-09-19 11:51:40,876 [Datanode State Machine Thread - 0] INFO  server.GrpcService (GrpcService.java:startImpl(158)) - 3bc24b3e-dad3-45a8-baeb-b401d6578a0b: GrpcService started, listening on 0.0.0.0/0.0.0.0:35658
2019-09-19 11:51:40,876 [Datanode State Machine Thread - 0] INFO  ratis.XceiverServerRatis (XceiverServerRatis.java:start(421)) - XceiverServerRatis 3bc24b3e-dad3-45a8-baeb-b401d6578a0b is started using port 35658
2019-09-19 11:51:40,880 [Datanode State Machine Thread - 0] INFO  server.GrpcService (GrpcService.java:startImpl(158)) - 52a59ef7-11d6-4b0c-b253-b79333fc9305: GrpcService started, listening on 0.0.0.0/0.0.0.0:39843
2019-09-19 11:51:40,881 [Datanode State Machine Thread - 0] INFO  ratis.XceiverServerRatis (XceiverServerRatis.java:start(421)) - XceiverServerRatis 52a59ef7-11d6-4b0c-b253-b79333fc9305 is started using port 39843
2019-09-19 11:51:40,881 [Datanode State Machine Thread - 0] INFO  server.XceiverServerGrpc (XceiverServerGrpc.java:start(163)) - XceiverServerGrpc 3bc24b3e-dad3-45a8-baeb-b401d6578a0b is started using port 41406
2019-09-19 11:51:40,881 [Datanode State Machine Thread - 0] INFO  server.XceiverServerGrpc (XceiverServerGrpc.java:start(163)) - XceiverServerGrpc 52a59ef7-11d6-4b0c-b253-b79333fc9305 is started using port 36155
2019-09-19 11:51:40,882 [Datanode State Machine Thread - 0] INFO  impl.RaftServerProxy (RaftServerProxy.java:lambda$start$3(299)) - ba625d97-38b5-4f51-8c09-71f1ab2b77c9: start RPC server
2019-09-19 11:51:40,885 [Datanode State Machine Thread - 0] INFO  server.GrpcService (GrpcService.java:startImpl(158)) - ba625d97-38b5-4f51-8c09-71f1ab2b77c9: GrpcService started, listening on 0.0.0.0/0.0.0.0:43821
2019-09-19 11:51:40,885 [Datanode State Machine Thread - 0] INFO  ratis.XceiverServerRatis (XceiverServerRatis.java:start(421)) - XceiverServerRatis ba625d97-38b5-4f51-8c09-71f1ab2b77c9 is started using port 43821
2019-09-19 11:51:40,887 [Datanode State Machine Thread - 0] INFO  server.XceiverServerGrpc (XceiverServerGrpc.java:start(163)) - XceiverServerGrpc ba625d97-38b5-4f51-8c09-71f1ab2b77c9 is started using port 39774
2019-09-19 11:51:40,887 [Datanode State Machine Thread - 0] INFO  impl.RaftServerProxy (RaftServerProxy.java:lambda$start$3(299)) - acdd24dc-6b6a-4c69-bdab-a73dc16818ad: start RPC server
2019-09-19 11:51:40,894 [Datanode State Machine Thread - 0] INFO  server.GrpcService (GrpcService.java:startImpl(158)) - acdd24dc-6b6a-4c69-bdab-a73dc16818ad: GrpcService started, listening on 0.0.0.0/0.0.0.0:34281
2019-09-19 11:51:40,894 [Datanode State Machine Thread - 0] INFO  ratis.XceiverServerRatis (XceiverServerRatis.java:start(421)) - XceiverServerRatis acdd24dc-6b6a-4c69-bdab-a73dc16818ad is started using port 34281
2019-09-19 11:51:40,906 [Datanode State Machine Thread - 0] INFO  server.XceiverServerGrpc (XceiverServerGrpc.java:start(163)) - XceiverServerGrpc acdd24dc-6b6a-4c69-bdab-a73dc16818ad is started using port 43509
2019-09-19 11:51:41,259 [IPC Server handler 6 on 37097] INFO  net.NetworkTopology (NetworkTopologyImpl.java:add(111)) - Added a new node: /default-rack/93edad04-9157-460e-adfe-f52fe6d4eb9a
2019-09-19 11:51:41,262 [IPC Server handler 6 on 37097] INFO  node.SCMNodeManager (SCMNodeManager.java:register(266)) - Registered Data node : 93edad04-9157-460e-adfe-f52fe6d4eb9a{ip: 192.168.151.78, host: pr-hdds-2154-j8s56-3842691507, networkLocation: /default-rack, certSerialId: null}
2019-09-19 11:51:41,263 [EventQueue-NodeRegistrationContainerReportForDataNodeSafeModeRule] INFO  safemode.SCMSafeModeManager (DataNodeSafeModeRule.java:process(71)) - SCM in safe mode. 1 DataNodes registered, 1 required.
2019-09-19 11:51:41,266 [EventQueue-NodeRegistrationContainerReportForDataNodeSafeModeRule] INFO  safemode.SCMSafeModeManager (SCMSafeModeManager.java:validateSafeModeExitRules(177)) - ScmSafeModeManager, all rules are successfully validated
2019-09-19 11:51:41,266 [EventQueue-NodeRegistrationContainerReportForDataNodeSafeModeRule] INFO  safemode.SCMSafeModeManager (SCMSafeModeManager.java:exitSafeMode(193)) - SCM exiting safe mode.
2019-09-19 11:51:41,300 [grpc-default-executor-2] INFO  impl.RaftServerProxy (RaftServerProxy.java:addNew(89)) - 93edad04-9157-460e-adfe-f52fe6d4eb9a: addNew group-8DB747BFCA9F:[93edad04-9157-460e-adfe-f52fe6d4eb9a:192.168.151.78:46234] returns group-8DB747BFCA9F:java.util.concurrent.CompletableFuture@7099ffe4[Not completed]
2019-09-19 11:51:41,303 [pool-383-thread-1] INFO  impl.RaftServerImpl (RaftServerImpl.java:<init>(95)) - 93edad04-9157-460e-adfe-f52fe6d4eb9a: new RaftServerImpl for group-8DB747BFCA9F:[93edad04-9157-460e-adfe-f52fe6d4eb9a:192.168.151.78:46234] with ContainerStateMachine:uninitialized
2019-09-19 11:51:41,303 [pool-383-thread-1] INFO  server.RaftServerConfigKeys (ConfUtils.java:logGet(43)) - raft.server.rpc.timeout.min = 5s (custom)
2019-09-19 11:51:41,303 [pool-383-thread-1] INFO  server.RaftServerConfigKeys (ConfUtils.java:logGet(43)) - raft.server.rpc.timeout.max = 5200ms (custom)
2019-09-19 11:51:41,303 [pool-383-thread-1] INFO  server.RaftServerConfigKeys (ConfUtils.java:logGet(43)) - raft.server.rpcslowness.timeout = 120s (custom)
2019-09-19 11:51:41,303 [pool-383-thread-1] INFO  server.RaftServerConfigKeys (ConfUtils.java:logGet(43)) - raft.server.sleep.deviation.threshold = 300 (default)
2019-09-19 11:51:41,303 [pool-383-thread-1] INFO  server.RaftServerConfigKeys (ConfUtils.java:logGet(43)) - raft.server.log.appender.install.snapshot.enabled = false (custom)
2019-09-19 11:51:41,304 [pool-383-thread-1] INFO  impl.RaftServerImpl (ServerState.java:<init>(103)) - 93edad04-9157-460e-adfe-f52fe6d4eb9a@group-8DB747BFCA9F: ConfigurationManager, init=-1: [93edad04-9157-460e-adfe-f52fe6d4eb9a:192.168.151.78:46234], old=null, confs=<EMPTY_MAP>
2019-09-19 11:51:41,304 [pool-383-thread-1] INFO  server.RaftServerConfigKeys (ConfUtils.java:logGet(43)) - raft.server.storage.dir = [/workdir/hadoop-ozone/integration-test/target/test-dir/MiniOzoneClusterImpl-126efc8e-5eb3-4c27-bad9-6042ca060f46/datanode-0/data/ratis] (custom)
2019-09-19 11:51:41,304 [pool-383-thread-1] INFO  storage.RaftStorageDirectory (RaftStorageDirectory.java:analyzeStorage(246)) - The storage directory /workdir/hadoop-ozone/integration-test/target/test-dir/MiniOzoneClusterImpl-126efc8e-5eb3-4c27-bad9-6042ca060f46/datanode-0/data/ratis/e00426f9-2aec-4330-92cc-8db747bfca9f does not exist. Creating ...
2019-09-19 11:51:41,317 [IPC Server handler 8 on 37097] INFO  net.NetworkTopology (NetworkTopologyImpl.java:add(111)) - Added a new node: /default-rack/82dbb8ec-d38a-4326-bfd9-84ce9cea2120
2019-09-19 11:51:41,317 [IPC Server handler 8 on 37097] INFO  node.SCMNodeManager (SCMNodeManager.java:register(266)) - Registered Data node : 82dbb8ec-d38a-4326-bfd9-84ce9cea2120{ip: 192.168.151.78, host: pr-hdds-2154-j8s56-3842691507, networkLocation: /default-rack, certSerialId: null}
2019-09-19 11:51:41,331 [pool-383-thread-1] INFO  storage.RaftStorageDirectory (RaftStorageDirectory.java:tryLock(328)) - Lock on /workdir/hadoop-ozone/integration-test/target/test-dir/MiniOzoneClusterImpl-126efc8e-5eb3-4c27-bad9-6042ca060f46/datanode-0/data/ratis/e00426f9-2aec-4330-92cc-8db747bfca9f/in_use.lock acquired by nodename 25343@pr-hdds-2154-j8s56-3842691507
2019-09-19 11:51:41,345 [pool-383-thread-1] INFO  storage.RaftStorage (RaftStorage.java:format(72)) - Storage directory /workdir/hadoop-ozone/integration-test/target/test-dir/MiniOzoneClusterImpl-126efc8e-5eb3-4c27-bad9-6042ca060f46/datanode-0/data/ratis/e00426f9-2aec-4330-92cc-8db747bfca9f has been successfully formatted.
2019-09-19 11:51:41,345 [pool-383-thread-1] INFO  ratis.ContainerStateMachine (ContainerStateMachine.java:loadSnapshot(230)) - group-8DB747BFCA9F: The snapshot info is null. Setting the last applied indexto:(t:0, i:~)
2019-09-19 11:51:41,345 [pool-383-thread-1] INFO  server.RaftServerConfigKeys (ConfUtils.java:logGet(43)) - raft.server.notification.no-leader.timeout = 120s (custom)
2019-09-19 11:51:41,345 [pool-383-thread-1] INFO  server.RaftServerConfigKeys (ConfUtils.java:logGet(43)) - raft.server.log.use.memory = false (default)
2019-09-19 11:51:41,346 [pool-383-thread-1] INFO  server.RaftServerConfigKeys (ConfUtils.java:logGet(43)) - raft.server.log.purge.gap = 1000000 (custom)
2019-09-19 11:51:41,346 [pool-383-thread-1] INFO  server.RaftServerConfigKeys (ConfUtils.java:logGet(43)) - raft.server.log.appender.buffer.byte-limit = 33554432 (custom)
2019-09-19 11:51:41,346 [pool-383-thread-1] INFO  server.RaftServerConfigKeys (ConfUtils.java:logGet(43)) - raft.server.log.segment.size.max = 1048576 (custom)
2019-09-19 11:51:41,346 [pool-383-thread-1] INFO  server.RaftServerConfigKeys (ConfUtils.java:logGet(43)) - raft.server.log.segment.cache.num.max = 2 (custom)
2019-09-19 11:51:41,346 [pool-383-thread-1] INFO  segmented.SegmentedRaftLogWorker (SegmentedRaftLogWorker.java:<init>(172)) - new 93edad04-9157-460e-adfe-f52fe6d4eb9a@group-8DB747BFCA9F-SegmentedRaftLogWorker for RaftStorage:Storage Directory /workdir/hadoop-ozone/integration-test/target/test-dir/MiniOzoneClusterImpl-126efc8e-5eb3-4c27-bad9-6042ca060f46/datanode-0/data/ratis/e00426f9-2aec-4330-92cc-8db747bfca9f
2019-09-19 11:51:41,349 [pool-383-thread-1] INFO  server.RaftServerConfigKeys (ConfUtils.java:logGet(43)) - raft.server.log.queue.byte-limit = 2147483647 (custom)
2019-09-19 11:51:41,349 [pool-383-thread-1] INFO  server.RaftServerConfigKeys (ConfUtils.java:logGet(43)) - raft.server.log.queue.element-limit = 1024 (custom)
2019-09-19 11:51:41,349 [pool-383-thread-1] INFO  server.RaftServerConfigKeys (ConfUtils.java:logGet(43)) - raft.server.log.segment.size.max = 1048576 (custom)
2019-09-19 11:51:41,349 [pool-383-thread-1] INFO  server.RaftServerConfigKeys (ConfUtils.java:logGet(43)) - raft.server.log.preallocated.size = 16384 (custom)
2019-09-19 11:51:41,350 [pool-383-thread-1] INFO  server.RaftServerConfigKeys (ConfUtils.java:logGet(43)) - raft.server.log.write.buffer.size = 33554432 (custom)
2019-09-19 11:51:41,350 [pool-383-thread-1] INFO  server.RaftServerConfigKeys (ConfUtils.java:logGet(43)) - raft.server.log.force.sync.num = 128 (default)
2019-09-19 11:51:41,350 [pool-383-thread-1] INFO  server.RaftServerConfigKeys (ConfUtils.java:logGet(43)) - raft.server.log.statemachine.data.sync = true (default)
2019-09-19 11:51:41,350 [pool-383-thread-1] INFO  server.RaftServerConfigKeys (ConfUtils.java:logGet(43)) - raft.server.log.statemachine.data.sync.timeout = 10s (default)
2019-09-19 11:51:41,350 [pool-383-thread-1] INFO  server.RaftServerConfigKeys (ConfUtils.java:logGet(43)) - raft.server.log.statemachine.data.sync.timeout.retry = -1 (default)
2019-09-19 11:51:41,350 [pool-383-thread-1] INFO  server.RaftServerConfigKeys (ConfUtils.java:logGet(43)) - raft.server.log.statemachine.data.caching.enabled = true (custom)
2019-09-19 11:51:41,351 [pool-383-thread-1] INFO  segmented.SegmentedRaftLogWorker (SegmentedRaftLogWorker.java:lambda$new$0(132)) - 93edad04-9157-460e-adfe-f52fe6d4eb9a@group-8DB747BFCA9F-SegmentedRaftLogWorker: flushIndex: setUnconditionally 0 -> -1
2019-09-19 11:51:41,351 [pool-383-thread-1] INFO  server.RaftServerConfigKeys (ConfUtils.java:logGet(43)) - raft.server.snapshot.auto.trigger.enabled = true (custom)
2019-09-19 11:51:41,351 [pool-383-thread-1] INFO  server.RaftServerConfigKeys (ConfUtils.java:logGet(43)) - raft.server.snapshot.auto.trigger.threshold = 10000 (custom)
2019-09-19 11:51:41,352 [pool-383-thread-1] INFO  server.RaftServerConfigKeys (ConfUtils.java:logGet(43)) - raft.server.snapshot.retention.num.files = 5 (custom)
2019-09-19 11:51:41,352 [pool-383-thread-1] INFO  server.RaftServerConfigKeys (ConfUtils.java:logGet(43)) - raft.server.retrycache.expirytime = 600000ms (custom)
2019-09-19 11:51:41,354 [pool-383-thread-1] INFO  impl.RaftServerImpl (RaftServerImpl.java:start(185)) - 93edad04-9157-460e-adfe-f52fe6d4eb9a@group-8DB747BFCA9F: start as a follower, conf=-1: [93edad04-9157-460e-adfe-f52fe6d4eb9a:192.168.151.78:46234], old=null
2019-09-19 11:51:41,354 [pool-383-thread-1] INFO  impl.RaftServerImpl (RaftServerImpl.java:setRole(174)) - 93edad04-9157-460e-adfe-f52fe6d4eb9a@group-8DB747BFCA9F: changes role from      null to FOLLOWER at term 0 for startAsFollower
2019-09-19 11:51:41,354 [pool-383-thread-1] INFO  impl.RoleInfo (RoleInfo.java:updateAndGet(143)) - 93edad04-9157-460e-adfe-f52fe6d4eb9a: start FollowerState
2019-09-19 11:51:41,354 [pool-383-thread-1] INFO  util.JmxRegister (JmxRegister.java:tryRegister(44)) - Successfully registered JMX Bean with object name Ratis:service=RaftServer,group=group-8DB747BFCA9F,id=93edad04-9157-460e-adfe-f52fe6d4eb9a
2019-09-19 11:51:41,357 [RatisPipelineUtilsThread] INFO  pipeline.PipelineStateManager (PipelineStateManager.java:addPipeline(56)) - Created pipeline Pipeline[ Id: e00426f9-2aec-4330-92cc-8db747bfca9f, Nodes: 93edad04-9157-460e-adfe-f52fe6d4eb9a{ip: 192.168.151.78, host: pr-hdds-2154-j8s56-3842691507, networkLocation: /default-rack, certSerialId: null}, Type:RATIS, Factor:ONE, State:OPEN]
2019-09-19 11:51:41,367 [grpc-default-executor-2] INFO  impl.RaftServerProxy (RaftServerProxy.java:addNew(89)) - 82dbb8ec-d38a-4326-bfd9-84ce9cea2120: addNew group-939718A6FBAD:[82dbb8ec-d38a-4326-bfd9-84ce9cea2120:192.168.151.78:41779] returns group-939718A6FBAD:java.util.concurrent.CompletableFuture@3447b9b3[Not completed]
2019-09-19 11:51:41,369 [pool-393-thread-1] INFO  impl.RaftServerImpl (RaftServerImpl.java:<init>(95)) - 82dbb8ec-d38a-4326-bfd9-84ce9cea2120: new RaftServerImpl for group-939718A6FBAD:[82dbb8ec-d38a-4326-bfd9-84ce9cea2120:192.168.151.78:41779] with ContainerStateMachine:uninitialized
2019-09-19 11:51:41,369 [pool-393-thread-1] INFO  server.RaftServerConfigKeys (ConfUtils.java:logGet(43)) - raft.server.rpc.timeout.min = 5s (custom)
2019-09-19 11:51:41,369 [pool-393-thread-1] INFO  server.RaftServerConfigKeys (ConfUtils.java:logGet(43)) - raft.server.rpc.timeout.max = 5200ms (custom)
2019-09-19 11:51:41,369 [pool-393-thread-1] INFO  server.RaftServerConfigKeys (ConfUtils.java:logGet(43)) - raft.server.rpcslowness.timeout = 120s (custom)
2019-09-19 11:51:41,369 [pool-393-thread-1] INFO  server.RaftServerConfigKeys (ConfUtils.java:logGet(43)) - raft.server.sleep.deviation.threshold = 300 (default)
2019-09-19 11:51:41,369 [pool-393-thread-1] INFO  server.RaftServerConfigKeys (ConfUtils.java:logGet(43)) - raft.server.log.appender.install.snapshot.enabled = false (custom)
2019-09-19 11:51:41,370 [pool-393-thread-1] INFO  impl.RaftServerImpl (ServerState.java:<init>(103)) - 82dbb8ec-d38a-4326-bfd9-84ce9cea2120@group-939718A6FBAD: ConfigurationManager, init=-1: [82dbb8ec-d38a-4326-bfd9-84ce9cea2120:192.168.151.78:41779], old=null, confs=<EMPTY_MAP>
2019-09-19 11:51:41,370 [pool-393-thread-1] INFO  server.RaftServerConfigKeys (ConfUtils.java:logGet(43)) - raft.server.storage.dir = [/workdir/hadoop-ozone/integration-test/target/test-dir/MiniOzoneClusterImpl-126efc8e-5eb3-4c27-bad9-6042ca060f46/datanode-1/data/ratis] (custom)
2019-09-19 11:51:41,370 [pool-393-thread-1] INFO  storage.RaftStorageDirectory (RaftStorageDirectory.java:analyzeStorage(246)) - The storage directory /workdir/hadoop-ozone/integration-test/target/test-dir/MiniOzoneClusterImpl-126efc8e-5eb3-4c27-bad9-6042ca060f46/datanode-1/data/ratis/434bcc47-1c90-4c95-aa45-939718a6fbad does not exist. Creating ...
2019-09-19 11:51:41,379 [IPC Server handler 9 on 37097] INFO  net.NetworkTopology (NetworkTopologyImpl.java:add(111)) - Added a new node: /default-rack/1643b03f-9d01-4fe3-9afd-4f864af59477
2019-09-19 11:51:41,379 [IPC Server handler 9 on 37097] INFO  node.SCMNodeManager (SCMNodeManager.java:register(266)) - Registered Data node : 1643b03f-9d01-4fe3-9afd-4f864af59477{ip: 192.168.151.78, host: pr-hdds-2154-j8s56-3842691507, networkLocation: /default-rack, certSerialId: null}
2019-09-19 11:51:41,384 [pool-393-thread-1] INFO  storage.RaftStorageDirectory (RaftStorageDirectory.java:tryLock(328)) - Lock on /workdir/hadoop-ozone/integration-test/target/test-dir/MiniOzoneClusterImpl-126efc8e-5eb3-4c27-bad9-6042ca060f46/datanode-1/data/ratis/434bcc47-1c90-4c95-aa45-939718a6fbad/in_use.lock acquired by nodename 25343@pr-hdds-2154-j8s56-3842691507
2019-09-19 11:51:41,402 [pool-393-thread-1] INFO  storage.RaftStorage (RaftStorage.java:format(72)) - Storage directory /workdir/hadoop-ozone/integration-test/target/test-dir/MiniOzoneClusterImpl-126efc8e-5eb3-4c27-bad9-6042ca060f46/datanode-1/data/ratis/434bcc47-1c90-4c95-aa45-939718a6fbad has been successfully formatted.
2019-09-19 11:51:41,402 [pool-393-thread-1] INFO  ratis.ContainerStateMachine (ContainerStateMachine.java:loadSnapshot(230)) - group-939718A6FBAD: The snapshot info is null. Setting the last applied indexto:(t:0, i:~)
2019-09-19 11:51:41,403 [pool-393-thread-1] INFO  server.RaftServerConfigKeys (ConfUtils.java:logGet(43)) - raft.server.notification.no-leader.timeout = 120s (custom)
2019-09-19 11:51:41,403 [pool-393-thread-1] INFO  server.RaftServerConfigKeys (ConfUtils.java:logGet(43)) - raft.server.log.use.memory = false (default)
2019-09-19 11:51:41,403 [pool-393-thread-1] INFO  server.RaftServerConfigKeys (ConfUtils.java:logGet(43)) - raft.server.log.purge.gap = 1000000 (custom)
2019-09-19 11:51:41,403 [pool-393-thread-1] INFO  server.RaftServerConfigKeys (ConfUtils.java:logGet(43)) - raft.server.log.appender.buffer.byte-limit = 33554432 (custom)
2019-09-19 11:51:41,403 [pool-393-thread-1] INFO  server.RaftServerConfigKeys (ConfUtils.java:logGet(43)) - raft.server.log.segment.size.max = 1048576 (custom)
2019-09-19 11:51:41,403 [pool-393-thread-1] INFO  server.RaftServerConfigKeys (ConfUtils.java:logGet(43)) - raft.server.log.segment.cache.num.max = 2 (custom)
2019-09-19 11:51:41,403 [pool-393-thread-1] INFO  segmented.SegmentedRaftLogWorker (SegmentedRaftLogWorker.java:<init>(172)) - new 82dbb8ec-d38a-4326-bfd9-84ce9cea2120@group-939718A6FBAD-SegmentedRaftLogWorker for RaftStorage:Storage Directory /workdir/hadoop-ozone/integration-test/target/test-dir/MiniOzoneClusterImpl-126efc8e-5eb3-4c27-bad9-6042ca060f46/datanode-1/data/ratis/434bcc47-1c90-4c95-aa45-939718a6fbad
2019-09-19 11:51:41,405 [pool-393-thread-1] INFO  server.RaftServerConfigKeys (ConfUtils.java:logGet(43)) - raft.server.log.queue.byte-limit = 2147483647 (custom)
2019-09-19 11:51:41,405 [pool-393-thread-1] INFO  server.RaftServerConfigKeys (ConfUtils.java:logGet(43)) - raft.server.log.queue.element-limit = 1024 (custom)
2019-09-19 11:51:41,405 [pool-393-thread-1] INFO  server.RaftServerConfigKeys (ConfUtils.java:logGet(43)) - raft.server.log.segment.size.max = 1048576 (custom)
2019-09-19 11:51:41,405 [pool-393-thread-1] INFO  server.RaftServerConfigKeys (ConfUtils.java:logGet(43)) - raft.server.log.preallocated.size = 16384 (custom)
2019-09-19 11:51:41,405 [pool-393-thread-1] INFO  server.RaftServerConfigKeys (ConfUtils.java:logGet(43)) - raft.server.log.write.buffer.size = 33554432 (custom)
2019-09-19 11:51:41,405 [pool-393-thread-1] INFO  server.RaftServerConfigKeys (ConfUtils.java:logGet(43)) - raft.server.log.force.sync.num = 128 (default)
2019-09-19 11:51:41,406 [pool-393-thread-1] INFO  server.RaftServerConfigKeys (ConfUtils.java:logGet(43)) - raft.server.log.statemachine.data.sync = true (default)
2019-09-19 11:51:41,406 [pool-393-thread-1] INFO  server.RaftServerConfigKeys (ConfUtils.java:logGet(43)) - raft.server.log.statemachine.data.sync.timeout = 10s (default)
2019-09-19 11:51:41,406 [pool-393-thread-1] INFO  server.RaftServerConfigKeys (ConfUtils.java:logGet(43)) - raft.server.log.statemachine.data.sync.timeout.retry = -1 (default)
2019-09-19 11:51:41,406 [pool-393-thread-1] INFO  server.RaftServerConfigKeys (ConfUtils.java:logGet(43)) - raft.server.log.statemachine.data.caching.enabled = true (custom)
2019-09-19 11:51:41,406 [pool-393-thread-1] INFO  segmented.SegmentedRaftLogWorker (SegmentedRaftLogWorker.java:lambda$new$0(132)) - 82dbb8ec-d38a-4326-bfd9-84ce9cea2120@group-939718A6FBAD-SegmentedRaftLogWorker: flushIndex: setUnconditionally 0 -> -1
2019-09-19 11:51:41,407 [pool-393-thread-1] INFO  server.RaftServerConfigKeys (ConfUtils.java:logGet(43)) - raft.server.snapshot.auto.trigger.enabled = true (custom)
2019-09-19 11:51:41,407 [pool-393-thread-1] INFO  server.RaftServerConfigKeys (ConfUtils.java:logGet(43)) - raft.server.snapshot.auto.trigger.threshold = 10000 (custom)
2019-09-19 11:51:41,407 [pool-393-thread-1] INFO  server.RaftServerConfigKeys (ConfUtils.java:logGet(43)) - raft.server.snapshot.retention.num.files = 5 (custom)
2019-09-19 11:51:41,407 [pool-393-thread-1] INFO  server.RaftServerConfigKeys (ConfUtils.java:logGet(43)) - raft.server.retrycache.expirytime = 600000ms (custom)
2019-09-19 11:51:41,408 [pool-393-thread-1] INFO  impl.RaftServerImpl (RaftServerImpl.java:start(185)) - 82dbb8ec-d38a-4326-bfd9-84ce9cea2120@group-939718A6FBAD: start as a follower, conf=-1: [82dbb8ec-d38a-4326-bfd9-84ce9cea2120:192.168.151.78:41779], old=null
2019-09-19 11:51:41,408 [pool-393-thread-1] INFO  impl.RaftServerImpl (RaftServerImpl.java:setRole(174)) - 82dbb8ec-d38a-4326-bfd9-84ce9cea2120@group-939718A6FBAD: changes role from      null to FOLLOWER at term 0 for startAsFollower
2019-09-19 11:51:41,409 [pool-393-thread-1] INFO  impl.RoleInfo (RoleInfo.java:updateAndGet(143)) - 82dbb8ec-d38a-4326-bfd9-84ce9cea2120: start FollowerState
2019-09-19 11:51:41,409 [pool-393-thread-1] INFO  util.JmxRegister (JmxRegister.java:tryRegister(44)) - Successfully registered JMX Bean with object name Ratis:service=RaftServer,group=group-939718A6FBAD,id=82dbb8ec-d38a-4326-bfd9-84ce9cea2120
2019-09-19 11:51:41,411 [RatisPipelineUtilsThread] INFO  pipeline.PipelineStateManager (PipelineStateManager.java:addPipeline(56)) - Created pipeline Pipeline[ Id: 434bcc47-1c90-4c95-aa45-939718a6fbad, Nodes: 82dbb8ec-d38a-4326-bfd9-84ce9cea2120{ip: 192.168.151.78, host: pr-hdds-2154-j8s56-3842691507, networkLocation: /default-rack, certSerialId: null}, Type:RATIS, Factor:ONE, State:OPEN]
2019-09-19 11:51:41,420 [grpc-default-executor-2] INFO  impl.RaftServerProxy (RaftServerProxy.java:addNew(89)) - 1643b03f-9d01-4fe3-9afd-4f864af59477: addNew group-C07B42D3323C:[1643b03f-9d01-4fe3-9afd-4f864af59477:192.168.151.78:33659] returns group-C07B42D3323C:java.util.concurrent.CompletableFuture@54c72c4f[Not completed]
2019-09-19 11:51:41,421 [pool-403-thread-1] INFO  impl.RaftServerImpl (RaftServerImpl.java:<init>(95)) - 1643b03f-9d01-4fe3-9afd-4f864af59477: new RaftServerImpl for group-C07B42D3323C:[1643b03f-9d01-4fe3-9afd-4f864af59477:192.168.151.78:33659] with ContainerStateMachine:uninitialized
2019-09-19 11:51:41,421 [pool-403-thread-1] INFO  server.RaftServerConfigKeys (ConfUtils.java:logGet(43)) - raft.server.rpc.timeout.min = 5s (custom)
2019-09-19 11:51:41,421 [pool-403-thread-1] INFO  server.RaftServerConfigKeys (ConfUtils.java:logGet(43)) - raft.server.rpc.timeout.max = 5200ms (custom)
2019-09-19 11:51:41,422 [pool-403-thread-1] INFO  server.RaftServerConfigKeys (ConfUtils.java:logGet(43)) - raft.server.rpcslowness.timeout = 120s (custom)
2019-09-19 11:51:41,422 [pool-403-thread-1] INFO  server.RaftServerConfigKeys (ConfUtils.java:logGet(43)) - raft.server.sleep.deviation.threshold = 300 (default)
2019-09-19 11:51:41,422 [pool-403-thread-1] INFO  server.RaftServerConfigKeys (ConfUtils.java:logGet(43)) - raft.server.log.appender.install.snapshot.enabled = false (custom)
2019-09-19 11:51:41,422 [pool-403-thread-1] INFO  impl.RaftServerImpl (ServerState.java:<init>(103)) - 1643b03f-9d01-4fe3-9afd-4f864af59477@group-C07B42D3323C: ConfigurationManager, init=-1: [1643b03f-9d01-4fe3-9afd-4f864af59477:192.168.151.78:33659], old=null, confs=<EMPTY_MAP>
2019-09-19 11:51:41,422 [pool-403-thread-1] INFO  server.RaftServerConfigKeys (ConfUtils.java:logGet(43)) - raft.server.storage.dir = [/workdir/hadoop-ozone/integration-test/target/test-dir/MiniOzoneClusterImpl-126efc8e-5eb3-4c27-bad9-6042ca060f46/datanode-2/data/ratis] (custom)
2019-09-19 11:51:41,423 [pool-403-thread-1] INFO  storage.RaftStorageDirectory (RaftStorageDirectory.java:analyzeStorage(246)) - The storage directory /workdir/hadoop-ozone/integration-test/target/test-dir/MiniOzoneClusterImpl-126efc8e-5eb3-4c27-bad9-6042ca060f46/datanode-2/data/ratis/af8fdb6d-17bf-4fad-924d-c07b42d3323c does not exist. Creating ...
2019-09-19 11:51:41,437 [pool-403-thread-1] INFO  storage.RaftStorageDirectory (RaftStorageDirectory.java:tryLock(328)) - Lock on /workdir/hadoop-ozone/integration-test/target/test-dir/MiniOzoneClusterImpl-126efc8e-5eb3-4c27-bad9-6042ca060f46/datanode-2/data/ratis/af8fdb6d-17bf-4fad-924d-c07b42d3323c/in_use.lock acquired by nodename 25343@pr-hdds-2154-j8s56-3842691507
2019-09-19 11:51:41,446 [IPC Server handler 5 on 37097] INFO  net.NetworkTopology (NetworkTopologyImpl.java:add(111)) - Added a new node: /default-rack/acdd24dc-6b6a-4c69-bdab-a73dc16818ad
2019-09-19 11:51:41,446 [IPC Server handler 5 on 37097] INFO  node.SCMNodeManager (SCMNodeManager.java:register(266)) - Registered Data node : acdd24dc-6b6a-4c69-bdab-a73dc16818ad{ip: 192.168.151.78, host: pr-hdds-2154-j8s56-3842691507, networkLocation: /default-rack, certSerialId: null}
2019-09-19 11:51:41,450 [pool-403-thread-1] INFO  storage.RaftStorage (RaftStorage.java:format(72)) - Storage directory /workdir/hadoop-ozone/integration-test/target/test-dir/MiniOzoneClusterImpl-126efc8e-5eb3-4c27-bad9-6042ca060f46/datanode-2/data/ratis/af8fdb6d-17bf-4fad-924d-c07b42d3323c has been successfully formatted.
2019-09-19 11:51:41,450 [pool-403-thread-1] INFO  ratis.ContainerStateMachine (ContainerStateMachine.java:loadSnapshot(230)) - group-C07B42D3323C: The snapshot info is null. Setting the last applied indexto:(t:0, i:~)
2019-09-19 11:51:41,451 [pool-403-thread-1] INFO  server.RaftServerConfigKeys (ConfUtils.java:logGet(43)) - raft.server.notification.no-leader.timeout = 120s (custom)
2019-09-19 11:51:41,451 [pool-403-thread-1] INFO  server.RaftServerConfigKeys (ConfUtils.java:logGet(43)) - raft.server.log.use.memory = false (default)
2019-09-19 11:51:41,451 [pool-403-thread-1] INFO  server.RaftServerConfigKeys (ConfUtils.java:logGet(43)) - raft.server.log.purge.gap = 1000000 (custom)
2019-09-19 11:51:41,451 [pool-403-thread-1] INFO  server.RaftServerConfigKeys (ConfUtils.java:logGet(43)) - raft.server.log.appender.buffer.byte-limit = 33554432 (custom)
2019-09-19 11:51:41,451 [pool-403-thread-1] INFO  server.RaftServerConfigKeys (ConfUtils.java:logGet(43)) - raft.server.log.segment.size.max = 1048576 (custom)
2019-09-19 11:51:41,451 [pool-403-thread-1] INFO  server.RaftServerConfigKeys (ConfUtils.java:logGet(43)) - raft.server.log.segment.cache.num.max = 2 (custom)
2019-09-19 11:51:41,451 [pool-403-thread-1] INFO  segmented.SegmentedRaftLogWorker (SegmentedRaftLogWorker.java:<init>(172)) - new 1643b03f-9d01-4fe3-9afd-4f864af59477@group-C07B42D3323C-SegmentedRaftLogWorker for RaftStorage:Storage Directory /workdir/hadoop-ozone/integration-test/target/test-dir/MiniOzoneClusterImpl-126efc8e-5eb3-4c27-bad9-6042ca060f46/datanode-2/data/ratis/af8fdb6d-17bf-4fad-924d-c07b42d3323c
2019-09-19 11:51:41,453 [pool-403-thread-1] INFO  server.RaftServerConfigKeys (ConfUtils.java:logGet(43)) - raft.server.log.queue.byte-limit = 2147483647 (custom)
2019-09-19 11:51:41,453 [pool-403-thread-1] INFO  server.RaftServerConfigKeys (ConfUtils.java:logGet(43)) - raft.server.log.queue.element-limit = 1024 (custom)
2019-09-19 11:51:41,454 [pool-403-thread-1] INFO  server.RaftServerConfigKeys (ConfUtils.java:logGet(43)) - raft.server.log.segment.size.max = 1048576 (custom)
2019-09-19 11:51:41,454 [pool-403-thread-1] INFO  server.RaftServerConfigKeys (ConfUtils.java:logGet(43)) - raft.server.log.preallocated.size = 16384 (custom)
2019-09-19 11:51:41,454 [pool-403-thread-1] INFO  server.RaftServerConfigKeys (ConfUtils.java:logGet(43)) - raft.server.log.write.buffer.size = 33554432 (custom)
2019-09-19 11:51:41,454 [pool-403-thread-1] INFO  server.RaftServerConfigKeys (ConfUtils.java:logGet(43)) - raft.server.log.force.sync.num = 128 (default)
2019-09-19 11:51:41,454 [pool-403-thread-1] INFO  server.RaftServerConfigKeys (ConfUtils.java:logGet(43)) - raft.server.log.statemachine.data.sync = true (default)
2019-09-19 11:51:41,454 [pool-403-thread-1] INFO  server.RaftServerConfigKeys (ConfUtils.java:logGet(43)) - raft.server.log.statemachine.data.sync.timeout = 10s (default)
2019-09-19 11:51:41,454 [pool-403-thread-1] INFO  server.RaftServerConfigKeys (ConfUtils.java:logGet(43)) - raft.server.log.statemachine.data.sync.timeout.retry = -1 (default)
2019-09-19 11:51:41,455 [pool-403-thread-1] INFO  server.RaftServerConfigKeys (ConfUtils.java:logGet(43)) - raft.server.log.statemachine.data.caching.enabled = true (custom)
2019-09-19 11:51:41,455 [pool-403-thread-1] INFO  segmented.SegmentedRaftLogWorker (SegmentedRaftLogWorker.java:lambda$new$0(132)) - 1643b03f-9d01-4fe3-9afd-4f864af59477@group-C07B42D3323C-SegmentedRaftLogWorker: flushIndex: setUnconditionally 0 -> -1
2019-09-19 11:51:41,455 [pool-403-thread-1] INFO  server.RaftServerConfigKeys (ConfUtils.java:logGet(43)) - raft.server.snapshot.auto.trigger.enabled = true (custom)
2019-09-19 11:51:41,455 [pool-403-thread-1] INFO  server.RaftServerConfigKeys (ConfUtils.java:logGet(43)) - raft.server.snapshot.auto.trigger.threshold = 10000 (custom)
2019-09-19 11:51:41,455 [pool-403-thread-1] INFO  server.RaftServerConfigKeys (ConfUtils.java:logGet(43)) - raft.server.snapshot.retention.num.files = 5 (custom)
2019-09-19 11:51:41,456 [pool-403-thread-1] INFO  server.RaftServerConfigKeys (ConfUtils.java:logGet(43)) - raft.server.retrycache.expirytime = 600000ms (custom)
2019-09-19 11:51:41,457 [pool-403-thread-1] INFO  impl.RaftServerImpl (RaftServerImpl.java:start(185)) - 1643b03f-9d01-4fe3-9afd-4f864af59477@group-C07B42D3323C: start as a follower, conf=-1: [1643b03f-9d01-4fe3-9afd-4f864af59477:192.168.151.78:33659], old=null
2019-09-19 11:51:41,458 [pool-403-thread-1] INFO  impl.RaftServerImpl (RaftServerImpl.java:setRole(174)) - 1643b03f-9d01-4fe3-9afd-4f864af59477@group-C07B42D3323C: changes role from      null to FOLLOWER at term 0 for startAsFollower
2019-09-19 11:51:41,458 [pool-403-thread-1] INFO  impl.RoleInfo (RoleInfo.java:updateAndGet(143)) - 1643b03f-9d01-4fe3-9afd-4f864af59477: start FollowerState
2019-09-19 11:51:41,458 [pool-403-thread-1] INFO  util.JmxRegister (JmxRegister.java:tryRegister(44)) - Successfully registered JMX Bean with object name Ratis:service=RaftServer,group=group-C07B42D3323C,id=1643b03f-9d01-4fe3-9afd-4f864af59477
2019-09-19 11:51:41,460 [RatisPipelineUtilsThread] INFO  pipeline.PipelineStateManager (PipelineStateManager.java:addPipeline(56)) - Created pipeline Pipeline[ Id: af8fdb6d-17bf-4fad-924d-c07b42d3323c, Nodes: 1643b03f-9d01-4fe3-9afd-4f864af59477{ip: 192.168.151.78, host: pr-hdds-2154-j8s56-3842691507, networkLocation: /default-rack, certSerialId: null}, Type:RATIS, Factor:ONE, State:OPEN]
2019-09-19 11:51:41,468 [grpc-default-executor-2] INFO  impl.RaftServerProxy (RaftServerProxy.java:addNew(89)) - acdd24dc-6b6a-4c69-bdab-a73dc16818ad: addNew group-1B5375416F83:[acdd24dc-6b6a-4c69-bdab-a73dc16818ad:192.168.151.78:34281] returns group-1B5375416F83:java.util.concurrent.CompletableFuture@2312fa8e[Not completed]
2019-09-19 11:51:41,469 [pool-413-thread-1] INFO  impl.RaftServerImpl (RaftServerImpl.java:<init>(95)) - acdd24dc-6b6a-4c69-bdab-a73dc16818ad: new RaftServerImpl for group-1B5375416F83:[acdd24dc-6b6a-4c69-bdab-a73dc16818ad:192.168.151.78:34281] with ContainerStateMachine:uninitialized
2019-09-19 11:51:41,470 [pool-413-thread-1] INFO  server.RaftServerConfigKeys (ConfUtils.java:logGet(43)) - raft.server.rpc.timeout.min = 5s (custom)
2019-09-19 11:51:41,470 [pool-413-thread-1] INFO  server.RaftServerConfigKeys (ConfUtils.java:logGet(43)) - raft.server.rpc.timeout.max = 5200ms (custom)
2019-09-19 11:51:41,470 [pool-413-thread-1] INFO  server.RaftServerConfigKeys (ConfUtils.java:logGet(43)) - raft.server.rpcslowness.timeout = 120s (custom)
2019-09-19 11:51:41,470 [pool-413-thread-1] INFO  server.RaftServerConfigKeys (ConfUtils.java:logGet(43)) - raft.server.sleep.deviation.threshold = 300 (default)
2019-09-19 11:51:41,470 [pool-413-thread-1] INFO  server.RaftServerConfigKeys (ConfUtils.java:logGet(43)) - raft.server.log.appender.install.snapshot.enabled = false (custom)
2019-09-19 11:51:41,470 [pool-413-thread-1] INFO  impl.RaftServerImpl (ServerState.java:<init>(103)) - acdd24dc-6b6a-4c69-bdab-a73dc16818ad@group-1B5375416F83: ConfigurationManager, init=-1: [acdd24dc-6b6a-4c69-bdab-a73dc16818ad:192.168.151.78:34281], old=null, confs=<EMPTY_MAP>
2019-09-19 11:51:41,470 [pool-413-thread-1] INFO  server.RaftServerConfigKeys (ConfUtils.java:logGet(43)) - raft.server.storage.dir = [/workdir/hadoop-ozone/integration-test/target/test-dir/MiniOzoneClusterImpl-126efc8e-5eb3-4c27-bad9-6042ca060f46/datanode-3/data/ratis] (custom)
2019-09-19 11:51:41,471 [pool-413-thread-1] INFO  storage.RaftStorageDirectory (RaftStorageDirectory.java:analyzeStorage(246)) - The storage directory /workdir/hadoop-ozone/integration-test/target/test-dir/MiniOzoneClusterImpl-126efc8e-5eb3-4c27-bad9-6042ca060f46/datanode-3/data/ratis/08701ace-b6d7-49c9-99a9-1b5375416f83 does not exist. Creating ...
2019-09-19 11:51:41,483 [pool-413-thread-1] INFO  storage.RaftStorageDirectory (RaftStorageDirectory.java:tryLock(328)) - Lock on /workdir/hadoop-ozone/integration-test/target/test-dir/MiniOzoneClusterImpl-126efc8e-5eb3-4c27-bad9-6042ca060f46/datanode-3/data/ratis/08701ace-b6d7-49c9-99a9-1b5375416f83/in_use.lock acquired by nodename 25343@pr-hdds-2154-j8s56-3842691507
2019-09-19 11:51:41,497 [pool-413-thread-1] INFO  storage.RaftStorage (RaftStorage.java:format(72)) - Storage directory /workdir/hadoop-ozone/integration-test/target/test-dir/MiniOzoneClusterImpl-126efc8e-5eb3-4c27-bad9-6042ca060f46/datanode-3/data/ratis/08701ace-b6d7-49c9-99a9-1b5375416f83 has been successfully formatted.
2019-09-19 11:51:41,497 [pool-413-thread-1] INFO  ratis.ContainerStateMachine (ContainerStateMachine.java:loadSnapshot(230)) - group-1B5375416F83: The snapshot info is null. Setting the last applied indexto:(t:0, i:~)
2019-09-19 11:51:41,497 [pool-413-thread-1] INFO  server.RaftServerConfigKeys (ConfUtils.java:logGet(43)) - raft.server.notification.no-leader.timeout = 120s (custom)
2019-09-19 11:51:41,497 [pool-413-thread-1] INFO  server.RaftServerConfigKeys (ConfUtils.java:logGet(43)) - raft.server.log.use.memory = false (default)
2019-09-19 11:51:41,497 [pool-413-thread-1] INFO  server.RaftServerConfigKeys (ConfUtils.java:logGet(43)) - raft.server.log.purge.gap = 1000000 (custom)
2019-09-19 11:51:41,498 [pool-413-thread-1] INFO  server.RaftServerConfigKeys (ConfUtils.java:logGet(43)) - raft.server.log.appender.buffer.byte-limit = 33554432 (custom)
2019-09-19 11:51:41,498 [pool-413-thread-1] INFO  server.RaftServerConfigKeys (ConfUtils.java:logGet(43)) - raft.server.log.segment.size.max = 1048576 (custom)
2019-09-19 11:51:41,498 [pool-413-thread-1] INFO  server.RaftServerConfigKeys (ConfUtils.java:logGet(43)) - raft.server.log.segment.cache.num.max = 2 (custom)
2019-09-19 11:51:41,498 [pool-413-thread-1] INFO  segmented.SegmentedRaftLogWorker (SegmentedRaftLogWorker.java:<init>(172)) - new acdd24dc-6b6a-4c69-bdab-a73dc16818ad@group-1B5375416F83-SegmentedRaftLogWorker for RaftStorage:Storage Directory /workdir/hadoop-ozone/integration-test/target/test-dir/MiniOzoneClusterImpl-126efc8e-5eb3-4c27-bad9-6042ca060f46/datanode-3/data/ratis/08701ace-b6d7-49c9-99a9-1b5375416f83
2019-09-19 11:51:41,500 [pool-413-thread-1] INFO  server.RaftServerConfigKeys (ConfUtils.java:logGet(43)) - raft.server.log.queue.byte-limit = 2147483647 (custom)
2019-09-19 11:51:41,500 [pool-413-thread-1] INFO  server.RaftServerConfigKeys (ConfUtils.java:logGet(43)) - raft.server.log.queue.element-limit = 1024 (custom)
2019-09-19 11:51:41,500 [pool-413-thread-1] INFO  server.RaftServerConfigKeys (ConfUtils.java:logGet(43)) - raft.server.log.segment.size.max = 1048576 (custom)
2019-09-19 11:51:41,500 [pool-413-thread-1] INFO  server.RaftServerConfigKeys (ConfUtils.java:logGet(43)) - raft.server.log.preallocated.size = 16384 (custom)
2019-09-19 11:51:41,500 [pool-413-thread-1] INFO  server.RaftServerConfigKeys (ConfUtils.java:logGet(43)) - raft.server.log.write.buffer.size = 33554432 (custom)
2019-09-19 11:51:41,500 [pool-413-thread-1] INFO  server.RaftServerConfigKeys (ConfUtils.java:logGet(43)) - raft.server.log.force.sync.num = 128 (default)
2019-09-19 11:51:41,500 [pool-413-thread-1] INFO  server.RaftServerConfigKeys (ConfUtils.java:logGet(43)) - raft.server.log.statemachine.data.sync = true (default)
2019-09-19 11:51:41,500 [pool-413-thread-1] INFO  server.RaftServerConfigKeys (ConfUtils.java:logGet(43)) - raft.server.log.statemachine.data.sync.timeout = 10s (default)
2019-09-19 11:51:41,500 [pool-413-thread-1] INFO  server.RaftServerConfigKeys (ConfUtils.java:logGet(43)) - raft.server.log.statemachine.data.sync.timeout.retry = -1 (default)
2019-09-19 11:51:41,501 [pool-413-thread-1] INFO  server.RaftServerConfigKeys (ConfUtils.java:logGet(43)) - raft.server.log.statemachine.data.caching.enabled = true (custom)
2019-09-19 11:51:41,501 [pool-413-thread-1] INFO  segmented.SegmentedRaftLogWorker (SegmentedRaftLogWorker.java:lambda$new$0(132)) - acdd24dc-6b6a-4c69-bdab-a73dc16818ad@group-1B5375416F83-SegmentedRaftLogWorker: flushIndex: setUnconditionally 0 -> -1
2019-09-19 11:51:41,501 [pool-413-thread-1] INFO  server.RaftServerConfigKeys (ConfUtils.java:logGet(43)) - raft.server.snapshot.auto.trigger.enabled = true (custom)
2019-09-19 11:51:41,501 [pool-413-thread-1] INFO  server.RaftServerConfigKeys (ConfUtils.java:logGet(43)) - raft.server.snapshot.auto.trigger.threshold = 10000 (custom)
2019-09-19 11:51:41,502 [pool-413-thread-1] INFO  server.RaftServerConfigKeys (ConfUtils.java:logGet(43)) - raft.server.snapshot.retention.num.files = 5 (custom)
2019-09-19 11:51:41,502 [pool-413-thread-1] INFO  server.RaftServerConfigKeys (ConfUtils.java:logGet(43)) - raft.server.retrycache.expirytime = 600000ms (custom)
2019-09-19 11:51:41,503 [pool-413-thread-1] INFO  impl.RaftServerImpl (RaftServerImpl.java:start(185)) - acdd24dc-6b6a-4c69-bdab-a73dc16818ad@group-1B5375416F83: start as a follower, conf=-1: [acdd24dc-6b6a-4c69-bdab-a73dc16818ad:192.168.151.78:34281], old=null
2019-09-19 11:51:41,503 [pool-413-thread-1] INFO  impl.RaftServerImpl (RaftServerImpl.java:setRole(174)) - acdd24dc-6b6a-4c69-bdab-a73dc16818ad@group-1B5375416F83: changes role from      null to FOLLOWER at term 0 for startAsFollower
2019-09-19 11:51:41,503 [pool-413-thread-1] INFO  impl.RoleInfo (RoleInfo.java:updateAndGet(143)) - acdd24dc-6b6a-4c69-bdab-a73dc16818ad: start FollowerState
2019-09-19 11:51:41,504 [pool-413-thread-1] INFO  util.JmxRegister (JmxRegister.java:tryRegister(44)) - Successfully registered JMX Bean with object name Ratis:service=RaftServer,group=group-1B5375416F83,id=acdd24dc-6b6a-4c69-bdab-a73dc16818ad
2019-09-19 11:51:41,506 [RatisPipelineUtilsThread] INFO  pipeline.PipelineStateManager (PipelineStateManager.java:addPipeline(56)) - Created pipeline Pipeline[ Id: 08701ace-b6d7-49c9-99a9-1b5375416f83, Nodes: acdd24dc-6b6a-4c69-bdab-a73dc16818ad{ip: 192.168.151.78, host: pr-hdds-2154-j8s56-3842691507, networkLocation: /default-rack, certSerialId: null}, Type:RATIS, Factor:ONE, State:OPEN]
2019-09-19 11:51:41,513 [IPC Server handler 10 on 37097] INFO  net.NetworkTopology (NetworkTopologyImpl.java:add(111)) - Added a new node: /default-rack/ba625d97-38b5-4f51-8c09-71f1ab2b77c9
2019-09-19 11:51:41,513 [IPC Server handler 10 on 37097] INFO  node.SCMNodeManager (SCMNodeManager.java:register(266)) - Registered Data node : ba625d97-38b5-4f51-8c09-71f1ab2b77c9{ip: 192.168.151.78, host: pr-hdds-2154-j8s56-3842691507, networkLocation: /default-rack, certSerialId: null}
2019-09-19 11:51:41,520 [grpc-default-executor-2] INFO  impl.RaftServerProxy (RaftServerProxy.java:addNew(89)) - 82dbb8ec-d38a-4326-bfd9-84ce9cea2120: addNew group-EEC4484BB289:[acdd24dc-6b6a-4c69-bdab-a73dc16818ad:192.168.151.78:34281, 1643b03f-9d01-4fe3-9afd-4f864af59477:192.168.151.78:33659, 82dbb8ec-d38a-4326-bfd9-84ce9cea2120:192.168.151.78:41779] returns group-EEC4484BB289:java.util.concurrent.CompletableFuture@1c400b30[Not completed]
2019-09-19 11:51:41,520 [grpc-default-executor-8] INFO  impl.RaftServerProxy (RaftServerProxy.java:addNew(89)) - acdd24dc-6b6a-4c69-bdab-a73dc16818ad: addNew group-EEC4484BB289:[acdd24dc-6b6a-4c69-bdab-a73dc16818ad:192.168.151.78:34281, 1643b03f-9d01-4fe3-9afd-4f864af59477:192.168.151.78:33659, 82dbb8ec-d38a-4326-bfd9-84ce9cea2120:192.168.151.78:41779] returns group-EEC4484BB289:java.util.concurrent.CompletableFuture@40d4ffd7[Not completed]
2019-09-19 11:51:41,523 [grpc-default-executor-8] INFO  impl.RaftServerProxy (RaftServerProxy.java:addNew(89)) - 1643b03f-9d01-4fe3-9afd-4f864af59477: addNew group-EEC4484BB289:[acdd24dc-6b6a-4c69-bdab-a73dc16818ad:192.168.151.78:34281, 1643b03f-9d01-4fe3-9afd-4f864af59477:192.168.151.78:33659, 82dbb8ec-d38a-4326-bfd9-84ce9cea2120:192.168.151.78:41779] returns group-EEC4484BB289:java.util.concurrent.CompletableFuture@97a71df[Not completed]
2019-09-19 11:51:41,524 [pool-393-thread-1] INFO  impl.RaftServerImpl (RaftServerImpl.java:<init>(95)) - 82dbb8ec-d38a-4326-bfd9-84ce9cea2120: new RaftServerImpl for group-EEC4484BB289:[acdd24dc-6b6a-4c69-bdab-a73dc16818ad:192.168.151.78:34281, 1643b03f-9d01-4fe3-9afd-4f864af59477:192.168.151.78:33659, 82dbb8ec-d38a-4326-bfd9-84ce9cea2120:192.168.151.78:41779] with ContainerStateMachine:uninitialized
2019-09-19 11:51:41,524 [pool-393-thread-1] INFO  server.RaftServerConfigKeys (ConfUtils.java:logGet(43)) - raft.server.rpc.timeout.min = 5s (custom)
2019-09-19 11:51:41,524 [pool-393-thread-1] INFO  server.RaftServerConfigKeys (ConfUtils.java:logGet(43)) - raft.server.rpc.timeout.max = 5200ms (custom)
2019-09-19 11:51:41,524 [pool-393-thread-1] INFO  server.RaftServerConfigKeys (ConfUtils.java:logGet(43)) - raft.server.rpcslowness.timeout = 120s (custom)
2019-09-19 11:51:41,524 [pool-413-thread-1] INFO  impl.RaftServerImpl (RaftServerImpl.java:<init>(95)) - acdd24dc-6b6a-4c69-bdab-a73dc16818ad: new RaftServerImpl for group-EEC4484BB289:[acdd24dc-6b6a-4c69-bdab-a73dc16818ad:192.168.151.78:34281, 1643b03f-9d01-4fe3-9afd-4f864af59477:192.168.151.78:33659, 82dbb8ec-d38a-4326-bfd9-84ce9cea2120:192.168.151.78:41779] with ContainerStateMachine:uninitialized
2019-09-19 11:51:41,524 [pool-393-thread-1] INFO  server.RaftServerConfigKeys (ConfUtils.java:logGet(43)) - raft.server.sleep.deviation.threshold = 300 (default)
2019-09-19 11:51:41,524 [pool-413-thread-1] INFO  server.RaftServerConfigKeys (ConfUtils.java:logGet(43)) - raft.server.rpc.timeout.min = 5s (custom)
2019-09-19 11:51:41,525 [pool-393-thread-1] INFO  server.RaftServerConfigKeys (ConfUtils.java:logGet(43)) - raft.server.log.appender.install.snapshot.enabled = false (custom)
2019-09-19 11:51:41,524 [pool-403-thread-1] INFO  impl.RaftServerImpl (RaftServerImpl.java:<init>(95)) - 1643b03f-9d01-4fe3-9afd-4f864af59477: new RaftServerImpl for group-EEC4484BB289:[acdd24dc-6b6a-4c69-bdab-a73dc16818ad:192.168.151.78:34281, 1643b03f-9d01-4fe3-9afd-4f864af59477:192.168.151.78:33659, 82dbb8ec-d38a-4326-bfd9-84ce9cea2120:192.168.151.78:41779] with ContainerStateMachine:uninitialized
2019-09-19 11:51:41,525 [pool-393-thread-1] INFO  impl.RaftServerImpl (ServerState.java:<init>(103)) - 82dbb8ec-d38a-4326-bfd9-84ce9cea2120@group-EEC4484BB289: ConfigurationManager, init=-1: [acdd24dc-6b6a-4c69-bdab-a73dc16818ad:192.168.151.78:34281, 1643b03f-9d01-4fe3-9afd-4f864af59477:192.168.151.78:33659, 82dbb8ec-d38a-4326-bfd9-84ce9cea2120:192.168.151.78:41779], old=null, confs=<EMPTY_MAP>
2019-09-19 11:51:41,525 [pool-413-thread-1] INFO  server.RaftServerConfigKeys (ConfUtils.java:logGet(43)) - raft.server.rpc.timeout.max = 5200ms (custom)
2019-09-19 11:51:41,525 [pool-393-thread-1] INFO  server.RaftServerConfigKeys (ConfUtils.java:logGet(43)) - raft.server.storage.dir = [/workdir/hadoop-ozone/integration-test/target/test-dir/MiniOzoneClusterImpl-126efc8e-5eb3-4c27-bad9-6042ca060f46/datanode-1/data/ratis] (custom)
2019-09-19 11:51:41,525 [pool-403-thread-1] INFO  server.RaftServerConfigKeys (ConfUtils.java:logGet(43)) - raft.server.rpc.timeout.min = 5s (custom)
2019-09-19 11:51:41,525 [pool-413-thread-1] INFO  server.RaftServerConfigKeys (ConfUtils.java:logGet(43)) - raft.server.rpcslowness.timeout = 120s (custom)
2019-09-19 11:51:41,525 [pool-403-thread-1] INFO  server.RaftServerConfigKeys (ConfUtils.java:logGet(43)) - raft.server.rpc.timeout.max = 5200ms (custom)
2019-09-19 11:51:41,525 [pool-413-thread-1] INFO  server.RaftServerConfigKeys (ConfUtils.java:logGet(43)) - raft.server.sleep.deviation.threshold = 300 (default)
2019-09-19 11:51:41,525 [pool-393-thread-1] INFO  storage.RaftStorageDirectory (RaftStorageDirectory.java:analyzeStorage(246)) - The storage directory /workdir/hadoop-ozone/integration-test/target/test-dir/MiniOzoneClusterImpl-126efc8e-5eb3-4c27-bad9-6042ca060f46/datanode-1/data/ratis/43ae4dd4-526b-4d0f-8211-eec4484bb289 does not exist. Creating ...
2019-09-19 11:51:41,525 [pool-403-thread-1] INFO  server.RaftServerConfigKeys (ConfUtils.java:logGet(43)) - raft.server.rpcslowness.timeout = 120s (custom)
2019-09-19 11:51:41,526 [pool-413-thread-1] INFO  server.RaftServerConfigKeys (ConfUtils.java:logGet(43)) - raft.server.log.appender.install.snapshot.enabled = false (custom)
2019-09-19 11:51:41,526 [pool-403-thread-1] INFO  server.RaftServerConfigKeys (ConfUtils.java:logGet(43)) - raft.server.sleep.deviation.threshold = 300 (default)
2019-09-19 11:51:41,526 [pool-413-thread-1] INFO  impl.RaftServerImpl (ServerState.java:<init>(103)) - acdd24dc-6b6a-4c69-bdab-a73dc16818ad@group-EEC4484BB289: ConfigurationManager, init=-1: [acdd24dc-6b6a-4c69-bdab-a73dc16818ad:192.168.151.78:34281, 1643b03f-9d01-4fe3-9afd-4f864af59477:192.168.151.78:33659, 82dbb8ec-d38a-4326-bfd9-84ce9cea2120:192.168.151.78:41779], old=null, confs=<EMPTY_MAP>
2019-09-19 11:51:41,526 [pool-403-thread-1] INFO  server.RaftServerConfigKeys (ConfUtils.java:logGet(43)) - raft.server.log.appender.install.snapshot.enabled = false (custom)
2019-09-19 11:51:41,526 [pool-413-thread-1] INFO  server.RaftServerConfigKeys (ConfUtils.java:logGet(43)) - raft.server.storage.dir = [/workdir/hadoop-ozone/integration-test/target/test-dir/MiniOzoneClusterImpl-126efc8e-5eb3-4c27-bad9-6042ca060f46/datanode-3/data/ratis] (custom)
2019-09-19 11:51:41,526 [pool-403-thread-1] INFO  impl.RaftServerImpl (ServerState.java:<init>(103)) - 1643b03f-9d01-4fe3-9afd-4f864af59477@group-EEC4484BB289: ConfigurationManager, init=-1: [acdd24dc-6b6a-4c69-bdab-a73dc16818ad:192.168.151.78:34281, 1643b03f-9d01-4fe3-9afd-4f864af59477:192.168.151.78:33659, 82dbb8ec-d38a-4326-bfd9-84ce9cea2120:192.168.151.78:41779], old=null, confs=<EMPTY_MAP>
2019-09-19 11:51:41,526 [pool-403-thread-1] INFO  server.RaftServerConfigKeys (ConfUtils.java:logGet(43)) - raft.server.storage.dir = [/workdir/hadoop-ozone/integration-test/target/test-dir/MiniOzoneClusterImpl-126efc8e-5eb3-4c27-bad9-6042ca060f46/datanode-2/data/ratis] (custom)
2019-09-19 11:51:41,526 [pool-413-thread-1] INFO  storage.RaftStorageDirectory (RaftStorageDirectory.java:analyzeStorage(246)) - The storage directory /workdir/hadoop-ozone/integration-test/target/test-dir/MiniOzoneClusterImpl-126efc8e-5eb3-4c27-bad9-6042ca060f46/datanode-3/data/ratis/43ae4dd4-526b-4d0f-8211-eec4484bb289 does not exist. Creating ...
2019-09-19 11:51:41,526 [pool-403-thread-1] INFO  storage.RaftStorageDirectory (RaftStorageDirectory.java:analyzeStorage(246)) - The storage directory /workdir/hadoop-ozone/integration-test/target/test-dir/MiniOzoneClusterImpl-126efc8e-5eb3-4c27-bad9-6042ca060f46/datanode-2/data/ratis/43ae4dd4-526b-4d0f-8211-eec4484bb289 does not exist. Creating ...
2019-09-19 11:51:41,539 [pool-413-thread-1] INFO  storage.RaftStorageDirectory (RaftStorageDirectory.java:tryLock(328)) - Lock on /workdir/hadoop-ozone/integration-test/target/test-dir/MiniOzoneClusterImpl-126efc8e-5eb3-4c27-bad9-6042ca060f46/datanode-3/data/ratis/43ae4dd4-526b-4d0f-8211-eec4484bb289/in_use.lock acquired by nodename 25343@pr-hdds-2154-j8s56-3842691507
2019-09-19 11:51:41,539 [pool-403-thread-1] INFO  storage.RaftStorageDirectory (RaftStorageDirectory.java:tryLock(328)) - Lock on /workdir/hadoop-ozone/integration-test/target/test-dir/MiniOzoneClusterImpl-126efc8e-5eb3-4c27-bad9-6042ca060f46/datanode-2/data/ratis/43ae4dd4-526b-4d0f-8211-eec4484bb289/in_use.lock acquired by nodename 25343@pr-hdds-2154-j8s56-3842691507
2019-09-19 11:51:41,539 [pool-393-thread-1] INFO  storage.RaftStorageDirectory (RaftStorageDirectory.java:tryLock(328)) - Lock on /workdir/hadoop-ozone/integration-test/target/test-dir/MiniOzoneClusterImpl-126efc8e-5eb3-4c27-bad9-6042ca060f46/datanode-1/data/ratis/43ae4dd4-526b-4d0f-8211-eec4484bb289/in_use.lock acquired by nodename 25343@pr-hdds-2154-j8s56-3842691507
2019-09-19 11:51:41,553 [pool-393-thread-1] INFO  storage.RaftStorage (RaftStorage.java:format(72)) - Storage directory /workdir/hadoop-ozone/integration-test/target/test-dir/MiniOzoneClusterImpl-126efc8e-5eb3-4c27-bad9-6042ca060f46/datanode-1/data/ratis/43ae4dd4-526b-4d0f-8211-eec4484bb289 has been successfully formatted.
2019-09-19 11:51:41,553 [pool-403-thread-1] INFO  storage.RaftStorage (RaftStorage.java:format(72)) - Storage directory /workdir/hadoop-ozone/integration-test/target/test-dir/MiniOzoneClusterImpl-126efc8e-5eb3-4c27-bad9-6042ca060f46/datanode-2/data/ratis/43ae4dd4-526b-4d0f-8211-eec4484bb289 has been successfully formatted.
2019-09-19 11:51:41,554 [pool-393-thread-1] INFO  ratis.ContainerStateMachine (ContainerStateMachine.java:loadSnapshot(230)) - group-EEC4484BB289: The snapshot info is null. Setting the last applied indexto:(t:0, i:~)
2019-09-19 11:51:41,553 [pool-413-thread-1] INFO  storage.RaftStorage (RaftStorage.java:format(72)) - Storage directory /workdir/hadoop-ozone/integration-test/target/test-dir/MiniOzoneClusterImpl-126efc8e-5eb3-4c27-bad9-6042ca060f46/datanode-3/data/ratis/43ae4dd4-526b-4d0f-8211-eec4484bb289 has been successfully formatted.
2019-09-19 11:51:41,554 [pool-393-thread-1] INFO  server.RaftServerConfigKeys (ConfUtils.java:logGet(43)) - raft.server.notification.no-leader.timeout = 120s (custom)
2019-09-19 11:51:41,554 [pool-403-thread-1] INFO  ratis.ContainerStateMachine (ContainerStateMachine.java:loadSnapshot(230)) - group-EEC4484BB289: The snapshot info is null. Setting the last applied indexto:(t:0, i:~)
2019-09-19 11:51:41,554 [pool-393-thread-1] INFO  server.RaftServerConfigKeys (ConfUtils.java:logGet(43)) - raft.server.log.use.memory = false (default)
2019-09-19 11:51:41,554 [pool-413-thread-1] INFO  ratis.ContainerStateMachine (ContainerStateMachine.java:loadSnapshot(230)) - group-EEC4484BB289: The snapshot info is null. Setting the last applied indexto:(t:0, i:~)
2019-09-19 11:51:41,554 [pool-393-thread-1] INFO  server.RaftServerConfigKeys (ConfUtils.java:logGet(43)) - raft.server.log.purge.gap = 1000000 (custom)
2019-09-19 11:51:41,554 [pool-403-thread-1] INFO  server.RaftServerConfigKeys (ConfUtils.java:logGet(43)) - raft.server.notification.no-leader.timeout = 120s (custom)
2019-09-19 11:51:41,555 [pool-393-thread-1] INFO  server.RaftServerConfigKeys (ConfUtils.java:logGet(43)) - raft.server.log.appender.buffer.byte-limit = 33554432 (custom)
2019-09-19 11:51:41,555 [pool-413-thread-1] INFO  server.RaftServerConfigKeys (ConfUtils.java:logGet(43)) - raft.server.notification.no-leader.timeout = 120s (custom)
2019-09-19 11:51:41,555 [pool-393-thread-1] INFO  server.RaftServerConfigKeys (ConfUtils.java:logGet(43)) - raft.server.log.segment.size.max = 1048576 (custom)
2019-09-19 11:51:41,555 [pool-403-thread-1] INFO  server.RaftServerConfigKeys (ConfUtils.java:logGet(43)) - raft.server.log.use.memory = false (default)
2019-09-19 11:51:41,555 [pool-393-thread-1] INFO  server.RaftServerConfigKeys (ConfUtils.java:logGet(43)) - raft.server.log.segment.cache.num.max = 2 (custom)
2019-09-19 11:51:41,555 [pool-413-thread-1] INFO  server.RaftServerConfigKeys (ConfUtils.java:logGet(43)) - raft.server.log.use.memory = false (default)
2019-09-19 11:51:41,556 [pool-393-thread-1] INFO  segmented.SegmentedRaftLogWorker (SegmentedRaftLogWorker.java:<init>(172)) - new 82dbb8ec-d38a-4326-bfd9-84ce9cea2120@group-EEC4484BB289-SegmentedRaftLogWorker for RaftStorage:Storage Directory /workdir/hadoop-ozone/integration-test/target/test-dir/MiniOzoneClusterImpl-126efc8e-5eb3-4c27-bad9-6042ca060f46/datanode-1/data/ratis/43ae4dd4-526b-4d0f-8211-eec4484bb289
2019-09-19 11:51:41,555 [pool-403-thread-1] INFO  server.RaftServerConfigKeys (ConfUtils.java:logGet(43)) - raft.server.log.purge.gap = 1000000 (custom)
2019-09-19 11:51:41,556 [pool-393-thread-1] INFO  server.RaftServerConfigKeys (ConfUtils.java:logGet(43)) - raft.server.log.queue.byte-limit = 2147483647 (custom)
2019-09-19 11:51:41,556 [pool-413-thread-1] INFO  server.RaftServerConfigKeys (ConfUtils.java:logGet(43)) - raft.server.log.purge.gap = 1000000 (custom)
2019-09-19 11:51:41,556 [pool-393-thread-1] INFO  server.RaftServerConfigKeys (ConfUtils.java:logGet(43)) - raft.server.log.queue.element-limit = 1024 (custom)
2019-09-19 11:51:41,556 [pool-403-thread-1] INFO  server.RaftServerConfigKeys (ConfUtils.java:logGet(43)) - raft.server.log.appender.buffer.byte-limit = 33554432 (custom)
2019-09-19 11:51:41,556 [pool-393-thread-1] INFO  server.RaftServerConfigKeys (ConfUtils.java:logGet(43)) - raft.server.log.segment.size.max = 1048576 (custom)
2019-09-19 11:51:41,556 [pool-413-thread-1] INFO  server.RaftServerConfigKeys (ConfUtils.java:logGet(43)) - raft.server.log.appender.buffer.byte-limit = 33554432 (custom)
2019-09-19 11:51:41,557 [pool-393-thread-1] INFO  server.RaftServerConfigKeys (ConfUtils.java:logGet(43)) - raft.server.log.preallocated.size = 16384 (custom)
2019-09-19 11:51:41,556 [pool-403-thread-1] INFO  server.RaftServerConfigKeys (ConfUtils.java:logGet(43)) - raft.server.log.segment.size.max = 1048576 (custom)
2019-09-19 11:51:41,557 [pool-393-thread-1] INFO  server.RaftServerConfigKeys (ConfUtils.java:logGet(43)) - raft.server.log.write.buffer.size = 33554432 (custom)
2019-09-19 11:51:41,557 [pool-413-thread-1] INFO  server.RaftServerConfigKeys (ConfUtils.java:logGet(43)) - raft.server.log.segment.size.max = 1048576 (custom)
2019-09-19 11:51:41,557 [pool-393-thread-1] INFO  server.RaftServerConfigKeys (ConfUtils.java:logGet(43)) - raft.server.log.force.sync.num = 128 (default)
2019-09-19 11:51:41,557 [pool-403-thread-1] INFO  server.RaftServerConfigKeys (ConfUtils.java:logGet(43)) - raft.server.log.segment.cache.num.max = 2 (custom)
2019-09-19 11:51:41,557 [pool-393-thread-1] INFO  server.RaftServerConfigKeys (ConfUtils.java:logGet(43)) - raft.server.log.statemachine.data.sync = true (default)
2019-09-19 11:51:41,557 [pool-413-thread-1] INFO  server.RaftServerConfigKeys (ConfUtils.java:logGet(43)) - raft.server.log.segment.cache.num.max = 2 (custom)
2019-09-19 11:51:41,558 [pool-393-thread-1] INFO  server.RaftServerConfigKeys (ConfUtils.java:logGet(43)) - raft.server.log.statemachine.data.sync.timeout = 10s (default)
2019-09-19 11:51:41,558 [pool-403-thread-1] INFO  segmented.SegmentedRaftLogWorker (SegmentedRaftLogWorker.java:<init>(172)) - new 1643b03f-9d01-4fe3-9afd-4f864af59477@group-EEC4484BB289-SegmentedRaftLogWorker for RaftStorage:Storage Directory /workdir/hadoop-ozone/integration-test/target/test-dir/MiniOzoneClusterImpl-126efc8e-5eb3-4c27-bad9-6042ca060f46/datanode-2/data/ratis/43ae4dd4-526b-4d0f-8211-eec4484bb289
2019-09-19 11:51:41,558 [pool-393-thread-1] INFO  server.RaftServerConfigKeys (ConfUtils.java:logGet(43)) - raft.server.log.statemachine.data.sync.timeout.retry = -1 (default)
2019-09-19 11:51:41,558 [pool-413-thread-1] INFO  segmented.SegmentedRaftLogWorker (SegmentedRaftLogWorker.java:<init>(172)) - new acdd24dc-6b6a-4c69-bdab-a73dc16818ad@group-EEC4484BB289-SegmentedRaftLogWorker for RaftStorage:Storage Directory /workdir/hadoop-ozone/integration-test/target/test-dir/MiniOzoneClusterImpl-126efc8e-5eb3-4c27-bad9-6042ca060f46/datanode-3/data/ratis/43ae4dd4-526b-4d0f-8211-eec4484bb289
2019-09-19 11:51:41,558 [pool-393-thread-1] INFO  server.RaftServerConfigKeys (ConfUtils.java:logGet(43)) - raft.server.log.statemachine.data.caching.enabled = true (custom)
2019-09-19 11:51:41,558 [pool-403-thread-1] INFO  server.RaftServerConfigKeys (ConfUtils.java:logGet(43)) - raft.server.log.queue.byte-limit = 2147483647 (custom)
2019-09-19 11:51:41,558 [pool-413-thread-1] INFO  server.RaftServerConfigKeys (ConfUtils.java:logGet(43)) - raft.server.log.queue.byte-limit = 2147483647 (custom)
2019-09-19 11:51:41,559 [pool-393-thread-1] INFO  segmented.SegmentedRaftLogWorker (SegmentedRaftLogWorker.java:lambda$new$0(132)) - 82dbb8ec-d38a-4326-bfd9-84ce9cea2120@group-EEC4484BB289-SegmentedRaftLogWorker: flushIndex: setUnconditionally 0 -> -1
2019-09-19 11:51:41,559 [pool-403-thread-1] INFO  server.RaftServerConfigKeys (ConfUtils.java:logGet(43)) - raft.server.log.queue.element-limit = 1024 (custom)
2019-09-19 11:51:41,559 [pool-413-thread-1] INFO  server.RaftServerConfigKeys (ConfUtils.java:logGet(43)) - raft.server.log.queue.element-limit = 1024 (custom)
2019-09-19 11:51:41,559 [pool-393-thread-1] INFO  server.RaftServerConfigKeys (ConfUtils.java:logGet(43)) - raft.server.snapshot.auto.trigger.enabled = true (custom)
2019-09-19 11:51:41,559 [pool-403-thread-1] INFO  server.RaftServerConfigKeys (ConfUtils.java:logGet(43)) - raft.server.log.segment.size.max = 1048576 (custom)
2019-09-19 11:51:41,559 [pool-393-thread-1] INFO  server.RaftServerConfigKeys (ConfUtils.java:logGet(43)) - raft.server.snapshot.auto.trigger.threshold = 10000 (custom)
2019-09-19 11:51:41,559 [pool-413-thread-1] INFO  server.RaftServerConfigKeys (ConfUtils.java:logGet(43)) - raft.server.log.segment.size.max = 1048576 (custom)
2019-09-19 11:51:41,560 [pool-393-thread-1] INFO  server.RaftServerConfigKeys (ConfUtils.java:logGet(43)) - raft.server.snapshot.retention.num.files = 5 (custom)
2019-09-19 11:51:41,560 [pool-403-thread-1] INFO  server.RaftServerConfigKeys (ConfUtils.java:logGet(43)) - raft.server.log.preallocated.size = 16384 (custom)
2019-09-19 11:51:41,560 [pool-393-thread-1] INFO  server.RaftServerConfigKeys (ConfUtils.java:logGet(43)) - raft.server.retrycache.expirytime = 600000ms (custom)
2019-09-19 11:51:41,560 [pool-413-thread-1] INFO  server.RaftServerConfigKeys (ConfUtils.java:logGet(43)) - raft.server.log.preallocated.size = 16384 (custom)
2019-09-19 11:51:41,560 [pool-403-thread-1] INFO  server.RaftServerConfigKeys (ConfUtils.java:logGet(43)) - raft.server.log.write.buffer.size = 33554432 (custom)
2019-09-19 11:51:41,560 [pool-413-thread-1] INFO  server.RaftServerConfigKeys (ConfUtils.java:logGet(43)) - raft.server.log.write.buffer.size = 33554432 (custom)
2019-09-19 11:51:41,561 [pool-403-thread-1] INFO  server.RaftServerConfigKeys (ConfUtils.java:logGet(43)) - raft.server.log.force.sync.num = 128 (default)
2019-09-19 11:51:41,561 [pool-413-thread-1] INFO  server.RaftServerConfigKeys (ConfUtils.java:logGet(43)) - raft.server.log.force.sync.num = 128 (default)
2019-09-19 11:51:41,561 [pool-403-thread-1] INFO  server.RaftServerConfigKeys (ConfUtils.java:logGet(43)) - raft.server.log.statemachine.data.sync = true (default)
2019-09-19 11:51:41,561 [pool-413-thread-1] INFO  server.RaftServerConfigKeys (ConfUtils.java:logGet(43)) - raft.server.log.statemachine.data.sync = true (default)
2019-09-19 11:51:41,561 [pool-403-thread-1] INFO  server.RaftServerConfigKeys (ConfUtils.java:logGet(43)) - raft.server.log.statemachine.data.sync.timeout = 10s (default)
2019-09-19 11:51:41,561 [pool-413-thread-1] INFO  server.RaftServerConfigKeys (ConfUtils.java:logGet(43)) - raft.server.log.statemachine.data.sync.timeout = 10s (default)
2019-09-19 11:51:41,561 [pool-403-thread-1] INFO  server.RaftServerConfigKeys (ConfUtils.java:logGet(43)) - raft.server.log.statemachine.data.sync.timeout.retry = -1 (default)
2019-09-19 11:51:41,561 [pool-413-thread-1] INFO  server.RaftServerConfigKeys (ConfUtils.java:logGet(43)) - raft.server.log.statemachine.data.sync.timeout.retry = -1 (default)
2019-09-19 11:51:41,562 [pool-403-thread-1] INFO  server.RaftServerConfigKeys (ConfUtils.java:logGet(43)) - raft.server.log.statemachine.data.caching.enabled = true (custom)
2019-09-19 11:51:41,562 [pool-413-thread-1] INFO  server.RaftServerConfigKeys (ConfUtils.java:logGet(43)) - raft.server.log.statemachine.data.caching.enabled = true (custom)
2019-09-19 11:51:41,562 [pool-403-thread-1] INFO  segmented.SegmentedRaftLogWorker (SegmentedRaftLogWorker.java:lambda$new$0(132)) - 1643b03f-9d01-4fe3-9afd-4f864af59477@group-EEC4484BB289-SegmentedRaftLogWorker: flushIndex: setUnconditionally 0 -> -1
2019-09-19 11:51:41,562 [pool-413-thread-1] INFO  segmented.SegmentedRaftLogWorker (SegmentedRaftLogWorker.java:lambda$new$0(132)) - acdd24dc-6b6a-4c69-bdab-a73dc16818ad@group-EEC4484BB289-SegmentedRaftLogWorker: flushIndex: setUnconditionally 0 -> -1
2019-09-19 11:51:41,562 [pool-403-thread-1] INFO  server.RaftServerConfigKeys (ConfUtils.java:logGet(43)) - raft.server.snapshot.auto.trigger.enabled = true (custom)
2019-09-19 11:51:41,562 [pool-413-thread-1] INFO  server.RaftServerConfigKeys (ConfUtils.java:logGet(43)) - raft.server.snapshot.auto.trigger.enabled = true (custom)
2019-09-19 11:51:41,562 [pool-393-thread-1] INFO  impl.RaftServerImpl (RaftServerImpl.java:start(185)) - 82dbb8ec-d38a-4326-bfd9-84ce9cea2120@group-EEC4484BB289: start as a follower, conf=-1: [acdd24dc-6b6a-4c69-bdab-a73dc16818ad:192.168.151.78:34281, 1643b03f-9d01-4fe3-9afd-4f864af59477:192.168.151.78:33659, 82dbb8ec-d38a-4326-bfd9-84ce9cea2120:192.168.151.78:41779], old=null
2019-09-19 11:51:41,562 [pool-403-thread-1] INFO  server.RaftServerConfigKeys (ConfUtils.java:logGet(43)) - raft.server.snapshot.auto.trigger.threshold = 10000 (custom)
2019-09-19 11:51:41,563 [pool-393-thread-1] INFO  impl.RaftServerImpl (RaftServerImpl.java:setRole(174)) - 82dbb8ec-d38a-4326-bfd9-84ce9cea2120@group-EEC4484BB289: changes role from      null to FOLLOWER at term 0 for startAsFollower
2019-09-19 11:51:41,563 [pool-413-thread-1] INFO  server.RaftServerConfigKeys (ConfUtils.java:logGet(43)) - raft.server.snapshot.auto.trigger.threshold = 10000 (custom)
2019-09-19 11:51:41,563 [pool-393-thread-1] INFO  impl.RoleInfo (RoleInfo.java:updateAndGet(143)) - 82dbb8ec-d38a-4326-bfd9-84ce9cea2120: start FollowerState
2019-09-19 11:51:41,563 [pool-403-thread-1] INFO  server.RaftServerConfigKeys (ConfUtils.java:logGet(43)) - raft.server.snapshot.retention.num.files = 5 (custom)
2019-09-19 11:51:41,563 [pool-413-thread-1] INFO  server.RaftServerConfigKeys (ConfUtils.java:logGet(43)) - raft.server.snapshot.retention.num.files = 5 (custom)
2019-09-19 11:51:41,563 [pool-403-thread-1] INFO  server.RaftServerConfigKeys (ConfUtils.java:logGet(43)) - raft.server.retrycache.expirytime = 600000ms (custom)
2019-09-19 11:51:41,563 [pool-393-thread-1] INFO  util.JmxRegister (JmxRegister.java:tryRegister(44)) - Successfully registered JMX Bean with object name Ratis:service=RaftServer,group=group-EEC4484BB289,id=82dbb8ec-d38a-4326-bfd9-84ce9cea2120
2019-09-19 11:51:41,563 [pool-413-thread-1] INFO  server.RaftServerConfigKeys (ConfUtils.java:logGet(43)) - raft.server.retrycache.expirytime = 600000ms (custom)
2019-09-19 11:51:41,566 [pool-403-thread-1] INFO  impl.RaftServerImpl (RaftServerImpl.java:start(185)) - 1643b03f-9d01-4fe3-9afd-4f864af59477@group-EEC4484BB289: start as a follower, conf=-1: [acdd24dc-6b6a-4c69-bdab-a73dc16818ad:192.168.151.78:34281, 1643b03f-9d01-4fe3-9afd-4f864af59477:192.168.151.78:33659, 82dbb8ec-d38a-4326-bfd9-84ce9cea2120:192.168.151.78:41779], old=null
2019-09-19 11:51:41,566 [pool-413-thread-1] INFO  impl.RaftServerImpl (RaftServerImpl.java:start(185)) - acdd24dc-6b6a-4c69-bdab-a73dc16818ad@group-EEC4484BB289: start as a follower, conf=-1: [acdd24dc-6b6a-4c69-bdab-a73dc16818ad:192.168.151.78:34281, 1643b03f-9d01-4fe3-9afd-4f864af59477:192.168.151.78:33659, 82dbb8ec-d38a-4326-bfd9-84ce9cea2120:192.168.151.78:41779], old=null
2019-09-19 11:51:41,566 [pool-403-thread-1] INFO  impl.RaftServerImpl (RaftServerImpl.java:setRole(174)) - 1643b03f-9d01-4fe3-9afd-4f864af59477@group-EEC4484BB289: changes role from      null to FOLLOWER at term 0 for startAsFollower
2019-09-19 11:51:41,566 [pool-413-thread-1] INFO  impl.RaftServerImpl (RaftServerImpl.java:setRole(174)) - acdd24dc-6b6a-4c69-bdab-a73dc16818ad@group-EEC4484BB289: changes role from      null to FOLLOWER at term 0 for startAsFollower
2019-09-19 11:51:41,566 [pool-403-thread-1] INFO  impl.RoleInfo (RoleInfo.java:updateAndGet(143)) - 1643b03f-9d01-4fe3-9afd-4f864af59477: start FollowerState
2019-09-19 11:51:41,567 [pool-413-thread-1] INFO  impl.RoleInfo (RoleInfo.java:updateAndGet(143)) - acdd24dc-6b6a-4c69-bdab-a73dc16818ad: start FollowerState
2019-09-19 11:51:41,567 [pool-403-thread-1] INFO  util.JmxRegister (JmxRegister.java:tryRegister(44)) - Successfully registered JMX Bean with object name Ratis:service=RaftServer,group=group-EEC4484BB289,id=1643b03f-9d01-4fe3-9afd-4f864af59477
2019-09-19 11:51:41,567 [pool-413-thread-1] INFO  util.JmxRegister (JmxRegister.java:tryRegister(44)) - Successfully registered JMX Bean with object name Ratis:service=RaftServer,group=group-EEC4484BB289,id=acdd24dc-6b6a-4c69-bdab-a73dc16818ad
2019-09-19 11:51:41,569 [RatisPipelineUtilsThread] INFO  pipeline.PipelineStateManager (PipelineStateManager.java:addPipeline(56)) - Created pipeline Pipeline[ Id: 43ae4dd4-526b-4d0f-8211-eec4484bb289, Nodes: acdd24dc-6b6a-4c69-bdab-a73dc16818ad{ip: 192.168.151.78, host: pr-hdds-2154-j8s56-3842691507, networkLocation: /default-rack, certSerialId: null}82dbb8ec-d38a-4326-bfd9-84ce9cea2120{ip: 192.168.151.78, host: pr-hdds-2154-j8s56-3842691507, networkLocation: /default-rack, certSerialId: null}1643b03f-9d01-4fe3-9afd-4f864af59477{ip: 192.168.151.78, host: pr-hdds-2154-j8s56-3842691507, networkLocation: /default-rack, certSerialId: null}, Type:RATIS, Factor:THREE, State:OPEN]
2019-09-19 11:51:41,570 [IPC Server handler 4 on 37097] INFO  net.NetworkTopology (NetworkTopologyImpl.java:add(111)) - Added a new node: /default-rack/52a59ef7-11d6-4b0c-b253-b79333fc9305
2019-09-19 11:51:41,570 [IPC Server handler 4 on 37097] INFO  node.SCMNodeManager (SCMNodeManager.java:register(266)) - Registered Data node : 52a59ef7-11d6-4b0c-b253-b79333fc9305{ip: 192.168.151.78, host: pr-hdds-2154-j8s56-3842691507, networkLocation: /default-rack, certSerialId: null}
2019-09-19 11:51:41,577 [grpc-default-executor-8] INFO  impl.RaftServerProxy (RaftServerProxy.java:addNew(89)) - 52a59ef7-11d6-4b0c-b253-b79333fc9305: addNew group-F221FDFC5A52:[52a59ef7-11d6-4b0c-b253-b79333fc9305:192.168.151.78:39843] returns group-F221FDFC5A52:java.util.concurrent.CompletableFuture@1ada61d1[Not completed]
2019-09-19 11:51:41,579 [pool-433-thread-1] INFO  impl.RaftServerImpl (RaftServerImpl.java:<init>(95)) - 52a59ef7-11d6-4b0c-b253-b79333fc9305: new RaftServerImpl for group-F221FDFC5A52:[52a59ef7-11d6-4b0c-b253-b79333fc9305:192.168.151.78:39843] with ContainerStateMachine:uninitialized
2019-09-19 11:51:41,579 [pool-433-thread-1] INFO  server.RaftServerConfigKeys (ConfUtils.java:logGet(43)) - raft.server.rpc.timeout.min = 5s (custom)
2019-09-19 11:51:41,579 [pool-433-thread-1] INFO  server.RaftServerConfigKeys (ConfUtils.java:logGet(43)) - raft.server.rpc.timeout.max = 5200ms (custom)
2019-09-19 11:51:41,579 [pool-433-thread-1] INFO  server.RaftServerConfigKeys (ConfUtils.java:logGet(43)) - raft.server.rpcslowness.timeout = 120s (custom)
2019-09-19 11:51:41,580 [pool-433-thread-1] INFO  server.RaftServerConfigKeys (ConfUtils.java:logGet(43)) - raft.server.sleep.deviation.threshold = 300 (default)
2019-09-19 11:51:41,580 [pool-433-thread-1] INFO  server.RaftServerConfigKeys (ConfUtils.java:logGet(43)) - raft.server.log.appender.install.snapshot.enabled = false (custom)
2019-09-19 11:51:41,580 [pool-433-thread-1] INFO  impl.RaftServerImpl (ServerState.java:<init>(103)) - 52a59ef7-11d6-4b0c-b253-b79333fc9305@group-F221FDFC5A52: ConfigurationManager, init=-1: [52a59ef7-11d6-4b0c-b253-b79333fc9305:192.168.151.78:39843], old=null, confs=<EMPTY_MAP>
2019-09-19 11:51:41,580 [pool-433-thread-1] INFO  server.RaftServerConfigKeys (ConfUtils.java:logGet(43)) - raft.server.storage.dir = [/workdir/hadoop-ozone/integration-test/target/test-dir/MiniOzoneClusterImpl-126efc8e-5eb3-4c27-bad9-6042ca060f46/datanode-5/data/ratis] (custom)
2019-09-19 11:51:41,581 [pool-433-thread-1] INFO  storage.RaftStorageDirectory (RaftStorageDirectory.java:analyzeStorage(246)) - The storage directory /workdir/hadoop-ozone/integration-test/target/test-dir/MiniOzoneClusterImpl-126efc8e-5eb3-4c27-bad9-6042ca060f46/datanode-5/data/ratis/875d6daa-75e3-40c4-8fa4-f221fdfc5a52 does not exist. Creating ...
2019-09-19 11:51:41,593 [pool-433-thread-1] INFO  storage.RaftStorageDirectory (RaftStorageDirectory.java:tryLock(328)) - Lock on /workdir/hadoop-ozone/integration-test/target/test-dir/MiniOzoneClusterImpl-126efc8e-5eb3-4c27-bad9-6042ca060f46/datanode-5/data/ratis/875d6daa-75e3-40c4-8fa4-f221fdfc5a52/in_use.lock acquired by nodename 25343@pr-hdds-2154-j8s56-3842691507
2019-09-19 11:51:41,607 [pool-433-thread-1] INFO  storage.RaftStorage (RaftStorage.java:format(72)) - Storage directory /workdir/hadoop-ozone/integration-test/target/test-dir/MiniOzoneClusterImpl-126efc8e-5eb3-4c27-bad9-6042ca060f46/datanode-5/data/ratis/875d6daa-75e3-40c4-8fa4-f221fdfc5a52 has been successfully formatted.
2019-09-19 11:51:41,607 [pool-433-thread-1] INFO  ratis.ContainerStateMachine (ContainerStateMachine.java:loadSnapshot(230)) - group-F221FDFC5A52: The snapshot info is null. Setting the last applied indexto:(t:0, i:~)
2019-09-19 11:51:41,607 [pool-433-thread-1] INFO  server.RaftServerConfigKeys (ConfUtils.java:logGet(43)) - raft.server.notification.no-leader.timeout = 120s (custom)
2019-09-19 11:51:41,608 [pool-433-thread-1] INFO  server.RaftServerConfigKeys (ConfUtils.java:logGet(43)) - raft.server.log.use.memory = false (default)
2019-09-19 11:51:41,608 [pool-433-thread-1] INFO  server.RaftServerConfigKeys (ConfUtils.java:logGet(43)) - raft.server.log.purge.gap = 1000000 (custom)
2019-09-19 11:51:41,608 [pool-433-thread-1] INFO  server.RaftServerConfigKeys (ConfUtils.java:logGet(43)) - raft.server.log.appender.buffer.byte-limit = 33554432 (custom)
2019-09-19 11:51:41,608 [pool-433-thread-1] INFO  server.RaftServerConfigKeys (ConfUtils.java:logGet(43)) - raft.server.log.segment.size.max = 1048576 (custom)
2019-09-19 11:51:41,608 [pool-433-thread-1] INFO  server.RaftServerConfigKeys (ConfUtils.java:logGet(43)) - raft.server.log.segment.cache.num.max = 2 (custom)
2019-09-19 11:51:41,608 [pool-433-thread-1] INFO  segmented.SegmentedRaftLogWorker (SegmentedRaftLogWorker.java:<init>(172)) - new 52a59ef7-11d6-4b0c-b253-b79333fc9305@group-F221FDFC5A52-SegmentedRaftLogWorker for RaftStorage:Storage Directory /workdir/hadoop-ozone/integration-test/target/test-dir/MiniOzoneClusterImpl-126efc8e-5eb3-4c27-bad9-6042ca060f46/datanode-5/data/ratis/875d6daa-75e3-40c4-8fa4-f221fdfc5a52
2019-09-19 11:51:41,610 [pool-433-thread-1] INFO  server.RaftServerConfigKeys (ConfUtils.java:logGet(43)) - raft.server.log.queue.byte-limit = 2147483647 (custom)
2019-09-19 11:51:41,610 [pool-433-thread-1] INFO  server.RaftServerConfigKeys (ConfUtils.java:logGet(43)) - raft.server.log.queue.element-limit = 1024 (custom)
2019-09-19 11:51:41,611 [pool-433-thread-1] INFO  server.RaftServerConfigKeys (ConfUtils.java:logGet(43)) - raft.server.log.segment.size.max = 1048576 (custom)
2019-09-19 11:51:41,611 [pool-433-thread-1] INFO  server.RaftServerConfigKeys (ConfUtils.java:logGet(43)) - raft.server.log.preallocated.size = 16384 (custom)
2019-09-19 11:51:41,611 [pool-433-thread-1] INFO  server.RaftServerConfigKeys (ConfUtils.java:logGet(43)) - raft.server.log.write.buffer.size = 33554432 (custom)
2019-09-19 11:51:41,611 [pool-433-thread-1] INFO  server.RaftServerConfigKeys (ConfUtils.java:logGet(43)) - raft.server.log.force.sync.num = 128 (default)
2019-09-19 11:51:41,611 [pool-433-thread-1] INFO  server.RaftServerConfigKeys (ConfUtils.java:logGet(43)) - raft.server.log.statemachine.data.sync = true (default)
2019-09-19 11:51:41,611 [pool-433-thread-1] INFO  server.RaftServerConfigKeys (ConfUtils.java:logGet(43)) - raft.server.log.statemachine.data.sync.timeout = 10s (default)
2019-09-19 11:51:41,611 [pool-433-thread-1] INFO  server.RaftServerConfigKeys (ConfUtils.java:logGet(43)) - raft.server.log.statemachine.data.sync.timeout.retry = -1 (default)
2019-09-19 11:51:41,612 [pool-433-thread-1] INFO  server.RaftServerConfigKeys (ConfUtils.java:logGet(43)) - raft.server.log.statemachine.data.caching.enabled = true (custom)
2019-09-19 11:51:41,612 [pool-433-thread-1] INFO  segmented.SegmentedRaftLogWorker (SegmentedRaftLogWorker.java:lambda$new$0(132)) - 52a59ef7-11d6-4b0c-b253-b79333fc9305@group-F221FDFC5A52-SegmentedRaftLogWorker: flushIndex: setUnconditionally 0 -> -1
2019-09-19 11:51:41,612 [pool-433-thread-1] INFO  server.RaftServerConfigKeys (ConfUtils.java:logGet(43)) - raft.server.snapshot.auto.trigger.enabled = true (custom)
2019-09-19 11:51:41,612 [pool-433-thread-1] INFO  server.RaftServerConfigKeys (ConfUtils.java:logGet(43)) - raft.server.snapshot.auto.trigger.threshold = 10000 (custom)
2019-09-19 11:51:41,613 [pool-433-thread-1] INFO  server.RaftServerConfigKeys (ConfUtils.java:logGet(43)) - raft.server.snapshot.retention.num.files = 5 (custom)
2019-09-19 11:51:41,613 [pool-433-thread-1] INFO  server.RaftServerConfigKeys (ConfUtils.java:logGet(43)) - raft.server.retrycache.expirytime = 600000ms (custom)
2019-09-19 11:51:41,614 [pool-433-thread-1] INFO  impl.RaftServerImpl (RaftServerImpl.java:start(185)) - 52a59ef7-11d6-4b0c-b253-b79333fc9305@group-F221FDFC5A52: start as a follower, conf=-1: [52a59ef7-11d6-4b0c-b253-b79333fc9305:192.168.151.78:39843], old=null
2019-09-19 11:51:41,615 [pool-433-thread-1] INFO  impl.RaftServerImpl (RaftServerImpl.java:setRole(174)) - 52a59ef7-11d6-4b0c-b253-b79333fc9305@group-F221FDFC5A52: changes role from      null to FOLLOWER at term 0 for startAsFollower
2019-09-19 11:51:41,615 [pool-433-thread-1] INFO  impl.RoleInfo (RoleInfo.java:updateAndGet(143)) - 52a59ef7-11d6-4b0c-b253-b79333fc9305: start FollowerState
2019-09-19 11:51:41,615 [pool-433-thread-1] INFO  util.JmxRegister (JmxRegister.java:tryRegister(44)) - Successfully registered JMX Bean with object name Ratis:service=RaftServer,group=group-F221FDFC5A52,id=52a59ef7-11d6-4b0c-b253-b79333fc9305
2019-09-19 11:51:41,617 [RatisPipelineUtilsThread] INFO  pipeline.PipelineStateManager (PipelineStateManager.java:addPipeline(56)) - Created pipeline Pipeline[ Id: 875d6daa-75e3-40c4-8fa4-f221fdfc5a52, Nodes: 52a59ef7-11d6-4b0c-b253-b79333fc9305{ip: 192.168.151.78, host: pr-hdds-2154-j8s56-3842691507, networkLocation: /default-rack, certSerialId: null}, Type:RATIS, Factor:ONE, State:OPEN]
2019-09-19 11:51:41,626 [main] INFO  ozone.MiniOzoneClusterImpl (MiniOzoneClusterImpl.java:lambda$waitForClusterToBeReady$0(145)) - Waiting for cluster to be ready. Got 6 of 7 DN Heartbeats.
2019-09-19 11:51:41,626 [grpc-default-executor-8] INFO  impl.RaftServerProxy (RaftServerProxy.java:addNew(89)) - ba625d97-38b5-4f51-8c09-71f1ab2b77c9: addNew group-C05E5FE050A5:[ba625d97-38b5-4f51-8c09-71f1ab2b77c9:192.168.151.78:43821] returns group-C05E5FE050A5:java.util.concurrent.CompletableFuture@49bc3ad7[Not completed]
2019-09-19 11:51:41,628 [IPC Server handler 0 on 37097] INFO  net.NetworkTopology (NetworkTopologyImpl.java:add(111)) - Added a new node: /default-rack/3bc24b3e-dad3-45a8-baeb-b401d6578a0b
2019-09-19 11:51:41,628 [pool-423-thread-1] INFO  impl.RaftServerImpl (RaftServerImpl.java:<init>(95)) - ba625d97-38b5-4f51-8c09-71f1ab2b77c9: new RaftServerImpl for group-C05E5FE050A5:[ba625d97-38b5-4f51-8c09-71f1ab2b77c9:192.168.151.78:43821] with ContainerStateMachine:uninitialized
2019-09-19 11:51:41,628 [IPC Server handler 0 on 37097] INFO  node.SCMNodeManager (SCMNodeManager.java:register(266)) - Registered Data node : 3bc24b3e-dad3-45a8-baeb-b401d6578a0b{ip: 192.168.151.78, host: pr-hdds-2154-j8s56-3842691507, networkLocation: /default-rack, certSerialId: null}
2019-09-19 11:51:41,628 [pool-423-thread-1] INFO  server.RaftServerConfigKeys (ConfUtils.java:logGet(43)) - raft.server.rpc.timeout.min = 5s (custom)
2019-09-19 11:51:41,628 [pool-423-thread-1] INFO  server.RaftServerConfigKeys (ConfUtils.java:logGet(43)) - raft.server.rpc.timeout.max = 5200ms (custom)
2019-09-19 11:51:41,628 [pool-423-thread-1] INFO  server.RaftServerConfigKeys (ConfUtils.java:logGet(43)) - raft.server.rpcslowness.timeout = 120s (custom)
2019-09-19 11:51:41,629 [pool-423-thread-1] INFO  server.RaftServerConfigKeys (ConfUtils.java:logGet(43)) - raft.server.sleep.deviation.threshold = 300 (default)
2019-09-19 11:51:41,629 [pool-423-thread-1] INFO  server.RaftServerConfigKeys (ConfUtils.java:logGet(43)) - raft.server.log.appender.install.snapshot.enabled = false (custom)
2019-09-19 11:51:41,629 [pool-423-thread-1] INFO  impl.RaftServerImpl (ServerState.java:<init>(103)) - ba625d97-38b5-4f51-8c09-71f1ab2b77c9@group-C05E5FE050A5: ConfigurationManager, init=-1: [ba625d97-38b5-4f51-8c09-71f1ab2b77c9:192.168.151.78:43821], old=null, confs=<EMPTY_MAP>
2019-09-19 11:51:41,629 [pool-423-thread-1] INFO  server.RaftServerConfigKeys (ConfUtils.java:logGet(43)) - raft.server.storage.dir = [/workdir/hadoop-ozone/integration-test/target/test-dir/MiniOzoneClusterImpl-126efc8e-5eb3-4c27-bad9-6042ca060f46/datanode-4/data/ratis] (custom)
2019-09-19 11:51:41,629 [pool-423-thread-1] INFO  storage.RaftStorageDirectory (RaftStorageDirectory.java:analyzeStorage(246)) - The storage directory /workdir/hadoop-ozone/integration-test/target/test-dir/MiniOzoneClusterImpl-126efc8e-5eb3-4c27-bad9-6042ca060f46/datanode-4/data/ratis/b912e2d2-9387-41bf-bcfe-c05e5fe050a5 does not exist. Creating ...
2019-09-19 11:51:41,643 [pool-423-thread-1] INFO  storage.RaftStorageDirectory (RaftStorageDirectory.java:tryLock(328)) - Lock on /workdir/hadoop-ozone/integration-test/target/test-dir/MiniOzoneClusterImpl-126efc8e-5eb3-4c27-bad9-6042ca060f46/datanode-4/data/ratis/b912e2d2-9387-41bf-bcfe-c05e5fe050a5/in_use.lock acquired by nodename 25343@pr-hdds-2154-j8s56-3842691507
2019-09-19 11:51:41,665 [pool-423-thread-1] INFO  storage.RaftStorage (RaftStorage.java:format(72)) - Storage directory /workdir/hadoop-ozone/integration-test/target/test-dir/MiniOzoneClusterImpl-126efc8e-5eb3-4c27-bad9-6042ca060f46/datanode-4/data/ratis/b912e2d2-9387-41bf-bcfe-c05e5fe050a5 has been successfully formatted.
2019-09-19 11:51:41,666 [pool-423-thread-1] INFO  ratis.ContainerStateMachine (ContainerStateMachine.java:loadSnapshot(230)) - group-C05E5FE050A5: The snapshot info is null. Setting the last applied indexto:(t:0, i:~)
2019-09-19 11:51:41,666 [pool-423-thread-1] INFO  server.RaftServerConfigKeys (ConfUtils.java:logGet(43)) - raft.server.notification.no-leader.timeout = 120s (custom)
2019-09-19 11:51:41,666 [pool-423-thread-1] INFO  server.RaftServerConfigKeys (ConfUtils.java:logGet(43)) - raft.server.log.use.memory = false (default)
2019-09-19 11:51:41,666 [pool-423-thread-1] INFO  server.RaftServerConfigKeys (ConfUtils.java:logGet(43)) - raft.server.log.purge.gap = 1000000 (custom)
2019-09-19 11:51:41,666 [pool-423-thread-1] INFO  server.RaftServerConfigKeys (ConfUtils.java:logGet(43)) - raft.server.log.appender.buffer.byte-limit = 33554432 (custom)
2019-09-19 11:51:41,667 [pool-423-thread-1] INFO  server.RaftServerConfigKeys (ConfUtils.java:logGet(43)) - raft.server.log.segment.size.max = 1048576 (custom)
2019-09-19 11:51:41,667 [pool-423-thread-1] INFO  server.RaftServerConfigKeys (ConfUtils.java:logGet(43)) - raft.server.log.segment.cache.num.max = 2 (custom)
2019-09-19 11:51:41,667 [pool-423-thread-1] INFO  segmented.SegmentedRaftLogWorker (SegmentedRaftLogWorker.java:<init>(172)) - new ba625d97-38b5-4f51-8c09-71f1ab2b77c9@group-C05E5FE050A5-SegmentedRaftLogWorker for RaftStorage:Storage Directory /workdir/hadoop-ozone/integration-test/target/test-dir/MiniOzoneClusterImpl-126efc8e-5eb3-4c27-bad9-6042ca060f46/datanode-4/data/ratis/b912e2d2-9387-41bf-bcfe-c05e5fe050a5
2019-09-19 11:51:41,669 [pool-423-thread-1] INFO  server.RaftServerConfigKeys (ConfUtils.java:logGet(43)) - raft.server.log.queue.byte-limit = 2147483647 (custom)
2019-09-19 11:51:41,669 [pool-423-thread-1] INFO  server.RaftServerConfigKeys (ConfUtils.java:logGet(43)) - raft.server.log.queue.element-limit = 1024 (custom)
2019-09-19 11:51:41,669 [pool-423-thread-1] INFO  server.RaftServerConfigKeys (ConfUtils.java:logGet(43)) - raft.server.log.segment.size.max = 1048576 (custom)
2019-09-19 11:51:41,669 [pool-423-thread-1] INFO  server.RaftServerConfigKeys (ConfUtils.java:logGet(43)) - raft.server.log.preallocated.size = 16384 (custom)
2019-09-19 11:51:41,669 [pool-423-thread-1] INFO  server.RaftServerConfigKeys (ConfUtils.java:logGet(43)) - raft.server.log.write.buffer.size = 33554432 (custom)
2019-09-19 11:51:41,669 [pool-423-thread-1] INFO  server.RaftServerConfigKeys (ConfUtils.java:logGet(43)) - raft.server.log.force.sync.num = 128 (default)
2019-09-19 11:51:41,669 [pool-423-thread-1] INFO  server.RaftServerConfigKeys (ConfUtils.java:logGet(43)) - raft.server.log.statemachine.data.sync = true (default)
2019-09-19 11:51:41,670 [pool-423-thread-1] INFO  server.RaftServerConfigKeys (ConfUtils.java:logGet(43)) - raft.server.log.statemachine.data.sync.timeout = 10s (default)
2019-09-19 11:51:41,670 [pool-423-thread-1] INFO  server.RaftServerConfigKeys (ConfUtils.java:logGet(43)) - raft.server.log.statemachine.data.sync.timeout.retry = -1 (default)
2019-09-19 11:51:41,670 [pool-423-thread-1] INFO  server.RaftServerConfigKeys (ConfUtils.java:logGet(43)) - raft.server.log.statemachine.data.caching.enabled = true (custom)
2019-09-19 11:51:41,670 [pool-423-thread-1] INFO  segmented.SegmentedRaftLogWorker (SegmentedRaftLogWorker.java:lambda$new$0(132)) - ba625d97-38b5-4f51-8c09-71f1ab2b77c9@group-C05E5FE050A5-SegmentedRaftLogWorker: flushIndex: setUnconditionally 0 -> -1
2019-09-19 11:51:41,670 [pool-423-thread-1] INFO  server.RaftServerConfigKeys (ConfUtils.java:logGet(43)) - raft.server.snapshot.auto.trigger.enabled = true (custom)
2019-09-19 11:51:41,671 [pool-423-thread-1] INFO  server.RaftServerConfigKeys (ConfUtils.java:logGet(43)) - raft.server.snapshot.auto.trigger.threshold = 10000 (custom)
2019-09-19 11:51:41,671 [pool-423-thread-1] INFO  server.RaftServerConfigKeys (ConfUtils.java:logGet(43)) - raft.server.snapshot.retention.num.files = 5 (custom)
2019-09-19 11:51:41,671 [pool-423-thread-1] INFO  server.RaftServerConfigKeys (ConfUtils.java:logGet(43)) - raft.server.retrycache.expirytime = 600000ms (custom)
2019-09-19 11:51:41,672 [pool-423-thread-1] INFO  impl.RaftServerImpl (RaftServerImpl.java:start(185)) - ba625d97-38b5-4f51-8c09-71f1ab2b77c9@group-C05E5FE050A5: start as a follower, conf=-1: [ba625d97-38b5-4f51-8c09-71f1ab2b77c9:192.168.151.78:43821], old=null
2019-09-19 11:51:41,673 [pool-423-thread-1] INFO  impl.RaftServerImpl (RaftServerImpl.java:setRole(174)) - ba625d97-38b5-4f51-8c09-71f1ab2b77c9@group-C05E5FE050A5: changes role from      null to FOLLOWER at term 0 for startAsFollower
2019-09-19 11:51:41,673 [pool-423-thread-1] INFO  impl.RoleInfo (RoleInfo.java:updateAndGet(143)) - ba625d97-38b5-4f51-8c09-71f1ab2b77c9: start FollowerState
2019-09-19 11:51:41,673 [pool-423-thread-1] INFO  util.JmxRegister (JmxRegister.java:tryRegister(44)) - Successfully registered JMX Bean with object name Ratis:service=RaftServer,group=group-C05E5FE050A5,id=ba625d97-38b5-4f51-8c09-71f1ab2b77c9
2019-09-19 11:51:41,675 [RatisPipelineUtilsThread] INFO  pipeline.PipelineStateManager (PipelineStateManager.java:addPipeline(56)) - Created pipeline Pipeline[ Id: b912e2d2-9387-41bf-bcfe-c05e5fe050a5, Nodes: ba625d97-38b5-4f51-8c09-71f1ab2b77c9{ip: 192.168.151.78, host: pr-hdds-2154-j8s56-3842691507, networkLocation: /default-rack, certSerialId: null}, Type:RATIS, Factor:ONE, State:OPEN]
2019-09-19 11:51:41,683 [grpc-default-executor-8] INFO  impl.RaftServerProxy (RaftServerProxy.java:addNew(89)) - 3bc24b3e-dad3-45a8-baeb-b401d6578a0b: addNew group-51F30036304B:[3bc24b3e-dad3-45a8-baeb-b401d6578a0b:192.168.151.78:35658] returns group-51F30036304B:java.util.concurrent.CompletableFuture@61fef367[Not completed]
2019-09-19 11:51:41,684 [pool-443-thread-1] INFO  impl.RaftServerImpl (RaftServerImpl.java:<init>(95)) - 3bc24b3e-dad3-45a8-baeb-b401d6578a0b: new RaftServerImpl for group-51F30036304B:[3bc24b3e-dad3-45a8-baeb-b401d6578a0b:192.168.151.78:35658] with ContainerStateMachine:uninitialized
2019-09-19 11:51:41,684 [pool-443-thread-1] INFO  server.RaftServerConfigKeys (ConfUtils.java:logGet(43)) - raft.server.rpc.timeout.min = 5s (custom)
2019-09-19 11:51:41,684 [pool-443-thread-1] INFO  server.RaftServerConfigKeys (ConfUtils.java:logGet(43)) - raft.server.rpc.timeout.max = 5200ms (custom)
2019-09-19 11:51:41,684 [pool-443-thread-1] INFO  server.RaftServerConfigKeys (ConfUtils.java:logGet(43)) - raft.server.rpcslowness.timeout = 120s (custom)
2019-09-19 11:51:41,684 [pool-443-thread-1] INFO  server.RaftServerConfigKeys (ConfUtils.java:logGet(43)) - raft.server.sleep.deviation.threshold = 300 (default)
2019-09-19 11:51:41,684 [pool-443-thread-1] INFO  server.RaftServerConfigKeys (ConfUtils.java:logGet(43)) - raft.server.log.appender.install.snapshot.enabled = false (custom)
2019-09-19 11:51:41,684 [pool-443-thread-1] INFO  impl.RaftServerImpl (ServerState.java:<init>(103)) - 3bc24b3e-dad3-45a8-baeb-b401d6578a0b@group-51F30036304B: ConfigurationManager, init=-1: [3bc24b3e-dad3-45a8-baeb-b401d6578a0b:192.168.151.78:35658], old=null, confs=<EMPTY_MAP>
2019-09-19 11:51:41,685 [pool-443-thread-1] INFO  server.RaftServerConfigKeys (ConfUtils.java:logGet(43)) - raft.server.storage.dir = [/workdir/hadoop-ozone/integration-test/target/test-dir/MiniOzoneClusterImpl-126efc8e-5eb3-4c27-bad9-6042ca060f46/datanode-6/data/ratis] (custom)
2019-09-19 11:51:41,685 [pool-443-thread-1] INFO  storage.RaftStorageDirectory (RaftStorageDirectory.java:analyzeStorage(246)) - The storage directory /workdir/hadoop-ozone/integration-test/target/test-dir/MiniOzoneClusterImpl-126efc8e-5eb3-4c27-bad9-6042ca060f46/datanode-6/data/ratis/6c46a37a-cf4a-4e5f-aba6-51f30036304b does not exist. Creating ...
2019-09-19 11:51:41,698 [pool-443-thread-1] INFO  storage.RaftStorageDirectory (RaftStorageDirectory.java:tryLock(328)) - Lock on /workdir/hadoop-ozone/integration-test/target/test-dir/MiniOzoneClusterImpl-126efc8e-5eb3-4c27-bad9-6042ca060f46/datanode-6/data/ratis/6c46a37a-cf4a-4e5f-aba6-51f30036304b/in_use.lock acquired by nodename 25343@pr-hdds-2154-j8s56-3842691507
2019-09-19 11:51:41,711 [pool-443-thread-1] INFO  storage.RaftStorage (RaftStorage.java:format(72)) - Storage directory /workdir/hadoop-ozone/integration-test/target/test-dir/MiniOzoneClusterImpl-126efc8e-5eb3-4c27-bad9-6042ca060f46/datanode-6/data/ratis/6c46a37a-cf4a-4e5f-aba6-51f30036304b has been successfully formatted.
2019-09-19 11:51:41,712 [pool-443-thread-1] INFO  ratis.ContainerStateMachine (ContainerStateMachine.java:loadSnapshot(230)) - group-51F30036304B: The snapshot info is null. Setting the last applied indexto:(t:0, i:~)
2019-09-19 11:51:41,712 [pool-443-thread-1] INFO  server.RaftServerConfigKeys (ConfUtils.java:logGet(43)) - raft.server.notification.no-leader.timeout = 120s (custom)
2019-09-19 11:51:41,712 [pool-443-thread-1] INFO  server.RaftServerConfigKeys (ConfUtils.java:logGet(43)) - raft.server.log.use.memory = false (default)
2019-09-19 11:51:41,712 [pool-443-thread-1] INFO  server.RaftServerConfigKeys (ConfUtils.java:logGet(43)) - raft.server.log.purge.gap = 1000000 (custom)
2019-09-19 11:51:41,712 [pool-443-thread-1] INFO  server.RaftServerConfigKeys (ConfUtils.java:logGet(43)) - raft.server.log.appender.buffer.byte-limit = 33554432 (custom)
2019-09-19 11:51:41,712 [pool-443-thread-1] INFO  server.RaftServerConfigKeys (ConfUtils.java:logGet(43)) - raft.server.log.segment.size.max = 1048576 (custom)
2019-09-19 11:51:41,712 [pool-443-thread-1] INFO  server.RaftServerConfigKeys (ConfUtils.java:logGet(43)) - raft.server.log.segment.cache.num.max = 2 (custom)
2019-09-19 11:51:41,712 [pool-443-thread-1] INFO  segmented.SegmentedRaftLogWorker (SegmentedRaftLogWorker.java:<init>(172)) - new 3bc24b3e-dad3-45a8-baeb-b401d6578a0b@group-51F30036304B-SegmentedRaftLogWorker for RaftStorage:Storage Directory /workdir/hadoop-ozone/integration-test/target/test-dir/MiniOzoneClusterImpl-126efc8e-5eb3-4c27-bad9-6042ca060f46/datanode-6/data/ratis/6c46a37a-cf4a-4e5f-aba6-51f30036304b
2019-09-19 11:51:41,714 [pool-443-thread-1] INFO  server.RaftServerConfigKeys (ConfUtils.java:logGet(43)) - raft.server.log.queue.byte-limit = 2147483647 (custom)
2019-09-19 11:51:41,714 [pool-443-thread-1] INFO  server.RaftServerConfigKeys (ConfUtils.java:logGet(43)) - raft.server.log.queue.element-limit = 1024 (custom)
2019-09-19 11:51:41,714 [pool-443-thread-1] INFO  server.RaftServerConfigKeys (ConfUtils.java:logGet(43)) - raft.server.log.segment.size.max = 1048576 (custom)
2019-09-19 11:51:41,714 [pool-443-thread-1] INFO  server.RaftServerConfigKeys (ConfUtils.java:logGet(43)) - raft.server.log.preallocated.size = 16384 (custom)
2019-09-19 11:51:41,714 [pool-443-thread-1] INFO  server.RaftServerConfigKeys (ConfUtils.java:logGet(43)) - raft.server.log.write.buffer.size = 33554432 (custom)
2019-09-19 11:51:41,714 [pool-443-thread-1] INFO  server.RaftServerConfigKeys (ConfUtils.java:logGet(43)) - raft.server.log.force.sync.num = 128 (default)
2019-09-19 11:51:41,715 [pool-443-thread-1] INFO  server.RaftServerConfigKeys (ConfUtils.java:logGet(43)) - raft.server.log.statemachine.data.sync = true (default)
2019-09-19 11:51:41,715 [pool-443-thread-1] INFO  server.RaftServerConfigKeys (ConfUtils.java:logGet(43)) - raft.server.log.statemachine.data.sync.timeout = 10s (default)
2019-09-19 11:51:41,715 [pool-443-thread-1] INFO  server.RaftServerConfigKeys (ConfUtils.java:logGet(43)) - raft.server.log.statemachine.data.sync.timeout.retry = -1 (default)
2019-09-19 11:51:41,715 [pool-443-thread-1] INFO  server.RaftServerConfigKeys (ConfUtils.java:logGet(43)) - raft.server.log.statemachine.data.caching.enabled = true (custom)
2019-09-19 11:51:41,715 [pool-443-thread-1] INFO  segmented.SegmentedRaftLogWorker (SegmentedRaftLogWorker.java:lambda$new$0(132)) - 3bc24b3e-dad3-45a8-baeb-b401d6578a0b@group-51F30036304B-SegmentedRaftLogWorker: flushIndex: setUnconditionally 0 -> -1
2019-09-19 11:51:41,715 [pool-443-thread-1] INFO  server.RaftServerConfigKeys (ConfUtils.java:logGet(43)) - raft.server.snapshot.auto.trigger.enabled = true (custom)
2019-09-19 11:51:41,715 [pool-443-thread-1] INFO  server.RaftServerConfigKeys (ConfUtils.java:logGet(43)) - raft.server.snapshot.auto.trigger.threshold = 10000 (custom)
2019-09-19 11:51:41,716 [pool-443-thread-1] INFO  server.RaftServerConfigKeys (ConfUtils.java:logGet(43)) - raft.server.snapshot.retention.num.files = 5 (custom)
2019-09-19 11:51:41,716 [pool-443-thread-1] INFO  server.RaftServerConfigKeys (ConfUtils.java:logGet(43)) - raft.server.retrycache.expirytime = 600000ms (custom)
2019-09-19 11:51:41,717 [pool-443-thread-1] INFO  impl.RaftServerImpl (RaftServerImpl.java:start(185)) - 3bc24b3e-dad3-45a8-baeb-b401d6578a0b@group-51F30036304B: start as a follower, conf=-1: [3bc24b3e-dad3-45a8-baeb-b401d6578a0b:192.168.151.78:35658], old=null
2019-09-19 11:51:41,717 [pool-443-thread-1] INFO  impl.RaftServerImpl (RaftServerImpl.java:setRole(174)) - 3bc24b3e-dad3-45a8-baeb-b401d6578a0b@group-51F30036304B: changes role from      null to FOLLOWER at term 0 for startAsFollower
2019-09-19 11:51:41,717 [pool-443-thread-1] INFO  impl.RoleInfo (RoleInfo.java:updateAndGet(143)) - 3bc24b3e-dad3-45a8-baeb-b401d6578a0b: start FollowerState
2019-09-19 11:51:41,717 [pool-443-thread-1] INFO  util.JmxRegister (JmxRegister.java:tryRegister(44)) - Successfully registered JMX Bean with object name Ratis:service=RaftServer,group=group-51F30036304B,id=3bc24b3e-dad3-45a8-baeb-b401d6578a0b
2019-09-19 11:51:41,720 [RatisPipelineUtilsThread] INFO  pipeline.PipelineStateManager (PipelineStateManager.java:addPipeline(56)) - Created pipeline Pipeline[ Id: 6c46a37a-cf4a-4e5f-aba6-51f30036304b, Nodes: 3bc24b3e-dad3-45a8-baeb-b401d6578a0b{ip: 192.168.151.78, host: pr-hdds-2154-j8s56-3842691507, networkLocation: /default-rack, certSerialId: null}, Type:RATIS, Factor:ONE, State:OPEN]
2019-09-19 11:51:41,730 [grpc-default-executor-12] INFO  impl.RaftServerProxy (RaftServerProxy.java:addNew(89)) - 52a59ef7-11d6-4b0c-b253-b79333fc9305: addNew group-B4338AD123D6:[3bc24b3e-dad3-45a8-baeb-b401d6578a0b:192.168.151.78:35658, 52a59ef7-11d6-4b0c-b253-b79333fc9305:192.168.151.78:39843, ba625d97-38b5-4f51-8c09-71f1ab2b77c9:192.168.151.78:43821] returns group-B4338AD123D6:java.util.concurrent.CompletableFuture@2b3c7f10[Not completed]
2019-09-19 11:51:41,730 [grpc-default-executor-2] INFO  impl.RaftServerProxy (RaftServerProxy.java:addNew(89)) - 3bc24b3e-dad3-45a8-baeb-b401d6578a0b: addNew group-B4338AD123D6:[3bc24b3e-dad3-45a8-baeb-b401d6578a0b:192.168.151.78:35658, 52a59ef7-11d6-4b0c-b253-b79333fc9305:192.168.151.78:39843, ba625d97-38b5-4f51-8c09-71f1ab2b77c9:192.168.151.78:43821] returns group-B4338AD123D6:java.util.concurrent.CompletableFuture@368943fa[Not completed]
2019-09-19 11:51:41,730 [grpc-default-executor-8] INFO  impl.RaftServerProxy (RaftServerProxy.java:addNew(89)) - ba625d97-38b5-4f51-8c09-71f1ab2b77c9: addNew group-B4338AD123D6:[3bc24b3e-dad3-45a8-baeb-b401d6578a0b:192.168.151.78:35658, 52a59ef7-11d6-4b0c-b253-b79333fc9305:192.168.151.78:39843, ba625d97-38b5-4f51-8c09-71f1ab2b77c9:192.168.151.78:43821] returns group-B4338AD123D6:java.util.concurrent.CompletableFuture@41e3973c[Not completed]
2019-09-19 11:51:41,731 [pool-433-thread-1] INFO  impl.RaftServerImpl (RaftServerImpl.java:<init>(95)) - 52a59ef7-11d6-4b0c-b253-b79333fc9305: new RaftServerImpl for group-B4338AD123D6:[3bc24b3e-dad3-45a8-baeb-b401d6578a0b:192.168.151.78:35658, 52a59ef7-11d6-4b0c-b253-b79333fc9305:192.168.151.78:39843, ba625d97-38b5-4f51-8c09-71f1ab2b77c9:192.168.151.78:43821] with ContainerStateMachine:uninitialized
2019-09-19 11:51:41,731 [pool-433-thread-1] INFO  server.RaftServerConfigKeys (ConfUtils.java:logGet(43)) - raft.server.rpc.timeout.min = 5s (custom)
2019-09-19 11:51:41,731 [pool-433-thread-1] INFO  server.RaftServerConfigKeys (ConfUtils.java:logGet(43)) - raft.server.rpc.timeout.max = 5200ms (custom)
2019-09-19 11:51:41,731 [pool-433-thread-1] INFO  server.RaftServerConfigKeys (ConfUtils.java:logGet(43)) - raft.server.rpcslowness.timeout = 120s (custom)
2019-09-19 11:51:41,731 [pool-433-thread-1] INFO  server.RaftServerConfigKeys (ConfUtils.java:logGet(43)) - raft.server.sleep.deviation.threshold = 300 (default)
2019-09-19 11:51:41,731 [pool-433-thread-1] INFO  server.RaftServerConfigKeys (ConfUtils.java:logGet(43)) - raft.server.log.appender.install.snapshot.enabled = false (custom)
2019-09-19 11:51:41,731 [pool-423-thread-1] INFO  impl.RaftServerImpl (RaftServerImpl.java:<init>(95)) - ba625d97-38b5-4f51-8c09-71f1ab2b77c9: new RaftServerImpl for group-B4338AD123D6:[3bc24b3e-dad3-45a8-baeb-b401d6578a0b:192.168.151.78:35658, 52a59ef7-11d6-4b0c-b253-b79333fc9305:192.168.151.78:39843, ba625d97-38b5-4f51-8c09-71f1ab2b77c9:192.168.151.78:43821] with ContainerStateMachine:uninitialized
2019-09-19 11:51:41,731 [pool-433-thread-1] INFO  impl.RaftServerImpl (ServerState.java:<init>(103)) - 52a59ef7-11d6-4b0c-b253-b79333fc9305@group-B4338AD123D6: ConfigurationManager, init=-1: [3bc24b3e-dad3-45a8-baeb-b401d6578a0b:192.168.151.78:35658, 52a59ef7-11d6-4b0c-b253-b79333fc9305:192.168.151.78:39843, ba625d97-38b5-4f51-8c09-71f1ab2b77c9:192.168.151.78:43821], old=null, confs=<EMPTY_MAP>
2019-09-19 11:51:41,731 [pool-423-thread-1] INFO  server.RaftServerConfigKeys (ConfUtils.java:logGet(43)) - raft.server.rpc.timeout.min = 5s (custom)
2019-09-19 11:51:41,731 [pool-433-thread-1] INFO  server.RaftServerConfigKeys (ConfUtils.java:logGet(43)) - raft.server.storage.dir = [/workdir/hadoop-ozone/integration-test/target/test-dir/MiniOzoneClusterImpl-126efc8e-5eb3-4c27-bad9-6042ca060f46/datanode-5/data/ratis] (custom)
2019-09-19 11:51:41,732 [pool-423-thread-1] INFO  server.RaftServerConfigKeys (ConfUtils.java:logGet(43)) - raft.server.rpc.timeout.max = 5200ms (custom)
2019-09-19 11:51:41,732 [pool-443-thread-1] INFO  impl.RaftServerImpl (RaftServerImpl.java:<init>(95)) - 3bc24b3e-dad3-45a8-baeb-b401d6578a0b: new RaftServerImpl for group-B4338AD123D6:[3bc24b3e-dad3-45a8-baeb-b401d6578a0b:192.168.151.78:35658, 52a59ef7-11d6-4b0c-b253-b79333fc9305:192.168.151.78:39843, ba625d97-38b5-4f51-8c09-71f1ab2b77c9:192.168.151.78:43821] with ContainerStateMachine:uninitialized
2019-09-19 11:51:41,732 [pool-433-thread-1] INFO  storage.RaftStorageDirectory (RaftStorageDirectory.java:analyzeStorage(246)) - The storage directory /workdir/hadoop-ozone/integration-test/target/test-dir/MiniOzoneClusterImpl-126efc8e-5eb3-4c27-bad9-6042ca060f46/datanode-5/data/ratis/77781970-e03d-4c63-b888-b4338ad123d6 does not exist. Creating ...
2019-09-19 11:51:41,732 [pool-423-thread-1] INFO  server.RaftServerConfigKeys (ConfUtils.java:logGet(43)) - raft.server.rpcslowness.timeout = 120s (custom)
2019-09-19 11:51:41,732 [pool-443-thread-1] INFO  server.RaftServerConfigKeys (ConfUtils.java:logGet(43)) - raft.server.rpc.timeout.min = 5s (custom)
2019-09-19 11:51:41,732 [pool-423-thread-1] INFO  server.RaftServerConfigKeys (ConfUtils.java:logGet(43)) - raft.server.sleep.deviation.threshold = 300 (default)
2019-09-19 11:51:41,732 [pool-443-thread-1] INFO  server.RaftServerConfigKeys (ConfUtils.java:logGet(43)) - raft.server.rpc.timeout.max = 5200ms (custom)
2019-09-19 11:51:41,732 [pool-423-thread-1] INFO  server.RaftServerConfigKeys (ConfUtils.java:logGet(43)) - raft.server.log.appender.install.snapshot.enabled = false (custom)
2019-09-19 11:51:41,733 [pool-443-thread-1] INFO  server.RaftServerConfigKeys (ConfUtils.java:logGet(43)) - raft.server.rpcslowness.timeout = 120s (custom)
2019-09-19 11:51:41,733 [pool-423-thread-1] INFO  impl.RaftServerImpl (ServerState.java:<init>(103)) - ba625d97-38b5-4f51-8c09-71f1ab2b77c9@group-B4338AD123D6: ConfigurationManager, init=-1: [3bc24b3e-dad3-45a8-baeb-b401d6578a0b:192.168.151.78:35658, 52a59ef7-11d6-4b0c-b253-b79333fc9305:192.168.151.78:39843, ba625d97-38b5-4f51-8c09-71f1ab2b77c9:192.168.151.78:43821], old=null, confs=<EMPTY_MAP>
2019-09-19 11:51:41,733 [pool-443-thread-1] INFO  server.RaftServerConfigKeys (ConfUtils.java:logGet(43)) - raft.server.sleep.deviation.threshold = 300 (default)
2019-09-19 11:51:41,733 [pool-423-thread-1] INFO  server.RaftServerConfigKeys (ConfUtils.java:logGet(43)) - raft.server.storage.dir = [/workdir/hadoop-ozone/integration-test/target/test-dir/MiniOzoneClusterImpl-126efc8e-5eb3-4c27-bad9-6042ca060f46/datanode-4/data/ratis] (custom)
2019-09-19 11:51:41,733 [pool-443-thread-1] INFO  server.RaftServerConfigKeys (ConfUtils.java:logGet(43)) - raft.server.log.appender.install.snapshot.enabled = false (custom)
2019-09-19 11:51:41,733 [pool-443-thread-1] INFO  impl.RaftServerImpl (ServerState.java:<init>(103)) - 3bc24b3e-dad3-45a8-baeb-b401d6578a0b@group-B4338AD123D6: ConfigurationManager, init=-1: [3bc24b3e-dad3-45a8-baeb-b401d6578a0b:192.168.151.78:35658, 52a59ef7-11d6-4b0c-b253-b79333fc9305:192.168.151.78:39843, ba625d97-38b5-4f51-8c09-71f1ab2b77c9:192.168.151.78:43821], old=null, confs=<EMPTY_MAP>
2019-09-19 11:51:41,733 [pool-423-thread-1] INFO  storage.RaftStorageDirectory (RaftStorageDirectory.java:analyzeStorage(246)) - The storage directory /workdir/hadoop-ozone/integration-test/target/test-dir/MiniOzoneClusterImpl-126efc8e-5eb3-4c27-bad9-6042ca060f46/datanode-4/data/ratis/77781970-e03d-4c63-b888-b4338ad123d6 does not exist. Creating ...
2019-09-19 11:51:41,733 [pool-443-thread-1] INFO  server.RaftServerConfigKeys (ConfUtils.java:logGet(43)) - raft.server.storage.dir = [/workdir/hadoop-ozone/integration-test/target/test-dir/MiniOzoneClusterImpl-126efc8e-5eb3-4c27-bad9-6042ca060f46/datanode-6/data/ratis] (custom)
2019-09-19 11:51:41,734 [pool-443-thread-1] INFO  storage.RaftStorageDirectory (RaftStorageDirectory.java:analyzeStorage(246)) - The storage directory /workdir/hadoop-ozone/integration-test/target/test-dir/MiniOzoneClusterImpl-126efc8e-5eb3-4c27-bad9-6042ca060f46/datanode-6/data/ratis/77781970-e03d-4c63-b888-b4338ad123d6 does not exist. Creating ...
2019-09-19 11:51:41,745 [pool-423-thread-1] INFO  storage.RaftStorageDirectory (RaftStorageDirectory.java:tryLock(328)) - Lock on /workdir/hadoop-ozone/integration-test/target/test-dir/MiniOzoneClusterImpl-126efc8e-5eb3-4c27-bad9-6042ca060f46/datanode-4/data/ratis/77781970-e03d-4c63-b888-b4338ad123d6/in_use.lock acquired by nodename 25343@pr-hdds-2154-j8s56-3842691507
2019-09-19 11:51:41,745 [pool-443-thread-1] INFO  storage.RaftStorageDirectory (RaftStorageDirectory.java:tryLock(328)) - Lock on /workdir/hadoop-ozone/integration-test/target/test-dir/MiniOzoneClusterImpl-126efc8e-5eb3-4c27-bad9-6042ca060f46/datanode-6/data/ratis/77781970-e03d-4c63-b888-b4338ad123d6/in_use.lock acquired by nodename 25343@pr-hdds-2154-j8s56-3842691507
2019-09-19 11:51:41,745 [pool-433-thread-1] INFO  storage.RaftStorageDirectory (RaftStorageDirectory.java:tryLock(328)) - Lock on /workdir/hadoop-ozone/integration-test/target/test-dir/MiniOzoneClusterImpl-126efc8e-5eb3-4c27-bad9-6042ca060f46/datanode-5/data/ratis/77781970-e03d-4c63-b888-b4338ad123d6/in_use.lock acquired by nodename 25343@pr-hdds-2154-j8s56-3842691507
2019-09-19 11:51:41,758 [pool-423-thread-1] INFO  storage.RaftStorage (RaftStorage.java:format(72)) - Storage directory /workdir/hadoop-ozone/integration-test/target/test-dir/MiniOzoneClusterImpl-126efc8e-5eb3-4c27-bad9-6042ca060f46/datanode-4/data/ratis/77781970-e03d-4c63-b888-b4338ad123d6 has been successfully formatted.
2019-09-19 11:51:41,758 [pool-433-thread-1] INFO  storage.RaftStorage (RaftStorage.java:format(72)) - Storage directory /workdir/hadoop-ozone/integration-test/target/test-dir/MiniOzoneClusterImpl-126efc8e-5eb3-4c27-bad9-6042ca060f46/datanode-5/data/ratis/77781970-e03d-4c63-b888-b4338ad123d6 has been successfully formatted.
2019-09-19 11:51:41,758 [pool-443-thread-1] INFO  storage.RaftStorage (RaftStorage.java:format(72)) - Storage directory /workdir/hadoop-ozone/integration-test/target/test-dir/MiniOzoneClusterImpl-126efc8e-5eb3-4c27-bad9-6042ca060f46/datanode-6/data/ratis/77781970-e03d-4c63-b888-b4338ad123d6 has been successfully formatted.
2019-09-19 11:51:41,759 [pool-433-thread-1] INFO  ratis.ContainerStateMachine (ContainerStateMachine.java:loadSnapshot(230)) - group-B4338AD123D6: The snapshot info is null. Setting the last applied indexto:(t:0, i:~)
2019-09-19 11:51:41,759 [pool-423-thread-1] INFO  ratis.ContainerStateMachine (ContainerStateMachine.java:loadSnapshot(230)) - group-B4338AD123D6: The snapshot info is null. Setting the last applied indexto:(t:0, i:~)
2019-09-19 11:51:41,759 [pool-433-thread-1] INFO  server.RaftServerConfigKeys (ConfUtils.java:logGet(43)) - raft.server.notification.no-leader.timeout = 120s (custom)
2019-09-19 11:51:41,759 [pool-443-thread-1] INFO  ratis.ContainerStateMachine (ContainerStateMachine.java:loadSnapshot(230)) - group-B4338AD123D6: The snapshot info is null. Setting the last applied indexto:(t:0, i:~)
2019-09-19 11:51:41,759 [pool-433-thread-1] INFO  server.RaftServerConfigKeys (ConfUtils.java:logGet(43)) - raft.server.log.use.memory = false (default)
2019-09-19 11:51:41,759 [pool-423-thread-1] INFO  server.RaftServerConfigKeys (ConfUtils.java:logGet(43)) - raft.server.notification.no-leader.timeout = 120s (custom)
2019-09-19 11:51:41,759 [pool-433-thread-1] INFO  server.RaftServerConfigKeys (ConfUtils.java:logGet(43)) - raft.server.log.purge.gap = 1000000 (custom)
2019-09-19 11:51:41,760 [pool-433-thread-1] INFO  server.RaftServerConfigKeys (ConfUtils.java:logGet(43)) - raft.server.log.appender.buffer.byte-limit = 33554432 (custom)
2019-09-19 11:51:41,759 [pool-443-thread-1] INFO  server.RaftServerConfigKeys (ConfUtils.java:logGet(43)) - raft.server.notification.no-leader.timeout = 120s (custom)
2019-09-19 11:51:41,760 [pool-433-thread-1] INFO  server.RaftServerConfigKeys (ConfUtils.java:logGet(43)) - raft.server.log.segment.size.max = 1048576 (custom)
2019-09-19 11:51:41,760 [pool-423-thread-1] INFO  server.RaftServerConfigKeys (ConfUtils.java:logGet(43)) - raft.server.log.use.memory = false (default)
2019-09-19 11:51:41,760 [pool-433-thread-1] INFO  server.RaftServerConfigKeys (ConfUtils.java:logGet(43)) - raft.server.log.segment.cache.num.max = 2 (custom)
2019-09-19 11:51:41,760 [pool-433-thread-1] INFO  segmented.SegmentedRaftLogWorker (SegmentedRaftLogWorker.java:<init>(172)) - new 52a59ef7-11d6-4b0c-b253-b79333fc9305@group-B4338AD123D6-SegmentedRaftLogWorker for RaftStorage:Storage Directory /workdir/hadoop-ozone/integration-test/target/test-dir/MiniOzoneClusterImpl-126efc8e-5eb3-4c27-bad9-6042ca060f46/datanode-5/data/ratis/77781970-e03d-4c63-b888-b4338ad123d6
2019-09-19 11:51:41,760 [pool-443-thread-1] INFO  server.RaftServerConfigKeys (ConfUtils.java:logGet(43)) - raft.server.log.use.memory = false (default)
2019-09-19 11:51:41,761 [pool-433-thread-1] INFO  server.RaftServerConfigKeys (ConfUtils.java:logGet(43)) - raft.server.log.queue.byte-limit = 2147483647 (custom)
2019-09-19 11:51:41,760 [pool-423-thread-1] INFO  server.RaftServerConfigKeys (ConfUtils.java:logGet(43)) - raft.server.log.purge.gap = 1000000 (custom)
2019-09-19 11:51:41,761 [pool-433-thread-1] INFO  server.RaftServerConfigKeys (ConfUtils.java:logGet(43)) - raft.server.log.queue.element-limit = 1024 (custom)
2019-09-19 11:51:41,761 [pool-443-thread-1] INFO  server.RaftServerConfigKeys (ConfUtils.java:logGet(43)) - raft.server.log.purge.gap = 1000000 (custom)
2019-09-19 11:51:41,761 [pool-433-thread-1] INFO  server.RaftServerConfigKeys (ConfUtils.java:logGet(43)) - raft.server.log.segment.size.max = 1048576 (custom)
2019-09-19 11:51:41,761 [pool-433-thread-1] INFO  server.RaftServerConfigKeys (ConfUtils.java:logGet(43)) - raft.server.log.preallocated.size = 16384 (custom)
2019-09-19 11:51:41,761 [pool-423-thread-1] INFO  server.RaftServerConfigKeys (ConfUtils.java:logGet(43)) - raft.server.log.appender.buffer.byte-limit = 33554432 (custom)
2019-09-19 11:51:41,762 [pool-433-thread-1] INFO  server.RaftServerConfigKeys (ConfUtils.java:logGet(43)) - raft.server.log.write.buffer.size = 33554432 (custom)
2019-09-19 11:51:41,762 [pool-433-thread-1] INFO  server.RaftServerConfigKeys (ConfUtils.java:logGet(43)) - raft.server.log.force.sync.num = 128 (default)
2019-09-19 11:51:41,761 [pool-443-thread-1] INFO  server.RaftServerConfigKeys (ConfUtils.java:logGet(43)) - raft.server.log.appender.buffer.byte-limit = 33554432 (custom)
2019-09-19 11:51:41,762 [pool-433-thread-1] INFO  server.RaftServerConfigKeys (ConfUtils.java:logGet(43)) - raft.server.log.statemachine.data.sync = true (default)
2019-09-19 11:51:41,762 [pool-423-thread-1] INFO  server.RaftServerConfigKeys (ConfUtils.java:logGet(43)) - raft.server.log.segment.size.max = 1048576 (custom)
2019-09-19 11:51:41,762 [pool-433-thread-1] INFO  server.RaftServerConfigKeys (ConfUtils.java:logGet(43)) - raft.server.log.statemachine.data.sync.timeout = 10s (default)
2019-09-19 11:51:41,762 [pool-443-thread-1] INFO  server.RaftServerConfigKeys (ConfUtils.java:logGet(43)) - raft.server.log.segment.size.max = 1048576 (custom)
2019-09-19 11:51:41,763 [pool-433-thread-1] INFO  server.RaftServerConfigKeys (ConfUtils.java:logGet(43)) - raft.server.log.statemachine.data.sync.timeout.retry = -1 (default)
2019-09-19 11:51:41,762 [pool-423-thread-1] INFO  server.RaftServerConfigKeys (ConfUtils.java:logGet(43)) - raft.server.log.segment.cache.num.max = 2 (custom)
2019-09-19 11:51:41,763 [pool-433-thread-1] INFO  server.RaftServerConfigKeys (ConfUtils.java:logGet(43)) - raft.server.log.statemachine.data.caching.enabled = true (custom)
2019-09-19 11:51:41,763 [pool-443-thread-1] INFO  server.RaftServerConfigKeys (ConfUtils.java:logGet(43)) - raft.server.log.segment.cache.num.max = 2 (custom)
2019-09-19 11:51:41,763 [pool-423-thread-1] INFO  segmented.SegmentedRaftLogWorker (SegmentedRaftLogWorker.java:<init>(172)) - new ba625d97-38b5-4f51-8c09-71f1ab2b77c9@group-B4338AD123D6-SegmentedRaftLogWorker for RaftStorage:Storage Directory /workdir/hadoop-ozone/integration-test/target/test-dir/MiniOzoneClusterImpl-126efc8e-5eb3-4c27-bad9-6042ca060f46/datanode-4/data/ratis/77781970-e03d-4c63-b888-b4338ad123d6
2019-09-19 11:51:41,763 [pool-433-thread-1] INFO  segmented.SegmentedRaftLogWorker (SegmentedRaftLogWorker.java:lambda$new$0(132)) - 52a59ef7-11d6-4b0c-b253-b79333fc9305@group-B4338AD123D6-SegmentedRaftLogWorker: flushIndex: setUnconditionally 0 -> -1
2019-09-19 11:51:41,763 [pool-443-thread-1] INFO  segmented.SegmentedRaftLogWorker (SegmentedRaftLogWorker.java:<init>(172)) - new 3bc24b3e-dad3-45a8-baeb-b401d6578a0b@group-B4338AD123D6-SegmentedRaftLogWorker for RaftStorage:Storage Directory /workdir/hadoop-ozone/integration-test/target/test-dir/MiniOzoneClusterImpl-126efc8e-5eb3-4c27-bad9-6042ca060f46/datanode-6/data/ratis/77781970-e03d-4c63-b888-b4338ad123d6
2019-09-19 11:51:41,763 [pool-423-thread-1] INFO  server.RaftServerConfigKeys (ConfUtils.java:logGet(43)) - raft.server.log.queue.byte-limit = 2147483647 (custom)
2019-09-19 11:51:41,764 [pool-433-thread-1] INFO  server.RaftServerConfigKeys (ConfUtils.java:logGet(43)) - raft.server.snapshot.auto.trigger.enabled = true (custom)
2019-09-19 11:51:41,764 [pool-443-thread-1] INFO  server.RaftServerConfigKeys (ConfUtils.java:logGet(43)) - raft.server.log.queue.byte-limit = 2147483647 (custom)
2019-09-19 11:51:41,764 [pool-433-thread-1] INFO  server.RaftServerConfigKeys (ConfUtils.java:logGet(43)) - raft.server.snapshot.auto.trigger.threshold = 10000 (custom)
2019-09-19 11:51:41,764 [pool-423-thread-1] INFO  server.RaftServerConfigKeys (ConfUtils.java:logGet(43)) - raft.server.log.queue.element-limit = 1024 (custom)
2019-09-19 11:51:41,764 [pool-433-thread-1] INFO  server.RaftServerConfigKeys (ConfUtils.java:logGet(43)) - raft.server.snapshot.retention.num.files = 5 (custom)
2019-09-19 11:51:41,764 [pool-443-thread-1] INFO  server.RaftServerConfigKeys (ConfUtils.java:logGet(43)) - raft.server.log.queue.element-limit = 1024 (custom)
2019-09-19 11:51:41,764 [pool-433-thread-1] INFO  server.RaftServerConfigKeys (ConfUtils.java:logGet(43)) - raft.server.retrycache.expirytime = 600000ms (custom)
2019-09-19 11:51:41,764 [pool-423-thread-1] INFO  server.RaftServerConfigKeys (ConfUtils.java:logGet(43)) - raft.server.log.segment.size.max = 1048576 (custom)
2019-09-19 11:51:41,765 [pool-443-thread-1] INFO  server.RaftServerConfigKeys (ConfUtils.java:logGet(43)) - raft.server.log.segment.size.max = 1048576 (custom)
2019-09-19 11:51:41,765 [pool-423-thread-1] INFO  server.RaftServerConfigKeys (ConfUtils.java:logGet(43)) - raft.server.log.preallocated.size = 16384 (custom)
2019-09-19 11:51:41,765 [pool-443-thread-1] INFO  server.RaftServerConfigKeys (ConfUtils.java:logGet(43)) - raft.server.log.preallocated.size = 16384 (custom)
2019-09-19 11:51:41,765 [pool-423-thread-1] INFO  server.RaftServerConfigKeys (ConfUtils.java:logGet(43)) - raft.server.log.write.buffer.size = 33554432 (custom)
2019-09-19 11:51:41,765 [pool-443-thread-1] INFO  server.RaftServerConfigKeys (ConfUtils.java:logGet(43)) - raft.server.log.write.buffer.size = 33554432 (custom)
2019-09-19 11:51:41,765 [pool-423-thread-1] INFO  server.RaftServerConfigKeys (ConfUtils.java:logGet(43)) - raft.server.log.force.sync.num = 128 (default)
2019-09-19 11:51:41,765 [pool-443-thread-1] INFO  server.RaftServerConfigKeys (ConfUtils.java:logGet(43)) - raft.server.log.force.sync.num = 128 (default)
2019-09-19 11:51:41,765 [pool-423-thread-1] INFO  server.RaftServerConfigKeys (ConfUtils.java:logGet(43)) - raft.server.log.statemachine.data.sync = true (default)
2019-09-19 11:51:41,766 [pool-443-thread-1] INFO  server.RaftServerConfigKeys (ConfUtils.java:logGet(43)) - raft.server.log.statemachine.data.sync = true (default)
2019-09-19 11:51:41,766 [pool-423-thread-1] INFO  server.RaftServerConfigKeys (ConfUtils.java:logGet(43)) - raft.server.log.statemachine.data.sync.timeout = 10s (default)
2019-09-19 11:51:41,766 [pool-443-thread-1] INFO  server.RaftServerConfigKeys (ConfUtils.java:logGet(43)) - raft.server.log.statemachine.data.sync.timeout = 10s (default)
2019-09-19 11:51:41,766 [pool-433-thread-1] INFO  impl.RaftServerImpl (RaftServerImpl.java:start(185)) - 52a59ef7-11d6-4b0c-b253-b79333fc9305@group-B4338AD123D6: start as a follower, conf=-1: [3bc24b3e-dad3-45a8-baeb-b401d6578a0b:192.168.151.78:35658, 52a59ef7-11d6-4b0c-b253-b79333fc9305:192.168.151.78:39843, ba625d97-38b5-4f51-8c09-71f1ab2b77c9:192.168.151.78:43821], old=null
2019-09-19 11:51:41,766 [pool-423-thread-1] INFO  server.RaftServerConfigKeys (ConfUtils.java:logGet(43)) - raft.server.log.statemachine.data.sync.timeout.retry = -1 (default)
2019-09-19 11:51:41,766 [pool-433-thread-1] INFO  impl.RaftServerImpl (RaftServerImpl.java:setRole(174)) - 52a59ef7-11d6-4b0c-b253-b79333fc9305@group-B4338AD123D6: changes role from      null to FOLLOWER at term 0 for startAsFollower
2019-09-19 11:51:41,766 [pool-443-thread-1] INFO  server.RaftServerConfigKeys (ConfUtils.java:logGet(43)) - raft.server.log.statemachine.data.sync.timeout.retry = -1 (default)
2019-09-19 11:51:41,766 [pool-433-thread-1] INFO  impl.RoleInfo (RoleInfo.java:updateAndGet(143)) - 52a59ef7-11d6-4b0c-b253-b79333fc9305: start FollowerState
2019-09-19 11:51:41,766 [pool-423-thread-1] INFO  server.RaftServerConfigKeys (ConfUtils.java:logGet(43)) - raft.server.log.statemachine.data.caching.enabled = true (custom)
2019-09-19 11:51:41,766 [pool-443-thread-1] INFO  server.RaftServerConfigKeys (ConfUtils.java:logGet(43)) - raft.server.log.statemachine.data.caching.enabled = true (custom)
2019-09-19 11:51:41,767 [pool-433-thread-1] INFO  util.JmxRegister (JmxRegister.java:tryRegister(44)) - Successfully registered JMX Bean with object name Ratis:service=RaftServer,group=group-B4338AD123D6,id=52a59ef7-11d6-4b0c-b253-b79333fc9305
2019-09-19 11:51:41,767 [pool-423-thread-1] INFO  segmented.SegmentedRaftLogWorker (SegmentedRaftLogWorker.java:lambda$new$0(132)) - ba625d97-38b5-4f51-8c09-71f1ab2b77c9@group-B4338AD123D6-SegmentedRaftLogWorker: flushIndex: setUnconditionally 0 -> -1
2019-09-19 11:51:41,767 [pool-443-thread-1] INFO  segmented.SegmentedRaftLogWorker (SegmentedRaftLogWorker.java:lambda$new$0(132)) - 3bc24b3e-dad3-45a8-baeb-b401d6578a0b@group-B4338AD123D6-SegmentedRaftLogWorker: flushIndex: setUnconditionally 0 -> -1
2019-09-19 11:51:41,767 [pool-423-thread-1] INFO  server.RaftServerConfigKeys (ConfUtils.java:logGet(43)) - raft.server.snapshot.auto.trigger.enabled = true (custom)
2019-09-19 11:51:41,767 [pool-443-thread-1] INFO  server.RaftServerConfigKeys (ConfUtils.java:logGet(43)) - raft.server.snapshot.auto.trigger.enabled = true (custom)
2019-09-19 11:51:41,767 [pool-423-thread-1] INFO  server.RaftServerConfigKeys (ConfUtils.java:logGet(43)) - raft.server.snapshot.auto.trigger.threshold = 10000 (custom)
2019-09-19 11:51:41,767 [pool-443-thread-1] INFO  server.RaftServerConfigKeys (ConfUtils.java:logGet(43)) - raft.server.snapshot.auto.trigger.threshold = 10000 (custom)
2019-09-19 11:51:41,767 [pool-423-thread-1] INFO  server.RaftServerConfigKeys (ConfUtils.java:logGet(43)) - raft.server.snapshot.retention.num.files = 5 (custom)
2019-09-19 11:51:41,768 [pool-443-thread-1] INFO  server.RaftServerConfigKeys (ConfUtils.java:logGet(43)) - raft.server.snapshot.retention.num.files = 5 (custom)
2019-09-19 11:51:41,768 [pool-423-thread-1] INFO  server.RaftServerConfigKeys (ConfUtils.java:logGet(43)) - raft.server.retrycache.expirytime = 600000ms (custom)
2019-09-19 11:51:41,768 [pool-443-thread-1] INFO  server.RaftServerConfigKeys (ConfUtils.java:logGet(43)) - raft.server.retrycache.expirytime = 600000ms (custom)
2019-09-19 11:51:41,770 [pool-423-thread-1] INFO  impl.RaftServerImpl (RaftServerImpl.java:start(185)) - ba625d97-38b5-4f51-8c09-71f1ab2b77c9@group-B4338AD123D6: start as a follower, conf=-1: [3bc24b3e-dad3-45a8-baeb-b401d6578a0b:192.168.151.78:35658, 52a59ef7-11d6-4b0c-b253-b79333fc9305:192.168.151.78:39843, ba625d97-38b5-4f51-8c09-71f1ab2b77c9:192.168.151.78:43821], old=null
2019-09-19 11:51:41,770 [pool-423-thread-1] INFO  impl.RaftServerImpl (RaftServerImpl.java:setRole(174)) - ba625d97-38b5-4f51-8c09-71f1ab2b77c9@group-B4338AD123D6: changes role from      null to FOLLOWER at term 0 for startAsFollower
2019-09-19 11:51:41,770 [pool-443-thread-1] INFO  impl.RaftServerImpl (RaftServerImpl.java:start(185)) - 3bc24b3e-dad3-45a8-baeb-b401d6578a0b@group-B4338AD123D6: start as a follower, conf=-1: [3bc24b3e-dad3-45a8-baeb-b401d6578a0b:192.168.151.78:35658, 52a59ef7-11d6-4b0c-b253-b79333fc9305:192.168.151.78:39843, ba625d97-38b5-4f51-8c09-71f1ab2b77c9:192.168.151.78:43821], old=null
2019-09-19 11:51:41,770 [pool-423-thread-1] INFO  impl.RoleInfo (RoleInfo.java:updateAndGet(143)) - ba625d97-38b5-4f51-8c09-71f1ab2b77c9: start FollowerState
2019-09-19 11:51:41,770 [pool-443-thread-1] INFO  impl.RaftServerImpl (RaftServerImpl.java:setRole(174)) - 3bc24b3e-dad3-45a8-baeb-b401d6578a0b@group-B4338AD123D6: changes role from      null to FOLLOWER at term 0 for startAsFollower
2019-09-19 11:51:41,770 [pool-443-thread-1] INFO  impl.RoleInfo (RoleInfo.java:updateAndGet(143)) - 3bc24b3e-dad3-45a8-baeb-b401d6578a0b: start FollowerState
2019-09-19 11:51:41,770 [pool-423-thread-1] INFO  util.JmxRegister (JmxRegister.java:tryRegister(44)) - Successfully registered JMX Bean with object name Ratis:service=RaftServer,group=group-B4338AD123D6,id=ba625d97-38b5-4f51-8c09-71f1ab2b77c9
2019-09-19 11:51:41,770 [pool-443-thread-1] INFO  util.JmxRegister (JmxRegister.java:tryRegister(44)) - Successfully registered JMX Bean with object name Ratis:service=RaftServer,group=group-B4338AD123D6,id=3bc24b3e-dad3-45a8-baeb-b401d6578a0b
2019-09-19 11:51:41,773 [RatisPipelineUtilsThread] INFO  pipeline.PipelineStateManager (PipelineStateManager.java:addPipeline(56)) - Created pipeline Pipeline[ Id: 77781970-e03d-4c63-b888-b4338ad123d6, Nodes: 52a59ef7-11d6-4b0c-b253-b79333fc9305{ip: 192.168.151.78, host: pr-hdds-2154-j8s56-3842691507, networkLocation: /default-rack, certSerialId: null}3bc24b3e-dad3-45a8-baeb-b401d6578a0b{ip: 192.168.151.78, host: pr-hdds-2154-j8s56-3842691507, networkLocation: /default-rack, certSerialId: null}ba625d97-38b5-4f51-8c09-71f1ab2b77c9{ip: 192.168.151.78, host: pr-hdds-2154-j8s56-3842691507, networkLocation: /default-rack, certSerialId: null}, Type:RATIS, Factor:THREE, State:OPEN]
2019-09-19 11:51:42,626 [main] INFO  ozone.MiniOzoneClusterImpl (MiniOzoneClusterImpl.java:lambda$waitForClusterToBeReady$0(145)) - Cluster is ready. Got 7 of 7 DN Heartbeats.
2019-09-19 11:51:42,685 [main] INFO  rpc.RpcClient (RpcClient.java:createVolume(302)) - Creating Volume: watchforcommithandlingtest, with jenkins1000 as owner.
2019-09-19 11:51:42,689 [IPC Server handler 1 on 46071] INFO  volume.OMVolumeCreateRequest (OMVolumeCreateRequest.java:validateAndUpdateCache(189)) - created volume:watchforcommithandlingtest for user:jenkins1000
2019-09-19 11:51:42,704 [main] INFO  rpc.RpcClient (RpcClient.java:createBucket(441)) - Creating Bucket: watchforcommithandlingtest/watchforcommithandlingtest, with Versioning false and Storage Type set to DISK and Encryption set to false 
2019-09-19 11:51:42,710 [main] INFO  ozone.MiniOzoneClusterImpl (MiniOzoneClusterImpl.java:getStorageContainerLocationClient(232)) - Creating StorageContainerLocationProtocol RPC client with address /0.0.0.0:39591
2019-09-19 11:51:42,726 [grpc-default-executor-8] INFO  client.GrpcClientProtocolClient (GrpcClientProtocolClient.java:onNext(264)) - client-3B0D3847D49E->acdd24dc-6b6a-4c69-bdab-a73dc16818ad: receive RaftClientReply:client-3B0D3847D49E->acdd24dc-6b6a-4c69-bdab-a73dc16818ad@group-EEC4484BB289, cid=103, FAILED org.apache.ratis.protocol.NotLeaderException: Server acdd24dc-6b6a-4c69-bdab-a73dc16818ad@group-EEC4484BB289 is not the leader, logIndex=0, commits[acdd24dc-6b6a-4c69-bdab-a73dc16818ad:c-1]
2019-09-19 11:51:43,750 [grpc-default-executor-8] INFO  client.GrpcClientProtocolClient (GrpcClientProtocolClient.java:onNext(264)) - client-3B0D3847D49E->1643b03f-9d01-4fe3-9afd-4f864af59477: receive RaftClientReply:client-3B0D3847D49E->1643b03f-9d01-4fe3-9afd-4f864af59477@group-EEC4484BB289, cid=103, FAILED org.apache.ratis.protocol.NotLeaderException: Server 1643b03f-9d01-4fe3-9afd-4f864af59477@group-EEC4484BB289 is not the leader, logIndex=0, commits[1643b03f-9d01-4fe3-9afd-4f864af59477:c-1]
2019-09-19 11:51:44,268 [Thread-2331] INFO  container.ReplicationManager (ReplicationManager.java:start(162)) - Starting Replication Monitor Thread.
2019-09-19 11:51:44,273 [ReplicationMonitor] INFO  container.ReplicationManager (ReplicationManager.java:run(225)) - Replication Monitor Thread took 0 milliseconds for processing 1 containers.
2019-09-19 11:51:44,764 [grpc-default-executor-8] INFO  client.GrpcClientProtocolClient (GrpcClientProtocolClient.java:onNext(264)) - client-3B0D3847D49E->acdd24dc-6b6a-4c69-bdab-a73dc16818ad: receive RaftClientReply:client-3B0D3847D49E->acdd24dc-6b6a-4c69-bdab-a73dc16818ad@group-EEC4484BB289, cid=103, FAILED org.apache.ratis.protocol.NotLeaderException: Server acdd24dc-6b6a-4c69-bdab-a73dc16818ad@group-EEC4484BB289 is not the leader, logIndex=0, commits[acdd24dc-6b6a-4c69-bdab-a73dc16818ad:c-1]
2019-09-19 11:51:45,784 [grpc-default-executor-2] INFO  client.GrpcClientProtocolClient (GrpcClientProtocolClient.java:onNext(264)) - client-3B0D3847D49E->82dbb8ec-d38a-4326-bfd9-84ce9cea2120: receive RaftClientReply:client-3B0D3847D49E->82dbb8ec-d38a-4326-bfd9-84ce9cea2120@group-EEC4484BB289, cid=103, FAILED org.apache.ratis.protocol.NotLeaderException: Server 82dbb8ec-d38a-4326-bfd9-84ce9cea2120@group-EEC4484BB289 is not the leader, logIndex=0, commits[82dbb8ec-d38a-4326-bfd9-84ce9cea2120:c-1]
2019-09-19 11:51:46,519 [Thread-2336] INFO  impl.FollowerState (FollowerState.java:run(106)) - 82dbb8ec-d38a-4326-bfd9-84ce9cea2120:group-939718A6FBAD changes to CANDIDATE, lastRpcTime:5110, electionTimeout:5110ms
2019-09-19 11:51:46,520 [Thread-2336] INFO  impl.RoleInfo (RoleInfo.java:shutdownFollowerState(121)) - 82dbb8ec-d38a-4326-bfd9-84ce9cea2120: shutdown FollowerState
2019-09-19 11:51:46,520 [Thread-2336] INFO  impl.RaftServerImpl (RaftServerImpl.java:setRole(174)) - 82dbb8ec-d38a-4326-bfd9-84ce9cea2120@group-939718A6FBAD: changes role from  FOLLOWER to CANDIDATE at term 0 for changeToCandidate
2019-09-19 11:51:46,520 [Thread-2336] INFO  impl.RoleInfo (RoleInfo.java:updateAndGet(143)) - 82dbb8ec-d38a-4326-bfd9-84ce9cea2120: start LeaderElection
2019-09-19 11:51:46,523 [Thread-2342] INFO  impl.FollowerState (FollowerState.java:run(106)) - acdd24dc-6b6a-4c69-bdab-a73dc16818ad:group-1B5375416F83 changes to CANDIDATE, lastRpcTime:5019, electionTimeout:5019ms
2019-09-19 11:51:46,525 [Thread-2342] INFO  impl.RoleInfo (RoleInfo.java:shutdownFollowerState(121)) - acdd24dc-6b6a-4c69-bdab-a73dc16818ad: shutdown FollowerState
2019-09-19 11:51:46,525 [Thread-2342] INFO  impl.RaftServerImpl (RaftServerImpl.java:setRole(174)) - acdd24dc-6b6a-4c69-bdab-a73dc16818ad@group-1B5375416F83: changes role from  FOLLOWER to CANDIDATE at term 0 for changeToCandidate
2019-09-19 11:51:46,525 [Thread-2342] INFO  impl.RoleInfo (RoleInfo.java:updateAndGet(143)) - acdd24dc-6b6a-4c69-bdab-a73dc16818ad: start LeaderElection
2019-09-19 11:51:46,541 [Thread-2333] INFO  impl.FollowerState (FollowerState.java:run(106)) - 93edad04-9157-460e-adfe-f52fe6d4eb9a:group-8DB747BFCA9F changes to CANDIDATE, lastRpcTime:5187, electionTimeout:5187ms
2019-09-19 11:51:46,542 [Thread-2333] INFO  impl.RoleInfo (RoleInfo.java:shutdownFollowerState(121)) - 93edad04-9157-460e-adfe-f52fe6d4eb9a: shutdown FollowerState
2019-09-19 11:51:46,542 [Thread-2333] INFO  impl.RaftServerImpl (RaftServerImpl.java:setRole(174)) - 93edad04-9157-460e-adfe-f52fe6d4eb9a@group-8DB747BFCA9F: changes role from  FOLLOWER to CANDIDATE at term 0 for changeToCandidate
2019-09-19 11:51:46,542 [Thread-2333] INFO  impl.RoleInfo (RoleInfo.java:updateAndGet(143)) - 93edad04-9157-460e-adfe-f52fe6d4eb9a: start LeaderElection
2019-09-19 11:51:46,634 [Thread-2339] INFO  impl.FollowerState (FollowerState.java:run(106)) - 1643b03f-9d01-4fe3-9afd-4f864af59477:group-C07B42D3323C changes to CANDIDATE, lastRpcTime:5176, electionTimeout:5176ms
2019-09-19 11:51:46,635 [Thread-2339] INFO  impl.RoleInfo (RoleInfo.java:shutdownFollowerState(121)) - 1643b03f-9d01-4fe3-9afd-4f864af59477: shutdown FollowerState
2019-09-19 11:51:46,635 [Thread-2339] INFO  impl.RaftServerImpl (RaftServerImpl.java:setRole(174)) - 1643b03f-9d01-4fe3-9afd-4f864af59477@group-C07B42D3323C: changes role from  FOLLOWER to CANDIDATE at term 0 for changeToCandidate
2019-09-19 11:51:46,635 [Thread-2339] INFO  impl.RoleInfo (RoleInfo.java:updateAndGet(143)) - 1643b03f-9d01-4fe3-9afd-4f864af59477: start LeaderElection
2019-09-19 11:51:46,651 [82dbb8ec-d38a-4326-bfd9-84ce9cea2120@group-939718A6FBAD:LeaderElection93] INFO  impl.LeaderElection (LeaderElection.java:askForVotes(182)) - 82dbb8ec-d38a-4326-bfd9-84ce9cea2120@group-939718A6FBAD:LeaderElection93: begin an election at term 1 for -1: [82dbb8ec-d38a-4326-bfd9-84ce9cea2120:192.168.151.78:41779], old=null
2019-09-19 11:51:46,651 [acdd24dc-6b6a-4c69-bdab-a73dc16818ad@group-1B5375416F83:LeaderElection94] INFO  impl.LeaderElection (LeaderElection.java:askForVotes(182)) - acdd24dc-6b6a-4c69-bdab-a73dc16818ad@group-1B5375416F83:LeaderElection94: begin an election at term 1 for -1: [acdd24dc-6b6a-4c69-bdab-a73dc16818ad:192.168.151.78:34281], old=null
2019-09-19 11:51:46,652 [82dbb8ec-d38a-4326-bfd9-84ce9cea2120@group-939718A6FBAD:LeaderElection93] INFO  impl.RoleInfo (RoleInfo.java:shutdownLeaderElection(134)) - 82dbb8ec-d38a-4326-bfd9-84ce9cea2120: shutdown LeaderElection
2019-09-19 11:51:46,651 [93edad04-9157-460e-adfe-f52fe6d4eb9a@group-8DB747BFCA9F:LeaderElection95] INFO  impl.LeaderElection (LeaderElection.java:askForVotes(182)) - 93edad04-9157-460e-adfe-f52fe6d4eb9a@group-8DB747BFCA9F:LeaderElection95: begin an election at term 1 for -1: [93edad04-9157-460e-adfe-f52fe6d4eb9a:192.168.151.78:46234], old=null
2019-09-19 11:51:46,652 [82dbb8ec-d38a-4326-bfd9-84ce9cea2120@group-939718A6FBAD:LeaderElection93] INFO  impl.RaftServerImpl (RaftServerImpl.java:setRole(174)) - 82dbb8ec-d38a-4326-bfd9-84ce9cea2120@group-939718A6FBAD: changes role from CANDIDATE to LEADER at term 1 for changeToLeader
2019-09-19 11:51:46,652 [acdd24dc-6b6a-4c69-bdab-a73dc16818ad@group-1B5375416F83:LeaderElection94] INFO  impl.RoleInfo (RoleInfo.java:shutdownLeaderElection(134)) - acdd24dc-6b6a-4c69-bdab-a73dc16818ad: shutdown LeaderElection
2019-09-19 11:51:46,652 [82dbb8ec-d38a-4326-bfd9-84ce9cea2120@group-939718A6FBAD:LeaderElection93] INFO  impl.RaftServerImpl (ServerState.java:setLeader(253)) - 82dbb8ec-d38a-4326-bfd9-84ce9cea2120@group-939718A6FBAD: change Leader from null to 82dbb8ec-d38a-4326-bfd9-84ce9cea2120 at term 1 for becomeLeader, leader elected after 5249ms
2019-09-19 11:51:46,652 [93edad04-9157-460e-adfe-f52fe6d4eb9a@group-8DB747BFCA9F:LeaderElection95] INFO  impl.RoleInfo (RoleInfo.java:shutdownLeaderElection(134)) - 93edad04-9157-460e-adfe-f52fe6d4eb9a: shutdown LeaderElection
2019-09-19 11:51:46,652 [82dbb8ec-d38a-4326-bfd9-84ce9cea2120@group-939718A6FBAD:LeaderElection93] INFO  server.RaftServerConfigKeys (ConfUtils.java:logGet(43)) - raft.server.staging.catchup.gap = 1000 (default)
2019-09-19 11:51:46,652 [acdd24dc-6b6a-4c69-bdab-a73dc16818ad@group-1B5375416F83:LeaderElection94] INFO  impl.RaftServerImpl (RaftServerImpl.java:setRole(174)) - acdd24dc-6b6a-4c69-bdab-a73dc16818ad@group-1B5375416F83: changes role from CANDIDATE to LEADER at term 1 for changeToLeader
2019-09-19 11:51:46,652 [82dbb8ec-d38a-4326-bfd9-84ce9cea2120@group-939718A6FBAD:LeaderElection93] INFO  server.RaftServerConfigKeys (ConfUtils.java:logGet(43)) - raft.server.rpc.sleep.time = 25ms (default)
2019-09-19 11:51:46,652 [93edad04-9157-460e-adfe-f52fe6d4eb9a@group-8DB747BFCA9F:LeaderElection95] INFO  impl.RaftServerImpl (RaftServerImpl.java:setRole(174)) - 93edad04-9157-460e-adfe-f52fe6d4eb9a@group-8DB747BFCA9F: changes role from CANDIDATE to LEADER at term 1 for changeToLeader
2019-09-19 11:51:46,653 [82dbb8ec-d38a-4326-bfd9-84ce9cea2120@group-939718A6FBAD:LeaderElection93] INFO  server.RaftServerConfigKeys (ConfUtils.java:logGet(43)) - raft.server.write.element-limit = 4096 (default)
2019-09-19 11:51:46,653 [acdd24dc-6b6a-4c69-bdab-a73dc16818ad@group-1B5375416F83:LeaderElection94] INFO  impl.RaftServerImpl (ServerState.java:setLeader(253)) - acdd24dc-6b6a-4c69-bdab-a73dc16818ad@group-1B5375416F83: change Leader from null to acdd24dc-6b6a-4c69-bdab-a73dc16818ad at term 1 for becomeLeader, leader elected after 5155ms
2019-09-19 11:51:46,653 [82dbb8ec-d38a-4326-bfd9-84ce9cea2120@group-939718A6FBAD:LeaderElection93] INFO  server.RaftServerConfigKeys (ConfUtils.java:logGet(43)) - raft.server.watch.timeout = 10s (default)
2019-09-19 11:51:46,653 [93edad04-9157-460e-adfe-f52fe6d4eb9a@group-8DB747BFCA9F:LeaderElection95] INFO  impl.RaftServerImpl (ServerState.java:setLeader(253)) - 93edad04-9157-460e-adfe-f52fe6d4eb9a@group-8DB747BFCA9F: change Leader from null to 93edad04-9157-460e-adfe-f52fe6d4eb9a at term 1 for becomeLeader, leader elected after 5307ms
2019-09-19 11:51:46,653 [82dbb8ec-d38a-4326-bfd9-84ce9cea2120@group-939718A6FBAD:LeaderElection93] INFO  server.RaftServerConfigKeys (ConfUtils.java:logGet(43)) - raft.server.watch.timeout.denomination = 1s (default)
2019-09-19 11:51:46,653 [acdd24dc-6b6a-4c69-bdab-a73dc16818ad@group-1B5375416F83:LeaderElection94] INFO  server.RaftServerConfigKeys (ConfUtils.java:logGet(43)) - raft.server.staging.catchup.gap = 1000 (default)
2019-09-19 11:51:46,653 [82dbb8ec-d38a-4326-bfd9-84ce9cea2120@group-939718A6FBAD:LeaderElection93] INFO  server.RaftServerConfigKeys (ConfUtils.java:logGet(43)) - raft.server.watch.element-limit = 65536 (default)
2019-09-19 11:51:46,653 [93edad04-9157-460e-adfe-f52fe6d4eb9a@group-8DB747BFCA9F:LeaderElection95] INFO  server.RaftServerConfigKeys (ConfUtils.java:logGet(43)) - raft.server.staging.catchup.gap = 1000 (default)
2019-09-19 11:51:46,654 [acdd24dc-6b6a-4c69-bdab-a73dc16818ad@group-1B5375416F83:LeaderElection94] INFO  server.RaftServerConfigKeys (ConfUtils.java:logGet(43)) - raft.server.rpc.sleep.time = 25ms (default)
2019-09-19 11:51:46,654 [93edad04-9157-460e-adfe-f52fe6d4eb9a@group-8DB747BFCA9F:LeaderElection95] INFO  server.RaftServerConfigKeys (ConfUtils.java:logGet(43)) - raft.server.rpc.sleep.time = 25ms (default)
2019-09-19 11:51:46,654 [acdd24dc-6b6a-4c69-bdab-a73dc16818ad@group-1B5375416F83:LeaderElection94] INFO  server.RaftServerConfigKeys (ConfUtils.java:logGet(43)) - raft.server.write.element-limit = 4096 (default)
2019-09-19 11:51:46,654 [93edad04-9157-460e-adfe-f52fe6d4eb9a@group-8DB747BFCA9F:LeaderElection95] INFO  server.RaftServerConfigKeys (ConfUtils.java:logGet(43)) - raft.server.write.element-limit = 4096 (default)
2019-09-19 11:51:46,654 [acdd24dc-6b6a-4c69-bdab-a73dc16818ad@group-1B5375416F83:LeaderElection94] INFO  server.RaftServerConfigKeys (ConfUtils.java:logGet(43)) - raft.server.watch.timeout = 10s (default)
2019-09-19 11:51:46,655 [93edad04-9157-460e-adfe-f52fe6d4eb9a@group-8DB747BFCA9F:LeaderElection95] INFO  server.RaftServerConfigKeys (ConfUtils.java:logGet(43)) - raft.server.watch.timeout = 10s (default)
2019-09-19 11:51:46,655 [acdd24dc-6b6a-4c69-bdab-a73dc16818ad@group-1B5375416F83:LeaderElection94] INFO  server.RaftServerConfigKeys (ConfUtils.java:logGet(43)) - raft.server.watch.timeout.denomination = 1s (default)
2019-09-19 11:51:46,655 [93edad04-9157-460e-adfe-f52fe6d4eb9a@group-8DB747BFCA9F:LeaderElection95] INFO  server.RaftServerConfigKeys (ConfUtils.java:logGet(43)) - raft.server.watch.timeout.denomination = 1s (default)
2019-09-19 11:51:46,655 [acdd24dc-6b6a-4c69-bdab-a73dc16818ad@group-1B5375416F83:LeaderElection94] INFO  server.RaftServerConfigKeys (ConfUtils.java:logGet(43)) - raft.server.watch.element-limit = 65536 (default)
2019-09-19 11:51:46,655 [93edad04-9157-460e-adfe-f52fe6d4eb9a@group-8DB747BFCA9F:LeaderElection95] INFO  server.RaftServerConfigKeys (ConfUtils.java:logGet(43)) - raft.server.watch.element-limit = 65536 (default)
2019-09-19 11:51:46,656 [82dbb8ec-d38a-4326-bfd9-84ce9cea2120@group-939718A6FBAD:LeaderElection93] INFO  impl.RoleInfo (RoleInfo.java:updateAndGet(143)) - 82dbb8ec-d38a-4326-bfd9-84ce9cea2120: start LeaderState
2019-09-19 11:51:46,657 [82dbb8ec-d38a-4326-bfd9-84ce9cea2120@group-939718A6FBAD:LeaderElection93] INFO  segmented.SegmentedRaftLogWorker (SegmentedRaftLogWorker.java:startLogSegment(380)) - 82dbb8ec-d38a-4326-bfd9-84ce9cea2120@group-939718A6FBAD-SegmentedRaftLogWorker: Starting segment from index:0
2019-09-19 11:51:46,657 [82dbb8ec-d38a-4326-bfd9-84ce9cea2120@group-939718A6FBAD:LeaderElection93] INFO  impl.RaftServerImpl (ServerState.java:setRaftConf(354)) - 82dbb8ec-d38a-4326-bfd9-84ce9cea2120@group-939718A6FBAD: set configuration 0: [82dbb8ec-d38a-4326-bfd9-84ce9cea2120:192.168.151.78:41779], old=null at 0
2019-09-19 11:51:46,659 [acdd24dc-6b6a-4c69-bdab-a73dc16818ad@group-1B5375416F83:LeaderElection94] INFO  impl.RoleInfo (RoleInfo.java:updateAndGet(143)) - acdd24dc-6b6a-4c69-bdab-a73dc16818ad: start LeaderState
2019-09-19 11:51:46,659 [93edad04-9157-460e-adfe-f52fe6d4eb9a@group-8DB747BFCA9F:LeaderElection95] INFO  impl.RoleInfo (RoleInfo.java:updateAndGet(143)) - 93edad04-9157-460e-adfe-f52fe6d4eb9a: start LeaderState
2019-09-19 11:51:46,659 [acdd24dc-6b6a-4c69-bdab-a73dc16818ad@group-1B5375416F83:LeaderElection94] INFO  segmented.SegmentedRaftLogWorker (SegmentedRaftLogWorker.java:startLogSegment(380)) - acdd24dc-6b6a-4c69-bdab-a73dc16818ad@group-1B5375416F83-SegmentedRaftLogWorker: Starting segment from index:0
2019-09-19 11:51:46,659 [93edad04-9157-460e-adfe-f52fe6d4eb9a@group-8DB747BFCA9F:LeaderElection95] INFO  segmented.SegmentedRaftLogWorker (SegmentedRaftLogWorker.java:startLogSegment(380)) - 93edad04-9157-460e-adfe-f52fe6d4eb9a@group-8DB747BFCA9F-SegmentedRaftLogWorker: Starting segment from index:0
2019-09-19 11:51:46,659 [acdd24dc-6b6a-4c69-bdab-a73dc16818ad@group-1B5375416F83:LeaderElection94] INFO  impl.RaftServerImpl (ServerState.java:setRaftConf(354)) - acdd24dc-6b6a-4c69-bdab-a73dc16818ad@group-1B5375416F83: set configuration 0: [acdd24dc-6b6a-4c69-bdab-a73dc16818ad:192.168.151.78:34281], old=null at 0
2019-09-19 11:51:46,660 [93edad04-9157-460e-adfe-f52fe6d4eb9a@group-8DB747BFCA9F:LeaderElection95] INFO  impl.RaftServerImpl (ServerState.java:setRaftConf(354)) - 93edad04-9157-460e-adfe-f52fe6d4eb9a@group-8DB747BFCA9F: set configuration 0: [93edad04-9157-460e-adfe-f52fe6d4eb9a:192.168.151.78:46234], old=null at 0
2019-09-19 11:51:46,664 [1643b03f-9d01-4fe3-9afd-4f864af59477@group-C07B42D3323C:LeaderElection96] INFO  impl.LeaderElection (LeaderElection.java:askForVotes(182)) - 1643b03f-9d01-4fe3-9afd-4f864af59477@group-C07B42D3323C:LeaderElection96: begin an election at term 1 for -1: [1643b03f-9d01-4fe3-9afd-4f864af59477:192.168.151.78:33659], old=null
2019-09-19 11:51:46,664 [Thread-2349] INFO  impl.FollowerState (FollowerState.java:run(106)) - 1643b03f-9d01-4fe3-9afd-4f864af59477:group-EEC4484BB289 changes to CANDIDATE, lastRpcTime:5097, electionTimeout:5097ms
2019-09-19 11:51:46,664 [1643b03f-9d01-4fe3-9afd-4f864af59477@group-C07B42D3323C:LeaderElection96] INFO  impl.RoleInfo (RoleInfo.java:shutdownLeaderElection(134)) - 1643b03f-9d01-4fe3-9afd-4f864af59477: shutdown LeaderElection
2019-09-19 11:51:46,664 [Thread-2349] INFO  impl.RoleInfo (RoleInfo.java:shutdownFollowerState(121)) - 1643b03f-9d01-4fe3-9afd-4f864af59477: shutdown FollowerState
2019-09-19 11:51:46,664 [1643b03f-9d01-4fe3-9afd-4f864af59477@group-C07B42D3323C:LeaderElection96] INFO  impl.RaftServerImpl (RaftServerImpl.java:setRole(174)) - 1643b03f-9d01-4fe3-9afd-4f864af59477@group-C07B42D3323C: changes role from CANDIDATE to LEADER at term 1 for changeToLeader
2019-09-19 11:51:46,664 [Thread-2349] INFO  impl.RaftServerImpl (RaftServerImpl.java:setRole(174)) - 1643b03f-9d01-4fe3-9afd-4f864af59477@group-EEC4484BB289: changes role from  FOLLOWER to CANDIDATE at term 0 for changeToCandidate
2019-09-19 11:51:46,665 [1643b03f-9d01-4fe3-9afd-4f864af59477@group-C07B42D3323C:LeaderElection96] INFO  impl.RaftServerImpl (ServerState.java:setLeader(253)) - 1643b03f-9d01-4fe3-9afd-4f864af59477@group-C07B42D3323C: change Leader from null to 1643b03f-9d01-4fe3-9afd-4f864af59477 at term 1 for becomeLeader, leader elected after 5213ms
2019-09-19 11:51:46,665 [Thread-2349] INFO  impl.RoleInfo (RoleInfo.java:updateAndGet(143)) - 1643b03f-9d01-4fe3-9afd-4f864af59477: start LeaderElection
2019-09-19 11:51:46,665 [1643b03f-9d01-4fe3-9afd-4f864af59477@group-C07B42D3323C:LeaderElection96] INFO  server.RaftServerConfigKeys (ConfUtils.java:logGet(43)) - raft.server.staging.catchup.gap = 1000 (default)
2019-09-19 11:51:46,665 [1643b03f-9d01-4fe3-9afd-4f864af59477@group-C07B42D3323C:LeaderElection96] INFO  server.RaftServerConfigKeys (ConfUtils.java:logGet(43)) - raft.server.rpc.sleep.time = 25ms (default)
2019-09-19 11:51:46,665 [1643b03f-9d01-4fe3-9afd-4f864af59477@group-C07B42D3323C:LeaderElection96] INFO  server.RaftServerConfigKeys (ConfUtils.java:logGet(43)) - raft.server.write.element-limit = 4096 (default)
2019-09-19 11:51:46,700 [Thread-2354] INFO  impl.FollowerState (FollowerState.java:run(106)) - 52a59ef7-11d6-4b0c-b253-b79333fc9305:group-F221FDFC5A52 changes to CANDIDATE, lastRpcTime:5085, electionTimeout:5067ms
2019-09-19 11:51:46,701 [1643b03f-9d01-4fe3-9afd-4f864af59477@group-C07B42D3323C:LeaderElection96] INFO  server.RaftServerConfigKeys (ConfUtils.java:logGet(43)) - raft.server.watch.timeout = 10s (default)
2019-09-19 11:51:46,702 [Thread-2354] INFO  impl.RoleInfo (RoleInfo.java:shutdownFollowerState(121)) - 52a59ef7-11d6-4b0c-b253-b79333fc9305: shutdown FollowerState
2019-09-19 11:51:46,702 [1643b03f-9d01-4fe3-9afd-4f864af59477@group-C07B42D3323C:LeaderElection96] INFO  server.RaftServerConfigKeys (ConfUtils.java:logGet(43)) - raft.server.watch.timeout.denomination = 1s (default)
2019-09-19 11:51:46,702 [Thread-2354] INFO  impl.RaftServerImpl (RaftServerImpl.java:setRole(174)) - 52a59ef7-11d6-4b0c-b253-b79333fc9305@group-F221FDFC5A52: changes role from  FOLLOWER to CANDIDATE at term 0 for changeToCandidate
2019-09-19 11:51:46,702 [1643b03f-9d01-4fe3-9afd-4f864af59477@group-C07B42D3323C:LeaderElection96] INFO  server.RaftServerConfigKeys (ConfUtils.java:logGet(43)) - raft.server.watch.element-limit = 65536 (default)
2019-09-19 11:51:46,702 [Thread-2354] INFO  impl.RoleInfo (RoleInfo.java:updateAndGet(143)) - 52a59ef7-11d6-4b0c-b253-b79333fc9305: start LeaderElection
2019-09-19 11:51:46,708 [1643b03f-9d01-4fe3-9afd-4f864af59477@group-C07B42D3323C:LeaderElection96] INFO  impl.RoleInfo (RoleInfo.java:updateAndGet(143)) - 1643b03f-9d01-4fe3-9afd-4f864af59477: start LeaderState
2019-09-19 11:51:46,709 [1643b03f-9d01-4fe3-9afd-4f864af59477@group-C07B42D3323C:LeaderElection96] INFO  segmented.SegmentedRaftLogWorker (SegmentedRaftLogWorker.java:startLogSegment(380)) - 1643b03f-9d01-4fe3-9afd-4f864af59477@group-C07B42D3323C-SegmentedRaftLogWorker: Starting segment from index:0
2019-09-19 11:51:46,709 [1643b03f-9d01-4fe3-9afd-4f864af59477@group-C07B42D3323C:LeaderElection96] INFO  impl.RaftServerImpl (ServerState.java:setRaftConf(354)) - 1643b03f-9d01-4fe3-9afd-4f864af59477@group-C07B42D3323C: set configuration 0: [1643b03f-9d01-4fe3-9afd-4f864af59477:192.168.151.78:33659], old=null at 0
2019-09-19 11:51:46,718 [Thread-2350] INFO  impl.FollowerState (FollowerState.java:run(106)) - acdd24dc-6b6a-4c69-bdab-a73dc16818ad:group-EEC4484BB289 changes to CANDIDATE, lastRpcTime:5151, electionTimeout:5151ms
2019-09-19 11:51:46,718 [Thread-2350] INFO  impl.RoleInfo (RoleInfo.java:shutdownFollowerState(121)) - acdd24dc-6b6a-4c69-bdab-a73dc16818ad: shutdown FollowerState
2019-09-19 11:51:46,718 [Thread-2350] INFO  impl.RaftServerImpl (RaftServerImpl.java:setRole(174)) - acdd24dc-6b6a-4c69-bdab-a73dc16818ad@group-EEC4484BB289: changes role from  FOLLOWER to CANDIDATE at term 0 for changeToCandidate
2019-09-19 11:51:46,719 [Thread-2350] INFO  impl.RoleInfo (RoleInfo.java:updateAndGet(143)) - acdd24dc-6b6a-4c69-bdab-a73dc16818ad: start LeaderElection
2019-09-19 11:51:46,745 [Thread-2360] INFO  impl.FollowerState (FollowerState.java:run(106)) - 3bc24b3e-dad3-45a8-baeb-b401d6578a0b:group-51F30036304B changes to CANDIDATE, lastRpcTime:5027, electionTimeout:5024ms
2019-09-19 11:51:46,745 [Thread-2345] INFO  impl.FollowerState (FollowerState.java:run(106)) - 82dbb8ec-d38a-4326-bfd9-84ce9cea2120:group-EEC4484BB289 changes to CANDIDATE, lastRpcTime:5181, electionTimeout:5162ms
2019-09-19 11:51:46,745 [acdd24dc-6b6a-4c69-bdab-a73dc16818ad@group-1B5375416F83-SegmentedRaftLogWorker] INFO  segmented.SegmentedRaftLogWorker (SegmentedRaftLogWorker.java:execute(569)) - acdd24dc-6b6a-4c69-bdab-a73dc16818ad@group-1B5375416F83-SegmentedRaftLogWorker: created new log segment /workdir/hadoop-ozone/integration-test/target/test-dir/MiniOzoneClusterImpl-126efc8e-5eb3-4c27-bad9-6042ca060f46/datanode-3/data/ratis/08701ace-b6d7-49c9-99a9-1b5375416f83/current/log_inprogress_0
2019-09-19 11:51:46,745 [93edad04-9157-460e-adfe-f52fe6d4eb9a@group-8DB747BFCA9F-SegmentedRaftLogWorker] INFO  segmented.SegmentedRaftLogWorker (SegmentedRaftLogWorker.java:execute(569)) - 93edad04-9157-460e-adfe-f52fe6d4eb9a@group-8DB747BFCA9F-SegmentedRaftLogWorker: created new log segment /workdir/hadoop-ozone/integration-test/target/test-dir/MiniOzoneClusterImpl-126efc8e-5eb3-4c27-bad9-6042ca060f46/datanode-0/data/ratis/e00426f9-2aec-4330-92cc-8db747bfca9f/current/log_inprogress_0
2019-09-19 11:51:46,745 [1643b03f-9d01-4fe3-9afd-4f864af59477@group-EEC4484BB289:LeaderElection97] INFO  impl.LeaderElection (LeaderElection.java:askForVotes(182)) - 1643b03f-9d01-4fe3-9afd-4f864af59477@group-EEC4484BB289:LeaderElection97: begin an election at term 1 for -1: [acdd24dc-6b6a-4c69-bdab-a73dc16818ad:192.168.151.78:34281, 1643b03f-9d01-4fe3-9afd-4f864af59477:192.168.151.78:33659, 82dbb8ec-d38a-4326-bfd9-84ce9cea2120:192.168.151.78:41779], old=null
2019-09-19 11:51:46,745 [52a59ef7-11d6-4b0c-b253-b79333fc9305@group-F221FDFC5A52:LeaderElection98] INFO  impl.LeaderElection (LeaderElection.java:askForVotes(182)) - 52a59ef7-11d6-4b0c-b253-b79333fc9305@group-F221FDFC5A52:LeaderElection98: begin an election at term 1 for -1: [52a59ef7-11d6-4b0c-b253-b79333fc9305:192.168.151.78:39843], old=null
2019-09-19 11:51:46,745 [Thread-2345] INFO  impl.RoleInfo (RoleInfo.java:shutdownFollowerState(121)) - 82dbb8ec-d38a-4326-bfd9-84ce9cea2120: shutdown FollowerState
2019-09-19 11:51:46,745 [82dbb8ec-d38a-4326-bfd9-84ce9cea2120@group-939718A6FBAD-SegmentedRaftLogWorker] INFO  segmented.SegmentedRaftLogWorker (SegmentedRaftLogWorker.java:execute(569)) - 82dbb8ec-d38a-4326-bfd9-84ce9cea2120@group-939718A6FBAD-SegmentedRaftLogWorker: created new log segment /workdir/hadoop-ozone/integration-test/target/test-dir/MiniOzoneClusterImpl-126efc8e-5eb3-4c27-bad9-6042ca060f46/datanode-1/data/ratis/434bcc47-1c90-4c95-aa45-939718a6fbad/current/log_inprogress_0
2019-09-19 11:51:46,745 [Thread-2360] INFO  impl.RoleInfo (RoleInfo.java:shutdownFollowerState(121)) - 3bc24b3e-dad3-45a8-baeb-b401d6578a0b: shutdown FollowerState
2019-09-19 11:51:46,746 [Thread-2345] INFO  impl.RaftServerImpl (RaftServerImpl.java:setRole(174)) - 82dbb8ec-d38a-4326-bfd9-84ce9cea2120@group-EEC4484BB289: changes role from  FOLLOWER to CANDIDATE at term 0 for changeToCandidate
2019-09-19 11:51:46,746 [52a59ef7-11d6-4b0c-b253-b79333fc9305@group-F221FDFC5A52:LeaderElection98] INFO  impl.RoleInfo (RoleInfo.java:shutdownLeaderElection(134)) - 52a59ef7-11d6-4b0c-b253-b79333fc9305: shutdown LeaderElection
2019-09-19 11:51:46,746 [Thread-2345] INFO  impl.RoleInfo (RoleInfo.java:updateAndGet(143)) - 82dbb8ec-d38a-4326-bfd9-84ce9cea2120: start LeaderElection
2019-09-19 11:51:46,746 [Thread-2360] INFO  impl.RaftServerImpl (RaftServerImpl.java:setRole(174)) - 3bc24b3e-dad3-45a8-baeb-b401d6578a0b@group-51F30036304B: changes role from  FOLLOWER to CANDIDATE at term 0 for changeToCandidate
2019-09-19 11:51:46,746 [52a59ef7-11d6-4b0c-b253-b79333fc9305@group-F221FDFC5A52:LeaderElection98] INFO  impl.RaftServerImpl (RaftServerImpl.java:setRole(174)) - 52a59ef7-11d6-4b0c-b253-b79333fc9305@group-F221FDFC5A52: changes role from CANDIDATE to LEADER at term 1 for changeToLeader
2019-09-19 11:51:46,746 [Thread-2360] INFO  impl.RoleInfo (RoleInfo.java:updateAndGet(143)) - 3bc24b3e-dad3-45a8-baeb-b401d6578a0b: start LeaderElection
2019-09-19 11:51:46,746 [52a59ef7-11d6-4b0c-b253-b79333fc9305@group-F221FDFC5A52:LeaderElection98] INFO  impl.RaftServerImpl (ServerState.java:setLeader(253)) - 52a59ef7-11d6-4b0c-b253-b79333fc9305@group-F221FDFC5A52: change Leader from null to 52a59ef7-11d6-4b0c-b253-b79333fc9305 at term 1 for becomeLeader, leader elected after 5138ms
2019-09-19 11:51:46,748 [52a59ef7-11d6-4b0c-b253-b79333fc9305@group-F221FDFC5A52:LeaderElection98] INFO  server.RaftServerConfigKeys (ConfUtils.java:logGet(43)) - raft.server.staging.catchup.gap = 1000 (default)
2019-09-19 11:51:46,748 [52a59ef7-11d6-4b0c-b253-b79333fc9305@group-F221FDFC5A52:LeaderElection98] INFO  server.RaftServerConfigKeys (ConfUtils.java:logGet(43)) - raft.server.rpc.sleep.time = 25ms (default)
2019-09-19 11:51:46,749 [52a59ef7-11d6-4b0c-b253-b79333fc9305@group-F221FDFC5A52:LeaderElection98] INFO  server.RaftServerConfigKeys (ConfUtils.java:logGet(43)) - raft.server.write.element-limit = 4096 (default)
2019-09-19 11:51:46,752 [52a59ef7-11d6-4b0c-b253-b79333fc9305@group-F221FDFC5A52:LeaderElection98] INFO  server.RaftServerConfigKeys (ConfUtils.java:logGet(43)) - raft.server.watch.timeout = 10s (default)
2019-09-19 11:51:46,752 [52a59ef7-11d6-4b0c-b253-b79333fc9305@group-F221FDFC5A52:LeaderElection98] INFO  server.RaftServerConfigKeys (ConfUtils.java:logGet(43)) - raft.server.watch.timeout.denomination = 1s (default)
2019-09-19 11:51:46,752 [52a59ef7-11d6-4b0c-b253-b79333fc9305@group-F221FDFC5A52:LeaderElection98] INFO  server.RaftServerConfigKeys (ConfUtils.java:logGet(43)) - raft.server.watch.element-limit = 65536 (default)
2019-09-19 11:51:46,755 [52a59ef7-11d6-4b0c-b253-b79333fc9305@group-F221FDFC5A52:LeaderElection98] INFO  impl.RoleInfo (RoleInfo.java:updateAndGet(143)) - 52a59ef7-11d6-4b0c-b253-b79333fc9305: start LeaderState
2019-09-19 11:51:46,755 [52a59ef7-11d6-4b0c-b253-b79333fc9305@group-F221FDFC5A52:LeaderElection98] INFO  segmented.SegmentedRaftLogWorker (SegmentedRaftLogWorker.java:startLogSegment(380)) - 52a59ef7-11d6-4b0c-b253-b79333fc9305@group-F221FDFC5A52-SegmentedRaftLogWorker: Starting segment from index:0
2019-09-19 11:51:46,755 [52a59ef7-11d6-4b0c-b253-b79333fc9305@group-F221FDFC5A52:LeaderElection98] INFO  impl.RaftServerImpl (ServerState.java:setRaftConf(354)) - 52a59ef7-11d6-4b0c-b253-b79333fc9305@group-F221FDFC5A52: set configuration 0: [52a59ef7-11d6-4b0c-b253-b79333fc9305:192.168.151.78:39843], old=null at 0
2019-09-19 11:51:46,756 [1643b03f-9d01-4fe3-9afd-4f864af59477@group-C07B42D3323C-SegmentedRaftLogWorker] INFO  segmented.SegmentedRaftLogWorker (SegmentedRaftLogWorker.java:execute(569)) - 1643b03f-9d01-4fe3-9afd-4f864af59477@group-C07B42D3323C-SegmentedRaftLogWorker: created new log segment /workdir/hadoop-ozone/integration-test/target/test-dir/MiniOzoneClusterImpl-126efc8e-5eb3-4c27-bad9-6042ca060f46/datanode-2/data/ratis/af8fdb6d-17bf-4fad-924d-c07b42d3323c/current/log_inprogress_0
2019-09-19 11:51:46,756 [82dbb8ec-d38a-4326-bfd9-84ce9cea2120@group-EEC4484BB289:LeaderElection100] INFO  impl.LeaderElection (LeaderElection.java:askForVotes(182)) - 82dbb8ec-d38a-4326-bfd9-84ce9cea2120@group-EEC4484BB289:LeaderElection100: begin an election at term 1 for -1: [acdd24dc-6b6a-4c69-bdab-a73dc16818ad:192.168.151.78:34281, 1643b03f-9d01-4fe3-9afd-4f864af59477:192.168.151.78:33659, 82dbb8ec-d38a-4326-bfd9-84ce9cea2120:192.168.151.78:41779], old=null
2019-09-19 11:51:46,756 [acdd24dc-6b6a-4c69-bdab-a73dc16818ad@group-EEC4484BB289:LeaderElection99] INFO  impl.LeaderElection (LeaderElection.java:askForVotes(182)) - acdd24dc-6b6a-4c69-bdab-a73dc16818ad@group-EEC4484BB289:LeaderElection99: begin an election at term 1 for -1: [acdd24dc-6b6a-4c69-bdab-a73dc16818ad:192.168.151.78:34281, 1643b03f-9d01-4fe3-9afd-4f864af59477:192.168.151.78:33659, 82dbb8ec-d38a-4326-bfd9-84ce9cea2120:192.168.151.78:41779], old=null
2019-09-19 11:51:46,756 [3bc24b3e-dad3-45a8-baeb-b401d6578a0b@group-51F30036304B:LeaderElection101] INFO  impl.LeaderElection (LeaderElection.java:askForVotes(182)) - 3bc24b3e-dad3-45a8-baeb-b401d6578a0b@group-51F30036304B:LeaderElection101: begin an election at term 1 for -1: [3bc24b3e-dad3-45a8-baeb-b401d6578a0b:192.168.151.78:35658], old=null
2019-09-19 11:51:46,756 [3bc24b3e-dad3-45a8-baeb-b401d6578a0b@group-51F30036304B:LeaderElection101] INFO  impl.RoleInfo (RoleInfo.java:shutdownLeaderElection(134)) - 3bc24b3e-dad3-45a8-baeb-b401d6578a0b: shutdown LeaderElection
2019-09-19 11:51:46,756 [3bc24b3e-dad3-45a8-baeb-b401d6578a0b@group-51F30036304B:LeaderElection101] INFO  impl.RaftServerImpl (RaftServerImpl.java:setRole(174)) - 3bc24b3e-dad3-45a8-baeb-b401d6578a0b@group-51F30036304B: changes role from CANDIDATE to LEADER at term 1 for changeToLeader
2019-09-19 11:51:46,756 [3bc24b3e-dad3-45a8-baeb-b401d6578a0b@group-51F30036304B:LeaderElection101] INFO  impl.RaftServerImpl (ServerState.java:setLeader(253)) - 3bc24b3e-dad3-45a8-baeb-b401d6578a0b@group-51F30036304B: change Leader from null to 3bc24b3e-dad3-45a8-baeb-b401d6578a0b at term 1 for becomeLeader, leader elected after 5044ms
2019-09-19 11:51:46,757 [3bc24b3e-dad3-45a8-baeb-b401d6578a0b@group-51F30036304B:LeaderElection101] INFO  server.RaftServerConfigKeys (ConfUtils.java:logGet(43)) - raft.server.staging.catchup.gap = 1000 (default)
2019-09-19 11:51:46,757 [3bc24b3e-dad3-45a8-baeb-b401d6578a0b@group-51F30036304B:LeaderElection101] INFO  server.RaftServerConfigKeys (ConfUtils.java:logGet(43)) - raft.server.rpc.sleep.time = 25ms (default)
2019-09-19 11:51:46,757 [1643b03f-9d01-4fe3-9afd-4f864af59477@group-EEC4484BB289:LeaderElection97] INFO  impl.LeaderElection (LeaderElection.java:logAndReturn(56)) - 1643b03f-9d01-4fe3-9afd-4f864af59477@group-EEC4484BB289:LeaderElection97: Election REJECTED; received 2 response(s) [1643b03f-9d01-4fe3-9afd-4f864af59477<-acdd24dc-6b6a-4c69-bdab-a73dc16818ad#0:FAIL-t1, 1643b03f-9d01-4fe3-9afd-4f864af59477<-82dbb8ec-d38a-4326-bfd9-84ce9cea2120#0:FAIL-t1] and 0 exception(s); 1643b03f-9d01-4fe3-9afd-4f864af59477@group-EEC4484BB289:t1, leader=null, voted=1643b03f-9d01-4fe3-9afd-4f864af59477, raftlog=1643b03f-9d01-4fe3-9afd-4f864af59477@group-EEC4484BB289-SegmentedRaftLog:OPENED:c-1,f-1,i0, conf=-1: [acdd24dc-6b6a-4c69-bdab-a73dc16818ad:192.168.151.78:34281, 1643b03f-9d01-4fe3-9afd-4f864af59477:192.168.151.78:33659, 82dbb8ec-d38a-4326-bfd9-84ce9cea2120:192.168.151.78:41779], old=null
2019-09-19 11:51:46,757 [3bc24b3e-dad3-45a8-baeb-b401d6578a0b@group-51F30036304B:LeaderElection101] INFO  server.RaftServerConfigKeys (ConfUtils.java:logGet(43)) - raft.server.write.element-limit = 4096 (default)
2019-09-19 11:51:46,757 [1643b03f-9d01-4fe3-9afd-4f864af59477@group-EEC4484BB289:LeaderElection97] INFO  impl.RaftServerImpl (RaftServerImpl.java:setRole(174)) - 1643b03f-9d01-4fe3-9afd-4f864af59477@group-EEC4484BB289: changes role from CANDIDATE to FOLLOWER at term 1 for DISCOVERED_A_NEW_TERM
2019-09-19 11:51:46,758 [3bc24b3e-dad3-45a8-baeb-b401d6578a0b@group-51F30036304B:LeaderElection101] INFO  server.RaftServerConfigKeys (ConfUtils.java:logGet(43)) - raft.server.watch.timeout = 10s (default)
2019-09-19 11:51:46,758 [1643b03f-9d01-4fe3-9afd-4f864af59477@group-EEC4484BB289:LeaderElection97] INFO  impl.RoleInfo (RoleInfo.java:shutdownLeaderElection(134)) - 1643b03f-9d01-4fe3-9afd-4f864af59477: shutdown LeaderElection
2019-09-19 11:51:46,758 [3bc24b3e-dad3-45a8-baeb-b401d6578a0b@group-51F30036304B:LeaderElection101] INFO  server.RaftServerConfigKeys (ConfUtils.java:logGet(43)) - raft.server.watch.timeout.denomination = 1s (default)
2019-09-19 11:51:46,758 [1643b03f-9d01-4fe3-9afd-4f864af59477@group-EEC4484BB289:LeaderElection97] INFO  impl.RoleInfo (RoleInfo.java:updateAndGet(143)) - 1643b03f-9d01-4fe3-9afd-4f864af59477: start FollowerState
2019-09-19 11:51:46,758 [3bc24b3e-dad3-45a8-baeb-b401d6578a0b@group-51F30036304B:LeaderElection101] INFO  server.RaftServerConfigKeys (ConfUtils.java:logGet(43)) - raft.server.watch.element-limit = 65536 (default)
2019-09-19 11:51:46,760 [acdd24dc-6b6a-4c69-bdab-a73dc16818ad@group-EEC4484BB289:LeaderElection99] INFO  impl.LeaderElection (LeaderElection.java:logAndReturn(56)) - acdd24dc-6b6a-4c69-bdab-a73dc16818ad@group-EEC4484BB289:LeaderElection99: Election REJECTED; received 2 response(s) [acdd24dc-6b6a-4c69-bdab-a73dc16818ad<-1643b03f-9d01-4fe3-9afd-4f864af59477#0:FAIL-t1, acdd24dc-6b6a-4c69-bdab-a73dc16818ad<-82dbb8ec-d38a-4326-bfd9-84ce9cea2120#0:FAIL-t1] and 0 exception(s); acdd24dc-6b6a-4c69-bdab-a73dc16818ad@group-EEC4484BB289:t1, leader=null, voted=acdd24dc-6b6a-4c69-bdab-a73dc16818ad, raftlog=acdd24dc-6b6a-4c69-bdab-a73dc16818ad@group-EEC4484BB289-SegmentedRaftLog:OPENED:c-1,f-1,i0, conf=-1: [acdd24dc-6b6a-4c69-bdab-a73dc16818ad:192.168.151.78:34281, 1643b03f-9d01-4fe3-9afd-4f864af59477:192.168.151.78:33659, 82dbb8ec-d38a-4326-bfd9-84ce9cea2120:192.168.151.78:41779], old=null
2019-09-19 11:51:46,760 [acdd24dc-6b6a-4c69-bdab-a73dc16818ad@group-EEC4484BB289:LeaderElection99] INFO  impl.RaftServerImpl (RaftServerImpl.java:setRole(174)) - acdd24dc-6b6a-4c69-bdab-a73dc16818ad@group-EEC4484BB289: changes role from CANDIDATE to FOLLOWER at term 1 for DISCOVERED_A_NEW_TERM
2019-09-19 11:51:46,761 [acdd24dc-6b6a-4c69-bdab-a73dc16818ad@group-EEC4484BB289:LeaderElection99] INFO  impl.RoleInfo (RoleInfo.java:shutdownLeaderElection(134)) - acdd24dc-6b6a-4c69-bdab-a73dc16818ad: shutdown LeaderElection
2019-09-19 11:51:46,761 [acdd24dc-6b6a-4c69-bdab-a73dc16818ad@group-EEC4484BB289:LeaderElection99] INFO  impl.RoleInfo (RoleInfo.java:updateAndGet(143)) - acdd24dc-6b6a-4c69-bdab-a73dc16818ad: start FollowerState
2019-09-19 11:51:46,761 [82dbb8ec-d38a-4326-bfd9-84ce9cea2120@group-EEC4484BB289:LeaderElection100] INFO  impl.LeaderElection (LeaderElection.java:logAndReturn(56)) - 82dbb8ec-d38a-4326-bfd9-84ce9cea2120@group-EEC4484BB289:LeaderElection100: Election REJECTED; received 2 response(s) [82dbb8ec-d38a-4326-bfd9-84ce9cea2120<-1643b03f-9d01-4fe3-9afd-4f864af59477#0:FAIL-t1, 82dbb8ec-d38a-4326-bfd9-84ce9cea2120<-acdd24dc-6b6a-4c69-bdab-a73dc16818ad#0:FAIL-t1] and 0 exception(s); 82dbb8ec-d38a-4326-bfd9-84ce9cea2120@group-EEC4484BB289:t1, leader=null, voted=82dbb8ec-d38a-4326-bfd9-84ce9cea2120, raftlog=82dbb8ec-d38a-4326-bfd9-84ce9cea2120@group-EEC4484BB289-SegmentedRaftLog:OPENED:c-1,f-1,i0, conf=-1: [acdd24dc-6b6a-4c69-bdab-a73dc16818ad:192.168.151.78:34281, 1643b03f-9d01-4fe3-9afd-4f864af59477:192.168.151.78:33659, 82dbb8ec-d38a-4326-bfd9-84ce9cea2120:192.168.151.78:41779], old=null
2019-09-19 11:51:46,761 [3bc24b3e-dad3-45a8-baeb-b401d6578a0b@group-51F30036304B:LeaderElection101] INFO  impl.RoleInfo (RoleInfo.java:updateAndGet(143)) - 3bc24b3e-dad3-45a8-baeb-b401d6578a0b: start LeaderState
2019-09-19 11:51:46,761 [82dbb8ec-d38a-4326-bfd9-84ce9cea2120@group-EEC4484BB289:LeaderElection100] INFO  impl.RaftServerImpl (RaftServerImpl.java:setRole(174)) - 82dbb8ec-d38a-4326-bfd9-84ce9cea2120@group-EEC4484BB289: changes role from CANDIDATE to FOLLOWER at term 1 for DISCOVERED_A_NEW_TERM
2019-09-19 11:51:46,762 [82dbb8ec-d38a-4326-bfd9-84ce9cea2120@group-EEC4484BB289:LeaderElection100] INFO  impl.RoleInfo (RoleInfo.java:shutdownLeaderElection(134)) - 82dbb8ec-d38a-4326-bfd9-84ce9cea2120: shutdown LeaderElection
2019-09-19 11:51:46,762 [3bc24b3e-dad3-45a8-baeb-b401d6578a0b@group-51F30036304B:LeaderElection101] INFO  segmented.SegmentedRaftLogWorker (SegmentedRaftLogWorker.java:startLogSegment(380)) - 3bc24b3e-dad3-45a8-baeb-b401d6578a0b@group-51F30036304B-SegmentedRaftLogWorker: Starting segment from index:0
2019-09-19 11:51:46,762 [82dbb8ec-d38a-4326-bfd9-84ce9cea2120@group-EEC4484BB289:LeaderElection100] INFO  impl.RoleInfo (RoleInfo.java:updateAndGet(143)) - 82dbb8ec-d38a-4326-bfd9-84ce9cea2120: start FollowerState
2019-09-19 11:51:46,762 [3bc24b3e-dad3-45a8-baeb-b401d6578a0b@group-51F30036304B:LeaderElection101] INFO  impl.RaftServerImpl (ServerState.java:setRaftConf(354)) - 3bc24b3e-dad3-45a8-baeb-b401d6578a0b@group-51F30036304B: set configuration 0: [3bc24b3e-dad3-45a8-baeb-b401d6578a0b:192.168.151.78:35658], old=null at 0
2019-09-19 11:51:46,762 [Thread-2357] INFO  impl.FollowerState (FollowerState.java:run(106)) - ba625d97-38b5-4f51-8c09-71f1ab2b77c9:group-C05E5FE050A5 changes to CANDIDATE, lastRpcTime:5089, electionTimeout:5089ms
2019-09-19 11:51:46,763 [Thread-2357] INFO  impl.RoleInfo (RoleInfo.java:shutdownFollowerState(121)) - ba625d97-38b5-4f51-8c09-71f1ab2b77c9: shutdown FollowerState
2019-09-19 11:51:46,763 [Thread-2357] INFO  impl.RaftServerImpl (RaftServerImpl.java:setRole(174)) - ba625d97-38b5-4f51-8c09-71f1ab2b77c9@group-C05E5FE050A5: changes role from  FOLLOWER to CANDIDATE at term 0 for changeToCandidate
2019-09-19 11:51:46,763 [Thread-2357] INFO  impl.RoleInfo (RoleInfo.java:updateAndGet(143)) - ba625d97-38b5-4f51-8c09-71f1ab2b77c9: start LeaderElection
2019-09-19 11:51:46,812 [grpc-default-executor-4] INFO  client.GrpcClientProtocolClient (GrpcClientProtocolClient.java:onNext(264)) - client-3B0D3847D49E->1643b03f-9d01-4fe3-9afd-4f864af59477: receive RaftClientReply:client-3B0D3847D49E->1643b03f-9d01-4fe3-9afd-4f864af59477@group-EEC4484BB289, cid=103, FAILED org.apache.ratis.protocol.NotLeaderException: Server 1643b03f-9d01-4fe3-9afd-4f864af59477@group-EEC4484BB289 is not the leader, logIndex=0, commits[1643b03f-9d01-4fe3-9afd-4f864af59477:c-1]
2019-09-19 11:51:46,816 [3bc24b3e-dad3-45a8-baeb-b401d6578a0b@group-51F30036304B-SegmentedRaftLogWorker] INFO  segmented.SegmentedRaftLogWorker (SegmentedRaftLogWorker.java:execute(569)) - 3bc24b3e-dad3-45a8-baeb-b401d6578a0b@group-51F30036304B-SegmentedRaftLogWorker: created new log segment /workdir/hadoop-ozone/integration-test/target/test-dir/MiniOzoneClusterImpl-126efc8e-5eb3-4c27-bad9-6042ca060f46/datanode-6/data/ratis/6c46a37a-cf4a-4e5f-aba6-51f30036304b/current/log_inprogress_0
2019-09-19 11:51:46,817 [52a59ef7-11d6-4b0c-b253-b79333fc9305@group-F221FDFC5A52-SegmentedRaftLogWorker] INFO  segmented.SegmentedRaftLogWorker (SegmentedRaftLogWorker.java:execute(569)) - 52a59ef7-11d6-4b0c-b253-b79333fc9305@group-F221FDFC5A52-SegmentedRaftLogWorker: created new log segment /workdir/hadoop-ozone/integration-test/target/test-dir/MiniOzoneClusterImpl-126efc8e-5eb3-4c27-bad9-6042ca060f46/datanode-5/data/ratis/875d6daa-75e3-40c4-8fa4-f221fdfc5a52/current/log_inprogress_0
2019-09-19 11:51:46,821 [ba625d97-38b5-4f51-8c09-71f1ab2b77c9@group-C05E5FE050A5:LeaderElection102] INFO  impl.LeaderElection (LeaderElection.java:askForVotes(182)) - ba625d97-38b5-4f51-8c09-71f1ab2b77c9@group-C05E5FE050A5:LeaderElection102: begin an election at term 1 for -1: [ba625d97-38b5-4f51-8c09-71f1ab2b77c9:192.168.151.78:43821], old=null
2019-09-19 11:51:46,823 [ba625d97-38b5-4f51-8c09-71f1ab2b77c9@group-C05E5FE050A5:LeaderElection102] INFO  impl.RoleInfo (RoleInfo.java:shutdownLeaderElection(134)) - ba625d97-38b5-4f51-8c09-71f1ab2b77c9: shutdown LeaderElection
2019-09-19 11:51:46,823 [ba625d97-38b5-4f51-8c09-71f1ab2b77c9@group-C05E5FE050A5:LeaderElection102] INFO  impl.RaftServerImpl (RaftServerImpl.java:setRole(174)) - ba625d97-38b5-4f51-8c09-71f1ab2b77c9@group-C05E5FE050A5: changes role from CANDIDATE to LEADER at term 1 for changeToLeader
2019-09-19 11:51:46,823 [ba625d97-38b5-4f51-8c09-71f1ab2b77c9@group-C05E5FE050A5:LeaderElection102] INFO  impl.RaftServerImpl (ServerState.java:setLeader(253)) - ba625d97-38b5-4f51-8c09-71f1ab2b77c9@group-C05E5FE050A5: change Leader from null to ba625d97-38b5-4f51-8c09-71f1ab2b77c9 at term 1 for becomeLeader, leader elected after 5157ms
2019-09-19 11:51:46,824 [ba625d97-38b5-4f51-8c09-71f1ab2b77c9@group-C05E5FE050A5:LeaderElection102] INFO  server.RaftServerConfigKeys (ConfUtils.java:logGet(43)) - raft.server.staging.catchup.gap = 1000 (default)
2019-09-19 11:51:46,824 [ba625d97-38b5-4f51-8c09-71f1ab2b77c9@group-C05E5FE050A5:LeaderElection102] INFO  server.RaftServerConfigKeys (ConfUtils.java:logGet(43)) - raft.server.rpc.sleep.time = 25ms (default)
2019-09-19 11:51:46,824 [ba625d97-38b5-4f51-8c09-71f1ab2b77c9@group-C05E5FE050A5:LeaderElection102] INFO  server.RaftServerConfigKeys (ConfUtils.java:logGet(43)) - raft.server.write.element-limit = 4096 (default)
2019-09-19 11:51:46,824 [ba625d97-38b5-4f51-8c09-71f1ab2b77c9@group-C05E5FE050A5:LeaderElection102] INFO  server.RaftServerConfigKeys (ConfUtils.java:logGet(43)) - raft.server.watch.timeout = 10s (default)
2019-09-19 11:51:46,824 [ba625d97-38b5-4f51-8c09-71f1ab2b77c9@group-C05E5FE050A5:LeaderElection102] INFO  server.RaftServerConfigKeys (ConfUtils.java:logGet(43)) - raft.server.watch.timeout.denomination = 1s (default)
2019-09-19 11:51:46,824 [ba625d97-38b5-4f51-8c09-71f1ab2b77c9@group-C05E5FE050A5:LeaderElection102] INFO  server.RaftServerConfigKeys (ConfUtils.java:logGet(43)) - raft.server.watch.element-limit = 65536 (default)
2019-09-19 11:51:46,826 [ba625d97-38b5-4f51-8c09-71f1ab2b77c9@group-C05E5FE050A5:LeaderElection102] INFO  impl.RoleInfo (RoleInfo.java:updateAndGet(143)) - ba625d97-38b5-4f51-8c09-71f1ab2b77c9: start LeaderState
2019-09-19 11:51:46,826 [ba625d97-38b5-4f51-8c09-71f1ab2b77c9@group-C05E5FE050A5:LeaderElection102] INFO  segmented.SegmentedRaftLogWorker (SegmentedRaftLogWorker.java:startLogSegment(380)) - ba625d97-38b5-4f51-8c09-71f1ab2b77c9@group-C05E5FE050A5-SegmentedRaftLogWorker: Starting segment from index:0
2019-09-19 11:51:46,827 [ba625d97-38b5-4f51-8c09-71f1ab2b77c9@group-C05E5FE050A5:LeaderElection102] INFO  impl.RaftServerImpl (ServerState.java:setRaftConf(354)) - ba625d97-38b5-4f51-8c09-71f1ab2b77c9@group-C05E5FE050A5: set configuration 0: [ba625d97-38b5-4f51-8c09-71f1ab2b77c9:192.168.151.78:43821], old=null at 0
2019-09-19 11:51:46,872 [ba625d97-38b5-4f51-8c09-71f1ab2b77c9@group-C05E5FE050A5-SegmentedRaftLogWorker] INFO  segmented.SegmentedRaftLogWorker (SegmentedRaftLogWorker.java:execute(569)) - ba625d97-38b5-4f51-8c09-71f1ab2b77c9@group-C05E5FE050A5-SegmentedRaftLogWorker: created new log segment /workdir/hadoop-ozone/integration-test/target/test-dir/MiniOzoneClusterImpl-126efc8e-5eb3-4c27-bad9-6042ca060f46/datanode-4/data/ratis/b912e2d2-9387-41bf-bcfe-c05e5fe050a5/current/log_inprogress_0
2019-09-19 11:51:46,889 [Thread-2367] INFO  impl.FollowerState (FollowerState.java:run(106)) - ba625d97-38b5-4f51-8c09-71f1ab2b77c9:group-B4338AD123D6 changes to CANDIDATE, lastRpcTime:5119, electionTimeout:5119ms
2019-09-19 11:51:46,890 [Thread-2367] INFO  impl.RoleInfo (RoleInfo.java:shutdownFollowerState(121)) - ba625d97-38b5-4f51-8c09-71f1ab2b77c9: shutdown FollowerState
2019-09-19 11:51:46,890 [Thread-2367] INFO  impl.RaftServerImpl (RaftServerImpl.java:setRole(174)) - ba625d97-38b5-4f51-8c09-71f1ab2b77c9@group-B4338AD123D6: changes role from  FOLLOWER to CANDIDATE at term 0 for changeToCandidate
2019-09-19 11:51:46,890 [Thread-2367] INFO  impl.RoleInfo (RoleInfo.java:updateAndGet(143)) - ba625d97-38b5-4f51-8c09-71f1ab2b77c9: start LeaderElection
2019-09-19 11:51:46,897 [Thread-2368] INFO  impl.FollowerState (FollowerState.java:run(106)) - 3bc24b3e-dad3-45a8-baeb-b401d6578a0b:group-B4338AD123D6 changes to CANDIDATE, lastRpcTime:5126, electionTimeout:5126ms
2019-09-19 11:51:46,898 [Thread-2368] INFO  impl.RoleInfo (RoleInfo.java:shutdownFollowerState(121)) - 3bc24b3e-dad3-45a8-baeb-b401d6578a0b: shutdown FollowerState
2019-09-19 11:51:46,898 [Thread-2368] INFO  impl.RaftServerImpl (RaftServerImpl.java:setRole(174)) - 3bc24b3e-dad3-45a8-baeb-b401d6578a0b@group-B4338AD123D6: changes role from  FOLLOWER to CANDIDATE at term 0 for changeToCandidate
2019-09-19 11:51:46,898 [Thread-2368] INFO  impl.RoleInfo (RoleInfo.java:updateAndGet(143)) - 3bc24b3e-dad3-45a8-baeb-b401d6578a0b: start LeaderElection
2019-09-19 11:51:46,917 [3bc24b3e-dad3-45a8-baeb-b401d6578a0b@group-B4338AD123D6:LeaderElection104] INFO  impl.LeaderElection (LeaderElection.java:askForVotes(182)) - 3bc24b3e-dad3-45a8-baeb-b401d6578a0b@group-B4338AD123D6:LeaderElection104: begin an election at term 1 for -1: [3bc24b3e-dad3-45a8-baeb-b401d6578a0b:192.168.151.78:35658, 52a59ef7-11d6-4b0c-b253-b79333fc9305:192.168.151.78:39843, ba625d97-38b5-4f51-8c09-71f1ab2b77c9:192.168.151.78:43821], old=null
2019-09-19 11:51:46,917 [ba625d97-38b5-4f51-8c09-71f1ab2b77c9@group-B4338AD123D6:LeaderElection103] INFO  impl.LeaderElection (LeaderElection.java:askForVotes(182)) - ba625d97-38b5-4f51-8c09-71f1ab2b77c9@group-B4338AD123D6:LeaderElection103: begin an election at term 1 for -1: [3bc24b3e-dad3-45a8-baeb-b401d6578a0b:192.168.151.78:35658, 52a59ef7-11d6-4b0c-b253-b79333fc9305:192.168.151.78:39843, ba625d97-38b5-4f51-8c09-71f1ab2b77c9:192.168.151.78:43821], old=null
2019-09-19 11:51:46,928 [grpc-default-executor-8] INFO  impl.RaftServerImpl (RaftServerImpl.java:setRole(174)) - 52a59ef7-11d6-4b0c-b253-b79333fc9305@group-B4338AD123D6: changes role from  FOLLOWER to FOLLOWER at term 1 for recognizeCandidate:3bc24b3e-dad3-45a8-baeb-b401d6578a0b
2019-09-19 11:51:46,928 [grpc-default-executor-8] INFO  impl.RoleInfo (RoleInfo.java:shutdownFollowerState(121)) - 52a59ef7-11d6-4b0c-b253-b79333fc9305: shutdown FollowerState
2019-09-19 11:51:46,928 [grpc-default-executor-8] INFO  impl.RoleInfo (RoleInfo.java:updateAndGet(143)) - 52a59ef7-11d6-4b0c-b253-b79333fc9305: start FollowerState
2019-09-19 11:51:46,931 [Thread-2363] INFO  impl.FollowerState (FollowerState.java:run(115)) - 52a59ef7-11d6-4b0c-b253-b79333fc9305: FollowerState was interrupted: java.lang.InterruptedException: sleep interrupted
2019-09-19 11:51:46,945 [ba625d97-38b5-4f51-8c09-71f1ab2b77c9@group-B4338AD123D6:LeaderElection103] INFO  impl.LeaderElection (LeaderElection.java:logAndReturn(56)) - ba625d97-38b5-4f51-8c09-71f1ab2b77c9@group-B4338AD123D6:LeaderElection103: Election REJECTED; received 2 response(s) [ba625d97-38b5-4f51-8c09-71f1ab2b77c9<-3bc24b3e-dad3-45a8-baeb-b401d6578a0b#0:FAIL-t1, ba625d97-38b5-4f51-8c09-71f1ab2b77c9<-52a59ef7-11d6-4b0c-b253-b79333fc9305#0:FAIL-t1] and 0 exception(s); ba625d97-38b5-4f51-8c09-71f1ab2b77c9@group-B4338AD123D6:t1, leader=null, voted=ba625d97-38b5-4f51-8c09-71f1ab2b77c9, raftlog=ba625d97-38b5-4f51-8c09-71f1ab2b77c9@group-B4338AD123D6-SegmentedRaftLog:OPENED:c-1,f-1,i0, conf=-1: [3bc24b3e-dad3-45a8-baeb-b401d6578a0b:192.168.151.78:35658, 52a59ef7-11d6-4b0c-b253-b79333fc9305:192.168.151.78:39843, ba625d97-38b5-4f51-8c09-71f1ab2b77c9:192.168.151.78:43821], old=null
2019-09-19 11:51:46,945 [3bc24b3e-dad3-45a8-baeb-b401d6578a0b@group-B4338AD123D6:LeaderElection104] INFO  impl.LeaderElection (LeaderElection.java:logAndReturn(56)) - 3bc24b3e-dad3-45a8-baeb-b401d6578a0b@group-B4338AD123D6:LeaderElection104: Election PASSED; received 2 response(s) [3bc24b3e-dad3-45a8-baeb-b401d6578a0b<-52a59ef7-11d6-4b0c-b253-b79333fc9305#0:OK-t1, 3bc24b3e-dad3-45a8-baeb-b401d6578a0b<-ba625d97-38b5-4f51-8c09-71f1ab2b77c9#0:FAIL-t1] and 0 exception(s); 3bc24b3e-dad3-45a8-baeb-b401d6578a0b@group-B4338AD123D6:t1, leader=null, voted=3bc24b3e-dad3-45a8-baeb-b401d6578a0b, raftlog=3bc24b3e-dad3-45a8-baeb-b401d6578a0b@group-B4338AD123D6-SegmentedRaftLog:OPENED:c-1,f-1,i0, conf=-1: [3bc24b3e-dad3-45a8-baeb-b401d6578a0b:192.168.151.78:35658, 52a59ef7-11d6-4b0c-b253-b79333fc9305:192.168.151.78:39843, ba625d97-38b5-4f51-8c09-71f1ab2b77c9:192.168.151.78:43821], old=null
2019-09-19 11:51:46,946 [ba625d97-38b5-4f51-8c09-71f1ab2b77c9@group-B4338AD123D6:LeaderElection103] INFO  impl.RaftServerImpl (RaftServerImpl.java:setRole(174)) - ba625d97-38b5-4f51-8c09-71f1ab2b77c9@group-B4338AD123D6: changes role from CANDIDATE to FOLLOWER at term 1 for DISCOVERED_A_NEW_TERM
2019-09-19 11:51:46,946 [3bc24b3e-dad3-45a8-baeb-b401d6578a0b@group-B4338AD123D6:LeaderElection104] INFO  impl.RoleInfo (RoleInfo.java:shutdownLeaderElection(134)) - 3bc24b3e-dad3-45a8-baeb-b401d6578a0b: shutdown LeaderElection
2019-09-19 11:51:46,946 [ba625d97-38b5-4f51-8c09-71f1ab2b77c9@group-B4338AD123D6:LeaderElection103] INFO  impl.RoleInfo (RoleInfo.java:shutdownLeaderElection(134)) - ba625d97-38b5-4f51-8c09-71f1ab2b77c9: shutdown LeaderElection
2019-09-19 11:51:46,946 [3bc24b3e-dad3-45a8-baeb-b401d6578a0b@group-B4338AD123D6:LeaderElection104] INFO  impl.RaftServerImpl (RaftServerImpl.java:setRole(174)) - 3bc24b3e-dad3-45a8-baeb-b401d6578a0b@group-B4338AD123D6: changes role from CANDIDATE to LEADER at term 1 for changeToLeader
2019-09-19 11:51:46,946 [ba625d97-38b5-4f51-8c09-71f1ab2b77c9@group-B4338AD123D6:LeaderElection103] INFO  impl.RoleInfo (RoleInfo.java:updateAndGet(143)) - ba625d97-38b5-4f51-8c09-71f1ab2b77c9: start FollowerState
2019-09-19 11:51:46,946 [3bc24b3e-dad3-45a8-baeb-b401d6578a0b@group-B4338AD123D6:LeaderElection104] INFO  impl.RaftServerImpl (ServerState.java:setLeader(253)) - 3bc24b3e-dad3-45a8-baeb-b401d6578a0b@group-B4338AD123D6: change Leader from null to 3bc24b3e-dad3-45a8-baeb-b401d6578a0b at term 1 for becomeLeader, leader elected after 5186ms
2019-09-19 11:51:46,946 [3bc24b3e-dad3-45a8-baeb-b401d6578a0b@group-B4338AD123D6:LeaderElection104] INFO  server.RaftServerConfigKeys (ConfUtils.java:logGet(43)) - raft.server.staging.catchup.gap = 1000 (default)
2019-09-19 11:51:46,947 [3bc24b3e-dad3-45a8-baeb-b401d6578a0b@group-B4338AD123D6:LeaderElection104] INFO  server.RaftServerConfigKeys (ConfUtils.java:logGet(43)) - raft.server.rpc.sleep.time = 25ms (default)
2019-09-19 11:51:46,947 [3bc24b3e-dad3-45a8-baeb-b401d6578a0b@group-B4338AD123D6:LeaderElection104] INFO  server.RaftServerConfigKeys (ConfUtils.java:logGet(43)) - raft.server.write.element-limit = 4096 (default)
2019-09-19 11:51:46,947 [3bc24b3e-dad3-45a8-baeb-b401d6578a0b@group-B4338AD123D6:LeaderElection104] INFO  server.RaftServerConfigKeys (ConfUtils.java:logGet(43)) - raft.server.watch.timeout = 10s (default)
2019-09-19 11:51:46,947 [3bc24b3e-dad3-45a8-baeb-b401d6578a0b@group-B4338AD123D6:LeaderElection104] INFO  server.RaftServerConfigKeys (ConfUtils.java:logGet(43)) - raft.server.watch.timeout.denomination = 1s (default)
2019-09-19 11:51:46,947 [3bc24b3e-dad3-45a8-baeb-b401d6578a0b@group-B4338AD123D6:LeaderElection104] INFO  server.RaftServerConfigKeys (ConfUtils.java:logGet(43)) - raft.server.watch.element-limit = 65536 (default)
2019-09-19 11:51:46,949 [3bc24b3e-dad3-45a8-baeb-b401d6578a0b@group-B4338AD123D6:LeaderElection104] INFO  server.RaftServerConfigKeys (ConfUtils.java:logGet(43)) - raft.server.log.appender.snapshot.chunk.size.max = 16MB (=16777216) (default)
2019-09-19 11:51:46,949 [3bc24b3e-dad3-45a8-baeb-b401d6578a0b@group-B4338AD123D6:LeaderElection104] INFO  server.RaftServerConfigKeys (ConfUtils.java:logGet(43)) - raft.server.log.appender.buffer.byte-limit = 33554432 (custom)
2019-09-19 11:51:46,949 [3bc24b3e-dad3-45a8-baeb-b401d6578a0b@group-B4338AD123D6:LeaderElection104] INFO  server.RaftServerConfigKeys (ConfUtils.java:logGet(43)) - raft.server.log.appender.buffer.element-limit = 1 (custom)
2019-09-19 11:51:46,949 [3bc24b3e-dad3-45a8-baeb-b401d6578a0b@group-B4338AD123D6:LeaderElection104] INFO  grpc.GrpcConfigKeys$Server (ConfUtils.java:logGet(43)) - raft.grpc.server.leader.outstanding.appends.max = 128 (default)
2019-09-19 11:51:46,950 [3bc24b3e-dad3-45a8-baeb-b401d6578a0b@group-B4338AD123D6:LeaderElection104] INFO  server.RaftServerConfigKeys (ConfUtils.java:logGet(43)) - raft.server.rpc.request.timeout = 3000ms (default)
2019-09-19 11:51:46,950 [3bc24b3e-dad3-45a8-baeb-b401d6578a0b@group-B4338AD123D6:LeaderElection104] INFO  server.RaftServerConfigKeys (ConfUtils.java:logGet(43)) - raft.server.log.appender.install.snapshot.enabled = false (custom)
2019-09-19 11:51:46,950 [3bc24b3e-dad3-45a8-baeb-b401d6578a0b@group-B4338AD123D6:LeaderElection104] INFO  server.RaftServerConfigKeys (ConfUtils.java:logGet(43)) - raft.server.log.appender.snapshot.chunk.size.max = 16MB (=16777216) (default)
2019-09-19 11:51:46,950 [3bc24b3e-dad3-45a8-baeb-b401d6578a0b@group-B4338AD123D6:LeaderElection104] INFO  server.RaftServerConfigKeys (ConfUtils.java:logGet(43)) - raft.server.log.appender.buffer.byte-limit = 33554432 (custom)
2019-09-19 11:51:46,950 [3bc24b3e-dad3-45a8-baeb-b401d6578a0b@group-B4338AD123D6:LeaderElection104] INFO  server.RaftServerConfigKeys (ConfUtils.java:logGet(43)) - raft.server.log.appender.buffer.element-limit = 1 (custom)
2019-09-19 11:51:46,950 [3bc24b3e-dad3-45a8-baeb-b401d6578a0b@group-B4338AD123D6:LeaderElection104] INFO  grpc.GrpcConfigKeys$Server (ConfUtils.java:logGet(43)) - raft.grpc.server.leader.outstanding.appends.max = 128 (default)
2019-09-19 11:51:46,950 [3bc24b3e-dad3-45a8-baeb-b401d6578a0b@group-B4338AD123D6:LeaderElection104] INFO  server.RaftServerConfigKeys (ConfUtils.java:logGet(43)) - raft.server.rpc.request.timeout = 3000ms (default)
2019-09-19 11:51:46,951 [3bc24b3e-dad3-45a8-baeb-b401d6578a0b@group-B4338AD123D6:LeaderElection104] INFO  server.RaftServerConfigKeys (ConfUtils.java:logGet(43)) - raft.server.log.appender.install.snapshot.enabled = false (custom)
2019-09-19 11:51:46,951 [3bc24b3e-dad3-45a8-baeb-b401d6578a0b@group-B4338AD123D6:LeaderElection104] INFO  impl.RoleInfo (RoleInfo.java:updateAndGet(143)) - 3bc24b3e-dad3-45a8-baeb-b401d6578a0b: start LeaderState
2019-09-19 11:51:46,951 [3bc24b3e-dad3-45a8-baeb-b401d6578a0b@group-B4338AD123D6:LeaderElection104] INFO  segmented.SegmentedRaftLogWorker (SegmentedRaftLogWorker.java:startLogSegment(380)) - 3bc24b3e-dad3-45a8-baeb-b401d6578a0b@group-B4338AD123D6-SegmentedRaftLogWorker: Starting segment from index:0
2019-09-19 11:51:46,952 [3bc24b3e-dad3-45a8-baeb-b401d6578a0b@group-B4338AD123D6:LeaderElection104] INFO  impl.RaftServerImpl (ServerState.java:setRaftConf(354)) - 3bc24b3e-dad3-45a8-baeb-b401d6578a0b@group-B4338AD123D6: set configuration 0: [3bc24b3e-dad3-45a8-baeb-b401d6578a0b:192.168.151.78:35658, 52a59ef7-11d6-4b0c-b253-b79333fc9305:192.168.151.78:39843, ba625d97-38b5-4f51-8c09-71f1ab2b77c9:192.168.151.78:43821], old=null at 0
2019-09-19 11:51:46,954 [grpc-default-executor-8] INFO  impl.RaftServerImpl (ServerState.java:setLeader(253)) - 52a59ef7-11d6-4b0c-b253-b79333fc9305@group-B4338AD123D6: change Leader from null to 3bc24b3e-dad3-45a8-baeb-b401d6578a0b at term 1 for appendEntries, leader elected after 5194ms
2019-09-19 11:51:47,000 [grpc-default-executor-12] INFO  impl.RaftServerImpl (ServerState.java:setLeader(253)) - ba625d97-38b5-4f51-8c09-71f1ab2b77c9@group-B4338AD123D6: change Leader from null to 3bc24b3e-dad3-45a8-baeb-b401d6578a0b at term 1 for appendEntries, leader elected after 5241ms
2019-09-19 11:51:47,004 [grpc-default-executor-12] INFO  impl.RaftServerImpl (ServerState.java:setRaftConf(354)) - ba625d97-38b5-4f51-8c09-71f1ab2b77c9@group-B4338AD123D6: set configuration 0: [3bc24b3e-dad3-45a8-baeb-b401d6578a0b:192.168.151.78:35658, 52a59ef7-11d6-4b0c-b253-b79333fc9305:192.168.151.78:39843, ba625d97-38b5-4f51-8c09-71f1ab2b77c9:192.168.151.78:43821], old=null at 0
2019-09-19 11:51:47,005 [grpc-default-executor-8] INFO  impl.RaftServerImpl (ServerState.java:setRaftConf(354)) - 52a59ef7-11d6-4b0c-b253-b79333fc9305@group-B4338AD123D6: set configuration 0: [3bc24b3e-dad3-45a8-baeb-b401d6578a0b:192.168.151.78:35658, 52a59ef7-11d6-4b0c-b253-b79333fc9305:192.168.151.78:39843, ba625d97-38b5-4f51-8c09-71f1ab2b77c9:192.168.151.78:43821], old=null at 0
2019-09-19 11:51:47,005 [grpc-default-executor-12] INFO  segmented.SegmentedRaftLogWorker (SegmentedRaftLogWorker.java:startLogSegment(380)) - ba625d97-38b5-4f51-8c09-71f1ab2b77c9@group-B4338AD123D6-SegmentedRaftLogWorker: Starting segment from index:0
2019-09-19 11:51:47,005 [grpc-default-executor-8] INFO  segmented.SegmentedRaftLogWorker (SegmentedRaftLogWorker.java:startLogSegment(380)) - 52a59ef7-11d6-4b0c-b253-b79333fc9305@group-B4338AD123D6-SegmentedRaftLogWorker: Starting segment from index:0
2019-09-19 11:51:47,013 [3bc24b3e-dad3-45a8-baeb-b401d6578a0b@group-B4338AD123D6-SegmentedRaftLogWorker] INFO  segmented.SegmentedRaftLogWorker (SegmentedRaftLogWorker.java:execute(569)) - 3bc24b3e-dad3-45a8-baeb-b401d6578a0b@group-B4338AD123D6-SegmentedRaftLogWorker: created new log segment /workdir/hadoop-ozone/integration-test/target/test-dir/MiniOzoneClusterImpl-126efc8e-5eb3-4c27-bad9-6042ca060f46/datanode-6/data/ratis/77781970-e03d-4c63-b888-b4338ad123d6/current/log_inprogress_0
2019-09-19 11:51:47,062 [ba625d97-38b5-4f51-8c09-71f1ab2b77c9@group-B4338AD123D6-SegmentedRaftLogWorker] INFO  segmented.SegmentedRaftLogWorker (SegmentedRaftLogWorker.java:execute(569)) - ba625d97-38b5-4f51-8c09-71f1ab2b77c9@group-B4338AD123D6-SegmentedRaftLogWorker: created new log segment /workdir/hadoop-ozone/integration-test/target/test-dir/MiniOzoneClusterImpl-126efc8e-5eb3-4c27-bad9-6042ca060f46/datanode-4/data/ratis/77781970-e03d-4c63-b888-b4338ad123d6/current/log_inprogress_0
2019-09-19 11:51:47,062 [52a59ef7-11d6-4b0c-b253-b79333fc9305@group-B4338AD123D6-SegmentedRaftLogWorker] INFO  segmented.SegmentedRaftLogWorker (SegmentedRaftLogWorker.java:execute(569)) - 52a59ef7-11d6-4b0c-b253-b79333fc9305@group-B4338AD123D6-SegmentedRaftLogWorker: created new log segment /workdir/hadoop-ozone/integration-test/target/test-dir/MiniOzoneClusterImpl-126efc8e-5eb3-4c27-bad9-6042ca060f46/datanode-5/data/ratis/77781970-e03d-4c63-b888-b4338ad123d6/current/log_inprogress_0
2019-09-19 11:51:47,832 [grpc-default-executor-8] INFO  client.GrpcClientProtocolClient (GrpcClientProtocolClient.java:onNext(264)) - client-3B0D3847D49E->acdd24dc-6b6a-4c69-bdab-a73dc16818ad: receive RaftClientReply:client-3B0D3847D49E->acdd24dc-6b6a-4c69-bdab-a73dc16818ad@group-EEC4484BB289, cid=103, FAILED org.apache.ratis.protocol.NotLeaderException: Server acdd24dc-6b6a-4c69-bdab-a73dc16818ad@group-EEC4484BB289 is not the leader, logIndex=0, commits[acdd24dc-6b6a-4c69-bdab-a73dc16818ad:c-1]
2019-09-19 11:51:48,850 [grpc-default-executor-12] INFO  client.GrpcClientProtocolClient (GrpcClientProtocolClient.java:onNext(264)) - client-3B0D3847D49E->1643b03f-9d01-4fe3-9afd-4f864af59477: receive RaftClientReply:client-3B0D3847D49E->1643b03f-9d01-4fe3-9afd-4f864af59477@group-EEC4484BB289, cid=103, FAILED org.apache.ratis.protocol.NotLeaderException: Server 1643b03f-9d01-4fe3-9afd-4f864af59477@group-EEC4484BB289 is not the leader, logIndex=0, commits[1643b03f-9d01-4fe3-9afd-4f864af59477:c-1]
2019-09-19 11:51:49,872 [grpc-default-executor-12] INFO  client.GrpcClientProtocolClient (GrpcClientProtocolClient.java:onNext(264)) - client-3B0D3847D49E->82dbb8ec-d38a-4326-bfd9-84ce9cea2120: receive RaftClientReply:client-3B0D3847D49E->82dbb8ec-d38a-4326-bfd9-84ce9cea2120@group-EEC4484BB289, cid=103, FAILED org.apache.ratis.protocol.NotLeaderException: Server 82dbb8ec-d38a-4326-bfd9-84ce9cea2120@group-EEC4484BB289 is not the leader, logIndex=0, commits[82dbb8ec-d38a-4326-bfd9-84ce9cea2120:c-1]
2019-09-19 11:51:50,890 [grpc-default-executor-8] INFO  client.GrpcClientProtocolClient (GrpcClientProtocolClient.java:onNext(264)) - client-3B0D3847D49E->1643b03f-9d01-4fe3-9afd-4f864af59477: receive RaftClientReply:client-3B0D3847D49E->1643b03f-9d01-4fe3-9afd-4f864af59477@group-EEC4484BB289, cid=103, FAILED org.apache.ratis.protocol.NotLeaderException: Server 1643b03f-9d01-4fe3-9afd-4f864af59477@group-EEC4484BB289 is not the leader, logIndex=0, commits[1643b03f-9d01-4fe3-9afd-4f864af59477:c-1]
2019-09-19 11:51:51,792 [Thread-2406] INFO  impl.FollowerState (FollowerState.java:run(106)) - 82dbb8ec-d38a-4326-bfd9-84ce9cea2120:group-EEC4484BB289 changes to CANDIDATE, lastRpcTime:5030, electionTimeout:5029ms
2019-09-19 11:51:51,792 [Thread-2406] INFO  impl.RoleInfo (RoleInfo.java:shutdownFollowerState(121)) - 82dbb8ec-d38a-4326-bfd9-84ce9cea2120: shutdown FollowerState
2019-09-19 11:51:51,792 [Thread-2406] INFO  impl.RaftServerImpl (RaftServerImpl.java:setRole(174)) - 82dbb8ec-d38a-4326-bfd9-84ce9cea2120@group-EEC4484BB289: changes role from  FOLLOWER to CANDIDATE at term 1 for changeToCandidate
2019-09-19 11:51:51,792 [Thread-2406] INFO  impl.RoleInfo (RoleInfo.java:updateAndGet(143)) - 82dbb8ec-d38a-4326-bfd9-84ce9cea2120: start LeaderElection
2019-09-19 11:51:51,908 [grpc-default-executor-8] INFO  client.GrpcClientProtocolClient (GrpcClientProtocolClient.java:onNext(264)) - client-3B0D3847D49E->82dbb8ec-d38a-4326-bfd9-84ce9cea2120: receive RaftClientReply:client-3B0D3847D49E->82dbb8ec-d38a-4326-bfd9-84ce9cea2120@group-EEC4484BB289, cid=103, FAILED org.apache.ratis.protocol.NotLeaderException: Server 82dbb8ec-d38a-4326-bfd9-84ce9cea2120@group-EEC4484BB289 is not the leader, logIndex=0, commits[82dbb8ec-d38a-4326-bfd9-84ce9cea2120:c-1]
2019-09-19 11:51:51,923 [Thread-2404] INFO  impl.FollowerState (FollowerState.java:run(106)) - 1643b03f-9d01-4fe3-9afd-4f864af59477:group-EEC4484BB289 changes to CANDIDATE, lastRpcTime:5164, electionTimeout:5164ms
2019-09-19 11:51:51,923 [Thread-2404] INFO  impl.RoleInfo (RoleInfo.java:shutdownFollowerState(121)) - 1643b03f-9d01-4fe3-9afd-4f864af59477: shutdown FollowerState
2019-09-19 11:51:51,923 [Thread-2404] INFO  impl.RaftServerImpl (RaftServerImpl.java:setRole(174)) - 1643b03f-9d01-4fe3-9afd-4f864af59477@group-EEC4484BB289: changes role from  FOLLOWER to CANDIDATE at term 1 for changeToCandidate
2019-09-19 11:51:51,923 [Thread-2404] INFO  impl.RoleInfo (RoleInfo.java:updateAndGet(143)) - 1643b03f-9d01-4fe3-9afd-4f864af59477: start LeaderElection
2019-09-19 11:51:51,934 [Thread-2405] INFO  impl.FollowerState (FollowerState.java:run(106)) - acdd24dc-6b6a-4c69-bdab-a73dc16818ad:group-EEC4484BB289 changes to CANDIDATE, lastRpcTime:5173, electionTimeout:5173ms
2019-09-19 11:51:51,934 [Thread-2405] INFO  impl.RoleInfo (RoleInfo.java:shutdownFollowerState(121)) - acdd24dc-6b6a-4c69-bdab-a73dc16818ad: shutdown FollowerState
2019-09-19 11:51:51,934 [Thread-2405] INFO  impl.RaftServerImpl (RaftServerImpl.java:setRole(174)) - acdd24dc-6b6a-4c69-bdab-a73dc16818ad@group-EEC4484BB289: changes role from  FOLLOWER to CANDIDATE at term 1 for changeToCandidate
2019-09-19 11:51:51,935 [Thread-2405] INFO  impl.RoleInfo (RoleInfo.java:updateAndGet(143)) - acdd24dc-6b6a-4c69-bdab-a73dc16818ad: start LeaderElection
2019-09-19 11:51:52,792 [acdd24dc-6b6a-4c69-bdab-a73dc16818ad@group-EEC4484BB289:LeaderElection107] INFO  impl.LeaderElection (LeaderElection.java:askForVotes(182)) - acdd24dc-6b6a-4c69-bdab-a73dc16818ad@group-EEC4484BB289:LeaderElection107: begin an election at term 2 for -1: [acdd24dc-6b6a-4c69-bdab-a73dc16818ad:192.168.151.78:34281, 1643b03f-9d01-4fe3-9afd-4f864af59477:192.168.151.78:33659, 82dbb8ec-d38a-4326-bfd9-84ce9cea2120:192.168.151.78:41779], old=null
2019-09-19 11:51:52,792 [1643b03f-9d01-4fe3-9afd-4f864af59477@group-EEC4484BB289:LeaderElection106] INFO  impl.LeaderElection (LeaderElection.java:askForVotes(182)) - 1643b03f-9d01-4fe3-9afd-4f864af59477@group-EEC4484BB289:LeaderElection106: begin an election at term 2 for -1: [acdd24dc-6b6a-4c69-bdab-a73dc16818ad:192.168.151.78:34281, 1643b03f-9d01-4fe3-9afd-4f864af59477:192.168.151.78:33659, 82dbb8ec-d38a-4326-bfd9-84ce9cea2120:192.168.151.78:41779], old=null
2019-09-19 11:51:52,792 [82dbb8ec-d38a-4326-bfd9-84ce9cea2120@group-EEC4484BB289:LeaderElection105] INFO  impl.LeaderElection (LeaderElection.java:askForVotes(182)) - 82dbb8ec-d38a-4326-bfd9-84ce9cea2120@group-EEC4484BB289:LeaderElection105: begin an election at term 2 for -1: [acdd24dc-6b6a-4c69-bdab-a73dc16818ad:192.168.151.78:34281, 1643b03f-9d01-4fe3-9afd-4f864af59477:192.168.151.78:33659, 82dbb8ec-d38a-4326-bfd9-84ce9cea2120:192.168.151.78:41779], old=null
2019-09-19 11:51:52,796 [82dbb8ec-d38a-4326-bfd9-84ce9cea2120@group-EEC4484BB289:LeaderElection105] INFO  impl.LeaderElection (LeaderElection.java:logAndReturn(56)) - 82dbb8ec-d38a-4326-bfd9-84ce9cea2120@group-EEC4484BB289:LeaderElection105: Election REJECTED; received 2 response(s) [82dbb8ec-d38a-4326-bfd9-84ce9cea2120<-acdd24dc-6b6a-4c69-bdab-a73dc16818ad#0:FAIL-t2, 82dbb8ec-d38a-4326-bfd9-84ce9cea2120<-1643b03f-9d01-4fe3-9afd-4f864af59477#0:FAIL-t2] and 0 exception(s); 82dbb8ec-d38a-4326-bfd9-84ce9cea2120@group-EEC4484BB289:t2, leader=null, voted=82dbb8ec-d38a-4326-bfd9-84ce9cea2120, raftlog=82dbb8ec-d38a-4326-bfd9-84ce9cea2120@group-EEC4484BB289-SegmentedRaftLog:OPENED:c-1,f-1,i0, conf=-1: [acdd24dc-6b6a-4c69-bdab-a73dc16818ad:192.168.151.78:34281, 1643b03f-9d01-4fe3-9afd-4f864af59477:192.168.151.78:33659, 82dbb8ec-d38a-4326-bfd9-84ce9cea2120:192.168.151.78:41779], old=null
2019-09-19 11:51:52,796 [1643b03f-9d01-4fe3-9afd-4f864af59477@group-EEC4484BB289:LeaderElection106] INFO  impl.LeaderElection (LeaderElection.java:logAndReturn(56)) - 1643b03f-9d01-4fe3-9afd-4f864af59477@group-EEC4484BB289:LeaderElection106: Election REJECTED; received 2 response(s) [1643b03f-9d01-4fe3-9afd-4f864af59477<-acdd24dc-6b6a-4c69-bdab-a73dc16818ad#0:FAIL-t2, 1643b03f-9d01-4fe3-9afd-4f864af59477<-82dbb8ec-d38a-4326-bfd9-84ce9cea2120#0:FAIL-t2] and 0 exception(s); 1643b03f-9d01-4fe3-9afd-4f864af59477@group-EEC4484BB289:t2, leader=null, voted=1643b03f-9d01-4fe3-9afd-4f864af59477, raftlog=1643b03f-9d01-4fe3-9afd-4f864af59477@group-EEC4484BB289-SegmentedRaftLog:OPENED:c-1,f-1,i0, conf=-1: [acdd24dc-6b6a-4c69-bdab-a73dc16818ad:192.168.151.78:34281, 1643b03f-9d01-4fe3-9afd-4f864af59477:192.168.151.78:33659, 82dbb8ec-d38a-4326-bfd9-84ce9cea2120:192.168.151.78:41779], old=null
2019-09-19 11:51:52,796 [82dbb8ec-d38a-4326-bfd9-84ce9cea2120@group-EEC4484BB289:LeaderElection105] INFO  impl.RaftServerImpl (RaftServerImpl.java:setRole(174)) - 82dbb8ec-d38a-4326-bfd9-84ce9cea2120@group-EEC4484BB289: changes role from CANDIDATE to FOLLOWER at term 2 for DISCOVERED_A_NEW_TERM
2019-09-19 11:51:52,797 [1643b03f-9d01-4fe3-9afd-4f864af59477@group-EEC4484BB289:LeaderElection106] INFO  impl.RaftServerImpl (RaftServerImpl.java:setRole(174)) - 1643b03f-9d01-4fe3-9afd-4f864af59477@group-EEC4484BB289: changes role from CANDIDATE to FOLLOWER at term 2 for DISCOVERED_A_NEW_TERM
2019-09-19 11:51:52,797 [82dbb8ec-d38a-4326-bfd9-84ce9cea2120@group-EEC4484BB289:LeaderElection105] INFO  impl.RoleInfo (RoleInfo.java:shutdownLeaderElection(134)) - 82dbb8ec-d38a-4326-bfd9-84ce9cea2120: shutdown LeaderElection
2019-09-19 11:51:52,797 [1643b03f-9d01-4fe3-9afd-4f864af59477@group-EEC4484BB289:LeaderElection106] INFO  impl.RoleInfo (RoleInfo.java:shutdownLeaderElection(134)) - 1643b03f-9d01-4fe3-9afd-4f864af59477: shutdown LeaderElection
2019-09-19 11:51:52,797 [82dbb8ec-d38a-4326-bfd9-84ce9cea2120@group-EEC4484BB289:LeaderElection105] INFO  impl.RoleInfo (RoleInfo.java:updateAndGet(143)) - 82dbb8ec-d38a-4326-bfd9-84ce9cea2120: start FollowerState
2019-09-19 11:51:52,797 [1643b03f-9d01-4fe3-9afd-4f864af59477@group-EEC4484BB289:LeaderElection106] INFO  impl.RoleInfo (RoleInfo.java:updateAndGet(143)) - 1643b03f-9d01-4fe3-9afd-4f864af59477: start FollowerState
2019-09-19 11:51:52,799 [acdd24dc-6b6a-4c69-bdab-a73dc16818ad@group-EEC4484BB289:LeaderElection107] INFO  impl.LeaderElection (LeaderElection.java:logAndReturn(56)) - acdd24dc-6b6a-4c69-bdab-a73dc16818ad@group-EEC4484BB289:LeaderElection107: Election REJECTED; received 2 response(s) [acdd24dc-6b6a-4c69-bdab-a73dc16818ad<-1643b03f-9d01-4fe3-9afd-4f864af59477#0:FAIL-t2, acdd24dc-6b6a-4c69-bdab-a73dc16818ad<-82dbb8ec-d38a-4326-bfd9-84ce9cea2120#0:FAIL-t2] and 0 exception(s); acdd24dc-6b6a-4c69-bdab-a73dc16818ad@group-EEC4484BB289:t2, leader=null, voted=acdd24dc-6b6a-4c69-bdab-a73dc16818ad, raftlog=acdd24dc-6b6a-4c69-bdab-a73dc16818ad@group-EEC4484BB289-SegmentedRaftLog:OPENED:c-1,f-1,i0, conf=-1: [acdd24dc-6b6a-4c69-bdab-a73dc16818ad:192.168.151.78:34281, 1643b03f-9d01-4fe3-9afd-4f864af59477:192.168.151.78:33659, 82dbb8ec-d38a-4326-bfd9-84ce9cea2120:192.168.151.78:41779], old=null
2019-09-19 11:51:52,799 [acdd24dc-6b6a-4c69-bdab-a73dc16818ad@group-EEC4484BB289:LeaderElection107] INFO  impl.RaftServerImpl (RaftServerImpl.java:setRole(174)) - acdd24dc-6b6a-4c69-bdab-a73dc16818ad@group-EEC4484BB289: changes role from CANDIDATE to FOLLOWER at term 2 for DISCOVERED_A_NEW_TERM
2019-09-19 11:51:52,799 [acdd24dc-6b6a-4c69-bdab-a73dc16818ad@group-EEC4484BB289:LeaderElection107] INFO  impl.RoleInfo (RoleInfo.java:shutdownLeaderElection(134)) - acdd24dc-6b6a-4c69-bdab-a73dc16818ad: shutdown LeaderElection
2019-09-19 11:51:52,799 [acdd24dc-6b6a-4c69-bdab-a73dc16818ad@group-EEC4484BB289:LeaderElection107] INFO  impl.RoleInfo (RoleInfo.java:updateAndGet(143)) - acdd24dc-6b6a-4c69-bdab-a73dc16818ad: start FollowerState
2019-09-19 11:51:52,925 [grpc-default-executor-8] INFO  client.GrpcClientProtocolClient (GrpcClientProtocolClient.java:onNext(264)) - client-3B0D3847D49E->1643b03f-9d01-4fe3-9afd-4f864af59477: receive RaftClientReply:client-3B0D3847D49E->1643b03f-9d01-4fe3-9afd-4f864af59477@group-EEC4484BB289, cid=103, FAILED org.apache.ratis.protocol.NotLeaderException: Server 1643b03f-9d01-4fe3-9afd-4f864af59477@group-EEC4484BB289 is not the leader, logIndex=0, commits[1643b03f-9d01-4fe3-9afd-4f864af59477:c-1]
2019-09-19 11:51:53,939 [grpc-default-executor-8] INFO  client.GrpcClientProtocolClient (GrpcClientProtocolClient.java:onNext(264)) - client-3B0D3847D49E->acdd24dc-6b6a-4c69-bdab-a73dc16818ad: receive RaftClientReply:client-3B0D3847D49E->acdd24dc-6b6a-4c69-bdab-a73dc16818ad@group-EEC4484BB289, cid=103, FAILED org.apache.ratis.protocol.NotLeaderException: Server acdd24dc-6b6a-4c69-bdab-a73dc16818ad@group-EEC4484BB289 is not the leader, logIndex=0, commits[acdd24dc-6b6a-4c69-bdab-a73dc16818ad:c-1]
2019-09-19 11:51:54,962 [grpc-default-executor-8] INFO  client.GrpcClientProtocolClient (GrpcClientProtocolClient.java:onNext(264)) - client-3B0D3847D49E->1643b03f-9d01-4fe3-9afd-4f864af59477: receive RaftClientReply:client-3B0D3847D49E->1643b03f-9d01-4fe3-9afd-4f864af59477@group-EEC4484BB289, cid=103, FAILED org.apache.ratis.protocol.NotLeaderException: Server 1643b03f-9d01-4fe3-9afd-4f864af59477@group-EEC4484BB289 is not the leader, logIndex=0, commits[1643b03f-9d01-4fe3-9afd-4f864af59477:c-1]
2019-09-19 11:51:55,978 [grpc-default-executor-8] INFO  client.GrpcClientProtocolClient (GrpcClientProtocolClient.java:onNext(264)) - client-3B0D3847D49E->82dbb8ec-d38a-4326-bfd9-84ce9cea2120: receive RaftClientReply:client-3B0D3847D49E->82dbb8ec-d38a-4326-bfd9-84ce9cea2120@group-EEC4484BB289, cid=103, FAILED org.apache.ratis.protocol.NotLeaderException: Server 82dbb8ec-d38a-4326-bfd9-84ce9cea2120@group-EEC4484BB289 is not the leader, logIndex=0, commits[82dbb8ec-d38a-4326-bfd9-84ce9cea2120:c-1]
2019-09-19 11:51:56,995 [grpc-default-executor-4] INFO  client.GrpcClientProtocolClient (GrpcClientProtocolClient.java:onNext(264)) - client-3B0D3847D49E->acdd24dc-6b6a-4c69-bdab-a73dc16818ad: receive RaftClientReply:client-3B0D3847D49E->acdd24dc-6b6a-4c69-bdab-a73dc16818ad@group-EEC4484BB289, cid=103, FAILED org.apache.ratis.protocol.NotLeaderException: Server acdd24dc-6b6a-4c69-bdab-a73dc16818ad@group-EEC4484BB289 is not the leader, logIndex=0, commits[acdd24dc-6b6a-4c69-bdab-a73dc16818ad:c-1]
2019-09-19 11:51:57,809 [Thread-2453] INFO  impl.FollowerState (FollowerState.java:run(106)) - acdd24dc-6b6a-4c69-bdab-a73dc16818ad:group-EEC4484BB289 changes to CANDIDATE, lastRpcTime:5009, electionTimeout:5009ms
2019-09-19 11:51:57,809 [Thread-2453] INFO  impl.RoleInfo (RoleInfo.java:shutdownFollowerState(121)) - acdd24dc-6b6a-4c69-bdab-a73dc16818ad: shutdown FollowerState
2019-09-19 11:51:57,809 [Thread-2453] INFO  impl.RaftServerImpl (RaftServerImpl.java:setRole(174)) - acdd24dc-6b6a-4c69-bdab-a73dc16818ad@group-EEC4484BB289: changes role from  FOLLOWER to CANDIDATE at term 2 for changeToCandidate
2019-09-19 11:51:57,810 [Thread-2453] INFO  impl.RoleInfo (RoleInfo.java:updateAndGet(143)) - acdd24dc-6b6a-4c69-bdab-a73dc16818ad: start LeaderElection
2019-09-19 11:51:57,858 [Thread-2452] INFO  impl.FollowerState (FollowerState.java:run(106)) - 1643b03f-9d01-4fe3-9afd-4f864af59477:group-EEC4484BB289 changes to CANDIDATE, lastRpcTime:5060, electionTimeout:5060ms
2019-09-19 11:51:57,858 [Thread-2452] INFO  impl.RoleInfo (RoleInfo.java:shutdownFollowerState(121)) - 1643b03f-9d01-4fe3-9afd-4f864af59477: shutdown FollowerState
2019-09-19 11:51:57,858 [Thread-2452] INFO  impl.RaftServerImpl (RaftServerImpl.java:setRole(174)) - 1643b03f-9d01-4fe3-9afd-4f864af59477@group-EEC4484BB289: changes role from  FOLLOWER to CANDIDATE at term 2 for changeToCandidate
2019-09-19 11:51:57,859 [Thread-2452] INFO  impl.RoleInfo (RoleInfo.java:updateAndGet(143)) - 1643b03f-9d01-4fe3-9afd-4f864af59477: start LeaderElection
2019-09-19 11:51:57,961 [Thread-2451] INFO  impl.FollowerState (FollowerState.java:run(106)) - 82dbb8ec-d38a-4326-bfd9-84ce9cea2120:group-EEC4484BB289 changes to CANDIDATE, lastRpcTime:5163, electionTimeout:5163ms
2019-09-19 11:51:57,961 [Thread-2451] INFO  impl.RoleInfo (RoleInfo.java:shutdownFollowerState(121)) - 82dbb8ec-d38a-4326-bfd9-84ce9cea2120: shutdown FollowerState
2019-09-19 11:51:57,961 [Thread-2451] INFO  impl.RaftServerImpl (RaftServerImpl.java:setRole(174)) - 82dbb8ec-d38a-4326-bfd9-84ce9cea2120@group-EEC4484BB289: changes role from  FOLLOWER to CANDIDATE at term 2 for changeToCandidate
2019-09-19 11:51:57,962 [Thread-2451] INFO  impl.RoleInfo (RoleInfo.java:updateAndGet(143)) - 82dbb8ec-d38a-4326-bfd9-84ce9cea2120: start LeaderElection
2019-09-19 11:51:58,015 [grpc-default-executor-8] INFO  client.GrpcClientProtocolClient (GrpcClientProtocolClient.java:onNext(264)) - client-3B0D3847D49E->82dbb8ec-d38a-4326-bfd9-84ce9cea2120: receive RaftClientReply:client-3B0D3847D49E->82dbb8ec-d38a-4326-bfd9-84ce9cea2120@group-EEC4484BB289, cid=103, FAILED org.apache.ratis.protocol.NotLeaderException: Server 82dbb8ec-d38a-4326-bfd9-84ce9cea2120@group-EEC4484BB289 is not the leader, logIndex=0, commits[82dbb8ec-d38a-4326-bfd9-84ce9cea2120:c-1]
2019-09-19 11:51:58,684 [1643b03f-9d01-4fe3-9afd-4f864af59477@group-EEC4484BB289:LeaderElection109] INFO  impl.LeaderElection (LeaderElection.java:askForVotes(182)) - 1643b03f-9d01-4fe3-9afd-4f864af59477@group-EEC4484BB289:LeaderElection109: begin an election at term 3 for -1: [acdd24dc-6b6a-4c69-bdab-a73dc16818ad:192.168.151.78:34281, 1643b03f-9d01-4fe3-9afd-4f864af59477:192.168.151.78:33659, 82dbb8ec-d38a-4326-bfd9-84ce9cea2120:192.168.151.78:41779], old=null
2019-09-19 11:51:58,684 [82dbb8ec-d38a-4326-bfd9-84ce9cea2120@group-EEC4484BB289:LeaderElection110] INFO  impl.LeaderElection (LeaderElection.java:askForVotes(182)) - 82dbb8ec-d38a-4326-bfd9-84ce9cea2120@group-EEC4484BB289:LeaderElection110: begin an election at term 3 for -1: [acdd24dc-6b6a-4c69-bdab-a73dc16818ad:192.168.151.78:34281, 1643b03f-9d01-4fe3-9afd-4f864af59477:192.168.151.78:33659, 82dbb8ec-d38a-4326-bfd9-84ce9cea2120:192.168.151.78:41779], old=null
2019-09-19 11:51:58,684 [acdd24dc-6b6a-4c69-bdab-a73dc16818ad@group-EEC4484BB289:LeaderElection108] INFO  impl.LeaderElection (LeaderElection.java:askForVotes(182)) - acdd24dc-6b6a-4c69-bdab-a73dc16818ad@group-EEC4484BB289:LeaderElection108: begin an election at term 3 for -1: [acdd24dc-6b6a-4c69-bdab-a73dc16818ad:192.168.151.78:34281, 1643b03f-9d01-4fe3-9afd-4f864af59477:192.168.151.78:33659, 82dbb8ec-d38a-4326-bfd9-84ce9cea2120:192.168.151.78:41779], old=null
2019-09-19 11:51:58,690 [acdd24dc-6b6a-4c69-bdab-a73dc16818ad@group-EEC4484BB289:LeaderElection108] INFO  impl.LeaderElection (LeaderElection.java:logAndReturn(56)) - acdd24dc-6b6a-4c69-bdab-a73dc16818ad@group-EEC4484BB289:LeaderElection108: Election REJECTED; received 2 response(s) [acdd24dc-6b6a-4c69-bdab-a73dc16818ad<-1643b03f-9d01-4fe3-9afd-4f864af59477#0:FAIL-t3, acdd24dc-6b6a-4c69-bdab-a73dc16818ad<-82dbb8ec-d38a-4326-bfd9-84ce9cea2120#0:FAIL-t3] and 0 exception(s); acdd24dc-6b6a-4c69-bdab-a73dc16818ad@group-EEC4484BB289:t3, leader=null, voted=acdd24dc-6b6a-4c69-bdab-a73dc16818ad, raftlog=acdd24dc-6b6a-4c69-bdab-a73dc16818ad@group-EEC4484BB289-SegmentedRaftLog:OPENED:c-1,f-1,i0, conf=-1: [acdd24dc-6b6a-4c69-bdab-a73dc16818ad:192.168.151.78:34281, 1643b03f-9d01-4fe3-9afd-4f864af59477:192.168.151.78:33659, 82dbb8ec-d38a-4326-bfd9-84ce9cea2120:192.168.151.78:41779], old=null
2019-09-19 11:51:58,690 [acdd24dc-6b6a-4c69-bdab-a73dc16818ad@group-EEC4484BB289:LeaderElection108] INFO  impl.RaftServerImpl (RaftServerImpl.java:setRole(174)) - acdd24dc-6b6a-4c69-bdab-a73dc16818ad@group-EEC4484BB289: changes role from CANDIDATE to FOLLOWER at term 3 for DISCOVERED_A_NEW_TERM
2019-09-19 11:51:58,690 [acdd24dc-6b6a-4c69-bdab-a73dc16818ad@group-EEC4484BB289:LeaderElection108] INFO  impl.RoleInfo (RoleInfo.java:shutdownLeaderElection(134)) - acdd24dc-6b6a-4c69-bdab-a73dc16818ad: shutdown LeaderElection
2019-09-19 11:51:58,690 [acdd24dc-6b6a-4c69-bdab-a73dc16818ad@group-EEC4484BB289:LeaderElection108] INFO  impl.RoleInfo (RoleInfo.java:updateAndGet(143)) - acdd24dc-6b6a-4c69-bdab-a73dc16818ad: start FollowerState
2019-09-19 11:51:58,690 [1643b03f-9d01-4fe3-9afd-4f864af59477@group-EEC4484BB289:LeaderElection109] INFO  impl.LeaderElection (LeaderElection.java:logAndReturn(56)) - 1643b03f-9d01-4fe3-9afd-4f864af59477@group-EEC4484BB289:LeaderElection109: Election REJECTED; received 2 response(s) [1643b03f-9d01-4fe3-9afd-4f864af59477<-acdd24dc-6b6a-4c69-bdab-a73dc16818ad#0:FAIL-t3, 1643b03f-9d01-4fe3-9afd-4f864af59477<-82dbb8ec-d38a-4326-bfd9-84ce9cea2120#0:FAIL-t3] and 0 exception(s); 1643b03f-9d01-4fe3-9afd-4f864af59477@group-EEC4484BB289:t3, leader=null, voted=1643b03f-9d01-4fe3-9afd-4f864af59477, raftlog=1643b03f-9d01-4fe3-9afd-4f864af59477@group-EEC4484BB289-SegmentedRaftLog:OPENED:c-1,f-1,i0, conf=-1: [acdd24dc-6b6a-4c69-bdab-a73dc16818ad:192.168.151.78:34281, 1643b03f-9d01-4fe3-9afd-4f864af59477:192.168.151.78:33659, 82dbb8ec-d38a-4326-bfd9-84ce9cea2120:192.168.151.78:41779], old=null
2019-09-19 11:51:58,691 [1643b03f-9d01-4fe3-9afd-4f864af59477@group-EEC4484BB289:LeaderElection109] INFO  impl.RaftServerImpl (RaftServerImpl.java:setRole(174)) - 1643b03f-9d01-4fe3-9afd-4f864af59477@group-EEC4484BB289: changes role from CANDIDATE to FOLLOWER at term 3 for DISCOVERED_A_NEW_TERM
2019-09-19 11:51:58,691 [1643b03f-9d01-4fe3-9afd-4f864af59477@group-EEC4484BB289:LeaderElection109] INFO  impl.RoleInfo (RoleInfo.java:shutdownLeaderElection(134)) - 1643b03f-9d01-4fe3-9afd-4f864af59477: shutdown LeaderElection
2019-09-19 11:51:58,691 [1643b03f-9d01-4fe3-9afd-4f864af59477@group-EEC4484BB289:LeaderElection109] INFO  impl.RoleInfo (RoleInfo.java:updateAndGet(143)) - 1643b03f-9d01-4fe3-9afd-4f864af59477: start FollowerState
2019-09-19 11:51:58,691 [82dbb8ec-d38a-4326-bfd9-84ce9cea2120@group-EEC4484BB289:LeaderElection110] INFO  impl.LeaderElection (LeaderElection.java:logAndReturn(56)) - 82dbb8ec-d38a-4326-bfd9-84ce9cea2120@group-EEC4484BB289:LeaderElection110: Election REJECTED; received 2 response(s) [82dbb8ec-d38a-4326-bfd9-84ce9cea2120<-acdd24dc-6b6a-4c69-bdab-a73dc16818ad#0:FAIL-t3, 82dbb8ec-d38a-4326-bfd9-84ce9cea2120<-1643b03f-9d01-4fe3-9afd-4f864af59477#0:FAIL-t3] and 0 exception(s); 82dbb8ec-d38a-4326-bfd9-84ce9cea2120@group-EEC4484BB289:t3, leader=null, voted=82dbb8ec-d38a-4326-bfd9-84ce9cea2120, raftlog=82dbb8ec-d38a-4326-bfd9-84ce9cea2120@group-EEC4484BB289-SegmentedRaftLog:OPENED:c-1,f-1,i0, conf=-1: [acdd24dc-6b6a-4c69-bdab-a73dc16818ad:192.168.151.78:34281, 1643b03f-9d01-4fe3-9afd-4f864af59477:192.168.151.78:33659, 82dbb8ec-d38a-4326-bfd9-84ce9cea2120:192.168.151.78:41779], old=null
2019-09-19 11:51:58,691 [82dbb8ec-d38a-4326-bfd9-84ce9cea2120@group-EEC4484BB289:LeaderElection110] INFO  impl.RaftServerImpl (RaftServerImpl.java:setRole(174)) - 82dbb8ec-d38a-4326-bfd9-84ce9cea2120@group-EEC4484BB289: changes role from CANDIDATE to FOLLOWER at term 3 for DISCOVERED_A_NEW_TERM
2019-09-19 11:51:58,692 [82dbb8ec-d38a-4326-bfd9-84ce9cea2120@group-EEC4484BB289:LeaderElection110] INFO  impl.RoleInfo (RoleInfo.java:shutdownLeaderElection(134)) - 82dbb8ec-d38a-4326-bfd9-84ce9cea2120: shutdown LeaderElection
2019-09-19 11:51:58,692 [82dbb8ec-d38a-4326-bfd9-84ce9cea2120@group-EEC4484BB289:LeaderElection110] INFO  impl.RoleInfo (RoleInfo.java:updateAndGet(143)) - 82dbb8ec-d38a-4326-bfd9-84ce9cea2120: start FollowerState
2019-09-19 11:51:59,032 [grpc-default-executor-2] INFO  client.GrpcClientProtocolClient (GrpcClientProtocolClient.java:onNext(264)) - client-3B0D3847D49E->acdd24dc-6b6a-4c69-bdab-a73dc16818ad: receive RaftClientReply:client-3B0D3847D49E->acdd24dc-6b6a-4c69-bdab-a73dc16818ad@group-EEC4484BB289, cid=103, FAILED org.apache.ratis.protocol.NotLeaderException: Server acdd24dc-6b6a-4c69-bdab-a73dc16818ad@group-EEC4484BB289 is not the leader, logIndex=0, commits[acdd24dc-6b6a-4c69-bdab-a73dc16818ad:c-1]
2019-09-19 11:52:00,051 [grpc-default-executor-2] INFO  client.GrpcClientProtocolClient (GrpcClientProtocolClient.java:onNext(264)) - client-3B0D3847D49E->1643b03f-9d01-4fe3-9afd-4f864af59477: receive RaftClientReply:client-3B0D3847D49E->1643b03f-9d01-4fe3-9afd-4f864af59477@group-EEC4484BB289, cid=103, FAILED org.apache.ratis.protocol.NotLeaderException: Server 1643b03f-9d01-4fe3-9afd-4f864af59477@group-EEC4484BB289 is not the leader, logIndex=0, commits[1643b03f-9d01-4fe3-9afd-4f864af59477:c-1]
2019-09-19 11:52:01,074 [grpc-default-executor-8] INFO  client.GrpcClientProtocolClient (GrpcClientProtocolClient.java:onNext(264)) - client-3B0D3847D49E->82dbb8ec-d38a-4326-bfd9-84ce9cea2120: receive RaftClientReply:client-3B0D3847D49E->82dbb8ec-d38a-4326-bfd9-84ce9cea2120@group-EEC4484BB289, cid=103, FAILED org.apache.ratis.protocol.NotLeaderException: Server 82dbb8ec-d38a-4326-bfd9-84ce9cea2120@group-EEC4484BB289 is not the leader, logIndex=0, commits[82dbb8ec-d38a-4326-bfd9-84ce9cea2120:c-1]
2019-09-19 11:52:02,106 [grpc-default-executor-2] INFO  client.GrpcClientProtocolClient (GrpcClientProtocolClient.java:onNext(264)) - client-3B0D3847D49E->1643b03f-9d01-4fe3-9afd-4f864af59477: receive RaftClientReply:client-3B0D3847D49E->1643b03f-9d01-4fe3-9afd-4f864af59477@group-EEC4484BB289, cid=103, FAILED org.apache.ratis.protocol.NotLeaderException: Server 1643b03f-9d01-4fe3-9afd-4f864af59477@group-EEC4484BB289 is not the leader, logIndex=0, commits[1643b03f-9d01-4fe3-9afd-4f864af59477:c-1]
]]></system-out>
    <system-err><![CDATA[Sep 19, 2019 11:51:41 AM org.apache.ratis.thirdparty.io.grpc.internal.ManagedChannelOrphanWrapper$ManagedChannelReference cleanQueue
SEVERE: *~*~*~ Channel ManagedChannelImpl{logId=822, target=192.168.151.78:37816} was not shutdown properly!!! ~*~*~*
    Make sure to call shutdown()/shutdownNow() and wait until awaitTermination() returns true.
java.lang.RuntimeException: ManagedChannel allocation site
	at org.apache.ratis.thirdparty.io.grpc.internal.ManagedChannelOrphanWrapper$ManagedChannelReference.<init>(ManagedChannelOrphanWrapper.java:103)
	at org.apache.ratis.thirdparty.io.grpc.internal.ManagedChannelOrphanWrapper.<init>(ManagedChannelOrphanWrapper.java:53)
	at org.apache.ratis.thirdparty.io.grpc.internal.ManagedChannelOrphanWrapper.<init>(ManagedChannelOrphanWrapper.java:44)
	at org.apache.ratis.thirdparty.io.grpc.internal.AbstractManagedChannelImplBuilder.build(AbstractManagedChannelImplBuilder.java:411)
	at org.apache.ratis.grpc.client.GrpcClientProtocolClient.<init>(GrpcClientProtocolClient.java:127)
	at org.apache.ratis.grpc.client.GrpcClientRpc.lambda$new$0(GrpcClientRpc.java:55)
	at org.apache.ratis.util.PeerProxyMap$PeerAndProxy.lambda$getProxy$0(PeerProxyMap.java:61)
	at org.apache.ratis.util.LifeCycle.startAndTransition(LifeCycle.java:202)
	at org.apache.ratis.util.PeerProxyMap$PeerAndProxy.getProxy(PeerProxyMap.java:60)
	at org.apache.ratis.util.PeerProxyMap.getProxy(PeerProxyMap.java:108)
	at org.apache.ratis.grpc.client.GrpcClientRpc.sendRequestAsyncUnordered(GrpcClientRpc.java:78)
	at org.apache.ratis.client.impl.UnorderedAsync.sendRequestWithRetry(UnorderedAsync.java:75)
	at org.apache.ratis.client.impl.UnorderedAsync.lambda$null$2(UnorderedAsync.java:120)
	at org.apache.ratis.util.TimeoutScheduler.lambda$onTimeout$0(TimeoutScheduler.java:113)
	at org.apache.ratis.util.TimeoutScheduler.lambda$onTimeout$1(TimeoutScheduler.java:133)
	at org.apache.ratis.util.LogUtils.runAndLog(LogUtils.java:50)
	at org.apache.ratis.util.LogUtils$1.run(LogUtils.java:91)
	at java.util.concurrent.Executors$RunnableAdapter.call(Executors.java:511)
	at java.util.concurrent.FutureTask.run(FutureTask.java:266)
	at java.util.concurrent.ScheduledThreadPoolExecutor$ScheduledFutureTask.access$201(ScheduledThreadPoolExecutor.java:180)
	at java.util.concurrent.ScheduledThreadPoolExecutor$ScheduledFutureTask.run(ScheduledThreadPoolExecutor.java:293)
	at java.util.concurrent.ThreadPoolExecutor.runWorker(ThreadPoolExecutor.java:1149)
	at java.util.concurrent.ThreadPoolExecutor$Worker.run(ThreadPoolExecutor.java:624)
	at java.lang.Thread.run(Thread.java:748)

Sep 19, 2019 11:51:41 AM org.apache.ratis.thirdparty.io.grpc.internal.ManagedChannelOrphanWrapper$ManagedChannelReference cleanQueue
SEVERE: *~*~*~ Channel ManagedChannelImpl{logId=1378, target=192.168.151.78:42239} was not shutdown properly!!! ~*~*~*
    Make sure to call shutdown()/shutdownNow() and wait until awaitTermination() returns true.
java.lang.RuntimeException: ManagedChannel allocation site
	at org.apache.ratis.thirdparty.io.grpc.internal.ManagedChannelOrphanWrapper$ManagedChannelReference.<init>(ManagedChannelOrphanWrapper.java:103)
	at org.apache.ratis.thirdparty.io.grpc.internal.ManagedChannelOrphanWrapper.<init>(ManagedChannelOrphanWrapper.java:53)
	at org.apache.ratis.thirdparty.io.grpc.internal.ManagedChannelOrphanWrapper.<init>(ManagedChannelOrphanWrapper.java:44)
	at org.apache.ratis.thirdparty.io.grpc.internal.AbstractManagedChannelImplBuilder.build(AbstractManagedChannelImplBuilder.java:411)
	at org.apache.ratis.grpc.client.GrpcClientProtocolClient.<init>(GrpcClientProtocolClient.java:127)
	at org.apache.ratis.grpc.client.GrpcClientRpc.lambda$new$0(GrpcClientRpc.java:55)
	at org.apache.ratis.util.PeerProxyMap$PeerAndProxy.lambda$getProxy$0(PeerProxyMap.java:61)
	at org.apache.ratis.util.LifeCycle.startAndTransition(LifeCycle.java:202)
	at org.apache.ratis.util.PeerProxyMap$PeerAndProxy.getProxy(PeerProxyMap.java:60)
	at org.apache.ratis.util.PeerProxyMap.getProxy(PeerProxyMap.java:108)
	at org.apache.ratis.grpc.client.GrpcClientRpc.sendRequestAsync(GrpcClientRpc.java:66)
	at org.apache.ratis.client.impl.OrderedAsync.sendRequest(OrderedAsync.java:208)
	at org.apache.ratis.client.impl.OrderedAsync.sendRequestWithRetry(OrderedAsync.java:169)
	at org.apache.ratis.util.SlidingWindow$Client.sendOrDelayRequest(SlidingWindow.java:278)
	at org.apache.ratis.util.SlidingWindow$Client.retry(SlidingWindow.java:294)
	at org.apache.ratis.client.impl.OrderedAsync.lambda$scheduleWithTimeout$7(OrderedAsync.java:195)
	at org.apache.ratis.util.TimeoutScheduler.lambda$onTimeout$0(TimeoutScheduler.java:113)
	at org.apache.ratis.util.TimeoutScheduler.lambda$onTimeout$1(TimeoutScheduler.java:133)
	at org.apache.ratis.util.LogUtils.runAndLog(LogUtils.java:50)
	at org.apache.ratis.util.LogUtils$1.run(LogUtils.java:91)
	at java.util.concurrent.Executors$RunnableAdapter.call(Executors.java:511)
	at java.util.concurrent.FutureTask.run(FutureTask.java:266)
	at java.util.concurrent.ScheduledThreadPoolExecutor$ScheduledFutureTask.access$201(ScheduledThreadPoolExecutor.java:180)
	at java.util.concurrent.ScheduledThreadPoolExecutor$ScheduledFutureTask.run(ScheduledThreadPoolExecutor.java:293)
	at java.util.concurrent.ThreadPoolExecutor.runWorker(ThreadPoolExecutor.java:1149)
	at java.util.concurrent.ThreadPoolExecutor$Worker.run(ThreadPoolExecutor.java:624)
	at java.lang.Thread.run(Thread.java:748)

Sep 19, 2019 11:51:41 AM org.apache.ratis.thirdparty.io.grpc.internal.ManagedChannelOrphanWrapper$ManagedChannelReference cleanQueue
SEVERE: *~*~*~ Channel ManagedChannelImpl{logId=1085, target=192.168.151.78:34798} was not shutdown properly!!! ~*~*~*
    Make sure to call shutdown()/shutdownNow() and wait until awaitTermination() returns true.
java.lang.RuntimeException: ManagedChannel allocation site
	at org.apache.ratis.thirdparty.io.grpc.internal.ManagedChannelOrphanWrapper$ManagedChannelReference.<init>(ManagedChannelOrphanWrapper.java:103)
	at org.apache.ratis.thirdparty.io.grpc.internal.ManagedChannelOrphanWrapper.<init>(ManagedChannelOrphanWrapper.java:53)
	at org.apache.ratis.thirdparty.io.grpc.internal.ManagedChannelOrphanWrapper.<init>(ManagedChannelOrphanWrapper.java:44)
	at org.apache.ratis.thirdparty.io.grpc.internal.AbstractManagedChannelImplBuilder.build(AbstractManagedChannelImplBuilder.java:411)
	at org.apache.ratis.grpc.client.GrpcClientProtocolClient.<init>(GrpcClientProtocolClient.java:127)
	at org.apache.ratis.grpc.client.GrpcClientRpc.lambda$new$0(GrpcClientRpc.java:55)
	at org.apache.ratis.util.PeerProxyMap$PeerAndProxy.lambda$getProxy$0(PeerProxyMap.java:61)
	at org.apache.ratis.util.LifeCycle.startAndTransition(LifeCycle.java:202)
	at org.apache.ratis.util.PeerProxyMap$PeerAndProxy.getProxy(PeerProxyMap.java:60)
	at org.apache.ratis.util.PeerProxyMap.getProxy(PeerProxyMap.java:108)
	at org.apache.ratis.grpc.client.GrpcClientRpc.sendRequestAsync(GrpcClientRpc.java:66)
	at org.apache.ratis.client.impl.OrderedAsync.sendRequest(OrderedAsync.java:208)
	at org.apache.ratis.client.impl.OrderedAsync.sendRequestWithRetry(OrderedAsync.java:169)
	at org.apache.ratis.util.SlidingWindow$Client.sendOrDelayRequest(SlidingWindow.java:278)
	at org.apache.ratis.util.SlidingWindow$Client.retry(SlidingWindow.java:294)
	at org.apache.ratis.client.impl.OrderedAsync.lambda$scheduleWithTimeout$7(OrderedAsync.java:195)
	at org.apache.ratis.util.TimeoutScheduler.lambda$onTimeout$0(TimeoutScheduler.java:113)
	at org.apache.ratis.util.TimeoutScheduler.lambda$onTimeout$1(TimeoutScheduler.java:133)
	at org.apache.ratis.util.LogUtils.runAndLog(LogUtils.java:50)
	at org.apache.ratis.util.LogUtils$1.run(LogUtils.java:91)
	at java.util.concurrent.Executors$RunnableAdapter.call(Executors.java:511)
	at java.util.concurrent.FutureTask.run(FutureTask.java:266)
	at java.util.concurrent.ScheduledThreadPoolExecutor$ScheduledFutureTask.access$201(ScheduledThreadPoolExecutor.java:180)
	at java.util.concurrent.ScheduledThreadPoolExecutor$ScheduledFutureTask.run(ScheduledThreadPoolExecutor.java:293)
	at java.util.concurrent.ThreadPoolExecutor.runWorker(ThreadPoolExecutor.java:1149)
	at java.util.concurrent.ThreadPoolExecutor$Worker.run(ThreadPoolExecutor.java:624)
	at java.lang.Thread.run(Thread.java:748)

]]></system-err>
  </testcase>
</testsuite>