<?xml version="1.0" encoding="UTF-8"?>
<testsuite xmlns:xsi="http://www.w3.org/2001/XMLSchema-instance" xsi:noNamespaceSchemaLocation="https://maven.apache.org/surefire/maven-surefire-plugin/xsd/surefire-test-report.xsd" name="org.apache.hadoop.ozone.client.rpc.TestBlockOutputStreamWithFailures" time="747.905" tests="8" errors="0" skipped="0" failures="2">
  <properties>
    <property name="awt.toolkit" value="sun.awt.X11.XToolkit"/>
    <property name="file.encoding.pkg" value="sun.io"/>
    <property name="java.specification.version" value="1.8"/>
    <property name="sun.cpu.isalist" value=""/>
    <property name="sun.jnu.encoding" value="UTF-8"/>
    <property name="java.class.path" value="/workdir/hadoop-ozone/integration-test/target/test-classes:/workdir/hadoop-ozone/integration-test/target/classes:/home/user/.m2/repository/org/apache/hadoop/hadoop-ozone-common/0.5.0-SNAPSHOT/hadoop-ozone-common-0.5.0-SNAPSHOT.jar:/home/user/.m2/repository/org/apache/commons/commons-compress/1.4.1/commons-compress-1.4.1.jar:/home/user/.m2/repository/org/tukaani/xz/1.0/xz-1.0.jar:/home/user/.m2/repository/org/apache/hadoop/hadoop-common/3.2.0/hadoop-common-3.2.0.jar:/home/user/.m2/repository/org/apache/hadoop/hadoop-hdfs/3.2.0/hadoop-hdfs-3.2.0.jar:/home/user/.m2/repository/org/apache/hadoop/hadoop-hdfs-client/3.2.0/hadoop-hdfs-client-3.2.0.jar:/home/user/.m2/repository/com/fasterxml/jackson/core/jackson-annotations/2.9.9/jackson-annotations-2.9.9.jar:/home/user/.m2/repository/org/apache/hadoop/hadoop-hdds-common/0.5.0-SNAPSHOT/hadoop-hdds-common-0.5.0-SNAPSHOT.jar:/home/user/.m2/repository/javax/annotation/javax.annotation-api/1.2/javax.annotation-api-1.2.jar:/home/user/.m2/repository/org/apache/ratis/ratis-server/0.4.0-78e95b9-SNAPSHOT/ratis-server-0.4.0-78e95b9-SNAPSHOT.jar:/home/user/.m2/repository/org/apache/ratis/ratis-thirdparty-misc/0.2.0/ratis-thirdparty-misc-0.2.0.jar:/home/user/.m2/repository/org/apache/ratis/ratis-proto/0.4.0-78e95b9-SNAPSHOT/ratis-proto-0.4.0-78e95b9-SNAPSHOT.jar:/home/user/.m2/repository/org/apache/ratis/ratis-common/0.4.0-78e95b9-SNAPSHOT/ratis-common-0.4.0-78e95b9-SNAPSHOT.jar:/home/user/.m2/repository/org/apache/ratis/ratis-client/0.4.0-78e95b9-SNAPSHOT/ratis-client-0.4.0-78e95b9-SNAPSHOT.jar:/home/user/.m2/repository/org/apache/ratis/ratis-metrics/0.4.0-78e95b9-SNAPSHOT/ratis-metrics-0.4.0-78e95b9-SNAPSHOT.jar:/home/user/.m2/repository/com/github/joshelser/dropwizard-metrics-hadoop-metrics2-reporter/0.1.2/dropwizard-metrics-hadoop-metrics2-reporter-0.1.2.jar:/home/user/.m2/repository/io/dropwizard/metrics/metrics-jvm/3.2.5/metrics-jvm-3.2.5.jar:/home/user/.m2/repository/io/dropwizard/metrics/metrics-ganglia/3.2.5/metrics-ganglia-3.2.5.jar:/home/user/.m2/repository/info/ganglia/gmetric4j/gmetric4j/1.0.7/gmetric4j-1.0.7.jar:/home/user/.m2/repository/org/apache/ratis/ratis-netty/0.4.0-78e95b9-SNAPSHOT/ratis-netty-0.4.0-78e95b9-SNAPSHOT.jar:/home/user/.m2/repository/org/apache/ratis/ratis-grpc/0.4.0-78e95b9-SNAPSHOT/ratis-grpc-0.4.0-78e95b9-SNAPSHOT.jar:/home/user/.m2/repository/org/rocksdb/rocksdbjni/6.0.1/rocksdbjni-6.0.1.jar:/home/user/.m2/repository/org/apache/logging/log4j/log4j-api/2.11.0/log4j-api-2.11.0.jar:/home/user/.m2/repository/org/apache/logging/log4j/log4j-core/2.11.0/log4j-core-2.11.0.jar:/home/user/.m2/repository/com/lmax/disruptor/3.4.2/disruptor-3.4.2.jar:/home/user/.m2/repository/org/apache/commons/commons-pool2/2.6.0/commons-pool2-2.6.0.jar:/home/user/.m2/repository/org/bouncycastle/bcpkix-jdk15on/1.60/bcpkix-jdk15on-1.60.jar:/home/user/.m2/repository/commons-validator/commons-validator/1.6/commons-validator-1.6.jar:/home/user/.m2/repository/commons-digester/commons-digester/1.8.1/commons-digester-1.8.1.jar:/home/user/.m2/repository/io/jaegertracing/jaeger-client/0.33.1/jaeger-client-0.33.1.jar:/home/user/.m2/repository/io/jaegertracing/jaeger-thrift/0.33.1/jaeger-thrift-0.33.1.jar:/home/user/.m2/repository/org/apache/thrift/libthrift/0.11.0/libthrift-0.11.0.jar:/home/user/.m2/repository/com/squareup/okhttp3/okhttp/3.9.0/okhttp-3.9.0.jar:/home/user/.m2/repository/com/squareup/okio/okio/1.13.0/okio-1.13.0.jar:/home/user/.m2/repository/io/jaegertracing/jaeger-core/0.33.1/jaeger-core-0.33.1.jar:/home/user/.m2/repository/io/jaegertracing/jaeger-tracerresolver/0.33.1/jaeger-tracerresolver-0.33.1.jar:/home/user/.m2/repository/io/opentracing/contrib/opentracing-tracerresolver/0.1.5/opentracing-tracerresolver-0.1.5.jar:/home/user/.m2/repository/io/opentracing/opentracing-util/0.31.0/opentracing-util-0.31.0.jar:/home/user/.m2/repository/io/opentracing/opentracing-api/0.31.0/opentracing-api-0.31.0.jar:/home/user/.m2/repository/io/opentracing/opentracing-noop/0.31.0/opentracing-noop-0.31.0.jar:/home/user/.m2/repository/org/apache/hadoop/hadoop-hdds-server-framework/0.5.0-SNAPSHOT/hadoop-hdds-server-framework-0.5.0-SNAPSHOT.jar:/home/user/.m2/repository/org/apache/hadoop/hadoop-hdds-container-service/0.5.0-SNAPSHOT/hadoop-hdds-container-service-0.5.0-SNAPSHOT.jar:/home/user/.m2/repository/org/apache/hadoop/hadoop-hdds-client/0.5.0-SNAPSHOT/hadoop-hdds-client-0.5.0-SNAPSHOT.jar:/home/user/.m2/repository/org/apache/hadoop/hadoop-hdds-tools/0.5.0-SNAPSHOT/hadoop-hdds-tools-0.5.0-SNAPSHOT.jar:/home/user/.m2/repository/org/apache/hadoop/hadoop-hdds-server-scm/0.5.0-SNAPSHOT/hadoop-hdds-server-scm-0.5.0-SNAPSHOT.jar:/home/user/.m2/repository/org/apache/hadoop/hadoop-hdds-docs/0.5.0-SNAPSHOT/hadoop-hdds-docs-0.5.0-SNAPSHOT.jar:/home/user/.m2/repository/io/dropwizard/metrics/metrics-core/3.2.4/metrics-core-3.2.4.jar:/home/user/.m2/repository/org/hamcrest/hamcrest-all/1.3/hamcrest-all-1.3.jar:/home/user/.m2/repository/org/bouncycastle/bcprov-jdk15on/1.60/bcprov-jdk15on-1.60.jar:/home/user/.m2/repository/info/picocli/picocli/3.9.6/picocli-3.9.6.jar:/home/user/.m2/repository/com/google/protobuf/protobuf-java/2.5.0/protobuf-java-2.5.0.jar:/home/user/.m2/repository/com/google/guava/guava/11.0.2/guava-11.0.2.jar:/home/user/.m2/repository/org/apache/hadoop/hadoop-ozone-ozone-manager/0.5.0-SNAPSHOT/hadoop-ozone-ozone-manager-0.5.0-SNAPSHOT.jar:/home/user/.m2/repository/org/apache/hadoop/hadoop-minikdc/3.2.0/hadoop-minikdc-3.2.0.jar:/home/user/.m2/repository/commons-io/commons-io/2.5/commons-io-2.5.jar:/home/user/.m2/repository/org/apache/kerby/kerb-simplekdc/1.0.1/kerb-simplekdc-1.0.1.jar:/home/user/.m2/repository/org/apache/kerby/kerb-client/1.0.1/kerb-client-1.0.1.jar:/home/user/.m2/repository/org/apache/kerby/kerby-config/1.0.1/kerby-config-1.0.1.jar:/home/user/.m2/repository/org/apache/kerby/kerb-core/1.0.1/kerb-core-1.0.1.jar:/home/user/.m2/repository/org/apache/kerby/kerby-pkix/1.0.1/kerby-pkix-1.0.1.jar:/home/user/.m2/repository/org/apache/kerby/kerby-asn1/1.0.1/kerby-asn1-1.0.1.jar:/home/user/.m2/repository/org/apache/kerby/kerby-util/1.0.1/kerby-util-1.0.1.jar:/home/user/.m2/repository/org/apache/kerby/kerb-common/1.0.1/kerb-common-1.0.1.jar:/home/user/.m2/repository/org/apache/kerby/kerb-crypto/1.0.1/kerb-crypto-1.0.1.jar:/home/user/.m2/repository/org/apache/kerby/kerb-util/1.0.1/kerb-util-1.0.1.jar:/home/user/.m2/repository/org/apache/kerby/token-provider/1.0.1/token-provider-1.0.1.jar:/home/user/.m2/repository/org/apache/kerby/kerb-admin/1.0.1/kerb-admin-1.0.1.jar:/home/user/.m2/repository/org/apache/kerby/kerb-server/1.0.1/kerb-server-1.0.1.jar:/home/user/.m2/repository/org/apache/kerby/kerb-identity/1.0.1/kerb-identity-1.0.1.jar:/home/user/.m2/repository/org/apache/kerby/kerby-xdr/1.0.1/kerby-xdr-1.0.1.jar:/home/user/.m2/repository/org/slf4j/slf4j-log4j12/1.7.25/slf4j-log4j12-1.7.25.jar:/home/user/.m2/repository/org/apache/hadoop/hadoop-ozone-s3gateway/0.5.0-SNAPSHOT/hadoop-ozone-s3gateway-0.5.0-SNAPSHOT.jar:/home/user/.m2/repository/org/jboss/weld/servlet/weld-servlet/2.4.7.Final/weld-servlet-2.4.7.Final.jar:/home/user/.m2/repository/org/glassfish/jersey/containers/jersey-container-servlet-core/2.27/jersey-container-servlet-core-2.27.jar:/home/user/.m2/repository/org/glassfish/hk2/external/javax.inject/2.5.0-b42/javax.inject-2.5.0-b42.jar:/home/user/.m2/repository/org/glassfish/jersey/core/jersey-common/2.27/jersey-common-2.27.jar:/home/user/.m2/repository/org/glassfish/hk2/osgi-resource-locator/1.0.1/osgi-resource-locator-1.0.1.jar:/home/user/.m2/repository/javax/ws/rs/javax.ws.rs-api/2.1/javax.ws.rs-api-2.1.jar:/home/user/.m2/repository/org/glassfish/jersey/ext/cdi/jersey-cdi1x/2.27/jersey-cdi1x-2.27.jar:/home/user/.m2/repository/org/glassfish/jersey/inject/jersey-hk2/2.27/jersey-hk2-2.27.jar:/home/user/.m2/repository/org/glassfish/hk2/hk2-locator/2.5.0-b42/hk2-locator-2.5.0-b42.jar:/home/user/.m2/repository/org/javassist/javassist/3.22.0-CR2/javassist-3.22.0-CR2.jar:/home/user/.m2/repository/org/glassfish/hk2/hk2-api/2.5.0/hk2-api-2.5.0.jar:/home/user/.m2/repository/org/glassfish/hk2/external/jakarta.inject/2.5.0/jakarta.inject-2.5.0.jar:/home/user/.m2/repository/org/glassfish/hk2/hk2-utils/2.5.0/hk2-utils-2.5.0.jar:/home/user/.m2/repository/jakarta/annotation/jakarta.annotation-api/1.3.4/jakarta.annotation-api-1.3.4.jar:/home/user/.m2/repository/org/glassfish/hk2/external/aopalliance-repackaged/2.5.0/aopalliance-repackaged-2.5.0.jar:/home/user/.m2/repository/com/fasterxml/jackson/dataformat/jackson-dataformat-xml/2.9.0/jackson-dataformat-xml-2.9.0.jar:/home/user/.m2/repository/com/fasterxml/jackson/core/jackson-core/2.9.9/jackson-core-2.9.9.jar:/home/user/.m2/repository/com/fasterxml/jackson/module/jackson-module-jaxb-annotations/2.9.9/jackson-module-jaxb-annotations-2.9.9.jar:/home/user/.m2/repository/javax/enterprise/cdi-api/1.2/cdi-api-1.2.jar:/home/user/.m2/repository/javax/el/javax.el-api/3.0.0/javax.el-api-3.0.0.jar:/home/user/.m2/repository/javax/interceptor/javax.interceptor-api/1.2/javax.interceptor-api-1.2.jar:/home/user/.m2/repository/javax/inject/javax.inject/1/javax.inject-1.jar:/home/user/.m2/repository/com/sun/xml/bind/jaxb-impl/2.3.0.1/jaxb-impl-2.3.0.1.jar:/home/user/.m2/repository/com/sun/xml/bind/jaxb-core/2.3.0.1/jaxb-core-2.3.0.1.jar:/home/user/.m2/repository/javax/xml/bind/jaxb-api/2.3.0/jaxb-api-2.3.0.jar:/home/user/.m2/repository/javax/activation/activation/1.1.1/activation-1.1.1.jar:/home/user/.m2/repository/org/apache/hadoop/hadoop-ozone-csi/0.5.0-SNAPSHOT/hadoop-ozone-csi-0.5.0-SNAPSHOT.jar:/home/user/.m2/repository/com/google/protobuf/protobuf-java-util/3.5.1/protobuf-java-util-3.5.1.jar:/home/user/.m2/repository/org/apache/hadoop/hadoop-hdds-config/0.5.0-SNAPSHOT/hadoop-hdds-config-0.5.0-SNAPSHOT.jar:/home/user/.m2/repository/io/grpc/grpc-netty/1.17.1/grpc-netty-1.17.1.jar:/home/user/.m2/repository/io/grpc/grpc-core/1.17.1/grpc-core-1.17.1.jar:/home/user/.m2/repository/io/grpc/grpc-context/1.17.1/grpc-context-1.17.1.jar:/home/user/.m2/repository/com/google/errorprone/error_prone_annotations/2.2.0/error_prone_annotations-2.2.0.jar:/home/user/.m2/repository/org/codehaus/mojo/animal-sniffer-annotations/1.17/animal-sniffer-annotations-1.17.jar:/home/user/.m2/repository/io/opencensus/opencensus-api/0.17.0/opencensus-api-0.17.0.jar:/home/user/.m2/repository/io/opencensus/opencensus-contrib-grpc-metrics/0.17.0/opencensus-contrib-grpc-metrics-0.17.0.jar:/home/user/.m2/repository/io/netty/netty-codec-http2/4.1.30.Final/netty-codec-http2-4.1.30.Final.jar:/home/user/.m2/repository/io/netty/netty-codec-http/4.1.30.Final/netty-codec-http-4.1.30.Final.jar:/home/user/.m2/repository/io/netty/netty-codec/4.1.30.Final/netty-codec-4.1.30.Final.jar:/home/user/.m2/repository/io/netty/netty-handler/4.1.30.Final/netty-handler-4.1.30.Final.jar:/home/user/.m2/repository/io/netty/netty-handler-proxy/4.1.30.Final/netty-handler-proxy-4.1.30.Final.jar:/home/user/.m2/repository/io/netty/netty-codec-socks/4.1.30.Final/netty-codec-socks-4.1.30.Final.jar:/home/user/.m2/repository/io/netty/netty-transport-native-epoll/4.1.30.Final/netty-transport-native-epoll-4.1.30.Final.jar:/home/user/.m2/repository/io/netty/netty-common/4.1.30.Final/netty-common-4.1.30.Final.jar:/home/user/.m2/repository/io/netty/netty-buffer/4.1.30.Final/netty-buffer-4.1.30.Final.jar:/home/user/.m2/repository/io/netty/netty-transport/4.1.30.Final/netty-transport-4.1.30.Final.jar:/home/user/.m2/repository/io/netty/netty-resolver/4.1.30.Final/netty-resolver-4.1.30.Final.jar:/home/user/.m2/repository/io/netty/netty-transport-native-unix-common/4.1.30.Final/netty-transport-native-unix-common-4.1.30.Final.jar:/home/user/.m2/repository/io/grpc/grpc-protobuf/1.17.1/grpc-protobuf-1.17.1.jar:/home/user/.m2/repository/com/google/api/grpc/proto-google-common-protos/1.0.0/proto-google-common-protos-1.0.0.jar:/home/user/.m2/repository/io/grpc/grpc-protobuf-lite/1.17.1/grpc-protobuf-lite-1.17.1.jar:/home/user/.m2/repository/io/grpc/grpc-stub/1.17.1/grpc-stub-1.17.1.jar:/home/user/.m2/repository/org/apache/hadoop/hadoop-ozone-recon/0.5.0-SNAPSHOT/hadoop-ozone-recon-0.5.0-SNAPSHOT.jar:/home/user/.m2/repository/org/apache/hadoop/hadoop-ozone-reconcodegen/0.5.0-SNAPSHOT/hadoop-ozone-reconcodegen-0.5.0-SNAPSHOT.jar:/home/user/.m2/repository/com/google/inject/extensions/guice-multibindings/4.0/guice-multibindings-4.0.jar:/home/user/.m2/repository/com/google/inject/guice/4.0/guice-4.0.jar:/home/user/.m2/repository/aopalliance/aopalliance/1.0/aopalliance-1.0.jar:/home/user/.m2/repository/com/google/inject/extensions/guice-servlet/4.0/guice-servlet-4.0.jar:/home/user/.m2/repository/org/glassfish/jersey/containers/jersey-container-servlet/2.27/jersey-container-servlet-2.27.jar:/home/user/.m2/repository/org/glassfish/hk2/guice-bridge/2.5.0/guice-bridge-2.5.0.jar:/home/user/.m2/repository/org/glassfish/jersey/core/jersey-server/2.27/jersey-server-2.27.jar:/home/user/.m2/repository/org/glassfish/jersey/core/jersey-client/2.27/jersey-client-2.27.jar:/home/user/.m2/repository/org/glassfish/jersey/media/jersey-media-jaxb/2.27/jersey-media-jaxb-2.27.jar:/home/user/.m2/repository/javax/validation/validation-api/1.1.0.Final/validation-api-1.1.0.Final.jar:/home/user/.m2/repository/org/glassfish/jersey/media/jersey-media-json-jackson/2.27/jersey-media-json-jackson-2.27.jar:/home/user/.m2/repository/org/glassfish/jersey/ext/jersey-entity-filtering/2.27/jersey-entity-filtering-2.27.jar:/home/user/.m2/repository/com/google/inject/extensions/guice-assistedinject/4.0/guice-assistedinject-4.0.jar:/home/user/.m2/repository/org/jooq/jooq/3.11.10/jooq-3.11.10.jar:/home/user/.m2/repository/org/jooq/jooq-meta/3.11.10/jooq-meta-3.11.10.jar:/home/user/.m2/repository/org/jooq/jooq-codegen/3.11.10/jooq-codegen-3.11.10.jar:/home/user/.m2/repository/com/jolbox/bonecp/0.8.0.RELEASE/bonecp-0.8.0.RELEASE.jar:/home/user/.m2/repository/org/xerial/sqlite-jdbc/3.25.2/sqlite-jdbc-3.25.2.jar:/home/user/.m2/repository/org/springframework/spring-jdbc/5.1.3.RELEASE/spring-jdbc-5.1.3.RELEASE.jar:/home/user/.m2/repository/org/springframework/spring-beans/5.1.3.RELEASE/spring-beans-5.1.3.RELEASE.jar:/home/user/.m2/repository/org/springframework/spring-core/5.1.3.RELEASE/spring-core-5.1.3.RELEASE.jar:/home/user/.m2/repository/org/springframework/spring-jcl/5.1.3.RELEASE/spring-jcl-5.1.3.RELEASE.jar:/home/user/.m2/repository/org/springframework/spring-tx/5.1.3.RELEASE/spring-tx-5.1.3.RELEASE.jar:/home/user/.m2/repository/org/apache/hadoop/hadoop-ozone-client/0.5.0-SNAPSHOT/hadoop-ozone-client-0.5.0-SNAPSHOT.jar:/home/user/.m2/repository/commons-lang/commons-lang/2.6/commons-lang-2.6.jar:/home/user/.m2/repository/org/apache/hadoop/hadoop-ozone-ozone-manager/0.5.0-SNAPSHOT/hadoop-ozone-ozone-manager-0.5.0-SNAPSHOT-tests.jar:/home/user/.m2/repository/junit/junit/4.11/junit-4.11.jar:/home/user/.m2/repository/org/hamcrest/hamcrest-core/1.3/hamcrest-core-1.3.jar:/home/user/.m2/repository/org/openjdk/jmh/jmh-core/1.19/jmh-core-1.19.jar:/home/user/.m2/repository/net/sf/jopt-simple/jopt-simple/4.6/jopt-simple-4.6.jar:/home/user/.m2/repository/org/apache/commons/commons-math3/3.1.1/commons-math3-3.1.1.jar:/home/user/.m2/repository/org/openjdk/jmh/jmh-generator-annprocess/1.19/jmh-generator-annprocess-1.19.jar:/home/user/.m2/repository/org/mockito/mockito-all/1.8.5/mockito-all-1.8.5.jar:/home/user/.m2/repository/org/apache/hadoop/hadoop-kms/3.2.0/hadoop-kms-3.2.0.jar:/home/user/.m2/repository/org/apache/hadoop/hadoop-auth/3.2.0/hadoop-auth-3.2.0.jar:/home/user/.m2/repository/com/nimbusds/nimbus-jose-jwt/4.41.1/nimbus-jose-jwt-4.41.1.jar:/home/user/.m2/repository/com/github/stephenc/jcip/jcip-annotations/1.0-1/jcip-annotations-1.0-1.jar:/home/user/.m2/repository/net/minidev/json-smart/2.3/json-smart-2.3.jar:/home/user/.m2/repository/net/minidev/accessors-smart/1.2/accessors-smart-1.2.jar:/home/user/.m2/repository/org/ow2/asm/asm/5.0.4/asm-5.0.4.jar:/home/user/.m2/repository/org/apache/curator/curator-framework/2.12.0/curator-framework-2.12.0.jar:/home/user/.m2/repository/com/sun/jersey/jersey-core/1.19/jersey-core-1.19.jar:/home/user/.m2/repository/javax/ws/rs/jsr311-api/1.1.1/jsr311-api-1.1.1.jar:/home/user/.m2/repository/com/sun/jersey/jersey-server/1.19/jersey-server-1.19.jar:/home/user/.m2/repository/javax/servlet/javax.servlet-api/3.1.0/javax.servlet-api-3.1.0.jar:/home/user/.m2/repository/org/eclipse/jetty/jetty-server/9.3.24.v20180605/jetty-server-9.3.24.v20180605.jar:/home/user/.m2/repository/org/eclipse/jetty/jetty-http/9.3.24.v20180605/jetty-http-9.3.24.v20180605.jar:/home/user/.m2/repository/org/eclipse/jetty/jetty-io/9.3.24.v20180605/jetty-io-9.3.24.v20180605.jar:/home/user/.m2/repository/org/eclipse/jetty/jetty-webapp/9.3.24.v20180605/jetty-webapp-9.3.24.v20180605.jar:/home/user/.m2/repository/org/eclipse/jetty/jetty-xml/9.3.24.v20180605/jetty-xml-9.3.24.v20180605.jar:/home/user/.m2/repository/log4j/log4j/1.2.17/log4j-1.2.17.jar:/home/user/.m2/repository/org/slf4j/slf4j-api/1.7.25/slf4j-api-1.7.25.jar:/home/user/.m2/repository/org/slf4j/jul-to-slf4j/1.7.25/jul-to-slf4j-1.7.25.jar:/home/user/.m2/repository/org/eclipse/jetty/jetty-util/9.3.24.v20180605/jetty-util-9.3.24.v20180605.jar:/home/user/.m2/repository/com/fasterxml/jackson/core/jackson-databind/2.9.9/jackson-databind-2.9.9.jar:/home/user/.m2/repository/org/apache/hadoop/hadoop-kms/3.2.0/hadoop-kms-3.2.0-tests.jar:/home/user/.m2/repository/org/apache/hadoop/hadoop-hdds-server-scm/0.5.0-SNAPSHOT/hadoop-hdds-server-scm-0.5.0-SNAPSHOT-tests.jar:/home/user/.m2/repository/org/apache/hadoop/hadoop-hdds-container-service/0.5.0-SNAPSHOT/hadoop-hdds-container-service-0.5.0-SNAPSHOT-tests.jar:/home/user/.m2/repository/org/yaml/snakeyaml/1.16/snakeyaml-1.16.jar:/home/user/.m2/repository/org/apache/hadoop/hadoop-common/3.2.0/hadoop-common-3.2.0-tests.jar:/home/user/.m2/repository/org/apache/hadoop/hadoop-annotations/3.2.0/hadoop-annotations-3.2.0.jar:/usr/lib/jvm/java-1.8-openjdk/jre/../lib/tools.jar:/home/user/.m2/repository/commons-cli/commons-cli/1.2/commons-cli-1.2.jar:/home/user/.m2/repository/org/apache/httpcomponents/httpclient/4.5.2/httpclient-4.5.2.jar:/home/user/.m2/repository/org/apache/httpcomponents/httpcore/4.4.4/httpcore-4.4.4.jar:/home/user/.m2/repository/commons-codec/commons-codec/1.11/commons-codec-1.11.jar:/home/user/.m2/repository/commons-net/commons-net/3.6/commons-net-3.6.jar:/home/user/.m2/repository/commons-collections/commons-collections/3.2.2/commons-collections-3.2.2.jar:/home/user/.m2/repository/org/eclipse/jetty/jetty-servlet/9.3.24.v20180605/jetty-servlet-9.3.24.v20180605.jar:/home/user/.m2/repository/org/eclipse/jetty/jetty-security/9.3.24.v20180605/jetty-security-9.3.24.v20180605.jar:/home/user/.m2/repository/javax/servlet/jsp/jsp-api/2.1/jsp-api-2.1.jar:/home/user/.m2/repository/com/sun/jersey/jersey-servlet/1.19/jersey-servlet-1.19.jar:/home/user/.m2/repository/com/sun/jersey/jersey-json/1.19/jersey-json-1.19.jar:/home/user/.m2/repository/org/codehaus/jettison/jettison/1.1/jettison-1.1.jar:/home/user/.m2/repository/org/codehaus/jackson/jackson-core-asl/1.9.13/jackson-core-asl-1.9.13.jar:/home/user/.m2/repository/org/codehaus/jackson/jackson-mapper-asl/1.9.13/jackson-mapper-asl-1.9.13.jar:/home/user/.m2/repository/org/codehaus/jackson/jackson-jaxrs/1.9.13/jackson-jaxrs-1.9.13.jar:/home/user/.m2/repository/org/codehaus/jackson/jackson-xc/1.9.13/jackson-xc-1.9.13.jar:/home/user/.m2/repository/commons-logging/commons-logging/1.1.3/commons-logging-1.1.3.jar:/home/user/.m2/repository/commons-beanutils/commons-beanutils/1.9.4/commons-beanutils-1.9.4.jar:/home/user/.m2/repository/org/apache/commons/commons-configuration2/2.1.1/commons-configuration2-2.1.1.jar:/home/user/.m2/repository/org/apache/commons/commons-lang3/3.7/commons-lang3-3.7.jar:/home/user/.m2/repository/org/apache/commons/commons-text/1.4/commons-text-1.4.jar:/home/user/.m2/repository/org/apache/avro/avro/1.7.7/avro-1.7.7.jar:/home/user/.m2/repository/com/thoughtworks/paranamer/paranamer/2.3/paranamer-2.3.jar:/home/user/.m2/repository/org/xerial/snappy/snappy-java/1.0.5/snappy-java-1.0.5.jar:/home/user/.m2/repository/com/google/re2j/re2j/1.1/re2j-1.1.jar:/home/user/.m2/repository/com/google/code/gson/gson/2.2.4/gson-2.2.4.jar:/home/user/.m2/repository/com/jcraft/jsch/0.1.54/jsch-0.1.54.jar:/home/user/.m2/repository/org/apache/curator/curator-client/2.12.0/curator-client-2.12.0.jar:/home/user/.m2/repository/org/apache/curator/curator-recipes/2.12.0/curator-recipes-2.12.0.jar:/home/user/.m2/repository/com/google/code/findbugs/jsr305/3.0.0/jsr305-3.0.0.jar:/home/user/.m2/repository/org/apache/htrace/htrace-core4/4.1.0-incubating/htrace-core4-4.1.0-incubating.jar:/home/user/.m2/repository/org/apache/zookeeper/zookeeper/3.4.13/zookeeper-3.4.13.jar:/home/user/.m2/repository/org/apache/yetus/audience-annotations/0.5.0/audience-annotations-0.5.0.jar:/home/user/.m2/repository/org/codehaus/woodstox/stax2-api/3.1.4/stax2-api-3.1.4.jar:/home/user/.m2/repository/com/fasterxml/woodstox/woodstox-core/5.0.3/woodstox-core-5.0.3.jar:/home/user/.m2/repository/dnsjava/dnsjava/2.1.7/dnsjava-2.1.7.jar:/home/user/.m2/repository/org/apache/hadoop/hadoop-hdfs/3.2.0/hadoop-hdfs-3.2.0-tests.jar:/home/user/.m2/repository/org/eclipse/jetty/jetty-util-ajax/9.3.24.v20180605/jetty-util-ajax-9.3.24.v20180605.jar:/home/user/.m2/repository/commons-daemon/commons-daemon/1.0.13/commons-daemon-1.0.13.jar:/home/user/.m2/repository/io/netty/netty/3.10.5.Final/netty-3.10.5.Final.jar:/home/user/.m2/repository/io/netty/netty-all/4.0.52.Final/netty-all-4.0.52.Final.jar:/home/user/.m2/repository/org/fusesource/leveldbjni/leveldbjni-all/1.8/leveldbjni-all-1.8.jar:"/>
    <property name="java.vm.vendor" value="IcedTea"/>
    <property name="sun.arch.data.model" value="64"/>
    <property name="test.build.dir" value="/workdir/hadoop-ozone/integration-test/target/test-dir"/>
    <property name="test.cache.data" value=""/>
    <property name="java.vendor.url" value="https://icedtea.classpath.org"/>
    <property name="user.timezone" value=""/>
    <property name="java.vm.specification.version" value="1.8"/>
    <property name="os.name" value="Linux"/>
    <property name="test.build.data" value="/workdir/hadoop-ozone/integration-test/target/test-dir"/>
    <property name="user.country" value="US"/>
    <property name="sun.java.launcher" value="SUN_STANDARD"/>
    <property name="sun.boot.library.path" value="/usr/lib/jvm/java-1.8-openjdk/jre/lib/amd64"/>
    <property name="sun.java.command" value="/workdir/hadoop-ozone/integration-test/target/surefire/surefirebooter3766198497154023668.jar /workdir/hadoop-ozone/integration-test/target/surefire 2019-09-19T10-34-47_637-jvmRun1 surefire1537805219973106465tmp surefire_626682571900737238736tmp"/>
    <property name="test" value="!TestMiniChaosOzoneCluster"/>
    <property name="surefire.test.class.path" value="/workdir/hadoop-ozone/integration-test/target/test-classes:/workdir/hadoop-ozone/integration-test/target/classes:/home/user/.m2/repository/org/apache/hadoop/hadoop-ozone-common/0.5.0-SNAPSHOT/hadoop-ozone-common-0.5.0-SNAPSHOT.jar:/home/user/.m2/repository/org/apache/commons/commons-compress/1.4.1/commons-compress-1.4.1.jar:/home/user/.m2/repository/org/tukaani/xz/1.0/xz-1.0.jar:/home/user/.m2/repository/org/apache/hadoop/hadoop-common/3.2.0/hadoop-common-3.2.0.jar:/home/user/.m2/repository/org/apache/hadoop/hadoop-hdfs/3.2.0/hadoop-hdfs-3.2.0.jar:/home/user/.m2/repository/org/apache/hadoop/hadoop-hdfs-client/3.2.0/hadoop-hdfs-client-3.2.0.jar:/home/user/.m2/repository/com/fasterxml/jackson/core/jackson-annotations/2.9.9/jackson-annotations-2.9.9.jar:/home/user/.m2/repository/org/apache/hadoop/hadoop-hdds-common/0.5.0-SNAPSHOT/hadoop-hdds-common-0.5.0-SNAPSHOT.jar:/home/user/.m2/repository/javax/annotation/javax.annotation-api/1.2/javax.annotation-api-1.2.jar:/home/user/.m2/repository/org/apache/ratis/ratis-server/0.4.0-78e95b9-SNAPSHOT/ratis-server-0.4.0-78e95b9-SNAPSHOT.jar:/home/user/.m2/repository/org/apache/ratis/ratis-thirdparty-misc/0.2.0/ratis-thirdparty-misc-0.2.0.jar:/home/user/.m2/repository/org/apache/ratis/ratis-proto/0.4.0-78e95b9-SNAPSHOT/ratis-proto-0.4.0-78e95b9-SNAPSHOT.jar:/home/user/.m2/repository/org/apache/ratis/ratis-common/0.4.0-78e95b9-SNAPSHOT/ratis-common-0.4.0-78e95b9-SNAPSHOT.jar:/home/user/.m2/repository/org/apache/ratis/ratis-client/0.4.0-78e95b9-SNAPSHOT/ratis-client-0.4.0-78e95b9-SNAPSHOT.jar:/home/user/.m2/repository/org/apache/ratis/ratis-metrics/0.4.0-78e95b9-SNAPSHOT/ratis-metrics-0.4.0-78e95b9-SNAPSHOT.jar:/home/user/.m2/repository/com/github/joshelser/dropwizard-metrics-hadoop-metrics2-reporter/0.1.2/dropwizard-metrics-hadoop-metrics2-reporter-0.1.2.jar:/home/user/.m2/repository/io/dropwizard/metrics/metrics-jvm/3.2.5/metrics-jvm-3.2.5.jar:/home/user/.m2/repository/io/dropwizard/metrics/metrics-ganglia/3.2.5/metrics-ganglia-3.2.5.jar:/home/user/.m2/repository/info/ganglia/gmetric4j/gmetric4j/1.0.7/gmetric4j-1.0.7.jar:/home/user/.m2/repository/org/apache/ratis/ratis-netty/0.4.0-78e95b9-SNAPSHOT/ratis-netty-0.4.0-78e95b9-SNAPSHOT.jar:/home/user/.m2/repository/org/apache/ratis/ratis-grpc/0.4.0-78e95b9-SNAPSHOT/ratis-grpc-0.4.0-78e95b9-SNAPSHOT.jar:/home/user/.m2/repository/org/rocksdb/rocksdbjni/6.0.1/rocksdbjni-6.0.1.jar:/home/user/.m2/repository/org/apache/logging/log4j/log4j-api/2.11.0/log4j-api-2.11.0.jar:/home/user/.m2/repository/org/apache/logging/log4j/log4j-core/2.11.0/log4j-core-2.11.0.jar:/home/user/.m2/repository/com/lmax/disruptor/3.4.2/disruptor-3.4.2.jar:/home/user/.m2/repository/org/apache/commons/commons-pool2/2.6.0/commons-pool2-2.6.0.jar:/home/user/.m2/repository/org/bouncycastle/bcpkix-jdk15on/1.60/bcpkix-jdk15on-1.60.jar:/home/user/.m2/repository/commons-validator/commons-validator/1.6/commons-validator-1.6.jar:/home/user/.m2/repository/commons-digester/commons-digester/1.8.1/commons-digester-1.8.1.jar:/home/user/.m2/repository/io/jaegertracing/jaeger-client/0.33.1/jaeger-client-0.33.1.jar:/home/user/.m2/repository/io/jaegertracing/jaeger-thrift/0.33.1/jaeger-thrift-0.33.1.jar:/home/user/.m2/repository/org/apache/thrift/libthrift/0.11.0/libthrift-0.11.0.jar:/home/user/.m2/repository/com/squareup/okhttp3/okhttp/3.9.0/okhttp-3.9.0.jar:/home/user/.m2/repository/com/squareup/okio/okio/1.13.0/okio-1.13.0.jar:/home/user/.m2/repository/io/jaegertracing/jaeger-core/0.33.1/jaeger-core-0.33.1.jar:/home/user/.m2/repository/io/jaegertracing/jaeger-tracerresolver/0.33.1/jaeger-tracerresolver-0.33.1.jar:/home/user/.m2/repository/io/opentracing/contrib/opentracing-tracerresolver/0.1.5/opentracing-tracerresolver-0.1.5.jar:/home/user/.m2/repository/io/opentracing/opentracing-util/0.31.0/opentracing-util-0.31.0.jar:/home/user/.m2/repository/io/opentracing/opentracing-api/0.31.0/opentracing-api-0.31.0.jar:/home/user/.m2/repository/io/opentracing/opentracing-noop/0.31.0/opentracing-noop-0.31.0.jar:/home/user/.m2/repository/org/apache/hadoop/hadoop-hdds-server-framework/0.5.0-SNAPSHOT/hadoop-hdds-server-framework-0.5.0-SNAPSHOT.jar:/home/user/.m2/repository/org/apache/hadoop/hadoop-hdds-container-service/0.5.0-SNAPSHOT/hadoop-hdds-container-service-0.5.0-SNAPSHOT.jar:/home/user/.m2/repository/org/apache/hadoop/hadoop-hdds-client/0.5.0-SNAPSHOT/hadoop-hdds-client-0.5.0-SNAPSHOT.jar:/home/user/.m2/repository/org/apache/hadoop/hadoop-hdds-tools/0.5.0-SNAPSHOT/hadoop-hdds-tools-0.5.0-SNAPSHOT.jar:/home/user/.m2/repository/org/apache/hadoop/hadoop-hdds-server-scm/0.5.0-SNAPSHOT/hadoop-hdds-server-scm-0.5.0-SNAPSHOT.jar:/home/user/.m2/repository/org/apache/hadoop/hadoop-hdds-docs/0.5.0-SNAPSHOT/hadoop-hdds-docs-0.5.0-SNAPSHOT.jar:/home/user/.m2/repository/io/dropwizard/metrics/metrics-core/3.2.4/metrics-core-3.2.4.jar:/home/user/.m2/repository/org/hamcrest/hamcrest-all/1.3/hamcrest-all-1.3.jar:/home/user/.m2/repository/org/bouncycastle/bcprov-jdk15on/1.60/bcprov-jdk15on-1.60.jar:/home/user/.m2/repository/info/picocli/picocli/3.9.6/picocli-3.9.6.jar:/home/user/.m2/repository/com/google/protobuf/protobuf-java/2.5.0/protobuf-java-2.5.0.jar:/home/user/.m2/repository/com/google/guava/guava/11.0.2/guava-11.0.2.jar:/home/user/.m2/repository/org/apache/hadoop/hadoop-ozone-ozone-manager/0.5.0-SNAPSHOT/hadoop-ozone-ozone-manager-0.5.0-SNAPSHOT.jar:/home/user/.m2/repository/org/apache/hadoop/hadoop-minikdc/3.2.0/hadoop-minikdc-3.2.0.jar:/home/user/.m2/repository/commons-io/commons-io/2.5/commons-io-2.5.jar:/home/user/.m2/repository/org/apache/kerby/kerb-simplekdc/1.0.1/kerb-simplekdc-1.0.1.jar:/home/user/.m2/repository/org/apache/kerby/kerb-client/1.0.1/kerb-client-1.0.1.jar:/home/user/.m2/repository/org/apache/kerby/kerby-config/1.0.1/kerby-config-1.0.1.jar:/home/user/.m2/repository/org/apache/kerby/kerb-core/1.0.1/kerb-core-1.0.1.jar:/home/user/.m2/repository/org/apache/kerby/kerby-pkix/1.0.1/kerby-pkix-1.0.1.jar:/home/user/.m2/repository/org/apache/kerby/kerby-asn1/1.0.1/kerby-asn1-1.0.1.jar:/home/user/.m2/repository/org/apache/kerby/kerby-util/1.0.1/kerby-util-1.0.1.jar:/home/user/.m2/repository/org/apache/kerby/kerb-common/1.0.1/kerb-common-1.0.1.jar:/home/user/.m2/repository/org/apache/kerby/kerb-crypto/1.0.1/kerb-crypto-1.0.1.jar:/home/user/.m2/repository/org/apache/kerby/kerb-util/1.0.1/kerb-util-1.0.1.jar:/home/user/.m2/repository/org/apache/kerby/token-provider/1.0.1/token-provider-1.0.1.jar:/home/user/.m2/repository/org/apache/kerby/kerb-admin/1.0.1/kerb-admin-1.0.1.jar:/home/user/.m2/repository/org/apache/kerby/kerb-server/1.0.1/kerb-server-1.0.1.jar:/home/user/.m2/repository/org/apache/kerby/kerb-identity/1.0.1/kerb-identity-1.0.1.jar:/home/user/.m2/repository/org/apache/kerby/kerby-xdr/1.0.1/kerby-xdr-1.0.1.jar:/home/user/.m2/repository/org/slf4j/slf4j-log4j12/1.7.25/slf4j-log4j12-1.7.25.jar:/home/user/.m2/repository/org/apache/hadoop/hadoop-ozone-s3gateway/0.5.0-SNAPSHOT/hadoop-ozone-s3gateway-0.5.0-SNAPSHOT.jar:/home/user/.m2/repository/org/jboss/weld/servlet/weld-servlet/2.4.7.Final/weld-servlet-2.4.7.Final.jar:/home/user/.m2/repository/org/glassfish/jersey/containers/jersey-container-servlet-core/2.27/jersey-container-servlet-core-2.27.jar:/home/user/.m2/repository/org/glassfish/hk2/external/javax.inject/2.5.0-b42/javax.inject-2.5.0-b42.jar:/home/user/.m2/repository/org/glassfish/jersey/core/jersey-common/2.27/jersey-common-2.27.jar:/home/user/.m2/repository/org/glassfish/hk2/osgi-resource-locator/1.0.1/osgi-resource-locator-1.0.1.jar:/home/user/.m2/repository/javax/ws/rs/javax.ws.rs-api/2.1/javax.ws.rs-api-2.1.jar:/home/user/.m2/repository/org/glassfish/jersey/ext/cdi/jersey-cdi1x/2.27/jersey-cdi1x-2.27.jar:/home/user/.m2/repository/org/glassfish/jersey/inject/jersey-hk2/2.27/jersey-hk2-2.27.jar:/home/user/.m2/repository/org/glassfish/hk2/hk2-locator/2.5.0-b42/hk2-locator-2.5.0-b42.jar:/home/user/.m2/repository/org/javassist/javassist/3.22.0-CR2/javassist-3.22.0-CR2.jar:/home/user/.m2/repository/org/glassfish/hk2/hk2-api/2.5.0/hk2-api-2.5.0.jar:/home/user/.m2/repository/org/glassfish/hk2/external/jakarta.inject/2.5.0/jakarta.inject-2.5.0.jar:/home/user/.m2/repository/org/glassfish/hk2/hk2-utils/2.5.0/hk2-utils-2.5.0.jar:/home/user/.m2/repository/jakarta/annotation/jakarta.annotation-api/1.3.4/jakarta.annotation-api-1.3.4.jar:/home/user/.m2/repository/org/glassfish/hk2/external/aopalliance-repackaged/2.5.0/aopalliance-repackaged-2.5.0.jar:/home/user/.m2/repository/com/fasterxml/jackson/dataformat/jackson-dataformat-xml/2.9.0/jackson-dataformat-xml-2.9.0.jar:/home/user/.m2/repository/com/fasterxml/jackson/core/jackson-core/2.9.9/jackson-core-2.9.9.jar:/home/user/.m2/repository/com/fasterxml/jackson/module/jackson-module-jaxb-annotations/2.9.9/jackson-module-jaxb-annotations-2.9.9.jar:/home/user/.m2/repository/javax/enterprise/cdi-api/1.2/cdi-api-1.2.jar:/home/user/.m2/repository/javax/el/javax.el-api/3.0.0/javax.el-api-3.0.0.jar:/home/user/.m2/repository/javax/interceptor/javax.interceptor-api/1.2/javax.interceptor-api-1.2.jar:/home/user/.m2/repository/javax/inject/javax.inject/1/javax.inject-1.jar:/home/user/.m2/repository/com/sun/xml/bind/jaxb-impl/2.3.0.1/jaxb-impl-2.3.0.1.jar:/home/user/.m2/repository/com/sun/xml/bind/jaxb-core/2.3.0.1/jaxb-core-2.3.0.1.jar:/home/user/.m2/repository/javax/xml/bind/jaxb-api/2.3.0/jaxb-api-2.3.0.jar:/home/user/.m2/repository/javax/activation/activation/1.1.1/activation-1.1.1.jar:/home/user/.m2/repository/org/apache/hadoop/hadoop-ozone-csi/0.5.0-SNAPSHOT/hadoop-ozone-csi-0.5.0-SNAPSHOT.jar:/home/user/.m2/repository/com/google/protobuf/protobuf-java-util/3.5.1/protobuf-java-util-3.5.1.jar:/home/user/.m2/repository/org/apache/hadoop/hadoop-hdds-config/0.5.0-SNAPSHOT/hadoop-hdds-config-0.5.0-SNAPSHOT.jar:/home/user/.m2/repository/io/grpc/grpc-netty/1.17.1/grpc-netty-1.17.1.jar:/home/user/.m2/repository/io/grpc/grpc-core/1.17.1/grpc-core-1.17.1.jar:/home/user/.m2/repository/io/grpc/grpc-context/1.17.1/grpc-context-1.17.1.jar:/home/user/.m2/repository/com/google/errorprone/error_prone_annotations/2.2.0/error_prone_annotations-2.2.0.jar:/home/user/.m2/repository/org/codehaus/mojo/animal-sniffer-annotations/1.17/animal-sniffer-annotations-1.17.jar:/home/user/.m2/repository/io/opencensus/opencensus-api/0.17.0/opencensus-api-0.17.0.jar:/home/user/.m2/repository/io/opencensus/opencensus-contrib-grpc-metrics/0.17.0/opencensus-contrib-grpc-metrics-0.17.0.jar:/home/user/.m2/repository/io/netty/netty-codec-http2/4.1.30.Final/netty-codec-http2-4.1.30.Final.jar:/home/user/.m2/repository/io/netty/netty-codec-http/4.1.30.Final/netty-codec-http-4.1.30.Final.jar:/home/user/.m2/repository/io/netty/netty-codec/4.1.30.Final/netty-codec-4.1.30.Final.jar:/home/user/.m2/repository/io/netty/netty-handler/4.1.30.Final/netty-handler-4.1.30.Final.jar:/home/user/.m2/repository/io/netty/netty-handler-proxy/4.1.30.Final/netty-handler-proxy-4.1.30.Final.jar:/home/user/.m2/repository/io/netty/netty-codec-socks/4.1.30.Final/netty-codec-socks-4.1.30.Final.jar:/home/user/.m2/repository/io/netty/netty-transport-native-epoll/4.1.30.Final/netty-transport-native-epoll-4.1.30.Final.jar:/home/user/.m2/repository/io/netty/netty-common/4.1.30.Final/netty-common-4.1.30.Final.jar:/home/user/.m2/repository/io/netty/netty-buffer/4.1.30.Final/netty-buffer-4.1.30.Final.jar:/home/user/.m2/repository/io/netty/netty-transport/4.1.30.Final/netty-transport-4.1.30.Final.jar:/home/user/.m2/repository/io/netty/netty-resolver/4.1.30.Final/netty-resolver-4.1.30.Final.jar:/home/user/.m2/repository/io/netty/netty-transport-native-unix-common/4.1.30.Final/netty-transport-native-unix-common-4.1.30.Final.jar:/home/user/.m2/repository/io/grpc/grpc-protobuf/1.17.1/grpc-protobuf-1.17.1.jar:/home/user/.m2/repository/com/google/api/grpc/proto-google-common-protos/1.0.0/proto-google-common-protos-1.0.0.jar:/home/user/.m2/repository/io/grpc/grpc-protobuf-lite/1.17.1/grpc-protobuf-lite-1.17.1.jar:/home/user/.m2/repository/io/grpc/grpc-stub/1.17.1/grpc-stub-1.17.1.jar:/home/user/.m2/repository/org/apache/hadoop/hadoop-ozone-recon/0.5.0-SNAPSHOT/hadoop-ozone-recon-0.5.0-SNAPSHOT.jar:/home/user/.m2/repository/org/apache/hadoop/hadoop-ozone-reconcodegen/0.5.0-SNAPSHOT/hadoop-ozone-reconcodegen-0.5.0-SNAPSHOT.jar:/home/user/.m2/repository/com/google/inject/extensions/guice-multibindings/4.0/guice-multibindings-4.0.jar:/home/user/.m2/repository/com/google/inject/guice/4.0/guice-4.0.jar:/home/user/.m2/repository/aopalliance/aopalliance/1.0/aopalliance-1.0.jar:/home/user/.m2/repository/com/google/inject/extensions/guice-servlet/4.0/guice-servlet-4.0.jar:/home/user/.m2/repository/org/glassfish/jersey/containers/jersey-container-servlet/2.27/jersey-container-servlet-2.27.jar:/home/user/.m2/repository/org/glassfish/hk2/guice-bridge/2.5.0/guice-bridge-2.5.0.jar:/home/user/.m2/repository/org/glassfish/jersey/core/jersey-server/2.27/jersey-server-2.27.jar:/home/user/.m2/repository/org/glassfish/jersey/core/jersey-client/2.27/jersey-client-2.27.jar:/home/user/.m2/repository/org/glassfish/jersey/media/jersey-media-jaxb/2.27/jersey-media-jaxb-2.27.jar:/home/user/.m2/repository/javax/validation/validation-api/1.1.0.Final/validation-api-1.1.0.Final.jar:/home/user/.m2/repository/org/glassfish/jersey/media/jersey-media-json-jackson/2.27/jersey-media-json-jackson-2.27.jar:/home/user/.m2/repository/org/glassfish/jersey/ext/jersey-entity-filtering/2.27/jersey-entity-filtering-2.27.jar:/home/user/.m2/repository/com/google/inject/extensions/guice-assistedinject/4.0/guice-assistedinject-4.0.jar:/home/user/.m2/repository/org/jooq/jooq/3.11.10/jooq-3.11.10.jar:/home/user/.m2/repository/org/jooq/jooq-meta/3.11.10/jooq-meta-3.11.10.jar:/home/user/.m2/repository/org/jooq/jooq-codegen/3.11.10/jooq-codegen-3.11.10.jar:/home/user/.m2/repository/com/jolbox/bonecp/0.8.0.RELEASE/bonecp-0.8.0.RELEASE.jar:/home/user/.m2/repository/org/xerial/sqlite-jdbc/3.25.2/sqlite-jdbc-3.25.2.jar:/home/user/.m2/repository/org/springframework/spring-jdbc/5.1.3.RELEASE/spring-jdbc-5.1.3.RELEASE.jar:/home/user/.m2/repository/org/springframework/spring-beans/5.1.3.RELEASE/spring-beans-5.1.3.RELEASE.jar:/home/user/.m2/repository/org/springframework/spring-core/5.1.3.RELEASE/spring-core-5.1.3.RELEASE.jar:/home/user/.m2/repository/org/springframework/spring-jcl/5.1.3.RELEASE/spring-jcl-5.1.3.RELEASE.jar:/home/user/.m2/repository/org/springframework/spring-tx/5.1.3.RELEASE/spring-tx-5.1.3.RELEASE.jar:/home/user/.m2/repository/org/apache/hadoop/hadoop-ozone-client/0.5.0-SNAPSHOT/hadoop-ozone-client-0.5.0-SNAPSHOT.jar:/home/user/.m2/repository/commons-lang/commons-lang/2.6/commons-lang-2.6.jar:/home/user/.m2/repository/org/apache/hadoop/hadoop-ozone-ozone-manager/0.5.0-SNAPSHOT/hadoop-ozone-ozone-manager-0.5.0-SNAPSHOT-tests.jar:/home/user/.m2/repository/junit/junit/4.11/junit-4.11.jar:/home/user/.m2/repository/org/hamcrest/hamcrest-core/1.3/hamcrest-core-1.3.jar:/home/user/.m2/repository/org/openjdk/jmh/jmh-core/1.19/jmh-core-1.19.jar:/home/user/.m2/repository/net/sf/jopt-simple/jopt-simple/4.6/jopt-simple-4.6.jar:/home/user/.m2/repository/org/apache/commons/commons-math3/3.1.1/commons-math3-3.1.1.jar:/home/user/.m2/repository/org/openjdk/jmh/jmh-generator-annprocess/1.19/jmh-generator-annprocess-1.19.jar:/home/user/.m2/repository/org/mockito/mockito-all/1.8.5/mockito-all-1.8.5.jar:/home/user/.m2/repository/org/apache/hadoop/hadoop-kms/3.2.0/hadoop-kms-3.2.0.jar:/home/user/.m2/repository/org/apache/hadoop/hadoop-auth/3.2.0/hadoop-auth-3.2.0.jar:/home/user/.m2/repository/com/nimbusds/nimbus-jose-jwt/4.41.1/nimbus-jose-jwt-4.41.1.jar:/home/user/.m2/repository/com/github/stephenc/jcip/jcip-annotations/1.0-1/jcip-annotations-1.0-1.jar:/home/user/.m2/repository/net/minidev/json-smart/2.3/json-smart-2.3.jar:/home/user/.m2/repository/net/minidev/accessors-smart/1.2/accessors-smart-1.2.jar:/home/user/.m2/repository/org/ow2/asm/asm/5.0.4/asm-5.0.4.jar:/home/user/.m2/repository/org/apache/curator/curator-framework/2.12.0/curator-framework-2.12.0.jar:/home/user/.m2/repository/com/sun/jersey/jersey-core/1.19/jersey-core-1.19.jar:/home/user/.m2/repository/javax/ws/rs/jsr311-api/1.1.1/jsr311-api-1.1.1.jar:/home/user/.m2/repository/com/sun/jersey/jersey-server/1.19/jersey-server-1.19.jar:/home/user/.m2/repository/javax/servlet/javax.servlet-api/3.1.0/javax.servlet-api-3.1.0.jar:/home/user/.m2/repository/org/eclipse/jetty/jetty-server/9.3.24.v20180605/jetty-server-9.3.24.v20180605.jar:/home/user/.m2/repository/org/eclipse/jetty/jetty-http/9.3.24.v20180605/jetty-http-9.3.24.v20180605.jar:/home/user/.m2/repository/org/eclipse/jetty/jetty-io/9.3.24.v20180605/jetty-io-9.3.24.v20180605.jar:/home/user/.m2/repository/org/eclipse/jetty/jetty-webapp/9.3.24.v20180605/jetty-webapp-9.3.24.v20180605.jar:/home/user/.m2/repository/org/eclipse/jetty/jetty-xml/9.3.24.v20180605/jetty-xml-9.3.24.v20180605.jar:/home/user/.m2/repository/log4j/log4j/1.2.17/log4j-1.2.17.jar:/home/user/.m2/repository/org/slf4j/slf4j-api/1.7.25/slf4j-api-1.7.25.jar:/home/user/.m2/repository/org/slf4j/jul-to-slf4j/1.7.25/jul-to-slf4j-1.7.25.jar:/home/user/.m2/repository/org/eclipse/jetty/jetty-util/9.3.24.v20180605/jetty-util-9.3.24.v20180605.jar:/home/user/.m2/repository/com/fasterxml/jackson/core/jackson-databind/2.9.9/jackson-databind-2.9.9.jar:/home/user/.m2/repository/org/apache/hadoop/hadoop-kms/3.2.0/hadoop-kms-3.2.0-tests.jar:/home/user/.m2/repository/org/apache/hadoop/hadoop-hdds-server-scm/0.5.0-SNAPSHOT/hadoop-hdds-server-scm-0.5.0-SNAPSHOT-tests.jar:/home/user/.m2/repository/org/apache/hadoop/hadoop-hdds-container-service/0.5.0-SNAPSHOT/hadoop-hdds-container-service-0.5.0-SNAPSHOT-tests.jar:/home/user/.m2/repository/org/yaml/snakeyaml/1.16/snakeyaml-1.16.jar:/home/user/.m2/repository/org/apache/hadoop/hadoop-common/3.2.0/hadoop-common-3.2.0-tests.jar:/home/user/.m2/repository/org/apache/hadoop/hadoop-annotations/3.2.0/hadoop-annotations-3.2.0.jar:/usr/lib/jvm/java-1.8-openjdk/jre/../lib/tools.jar:/home/user/.m2/repository/commons-cli/commons-cli/1.2/commons-cli-1.2.jar:/home/user/.m2/repository/org/apache/httpcomponents/httpclient/4.5.2/httpclient-4.5.2.jar:/home/user/.m2/repository/org/apache/httpcomponents/httpcore/4.4.4/httpcore-4.4.4.jar:/home/user/.m2/repository/commons-codec/commons-codec/1.11/commons-codec-1.11.jar:/home/user/.m2/repository/commons-net/commons-net/3.6/commons-net-3.6.jar:/home/user/.m2/repository/commons-collections/commons-collections/3.2.2/commons-collections-3.2.2.jar:/home/user/.m2/repository/org/eclipse/jetty/jetty-servlet/9.3.24.v20180605/jetty-servlet-9.3.24.v20180605.jar:/home/user/.m2/repository/org/eclipse/jetty/jetty-security/9.3.24.v20180605/jetty-security-9.3.24.v20180605.jar:/home/user/.m2/repository/javax/servlet/jsp/jsp-api/2.1/jsp-api-2.1.jar:/home/user/.m2/repository/com/sun/jersey/jersey-servlet/1.19/jersey-servlet-1.19.jar:/home/user/.m2/repository/com/sun/jersey/jersey-json/1.19/jersey-json-1.19.jar:/home/user/.m2/repository/org/codehaus/jettison/jettison/1.1/jettison-1.1.jar:/home/user/.m2/repository/org/codehaus/jackson/jackson-core-asl/1.9.13/jackson-core-asl-1.9.13.jar:/home/user/.m2/repository/org/codehaus/jackson/jackson-mapper-asl/1.9.13/jackson-mapper-asl-1.9.13.jar:/home/user/.m2/repository/org/codehaus/jackson/jackson-jaxrs/1.9.13/jackson-jaxrs-1.9.13.jar:/home/user/.m2/repository/org/codehaus/jackson/jackson-xc/1.9.13/jackson-xc-1.9.13.jar:/home/user/.m2/repository/commons-logging/commons-logging/1.1.3/commons-logging-1.1.3.jar:/home/user/.m2/repository/commons-beanutils/commons-beanutils/1.9.4/commons-beanutils-1.9.4.jar:/home/user/.m2/repository/org/apache/commons/commons-configuration2/2.1.1/commons-configuration2-2.1.1.jar:/home/user/.m2/repository/org/apache/commons/commons-lang3/3.7/commons-lang3-3.7.jar:/home/user/.m2/repository/org/apache/commons/commons-text/1.4/commons-text-1.4.jar:/home/user/.m2/repository/org/apache/avro/avro/1.7.7/avro-1.7.7.jar:/home/user/.m2/repository/com/thoughtworks/paranamer/paranamer/2.3/paranamer-2.3.jar:/home/user/.m2/repository/org/xerial/snappy/snappy-java/1.0.5/snappy-java-1.0.5.jar:/home/user/.m2/repository/com/google/re2j/re2j/1.1/re2j-1.1.jar:/home/user/.m2/repository/com/google/code/gson/gson/2.2.4/gson-2.2.4.jar:/home/user/.m2/repository/com/jcraft/jsch/0.1.54/jsch-0.1.54.jar:/home/user/.m2/repository/org/apache/curator/curator-client/2.12.0/curator-client-2.12.0.jar:/home/user/.m2/repository/org/apache/curator/curator-recipes/2.12.0/curator-recipes-2.12.0.jar:/home/user/.m2/repository/com/google/code/findbugs/jsr305/3.0.0/jsr305-3.0.0.jar:/home/user/.m2/repository/org/apache/htrace/htrace-core4/4.1.0-incubating/htrace-core4-4.1.0-incubating.jar:/home/user/.m2/repository/org/apache/zookeeper/zookeeper/3.4.13/zookeeper-3.4.13.jar:/home/user/.m2/repository/org/apache/yetus/audience-annotations/0.5.0/audience-annotations-0.5.0.jar:/home/user/.m2/repository/org/codehaus/woodstox/stax2-api/3.1.4/stax2-api-3.1.4.jar:/home/user/.m2/repository/com/fasterxml/woodstox/woodstox-core/5.0.3/woodstox-core-5.0.3.jar:/home/user/.m2/repository/dnsjava/dnsjava/2.1.7/dnsjava-2.1.7.jar:/home/user/.m2/repository/org/apache/hadoop/hadoop-hdfs/3.2.0/hadoop-hdfs-3.2.0-tests.jar:/home/user/.m2/repository/org/eclipse/jetty/jetty-util-ajax/9.3.24.v20180605/jetty-util-ajax-9.3.24.v20180605.jar:/home/user/.m2/repository/commons-daemon/commons-daemon/1.0.13/commons-daemon-1.0.13.jar:/home/user/.m2/repository/io/netty/netty/3.10.5.Final/netty-3.10.5.Final.jar:/home/user/.m2/repository/io/netty/netty-all/4.0.52.Final/netty-all-4.0.52.Final.jar:/home/user/.m2/repository/org/fusesource/leveldbjni/leveldbjni-all/1.8/leveldbjni-all-1.8.jar:"/>
    <property name="sun.cpu.endian" value="little"/>
    <property name="user.home" value="/home/user"/>
    <property name="user.language" value="en"/>
    <property name="java.specification.vendor" value="Oracle Corporation"/>
    <property name="java.home" value="/usr/lib/jvm/java-1.8-openjdk/jre"/>
    <property name="java.security.krb5.conf" value="/workdir/hadoop-ozone/integration-test/target/test-classes/krb5.conf"/>
    <property name="basedir" value="/workdir/hadoop-ozone/integration-test"/>
    <property name="file.separator" value="/"/>
    <property name="line.separator" value="&#10;"/>
    <property name="java.vm.specification.vendor" value="Oracle Corporation"/>
    <property name="java.specification.name" value="Java Platform API Specification"/>
    <property name="java.awt.graphicsenv" value="sun.awt.X11GraphicsEnvironment"/>
    <property name="surefire.real.class.path" value="/workdir/hadoop-ozone/integration-test/target/surefire/surefirebooter3766198497154023668.jar"/>
    <property name="hadoop.log.dir" value="/workdir/hadoop-ozone/integration-test/target/log"/>
    <property name="sun.boot.class.path" value="/usr/lib/jvm/java-1.8-openjdk/jre/lib/resources.jar:/usr/lib/jvm/java-1.8-openjdk/jre/lib/rt.jar:/usr/lib/jvm/java-1.8-openjdk/jre/lib/sunrsasign.jar:/usr/lib/jvm/java-1.8-openjdk/jre/lib/jsse.jar:/usr/lib/jvm/java-1.8-openjdk/jre/lib/jce.jar:/usr/lib/jvm/java-1.8-openjdk/jre/lib/charsets.jar:/usr/lib/jvm/java-1.8-openjdk/jre/lib/jfr.jar:/usr/lib/jvm/java-1.8-openjdk/jre/classes"/>
    <property name="sun.management.compiler" value="HotSpot 64-Bit Tiered Compilers"/>
    <property name="java.runtime.version" value="1.8.0_212-b04"/>
    <property name="java.net.preferIPv4Stack" value="true"/>
    <property name="user.name" value="jenkins1000"/>
    <property name="path.separator" value=":"/>
    <property name="java.security.egd" value="file:///dev/urandom"/>
    <property name="os.version" value="3.10.0-957.12.2.el7.x86_64"/>
    <property name="java.endorsed.dirs" value="/usr/lib/jvm/java-1.8-openjdk/jre/lib/endorsed"/>
    <property name="java.runtime.name" value="OpenJDK Runtime Environment"/>
    <property name="file.encoding" value="UTF-8"/>
    <property name="java.vm.name" value="OpenJDK 64-Bit Server VM"/>
    <property name="test.build.webapps" value=""/>
    <property name="localRepository" value="/home/user/.m2/repository"/>
    <property name="java.vendor.url.bug" value="https://icedtea.classpath.org/bugzilla"/>
    <property name="java.io.tmpdir" value="/tmp"/>
    <property name="require.test.libhadoop" value=""/>
    <property name="java.version" value="1.8.0_212"/>
    <property name="user.dir" value="/workdir/hadoop-ozone/integration-test"/>
    <property name="os.arch" value="amd64"/>
    <property name="java.vm.specification.name" value="Java Virtual Machine Specification"/>
    <property name="test.build.classes" value="/workdir/hadoop-ozone/integration-test/target/test-classes"/>
    <property name="java.awt.printerjob" value="sun.print.PSPrinterJob"/>
    <property name="sun.os.patch.level" value="unknown"/>
    <property name="hadoop.tmp.dir" value="/workdir/hadoop-ozone/integration-test/target/tmp"/>
    <property name="java.library.path" value="/usr/lib/jvm/java-1.8-openjdk/jre/lib/amd64/server:/usr/lib/jvm/java-1.8-openjdk/jre/lib/amd64:/usr/lib/jvm/java-1.8-openjdk/jre/../lib/amd64:/workdir/hadoop-ozone/integration-test/target/native/target/usr/local/lib:/workdir/hadoop-ozone/integration-test/../../hadoop-common-project/hadoop-common/target/native/target/usr/local/lib:/usr/java/packages/lib/amd64:/usr/lib64:/lib64:/lib:/usr/lib"/>
    <property name="java.vm.info" value="mixed mode"/>
    <property name="java.vendor" value="IcedTea"/>
    <property name="java.vm.version" value="25.212-b04"/>
    <property name="java.ext.dirs" value="/usr/lib/jvm/java-1.8-openjdk/jre/lib/ext:/usr/java/packages/lib/ext"/>
    <property name="sun.io.unicode.encoding" value="UnicodeLittle"/>
    <property name="java.class.version" value="52.0"/>
  </properties>
  <testcase name="test2DatanodesFailure" classname="org.apache.hadoop.ozone.client.rpc.TestBlockOutputStreamWithFailures" time="110.587"/>
  <testcase name="testDatanodeFailureWithPreAllocation" classname="org.apache.hadoop.ozone.client.rpc.TestBlockOutputStreamWithFailures" time="224.009"/>
  <testcase name="testDatanodeFailureWithSingleNodeRatis" classname="org.apache.hadoop.ozone.client.rpc.TestBlockOutputStreamWithFailures" time="223.164"/>
  <testcase name="testWatchForCommitWithSingleNodeRatis" classname="org.apache.hadoop.ozone.client.rpc.TestBlockOutputStreamWithFailures" time="35.782"/>
  <testcase name="testWatchForCommitDatanodeFailure" classname="org.apache.hadoop.ozone.client.rpc.TestBlockOutputStreamWithFailures" time="46.306">
    <failure message="expected:&lt;2&gt; but was:&lt;3&gt;" type="java.lang.AssertionError"><![CDATA[java.lang.AssertionError: expected:<2> but was:<3>
	at org.junit.Assert.fail(Assert.java:88)
	at org.junit.Assert.failNotEquals(Assert.java:743)
	at org.junit.Assert.assertEquals(Assert.java:118)
	at org.junit.Assert.assertEquals(Assert.java:555)
	at org.junit.Assert.assertEquals(Assert.java:542)
	at org.apache.hadoop.ozone.client.rpc.TestBlockOutputStreamWithFailures.testWatchForCommitDatanodeFailure(TestBlockOutputStreamWithFailures.java:366)
	at sun.reflect.NativeMethodAccessorImpl.invoke0(Native Method)
	at sun.reflect.NativeMethodAccessorImpl.invoke(NativeMethodAccessorImpl.java:62)
	at sun.reflect.DelegatingMethodAccessorImpl.invoke(DelegatingMethodAccessorImpl.java:43)
	at java.lang.reflect.Method.invoke(Method.java:498)
	at org.junit.runners.model.FrameworkMethod$1.runReflectiveCall(FrameworkMethod.java:47)
	at org.junit.internal.runners.model.ReflectiveCallable.run(ReflectiveCallable.java:12)
	at org.junit.runners.model.FrameworkMethod.invokeExplosively(FrameworkMethod.java:44)
	at org.junit.internal.runners.statements.InvokeMethod.evaluate(InvokeMethod.java:17)
	at org.junit.internal.runners.statements.RunBefores.evaluate(RunBefores.java:26)
	at org.junit.internal.runners.statements.RunAfters.evaluate(RunAfters.java:27)
	at org.junit.runners.ParentRunner.runLeaf(ParentRunner.java:271)
	at org.junit.runners.BlockJUnit4ClassRunner.runChild(BlockJUnit4ClassRunner.java:70)
	at org.junit.runners.BlockJUnit4ClassRunner.runChild(BlockJUnit4ClassRunner.java:50)
	at org.junit.runners.ParentRunner$3.run(ParentRunner.java:238)
	at org.junit.runners.ParentRunner$1.schedule(ParentRunner.java:63)
	at org.junit.runners.ParentRunner.runChildren(ParentRunner.java:236)
	at org.junit.runners.ParentRunner.access$000(ParentRunner.java:53)
	at org.junit.runners.ParentRunner$2.evaluate(ParentRunner.java:229)
	at org.junit.runners.ParentRunner.run(ParentRunner.java:309)
	at org.apache.maven.surefire.junit4.JUnit4Provider.execute(JUnit4Provider.java:365)
	at org.apache.maven.surefire.junit4.JUnit4Provider.executeWithRerun(JUnit4Provider.java:273)
	at org.apache.maven.surefire.junit4.JUnit4Provider.executeTestSet(JUnit4Provider.java:238)
	at org.apache.maven.surefire.junit4.JUnit4Provider.invoke(JUnit4Provider.java:159)
	at org.apache.maven.surefire.booter.ForkedBooter.invokeProviderInSameClassLoader(ForkedBooter.java:384)
	at org.apache.maven.surefire.booter.ForkedBooter.runSuitesInProcess(ForkedBooter.java:345)
	at org.apache.maven.surefire.booter.ForkedBooter.execute(ForkedBooter.java:126)
	at org.apache.maven.surefire.booter.ForkedBooter.main(ForkedBooter.java:418)
]]></failure>
    <system-out><![CDATA[2019-09-19 11:31:44,007 [main] WARN  server.ServerUtils (ServerUtils.java:getScmDbDir(145)) - ozone.scm.db.dirs is not configured. We recommend adding this setting. Falling back to ozone.metadata.dirs instead.
2019-09-19 11:31:44,015 [main] WARN  server.ServerUtils (ServerUtils.java:getScmDbDir(145)) - ozone.scm.db.dirs is not configured. We recommend adding this setting. Falling back to ozone.metadata.dirs instead.
2019-09-19 11:31:44,015 [main] WARN  server.ServerUtils (ServerUtils.java:getScmDbDir(145)) - ozone.scm.db.dirs is not configured. We recommend adding this setting. Falling back to ozone.metadata.dirs instead.
2019-09-19 11:31:44,016 [main] INFO  db.DBStoreBuilder (DBStoreBuilder.java:addTable(110)) - using custom profile for table: deletedBlocks
2019-09-19 11:31:44,016 [main] INFO  db.DBStoreBuilder (DBStoreBuilder.java:processTables(161)) - Using default column profile:DBProfile.DISK for Table:deletedBlocks
2019-09-19 11:31:44,016 [main] INFO  db.DBStoreBuilder (DBStoreBuilder.java:addTable(110)) - using custom profile for table: validCerts
2019-09-19 11:31:44,017 [main] INFO  db.DBStoreBuilder (DBStoreBuilder.java:processTables(161)) - Using default column profile:DBProfile.DISK for Table:validCerts
2019-09-19 11:31:44,017 [main] INFO  db.DBStoreBuilder (DBStoreBuilder.java:addTable(110)) - using custom profile for table: revokedCerts
2019-09-19 11:31:44,017 [main] INFO  db.DBStoreBuilder (DBStoreBuilder.java:processTables(161)) - Using default column profile:DBProfile.DISK for Table:revokedCerts
2019-09-19 11:31:44,017 [main] INFO  db.DBStoreBuilder (DBStoreBuilder.java:addTable(110)) - using custom profile for table: default
2019-09-19 11:31:44,017 [main] INFO  db.DBStoreBuilder (DBStoreBuilder.java:processTables(167)) - Using default column profile:DBProfile.DISK for Table:default
2019-09-19 11:31:44,018 [main] INFO  db.DBStoreBuilder (DBStoreBuilder.java:getDbProfile(198)) - Using default options. DBProfile.DISK
2019-09-19 11:31:44,243 [main] INFO  net.NodeSchemaLoader (NodeSchemaLoader.java:loadSchemaFromFile(125)) - Loading file from sun.misc.CompoundEnumeration@6380e9e9
2019-09-19 11:31:44,244 [main] INFO  net.NodeSchemaLoader (NodeSchemaLoader.java:loadSchema(171)) - Loading network topology layer schema file
2019-09-19 11:31:44,249 [main] INFO  node.SCMNodeManager (SCMNodeManager.java:<init>(114)) - Entering startup safe mode.
2019-09-19 11:31:44,250 [main] INFO  algorithms.ContainerPlacementPolicyFactory (ContainerPlacementPolicyFactory.java:getPolicy(57)) - Create container placement policy of type org.apache.hadoop.hdds.scm.container.placement.algorithms.SCMContainerPlacementRandom
2019-09-19 11:31:44,250 [main] WARN  server.ServerUtils (ServerUtils.java:getScmDbDir(145)) - ozone.scm.db.dirs is not configured. We recommend adding this setting. Falling back to ozone.metadata.dirs instead.
2019-09-19 11:31:44,330 [main] INFO  pipeline.SCMPipelineManager (SCMPipelineManager.java:initializePipelineState(128)) - No pipeline exists in current db
2019-09-19 11:31:44,330 [main] WARN  server.ServerUtils (ServerUtils.java:getScmDbDir(145)) - ozone.scm.db.dirs is not configured. We recommend adding this setting. Falling back to ozone.metadata.dirs instead.
2019-09-19 11:31:44,395 [main] WARN  events.EventQueue (EventQueue.java:fireEvent(183)) - No event handler registered for event TypedEvent{payloadType=SafeModeStatus, name='SafeModeStatus'}
2019-09-19 11:31:44,396 [main] INFO  ipc.CallQueueManager (CallQueueManager.java:<init>(84)) - Using callQueue: class java.util.concurrent.LinkedBlockingQueue, queueCapacity: 2000, scheduler: class org.apache.hadoop.ipc.DefaultRpcScheduler, ipcBackoff: false.
2019-09-19 11:31:44,397 [Socket Reader #1 for port 35953] INFO  ipc.Server (Server.java:run(1074)) - Starting Socket Reader #1 for port 35953
2019-09-19 11:31:44,400 [main] INFO  ipc.CallQueueManager (CallQueueManager.java:<init>(84)) - Using callQueue: class java.util.concurrent.LinkedBlockingQueue, queueCapacity: 2000, scheduler: class org.apache.hadoop.ipc.DefaultRpcScheduler, ipcBackoff: false.
2019-09-19 11:31:44,400 [Socket Reader #1 for port 41283] INFO  ipc.Server (Server.java:run(1074)) - Starting Socket Reader #1 for port 41283
2019-09-19 11:31:44,402 [main] INFO  ipc.CallQueueManager (CallQueueManager.java:<init>(84)) - Using callQueue: class java.util.concurrent.LinkedBlockingQueue, queueCapacity: 2000, scheduler: class org.apache.hadoop.ipc.DefaultRpcScheduler, ipcBackoff: false.
2019-09-19 11:31:44,403 [Socket Reader #1 for port 37399] INFO  ipc.Server (Server.java:run(1074)) - Starting Socket Reader #1 for port 37399
2019-09-19 11:31:44,405 [main] INFO  hdfs.DFSUtil (DFSUtil.java:httpServerTemplateForNNAndJN(1641)) - Starting Web-server for scm at: http://0.0.0.0:0
2019-09-19 11:31:44,407 [main] INFO  server.AuthenticationFilter (AuthenticationFilter.java:constructSecretProvider(240)) - Unable to initialize FileSignerSecretProvider, falling back to use random secrets.
2019-09-19 11:31:44,408 [main] WARN  http.HttpRequestLog (HttpRequestLog.java:getRequestLog(97)) - Jetty request log can only be enabled using Log4j
2019-09-19 11:31:44,409 [main] INFO  http.HttpServer2 (HttpServer2.java:addGlobalFilter(975)) - Added global filter 'safety' (class=org.apache.hadoop.http.HttpServer2$QuotingInputFilter)
2019-09-19 11:31:44,410 [main] INFO  http.HttpServer2 (HttpServer2.java:addFilter(948)) - Added filter static_user_filter (class=org.apache.hadoop.http.lib.StaticUserWebFilter$StaticUserFilter) to context scm
2019-09-19 11:31:44,410 [main] INFO  http.HttpServer2 (HttpServer2.java:addFilter(958)) - Added filter static_user_filter (class=org.apache.hadoop.http.lib.StaticUserWebFilter$StaticUserFilter) to context static
2019-09-19 11:31:44,410 [main] INFO  http.HttpServer2 (HttpServer2.java:addFilter(958)) - Added filter static_user_filter (class=org.apache.hadoop.http.lib.StaticUserWebFilter$StaticUserFilter) to context logs
2019-09-19 11:31:44,412 [main] INFO  server.StorageContainerManager (StorageContainerManager.java:start(763)) - StorageContainerLocationProtocol RPC server is listening at /0.0.0.0:37399
2019-09-19 11:31:44,414 [main] WARN  impl.MetricsConfig (MetricsConfig.java:loadFirst(134)) - Cannot locate configuration: tried hadoop-metrics2-storagecontainermanager.properties,hadoop-metrics2.properties
2019-09-19 11:31:44,415 [main] INFO  impl.MetricsSystemImpl (MetricsSystemImpl.java:startTimer(374)) - Scheduled Metric snapshot period at 10 second(s).
2019-09-19 11:31:44,415 [main] INFO  impl.MetricsSystemImpl (MetricsSystemImpl.java:start(191)) - StorageContainerManager metrics system started
2019-09-19 11:31:44,469 [main] WARN  impl.MetricsSystemImpl (MetricsSystemImpl.java:register(276)) - Sink prometheus already exists!
2019-09-19 11:31:44,560 [main] INFO  server.SCMClientProtocolServer (SCMClientProtocolServer.java:start(151)) - RPC server for Client  is listening at /0.0.0.0:37399
2019-09-19 11:31:44,561 [IPC Server Responder] INFO  ipc.Server (Server.java:run(1314)) - IPC Server Responder: starting
2019-09-19 11:31:44,561 [IPC Server listener on 37399] INFO  ipc.Server (Server.java:run(1153)) - IPC Server listener on 37399: starting
2019-09-19 11:31:44,565 [main] INFO  server.StorageContainerManager (StorageContainerManager.java:start(773)) - ScmBlockLocationProtocol RPC server is listening at /0.0.0.0:41283
2019-09-19 11:31:44,565 [main] INFO  server.SCMBlockProtocolServer (SCMBlockProtocolServer.java:start(146)) - RPC server for Block Protocol is listening at /0.0.0.0:41283
2019-09-19 11:31:44,565 [IPC Server Responder] INFO  ipc.Server (Server.java:run(1314)) - IPC Server Responder: starting
2019-09-19 11:31:44,565 [IPC Server listener on 41283] INFO  ipc.Server (Server.java:run(1153)) - IPC Server listener on 41283: starting
2019-09-19 11:31:44,569 [main] INFO  server.StorageContainerManager (StorageContainerManager.java:start(777)) - ScmDatanodeProtocl RPC server is listening at /0.0.0.0:35953
2019-09-19 11:31:44,569 [main] INFO  server.SCMDatanodeProtocolServer (SCMDatanodeProtocolServer.java:start(191)) - RPC server for DataNodes is listening at /0.0.0.0:35953
2019-09-19 11:31:44,569 [IPC Server Responder] INFO  ipc.Server (Server.java:run(1314)) - IPC Server Responder: starting
2019-09-19 11:31:44,569 [IPC Server listener on 35953] INFO  ipc.Server (Server.java:run(1153)) - IPC Server listener on 35953: starting
2019-09-19 11:31:44,573 [main] INFO  http.HttpServer2 (HttpServer2.java:bindListener(1191)) - Jetty bound to port 42439
2019-09-19 11:31:44,573 [main] INFO  server.Server (Server.java:doStart(351)) - jetty-9.3.24.v20180605, build timestamp: 2018-06-05T17:11:56Z, git hash: 84205aa28f11a4f31f2a3b86d1bba2cc8ab69827
2019-09-19 11:31:44,575 [main] INFO  handler.ContextHandler (ContextHandler.java:doStart(781)) - Started o.e.j.s.ServletContextHandler@27a9f025{/logs,file:///workdir/hadoop-ozone/integration-test/target/log,AVAILABLE}
2019-09-19 11:31:44,575 [main] INFO  handler.ContextHandler (ContextHandler.java:doStart(781)) - Started o.e.j.s.ServletContextHandler@61359e87{/static,file:///workdir/hadoop-ozone/integration-test/target/test-classes/webapps/static,AVAILABLE}
2019-09-19 11:31:44,580 [main] INFO  handler.ContextHandler (ContextHandler.java:doStart(781)) - Started o.e.j.w.WebAppContext@342ee097{/,file:///workdir/hadoop-ozone/integration-test/target/test-classes/webapps/scm/,AVAILABLE}{/scm}
2019-09-19 11:31:44,580 [main] INFO  server.AbstractConnector (AbstractConnector.java:doStart(278)) - Started ServerConnector@6ac45c0c{HTTP/1.1,[http/1.1]}{0.0.0.0:42439}
2019-09-19 11:31:44,581 [main] INFO  server.Server (Server.java:doStart(419)) - Started @594716ms
2019-09-19 11:31:44,581 [main] WARN  impl.MetricsSystemImpl (MetricsSystemImpl.java:register(276)) - Sink prometheus already exists!
2019-09-19 11:31:44,583 [main] INFO  server.BaseHttpServer (BaseHttpServer.java:updateConnectorAddress(215)) - HTTP server of SCM is listening at http://0.0.0.0:42439
2019-09-19 11:31:44,585 [main] WARN  server.ServerUtils (ServerUtils.java:getDBPath(222)) - ozone.om.db.dirs is not configured. We recommend adding this setting. Falling back to ozone.metadata.dirs instead.
2019-09-19 11:31:44,585 [org.apache.hadoop.util.JvmPauseMonitor$Monitor@6075b369] INFO  util.JvmPauseMonitor (JvmPauseMonitor.java:run(188)) - Starting JVM pause monitor
2019-09-19 11:31:44,610 [main] WARN  server.ServerUtils (ServerUtils.java:getDBPath(222)) - ozone.om.db.dirs is not configured. We recommend adding this setting. Falling back to ozone.metadata.dirs instead.
2019-09-19 11:31:44,610 [main] WARN  server.ServerUtils (ServerUtils.java:getDBPath(222)) - ozone.om.db.dirs is not configured. We recommend adding this setting. Falling back to ozone.metadata.dirs instead.
2019-09-19 11:31:44,611 [main] INFO  om.OzoneManager (OzoneManager.java:setOMNodeDetails(649)) - OM Service ID is not set. Setting it to the default ID: omServiceIdDefault
2019-09-19 11:31:44,611 [main] INFO  om.OzoneManager (OzoneManager.java:setOMNodeDetails(655)) - OM Node ID is not set. Setting it to the OmStorage's OmID: 8e54f4cc-32de-47b4-a59c-99cc364a28f3
2019-09-19 11:31:44,611 [main] INFO  om.OzoneManager (OzoneManager.java:loadOMHAConfigs(606)) - Found matching OM address with OMServiceId: null, OMNodeId: null, RPC Address: localhost:0 and Ratis port: 9872
2019-09-19 11:31:44,618 [main] WARN  server.ServerUtils (ServerUtils.java:getDBPath(222)) - ozone.om.db.dirs is not configured. We recommend adding this setting. Falling back to ozone.metadata.dirs instead.
2019-09-19 11:31:44,618 [main] INFO  db.DBStoreBuilder (DBStoreBuilder.java:addTable(110)) - using custom profile for table: userTable
2019-09-19 11:31:44,618 [main] INFO  db.DBStoreBuilder (DBStoreBuilder.java:processTables(161)) - Using default column profile:DBProfile.DISK for Table:userTable
2019-09-19 11:31:44,619 [main] INFO  db.DBStoreBuilder (DBStoreBuilder.java:addTable(110)) - using custom profile for table: volumeTable
2019-09-19 11:31:44,619 [main] INFO  db.DBStoreBuilder (DBStoreBuilder.java:processTables(161)) - Using default column profile:DBProfile.DISK for Table:volumeTable
2019-09-19 11:31:44,619 [main] INFO  db.DBStoreBuilder (DBStoreBuilder.java:addTable(110)) - using custom profile for table: bucketTable
2019-09-19 11:31:44,619 [main] INFO  db.DBStoreBuilder (DBStoreBuilder.java:processTables(161)) - Using default column profile:DBProfile.DISK for Table:bucketTable
2019-09-19 11:31:44,620 [main] INFO  db.DBStoreBuilder (DBStoreBuilder.java:addTable(110)) - using custom profile for table: keyTable
2019-09-19 11:31:44,620 [main] INFO  db.DBStoreBuilder (DBStoreBuilder.java:processTables(161)) - Using default column profile:DBProfile.DISK for Table:keyTable
2019-09-19 11:31:44,620 [main] INFO  db.DBStoreBuilder (DBStoreBuilder.java:addTable(110)) - using custom profile for table: deletedTable
2019-09-19 11:31:44,620 [main] INFO  db.DBStoreBuilder (DBStoreBuilder.java:processTables(161)) - Using default column profile:DBProfile.DISK for Table:deletedTable
2019-09-19 11:31:44,621 [main] INFO  db.DBStoreBuilder (DBStoreBuilder.java:addTable(110)) - using custom profile for table: openKeyTable
2019-09-19 11:31:44,621 [main] INFO  db.DBStoreBuilder (DBStoreBuilder.java:processTables(161)) - Using default column profile:DBProfile.DISK for Table:openKeyTable
2019-09-19 11:31:44,621 [main] INFO  db.DBStoreBuilder (DBStoreBuilder.java:addTable(110)) - using custom profile for table: s3Table
2019-09-19 11:31:44,621 [main] INFO  db.DBStoreBuilder (DBStoreBuilder.java:processTables(161)) - Using default column profile:DBProfile.DISK for Table:s3Table
2019-09-19 11:31:44,622 [main] INFO  db.DBStoreBuilder (DBStoreBuilder.java:addTable(110)) - using custom profile for table: multipartInfoTable
2019-09-19 11:31:44,622 [main] INFO  db.DBStoreBuilder (DBStoreBuilder.java:processTables(161)) - Using default column profile:DBProfile.DISK for Table:multipartInfoTable
2019-09-19 11:31:44,622 [main] INFO  db.DBStoreBuilder (DBStoreBuilder.java:addTable(110)) - using custom profile for table: dTokenTable
2019-09-19 11:31:44,622 [main] INFO  db.DBStoreBuilder (DBStoreBuilder.java:processTables(161)) - Using default column profile:DBProfile.DISK for Table:dTokenTable
2019-09-19 11:31:44,622 [main] INFO  db.DBStoreBuilder (DBStoreBuilder.java:addTable(110)) - using custom profile for table: s3SecretTable
2019-09-19 11:31:44,623 [main] INFO  db.DBStoreBuilder (DBStoreBuilder.java:processTables(161)) - Using default column profile:DBProfile.DISK for Table:s3SecretTable
2019-09-19 11:31:44,623 [main] INFO  db.DBStoreBuilder (DBStoreBuilder.java:addTable(110)) - using custom profile for table: prefixTable
2019-09-19 11:31:44,623 [main] INFO  db.DBStoreBuilder (DBStoreBuilder.java:processTables(161)) - Using default column profile:DBProfile.DISK for Table:prefixTable
2019-09-19 11:31:44,623 [main] INFO  db.DBStoreBuilder (DBStoreBuilder.java:addTable(110)) - using custom profile for table: default
2019-09-19 11:31:44,624 [main] INFO  db.DBStoreBuilder (DBStoreBuilder.java:processTables(167)) - Using default column profile:DBProfile.DISK for Table:default
2019-09-19 11:31:44,624 [main] INFO  db.DBStoreBuilder (DBStoreBuilder.java:getDbProfile(198)) - Using default options. DBProfile.DISK
2019-09-19 11:31:45,412 [main] INFO  ipc.CallQueueManager (CallQueueManager.java:<init>(84)) - Using callQueue: class java.util.concurrent.LinkedBlockingQueue, queueCapacity: 2000, scheduler: class org.apache.hadoop.ipc.DefaultRpcScheduler, ipcBackoff: false.
2019-09-19 11:31:45,413 [Socket Reader #1 for port 45282] INFO  ipc.Server (Server.java:run(1074)) - Starting Socket Reader #1 for port 45282
2019-09-19 11:31:45,427 [main] INFO  om.OzoneManager (OzoneManager.java:start(1240)) - OzoneManager RPC server is listening at localhost/127.0.0.1:45282
2019-09-19 11:31:45,427 [main] INFO  impl.MetricsSystemImpl (MetricsSystemImpl.java:init(158)) - OzoneManager metrics system started (again)
2019-09-19 11:31:45,427 [IPC Server Responder] INFO  ipc.Server (Server.java:run(1314)) - IPC Server Responder: starting
2019-09-19 11:31:45,428 [IPC Server listener on 45282] INFO  ipc.Server (Server.java:run(1153)) - IPC Server listener on 45282: starting
2019-09-19 11:31:45,433 [main] INFO  hdfs.DFSUtil (DFSUtil.java:httpServerTemplateForNNAndJN(1641)) - Starting Web-server for ozoneManager at: http://0.0.0.0:0
2019-09-19 11:31:45,434 [main] INFO  server.AuthenticationFilter (AuthenticationFilter.java:constructSecretProvider(240)) - Unable to initialize FileSignerSecretProvider, falling back to use random secrets.
2019-09-19 11:31:45,434 [main] WARN  http.HttpRequestLog (HttpRequestLog.java:getRequestLog(97)) - Jetty request log can only be enabled using Log4j
2019-09-19 11:31:45,436 [main] INFO  http.HttpServer2 (HttpServer2.java:addGlobalFilter(975)) - Added global filter 'safety' (class=org.apache.hadoop.http.HttpServer2$QuotingInputFilter)
2019-09-19 11:31:45,436 [main] INFO  http.HttpServer2 (HttpServer2.java:addFilter(948)) - Added filter static_user_filter (class=org.apache.hadoop.http.lib.StaticUserWebFilter$StaticUserFilter) to context ozoneManager
2019-09-19 11:31:45,436 [main] INFO  http.HttpServer2 (HttpServer2.java:addFilter(958)) - Added filter static_user_filter (class=org.apache.hadoop.http.lib.StaticUserWebFilter$StaticUserFilter) to context static
2019-09-19 11:31:45,437 [main] INFO  http.HttpServer2 (HttpServer2.java:addFilter(958)) - Added filter static_user_filter (class=org.apache.hadoop.http.lib.StaticUserWebFilter$StaticUserFilter) to context logs
2019-09-19 11:31:45,437 [main] INFO  http.HttpServer2 (HttpServer2.java:bindListener(1191)) - Jetty bound to port 40969
2019-09-19 11:31:45,437 [main] INFO  server.Server (Server.java:doStart(351)) - jetty-9.3.24.v20180605, build timestamp: 2018-06-05T17:11:56Z, git hash: 84205aa28f11a4f31f2a3b86d1bba2cc8ab69827
2019-09-19 11:31:45,439 [main] INFO  handler.ContextHandler (ContextHandler.java:doStart(781)) - Started o.e.j.s.ServletContextHandler@b022551{/logs,file:///workdir/hadoop-ozone/integration-test/target/log,AVAILABLE}
2019-09-19 11:31:45,439 [main] INFO  handler.ContextHandler (ContextHandler.java:doStart(781)) - Started o.e.j.s.ServletContextHandler@5eb87338{/static,file:///workdir/hadoop-ozone/integration-test/target/test-classes/webapps/static,AVAILABLE}
2019-09-19 11:31:45,443 [main] INFO  handler.ContextHandler (ContextHandler.java:doStart(781)) - Started o.e.j.w.WebAppContext@5bb8e6fc{/,file:///workdir/hadoop-ozone/integration-test/target/test-classes/webapps/ozoneManager/,AVAILABLE}{/ozoneManager}
2019-09-19 11:31:45,443 [main] INFO  server.AbstractConnector (AbstractConnector.java:doStart(278)) - Started ServerConnector@2726a511{HTTP/1.1,[http/1.1]}{0.0.0.0:40969}
2019-09-19 11:31:45,443 [main] INFO  server.Server (Server.java:doStart(419)) - Started @595578ms
2019-09-19 11:31:45,444 [main] WARN  impl.MetricsSystemImpl (MetricsSystemImpl.java:register(276)) - Sink prometheus already exists!
2019-09-19 11:31:45,445 [main] INFO  server.BaseHttpServer (BaseHttpServer.java:updateConnectorAddress(215)) - HTTP server of OZONEMANAGER is listening at http://0.0.0.0:40969
2019-09-19 11:31:45,457 [main] INFO  impl.MetricsSystemImpl (MetricsSystemImpl.java:init(158)) - HddsDatanode metrics system started (again)
2019-09-19 11:31:45,459 [main] INFO  ozone.HddsDatanodeService (HddsDatanodeService.java:start(184)) - HddsDatanodeService host:pr-hdds-2154-j8s56-3842691507 ip:192.168.151.78
2019-09-19 11:31:45,464 [main] INFO  volume.HddsVolume (HddsVolume.java:<init>(176)) - Creating Volume: /workdir/hadoop-ozone/integration-test/target/test-dir/MiniOzoneClusterImpl-6da57ec2-366d-4ea4-a605-9b5cf4b6fb5d/datanode-0/data/containers/hdds of  storage type : DISK and capacity : 1482555576320
2019-09-19 11:31:45,465 [main] INFO  volume.VolumeSet (VolumeSet.java:initializeVolumeSet(170)) - Added Volume : /workdir/hadoop-ozone/integration-test/target/test-dir/MiniOzoneClusterImpl-6da57ec2-366d-4ea4-a605-9b5cf4b6fb5d/datanode-0/data/containers/hdds to VolumeSet
2019-09-19 11:31:45,465 [main] INFO  volume.ThrottledAsyncChecker (ThrottledAsyncChecker.java:schedule(139)) - Scheduling a check for org.apache.hadoop.ozone.container.common.volume.HddsVolume@52f8a6f4
2019-09-19 11:31:45,465 [main] INFO  volume.HddsVolumeChecker (HddsVolumeChecker.java:checkAllVolumes(202)) - Scheduled health check for volume org.apache.hadoop.ozone.container.common.volume.HddsVolume@52f8a6f4
2019-09-19 11:31:45,477 [main] INFO  impl.RaftServerProxy (ConfUtils.java:logGet(43)) - raft.rpc.type = GRPC (default)
2019-09-19 11:31:45,477 [main] INFO  grpc.GrpcFactory (GrpcFactory.java:checkPooledByteBufAllocatorUseCacheForAllThreads(45)) - PERFORMANCE WARNING: useCacheForAllThreads is true that may cause Netty to create a lot garbage objects and, as a result, trigger GC.
	It is recommended to disable useCacheForAllThreads by setting -Dorg.apache.ratis.thirdparty.io.netty.allocator.useCacheForAllThreads=false in command line.
2019-09-19 11:31:45,477 [main] INFO  grpc.GrpcConfigKeys$Server (ConfUtils.java:logGet(43)) - raft.grpc.server.port = 0 (default)
2019-09-19 11:31:45,478 [main] INFO  server.GrpcService (ConfUtils.java:logGet(43)) - raft.grpc.message.size.max = 33570816 (custom)
2019-09-19 11:31:45,478 [main] INFO  server.RaftServerConfigKeys (ConfUtils.java:logGet(43)) - raft.server.log.appender.buffer.byte-limit = 33554432 (custom)
2019-09-19 11:31:45,478 [main] INFO  server.GrpcService (ConfUtils.java:logGet(43)) - raft.grpc.flow.control.window = 1MB (=1048576) (default)
2019-09-19 11:31:45,478 [main] INFO  server.RaftServerConfigKeys (ConfUtils.java:logGet(43)) - raft.server.rpc.request.timeout = 3000ms (default)
2019-09-19 11:31:45,479 [main] INFO  server.RaftServerConfigKeys (ConfUtils.java:logGet(43)) - raft.server.storage.dir = [/workdir/hadoop-ozone/integration-test/target/test-dir/MiniOzoneClusterImpl-6da57ec2-366d-4ea4-a605-9b5cf4b6fb5d/datanode-0/data/ratis] (custom)
2019-09-19 11:31:45,480 [main] INFO  hdfs.DFSUtil (DFSUtil.java:httpServerTemplateForNNAndJN(1641)) - Starting Web-server for hddsDatanode at: http://0.0.0.0:0
2019-09-19 11:31:45,481 [main] INFO  server.AuthenticationFilter (AuthenticationFilter.java:constructSecretProvider(240)) - Unable to initialize FileSignerSecretProvider, falling back to use random secrets.
2019-09-19 11:31:45,482 [main] WARN  http.HttpRequestLog (HttpRequestLog.java:getRequestLog(97)) - Jetty request log can only be enabled using Log4j
2019-09-19 11:31:45,483 [main] INFO  http.HttpServer2 (HttpServer2.java:addGlobalFilter(975)) - Added global filter 'safety' (class=org.apache.hadoop.http.HttpServer2$QuotingInputFilter)
2019-09-19 11:31:45,484 [main] INFO  http.HttpServer2 (HttpServer2.java:addFilter(948)) - Added filter static_user_filter (class=org.apache.hadoop.http.lib.StaticUserWebFilter$StaticUserFilter) to context hddsDatanode
2019-09-19 11:31:45,484 [main] INFO  http.HttpServer2 (HttpServer2.java:addFilter(958)) - Added filter static_user_filter (class=org.apache.hadoop.http.lib.StaticUserWebFilter$StaticUserFilter) to context static
2019-09-19 11:31:45,484 [main] INFO  http.HttpServer2 (HttpServer2.java:addFilter(958)) - Added filter static_user_filter (class=org.apache.hadoop.http.lib.StaticUserWebFilter$StaticUserFilter) to context logs
2019-09-19 11:31:45,485 [main] INFO  http.HttpServer2 (HttpServer2.java:bindListener(1191)) - Jetty bound to port 39290
2019-09-19 11:31:45,485 [main] INFO  server.Server (Server.java:doStart(351)) - jetty-9.3.24.v20180605, build timestamp: 2018-06-05T17:11:56Z, git hash: 84205aa28f11a4f31f2a3b86d1bba2cc8ab69827
2019-09-19 11:31:45,486 [main] INFO  handler.ContextHandler (ContextHandler.java:doStart(781)) - Started o.e.j.s.ServletContextHandler@44dfdd58{/logs,file:///workdir/hadoop-ozone/integration-test/target/log,AVAILABLE}
2019-09-19 11:31:45,487 [main] INFO  handler.ContextHandler (ContextHandler.java:doStart(781)) - Started o.e.j.s.ServletContextHandler@72a8361b{/static,jar:file:/home/user/.m2/repository/org/apache/hadoop/hadoop-hdds-container-service/0.5.0-SNAPSHOT/hadoop-hdds-container-service-0.5.0-SNAPSHOT.jar!/webapps/static,AVAILABLE}
2019-09-19 11:31:45,517 [main] INFO  handler.ContextHandler (ContextHandler.java:doStart(781)) - Started o.e.j.w.WebAppContext@3f5dfe69{/,file:///tmp/jetty-0.0.0.0-39290-hddsDatanode-_-any-4624273880918205621.dir/webapp/,AVAILABLE}{/hddsDatanode}
2019-09-19 11:31:45,517 [main] INFO  server.AbstractConnector (AbstractConnector.java:doStart(278)) - Started ServerConnector@571a663c{HTTP/1.1,[http/1.1]}{0.0.0.0:39290}
2019-09-19 11:31:45,517 [main] INFO  server.Server (Server.java:doStart(419)) - Started @595652ms
2019-09-19 11:31:45,518 [main] WARN  impl.MetricsSystemImpl (MetricsSystemImpl.java:register(276)) - Sink prometheus already exists!
2019-09-19 11:31:45,519 [main] INFO  server.BaseHttpServer (BaseHttpServer.java:updateConnectorAddress(215)) - HTTP server of HDDSDATANODE is listening at http://0.0.0.0:39290
2019-09-19 11:31:45,519 [main] INFO  impl.MetricsSystemImpl (MetricsSystemImpl.java:init(158)) - HddsDatanode metrics system started (again)
2019-09-19 11:31:45,522 [org.apache.hadoop.util.JvmPauseMonitor$Monitor@2332b253] INFO  util.JvmPauseMonitor (JvmPauseMonitor.java:run(188)) - Starting JVM pause monitor
2019-09-19 11:31:45,522 [main] INFO  ozone.HddsDatanodeService (HddsDatanodeService.java:start(184)) - HddsDatanodeService host:pr-hdds-2154-j8s56-3842691507 ip:192.168.151.78
2019-09-19 11:31:45,523 [Datanode State Machine Thread - 0] INFO  datanode.InitDatanodeState (InitDatanodeState.java:persistContainerDatanodeDetails(140)) - DatanodeDetails is persisted to /workdir/hadoop-ozone/integration-test/target/test-dir/MiniOzoneClusterImpl-6da57ec2-366d-4ea4-a605-9b5cf4b6fb5d/datanode-0/meta/datanode.id
2019-09-19 11:31:45,528 [main] INFO  volume.HddsVolume (HddsVolume.java:<init>(176)) - Creating Volume: /workdir/hadoop-ozone/integration-test/target/test-dir/MiniOzoneClusterImpl-6da57ec2-366d-4ea4-a605-9b5cf4b6fb5d/datanode-1/data/containers/hdds of  storage type : DISK and capacity : 1482555576320
2019-09-19 11:31:45,528 [main] INFO  volume.VolumeSet (VolumeSet.java:initializeVolumeSet(170)) - Added Volume : /workdir/hadoop-ozone/integration-test/target/test-dir/MiniOzoneClusterImpl-6da57ec2-366d-4ea4-a605-9b5cf4b6fb5d/datanode-1/data/containers/hdds to VolumeSet
2019-09-19 11:31:45,528 [main] INFO  volume.ThrottledAsyncChecker (ThrottledAsyncChecker.java:schedule(139)) - Scheduling a check for org.apache.hadoop.ozone.container.common.volume.HddsVolume@231df705
2019-09-19 11:31:45,528 [main] INFO  volume.HddsVolumeChecker (HddsVolumeChecker.java:checkAllVolumes(202)) - Scheduled health check for volume org.apache.hadoop.ozone.container.common.volume.HddsVolume@231df705
2019-09-19 11:31:45,540 [main] INFO  impl.RaftServerProxy (ConfUtils.java:logGet(43)) - raft.rpc.type = GRPC (default)
2019-09-19 11:31:45,540 [main] INFO  grpc.GrpcFactory (GrpcFactory.java:checkPooledByteBufAllocatorUseCacheForAllThreads(45)) - PERFORMANCE WARNING: useCacheForAllThreads is true that may cause Netty to create a lot garbage objects and, as a result, trigger GC.
	It is recommended to disable useCacheForAllThreads by setting -Dorg.apache.ratis.thirdparty.io.netty.allocator.useCacheForAllThreads=false in command line.
2019-09-19 11:31:45,540 [main] INFO  grpc.GrpcConfigKeys$Server (ConfUtils.java:logGet(43)) - raft.grpc.server.port = 0 (default)
2019-09-19 11:31:45,540 [main] INFO  server.GrpcService (ConfUtils.java:logGet(43)) - raft.grpc.message.size.max = 33570816 (custom)
2019-09-19 11:31:45,540 [main] INFO  server.RaftServerConfigKeys (ConfUtils.java:logGet(43)) - raft.server.log.appender.buffer.byte-limit = 33554432 (custom)
2019-09-19 11:31:45,540 [main] INFO  server.GrpcService (ConfUtils.java:logGet(43)) - raft.grpc.flow.control.window = 1MB (=1048576) (default)
2019-09-19 11:31:45,541 [main] INFO  server.RaftServerConfigKeys (ConfUtils.java:logGet(43)) - raft.server.rpc.request.timeout = 3000ms (default)
2019-09-19 11:31:45,541 [main] INFO  server.RaftServerConfigKeys (ConfUtils.java:logGet(43)) - raft.server.storage.dir = [/workdir/hadoop-ozone/integration-test/target/test-dir/MiniOzoneClusterImpl-6da57ec2-366d-4ea4-a605-9b5cf4b6fb5d/datanode-1/data/ratis] (custom)
2019-09-19 11:31:45,542 [main] INFO  hdfs.DFSUtil (DFSUtil.java:httpServerTemplateForNNAndJN(1641)) - Starting Web-server for hddsDatanode at: http://0.0.0.0:0
2019-09-19 11:31:45,543 [main] INFO  server.AuthenticationFilter (AuthenticationFilter.java:constructSecretProvider(240)) - Unable to initialize FileSignerSecretProvider, falling back to use random secrets.
2019-09-19 11:31:45,544 [main] WARN  http.HttpRequestLog (HttpRequestLog.java:getRequestLog(97)) - Jetty request log can only be enabled using Log4j
2019-09-19 11:31:45,545 [main] INFO  http.HttpServer2 (HttpServer2.java:addGlobalFilter(975)) - Added global filter 'safety' (class=org.apache.hadoop.http.HttpServer2$QuotingInputFilter)
2019-09-19 11:31:45,545 [main] INFO  http.HttpServer2 (HttpServer2.java:addFilter(948)) - Added filter static_user_filter (class=org.apache.hadoop.http.lib.StaticUserWebFilter$StaticUserFilter) to context hddsDatanode
2019-09-19 11:31:45,545 [main] INFO  http.HttpServer2 (HttpServer2.java:addFilter(958)) - Added filter static_user_filter (class=org.apache.hadoop.http.lib.StaticUserWebFilter$StaticUserFilter) to context static
2019-09-19 11:31:45,546 [main] INFO  http.HttpServer2 (HttpServer2.java:addFilter(958)) - Added filter static_user_filter (class=org.apache.hadoop.http.lib.StaticUserWebFilter$StaticUserFilter) to context logs
2019-09-19 11:31:45,546 [main] INFO  http.HttpServer2 (HttpServer2.java:bindListener(1191)) - Jetty bound to port 39091
2019-09-19 11:31:45,546 [main] INFO  server.Server (Server.java:doStart(351)) - jetty-9.3.24.v20180605, build timestamp: 2018-06-05T17:11:56Z, git hash: 84205aa28f11a4f31f2a3b86d1bba2cc8ab69827
2019-09-19 11:31:45,548 [main] INFO  handler.ContextHandler (ContextHandler.java:doStart(781)) - Started o.e.j.s.ServletContextHandler@27898e13{/logs,file:///workdir/hadoop-ozone/integration-test/target/log,AVAILABLE}
2019-09-19 11:31:45,548 [main] INFO  handler.ContextHandler (ContextHandler.java:doStart(781)) - Started o.e.j.s.ServletContextHandler@58a3d521{/static,jar:file:/home/user/.m2/repository/org/apache/hadoop/hadoop-hdds-container-service/0.5.0-SNAPSHOT/hadoop-hdds-container-service-0.5.0-SNAPSHOT.jar!/webapps/static,AVAILABLE}
2019-09-19 11:31:45,576 [main] INFO  handler.ContextHandler (ContextHandler.java:doStart(781)) - Started o.e.j.w.WebAppContext@6b9c42bd{/,file:///tmp/jetty-0.0.0.0-39091-hddsDatanode-_-any-8717648243432676060.dir/webapp/,AVAILABLE}{/hddsDatanode}
2019-09-19 11:31:45,576 [main] INFO  server.AbstractConnector (AbstractConnector.java:doStart(278)) - Started ServerConnector@584ca390{HTTP/1.1,[http/1.1]}{0.0.0.0:39091}
2019-09-19 11:31:45,577 [main] INFO  server.Server (Server.java:doStart(419)) - Started @595712ms
2019-09-19 11:31:45,578 [main] WARN  impl.MetricsSystemImpl (MetricsSystemImpl.java:register(276)) - Sink prometheus already exists!
2019-09-19 11:31:45,578 [main] INFO  server.BaseHttpServer (BaseHttpServer.java:updateConnectorAddress(215)) - HTTP server of HDDSDATANODE is listening at http://0.0.0.0:39091
2019-09-19 11:31:45,579 [main] INFO  impl.MetricsSystemImpl (MetricsSystemImpl.java:init(158)) - HddsDatanode metrics system started (again)
2019-09-19 11:31:45,583 [org.apache.hadoop.util.JvmPauseMonitor$Monitor@59753d14] INFO  util.JvmPauseMonitor (JvmPauseMonitor.java:run(188)) - Starting JVM pause monitor
2019-09-19 11:31:45,584 [Datanode State Machine Thread - 0] INFO  datanode.InitDatanodeState (InitDatanodeState.java:persistContainerDatanodeDetails(140)) - DatanodeDetails is persisted to /workdir/hadoop-ozone/integration-test/target/test-dir/MiniOzoneClusterImpl-6da57ec2-366d-4ea4-a605-9b5cf4b6fb5d/datanode-1/meta/datanode.id
2019-09-19 11:31:45,584 [main] INFO  ozone.HddsDatanodeService (HddsDatanodeService.java:start(184)) - HddsDatanodeService host:pr-hdds-2154-j8s56-3842691507 ip:192.168.151.78
2019-09-19 11:31:45,590 [main] INFO  volume.HddsVolume (HddsVolume.java:<init>(176)) - Creating Volume: /workdir/hadoop-ozone/integration-test/target/test-dir/MiniOzoneClusterImpl-6da57ec2-366d-4ea4-a605-9b5cf4b6fb5d/datanode-2/data/containers/hdds of  storage type : DISK and capacity : 1482555576320
2019-09-19 11:31:45,590 [main] INFO  volume.VolumeSet (VolumeSet.java:initializeVolumeSet(170)) - Added Volume : /workdir/hadoop-ozone/integration-test/target/test-dir/MiniOzoneClusterImpl-6da57ec2-366d-4ea4-a605-9b5cf4b6fb5d/datanode-2/data/containers/hdds to VolumeSet
2019-09-19 11:31:45,590 [main] INFO  volume.ThrottledAsyncChecker (ThrottledAsyncChecker.java:schedule(139)) - Scheduling a check for org.apache.hadoop.ozone.container.common.volume.HddsVolume@325162e9
2019-09-19 11:31:45,591 [main] INFO  volume.HddsVolumeChecker (HddsVolumeChecker.java:checkAllVolumes(202)) - Scheduled health check for volume org.apache.hadoop.ozone.container.common.volume.HddsVolume@325162e9
2019-09-19 11:31:45,608 [main] INFO  impl.RaftServerProxy (ConfUtils.java:logGet(43)) - raft.rpc.type = GRPC (default)
2019-09-19 11:31:45,609 [main] INFO  grpc.GrpcFactory (GrpcFactory.java:checkPooledByteBufAllocatorUseCacheForAllThreads(45)) - PERFORMANCE WARNING: useCacheForAllThreads is true that may cause Netty to create a lot garbage objects and, as a result, trigger GC.
	It is recommended to disable useCacheForAllThreads by setting -Dorg.apache.ratis.thirdparty.io.netty.allocator.useCacheForAllThreads=false in command line.
2019-09-19 11:31:45,609 [main] INFO  grpc.GrpcConfigKeys$Server (ConfUtils.java:logGet(43)) - raft.grpc.server.port = 0 (default)
2019-09-19 11:31:45,609 [main] INFO  server.GrpcService (ConfUtils.java:logGet(43)) - raft.grpc.message.size.max = 33570816 (custom)
2019-09-19 11:31:45,609 [main] INFO  server.RaftServerConfigKeys (ConfUtils.java:logGet(43)) - raft.server.log.appender.buffer.byte-limit = 33554432 (custom)
2019-09-19 11:31:45,610 [main] INFO  server.GrpcService (ConfUtils.java:logGet(43)) - raft.grpc.flow.control.window = 1MB (=1048576) (default)
2019-09-19 11:31:45,610 [main] INFO  server.RaftServerConfigKeys (ConfUtils.java:logGet(43)) - raft.server.rpc.request.timeout = 3000ms (default)
2019-09-19 11:31:45,610 [main] INFO  server.RaftServerConfigKeys (ConfUtils.java:logGet(43)) - raft.server.storage.dir = [/workdir/hadoop-ozone/integration-test/target/test-dir/MiniOzoneClusterImpl-6da57ec2-366d-4ea4-a605-9b5cf4b6fb5d/datanode-2/data/ratis] (custom)
2019-09-19 11:31:45,612 [main] INFO  hdfs.DFSUtil (DFSUtil.java:httpServerTemplateForNNAndJN(1641)) - Starting Web-server for hddsDatanode at: http://0.0.0.0:0
2019-09-19 11:31:45,613 [main] INFO  server.AuthenticationFilter (AuthenticationFilter.java:constructSecretProvider(240)) - Unable to initialize FileSignerSecretProvider, falling back to use random secrets.
2019-09-19 11:31:45,613 [main] WARN  http.HttpRequestLog (HttpRequestLog.java:getRequestLog(97)) - Jetty request log can only be enabled using Log4j
2019-09-19 11:31:45,614 [main] INFO  http.HttpServer2 (HttpServer2.java:addGlobalFilter(975)) - Added global filter 'safety' (class=org.apache.hadoop.http.HttpServer2$QuotingInputFilter)
2019-09-19 11:31:45,615 [main] INFO  http.HttpServer2 (HttpServer2.java:addFilter(948)) - Added filter static_user_filter (class=org.apache.hadoop.http.lib.StaticUserWebFilter$StaticUserFilter) to context hddsDatanode
2019-09-19 11:31:45,615 [main] INFO  http.HttpServer2 (HttpServer2.java:addFilter(958)) - Added filter static_user_filter (class=org.apache.hadoop.http.lib.StaticUserWebFilter$StaticUserFilter) to context logs
2019-09-19 11:31:45,615 [main] INFO  http.HttpServer2 (HttpServer2.java:addFilter(958)) - Added filter static_user_filter (class=org.apache.hadoop.http.lib.StaticUserWebFilter$StaticUserFilter) to context static
2019-09-19 11:31:45,616 [main] INFO  http.HttpServer2 (HttpServer2.java:bindListener(1191)) - Jetty bound to port 41695
2019-09-19 11:31:45,616 [main] INFO  server.Server (Server.java:doStart(351)) - jetty-9.3.24.v20180605, build timestamp: 2018-06-05T17:11:56Z, git hash: 84205aa28f11a4f31f2a3b86d1bba2cc8ab69827
2019-09-19 11:31:45,617 [main] INFO  handler.ContextHandler (ContextHandler.java:doStart(781)) - Started o.e.j.s.ServletContextHandler@3a40bb52{/logs,file:///workdir/hadoop-ozone/integration-test/target/log,AVAILABLE}
2019-09-19 11:31:45,617 [main] INFO  handler.ContextHandler (ContextHandler.java:doStart(781)) - Started o.e.j.s.ServletContextHandler@1e2445f6{/static,jar:file:/home/user/.m2/repository/org/apache/hadoop/hadoop-hdds-container-service/0.5.0-SNAPSHOT/hadoop-hdds-container-service-0.5.0-SNAPSHOT.jar!/webapps/static,AVAILABLE}
2019-09-19 11:31:45,642 [main] INFO  handler.ContextHandler (ContextHandler.java:doStart(781)) - Started o.e.j.w.WebAppContext@404ced67{/,file:///tmp/jetty-0.0.0.0-41695-hddsDatanode-_-any-6704112966552077733.dir/webapp/,AVAILABLE}{/hddsDatanode}
2019-09-19 11:31:45,642 [main] INFO  server.AbstractConnector (AbstractConnector.java:doStart(278)) - Started ServerConnector@71531dd7{HTTP/1.1,[http/1.1]}{0.0.0.0:41695}
2019-09-19 11:31:45,642 [main] INFO  server.Server (Server.java:doStart(419)) - Started @595777ms
2019-09-19 11:31:45,644 [main] WARN  impl.MetricsSystemImpl (MetricsSystemImpl.java:register(276)) - Sink prometheus already exists!
2019-09-19 11:31:45,644 [main] INFO  server.BaseHttpServer (BaseHttpServer.java:updateConnectorAddress(215)) - HTTP server of HDDSDATANODE is listening at http://0.0.0.0:41695
2019-09-19 11:31:45,644 [main] INFO  impl.MetricsSystemImpl (MetricsSystemImpl.java:init(158)) - HddsDatanode metrics system started (again)
2019-09-19 11:31:45,648 [org.apache.hadoop.util.JvmPauseMonitor$Monitor@44ac52e5] INFO  util.JvmPauseMonitor (JvmPauseMonitor.java:run(188)) - Starting JVM pause monitor
2019-09-19 11:31:45,648 [main] INFO  ozone.HddsDatanodeService (HddsDatanodeService.java:start(184)) - HddsDatanodeService host:pr-hdds-2154-j8s56-3842691507 ip:192.168.151.78
2019-09-19 11:31:45,649 [Datanode State Machine Thread - 0] INFO  datanode.InitDatanodeState (InitDatanodeState.java:persistContainerDatanodeDetails(140)) - DatanodeDetails is persisted to /workdir/hadoop-ozone/integration-test/target/test-dir/MiniOzoneClusterImpl-6da57ec2-366d-4ea4-a605-9b5cf4b6fb5d/datanode-2/meta/datanode.id
2019-09-19 11:31:45,653 [main] INFO  volume.HddsVolume (HddsVolume.java:<init>(176)) - Creating Volume: /workdir/hadoop-ozone/integration-test/target/test-dir/MiniOzoneClusterImpl-6da57ec2-366d-4ea4-a605-9b5cf4b6fb5d/datanode-3/data/containers/hdds of  storage type : DISK and capacity : 1482555576320
2019-09-19 11:31:45,653 [main] INFO  volume.VolumeSet (VolumeSet.java:initializeVolumeSet(170)) - Added Volume : /workdir/hadoop-ozone/integration-test/target/test-dir/MiniOzoneClusterImpl-6da57ec2-366d-4ea4-a605-9b5cf4b6fb5d/datanode-3/data/containers/hdds to VolumeSet
2019-09-19 11:31:45,654 [main] INFO  volume.ThrottledAsyncChecker (ThrottledAsyncChecker.java:schedule(139)) - Scheduling a check for org.apache.hadoop.ozone.container.common.volume.HddsVolume@61da0413
2019-09-19 11:31:45,654 [main] INFO  volume.HddsVolumeChecker (HddsVolumeChecker.java:checkAllVolumes(202)) - Scheduled health check for volume org.apache.hadoop.ozone.container.common.volume.HddsVolume@61da0413
2019-09-19 11:31:45,665 [main] INFO  impl.RaftServerProxy (ConfUtils.java:logGet(43)) - raft.rpc.type = GRPC (default)
2019-09-19 11:31:45,665 [main] INFO  grpc.GrpcFactory (GrpcFactory.java:checkPooledByteBufAllocatorUseCacheForAllThreads(45)) - PERFORMANCE WARNING: useCacheForAllThreads is true that may cause Netty to create a lot garbage objects and, as a result, trigger GC.
	It is recommended to disable useCacheForAllThreads by setting -Dorg.apache.ratis.thirdparty.io.netty.allocator.useCacheForAllThreads=false in command line.
2019-09-19 11:31:45,665 [main] INFO  grpc.GrpcConfigKeys$Server (ConfUtils.java:logGet(43)) - raft.grpc.server.port = 0 (default)
2019-09-19 11:31:45,665 [main] INFO  server.GrpcService (ConfUtils.java:logGet(43)) - raft.grpc.message.size.max = 33570816 (custom)
2019-09-19 11:31:45,665 [main] INFO  server.RaftServerConfigKeys (ConfUtils.java:logGet(43)) - raft.server.log.appender.buffer.byte-limit = 33554432 (custom)
2019-09-19 11:31:45,666 [main] INFO  server.GrpcService (ConfUtils.java:logGet(43)) - raft.grpc.flow.control.window = 1MB (=1048576) (default)
2019-09-19 11:31:45,666 [main] INFO  server.RaftServerConfigKeys (ConfUtils.java:logGet(43)) - raft.server.rpc.request.timeout = 3000ms (default)
2019-09-19 11:31:45,666 [main] INFO  server.RaftServerConfigKeys (ConfUtils.java:logGet(43)) - raft.server.storage.dir = [/workdir/hadoop-ozone/integration-test/target/test-dir/MiniOzoneClusterImpl-6da57ec2-366d-4ea4-a605-9b5cf4b6fb5d/datanode-3/data/ratis] (custom)
2019-09-19 11:31:45,667 [main] INFO  hdfs.DFSUtil (DFSUtil.java:httpServerTemplateForNNAndJN(1641)) - Starting Web-server for hddsDatanode at: http://0.0.0.0:0
2019-09-19 11:31:45,668 [main] INFO  server.AuthenticationFilter (AuthenticationFilter.java:constructSecretProvider(240)) - Unable to initialize FileSignerSecretProvider, falling back to use random secrets.
2019-09-19 11:31:45,668 [main] WARN  http.HttpRequestLog (HttpRequestLog.java:getRequestLog(97)) - Jetty request log can only be enabled using Log4j
2019-09-19 11:31:45,669 [main] INFO  http.HttpServer2 (HttpServer2.java:addGlobalFilter(975)) - Added global filter 'safety' (class=org.apache.hadoop.http.HttpServer2$QuotingInputFilter)
2019-09-19 11:31:45,670 [main] INFO  http.HttpServer2 (HttpServer2.java:addFilter(948)) - Added filter static_user_filter (class=org.apache.hadoop.http.lib.StaticUserWebFilter$StaticUserFilter) to context hddsDatanode
2019-09-19 11:31:45,670 [main] INFO  http.HttpServer2 (HttpServer2.java:addFilter(958)) - Added filter static_user_filter (class=org.apache.hadoop.http.lib.StaticUserWebFilter$StaticUserFilter) to context static
2019-09-19 11:31:45,670 [main] INFO  http.HttpServer2 (HttpServer2.java:addFilter(958)) - Added filter static_user_filter (class=org.apache.hadoop.http.lib.StaticUserWebFilter$StaticUserFilter) to context logs
2019-09-19 11:31:45,671 [main] INFO  http.HttpServer2 (HttpServer2.java:bindListener(1191)) - Jetty bound to port 39370
2019-09-19 11:31:45,671 [main] INFO  server.Server (Server.java:doStart(351)) - jetty-9.3.24.v20180605, build timestamp: 2018-06-05T17:11:56Z, git hash: 84205aa28f11a4f31f2a3b86d1bba2cc8ab69827
2019-09-19 11:31:45,672 [main] INFO  handler.ContextHandler (ContextHandler.java:doStart(781)) - Started o.e.j.s.ServletContextHandler@2c8b8de0{/logs,file:///workdir/hadoop-ozone/integration-test/target/log,AVAILABLE}
2019-09-19 11:31:45,672 [main] INFO  handler.ContextHandler (ContextHandler.java:doStart(781)) - Started o.e.j.s.ServletContextHandler@6b063470{/static,jar:file:/home/user/.m2/repository/org/apache/hadoop/hadoop-hdds-container-service/0.5.0-SNAPSHOT/hadoop-hdds-container-service-0.5.0-SNAPSHOT.jar!/webapps/static,AVAILABLE}
2019-09-19 11:31:45,695 [main] INFO  handler.ContextHandler (ContextHandler.java:doStart(781)) - Started o.e.j.w.WebAppContext@c9b5a99{/,file:///tmp/jetty-0.0.0.0-39370-hddsDatanode-_-any-5526082544416242046.dir/webapp/,AVAILABLE}{/hddsDatanode}
2019-09-19 11:31:45,695 [main] INFO  server.AbstractConnector (AbstractConnector.java:doStart(278)) - Started ServerConnector@70be89ec{HTTP/1.1,[http/1.1]}{0.0.0.0:39370}
2019-09-19 11:31:45,696 [main] INFO  server.Server (Server.java:doStart(419)) - Started @595831ms
2019-09-19 11:31:45,697 [main] WARN  impl.MetricsSystemImpl (MetricsSystemImpl.java:register(276)) - Sink prometheus already exists!
2019-09-19 11:31:45,697 [main] INFO  server.BaseHttpServer (BaseHttpServer.java:updateConnectorAddress(215)) - HTTP server of HDDSDATANODE is listening at http://0.0.0.0:39370
2019-09-19 11:31:45,698 [main] INFO  impl.MetricsSystemImpl (MetricsSystemImpl.java:init(158)) - HddsDatanode metrics system started (again)
2019-09-19 11:31:45,701 [org.apache.hadoop.util.JvmPauseMonitor$Monitor@35aa6a69] INFO  util.JvmPauseMonitor (JvmPauseMonitor.java:run(188)) - Starting JVM pause monitor
2019-09-19 11:31:45,702 [main] INFO  ozone.HddsDatanodeService (HddsDatanodeService.java:start(184)) - HddsDatanodeService host:pr-hdds-2154-j8s56-3842691507 ip:192.168.151.78
2019-09-19 11:31:45,702 [Datanode State Machine Thread - 0] INFO  datanode.InitDatanodeState (InitDatanodeState.java:persistContainerDatanodeDetails(140)) - DatanodeDetails is persisted to /workdir/hadoop-ozone/integration-test/target/test-dir/MiniOzoneClusterImpl-6da57ec2-366d-4ea4-a605-9b5cf4b6fb5d/datanode-3/meta/datanode.id
2019-09-19 11:31:45,707 [main] INFO  volume.HddsVolume (HddsVolume.java:<init>(176)) - Creating Volume: /workdir/hadoop-ozone/integration-test/target/test-dir/MiniOzoneClusterImpl-6da57ec2-366d-4ea4-a605-9b5cf4b6fb5d/datanode-4/data/containers/hdds of  storage type : DISK and capacity : 1482555576320
2019-09-19 11:31:45,707 [main] INFO  volume.VolumeSet (VolumeSet.java:initializeVolumeSet(170)) - Added Volume : /workdir/hadoop-ozone/integration-test/target/test-dir/MiniOzoneClusterImpl-6da57ec2-366d-4ea4-a605-9b5cf4b6fb5d/datanode-4/data/containers/hdds to VolumeSet
2019-09-19 11:31:45,707 [main] INFO  volume.ThrottledAsyncChecker (ThrottledAsyncChecker.java:schedule(139)) - Scheduling a check for org.apache.hadoop.ozone.container.common.volume.HddsVolume@67c6f4d8
2019-09-19 11:31:45,708 [main] INFO  volume.HddsVolumeChecker (HddsVolumeChecker.java:checkAllVolumes(202)) - Scheduled health check for volume org.apache.hadoop.ozone.container.common.volume.HddsVolume@67c6f4d8
2019-09-19 11:31:45,721 [main] INFO  impl.RaftServerProxy (ConfUtils.java:logGet(43)) - raft.rpc.type = GRPC (default)
2019-09-19 11:31:45,721 [main] INFO  grpc.GrpcFactory (GrpcFactory.java:checkPooledByteBufAllocatorUseCacheForAllThreads(45)) - PERFORMANCE WARNING: useCacheForAllThreads is true that may cause Netty to create a lot garbage objects and, as a result, trigger GC.
	It is recommended to disable useCacheForAllThreads by setting -Dorg.apache.ratis.thirdparty.io.netty.allocator.useCacheForAllThreads=false in command line.
2019-09-19 11:31:45,721 [main] INFO  grpc.GrpcConfigKeys$Server (ConfUtils.java:logGet(43)) - raft.grpc.server.port = 0 (default)
2019-09-19 11:31:45,722 [main] INFO  server.GrpcService (ConfUtils.java:logGet(43)) - raft.grpc.message.size.max = 33570816 (custom)
2019-09-19 11:31:45,722 [main] INFO  server.RaftServerConfigKeys (ConfUtils.java:logGet(43)) - raft.server.log.appender.buffer.byte-limit = 33554432 (custom)
2019-09-19 11:31:45,722 [main] INFO  server.GrpcService (ConfUtils.java:logGet(43)) - raft.grpc.flow.control.window = 1MB (=1048576) (default)
2019-09-19 11:31:45,722 [main] INFO  server.RaftServerConfigKeys (ConfUtils.java:logGet(43)) - raft.server.rpc.request.timeout = 3000ms (default)
2019-09-19 11:31:45,722 [main] INFO  server.RaftServerConfigKeys (ConfUtils.java:logGet(43)) - raft.server.storage.dir = [/workdir/hadoop-ozone/integration-test/target/test-dir/MiniOzoneClusterImpl-6da57ec2-366d-4ea4-a605-9b5cf4b6fb5d/datanode-4/data/ratis] (custom)
2019-09-19 11:31:45,723 [main] INFO  hdfs.DFSUtil (DFSUtil.java:httpServerTemplateForNNAndJN(1641)) - Starting Web-server for hddsDatanode at: http://0.0.0.0:0
2019-09-19 11:31:45,725 [main] INFO  server.AuthenticationFilter (AuthenticationFilter.java:constructSecretProvider(240)) - Unable to initialize FileSignerSecretProvider, falling back to use random secrets.
2019-09-19 11:31:45,725 [main] WARN  http.HttpRequestLog (HttpRequestLog.java:getRequestLog(97)) - Jetty request log can only be enabled using Log4j
2019-09-19 11:31:45,726 [main] INFO  http.HttpServer2 (HttpServer2.java:addGlobalFilter(975)) - Added global filter 'safety' (class=org.apache.hadoop.http.HttpServer2$QuotingInputFilter)
2019-09-19 11:31:45,726 [main] INFO  http.HttpServer2 (HttpServer2.java:addFilter(948)) - Added filter static_user_filter (class=org.apache.hadoop.http.lib.StaticUserWebFilter$StaticUserFilter) to context hddsDatanode
2019-09-19 11:31:45,727 [main] INFO  http.HttpServer2 (HttpServer2.java:addFilter(958)) - Added filter static_user_filter (class=org.apache.hadoop.http.lib.StaticUserWebFilter$StaticUserFilter) to context static
2019-09-19 11:31:45,727 [main] INFO  http.HttpServer2 (HttpServer2.java:addFilter(958)) - Added filter static_user_filter (class=org.apache.hadoop.http.lib.StaticUserWebFilter$StaticUserFilter) to context logs
2019-09-19 11:31:45,727 [main] INFO  http.HttpServer2 (HttpServer2.java:bindListener(1191)) - Jetty bound to port 34965
2019-09-19 11:31:45,727 [main] INFO  server.Server (Server.java:doStart(351)) - jetty-9.3.24.v20180605, build timestamp: 2018-06-05T17:11:56Z, git hash: 84205aa28f11a4f31f2a3b86d1bba2cc8ab69827
2019-09-19 11:31:45,729 [main] INFO  handler.ContextHandler (ContextHandler.java:doStart(781)) - Started o.e.j.s.ServletContextHandler@27ab206{/logs,file:///workdir/hadoop-ozone/integration-test/target/log,AVAILABLE}
2019-09-19 11:31:45,729 [main] INFO  handler.ContextHandler (ContextHandler.java:doStart(781)) - Started o.e.j.s.ServletContextHandler@6cc48a17{/static,jar:file:/home/user/.m2/repository/org/apache/hadoop/hadoop-hdds-container-service/0.5.0-SNAPSHOT/hadoop-hdds-container-service-0.5.0-SNAPSHOT.jar!/webapps/static,AVAILABLE}
2019-09-19 11:31:45,753 [main] INFO  handler.ContextHandler (ContextHandler.java:doStart(781)) - Started o.e.j.w.WebAppContext@5329f6b3{/,file:///tmp/jetty-0.0.0.0-34965-hddsDatanode-_-any-7939300202163794568.dir/webapp/,AVAILABLE}{/hddsDatanode}
2019-09-19 11:31:45,753 [main] INFO  server.AbstractConnector (AbstractConnector.java:doStart(278)) - Started ServerConnector@597d48ca{HTTP/1.1,[http/1.1]}{0.0.0.0:34965}
2019-09-19 11:31:45,755 [main] INFO  server.Server (Server.java:doStart(419)) - Started @595890ms
2019-09-19 11:31:45,755 [main] WARN  impl.MetricsSystemImpl (MetricsSystemImpl.java:register(276)) - Sink prometheus already exists!
2019-09-19 11:31:45,756 [main] INFO  server.BaseHttpServer (BaseHttpServer.java:updateConnectorAddress(215)) - HTTP server of HDDSDATANODE is listening at http://0.0.0.0:34965
2019-09-19 11:31:45,756 [main] INFO  impl.MetricsSystemImpl (MetricsSystemImpl.java:init(158)) - HddsDatanode metrics system started (again)
2019-09-19 11:31:45,760 [org.apache.hadoop.util.JvmPauseMonitor$Monitor@1b204204] INFO  util.JvmPauseMonitor (JvmPauseMonitor.java:run(188)) - Starting JVM pause monitor
2019-09-19 11:31:45,760 [main] INFO  ozone.HddsDatanodeService (HddsDatanodeService.java:start(184)) - HddsDatanodeService host:pr-hdds-2154-j8s56-3842691507 ip:192.168.151.78
2019-09-19 11:31:45,761 [Datanode State Machine Thread - 0] INFO  datanode.InitDatanodeState (InitDatanodeState.java:persistContainerDatanodeDetails(140)) - DatanodeDetails is persisted to /workdir/hadoop-ozone/integration-test/target/test-dir/MiniOzoneClusterImpl-6da57ec2-366d-4ea4-a605-9b5cf4b6fb5d/datanode-4/meta/datanode.id
2019-09-19 11:31:45,766 [main] INFO  volume.HddsVolume (HddsVolume.java:<init>(176)) - Creating Volume: /workdir/hadoop-ozone/integration-test/target/test-dir/MiniOzoneClusterImpl-6da57ec2-366d-4ea4-a605-9b5cf4b6fb5d/datanode-5/data/containers/hdds of  storage type : DISK and capacity : 1482555576320
2019-09-19 11:31:45,766 [main] INFO  volume.VolumeSet (VolumeSet.java:initializeVolumeSet(170)) - Added Volume : /workdir/hadoop-ozone/integration-test/target/test-dir/MiniOzoneClusterImpl-6da57ec2-366d-4ea4-a605-9b5cf4b6fb5d/datanode-5/data/containers/hdds to VolumeSet
2019-09-19 11:31:45,766 [main] INFO  volume.ThrottledAsyncChecker (ThrottledAsyncChecker.java:schedule(139)) - Scheduling a check for org.apache.hadoop.ozone.container.common.volume.HddsVolume@1b7554d4
2019-09-19 11:31:45,767 [main] INFO  volume.HddsVolumeChecker (HddsVolumeChecker.java:checkAllVolumes(202)) - Scheduled health check for volume org.apache.hadoop.ozone.container.common.volume.HddsVolume@1b7554d4
2019-09-19 11:31:45,779 [main] INFO  impl.RaftServerProxy (ConfUtils.java:logGet(43)) - raft.rpc.type = GRPC (default)
2019-09-19 11:31:45,780 [main] INFO  grpc.GrpcFactory (GrpcFactory.java:checkPooledByteBufAllocatorUseCacheForAllThreads(45)) - PERFORMANCE WARNING: useCacheForAllThreads is true that may cause Netty to create a lot garbage objects and, as a result, trigger GC.
	It is recommended to disable useCacheForAllThreads by setting -Dorg.apache.ratis.thirdparty.io.netty.allocator.useCacheForAllThreads=false in command line.
2019-09-19 11:31:45,780 [main] INFO  grpc.GrpcConfigKeys$Server (ConfUtils.java:logGet(43)) - raft.grpc.server.port = 0 (default)
2019-09-19 11:31:45,780 [main] INFO  server.GrpcService (ConfUtils.java:logGet(43)) - raft.grpc.message.size.max = 33570816 (custom)
2019-09-19 11:31:45,780 [main] INFO  server.RaftServerConfigKeys (ConfUtils.java:logGet(43)) - raft.server.log.appender.buffer.byte-limit = 33554432 (custom)
2019-09-19 11:31:45,780 [main] INFO  server.GrpcService (ConfUtils.java:logGet(43)) - raft.grpc.flow.control.window = 1MB (=1048576) (default)
2019-09-19 11:31:45,780 [main] INFO  server.RaftServerConfigKeys (ConfUtils.java:logGet(43)) - raft.server.rpc.request.timeout = 3000ms (default)
2019-09-19 11:31:45,781 [main] INFO  server.RaftServerConfigKeys (ConfUtils.java:logGet(43)) - raft.server.storage.dir = [/workdir/hadoop-ozone/integration-test/target/test-dir/MiniOzoneClusterImpl-6da57ec2-366d-4ea4-a605-9b5cf4b6fb5d/datanode-5/data/ratis] (custom)
2019-09-19 11:31:45,782 [main] INFO  hdfs.DFSUtil (DFSUtil.java:httpServerTemplateForNNAndJN(1641)) - Starting Web-server for hddsDatanode at: http://0.0.0.0:0
2019-09-19 11:31:45,783 [main] INFO  server.AuthenticationFilter (AuthenticationFilter.java:constructSecretProvider(240)) - Unable to initialize FileSignerSecretProvider, falling back to use random secrets.
2019-09-19 11:31:45,783 [main] WARN  http.HttpRequestLog (HttpRequestLog.java:getRequestLog(97)) - Jetty request log can only be enabled using Log4j
2019-09-19 11:31:45,784 [main] INFO  http.HttpServer2 (HttpServer2.java:addGlobalFilter(975)) - Added global filter 'safety' (class=org.apache.hadoop.http.HttpServer2$QuotingInputFilter)
2019-09-19 11:31:45,785 [main] INFO  http.HttpServer2 (HttpServer2.java:addFilter(948)) - Added filter static_user_filter (class=org.apache.hadoop.http.lib.StaticUserWebFilter$StaticUserFilter) to context hddsDatanode
2019-09-19 11:31:45,785 [main] INFO  http.HttpServer2 (HttpServer2.java:addFilter(958)) - Added filter static_user_filter (class=org.apache.hadoop.http.lib.StaticUserWebFilter$StaticUserFilter) to context static
2019-09-19 11:31:45,785 [main] INFO  http.HttpServer2 (HttpServer2.java:addFilter(958)) - Added filter static_user_filter (class=org.apache.hadoop.http.lib.StaticUserWebFilter$StaticUserFilter) to context logs
2019-09-19 11:31:45,785 [main] INFO  http.HttpServer2 (HttpServer2.java:bindListener(1191)) - Jetty bound to port 33380
2019-09-19 11:31:45,786 [main] INFO  server.Server (Server.java:doStart(351)) - jetty-9.3.24.v20180605, build timestamp: 2018-06-05T17:11:56Z, git hash: 84205aa28f11a4f31f2a3b86d1bba2cc8ab69827
2019-09-19 11:31:45,787 [main] INFO  handler.ContextHandler (ContextHandler.java:doStart(781)) - Started o.e.j.s.ServletContextHandler@54ccb3{/logs,file:///workdir/hadoop-ozone/integration-test/target/log,AVAILABLE}
2019-09-19 11:31:45,787 [main] INFO  handler.ContextHandler (ContextHandler.java:doStart(781)) - Started o.e.j.s.ServletContextHandler@621f23ac{/static,jar:file:/home/user/.m2/repository/org/apache/hadoop/hadoop-hdds-container-service/0.5.0-SNAPSHOT/hadoop-hdds-container-service-0.5.0-SNAPSHOT.jar!/webapps/static,AVAILABLE}
2019-09-19 11:31:45,810 [main] INFO  handler.ContextHandler (ContextHandler.java:doStart(781)) - Started o.e.j.w.WebAppContext@2a99ca99{/,file:///tmp/jetty-0.0.0.0-33380-hddsDatanode-_-any-1423455968233860257.dir/webapp/,AVAILABLE}{/hddsDatanode}
2019-09-19 11:31:45,811 [main] INFO  server.AbstractConnector (AbstractConnector.java:doStart(278)) - Started ServerConnector@39f0c343{HTTP/1.1,[http/1.1]}{0.0.0.0:33380}
2019-09-19 11:31:45,812 [main] INFO  server.Server (Server.java:doStart(419)) - Started @595947ms
2019-09-19 11:31:45,812 [main] WARN  impl.MetricsSystemImpl (MetricsSystemImpl.java:register(276)) - Sink prometheus already exists!
2019-09-19 11:31:45,813 [main] INFO  server.BaseHttpServer (BaseHttpServer.java:updateConnectorAddress(215)) - HTTP server of HDDSDATANODE is listening at http://0.0.0.0:33380
2019-09-19 11:31:45,813 [main] INFO  impl.MetricsSystemImpl (MetricsSystemImpl.java:init(158)) - HddsDatanode metrics system started (again)
2019-09-19 11:31:45,818 [org.apache.hadoop.util.JvmPauseMonitor$Monitor@1dc40099] INFO  util.JvmPauseMonitor (JvmPauseMonitor.java:run(188)) - Starting JVM pause monitor
2019-09-19 11:31:45,818 [main] INFO  ozone.HddsDatanodeService (HddsDatanodeService.java:start(184)) - HddsDatanodeService host:pr-hdds-2154-j8s56-3842691507 ip:192.168.151.78
2019-09-19 11:31:45,819 [Datanode State Machine Thread - 0] INFO  datanode.InitDatanodeState (InitDatanodeState.java:persistContainerDatanodeDetails(140)) - DatanodeDetails is persisted to /workdir/hadoop-ozone/integration-test/target/test-dir/MiniOzoneClusterImpl-6da57ec2-366d-4ea4-a605-9b5cf4b6fb5d/datanode-5/meta/datanode.id
2019-09-19 11:31:45,825 [main] INFO  volume.HddsVolume (HddsVolume.java:<init>(176)) - Creating Volume: /workdir/hadoop-ozone/integration-test/target/test-dir/MiniOzoneClusterImpl-6da57ec2-366d-4ea4-a605-9b5cf4b6fb5d/datanode-6/data/containers/hdds of  storage type : DISK and capacity : 1482555576320
2019-09-19 11:31:45,826 [main] INFO  volume.VolumeSet (VolumeSet.java:initializeVolumeSet(170)) - Added Volume : /workdir/hadoop-ozone/integration-test/target/test-dir/MiniOzoneClusterImpl-6da57ec2-366d-4ea4-a605-9b5cf4b6fb5d/datanode-6/data/containers/hdds to VolumeSet
2019-09-19 11:31:45,826 [main] INFO  volume.ThrottledAsyncChecker (ThrottledAsyncChecker.java:schedule(139)) - Scheduling a check for org.apache.hadoop.ozone.container.common.volume.HddsVolume@2d22d3b1
2019-09-19 11:31:45,826 [main] INFO  volume.HddsVolumeChecker (HddsVolumeChecker.java:checkAllVolumes(202)) - Scheduled health check for volume org.apache.hadoop.ozone.container.common.volume.HddsVolume@2d22d3b1
2019-09-19 11:31:45,840 [main] INFO  impl.RaftServerProxy (ConfUtils.java:logGet(43)) - raft.rpc.type = GRPC (default)
2019-09-19 11:31:45,840 [main] INFO  grpc.GrpcFactory (GrpcFactory.java:checkPooledByteBufAllocatorUseCacheForAllThreads(45)) - PERFORMANCE WARNING: useCacheForAllThreads is true that may cause Netty to create a lot garbage objects and, as a result, trigger GC.
	It is recommended to disable useCacheForAllThreads by setting -Dorg.apache.ratis.thirdparty.io.netty.allocator.useCacheForAllThreads=false in command line.
2019-09-19 11:31:45,840 [main] INFO  grpc.GrpcConfigKeys$Server (ConfUtils.java:logGet(43)) - raft.grpc.server.port = 0 (default)
2019-09-19 11:31:45,840 [main] INFO  server.GrpcService (ConfUtils.java:logGet(43)) - raft.grpc.message.size.max = 33570816 (custom)
2019-09-19 11:31:45,840 [main] INFO  server.RaftServerConfigKeys (ConfUtils.java:logGet(43)) - raft.server.log.appender.buffer.byte-limit = 33554432 (custom)
2019-09-19 11:31:45,841 [main] INFO  server.GrpcService (ConfUtils.java:logGet(43)) - raft.grpc.flow.control.window = 1MB (=1048576) (default)
2019-09-19 11:31:45,841 [main] INFO  server.RaftServerConfigKeys (ConfUtils.java:logGet(43)) - raft.server.rpc.request.timeout = 3000ms (default)
2019-09-19 11:31:45,841 [main] INFO  server.RaftServerConfigKeys (ConfUtils.java:logGet(43)) - raft.server.storage.dir = [/workdir/hadoop-ozone/integration-test/target/test-dir/MiniOzoneClusterImpl-6da57ec2-366d-4ea4-a605-9b5cf4b6fb5d/datanode-6/data/ratis] (custom)
2019-09-19 11:31:45,842 [main] INFO  hdfs.DFSUtil (DFSUtil.java:httpServerTemplateForNNAndJN(1641)) - Starting Web-server for hddsDatanode at: http://0.0.0.0:0
2019-09-19 11:31:45,844 [main] INFO  server.AuthenticationFilter (AuthenticationFilter.java:constructSecretProvider(240)) - Unable to initialize FileSignerSecretProvider, falling back to use random secrets.
2019-09-19 11:31:45,844 [main] WARN  http.HttpRequestLog (HttpRequestLog.java:getRequestLog(97)) - Jetty request log can only be enabled using Log4j
2019-09-19 11:31:45,847 [main] INFO  http.HttpServer2 (HttpServer2.java:addGlobalFilter(975)) - Added global filter 'safety' (class=org.apache.hadoop.http.HttpServer2$QuotingInputFilter)
2019-09-19 11:31:45,848 [main] INFO  http.HttpServer2 (HttpServer2.java:addFilter(948)) - Added filter static_user_filter (class=org.apache.hadoop.http.lib.StaticUserWebFilter$StaticUserFilter) to context hddsDatanode
2019-09-19 11:31:45,848 [main] INFO  http.HttpServer2 (HttpServer2.java:addFilter(958)) - Added filter static_user_filter (class=org.apache.hadoop.http.lib.StaticUserWebFilter$StaticUserFilter) to context logs
2019-09-19 11:31:45,848 [main] INFO  http.HttpServer2 (HttpServer2.java:addFilter(958)) - Added filter static_user_filter (class=org.apache.hadoop.http.lib.StaticUserWebFilter$StaticUserFilter) to context static
2019-09-19 11:31:45,849 [main] INFO  http.HttpServer2 (HttpServer2.java:bindListener(1191)) - Jetty bound to port 41573
2019-09-19 11:31:45,849 [main] INFO  server.Server (Server.java:doStart(351)) - jetty-9.3.24.v20180605, build timestamp: 2018-06-05T17:11:56Z, git hash: 84205aa28f11a4f31f2a3b86d1bba2cc8ab69827
2019-09-19 11:31:45,851 [main] INFO  handler.ContextHandler (ContextHandler.java:doStart(781)) - Started o.e.j.s.ServletContextHandler@72af90e8{/logs,file:///workdir/hadoop-ozone/integration-test/target/log,AVAILABLE}
2019-09-19 11:31:45,851 [main] INFO  handler.ContextHandler (ContextHandler.java:doStart(781)) - Started o.e.j.s.ServletContextHandler@7faa0680{/static,jar:file:/home/user/.m2/repository/org/apache/hadoop/hadoop-hdds-container-service/0.5.0-SNAPSHOT/hadoop-hdds-container-service-0.5.0-SNAPSHOT.jar!/webapps/static,AVAILABLE}
2019-09-19 11:31:45,882 [main] INFO  handler.ContextHandler (ContextHandler.java:doStart(781)) - Started o.e.j.w.WebAppContext@7cf8f45a{/,file:///tmp/jetty-0.0.0.0-41573-hddsDatanode-_-any-6580591419730390316.dir/webapp/,AVAILABLE}{/hddsDatanode}
2019-09-19 11:31:45,882 [main] INFO  server.AbstractConnector (AbstractConnector.java:doStart(278)) - Started ServerConnector@62cf6a84{HTTP/1.1,[http/1.1]}{0.0.0.0:41573}
2019-09-19 11:31:45,889 [main] INFO  server.Server (Server.java:doStart(419)) - Started @596024ms
2019-09-19 11:31:45,889 [main] WARN  impl.MetricsSystemImpl (MetricsSystemImpl.java:register(276)) - Sink prometheus already exists!
2019-09-19 11:31:45,890 [main] INFO  server.BaseHttpServer (BaseHttpServer.java:updateConnectorAddress(215)) - HTTP server of HDDSDATANODE is listening at http://0.0.0.0:41573
2019-09-19 11:31:45,890 [main] INFO  ozone.MiniOzoneClusterImpl (MiniOzoneClusterImpl.java:lambda$waitForClusterToBeReady$0(145)) - Waiting for cluster to be ready. Got 0 of 7 DN Heartbeats.
2019-09-19 11:31:45,891 [org.apache.hadoop.util.JvmPauseMonitor$Monitor@786566a8] INFO  util.JvmPauseMonitor (JvmPauseMonitor.java:run(188)) - Starting JVM pause monitor
2019-09-19 11:31:45,892 [Datanode State Machine Thread - 0] INFO  datanode.InitDatanodeState (InitDatanodeState.java:persistContainerDatanodeDetails(140)) - DatanodeDetails is persisted to /workdir/hadoop-ozone/integration-test/target/test-dir/MiniOzoneClusterImpl-6da57ec2-366d-4ea4-a605-9b5cf4b6fb5d/datanode-6/meta/datanode.id
2019-09-19 11:31:46,890 [main] INFO  ozone.MiniOzoneClusterImpl (MiniOzoneClusterImpl.java:lambda$waitForClusterToBeReady$0(145)) - Waiting for cluster to be ready. Got 0 of 7 DN Heartbeats.
2019-09-19 11:31:47,568 [Datanode State Machine Thread - 0] INFO  ozoneimpl.OzoneContainer (OzoneContainer.java:start(217)) - Attempting to start container services.
2019-09-19 11:31:47,569 [Datanode State Machine Thread - 0] INFO  ozoneimpl.OzoneContainer (OzoneContainer.java:startContainerScrub(179)) - Background container scanner has been disabled.
2019-09-19 11:31:47,569 [Datanode State Machine Thread - 0] INFO  ratis.XceiverServerRatis (XceiverServerRatis.java:start(411)) - Starting XceiverServerRatis 960c4e8b-33b7-499e-a18c-f6fdada6657f at port 0
2019-09-19 11:31:47,578 [Datanode State Machine Thread - 0] INFO  impl.RaftServerProxy (RaftServerProxy.java:lambda$start$3(299)) - 960c4e8b-33b7-499e-a18c-f6fdada6657f: start RPC server
2019-09-19 11:31:47,590 [Datanode State Machine Thread - 0] INFO  server.GrpcService (GrpcService.java:startImpl(158)) - 960c4e8b-33b7-499e-a18c-f6fdada6657f: GrpcService started, listening on 0.0.0.0/0.0.0.0:45831
2019-09-19 11:31:47,591 [Datanode State Machine Thread - 0] INFO  ratis.XceiverServerRatis (XceiverServerRatis.java:start(421)) - XceiverServerRatis 960c4e8b-33b7-499e-a18c-f6fdada6657f is started using port 45831
2019-09-19 11:31:47,591 [Datanode State Machine Thread - 0] INFO  server.XceiverServerGrpc (XceiverServerGrpc.java:start(163)) - XceiverServerGrpc 960c4e8b-33b7-499e-a18c-f6fdada6657f is started using port 33208
2019-09-19 11:31:47,602 [Datanode State Machine Thread - 0] INFO  ozoneimpl.OzoneContainer (OzoneContainer.java:start(217)) - Attempting to start container services.
2019-09-19 11:31:47,602 [Datanode State Machine Thread - 0] INFO  ozoneimpl.OzoneContainer (OzoneContainer.java:startContainerScrub(179)) - Background container scanner has been disabled.
2019-09-19 11:31:47,602 [Datanode State Machine Thread - 0] INFO  ratis.XceiverServerRatis (XceiverServerRatis.java:start(411)) - Starting XceiverServerRatis 21a9a8a2-1bc1-4e0b-a545-20246312a195 at port 0
2019-09-19 11:31:47,610 [Datanode State Machine Thread - 0] INFO  impl.RaftServerProxy (RaftServerProxy.java:lambda$start$3(299)) - 21a9a8a2-1bc1-4e0b-a545-20246312a195: start RPC server
2019-09-19 11:31:47,610 [Datanode State Machine Thread - 0] INFO  server.GrpcService (GrpcService.java:startImpl(158)) - 21a9a8a2-1bc1-4e0b-a545-20246312a195: GrpcService started, listening on 0.0.0.0/0.0.0.0:36774
2019-09-19 11:31:47,611 [Datanode State Machine Thread - 0] INFO  ratis.XceiverServerRatis (XceiverServerRatis.java:start(421)) - XceiverServerRatis 21a9a8a2-1bc1-4e0b-a545-20246312a195 is started using port 36774
2019-09-19 11:31:47,612 [Datanode State Machine Thread - 0] INFO  server.XceiverServerGrpc (XceiverServerGrpc.java:start(163)) - XceiverServerGrpc 21a9a8a2-1bc1-4e0b-a545-20246312a195 is started using port 33905
2019-09-19 11:31:47,661 [Datanode State Machine Thread - 0] INFO  ozoneimpl.OzoneContainer (OzoneContainer.java:start(217)) - Attempting to start container services.
2019-09-19 11:31:47,661 [Datanode State Machine Thread - 0] INFO  ozoneimpl.OzoneContainer (OzoneContainer.java:startContainerScrub(179)) - Background container scanner has been disabled.
2019-09-19 11:31:47,662 [Datanode State Machine Thread - 0] INFO  ratis.XceiverServerRatis (XceiverServerRatis.java:start(411)) - Starting XceiverServerRatis c3650528-2518-482e-bbf8-bc89690c370c at port 0
2019-09-19 11:31:47,669 [Datanode State Machine Thread - 0] INFO  impl.RaftServerProxy (RaftServerProxy.java:lambda$start$3(299)) - c3650528-2518-482e-bbf8-bc89690c370c: start RPC server
2019-09-19 11:31:47,672 [Datanode State Machine Thread - 0] INFO  server.GrpcService (GrpcService.java:startImpl(158)) - c3650528-2518-482e-bbf8-bc89690c370c: GrpcService started, listening on 0.0.0.0/0.0.0.0:33979
2019-09-19 11:31:47,672 [Datanode State Machine Thread - 0] INFO  ratis.XceiverServerRatis (XceiverServerRatis.java:start(421)) - XceiverServerRatis c3650528-2518-482e-bbf8-bc89690c370c is started using port 33979
2019-09-19 11:31:47,672 [Datanode State Machine Thread - 0] INFO  server.XceiverServerGrpc (XceiverServerGrpc.java:start(163)) - XceiverServerGrpc c3650528-2518-482e-bbf8-bc89690c370c is started using port 33559
2019-09-19 11:31:47,711 [Datanode State Machine Thread - 0] INFO  ozoneimpl.OzoneContainer (OzoneContainer.java:start(217)) - Attempting to start container services.
2019-09-19 11:31:47,711 [Datanode State Machine Thread - 0] INFO  ozoneimpl.OzoneContainer (OzoneContainer.java:startContainerScrub(179)) - Background container scanner has been disabled.
2019-09-19 11:31:47,711 [Datanode State Machine Thread - 0] INFO  ratis.XceiverServerRatis (XceiverServerRatis.java:start(411)) - Starting XceiverServerRatis b6529db3-123b-4be0-a0cb-0e56f9592f33 at port 0
2019-09-19 11:31:47,718 [Datanode State Machine Thread - 0] INFO  impl.RaftServerProxy (RaftServerProxy.java:lambda$start$3(299)) - b6529db3-123b-4be0-a0cb-0e56f9592f33: start RPC server
2019-09-19 11:31:47,721 [Datanode State Machine Thread - 0] INFO  server.GrpcService (GrpcService.java:startImpl(158)) - b6529db3-123b-4be0-a0cb-0e56f9592f33: GrpcService started, listening on 0.0.0.0/0.0.0.0:37948
2019-09-19 11:31:47,721 [Datanode State Machine Thread - 0] INFO  ratis.XceiverServerRatis (XceiverServerRatis.java:start(421)) - XceiverServerRatis b6529db3-123b-4be0-a0cb-0e56f9592f33 is started using port 37948
2019-09-19 11:31:47,722 [Datanode State Machine Thread - 0] INFO  server.XceiverServerGrpc (XceiverServerGrpc.java:start(163)) - XceiverServerGrpc b6529db3-123b-4be0-a0cb-0e56f9592f33 is started using port 45568
2019-09-19 11:31:47,772 [Datanode State Machine Thread - 0] INFO  ozoneimpl.OzoneContainer (OzoneContainer.java:start(217)) - Attempting to start container services.
2019-09-19 11:31:47,772 [Datanode State Machine Thread - 0] INFO  ozoneimpl.OzoneContainer (OzoneContainer.java:startContainerScrub(179)) - Background container scanner has been disabled.
2019-09-19 11:31:47,772 [Datanode State Machine Thread - 0] INFO  ratis.XceiverServerRatis (XceiverServerRatis.java:start(411)) - Starting XceiverServerRatis 21a74dd4-9923-453c-baf9-ae5746c9b858 at port 0
2019-09-19 11:31:47,778 [Datanode State Machine Thread - 0] INFO  impl.RaftServerProxy (RaftServerProxy.java:lambda$start$3(299)) - 21a74dd4-9923-453c-baf9-ae5746c9b858: start RPC server
2019-09-19 11:31:47,778 [Datanode State Machine Thread - 0] INFO  server.GrpcService (GrpcService.java:startImpl(158)) - 21a74dd4-9923-453c-baf9-ae5746c9b858: GrpcService started, listening on 0.0.0.0/0.0.0.0:33961
2019-09-19 11:31:47,778 [Datanode State Machine Thread - 0] INFO  ratis.XceiverServerRatis (XceiverServerRatis.java:start(421)) - XceiverServerRatis 21a74dd4-9923-453c-baf9-ae5746c9b858 is started using port 33961
2019-09-19 11:31:47,779 [Datanode State Machine Thread - 0] INFO  server.XceiverServerGrpc (XceiverServerGrpc.java:start(163)) - XceiverServerGrpc 21a74dd4-9923-453c-baf9-ae5746c9b858 is started using port 35266
2019-09-19 11:31:47,831 [Datanode State Machine Thread - 0] INFO  ozoneimpl.OzoneContainer (OzoneContainer.java:start(217)) - Attempting to start container services.
2019-09-19 11:31:47,831 [Datanode State Machine Thread - 0] INFO  ozoneimpl.OzoneContainer (OzoneContainer.java:startContainerScrub(179)) - Background container scanner has been disabled.
2019-09-19 11:31:47,832 [Datanode State Machine Thread - 0] INFO  ratis.XceiverServerRatis (XceiverServerRatis.java:start(411)) - Starting XceiverServerRatis 758fd404-57a5-4b75-8be9-0c6c712b0af9 at port 0
2019-09-19 11:31:47,839 [Datanode State Machine Thread - 0] INFO  impl.RaftServerProxy (RaftServerProxy.java:lambda$start$3(299)) - 758fd404-57a5-4b75-8be9-0c6c712b0af9: start RPC server
2019-09-19 11:31:47,842 [Datanode State Machine Thread - 0] INFO  server.GrpcService (GrpcService.java:startImpl(158)) - 758fd404-57a5-4b75-8be9-0c6c712b0af9: GrpcService started, listening on 0.0.0.0/0.0.0.0:36913
2019-09-19 11:31:47,842 [Datanode State Machine Thread - 0] INFO  ratis.XceiverServerRatis (XceiverServerRatis.java:start(421)) - XceiverServerRatis 758fd404-57a5-4b75-8be9-0c6c712b0af9 is started using port 36913
2019-09-19 11:31:47,844 [Datanode State Machine Thread - 0] INFO  server.XceiverServerGrpc (XceiverServerGrpc.java:start(163)) - XceiverServerGrpc 758fd404-57a5-4b75-8be9-0c6c712b0af9 is started using port 37203
2019-09-19 11:31:47,891 [main] INFO  ozone.MiniOzoneClusterImpl (MiniOzoneClusterImpl.java:lambda$waitForClusterToBeReady$0(145)) - Waiting for cluster to be ready. Got 0 of 7 DN Heartbeats.
2019-09-19 11:31:47,906 [Datanode State Machine Thread - 0] INFO  ozoneimpl.OzoneContainer (OzoneContainer.java:start(217)) - Attempting to start container services.
2019-09-19 11:31:47,907 [Datanode State Machine Thread - 0] INFO  ozoneimpl.OzoneContainer (OzoneContainer.java:startContainerScrub(179)) - Background container scanner has been disabled.
2019-09-19 11:31:47,907 [Datanode State Machine Thread - 0] INFO  ratis.XceiverServerRatis (XceiverServerRatis.java:start(411)) - Starting XceiverServerRatis 1b68dfce-262f-42a0-abb7-01256e4dd628 at port 0
2019-09-19 11:31:47,914 [Datanode State Machine Thread - 0] INFO  impl.RaftServerProxy (RaftServerProxy.java:lambda$start$3(299)) - 1b68dfce-262f-42a0-abb7-01256e4dd628: start RPC server
2019-09-19 11:31:47,917 [Datanode State Machine Thread - 0] INFO  server.GrpcService (GrpcService.java:startImpl(158)) - 1b68dfce-262f-42a0-abb7-01256e4dd628: GrpcService started, listening on 0.0.0.0/0.0.0.0:36325
2019-09-19 11:31:47,917 [Datanode State Machine Thread - 0] INFO  ratis.XceiverServerRatis (XceiverServerRatis.java:start(421)) - XceiverServerRatis 1b68dfce-262f-42a0-abb7-01256e4dd628 is started using port 36325
2019-09-19 11:31:47,927 [Datanode State Machine Thread - 0] INFO  server.XceiverServerGrpc (XceiverServerGrpc.java:start(163)) - XceiverServerGrpc 1b68dfce-262f-42a0-abb7-01256e4dd628 is started using port 34907
2019-09-19 11:31:48,891 [main] INFO  ozone.MiniOzoneClusterImpl (MiniOzoneClusterImpl.java:lambda$waitForClusterToBeReady$0(145)) - Waiting for cluster to be ready. Got 0 of 7 DN Heartbeats.
2019-09-19 11:31:49,531 [IPC Server handler 6 on 35953] INFO  net.NetworkTopology (NetworkTopologyImpl.java:add(111)) - Added a new node: /default-rack/960c4e8b-33b7-499e-a18c-f6fdada6657f
2019-09-19 11:31:49,534 [IPC Server handler 6 on 35953] INFO  node.SCMNodeManager (SCMNodeManager.java:register(266)) - Registered Data node : 960c4e8b-33b7-499e-a18c-f6fdada6657f{ip: 192.168.151.78, host: pr-hdds-2154-j8s56-3842691507, networkLocation: /default-rack, certSerialId: null}
2019-09-19 11:31:49,535 [EventQueue-NodeRegistrationContainerReportForDataNodeSafeModeRule] INFO  safemode.SCMSafeModeManager (DataNodeSafeModeRule.java:process(71)) - SCM in safe mode. 1 DataNodes registered, 1 required.
2019-09-19 11:31:49,538 [EventQueue-NodeRegistrationContainerReportForDataNodeSafeModeRule] INFO  safemode.SCMSafeModeManager (SCMSafeModeManager.java:validateSafeModeExitRules(177)) - ScmSafeModeManager, all rules are successfully validated
2019-09-19 11:31:49,538 [EventQueue-NodeRegistrationContainerReportForDataNodeSafeModeRule] INFO  safemode.SCMSafeModeManager (SCMSafeModeManager.java:exitSafeMode(193)) - SCM exiting safe mode.
2019-09-19 11:31:49,554 [grpc-default-executor-0] INFO  impl.RaftServerProxy (RaftServerProxy.java:addNew(89)) - 960c4e8b-33b7-499e-a18c-f6fdada6657f: addNew group-DE3AAA40FC3F:[960c4e8b-33b7-499e-a18c-f6fdada6657f:192.168.151.78:45831] returns group-DE3AAA40FC3F:java.util.concurrent.CompletableFuture@2fec3819[Not completed]
2019-09-19 11:31:49,557 [pool-409-thread-1] INFO  impl.RaftServerImpl (RaftServerImpl.java:<init>(95)) - 960c4e8b-33b7-499e-a18c-f6fdada6657f: new RaftServerImpl for group-DE3AAA40FC3F:[960c4e8b-33b7-499e-a18c-f6fdada6657f:192.168.151.78:45831] with ContainerStateMachine:uninitialized
2019-09-19 11:31:49,558 [pool-409-thread-1] INFO  server.RaftServerConfigKeys (ConfUtils.java:logGet(43)) - raft.server.rpc.timeout.min = 5s (custom)
2019-09-19 11:31:49,558 [pool-409-thread-1] INFO  server.RaftServerConfigKeys (ConfUtils.java:logGet(43)) - raft.server.rpc.timeout.max = 5200ms (custom)
2019-09-19 11:31:49,558 [pool-409-thread-1] INFO  server.RaftServerConfigKeys (ConfUtils.java:logGet(43)) - raft.server.rpcslowness.timeout = 120s (custom)
2019-09-19 11:31:49,558 [pool-409-thread-1] INFO  server.RaftServerConfigKeys (ConfUtils.java:logGet(43)) - raft.server.sleep.deviation.threshold = 300 (default)
2019-09-19 11:31:49,558 [pool-409-thread-1] INFO  server.RaftServerConfigKeys (ConfUtils.java:logGet(43)) - raft.server.log.appender.install.snapshot.enabled = false (custom)
2019-09-19 11:31:49,559 [pool-409-thread-1] INFO  impl.RaftServerImpl (ServerState.java:<init>(103)) - 960c4e8b-33b7-499e-a18c-f6fdada6657f@group-DE3AAA40FC3F: ConfigurationManager, init=-1: [960c4e8b-33b7-499e-a18c-f6fdada6657f:192.168.151.78:45831], old=null, confs=<EMPTY_MAP>
2019-09-19 11:31:49,559 [pool-409-thread-1] INFO  server.RaftServerConfigKeys (ConfUtils.java:logGet(43)) - raft.server.storage.dir = [/workdir/hadoop-ozone/integration-test/target/test-dir/MiniOzoneClusterImpl-6da57ec2-366d-4ea4-a605-9b5cf4b6fb5d/datanode-0/data/ratis] (custom)
2019-09-19 11:31:49,560 [pool-409-thread-1] INFO  storage.RaftStorageDirectory (RaftStorageDirectory.java:analyzeStorage(246)) - The storage directory /workdir/hadoop-ozone/integration-test/target/test-dir/MiniOzoneClusterImpl-6da57ec2-366d-4ea4-a605-9b5cf4b6fb5d/datanode-0/data/ratis/eec250ed-8d8a-4936-9d81-de3aaa40fc3f does not exist. Creating ...
2019-09-19 11:31:49,573 [pool-409-thread-1] INFO  storage.RaftStorageDirectory (RaftStorageDirectory.java:tryLock(328)) - Lock on /workdir/hadoop-ozone/integration-test/target/test-dir/MiniOzoneClusterImpl-6da57ec2-366d-4ea4-a605-9b5cf4b6fb5d/datanode-0/data/ratis/eec250ed-8d8a-4936-9d81-de3aaa40fc3f/in_use.lock acquired by nodename 22749@pr-hdds-2154-j8s56-3842691507
2019-09-19 11:31:49,592 [IPC Server handler 1 on 35953] INFO  net.NetworkTopology (NetworkTopologyImpl.java:add(111)) - Added a new node: /default-rack/21a9a8a2-1bc1-4e0b-a545-20246312a195
2019-09-19 11:31:49,592 [IPC Server handler 1 on 35953] INFO  node.SCMNodeManager (SCMNodeManager.java:register(266)) - Registered Data node : 21a9a8a2-1bc1-4e0b-a545-20246312a195{ip: 192.168.151.78, host: pr-hdds-2154-j8s56-3842691507, networkLocation: /default-rack, certSerialId: null}
2019-09-19 11:31:49,605 [pool-409-thread-1] INFO  storage.RaftStorage (RaftStorage.java:format(72)) - Storage directory /workdir/hadoop-ozone/integration-test/target/test-dir/MiniOzoneClusterImpl-6da57ec2-366d-4ea4-a605-9b5cf4b6fb5d/datanode-0/data/ratis/eec250ed-8d8a-4936-9d81-de3aaa40fc3f has been successfully formatted.
2019-09-19 11:31:49,606 [pool-409-thread-1] INFO  ratis.ContainerStateMachine (ContainerStateMachine.java:loadSnapshot(230)) - group-DE3AAA40FC3F: The snapshot info is null. Setting the last applied indexto:(t:0, i:~)
2019-09-19 11:31:49,606 [pool-409-thread-1] INFO  server.RaftServerConfigKeys (ConfUtils.java:logGet(43)) - raft.server.notification.no-leader.timeout = 120s (custom)
2019-09-19 11:31:49,606 [pool-409-thread-1] INFO  server.RaftServerConfigKeys (ConfUtils.java:logGet(43)) - raft.server.log.use.memory = false (default)
2019-09-19 11:31:49,606 [pool-409-thread-1] INFO  server.RaftServerConfigKeys (ConfUtils.java:logGet(43)) - raft.server.log.purge.gap = 1000000 (custom)
2019-09-19 11:31:49,606 [pool-409-thread-1] INFO  server.RaftServerConfigKeys (ConfUtils.java:logGet(43)) - raft.server.log.appender.buffer.byte-limit = 33554432 (custom)
2019-09-19 11:31:49,606 [pool-409-thread-1] INFO  server.RaftServerConfigKeys (ConfUtils.java:logGet(43)) - raft.server.log.segment.size.max = 1048576 (custom)
2019-09-19 11:31:49,607 [pool-409-thread-1] INFO  server.RaftServerConfigKeys (ConfUtils.java:logGet(43)) - raft.server.log.segment.cache.num.max = 2 (custom)
2019-09-19 11:31:49,607 [pool-409-thread-1] INFO  segmented.SegmentedRaftLogWorker (SegmentedRaftLogWorker.java:<init>(172)) - new 960c4e8b-33b7-499e-a18c-f6fdada6657f@group-DE3AAA40FC3F-SegmentedRaftLogWorker for RaftStorage:Storage Directory /workdir/hadoop-ozone/integration-test/target/test-dir/MiniOzoneClusterImpl-6da57ec2-366d-4ea4-a605-9b5cf4b6fb5d/datanode-0/data/ratis/eec250ed-8d8a-4936-9d81-de3aaa40fc3f
2019-09-19 11:31:49,609 [pool-409-thread-1] INFO  server.RaftServerConfigKeys (ConfUtils.java:logGet(43)) - raft.server.log.queue.byte-limit = 2147483647 (custom)
2019-09-19 11:31:49,609 [pool-409-thread-1] INFO  server.RaftServerConfigKeys (ConfUtils.java:logGet(43)) - raft.server.log.queue.element-limit = 1024 (custom)
2019-09-19 11:31:49,609 [pool-409-thread-1] INFO  server.RaftServerConfigKeys (ConfUtils.java:logGet(43)) - raft.server.log.segment.size.max = 1048576 (custom)
2019-09-19 11:31:49,609 [pool-409-thread-1] INFO  server.RaftServerConfigKeys (ConfUtils.java:logGet(43)) - raft.server.log.preallocated.size = 16384 (custom)
2019-09-19 11:31:49,609 [pool-409-thread-1] INFO  server.RaftServerConfigKeys (ConfUtils.java:logGet(43)) - raft.server.log.write.buffer.size = 33554432 (custom)
2019-09-19 11:31:49,609 [pool-409-thread-1] INFO  server.RaftServerConfigKeys (ConfUtils.java:logGet(43)) - raft.server.log.force.sync.num = 128 (default)
2019-09-19 11:31:49,609 [pool-409-thread-1] INFO  server.RaftServerConfigKeys (ConfUtils.java:logGet(43)) - raft.server.log.statemachine.data.sync = true (default)
2019-09-19 11:31:49,609 [pool-409-thread-1] INFO  server.RaftServerConfigKeys (ConfUtils.java:logGet(43)) - raft.server.log.statemachine.data.sync.timeout = 10s (default)
2019-09-19 11:31:49,610 [pool-409-thread-1] INFO  server.RaftServerConfigKeys (ConfUtils.java:logGet(43)) - raft.server.log.statemachine.data.sync.timeout.retry = -1 (default)
2019-09-19 11:31:49,610 [pool-409-thread-1] INFO  server.RaftServerConfigKeys (ConfUtils.java:logGet(43)) - raft.server.log.statemachine.data.caching.enabled = true (custom)
2019-09-19 11:31:49,610 [pool-409-thread-1] INFO  segmented.SegmentedRaftLogWorker (SegmentedRaftLogWorker.java:lambda$new$0(132)) - 960c4e8b-33b7-499e-a18c-f6fdada6657f@group-DE3AAA40FC3F-SegmentedRaftLogWorker: flushIndex: setUnconditionally 0 -> -1
2019-09-19 11:31:49,611 [pool-409-thread-1] INFO  server.RaftServerConfigKeys (ConfUtils.java:logGet(43)) - raft.server.snapshot.auto.trigger.enabled = true (custom)
2019-09-19 11:31:49,611 [pool-409-thread-1] INFO  server.RaftServerConfigKeys (ConfUtils.java:logGet(43)) - raft.server.snapshot.auto.trigger.threshold = 10000 (custom)
2019-09-19 11:31:49,611 [pool-409-thread-1] INFO  server.RaftServerConfigKeys (ConfUtils.java:logGet(43)) - raft.server.snapshot.retention.num.files = 5 (custom)
2019-09-19 11:31:49,611 [pool-409-thread-1] INFO  server.RaftServerConfigKeys (ConfUtils.java:logGet(43)) - raft.server.retrycache.expirytime = 600000ms (custom)
2019-09-19 11:31:49,613 [pool-409-thread-1] INFO  impl.RaftServerImpl (RaftServerImpl.java:start(185)) - 960c4e8b-33b7-499e-a18c-f6fdada6657f@group-DE3AAA40FC3F: start as a follower, conf=-1: [960c4e8b-33b7-499e-a18c-f6fdada6657f:192.168.151.78:45831], old=null
2019-09-19 11:31:49,613 [pool-409-thread-1] INFO  impl.RaftServerImpl (RaftServerImpl.java:setRole(174)) - 960c4e8b-33b7-499e-a18c-f6fdada6657f@group-DE3AAA40FC3F: changes role from      null to FOLLOWER at term 0 for startAsFollower
2019-09-19 11:31:49,613 [pool-409-thread-1] INFO  impl.RoleInfo (RoleInfo.java:updateAndGet(143)) - 960c4e8b-33b7-499e-a18c-f6fdada6657f: start FollowerState
2019-09-19 11:31:49,614 [pool-409-thread-1] INFO  util.JmxRegister (JmxRegister.java:tryRegister(44)) - Successfully registered JMX Bean with object name Ratis:service=RaftServer,group=group-DE3AAA40FC3F,id=960c4e8b-33b7-499e-a18c-f6fdada6657f
2019-09-19 11:31:49,635 [RatisPipelineUtilsThread] INFO  pipeline.PipelineStateManager (PipelineStateManager.java:addPipeline(56)) - Created pipeline Pipeline[ Id: eec250ed-8d8a-4936-9d81-de3aaa40fc3f, Nodes: 960c4e8b-33b7-499e-a18c-f6fdada6657f{ip: 192.168.151.78, host: pr-hdds-2154-j8s56-3842691507, networkLocation: /default-rack, certSerialId: null}, Type:RATIS, Factor:ONE, State:OPEN]
2019-09-19 11:31:49,641 [grpc-default-executor-0] INFO  impl.RaftServerProxy (RaftServerProxy.java:addNew(89)) - 21a9a8a2-1bc1-4e0b-a545-20246312a195: addNew group-5F6AFE1976FA:[21a9a8a2-1bc1-4e0b-a545-20246312a195:192.168.151.78:36774] returns group-5F6AFE1976FA:java.util.concurrent.CompletableFuture@3c934e1e[Not completed]
2019-09-19 11:31:49,642 [pool-419-thread-1] INFO  impl.RaftServerImpl (RaftServerImpl.java:<init>(95)) - 21a9a8a2-1bc1-4e0b-a545-20246312a195: new RaftServerImpl for group-5F6AFE1976FA:[21a9a8a2-1bc1-4e0b-a545-20246312a195:192.168.151.78:36774] with ContainerStateMachine:uninitialized
2019-09-19 11:31:49,642 [pool-419-thread-1] INFO  server.RaftServerConfigKeys (ConfUtils.java:logGet(43)) - raft.server.rpc.timeout.min = 5s (custom)
2019-09-19 11:31:49,643 [pool-419-thread-1] INFO  server.RaftServerConfigKeys (ConfUtils.java:logGet(43)) - raft.server.rpc.timeout.max = 5200ms (custom)
2019-09-19 11:31:49,643 [pool-419-thread-1] INFO  server.RaftServerConfigKeys (ConfUtils.java:logGet(43)) - raft.server.rpcslowness.timeout = 120s (custom)
2019-09-19 11:31:49,643 [pool-419-thread-1] INFO  server.RaftServerConfigKeys (ConfUtils.java:logGet(43)) - raft.server.sleep.deviation.threshold = 300 (default)
2019-09-19 11:31:49,643 [pool-419-thread-1] INFO  server.RaftServerConfigKeys (ConfUtils.java:logGet(43)) - raft.server.log.appender.install.snapshot.enabled = false (custom)
2019-09-19 11:31:49,643 [pool-419-thread-1] INFO  impl.RaftServerImpl (ServerState.java:<init>(103)) - 21a9a8a2-1bc1-4e0b-a545-20246312a195@group-5F6AFE1976FA: ConfigurationManager, init=-1: [21a9a8a2-1bc1-4e0b-a545-20246312a195:192.168.151.78:36774], old=null, confs=<EMPTY_MAP>
2019-09-19 11:31:49,643 [pool-419-thread-1] INFO  server.RaftServerConfigKeys (ConfUtils.java:logGet(43)) - raft.server.storage.dir = [/workdir/hadoop-ozone/integration-test/target/test-dir/MiniOzoneClusterImpl-6da57ec2-366d-4ea4-a605-9b5cf4b6fb5d/datanode-1/data/ratis] (custom)
2019-09-19 11:31:49,644 [pool-419-thread-1] INFO  storage.RaftStorageDirectory (RaftStorageDirectory.java:analyzeStorage(246)) - The storage directory /workdir/hadoop-ozone/integration-test/target/test-dir/MiniOzoneClusterImpl-6da57ec2-366d-4ea4-a605-9b5cf4b6fb5d/datanode-1/data/ratis/67d38d07-1a1c-48a1-b5ed-5f6afe1976fa does not exist. Creating ...
2019-09-19 11:31:49,648 [IPC Server handler 4 on 35953] INFO  net.NetworkTopology (NetworkTopologyImpl.java:add(111)) - Added a new node: /default-rack/c3650528-2518-482e-bbf8-bc89690c370c
2019-09-19 11:31:49,649 [IPC Server handler 4 on 35953] INFO  node.SCMNodeManager (SCMNodeManager.java:register(266)) - Registered Data node : c3650528-2518-482e-bbf8-bc89690c370c{ip: 192.168.151.78, host: pr-hdds-2154-j8s56-3842691507, networkLocation: /default-rack, certSerialId: null}
2019-09-19 11:31:49,673 [pool-419-thread-1] INFO  storage.RaftStorageDirectory (RaftStorageDirectory.java:tryLock(328)) - Lock on /workdir/hadoop-ozone/integration-test/target/test-dir/MiniOzoneClusterImpl-6da57ec2-366d-4ea4-a605-9b5cf4b6fb5d/datanode-1/data/ratis/67d38d07-1a1c-48a1-b5ed-5f6afe1976fa/in_use.lock acquired by nodename 22749@pr-hdds-2154-j8s56-3842691507
2019-09-19 11:31:49,686 [pool-419-thread-1] INFO  storage.RaftStorage (RaftStorage.java:format(72)) - Storage directory /workdir/hadoop-ozone/integration-test/target/test-dir/MiniOzoneClusterImpl-6da57ec2-366d-4ea4-a605-9b5cf4b6fb5d/datanode-1/data/ratis/67d38d07-1a1c-48a1-b5ed-5f6afe1976fa has been successfully formatted.
2019-09-19 11:31:49,686 [pool-419-thread-1] INFO  ratis.ContainerStateMachine (ContainerStateMachine.java:loadSnapshot(230)) - group-5F6AFE1976FA: The snapshot info is null. Setting the last applied indexto:(t:0, i:~)
2019-09-19 11:31:49,686 [pool-419-thread-1] INFO  server.RaftServerConfigKeys (ConfUtils.java:logGet(43)) - raft.server.notification.no-leader.timeout = 120s (custom)
2019-09-19 11:31:49,686 [pool-419-thread-1] INFO  server.RaftServerConfigKeys (ConfUtils.java:logGet(43)) - raft.server.log.use.memory = false (default)
2019-09-19 11:31:49,687 [pool-419-thread-1] INFO  server.RaftServerConfigKeys (ConfUtils.java:logGet(43)) - raft.server.log.purge.gap = 1000000 (custom)
2019-09-19 11:31:49,687 [pool-419-thread-1] INFO  server.RaftServerConfigKeys (ConfUtils.java:logGet(43)) - raft.server.log.appender.buffer.byte-limit = 33554432 (custom)
2019-09-19 11:31:49,687 [pool-419-thread-1] INFO  server.RaftServerConfigKeys (ConfUtils.java:logGet(43)) - raft.server.log.segment.size.max = 1048576 (custom)
2019-09-19 11:31:49,687 [pool-419-thread-1] INFO  server.RaftServerConfigKeys (ConfUtils.java:logGet(43)) - raft.server.log.segment.cache.num.max = 2 (custom)
2019-09-19 11:31:49,687 [pool-419-thread-1] INFO  segmented.SegmentedRaftLogWorker (SegmentedRaftLogWorker.java:<init>(172)) - new 21a9a8a2-1bc1-4e0b-a545-20246312a195@group-5F6AFE1976FA-SegmentedRaftLogWorker for RaftStorage:Storage Directory /workdir/hadoop-ozone/integration-test/target/test-dir/MiniOzoneClusterImpl-6da57ec2-366d-4ea4-a605-9b5cf4b6fb5d/datanode-1/data/ratis/67d38d07-1a1c-48a1-b5ed-5f6afe1976fa
2019-09-19 11:31:49,689 [pool-419-thread-1] INFO  server.RaftServerConfigKeys (ConfUtils.java:logGet(43)) - raft.server.log.queue.byte-limit = 2147483647 (custom)
2019-09-19 11:31:49,689 [pool-419-thread-1] INFO  server.RaftServerConfigKeys (ConfUtils.java:logGet(43)) - raft.server.log.queue.element-limit = 1024 (custom)
2019-09-19 11:31:49,689 [pool-419-thread-1] INFO  server.RaftServerConfigKeys (ConfUtils.java:logGet(43)) - raft.server.log.segment.size.max = 1048576 (custom)
2019-09-19 11:31:49,689 [pool-419-thread-1] INFO  server.RaftServerConfigKeys (ConfUtils.java:logGet(43)) - raft.server.log.preallocated.size = 16384 (custom)
2019-09-19 11:31:49,689 [pool-419-thread-1] INFO  server.RaftServerConfigKeys (ConfUtils.java:logGet(43)) - raft.server.log.write.buffer.size = 33554432 (custom)
2019-09-19 11:31:49,690 [pool-419-thread-1] INFO  server.RaftServerConfigKeys (ConfUtils.java:logGet(43)) - raft.server.log.force.sync.num = 128 (default)
2019-09-19 11:31:49,690 [pool-419-thread-1] INFO  server.RaftServerConfigKeys (ConfUtils.java:logGet(43)) - raft.server.log.statemachine.data.sync = true (default)
2019-09-19 11:31:49,690 [pool-419-thread-1] INFO  server.RaftServerConfigKeys (ConfUtils.java:logGet(43)) - raft.server.log.statemachine.data.sync.timeout = 10s (default)
2019-09-19 11:31:49,690 [pool-419-thread-1] INFO  server.RaftServerConfigKeys (ConfUtils.java:logGet(43)) - raft.server.log.statemachine.data.sync.timeout.retry = -1 (default)
2019-09-19 11:31:49,690 [pool-419-thread-1] INFO  server.RaftServerConfigKeys (ConfUtils.java:logGet(43)) - raft.server.log.statemachine.data.caching.enabled = true (custom)
2019-09-19 11:31:49,691 [pool-419-thread-1] INFO  segmented.SegmentedRaftLogWorker (SegmentedRaftLogWorker.java:lambda$new$0(132)) - 21a9a8a2-1bc1-4e0b-a545-20246312a195@group-5F6AFE1976FA-SegmentedRaftLogWorker: flushIndex: setUnconditionally 0 -> -1
2019-09-19 11:31:49,691 [pool-419-thread-1] INFO  server.RaftServerConfigKeys (ConfUtils.java:logGet(43)) - raft.server.snapshot.auto.trigger.enabled = true (custom)
2019-09-19 11:31:49,691 [pool-419-thread-1] INFO  server.RaftServerConfigKeys (ConfUtils.java:logGet(43)) - raft.server.snapshot.auto.trigger.threshold = 10000 (custom)
2019-09-19 11:31:49,691 [pool-419-thread-1] INFO  server.RaftServerConfigKeys (ConfUtils.java:logGet(43)) - raft.server.snapshot.retention.num.files = 5 (custom)
2019-09-19 11:31:49,691 [pool-419-thread-1] INFO  server.RaftServerConfigKeys (ConfUtils.java:logGet(43)) - raft.server.retrycache.expirytime = 600000ms (custom)
2019-09-19 11:31:49,693 [pool-419-thread-1] INFO  impl.RaftServerImpl (RaftServerImpl.java:start(185)) - 21a9a8a2-1bc1-4e0b-a545-20246312a195@group-5F6AFE1976FA: start as a follower, conf=-1: [21a9a8a2-1bc1-4e0b-a545-20246312a195:192.168.151.78:36774], old=null
2019-09-19 11:31:49,693 [pool-419-thread-1] INFO  impl.RaftServerImpl (RaftServerImpl.java:setRole(174)) - 21a9a8a2-1bc1-4e0b-a545-20246312a195@group-5F6AFE1976FA: changes role from      null to FOLLOWER at term 0 for startAsFollower
2019-09-19 11:31:49,693 [pool-419-thread-1] INFO  impl.RoleInfo (RoleInfo.java:updateAndGet(143)) - 21a9a8a2-1bc1-4e0b-a545-20246312a195: start FollowerState
2019-09-19 11:31:49,694 [pool-419-thread-1] INFO  util.JmxRegister (JmxRegister.java:tryRegister(44)) - Successfully registered JMX Bean with object name Ratis:service=RaftServer,group=group-5F6AFE1976FA,id=21a9a8a2-1bc1-4e0b-a545-20246312a195
2019-09-19 11:31:49,698 [RatisPipelineUtilsThread] INFO  pipeline.PipelineStateManager (PipelineStateManager.java:addPipeline(56)) - Created pipeline Pipeline[ Id: 67d38d07-1a1c-48a1-b5ed-5f6afe1976fa, Nodes: 21a9a8a2-1bc1-4e0b-a545-20246312a195{ip: 192.168.151.78, host: pr-hdds-2154-j8s56-3842691507, networkLocation: /default-rack, certSerialId: null}, Type:RATIS, Factor:ONE, State:OPEN]
2019-09-19 11:31:49,703 [IPC Server handler 3 on 35953] INFO  net.NetworkTopology (NetworkTopologyImpl.java:add(111)) - Added a new node: /default-rack/b6529db3-123b-4be0-a0cb-0e56f9592f33
2019-09-19 11:31:49,703 [IPC Server handler 3 on 35953] INFO  node.SCMNodeManager (SCMNodeManager.java:register(266)) - Registered Data node : b6529db3-123b-4be0-a0cb-0e56f9592f33{ip: 192.168.151.78, host: pr-hdds-2154-j8s56-3842691507, networkLocation: /default-rack, certSerialId: null}
2019-09-19 11:31:49,706 [grpc-default-executor-0] INFO  impl.RaftServerProxy (RaftServerProxy.java:addNew(89)) - c3650528-2518-482e-bbf8-bc89690c370c: addNew group-A87158ADB71B:[c3650528-2518-482e-bbf8-bc89690c370c:192.168.151.78:33979] returns group-A87158ADB71B:java.util.concurrent.CompletableFuture@1c997585[Not completed]
2019-09-19 11:31:49,707 [pool-429-thread-1] INFO  impl.RaftServerImpl (RaftServerImpl.java:<init>(95)) - c3650528-2518-482e-bbf8-bc89690c370c: new RaftServerImpl for group-A87158ADB71B:[c3650528-2518-482e-bbf8-bc89690c370c:192.168.151.78:33979] with ContainerStateMachine:uninitialized
2019-09-19 11:31:49,707 [pool-429-thread-1] INFO  server.RaftServerConfigKeys (ConfUtils.java:logGet(43)) - raft.server.rpc.timeout.min = 5s (custom)
2019-09-19 11:31:49,707 [pool-429-thread-1] INFO  server.RaftServerConfigKeys (ConfUtils.java:logGet(43)) - raft.server.rpc.timeout.max = 5200ms (custom)
2019-09-19 11:31:49,707 [pool-429-thread-1] INFO  server.RaftServerConfigKeys (ConfUtils.java:logGet(43)) - raft.server.rpcslowness.timeout = 120s (custom)
2019-09-19 11:31:49,708 [pool-429-thread-1] INFO  server.RaftServerConfigKeys (ConfUtils.java:logGet(43)) - raft.server.sleep.deviation.threshold = 300 (default)
2019-09-19 11:31:49,708 [pool-429-thread-1] INFO  server.RaftServerConfigKeys (ConfUtils.java:logGet(43)) - raft.server.log.appender.install.snapshot.enabled = false (custom)
2019-09-19 11:31:49,708 [pool-429-thread-1] INFO  impl.RaftServerImpl (ServerState.java:<init>(103)) - c3650528-2518-482e-bbf8-bc89690c370c@group-A87158ADB71B: ConfigurationManager, init=-1: [c3650528-2518-482e-bbf8-bc89690c370c:192.168.151.78:33979], old=null, confs=<EMPTY_MAP>
2019-09-19 11:31:49,708 [pool-429-thread-1] INFO  server.RaftServerConfigKeys (ConfUtils.java:logGet(43)) - raft.server.storage.dir = [/workdir/hadoop-ozone/integration-test/target/test-dir/MiniOzoneClusterImpl-6da57ec2-366d-4ea4-a605-9b5cf4b6fb5d/datanode-2/data/ratis] (custom)
2019-09-19 11:31:49,708 [pool-429-thread-1] INFO  storage.RaftStorageDirectory (RaftStorageDirectory.java:analyzeStorage(246)) - The storage directory /workdir/hadoop-ozone/integration-test/target/test-dir/MiniOzoneClusterImpl-6da57ec2-366d-4ea4-a605-9b5cf4b6fb5d/datanode-2/data/ratis/6be788ce-3752-4425-bd74-a87158adb71b does not exist. Creating ...
2019-09-19 11:31:49,715 [pool-429-thread-1] INFO  storage.RaftStorageDirectory (RaftStorageDirectory.java:tryLock(328)) - Lock on /workdir/hadoop-ozone/integration-test/target/test-dir/MiniOzoneClusterImpl-6da57ec2-366d-4ea4-a605-9b5cf4b6fb5d/datanode-2/data/ratis/6be788ce-3752-4425-bd74-a87158adb71b/in_use.lock acquired by nodename 22749@pr-hdds-2154-j8s56-3842691507
2019-09-19 11:31:49,728 [pool-429-thread-1] INFO  storage.RaftStorage (RaftStorage.java:format(72)) - Storage directory /workdir/hadoop-ozone/integration-test/target/test-dir/MiniOzoneClusterImpl-6da57ec2-366d-4ea4-a605-9b5cf4b6fb5d/datanode-2/data/ratis/6be788ce-3752-4425-bd74-a87158adb71b has been successfully formatted.
2019-09-19 11:31:49,728 [pool-429-thread-1] INFO  ratis.ContainerStateMachine (ContainerStateMachine.java:loadSnapshot(230)) - group-A87158ADB71B: The snapshot info is null. Setting the last applied indexto:(t:0, i:~)
2019-09-19 11:31:49,728 [pool-429-thread-1] INFO  server.RaftServerConfigKeys (ConfUtils.java:logGet(43)) - raft.server.notification.no-leader.timeout = 120s (custom)
2019-09-19 11:31:49,728 [pool-429-thread-1] INFO  server.RaftServerConfigKeys (ConfUtils.java:logGet(43)) - raft.server.log.use.memory = false (default)
2019-09-19 11:31:49,728 [pool-429-thread-1] INFO  server.RaftServerConfigKeys (ConfUtils.java:logGet(43)) - raft.server.log.purge.gap = 1000000 (custom)
2019-09-19 11:31:49,728 [pool-429-thread-1] INFO  server.RaftServerConfigKeys (ConfUtils.java:logGet(43)) - raft.server.log.appender.buffer.byte-limit = 33554432 (custom)
2019-09-19 11:31:49,729 [pool-429-thread-1] INFO  server.RaftServerConfigKeys (ConfUtils.java:logGet(43)) - raft.server.log.segment.size.max = 1048576 (custom)
2019-09-19 11:31:49,729 [pool-429-thread-1] INFO  server.RaftServerConfigKeys (ConfUtils.java:logGet(43)) - raft.server.log.segment.cache.num.max = 2 (custom)
2019-09-19 11:31:49,729 [pool-429-thread-1] INFO  segmented.SegmentedRaftLogWorker (SegmentedRaftLogWorker.java:<init>(172)) - new c3650528-2518-482e-bbf8-bc89690c370c@group-A87158ADB71B-SegmentedRaftLogWorker for RaftStorage:Storage Directory /workdir/hadoop-ozone/integration-test/target/test-dir/MiniOzoneClusterImpl-6da57ec2-366d-4ea4-a605-9b5cf4b6fb5d/datanode-2/data/ratis/6be788ce-3752-4425-bd74-a87158adb71b
2019-09-19 11:31:49,731 [pool-429-thread-1] INFO  server.RaftServerConfigKeys (ConfUtils.java:logGet(43)) - raft.server.log.queue.byte-limit = 2147483647 (custom)
2019-09-19 11:31:49,731 [pool-429-thread-1] INFO  server.RaftServerConfigKeys (ConfUtils.java:logGet(43)) - raft.server.log.queue.element-limit = 1024 (custom)
2019-09-19 11:31:49,731 [pool-429-thread-1] INFO  server.RaftServerConfigKeys (ConfUtils.java:logGet(43)) - raft.server.log.segment.size.max = 1048576 (custom)
2019-09-19 11:31:49,731 [pool-429-thread-1] INFO  server.RaftServerConfigKeys (ConfUtils.java:logGet(43)) - raft.server.log.preallocated.size = 16384 (custom)
2019-09-19 11:31:49,731 [pool-429-thread-1] INFO  server.RaftServerConfigKeys (ConfUtils.java:logGet(43)) - raft.server.log.write.buffer.size = 33554432 (custom)
2019-09-19 11:31:49,731 [pool-429-thread-1] INFO  server.RaftServerConfigKeys (ConfUtils.java:logGet(43)) - raft.server.log.force.sync.num = 128 (default)
2019-09-19 11:31:49,731 [pool-429-thread-1] INFO  server.RaftServerConfigKeys (ConfUtils.java:logGet(43)) - raft.server.log.statemachine.data.sync = true (default)
2019-09-19 11:31:49,731 [pool-429-thread-1] INFO  server.RaftServerConfigKeys (ConfUtils.java:logGet(43)) - raft.server.log.statemachine.data.sync.timeout = 10s (default)
2019-09-19 11:31:49,732 [pool-429-thread-1] INFO  server.RaftServerConfigKeys (ConfUtils.java:logGet(43)) - raft.server.log.statemachine.data.sync.timeout.retry = -1 (default)
2019-09-19 11:31:49,732 [pool-429-thread-1] INFO  server.RaftServerConfigKeys (ConfUtils.java:logGet(43)) - raft.server.log.statemachine.data.caching.enabled = true (custom)
2019-09-19 11:31:49,732 [pool-429-thread-1] INFO  segmented.SegmentedRaftLogWorker (SegmentedRaftLogWorker.java:lambda$new$0(132)) - c3650528-2518-482e-bbf8-bc89690c370c@group-A87158ADB71B-SegmentedRaftLogWorker: flushIndex: setUnconditionally 0 -> -1
2019-09-19 11:31:49,732 [pool-429-thread-1] INFO  server.RaftServerConfigKeys (ConfUtils.java:logGet(43)) - raft.server.snapshot.auto.trigger.enabled = true (custom)
2019-09-19 11:31:49,732 [pool-429-thread-1] INFO  server.RaftServerConfigKeys (ConfUtils.java:logGet(43)) - raft.server.snapshot.auto.trigger.threshold = 10000 (custom)
2019-09-19 11:31:49,733 [pool-429-thread-1] INFO  server.RaftServerConfigKeys (ConfUtils.java:logGet(43)) - raft.server.snapshot.retention.num.files = 5 (custom)
2019-09-19 11:31:49,733 [pool-429-thread-1] INFO  server.RaftServerConfigKeys (ConfUtils.java:logGet(43)) - raft.server.retrycache.expirytime = 600000ms (custom)
2019-09-19 11:31:49,734 [pool-429-thread-1] INFO  impl.RaftServerImpl (RaftServerImpl.java:start(185)) - c3650528-2518-482e-bbf8-bc89690c370c@group-A87158ADB71B: start as a follower, conf=-1: [c3650528-2518-482e-bbf8-bc89690c370c:192.168.151.78:33979], old=null
2019-09-19 11:31:49,734 [pool-429-thread-1] INFO  impl.RaftServerImpl (RaftServerImpl.java:setRole(174)) - c3650528-2518-482e-bbf8-bc89690c370c@group-A87158ADB71B: changes role from      null to FOLLOWER at term 0 for startAsFollower
2019-09-19 11:31:49,734 [pool-429-thread-1] INFO  impl.RoleInfo (RoleInfo.java:updateAndGet(143)) - c3650528-2518-482e-bbf8-bc89690c370c: start FollowerState
2019-09-19 11:31:49,735 [pool-429-thread-1] INFO  util.JmxRegister (JmxRegister.java:tryRegister(44)) - Successfully registered JMX Bean with object name Ratis:service=RaftServer,group=group-A87158ADB71B,id=c3650528-2518-482e-bbf8-bc89690c370c
2019-09-19 11:31:49,739 [RatisPipelineUtilsThread] INFO  pipeline.PipelineStateManager (PipelineStateManager.java:addPipeline(56)) - Created pipeline Pipeline[ Id: 6be788ce-3752-4425-bd74-a87158adb71b, Nodes: c3650528-2518-482e-bbf8-bc89690c370c{ip: 192.168.151.78, host: pr-hdds-2154-j8s56-3842691507, networkLocation: /default-rack, certSerialId: null}, Type:RATIS, Factor:ONE, State:OPEN]
2019-09-19 11:31:49,745 [grpc-default-executor-0] INFO  impl.RaftServerProxy (RaftServerProxy.java:addNew(89)) - b6529db3-123b-4be0-a0cb-0e56f9592f33: addNew group-66FDB4855001:[b6529db3-123b-4be0-a0cb-0e56f9592f33:192.168.151.78:37948] returns group-66FDB4855001:java.util.concurrent.CompletableFuture@7c54d3d6[Not completed]
2019-09-19 11:31:49,746 [pool-439-thread-1] INFO  impl.RaftServerImpl (RaftServerImpl.java:<init>(95)) - b6529db3-123b-4be0-a0cb-0e56f9592f33: new RaftServerImpl for group-66FDB4855001:[b6529db3-123b-4be0-a0cb-0e56f9592f33:192.168.151.78:37948] with ContainerStateMachine:uninitialized
2019-09-19 11:31:49,747 [pool-439-thread-1] INFO  server.RaftServerConfigKeys (ConfUtils.java:logGet(43)) - raft.server.rpc.timeout.min = 5s (custom)
2019-09-19 11:31:49,747 [pool-439-thread-1] INFO  server.RaftServerConfigKeys (ConfUtils.java:logGet(43)) - raft.server.rpc.timeout.max = 5200ms (custom)
2019-09-19 11:31:49,747 [pool-439-thread-1] INFO  server.RaftServerConfigKeys (ConfUtils.java:logGet(43)) - raft.server.rpcslowness.timeout = 120s (custom)
2019-09-19 11:31:49,747 [pool-439-thread-1] INFO  server.RaftServerConfigKeys (ConfUtils.java:logGet(43)) - raft.server.sleep.deviation.threshold = 300 (default)
2019-09-19 11:31:49,747 [pool-439-thread-1] INFO  server.RaftServerConfigKeys (ConfUtils.java:logGet(43)) - raft.server.log.appender.install.snapshot.enabled = false (custom)
2019-09-19 11:31:49,747 [pool-439-thread-1] INFO  impl.RaftServerImpl (ServerState.java:<init>(103)) - b6529db3-123b-4be0-a0cb-0e56f9592f33@group-66FDB4855001: ConfigurationManager, init=-1: [b6529db3-123b-4be0-a0cb-0e56f9592f33:192.168.151.78:37948], old=null, confs=<EMPTY_MAP>
2019-09-19 11:31:49,747 [pool-439-thread-1] INFO  server.RaftServerConfigKeys (ConfUtils.java:logGet(43)) - raft.server.storage.dir = [/workdir/hadoop-ozone/integration-test/target/test-dir/MiniOzoneClusterImpl-6da57ec2-366d-4ea4-a605-9b5cf4b6fb5d/datanode-3/data/ratis] (custom)
2019-09-19 11:31:49,748 [pool-439-thread-1] INFO  storage.RaftStorageDirectory (RaftStorageDirectory.java:analyzeStorage(246)) - The storage directory /workdir/hadoop-ozone/integration-test/target/test-dir/MiniOzoneClusterImpl-6da57ec2-366d-4ea4-a605-9b5cf4b6fb5d/datanode-3/data/ratis/4ff2981d-7c66-4ae4-bae9-66fdb4855001 does not exist. Creating ...
2019-09-19 11:31:49,757 [pool-439-thread-1] INFO  storage.RaftStorageDirectory (RaftStorageDirectory.java:tryLock(328)) - Lock on /workdir/hadoop-ozone/integration-test/target/test-dir/MiniOzoneClusterImpl-6da57ec2-366d-4ea4-a605-9b5cf4b6fb5d/datanode-3/data/ratis/4ff2981d-7c66-4ae4-bae9-66fdb4855001/in_use.lock acquired by nodename 22749@pr-hdds-2154-j8s56-3842691507
2019-09-19 11:31:49,761 [IPC Server handler 2 on 35953] INFO  net.NetworkTopology (NetworkTopologyImpl.java:add(111)) - Added a new node: /default-rack/21a74dd4-9923-453c-baf9-ae5746c9b858
2019-09-19 11:31:49,761 [IPC Server handler 2 on 35953] INFO  node.SCMNodeManager (SCMNodeManager.java:register(266)) - Registered Data node : 21a74dd4-9923-453c-baf9-ae5746c9b858{ip: 192.168.151.78, host: pr-hdds-2154-j8s56-3842691507, networkLocation: /default-rack, certSerialId: null}
2019-09-19 11:31:49,770 [pool-439-thread-1] INFO  storage.RaftStorage (RaftStorage.java:format(72)) - Storage directory /workdir/hadoop-ozone/integration-test/target/test-dir/MiniOzoneClusterImpl-6da57ec2-366d-4ea4-a605-9b5cf4b6fb5d/datanode-3/data/ratis/4ff2981d-7c66-4ae4-bae9-66fdb4855001 has been successfully formatted.
2019-09-19 11:31:49,771 [pool-439-thread-1] INFO  ratis.ContainerStateMachine (ContainerStateMachine.java:loadSnapshot(230)) - group-66FDB4855001: The snapshot info is null. Setting the last applied indexto:(t:0, i:~)
2019-09-19 11:31:49,771 [pool-439-thread-1] INFO  server.RaftServerConfigKeys (ConfUtils.java:logGet(43)) - raft.server.notification.no-leader.timeout = 120s (custom)
2019-09-19 11:31:49,771 [pool-439-thread-1] INFO  server.RaftServerConfigKeys (ConfUtils.java:logGet(43)) - raft.server.log.use.memory = false (default)
2019-09-19 11:31:49,771 [pool-439-thread-1] INFO  server.RaftServerConfigKeys (ConfUtils.java:logGet(43)) - raft.server.log.purge.gap = 1000000 (custom)
2019-09-19 11:31:49,772 [pool-439-thread-1] INFO  server.RaftServerConfigKeys (ConfUtils.java:logGet(43)) - raft.server.log.appender.buffer.byte-limit = 33554432 (custom)
2019-09-19 11:31:49,772 [pool-439-thread-1] INFO  server.RaftServerConfigKeys (ConfUtils.java:logGet(43)) - raft.server.log.segment.size.max = 1048576 (custom)
2019-09-19 11:31:49,772 [pool-439-thread-1] INFO  server.RaftServerConfigKeys (ConfUtils.java:logGet(43)) - raft.server.log.segment.cache.num.max = 2 (custom)
2019-09-19 11:31:49,772 [pool-439-thread-1] INFO  segmented.SegmentedRaftLogWorker (SegmentedRaftLogWorker.java:<init>(172)) - new b6529db3-123b-4be0-a0cb-0e56f9592f33@group-66FDB4855001-SegmentedRaftLogWorker for RaftStorage:Storage Directory /workdir/hadoop-ozone/integration-test/target/test-dir/MiniOzoneClusterImpl-6da57ec2-366d-4ea4-a605-9b5cf4b6fb5d/datanode-3/data/ratis/4ff2981d-7c66-4ae4-bae9-66fdb4855001
2019-09-19 11:31:49,774 [pool-439-thread-1] INFO  server.RaftServerConfigKeys (ConfUtils.java:logGet(43)) - raft.server.log.queue.byte-limit = 2147483647 (custom)
2019-09-19 11:31:49,775 [pool-439-thread-1] INFO  server.RaftServerConfigKeys (ConfUtils.java:logGet(43)) - raft.server.log.queue.element-limit = 1024 (custom)
2019-09-19 11:31:49,775 [pool-439-thread-1] INFO  server.RaftServerConfigKeys (ConfUtils.java:logGet(43)) - raft.server.log.segment.size.max = 1048576 (custom)
2019-09-19 11:31:49,775 [pool-439-thread-1] INFO  server.RaftServerConfigKeys (ConfUtils.java:logGet(43)) - raft.server.log.preallocated.size = 16384 (custom)
2019-09-19 11:31:49,775 [pool-439-thread-1] INFO  server.RaftServerConfigKeys (ConfUtils.java:logGet(43)) - raft.server.log.write.buffer.size = 33554432 (custom)
2019-09-19 11:31:49,775 [pool-439-thread-1] INFO  server.RaftServerConfigKeys (ConfUtils.java:logGet(43)) - raft.server.log.force.sync.num = 128 (default)
2019-09-19 11:31:49,775 [pool-439-thread-1] INFO  server.RaftServerConfigKeys (ConfUtils.java:logGet(43)) - raft.server.log.statemachine.data.sync = true (default)
2019-09-19 11:31:49,775 [pool-439-thread-1] INFO  server.RaftServerConfigKeys (ConfUtils.java:logGet(43)) - raft.server.log.statemachine.data.sync.timeout = 10s (default)
2019-09-19 11:31:49,775 [pool-439-thread-1] INFO  server.RaftServerConfigKeys (ConfUtils.java:logGet(43)) - raft.server.log.statemachine.data.sync.timeout.retry = -1 (default)
2019-09-19 11:31:49,776 [pool-439-thread-1] INFO  server.RaftServerConfigKeys (ConfUtils.java:logGet(43)) - raft.server.log.statemachine.data.caching.enabled = true (custom)
2019-09-19 11:31:49,776 [pool-439-thread-1] INFO  segmented.SegmentedRaftLogWorker (SegmentedRaftLogWorker.java:lambda$new$0(132)) - b6529db3-123b-4be0-a0cb-0e56f9592f33@group-66FDB4855001-SegmentedRaftLogWorker: flushIndex: setUnconditionally 0 -> -1
2019-09-19 11:31:49,776 [pool-439-thread-1] INFO  server.RaftServerConfigKeys (ConfUtils.java:logGet(43)) - raft.server.snapshot.auto.trigger.enabled = true (custom)
2019-09-19 11:31:49,776 [pool-439-thread-1] INFO  server.RaftServerConfigKeys (ConfUtils.java:logGet(43)) - raft.server.snapshot.auto.trigger.threshold = 10000 (custom)
2019-09-19 11:31:49,777 [pool-439-thread-1] INFO  server.RaftServerConfigKeys (ConfUtils.java:logGet(43)) - raft.server.snapshot.retention.num.files = 5 (custom)
2019-09-19 11:31:49,777 [pool-439-thread-1] INFO  server.RaftServerConfigKeys (ConfUtils.java:logGet(43)) - raft.server.retrycache.expirytime = 600000ms (custom)
2019-09-19 11:31:49,778 [pool-439-thread-1] INFO  impl.RaftServerImpl (RaftServerImpl.java:start(185)) - b6529db3-123b-4be0-a0cb-0e56f9592f33@group-66FDB4855001: start as a follower, conf=-1: [b6529db3-123b-4be0-a0cb-0e56f9592f33:192.168.151.78:37948], old=null
2019-09-19 11:31:49,778 [pool-439-thread-1] INFO  impl.RaftServerImpl (RaftServerImpl.java:setRole(174)) - b6529db3-123b-4be0-a0cb-0e56f9592f33@group-66FDB4855001: changes role from      null to FOLLOWER at term 0 for startAsFollower
2019-09-19 11:31:49,778 [pool-439-thread-1] INFO  impl.RoleInfo (RoleInfo.java:updateAndGet(143)) - b6529db3-123b-4be0-a0cb-0e56f9592f33: start FollowerState
2019-09-19 11:31:49,787 [pool-439-thread-1] INFO  util.JmxRegister (JmxRegister.java:tryRegister(44)) - Successfully registered JMX Bean with object name Ratis:service=RaftServer,group=group-66FDB4855001,id=b6529db3-123b-4be0-a0cb-0e56f9592f33
2019-09-19 11:31:49,798 [RatisPipelineUtilsThread] INFO  pipeline.PipelineStateManager (PipelineStateManager.java:addPipeline(56)) - Created pipeline Pipeline[ Id: 4ff2981d-7c66-4ae4-bae9-66fdb4855001, Nodes: b6529db3-123b-4be0-a0cb-0e56f9592f33{ip: 192.168.151.78, host: pr-hdds-2154-j8s56-3842691507, networkLocation: /default-rack, certSerialId: null}, Type:RATIS, Factor:ONE, State:OPEN]
2019-09-19 11:31:49,811 [grpc-default-executor-0] INFO  impl.RaftServerProxy (RaftServerProxy.java:addNew(89)) - 21a74dd4-9923-453c-baf9-ae5746c9b858: addNew group-5C087F3A6113:[21a74dd4-9923-453c-baf9-ae5746c9b858:192.168.151.78:33961] returns group-5C087F3A6113:java.util.concurrent.CompletableFuture@76cbf714[Not completed]
2019-09-19 11:31:49,812 [pool-449-thread-1] INFO  impl.RaftServerImpl (RaftServerImpl.java:<init>(95)) - 21a74dd4-9923-453c-baf9-ae5746c9b858: new RaftServerImpl for group-5C087F3A6113:[21a74dd4-9923-453c-baf9-ae5746c9b858:192.168.151.78:33961] with ContainerStateMachine:uninitialized
2019-09-19 11:31:49,812 [pool-449-thread-1] INFO  server.RaftServerConfigKeys (ConfUtils.java:logGet(43)) - raft.server.rpc.timeout.min = 5s (custom)
2019-09-19 11:31:49,812 [pool-449-thread-1] INFO  server.RaftServerConfigKeys (ConfUtils.java:logGet(43)) - raft.server.rpc.timeout.max = 5200ms (custom)
2019-09-19 11:31:49,812 [pool-449-thread-1] INFO  server.RaftServerConfigKeys (ConfUtils.java:logGet(43)) - raft.server.rpcslowness.timeout = 120s (custom)
2019-09-19 11:31:49,812 [pool-449-thread-1] INFO  server.RaftServerConfigKeys (ConfUtils.java:logGet(43)) - raft.server.sleep.deviation.threshold = 300 (default)
2019-09-19 11:31:49,813 [pool-449-thread-1] INFO  server.RaftServerConfigKeys (ConfUtils.java:logGet(43)) - raft.server.log.appender.install.snapshot.enabled = false (custom)
2019-09-19 11:31:49,813 [pool-449-thread-1] INFO  impl.RaftServerImpl (ServerState.java:<init>(103)) - 21a74dd4-9923-453c-baf9-ae5746c9b858@group-5C087F3A6113: ConfigurationManager, init=-1: [21a74dd4-9923-453c-baf9-ae5746c9b858:192.168.151.78:33961], old=null, confs=<EMPTY_MAP>
2019-09-19 11:31:49,813 [pool-449-thread-1] INFO  server.RaftServerConfigKeys (ConfUtils.java:logGet(43)) - raft.server.storage.dir = [/workdir/hadoop-ozone/integration-test/target/test-dir/MiniOzoneClusterImpl-6da57ec2-366d-4ea4-a605-9b5cf4b6fb5d/datanode-4/data/ratis] (custom)
2019-09-19 11:31:49,813 [pool-449-thread-1] INFO  storage.RaftStorageDirectory (RaftStorageDirectory.java:analyzeStorage(246)) - The storage directory /workdir/hadoop-ozone/integration-test/target/test-dir/MiniOzoneClusterImpl-6da57ec2-366d-4ea4-a605-9b5cf4b6fb5d/datanode-4/data/ratis/07e952c3-1073-4550-b951-5c087f3a6113 does not exist. Creating ...
2019-09-19 11:31:49,819 [IPC Server handler 5 on 35953] INFO  net.NetworkTopology (NetworkTopologyImpl.java:add(111)) - Added a new node: /default-rack/758fd404-57a5-4b75-8be9-0c6c712b0af9
2019-09-19 11:31:49,819 [IPC Server handler 5 on 35953] INFO  node.SCMNodeManager (SCMNodeManager.java:register(266)) - Registered Data node : 758fd404-57a5-4b75-8be9-0c6c712b0af9{ip: 192.168.151.78, host: pr-hdds-2154-j8s56-3842691507, networkLocation: /default-rack, certSerialId: null}
2019-09-19 11:31:49,830 [pool-449-thread-1] INFO  storage.RaftStorageDirectory (RaftStorageDirectory.java:tryLock(328)) - Lock on /workdir/hadoop-ozone/integration-test/target/test-dir/MiniOzoneClusterImpl-6da57ec2-366d-4ea4-a605-9b5cf4b6fb5d/datanode-4/data/ratis/07e952c3-1073-4550-b951-5c087f3a6113/in_use.lock acquired by nodename 22749@pr-hdds-2154-j8s56-3842691507
2019-09-19 11:31:49,842 [pool-449-thread-1] INFO  storage.RaftStorage (RaftStorage.java:format(72)) - Storage directory /workdir/hadoop-ozone/integration-test/target/test-dir/MiniOzoneClusterImpl-6da57ec2-366d-4ea4-a605-9b5cf4b6fb5d/datanode-4/data/ratis/07e952c3-1073-4550-b951-5c087f3a6113 has been successfully formatted.
2019-09-19 11:31:49,842 [pool-449-thread-1] INFO  ratis.ContainerStateMachine (ContainerStateMachine.java:loadSnapshot(230)) - group-5C087F3A6113: The snapshot info is null. Setting the last applied indexto:(t:0, i:~)
2019-09-19 11:31:49,843 [pool-449-thread-1] INFO  server.RaftServerConfigKeys (ConfUtils.java:logGet(43)) - raft.server.notification.no-leader.timeout = 120s (custom)
2019-09-19 11:31:49,843 [pool-449-thread-1] INFO  server.RaftServerConfigKeys (ConfUtils.java:logGet(43)) - raft.server.log.use.memory = false (default)
2019-09-19 11:31:49,843 [pool-449-thread-1] INFO  server.RaftServerConfigKeys (ConfUtils.java:logGet(43)) - raft.server.log.purge.gap = 1000000 (custom)
2019-09-19 11:31:49,843 [pool-449-thread-1] INFO  server.RaftServerConfigKeys (ConfUtils.java:logGet(43)) - raft.server.log.appender.buffer.byte-limit = 33554432 (custom)
2019-09-19 11:31:49,843 [pool-449-thread-1] INFO  server.RaftServerConfigKeys (ConfUtils.java:logGet(43)) - raft.server.log.segment.size.max = 1048576 (custom)
2019-09-19 11:31:49,843 [pool-449-thread-1] INFO  server.RaftServerConfigKeys (ConfUtils.java:logGet(43)) - raft.server.log.segment.cache.num.max = 2 (custom)
2019-09-19 11:31:49,843 [pool-449-thread-1] INFO  segmented.SegmentedRaftLogWorker (SegmentedRaftLogWorker.java:<init>(172)) - new 21a74dd4-9923-453c-baf9-ae5746c9b858@group-5C087F3A6113-SegmentedRaftLogWorker for RaftStorage:Storage Directory /workdir/hadoop-ozone/integration-test/target/test-dir/MiniOzoneClusterImpl-6da57ec2-366d-4ea4-a605-9b5cf4b6fb5d/datanode-4/data/ratis/07e952c3-1073-4550-b951-5c087f3a6113
2019-09-19 11:31:49,844 [pool-449-thread-1] INFO  server.RaftServerConfigKeys (ConfUtils.java:logGet(43)) - raft.server.log.queue.byte-limit = 2147483647 (custom)
2019-09-19 11:31:49,845 [pool-449-thread-1] INFO  server.RaftServerConfigKeys (ConfUtils.java:logGet(43)) - raft.server.log.queue.element-limit = 1024 (custom)
2019-09-19 11:31:49,845 [pool-449-thread-1] INFO  server.RaftServerConfigKeys (ConfUtils.java:logGet(43)) - raft.server.log.segment.size.max = 1048576 (custom)
2019-09-19 11:31:49,845 [pool-449-thread-1] INFO  server.RaftServerConfigKeys (ConfUtils.java:logGet(43)) - raft.server.log.preallocated.size = 16384 (custom)
2019-09-19 11:31:49,845 [pool-449-thread-1] INFO  server.RaftServerConfigKeys (ConfUtils.java:logGet(43)) - raft.server.log.write.buffer.size = 33554432 (custom)
2019-09-19 11:31:49,845 [pool-449-thread-1] INFO  server.RaftServerConfigKeys (ConfUtils.java:logGet(43)) - raft.server.log.force.sync.num = 128 (default)
2019-09-19 11:31:49,845 [pool-449-thread-1] INFO  server.RaftServerConfigKeys (ConfUtils.java:logGet(43)) - raft.server.log.statemachine.data.sync = true (default)
2019-09-19 11:31:49,845 [pool-449-thread-1] INFO  server.RaftServerConfigKeys (ConfUtils.java:logGet(43)) - raft.server.log.statemachine.data.sync.timeout = 10s (default)
2019-09-19 11:31:49,845 [pool-449-thread-1] INFO  server.RaftServerConfigKeys (ConfUtils.java:logGet(43)) - raft.server.log.statemachine.data.sync.timeout.retry = -1 (default)
2019-09-19 11:31:49,845 [pool-449-thread-1] INFO  server.RaftServerConfigKeys (ConfUtils.java:logGet(43)) - raft.server.log.statemachine.data.caching.enabled = true (custom)
2019-09-19 11:31:49,846 [pool-449-thread-1] INFO  segmented.SegmentedRaftLogWorker (SegmentedRaftLogWorker.java:lambda$new$0(132)) - 21a74dd4-9923-453c-baf9-ae5746c9b858@group-5C087F3A6113-SegmentedRaftLogWorker: flushIndex: setUnconditionally 0 -> -1
2019-09-19 11:31:49,846 [pool-449-thread-1] INFO  server.RaftServerConfigKeys (ConfUtils.java:logGet(43)) - raft.server.snapshot.auto.trigger.enabled = true (custom)
2019-09-19 11:31:49,846 [pool-449-thread-1] INFO  server.RaftServerConfigKeys (ConfUtils.java:logGet(43)) - raft.server.snapshot.auto.trigger.threshold = 10000 (custom)
2019-09-19 11:31:49,846 [pool-449-thread-1] INFO  server.RaftServerConfigKeys (ConfUtils.java:logGet(43)) - raft.server.snapshot.retention.num.files = 5 (custom)
2019-09-19 11:31:49,846 [pool-449-thread-1] INFO  server.RaftServerConfigKeys (ConfUtils.java:logGet(43)) - raft.server.retrycache.expirytime = 600000ms (custom)
2019-09-19 11:31:49,847 [pool-449-thread-1] INFO  impl.RaftServerImpl (RaftServerImpl.java:start(185)) - 21a74dd4-9923-453c-baf9-ae5746c9b858@group-5C087F3A6113: start as a follower, conf=-1: [21a74dd4-9923-453c-baf9-ae5746c9b858:192.168.151.78:33961], old=null
2019-09-19 11:31:49,847 [pool-449-thread-1] INFO  impl.RaftServerImpl (RaftServerImpl.java:setRole(174)) - 21a74dd4-9923-453c-baf9-ae5746c9b858@group-5C087F3A6113: changes role from      null to FOLLOWER at term 0 for startAsFollower
2019-09-19 11:31:49,848 [pool-449-thread-1] INFO  impl.RoleInfo (RoleInfo.java:updateAndGet(143)) - 21a74dd4-9923-453c-baf9-ae5746c9b858: start FollowerState
2019-09-19 11:31:49,848 [pool-449-thread-1] INFO  util.JmxRegister (JmxRegister.java:tryRegister(44)) - Successfully registered JMX Bean with object name Ratis:service=RaftServer,group=group-5C087F3A6113,id=21a74dd4-9923-453c-baf9-ae5746c9b858
2019-09-19 11:31:49,853 [RatisPipelineUtilsThread] INFO  pipeline.PipelineStateManager (PipelineStateManager.java:addPipeline(56)) - Created pipeline Pipeline[ Id: 07e952c3-1073-4550-b951-5c087f3a6113, Nodes: 21a74dd4-9923-453c-baf9-ae5746c9b858{ip: 192.168.151.78, host: pr-hdds-2154-j8s56-3842691507, networkLocation: /default-rack, certSerialId: null}, Type:RATIS, Factor:ONE, State:OPEN]
2019-09-19 11:31:49,858 [grpc-default-executor-0] INFO  impl.RaftServerProxy (RaftServerProxy.java:addNew(89)) - 758fd404-57a5-4b75-8be9-0c6c712b0af9: addNew group-DBDFF199F5B1:[758fd404-57a5-4b75-8be9-0c6c712b0af9:192.168.151.78:36913] returns group-DBDFF199F5B1:java.util.concurrent.CompletableFuture@27f03435[Not completed]
2019-09-19 11:31:49,859 [pool-459-thread-1] INFO  impl.RaftServerImpl (RaftServerImpl.java:<init>(95)) - 758fd404-57a5-4b75-8be9-0c6c712b0af9: new RaftServerImpl for group-DBDFF199F5B1:[758fd404-57a5-4b75-8be9-0c6c712b0af9:192.168.151.78:36913] with ContainerStateMachine:uninitialized
2019-09-19 11:31:49,859 [pool-459-thread-1] INFO  server.RaftServerConfigKeys (ConfUtils.java:logGet(43)) - raft.server.rpc.timeout.min = 5s (custom)
2019-09-19 11:31:49,859 [pool-459-thread-1] INFO  server.RaftServerConfigKeys (ConfUtils.java:logGet(43)) - raft.server.rpc.timeout.max = 5200ms (custom)
2019-09-19 11:31:49,859 [pool-459-thread-1] INFO  server.RaftServerConfigKeys (ConfUtils.java:logGet(43)) - raft.server.rpcslowness.timeout = 120s (custom)
2019-09-19 11:31:49,859 [pool-459-thread-1] INFO  server.RaftServerConfigKeys (ConfUtils.java:logGet(43)) - raft.server.sleep.deviation.threshold = 300 (default)
2019-09-19 11:31:49,860 [pool-459-thread-1] INFO  server.RaftServerConfigKeys (ConfUtils.java:logGet(43)) - raft.server.log.appender.install.snapshot.enabled = false (custom)
2019-09-19 11:31:49,860 [pool-459-thread-1] INFO  impl.RaftServerImpl (ServerState.java:<init>(103)) - 758fd404-57a5-4b75-8be9-0c6c712b0af9@group-DBDFF199F5B1: ConfigurationManager, init=-1: [758fd404-57a5-4b75-8be9-0c6c712b0af9:192.168.151.78:36913], old=null, confs=<EMPTY_MAP>
2019-09-19 11:31:49,860 [pool-459-thread-1] INFO  server.RaftServerConfigKeys (ConfUtils.java:logGet(43)) - raft.server.storage.dir = [/workdir/hadoop-ozone/integration-test/target/test-dir/MiniOzoneClusterImpl-6da57ec2-366d-4ea4-a605-9b5cf4b6fb5d/datanode-5/data/ratis] (custom)
2019-09-19 11:31:49,860 [pool-459-thread-1] INFO  storage.RaftStorageDirectory (RaftStorageDirectory.java:analyzeStorage(246)) - The storage directory /workdir/hadoop-ozone/integration-test/target/test-dir/MiniOzoneClusterImpl-6da57ec2-366d-4ea4-a605-9b5cf4b6fb5d/datanode-5/data/ratis/cc3f31eb-9a39-42ba-b2e1-dbdff199f5b1 does not exist. Creating ...
2019-09-19 11:31:49,883 [pool-459-thread-1] INFO  storage.RaftStorageDirectory (RaftStorageDirectory.java:tryLock(328)) - Lock on /workdir/hadoop-ozone/integration-test/target/test-dir/MiniOzoneClusterImpl-6da57ec2-366d-4ea4-a605-9b5cf4b6fb5d/datanode-5/data/ratis/cc3f31eb-9a39-42ba-b2e1-dbdff199f5b1/in_use.lock acquired by nodename 22749@pr-hdds-2154-j8s56-3842691507
2019-09-19 11:31:49,891 [IPC Server handler 6 on 35953] INFO  net.NetworkTopology (NetworkTopologyImpl.java:add(111)) - Added a new node: /default-rack/1b68dfce-262f-42a0-abb7-01256e4dd628
2019-09-19 11:31:49,892 [IPC Server handler 6 on 35953] INFO  node.SCMNodeManager (SCMNodeManager.java:register(266)) - Registered Data node : 1b68dfce-262f-42a0-abb7-01256e4dd628{ip: 192.168.151.78, host: pr-hdds-2154-j8s56-3842691507, networkLocation: /default-rack, certSerialId: null}
2019-09-19 11:31:49,892 [main] INFO  ozone.MiniOzoneClusterImpl (MiniOzoneClusterImpl.java:lambda$waitForClusterToBeReady$0(145)) - Cluster is ready. Got 7 of 7 DN Heartbeats.
2019-09-19 11:31:49,913 [pool-459-thread-1] INFO  storage.RaftStorage (RaftStorage.java:format(72)) - Storage directory /workdir/hadoop-ozone/integration-test/target/test-dir/MiniOzoneClusterImpl-6da57ec2-366d-4ea4-a605-9b5cf4b6fb5d/datanode-5/data/ratis/cc3f31eb-9a39-42ba-b2e1-dbdff199f5b1 has been successfully formatted.
2019-09-19 11:31:49,913 [pool-459-thread-1] INFO  ratis.ContainerStateMachine (ContainerStateMachine.java:loadSnapshot(230)) - group-DBDFF199F5B1: The snapshot info is null. Setting the last applied indexto:(t:0, i:~)
2019-09-19 11:31:49,913 [pool-459-thread-1] INFO  server.RaftServerConfigKeys (ConfUtils.java:logGet(43)) - raft.server.notification.no-leader.timeout = 120s (custom)
2019-09-19 11:31:49,913 [pool-459-thread-1] INFO  server.RaftServerConfigKeys (ConfUtils.java:logGet(43)) - raft.server.log.use.memory = false (default)
2019-09-19 11:31:49,913 [pool-459-thread-1] INFO  server.RaftServerConfigKeys (ConfUtils.java:logGet(43)) - raft.server.log.purge.gap = 1000000 (custom)
2019-09-19 11:31:49,913 [pool-459-thread-1] INFO  server.RaftServerConfigKeys (ConfUtils.java:logGet(43)) - raft.server.log.appender.buffer.byte-limit = 33554432 (custom)
2019-09-19 11:31:49,913 [pool-459-thread-1] INFO  server.RaftServerConfigKeys (ConfUtils.java:logGet(43)) - raft.server.log.segment.size.max = 1048576 (custom)
2019-09-19 11:31:49,914 [pool-459-thread-1] INFO  server.RaftServerConfigKeys (ConfUtils.java:logGet(43)) - raft.server.log.segment.cache.num.max = 2 (custom)
2019-09-19 11:31:49,914 [pool-459-thread-1] INFO  segmented.SegmentedRaftLogWorker (SegmentedRaftLogWorker.java:<init>(172)) - new 758fd404-57a5-4b75-8be9-0c6c712b0af9@group-DBDFF199F5B1-SegmentedRaftLogWorker for RaftStorage:Storage Directory /workdir/hadoop-ozone/integration-test/target/test-dir/MiniOzoneClusterImpl-6da57ec2-366d-4ea4-a605-9b5cf4b6fb5d/datanode-5/data/ratis/cc3f31eb-9a39-42ba-b2e1-dbdff199f5b1
2019-09-19 11:31:49,915 [pool-459-thread-1] INFO  server.RaftServerConfigKeys (ConfUtils.java:logGet(43)) - raft.server.log.queue.byte-limit = 2147483647 (custom)
2019-09-19 11:31:49,915 [pool-459-thread-1] INFO  server.RaftServerConfigKeys (ConfUtils.java:logGet(43)) - raft.server.log.queue.element-limit = 1024 (custom)
2019-09-19 11:31:49,915 [pool-459-thread-1] INFO  server.RaftServerConfigKeys (ConfUtils.java:logGet(43)) - raft.server.log.segment.size.max = 1048576 (custom)
2019-09-19 11:31:49,915 [pool-459-thread-1] INFO  server.RaftServerConfigKeys (ConfUtils.java:logGet(43)) - raft.server.log.preallocated.size = 16384 (custom)
2019-09-19 11:31:49,915 [pool-459-thread-1] INFO  server.RaftServerConfigKeys (ConfUtils.java:logGet(43)) - raft.server.log.write.buffer.size = 33554432 (custom)
2019-09-19 11:31:49,916 [pool-459-thread-1] INFO  server.RaftServerConfigKeys (ConfUtils.java:logGet(43)) - raft.server.log.force.sync.num = 128 (default)
2019-09-19 11:31:49,916 [pool-459-thread-1] INFO  server.RaftServerConfigKeys (ConfUtils.java:logGet(43)) - raft.server.log.statemachine.data.sync = true (default)
2019-09-19 11:31:49,916 [pool-459-thread-1] INFO  server.RaftServerConfigKeys (ConfUtils.java:logGet(43)) - raft.server.log.statemachine.data.sync.timeout = 10s (default)
2019-09-19 11:31:49,916 [main] INFO  rpc.RpcClient (RpcClient.java:createVolume(302)) - Creating Volume: testblockoutputstream, with jenkins1000 as owner.
2019-09-19 11:31:49,916 [pool-459-thread-1] INFO  server.RaftServerConfigKeys (ConfUtils.java:logGet(43)) - raft.server.log.statemachine.data.sync.timeout.retry = -1 (default)
2019-09-19 11:31:49,916 [pool-459-thread-1] INFO  server.RaftServerConfigKeys (ConfUtils.java:logGet(43)) - raft.server.log.statemachine.data.caching.enabled = true (custom)
2019-09-19 11:31:49,916 [pool-459-thread-1] INFO  segmented.SegmentedRaftLogWorker (SegmentedRaftLogWorker.java:lambda$new$0(132)) - 758fd404-57a5-4b75-8be9-0c6c712b0af9@group-DBDFF199F5B1-SegmentedRaftLogWorker: flushIndex: setUnconditionally 0 -> -1
2019-09-19 11:31:49,917 [pool-459-thread-1] INFO  server.RaftServerConfigKeys (ConfUtils.java:logGet(43)) - raft.server.snapshot.auto.trigger.enabled = true (custom)
2019-09-19 11:31:49,917 [pool-459-thread-1] INFO  server.RaftServerConfigKeys (ConfUtils.java:logGet(43)) - raft.server.snapshot.auto.trigger.threshold = 10000 (custom)
2019-09-19 11:31:49,917 [pool-459-thread-1] INFO  server.RaftServerConfigKeys (ConfUtils.java:logGet(43)) - raft.server.snapshot.retention.num.files = 5 (custom)
2019-09-19 11:31:49,917 [pool-459-thread-1] INFO  server.RaftServerConfigKeys (ConfUtils.java:logGet(43)) - raft.server.retrycache.expirytime = 600000ms (custom)
2019-09-19 11:31:49,918 [pool-459-thread-1] INFO  impl.RaftServerImpl (RaftServerImpl.java:start(185)) - 758fd404-57a5-4b75-8be9-0c6c712b0af9@group-DBDFF199F5B1: start as a follower, conf=-1: [758fd404-57a5-4b75-8be9-0c6c712b0af9:192.168.151.78:36913], old=null
2019-09-19 11:31:49,918 [pool-459-thread-1] INFO  impl.RaftServerImpl (RaftServerImpl.java:setRole(174)) - 758fd404-57a5-4b75-8be9-0c6c712b0af9@group-DBDFF199F5B1: changes role from      null to FOLLOWER at term 0 for startAsFollower
2019-09-19 11:31:49,918 [pool-459-thread-1] INFO  impl.RoleInfo (RoleInfo.java:updateAndGet(143)) - 758fd404-57a5-4b75-8be9-0c6c712b0af9: start FollowerState
2019-09-19 11:31:49,919 [pool-459-thread-1] INFO  util.JmxRegister (JmxRegister.java:tryRegister(44)) - Successfully registered JMX Bean with object name Ratis:service=RaftServer,group=group-DBDFF199F5B1,id=758fd404-57a5-4b75-8be9-0c6c712b0af9
2019-09-19 11:31:49,921 [IPC Server handler 0 on 45282] INFO  volume.OMVolumeCreateRequest (OMVolumeCreateRequest.java:validateAndUpdateCache(189)) - created volume:testblockoutputstream for user:jenkins1000
2019-09-19 11:31:49,922 [RatisPipelineUtilsThread] INFO  pipeline.PipelineStateManager (PipelineStateManager.java:addPipeline(56)) - Created pipeline Pipeline[ Id: cc3f31eb-9a39-42ba-b2e1-dbdff199f5b1, Nodes: 758fd404-57a5-4b75-8be9-0c6c712b0af9{ip: 192.168.151.78, host: pr-hdds-2154-j8s56-3842691507, networkLocation: /default-rack, certSerialId: null}, Type:RATIS, Factor:ONE, State:OPEN]
2019-09-19 11:31:49,932 [main] INFO  rpc.RpcClient (RpcClient.java:createBucket(441)) - Creating Bucket: testblockoutputstream/testblockoutputstream, with Versioning false and Storage Type set to DISK and Encryption set to false 
2019-09-19 11:31:49,935 [grpc-default-executor-0] INFO  impl.RaftServerProxy (RaftServerProxy.java:addNew(89)) - 1b68dfce-262f-42a0-abb7-01256e4dd628: addNew group-7CCE99C0872F:[1b68dfce-262f-42a0-abb7-01256e4dd628:192.168.151.78:36325] returns group-7CCE99C0872F:java.util.concurrent.CompletableFuture@7440d11d[Not completed]
2019-09-19 11:31:49,938 [pool-469-thread-1] INFO  impl.RaftServerImpl (RaftServerImpl.java:<init>(95)) - 1b68dfce-262f-42a0-abb7-01256e4dd628: new RaftServerImpl for group-7CCE99C0872F:[1b68dfce-262f-42a0-abb7-01256e4dd628:192.168.151.78:36325] with ContainerStateMachine:uninitialized
2019-09-19 11:31:49,938 [pool-469-thread-1] INFO  server.RaftServerConfigKeys (ConfUtils.java:logGet(43)) - raft.server.rpc.timeout.min = 5s (custom)
2019-09-19 11:31:49,939 [pool-469-thread-1] INFO  server.RaftServerConfigKeys (ConfUtils.java:logGet(43)) - raft.server.rpc.timeout.max = 5200ms (custom)
2019-09-19 11:31:49,939 [pool-469-thread-1] INFO  server.RaftServerConfigKeys (ConfUtils.java:logGet(43)) - raft.server.rpcslowness.timeout = 120s (custom)
2019-09-19 11:31:49,939 [pool-469-thread-1] INFO  server.RaftServerConfigKeys (ConfUtils.java:logGet(43)) - raft.server.sleep.deviation.threshold = 300 (default)
2019-09-19 11:31:49,939 [pool-469-thread-1] INFO  server.RaftServerConfigKeys (ConfUtils.java:logGet(43)) - raft.server.log.appender.install.snapshot.enabled = false (custom)
2019-09-19 11:31:49,939 [pool-469-thread-1] INFO  impl.RaftServerImpl (ServerState.java:<init>(103)) - 1b68dfce-262f-42a0-abb7-01256e4dd628@group-7CCE99C0872F: ConfigurationManager, init=-1: [1b68dfce-262f-42a0-abb7-01256e4dd628:192.168.151.78:36325], old=null, confs=<EMPTY_MAP>
2019-09-19 11:31:49,939 [pool-469-thread-1] INFO  server.RaftServerConfigKeys (ConfUtils.java:logGet(43)) - raft.server.storage.dir = [/workdir/hadoop-ozone/integration-test/target/test-dir/MiniOzoneClusterImpl-6da57ec2-366d-4ea4-a605-9b5cf4b6fb5d/datanode-6/data/ratis] (custom)
2019-09-19 11:31:49,940 [pool-469-thread-1] INFO  storage.RaftStorageDirectory (RaftStorageDirectory.java:analyzeStorage(246)) - The storage directory /workdir/hadoop-ozone/integration-test/target/test-dir/MiniOzoneClusterImpl-6da57ec2-366d-4ea4-a605-9b5cf4b6fb5d/datanode-6/data/ratis/9d0d86d0-ad02-453a-8444-7cce99c0872f does not exist. Creating ...
2019-09-19 11:31:49,954 [pool-469-thread-1] INFO  storage.RaftStorageDirectory (RaftStorageDirectory.java:tryLock(328)) - Lock on /workdir/hadoop-ozone/integration-test/target/test-dir/MiniOzoneClusterImpl-6da57ec2-366d-4ea4-a605-9b5cf4b6fb5d/datanode-6/data/ratis/9d0d86d0-ad02-453a-8444-7cce99c0872f/in_use.lock acquired by nodename 22749@pr-hdds-2154-j8s56-3842691507
2019-09-19 11:31:49,975 [pool-469-thread-1] INFO  storage.RaftStorage (RaftStorage.java:format(72)) - Storage directory /workdir/hadoop-ozone/integration-test/target/test-dir/MiniOzoneClusterImpl-6da57ec2-366d-4ea4-a605-9b5cf4b6fb5d/datanode-6/data/ratis/9d0d86d0-ad02-453a-8444-7cce99c0872f has been successfully formatted.
2019-09-19 11:31:49,975 [pool-469-thread-1] INFO  ratis.ContainerStateMachine (ContainerStateMachine.java:loadSnapshot(230)) - group-7CCE99C0872F: The snapshot info is null. Setting the last applied indexto:(t:0, i:~)
2019-09-19 11:31:49,976 [pool-469-thread-1] INFO  server.RaftServerConfigKeys (ConfUtils.java:logGet(43)) - raft.server.notification.no-leader.timeout = 120s (custom)
2019-09-19 11:31:49,976 [pool-469-thread-1] INFO  server.RaftServerConfigKeys (ConfUtils.java:logGet(43)) - raft.server.log.use.memory = false (default)
2019-09-19 11:31:49,976 [pool-469-thread-1] INFO  server.RaftServerConfigKeys (ConfUtils.java:logGet(43)) - raft.server.log.purge.gap = 1000000 (custom)
2019-09-19 11:31:49,976 [pool-469-thread-1] INFO  server.RaftServerConfigKeys (ConfUtils.java:logGet(43)) - raft.server.log.appender.buffer.byte-limit = 33554432 (custom)
2019-09-19 11:31:49,976 [pool-469-thread-1] INFO  server.RaftServerConfigKeys (ConfUtils.java:logGet(43)) - raft.server.log.segment.size.max = 1048576 (custom)
2019-09-19 11:31:49,976 [pool-469-thread-1] INFO  server.RaftServerConfigKeys (ConfUtils.java:logGet(43)) - raft.server.log.segment.cache.num.max = 2 (custom)
2019-09-19 11:31:49,976 [pool-469-thread-1] INFO  segmented.SegmentedRaftLogWorker (SegmentedRaftLogWorker.java:<init>(172)) - new 1b68dfce-262f-42a0-abb7-01256e4dd628@group-7CCE99C0872F-SegmentedRaftLogWorker for RaftStorage:Storage Directory /workdir/hadoop-ozone/integration-test/target/test-dir/MiniOzoneClusterImpl-6da57ec2-366d-4ea4-a605-9b5cf4b6fb5d/datanode-6/data/ratis/9d0d86d0-ad02-453a-8444-7cce99c0872f
2019-09-19 11:31:49,977 [pool-469-thread-1] INFO  server.RaftServerConfigKeys (ConfUtils.java:logGet(43)) - raft.server.log.queue.byte-limit = 2147483647 (custom)
2019-09-19 11:31:49,977 [pool-469-thread-1] INFO  server.RaftServerConfigKeys (ConfUtils.java:logGet(43)) - raft.server.log.queue.element-limit = 1024 (custom)
2019-09-19 11:31:49,978 [pool-469-thread-1] INFO  server.RaftServerConfigKeys (ConfUtils.java:logGet(43)) - raft.server.log.segment.size.max = 1048576 (custom)
2019-09-19 11:31:49,978 [pool-469-thread-1] INFO  server.RaftServerConfigKeys (ConfUtils.java:logGet(43)) - raft.server.log.preallocated.size = 16384 (custom)
2019-09-19 11:31:49,978 [pool-469-thread-1] INFO  server.RaftServerConfigKeys (ConfUtils.java:logGet(43)) - raft.server.log.write.buffer.size = 33554432 (custom)
2019-09-19 11:31:49,978 [pool-469-thread-1] INFO  server.RaftServerConfigKeys (ConfUtils.java:logGet(43)) - raft.server.log.force.sync.num = 128 (default)
2019-09-19 11:31:49,978 [pool-469-thread-1] INFO  server.RaftServerConfigKeys (ConfUtils.java:logGet(43)) - raft.server.log.statemachine.data.sync = true (default)
2019-09-19 11:31:49,978 [pool-469-thread-1] INFO  server.RaftServerConfigKeys (ConfUtils.java:logGet(43)) - raft.server.log.statemachine.data.sync.timeout = 10s (default)
2019-09-19 11:31:49,978 [pool-469-thread-1] INFO  server.RaftServerConfigKeys (ConfUtils.java:logGet(43)) - raft.server.log.statemachine.data.sync.timeout.retry = -1 (default)
2019-09-19 11:31:49,978 [pool-469-thread-1] INFO  server.RaftServerConfigKeys (ConfUtils.java:logGet(43)) - raft.server.log.statemachine.data.caching.enabled = true (custom)
2019-09-19 11:31:49,978 [pool-469-thread-1] INFO  segmented.SegmentedRaftLogWorker (SegmentedRaftLogWorker.java:lambda$new$0(132)) - 1b68dfce-262f-42a0-abb7-01256e4dd628@group-7CCE99C0872F-SegmentedRaftLogWorker: flushIndex: setUnconditionally 0 -> -1
2019-09-19 11:31:49,979 [pool-469-thread-1] INFO  server.RaftServerConfigKeys (ConfUtils.java:logGet(43)) - raft.server.snapshot.auto.trigger.enabled = true (custom)
2019-09-19 11:31:49,979 [pool-469-thread-1] INFO  server.RaftServerConfigKeys (ConfUtils.java:logGet(43)) - raft.server.snapshot.auto.trigger.threshold = 10000 (custom)
2019-09-19 11:31:49,979 [pool-469-thread-1] INFO  server.RaftServerConfigKeys (ConfUtils.java:logGet(43)) - raft.server.snapshot.retention.num.files = 5 (custom)
2019-09-19 11:31:49,979 [pool-469-thread-1] INFO  server.RaftServerConfigKeys (ConfUtils.java:logGet(43)) - raft.server.retrycache.expirytime = 600000ms (custom)
2019-09-19 11:31:49,980 [pool-469-thread-1] INFO  impl.RaftServerImpl (RaftServerImpl.java:start(185)) - 1b68dfce-262f-42a0-abb7-01256e4dd628@group-7CCE99C0872F: start as a follower, conf=-1: [1b68dfce-262f-42a0-abb7-01256e4dd628:192.168.151.78:36325], old=null
2019-09-19 11:31:49,980 [pool-469-thread-1] INFO  impl.RaftServerImpl (RaftServerImpl.java:setRole(174)) - 1b68dfce-262f-42a0-abb7-01256e4dd628@group-7CCE99C0872F: changes role from      null to FOLLOWER at term 0 for startAsFollower
2019-09-19 11:31:49,980 [pool-469-thread-1] INFO  impl.RoleInfo (RoleInfo.java:updateAndGet(143)) - 1b68dfce-262f-42a0-abb7-01256e4dd628: start FollowerState
2019-09-19 11:31:49,980 [pool-469-thread-1] INFO  util.JmxRegister (JmxRegister.java:tryRegister(44)) - Successfully registered JMX Bean with object name Ratis:service=RaftServer,group=group-7CCE99C0872F,id=1b68dfce-262f-42a0-abb7-01256e4dd628
2019-09-19 11:31:49,985 [RatisPipelineUtilsThread] INFO  pipeline.PipelineStateManager (PipelineStateManager.java:addPipeline(56)) - Created pipeline Pipeline[ Id: 9d0d86d0-ad02-453a-8444-7cce99c0872f, Nodes: 1b68dfce-262f-42a0-abb7-01256e4dd628{ip: 192.168.151.78, host: pr-hdds-2154-j8s56-3842691507, networkLocation: /default-rack, certSerialId: null}, Type:RATIS, Factor:ONE, State:OPEN]
2019-09-19 11:31:49,999 [grpc-default-executor-1] INFO  impl.RaftServerProxy (RaftServerProxy.java:addNew(89)) - 960c4e8b-33b7-499e-a18c-f6fdada6657f: addNew group-53DD671D10C1:[21a74dd4-9923-453c-baf9-ae5746c9b858:192.168.151.78:33961, 960c4e8b-33b7-499e-a18c-f6fdada6657f:192.168.151.78:45831, 21a9a8a2-1bc1-4e0b-a545-20246312a195:192.168.151.78:36774] returns group-53DD671D10C1:java.util.concurrent.CompletableFuture@20907636[Not completed]
2019-09-19 11:31:50,000 [grpc-default-executor-1] INFO  impl.RaftServerProxy (RaftServerProxy.java:addNew(89)) - 21a74dd4-9923-453c-baf9-ae5746c9b858: addNew group-53DD671D10C1:[21a74dd4-9923-453c-baf9-ae5746c9b858:192.168.151.78:33961, 960c4e8b-33b7-499e-a18c-f6fdada6657f:192.168.151.78:45831, 21a9a8a2-1bc1-4e0b-a545-20246312a195:192.168.151.78:36774] returns group-53DD671D10C1:java.util.concurrent.CompletableFuture@2fd8842c[Not completed]
2019-09-19 11:31:50,000 [grpc-default-executor-0] INFO  impl.RaftServerProxy (RaftServerProxy.java:addNew(89)) - 21a9a8a2-1bc1-4e0b-a545-20246312a195: addNew group-53DD671D10C1:[21a74dd4-9923-453c-baf9-ae5746c9b858:192.168.151.78:33961, 960c4e8b-33b7-499e-a18c-f6fdada6657f:192.168.151.78:45831, 21a9a8a2-1bc1-4e0b-a545-20246312a195:192.168.151.78:36774] returns group-53DD671D10C1:java.util.concurrent.CompletableFuture@c6752b6[Not completed]
2019-09-19 11:31:50,001 [pool-409-thread-1] INFO  impl.RaftServerImpl (RaftServerImpl.java:<init>(95)) - 960c4e8b-33b7-499e-a18c-f6fdada6657f: new RaftServerImpl for group-53DD671D10C1:[21a74dd4-9923-453c-baf9-ae5746c9b858:192.168.151.78:33961, 960c4e8b-33b7-499e-a18c-f6fdada6657f:192.168.151.78:45831, 21a9a8a2-1bc1-4e0b-a545-20246312a195:192.168.151.78:36774] with ContainerStateMachine:uninitialized
2019-09-19 11:31:50,001 [pool-409-thread-1] INFO  server.RaftServerConfigKeys (ConfUtils.java:logGet(43)) - raft.server.rpc.timeout.min = 5s (custom)
2019-09-19 11:31:50,001 [pool-409-thread-1] INFO  server.RaftServerConfigKeys (ConfUtils.java:logGet(43)) - raft.server.rpc.timeout.max = 5200ms (custom)
2019-09-19 11:31:50,001 [pool-409-thread-1] INFO  server.RaftServerConfigKeys (ConfUtils.java:logGet(43)) - raft.server.rpcslowness.timeout = 120s (custom)
2019-09-19 11:31:50,002 [pool-409-thread-1] INFO  server.RaftServerConfigKeys (ConfUtils.java:logGet(43)) - raft.server.sleep.deviation.threshold = 300 (default)
2019-09-19 11:31:50,002 [pool-409-thread-1] INFO  server.RaftServerConfigKeys (ConfUtils.java:logGet(43)) - raft.server.log.appender.install.snapshot.enabled = false (custom)
2019-09-19 11:31:50,002 [pool-419-thread-1] INFO  impl.RaftServerImpl (RaftServerImpl.java:<init>(95)) - 21a9a8a2-1bc1-4e0b-a545-20246312a195: new RaftServerImpl for group-53DD671D10C1:[21a74dd4-9923-453c-baf9-ae5746c9b858:192.168.151.78:33961, 960c4e8b-33b7-499e-a18c-f6fdada6657f:192.168.151.78:45831, 21a9a8a2-1bc1-4e0b-a545-20246312a195:192.168.151.78:36774] with ContainerStateMachine:uninitialized
2019-09-19 11:31:50,002 [pool-419-thread-1] INFO  server.RaftServerConfigKeys (ConfUtils.java:logGet(43)) - raft.server.rpc.timeout.min = 5s (custom)
2019-09-19 11:31:50,002 [pool-409-thread-1] INFO  impl.RaftServerImpl (ServerState.java:<init>(103)) - 960c4e8b-33b7-499e-a18c-f6fdada6657f@group-53DD671D10C1: ConfigurationManager, init=-1: [21a74dd4-9923-453c-baf9-ae5746c9b858:192.168.151.78:33961, 960c4e8b-33b7-499e-a18c-f6fdada6657f:192.168.151.78:45831, 21a9a8a2-1bc1-4e0b-a545-20246312a195:192.168.151.78:36774], old=null, confs=<EMPTY_MAP>
2019-09-19 11:31:50,002 [pool-419-thread-1] INFO  server.RaftServerConfigKeys (ConfUtils.java:logGet(43)) - raft.server.rpc.timeout.max = 5200ms (custom)
2019-09-19 11:31:50,003 [pool-409-thread-1] INFO  server.RaftServerConfigKeys (ConfUtils.java:logGet(43)) - raft.server.storage.dir = [/workdir/hadoop-ozone/integration-test/target/test-dir/MiniOzoneClusterImpl-6da57ec2-366d-4ea4-a605-9b5cf4b6fb5d/datanode-0/data/ratis] (custom)
2019-09-19 11:31:50,003 [pool-419-thread-1] INFO  server.RaftServerConfigKeys (ConfUtils.java:logGet(43)) - raft.server.rpcslowness.timeout = 120s (custom)
2019-09-19 11:31:50,003 [pool-449-thread-1] INFO  impl.RaftServerImpl (RaftServerImpl.java:<init>(95)) - 21a74dd4-9923-453c-baf9-ae5746c9b858: new RaftServerImpl for group-53DD671D10C1:[21a74dd4-9923-453c-baf9-ae5746c9b858:192.168.151.78:33961, 960c4e8b-33b7-499e-a18c-f6fdada6657f:192.168.151.78:45831, 21a9a8a2-1bc1-4e0b-a545-20246312a195:192.168.151.78:36774] with ContainerStateMachine:uninitialized
2019-09-19 11:31:50,003 [pool-419-thread-1] INFO  server.RaftServerConfigKeys (ConfUtils.java:logGet(43)) - raft.server.sleep.deviation.threshold = 300 (default)
2019-09-19 11:31:50,003 [pool-409-thread-1] INFO  storage.RaftStorageDirectory (RaftStorageDirectory.java:analyzeStorage(246)) - The storage directory /workdir/hadoop-ozone/integration-test/target/test-dir/MiniOzoneClusterImpl-6da57ec2-366d-4ea4-a605-9b5cf4b6fb5d/datanode-0/data/ratis/615ac6d7-3c32-4ce7-b51d-53dd671d10c1 does not exist. Creating ...
2019-09-19 11:31:50,003 [pool-449-thread-1] INFO  server.RaftServerConfigKeys (ConfUtils.java:logGet(43)) - raft.server.rpc.timeout.min = 5s (custom)
2019-09-19 11:31:50,004 [pool-419-thread-1] INFO  server.RaftServerConfigKeys (ConfUtils.java:logGet(43)) - raft.server.log.appender.install.snapshot.enabled = false (custom)
2019-09-19 11:31:50,011 [pool-419-thread-1] INFO  impl.RaftServerImpl (ServerState.java:<init>(103)) - 21a9a8a2-1bc1-4e0b-a545-20246312a195@group-53DD671D10C1: ConfigurationManager, init=-1: [21a74dd4-9923-453c-baf9-ae5746c9b858:192.168.151.78:33961, 960c4e8b-33b7-499e-a18c-f6fdada6657f:192.168.151.78:45831, 21a9a8a2-1bc1-4e0b-a545-20246312a195:192.168.151.78:36774], old=null, confs=<EMPTY_MAP>
2019-09-19 11:31:50,011 [pool-449-thread-1] INFO  server.RaftServerConfigKeys (ConfUtils.java:logGet(43)) - raft.server.rpc.timeout.max = 5200ms (custom)
2019-09-19 11:31:50,011 [pool-419-thread-1] INFO  server.RaftServerConfigKeys (ConfUtils.java:logGet(43)) - raft.server.storage.dir = [/workdir/hadoop-ozone/integration-test/target/test-dir/MiniOzoneClusterImpl-6da57ec2-366d-4ea4-a605-9b5cf4b6fb5d/datanode-1/data/ratis] (custom)
2019-09-19 11:31:50,011 [pool-449-thread-1] INFO  server.RaftServerConfigKeys (ConfUtils.java:logGet(43)) - raft.server.rpcslowness.timeout = 120s (custom)
2019-09-19 11:31:50,012 [pool-449-thread-1] INFO  server.RaftServerConfigKeys (ConfUtils.java:logGet(43)) - raft.server.sleep.deviation.threshold = 300 (default)
2019-09-19 11:31:50,012 [pool-419-thread-1] INFO  storage.RaftStorageDirectory (RaftStorageDirectory.java:analyzeStorage(246)) - The storage directory /workdir/hadoop-ozone/integration-test/target/test-dir/MiniOzoneClusterImpl-6da57ec2-366d-4ea4-a605-9b5cf4b6fb5d/datanode-1/data/ratis/615ac6d7-3c32-4ce7-b51d-53dd671d10c1 does not exist. Creating ...
2019-09-19 11:31:50,012 [pool-449-thread-1] INFO  server.RaftServerConfigKeys (ConfUtils.java:logGet(43)) - raft.server.log.appender.install.snapshot.enabled = false (custom)
2019-09-19 11:31:50,012 [pool-449-thread-1] INFO  impl.RaftServerImpl (ServerState.java:<init>(103)) - 21a74dd4-9923-453c-baf9-ae5746c9b858@group-53DD671D10C1: ConfigurationManager, init=-1: [21a74dd4-9923-453c-baf9-ae5746c9b858:192.168.151.78:33961, 960c4e8b-33b7-499e-a18c-f6fdada6657f:192.168.151.78:45831, 21a9a8a2-1bc1-4e0b-a545-20246312a195:192.168.151.78:36774], old=null, confs=<EMPTY_MAP>
2019-09-19 11:31:50,012 [pool-449-thread-1] INFO  server.RaftServerConfigKeys (ConfUtils.java:logGet(43)) - raft.server.storage.dir = [/workdir/hadoop-ozone/integration-test/target/test-dir/MiniOzoneClusterImpl-6da57ec2-366d-4ea4-a605-9b5cf4b6fb5d/datanode-4/data/ratis] (custom)
2019-09-19 11:31:50,013 [pool-449-thread-1] INFO  storage.RaftStorageDirectory (RaftStorageDirectory.java:analyzeStorage(246)) - The storage directory /workdir/hadoop-ozone/integration-test/target/test-dir/MiniOzoneClusterImpl-6da57ec2-366d-4ea4-a605-9b5cf4b6fb5d/datanode-4/data/ratis/615ac6d7-3c32-4ce7-b51d-53dd671d10c1 does not exist. Creating ...
2019-09-19 11:31:50,019 [pool-419-thread-1] INFO  storage.RaftStorageDirectory (RaftStorageDirectory.java:tryLock(328)) - Lock on /workdir/hadoop-ozone/integration-test/target/test-dir/MiniOzoneClusterImpl-6da57ec2-366d-4ea4-a605-9b5cf4b6fb5d/datanode-1/data/ratis/615ac6d7-3c32-4ce7-b51d-53dd671d10c1/in_use.lock acquired by nodename 22749@pr-hdds-2154-j8s56-3842691507
2019-09-19 11:31:50,019 [pool-409-thread-1] INFO  storage.RaftStorageDirectory (RaftStorageDirectory.java:tryLock(328)) - Lock on /workdir/hadoop-ozone/integration-test/target/test-dir/MiniOzoneClusterImpl-6da57ec2-366d-4ea4-a605-9b5cf4b6fb5d/datanode-0/data/ratis/615ac6d7-3c32-4ce7-b51d-53dd671d10c1/in_use.lock acquired by nodename 22749@pr-hdds-2154-j8s56-3842691507
2019-09-19 11:31:50,019 [pool-449-thread-1] INFO  storage.RaftStorageDirectory (RaftStorageDirectory.java:tryLock(328)) - Lock on /workdir/hadoop-ozone/integration-test/target/test-dir/MiniOzoneClusterImpl-6da57ec2-366d-4ea4-a605-9b5cf4b6fb5d/datanode-4/data/ratis/615ac6d7-3c32-4ce7-b51d-53dd671d10c1/in_use.lock acquired by nodename 22749@pr-hdds-2154-j8s56-3842691507
2019-09-19 11:31:50,033 [pool-449-thread-1] INFO  storage.RaftStorage (RaftStorage.java:format(72)) - Storage directory /workdir/hadoop-ozone/integration-test/target/test-dir/MiniOzoneClusterImpl-6da57ec2-366d-4ea4-a605-9b5cf4b6fb5d/datanode-4/data/ratis/615ac6d7-3c32-4ce7-b51d-53dd671d10c1 has been successfully formatted.
2019-09-19 11:31:50,033 [pool-419-thread-1] INFO  storage.RaftStorage (RaftStorage.java:format(72)) - Storage directory /workdir/hadoop-ozone/integration-test/target/test-dir/MiniOzoneClusterImpl-6da57ec2-366d-4ea4-a605-9b5cf4b6fb5d/datanode-1/data/ratis/615ac6d7-3c32-4ce7-b51d-53dd671d10c1 has been successfully formatted.
2019-09-19 11:31:50,033 [pool-409-thread-1] INFO  storage.RaftStorage (RaftStorage.java:format(72)) - Storage directory /workdir/hadoop-ozone/integration-test/target/test-dir/MiniOzoneClusterImpl-6da57ec2-366d-4ea4-a605-9b5cf4b6fb5d/datanode-0/data/ratis/615ac6d7-3c32-4ce7-b51d-53dd671d10c1 has been successfully formatted.
2019-09-19 11:31:50,033 [pool-449-thread-1] INFO  ratis.ContainerStateMachine (ContainerStateMachine.java:loadSnapshot(230)) - group-53DD671D10C1: The snapshot info is null. Setting the last applied indexto:(t:0, i:~)
2019-09-19 11:31:50,034 [pool-409-thread-1] INFO  ratis.ContainerStateMachine (ContainerStateMachine.java:loadSnapshot(230)) - group-53DD671D10C1: The snapshot info is null. Setting the last applied indexto:(t:0, i:~)
2019-09-19 11:31:50,034 [pool-449-thread-1] INFO  server.RaftServerConfigKeys (ConfUtils.java:logGet(43)) - raft.server.notification.no-leader.timeout = 120s (custom)
2019-09-19 11:31:50,034 [pool-409-thread-1] INFO  server.RaftServerConfigKeys (ConfUtils.java:logGet(43)) - raft.server.notification.no-leader.timeout = 120s (custom)
2019-09-19 11:31:50,034 [pool-449-thread-1] INFO  server.RaftServerConfigKeys (ConfUtils.java:logGet(43)) - raft.server.log.use.memory = false (default)
2019-09-19 11:31:50,034 [pool-409-thread-1] INFO  server.RaftServerConfigKeys (ConfUtils.java:logGet(43)) - raft.server.log.use.memory = false (default)
2019-09-19 11:31:50,034 [pool-449-thread-1] INFO  server.RaftServerConfigKeys (ConfUtils.java:logGet(43)) - raft.server.log.purge.gap = 1000000 (custom)
2019-09-19 11:31:50,034 [pool-419-thread-1] INFO  ratis.ContainerStateMachine (ContainerStateMachine.java:loadSnapshot(230)) - group-53DD671D10C1: The snapshot info is null. Setting the last applied indexto:(t:0, i:~)
2019-09-19 11:31:50,034 [pool-409-thread-1] INFO  server.RaftServerConfigKeys (ConfUtils.java:logGet(43)) - raft.server.log.purge.gap = 1000000 (custom)
2019-09-19 11:31:50,034 [pool-419-thread-1] INFO  server.RaftServerConfigKeys (ConfUtils.java:logGet(43)) - raft.server.notification.no-leader.timeout = 120s (custom)
2019-09-19 11:31:50,034 [pool-449-thread-1] INFO  server.RaftServerConfigKeys (ConfUtils.java:logGet(43)) - raft.server.log.appender.buffer.byte-limit = 33554432 (custom)
2019-09-19 11:31:50,034 [pool-419-thread-1] INFO  server.RaftServerConfigKeys (ConfUtils.java:logGet(43)) - raft.server.log.use.memory = false (default)
2019-09-19 11:31:50,034 [pool-409-thread-1] INFO  server.RaftServerConfigKeys (ConfUtils.java:logGet(43)) - raft.server.log.appender.buffer.byte-limit = 33554432 (custom)
2019-09-19 11:31:50,035 [pool-419-thread-1] INFO  server.RaftServerConfigKeys (ConfUtils.java:logGet(43)) - raft.server.log.purge.gap = 1000000 (custom)
2019-09-19 11:31:50,035 [pool-449-thread-1] INFO  server.RaftServerConfigKeys (ConfUtils.java:logGet(43)) - raft.server.log.segment.size.max = 1048576 (custom)
2019-09-19 11:31:50,035 [pool-419-thread-1] INFO  server.RaftServerConfigKeys (ConfUtils.java:logGet(43)) - raft.server.log.appender.buffer.byte-limit = 33554432 (custom)
2019-09-19 11:31:50,035 [pool-419-thread-1] INFO  server.RaftServerConfigKeys (ConfUtils.java:logGet(43)) - raft.server.log.segment.size.max = 1048576 (custom)
2019-09-19 11:31:50,035 [pool-409-thread-1] INFO  server.RaftServerConfigKeys (ConfUtils.java:logGet(43)) - raft.server.log.segment.size.max = 1048576 (custom)
2019-09-19 11:31:50,035 [pool-419-thread-1] INFO  server.RaftServerConfigKeys (ConfUtils.java:logGet(43)) - raft.server.log.segment.cache.num.max = 2 (custom)
2019-09-19 11:31:50,035 [pool-449-thread-1] INFO  server.RaftServerConfigKeys (ConfUtils.java:logGet(43)) - raft.server.log.segment.cache.num.max = 2 (custom)
2019-09-19 11:31:50,036 [pool-419-thread-1] INFO  segmented.SegmentedRaftLogWorker (SegmentedRaftLogWorker.java:<init>(172)) - new 21a9a8a2-1bc1-4e0b-a545-20246312a195@group-53DD671D10C1-SegmentedRaftLogWorker for RaftStorage:Storage Directory /workdir/hadoop-ozone/integration-test/target/test-dir/MiniOzoneClusterImpl-6da57ec2-366d-4ea4-a605-9b5cf4b6fb5d/datanode-1/data/ratis/615ac6d7-3c32-4ce7-b51d-53dd671d10c1
2019-09-19 11:31:50,036 [pool-419-thread-1] INFO  server.RaftServerConfigKeys (ConfUtils.java:logGet(43)) - raft.server.log.queue.byte-limit = 2147483647 (custom)
2019-09-19 11:31:50,035 [pool-409-thread-1] INFO  server.RaftServerConfigKeys (ConfUtils.java:logGet(43)) - raft.server.log.segment.cache.num.max = 2 (custom)
2019-09-19 11:31:50,036 [pool-419-thread-1] INFO  server.RaftServerConfigKeys (ConfUtils.java:logGet(43)) - raft.server.log.queue.element-limit = 1024 (custom)
2019-09-19 11:31:50,036 [pool-449-thread-1] INFO  segmented.SegmentedRaftLogWorker (SegmentedRaftLogWorker.java:<init>(172)) - new 21a74dd4-9923-453c-baf9-ae5746c9b858@group-53DD671D10C1-SegmentedRaftLogWorker for RaftStorage:Storage Directory /workdir/hadoop-ozone/integration-test/target/test-dir/MiniOzoneClusterImpl-6da57ec2-366d-4ea4-a605-9b5cf4b6fb5d/datanode-4/data/ratis/615ac6d7-3c32-4ce7-b51d-53dd671d10c1
2019-09-19 11:31:50,036 [pool-419-thread-1] INFO  server.RaftServerConfigKeys (ConfUtils.java:logGet(43)) - raft.server.log.segment.size.max = 1048576 (custom)
2019-09-19 11:31:50,036 [pool-409-thread-1] INFO  segmented.SegmentedRaftLogWorker (SegmentedRaftLogWorker.java:<init>(172)) - new 960c4e8b-33b7-499e-a18c-f6fdada6657f@group-53DD671D10C1-SegmentedRaftLogWorker for RaftStorage:Storage Directory /workdir/hadoop-ozone/integration-test/target/test-dir/MiniOzoneClusterImpl-6da57ec2-366d-4ea4-a605-9b5cf4b6fb5d/datanode-0/data/ratis/615ac6d7-3c32-4ce7-b51d-53dd671d10c1
2019-09-19 11:31:50,037 [pool-419-thread-1] INFO  server.RaftServerConfigKeys (ConfUtils.java:logGet(43)) - raft.server.log.preallocated.size = 16384 (custom)
2019-09-19 11:31:50,037 [pool-419-thread-1] INFO  server.RaftServerConfigKeys (ConfUtils.java:logGet(43)) - raft.server.log.write.buffer.size = 33554432 (custom)
2019-09-19 11:31:50,036 [pool-449-thread-1] INFO  server.RaftServerConfigKeys (ConfUtils.java:logGet(43)) - raft.server.log.queue.byte-limit = 2147483647 (custom)
2019-09-19 11:31:50,037 [pool-419-thread-1] INFO  server.RaftServerConfigKeys (ConfUtils.java:logGet(43)) - raft.server.log.force.sync.num = 128 (default)
2019-09-19 11:31:50,037 [pool-409-thread-1] INFO  server.RaftServerConfigKeys (ConfUtils.java:logGet(43)) - raft.server.log.queue.byte-limit = 2147483647 (custom)
2019-09-19 11:31:50,037 [pool-419-thread-1] INFO  server.RaftServerConfigKeys (ConfUtils.java:logGet(43)) - raft.server.log.statemachine.data.sync = true (default)
2019-09-19 11:31:50,037 [pool-419-thread-1] INFO  server.RaftServerConfigKeys (ConfUtils.java:logGet(43)) - raft.server.log.statemachine.data.sync.timeout = 10s (default)
2019-09-19 11:31:50,037 [pool-449-thread-1] INFO  server.RaftServerConfigKeys (ConfUtils.java:logGet(43)) - raft.server.log.queue.element-limit = 1024 (custom)
2019-09-19 11:31:50,038 [pool-419-thread-1] INFO  server.RaftServerConfigKeys (ConfUtils.java:logGet(43)) - raft.server.log.statemachine.data.sync.timeout.retry = -1 (default)
2019-09-19 11:31:50,037 [pool-409-thread-1] INFO  server.RaftServerConfigKeys (ConfUtils.java:logGet(43)) - raft.server.log.queue.element-limit = 1024 (custom)
2019-09-19 11:31:50,038 [pool-419-thread-1] INFO  server.RaftServerConfigKeys (ConfUtils.java:logGet(43)) - raft.server.log.statemachine.data.caching.enabled = true (custom)
2019-09-19 11:31:50,038 [pool-449-thread-1] INFO  server.RaftServerConfigKeys (ConfUtils.java:logGet(43)) - raft.server.log.segment.size.max = 1048576 (custom)
2019-09-19 11:31:50,038 [pool-409-thread-1] INFO  server.RaftServerConfigKeys (ConfUtils.java:logGet(43)) - raft.server.log.segment.size.max = 1048576 (custom)
2019-09-19 11:31:50,038 [pool-419-thread-1] INFO  segmented.SegmentedRaftLogWorker (SegmentedRaftLogWorker.java:lambda$new$0(132)) - 21a9a8a2-1bc1-4e0b-a545-20246312a195@group-53DD671D10C1-SegmentedRaftLogWorker: flushIndex: setUnconditionally 0 -> -1
2019-09-19 11:31:50,038 [pool-449-thread-1] INFO  server.RaftServerConfigKeys (ConfUtils.java:logGet(43)) - raft.server.log.preallocated.size = 16384 (custom)
2019-09-19 11:31:50,038 [pool-409-thread-1] INFO  server.RaftServerConfigKeys (ConfUtils.java:logGet(43)) - raft.server.log.preallocated.size = 16384 (custom)
2019-09-19 11:31:50,039 [pool-419-thread-1] INFO  server.RaftServerConfigKeys (ConfUtils.java:logGet(43)) - raft.server.snapshot.auto.trigger.enabled = true (custom)
2019-09-19 11:31:50,039 [pool-449-thread-1] INFO  server.RaftServerConfigKeys (ConfUtils.java:logGet(43)) - raft.server.log.write.buffer.size = 33554432 (custom)
2019-09-19 11:31:50,039 [pool-419-thread-1] INFO  server.RaftServerConfigKeys (ConfUtils.java:logGet(43)) - raft.server.snapshot.auto.trigger.threshold = 10000 (custom)
2019-09-19 11:31:50,039 [pool-419-thread-1] INFO  server.RaftServerConfigKeys (ConfUtils.java:logGet(43)) - raft.server.snapshot.retention.num.files = 5 (custom)
2019-09-19 11:31:50,039 [pool-409-thread-1] INFO  server.RaftServerConfigKeys (ConfUtils.java:logGet(43)) - raft.server.log.write.buffer.size = 33554432 (custom)
2019-09-19 11:31:50,039 [pool-419-thread-1] INFO  server.RaftServerConfigKeys (ConfUtils.java:logGet(43)) - raft.server.retrycache.expirytime = 600000ms (custom)
2019-09-19 11:31:50,039 [pool-449-thread-1] INFO  server.RaftServerConfigKeys (ConfUtils.java:logGet(43)) - raft.server.log.force.sync.num = 128 (default)
2019-09-19 11:31:50,039 [pool-409-thread-1] INFO  server.RaftServerConfigKeys (ConfUtils.java:logGet(43)) - raft.server.log.force.sync.num = 128 (default)
2019-09-19 11:31:50,040 [pool-449-thread-1] INFO  server.RaftServerConfigKeys (ConfUtils.java:logGet(43)) - raft.server.log.statemachine.data.sync = true (default)
2019-09-19 11:31:50,040 [pool-409-thread-1] INFO  server.RaftServerConfigKeys (ConfUtils.java:logGet(43)) - raft.server.log.statemachine.data.sync = true (default)
2019-09-19 11:31:50,040 [pool-449-thread-1] INFO  server.RaftServerConfigKeys (ConfUtils.java:logGet(43)) - raft.server.log.statemachine.data.sync.timeout = 10s (default)
2019-09-19 11:31:50,040 [pool-409-thread-1] INFO  server.RaftServerConfigKeys (ConfUtils.java:logGet(43)) - raft.server.log.statemachine.data.sync.timeout = 10s (default)
2019-09-19 11:31:50,040 [pool-449-thread-1] INFO  server.RaftServerConfigKeys (ConfUtils.java:logGet(43)) - raft.server.log.statemachine.data.sync.timeout.retry = -1 (default)
2019-09-19 11:31:50,040 [pool-409-thread-1] INFO  server.RaftServerConfigKeys (ConfUtils.java:logGet(43)) - raft.server.log.statemachine.data.sync.timeout.retry = -1 (default)
2019-09-19 11:31:50,040 [pool-449-thread-1] INFO  server.RaftServerConfigKeys (ConfUtils.java:logGet(43)) - raft.server.log.statemachine.data.caching.enabled = true (custom)
2019-09-19 11:31:50,041 [pool-409-thread-1] INFO  server.RaftServerConfigKeys (ConfUtils.java:logGet(43)) - raft.server.log.statemachine.data.caching.enabled = true (custom)
2019-09-19 11:31:50,041 [pool-449-thread-1] INFO  segmented.SegmentedRaftLogWorker (SegmentedRaftLogWorker.java:lambda$new$0(132)) - 21a74dd4-9923-453c-baf9-ae5746c9b858@group-53DD671D10C1-SegmentedRaftLogWorker: flushIndex: setUnconditionally 0 -> -1
2019-09-19 11:31:50,041 [pool-409-thread-1] INFO  segmented.SegmentedRaftLogWorker (SegmentedRaftLogWorker.java:lambda$new$0(132)) - 960c4e8b-33b7-499e-a18c-f6fdada6657f@group-53DD671D10C1-SegmentedRaftLogWorker: flushIndex: setUnconditionally 0 -> -1
2019-09-19 11:31:50,041 [pool-449-thread-1] INFO  server.RaftServerConfigKeys (ConfUtils.java:logGet(43)) - raft.server.snapshot.auto.trigger.enabled = true (custom)
2019-09-19 11:31:50,041 [pool-419-thread-1] INFO  impl.RaftServerImpl (RaftServerImpl.java:start(185)) - 21a9a8a2-1bc1-4e0b-a545-20246312a195@group-53DD671D10C1: start as a follower, conf=-1: [21a74dd4-9923-453c-baf9-ae5746c9b858:192.168.151.78:33961, 960c4e8b-33b7-499e-a18c-f6fdada6657f:192.168.151.78:45831, 21a9a8a2-1bc1-4e0b-a545-20246312a195:192.168.151.78:36774], old=null
2019-09-19 11:31:50,041 [pool-409-thread-1] INFO  server.RaftServerConfigKeys (ConfUtils.java:logGet(43)) - raft.server.snapshot.auto.trigger.enabled = true (custom)
2019-09-19 11:31:50,041 [pool-449-thread-1] INFO  server.RaftServerConfigKeys (ConfUtils.java:logGet(43)) - raft.server.snapshot.auto.trigger.threshold = 10000 (custom)
2019-09-19 11:31:50,041 [pool-409-thread-1] INFO  server.RaftServerConfigKeys (ConfUtils.java:logGet(43)) - raft.server.snapshot.auto.trigger.threshold = 10000 (custom)
2019-09-19 11:31:50,041 [pool-419-thread-1] INFO  impl.RaftServerImpl (RaftServerImpl.java:setRole(174)) - 21a9a8a2-1bc1-4e0b-a545-20246312a195@group-53DD671D10C1: changes role from      null to FOLLOWER at term 0 for startAsFollower
2019-09-19 11:31:50,042 [pool-409-thread-1] INFO  server.RaftServerConfigKeys (ConfUtils.java:logGet(43)) - raft.server.snapshot.retention.num.files = 5 (custom)
2019-09-19 11:31:50,041 [pool-449-thread-1] INFO  server.RaftServerConfigKeys (ConfUtils.java:logGet(43)) - raft.server.snapshot.retention.num.files = 5 (custom)
2019-09-19 11:31:50,042 [pool-409-thread-1] INFO  server.RaftServerConfigKeys (ConfUtils.java:logGet(43)) - raft.server.retrycache.expirytime = 600000ms (custom)
2019-09-19 11:31:50,042 [pool-419-thread-1] INFO  impl.RoleInfo (RoleInfo.java:updateAndGet(143)) - 21a9a8a2-1bc1-4e0b-a545-20246312a195: start FollowerState
2019-09-19 11:31:50,042 [pool-449-thread-1] INFO  server.RaftServerConfigKeys (ConfUtils.java:logGet(43)) - raft.server.retrycache.expirytime = 600000ms (custom)
2019-09-19 11:31:50,042 [pool-419-thread-1] INFO  util.JmxRegister (JmxRegister.java:tryRegister(44)) - Successfully registered JMX Bean with object name Ratis:service=RaftServer,group=group-53DD671D10C1,id=21a9a8a2-1bc1-4e0b-a545-20246312a195
2019-09-19 11:31:50,048 [pool-409-thread-1] INFO  impl.RaftServerImpl (RaftServerImpl.java:start(185)) - 960c4e8b-33b7-499e-a18c-f6fdada6657f@group-53DD671D10C1: start as a follower, conf=-1: [21a74dd4-9923-453c-baf9-ae5746c9b858:192.168.151.78:33961, 960c4e8b-33b7-499e-a18c-f6fdada6657f:192.168.151.78:45831, 21a9a8a2-1bc1-4e0b-a545-20246312a195:192.168.151.78:36774], old=null
2019-09-19 11:31:50,048 [pool-449-thread-1] INFO  impl.RaftServerImpl (RaftServerImpl.java:start(185)) - 21a74dd4-9923-453c-baf9-ae5746c9b858@group-53DD671D10C1: start as a follower, conf=-1: [21a74dd4-9923-453c-baf9-ae5746c9b858:192.168.151.78:33961, 960c4e8b-33b7-499e-a18c-f6fdada6657f:192.168.151.78:45831, 21a9a8a2-1bc1-4e0b-a545-20246312a195:192.168.151.78:36774], old=null
2019-09-19 11:31:50,048 [pool-409-thread-1] INFO  impl.RaftServerImpl (RaftServerImpl.java:setRole(174)) - 960c4e8b-33b7-499e-a18c-f6fdada6657f@group-53DD671D10C1: changes role from      null to FOLLOWER at term 0 for startAsFollower
2019-09-19 11:31:50,048 [pool-449-thread-1] INFO  impl.RaftServerImpl (RaftServerImpl.java:setRole(174)) - 21a74dd4-9923-453c-baf9-ae5746c9b858@group-53DD671D10C1: changes role from      null to FOLLOWER at term 0 for startAsFollower
2019-09-19 11:31:50,048 [pool-409-thread-1] INFO  impl.RoleInfo (RoleInfo.java:updateAndGet(143)) - 960c4e8b-33b7-499e-a18c-f6fdada6657f: start FollowerState
2019-09-19 11:31:50,048 [pool-449-thread-1] INFO  impl.RoleInfo (RoleInfo.java:updateAndGet(143)) - 21a74dd4-9923-453c-baf9-ae5746c9b858: start FollowerState
2019-09-19 11:31:50,048 [pool-409-thread-1] INFO  util.JmxRegister (JmxRegister.java:tryRegister(44)) - Successfully registered JMX Bean with object name Ratis:service=RaftServer,group=group-53DD671D10C1,id=960c4e8b-33b7-499e-a18c-f6fdada6657f
2019-09-19 11:31:50,048 [pool-449-thread-1] INFO  util.JmxRegister (JmxRegister.java:tryRegister(44)) - Successfully registered JMX Bean with object name Ratis:service=RaftServer,group=group-53DD671D10C1,id=21a74dd4-9923-453c-baf9-ae5746c9b858
2019-09-19 11:31:50,055 [RatisPipelineUtilsThread] INFO  pipeline.PipelineStateManager (PipelineStateManager.java:addPipeline(56)) - Created pipeline Pipeline[ Id: 615ac6d7-3c32-4ce7-b51d-53dd671d10c1, Nodes: 21a74dd4-9923-453c-baf9-ae5746c9b858{ip: 192.168.151.78, host: pr-hdds-2154-j8s56-3842691507, networkLocation: /default-rack, certSerialId: null}960c4e8b-33b7-499e-a18c-f6fdada6657f{ip: 192.168.151.78, host: pr-hdds-2154-j8s56-3842691507, networkLocation: /default-rack, certSerialId: null}21a9a8a2-1bc1-4e0b-a545-20246312a195{ip: 192.168.151.78, host: pr-hdds-2154-j8s56-3842691507, networkLocation: /default-rack, certSerialId: null}, Type:RATIS, Factor:THREE, State:OPEN]
2019-09-19 11:31:50,069 [grpc-default-executor-1] INFO  impl.RaftServerProxy (RaftServerProxy.java:addNew(89)) - b6529db3-123b-4be0-a0cb-0e56f9592f33: addNew group-79AA6148534A:[c3650528-2518-482e-bbf8-bc89690c370c:192.168.151.78:33979, 758fd404-57a5-4b75-8be9-0c6c712b0af9:192.168.151.78:36913, b6529db3-123b-4be0-a0cb-0e56f9592f33:192.168.151.78:37948] returns group-79AA6148534A:java.util.concurrent.CompletableFuture@3f66f69b[Not completed]
2019-09-19 11:31:50,069 [grpc-default-executor-9] INFO  impl.RaftServerProxy (RaftServerProxy.java:addNew(89)) - c3650528-2518-482e-bbf8-bc89690c370c: addNew group-79AA6148534A:[c3650528-2518-482e-bbf8-bc89690c370c:192.168.151.78:33979, 758fd404-57a5-4b75-8be9-0c6c712b0af9:192.168.151.78:36913, b6529db3-123b-4be0-a0cb-0e56f9592f33:192.168.151.78:37948] returns group-79AA6148534A:java.util.concurrent.CompletableFuture@7ac61062[Not completed]
2019-09-19 11:31:50,069 [grpc-default-executor-0] INFO  impl.RaftServerProxy (RaftServerProxy.java:addNew(89)) - 758fd404-57a5-4b75-8be9-0c6c712b0af9: addNew group-79AA6148534A:[c3650528-2518-482e-bbf8-bc89690c370c:192.168.151.78:33979, 758fd404-57a5-4b75-8be9-0c6c712b0af9:192.168.151.78:36913, b6529db3-123b-4be0-a0cb-0e56f9592f33:192.168.151.78:37948] returns group-79AA6148534A:java.util.concurrent.CompletableFuture@24eea494[Not completed]
2019-09-19 11:31:50,073 [pool-439-thread-1] INFO  impl.RaftServerImpl (RaftServerImpl.java:<init>(95)) - b6529db3-123b-4be0-a0cb-0e56f9592f33: new RaftServerImpl for group-79AA6148534A:[c3650528-2518-482e-bbf8-bc89690c370c:192.168.151.78:33979, 758fd404-57a5-4b75-8be9-0c6c712b0af9:192.168.151.78:36913, b6529db3-123b-4be0-a0cb-0e56f9592f33:192.168.151.78:37948] with ContainerStateMachine:uninitialized
2019-09-19 11:31:50,073 [pool-439-thread-1] INFO  server.RaftServerConfigKeys (ConfUtils.java:logGet(43)) - raft.server.rpc.timeout.min = 5s (custom)
2019-09-19 11:31:50,073 [pool-439-thread-1] INFO  server.RaftServerConfigKeys (ConfUtils.java:logGet(43)) - raft.server.rpc.timeout.max = 5200ms (custom)
2019-09-19 11:31:50,073 [pool-439-thread-1] INFO  server.RaftServerConfigKeys (ConfUtils.java:logGet(43)) - raft.server.rpcslowness.timeout = 120s (custom)
2019-09-19 11:31:50,073 [pool-439-thread-1] INFO  server.RaftServerConfigKeys (ConfUtils.java:logGet(43)) - raft.server.sleep.deviation.threshold = 300 (default)
2019-09-19 11:31:50,073 [pool-429-thread-1] INFO  impl.RaftServerImpl (RaftServerImpl.java:<init>(95)) - c3650528-2518-482e-bbf8-bc89690c370c: new RaftServerImpl for group-79AA6148534A:[c3650528-2518-482e-bbf8-bc89690c370c:192.168.151.78:33979, 758fd404-57a5-4b75-8be9-0c6c712b0af9:192.168.151.78:36913, b6529db3-123b-4be0-a0cb-0e56f9592f33:192.168.151.78:37948] with ContainerStateMachine:uninitialized
2019-09-19 11:31:50,073 [pool-439-thread-1] INFO  server.RaftServerConfigKeys (ConfUtils.java:logGet(43)) - raft.server.log.appender.install.snapshot.enabled = false (custom)
2019-09-19 11:31:50,073 [pool-429-thread-1] INFO  server.RaftServerConfigKeys (ConfUtils.java:logGet(43)) - raft.server.rpc.timeout.min = 5s (custom)
2019-09-19 11:31:50,073 [pool-439-thread-1] INFO  impl.RaftServerImpl (ServerState.java:<init>(103)) - b6529db3-123b-4be0-a0cb-0e56f9592f33@group-79AA6148534A: ConfigurationManager, init=-1: [c3650528-2518-482e-bbf8-bc89690c370c:192.168.151.78:33979, 758fd404-57a5-4b75-8be9-0c6c712b0af9:192.168.151.78:36913, b6529db3-123b-4be0-a0cb-0e56f9592f33:192.168.151.78:37948], old=null, confs=<EMPTY_MAP>
2019-09-19 11:31:50,073 [pool-429-thread-1] INFO  server.RaftServerConfigKeys (ConfUtils.java:logGet(43)) - raft.server.rpc.timeout.max = 5200ms (custom)
2019-09-19 11:31:50,074 [pool-459-thread-1] INFO  impl.RaftServerImpl (RaftServerImpl.java:<init>(95)) - 758fd404-57a5-4b75-8be9-0c6c712b0af9: new RaftServerImpl for group-79AA6148534A:[c3650528-2518-482e-bbf8-bc89690c370c:192.168.151.78:33979, 758fd404-57a5-4b75-8be9-0c6c712b0af9:192.168.151.78:36913, b6529db3-123b-4be0-a0cb-0e56f9592f33:192.168.151.78:37948] with ContainerStateMachine:uninitialized
2019-09-19 11:31:50,074 [pool-429-thread-1] INFO  server.RaftServerConfigKeys (ConfUtils.java:logGet(43)) - raft.server.rpcslowness.timeout = 120s (custom)
2019-09-19 11:31:50,074 [pool-439-thread-1] INFO  server.RaftServerConfigKeys (ConfUtils.java:logGet(43)) - raft.server.storage.dir = [/workdir/hadoop-ozone/integration-test/target/test-dir/MiniOzoneClusterImpl-6da57ec2-366d-4ea4-a605-9b5cf4b6fb5d/datanode-3/data/ratis] (custom)
2019-09-19 11:31:50,074 [pool-429-thread-1] INFO  server.RaftServerConfigKeys (ConfUtils.java:logGet(43)) - raft.server.sleep.deviation.threshold = 300 (default)
2019-09-19 11:31:50,074 [pool-459-thread-1] INFO  server.RaftServerConfigKeys (ConfUtils.java:logGet(43)) - raft.server.rpc.timeout.min = 5s (custom)
2019-09-19 11:31:50,074 [pool-439-thread-1] INFO  storage.RaftStorageDirectory (RaftStorageDirectory.java:analyzeStorage(246)) - The storage directory /workdir/hadoop-ozone/integration-test/target/test-dir/MiniOzoneClusterImpl-6da57ec2-366d-4ea4-a605-9b5cf4b6fb5d/datanode-3/data/ratis/1a3cfdfb-0de5-4c93-a669-79aa6148534a does not exist. Creating ...
2019-09-19 11:31:50,074 [pool-429-thread-1] INFO  server.RaftServerConfigKeys (ConfUtils.java:logGet(43)) - raft.server.log.appender.install.snapshot.enabled = false (custom)
2019-09-19 11:31:50,074 [pool-459-thread-1] INFO  server.RaftServerConfigKeys (ConfUtils.java:logGet(43)) - raft.server.rpc.timeout.max = 5200ms (custom)
2019-09-19 11:31:50,075 [pool-429-thread-1] INFO  impl.RaftServerImpl (ServerState.java:<init>(103)) - c3650528-2518-482e-bbf8-bc89690c370c@group-79AA6148534A: ConfigurationManager, init=-1: [c3650528-2518-482e-bbf8-bc89690c370c:192.168.151.78:33979, 758fd404-57a5-4b75-8be9-0c6c712b0af9:192.168.151.78:36913, b6529db3-123b-4be0-a0cb-0e56f9592f33:192.168.151.78:37948], old=null, confs=<EMPTY_MAP>
2019-09-19 11:31:50,075 [pool-459-thread-1] INFO  server.RaftServerConfigKeys (ConfUtils.java:logGet(43)) - raft.server.rpcslowness.timeout = 120s (custom)
2019-09-19 11:31:50,075 [pool-429-thread-1] INFO  server.RaftServerConfigKeys (ConfUtils.java:logGet(43)) - raft.server.storage.dir = [/workdir/hadoop-ozone/integration-test/target/test-dir/MiniOzoneClusterImpl-6da57ec2-366d-4ea4-a605-9b5cf4b6fb5d/datanode-2/data/ratis] (custom)
2019-09-19 11:31:50,075 [pool-459-thread-1] INFO  server.RaftServerConfigKeys (ConfUtils.java:logGet(43)) - raft.server.sleep.deviation.threshold = 300 (default)
2019-09-19 11:31:50,075 [pool-459-thread-1] INFO  server.RaftServerConfigKeys (ConfUtils.java:logGet(43)) - raft.server.log.appender.install.snapshot.enabled = false (custom)
2019-09-19 11:31:50,075 [pool-429-thread-1] INFO  storage.RaftStorageDirectory (RaftStorageDirectory.java:analyzeStorage(246)) - The storage directory /workdir/hadoop-ozone/integration-test/target/test-dir/MiniOzoneClusterImpl-6da57ec2-366d-4ea4-a605-9b5cf4b6fb5d/datanode-2/data/ratis/1a3cfdfb-0de5-4c93-a669-79aa6148534a does not exist. Creating ...
2019-09-19 11:31:50,075 [pool-459-thread-1] INFO  impl.RaftServerImpl (ServerState.java:<init>(103)) - 758fd404-57a5-4b75-8be9-0c6c712b0af9@group-79AA6148534A: ConfigurationManager, init=-1: [c3650528-2518-482e-bbf8-bc89690c370c:192.168.151.78:33979, 758fd404-57a5-4b75-8be9-0c6c712b0af9:192.168.151.78:36913, b6529db3-123b-4be0-a0cb-0e56f9592f33:192.168.151.78:37948], old=null, confs=<EMPTY_MAP>
2019-09-19 11:31:50,076 [pool-459-thread-1] INFO  server.RaftServerConfigKeys (ConfUtils.java:logGet(43)) - raft.server.storage.dir = [/workdir/hadoop-ozone/integration-test/target/test-dir/MiniOzoneClusterImpl-6da57ec2-366d-4ea4-a605-9b5cf4b6fb5d/datanode-5/data/ratis] (custom)
2019-09-19 11:31:50,076 [pool-459-thread-1] INFO  storage.RaftStorageDirectory (RaftStorageDirectory.java:analyzeStorage(246)) - The storage directory /workdir/hadoop-ozone/integration-test/target/test-dir/MiniOzoneClusterImpl-6da57ec2-366d-4ea4-a605-9b5cf4b6fb5d/datanode-5/data/ratis/1a3cfdfb-0de5-4c93-a669-79aa6148534a does not exist. Creating ...
2019-09-19 11:31:50,088 [pool-459-thread-1] INFO  storage.RaftStorageDirectory (RaftStorageDirectory.java:tryLock(328)) - Lock on /workdir/hadoop-ozone/integration-test/target/test-dir/MiniOzoneClusterImpl-6da57ec2-366d-4ea4-a605-9b5cf4b6fb5d/datanode-5/data/ratis/1a3cfdfb-0de5-4c93-a669-79aa6148534a/in_use.lock acquired by nodename 22749@pr-hdds-2154-j8s56-3842691507
2019-09-19 11:31:50,088 [pool-439-thread-1] INFO  storage.RaftStorageDirectory (RaftStorageDirectory.java:tryLock(328)) - Lock on /workdir/hadoop-ozone/integration-test/target/test-dir/MiniOzoneClusterImpl-6da57ec2-366d-4ea4-a605-9b5cf4b6fb5d/datanode-3/data/ratis/1a3cfdfb-0de5-4c93-a669-79aa6148534a/in_use.lock acquired by nodename 22749@pr-hdds-2154-j8s56-3842691507
2019-09-19 11:31:50,088 [pool-429-thread-1] INFO  storage.RaftStorageDirectory (RaftStorageDirectory.java:tryLock(328)) - Lock on /workdir/hadoop-ozone/integration-test/target/test-dir/MiniOzoneClusterImpl-6da57ec2-366d-4ea4-a605-9b5cf4b6fb5d/datanode-2/data/ratis/1a3cfdfb-0de5-4c93-a669-79aa6148534a/in_use.lock acquired by nodename 22749@pr-hdds-2154-j8s56-3842691507
2019-09-19 11:31:50,105 [pool-429-thread-1] INFO  storage.RaftStorage (RaftStorage.java:format(72)) - Storage directory /workdir/hadoop-ozone/integration-test/target/test-dir/MiniOzoneClusterImpl-6da57ec2-366d-4ea4-a605-9b5cf4b6fb5d/datanode-2/data/ratis/1a3cfdfb-0de5-4c93-a669-79aa6148534a has been successfully formatted.
2019-09-19 11:31:50,105 [pool-439-thread-1] INFO  storage.RaftStorage (RaftStorage.java:format(72)) - Storage directory /workdir/hadoop-ozone/integration-test/target/test-dir/MiniOzoneClusterImpl-6da57ec2-366d-4ea4-a605-9b5cf4b6fb5d/datanode-3/data/ratis/1a3cfdfb-0de5-4c93-a669-79aa6148534a has been successfully formatted.
2019-09-19 11:31:50,105 [pool-429-thread-1] INFO  ratis.ContainerStateMachine (ContainerStateMachine.java:loadSnapshot(230)) - group-79AA6148534A: The snapshot info is null. Setting the last applied indexto:(t:0, i:~)
2019-09-19 11:31:50,105 [pool-459-thread-1] INFO  storage.RaftStorage (RaftStorage.java:format(72)) - Storage directory /workdir/hadoop-ozone/integration-test/target/test-dir/MiniOzoneClusterImpl-6da57ec2-366d-4ea4-a605-9b5cf4b6fb5d/datanode-5/data/ratis/1a3cfdfb-0de5-4c93-a669-79aa6148534a has been successfully formatted.
2019-09-19 11:31:50,105 [pool-429-thread-1] INFO  server.RaftServerConfigKeys (ConfUtils.java:logGet(43)) - raft.server.notification.no-leader.timeout = 120s (custom)
2019-09-19 11:31:50,105 [pool-439-thread-1] INFO  ratis.ContainerStateMachine (ContainerStateMachine.java:loadSnapshot(230)) - group-79AA6148534A: The snapshot info is null. Setting the last applied indexto:(t:0, i:~)
2019-09-19 11:31:50,105 [pool-459-thread-1] INFO  ratis.ContainerStateMachine (ContainerStateMachine.java:loadSnapshot(230)) - group-79AA6148534A: The snapshot info is null. Setting the last applied indexto:(t:0, i:~)
2019-09-19 11:31:50,105 [pool-429-thread-1] INFO  server.RaftServerConfigKeys (ConfUtils.java:logGet(43)) - raft.server.log.use.memory = false (default)
2019-09-19 11:31:50,106 [pool-459-thread-1] INFO  server.RaftServerConfigKeys (ConfUtils.java:logGet(43)) - raft.server.notification.no-leader.timeout = 120s (custom)
2019-09-19 11:31:50,106 [pool-439-thread-1] INFO  server.RaftServerConfigKeys (ConfUtils.java:logGet(43)) - raft.server.notification.no-leader.timeout = 120s (custom)
2019-09-19 11:31:50,106 [pool-459-thread-1] INFO  server.RaftServerConfigKeys (ConfUtils.java:logGet(43)) - raft.server.log.use.memory = false (default)
2019-09-19 11:31:50,106 [pool-429-thread-1] INFO  server.RaftServerConfigKeys (ConfUtils.java:logGet(43)) - raft.server.log.purge.gap = 1000000 (custom)
2019-09-19 11:31:50,106 [pool-459-thread-1] INFO  server.RaftServerConfigKeys (ConfUtils.java:logGet(43)) - raft.server.log.purge.gap = 1000000 (custom)
2019-09-19 11:31:50,106 [pool-439-thread-1] INFO  server.RaftServerConfigKeys (ConfUtils.java:logGet(43)) - raft.server.log.use.memory = false (default)
2019-09-19 11:31:50,107 [pool-439-thread-1] INFO  server.RaftServerConfigKeys (ConfUtils.java:logGet(43)) - raft.server.log.purge.gap = 1000000 (custom)
2019-09-19 11:31:50,107 [pool-459-thread-1] INFO  server.RaftServerConfigKeys (ConfUtils.java:logGet(43)) - raft.server.log.appender.buffer.byte-limit = 33554432 (custom)
2019-09-19 11:31:50,106 [pool-429-thread-1] INFO  server.RaftServerConfigKeys (ConfUtils.java:logGet(43)) - raft.server.log.appender.buffer.byte-limit = 33554432 (custom)
2019-09-19 11:31:50,107 [pool-459-thread-1] INFO  server.RaftServerConfigKeys (ConfUtils.java:logGet(43)) - raft.server.log.segment.size.max = 1048576 (custom)
2019-09-19 11:31:50,107 [pool-439-thread-1] INFO  server.RaftServerConfigKeys (ConfUtils.java:logGet(43)) - raft.server.log.appender.buffer.byte-limit = 33554432 (custom)
2019-09-19 11:31:50,107 [pool-459-thread-1] INFO  server.RaftServerConfigKeys (ConfUtils.java:logGet(43)) - raft.server.log.segment.cache.num.max = 2 (custom)
2019-09-19 11:31:50,107 [pool-429-thread-1] INFO  server.RaftServerConfigKeys (ConfUtils.java:logGet(43)) - raft.server.log.segment.size.max = 1048576 (custom)
2019-09-19 11:31:50,108 [pool-459-thread-1] INFO  segmented.SegmentedRaftLogWorker (SegmentedRaftLogWorker.java:<init>(172)) - new 758fd404-57a5-4b75-8be9-0c6c712b0af9@group-79AA6148534A-SegmentedRaftLogWorker for RaftStorage:Storage Directory /workdir/hadoop-ozone/integration-test/target/test-dir/MiniOzoneClusterImpl-6da57ec2-366d-4ea4-a605-9b5cf4b6fb5d/datanode-5/data/ratis/1a3cfdfb-0de5-4c93-a669-79aa6148534a
2019-09-19 11:31:50,107 [pool-439-thread-1] INFO  server.RaftServerConfigKeys (ConfUtils.java:logGet(43)) - raft.server.log.segment.size.max = 1048576 (custom)
2019-09-19 11:31:50,116 [pool-459-thread-1] INFO  server.RaftServerConfigKeys (ConfUtils.java:logGet(43)) - raft.server.log.queue.byte-limit = 2147483647 (custom)
2019-09-19 11:31:50,108 [pool-429-thread-1] INFO  server.RaftServerConfigKeys (ConfUtils.java:logGet(43)) - raft.server.log.segment.cache.num.max = 2 (custom)
2019-09-19 11:31:50,117 [pool-459-thread-1] INFO  server.RaftServerConfigKeys (ConfUtils.java:logGet(43)) - raft.server.log.queue.element-limit = 1024 (custom)
2019-09-19 11:31:50,117 [pool-439-thread-1] INFO  server.RaftServerConfigKeys (ConfUtils.java:logGet(43)) - raft.server.log.segment.cache.num.max = 2 (custom)
2019-09-19 11:31:50,117 [pool-459-thread-1] INFO  server.RaftServerConfigKeys (ConfUtils.java:logGet(43)) - raft.server.log.segment.size.max = 1048576 (custom)
2019-09-19 11:31:50,117 [pool-429-thread-1] INFO  segmented.SegmentedRaftLogWorker (SegmentedRaftLogWorker.java:<init>(172)) - new c3650528-2518-482e-bbf8-bc89690c370c@group-79AA6148534A-SegmentedRaftLogWorker for RaftStorage:Storage Directory /workdir/hadoop-ozone/integration-test/target/test-dir/MiniOzoneClusterImpl-6da57ec2-366d-4ea4-a605-9b5cf4b6fb5d/datanode-2/data/ratis/1a3cfdfb-0de5-4c93-a669-79aa6148534a
2019-09-19 11:31:50,117 [pool-459-thread-1] INFO  server.RaftServerConfigKeys (ConfUtils.java:logGet(43)) - raft.server.log.preallocated.size = 16384 (custom)
2019-09-19 11:31:50,117 [pool-439-thread-1] INFO  segmented.SegmentedRaftLogWorker (SegmentedRaftLogWorker.java:<init>(172)) - new b6529db3-123b-4be0-a0cb-0e56f9592f33@group-79AA6148534A-SegmentedRaftLogWorker for RaftStorage:Storage Directory /workdir/hadoop-ozone/integration-test/target/test-dir/MiniOzoneClusterImpl-6da57ec2-366d-4ea4-a605-9b5cf4b6fb5d/datanode-3/data/ratis/1a3cfdfb-0de5-4c93-a669-79aa6148534a
2019-09-19 11:31:50,118 [pool-459-thread-1] INFO  server.RaftServerConfigKeys (ConfUtils.java:logGet(43)) - raft.server.log.write.buffer.size = 33554432 (custom)
2019-09-19 11:31:50,117 [pool-429-thread-1] INFO  server.RaftServerConfigKeys (ConfUtils.java:logGet(43)) - raft.server.log.queue.byte-limit = 2147483647 (custom)
2019-09-19 11:31:50,118 [pool-459-thread-1] INFO  server.RaftServerConfigKeys (ConfUtils.java:logGet(43)) - raft.server.log.force.sync.num = 128 (default)
2019-09-19 11:31:50,118 [pool-439-thread-1] INFO  server.RaftServerConfigKeys (ConfUtils.java:logGet(43)) - raft.server.log.queue.byte-limit = 2147483647 (custom)
2019-09-19 11:31:50,118 [pool-459-thread-1] INFO  server.RaftServerConfigKeys (ConfUtils.java:logGet(43)) - raft.server.log.statemachine.data.sync = true (default)
2019-09-19 11:31:50,118 [pool-429-thread-1] INFO  server.RaftServerConfigKeys (ConfUtils.java:logGet(43)) - raft.server.log.queue.element-limit = 1024 (custom)
2019-09-19 11:31:50,118 [pool-459-thread-1] INFO  server.RaftServerConfigKeys (ConfUtils.java:logGet(43)) - raft.server.log.statemachine.data.sync.timeout = 10s (default)
2019-09-19 11:31:50,118 [pool-439-thread-1] INFO  server.RaftServerConfigKeys (ConfUtils.java:logGet(43)) - raft.server.log.queue.element-limit = 1024 (custom)
2019-09-19 11:31:50,119 [pool-459-thread-1] INFO  server.RaftServerConfigKeys (ConfUtils.java:logGet(43)) - raft.server.log.statemachine.data.sync.timeout.retry = -1 (default)
2019-09-19 11:31:50,118 [pool-429-thread-1] INFO  server.RaftServerConfigKeys (ConfUtils.java:logGet(43)) - raft.server.log.segment.size.max = 1048576 (custom)
2019-09-19 11:31:50,119 [pool-459-thread-1] INFO  server.RaftServerConfigKeys (ConfUtils.java:logGet(43)) - raft.server.log.statemachine.data.caching.enabled = true (custom)
2019-09-19 11:31:50,119 [pool-439-thread-1] INFO  server.RaftServerConfigKeys (ConfUtils.java:logGet(43)) - raft.server.log.segment.size.max = 1048576 (custom)
2019-09-19 11:31:50,119 [pool-429-thread-1] INFO  server.RaftServerConfigKeys (ConfUtils.java:logGet(43)) - raft.server.log.preallocated.size = 16384 (custom)
2019-09-19 11:31:50,119 [pool-459-thread-1] INFO  segmented.SegmentedRaftLogWorker (SegmentedRaftLogWorker.java:lambda$new$0(132)) - 758fd404-57a5-4b75-8be9-0c6c712b0af9@group-79AA6148534A-SegmentedRaftLogWorker: flushIndex: setUnconditionally 0 -> -1
2019-09-19 11:31:50,119 [pool-439-thread-1] INFO  server.RaftServerConfigKeys (ConfUtils.java:logGet(43)) - raft.server.log.preallocated.size = 16384 (custom)
2019-09-19 11:31:50,119 [pool-429-thread-1] INFO  server.RaftServerConfigKeys (ConfUtils.java:logGet(43)) - raft.server.log.write.buffer.size = 33554432 (custom)
2019-09-19 11:31:50,120 [pool-459-thread-1] INFO  server.RaftServerConfigKeys (ConfUtils.java:logGet(43)) - raft.server.snapshot.auto.trigger.enabled = true (custom)
2019-09-19 11:31:50,120 [pool-439-thread-1] INFO  server.RaftServerConfigKeys (ConfUtils.java:logGet(43)) - raft.server.log.write.buffer.size = 33554432 (custom)
2019-09-19 11:31:50,120 [pool-459-thread-1] INFO  server.RaftServerConfigKeys (ConfUtils.java:logGet(43)) - raft.server.snapshot.auto.trigger.threshold = 10000 (custom)
2019-09-19 11:31:50,120 [pool-429-thread-1] INFO  server.RaftServerConfigKeys (ConfUtils.java:logGet(43)) - raft.server.log.force.sync.num = 128 (default)
2019-09-19 11:31:50,120 [pool-459-thread-1] INFO  server.RaftServerConfigKeys (ConfUtils.java:logGet(43)) - raft.server.snapshot.retention.num.files = 5 (custom)
2019-09-19 11:31:50,120 [pool-439-thread-1] INFO  server.RaftServerConfigKeys (ConfUtils.java:logGet(43)) - raft.server.log.force.sync.num = 128 (default)
2019-09-19 11:31:50,120 [pool-459-thread-1] INFO  server.RaftServerConfigKeys (ConfUtils.java:logGet(43)) - raft.server.retrycache.expirytime = 600000ms (custom)
2019-09-19 11:31:50,120 [pool-429-thread-1] INFO  server.RaftServerConfigKeys (ConfUtils.java:logGet(43)) - raft.server.log.statemachine.data.sync = true (default)
2019-09-19 11:31:50,120 [pool-439-thread-1] INFO  server.RaftServerConfigKeys (ConfUtils.java:logGet(43)) - raft.server.log.statemachine.data.sync = true (default)
2019-09-19 11:31:50,121 [pool-429-thread-1] INFO  server.RaftServerConfigKeys (ConfUtils.java:logGet(43)) - raft.server.log.statemachine.data.sync.timeout = 10s (default)
2019-09-19 11:31:50,121 [pool-439-thread-1] INFO  server.RaftServerConfigKeys (ConfUtils.java:logGet(43)) - raft.server.log.statemachine.data.sync.timeout = 10s (default)
2019-09-19 11:31:50,121 [pool-429-thread-1] INFO  server.RaftServerConfigKeys (ConfUtils.java:logGet(43)) - raft.server.log.statemachine.data.sync.timeout.retry = -1 (default)
2019-09-19 11:31:50,121 [pool-439-thread-1] INFO  server.RaftServerConfigKeys (ConfUtils.java:logGet(43)) - raft.server.log.statemachine.data.sync.timeout.retry = -1 (default)
2019-09-19 11:31:50,121 [pool-429-thread-1] INFO  server.RaftServerConfigKeys (ConfUtils.java:logGet(43)) - raft.server.log.statemachine.data.caching.enabled = true (custom)
2019-09-19 11:31:50,121 [pool-439-thread-1] INFO  server.RaftServerConfigKeys (ConfUtils.java:logGet(43)) - raft.server.log.statemachine.data.caching.enabled = true (custom)
2019-09-19 11:31:50,122 [pool-429-thread-1] INFO  segmented.SegmentedRaftLogWorker (SegmentedRaftLogWorker.java:lambda$new$0(132)) - c3650528-2518-482e-bbf8-bc89690c370c@group-79AA6148534A-SegmentedRaftLogWorker: flushIndex: setUnconditionally 0 -> -1
2019-09-19 11:31:50,122 [pool-439-thread-1] INFO  segmented.SegmentedRaftLogWorker (SegmentedRaftLogWorker.java:lambda$new$0(132)) - b6529db3-123b-4be0-a0cb-0e56f9592f33@group-79AA6148534A-SegmentedRaftLogWorker: flushIndex: setUnconditionally 0 -> -1
2019-09-19 11:31:50,122 [pool-429-thread-1] INFO  server.RaftServerConfigKeys (ConfUtils.java:logGet(43)) - raft.server.snapshot.auto.trigger.enabled = true (custom)
2019-09-19 11:31:50,122 [pool-429-thread-1] INFO  server.RaftServerConfigKeys (ConfUtils.java:logGet(43)) - raft.server.snapshot.auto.trigger.threshold = 10000 (custom)
2019-09-19 11:31:50,122 [pool-439-thread-1] INFO  server.RaftServerConfigKeys (ConfUtils.java:logGet(43)) - raft.server.snapshot.auto.trigger.enabled = true (custom)
2019-09-19 11:31:50,122 [pool-429-thread-1] INFO  server.RaftServerConfigKeys (ConfUtils.java:logGet(43)) - raft.server.snapshot.retention.num.files = 5 (custom)
2019-09-19 11:31:50,122 [pool-439-thread-1] INFO  server.RaftServerConfigKeys (ConfUtils.java:logGet(43)) - raft.server.snapshot.auto.trigger.threshold = 10000 (custom)
2019-09-19 11:31:50,122 [pool-429-thread-1] INFO  server.RaftServerConfigKeys (ConfUtils.java:logGet(43)) - raft.server.retrycache.expirytime = 600000ms (custom)
2019-09-19 11:31:50,122 [pool-439-thread-1] INFO  server.RaftServerConfigKeys (ConfUtils.java:logGet(43)) - raft.server.snapshot.retention.num.files = 5 (custom)
2019-09-19 11:31:50,123 [pool-439-thread-1] INFO  server.RaftServerConfigKeys (ConfUtils.java:logGet(43)) - raft.server.retrycache.expirytime = 600000ms (custom)
2019-09-19 11:31:50,123 [pool-459-thread-1] INFO  impl.RaftServerImpl (RaftServerImpl.java:start(185)) - 758fd404-57a5-4b75-8be9-0c6c712b0af9@group-79AA6148534A: start as a follower, conf=-1: [c3650528-2518-482e-bbf8-bc89690c370c:192.168.151.78:33979, 758fd404-57a5-4b75-8be9-0c6c712b0af9:192.168.151.78:36913, b6529db3-123b-4be0-a0cb-0e56f9592f33:192.168.151.78:37948], old=null
2019-09-19 11:31:50,123 [pool-459-thread-1] INFO  impl.RaftServerImpl (RaftServerImpl.java:setRole(174)) - 758fd404-57a5-4b75-8be9-0c6c712b0af9@group-79AA6148534A: changes role from      null to FOLLOWER at term 0 for startAsFollower
2019-09-19 11:31:50,123 [pool-459-thread-1] INFO  impl.RoleInfo (RoleInfo.java:updateAndGet(143)) - 758fd404-57a5-4b75-8be9-0c6c712b0af9: start FollowerState
2019-09-19 11:31:50,124 [pool-459-thread-1] INFO  util.JmxRegister (JmxRegister.java:tryRegister(44)) - Successfully registered JMX Bean with object name Ratis:service=RaftServer,group=group-79AA6148534A,id=758fd404-57a5-4b75-8be9-0c6c712b0af9
2019-09-19 11:31:50,125 [pool-429-thread-1] INFO  impl.RaftServerImpl (RaftServerImpl.java:start(185)) - c3650528-2518-482e-bbf8-bc89690c370c@group-79AA6148534A: start as a follower, conf=-1: [c3650528-2518-482e-bbf8-bc89690c370c:192.168.151.78:33979, 758fd404-57a5-4b75-8be9-0c6c712b0af9:192.168.151.78:36913, b6529db3-123b-4be0-a0cb-0e56f9592f33:192.168.151.78:37948], old=null
2019-09-19 11:31:50,125 [pool-439-thread-1] INFO  impl.RaftServerImpl (RaftServerImpl.java:start(185)) - b6529db3-123b-4be0-a0cb-0e56f9592f33@group-79AA6148534A: start as a follower, conf=-1: [c3650528-2518-482e-bbf8-bc89690c370c:192.168.151.78:33979, 758fd404-57a5-4b75-8be9-0c6c712b0af9:192.168.151.78:36913, b6529db3-123b-4be0-a0cb-0e56f9592f33:192.168.151.78:37948], old=null
2019-09-19 11:31:50,125 [pool-429-thread-1] INFO  impl.RaftServerImpl (RaftServerImpl.java:setRole(174)) - c3650528-2518-482e-bbf8-bc89690c370c@group-79AA6148534A: changes role from      null to FOLLOWER at term 0 for startAsFollower
2019-09-19 11:31:50,125 [pool-439-thread-1] INFO  impl.RaftServerImpl (RaftServerImpl.java:setRole(174)) - b6529db3-123b-4be0-a0cb-0e56f9592f33@group-79AA6148534A: changes role from      null to FOLLOWER at term 0 for startAsFollower
2019-09-19 11:31:50,127 [pool-429-thread-1] INFO  impl.RoleInfo (RoleInfo.java:updateAndGet(143)) - c3650528-2518-482e-bbf8-bc89690c370c: start FollowerState
2019-09-19 11:31:50,127 [pool-439-thread-1] INFO  impl.RoleInfo (RoleInfo.java:updateAndGet(143)) - b6529db3-123b-4be0-a0cb-0e56f9592f33: start FollowerState
2019-09-19 11:31:50,128 [pool-429-thread-1] INFO  util.JmxRegister (JmxRegister.java:tryRegister(44)) - Successfully registered JMX Bean with object name Ratis:service=RaftServer,group=group-79AA6148534A,id=c3650528-2518-482e-bbf8-bc89690c370c
2019-09-19 11:31:50,128 [pool-439-thread-1] INFO  util.JmxRegister (JmxRegister.java:tryRegister(44)) - Successfully registered JMX Bean with object name Ratis:service=RaftServer,group=group-79AA6148534A,id=b6529db3-123b-4be0-a0cb-0e56f9592f33
2019-09-19 11:31:50,134 [RatisPipelineUtilsThread] INFO  pipeline.PipelineStateManager (PipelineStateManager.java:addPipeline(56)) - Created pipeline Pipeline[ Id: 1a3cfdfb-0de5-4c93-a669-79aa6148534a, Nodes: c3650528-2518-482e-bbf8-bc89690c370c{ip: 192.168.151.78, host: pr-hdds-2154-j8s56-3842691507, networkLocation: /default-rack, certSerialId: null}758fd404-57a5-4b75-8be9-0c6c712b0af9{ip: 192.168.151.78, host: pr-hdds-2154-j8s56-3842691507, networkLocation: /default-rack, certSerialId: null}b6529db3-123b-4be0-a0cb-0e56f9592f33{ip: 192.168.151.78, host: pr-hdds-2154-j8s56-3842691507, networkLocation: /default-rack, certSerialId: null}, Type:RATIS, Factor:THREE, State:OPEN]
2019-09-19 11:31:50,160 [grpc-default-executor-9] INFO  client.GrpcClientProtocolClient (GrpcClientProtocolClient.java:onNext(264)) - client-DF8585589FC5->c3650528-2518-482e-bbf8-bc89690c370c: receive RaftClientReply:client-DF8585589FC5->c3650528-2518-482e-bbf8-bc89690c370c@group-79AA6148534A, cid=183, FAILED org.apache.ratis.protocol.NotLeaderException: Server c3650528-2518-482e-bbf8-bc89690c370c@group-79AA6148534A is not the leader, logIndex=0, commits[c3650528-2518-482e-bbf8-bc89690c370c:c-1]
2019-09-19 11:31:51,172 [grpc-default-executor-0] INFO  client.GrpcClientProtocolClient (GrpcClientProtocolClient.java:onNext(264)) - client-DF8585589FC5->b6529db3-123b-4be0-a0cb-0e56f9592f33: receive RaftClientReply:client-DF8585589FC5->b6529db3-123b-4be0-a0cb-0e56f9592f33@group-79AA6148534A, cid=183, FAILED org.apache.ratis.protocol.NotLeaderException: Server b6529db3-123b-4be0-a0cb-0e56f9592f33@group-79AA6148534A is not the leader, logIndex=0, commits[b6529db3-123b-4be0-a0cb-0e56f9592f33:c-1]
2019-09-19 11:31:52,208 [grpc-default-executor-9] INFO  client.GrpcClientProtocolClient (GrpcClientProtocolClient.java:onNext(264)) - client-DF8585589FC5->c3650528-2518-482e-bbf8-bc89690c370c: receive RaftClientReply:client-DF8585589FC5->c3650528-2518-482e-bbf8-bc89690c370c@group-79AA6148534A, cid=183, FAILED org.apache.ratis.protocol.NotLeaderException: Server c3650528-2518-482e-bbf8-bc89690c370c@group-79AA6148534A is not the leader, logIndex=0, commits[c3650528-2518-482e-bbf8-bc89690c370c:c-1]
2019-09-19 11:31:52,539 [Thread-3055] INFO  container.ReplicationManager (ReplicationManager.java:start(162)) - Starting Replication Monitor Thread.
2019-09-19 11:31:52,544 [ReplicationMonitor] INFO  container.ReplicationManager (ReplicationManager.java:run(225)) - Replication Monitor Thread took 1 milliseconds for processing 1 containers.
2019-09-19 11:31:53,227 [grpc-default-executor-9] INFO  client.GrpcClientProtocolClient (GrpcClientProtocolClient.java:onNext(264)) - client-DF8585589FC5->758fd404-57a5-4b75-8be9-0c6c712b0af9: receive RaftClientReply:client-DF8585589FC5->758fd404-57a5-4b75-8be9-0c6c712b0af9@group-79AA6148534A, cid=183, FAILED org.apache.ratis.protocol.NotLeaderException: Server 758fd404-57a5-4b75-8be9-0c6c712b0af9@group-79AA6148534A is not the leader, logIndex=0, commits[758fd404-57a5-4b75-8be9-0c6c712b0af9:c-1]
2019-09-19 11:31:54,253 [grpc-default-executor-9] INFO  client.GrpcClientProtocolClient (GrpcClientProtocolClient.java:onNext(264)) - client-DF8585589FC5->c3650528-2518-482e-bbf8-bc89690c370c: receive RaftClientReply:client-DF8585589FC5->c3650528-2518-482e-bbf8-bc89690c370c@group-79AA6148534A, cid=183, FAILED org.apache.ratis.protocol.NotLeaderException: Server c3650528-2518-482e-bbf8-bc89690c370c@group-79AA6148534A is not the leader, logIndex=0, commits[c3650528-2518-482e-bbf8-bc89690c370c:c-1]
2019-09-19 11:31:54,709 [Thread-3060] INFO  impl.FollowerState (FollowerState.java:run(106)) - 21a9a8a2-1bc1-4e0b-a545-20246312a195:group-5F6AFE1976FA changes to CANDIDATE, lastRpcTime:5015, electionTimeout:5015ms
2019-09-19 11:31:54,709 [Thread-3060] INFO  impl.RoleInfo (RoleInfo.java:shutdownFollowerState(121)) - 21a9a8a2-1bc1-4e0b-a545-20246312a195: shutdown FollowerState
2019-09-19 11:31:54,709 [Thread-3060] INFO  impl.RaftServerImpl (RaftServerImpl.java:setRole(174)) - 21a9a8a2-1bc1-4e0b-a545-20246312a195@group-5F6AFE1976FA: changes role from  FOLLOWER to CANDIDATE at term 0 for changeToCandidate
2019-09-19 11:31:54,710 [Thread-3060] INFO  impl.RoleInfo (RoleInfo.java:updateAndGet(143)) - 21a9a8a2-1bc1-4e0b-a545-20246312a195: start LeaderElection
2019-09-19 11:31:54,743 [21a9a8a2-1bc1-4e0b-a545-20246312a195@group-5F6AFE1976FA:LeaderElection67] INFO  impl.LeaderElection (LeaderElection.java:askForVotes(182)) - 21a9a8a2-1bc1-4e0b-a545-20246312a195@group-5F6AFE1976FA:LeaderElection67: begin an election at term 1 for -1: [21a9a8a2-1bc1-4e0b-a545-20246312a195:192.168.151.78:36774], old=null
2019-09-19 11:31:54,744 [21a9a8a2-1bc1-4e0b-a545-20246312a195@group-5F6AFE1976FA:LeaderElection67] INFO  impl.RoleInfo (RoleInfo.java:shutdownLeaderElection(134)) - 21a9a8a2-1bc1-4e0b-a545-20246312a195: shutdown LeaderElection
2019-09-19 11:31:54,744 [21a9a8a2-1bc1-4e0b-a545-20246312a195@group-5F6AFE1976FA:LeaderElection67] INFO  impl.RaftServerImpl (RaftServerImpl.java:setRole(174)) - 21a9a8a2-1bc1-4e0b-a545-20246312a195@group-5F6AFE1976FA: changes role from CANDIDATE to LEADER at term 1 for changeToLeader
2019-09-19 11:31:54,744 [21a9a8a2-1bc1-4e0b-a545-20246312a195@group-5F6AFE1976FA:LeaderElection67] INFO  impl.RaftServerImpl (ServerState.java:setLeader(253)) - 21a9a8a2-1bc1-4e0b-a545-20246312a195@group-5F6AFE1976FA: change Leader from null to 21a9a8a2-1bc1-4e0b-a545-20246312a195 at term 1 for becomeLeader, leader elected after 5057ms
2019-09-19 11:31:54,744 [21a9a8a2-1bc1-4e0b-a545-20246312a195@group-5F6AFE1976FA:LeaderElection67] INFO  server.RaftServerConfigKeys (ConfUtils.java:logGet(43)) - raft.server.staging.catchup.gap = 1000 (default)
2019-09-19 11:31:54,744 [21a9a8a2-1bc1-4e0b-a545-20246312a195@group-5F6AFE1976FA:LeaderElection67] INFO  server.RaftServerConfigKeys (ConfUtils.java:logGet(43)) - raft.server.rpc.sleep.time = 25ms (default)
2019-09-19 11:31:54,744 [21a9a8a2-1bc1-4e0b-a545-20246312a195@group-5F6AFE1976FA:LeaderElection67] INFO  server.RaftServerConfigKeys (ConfUtils.java:logGet(43)) - raft.server.write.element-limit = 4096 (default)
2019-09-19 11:31:54,744 [21a9a8a2-1bc1-4e0b-a545-20246312a195@group-5F6AFE1976FA:LeaderElection67] INFO  server.RaftServerConfigKeys (ConfUtils.java:logGet(43)) - raft.server.watch.timeout = 10s (default)
2019-09-19 11:31:54,744 [21a9a8a2-1bc1-4e0b-a545-20246312a195@group-5F6AFE1976FA:LeaderElection67] INFO  server.RaftServerConfigKeys (ConfUtils.java:logGet(43)) - raft.server.watch.timeout.denomination = 1s (default)
2019-09-19 11:31:54,745 [21a9a8a2-1bc1-4e0b-a545-20246312a195@group-5F6AFE1976FA:LeaderElection67] INFO  server.RaftServerConfigKeys (ConfUtils.java:logGet(43)) - raft.server.watch.element-limit = 65536 (default)
2019-09-19 11:31:54,747 [21a9a8a2-1bc1-4e0b-a545-20246312a195@group-5F6AFE1976FA:LeaderElection67] INFO  impl.RoleInfo (RoleInfo.java:updateAndGet(143)) - 21a9a8a2-1bc1-4e0b-a545-20246312a195: start LeaderState
2019-09-19 11:31:54,747 [21a9a8a2-1bc1-4e0b-a545-20246312a195@group-5F6AFE1976FA:LeaderElection67] INFO  segmented.SegmentedRaftLogWorker (SegmentedRaftLogWorker.java:startLogSegment(380)) - 21a9a8a2-1bc1-4e0b-a545-20246312a195@group-5F6AFE1976FA-SegmentedRaftLogWorker: Starting segment from index:0
2019-09-19 11:31:54,748 [21a9a8a2-1bc1-4e0b-a545-20246312a195@group-5F6AFE1976FA:LeaderElection67] INFO  impl.RaftServerImpl (ServerState.java:setRaftConf(354)) - 21a9a8a2-1bc1-4e0b-a545-20246312a195@group-5F6AFE1976FA: set configuration 0: [21a9a8a2-1bc1-4e0b-a545-20246312a195:192.168.151.78:36774], old=null at 0
2019-09-19 11:31:54,785 [Thread-3057] INFO  impl.FollowerState (FollowerState.java:run(106)) - 960c4e8b-33b7-499e-a18c-f6fdada6657f:group-DE3AAA40FC3F changes to CANDIDATE, lastRpcTime:5172, electionTimeout:5165ms
2019-09-19 11:31:54,785 [Thread-3057] INFO  impl.RoleInfo (RoleInfo.java:shutdownFollowerState(121)) - 960c4e8b-33b7-499e-a18c-f6fdada6657f: shutdown FollowerState
2019-09-19 11:31:54,785 [Thread-3057] INFO  impl.RaftServerImpl (RaftServerImpl.java:setRole(174)) - 960c4e8b-33b7-499e-a18c-f6fdada6657f@group-DE3AAA40FC3F: changes role from  FOLLOWER to CANDIDATE at term 0 for changeToCandidate
2019-09-19 11:31:54,786 [Thread-3057] INFO  impl.RoleInfo (RoleInfo.java:updateAndGet(143)) - 960c4e8b-33b7-499e-a18c-f6fdada6657f: start LeaderElection
2019-09-19 11:31:54,798 [21a9a8a2-1bc1-4e0b-a545-20246312a195@group-5F6AFE1976FA-SegmentedRaftLogWorker] INFO  segmented.SegmentedRaftLogWorker (SegmentedRaftLogWorker.java:execute(569)) - 21a9a8a2-1bc1-4e0b-a545-20246312a195@group-5F6AFE1976FA-SegmentedRaftLogWorker: created new log segment /workdir/hadoop-ozone/integration-test/target/test-dir/MiniOzoneClusterImpl-6da57ec2-366d-4ea4-a605-9b5cf4b6fb5d/datanode-1/data/ratis/67d38d07-1a1c-48a1-b5ed-5f6afe1976fa/current/log_inprogress_0
2019-09-19 11:31:54,798 [960c4e8b-33b7-499e-a18c-f6fdada6657f@group-DE3AAA40FC3F:LeaderElection68] INFO  impl.LeaderElection (LeaderElection.java:askForVotes(182)) - 960c4e8b-33b7-499e-a18c-f6fdada6657f@group-DE3AAA40FC3F:LeaderElection68: begin an election at term 1 for -1: [960c4e8b-33b7-499e-a18c-f6fdada6657f:192.168.151.78:45831], old=null
2019-09-19 11:31:54,798 [960c4e8b-33b7-499e-a18c-f6fdada6657f@group-DE3AAA40FC3F:LeaderElection68] INFO  impl.RoleInfo (RoleInfo.java:shutdownLeaderElection(134)) - 960c4e8b-33b7-499e-a18c-f6fdada6657f: shutdown LeaderElection
2019-09-19 11:31:54,798 [960c4e8b-33b7-499e-a18c-f6fdada6657f@group-DE3AAA40FC3F:LeaderElection68] INFO  impl.RaftServerImpl (RaftServerImpl.java:setRole(174)) - 960c4e8b-33b7-499e-a18c-f6fdada6657f@group-DE3AAA40FC3F: changes role from CANDIDATE to LEADER at term 1 for changeToLeader
2019-09-19 11:31:54,798 [960c4e8b-33b7-499e-a18c-f6fdada6657f@group-DE3AAA40FC3F:LeaderElection68] INFO  impl.RaftServerImpl (ServerState.java:setLeader(253)) - 960c4e8b-33b7-499e-a18c-f6fdada6657f@group-DE3AAA40FC3F: change Leader from null to 960c4e8b-33b7-499e-a18c-f6fdada6657f at term 1 for becomeLeader, leader elected after 5192ms
2019-09-19 11:31:54,799 [960c4e8b-33b7-499e-a18c-f6fdada6657f@group-DE3AAA40FC3F:LeaderElection68] INFO  server.RaftServerConfigKeys (ConfUtils.java:logGet(43)) - raft.server.staging.catchup.gap = 1000 (default)
2019-09-19 11:31:54,799 [960c4e8b-33b7-499e-a18c-f6fdada6657f@group-DE3AAA40FC3F:LeaderElection68] INFO  server.RaftServerConfigKeys (ConfUtils.java:logGet(43)) - raft.server.rpc.sleep.time = 25ms (default)
2019-09-19 11:31:54,799 [960c4e8b-33b7-499e-a18c-f6fdada6657f@group-DE3AAA40FC3F:LeaderElection68] INFO  server.RaftServerConfigKeys (ConfUtils.java:logGet(43)) - raft.server.write.element-limit = 4096 (default)
2019-09-19 11:31:54,799 [960c4e8b-33b7-499e-a18c-f6fdada6657f@group-DE3AAA40FC3F:LeaderElection68] INFO  server.RaftServerConfigKeys (ConfUtils.java:logGet(43)) - raft.server.watch.timeout = 10s (default)
2019-09-19 11:31:54,799 [960c4e8b-33b7-499e-a18c-f6fdada6657f@group-DE3AAA40FC3F:LeaderElection68] INFO  server.RaftServerConfigKeys (ConfUtils.java:logGet(43)) - raft.server.watch.timeout.denomination = 1s (default)
2019-09-19 11:31:54,799 [960c4e8b-33b7-499e-a18c-f6fdada6657f@group-DE3AAA40FC3F:LeaderElection68] INFO  server.RaftServerConfigKeys (ConfUtils.java:logGet(43)) - raft.server.watch.element-limit = 65536 (default)
2019-09-19 11:31:54,803 [960c4e8b-33b7-499e-a18c-f6fdada6657f@group-DE3AAA40FC3F:LeaderElection68] INFO  impl.RoleInfo (RoleInfo.java:updateAndGet(143)) - 960c4e8b-33b7-499e-a18c-f6fdada6657f: start LeaderState
2019-09-19 11:31:54,804 [960c4e8b-33b7-499e-a18c-f6fdada6657f@group-DE3AAA40FC3F:LeaderElection68] INFO  segmented.SegmentedRaftLogWorker (SegmentedRaftLogWorker.java:startLogSegment(380)) - 960c4e8b-33b7-499e-a18c-f6fdada6657f@group-DE3AAA40FC3F-SegmentedRaftLogWorker: Starting segment from index:0
2019-09-19 11:31:54,804 [960c4e8b-33b7-499e-a18c-f6fdada6657f@group-DE3AAA40FC3F:LeaderElection68] INFO  impl.RaftServerImpl (ServerState.java:setRaftConf(354)) - 960c4e8b-33b7-499e-a18c-f6fdada6657f@group-DE3AAA40FC3F: set configuration 0: [960c4e8b-33b7-499e-a18c-f6fdada6657f:192.168.151.78:45831], old=null at 0
2019-09-19 11:31:54,864 [Thread-3063] INFO  impl.FollowerState (FollowerState.java:run(106)) - c3650528-2518-482e-bbf8-bc89690c370c:group-A87158ADB71B changes to CANDIDATE, lastRpcTime:5129, electionTimeout:5129ms
2019-09-19 11:31:54,864 [Thread-3063] INFO  impl.RoleInfo (RoleInfo.java:shutdownFollowerState(121)) - c3650528-2518-482e-bbf8-bc89690c370c: shutdown FollowerState
2019-09-19 11:31:54,864 [Thread-3063] INFO  impl.RaftServerImpl (RaftServerImpl.java:setRole(174)) - c3650528-2518-482e-bbf8-bc89690c370c@group-A87158ADB71B: changes role from  FOLLOWER to CANDIDATE at term 0 for changeToCandidate
2019-09-19 11:31:54,864 [Thread-3063] INFO  impl.RoleInfo (RoleInfo.java:updateAndGet(143)) - c3650528-2518-482e-bbf8-bc89690c370c: start LeaderElection
2019-09-19 11:31:54,886 [Thread-3069] INFO  impl.FollowerState (FollowerState.java:run(106)) - 21a74dd4-9923-453c-baf9-ae5746c9b858:group-5C087F3A6113 changes to CANDIDATE, lastRpcTime:5038, electionTimeout:5038ms
2019-09-19 11:31:54,886 [Thread-3069] INFO  impl.RoleInfo (RoleInfo.java:shutdownFollowerState(121)) - 21a74dd4-9923-453c-baf9-ae5746c9b858: shutdown FollowerState
2019-09-19 11:31:54,886 [Thread-3069] INFO  impl.RaftServerImpl (RaftServerImpl.java:setRole(174)) - 21a74dd4-9923-453c-baf9-ae5746c9b858@group-5C087F3A6113: changes role from  FOLLOWER to CANDIDATE at term 0 for changeToCandidate
2019-09-19 11:31:54,886 [Thread-3069] INFO  impl.RoleInfo (RoleInfo.java:updateAndGet(143)) - 21a74dd4-9923-453c-baf9-ae5746c9b858: start LeaderElection
2019-09-19 11:31:54,898 [960c4e8b-33b7-499e-a18c-f6fdada6657f@group-DE3AAA40FC3F-SegmentedRaftLogWorker] INFO  segmented.SegmentedRaftLogWorker (SegmentedRaftLogWorker.java:execute(569)) - 960c4e8b-33b7-499e-a18c-f6fdada6657f@group-DE3AAA40FC3F-SegmentedRaftLogWorker: created new log segment /workdir/hadoop-ozone/integration-test/target/test-dir/MiniOzoneClusterImpl-6da57ec2-366d-4ea4-a605-9b5cf4b6fb5d/datanode-0/data/ratis/eec250ed-8d8a-4936-9d81-de3aaa40fc3f/current/log_inprogress_0
2019-09-19 11:31:54,919 [21a74dd4-9923-453c-baf9-ae5746c9b858@group-5C087F3A6113:LeaderElection70] INFO  impl.LeaderElection (LeaderElection.java:askForVotes(182)) - 21a74dd4-9923-453c-baf9-ae5746c9b858@group-5C087F3A6113:LeaderElection70: begin an election at term 1 for -1: [21a74dd4-9923-453c-baf9-ae5746c9b858:192.168.151.78:33961], old=null
2019-09-19 11:31:54,919 [c3650528-2518-482e-bbf8-bc89690c370c@group-A87158ADB71B:LeaderElection69] INFO  impl.LeaderElection (LeaderElection.java:askForVotes(182)) - c3650528-2518-482e-bbf8-bc89690c370c@group-A87158ADB71B:LeaderElection69: begin an election at term 1 for -1: [c3650528-2518-482e-bbf8-bc89690c370c:192.168.151.78:33979], old=null
2019-09-19 11:31:54,919 [21a74dd4-9923-453c-baf9-ae5746c9b858@group-5C087F3A6113:LeaderElection70] INFO  impl.RoleInfo (RoleInfo.java:shutdownLeaderElection(134)) - 21a74dd4-9923-453c-baf9-ae5746c9b858: shutdown LeaderElection
2019-09-19 11:31:54,920 [c3650528-2518-482e-bbf8-bc89690c370c@group-A87158ADB71B:LeaderElection69] INFO  impl.RoleInfo (RoleInfo.java:shutdownLeaderElection(134)) - c3650528-2518-482e-bbf8-bc89690c370c: shutdown LeaderElection
2019-09-19 11:31:54,920 [21a74dd4-9923-453c-baf9-ae5746c9b858@group-5C087F3A6113:LeaderElection70] INFO  impl.RaftServerImpl (RaftServerImpl.java:setRole(174)) - 21a74dd4-9923-453c-baf9-ae5746c9b858@group-5C087F3A6113: changes role from CANDIDATE to LEADER at term 1 for changeToLeader
2019-09-19 11:31:54,920 [c3650528-2518-482e-bbf8-bc89690c370c@group-A87158ADB71B:LeaderElection69] INFO  impl.RaftServerImpl (RaftServerImpl.java:setRole(174)) - c3650528-2518-482e-bbf8-bc89690c370c@group-A87158ADB71B: changes role from CANDIDATE to LEADER at term 1 for changeToLeader
2019-09-19 11:31:54,920 [21a74dd4-9923-453c-baf9-ae5746c9b858@group-5C087F3A6113:LeaderElection70] INFO  impl.RaftServerImpl (ServerState.java:setLeader(253)) - 21a74dd4-9923-453c-baf9-ae5746c9b858@group-5C087F3A6113: change Leader from null to 21a74dd4-9923-453c-baf9-ae5746c9b858 at term 1 for becomeLeader, leader elected after 5077ms
2019-09-19 11:31:54,920 [c3650528-2518-482e-bbf8-bc89690c370c@group-A87158ADB71B:LeaderElection69] INFO  impl.RaftServerImpl (ServerState.java:setLeader(253)) - c3650528-2518-482e-bbf8-bc89690c370c@group-A87158ADB71B: change Leader from null to c3650528-2518-482e-bbf8-bc89690c370c at term 1 for becomeLeader, leader elected after 5191ms
2019-09-19 11:31:54,920 [21a74dd4-9923-453c-baf9-ae5746c9b858@group-5C087F3A6113:LeaderElection70] INFO  server.RaftServerConfigKeys (ConfUtils.java:logGet(43)) - raft.server.staging.catchup.gap = 1000 (default)
2019-09-19 11:31:54,920 [c3650528-2518-482e-bbf8-bc89690c370c@group-A87158ADB71B:LeaderElection69] INFO  server.RaftServerConfigKeys (ConfUtils.java:logGet(43)) - raft.server.staging.catchup.gap = 1000 (default)
2019-09-19 11:31:54,920 [21a74dd4-9923-453c-baf9-ae5746c9b858@group-5C087F3A6113:LeaderElection70] INFO  server.RaftServerConfigKeys (ConfUtils.java:logGet(43)) - raft.server.rpc.sleep.time = 25ms (default)
2019-09-19 11:31:54,921 [c3650528-2518-482e-bbf8-bc89690c370c@group-A87158ADB71B:LeaderElection69] INFO  server.RaftServerConfigKeys (ConfUtils.java:logGet(43)) - raft.server.rpc.sleep.time = 25ms (default)
2019-09-19 11:31:54,921 [21a74dd4-9923-453c-baf9-ae5746c9b858@group-5C087F3A6113:LeaderElection70] INFO  server.RaftServerConfigKeys (ConfUtils.java:logGet(43)) - raft.server.write.element-limit = 4096 (default)
2019-09-19 11:31:54,921 [c3650528-2518-482e-bbf8-bc89690c370c@group-A87158ADB71B:LeaderElection69] INFO  server.RaftServerConfigKeys (ConfUtils.java:logGet(43)) - raft.server.write.element-limit = 4096 (default)
2019-09-19 11:31:54,921 [21a74dd4-9923-453c-baf9-ae5746c9b858@group-5C087F3A6113:LeaderElection70] INFO  server.RaftServerConfigKeys (ConfUtils.java:logGet(43)) - raft.server.watch.timeout = 10s (default)
2019-09-19 11:31:54,921 [c3650528-2518-482e-bbf8-bc89690c370c@group-A87158ADB71B:LeaderElection69] INFO  server.RaftServerConfigKeys (ConfUtils.java:logGet(43)) - raft.server.watch.timeout = 10s (default)
2019-09-19 11:31:54,921 [21a74dd4-9923-453c-baf9-ae5746c9b858@group-5C087F3A6113:LeaderElection70] INFO  server.RaftServerConfigKeys (ConfUtils.java:logGet(43)) - raft.server.watch.timeout.denomination = 1s (default)
2019-09-19 11:31:54,921 [c3650528-2518-482e-bbf8-bc89690c370c@group-A87158ADB71B:LeaderElection69] INFO  server.RaftServerConfigKeys (ConfUtils.java:logGet(43)) - raft.server.watch.timeout.denomination = 1s (default)
2019-09-19 11:31:54,922 [21a74dd4-9923-453c-baf9-ae5746c9b858@group-5C087F3A6113:LeaderElection70] INFO  server.RaftServerConfigKeys (ConfUtils.java:logGet(43)) - raft.server.watch.element-limit = 65536 (default)
2019-09-19 11:31:54,922 [c3650528-2518-482e-bbf8-bc89690c370c@group-A87158ADB71B:LeaderElection69] INFO  server.RaftServerConfigKeys (ConfUtils.java:logGet(43)) - raft.server.watch.element-limit = 65536 (default)
2019-09-19 11:31:54,925 [21a74dd4-9923-453c-baf9-ae5746c9b858@group-5C087F3A6113:LeaderElection70] INFO  impl.RoleInfo (RoleInfo.java:updateAndGet(143)) - 21a74dd4-9923-453c-baf9-ae5746c9b858: start LeaderState
2019-09-19 11:31:54,925 [21a74dd4-9923-453c-baf9-ae5746c9b858@group-5C087F3A6113:LeaderElection70] INFO  segmented.SegmentedRaftLogWorker (SegmentedRaftLogWorker.java:startLogSegment(380)) - 21a74dd4-9923-453c-baf9-ae5746c9b858@group-5C087F3A6113-SegmentedRaftLogWorker: Starting segment from index:0
2019-09-19 11:31:54,925 [c3650528-2518-482e-bbf8-bc89690c370c@group-A87158ADB71B:LeaderElection69] INFO  impl.RoleInfo (RoleInfo.java:updateAndGet(143)) - c3650528-2518-482e-bbf8-bc89690c370c: start LeaderState
2019-09-19 11:31:54,926 [c3650528-2518-482e-bbf8-bc89690c370c@group-A87158ADB71B:LeaderElection69] INFO  segmented.SegmentedRaftLogWorker (SegmentedRaftLogWorker.java:startLogSegment(380)) - c3650528-2518-482e-bbf8-bc89690c370c@group-A87158ADB71B-SegmentedRaftLogWorker: Starting segment from index:0
2019-09-19 11:31:54,926 [21a74dd4-9923-453c-baf9-ae5746c9b858@group-5C087F3A6113:LeaderElection70] INFO  impl.RaftServerImpl (ServerState.java:setRaftConf(354)) - 21a74dd4-9923-453c-baf9-ae5746c9b858@group-5C087F3A6113: set configuration 0: [21a74dd4-9923-453c-baf9-ae5746c9b858:192.168.151.78:33961], old=null at 0
2019-09-19 11:31:54,926 [c3650528-2518-482e-bbf8-bc89690c370c@group-A87158ADB71B:LeaderElection69] INFO  impl.RaftServerImpl (ServerState.java:setRaftConf(354)) - c3650528-2518-482e-bbf8-bc89690c370c@group-A87158ADB71B: set configuration 0: [c3650528-2518-482e-bbf8-bc89690c370c:192.168.151.78:33979], old=null at 0
2019-09-19 11:31:54,990 [Thread-3066] INFO  impl.FollowerState (FollowerState.java:run(106)) - b6529db3-123b-4be0-a0cb-0e56f9592f33:group-66FDB4855001 changes to CANDIDATE, lastRpcTime:5211, electionTimeout:5148ms
2019-09-19 11:31:54,990 [Thread-3066] INFO  impl.RoleInfo (RoleInfo.java:shutdownFollowerState(121)) - b6529db3-123b-4be0-a0cb-0e56f9592f33: shutdown FollowerState
2019-09-19 11:31:54,990 [Thread-3066] INFO  impl.RaftServerImpl (RaftServerImpl.java:setRole(174)) - b6529db3-123b-4be0-a0cb-0e56f9592f33@group-66FDB4855001: changes role from  FOLLOWER to CANDIDATE at term 0 for changeToCandidate
2019-09-19 11:31:54,991 [Thread-3066] INFO  impl.RoleInfo (RoleInfo.java:updateAndGet(143)) - b6529db3-123b-4be0-a0cb-0e56f9592f33: start LeaderElection
2019-09-19 11:31:55,001 [21a74dd4-9923-453c-baf9-ae5746c9b858@group-5C087F3A6113-SegmentedRaftLogWorker] INFO  segmented.SegmentedRaftLogWorker (SegmentedRaftLogWorker.java:execute(569)) - 21a74dd4-9923-453c-baf9-ae5746c9b858@group-5C087F3A6113-SegmentedRaftLogWorker: created new log segment /workdir/hadoop-ozone/integration-test/target/test-dir/MiniOzoneClusterImpl-6da57ec2-366d-4ea4-a605-9b5cf4b6fb5d/datanode-4/data/ratis/07e952c3-1073-4550-b951-5c087f3a6113/current/log_inprogress_0
2019-09-19 11:31:55,013 [c3650528-2518-482e-bbf8-bc89690c370c@group-A87158ADB71B-SegmentedRaftLogWorker] INFO  segmented.SegmentedRaftLogWorker (SegmentedRaftLogWorker.java:execute(569)) - c3650528-2518-482e-bbf8-bc89690c370c@group-A87158ADB71B-SegmentedRaftLogWorker: created new log segment /workdir/hadoop-ozone/integration-test/target/test-dir/MiniOzoneClusterImpl-6da57ec2-366d-4ea4-a605-9b5cf4b6fb5d/datanode-2/data/ratis/6be788ce-3752-4425-bd74-a87158adb71b/current/log_inprogress_0
2019-09-19 11:31:55,013 [b6529db3-123b-4be0-a0cb-0e56f9592f33@group-66FDB4855001:LeaderElection71] INFO  impl.LeaderElection (LeaderElection.java:askForVotes(182)) - b6529db3-123b-4be0-a0cb-0e56f9592f33@group-66FDB4855001:LeaderElection71: begin an election at term 1 for -1: [b6529db3-123b-4be0-a0cb-0e56f9592f33:192.168.151.78:37948], old=null
2019-09-19 11:31:55,013 [b6529db3-123b-4be0-a0cb-0e56f9592f33@group-66FDB4855001:LeaderElection71] INFO  impl.RoleInfo (RoleInfo.java:shutdownLeaderElection(134)) - b6529db3-123b-4be0-a0cb-0e56f9592f33: shutdown LeaderElection
2019-09-19 11:31:55,013 [b6529db3-123b-4be0-a0cb-0e56f9592f33@group-66FDB4855001:LeaderElection71] INFO  impl.RaftServerImpl (RaftServerImpl.java:setRole(174)) - b6529db3-123b-4be0-a0cb-0e56f9592f33@group-66FDB4855001: changes role from CANDIDATE to LEADER at term 1 for changeToLeader
2019-09-19 11:31:55,013 [b6529db3-123b-4be0-a0cb-0e56f9592f33@group-66FDB4855001:LeaderElection71] INFO  impl.RaftServerImpl (ServerState.java:setLeader(253)) - b6529db3-123b-4be0-a0cb-0e56f9592f33@group-66FDB4855001: change Leader from null to b6529db3-123b-4be0-a0cb-0e56f9592f33 at term 1 for becomeLeader, leader elected after 5242ms
2019-09-19 11:31:55,013 [b6529db3-123b-4be0-a0cb-0e56f9592f33@group-66FDB4855001:LeaderElection71] INFO  server.RaftServerConfigKeys (ConfUtils.java:logGet(43)) - raft.server.staging.catchup.gap = 1000 (default)
2019-09-19 11:31:55,013 [b6529db3-123b-4be0-a0cb-0e56f9592f33@group-66FDB4855001:LeaderElection71] INFO  server.RaftServerConfigKeys (ConfUtils.java:logGet(43)) - raft.server.rpc.sleep.time = 25ms (default)
2019-09-19 11:31:55,014 [b6529db3-123b-4be0-a0cb-0e56f9592f33@group-66FDB4855001:LeaderElection71] INFO  server.RaftServerConfigKeys (ConfUtils.java:logGet(43)) - raft.server.write.element-limit = 4096 (default)
2019-09-19 11:31:55,014 [b6529db3-123b-4be0-a0cb-0e56f9592f33@group-66FDB4855001:LeaderElection71] INFO  server.RaftServerConfigKeys (ConfUtils.java:logGet(43)) - raft.server.watch.timeout = 10s (default)
2019-09-19 11:31:55,014 [b6529db3-123b-4be0-a0cb-0e56f9592f33@group-66FDB4855001:LeaderElection71] INFO  server.RaftServerConfigKeys (ConfUtils.java:logGet(43)) - raft.server.watch.timeout.denomination = 1s (default)
2019-09-19 11:31:55,014 [b6529db3-123b-4be0-a0cb-0e56f9592f33@group-66FDB4855001:LeaderElection71] INFO  server.RaftServerConfigKeys (ConfUtils.java:logGet(43)) - raft.server.watch.element-limit = 65536 (default)
2019-09-19 11:31:55,016 [b6529db3-123b-4be0-a0cb-0e56f9592f33@group-66FDB4855001:LeaderElection71] INFO  impl.RoleInfo (RoleInfo.java:updateAndGet(143)) - b6529db3-123b-4be0-a0cb-0e56f9592f33: start LeaderState
2019-09-19 11:31:55,016 [b6529db3-123b-4be0-a0cb-0e56f9592f33@group-66FDB4855001:LeaderElection71] INFO  segmented.SegmentedRaftLogWorker (SegmentedRaftLogWorker.java:startLogSegment(380)) - b6529db3-123b-4be0-a0cb-0e56f9592f33@group-66FDB4855001-SegmentedRaftLogWorker: Starting segment from index:0
2019-09-19 11:31:55,016 [b6529db3-123b-4be0-a0cb-0e56f9592f33@group-66FDB4855001:LeaderElection71] INFO  impl.RaftServerImpl (ServerState.java:setRaftConf(354)) - b6529db3-123b-4be0-a0cb-0e56f9592f33@group-66FDB4855001: set configuration 0: [b6529db3-123b-4be0-a0cb-0e56f9592f33:192.168.151.78:37948], old=null at 0
2019-09-19 11:31:55,070 [b6529db3-123b-4be0-a0cb-0e56f9592f33@group-66FDB4855001-SegmentedRaftLogWorker] INFO  segmented.SegmentedRaftLogWorker (SegmentedRaftLogWorker.java:execute(569)) - b6529db3-123b-4be0-a0cb-0e56f9592f33@group-66FDB4855001-SegmentedRaftLogWorker: created new log segment /workdir/hadoop-ozone/integration-test/target/test-dir/MiniOzoneClusterImpl-6da57ec2-366d-4ea4-a605-9b5cf4b6fb5d/datanode-3/data/ratis/4ff2981d-7c66-4ae4-bae9-66fdb4855001/current/log_inprogress_0
2019-09-19 11:31:55,097 [Thread-3074] INFO  impl.FollowerState (FollowerState.java:run(106)) - 758fd404-57a5-4b75-8be9-0c6c712b0af9:group-DBDFF199F5B1 changes to CANDIDATE, lastRpcTime:5178, electionTimeout:5178ms
2019-09-19 11:31:55,097 [Thread-3074] INFO  impl.RoleInfo (RoleInfo.java:shutdownFollowerState(121)) - 758fd404-57a5-4b75-8be9-0c6c712b0af9: shutdown FollowerState
2019-09-19 11:31:55,097 [Thread-3074] INFO  impl.RaftServerImpl (RaftServerImpl.java:setRole(174)) - 758fd404-57a5-4b75-8be9-0c6c712b0af9@group-DBDFF199F5B1: changes role from  FOLLOWER to CANDIDATE at term 0 for changeToCandidate
2019-09-19 11:31:55,097 [Thread-3074] INFO  impl.RoleInfo (RoleInfo.java:updateAndGet(143)) - 758fd404-57a5-4b75-8be9-0c6c712b0af9: start LeaderElection
2019-09-19 11:31:55,134 [Thread-3085] INFO  impl.FollowerState (FollowerState.java:run(106)) - 21a74dd4-9923-453c-baf9-ae5746c9b858:group-53DD671D10C1 changes to CANDIDATE, lastRpcTime:5085, electionTimeout:5085ms
2019-09-19 11:31:55,134 [Thread-3085] INFO  impl.RoleInfo (RoleInfo.java:shutdownFollowerState(121)) - 21a74dd4-9923-453c-baf9-ae5746c9b858: shutdown FollowerState
2019-09-19 11:31:55,134 [Thread-3085] INFO  impl.RaftServerImpl (RaftServerImpl.java:setRole(174)) - 21a74dd4-9923-453c-baf9-ae5746c9b858@group-53DD671D10C1: changes role from  FOLLOWER to CANDIDATE at term 0 for changeToCandidate
2019-09-19 11:31:55,134 [Thread-3085] INFO  impl.RoleInfo (RoleInfo.java:updateAndGet(143)) - 21a74dd4-9923-453c-baf9-ae5746c9b858: start LeaderElection
2019-09-19 11:31:55,148 [Thread-3077] INFO  impl.FollowerState (FollowerState.java:run(106)) - 1b68dfce-262f-42a0-abb7-01256e4dd628:group-7CCE99C0872F changes to CANDIDATE, lastRpcTime:5168, electionTimeout:5168ms
2019-09-19 11:31:55,149 [Thread-3077] INFO  impl.RoleInfo (RoleInfo.java:shutdownFollowerState(121)) - 1b68dfce-262f-42a0-abb7-01256e4dd628: shutdown FollowerState
2019-09-19 11:31:55,149 [Thread-3077] INFO  impl.RaftServerImpl (RaftServerImpl.java:setRole(174)) - 1b68dfce-262f-42a0-abb7-01256e4dd628@group-7CCE99C0872F: changes role from  FOLLOWER to CANDIDATE at term 0 for changeToCandidate
2019-09-19 11:31:55,149 [Thread-3077] INFO  impl.RoleInfo (RoleInfo.java:updateAndGet(143)) - 1b68dfce-262f-42a0-abb7-01256e4dd628: start LeaderElection
2019-09-19 11:31:55,168 [758fd404-57a5-4b75-8be9-0c6c712b0af9@group-DBDFF199F5B1:LeaderElection72] INFO  impl.LeaderElection (LeaderElection.java:askForVotes(182)) - 758fd404-57a5-4b75-8be9-0c6c712b0af9@group-DBDFF199F5B1:LeaderElection72: begin an election at term 1 for -1: [758fd404-57a5-4b75-8be9-0c6c712b0af9:192.168.151.78:36913], old=null
2019-09-19 11:31:55,168 [758fd404-57a5-4b75-8be9-0c6c712b0af9@group-DBDFF199F5B1:LeaderElection72] INFO  impl.RoleInfo (RoleInfo.java:shutdownLeaderElection(134)) - 758fd404-57a5-4b75-8be9-0c6c712b0af9: shutdown LeaderElection
2019-09-19 11:31:55,168 [758fd404-57a5-4b75-8be9-0c6c712b0af9@group-DBDFF199F5B1:LeaderElection72] INFO  impl.RaftServerImpl (RaftServerImpl.java:setRole(174)) - 758fd404-57a5-4b75-8be9-0c6c712b0af9@group-DBDFF199F5B1: changes role from CANDIDATE to LEADER at term 1 for changeToLeader
2019-09-19 11:31:55,168 [758fd404-57a5-4b75-8be9-0c6c712b0af9@group-DBDFF199F5B1:LeaderElection72] INFO  impl.RaftServerImpl (ServerState.java:setLeader(253)) - 758fd404-57a5-4b75-8be9-0c6c712b0af9@group-DBDFF199F5B1: change Leader from null to 758fd404-57a5-4b75-8be9-0c6c712b0af9 at term 1 for becomeLeader, leader elected after 5254ms
2019-09-19 11:31:55,168 [21a74dd4-9923-453c-baf9-ae5746c9b858@group-53DD671D10C1:LeaderElection73] INFO  impl.LeaderElection (LeaderElection.java:askForVotes(182)) - 21a74dd4-9923-453c-baf9-ae5746c9b858@group-53DD671D10C1:LeaderElection73: begin an election at term 1 for -1: [21a74dd4-9923-453c-baf9-ae5746c9b858:192.168.151.78:33961, 960c4e8b-33b7-499e-a18c-f6fdada6657f:192.168.151.78:45831, 21a9a8a2-1bc1-4e0b-a545-20246312a195:192.168.151.78:36774], old=null
2019-09-19 11:31:55,168 [758fd404-57a5-4b75-8be9-0c6c712b0af9@group-DBDFF199F5B1:LeaderElection72] INFO  server.RaftServerConfigKeys (ConfUtils.java:logGet(43)) - raft.server.staging.catchup.gap = 1000 (default)
2019-09-19 11:31:55,168 [1b68dfce-262f-42a0-abb7-01256e4dd628@group-7CCE99C0872F:LeaderElection74] INFO  impl.LeaderElection (LeaderElection.java:askForVotes(182)) - 1b68dfce-262f-42a0-abb7-01256e4dd628@group-7CCE99C0872F:LeaderElection74: begin an election at term 1 for -1: [1b68dfce-262f-42a0-abb7-01256e4dd628:192.168.151.78:36325], old=null
2019-09-19 11:31:55,168 [758fd404-57a5-4b75-8be9-0c6c712b0af9@group-DBDFF199F5B1:LeaderElection72] INFO  server.RaftServerConfigKeys (ConfUtils.java:logGet(43)) - raft.server.rpc.sleep.time = 25ms (default)
2019-09-19 11:31:55,169 [1b68dfce-262f-42a0-abb7-01256e4dd628@group-7CCE99C0872F:LeaderElection74] INFO  impl.RoleInfo (RoleInfo.java:shutdownLeaderElection(134)) - 1b68dfce-262f-42a0-abb7-01256e4dd628: shutdown LeaderElection
2019-09-19 11:31:55,169 [758fd404-57a5-4b75-8be9-0c6c712b0af9@group-DBDFF199F5B1:LeaderElection72] INFO  server.RaftServerConfigKeys (ConfUtils.java:logGet(43)) - raft.server.write.element-limit = 4096 (default)
2019-09-19 11:31:55,169 [1b68dfce-262f-42a0-abb7-01256e4dd628@group-7CCE99C0872F:LeaderElection74] INFO  impl.RaftServerImpl (RaftServerImpl.java:setRole(174)) - 1b68dfce-262f-42a0-abb7-01256e4dd628@group-7CCE99C0872F: changes role from CANDIDATE to LEADER at term 1 for changeToLeader
2019-09-19 11:31:55,169 [758fd404-57a5-4b75-8be9-0c6c712b0af9@group-DBDFF199F5B1:LeaderElection72] INFO  server.RaftServerConfigKeys (ConfUtils.java:logGet(43)) - raft.server.watch.timeout = 10s (default)
2019-09-19 11:31:55,169 [1b68dfce-262f-42a0-abb7-01256e4dd628@group-7CCE99C0872F:LeaderElection74] INFO  impl.RaftServerImpl (ServerState.java:setLeader(253)) - 1b68dfce-262f-42a0-abb7-01256e4dd628@group-7CCE99C0872F: change Leader from null to 1b68dfce-262f-42a0-abb7-01256e4dd628 at term 1 for becomeLeader, leader elected after 5193ms
2019-09-19 11:31:55,169 [758fd404-57a5-4b75-8be9-0c6c712b0af9@group-DBDFF199F5B1:LeaderElection72] INFO  server.RaftServerConfigKeys (ConfUtils.java:logGet(43)) - raft.server.watch.timeout.denomination = 1s (default)
2019-09-19 11:31:55,169 [1b68dfce-262f-42a0-abb7-01256e4dd628@group-7CCE99C0872F:LeaderElection74] INFO  server.RaftServerConfigKeys (ConfUtils.java:logGet(43)) - raft.server.staging.catchup.gap = 1000 (default)
2019-09-19 11:31:55,169 [758fd404-57a5-4b75-8be9-0c6c712b0af9@group-DBDFF199F5B1:LeaderElection72] INFO  server.RaftServerConfigKeys (ConfUtils.java:logGet(43)) - raft.server.watch.element-limit = 65536 (default)
2019-09-19 11:31:55,169 [1b68dfce-262f-42a0-abb7-01256e4dd628@group-7CCE99C0872F:LeaderElection74] INFO  server.RaftServerConfigKeys (ConfUtils.java:logGet(43)) - raft.server.rpc.sleep.time = 25ms (default)
2019-09-19 11:31:55,170 [1b68dfce-262f-42a0-abb7-01256e4dd628@group-7CCE99C0872F:LeaderElection74] INFO  server.RaftServerConfigKeys (ConfUtils.java:logGet(43)) - raft.server.write.element-limit = 4096 (default)
2019-09-19 11:31:55,170 [1b68dfce-262f-42a0-abb7-01256e4dd628@group-7CCE99C0872F:LeaderElection74] INFO  server.RaftServerConfigKeys (ConfUtils.java:logGet(43)) - raft.server.watch.timeout = 10s (default)
2019-09-19 11:31:55,170 [1b68dfce-262f-42a0-abb7-01256e4dd628@group-7CCE99C0872F:LeaderElection74] INFO  server.RaftServerConfigKeys (ConfUtils.java:logGet(43)) - raft.server.watch.timeout.denomination = 1s (default)
2019-09-19 11:31:55,170 [1b68dfce-262f-42a0-abb7-01256e4dd628@group-7CCE99C0872F:LeaderElection74] INFO  server.RaftServerConfigKeys (ConfUtils.java:logGet(43)) - raft.server.watch.element-limit = 65536 (default)
2019-09-19 11:31:55,172 [758fd404-57a5-4b75-8be9-0c6c712b0af9@group-DBDFF199F5B1:LeaderElection72] INFO  impl.RoleInfo (RoleInfo.java:updateAndGet(143)) - 758fd404-57a5-4b75-8be9-0c6c712b0af9: start LeaderState
2019-09-19 11:31:55,173 [1b68dfce-262f-42a0-abb7-01256e4dd628@group-7CCE99C0872F:LeaderElection74] INFO  impl.RoleInfo (RoleInfo.java:updateAndGet(143)) - 1b68dfce-262f-42a0-abb7-01256e4dd628: start LeaderState
2019-09-19 11:31:55,173 [758fd404-57a5-4b75-8be9-0c6c712b0af9@group-DBDFF199F5B1:LeaderElection72] INFO  segmented.SegmentedRaftLogWorker (SegmentedRaftLogWorker.java:startLogSegment(380)) - 758fd404-57a5-4b75-8be9-0c6c712b0af9@group-DBDFF199F5B1-SegmentedRaftLogWorker: Starting segment from index:0
2019-09-19 11:31:55,173 [1b68dfce-262f-42a0-abb7-01256e4dd628@group-7CCE99C0872F:LeaderElection74] INFO  segmented.SegmentedRaftLogWorker (SegmentedRaftLogWorker.java:startLogSegment(380)) - 1b68dfce-262f-42a0-abb7-01256e4dd628@group-7CCE99C0872F-SegmentedRaftLogWorker: Starting segment from index:0
2019-09-19 11:31:55,173 [grpc-default-executor-0] INFO  impl.RaftServerImpl (RaftServerImpl.java:setRole(174)) - 960c4e8b-33b7-499e-a18c-f6fdada6657f@group-53DD671D10C1: changes role from  FOLLOWER to FOLLOWER at term 1 for recognizeCandidate:21a74dd4-9923-453c-baf9-ae5746c9b858
2019-09-19 11:31:55,173 [758fd404-57a5-4b75-8be9-0c6c712b0af9@group-DBDFF199F5B1:LeaderElection72] INFO  impl.RaftServerImpl (ServerState.java:setRaftConf(354)) - 758fd404-57a5-4b75-8be9-0c6c712b0af9@group-DBDFF199F5B1: set configuration 0: [758fd404-57a5-4b75-8be9-0c6c712b0af9:192.168.151.78:36913], old=null at 0
2019-09-19 11:31:55,173 [grpc-default-executor-9] INFO  impl.RaftServerImpl (RaftServerImpl.java:setRole(174)) - 21a9a8a2-1bc1-4e0b-a545-20246312a195@group-53DD671D10C1: changes role from  FOLLOWER to FOLLOWER at term 1 for recognizeCandidate:21a74dd4-9923-453c-baf9-ae5746c9b858
2019-09-19 11:31:55,179 [grpc-default-executor-9] INFO  impl.RoleInfo (RoleInfo.java:shutdownFollowerState(121)) - 21a9a8a2-1bc1-4e0b-a545-20246312a195: shutdown FollowerState
2019-09-19 11:31:55,173 [1b68dfce-262f-42a0-abb7-01256e4dd628@group-7CCE99C0872F:LeaderElection74] INFO  impl.RaftServerImpl (ServerState.java:setRaftConf(354)) - 1b68dfce-262f-42a0-abb7-01256e4dd628@group-7CCE99C0872F: set configuration 0: [1b68dfce-262f-42a0-abb7-01256e4dd628:192.168.151.78:36325], old=null at 0
2019-09-19 11:31:55,177 [grpc-default-executor-0] INFO  impl.RoleInfo (RoleInfo.java:shutdownFollowerState(121)) - 960c4e8b-33b7-499e-a18c-f6fdada6657f: shutdown FollowerState
2019-09-19 11:31:55,221 [Thread-3080] INFO  impl.FollowerState (FollowerState.java:run(115)) - 21a9a8a2-1bc1-4e0b-a545-20246312a195: FollowerState was interrupted: java.lang.InterruptedException: sleep interrupted
2019-09-19 11:31:55,219 [Thread-3094] INFO  impl.FollowerState (FollowerState.java:run(106)) - b6529db3-123b-4be0-a0cb-0e56f9592f33:group-79AA6148534A changes to CANDIDATE, lastRpcTime:5091, electionTimeout:5060ms
2019-09-19 11:31:55,219 [Thread-3093] INFO  impl.FollowerState (FollowerState.java:run(106)) - c3650528-2518-482e-bbf8-bc89690c370c:group-79AA6148534A changes to CANDIDATE, lastRpcTime:5091, electionTimeout:5073ms
2019-09-19 11:31:55,179 [grpc-default-executor-9] INFO  impl.RoleInfo (RoleInfo.java:updateAndGet(143)) - 21a9a8a2-1bc1-4e0b-a545-20246312a195: start FollowerState
2019-09-19 11:31:55,223 [Thread-3094] INFO  impl.RoleInfo (RoleInfo.java:shutdownFollowerState(121)) - b6529db3-123b-4be0-a0cb-0e56f9592f33: shutdown FollowerState
2019-09-19 11:31:55,223 [Thread-3093] INFO  impl.RoleInfo (RoleInfo.java:shutdownFollowerState(121)) - c3650528-2518-482e-bbf8-bc89690c370c: shutdown FollowerState
2019-09-19 11:31:55,221 [grpc-default-executor-0] INFO  impl.RoleInfo (RoleInfo.java:updateAndGet(143)) - 960c4e8b-33b7-499e-a18c-f6fdada6657f: start FollowerState
2019-09-19 11:31:55,223 [Thread-3094] INFO  impl.RaftServerImpl (RaftServerImpl.java:setRole(174)) - b6529db3-123b-4be0-a0cb-0e56f9592f33@group-79AA6148534A: changes role from  FOLLOWER to CANDIDATE at term 0 for changeToCandidate
2019-09-19 11:31:55,223 [Thread-3093] INFO  impl.RaftServerImpl (RaftServerImpl.java:setRole(174)) - c3650528-2518-482e-bbf8-bc89690c370c@group-79AA6148534A: changes role from  FOLLOWER to CANDIDATE at term 0 for changeToCandidate
2019-09-19 11:31:55,224 [Thread-3093] INFO  impl.RoleInfo (RoleInfo.java:updateAndGet(143)) - c3650528-2518-482e-bbf8-bc89690c370c: start LeaderElection
2019-09-19 11:31:55,224 [Thread-3094] INFO  impl.RoleInfo (RoleInfo.java:updateAndGet(143)) - b6529db3-123b-4be0-a0cb-0e56f9592f33: start LeaderElection
2019-09-19 11:31:55,265 [grpc-default-executor-1] INFO  client.GrpcClientProtocolClient (GrpcClientProtocolClient.java:onNext(264)) - client-DF8585589FC5->b6529db3-123b-4be0-a0cb-0e56f9592f33: receive RaftClientReply:client-DF8585589FC5->b6529db3-123b-4be0-a0cb-0e56f9592f33@group-79AA6148534A, cid=183, FAILED org.apache.ratis.protocol.NotLeaderException: Server b6529db3-123b-4be0-a0cb-0e56f9592f33@group-79AA6148534A is not the leader, logIndex=0, commits[b6529db3-123b-4be0-a0cb-0e56f9592f33:c-1]
2019-09-19 11:31:55,269 [1b68dfce-262f-42a0-abb7-01256e4dd628@group-7CCE99C0872F-SegmentedRaftLogWorker] INFO  segmented.SegmentedRaftLogWorker (SegmentedRaftLogWorker.java:execute(569)) - 1b68dfce-262f-42a0-abb7-01256e4dd628@group-7CCE99C0872F-SegmentedRaftLogWorker: created new log segment /workdir/hadoop-ozone/integration-test/target/test-dir/MiniOzoneClusterImpl-6da57ec2-366d-4ea4-a605-9b5cf4b6fb5d/datanode-6/data/ratis/9d0d86d0-ad02-453a-8444-7cce99c0872f/current/log_inprogress_0
2019-09-19 11:31:55,270 [758fd404-57a5-4b75-8be9-0c6c712b0af9@group-DBDFF199F5B1-SegmentedRaftLogWorker] INFO  segmented.SegmentedRaftLogWorker (SegmentedRaftLogWorker.java:execute(569)) - 758fd404-57a5-4b75-8be9-0c6c712b0af9@group-DBDFF199F5B1-SegmentedRaftLogWorker: created new log segment /workdir/hadoop-ozone/integration-test/target/test-dir/MiniOzoneClusterImpl-6da57ec2-366d-4ea4-a605-9b5cf4b6fb5d/datanode-5/data/ratis/cc3f31eb-9a39-42ba-b2e1-dbdff199f5b1/current/log_inprogress_0
2019-09-19 11:31:55,270 [c3650528-2518-482e-bbf8-bc89690c370c@group-79AA6148534A:LeaderElection76] INFO  impl.LeaderElection (LeaderElection.java:askForVotes(182)) - c3650528-2518-482e-bbf8-bc89690c370c@group-79AA6148534A:LeaderElection76: begin an election at term 1 for -1: [c3650528-2518-482e-bbf8-bc89690c370c:192.168.151.78:33979, 758fd404-57a5-4b75-8be9-0c6c712b0af9:192.168.151.78:36913, b6529db3-123b-4be0-a0cb-0e56f9592f33:192.168.151.78:37948], old=null
2019-09-19 11:31:55,270 [b6529db3-123b-4be0-a0cb-0e56f9592f33@group-79AA6148534A:LeaderElection75] INFO  impl.LeaderElection (LeaderElection.java:askForVotes(182)) - b6529db3-123b-4be0-a0cb-0e56f9592f33@group-79AA6148534A:LeaderElection75: begin an election at term 1 for -1: [c3650528-2518-482e-bbf8-bc89690c370c:192.168.151.78:33979, 758fd404-57a5-4b75-8be9-0c6c712b0af9:192.168.151.78:36913, b6529db3-123b-4be0-a0cb-0e56f9592f33:192.168.151.78:37948], old=null
2019-09-19 11:31:55,280 [21a74dd4-9923-453c-baf9-ae5746c9b858@group-53DD671D10C1:LeaderElection73] INFO  impl.LeaderElection (LeaderElection.java:logAndReturn(56)) - 21a74dd4-9923-453c-baf9-ae5746c9b858@group-53DD671D10C1:LeaderElection73: Election PASSED; received 1 response(s) [21a74dd4-9923-453c-baf9-ae5746c9b858<-960c4e8b-33b7-499e-a18c-f6fdada6657f#0:OK-t1] and 0 exception(s); 21a74dd4-9923-453c-baf9-ae5746c9b858@group-53DD671D10C1:t1, leader=null, voted=21a74dd4-9923-453c-baf9-ae5746c9b858, raftlog=21a74dd4-9923-453c-baf9-ae5746c9b858@group-53DD671D10C1-SegmentedRaftLog:OPENED:c-1,f-1,i0, conf=-1: [21a74dd4-9923-453c-baf9-ae5746c9b858:192.168.151.78:33961, 960c4e8b-33b7-499e-a18c-f6fdada6657f:192.168.151.78:45831, 21a9a8a2-1bc1-4e0b-a545-20246312a195:192.168.151.78:36774], old=null
2019-09-19 11:31:55,280 [21a74dd4-9923-453c-baf9-ae5746c9b858@group-53DD671D10C1:LeaderElection73] INFO  impl.RoleInfo (RoleInfo.java:shutdownLeaderElection(134)) - 21a74dd4-9923-453c-baf9-ae5746c9b858: shutdown LeaderElection
2019-09-19 11:31:55,280 [21a74dd4-9923-453c-baf9-ae5746c9b858@group-53DD671D10C1:LeaderElection73] INFO  impl.RaftServerImpl (RaftServerImpl.java:setRole(174)) - 21a74dd4-9923-453c-baf9-ae5746c9b858@group-53DD671D10C1: changes role from CANDIDATE to LEADER at term 1 for changeToLeader
2019-09-19 11:31:55,280 [21a74dd4-9923-453c-baf9-ae5746c9b858@group-53DD671D10C1:LeaderElection73] INFO  impl.RaftServerImpl (ServerState.java:setLeader(253)) - 21a74dd4-9923-453c-baf9-ae5746c9b858@group-53DD671D10C1: change Leader from null to 21a74dd4-9923-453c-baf9-ae5746c9b858 at term 1 for becomeLeader, leader elected after 5246ms
2019-09-19 11:31:55,280 [21a74dd4-9923-453c-baf9-ae5746c9b858@group-53DD671D10C1:LeaderElection73] INFO  server.RaftServerConfigKeys (ConfUtils.java:logGet(43)) - raft.server.staging.catchup.gap = 1000 (default)
2019-09-19 11:31:55,282 [21a74dd4-9923-453c-baf9-ae5746c9b858@group-53DD671D10C1:LeaderElection73] INFO  server.RaftServerConfigKeys (ConfUtils.java:logGet(43)) - raft.server.rpc.sleep.time = 25ms (default)
2019-09-19 11:31:55,283 [21a74dd4-9923-453c-baf9-ae5746c9b858@group-53DD671D10C1:LeaderElection73] INFO  server.RaftServerConfigKeys (ConfUtils.java:logGet(43)) - raft.server.write.element-limit = 4096 (default)
2019-09-19 11:31:55,283 [21a74dd4-9923-453c-baf9-ae5746c9b858@group-53DD671D10C1:LeaderElection73] INFO  server.RaftServerConfigKeys (ConfUtils.java:logGet(43)) - raft.server.watch.timeout = 10s (default)
2019-09-19 11:31:55,283 [21a74dd4-9923-453c-baf9-ae5746c9b858@group-53DD671D10C1:LeaderElection73] INFO  server.RaftServerConfigKeys (ConfUtils.java:logGet(43)) - raft.server.watch.timeout.denomination = 1s (default)
2019-09-19 11:31:55,283 [21a74dd4-9923-453c-baf9-ae5746c9b858@group-53DD671D10C1:LeaderElection73] INFO  server.RaftServerConfigKeys (ConfUtils.java:logGet(43)) - raft.server.watch.element-limit = 65536 (default)
2019-09-19 11:31:55,284 [grpc-default-executor-9] INFO  impl.RaftServerImpl (RaftServerImpl.java:setRole(174)) - 758fd404-57a5-4b75-8be9-0c6c712b0af9@group-79AA6148534A: changes role from  FOLLOWER to FOLLOWER at term 1 for recognizeCandidate:c3650528-2518-482e-bbf8-bc89690c370c
2019-09-19 11:31:55,286 [grpc-default-executor-9] INFO  impl.RoleInfo (RoleInfo.java:shutdownFollowerState(121)) - 758fd404-57a5-4b75-8be9-0c6c712b0af9: shutdown FollowerState
2019-09-19 11:31:55,286 [grpc-default-executor-9] INFO  impl.RoleInfo (RoleInfo.java:updateAndGet(143)) - 758fd404-57a5-4b75-8be9-0c6c712b0af9: start FollowerState
2019-09-19 11:31:55,288 [Thread-3091] INFO  impl.FollowerState (FollowerState.java:run(115)) - 758fd404-57a5-4b75-8be9-0c6c712b0af9: FollowerState was interrupted: java.lang.InterruptedException: sleep interrupted
2019-09-19 11:31:55,294 [21a74dd4-9923-453c-baf9-ae5746c9b858@group-53DD671D10C1:LeaderElection73] INFO  server.RaftServerConfigKeys (ConfUtils.java:logGet(43)) - raft.server.log.appender.snapshot.chunk.size.max = 16MB (=16777216) (default)
2019-09-19 11:31:55,294 [21a74dd4-9923-453c-baf9-ae5746c9b858@group-53DD671D10C1:LeaderElection73] INFO  server.RaftServerConfigKeys (ConfUtils.java:logGet(43)) - raft.server.log.appender.buffer.byte-limit = 33554432 (custom)
2019-09-19 11:31:55,294 [21a74dd4-9923-453c-baf9-ae5746c9b858@group-53DD671D10C1:LeaderElection73] INFO  server.RaftServerConfigKeys (ConfUtils.java:logGet(43)) - raft.server.log.appender.buffer.element-limit = 1 (custom)
2019-09-19 11:31:55,295 [21a74dd4-9923-453c-baf9-ae5746c9b858@group-53DD671D10C1:LeaderElection73] INFO  grpc.GrpcConfigKeys$Server (ConfUtils.java:logGet(43)) - raft.grpc.server.leader.outstanding.appends.max = 128 (default)
2019-09-19 11:31:55,295 [21a74dd4-9923-453c-baf9-ae5746c9b858@group-53DD671D10C1:LeaderElection73] INFO  server.RaftServerConfigKeys (ConfUtils.java:logGet(43)) - raft.server.rpc.request.timeout = 3000ms (default)
2019-09-19 11:31:55,295 [21a74dd4-9923-453c-baf9-ae5746c9b858@group-53DD671D10C1:LeaderElection73] INFO  server.RaftServerConfigKeys (ConfUtils.java:logGet(43)) - raft.server.log.appender.install.snapshot.enabled = false (custom)
2019-09-19 11:31:55,296 [21a74dd4-9923-453c-baf9-ae5746c9b858@group-53DD671D10C1:LeaderElection73] INFO  server.RaftServerConfigKeys (ConfUtils.java:logGet(43)) - raft.server.log.appender.snapshot.chunk.size.max = 16MB (=16777216) (default)
2019-09-19 11:31:55,296 [21a74dd4-9923-453c-baf9-ae5746c9b858@group-53DD671D10C1:LeaderElection73] INFO  server.RaftServerConfigKeys (ConfUtils.java:logGet(43)) - raft.server.log.appender.buffer.byte-limit = 33554432 (custom)
2019-09-19 11:31:55,296 [21a74dd4-9923-453c-baf9-ae5746c9b858@group-53DD671D10C1:LeaderElection73] INFO  server.RaftServerConfigKeys (ConfUtils.java:logGet(43)) - raft.server.log.appender.buffer.element-limit = 1 (custom)
2019-09-19 11:31:55,296 [21a74dd4-9923-453c-baf9-ae5746c9b858@group-53DD671D10C1:LeaderElection73] INFO  grpc.GrpcConfigKeys$Server (ConfUtils.java:logGet(43)) - raft.grpc.server.leader.outstanding.appends.max = 128 (default)
2019-09-19 11:31:55,296 [21a74dd4-9923-453c-baf9-ae5746c9b858@group-53DD671D10C1:LeaderElection73] INFO  server.RaftServerConfigKeys (ConfUtils.java:logGet(43)) - raft.server.rpc.request.timeout = 3000ms (default)
2019-09-19 11:31:55,297 [21a74dd4-9923-453c-baf9-ae5746c9b858@group-53DD671D10C1:LeaderElection73] INFO  server.RaftServerConfigKeys (ConfUtils.java:logGet(43)) - raft.server.log.appender.install.snapshot.enabled = false (custom)
2019-09-19 11:31:55,297 [21a74dd4-9923-453c-baf9-ae5746c9b858@group-53DD671D10C1:LeaderElection73] INFO  impl.RoleInfo (RoleInfo.java:updateAndGet(143)) - 21a74dd4-9923-453c-baf9-ae5746c9b858: start LeaderState
2019-09-19 11:31:55,297 [21a74dd4-9923-453c-baf9-ae5746c9b858@group-53DD671D10C1:LeaderElection73] INFO  segmented.SegmentedRaftLogWorker (SegmentedRaftLogWorker.java:startLogSegment(380)) - 21a74dd4-9923-453c-baf9-ae5746c9b858@group-53DD671D10C1-SegmentedRaftLogWorker: Starting segment from index:0
2019-09-19 11:31:55,298 [21a74dd4-9923-453c-baf9-ae5746c9b858@group-53DD671D10C1:LeaderElection73] INFO  impl.RaftServerImpl (ServerState.java:setRaftConf(354)) - 21a74dd4-9923-453c-baf9-ae5746c9b858@group-53DD671D10C1: set configuration 0: [21a74dd4-9923-453c-baf9-ae5746c9b858:192.168.151.78:33961, 960c4e8b-33b7-499e-a18c-f6fdada6657f:192.168.151.78:45831, 21a9a8a2-1bc1-4e0b-a545-20246312a195:192.168.151.78:36774], old=null at 0
2019-09-19 11:31:55,334 [b6529db3-123b-4be0-a0cb-0e56f9592f33@group-79AA6148534A:LeaderElection75] INFO  impl.LeaderElection (LeaderElection.java:logAndReturn(56)) - b6529db3-123b-4be0-a0cb-0e56f9592f33@group-79AA6148534A:LeaderElection75: Election REJECTED; received 2 response(s) [b6529db3-123b-4be0-a0cb-0e56f9592f33<-c3650528-2518-482e-bbf8-bc89690c370c#0:FAIL-t1, b6529db3-123b-4be0-a0cb-0e56f9592f33<-758fd404-57a5-4b75-8be9-0c6c712b0af9#0:FAIL-t1] and 0 exception(s); b6529db3-123b-4be0-a0cb-0e56f9592f33@group-79AA6148534A:t1, leader=null, voted=b6529db3-123b-4be0-a0cb-0e56f9592f33, raftlog=b6529db3-123b-4be0-a0cb-0e56f9592f33@group-79AA6148534A-SegmentedRaftLog:OPENED:c-1,f-1,i0, conf=-1: [c3650528-2518-482e-bbf8-bc89690c370c:192.168.151.78:33979, 758fd404-57a5-4b75-8be9-0c6c712b0af9:192.168.151.78:36913, b6529db3-123b-4be0-a0cb-0e56f9592f33:192.168.151.78:37948], old=null
2019-09-19 11:31:55,334 [c3650528-2518-482e-bbf8-bc89690c370c@group-79AA6148534A:LeaderElection76] INFO  impl.LeaderElection (LeaderElection.java:logAndReturn(56)) - c3650528-2518-482e-bbf8-bc89690c370c@group-79AA6148534A:LeaderElection76: Election PASSED; received 2 response(s) [c3650528-2518-482e-bbf8-bc89690c370c<-758fd404-57a5-4b75-8be9-0c6c712b0af9#0:OK-t1, c3650528-2518-482e-bbf8-bc89690c370c<-b6529db3-123b-4be0-a0cb-0e56f9592f33#0:FAIL-t1] and 0 exception(s); c3650528-2518-482e-bbf8-bc89690c370c@group-79AA6148534A:t1, leader=null, voted=c3650528-2518-482e-bbf8-bc89690c370c, raftlog=c3650528-2518-482e-bbf8-bc89690c370c@group-79AA6148534A-SegmentedRaftLog:OPENED:c-1,f-1,i0, conf=-1: [c3650528-2518-482e-bbf8-bc89690c370c:192.168.151.78:33979, 758fd404-57a5-4b75-8be9-0c6c712b0af9:192.168.151.78:36913, b6529db3-123b-4be0-a0cb-0e56f9592f33:192.168.151.78:37948], old=null
2019-09-19 11:31:55,334 [grpc-default-executor-11] INFO  impl.RaftServerImpl (ServerState.java:setLeader(253)) - 960c4e8b-33b7-499e-a18c-f6fdada6657f@group-53DD671D10C1: change Leader from null to 21a74dd4-9923-453c-baf9-ae5746c9b858 at term 1 for appendEntries, leader elected after 5300ms
2019-09-19 11:31:55,336 [c3650528-2518-482e-bbf8-bc89690c370c@group-79AA6148534A:LeaderElection76] INFO  impl.RoleInfo (RoleInfo.java:shutdownLeaderElection(134)) - c3650528-2518-482e-bbf8-bc89690c370c: shutdown LeaderElection
2019-09-19 11:31:55,336 [grpc-default-executor-1] INFO  impl.RaftServerImpl (ServerState.java:setLeader(253)) - 21a9a8a2-1bc1-4e0b-a545-20246312a195@group-53DD671D10C1: change Leader from null to 21a74dd4-9923-453c-baf9-ae5746c9b858 at term 1 for appendEntries, leader elected after 5301ms
2019-09-19 11:31:55,336 [b6529db3-123b-4be0-a0cb-0e56f9592f33@group-79AA6148534A:LeaderElection75] INFO  impl.RaftServerImpl (RaftServerImpl.java:setRole(174)) - b6529db3-123b-4be0-a0cb-0e56f9592f33@group-79AA6148534A: changes role from CANDIDATE to FOLLOWER at term 1 for DISCOVERED_A_NEW_TERM
2019-09-19 11:31:55,338 [c3650528-2518-482e-bbf8-bc89690c370c@group-79AA6148534A:LeaderElection76] INFO  impl.RaftServerImpl (RaftServerImpl.java:setRole(174)) - c3650528-2518-482e-bbf8-bc89690c370c@group-79AA6148534A: changes role from CANDIDATE to LEADER at term 1 for changeToLeader
2019-09-19 11:31:55,339 [b6529db3-123b-4be0-a0cb-0e56f9592f33@group-79AA6148534A:LeaderElection75] INFO  impl.RoleInfo (RoleInfo.java:shutdownLeaderElection(134)) - b6529db3-123b-4be0-a0cb-0e56f9592f33: shutdown LeaderElection
2019-09-19 11:31:55,339 [c3650528-2518-482e-bbf8-bc89690c370c@group-79AA6148534A:LeaderElection76] INFO  impl.RaftServerImpl (ServerState.java:setLeader(253)) - c3650528-2518-482e-bbf8-bc89690c370c@group-79AA6148534A: change Leader from null to c3650528-2518-482e-bbf8-bc89690c370c at term 1 for becomeLeader, leader elected after 5233ms
2019-09-19 11:31:55,339 [b6529db3-123b-4be0-a0cb-0e56f9592f33@group-79AA6148534A:LeaderElection75] INFO  impl.RoleInfo (RoleInfo.java:updateAndGet(143)) - b6529db3-123b-4be0-a0cb-0e56f9592f33: start FollowerState
2019-09-19 11:31:55,339 [c3650528-2518-482e-bbf8-bc89690c370c@group-79AA6148534A:LeaderElection76] INFO  server.RaftServerConfigKeys (ConfUtils.java:logGet(43)) - raft.server.staging.catchup.gap = 1000 (default)
2019-09-19 11:31:55,339 [c3650528-2518-482e-bbf8-bc89690c370c@group-79AA6148534A:LeaderElection76] INFO  server.RaftServerConfigKeys (ConfUtils.java:logGet(43)) - raft.server.rpc.sleep.time = 25ms (default)
2019-09-19 11:31:55,340 [c3650528-2518-482e-bbf8-bc89690c370c@group-79AA6148534A:LeaderElection76] INFO  server.RaftServerConfigKeys (ConfUtils.java:logGet(43)) - raft.server.write.element-limit = 4096 (default)
2019-09-19 11:31:55,340 [c3650528-2518-482e-bbf8-bc89690c370c@group-79AA6148534A:LeaderElection76] INFO  server.RaftServerConfigKeys (ConfUtils.java:logGet(43)) - raft.server.watch.timeout = 10s (default)
2019-09-19 11:31:55,340 [c3650528-2518-482e-bbf8-bc89690c370c@group-79AA6148534A:LeaderElection76] INFO  server.RaftServerConfigKeys (ConfUtils.java:logGet(43)) - raft.server.watch.timeout.denomination = 1s (default)
2019-09-19 11:31:55,340 [c3650528-2518-482e-bbf8-bc89690c370c@group-79AA6148534A:LeaderElection76] INFO  server.RaftServerConfigKeys (ConfUtils.java:logGet(43)) - raft.server.watch.element-limit = 65536 (default)
2019-09-19 11:31:55,342 [grpc-default-executor-1] INFO  impl.RaftServerImpl (ServerState.java:setRaftConf(354)) - 21a9a8a2-1bc1-4e0b-a545-20246312a195@group-53DD671D10C1: set configuration 0: [21a74dd4-9923-453c-baf9-ae5746c9b858:192.168.151.78:33961, 960c4e8b-33b7-499e-a18c-f6fdada6657f:192.168.151.78:45831, 21a9a8a2-1bc1-4e0b-a545-20246312a195:192.168.151.78:36774], old=null at 0
2019-09-19 11:31:55,344 [grpc-default-executor-11] INFO  impl.RaftServerImpl (ServerState.java:setRaftConf(354)) - 960c4e8b-33b7-499e-a18c-f6fdada6657f@group-53DD671D10C1: set configuration 0: [21a74dd4-9923-453c-baf9-ae5746c9b858:192.168.151.78:33961, 960c4e8b-33b7-499e-a18c-f6fdada6657f:192.168.151.78:45831, 21a9a8a2-1bc1-4e0b-a545-20246312a195:192.168.151.78:36774], old=null at 0
2019-09-19 11:31:55,344 [grpc-default-executor-1] INFO  segmented.SegmentedRaftLogWorker (SegmentedRaftLogWorker.java:startLogSegment(380)) - 21a9a8a2-1bc1-4e0b-a545-20246312a195@group-53DD671D10C1-SegmentedRaftLogWorker: Starting segment from index:0
2019-09-19 11:31:55,344 [grpc-default-executor-11] INFO  segmented.SegmentedRaftLogWorker (SegmentedRaftLogWorker.java:startLogSegment(380)) - 960c4e8b-33b7-499e-a18c-f6fdada6657f@group-53DD671D10C1-SegmentedRaftLogWorker: Starting segment from index:0
2019-09-19 11:31:55,345 [c3650528-2518-482e-bbf8-bc89690c370c@group-79AA6148534A:LeaderElection76] INFO  server.RaftServerConfigKeys (ConfUtils.java:logGet(43)) - raft.server.log.appender.snapshot.chunk.size.max = 16MB (=16777216) (default)
2019-09-19 11:31:55,345 [c3650528-2518-482e-bbf8-bc89690c370c@group-79AA6148534A:LeaderElection76] INFO  server.RaftServerConfigKeys (ConfUtils.java:logGet(43)) - raft.server.log.appender.buffer.byte-limit = 33554432 (custom)
2019-09-19 11:31:55,345 [c3650528-2518-482e-bbf8-bc89690c370c@group-79AA6148534A:LeaderElection76] INFO  server.RaftServerConfigKeys (ConfUtils.java:logGet(43)) - raft.server.log.appender.buffer.element-limit = 1 (custom)
2019-09-19 11:31:55,346 [c3650528-2518-482e-bbf8-bc89690c370c@group-79AA6148534A:LeaderElection76] INFO  grpc.GrpcConfigKeys$Server (ConfUtils.java:logGet(43)) - raft.grpc.server.leader.outstanding.appends.max = 128 (default)
2019-09-19 11:31:55,346 [c3650528-2518-482e-bbf8-bc89690c370c@group-79AA6148534A:LeaderElection76] INFO  server.RaftServerConfigKeys (ConfUtils.java:logGet(43)) - raft.server.rpc.request.timeout = 3000ms (default)
2019-09-19 11:31:55,346 [c3650528-2518-482e-bbf8-bc89690c370c@group-79AA6148534A:LeaderElection76] INFO  server.RaftServerConfigKeys (ConfUtils.java:logGet(43)) - raft.server.log.appender.install.snapshot.enabled = false (custom)
2019-09-19 11:31:55,346 [c3650528-2518-482e-bbf8-bc89690c370c@group-79AA6148534A:LeaderElection76] INFO  server.RaftServerConfigKeys (ConfUtils.java:logGet(43)) - raft.server.log.appender.snapshot.chunk.size.max = 16MB (=16777216) (default)
2019-09-19 11:31:55,346 [c3650528-2518-482e-bbf8-bc89690c370c@group-79AA6148534A:LeaderElection76] INFO  server.RaftServerConfigKeys (ConfUtils.java:logGet(43)) - raft.server.log.appender.buffer.byte-limit = 33554432 (custom)
2019-09-19 11:31:55,346 [c3650528-2518-482e-bbf8-bc89690c370c@group-79AA6148534A:LeaderElection76] INFO  server.RaftServerConfigKeys (ConfUtils.java:logGet(43)) - raft.server.log.appender.buffer.element-limit = 1 (custom)
2019-09-19 11:31:55,347 [c3650528-2518-482e-bbf8-bc89690c370c@group-79AA6148534A:LeaderElection76] INFO  grpc.GrpcConfigKeys$Server (ConfUtils.java:logGet(43)) - raft.grpc.server.leader.outstanding.appends.max = 128 (default)
2019-09-19 11:31:55,347 [c3650528-2518-482e-bbf8-bc89690c370c@group-79AA6148534A:LeaderElection76] INFO  server.RaftServerConfigKeys (ConfUtils.java:logGet(43)) - raft.server.rpc.request.timeout = 3000ms (default)
2019-09-19 11:31:55,347 [c3650528-2518-482e-bbf8-bc89690c370c@group-79AA6148534A:LeaderElection76] INFO  server.RaftServerConfigKeys (ConfUtils.java:logGet(43)) - raft.server.log.appender.install.snapshot.enabled = false (custom)
2019-09-19 11:31:55,347 [c3650528-2518-482e-bbf8-bc89690c370c@group-79AA6148534A:LeaderElection76] INFO  impl.RoleInfo (RoleInfo.java:updateAndGet(143)) - c3650528-2518-482e-bbf8-bc89690c370c: start LeaderState
2019-09-19 11:31:55,347 [c3650528-2518-482e-bbf8-bc89690c370c@group-79AA6148534A:LeaderElection76] INFO  segmented.SegmentedRaftLogWorker (SegmentedRaftLogWorker.java:startLogSegment(380)) - c3650528-2518-482e-bbf8-bc89690c370c@group-79AA6148534A-SegmentedRaftLogWorker: Starting segment from index:0
2019-09-19 11:31:55,348 [c3650528-2518-482e-bbf8-bc89690c370c@group-79AA6148534A:LeaderElection76] INFO  impl.RaftServerImpl (ServerState.java:setRaftConf(354)) - c3650528-2518-482e-bbf8-bc89690c370c@group-79AA6148534A: set configuration 0: [c3650528-2518-482e-bbf8-bc89690c370c:192.168.151.78:33979, 758fd404-57a5-4b75-8be9-0c6c712b0af9:192.168.151.78:36913, b6529db3-123b-4be0-a0cb-0e56f9592f33:192.168.151.78:37948], old=null at 0
2019-09-19 11:31:55,349 [grpc-default-executor-11] INFO  impl.RaftServerImpl (ServerState.java:setLeader(253)) - 758fd404-57a5-4b75-8be9-0c6c712b0af9@group-79AA6148534A: change Leader from null to c3650528-2518-482e-bbf8-bc89690c370c at term 1 for appendEntries, leader elected after 5243ms
2019-09-19 11:31:55,349 [grpc-default-executor-1] INFO  impl.RaftServerImpl (ServerState.java:setLeader(253)) - b6529db3-123b-4be0-a0cb-0e56f9592f33@group-79AA6148534A: change Leader from null to c3650528-2518-482e-bbf8-bc89690c370c at term 1 for appendEntries, leader elected after 5243ms
2019-09-19 11:31:55,351 [grpc-default-executor-1] INFO  impl.RaftServerImpl (ServerState.java:setRaftConf(354)) - 758fd404-57a5-4b75-8be9-0c6c712b0af9@group-79AA6148534A: set configuration 0: [c3650528-2518-482e-bbf8-bc89690c370c:192.168.151.78:33979, 758fd404-57a5-4b75-8be9-0c6c712b0af9:192.168.151.78:36913, b6529db3-123b-4be0-a0cb-0e56f9592f33:192.168.151.78:37948], old=null at 0
2019-09-19 11:31:55,351 [grpc-default-executor-11] INFO  impl.RaftServerImpl (ServerState.java:setRaftConf(354)) - b6529db3-123b-4be0-a0cb-0e56f9592f33@group-79AA6148534A: set configuration 0: [c3650528-2518-482e-bbf8-bc89690c370c:192.168.151.78:33979, 758fd404-57a5-4b75-8be9-0c6c712b0af9:192.168.151.78:36913, b6529db3-123b-4be0-a0cb-0e56f9592f33:192.168.151.78:37948], old=null at 0
2019-09-19 11:31:55,351 [grpc-default-executor-1] INFO  segmented.SegmentedRaftLogWorker (SegmentedRaftLogWorker.java:startLogSegment(380)) - 758fd404-57a5-4b75-8be9-0c6c712b0af9@group-79AA6148534A-SegmentedRaftLogWorker: Starting segment from index:0
2019-09-19 11:31:55,351 [grpc-default-executor-11] INFO  segmented.SegmentedRaftLogWorker (SegmentedRaftLogWorker.java:startLogSegment(380)) - b6529db3-123b-4be0-a0cb-0e56f9592f33@group-79AA6148534A-SegmentedRaftLogWorker: Starting segment from index:0
2019-09-19 11:31:55,378 [21a74dd4-9923-453c-baf9-ae5746c9b858@group-53DD671D10C1-SegmentedRaftLogWorker] INFO  segmented.SegmentedRaftLogWorker (SegmentedRaftLogWorker.java:execute(569)) - 21a74dd4-9923-453c-baf9-ae5746c9b858@group-53DD671D10C1-SegmentedRaftLogWorker: created new log segment /workdir/hadoop-ozone/integration-test/target/test-dir/MiniOzoneClusterImpl-6da57ec2-366d-4ea4-a605-9b5cf4b6fb5d/datanode-4/data/ratis/615ac6d7-3c32-4ce7-b51d-53dd671d10c1/current/log_inprogress_0
2019-09-19 11:31:55,400 [960c4e8b-33b7-499e-a18c-f6fdada6657f@group-53DD671D10C1-SegmentedRaftLogWorker] INFO  segmented.SegmentedRaftLogWorker (SegmentedRaftLogWorker.java:execute(569)) - 960c4e8b-33b7-499e-a18c-f6fdada6657f@group-53DD671D10C1-SegmentedRaftLogWorker: created new log segment /workdir/hadoop-ozone/integration-test/target/test-dir/MiniOzoneClusterImpl-6da57ec2-366d-4ea4-a605-9b5cf4b6fb5d/datanode-0/data/ratis/615ac6d7-3c32-4ce7-b51d-53dd671d10c1/current/log_inprogress_0
2019-09-19 11:31:55,400 [c3650528-2518-482e-bbf8-bc89690c370c@group-79AA6148534A-SegmentedRaftLogWorker] INFO  segmented.SegmentedRaftLogWorker (SegmentedRaftLogWorker.java:execute(569)) - c3650528-2518-482e-bbf8-bc89690c370c@group-79AA6148534A-SegmentedRaftLogWorker: created new log segment /workdir/hadoop-ozone/integration-test/target/test-dir/MiniOzoneClusterImpl-6da57ec2-366d-4ea4-a605-9b5cf4b6fb5d/datanode-2/data/ratis/1a3cfdfb-0de5-4c93-a669-79aa6148534a/current/log_inprogress_0
2019-09-19 11:31:55,401 [21a9a8a2-1bc1-4e0b-a545-20246312a195@group-53DD671D10C1-SegmentedRaftLogWorker] INFO  segmented.SegmentedRaftLogWorker (SegmentedRaftLogWorker.java:execute(569)) - 21a9a8a2-1bc1-4e0b-a545-20246312a195@group-53DD671D10C1-SegmentedRaftLogWorker: created new log segment /workdir/hadoop-ozone/integration-test/target/test-dir/MiniOzoneClusterImpl-6da57ec2-366d-4ea4-a605-9b5cf4b6fb5d/datanode-1/data/ratis/615ac6d7-3c32-4ce7-b51d-53dd671d10c1/current/log_inprogress_0
2019-09-19 11:31:55,425 [758fd404-57a5-4b75-8be9-0c6c712b0af9@group-79AA6148534A-SegmentedRaftLogWorker] INFO  segmented.SegmentedRaftLogWorker (SegmentedRaftLogWorker.java:execute(569)) - 758fd404-57a5-4b75-8be9-0c6c712b0af9@group-79AA6148534A-SegmentedRaftLogWorker: created new log segment /workdir/hadoop-ozone/integration-test/target/test-dir/MiniOzoneClusterImpl-6da57ec2-366d-4ea4-a605-9b5cf4b6fb5d/datanode-5/data/ratis/1a3cfdfb-0de5-4c93-a669-79aa6148534a/current/log_inprogress_0
2019-09-19 11:31:55,425 [b6529db3-123b-4be0-a0cb-0e56f9592f33@group-79AA6148534A-SegmentedRaftLogWorker] INFO  segmented.SegmentedRaftLogWorker (SegmentedRaftLogWorker.java:execute(569)) - b6529db3-123b-4be0-a0cb-0e56f9592f33@group-79AA6148534A-SegmentedRaftLogWorker: created new log segment /workdir/hadoop-ozone/integration-test/target/test-dir/MiniOzoneClusterImpl-6da57ec2-366d-4ea4-a605-9b5cf4b6fb5d/datanode-3/data/ratis/1a3cfdfb-0de5-4c93-a669-79aa6148534a/current/log_inprogress_0
2019-09-19 11:31:56,528 [grpc-default-executor-1] INFO  client.GrpcClientProtocolClient (GrpcClientProtocolClient.java:onNext(264)) - client-DF8585589FC5->c3650528-2518-482e-bbf8-bc89690c370c: receive RaftClientReply:client-DF8585589FC5->c3650528-2518-482e-bbf8-bc89690c370c@group-79AA6148534A, cid=183, SUCCESS, logIndex=1, commits[c3650528-2518-482e-bbf8-bc89690c370c:c1, 758fd404-57a5-4b75-8be9-0c6c712b0af9:c0, b6529db3-123b-4be0-a0cb-0e56f9592f33:c0]
2019-09-19 11:31:56,550 [grpc-default-executor-11] INFO  client.GrpcClientProtocolClient (GrpcClientProtocolClient.java:onNext(264)) - client-DF8585589FC5->c3650528-2518-482e-bbf8-bc89690c370c: receive RaftClientReply:client-DF8585589FC5->c3650528-2518-482e-bbf8-bc89690c370c@group-79AA6148534A, cid=184, SUCCESS, logIndex=3, commits[c3650528-2518-482e-bbf8-bc89690c370c:c3, 758fd404-57a5-4b75-8be9-0c6c712b0af9:c1, b6529db3-123b-4be0-a0cb-0e56f9592f33:c1]
2019-09-19 11:31:56,728 [grpc-default-executor-11] INFO  client.GrpcClientProtocolClient (GrpcClientProtocolClient.java:onNext(264)) - client-DF8585589FC5->c3650528-2518-482e-bbf8-bc89690c370c: receive RaftClientReply:client-DF8585589FC5->c3650528-2518-482e-bbf8-bc89690c370c@group-79AA6148534A, cid=185, SUCCESS, logIndex=4, commits[c3650528-2518-482e-bbf8-bc89690c370c:c10, 758fd404-57a5-4b75-8be9-0c6c712b0af9:c7, b6529db3-123b-4be0-a0cb-0e56f9592f33:c7]
2019-09-19 11:31:56,730 [grpc-default-executor-11] INFO  client.GrpcClientProtocolClient (GrpcClientProtocolClient.java:onNext(264)) - client-DF8585589FC5->c3650528-2518-482e-bbf8-bc89690c370c: receive RaftClientReply:client-DF8585589FC5->c3650528-2518-482e-bbf8-bc89690c370c@group-79AA6148534A, cid=186, SUCCESS, logIndex=5, commits[c3650528-2518-482e-bbf8-bc89690c370c:c10, 758fd404-57a5-4b75-8be9-0c6c712b0af9:c7, b6529db3-123b-4be0-a0cb-0e56f9592f33:c7]
2019-09-19 11:31:56,730 [grpc-default-executor-11] INFO  client.GrpcClientProtocolClient (GrpcClientProtocolClient.java:onNext(264)) - client-DF8585589FC5->c3650528-2518-482e-bbf8-bc89690c370c: receive RaftClientReply:client-DF8585589FC5->c3650528-2518-482e-bbf8-bc89690c370c@group-79AA6148534A, cid=187, SUCCESS, logIndex=6, commits[c3650528-2518-482e-bbf8-bc89690c370c:c10, 758fd404-57a5-4b75-8be9-0c6c712b0af9:c7, b6529db3-123b-4be0-a0cb-0e56f9592f33:c7]
2019-09-19 11:31:57,035 [grpc-default-executor-11] INFO  client.GrpcClientProtocolClient (GrpcClientProtocolClient.java:onNext(264)) - client-DF8585589FC5->c3650528-2518-482e-bbf8-bc89690c370c: receive RaftClientReply:client-DF8585589FC5->c3650528-2518-482e-bbf8-bc89690c370c@group-79AA6148534A, cid=188, SUCCESS, logIndex=7, commits[c3650528-2518-482e-bbf8-bc89690c370c:c10, 758fd404-57a5-4b75-8be9-0c6c712b0af9:c7, b6529db3-123b-4be0-a0cb-0e56f9592f33:c7]
2019-09-19 11:31:57,056 [grpc-default-executor-9] INFO  client.GrpcClientProtocolClient (GrpcClientProtocolClient.java:onNext(264)) - client-DF8585589FC5->c3650528-2518-482e-bbf8-bc89690c370c: receive RaftClientReply:client-DF8585589FC5->c3650528-2518-482e-bbf8-bc89690c370c@group-79AA6148534A, cid=189, SUCCESS, logIndex=11, commits[c3650528-2518-482e-bbf8-bc89690c370c:c12, 758fd404-57a5-4b75-8be9-0c6c712b0af9:c10, b6529db3-123b-4be0-a0cb-0e56f9592f33:c10]
2019-09-19 11:31:57,057 [grpc-default-executor-9] INFO  client.GrpcClientProtocolClient (GrpcClientProtocolClient.java:onNext(264)) - client-DF8585589FC5->c3650528-2518-482e-bbf8-bc89690c370c: receive RaftClientReply:client-DF8585589FC5->c3650528-2518-482e-bbf8-bc89690c370c@group-79AA6148534A, cid=190, SUCCESS, logIndex=12, commits[c3650528-2518-482e-bbf8-bc89690c370c:c12, 758fd404-57a5-4b75-8be9-0c6c712b0af9:c10, b6529db3-123b-4be0-a0cb-0e56f9592f33:c10]
2019-09-19 11:31:57,076 [grpc-default-executor-9] INFO  client.GrpcClientProtocolClient (GrpcClientProtocolClient.java:onNext(264)) - client-DF8585589FC5->c3650528-2518-482e-bbf8-bc89690c370c: receive RaftClientReply:client-DF8585589FC5->c3650528-2518-482e-bbf8-bc89690c370c@group-79AA6148534A, cid=191, SUCCESS, logIndex=0, commits[c3650528-2518-482e-bbf8-bc89690c370c:c13, 758fd404-57a5-4b75-8be9-0c6c712b0af9:c12, b6529db3-123b-4be0-a0cb-0e56f9592f33:c12]
2019-09-19 11:31:57,510 [Datanode State Machine Thread - 0] INFO  statemachine.DatanodeStateMachine (DatanodeStateMachine.java:lambda$startDaemon$0(350)) - Ozone container server started.
2019-09-19 11:32:01,537 [EventQueue-StaleNodeForStaleNodeHandler] INFO  node.StaleNodeHandler (StaleNodeHandler.java:onMessage(58)) - Datanode c3650528-2518-482e-bbf8-bc89690c370c{ip: 192.168.151.78, host: pr-hdds-2154-j8s56-3842691507, networkLocation: /default-rack, certSerialId: null} moved to stale state. Finalizing its pipelines [PipelineID=1a3cfdfb-0de5-4c93-a669-79aa6148534a, PipelineID=6be788ce-3752-4425-bd74-a87158adb71b]
2019-09-19 11:32:01,538 [EventQueue-StaleNodeForStaleNodeHandler] INFO  pipeline.SCMPipelineManager (SCMPipelineManager.java:finalizeAndDestroyPipeline(311)) - destroying pipeline:Pipeline[ Id: 1a3cfdfb-0de5-4c93-a669-79aa6148534a, Nodes: c3650528-2518-482e-bbf8-bc89690c370c{ip: 192.168.151.78, host: pr-hdds-2154-j8s56-3842691507, networkLocation: /default-rack, certSerialId: null}758fd404-57a5-4b75-8be9-0c6c712b0af9{ip: 192.168.151.78, host: pr-hdds-2154-j8s56-3842691507, networkLocation: /default-rack, certSerialId: null}b6529db3-123b-4be0-a0cb-0e56f9592f33{ip: 192.168.151.78, host: pr-hdds-2154-j8s56-3842691507, networkLocation: /default-rack, certSerialId: null}, Type:RATIS, Factor:THREE, State:OPEN]
2019-09-19 11:32:01,538 [EventQueue-StaleNodeForStaleNodeHandler] INFO  pipeline.PipelineStateManager (PipelineStateManager.java:finalizePipeline(123)) - Pipeline Pipeline[ Id: 1a3cfdfb-0de5-4c93-a669-79aa6148534a, Nodes: c3650528-2518-482e-bbf8-bc89690c370c{ip: 192.168.151.78, host: pr-hdds-2154-j8s56-3842691507, networkLocation: /default-rack, certSerialId: null}758fd404-57a5-4b75-8be9-0c6c712b0af9{ip: 192.168.151.78, host: pr-hdds-2154-j8s56-3842691507, networkLocation: /default-rack, certSerialId: null}b6529db3-123b-4be0-a0cb-0e56f9592f33{ip: 192.168.151.78, host: pr-hdds-2154-j8s56-3842691507, networkLocation: /default-rack, certSerialId: null}, Type:RATIS, Factor:THREE, State:CLOSED] moved to CLOSED state
2019-09-19 11:32:01,539 [EventQueue-CloseContainerForCloseContainerEventHandler] INFO  container.CloseContainerEventHandler (CloseContainerEventHandler.java:onMessage(61)) - Close container Event triggered for container : #1
2019-09-19 11:32:01,543 [EventQueue-StaleNodeForStaleNodeHandler] INFO  pipeline.SCMPipelineManager (SCMPipelineManager.java:finalizeAndDestroyPipeline(311)) - destroying pipeline:Pipeline[ Id: 6be788ce-3752-4425-bd74-a87158adb71b, Nodes: c3650528-2518-482e-bbf8-bc89690c370c{ip: 192.168.151.78, host: pr-hdds-2154-j8s56-3842691507, networkLocation: /default-rack, certSerialId: null}, Type:RATIS, Factor:ONE, State:OPEN]
2019-09-19 11:32:01,545 [EventQueue-StaleNodeForStaleNodeHandler] INFO  pipeline.PipelineStateManager (PipelineStateManager.java:finalizePipeline(123)) - Pipeline Pipeline[ Id: 6be788ce-3752-4425-bd74-a87158adb71b, Nodes: c3650528-2518-482e-bbf8-bc89690c370c{ip: 192.168.151.78, host: pr-hdds-2154-j8s56-3842691507, networkLocation: /default-rack, certSerialId: null}, Type:RATIS, Factor:ONE, State:CLOSED] moved to CLOSED state
2019-09-19 11:32:02,078 [main] INFO  ozoneimpl.OzoneContainer (OzoneContainer.java:stop(231)) - Attempting to stop container services.
2019-09-19 11:32:02,078 [main] INFO  impl.RaftServerProxy (RaftServerProxy.java:lambda$close$4(314)) - c3650528-2518-482e-bbf8-bc89690c370c: close
2019-09-19 11:32:02,079 [main] INFO  impl.RaftServerImpl (RaftServerImpl.java:lambda$shutdown$3(251)) - c3650528-2518-482e-bbf8-bc89690c370c@group-79AA6148534A: shutdown
2019-09-19 11:32:02,080 [ForkJoinPool.commonPool-worker-1] INFO  impl.RaftServerImpl (RaftServerImpl.java:lambda$shutdown$3(251)) - c3650528-2518-482e-bbf8-bc89690c370c@group-A87158ADB71B: shutdown
2019-09-19 11:32:02,080 [main] INFO  util.JmxRegister (JmxRegister.java:unregister(73)) - Successfully un-registered JMX Bean with object name Ratis:service=RaftServer,group=group-79AA6148534A,id=c3650528-2518-482e-bbf8-bc89690c370c
2019-09-19 11:32:02,080 [ForkJoinPool.commonPool-worker-1] INFO  util.JmxRegister (JmxRegister.java:unregister(73)) - Successfully un-registered JMX Bean with object name Ratis:service=RaftServer,group=group-A87158ADB71B,id=c3650528-2518-482e-bbf8-bc89690c370c
2019-09-19 11:32:02,081 [main] INFO  impl.RoleInfo (RoleInfo.java:shutdownLeaderState(104)) - c3650528-2518-482e-bbf8-bc89690c370c: shutdown LeaderState
2019-09-19 11:32:02,081 [ForkJoinPool.commonPool-worker-1] INFO  impl.RoleInfo (RoleInfo.java:shutdownLeaderState(104)) - c3650528-2518-482e-bbf8-bc89690c370c: shutdown LeaderState
2019-09-19 11:32:02,088 [main] INFO  impl.PendingRequests (PendingRequests.java:sendNotLeaderResponses(202)) - c3650528-2518-482e-bbf8-bc89690c370c-PendingRequests: sendNotLeaderResponses
2019-09-19 11:32:02,088 [org.apache.ratis.server.impl.LogAppender$AppenderDaemon$$Lambda$493/1090866546@421d1720] WARN  server.GrpcLogAppender (GrpcLogAppender.java:mayWait(143)) - c3650528-2518-482e-bbf8-bc89690c370c@group-79AA6148534A->b6529db3-123b-4be0-a0cb-0e56f9592f33-GrpcLogAppender: Wait interrupted by java.lang.InterruptedException
2019-09-19 11:32:02,088 [org.apache.ratis.server.impl.LogAppender$AppenderDaemon$$Lambda$493/1090866546@465b4918] WARN  server.GrpcLogAppender (GrpcLogAppender.java:mayWait(143)) - c3650528-2518-482e-bbf8-bc89690c370c@group-79AA6148534A->758fd404-57a5-4b75-8be9-0c6c712b0af9-GrpcLogAppender: Wait interrupted by java.lang.InterruptedException
2019-09-19 11:32:02,088 [ForkJoinPool.commonPool-worker-1] INFO  impl.PendingRequests (PendingRequests.java:sendNotLeaderResponses(202)) - c3650528-2518-482e-bbf8-bc89690c370c-PendingRequests: sendNotLeaderResponses
2019-09-19 11:32:02,095 [ForkJoinPool.commonPool-worker-1] INFO  impl.StateMachineUpdater (StateMachineUpdater.java:stopAndJoin(125)) - c3650528-2518-482e-bbf8-bc89690c370c@group-A87158ADB71B-StateMachineUpdater: set stopIndex = 0
2019-09-19 11:32:02,095 [main] INFO  impl.StateMachineUpdater (StateMachineUpdater.java:stopAndJoin(125)) - c3650528-2518-482e-bbf8-bc89690c370c@group-79AA6148534A-StateMachineUpdater: set stopIndex = 14
2019-09-19 11:32:02,095 [ForkJoinPool.commonPool-worker-1] INFO  impl.RaftServerImpl (ServerState.java:close(385)) - c3650528-2518-482e-bbf8-bc89690c370c@group-A87158ADB71B: closes. applyIndex: 0
2019-09-19 11:32:02,095 [c3650528-2518-482e-bbf8-bc89690c370c@group-79AA6148534A-StateMachineUpdater] INFO  ratis.ContainerStateMachine (ContainerStateMachine.java:takeSnapshot(289)) - group-79AA6148534A: Taking a snapshot at:(t:1, i:12) file /workdir/hadoop-ozone/integration-test/target/test-dir/MiniOzoneClusterImpl-6da57ec2-366d-4ea4-a605-9b5cf4b6fb5d/datanode-2/data/ratis/1a3cfdfb-0de5-4c93-a669-79aa6148534a/sm/snapshot.1_12
2019-09-19 11:32:02,096 [c3650528-2518-482e-bbf8-bc89690c370c@group-A87158ADB71B-SegmentedRaftLogWorker] INFO  segmented.SegmentedRaftLogWorker (SegmentedRaftLogWorker.java:run(313)) - c3650528-2518-482e-bbf8-bc89690c370c@group-A87158ADB71B-SegmentedRaftLogWorker was interrupted, exiting. There are 0 tasks remaining in the queue.
2019-09-19 11:32:02,095 [grpc-default-executor-11] INFO  server.GrpcServerProtocolService (GrpcServerProtocolService.java:onCompleted(113)) - b6529db3-123b-4be0-a0cb-0e56f9592f33: Completed APPEND_ENTRIES, lastRequest: c3650528-2518-482e-bbf8-bc89690c370c->b6529db3-123b-4be0-a0cb-0e56f9592f33#17-t1, previous=(t:1, i:14), leaderCommit=14, initializing? false, entries: <empty>
2019-09-19 11:32:02,095 [grpc-default-executor-9] INFO  server.GrpcServerProtocolService (GrpcServerProtocolService.java:onCompleted(113)) - 758fd404-57a5-4b75-8be9-0c6c712b0af9: Completed APPEND_ENTRIES, lastRequest: c3650528-2518-482e-bbf8-bc89690c370c->758fd404-57a5-4b75-8be9-0c6c712b0af9#17-t1, previous=(t:1, i:14), leaderCommit=14, initializing? false, entries: <empty>
2019-09-19 11:32:02,100 [grpc-default-executor-9] INFO  server.GrpcLogAppender (GrpcLogAppender.java:onCompleted(293)) - c3650528-2518-482e-bbf8-bc89690c370c@group-79AA6148534A->b6529db3-123b-4be0-a0cb-0e56f9592f33-AppendLogResponseHandler: follower responses appendEntries COMPLETED
2019-09-19 11:32:02,100 [grpc-default-executor-11] INFO  server.GrpcLogAppender (GrpcLogAppender.java:onCompleted(293)) - c3650528-2518-482e-bbf8-bc89690c370c@group-79AA6148534A->758fd404-57a5-4b75-8be9-0c6c712b0af9-AppendLogResponseHandler: follower responses appendEntries COMPLETED
2019-09-19 11:32:02,100 [grpc-default-executor-9] INFO  impl.FollowerInfo (FollowerInfo.java:lambda$new$0(51)) - c3650528-2518-482e-bbf8-bc89690c370c@group-79AA6148534A->b6529db3-123b-4be0-a0cb-0e56f9592f33: nextIndex: updateUnconditionally 15 -> 14
2019-09-19 11:32:02,100 [grpc-default-executor-11] INFO  impl.FollowerInfo (FollowerInfo.java:lambda$new$0(51)) - c3650528-2518-482e-bbf8-bc89690c370c@group-79AA6148534A->758fd404-57a5-4b75-8be9-0c6c712b0af9: nextIndex: updateUnconditionally 15 -> 14
2019-09-19 11:32:02,107 [ForkJoinPool.commonPool-worker-1] INFO  segmented.SegmentedRaftLogWorker (SegmentedRaftLogWorker.java:close(228)) - c3650528-2518-482e-bbf8-bc89690c370c@group-A87158ADB71B-SegmentedRaftLogWorker close()
2019-09-19 11:32:02,156 [c3650528-2518-482e-bbf8-bc89690c370c@group-79AA6148534A-StateMachineUpdater] INFO  ratis.ContainerStateMachine (ContainerStateMachine.java:takeSnapshot(300)) - group-79AA6148534A: Finished taking a snapshot at:(t:1, i:12) file:/workdir/hadoop-ozone/integration-test/target/test-dir/MiniOzoneClusterImpl-6da57ec2-366d-4ea4-a605-9b5cf4b6fb5d/datanode-2/data/ratis/1a3cfdfb-0de5-4c93-a669-79aa6148534a/sm/snapshot.1_12 time:62
2019-09-19 11:32:02,157 [c3650528-2518-482e-bbf8-bc89690c370c@group-79AA6148534A-StateMachineUpdater] INFO  impl.StateMachineUpdater (StateMachineUpdater.java:takeSnapshot(258)) - c3650528-2518-482e-bbf8-bc89690c370c@group-79AA6148534A-StateMachineUpdater: Took a snapshot at index 12
2019-09-19 11:32:02,157 [c3650528-2518-482e-bbf8-bc89690c370c@group-79AA6148534A-StateMachineUpdater] INFO  impl.StateMachineUpdater (StateMachineUpdater.java:lambda$new$0(83)) - c3650528-2518-482e-bbf8-bc89690c370c@group-79AA6148534A-StateMachineUpdater: snapshotIndex: updateIncreasingly -1 -> 12
2019-09-19 11:32:02,157 [c3650528-2518-482e-bbf8-bc89690c370c@group-79AA6148534A-StateMachineUpdater] INFO  ratis.ContainerStateMachine (ContainerStateMachine.java:takeSnapshot(289)) - group-79AA6148534A: Taking a snapshot at:(t:1, i:12) file /workdir/hadoop-ozone/integration-test/target/test-dir/MiniOzoneClusterImpl-6da57ec2-366d-4ea4-a605-9b5cf4b6fb5d/datanode-2/data/ratis/1a3cfdfb-0de5-4c93-a669-79aa6148534a/sm/snapshot.1_12
2019-09-19 11:32:02,169 [c3650528-2518-482e-bbf8-bc89690c370c@group-79AA6148534A-StateMachineUpdater] INFO  ratis.ContainerStateMachine (ContainerStateMachine.java:takeSnapshot(300)) - group-79AA6148534A: Finished taking a snapshot at:(t:1, i:12) file:/workdir/hadoop-ozone/integration-test/target/test-dir/MiniOzoneClusterImpl-6da57ec2-366d-4ea4-a605-9b5cf4b6fb5d/datanode-2/data/ratis/1a3cfdfb-0de5-4c93-a669-79aa6148534a/sm/snapshot.1_12 time:12
2019-09-19 11:32:02,169 [c3650528-2518-482e-bbf8-bc89690c370c@group-79AA6148534A-StateMachineUpdater] INFO  impl.StateMachineUpdater (StateMachineUpdater.java:takeSnapshot(258)) - c3650528-2518-482e-bbf8-bc89690c370c@group-79AA6148534A-StateMachineUpdater: Took a snapshot at index 12
2019-09-19 11:32:02,170 [c3650528-2518-482e-bbf8-bc89690c370c@group-79AA6148534A-StateMachineUpdater] INFO  impl.StateMachineUpdater (StateMachineUpdater.java:lambda$new$0(83)) - c3650528-2518-482e-bbf8-bc89690c370c@group-79AA6148534A-StateMachineUpdater: snapshotIndex: updateIncreasingly 12 -> 12
2019-09-19 11:32:02,170 [main] INFO  impl.RaftServerImpl (ServerState.java:close(385)) - c3650528-2518-482e-bbf8-bc89690c370c@group-79AA6148534A: closes. applyIndex: 14
2019-09-19 11:32:02,171 [c3650528-2518-482e-bbf8-bc89690c370c@group-79AA6148534A-SegmentedRaftLogWorker] INFO  segmented.SegmentedRaftLogWorker (SegmentedRaftLogWorker.java:run(313)) - c3650528-2518-482e-bbf8-bc89690c370c@group-79AA6148534A-SegmentedRaftLogWorker was interrupted, exiting. There are 0 tasks remaining in the queue.
2019-09-19 11:32:02,176 [main] INFO  segmented.SegmentedRaftLogWorker (SegmentedRaftLogWorker.java:close(228)) - c3650528-2518-482e-bbf8-bc89690c370c@group-79AA6148534A-SegmentedRaftLogWorker close()
2019-09-19 11:32:02,182 [main] INFO  server.GrpcService (GrpcService.java:closeImpl(164)) - c3650528-2518-482e-bbf8-bc89690c370c: shutdown server with port 33979 now
2019-09-19 11:32:02,183 [grpc-default-executor-9] WARN  client.GrpcClientProtocolService (LogUtils.java:warn(134)) - 4-UnorderedRequestStreamObserver4: onError: org.apache.ratis.thirdparty.io.grpc.StatusRuntimeException: CANCELLED: cancelled before receiving half close
2019-09-19 11:32:02,183 [main] INFO  server.GrpcService (GrpcService.java:closeImpl(172)) - c3650528-2518-482e-bbf8-bc89690c370c: shutdown server with port 33979 successfully
2019-09-19 11:32:02,187 [refreshUsed-/workdir/hadoop-ozone/integration-test/target/test-dir/MiniOzoneClusterImpl-6da57ec2-366d-4ea4-a605-9b5cf4b6fb5d/datanode-2/data/containers] WARN  fs.CachingGetSpaceUsed (CachingGetSpaceUsed.java:run(183)) - Thread Interrupted waiting to refresh disk information: sleep interrupted
2019-09-19 11:32:02,203 [main] INFO  utils.BackgroundService (BackgroundService.java:shutdown(148)) - Shutting down service BlockDeletingService
2019-09-19 11:32:02,210 [main] INFO  statemachine.DatanodeStateMachine (DatanodeStateMachine.java:stopDaemon(395)) - Ozone container server stopped.
2019-09-19 11:32:02,211 [main] INFO  handler.ContextHandler (ContextHandler.java:doStop(910)) - Stopped o.e.j.w.WebAppContext@404ced67{/,null,UNAVAILABLE}{/hddsDatanode}
2019-09-19 11:32:02,212 [main] INFO  server.AbstractConnector (AbstractConnector.java:doStop(318)) - Stopped ServerConnector@71531dd7{HTTP/1.1,[http/1.1]}{0.0.0.0:0}
2019-09-19 11:32:02,213 [main] INFO  handler.ContextHandler (ContextHandler.java:doStop(910)) - Stopped o.e.j.s.ServletContextHandler@1e2445f6{/static,jar:file:/home/user/.m2/repository/org/apache/hadoop/hadoop-hdds-container-service/0.5.0-SNAPSHOT/hadoop-hdds-container-service-0.5.0-SNAPSHOT.jar!/webapps/static,UNAVAILABLE}
2019-09-19 11:32:02,213 [main] INFO  handler.ContextHandler (ContextHandler.java:doStop(910)) - Stopped o.e.j.s.ServletContextHandler@3a40bb52{/logs,file:///workdir/hadoop-ozone/integration-test/target/log,UNAVAILABLE}
2019-09-19 11:32:04,228 [grpc-default-executor-0] INFO  client.GrpcClientProtocolClient (GrpcClientProtocolClient.java:onNext(264)) - client-DF8585589FC5->758fd404-57a5-4b75-8be9-0c6c712b0af9: receive RaftClientReply:client-DF8585589FC5->758fd404-57a5-4b75-8be9-0c6c712b0af9@group-79AA6148534A, cid=192, FAILED org.apache.ratis.protocol.NotLeaderException: Server 758fd404-57a5-4b75-8be9-0c6c712b0af9@group-79AA6148534A is not the leader c3650528-2518-482e-bbf8-bc89690c370c:192.168.151.78:33979, logIndex=0, commits[758fd404-57a5-4b75-8be9-0c6c712b0af9:c14, c3650528-2518-482e-bbf8-bc89690c370c:c14, b6529db3-123b-4be0-a0cb-0e56f9592f33:c14]
2019-09-19 11:32:05,249 [grpc-default-executor-11] INFO  client.GrpcClientProtocolClient (GrpcClientProtocolClient.java:onNext(264)) - client-DF8585589FC5->758fd404-57a5-4b75-8be9-0c6c712b0af9: receive RaftClientReply:client-DF8585589FC5->758fd404-57a5-4b75-8be9-0c6c712b0af9@group-79AA6148534A, cid=192, FAILED org.apache.ratis.protocol.NotLeaderException: Server 758fd404-57a5-4b75-8be9-0c6c712b0af9@group-79AA6148534A is not the leader c3650528-2518-482e-bbf8-bc89690c370c:192.168.151.78:33979, logIndex=0, commits[758fd404-57a5-4b75-8be9-0c6c712b0af9:c14, c3650528-2518-482e-bbf8-bc89690c370c:c14, b6529db3-123b-4be0-a0cb-0e56f9592f33:c14]
2019-09-19 11:32:06,274 [grpc-default-executor-0] INFO  client.GrpcClientProtocolClient (GrpcClientProtocolClient.java:onNext(264)) - client-DF8585589FC5->b6529db3-123b-4be0-a0cb-0e56f9592f33: receive RaftClientReply:client-DF8585589FC5->b6529db3-123b-4be0-a0cb-0e56f9592f33@group-79AA6148534A, cid=192, FAILED org.apache.ratis.protocol.NotLeaderException: Server b6529db3-123b-4be0-a0cb-0e56f9592f33@group-79AA6148534A is not the leader c3650528-2518-482e-bbf8-bc89690c370c:192.168.151.78:33979, logIndex=0, commits[b6529db3-123b-4be0-a0cb-0e56f9592f33:c14, c3650528-2518-482e-bbf8-bc89690c370c:c14, 758fd404-57a5-4b75-8be9-0c6c712b0af9:c14]
2019-09-19 11:32:07,289 [grpc-default-executor-11] INFO  client.GrpcClientProtocolClient (GrpcClientProtocolClient.java:onNext(264)) - client-DF8585589FC5->758fd404-57a5-4b75-8be9-0c6c712b0af9: receive RaftClientReply:client-DF8585589FC5->758fd404-57a5-4b75-8be9-0c6c712b0af9@group-79AA6148534A, cid=192, FAILED org.apache.ratis.protocol.NotLeaderException: Server 758fd404-57a5-4b75-8be9-0c6c712b0af9@group-79AA6148534A is not the leader c3650528-2518-482e-bbf8-bc89690c370c:192.168.151.78:33979, logIndex=0, commits[758fd404-57a5-4b75-8be9-0c6c712b0af9:c14, c3650528-2518-482e-bbf8-bc89690c370c:c14, b6529db3-123b-4be0-a0cb-0e56f9592f33:c14]
2019-09-19 11:32:08,302 [grpc-default-executor-11] INFO  client.GrpcClientProtocolClient (GrpcClientProtocolClient.java:onNext(264)) - client-DF8585589FC5->758fd404-57a5-4b75-8be9-0c6c712b0af9: receive RaftClientReply:client-DF8585589FC5->758fd404-57a5-4b75-8be9-0c6c712b0af9@group-79AA6148534A, cid=192, FAILED org.apache.ratis.protocol.NotLeaderException: Server 758fd404-57a5-4b75-8be9-0c6c712b0af9@group-79AA6148534A is not the leader c3650528-2518-482e-bbf8-bc89690c370c:192.168.151.78:33979, logIndex=0, commits[758fd404-57a5-4b75-8be9-0c6c712b0af9:c14, c3650528-2518-482e-bbf8-bc89690c370c:c14, b6529db3-123b-4be0-a0cb-0e56f9592f33:c14]
2019-09-19 11:32:09,323 [grpc-default-executor-11] INFO  client.GrpcClientProtocolClient (GrpcClientProtocolClient.java:onNext(264)) - client-DF8585589FC5->758fd404-57a5-4b75-8be9-0c6c712b0af9: receive RaftClientReply:client-DF8585589FC5->758fd404-57a5-4b75-8be9-0c6c712b0af9@group-79AA6148534A, cid=192, FAILED org.apache.ratis.protocol.NotLeaderException: Server 758fd404-57a5-4b75-8be9-0c6c712b0af9@group-79AA6148534A is not the leader c3650528-2518-482e-bbf8-bc89690c370c:192.168.151.78:33979, logIndex=0, commits[758fd404-57a5-4b75-8be9-0c6c712b0af9:c14, c3650528-2518-482e-bbf8-bc89690c370c:c14, b6529db3-123b-4be0-a0cb-0e56f9592f33:c14]
2019-09-19 11:32:10,338 [grpc-default-executor-9] INFO  client.GrpcClientProtocolClient (GrpcClientProtocolClient.java:onNext(264)) - client-DF8585589FC5->b6529db3-123b-4be0-a0cb-0e56f9592f33: receive RaftClientReply:client-DF8585589FC5->b6529db3-123b-4be0-a0cb-0e56f9592f33@group-79AA6148534A, cid=192, FAILED org.apache.ratis.protocol.NotLeaderException: Server b6529db3-123b-4be0-a0cb-0e56f9592f33@group-79AA6148534A is not the leader c3650528-2518-482e-bbf8-bc89690c370c:192.168.151.78:33979, logIndex=0, commits[b6529db3-123b-4be0-a0cb-0e56f9592f33:c14, c3650528-2518-482e-bbf8-bc89690c370c:c14, 758fd404-57a5-4b75-8be9-0c6c712b0af9:c14]
2019-09-19 11:32:10,448 [Thread-3137] INFO  impl.FollowerState (FollowerState.java:run(106)) - 758fd404-57a5-4b75-8be9-0c6c712b0af9:group-79AA6148534A changes to CANDIDATE, lastRpcTime:8367, electionTimeout:5019ms
2019-09-19 11:32:10,450 [Thread-3137] INFO  impl.RoleInfo (RoleInfo.java:shutdownFollowerState(121)) - 758fd404-57a5-4b75-8be9-0c6c712b0af9: shutdown FollowerState
2019-09-19 11:32:10,450 [Thread-3137] INFO  impl.RaftServerImpl (RaftServerImpl.java:setRole(174)) - 758fd404-57a5-4b75-8be9-0c6c712b0af9@group-79AA6148534A: changes role from  FOLLOWER to CANDIDATE at term 1 for changeToCandidate
2019-09-19 11:32:10,450 [Thread-3137] INFO  impl.RoleInfo (RoleInfo.java:updateAndGet(143)) - 758fd404-57a5-4b75-8be9-0c6c712b0af9: start LeaderElection
2019-09-19 11:32:10,453 [758fd404-57a5-4b75-8be9-0c6c712b0af9@group-79AA6148534A:LeaderElection77] INFO  impl.RaftServerImpl (ServerState.java:setLeader(253)) - 758fd404-57a5-4b75-8be9-0c6c712b0af9@group-79AA6148534A: change Leader from c3650528-2518-482e-bbf8-bc89690c370c to null at term 1 for initElection
2019-09-19 11:32:10,488 [758fd404-57a5-4b75-8be9-0c6c712b0af9@group-79AA6148534A:LeaderElection77] INFO  impl.LeaderElection (LeaderElection.java:askForVotes(182)) - 758fd404-57a5-4b75-8be9-0c6c712b0af9@group-79AA6148534A:LeaderElection77: begin an election at term 2 for 0: [c3650528-2518-482e-bbf8-bc89690c370c:192.168.151.78:33979, 758fd404-57a5-4b75-8be9-0c6c712b0af9:192.168.151.78:36913, b6529db3-123b-4be0-a0cb-0e56f9592f33:192.168.151.78:37948], old=null
2019-09-19 11:32:10,491 [758fd404-57a5-4b75-8be9-0c6c712b0af9@group-79AA6148534A:LeaderElection77] INFO  impl.LeaderElection (LogUtils.java:infoOrTrace(149)) - 758fd404-57a5-4b75-8be9-0c6c712b0af9@group-79AA6148534A:LeaderElection77 got exception when requesting votes: {}
java.util.concurrent.ExecutionException: org.apache.ratis.thirdparty.io.grpc.StatusRuntimeException: UNAVAILABLE: io exception
	at java.util.concurrent.FutureTask.report(FutureTask.java:122)
	at java.util.concurrent.FutureTask.get(FutureTask.java:192)
	at org.apache.ratis.server.impl.LeaderElection.waitForResults(LeaderElection.java:263)
	at org.apache.ratis.server.impl.LeaderElection.askForVotes(LeaderElection.java:201)
	at org.apache.ratis.server.impl.LeaderElection.run(LeaderElection.java:133)
	at java.lang.Thread.run(Thread.java:748)
Caused by: org.apache.ratis.thirdparty.io.grpc.StatusRuntimeException: UNAVAILABLE: io exception
	at org.apache.ratis.thirdparty.io.grpc.stub.ClientCalls.toStatusRuntimeException(ClientCalls.java:233)
	at org.apache.ratis.thirdparty.io.grpc.stub.ClientCalls.getUnchecked(ClientCalls.java:214)
	at org.apache.ratis.thirdparty.io.grpc.stub.ClientCalls.blockingUnaryCall(ClientCalls.java:139)
	at org.apache.ratis.proto.grpc.RaftServerProtocolServiceGrpc$RaftServerProtocolServiceBlockingStub.requestVote(RaftServerProtocolServiceGrpc.java:265)
	at org.apache.ratis.grpc.server.GrpcServerProtocolClient.requestVote(GrpcServerProtocolClient.java:90)
	at org.apache.ratis.grpc.server.GrpcService.requestVote(GrpcService.java:204)
	at org.apache.ratis.server.impl.LeaderElection.lambda$submitRequests$1(LeaderElection.java:238)
	at java.util.concurrent.FutureTask.run(FutureTask.java:266)
	at java.util.concurrent.Executors$RunnableAdapter.call(Executors.java:511)
	at java.util.concurrent.FutureTask.run(FutureTask.java:266)
	at java.util.concurrent.ThreadPoolExecutor.runWorker(ThreadPoolExecutor.java:1149)
	at java.util.concurrent.ThreadPoolExecutor$Worker.run(ThreadPoolExecutor.java:624)
	... 1 more
Caused by: org.apache.ratis.thirdparty.io.netty.channel.AbstractChannel$AnnotatedConnectException: Connection refused: /192.168.151.78:33979
	at sun.nio.ch.SocketChannelImpl.checkConnect(Native Method)
	at sun.nio.ch.SocketChannelImpl.finishConnect(SocketChannelImpl.java:717)
	at org.apache.ratis.thirdparty.io.netty.channel.socket.nio.NioSocketChannel.doFinishConnect(NioSocketChannel.java:327)
	at org.apache.ratis.thirdparty.io.netty.channel.nio.AbstractNioChannel$AbstractNioUnsafe.finishConnect(AbstractNioChannel.java:340)
	at org.apache.ratis.thirdparty.io.netty.channel.nio.NioEventLoop.processSelectedKey(NioEventLoop.java:632)
	at org.apache.ratis.thirdparty.io.netty.channel.nio.NioEventLoop.processSelectedKeysOptimized(NioEventLoop.java:579)
	at org.apache.ratis.thirdparty.io.netty.channel.nio.NioEventLoop.processSelectedKeys(NioEventLoop.java:496)
	at org.apache.ratis.thirdparty.io.netty.channel.nio.NioEventLoop.run(NioEventLoop.java:458)
	at org.apache.ratis.thirdparty.io.netty.util.concurrent.SingleThreadEventExecutor$5.run(SingleThreadEventExecutor.java:897)
	at org.apache.ratis.thirdparty.io.netty.util.concurrent.FastThreadLocalRunnable.run(FastThreadLocalRunnable.java:30)
	... 1 more
Caused by: java.net.ConnectException: Connection refused
	... 11 more
2019-09-19 11:32:10,495 [grpc-default-executor-9] INFO  impl.RaftServerImpl (ServerState.java:setLeader(253)) - b6529db3-123b-4be0-a0cb-0e56f9592f33@group-79AA6148534A: change Leader from c3650528-2518-482e-bbf8-bc89690c370c to null at term 2 for updateCurrentTerm
2019-09-19 11:32:10,495 [grpc-default-executor-9] INFO  impl.RaftServerImpl (RaftServerImpl.java:setRole(174)) - b6529db3-123b-4be0-a0cb-0e56f9592f33@group-79AA6148534A: changes role from  FOLLOWER to FOLLOWER at term 2 for recognizeCandidate:758fd404-57a5-4b75-8be9-0c6c712b0af9
2019-09-19 11:32:10,495 [grpc-default-executor-9] INFO  impl.RoleInfo (RoleInfo.java:shutdownFollowerState(121)) - b6529db3-123b-4be0-a0cb-0e56f9592f33: shutdown FollowerState
2019-09-19 11:32:10,495 [grpc-default-executor-9] INFO  impl.RoleInfo (RoleInfo.java:updateAndGet(143)) - b6529db3-123b-4be0-a0cb-0e56f9592f33: start FollowerState
2019-09-19 11:32:10,495 [Thread-3144] INFO  impl.FollowerState (FollowerState.java:run(115)) - b6529db3-123b-4be0-a0cb-0e56f9592f33: FollowerState was interrupted: java.lang.InterruptedException: sleep interrupted
2019-09-19 11:32:10,515 [758fd404-57a5-4b75-8be9-0c6c712b0af9@group-79AA6148534A:LeaderElection77] INFO  impl.LeaderElection (LeaderElection.java:logAndReturn(56)) - 758fd404-57a5-4b75-8be9-0c6c712b0af9@group-79AA6148534A:LeaderElection77: Election PASSED; received 1 response(s) [758fd404-57a5-4b75-8be9-0c6c712b0af9<-b6529db3-123b-4be0-a0cb-0e56f9592f33#0:OK-t2] and 1 exception(s); 758fd404-57a5-4b75-8be9-0c6c712b0af9@group-79AA6148534A:t2, leader=null, voted=758fd404-57a5-4b75-8be9-0c6c712b0af9, raftlog=758fd404-57a5-4b75-8be9-0c6c712b0af9@group-79AA6148534A-SegmentedRaftLog:OPENED:c14,f14,i14, conf=0: [c3650528-2518-482e-bbf8-bc89690c370c:192.168.151.78:33979, 758fd404-57a5-4b75-8be9-0c6c712b0af9:192.168.151.78:36913, b6529db3-123b-4be0-a0cb-0e56f9592f33:192.168.151.78:37948], old=null
2019-09-19 11:32:10,515 [758fd404-57a5-4b75-8be9-0c6c712b0af9@group-79AA6148534A:LeaderElection77] INFO  impl.LeaderElection (LogUtils.java:infoOrTrace(149)) -   Exception 0: {}
java.util.concurrent.ExecutionException: org.apache.ratis.thirdparty.io.grpc.StatusRuntimeException: UNAVAILABLE: io exception
	at java.util.concurrent.FutureTask.report(FutureTask.java:122)
	at java.util.concurrent.FutureTask.get(FutureTask.java:192)
	at org.apache.ratis.server.impl.LeaderElection.waitForResults(LeaderElection.java:263)
	at org.apache.ratis.server.impl.LeaderElection.askForVotes(LeaderElection.java:201)
	at org.apache.ratis.server.impl.LeaderElection.run(LeaderElection.java:133)
	at java.lang.Thread.run(Thread.java:748)
Caused by: org.apache.ratis.thirdparty.io.grpc.StatusRuntimeException: UNAVAILABLE: io exception
	at org.apache.ratis.thirdparty.io.grpc.stub.ClientCalls.toStatusRuntimeException(ClientCalls.java:233)
	at org.apache.ratis.thirdparty.io.grpc.stub.ClientCalls.getUnchecked(ClientCalls.java:214)
	at org.apache.ratis.thirdparty.io.grpc.stub.ClientCalls.blockingUnaryCall(ClientCalls.java:139)
	at org.apache.ratis.proto.grpc.RaftServerProtocolServiceGrpc$RaftServerProtocolServiceBlockingStub.requestVote(RaftServerProtocolServiceGrpc.java:265)
	at org.apache.ratis.grpc.server.GrpcServerProtocolClient.requestVote(GrpcServerProtocolClient.java:90)
	at org.apache.ratis.grpc.server.GrpcService.requestVote(GrpcService.java:204)
	at org.apache.ratis.server.impl.LeaderElection.lambda$submitRequests$1(LeaderElection.java:238)
	at java.util.concurrent.FutureTask.run(FutureTask.java:266)
	at java.util.concurrent.Executors$RunnableAdapter.call(Executors.java:511)
	at java.util.concurrent.FutureTask.run(FutureTask.java:266)
	at java.util.concurrent.ThreadPoolExecutor.runWorker(ThreadPoolExecutor.java:1149)
	at java.util.concurrent.ThreadPoolExecutor$Worker.run(ThreadPoolExecutor.java:624)
	... 1 more
Caused by: org.apache.ratis.thirdparty.io.netty.channel.AbstractChannel$AnnotatedConnectException: Connection refused: /192.168.151.78:33979
	at sun.nio.ch.SocketChannelImpl.checkConnect(Native Method)
	at sun.nio.ch.SocketChannelImpl.finishConnect(SocketChannelImpl.java:717)
	at org.apache.ratis.thirdparty.io.netty.channel.socket.nio.NioSocketChannel.doFinishConnect(NioSocketChannel.java:327)
	at org.apache.ratis.thirdparty.io.netty.channel.nio.AbstractNioChannel$AbstractNioUnsafe.finishConnect(AbstractNioChannel.java:340)
	at org.apache.ratis.thirdparty.io.netty.channel.nio.NioEventLoop.processSelectedKey(NioEventLoop.java:632)
	at org.apache.ratis.thirdparty.io.netty.channel.nio.NioEventLoop.processSelectedKeysOptimized(NioEventLoop.java:579)
	at org.apache.ratis.thirdparty.io.netty.channel.nio.NioEventLoop.processSelectedKeys(NioEventLoop.java:496)
	at org.apache.ratis.thirdparty.io.netty.channel.nio.NioEventLoop.run(NioEventLoop.java:458)
	at org.apache.ratis.thirdparty.io.netty.util.concurrent.SingleThreadEventExecutor$5.run(SingleThreadEventExecutor.java:897)
	at org.apache.ratis.thirdparty.io.netty.util.concurrent.FastThreadLocalRunnable.run(FastThreadLocalRunnable.java:30)
	... 1 more
Caused by: java.net.ConnectException: Connection refused
	... 11 more
2019-09-19 11:32:10,516 [758fd404-57a5-4b75-8be9-0c6c712b0af9@group-79AA6148534A:LeaderElection77] INFO  impl.RoleInfo (RoleInfo.java:shutdownLeaderElection(134)) - 758fd404-57a5-4b75-8be9-0c6c712b0af9: shutdown LeaderElection
2019-09-19 11:32:10,516 [758fd404-57a5-4b75-8be9-0c6c712b0af9@group-79AA6148534A:LeaderElection77] INFO  impl.RaftServerImpl (RaftServerImpl.java:setRole(174)) - 758fd404-57a5-4b75-8be9-0c6c712b0af9@group-79AA6148534A: changes role from CANDIDATE to LEADER at term 2 for changeToLeader
2019-09-19 11:32:10,516 [758fd404-57a5-4b75-8be9-0c6c712b0af9@group-79AA6148534A:LeaderElection77] INFO  impl.RaftServerImpl (ServerState.java:setLeader(253)) - 758fd404-57a5-4b75-8be9-0c6c712b0af9@group-79AA6148534A: change Leader from null to 758fd404-57a5-4b75-8be9-0c6c712b0af9 at term 2 for becomeLeader, leader elected after 62ms
2019-09-19 11:32:10,516 [758fd404-57a5-4b75-8be9-0c6c712b0af9@group-79AA6148534A:LeaderElection77] INFO  server.RaftServerConfigKeys (ConfUtils.java:logGet(43)) - raft.server.staging.catchup.gap = 1000 (default)
2019-09-19 11:32:10,517 [758fd404-57a5-4b75-8be9-0c6c712b0af9@group-79AA6148534A:LeaderElection77] INFO  server.RaftServerConfigKeys (ConfUtils.java:logGet(43)) - raft.server.rpc.sleep.time = 25ms (default)
2019-09-19 11:32:10,517 [758fd404-57a5-4b75-8be9-0c6c712b0af9@group-79AA6148534A:LeaderElection77] INFO  server.RaftServerConfigKeys (ConfUtils.java:logGet(43)) - raft.server.write.element-limit = 4096 (default)
2019-09-19 11:32:10,517 [758fd404-57a5-4b75-8be9-0c6c712b0af9@group-79AA6148534A:LeaderElection77] INFO  server.RaftServerConfigKeys (ConfUtils.java:logGet(43)) - raft.server.watch.timeout = 10s (default)
2019-09-19 11:32:10,517 [758fd404-57a5-4b75-8be9-0c6c712b0af9@group-79AA6148534A:LeaderElection77] INFO  server.RaftServerConfigKeys (ConfUtils.java:logGet(43)) - raft.server.watch.timeout.denomination = 1s (default)
2019-09-19 11:32:10,517 [758fd404-57a5-4b75-8be9-0c6c712b0af9@group-79AA6148534A:LeaderElection77] INFO  server.RaftServerConfigKeys (ConfUtils.java:logGet(43)) - raft.server.watch.element-limit = 65536 (default)
2019-09-19 11:32:10,521 [758fd404-57a5-4b75-8be9-0c6c712b0af9@group-79AA6148534A:LeaderElection77] INFO  server.RaftServerConfigKeys (ConfUtils.java:logGet(43)) - raft.server.log.appender.snapshot.chunk.size.max = 16MB (=16777216) (default)
2019-09-19 11:32:10,521 [758fd404-57a5-4b75-8be9-0c6c712b0af9@group-79AA6148534A:LeaderElection77] INFO  server.RaftServerConfigKeys (ConfUtils.java:logGet(43)) - raft.server.log.appender.buffer.byte-limit = 33554432 (custom)
2019-09-19 11:32:10,521 [758fd404-57a5-4b75-8be9-0c6c712b0af9@group-79AA6148534A:LeaderElection77] INFO  server.RaftServerConfigKeys (ConfUtils.java:logGet(43)) - raft.server.log.appender.buffer.element-limit = 1 (custom)
2019-09-19 11:32:10,521 [758fd404-57a5-4b75-8be9-0c6c712b0af9@group-79AA6148534A:LeaderElection77] INFO  grpc.GrpcConfigKeys$Server (ConfUtils.java:logGet(43)) - raft.grpc.server.leader.outstanding.appends.max = 128 (default)
2019-09-19 11:32:10,521 [758fd404-57a5-4b75-8be9-0c6c712b0af9@group-79AA6148534A:LeaderElection77] INFO  server.RaftServerConfigKeys (ConfUtils.java:logGet(43)) - raft.server.rpc.request.timeout = 3000ms (default)
2019-09-19 11:32:10,522 [758fd404-57a5-4b75-8be9-0c6c712b0af9@group-79AA6148534A:LeaderElection77] INFO  server.RaftServerConfigKeys (ConfUtils.java:logGet(43)) - raft.server.log.appender.install.snapshot.enabled = false (custom)
2019-09-19 11:32:10,522 [758fd404-57a5-4b75-8be9-0c6c712b0af9@group-79AA6148534A:LeaderElection77] INFO  server.RaftServerConfigKeys (ConfUtils.java:logGet(43)) - raft.server.log.appender.snapshot.chunk.size.max = 16MB (=16777216) (default)
2019-09-19 11:32:10,522 [758fd404-57a5-4b75-8be9-0c6c712b0af9@group-79AA6148534A:LeaderElection77] INFO  server.RaftServerConfigKeys (ConfUtils.java:logGet(43)) - raft.server.log.appender.buffer.byte-limit = 33554432 (custom)
2019-09-19 11:32:10,522 [758fd404-57a5-4b75-8be9-0c6c712b0af9@group-79AA6148534A:LeaderElection77] INFO  server.RaftServerConfigKeys (ConfUtils.java:logGet(43)) - raft.server.log.appender.buffer.element-limit = 1 (custom)
2019-09-19 11:32:10,522 [758fd404-57a5-4b75-8be9-0c6c712b0af9@group-79AA6148534A:LeaderElection77] INFO  grpc.GrpcConfigKeys$Server (ConfUtils.java:logGet(43)) - raft.grpc.server.leader.outstanding.appends.max = 128 (default)
2019-09-19 11:32:10,522 [758fd404-57a5-4b75-8be9-0c6c712b0af9@group-79AA6148534A:LeaderElection77] INFO  server.RaftServerConfigKeys (ConfUtils.java:logGet(43)) - raft.server.rpc.request.timeout = 3000ms (default)
2019-09-19 11:32:10,522 [758fd404-57a5-4b75-8be9-0c6c712b0af9@group-79AA6148534A:LeaderElection77] INFO  server.RaftServerConfigKeys (ConfUtils.java:logGet(43)) - raft.server.log.appender.install.snapshot.enabled = false (custom)
2019-09-19 11:32:10,523 [758fd404-57a5-4b75-8be9-0c6c712b0af9@group-79AA6148534A:LeaderElection77] INFO  impl.RoleInfo (RoleInfo.java:updateAndGet(143)) - 758fd404-57a5-4b75-8be9-0c6c712b0af9: start LeaderState
2019-09-19 11:32:10,523 [758fd404-57a5-4b75-8be9-0c6c712b0af9@group-79AA6148534A:LeaderElection77] INFO  segmented.SegmentedRaftLogWorker (SegmentedRaftLogWorker.java:rollLogSegment(385)) - 758fd404-57a5-4b75-8be9-0c6c712b0af9@group-79AA6148534A-SegmentedRaftLogWorker: Rolling segment log-0_14 to index:14
2019-09-19 11:32:10,526 [758fd404-57a5-4b75-8be9-0c6c712b0af9@group-79AA6148534A:LeaderElection77] INFO  impl.RaftServerImpl (ServerState.java:setRaftConf(354)) - 758fd404-57a5-4b75-8be9-0c6c712b0af9@group-79AA6148534A: set configuration 15: [c3650528-2518-482e-bbf8-bc89690c370c:192.168.151.78:33979, 758fd404-57a5-4b75-8be9-0c6c712b0af9:192.168.151.78:36913, b6529db3-123b-4be0-a0cb-0e56f9592f33:192.168.151.78:37948], old=null at 15
2019-09-19 11:32:10,527 [grpc-default-executor-9] WARN  server.GrpcLogAppender (LogUtils.java:warn(134)) - 758fd404-57a5-4b75-8be9-0c6c712b0af9@group-79AA6148534A->c3650528-2518-482e-bbf8-bc89690c370c-AppendLogResponseHandler: Failed appendEntries: org.apache.ratis.thirdparty.io.grpc.StatusRuntimeException: UNAVAILABLE: io exception
2019-09-19 11:32:10,533 [grpc-default-executor-9] INFO  impl.FollowerInfo (FollowerInfo.java:lambda$new$0(51)) - 758fd404-57a5-4b75-8be9-0c6c712b0af9@group-79AA6148534A->c3650528-2518-482e-bbf8-bc89690c370c: nextIndex: updateUnconditionally 15 -> 1
2019-09-19 11:32:10,533 [758fd404-57a5-4b75-8be9-0c6c712b0af9@group-79AA6148534A-SegmentedRaftLogWorker] INFO  segmented.SegmentedRaftLogWorker (SegmentedRaftLogWorker.java:execute(526)) - 758fd404-57a5-4b75-8be9-0c6c712b0af9@group-79AA6148534A-SegmentedRaftLogWorker: Rolled log segment from /workdir/hadoop-ozone/integration-test/target/test-dir/MiniOzoneClusterImpl-6da57ec2-366d-4ea4-a605-9b5cf4b6fb5d/datanode-5/data/ratis/1a3cfdfb-0de5-4c93-a669-79aa6148534a/current/log_inprogress_0 to /workdir/hadoop-ozone/integration-test/target/test-dir/MiniOzoneClusterImpl-6da57ec2-366d-4ea4-a605-9b5cf4b6fb5d/datanode-5/data/ratis/1a3cfdfb-0de5-4c93-a669-79aa6148534a/current/log_0-14
2019-09-19 11:32:10,533 [grpc-default-executor-9] INFO  impl.RaftServerImpl (ServerState.java:setLeader(253)) - b6529db3-123b-4be0-a0cb-0e56f9592f33@group-79AA6148534A: change Leader from null to 758fd404-57a5-4b75-8be9-0c6c712b0af9 at term 2 for appendEntries, leader elected after 38ms
2019-09-19 11:32:10,535 [grpc-default-executor-9] INFO  impl.RaftServerImpl (ServerState.java:setRaftConf(354)) - b6529db3-123b-4be0-a0cb-0e56f9592f33@group-79AA6148534A: set configuration 15: [c3650528-2518-482e-bbf8-bc89690c370c:192.168.151.78:33979, 758fd404-57a5-4b75-8be9-0c6c712b0af9:192.168.151.78:36913, b6529db3-123b-4be0-a0cb-0e56f9592f33:192.168.151.78:37948], old=null at 15
2019-09-19 11:32:10,536 [grpc-default-executor-9] INFO  segmented.SegmentedRaftLogWorker (SegmentedRaftLogWorker.java:rollLogSegment(385)) - b6529db3-123b-4be0-a0cb-0e56f9592f33@group-79AA6148534A-SegmentedRaftLogWorker: Rolling segment log-0_14 to index:14
2019-09-19 11:32:10,536 [b6529db3-123b-4be0-a0cb-0e56f9592f33@group-79AA6148534A-SegmentedRaftLogWorker] INFO  segmented.SegmentedRaftLogWorker (SegmentedRaftLogWorker.java:execute(526)) - b6529db3-123b-4be0-a0cb-0e56f9592f33@group-79AA6148534A-SegmentedRaftLogWorker: Rolled log segment from /workdir/hadoop-ozone/integration-test/target/test-dir/MiniOzoneClusterImpl-6da57ec2-366d-4ea4-a605-9b5cf4b6fb5d/datanode-3/data/ratis/1a3cfdfb-0de5-4c93-a669-79aa6148534a/current/log_inprogress_0 to /workdir/hadoop-ozone/integration-test/target/test-dir/MiniOzoneClusterImpl-6da57ec2-366d-4ea4-a605-9b5cf4b6fb5d/datanode-3/data/ratis/1a3cfdfb-0de5-4c93-a669-79aa6148534a/current/log_0-14
2019-09-19 11:32:10,584 [758fd404-57a5-4b75-8be9-0c6c712b0af9@group-79AA6148534A-SegmentedRaftLogWorker] INFO  segmented.SegmentedRaftLogWorker (SegmentedRaftLogWorker.java:execute(569)) - 758fd404-57a5-4b75-8be9-0c6c712b0af9@group-79AA6148534A-SegmentedRaftLogWorker: created new log segment /workdir/hadoop-ozone/integration-test/target/test-dir/MiniOzoneClusterImpl-6da57ec2-366d-4ea4-a605-9b5cf4b6fb5d/datanode-5/data/ratis/1a3cfdfb-0de5-4c93-a669-79aa6148534a/current/log_inprogress_15
2019-09-19 11:32:10,597 [b6529db3-123b-4be0-a0cb-0e56f9592f33@group-79AA6148534A-SegmentedRaftLogWorker] INFO  segmented.SegmentedRaftLogWorker (SegmentedRaftLogWorker.java:execute(569)) - b6529db3-123b-4be0-a0cb-0e56f9592f33@group-79AA6148534A-SegmentedRaftLogWorker: created new log segment /workdir/hadoop-ozone/integration-test/target/test-dir/MiniOzoneClusterImpl-6da57ec2-366d-4ea4-a605-9b5cf4b6fb5d/datanode-3/data/ratis/1a3cfdfb-0de5-4c93-a669-79aa6148534a/current/log_inprogress_15
2019-09-19 11:32:10,610 [grpc-default-executor-9] WARN  server.GrpcLogAppender (LogUtils.java:warn(134)) - 758fd404-57a5-4b75-8be9-0c6c712b0af9@group-79AA6148534A->c3650528-2518-482e-bbf8-bc89690c370c-AppendLogResponseHandler: Failed appendEntries: org.apache.ratis.thirdparty.io.grpc.StatusRuntimeException: UNAVAILABLE: io exception
2019-09-19 11:32:10,611 [grpc-default-executor-9] INFO  impl.FollowerInfo (FollowerInfo.java:lambda$new$0(51)) - 758fd404-57a5-4b75-8be9-0c6c712b0af9@group-79AA6148534A->c3650528-2518-482e-bbf8-bc89690c370c: nextIndex: updateUnconditionally 2 -> 1
2019-09-19 11:32:10,618 [grpc-default-executor-0] WARN  server.GrpcLogAppender (LogUtils.java:warn(134)) - 758fd404-57a5-4b75-8be9-0c6c712b0af9@group-79AA6148534A->c3650528-2518-482e-bbf8-bc89690c370c-AppendLogResponseHandler: Failed appendEntries: org.apache.ratis.thirdparty.io.grpc.StatusRuntimeException: UNAVAILABLE: io exception
2019-09-19 11:32:10,619 [grpc-default-executor-0] INFO  impl.FollowerInfo (FollowerInfo.java:lambda$new$0(51)) - 758fd404-57a5-4b75-8be9-0c6c712b0af9@group-79AA6148534A->c3650528-2518-482e-bbf8-bc89690c370c: nextIndex: updateUnconditionally 2 -> 1
2019-09-19 11:32:11,354 [grpc-default-executor-0] INFO  client.GrpcClientProtocolClient (GrpcClientProtocolClient.java:onNext(264)) - client-DF8585589FC5->b6529db3-123b-4be0-a0cb-0e56f9592f33: receive RaftClientReply:client-DF8585589FC5->b6529db3-123b-4be0-a0cb-0e56f9592f33@group-79AA6148534A, cid=192, FAILED org.apache.ratis.protocol.NotLeaderException: Server b6529db3-123b-4be0-a0cb-0e56f9592f33@group-79AA6148534A is not the leader 758fd404-57a5-4b75-8be9-0c6c712b0af9:192.168.151.78:36913, logIndex=0, commits[b6529db3-123b-4be0-a0cb-0e56f9592f33:c15, c3650528-2518-482e-bbf8-bc89690c370c:c14, 758fd404-57a5-4b75-8be9-0c6c712b0af9:c15]
11:32:11.360 [grpc-default-executor-0] ERROR DNAudit - user=null | ip=null | op=WRITE_CHUNK {blockData=conID: 1 locID: 102818952651735053 bcsId: 12} | ret=FAILURE
org.apache.hadoop.hdds.scm.container.common.helpers.ContainerNotOpenException: Container 1 in CLOSING state
	at org.apache.hadoop.ozone.container.common.impl.HddsDispatcher.validateContainerCommand(HddsDispatcher.java:434) ~[hadoop-hdds-container-service-0.5.0-SNAPSHOT.jar:?]
	at org.apache.hadoop.ozone.container.common.transport.server.ratis.ContainerStateMachine.startTransaction(ContainerStateMachine.java:315) ~[hadoop-hdds-container-service-0.5.0-SNAPSHOT.jar:?]
	at org.apache.ratis.server.impl.RaftServerImpl.submitClientRequestAsync(RaftServerImpl.java:573) ~[ratis-server-0.4.0-78e95b9-SNAPSHOT.jar:0.4.0-78e95b9-SNAPSHOT]
	at org.apache.ratis.server.impl.RaftServerProxy.lambda$submitClientRequestAsync$7(RaftServerProxy.java:333) ~[ratis-server-0.4.0-78e95b9-SNAPSHOT.jar:0.4.0-78e95b9-SNAPSHOT]
	at org.apache.ratis.server.impl.RaftServerProxy.lambda$null$5(RaftServerProxy.java:328) ~[ratis-server-0.4.0-78e95b9-SNAPSHOT.jar:0.4.0-78e95b9-SNAPSHOT]
	at org.apache.ratis.util.JavaUtils.callAsUnchecked(JavaUtils.java:109) ~[ratis-common-0.4.0-78e95b9-SNAPSHOT.jar:0.4.0-78e95b9-SNAPSHOT]
	at org.apache.ratis.server.impl.RaftServerProxy.lambda$submitRequest$6(RaftServerProxy.java:328) ~[ratis-server-0.4.0-78e95b9-SNAPSHOT.jar:0.4.0-78e95b9-SNAPSHOT]
	at java.util.concurrent.CompletableFuture.uniComposeStage(CompletableFuture.java:981) ~[?:1.8.0_212]
	at java.util.concurrent.CompletableFuture.thenCompose(CompletableFuture.java:2124) ~[?:1.8.0_212]
	at org.apache.ratis.server.impl.RaftServerProxy.submitRequest(RaftServerProxy.java:327) ~[ratis-server-0.4.0-78e95b9-SNAPSHOT.jar:0.4.0-78e95b9-SNAPSHOT]
	at org.apache.ratis.server.impl.RaftServerProxy.submitClientRequestAsync(RaftServerProxy.java:333) ~[ratis-server-0.4.0-78e95b9-SNAPSHOT.jar:0.4.0-78e95b9-SNAPSHOT]
	at org.apache.ratis.grpc.client.GrpcClientProtocolService$RequestStreamObserver.processClientRequest(GrpcClientProtocolService.java:220) ~[ratis-grpc-0.4.0-78e95b9-SNAPSHOT.jar:0.4.0-78e95b9-SNAPSHOT]
	at org.apache.ratis.grpc.client.GrpcClientProtocolService$OrderedRequestStreamObserver.processClientRequest(GrpcClientProtocolService.java:326) ~[ratis-grpc-0.4.0-78e95b9-SNAPSHOT.jar:0.4.0-78e95b9-SNAPSHOT]
	at org.apache.ratis.util.SlidingWindow$Server.processRequestsFromHead(SlidingWindow.java:429) [ratis-common-0.4.0-78e95b9-SNAPSHOT.jar:0.4.0-78e95b9-SNAPSHOT]
	at org.apache.ratis.util.SlidingWindow$Server.receivedRequest(SlidingWindow.java:421) [ratis-common-0.4.0-78e95b9-SNAPSHOT.jar:0.4.0-78e95b9-SNAPSHOT]
	at org.apache.ratis.grpc.client.GrpcClientProtocolService$OrderedRequestStreamObserver.processClientRequest(GrpcClientProtocolService.java:345) [ratis-grpc-0.4.0-78e95b9-SNAPSHOT.jar:0.4.0-78e95b9-SNAPSHOT]
	at org.apache.ratis.grpc.client.GrpcClientProtocolService$RequestStreamObserver.onNext(GrpcClientProtocolService.java:240) [ratis-grpc-0.4.0-78e95b9-SNAPSHOT.jar:0.4.0-78e95b9-SNAPSHOT]
	at org.apache.ratis.grpc.client.GrpcClientProtocolService$RequestStreamObserver.onNext(GrpcClientProtocolService.java:168) [ratis-grpc-0.4.0-78e95b9-SNAPSHOT.jar:0.4.0-78e95b9-SNAPSHOT]
	at org.apache.ratis.thirdparty.io.grpc.stub.ServerCalls$StreamingServerCallHandler$StreamingServerCallListener.onMessage(ServerCalls.java:248) [ratis-thirdparty-misc-0.2.0.jar:0.2.0]
	at org.apache.ratis.thirdparty.io.grpc.internal.ServerCallImpl$ServerStreamListenerImpl.messagesAvailable(ServerCallImpl.java:263) [ratis-thirdparty-misc-0.2.0.jar:0.2.0]
	at org.apache.ratis.thirdparty.io.grpc.internal.ServerImpl$JumpToApplicationThreadServerStreamListener$1MessagesAvailable.runInContext(ServerImpl.java:686) [ratis-thirdparty-misc-0.2.0.jar:0.2.0]
	at org.apache.ratis.thirdparty.io.grpc.internal.ContextRunnable.run(ContextRunnable.java:37) [ratis-thirdparty-misc-0.2.0.jar:0.2.0]
	at org.apache.ratis.thirdparty.io.grpc.internal.SerializingExecutor.run(SerializingExecutor.java:123) [ratis-thirdparty-misc-0.2.0.jar:0.2.0]
	at java.util.concurrent.ThreadPoolExecutor.runWorker(ThreadPoolExecutor.java:1149) [?:1.8.0_212]
	at java.util.concurrent.ThreadPoolExecutor$Worker.run(ThreadPoolExecutor.java:624) [?:1.8.0_212]
	at java.lang.Thread.run(Thread.java:748) [?:1.8.0_212]
2019-09-19 11:32:11,375 [grpc-default-executor-0] INFO  client.GrpcClientProtocolClient (GrpcClientProtocolClient.java:onNext(264)) - client-DF8585589FC5->758fd404-57a5-4b75-8be9-0c6c712b0af9: receive RaftClientReply:client-DF8585589FC5->758fd404-57a5-4b75-8be9-0c6c712b0af9@group-79AA6148534A, cid=192, FAILED org.apache.ratis.protocol.StateMachineException: org.apache.hadoop.hdds.scm.container.common.helpers.ContainerNotOpenException from Server 758fd404-57a5-4b75-8be9-0c6c712b0af9@group-79AA6148534A: Container 1 in CLOSING state, logIndex=0, commits[758fd404-57a5-4b75-8be9-0c6c712b0af9:c16, c3650528-2518-482e-bbf8-bc89690c370c:c14, b6529db3-123b-4be0-a0cb-0e56f9592f33:c15]
11:32:11.376 [grpc-default-executor-11] ERROR DNAudit - user=null | ip=null | op=WRITE_CHUNK {blockData=conID: 1 locID: 102818952651735053 bcsId: 12} | ret=FAILURE
org.apache.hadoop.hdds.scm.container.common.helpers.ContainerNotOpenException: Container 1 in CLOSING state
	at org.apache.hadoop.ozone.container.common.impl.HddsDispatcher.validateContainerCommand(HddsDispatcher.java:434) ~[hadoop-hdds-container-service-0.5.0-SNAPSHOT.jar:?]
	at org.apache.hadoop.ozone.container.common.transport.server.ratis.ContainerStateMachine.startTransaction(ContainerStateMachine.java:315) ~[hadoop-hdds-container-service-0.5.0-SNAPSHOT.jar:?]
	at org.apache.ratis.server.impl.RaftServerImpl.submitClientRequestAsync(RaftServerImpl.java:573) ~[ratis-server-0.4.0-78e95b9-SNAPSHOT.jar:0.4.0-78e95b9-SNAPSHOT]
	at org.apache.ratis.server.impl.RaftServerProxy.lambda$submitClientRequestAsync$7(RaftServerProxy.java:333) ~[ratis-server-0.4.0-78e95b9-SNAPSHOT.jar:0.4.0-78e95b9-SNAPSHOT]
	at org.apache.ratis.server.impl.RaftServerProxy.lambda$null$5(RaftServerProxy.java:328) ~[ratis-server-0.4.0-78e95b9-SNAPSHOT.jar:0.4.0-78e95b9-SNAPSHOT]
	at org.apache.ratis.util.JavaUtils.callAsUnchecked(JavaUtils.java:109) ~[ratis-common-0.4.0-78e95b9-SNAPSHOT.jar:0.4.0-78e95b9-SNAPSHOT]
	at org.apache.ratis.server.impl.RaftServerProxy.lambda$submitRequest$6(RaftServerProxy.java:328) ~[ratis-server-0.4.0-78e95b9-SNAPSHOT.jar:0.4.0-78e95b9-SNAPSHOT]
	at java.util.concurrent.CompletableFuture.uniComposeStage(CompletableFuture.java:981) ~[?:1.8.0_212]
	at java.util.concurrent.CompletableFuture.thenCompose(CompletableFuture.java:2124) ~[?:1.8.0_212]
	at org.apache.ratis.server.impl.RaftServerProxy.submitRequest(RaftServerProxy.java:327) ~[ratis-server-0.4.0-78e95b9-SNAPSHOT.jar:0.4.0-78e95b9-SNAPSHOT]
	at org.apache.ratis.server.impl.RaftServerProxy.submitClientRequestAsync(RaftServerProxy.java:333) ~[ratis-server-0.4.0-78e95b9-SNAPSHOT.jar:0.4.0-78e95b9-SNAPSHOT]
	at org.apache.ratis.grpc.client.GrpcClientProtocolService$RequestStreamObserver.processClientRequest(GrpcClientProtocolService.java:220) ~[ratis-grpc-0.4.0-78e95b9-SNAPSHOT.jar:0.4.0-78e95b9-SNAPSHOT]
	at org.apache.ratis.grpc.client.GrpcClientProtocolService$OrderedRequestStreamObserver.processClientRequest(GrpcClientProtocolService.java:326) ~[ratis-grpc-0.4.0-78e95b9-SNAPSHOT.jar:0.4.0-78e95b9-SNAPSHOT]
	at org.apache.ratis.util.SlidingWindow$Server.processRequestsFromHead(SlidingWindow.java:429) [ratis-common-0.4.0-78e95b9-SNAPSHOT.jar:0.4.0-78e95b9-SNAPSHOT]
	at org.apache.ratis.util.SlidingWindow$Server.receivedRequest(SlidingWindow.java:421) [ratis-common-0.4.0-78e95b9-SNAPSHOT.jar:0.4.0-78e95b9-SNAPSHOT]
	at org.apache.ratis.grpc.client.GrpcClientProtocolService$OrderedRequestStreamObserver.processClientRequest(GrpcClientProtocolService.java:345) [ratis-grpc-0.4.0-78e95b9-SNAPSHOT.jar:0.4.0-78e95b9-SNAPSHOT]
	at org.apache.ratis.grpc.client.GrpcClientProtocolService$RequestStreamObserver.onNext(GrpcClientProtocolService.java:240) [ratis-grpc-0.4.0-78e95b9-SNAPSHOT.jar:0.4.0-78e95b9-SNAPSHOT]
	at org.apache.ratis.grpc.client.GrpcClientProtocolService$RequestStreamObserver.onNext(GrpcClientProtocolService.java:168) [ratis-grpc-0.4.0-78e95b9-SNAPSHOT.jar:0.4.0-78e95b9-SNAPSHOT]
	at org.apache.ratis.thirdparty.io.grpc.stub.ServerCalls$StreamingServerCallHandler$StreamingServerCallListener.onMessage(ServerCalls.java:248) [ratis-thirdparty-misc-0.2.0.jar:0.2.0]
	at org.apache.ratis.thirdparty.io.grpc.internal.ServerCallImpl$ServerStreamListenerImpl.messagesAvailable(ServerCallImpl.java:263) [ratis-thirdparty-misc-0.2.0.jar:0.2.0]
	at org.apache.ratis.thirdparty.io.grpc.internal.ServerImpl$JumpToApplicationThreadServerStreamListener$1MessagesAvailable.runInContext(ServerImpl.java:686) [ratis-thirdparty-misc-0.2.0.jar:0.2.0]
	at org.apache.ratis.thirdparty.io.grpc.internal.ContextRunnable.run(ContextRunnable.java:37) [ratis-thirdparty-misc-0.2.0.jar:0.2.0]
	at org.apache.ratis.thirdparty.io.grpc.internal.SerializingExecutor.run(SerializingExecutor.java:123) [ratis-thirdparty-misc-0.2.0.jar:0.2.0]
	at java.util.concurrent.ThreadPoolExecutor.runWorker(ThreadPoolExecutor.java:1149) [?:1.8.0_212]
	at java.util.concurrent.ThreadPoolExecutor$Worker.run(ThreadPoolExecutor.java:624) [?:1.8.0_212]
	at java.lang.Thread.run(Thread.java:748) [?:1.8.0_212]
11:32:11.378 [grpc-default-executor-11] ERROR DNAudit - user=null | ip=null | op=PUT_BLOCK {blockData=[blockId=conID: 1 locID: 102818952651735053 bcsId: 0,size=650]} | ret=FAILURE
org.apache.hadoop.hdds.scm.container.common.helpers.ContainerNotOpenException: Container 1 in CLOSING state
	at org.apache.hadoop.ozone.container.common.impl.HddsDispatcher.validateContainerCommand(HddsDispatcher.java:434) ~[hadoop-hdds-container-service-0.5.0-SNAPSHOT.jar:?]
	at org.apache.hadoop.ozone.container.common.transport.server.ratis.ContainerStateMachine.startTransaction(ContainerStateMachine.java:315) ~[hadoop-hdds-container-service-0.5.0-SNAPSHOT.jar:?]
	at org.apache.ratis.server.impl.RaftServerImpl.submitClientRequestAsync(RaftServerImpl.java:573) ~[ratis-server-0.4.0-78e95b9-SNAPSHOT.jar:0.4.0-78e95b9-SNAPSHOT]
	at org.apache.ratis.server.impl.RaftServerProxy.lambda$submitClientRequestAsync$7(RaftServerProxy.java:333) ~[ratis-server-0.4.0-78e95b9-SNAPSHOT.jar:0.4.0-78e95b9-SNAPSHOT]
	at org.apache.ratis.server.impl.RaftServerProxy.lambda$null$5(RaftServerProxy.java:328) ~[ratis-server-0.4.0-78e95b9-SNAPSHOT.jar:0.4.0-78e95b9-SNAPSHOT]
	at org.apache.ratis.util.JavaUtils.callAsUnchecked(JavaUtils.java:109) ~[ratis-common-0.4.0-78e95b9-SNAPSHOT.jar:0.4.0-78e95b9-SNAPSHOT]
	at org.apache.ratis.server.impl.RaftServerProxy.lambda$submitRequest$6(RaftServerProxy.java:328) ~[ratis-server-0.4.0-78e95b9-SNAPSHOT.jar:0.4.0-78e95b9-SNAPSHOT]
	at java.util.concurrent.CompletableFuture.uniComposeStage(CompletableFuture.java:981) ~[?:1.8.0_212]
	at java.util.concurrent.CompletableFuture.thenCompose(CompletableFuture.java:2124) ~[?:1.8.0_212]
	at org.apache.ratis.server.impl.RaftServerProxy.submitRequest(RaftServerProxy.java:327) ~[ratis-server-0.4.0-78e95b9-SNAPSHOT.jar:0.4.0-78e95b9-SNAPSHOT]
	at org.apache.ratis.server.impl.RaftServerProxy.submitClientRequestAsync(RaftServerProxy.java:333) ~[ratis-server-0.4.0-78e95b9-SNAPSHOT.jar:0.4.0-78e95b9-SNAPSHOT]
	at org.apache.ratis.grpc.client.GrpcClientProtocolService$RequestStreamObserver.processClientRequest(GrpcClientProtocolService.java:220) ~[ratis-grpc-0.4.0-78e95b9-SNAPSHOT.jar:0.4.0-78e95b9-SNAPSHOT]
	at org.apache.ratis.grpc.client.GrpcClientProtocolService$OrderedRequestStreamObserver.processClientRequest(GrpcClientProtocolService.java:326) ~[ratis-grpc-0.4.0-78e95b9-SNAPSHOT.jar:0.4.0-78e95b9-SNAPSHOT]
	at org.apache.ratis.util.SlidingWindow$Server.processRequestsFromHead(SlidingWindow.java:429) [ratis-common-0.4.0-78e95b9-SNAPSHOT.jar:0.4.0-78e95b9-SNAPSHOT]
	at org.apache.ratis.util.SlidingWindow$Server.receivedRequest(SlidingWindow.java:421) [ratis-common-0.4.0-78e95b9-SNAPSHOT.jar:0.4.0-78e95b9-SNAPSHOT]
	at org.apache.ratis.grpc.client.GrpcClientProtocolService$OrderedRequestStreamObserver.processClientRequest(GrpcClientProtocolService.java:345) [ratis-grpc-0.4.0-78e95b9-SNAPSHOT.jar:0.4.0-78e95b9-SNAPSHOT]
	at org.apache.ratis.grpc.client.GrpcClientProtocolService$RequestStreamObserver.onNext(GrpcClientProtocolService.java:240) [ratis-grpc-0.4.0-78e95b9-SNAPSHOT.jar:0.4.0-78e95b9-SNAPSHOT]
	at org.apache.ratis.grpc.client.GrpcClientProtocolService$RequestStreamObserver.onNext(GrpcClientProtocolService.java:168) [ratis-grpc-0.4.0-78e95b9-SNAPSHOT.jar:0.4.0-78e95b9-SNAPSHOT]
	at org.apache.ratis.thirdparty.io.grpc.stub.ServerCalls$StreamingServerCallHandler$StreamingServerCallListener.onMessage(ServerCalls.java:248) [ratis-thirdparty-misc-0.2.0.jar:0.2.0]
	at org.apache.ratis.thirdparty.io.grpc.internal.ServerCallImpl$ServerStreamListenerImpl.messagesAvailable(ServerCallImpl.java:263) [ratis-thirdparty-misc-0.2.0.jar:0.2.0]
	at org.apache.ratis.thirdparty.io.grpc.internal.ServerImpl$JumpToApplicationThreadServerStreamListener$1MessagesAvailable.runInContext(ServerImpl.java:686) [ratis-thirdparty-misc-0.2.0.jar:0.2.0]
	at org.apache.ratis.thirdparty.io.grpc.internal.ContextRunnable.run(ContextRunnable.java:37) [ratis-thirdparty-misc-0.2.0.jar:0.2.0]
	at org.apache.ratis.thirdparty.io.grpc.internal.SerializingExecutor.run(SerializingExecutor.java:123) [ratis-thirdparty-misc-0.2.0.jar:0.2.0]
	at java.util.concurrent.ThreadPoolExecutor.runWorker(ThreadPoolExecutor.java:1149) [?:1.8.0_212]
	at java.util.concurrent.ThreadPoolExecutor$Worker.run(ThreadPoolExecutor.java:624) [?:1.8.0_212]
	at java.lang.Thread.run(Thread.java:748) [?:1.8.0_212]
11:32:11.385 [grpc-default-executor-11] ERROR DNAudit - user=null | ip=null | op=WRITE_CHUNK {blockData=conID: 1 locID: 102818952651735053 bcsId: 12} | ret=FAILURE
org.apache.hadoop.hdds.scm.container.common.helpers.ContainerNotOpenException: Container 1 in CLOSING state
	at org.apache.hadoop.ozone.container.common.impl.HddsDispatcher.validateContainerCommand(HddsDispatcher.java:434) ~[hadoop-hdds-container-service-0.5.0-SNAPSHOT.jar:?]
	at org.apache.hadoop.ozone.container.common.transport.server.ratis.ContainerStateMachine.startTransaction(ContainerStateMachine.java:315) ~[hadoop-hdds-container-service-0.5.0-SNAPSHOT.jar:?]
	at org.apache.ratis.server.impl.RaftServerImpl.submitClientRequestAsync(RaftServerImpl.java:573) ~[ratis-server-0.4.0-78e95b9-SNAPSHOT.jar:0.4.0-78e95b9-SNAPSHOT]
	at org.apache.ratis.server.impl.RaftServerProxy.lambda$submitClientRequestAsync$7(RaftServerProxy.java:333) ~[ratis-server-0.4.0-78e95b9-SNAPSHOT.jar:0.4.0-78e95b9-SNAPSHOT]
	at org.apache.ratis.server.impl.RaftServerProxy.lambda$null$5(RaftServerProxy.java:328) ~[ratis-server-0.4.0-78e95b9-SNAPSHOT.jar:0.4.0-78e95b9-SNAPSHOT]
	at org.apache.ratis.util.JavaUtils.callAsUnchecked(JavaUtils.java:109) ~[ratis-common-0.4.0-78e95b9-SNAPSHOT.jar:0.4.0-78e95b9-SNAPSHOT]
	at org.apache.ratis.server.impl.RaftServerProxy.lambda$submitRequest$6(RaftServerProxy.java:328) ~[ratis-server-0.4.0-78e95b9-SNAPSHOT.jar:0.4.0-78e95b9-SNAPSHOT]
	at java.util.concurrent.CompletableFuture.uniComposeStage(CompletableFuture.java:981) ~[?:1.8.0_212]
	at java.util.concurrent.CompletableFuture.thenCompose(CompletableFuture.java:2124) ~[?:1.8.0_212]
	at org.apache.ratis.server.impl.RaftServerProxy.submitRequest(RaftServerProxy.java:327) ~[ratis-server-0.4.0-78e95b9-SNAPSHOT.jar:0.4.0-78e95b9-SNAPSHOT]
	at org.apache.ratis.server.impl.RaftServerProxy.submitClientRequestAsync(RaftServerProxy.java:333) ~[ratis-server-0.4.0-78e95b9-SNAPSHOT.jar:0.4.0-78e95b9-SNAPSHOT]
	at org.apache.ratis.grpc.client.GrpcClientProtocolService$RequestStreamObserver.processClientRequest(GrpcClientProtocolService.java:220) ~[ratis-grpc-0.4.0-78e95b9-SNAPSHOT.jar:0.4.0-78e95b9-SNAPSHOT]
	at org.apache.ratis.grpc.client.GrpcClientProtocolService$OrderedRequestStreamObserver.processClientRequest(GrpcClientProtocolService.java:326) ~[ratis-grpc-0.4.0-78e95b9-SNAPSHOT.jar:0.4.0-78e95b9-SNAPSHOT]
	at org.apache.ratis.util.SlidingWindow$Server.processRequestsFromHead(SlidingWindow.java:429) [ratis-common-0.4.0-78e95b9-SNAPSHOT.jar:0.4.0-78e95b9-SNAPSHOT]
	at org.apache.ratis.util.SlidingWindow$Server.receivedRequest(SlidingWindow.java:421) [ratis-common-0.4.0-78e95b9-SNAPSHOT.jar:0.4.0-78e95b9-SNAPSHOT]
	at org.apache.ratis.grpc.client.GrpcClientProtocolService$OrderedRequestStreamObserver.processClientRequest(GrpcClientProtocolService.java:345) [ratis-grpc-0.4.0-78e95b9-SNAPSHOT.jar:0.4.0-78e95b9-SNAPSHOT]
	at org.apache.ratis.grpc.client.GrpcClientProtocolService$RequestStreamObserver.onNext(GrpcClientProtocolService.java:240) [ratis-grpc-0.4.0-78e95b9-SNAPSHOT.jar:0.4.0-78e95b9-SNAPSHOT]
	at org.apache.ratis.grpc.client.GrpcClientProtocolService$RequestStreamObserver.onNext(GrpcClientProtocolService.java:168) [ratis-grpc-0.4.0-78e95b9-SNAPSHOT.jar:0.4.0-78e95b9-SNAPSHOT]
	at org.apache.ratis.thirdparty.io.grpc.stub.ServerCalls$StreamingServerCallHandler$StreamingServerCallListener.onMessage(ServerCalls.java:248) [ratis-thirdparty-misc-0.2.0.jar:0.2.0]
	at org.apache.ratis.thirdparty.io.grpc.internal.ServerCallImpl$ServerStreamListenerImpl.messagesAvailable(ServerCallImpl.java:263) [ratis-thirdparty-misc-0.2.0.jar:0.2.0]
	at org.apache.ratis.thirdparty.io.grpc.internal.ServerImpl$JumpToApplicationThreadServerStreamListener$1MessagesAvailable.runInContext(ServerImpl.java:686) [ratis-thirdparty-misc-0.2.0.jar:0.2.0]
	at org.apache.ratis.thirdparty.io.grpc.internal.ContextRunnable.run(ContextRunnable.java:37) [ratis-thirdparty-misc-0.2.0.jar:0.2.0]
	at org.apache.ratis.thirdparty.io.grpc.internal.SerializingExecutor.run(SerializingExecutor.java:123) [ratis-thirdparty-misc-0.2.0.jar:0.2.0]
	at java.util.concurrent.ThreadPoolExecutor.runWorker(ThreadPoolExecutor.java:1149) [?:1.8.0_212]
	at java.util.concurrent.ThreadPoolExecutor$Worker.run(ThreadPoolExecutor.java:624) [?:1.8.0_212]
	at java.lang.Thread.run(Thread.java:748) [?:1.8.0_212]
2019-09-19 11:32:11,386 [grpc-default-executor-0] INFO  client.GrpcClientProtocolClient (GrpcClientProtocolClient.java:onNext(264)) - client-DF8585589FC5->758fd404-57a5-4b75-8be9-0c6c712b0af9: receive RaftClientReply:client-DF8585589FC5->758fd404-57a5-4b75-8be9-0c6c712b0af9@group-79AA6148534A, cid=193, FAILED org.apache.ratis.protocol.StateMachineException: org.apache.hadoop.hdds.scm.container.common.helpers.ContainerNotOpenException from Server 758fd404-57a5-4b75-8be9-0c6c712b0af9@group-79AA6148534A: Container 1 in CLOSING state, logIndex=0, commits[758fd404-57a5-4b75-8be9-0c6c712b0af9:c16, c3650528-2518-482e-bbf8-bc89690c370c:c14, b6529db3-123b-4be0-a0cb-0e56f9592f33:c15]
2019-09-19 11:32:11,398 [grpc-default-executor-0] INFO  client.GrpcClientProtocolClient (GrpcClientProtocolClient.java:onNext(264)) - client-DF8585589FC5->758fd404-57a5-4b75-8be9-0c6c712b0af9: receive RaftClientReply:client-DF8585589FC5->758fd404-57a5-4b75-8be9-0c6c712b0af9@group-79AA6148534A, cid=194, FAILED org.apache.ratis.protocol.StateMachineException: org.apache.hadoop.hdds.scm.container.common.helpers.ContainerNotOpenException from Server 758fd404-57a5-4b75-8be9-0c6c712b0af9@group-79AA6148534A: Container 1 in CLOSING state, logIndex=0, commits[758fd404-57a5-4b75-8be9-0c6c712b0af9:c16, c3650528-2518-482e-bbf8-bc89690c370c:c14, b6529db3-123b-4be0-a0cb-0e56f9592f33:c15]
11:32:11.398 [grpc-default-executor-11] ERROR DNAudit - user=null | ip=null | op=WRITE_CHUNK {blockData=conID: 1 locID: 102818952651735053 bcsId: 12} | ret=FAILURE
org.apache.hadoop.hdds.scm.container.common.helpers.ContainerNotOpenException: Container 1 in CLOSING state
	at org.apache.hadoop.ozone.container.common.impl.HddsDispatcher.validateContainerCommand(HddsDispatcher.java:434) ~[hadoop-hdds-container-service-0.5.0-SNAPSHOT.jar:?]
	at org.apache.hadoop.ozone.container.common.transport.server.ratis.ContainerStateMachine.startTransaction(ContainerStateMachine.java:315) ~[hadoop-hdds-container-service-0.5.0-SNAPSHOT.jar:?]
	at org.apache.ratis.server.impl.RaftServerImpl.submitClientRequestAsync(RaftServerImpl.java:573) ~[ratis-server-0.4.0-78e95b9-SNAPSHOT.jar:0.4.0-78e95b9-SNAPSHOT]
	at org.apache.ratis.server.impl.RaftServerProxy.lambda$submitClientRequestAsync$7(RaftServerProxy.java:333) ~[ratis-server-0.4.0-78e95b9-SNAPSHOT.jar:0.4.0-78e95b9-SNAPSHOT]
	at org.apache.ratis.server.impl.RaftServerProxy.lambda$null$5(RaftServerProxy.java:328) ~[ratis-server-0.4.0-78e95b9-SNAPSHOT.jar:0.4.0-78e95b9-SNAPSHOT]
	at org.apache.ratis.util.JavaUtils.callAsUnchecked(JavaUtils.java:109) ~[ratis-common-0.4.0-78e95b9-SNAPSHOT.jar:0.4.0-78e95b9-SNAPSHOT]
	at org.apache.ratis.server.impl.RaftServerProxy.lambda$submitRequest$6(RaftServerProxy.java:328) ~[ratis-server-0.4.0-78e95b9-SNAPSHOT.jar:0.4.0-78e95b9-SNAPSHOT]
	at java.util.concurrent.CompletableFuture.uniComposeStage(CompletableFuture.java:981) ~[?:1.8.0_212]
	at java.util.concurrent.CompletableFuture.thenCompose(CompletableFuture.java:2124) ~[?:1.8.0_212]
	at org.apache.ratis.server.impl.RaftServerProxy.submitRequest(RaftServerProxy.java:327) ~[ratis-server-0.4.0-78e95b9-SNAPSHOT.jar:0.4.0-78e95b9-SNAPSHOT]
	at org.apache.ratis.server.impl.RaftServerProxy.submitClientRequestAsync(RaftServerProxy.java:333) ~[ratis-server-0.4.0-78e95b9-SNAPSHOT.jar:0.4.0-78e95b9-SNAPSHOT]
	at org.apache.ratis.grpc.client.GrpcClientProtocolService$RequestStreamObserver.processClientRequest(GrpcClientProtocolService.java:220) ~[ratis-grpc-0.4.0-78e95b9-SNAPSHOT.jar:0.4.0-78e95b9-SNAPSHOT]
	at org.apache.ratis.grpc.client.GrpcClientProtocolService$OrderedRequestStreamObserver.processClientRequest(GrpcClientProtocolService.java:326) ~[ratis-grpc-0.4.0-78e95b9-SNAPSHOT.jar:0.4.0-78e95b9-SNAPSHOT]
	at org.apache.ratis.util.SlidingWindow$Server.processRequestsFromHead(SlidingWindow.java:429) [ratis-common-0.4.0-78e95b9-SNAPSHOT.jar:0.4.0-78e95b9-SNAPSHOT]
	at org.apache.ratis.util.SlidingWindow$Server.receivedRequest(SlidingWindow.java:421) [ratis-common-0.4.0-78e95b9-SNAPSHOT.jar:0.4.0-78e95b9-SNAPSHOT]
	at org.apache.ratis.grpc.client.GrpcClientProtocolService$OrderedRequestStreamObserver.processClientRequest(GrpcClientProtocolService.java:345) [ratis-grpc-0.4.0-78e95b9-SNAPSHOT.jar:0.4.0-78e95b9-SNAPSHOT]
	at org.apache.ratis.grpc.client.GrpcClientProtocolService$RequestStreamObserver.onNext(GrpcClientProtocolService.java:240) [ratis-grpc-0.4.0-78e95b9-SNAPSHOT.jar:0.4.0-78e95b9-SNAPSHOT]
	at org.apache.ratis.grpc.client.GrpcClientProtocolService$RequestStreamObserver.onNext(GrpcClientProtocolService.java:168) [ratis-grpc-0.4.0-78e95b9-SNAPSHOT.jar:0.4.0-78e95b9-SNAPSHOT]
	at org.apache.ratis.thirdparty.io.grpc.stub.ServerCalls$StreamingServerCallHandler$StreamingServerCallListener.onMessage(ServerCalls.java:248) [ratis-thirdparty-misc-0.2.0.jar:0.2.0]
	at org.apache.ratis.thirdparty.io.grpc.internal.ServerCallImpl$ServerStreamListenerImpl.messagesAvailable(ServerCallImpl.java:263) [ratis-thirdparty-misc-0.2.0.jar:0.2.0]
	at org.apache.ratis.thirdparty.io.grpc.internal.ServerImpl$JumpToApplicationThreadServerStreamListener$1MessagesAvailable.runInContext(ServerImpl.java:686) [ratis-thirdparty-misc-0.2.0.jar:0.2.0]
	at org.apache.ratis.thirdparty.io.grpc.internal.ContextRunnable.run(ContextRunnable.java:37) [ratis-thirdparty-misc-0.2.0.jar:0.2.0]
	at org.apache.ratis.thirdparty.io.grpc.internal.SerializingExecutor.run(SerializingExecutor.java:123) [ratis-thirdparty-misc-0.2.0.jar:0.2.0]
	at java.util.concurrent.ThreadPoolExecutor.runWorker(ThreadPoolExecutor.java:1149) [?:1.8.0_212]
	at java.util.concurrent.ThreadPoolExecutor$Worker.run(ThreadPoolExecutor.java:624) [?:1.8.0_212]
	at java.lang.Thread.run(Thread.java:748) [?:1.8.0_212]
2019-09-19 11:32:11,399 [grpc-default-executor-0] INFO  client.GrpcClientProtocolClient (GrpcClientProtocolClient.java:onNext(264)) - client-DF8585589FC5->758fd404-57a5-4b75-8be9-0c6c712b0af9: receive RaftClientReply:client-DF8585589FC5->758fd404-57a5-4b75-8be9-0c6c712b0af9@group-79AA6148534A, cid=195, FAILED org.apache.ratis.protocol.StateMachineException: org.apache.hadoop.hdds.scm.container.common.helpers.ContainerNotOpenException from Server 758fd404-57a5-4b75-8be9-0c6c712b0af9@group-79AA6148534A: Container 1 in CLOSING state, logIndex=0, commits[758fd404-57a5-4b75-8be9-0c6c712b0af9:c16, c3650528-2518-482e-bbf8-bc89690c370c:c14, b6529db3-123b-4be0-a0cb-0e56f9592f33:c15]
11:32:11.401 [grpc-default-executor-11] ERROR DNAudit - user=null | ip=null | op=PUT_BLOCK {blockData=[blockId=conID: 1 locID: 102818952651735053 bcsId: 0,size=800]} | ret=FAILURE
org.apache.hadoop.hdds.scm.container.common.helpers.ContainerNotOpenException: Container 1 in CLOSING state
	at org.apache.hadoop.ozone.container.common.impl.HddsDispatcher.validateContainerCommand(HddsDispatcher.java:434) ~[hadoop-hdds-container-service-0.5.0-SNAPSHOT.jar:?]
	at org.apache.hadoop.ozone.container.common.transport.server.ratis.ContainerStateMachine.startTransaction(ContainerStateMachine.java:315) ~[hadoop-hdds-container-service-0.5.0-SNAPSHOT.jar:?]
	at org.apache.ratis.server.impl.RaftServerImpl.submitClientRequestAsync(RaftServerImpl.java:573) ~[ratis-server-0.4.0-78e95b9-SNAPSHOT.jar:0.4.0-78e95b9-SNAPSHOT]
	at org.apache.ratis.server.impl.RaftServerProxy.lambda$submitClientRequestAsync$7(RaftServerProxy.java:333) ~[ratis-server-0.4.0-78e95b9-SNAPSHOT.jar:0.4.0-78e95b9-SNAPSHOT]
	at org.apache.ratis.server.impl.RaftServerProxy.lambda$null$5(RaftServerProxy.java:328) ~[ratis-server-0.4.0-78e95b9-SNAPSHOT.jar:0.4.0-78e95b9-SNAPSHOT]
	at org.apache.ratis.util.JavaUtils.callAsUnchecked(JavaUtils.java:109) ~[ratis-common-0.4.0-78e95b9-SNAPSHOT.jar:0.4.0-78e95b9-SNAPSHOT]
	at org.apache.ratis.server.impl.RaftServerProxy.lambda$submitRequest$6(RaftServerProxy.java:328) ~[ratis-server-0.4.0-78e95b9-SNAPSHOT.jar:0.4.0-78e95b9-SNAPSHOT]
	at java.util.concurrent.CompletableFuture.uniComposeStage(CompletableFuture.java:981) ~[?:1.8.0_212]
	at java.util.concurrent.CompletableFuture.thenCompose(CompletableFuture.java:2124) ~[?:1.8.0_212]
	at org.apache.ratis.server.impl.RaftServerProxy.submitRequest(RaftServerProxy.java:327) ~[ratis-server-0.4.0-78e95b9-SNAPSHOT.jar:0.4.0-78e95b9-SNAPSHOT]
	at org.apache.ratis.server.impl.RaftServerProxy.submitClientRequestAsync(RaftServerProxy.java:333) ~[ratis-server-0.4.0-78e95b9-SNAPSHOT.jar:0.4.0-78e95b9-SNAPSHOT]
	at org.apache.ratis.grpc.client.GrpcClientProtocolService$RequestStreamObserver.processClientRequest(GrpcClientProtocolService.java:220) ~[ratis-grpc-0.4.0-78e95b9-SNAPSHOT.jar:0.4.0-78e95b9-SNAPSHOT]
	at org.apache.ratis.grpc.client.GrpcClientProtocolService$OrderedRequestStreamObserver.processClientRequest(GrpcClientProtocolService.java:326) ~[ratis-grpc-0.4.0-78e95b9-SNAPSHOT.jar:0.4.0-78e95b9-SNAPSHOT]
	at org.apache.ratis.util.SlidingWindow$Server.processRequestsFromHead(SlidingWindow.java:429) [ratis-common-0.4.0-78e95b9-SNAPSHOT.jar:0.4.0-78e95b9-SNAPSHOT]
	at org.apache.ratis.util.SlidingWindow$Server.receivedRequest(SlidingWindow.java:421) [ratis-common-0.4.0-78e95b9-SNAPSHOT.jar:0.4.0-78e95b9-SNAPSHOT]
	at org.apache.ratis.grpc.client.GrpcClientProtocolService$OrderedRequestStreamObserver.processClientRequest(GrpcClientProtocolService.java:345) [ratis-grpc-0.4.0-78e95b9-SNAPSHOT.jar:0.4.0-78e95b9-SNAPSHOT]
	at org.apache.ratis.grpc.client.GrpcClientProtocolService$RequestStreamObserver.onNext(GrpcClientProtocolService.java:240) [ratis-grpc-0.4.0-78e95b9-SNAPSHOT.jar:0.4.0-78e95b9-SNAPSHOT]
	at org.apache.ratis.grpc.client.GrpcClientProtocolService$RequestStreamObserver.onNext(GrpcClientProtocolService.java:168) [ratis-grpc-0.4.0-78e95b9-SNAPSHOT.jar:0.4.0-78e95b9-SNAPSHOT]
	at org.apache.ratis.thirdparty.io.grpc.stub.ServerCalls$StreamingServerCallHandler$StreamingServerCallListener.onMessage(ServerCalls.java:248) [ratis-thirdparty-misc-0.2.0.jar:0.2.0]
	at org.apache.ratis.thirdparty.io.grpc.internal.ServerCallImpl$ServerStreamListenerImpl.messagesAvailable(ServerCallImpl.java:263) [ratis-thirdparty-misc-0.2.0.jar:0.2.0]
	at org.apache.ratis.thirdparty.io.grpc.internal.ServerImpl$JumpToApplicationThreadServerStreamListener$1MessagesAvailable.runInContext(ServerImpl.java:686) [ratis-thirdparty-misc-0.2.0.jar:0.2.0]
	at org.apache.ratis.thirdparty.io.grpc.internal.ContextRunnable.run(ContextRunnable.java:37) [ratis-thirdparty-misc-0.2.0.jar:0.2.0]
	at org.apache.ratis.thirdparty.io.grpc.internal.SerializingExecutor.run(SerializingExecutor.java:123) [ratis-thirdparty-misc-0.2.0.jar:0.2.0]
	at java.util.concurrent.ThreadPoolExecutor.runWorker(ThreadPoolExecutor.java:1149) [?:1.8.0_212]
	at java.util.concurrent.ThreadPoolExecutor$Worker.run(ThreadPoolExecutor.java:624) [?:1.8.0_212]
	at java.lang.Thread.run(Thread.java:748) [?:1.8.0_212]
2019-09-19 11:32:11,415 [grpc-default-executor-11] INFO  client.GrpcClientProtocolClient (GrpcClientProtocolClient.java:onNext(264)) - client-DF8585589FC5->758fd404-57a5-4b75-8be9-0c6c712b0af9: receive RaftClientReply:client-DF8585589FC5->758fd404-57a5-4b75-8be9-0c6c712b0af9@group-79AA6148534A, cid=196, FAILED org.apache.ratis.protocol.StateMachineException: org.apache.hadoop.hdds.scm.container.common.helpers.ContainerNotOpenException from Server 758fd404-57a5-4b75-8be9-0c6c712b0af9@group-79AA6148534A: Container 1 in CLOSING state, logIndex=0, commits[758fd404-57a5-4b75-8be9-0c6c712b0af9:c16, c3650528-2518-482e-bbf8-bc89690c370c:c14, b6529db3-123b-4be0-a0cb-0e56f9592f33:c15]
2019-09-19 11:32:11,419 [grpc-default-executor-11] INFO  client.GrpcClientProtocolClient (GrpcClientProtocolClient.java:onNext(264)) - client-DF8585589FC5->758fd404-57a5-4b75-8be9-0c6c712b0af9: receive RaftClientReply:client-DF8585589FC5->758fd404-57a5-4b75-8be9-0c6c712b0af9@group-79AA6148534A, cid=197, FAILED org.apache.ratis.protocol.StateMachineException: org.apache.hadoop.hdds.scm.container.common.helpers.ContainerNotOpenException from Server 758fd404-57a5-4b75-8be9-0c6c712b0af9@group-79AA6148534A: Container 1 in CLOSING state, logIndex=0, commits[758fd404-57a5-4b75-8be9-0c6c712b0af9:c16, c3650528-2518-482e-bbf8-bc89690c370c:c14, b6529db3-123b-4be0-a0cb-0e56f9592f33:c15]
2019-09-19 11:32:11,592 [grpc-default-executor-11] INFO  client.GrpcClientProtocolClient (GrpcClientProtocolClient.java:onNext(264)) - client-7252B3E60BC7->21a74dd4-9923-453c-baf9-ae5746c9b858: receive RaftClientReply:client-7252B3E60BC7->21a74dd4-9923-453c-baf9-ae5746c9b858@group-53DD671D10C1, cid=198, SUCCESS, logIndex=1, commits[21a74dd4-9923-453c-baf9-ae5746c9b858:c1, 960c4e8b-33b7-499e-a18c-f6fdada6657f:c0, 21a9a8a2-1bc1-4e0b-a545-20246312a195:c0]
2019-09-19 11:32:11,607 [grpc-default-executor-11] INFO  client.GrpcClientProtocolClient (GrpcClientProtocolClient.java:onNext(264)) - client-7252B3E60BC7->21a74dd4-9923-453c-baf9-ae5746c9b858: receive RaftClientReply:client-7252B3E60BC7->21a74dd4-9923-453c-baf9-ae5746c9b858@group-53DD671D10C1, cid=199, SUCCESS, logIndex=3, commits[21a74dd4-9923-453c-baf9-ae5746c9b858:c4, 960c4e8b-33b7-499e-a18c-f6fdada6657f:c1, 21a9a8a2-1bc1-4e0b-a545-20246312a195:c1]
2019-09-19 11:32:11,661 [grpc-default-executor-11] INFO  client.GrpcClientProtocolClient (GrpcClientProtocolClient.java:onNext(264)) - client-7252B3E60BC7->21a74dd4-9923-453c-baf9-ae5746c9b858: receive RaftClientReply:client-7252B3E60BC7->21a74dd4-9923-453c-baf9-ae5746c9b858@group-53DD671D10C1, cid=200, SUCCESS, logIndex=4, commits[21a74dd4-9923-453c-baf9-ae5746c9b858:c11, 960c4e8b-33b7-499e-a18c-f6fdada6657f:c7, 21a9a8a2-1bc1-4e0b-a545-20246312a195:c7]
2019-09-19 11:32:11,662 [grpc-default-executor-11] INFO  client.GrpcClientProtocolClient (GrpcClientProtocolClient.java:onNext(264)) - client-7252B3E60BC7->21a74dd4-9923-453c-baf9-ae5746c9b858: receive RaftClientReply:client-7252B3E60BC7->21a74dd4-9923-453c-baf9-ae5746c9b858@group-53DD671D10C1, cid=201, SUCCESS, logIndex=5, commits[21a74dd4-9923-453c-baf9-ae5746c9b858:c11, 960c4e8b-33b7-499e-a18c-f6fdada6657f:c7, 21a9a8a2-1bc1-4e0b-a545-20246312a195:c7]
2019-09-19 11:32:11,662 [grpc-default-executor-11] INFO  client.GrpcClientProtocolClient (GrpcClientProtocolClient.java:onNext(264)) - client-7252B3E60BC7->21a74dd4-9923-453c-baf9-ae5746c9b858: receive RaftClientReply:client-7252B3E60BC7->21a74dd4-9923-453c-baf9-ae5746c9b858@group-53DD671D10C1, cid=202, SUCCESS, logIndex=6, commits[21a74dd4-9923-453c-baf9-ae5746c9b858:c11, 960c4e8b-33b7-499e-a18c-f6fdada6657f:c7, 21a9a8a2-1bc1-4e0b-a545-20246312a195:c7]
2019-09-19 11:32:12,968 [grpc-default-executor-11] INFO  client.GrpcClientProtocolClient (GrpcClientProtocolClient.java:onNext(264)) - client-7252B3E60BC7->21a74dd4-9923-453c-baf9-ae5746c9b858: receive RaftClientReply:client-7252B3E60BC7->21a74dd4-9923-453c-baf9-ae5746c9b858@group-53DD671D10C1, cid=203, SUCCESS, logIndex=7, commits[21a74dd4-9923-453c-baf9-ae5746c9b858:c11, 960c4e8b-33b7-499e-a18c-f6fdada6657f:c7, 21a9a8a2-1bc1-4e0b-a545-20246312a195:c7]
2019-09-19 11:32:13,122 [grpc-default-executor-9] WARN  server.GrpcLogAppender (LogUtils.java:warn(134)) - 758fd404-57a5-4b75-8be9-0c6c712b0af9@group-79AA6148534A->c3650528-2518-482e-bbf8-bc89690c370c-AppendLogResponseHandler: Failed appendEntries: org.apache.ratis.thirdparty.io.grpc.StatusRuntimeException: UNAVAILABLE: io exception
2019-09-19 11:32:13,126 [grpc-default-executor-9] INFO  impl.FollowerInfo (FollowerInfo.java:lambda$new$0(51)) - 758fd404-57a5-4b75-8be9-0c6c712b0af9@group-79AA6148534A->c3650528-2518-482e-bbf8-bc89690c370c: nextIndex: updateUnconditionally 1 -> 0
2019-09-19 11:32:13,625 [grpc-default-executor-9] INFO  client.GrpcClientProtocolClient (GrpcClientProtocolClient.java:onNext(264)) - client-7252B3E60BC7->21a74dd4-9923-453c-baf9-ae5746c9b858: receive RaftClientReply:client-7252B3E60BC7->21a74dd4-9923-453c-baf9-ae5746c9b858@group-53DD671D10C1, cid=204, SUCCESS, logIndex=12, commits[21a74dd4-9923-453c-baf9-ae5746c9b858:c13, 960c4e8b-33b7-499e-a18c-f6fdada6657f:c11, 21a9a8a2-1bc1-4e0b-a545-20246312a195:c11]
2019-09-19 11:32:13,627 [grpc-default-executor-9] INFO  client.GrpcClientProtocolClient (GrpcClientProtocolClient.java:onNext(264)) - client-7252B3E60BC7->21a74dd4-9923-453c-baf9-ae5746c9b858: receive RaftClientReply:client-7252B3E60BC7->21a74dd4-9923-453c-baf9-ae5746c9b858@group-53DD671D10C1, cid=205, SUCCESS, logIndex=13, commits[21a74dd4-9923-453c-baf9-ae5746c9b858:c13, 960c4e8b-33b7-499e-a18c-f6fdada6657f:c11, 21a9a8a2-1bc1-4e0b-a545-20246312a195:c11]
2019-09-19 11:32:13,650 [grpc-default-executor-0] INFO  client.GrpcClientProtocolClient (GrpcClientProtocolClient.java:onNext(264)) - client-7252B3E60BC7->21a74dd4-9923-453c-baf9-ae5746c9b858: receive RaftClientReply:client-7252B3E60BC7->21a74dd4-9923-453c-baf9-ae5746c9b858@group-53DD671D10C1, cid=206, SUCCESS, logIndex=0, commits[21a74dd4-9923-453c-baf9-ae5746c9b858:c15, 960c4e8b-33b7-499e-a18c-f6fdada6657f:c13, 21a9a8a2-1bc1-4e0b-a545-20246312a195:c13]
2019-09-19 11:32:13,651 [main] INFO  ozone.MiniOzoneClusterImpl (MiniOzoneClusterImpl.java:shutdown(312)) - Shutting down the Mini Ozone Cluster
2019-09-19 11:32:13,651 [main] INFO  ozone.MiniOzoneClusterImpl (MiniOzoneClusterImpl.java:stop(327)) - Stopping the Mini Ozone Cluster
2019-09-19 11:32:13,651 [main] INFO  ozone.MiniOzoneClusterImpl (MiniOzoneClusterImpl.java:stop(329)) - Stopping the OzoneManager
2019-09-19 11:32:13,651 [main] INFO  ipc.Server (Server.java:stop(3082)) - Stopping server on 45282
2019-09-19 11:32:13,675 [IPC Server listener on 45282] INFO  ipc.Server (Server.java:run(1185)) - Stopping IPC Server listener on 45282
2019-09-19 11:32:13,678 [main] INFO  ratis.OzoneManagerDoubleBuffer (OzoneManagerDoubleBuffer.java:stop(248)) - Stopping OMDoubleBuffer flush thread
2019-09-19 11:32:13,678 [IPC Server Responder] INFO  ipc.Server (Server.java:run(1319)) - Stopping IPC Server Responder
2019-09-19 11:32:13,683 [OMDoubleBufferFlushThread] INFO  ratis.OzoneManagerDoubleBuffer (OzoneManagerDoubleBuffer.java:flushTransactions(191)) - OMDoubleBuffer flush thread OMDoubleBufferFlushThread is interrupted and will exit. OMDoubleBufferFlushThread
2019-09-19 11:32:13,684 [main] INFO  utils.BackgroundService (BackgroundService.java:shutdown(148)) - Shutting down service KeyDeletingService
2019-09-19 11:32:13,686 [main] INFO  handler.ContextHandler (ContextHandler.java:doStop(910)) - Stopped o.e.j.w.WebAppContext@5bb8e6fc{/,null,UNAVAILABLE}{/ozoneManager}
2019-09-19 11:32:13,686 [main] INFO  server.AbstractConnector (AbstractConnector.java:doStop(318)) - Stopped ServerConnector@2726a511{HTTP/1.1,[http/1.1]}{0.0.0.0:0}
2019-09-19 11:32:13,687 [main] INFO  handler.ContextHandler (ContextHandler.java:doStop(910)) - Stopped o.e.j.s.ServletContextHandler@5eb87338{/static,file:///workdir/hadoop-ozone/integration-test/target/test-classes/webapps/static,UNAVAILABLE}
2019-09-19 11:32:13,687 [main] INFO  handler.ContextHandler (ContextHandler.java:doStop(910)) - Stopped o.e.j.s.ServletContextHandler@b022551{/logs,file:///workdir/hadoop-ozone/integration-test/target/log,UNAVAILABLE}
2019-09-19 11:32:13,692 [main] INFO  ozone.MiniOzoneClusterImpl (MiniOzoneClusterImpl.java:stop(335)) - Shutting the HddsDatanodes
2019-09-19 11:32:14,573 [Datanode State Machine Thread - 0] INFO  statemachine.DatanodeStateMachine (DatanodeStateMachine.java:lambda$startDaemon$0(350)) - Ozone container server started.
2019-09-19 11:32:14,573 [Datanode State Machine Thread - 0] INFO  statemachine.DatanodeStateMachine (DatanodeStateMachine.java:lambda$startDaemon$0(350)) - Ozone container server started.
2019-09-19 11:32:15,620 [grpc-default-executor-11] WARN  server.GrpcLogAppender (LogUtils.java:warn(134)) - 758fd404-57a5-4b75-8be9-0c6c712b0af9@group-79AA6148534A->c3650528-2518-482e-bbf8-bc89690c370c-AppendLogResponseHandler: Failed appendEntries: org.apache.ratis.thirdparty.io.grpc.StatusRuntimeException: UNAVAILABLE: io exception
2019-09-19 11:32:15,620 [grpc-default-executor-11] INFO  impl.FollowerInfo (FollowerInfo.java:lambda$new$0(51)) - 758fd404-57a5-4b75-8be9-0c6c712b0af9@group-79AA6148534A->c3650528-2518-482e-bbf8-bc89690c370c: nextIndex: updateUnconditionally 0 -> 0
2019-09-19 11:32:18,125 [grpc-default-executor-9] WARN  server.GrpcLogAppender (LogUtils.java:warn(134)) - 758fd404-57a5-4b75-8be9-0c6c712b0af9@group-79AA6148534A->c3650528-2518-482e-bbf8-bc89690c370c-AppendLogResponseHandler: Failed appendEntries: org.apache.ratis.thirdparty.io.grpc.StatusRuntimeException: UNAVAILABLE: io exception
2019-09-19 11:32:18,126 [grpc-default-executor-9] INFO  impl.FollowerInfo (FollowerInfo.java:lambda$new$0(51)) - 758fd404-57a5-4b75-8be9-0c6c712b0af9@group-79AA6148534A->c3650528-2518-482e-bbf8-bc89690c370c: nextIndex: updateUnconditionally 0 -> 0
2019-09-19 11:32:18,584 [EventQueue-StaleNodeForStaleNodeHandler] INFO  node.StaleNodeHandler (StaleNodeHandler.java:onMessage(58)) - Datanode 21a74dd4-9923-453c-baf9-ae5746c9b858{ip: 192.168.151.78, host: pr-hdds-2154-j8s56-3842691507, networkLocation: /default-rack, certSerialId: null} moved to stale state. Finalizing its pipelines [PipelineID=615ac6d7-3c32-4ce7-b51d-53dd671d10c1, PipelineID=07e952c3-1073-4550-b951-5c087f3a6113]
2019-09-19 11:32:18,584 [EventQueue-StaleNodeForStaleNodeHandler] INFO  pipeline.SCMPipelineManager (SCMPipelineManager.java:finalizeAndDestroyPipeline(311)) - destroying pipeline:Pipeline[ Id: 615ac6d7-3c32-4ce7-b51d-53dd671d10c1, Nodes: 21a74dd4-9923-453c-baf9-ae5746c9b858{ip: 192.168.151.78, host: pr-hdds-2154-j8s56-3842691507, networkLocation: /default-rack, certSerialId: null}960c4e8b-33b7-499e-a18c-f6fdada6657f{ip: 192.168.151.78, host: pr-hdds-2154-j8s56-3842691507, networkLocation: /default-rack, certSerialId: null}21a9a8a2-1bc1-4e0b-a545-20246312a195{ip: 192.168.151.78, host: pr-hdds-2154-j8s56-3842691507, networkLocation: /default-rack, certSerialId: null}, Type:RATIS, Factor:THREE, State:OPEN]
2019-09-19 11:32:18,585 [EventQueue-StaleNodeForStaleNodeHandler] INFO  pipeline.PipelineStateManager (PipelineStateManager.java:finalizePipeline(123)) - Pipeline Pipeline[ Id: 615ac6d7-3c32-4ce7-b51d-53dd671d10c1, Nodes: 21a74dd4-9923-453c-baf9-ae5746c9b858{ip: 192.168.151.78, host: pr-hdds-2154-j8s56-3842691507, networkLocation: /default-rack, certSerialId: null}960c4e8b-33b7-499e-a18c-f6fdada6657f{ip: 192.168.151.78, host: pr-hdds-2154-j8s56-3842691507, networkLocation: /default-rack, certSerialId: null}21a9a8a2-1bc1-4e0b-a545-20246312a195{ip: 192.168.151.78, host: pr-hdds-2154-j8s56-3842691507, networkLocation: /default-rack, certSerialId: null}, Type:RATIS, Factor:THREE, State:CLOSED] moved to CLOSED state
2019-09-19 11:32:18,585 [EventQueue-CloseContainerForCloseContainerEventHandler] INFO  container.CloseContainerEventHandler (CloseContainerEventHandler.java:onMessage(61)) - Close container Event triggered for container : #2
2019-09-19 11:32:18,585 [EventQueue-StaleNodeForStaleNodeHandler] INFO  pipeline.SCMPipelineManager (SCMPipelineManager.java:finalizeAndDestroyPipeline(311)) - destroying pipeline:Pipeline[ Id: 07e952c3-1073-4550-b951-5c087f3a6113, Nodes: 21a74dd4-9923-453c-baf9-ae5746c9b858{ip: 192.168.151.78, host: pr-hdds-2154-j8s56-3842691507, networkLocation: /default-rack, certSerialId: null}, Type:RATIS, Factor:ONE, State:OPEN]
2019-09-19 11:32:18,592 [EventQueue-StaleNodeForStaleNodeHandler] INFO  pipeline.PipelineStateManager (PipelineStateManager.java:finalizePipeline(123)) - Pipeline Pipeline[ Id: 07e952c3-1073-4550-b951-5c087f3a6113, Nodes: 21a74dd4-9923-453c-baf9-ae5746c9b858{ip: 192.168.151.78, host: pr-hdds-2154-j8s56-3842691507, networkLocation: /default-rack, certSerialId: null}, Type:RATIS, Factor:ONE, State:CLOSED] moved to CLOSED state
2019-09-19 11:32:18,593 [EventQueue-StaleNodeForStaleNodeHandler] INFO  node.StaleNodeHandler (StaleNodeHandler.java:onMessage(58)) - Datanode 21a9a8a2-1bc1-4e0b-a545-20246312a195{ip: 192.168.151.78, host: pr-hdds-2154-j8s56-3842691507, networkLocation: /default-rack, certSerialId: null} moved to stale state. Finalizing its pipelines [PipelineID=615ac6d7-3c32-4ce7-b51d-53dd671d10c1, PipelineID=67d38d07-1a1c-48a1-b5ed-5f6afe1976fa]
2019-09-19 11:32:18,593 [EventQueue-StaleNodeForStaleNodeHandler] INFO  pipeline.SCMPipelineManager (SCMPipelineManager.java:finalizeAndDestroyPipeline(311)) - destroying pipeline:Pipeline[ Id: 615ac6d7-3c32-4ce7-b51d-53dd671d10c1, Nodes: 21a74dd4-9923-453c-baf9-ae5746c9b858{ip: 192.168.151.78, host: pr-hdds-2154-j8s56-3842691507, networkLocation: /default-rack, certSerialId: null}960c4e8b-33b7-499e-a18c-f6fdada6657f{ip: 192.168.151.78, host: pr-hdds-2154-j8s56-3842691507, networkLocation: /default-rack, certSerialId: null}21a9a8a2-1bc1-4e0b-a545-20246312a195{ip: 192.168.151.78, host: pr-hdds-2154-j8s56-3842691507, networkLocation: /default-rack, certSerialId: null}, Type:RATIS, Factor:THREE, State:CLOSED]
2019-09-19 11:32:18,593 [EventQueue-StaleNodeForStaleNodeHandler] INFO  pipeline.SCMPipelineManager (SCMPipelineManager.java:finalizeAndDestroyPipeline(311)) - destroying pipeline:Pipeline[ Id: 67d38d07-1a1c-48a1-b5ed-5f6afe1976fa, Nodes: 21a9a8a2-1bc1-4e0b-a545-20246312a195{ip: 192.168.151.78, host: pr-hdds-2154-j8s56-3842691507, networkLocation: /default-rack, certSerialId: null}, Type:RATIS, Factor:ONE, State:OPEN]
2019-09-19 11:32:18,593 [EventQueue-StaleNodeForStaleNodeHandler] INFO  pipeline.PipelineStateManager (PipelineStateManager.java:finalizePipeline(123)) - Pipeline Pipeline[ Id: 67d38d07-1a1c-48a1-b5ed-5f6afe1976fa, Nodes: 21a9a8a2-1bc1-4e0b-a545-20246312a195{ip: 192.168.151.78, host: pr-hdds-2154-j8s56-3842691507, networkLocation: /default-rack, certSerialId: null}, Type:RATIS, Factor:ONE, State:CLOSED] moved to CLOSED state
2019-09-19 11:32:18,693 [main] INFO  ozoneimpl.OzoneContainer (OzoneContainer.java:stop(231)) - Attempting to stop container services.
2019-09-19 11:32:18,693 [ForkJoinPool.commonPool-worker-0] INFO  ozoneimpl.OzoneContainer (OzoneContainer.java:stop(231)) - Attempting to stop container services.
2019-09-19 11:32:18,709 [main] INFO  impl.RaftServerProxy (RaftServerProxy.java:lambda$close$4(314)) - 21a74dd4-9923-453c-baf9-ae5746c9b858: close
2019-09-19 11:32:18,709 [ForkJoinPool.commonPool-worker-0] INFO  impl.RaftServerProxy (RaftServerProxy.java:lambda$close$4(314)) - 21a9a8a2-1bc1-4e0b-a545-20246312a195: close
2019-09-19 11:32:18,710 [main] INFO  impl.RaftServerImpl (RaftServerImpl.java:lambda$shutdown$3(251)) - 21a74dd4-9923-453c-baf9-ae5746c9b858@group-53DD671D10C1: shutdown
2019-09-19 11:32:18,710 [ForkJoinPool.commonPool-worker-0] INFO  impl.RaftServerImpl (RaftServerImpl.java:lambda$shutdown$3(251)) - 21a9a8a2-1bc1-4e0b-a545-20246312a195@group-53DD671D10C1: shutdown
2019-09-19 11:32:18,710 [main] INFO  util.JmxRegister (JmxRegister.java:unregister(73)) - Successfully un-registered JMX Bean with object name Ratis:service=RaftServer,group=group-53DD671D10C1,id=21a74dd4-9923-453c-baf9-ae5746c9b858
2019-09-19 11:32:18,710 [ForkJoinPool.commonPool-worker-0] INFO  util.JmxRegister (JmxRegister.java:unregister(73)) - Successfully un-registered JMX Bean with object name Ratis:service=RaftServer,group=group-53DD671D10C1,id=21a9a8a2-1bc1-4e0b-a545-20246312a195
2019-09-19 11:32:18,710 [main] INFO  impl.RoleInfo (RoleInfo.java:shutdownLeaderState(104)) - 21a74dd4-9923-453c-baf9-ae5746c9b858: shutdown LeaderState
2019-09-19 11:32:18,711 [ForkJoinPool.commonPool-worker-0] INFO  impl.RoleInfo (RoleInfo.java:shutdownFollowerState(121)) - 21a9a8a2-1bc1-4e0b-a545-20246312a195: shutdown FollowerState
2019-09-19 11:32:18,714 [org.apache.ratis.server.impl.LogAppender$AppenderDaemon$$Lambda$493/1090866546@10637ee1] WARN  server.GrpcLogAppender (GrpcLogAppender.java:mayWait(143)) - 21a74dd4-9923-453c-baf9-ae5746c9b858@group-53DD671D10C1->960c4e8b-33b7-499e-a18c-f6fdada6657f-GrpcLogAppender: Wait interrupted by java.lang.InterruptedException
2019-09-19 11:32:18,715 [Thread-3126] INFO  impl.FollowerState (FollowerState.java:run(115)) - 21a9a8a2-1bc1-4e0b-a545-20246312a195: FollowerState was interrupted: java.lang.InterruptedException: sleep interrupted
2019-09-19 11:32:18,714 [org.apache.ratis.server.impl.LogAppender$AppenderDaemon$$Lambda$493/1090866546@363b6fd] WARN  server.GrpcLogAppender (GrpcLogAppender.java:mayWait(143)) - 21a74dd4-9923-453c-baf9-ae5746c9b858@group-53DD671D10C1->21a9a8a2-1bc1-4e0b-a545-20246312a195-GrpcLogAppender: Wait interrupted by java.lang.InterruptedException
2019-09-19 11:32:18,714 [main] INFO  impl.PendingRequests (PendingRequests.java:sendNotLeaderResponses(202)) - 21a74dd4-9923-453c-baf9-ae5746c9b858-PendingRequests: sendNotLeaderResponses
2019-09-19 11:32:18,717 [grpc-default-executor-11] INFO  server.GrpcServerProtocolService (GrpcServerProtocolService.java:onCompleted(113)) - 960c4e8b-33b7-499e-a18c-f6fdada6657f: Completed APPEND_ENTRIES, lastRequest: 21a74dd4-9923-453c-baf9-ae5746c9b858->960c4e8b-33b7-499e-a18c-f6fdada6657f#24-t1, previous=(t:1, i:15), leaderCommit=15, initializing? false, entries: <empty>
2019-09-19 11:32:18,717 [grpc-default-executor-9] INFO  server.GrpcServerProtocolService (GrpcServerProtocolService.java:onCompleted(113)) - 21a9a8a2-1bc1-4e0b-a545-20246312a195: Completed APPEND_ENTRIES, lastRequest: 21a74dd4-9923-453c-baf9-ae5746c9b858->21a9a8a2-1bc1-4e0b-a545-20246312a195#24-t1, previous=(t:1, i:15), leaderCommit=15, initializing? false, entries: <empty>
2019-09-19 11:32:18,716 [21a9a8a2-1bc1-4e0b-a545-20246312a195@group-53DD671D10C1-StateMachineUpdater] INFO  ratis.ContainerStateMachine (ContainerStateMachine.java:takeSnapshot(289)) - group-53DD671D10C1: Taking a snapshot at:(t:1, i:13) file /workdir/hadoop-ozone/integration-test/target/test-dir/MiniOzoneClusterImpl-6da57ec2-366d-4ea4-a605-9b5cf4b6fb5d/datanode-1/data/ratis/615ac6d7-3c32-4ce7-b51d-53dd671d10c1/sm/snapshot.1_13
2019-09-19 11:32:18,715 [ForkJoinPool.commonPool-worker-0] INFO  impl.StateMachineUpdater (StateMachineUpdater.java:stopAndJoin(125)) - 21a9a8a2-1bc1-4e0b-a545-20246312a195@group-53DD671D10C1-StateMachineUpdater: set stopIndex = 15
2019-09-19 11:32:18,719 [21a74dd4-9923-453c-baf9-ae5746c9b858@group-53DD671D10C1-StateMachineUpdater] INFO  ratis.ContainerStateMachine (ContainerStateMachine.java:takeSnapshot(289)) - group-53DD671D10C1: Taking a snapshot at:(t:1, i:13) file /workdir/hadoop-ozone/integration-test/target/test-dir/MiniOzoneClusterImpl-6da57ec2-366d-4ea4-a605-9b5cf4b6fb5d/datanode-4/data/ratis/615ac6d7-3c32-4ce7-b51d-53dd671d10c1/sm/snapshot.1_13
2019-09-19 11:32:18,719 [grpc-default-executor-9] INFO  server.GrpcLogAppender (GrpcLogAppender.java:onCompleted(293)) - 21a74dd4-9923-453c-baf9-ae5746c9b858@group-53DD671D10C1->960c4e8b-33b7-499e-a18c-f6fdada6657f-AppendLogResponseHandler: follower responses appendEntries COMPLETED
2019-09-19 11:32:18,719 [main] INFO  impl.StateMachineUpdater (StateMachineUpdater.java:stopAndJoin(125)) - 21a74dd4-9923-453c-baf9-ae5746c9b858@group-53DD671D10C1-StateMachineUpdater: set stopIndex = 15
2019-09-19 11:32:18,719 [grpc-default-executor-9] INFO  impl.FollowerInfo (FollowerInfo.java:lambda$new$0(51)) - 21a74dd4-9923-453c-baf9-ae5746c9b858@group-53DD671D10C1->960c4e8b-33b7-499e-a18c-f6fdada6657f: nextIndex: updateUnconditionally 16 -> 15
2019-09-19 11:32:18,719 [grpc-default-executor-0] INFO  server.GrpcLogAppender (GrpcLogAppender.java:onCompleted(293)) - 21a74dd4-9923-453c-baf9-ae5746c9b858@group-53DD671D10C1->21a9a8a2-1bc1-4e0b-a545-20246312a195-AppendLogResponseHandler: follower responses appendEntries COMPLETED
2019-09-19 11:32:18,720 [grpc-default-executor-0] INFO  impl.FollowerInfo (FollowerInfo.java:lambda$new$0(51)) - 21a74dd4-9923-453c-baf9-ae5746c9b858@group-53DD671D10C1->21a9a8a2-1bc1-4e0b-a545-20246312a195: nextIndex: updateUnconditionally 16 -> 15
2019-09-19 11:32:18,818 [21a74dd4-9923-453c-baf9-ae5746c9b858@group-53DD671D10C1-StateMachineUpdater] INFO  ratis.ContainerStateMachine (ContainerStateMachine.java:takeSnapshot(300)) - group-53DD671D10C1: Finished taking a snapshot at:(t:1, i:13) file:/workdir/hadoop-ozone/integration-test/target/test-dir/MiniOzoneClusterImpl-6da57ec2-366d-4ea4-a605-9b5cf4b6fb5d/datanode-4/data/ratis/615ac6d7-3c32-4ce7-b51d-53dd671d10c1/sm/snapshot.1_13 time:100
2019-09-19 11:32:18,818 [21a9a8a2-1bc1-4e0b-a545-20246312a195@group-53DD671D10C1-StateMachineUpdater] INFO  ratis.ContainerStateMachine (ContainerStateMachine.java:takeSnapshot(300)) - group-53DD671D10C1: Finished taking a snapshot at:(t:1, i:13) file:/workdir/hadoop-ozone/integration-test/target/test-dir/MiniOzoneClusterImpl-6da57ec2-366d-4ea4-a605-9b5cf4b6fb5d/datanode-1/data/ratis/615ac6d7-3c32-4ce7-b51d-53dd671d10c1/sm/snapshot.1_13 time:104
2019-09-19 11:32:18,819 [21a9a8a2-1bc1-4e0b-a545-20246312a195@group-53DD671D10C1-StateMachineUpdater] INFO  impl.StateMachineUpdater (StateMachineUpdater.java:takeSnapshot(258)) - 21a9a8a2-1bc1-4e0b-a545-20246312a195@group-53DD671D10C1-StateMachineUpdater: Took a snapshot at index 13
2019-09-19 11:32:18,819 [21a74dd4-9923-453c-baf9-ae5746c9b858@group-53DD671D10C1-StateMachineUpdater] INFO  impl.StateMachineUpdater (StateMachineUpdater.java:takeSnapshot(258)) - 21a74dd4-9923-453c-baf9-ae5746c9b858@group-53DD671D10C1-StateMachineUpdater: Took a snapshot at index 13
2019-09-19 11:32:18,819 [21a9a8a2-1bc1-4e0b-a545-20246312a195@group-53DD671D10C1-StateMachineUpdater] INFO  impl.StateMachineUpdater (StateMachineUpdater.java:lambda$new$0(83)) - 21a9a8a2-1bc1-4e0b-a545-20246312a195@group-53DD671D10C1-StateMachineUpdater: snapshotIndex: updateIncreasingly -1 -> 13
2019-09-19 11:32:18,819 [21a74dd4-9923-453c-baf9-ae5746c9b858@group-53DD671D10C1-StateMachineUpdater] INFO  impl.StateMachineUpdater (StateMachineUpdater.java:lambda$new$0(83)) - 21a74dd4-9923-453c-baf9-ae5746c9b858@group-53DD671D10C1-StateMachineUpdater: snapshotIndex: updateIncreasingly -1 -> 13
2019-09-19 11:32:18,819 [21a9a8a2-1bc1-4e0b-a545-20246312a195@group-53DD671D10C1-StateMachineUpdater] INFO  ratis.ContainerStateMachine (ContainerStateMachine.java:takeSnapshot(289)) - group-53DD671D10C1: Taking a snapshot at:(t:1, i:13) file /workdir/hadoop-ozone/integration-test/target/test-dir/MiniOzoneClusterImpl-6da57ec2-366d-4ea4-a605-9b5cf4b6fb5d/datanode-1/data/ratis/615ac6d7-3c32-4ce7-b51d-53dd671d10c1/sm/snapshot.1_13
2019-09-19 11:32:18,819 [21a74dd4-9923-453c-baf9-ae5746c9b858@group-53DD671D10C1-StateMachineUpdater] INFO  ratis.ContainerStateMachine (ContainerStateMachine.java:takeSnapshot(289)) - group-53DD671D10C1: Taking a snapshot at:(t:1, i:13) file /workdir/hadoop-ozone/integration-test/target/test-dir/MiniOzoneClusterImpl-6da57ec2-366d-4ea4-a605-9b5cf4b6fb5d/datanode-4/data/ratis/615ac6d7-3c32-4ce7-b51d-53dd671d10c1/sm/snapshot.1_13
2019-09-19 11:32:18,929 [21a9a8a2-1bc1-4e0b-a545-20246312a195@group-53DD671D10C1-StateMachineUpdater] INFO  ratis.ContainerStateMachine (ContainerStateMachine.java:takeSnapshot(300)) - group-53DD671D10C1: Finished taking a snapshot at:(t:1, i:13) file:/workdir/hadoop-ozone/integration-test/target/test-dir/MiniOzoneClusterImpl-6da57ec2-366d-4ea4-a605-9b5cf4b6fb5d/datanode-1/data/ratis/615ac6d7-3c32-4ce7-b51d-53dd671d10c1/sm/snapshot.1_13 time:109
2019-09-19 11:32:18,929 [21a74dd4-9923-453c-baf9-ae5746c9b858@group-53DD671D10C1-StateMachineUpdater] INFO  ratis.ContainerStateMachine (ContainerStateMachine.java:takeSnapshot(300)) - group-53DD671D10C1: Finished taking a snapshot at:(t:1, i:13) file:/workdir/hadoop-ozone/integration-test/target/test-dir/MiniOzoneClusterImpl-6da57ec2-366d-4ea4-a605-9b5cf4b6fb5d/datanode-4/data/ratis/615ac6d7-3c32-4ce7-b51d-53dd671d10c1/sm/snapshot.1_13 time:109
2019-09-19 11:32:18,929 [21a9a8a2-1bc1-4e0b-a545-20246312a195@group-53DD671D10C1-StateMachineUpdater] INFO  impl.StateMachineUpdater (StateMachineUpdater.java:takeSnapshot(258)) - 21a9a8a2-1bc1-4e0b-a545-20246312a195@group-53DD671D10C1-StateMachineUpdater: Took a snapshot at index 13
2019-09-19 11:32:18,929 [21a9a8a2-1bc1-4e0b-a545-20246312a195@group-53DD671D10C1-StateMachineUpdater] INFO  impl.StateMachineUpdater (StateMachineUpdater.java:lambda$new$0(83)) - 21a9a8a2-1bc1-4e0b-a545-20246312a195@group-53DD671D10C1-StateMachineUpdater: snapshotIndex: updateIncreasingly 13 -> 13
2019-09-19 11:32:18,929 [21a74dd4-9923-453c-baf9-ae5746c9b858@group-53DD671D10C1-StateMachineUpdater] INFO  impl.StateMachineUpdater (StateMachineUpdater.java:takeSnapshot(258)) - 21a74dd4-9923-453c-baf9-ae5746c9b858@group-53DD671D10C1-StateMachineUpdater: Took a snapshot at index 13
2019-09-19 11:32:18,929 [21a74dd4-9923-453c-baf9-ae5746c9b858@group-53DD671D10C1-StateMachineUpdater] INFO  impl.StateMachineUpdater (StateMachineUpdater.java:lambda$new$0(83)) - 21a74dd4-9923-453c-baf9-ae5746c9b858@group-53DD671D10C1-StateMachineUpdater: snapshotIndex: updateIncreasingly 13 -> 13
2019-09-19 11:32:18,929 [ForkJoinPool.commonPool-worker-0] INFO  impl.RaftServerImpl (ServerState.java:close(385)) - 21a9a8a2-1bc1-4e0b-a545-20246312a195@group-53DD671D10C1: closes. applyIndex: 15
2019-09-19 11:32:18,930 [main] INFO  impl.RaftServerImpl (ServerState.java:close(385)) - 21a74dd4-9923-453c-baf9-ae5746c9b858@group-53DD671D10C1: closes. applyIndex: 15
2019-09-19 11:32:18,930 [21a9a8a2-1bc1-4e0b-a545-20246312a195@group-53DD671D10C1-SegmentedRaftLogWorker] INFO  segmented.SegmentedRaftLogWorker (SegmentedRaftLogWorker.java:run(313)) - 21a9a8a2-1bc1-4e0b-a545-20246312a195@group-53DD671D10C1-SegmentedRaftLogWorker was interrupted, exiting. There are 0 tasks remaining in the queue.
2019-09-19 11:32:18,930 [21a74dd4-9923-453c-baf9-ae5746c9b858@group-53DD671D10C1-SegmentedRaftLogWorker] INFO  segmented.SegmentedRaftLogWorker (SegmentedRaftLogWorker.java:run(313)) - 21a74dd4-9923-453c-baf9-ae5746c9b858@group-53DD671D10C1-SegmentedRaftLogWorker was interrupted, exiting. There are 0 tasks remaining in the queue.
2019-09-19 11:32:18,933 [ForkJoinPool.commonPool-worker-0] INFO  segmented.SegmentedRaftLogWorker (SegmentedRaftLogWorker.java:close(228)) - 21a9a8a2-1bc1-4e0b-a545-20246312a195@group-53DD671D10C1-SegmentedRaftLogWorker close()
2019-09-19 11:32:18,935 [main] INFO  segmented.SegmentedRaftLogWorker (SegmentedRaftLogWorker.java:close(228)) - 21a74dd4-9923-453c-baf9-ae5746c9b858@group-53DD671D10C1-SegmentedRaftLogWorker close()
2019-09-19 11:32:18,938 [ForkJoinPool.commonPool-worker-0] INFO  impl.RaftServerImpl (RaftServerImpl.java:lambda$shutdown$3(251)) - 21a9a8a2-1bc1-4e0b-a545-20246312a195@group-5F6AFE1976FA: shutdown
2019-09-19 11:32:18,942 [main] INFO  impl.RaftServerImpl (RaftServerImpl.java:lambda$shutdown$3(251)) - 21a74dd4-9923-453c-baf9-ae5746c9b858@group-5C087F3A6113: shutdown
2019-09-19 11:32:18,942 [ForkJoinPool.commonPool-worker-0] INFO  util.JmxRegister (JmxRegister.java:unregister(73)) - Successfully un-registered JMX Bean with object name Ratis:service=RaftServer,group=group-5F6AFE1976FA,id=21a9a8a2-1bc1-4e0b-a545-20246312a195
2019-09-19 11:32:18,942 [main] INFO  util.JmxRegister (JmxRegister.java:unregister(73)) - Successfully un-registered JMX Bean with object name Ratis:service=RaftServer,group=group-5C087F3A6113,id=21a74dd4-9923-453c-baf9-ae5746c9b858
2019-09-19 11:32:18,942 [ForkJoinPool.commonPool-worker-0] INFO  impl.RoleInfo (RoleInfo.java:shutdownLeaderState(104)) - 21a9a8a2-1bc1-4e0b-a545-20246312a195: shutdown LeaderState
2019-09-19 11:32:18,943 [main] INFO  impl.RoleInfo (RoleInfo.java:shutdownLeaderState(104)) - 21a74dd4-9923-453c-baf9-ae5746c9b858: shutdown LeaderState
2019-09-19 11:32:18,943 [ForkJoinPool.commonPool-worker-0] INFO  impl.PendingRequests (PendingRequests.java:sendNotLeaderResponses(202)) - 21a9a8a2-1bc1-4e0b-a545-20246312a195-PendingRequests: sendNotLeaderResponses
2019-09-19 11:32:18,943 [main] INFO  impl.PendingRequests (PendingRequests.java:sendNotLeaderResponses(202)) - 21a74dd4-9923-453c-baf9-ae5746c9b858-PendingRequests: sendNotLeaderResponses
2019-09-19 11:32:18,943 [ForkJoinPool.commonPool-worker-0] INFO  impl.StateMachineUpdater (StateMachineUpdater.java:stopAndJoin(125)) - 21a9a8a2-1bc1-4e0b-a545-20246312a195@group-5F6AFE1976FA-StateMachineUpdater: set stopIndex = 0
2019-09-19 11:32:18,944 [main] INFO  impl.StateMachineUpdater (StateMachineUpdater.java:stopAndJoin(125)) - 21a74dd4-9923-453c-baf9-ae5746c9b858@group-5C087F3A6113-StateMachineUpdater: set stopIndex = 0
2019-09-19 11:32:18,944 [ForkJoinPool.commonPool-worker-0] INFO  impl.RaftServerImpl (ServerState.java:close(385)) - 21a9a8a2-1bc1-4e0b-a545-20246312a195@group-5F6AFE1976FA: closes. applyIndex: 0
2019-09-19 11:32:18,944 [main] INFO  impl.RaftServerImpl (ServerState.java:close(385)) - 21a74dd4-9923-453c-baf9-ae5746c9b858@group-5C087F3A6113: closes. applyIndex: 0
2019-09-19 11:32:18,944 [21a9a8a2-1bc1-4e0b-a545-20246312a195@group-5F6AFE1976FA-SegmentedRaftLogWorker] INFO  segmented.SegmentedRaftLogWorker (SegmentedRaftLogWorker.java:run(313)) - 21a9a8a2-1bc1-4e0b-a545-20246312a195@group-5F6AFE1976FA-SegmentedRaftLogWorker was interrupted, exiting. There are 0 tasks remaining in the queue.
2019-09-19 11:32:18,944 [21a74dd4-9923-453c-baf9-ae5746c9b858@group-5C087F3A6113-SegmentedRaftLogWorker] INFO  segmented.SegmentedRaftLogWorker (SegmentedRaftLogWorker.java:run(313)) - 21a74dd4-9923-453c-baf9-ae5746c9b858@group-5C087F3A6113-SegmentedRaftLogWorker was interrupted, exiting. There are 0 tasks remaining in the queue.
2019-09-19 11:32:18,946 [ForkJoinPool.commonPool-worker-0] INFO  segmented.SegmentedRaftLogWorker (SegmentedRaftLogWorker.java:close(228)) - 21a9a8a2-1bc1-4e0b-a545-20246312a195@group-5F6AFE1976FA-SegmentedRaftLogWorker close()
2019-09-19 11:32:18,948 [main] INFO  segmented.SegmentedRaftLogWorker (SegmentedRaftLogWorker.java:close(228)) - 21a74dd4-9923-453c-baf9-ae5746c9b858@group-5C087F3A6113-SegmentedRaftLogWorker close()
2019-09-19 11:32:18,951 [ForkJoinPool.commonPool-worker-0] INFO  server.GrpcService (GrpcService.java:closeImpl(164)) - 21a9a8a2-1bc1-4e0b-a545-20246312a195: shutdown server with port 36774 now
2019-09-19 11:32:18,954 [main] INFO  server.GrpcService (GrpcService.java:closeImpl(164)) - 21a74dd4-9923-453c-baf9-ae5746c9b858: shutdown server with port 33961 now
2019-09-19 11:32:18,954 [ForkJoinPool.commonPool-worker-0] INFO  server.GrpcService (GrpcService.java:closeImpl(172)) - 21a9a8a2-1bc1-4e0b-a545-20246312a195: shutdown server with port 36774 successfully
2019-09-19 11:32:18,956 [grpc-default-executor-9] WARN  client.GrpcClientProtocolService (LogUtils.java:warn(134)) - 1-UnorderedRequestStreamObserver1: onError: org.apache.ratis.thirdparty.io.grpc.StatusRuntimeException: CANCELLED: cancelled before receiving half close
2019-09-19 11:32:18,957 [main] INFO  server.GrpcService (GrpcService.java:closeImpl(172)) - 21a74dd4-9923-453c-baf9-ae5746c9b858: shutdown server with port 33961 successfully
2019-09-19 11:32:18,960 [refreshUsed-/workdir/hadoop-ozone/integration-test/target/test-dir/MiniOzoneClusterImpl-6da57ec2-366d-4ea4-a605-9b5cf4b6fb5d/datanode-1/data/containers] WARN  fs.CachingGetSpaceUsed (CachingGetSpaceUsed.java:run(183)) - Thread Interrupted waiting to refresh disk information: sleep interrupted
2019-09-19 11:32:18,961 [refreshUsed-/workdir/hadoop-ozone/integration-test/target/test-dir/MiniOzoneClusterImpl-6da57ec2-366d-4ea4-a605-9b5cf4b6fb5d/datanode-4/data/containers] WARN  fs.CachingGetSpaceUsed (CachingGetSpaceUsed.java:run(183)) - Thread Interrupted waiting to refresh disk information: sleep interrupted
2019-09-19 11:32:18,977 [ForkJoinPool.commonPool-worker-0] INFO  utils.BackgroundService (BackgroundService.java:shutdown(148)) - Shutting down service BlockDeletingService
2019-09-19 11:32:18,977 [main] INFO  utils.BackgroundService (BackgroundService.java:shutdown(148)) - Shutting down service BlockDeletingService
2019-09-19 11:32:18,981 [ForkJoinPool.commonPool-worker-0] INFO  statemachine.DatanodeStateMachine (DatanodeStateMachine.java:stopDaemon(395)) - Ozone container server stopped.
2019-09-19 11:32:18,985 [main] INFO  statemachine.DatanodeStateMachine (DatanodeStateMachine.java:stopDaemon(395)) - Ozone container server stopped.
2019-09-19 11:32:18,988 [main] INFO  handler.ContextHandler (ContextHandler.java:doStop(910)) - Stopped o.e.j.w.WebAppContext@5329f6b3{/,null,UNAVAILABLE}{/hddsDatanode}
2019-09-19 11:32:18,988 [ForkJoinPool.commonPool-worker-0] INFO  handler.ContextHandler (ContextHandler.java:doStop(910)) - Stopped o.e.j.w.WebAppContext@6b9c42bd{/,null,UNAVAILABLE}{/hddsDatanode}
2019-09-19 11:32:18,989 [main] INFO  server.AbstractConnector (AbstractConnector.java:doStop(318)) - Stopped ServerConnector@597d48ca{HTTP/1.1,[http/1.1]}{0.0.0.0:0}
2019-09-19 11:32:18,989 [ForkJoinPool.commonPool-worker-0] INFO  server.AbstractConnector (AbstractConnector.java:doStop(318)) - Stopped ServerConnector@584ca390{HTTP/1.1,[http/1.1]}{0.0.0.0:0}
2019-09-19 11:32:18,991 [main] INFO  handler.ContextHandler (ContextHandler.java:doStop(910)) - Stopped o.e.j.s.ServletContextHandler@6cc48a17{/static,jar:file:/home/user/.m2/repository/org/apache/hadoop/hadoop-hdds-container-service/0.5.0-SNAPSHOT/hadoop-hdds-container-service-0.5.0-SNAPSHOT.jar!/webapps/static,UNAVAILABLE}
2019-09-19 11:32:18,991 [ForkJoinPool.commonPool-worker-0] INFO  handler.ContextHandler (ContextHandler.java:doStop(910)) - Stopped o.e.j.s.ServletContextHandler@58a3d521{/static,jar:file:/home/user/.m2/repository/org/apache/hadoop/hadoop-hdds-container-service/0.5.0-SNAPSHOT/hadoop-hdds-container-service-0.5.0-SNAPSHOT.jar!/webapps/static,UNAVAILABLE}
2019-09-19 11:32:18,991 [main] INFO  handler.ContextHandler (ContextHandler.java:doStop(910)) - Stopped o.e.j.s.ServletContextHandler@27ab206{/logs,file:///workdir/hadoop-ozone/integration-test/target/log,UNAVAILABLE}
2019-09-19 11:32:18,992 [ForkJoinPool.commonPool-worker-0] INFO  handler.ContextHandler (ContextHandler.java:doStop(910)) - Stopped o.e.j.s.ServletContextHandler@27898e13{/logs,file:///workdir/hadoop-ozone/integration-test/target/log,UNAVAILABLE}
2019-09-19 11:32:19,574 [Datanode State Machine Thread - 0] INFO  statemachine.DatanodeStateMachine (DatanodeStateMachine.java:lambda$startDaemon$0(350)) - Ozone container server started.
2019-09-19 11:32:19,609 [Datanode State Machine Thread - 0] INFO  statemachine.DatanodeStateMachine (DatanodeStateMachine.java:lambda$startDaemon$0(350)) - Ozone container server started.
2019-09-19 11:32:20,629 [grpc-default-executor-1] WARN  server.GrpcLogAppender (LogUtils.java:warn(134)) - 758fd404-57a5-4b75-8be9-0c6c712b0af9@group-79AA6148534A->c3650528-2518-482e-bbf8-bc89690c370c-AppendLogResponseHandler: Failed appendEntries: org.apache.ratis.thirdparty.io.grpc.StatusRuntimeException: UNAVAILABLE: io exception
2019-09-19 11:32:20,630 [grpc-default-executor-1] INFO  impl.FollowerInfo (FollowerInfo.java:lambda$new$0(51)) - 758fd404-57a5-4b75-8be9-0c6c712b0af9@group-79AA6148534A->c3650528-2518-482e-bbf8-bc89690c370c: nextIndex: updateUnconditionally 0 -> 0
2019-09-19 11:32:23,128 [grpc-default-executor-9] WARN  server.GrpcLogAppender (LogUtils.java:warn(134)) - 758fd404-57a5-4b75-8be9-0c6c712b0af9@group-79AA6148534A->c3650528-2518-482e-bbf8-bc89690c370c-AppendLogResponseHandler: Failed appendEntries: org.apache.ratis.thirdparty.io.grpc.StatusRuntimeException: UNAVAILABLE: io exception
2019-09-19 11:32:23,129 [grpc-default-executor-9] INFO  impl.FollowerInfo (FollowerInfo.java:lambda$new$0(51)) - 758fd404-57a5-4b75-8be9-0c6c712b0af9@group-79AA6148534A->c3650528-2518-482e-bbf8-bc89690c370c: nextIndex: updateUnconditionally 0 -> 0
2019-09-19 11:32:23,591 [EventQueue-StaleNodeForStaleNodeHandler] INFO  node.StaleNodeHandler (StaleNodeHandler.java:onMessage(58)) - Datanode 960c4e8b-33b7-499e-a18c-f6fdada6657f{ip: 192.168.151.78, host: pr-hdds-2154-j8s56-3842691507, networkLocation: /default-rack, certSerialId: null} moved to stale state. Finalizing its pipelines [PipelineID=615ac6d7-3c32-4ce7-b51d-53dd671d10c1, PipelineID=eec250ed-8d8a-4936-9d81-de3aaa40fc3f]
2019-09-19 11:32:23,592 [EventQueue-StaleNodeForStaleNodeHandler] INFO  pipeline.SCMPipelineManager (SCMPipelineManager.java:finalizeAndDestroyPipeline(311)) - destroying pipeline:Pipeline[ Id: 615ac6d7-3c32-4ce7-b51d-53dd671d10c1, Nodes: 21a74dd4-9923-453c-baf9-ae5746c9b858{ip: 192.168.151.78, host: pr-hdds-2154-j8s56-3842691507, networkLocation: /default-rack, certSerialId: null}960c4e8b-33b7-499e-a18c-f6fdada6657f{ip: 192.168.151.78, host: pr-hdds-2154-j8s56-3842691507, networkLocation: /default-rack, certSerialId: null}21a9a8a2-1bc1-4e0b-a545-20246312a195{ip: 192.168.151.78, host: pr-hdds-2154-j8s56-3842691507, networkLocation: /default-rack, certSerialId: null}, Type:RATIS, Factor:THREE, State:CLOSED]
2019-09-19 11:32:23,592 [EventQueue-StaleNodeForStaleNodeHandler] INFO  pipeline.SCMPipelineManager (SCMPipelineManager.java:finalizeAndDestroyPipeline(311)) - destroying pipeline:Pipeline[ Id: eec250ed-8d8a-4936-9d81-de3aaa40fc3f, Nodes: 960c4e8b-33b7-499e-a18c-f6fdada6657f{ip: 192.168.151.78, host: pr-hdds-2154-j8s56-3842691507, networkLocation: /default-rack, certSerialId: null}, Type:RATIS, Factor:ONE, State:OPEN]
2019-09-19 11:32:23,593 [EventQueue-StaleNodeForStaleNodeHandler] INFO  pipeline.PipelineStateManager (PipelineStateManager.java:finalizePipeline(123)) - Pipeline Pipeline[ Id: eec250ed-8d8a-4936-9d81-de3aaa40fc3f, Nodes: 960c4e8b-33b7-499e-a18c-f6fdada6657f{ip: 192.168.151.78, host: pr-hdds-2154-j8s56-3842691507, networkLocation: /default-rack, certSerialId: null}, Type:RATIS, Factor:ONE, State:CLOSED] moved to CLOSED state
2019-09-19 11:32:23,691 [EventQueue-StaleNodeForStaleNodeHandler] INFO  node.StaleNodeHandler (StaleNodeHandler.java:onMessage(58)) - Datanode b6529db3-123b-4be0-a0cb-0e56f9592f33{ip: 192.168.151.78, host: pr-hdds-2154-j8s56-3842691507, networkLocation: /default-rack, certSerialId: null} moved to stale state. Finalizing its pipelines [PipelineID=1a3cfdfb-0de5-4c93-a669-79aa6148534a, PipelineID=4ff2981d-7c66-4ae4-bae9-66fdb4855001]
2019-09-19 11:32:23,691 [EventQueue-StaleNodeForStaleNodeHandler] INFO  pipeline.SCMPipelineManager (SCMPipelineManager.java:finalizeAndDestroyPipeline(311)) - destroying pipeline:Pipeline[ Id: 1a3cfdfb-0de5-4c93-a669-79aa6148534a, Nodes: c3650528-2518-482e-bbf8-bc89690c370c{ip: 192.168.151.78, host: pr-hdds-2154-j8s56-3842691507, networkLocation: /default-rack, certSerialId: null}758fd404-57a5-4b75-8be9-0c6c712b0af9{ip: 192.168.151.78, host: pr-hdds-2154-j8s56-3842691507, networkLocation: /default-rack, certSerialId: null}b6529db3-123b-4be0-a0cb-0e56f9592f33{ip: 192.168.151.78, host: pr-hdds-2154-j8s56-3842691507, networkLocation: /default-rack, certSerialId: null}, Type:RATIS, Factor:THREE, State:CLOSED]
2019-09-19 11:32:23,691 [EventQueue-StaleNodeForStaleNodeHandler] INFO  pipeline.SCMPipelineManager (SCMPipelineManager.java:finalizeAndDestroyPipeline(311)) - destroying pipeline:Pipeline[ Id: 4ff2981d-7c66-4ae4-bae9-66fdb4855001, Nodes: b6529db3-123b-4be0-a0cb-0e56f9592f33{ip: 192.168.151.78, host: pr-hdds-2154-j8s56-3842691507, networkLocation: /default-rack, certSerialId: null}, Type:RATIS, Factor:ONE, State:OPEN]
2019-09-19 11:32:23,691 [EventQueue-StaleNodeForStaleNodeHandler] INFO  pipeline.PipelineStateManager (PipelineStateManager.java:finalizePipeline(123)) - Pipeline Pipeline[ Id: 4ff2981d-7c66-4ae4-bae9-66fdb4855001, Nodes: b6529db3-123b-4be0-a0cb-0e56f9592f33{ip: 192.168.151.78, host: pr-hdds-2154-j8s56-3842691507, networkLocation: /default-rack, certSerialId: null}, Type:RATIS, Factor:ONE, State:CLOSED] moved to CLOSED state
2019-09-19 11:32:24,000 [ForkJoinPool.commonPool-worker-0] INFO  ozoneimpl.OzoneContainer (OzoneContainer.java:stop(231)) - Attempting to stop container services.
2019-09-19 11:32:24,000 [main] INFO  ozoneimpl.OzoneContainer (OzoneContainer.java:stop(231)) - Attempting to stop container services.
2019-09-19 11:32:24,002 [ForkJoinPool.commonPool-worker-0] INFO  impl.RaftServerProxy (RaftServerProxy.java:lambda$close$4(314)) - 960c4e8b-33b7-499e-a18c-f6fdada6657f: close
2019-09-19 11:32:24,003 [main] INFO  impl.RaftServerProxy (RaftServerProxy.java:lambda$close$4(314)) - b6529db3-123b-4be0-a0cb-0e56f9592f33: close
2019-09-19 11:32:24,003 [ForkJoinPool.commonPool-worker-0] INFO  impl.RaftServerImpl (RaftServerImpl.java:lambda$shutdown$3(251)) - 960c4e8b-33b7-499e-a18c-f6fdada6657f@group-53DD671D10C1: shutdown
2019-09-19 11:32:24,003 [main] INFO  impl.RaftServerImpl (RaftServerImpl.java:lambda$shutdown$3(251)) - b6529db3-123b-4be0-a0cb-0e56f9592f33@group-79AA6148534A: shutdown
2019-09-19 11:32:24,004 [ForkJoinPool.commonPool-worker-0] INFO  util.JmxRegister (JmxRegister.java:unregister(73)) - Successfully un-registered JMX Bean with object name Ratis:service=RaftServer,group=group-53DD671D10C1,id=960c4e8b-33b7-499e-a18c-f6fdada6657f
2019-09-19 11:32:24,004 [main] INFO  util.JmxRegister (JmxRegister.java:unregister(73)) - Successfully un-registered JMX Bean with object name Ratis:service=RaftServer,group=group-79AA6148534A,id=b6529db3-123b-4be0-a0cb-0e56f9592f33
2019-09-19 11:32:24,004 [ForkJoinPool.commonPool-worker-0] INFO  impl.RoleInfo (RoleInfo.java:shutdownFollowerState(121)) - 960c4e8b-33b7-499e-a18c-f6fdada6657f: shutdown FollowerState
2019-09-19 11:32:24,005 [main] INFO  impl.RoleInfo (RoleInfo.java:shutdownFollowerState(121)) - b6529db3-123b-4be0-a0cb-0e56f9592f33: shutdown FollowerState
2019-09-19 11:32:24,005 [Thread-3127] INFO  impl.FollowerState (FollowerState.java:run(115)) - 960c4e8b-33b7-499e-a18c-f6fdada6657f: FollowerState was interrupted: java.lang.InterruptedException: sleep interrupted
2019-09-19 11:32:24,005 [ForkJoinPool.commonPool-worker-0] INFO  impl.StateMachineUpdater (StateMachineUpdater.java:stopAndJoin(125)) - 960c4e8b-33b7-499e-a18c-f6fdada6657f@group-53DD671D10C1-StateMachineUpdater: set stopIndex = 15
2019-09-19 11:32:24,008 [Thread-3244] INFO  impl.FollowerState (FollowerState.java:run(115)) - b6529db3-123b-4be0-a0cb-0e56f9592f33: FollowerState was interrupted: java.lang.InterruptedException: sleep interrupted
2019-09-19 11:32:24,005 [960c4e8b-33b7-499e-a18c-f6fdada6657f@group-53DD671D10C1-StateMachineUpdater] INFO  ratis.ContainerStateMachine (ContainerStateMachine.java:takeSnapshot(289)) - group-53DD671D10C1: Taking a snapshot at:(t:1, i:13) file /workdir/hadoop-ozone/integration-test/target/test-dir/MiniOzoneClusterImpl-6da57ec2-366d-4ea4-a605-9b5cf4b6fb5d/datanode-0/data/ratis/615ac6d7-3c32-4ce7-b51d-53dd671d10c1/sm/snapshot.1_13
2019-09-19 11:32:24,005 [main] INFO  impl.StateMachineUpdater (StateMachineUpdater.java:stopAndJoin(125)) - b6529db3-123b-4be0-a0cb-0e56f9592f33@group-79AA6148534A-StateMachineUpdater: set stopIndex = 16
2019-09-19 11:32:24,008 [b6529db3-123b-4be0-a0cb-0e56f9592f33@group-79AA6148534A-StateMachineUpdater] INFO  ratis.ContainerStateMachine (ContainerStateMachine.java:takeSnapshot(289)) - group-79AA6148534A: Taking a snapshot at:(t:1, i:12) file /workdir/hadoop-ozone/integration-test/target/test-dir/MiniOzoneClusterImpl-6da57ec2-366d-4ea4-a605-9b5cf4b6fb5d/datanode-3/data/ratis/1a3cfdfb-0de5-4c93-a669-79aa6148534a/sm/snapshot.1_12
2019-09-19 11:32:24,085 [960c4e8b-33b7-499e-a18c-f6fdada6657f@group-53DD671D10C1-StateMachineUpdater] INFO  ratis.ContainerStateMachine (ContainerStateMachine.java:takeSnapshot(300)) - group-53DD671D10C1: Finished taking a snapshot at:(t:1, i:13) file:/workdir/hadoop-ozone/integration-test/target/test-dir/MiniOzoneClusterImpl-6da57ec2-366d-4ea4-a605-9b5cf4b6fb5d/datanode-0/data/ratis/615ac6d7-3c32-4ce7-b51d-53dd671d10c1/sm/snapshot.1_13 time:80
2019-09-19 11:32:24,085 [b6529db3-123b-4be0-a0cb-0e56f9592f33@group-79AA6148534A-StateMachineUpdater] INFO  ratis.ContainerStateMachine (ContainerStateMachine.java:takeSnapshot(300)) - group-79AA6148534A: Finished taking a snapshot at:(t:1, i:12) file:/workdir/hadoop-ozone/integration-test/target/test-dir/MiniOzoneClusterImpl-6da57ec2-366d-4ea4-a605-9b5cf4b6fb5d/datanode-3/data/ratis/1a3cfdfb-0de5-4c93-a669-79aa6148534a/sm/snapshot.1_12 time:78
2019-09-19 11:32:24,086 [b6529db3-123b-4be0-a0cb-0e56f9592f33@group-79AA6148534A-StateMachineUpdater] INFO  impl.StateMachineUpdater (StateMachineUpdater.java:takeSnapshot(258)) - b6529db3-123b-4be0-a0cb-0e56f9592f33@group-79AA6148534A-StateMachineUpdater: Took a snapshot at index 12
2019-09-19 11:32:24,086 [960c4e8b-33b7-499e-a18c-f6fdada6657f@group-53DD671D10C1-StateMachineUpdater] INFO  impl.StateMachineUpdater (StateMachineUpdater.java:takeSnapshot(258)) - 960c4e8b-33b7-499e-a18c-f6fdada6657f@group-53DD671D10C1-StateMachineUpdater: Took a snapshot at index 13
2019-09-19 11:32:24,086 [b6529db3-123b-4be0-a0cb-0e56f9592f33@group-79AA6148534A-StateMachineUpdater] INFO  impl.StateMachineUpdater (StateMachineUpdater.java:lambda$new$0(83)) - b6529db3-123b-4be0-a0cb-0e56f9592f33@group-79AA6148534A-StateMachineUpdater: snapshotIndex: updateIncreasingly -1 -> 12
2019-09-19 11:32:24,086 [960c4e8b-33b7-499e-a18c-f6fdada6657f@group-53DD671D10C1-StateMachineUpdater] INFO  impl.StateMachineUpdater (StateMachineUpdater.java:lambda$new$0(83)) - 960c4e8b-33b7-499e-a18c-f6fdada6657f@group-53DD671D10C1-StateMachineUpdater: snapshotIndex: updateIncreasingly -1 -> 13
2019-09-19 11:32:24,087 [b6529db3-123b-4be0-a0cb-0e56f9592f33@group-79AA6148534A-StateMachineUpdater] INFO  ratis.ContainerStateMachine (ContainerStateMachine.java:takeSnapshot(289)) - group-79AA6148534A: Taking a snapshot at:(t:1, i:12) file /workdir/hadoop-ozone/integration-test/target/test-dir/MiniOzoneClusterImpl-6da57ec2-366d-4ea4-a605-9b5cf4b6fb5d/datanode-3/data/ratis/1a3cfdfb-0de5-4c93-a669-79aa6148534a/sm/snapshot.1_12
2019-09-19 11:32:24,088 [960c4e8b-33b7-499e-a18c-f6fdada6657f@group-53DD671D10C1-StateMachineUpdater] INFO  ratis.ContainerStateMachine (ContainerStateMachine.java:takeSnapshot(289)) - group-53DD671D10C1: Taking a snapshot at:(t:1, i:13) file /workdir/hadoop-ozone/integration-test/target/test-dir/MiniOzoneClusterImpl-6da57ec2-366d-4ea4-a605-9b5cf4b6fb5d/datanode-0/data/ratis/615ac6d7-3c32-4ce7-b51d-53dd671d10c1/sm/snapshot.1_13
2019-09-19 11:32:24,181 [960c4e8b-33b7-499e-a18c-f6fdada6657f@group-53DD671D10C1-StateMachineUpdater] INFO  ratis.ContainerStateMachine (ContainerStateMachine.java:takeSnapshot(300)) - group-53DD671D10C1: Finished taking a snapshot at:(t:1, i:13) file:/workdir/hadoop-ozone/integration-test/target/test-dir/MiniOzoneClusterImpl-6da57ec2-366d-4ea4-a605-9b5cf4b6fb5d/datanode-0/data/ratis/615ac6d7-3c32-4ce7-b51d-53dd671d10c1/sm/snapshot.1_13 time:94
2019-09-19 11:32:24,181 [b6529db3-123b-4be0-a0cb-0e56f9592f33@group-79AA6148534A-StateMachineUpdater] INFO  ratis.ContainerStateMachine (ContainerStateMachine.java:takeSnapshot(300)) - group-79AA6148534A: Finished taking a snapshot at:(t:1, i:12) file:/workdir/hadoop-ozone/integration-test/target/test-dir/MiniOzoneClusterImpl-6da57ec2-366d-4ea4-a605-9b5cf4b6fb5d/datanode-3/data/ratis/1a3cfdfb-0de5-4c93-a669-79aa6148534a/sm/snapshot.1_12 time:95
2019-09-19 11:32:24,182 [960c4e8b-33b7-499e-a18c-f6fdada6657f@group-53DD671D10C1-StateMachineUpdater] INFO  impl.StateMachineUpdater (StateMachineUpdater.java:takeSnapshot(258)) - 960c4e8b-33b7-499e-a18c-f6fdada6657f@group-53DD671D10C1-StateMachineUpdater: Took a snapshot at index 13
2019-09-19 11:32:24,182 [960c4e8b-33b7-499e-a18c-f6fdada6657f@group-53DD671D10C1-StateMachineUpdater] INFO  impl.StateMachineUpdater (StateMachineUpdater.java:lambda$new$0(83)) - 960c4e8b-33b7-499e-a18c-f6fdada6657f@group-53DD671D10C1-StateMachineUpdater: snapshotIndex: updateIncreasingly 13 -> 13
2019-09-19 11:32:24,182 [b6529db3-123b-4be0-a0cb-0e56f9592f33@group-79AA6148534A-StateMachineUpdater] INFO  impl.StateMachineUpdater (StateMachineUpdater.java:takeSnapshot(258)) - b6529db3-123b-4be0-a0cb-0e56f9592f33@group-79AA6148534A-StateMachineUpdater: Took a snapshot at index 12
2019-09-19 11:32:24,182 [b6529db3-123b-4be0-a0cb-0e56f9592f33@group-79AA6148534A-StateMachineUpdater] INFO  impl.StateMachineUpdater (StateMachineUpdater.java:lambda$new$0(83)) - b6529db3-123b-4be0-a0cb-0e56f9592f33@group-79AA6148534A-StateMachineUpdater: snapshotIndex: updateIncreasingly 12 -> 12
2019-09-19 11:32:24,182 [ForkJoinPool.commonPool-worker-0] INFO  impl.RaftServerImpl (ServerState.java:close(385)) - 960c4e8b-33b7-499e-a18c-f6fdada6657f@group-53DD671D10C1: closes. applyIndex: 15
2019-09-19 11:32:24,182 [main] INFO  impl.RaftServerImpl (ServerState.java:close(385)) - b6529db3-123b-4be0-a0cb-0e56f9592f33@group-79AA6148534A: closes. applyIndex: 16
2019-09-19 11:32:24,183 [960c4e8b-33b7-499e-a18c-f6fdada6657f@group-53DD671D10C1-SegmentedRaftLogWorker] INFO  segmented.SegmentedRaftLogWorker (SegmentedRaftLogWorker.java:run(313)) - 960c4e8b-33b7-499e-a18c-f6fdada6657f@group-53DD671D10C1-SegmentedRaftLogWorker was interrupted, exiting. There are 0 tasks remaining in the queue.
2019-09-19 11:32:24,183 [b6529db3-123b-4be0-a0cb-0e56f9592f33@group-79AA6148534A-SegmentedRaftLogWorker] INFO  segmented.SegmentedRaftLogWorker (SegmentedRaftLogWorker.java:run(313)) - b6529db3-123b-4be0-a0cb-0e56f9592f33@group-79AA6148534A-SegmentedRaftLogWorker was interrupted, exiting. There are 0 tasks remaining in the queue.
2019-09-19 11:32:24,186 [ForkJoinPool.commonPool-worker-0] INFO  segmented.SegmentedRaftLogWorker (SegmentedRaftLogWorker.java:close(228)) - 960c4e8b-33b7-499e-a18c-f6fdada6657f@group-53DD671D10C1-SegmentedRaftLogWorker close()
2019-09-19 11:32:24,186 [main] INFO  segmented.SegmentedRaftLogWorker (SegmentedRaftLogWorker.java:close(228)) - b6529db3-123b-4be0-a0cb-0e56f9592f33@group-79AA6148534A-SegmentedRaftLogWorker close()
2019-09-19 11:32:24,189 [ForkJoinPool.commonPool-worker-0] INFO  impl.RaftServerImpl (RaftServerImpl.java:lambda$shutdown$3(251)) - 960c4e8b-33b7-499e-a18c-f6fdada6657f@group-DE3AAA40FC3F: shutdown
2019-09-19 11:32:24,192 [main] INFO  impl.RaftServerImpl (RaftServerImpl.java:lambda$shutdown$3(251)) - b6529db3-123b-4be0-a0cb-0e56f9592f33@group-66FDB4855001: shutdown
2019-09-19 11:32:24,192 [ForkJoinPool.commonPool-worker-0] INFO  util.JmxRegister (JmxRegister.java:unregister(73)) - Successfully un-registered JMX Bean with object name Ratis:service=RaftServer,group=group-DE3AAA40FC3F,id=960c4e8b-33b7-499e-a18c-f6fdada6657f
2019-09-19 11:32:24,193 [main] INFO  util.JmxRegister (JmxRegister.java:unregister(73)) - Successfully un-registered JMX Bean with object name Ratis:service=RaftServer,group=group-66FDB4855001,id=b6529db3-123b-4be0-a0cb-0e56f9592f33
2019-09-19 11:32:24,193 [ForkJoinPool.commonPool-worker-0] INFO  impl.RoleInfo (RoleInfo.java:shutdownLeaderState(104)) - 960c4e8b-33b7-499e-a18c-f6fdada6657f: shutdown LeaderState
2019-09-19 11:32:24,193 [main] INFO  impl.RoleInfo (RoleInfo.java:shutdownLeaderState(104)) - b6529db3-123b-4be0-a0cb-0e56f9592f33: shutdown LeaderState
2019-09-19 11:32:24,194 [ForkJoinPool.commonPool-worker-0] INFO  impl.PendingRequests (PendingRequests.java:sendNotLeaderResponses(202)) - 960c4e8b-33b7-499e-a18c-f6fdada6657f-PendingRequests: sendNotLeaderResponses
2019-09-19 11:32:24,194 [main] INFO  impl.PendingRequests (PendingRequests.java:sendNotLeaderResponses(202)) - b6529db3-123b-4be0-a0cb-0e56f9592f33-PendingRequests: sendNotLeaderResponses
2019-09-19 11:32:24,195 [ForkJoinPool.commonPool-worker-0] INFO  impl.StateMachineUpdater (StateMachineUpdater.java:stopAndJoin(125)) - 960c4e8b-33b7-499e-a18c-f6fdada6657f@group-DE3AAA40FC3F-StateMachineUpdater: set stopIndex = 0
2019-09-19 11:32:24,195 [main] INFO  impl.StateMachineUpdater (StateMachineUpdater.java:stopAndJoin(125)) - b6529db3-123b-4be0-a0cb-0e56f9592f33@group-66FDB4855001-StateMachineUpdater: set stopIndex = 0
2019-09-19 11:32:24,196 [main] INFO  impl.RaftServerImpl (ServerState.java:close(385)) - b6529db3-123b-4be0-a0cb-0e56f9592f33@group-66FDB4855001: closes. applyIndex: 0
2019-09-19 11:32:24,195 [ForkJoinPool.commonPool-worker-0] INFO  impl.RaftServerImpl (ServerState.java:close(385)) - 960c4e8b-33b7-499e-a18c-f6fdada6657f@group-DE3AAA40FC3F: closes. applyIndex: 0
2019-09-19 11:32:24,196 [b6529db3-123b-4be0-a0cb-0e56f9592f33@group-66FDB4855001-SegmentedRaftLogWorker] INFO  segmented.SegmentedRaftLogWorker (SegmentedRaftLogWorker.java:run(313)) - b6529db3-123b-4be0-a0cb-0e56f9592f33@group-66FDB4855001-SegmentedRaftLogWorker was interrupted, exiting. There are 0 tasks remaining in the queue.
2019-09-19 11:32:24,196 [960c4e8b-33b7-499e-a18c-f6fdada6657f@group-DE3AAA40FC3F-SegmentedRaftLogWorker] INFO  segmented.SegmentedRaftLogWorker (SegmentedRaftLogWorker.java:run(313)) - 960c4e8b-33b7-499e-a18c-f6fdada6657f@group-DE3AAA40FC3F-SegmentedRaftLogWorker was interrupted, exiting. There are 0 tasks remaining in the queue.
2019-09-19 11:32:24,198 [main] INFO  segmented.SegmentedRaftLogWorker (SegmentedRaftLogWorker.java:close(228)) - b6529db3-123b-4be0-a0cb-0e56f9592f33@group-66FDB4855001-SegmentedRaftLogWorker close()
2019-09-19 11:32:24,199 [ForkJoinPool.commonPool-worker-0] INFO  segmented.SegmentedRaftLogWorker (SegmentedRaftLogWorker.java:close(228)) - 960c4e8b-33b7-499e-a18c-f6fdada6657f@group-DE3AAA40FC3F-SegmentedRaftLogWorker close()
2019-09-19 11:32:24,202 [main] INFO  server.GrpcService (GrpcService.java:closeImpl(164)) - b6529db3-123b-4be0-a0cb-0e56f9592f33: shutdown server with port 37948 now
2019-09-19 11:32:24,205 [ForkJoinPool.commonPool-worker-0] INFO  server.GrpcService (GrpcService.java:closeImpl(164)) - 960c4e8b-33b7-499e-a18c-f6fdada6657f: shutdown server with port 45831 now
2019-09-19 11:32:24,206 [ForkJoinPool.commonPool-worker-0] INFO  server.GrpcService (GrpcService.java:closeImpl(172)) - 960c4e8b-33b7-499e-a18c-f6fdada6657f: shutdown server with port 45831 successfully
2019-09-19 11:32:24,207 [grpc-default-executor-0] WARN  server.GrpcServerProtocolService (LogUtils.java:warn(134)) - b6529db3-123b-4be0-a0cb-0e56f9592f33: installSnapshot onError, lastRequest: 758fd404-57a5-4b75-8be9-0c6c712b0af9->b6529db3-123b-4be0-a0cb-0e56f9592f33#7-t2, previous=(t:2, i:16), leaderCommit=16, initializing? false, entries: <empty>: org.apache.ratis.thirdparty.io.grpc.StatusRuntimeException: CANCELLED: cancelled before receiving half close
2019-09-19 11:32:24,207 [main] INFO  server.GrpcService (GrpcService.java:closeImpl(172)) - b6529db3-123b-4be0-a0cb-0e56f9592f33: shutdown server with port 37948 successfully
2019-09-19 11:32:24,207 [grpc-default-executor-1] WARN  server.GrpcLogAppender (LogUtils.java:warn(134)) - 758fd404-57a5-4b75-8be9-0c6c712b0af9@group-79AA6148534A->b6529db3-123b-4be0-a0cb-0e56f9592f33-AppendLogResponseHandler: Failed appendEntries: org.apache.ratis.thirdparty.io.grpc.StatusRuntimeException: CANCELLED: HTTP/2 error code: CANCEL
Received Rst Stream
2019-09-19 11:32:24,208 [grpc-default-executor-1] INFO  impl.FollowerInfo (FollowerInfo.java:lambda$new$0(51)) - 758fd404-57a5-4b75-8be9-0c6c712b0af9@group-79AA6148534A->b6529db3-123b-4be0-a0cb-0e56f9592f33: nextIndex: updateUnconditionally 17 -> 16
2019-09-19 11:32:24,210 [refreshUsed-/workdir/hadoop-ozone/integration-test/target/test-dir/MiniOzoneClusterImpl-6da57ec2-366d-4ea4-a605-9b5cf4b6fb5d/datanode-0/data/containers] WARN  fs.CachingGetSpaceUsed (CachingGetSpaceUsed.java:run(183)) - Thread Interrupted waiting to refresh disk information: sleep interrupted
2019-09-19 11:32:24,215 [refreshUsed-/workdir/hadoop-ozone/integration-test/target/test-dir/MiniOzoneClusterImpl-6da57ec2-366d-4ea4-a605-9b5cf4b6fb5d/datanode-3/data/containers] WARN  fs.CachingGetSpaceUsed (CachingGetSpaceUsed.java:run(183)) - Thread Interrupted waiting to refresh disk information: sleep interrupted
2019-09-19 11:32:24,230 [main] INFO  utils.BackgroundService (BackgroundService.java:shutdown(148)) - Shutting down service BlockDeletingService
2019-09-19 11:32:24,233 [main] INFO  statemachine.DatanodeStateMachine (DatanodeStateMachine.java:stopDaemon(395)) - Ozone container server stopped.
2019-09-19 11:32:24,234 [main] INFO  handler.ContextHandler (ContextHandler.java:doStop(910)) - Stopped o.e.j.w.WebAppContext@c9b5a99{/,null,UNAVAILABLE}{/hddsDatanode}
2019-09-19 11:32:24,235 [main] INFO  server.AbstractConnector (AbstractConnector.java:doStop(318)) - Stopped ServerConnector@70be89ec{HTTP/1.1,[http/1.1]}{0.0.0.0:0}
2019-09-19 11:32:24,235 [main] INFO  handler.ContextHandler (ContextHandler.java:doStop(910)) - Stopped o.e.j.s.ServletContextHandler@6b063470{/static,jar:file:/home/user/.m2/repository/org/apache/hadoop/hadoop-hdds-container-service/0.5.0-SNAPSHOT/hadoop-hdds-container-service-0.5.0-SNAPSHOT.jar!/webapps/static,UNAVAILABLE}
2019-09-19 11:32:24,236 [main] INFO  handler.ContextHandler (ContextHandler.java:doStop(910)) - Stopped o.e.j.s.ServletContextHandler@2c8b8de0{/logs,file:///workdir/hadoop-ozone/integration-test/target/log,UNAVAILABLE}
2019-09-19 11:32:24,236 [ForkJoinPool.commonPool-worker-0] INFO  utils.BackgroundService (BackgroundService.java:shutdown(148)) - Shutting down service BlockDeletingService
2019-09-19 11:32:24,239 [ForkJoinPool.commonPool-worker-0] INFO  statemachine.DatanodeStateMachine (DatanodeStateMachine.java:stopDaemon(395)) - Ozone container server stopped.
2019-09-19 11:32:24,244 [ForkJoinPool.commonPool-worker-0] INFO  handler.ContextHandler (ContextHandler.java:doStop(910)) - Stopped o.e.j.w.WebAppContext@3f5dfe69{/,null,UNAVAILABLE}{/hddsDatanode}
2019-09-19 11:32:24,245 [ForkJoinPool.commonPool-worker-0] INFO  server.AbstractConnector (AbstractConnector.java:doStop(318)) - Stopped ServerConnector@571a663c{HTTP/1.1,[http/1.1]}{0.0.0.0:0}
2019-09-19 11:32:24,246 [ForkJoinPool.commonPool-worker-0] INFO  handler.ContextHandler (ContextHandler.java:doStop(910)) - Stopped o.e.j.s.ServletContextHandler@72a8361b{/static,jar:file:/home/user/.m2/repository/org/apache/hadoop/hadoop-hdds-container-service/0.5.0-SNAPSHOT/hadoop-hdds-container-service-0.5.0-SNAPSHOT.jar!/webapps/static,UNAVAILABLE}
2019-09-19 11:32:24,248 [ForkJoinPool.commonPool-worker-0] INFO  handler.ContextHandler (ContextHandler.java:doStop(910)) - Stopped o.e.j.s.ServletContextHandler@44dfdd58{/logs,file:///workdir/hadoop-ozone/integration-test/target/log,UNAVAILABLE}
2019-09-19 11:32:24,608 [Datanode State Machine Thread - 0] INFO  statemachine.DatanodeStateMachine (DatanodeStateMachine.java:lambda$startDaemon$0(350)) - Ozone container server started.
2019-09-19 11:32:24,895 [Datanode State Machine Thread - 0] INFO  statemachine.DatanodeStateMachine (DatanodeStateMachine.java:lambda$startDaemon$0(350)) - Ozone container server started.
2019-09-19 11:32:25,628 [grpc-default-executor-9] WARN  server.GrpcLogAppender (LogUtils.java:warn(134)) - 758fd404-57a5-4b75-8be9-0c6c712b0af9@group-79AA6148534A->c3650528-2518-482e-bbf8-bc89690c370c-AppendLogResponseHandler: Failed appendEntries: org.apache.ratis.thirdparty.io.grpc.StatusRuntimeException: UNAVAILABLE: io exception
2019-09-19 11:32:25,629 [grpc-default-executor-9] INFO  impl.FollowerInfo (FollowerInfo.java:lambda$new$0(51)) - 758fd404-57a5-4b75-8be9-0c6c712b0af9@group-79AA6148534A->c3650528-2518-482e-bbf8-bc89690c370c: nextIndex: updateUnconditionally 0 -> 0
2019-09-19 11:32:25,638 [grpc-default-executor-1] WARN  server.GrpcLogAppender (LogUtils.java:warn(134)) - 758fd404-57a5-4b75-8be9-0c6c712b0af9@group-79AA6148534A->b6529db3-123b-4be0-a0cb-0e56f9592f33-AppendLogResponseHandler: Failed appendEntries: org.apache.ratis.thirdparty.io.grpc.StatusRuntimeException: UNAVAILABLE: io exception
2019-09-19 11:32:25,638 [grpc-default-executor-1] INFO  impl.FollowerInfo (FollowerInfo.java:lambda$new$0(51)) - 758fd404-57a5-4b75-8be9-0c6c712b0af9@group-79AA6148534A->b6529db3-123b-4be0-a0cb-0e56f9592f33: nextIndex: updateUnconditionally 16 -> 15
2019-09-19 11:32:28,130 [grpc-default-executor-0] WARN  server.GrpcLogAppender (LogUtils.java:warn(134)) - 758fd404-57a5-4b75-8be9-0c6c712b0af9@group-79AA6148534A->c3650528-2518-482e-bbf8-bc89690c370c-AppendLogResponseHandler: Failed appendEntries: org.apache.ratis.thirdparty.io.grpc.StatusRuntimeException: UNAVAILABLE: io exception
2019-09-19 11:32:28,131 [grpc-default-executor-0] INFO  impl.FollowerInfo (FollowerInfo.java:lambda$new$0(51)) - 758fd404-57a5-4b75-8be9-0c6c712b0af9@group-79AA6148534A->c3650528-2518-482e-bbf8-bc89690c370c: nextIndex: updateUnconditionally 0 -> 0
2019-09-19 11:32:28,139 [grpc-default-executor-9] WARN  server.GrpcLogAppender (LogUtils.java:warn(134)) - 758fd404-57a5-4b75-8be9-0c6c712b0af9@group-79AA6148534A->b6529db3-123b-4be0-a0cb-0e56f9592f33-AppendLogResponseHandler: Failed appendEntries: org.apache.ratis.thirdparty.io.grpc.StatusRuntimeException: UNAVAILABLE: io exception
2019-09-19 11:32:28,139 [grpc-default-executor-9] INFO  impl.FollowerInfo (FollowerInfo.java:lambda$new$0(51)) - 758fd404-57a5-4b75-8be9-0c6c712b0af9@group-79AA6148534A->b6529db3-123b-4be0-a0cb-0e56f9592f33: nextIndex: updateUnconditionally 15 -> 14
2019-09-19 11:32:28,698 [EventQueue-StaleNodeForStaleNodeHandler] INFO  node.StaleNodeHandler (StaleNodeHandler.java:onMessage(58)) - Datanode 758fd404-57a5-4b75-8be9-0c6c712b0af9{ip: 192.168.151.78, host: pr-hdds-2154-j8s56-3842691507, networkLocation: /default-rack, certSerialId: null} moved to stale state. Finalizing its pipelines [PipelineID=1a3cfdfb-0de5-4c93-a669-79aa6148534a, PipelineID=cc3f31eb-9a39-42ba-b2e1-dbdff199f5b1]
2019-09-19 11:32:28,698 [EventQueue-StaleNodeForStaleNodeHandler] INFO  pipeline.SCMPipelineManager (SCMPipelineManager.java:finalizeAndDestroyPipeline(311)) - destroying pipeline:Pipeline[ Id: 1a3cfdfb-0de5-4c93-a669-79aa6148534a, Nodes: c3650528-2518-482e-bbf8-bc89690c370c{ip: 192.168.151.78, host: pr-hdds-2154-j8s56-3842691507, networkLocation: /default-rack, certSerialId: null}758fd404-57a5-4b75-8be9-0c6c712b0af9{ip: 192.168.151.78, host: pr-hdds-2154-j8s56-3842691507, networkLocation: /default-rack, certSerialId: null}b6529db3-123b-4be0-a0cb-0e56f9592f33{ip: 192.168.151.78, host: pr-hdds-2154-j8s56-3842691507, networkLocation: /default-rack, certSerialId: null}, Type:RATIS, Factor:THREE, State:CLOSED]
2019-09-19 11:32:28,699 [EventQueue-StaleNodeForStaleNodeHandler] INFO  pipeline.SCMPipelineManager (SCMPipelineManager.java:finalizeAndDestroyPipeline(311)) - destroying pipeline:Pipeline[ Id: cc3f31eb-9a39-42ba-b2e1-dbdff199f5b1, Nodes: 758fd404-57a5-4b75-8be9-0c6c712b0af9{ip: 192.168.151.78, host: pr-hdds-2154-j8s56-3842691507, networkLocation: /default-rack, certSerialId: null}, Type:RATIS, Factor:ONE, State:OPEN]
2019-09-19 11:32:28,699 [EventQueue-StaleNodeForStaleNodeHandler] INFO  pipeline.PipelineStateManager (PipelineStateManager.java:finalizePipeline(123)) - Pipeline Pipeline[ Id: cc3f31eb-9a39-42ba-b2e1-dbdff199f5b1, Nodes: 758fd404-57a5-4b75-8be9-0c6c712b0af9{ip: 192.168.151.78, host: pr-hdds-2154-j8s56-3842691507, networkLocation: /default-rack, certSerialId: null}, Type:RATIS, Factor:ONE, State:CLOSED] moved to CLOSED state
2019-09-19 11:32:28,898 [EventQueue-StaleNodeForStaleNodeHandler] INFO  node.StaleNodeHandler (StaleNodeHandler.java:onMessage(58)) - Datanode 1b68dfce-262f-42a0-abb7-01256e4dd628{ip: 192.168.151.78, host: pr-hdds-2154-j8s56-3842691507, networkLocation: /default-rack, certSerialId: null} moved to stale state. Finalizing its pipelines [PipelineID=9d0d86d0-ad02-453a-8444-7cce99c0872f]
2019-09-19 11:32:28,899 [EventQueue-StaleNodeForStaleNodeHandler] INFO  pipeline.SCMPipelineManager (SCMPipelineManager.java:finalizeAndDestroyPipeline(311)) - destroying pipeline:Pipeline[ Id: 9d0d86d0-ad02-453a-8444-7cce99c0872f, Nodes: 1b68dfce-262f-42a0-abb7-01256e4dd628{ip: 192.168.151.78, host: pr-hdds-2154-j8s56-3842691507, networkLocation: /default-rack, certSerialId: null}, Type:RATIS, Factor:ONE, State:OPEN]
2019-09-19 11:32:28,899 [EventQueue-StaleNodeForStaleNodeHandler] INFO  pipeline.PipelineStateManager (PipelineStateManager.java:finalizePipeline(123)) - Pipeline Pipeline[ Id: 9d0d86d0-ad02-453a-8444-7cce99c0872f, Nodes: 1b68dfce-262f-42a0-abb7-01256e4dd628{ip: 192.168.151.78, host: pr-hdds-2154-j8s56-3842691507, networkLocation: /default-rack, certSerialId: null}, Type:RATIS, Factor:ONE, State:CLOSED] moved to CLOSED state
2019-09-19 11:32:29,238 [main] INFO  ozoneimpl.OzoneContainer (OzoneContainer.java:stop(231)) - Attempting to stop container services.
2019-09-19 11:32:29,241 [main] INFO  impl.RaftServerProxy (RaftServerProxy.java:lambda$close$4(314)) - 1b68dfce-262f-42a0-abb7-01256e4dd628: close
2019-09-19 11:32:29,241 [main] INFO  impl.RaftServerImpl (RaftServerImpl.java:lambda$shutdown$3(251)) - 1b68dfce-262f-42a0-abb7-01256e4dd628@group-7CCE99C0872F: shutdown
2019-09-19 11:32:29,242 [main] INFO  util.JmxRegister (JmxRegister.java:unregister(73)) - Successfully un-registered JMX Bean with object name Ratis:service=RaftServer,group=group-7CCE99C0872F,id=1b68dfce-262f-42a0-abb7-01256e4dd628
2019-09-19 11:32:29,242 [main] INFO  impl.RoleInfo (RoleInfo.java:shutdownLeaderState(104)) - 1b68dfce-262f-42a0-abb7-01256e4dd628: shutdown LeaderState
2019-09-19 11:32:29,243 [main] INFO  impl.PendingRequests (PendingRequests.java:sendNotLeaderResponses(202)) - 1b68dfce-262f-42a0-abb7-01256e4dd628-PendingRequests: sendNotLeaderResponses
2019-09-19 11:32:29,244 [main] INFO  impl.StateMachineUpdater (StateMachineUpdater.java:stopAndJoin(125)) - 1b68dfce-262f-42a0-abb7-01256e4dd628@group-7CCE99C0872F-StateMachineUpdater: set stopIndex = 0
2019-09-19 11:32:29,244 [main] INFO  impl.RaftServerImpl (ServerState.java:close(385)) - 1b68dfce-262f-42a0-abb7-01256e4dd628@group-7CCE99C0872F: closes. applyIndex: 0
2019-09-19 11:32:29,245 [1b68dfce-262f-42a0-abb7-01256e4dd628@group-7CCE99C0872F-SegmentedRaftLogWorker] INFO  segmented.SegmentedRaftLogWorker (SegmentedRaftLogWorker.java:run(313)) - 1b68dfce-262f-42a0-abb7-01256e4dd628@group-7CCE99C0872F-SegmentedRaftLogWorker was interrupted, exiting. There are 0 tasks remaining in the queue.
2019-09-19 11:32:29,247 [main] INFO  segmented.SegmentedRaftLogWorker (SegmentedRaftLogWorker.java:close(228)) - 1b68dfce-262f-42a0-abb7-01256e4dd628@group-7CCE99C0872F-SegmentedRaftLogWorker close()
2019-09-19 11:32:29,250 [main] INFO  server.GrpcService (GrpcService.java:closeImpl(164)) - 1b68dfce-262f-42a0-abb7-01256e4dd628: shutdown server with port 36325 now
2019-09-19 11:32:29,250 [ForkJoinPool.commonPool-worker-0] INFO  ozoneimpl.OzoneContainer (OzoneContainer.java:stop(231)) - Attempting to stop container services.
2019-09-19 11:32:29,251 [main] INFO  server.GrpcService (GrpcService.java:closeImpl(172)) - 1b68dfce-262f-42a0-abb7-01256e4dd628: shutdown server with port 36325 successfully
2019-09-19 11:32:29,251 [ForkJoinPool.commonPool-worker-0] INFO  impl.RaftServerProxy (RaftServerProxy.java:lambda$close$4(314)) - 758fd404-57a5-4b75-8be9-0c6c712b0af9: close
2019-09-19 11:32:29,252 [ForkJoinPool.commonPool-worker-0] INFO  impl.RaftServerImpl (RaftServerImpl.java:lambda$shutdown$3(251)) - 758fd404-57a5-4b75-8be9-0c6c712b0af9@group-79AA6148534A: shutdown
2019-09-19 11:32:29,252 [ForkJoinPool.commonPool-worker-0] INFO  util.JmxRegister (JmxRegister.java:unregister(73)) - Successfully un-registered JMX Bean with object name Ratis:service=RaftServer,group=group-79AA6148534A,id=758fd404-57a5-4b75-8be9-0c6c712b0af9
2019-09-19 11:32:29,252 [ForkJoinPool.commonPool-worker-0] INFO  impl.RoleInfo (RoleInfo.java:shutdownLeaderState(104)) - 758fd404-57a5-4b75-8be9-0c6c712b0af9: shutdown LeaderState
2019-09-19 11:32:29,256 [ForkJoinPool.commonPool-worker-0] INFO  impl.PendingRequests (PendingRequests.java:sendNotLeaderResponses(202)) - 758fd404-57a5-4b75-8be9-0c6c712b0af9-PendingRequests: sendNotLeaderResponses
2019-09-19 11:32:29,256 [org.apache.ratis.server.impl.LogAppender$AppenderDaemon$$Lambda$493/1090866546@63086b79] WARN  server.GrpcLogAppender (GrpcLogAppender.java:mayWait(143)) - 758fd404-57a5-4b75-8be9-0c6c712b0af9@group-79AA6148534A->b6529db3-123b-4be0-a0cb-0e56f9592f33-GrpcLogAppender: Wait interrupted by java.lang.InterruptedException
2019-09-19 11:32:29,256 [org.apache.ratis.server.impl.LogAppender$AppenderDaemon$$Lambda$493/1090866546@2d461cf3] WARN  server.GrpcLogAppender (GrpcLogAppender.java:mayWait(143)) - 758fd404-57a5-4b75-8be9-0c6c712b0af9@group-79AA6148534A->c3650528-2518-482e-bbf8-bc89690c370c-GrpcLogAppender: Wait interrupted by java.lang.InterruptedException
2019-09-19 11:32:29,261 [ForkJoinPool.commonPool-worker-0] INFO  impl.StateMachineUpdater (StateMachineUpdater.java:stopAndJoin(125)) - 758fd404-57a5-4b75-8be9-0c6c712b0af9@group-79AA6148534A-StateMachineUpdater: set stopIndex = 16
2019-09-19 11:32:29,261 [758fd404-57a5-4b75-8be9-0c6c712b0af9@group-79AA6148534A-StateMachineUpdater] INFO  ratis.ContainerStateMachine (ContainerStateMachine.java:takeSnapshot(289)) - group-79AA6148534A: Taking a snapshot at:(t:1, i:12) file /workdir/hadoop-ozone/integration-test/target/test-dir/MiniOzoneClusterImpl-6da57ec2-366d-4ea4-a605-9b5cf4b6fb5d/datanode-5/data/ratis/1a3cfdfb-0de5-4c93-a669-79aa6148534a/sm/snapshot.1_12
2019-09-19 11:32:29,288 [refreshUsed-/workdir/hadoop-ozone/integration-test/target/test-dir/MiniOzoneClusterImpl-6da57ec2-366d-4ea4-a605-9b5cf4b6fb5d/datanode-6/data/containers] WARN  fs.CachingGetSpaceUsed (CachingGetSpaceUsed.java:run(183)) - Thread Interrupted waiting to refresh disk information: sleep interrupted
2019-09-19 11:32:29,304 [main] INFO  utils.BackgroundService (BackgroundService.java:shutdown(148)) - Shutting down service BlockDeletingService
2019-09-19 11:32:29,308 [main] INFO  statemachine.DatanodeStateMachine (DatanodeStateMachine.java:stopDaemon(395)) - Ozone container server stopped.
2019-09-19 11:32:29,309 [main] INFO  handler.ContextHandler (ContextHandler.java:doStop(910)) - Stopped o.e.j.w.WebAppContext@7cf8f45a{/,null,UNAVAILABLE}{/hddsDatanode}
2019-09-19 11:32:29,311 [main] INFO  server.AbstractConnector (AbstractConnector.java:doStop(318)) - Stopped ServerConnector@62cf6a84{HTTP/1.1,[http/1.1]}{0.0.0.0:0}
2019-09-19 11:32:29,311 [main] INFO  handler.ContextHandler (ContextHandler.java:doStop(910)) - Stopped o.e.j.s.ServletContextHandler@7faa0680{/static,jar:file:/home/user/.m2/repository/org/apache/hadoop/hadoop-hdds-container-service/0.5.0-SNAPSHOT/hadoop-hdds-container-service-0.5.0-SNAPSHOT.jar!/webapps/static,UNAVAILABLE}
2019-09-19 11:32:29,312 [main] INFO  handler.ContextHandler (ContextHandler.java:doStop(910)) - Stopped o.e.j.s.ServletContextHandler@72af90e8{/logs,file:///workdir/hadoop-ozone/integration-test/target/log,UNAVAILABLE}
2019-09-19 11:32:29,814 [758fd404-57a5-4b75-8be9-0c6c712b0af9@group-79AA6148534A-StateMachineUpdater] INFO  ratis.ContainerStateMachine (ContainerStateMachine.java:takeSnapshot(300)) - group-79AA6148534A: Finished taking a snapshot at:(t:1, i:12) file:/workdir/hadoop-ozone/integration-test/target/test-dir/MiniOzoneClusterImpl-6da57ec2-366d-4ea4-a605-9b5cf4b6fb5d/datanode-5/data/ratis/1a3cfdfb-0de5-4c93-a669-79aa6148534a/sm/snapshot.1_12 time:553
2019-09-19 11:32:29,827 [758fd404-57a5-4b75-8be9-0c6c712b0af9@group-79AA6148534A-StateMachineUpdater] INFO  impl.StateMachineUpdater (StateMachineUpdater.java:takeSnapshot(258)) - 758fd404-57a5-4b75-8be9-0c6c712b0af9@group-79AA6148534A-StateMachineUpdater: Took a snapshot at index 12
2019-09-19 11:32:29,843 [758fd404-57a5-4b75-8be9-0c6c712b0af9@group-79AA6148534A-StateMachineUpdater] INFO  impl.StateMachineUpdater (StateMachineUpdater.java:lambda$new$0(83)) - 758fd404-57a5-4b75-8be9-0c6c712b0af9@group-79AA6148534A-StateMachineUpdater: snapshotIndex: updateIncreasingly -1 -> 12
2019-09-19 11:32:29,936 [758fd404-57a5-4b75-8be9-0c6c712b0af9@group-79AA6148534A-StateMachineUpdater] INFO  ratis.ContainerStateMachine (ContainerStateMachine.java:takeSnapshot(289)) - group-79AA6148534A: Taking a snapshot at:(t:1, i:12) file /workdir/hadoop-ozone/integration-test/target/test-dir/MiniOzoneClusterImpl-6da57ec2-366d-4ea4-a605-9b5cf4b6fb5d/datanode-5/data/ratis/1a3cfdfb-0de5-4c93-a669-79aa6148534a/sm/snapshot.1_12
2019-09-19 11:32:30,144 [758fd404-57a5-4b75-8be9-0c6c712b0af9@group-79AA6148534A-StateMachineUpdater] INFO  ratis.ContainerStateMachine (ContainerStateMachine.java:takeSnapshot(300)) - group-79AA6148534A: Finished taking a snapshot at:(t:1, i:12) file:/workdir/hadoop-ozone/integration-test/target/test-dir/MiniOzoneClusterImpl-6da57ec2-366d-4ea4-a605-9b5cf4b6fb5d/datanode-5/data/ratis/1a3cfdfb-0de5-4c93-a669-79aa6148534a/sm/snapshot.1_12 time:208
2019-09-19 11:32:30,144 [758fd404-57a5-4b75-8be9-0c6c712b0af9@group-79AA6148534A-StateMachineUpdater] INFO  impl.StateMachineUpdater (StateMachineUpdater.java:takeSnapshot(258)) - 758fd404-57a5-4b75-8be9-0c6c712b0af9@group-79AA6148534A-StateMachineUpdater: Took a snapshot at index 12
2019-09-19 11:32:30,144 [758fd404-57a5-4b75-8be9-0c6c712b0af9@group-79AA6148534A-StateMachineUpdater] INFO  impl.StateMachineUpdater (StateMachineUpdater.java:lambda$new$0(83)) - 758fd404-57a5-4b75-8be9-0c6c712b0af9@group-79AA6148534A-StateMachineUpdater: snapshotIndex: updateIncreasingly 12 -> 12
2019-09-19 11:32:30,145 [ForkJoinPool.commonPool-worker-0] INFO  impl.RaftServerImpl (ServerState.java:close(385)) - 758fd404-57a5-4b75-8be9-0c6c712b0af9@group-79AA6148534A: closes. applyIndex: 16
2019-09-19 11:32:30,145 [758fd404-57a5-4b75-8be9-0c6c712b0af9@group-79AA6148534A-SegmentedRaftLogWorker] INFO  segmented.SegmentedRaftLogWorker (SegmentedRaftLogWorker.java:run(313)) - 758fd404-57a5-4b75-8be9-0c6c712b0af9@group-79AA6148534A-SegmentedRaftLogWorker was interrupted, exiting. There are 0 tasks remaining in the queue.
2019-09-19 11:32:30,147 [ForkJoinPool.commonPool-worker-0] INFO  segmented.SegmentedRaftLogWorker (SegmentedRaftLogWorker.java:close(228)) - 758fd404-57a5-4b75-8be9-0c6c712b0af9@group-79AA6148534A-SegmentedRaftLogWorker close()
2019-09-19 11:32:30,151 [ForkJoinPool.commonPool-worker-0] INFO  impl.RaftServerImpl (RaftServerImpl.java:lambda$shutdown$3(251)) - 758fd404-57a5-4b75-8be9-0c6c712b0af9@group-DBDFF199F5B1: shutdown
2019-09-19 11:32:30,151 [ForkJoinPool.commonPool-worker-0] INFO  util.JmxRegister (JmxRegister.java:unregister(73)) - Successfully un-registered JMX Bean with object name Ratis:service=RaftServer,group=group-DBDFF199F5B1,id=758fd404-57a5-4b75-8be9-0c6c712b0af9
2019-09-19 11:32:30,151 [ForkJoinPool.commonPool-worker-0] INFO  impl.RoleInfo (RoleInfo.java:shutdownLeaderState(104)) - 758fd404-57a5-4b75-8be9-0c6c712b0af9: shutdown LeaderState
2019-09-19 11:32:30,152 [ForkJoinPool.commonPool-worker-0] INFO  impl.PendingRequests (PendingRequests.java:sendNotLeaderResponses(202)) - 758fd404-57a5-4b75-8be9-0c6c712b0af9-PendingRequests: sendNotLeaderResponses
2019-09-19 11:32:30,152 [ForkJoinPool.commonPool-worker-0] INFO  impl.StateMachineUpdater (StateMachineUpdater.java:stopAndJoin(125)) - 758fd404-57a5-4b75-8be9-0c6c712b0af9@group-DBDFF199F5B1-StateMachineUpdater: set stopIndex = 0
2019-09-19 11:32:30,152 [ForkJoinPool.commonPool-worker-0] INFO  impl.RaftServerImpl (ServerState.java:close(385)) - 758fd404-57a5-4b75-8be9-0c6c712b0af9@group-DBDFF199F5B1: closes. applyIndex: 0
2019-09-19 11:32:30,152 [758fd404-57a5-4b75-8be9-0c6c712b0af9@group-DBDFF199F5B1-SegmentedRaftLogWorker] INFO  segmented.SegmentedRaftLogWorker (SegmentedRaftLogWorker.java:run(313)) - 758fd404-57a5-4b75-8be9-0c6c712b0af9@group-DBDFF199F5B1-SegmentedRaftLogWorker was interrupted, exiting. There are 0 tasks remaining in the queue.
2019-09-19 11:32:30,153 [ForkJoinPool.commonPool-worker-0] INFO  segmented.SegmentedRaftLogWorker (SegmentedRaftLogWorker.java:close(228)) - 758fd404-57a5-4b75-8be9-0c6c712b0af9@group-DBDFF199F5B1-SegmentedRaftLogWorker close()
2019-09-19 11:32:30,154 [ForkJoinPool.commonPool-worker-0] INFO  server.GrpcService (GrpcService.java:closeImpl(164)) - 758fd404-57a5-4b75-8be9-0c6c712b0af9: shutdown server with port 36913 now
2019-09-19 11:32:30,155 [ForkJoinPool.commonPool-worker-0] INFO  server.GrpcService (GrpcService.java:closeImpl(172)) - 758fd404-57a5-4b75-8be9-0c6c712b0af9: shutdown server with port 36913 successfully
2019-09-19 11:32:30,157 [refreshUsed-/workdir/hadoop-ozone/integration-test/target/test-dir/MiniOzoneClusterImpl-6da57ec2-366d-4ea4-a605-9b5cf4b6fb5d/datanode-5/data/containers] WARN  fs.CachingGetSpaceUsed (CachingGetSpaceUsed.java:run(183)) - Thread Interrupted waiting to refresh disk information: sleep interrupted
2019-09-19 11:32:30,175 [ForkJoinPool.commonPool-worker-0] INFO  utils.BackgroundService (BackgroundService.java:shutdown(148)) - Shutting down service BlockDeletingService
2019-09-19 11:32:30,178 [ForkJoinPool.commonPool-worker-0] INFO  statemachine.DatanodeStateMachine (DatanodeStateMachine.java:stopDaemon(395)) - Ozone container server stopped.
2019-09-19 11:32:30,181 [ForkJoinPool.commonPool-worker-0] INFO  handler.ContextHandler (ContextHandler.java:doStop(910)) - Stopped o.e.j.w.WebAppContext@2a99ca99{/,null,UNAVAILABLE}{/hddsDatanode}
2019-09-19 11:32:30,181 [ForkJoinPool.commonPool-worker-0] INFO  server.AbstractConnector (AbstractConnector.java:doStop(318)) - Stopped ServerConnector@39f0c343{HTTP/1.1,[http/1.1]}{0.0.0.0:0}
2019-09-19 11:32:30,184 [ForkJoinPool.commonPool-worker-0] INFO  handler.ContextHandler (ContextHandler.java:doStop(910)) - Stopped o.e.j.s.ServletContextHandler@621f23ac{/static,jar:file:/home/user/.m2/repository/org/apache/hadoop/hadoop-hdds-container-service/0.5.0-SNAPSHOT/hadoop-hdds-container-service-0.5.0-SNAPSHOT.jar!/webapps/static,UNAVAILABLE}
2019-09-19 11:32:30,184 [ForkJoinPool.commonPool-worker-0] INFO  handler.ContextHandler (ContextHandler.java:doStop(910)) - Stopped o.e.j.s.ServletContextHandler@54ccb3{/logs,file:///workdir/hadoop-ozone/integration-test/target/log,UNAVAILABLE}
2019-09-19 11:32:30,185 [main] INFO  ozone.MiniOzoneClusterImpl (MiniOzoneClusterImpl.java:stop(344)) - Stopping the StorageContainerManager
2019-09-19 11:32:30,185 [main] INFO  server.StorageContainerManager (StorageContainerManager.java:stop(801)) - Stopping Replication Manager Service.
2019-09-19 11:32:30,185 [main] INFO  container.ReplicationManager (ReplicationManager.java:stop(203)) - Stopping Replication Monitor Thread.
2019-09-19 11:32:30,186 [main] INFO  server.StorageContainerManager (StorageContainerManager.java:stop(808)) - Stopping Lease Manager of the command watchers
2019-09-19 11:32:30,186 [main] INFO  server.StorageContainerManager (StorageContainerManager.java:stop(815)) - Stopping datanode service RPC server
2019-09-19 11:32:30,186 [main] INFO  server.SCMDatanodeProtocolServer (SCMDatanodeProtocolServer.java:stop(367)) - Stopping the RPC server for DataNodes
2019-09-19 11:32:30,187 [main] INFO  ipc.Server (Server.java:stop(3082)) - Stopping server on 35953
2019-09-19 11:32:30,189 [IPC Server listener on 35953] INFO  ipc.Server (Server.java:run(1185)) - Stopping IPC Server listener on 35953
2019-09-19 11:32:30,189 [IPC Server Responder] INFO  ipc.Server (Server.java:run(1319)) - Stopping IPC Server Responder
2019-09-19 11:32:30,221 [SCM Heartbeat Processing Thread - 0] WARN  node.NodeStateManager (NodeStateManager.java:scheduleNextHealthCheck(646)) - Current Thread is interrupted, shutting down HB processing thread for Node Manager.
2019-09-19 11:32:30,222 [main] INFO  server.StorageContainerManager (StorageContainerManager.java:stop(823)) - Stopping block service RPC server
2019-09-19 11:32:30,222 [main] INFO  server.SCMBlockProtocolServer (SCMBlockProtocolServer.java:stop(155)) - Stopping the RPC server for Block Protocol
2019-09-19 11:32:30,222 [main] INFO  ipc.Server (Server.java:stop(3082)) - Stopping server on 41283
2019-09-19 11:32:30,224 [IPC Server listener on 41283] INFO  ipc.Server (Server.java:run(1185)) - Stopping IPC Server listener on 41283
2019-09-19 11:32:30,224 [main] INFO  server.StorageContainerManager (StorageContainerManager.java:stop(830)) - Stopping the StorageContainerLocationProtocol RPC server
2019-09-19 11:32:30,224 [IPC Server Responder] INFO  ipc.Server (Server.java:run(1319)) - Stopping IPC Server Responder
2019-09-19 11:32:30,225 [main] INFO  server.SCMClientProtocolServer (SCMClientProtocolServer.java:stop(159)) - Stopping the RPC server for Client Protocol
2019-09-19 11:32:30,226 [main] INFO  ipc.Server (Server.java:stop(3082)) - Stopping server on 37399
2019-09-19 11:32:30,228 [IPC Server listener on 37399] INFO  ipc.Server (Server.java:run(1185)) - Stopping IPC Server listener on 37399
2019-09-19 11:32:30,228 [IPC Server Responder] INFO  ipc.Server (Server.java:run(1319)) - Stopping IPC Server Responder
2019-09-19 11:32:30,228 [main] INFO  server.StorageContainerManager (StorageContainerManager.java:stop(837)) - Stopping Storage Container Manager HTTP server.
2019-09-19 11:32:30,229 [main] INFO  handler.ContextHandler (ContextHandler.java:doStop(910)) - Stopped o.e.j.w.WebAppContext@342ee097{/,null,UNAVAILABLE}{/scm}
2019-09-19 11:32:30,230 [main] INFO  server.AbstractConnector (AbstractConnector.java:doStop(318)) - Stopped ServerConnector@6ac45c0c{HTTP/1.1,[http/1.1]}{0.0.0.0:0}
2019-09-19 11:32:30,230 [main] INFO  handler.ContextHandler (ContextHandler.java:doStop(910)) - Stopped o.e.j.s.ServletContextHandler@61359e87{/static,file:///workdir/hadoop-ozone/integration-test/target/test-classes/webapps/static,UNAVAILABLE}
2019-09-19 11:32:30,231 [main] INFO  handler.ContextHandler (ContextHandler.java:doStop(910)) - Stopped o.e.j.s.ServletContextHandler@27a9f025{/logs,file:///workdir/hadoop-ozone/integration-test/target/log,UNAVAILABLE}
2019-09-19 11:32:30,231 [main] INFO  server.StorageContainerManager (StorageContainerManager.java:stop(848)) - Stopping Block Manager Service.
2019-09-19 11:32:30,232 [main] INFO  utils.BackgroundService (BackgroundService.java:shutdown(148)) - Shutting down service SCMBlockDeletingService
2019-09-19 11:32:30,232 [main] INFO  utils.BackgroundService (BackgroundService.java:shutdown(148)) - Shutting down service SCMBlockDeletingService
2019-09-19 11:32:30,232 [main] INFO  server.StorageContainerManager (StorageContainerManager.java:stop(870)) - Stopping SCM Event Queue.
2019-09-19 11:32:30,236 [main] INFO  impl.MetricsSystemImpl (MetricsSystemImpl.java:stop(210)) - Stopping HddsDatanode metrics system...
2019-09-19 11:32:30,253 [main] INFO  impl.MetricsSystemImpl (MetricsSystemImpl.java:stop(216)) - HddsDatanode metrics system stopped.
]]></system-out>
    <system-err><![CDATA[Sep 19, 2019 11:32:24 AM org.apache.ratis.thirdparty.io.grpc.internal.SerializingExecutor run
SEVERE: Exception while executing runnable org.apache.ratis.thirdparty.io.grpc.internal.ServerImpl$JumpToApplicationThreadServerStreamListener$1Closed@30c82320
org.apache.ratis.thirdparty.io.grpc.StatusRuntimeException: CANCELLED: call already cancelled
	at org.apache.ratis.thirdparty.io.grpc.Status.asRuntimeException(Status.java:517)
	at org.apache.ratis.thirdparty.io.grpc.stub.ServerCalls$ServerCallStreamObserverImpl.onCompleted(ServerCalls.java:356)
	at org.apache.ratis.grpc.server.GrpcServerProtocolService$ServerRequestStreamObserver.onError(GrpcServerProtocolService.java:121)
	at org.apache.ratis.thirdparty.io.grpc.stub.ServerCalls$StreamingServerCallHandler$StreamingServerCallListener.onCancel(ServerCalls.java:269)
	at org.apache.ratis.thirdparty.io.grpc.internal.ServerCallImpl$ServerStreamListenerImpl.closed(ServerCallImpl.java:293)
	at org.apache.ratis.thirdparty.io.grpc.internal.ServerImpl$JumpToApplicationThreadServerStreamListener$1Closed.runInContext(ServerImpl.java:741)
	at org.apache.ratis.thirdparty.io.grpc.internal.ContextRunnable.run(ContextRunnable.java:37)
	at org.apache.ratis.thirdparty.io.grpc.internal.SerializingExecutor.run(SerializingExecutor.java:123)
	at java.util.concurrent.ThreadPoolExecutor.runWorker(ThreadPoolExecutor.java:1149)
	at java.util.concurrent.ThreadPoolExecutor$Worker.run(ThreadPoolExecutor.java:624)
	at java.lang.Thread.run(Thread.java:748)

]]></system-err>
  </testcase>
  <testcase name="testFailureWithPrimeSizedData" classname="org.apache.hadoop.ozone.client.rpc.TestBlockOutputStreamWithFailures" time="35.089">
    <failure message="expected:&lt;72&gt; but was:&lt;74&gt;" type="java.lang.AssertionError"><![CDATA[java.lang.AssertionError: expected:<72> but was:<74>
	at org.junit.Assert.fail(Assert.java:88)
	at org.junit.Assert.failNotEquals(Assert.java:743)
	at org.junit.Assert.assertEquals(Assert.java:118)
	at org.junit.Assert.assertEquals(Assert.java:555)
	at org.junit.Assert.assertEquals(Assert.java:542)
	at org.apache.hadoop.ozone.client.rpc.TestBlockOutputStreamWithFailures.testFailureWithPrimeSizedData(TestBlockOutputStreamWithFailures.java:605)
	at sun.reflect.NativeMethodAccessorImpl.invoke0(Native Method)
	at sun.reflect.NativeMethodAccessorImpl.invoke(NativeMethodAccessorImpl.java:62)
	at sun.reflect.DelegatingMethodAccessorImpl.invoke(DelegatingMethodAccessorImpl.java:43)
	at java.lang.reflect.Method.invoke(Method.java:498)
	at org.junit.runners.model.FrameworkMethod$1.runReflectiveCall(FrameworkMethod.java:47)
	at org.junit.internal.runners.model.ReflectiveCallable.run(ReflectiveCallable.java:12)
	at org.junit.runners.model.FrameworkMethod.invokeExplosively(FrameworkMethod.java:44)
	at org.junit.internal.runners.statements.InvokeMethod.evaluate(InvokeMethod.java:17)
	at org.junit.internal.runners.statements.RunBefores.evaluate(RunBefores.java:26)
	at org.junit.internal.runners.statements.RunAfters.evaluate(RunAfters.java:27)
	at org.junit.runners.ParentRunner.runLeaf(ParentRunner.java:271)
	at org.junit.runners.BlockJUnit4ClassRunner.runChild(BlockJUnit4ClassRunner.java:70)
	at org.junit.runners.BlockJUnit4ClassRunner.runChild(BlockJUnit4ClassRunner.java:50)
	at org.junit.runners.ParentRunner$3.run(ParentRunner.java:238)
	at org.junit.runners.ParentRunner$1.schedule(ParentRunner.java:63)
	at org.junit.runners.ParentRunner.runChildren(ParentRunner.java:236)
	at org.junit.runners.ParentRunner.access$000(ParentRunner.java:53)
	at org.junit.runners.ParentRunner$2.evaluate(ParentRunner.java:229)
	at org.junit.runners.ParentRunner.run(ParentRunner.java:309)
	at org.apache.maven.surefire.junit4.JUnit4Provider.execute(JUnit4Provider.java:365)
	at org.apache.maven.surefire.junit4.JUnit4Provider.executeWithRerun(JUnit4Provider.java:273)
	at org.apache.maven.surefire.junit4.JUnit4Provider.executeTestSet(JUnit4Provider.java:238)
	at org.apache.maven.surefire.junit4.JUnit4Provider.invoke(JUnit4Provider.java:159)
	at org.apache.maven.surefire.booter.ForkedBooter.invokeProviderInSameClassLoader(ForkedBooter.java:384)
	at org.apache.maven.surefire.booter.ForkedBooter.runSuitesInProcess(ForkedBooter.java:345)
	at org.apache.maven.surefire.booter.ForkedBooter.execute(ForkedBooter.java:126)
	at org.apache.maven.surefire.booter.ForkedBooter.main(ForkedBooter.java:418)
]]></failure>
    <system-out><![CDATA[2019-09-19 11:32:30,313 [main] WARN  server.ServerUtils (ServerUtils.java:getScmDbDir(145)) - ozone.scm.db.dirs is not configured. We recommend adding this setting. Falling back to ozone.metadata.dirs instead.
2019-09-19 11:32:30,447 [main] WARN  server.ServerUtils (ServerUtils.java:getScmDbDir(145)) - ozone.scm.db.dirs is not configured. We recommend adding this setting. Falling back to ozone.metadata.dirs instead.
2019-09-19 11:32:30,447 [main] WARN  server.ServerUtils (ServerUtils.java:getScmDbDir(145)) - ozone.scm.db.dirs is not configured. We recommend adding this setting. Falling back to ozone.metadata.dirs instead.
2019-09-19 11:32:30,448 [main] INFO  db.DBStoreBuilder (DBStoreBuilder.java:addTable(110)) - using custom profile for table: deletedBlocks
2019-09-19 11:32:30,448 [main] INFO  db.DBStoreBuilder (DBStoreBuilder.java:processTables(161)) - Using default column profile:DBProfile.DISK for Table:deletedBlocks
2019-09-19 11:32:30,448 [main] INFO  db.DBStoreBuilder (DBStoreBuilder.java:addTable(110)) - using custom profile for table: validCerts
2019-09-19 11:32:30,448 [main] INFO  db.DBStoreBuilder (DBStoreBuilder.java:processTables(161)) - Using default column profile:DBProfile.DISK for Table:validCerts
2019-09-19 11:32:30,448 [main] INFO  db.DBStoreBuilder (DBStoreBuilder.java:addTable(110)) - using custom profile for table: revokedCerts
2019-09-19 11:32:30,448 [main] INFO  db.DBStoreBuilder (DBStoreBuilder.java:processTables(161)) - Using default column profile:DBProfile.DISK for Table:revokedCerts
2019-09-19 11:32:30,449 [main] INFO  db.DBStoreBuilder (DBStoreBuilder.java:addTable(110)) - using custom profile for table: default
2019-09-19 11:32:30,449 [main] INFO  db.DBStoreBuilder (DBStoreBuilder.java:processTables(167)) - Using default column profile:DBProfile.DISK for Table:default
2019-09-19 11:32:30,449 [main] INFO  db.DBStoreBuilder (DBStoreBuilder.java:getDbProfile(198)) - Using default options. DBProfile.DISK
2019-09-19 11:32:31,724 [main] INFO  net.NodeSchemaLoader (NodeSchemaLoader.java:loadSchemaFromFile(125)) - Loading file from sun.misc.CompoundEnumeration@7f2b39a
2019-09-19 11:32:31,724 [main] INFO  net.NodeSchemaLoader (NodeSchemaLoader.java:loadSchema(171)) - Loading network topology layer schema file
2019-09-19 11:32:31,729 [main] INFO  node.SCMNodeManager (SCMNodeManager.java:<init>(114)) - Entering startup safe mode.
2019-09-19 11:32:31,730 [main] INFO  algorithms.ContainerPlacementPolicyFactory (ContainerPlacementPolicyFactory.java:getPolicy(57)) - Create container placement policy of type org.apache.hadoop.hdds.scm.container.placement.algorithms.SCMContainerPlacementRandom
2019-09-19 11:32:31,730 [main] WARN  server.ServerUtils (ServerUtils.java:getScmDbDir(145)) - ozone.scm.db.dirs is not configured. We recommend adding this setting. Falling back to ozone.metadata.dirs instead.
2019-09-19 11:32:31,757 [main] INFO  pipeline.SCMPipelineManager (SCMPipelineManager.java:initializePipelineState(128)) - No pipeline exists in current db
2019-09-19 11:32:31,757 [main] WARN  server.ServerUtils (ServerUtils.java:getScmDbDir(145)) - ozone.scm.db.dirs is not configured. We recommend adding this setting. Falling back to ozone.metadata.dirs instead.
2019-09-19 11:32:31,790 [main] WARN  events.EventQueue (EventQueue.java:fireEvent(183)) - No event handler registered for event TypedEvent{payloadType=SafeModeStatus, name='SafeModeStatus'}
2019-09-19 11:32:31,791 [main] INFO  ipc.CallQueueManager (CallQueueManager.java:<init>(84)) - Using callQueue: class java.util.concurrent.LinkedBlockingQueue, queueCapacity: 2000, scheduler: class org.apache.hadoop.ipc.DefaultRpcScheduler, ipcBackoff: false.
2019-09-19 11:32:31,792 [Socket Reader #1 for port 46077] INFO  ipc.Server (Server.java:run(1074)) - Starting Socket Reader #1 for port 46077
2019-09-19 11:32:31,795 [main] INFO  ipc.CallQueueManager (CallQueueManager.java:<init>(84)) - Using callQueue: class java.util.concurrent.LinkedBlockingQueue, queueCapacity: 2000, scheduler: class org.apache.hadoop.ipc.DefaultRpcScheduler, ipcBackoff: false.
2019-09-19 11:32:31,795 [Socket Reader #1 for port 34147] INFO  ipc.Server (Server.java:run(1074)) - Starting Socket Reader #1 for port 34147
2019-09-19 11:32:31,797 [main] INFO  ipc.CallQueueManager (CallQueueManager.java:<init>(84)) - Using callQueue: class java.util.concurrent.LinkedBlockingQueue, queueCapacity: 2000, scheduler: class org.apache.hadoop.ipc.DefaultRpcScheduler, ipcBackoff: false.
2019-09-19 11:32:31,810 [Socket Reader #1 for port 41901] INFO  ipc.Server (Server.java:run(1074)) - Starting Socket Reader #1 for port 41901
2019-09-19 11:32:31,814 [main] INFO  hdfs.DFSUtil (DFSUtil.java:httpServerTemplateForNNAndJN(1641)) - Starting Web-server for scm at: http://0.0.0.0:0
2019-09-19 11:32:31,818 [main] INFO  server.AuthenticationFilter (AuthenticationFilter.java:constructSecretProvider(240)) - Unable to initialize FileSignerSecretProvider, falling back to use random secrets.
2019-09-19 11:32:31,818 [main] WARN  http.HttpRequestLog (HttpRequestLog.java:getRequestLog(97)) - Jetty request log can only be enabled using Log4j
2019-09-19 11:32:31,820 [main] INFO  http.HttpServer2 (HttpServer2.java:addGlobalFilter(975)) - Added global filter 'safety' (class=org.apache.hadoop.http.HttpServer2$QuotingInputFilter)
2019-09-19 11:32:31,820 [main] INFO  http.HttpServer2 (HttpServer2.java:addFilter(948)) - Added filter static_user_filter (class=org.apache.hadoop.http.lib.StaticUserWebFilter$StaticUserFilter) to context scm
2019-09-19 11:32:31,820 [main] INFO  http.HttpServer2 (HttpServer2.java:addFilter(958)) - Added filter static_user_filter (class=org.apache.hadoop.http.lib.StaticUserWebFilter$StaticUserFilter) to context logs
2019-09-19 11:32:31,821 [main] INFO  http.HttpServer2 (HttpServer2.java:addFilter(958)) - Added filter static_user_filter (class=org.apache.hadoop.http.lib.StaticUserWebFilter$StaticUserFilter) to context static
2019-09-19 11:32:31,822 [main] INFO  server.StorageContainerManager (StorageContainerManager.java:start(763)) - StorageContainerLocationProtocol RPC server is listening at /0.0.0.0:41901
2019-09-19 11:32:31,824 [main] WARN  impl.MetricsConfig (MetricsConfig.java:loadFirst(134)) - Cannot locate configuration: tried hadoop-metrics2-storagecontainermanager.properties,hadoop-metrics2.properties
2019-09-19 11:32:31,824 [main] INFO  impl.MetricsSystemImpl (MetricsSystemImpl.java:startTimer(374)) - Scheduled Metric snapshot period at 10 second(s).
2019-09-19 11:32:31,824 [main] INFO  impl.MetricsSystemImpl (MetricsSystemImpl.java:start(191)) - StorageContainerManager metrics system started
2019-09-19 11:32:31,938 [main] WARN  impl.MetricsSystemImpl (MetricsSystemImpl.java:register(276)) - Sink prometheus already exists!
2019-09-19 11:32:31,983 [main] INFO  server.SCMClientProtocolServer (SCMClientProtocolServer.java:start(151)) - RPC server for Client  is listening at /0.0.0.0:41901
2019-09-19 11:32:31,984 [IPC Server Responder] INFO  ipc.Server (Server.java:run(1314)) - IPC Server Responder: starting
2019-09-19 11:32:31,984 [IPC Server listener on 41901] INFO  ipc.Server (Server.java:run(1153)) - IPC Server listener on 41901: starting
2019-09-19 11:32:31,988 [main] INFO  server.StorageContainerManager (StorageContainerManager.java:start(773)) - ScmBlockLocationProtocol RPC server is listening at /0.0.0.0:34147
2019-09-19 11:32:31,988 [main] INFO  server.SCMBlockProtocolServer (SCMBlockProtocolServer.java:start(146)) - RPC server for Block Protocol is listening at /0.0.0.0:34147
2019-09-19 11:32:31,988 [IPC Server Responder] INFO  ipc.Server (Server.java:run(1314)) - IPC Server Responder: starting
2019-09-19 11:32:31,988 [IPC Server listener on 34147] INFO  ipc.Server (Server.java:run(1153)) - IPC Server listener on 34147: starting
2019-09-19 11:32:31,994 [main] INFO  server.StorageContainerManager (StorageContainerManager.java:start(777)) - ScmDatanodeProtocl RPC server is listening at /0.0.0.0:46077
2019-09-19 11:32:31,994 [main] INFO  server.SCMDatanodeProtocolServer (SCMDatanodeProtocolServer.java:start(191)) - RPC server for DataNodes is listening at /0.0.0.0:46077
2019-09-19 11:32:31,994 [IPC Server Responder] INFO  ipc.Server (Server.java:run(1314)) - IPC Server Responder: starting
2019-09-19 11:32:31,994 [IPC Server listener on 46077] INFO  ipc.Server (Server.java:run(1153)) - IPC Server listener on 46077: starting
2019-09-19 11:32:32,005 [main] INFO  http.HttpServer2 (HttpServer2.java:bindListener(1191)) - Jetty bound to port 38003
2019-09-19 11:32:32,005 [main] INFO  server.Server (Server.java:doStart(351)) - jetty-9.3.24.v20180605, build timestamp: 2018-06-05T17:11:56Z, git hash: 84205aa28f11a4f31f2a3b86d1bba2cc8ab69827
2019-09-19 11:32:32,006 [main] INFO  handler.ContextHandler (ContextHandler.java:doStart(781)) - Started o.e.j.s.ServletContextHandler@105db94d{/logs,file:///workdir/hadoop-ozone/integration-test/target/log,AVAILABLE}
2019-09-19 11:32:32,007 [main] INFO  handler.ContextHandler (ContextHandler.java:doStart(781)) - Started o.e.j.s.ServletContextHandler@3915e7c3{/static,file:///workdir/hadoop-ozone/integration-test/target/test-classes/webapps/static,AVAILABLE}
2019-09-19 11:32:32,010 [main] INFO  handler.ContextHandler (ContextHandler.java:doStart(781)) - Started o.e.j.w.WebAppContext@3ffd4b12{/,file:///workdir/hadoop-ozone/integration-test/target/test-classes/webapps/scm/,AVAILABLE}{/scm}
2019-09-19 11:32:32,010 [main] INFO  server.AbstractConnector (AbstractConnector.java:doStart(278)) - Started ServerConnector@424f02b8{HTTP/1.1,[http/1.1]}{0.0.0.0:38003}
2019-09-19 11:32:32,010 [main] INFO  server.Server (Server.java:doStart(419)) - Started @642145ms
2019-09-19 11:32:32,011 [main] WARN  impl.MetricsSystemImpl (MetricsSystemImpl.java:register(276)) - Sink prometheus already exists!
2019-09-19 11:32:32,012 [main] INFO  server.BaseHttpServer (BaseHttpServer.java:updateConnectorAddress(215)) - HTTP server of SCM is listening at http://0.0.0.0:38003
2019-09-19 11:32:32,012 [main] WARN  server.ServerUtils (ServerUtils.java:getDBPath(222)) - ozone.om.db.dirs is not configured. We recommend adding this setting. Falling back to ozone.metadata.dirs instead.
2019-09-19 11:32:32,014 [org.apache.hadoop.util.JvmPauseMonitor$Monitor@3cc3f13e] INFO  util.JvmPauseMonitor (JvmPauseMonitor.java:run(188)) - Starting JVM pause monitor
2019-09-19 11:32:32,033 [main] WARN  server.ServerUtils (ServerUtils.java:getDBPath(222)) - ozone.om.db.dirs is not configured. We recommend adding this setting. Falling back to ozone.metadata.dirs instead.
2019-09-19 11:32:32,033 [main] WARN  server.ServerUtils (ServerUtils.java:getDBPath(222)) - ozone.om.db.dirs is not configured. We recommend adding this setting. Falling back to ozone.metadata.dirs instead.
2019-09-19 11:32:32,033 [main] INFO  om.OzoneManager (OzoneManager.java:setOMNodeDetails(649)) - OM Service ID is not set. Setting it to the default ID: omServiceIdDefault
2019-09-19 11:32:32,033 [main] INFO  om.OzoneManager (OzoneManager.java:setOMNodeDetails(655)) - OM Node ID is not set. Setting it to the OmStorage's OmID: 0392a6df-f9b5-4f38-9c1e-38bf8f849e07
2019-09-19 11:32:32,034 [main] INFO  om.OzoneManager (OzoneManager.java:loadOMHAConfigs(606)) - Found matching OM address with OMServiceId: null, OMNodeId: null, RPC Address: localhost:0 and Ratis port: 9872
2019-09-19 11:32:32,040 [main] WARN  server.ServerUtils (ServerUtils.java:getDBPath(222)) - ozone.om.db.dirs is not configured. We recommend adding this setting. Falling back to ozone.metadata.dirs instead.
2019-09-19 11:32:32,040 [main] INFO  db.DBStoreBuilder (DBStoreBuilder.java:addTable(110)) - using custom profile for table: userTable
2019-09-19 11:32:32,040 [main] INFO  db.DBStoreBuilder (DBStoreBuilder.java:processTables(161)) - Using default column profile:DBProfile.DISK for Table:userTable
2019-09-19 11:32:32,041 [main] INFO  db.DBStoreBuilder (DBStoreBuilder.java:addTable(110)) - using custom profile for table: volumeTable
2019-09-19 11:32:32,041 [main] INFO  db.DBStoreBuilder (DBStoreBuilder.java:processTables(161)) - Using default column profile:DBProfile.DISK for Table:volumeTable
2019-09-19 11:32:32,041 [main] INFO  db.DBStoreBuilder (DBStoreBuilder.java:addTable(110)) - using custom profile for table: bucketTable
2019-09-19 11:32:32,041 [main] INFO  db.DBStoreBuilder (DBStoreBuilder.java:processTables(161)) - Using default column profile:DBProfile.DISK for Table:bucketTable
2019-09-19 11:32:32,041 [main] INFO  db.DBStoreBuilder (DBStoreBuilder.java:addTable(110)) - using custom profile for table: keyTable
2019-09-19 11:32:32,041 [main] INFO  db.DBStoreBuilder (DBStoreBuilder.java:processTables(161)) - Using default column profile:DBProfile.DISK for Table:keyTable
2019-09-19 11:32:32,042 [main] INFO  db.DBStoreBuilder (DBStoreBuilder.java:addTable(110)) - using custom profile for table: deletedTable
2019-09-19 11:32:32,042 [main] INFO  db.DBStoreBuilder (DBStoreBuilder.java:processTables(161)) - Using default column profile:DBProfile.DISK for Table:deletedTable
2019-09-19 11:32:32,042 [main] INFO  db.DBStoreBuilder (DBStoreBuilder.java:addTable(110)) - using custom profile for table: openKeyTable
2019-09-19 11:32:32,042 [main] INFO  db.DBStoreBuilder (DBStoreBuilder.java:processTables(161)) - Using default column profile:DBProfile.DISK for Table:openKeyTable
2019-09-19 11:32:32,042 [main] INFO  db.DBStoreBuilder (DBStoreBuilder.java:addTable(110)) - using custom profile for table: s3Table
2019-09-19 11:32:32,042 [main] INFO  db.DBStoreBuilder (DBStoreBuilder.java:processTables(161)) - Using default column profile:DBProfile.DISK for Table:s3Table
2019-09-19 11:32:32,042 [main] INFO  db.DBStoreBuilder (DBStoreBuilder.java:addTable(110)) - using custom profile for table: multipartInfoTable
2019-09-19 11:32:32,043 [main] INFO  db.DBStoreBuilder (DBStoreBuilder.java:processTables(161)) - Using default column profile:DBProfile.DISK for Table:multipartInfoTable
2019-09-19 11:32:32,043 [main] INFO  db.DBStoreBuilder (DBStoreBuilder.java:addTable(110)) - using custom profile for table: dTokenTable
2019-09-19 11:32:32,043 [main] INFO  db.DBStoreBuilder (DBStoreBuilder.java:processTables(161)) - Using default column profile:DBProfile.DISK for Table:dTokenTable
2019-09-19 11:32:32,043 [main] INFO  db.DBStoreBuilder (DBStoreBuilder.java:addTable(110)) - using custom profile for table: s3SecretTable
2019-09-19 11:32:32,043 [main] INFO  db.DBStoreBuilder (DBStoreBuilder.java:processTables(161)) - Using default column profile:DBProfile.DISK for Table:s3SecretTable
2019-09-19 11:32:32,043 [main] INFO  db.DBStoreBuilder (DBStoreBuilder.java:addTable(110)) - using custom profile for table: prefixTable
2019-09-19 11:32:32,043 [main] INFO  db.DBStoreBuilder (DBStoreBuilder.java:processTables(161)) - Using default column profile:DBProfile.DISK for Table:prefixTable
2019-09-19 11:32:32,044 [main] INFO  db.DBStoreBuilder (DBStoreBuilder.java:addTable(110)) - using custom profile for table: default
2019-09-19 11:32:32,044 [main] INFO  db.DBStoreBuilder (DBStoreBuilder.java:processTables(167)) - Using default column profile:DBProfile.DISK for Table:default
2019-09-19 11:32:32,044 [main] INFO  db.DBStoreBuilder (DBStoreBuilder.java:getDbProfile(198)) - Using default options. DBProfile.DISK
2019-09-19 11:32:32,576 [main] INFO  ipc.CallQueueManager (CallQueueManager.java:<init>(84)) - Using callQueue: class java.util.concurrent.LinkedBlockingQueue, queueCapacity: 2000, scheduler: class org.apache.hadoop.ipc.DefaultRpcScheduler, ipcBackoff: false.
2019-09-19 11:32:32,578 [Socket Reader #1 for port 44979] INFO  ipc.Server (Server.java:run(1074)) - Starting Socket Reader #1 for port 44979
2019-09-19 11:32:32,599 [main] INFO  om.OzoneManager (OzoneManager.java:start(1240)) - OzoneManager RPC server is listening at localhost/127.0.0.1:44979
2019-09-19 11:32:32,599 [main] INFO  impl.MetricsSystemImpl (MetricsSystemImpl.java:init(158)) - OzoneManager metrics system started (again)
2019-09-19 11:32:32,600 [IPC Server Responder] INFO  ipc.Server (Server.java:run(1314)) - IPC Server Responder: starting
2019-09-19 11:32:32,602 [IPC Server listener on 44979] INFO  ipc.Server (Server.java:run(1153)) - IPC Server listener on 44979: starting
2019-09-19 11:32:32,608 [main] INFO  hdfs.DFSUtil (DFSUtil.java:httpServerTemplateForNNAndJN(1641)) - Starting Web-server for ozoneManager at: http://0.0.0.0:0
2019-09-19 11:32:32,609 [main] INFO  server.AuthenticationFilter (AuthenticationFilter.java:constructSecretProvider(240)) - Unable to initialize FileSignerSecretProvider, falling back to use random secrets.
2019-09-19 11:32:32,610 [main] WARN  http.HttpRequestLog (HttpRequestLog.java:getRequestLog(97)) - Jetty request log can only be enabled using Log4j
2019-09-19 11:32:32,611 [main] INFO  http.HttpServer2 (HttpServer2.java:addGlobalFilter(975)) - Added global filter 'safety' (class=org.apache.hadoop.http.HttpServer2$QuotingInputFilter)
2019-09-19 11:32:32,612 [main] INFO  http.HttpServer2 (HttpServer2.java:addFilter(948)) - Added filter static_user_filter (class=org.apache.hadoop.http.lib.StaticUserWebFilter$StaticUserFilter) to context ozoneManager
2019-09-19 11:32:32,612 [main] INFO  http.HttpServer2 (HttpServer2.java:addFilter(958)) - Added filter static_user_filter (class=org.apache.hadoop.http.lib.StaticUserWebFilter$StaticUserFilter) to context logs
2019-09-19 11:32:32,612 [main] INFO  http.HttpServer2 (HttpServer2.java:addFilter(958)) - Added filter static_user_filter (class=org.apache.hadoop.http.lib.StaticUserWebFilter$StaticUserFilter) to context static
2019-09-19 11:32:32,612 [main] INFO  http.HttpServer2 (HttpServer2.java:bindListener(1191)) - Jetty bound to port 38321
2019-09-19 11:32:32,613 [main] INFO  server.Server (Server.java:doStart(351)) - jetty-9.3.24.v20180605, build timestamp: 2018-06-05T17:11:56Z, git hash: 84205aa28f11a4f31f2a3b86d1bba2cc8ab69827
2019-09-19 11:32:32,614 [main] INFO  handler.ContextHandler (ContextHandler.java:doStart(781)) - Started o.e.j.s.ServletContextHandler@57e03347{/logs,file:///workdir/hadoop-ozone/integration-test/target/log,AVAILABLE}
2019-09-19 11:32:32,614 [main] INFO  handler.ContextHandler (ContextHandler.java:doStart(781)) - Started o.e.j.s.ServletContextHandler@733f1395{/static,file:///workdir/hadoop-ozone/integration-test/target/test-classes/webapps/static,AVAILABLE}
2019-09-19 11:32:32,618 [main] INFO  handler.ContextHandler (ContextHandler.java:doStart(781)) - Started o.e.j.w.WebAppContext@1ab53860{/,file:///workdir/hadoop-ozone/integration-test/target/test-classes/webapps/ozoneManager/,AVAILABLE}{/ozoneManager}
2019-09-19 11:32:32,618 [main] INFO  server.AbstractConnector (AbstractConnector.java:doStart(278)) - Started ServerConnector@7b5ac347{HTTP/1.1,[http/1.1]}{0.0.0.0:38321}
2019-09-19 11:32:32,619 [main] INFO  server.Server (Server.java:doStart(419)) - Started @642754ms
2019-09-19 11:32:32,619 [main] WARN  impl.MetricsSystemImpl (MetricsSystemImpl.java:register(276)) - Sink prometheus already exists!
2019-09-19 11:32:32,620 [main] INFO  server.BaseHttpServer (BaseHttpServer.java:updateConnectorAddress(215)) - HTTP server of OZONEMANAGER is listening at http://0.0.0.0:38321
2019-09-19 11:32:32,631 [main] INFO  impl.MetricsSystemImpl (MetricsSystemImpl.java:init(158)) - HddsDatanode metrics system started (again)
2019-09-19 11:32:32,634 [main] INFO  ozone.HddsDatanodeService (HddsDatanodeService.java:start(184)) - HddsDatanodeService host:pr-hdds-2154-j8s56-3842691507 ip:192.168.151.78
2019-09-19 11:32:32,639 [main] INFO  volume.HddsVolume (HddsVolume.java:<init>(176)) - Creating Volume: /workdir/hadoop-ozone/integration-test/target/test-dir/MiniOzoneClusterImpl-eb9be736-53bb-493b-b684-0bc14884a5e7/datanode-0/data/containers/hdds of  storage type : DISK and capacity : 1482555576320
2019-09-19 11:32:32,640 [main] INFO  volume.VolumeSet (VolumeSet.java:initializeVolumeSet(170)) - Added Volume : /workdir/hadoop-ozone/integration-test/target/test-dir/MiniOzoneClusterImpl-eb9be736-53bb-493b-b684-0bc14884a5e7/datanode-0/data/containers/hdds to VolumeSet
2019-09-19 11:32:32,640 [main] INFO  volume.ThrottledAsyncChecker (ThrottledAsyncChecker.java:schedule(139)) - Scheduling a check for org.apache.hadoop.ozone.container.common.volume.HddsVolume@43c39321
2019-09-19 11:32:32,640 [main] INFO  volume.HddsVolumeChecker (HddsVolumeChecker.java:checkAllVolumes(202)) - Scheduled health check for volume org.apache.hadoop.ozone.container.common.volume.HddsVolume@43c39321
2019-09-19 11:32:32,652 [main] INFO  impl.RaftServerProxy (ConfUtils.java:logGet(43)) - raft.rpc.type = GRPC (default)
2019-09-19 11:32:32,652 [main] INFO  grpc.GrpcFactory (GrpcFactory.java:checkPooledByteBufAllocatorUseCacheForAllThreads(45)) - PERFORMANCE WARNING: useCacheForAllThreads is true that may cause Netty to create a lot garbage objects and, as a result, trigger GC.
	It is recommended to disable useCacheForAllThreads by setting -Dorg.apache.ratis.thirdparty.io.netty.allocator.useCacheForAllThreads=false in command line.
2019-09-19 11:32:32,652 [main] INFO  grpc.GrpcConfigKeys$Server (ConfUtils.java:logGet(43)) - raft.grpc.server.port = 0 (default)
2019-09-19 11:32:32,652 [main] INFO  server.GrpcService (ConfUtils.java:logGet(43)) - raft.grpc.message.size.max = 33570816 (custom)
2019-09-19 11:32:32,652 [main] INFO  server.RaftServerConfigKeys (ConfUtils.java:logGet(43)) - raft.server.log.appender.buffer.byte-limit = 33554432 (custom)
2019-09-19 11:32:32,652 [main] INFO  server.GrpcService (ConfUtils.java:logGet(43)) - raft.grpc.flow.control.window = 1MB (=1048576) (default)
2019-09-19 11:32:32,653 [main] INFO  server.RaftServerConfigKeys (ConfUtils.java:logGet(43)) - raft.server.rpc.request.timeout = 3000ms (default)
2019-09-19 11:32:32,653 [main] INFO  server.RaftServerConfigKeys (ConfUtils.java:logGet(43)) - raft.server.storage.dir = [/workdir/hadoop-ozone/integration-test/target/test-dir/MiniOzoneClusterImpl-eb9be736-53bb-493b-b684-0bc14884a5e7/datanode-0/data/ratis] (custom)
2019-09-19 11:32:32,654 [main] INFO  hdfs.DFSUtil (DFSUtil.java:httpServerTemplateForNNAndJN(1641)) - Starting Web-server for hddsDatanode at: http://0.0.0.0:0
2019-09-19 11:32:32,655 [main] INFO  server.AuthenticationFilter (AuthenticationFilter.java:constructSecretProvider(240)) - Unable to initialize FileSignerSecretProvider, falling back to use random secrets.
2019-09-19 11:32:32,656 [main] WARN  http.HttpRequestLog (HttpRequestLog.java:getRequestLog(97)) - Jetty request log can only be enabled using Log4j
2019-09-19 11:32:32,657 [main] INFO  http.HttpServer2 (HttpServer2.java:addGlobalFilter(975)) - Added global filter 'safety' (class=org.apache.hadoop.http.HttpServer2$QuotingInputFilter)
2019-09-19 11:32:32,657 [main] INFO  http.HttpServer2 (HttpServer2.java:addFilter(948)) - Added filter static_user_filter (class=org.apache.hadoop.http.lib.StaticUserWebFilter$StaticUserFilter) to context hddsDatanode
2019-09-19 11:32:32,657 [main] INFO  http.HttpServer2 (HttpServer2.java:addFilter(958)) - Added filter static_user_filter (class=org.apache.hadoop.http.lib.StaticUserWebFilter$StaticUserFilter) to context static
2019-09-19 11:32:32,657 [main] INFO  http.HttpServer2 (HttpServer2.java:addFilter(958)) - Added filter static_user_filter (class=org.apache.hadoop.http.lib.StaticUserWebFilter$StaticUserFilter) to context logs
2019-09-19 11:32:32,658 [main] INFO  http.HttpServer2 (HttpServer2.java:bindListener(1191)) - Jetty bound to port 40046
2019-09-19 11:32:32,658 [main] INFO  server.Server (Server.java:doStart(351)) - jetty-9.3.24.v20180605, build timestamp: 2018-06-05T17:11:56Z, git hash: 84205aa28f11a4f31f2a3b86d1bba2cc8ab69827
2019-09-19 11:32:32,659 [main] INFO  handler.ContextHandler (ContextHandler.java:doStart(781)) - Started o.e.j.s.ServletContextHandler@b56ec6c{/logs,file:///workdir/hadoop-ozone/integration-test/target/log,AVAILABLE}
2019-09-19 11:32:32,659 [main] INFO  handler.ContextHandler (ContextHandler.java:doStart(781)) - Started o.e.j.s.ServletContextHandler@dc59ec2{/static,jar:file:/home/user/.m2/repository/org/apache/hadoop/hadoop-hdds-container-service/0.5.0-SNAPSHOT/hadoop-hdds-container-service-0.5.0-SNAPSHOT.jar!/webapps/static,AVAILABLE}
2019-09-19 11:32:32,684 [main] INFO  handler.ContextHandler (ContextHandler.java:doStart(781)) - Started o.e.j.w.WebAppContext@76d0ecd7{/,file:///tmp/jetty-0.0.0.0-40046-hddsDatanode-_-any-640087824161307026.dir/webapp/,AVAILABLE}{/hddsDatanode}
2019-09-19 11:32:32,684 [main] INFO  server.AbstractConnector (AbstractConnector.java:doStart(278)) - Started ServerConnector@57c69937{HTTP/1.1,[http/1.1]}{0.0.0.0:40046}
2019-09-19 11:32:32,685 [main] INFO  server.Server (Server.java:doStart(419)) - Started @642821ms
2019-09-19 11:32:32,686 [main] WARN  impl.MetricsSystemImpl (MetricsSystemImpl.java:register(276)) - Sink prometheus already exists!
2019-09-19 11:32:32,686 [main] INFO  server.BaseHttpServer (BaseHttpServer.java:updateConnectorAddress(215)) - HTTP server of HDDSDATANODE is listening at http://0.0.0.0:40046
2019-09-19 11:32:32,686 [main] INFO  impl.MetricsSystemImpl (MetricsSystemImpl.java:init(158)) - HddsDatanode metrics system started (again)
2019-09-19 11:32:32,689 [org.apache.hadoop.util.JvmPauseMonitor$Monitor@270df7bb] INFO  util.JvmPauseMonitor (JvmPauseMonitor.java:run(188)) - Starting JVM pause monitor
2019-09-19 11:32:32,690 [main] INFO  ozone.HddsDatanodeService (HddsDatanodeService.java:start(184)) - HddsDatanodeService host:pr-hdds-2154-j8s56-3842691507 ip:192.168.151.78
2019-09-19 11:32:32,691 [Datanode State Machine Thread - 0] INFO  datanode.InitDatanodeState (InitDatanodeState.java:persistContainerDatanodeDetails(140)) - DatanodeDetails is persisted to /workdir/hadoop-ozone/integration-test/target/test-dir/MiniOzoneClusterImpl-eb9be736-53bb-493b-b684-0bc14884a5e7/datanode-0/meta/datanode.id
2019-09-19 11:32:32,695 [main] INFO  volume.HddsVolume (HddsVolume.java:<init>(176)) - Creating Volume: /workdir/hadoop-ozone/integration-test/target/test-dir/MiniOzoneClusterImpl-eb9be736-53bb-493b-b684-0bc14884a5e7/datanode-1/data/containers/hdds of  storage type : DISK and capacity : 1482555576320
2019-09-19 11:32:32,695 [main] INFO  volume.VolumeSet (VolumeSet.java:initializeVolumeSet(170)) - Added Volume : /workdir/hadoop-ozone/integration-test/target/test-dir/MiniOzoneClusterImpl-eb9be736-53bb-493b-b684-0bc14884a5e7/datanode-1/data/containers/hdds to VolumeSet
2019-09-19 11:32:32,695 [main] INFO  volume.ThrottledAsyncChecker (ThrottledAsyncChecker.java:schedule(139)) - Scheduling a check for org.apache.hadoop.ozone.container.common.volume.HddsVolume@38c761e9
2019-09-19 11:32:32,695 [main] INFO  volume.HddsVolumeChecker (HddsVolumeChecker.java:checkAllVolumes(202)) - Scheduled health check for volume org.apache.hadoop.ozone.container.common.volume.HddsVolume@38c761e9
2019-09-19 11:32:32,709 [main] INFO  impl.RaftServerProxy (ConfUtils.java:logGet(43)) - raft.rpc.type = GRPC (default)
2019-09-19 11:32:32,709 [main] INFO  grpc.GrpcFactory (GrpcFactory.java:checkPooledByteBufAllocatorUseCacheForAllThreads(45)) - PERFORMANCE WARNING: useCacheForAllThreads is true that may cause Netty to create a lot garbage objects and, as a result, trigger GC.
	It is recommended to disable useCacheForAllThreads by setting -Dorg.apache.ratis.thirdparty.io.netty.allocator.useCacheForAllThreads=false in command line.
2019-09-19 11:32:32,709 [main] INFO  grpc.GrpcConfigKeys$Server (ConfUtils.java:logGet(43)) - raft.grpc.server.port = 0 (default)
2019-09-19 11:32:32,709 [main] INFO  server.GrpcService (ConfUtils.java:logGet(43)) - raft.grpc.message.size.max = 33570816 (custom)
2019-09-19 11:32:32,709 [main] INFO  server.RaftServerConfigKeys (ConfUtils.java:logGet(43)) - raft.server.log.appender.buffer.byte-limit = 33554432 (custom)
2019-09-19 11:32:32,710 [main] INFO  server.GrpcService (ConfUtils.java:logGet(43)) - raft.grpc.flow.control.window = 1MB (=1048576) (default)
2019-09-19 11:32:32,710 [main] INFO  server.RaftServerConfigKeys (ConfUtils.java:logGet(43)) - raft.server.rpc.request.timeout = 3000ms (default)
2019-09-19 11:32:32,710 [main] INFO  server.RaftServerConfigKeys (ConfUtils.java:logGet(43)) - raft.server.storage.dir = [/workdir/hadoop-ozone/integration-test/target/test-dir/MiniOzoneClusterImpl-eb9be736-53bb-493b-b684-0bc14884a5e7/datanode-1/data/ratis] (custom)
2019-09-19 11:32:32,711 [main] INFO  hdfs.DFSUtil (DFSUtil.java:httpServerTemplateForNNAndJN(1641)) - Starting Web-server for hddsDatanode at: http://0.0.0.0:0
2019-09-19 11:32:32,712 [main] INFO  server.AuthenticationFilter (AuthenticationFilter.java:constructSecretProvider(240)) - Unable to initialize FileSignerSecretProvider, falling back to use random secrets.
2019-09-19 11:32:32,713 [main] WARN  http.HttpRequestLog (HttpRequestLog.java:getRequestLog(97)) - Jetty request log can only be enabled using Log4j
2019-09-19 11:32:32,714 [main] INFO  http.HttpServer2 (HttpServer2.java:addGlobalFilter(975)) - Added global filter 'safety' (class=org.apache.hadoop.http.HttpServer2$QuotingInputFilter)
2019-09-19 11:32:32,714 [main] INFO  http.HttpServer2 (HttpServer2.java:addFilter(948)) - Added filter static_user_filter (class=org.apache.hadoop.http.lib.StaticUserWebFilter$StaticUserFilter) to context hddsDatanode
2019-09-19 11:32:32,714 [main] INFO  http.HttpServer2 (HttpServer2.java:addFilter(958)) - Added filter static_user_filter (class=org.apache.hadoop.http.lib.StaticUserWebFilter$StaticUserFilter) to context logs
2019-09-19 11:32:32,715 [main] INFO  http.HttpServer2 (HttpServer2.java:addFilter(958)) - Added filter static_user_filter (class=org.apache.hadoop.http.lib.StaticUserWebFilter$StaticUserFilter) to context static
2019-09-19 11:32:32,715 [main] INFO  http.HttpServer2 (HttpServer2.java:bindListener(1191)) - Jetty bound to port 40220
2019-09-19 11:32:32,715 [main] INFO  server.Server (Server.java:doStart(351)) - jetty-9.3.24.v20180605, build timestamp: 2018-06-05T17:11:56Z, git hash: 84205aa28f11a4f31f2a3b86d1bba2cc8ab69827
2019-09-19 11:32:32,717 [main] INFO  handler.ContextHandler (ContextHandler.java:doStart(781)) - Started o.e.j.s.ServletContextHandler@2bcda694{/logs,file:///workdir/hadoop-ozone/integration-test/target/log,AVAILABLE}
2019-09-19 11:32:32,718 [main] INFO  handler.ContextHandler (ContextHandler.java:doStart(781)) - Started o.e.j.s.ServletContextHandler@30036a18{/static,jar:file:/home/user/.m2/repository/org/apache/hadoop/hadoop-hdds-container-service/0.5.0-SNAPSHOT/hadoop-hdds-container-service-0.5.0-SNAPSHOT.jar!/webapps/static,AVAILABLE}
2019-09-19 11:32:32,744 [main] INFO  handler.ContextHandler (ContextHandler.java:doStart(781)) - Started o.e.j.w.WebAppContext@539fc5d1{/,file:///tmp/jetty-0.0.0.0-40220-hddsDatanode-_-any-5989678817285814536.dir/webapp/,AVAILABLE}{/hddsDatanode}
2019-09-19 11:32:32,744 [main] INFO  server.AbstractConnector (AbstractConnector.java:doStart(278)) - Started ServerConnector@4cae66a8{HTTP/1.1,[http/1.1]}{0.0.0.0:40220}
2019-09-19 11:32:32,745 [main] INFO  server.Server (Server.java:doStart(419)) - Started @642880ms
2019-09-19 11:32:32,746 [main] WARN  impl.MetricsSystemImpl (MetricsSystemImpl.java:register(276)) - Sink prometheus already exists!
2019-09-19 11:32:32,747 [main] INFO  server.BaseHttpServer (BaseHttpServer.java:updateConnectorAddress(215)) - HTTP server of HDDSDATANODE is listening at http://0.0.0.0:40220
2019-09-19 11:32:32,747 [main] INFO  impl.MetricsSystemImpl (MetricsSystemImpl.java:init(158)) - HddsDatanode metrics system started (again)
2019-09-19 11:32:32,750 [org.apache.hadoop.util.JvmPauseMonitor$Monitor@5ec459cd] INFO  util.JvmPauseMonitor (JvmPauseMonitor.java:run(188)) - Starting JVM pause monitor
2019-09-19 11:32:32,751 [main] INFO  ozone.HddsDatanodeService (HddsDatanodeService.java:start(184)) - HddsDatanodeService host:pr-hdds-2154-j8s56-3842691507 ip:192.168.151.78
2019-09-19 11:32:32,751 [Datanode State Machine Thread - 0] INFO  datanode.InitDatanodeState (InitDatanodeState.java:persistContainerDatanodeDetails(140)) - DatanodeDetails is persisted to /workdir/hadoop-ozone/integration-test/target/test-dir/MiniOzoneClusterImpl-eb9be736-53bb-493b-b684-0bc14884a5e7/datanode-1/meta/datanode.id
2019-09-19 11:32:32,757 [main] INFO  volume.HddsVolume (HddsVolume.java:<init>(176)) - Creating Volume: /workdir/hadoop-ozone/integration-test/target/test-dir/MiniOzoneClusterImpl-eb9be736-53bb-493b-b684-0bc14884a5e7/datanode-2/data/containers/hdds of  storage type : DISK and capacity : 1482555576320
2019-09-19 11:32:32,757 [main] INFO  volume.VolumeSet (VolumeSet.java:initializeVolumeSet(170)) - Added Volume : /workdir/hadoop-ozone/integration-test/target/test-dir/MiniOzoneClusterImpl-eb9be736-53bb-493b-b684-0bc14884a5e7/datanode-2/data/containers/hdds to VolumeSet
2019-09-19 11:32:32,757 [main] INFO  volume.ThrottledAsyncChecker (ThrottledAsyncChecker.java:schedule(139)) - Scheduling a check for org.apache.hadoop.ozone.container.common.volume.HddsVolume@4c04216f
2019-09-19 11:32:32,757 [main] INFO  volume.HddsVolumeChecker (HddsVolumeChecker.java:checkAllVolumes(202)) - Scheduled health check for volume org.apache.hadoop.ozone.container.common.volume.HddsVolume@4c04216f
2019-09-19 11:32:32,769 [main] INFO  impl.RaftServerProxy (ConfUtils.java:logGet(43)) - raft.rpc.type = GRPC (default)
2019-09-19 11:32:32,769 [main] INFO  grpc.GrpcFactory (GrpcFactory.java:checkPooledByteBufAllocatorUseCacheForAllThreads(45)) - PERFORMANCE WARNING: useCacheForAllThreads is true that may cause Netty to create a lot garbage objects and, as a result, trigger GC.
	It is recommended to disable useCacheForAllThreads by setting -Dorg.apache.ratis.thirdparty.io.netty.allocator.useCacheForAllThreads=false in command line.
2019-09-19 11:32:32,769 [main] INFO  grpc.GrpcConfigKeys$Server (ConfUtils.java:logGet(43)) - raft.grpc.server.port = 0 (default)
2019-09-19 11:32:32,769 [main] INFO  server.GrpcService (ConfUtils.java:logGet(43)) - raft.grpc.message.size.max = 33570816 (custom)
2019-09-19 11:32:32,769 [main] INFO  server.RaftServerConfigKeys (ConfUtils.java:logGet(43)) - raft.server.log.appender.buffer.byte-limit = 33554432 (custom)
2019-09-19 11:32:32,769 [main] INFO  server.GrpcService (ConfUtils.java:logGet(43)) - raft.grpc.flow.control.window = 1MB (=1048576) (default)
2019-09-19 11:32:32,770 [main] INFO  server.RaftServerConfigKeys (ConfUtils.java:logGet(43)) - raft.server.rpc.request.timeout = 3000ms (default)
2019-09-19 11:32:32,770 [main] INFO  server.RaftServerConfigKeys (ConfUtils.java:logGet(43)) - raft.server.storage.dir = [/workdir/hadoop-ozone/integration-test/target/test-dir/MiniOzoneClusterImpl-eb9be736-53bb-493b-b684-0bc14884a5e7/datanode-2/data/ratis] (custom)
2019-09-19 11:32:32,771 [main] INFO  hdfs.DFSUtil (DFSUtil.java:httpServerTemplateForNNAndJN(1641)) - Starting Web-server for hddsDatanode at: http://0.0.0.0:0
2019-09-19 11:32:32,772 [main] INFO  server.AuthenticationFilter (AuthenticationFilter.java:constructSecretProvider(240)) - Unable to initialize FileSignerSecretProvider, falling back to use random secrets.
2019-09-19 11:32:32,772 [main] WARN  http.HttpRequestLog (HttpRequestLog.java:getRequestLog(97)) - Jetty request log can only be enabled using Log4j
2019-09-19 11:32:32,773 [main] INFO  http.HttpServer2 (HttpServer2.java:addGlobalFilter(975)) - Added global filter 'safety' (class=org.apache.hadoop.http.HttpServer2$QuotingInputFilter)
2019-09-19 11:32:32,774 [main] INFO  http.HttpServer2 (HttpServer2.java:addFilter(948)) - Added filter static_user_filter (class=org.apache.hadoop.http.lib.StaticUserWebFilter$StaticUserFilter) to context hddsDatanode
2019-09-19 11:32:32,774 [main] INFO  http.HttpServer2 (HttpServer2.java:addFilter(958)) - Added filter static_user_filter (class=org.apache.hadoop.http.lib.StaticUserWebFilter$StaticUserFilter) to context logs
2019-09-19 11:32:32,774 [main] INFO  http.HttpServer2 (HttpServer2.java:addFilter(958)) - Added filter static_user_filter (class=org.apache.hadoop.http.lib.StaticUserWebFilter$StaticUserFilter) to context static
2019-09-19 11:32:32,775 [main] INFO  http.HttpServer2 (HttpServer2.java:bindListener(1191)) - Jetty bound to port 44646
2019-09-19 11:32:32,775 [main] INFO  server.Server (Server.java:doStart(351)) - jetty-9.3.24.v20180605, build timestamp: 2018-06-05T17:11:56Z, git hash: 84205aa28f11a4f31f2a3b86d1bba2cc8ab69827
2019-09-19 11:32:32,776 [main] INFO  handler.ContextHandler (ContextHandler.java:doStart(781)) - Started o.e.j.s.ServletContextHandler@2f4d01b6{/logs,file:///workdir/hadoop-ozone/integration-test/target/log,AVAILABLE}
2019-09-19 11:32:32,776 [main] INFO  handler.ContextHandler (ContextHandler.java:doStart(781)) - Started o.e.j.s.ServletContextHandler@7f426ddd{/static,jar:file:/home/user/.m2/repository/org/apache/hadoop/hadoop-hdds-container-service/0.5.0-SNAPSHOT/hadoop-hdds-container-service-0.5.0-SNAPSHOT.jar!/webapps/static,AVAILABLE}
2019-09-19 11:32:32,801 [main] INFO  handler.ContextHandler (ContextHandler.java:doStart(781)) - Started o.e.j.w.WebAppContext@5323999f{/,file:///tmp/jetty-0.0.0.0-44646-hddsDatanode-_-any-2291406197339987771.dir/webapp/,AVAILABLE}{/hddsDatanode}
2019-09-19 11:32:32,801 [main] INFO  server.AbstractConnector (AbstractConnector.java:doStart(278)) - Started ServerConnector@f18b738{HTTP/1.1,[http/1.1]}{0.0.0.0:44646}
2019-09-19 11:32:32,802 [main] INFO  server.Server (Server.java:doStart(419)) - Started @642937ms
2019-09-19 11:32:32,803 [main] WARN  impl.MetricsSystemImpl (MetricsSystemImpl.java:register(276)) - Sink prometheus already exists!
2019-09-19 11:32:32,803 [main] INFO  server.BaseHttpServer (BaseHttpServer.java:updateConnectorAddress(215)) - HTTP server of HDDSDATANODE is listening at http://0.0.0.0:44646
2019-09-19 11:32:32,803 [main] INFO  impl.MetricsSystemImpl (MetricsSystemImpl.java:init(158)) - HddsDatanode metrics system started (again)
2019-09-19 11:32:32,807 [org.apache.hadoop.util.JvmPauseMonitor$Monitor@199366fa] INFO  util.JvmPauseMonitor (JvmPauseMonitor.java:run(188)) - Starting JVM pause monitor
2019-09-19 11:32:32,807 [main] INFO  ozone.HddsDatanodeService (HddsDatanodeService.java:start(184)) - HddsDatanodeService host:pr-hdds-2154-j8s56-3842691507 ip:192.168.151.78
2019-09-19 11:32:32,807 [Datanode State Machine Thread - 0] INFO  datanode.InitDatanodeState (InitDatanodeState.java:persistContainerDatanodeDetails(140)) - DatanodeDetails is persisted to /workdir/hadoop-ozone/integration-test/target/test-dir/MiniOzoneClusterImpl-eb9be736-53bb-493b-b684-0bc14884a5e7/datanode-2/meta/datanode.id
2019-09-19 11:32:32,813 [main] INFO  volume.HddsVolume (HddsVolume.java:<init>(176)) - Creating Volume: /workdir/hadoop-ozone/integration-test/target/test-dir/MiniOzoneClusterImpl-eb9be736-53bb-493b-b684-0bc14884a5e7/datanode-3/data/containers/hdds of  storage type : DISK and capacity : 1482555576320
2019-09-19 11:32:32,813 [main] INFO  volume.VolumeSet (VolumeSet.java:initializeVolumeSet(170)) - Added Volume : /workdir/hadoop-ozone/integration-test/target/test-dir/MiniOzoneClusterImpl-eb9be736-53bb-493b-b684-0bc14884a5e7/datanode-3/data/containers/hdds to VolumeSet
2019-09-19 11:32:32,813 [main] INFO  volume.ThrottledAsyncChecker (ThrottledAsyncChecker.java:schedule(139)) - Scheduling a check for org.apache.hadoop.ozone.container.common.volume.HddsVolume@6df11e91
2019-09-19 11:32:32,814 [main] INFO  volume.HddsVolumeChecker (HddsVolumeChecker.java:checkAllVolumes(202)) - Scheduled health check for volume org.apache.hadoop.ozone.container.common.volume.HddsVolume@6df11e91
2019-09-19 11:32:32,825 [main] INFO  impl.RaftServerProxy (ConfUtils.java:logGet(43)) - raft.rpc.type = GRPC (default)
2019-09-19 11:32:32,826 [main] INFO  grpc.GrpcFactory (GrpcFactory.java:checkPooledByteBufAllocatorUseCacheForAllThreads(45)) - PERFORMANCE WARNING: useCacheForAllThreads is true that may cause Netty to create a lot garbage objects and, as a result, trigger GC.
	It is recommended to disable useCacheForAllThreads by setting -Dorg.apache.ratis.thirdparty.io.netty.allocator.useCacheForAllThreads=false in command line.
2019-09-19 11:32:32,826 [main] INFO  grpc.GrpcConfigKeys$Server (ConfUtils.java:logGet(43)) - raft.grpc.server.port = 0 (default)
2019-09-19 11:32:32,826 [main] INFO  server.GrpcService (ConfUtils.java:logGet(43)) - raft.grpc.message.size.max = 33570816 (custom)
2019-09-19 11:32:32,826 [main] INFO  server.RaftServerConfigKeys (ConfUtils.java:logGet(43)) - raft.server.log.appender.buffer.byte-limit = 33554432 (custom)
2019-09-19 11:32:32,826 [main] INFO  server.GrpcService (ConfUtils.java:logGet(43)) - raft.grpc.flow.control.window = 1MB (=1048576) (default)
2019-09-19 11:32:32,826 [main] INFO  server.RaftServerConfigKeys (ConfUtils.java:logGet(43)) - raft.server.rpc.request.timeout = 3000ms (default)
2019-09-19 11:32:32,827 [main] INFO  server.RaftServerConfigKeys (ConfUtils.java:logGet(43)) - raft.server.storage.dir = [/workdir/hadoop-ozone/integration-test/target/test-dir/MiniOzoneClusterImpl-eb9be736-53bb-493b-b684-0bc14884a5e7/datanode-3/data/ratis] (custom)
2019-09-19 11:32:32,828 [main] INFO  hdfs.DFSUtil (DFSUtil.java:httpServerTemplateForNNAndJN(1641)) - Starting Web-server for hddsDatanode at: http://0.0.0.0:0
2019-09-19 11:32:32,829 [main] INFO  server.AuthenticationFilter (AuthenticationFilter.java:constructSecretProvider(240)) - Unable to initialize FileSignerSecretProvider, falling back to use random secrets.
2019-09-19 11:32:32,829 [main] WARN  http.HttpRequestLog (HttpRequestLog.java:getRequestLog(97)) - Jetty request log can only be enabled using Log4j
2019-09-19 11:32:32,830 [main] INFO  http.HttpServer2 (HttpServer2.java:addGlobalFilter(975)) - Added global filter 'safety' (class=org.apache.hadoop.http.HttpServer2$QuotingInputFilter)
2019-09-19 11:32:32,831 [main] INFO  http.HttpServer2 (HttpServer2.java:addFilter(948)) - Added filter static_user_filter (class=org.apache.hadoop.http.lib.StaticUserWebFilter$StaticUserFilter) to context hddsDatanode
2019-09-19 11:32:32,831 [main] INFO  http.HttpServer2 (HttpServer2.java:addFilter(958)) - Added filter static_user_filter (class=org.apache.hadoop.http.lib.StaticUserWebFilter$StaticUserFilter) to context logs
2019-09-19 11:32:32,831 [main] INFO  http.HttpServer2 (HttpServer2.java:addFilter(958)) - Added filter static_user_filter (class=org.apache.hadoop.http.lib.StaticUserWebFilter$StaticUserFilter) to context static
2019-09-19 11:32:32,832 [main] INFO  http.HttpServer2 (HttpServer2.java:bindListener(1191)) - Jetty bound to port 44187
2019-09-19 11:32:32,832 [main] INFO  server.Server (Server.java:doStart(351)) - jetty-9.3.24.v20180605, build timestamp: 2018-06-05T17:11:56Z, git hash: 84205aa28f11a4f31f2a3b86d1bba2cc8ab69827
2019-09-19 11:32:32,833 [main] INFO  handler.ContextHandler (ContextHandler.java:doStart(781)) - Started o.e.j.s.ServletContextHandler@2ccc9681{/logs,file:///workdir/hadoop-ozone/integration-test/target/log,AVAILABLE}
2019-09-19 11:32:32,834 [main] INFO  handler.ContextHandler (ContextHandler.java:doStart(781)) - Started o.e.j.s.ServletContextHandler@4a9b3956{/static,jar:file:/home/user/.m2/repository/org/apache/hadoop/hadoop-hdds-container-service/0.5.0-SNAPSHOT/hadoop-hdds-container-service-0.5.0-SNAPSHOT.jar!/webapps/static,AVAILABLE}
2019-09-19 11:32:32,859 [main] INFO  handler.ContextHandler (ContextHandler.java:doStart(781)) - Started o.e.j.w.WebAppContext@6060146b{/,file:///tmp/jetty-0.0.0.0-44187-hddsDatanode-_-any-8923305738541345521.dir/webapp/,AVAILABLE}{/hddsDatanode}
2019-09-19 11:32:32,860 [main] INFO  server.AbstractConnector (AbstractConnector.java:doStart(278)) - Started ServerConnector@33627576{HTTP/1.1,[http/1.1]}{0.0.0.0:44187}
2019-09-19 11:32:32,860 [main] INFO  server.Server (Server.java:doStart(419)) - Started @642995ms
2019-09-19 11:32:32,862 [main] WARN  impl.MetricsSystemImpl (MetricsSystemImpl.java:register(276)) - Sink prometheus already exists!
2019-09-19 11:32:32,862 [main] INFO  server.BaseHttpServer (BaseHttpServer.java:updateConnectorAddress(215)) - HTTP server of HDDSDATANODE is listening at http://0.0.0.0:44187
2019-09-19 11:32:32,863 [main] INFO  impl.MetricsSystemImpl (MetricsSystemImpl.java:init(158)) - HddsDatanode metrics system started (again)
2019-09-19 11:32:32,867 [org.apache.hadoop.util.JvmPauseMonitor$Monitor@7d4b1480] INFO  util.JvmPauseMonitor (JvmPauseMonitor.java:run(188)) - Starting JVM pause monitor
2019-09-19 11:32:32,867 [main] INFO  ozone.HddsDatanodeService (HddsDatanodeService.java:start(184)) - HddsDatanodeService host:pr-hdds-2154-j8s56-3842691507 ip:192.168.151.78
2019-09-19 11:32:32,868 [Datanode State Machine Thread - 0] INFO  datanode.InitDatanodeState (InitDatanodeState.java:persistContainerDatanodeDetails(140)) - DatanodeDetails is persisted to /workdir/hadoop-ozone/integration-test/target/test-dir/MiniOzoneClusterImpl-eb9be736-53bb-493b-b684-0bc14884a5e7/datanode-3/meta/datanode.id
2019-09-19 11:32:32,874 [main] INFO  volume.HddsVolume (HddsVolume.java:<init>(176)) - Creating Volume: /workdir/hadoop-ozone/integration-test/target/test-dir/MiniOzoneClusterImpl-eb9be736-53bb-493b-b684-0bc14884a5e7/datanode-4/data/containers/hdds of  storage type : DISK and capacity : 1482555576320
2019-09-19 11:32:32,874 [main] INFO  volume.VolumeSet (VolumeSet.java:initializeVolumeSet(170)) - Added Volume : /workdir/hadoop-ozone/integration-test/target/test-dir/MiniOzoneClusterImpl-eb9be736-53bb-493b-b684-0bc14884a5e7/datanode-4/data/containers/hdds to VolumeSet
2019-09-19 11:32:32,874 [main] INFO  volume.ThrottledAsyncChecker (ThrottledAsyncChecker.java:schedule(139)) - Scheduling a check for org.apache.hadoop.ozone.container.common.volume.HddsVolume@3a45afd4
2019-09-19 11:32:32,875 [main] INFO  volume.HddsVolumeChecker (HddsVolumeChecker.java:checkAllVolumes(202)) - Scheduled health check for volume org.apache.hadoop.ozone.container.common.volume.HddsVolume@3a45afd4
2019-09-19 11:32:32,888 [main] INFO  impl.RaftServerProxy (ConfUtils.java:logGet(43)) - raft.rpc.type = GRPC (default)
2019-09-19 11:32:32,888 [main] INFO  grpc.GrpcFactory (GrpcFactory.java:checkPooledByteBufAllocatorUseCacheForAllThreads(45)) - PERFORMANCE WARNING: useCacheForAllThreads is true that may cause Netty to create a lot garbage objects and, as a result, trigger GC.
	It is recommended to disable useCacheForAllThreads by setting -Dorg.apache.ratis.thirdparty.io.netty.allocator.useCacheForAllThreads=false in command line.
2019-09-19 11:32:32,888 [main] INFO  grpc.GrpcConfigKeys$Server (ConfUtils.java:logGet(43)) - raft.grpc.server.port = 0 (default)
2019-09-19 11:32:32,888 [main] INFO  server.GrpcService (ConfUtils.java:logGet(43)) - raft.grpc.message.size.max = 33570816 (custom)
2019-09-19 11:32:32,888 [main] INFO  server.RaftServerConfigKeys (ConfUtils.java:logGet(43)) - raft.server.log.appender.buffer.byte-limit = 33554432 (custom)
2019-09-19 11:32:32,888 [main] INFO  server.GrpcService (ConfUtils.java:logGet(43)) - raft.grpc.flow.control.window = 1MB (=1048576) (default)
2019-09-19 11:32:32,889 [main] INFO  server.RaftServerConfigKeys (ConfUtils.java:logGet(43)) - raft.server.rpc.request.timeout = 3000ms (default)
2019-09-19 11:32:32,889 [main] INFO  server.RaftServerConfigKeys (ConfUtils.java:logGet(43)) - raft.server.storage.dir = [/workdir/hadoop-ozone/integration-test/target/test-dir/MiniOzoneClusterImpl-eb9be736-53bb-493b-b684-0bc14884a5e7/datanode-4/data/ratis] (custom)
2019-09-19 11:32:32,890 [main] INFO  hdfs.DFSUtil (DFSUtil.java:httpServerTemplateForNNAndJN(1641)) - Starting Web-server for hddsDatanode at: http://0.0.0.0:0
2019-09-19 11:32:32,891 [main] INFO  server.AuthenticationFilter (AuthenticationFilter.java:constructSecretProvider(240)) - Unable to initialize FileSignerSecretProvider, falling back to use random secrets.
2019-09-19 11:32:32,891 [main] WARN  http.HttpRequestLog (HttpRequestLog.java:getRequestLog(97)) - Jetty request log can only be enabled using Log4j
2019-09-19 11:32:32,893 [main] INFO  http.HttpServer2 (HttpServer2.java:addGlobalFilter(975)) - Added global filter 'safety' (class=org.apache.hadoop.http.HttpServer2$QuotingInputFilter)
2019-09-19 11:32:32,893 [main] INFO  http.HttpServer2 (HttpServer2.java:addFilter(948)) - Added filter static_user_filter (class=org.apache.hadoop.http.lib.StaticUserWebFilter$StaticUserFilter) to context hddsDatanode
2019-09-19 11:32:32,893 [main] INFO  http.HttpServer2 (HttpServer2.java:addFilter(958)) - Added filter static_user_filter (class=org.apache.hadoop.http.lib.StaticUserWebFilter$StaticUserFilter) to context static
2019-09-19 11:32:32,893 [main] INFO  http.HttpServer2 (HttpServer2.java:addFilter(958)) - Added filter static_user_filter (class=org.apache.hadoop.http.lib.StaticUserWebFilter$StaticUserFilter) to context logs
2019-09-19 11:32:32,894 [main] INFO  http.HttpServer2 (HttpServer2.java:bindListener(1191)) - Jetty bound to port 46722
2019-09-19 11:32:32,894 [main] INFO  server.Server (Server.java:doStart(351)) - jetty-9.3.24.v20180605, build timestamp: 2018-06-05T17:11:56Z, git hash: 84205aa28f11a4f31f2a3b86d1bba2cc8ab69827
2019-09-19 11:32:32,895 [main] INFO  handler.ContextHandler (ContextHandler.java:doStart(781)) - Started o.e.j.s.ServletContextHandler@1c7cd434{/logs,file:///workdir/hadoop-ozone/integration-test/target/log,AVAILABLE}
2019-09-19 11:32:32,896 [main] INFO  handler.ContextHandler (ContextHandler.java:doStart(781)) - Started o.e.j.s.ServletContextHandler@4fc6e776{/static,jar:file:/home/user/.m2/repository/org/apache/hadoop/hadoop-hdds-container-service/0.5.0-SNAPSHOT/hadoop-hdds-container-service-0.5.0-SNAPSHOT.jar!/webapps/static,AVAILABLE}
2019-09-19 11:32:32,920 [main] INFO  handler.ContextHandler (ContextHandler.java:doStart(781)) - Started o.e.j.w.WebAppContext@640c216b{/,file:///tmp/jetty-0.0.0.0-46722-hddsDatanode-_-any-6030902145198957882.dir/webapp/,AVAILABLE}{/hddsDatanode}
2019-09-19 11:32:32,921 [main] INFO  server.AbstractConnector (AbstractConnector.java:doStart(278)) - Started ServerConnector@5170bc02{HTTP/1.1,[http/1.1]}{0.0.0.0:46722}
2019-09-19 11:32:32,923 [main] INFO  server.Server (Server.java:doStart(419)) - Started @643058ms
2019-09-19 11:32:32,923 [main] WARN  impl.MetricsSystemImpl (MetricsSystemImpl.java:register(276)) - Sink prometheus already exists!
2019-09-19 11:32:32,924 [main] INFO  server.BaseHttpServer (BaseHttpServer.java:updateConnectorAddress(215)) - HTTP server of HDDSDATANODE is listening at http://0.0.0.0:46722
2019-09-19 11:32:32,924 [main] INFO  impl.MetricsSystemImpl (MetricsSystemImpl.java:init(158)) - HddsDatanode metrics system started (again)
2019-09-19 11:32:32,928 [org.apache.hadoop.util.JvmPauseMonitor$Monitor@97af271] INFO  util.JvmPauseMonitor (JvmPauseMonitor.java:run(188)) - Starting JVM pause monitor
2019-09-19 11:32:32,929 [main] INFO  ozone.HddsDatanodeService (HddsDatanodeService.java:start(184)) - HddsDatanodeService host:pr-hdds-2154-j8s56-3842691507 ip:192.168.151.78
2019-09-19 11:32:32,930 [Datanode State Machine Thread - 0] INFO  datanode.InitDatanodeState (InitDatanodeState.java:persistContainerDatanodeDetails(140)) - DatanodeDetails is persisted to /workdir/hadoop-ozone/integration-test/target/test-dir/MiniOzoneClusterImpl-eb9be736-53bb-493b-b684-0bc14884a5e7/datanode-4/meta/datanode.id
2019-09-19 11:32:32,943 [main] INFO  volume.HddsVolume (HddsVolume.java:<init>(176)) - Creating Volume: /workdir/hadoop-ozone/integration-test/target/test-dir/MiniOzoneClusterImpl-eb9be736-53bb-493b-b684-0bc14884a5e7/datanode-5/data/containers/hdds of  storage type : DISK and capacity : 1482555576320
2019-09-19 11:32:32,944 [main] INFO  volume.VolumeSet (VolumeSet.java:initializeVolumeSet(170)) - Added Volume : /workdir/hadoop-ozone/integration-test/target/test-dir/MiniOzoneClusterImpl-eb9be736-53bb-493b-b684-0bc14884a5e7/datanode-5/data/containers/hdds to VolumeSet
2019-09-19 11:32:32,944 [main] INFO  volume.ThrottledAsyncChecker (ThrottledAsyncChecker.java:schedule(139)) - Scheduling a check for org.apache.hadoop.ozone.container.common.volume.HddsVolume@dc1fadd
2019-09-19 11:32:32,944 [main] INFO  volume.HddsVolumeChecker (HddsVolumeChecker.java:checkAllVolumes(202)) - Scheduled health check for volume org.apache.hadoop.ozone.container.common.volume.HddsVolume@dc1fadd
2019-09-19 11:32:32,958 [main] INFO  impl.RaftServerProxy (ConfUtils.java:logGet(43)) - raft.rpc.type = GRPC (default)
2019-09-19 11:32:32,958 [main] INFO  grpc.GrpcFactory (GrpcFactory.java:checkPooledByteBufAllocatorUseCacheForAllThreads(45)) - PERFORMANCE WARNING: useCacheForAllThreads is true that may cause Netty to create a lot garbage objects and, as a result, trigger GC.
	It is recommended to disable useCacheForAllThreads by setting -Dorg.apache.ratis.thirdparty.io.netty.allocator.useCacheForAllThreads=false in command line.
2019-09-19 11:32:32,958 [main] INFO  grpc.GrpcConfigKeys$Server (ConfUtils.java:logGet(43)) - raft.grpc.server.port = 0 (default)
2019-09-19 11:32:32,958 [main] INFO  server.GrpcService (ConfUtils.java:logGet(43)) - raft.grpc.message.size.max = 33570816 (custom)
2019-09-19 11:32:32,958 [main] INFO  server.RaftServerConfigKeys (ConfUtils.java:logGet(43)) - raft.server.log.appender.buffer.byte-limit = 33554432 (custom)
2019-09-19 11:32:32,959 [main] INFO  server.GrpcService (ConfUtils.java:logGet(43)) - raft.grpc.flow.control.window = 1MB (=1048576) (default)
2019-09-19 11:32:32,959 [main] INFO  server.RaftServerConfigKeys (ConfUtils.java:logGet(43)) - raft.server.rpc.request.timeout = 3000ms (default)
2019-09-19 11:32:32,959 [main] INFO  server.RaftServerConfigKeys (ConfUtils.java:logGet(43)) - raft.server.storage.dir = [/workdir/hadoop-ozone/integration-test/target/test-dir/MiniOzoneClusterImpl-eb9be736-53bb-493b-b684-0bc14884a5e7/datanode-5/data/ratis] (custom)
2019-09-19 11:32:32,960 [main] INFO  hdfs.DFSUtil (DFSUtil.java:httpServerTemplateForNNAndJN(1641)) - Starting Web-server for hddsDatanode at: http://0.0.0.0:0
2019-09-19 11:32:32,961 [main] INFO  server.AuthenticationFilter (AuthenticationFilter.java:constructSecretProvider(240)) - Unable to initialize FileSignerSecretProvider, falling back to use random secrets.
2019-09-19 11:32:32,962 [main] WARN  http.HttpRequestLog (HttpRequestLog.java:getRequestLog(97)) - Jetty request log can only be enabled using Log4j
2019-09-19 11:32:32,963 [main] INFO  http.HttpServer2 (HttpServer2.java:addGlobalFilter(975)) - Added global filter 'safety' (class=org.apache.hadoop.http.HttpServer2$QuotingInputFilter)
2019-09-19 11:32:32,963 [main] INFO  http.HttpServer2 (HttpServer2.java:addFilter(948)) - Added filter static_user_filter (class=org.apache.hadoop.http.lib.StaticUserWebFilter$StaticUserFilter) to context hddsDatanode
2019-09-19 11:32:32,964 [main] INFO  http.HttpServer2 (HttpServer2.java:addFilter(958)) - Added filter static_user_filter (class=org.apache.hadoop.http.lib.StaticUserWebFilter$StaticUserFilter) to context logs
2019-09-19 11:32:32,964 [main] INFO  http.HttpServer2 (HttpServer2.java:addFilter(958)) - Added filter static_user_filter (class=org.apache.hadoop.http.lib.StaticUserWebFilter$StaticUserFilter) to context static
2019-09-19 11:32:32,964 [main] INFO  http.HttpServer2 (HttpServer2.java:bindListener(1191)) - Jetty bound to port 36764
2019-09-19 11:32:32,964 [main] INFO  server.Server (Server.java:doStart(351)) - jetty-9.3.24.v20180605, build timestamp: 2018-06-05T17:11:56Z, git hash: 84205aa28f11a4f31f2a3b86d1bba2cc8ab69827
2019-09-19 11:32:32,966 [main] INFO  handler.ContextHandler (ContextHandler.java:doStart(781)) - Started o.e.j.s.ServletContextHandler@8077c97{/logs,file:///workdir/hadoop-ozone/integration-test/target/log,AVAILABLE}
2019-09-19 11:32:32,966 [main] INFO  handler.ContextHandler (ContextHandler.java:doStart(781)) - Started o.e.j.s.ServletContextHandler@563317c1{/static,jar:file:/home/user/.m2/repository/org/apache/hadoop/hadoop-hdds-container-service/0.5.0-SNAPSHOT/hadoop-hdds-container-service-0.5.0-SNAPSHOT.jar!/webapps/static,AVAILABLE}
2019-09-19 11:32:32,997 [main] INFO  handler.ContextHandler (ContextHandler.java:doStart(781)) - Started o.e.j.w.WebAppContext@638afcaa{/,file:///tmp/jetty-0.0.0.0-36764-hddsDatanode-_-any-4726049276075114743.dir/webapp/,AVAILABLE}{/hddsDatanode}
2019-09-19 11:32:32,998 [main] INFO  server.AbstractConnector (AbstractConnector.java:doStart(278)) - Started ServerConnector@58601e7a{HTTP/1.1,[http/1.1]}{0.0.0.0:36764}
2019-09-19 11:32:33,000 [main] INFO  server.Server (Server.java:doStart(419)) - Started @643135ms
2019-09-19 11:32:33,000 [main] WARN  impl.MetricsSystemImpl (MetricsSystemImpl.java:register(276)) - Sink prometheus already exists!
2019-09-19 11:32:33,001 [main] INFO  server.BaseHttpServer (BaseHttpServer.java:updateConnectorAddress(215)) - HTTP server of HDDSDATANODE is listening at http://0.0.0.0:36764
2019-09-19 11:32:33,001 [main] INFO  impl.MetricsSystemImpl (MetricsSystemImpl.java:init(158)) - HddsDatanode metrics system started (again)
2019-09-19 11:32:33,006 [org.apache.hadoop.util.JvmPauseMonitor$Monitor@66175bcd] INFO  util.JvmPauseMonitor (JvmPauseMonitor.java:run(188)) - Starting JVM pause monitor
2019-09-19 11:32:33,007 [main] INFO  ozone.HddsDatanodeService (HddsDatanodeService.java:start(184)) - HddsDatanodeService host:pr-hdds-2154-j8s56-3842691507 ip:192.168.151.78
2019-09-19 11:32:33,029 [main] INFO  volume.HddsVolume (HddsVolume.java:<init>(176)) - Creating Volume: /workdir/hadoop-ozone/integration-test/target/test-dir/MiniOzoneClusterImpl-eb9be736-53bb-493b-b684-0bc14884a5e7/datanode-6/data/containers/hdds of  storage type : DISK and capacity : 1482555576320
2019-09-19 11:32:33,029 [main] INFO  volume.VolumeSet (VolumeSet.java:initializeVolumeSet(170)) - Added Volume : /workdir/hadoop-ozone/integration-test/target/test-dir/MiniOzoneClusterImpl-eb9be736-53bb-493b-b684-0bc14884a5e7/datanode-6/data/containers/hdds to VolumeSet
2019-09-19 11:32:33,029 [Datanode State Machine Thread - 0] INFO  datanode.InitDatanodeState (InitDatanodeState.java:persistContainerDatanodeDetails(140)) - DatanodeDetails is persisted to /workdir/hadoop-ozone/integration-test/target/test-dir/MiniOzoneClusterImpl-eb9be736-53bb-493b-b684-0bc14884a5e7/datanode-5/meta/datanode.id
2019-09-19 11:32:33,029 [main] INFO  volume.ThrottledAsyncChecker (ThrottledAsyncChecker.java:schedule(139)) - Scheduling a check for org.apache.hadoop.ozone.container.common.volume.HddsVolume@5773d271
2019-09-19 11:32:33,030 [main] INFO  volume.HddsVolumeChecker (HddsVolumeChecker.java:checkAllVolumes(202)) - Scheduled health check for volume org.apache.hadoop.ozone.container.common.volume.HddsVolume@5773d271
2019-09-19 11:32:33,043 [main] INFO  impl.RaftServerProxy (ConfUtils.java:logGet(43)) - raft.rpc.type = GRPC (default)
2019-09-19 11:32:33,043 [main] INFO  grpc.GrpcFactory (GrpcFactory.java:checkPooledByteBufAllocatorUseCacheForAllThreads(45)) - PERFORMANCE WARNING: useCacheForAllThreads is true that may cause Netty to create a lot garbage objects and, as a result, trigger GC.
	It is recommended to disable useCacheForAllThreads by setting -Dorg.apache.ratis.thirdparty.io.netty.allocator.useCacheForAllThreads=false in command line.
2019-09-19 11:32:33,044 [main] INFO  grpc.GrpcConfigKeys$Server (ConfUtils.java:logGet(43)) - raft.grpc.server.port = 0 (default)
2019-09-19 11:32:33,044 [main] INFO  server.GrpcService (ConfUtils.java:logGet(43)) - raft.grpc.message.size.max = 33570816 (custom)
2019-09-19 11:32:33,044 [main] INFO  server.RaftServerConfigKeys (ConfUtils.java:logGet(43)) - raft.server.log.appender.buffer.byte-limit = 33554432 (custom)
2019-09-19 11:32:33,045 [main] INFO  server.GrpcService (ConfUtils.java:logGet(43)) - raft.grpc.flow.control.window = 1MB (=1048576) (default)
2019-09-19 11:32:33,045 [main] INFO  server.RaftServerConfigKeys (ConfUtils.java:logGet(43)) - raft.server.rpc.request.timeout = 3000ms (default)
2019-09-19 11:32:33,045 [main] INFO  server.RaftServerConfigKeys (ConfUtils.java:logGet(43)) - raft.server.storage.dir = [/workdir/hadoop-ozone/integration-test/target/test-dir/MiniOzoneClusterImpl-eb9be736-53bb-493b-b684-0bc14884a5e7/datanode-6/data/ratis] (custom)
2019-09-19 11:32:33,047 [main] INFO  hdfs.DFSUtil (DFSUtil.java:httpServerTemplateForNNAndJN(1641)) - Starting Web-server for hddsDatanode at: http://0.0.0.0:0
2019-09-19 11:32:33,048 [main] INFO  server.AuthenticationFilter (AuthenticationFilter.java:constructSecretProvider(240)) - Unable to initialize FileSignerSecretProvider, falling back to use random secrets.
2019-09-19 11:32:33,048 [main] WARN  http.HttpRequestLog (HttpRequestLog.java:getRequestLog(97)) - Jetty request log can only be enabled using Log4j
2019-09-19 11:32:33,049 [main] INFO  http.HttpServer2 (HttpServer2.java:addGlobalFilter(975)) - Added global filter 'safety' (class=org.apache.hadoop.http.HttpServer2$QuotingInputFilter)
2019-09-19 11:32:33,050 [main] INFO  http.HttpServer2 (HttpServer2.java:addFilter(948)) - Added filter static_user_filter (class=org.apache.hadoop.http.lib.StaticUserWebFilter$StaticUserFilter) to context hddsDatanode
2019-09-19 11:32:33,050 [main] INFO  http.HttpServer2 (HttpServer2.java:addFilter(958)) - Added filter static_user_filter (class=org.apache.hadoop.http.lib.StaticUserWebFilter$StaticUserFilter) to context logs
2019-09-19 11:32:33,050 [main] INFO  http.HttpServer2 (HttpServer2.java:addFilter(958)) - Added filter static_user_filter (class=org.apache.hadoop.http.lib.StaticUserWebFilter$StaticUserFilter) to context static
2019-09-19 11:32:33,051 [main] INFO  http.HttpServer2 (HttpServer2.java:bindListener(1191)) - Jetty bound to port 41735
2019-09-19 11:32:33,051 [main] INFO  server.Server (Server.java:doStart(351)) - jetty-9.3.24.v20180605, build timestamp: 2018-06-05T17:11:56Z, git hash: 84205aa28f11a4f31f2a3b86d1bba2cc8ab69827
2019-09-19 11:32:33,052 [main] INFO  handler.ContextHandler (ContextHandler.java:doStart(781)) - Started o.e.j.s.ServletContextHandler@1c68d0db{/logs,file:///workdir/hadoop-ozone/integration-test/target/log,AVAILABLE}
2019-09-19 11:32:33,052 [main] INFO  handler.ContextHandler (ContextHandler.java:doStart(781)) - Started o.e.j.s.ServletContextHandler@91a2543{/static,jar:file:/home/user/.m2/repository/org/apache/hadoop/hadoop-hdds-container-service/0.5.0-SNAPSHOT/hadoop-hdds-container-service-0.5.0-SNAPSHOT.jar!/webapps/static,AVAILABLE}
2019-09-19 11:32:33,074 [main] INFO  handler.ContextHandler (ContextHandler.java:doStart(781)) - Started o.e.j.w.WebAppContext@13aed42b{/,file:///tmp/jetty-0.0.0.0-41735-hddsDatanode-_-any-3861633978865796069.dir/webapp/,AVAILABLE}{/hddsDatanode}
2019-09-19 11:32:33,074 [main] INFO  server.AbstractConnector (AbstractConnector.java:doStart(278)) - Started ServerConnector@698d6d30{HTTP/1.1,[http/1.1]}{0.0.0.0:41735}
2019-09-19 11:32:33,075 [main] INFO  server.Server (Server.java:doStart(419)) - Started @643210ms
2019-09-19 11:32:33,075 [main] WARN  impl.MetricsSystemImpl (MetricsSystemImpl.java:register(276)) - Sink prometheus already exists!
2019-09-19 11:32:33,076 [main] INFO  server.BaseHttpServer (BaseHttpServer.java:updateConnectorAddress(215)) - HTTP server of HDDSDATANODE is listening at http://0.0.0.0:41735
2019-09-19 11:32:33,076 [main] INFO  ozone.MiniOzoneClusterImpl (MiniOzoneClusterImpl.java:lambda$waitForClusterToBeReady$0(145)) - Waiting for cluster to be ready. Got 0 of 7 DN Heartbeats.
2019-09-19 11:32:33,077 [org.apache.hadoop.util.JvmPauseMonitor$Monitor@183ab915] INFO  util.JvmPauseMonitor (JvmPauseMonitor.java:run(188)) - Starting JVM pause monitor
2019-09-19 11:32:33,099 [Datanode State Machine Thread - 0] INFO  datanode.InitDatanodeState (InitDatanodeState.java:persistContainerDatanodeDetails(140)) - DatanodeDetails is persisted to /workdir/hadoop-ozone/integration-test/target/test-dir/MiniOzoneClusterImpl-eb9be736-53bb-493b-b684-0bc14884a5e7/datanode-6/meta/datanode.id
2019-09-19 11:32:34,076 [main] INFO  ozone.MiniOzoneClusterImpl (MiniOzoneClusterImpl.java:lambda$waitForClusterToBeReady$0(145)) - Waiting for cluster to be ready. Got 0 of 7 DN Heartbeats.
2019-09-19 11:32:34,708 [Datanode State Machine Thread - 0] INFO  ozoneimpl.OzoneContainer (OzoneContainer.java:start(217)) - Attempting to start container services.
2019-09-19 11:32:34,709 [Datanode State Machine Thread - 0] INFO  ozoneimpl.OzoneContainer (OzoneContainer.java:startContainerScrub(179)) - Background container scanner has been disabled.
2019-09-19 11:32:34,709 [Datanode State Machine Thread - 0] INFO  ratis.XceiverServerRatis (XceiverServerRatis.java:start(411)) - Starting XceiverServerRatis 342e2bcd-9bfb-464c-b5cb-8416a3830fb7 at port 0
2019-09-19 11:32:34,716 [Datanode State Machine Thread - 0] INFO  impl.RaftServerProxy (RaftServerProxy.java:lambda$start$3(299)) - 342e2bcd-9bfb-464c-b5cb-8416a3830fb7: start RPC server
2019-09-19 11:32:34,718 [Datanode State Machine Thread - 0] INFO  server.GrpcService (GrpcService.java:startImpl(158)) - 342e2bcd-9bfb-464c-b5cb-8416a3830fb7: GrpcService started, listening on 0.0.0.0/0.0.0.0:45072
2019-09-19 11:32:34,718 [Datanode State Machine Thread - 0] INFO  ratis.XceiverServerRatis (XceiverServerRatis.java:start(421)) - XceiverServerRatis 342e2bcd-9bfb-464c-b5cb-8416a3830fb7 is started using port 45072
2019-09-19 11:32:34,718 [Datanode State Machine Thread - 0] INFO  server.XceiverServerGrpc (XceiverServerGrpc.java:start(163)) - XceiverServerGrpc 342e2bcd-9bfb-464c-b5cb-8416a3830fb7 is started using port 39142
2019-09-19 11:32:34,786 [Datanode State Machine Thread - 0] INFO  ozoneimpl.OzoneContainer (OzoneContainer.java:start(217)) - Attempting to start container services.
2019-09-19 11:32:34,786 [Datanode State Machine Thread - 0] INFO  ozoneimpl.OzoneContainer (OzoneContainer.java:startContainerScrub(179)) - Background container scanner has been disabled.
2019-09-19 11:32:34,786 [Datanode State Machine Thread - 0] INFO  ratis.XceiverServerRatis (XceiverServerRatis.java:start(411)) - Starting XceiverServerRatis 63e05236-8305-47a5-b02f-2c763e5fdb03 at port 0
2019-09-19 11:32:34,791 [Datanode State Machine Thread - 0] INFO  impl.RaftServerProxy (RaftServerProxy.java:lambda$start$3(299)) - 63e05236-8305-47a5-b02f-2c763e5fdb03: start RPC server
2019-09-19 11:32:34,792 [Datanode State Machine Thread - 0] INFO  server.GrpcService (GrpcService.java:startImpl(158)) - 63e05236-8305-47a5-b02f-2c763e5fdb03: GrpcService started, listening on 0.0.0.0/0.0.0.0:45511
2019-09-19 11:32:34,792 [Datanode State Machine Thread - 0] INFO  ratis.XceiverServerRatis (XceiverServerRatis.java:start(421)) - XceiverServerRatis 63e05236-8305-47a5-b02f-2c763e5fdb03 is started using port 45511
2019-09-19 11:32:34,793 [Datanode State Machine Thread - 0] INFO  server.XceiverServerGrpc (XceiverServerGrpc.java:start(163)) - XceiverServerGrpc 63e05236-8305-47a5-b02f-2c763e5fdb03 is started using port 43842
2019-09-19 11:32:34,821 [Datanode State Machine Thread - 0] INFO  ozoneimpl.OzoneContainer (OzoneContainer.java:start(217)) - Attempting to start container services.
2019-09-19 11:32:34,821 [Datanode State Machine Thread - 0] INFO  ozoneimpl.OzoneContainer (OzoneContainer.java:startContainerScrub(179)) - Background container scanner has been disabled.
2019-09-19 11:32:34,821 [Datanode State Machine Thread - 0] INFO  ratis.XceiverServerRatis (XceiverServerRatis.java:start(411)) - Starting XceiverServerRatis 2e00c254-a960-46cf-8104-71cb4143f99c at port 0
2019-09-19 11:32:34,826 [Datanode State Machine Thread - 0] INFO  impl.RaftServerProxy (RaftServerProxy.java:lambda$start$3(299)) - 2e00c254-a960-46cf-8104-71cb4143f99c: start RPC server
2019-09-19 11:32:34,827 [Datanode State Machine Thread - 0] INFO  server.GrpcService (GrpcService.java:startImpl(158)) - 2e00c254-a960-46cf-8104-71cb4143f99c: GrpcService started, listening on 0.0.0.0/0.0.0.0:40285
2019-09-19 11:32:34,827 [Datanode State Machine Thread - 0] INFO  ratis.XceiverServerRatis (XceiverServerRatis.java:start(421)) - XceiverServerRatis 2e00c254-a960-46cf-8104-71cb4143f99c is started using port 40285
2019-09-19 11:32:34,835 [Datanode State Machine Thread - 0] INFO  server.XceiverServerGrpc (XceiverServerGrpc.java:start(163)) - XceiverServerGrpc 2e00c254-a960-46cf-8104-71cb4143f99c is started using port 44196
2019-09-19 11:32:34,880 [Datanode State Machine Thread - 0] INFO  ozoneimpl.OzoneContainer (OzoneContainer.java:start(217)) - Attempting to start container services.
2019-09-19 11:32:34,880 [Datanode State Machine Thread - 0] INFO  ozoneimpl.OzoneContainer (OzoneContainer.java:startContainerScrub(179)) - Background container scanner has been disabled.
2019-09-19 11:32:34,880 [Datanode State Machine Thread - 0] INFO  ratis.XceiverServerRatis (XceiverServerRatis.java:start(411)) - Starting XceiverServerRatis 5bed50f2-212d-4f1b-95cd-0fce23670d52 at port 0
2019-09-19 11:32:34,886 [Datanode State Machine Thread - 0] INFO  impl.RaftServerProxy (RaftServerProxy.java:lambda$start$3(299)) - 5bed50f2-212d-4f1b-95cd-0fce23670d52: start RPC server
2019-09-19 11:32:34,887 [Datanode State Machine Thread - 0] INFO  server.GrpcService (GrpcService.java:startImpl(158)) - 5bed50f2-212d-4f1b-95cd-0fce23670d52: GrpcService started, listening on 0.0.0.0/0.0.0.0:33227
2019-09-19 11:32:34,887 [Datanode State Machine Thread - 0] INFO  ratis.XceiverServerRatis (XceiverServerRatis.java:start(421)) - XceiverServerRatis 5bed50f2-212d-4f1b-95cd-0fce23670d52 is started using port 33227
2019-09-19 11:32:34,887 [Datanode State Machine Thread - 0] INFO  server.XceiverServerGrpc (XceiverServerGrpc.java:start(163)) - XceiverServerGrpc 5bed50f2-212d-4f1b-95cd-0fce23670d52 is started using port 38419
2019-09-19 11:32:34,943 [Datanode State Machine Thread - 0] INFO  ozoneimpl.OzoneContainer (OzoneContainer.java:start(217)) - Attempting to start container services.
2019-09-19 11:32:34,943 [Datanode State Machine Thread - 0] INFO  ozoneimpl.OzoneContainer (OzoneContainer.java:startContainerScrub(179)) - Background container scanner has been disabled.
2019-09-19 11:32:34,943 [Datanode State Machine Thread - 0] INFO  ratis.XceiverServerRatis (XceiverServerRatis.java:start(411)) - Starting XceiverServerRatis 889235f3-a76e-47d5-a143-813f13157864 at port 0
2019-09-19 11:32:34,949 [Datanode State Machine Thread - 0] INFO  impl.RaftServerProxy (RaftServerProxy.java:lambda$start$3(299)) - 889235f3-a76e-47d5-a143-813f13157864: start RPC server
2019-09-19 11:32:34,950 [Datanode State Machine Thread - 0] INFO  server.GrpcService (GrpcService.java:startImpl(158)) - 889235f3-a76e-47d5-a143-813f13157864: GrpcService started, listening on 0.0.0.0/0.0.0.0:42282
2019-09-19 11:32:34,950 [Datanode State Machine Thread - 0] INFO  ratis.XceiverServerRatis (XceiverServerRatis.java:start(421)) - XceiverServerRatis 889235f3-a76e-47d5-a143-813f13157864 is started using port 42282
2019-09-19 11:32:34,951 [Datanode State Machine Thread - 0] INFO  server.XceiverServerGrpc (XceiverServerGrpc.java:start(163)) - XceiverServerGrpc 889235f3-a76e-47d5-a143-813f13157864 is started using port 38315
2019-09-19 11:32:35,020 [Datanode State Machine Thread - 0] INFO  ozoneimpl.OzoneContainer (OzoneContainer.java:start(217)) - Attempting to start container services.
2019-09-19 11:32:35,020 [Datanode State Machine Thread - 0] INFO  ozoneimpl.OzoneContainer (OzoneContainer.java:startContainerScrub(179)) - Background container scanner has been disabled.
2019-09-19 11:32:35,020 [Datanode State Machine Thread - 0] INFO  ratis.XceiverServerRatis (XceiverServerRatis.java:start(411)) - Starting XceiverServerRatis dde64a51-f237-4bb2-8c6a-bc9e89b7d1d2 at port 0
2019-09-19 11:32:35,027 [Datanode State Machine Thread - 0] INFO  impl.RaftServerProxy (RaftServerProxy.java:lambda$start$3(299)) - dde64a51-f237-4bb2-8c6a-bc9e89b7d1d2: start RPC server
2019-09-19 11:32:35,028 [Datanode State Machine Thread - 0] INFO  server.GrpcService (GrpcService.java:startImpl(158)) - dde64a51-f237-4bb2-8c6a-bc9e89b7d1d2: GrpcService started, listening on 0.0.0.0/0.0.0.0:37810
2019-09-19 11:32:35,028 [Datanode State Machine Thread - 0] INFO  ratis.XceiverServerRatis (XceiverServerRatis.java:start(421)) - XceiverServerRatis dde64a51-f237-4bb2-8c6a-bc9e89b7d1d2 is started using port 37810
2019-09-19 11:32:35,029 [Datanode State Machine Thread - 0] INFO  server.XceiverServerGrpc (XceiverServerGrpc.java:start(163)) - XceiverServerGrpc dde64a51-f237-4bb2-8c6a-bc9e89b7d1d2 is started using port 36806
2019-09-19 11:32:35,077 [main] INFO  ozone.MiniOzoneClusterImpl (MiniOzoneClusterImpl.java:lambda$waitForClusterToBeReady$0(145)) - Waiting for cluster to be ready. Got 0 of 7 DN Heartbeats.
2019-09-19 11:32:35,091 [Datanode State Machine Thread - 0] INFO  ozoneimpl.OzoneContainer (OzoneContainer.java:start(217)) - Attempting to start container services.
2019-09-19 11:32:35,091 [Datanode State Machine Thread - 0] INFO  ozoneimpl.OzoneContainer (OzoneContainer.java:startContainerScrub(179)) - Background container scanner has been disabled.
2019-09-19 11:32:35,091 [Datanode State Machine Thread - 0] INFO  ratis.XceiverServerRatis (XceiverServerRatis.java:start(411)) - Starting XceiverServerRatis 127f7ca3-7ec2-439c-85a2-8a4d5bc6fc50 at port 0
2019-09-19 11:32:35,097 [Datanode State Machine Thread - 0] INFO  impl.RaftServerProxy (RaftServerProxy.java:lambda$start$3(299)) - 127f7ca3-7ec2-439c-85a2-8a4d5bc6fc50: start RPC server
2019-09-19 11:32:35,097 [Datanode State Machine Thread - 0] INFO  server.GrpcService (GrpcService.java:startImpl(158)) - 127f7ca3-7ec2-439c-85a2-8a4d5bc6fc50: GrpcService started, listening on 0.0.0.0/0.0.0.0:36663
2019-09-19 11:32:35,098 [Datanode State Machine Thread - 0] INFO  ratis.XceiverServerRatis (XceiverServerRatis.java:start(421)) - XceiverServerRatis 127f7ca3-7ec2-439c-85a2-8a4d5bc6fc50 is started using port 36663
2019-09-19 11:32:35,098 [Datanode State Machine Thread - 0] INFO  server.XceiverServerGrpc (XceiverServerGrpc.java:start(163)) - XceiverServerGrpc 127f7ca3-7ec2-439c-85a2-8a4d5bc6fc50 is started using port 38506
2019-09-19 11:32:36,077 [main] INFO  ozone.MiniOzoneClusterImpl (MiniOzoneClusterImpl.java:lambda$waitForClusterToBeReady$0(145)) - Waiting for cluster to be ready. Got 0 of 7 DN Heartbeats.
2019-09-19 11:32:36,703 [IPC Server handler 3 on 46077] INFO  net.NetworkTopology (NetworkTopologyImpl.java:add(111)) - Added a new node: /default-rack/342e2bcd-9bfb-464c-b5cb-8416a3830fb7
2019-09-19 11:32:36,706 [IPC Server handler 3 on 46077] INFO  node.SCMNodeManager (SCMNodeManager.java:register(266)) - Registered Data node : 342e2bcd-9bfb-464c-b5cb-8416a3830fb7{ip: 192.168.151.78, host: pr-hdds-2154-j8s56-3842691507, networkLocation: /default-rack, certSerialId: null}
2019-09-19 11:32:36,707 [EventQueue-NodeRegistrationContainerReportForDataNodeSafeModeRule] INFO  safemode.SCMSafeModeManager (DataNodeSafeModeRule.java:process(71)) - SCM in safe mode. 1 DataNodes registered, 1 required.
2019-09-19 11:32:36,709 [EventQueue-NodeRegistrationContainerReportForDataNodeSafeModeRule] INFO  safemode.SCMSafeModeManager (SCMSafeModeManager.java:validateSafeModeExitRules(177)) - ScmSafeModeManager, all rules are successfully validated
2019-09-19 11:32:36,710 [EventQueue-NodeRegistrationContainerReportForDataNodeSafeModeRule] INFO  safemode.SCMSafeModeManager (SCMSafeModeManager.java:exitSafeMode(193)) - SCM exiting safe mode.
2019-09-19 11:32:36,744 [grpc-default-executor-9] INFO  impl.RaftServerProxy (RaftServerProxy.java:addNew(89)) - 342e2bcd-9bfb-464c-b5cb-8416a3830fb7: addNew group-17A2B6C4F5DE:[342e2bcd-9bfb-464c-b5cb-8416a3830fb7:192.168.151.78:45072] returns group-17A2B6C4F5DE:java.util.concurrent.CompletableFuture@4657a8b8[Not completed]
2019-09-19 11:32:36,747 [pool-499-thread-1] INFO  impl.RaftServerImpl (RaftServerImpl.java:<init>(95)) - 342e2bcd-9bfb-464c-b5cb-8416a3830fb7: new RaftServerImpl for group-17A2B6C4F5DE:[342e2bcd-9bfb-464c-b5cb-8416a3830fb7:192.168.151.78:45072] with ContainerStateMachine:uninitialized
2019-09-19 11:32:36,747 [pool-499-thread-1] INFO  server.RaftServerConfigKeys (ConfUtils.java:logGet(43)) - raft.server.rpc.timeout.min = 5s (custom)
2019-09-19 11:32:36,748 [pool-499-thread-1] INFO  server.RaftServerConfigKeys (ConfUtils.java:logGet(43)) - raft.server.rpc.timeout.max = 5200ms (custom)
2019-09-19 11:32:36,748 [pool-499-thread-1] INFO  server.RaftServerConfigKeys (ConfUtils.java:logGet(43)) - raft.server.rpcslowness.timeout = 120s (custom)
2019-09-19 11:32:36,748 [pool-499-thread-1] INFO  server.RaftServerConfigKeys (ConfUtils.java:logGet(43)) - raft.server.sleep.deviation.threshold = 300 (default)
2019-09-19 11:32:36,748 [pool-499-thread-1] INFO  server.RaftServerConfigKeys (ConfUtils.java:logGet(43)) - raft.server.log.appender.install.snapshot.enabled = false (custom)
2019-09-19 11:32:36,748 [pool-499-thread-1] INFO  impl.RaftServerImpl (ServerState.java:<init>(103)) - 342e2bcd-9bfb-464c-b5cb-8416a3830fb7@group-17A2B6C4F5DE: ConfigurationManager, init=-1: [342e2bcd-9bfb-464c-b5cb-8416a3830fb7:192.168.151.78:45072], old=null, confs=<EMPTY_MAP>
2019-09-19 11:32:36,748 [pool-499-thread-1] INFO  server.RaftServerConfigKeys (ConfUtils.java:logGet(43)) - raft.server.storage.dir = [/workdir/hadoop-ozone/integration-test/target/test-dir/MiniOzoneClusterImpl-eb9be736-53bb-493b-b684-0bc14884a5e7/datanode-0/data/ratis] (custom)
2019-09-19 11:32:36,749 [pool-499-thread-1] INFO  storage.RaftStorageDirectory (RaftStorageDirectory.java:analyzeStorage(246)) - The storage directory /workdir/hadoop-ozone/integration-test/target/test-dir/MiniOzoneClusterImpl-eb9be736-53bb-493b-b684-0bc14884a5e7/datanode-0/data/ratis/3611a471-d221-4e83-bcc1-17a2b6c4f5de does not exist. Creating ...
2019-09-19 11:32:36,752 [IPC Server handler 2 on 46077] INFO  net.NetworkTopology (NetworkTopologyImpl.java:add(111)) - Added a new node: /default-rack/63e05236-8305-47a5-b02f-2c763e5fdb03
2019-09-19 11:32:36,752 [IPC Server handler 2 on 46077] INFO  node.SCMNodeManager (SCMNodeManager.java:register(266)) - Registered Data node : 63e05236-8305-47a5-b02f-2c763e5fdb03{ip: 192.168.151.78, host: pr-hdds-2154-j8s56-3842691507, networkLocation: /default-rack, certSerialId: null}
2019-09-19 11:32:36,796 [pool-499-thread-1] INFO  storage.RaftStorageDirectory (RaftStorageDirectory.java:tryLock(328)) - Lock on /workdir/hadoop-ozone/integration-test/target/test-dir/MiniOzoneClusterImpl-eb9be736-53bb-493b-b684-0bc14884a5e7/datanode-0/data/ratis/3611a471-d221-4e83-bcc1-17a2b6c4f5de/in_use.lock acquired by nodename 22749@pr-hdds-2154-j8s56-3842691507
2019-09-19 11:32:36,801 [pool-499-thread-1] INFO  storage.RaftStorage (RaftStorage.java:format(72)) - Storage directory /workdir/hadoop-ozone/integration-test/target/test-dir/MiniOzoneClusterImpl-eb9be736-53bb-493b-b684-0bc14884a5e7/datanode-0/data/ratis/3611a471-d221-4e83-bcc1-17a2b6c4f5de has been successfully formatted.
2019-09-19 11:32:36,801 [pool-499-thread-1] INFO  ratis.ContainerStateMachine (ContainerStateMachine.java:loadSnapshot(230)) - group-17A2B6C4F5DE: The snapshot info is null. Setting the last applied indexto:(t:0, i:~)
2019-09-19 11:32:36,801 [pool-499-thread-1] INFO  server.RaftServerConfigKeys (ConfUtils.java:logGet(43)) - raft.server.notification.no-leader.timeout = 120s (custom)
2019-09-19 11:32:36,801 [pool-499-thread-1] INFO  server.RaftServerConfigKeys (ConfUtils.java:logGet(43)) - raft.server.log.use.memory = false (default)
2019-09-19 11:32:36,802 [pool-499-thread-1] INFO  server.RaftServerConfigKeys (ConfUtils.java:logGet(43)) - raft.server.log.purge.gap = 1000000 (custom)
2019-09-19 11:32:36,802 [pool-499-thread-1] INFO  server.RaftServerConfigKeys (ConfUtils.java:logGet(43)) - raft.server.log.appender.buffer.byte-limit = 33554432 (custom)
2019-09-19 11:32:36,802 [pool-499-thread-1] INFO  server.RaftServerConfigKeys (ConfUtils.java:logGet(43)) - raft.server.log.segment.size.max = 1048576 (custom)
2019-09-19 11:32:36,802 [pool-499-thread-1] INFO  server.RaftServerConfigKeys (ConfUtils.java:logGet(43)) - raft.server.log.segment.cache.num.max = 2 (custom)
2019-09-19 11:32:36,802 [pool-499-thread-1] INFO  segmented.SegmentedRaftLogWorker (SegmentedRaftLogWorker.java:<init>(172)) - new 342e2bcd-9bfb-464c-b5cb-8416a3830fb7@group-17A2B6C4F5DE-SegmentedRaftLogWorker for RaftStorage:Storage Directory /workdir/hadoop-ozone/integration-test/target/test-dir/MiniOzoneClusterImpl-eb9be736-53bb-493b-b684-0bc14884a5e7/datanode-0/data/ratis/3611a471-d221-4e83-bcc1-17a2b6c4f5de
2019-09-19 11:32:36,804 [pool-499-thread-1] INFO  server.RaftServerConfigKeys (ConfUtils.java:logGet(43)) - raft.server.log.queue.byte-limit = 2147483647 (custom)
2019-09-19 11:32:36,804 [pool-499-thread-1] INFO  server.RaftServerConfigKeys (ConfUtils.java:logGet(43)) - raft.server.log.queue.element-limit = 1024 (custom)
2019-09-19 11:32:36,804 [pool-499-thread-1] INFO  server.RaftServerConfigKeys (ConfUtils.java:logGet(43)) - raft.server.log.segment.size.max = 1048576 (custom)
2019-09-19 11:32:36,804 [pool-499-thread-1] INFO  server.RaftServerConfigKeys (ConfUtils.java:logGet(43)) - raft.server.log.preallocated.size = 16384 (custom)
2019-09-19 11:32:36,805 [pool-499-thread-1] INFO  server.RaftServerConfigKeys (ConfUtils.java:logGet(43)) - raft.server.log.write.buffer.size = 33554432 (custom)
2019-09-19 11:32:36,805 [pool-499-thread-1] INFO  server.RaftServerConfigKeys (ConfUtils.java:logGet(43)) - raft.server.log.force.sync.num = 128 (default)
2019-09-19 11:32:36,805 [pool-499-thread-1] INFO  server.RaftServerConfigKeys (ConfUtils.java:logGet(43)) - raft.server.log.statemachine.data.sync = true (default)
2019-09-19 11:32:36,805 [pool-499-thread-1] INFO  server.RaftServerConfigKeys (ConfUtils.java:logGet(43)) - raft.server.log.statemachine.data.sync.timeout = 10s (default)
2019-09-19 11:32:36,805 [pool-499-thread-1] INFO  server.RaftServerConfigKeys (ConfUtils.java:logGet(43)) - raft.server.log.statemachine.data.sync.timeout.retry = -1 (default)
2019-09-19 11:32:36,805 [pool-499-thread-1] INFO  server.RaftServerConfigKeys (ConfUtils.java:logGet(43)) - raft.server.log.statemachine.data.caching.enabled = true (custom)
2019-09-19 11:32:36,805 [pool-499-thread-1] INFO  segmented.SegmentedRaftLogWorker (SegmentedRaftLogWorker.java:lambda$new$0(132)) - 342e2bcd-9bfb-464c-b5cb-8416a3830fb7@group-17A2B6C4F5DE-SegmentedRaftLogWorker: flushIndex: setUnconditionally 0 -> -1
2019-09-19 11:32:36,806 [pool-499-thread-1] INFO  server.RaftServerConfigKeys (ConfUtils.java:logGet(43)) - raft.server.snapshot.auto.trigger.enabled = true (custom)
2019-09-19 11:32:36,806 [pool-499-thread-1] INFO  server.RaftServerConfigKeys (ConfUtils.java:logGet(43)) - raft.server.snapshot.auto.trigger.threshold = 10000 (custom)
2019-09-19 11:32:36,806 [pool-499-thread-1] INFO  server.RaftServerConfigKeys (ConfUtils.java:logGet(43)) - raft.server.snapshot.retention.num.files = 5 (custom)
2019-09-19 11:32:36,806 [pool-499-thread-1] INFO  server.RaftServerConfigKeys (ConfUtils.java:logGet(43)) - raft.server.retrycache.expirytime = 600000ms (custom)
2019-09-19 11:32:36,807 [pool-499-thread-1] INFO  impl.RaftServerImpl (RaftServerImpl.java:start(185)) - 342e2bcd-9bfb-464c-b5cb-8416a3830fb7@group-17A2B6C4F5DE: start as a follower, conf=-1: [342e2bcd-9bfb-464c-b5cb-8416a3830fb7:192.168.151.78:45072], old=null
2019-09-19 11:32:36,807 [pool-499-thread-1] INFO  impl.RaftServerImpl (RaftServerImpl.java:setRole(174)) - 342e2bcd-9bfb-464c-b5cb-8416a3830fb7@group-17A2B6C4F5DE: changes role from      null to FOLLOWER at term 0 for startAsFollower
2019-09-19 11:32:36,808 [pool-499-thread-1] INFO  impl.RoleInfo (RoleInfo.java:updateAndGet(143)) - 342e2bcd-9bfb-464c-b5cb-8416a3830fb7: start FollowerState
2019-09-19 11:32:36,808 [pool-499-thread-1] INFO  util.JmxRegister (JmxRegister.java:tryRegister(44)) - Successfully registered JMX Bean with object name Ratis:service=RaftServer,group=group-17A2B6C4F5DE,id=342e2bcd-9bfb-464c-b5cb-8416a3830fb7
2019-09-19 11:32:36,808 [IPC Server handler 1 on 46077] INFO  net.NetworkTopology (NetworkTopologyImpl.java:add(111)) - Added a new node: /default-rack/2e00c254-a960-46cf-8104-71cb4143f99c
2019-09-19 11:32:36,808 [IPC Server handler 1 on 46077] INFO  node.SCMNodeManager (SCMNodeManager.java:register(266)) - Registered Data node : 2e00c254-a960-46cf-8104-71cb4143f99c{ip: 192.168.151.78, host: pr-hdds-2154-j8s56-3842691507, networkLocation: /default-rack, certSerialId: null}
2019-09-19 11:32:36,813 [RatisPipelineUtilsThread] INFO  pipeline.PipelineStateManager (PipelineStateManager.java:addPipeline(56)) - Created pipeline Pipeline[ Id: 3611a471-d221-4e83-bcc1-17a2b6c4f5de, Nodes: 342e2bcd-9bfb-464c-b5cb-8416a3830fb7{ip: 192.168.151.78, host: pr-hdds-2154-j8s56-3842691507, networkLocation: /default-rack, certSerialId: null}, Type:RATIS, Factor:ONE, State:OPEN]
2019-09-19 11:32:36,834 [grpc-default-executor-9] INFO  impl.RaftServerProxy (RaftServerProxy.java:addNew(89)) - 63e05236-8305-47a5-b02f-2c763e5fdb03: addNew group-C0736A7FE6B4:[63e05236-8305-47a5-b02f-2c763e5fdb03:192.168.151.78:45511] returns group-C0736A7FE6B4:java.util.concurrent.CompletableFuture@590e63f2[Not completed]
2019-09-19 11:32:36,835 [pool-509-thread-1] INFO  impl.RaftServerImpl (RaftServerImpl.java:<init>(95)) - 63e05236-8305-47a5-b02f-2c763e5fdb03: new RaftServerImpl for group-C0736A7FE6B4:[63e05236-8305-47a5-b02f-2c763e5fdb03:192.168.151.78:45511] with ContainerStateMachine:uninitialized
2019-09-19 11:32:36,835 [pool-509-thread-1] INFO  server.RaftServerConfigKeys (ConfUtils.java:logGet(43)) - raft.server.rpc.timeout.min = 5s (custom)
2019-09-19 11:32:36,835 [pool-509-thread-1] INFO  server.RaftServerConfigKeys (ConfUtils.java:logGet(43)) - raft.server.rpc.timeout.max = 5200ms (custom)
2019-09-19 11:32:36,835 [pool-509-thread-1] INFO  server.RaftServerConfigKeys (ConfUtils.java:logGet(43)) - raft.server.rpcslowness.timeout = 120s (custom)
2019-09-19 11:32:36,835 [pool-509-thread-1] INFO  server.RaftServerConfigKeys (ConfUtils.java:logGet(43)) - raft.server.sleep.deviation.threshold = 300 (default)
2019-09-19 11:32:36,836 [pool-509-thread-1] INFO  server.RaftServerConfigKeys (ConfUtils.java:logGet(43)) - raft.server.log.appender.install.snapshot.enabled = false (custom)
2019-09-19 11:32:36,836 [pool-509-thread-1] INFO  impl.RaftServerImpl (ServerState.java:<init>(103)) - 63e05236-8305-47a5-b02f-2c763e5fdb03@group-C0736A7FE6B4: ConfigurationManager, init=-1: [63e05236-8305-47a5-b02f-2c763e5fdb03:192.168.151.78:45511], old=null, confs=<EMPTY_MAP>
2019-09-19 11:32:36,836 [pool-509-thread-1] INFO  server.RaftServerConfigKeys (ConfUtils.java:logGet(43)) - raft.server.storage.dir = [/workdir/hadoop-ozone/integration-test/target/test-dir/MiniOzoneClusterImpl-eb9be736-53bb-493b-b684-0bc14884a5e7/datanode-1/data/ratis] (custom)
2019-09-19 11:32:36,836 [pool-509-thread-1] INFO  storage.RaftStorageDirectory (RaftStorageDirectory.java:analyzeStorage(246)) - The storage directory /workdir/hadoop-ozone/integration-test/target/test-dir/MiniOzoneClusterImpl-eb9be736-53bb-493b-b684-0bc14884a5e7/datanode-1/data/ratis/05c17610-e395-4aad-91d1-c0736a7fe6b4 does not exist. Creating ...
2019-09-19 11:32:36,839 [pool-509-thread-1] INFO  storage.RaftStorageDirectory (RaftStorageDirectory.java:tryLock(328)) - Lock on /workdir/hadoop-ozone/integration-test/target/test-dir/MiniOzoneClusterImpl-eb9be736-53bb-493b-b684-0bc14884a5e7/datanode-1/data/ratis/05c17610-e395-4aad-91d1-c0736a7fe6b4/in_use.lock acquired by nodename 22749@pr-hdds-2154-j8s56-3842691507
2019-09-19 11:32:36,842 [pool-509-thread-1] INFO  storage.RaftStorage (RaftStorage.java:format(72)) - Storage directory /workdir/hadoop-ozone/integration-test/target/test-dir/MiniOzoneClusterImpl-eb9be736-53bb-493b-b684-0bc14884a5e7/datanode-1/data/ratis/05c17610-e395-4aad-91d1-c0736a7fe6b4 has been successfully formatted.
2019-09-19 11:32:36,842 [pool-509-thread-1] INFO  ratis.ContainerStateMachine (ContainerStateMachine.java:loadSnapshot(230)) - group-C0736A7FE6B4: The snapshot info is null. Setting the last applied indexto:(t:0, i:~)
2019-09-19 11:32:36,842 [pool-509-thread-1] INFO  server.RaftServerConfigKeys (ConfUtils.java:logGet(43)) - raft.server.notification.no-leader.timeout = 120s (custom)
2019-09-19 11:32:36,842 [pool-509-thread-1] INFO  server.RaftServerConfigKeys (ConfUtils.java:logGet(43)) - raft.server.log.use.memory = false (default)
2019-09-19 11:32:36,843 [pool-509-thread-1] INFO  server.RaftServerConfigKeys (ConfUtils.java:logGet(43)) - raft.server.log.purge.gap = 1000000 (custom)
2019-09-19 11:32:36,843 [pool-509-thread-1] INFO  server.RaftServerConfigKeys (ConfUtils.java:logGet(43)) - raft.server.log.appender.buffer.byte-limit = 33554432 (custom)
2019-09-19 11:32:36,843 [pool-509-thread-1] INFO  server.RaftServerConfigKeys (ConfUtils.java:logGet(43)) - raft.server.log.segment.size.max = 1048576 (custom)
2019-09-19 11:32:36,843 [pool-509-thread-1] INFO  server.RaftServerConfigKeys (ConfUtils.java:logGet(43)) - raft.server.log.segment.cache.num.max = 2 (custom)
2019-09-19 11:32:36,843 [pool-509-thread-1] INFO  segmented.SegmentedRaftLogWorker (SegmentedRaftLogWorker.java:<init>(172)) - new 63e05236-8305-47a5-b02f-2c763e5fdb03@group-C0736A7FE6B4-SegmentedRaftLogWorker for RaftStorage:Storage Directory /workdir/hadoop-ozone/integration-test/target/test-dir/MiniOzoneClusterImpl-eb9be736-53bb-493b-b684-0bc14884a5e7/datanode-1/data/ratis/05c17610-e395-4aad-91d1-c0736a7fe6b4
2019-09-19 11:32:36,844 [pool-509-thread-1] INFO  server.RaftServerConfigKeys (ConfUtils.java:logGet(43)) - raft.server.log.queue.byte-limit = 2147483647 (custom)
2019-09-19 11:32:36,845 [pool-509-thread-1] INFO  server.RaftServerConfigKeys (ConfUtils.java:logGet(43)) - raft.server.log.queue.element-limit = 1024 (custom)
2019-09-19 11:32:36,845 [pool-509-thread-1] INFO  server.RaftServerConfigKeys (ConfUtils.java:logGet(43)) - raft.server.log.segment.size.max = 1048576 (custom)
2019-09-19 11:32:36,845 [pool-509-thread-1] INFO  server.RaftServerConfigKeys (ConfUtils.java:logGet(43)) - raft.server.log.preallocated.size = 16384 (custom)
2019-09-19 11:32:36,845 [pool-509-thread-1] INFO  server.RaftServerConfigKeys (ConfUtils.java:logGet(43)) - raft.server.log.write.buffer.size = 33554432 (custom)
2019-09-19 11:32:36,845 [pool-509-thread-1] INFO  server.RaftServerConfigKeys (ConfUtils.java:logGet(43)) - raft.server.log.force.sync.num = 128 (default)
2019-09-19 11:32:36,845 [pool-509-thread-1] INFO  server.RaftServerConfigKeys (ConfUtils.java:logGet(43)) - raft.server.log.statemachine.data.sync = true (default)
2019-09-19 11:32:36,845 [pool-509-thread-1] INFO  server.RaftServerConfigKeys (ConfUtils.java:logGet(43)) - raft.server.log.statemachine.data.sync.timeout = 10s (default)
2019-09-19 11:32:36,845 [pool-509-thread-1] INFO  server.RaftServerConfigKeys (ConfUtils.java:logGet(43)) - raft.server.log.statemachine.data.sync.timeout.retry = -1 (default)
2019-09-19 11:32:36,846 [pool-509-thread-1] INFO  server.RaftServerConfigKeys (ConfUtils.java:logGet(43)) - raft.server.log.statemachine.data.caching.enabled = true (custom)
2019-09-19 11:32:36,846 [pool-509-thread-1] INFO  segmented.SegmentedRaftLogWorker (SegmentedRaftLogWorker.java:lambda$new$0(132)) - 63e05236-8305-47a5-b02f-2c763e5fdb03@group-C0736A7FE6B4-SegmentedRaftLogWorker: flushIndex: setUnconditionally 0 -> -1
2019-09-19 11:32:36,846 [pool-509-thread-1] INFO  server.RaftServerConfigKeys (ConfUtils.java:logGet(43)) - raft.server.snapshot.auto.trigger.enabled = true (custom)
2019-09-19 11:32:36,846 [pool-509-thread-1] INFO  server.RaftServerConfigKeys (ConfUtils.java:logGet(43)) - raft.server.snapshot.auto.trigger.threshold = 10000 (custom)
2019-09-19 11:32:36,846 [pool-509-thread-1] INFO  server.RaftServerConfigKeys (ConfUtils.java:logGet(43)) - raft.server.snapshot.retention.num.files = 5 (custom)
2019-09-19 11:32:36,846 [pool-509-thread-1] INFO  server.RaftServerConfigKeys (ConfUtils.java:logGet(43)) - raft.server.retrycache.expirytime = 600000ms (custom)
2019-09-19 11:32:36,848 [pool-509-thread-1] INFO  impl.RaftServerImpl (RaftServerImpl.java:start(185)) - 63e05236-8305-47a5-b02f-2c763e5fdb03@group-C0736A7FE6B4: start as a follower, conf=-1: [63e05236-8305-47a5-b02f-2c763e5fdb03:192.168.151.78:45511], old=null
2019-09-19 11:32:36,848 [pool-509-thread-1] INFO  impl.RaftServerImpl (RaftServerImpl.java:setRole(174)) - 63e05236-8305-47a5-b02f-2c763e5fdb03@group-C0736A7FE6B4: changes role from      null to FOLLOWER at term 0 for startAsFollower
2019-09-19 11:32:36,848 [pool-509-thread-1] INFO  impl.RoleInfo (RoleInfo.java:updateAndGet(143)) - 63e05236-8305-47a5-b02f-2c763e5fdb03: start FollowerState
2019-09-19 11:32:36,848 [pool-509-thread-1] INFO  util.JmxRegister (JmxRegister.java:tryRegister(44)) - Successfully registered JMX Bean with object name Ratis:service=RaftServer,group=group-C0736A7FE6B4,id=63e05236-8305-47a5-b02f-2c763e5fdb03
2019-09-19 11:32:36,853 [RatisPipelineUtilsThread] INFO  pipeline.PipelineStateManager (PipelineStateManager.java:addPipeline(56)) - Created pipeline Pipeline[ Id: 05c17610-e395-4aad-91d1-c0736a7fe6b4, Nodes: 63e05236-8305-47a5-b02f-2c763e5fdb03{ip: 192.168.151.78, host: pr-hdds-2154-j8s56-3842691507, networkLocation: /default-rack, certSerialId: null}, Type:RATIS, Factor:ONE, State:OPEN]
2019-09-19 11:32:36,856 [grpc-default-executor-9] INFO  impl.RaftServerProxy (RaftServerProxy.java:addNew(89)) - 2e00c254-a960-46cf-8104-71cb4143f99c: addNew group-8F1897992696:[2e00c254-a960-46cf-8104-71cb4143f99c:192.168.151.78:40285] returns group-8F1897992696:java.util.concurrent.CompletableFuture@65a86ad9[Not completed]
2019-09-19 11:32:36,857 [pool-519-thread-1] INFO  impl.RaftServerImpl (RaftServerImpl.java:<init>(95)) - 2e00c254-a960-46cf-8104-71cb4143f99c: new RaftServerImpl for group-8F1897992696:[2e00c254-a960-46cf-8104-71cb4143f99c:192.168.151.78:40285] with ContainerStateMachine:uninitialized
2019-09-19 11:32:36,858 [pool-519-thread-1] INFO  server.RaftServerConfigKeys (ConfUtils.java:logGet(43)) - raft.server.rpc.timeout.min = 5s (custom)
2019-09-19 11:32:36,858 [pool-519-thread-1] INFO  server.RaftServerConfigKeys (ConfUtils.java:logGet(43)) - raft.server.rpc.timeout.max = 5200ms (custom)
2019-09-19 11:32:36,858 [pool-519-thread-1] INFO  server.RaftServerConfigKeys (ConfUtils.java:logGet(43)) - raft.server.rpcslowness.timeout = 120s (custom)
2019-09-19 11:32:36,858 [pool-519-thread-1] INFO  server.RaftServerConfigKeys (ConfUtils.java:logGet(43)) - raft.server.sleep.deviation.threshold = 300 (default)
2019-09-19 11:32:36,858 [pool-519-thread-1] INFO  server.RaftServerConfigKeys (ConfUtils.java:logGet(43)) - raft.server.log.appender.install.snapshot.enabled = false (custom)
2019-09-19 11:32:36,858 [pool-519-thread-1] INFO  impl.RaftServerImpl (ServerState.java:<init>(103)) - 2e00c254-a960-46cf-8104-71cb4143f99c@group-8F1897992696: ConfigurationManager, init=-1: [2e00c254-a960-46cf-8104-71cb4143f99c:192.168.151.78:40285], old=null, confs=<EMPTY_MAP>
2019-09-19 11:32:36,858 [pool-519-thread-1] INFO  server.RaftServerConfigKeys (ConfUtils.java:logGet(43)) - raft.server.storage.dir = [/workdir/hadoop-ozone/integration-test/target/test-dir/MiniOzoneClusterImpl-eb9be736-53bb-493b-b684-0bc14884a5e7/datanode-2/data/ratis] (custom)
2019-09-19 11:32:36,858 [pool-519-thread-1] INFO  storage.RaftStorageDirectory (RaftStorageDirectory.java:analyzeStorage(246)) - The storage directory /workdir/hadoop-ozone/integration-test/target/test-dir/MiniOzoneClusterImpl-eb9be736-53bb-493b-b684-0bc14884a5e7/datanode-2/data/ratis/3e05ade4-f1cb-4224-b447-8f1897992696 does not exist. Creating ...
2019-09-19 11:32:36,861 [pool-519-thread-1] INFO  storage.RaftStorageDirectory (RaftStorageDirectory.java:tryLock(328)) - Lock on /workdir/hadoop-ozone/integration-test/target/test-dir/MiniOzoneClusterImpl-eb9be736-53bb-493b-b684-0bc14884a5e7/datanode-2/data/ratis/3e05ade4-f1cb-4224-b447-8f1897992696/in_use.lock acquired by nodename 22749@pr-hdds-2154-j8s56-3842691507
2019-09-19 11:32:36,864 [pool-519-thread-1] INFO  storage.RaftStorage (RaftStorage.java:format(72)) - Storage directory /workdir/hadoop-ozone/integration-test/target/test-dir/MiniOzoneClusterImpl-eb9be736-53bb-493b-b684-0bc14884a5e7/datanode-2/data/ratis/3e05ade4-f1cb-4224-b447-8f1897992696 has been successfully formatted.
2019-09-19 11:32:36,864 [pool-519-thread-1] INFO  ratis.ContainerStateMachine (ContainerStateMachine.java:loadSnapshot(230)) - group-8F1897992696: The snapshot info is null. Setting the last applied indexto:(t:0, i:~)
2019-09-19 11:32:36,865 [pool-519-thread-1] INFO  server.RaftServerConfigKeys (ConfUtils.java:logGet(43)) - raft.server.notification.no-leader.timeout = 120s (custom)
2019-09-19 11:32:36,865 [pool-519-thread-1] INFO  server.RaftServerConfigKeys (ConfUtils.java:logGet(43)) - raft.server.log.use.memory = false (default)
2019-09-19 11:32:36,865 [pool-519-thread-1] INFO  server.RaftServerConfigKeys (ConfUtils.java:logGet(43)) - raft.server.log.purge.gap = 1000000 (custom)
2019-09-19 11:32:36,865 [pool-519-thread-1] INFO  server.RaftServerConfigKeys (ConfUtils.java:logGet(43)) - raft.server.log.appender.buffer.byte-limit = 33554432 (custom)
2019-09-19 11:32:36,865 [pool-519-thread-1] INFO  server.RaftServerConfigKeys (ConfUtils.java:logGet(43)) - raft.server.log.segment.size.max = 1048576 (custom)
2019-09-19 11:32:36,865 [pool-519-thread-1] INFO  server.RaftServerConfigKeys (ConfUtils.java:logGet(43)) - raft.server.log.segment.cache.num.max = 2 (custom)
2019-09-19 11:32:36,865 [pool-519-thread-1] INFO  segmented.SegmentedRaftLogWorker (SegmentedRaftLogWorker.java:<init>(172)) - new 2e00c254-a960-46cf-8104-71cb4143f99c@group-8F1897992696-SegmentedRaftLogWorker for RaftStorage:Storage Directory /workdir/hadoop-ozone/integration-test/target/test-dir/MiniOzoneClusterImpl-eb9be736-53bb-493b-b684-0bc14884a5e7/datanode-2/data/ratis/3e05ade4-f1cb-4224-b447-8f1897992696
2019-09-19 11:32:36,866 [pool-519-thread-1] INFO  server.RaftServerConfigKeys (ConfUtils.java:logGet(43)) - raft.server.log.queue.byte-limit = 2147483647 (custom)
2019-09-19 11:32:36,866 [pool-519-thread-1] INFO  server.RaftServerConfigKeys (ConfUtils.java:logGet(43)) - raft.server.log.queue.element-limit = 1024 (custom)
2019-09-19 11:32:36,866 [pool-519-thread-1] INFO  server.RaftServerConfigKeys (ConfUtils.java:logGet(43)) - raft.server.log.segment.size.max = 1048576 (custom)
2019-09-19 11:32:36,867 [pool-519-thread-1] INFO  server.RaftServerConfigKeys (ConfUtils.java:logGet(43)) - raft.server.log.preallocated.size = 16384 (custom)
2019-09-19 11:32:36,867 [pool-519-thread-1] INFO  server.RaftServerConfigKeys (ConfUtils.java:logGet(43)) - raft.server.log.write.buffer.size = 33554432 (custom)
2019-09-19 11:32:36,867 [pool-519-thread-1] INFO  server.RaftServerConfigKeys (ConfUtils.java:logGet(43)) - raft.server.log.force.sync.num = 128 (default)
2019-09-19 11:32:36,867 [pool-519-thread-1] INFO  server.RaftServerConfigKeys (ConfUtils.java:logGet(43)) - raft.server.log.statemachine.data.sync = true (default)
2019-09-19 11:32:36,867 [pool-519-thread-1] INFO  server.RaftServerConfigKeys (ConfUtils.java:logGet(43)) - raft.server.log.statemachine.data.sync.timeout = 10s (default)
2019-09-19 11:32:36,867 [pool-519-thread-1] INFO  server.RaftServerConfigKeys (ConfUtils.java:logGet(43)) - raft.server.log.statemachine.data.sync.timeout.retry = -1 (default)
2019-09-19 11:32:36,867 [pool-519-thread-1] INFO  server.RaftServerConfigKeys (ConfUtils.java:logGet(43)) - raft.server.log.statemachine.data.caching.enabled = true (custom)
2019-09-19 11:32:36,867 [pool-519-thread-1] INFO  segmented.SegmentedRaftLogWorker (SegmentedRaftLogWorker.java:lambda$new$0(132)) - 2e00c254-a960-46cf-8104-71cb4143f99c@group-8F1897992696-SegmentedRaftLogWorker: flushIndex: setUnconditionally 0 -> -1
2019-09-19 11:32:36,868 [IPC Server handler 5 on 46077] INFO  net.NetworkTopology (NetworkTopologyImpl.java:add(111)) - Added a new node: /default-rack/5bed50f2-212d-4f1b-95cd-0fce23670d52
2019-09-19 11:32:36,868 [pool-519-thread-1] INFO  server.RaftServerConfigKeys (ConfUtils.java:logGet(43)) - raft.server.snapshot.auto.trigger.enabled = true (custom)
2019-09-19 11:32:36,868 [IPC Server handler 5 on 46077] INFO  node.SCMNodeManager (SCMNodeManager.java:register(266)) - Registered Data node : 5bed50f2-212d-4f1b-95cd-0fce23670d52{ip: 192.168.151.78, host: pr-hdds-2154-j8s56-3842691507, networkLocation: /default-rack, certSerialId: null}
2019-09-19 11:32:36,868 [pool-519-thread-1] INFO  server.RaftServerConfigKeys (ConfUtils.java:logGet(43)) - raft.server.snapshot.auto.trigger.threshold = 10000 (custom)
2019-09-19 11:32:36,868 [pool-519-thread-1] INFO  server.RaftServerConfigKeys (ConfUtils.java:logGet(43)) - raft.server.snapshot.retention.num.files = 5 (custom)
2019-09-19 11:32:36,868 [pool-519-thread-1] INFO  server.RaftServerConfigKeys (ConfUtils.java:logGet(43)) - raft.server.retrycache.expirytime = 600000ms (custom)
2019-09-19 11:32:36,869 [pool-519-thread-1] INFO  impl.RaftServerImpl (RaftServerImpl.java:start(185)) - 2e00c254-a960-46cf-8104-71cb4143f99c@group-8F1897992696: start as a follower, conf=-1: [2e00c254-a960-46cf-8104-71cb4143f99c:192.168.151.78:40285], old=null
2019-09-19 11:32:36,869 [pool-519-thread-1] INFO  impl.RaftServerImpl (RaftServerImpl.java:setRole(174)) - 2e00c254-a960-46cf-8104-71cb4143f99c@group-8F1897992696: changes role from      null to FOLLOWER at term 0 for startAsFollower
2019-09-19 11:32:36,869 [pool-519-thread-1] INFO  impl.RoleInfo (RoleInfo.java:updateAndGet(143)) - 2e00c254-a960-46cf-8104-71cb4143f99c: start FollowerState
2019-09-19 11:32:36,870 [pool-519-thread-1] INFO  util.JmxRegister (JmxRegister.java:tryRegister(44)) - Successfully registered JMX Bean with object name Ratis:service=RaftServer,group=group-8F1897992696,id=2e00c254-a960-46cf-8104-71cb4143f99c
2019-09-19 11:32:36,874 [RatisPipelineUtilsThread] INFO  pipeline.PipelineStateManager (PipelineStateManager.java:addPipeline(56)) - Created pipeline Pipeline[ Id: 3e05ade4-f1cb-4224-b447-8f1897992696, Nodes: 2e00c254-a960-46cf-8104-71cb4143f99c{ip: 192.168.151.78, host: pr-hdds-2154-j8s56-3842691507, networkLocation: /default-rack, certSerialId: null}, Type:RATIS, Factor:ONE, State:OPEN]
2019-09-19 11:32:36,882 [grpc-default-executor-9] INFO  impl.RaftServerProxy (RaftServerProxy.java:addNew(89)) - 5bed50f2-212d-4f1b-95cd-0fce23670d52: addNew group-6E50FE78FEBF:[5bed50f2-212d-4f1b-95cd-0fce23670d52:192.168.151.78:33227] returns group-6E50FE78FEBF:java.util.concurrent.CompletableFuture@43b0aa93[Not completed]
2019-09-19 11:32:36,882 [pool-529-thread-1] INFO  impl.RaftServerImpl (RaftServerImpl.java:<init>(95)) - 5bed50f2-212d-4f1b-95cd-0fce23670d52: new RaftServerImpl for group-6E50FE78FEBF:[5bed50f2-212d-4f1b-95cd-0fce23670d52:192.168.151.78:33227] with ContainerStateMachine:uninitialized
2019-09-19 11:32:36,882 [pool-529-thread-1] INFO  server.RaftServerConfigKeys (ConfUtils.java:logGet(43)) - raft.server.rpc.timeout.min = 5s (custom)
2019-09-19 11:32:36,882 [pool-529-thread-1] INFO  server.RaftServerConfigKeys (ConfUtils.java:logGet(43)) - raft.server.rpc.timeout.max = 5200ms (custom)
2019-09-19 11:32:36,883 [pool-529-thread-1] INFO  server.RaftServerConfigKeys (ConfUtils.java:logGet(43)) - raft.server.rpcslowness.timeout = 120s (custom)
2019-09-19 11:32:36,883 [pool-529-thread-1] INFO  server.RaftServerConfigKeys (ConfUtils.java:logGet(43)) - raft.server.sleep.deviation.threshold = 300 (default)
2019-09-19 11:32:36,883 [pool-529-thread-1] INFO  server.RaftServerConfigKeys (ConfUtils.java:logGet(43)) - raft.server.log.appender.install.snapshot.enabled = false (custom)
2019-09-19 11:32:36,883 [pool-529-thread-1] INFO  impl.RaftServerImpl (ServerState.java:<init>(103)) - 5bed50f2-212d-4f1b-95cd-0fce23670d52@group-6E50FE78FEBF: ConfigurationManager, init=-1: [5bed50f2-212d-4f1b-95cd-0fce23670d52:192.168.151.78:33227], old=null, confs=<EMPTY_MAP>
2019-09-19 11:32:36,883 [pool-529-thread-1] INFO  server.RaftServerConfigKeys (ConfUtils.java:logGet(43)) - raft.server.storage.dir = [/workdir/hadoop-ozone/integration-test/target/test-dir/MiniOzoneClusterImpl-eb9be736-53bb-493b-b684-0bc14884a5e7/datanode-3/data/ratis] (custom)
2019-09-19 11:32:36,883 [pool-529-thread-1] INFO  storage.RaftStorageDirectory (RaftStorageDirectory.java:analyzeStorage(246)) - The storage directory /workdir/hadoop-ozone/integration-test/target/test-dir/MiniOzoneClusterImpl-eb9be736-53bb-493b-b684-0bc14884a5e7/datanode-3/data/ratis/f3a72fd5-ef39-4fde-99a1-6e50fe78febf does not exist. Creating ...
2019-09-19 11:32:36,887 [pool-529-thread-1] INFO  storage.RaftStorageDirectory (RaftStorageDirectory.java:tryLock(328)) - Lock on /workdir/hadoop-ozone/integration-test/target/test-dir/MiniOzoneClusterImpl-eb9be736-53bb-493b-b684-0bc14884a5e7/datanode-3/data/ratis/f3a72fd5-ef39-4fde-99a1-6e50fe78febf/in_use.lock acquired by nodename 22749@pr-hdds-2154-j8s56-3842691507
2019-09-19 11:32:36,890 [pool-529-thread-1] INFO  storage.RaftStorage (RaftStorage.java:format(72)) - Storage directory /workdir/hadoop-ozone/integration-test/target/test-dir/MiniOzoneClusterImpl-eb9be736-53bb-493b-b684-0bc14884a5e7/datanode-3/data/ratis/f3a72fd5-ef39-4fde-99a1-6e50fe78febf has been successfully formatted.
2019-09-19 11:32:36,890 [pool-529-thread-1] INFO  ratis.ContainerStateMachine (ContainerStateMachine.java:loadSnapshot(230)) - group-6E50FE78FEBF: The snapshot info is null. Setting the last applied indexto:(t:0, i:~)
2019-09-19 11:32:36,890 [pool-529-thread-1] INFO  server.RaftServerConfigKeys (ConfUtils.java:logGet(43)) - raft.server.notification.no-leader.timeout = 120s (custom)
2019-09-19 11:32:36,891 [pool-529-thread-1] INFO  server.RaftServerConfigKeys (ConfUtils.java:logGet(43)) - raft.server.log.use.memory = false (default)
2019-09-19 11:32:36,891 [pool-529-thread-1] INFO  server.RaftServerConfigKeys (ConfUtils.java:logGet(43)) - raft.server.log.purge.gap = 1000000 (custom)
2019-09-19 11:32:36,891 [pool-529-thread-1] INFO  server.RaftServerConfigKeys (ConfUtils.java:logGet(43)) - raft.server.log.appender.buffer.byte-limit = 33554432 (custom)
2019-09-19 11:32:36,891 [pool-529-thread-1] INFO  server.RaftServerConfigKeys (ConfUtils.java:logGet(43)) - raft.server.log.segment.size.max = 1048576 (custom)
2019-09-19 11:32:36,891 [pool-529-thread-1] INFO  server.RaftServerConfigKeys (ConfUtils.java:logGet(43)) - raft.server.log.segment.cache.num.max = 2 (custom)
2019-09-19 11:32:36,891 [pool-529-thread-1] INFO  segmented.SegmentedRaftLogWorker (SegmentedRaftLogWorker.java:<init>(172)) - new 5bed50f2-212d-4f1b-95cd-0fce23670d52@group-6E50FE78FEBF-SegmentedRaftLogWorker for RaftStorage:Storage Directory /workdir/hadoop-ozone/integration-test/target/test-dir/MiniOzoneClusterImpl-eb9be736-53bb-493b-b684-0bc14884a5e7/datanode-3/data/ratis/f3a72fd5-ef39-4fde-99a1-6e50fe78febf
2019-09-19 11:32:36,892 [pool-529-thread-1] INFO  server.RaftServerConfigKeys (ConfUtils.java:logGet(43)) - raft.server.log.queue.byte-limit = 2147483647 (custom)
2019-09-19 11:32:36,892 [pool-529-thread-1] INFO  server.RaftServerConfigKeys (ConfUtils.java:logGet(43)) - raft.server.log.queue.element-limit = 1024 (custom)
2019-09-19 11:32:36,893 [pool-529-thread-1] INFO  server.RaftServerConfigKeys (ConfUtils.java:logGet(43)) - raft.server.log.segment.size.max = 1048576 (custom)
2019-09-19 11:32:36,893 [pool-529-thread-1] INFO  server.RaftServerConfigKeys (ConfUtils.java:logGet(43)) - raft.server.log.preallocated.size = 16384 (custom)
2019-09-19 11:32:36,893 [pool-529-thread-1] INFO  server.RaftServerConfigKeys (ConfUtils.java:logGet(43)) - raft.server.log.write.buffer.size = 33554432 (custom)
2019-09-19 11:32:36,893 [pool-529-thread-1] INFO  server.RaftServerConfigKeys (ConfUtils.java:logGet(43)) - raft.server.log.force.sync.num = 128 (default)
2019-09-19 11:32:36,893 [pool-529-thread-1] INFO  server.RaftServerConfigKeys (ConfUtils.java:logGet(43)) - raft.server.log.statemachine.data.sync = true (default)
2019-09-19 11:32:36,893 [pool-529-thread-1] INFO  server.RaftServerConfigKeys (ConfUtils.java:logGet(43)) - raft.server.log.statemachine.data.sync.timeout = 10s (default)
2019-09-19 11:32:36,893 [pool-529-thread-1] INFO  server.RaftServerConfigKeys (ConfUtils.java:logGet(43)) - raft.server.log.statemachine.data.sync.timeout.retry = -1 (default)
2019-09-19 11:32:36,893 [pool-529-thread-1] INFO  server.RaftServerConfigKeys (ConfUtils.java:logGet(43)) - raft.server.log.statemachine.data.caching.enabled = true (custom)
2019-09-19 11:32:36,894 [pool-529-thread-1] INFO  segmented.SegmentedRaftLogWorker (SegmentedRaftLogWorker.java:lambda$new$0(132)) - 5bed50f2-212d-4f1b-95cd-0fce23670d52@group-6E50FE78FEBF-SegmentedRaftLogWorker: flushIndex: setUnconditionally 0 -> -1
2019-09-19 11:32:36,894 [pool-529-thread-1] INFO  server.RaftServerConfigKeys (ConfUtils.java:logGet(43)) - raft.server.snapshot.auto.trigger.enabled = true (custom)
2019-09-19 11:32:36,894 [pool-529-thread-1] INFO  server.RaftServerConfigKeys (ConfUtils.java:logGet(43)) - raft.server.snapshot.auto.trigger.threshold = 10000 (custom)
2019-09-19 11:32:36,894 [pool-529-thread-1] INFO  server.RaftServerConfigKeys (ConfUtils.java:logGet(43)) - raft.server.snapshot.retention.num.files = 5 (custom)
2019-09-19 11:32:36,894 [pool-529-thread-1] INFO  server.RaftServerConfigKeys (ConfUtils.java:logGet(43)) - raft.server.retrycache.expirytime = 600000ms (custom)
2019-09-19 11:32:36,895 [pool-529-thread-1] INFO  impl.RaftServerImpl (RaftServerImpl.java:start(185)) - 5bed50f2-212d-4f1b-95cd-0fce23670d52@group-6E50FE78FEBF: start as a follower, conf=-1: [5bed50f2-212d-4f1b-95cd-0fce23670d52:192.168.151.78:33227], old=null
2019-09-19 11:32:36,895 [pool-529-thread-1] INFO  impl.RaftServerImpl (RaftServerImpl.java:setRole(174)) - 5bed50f2-212d-4f1b-95cd-0fce23670d52@group-6E50FE78FEBF: changes role from      null to FOLLOWER at term 0 for startAsFollower
2019-09-19 11:32:36,895 [pool-529-thread-1] INFO  impl.RoleInfo (RoleInfo.java:updateAndGet(143)) - 5bed50f2-212d-4f1b-95cd-0fce23670d52: start FollowerState
2019-09-19 11:32:36,896 [pool-529-thread-1] INFO  util.JmxRegister (JmxRegister.java:tryRegister(44)) - Successfully registered JMX Bean with object name Ratis:service=RaftServer,group=group-6E50FE78FEBF,id=5bed50f2-212d-4f1b-95cd-0fce23670d52
2019-09-19 11:32:36,900 [RatisPipelineUtilsThread] INFO  pipeline.PipelineStateManager (PipelineStateManager.java:addPipeline(56)) - Created pipeline Pipeline[ Id: f3a72fd5-ef39-4fde-99a1-6e50fe78febf, Nodes: 5bed50f2-212d-4f1b-95cd-0fce23670d52{ip: 192.168.151.78, host: pr-hdds-2154-j8s56-3842691507, networkLocation: /default-rack, certSerialId: null}, Type:RATIS, Factor:ONE, State:OPEN]
2019-09-19 11:32:36,910 [grpc-default-executor-0] INFO  impl.RaftServerProxy (RaftServerProxy.java:addNew(89)) - 2e00c254-a960-46cf-8104-71cb4143f99c: addNew group-3A65E022AE84:[63e05236-8305-47a5-b02f-2c763e5fdb03:192.168.151.78:45511, 342e2bcd-9bfb-464c-b5cb-8416a3830fb7:192.168.151.78:45072, 2e00c254-a960-46cf-8104-71cb4143f99c:192.168.151.78:40285] returns group-3A65E022AE84:java.util.concurrent.CompletableFuture@49fa81d0[Not completed]
2019-09-19 11:32:36,911 [pool-519-thread-1] INFO  impl.RaftServerImpl (RaftServerImpl.java:<init>(95)) - 2e00c254-a960-46cf-8104-71cb4143f99c: new RaftServerImpl for group-3A65E022AE84:[63e05236-8305-47a5-b02f-2c763e5fdb03:192.168.151.78:45511, 342e2bcd-9bfb-464c-b5cb-8416a3830fb7:192.168.151.78:45072, 2e00c254-a960-46cf-8104-71cb4143f99c:192.168.151.78:40285] with ContainerStateMachine:uninitialized
2019-09-19 11:32:36,913 [grpc-default-executor-0] INFO  impl.RaftServerProxy (RaftServerProxy.java:addNew(89)) - 63e05236-8305-47a5-b02f-2c763e5fdb03: addNew group-3A65E022AE84:[63e05236-8305-47a5-b02f-2c763e5fdb03:192.168.151.78:45511, 342e2bcd-9bfb-464c-b5cb-8416a3830fb7:192.168.151.78:45072, 2e00c254-a960-46cf-8104-71cb4143f99c:192.168.151.78:40285] returns group-3A65E022AE84:java.util.concurrent.CompletableFuture@3d88152b[Not completed]
2019-09-19 11:32:36,913 [pool-519-thread-1] INFO  server.RaftServerConfigKeys (ConfUtils.java:logGet(43)) - raft.server.rpc.timeout.min = 5s (custom)
2019-09-19 11:32:36,913 [pool-519-thread-1] INFO  server.RaftServerConfigKeys (ConfUtils.java:logGet(43)) - raft.server.rpc.timeout.max = 5200ms (custom)
2019-09-19 11:32:36,913 [pool-519-thread-1] INFO  server.RaftServerConfigKeys (ConfUtils.java:logGet(43)) - raft.server.rpcslowness.timeout = 120s (custom)
2019-09-19 11:32:36,913 [grpc-default-executor-1] INFO  impl.RaftServerProxy (RaftServerProxy.java:addNew(89)) - 342e2bcd-9bfb-464c-b5cb-8416a3830fb7: addNew group-3A65E022AE84:[63e05236-8305-47a5-b02f-2c763e5fdb03:192.168.151.78:45511, 342e2bcd-9bfb-464c-b5cb-8416a3830fb7:192.168.151.78:45072, 2e00c254-a960-46cf-8104-71cb4143f99c:192.168.151.78:40285] returns group-3A65E022AE84:java.util.concurrent.CompletableFuture@5b7444ae[Not completed]
2019-09-19 11:32:36,913 [pool-519-thread-1] INFO  server.RaftServerConfigKeys (ConfUtils.java:logGet(43)) - raft.server.sleep.deviation.threshold = 300 (default)
2019-09-19 11:32:36,913 [pool-519-thread-1] INFO  server.RaftServerConfigKeys (ConfUtils.java:logGet(43)) - raft.server.log.appender.install.snapshot.enabled = false (custom)
2019-09-19 11:32:36,914 [pool-519-thread-1] INFO  impl.RaftServerImpl (ServerState.java:<init>(103)) - 2e00c254-a960-46cf-8104-71cb4143f99c@group-3A65E022AE84: ConfigurationManager, init=-1: [63e05236-8305-47a5-b02f-2c763e5fdb03:192.168.151.78:45511, 342e2bcd-9bfb-464c-b5cb-8416a3830fb7:192.168.151.78:45072, 2e00c254-a960-46cf-8104-71cb4143f99c:192.168.151.78:40285], old=null, confs=<EMPTY_MAP>
2019-09-19 11:32:36,914 [pool-519-thread-1] INFO  server.RaftServerConfigKeys (ConfUtils.java:logGet(43)) - raft.server.storage.dir = [/workdir/hadoop-ozone/integration-test/target/test-dir/MiniOzoneClusterImpl-eb9be736-53bb-493b-b684-0bc14884a5e7/datanode-2/data/ratis] (custom)
2019-09-19 11:32:36,914 [pool-519-thread-1] INFO  storage.RaftStorageDirectory (RaftStorageDirectory.java:analyzeStorage(246)) - The storage directory /workdir/hadoop-ozone/integration-test/target/test-dir/MiniOzoneClusterImpl-eb9be736-53bb-493b-b684-0bc14884a5e7/datanode-2/data/ratis/8a7dd03c-5320-4de8-991e-3a65e022ae84 does not exist. Creating ...
2019-09-19 11:32:36,914 [pool-509-thread-1] INFO  impl.RaftServerImpl (RaftServerImpl.java:<init>(95)) - 63e05236-8305-47a5-b02f-2c763e5fdb03: new RaftServerImpl for group-3A65E022AE84:[63e05236-8305-47a5-b02f-2c763e5fdb03:192.168.151.78:45511, 342e2bcd-9bfb-464c-b5cb-8416a3830fb7:192.168.151.78:45072, 2e00c254-a960-46cf-8104-71cb4143f99c:192.168.151.78:40285] with ContainerStateMachine:uninitialized
2019-09-19 11:32:36,914 [pool-509-thread-1] INFO  server.RaftServerConfigKeys (ConfUtils.java:logGet(43)) - raft.server.rpc.timeout.min = 5s (custom)
2019-09-19 11:32:36,914 [pool-509-thread-1] INFO  server.RaftServerConfigKeys (ConfUtils.java:logGet(43)) - raft.server.rpc.timeout.max = 5200ms (custom)
2019-09-19 11:32:36,914 [pool-509-thread-1] INFO  server.RaftServerConfigKeys (ConfUtils.java:logGet(43)) - raft.server.rpcslowness.timeout = 120s (custom)
2019-09-19 11:32:36,914 [pool-509-thread-1] INFO  server.RaftServerConfigKeys (ConfUtils.java:logGet(43)) - raft.server.sleep.deviation.threshold = 300 (default)
2019-09-19 11:32:36,914 [pool-499-thread-1] INFO  impl.RaftServerImpl (RaftServerImpl.java:<init>(95)) - 342e2bcd-9bfb-464c-b5cb-8416a3830fb7: new RaftServerImpl for group-3A65E022AE84:[63e05236-8305-47a5-b02f-2c763e5fdb03:192.168.151.78:45511, 342e2bcd-9bfb-464c-b5cb-8416a3830fb7:192.168.151.78:45072, 2e00c254-a960-46cf-8104-71cb4143f99c:192.168.151.78:40285] with ContainerStateMachine:uninitialized
2019-09-19 11:32:36,914 [pool-509-thread-1] INFO  server.RaftServerConfigKeys (ConfUtils.java:logGet(43)) - raft.server.log.appender.install.snapshot.enabled = false (custom)
2019-09-19 11:32:36,915 [pool-499-thread-1] INFO  server.RaftServerConfigKeys (ConfUtils.java:logGet(43)) - raft.server.rpc.timeout.min = 5s (custom)
2019-09-19 11:32:36,915 [pool-509-thread-1] INFO  impl.RaftServerImpl (ServerState.java:<init>(103)) - 63e05236-8305-47a5-b02f-2c763e5fdb03@group-3A65E022AE84: ConfigurationManager, init=-1: [63e05236-8305-47a5-b02f-2c763e5fdb03:192.168.151.78:45511, 342e2bcd-9bfb-464c-b5cb-8416a3830fb7:192.168.151.78:45072, 2e00c254-a960-46cf-8104-71cb4143f99c:192.168.151.78:40285], old=null, confs=<EMPTY_MAP>
2019-09-19 11:32:36,915 [pool-499-thread-1] INFO  server.RaftServerConfigKeys (ConfUtils.java:logGet(43)) - raft.server.rpc.timeout.max = 5200ms (custom)
2019-09-19 11:32:36,915 [pool-509-thread-1] INFO  server.RaftServerConfigKeys (ConfUtils.java:logGet(43)) - raft.server.storage.dir = [/workdir/hadoop-ozone/integration-test/target/test-dir/MiniOzoneClusterImpl-eb9be736-53bb-493b-b684-0bc14884a5e7/datanode-1/data/ratis] (custom)
2019-09-19 11:32:36,915 [pool-499-thread-1] INFO  server.RaftServerConfigKeys (ConfUtils.java:logGet(43)) - raft.server.rpcslowness.timeout = 120s (custom)
2019-09-19 11:32:36,915 [pool-499-thread-1] INFO  server.RaftServerConfigKeys (ConfUtils.java:logGet(43)) - raft.server.sleep.deviation.threshold = 300 (default)
2019-09-19 11:32:36,915 [pool-509-thread-1] INFO  storage.RaftStorageDirectory (RaftStorageDirectory.java:analyzeStorage(246)) - The storage directory /workdir/hadoop-ozone/integration-test/target/test-dir/MiniOzoneClusterImpl-eb9be736-53bb-493b-b684-0bc14884a5e7/datanode-1/data/ratis/8a7dd03c-5320-4de8-991e-3a65e022ae84 does not exist. Creating ...
2019-09-19 11:32:36,916 [pool-499-thread-1] INFO  server.RaftServerConfigKeys (ConfUtils.java:logGet(43)) - raft.server.log.appender.install.snapshot.enabled = false (custom)
2019-09-19 11:32:36,916 [pool-499-thread-1] INFO  impl.RaftServerImpl (ServerState.java:<init>(103)) - 342e2bcd-9bfb-464c-b5cb-8416a3830fb7@group-3A65E022AE84: ConfigurationManager, init=-1: [63e05236-8305-47a5-b02f-2c763e5fdb03:192.168.151.78:45511, 342e2bcd-9bfb-464c-b5cb-8416a3830fb7:192.168.151.78:45072, 2e00c254-a960-46cf-8104-71cb4143f99c:192.168.151.78:40285], old=null, confs=<EMPTY_MAP>
2019-09-19 11:32:36,916 [pool-499-thread-1] INFO  server.RaftServerConfigKeys (ConfUtils.java:logGet(43)) - raft.server.storage.dir = [/workdir/hadoop-ozone/integration-test/target/test-dir/MiniOzoneClusterImpl-eb9be736-53bb-493b-b684-0bc14884a5e7/datanode-0/data/ratis] (custom)
2019-09-19 11:32:36,917 [pool-499-thread-1] INFO  storage.RaftStorageDirectory (RaftStorageDirectory.java:analyzeStorage(246)) - The storage directory /workdir/hadoop-ozone/integration-test/target/test-dir/MiniOzoneClusterImpl-eb9be736-53bb-493b-b684-0bc14884a5e7/datanode-0/data/ratis/8a7dd03c-5320-4de8-991e-3a65e022ae84 does not exist. Creating ...
2019-09-19 11:32:36,917 [pool-519-thread-1] INFO  storage.RaftStorageDirectory (RaftStorageDirectory.java:tryLock(328)) - Lock on /workdir/hadoop-ozone/integration-test/target/test-dir/MiniOzoneClusterImpl-eb9be736-53bb-493b-b684-0bc14884a5e7/datanode-2/data/ratis/8a7dd03c-5320-4de8-991e-3a65e022ae84/in_use.lock acquired by nodename 22749@pr-hdds-2154-j8s56-3842691507
2019-09-19 11:32:36,920 [pool-509-thread-1] INFO  storage.RaftStorageDirectory (RaftStorageDirectory.java:tryLock(328)) - Lock on /workdir/hadoop-ozone/integration-test/target/test-dir/MiniOzoneClusterImpl-eb9be736-53bb-493b-b684-0bc14884a5e7/datanode-1/data/ratis/8a7dd03c-5320-4de8-991e-3a65e022ae84/in_use.lock acquired by nodename 22749@pr-hdds-2154-j8s56-3842691507
2019-09-19 11:32:36,920 [pool-499-thread-1] INFO  storage.RaftStorageDirectory (RaftStorageDirectory.java:tryLock(328)) - Lock on /workdir/hadoop-ozone/integration-test/target/test-dir/MiniOzoneClusterImpl-eb9be736-53bb-493b-b684-0bc14884a5e7/datanode-0/data/ratis/8a7dd03c-5320-4de8-991e-3a65e022ae84/in_use.lock acquired by nodename 22749@pr-hdds-2154-j8s56-3842691507
2019-09-19 11:32:36,926 [pool-519-thread-1] INFO  storage.RaftStorage (RaftStorage.java:format(72)) - Storage directory /workdir/hadoop-ozone/integration-test/target/test-dir/MiniOzoneClusterImpl-eb9be736-53bb-493b-b684-0bc14884a5e7/datanode-2/data/ratis/8a7dd03c-5320-4de8-991e-3a65e022ae84 has been successfully formatted.
2019-09-19 11:32:36,926 [pool-499-thread-1] INFO  storage.RaftStorage (RaftStorage.java:format(72)) - Storage directory /workdir/hadoop-ozone/integration-test/target/test-dir/MiniOzoneClusterImpl-eb9be736-53bb-493b-b684-0bc14884a5e7/datanode-0/data/ratis/8a7dd03c-5320-4de8-991e-3a65e022ae84 has been successfully formatted.
2019-09-19 11:32:36,926 [pool-519-thread-1] INFO  ratis.ContainerStateMachine (ContainerStateMachine.java:loadSnapshot(230)) - group-3A65E022AE84: The snapshot info is null. Setting the last applied indexto:(t:0, i:~)
2019-09-19 11:32:36,926 [pool-499-thread-1] INFO  ratis.ContainerStateMachine (ContainerStateMachine.java:loadSnapshot(230)) - group-3A65E022AE84: The snapshot info is null. Setting the last applied indexto:(t:0, i:~)
2019-09-19 11:32:36,926 [pool-509-thread-1] INFO  storage.RaftStorage (RaftStorage.java:format(72)) - Storage directory /workdir/hadoop-ozone/integration-test/target/test-dir/MiniOzoneClusterImpl-eb9be736-53bb-493b-b684-0bc14884a5e7/datanode-1/data/ratis/8a7dd03c-5320-4de8-991e-3a65e022ae84 has been successfully formatted.
2019-09-19 11:32:36,926 [pool-519-thread-1] INFO  server.RaftServerConfigKeys (ConfUtils.java:logGet(43)) - raft.server.notification.no-leader.timeout = 120s (custom)
2019-09-19 11:32:36,927 [pool-509-thread-1] INFO  ratis.ContainerStateMachine (ContainerStateMachine.java:loadSnapshot(230)) - group-3A65E022AE84: The snapshot info is null. Setting the last applied indexto:(t:0, i:~)
2019-09-19 11:32:36,926 [pool-499-thread-1] INFO  server.RaftServerConfigKeys (ConfUtils.java:logGet(43)) - raft.server.notification.no-leader.timeout = 120s (custom)
2019-09-19 11:32:36,927 [pool-509-thread-1] INFO  server.RaftServerConfigKeys (ConfUtils.java:logGet(43)) - raft.server.notification.no-leader.timeout = 120s (custom)
2019-09-19 11:32:36,927 [pool-519-thread-1] INFO  server.RaftServerConfigKeys (ConfUtils.java:logGet(43)) - raft.server.log.use.memory = false (default)
2019-09-19 11:32:36,927 [pool-509-thread-1] INFO  server.RaftServerConfigKeys (ConfUtils.java:logGet(43)) - raft.server.log.use.memory = false (default)
2019-09-19 11:32:36,927 [pool-499-thread-1] INFO  server.RaftServerConfigKeys (ConfUtils.java:logGet(43)) - raft.server.log.use.memory = false (default)
2019-09-19 11:32:36,927 [pool-509-thread-1] INFO  server.RaftServerConfigKeys (ConfUtils.java:logGet(43)) - raft.server.log.purge.gap = 1000000 (custom)
2019-09-19 11:32:36,927 [pool-519-thread-1] INFO  server.RaftServerConfigKeys (ConfUtils.java:logGet(43)) - raft.server.log.purge.gap = 1000000 (custom)
2019-09-19 11:32:36,928 [pool-509-thread-1] INFO  server.RaftServerConfigKeys (ConfUtils.java:logGet(43)) - raft.server.log.appender.buffer.byte-limit = 33554432 (custom)
2019-09-19 11:32:36,928 [pool-499-thread-1] INFO  server.RaftServerConfigKeys (ConfUtils.java:logGet(43)) - raft.server.log.purge.gap = 1000000 (custom)
2019-09-19 11:32:36,928 [pool-509-thread-1] INFO  server.RaftServerConfigKeys (ConfUtils.java:logGet(43)) - raft.server.log.segment.size.max = 1048576 (custom)
2019-09-19 11:32:36,928 [pool-519-thread-1] INFO  server.RaftServerConfigKeys (ConfUtils.java:logGet(43)) - raft.server.log.appender.buffer.byte-limit = 33554432 (custom)
2019-09-19 11:32:36,928 [pool-509-thread-1] INFO  server.RaftServerConfigKeys (ConfUtils.java:logGet(43)) - raft.server.log.segment.cache.num.max = 2 (custom)
2019-09-19 11:32:36,928 [pool-499-thread-1] INFO  server.RaftServerConfigKeys (ConfUtils.java:logGet(43)) - raft.server.log.appender.buffer.byte-limit = 33554432 (custom)
2019-09-19 11:32:36,929 [pool-509-thread-1] INFO  segmented.SegmentedRaftLogWorker (SegmentedRaftLogWorker.java:<init>(172)) - new 63e05236-8305-47a5-b02f-2c763e5fdb03@group-3A65E022AE84-SegmentedRaftLogWorker for RaftStorage:Storage Directory /workdir/hadoop-ozone/integration-test/target/test-dir/MiniOzoneClusterImpl-eb9be736-53bb-493b-b684-0bc14884a5e7/datanode-1/data/ratis/8a7dd03c-5320-4de8-991e-3a65e022ae84
2019-09-19 11:32:36,929 [pool-519-thread-1] INFO  server.RaftServerConfigKeys (ConfUtils.java:logGet(43)) - raft.server.log.segment.size.max = 1048576 (custom)
2019-09-19 11:32:36,929 [pool-509-thread-1] INFO  server.RaftServerConfigKeys (ConfUtils.java:logGet(43)) - raft.server.log.queue.byte-limit = 2147483647 (custom)
2019-09-19 11:32:36,929 [pool-499-thread-1] INFO  server.RaftServerConfigKeys (ConfUtils.java:logGet(43)) - raft.server.log.segment.size.max = 1048576 (custom)
2019-09-19 11:32:36,929 [pool-509-thread-1] INFO  server.RaftServerConfigKeys (ConfUtils.java:logGet(43)) - raft.server.log.queue.element-limit = 1024 (custom)
2019-09-19 11:32:36,929 [pool-519-thread-1] INFO  server.RaftServerConfigKeys (ConfUtils.java:logGet(43)) - raft.server.log.segment.cache.num.max = 2 (custom)
2019-09-19 11:32:36,930 [pool-509-thread-1] INFO  server.RaftServerConfigKeys (ConfUtils.java:logGet(43)) - raft.server.log.segment.size.max = 1048576 (custom)
2019-09-19 11:32:36,930 [pool-499-thread-1] INFO  server.RaftServerConfigKeys (ConfUtils.java:logGet(43)) - raft.server.log.segment.cache.num.max = 2 (custom)
2019-09-19 11:32:36,930 [pool-509-thread-1] INFO  server.RaftServerConfigKeys (ConfUtils.java:logGet(43)) - raft.server.log.preallocated.size = 16384 (custom)
2019-09-19 11:32:36,930 [pool-519-thread-1] INFO  segmented.SegmentedRaftLogWorker (SegmentedRaftLogWorker.java:<init>(172)) - new 2e00c254-a960-46cf-8104-71cb4143f99c@group-3A65E022AE84-SegmentedRaftLogWorker for RaftStorage:Storage Directory /workdir/hadoop-ozone/integration-test/target/test-dir/MiniOzoneClusterImpl-eb9be736-53bb-493b-b684-0bc14884a5e7/datanode-2/data/ratis/8a7dd03c-5320-4de8-991e-3a65e022ae84
2019-09-19 11:32:36,930 [pool-509-thread-1] INFO  server.RaftServerConfigKeys (ConfUtils.java:logGet(43)) - raft.server.log.write.buffer.size = 33554432 (custom)
2019-09-19 11:32:36,931 [pool-509-thread-1] INFO  server.RaftServerConfigKeys (ConfUtils.java:logGet(43)) - raft.server.log.force.sync.num = 128 (default)
2019-09-19 11:32:36,930 [pool-499-thread-1] INFO  segmented.SegmentedRaftLogWorker (SegmentedRaftLogWorker.java:<init>(172)) - new 342e2bcd-9bfb-464c-b5cb-8416a3830fb7@group-3A65E022AE84-SegmentedRaftLogWorker for RaftStorage:Storage Directory /workdir/hadoop-ozone/integration-test/target/test-dir/MiniOzoneClusterImpl-eb9be736-53bb-493b-b684-0bc14884a5e7/datanode-0/data/ratis/8a7dd03c-5320-4de8-991e-3a65e022ae84
2019-09-19 11:32:36,931 [pool-509-thread-1] INFO  server.RaftServerConfigKeys (ConfUtils.java:logGet(43)) - raft.server.log.statemachine.data.sync = true (default)
2019-09-19 11:32:36,930 [pool-519-thread-1] INFO  server.RaftServerConfigKeys (ConfUtils.java:logGet(43)) - raft.server.log.queue.byte-limit = 2147483647 (custom)
2019-09-19 11:32:36,931 [pool-509-thread-1] INFO  server.RaftServerConfigKeys (ConfUtils.java:logGet(43)) - raft.server.log.statemachine.data.sync.timeout = 10s (default)
2019-09-19 11:32:36,931 [IPC Server handler 6 on 46077] INFO  net.NetworkTopology (NetworkTopologyImpl.java:add(111)) - Added a new node: /default-rack/889235f3-a76e-47d5-a143-813f13157864
2019-09-19 11:32:36,931 [IPC Server handler 6 on 46077] INFO  node.SCMNodeManager (SCMNodeManager.java:register(266)) - Registered Data node : 889235f3-a76e-47d5-a143-813f13157864{ip: 192.168.151.78, host: pr-hdds-2154-j8s56-3842691507, networkLocation: /default-rack, certSerialId: null}
2019-09-19 11:32:36,931 [pool-499-thread-1] INFO  server.RaftServerConfigKeys (ConfUtils.java:logGet(43)) - raft.server.log.queue.byte-limit = 2147483647 (custom)
2019-09-19 11:32:36,931 [pool-509-thread-1] INFO  server.RaftServerConfigKeys (ConfUtils.java:logGet(43)) - raft.server.log.statemachine.data.sync.timeout.retry = -1 (default)
2019-09-19 11:32:36,931 [pool-519-thread-1] INFO  server.RaftServerConfigKeys (ConfUtils.java:logGet(43)) - raft.server.log.queue.element-limit = 1024 (custom)
2019-09-19 11:32:36,932 [pool-509-thread-1] INFO  server.RaftServerConfigKeys (ConfUtils.java:logGet(43)) - raft.server.log.statemachine.data.caching.enabled = true (custom)
2019-09-19 11:32:36,932 [pool-499-thread-1] INFO  server.RaftServerConfigKeys (ConfUtils.java:logGet(43)) - raft.server.log.queue.element-limit = 1024 (custom)
2019-09-19 11:32:36,932 [pool-509-thread-1] INFO  segmented.SegmentedRaftLogWorker (SegmentedRaftLogWorker.java:lambda$new$0(132)) - 63e05236-8305-47a5-b02f-2c763e5fdb03@group-3A65E022AE84-SegmentedRaftLogWorker: flushIndex: setUnconditionally 0 -> -1
2019-09-19 11:32:36,932 [pool-519-thread-1] INFO  server.RaftServerConfigKeys (ConfUtils.java:logGet(43)) - raft.server.log.segment.size.max = 1048576 (custom)
2019-09-19 11:32:36,932 [pool-499-thread-1] INFO  server.RaftServerConfigKeys (ConfUtils.java:logGet(43)) - raft.server.log.segment.size.max = 1048576 (custom)
2019-09-19 11:32:36,933 [pool-519-thread-1] INFO  server.RaftServerConfigKeys (ConfUtils.java:logGet(43)) - raft.server.log.preallocated.size = 16384 (custom)
2019-09-19 11:32:36,933 [pool-509-thread-1] INFO  server.RaftServerConfigKeys (ConfUtils.java:logGet(43)) - raft.server.snapshot.auto.trigger.enabled = true (custom)
2019-09-19 11:32:36,933 [pool-519-thread-1] INFO  server.RaftServerConfigKeys (ConfUtils.java:logGet(43)) - raft.server.log.write.buffer.size = 33554432 (custom)
2019-09-19 11:32:36,933 [pool-519-thread-1] INFO  server.RaftServerConfigKeys (ConfUtils.java:logGet(43)) - raft.server.log.force.sync.num = 128 (default)
2019-09-19 11:32:36,933 [pool-499-thread-1] INFO  server.RaftServerConfigKeys (ConfUtils.java:logGet(43)) - raft.server.log.preallocated.size = 16384 (custom)
2019-09-19 11:32:36,933 [pool-519-thread-1] INFO  server.RaftServerConfigKeys (ConfUtils.java:logGet(43)) - raft.server.log.statemachine.data.sync = true (default)
2019-09-19 11:32:36,933 [pool-509-thread-1] INFO  server.RaftServerConfigKeys (ConfUtils.java:logGet(43)) - raft.server.snapshot.auto.trigger.threshold = 10000 (custom)
2019-09-19 11:32:36,933 [pool-519-thread-1] INFO  server.RaftServerConfigKeys (ConfUtils.java:logGet(43)) - raft.server.log.statemachine.data.sync.timeout = 10s (default)
2019-09-19 11:32:36,934 [pool-519-thread-1] INFO  server.RaftServerConfigKeys (ConfUtils.java:logGet(43)) - raft.server.log.statemachine.data.sync.timeout.retry = -1 (default)
2019-09-19 11:32:36,933 [pool-499-thread-1] INFO  server.RaftServerConfigKeys (ConfUtils.java:logGet(43)) - raft.server.log.write.buffer.size = 33554432 (custom)
2019-09-19 11:32:36,934 [pool-519-thread-1] INFO  server.RaftServerConfigKeys (ConfUtils.java:logGet(43)) - raft.server.log.statemachine.data.caching.enabled = true (custom)
2019-09-19 11:32:36,934 [pool-509-thread-1] INFO  server.RaftServerConfigKeys (ConfUtils.java:logGet(43)) - raft.server.snapshot.retention.num.files = 5 (custom)
2019-09-19 11:32:36,934 [pool-499-thread-1] INFO  server.RaftServerConfigKeys (ConfUtils.java:logGet(43)) - raft.server.log.force.sync.num = 128 (default)
2019-09-19 11:32:36,934 [pool-509-thread-1] INFO  server.RaftServerConfigKeys (ConfUtils.java:logGet(43)) - raft.server.retrycache.expirytime = 600000ms (custom)
2019-09-19 11:32:36,934 [pool-519-thread-1] INFO  segmented.SegmentedRaftLogWorker (SegmentedRaftLogWorker.java:lambda$new$0(132)) - 2e00c254-a960-46cf-8104-71cb4143f99c@group-3A65E022AE84-SegmentedRaftLogWorker: flushIndex: setUnconditionally 0 -> -1
2019-09-19 11:32:36,934 [pool-499-thread-1] INFO  server.RaftServerConfigKeys (ConfUtils.java:logGet(43)) - raft.server.log.statemachine.data.sync = true (default)
2019-09-19 11:32:36,935 [pool-499-thread-1] INFO  server.RaftServerConfigKeys (ConfUtils.java:logGet(43)) - raft.server.log.statemachine.data.sync.timeout = 10s (default)
2019-09-19 11:32:36,935 [pool-519-thread-1] INFO  server.RaftServerConfigKeys (ConfUtils.java:logGet(43)) - raft.server.snapshot.auto.trigger.enabled = true (custom)
2019-09-19 11:32:36,935 [pool-499-thread-1] INFO  server.RaftServerConfigKeys (ConfUtils.java:logGet(43)) - raft.server.log.statemachine.data.sync.timeout.retry = -1 (default)
2019-09-19 11:32:36,935 [pool-519-thread-1] INFO  server.RaftServerConfigKeys (ConfUtils.java:logGet(43)) - raft.server.snapshot.auto.trigger.threshold = 10000 (custom)
2019-09-19 11:32:36,935 [pool-499-thread-1] INFO  server.RaftServerConfigKeys (ConfUtils.java:logGet(43)) - raft.server.log.statemachine.data.caching.enabled = true (custom)
2019-09-19 11:32:36,935 [pool-519-thread-1] INFO  server.RaftServerConfigKeys (ConfUtils.java:logGet(43)) - raft.server.snapshot.retention.num.files = 5 (custom)
2019-09-19 11:32:36,936 [pool-519-thread-1] INFO  server.RaftServerConfigKeys (ConfUtils.java:logGet(43)) - raft.server.retrycache.expirytime = 600000ms (custom)
2019-09-19 11:32:36,936 [pool-499-thread-1] INFO  segmented.SegmentedRaftLogWorker (SegmentedRaftLogWorker.java:lambda$new$0(132)) - 342e2bcd-9bfb-464c-b5cb-8416a3830fb7@group-3A65E022AE84-SegmentedRaftLogWorker: flushIndex: setUnconditionally 0 -> -1
2019-09-19 11:32:36,936 [pool-499-thread-1] INFO  server.RaftServerConfigKeys (ConfUtils.java:logGet(43)) - raft.server.snapshot.auto.trigger.enabled = true (custom)
2019-09-19 11:32:36,936 [pool-499-thread-1] INFO  server.RaftServerConfigKeys (ConfUtils.java:logGet(43)) - raft.server.snapshot.auto.trigger.threshold = 10000 (custom)
2019-09-19 11:32:36,936 [pool-499-thread-1] INFO  server.RaftServerConfigKeys (ConfUtils.java:logGet(43)) - raft.server.snapshot.retention.num.files = 5 (custom)
2019-09-19 11:32:36,936 [pool-509-thread-1] INFO  impl.RaftServerImpl (RaftServerImpl.java:start(185)) - 63e05236-8305-47a5-b02f-2c763e5fdb03@group-3A65E022AE84: start as a follower, conf=-1: [63e05236-8305-47a5-b02f-2c763e5fdb03:192.168.151.78:45511, 342e2bcd-9bfb-464c-b5cb-8416a3830fb7:192.168.151.78:45072, 2e00c254-a960-46cf-8104-71cb4143f99c:192.168.151.78:40285], old=null
2019-09-19 11:32:36,936 [pool-499-thread-1] INFO  server.RaftServerConfigKeys (ConfUtils.java:logGet(43)) - raft.server.retrycache.expirytime = 600000ms (custom)
2019-09-19 11:32:36,937 [pool-509-thread-1] INFO  impl.RaftServerImpl (RaftServerImpl.java:setRole(174)) - 63e05236-8305-47a5-b02f-2c763e5fdb03@group-3A65E022AE84: changes role from      null to FOLLOWER at term 0 for startAsFollower
2019-09-19 11:32:36,937 [pool-509-thread-1] INFO  impl.RoleInfo (RoleInfo.java:updateAndGet(143)) - 63e05236-8305-47a5-b02f-2c763e5fdb03: start FollowerState
2019-09-19 11:32:36,937 [pool-509-thread-1] INFO  util.JmxRegister (JmxRegister.java:tryRegister(44)) - Successfully registered JMX Bean with object name Ratis:service=RaftServer,group=group-3A65E022AE84,id=63e05236-8305-47a5-b02f-2c763e5fdb03
2019-09-19 11:32:36,937 [pool-519-thread-1] INFO  impl.RaftServerImpl (RaftServerImpl.java:start(185)) - 2e00c254-a960-46cf-8104-71cb4143f99c@group-3A65E022AE84: start as a follower, conf=-1: [63e05236-8305-47a5-b02f-2c763e5fdb03:192.168.151.78:45511, 342e2bcd-9bfb-464c-b5cb-8416a3830fb7:192.168.151.78:45072, 2e00c254-a960-46cf-8104-71cb4143f99c:192.168.151.78:40285], old=null
2019-09-19 11:32:36,937 [pool-519-thread-1] INFO  impl.RaftServerImpl (RaftServerImpl.java:setRole(174)) - 2e00c254-a960-46cf-8104-71cb4143f99c@group-3A65E022AE84: changes role from      null to FOLLOWER at term 0 for startAsFollower
2019-09-19 11:32:36,938 [pool-519-thread-1] INFO  impl.RoleInfo (RoleInfo.java:updateAndGet(143)) - 2e00c254-a960-46cf-8104-71cb4143f99c: start FollowerState
2019-09-19 11:32:36,938 [pool-519-thread-1] INFO  util.JmxRegister (JmxRegister.java:tryRegister(44)) - Successfully registered JMX Bean with object name Ratis:service=RaftServer,group=group-3A65E022AE84,id=2e00c254-a960-46cf-8104-71cb4143f99c
2019-09-19 11:32:36,941 [pool-499-thread-1] INFO  impl.RaftServerImpl (RaftServerImpl.java:start(185)) - 342e2bcd-9bfb-464c-b5cb-8416a3830fb7@group-3A65E022AE84: start as a follower, conf=-1: [63e05236-8305-47a5-b02f-2c763e5fdb03:192.168.151.78:45511, 342e2bcd-9bfb-464c-b5cb-8416a3830fb7:192.168.151.78:45072, 2e00c254-a960-46cf-8104-71cb4143f99c:192.168.151.78:40285], old=null
2019-09-19 11:32:36,941 [pool-499-thread-1] INFO  impl.RaftServerImpl (RaftServerImpl.java:setRole(174)) - 342e2bcd-9bfb-464c-b5cb-8416a3830fb7@group-3A65E022AE84: changes role from      null to FOLLOWER at term 0 for startAsFollower
2019-09-19 11:32:36,943 [pool-499-thread-1] INFO  impl.RoleInfo (RoleInfo.java:updateAndGet(143)) - 342e2bcd-9bfb-464c-b5cb-8416a3830fb7: start FollowerState
2019-09-19 11:32:36,944 [pool-499-thread-1] INFO  util.JmxRegister (JmxRegister.java:tryRegister(44)) - Successfully registered JMX Bean with object name Ratis:service=RaftServer,group=group-3A65E022AE84,id=342e2bcd-9bfb-464c-b5cb-8416a3830fb7
2019-09-19 11:32:36,947 [RatisPipelineUtilsThread] INFO  pipeline.PipelineStateManager (PipelineStateManager.java:addPipeline(56)) - Created pipeline Pipeline[ Id: 8a7dd03c-5320-4de8-991e-3a65e022ae84, Nodes: 63e05236-8305-47a5-b02f-2c763e5fdb03{ip: 192.168.151.78, host: pr-hdds-2154-j8s56-3842691507, networkLocation: /default-rack, certSerialId: null}2e00c254-a960-46cf-8104-71cb4143f99c{ip: 192.168.151.78, host: pr-hdds-2154-j8s56-3842691507, networkLocation: /default-rack, certSerialId: null}342e2bcd-9bfb-464c-b5cb-8416a3830fb7{ip: 192.168.151.78, host: pr-hdds-2154-j8s56-3842691507, networkLocation: /default-rack, certSerialId: null}, Type:RATIS, Factor:THREE, State:OPEN]
2019-09-19 11:32:36,953 [grpc-default-executor-1] INFO  impl.RaftServerProxy (RaftServerProxy.java:addNew(89)) - 889235f3-a76e-47d5-a143-813f13157864: addNew group-5788FEF66F6B:[889235f3-a76e-47d5-a143-813f13157864:192.168.151.78:42282] returns group-5788FEF66F6B:java.util.concurrent.CompletableFuture@299b96ce[Not completed]
2019-09-19 11:32:36,954 [pool-539-thread-1] INFO  impl.RaftServerImpl (RaftServerImpl.java:<init>(95)) - 889235f3-a76e-47d5-a143-813f13157864: new RaftServerImpl for group-5788FEF66F6B:[889235f3-a76e-47d5-a143-813f13157864:192.168.151.78:42282] with ContainerStateMachine:uninitialized
2019-09-19 11:32:36,956 [pool-539-thread-1] INFO  server.RaftServerConfigKeys (ConfUtils.java:logGet(43)) - raft.server.rpc.timeout.min = 5s (custom)
2019-09-19 11:32:36,956 [pool-539-thread-1] INFO  server.RaftServerConfigKeys (ConfUtils.java:logGet(43)) - raft.server.rpc.timeout.max = 5200ms (custom)
2019-09-19 11:32:36,956 [pool-539-thread-1] INFO  server.RaftServerConfigKeys (ConfUtils.java:logGet(43)) - raft.server.rpcslowness.timeout = 120s (custom)
2019-09-19 11:32:36,956 [pool-539-thread-1] INFO  server.RaftServerConfigKeys (ConfUtils.java:logGet(43)) - raft.server.sleep.deviation.threshold = 300 (default)
2019-09-19 11:32:36,956 [pool-539-thread-1] INFO  server.RaftServerConfigKeys (ConfUtils.java:logGet(43)) - raft.server.log.appender.install.snapshot.enabled = false (custom)
2019-09-19 11:32:36,956 [pool-539-thread-1] INFO  impl.RaftServerImpl (ServerState.java:<init>(103)) - 889235f3-a76e-47d5-a143-813f13157864@group-5788FEF66F6B: ConfigurationManager, init=-1: [889235f3-a76e-47d5-a143-813f13157864:192.168.151.78:42282], old=null, confs=<EMPTY_MAP>
2019-09-19 11:32:36,956 [pool-539-thread-1] INFO  server.RaftServerConfigKeys (ConfUtils.java:logGet(43)) - raft.server.storage.dir = [/workdir/hadoop-ozone/integration-test/target/test-dir/MiniOzoneClusterImpl-eb9be736-53bb-493b-b684-0bc14884a5e7/datanode-4/data/ratis] (custom)
2019-09-19 11:32:36,956 [pool-539-thread-1] INFO  storage.RaftStorageDirectory (RaftStorageDirectory.java:analyzeStorage(246)) - The storage directory /workdir/hadoop-ozone/integration-test/target/test-dir/MiniOzoneClusterImpl-eb9be736-53bb-493b-b684-0bc14884a5e7/datanode-4/data/ratis/c6e10bf8-845c-4981-808b-5788fef66f6b does not exist. Creating ...
2019-09-19 11:32:36,968 [pool-539-thread-1] INFO  storage.RaftStorageDirectory (RaftStorageDirectory.java:tryLock(328)) - Lock on /workdir/hadoop-ozone/integration-test/target/test-dir/MiniOzoneClusterImpl-eb9be736-53bb-493b-b684-0bc14884a5e7/datanode-4/data/ratis/c6e10bf8-845c-4981-808b-5788fef66f6b/in_use.lock acquired by nodename 22749@pr-hdds-2154-j8s56-3842691507
2019-09-19 11:32:36,971 [pool-539-thread-1] INFO  storage.RaftStorage (RaftStorage.java:format(72)) - Storage directory /workdir/hadoop-ozone/integration-test/target/test-dir/MiniOzoneClusterImpl-eb9be736-53bb-493b-b684-0bc14884a5e7/datanode-4/data/ratis/c6e10bf8-845c-4981-808b-5788fef66f6b has been successfully formatted.
2019-09-19 11:32:36,971 [pool-539-thread-1] INFO  ratis.ContainerStateMachine (ContainerStateMachine.java:loadSnapshot(230)) - group-5788FEF66F6B: The snapshot info is null. Setting the last applied indexto:(t:0, i:~)
2019-09-19 11:32:36,971 [pool-539-thread-1] INFO  server.RaftServerConfigKeys (ConfUtils.java:logGet(43)) - raft.server.notification.no-leader.timeout = 120s (custom)
2019-09-19 11:32:36,972 [pool-539-thread-1] INFO  server.RaftServerConfigKeys (ConfUtils.java:logGet(43)) - raft.server.log.use.memory = false (default)
2019-09-19 11:32:36,972 [pool-539-thread-1] INFO  server.RaftServerConfigKeys (ConfUtils.java:logGet(43)) - raft.server.log.purge.gap = 1000000 (custom)
2019-09-19 11:32:36,972 [pool-539-thread-1] INFO  server.RaftServerConfigKeys (ConfUtils.java:logGet(43)) - raft.server.log.appender.buffer.byte-limit = 33554432 (custom)
2019-09-19 11:32:36,972 [pool-539-thread-1] INFO  server.RaftServerConfigKeys (ConfUtils.java:logGet(43)) - raft.server.log.segment.size.max = 1048576 (custom)
2019-09-19 11:32:36,972 [pool-539-thread-1] INFO  server.RaftServerConfigKeys (ConfUtils.java:logGet(43)) - raft.server.log.segment.cache.num.max = 2 (custom)
2019-09-19 11:32:36,972 [pool-539-thread-1] INFO  segmented.SegmentedRaftLogWorker (SegmentedRaftLogWorker.java:<init>(172)) - new 889235f3-a76e-47d5-a143-813f13157864@group-5788FEF66F6B-SegmentedRaftLogWorker for RaftStorage:Storage Directory /workdir/hadoop-ozone/integration-test/target/test-dir/MiniOzoneClusterImpl-eb9be736-53bb-493b-b684-0bc14884a5e7/datanode-4/data/ratis/c6e10bf8-845c-4981-808b-5788fef66f6b
2019-09-19 11:32:36,974 [pool-539-thread-1] INFO  server.RaftServerConfigKeys (ConfUtils.java:logGet(43)) - raft.server.log.queue.byte-limit = 2147483647 (custom)
2019-09-19 11:32:36,974 [pool-539-thread-1] INFO  server.RaftServerConfigKeys (ConfUtils.java:logGet(43)) - raft.server.log.queue.element-limit = 1024 (custom)
2019-09-19 11:32:36,974 [pool-539-thread-1] INFO  server.RaftServerConfigKeys (ConfUtils.java:logGet(43)) - raft.server.log.segment.size.max = 1048576 (custom)
2019-09-19 11:32:36,974 [pool-539-thread-1] INFO  server.RaftServerConfigKeys (ConfUtils.java:logGet(43)) - raft.server.log.preallocated.size = 16384 (custom)
2019-09-19 11:32:36,974 [pool-539-thread-1] INFO  server.RaftServerConfigKeys (ConfUtils.java:logGet(43)) - raft.server.log.write.buffer.size = 33554432 (custom)
2019-09-19 11:32:36,974 [pool-539-thread-1] INFO  server.RaftServerConfigKeys (ConfUtils.java:logGet(43)) - raft.server.log.force.sync.num = 128 (default)
2019-09-19 11:32:36,974 [pool-539-thread-1] INFO  server.RaftServerConfigKeys (ConfUtils.java:logGet(43)) - raft.server.log.statemachine.data.sync = true (default)
2019-09-19 11:32:36,974 [pool-539-thread-1] INFO  server.RaftServerConfigKeys (ConfUtils.java:logGet(43)) - raft.server.log.statemachine.data.sync.timeout = 10s (default)
2019-09-19 11:32:36,974 [pool-539-thread-1] INFO  server.RaftServerConfigKeys (ConfUtils.java:logGet(43)) - raft.server.log.statemachine.data.sync.timeout.retry = -1 (default)
2019-09-19 11:32:36,975 [pool-539-thread-1] INFO  server.RaftServerConfigKeys (ConfUtils.java:logGet(43)) - raft.server.log.statemachine.data.caching.enabled = true (custom)
2019-09-19 11:32:36,975 [pool-539-thread-1] INFO  segmented.SegmentedRaftLogWorker (SegmentedRaftLogWorker.java:lambda$new$0(132)) - 889235f3-a76e-47d5-a143-813f13157864@group-5788FEF66F6B-SegmentedRaftLogWorker: flushIndex: setUnconditionally 0 -> -1
2019-09-19 11:32:36,975 [pool-539-thread-1] INFO  server.RaftServerConfigKeys (ConfUtils.java:logGet(43)) - raft.server.snapshot.auto.trigger.enabled = true (custom)
2019-09-19 11:32:36,975 [pool-539-thread-1] INFO  server.RaftServerConfigKeys (ConfUtils.java:logGet(43)) - raft.server.snapshot.auto.trigger.threshold = 10000 (custom)
2019-09-19 11:32:36,975 [pool-539-thread-1] INFO  server.RaftServerConfigKeys (ConfUtils.java:logGet(43)) - raft.server.snapshot.retention.num.files = 5 (custom)
2019-09-19 11:32:36,975 [pool-539-thread-1] INFO  server.RaftServerConfigKeys (ConfUtils.java:logGet(43)) - raft.server.retrycache.expirytime = 600000ms (custom)
2019-09-19 11:32:36,976 [pool-539-thread-1] INFO  impl.RaftServerImpl (RaftServerImpl.java:start(185)) - 889235f3-a76e-47d5-a143-813f13157864@group-5788FEF66F6B: start as a follower, conf=-1: [889235f3-a76e-47d5-a143-813f13157864:192.168.151.78:42282], old=null
2019-09-19 11:32:36,976 [pool-539-thread-1] INFO  impl.RaftServerImpl (RaftServerImpl.java:setRole(174)) - 889235f3-a76e-47d5-a143-813f13157864@group-5788FEF66F6B: changes role from      null to FOLLOWER at term 0 for startAsFollower
2019-09-19 11:32:36,977 [pool-539-thread-1] INFO  impl.RoleInfo (RoleInfo.java:updateAndGet(143)) - 889235f3-a76e-47d5-a143-813f13157864: start FollowerState
2019-09-19 11:32:36,977 [pool-539-thread-1] INFO  util.JmxRegister (JmxRegister.java:tryRegister(44)) - Successfully registered JMX Bean with object name Ratis:service=RaftServer,group=group-5788FEF66F6B,id=889235f3-a76e-47d5-a143-813f13157864
2019-09-19 11:32:36,980 [RatisPipelineUtilsThread] INFO  pipeline.PipelineStateManager (PipelineStateManager.java:addPipeline(56)) - Created pipeline Pipeline[ Id: c6e10bf8-845c-4981-808b-5788fef66f6b, Nodes: 889235f3-a76e-47d5-a143-813f13157864{ip: 192.168.151.78, host: pr-hdds-2154-j8s56-3842691507, networkLocation: /default-rack, certSerialId: null}, Type:RATIS, Factor:ONE, State:OPEN]
2019-09-19 11:32:37,006 [IPC Server handler 0 on 46077] INFO  net.NetworkTopology (NetworkTopologyImpl.java:add(111)) - Added a new node: /default-rack/dde64a51-f237-4bb2-8c6a-bc9e89b7d1d2
2019-09-19 11:32:37,007 [IPC Server handler 0 on 46077] INFO  node.SCMNodeManager (SCMNodeManager.java:register(266)) - Registered Data node : dde64a51-f237-4bb2-8c6a-bc9e89b7d1d2{ip: 192.168.151.78, host: pr-hdds-2154-j8s56-3842691507, networkLocation: /default-rack, certSerialId: null}
2019-09-19 11:32:37,012 [grpc-default-executor-1] INFO  impl.RaftServerProxy (RaftServerProxy.java:addNew(89)) - dde64a51-f237-4bb2-8c6a-bc9e89b7d1d2: addNew group-7B998BF9C407:[dde64a51-f237-4bb2-8c6a-bc9e89b7d1d2:192.168.151.78:37810] returns group-7B998BF9C407:java.util.concurrent.CompletableFuture@5449f5d6[Not completed]
2019-09-19 11:32:37,013 [pool-549-thread-1] INFO  impl.RaftServerImpl (RaftServerImpl.java:<init>(95)) - dde64a51-f237-4bb2-8c6a-bc9e89b7d1d2: new RaftServerImpl for group-7B998BF9C407:[dde64a51-f237-4bb2-8c6a-bc9e89b7d1d2:192.168.151.78:37810] with ContainerStateMachine:uninitialized
2019-09-19 11:32:37,013 [pool-549-thread-1] INFO  server.RaftServerConfigKeys (ConfUtils.java:logGet(43)) - raft.server.rpc.timeout.min = 5s (custom)
2019-09-19 11:32:37,013 [pool-549-thread-1] INFO  server.RaftServerConfigKeys (ConfUtils.java:logGet(43)) - raft.server.rpc.timeout.max = 5200ms (custom)
2019-09-19 11:32:37,014 [pool-549-thread-1] INFO  server.RaftServerConfigKeys (ConfUtils.java:logGet(43)) - raft.server.rpcslowness.timeout = 120s (custom)
2019-09-19 11:32:37,014 [pool-549-thread-1] INFO  server.RaftServerConfigKeys (ConfUtils.java:logGet(43)) - raft.server.sleep.deviation.threshold = 300 (default)
2019-09-19 11:32:37,014 [pool-549-thread-1] INFO  server.RaftServerConfigKeys (ConfUtils.java:logGet(43)) - raft.server.log.appender.install.snapshot.enabled = false (custom)
2019-09-19 11:32:37,014 [pool-549-thread-1] INFO  impl.RaftServerImpl (ServerState.java:<init>(103)) - dde64a51-f237-4bb2-8c6a-bc9e89b7d1d2@group-7B998BF9C407: ConfigurationManager, init=-1: [dde64a51-f237-4bb2-8c6a-bc9e89b7d1d2:192.168.151.78:37810], old=null, confs=<EMPTY_MAP>
2019-09-19 11:32:37,014 [pool-549-thread-1] INFO  server.RaftServerConfigKeys (ConfUtils.java:logGet(43)) - raft.server.storage.dir = [/workdir/hadoop-ozone/integration-test/target/test-dir/MiniOzoneClusterImpl-eb9be736-53bb-493b-b684-0bc14884a5e7/datanode-5/data/ratis] (custom)
2019-09-19 11:32:37,014 [pool-549-thread-1] INFO  storage.RaftStorageDirectory (RaftStorageDirectory.java:analyzeStorage(246)) - The storage directory /workdir/hadoop-ozone/integration-test/target/test-dir/MiniOzoneClusterImpl-eb9be736-53bb-493b-b684-0bc14884a5e7/datanode-5/data/ratis/2b2317c3-7e23-4051-95ce-7b998bf9c407 does not exist. Creating ...
2019-09-19 11:32:37,026 [pool-549-thread-1] INFO  storage.RaftStorageDirectory (RaftStorageDirectory.java:tryLock(328)) - Lock on /workdir/hadoop-ozone/integration-test/target/test-dir/MiniOzoneClusterImpl-eb9be736-53bb-493b-b684-0bc14884a5e7/datanode-5/data/ratis/2b2317c3-7e23-4051-95ce-7b998bf9c407/in_use.lock acquired by nodename 22749@pr-hdds-2154-j8s56-3842691507
2019-09-19 11:32:37,029 [pool-549-thread-1] INFO  storage.RaftStorage (RaftStorage.java:format(72)) - Storage directory /workdir/hadoop-ozone/integration-test/target/test-dir/MiniOzoneClusterImpl-eb9be736-53bb-493b-b684-0bc14884a5e7/datanode-5/data/ratis/2b2317c3-7e23-4051-95ce-7b998bf9c407 has been successfully formatted.
2019-09-19 11:32:37,029 [pool-549-thread-1] INFO  ratis.ContainerStateMachine (ContainerStateMachine.java:loadSnapshot(230)) - group-7B998BF9C407: The snapshot info is null. Setting the last applied indexto:(t:0, i:~)
2019-09-19 11:32:37,029 [pool-549-thread-1] INFO  server.RaftServerConfigKeys (ConfUtils.java:logGet(43)) - raft.server.notification.no-leader.timeout = 120s (custom)
2019-09-19 11:32:37,030 [pool-549-thread-1] INFO  server.RaftServerConfigKeys (ConfUtils.java:logGet(43)) - raft.server.log.use.memory = false (default)
2019-09-19 11:32:37,030 [pool-549-thread-1] INFO  server.RaftServerConfigKeys (ConfUtils.java:logGet(43)) - raft.server.log.purge.gap = 1000000 (custom)
2019-09-19 11:32:37,030 [pool-549-thread-1] INFO  server.RaftServerConfigKeys (ConfUtils.java:logGet(43)) - raft.server.log.appender.buffer.byte-limit = 33554432 (custom)
2019-09-19 11:32:37,030 [pool-549-thread-1] INFO  server.RaftServerConfigKeys (ConfUtils.java:logGet(43)) - raft.server.log.segment.size.max = 1048576 (custom)
2019-09-19 11:32:37,030 [pool-549-thread-1] INFO  server.RaftServerConfigKeys (ConfUtils.java:logGet(43)) - raft.server.log.segment.cache.num.max = 2 (custom)
2019-09-19 11:32:37,030 [pool-549-thread-1] INFO  segmented.SegmentedRaftLogWorker (SegmentedRaftLogWorker.java:<init>(172)) - new dde64a51-f237-4bb2-8c6a-bc9e89b7d1d2@group-7B998BF9C407-SegmentedRaftLogWorker for RaftStorage:Storage Directory /workdir/hadoop-ozone/integration-test/target/test-dir/MiniOzoneClusterImpl-eb9be736-53bb-493b-b684-0bc14884a5e7/datanode-5/data/ratis/2b2317c3-7e23-4051-95ce-7b998bf9c407
2019-09-19 11:32:37,031 [pool-549-thread-1] INFO  server.RaftServerConfigKeys (ConfUtils.java:logGet(43)) - raft.server.log.queue.byte-limit = 2147483647 (custom)
2019-09-19 11:32:37,031 [pool-549-thread-1] INFO  server.RaftServerConfigKeys (ConfUtils.java:logGet(43)) - raft.server.log.queue.element-limit = 1024 (custom)
2019-09-19 11:32:37,032 [pool-549-thread-1] INFO  server.RaftServerConfigKeys (ConfUtils.java:logGet(43)) - raft.server.log.segment.size.max = 1048576 (custom)
2019-09-19 11:32:37,032 [pool-549-thread-1] INFO  server.RaftServerConfigKeys (ConfUtils.java:logGet(43)) - raft.server.log.preallocated.size = 16384 (custom)
2019-09-19 11:32:37,032 [pool-549-thread-1] INFO  server.RaftServerConfigKeys (ConfUtils.java:logGet(43)) - raft.server.log.write.buffer.size = 33554432 (custom)
2019-09-19 11:32:37,032 [pool-549-thread-1] INFO  server.RaftServerConfigKeys (ConfUtils.java:logGet(43)) - raft.server.log.force.sync.num = 128 (default)
2019-09-19 11:32:37,032 [pool-549-thread-1] INFO  server.RaftServerConfigKeys (ConfUtils.java:logGet(43)) - raft.server.log.statemachine.data.sync = true (default)
2019-09-19 11:32:37,032 [pool-549-thread-1] INFO  server.RaftServerConfigKeys (ConfUtils.java:logGet(43)) - raft.server.log.statemachine.data.sync.timeout = 10s (default)
2019-09-19 11:32:37,032 [pool-549-thread-1] INFO  server.RaftServerConfigKeys (ConfUtils.java:logGet(43)) - raft.server.log.statemachine.data.sync.timeout.retry = -1 (default)
2019-09-19 11:32:37,032 [pool-549-thread-1] INFO  server.RaftServerConfigKeys (ConfUtils.java:logGet(43)) - raft.server.log.statemachine.data.caching.enabled = true (custom)
2019-09-19 11:32:37,032 [pool-549-thread-1] INFO  segmented.SegmentedRaftLogWorker (SegmentedRaftLogWorker.java:lambda$new$0(132)) - dde64a51-f237-4bb2-8c6a-bc9e89b7d1d2@group-7B998BF9C407-SegmentedRaftLogWorker: flushIndex: setUnconditionally 0 -> -1
2019-09-19 11:32:37,033 [pool-549-thread-1] INFO  server.RaftServerConfigKeys (ConfUtils.java:logGet(43)) - raft.server.snapshot.auto.trigger.enabled = true (custom)
2019-09-19 11:32:37,033 [pool-549-thread-1] INFO  server.RaftServerConfigKeys (ConfUtils.java:logGet(43)) - raft.server.snapshot.auto.trigger.threshold = 10000 (custom)
2019-09-19 11:32:37,033 [pool-549-thread-1] INFO  server.RaftServerConfigKeys (ConfUtils.java:logGet(43)) - raft.server.snapshot.retention.num.files = 5 (custom)
2019-09-19 11:32:37,033 [pool-549-thread-1] INFO  server.RaftServerConfigKeys (ConfUtils.java:logGet(43)) - raft.server.retrycache.expirytime = 600000ms (custom)
2019-09-19 11:32:37,034 [pool-549-thread-1] INFO  impl.RaftServerImpl (RaftServerImpl.java:start(185)) - dde64a51-f237-4bb2-8c6a-bc9e89b7d1d2@group-7B998BF9C407: start as a follower, conf=-1: [dde64a51-f237-4bb2-8c6a-bc9e89b7d1d2:192.168.151.78:37810], old=null
2019-09-19 11:32:37,034 [pool-549-thread-1] INFO  impl.RaftServerImpl (RaftServerImpl.java:setRole(174)) - dde64a51-f237-4bb2-8c6a-bc9e89b7d1d2@group-7B998BF9C407: changes role from      null to FOLLOWER at term 0 for startAsFollower
2019-09-19 11:32:37,034 [pool-549-thread-1] INFO  impl.RoleInfo (RoleInfo.java:updateAndGet(143)) - dde64a51-f237-4bb2-8c6a-bc9e89b7d1d2: start FollowerState
2019-09-19 11:32:37,035 [pool-549-thread-1] INFO  util.JmxRegister (JmxRegister.java:tryRegister(44)) - Successfully registered JMX Bean with object name Ratis:service=RaftServer,group=group-7B998BF9C407,id=dde64a51-f237-4bb2-8c6a-bc9e89b7d1d2
2019-09-19 11:32:37,038 [RatisPipelineUtilsThread] INFO  pipeline.PipelineStateManager (PipelineStateManager.java:addPipeline(56)) - Created pipeline Pipeline[ Id: 2b2317c3-7e23-4051-95ce-7b998bf9c407, Nodes: dde64a51-f237-4bb2-8c6a-bc9e89b7d1d2{ip: 192.168.151.78, host: pr-hdds-2154-j8s56-3842691507, networkLocation: /default-rack, certSerialId: null}, Type:RATIS, Factor:ONE, State:OPEN]
2019-09-19 11:32:37,045 [grpc-default-executor-9] INFO  impl.RaftServerProxy (RaftServerProxy.java:addNew(89)) - 5bed50f2-212d-4f1b-95cd-0fce23670d52: addNew group-D3DBCD25A75A:[dde64a51-f237-4bb2-8c6a-bc9e89b7d1d2:192.168.151.78:37810, 5bed50f2-212d-4f1b-95cd-0fce23670d52:192.168.151.78:33227, 889235f3-a76e-47d5-a143-813f13157864:192.168.151.78:42282] returns group-D3DBCD25A75A:java.util.concurrent.CompletableFuture@14d392b5[Not completed]
2019-09-19 11:32:37,045 [grpc-default-executor-1] INFO  impl.RaftServerProxy (RaftServerProxy.java:addNew(89)) - 889235f3-a76e-47d5-a143-813f13157864: addNew group-D3DBCD25A75A:[dde64a51-f237-4bb2-8c6a-bc9e89b7d1d2:192.168.151.78:37810, 5bed50f2-212d-4f1b-95cd-0fce23670d52:192.168.151.78:33227, 889235f3-a76e-47d5-a143-813f13157864:192.168.151.78:42282] returns group-D3DBCD25A75A:java.util.concurrent.CompletableFuture@6e5eeeec[Not completed]
2019-09-19 11:32:37,045 [grpc-default-executor-0] INFO  impl.RaftServerProxy (RaftServerProxy.java:addNew(89)) - dde64a51-f237-4bb2-8c6a-bc9e89b7d1d2: addNew group-D3DBCD25A75A:[dde64a51-f237-4bb2-8c6a-bc9e89b7d1d2:192.168.151.78:37810, 5bed50f2-212d-4f1b-95cd-0fce23670d52:192.168.151.78:33227, 889235f3-a76e-47d5-a143-813f13157864:192.168.151.78:42282] returns group-D3DBCD25A75A:java.util.concurrent.CompletableFuture@4bdad97b[Not completed]
2019-09-19 11:32:37,046 [pool-529-thread-1] INFO  impl.RaftServerImpl (RaftServerImpl.java:<init>(95)) - 5bed50f2-212d-4f1b-95cd-0fce23670d52: new RaftServerImpl for group-D3DBCD25A75A:[dde64a51-f237-4bb2-8c6a-bc9e89b7d1d2:192.168.151.78:37810, 5bed50f2-212d-4f1b-95cd-0fce23670d52:192.168.151.78:33227, 889235f3-a76e-47d5-a143-813f13157864:192.168.151.78:42282] with ContainerStateMachine:uninitialized
2019-09-19 11:32:37,046 [pool-529-thread-1] INFO  server.RaftServerConfigKeys (ConfUtils.java:logGet(43)) - raft.server.rpc.timeout.min = 5s (custom)
2019-09-19 11:32:37,046 [pool-529-thread-1] INFO  server.RaftServerConfigKeys (ConfUtils.java:logGet(43)) - raft.server.rpc.timeout.max = 5200ms (custom)
2019-09-19 11:32:37,046 [pool-529-thread-1] INFO  server.RaftServerConfigKeys (ConfUtils.java:logGet(43)) - raft.server.rpcslowness.timeout = 120s (custom)
2019-09-19 11:32:37,046 [pool-529-thread-1] INFO  server.RaftServerConfigKeys (ConfUtils.java:logGet(43)) - raft.server.sleep.deviation.threshold = 300 (default)
2019-09-19 11:32:37,046 [pool-549-thread-1] INFO  impl.RaftServerImpl (RaftServerImpl.java:<init>(95)) - dde64a51-f237-4bb2-8c6a-bc9e89b7d1d2: new RaftServerImpl for group-D3DBCD25A75A:[dde64a51-f237-4bb2-8c6a-bc9e89b7d1d2:192.168.151.78:37810, 5bed50f2-212d-4f1b-95cd-0fce23670d52:192.168.151.78:33227, 889235f3-a76e-47d5-a143-813f13157864:192.168.151.78:42282] with ContainerStateMachine:uninitialized
2019-09-19 11:32:37,046 [pool-529-thread-1] INFO  server.RaftServerConfigKeys (ConfUtils.java:logGet(43)) - raft.server.log.appender.install.snapshot.enabled = false (custom)
2019-09-19 11:32:37,046 [pool-549-thread-1] INFO  server.RaftServerConfigKeys (ConfUtils.java:logGet(43)) - raft.server.rpc.timeout.min = 5s (custom)
2019-09-19 11:32:37,046 [pool-529-thread-1] INFO  impl.RaftServerImpl (ServerState.java:<init>(103)) - 5bed50f2-212d-4f1b-95cd-0fce23670d52@group-D3DBCD25A75A: ConfigurationManager, init=-1: [dde64a51-f237-4bb2-8c6a-bc9e89b7d1d2:192.168.151.78:37810, 5bed50f2-212d-4f1b-95cd-0fce23670d52:192.168.151.78:33227, 889235f3-a76e-47d5-a143-813f13157864:192.168.151.78:42282], old=null, confs=<EMPTY_MAP>
2019-09-19 11:32:37,046 [pool-549-thread-1] INFO  server.RaftServerConfigKeys (ConfUtils.java:logGet(43)) - raft.server.rpc.timeout.max = 5200ms (custom)
2019-09-19 11:32:37,047 [pool-529-thread-1] INFO  server.RaftServerConfigKeys (ConfUtils.java:logGet(43)) - raft.server.storage.dir = [/workdir/hadoop-ozone/integration-test/target/test-dir/MiniOzoneClusterImpl-eb9be736-53bb-493b-b684-0bc14884a5e7/datanode-3/data/ratis] (custom)
2019-09-19 11:32:37,047 [pool-539-thread-1] INFO  impl.RaftServerImpl (RaftServerImpl.java:<init>(95)) - 889235f3-a76e-47d5-a143-813f13157864: new RaftServerImpl for group-D3DBCD25A75A:[dde64a51-f237-4bb2-8c6a-bc9e89b7d1d2:192.168.151.78:37810, 5bed50f2-212d-4f1b-95cd-0fce23670d52:192.168.151.78:33227, 889235f3-a76e-47d5-a143-813f13157864:192.168.151.78:42282] with ContainerStateMachine:uninitialized
2019-09-19 11:32:37,047 [pool-549-thread-1] INFO  server.RaftServerConfigKeys (ConfUtils.java:logGet(43)) - raft.server.rpcslowness.timeout = 120s (custom)
2019-09-19 11:32:37,047 [pool-539-thread-1] INFO  server.RaftServerConfigKeys (ConfUtils.java:logGet(43)) - raft.server.rpc.timeout.min = 5s (custom)
2019-09-19 11:32:37,047 [pool-529-thread-1] INFO  storage.RaftStorageDirectory (RaftStorageDirectory.java:analyzeStorage(246)) - The storage directory /workdir/hadoop-ozone/integration-test/target/test-dir/MiniOzoneClusterImpl-eb9be736-53bb-493b-b684-0bc14884a5e7/datanode-3/data/ratis/c24478ec-42af-4c48-a592-d3dbcd25a75a does not exist. Creating ...
2019-09-19 11:32:37,047 [pool-549-thread-1] INFO  server.RaftServerConfigKeys (ConfUtils.java:logGet(43)) - raft.server.sleep.deviation.threshold = 300 (default)
2019-09-19 11:32:37,047 [pool-539-thread-1] INFO  server.RaftServerConfigKeys (ConfUtils.java:logGet(43)) - raft.server.rpc.timeout.max = 5200ms (custom)
2019-09-19 11:32:37,047 [pool-549-thread-1] INFO  server.RaftServerConfigKeys (ConfUtils.java:logGet(43)) - raft.server.log.appender.install.snapshot.enabled = false (custom)
2019-09-19 11:32:37,047 [pool-539-thread-1] INFO  server.RaftServerConfigKeys (ConfUtils.java:logGet(43)) - raft.server.rpcslowness.timeout = 120s (custom)
2019-09-19 11:32:37,048 [pool-549-thread-1] INFO  impl.RaftServerImpl (ServerState.java:<init>(103)) - dde64a51-f237-4bb2-8c6a-bc9e89b7d1d2@group-D3DBCD25A75A: ConfigurationManager, init=-1: [dde64a51-f237-4bb2-8c6a-bc9e89b7d1d2:192.168.151.78:37810, 5bed50f2-212d-4f1b-95cd-0fce23670d52:192.168.151.78:33227, 889235f3-a76e-47d5-a143-813f13157864:192.168.151.78:42282], old=null, confs=<EMPTY_MAP>
2019-09-19 11:32:37,048 [pool-539-thread-1] INFO  server.RaftServerConfigKeys (ConfUtils.java:logGet(43)) - raft.server.sleep.deviation.threshold = 300 (default)
2019-09-19 11:32:37,048 [pool-549-thread-1] INFO  server.RaftServerConfigKeys (ConfUtils.java:logGet(43)) - raft.server.storage.dir = [/workdir/hadoop-ozone/integration-test/target/test-dir/MiniOzoneClusterImpl-eb9be736-53bb-493b-b684-0bc14884a5e7/datanode-5/data/ratis] (custom)
2019-09-19 11:32:37,048 [pool-539-thread-1] INFO  server.RaftServerConfigKeys (ConfUtils.java:logGet(43)) - raft.server.log.appender.install.snapshot.enabled = false (custom)
2019-09-19 11:32:37,048 [pool-539-thread-1] INFO  impl.RaftServerImpl (ServerState.java:<init>(103)) - 889235f3-a76e-47d5-a143-813f13157864@group-D3DBCD25A75A: ConfigurationManager, init=-1: [dde64a51-f237-4bb2-8c6a-bc9e89b7d1d2:192.168.151.78:37810, 5bed50f2-212d-4f1b-95cd-0fce23670d52:192.168.151.78:33227, 889235f3-a76e-47d5-a143-813f13157864:192.168.151.78:42282], old=null, confs=<EMPTY_MAP>
2019-09-19 11:32:37,048 [pool-549-thread-1] INFO  storage.RaftStorageDirectory (RaftStorageDirectory.java:analyzeStorage(246)) - The storage directory /workdir/hadoop-ozone/integration-test/target/test-dir/MiniOzoneClusterImpl-eb9be736-53bb-493b-b684-0bc14884a5e7/datanode-5/data/ratis/c24478ec-42af-4c48-a592-d3dbcd25a75a does not exist. Creating ...
2019-09-19 11:32:37,048 [pool-539-thread-1] INFO  server.RaftServerConfigKeys (ConfUtils.java:logGet(43)) - raft.server.storage.dir = [/workdir/hadoop-ozone/integration-test/target/test-dir/MiniOzoneClusterImpl-eb9be736-53bb-493b-b684-0bc14884a5e7/datanode-4/data/ratis] (custom)
2019-09-19 11:32:37,049 [pool-539-thread-1] INFO  storage.RaftStorageDirectory (RaftStorageDirectory.java:analyzeStorage(246)) - The storage directory /workdir/hadoop-ozone/integration-test/target/test-dir/MiniOzoneClusterImpl-eb9be736-53bb-493b-b684-0bc14884a5e7/datanode-4/data/ratis/c24478ec-42af-4c48-a592-d3dbcd25a75a does not exist. Creating ...
2019-09-19 11:32:37,052 [pool-539-thread-1] INFO  storage.RaftStorageDirectory (RaftStorageDirectory.java:tryLock(328)) - Lock on /workdir/hadoop-ozone/integration-test/target/test-dir/MiniOzoneClusterImpl-eb9be736-53bb-493b-b684-0bc14884a5e7/datanode-4/data/ratis/c24478ec-42af-4c48-a592-d3dbcd25a75a/in_use.lock acquired by nodename 22749@pr-hdds-2154-j8s56-3842691507
2019-09-19 11:32:37,052 [pool-529-thread-1] INFO  storage.RaftStorageDirectory (RaftStorageDirectory.java:tryLock(328)) - Lock on /workdir/hadoop-ozone/integration-test/target/test-dir/MiniOzoneClusterImpl-eb9be736-53bb-493b-b684-0bc14884a5e7/datanode-3/data/ratis/c24478ec-42af-4c48-a592-d3dbcd25a75a/in_use.lock acquired by nodename 22749@pr-hdds-2154-j8s56-3842691507
2019-09-19 11:32:37,052 [pool-549-thread-1] INFO  storage.RaftStorageDirectory (RaftStorageDirectory.java:tryLock(328)) - Lock on /workdir/hadoop-ozone/integration-test/target/test-dir/MiniOzoneClusterImpl-eb9be736-53bb-493b-b684-0bc14884a5e7/datanode-5/data/ratis/c24478ec-42af-4c48-a592-d3dbcd25a75a/in_use.lock acquired by nodename 22749@pr-hdds-2154-j8s56-3842691507
2019-09-19 11:32:37,056 [pool-539-thread-1] INFO  storage.RaftStorage (RaftStorage.java:format(72)) - Storage directory /workdir/hadoop-ozone/integration-test/target/test-dir/MiniOzoneClusterImpl-eb9be736-53bb-493b-b684-0bc14884a5e7/datanode-4/data/ratis/c24478ec-42af-4c48-a592-d3dbcd25a75a has been successfully formatted.
2019-09-19 11:32:37,056 [pool-549-thread-1] INFO  storage.RaftStorage (RaftStorage.java:format(72)) - Storage directory /workdir/hadoop-ozone/integration-test/target/test-dir/MiniOzoneClusterImpl-eb9be736-53bb-493b-b684-0bc14884a5e7/datanode-5/data/ratis/c24478ec-42af-4c48-a592-d3dbcd25a75a has been successfully formatted.
2019-09-19 11:32:37,056 [pool-539-thread-1] INFO  ratis.ContainerStateMachine (ContainerStateMachine.java:loadSnapshot(230)) - group-D3DBCD25A75A: The snapshot info is null. Setting the last applied indexto:(t:0, i:~)
2019-09-19 11:32:37,056 [pool-529-thread-1] INFO  storage.RaftStorage (RaftStorage.java:format(72)) - Storage directory /workdir/hadoop-ozone/integration-test/target/test-dir/MiniOzoneClusterImpl-eb9be736-53bb-493b-b684-0bc14884a5e7/datanode-3/data/ratis/c24478ec-42af-4c48-a592-d3dbcd25a75a has been successfully formatted.
2019-09-19 11:32:37,056 [pool-539-thread-1] INFO  server.RaftServerConfigKeys (ConfUtils.java:logGet(43)) - raft.server.notification.no-leader.timeout = 120s (custom)
2019-09-19 11:32:37,056 [pool-549-thread-1] INFO  ratis.ContainerStateMachine (ContainerStateMachine.java:loadSnapshot(230)) - group-D3DBCD25A75A: The snapshot info is null. Setting the last applied indexto:(t:0, i:~)
2019-09-19 11:32:37,056 [pool-539-thread-1] INFO  server.RaftServerConfigKeys (ConfUtils.java:logGet(43)) - raft.server.log.use.memory = false (default)
2019-09-19 11:32:37,056 [pool-529-thread-1] INFO  ratis.ContainerStateMachine (ContainerStateMachine.java:loadSnapshot(230)) - group-D3DBCD25A75A: The snapshot info is null. Setting the last applied indexto:(t:0, i:~)
2019-09-19 11:32:37,057 [pool-539-thread-1] INFO  server.RaftServerConfigKeys (ConfUtils.java:logGet(43)) - raft.server.log.purge.gap = 1000000 (custom)
2019-09-19 11:32:37,057 [pool-539-thread-1] INFO  server.RaftServerConfigKeys (ConfUtils.java:logGet(43)) - raft.server.log.appender.buffer.byte-limit = 33554432 (custom)
2019-09-19 11:32:37,056 [pool-549-thread-1] INFO  server.RaftServerConfigKeys (ConfUtils.java:logGet(43)) - raft.server.notification.no-leader.timeout = 120s (custom)
2019-09-19 11:32:37,057 [pool-539-thread-1] INFO  server.RaftServerConfigKeys (ConfUtils.java:logGet(43)) - raft.server.log.segment.size.max = 1048576 (custom)
2019-09-19 11:32:37,057 [pool-529-thread-1] INFO  server.RaftServerConfigKeys (ConfUtils.java:logGet(43)) - raft.server.notification.no-leader.timeout = 120s (custom)
2019-09-19 11:32:37,057 [pool-539-thread-1] INFO  server.RaftServerConfigKeys (ConfUtils.java:logGet(43)) - raft.server.log.segment.cache.num.max = 2 (custom)
2019-09-19 11:32:37,057 [pool-549-thread-1] INFO  server.RaftServerConfigKeys (ConfUtils.java:logGet(43)) - raft.server.log.use.memory = false (default)
2019-09-19 11:32:37,058 [pool-539-thread-1] INFO  segmented.SegmentedRaftLogWorker (SegmentedRaftLogWorker.java:<init>(172)) - new 889235f3-a76e-47d5-a143-813f13157864@group-D3DBCD25A75A-SegmentedRaftLogWorker for RaftStorage:Storage Directory /workdir/hadoop-ozone/integration-test/target/test-dir/MiniOzoneClusterImpl-eb9be736-53bb-493b-b684-0bc14884a5e7/datanode-4/data/ratis/c24478ec-42af-4c48-a592-d3dbcd25a75a
2019-09-19 11:32:37,057 [pool-529-thread-1] INFO  server.RaftServerConfigKeys (ConfUtils.java:logGet(43)) - raft.server.log.use.memory = false (default)
2019-09-19 11:32:37,058 [pool-539-thread-1] INFO  server.RaftServerConfigKeys (ConfUtils.java:logGet(43)) - raft.server.log.queue.byte-limit = 2147483647 (custom)
2019-09-19 11:32:37,058 [pool-549-thread-1] INFO  server.RaftServerConfigKeys (ConfUtils.java:logGet(43)) - raft.server.log.purge.gap = 1000000 (custom)
2019-09-19 11:32:37,058 [pool-539-thread-1] INFO  server.RaftServerConfigKeys (ConfUtils.java:logGet(43)) - raft.server.log.queue.element-limit = 1024 (custom)
2019-09-19 11:32:37,058 [pool-529-thread-1] INFO  server.RaftServerConfigKeys (ConfUtils.java:logGet(43)) - raft.server.log.purge.gap = 1000000 (custom)
2019-09-19 11:32:37,059 [pool-539-thread-1] INFO  server.RaftServerConfigKeys (ConfUtils.java:logGet(43)) - raft.server.log.segment.size.max = 1048576 (custom)
2019-09-19 11:32:37,058 [pool-549-thread-1] INFO  server.RaftServerConfigKeys (ConfUtils.java:logGet(43)) - raft.server.log.appender.buffer.byte-limit = 33554432 (custom)
2019-09-19 11:32:37,059 [pool-539-thread-1] INFO  server.RaftServerConfigKeys (ConfUtils.java:logGet(43)) - raft.server.log.preallocated.size = 16384 (custom)
2019-09-19 11:32:37,059 [pool-529-thread-1] INFO  server.RaftServerConfigKeys (ConfUtils.java:logGet(43)) - raft.server.log.appender.buffer.byte-limit = 33554432 (custom)
2019-09-19 11:32:37,059 [pool-539-thread-1] INFO  server.RaftServerConfigKeys (ConfUtils.java:logGet(43)) - raft.server.log.write.buffer.size = 33554432 (custom)
2019-09-19 11:32:37,060 [pool-539-thread-1] INFO  server.RaftServerConfigKeys (ConfUtils.java:logGet(43)) - raft.server.log.force.sync.num = 128 (default)
2019-09-19 11:32:37,059 [pool-549-thread-1] INFO  server.RaftServerConfigKeys (ConfUtils.java:logGet(43)) - raft.server.log.segment.size.max = 1048576 (custom)
2019-09-19 11:32:37,060 [pool-539-thread-1] INFO  server.RaftServerConfigKeys (ConfUtils.java:logGet(43)) - raft.server.log.statemachine.data.sync = true (default)
2019-09-19 11:32:37,060 [pool-539-thread-1] INFO  server.RaftServerConfigKeys (ConfUtils.java:logGet(43)) - raft.server.log.statemachine.data.sync.timeout = 10s (default)
2019-09-19 11:32:37,059 [pool-529-thread-1] INFO  server.RaftServerConfigKeys (ConfUtils.java:logGet(43)) - raft.server.log.segment.size.max = 1048576 (custom)
2019-09-19 11:32:37,060 [pool-539-thread-1] INFO  server.RaftServerConfigKeys (ConfUtils.java:logGet(43)) - raft.server.log.statemachine.data.sync.timeout.retry = -1 (default)
2019-09-19 11:32:37,060 [pool-549-thread-1] INFO  server.RaftServerConfigKeys (ConfUtils.java:logGet(43)) - raft.server.log.segment.cache.num.max = 2 (custom)
2019-09-19 11:32:37,061 [pool-539-thread-1] INFO  server.RaftServerConfigKeys (ConfUtils.java:logGet(43)) - raft.server.log.statemachine.data.caching.enabled = true (custom)
2019-09-19 11:32:37,060 [pool-529-thread-1] INFO  server.RaftServerConfigKeys (ConfUtils.java:logGet(43)) - raft.server.log.segment.cache.num.max = 2 (custom)
2019-09-19 11:32:37,061 [pool-549-thread-1] INFO  segmented.SegmentedRaftLogWorker (SegmentedRaftLogWorker.java:<init>(172)) - new dde64a51-f237-4bb2-8c6a-bc9e89b7d1d2@group-D3DBCD25A75A-SegmentedRaftLogWorker for RaftStorage:Storage Directory /workdir/hadoop-ozone/integration-test/target/test-dir/MiniOzoneClusterImpl-eb9be736-53bb-493b-b684-0bc14884a5e7/datanode-5/data/ratis/c24478ec-42af-4c48-a592-d3dbcd25a75a
2019-09-19 11:32:37,061 [pool-539-thread-1] INFO  segmented.SegmentedRaftLogWorker (SegmentedRaftLogWorker.java:lambda$new$0(132)) - 889235f3-a76e-47d5-a143-813f13157864@group-D3DBCD25A75A-SegmentedRaftLogWorker: flushIndex: setUnconditionally 0 -> -1
2019-09-19 11:32:37,061 [pool-529-thread-1] INFO  segmented.SegmentedRaftLogWorker (SegmentedRaftLogWorker.java:<init>(172)) - new 5bed50f2-212d-4f1b-95cd-0fce23670d52@group-D3DBCD25A75A-SegmentedRaftLogWorker for RaftStorage:Storage Directory /workdir/hadoop-ozone/integration-test/target/test-dir/MiniOzoneClusterImpl-eb9be736-53bb-493b-b684-0bc14884a5e7/datanode-3/data/ratis/c24478ec-42af-4c48-a592-d3dbcd25a75a
2019-09-19 11:32:37,061 [pool-549-thread-1] INFO  server.RaftServerConfigKeys (ConfUtils.java:logGet(43)) - raft.server.log.queue.byte-limit = 2147483647 (custom)
2019-09-19 11:32:37,062 [pool-529-thread-1] INFO  server.RaftServerConfigKeys (ConfUtils.java:logGet(43)) - raft.server.log.queue.byte-limit = 2147483647 (custom)
2019-09-19 11:32:37,062 [pool-539-thread-1] INFO  server.RaftServerConfigKeys (ConfUtils.java:logGet(43)) - raft.server.snapshot.auto.trigger.enabled = true (custom)
2019-09-19 11:32:37,062 [pool-529-thread-1] INFO  server.RaftServerConfigKeys (ConfUtils.java:logGet(43)) - raft.server.log.queue.element-limit = 1024 (custom)
2019-09-19 11:32:37,062 [pool-549-thread-1] INFO  server.RaftServerConfigKeys (ConfUtils.java:logGet(43)) - raft.server.log.queue.element-limit = 1024 (custom)
2019-09-19 11:32:37,062 [pool-529-thread-1] INFO  server.RaftServerConfigKeys (ConfUtils.java:logGet(43)) - raft.server.log.segment.size.max = 1048576 (custom)
2019-09-19 11:32:37,062 [pool-539-thread-1] INFO  server.RaftServerConfigKeys (ConfUtils.java:logGet(43)) - raft.server.snapshot.auto.trigger.threshold = 10000 (custom)
2019-09-19 11:32:37,062 [pool-529-thread-1] INFO  server.RaftServerConfigKeys (ConfUtils.java:logGet(43)) - raft.server.log.preallocated.size = 16384 (custom)
2019-09-19 11:32:37,062 [pool-549-thread-1] INFO  server.RaftServerConfigKeys (ConfUtils.java:logGet(43)) - raft.server.log.segment.size.max = 1048576 (custom)
2019-09-19 11:32:37,063 [pool-529-thread-1] INFO  server.RaftServerConfigKeys (ConfUtils.java:logGet(43)) - raft.server.log.write.buffer.size = 33554432 (custom)
2019-09-19 11:32:37,062 [pool-539-thread-1] INFO  server.RaftServerConfigKeys (ConfUtils.java:logGet(43)) - raft.server.snapshot.retention.num.files = 5 (custom)
2019-09-19 11:32:37,063 [pool-529-thread-1] INFO  server.RaftServerConfigKeys (ConfUtils.java:logGet(43)) - raft.server.log.force.sync.num = 128 (default)
2019-09-19 11:32:37,063 [pool-549-thread-1] INFO  server.RaftServerConfigKeys (ConfUtils.java:logGet(43)) - raft.server.log.preallocated.size = 16384 (custom)
2019-09-19 11:32:37,063 [pool-529-thread-1] INFO  server.RaftServerConfigKeys (ConfUtils.java:logGet(43)) - raft.server.log.statemachine.data.sync = true (default)
2019-09-19 11:32:37,063 [pool-539-thread-1] INFO  server.RaftServerConfigKeys (ConfUtils.java:logGet(43)) - raft.server.retrycache.expirytime = 600000ms (custom)
2019-09-19 11:32:37,063 [pool-529-thread-1] INFO  server.RaftServerConfigKeys (ConfUtils.java:logGet(43)) - raft.server.log.statemachine.data.sync.timeout = 10s (default)
2019-09-19 11:32:37,063 [pool-549-thread-1] INFO  server.RaftServerConfigKeys (ConfUtils.java:logGet(43)) - raft.server.log.write.buffer.size = 33554432 (custom)
2019-09-19 11:32:37,063 [pool-529-thread-1] INFO  server.RaftServerConfigKeys (ConfUtils.java:logGet(43)) - raft.server.log.statemachine.data.sync.timeout.retry = -1 (default)
2019-09-19 11:32:37,064 [pool-549-thread-1] INFO  server.RaftServerConfigKeys (ConfUtils.java:logGet(43)) - raft.server.log.force.sync.num = 128 (default)
2019-09-19 11:32:37,064 [pool-529-thread-1] INFO  server.RaftServerConfigKeys (ConfUtils.java:logGet(43)) - raft.server.log.statemachine.data.caching.enabled = true (custom)
2019-09-19 11:32:37,064 [pool-549-thread-1] INFO  server.RaftServerConfigKeys (ConfUtils.java:logGet(43)) - raft.server.log.statemachine.data.sync = true (default)
2019-09-19 11:32:37,064 [pool-529-thread-1] INFO  segmented.SegmentedRaftLogWorker (SegmentedRaftLogWorker.java:lambda$new$0(132)) - 5bed50f2-212d-4f1b-95cd-0fce23670d52@group-D3DBCD25A75A-SegmentedRaftLogWorker: flushIndex: setUnconditionally 0 -> -1
2019-09-19 11:32:37,064 [pool-549-thread-1] INFO  server.RaftServerConfigKeys (ConfUtils.java:logGet(43)) - raft.server.log.statemachine.data.sync.timeout = 10s (default)
2019-09-19 11:32:37,065 [pool-529-thread-1] INFO  server.RaftServerConfigKeys (ConfUtils.java:logGet(43)) - raft.server.snapshot.auto.trigger.enabled = true (custom)
2019-09-19 11:32:37,065 [pool-549-thread-1] INFO  server.RaftServerConfigKeys (ConfUtils.java:logGet(43)) - raft.server.log.statemachine.data.sync.timeout.retry = -1 (default)
2019-09-19 11:32:37,065 [pool-529-thread-1] INFO  server.RaftServerConfigKeys (ConfUtils.java:logGet(43)) - raft.server.snapshot.auto.trigger.threshold = 10000 (custom)
2019-09-19 11:32:37,065 [pool-549-thread-1] INFO  server.RaftServerConfigKeys (ConfUtils.java:logGet(43)) - raft.server.log.statemachine.data.caching.enabled = true (custom)
2019-09-19 11:32:37,065 [pool-539-thread-1] INFO  impl.RaftServerImpl (RaftServerImpl.java:start(185)) - 889235f3-a76e-47d5-a143-813f13157864@group-D3DBCD25A75A: start as a follower, conf=-1: [dde64a51-f237-4bb2-8c6a-bc9e89b7d1d2:192.168.151.78:37810, 5bed50f2-212d-4f1b-95cd-0fce23670d52:192.168.151.78:33227, 889235f3-a76e-47d5-a143-813f13157864:192.168.151.78:42282], old=null
2019-09-19 11:32:37,065 [pool-529-thread-1] INFO  server.RaftServerConfigKeys (ConfUtils.java:logGet(43)) - raft.server.snapshot.retention.num.files = 5 (custom)
2019-09-19 11:32:37,065 [pool-549-thread-1] INFO  segmented.SegmentedRaftLogWorker (SegmentedRaftLogWorker.java:lambda$new$0(132)) - dde64a51-f237-4bb2-8c6a-bc9e89b7d1d2@group-D3DBCD25A75A-SegmentedRaftLogWorker: flushIndex: setUnconditionally 0 -> -1
2019-09-19 11:32:37,065 [pool-539-thread-1] INFO  impl.RaftServerImpl (RaftServerImpl.java:setRole(174)) - 889235f3-a76e-47d5-a143-813f13157864@group-D3DBCD25A75A: changes role from      null to FOLLOWER at term 0 for startAsFollower
2019-09-19 11:32:37,065 [pool-529-thread-1] INFO  server.RaftServerConfigKeys (ConfUtils.java:logGet(43)) - raft.server.retrycache.expirytime = 600000ms (custom)
2019-09-19 11:32:37,066 [pool-539-thread-1] INFO  impl.RoleInfo (RoleInfo.java:updateAndGet(143)) - 889235f3-a76e-47d5-a143-813f13157864: start FollowerState
2019-09-19 11:32:37,066 [pool-549-thread-1] INFO  server.RaftServerConfigKeys (ConfUtils.java:logGet(43)) - raft.server.snapshot.auto.trigger.enabled = true (custom)
2019-09-19 11:32:37,066 [pool-549-thread-1] INFO  server.RaftServerConfigKeys (ConfUtils.java:logGet(43)) - raft.server.snapshot.auto.trigger.threshold = 10000 (custom)
2019-09-19 11:32:37,066 [pool-539-thread-1] INFO  util.JmxRegister (JmxRegister.java:tryRegister(44)) - Successfully registered JMX Bean with object name Ratis:service=RaftServer,group=group-D3DBCD25A75A,id=889235f3-a76e-47d5-a143-813f13157864
2019-09-19 11:32:37,066 [pool-549-thread-1] INFO  server.RaftServerConfigKeys (ConfUtils.java:logGet(43)) - raft.server.snapshot.retention.num.files = 5 (custom)
2019-09-19 11:32:37,066 [pool-549-thread-1] INFO  server.RaftServerConfigKeys (ConfUtils.java:logGet(43)) - raft.server.retrycache.expirytime = 600000ms (custom)
2019-09-19 11:32:37,070 [pool-529-thread-1] INFO  impl.RaftServerImpl (RaftServerImpl.java:start(185)) - 5bed50f2-212d-4f1b-95cd-0fce23670d52@group-D3DBCD25A75A: start as a follower, conf=-1: [dde64a51-f237-4bb2-8c6a-bc9e89b7d1d2:192.168.151.78:37810, 5bed50f2-212d-4f1b-95cd-0fce23670d52:192.168.151.78:33227, 889235f3-a76e-47d5-a143-813f13157864:192.168.151.78:42282], old=null
2019-09-19 11:32:37,070 [pool-529-thread-1] INFO  impl.RaftServerImpl (RaftServerImpl.java:setRole(174)) - 5bed50f2-212d-4f1b-95cd-0fce23670d52@group-D3DBCD25A75A: changes role from      null to FOLLOWER at term 0 for startAsFollower
2019-09-19 11:32:37,070 [pool-529-thread-1] INFO  impl.RoleInfo (RoleInfo.java:updateAndGet(143)) - 5bed50f2-212d-4f1b-95cd-0fce23670d52: start FollowerState
2019-09-19 11:32:37,070 [pool-529-thread-1] INFO  util.JmxRegister (JmxRegister.java:tryRegister(44)) - Successfully registered JMX Bean with object name Ratis:service=RaftServer,group=group-D3DBCD25A75A,id=5bed50f2-212d-4f1b-95cd-0fce23670d52
2019-09-19 11:32:37,074 [pool-549-thread-1] INFO  impl.RaftServerImpl (RaftServerImpl.java:start(185)) - dde64a51-f237-4bb2-8c6a-bc9e89b7d1d2@group-D3DBCD25A75A: start as a follower, conf=-1: [dde64a51-f237-4bb2-8c6a-bc9e89b7d1d2:192.168.151.78:37810, 5bed50f2-212d-4f1b-95cd-0fce23670d52:192.168.151.78:33227, 889235f3-a76e-47d5-a143-813f13157864:192.168.151.78:42282], old=null
2019-09-19 11:32:37,074 [pool-549-thread-1] INFO  impl.RaftServerImpl (RaftServerImpl.java:setRole(174)) - dde64a51-f237-4bb2-8c6a-bc9e89b7d1d2@group-D3DBCD25A75A: changes role from      null to FOLLOWER at term 0 for startAsFollower
2019-09-19 11:32:37,074 [pool-549-thread-1] INFO  impl.RoleInfo (RoleInfo.java:updateAndGet(143)) - dde64a51-f237-4bb2-8c6a-bc9e89b7d1d2: start FollowerState
2019-09-19 11:32:37,074 [pool-549-thread-1] INFO  util.JmxRegister (JmxRegister.java:tryRegister(44)) - Successfully registered JMX Bean with object name Ratis:service=RaftServer,group=group-D3DBCD25A75A,id=dde64a51-f237-4bb2-8c6a-bc9e89b7d1d2
2019-09-19 11:32:37,078 [main] INFO  ozone.MiniOzoneClusterImpl (MiniOzoneClusterImpl.java:lambda$waitForClusterToBeReady$0(145)) - Waiting for cluster to be ready. Got 6 of 7 DN Heartbeats.
2019-09-19 11:32:37,078 [IPC Server handler 4 on 46077] INFO  net.NetworkTopology (NetworkTopologyImpl.java:add(111)) - Added a new node: /default-rack/127f7ca3-7ec2-439c-85a2-8a4d5bc6fc50
2019-09-19 11:32:37,078 [RatisPipelineUtilsThread] INFO  pipeline.PipelineStateManager (PipelineStateManager.java:addPipeline(56)) - Created pipeline Pipeline[ Id: c24478ec-42af-4c48-a592-d3dbcd25a75a, Nodes: dde64a51-f237-4bb2-8c6a-bc9e89b7d1d2{ip: 192.168.151.78, host: pr-hdds-2154-j8s56-3842691507, networkLocation: /default-rack, certSerialId: null}889235f3-a76e-47d5-a143-813f13157864{ip: 192.168.151.78, host: pr-hdds-2154-j8s56-3842691507, networkLocation: /default-rack, certSerialId: null}5bed50f2-212d-4f1b-95cd-0fce23670d52{ip: 192.168.151.78, host: pr-hdds-2154-j8s56-3842691507, networkLocation: /default-rack, certSerialId: null}, Type:RATIS, Factor:THREE, State:OPEN]
2019-09-19 11:32:37,078 [IPC Server handler 4 on 46077] INFO  node.SCMNodeManager (SCMNodeManager.java:register(266)) - Registered Data node : 127f7ca3-7ec2-439c-85a2-8a4d5bc6fc50{ip: 192.168.151.78, host: pr-hdds-2154-j8s56-3842691507, networkLocation: /default-rack, certSerialId: null}
2019-09-19 11:32:38,078 [main] INFO  ozone.MiniOzoneClusterImpl (MiniOzoneClusterImpl.java:lambda$waitForClusterToBeReady$0(145)) - Cluster is ready. Got 7 of 7 DN Heartbeats.
2019-09-19 11:32:38,139 [main] INFO  rpc.RpcClient (RpcClient.java:createVolume(302)) - Creating Volume: testblockoutputstream, with jenkins1000 as owner.
2019-09-19 11:32:38,143 [IPC Server handler 1 on 44979] INFO  volume.OMVolumeCreateRequest (OMVolumeCreateRequest.java:validateAndUpdateCache(189)) - created volume:testblockoutputstream for user:jenkins1000
2019-09-19 11:32:38,155 [main] INFO  rpc.RpcClient (RpcClient.java:createBucket(441)) - Creating Bucket: testblockoutputstream/testblockoutputstream, with Versioning false and Storage Type set to DISK and Encryption set to false 
2019-09-19 11:32:38,188 [grpc-default-executor-0] INFO  client.GrpcClientProtocolClient (GrpcClientProtocolClient.java:onNext(264)) - client-56797D165B3B->dde64a51-f237-4bb2-8c6a-bc9e89b7d1d2: receive RaftClientReply:client-56797D165B3B->dde64a51-f237-4bb2-8c6a-bc9e89b7d1d2@group-D3DBCD25A75A, cid=219, FAILED org.apache.ratis.protocol.NotLeaderException: Server dde64a51-f237-4bb2-8c6a-bc9e89b7d1d2@group-D3DBCD25A75A is not the leader, logIndex=0, commits[dde64a51-f237-4bb2-8c6a-bc9e89b7d1d2:c-1]
2019-09-19 11:32:39,200 [grpc-default-executor-0] INFO  client.GrpcClientProtocolClient (GrpcClientProtocolClient.java:onNext(264)) - client-56797D165B3B->5bed50f2-212d-4f1b-95cd-0fce23670d52: receive RaftClientReply:client-56797D165B3B->5bed50f2-212d-4f1b-95cd-0fce23670d52@group-D3DBCD25A75A, cid=219, FAILED org.apache.ratis.protocol.NotLeaderException: Server 5bed50f2-212d-4f1b-95cd-0fce23670d52@group-D3DBCD25A75A is not the leader, logIndex=0, commits[5bed50f2-212d-4f1b-95cd-0fce23670d52:c-1]
2019-09-19 11:32:39,711 [Thread-3549] INFO  container.ReplicationManager (ReplicationManager.java:start(162)) - Starting Replication Monitor Thread.
2019-09-19 11:32:39,714 [ReplicationMonitor] INFO  container.ReplicationManager (ReplicationManager.java:run(225)) - Replication Monitor Thread took 1 milliseconds for processing 1 containers.
2019-09-19 11:32:40,214 [grpc-default-executor-0] INFO  client.GrpcClientProtocolClient (GrpcClientProtocolClient.java:onNext(264)) - client-56797D165B3B->dde64a51-f237-4bb2-8c6a-bc9e89b7d1d2: receive RaftClientReply:client-56797D165B3B->dde64a51-f237-4bb2-8c6a-bc9e89b7d1d2@group-D3DBCD25A75A, cid=219, FAILED org.apache.ratis.protocol.NotLeaderException: Server dde64a51-f237-4bb2-8c6a-bc9e89b7d1d2@group-D3DBCD25A75A is not the leader, logIndex=0, commits[dde64a51-f237-4bb2-8c6a-bc9e89b7d1d2:c-1]
2019-09-19 11:32:41,228 [grpc-default-executor-1] INFO  client.GrpcClientProtocolClient (GrpcClientProtocolClient.java:onNext(264)) - client-56797D165B3B->889235f3-a76e-47d5-a143-813f13157864: receive RaftClientReply:client-56797D165B3B->889235f3-a76e-47d5-a143-813f13157864@group-D3DBCD25A75A, cid=219, FAILED org.apache.ratis.protocol.NotLeaderException: Server 889235f3-a76e-47d5-a143-813f13157864@group-D3DBCD25A75A is not the leader, logIndex=0, commits[889235f3-a76e-47d5-a143-813f13157864:c-1]
2019-09-19 11:32:41,971 [Thread-3551] INFO  impl.FollowerState (FollowerState.java:run(106)) - 342e2bcd-9bfb-464c-b5cb-8416a3830fb7:group-17A2B6C4F5DE changes to CANDIDATE, lastRpcTime:5163, electionTimeout:5163ms
2019-09-19 11:32:41,972 [Thread-3551] INFO  impl.RoleInfo (RoleInfo.java:shutdownFollowerState(121)) - 342e2bcd-9bfb-464c-b5cb-8416a3830fb7: shutdown FollowerState
2019-09-19 11:32:41,972 [Thread-3551] INFO  impl.RaftServerImpl (RaftServerImpl.java:setRole(174)) - 342e2bcd-9bfb-464c-b5cb-8416a3830fb7@group-17A2B6C4F5DE: changes role from  FOLLOWER to CANDIDATE at term 0 for changeToCandidate
2019-09-19 11:32:41,972 [Thread-3551] INFO  impl.RoleInfo (RoleInfo.java:updateAndGet(143)) - 342e2bcd-9bfb-464c-b5cb-8416a3830fb7: start LeaderElection
2019-09-19 11:32:41,975 [Thread-3557] INFO  impl.FollowerState (FollowerState.java:run(106)) - 2e00c254-a960-46cf-8104-71cb4143f99c:group-8F1897992696 changes to CANDIDATE, lastRpcTime:5105, electionTimeout:5103ms
2019-09-19 11:32:41,978 [Thread-3557] INFO  impl.RoleInfo (RoleInfo.java:shutdownFollowerState(121)) - 2e00c254-a960-46cf-8104-71cb4143f99c: shutdown FollowerState
2019-09-19 11:32:41,978 [Thread-3557] INFO  impl.RaftServerImpl (RaftServerImpl.java:setRole(174)) - 2e00c254-a960-46cf-8104-71cb4143f99c@group-8F1897992696: changes role from  FOLLOWER to CANDIDATE at term 0 for changeToCandidate
2019-09-19 11:32:41,979 [Thread-3557] INFO  impl.RoleInfo (RoleInfo.java:updateAndGet(143)) - 2e00c254-a960-46cf-8104-71cb4143f99c: start LeaderElection
2019-09-19 11:32:41,986 [Thread-3567] INFO  impl.FollowerState (FollowerState.java:run(106)) - 2e00c254-a960-46cf-8104-71cb4143f99c:group-3A65E022AE84 changes to CANDIDATE, lastRpcTime:5048, electionTimeout:5048ms
2019-09-19 11:32:41,986 [Thread-3567] INFO  impl.RoleInfo (RoleInfo.java:shutdownFollowerState(121)) - 2e00c254-a960-46cf-8104-71cb4143f99c: shutdown FollowerState
2019-09-19 11:32:41,986 [Thread-3567] INFO  impl.RaftServerImpl (RaftServerImpl.java:setRole(174)) - 2e00c254-a960-46cf-8104-71cb4143f99c@group-3A65E022AE84: changes role from  FOLLOWER to CANDIDATE at term 0 for changeToCandidate
2019-09-19 11:32:41,986 [Thread-3567] INFO  impl.RoleInfo (RoleInfo.java:updateAndGet(143)) - 2e00c254-a960-46cf-8104-71cb4143f99c: start LeaderElection
2019-09-19 11:32:41,998 [342e2bcd-9bfb-464c-b5cb-8416a3830fb7@group-17A2B6C4F5DE:LeaderElection78] INFO  impl.LeaderElection (LeaderElection.java:askForVotes(182)) - 342e2bcd-9bfb-464c-b5cb-8416a3830fb7@group-17A2B6C4F5DE:LeaderElection78: begin an election at term 1 for -1: [342e2bcd-9bfb-464c-b5cb-8416a3830fb7:192.168.151.78:45072], old=null
2019-09-19 11:32:41,998 [2e00c254-a960-46cf-8104-71cb4143f99c@group-8F1897992696:LeaderElection79] INFO  impl.LeaderElection (LeaderElection.java:askForVotes(182)) - 2e00c254-a960-46cf-8104-71cb4143f99c@group-8F1897992696:LeaderElection79: begin an election at term 1 for -1: [2e00c254-a960-46cf-8104-71cb4143f99c:192.168.151.78:40285], old=null
2019-09-19 11:32:41,998 [342e2bcd-9bfb-464c-b5cb-8416a3830fb7@group-17A2B6C4F5DE:LeaderElection78] INFO  impl.RoleInfo (RoleInfo.java:shutdownLeaderElection(134)) - 342e2bcd-9bfb-464c-b5cb-8416a3830fb7: shutdown LeaderElection
2019-09-19 11:32:41,998 [2e00c254-a960-46cf-8104-71cb4143f99c@group-3A65E022AE84:LeaderElection80] INFO  impl.LeaderElection (LeaderElection.java:askForVotes(182)) - 2e00c254-a960-46cf-8104-71cb4143f99c@group-3A65E022AE84:LeaderElection80: begin an election at term 1 for -1: [63e05236-8305-47a5-b02f-2c763e5fdb03:192.168.151.78:45511, 342e2bcd-9bfb-464c-b5cb-8416a3830fb7:192.168.151.78:45072, 2e00c254-a960-46cf-8104-71cb4143f99c:192.168.151.78:40285], old=null
2019-09-19 11:32:41,998 [342e2bcd-9bfb-464c-b5cb-8416a3830fb7@group-17A2B6C4F5DE:LeaderElection78] INFO  impl.RaftServerImpl (RaftServerImpl.java:setRole(174)) - 342e2bcd-9bfb-464c-b5cb-8416a3830fb7@group-17A2B6C4F5DE: changes role from CANDIDATE to LEADER at term 1 for changeToLeader
2019-09-19 11:32:41,998 [2e00c254-a960-46cf-8104-71cb4143f99c@group-8F1897992696:LeaderElection79] INFO  impl.RoleInfo (RoleInfo.java:shutdownLeaderElection(134)) - 2e00c254-a960-46cf-8104-71cb4143f99c: shutdown LeaderElection
2019-09-19 11:32:41,999 [342e2bcd-9bfb-464c-b5cb-8416a3830fb7@group-17A2B6C4F5DE:LeaderElection78] INFO  impl.RaftServerImpl (ServerState.java:setLeader(253)) - 342e2bcd-9bfb-464c-b5cb-8416a3830fb7@group-17A2B6C4F5DE: change Leader from null to 342e2bcd-9bfb-464c-b5cb-8416a3830fb7 at term 1 for becomeLeader, leader elected after 5197ms
2019-09-19 11:32:41,999 [2e00c254-a960-46cf-8104-71cb4143f99c@group-8F1897992696:LeaderElection79] INFO  impl.RaftServerImpl (RaftServerImpl.java:setRole(174)) - 2e00c254-a960-46cf-8104-71cb4143f99c@group-8F1897992696: changes role from CANDIDATE to LEADER at term 1 for changeToLeader
2019-09-19 11:32:41,999 [2e00c254-a960-46cf-8104-71cb4143f99c@group-8F1897992696:LeaderElection79] INFO  impl.RaftServerImpl (ServerState.java:setLeader(253)) - 2e00c254-a960-46cf-8104-71cb4143f99c@group-8F1897992696: change Leader from null to 2e00c254-a960-46cf-8104-71cb4143f99c at term 1 for becomeLeader, leader elected after 5134ms
2019-09-19 11:32:41,999 [342e2bcd-9bfb-464c-b5cb-8416a3830fb7@group-17A2B6C4F5DE:LeaderElection78] INFO  server.RaftServerConfigKeys (ConfUtils.java:logGet(43)) - raft.server.staging.catchup.gap = 1000 (default)
2019-09-19 11:32:41,999 [2e00c254-a960-46cf-8104-71cb4143f99c@group-8F1897992696:LeaderElection79] INFO  server.RaftServerConfigKeys (ConfUtils.java:logGet(43)) - raft.server.staging.catchup.gap = 1000 (default)
2019-09-19 11:32:41,999 [342e2bcd-9bfb-464c-b5cb-8416a3830fb7@group-17A2B6C4F5DE:LeaderElection78] INFO  server.RaftServerConfigKeys (ConfUtils.java:logGet(43)) - raft.server.rpc.sleep.time = 25ms (default)
2019-09-19 11:32:42,000 [2e00c254-a960-46cf-8104-71cb4143f99c@group-8F1897992696:LeaderElection79] INFO  server.RaftServerConfigKeys (ConfUtils.java:logGet(43)) - raft.server.rpc.sleep.time = 25ms (default)
2019-09-19 11:32:42,000 [342e2bcd-9bfb-464c-b5cb-8416a3830fb7@group-17A2B6C4F5DE:LeaderElection78] INFO  server.RaftServerConfigKeys (ConfUtils.java:logGet(43)) - raft.server.write.element-limit = 4096 (default)
2019-09-19 11:32:42,000 [2e00c254-a960-46cf-8104-71cb4143f99c@group-8F1897992696:LeaderElection79] INFO  server.RaftServerConfigKeys (ConfUtils.java:logGet(43)) - raft.server.write.element-limit = 4096 (default)
2019-09-19 11:32:42,000 [342e2bcd-9bfb-464c-b5cb-8416a3830fb7@group-17A2B6C4F5DE:LeaderElection78] INFO  server.RaftServerConfigKeys (ConfUtils.java:logGet(43)) - raft.server.watch.timeout = 10s (default)
2019-09-19 11:32:42,000 [2e00c254-a960-46cf-8104-71cb4143f99c@group-8F1897992696:LeaderElection79] INFO  server.RaftServerConfigKeys (ConfUtils.java:logGet(43)) - raft.server.watch.timeout = 10s (default)
2019-09-19 11:32:42,000 [342e2bcd-9bfb-464c-b5cb-8416a3830fb7@group-17A2B6C4F5DE:LeaderElection78] INFO  server.RaftServerConfigKeys (ConfUtils.java:logGet(43)) - raft.server.watch.timeout.denomination = 1s (default)
2019-09-19 11:32:42,004 [Thread-3560] INFO  impl.FollowerState (FollowerState.java:run(106)) - 5bed50f2-212d-4f1b-95cd-0fce23670d52:group-6E50FE78FEBF changes to CANDIDATE, lastRpcTime:5108, electionTimeout:5105ms
2019-09-19 11:32:42,004 [342e2bcd-9bfb-464c-b5cb-8416a3830fb7@group-17A2B6C4F5DE:LeaderElection78] INFO  server.RaftServerConfigKeys (ConfUtils.java:logGet(43)) - raft.server.watch.element-limit = 65536 (default)
2019-09-19 11:32:42,004 [2e00c254-a960-46cf-8104-71cb4143f99c@group-8F1897992696:LeaderElection79] INFO  server.RaftServerConfigKeys (ConfUtils.java:logGet(43)) - raft.server.watch.timeout.denomination = 1s (default)
2019-09-19 11:32:42,004 [Thread-3560] INFO  impl.RoleInfo (RoleInfo.java:shutdownFollowerState(121)) - 5bed50f2-212d-4f1b-95cd-0fce23670d52: shutdown FollowerState
2019-09-19 11:32:42,005 [2e00c254-a960-46cf-8104-71cb4143f99c@group-8F1897992696:LeaderElection79] INFO  server.RaftServerConfigKeys (ConfUtils.java:logGet(43)) - raft.server.watch.element-limit = 65536 (default)
2019-09-19 11:32:42,005 [Thread-3560] INFO  impl.RaftServerImpl (RaftServerImpl.java:setRole(174)) - 5bed50f2-212d-4f1b-95cd-0fce23670d52@group-6E50FE78FEBF: changes role from  FOLLOWER to CANDIDATE at term 0 for changeToCandidate
2019-09-19 11:32:42,005 [Thread-3560] INFO  impl.RoleInfo (RoleInfo.java:updateAndGet(143)) - 5bed50f2-212d-4f1b-95cd-0fce23670d52: start LeaderElection
2019-09-19 11:32:42,015 [Thread-3554] INFO  impl.FollowerState (FollowerState.java:run(106)) - 63e05236-8305-47a5-b02f-2c763e5fdb03:group-C0736A7FE6B4 changes to CANDIDATE, lastRpcTime:5166, electionTimeout:5165ms
2019-09-19 11:32:42,015 [grpc-default-executor-0] INFO  impl.RaftServerImpl (RaftServerImpl.java:setRole(174)) - 342e2bcd-9bfb-464c-b5cb-8416a3830fb7@group-3A65E022AE84: changes role from  FOLLOWER to FOLLOWER at term 1 for recognizeCandidate:2e00c254-a960-46cf-8104-71cb4143f99c
2019-09-19 11:32:42,015 [Thread-3554] INFO  impl.RoleInfo (RoleInfo.java:shutdownFollowerState(121)) - 63e05236-8305-47a5-b02f-2c763e5fdb03: shutdown FollowerState
2019-09-19 11:32:42,015 [grpc-default-executor-1] INFO  impl.RaftServerImpl (RaftServerImpl.java:setRole(174)) - 63e05236-8305-47a5-b02f-2c763e5fdb03@group-3A65E022AE84: changes role from  FOLLOWER to FOLLOWER at term 1 for recognizeCandidate:2e00c254-a960-46cf-8104-71cb4143f99c
2019-09-19 11:32:42,015 [Thread-3554] INFO  impl.RaftServerImpl (RaftServerImpl.java:setRole(174)) - 63e05236-8305-47a5-b02f-2c763e5fdb03@group-C0736A7FE6B4: changes role from  FOLLOWER to CANDIDATE at term 0 for changeToCandidate
2019-09-19 11:32:42,015 [grpc-default-executor-0] INFO  impl.RoleInfo (RoleInfo.java:shutdownFollowerState(121)) - 342e2bcd-9bfb-464c-b5cb-8416a3830fb7: shutdown FollowerState
2019-09-19 11:32:42,016 [Thread-3554] INFO  impl.RoleInfo (RoleInfo.java:updateAndGet(143)) - 63e05236-8305-47a5-b02f-2c763e5fdb03: start LeaderElection
2019-09-19 11:32:42,015 [grpc-default-executor-1] INFO  impl.RoleInfo (RoleInfo.java:shutdownFollowerState(121)) - 63e05236-8305-47a5-b02f-2c763e5fdb03: shutdown FollowerState
2019-09-19 11:32:42,016 [Thread-3569] INFO  impl.FollowerState (FollowerState.java:run(115)) - 342e2bcd-9bfb-464c-b5cb-8416a3830fb7: FollowerState was interrupted: java.lang.InterruptedException: sleep interrupted
2019-09-19 11:32:42,016 [grpc-default-executor-0] INFO  impl.RoleInfo (RoleInfo.java:updateAndGet(143)) - 342e2bcd-9bfb-464c-b5cb-8416a3830fb7: start FollowerState
2019-09-19 11:32:42,016 [Thread-3565] INFO  impl.FollowerState (FollowerState.java:run(115)) - 63e05236-8305-47a5-b02f-2c763e5fdb03: FollowerState was interrupted: java.lang.InterruptedException: sleep interrupted
2019-09-19 11:32:42,016 [grpc-default-executor-1] INFO  impl.RoleInfo (RoleInfo.java:updateAndGet(143)) - 63e05236-8305-47a5-b02f-2c763e5fdb03: start FollowerState
2019-09-19 11:32:42,027 [5bed50f2-212d-4f1b-95cd-0fce23670d52@group-6E50FE78FEBF:LeaderElection81] INFO  impl.LeaderElection (LeaderElection.java:askForVotes(182)) - 5bed50f2-212d-4f1b-95cd-0fce23670d52@group-6E50FE78FEBF:LeaderElection81: begin an election at term 1 for -1: [5bed50f2-212d-4f1b-95cd-0fce23670d52:192.168.151.78:33227], old=null
2019-09-19 11:32:42,027 [5bed50f2-212d-4f1b-95cd-0fce23670d52@group-6E50FE78FEBF:LeaderElection81] INFO  impl.RoleInfo (RoleInfo.java:shutdownLeaderElection(134)) - 5bed50f2-212d-4f1b-95cd-0fce23670d52: shutdown LeaderElection
2019-09-19 11:32:42,027 [5bed50f2-212d-4f1b-95cd-0fce23670d52@group-6E50FE78FEBF:LeaderElection81] INFO  impl.RaftServerImpl (RaftServerImpl.java:setRole(174)) - 5bed50f2-212d-4f1b-95cd-0fce23670d52@group-6E50FE78FEBF: changes role from CANDIDATE to LEADER at term 1 for changeToLeader
2019-09-19 11:32:42,027 [5bed50f2-212d-4f1b-95cd-0fce23670d52@group-6E50FE78FEBF:LeaderElection81] INFO  impl.RaftServerImpl (ServerState.java:setLeader(253)) - 5bed50f2-212d-4f1b-95cd-0fce23670d52@group-6E50FE78FEBF: change Leader from null to 5bed50f2-212d-4f1b-95cd-0fce23670d52 at term 1 for becomeLeader, leader elected after 5136ms
2019-09-19 11:32:42,028 [5bed50f2-212d-4f1b-95cd-0fce23670d52@group-6E50FE78FEBF:LeaderElection81] INFO  server.RaftServerConfigKeys (ConfUtils.java:logGet(43)) - raft.server.staging.catchup.gap = 1000 (default)
2019-09-19 11:32:42,028 [5bed50f2-212d-4f1b-95cd-0fce23670d52@group-6E50FE78FEBF:LeaderElection81] INFO  server.RaftServerConfigKeys (ConfUtils.java:logGet(43)) - raft.server.rpc.sleep.time = 25ms (default)
2019-09-19 11:32:42,028 [5bed50f2-212d-4f1b-95cd-0fce23670d52@group-6E50FE78FEBF:LeaderElection81] INFO  server.RaftServerConfigKeys (ConfUtils.java:logGet(43)) - raft.server.write.element-limit = 4096 (default)
2019-09-19 11:32:42,028 [5bed50f2-212d-4f1b-95cd-0fce23670d52@group-6E50FE78FEBF:LeaderElection81] INFO  server.RaftServerConfigKeys (ConfUtils.java:logGet(43)) - raft.server.watch.timeout = 10s (default)
2019-09-19 11:32:42,028 [5bed50f2-212d-4f1b-95cd-0fce23670d52@group-6E50FE78FEBF:LeaderElection81] INFO  server.RaftServerConfigKeys (ConfUtils.java:logGet(43)) - raft.server.watch.timeout.denomination = 1s (default)
2019-09-19 11:32:42,028 [5bed50f2-212d-4f1b-95cd-0fce23670d52@group-6E50FE78FEBF:LeaderElection81] INFO  server.RaftServerConfigKeys (ConfUtils.java:logGet(43)) - raft.server.watch.element-limit = 65536 (default)
2019-09-19 11:32:42,028 [2e00c254-a960-46cf-8104-71cb4143f99c@group-8F1897992696:LeaderElection79] INFO  impl.RoleInfo (RoleInfo.java:updateAndGet(143)) - 2e00c254-a960-46cf-8104-71cb4143f99c: start LeaderState
2019-09-19 11:32:42,028 [342e2bcd-9bfb-464c-b5cb-8416a3830fb7@group-17A2B6C4F5DE:LeaderElection78] INFO  impl.RoleInfo (RoleInfo.java:updateAndGet(143)) - 342e2bcd-9bfb-464c-b5cb-8416a3830fb7: start LeaderState
2019-09-19 11:32:42,029 [2e00c254-a960-46cf-8104-71cb4143f99c@group-8F1897992696:LeaderElection79] INFO  segmented.SegmentedRaftLogWorker (SegmentedRaftLogWorker.java:startLogSegment(380)) - 2e00c254-a960-46cf-8104-71cb4143f99c@group-8F1897992696-SegmentedRaftLogWorker: Starting segment from index:0
2019-09-19 11:32:42,029 [342e2bcd-9bfb-464c-b5cb-8416a3830fb7@group-17A2B6C4F5DE:LeaderElection78] INFO  segmented.SegmentedRaftLogWorker (SegmentedRaftLogWorker.java:startLogSegment(380)) - 342e2bcd-9bfb-464c-b5cb-8416a3830fb7@group-17A2B6C4F5DE-SegmentedRaftLogWorker: Starting segment from index:0
2019-09-19 11:32:42,029 [5bed50f2-212d-4f1b-95cd-0fce23670d52@group-6E50FE78FEBF:LeaderElection81] INFO  impl.RoleInfo (RoleInfo.java:updateAndGet(143)) - 5bed50f2-212d-4f1b-95cd-0fce23670d52: start LeaderState
2019-09-19 11:32:42,029 [5bed50f2-212d-4f1b-95cd-0fce23670d52@group-6E50FE78FEBF:LeaderElection81] INFO  segmented.SegmentedRaftLogWorker (SegmentedRaftLogWorker.java:startLogSegment(380)) - 5bed50f2-212d-4f1b-95cd-0fce23670d52@group-6E50FE78FEBF-SegmentedRaftLogWorker: Starting segment from index:0
2019-09-19 11:32:42,030 [2e00c254-a960-46cf-8104-71cb4143f99c@group-8F1897992696:LeaderElection79] INFO  impl.RaftServerImpl (ServerState.java:setRaftConf(354)) - 2e00c254-a960-46cf-8104-71cb4143f99c@group-8F1897992696: set configuration 0: [2e00c254-a960-46cf-8104-71cb4143f99c:192.168.151.78:40285], old=null at 0
2019-09-19 11:32:42,030 [342e2bcd-9bfb-464c-b5cb-8416a3830fb7@group-17A2B6C4F5DE:LeaderElection78] INFO  impl.RaftServerImpl (ServerState.java:setRaftConf(354)) - 342e2bcd-9bfb-464c-b5cb-8416a3830fb7@group-17A2B6C4F5DE: set configuration 0: [342e2bcd-9bfb-464c-b5cb-8416a3830fb7:192.168.151.78:45072], old=null at 0
2019-09-19 11:32:42,030 [5bed50f2-212d-4f1b-95cd-0fce23670d52@group-6E50FE78FEBF:LeaderElection81] INFO  impl.RaftServerImpl (ServerState.java:setRaftConf(354)) - 5bed50f2-212d-4f1b-95cd-0fce23670d52@group-6E50FE78FEBF: set configuration 0: [5bed50f2-212d-4f1b-95cd-0fce23670d52:192.168.151.78:33227], old=null at 0
2019-09-19 11:32:42,041 [63e05236-8305-47a5-b02f-2c763e5fdb03@group-C0736A7FE6B4:LeaderElection82] INFO  impl.LeaderElection (LeaderElection.java:askForVotes(182)) - 63e05236-8305-47a5-b02f-2c763e5fdb03@group-C0736A7FE6B4:LeaderElection82: begin an election at term 1 for -1: [63e05236-8305-47a5-b02f-2c763e5fdb03:192.168.151.78:45511], old=null
2019-09-19 11:32:42,041 [63e05236-8305-47a5-b02f-2c763e5fdb03@group-C0736A7FE6B4:LeaderElection82] INFO  impl.RoleInfo (RoleInfo.java:shutdownLeaderElection(134)) - 63e05236-8305-47a5-b02f-2c763e5fdb03: shutdown LeaderElection
2019-09-19 11:32:42,041 [63e05236-8305-47a5-b02f-2c763e5fdb03@group-C0736A7FE6B4:LeaderElection82] INFO  impl.RaftServerImpl (RaftServerImpl.java:setRole(174)) - 63e05236-8305-47a5-b02f-2c763e5fdb03@group-C0736A7FE6B4: changes role from CANDIDATE to LEADER at term 1 for changeToLeader
2019-09-19 11:32:42,041 [63e05236-8305-47a5-b02f-2c763e5fdb03@group-C0736A7FE6B4:LeaderElection82] INFO  impl.RaftServerImpl (ServerState.java:setLeader(253)) - 63e05236-8305-47a5-b02f-2c763e5fdb03@group-C0736A7FE6B4: change Leader from null to 63e05236-8305-47a5-b02f-2c763e5fdb03 at term 1 for becomeLeader, leader elected after 5199ms
2019-09-19 11:32:42,042 [63e05236-8305-47a5-b02f-2c763e5fdb03@group-C0736A7FE6B4:LeaderElection82] INFO  server.RaftServerConfigKeys (ConfUtils.java:logGet(43)) - raft.server.staging.catchup.gap = 1000 (default)
2019-09-19 11:32:42,063 [63e05236-8305-47a5-b02f-2c763e5fdb03@group-C0736A7FE6B4:LeaderElection82] INFO  server.RaftServerConfigKeys (ConfUtils.java:logGet(43)) - raft.server.rpc.sleep.time = 25ms (default)
2019-09-19 11:32:42,064 [63e05236-8305-47a5-b02f-2c763e5fdb03@group-C0736A7FE6B4:LeaderElection82] INFO  server.RaftServerConfigKeys (ConfUtils.java:logGet(43)) - raft.server.write.element-limit = 4096 (default)
2019-09-19 11:32:42,064 [2e00c254-a960-46cf-8104-71cb4143f99c@group-3A65E022AE84:LeaderElection80] INFO  impl.LeaderElection (LeaderElection.java:logAndReturn(56)) - 2e00c254-a960-46cf-8104-71cb4143f99c@group-3A65E022AE84:LeaderElection80: Election PASSED; received 1 response(s) [2e00c254-a960-46cf-8104-71cb4143f99c<-63e05236-8305-47a5-b02f-2c763e5fdb03#0:OK-t1] and 0 exception(s); 2e00c254-a960-46cf-8104-71cb4143f99c@group-3A65E022AE84:t1, leader=null, voted=2e00c254-a960-46cf-8104-71cb4143f99c, raftlog=2e00c254-a960-46cf-8104-71cb4143f99c@group-3A65E022AE84-SegmentedRaftLog:OPENED:c-1,f-1,i0, conf=-1: [63e05236-8305-47a5-b02f-2c763e5fdb03:192.168.151.78:45511, 342e2bcd-9bfb-464c-b5cb-8416a3830fb7:192.168.151.78:45072, 2e00c254-a960-46cf-8104-71cb4143f99c:192.168.151.78:40285], old=null
2019-09-19 11:32:42,064 [63e05236-8305-47a5-b02f-2c763e5fdb03@group-C0736A7FE6B4:LeaderElection82] INFO  server.RaftServerConfigKeys (ConfUtils.java:logGet(43)) - raft.server.watch.timeout = 10s (default)
2019-09-19 11:32:42,064 [2e00c254-a960-46cf-8104-71cb4143f99c@group-3A65E022AE84:LeaderElection80] INFO  impl.RoleInfo (RoleInfo.java:shutdownLeaderElection(134)) - 2e00c254-a960-46cf-8104-71cb4143f99c: shutdown LeaderElection
2019-09-19 11:32:42,064 [63e05236-8305-47a5-b02f-2c763e5fdb03@group-C0736A7FE6B4:LeaderElection82] INFO  server.RaftServerConfigKeys (ConfUtils.java:logGet(43)) - raft.server.watch.timeout.denomination = 1s (default)
2019-09-19 11:32:42,066 [2e00c254-a960-46cf-8104-71cb4143f99c@group-3A65E022AE84:LeaderElection80] INFO  impl.RaftServerImpl (RaftServerImpl.java:setRole(174)) - 2e00c254-a960-46cf-8104-71cb4143f99c@group-3A65E022AE84: changes role from CANDIDATE to LEADER at term 1 for changeToLeader
2019-09-19 11:32:42,066 [63e05236-8305-47a5-b02f-2c763e5fdb03@group-C0736A7FE6B4:LeaderElection82] INFO  server.RaftServerConfigKeys (ConfUtils.java:logGet(43)) - raft.server.watch.element-limit = 65536 (default)
2019-09-19 11:32:42,066 [2e00c254-a960-46cf-8104-71cb4143f99c@group-3A65E022AE84:LeaderElection80] INFO  impl.RaftServerImpl (ServerState.java:setLeader(253)) - 2e00c254-a960-46cf-8104-71cb4143f99c@group-3A65E022AE84: change Leader from null to 2e00c254-a960-46cf-8104-71cb4143f99c at term 1 for becomeLeader, leader elected after 5139ms
2019-09-19 11:32:42,066 [2e00c254-a960-46cf-8104-71cb4143f99c@group-3A65E022AE84:LeaderElection80] INFO  server.RaftServerConfigKeys (ConfUtils.java:logGet(43)) - raft.server.staging.catchup.gap = 1000 (default)
2019-09-19 11:32:42,067 [2e00c254-a960-46cf-8104-71cb4143f99c@group-3A65E022AE84:LeaderElection80] INFO  server.RaftServerConfigKeys (ConfUtils.java:logGet(43)) - raft.server.rpc.sleep.time = 25ms (default)
2019-09-19 11:32:42,067 [2e00c254-a960-46cf-8104-71cb4143f99c@group-3A65E022AE84:LeaderElection80] INFO  server.RaftServerConfigKeys (ConfUtils.java:logGet(43)) - raft.server.write.element-limit = 4096 (default)
2019-09-19 11:32:42,067 [2e00c254-a960-46cf-8104-71cb4143f99c@group-3A65E022AE84:LeaderElection80] INFO  server.RaftServerConfigKeys (ConfUtils.java:logGet(43)) - raft.server.watch.timeout = 10s (default)
2019-09-19 11:32:42,067 [2e00c254-a960-46cf-8104-71cb4143f99c@group-3A65E022AE84:LeaderElection80] INFO  server.RaftServerConfigKeys (ConfUtils.java:logGet(43)) - raft.server.watch.timeout.denomination = 1s (default)
2019-09-19 11:32:42,067 [2e00c254-a960-46cf-8104-71cb4143f99c@group-3A65E022AE84:LeaderElection80] INFO  server.RaftServerConfigKeys (ConfUtils.java:logGet(43)) - raft.server.watch.element-limit = 65536 (default)
2019-09-19 11:32:42,068 [63e05236-8305-47a5-b02f-2c763e5fdb03@group-C0736A7FE6B4:LeaderElection82] INFO  impl.RoleInfo (RoleInfo.java:updateAndGet(143)) - 63e05236-8305-47a5-b02f-2c763e5fdb03: start LeaderState
2019-09-19 11:32:42,068 [63e05236-8305-47a5-b02f-2c763e5fdb03@group-C0736A7FE6B4:LeaderElection82] INFO  segmented.SegmentedRaftLogWorker (SegmentedRaftLogWorker.java:startLogSegment(380)) - 63e05236-8305-47a5-b02f-2c763e5fdb03@group-C0736A7FE6B4-SegmentedRaftLogWorker: Starting segment from index:0
2019-09-19 11:32:42,068 [63e05236-8305-47a5-b02f-2c763e5fdb03@group-C0736A7FE6B4:LeaderElection82] INFO  impl.RaftServerImpl (ServerState.java:setRaftConf(354)) - 63e05236-8305-47a5-b02f-2c763e5fdb03@group-C0736A7FE6B4: set configuration 0: [63e05236-8305-47a5-b02f-2c763e5fdb03:192.168.151.78:45511], old=null at 0
2019-09-19 11:32:42,069 [2e00c254-a960-46cf-8104-71cb4143f99c@group-3A65E022AE84:LeaderElection80] INFO  server.RaftServerConfigKeys (ConfUtils.java:logGet(43)) - raft.server.log.appender.snapshot.chunk.size.max = 16MB (=16777216) (default)
2019-09-19 11:32:42,070 [2e00c254-a960-46cf-8104-71cb4143f99c@group-3A65E022AE84:LeaderElection80] INFO  server.RaftServerConfigKeys (ConfUtils.java:logGet(43)) - raft.server.log.appender.buffer.byte-limit = 33554432 (custom)
2019-09-19 11:32:42,070 [2e00c254-a960-46cf-8104-71cb4143f99c@group-3A65E022AE84:LeaderElection80] INFO  server.RaftServerConfigKeys (ConfUtils.java:logGet(43)) - raft.server.log.appender.buffer.element-limit = 1 (custom)
2019-09-19 11:32:42,070 [2e00c254-a960-46cf-8104-71cb4143f99c@group-3A65E022AE84:LeaderElection80] INFO  grpc.GrpcConfigKeys$Server (ConfUtils.java:logGet(43)) - raft.grpc.server.leader.outstanding.appends.max = 128 (default)
2019-09-19 11:32:42,070 [2e00c254-a960-46cf-8104-71cb4143f99c@group-3A65E022AE84:LeaderElection80] INFO  server.RaftServerConfigKeys (ConfUtils.java:logGet(43)) - raft.server.rpc.request.timeout = 3000ms (default)
2019-09-19 11:32:42,071 [2e00c254-a960-46cf-8104-71cb4143f99c@group-3A65E022AE84:LeaderElection80] INFO  server.RaftServerConfigKeys (ConfUtils.java:logGet(43)) - raft.server.log.appender.install.snapshot.enabled = false (custom)
2019-09-19 11:32:42,071 [2e00c254-a960-46cf-8104-71cb4143f99c@group-3A65E022AE84:LeaderElection80] INFO  server.RaftServerConfigKeys (ConfUtils.java:logGet(43)) - raft.server.log.appender.snapshot.chunk.size.max = 16MB (=16777216) (default)
2019-09-19 11:32:42,071 [2e00c254-a960-46cf-8104-71cb4143f99c@group-3A65E022AE84:LeaderElection80] INFO  server.RaftServerConfigKeys (ConfUtils.java:logGet(43)) - raft.server.log.appender.buffer.byte-limit = 33554432 (custom)
2019-09-19 11:32:42,071 [2e00c254-a960-46cf-8104-71cb4143f99c@group-3A65E022AE84:LeaderElection80] INFO  server.RaftServerConfigKeys (ConfUtils.java:logGet(43)) - raft.server.log.appender.buffer.element-limit = 1 (custom)
2019-09-19 11:32:42,071 [2e00c254-a960-46cf-8104-71cb4143f99c@group-3A65E022AE84:LeaderElection80] INFO  grpc.GrpcConfigKeys$Server (ConfUtils.java:logGet(43)) - raft.grpc.server.leader.outstanding.appends.max = 128 (default)
2019-09-19 11:32:42,072 [2e00c254-a960-46cf-8104-71cb4143f99c@group-3A65E022AE84:LeaderElection80] INFO  server.RaftServerConfigKeys (ConfUtils.java:logGet(43)) - raft.server.rpc.request.timeout = 3000ms (default)
2019-09-19 11:32:42,072 [2e00c254-a960-46cf-8104-71cb4143f99c@group-3A65E022AE84:LeaderElection80] INFO  server.RaftServerConfigKeys (ConfUtils.java:logGet(43)) - raft.server.log.appender.install.snapshot.enabled = false (custom)
2019-09-19 11:32:42,072 [2e00c254-a960-46cf-8104-71cb4143f99c@group-3A65E022AE84:LeaderElection80] INFO  impl.RoleInfo (RoleInfo.java:updateAndGet(143)) - 2e00c254-a960-46cf-8104-71cb4143f99c: start LeaderState
2019-09-19 11:32:42,072 [2e00c254-a960-46cf-8104-71cb4143f99c@group-3A65E022AE84:LeaderElection80] INFO  segmented.SegmentedRaftLogWorker (SegmentedRaftLogWorker.java:startLogSegment(380)) - 2e00c254-a960-46cf-8104-71cb4143f99c@group-3A65E022AE84-SegmentedRaftLogWorker: Starting segment from index:0
2019-09-19 11:32:42,073 [2e00c254-a960-46cf-8104-71cb4143f99c@group-3A65E022AE84:LeaderElection80] INFO  impl.RaftServerImpl (ServerState.java:setRaftConf(354)) - 2e00c254-a960-46cf-8104-71cb4143f99c@group-3A65E022AE84: set configuration 0: [63e05236-8305-47a5-b02f-2c763e5fdb03:192.168.151.78:45511, 342e2bcd-9bfb-464c-b5cb-8416a3830fb7:192.168.151.78:45072, 2e00c254-a960-46cf-8104-71cb4143f99c:192.168.151.78:40285], old=null at 0
2019-09-19 11:32:42,103 [5bed50f2-212d-4f1b-95cd-0fce23670d52@group-6E50FE78FEBF-SegmentedRaftLogWorker] INFO  segmented.SegmentedRaftLogWorker (SegmentedRaftLogWorker.java:execute(569)) - 5bed50f2-212d-4f1b-95cd-0fce23670d52@group-6E50FE78FEBF-SegmentedRaftLogWorker: created new log segment /workdir/hadoop-ozone/integration-test/target/test-dir/MiniOzoneClusterImpl-eb9be736-53bb-493b-b684-0bc14884a5e7/datanode-3/data/ratis/f3a72fd5-ef39-4fde-99a1-6e50fe78febf/current/log_inprogress_0
2019-09-19 11:32:42,103 [342e2bcd-9bfb-464c-b5cb-8416a3830fb7@group-17A2B6C4F5DE-SegmentedRaftLogWorker] INFO  segmented.SegmentedRaftLogWorker (SegmentedRaftLogWorker.java:execute(569)) - 342e2bcd-9bfb-464c-b5cb-8416a3830fb7@group-17A2B6C4F5DE-SegmentedRaftLogWorker: created new log segment /workdir/hadoop-ozone/integration-test/target/test-dir/MiniOzoneClusterImpl-eb9be736-53bb-493b-b684-0bc14884a5e7/datanode-0/data/ratis/3611a471-d221-4e83-bcc1-17a2b6c4f5de/current/log_inprogress_0
2019-09-19 11:32:42,103 [Thread-3582] INFO  impl.FollowerState (FollowerState.java:run(106)) - 5bed50f2-212d-4f1b-95cd-0fce23670d52:group-D3DBCD25A75A changes to CANDIDATE, lastRpcTime:5032, electionTimeout:5003ms
2019-09-19 11:32:42,103 [Thread-3572] INFO  impl.FollowerState (FollowerState.java:run(106)) - 889235f3-a76e-47d5-a143-813f13157864:group-5788FEF66F6B changes to CANDIDATE, lastRpcTime:5126, electionTimeout:5100ms
2019-09-19 11:32:42,103 [2e00c254-a960-46cf-8104-71cb4143f99c@group-8F1897992696-SegmentedRaftLogWorker] INFO  segmented.SegmentedRaftLogWorker (SegmentedRaftLogWorker.java:execute(569)) - 2e00c254-a960-46cf-8104-71cb4143f99c@group-8F1897992696-SegmentedRaftLogWorker: created new log segment /workdir/hadoop-ozone/integration-test/target/test-dir/MiniOzoneClusterImpl-eb9be736-53bb-493b-b684-0bc14884a5e7/datanode-2/data/ratis/3e05ade4-f1cb-4224-b447-8f1897992696/current/log_inprogress_0
2019-09-19 11:32:42,103 [Thread-3572] INFO  impl.RoleInfo (RoleInfo.java:shutdownFollowerState(121)) - 889235f3-a76e-47d5-a143-813f13157864: shutdown FollowerState
2019-09-19 11:32:42,103 [Thread-3582] INFO  impl.RoleInfo (RoleInfo.java:shutdownFollowerState(121)) - 5bed50f2-212d-4f1b-95cd-0fce23670d52: shutdown FollowerState
2019-09-19 11:32:42,105 [grpc-default-executor-1] INFO  impl.RaftServerImpl (ServerState.java:setLeader(253)) - 342e2bcd-9bfb-464c-b5cb-8416a3830fb7@group-3A65E022AE84: change Leader from null to 2e00c254-a960-46cf-8104-71cb4143f99c at term 1 for appendEntries, leader elected after 5179ms
2019-09-19 11:32:42,104 [Thread-3572] INFO  impl.RaftServerImpl (RaftServerImpl.java:setRole(174)) - 889235f3-a76e-47d5-a143-813f13157864@group-5788FEF66F6B: changes role from  FOLLOWER to CANDIDATE at term 0 for changeToCandidate
2019-09-19 11:32:42,106 [Thread-3582] INFO  impl.RaftServerImpl (RaftServerImpl.java:setRole(174)) - 5bed50f2-212d-4f1b-95cd-0fce23670d52@group-D3DBCD25A75A: changes role from  FOLLOWER to CANDIDATE at term 0 for changeToCandidate
2019-09-19 11:32:42,106 [Thread-3582] INFO  impl.RoleInfo (RoleInfo.java:updateAndGet(143)) - 5bed50f2-212d-4f1b-95cd-0fce23670d52: start LeaderElection
2019-09-19 11:32:42,109 [Thread-3572] INFO  impl.RoleInfo (RoleInfo.java:updateAndGet(143)) - 889235f3-a76e-47d5-a143-813f13157864: start LeaderElection
2019-09-19 11:32:42,109 [grpc-default-executor-0] INFO  impl.RaftServerImpl (ServerState.java:setLeader(253)) - 63e05236-8305-47a5-b02f-2c763e5fdb03@group-3A65E022AE84: change Leader from null to 2e00c254-a960-46cf-8104-71cb4143f99c at term 1 for appendEntries, leader elected after 5182ms
2019-09-19 11:32:42,121 [2e00c254-a960-46cf-8104-71cb4143f99c@group-3A65E022AE84-SegmentedRaftLogWorker] INFO  segmented.SegmentedRaftLogWorker (SegmentedRaftLogWorker.java:execute(569)) - 2e00c254-a960-46cf-8104-71cb4143f99c@group-3A65E022AE84-SegmentedRaftLogWorker: created new log segment /workdir/hadoop-ozone/integration-test/target/test-dir/MiniOzoneClusterImpl-eb9be736-53bb-493b-b684-0bc14884a5e7/datanode-2/data/ratis/8a7dd03c-5320-4de8-991e-3a65e022ae84/current/log_inprogress_0
2019-09-19 11:32:42,121 [63e05236-8305-47a5-b02f-2c763e5fdb03@group-C0736A7FE6B4-SegmentedRaftLogWorker] INFO  segmented.SegmentedRaftLogWorker (SegmentedRaftLogWorker.java:execute(569)) - 63e05236-8305-47a5-b02f-2c763e5fdb03@group-C0736A7FE6B4-SegmentedRaftLogWorker: created new log segment /workdir/hadoop-ozone/integration-test/target/test-dir/MiniOzoneClusterImpl-eb9be736-53bb-493b-b684-0bc14884a5e7/datanode-1/data/ratis/05c17610-e395-4aad-91d1-c0736a7fe6b4/current/log_inprogress_0
2019-09-19 11:32:42,122 [grpc-default-executor-0] INFO  impl.RaftServerImpl (ServerState.java:setRaftConf(354)) - 342e2bcd-9bfb-464c-b5cb-8416a3830fb7@group-3A65E022AE84: set configuration 0: [63e05236-8305-47a5-b02f-2c763e5fdb03:192.168.151.78:45511, 342e2bcd-9bfb-464c-b5cb-8416a3830fb7:192.168.151.78:45072, 2e00c254-a960-46cf-8104-71cb4143f99c:192.168.151.78:40285], old=null at 0
2019-09-19 11:32:42,122 [grpc-default-executor-0] INFO  segmented.SegmentedRaftLogWorker (SegmentedRaftLogWorker.java:startLogSegment(380)) - 342e2bcd-9bfb-464c-b5cb-8416a3830fb7@group-3A65E022AE84-SegmentedRaftLogWorker: Starting segment from index:0
2019-09-19 11:32:42,122 [grpc-default-executor-1] INFO  impl.RaftServerImpl (ServerState.java:setRaftConf(354)) - 63e05236-8305-47a5-b02f-2c763e5fdb03@group-3A65E022AE84: set configuration 0: [63e05236-8305-47a5-b02f-2c763e5fdb03:192.168.151.78:45511, 342e2bcd-9bfb-464c-b5cb-8416a3830fb7:192.168.151.78:45072, 2e00c254-a960-46cf-8104-71cb4143f99c:192.168.151.78:40285], old=null at 0
2019-09-19 11:32:42,122 [grpc-default-executor-1] INFO  segmented.SegmentedRaftLogWorker (SegmentedRaftLogWorker.java:startLogSegment(380)) - 63e05236-8305-47a5-b02f-2c763e5fdb03@group-3A65E022AE84-SegmentedRaftLogWorker: Starting segment from index:0
2019-09-19 11:32:42,127 [889235f3-a76e-47d5-a143-813f13157864@group-5788FEF66F6B:LeaderElection83] INFO  impl.LeaderElection (LeaderElection.java:askForVotes(182)) - 889235f3-a76e-47d5-a143-813f13157864@group-5788FEF66F6B:LeaderElection83: begin an election at term 1 for -1: [889235f3-a76e-47d5-a143-813f13157864:192.168.151.78:42282], old=null
2019-09-19 11:32:42,127 [5bed50f2-212d-4f1b-95cd-0fce23670d52@group-D3DBCD25A75A:LeaderElection84] INFO  impl.LeaderElection (LeaderElection.java:askForVotes(182)) - 5bed50f2-212d-4f1b-95cd-0fce23670d52@group-D3DBCD25A75A:LeaderElection84: begin an election at term 1 for -1: [dde64a51-f237-4bb2-8c6a-bc9e89b7d1d2:192.168.151.78:37810, 5bed50f2-212d-4f1b-95cd-0fce23670d52:192.168.151.78:33227, 889235f3-a76e-47d5-a143-813f13157864:192.168.151.78:42282], old=null
2019-09-19 11:32:42,127 [889235f3-a76e-47d5-a143-813f13157864@group-5788FEF66F6B:LeaderElection83] INFO  impl.RoleInfo (RoleInfo.java:shutdownLeaderElection(134)) - 889235f3-a76e-47d5-a143-813f13157864: shutdown LeaderElection
2019-09-19 11:32:42,127 [889235f3-a76e-47d5-a143-813f13157864@group-5788FEF66F6B:LeaderElection83] INFO  impl.RaftServerImpl (RaftServerImpl.java:setRole(174)) - 889235f3-a76e-47d5-a143-813f13157864@group-5788FEF66F6B: changes role from CANDIDATE to LEADER at term 1 for changeToLeader
2019-09-19 11:32:42,127 [889235f3-a76e-47d5-a143-813f13157864@group-5788FEF66F6B:LeaderElection83] INFO  impl.RaftServerImpl (ServerState.java:setLeader(253)) - 889235f3-a76e-47d5-a143-813f13157864@group-5788FEF66F6B: change Leader from null to 889235f3-a76e-47d5-a143-813f13157864 at term 1 for becomeLeader, leader elected after 5155ms
2019-09-19 11:32:42,128 [889235f3-a76e-47d5-a143-813f13157864@group-5788FEF66F6B:LeaderElection83] INFO  server.RaftServerConfigKeys (ConfUtils.java:logGet(43)) - raft.server.staging.catchup.gap = 1000 (default)
2019-09-19 11:32:42,128 [889235f3-a76e-47d5-a143-813f13157864@group-5788FEF66F6B:LeaderElection83] INFO  server.RaftServerConfigKeys (ConfUtils.java:logGet(43)) - raft.server.rpc.sleep.time = 25ms (default)
2019-09-19 11:32:42,128 [889235f3-a76e-47d5-a143-813f13157864@group-5788FEF66F6B:LeaderElection83] INFO  server.RaftServerConfigKeys (ConfUtils.java:logGet(43)) - raft.server.write.element-limit = 4096 (default)
2019-09-19 11:32:42,128 [889235f3-a76e-47d5-a143-813f13157864@group-5788FEF66F6B:LeaderElection83] INFO  server.RaftServerConfigKeys (ConfUtils.java:logGet(43)) - raft.server.watch.timeout = 10s (default)
2019-09-19 11:32:42,128 [889235f3-a76e-47d5-a143-813f13157864@group-5788FEF66F6B:LeaderElection83] INFO  server.RaftServerConfigKeys (ConfUtils.java:logGet(43)) - raft.server.watch.timeout.denomination = 1s (default)
2019-09-19 11:32:42,128 [889235f3-a76e-47d5-a143-813f13157864@group-5788FEF66F6B:LeaderElection83] INFO  server.RaftServerConfigKeys (ConfUtils.java:logGet(43)) - raft.server.watch.element-limit = 65536 (default)
2019-09-19 11:32:42,130 [889235f3-a76e-47d5-a143-813f13157864@group-5788FEF66F6B:LeaderElection83] INFO  impl.RoleInfo (RoleInfo.java:updateAndGet(143)) - 889235f3-a76e-47d5-a143-813f13157864: start LeaderState
2019-09-19 11:32:42,130 [889235f3-a76e-47d5-a143-813f13157864@group-5788FEF66F6B:LeaderElection83] INFO  segmented.SegmentedRaftLogWorker (SegmentedRaftLogWorker.java:startLogSegment(380)) - 889235f3-a76e-47d5-a143-813f13157864@group-5788FEF66F6B-SegmentedRaftLogWorker: Starting segment from index:0
2019-09-19 11:32:42,130 [grpc-default-executor-0] INFO  impl.RaftServerImpl (RaftServerImpl.java:setRole(174)) - 889235f3-a76e-47d5-a143-813f13157864@group-D3DBCD25A75A: changes role from  FOLLOWER to FOLLOWER at term 1 for recognizeCandidate:5bed50f2-212d-4f1b-95cd-0fce23670d52
2019-09-19 11:32:42,130 [grpc-default-executor-0] INFO  impl.RoleInfo (RoleInfo.java:shutdownFollowerState(121)) - 889235f3-a76e-47d5-a143-813f13157864: shutdown FollowerState
2019-09-19 11:32:42,130 [889235f3-a76e-47d5-a143-813f13157864@group-5788FEF66F6B:LeaderElection83] INFO  impl.RaftServerImpl (ServerState.java:setRaftConf(354)) - 889235f3-a76e-47d5-a143-813f13157864@group-5788FEF66F6B: set configuration 0: [889235f3-a76e-47d5-a143-813f13157864:192.168.151.78:42282], old=null at 0
2019-09-19 11:32:42,130 [grpc-default-executor-1] INFO  impl.RaftServerImpl (RaftServerImpl.java:setRole(174)) - dde64a51-f237-4bb2-8c6a-bc9e89b7d1d2@group-D3DBCD25A75A: changes role from  FOLLOWER to FOLLOWER at term 1 for recognizeCandidate:5bed50f2-212d-4f1b-95cd-0fce23670d52
2019-09-19 11:32:42,130 [grpc-default-executor-0] INFO  impl.RoleInfo (RoleInfo.java:updateAndGet(143)) - 889235f3-a76e-47d5-a143-813f13157864: start FollowerState
2019-09-19 11:32:42,131 [grpc-default-executor-1] INFO  impl.RoleInfo (RoleInfo.java:shutdownFollowerState(121)) - dde64a51-f237-4bb2-8c6a-bc9e89b7d1d2: shutdown FollowerState
2019-09-19 11:32:42,131 [Thread-3579] INFO  impl.FollowerState (FollowerState.java:run(115)) - 889235f3-a76e-47d5-a143-813f13157864: FollowerState was interrupted: java.lang.InterruptedException: sleep interrupted
2019-09-19 11:32:42,131 [Thread-3584] INFO  impl.FollowerState (FollowerState.java:run(115)) - dde64a51-f237-4bb2-8c6a-bc9e89b7d1d2: FollowerState was interrupted: java.lang.InterruptedException: sleep interrupted
2019-09-19 11:32:42,131 [grpc-default-executor-1] INFO  impl.RoleInfo (RoleInfo.java:updateAndGet(143)) - dde64a51-f237-4bb2-8c6a-bc9e89b7d1d2: start FollowerState
2019-09-19 11:32:42,171 [Thread-3575] INFO  impl.FollowerState (FollowerState.java:run(106)) - dde64a51-f237-4bb2-8c6a-bc9e89b7d1d2:group-7B998BF9C407 changes to CANDIDATE, lastRpcTime:5136, electionTimeout:5115ms
2019-09-19 11:32:42,174 [Thread-3575] INFO  impl.RoleInfo (RoleInfo.java:shutdownFollowerState(121)) - dde64a51-f237-4bb2-8c6a-bc9e89b7d1d2: shutdown FollowerState
2019-09-19 11:32:42,174 [Thread-3575] INFO  impl.RaftServerImpl (RaftServerImpl.java:setRole(174)) - dde64a51-f237-4bb2-8c6a-bc9e89b7d1d2@group-7B998BF9C407: changes role from  FOLLOWER to CANDIDATE at term 0 for changeToCandidate
2019-09-19 11:32:42,174 [Thread-3575] INFO  impl.RoleInfo (RoleInfo.java:updateAndGet(143)) - dde64a51-f237-4bb2-8c6a-bc9e89b7d1d2: start LeaderElection
2019-09-19 11:32:42,184 [63e05236-8305-47a5-b02f-2c763e5fdb03@group-3A65E022AE84-SegmentedRaftLogWorker] INFO  segmented.SegmentedRaftLogWorker (SegmentedRaftLogWorker.java:execute(569)) - 63e05236-8305-47a5-b02f-2c763e5fdb03@group-3A65E022AE84-SegmentedRaftLogWorker: created new log segment /workdir/hadoop-ozone/integration-test/target/test-dir/MiniOzoneClusterImpl-eb9be736-53bb-493b-b684-0bc14884a5e7/datanode-1/data/ratis/8a7dd03c-5320-4de8-991e-3a65e022ae84/current/log_inprogress_0
2019-09-19 11:32:42,184 [342e2bcd-9bfb-464c-b5cb-8416a3830fb7@group-3A65E022AE84-SegmentedRaftLogWorker] INFO  segmented.SegmentedRaftLogWorker (SegmentedRaftLogWorker.java:execute(569)) - 342e2bcd-9bfb-464c-b5cb-8416a3830fb7@group-3A65E022AE84-SegmentedRaftLogWorker: created new log segment /workdir/hadoop-ozone/integration-test/target/test-dir/MiniOzoneClusterImpl-eb9be736-53bb-493b-b684-0bc14884a5e7/datanode-0/data/ratis/8a7dd03c-5320-4de8-991e-3a65e022ae84/current/log_inprogress_0
2019-09-19 11:32:42,184 [dde64a51-f237-4bb2-8c6a-bc9e89b7d1d2@group-7B998BF9C407:LeaderElection85] INFO  impl.LeaderElection (LeaderElection.java:askForVotes(182)) - dde64a51-f237-4bb2-8c6a-bc9e89b7d1d2@group-7B998BF9C407:LeaderElection85: begin an election at term 1 for -1: [dde64a51-f237-4bb2-8c6a-bc9e89b7d1d2:192.168.151.78:37810], old=null
2019-09-19 11:32:42,184 [889235f3-a76e-47d5-a143-813f13157864@group-5788FEF66F6B-SegmentedRaftLogWorker] INFO  segmented.SegmentedRaftLogWorker (SegmentedRaftLogWorker.java:execute(569)) - 889235f3-a76e-47d5-a143-813f13157864@group-5788FEF66F6B-SegmentedRaftLogWorker: created new log segment /workdir/hadoop-ozone/integration-test/target/test-dir/MiniOzoneClusterImpl-eb9be736-53bb-493b-b684-0bc14884a5e7/datanode-4/data/ratis/c6e10bf8-845c-4981-808b-5788fef66f6b/current/log_inprogress_0
2019-09-19 11:32:42,184 [dde64a51-f237-4bb2-8c6a-bc9e89b7d1d2@group-7B998BF9C407:LeaderElection85] INFO  impl.RoleInfo (RoleInfo.java:shutdownLeaderElection(134)) - dde64a51-f237-4bb2-8c6a-bc9e89b7d1d2: shutdown LeaderElection
2019-09-19 11:32:42,187 [dde64a51-f237-4bb2-8c6a-bc9e89b7d1d2@group-7B998BF9C407:LeaderElection85] INFO  impl.RaftServerImpl (RaftServerImpl.java:setRole(174)) - dde64a51-f237-4bb2-8c6a-bc9e89b7d1d2@group-7B998BF9C407: changes role from CANDIDATE to LEADER at term 1 for changeToLeader
2019-09-19 11:32:42,187 [dde64a51-f237-4bb2-8c6a-bc9e89b7d1d2@group-7B998BF9C407:LeaderElection85] INFO  impl.RaftServerImpl (ServerState.java:setLeader(253)) - dde64a51-f237-4bb2-8c6a-bc9e89b7d1d2@group-7B998BF9C407: change Leader from null to dde64a51-f237-4bb2-8c6a-bc9e89b7d1d2 at term 1 for becomeLeader, leader elected after 5157ms
2019-09-19 11:32:42,196 [5bed50f2-212d-4f1b-95cd-0fce23670d52@group-D3DBCD25A75A:LeaderElection84] INFO  impl.LeaderElection (LeaderElection.java:logAndReturn(56)) - 5bed50f2-212d-4f1b-95cd-0fce23670d52@group-D3DBCD25A75A:LeaderElection84: Election PASSED; received 1 response(s) [5bed50f2-212d-4f1b-95cd-0fce23670d52<-889235f3-a76e-47d5-a143-813f13157864#0:OK-t1] and 0 exception(s); 5bed50f2-212d-4f1b-95cd-0fce23670d52@group-D3DBCD25A75A:t1, leader=null, voted=5bed50f2-212d-4f1b-95cd-0fce23670d52, raftlog=5bed50f2-212d-4f1b-95cd-0fce23670d52@group-D3DBCD25A75A-SegmentedRaftLog:OPENED:c-1,f-1,i0, conf=-1: [dde64a51-f237-4bb2-8c6a-bc9e89b7d1d2:192.168.151.78:37810, 5bed50f2-212d-4f1b-95cd-0fce23670d52:192.168.151.78:33227, 889235f3-a76e-47d5-a143-813f13157864:192.168.151.78:42282], old=null
2019-09-19 11:32:42,196 [dde64a51-f237-4bb2-8c6a-bc9e89b7d1d2@group-7B998BF9C407:LeaderElection85] INFO  server.RaftServerConfigKeys (ConfUtils.java:logGet(43)) - raft.server.staging.catchup.gap = 1000 (default)
2019-09-19 11:32:42,196 [5bed50f2-212d-4f1b-95cd-0fce23670d52@group-D3DBCD25A75A:LeaderElection84] INFO  impl.RoleInfo (RoleInfo.java:shutdownLeaderElection(134)) - 5bed50f2-212d-4f1b-95cd-0fce23670d52: shutdown LeaderElection
2019-09-19 11:32:42,197 [dde64a51-f237-4bb2-8c6a-bc9e89b7d1d2@group-7B998BF9C407:LeaderElection85] INFO  server.RaftServerConfigKeys (ConfUtils.java:logGet(43)) - raft.server.rpc.sleep.time = 25ms (default)
2019-09-19 11:32:42,199 [5bed50f2-212d-4f1b-95cd-0fce23670d52@group-D3DBCD25A75A:LeaderElection84] INFO  impl.RaftServerImpl (RaftServerImpl.java:setRole(174)) - 5bed50f2-212d-4f1b-95cd-0fce23670d52@group-D3DBCD25A75A: changes role from CANDIDATE to LEADER at term 1 for changeToLeader
2019-09-19 11:32:42,199 [dde64a51-f237-4bb2-8c6a-bc9e89b7d1d2@group-7B998BF9C407:LeaderElection85] INFO  server.RaftServerConfigKeys (ConfUtils.java:logGet(43)) - raft.server.write.element-limit = 4096 (default)
2019-09-19 11:32:42,199 [5bed50f2-212d-4f1b-95cd-0fce23670d52@group-D3DBCD25A75A:LeaderElection84] INFO  impl.RaftServerImpl (ServerState.java:setLeader(253)) - 5bed50f2-212d-4f1b-95cd-0fce23670d52@group-D3DBCD25A75A: change Leader from null to 5bed50f2-212d-4f1b-95cd-0fce23670d52 at term 1 for becomeLeader, leader elected after 5142ms
2019-09-19 11:32:42,199 [dde64a51-f237-4bb2-8c6a-bc9e89b7d1d2@group-7B998BF9C407:LeaderElection85] INFO  server.RaftServerConfigKeys (ConfUtils.java:logGet(43)) - raft.server.watch.timeout = 10s (default)
2019-09-19 11:32:42,199 [5bed50f2-212d-4f1b-95cd-0fce23670d52@group-D3DBCD25A75A:LeaderElection84] INFO  server.RaftServerConfigKeys (ConfUtils.java:logGet(43)) - raft.server.staging.catchup.gap = 1000 (default)
2019-09-19 11:32:42,199 [dde64a51-f237-4bb2-8c6a-bc9e89b7d1d2@group-7B998BF9C407:LeaderElection85] INFO  server.RaftServerConfigKeys (ConfUtils.java:logGet(43)) - raft.server.watch.timeout.denomination = 1s (default)
2019-09-19 11:32:42,199 [5bed50f2-212d-4f1b-95cd-0fce23670d52@group-D3DBCD25A75A:LeaderElection84] INFO  server.RaftServerConfigKeys (ConfUtils.java:logGet(43)) - raft.server.rpc.sleep.time = 25ms (default)
2019-09-19 11:32:42,199 [dde64a51-f237-4bb2-8c6a-bc9e89b7d1d2@group-7B998BF9C407:LeaderElection85] INFO  server.RaftServerConfigKeys (ConfUtils.java:logGet(43)) - raft.server.watch.element-limit = 65536 (default)
2019-09-19 11:32:42,199 [5bed50f2-212d-4f1b-95cd-0fce23670d52@group-D3DBCD25A75A:LeaderElection84] INFO  server.RaftServerConfigKeys (ConfUtils.java:logGet(43)) - raft.server.write.element-limit = 4096 (default)
2019-09-19 11:32:42,200 [5bed50f2-212d-4f1b-95cd-0fce23670d52@group-D3DBCD25A75A:LeaderElection84] INFO  server.RaftServerConfigKeys (ConfUtils.java:logGet(43)) - raft.server.watch.timeout = 10s (default)
2019-09-19 11:32:42,200 [5bed50f2-212d-4f1b-95cd-0fce23670d52@group-D3DBCD25A75A:LeaderElection84] INFO  server.RaftServerConfigKeys (ConfUtils.java:logGet(43)) - raft.server.watch.timeout.denomination = 1s (default)
2019-09-19 11:32:42,200 [5bed50f2-212d-4f1b-95cd-0fce23670d52@group-D3DBCD25A75A:LeaderElection84] INFO  server.RaftServerConfigKeys (ConfUtils.java:logGet(43)) - raft.server.watch.element-limit = 65536 (default)
2019-09-19 11:32:42,201 [dde64a51-f237-4bb2-8c6a-bc9e89b7d1d2@group-7B998BF9C407:LeaderElection85] INFO  impl.RoleInfo (RoleInfo.java:updateAndGet(143)) - dde64a51-f237-4bb2-8c6a-bc9e89b7d1d2: start LeaderState
2019-09-19 11:32:42,201 [dde64a51-f237-4bb2-8c6a-bc9e89b7d1d2@group-7B998BF9C407:LeaderElection85] INFO  segmented.SegmentedRaftLogWorker (SegmentedRaftLogWorker.java:startLogSegment(380)) - dde64a51-f237-4bb2-8c6a-bc9e89b7d1d2@group-7B998BF9C407-SegmentedRaftLogWorker: Starting segment from index:0
2019-09-19 11:32:42,201 [dde64a51-f237-4bb2-8c6a-bc9e89b7d1d2@group-7B998BF9C407:LeaderElection85] INFO  impl.RaftServerImpl (ServerState.java:setRaftConf(354)) - dde64a51-f237-4bb2-8c6a-bc9e89b7d1d2@group-7B998BF9C407: set configuration 0: [dde64a51-f237-4bb2-8c6a-bc9e89b7d1d2:192.168.151.78:37810], old=null at 0
2019-09-19 11:32:42,202 [5bed50f2-212d-4f1b-95cd-0fce23670d52@group-D3DBCD25A75A:LeaderElection84] INFO  server.RaftServerConfigKeys (ConfUtils.java:logGet(43)) - raft.server.log.appender.snapshot.chunk.size.max = 16MB (=16777216) (default)
2019-09-19 11:32:42,202 [5bed50f2-212d-4f1b-95cd-0fce23670d52@group-D3DBCD25A75A:LeaderElection84] INFO  server.RaftServerConfigKeys (ConfUtils.java:logGet(43)) - raft.server.log.appender.buffer.byte-limit = 33554432 (custom)
2019-09-19 11:32:42,202 [5bed50f2-212d-4f1b-95cd-0fce23670d52@group-D3DBCD25A75A:LeaderElection84] INFO  server.RaftServerConfigKeys (ConfUtils.java:logGet(43)) - raft.server.log.appender.buffer.element-limit = 1 (custom)
2019-09-19 11:32:42,203 [5bed50f2-212d-4f1b-95cd-0fce23670d52@group-D3DBCD25A75A:LeaderElection84] INFO  grpc.GrpcConfigKeys$Server (ConfUtils.java:logGet(43)) - raft.grpc.server.leader.outstanding.appends.max = 128 (default)
2019-09-19 11:32:42,203 [5bed50f2-212d-4f1b-95cd-0fce23670d52@group-D3DBCD25A75A:LeaderElection84] INFO  server.RaftServerConfigKeys (ConfUtils.java:logGet(43)) - raft.server.rpc.request.timeout = 3000ms (default)
2019-09-19 11:32:42,203 [5bed50f2-212d-4f1b-95cd-0fce23670d52@group-D3DBCD25A75A:LeaderElection84] INFO  server.RaftServerConfigKeys (ConfUtils.java:logGet(43)) - raft.server.log.appender.install.snapshot.enabled = false (custom)
2019-09-19 11:32:42,203 [5bed50f2-212d-4f1b-95cd-0fce23670d52@group-D3DBCD25A75A:LeaderElection84] INFO  server.RaftServerConfigKeys (ConfUtils.java:logGet(43)) - raft.server.log.appender.snapshot.chunk.size.max = 16MB (=16777216) (default)
2019-09-19 11:32:42,203 [5bed50f2-212d-4f1b-95cd-0fce23670d52@group-D3DBCD25A75A:LeaderElection84] INFO  server.RaftServerConfigKeys (ConfUtils.java:logGet(43)) - raft.server.log.appender.buffer.byte-limit = 33554432 (custom)
2019-09-19 11:32:42,203 [5bed50f2-212d-4f1b-95cd-0fce23670d52@group-D3DBCD25A75A:LeaderElection84] INFO  server.RaftServerConfigKeys (ConfUtils.java:logGet(43)) - raft.server.log.appender.buffer.element-limit = 1 (custom)
2019-09-19 11:32:42,204 [5bed50f2-212d-4f1b-95cd-0fce23670d52@group-D3DBCD25A75A:LeaderElection84] INFO  grpc.GrpcConfigKeys$Server (ConfUtils.java:logGet(43)) - raft.grpc.server.leader.outstanding.appends.max = 128 (default)
2019-09-19 11:32:42,204 [5bed50f2-212d-4f1b-95cd-0fce23670d52@group-D3DBCD25A75A:LeaderElection84] INFO  server.RaftServerConfigKeys (ConfUtils.java:logGet(43)) - raft.server.rpc.request.timeout = 3000ms (default)
2019-09-19 11:32:42,204 [5bed50f2-212d-4f1b-95cd-0fce23670d52@group-D3DBCD25A75A:LeaderElection84] INFO  server.RaftServerConfigKeys (ConfUtils.java:logGet(43)) - raft.server.log.appender.install.snapshot.enabled = false (custom)
2019-09-19 11:32:42,204 [5bed50f2-212d-4f1b-95cd-0fce23670d52@group-D3DBCD25A75A:LeaderElection84] INFO  impl.RoleInfo (RoleInfo.java:updateAndGet(143)) - 5bed50f2-212d-4f1b-95cd-0fce23670d52: start LeaderState
2019-09-19 11:32:42,204 [5bed50f2-212d-4f1b-95cd-0fce23670d52@group-D3DBCD25A75A:LeaderElection84] INFO  segmented.SegmentedRaftLogWorker (SegmentedRaftLogWorker.java:startLogSegment(380)) - 5bed50f2-212d-4f1b-95cd-0fce23670d52@group-D3DBCD25A75A-SegmentedRaftLogWorker: Starting segment from index:0
2019-09-19 11:32:42,205 [5bed50f2-212d-4f1b-95cd-0fce23670d52@group-D3DBCD25A75A:LeaderElection84] INFO  impl.RaftServerImpl (ServerState.java:setRaftConf(354)) - 5bed50f2-212d-4f1b-95cd-0fce23670d52@group-D3DBCD25A75A: set configuration 0: [dde64a51-f237-4bb2-8c6a-bc9e89b7d1d2:192.168.151.78:37810, 5bed50f2-212d-4f1b-95cd-0fce23670d52:192.168.151.78:33227, 889235f3-a76e-47d5-a143-813f13157864:192.168.151.78:42282], old=null at 0
2019-09-19 11:32:42,234 [grpc-default-executor-1] INFO  impl.RaftServerImpl (ServerState.java:setLeader(253)) - 889235f3-a76e-47d5-a143-813f13157864@group-D3DBCD25A75A: change Leader from null to 5bed50f2-212d-4f1b-95cd-0fce23670d52 at term 1 for appendEntries, leader elected after 5177ms
2019-09-19 11:32:42,237 [grpc-default-executor-0] INFO  impl.RaftServerImpl (ServerState.java:setLeader(253)) - dde64a51-f237-4bb2-8c6a-bc9e89b7d1d2@group-D3DBCD25A75A: change Leader from null to 5bed50f2-212d-4f1b-95cd-0fce23670d52 at term 1 for appendEntries, leader elected after 5180ms
2019-09-19 11:32:42,238 [grpc-default-executor-1] INFO  impl.RaftServerImpl (ServerState.java:setRaftConf(354)) - 889235f3-a76e-47d5-a143-813f13157864@group-D3DBCD25A75A: set configuration 0: [dde64a51-f237-4bb2-8c6a-bc9e89b7d1d2:192.168.151.78:37810, 5bed50f2-212d-4f1b-95cd-0fce23670d52:192.168.151.78:33227, 889235f3-a76e-47d5-a143-813f13157864:192.168.151.78:42282], old=null at 0
2019-09-19 11:32:42,238 [grpc-default-executor-1] INFO  segmented.SegmentedRaftLogWorker (SegmentedRaftLogWorker.java:startLogSegment(380)) - 889235f3-a76e-47d5-a143-813f13157864@group-D3DBCD25A75A-SegmentedRaftLogWorker: Starting segment from index:0
2019-09-19 11:32:42,239 [grpc-default-executor-1] INFO  impl.RaftServerImpl (ServerState.java:setRaftConf(354)) - dde64a51-f237-4bb2-8c6a-bc9e89b7d1d2@group-D3DBCD25A75A: set configuration 0: [dde64a51-f237-4bb2-8c6a-bc9e89b7d1d2:192.168.151.78:37810, 5bed50f2-212d-4f1b-95cd-0fce23670d52:192.168.151.78:33227, 889235f3-a76e-47d5-a143-813f13157864:192.168.151.78:42282], old=null at 0
2019-09-19 11:32:42,240 [grpc-default-executor-1] INFO  segmented.SegmentedRaftLogWorker (SegmentedRaftLogWorker.java:startLogSegment(380)) - dde64a51-f237-4bb2-8c6a-bc9e89b7d1d2@group-D3DBCD25A75A-SegmentedRaftLogWorker: Starting segment from index:0
2019-09-19 11:32:42,264 [5bed50f2-212d-4f1b-95cd-0fce23670d52@group-D3DBCD25A75A-SegmentedRaftLogWorker] INFO  segmented.SegmentedRaftLogWorker (SegmentedRaftLogWorker.java:execute(569)) - 5bed50f2-212d-4f1b-95cd-0fce23670d52@group-D3DBCD25A75A-SegmentedRaftLogWorker: created new log segment /workdir/hadoop-ozone/integration-test/target/test-dir/MiniOzoneClusterImpl-eb9be736-53bb-493b-b684-0bc14884a5e7/datanode-3/data/ratis/c24478ec-42af-4c48-a592-d3dbcd25a75a/current/log_inprogress_0
2019-09-19 11:32:42,263 [dde64a51-f237-4bb2-8c6a-bc9e89b7d1d2@group-7B998BF9C407-SegmentedRaftLogWorker] INFO  segmented.SegmentedRaftLogWorker (SegmentedRaftLogWorker.java:execute(569)) - dde64a51-f237-4bb2-8c6a-bc9e89b7d1d2@group-7B998BF9C407-SegmentedRaftLogWorker: created new log segment /workdir/hadoop-ozone/integration-test/target/test-dir/MiniOzoneClusterImpl-eb9be736-53bb-493b-b684-0bc14884a5e7/datanode-5/data/ratis/2b2317c3-7e23-4051-95ce-7b998bf9c407/current/log_inprogress_0
2019-09-19 11:32:42,266 [889235f3-a76e-47d5-a143-813f13157864@group-D3DBCD25A75A-SegmentedRaftLogWorker] INFO  segmented.SegmentedRaftLogWorker (SegmentedRaftLogWorker.java:execute(569)) - 889235f3-a76e-47d5-a143-813f13157864@group-D3DBCD25A75A-SegmentedRaftLogWorker: created new log segment /workdir/hadoop-ozone/integration-test/target/test-dir/MiniOzoneClusterImpl-eb9be736-53bb-493b-b684-0bc14884a5e7/datanode-4/data/ratis/c24478ec-42af-4c48-a592-d3dbcd25a75a/current/log_inprogress_0
2019-09-19 11:32:42,267 [grpc-default-executor-1] INFO  client.GrpcClientProtocolClient (GrpcClientProtocolClient.java:onNext(264)) - client-56797D165B3B->dde64a51-f237-4bb2-8c6a-bc9e89b7d1d2: receive RaftClientReply:client-56797D165B3B->dde64a51-f237-4bb2-8c6a-bc9e89b7d1d2@group-D3DBCD25A75A, cid=219, FAILED org.apache.ratis.protocol.NotLeaderException: Server dde64a51-f237-4bb2-8c6a-bc9e89b7d1d2@group-D3DBCD25A75A is not the leader 5bed50f2-212d-4f1b-95cd-0fce23670d52:192.168.151.78:33227, logIndex=0, commits[dde64a51-f237-4bb2-8c6a-bc9e89b7d1d2:c-1, 5bed50f2-212d-4f1b-95cd-0fce23670d52:c-1, 889235f3-a76e-47d5-a143-813f13157864:c-1]
2019-09-19 11:32:42,302 [dde64a51-f237-4bb2-8c6a-bc9e89b7d1d2@group-D3DBCD25A75A-SegmentedRaftLogWorker] INFO  segmented.SegmentedRaftLogWorker (SegmentedRaftLogWorker.java:execute(569)) - dde64a51-f237-4bb2-8c6a-bc9e89b7d1d2@group-D3DBCD25A75A-SegmentedRaftLogWorker: created new log segment /workdir/hadoop-ozone/integration-test/target/test-dir/MiniOzoneClusterImpl-eb9be736-53bb-493b-b684-0bc14884a5e7/datanode-5/data/ratis/c24478ec-42af-4c48-a592-d3dbcd25a75a/current/log_inprogress_0
2019-09-19 11:32:42,466 [grpc-default-executor-0] INFO  client.GrpcClientProtocolClient (GrpcClientProtocolClient.java:onNext(264)) - client-56797D165B3B->5bed50f2-212d-4f1b-95cd-0fce23670d52: receive RaftClientReply:client-56797D165B3B->5bed50f2-212d-4f1b-95cd-0fce23670d52@group-D3DBCD25A75A, cid=219, SUCCESS, logIndex=1, commits[5bed50f2-212d-4f1b-95cd-0fce23670d52:c1, dde64a51-f237-4bb2-8c6a-bc9e89b7d1d2:c0, 889235f3-a76e-47d5-a143-813f13157864:c0]
2019-09-19 11:32:42,501 [grpc-default-executor-0] INFO  client.GrpcClientProtocolClient (GrpcClientProtocolClient.java:onNext(264)) - client-56797D165B3B->5bed50f2-212d-4f1b-95cd-0fce23670d52: receive RaftClientReply:client-56797D165B3B->5bed50f2-212d-4f1b-95cd-0fce23670d52@group-D3DBCD25A75A, cid=220, SUCCESS, logIndex=3, commits[5bed50f2-212d-4f1b-95cd-0fce23670d52:c3, dde64a51-f237-4bb2-8c6a-bc9e89b7d1d2:c1, 889235f3-a76e-47d5-a143-813f13157864:c2]
2019-09-19 11:32:42,707 [grpc-default-executor-0] INFO  client.GrpcClientProtocolClient (GrpcClientProtocolClient.java:onNext(264)) - client-56797D165B3B->5bed50f2-212d-4f1b-95cd-0fce23670d52: receive RaftClientReply:client-56797D165B3B->5bed50f2-212d-4f1b-95cd-0fce23670d52@group-D3DBCD25A75A, cid=221, SUCCESS, logIndex=4, commits[5bed50f2-212d-4f1b-95cd-0fce23670d52:c6, dde64a51-f237-4bb2-8c6a-bc9e89b7d1d2:c3, 889235f3-a76e-47d5-a143-813f13157864:c3]
2019-09-19 11:32:43,708 [main] WARN  scm.XceiverClientRatis (XceiverClientRatis.java:watchForCommit(262)) - 3 way commit failed on pipeline Pipeline[ Id: c24478ec-42af-4c48-a592-d3dbcd25a75a, Nodes: dde64a51-f237-4bb2-8c6a-bc9e89b7d1d2{ip: 192.168.151.78, host: pr-hdds-2154-j8s56-3842691507, networkLocation: /default-rack, certSerialId: null}889235f3-a76e-47d5-a143-813f13157864{ip: 192.168.151.78, host: pr-hdds-2154-j8s56-3842691507, networkLocation: /default-rack, certSerialId: null}5bed50f2-212d-4f1b-95cd-0fce23670d52{ip: 192.168.151.78, host: pr-hdds-2154-j8s56-3842691507, networkLocation: /default-rack, certSerialId: null}, Type:RATIS, Factor:THREE, State:OPEN]
java.util.concurrent.TimeoutException
	at java.util.concurrent.CompletableFuture.timedGet(CompletableFuture.java:1771)
	at java.util.concurrent.CompletableFuture.get(CompletableFuture.java:1915)
	at org.apache.hadoop.hdds.scm.XceiverClientRatis.watchForCommit(XceiverClientRatis.java:259)
	at org.apache.hadoop.hdds.scm.storage.CommitWatcher.watchForCommit(CommitWatcher.java:194)
	at org.apache.hadoop.hdds.scm.storage.CommitWatcher.watchOnLastIndex(CommitWatcher.java:157)
	at org.apache.hadoop.hdds.scm.storage.BlockOutputStream.watchForCommit(BlockOutputStream.java:347)
	at org.apache.hadoop.hdds.scm.storage.BlockOutputStream.handleFlush(BlockOutputStream.java:479)
	at org.apache.hadoop.hdds.scm.storage.BlockOutputStream.flush(BlockOutputStream.java:428)
	at org.apache.hadoop.ozone.client.io.BlockOutputStreamEntry.flush(BlockOutputStreamEntry.java:136)
	at org.apache.hadoop.ozone.client.io.KeyOutputStream.handleFlushOrClose(KeyOutputStream.java:443)
	at org.apache.hadoop.ozone.client.io.KeyOutputStream.flush(KeyOutputStream.java:397)
	at org.apache.hadoop.ozone.client.io.OzoneOutputStream.flush(OzoneOutputStream.java:54)
	at org.apache.hadoop.ozone.client.rpc.TestBlockOutputStreamWithFailures.testFailureWithPrimeSizedData(TestBlockOutputStreamWithFailures.java:599)
	at sun.reflect.NativeMethodAccessorImpl.invoke0(Native Method)
	at sun.reflect.NativeMethodAccessorImpl.invoke(NativeMethodAccessorImpl.java:62)
	at sun.reflect.DelegatingMethodAccessorImpl.invoke(DelegatingMethodAccessorImpl.java:43)
	at java.lang.reflect.Method.invoke(Method.java:498)
	at org.junit.runners.model.FrameworkMethod$1.runReflectiveCall(FrameworkMethod.java:47)
	at org.junit.internal.runners.model.ReflectiveCallable.run(ReflectiveCallable.java:12)
	at org.junit.runners.model.FrameworkMethod.invokeExplosively(FrameworkMethod.java:44)
	at org.junit.internal.runners.statements.InvokeMethod.evaluate(InvokeMethod.java:17)
	at org.junit.internal.runners.statements.RunBefores.evaluate(RunBefores.java:26)
	at org.junit.internal.runners.statements.RunAfters.evaluate(RunAfters.java:27)
	at org.junit.runners.ParentRunner.runLeaf(ParentRunner.java:271)
	at org.junit.runners.BlockJUnit4ClassRunner.runChild(BlockJUnit4ClassRunner.java:70)
	at org.junit.runners.BlockJUnit4ClassRunner.runChild(BlockJUnit4ClassRunner.java:50)
	at org.junit.runners.ParentRunner$3.run(ParentRunner.java:238)
	at org.junit.runners.ParentRunner$1.schedule(ParentRunner.java:63)
	at org.junit.runners.ParentRunner.runChildren(ParentRunner.java:236)
	at org.junit.runners.ParentRunner.access$000(ParentRunner.java:53)
	at org.junit.runners.ParentRunner$2.evaluate(ParentRunner.java:229)
	at org.junit.runners.ParentRunner.run(ParentRunner.java:309)
	at org.apache.maven.surefire.junit4.JUnit4Provider.execute(JUnit4Provider.java:365)
	at org.apache.maven.surefire.junit4.JUnit4Provider.executeWithRerun(JUnit4Provider.java:273)
	at org.apache.maven.surefire.junit4.JUnit4Provider.executeTestSet(JUnit4Provider.java:238)
	at org.apache.maven.surefire.junit4.JUnit4Provider.invoke(JUnit4Provider.java:159)
	at org.apache.maven.surefire.booter.ForkedBooter.invokeProviderInSameClassLoader(ForkedBooter.java:384)
	at org.apache.maven.surefire.booter.ForkedBooter.runSuitesInProcess(ForkedBooter.java:345)
	at org.apache.maven.surefire.booter.ForkedBooter.execute(ForkedBooter.java:126)
	at org.apache.maven.surefire.booter.ForkedBooter.main(ForkedBooter.java:418)
2019-09-19 11:32:44,714 [main] WARN  storage.CommitWatcher (CommitWatcher.java:watchForCommit(203)) - watchForCommit failed for index 4
java.util.concurrent.TimeoutException
	at java.util.concurrent.CompletableFuture.timedGet(CompletableFuture.java:1771)
	at java.util.concurrent.CompletableFuture.get(CompletableFuture.java:1915)
	at org.apache.hadoop.hdds.scm.XceiverClientRatis.watchForCommit(XceiverClientRatis.java:268)
	at org.apache.hadoop.hdds.scm.storage.CommitWatcher.watchForCommit(CommitWatcher.java:194)
	at org.apache.hadoop.hdds.scm.storage.CommitWatcher.watchOnLastIndex(CommitWatcher.java:157)
	at org.apache.hadoop.hdds.scm.storage.BlockOutputStream.watchForCommit(BlockOutputStream.java:347)
	at org.apache.hadoop.hdds.scm.storage.BlockOutputStream.handleFlush(BlockOutputStream.java:479)
	at org.apache.hadoop.hdds.scm.storage.BlockOutputStream.flush(BlockOutputStream.java:428)
	at org.apache.hadoop.ozone.client.io.BlockOutputStreamEntry.flush(BlockOutputStreamEntry.java:136)
	at org.apache.hadoop.ozone.client.io.KeyOutputStream.handleFlushOrClose(KeyOutputStream.java:443)
	at org.apache.hadoop.ozone.client.io.KeyOutputStream.flush(KeyOutputStream.java:397)
	at org.apache.hadoop.ozone.client.io.OzoneOutputStream.flush(OzoneOutputStream.java:54)
	at org.apache.hadoop.ozone.client.rpc.TestBlockOutputStreamWithFailures.testFailureWithPrimeSizedData(TestBlockOutputStreamWithFailures.java:599)
	at sun.reflect.NativeMethodAccessorImpl.invoke0(Native Method)
	at sun.reflect.NativeMethodAccessorImpl.invoke(NativeMethodAccessorImpl.java:62)
	at sun.reflect.DelegatingMethodAccessorImpl.invoke(DelegatingMethodAccessorImpl.java:43)
	at java.lang.reflect.Method.invoke(Method.java:498)
	at org.junit.runners.model.FrameworkMethod$1.runReflectiveCall(FrameworkMethod.java:47)
	at org.junit.internal.runners.model.ReflectiveCallable.run(ReflectiveCallable.java:12)
	at org.junit.runners.model.FrameworkMethod.invokeExplosively(FrameworkMethod.java:44)
	at org.junit.internal.runners.statements.InvokeMethod.evaluate(InvokeMethod.java:17)
	at org.junit.internal.runners.statements.RunBefores.evaluate(RunBefores.java:26)
	at org.junit.internal.runners.statements.RunAfters.evaluate(RunAfters.java:27)
	at org.junit.runners.ParentRunner.runLeaf(ParentRunner.java:271)
	at org.junit.runners.BlockJUnit4ClassRunner.runChild(BlockJUnit4ClassRunner.java:70)
	at org.junit.runners.BlockJUnit4ClassRunner.runChild(BlockJUnit4ClassRunner.java:50)
	at org.junit.runners.ParentRunner$3.run(ParentRunner.java:238)
	at org.junit.runners.ParentRunner$1.schedule(ParentRunner.java:63)
	at org.junit.runners.ParentRunner.runChildren(ParentRunner.java:236)
	at org.junit.runners.ParentRunner.access$000(ParentRunner.java:53)
	at org.junit.runners.ParentRunner$2.evaluate(ParentRunner.java:229)
	at org.junit.runners.ParentRunner.run(ParentRunner.java:309)
	at org.apache.maven.surefire.junit4.JUnit4Provider.execute(JUnit4Provider.java:365)
	at org.apache.maven.surefire.junit4.JUnit4Provider.executeWithRerun(JUnit4Provider.java:273)
	at org.apache.maven.surefire.junit4.JUnit4Provider.executeTestSet(JUnit4Provider.java:238)
	at org.apache.maven.surefire.junit4.JUnit4Provider.invoke(JUnit4Provider.java:159)
	at org.apache.maven.surefire.booter.ForkedBooter.invokeProviderInSameClassLoader(ForkedBooter.java:384)
	at org.apache.maven.surefire.booter.ForkedBooter.runSuitesInProcess(ForkedBooter.java:345)
	at org.apache.maven.surefire.booter.ForkedBooter.execute(ForkedBooter.java:126)
	at org.apache.maven.surefire.booter.ForkedBooter.main(ForkedBooter.java:418)
2019-09-19 11:32:44,716 [main] WARN  io.KeyOutputStream (KeyOutputStream.java:handleException(274)) - Encountered exception java.io.IOException: Unexpected Storage Container Exception: java.io.IOException: Unexpected Storage Container Exception: java.util.concurrent.TimeoutException on the pipeline Pipeline[ Id: c24478ec-42af-4c48-a592-d3dbcd25a75a, Nodes: dde64a51-f237-4bb2-8c6a-bc9e89b7d1d2{ip: 192.168.151.78, host: pr-hdds-2154-j8s56-3842691507, networkLocation: /default-rack, certSerialId: null}889235f3-a76e-47d5-a143-813f13157864{ip: 192.168.151.78, host: pr-hdds-2154-j8s56-3842691507, networkLocation: /default-rack, certSerialId: null}5bed50f2-212d-4f1b-95cd-0fce23670d52{ip: 192.168.151.78, host: pr-hdds-2154-j8s56-3842691507, networkLocation: /default-rack, certSerialId: null}, Type:RATIS, Factor:THREE, State:OPEN]. The last committed block length is 0, uncommitted data length is 167 retry count 0
2019-09-19 11:32:44,736 [grpc-default-executor-0] INFO  client.GrpcClientProtocolClient (GrpcClientProtocolClient.java:onNext(264)) - client-0AB368E881F2->63e05236-8305-47a5-b02f-2c763e5fdb03: receive RaftClientReply:client-0AB368E881F2->63e05236-8305-47a5-b02f-2c763e5fdb03@group-3A65E022AE84, cid=224, FAILED org.apache.ratis.protocol.NotLeaderException: Server 63e05236-8305-47a5-b02f-2c763e5fdb03@group-3A65E022AE84 is not the leader 2e00c254-a960-46cf-8104-71cb4143f99c:192.168.151.78:40285, logIndex=0, commits[63e05236-8305-47a5-b02f-2c763e5fdb03:c0, 342e2bcd-9bfb-464c-b5cb-8416a3830fb7:c-1, 2e00c254-a960-46cf-8104-71cb4143f99c:c0]
2019-09-19 11:32:44,869 [grpc-default-executor-1] INFO  client.GrpcClientProtocolClient (GrpcClientProtocolClient.java:onNext(264)) - client-0AB368E881F2->2e00c254-a960-46cf-8104-71cb4143f99c: receive RaftClientReply:client-0AB368E881F2->2e00c254-a960-46cf-8104-71cb4143f99c@group-3A65E022AE84, cid=224, SUCCESS, logIndex=1, commits[2e00c254-a960-46cf-8104-71cb4143f99c:c1, 63e05236-8305-47a5-b02f-2c763e5fdb03:c0, 342e2bcd-9bfb-464c-b5cb-8416a3830fb7:c0]
2019-09-19 11:32:44,897 [grpc-default-executor-0] INFO  client.GrpcClientProtocolClient (GrpcClientProtocolClient.java:onNext(264)) - client-0AB368E881F2->2e00c254-a960-46cf-8104-71cb4143f99c: receive RaftClientReply:client-0AB368E881F2->2e00c254-a960-46cf-8104-71cb4143f99c@group-3A65E022AE84, cid=225, SUCCESS, logIndex=3, commits[2e00c254-a960-46cf-8104-71cb4143f99c:c3, 63e05236-8305-47a5-b02f-2c763e5fdb03:c2, 342e2bcd-9bfb-464c-b5cb-8416a3830fb7:c2]
2019-09-19 11:32:44,936 [grpc-default-executor-1] INFO  client.GrpcClientProtocolClient (GrpcClientProtocolClient.java:onNext(264)) - client-0AB368E881F2->2e00c254-a960-46cf-8104-71cb4143f99c: receive RaftClientReply:client-0AB368E881F2->2e00c254-a960-46cf-8104-71cb4143f99c@group-3A65E022AE84, cid=226, SUCCESS, logIndex=4, commits[2e00c254-a960-46cf-8104-71cb4143f99c:c6, 63e05236-8305-47a5-b02f-2c763e5fdb03:c4, 342e2bcd-9bfb-464c-b5cb-8416a3830fb7:c4]
2019-09-19 11:32:44,937 [main] INFO  ozone.MiniOzoneClusterImpl (MiniOzoneClusterImpl.java:shutdown(312)) - Shutting down the Mini Ozone Cluster
2019-09-19 11:32:44,937 [main] INFO  ozone.MiniOzoneClusterImpl (MiniOzoneClusterImpl.java:stop(327)) - Stopping the Mini Ozone Cluster
2019-09-19 11:32:44,937 [main] INFO  ozone.MiniOzoneClusterImpl (MiniOzoneClusterImpl.java:stop(329)) - Stopping the OzoneManager
2019-09-19 11:32:44,938 [main] INFO  ipc.Server (Server.java:stop(3082)) - Stopping server on 44979
2019-09-19 11:32:44,968 [IPC Server listener on 44979] INFO  ipc.Server (Server.java:run(1185)) - Stopping IPC Server listener on 44979
2019-09-19 11:32:44,969 [main] INFO  ratis.OzoneManagerDoubleBuffer (OzoneManagerDoubleBuffer.java:stop(248)) - Stopping OMDoubleBuffer flush thread
2019-09-19 11:32:44,969 [IPC Server Responder] INFO  ipc.Server (Server.java:run(1319)) - Stopping IPC Server Responder
2019-09-19 11:32:44,971 [OMDoubleBufferFlushThread] INFO  ratis.OzoneManagerDoubleBuffer (OzoneManagerDoubleBuffer.java:flushTransactions(191)) - OMDoubleBuffer flush thread OMDoubleBufferFlushThread is interrupted and will exit. OMDoubleBufferFlushThread
2019-09-19 11:32:44,971 [main] INFO  utils.BackgroundService (BackgroundService.java:shutdown(148)) - Shutting down service KeyDeletingService
2019-09-19 11:32:44,973 [main] INFO  handler.ContextHandler (ContextHandler.java:doStop(910)) - Stopped o.e.j.w.WebAppContext@1ab53860{/,null,UNAVAILABLE}{/ozoneManager}
2019-09-19 11:32:44,974 [main] INFO  server.AbstractConnector (AbstractConnector.java:doStop(318)) - Stopped ServerConnector@7b5ac347{HTTP/1.1,[http/1.1]}{0.0.0.0:0}
2019-09-19 11:32:44,975 [main] INFO  handler.ContextHandler (ContextHandler.java:doStop(910)) - Stopped o.e.j.s.ServletContextHandler@733f1395{/static,file:///workdir/hadoop-ozone/integration-test/target/test-classes/webapps/static,UNAVAILABLE}
2019-09-19 11:32:44,975 [main] INFO  handler.ContextHandler (ContextHandler.java:doStop(910)) - Stopped o.e.j.s.ServletContextHandler@57e03347{/logs,file:///workdir/hadoop-ozone/integration-test/target/log,UNAVAILABLE}
2019-09-19 11:32:44,979 [main] INFO  ozone.MiniOzoneClusterImpl (MiniOzoneClusterImpl.java:stop(335)) - Shutting the HddsDatanodes
2019-09-19 11:32:45,014 [grpc-default-executor-0] INFO  client.GrpcClientProtocolClient (GrpcClientProtocolClient.java:onNext(264)) - client-56797D165B3B->5bed50f2-212d-4f1b-95cd-0fce23670d52: receive RaftClientReply:client-56797D165B3B->5bed50f2-212d-4f1b-95cd-0fce23670d52@group-D3DBCD25A75A, cid=223, SUCCESS, logIndex=0, commits[5bed50f2-212d-4f1b-95cd-0fce23670d52:c6, dde64a51-f237-4bb2-8c6a-bc9e89b7d1d2:c6, 889235f3-a76e-47d5-a143-813f13157864:c3]
2019-09-19 11:32:45,014 [grpc-default-executor-0] INFO  client.GrpcClientProtocolClient (GrpcClientProtocolClient.java:onNext(264)) - client-56797D165B3B->5bed50f2-212d-4f1b-95cd-0fce23670d52: receive RaftClientReply:client-56797D165B3B->5bed50f2-212d-4f1b-95cd-0fce23670d52@group-D3DBCD25A75A, cid=222, SUCCESS, logIndex=0, commits[5bed50f2-212d-4f1b-95cd-0fce23670d52:c6, dde64a51-f237-4bb2-8c6a-bc9e89b7d1d2:c6, 889235f3-a76e-47d5-a143-813f13157864:c6]
2019-09-19 11:32:45,447 [Datanode State Machine Thread - 0] INFO  statemachine.DatanodeStateMachine (DatanodeStateMachine.java:lambda$startDaemon$0(350)) - Ozone container server started.
2019-09-19 11:32:45,850 [Datanode State Machine Thread - 0] INFO  statemachine.DatanodeStateMachine (DatanodeStateMachine.java:lambda$startDaemon$0(350)) - Ozone container server started.
2019-09-19 11:32:49,502 [EventQueue-StaleNodeForStaleNodeHandler] INFO  node.StaleNodeHandler (StaleNodeHandler.java:onMessage(58)) - Datanode 889235f3-a76e-47d5-a143-813f13157864{ip: 192.168.151.78, host: pr-hdds-2154-j8s56-3842691507, networkLocation: /default-rack, certSerialId: null} moved to stale state. Finalizing its pipelines [PipelineID=c24478ec-42af-4c48-a592-d3dbcd25a75a, PipelineID=c6e10bf8-845c-4981-808b-5788fef66f6b]
2019-09-19 11:32:49,503 [EventQueue-StaleNodeForStaleNodeHandler] INFO  pipeline.SCMPipelineManager (SCMPipelineManager.java:finalizeAndDestroyPipeline(311)) - destroying pipeline:Pipeline[ Id: c24478ec-42af-4c48-a592-d3dbcd25a75a, Nodes: dde64a51-f237-4bb2-8c6a-bc9e89b7d1d2{ip: 192.168.151.78, host: pr-hdds-2154-j8s56-3842691507, networkLocation: /default-rack, certSerialId: null}889235f3-a76e-47d5-a143-813f13157864{ip: 192.168.151.78, host: pr-hdds-2154-j8s56-3842691507, networkLocation: /default-rack, certSerialId: null}5bed50f2-212d-4f1b-95cd-0fce23670d52{ip: 192.168.151.78, host: pr-hdds-2154-j8s56-3842691507, networkLocation: /default-rack, certSerialId: null}, Type:RATIS, Factor:THREE, State:OPEN]
2019-09-19 11:32:49,503 [EventQueue-StaleNodeForStaleNodeHandler] INFO  pipeline.PipelineStateManager (PipelineStateManager.java:finalizePipeline(123)) - Pipeline Pipeline[ Id: c24478ec-42af-4c48-a592-d3dbcd25a75a, Nodes: dde64a51-f237-4bb2-8c6a-bc9e89b7d1d2{ip: 192.168.151.78, host: pr-hdds-2154-j8s56-3842691507, networkLocation: /default-rack, certSerialId: null}889235f3-a76e-47d5-a143-813f13157864{ip: 192.168.151.78, host: pr-hdds-2154-j8s56-3842691507, networkLocation: /default-rack, certSerialId: null}5bed50f2-212d-4f1b-95cd-0fce23670d52{ip: 192.168.151.78, host: pr-hdds-2154-j8s56-3842691507, networkLocation: /default-rack, certSerialId: null}, Type:RATIS, Factor:THREE, State:CLOSED] moved to CLOSED state
2019-09-19 11:32:49,504 [EventQueue-CloseContainerForCloseContainerEventHandler] INFO  container.CloseContainerEventHandler (CloseContainerEventHandler.java:onMessage(61)) - Close container Event triggered for container : #1
2019-09-19 11:32:49,507 [EventQueue-StaleNodeForStaleNodeHandler] INFO  pipeline.SCMPipelineManager (SCMPipelineManager.java:finalizeAndDestroyPipeline(311)) - destroying pipeline:Pipeline[ Id: c6e10bf8-845c-4981-808b-5788fef66f6b, Nodes: 889235f3-a76e-47d5-a143-813f13157864{ip: 192.168.151.78, host: pr-hdds-2154-j8s56-3842691507, networkLocation: /default-rack, certSerialId: null}, Type:RATIS, Factor:ONE, State:OPEN]
2019-09-19 11:32:49,508 [EventQueue-StaleNodeForStaleNodeHandler] INFO  pipeline.PipelineStateManager (PipelineStateManager.java:finalizePipeline(123)) - Pipeline Pipeline[ Id: c6e10bf8-845c-4981-808b-5788fef66f6b, Nodes: 889235f3-a76e-47d5-a143-813f13157864{ip: 192.168.151.78, host: pr-hdds-2154-j8s56-3842691507, networkLocation: /default-rack, certSerialId: null}, Type:RATIS, Factor:ONE, State:CLOSED] moved to CLOSED state
2019-09-19 11:32:49,903 [EventQueue-StaleNodeForStaleNodeHandler] INFO  node.StaleNodeHandler (StaleNodeHandler.java:onMessage(58)) - Datanode 63e05236-8305-47a5-b02f-2c763e5fdb03{ip: 192.168.151.78, host: pr-hdds-2154-j8s56-3842691507, networkLocation: /default-rack, certSerialId: null} moved to stale state. Finalizing its pipelines [PipelineID=05c17610-e395-4aad-91d1-c0736a7fe6b4, PipelineID=8a7dd03c-5320-4de8-991e-3a65e022ae84]
2019-09-19 11:32:49,903 [EventQueue-StaleNodeForStaleNodeHandler] INFO  pipeline.SCMPipelineManager (SCMPipelineManager.java:finalizeAndDestroyPipeline(311)) - destroying pipeline:Pipeline[ Id: 05c17610-e395-4aad-91d1-c0736a7fe6b4, Nodes: 63e05236-8305-47a5-b02f-2c763e5fdb03{ip: 192.168.151.78, host: pr-hdds-2154-j8s56-3842691507, networkLocation: /default-rack, certSerialId: null}, Type:RATIS, Factor:ONE, State:OPEN]
2019-09-19 11:32:49,903 [EventQueue-StaleNodeForStaleNodeHandler] INFO  pipeline.PipelineStateManager (PipelineStateManager.java:finalizePipeline(123)) - Pipeline Pipeline[ Id: 05c17610-e395-4aad-91d1-c0736a7fe6b4, Nodes: 63e05236-8305-47a5-b02f-2c763e5fdb03{ip: 192.168.151.78, host: pr-hdds-2154-j8s56-3842691507, networkLocation: /default-rack, certSerialId: null}, Type:RATIS, Factor:ONE, State:CLOSED] moved to CLOSED state
2019-09-19 11:32:49,904 [EventQueue-StaleNodeForStaleNodeHandler] INFO  pipeline.SCMPipelineManager (SCMPipelineManager.java:finalizeAndDestroyPipeline(311)) - destroying pipeline:Pipeline[ Id: 8a7dd03c-5320-4de8-991e-3a65e022ae84, Nodes: 63e05236-8305-47a5-b02f-2c763e5fdb03{ip: 192.168.151.78, host: pr-hdds-2154-j8s56-3842691507, networkLocation: /default-rack, certSerialId: null}2e00c254-a960-46cf-8104-71cb4143f99c{ip: 192.168.151.78, host: pr-hdds-2154-j8s56-3842691507, networkLocation: /default-rack, certSerialId: null}342e2bcd-9bfb-464c-b5cb-8416a3830fb7{ip: 192.168.151.78, host: pr-hdds-2154-j8s56-3842691507, networkLocation: /default-rack, certSerialId: null}, Type:RATIS, Factor:THREE, State:OPEN]
2019-09-19 11:32:49,904 [EventQueue-StaleNodeForStaleNodeHandler] INFO  pipeline.PipelineStateManager (PipelineStateManager.java:finalizePipeline(123)) - Pipeline Pipeline[ Id: 8a7dd03c-5320-4de8-991e-3a65e022ae84, Nodes: 63e05236-8305-47a5-b02f-2c763e5fdb03{ip: 192.168.151.78, host: pr-hdds-2154-j8s56-3842691507, networkLocation: /default-rack, certSerialId: null}2e00c254-a960-46cf-8104-71cb4143f99c{ip: 192.168.151.78, host: pr-hdds-2154-j8s56-3842691507, networkLocation: /default-rack, certSerialId: null}342e2bcd-9bfb-464c-b5cb-8416a3830fb7{ip: 192.168.151.78, host: pr-hdds-2154-j8s56-3842691507, networkLocation: /default-rack, certSerialId: null}, Type:RATIS, Factor:THREE, State:CLOSED] moved to CLOSED state
2019-09-19 11:32:49,904 [EventQueue-CloseContainerForCloseContainerEventHandler] INFO  container.CloseContainerEventHandler (CloseContainerEventHandler.java:onMessage(61)) - Close container Event triggered for container : #2
2019-09-19 11:32:49,981 [ForkJoinPool.commonPool-worker-1] INFO  ozoneimpl.OzoneContainer (OzoneContainer.java:stop(231)) - Attempting to stop container services.
2019-09-19 11:32:49,981 [main] INFO  ozoneimpl.OzoneContainer (OzoneContainer.java:stop(231)) - Attempting to stop container services.
2019-09-19 11:32:49,984 [ForkJoinPool.commonPool-worker-1] INFO  impl.RaftServerProxy (RaftServerProxy.java:lambda$close$4(314)) - 63e05236-8305-47a5-b02f-2c763e5fdb03: close
2019-09-19 11:32:49,984 [main] INFO  impl.RaftServerProxy (RaftServerProxy.java:lambda$close$4(314)) - 889235f3-a76e-47d5-a143-813f13157864: close
2019-09-19 11:32:49,984 [ForkJoinPool.commonPool-worker-1] INFO  impl.RaftServerImpl (RaftServerImpl.java:lambda$shutdown$3(251)) - 63e05236-8305-47a5-b02f-2c763e5fdb03@group-C0736A7FE6B4: shutdown
2019-09-19 11:32:49,985 [main] INFO  impl.RaftServerImpl (RaftServerImpl.java:lambda$shutdown$3(251)) - 889235f3-a76e-47d5-a143-813f13157864@group-D3DBCD25A75A: shutdown
2019-09-19 11:32:49,985 [ForkJoinPool.commonPool-worker-1] INFO  util.JmxRegister (JmxRegister.java:unregister(73)) - Successfully un-registered JMX Bean with object name Ratis:service=RaftServer,group=group-C0736A7FE6B4,id=63e05236-8305-47a5-b02f-2c763e5fdb03
2019-09-19 11:32:49,986 [main] INFO  util.JmxRegister (JmxRegister.java:unregister(73)) - Successfully un-registered JMX Bean with object name Ratis:service=RaftServer,group=group-D3DBCD25A75A,id=889235f3-a76e-47d5-a143-813f13157864
2019-09-19 11:32:49,986 [ForkJoinPool.commonPool-worker-1] INFO  impl.RoleInfo (RoleInfo.java:shutdownLeaderState(104)) - 63e05236-8305-47a5-b02f-2c763e5fdb03: shutdown LeaderState
2019-09-19 11:32:49,986 [main] INFO  impl.RoleInfo (RoleInfo.java:shutdownFollowerState(121)) - 889235f3-a76e-47d5-a143-813f13157864: shutdown FollowerState
2019-09-19 11:32:49,987 [ForkJoinPool.commonPool-worker-1] INFO  impl.PendingRequests (PendingRequests.java:sendNotLeaderResponses(202)) - 63e05236-8305-47a5-b02f-2c763e5fdb03-PendingRequests: sendNotLeaderResponses
2019-09-19 11:32:49,987 [main] INFO  impl.StateMachineUpdater (StateMachineUpdater.java:stopAndJoin(125)) - 889235f3-a76e-47d5-a143-813f13157864@group-D3DBCD25A75A-StateMachineUpdater: set stopIndex = 6
2019-09-19 11:32:49,988 [Thread-3624] INFO  impl.FollowerState (FollowerState.java:run(115)) - 889235f3-a76e-47d5-a143-813f13157864: FollowerState was interrupted: java.lang.InterruptedException: sleep interrupted
2019-09-19 11:32:49,988 [889235f3-a76e-47d5-a143-813f13157864@group-D3DBCD25A75A-StateMachineUpdater] INFO  ratis.ContainerStateMachine (ContainerStateMachine.java:takeSnapshot(289)) - group-D3DBCD25A75A: Taking a snapshot at:(t:1, i:6) file /workdir/hadoop-ozone/integration-test/target/test-dir/MiniOzoneClusterImpl-eb9be736-53bb-493b-b684-0bc14884a5e7/datanode-4/data/ratis/c24478ec-42af-4c48-a592-d3dbcd25a75a/sm/snapshot.1_6
2019-09-19 11:32:49,988 [ForkJoinPool.commonPool-worker-1] INFO  impl.StateMachineUpdater (StateMachineUpdater.java:stopAndJoin(125)) - 63e05236-8305-47a5-b02f-2c763e5fdb03@group-C0736A7FE6B4-StateMachineUpdater: set stopIndex = 0
2019-09-19 11:32:49,991 [ForkJoinPool.commonPool-worker-1] INFO  impl.RaftServerImpl (ServerState.java:close(385)) - 63e05236-8305-47a5-b02f-2c763e5fdb03@group-C0736A7FE6B4: closes. applyIndex: 0
2019-09-19 11:32:49,991 [63e05236-8305-47a5-b02f-2c763e5fdb03@group-C0736A7FE6B4-SegmentedRaftLogWorker] INFO  segmented.SegmentedRaftLogWorker (SegmentedRaftLogWorker.java:run(313)) - 63e05236-8305-47a5-b02f-2c763e5fdb03@group-C0736A7FE6B4-SegmentedRaftLogWorker was interrupted, exiting. There are 0 tasks remaining in the queue.
2019-09-19 11:32:49,993 [ForkJoinPool.commonPool-worker-1] INFO  segmented.SegmentedRaftLogWorker (SegmentedRaftLogWorker.java:close(228)) - 63e05236-8305-47a5-b02f-2c763e5fdb03@group-C0736A7FE6B4-SegmentedRaftLogWorker close()
2019-09-19 11:32:49,996 [ForkJoinPool.commonPool-worker-1] INFO  impl.RaftServerImpl (RaftServerImpl.java:lambda$shutdown$3(251)) - 63e05236-8305-47a5-b02f-2c763e5fdb03@group-3A65E022AE84: shutdown
2019-09-19 11:32:49,997 [ForkJoinPool.commonPool-worker-1] INFO  util.JmxRegister (JmxRegister.java:unregister(73)) - Successfully un-registered JMX Bean with object name Ratis:service=RaftServer,group=group-3A65E022AE84,id=63e05236-8305-47a5-b02f-2c763e5fdb03
2019-09-19 11:32:49,997 [ForkJoinPool.commonPool-worker-1] INFO  impl.RoleInfo (RoleInfo.java:shutdownFollowerState(121)) - 63e05236-8305-47a5-b02f-2c763e5fdb03: shutdown FollowerState
2019-09-19 11:32:49,997 [ForkJoinPool.commonPool-worker-1] INFO  impl.StateMachineUpdater (StateMachineUpdater.java:stopAndJoin(125)) - 63e05236-8305-47a5-b02f-2c763e5fdb03@group-3A65E022AE84-StateMachineUpdater: set stopIndex = 6
2019-09-19 11:32:49,997 [63e05236-8305-47a5-b02f-2c763e5fdb03@group-3A65E022AE84-StateMachineUpdater] INFO  ratis.ContainerStateMachine (ContainerStateMachine.java:takeSnapshot(289)) - group-3A65E022AE84: Taking a snapshot at:(t:1, i:4) file /workdir/hadoop-ozone/integration-test/target/test-dir/MiniOzoneClusterImpl-eb9be736-53bb-493b-b684-0bc14884a5e7/datanode-1/data/ratis/8a7dd03c-5320-4de8-991e-3a65e022ae84/sm/snapshot.1_4
2019-09-19 11:32:49,997 [Thread-3609] INFO  impl.FollowerState (FollowerState.java:run(115)) - 63e05236-8305-47a5-b02f-2c763e5fdb03: FollowerState was interrupted: java.lang.InterruptedException: sleep interrupted
2019-09-19 11:32:50,006 [63e05236-8305-47a5-b02f-2c763e5fdb03@group-3A65E022AE84-StateMachineUpdater] INFO  ratis.ContainerStateMachine (ContainerStateMachine.java:takeSnapshot(300)) - group-3A65E022AE84: Finished taking a snapshot at:(t:1, i:4) file:/workdir/hadoop-ozone/integration-test/target/test-dir/MiniOzoneClusterImpl-eb9be736-53bb-493b-b684-0bc14884a5e7/datanode-1/data/ratis/8a7dd03c-5320-4de8-991e-3a65e022ae84/sm/snapshot.1_4 time:9
2019-09-19 11:32:50,006 [889235f3-a76e-47d5-a143-813f13157864@group-D3DBCD25A75A-StateMachineUpdater] INFO  ratis.ContainerStateMachine (ContainerStateMachine.java:takeSnapshot(300)) - group-D3DBCD25A75A: Finished taking a snapshot at:(t:1, i:6) file:/workdir/hadoop-ozone/integration-test/target/test-dir/MiniOzoneClusterImpl-eb9be736-53bb-493b-b684-0bc14884a5e7/datanode-4/data/ratis/c24478ec-42af-4c48-a592-d3dbcd25a75a/sm/snapshot.1_6 time:18
2019-09-19 11:32:50,007 [889235f3-a76e-47d5-a143-813f13157864@group-D3DBCD25A75A-StateMachineUpdater] INFO  impl.StateMachineUpdater (StateMachineUpdater.java:takeSnapshot(258)) - 889235f3-a76e-47d5-a143-813f13157864@group-D3DBCD25A75A-StateMachineUpdater: Took a snapshot at index 6
2019-09-19 11:32:50,007 [63e05236-8305-47a5-b02f-2c763e5fdb03@group-3A65E022AE84-StateMachineUpdater] INFO  impl.StateMachineUpdater (StateMachineUpdater.java:takeSnapshot(258)) - 63e05236-8305-47a5-b02f-2c763e5fdb03@group-3A65E022AE84-StateMachineUpdater: Took a snapshot at index 4
2019-09-19 11:32:50,007 [889235f3-a76e-47d5-a143-813f13157864@group-D3DBCD25A75A-StateMachineUpdater] INFO  impl.StateMachineUpdater (StateMachineUpdater.java:lambda$new$0(83)) - 889235f3-a76e-47d5-a143-813f13157864@group-D3DBCD25A75A-StateMachineUpdater: snapshotIndex: updateIncreasingly -1 -> 6
2019-09-19 11:32:50,007 [63e05236-8305-47a5-b02f-2c763e5fdb03@group-3A65E022AE84-StateMachineUpdater] INFO  impl.StateMachineUpdater (StateMachineUpdater.java:lambda$new$0(83)) - 63e05236-8305-47a5-b02f-2c763e5fdb03@group-3A65E022AE84-StateMachineUpdater: snapshotIndex: updateIncreasingly -1 -> 4
2019-09-19 11:32:50,008 [63e05236-8305-47a5-b02f-2c763e5fdb03@group-3A65E022AE84-StateMachineUpdater] INFO  ratis.ContainerStateMachine (ContainerStateMachine.java:takeSnapshot(289)) - group-3A65E022AE84: Taking a snapshot at:(t:1, i:4) file /workdir/hadoop-ozone/integration-test/target/test-dir/MiniOzoneClusterImpl-eb9be736-53bb-493b-b684-0bc14884a5e7/datanode-1/data/ratis/8a7dd03c-5320-4de8-991e-3a65e022ae84/sm/snapshot.1_4
2019-09-19 11:32:50,008 [main] INFO  impl.RaftServerImpl (ServerState.java:close(385)) - 889235f3-a76e-47d5-a143-813f13157864@group-D3DBCD25A75A: closes. applyIndex: 6
2019-09-19 11:32:50,008 [889235f3-a76e-47d5-a143-813f13157864@group-D3DBCD25A75A-SegmentedRaftLogWorker] INFO  segmented.SegmentedRaftLogWorker (SegmentedRaftLogWorker.java:run(313)) - 889235f3-a76e-47d5-a143-813f13157864@group-D3DBCD25A75A-SegmentedRaftLogWorker was interrupted, exiting. There are 0 tasks remaining in the queue.
2019-09-19 11:32:50,010 [main] INFO  segmented.SegmentedRaftLogWorker (SegmentedRaftLogWorker.java:close(228)) - 889235f3-a76e-47d5-a143-813f13157864@group-D3DBCD25A75A-SegmentedRaftLogWorker close()
2019-09-19 11:32:50,013 [main] INFO  impl.RaftServerImpl (RaftServerImpl.java:lambda$shutdown$3(251)) - 889235f3-a76e-47d5-a143-813f13157864@group-5788FEF66F6B: shutdown
2019-09-19 11:32:50,014 [main] INFO  util.JmxRegister (JmxRegister.java:unregister(73)) - Successfully un-registered JMX Bean with object name Ratis:service=RaftServer,group=group-5788FEF66F6B,id=889235f3-a76e-47d5-a143-813f13157864
2019-09-19 11:32:50,014 [main] INFO  impl.RoleInfo (RoleInfo.java:shutdownLeaderState(104)) - 889235f3-a76e-47d5-a143-813f13157864: shutdown LeaderState
2019-09-19 11:32:50,015 [main] INFO  impl.PendingRequests (PendingRequests.java:sendNotLeaderResponses(202)) - 889235f3-a76e-47d5-a143-813f13157864-PendingRequests: sendNotLeaderResponses
2019-09-19 11:32:50,016 [main] INFO  impl.StateMachineUpdater (StateMachineUpdater.java:stopAndJoin(125)) - 889235f3-a76e-47d5-a143-813f13157864@group-5788FEF66F6B-StateMachineUpdater: set stopIndex = 0
2019-09-19 11:32:50,016 [main] INFO  impl.RaftServerImpl (ServerState.java:close(385)) - 889235f3-a76e-47d5-a143-813f13157864@group-5788FEF66F6B: closes. applyIndex: 0
2019-09-19 11:32:50,017 [889235f3-a76e-47d5-a143-813f13157864@group-5788FEF66F6B-SegmentedRaftLogWorker] INFO  segmented.SegmentedRaftLogWorker (SegmentedRaftLogWorker.java:run(313)) - 889235f3-a76e-47d5-a143-813f13157864@group-5788FEF66F6B-SegmentedRaftLogWorker was interrupted, exiting. There are 0 tasks remaining in the queue.
2019-09-19 11:32:50,019 [main] INFO  segmented.SegmentedRaftLogWorker (SegmentedRaftLogWorker.java:close(228)) - 889235f3-a76e-47d5-a143-813f13157864@group-5788FEF66F6B-SegmentedRaftLogWorker close()
2019-09-19 11:32:50,021 [63e05236-8305-47a5-b02f-2c763e5fdb03@group-3A65E022AE84-StateMachineUpdater] INFO  ratis.ContainerStateMachine (ContainerStateMachine.java:takeSnapshot(300)) - group-3A65E022AE84: Finished taking a snapshot at:(t:1, i:4) file:/workdir/hadoop-ozone/integration-test/target/test-dir/MiniOzoneClusterImpl-eb9be736-53bb-493b-b684-0bc14884a5e7/datanode-1/data/ratis/8a7dd03c-5320-4de8-991e-3a65e022ae84/sm/snapshot.1_4 time:13
2019-09-19 11:32:50,023 [main] INFO  server.GrpcService (GrpcService.java:closeImpl(164)) - 889235f3-a76e-47d5-a143-813f13157864: shutdown server with port 42282 now
2019-09-19 11:32:50,023 [63e05236-8305-47a5-b02f-2c763e5fdb03@group-3A65E022AE84-StateMachineUpdater] INFO  impl.StateMachineUpdater (StateMachineUpdater.java:takeSnapshot(258)) - 63e05236-8305-47a5-b02f-2c763e5fdb03@group-3A65E022AE84-StateMachineUpdater: Took a snapshot at index 4
2019-09-19 11:32:50,023 [63e05236-8305-47a5-b02f-2c763e5fdb03@group-3A65E022AE84-StateMachineUpdater] INFO  impl.StateMachineUpdater (StateMachineUpdater.java:lambda$new$0(83)) - 63e05236-8305-47a5-b02f-2c763e5fdb03@group-3A65E022AE84-StateMachineUpdater: snapshotIndex: updateIncreasingly 4 -> 4
2019-09-19 11:32:50,024 [ForkJoinPool.commonPool-worker-1] INFO  impl.RaftServerImpl (ServerState.java:close(385)) - 63e05236-8305-47a5-b02f-2c763e5fdb03@group-3A65E022AE84: closes. applyIndex: 6
2019-09-19 11:32:50,024 [63e05236-8305-47a5-b02f-2c763e5fdb03@group-3A65E022AE84-SegmentedRaftLogWorker] INFO  segmented.SegmentedRaftLogWorker (SegmentedRaftLogWorker.java:run(313)) - 63e05236-8305-47a5-b02f-2c763e5fdb03@group-3A65E022AE84-SegmentedRaftLogWorker was interrupted, exiting. There are 0 tasks remaining in the queue.
2019-09-19 11:32:50,026 [grpc-default-executor-1] WARN  server.GrpcServerProtocolService (LogUtils.java:warn(134)) - 889235f3-a76e-47d5-a143-813f13157864: installSnapshot onError, lastRequest: 5bed50f2-212d-4f1b-95cd-0fce23670d52->889235f3-a76e-47d5-a143-813f13157864#10-t1, previous=(t:1, i:6), leaderCommit=6, initializing? false, entries: <empty>: org.apache.ratis.thirdparty.io.grpc.StatusRuntimeException: CANCELLED: cancelled before receiving half close
2019-09-19 11:32:50,026 [grpc-default-executor-9] WARN  server.GrpcLogAppender (LogUtils.java:warn(134)) - 5bed50f2-212d-4f1b-95cd-0fce23670d52@group-D3DBCD25A75A->889235f3-a76e-47d5-a143-813f13157864-AppendLogResponseHandler: Failed appendEntries: org.apache.ratis.thirdparty.io.grpc.StatusRuntimeException: CANCELLED: HTTP/2 error code: CANCEL
Received Rst Stream
2019-09-19 11:32:50,026 [main] INFO  server.GrpcService (GrpcService.java:closeImpl(172)) - 889235f3-a76e-47d5-a143-813f13157864: shutdown server with port 42282 successfully
2019-09-19 11:32:50,026 [ForkJoinPool.commonPool-worker-1] INFO  segmented.SegmentedRaftLogWorker (SegmentedRaftLogWorker.java:close(228)) - 63e05236-8305-47a5-b02f-2c763e5fdb03@group-3A65E022AE84-SegmentedRaftLogWorker close()
2019-09-19 11:32:50,027 [grpc-default-executor-9] INFO  impl.FollowerInfo (FollowerInfo.java:lambda$new$0(51)) - 5bed50f2-212d-4f1b-95cd-0fce23670d52@group-D3DBCD25A75A->889235f3-a76e-47d5-a143-813f13157864: nextIndex: updateUnconditionally 7 -> 6
2019-09-19 11:32:50,031 [ForkJoinPool.commonPool-worker-1] INFO  server.GrpcService (GrpcService.java:closeImpl(164)) - 63e05236-8305-47a5-b02f-2c763e5fdb03: shutdown server with port 45511 now
2019-09-19 11:32:50,031 [ForkJoinPool.commonPool-worker-1] INFO  server.GrpcService (GrpcService.java:closeImpl(172)) - 63e05236-8305-47a5-b02f-2c763e5fdb03: shutdown server with port 45511 successfully
2019-09-19 11:32:50,032 [grpc-default-executor-9] WARN  server.GrpcLogAppender (LogUtils.java:warn(134)) - 2e00c254-a960-46cf-8104-71cb4143f99c@group-3A65E022AE84->63e05236-8305-47a5-b02f-2c763e5fdb03-AppendLogResponseHandler: Failed appendEntries: org.apache.ratis.thirdparty.io.grpc.StatusRuntimeException: CANCELLED: HTTP/2 error code: CANCEL
Received Rst Stream
2019-09-19 11:32:50,032 [grpc-default-executor-0] WARN  server.GrpcServerProtocolService (LogUtils.java:warn(134)) - 63e05236-8305-47a5-b02f-2c763e5fdb03: installSnapshot onError, lastRequest: 2e00c254-a960-46cf-8104-71cb4143f99c->63e05236-8305-47a5-b02f-2c763e5fdb03#10-t1, previous=(t:1, i:6), leaderCommit=6, initializing? false, entries: <empty>: org.apache.ratis.thirdparty.io.grpc.StatusRuntimeException: CANCELLED: cancelled before receiving half close
2019-09-19 11:32:50,032 [grpc-default-executor-9] INFO  impl.FollowerInfo (FollowerInfo.java:lambda$new$0(51)) - 2e00c254-a960-46cf-8104-71cb4143f99c@group-3A65E022AE84->63e05236-8305-47a5-b02f-2c763e5fdb03: nextIndex: updateUnconditionally 7 -> 6
2019-09-19 11:32:50,033 [refreshUsed-/workdir/hadoop-ozone/integration-test/target/test-dir/MiniOzoneClusterImpl-eb9be736-53bb-493b-b684-0bc14884a5e7/datanode-4/data/containers] WARN  fs.CachingGetSpaceUsed (CachingGetSpaceUsed.java:run(183)) - Thread Interrupted waiting to refresh disk information: sleep interrupted
2019-09-19 11:32:50,041 [refreshUsed-/workdir/hadoop-ozone/integration-test/target/test-dir/MiniOzoneClusterImpl-eb9be736-53bb-493b-b684-0bc14884a5e7/datanode-1/data/containers] WARN  fs.CachingGetSpaceUsed (CachingGetSpaceUsed.java:run(183)) - Thread Interrupted waiting to refresh disk information: sleep interrupted
2019-09-19 11:32:50,056 [ForkJoinPool.commonPool-worker-1] INFO  utils.BackgroundService (BackgroundService.java:shutdown(148)) - Shutting down service BlockDeletingService
2019-09-19 11:32:50,064 [main] INFO  utils.BackgroundService (BackgroundService.java:shutdown(148)) - Shutting down service BlockDeletingService
2019-09-19 11:32:50,066 [ForkJoinPool.commonPool-worker-1] INFO  statemachine.DatanodeStateMachine (DatanodeStateMachine.java:stopDaemon(395)) - Ozone container server stopped.
2019-09-19 11:32:50,072 [main] INFO  statemachine.DatanodeStateMachine (DatanodeStateMachine.java:stopDaemon(395)) - Ozone container server stopped.
2019-09-19 11:32:50,076 [ForkJoinPool.commonPool-worker-1] INFO  handler.ContextHandler (ContextHandler.java:doStop(910)) - Stopped o.e.j.w.WebAppContext@539fc5d1{/,null,UNAVAILABLE}{/hddsDatanode}
2019-09-19 11:32:50,076 [main] INFO  handler.ContextHandler (ContextHandler.java:doStop(910)) - Stopped o.e.j.w.WebAppContext@640c216b{/,null,UNAVAILABLE}{/hddsDatanode}
2019-09-19 11:32:50,076 [ForkJoinPool.commonPool-worker-1] INFO  server.AbstractConnector (AbstractConnector.java:doStop(318)) - Stopped ServerConnector@4cae66a8{HTTP/1.1,[http/1.1]}{0.0.0.0:0}
2019-09-19 11:32:50,078 [ForkJoinPool.commonPool-worker-1] INFO  handler.ContextHandler (ContextHandler.java:doStop(910)) - Stopped o.e.j.s.ServletContextHandler@30036a18{/static,jar:file:/home/user/.m2/repository/org/apache/hadoop/hadoop-hdds-container-service/0.5.0-SNAPSHOT/hadoop-hdds-container-service-0.5.0-SNAPSHOT.jar!/webapps/static,UNAVAILABLE}
2019-09-19 11:32:50,078 [main] INFO  server.AbstractConnector (AbstractConnector.java:doStop(318)) - Stopped ServerConnector@5170bc02{HTTP/1.1,[http/1.1]}{0.0.0.0:0}
2019-09-19 11:32:50,079 [ForkJoinPool.commonPool-worker-1] INFO  handler.ContextHandler (ContextHandler.java:doStop(910)) - Stopped o.e.j.s.ServletContextHandler@2bcda694{/logs,file:///workdir/hadoop-ozone/integration-test/target/log,UNAVAILABLE}
2019-09-19 11:32:50,080 [main] INFO  handler.ContextHandler (ContextHandler.java:doStop(910)) - Stopped o.e.j.s.ServletContextHandler@4fc6e776{/static,jar:file:/home/user/.m2/repository/org/apache/hadoop/hadoop-hdds-container-service/0.5.0-SNAPSHOT/hadoop-hdds-container-service-0.5.0-SNAPSHOT.jar!/webapps/static,UNAVAILABLE}
2019-09-19 11:32:50,080 [main] INFO  handler.ContextHandler (ContextHandler.java:doStop(910)) - Stopped o.e.j.s.ServletContextHandler@1c7cd434{/logs,file:///workdir/hadoop-ozone/integration-test/target/log,UNAVAILABLE}
2019-09-19 11:32:50,447 [Datanode State Machine Thread - 0] INFO  statemachine.DatanodeStateMachine (DatanodeStateMachine.java:lambda$startDaemon$0(350)) - Ozone container server started.
2019-09-19 11:32:50,850 [Datanode State Machine Thread - 0] INFO  statemachine.DatanodeStateMachine (DatanodeStateMachine.java:lambda$startDaemon$0(350)) - Ozone container server started.
2019-09-19 11:32:52,417 [grpc-default-executor-1] WARN  server.GrpcLogAppender (LogUtils.java:warn(134)) - 2e00c254-a960-46cf-8104-71cb4143f99c@group-3A65E022AE84->63e05236-8305-47a5-b02f-2c763e5fdb03-AppendLogResponseHandler: Failed appendEntries: org.apache.ratis.thirdparty.io.grpc.StatusRuntimeException: UNAVAILABLE: io exception
2019-09-19 11:32:52,418 [grpc-default-executor-1] INFO  impl.FollowerInfo (FollowerInfo.java:lambda$new$0(51)) - 2e00c254-a960-46cf-8104-71cb4143f99c@group-3A65E022AE84->63e05236-8305-47a5-b02f-2c763e5fdb03: nextIndex: updateUnconditionally 6 -> 5
2019-09-19 11:32:52,515 [grpc-default-executor-0] WARN  server.GrpcLogAppender (LogUtils.java:warn(134)) - 5bed50f2-212d-4f1b-95cd-0fce23670d52@group-D3DBCD25A75A->889235f3-a76e-47d5-a143-813f13157864-AppendLogResponseHandler: Failed appendEntries: org.apache.ratis.thirdparty.io.grpc.StatusRuntimeException: UNAVAILABLE: io exception
2019-09-19 11:32:52,515 [grpc-default-executor-0] INFO  impl.FollowerInfo (FollowerInfo.java:lambda$new$0(51)) - 5bed50f2-212d-4f1b-95cd-0fce23670d52@group-D3DBCD25A75A->889235f3-a76e-47d5-a143-813f13157864: nextIndex: updateUnconditionally 6 -> 5
2019-09-19 11:32:54,508 [EventQueue-StaleNodeForStaleNodeHandler] INFO  node.StaleNodeHandler (StaleNodeHandler.java:onMessage(58)) - Datanode 5bed50f2-212d-4f1b-95cd-0fce23670d52{ip: 192.168.151.78, host: pr-hdds-2154-j8s56-3842691507, networkLocation: /default-rack, certSerialId: null} moved to stale state. Finalizing its pipelines [PipelineID=f3a72fd5-ef39-4fde-99a1-6e50fe78febf, PipelineID=c24478ec-42af-4c48-a592-d3dbcd25a75a]
2019-09-19 11:32:54,508 [EventQueue-StaleNodeForStaleNodeHandler] INFO  pipeline.SCMPipelineManager (SCMPipelineManager.java:finalizeAndDestroyPipeline(311)) - destroying pipeline:Pipeline[ Id: f3a72fd5-ef39-4fde-99a1-6e50fe78febf, Nodes: 5bed50f2-212d-4f1b-95cd-0fce23670d52{ip: 192.168.151.78, host: pr-hdds-2154-j8s56-3842691507, networkLocation: /default-rack, certSerialId: null}, Type:RATIS, Factor:ONE, State:OPEN]
2019-09-19 11:32:54,508 [EventQueue-StaleNodeForStaleNodeHandler] INFO  pipeline.PipelineStateManager (PipelineStateManager.java:finalizePipeline(123)) - Pipeline Pipeline[ Id: f3a72fd5-ef39-4fde-99a1-6e50fe78febf, Nodes: 5bed50f2-212d-4f1b-95cd-0fce23670d52{ip: 192.168.151.78, host: pr-hdds-2154-j8s56-3842691507, networkLocation: /default-rack, certSerialId: null}, Type:RATIS, Factor:ONE, State:CLOSED] moved to CLOSED state
2019-09-19 11:32:54,509 [EventQueue-StaleNodeForStaleNodeHandler] INFO  pipeline.SCMPipelineManager (SCMPipelineManager.java:finalizeAndDestroyPipeline(311)) - destroying pipeline:Pipeline[ Id: c24478ec-42af-4c48-a592-d3dbcd25a75a, Nodes: dde64a51-f237-4bb2-8c6a-bc9e89b7d1d2{ip: 192.168.151.78, host: pr-hdds-2154-j8s56-3842691507, networkLocation: /default-rack, certSerialId: null}889235f3-a76e-47d5-a143-813f13157864{ip: 192.168.151.78, host: pr-hdds-2154-j8s56-3842691507, networkLocation: /default-rack, certSerialId: null}5bed50f2-212d-4f1b-95cd-0fce23670d52{ip: 192.168.151.78, host: pr-hdds-2154-j8s56-3842691507, networkLocation: /default-rack, certSerialId: null}, Type:RATIS, Factor:THREE, State:CLOSED]
2019-09-19 11:32:54,908 [EventQueue-StaleNodeForStaleNodeHandler] INFO  node.StaleNodeHandler (StaleNodeHandler.java:onMessage(58)) - Datanode 2e00c254-a960-46cf-8104-71cb4143f99c{ip: 192.168.151.78, host: pr-hdds-2154-j8s56-3842691507, networkLocation: /default-rack, certSerialId: null} moved to stale state. Finalizing its pipelines [PipelineID=8a7dd03c-5320-4de8-991e-3a65e022ae84, PipelineID=3e05ade4-f1cb-4224-b447-8f1897992696]
2019-09-19 11:32:54,908 [EventQueue-StaleNodeForStaleNodeHandler] INFO  pipeline.SCMPipelineManager (SCMPipelineManager.java:finalizeAndDestroyPipeline(311)) - destroying pipeline:Pipeline[ Id: 8a7dd03c-5320-4de8-991e-3a65e022ae84, Nodes: 63e05236-8305-47a5-b02f-2c763e5fdb03{ip: 192.168.151.78, host: pr-hdds-2154-j8s56-3842691507, networkLocation: /default-rack, certSerialId: null}2e00c254-a960-46cf-8104-71cb4143f99c{ip: 192.168.151.78, host: pr-hdds-2154-j8s56-3842691507, networkLocation: /default-rack, certSerialId: null}342e2bcd-9bfb-464c-b5cb-8416a3830fb7{ip: 192.168.151.78, host: pr-hdds-2154-j8s56-3842691507, networkLocation: /default-rack, certSerialId: null}, Type:RATIS, Factor:THREE, State:CLOSED]
2019-09-19 11:32:54,908 [EventQueue-StaleNodeForStaleNodeHandler] INFO  pipeline.SCMPipelineManager (SCMPipelineManager.java:finalizeAndDestroyPipeline(311)) - destroying pipeline:Pipeline[ Id: 3e05ade4-f1cb-4224-b447-8f1897992696, Nodes: 2e00c254-a960-46cf-8104-71cb4143f99c{ip: 192.168.151.78, host: pr-hdds-2154-j8s56-3842691507, networkLocation: /default-rack, certSerialId: null}, Type:RATIS, Factor:ONE, State:OPEN]
2019-09-19 11:32:54,909 [EventQueue-StaleNodeForStaleNodeHandler] INFO  pipeline.PipelineStateManager (PipelineStateManager.java:finalizePipeline(123)) - Pipeline Pipeline[ Id: 3e05ade4-f1cb-4224-b447-8f1897992696, Nodes: 2e00c254-a960-46cf-8104-71cb4143f99c{ip: 192.168.151.78, host: pr-hdds-2154-j8s56-3842691507, networkLocation: /default-rack, certSerialId: null}, Type:RATIS, Factor:ONE, State:CLOSED] moved to CLOSED state
2019-09-19 11:32:54,919 [grpc-default-executor-0] WARN  server.GrpcLogAppender (LogUtils.java:warn(134)) - 2e00c254-a960-46cf-8104-71cb4143f99c@group-3A65E022AE84->63e05236-8305-47a5-b02f-2c763e5fdb03-AppendLogResponseHandler: Failed appendEntries: org.apache.ratis.thirdparty.io.grpc.StatusRuntimeException: UNAVAILABLE: io exception
2019-09-19 11:32:54,923 [grpc-default-executor-0] INFO  impl.FollowerInfo (FollowerInfo.java:lambda$new$0(51)) - 2e00c254-a960-46cf-8104-71cb4143f99c@group-3A65E022AE84->63e05236-8305-47a5-b02f-2c763e5fdb03: nextIndex: updateUnconditionally 5 -> 4
2019-09-19 11:32:55,015 [grpc-default-executor-0] WARN  server.GrpcLogAppender (LogUtils.java:warn(134)) - 5bed50f2-212d-4f1b-95cd-0fce23670d52@group-D3DBCD25A75A->889235f3-a76e-47d5-a143-813f13157864-AppendLogResponseHandler: Failed appendEntries: org.apache.ratis.thirdparty.io.grpc.StatusRuntimeException: UNAVAILABLE: io exception
2019-09-19 11:32:55,015 [grpc-default-executor-0] INFO  impl.FollowerInfo (FollowerInfo.java:lambda$new$0(51)) - 5bed50f2-212d-4f1b-95cd-0fce23670d52@group-D3DBCD25A75A->889235f3-a76e-47d5-a143-813f13157864: nextIndex: updateUnconditionally 5 -> 4
2019-09-19 11:32:55,081 [ForkJoinPool.commonPool-worker-1] INFO  ozoneimpl.OzoneContainer (OzoneContainer.java:stop(231)) - Attempting to stop container services.
2019-09-19 11:32:55,081 [ForkJoinPool.commonPool-worker-1] INFO  impl.RaftServerProxy (RaftServerProxy.java:lambda$close$4(314)) - 2e00c254-a960-46cf-8104-71cb4143f99c: close
2019-09-19 11:32:55,082 [main] INFO  ozoneimpl.OzoneContainer (OzoneContainer.java:stop(231)) - Attempting to stop container services.
2019-09-19 11:32:55,082 [ForkJoinPool.commonPool-worker-1] INFO  impl.RaftServerImpl (RaftServerImpl.java:lambda$shutdown$3(251)) - 2e00c254-a960-46cf-8104-71cb4143f99c@group-3A65E022AE84: shutdown
2019-09-19 11:32:55,082 [main] INFO  impl.RaftServerProxy (RaftServerProxy.java:lambda$close$4(314)) - 5bed50f2-212d-4f1b-95cd-0fce23670d52: close
2019-09-19 11:32:55,082 [ForkJoinPool.commonPool-worker-1] INFO  util.JmxRegister (JmxRegister.java:unregister(73)) - Successfully un-registered JMX Bean with object name Ratis:service=RaftServer,group=group-3A65E022AE84,id=2e00c254-a960-46cf-8104-71cb4143f99c
2019-09-19 11:32:55,082 [main] INFO  impl.RaftServerImpl (RaftServerImpl.java:lambda$shutdown$3(251)) - 5bed50f2-212d-4f1b-95cd-0fce23670d52@group-6E50FE78FEBF: shutdown
2019-09-19 11:32:55,083 [ForkJoinPool.commonPool-worker-1] INFO  impl.RoleInfo (RoleInfo.java:shutdownLeaderState(104)) - 2e00c254-a960-46cf-8104-71cb4143f99c: shutdown LeaderState
2019-09-19 11:32:55,083 [main] INFO  util.JmxRegister (JmxRegister.java:unregister(73)) - Successfully un-registered JMX Bean with object name Ratis:service=RaftServer,group=group-6E50FE78FEBF,id=5bed50f2-212d-4f1b-95cd-0fce23670d52
2019-09-19 11:32:55,086 [org.apache.ratis.server.impl.LogAppender$AppenderDaemon$$Lambda$493/1090866546@1fe47c26] WARN  server.GrpcLogAppender (GrpcLogAppender.java:mayWait(143)) - 2e00c254-a960-46cf-8104-71cb4143f99c@group-3A65E022AE84->342e2bcd-9bfb-464c-b5cb-8416a3830fb7-GrpcLogAppender: Wait interrupted by java.lang.InterruptedException
2019-09-19 11:32:55,087 [org.apache.ratis.server.impl.LogAppender$AppenderDaemon$$Lambda$493/1090866546@52a0ed93] WARN  server.GrpcLogAppender (GrpcLogAppender.java:mayWait(143)) - 2e00c254-a960-46cf-8104-71cb4143f99c@group-3A65E022AE84->63e05236-8305-47a5-b02f-2c763e5fdb03-GrpcLogAppender: Wait interrupted by java.lang.InterruptedException
2019-09-19 11:32:55,086 [ForkJoinPool.commonPool-worker-1] INFO  impl.PendingRequests (PendingRequests.java:sendNotLeaderResponses(202)) - 2e00c254-a960-46cf-8104-71cb4143f99c-PendingRequests: sendNotLeaderResponses
2019-09-19 11:32:55,086 [main] INFO  impl.RoleInfo (RoleInfo.java:shutdownLeaderState(104)) - 5bed50f2-212d-4f1b-95cd-0fce23670d52: shutdown LeaderState
2019-09-19 11:32:55,087 [grpc-default-executor-0] INFO  server.GrpcServerProtocolService (GrpcServerProtocolService.java:onCompleted(113)) - 342e2bcd-9bfb-464c-b5cb-8416a3830fb7: Completed APPEND_ENTRIES, lastRequest: 2e00c254-a960-46cf-8104-71cb4143f99c->342e2bcd-9bfb-464c-b5cb-8416a3830fb7#12-t1, previous=(t:1, i:6), leaderCommit=6, initializing? false, entries: <empty>
2019-09-19 11:32:55,090 [main] INFO  impl.PendingRequests (PendingRequests.java:sendNotLeaderResponses(202)) - 5bed50f2-212d-4f1b-95cd-0fce23670d52-PendingRequests: sendNotLeaderResponses
2019-09-19 11:32:55,090 [2e00c254-a960-46cf-8104-71cb4143f99c@group-3A65E022AE84-StateMachineUpdater] INFO  ratis.ContainerStateMachine (ContainerStateMachine.java:takeSnapshot(289)) - group-3A65E022AE84: Taking a snapshot at:(t:1, i:6) file /workdir/hadoop-ozone/integration-test/target/test-dir/MiniOzoneClusterImpl-eb9be736-53bb-493b-b684-0bc14884a5e7/datanode-2/data/ratis/8a7dd03c-5320-4de8-991e-3a65e022ae84/sm/snapshot.1_6
2019-09-19 11:32:55,090 [grpc-default-executor-0] INFO  server.GrpcLogAppender (GrpcLogAppender.java:onCompleted(293)) - 2e00c254-a960-46cf-8104-71cb4143f99c@group-3A65E022AE84->342e2bcd-9bfb-464c-b5cb-8416a3830fb7-AppendLogResponseHandler: follower responses appendEntries COMPLETED
2019-09-19 11:32:55,090 [ForkJoinPool.commonPool-worker-1] INFO  impl.StateMachineUpdater (StateMachineUpdater.java:stopAndJoin(125)) - 2e00c254-a960-46cf-8104-71cb4143f99c@group-3A65E022AE84-StateMachineUpdater: set stopIndex = 6
2019-09-19 11:32:55,090 [main] INFO  impl.StateMachineUpdater (StateMachineUpdater.java:stopAndJoin(125)) - 5bed50f2-212d-4f1b-95cd-0fce23670d52@group-6E50FE78FEBF-StateMachineUpdater: set stopIndex = 0
2019-09-19 11:32:55,091 [main] INFO  impl.RaftServerImpl (ServerState.java:close(385)) - 5bed50f2-212d-4f1b-95cd-0fce23670d52@group-6E50FE78FEBF: closes. applyIndex: 0
2019-09-19 11:32:55,091 [grpc-default-executor-0] INFO  impl.FollowerInfo (FollowerInfo.java:lambda$new$0(51)) - 2e00c254-a960-46cf-8104-71cb4143f99c@group-3A65E022AE84->342e2bcd-9bfb-464c-b5cb-8416a3830fb7: nextIndex: updateUnconditionally 7 -> 6
2019-09-19 11:32:55,091 [5bed50f2-212d-4f1b-95cd-0fce23670d52@group-6E50FE78FEBF-SegmentedRaftLogWorker] INFO  segmented.SegmentedRaftLogWorker (SegmentedRaftLogWorker.java:run(313)) - 5bed50f2-212d-4f1b-95cd-0fce23670d52@group-6E50FE78FEBF-SegmentedRaftLogWorker was interrupted, exiting. There are 0 tasks remaining in the queue.
2019-09-19 11:32:55,093 [main] INFO  segmented.SegmentedRaftLogWorker (SegmentedRaftLogWorker.java:close(228)) - 5bed50f2-212d-4f1b-95cd-0fce23670d52@group-6E50FE78FEBF-SegmentedRaftLogWorker close()
2019-09-19 11:32:55,096 [main] INFO  impl.RaftServerImpl (RaftServerImpl.java:lambda$shutdown$3(251)) - 5bed50f2-212d-4f1b-95cd-0fce23670d52@group-D3DBCD25A75A: shutdown
2019-09-19 11:32:55,096 [main] INFO  util.JmxRegister (JmxRegister.java:unregister(73)) - Successfully un-registered JMX Bean with object name Ratis:service=RaftServer,group=group-D3DBCD25A75A,id=5bed50f2-212d-4f1b-95cd-0fce23670d52
2019-09-19 11:32:55,096 [main] INFO  impl.RoleInfo (RoleInfo.java:shutdownLeaderState(104)) - 5bed50f2-212d-4f1b-95cd-0fce23670d52: shutdown LeaderState
2019-09-19 11:32:55,099 [main] INFO  impl.PendingRequests (PendingRequests.java:sendNotLeaderResponses(202)) - 5bed50f2-212d-4f1b-95cd-0fce23670d52-PendingRequests: sendNotLeaderResponses
2019-09-19 11:32:55,099 [org.apache.ratis.server.impl.LogAppender$AppenderDaemon$$Lambda$493/1090866546@689cceb8] WARN  server.GrpcLogAppender (GrpcLogAppender.java:mayWait(143)) - 5bed50f2-212d-4f1b-95cd-0fce23670d52@group-D3DBCD25A75A->dde64a51-f237-4bb2-8c6a-bc9e89b7d1d2-GrpcLogAppender: Wait interrupted by java.lang.InterruptedException
2019-09-19 11:32:55,099 [org.apache.ratis.server.impl.LogAppender$AppenderDaemon$$Lambda$493/1090866546@7e1c8372] WARN  server.GrpcLogAppender (GrpcLogAppender.java:mayWait(143)) - 5bed50f2-212d-4f1b-95cd-0fce23670d52@group-D3DBCD25A75A->889235f3-a76e-47d5-a143-813f13157864-GrpcLogAppender: Wait interrupted by java.lang.InterruptedException
2019-09-19 11:32:55,103 [main] INFO  impl.StateMachineUpdater (StateMachineUpdater.java:stopAndJoin(125)) - 5bed50f2-212d-4f1b-95cd-0fce23670d52@group-D3DBCD25A75A-StateMachineUpdater: set stopIndex = 6
2019-09-19 11:32:55,103 [5bed50f2-212d-4f1b-95cd-0fce23670d52@group-D3DBCD25A75A-StateMachineUpdater] INFO  ratis.ContainerStateMachine (ContainerStateMachine.java:takeSnapshot(289)) - group-D3DBCD25A75A: Taking a snapshot at:(t:1, i:6) file /workdir/hadoop-ozone/integration-test/target/test-dir/MiniOzoneClusterImpl-eb9be736-53bb-493b-b684-0bc14884a5e7/datanode-3/data/ratis/c24478ec-42af-4c48-a592-d3dbcd25a75a/sm/snapshot.1_6
2019-09-19 11:32:55,104 [grpc-default-executor-0] INFO  server.GrpcServerProtocolService (GrpcServerProtocolService.java:onCompleted(113)) - dde64a51-f237-4bb2-8c6a-bc9e89b7d1d2: Completed APPEND_ENTRIES, lastRequest: 5bed50f2-212d-4f1b-95cd-0fce23670d52->dde64a51-f237-4bb2-8c6a-bc9e89b7d1d2#12-t1, previous=(t:1, i:6), leaderCommit=6, initializing? false, entries: <empty>
2019-09-19 11:32:55,104 [2e00c254-a960-46cf-8104-71cb4143f99c@group-3A65E022AE84-StateMachineUpdater] INFO  ratis.ContainerStateMachine (ContainerStateMachine.java:takeSnapshot(300)) - group-3A65E022AE84: Finished taking a snapshot at:(t:1, i:6) file:/workdir/hadoop-ozone/integration-test/target/test-dir/MiniOzoneClusterImpl-eb9be736-53bb-493b-b684-0bc14884a5e7/datanode-2/data/ratis/8a7dd03c-5320-4de8-991e-3a65e022ae84/sm/snapshot.1_6 time:13
2019-09-19 11:32:55,104 [2e00c254-a960-46cf-8104-71cb4143f99c@group-3A65E022AE84-StateMachineUpdater] INFO  impl.StateMachineUpdater (StateMachineUpdater.java:takeSnapshot(258)) - 2e00c254-a960-46cf-8104-71cb4143f99c@group-3A65E022AE84-StateMachineUpdater: Took a snapshot at index 6
2019-09-19 11:32:55,104 [grpc-default-executor-0] INFO  server.GrpcLogAppender (GrpcLogAppender.java:onCompleted(293)) - 5bed50f2-212d-4f1b-95cd-0fce23670d52@group-D3DBCD25A75A->dde64a51-f237-4bb2-8c6a-bc9e89b7d1d2-AppendLogResponseHandler: follower responses appendEntries COMPLETED
2019-09-19 11:32:55,104 [2e00c254-a960-46cf-8104-71cb4143f99c@group-3A65E022AE84-StateMachineUpdater] INFO  impl.StateMachineUpdater (StateMachineUpdater.java:lambda$new$0(83)) - 2e00c254-a960-46cf-8104-71cb4143f99c@group-3A65E022AE84-StateMachineUpdater: snapshotIndex: updateIncreasingly -1 -> 6
2019-09-19 11:32:55,104 [grpc-default-executor-0] INFO  impl.FollowerInfo (FollowerInfo.java:lambda$new$0(51)) - 5bed50f2-212d-4f1b-95cd-0fce23670d52@group-D3DBCD25A75A->dde64a51-f237-4bb2-8c6a-bc9e89b7d1d2: nextIndex: updateUnconditionally 7 -> 6
2019-09-19 11:32:55,105 [ForkJoinPool.commonPool-worker-1] INFO  impl.RaftServerImpl (ServerState.java:close(385)) - 2e00c254-a960-46cf-8104-71cb4143f99c@group-3A65E022AE84: closes. applyIndex: 6
2019-09-19 11:32:55,105 [2e00c254-a960-46cf-8104-71cb4143f99c@group-3A65E022AE84-SegmentedRaftLogWorker] INFO  segmented.SegmentedRaftLogWorker (SegmentedRaftLogWorker.java:run(313)) - 2e00c254-a960-46cf-8104-71cb4143f99c@group-3A65E022AE84-SegmentedRaftLogWorker was interrupted, exiting. There are 0 tasks remaining in the queue.
2019-09-19 11:32:55,107 [5bed50f2-212d-4f1b-95cd-0fce23670d52@group-D3DBCD25A75A-StateMachineUpdater] INFO  ratis.ContainerStateMachine (ContainerStateMachine.java:takeSnapshot(300)) - group-D3DBCD25A75A: Finished taking a snapshot at:(t:1, i:6) file:/workdir/hadoop-ozone/integration-test/target/test-dir/MiniOzoneClusterImpl-eb9be736-53bb-493b-b684-0bc14884a5e7/datanode-3/data/ratis/c24478ec-42af-4c48-a592-d3dbcd25a75a/sm/snapshot.1_6 time:3
2019-09-19 11:32:55,107 [ForkJoinPool.commonPool-worker-1] INFO  segmented.SegmentedRaftLogWorker (SegmentedRaftLogWorker.java:close(228)) - 2e00c254-a960-46cf-8104-71cb4143f99c@group-3A65E022AE84-SegmentedRaftLogWorker close()
2019-09-19 11:32:55,107 [5bed50f2-212d-4f1b-95cd-0fce23670d52@group-D3DBCD25A75A-StateMachineUpdater] INFO  impl.StateMachineUpdater (StateMachineUpdater.java:takeSnapshot(258)) - 5bed50f2-212d-4f1b-95cd-0fce23670d52@group-D3DBCD25A75A-StateMachineUpdater: Took a snapshot at index 6
2019-09-19 11:32:55,109 [ForkJoinPool.commonPool-worker-1] INFO  impl.RaftServerImpl (RaftServerImpl.java:lambda$shutdown$3(251)) - 2e00c254-a960-46cf-8104-71cb4143f99c@group-8F1897992696: shutdown
2019-09-19 11:32:55,109 [5bed50f2-212d-4f1b-95cd-0fce23670d52@group-D3DBCD25A75A-StateMachineUpdater] INFO  impl.StateMachineUpdater (StateMachineUpdater.java:lambda$new$0(83)) - 5bed50f2-212d-4f1b-95cd-0fce23670d52@group-D3DBCD25A75A-StateMachineUpdater: snapshotIndex: updateIncreasingly -1 -> 6
2019-09-19 11:32:55,109 [ForkJoinPool.commonPool-worker-1] INFO  util.JmxRegister (JmxRegister.java:unregister(73)) - Successfully un-registered JMX Bean with object name Ratis:service=RaftServer,group=group-8F1897992696,id=2e00c254-a960-46cf-8104-71cb4143f99c
2019-09-19 11:32:55,110 [main] INFO  impl.RaftServerImpl (ServerState.java:close(385)) - 5bed50f2-212d-4f1b-95cd-0fce23670d52@group-D3DBCD25A75A: closes. applyIndex: 6
2019-09-19 11:32:55,110 [ForkJoinPool.commonPool-worker-1] INFO  impl.RoleInfo (RoleInfo.java:shutdownLeaderState(104)) - 2e00c254-a960-46cf-8104-71cb4143f99c: shutdown LeaderState
2019-09-19 11:32:55,110 [5bed50f2-212d-4f1b-95cd-0fce23670d52@group-D3DBCD25A75A-SegmentedRaftLogWorker] INFO  segmented.SegmentedRaftLogWorker (SegmentedRaftLogWorker.java:run(313)) - 5bed50f2-212d-4f1b-95cd-0fce23670d52@group-D3DBCD25A75A-SegmentedRaftLogWorker was interrupted, exiting. There are 0 tasks remaining in the queue.
2019-09-19 11:32:55,110 [ForkJoinPool.commonPool-worker-1] INFO  impl.PendingRequests (PendingRequests.java:sendNotLeaderResponses(202)) - 2e00c254-a960-46cf-8104-71cb4143f99c-PendingRequests: sendNotLeaderResponses
2019-09-19 11:32:55,112 [main] INFO  segmented.SegmentedRaftLogWorker (SegmentedRaftLogWorker.java:close(228)) - 5bed50f2-212d-4f1b-95cd-0fce23670d52@group-D3DBCD25A75A-SegmentedRaftLogWorker close()
2019-09-19 11:32:55,112 [ForkJoinPool.commonPool-worker-1] INFO  impl.StateMachineUpdater (StateMachineUpdater.java:stopAndJoin(125)) - 2e00c254-a960-46cf-8104-71cb4143f99c@group-8F1897992696-StateMachineUpdater: set stopIndex = 0
2019-09-19 11:32:55,123 [main] INFO  server.GrpcService (GrpcService.java:closeImpl(164)) - 5bed50f2-212d-4f1b-95cd-0fce23670d52: shutdown server with port 33227 now
2019-09-19 11:32:55,123 [ForkJoinPool.commonPool-worker-1] INFO  impl.RaftServerImpl (ServerState.java:close(385)) - 2e00c254-a960-46cf-8104-71cb4143f99c@group-8F1897992696: closes. applyIndex: 0
2019-09-19 11:32:55,124 [2e00c254-a960-46cf-8104-71cb4143f99c@group-8F1897992696-SegmentedRaftLogWorker] INFO  segmented.SegmentedRaftLogWorker (SegmentedRaftLogWorker.java:run(313)) - 2e00c254-a960-46cf-8104-71cb4143f99c@group-8F1897992696-SegmentedRaftLogWorker was interrupted, exiting. There are 0 tasks remaining in the queue.
2019-09-19 11:32:55,125 [ForkJoinPool.commonPool-worker-1] INFO  segmented.SegmentedRaftLogWorker (SegmentedRaftLogWorker.java:close(228)) - 2e00c254-a960-46cf-8104-71cb4143f99c@group-8F1897992696-SegmentedRaftLogWorker close()
2019-09-19 11:32:55,126 [grpc-default-executor-1] WARN  client.GrpcClientProtocolService (LogUtils.java:warn(134)) - 2-UnorderedRequestStreamObserver2: onError: org.apache.ratis.thirdparty.io.grpc.StatusRuntimeException: CANCELLED: cancelled before receiving half close
2019-09-19 11:32:55,127 [main] INFO  server.GrpcService (GrpcService.java:closeImpl(172)) - 5bed50f2-212d-4f1b-95cd-0fce23670d52: shutdown server with port 33227 successfully
2019-09-19 11:32:55,127 [ForkJoinPool.commonPool-worker-1] INFO  server.GrpcService (GrpcService.java:closeImpl(164)) - 2e00c254-a960-46cf-8104-71cb4143f99c: shutdown server with port 40285 now
2019-09-19 11:32:55,128 [ForkJoinPool.commonPool-worker-1] INFO  server.GrpcService (GrpcService.java:closeImpl(172)) - 2e00c254-a960-46cf-8104-71cb4143f99c: shutdown server with port 40285 successfully
2019-09-19 11:32:55,129 [refreshUsed-/workdir/hadoop-ozone/integration-test/target/test-dir/MiniOzoneClusterImpl-eb9be736-53bb-493b-b684-0bc14884a5e7/datanode-3/data/containers] WARN  fs.CachingGetSpaceUsed (CachingGetSpaceUsed.java:run(183)) - Thread Interrupted waiting to refresh disk information: sleep interrupted
2019-09-19 11:32:55,130 [refreshUsed-/workdir/hadoop-ozone/integration-test/target/test-dir/MiniOzoneClusterImpl-eb9be736-53bb-493b-b684-0bc14884a5e7/datanode-2/data/containers] WARN  fs.CachingGetSpaceUsed (CachingGetSpaceUsed.java:run(183)) - Thread Interrupted waiting to refresh disk information: sleep interrupted
2019-09-19 11:32:55,144 [ForkJoinPool.commonPool-worker-1] INFO  utils.BackgroundService (BackgroundService.java:shutdown(148)) - Shutting down service BlockDeletingService
2019-09-19 11:32:55,148 [ForkJoinPool.commonPool-worker-1] INFO  statemachine.DatanodeStateMachine (DatanodeStateMachine.java:stopDaemon(395)) - Ozone container server stopped.
2019-09-19 11:32:55,153 [ForkJoinPool.commonPool-worker-1] INFO  handler.ContextHandler (ContextHandler.java:doStop(910)) - Stopped o.e.j.w.WebAppContext@5323999f{/,null,UNAVAILABLE}{/hddsDatanode}
2019-09-19 11:32:55,153 [ForkJoinPool.commonPool-worker-1] INFO  server.AbstractConnector (AbstractConnector.java:doStop(318)) - Stopped ServerConnector@f18b738{HTTP/1.1,[http/1.1]}{0.0.0.0:0}
2019-09-19 11:32:55,155 [ForkJoinPool.commonPool-worker-1] INFO  handler.ContextHandler (ContextHandler.java:doStop(910)) - Stopped o.e.j.s.ServletContextHandler@7f426ddd{/static,jar:file:/home/user/.m2/repository/org/apache/hadoop/hadoop-hdds-container-service/0.5.0-SNAPSHOT/hadoop-hdds-container-service-0.5.0-SNAPSHOT.jar!/webapps/static,UNAVAILABLE}
2019-09-19 11:32:55,156 [ForkJoinPool.commonPool-worker-1] INFO  handler.ContextHandler (ContextHandler.java:doStop(910)) - Stopped o.e.j.s.ServletContextHandler@2f4d01b6{/logs,file:///workdir/hadoop-ozone/integration-test/target/log,UNAVAILABLE}
2019-09-19 11:32:55,158 [main] INFO  utils.BackgroundService (BackgroundService.java:shutdown(148)) - Shutting down service BlockDeletingService
2019-09-19 11:32:55,166 [main] INFO  statemachine.DatanodeStateMachine (DatanodeStateMachine.java:stopDaemon(395)) - Ozone container server stopped.
2019-09-19 11:32:55,170 [main] INFO  handler.ContextHandler (ContextHandler.java:doStop(910)) - Stopped o.e.j.w.WebAppContext@6060146b{/,null,UNAVAILABLE}{/hddsDatanode}
2019-09-19 11:32:55,171 [main] INFO  server.AbstractConnector (AbstractConnector.java:doStop(318)) - Stopped ServerConnector@33627576{HTTP/1.1,[http/1.1]}{0.0.0.0:0}
2019-09-19 11:32:55,171 [main] INFO  handler.ContextHandler (ContextHandler.java:doStop(910)) - Stopped o.e.j.s.ServletContextHandler@4a9b3956{/static,jar:file:/home/user/.m2/repository/org/apache/hadoop/hadoop-hdds-container-service/0.5.0-SNAPSHOT/hadoop-hdds-container-service-0.5.0-SNAPSHOT.jar!/webapps/static,UNAVAILABLE}
2019-09-19 11:32:55,172 [main] INFO  handler.ContextHandler (ContextHandler.java:doStop(910)) - Stopped o.e.j.s.ServletContextHandler@2ccc9681{/logs,file:///workdir/hadoop-ozone/integration-test/target/log,UNAVAILABLE}
2019-09-19 11:32:55,865 [Datanode State Machine Thread - 0] INFO  statemachine.DatanodeStateMachine (DatanodeStateMachine.java:lambda$startDaemon$0(350)) - Ozone container server started.
2019-09-19 11:32:56,104 [Datanode State Machine Thread - 0] INFO  statemachine.DatanodeStateMachine (DatanodeStateMachine.java:lambda$startDaemon$0(350)) - Ozone container server started.
2019-09-19 11:32:59,913 [EventQueue-StaleNodeForStaleNodeHandler] INFO  node.StaleNodeHandler (StaleNodeHandler.java:onMessage(58)) - Datanode 342e2bcd-9bfb-464c-b5cb-8416a3830fb7{ip: 192.168.151.78, host: pr-hdds-2154-j8s56-3842691507, networkLocation: /default-rack, certSerialId: null} moved to stale state. Finalizing its pipelines [PipelineID=8a7dd03c-5320-4de8-991e-3a65e022ae84, PipelineID=3611a471-d221-4e83-bcc1-17a2b6c4f5de]
2019-09-19 11:32:59,914 [EventQueue-StaleNodeForStaleNodeHandler] INFO  pipeline.SCMPipelineManager (SCMPipelineManager.java:finalizeAndDestroyPipeline(311)) - destroying pipeline:Pipeline[ Id: 8a7dd03c-5320-4de8-991e-3a65e022ae84, Nodes: 63e05236-8305-47a5-b02f-2c763e5fdb03{ip: 192.168.151.78, host: pr-hdds-2154-j8s56-3842691507, networkLocation: /default-rack, certSerialId: null}2e00c254-a960-46cf-8104-71cb4143f99c{ip: 192.168.151.78, host: pr-hdds-2154-j8s56-3842691507, networkLocation: /default-rack, certSerialId: null}342e2bcd-9bfb-464c-b5cb-8416a3830fb7{ip: 192.168.151.78, host: pr-hdds-2154-j8s56-3842691507, networkLocation: /default-rack, certSerialId: null}, Type:RATIS, Factor:THREE, State:CLOSED]
2019-09-19 11:32:59,915 [EventQueue-StaleNodeForStaleNodeHandler] INFO  pipeline.SCMPipelineManager (SCMPipelineManager.java:finalizeAndDestroyPipeline(311)) - destroying pipeline:Pipeline[ Id: 3611a471-d221-4e83-bcc1-17a2b6c4f5de, Nodes: 342e2bcd-9bfb-464c-b5cb-8416a3830fb7{ip: 192.168.151.78, host: pr-hdds-2154-j8s56-3842691507, networkLocation: /default-rack, certSerialId: null}, Type:RATIS, Factor:ONE, State:OPEN]
2019-09-19 11:32:59,915 [EventQueue-StaleNodeForStaleNodeHandler] INFO  pipeline.PipelineStateManager (PipelineStateManager.java:finalizePipeline(123)) - Pipeline Pipeline[ Id: 3611a471-d221-4e83-bcc1-17a2b6c4f5de, Nodes: 342e2bcd-9bfb-464c-b5cb-8416a3830fb7{ip: 192.168.151.78, host: pr-hdds-2154-j8s56-3842691507, networkLocation: /default-rack, certSerialId: null}, Type:RATIS, Factor:ONE, State:CLOSED] moved to CLOSED state
2019-09-19 11:33:00,114 [EventQueue-StaleNodeForStaleNodeHandler] INFO  node.StaleNodeHandler (StaleNodeHandler.java:onMessage(58)) - Datanode 127f7ca3-7ec2-439c-85a2-8a4d5bc6fc50{ip: 192.168.151.78, host: pr-hdds-2154-j8s56-3842691507, networkLocation: /default-rack, certSerialId: null} moved to stale state. Finalizing its pipelines []
2019-09-19 11:33:00,158 [ForkJoinPool.commonPool-worker-1] INFO  ozoneimpl.OzoneContainer (OzoneContainer.java:stop(231)) - Attempting to stop container services.
2019-09-19 11:33:00,163 [ForkJoinPool.commonPool-worker-1] INFO  impl.RaftServerProxy (RaftServerProxy.java:lambda$close$4(314)) - 342e2bcd-9bfb-464c-b5cb-8416a3830fb7: close
2019-09-19 11:33:00,163 [ForkJoinPool.commonPool-worker-1] INFO  impl.RaftServerImpl (RaftServerImpl.java:lambda$shutdown$3(251)) - 342e2bcd-9bfb-464c-b5cb-8416a3830fb7@group-3A65E022AE84: shutdown
2019-09-19 11:33:00,164 [ForkJoinPool.commonPool-worker-1] INFO  util.JmxRegister (JmxRegister.java:unregister(73)) - Successfully un-registered JMX Bean with object name Ratis:service=RaftServer,group=group-3A65E022AE84,id=342e2bcd-9bfb-464c-b5cb-8416a3830fb7
2019-09-19 11:33:00,164 [ForkJoinPool.commonPool-worker-1] INFO  impl.RoleInfo (RoleInfo.java:shutdownFollowerState(121)) - 342e2bcd-9bfb-464c-b5cb-8416a3830fb7: shutdown FollowerState
2019-09-19 11:33:00,164 [ForkJoinPool.commonPool-worker-1] INFO  impl.StateMachineUpdater (StateMachineUpdater.java:stopAndJoin(125)) - 342e2bcd-9bfb-464c-b5cb-8416a3830fb7@group-3A65E022AE84-StateMachineUpdater: set stopIndex = 6
2019-09-19 11:33:00,164 [Thread-3608] INFO  impl.FollowerState (FollowerState.java:run(115)) - 342e2bcd-9bfb-464c-b5cb-8416a3830fb7: FollowerState was interrupted: java.lang.InterruptedException: sleep interrupted
2019-09-19 11:33:00,164 [342e2bcd-9bfb-464c-b5cb-8416a3830fb7@group-3A65E022AE84-StateMachineUpdater] INFO  ratis.ContainerStateMachine (ContainerStateMachine.java:takeSnapshot(289)) - group-3A65E022AE84: Taking a snapshot at:(t:1, i:4) file /workdir/hadoop-ozone/integration-test/target/test-dir/MiniOzoneClusterImpl-eb9be736-53bb-493b-b684-0bc14884a5e7/datanode-0/data/ratis/8a7dd03c-5320-4de8-991e-3a65e022ae84/sm/snapshot.1_4
2019-09-19 11:33:00,174 [main] INFO  ozoneimpl.OzoneContainer (OzoneContainer.java:stop(231)) - Attempting to stop container services.
2019-09-19 11:33:00,175 [main] INFO  impl.RaftServerProxy (RaftServerProxy.java:lambda$close$4(314)) - 127f7ca3-7ec2-439c-85a2-8a4d5bc6fc50: close
2019-09-19 11:33:00,177 [main] INFO  server.GrpcService (GrpcService.java:closeImpl(164)) - 127f7ca3-7ec2-439c-85a2-8a4d5bc6fc50: shutdown server with port 36663 now
2019-09-19 11:33:00,178 [main] INFO  server.GrpcService (GrpcService.java:closeImpl(172)) - 127f7ca3-7ec2-439c-85a2-8a4d5bc6fc50: shutdown server with port 36663 successfully
2019-09-19 11:33:00,181 [342e2bcd-9bfb-464c-b5cb-8416a3830fb7@group-3A65E022AE84-StateMachineUpdater] INFO  ratis.ContainerStateMachine (ContainerStateMachine.java:takeSnapshot(300)) - group-3A65E022AE84: Finished taking a snapshot at:(t:1, i:4) file:/workdir/hadoop-ozone/integration-test/target/test-dir/MiniOzoneClusterImpl-eb9be736-53bb-493b-b684-0bc14884a5e7/datanode-0/data/ratis/8a7dd03c-5320-4de8-991e-3a65e022ae84/sm/snapshot.1_4 time:16
2019-09-19 11:33:00,182 [refreshUsed-/workdir/hadoop-ozone/integration-test/target/test-dir/MiniOzoneClusterImpl-eb9be736-53bb-493b-b684-0bc14884a5e7/datanode-6/data/containers] WARN  fs.CachingGetSpaceUsed (CachingGetSpaceUsed.java:run(183)) - Thread Interrupted waiting to refresh disk information: sleep interrupted
2019-09-19 11:33:00,182 [342e2bcd-9bfb-464c-b5cb-8416a3830fb7@group-3A65E022AE84-StateMachineUpdater] INFO  impl.StateMachineUpdater (StateMachineUpdater.java:takeSnapshot(258)) - 342e2bcd-9bfb-464c-b5cb-8416a3830fb7@group-3A65E022AE84-StateMachineUpdater: Took a snapshot at index 4
2019-09-19 11:33:00,183 [342e2bcd-9bfb-464c-b5cb-8416a3830fb7@group-3A65E022AE84-StateMachineUpdater] INFO  impl.StateMachineUpdater (StateMachineUpdater.java:lambda$new$0(83)) - 342e2bcd-9bfb-464c-b5cb-8416a3830fb7@group-3A65E022AE84-StateMachineUpdater: snapshotIndex: updateIncreasingly -1 -> 4
2019-09-19 11:33:00,183 [342e2bcd-9bfb-464c-b5cb-8416a3830fb7@group-3A65E022AE84-StateMachineUpdater] INFO  ratis.ContainerStateMachine (ContainerStateMachine.java:takeSnapshot(289)) - group-3A65E022AE84: Taking a snapshot at:(t:1, i:4) file /workdir/hadoop-ozone/integration-test/target/test-dir/MiniOzoneClusterImpl-eb9be736-53bb-493b-b684-0bc14884a5e7/datanode-0/data/ratis/8a7dd03c-5320-4de8-991e-3a65e022ae84/sm/snapshot.1_4
2019-09-19 11:33:00,192 [342e2bcd-9bfb-464c-b5cb-8416a3830fb7@group-3A65E022AE84-StateMachineUpdater] INFO  ratis.ContainerStateMachine (ContainerStateMachine.java:takeSnapshot(300)) - group-3A65E022AE84: Finished taking a snapshot at:(t:1, i:4) file:/workdir/hadoop-ozone/integration-test/target/test-dir/MiniOzoneClusterImpl-eb9be736-53bb-493b-b684-0bc14884a5e7/datanode-0/data/ratis/8a7dd03c-5320-4de8-991e-3a65e022ae84/sm/snapshot.1_4 time:9
2019-09-19 11:33:00,193 [342e2bcd-9bfb-464c-b5cb-8416a3830fb7@group-3A65E022AE84-StateMachineUpdater] INFO  impl.StateMachineUpdater (StateMachineUpdater.java:takeSnapshot(258)) - 342e2bcd-9bfb-464c-b5cb-8416a3830fb7@group-3A65E022AE84-StateMachineUpdater: Took a snapshot at index 4
2019-09-19 11:33:00,193 [342e2bcd-9bfb-464c-b5cb-8416a3830fb7@group-3A65E022AE84-StateMachineUpdater] INFO  impl.StateMachineUpdater (StateMachineUpdater.java:lambda$new$0(83)) - 342e2bcd-9bfb-464c-b5cb-8416a3830fb7@group-3A65E022AE84-StateMachineUpdater: snapshotIndex: updateIncreasingly 4 -> 4
2019-09-19 11:33:00,193 [ForkJoinPool.commonPool-worker-1] INFO  impl.RaftServerImpl (ServerState.java:close(385)) - 342e2bcd-9bfb-464c-b5cb-8416a3830fb7@group-3A65E022AE84: closes. applyIndex: 6
2019-09-19 11:33:00,193 [342e2bcd-9bfb-464c-b5cb-8416a3830fb7@group-3A65E022AE84-SegmentedRaftLogWorker] INFO  segmented.SegmentedRaftLogWorker (SegmentedRaftLogWorker.java:run(313)) - 342e2bcd-9bfb-464c-b5cb-8416a3830fb7@group-3A65E022AE84-SegmentedRaftLogWorker was interrupted, exiting. There are 0 tasks remaining in the queue.
2019-09-19 11:33:00,195 [ForkJoinPool.commonPool-worker-1] INFO  segmented.SegmentedRaftLogWorker (SegmentedRaftLogWorker.java:close(228)) - 342e2bcd-9bfb-464c-b5cb-8416a3830fb7@group-3A65E022AE84-SegmentedRaftLogWorker close()
2019-09-19 11:33:00,196 [ForkJoinPool.commonPool-worker-1] INFO  impl.RaftServerImpl (RaftServerImpl.java:lambda$shutdown$3(251)) - 342e2bcd-9bfb-464c-b5cb-8416a3830fb7@group-17A2B6C4F5DE: shutdown
2019-09-19 11:33:00,196 [ForkJoinPool.commonPool-worker-1] INFO  util.JmxRegister (JmxRegister.java:unregister(73)) - Successfully un-registered JMX Bean with object name Ratis:service=RaftServer,group=group-17A2B6C4F5DE,id=342e2bcd-9bfb-464c-b5cb-8416a3830fb7
2019-09-19 11:33:00,196 [ForkJoinPool.commonPool-worker-1] INFO  impl.RoleInfo (RoleInfo.java:shutdownLeaderState(104)) - 342e2bcd-9bfb-464c-b5cb-8416a3830fb7: shutdown LeaderState
2019-09-19 11:33:00,197 [ForkJoinPool.commonPool-worker-1] INFO  impl.PendingRequests (PendingRequests.java:sendNotLeaderResponses(202)) - 342e2bcd-9bfb-464c-b5cb-8416a3830fb7-PendingRequests: sendNotLeaderResponses
2019-09-19 11:33:00,197 [ForkJoinPool.commonPool-worker-1] INFO  impl.StateMachineUpdater (StateMachineUpdater.java:stopAndJoin(125)) - 342e2bcd-9bfb-464c-b5cb-8416a3830fb7@group-17A2B6C4F5DE-StateMachineUpdater: set stopIndex = 0
2019-09-19 11:33:00,197 [ForkJoinPool.commonPool-worker-1] INFO  impl.RaftServerImpl (ServerState.java:close(385)) - 342e2bcd-9bfb-464c-b5cb-8416a3830fb7@group-17A2B6C4F5DE: closes. applyIndex: 0
2019-09-19 11:33:00,197 [342e2bcd-9bfb-464c-b5cb-8416a3830fb7@group-17A2B6C4F5DE-SegmentedRaftLogWorker] INFO  segmented.SegmentedRaftLogWorker (SegmentedRaftLogWorker.java:run(313)) - 342e2bcd-9bfb-464c-b5cb-8416a3830fb7@group-17A2B6C4F5DE-SegmentedRaftLogWorker was interrupted, exiting. There are 0 tasks remaining in the queue.
2019-09-19 11:33:00,199 [ForkJoinPool.commonPool-worker-1] INFO  segmented.SegmentedRaftLogWorker (SegmentedRaftLogWorker.java:close(228)) - 342e2bcd-9bfb-464c-b5cb-8416a3830fb7@group-17A2B6C4F5DE-SegmentedRaftLogWorker close()
2019-09-19 11:33:00,200 [ForkJoinPool.commonPool-worker-1] INFO  server.GrpcService (GrpcService.java:closeImpl(164)) - 342e2bcd-9bfb-464c-b5cb-8416a3830fb7: shutdown server with port 45072 now
2019-09-19 11:33:00,200 [ForkJoinPool.commonPool-worker-1] INFO  server.GrpcService (GrpcService.java:closeImpl(172)) - 342e2bcd-9bfb-464c-b5cb-8416a3830fb7: shutdown server with port 45072 successfully
2019-09-19 11:33:00,202 [refreshUsed-/workdir/hadoop-ozone/integration-test/target/test-dir/MiniOzoneClusterImpl-eb9be736-53bb-493b-b684-0bc14884a5e7/datanode-0/data/containers] WARN  fs.CachingGetSpaceUsed (CachingGetSpaceUsed.java:run(183)) - Thread Interrupted waiting to refresh disk information: sleep interrupted
2019-09-19 11:33:00,213 [main] INFO  utils.BackgroundService (BackgroundService.java:shutdown(148)) - Shutting down service BlockDeletingService
2019-09-19 11:33:00,216 [main] INFO  statemachine.DatanodeStateMachine (DatanodeStateMachine.java:stopDaemon(395)) - Ozone container server stopped.
2019-09-19 11:33:00,217 [ForkJoinPool.commonPool-worker-1] INFO  utils.BackgroundService (BackgroundService.java:shutdown(148)) - Shutting down service BlockDeletingService
2019-09-19 11:33:00,224 [ForkJoinPool.commonPool-worker-1] INFO  statemachine.DatanodeStateMachine (DatanodeStateMachine.java:stopDaemon(395)) - Ozone container server stopped.
2019-09-19 11:33:00,227 [ForkJoinPool.commonPool-worker-1] INFO  handler.ContextHandler (ContextHandler.java:doStop(910)) - Stopped o.e.j.w.WebAppContext@76d0ecd7{/,null,UNAVAILABLE}{/hddsDatanode}
2019-09-19 11:33:00,228 [main] INFO  handler.ContextHandler (ContextHandler.java:doStop(910)) - Stopped o.e.j.w.WebAppContext@13aed42b{/,null,UNAVAILABLE}{/hddsDatanode}
2019-09-19 11:33:00,228 [ForkJoinPool.commonPool-worker-1] INFO  server.AbstractConnector (AbstractConnector.java:doStop(318)) - Stopped ServerConnector@57c69937{HTTP/1.1,[http/1.1]}{0.0.0.0:0}
2019-09-19 11:33:00,229 [ForkJoinPool.commonPool-worker-1] INFO  handler.ContextHandler (ContextHandler.java:doStop(910)) - Stopped o.e.j.s.ServletContextHandler@dc59ec2{/static,jar:file:/home/user/.m2/repository/org/apache/hadoop/hadoop-hdds-container-service/0.5.0-SNAPSHOT/hadoop-hdds-container-service-0.5.0-SNAPSHOT.jar!/webapps/static,UNAVAILABLE}
2019-09-19 11:33:00,230 [ForkJoinPool.commonPool-worker-1] INFO  handler.ContextHandler (ContextHandler.java:doStop(910)) - Stopped o.e.j.s.ServletContextHandler@b56ec6c{/logs,file:///workdir/hadoop-ozone/integration-test/target/log,UNAVAILABLE}
2019-09-19 11:33:00,231 [main] INFO  server.AbstractConnector (AbstractConnector.java:doStop(318)) - Stopped ServerConnector@698d6d30{HTTP/1.1,[http/1.1]}{0.0.0.0:0}
2019-09-19 11:33:00,231 [main] INFO  handler.ContextHandler (ContextHandler.java:doStop(910)) - Stopped o.e.j.s.ServletContextHandler@91a2543{/static,jar:file:/home/user/.m2/repository/org/apache/hadoop/hadoop-hdds-container-service/0.5.0-SNAPSHOT/hadoop-hdds-container-service-0.5.0-SNAPSHOT.jar!/webapps/static,UNAVAILABLE}
2019-09-19 11:33:00,232 [main] INFO  handler.ContextHandler (ContextHandler.java:doStop(910)) - Stopped o.e.j.s.ServletContextHandler@1c68d0db{/logs,file:///workdir/hadoop-ozone/integration-test/target/log,UNAVAILABLE}
2019-09-19 11:33:00,462 [Datanode State Machine Thread - 0] INFO  statemachine.DatanodeStateMachine (DatanodeStateMachine.java:lambda$startDaemon$0(350)) - Ozone container server started.
2019-09-19 11:33:02,407 [Thread-3625] INFO  impl.FollowerState (FollowerState.java:run(106)) - dde64a51-f237-4bb2-8c6a-bc9e89b7d1d2:group-D3DBCD25A75A changes to CANDIDATE, lastRpcTime:7390, electionTimeout:5121ms
2019-09-19 11:33:02,408 [Thread-3625] INFO  impl.RoleInfo (RoleInfo.java:shutdownFollowerState(121)) - dde64a51-f237-4bb2-8c6a-bc9e89b7d1d2: shutdown FollowerState
2019-09-19 11:33:02,408 [Thread-3625] INFO  impl.RaftServerImpl (RaftServerImpl.java:setRole(174)) - dde64a51-f237-4bb2-8c6a-bc9e89b7d1d2@group-D3DBCD25A75A: changes role from  FOLLOWER to CANDIDATE at term 1 for changeToCandidate
2019-09-19 11:33:02,408 [Thread-3625] INFO  impl.RoleInfo (RoleInfo.java:updateAndGet(143)) - dde64a51-f237-4bb2-8c6a-bc9e89b7d1d2: start LeaderElection
2019-09-19 11:33:02,409 [dde64a51-f237-4bb2-8c6a-bc9e89b7d1d2@group-D3DBCD25A75A:LeaderElection86] INFO  impl.RaftServerImpl (ServerState.java:setLeader(253)) - dde64a51-f237-4bb2-8c6a-bc9e89b7d1d2@group-D3DBCD25A75A: change Leader from 5bed50f2-212d-4f1b-95cd-0fce23670d52 to null at term 1 for initElection
2019-09-19 11:33:02,424 [dde64a51-f237-4bb2-8c6a-bc9e89b7d1d2@group-D3DBCD25A75A:LeaderElection86] INFO  impl.LeaderElection (LeaderElection.java:askForVotes(182)) - dde64a51-f237-4bb2-8c6a-bc9e89b7d1d2@group-D3DBCD25A75A:LeaderElection86: begin an election at term 2 for 0: [dde64a51-f237-4bb2-8c6a-bc9e89b7d1d2:192.168.151.78:37810, 5bed50f2-212d-4f1b-95cd-0fce23670d52:192.168.151.78:33227, 889235f3-a76e-47d5-a143-813f13157864:192.168.151.78:42282], old=null
2019-09-19 11:33:02,429 [dde64a51-f237-4bb2-8c6a-bc9e89b7d1d2@group-D3DBCD25A75A:LeaderElection86] INFO  impl.LeaderElection (LogUtils.java:infoOrTrace(149)) - dde64a51-f237-4bb2-8c6a-bc9e89b7d1d2@group-D3DBCD25A75A:LeaderElection86 got exception when requesting votes: {}
java.util.concurrent.ExecutionException: org.apache.ratis.thirdparty.io.grpc.StatusRuntimeException: UNAVAILABLE: io exception
	at java.util.concurrent.FutureTask.report(FutureTask.java:122)
	at java.util.concurrent.FutureTask.get(FutureTask.java:192)
	at org.apache.ratis.server.impl.LeaderElection.waitForResults(LeaderElection.java:263)
	at org.apache.ratis.server.impl.LeaderElection.askForVotes(LeaderElection.java:201)
	at org.apache.ratis.server.impl.LeaderElection.run(LeaderElection.java:133)
	at java.lang.Thread.run(Thread.java:748)
Caused by: org.apache.ratis.thirdparty.io.grpc.StatusRuntimeException: UNAVAILABLE: io exception
	at org.apache.ratis.thirdparty.io.grpc.stub.ClientCalls.toStatusRuntimeException(ClientCalls.java:233)
	at org.apache.ratis.thirdparty.io.grpc.stub.ClientCalls.getUnchecked(ClientCalls.java:214)
	at org.apache.ratis.thirdparty.io.grpc.stub.ClientCalls.blockingUnaryCall(ClientCalls.java:139)
	at org.apache.ratis.proto.grpc.RaftServerProtocolServiceGrpc$RaftServerProtocolServiceBlockingStub.requestVote(RaftServerProtocolServiceGrpc.java:265)
	at org.apache.ratis.grpc.server.GrpcServerProtocolClient.requestVote(GrpcServerProtocolClient.java:90)
	at org.apache.ratis.grpc.server.GrpcService.requestVote(GrpcService.java:204)
	at org.apache.ratis.server.impl.LeaderElection.lambda$submitRequests$1(LeaderElection.java:238)
	at java.util.concurrent.FutureTask.run(FutureTask.java:266)
	at java.util.concurrent.Executors$RunnableAdapter.call(Executors.java:511)
	at java.util.concurrent.FutureTask.run(FutureTask.java:266)
	at java.util.concurrent.ThreadPoolExecutor.runWorker(ThreadPoolExecutor.java:1149)
	at java.util.concurrent.ThreadPoolExecutor$Worker.run(ThreadPoolExecutor.java:624)
	... 1 more
Caused by: org.apache.ratis.thirdparty.io.netty.channel.AbstractChannel$AnnotatedConnectException: Connection refused: /192.168.151.78:42282
	at sun.nio.ch.SocketChannelImpl.checkConnect(Native Method)
	at sun.nio.ch.SocketChannelImpl.finishConnect(SocketChannelImpl.java:717)
	at org.apache.ratis.thirdparty.io.netty.channel.socket.nio.NioSocketChannel.doFinishConnect(NioSocketChannel.java:327)
	at org.apache.ratis.thirdparty.io.netty.channel.nio.AbstractNioChannel$AbstractNioUnsafe.finishConnect(AbstractNioChannel.java:340)
	at org.apache.ratis.thirdparty.io.netty.channel.nio.NioEventLoop.processSelectedKey(NioEventLoop.java:632)
	at org.apache.ratis.thirdparty.io.netty.channel.nio.NioEventLoop.processSelectedKeysOptimized(NioEventLoop.java:579)
	at org.apache.ratis.thirdparty.io.netty.channel.nio.NioEventLoop.processSelectedKeys(NioEventLoop.java:496)
	at org.apache.ratis.thirdparty.io.netty.channel.nio.NioEventLoop.run(NioEventLoop.java:458)
	at org.apache.ratis.thirdparty.io.netty.util.concurrent.SingleThreadEventExecutor$5.run(SingleThreadEventExecutor.java:897)
	at org.apache.ratis.thirdparty.io.netty.util.concurrent.FastThreadLocalRunnable.run(FastThreadLocalRunnable.java:30)
	... 1 more
Caused by: java.net.ConnectException: Connection refused
	... 11 more
2019-09-19 11:33:02,432 [dde64a51-f237-4bb2-8c6a-bc9e89b7d1d2@group-D3DBCD25A75A:LeaderElection86] INFO  impl.LeaderElection (LogUtils.java:infoOrTrace(149)) - dde64a51-f237-4bb2-8c6a-bc9e89b7d1d2@group-D3DBCD25A75A:LeaderElection86 got exception when requesting votes: {}
java.util.concurrent.ExecutionException: org.apache.ratis.thirdparty.io.grpc.StatusRuntimeException: UNAVAILABLE: io exception
	at java.util.concurrent.FutureTask.report(FutureTask.java:122)
	at java.util.concurrent.FutureTask.get(FutureTask.java:192)
	at org.apache.ratis.server.impl.LeaderElection.waitForResults(LeaderElection.java:263)
	at org.apache.ratis.server.impl.LeaderElection.askForVotes(LeaderElection.java:201)
	at org.apache.ratis.server.impl.LeaderElection.run(LeaderElection.java:133)
	at java.lang.Thread.run(Thread.java:748)
Caused by: org.apache.ratis.thirdparty.io.grpc.StatusRuntimeException: UNAVAILABLE: io exception
	at org.apache.ratis.thirdparty.io.grpc.stub.ClientCalls.toStatusRuntimeException(ClientCalls.java:233)
	at org.apache.ratis.thirdparty.io.grpc.stub.ClientCalls.getUnchecked(ClientCalls.java:214)
	at org.apache.ratis.thirdparty.io.grpc.stub.ClientCalls.blockingUnaryCall(ClientCalls.java:139)
	at org.apache.ratis.proto.grpc.RaftServerProtocolServiceGrpc$RaftServerProtocolServiceBlockingStub.requestVote(RaftServerProtocolServiceGrpc.java:265)
	at org.apache.ratis.grpc.server.GrpcServerProtocolClient.requestVote(GrpcServerProtocolClient.java:90)
	at org.apache.ratis.grpc.server.GrpcService.requestVote(GrpcService.java:204)
	at org.apache.ratis.server.impl.LeaderElection.lambda$submitRequests$1(LeaderElection.java:238)
	at java.util.concurrent.FutureTask.run(FutureTask.java:266)
	at java.util.concurrent.Executors$RunnableAdapter.call(Executors.java:511)
	at java.util.concurrent.FutureTask.run(FutureTask.java:266)
	at java.util.concurrent.ThreadPoolExecutor.runWorker(ThreadPoolExecutor.java:1149)
	at java.util.concurrent.ThreadPoolExecutor$Worker.run(ThreadPoolExecutor.java:624)
	... 1 more
Caused by: org.apache.ratis.thirdparty.io.netty.channel.AbstractChannel$AnnotatedConnectException: Connection refused: /192.168.151.78:33227
	at sun.nio.ch.SocketChannelImpl.checkConnect(Native Method)
	at sun.nio.ch.SocketChannelImpl.finishConnect(SocketChannelImpl.java:717)
	at org.apache.ratis.thirdparty.io.netty.channel.socket.nio.NioSocketChannel.doFinishConnect(NioSocketChannel.java:327)
	at org.apache.ratis.thirdparty.io.netty.channel.nio.AbstractNioChannel$AbstractNioUnsafe.finishConnect(AbstractNioChannel.java:340)
	at org.apache.ratis.thirdparty.io.netty.channel.nio.NioEventLoop.processSelectedKey(NioEventLoop.java:632)
	at org.apache.ratis.thirdparty.io.netty.channel.nio.NioEventLoop.processSelectedKeysOptimized(NioEventLoop.java:579)
	at org.apache.ratis.thirdparty.io.netty.channel.nio.NioEventLoop.processSelectedKeys(NioEventLoop.java:496)
	at org.apache.ratis.thirdparty.io.netty.channel.nio.NioEventLoop.run(NioEventLoop.java:458)
	at org.apache.ratis.thirdparty.io.netty.util.concurrent.SingleThreadEventExecutor$5.run(SingleThreadEventExecutor.java:897)
	at org.apache.ratis.thirdparty.io.netty.util.concurrent.FastThreadLocalRunnable.run(FastThreadLocalRunnable.java:30)
	... 1 more
Caused by: java.net.ConnectException: Connection refused
	... 11 more
2019-09-19 11:33:02,434 [dde64a51-f237-4bb2-8c6a-bc9e89b7d1d2@group-D3DBCD25A75A:LeaderElection86] INFO  impl.LeaderElection (LeaderElection.java:logAndReturn(56)) - dde64a51-f237-4bb2-8c6a-bc9e89b7d1d2@group-D3DBCD25A75A:LeaderElection86: Election REJECTED; received 0 response(s) [] and 2 exception(s); dde64a51-f237-4bb2-8c6a-bc9e89b7d1d2@group-D3DBCD25A75A:t2, leader=null, voted=dde64a51-f237-4bb2-8c6a-bc9e89b7d1d2, raftlog=dde64a51-f237-4bb2-8c6a-bc9e89b7d1d2@group-D3DBCD25A75A-SegmentedRaftLog:OPENED:c6,f6,i6, conf=0: [dde64a51-f237-4bb2-8c6a-bc9e89b7d1d2:192.168.151.78:37810, 5bed50f2-212d-4f1b-95cd-0fce23670d52:192.168.151.78:33227, 889235f3-a76e-47d5-a143-813f13157864:192.168.151.78:42282], old=null
2019-09-19 11:33:02,435 [dde64a51-f237-4bb2-8c6a-bc9e89b7d1d2@group-D3DBCD25A75A:LeaderElection86] INFO  impl.LeaderElection (LogUtils.java:infoOrTrace(149)) -   Exception 0: {}
java.util.concurrent.ExecutionException: org.apache.ratis.thirdparty.io.grpc.StatusRuntimeException: UNAVAILABLE: io exception
	at java.util.concurrent.FutureTask.report(FutureTask.java:122)
	at java.util.concurrent.FutureTask.get(FutureTask.java:192)
	at org.apache.ratis.server.impl.LeaderElection.waitForResults(LeaderElection.java:263)
	at org.apache.ratis.server.impl.LeaderElection.askForVotes(LeaderElection.java:201)
	at org.apache.ratis.server.impl.LeaderElection.run(LeaderElection.java:133)
	at java.lang.Thread.run(Thread.java:748)
Caused by: org.apache.ratis.thirdparty.io.grpc.StatusRuntimeException: UNAVAILABLE: io exception
	at org.apache.ratis.thirdparty.io.grpc.stub.ClientCalls.toStatusRuntimeException(ClientCalls.java:233)
	at org.apache.ratis.thirdparty.io.grpc.stub.ClientCalls.getUnchecked(ClientCalls.java:214)
	at org.apache.ratis.thirdparty.io.grpc.stub.ClientCalls.blockingUnaryCall(ClientCalls.java:139)
	at org.apache.ratis.proto.grpc.RaftServerProtocolServiceGrpc$RaftServerProtocolServiceBlockingStub.requestVote(RaftServerProtocolServiceGrpc.java:265)
	at org.apache.ratis.grpc.server.GrpcServerProtocolClient.requestVote(GrpcServerProtocolClient.java:90)
	at org.apache.ratis.grpc.server.GrpcService.requestVote(GrpcService.java:204)
	at org.apache.ratis.server.impl.LeaderElection.lambda$submitRequests$1(LeaderElection.java:238)
	at java.util.concurrent.FutureTask.run(FutureTask.java:266)
	at java.util.concurrent.Executors$RunnableAdapter.call(Executors.java:511)
	at java.util.concurrent.FutureTask.run(FutureTask.java:266)
	at java.util.concurrent.ThreadPoolExecutor.runWorker(ThreadPoolExecutor.java:1149)
	at java.util.concurrent.ThreadPoolExecutor$Worker.run(ThreadPoolExecutor.java:624)
	... 1 more
Caused by: org.apache.ratis.thirdparty.io.netty.channel.AbstractChannel$AnnotatedConnectException: Connection refused: /192.168.151.78:42282
	at sun.nio.ch.SocketChannelImpl.checkConnect(Native Method)
	at sun.nio.ch.SocketChannelImpl.finishConnect(SocketChannelImpl.java:717)
	at org.apache.ratis.thirdparty.io.netty.channel.socket.nio.NioSocketChannel.doFinishConnect(NioSocketChannel.java:327)
	at org.apache.ratis.thirdparty.io.netty.channel.nio.AbstractNioChannel$AbstractNioUnsafe.finishConnect(AbstractNioChannel.java:340)
	at org.apache.ratis.thirdparty.io.netty.channel.nio.NioEventLoop.processSelectedKey(NioEventLoop.java:632)
	at org.apache.ratis.thirdparty.io.netty.channel.nio.NioEventLoop.processSelectedKeysOptimized(NioEventLoop.java:579)
	at org.apache.ratis.thirdparty.io.netty.channel.nio.NioEventLoop.processSelectedKeys(NioEventLoop.java:496)
	at org.apache.ratis.thirdparty.io.netty.channel.nio.NioEventLoop.run(NioEventLoop.java:458)
	at org.apache.ratis.thirdparty.io.netty.util.concurrent.SingleThreadEventExecutor$5.run(SingleThreadEventExecutor.java:897)
	at org.apache.ratis.thirdparty.io.netty.util.concurrent.FastThreadLocalRunnable.run(FastThreadLocalRunnable.java:30)
	... 1 more
Caused by: java.net.ConnectException: Connection refused
	... 11 more
2019-09-19 11:33:02,435 [dde64a51-f237-4bb2-8c6a-bc9e89b7d1d2@group-D3DBCD25A75A:LeaderElection86] INFO  impl.LeaderElection (LogUtils.java:infoOrTrace(149)) -   Exception 1: {}
java.util.concurrent.ExecutionException: org.apache.ratis.thirdparty.io.grpc.StatusRuntimeException: UNAVAILABLE: io exception
	at java.util.concurrent.FutureTask.report(FutureTask.java:122)
	at java.util.concurrent.FutureTask.get(FutureTask.java:192)
	at org.apache.ratis.server.impl.LeaderElection.waitForResults(LeaderElection.java:263)
	at org.apache.ratis.server.impl.LeaderElection.askForVotes(LeaderElection.java:201)
	at org.apache.ratis.server.impl.LeaderElection.run(LeaderElection.java:133)
	at java.lang.Thread.run(Thread.java:748)
Caused by: org.apache.ratis.thirdparty.io.grpc.StatusRuntimeException: UNAVAILABLE: io exception
	at org.apache.ratis.thirdparty.io.grpc.stub.ClientCalls.toStatusRuntimeException(ClientCalls.java:233)
	at org.apache.ratis.thirdparty.io.grpc.stub.ClientCalls.getUnchecked(ClientCalls.java:214)
	at org.apache.ratis.thirdparty.io.grpc.stub.ClientCalls.blockingUnaryCall(ClientCalls.java:139)
	at org.apache.ratis.proto.grpc.RaftServerProtocolServiceGrpc$RaftServerProtocolServiceBlockingStub.requestVote(RaftServerProtocolServiceGrpc.java:265)
	at org.apache.ratis.grpc.server.GrpcServerProtocolClient.requestVote(GrpcServerProtocolClient.java:90)
	at org.apache.ratis.grpc.server.GrpcService.requestVote(GrpcService.java:204)
	at org.apache.ratis.server.impl.LeaderElection.lambda$submitRequests$1(LeaderElection.java:238)
	at java.util.concurrent.FutureTask.run(FutureTask.java:266)
	at java.util.concurrent.Executors$RunnableAdapter.call(Executors.java:511)
	at java.util.concurrent.FutureTask.run(FutureTask.java:266)
	at java.util.concurrent.ThreadPoolExecutor.runWorker(ThreadPoolExecutor.java:1149)
	at java.util.concurrent.ThreadPoolExecutor$Worker.run(ThreadPoolExecutor.java:624)
	... 1 more
Caused by: org.apache.ratis.thirdparty.io.netty.channel.AbstractChannel$AnnotatedConnectException: Connection refused: /192.168.151.78:33227
	at sun.nio.ch.SocketChannelImpl.checkConnect(Native Method)
	at sun.nio.ch.SocketChannelImpl.finishConnect(SocketChannelImpl.java:717)
	at org.apache.ratis.thirdparty.io.netty.channel.socket.nio.NioSocketChannel.doFinishConnect(NioSocketChannel.java:327)
	at org.apache.ratis.thirdparty.io.netty.channel.nio.AbstractNioChannel$AbstractNioUnsafe.finishConnect(AbstractNioChannel.java:340)
	at org.apache.ratis.thirdparty.io.netty.channel.nio.NioEventLoop.processSelectedKey(NioEventLoop.java:632)
	at org.apache.ratis.thirdparty.io.netty.channel.nio.NioEventLoop.processSelectedKeysOptimized(NioEventLoop.java:579)
	at org.apache.ratis.thirdparty.io.netty.channel.nio.NioEventLoop.processSelectedKeys(NioEventLoop.java:496)
	at org.apache.ratis.thirdparty.io.netty.channel.nio.NioEventLoop.run(NioEventLoop.java:458)
	at org.apache.ratis.thirdparty.io.netty.util.concurrent.SingleThreadEventExecutor$5.run(SingleThreadEventExecutor.java:897)
	at org.apache.ratis.thirdparty.io.netty.util.concurrent.FastThreadLocalRunnable.run(FastThreadLocalRunnable.java:30)
	... 1 more
Caused by: java.net.ConnectException: Connection refused
	... 11 more
2019-09-19 11:33:02,436 [dde64a51-f237-4bb2-8c6a-bc9e89b7d1d2@group-D3DBCD25A75A:LeaderElection86] INFO  impl.RaftServerImpl (RaftServerImpl.java:setRole(174)) - dde64a51-f237-4bb2-8c6a-bc9e89b7d1d2@group-D3DBCD25A75A: changes role from CANDIDATE to FOLLOWER at term 2 for DISCOVERED_A_NEW_TERM
2019-09-19 11:33:02,436 [dde64a51-f237-4bb2-8c6a-bc9e89b7d1d2@group-D3DBCD25A75A:LeaderElection86] INFO  impl.RoleInfo (RoleInfo.java:shutdownLeaderElection(134)) - dde64a51-f237-4bb2-8c6a-bc9e89b7d1d2: shutdown LeaderElection
2019-09-19 11:33:02,436 [dde64a51-f237-4bb2-8c6a-bc9e89b7d1d2@group-D3DBCD25A75A:LeaderElection86] INFO  impl.RoleInfo (RoleInfo.java:updateAndGet(143)) - dde64a51-f237-4bb2-8c6a-bc9e89b7d1d2: start FollowerState
2019-09-19 11:33:04,518 [EventQueue-StaleNodeForStaleNodeHandler] INFO  node.StaleNodeHandler (StaleNodeHandler.java:onMessage(58)) - Datanode dde64a51-f237-4bb2-8c6a-bc9e89b7d1d2{ip: 192.168.151.78, host: pr-hdds-2154-j8s56-3842691507, networkLocation: /default-rack, certSerialId: null} moved to stale state. Finalizing its pipelines [PipelineID=c24478ec-42af-4c48-a592-d3dbcd25a75a, PipelineID=2b2317c3-7e23-4051-95ce-7b998bf9c407]
2019-09-19 11:33:04,520 [EventQueue-StaleNodeForStaleNodeHandler] INFO  pipeline.SCMPipelineManager (SCMPipelineManager.java:finalizeAndDestroyPipeline(311)) - destroying pipeline:Pipeline[ Id: c24478ec-42af-4c48-a592-d3dbcd25a75a, Nodes: dde64a51-f237-4bb2-8c6a-bc9e89b7d1d2{ip: 192.168.151.78, host: pr-hdds-2154-j8s56-3842691507, networkLocation: /default-rack, certSerialId: null}889235f3-a76e-47d5-a143-813f13157864{ip: 192.168.151.78, host: pr-hdds-2154-j8s56-3842691507, networkLocation: /default-rack, certSerialId: null}5bed50f2-212d-4f1b-95cd-0fce23670d52{ip: 192.168.151.78, host: pr-hdds-2154-j8s56-3842691507, networkLocation: /default-rack, certSerialId: null}, Type:RATIS, Factor:THREE, State:CLOSED]
2019-09-19 11:33:04,520 [EventQueue-StaleNodeForStaleNodeHandler] INFO  pipeline.SCMPipelineManager (SCMPipelineManager.java:finalizeAndDestroyPipeline(311)) - destroying pipeline:Pipeline[ Id: 2b2317c3-7e23-4051-95ce-7b998bf9c407, Nodes: dde64a51-f237-4bb2-8c6a-bc9e89b7d1d2{ip: 192.168.151.78, host: pr-hdds-2154-j8s56-3842691507, networkLocation: /default-rack, certSerialId: null}, Type:RATIS, Factor:ONE, State:OPEN]
2019-09-19 11:33:04,520 [EventQueue-StaleNodeForStaleNodeHandler] INFO  pipeline.PipelineStateManager (PipelineStateManager.java:finalizePipeline(123)) - Pipeline Pipeline[ Id: 2b2317c3-7e23-4051-95ce-7b998bf9c407, Nodes: dde64a51-f237-4bb2-8c6a-bc9e89b7d1d2{ip: 192.168.151.78, host: pr-hdds-2154-j8s56-3842691507, networkLocation: /default-rack, certSerialId: null}, Type:RATIS, Factor:ONE, State:CLOSED] moved to CLOSED state
2019-09-19 11:33:05,232 [ForkJoinPool.commonPool-worker-1] INFO  ozoneimpl.OzoneContainer (OzoneContainer.java:stop(231)) - Attempting to stop container services.
2019-09-19 11:33:05,234 [ForkJoinPool.commonPool-worker-1] INFO  impl.RaftServerProxy (RaftServerProxy.java:lambda$close$4(314)) - dde64a51-f237-4bb2-8c6a-bc9e89b7d1d2: close
2019-09-19 11:33:05,235 [ForkJoinPool.commonPool-worker-1] INFO  impl.RaftServerImpl (RaftServerImpl.java:lambda$shutdown$3(251)) - dde64a51-f237-4bb2-8c6a-bc9e89b7d1d2@group-D3DBCD25A75A: shutdown
2019-09-19 11:33:05,235 [ForkJoinPool.commonPool-worker-1] INFO  util.JmxRegister (JmxRegister.java:unregister(73)) - Successfully un-registered JMX Bean with object name Ratis:service=RaftServer,group=group-D3DBCD25A75A,id=dde64a51-f237-4bb2-8c6a-bc9e89b7d1d2
2019-09-19 11:33:05,235 [ForkJoinPool.commonPool-worker-1] INFO  impl.RoleInfo (RoleInfo.java:shutdownFollowerState(121)) - dde64a51-f237-4bb2-8c6a-bc9e89b7d1d2: shutdown FollowerState
2019-09-19 11:33:05,236 [ForkJoinPool.commonPool-worker-1] INFO  impl.StateMachineUpdater (StateMachineUpdater.java:stopAndJoin(125)) - dde64a51-f237-4bb2-8c6a-bc9e89b7d1d2@group-D3DBCD25A75A-StateMachineUpdater: set stopIndex = 6
2019-09-19 11:33:05,236 [Thread-3709] INFO  impl.FollowerState (FollowerState.java:run(115)) - dde64a51-f237-4bb2-8c6a-bc9e89b7d1d2: FollowerState was interrupted: java.lang.InterruptedException: sleep interrupted
2019-09-19 11:33:05,236 [dde64a51-f237-4bb2-8c6a-bc9e89b7d1d2@group-D3DBCD25A75A-StateMachineUpdater] INFO  ratis.ContainerStateMachine (ContainerStateMachine.java:takeSnapshot(289)) - group-D3DBCD25A75A: Taking a snapshot at:(t:1, i:6) file /workdir/hadoop-ozone/integration-test/target/test-dir/MiniOzoneClusterImpl-eb9be736-53bb-493b-b684-0bc14884a5e7/datanode-5/data/ratis/c24478ec-42af-4c48-a592-d3dbcd25a75a/sm/snapshot.1_6
2019-09-19 11:33:05,250 [dde64a51-f237-4bb2-8c6a-bc9e89b7d1d2@group-D3DBCD25A75A-StateMachineUpdater] INFO  ratis.ContainerStateMachine (ContainerStateMachine.java:takeSnapshot(300)) - group-D3DBCD25A75A: Finished taking a snapshot at:(t:1, i:6) file:/workdir/hadoop-ozone/integration-test/target/test-dir/MiniOzoneClusterImpl-eb9be736-53bb-493b-b684-0bc14884a5e7/datanode-5/data/ratis/c24478ec-42af-4c48-a592-d3dbcd25a75a/sm/snapshot.1_6 time:15
2019-09-19 11:33:05,251 [dde64a51-f237-4bb2-8c6a-bc9e89b7d1d2@group-D3DBCD25A75A-StateMachineUpdater] INFO  impl.StateMachineUpdater (StateMachineUpdater.java:takeSnapshot(258)) - dde64a51-f237-4bb2-8c6a-bc9e89b7d1d2@group-D3DBCD25A75A-StateMachineUpdater: Took a snapshot at index 6
2019-09-19 11:33:05,251 [dde64a51-f237-4bb2-8c6a-bc9e89b7d1d2@group-D3DBCD25A75A-StateMachineUpdater] INFO  impl.StateMachineUpdater (StateMachineUpdater.java:lambda$new$0(83)) - dde64a51-f237-4bb2-8c6a-bc9e89b7d1d2@group-D3DBCD25A75A-StateMachineUpdater: snapshotIndex: updateIncreasingly -1 -> 6
2019-09-19 11:33:05,252 [ForkJoinPool.commonPool-worker-1] INFO  impl.RaftServerImpl (ServerState.java:close(385)) - dde64a51-f237-4bb2-8c6a-bc9e89b7d1d2@group-D3DBCD25A75A: closes. applyIndex: 6
2019-09-19 11:33:05,253 [dde64a51-f237-4bb2-8c6a-bc9e89b7d1d2@group-D3DBCD25A75A-SegmentedRaftLogWorker] INFO  segmented.SegmentedRaftLogWorker (SegmentedRaftLogWorker.java:run(313)) - dde64a51-f237-4bb2-8c6a-bc9e89b7d1d2@group-D3DBCD25A75A-SegmentedRaftLogWorker was interrupted, exiting. There are 0 tasks remaining in the queue.
2019-09-19 11:33:05,254 [ForkJoinPool.commonPool-worker-1] INFO  segmented.SegmentedRaftLogWorker (SegmentedRaftLogWorker.java:close(228)) - dde64a51-f237-4bb2-8c6a-bc9e89b7d1d2@group-D3DBCD25A75A-SegmentedRaftLogWorker close()
2019-09-19 11:33:05,255 [ForkJoinPool.commonPool-worker-1] INFO  impl.RaftServerImpl (RaftServerImpl.java:lambda$shutdown$3(251)) - dde64a51-f237-4bb2-8c6a-bc9e89b7d1d2@group-7B998BF9C407: shutdown
2019-09-19 11:33:05,256 [ForkJoinPool.commonPool-worker-1] INFO  util.JmxRegister (JmxRegister.java:unregister(73)) - Successfully un-registered JMX Bean with object name Ratis:service=RaftServer,group=group-7B998BF9C407,id=dde64a51-f237-4bb2-8c6a-bc9e89b7d1d2
2019-09-19 11:33:05,256 [ForkJoinPool.commonPool-worker-1] INFO  impl.RoleInfo (RoleInfo.java:shutdownLeaderState(104)) - dde64a51-f237-4bb2-8c6a-bc9e89b7d1d2: shutdown LeaderState
2019-09-19 11:33:05,256 [ForkJoinPool.commonPool-worker-1] INFO  impl.PendingRequests (PendingRequests.java:sendNotLeaderResponses(202)) - dde64a51-f237-4bb2-8c6a-bc9e89b7d1d2-PendingRequests: sendNotLeaderResponses
2019-09-19 11:33:05,257 [ForkJoinPool.commonPool-worker-1] INFO  impl.StateMachineUpdater (StateMachineUpdater.java:stopAndJoin(125)) - dde64a51-f237-4bb2-8c6a-bc9e89b7d1d2@group-7B998BF9C407-StateMachineUpdater: set stopIndex = 0
2019-09-19 11:33:05,257 [ForkJoinPool.commonPool-worker-1] INFO  impl.RaftServerImpl (ServerState.java:close(385)) - dde64a51-f237-4bb2-8c6a-bc9e89b7d1d2@group-7B998BF9C407: closes. applyIndex: 0
2019-09-19 11:33:05,257 [dde64a51-f237-4bb2-8c6a-bc9e89b7d1d2@group-7B998BF9C407-SegmentedRaftLogWorker] INFO  segmented.SegmentedRaftLogWorker (SegmentedRaftLogWorker.java:run(313)) - dde64a51-f237-4bb2-8c6a-bc9e89b7d1d2@group-7B998BF9C407-SegmentedRaftLogWorker was interrupted, exiting. There are 0 tasks remaining in the queue.
2019-09-19 11:33:05,259 [ForkJoinPool.commonPool-worker-1] INFO  segmented.SegmentedRaftLogWorker (SegmentedRaftLogWorker.java:close(228)) - dde64a51-f237-4bb2-8c6a-bc9e89b7d1d2@group-7B998BF9C407-SegmentedRaftLogWorker close()
2019-09-19 11:33:05,260 [ForkJoinPool.commonPool-worker-1] INFO  server.GrpcService (GrpcService.java:closeImpl(164)) - dde64a51-f237-4bb2-8c6a-bc9e89b7d1d2: shutdown server with port 37810 now
2019-09-19 11:33:05,261 [ForkJoinPool.commonPool-worker-1] INFO  server.GrpcService (GrpcService.java:closeImpl(172)) - dde64a51-f237-4bb2-8c6a-bc9e89b7d1d2: shutdown server with port 37810 successfully
2019-09-19 11:33:05,263 [refreshUsed-/workdir/hadoop-ozone/integration-test/target/test-dir/MiniOzoneClusterImpl-eb9be736-53bb-493b-b684-0bc14884a5e7/datanode-5/data/containers] WARN  fs.CachingGetSpaceUsed (CachingGetSpaceUsed.java:run(183)) - Thread Interrupted waiting to refresh disk information: sleep interrupted
2019-09-19 11:33:05,281 [ForkJoinPool.commonPool-worker-1] INFO  utils.BackgroundService (BackgroundService.java:shutdown(148)) - Shutting down service BlockDeletingService
2019-09-19 11:33:05,283 [ForkJoinPool.commonPool-worker-1] INFO  statemachine.DatanodeStateMachine (DatanodeStateMachine.java:stopDaemon(395)) - Ozone container server stopped.
2019-09-19 11:33:05,290 [ForkJoinPool.commonPool-worker-1] INFO  handler.ContextHandler (ContextHandler.java:doStop(910)) - Stopped o.e.j.w.WebAppContext@638afcaa{/,null,UNAVAILABLE}{/hddsDatanode}
2019-09-19 11:33:05,291 [ForkJoinPool.commonPool-worker-1] INFO  server.AbstractConnector (AbstractConnector.java:doStop(318)) - Stopped ServerConnector@58601e7a{HTTP/1.1,[http/1.1]}{0.0.0.0:0}
2019-09-19 11:33:05,292 [ForkJoinPool.commonPool-worker-1] INFO  handler.ContextHandler (ContextHandler.java:doStop(910)) - Stopped o.e.j.s.ServletContextHandler@563317c1{/static,jar:file:/home/user/.m2/repository/org/apache/hadoop/hadoop-hdds-container-service/0.5.0-SNAPSHOT/hadoop-hdds-container-service-0.5.0-SNAPSHOT.jar!/webapps/static,UNAVAILABLE}
2019-09-19 11:33:05,294 [ForkJoinPool.commonPool-worker-1] INFO  handler.ContextHandler (ContextHandler.java:doStop(910)) - Stopped o.e.j.s.ServletContextHandler@8077c97{/logs,file:///workdir/hadoop-ozone/integration-test/target/log,UNAVAILABLE}
2019-09-19 11:33:05,295 [main] INFO  ozone.MiniOzoneClusterImpl (MiniOzoneClusterImpl.java:stop(344)) - Stopping the StorageContainerManager
2019-09-19 11:33:05,295 [main] INFO  server.StorageContainerManager (StorageContainerManager.java:stop(801)) - Stopping Replication Manager Service.
2019-09-19 11:33:05,295 [main] INFO  container.ReplicationManager (ReplicationManager.java:stop(203)) - Stopping Replication Monitor Thread.
2019-09-19 11:33:05,295 [main] INFO  server.StorageContainerManager (StorageContainerManager.java:stop(808)) - Stopping Lease Manager of the command watchers
2019-09-19 11:33:05,295 [main] INFO  server.StorageContainerManager (StorageContainerManager.java:stop(815)) - Stopping datanode service RPC server
2019-09-19 11:33:05,295 [main] INFO  server.SCMDatanodeProtocolServer (SCMDatanodeProtocolServer.java:stop(367)) - Stopping the RPC server for DataNodes
2019-09-19 11:33:05,296 [main] INFO  ipc.Server (Server.java:stop(3082)) - Stopping server on 46077
2019-09-19 11:33:05,300 [IPC Server listener on 46077] INFO  ipc.Server (Server.java:run(1185)) - Stopping IPC Server listener on 46077
2019-09-19 11:33:05,300 [IPC Server Responder] INFO  ipc.Server (Server.java:run(1319)) - Stopping IPC Server Responder
2019-09-19 11:33:05,319 [SCM Heartbeat Processing Thread - 0] WARN  node.NodeStateManager (NodeStateManager.java:scheduleNextHealthCheck(646)) - Current Thread is interrupted, shutting down HB processing thread for Node Manager.
2019-09-19 11:33:05,319 [main] INFO  server.StorageContainerManager (StorageContainerManager.java:stop(823)) - Stopping block service RPC server
2019-09-19 11:33:05,319 [main] INFO  server.SCMBlockProtocolServer (SCMBlockProtocolServer.java:stop(155)) - Stopping the RPC server for Block Protocol
2019-09-19 11:33:05,319 [main] INFO  ipc.Server (Server.java:stop(3082)) - Stopping server on 34147
2019-09-19 11:33:05,322 [IPC Server listener on 34147] INFO  ipc.Server (Server.java:run(1185)) - Stopping IPC Server listener on 34147
2019-09-19 11:33:05,325 [main] INFO  server.StorageContainerManager (StorageContainerManager.java:stop(830)) - Stopping the StorageContainerLocationProtocol RPC server
2019-09-19 11:33:05,326 [IPC Server Responder] INFO  ipc.Server (Server.java:run(1319)) - Stopping IPC Server Responder
2019-09-19 11:33:05,327 [main] INFO  server.SCMClientProtocolServer (SCMClientProtocolServer.java:stop(159)) - Stopping the RPC server for Client Protocol
2019-09-19 11:33:05,327 [main] INFO  ipc.Server (Server.java:stop(3082)) - Stopping server on 41901
2019-09-19 11:33:05,331 [IPC Server listener on 41901] INFO  ipc.Server (Server.java:run(1185)) - Stopping IPC Server listener on 41901
2019-09-19 11:33:05,331 [main] INFO  server.StorageContainerManager (StorageContainerManager.java:stop(837)) - Stopping Storage Container Manager HTTP server.
2019-09-19 11:33:05,333 [IPC Server Responder] INFO  ipc.Server (Server.java:run(1319)) - Stopping IPC Server Responder
2019-09-19 11:33:05,333 [main] INFO  handler.ContextHandler (ContextHandler.java:doStop(910)) - Stopped o.e.j.w.WebAppContext@3ffd4b12{/,null,UNAVAILABLE}{/scm}
2019-09-19 11:33:05,334 [main] INFO  server.AbstractConnector (AbstractConnector.java:doStop(318)) - Stopped ServerConnector@424f02b8{HTTP/1.1,[http/1.1]}{0.0.0.0:0}
2019-09-19 11:33:05,334 [main] INFO  handler.ContextHandler (ContextHandler.java:doStop(910)) - Stopped o.e.j.s.ServletContextHandler@3915e7c3{/static,file:///workdir/hadoop-ozone/integration-test/target/test-classes/webapps/static,UNAVAILABLE}
2019-09-19 11:33:05,334 [main] INFO  handler.ContextHandler (ContextHandler.java:doStop(910)) - Stopped o.e.j.s.ServletContextHandler@105db94d{/logs,file:///workdir/hadoop-ozone/integration-test/target/log,UNAVAILABLE}
2019-09-19 11:33:05,335 [main] INFO  server.StorageContainerManager (StorageContainerManager.java:stop(848)) - Stopping Block Manager Service.
2019-09-19 11:33:05,335 [main] INFO  utils.BackgroundService (BackgroundService.java:shutdown(148)) - Shutting down service SCMBlockDeletingService
2019-09-19 11:33:05,335 [main] INFO  utils.BackgroundService (BackgroundService.java:shutdown(148)) - Shutting down service SCMBlockDeletingService
2019-09-19 11:33:05,336 [main] INFO  server.StorageContainerManager (StorageContainerManager.java:stop(870)) - Stopping SCM Event Queue.
2019-09-19 11:33:05,339 [main] INFO  impl.MetricsSystemImpl (MetricsSystemImpl.java:stop(210)) - Stopping HddsDatanode metrics system...
2019-09-19 11:33:05,367 [main] INFO  impl.MetricsSystemImpl (MetricsSystemImpl.java:stop(216)) - HddsDatanode metrics system stopped.
]]></system-out>
    <system-err><![CDATA[Sep 19, 2019 11:32:36 AM org.apache.ratis.thirdparty.io.grpc.internal.ManagedChannelOrphanWrapper$ManagedChannelReference cleanQueue
SEVERE: *~*~*~ Channel ManagedChannelImpl{logId=2963, target=192.168.151.78:40477} was not shutdown properly!!! ~*~*~*
    Make sure to call shutdown()/shutdownNow() and wait until awaitTermination() returns true.
java.lang.RuntimeException: ManagedChannel allocation site
	at org.apache.ratis.thirdparty.io.grpc.internal.ManagedChannelOrphanWrapper$ManagedChannelReference.<init>(ManagedChannelOrphanWrapper.java:103)
	at org.apache.ratis.thirdparty.io.grpc.internal.ManagedChannelOrphanWrapper.<init>(ManagedChannelOrphanWrapper.java:53)
	at org.apache.ratis.thirdparty.io.grpc.internal.ManagedChannelOrphanWrapper.<init>(ManagedChannelOrphanWrapper.java:44)
	at org.apache.ratis.thirdparty.io.grpc.internal.AbstractManagedChannelImplBuilder.build(AbstractManagedChannelImplBuilder.java:411)
	at org.apache.hadoop.hdds.scm.XceiverClientGrpc.connectToDatanode(XceiverClientGrpc.java:175)
	at org.apache.hadoop.hdds.scm.XceiverClientGrpc.reconnect(XceiverClientGrpc.java:423)
	at org.apache.hadoop.hdds.scm.XceiverClientGrpc.sendCommandAsync(XceiverClientGrpc.java:372)
	at org.apache.hadoop.hdds.scm.XceiverClientGrpc.sendCommandWithRetry(XceiverClientGrpc.java:285)
	at org.apache.hadoop.hdds.scm.XceiverClientGrpc.sendCommandWithTraceIDAndRetry(XceiverClientGrpc.java:251)
	at org.apache.hadoop.hdds.scm.XceiverClientGrpc.sendCommand(XceiverClientGrpc.java:234)
	at org.apache.hadoop.hdds.scm.storage.ContainerProtocolCalls.getBlock(ContainerProtocolCalls.java:118)
	at org.apache.hadoop.hdds.scm.storage.BlockInputStream.getChunkInfos(BlockInputStream.java:167)
	at org.apache.hadoop.hdds.scm.storage.BlockInputStream.initialize(BlockInputStream.java:118)
	at org.apache.hadoop.hdds.scm.storage.BlockInputStream.read(BlockInputStream.java:222)
	at org.apache.hadoop.ozone.client.io.KeyInputStream.read(KeyInputStream.java:171)
	at org.apache.hadoop.ozone.client.io.OzoneInputStream.read(OzoneInputStream.java:47)
	at java.io.InputStream.read(InputStream.java:101)
	at org.apache.hadoop.ozone.container.ContainerTestHelper.validateData(ContainerTestHelper.java:714)
	at org.apache.hadoop.ozone.client.rpc.TestBlockOutputStreamWithFailures.validateData(TestBlockOutputStreamWithFailures.java:1216)
	at org.apache.hadoop.ozone.client.rpc.TestBlockOutputStreamWithFailures.testWatchForCommitWithSingleNodeRatis(TestBlockOutputStreamWithFailures.java:918)
	at sun.reflect.NativeMethodAccessorImpl.invoke0(Native Method)
	at sun.reflect.NativeMethodAccessorImpl.invoke(NativeMethodAccessorImpl.java:62)
	at sun.reflect.DelegatingMethodAccessorImpl.invoke(DelegatingMethodAccessorImpl.java:43)
	at java.lang.reflect.Method.invoke(Method.java:498)
	at org.junit.runners.model.FrameworkMethod$1.runReflectiveCall(FrameworkMethod.java:47)
	at org.junit.internal.runners.model.ReflectiveCallable.run(ReflectiveCallable.java:12)
	at org.junit.runners.model.FrameworkMethod.invokeExplosively(FrameworkMethod.java:44)
	at org.junit.internal.runners.statements.InvokeMethod.evaluate(InvokeMethod.java:17)
	at org.junit.internal.runners.statements.RunBefores.evaluate(RunBefores.java:26)
	at org.junit.internal.runners.statements.RunAfters.evaluate(RunAfters.java:27)
	at org.junit.runners.ParentRunner.runLeaf(ParentRunner.java:271)
	at org.junit.runners.BlockJUnit4ClassRunner.runChild(BlockJUnit4ClassRunner.java:70)
	at org.junit.runners.BlockJUnit4ClassRunner.runChild(BlockJUnit4ClassRunner.java:50)
	at org.junit.runners.ParentRunner$3.run(ParentRunner.java:238)
	at org.junit.runners.ParentRunner$1.schedule(ParentRunner.java:63)
	at org.junit.runners.ParentRunner.runChildren(ParentRunner.java:236)
	at org.junit.runners.ParentRunner.access$000(ParentRunner.java:53)
	at org.junit.runners.ParentRunner$2.evaluate(ParentRunner.java:229)
	at org.junit.runners.ParentRunner.run(ParentRunner.java:309)
	at org.apache.maven.surefire.junit4.JUnit4Provider.execute(JUnit4Provider.java:365)
	at org.apache.maven.surefire.junit4.JUnit4Provider.executeWithRerun(JUnit4Provider.java:273)
	at org.apache.maven.surefire.junit4.JUnit4Provider.executeTestSet(JUnit4Provider.java:238)
	at org.apache.maven.surefire.junit4.JUnit4Provider.invoke(JUnit4Provider.java:159)
	at org.apache.maven.surefire.booter.ForkedBooter.invokeProviderInSameClassLoader(ForkedBooter.java:384)
	at org.apache.maven.surefire.booter.ForkedBooter.runSuitesInProcess(ForkedBooter.java:345)
	at org.apache.maven.surefire.booter.ForkedBooter.execute(ForkedBooter.java:126)
	at org.apache.maven.surefire.booter.ForkedBooter.main(ForkedBooter.java:418)

Sep 19, 2019 11:32:36 AM org.apache.ratis.thirdparty.io.grpc.internal.ManagedChannelOrphanWrapper$ManagedChannelReference cleanQueue
SEVERE: *~*~*~ Channel ManagedChannelImpl{logId=2699, target=192.168.151.78:41857} was not shutdown properly!!! ~*~*~*
    Make sure to call shutdown()/shutdownNow() and wait until awaitTermination() returns true.
java.lang.RuntimeException: ManagedChannel allocation site
	at org.apache.ratis.thirdparty.io.grpc.internal.ManagedChannelOrphanWrapper$ManagedChannelReference.<init>(ManagedChannelOrphanWrapper.java:103)
	at org.apache.ratis.thirdparty.io.grpc.internal.ManagedChannelOrphanWrapper.<init>(ManagedChannelOrphanWrapper.java:53)
	at org.apache.ratis.thirdparty.io.grpc.internal.ManagedChannelOrphanWrapper.<init>(ManagedChannelOrphanWrapper.java:44)
	at org.apache.ratis.thirdparty.io.grpc.internal.AbstractManagedChannelImplBuilder.build(AbstractManagedChannelImplBuilder.java:411)
	at org.apache.ratis.grpc.client.GrpcClientProtocolClient.<init>(GrpcClientProtocolClient.java:127)
	at org.apache.ratis.grpc.client.GrpcClientRpc.lambda$new$0(GrpcClientRpc.java:55)
	at org.apache.ratis.util.PeerProxyMap$PeerAndProxy.lambda$getProxy$0(PeerProxyMap.java:61)
	at org.apache.ratis.util.LifeCycle.startAndTransition(LifeCycle.java:202)
	at org.apache.ratis.util.PeerProxyMap$PeerAndProxy.getProxy(PeerProxyMap.java:60)
	at org.apache.ratis.util.PeerProxyMap.getProxy(PeerProxyMap.java:108)
	at org.apache.ratis.grpc.client.GrpcClientRpc.sendRequestAsync(GrpcClientRpc.java:66)
	at org.apache.ratis.client.impl.OrderedAsync.sendRequest(OrderedAsync.java:208)
	at org.apache.ratis.client.impl.OrderedAsync.sendRequestWithRetry(OrderedAsync.java:169)
	at org.apache.ratis.util.SlidingWindow$Client.sendOrDelayRequest(SlidingWindow.java:278)
	at org.apache.ratis.util.SlidingWindow$Client.submitNewRequest(SlidingWindow.java:257)
	at org.apache.ratis.client.impl.OrderedAsync.send(OrderedAsync.java:155)
	at org.apache.ratis.client.impl.RaftClientImpl.sendAsync(RaftClientImpl.java:144)
	at org.apache.ratis.client.impl.RaftClientImpl.sendAsync(RaftClientImpl.java:124)
	at org.apache.hadoop.hdds.scm.XceiverClientRatis.sendRequestAsync(XceiverClientRatis.java:224)
	at org.apache.hadoop.hdds.scm.XceiverClientRatis.sendCommandAsync(XceiverClientRatis.java:302)
	at org.apache.hadoop.hdds.scm.storage.ContainerProtocolCalls.writeChunkAsync(ContainerProtocolCalls.java:310)
	at org.apache.hadoop.hdds.scm.storage.BlockOutputStream.writeChunkToContainer(BlockOutputStream.java:601)
	at org.apache.hadoop.hdds.scm.storage.BlockOutputStream.writeChunk(BlockOutputStream.java:459)
	at org.apache.hadoop.hdds.scm.storage.BlockOutputStream.writeOnRetry(BlockOutputStream.java:285)
	at org.apache.hadoop.ozone.client.io.BlockOutputStreamEntry.writeOnRetry(BlockOutputStreamEntry.java:200)
	at org.apache.hadoop.ozone.client.io.KeyOutputStream.handleWrite(KeyOutputStream.java:206)
	at org.apache.hadoop.ozone.client.io.KeyOutputStream.handleRetry(KeyOutputStream.java:375)
	at org.apache.hadoop.ozone.client.io.KeyOutputStream.handleException(KeyOutputStream.java:324)
	at org.apache.hadoop.ozone.client.io.KeyOutputStream.handleFlushOrClose(KeyOutputStream.java:449)
	at org.apache.hadoop.ozone.client.io.KeyOutputStream.handleWrite(KeyOutputStream.java:232)
	at org.apache.hadoop.ozone.client.io.KeyOutputStream.write(KeyOutputStream.java:190)
	at org.apache.hadoop.ozone.client.io.OzoneOutputStream.write(OzoneOutputStream.java:49)
	at java.io.OutputStream.write(OutputStream.java:75)
	at org.apache.hadoop.ozone.client.rpc.TestBlockOutputStreamWithFailures.testDatanodeFailureWithSingleNodeRatis(TestBlockOutputStreamWithFailures.java:1021)
	at sun.reflect.NativeMethodAccessorImpl.invoke0(Native Method)
	at sun.reflect.NativeMethodAccessorImpl.invoke(NativeMethodAccessorImpl.java:62)
	at sun.reflect.DelegatingMethodAccessorImpl.invoke(DelegatingMethodAccessorImpl.java:43)
	at java.lang.reflect.Method.invoke(Method.java:498)
	at org.junit.runners.model.FrameworkMethod$1.runReflectiveCall(FrameworkMethod.java:47)
	at org.junit.internal.runners.model.ReflectiveCallable.run(ReflectiveCallable.java:12)
	at org.junit.runners.model.FrameworkMethod.invokeExplosively(FrameworkMethod.java:44)
	at org.junit.internal.runners.statements.InvokeMethod.evaluate(InvokeMethod.java:17)
	at org.junit.internal.runners.statements.RunBefores.evaluate(RunBefores.java:26)
	at org.junit.internal.runners.statements.RunAfters.evaluate(RunAfters.java:27)
	at org.junit.runners.ParentRunner.runLeaf(ParentRunner.java:271)
	at org.junit.runners.BlockJUnit4ClassRunner.runChild(BlockJUnit4ClassRunner.java:70)
	at org.junit.runners.BlockJUnit4ClassRunner.runChild(BlockJUnit4ClassRunner.java:50)
	at org.junit.runners.ParentRunner$3.run(ParentRunner.java:238)
	at org.junit.runners.ParentRunner$1.schedule(ParentRunner.java:63)
	at org.junit.runners.ParentRunner.runChildren(ParentRunner.java:236)
	at org.junit.runners.ParentRunner.access$000(ParentRunner.java:53)
	at org.junit.runners.ParentRunner$2.evaluate(ParentRunner.java:229)
	at org.junit.runners.ParentRunner.run(ParentRunner.java:309)
	at org.apache.maven.surefire.junit4.JUnit4Provider.execute(JUnit4Provider.java:365)
	at org.apache.maven.surefire.junit4.JUnit4Provider.executeWithRerun(JUnit4Provider.java:273)
	at org.apache.maven.surefire.junit4.JUnit4Provider.executeTestSet(JUnit4Provider.java:238)
	at org.apache.maven.surefire.junit4.JUnit4Provider.invoke(JUnit4Provider.java:159)
	at org.apache.maven.surefire.booter.ForkedBooter.invokeProviderInSameClassLoader(ForkedBooter.java:384)
	at org.apache.maven.surefire.booter.ForkedBooter.runSuitesInProcess(ForkedBooter.java:345)
	at org.apache.maven.surefire.booter.ForkedBooter.execute(ForkedBooter.java:126)
	at org.apache.maven.surefire.booter.ForkedBooter.main(ForkedBooter.java:418)

Sep 19, 2019 11:32:36 AM org.apache.ratis.thirdparty.io.grpc.internal.ManagedChannelOrphanWrapper$ManagedChannelReference cleanQueue
SEVERE: *~*~*~ Channel ManagedChannelImpl{logId=2733, target=192.168.151.78:44628} was not shutdown properly!!! ~*~*~*
    Make sure to call shutdown()/shutdownNow() and wait until awaitTermination() returns true.
java.lang.RuntimeException: ManagedChannel allocation site
	at org.apache.ratis.thirdparty.io.grpc.internal.ManagedChannelOrphanWrapper$ManagedChannelReference.<init>(ManagedChannelOrphanWrapper.java:103)
	at org.apache.ratis.thirdparty.io.grpc.internal.ManagedChannelOrphanWrapper.<init>(ManagedChannelOrphanWrapper.java:53)
	at org.apache.ratis.thirdparty.io.grpc.internal.ManagedChannelOrphanWrapper.<init>(ManagedChannelOrphanWrapper.java:44)
	at org.apache.ratis.thirdparty.io.grpc.internal.AbstractManagedChannelImplBuilder.build(AbstractManagedChannelImplBuilder.java:411)
	at org.apache.hadoop.hdds.scm.XceiverClientGrpc.connectToDatanode(XceiverClientGrpc.java:175)
	at org.apache.hadoop.hdds.scm.XceiverClientGrpc.reconnect(XceiverClientGrpc.java:423)
	at org.apache.hadoop.hdds.scm.XceiverClientGrpc.sendCommandAsync(XceiverClientGrpc.java:372)
	at org.apache.hadoop.hdds.scm.XceiverClientGrpc.sendCommandWithRetry(XceiverClientGrpc.java:285)
	at org.apache.hadoop.hdds.scm.XceiverClientGrpc.sendCommandWithTraceIDAndRetry(XceiverClientGrpc.java:251)
	at org.apache.hadoop.hdds.scm.XceiverClientGrpc.sendCommand(XceiverClientGrpc.java:234)
	at org.apache.hadoop.hdds.scm.storage.ContainerProtocolCalls.getBlock(ContainerProtocolCalls.java:118)
	at org.apache.hadoop.hdds.scm.storage.BlockInputStream.getChunkInfos(BlockInputStream.java:167)
	at org.apache.hadoop.hdds.scm.storage.BlockInputStream.initialize(BlockInputStream.java:118)
	at org.apache.hadoop.hdds.scm.storage.BlockInputStream.read(BlockInputStream.java:222)
	at org.apache.hadoop.ozone.client.io.KeyInputStream.read(KeyInputStream.java:171)
	at org.apache.hadoop.ozone.client.io.OzoneInputStream.read(OzoneInputStream.java:47)
	at java.io.InputStream.read(InputStream.java:101)
	at org.apache.hadoop.ozone.container.ContainerTestHelper.validateData(ContainerTestHelper.java:714)
	at org.apache.hadoop.ozone.client.rpc.TestBlockOutputStreamWithFailures.validateData(TestBlockOutputStreamWithFailures.java:1216)
	at org.apache.hadoop.ozone.client.rpc.TestBlockOutputStreamWithFailures.testDatanodeFailureWithSingleNodeRatis(TestBlockOutputStreamWithFailures.java:1058)
	at sun.reflect.NativeMethodAccessorImpl.invoke0(Native Method)
	at sun.reflect.NativeMethodAccessorImpl.invoke(NativeMethodAccessorImpl.java:62)
	at sun.reflect.DelegatingMethodAccessorImpl.invoke(DelegatingMethodAccessorImpl.java:43)
	at java.lang.reflect.Method.invoke(Method.java:498)
	at org.junit.runners.model.FrameworkMethod$1.runReflectiveCall(FrameworkMethod.java:47)
	at org.junit.internal.runners.model.ReflectiveCallable.run(ReflectiveCallable.java:12)
	at org.junit.runners.model.FrameworkMethod.invokeExplosively(FrameworkMethod.java:44)
	at org.junit.internal.runners.statements.InvokeMethod.evaluate(InvokeMethod.java:17)
	at org.junit.internal.runners.statements.RunBefores.evaluate(RunBefores.java:26)
	at org.junit.internal.runners.statements.RunAfters.evaluate(RunAfters.java:27)
	at org.junit.runners.ParentRunner.runLeaf(ParentRunner.java:271)
	at org.junit.runners.BlockJUnit4ClassRunner.runChild(BlockJUnit4ClassRunner.java:70)
	at org.junit.runners.BlockJUnit4ClassRunner.runChild(BlockJUnit4ClassRunner.java:50)
	at org.junit.runners.ParentRunner$3.run(ParentRunner.java:238)
	at org.junit.runners.ParentRunner$1.schedule(ParentRunner.java:63)
	at org.junit.runners.ParentRunner.runChildren(ParentRunner.java:236)
	at org.junit.runners.ParentRunner.access$000(ParentRunner.java:53)
	at org.junit.runners.ParentRunner$2.evaluate(ParentRunner.java:229)
	at org.junit.runners.ParentRunner.run(ParentRunner.java:309)
	at org.apache.maven.surefire.junit4.JUnit4Provider.execute(JUnit4Provider.java:365)
	at org.apache.maven.surefire.junit4.JUnit4Provider.executeWithRerun(JUnit4Provider.java:273)
	at org.apache.maven.surefire.junit4.JUnit4Provider.executeTestSet(JUnit4Provider.java:238)
	at org.apache.maven.surefire.junit4.JUnit4Provider.invoke(JUnit4Provider.java:159)
	at org.apache.maven.surefire.booter.ForkedBooter.invokeProviderInSameClassLoader(ForkedBooter.java:384)
	at org.apache.maven.surefire.booter.ForkedBooter.runSuitesInProcess(ForkedBooter.java:345)
	at org.apache.maven.surefire.booter.ForkedBooter.execute(ForkedBooter.java:126)
	at org.apache.maven.surefire.booter.ForkedBooter.main(ForkedBooter.java:418)

Sep 19, 2019 11:32:36 AM org.apache.ratis.thirdparty.io.grpc.internal.ManagedChannelOrphanWrapper$ManagedChannelReference cleanQueue
SEVERE: *~*~*~ Channel ManagedChannelImpl{logId=2948, target=192.168.151.78:43161} was not shutdown properly!!! ~*~*~*
    Make sure to call shutdown()/shutdownNow() and wait until awaitTermination() returns true.
java.lang.RuntimeException: ManagedChannel allocation site
	at org.apache.ratis.thirdparty.io.grpc.internal.ManagedChannelOrphanWrapper$ManagedChannelReference.<init>(ManagedChannelOrphanWrapper.java:103)
	at org.apache.ratis.thirdparty.io.grpc.internal.ManagedChannelOrphanWrapper.<init>(ManagedChannelOrphanWrapper.java:53)
	at org.apache.ratis.thirdparty.io.grpc.internal.ManagedChannelOrphanWrapper.<init>(ManagedChannelOrphanWrapper.java:44)
	at org.apache.ratis.thirdparty.io.grpc.internal.AbstractManagedChannelImplBuilder.build(AbstractManagedChannelImplBuilder.java:411)
	at org.apache.ratis.grpc.client.GrpcClientProtocolClient.<init>(GrpcClientProtocolClient.java:127)
	at org.apache.ratis.grpc.client.GrpcClientRpc.lambda$new$0(GrpcClientRpc.java:55)
	at org.apache.ratis.util.PeerProxyMap$PeerAndProxy.lambda$getProxy$0(PeerProxyMap.java:61)
	at org.apache.ratis.util.LifeCycle.startAndTransition(LifeCycle.java:202)
	at org.apache.ratis.util.PeerProxyMap$PeerAndProxy.getProxy(PeerProxyMap.java:60)
	at org.apache.ratis.util.PeerProxyMap.getProxy(PeerProxyMap.java:108)
	at org.apache.ratis.grpc.client.GrpcClientRpc.sendRequestAsync(GrpcClientRpc.java:66)
	at org.apache.ratis.client.impl.OrderedAsync.sendRequest(OrderedAsync.java:208)
	at org.apache.ratis.client.impl.OrderedAsync.sendRequestWithRetry(OrderedAsync.java:169)
	at org.apache.ratis.util.SlidingWindow$Client.sendOrDelayRequest(SlidingWindow.java:278)
	at org.apache.ratis.util.SlidingWindow$Client.retry(SlidingWindow.java:294)
	at org.apache.ratis.client.impl.OrderedAsync.lambda$scheduleWithTimeout$7(OrderedAsync.java:195)
	at org.apache.ratis.util.TimeoutScheduler.lambda$onTimeout$0(TimeoutScheduler.java:113)
	at org.apache.ratis.util.TimeoutScheduler.lambda$onTimeout$1(TimeoutScheduler.java:133)
	at org.apache.ratis.util.LogUtils.runAndLog(LogUtils.java:50)
	at org.apache.ratis.util.LogUtils$1.run(LogUtils.java:91)
	at java.util.concurrent.Executors$RunnableAdapter.call(Executors.java:511)
	at java.util.concurrent.FutureTask.run(FutureTask.java:266)
	at java.util.concurrent.ScheduledThreadPoolExecutor$ScheduledFutureTask.access$201(ScheduledThreadPoolExecutor.java:180)
	at java.util.concurrent.ScheduledThreadPoolExecutor$ScheduledFutureTask.run(ScheduledThreadPoolExecutor.java:293)
	at java.util.concurrent.ThreadPoolExecutor.runWorker(ThreadPoolExecutor.java:1149)
	at java.util.concurrent.ThreadPoolExecutor$Worker.run(ThreadPoolExecutor.java:624)
	at java.lang.Thread.run(Thread.java:748)

Sep 19, 2019 11:32:36 AM org.apache.ratis.thirdparty.io.grpc.internal.ManagedChannelOrphanWrapper$ManagedChannelReference cleanQueue
SEVERE: *~*~*~ Channel ManagedChannelImpl{logId=2953, target=192.168.151.78:34795} was not shutdown properly!!! ~*~*~*
    Make sure to call shutdown()/shutdownNow() and wait until awaitTermination() returns true.
java.lang.RuntimeException: ManagedChannel allocation site
	at org.apache.ratis.thirdparty.io.grpc.internal.ManagedChannelOrphanWrapper$ManagedChannelReference.<init>(ManagedChannelOrphanWrapper.java:103)
	at org.apache.ratis.thirdparty.io.grpc.internal.ManagedChannelOrphanWrapper.<init>(ManagedChannelOrphanWrapper.java:53)
	at org.apache.ratis.thirdparty.io.grpc.internal.ManagedChannelOrphanWrapper.<init>(ManagedChannelOrphanWrapper.java:44)
	at org.apache.ratis.thirdparty.io.grpc.internal.AbstractManagedChannelImplBuilder.build(AbstractManagedChannelImplBuilder.java:411)
	at org.apache.ratis.grpc.client.GrpcClientProtocolClient.<init>(GrpcClientProtocolClient.java:127)
	at org.apache.ratis.grpc.client.GrpcClientRpc.lambda$new$0(GrpcClientRpc.java:55)
	at org.apache.ratis.util.PeerProxyMap$PeerAndProxy.lambda$getProxy$0(PeerProxyMap.java:61)
	at org.apache.ratis.util.LifeCycle.startAndTransition(LifeCycle.java:202)
	at org.apache.ratis.util.PeerProxyMap$PeerAndProxy.getProxy(PeerProxyMap.java:60)
	at org.apache.ratis.util.PeerProxyMap.getProxy(PeerProxyMap.java:108)
	at org.apache.ratis.grpc.client.GrpcClientRpc.sendRequestAsync(GrpcClientRpc.java:66)
	at org.apache.ratis.client.impl.OrderedAsync.sendRequest(OrderedAsync.java:208)
	at org.apache.ratis.client.impl.OrderedAsync.sendRequestWithRetry(OrderedAsync.java:169)
	at org.apache.ratis.util.SlidingWindow$Client.sendOrDelayRequest(SlidingWindow.java:278)
	at org.apache.ratis.util.SlidingWindow$Client.submitNewRequest(SlidingWindow.java:257)
	at org.apache.ratis.client.impl.OrderedAsync.send(OrderedAsync.java:155)
	at org.apache.ratis.client.impl.RaftClientImpl.sendAsync(RaftClientImpl.java:144)
	at org.apache.ratis.client.impl.RaftClientImpl.sendAsync(RaftClientImpl.java:124)
	at org.apache.hadoop.hdds.scm.XceiverClientRatis.sendRequestAsync(XceiverClientRatis.java:224)
	at org.apache.hadoop.hdds.scm.XceiverClientRatis.sendCommandAsync(XceiverClientRatis.java:302)
	at org.apache.hadoop.hdds.scm.storage.ContainerProtocolCalls.writeChunkAsync(ContainerProtocolCalls.java:310)
	at org.apache.hadoop.hdds.scm.storage.BlockOutputStream.writeChunkToContainer(BlockOutputStream.java:601)
	at org.apache.hadoop.hdds.scm.storage.BlockOutputStream.writeChunk(BlockOutputStream.java:459)
	at org.apache.hadoop.hdds.scm.storage.BlockOutputStream.writeOnRetry(BlockOutputStream.java:285)
	at org.apache.hadoop.ozone.client.io.BlockOutputStreamEntry.writeOnRetry(BlockOutputStreamEntry.java:200)
	at org.apache.hadoop.ozone.client.io.KeyOutputStream.handleWrite(KeyOutputStream.java:206)
	at org.apache.hadoop.ozone.client.io.KeyOutputStream.handleRetry(KeyOutputStream.java:375)
	at org.apache.hadoop.ozone.client.io.KeyOutputStream.handleException(KeyOutputStream.java:324)
	at org.apache.hadoop.ozone.client.io.KeyOutputStream.handleFlushOrClose(KeyOutputStream.java:449)
	at org.apache.hadoop.ozone.client.io.KeyOutputStream.handleWrite(KeyOutputStream.java:232)
	at org.apache.hadoop.ozone.client.io.KeyOutputStream.write(KeyOutputStream.java:190)
	at org.apache.hadoop.ozone.client.io.OzoneOutputStream.write(OzoneOutputStream.java:49)
	at java.io.OutputStream.write(OutputStream.java:75)
	at org.apache.hadoop.ozone.client.rpc.TestBlockOutputStreamWithFailures.testWatchForCommitWithSingleNodeRatis(TestBlockOutputStreamWithFailures.java:885)
	at sun.reflect.NativeMethodAccessorImpl.invoke0(Native Method)
	at sun.reflect.NativeMethodAccessorImpl.invoke(NativeMethodAccessorImpl.java:62)
	at sun.reflect.DelegatingMethodAccessorImpl.invoke(DelegatingMethodAccessorImpl.java:43)
	at java.lang.reflect.Method.invoke(Method.java:498)
	at org.junit.runners.model.FrameworkMethod$1.runReflectiveCall(FrameworkMethod.java:47)
	at org.junit.internal.runners.model.ReflectiveCallable.run(ReflectiveCallable.java:12)
	at org.junit.runners.model.FrameworkMethod.invokeExplosively(FrameworkMethod.java:44)
	at org.junit.internal.runners.statements.InvokeMethod.evaluate(InvokeMethod.java:17)
	at org.junit.internal.runners.statements.RunBefores.evaluate(RunBefores.java:26)
	at org.junit.internal.runners.statements.RunAfters.evaluate(RunAfters.java:27)
	at org.junit.runners.ParentRunner.runLeaf(ParentRunner.java:271)
	at org.junit.runners.BlockJUnit4ClassRunner.runChild(BlockJUnit4ClassRunner.java:70)
	at org.junit.runners.BlockJUnit4ClassRunner.runChild(BlockJUnit4ClassRunner.java:50)
	at org.junit.runners.ParentRunner$3.run(ParentRunner.java:238)
	at org.junit.runners.ParentRunner$1.schedule(ParentRunner.java:63)
	at org.junit.runners.ParentRunner.runChildren(ParentRunner.java:236)
	at org.junit.runners.ParentRunner.access$000(ParentRunner.java:53)
	at org.junit.runners.ParentRunner$2.evaluate(ParentRunner.java:229)
	at org.junit.runners.ParentRunner.run(ParentRunner.java:309)
	at org.apache.maven.surefire.junit4.JUnit4Provider.execute(JUnit4Provider.java:365)
	at org.apache.maven.surefire.junit4.JUnit4Provider.executeWithRerun(JUnit4Provider.java:273)
	at org.apache.maven.surefire.junit4.JUnit4Provider.executeTestSet(JUnit4Provider.java:238)
	at org.apache.maven.surefire.junit4.JUnit4Provider.invoke(JUnit4Provider.java:159)
	at org.apache.maven.surefire.booter.ForkedBooter.invokeProviderInSameClassLoader(ForkedBooter.java:384)
	at org.apache.maven.surefire.booter.ForkedBooter.runSuitesInProcess(ForkedBooter.java:345)
	at org.apache.maven.surefire.booter.ForkedBooter.execute(ForkedBooter.java:126)
	at org.apache.maven.surefire.booter.ForkedBooter.main(ForkedBooter.java:418)

Sep 19, 2019 11:32:36 AM org.apache.ratis.thirdparty.io.grpc.internal.ManagedChannelOrphanWrapper$ManagedChannelReference cleanQueue
SEVERE: *~*~*~ Channel ManagedChannelImpl{logId=2728, target=192.168.151.78:37505} was not shutdown properly!!! ~*~*~*
    Make sure to call shutdown()/shutdownNow() and wait until awaitTermination() returns true.
java.lang.RuntimeException: ManagedChannel allocation site
	at org.apache.ratis.thirdparty.io.grpc.internal.ManagedChannelOrphanWrapper$ManagedChannelReference.<init>(ManagedChannelOrphanWrapper.java:103)
	at org.apache.ratis.thirdparty.io.grpc.internal.ManagedChannelOrphanWrapper.<init>(ManagedChannelOrphanWrapper.java:53)
	at org.apache.ratis.thirdparty.io.grpc.internal.ManagedChannelOrphanWrapper.<init>(ManagedChannelOrphanWrapper.java:44)
	at org.apache.ratis.thirdparty.io.grpc.internal.AbstractManagedChannelImplBuilder.build(AbstractManagedChannelImplBuilder.java:411)
	at org.apache.hadoop.hdds.scm.XceiverClientGrpc.connectToDatanode(XceiverClientGrpc.java:175)
	at org.apache.hadoop.hdds.scm.XceiverClientGrpc.reconnect(XceiverClientGrpc.java:423)
	at org.apache.hadoop.hdds.scm.XceiverClientGrpc.sendCommandAsync(XceiverClientGrpc.java:372)
	at org.apache.hadoop.hdds.scm.XceiverClientGrpc.sendCommandWithRetry(XceiverClientGrpc.java:285)
	at org.apache.hadoop.hdds.scm.XceiverClientGrpc.sendCommandWithTraceIDAndRetry(XceiverClientGrpc.java:251)
	at org.apache.hadoop.hdds.scm.XceiverClientGrpc.sendCommand(XceiverClientGrpc.java:234)
	at org.apache.hadoop.hdds.scm.storage.ContainerProtocolCalls.getBlock(ContainerProtocolCalls.java:118)
	at org.apache.hadoop.hdds.scm.storage.BlockInputStream.getChunkInfos(BlockInputStream.java:167)
	at org.apache.hadoop.hdds.scm.storage.BlockInputStream.initialize(BlockInputStream.java:118)
	at org.apache.hadoop.hdds.scm.storage.BlockInputStream.read(BlockInputStream.java:222)
	at org.apache.hadoop.ozone.client.io.KeyInputStream.read(KeyInputStream.java:171)
	at org.apache.hadoop.ozone.client.io.OzoneInputStream.read(OzoneInputStream.java:47)
	at java.io.InputStream.read(InputStream.java:101)
	at org.apache.hadoop.ozone.container.ContainerTestHelper.validateData(ContainerTestHelper.java:714)
	at org.apache.hadoop.ozone.client.rpc.TestBlockOutputStreamWithFailures.validateData(TestBlockOutputStreamWithFailures.java:1216)
	at org.apache.hadoop.ozone.client.rpc.TestBlockOutputStreamWithFailures.testDatanodeFailureWithSingleNodeRatis(TestBlockOutputStreamWithFailures.java:1058)
	at sun.reflect.NativeMethodAccessorImpl.invoke0(Native Method)
	at sun.reflect.NativeMethodAccessorImpl.invoke(NativeMethodAccessorImpl.java:62)
	at sun.reflect.DelegatingMethodAccessorImpl.invoke(DelegatingMethodAccessorImpl.java:43)
	at java.lang.reflect.Method.invoke(Method.java:498)
	at org.junit.runners.model.FrameworkMethod$1.runReflectiveCall(FrameworkMethod.java:47)
	at org.junit.internal.runners.model.ReflectiveCallable.run(ReflectiveCallable.java:12)
	at org.junit.runners.model.FrameworkMethod.invokeExplosively(FrameworkMethod.java:44)
	at org.junit.internal.runners.statements.InvokeMethod.evaluate(InvokeMethod.java:17)
	at org.junit.internal.runners.statements.RunBefores.evaluate(RunBefores.java:26)
	at org.junit.internal.runners.statements.RunAfters.evaluate(RunAfters.java:27)
	at org.junit.runners.ParentRunner.runLeaf(ParentRunner.java:271)
	at org.junit.runners.BlockJUnit4ClassRunner.runChild(BlockJUnit4ClassRunner.java:70)
	at org.junit.runners.BlockJUnit4ClassRunner.runChild(BlockJUnit4ClassRunner.java:50)
	at org.junit.runners.ParentRunner$3.run(ParentRunner.java:238)
	at org.junit.runners.ParentRunner$1.schedule(ParentRunner.java:63)
	at org.junit.runners.ParentRunner.runChildren(ParentRunner.java:236)
	at org.junit.runners.ParentRunner.access$000(ParentRunner.java:53)
	at org.junit.runners.ParentRunner$2.evaluate(ParentRunner.java:229)
	at org.junit.runners.ParentRunner.run(ParentRunner.java:309)
	at org.apache.maven.surefire.junit4.JUnit4Provider.execute(JUnit4Provider.java:365)
	at org.apache.maven.surefire.junit4.JUnit4Provider.executeWithRerun(JUnit4Provider.java:273)
	at org.apache.maven.surefire.junit4.JUnit4Provider.executeTestSet(JUnit4Provider.java:238)
	at org.apache.maven.surefire.junit4.JUnit4Provider.invoke(JUnit4Provider.java:159)
	at org.apache.maven.surefire.booter.ForkedBooter.invokeProviderInSameClassLoader(ForkedBooter.java:384)
	at org.apache.maven.surefire.booter.ForkedBooter.runSuitesInProcess(ForkedBooter.java:345)
	at org.apache.maven.surefire.booter.ForkedBooter.execute(ForkedBooter.java:126)
	at org.apache.maven.surefire.booter.ForkedBooter.main(ForkedBooter.java:418)

Sep 19, 2019 11:32:36 AM org.apache.ratis.thirdparty.io.grpc.internal.ManagedChannelOrphanWrapper$ManagedChannelReference cleanQueue
SEVERE: *~*~*~ Channel ManagedChannelImpl{logId=2958, target=192.168.151.78:41296} was not shutdown properly!!! ~*~*~*
    Make sure to call shutdown()/shutdownNow() and wait until awaitTermination() returns true.
java.lang.RuntimeException: ManagedChannel allocation site
	at org.apache.ratis.thirdparty.io.grpc.internal.ManagedChannelOrphanWrapper$ManagedChannelReference.<init>(ManagedChannelOrphanWrapper.java:103)
	at org.apache.ratis.thirdparty.io.grpc.internal.ManagedChannelOrphanWrapper.<init>(ManagedChannelOrphanWrapper.java:53)
	at org.apache.ratis.thirdparty.io.grpc.internal.ManagedChannelOrphanWrapper.<init>(ManagedChannelOrphanWrapper.java:44)
	at org.apache.ratis.thirdparty.io.grpc.internal.AbstractManagedChannelImplBuilder.build(AbstractManagedChannelImplBuilder.java:411)
	at org.apache.hadoop.hdds.scm.XceiverClientGrpc.connectToDatanode(XceiverClientGrpc.java:175)
	at org.apache.hadoop.hdds.scm.XceiverClientGrpc.reconnect(XceiverClientGrpc.java:423)
	at org.apache.hadoop.hdds.scm.XceiverClientGrpc.sendCommandAsync(XceiverClientGrpc.java:372)
	at org.apache.hadoop.hdds.scm.XceiverClientGrpc.sendCommandWithRetry(XceiverClientGrpc.java:285)
	at org.apache.hadoop.hdds.scm.XceiverClientGrpc.sendCommandWithTraceIDAndRetry(XceiverClientGrpc.java:251)
	at org.apache.hadoop.hdds.scm.XceiverClientGrpc.sendCommand(XceiverClientGrpc.java:234)
	at org.apache.hadoop.hdds.scm.storage.ContainerProtocolCalls.getBlock(ContainerProtocolCalls.java:118)
	at org.apache.hadoop.hdds.scm.storage.BlockInputStream.getChunkInfos(BlockInputStream.java:167)
	at org.apache.hadoop.hdds.scm.storage.BlockInputStream.initialize(BlockInputStream.java:118)
	at org.apache.hadoop.hdds.scm.storage.BlockInputStream.read(BlockInputStream.java:222)
	at org.apache.hadoop.ozone.client.io.KeyInputStream.read(KeyInputStream.java:171)
	at org.apache.hadoop.ozone.client.io.OzoneInputStream.read(OzoneInputStream.java:47)
	at java.io.InputStream.read(InputStream.java:101)
	at org.apache.hadoop.ozone.container.ContainerTestHelper.validateData(ContainerTestHelper.java:714)
	at org.apache.hadoop.ozone.client.rpc.TestBlockOutputStreamWithFailures.validateData(TestBlockOutputStreamWithFailures.java:1216)
	at org.apache.hadoop.ozone.client.rpc.TestBlockOutputStreamWithFailures.testWatchForCommitWithSingleNodeRatis(TestBlockOutputStreamWithFailures.java:918)
	at sun.reflect.NativeMethodAccessorImpl.invoke0(Native Method)
	at sun.reflect.NativeMethodAccessorImpl.invoke(NativeMethodAccessorImpl.java:62)
	at sun.reflect.DelegatingMethodAccessorImpl.invoke(DelegatingMethodAccessorImpl.java:43)
	at java.lang.reflect.Method.invoke(Method.java:498)
	at org.junit.runners.model.FrameworkMethod$1.runReflectiveCall(FrameworkMethod.java:47)
	at org.junit.internal.runners.model.ReflectiveCallable.run(ReflectiveCallable.java:12)
	at org.junit.runners.model.FrameworkMethod.invokeExplosively(FrameworkMethod.java:44)
	at org.junit.internal.runners.statements.InvokeMethod.evaluate(InvokeMethod.java:17)
	at org.junit.internal.runners.statements.RunBefores.evaluate(RunBefores.java:26)
	at org.junit.internal.runners.statements.RunAfters.evaluate(RunAfters.java:27)
	at org.junit.runners.ParentRunner.runLeaf(ParentRunner.java:271)
	at org.junit.runners.BlockJUnit4ClassRunner.runChild(BlockJUnit4ClassRunner.java:70)
	at org.junit.runners.BlockJUnit4ClassRunner.runChild(BlockJUnit4ClassRunner.java:50)
	at org.junit.runners.ParentRunner$3.run(ParentRunner.java:238)
	at org.junit.runners.ParentRunner$1.schedule(ParentRunner.java:63)
	at org.junit.runners.ParentRunner.runChildren(ParentRunner.java:236)
	at org.junit.runners.ParentRunner.access$000(ParentRunner.java:53)
	at org.junit.runners.ParentRunner$2.evaluate(ParentRunner.java:229)
	at org.junit.runners.ParentRunner.run(ParentRunner.java:309)
	at org.apache.maven.surefire.junit4.JUnit4Provider.execute(JUnit4Provider.java:365)
	at org.apache.maven.surefire.junit4.JUnit4Provider.executeWithRerun(JUnit4Provider.java:273)
	at org.apache.maven.surefire.junit4.JUnit4Provider.executeTestSet(JUnit4Provider.java:238)
	at org.apache.maven.surefire.junit4.JUnit4Provider.invoke(JUnit4Provider.java:159)
	at org.apache.maven.surefire.booter.ForkedBooter.invokeProviderInSameClassLoader(ForkedBooter.java:384)
	at org.apache.maven.surefire.booter.ForkedBooter.runSuitesInProcess(ForkedBooter.java:345)
	at org.apache.maven.surefire.booter.ForkedBooter.execute(ForkedBooter.java:126)
	at org.apache.maven.surefire.booter.ForkedBooter.main(ForkedBooter.java:418)

Sep 19, 2019 11:32:50 AM org.apache.ratis.thirdparty.io.grpc.internal.SerializingExecutor run
SEVERE: Exception while executing runnable org.apache.ratis.thirdparty.io.grpc.internal.ServerImpl$JumpToApplicationThreadServerStreamListener$1Closed@44bc0e57
org.apache.ratis.thirdparty.io.grpc.StatusRuntimeException: CANCELLED: call already cancelled
	at org.apache.ratis.thirdparty.io.grpc.Status.asRuntimeException(Status.java:517)
	at org.apache.ratis.thirdparty.io.grpc.stub.ServerCalls$ServerCallStreamObserverImpl.onCompleted(ServerCalls.java:356)
	at org.apache.ratis.grpc.server.GrpcServerProtocolService$ServerRequestStreamObserver.onError(GrpcServerProtocolService.java:121)
	at org.apache.ratis.thirdparty.io.grpc.stub.ServerCalls$StreamingServerCallHandler$StreamingServerCallListener.onCancel(ServerCalls.java:269)
	at org.apache.ratis.thirdparty.io.grpc.internal.ServerCallImpl$ServerStreamListenerImpl.closed(ServerCallImpl.java:293)
	at org.apache.ratis.thirdparty.io.grpc.internal.ServerImpl$JumpToApplicationThreadServerStreamListener$1Closed.runInContext(ServerImpl.java:741)
	at org.apache.ratis.thirdparty.io.grpc.internal.ContextRunnable.run(ContextRunnable.java:37)
	at org.apache.ratis.thirdparty.io.grpc.internal.SerializingExecutor.run(SerializingExecutor.java:123)
	at java.util.concurrent.ThreadPoolExecutor.runWorker(ThreadPoolExecutor.java:1149)
	at java.util.concurrent.ThreadPoolExecutor$Worker.run(ThreadPoolExecutor.java:624)
	at java.lang.Thread.run(Thread.java:748)

Sep 19, 2019 11:32:50 AM org.apache.ratis.thirdparty.io.grpc.internal.SerializingExecutor run
SEVERE: Exception while executing runnable org.apache.ratis.thirdparty.io.grpc.internal.ServerImpl$JumpToApplicationThreadServerStreamListener$1Closed@31a2cace
org.apache.ratis.thirdparty.io.grpc.StatusRuntimeException: CANCELLED: call already cancelled
	at org.apache.ratis.thirdparty.io.grpc.Status.asRuntimeException(Status.java:517)
	at org.apache.ratis.thirdparty.io.grpc.stub.ServerCalls$ServerCallStreamObserverImpl.onCompleted(ServerCalls.java:356)
	at org.apache.ratis.grpc.server.GrpcServerProtocolService$ServerRequestStreamObserver.onError(GrpcServerProtocolService.java:121)
	at org.apache.ratis.thirdparty.io.grpc.stub.ServerCalls$StreamingServerCallHandler$StreamingServerCallListener.onCancel(ServerCalls.java:269)
	at org.apache.ratis.thirdparty.io.grpc.internal.ServerCallImpl$ServerStreamListenerImpl.closed(ServerCallImpl.java:293)
	at org.apache.ratis.thirdparty.io.grpc.internal.ServerImpl$JumpToApplicationThreadServerStreamListener$1Closed.runInContext(ServerImpl.java:741)
	at org.apache.ratis.thirdparty.io.grpc.internal.ContextRunnable.run(ContextRunnable.java:37)
	at org.apache.ratis.thirdparty.io.grpc.internal.SerializingExecutor.run(SerializingExecutor.java:123)
	at java.util.concurrent.ThreadPoolExecutor.runWorker(ThreadPoolExecutor.java:1149)
	at java.util.concurrent.ThreadPoolExecutor$Worker.run(ThreadPoolExecutor.java:624)
	at java.lang.Thread.run(Thread.java:748)

]]></system-err>
  </testcase>
  <testcase name="testWatchForCommitWithCloseContainerException" classname="org.apache.hadoop.ozone.client.rpc.TestBlockOutputStreamWithFailures" time="35.426"/>
  <testcase name="testExceptionDuringClose" classname="org.apache.hadoop.ozone.client.rpc.TestBlockOutputStreamWithFailures" time="37.29"/>
</testsuite>