<?xml version="1.0" encoding="UTF-8"?>
<testsuite xmlns:xsi="http://www.w3.org/2001/XMLSchema-instance" xsi:noNamespaceSchemaLocation="https://maven.apache.org/surefire/maven-surefire-plugin/xsd/surefire-test-report.xsd" name="org.apache.hadoop.ozone.client.rpc.TestFailureHandlingByClient" time="218.538" tests="6" errors="1" skipped="0" failures="0">
  <properties>
    <property name="awt.toolkit" value="sun.awt.X11.XToolkit"/>
    <property name="file.encoding.pkg" value="sun.io"/>
    <property name="java.specification.version" value="1.8"/>
    <property name="sun.cpu.isalist" value=""/>
    <property name="sun.jnu.encoding" value="UTF-8"/>
    <property name="java.class.path" value="/workdir/hadoop-ozone/integration-test/target/test-classes:/workdir/hadoop-ozone/integration-test/target/classes:/home/user/.m2/repository/org/apache/hadoop/hadoop-ozone-common/0.4.1-SNAPSHOT/hadoop-ozone-common-0.4.1-SNAPSHOT.jar:/home/user/.m2/repository/org/apache/commons/commons-compress/1.4.1/commons-compress-1.4.1.jar:/home/user/.m2/repository/org/tukaani/xz/1.0/xz-1.0.jar:/home/user/.m2/repository/org/apache/hadoop/hadoop-common/3.2.0/hadoop-common-3.2.0.jar:/home/user/.m2/repository/org/apache/hadoop/hadoop-hdfs/3.2.0/hadoop-hdfs-3.2.0.jar:/home/user/.m2/repository/org/apache/hadoop/hadoop-hdfs-client/3.2.0/hadoop-hdfs-client-3.2.0.jar:/home/user/.m2/repository/com/fasterxml/jackson/core/jackson-annotations/2.9.5/jackson-annotations-2.9.5.jar:/home/user/.m2/repository/org/apache/hadoop/hadoop-hdds-common/0.4.1-SNAPSHOT/hadoop-hdds-common-0.4.1-SNAPSHOT.jar:/home/user/.m2/repository/javax/annotation/javax.annotation-api/1.2/javax.annotation-api-1.2.jar:/home/user/.m2/repository/org/apache/ratis/ratis-server/0.4.0-2337318-SNAPSHOT/ratis-server-0.4.0-2337318-SNAPSHOT.jar:/home/user/.m2/repository/org/apache/ratis/ratis-thirdparty-misc/0.2.0/ratis-thirdparty-misc-0.2.0.jar:/home/user/.m2/repository/org/apache/ratis/ratis-proto/0.4.0-2337318-SNAPSHOT/ratis-proto-0.4.0-2337318-SNAPSHOT.jar:/home/user/.m2/repository/org/apache/ratis/ratis-common/0.4.0-2337318-SNAPSHOT/ratis-common-0.4.0-2337318-SNAPSHOT.jar:/home/user/.m2/repository/org/apache/ratis/ratis-client/0.4.0-2337318-SNAPSHOT/ratis-client-0.4.0-2337318-SNAPSHOT.jar:/home/user/.m2/repository/org/apache/ratis/ratis-metrics/0.4.0-2337318-SNAPSHOT/ratis-metrics-0.4.0-2337318-SNAPSHOT.jar:/home/user/.m2/repository/org/apache/ratis/ratis-netty/0.4.0-2337318-SNAPSHOT/ratis-netty-0.4.0-2337318-SNAPSHOT.jar:/home/user/.m2/repository/org/apache/ratis/ratis-grpc/0.4.0-2337318-SNAPSHOT/ratis-grpc-0.4.0-2337318-SNAPSHOT.jar:/home/user/.m2/repository/org/rocksdb/rocksdbjni/6.0.1/rocksdbjni-6.0.1.jar:/home/user/.m2/repository/org/apache/logging/log4j/log4j-api/2.11.0/log4j-api-2.11.0.jar:/home/user/.m2/repository/org/apache/logging/log4j/log4j-core/2.11.0/log4j-core-2.11.0.jar:/home/user/.m2/repository/com/lmax/disruptor/3.4.2/disruptor-3.4.2.jar:/home/user/.m2/repository/org/apache/commons/commons-pool2/2.6.0/commons-pool2-2.6.0.jar:/home/user/.m2/repository/org/bouncycastle/bcpkix-jdk15on/1.60/bcpkix-jdk15on-1.60.jar:/home/user/.m2/repository/commons-validator/commons-validator/1.6/commons-validator-1.6.jar:/home/user/.m2/repository/commons-digester/commons-digester/1.8.1/commons-digester-1.8.1.jar:/home/user/.m2/repository/io/jaegertracing/jaeger-client/0.33.1/jaeger-client-0.33.1.jar:/home/user/.m2/repository/io/jaegertracing/jaeger-thrift/0.33.1/jaeger-thrift-0.33.1.jar:/home/user/.m2/repository/org/apache/thrift/libthrift/0.11.0/libthrift-0.11.0.jar:/home/user/.m2/repository/com/squareup/okhttp3/okhttp/3.9.0/okhttp-3.9.0.jar:/home/user/.m2/repository/com/squareup/okio/okio/1.13.0/okio-1.13.0.jar:/home/user/.m2/repository/io/jaegertracing/jaeger-core/0.33.1/jaeger-core-0.33.1.jar:/home/user/.m2/repository/io/jaegertracing/jaeger-tracerresolver/0.33.1/jaeger-tracerresolver-0.33.1.jar:/home/user/.m2/repository/io/opentracing/contrib/opentracing-tracerresolver/0.1.5/opentracing-tracerresolver-0.1.5.jar:/home/user/.m2/repository/io/opentracing/opentracing-util/0.31.0/opentracing-util-0.31.0.jar:/home/user/.m2/repository/io/opentracing/opentracing-api/0.31.0/opentracing-api-0.31.0.jar:/home/user/.m2/repository/io/opentracing/opentracing-noop/0.31.0/opentracing-noop-0.31.0.jar:/home/user/.m2/repository/org/apache/hadoop/hadoop-hdds-server-framework/0.4.1-SNAPSHOT/hadoop-hdds-server-framework-0.4.1-SNAPSHOT.jar:/home/user/.m2/repository/org/apache/hadoop/hadoop-hdds-container-service/0.4.1-SNAPSHOT/hadoop-hdds-container-service-0.4.1-SNAPSHOT.jar:/home/user/.m2/repository/org/apache/hadoop/hadoop-hdds-client/0.4.1-SNAPSHOT/hadoop-hdds-client-0.4.1-SNAPSHOT.jar:/home/user/.m2/repository/org/apache/hadoop/hadoop-hdds-tools/0.4.1-SNAPSHOT/hadoop-hdds-tools-0.4.1-SNAPSHOT.jar:/home/user/.m2/repository/org/apache/hadoop/hadoop-hdds-server-scm/0.4.1-SNAPSHOT/hadoop-hdds-server-scm-0.4.1-SNAPSHOT.jar:/home/user/.m2/repository/org/apache/hadoop/hadoop-hdds-docs/0.4.1-SNAPSHOT/hadoop-hdds-docs-0.4.1-SNAPSHOT.jar:/home/user/.m2/repository/io/dropwizard/metrics/metrics-core/3.2.4/metrics-core-3.2.4.jar:/home/user/.m2/repository/org/hamcrest/hamcrest-all/1.3/hamcrest-all-1.3.jar:/home/user/.m2/repository/org/bouncycastle/bcprov-jdk15on/1.60/bcprov-jdk15on-1.60.jar:/home/user/.m2/repository/info/picocli/picocli/3.9.6/picocli-3.9.6.jar:/home/user/.m2/repository/com/google/protobuf/protobuf-java/2.5.0/protobuf-java-2.5.0.jar:/home/user/.m2/repository/com/google/guava/guava/11.0.2/guava-11.0.2.jar:/home/user/.m2/repository/org/apache/hadoop/hadoop-ozone-ozone-manager/0.4.1-SNAPSHOT/hadoop-ozone-ozone-manager-0.4.1-SNAPSHOT.jar:/home/user/.m2/repository/org/apache/hadoop/hadoop-minikdc/3.2.0/hadoop-minikdc-3.2.0.jar:/home/user/.m2/repository/commons-io/commons-io/2.5/commons-io-2.5.jar:/home/user/.m2/repository/org/apache/kerby/kerb-simplekdc/1.0.1/kerb-simplekdc-1.0.1.jar:/home/user/.m2/repository/org/apache/kerby/kerb-client/1.0.1/kerb-client-1.0.1.jar:/home/user/.m2/repository/org/apache/kerby/kerby-config/1.0.1/kerby-config-1.0.1.jar:/home/user/.m2/repository/org/apache/kerby/kerb-core/1.0.1/kerb-core-1.0.1.jar:/home/user/.m2/repository/org/apache/kerby/kerby-pkix/1.0.1/kerby-pkix-1.0.1.jar:/home/user/.m2/repository/org/apache/kerby/kerby-asn1/1.0.1/kerby-asn1-1.0.1.jar:/home/user/.m2/repository/org/apache/kerby/kerby-util/1.0.1/kerby-util-1.0.1.jar:/home/user/.m2/repository/org/apache/kerby/kerb-common/1.0.1/kerb-common-1.0.1.jar:/home/user/.m2/repository/org/apache/kerby/kerb-crypto/1.0.1/kerb-crypto-1.0.1.jar:/home/user/.m2/repository/org/apache/kerby/kerb-util/1.0.1/kerb-util-1.0.1.jar:/home/user/.m2/repository/org/apache/kerby/token-provider/1.0.1/token-provider-1.0.1.jar:/home/user/.m2/repository/org/apache/kerby/kerb-admin/1.0.1/kerb-admin-1.0.1.jar:/home/user/.m2/repository/org/apache/kerby/kerb-server/1.0.1/kerb-server-1.0.1.jar:/home/user/.m2/repository/org/apache/kerby/kerb-identity/1.0.1/kerb-identity-1.0.1.jar:/home/user/.m2/repository/org/apache/kerby/kerby-xdr/1.0.1/kerby-xdr-1.0.1.jar:/home/user/.m2/repository/org/slf4j/slf4j-log4j12/1.7.25/slf4j-log4j12-1.7.25.jar:/home/user/.m2/repository/org/apache/hadoop/hadoop-ozone-objectstore-service/0.4.1-SNAPSHOT/hadoop-ozone-objectstore-service-0.4.1-SNAPSHOT.jar:/home/user/.m2/repository/org/apache/hadoop/hadoop-ozone-s3gateway/0.4.1-SNAPSHOT/hadoop-ozone-s3gateway-0.4.1-SNAPSHOT.jar:/home/user/.m2/repository/org/jboss/weld/servlet/weld-servlet/2.4.7.Final/weld-servlet-2.4.7.Final.jar:/home/user/.m2/repository/org/glassfish/jersey/containers/jersey-container-servlet-core/2.27/jersey-container-servlet-core-2.27.jar:/home/user/.m2/repository/org/glassfish/hk2/external/javax.inject/2.5.0-b42/javax.inject-2.5.0-b42.jar:/home/user/.m2/repository/org/glassfish/jersey/core/jersey-common/2.27/jersey-common-2.27.jar:/home/user/.m2/repository/org/glassfish/hk2/osgi-resource-locator/1.0.1/osgi-resource-locator-1.0.1.jar:/home/user/.m2/repository/javax/ws/rs/javax.ws.rs-api/2.1/javax.ws.rs-api-2.1.jar:/home/user/.m2/repository/org/glassfish/jersey/ext/cdi/jersey-cdi1x/2.27/jersey-cdi1x-2.27.jar:/home/user/.m2/repository/org/glassfish/jersey/inject/jersey-hk2/2.27/jersey-hk2-2.27.jar:/home/user/.m2/repository/org/glassfish/hk2/hk2-locator/2.5.0-b42/hk2-locator-2.5.0-b42.jar:/home/user/.m2/repository/org/javassist/javassist/3.22.0-CR2/javassist-3.22.0-CR2.jar:/home/user/.m2/repository/org/glassfish/hk2/hk2-api/2.5.0/hk2-api-2.5.0.jar:/home/user/.m2/repository/org/glassfish/hk2/external/jakarta.inject/2.5.0/jakarta.inject-2.5.0.jar:/home/user/.m2/repository/org/glassfish/hk2/hk2-utils/2.5.0/hk2-utils-2.5.0.jar:/home/user/.m2/repository/jakarta/annotation/jakarta.annotation-api/1.3.4/jakarta.annotation-api-1.3.4.jar:/home/user/.m2/repository/org/glassfish/hk2/external/aopalliance-repackaged/2.5.0/aopalliance-repackaged-2.5.0.jar:/home/user/.m2/repository/com/fasterxml/jackson/dataformat/jackson-dataformat-xml/2.9.0/jackson-dataformat-xml-2.9.0.jar:/home/user/.m2/repository/com/fasterxml/jackson/core/jackson-core/2.9.5/jackson-core-2.9.5.jar:/home/user/.m2/repository/com/fasterxml/jackson/module/jackson-module-jaxb-annotations/2.9.5/jackson-module-jaxb-annotations-2.9.5.jar:/home/user/.m2/repository/javax/enterprise/cdi-api/1.2/cdi-api-1.2.jar:/home/user/.m2/repository/javax/el/javax.el-api/3.0.0/javax.el-api-3.0.0.jar:/home/user/.m2/repository/javax/interceptor/javax.interceptor-api/1.2/javax.interceptor-api-1.2.jar:/home/user/.m2/repository/javax/inject/javax.inject/1/javax.inject-1.jar:/home/user/.m2/repository/com/sun/xml/bind/jaxb-impl/2.3.0.1/jaxb-impl-2.3.0.1.jar:/home/user/.m2/repository/com/sun/xml/bind/jaxb-core/2.3.0.1/jaxb-core-2.3.0.1.jar:/home/user/.m2/repository/javax/xml/bind/jaxb-api/2.3.0/jaxb-api-2.3.0.jar:/home/user/.m2/repository/javax/activation/activation/1.1.1/activation-1.1.1.jar:/home/user/.m2/repository/org/apache/hadoop/hadoop-ozone-csi/0.4.1-SNAPSHOT/hadoop-ozone-csi-0.4.1-SNAPSHOT.jar:/home/user/.m2/repository/com/google/protobuf/protobuf-java-util/3.5.1/protobuf-java-util-3.5.1.jar:/home/user/.m2/repository/org/apache/hadoop/hadoop-hdds-config/0.4.1-SNAPSHOT/hadoop-hdds-config-0.4.1-SNAPSHOT.jar:/home/user/.m2/repository/io/grpc/grpc-netty/1.17.1/grpc-netty-1.17.1.jar:/home/user/.m2/repository/io/grpc/grpc-core/1.17.1/grpc-core-1.17.1.jar:/home/user/.m2/repository/io/grpc/grpc-context/1.17.1/grpc-context-1.17.1.jar:/home/user/.m2/repository/com/google/errorprone/error_prone_annotations/2.2.0/error_prone_annotations-2.2.0.jar:/home/user/.m2/repository/org/codehaus/mojo/animal-sniffer-annotations/1.17/animal-sniffer-annotations-1.17.jar:/home/user/.m2/repository/io/opencensus/opencensus-api/0.17.0/opencensus-api-0.17.0.jar:/home/user/.m2/repository/io/opencensus/opencensus-contrib-grpc-metrics/0.17.0/opencensus-contrib-grpc-metrics-0.17.0.jar:/home/user/.m2/repository/io/netty/netty-codec-http2/4.1.30.Final/netty-codec-http2-4.1.30.Final.jar:/home/user/.m2/repository/io/netty/netty-codec-http/4.1.30.Final/netty-codec-http-4.1.30.Final.jar:/home/user/.m2/repository/io/netty/netty-codec/4.1.30.Final/netty-codec-4.1.30.Final.jar:/home/user/.m2/repository/io/netty/netty-handler/4.1.30.Final/netty-handler-4.1.30.Final.jar:/home/user/.m2/repository/io/netty/netty-handler-proxy/4.1.30.Final/netty-handler-proxy-4.1.30.Final.jar:/home/user/.m2/repository/io/netty/netty-codec-socks/4.1.30.Final/netty-codec-socks-4.1.30.Final.jar:/home/user/.m2/repository/io/netty/netty-transport-native-epoll/4.1.30.Final/netty-transport-native-epoll-4.1.30.Final.jar:/home/user/.m2/repository/io/netty/netty-common/4.1.30.Final/netty-common-4.1.30.Final.jar:/home/user/.m2/repository/io/netty/netty-buffer/4.1.30.Final/netty-buffer-4.1.30.Final.jar:/home/user/.m2/repository/io/netty/netty-transport/4.1.30.Final/netty-transport-4.1.30.Final.jar:/home/user/.m2/repository/io/netty/netty-resolver/4.1.30.Final/netty-resolver-4.1.30.Final.jar:/home/user/.m2/repository/io/netty/netty-transport-native-unix-common/4.1.30.Final/netty-transport-native-unix-common-4.1.30.Final.jar:/home/user/.m2/repository/io/grpc/grpc-protobuf/1.17.1/grpc-protobuf-1.17.1.jar:/home/user/.m2/repository/com/google/api/grpc/proto-google-common-protos/1.0.0/proto-google-common-protos-1.0.0.jar:/home/user/.m2/repository/io/grpc/grpc-protobuf-lite/1.17.1/grpc-protobuf-lite-1.17.1.jar:/home/user/.m2/repository/io/grpc/grpc-stub/1.17.1/grpc-stub-1.17.1.jar:/home/user/.m2/repository/org/apache/hadoop/hadoop-ozone-recon/0.4.1-SNAPSHOT/hadoop-ozone-recon-0.4.1-SNAPSHOT.jar:/home/user/.m2/repository/org/apache/hadoop/hadoop-ozone-reconcodegen/0.4.1-SNAPSHOT/hadoop-ozone-reconcodegen-0.4.1-SNAPSHOT.jar:/home/user/.m2/repository/com/google/inject/extensions/guice-multibindings/4.0/guice-multibindings-4.0.jar:/home/user/.m2/repository/com/google/inject/guice/4.0/guice-4.0.jar:/home/user/.m2/repository/aopalliance/aopalliance/1.0/aopalliance-1.0.jar:/home/user/.m2/repository/com/google/inject/extensions/guice-servlet/4.0/guice-servlet-4.0.jar:/home/user/.m2/repository/org/glassfish/jersey/containers/jersey-container-servlet/2.27/jersey-container-servlet-2.27.jar:/home/user/.m2/repository/org/glassfish/hk2/guice-bridge/2.5.0/guice-bridge-2.5.0.jar:/home/user/.m2/repository/org/glassfish/jersey/core/jersey-server/2.27/jersey-server-2.27.jar:/home/user/.m2/repository/org/glassfish/jersey/core/jersey-client/2.27/jersey-client-2.27.jar:/home/user/.m2/repository/org/glassfish/jersey/media/jersey-media-jaxb/2.27/jersey-media-jaxb-2.27.jar:/home/user/.m2/repository/javax/validation/validation-api/1.1.0.Final/validation-api-1.1.0.Final.jar:/home/user/.m2/repository/org/glassfish/jersey/media/jersey-media-json-jackson/2.27/jersey-media-json-jackson-2.27.jar:/home/user/.m2/repository/org/glassfish/jersey/ext/jersey-entity-filtering/2.27/jersey-entity-filtering-2.27.jar:/home/user/.m2/repository/com/google/inject/extensions/guice-assistedinject/4.0/guice-assistedinject-4.0.jar:/home/user/.m2/repository/org/jooq/jooq/3.11.10/jooq-3.11.10.jar:/home/user/.m2/repository/org/jooq/jooq-meta/3.11.10/jooq-meta-3.11.10.jar:/home/user/.m2/repository/org/jooq/jooq-codegen/3.11.10/jooq-codegen-3.11.10.jar:/home/user/.m2/repository/com/jolbox/bonecp/0.8.0.RELEASE/bonecp-0.8.0.RELEASE.jar:/home/user/.m2/repository/org/xerial/sqlite-jdbc/3.25.2/sqlite-jdbc-3.25.2.jar:/home/user/.m2/repository/org/springframework/spring-jdbc/5.1.3.RELEASE/spring-jdbc-5.1.3.RELEASE.jar:/home/user/.m2/repository/org/springframework/spring-beans/5.1.3.RELEASE/spring-beans-5.1.3.RELEASE.jar:/home/user/.m2/repository/org/springframework/spring-core/5.1.3.RELEASE/spring-core-5.1.3.RELEASE.jar:/home/user/.m2/repository/org/springframework/spring-jcl/5.1.3.RELEASE/spring-jcl-5.1.3.RELEASE.jar:/home/user/.m2/repository/org/springframework/spring-tx/5.1.3.RELEASE/spring-tx-5.1.3.RELEASE.jar:/home/user/.m2/repository/org/apache/hadoop/hadoop-ozone-client/0.4.1-SNAPSHOT/hadoop-ozone-client-0.4.1-SNAPSHOT.jar:/home/user/.m2/repository/commons-lang/commons-lang/2.6/commons-lang-2.6.jar:/home/user/.m2/repository/org/apache/hadoop/hadoop-ozone-ozone-manager/0.4.1-SNAPSHOT/hadoop-ozone-ozone-manager-0.4.1-SNAPSHOT-tests.jar:/home/user/.m2/repository/junit/junit/4.11/junit-4.11.jar:/home/user/.m2/repository/org/hamcrest/hamcrest-core/1.3/hamcrest-core-1.3.jar:/home/user/.m2/repository/org/openjdk/jmh/jmh-core/1.19/jmh-core-1.19.jar:/home/user/.m2/repository/net/sf/jopt-simple/jopt-simple/4.6/jopt-simple-4.6.jar:/home/user/.m2/repository/org/apache/commons/commons-math3/3.1.1/commons-math3-3.1.1.jar:/home/user/.m2/repository/org/openjdk/jmh/jmh-generator-annprocess/1.19/jmh-generator-annprocess-1.19.jar:/home/user/.m2/repository/org/mockito/mockito-all/1.8.5/mockito-all-1.8.5.jar:/home/user/.m2/repository/org/apache/hadoop/hadoop-kms/3.2.0/hadoop-kms-3.2.0.jar:/home/user/.m2/repository/org/apache/hadoop/hadoop-auth/3.2.0/hadoop-auth-3.2.0.jar:/home/user/.m2/repository/com/nimbusds/nimbus-jose-jwt/4.41.1/nimbus-jose-jwt-4.41.1.jar:/home/user/.m2/repository/com/github/stephenc/jcip/jcip-annotations/1.0-1/jcip-annotations-1.0-1.jar:/home/user/.m2/repository/net/minidev/json-smart/2.3/json-smart-2.3.jar:/home/user/.m2/repository/net/minidev/accessors-smart/1.2/accessors-smart-1.2.jar:/home/user/.m2/repository/org/ow2/asm/asm/5.0.4/asm-5.0.4.jar:/home/user/.m2/repository/org/apache/curator/curator-framework/2.12.0/curator-framework-2.12.0.jar:/home/user/.m2/repository/com/sun/jersey/jersey-core/1.19/jersey-core-1.19.jar:/home/user/.m2/repository/javax/ws/rs/jsr311-api/1.1.1/jsr311-api-1.1.1.jar:/home/user/.m2/repository/com/sun/jersey/jersey-server/1.19/jersey-server-1.19.jar:/home/user/.m2/repository/javax/servlet/javax.servlet-api/3.1.0/javax.servlet-api-3.1.0.jar:/home/user/.m2/repository/org/eclipse/jetty/jetty-server/9.3.24.v20180605/jetty-server-9.3.24.v20180605.jar:/home/user/.m2/repository/org/eclipse/jetty/jetty-http/9.3.24.v20180605/jetty-http-9.3.24.v20180605.jar:/home/user/.m2/repository/org/eclipse/jetty/jetty-io/9.3.24.v20180605/jetty-io-9.3.24.v20180605.jar:/home/user/.m2/repository/org/eclipse/jetty/jetty-webapp/9.3.24.v20180605/jetty-webapp-9.3.24.v20180605.jar:/home/user/.m2/repository/org/eclipse/jetty/jetty-xml/9.3.24.v20180605/jetty-xml-9.3.24.v20180605.jar:/home/user/.m2/repository/log4j/log4j/1.2.17/log4j-1.2.17.jar:/home/user/.m2/repository/org/slf4j/slf4j-api/1.7.25/slf4j-api-1.7.25.jar:/home/user/.m2/repository/org/slf4j/jul-to-slf4j/1.7.25/jul-to-slf4j-1.7.25.jar:/home/user/.m2/repository/org/eclipse/jetty/jetty-util/9.3.24.v20180605/jetty-util-9.3.24.v20180605.jar:/home/user/.m2/repository/com/fasterxml/jackson/core/jackson-databind/2.9.5/jackson-databind-2.9.5.jar:/home/user/.m2/repository/org/apache/hadoop/hadoop-kms/3.2.0/hadoop-kms-3.2.0-tests.jar:/home/user/.m2/repository/org/apache/hadoop/hadoop-hdds-server-scm/0.4.1-SNAPSHOT/hadoop-hdds-server-scm-0.4.1-SNAPSHOT-tests.jar:/home/user/.m2/repository/org/apache/hadoop/hadoop-hdds-container-service/0.4.1-SNAPSHOT/hadoop-hdds-container-service-0.4.1-SNAPSHOT-tests.jar:/home/user/.m2/repository/org/yaml/snakeyaml/1.16/snakeyaml-1.16.jar:/home/user/.m2/repository/org/apache/hadoop/hadoop-common/3.2.0/hadoop-common-3.2.0-tests.jar:/home/user/.m2/repository/org/apache/hadoop/hadoop-annotations/3.2.0/hadoop-annotations-3.2.0.jar:/usr/lib/jvm/java-1.8-openjdk/jre/../lib/tools.jar:/home/user/.m2/repository/commons-cli/commons-cli/1.2/commons-cli-1.2.jar:/home/user/.m2/repository/org/apache/httpcomponents/httpclient/4.5.2/httpclient-4.5.2.jar:/home/user/.m2/repository/org/apache/httpcomponents/httpcore/4.4.4/httpcore-4.4.4.jar:/home/user/.m2/repository/commons-codec/commons-codec/1.11/commons-codec-1.11.jar:/home/user/.m2/repository/commons-net/commons-net/3.6/commons-net-3.6.jar:/home/user/.m2/repository/commons-collections/commons-collections/3.2.2/commons-collections-3.2.2.jar:/home/user/.m2/repository/org/eclipse/jetty/jetty-servlet/9.3.24.v20180605/jetty-servlet-9.3.24.v20180605.jar:/home/user/.m2/repository/org/eclipse/jetty/jetty-security/9.3.24.v20180605/jetty-security-9.3.24.v20180605.jar:/home/user/.m2/repository/javax/servlet/jsp/jsp-api/2.1/jsp-api-2.1.jar:/home/user/.m2/repository/com/sun/jersey/jersey-servlet/1.19/jersey-servlet-1.19.jar:/home/user/.m2/repository/com/sun/jersey/jersey-json/1.19/jersey-json-1.19.jar:/home/user/.m2/repository/org/codehaus/jettison/jettison/1.1/jettison-1.1.jar:/home/user/.m2/repository/org/codehaus/jackson/jackson-core-asl/1.9.13/jackson-core-asl-1.9.13.jar:/home/user/.m2/repository/org/codehaus/jackson/jackson-mapper-asl/1.9.13/jackson-mapper-asl-1.9.13.jar:/home/user/.m2/repository/org/codehaus/jackson/jackson-jaxrs/1.9.13/jackson-jaxrs-1.9.13.jar:/home/user/.m2/repository/org/codehaus/jackson/jackson-xc/1.9.13/jackson-xc-1.9.13.jar:/home/user/.m2/repository/commons-logging/commons-logging/1.1.3/commons-logging-1.1.3.jar:/home/user/.m2/repository/commons-beanutils/commons-beanutils/1.9.3/commons-beanutils-1.9.3.jar:/home/user/.m2/repository/org/apache/commons/commons-configuration2/2.1.1/commons-configuration2-2.1.1.jar:/home/user/.m2/repository/org/apache/commons/commons-lang3/3.7/commons-lang3-3.7.jar:/home/user/.m2/repository/org/apache/commons/commons-text/1.4/commons-text-1.4.jar:/home/user/.m2/repository/org/apache/avro/avro/1.7.7/avro-1.7.7.jar:/home/user/.m2/repository/com/thoughtworks/paranamer/paranamer/2.3/paranamer-2.3.jar:/home/user/.m2/repository/org/xerial/snappy/snappy-java/1.0.5/snappy-java-1.0.5.jar:/home/user/.m2/repository/com/google/re2j/re2j/1.1/re2j-1.1.jar:/home/user/.m2/repository/com/google/code/gson/gson/2.2.4/gson-2.2.4.jar:/home/user/.m2/repository/com/jcraft/jsch/0.1.54/jsch-0.1.54.jar:/home/user/.m2/repository/org/apache/curator/curator-client/2.12.0/curator-client-2.12.0.jar:/home/user/.m2/repository/org/apache/curator/curator-recipes/2.12.0/curator-recipes-2.12.0.jar:/home/user/.m2/repository/com/google/code/findbugs/jsr305/3.0.0/jsr305-3.0.0.jar:/home/user/.m2/repository/org/apache/htrace/htrace-core4/4.1.0-incubating/htrace-core4-4.1.0-incubating.jar:/home/user/.m2/repository/org/apache/zookeeper/zookeeper/3.4.13/zookeeper-3.4.13.jar:/home/user/.m2/repository/org/apache/yetus/audience-annotations/0.5.0/audience-annotations-0.5.0.jar:/home/user/.m2/repository/org/codehaus/woodstox/stax2-api/3.1.4/stax2-api-3.1.4.jar:/home/user/.m2/repository/com/fasterxml/woodstox/woodstox-core/5.0.3/woodstox-core-5.0.3.jar:/home/user/.m2/repository/dnsjava/dnsjava/2.1.7/dnsjava-2.1.7.jar:/home/user/.m2/repository/org/apache/hadoop/hadoop-hdfs/3.2.0/hadoop-hdfs-3.2.0-tests.jar:/home/user/.m2/repository/org/eclipse/jetty/jetty-util-ajax/9.3.24.v20180605/jetty-util-ajax-9.3.24.v20180605.jar:/home/user/.m2/repository/commons-daemon/commons-daemon/1.0.13/commons-daemon-1.0.13.jar:/home/user/.m2/repository/io/netty/netty/3.10.5.Final/netty-3.10.5.Final.jar:/home/user/.m2/repository/io/netty/netty-all/4.0.52.Final/netty-all-4.0.52.Final.jar:/home/user/.m2/repository/org/fusesource/leveldbjni/leveldbjni-all/1.8/leveldbjni-all-1.8.jar:"/>
    <property name="java.vm.vendor" value="IcedTea"/>
    <property name="sun.arch.data.model" value="64"/>
    <property name="test.build.dir" value="/workdir/hadoop-ozone/integration-test/target/test-dir"/>
    <property name="test.cache.data" value=""/>
    <property name="java.vendor.url" value="https://icedtea.classpath.org"/>
    <property name="user.timezone" value=""/>
    <property name="java.vm.specification.version" value="1.8"/>
    <property name="os.name" value="Linux"/>
    <property name="test.build.data" value="/workdir/hadoop-ozone/integration-test/target/test-dir"/>
    <property name="user.country" value="US"/>
    <property name="sun.java.launcher" value="SUN_STANDARD"/>
    <property name="sun.boot.library.path" value="/usr/lib/jvm/java-1.8-openjdk/jre/lib/amd64"/>
    <property name="sun.java.command" value="/workdir/hadoop-ozone/integration-test/target/surefire/surefirebooter4132116694492612155.jar /workdir/hadoop-ozone/integration-test/target/surefire 2019-07-30T23-42-47_820-jvmRun1 surefire7434108392139387885tmp surefire_674876030025677421023tmp"/>
    <property name="surefire.test.class.path" value="/workdir/hadoop-ozone/integration-test/target/test-classes:/workdir/hadoop-ozone/integration-test/target/classes:/home/user/.m2/repository/org/apache/hadoop/hadoop-ozone-common/0.4.1-SNAPSHOT/hadoop-ozone-common-0.4.1-SNAPSHOT.jar:/home/user/.m2/repository/org/apache/commons/commons-compress/1.4.1/commons-compress-1.4.1.jar:/home/user/.m2/repository/org/tukaani/xz/1.0/xz-1.0.jar:/home/user/.m2/repository/org/apache/hadoop/hadoop-common/3.2.0/hadoop-common-3.2.0.jar:/home/user/.m2/repository/org/apache/hadoop/hadoop-hdfs/3.2.0/hadoop-hdfs-3.2.0.jar:/home/user/.m2/repository/org/apache/hadoop/hadoop-hdfs-client/3.2.0/hadoop-hdfs-client-3.2.0.jar:/home/user/.m2/repository/com/fasterxml/jackson/core/jackson-annotations/2.9.5/jackson-annotations-2.9.5.jar:/home/user/.m2/repository/org/apache/hadoop/hadoop-hdds-common/0.4.1-SNAPSHOT/hadoop-hdds-common-0.4.1-SNAPSHOT.jar:/home/user/.m2/repository/javax/annotation/javax.annotation-api/1.2/javax.annotation-api-1.2.jar:/home/user/.m2/repository/org/apache/ratis/ratis-server/0.4.0-2337318-SNAPSHOT/ratis-server-0.4.0-2337318-SNAPSHOT.jar:/home/user/.m2/repository/org/apache/ratis/ratis-thirdparty-misc/0.2.0/ratis-thirdparty-misc-0.2.0.jar:/home/user/.m2/repository/org/apache/ratis/ratis-proto/0.4.0-2337318-SNAPSHOT/ratis-proto-0.4.0-2337318-SNAPSHOT.jar:/home/user/.m2/repository/org/apache/ratis/ratis-common/0.4.0-2337318-SNAPSHOT/ratis-common-0.4.0-2337318-SNAPSHOT.jar:/home/user/.m2/repository/org/apache/ratis/ratis-client/0.4.0-2337318-SNAPSHOT/ratis-client-0.4.0-2337318-SNAPSHOT.jar:/home/user/.m2/repository/org/apache/ratis/ratis-metrics/0.4.0-2337318-SNAPSHOT/ratis-metrics-0.4.0-2337318-SNAPSHOT.jar:/home/user/.m2/repository/org/apache/ratis/ratis-netty/0.4.0-2337318-SNAPSHOT/ratis-netty-0.4.0-2337318-SNAPSHOT.jar:/home/user/.m2/repository/org/apache/ratis/ratis-grpc/0.4.0-2337318-SNAPSHOT/ratis-grpc-0.4.0-2337318-SNAPSHOT.jar:/home/user/.m2/repository/org/rocksdb/rocksdbjni/6.0.1/rocksdbjni-6.0.1.jar:/home/user/.m2/repository/org/apache/logging/log4j/log4j-api/2.11.0/log4j-api-2.11.0.jar:/home/user/.m2/repository/org/apache/logging/log4j/log4j-core/2.11.0/log4j-core-2.11.0.jar:/home/user/.m2/repository/com/lmax/disruptor/3.4.2/disruptor-3.4.2.jar:/home/user/.m2/repository/org/apache/commons/commons-pool2/2.6.0/commons-pool2-2.6.0.jar:/home/user/.m2/repository/org/bouncycastle/bcpkix-jdk15on/1.60/bcpkix-jdk15on-1.60.jar:/home/user/.m2/repository/commons-validator/commons-validator/1.6/commons-validator-1.6.jar:/home/user/.m2/repository/commons-digester/commons-digester/1.8.1/commons-digester-1.8.1.jar:/home/user/.m2/repository/io/jaegertracing/jaeger-client/0.33.1/jaeger-client-0.33.1.jar:/home/user/.m2/repository/io/jaegertracing/jaeger-thrift/0.33.1/jaeger-thrift-0.33.1.jar:/home/user/.m2/repository/org/apache/thrift/libthrift/0.11.0/libthrift-0.11.0.jar:/home/user/.m2/repository/com/squareup/okhttp3/okhttp/3.9.0/okhttp-3.9.0.jar:/home/user/.m2/repository/com/squareup/okio/okio/1.13.0/okio-1.13.0.jar:/home/user/.m2/repository/io/jaegertracing/jaeger-core/0.33.1/jaeger-core-0.33.1.jar:/home/user/.m2/repository/io/jaegertracing/jaeger-tracerresolver/0.33.1/jaeger-tracerresolver-0.33.1.jar:/home/user/.m2/repository/io/opentracing/contrib/opentracing-tracerresolver/0.1.5/opentracing-tracerresolver-0.1.5.jar:/home/user/.m2/repository/io/opentracing/opentracing-util/0.31.0/opentracing-util-0.31.0.jar:/home/user/.m2/repository/io/opentracing/opentracing-api/0.31.0/opentracing-api-0.31.0.jar:/home/user/.m2/repository/io/opentracing/opentracing-noop/0.31.0/opentracing-noop-0.31.0.jar:/home/user/.m2/repository/org/apache/hadoop/hadoop-hdds-server-framework/0.4.1-SNAPSHOT/hadoop-hdds-server-framework-0.4.1-SNAPSHOT.jar:/home/user/.m2/repository/org/apache/hadoop/hadoop-hdds-container-service/0.4.1-SNAPSHOT/hadoop-hdds-container-service-0.4.1-SNAPSHOT.jar:/home/user/.m2/repository/org/apache/hadoop/hadoop-hdds-client/0.4.1-SNAPSHOT/hadoop-hdds-client-0.4.1-SNAPSHOT.jar:/home/user/.m2/repository/org/apache/hadoop/hadoop-hdds-tools/0.4.1-SNAPSHOT/hadoop-hdds-tools-0.4.1-SNAPSHOT.jar:/home/user/.m2/repository/org/apache/hadoop/hadoop-hdds-server-scm/0.4.1-SNAPSHOT/hadoop-hdds-server-scm-0.4.1-SNAPSHOT.jar:/home/user/.m2/repository/org/apache/hadoop/hadoop-hdds-docs/0.4.1-SNAPSHOT/hadoop-hdds-docs-0.4.1-SNAPSHOT.jar:/home/user/.m2/repository/io/dropwizard/metrics/metrics-core/3.2.4/metrics-core-3.2.4.jar:/home/user/.m2/repository/org/hamcrest/hamcrest-all/1.3/hamcrest-all-1.3.jar:/home/user/.m2/repository/org/bouncycastle/bcprov-jdk15on/1.60/bcprov-jdk15on-1.60.jar:/home/user/.m2/repository/info/picocli/picocli/3.9.6/picocli-3.9.6.jar:/home/user/.m2/repository/com/google/protobuf/protobuf-java/2.5.0/protobuf-java-2.5.0.jar:/home/user/.m2/repository/com/google/guava/guava/11.0.2/guava-11.0.2.jar:/home/user/.m2/repository/org/apache/hadoop/hadoop-ozone-ozone-manager/0.4.1-SNAPSHOT/hadoop-ozone-ozone-manager-0.4.1-SNAPSHOT.jar:/home/user/.m2/repository/org/apache/hadoop/hadoop-minikdc/3.2.0/hadoop-minikdc-3.2.0.jar:/home/user/.m2/repository/commons-io/commons-io/2.5/commons-io-2.5.jar:/home/user/.m2/repository/org/apache/kerby/kerb-simplekdc/1.0.1/kerb-simplekdc-1.0.1.jar:/home/user/.m2/repository/org/apache/kerby/kerb-client/1.0.1/kerb-client-1.0.1.jar:/home/user/.m2/repository/org/apache/kerby/kerby-config/1.0.1/kerby-config-1.0.1.jar:/home/user/.m2/repository/org/apache/kerby/kerb-core/1.0.1/kerb-core-1.0.1.jar:/home/user/.m2/repository/org/apache/kerby/kerby-pkix/1.0.1/kerby-pkix-1.0.1.jar:/home/user/.m2/repository/org/apache/kerby/kerby-asn1/1.0.1/kerby-asn1-1.0.1.jar:/home/user/.m2/repository/org/apache/kerby/kerby-util/1.0.1/kerby-util-1.0.1.jar:/home/user/.m2/repository/org/apache/kerby/kerb-common/1.0.1/kerb-common-1.0.1.jar:/home/user/.m2/repository/org/apache/kerby/kerb-crypto/1.0.1/kerb-crypto-1.0.1.jar:/home/user/.m2/repository/org/apache/kerby/kerb-util/1.0.1/kerb-util-1.0.1.jar:/home/user/.m2/repository/org/apache/kerby/token-provider/1.0.1/token-provider-1.0.1.jar:/home/user/.m2/repository/org/apache/kerby/kerb-admin/1.0.1/kerb-admin-1.0.1.jar:/home/user/.m2/repository/org/apache/kerby/kerb-server/1.0.1/kerb-server-1.0.1.jar:/home/user/.m2/repository/org/apache/kerby/kerb-identity/1.0.1/kerb-identity-1.0.1.jar:/home/user/.m2/repository/org/apache/kerby/kerby-xdr/1.0.1/kerby-xdr-1.0.1.jar:/home/user/.m2/repository/org/slf4j/slf4j-log4j12/1.7.25/slf4j-log4j12-1.7.25.jar:/home/user/.m2/repository/org/apache/hadoop/hadoop-ozone-objectstore-service/0.4.1-SNAPSHOT/hadoop-ozone-objectstore-service-0.4.1-SNAPSHOT.jar:/home/user/.m2/repository/org/apache/hadoop/hadoop-ozone-s3gateway/0.4.1-SNAPSHOT/hadoop-ozone-s3gateway-0.4.1-SNAPSHOT.jar:/home/user/.m2/repository/org/jboss/weld/servlet/weld-servlet/2.4.7.Final/weld-servlet-2.4.7.Final.jar:/home/user/.m2/repository/org/glassfish/jersey/containers/jersey-container-servlet-core/2.27/jersey-container-servlet-core-2.27.jar:/home/user/.m2/repository/org/glassfish/hk2/external/javax.inject/2.5.0-b42/javax.inject-2.5.0-b42.jar:/home/user/.m2/repository/org/glassfish/jersey/core/jersey-common/2.27/jersey-common-2.27.jar:/home/user/.m2/repository/org/glassfish/hk2/osgi-resource-locator/1.0.1/osgi-resource-locator-1.0.1.jar:/home/user/.m2/repository/javax/ws/rs/javax.ws.rs-api/2.1/javax.ws.rs-api-2.1.jar:/home/user/.m2/repository/org/glassfish/jersey/ext/cdi/jersey-cdi1x/2.27/jersey-cdi1x-2.27.jar:/home/user/.m2/repository/org/glassfish/jersey/inject/jersey-hk2/2.27/jersey-hk2-2.27.jar:/home/user/.m2/repository/org/glassfish/hk2/hk2-locator/2.5.0-b42/hk2-locator-2.5.0-b42.jar:/home/user/.m2/repository/org/javassist/javassist/3.22.0-CR2/javassist-3.22.0-CR2.jar:/home/user/.m2/repository/org/glassfish/hk2/hk2-api/2.5.0/hk2-api-2.5.0.jar:/home/user/.m2/repository/org/glassfish/hk2/external/jakarta.inject/2.5.0/jakarta.inject-2.5.0.jar:/home/user/.m2/repository/org/glassfish/hk2/hk2-utils/2.5.0/hk2-utils-2.5.0.jar:/home/user/.m2/repository/jakarta/annotation/jakarta.annotation-api/1.3.4/jakarta.annotation-api-1.3.4.jar:/home/user/.m2/repository/org/glassfish/hk2/external/aopalliance-repackaged/2.5.0/aopalliance-repackaged-2.5.0.jar:/home/user/.m2/repository/com/fasterxml/jackson/dataformat/jackson-dataformat-xml/2.9.0/jackson-dataformat-xml-2.9.0.jar:/home/user/.m2/repository/com/fasterxml/jackson/core/jackson-core/2.9.5/jackson-core-2.9.5.jar:/home/user/.m2/repository/com/fasterxml/jackson/module/jackson-module-jaxb-annotations/2.9.5/jackson-module-jaxb-annotations-2.9.5.jar:/home/user/.m2/repository/javax/enterprise/cdi-api/1.2/cdi-api-1.2.jar:/home/user/.m2/repository/javax/el/javax.el-api/3.0.0/javax.el-api-3.0.0.jar:/home/user/.m2/repository/javax/interceptor/javax.interceptor-api/1.2/javax.interceptor-api-1.2.jar:/home/user/.m2/repository/javax/inject/javax.inject/1/javax.inject-1.jar:/home/user/.m2/repository/com/sun/xml/bind/jaxb-impl/2.3.0.1/jaxb-impl-2.3.0.1.jar:/home/user/.m2/repository/com/sun/xml/bind/jaxb-core/2.3.0.1/jaxb-core-2.3.0.1.jar:/home/user/.m2/repository/javax/xml/bind/jaxb-api/2.3.0/jaxb-api-2.3.0.jar:/home/user/.m2/repository/javax/activation/activation/1.1.1/activation-1.1.1.jar:/home/user/.m2/repository/org/apache/hadoop/hadoop-ozone-csi/0.4.1-SNAPSHOT/hadoop-ozone-csi-0.4.1-SNAPSHOT.jar:/home/user/.m2/repository/com/google/protobuf/protobuf-java-util/3.5.1/protobuf-java-util-3.5.1.jar:/home/user/.m2/repository/org/apache/hadoop/hadoop-hdds-config/0.4.1-SNAPSHOT/hadoop-hdds-config-0.4.1-SNAPSHOT.jar:/home/user/.m2/repository/io/grpc/grpc-netty/1.17.1/grpc-netty-1.17.1.jar:/home/user/.m2/repository/io/grpc/grpc-core/1.17.1/grpc-core-1.17.1.jar:/home/user/.m2/repository/io/grpc/grpc-context/1.17.1/grpc-context-1.17.1.jar:/home/user/.m2/repository/com/google/errorprone/error_prone_annotations/2.2.0/error_prone_annotations-2.2.0.jar:/home/user/.m2/repository/org/codehaus/mojo/animal-sniffer-annotations/1.17/animal-sniffer-annotations-1.17.jar:/home/user/.m2/repository/io/opencensus/opencensus-api/0.17.0/opencensus-api-0.17.0.jar:/home/user/.m2/repository/io/opencensus/opencensus-contrib-grpc-metrics/0.17.0/opencensus-contrib-grpc-metrics-0.17.0.jar:/home/user/.m2/repository/io/netty/netty-codec-http2/4.1.30.Final/netty-codec-http2-4.1.30.Final.jar:/home/user/.m2/repository/io/netty/netty-codec-http/4.1.30.Final/netty-codec-http-4.1.30.Final.jar:/home/user/.m2/repository/io/netty/netty-codec/4.1.30.Final/netty-codec-4.1.30.Final.jar:/home/user/.m2/repository/io/netty/netty-handler/4.1.30.Final/netty-handler-4.1.30.Final.jar:/home/user/.m2/repository/io/netty/netty-handler-proxy/4.1.30.Final/netty-handler-proxy-4.1.30.Final.jar:/home/user/.m2/repository/io/netty/netty-codec-socks/4.1.30.Final/netty-codec-socks-4.1.30.Final.jar:/home/user/.m2/repository/io/netty/netty-transport-native-epoll/4.1.30.Final/netty-transport-native-epoll-4.1.30.Final.jar:/home/user/.m2/repository/io/netty/netty-common/4.1.30.Final/netty-common-4.1.30.Final.jar:/home/user/.m2/repository/io/netty/netty-buffer/4.1.30.Final/netty-buffer-4.1.30.Final.jar:/home/user/.m2/repository/io/netty/netty-transport/4.1.30.Final/netty-transport-4.1.30.Final.jar:/home/user/.m2/repository/io/netty/netty-resolver/4.1.30.Final/netty-resolver-4.1.30.Final.jar:/home/user/.m2/repository/io/netty/netty-transport-native-unix-common/4.1.30.Final/netty-transport-native-unix-common-4.1.30.Final.jar:/home/user/.m2/repository/io/grpc/grpc-protobuf/1.17.1/grpc-protobuf-1.17.1.jar:/home/user/.m2/repository/com/google/api/grpc/proto-google-common-protos/1.0.0/proto-google-common-protos-1.0.0.jar:/home/user/.m2/repository/io/grpc/grpc-protobuf-lite/1.17.1/grpc-protobuf-lite-1.17.1.jar:/home/user/.m2/repository/io/grpc/grpc-stub/1.17.1/grpc-stub-1.17.1.jar:/home/user/.m2/repository/org/apache/hadoop/hadoop-ozone-recon/0.4.1-SNAPSHOT/hadoop-ozone-recon-0.4.1-SNAPSHOT.jar:/home/user/.m2/repository/org/apache/hadoop/hadoop-ozone-reconcodegen/0.4.1-SNAPSHOT/hadoop-ozone-reconcodegen-0.4.1-SNAPSHOT.jar:/home/user/.m2/repository/com/google/inject/extensions/guice-multibindings/4.0/guice-multibindings-4.0.jar:/home/user/.m2/repository/com/google/inject/guice/4.0/guice-4.0.jar:/home/user/.m2/repository/aopalliance/aopalliance/1.0/aopalliance-1.0.jar:/home/user/.m2/repository/com/google/inject/extensions/guice-servlet/4.0/guice-servlet-4.0.jar:/home/user/.m2/repository/org/glassfish/jersey/containers/jersey-container-servlet/2.27/jersey-container-servlet-2.27.jar:/home/user/.m2/repository/org/glassfish/hk2/guice-bridge/2.5.0/guice-bridge-2.5.0.jar:/home/user/.m2/repository/org/glassfish/jersey/core/jersey-server/2.27/jersey-server-2.27.jar:/home/user/.m2/repository/org/glassfish/jersey/core/jersey-client/2.27/jersey-client-2.27.jar:/home/user/.m2/repository/org/glassfish/jersey/media/jersey-media-jaxb/2.27/jersey-media-jaxb-2.27.jar:/home/user/.m2/repository/javax/validation/validation-api/1.1.0.Final/validation-api-1.1.0.Final.jar:/home/user/.m2/repository/org/glassfish/jersey/media/jersey-media-json-jackson/2.27/jersey-media-json-jackson-2.27.jar:/home/user/.m2/repository/org/glassfish/jersey/ext/jersey-entity-filtering/2.27/jersey-entity-filtering-2.27.jar:/home/user/.m2/repository/com/google/inject/extensions/guice-assistedinject/4.0/guice-assistedinject-4.0.jar:/home/user/.m2/repository/org/jooq/jooq/3.11.10/jooq-3.11.10.jar:/home/user/.m2/repository/org/jooq/jooq-meta/3.11.10/jooq-meta-3.11.10.jar:/home/user/.m2/repository/org/jooq/jooq-codegen/3.11.10/jooq-codegen-3.11.10.jar:/home/user/.m2/repository/com/jolbox/bonecp/0.8.0.RELEASE/bonecp-0.8.0.RELEASE.jar:/home/user/.m2/repository/org/xerial/sqlite-jdbc/3.25.2/sqlite-jdbc-3.25.2.jar:/home/user/.m2/repository/org/springframework/spring-jdbc/5.1.3.RELEASE/spring-jdbc-5.1.3.RELEASE.jar:/home/user/.m2/repository/org/springframework/spring-beans/5.1.3.RELEASE/spring-beans-5.1.3.RELEASE.jar:/home/user/.m2/repository/org/springframework/spring-core/5.1.3.RELEASE/spring-core-5.1.3.RELEASE.jar:/home/user/.m2/repository/org/springframework/spring-jcl/5.1.3.RELEASE/spring-jcl-5.1.3.RELEASE.jar:/home/user/.m2/repository/org/springframework/spring-tx/5.1.3.RELEASE/spring-tx-5.1.3.RELEASE.jar:/home/user/.m2/repository/org/apache/hadoop/hadoop-ozone-client/0.4.1-SNAPSHOT/hadoop-ozone-client-0.4.1-SNAPSHOT.jar:/home/user/.m2/repository/commons-lang/commons-lang/2.6/commons-lang-2.6.jar:/home/user/.m2/repository/org/apache/hadoop/hadoop-ozone-ozone-manager/0.4.1-SNAPSHOT/hadoop-ozone-ozone-manager-0.4.1-SNAPSHOT-tests.jar:/home/user/.m2/repository/junit/junit/4.11/junit-4.11.jar:/home/user/.m2/repository/org/hamcrest/hamcrest-core/1.3/hamcrest-core-1.3.jar:/home/user/.m2/repository/org/openjdk/jmh/jmh-core/1.19/jmh-core-1.19.jar:/home/user/.m2/repository/net/sf/jopt-simple/jopt-simple/4.6/jopt-simple-4.6.jar:/home/user/.m2/repository/org/apache/commons/commons-math3/3.1.1/commons-math3-3.1.1.jar:/home/user/.m2/repository/org/openjdk/jmh/jmh-generator-annprocess/1.19/jmh-generator-annprocess-1.19.jar:/home/user/.m2/repository/org/mockito/mockito-all/1.8.5/mockito-all-1.8.5.jar:/home/user/.m2/repository/org/apache/hadoop/hadoop-kms/3.2.0/hadoop-kms-3.2.0.jar:/home/user/.m2/repository/org/apache/hadoop/hadoop-auth/3.2.0/hadoop-auth-3.2.0.jar:/home/user/.m2/repository/com/nimbusds/nimbus-jose-jwt/4.41.1/nimbus-jose-jwt-4.41.1.jar:/home/user/.m2/repository/com/github/stephenc/jcip/jcip-annotations/1.0-1/jcip-annotations-1.0-1.jar:/home/user/.m2/repository/net/minidev/json-smart/2.3/json-smart-2.3.jar:/home/user/.m2/repository/net/minidev/accessors-smart/1.2/accessors-smart-1.2.jar:/home/user/.m2/repository/org/ow2/asm/asm/5.0.4/asm-5.0.4.jar:/home/user/.m2/repository/org/apache/curator/curator-framework/2.12.0/curator-framework-2.12.0.jar:/home/user/.m2/repository/com/sun/jersey/jersey-core/1.19/jersey-core-1.19.jar:/home/user/.m2/repository/javax/ws/rs/jsr311-api/1.1.1/jsr311-api-1.1.1.jar:/home/user/.m2/repository/com/sun/jersey/jersey-server/1.19/jersey-server-1.19.jar:/home/user/.m2/repository/javax/servlet/javax.servlet-api/3.1.0/javax.servlet-api-3.1.0.jar:/home/user/.m2/repository/org/eclipse/jetty/jetty-server/9.3.24.v20180605/jetty-server-9.3.24.v20180605.jar:/home/user/.m2/repository/org/eclipse/jetty/jetty-http/9.3.24.v20180605/jetty-http-9.3.24.v20180605.jar:/home/user/.m2/repository/org/eclipse/jetty/jetty-io/9.3.24.v20180605/jetty-io-9.3.24.v20180605.jar:/home/user/.m2/repository/org/eclipse/jetty/jetty-webapp/9.3.24.v20180605/jetty-webapp-9.3.24.v20180605.jar:/home/user/.m2/repository/org/eclipse/jetty/jetty-xml/9.3.24.v20180605/jetty-xml-9.3.24.v20180605.jar:/home/user/.m2/repository/log4j/log4j/1.2.17/log4j-1.2.17.jar:/home/user/.m2/repository/org/slf4j/slf4j-api/1.7.25/slf4j-api-1.7.25.jar:/home/user/.m2/repository/org/slf4j/jul-to-slf4j/1.7.25/jul-to-slf4j-1.7.25.jar:/home/user/.m2/repository/org/eclipse/jetty/jetty-util/9.3.24.v20180605/jetty-util-9.3.24.v20180605.jar:/home/user/.m2/repository/com/fasterxml/jackson/core/jackson-databind/2.9.5/jackson-databind-2.9.5.jar:/home/user/.m2/repository/org/apache/hadoop/hadoop-kms/3.2.0/hadoop-kms-3.2.0-tests.jar:/home/user/.m2/repository/org/apache/hadoop/hadoop-hdds-server-scm/0.4.1-SNAPSHOT/hadoop-hdds-server-scm-0.4.1-SNAPSHOT-tests.jar:/home/user/.m2/repository/org/apache/hadoop/hadoop-hdds-container-service/0.4.1-SNAPSHOT/hadoop-hdds-container-service-0.4.1-SNAPSHOT-tests.jar:/home/user/.m2/repository/org/yaml/snakeyaml/1.16/snakeyaml-1.16.jar:/home/user/.m2/repository/org/apache/hadoop/hadoop-common/3.2.0/hadoop-common-3.2.0-tests.jar:/home/user/.m2/repository/org/apache/hadoop/hadoop-annotations/3.2.0/hadoop-annotations-3.2.0.jar:/usr/lib/jvm/java-1.8-openjdk/jre/../lib/tools.jar:/home/user/.m2/repository/commons-cli/commons-cli/1.2/commons-cli-1.2.jar:/home/user/.m2/repository/org/apache/httpcomponents/httpclient/4.5.2/httpclient-4.5.2.jar:/home/user/.m2/repository/org/apache/httpcomponents/httpcore/4.4.4/httpcore-4.4.4.jar:/home/user/.m2/repository/commons-codec/commons-codec/1.11/commons-codec-1.11.jar:/home/user/.m2/repository/commons-net/commons-net/3.6/commons-net-3.6.jar:/home/user/.m2/repository/commons-collections/commons-collections/3.2.2/commons-collections-3.2.2.jar:/home/user/.m2/repository/org/eclipse/jetty/jetty-servlet/9.3.24.v20180605/jetty-servlet-9.3.24.v20180605.jar:/home/user/.m2/repository/org/eclipse/jetty/jetty-security/9.3.24.v20180605/jetty-security-9.3.24.v20180605.jar:/home/user/.m2/repository/javax/servlet/jsp/jsp-api/2.1/jsp-api-2.1.jar:/home/user/.m2/repository/com/sun/jersey/jersey-servlet/1.19/jersey-servlet-1.19.jar:/home/user/.m2/repository/com/sun/jersey/jersey-json/1.19/jersey-json-1.19.jar:/home/user/.m2/repository/org/codehaus/jettison/jettison/1.1/jettison-1.1.jar:/home/user/.m2/repository/org/codehaus/jackson/jackson-core-asl/1.9.13/jackson-core-asl-1.9.13.jar:/home/user/.m2/repository/org/codehaus/jackson/jackson-mapper-asl/1.9.13/jackson-mapper-asl-1.9.13.jar:/home/user/.m2/repository/org/codehaus/jackson/jackson-jaxrs/1.9.13/jackson-jaxrs-1.9.13.jar:/home/user/.m2/repository/org/codehaus/jackson/jackson-xc/1.9.13/jackson-xc-1.9.13.jar:/home/user/.m2/repository/commons-logging/commons-logging/1.1.3/commons-logging-1.1.3.jar:/home/user/.m2/repository/commons-beanutils/commons-beanutils/1.9.3/commons-beanutils-1.9.3.jar:/home/user/.m2/repository/org/apache/commons/commons-configuration2/2.1.1/commons-configuration2-2.1.1.jar:/home/user/.m2/repository/org/apache/commons/commons-lang3/3.7/commons-lang3-3.7.jar:/home/user/.m2/repository/org/apache/commons/commons-text/1.4/commons-text-1.4.jar:/home/user/.m2/repository/org/apache/avro/avro/1.7.7/avro-1.7.7.jar:/home/user/.m2/repository/com/thoughtworks/paranamer/paranamer/2.3/paranamer-2.3.jar:/home/user/.m2/repository/org/xerial/snappy/snappy-java/1.0.5/snappy-java-1.0.5.jar:/home/user/.m2/repository/com/google/re2j/re2j/1.1/re2j-1.1.jar:/home/user/.m2/repository/com/google/code/gson/gson/2.2.4/gson-2.2.4.jar:/home/user/.m2/repository/com/jcraft/jsch/0.1.54/jsch-0.1.54.jar:/home/user/.m2/repository/org/apache/curator/curator-client/2.12.0/curator-client-2.12.0.jar:/home/user/.m2/repository/org/apache/curator/curator-recipes/2.12.0/curator-recipes-2.12.0.jar:/home/user/.m2/repository/com/google/code/findbugs/jsr305/3.0.0/jsr305-3.0.0.jar:/home/user/.m2/repository/org/apache/htrace/htrace-core4/4.1.0-incubating/htrace-core4-4.1.0-incubating.jar:/home/user/.m2/repository/org/apache/zookeeper/zookeeper/3.4.13/zookeeper-3.4.13.jar:/home/user/.m2/repository/org/apache/yetus/audience-annotations/0.5.0/audience-annotations-0.5.0.jar:/home/user/.m2/repository/org/codehaus/woodstox/stax2-api/3.1.4/stax2-api-3.1.4.jar:/home/user/.m2/repository/com/fasterxml/woodstox/woodstox-core/5.0.3/woodstox-core-5.0.3.jar:/home/user/.m2/repository/dnsjava/dnsjava/2.1.7/dnsjava-2.1.7.jar:/home/user/.m2/repository/org/apache/hadoop/hadoop-hdfs/3.2.0/hadoop-hdfs-3.2.0-tests.jar:/home/user/.m2/repository/org/eclipse/jetty/jetty-util-ajax/9.3.24.v20180605/jetty-util-ajax-9.3.24.v20180605.jar:/home/user/.m2/repository/commons-daemon/commons-daemon/1.0.13/commons-daemon-1.0.13.jar:/home/user/.m2/repository/io/netty/netty/3.10.5.Final/netty-3.10.5.Final.jar:/home/user/.m2/repository/io/netty/netty-all/4.0.52.Final/netty-all-4.0.52.Final.jar:/home/user/.m2/repository/org/fusesource/leveldbjni/leveldbjni-all/1.8/leveldbjni-all-1.8.jar:"/>
    <property name="sun.cpu.endian" value="little"/>
    <property name="user.home" value="/home/user"/>
    <property name="user.language" value="en"/>
    <property name="java.specification.vendor" value="Oracle Corporation"/>
    <property name="java.home" value="/usr/lib/jvm/java-1.8-openjdk/jre"/>
    <property name="java.security.krb5.conf" value="/workdir/hadoop-ozone/integration-test/target/test-classes/krb5.conf"/>
    <property name="basedir" value="/workdir/hadoop-ozone/integration-test"/>
    <property name="file.separator" value="/"/>
    <property name="line.separator" value="&#10;"/>
    <property name="java.vm.specification.vendor" value="Oracle Corporation"/>
    <property name="java.specification.name" value="Java Platform API Specification"/>
    <property name="java.awt.graphicsenv" value="sun.awt.X11GraphicsEnvironment"/>
    <property name="surefire.real.class.path" value="/workdir/hadoop-ozone/integration-test/target/surefire/surefirebooter4132116694492612155.jar"/>
    <property name="hadoop.log.dir" value="/workdir/hadoop-ozone/integration-test/target/log"/>
    <property name="sun.boot.class.path" value="/usr/lib/jvm/java-1.8-openjdk/jre/lib/resources.jar:/usr/lib/jvm/java-1.8-openjdk/jre/lib/rt.jar:/usr/lib/jvm/java-1.8-openjdk/jre/lib/sunrsasign.jar:/usr/lib/jvm/java-1.8-openjdk/jre/lib/jsse.jar:/usr/lib/jvm/java-1.8-openjdk/jre/lib/jce.jar:/usr/lib/jvm/java-1.8-openjdk/jre/lib/charsets.jar:/usr/lib/jvm/java-1.8-openjdk/jre/lib/jfr.jar:/usr/lib/jvm/java-1.8-openjdk/jre/classes"/>
    <property name="sun.management.compiler" value="HotSpot 64-Bit Tiered Compilers"/>
    <property name="java.runtime.version" value="1.8.0_212-b04"/>
    <property name="java.net.preferIPv4Stack" value="true"/>
    <property name="user.name" value="jenkins1000"/>
    <property name="path.separator" value=":"/>
    <property name="java.security.egd" value="file:///dev/urandom"/>
    <property name="os.version" value="3.10.0-957.12.2.el7.x86_64"/>
    <property name="java.endorsed.dirs" value="/usr/lib/jvm/java-1.8-openjdk/jre/lib/endorsed"/>
    <property name="java.runtime.name" value="OpenJDK Runtime Environment"/>
    <property name="file.encoding" value="UTF-8"/>
    <property name="java.vm.name" value="OpenJDK 64-Bit Server VM"/>
    <property name="test.build.webapps" value=""/>
    <property name="localRepository" value="/home/user/.m2/repository"/>
    <property name="java.vendor.url.bug" value="https://icedtea.classpath.org/bugzilla"/>
    <property name="java.io.tmpdir" value="/tmp"/>
    <property name="require.test.libhadoop" value=""/>
    <property name="java.version" value="1.8.0_212"/>
    <property name="user.dir" value="/workdir/hadoop-ozone/integration-test"/>
    <property name="os.arch" value="amd64"/>
    <property name="java.vm.specification.name" value="Java Virtual Machine Specification"/>
    <property name="test.build.classes" value="/workdir/hadoop-ozone/integration-test/target/test-classes"/>
    <property name="java.awt.printerjob" value="sun.print.PSPrinterJob"/>
    <property name="sun.os.patch.level" value="unknown"/>
    <property name="hadoop.tmp.dir" value="/workdir/hadoop-ozone/integration-test/target/tmp"/>
    <property name="java.library.path" value="/usr/lib/jvm/java-1.8-openjdk/jre/lib/amd64/server:/usr/lib/jvm/java-1.8-openjdk/jre/lib/amd64:/usr/lib/jvm/java-1.8-openjdk/jre/../lib/amd64:/workdir/hadoop-ozone/integration-test/target/native/target/usr/local/lib:/workdir/hadoop-ozone/integration-test/../../hadoop-common-project/hadoop-common/target/native/target/usr/local/lib:/usr/java/packages/lib/amd64:/usr/lib64:/lib64:/lib:/usr/lib"/>
    <property name="java.vm.info" value="mixed mode"/>
    <property name="java.vendor" value="IcedTea"/>
    <property name="java.vm.version" value="25.212-b04"/>
    <property name="java.ext.dirs" value="/usr/lib/jvm/java-1.8-openjdk/jre/lib/ext:/usr/java/packages/lib/ext"/>
    <property name="sun.io.unicode.encoding" value="UnicodeLittle"/>
    <property name="java.class.version" value="52.0"/>
  </properties>
  <testcase name="testPipelineExclusionWithPipelineFailure" classname="org.apache.hadoop.ozone.client.rpc.TestFailureHandlingByClient" time="57.323"/>
  <testcase name="testContainerExclusionWithClosedContainerException" classname="org.apache.hadoop.ozone.client.rpc.TestFailureHandlingByClient" time="27.795"/>
  <testcase name="testWriteSmallFile" classname="org.apache.hadoop.ozone.client.rpc.TestFailureHandlingByClient" time="36.492"/>
  <testcase name="testMultiBlockWritesWithIntermittentDnFailures" classname="org.apache.hadoop.ozone.client.rpc.TestFailureHandlingByClient" time="9.731">
    <error message="Unexpected Storage Container Exception: org.apache.hadoop.hdds.scm.container.common.helpers.StorageContainerException: ContainerID 3 does not exist" type="java.io.IOException">java.io.IOException: Unexpected Storage Container Exception: org.apache.hadoop.hdds.scm.container.common.helpers.StorageContainerException: ContainerID 3 does not exist
	at org.apache.hadoop.hdds.scm.storage.BlockOutputStream.setIoException(BlockOutputStream.java:541)
	at org.apache.hadoop.hdds.scm.storage.BlockOutputStream.validateResponse(BlockOutputStream.java:532)
	at org.apache.hadoop.hdds.scm.storage.BlockOutputStream.lambda$writeChunkToContainer$2(BlockOutputStream.java:606)
	at java.util.concurrent.CompletableFuture.uniApply(CompletableFuture.java:602)
	at java.util.concurrent.CompletableFuture$UniApply.tryFire(CompletableFuture.java:577)
	at java.util.concurrent.CompletableFuture$Completion.run(CompletableFuture.java:442)
	at java.util.concurrent.ThreadPoolExecutor.runWorker(ThreadPoolExecutor.java:1149)
	at java.util.concurrent.ThreadPoolExecutor$Worker.run(ThreadPoolExecutor.java:624)
	at java.lang.Thread.run(Thread.java:748)
Caused by: org.apache.hadoop.hdds.scm.container.common.helpers.StorageContainerException: ContainerID 3 does not exist
	at org.apache.hadoop.hdds.scm.storage.ContainerProtocolCalls.validateContainerResponse(ContainerProtocolCalls.java:536)
	at org.apache.hadoop.hdds.scm.storage.BlockOutputStream.validateResponse(BlockOutputStream.java:529)
	... 7 more
</error>
    <system-out><![CDATA[2019-07-31 00:26:16,476 WARN  server.ServerUtils (ServerUtils.java:getScmDbDir(145)) - ozone.scm.db.dirs is not configured. We recommend adding this setting. Falling back to ozone.metadata.dirs instead.
2019-07-31 00:26:16,503 WARN  server.ServerUtils (ServerUtils.java:getScmDbDir(145)) - ozone.scm.db.dirs is not configured. We recommend adding this setting. Falling back to ozone.metadata.dirs instead.
2019-07-31 00:26:16,503 WARN  server.ServerUtils (ServerUtils.java:getScmDbDir(145)) - ozone.scm.db.dirs is not configured. We recommend adding this setting. Falling back to ozone.metadata.dirs instead.
2019-07-31 00:26:16,504 INFO  db.DBStoreBuilder (DBStoreBuilder.java:addTable(110)) - using custom profile for table: deletedBlocks
2019-07-31 00:26:16,504 INFO  db.DBStoreBuilder (DBStoreBuilder.java:processTables(161)) - Using default column profile:DBProfile.DISK for Table:deletedBlocks
2019-07-31 00:26:16,504 INFO  db.DBStoreBuilder (DBStoreBuilder.java:addTable(110)) - using custom profile for table: validCerts
2019-07-31 00:26:16,505 INFO  db.DBStoreBuilder (DBStoreBuilder.java:processTables(161)) - Using default column profile:DBProfile.DISK for Table:validCerts
2019-07-31 00:26:16,505 INFO  db.DBStoreBuilder (DBStoreBuilder.java:addTable(110)) - using custom profile for table: revokedCerts
2019-07-31 00:26:16,505 INFO  db.DBStoreBuilder (DBStoreBuilder.java:processTables(161)) - Using default column profile:DBProfile.DISK for Table:revokedCerts
2019-07-31 00:26:16,505 INFO  db.DBStoreBuilder (DBStoreBuilder.java:addTable(110)) - using custom profile for table: default
2019-07-31 00:26:16,506 INFO  db.DBStoreBuilder (DBStoreBuilder.java:processTables(167)) - Using default column profile:DBProfile.DISK for Table:default
2019-07-31 00:26:16,506 INFO  db.DBStoreBuilder (DBStoreBuilder.java:getDbProfile(198)) - Using default options. DBProfile.DISK
2019-07-31 00:26:16,667 INFO  net.NodeSchemaLoader (NodeSchemaLoader.java:loadSchemaFromFile(125)) - Loading file from sun.misc.CompoundEnumeration@12765ebd
2019-07-31 00:26:16,667 INFO  net.NodeSchemaLoader (NodeSchemaLoader.java:loadSchema(171)) - Loading network topology layer schema file
2019-07-31 00:26:16,675 INFO  node.SCMNodeManager (SCMNodeManager.java:<init>(121)) - Entering startup safe mode.
2019-07-31 00:26:16,676 WARN  server.ServerUtils (ServerUtils.java:getScmDbDir(145)) - ozone.scm.db.dirs is not configured. We recommend adding this setting. Falling back to ozone.metadata.dirs instead.
2019-07-31 00:26:16,725 INFO  pipeline.SCMPipelineManager (SCMPipelineManager.java:initializePipelineState(126)) - No pipeline exists in current db
2019-07-31 00:26:16,725 WARN  server.ServerUtils (ServerUtils.java:getScmDbDir(145)) - ozone.scm.db.dirs is not configured. We recommend adding this setting. Falling back to ozone.metadata.dirs instead.
2019-07-31 00:26:16,776 WARN  events.EventQueue (EventQueue.java:fireEvent(175)) - No event handler registered for event TypedEvent{payloadType=SafeModeStatus, name='SafeModeStatus'}
2019-07-31 00:26:16,777 INFO  ipc.CallQueueManager (CallQueueManager.java:<init>(84)) - Using callQueue: class java.util.concurrent.LinkedBlockingQueue, queueCapacity: 2000, scheduler: class org.apache.hadoop.ipc.DefaultRpcScheduler, ipcBackoff: false.
2019-07-31 00:26:16,778 INFO  ipc.Server (Server.java:run(1074)) - Starting Socket Reader #1 for port 39513
2019-07-31 00:26:16,780 INFO  ipc.CallQueueManager (CallQueueManager.java:<init>(84)) - Using callQueue: class java.util.concurrent.LinkedBlockingQueue, queueCapacity: 2000, scheduler: class org.apache.hadoop.ipc.DefaultRpcScheduler, ipcBackoff: false.
2019-07-31 00:26:16,781 INFO  ipc.Server (Server.java:run(1074)) - Starting Socket Reader #1 for port 33888
2019-07-31 00:26:16,782 INFO  ipc.CallQueueManager (CallQueueManager.java:<init>(84)) - Using callQueue: class java.util.concurrent.LinkedBlockingQueue, queueCapacity: 2000, scheduler: class org.apache.hadoop.ipc.DefaultRpcScheduler, ipcBackoff: false.
2019-07-31 00:26:16,783 INFO  ipc.Server (Server.java:run(1074)) - Starting Socket Reader #1 for port 39266
2019-07-31 00:26:16,787 INFO  hdfs.DFSUtil (DFSUtil.java:httpServerTemplateForNNAndJN(1641)) - Starting Web-server for scm at: http://0.0.0.0:0
2019-07-31 00:26:16,789 INFO  server.AuthenticationFilter (AuthenticationFilter.java:constructSecretProvider(240)) - Unable to initialize FileSignerSecretProvider, falling back to use random secrets.
2019-07-31 00:26:16,790 WARN  http.HttpRequestLog (HttpRequestLog.java:getRequestLog(97)) - Jetty request log can only be enabled using Log4j
2019-07-31 00:26:16,792 INFO  http.HttpServer2 (HttpServer2.java:addGlobalFilter(975)) - Added global filter 'safety' (class=org.apache.hadoop.http.HttpServer2$QuotingInputFilter)
2019-07-31 00:26:16,793 INFO  http.HttpServer2 (HttpServer2.java:addFilter(948)) - Added filter static_user_filter (class=org.apache.hadoop.http.lib.StaticUserWebFilter$StaticUserFilter) to context scm
2019-07-31 00:26:16,793 INFO  http.HttpServer2 (HttpServer2.java:addFilter(958)) - Added filter static_user_filter (class=org.apache.hadoop.http.lib.StaticUserWebFilter$StaticUserFilter) to context logs
2019-07-31 00:26:16,794 INFO  http.HttpServer2 (HttpServer2.java:addFilter(958)) - Added filter static_user_filter (class=org.apache.hadoop.http.lib.StaticUserWebFilter$StaticUserFilter) to context static
2019-07-31 00:26:16,796 INFO  server.StorageContainerManager (StorageContainerManager.java:start(758)) - StorageContainerLocationProtocol RPC server is listening at /0.0.0.0:39266
2019-07-31 00:26:16,799 WARN  impl.MetricsConfig (MetricsConfig.java:loadFirst(134)) - Cannot locate configuration: tried hadoop-metrics2-storagecontainermanager.properties,hadoop-metrics2.properties
2019-07-31 00:26:16,802 INFO  impl.MetricsSystemImpl (MetricsSystemImpl.java:startTimer(374)) - Scheduled Metric snapshot period at 10 second(s).
2019-07-31 00:26:16,802 INFO  impl.MetricsSystemImpl (MetricsSystemImpl.java:start(191)) - StorageContainerManager metrics system started
2019-07-31 00:26:16,860 INFO  server.SCMClientProtocolServer (SCMClientProtocolServer.java:start(151)) - RPC server for Client  is listening at /0.0.0.0:39266
2019-07-31 00:26:16,860 INFO  ipc.Server (Server.java:run(1314)) - IPC Server Responder: starting
2019-07-31 00:26:16,860 INFO  ipc.Server (Server.java:run(1153)) - IPC Server listener on 39266: starting
2019-07-31 00:26:16,864 INFO  server.StorageContainerManager (StorageContainerManager.java:start(768)) - ScmBlockLocationProtocol RPC server is listening at /0.0.0.0:33888
2019-07-31 00:26:16,865 INFO  server.SCMBlockProtocolServer (SCMBlockProtocolServer.java:start(140)) - RPC server for Block Protocol is listening at /0.0.0.0:33888
2019-07-31 00:26:16,865 INFO  ipc.Server (Server.java:run(1153)) - IPC Server listener on 33888: starting
2019-07-31 00:26:16,865 INFO  ipc.Server (Server.java:run(1314)) - IPC Server Responder: starting
2019-07-31 00:26:16,868 INFO  server.StorageContainerManager (StorageContainerManager.java:start(772)) - ScmDatanodeProtocl RPC server is listening at /0.0.0.0:39513
2019-07-31 00:26:16,869 INFO  server.SCMDatanodeProtocolServer (SCMDatanodeProtocolServer.java:start(191)) - RPC server for DataNodes is listening at /0.0.0.0:39513
2019-07-31 00:26:16,869 INFO  ipc.Server (Server.java:run(1314)) - IPC Server Responder: starting
2019-07-31 00:26:16,869 INFO  ipc.Server (Server.java:run(1153)) - IPC Server listener on 39513: starting
2019-07-31 00:26:16,873 INFO  http.HttpServer2 (HttpServer2.java:bindListener(1191)) - Jetty bound to port 42299
2019-07-31 00:26:16,873 INFO  server.Server (Server.java:doStart(351)) - jetty-9.3.24.v20180605, build timestamp: 2018-06-05T17:11:56Z, git hash: 84205aa28f11a4f31f2a3b86d1bba2cc8ab69827
2019-07-31 00:26:16,875 INFO  handler.ContextHandler (ContextHandler.java:doStart(781)) - Started o.e.j.s.ServletContextHandler@77307b51{/logs,file:///workdir/hadoop-ozone/integration-test/target/log,AVAILABLE}
2019-07-31 00:26:16,876 INFO  handler.ContextHandler (ContextHandler.java:doStart(781)) - Started o.e.j.s.ServletContextHandler@1e14b269{/static,file:///workdir/hadoop-ozone/integration-test/target/test-classes/webapps/static,AVAILABLE}
2019-07-31 00:26:16,879 INFO  handler.ContextHandler (ContextHandler.java:doStart(781)) - Started o.e.j.w.WebAppContext@61ca5134{/,file:///workdir/hadoop-ozone/integration-test/target/test-classes/webapps/scm/,AVAILABLE}{/scm}
2019-07-31 00:26:16,880 INFO  server.AbstractConnector (AbstractConnector.java:doStart(278)) - Started ServerConnector@7204d98f{HTTP/1.1,[http/1.1]}{0.0.0.0:42299}
2019-07-31 00:26:16,880 INFO  server.Server (Server.java:doStart(419)) - Started @122439ms
2019-07-31 00:26:16,881 INFO  server.BaseHttpServer (BaseHttpServer.java:updateConnectorAddress(207)) - HTTP server of SCM is listening at http://0.0.0.0:42299
2019-07-31 00:26:16,882 WARN  server.ServerUtils (ServerUtils.java:getDBPath(222)) - ozone.om.db.dirs is not configured. We recommend adding this setting. Falling back to ozone.metadata.dirs instead.
2019-07-31 00:26:16,883 INFO  util.JvmPauseMonitor (JvmPauseMonitor.java:run(188)) - Starting JVM pause monitor
2019-07-31 00:26:16,896 WARN  server.ServerUtils (ServerUtils.java:getDBPath(222)) - ozone.om.db.dirs is not configured. We recommend adding this setting. Falling back to ozone.metadata.dirs instead.
2019-07-31 00:26:16,897 WARN  server.ServerUtils (ServerUtils.java:getDBPath(222)) - ozone.om.db.dirs is not configured. We recommend adding this setting. Falling back to ozone.metadata.dirs instead.
2019-07-31 00:26:16,897 INFO  om.OzoneManager (OzoneManager.java:setOMNodeDetails(644)) - OM Service ID is not set. Setting it to the default ID: omServiceIdDefault
2019-07-31 00:26:16,897 INFO  om.OzoneManager (OzoneManager.java:setOMNodeDetails(650)) - OM Node ID is not set. Setting it to the OmStorage's OmID: e67f727d-36b5-489e-8f0c-e4bf4f4064bb
2019-07-31 00:26:16,897 INFO  om.OzoneManager (OzoneManager.java:loadOMHAConfigs(601)) - Found matching OM address with OMServiceId: null, OMNodeId: null, RPC Address: localhost:0 and Ratis port: 9872
2019-07-31 00:26:16,904 WARN  server.ServerUtils (ServerUtils.java:getDBPath(222)) - ozone.om.db.dirs is not configured. We recommend adding this setting. Falling back to ozone.metadata.dirs instead.
2019-07-31 00:26:16,905 INFO  db.DBStoreBuilder (DBStoreBuilder.java:addTable(110)) - using custom profile for table: userTable
2019-07-31 00:26:16,905 INFO  db.DBStoreBuilder (DBStoreBuilder.java:processTables(161)) - Using default column profile:DBProfile.DISK for Table:userTable
2019-07-31 00:26:16,905 INFO  db.DBStoreBuilder (DBStoreBuilder.java:addTable(110)) - using custom profile for table: volumeTable
2019-07-31 00:26:16,906 INFO  db.DBStoreBuilder (DBStoreBuilder.java:processTables(161)) - Using default column profile:DBProfile.DISK for Table:volumeTable
2019-07-31 00:26:16,906 INFO  db.DBStoreBuilder (DBStoreBuilder.java:addTable(110)) - using custom profile for table: bucketTable
2019-07-31 00:26:16,906 INFO  db.DBStoreBuilder (DBStoreBuilder.java:processTables(161)) - Using default column profile:DBProfile.DISK for Table:bucketTable
2019-07-31 00:26:16,907 INFO  db.DBStoreBuilder (DBStoreBuilder.java:addTable(110)) - using custom profile for table: keyTable
2019-07-31 00:26:16,907 INFO  db.DBStoreBuilder (DBStoreBuilder.java:processTables(161)) - Using default column profile:DBProfile.DISK for Table:keyTable
2019-07-31 00:26:16,907 INFO  db.DBStoreBuilder (DBStoreBuilder.java:addTable(110)) - using custom profile for table: deletedTable
2019-07-31 00:26:16,907 INFO  db.DBStoreBuilder (DBStoreBuilder.java:processTables(161)) - Using default column profile:DBProfile.DISK for Table:deletedTable
2019-07-31 00:26:16,908 INFO  db.DBStoreBuilder (DBStoreBuilder.java:addTable(110)) - using custom profile for table: openKeyTable
2019-07-31 00:26:16,908 INFO  db.DBStoreBuilder (DBStoreBuilder.java:processTables(161)) - Using default column profile:DBProfile.DISK for Table:openKeyTable
2019-07-31 00:26:16,908 INFO  db.DBStoreBuilder (DBStoreBuilder.java:addTable(110)) - using custom profile for table: s3Table
2019-07-31 00:26:16,908 INFO  db.DBStoreBuilder (DBStoreBuilder.java:processTables(161)) - Using default column profile:DBProfile.DISK for Table:s3Table
2019-07-31 00:26:16,908 INFO  db.DBStoreBuilder (DBStoreBuilder.java:addTable(110)) - using custom profile for table: multipartInfoTable
2019-07-31 00:26:16,909 INFO  db.DBStoreBuilder (DBStoreBuilder.java:processTables(161)) - Using default column profile:DBProfile.DISK for Table:multipartInfoTable
2019-07-31 00:26:16,909 INFO  db.DBStoreBuilder (DBStoreBuilder.java:addTable(110)) - using custom profile for table: dTokenTable
2019-07-31 00:26:16,909 INFO  db.DBStoreBuilder (DBStoreBuilder.java:processTables(161)) - Using default column profile:DBProfile.DISK for Table:dTokenTable
2019-07-31 00:26:16,909 INFO  db.DBStoreBuilder (DBStoreBuilder.java:addTable(110)) - using custom profile for table: s3SecretTable
2019-07-31 00:26:16,910 INFO  db.DBStoreBuilder (DBStoreBuilder.java:processTables(161)) - Using default column profile:DBProfile.DISK for Table:s3SecretTable
2019-07-31 00:26:16,910 INFO  db.DBStoreBuilder (DBStoreBuilder.java:addTable(110)) - using custom profile for table: prefixTable
2019-07-31 00:26:16,910 INFO  db.DBStoreBuilder (DBStoreBuilder.java:processTables(161)) - Using default column profile:DBProfile.DISK for Table:prefixTable
2019-07-31 00:26:16,910 INFO  db.DBStoreBuilder (DBStoreBuilder.java:addTable(110)) - using custom profile for table: default
2019-07-31 00:26:16,911 INFO  db.DBStoreBuilder (DBStoreBuilder.java:processTables(167)) - Using default column profile:DBProfile.DISK for Table:default
2019-07-31 00:26:16,911 INFO  db.DBStoreBuilder (DBStoreBuilder.java:getDbProfile(198)) - Using default options. DBProfile.DISK
2019-07-31 00:26:17,473 INFO  ipc.CallQueueManager (CallQueueManager.java:<init>(84)) - Using callQueue: class java.util.concurrent.LinkedBlockingQueue, queueCapacity: 2000, scheduler: class org.apache.hadoop.ipc.DefaultRpcScheduler, ipcBackoff: false.
2019-07-31 00:26:17,474 INFO  ipc.Server (Server.java:run(1074)) - Starting Socket Reader #1 for port 46782
2019-07-31 00:26:17,488 INFO  om.OzoneManager (OzoneManager.java:start(1255)) - OzoneManager RPC server is listening at localhost/127.0.0.1:46782
2019-07-31 00:26:17,488 INFO  impl.MetricsSystemImpl (MetricsSystemImpl.java:init(158)) - OzoneManager metrics system started (again)
2019-07-31 00:26:17,489 INFO  ipc.Server (Server.java:run(1314)) - IPC Server Responder: starting
2019-07-31 00:26:17,489 INFO  ipc.Server (Server.java:run(1153)) - IPC Server listener on 46782: starting
2019-07-31 00:26:17,497 INFO  hdfs.DFSUtil (DFSUtil.java:httpServerTemplateForNNAndJN(1641)) - Starting Web-server for ozoneManager at: http://0.0.0.0:0
2019-07-31 00:26:17,499 INFO  server.AuthenticationFilter (AuthenticationFilter.java:constructSecretProvider(240)) - Unable to initialize FileSignerSecretProvider, falling back to use random secrets.
2019-07-31 00:26:17,499 WARN  http.HttpRequestLog (HttpRequestLog.java:getRequestLog(97)) - Jetty request log can only be enabled using Log4j
2019-07-31 00:26:17,501 INFO  http.HttpServer2 (HttpServer2.java:addGlobalFilter(975)) - Added global filter 'safety' (class=org.apache.hadoop.http.HttpServer2$QuotingInputFilter)
2019-07-31 00:26:17,501 INFO  http.HttpServer2 (HttpServer2.java:addFilter(948)) - Added filter static_user_filter (class=org.apache.hadoop.http.lib.StaticUserWebFilter$StaticUserFilter) to context ozoneManager
2019-07-31 00:26:17,501 INFO  http.HttpServer2 (HttpServer2.java:addFilter(958)) - Added filter static_user_filter (class=org.apache.hadoop.http.lib.StaticUserWebFilter$StaticUserFilter) to context static
2019-07-31 00:26:17,501 INFO  http.HttpServer2 (HttpServer2.java:addFilter(958)) - Added filter static_user_filter (class=org.apache.hadoop.http.lib.StaticUserWebFilter$StaticUserFilter) to context logs
2019-07-31 00:26:17,502 INFO  http.HttpServer2 (HttpServer2.java:bindListener(1191)) - Jetty bound to port 35582
2019-07-31 00:26:17,502 INFO  server.Server (Server.java:doStart(351)) - jetty-9.3.24.v20180605, build timestamp: 2018-06-05T17:11:56Z, git hash: 84205aa28f11a4f31f2a3b86d1bba2cc8ab69827
2019-07-31 00:26:17,504 INFO  handler.ContextHandler (ContextHandler.java:doStart(781)) - Started o.e.j.s.ServletContextHandler@69a294d8{/logs,file:///workdir/hadoop-ozone/integration-test/target/log,AVAILABLE}
2019-07-31 00:26:17,505 INFO  handler.ContextHandler (ContextHandler.java:doStart(781)) - Started o.e.j.s.ServletContextHandler@11d422fd{/static,file:///workdir/hadoop-ozone/integration-test/target/test-classes/webapps/static,AVAILABLE}
2019-07-31 00:26:17,509 INFO  handler.ContextHandler (ContextHandler.java:doStart(781)) - Started o.e.j.w.WebAppContext@73c09a98{/,file:///workdir/hadoop-ozone/integration-test/target/test-classes/webapps/ozoneManager/,AVAILABLE}{/ozoneManager}
2019-07-31 00:26:17,509 INFO  server.AbstractConnector (AbstractConnector.java:doStart(278)) - Started ServerConnector@6f2bf657{HTTP/1.1,[http/1.1]}{0.0.0.0:35582}
2019-07-31 00:26:17,511 INFO  server.Server (Server.java:doStart(419)) - Started @123070ms
2019-07-31 00:26:17,511 INFO  server.BaseHttpServer (BaseHttpServer.java:updateConnectorAddress(207)) - HTTP server of OZONEMANAGER is listening at http://0.0.0.0:35582
2019-07-31 00:26:17,524 INFO  impl.MetricsSystemImpl (MetricsSystemImpl.java:init(158)) - HddsDatanode metrics system started (again)
2019-07-31 00:26:17,526 INFO  ozone.HddsDatanodeService (HddsDatanodeService.java:start(184)) - HddsDatanodeService host:byscane-nightly-8jrs9-2386324885 ip:192.168.69.114
2019-07-31 00:26:17,540 INFO  volume.HddsVolume (HddsVolume.java:<init>(176)) - Creating Volume: /workdir/hadoop-ozone/integration-test/target/test-dir/MiniOzoneClusterImpl-13a63858-ce33-4116-bb88-f0b17f8ea069/datanode-0/data/containers/hdds of  storage type : DISK and capacity : 52710309888
2019-07-31 00:26:17,540 INFO  volume.VolumeSet (VolumeSet.java:initializeVolumeSet(170)) - Added Volume : /workdir/hadoop-ozone/integration-test/target/test-dir/MiniOzoneClusterImpl-13a63858-ce33-4116-bb88-f0b17f8ea069/datanode-0/data/containers/hdds to VolumeSet
2019-07-31 00:26:17,540 INFO  volume.ThrottledAsyncChecker (ThrottledAsyncChecker.java:schedule(140)) - Scheduling a check for org.apache.hadoop.ozone.container.common.volume.HddsVolume@319058ce
2019-07-31 00:26:17,541 INFO  volume.HddsVolumeChecker (HddsVolumeChecker.java:checkAllVolumes(203)) - Scheduled health check for volume org.apache.hadoop.ozone.container.common.volume.HddsVolume@319058ce
2019-07-31 00:26:17,555 INFO  impl.RaftServerProxy (ConfUtils.java:logGet(43)) - raft.rpc.type = GRPC (default)
2019-07-31 00:26:17,555 INFO  grpc.GrpcFactory (GrpcFactory.java:checkPooledByteBufAllocatorUseCacheForAllThreads(45)) - PERFORMANCE WARNING: useCacheForAllThreads is true that may cause Netty to create a lot garbage objects and, as a result, trigger GC.
	It is recommended to disable useCacheForAllThreads by setting -Dorg.apache.ratis.thirdparty.io.netty.allocator.useCacheForAllThreads=false in command line.
2019-07-31 00:26:17,555 INFO  grpc.GrpcConfigKeys$Server (ConfUtils.java:logGet(43)) - raft.grpc.server.port = 0 (default)
2019-07-31 00:26:17,556 INFO  server.GrpcService (ConfUtils.java:logGet(43)) - raft.grpc.message.size.max = 33570816 (custom)
2019-07-31 00:26:17,556 INFO  server.RaftServerConfigKeys (ConfUtils.java:logGet(43)) - raft.server.log.appender.buffer.byte-limit = 33554432 (custom)
2019-07-31 00:26:17,556 INFO  server.GrpcService (ConfUtils.java:logGet(43)) - raft.grpc.flow.control.window = 1MB (=1048576) (default)
2019-07-31 00:26:17,556 INFO  server.RaftServerConfigKeys (ConfUtils.java:logGet(43)) - raft.server.rpc.request.timeout = 3000ms (default)
2019-07-31 00:26:17,557 INFO  server.RaftServerConfigKeys (ConfUtils.java:logGet(43)) - raft.server.storage.dir = [/workdir/hadoop-ozone/integration-test/target/test-dir/MiniOzoneClusterImpl-13a63858-ce33-4116-bb88-f0b17f8ea069/datanode-0/data/ratis] (custom)
2019-07-31 00:26:17,557 INFO  replication.SimpleContainerDownloader (SimpleContainerDownloader.java:<init>(72)) - Starting container downloader service to copy containers to replicate.
2019-07-31 00:26:17,559 INFO  hdfs.DFSUtil (DFSUtil.java:httpServerTemplateForNNAndJN(1641)) - Starting Web-server for hddsDatanode at: http://0.0.0.0:0
2019-07-31 00:26:17,560 INFO  server.AuthenticationFilter (AuthenticationFilter.java:constructSecretProvider(240)) - Unable to initialize FileSignerSecretProvider, falling back to use random secrets.
2019-07-31 00:26:17,560 WARN  http.HttpRequestLog (HttpRequestLog.java:getRequestLog(97)) - Jetty request log can only be enabled using Log4j
2019-07-31 00:26:17,561 INFO  http.HttpServer2 (HttpServer2.java:addGlobalFilter(975)) - Added global filter 'safety' (class=org.apache.hadoop.http.HttpServer2$QuotingInputFilter)
2019-07-31 00:26:17,562 INFO  http.HttpServer2 (HttpServer2.java:addFilter(948)) - Added filter static_user_filter (class=org.apache.hadoop.http.lib.StaticUserWebFilter$StaticUserFilter) to context hddsDatanode
2019-07-31 00:26:17,562 INFO  http.HttpServer2 (HttpServer2.java:addFilter(958)) - Added filter static_user_filter (class=org.apache.hadoop.http.lib.StaticUserWebFilter$StaticUserFilter) to context logs
2019-07-31 00:26:17,562 INFO  http.HttpServer2 (HttpServer2.java:addFilter(958)) - Added filter static_user_filter (class=org.apache.hadoop.http.lib.StaticUserWebFilter$StaticUserFilter) to context static
2019-07-31 00:26:17,563 INFO  http.HttpServer2 (HttpServer2.java:bindListener(1191)) - Jetty bound to port 42901
2019-07-31 00:26:17,563 INFO  server.Server (Server.java:doStart(351)) - jetty-9.3.24.v20180605, build timestamp: 2018-06-05T17:11:56Z, git hash: 84205aa28f11a4f31f2a3b86d1bba2cc8ab69827
2019-07-31 00:26:17,565 INFO  handler.ContextHandler (ContextHandler.java:doStart(781)) - Started o.e.j.s.ServletContextHandler@5b324447{/logs,file:///workdir/hadoop-ozone/integration-test/target/log,AVAILABLE}
2019-07-31 00:26:17,565 INFO  handler.ContextHandler (ContextHandler.java:doStart(781)) - Started o.e.j.s.ServletContextHandler@47994b51{/static,jar:file:/home/user/.m2/repository/org/apache/hadoop/hadoop-hdds-container-service/0.4.1-SNAPSHOT/hadoop-hdds-container-service-0.4.1-SNAPSHOT.jar!/webapps/static,AVAILABLE}
2019-07-31 00:26:17,592 INFO  handler.ContextHandler (ContextHandler.java:doStart(781)) - Started o.e.j.w.WebAppContext@293ecff6{/,file:///tmp/jetty-0.0.0.0-42901-hddsDatanode-_-any-9140236881940600634.dir/webapp/,AVAILABLE}{/hddsDatanode}
2019-07-31 00:26:17,592 INFO  server.AbstractConnector (AbstractConnector.java:doStart(278)) - Started ServerConnector@70eb94d7{HTTP/1.1,[http/1.1]}{0.0.0.0:42901}
2019-07-31 00:26:17,593 INFO  server.Server (Server.java:doStart(419)) - Started @123152ms
2019-07-31 00:26:17,594 INFO  server.BaseHttpServer (BaseHttpServer.java:updateConnectorAddress(207)) - HTTP server of HDDSDATANODE is listening at http://0.0.0.0:42901
2019-07-31 00:26:17,698 INFO  ozone.HddsDatanodeService (HddsDatanodeService.java:startPlugins(395)) - Started plug-in org.apache.hadoop.ozone.web.OzoneHddsDatanodeService@1c382179
2019-07-31 00:26:17,698 INFO  impl.MetricsSystemImpl (MetricsSystemImpl.java:init(158)) - HddsDatanode metrics system started (again)
2019-07-31 00:26:17,703 INFO  ozone.HddsDatanodeService (HddsDatanodeService.java:start(184)) - HddsDatanodeService host:byscane-nightly-8jrs9-2386324885 ip:192.168.69.114
2019-07-31 00:26:17,703 INFO  util.JvmPauseMonitor (JvmPauseMonitor.java:run(188)) - Starting JVM pause monitor
2019-07-31 00:26:17,705 INFO  datanode.InitDatanodeState (InitDatanodeState.java:persistContainerDatanodeDetails(140)) - DatanodeDetails is persisted to /workdir/hadoop-ozone/integration-test/target/test-dir/MiniOzoneClusterImpl-13a63858-ce33-4116-bb88-f0b17f8ea069/datanode-0/meta/datanode.id
2019-07-31 00:26:17,711 INFO  volume.HddsVolume (HddsVolume.java:<init>(176)) - Creating Volume: /workdir/hadoop-ozone/integration-test/target/test-dir/MiniOzoneClusterImpl-13a63858-ce33-4116-bb88-f0b17f8ea069/datanode-1/data/containers/hdds of  storage type : DISK and capacity : 52710309888
2019-07-31 00:26:17,711 INFO  volume.VolumeSet (VolumeSet.java:initializeVolumeSet(170)) - Added Volume : /workdir/hadoop-ozone/integration-test/target/test-dir/MiniOzoneClusterImpl-13a63858-ce33-4116-bb88-f0b17f8ea069/datanode-1/data/containers/hdds to VolumeSet
2019-07-31 00:26:17,712 INFO  volume.ThrottledAsyncChecker (ThrottledAsyncChecker.java:schedule(140)) - Scheduling a check for org.apache.hadoop.ozone.container.common.volume.HddsVolume@5c03eb4e
2019-07-31 00:26:17,712 INFO  volume.HddsVolumeChecker (HddsVolumeChecker.java:checkAllVolumes(203)) - Scheduled health check for volume org.apache.hadoop.ozone.container.common.volume.HddsVolume@5c03eb4e
2019-07-31 00:26:17,725 INFO  impl.RaftServerProxy (ConfUtils.java:logGet(43)) - raft.rpc.type = GRPC (default)
2019-07-31 00:26:17,725 INFO  grpc.GrpcFactory (GrpcFactory.java:checkPooledByteBufAllocatorUseCacheForAllThreads(45)) - PERFORMANCE WARNING: useCacheForAllThreads is true that may cause Netty to create a lot garbage objects and, as a result, trigger GC.
	It is recommended to disable useCacheForAllThreads by setting -Dorg.apache.ratis.thirdparty.io.netty.allocator.useCacheForAllThreads=false in command line.
2019-07-31 00:26:17,725 INFO  grpc.GrpcConfigKeys$Server (ConfUtils.java:logGet(43)) - raft.grpc.server.port = 0 (default)
2019-07-31 00:26:17,725 INFO  server.GrpcService (ConfUtils.java:logGet(43)) - raft.grpc.message.size.max = 33570816 (custom)
2019-07-31 00:26:17,726 INFO  server.RaftServerConfigKeys (ConfUtils.java:logGet(43)) - raft.server.log.appender.buffer.byte-limit = 33554432 (custom)
2019-07-31 00:26:17,726 INFO  server.GrpcService (ConfUtils.java:logGet(43)) - raft.grpc.flow.control.window = 1MB (=1048576) (default)
2019-07-31 00:26:17,726 INFO  server.RaftServerConfigKeys (ConfUtils.java:logGet(43)) - raft.server.rpc.request.timeout = 3000ms (default)
2019-07-31 00:26:17,726 INFO  server.RaftServerConfigKeys (ConfUtils.java:logGet(43)) - raft.server.storage.dir = [/workdir/hadoop-ozone/integration-test/target/test-dir/MiniOzoneClusterImpl-13a63858-ce33-4116-bb88-f0b17f8ea069/datanode-1/data/ratis] (custom)
2019-07-31 00:26:17,727 INFO  replication.SimpleContainerDownloader (SimpleContainerDownloader.java:<init>(72)) - Starting container downloader service to copy containers to replicate.
2019-07-31 00:26:17,728 INFO  hdfs.DFSUtil (DFSUtil.java:httpServerTemplateForNNAndJN(1641)) - Starting Web-server for hddsDatanode at: http://0.0.0.0:0
2019-07-31 00:26:17,729 INFO  server.AuthenticationFilter (AuthenticationFilter.java:constructSecretProvider(240)) - Unable to initialize FileSignerSecretProvider, falling back to use random secrets.
2019-07-31 00:26:17,729 WARN  http.HttpRequestLog (HttpRequestLog.java:getRequestLog(97)) - Jetty request log can only be enabled using Log4j
2019-07-31 00:26:17,730 INFO  http.HttpServer2 (HttpServer2.java:addGlobalFilter(975)) - Added global filter 'safety' (class=org.apache.hadoop.http.HttpServer2$QuotingInputFilter)
2019-07-31 00:26:17,731 INFO  http.HttpServer2 (HttpServer2.java:addFilter(948)) - Added filter static_user_filter (class=org.apache.hadoop.http.lib.StaticUserWebFilter$StaticUserFilter) to context hddsDatanode
2019-07-31 00:26:17,731 INFO  http.HttpServer2 (HttpServer2.java:addFilter(958)) - Added filter static_user_filter (class=org.apache.hadoop.http.lib.StaticUserWebFilter$StaticUserFilter) to context logs
2019-07-31 00:26:17,731 INFO  http.HttpServer2 (HttpServer2.java:addFilter(958)) - Added filter static_user_filter (class=org.apache.hadoop.http.lib.StaticUserWebFilter$StaticUserFilter) to context static
2019-07-31 00:26:17,732 INFO  http.HttpServer2 (HttpServer2.java:bindListener(1191)) - Jetty bound to port 45126
2019-07-31 00:26:17,732 INFO  server.Server (Server.java:doStart(351)) - jetty-9.3.24.v20180605, build timestamp: 2018-06-05T17:11:56Z, git hash: 84205aa28f11a4f31f2a3b86d1bba2cc8ab69827
2019-07-31 00:26:17,734 INFO  handler.ContextHandler (ContextHandler.java:doStart(781)) - Started o.e.j.s.ServletContextHandler@66d6e50b{/logs,file:///workdir/hadoop-ozone/integration-test/target/log,AVAILABLE}
2019-07-31 00:26:17,734 INFO  handler.ContextHandler (ContextHandler.java:doStart(781)) - Started o.e.j.s.ServletContextHandler@1f95158a{/static,jar:file:/home/user/.m2/repository/org/apache/hadoop/hadoop-hdds-container-service/0.4.1-SNAPSHOT/hadoop-hdds-container-service-0.4.1-SNAPSHOT.jar!/webapps/static,AVAILABLE}
2019-07-31 00:26:17,761 INFO  handler.ContextHandler (ContextHandler.java:doStart(781)) - Started o.e.j.w.WebAppContext@7fd32c56{/,file:///tmp/jetty-0.0.0.0-45126-hddsDatanode-_-any-5601102248891142698.dir/webapp/,AVAILABLE}{/hddsDatanode}
2019-07-31 00:26:17,761 INFO  server.AbstractConnector (AbstractConnector.java:doStart(278)) - Started ServerConnector@b04a6a4{HTTP/1.1,[http/1.1]}{0.0.0.0:45126}
2019-07-31 00:26:17,762 INFO  server.Server (Server.java:doStart(419)) - Started @123321ms
2019-07-31 00:26:17,763 INFO  server.BaseHttpServer (BaseHttpServer.java:updateConnectorAddress(207)) - HTTP server of HDDSDATANODE is listening at http://0.0.0.0:45126
2019-07-31 00:26:17,881 INFO  ozone.HddsDatanodeService (HddsDatanodeService.java:startPlugins(395)) - Started plug-in org.apache.hadoop.ozone.web.OzoneHddsDatanodeService@57f83c82
2019-07-31 00:26:17,881 INFO  impl.MetricsSystemImpl (MetricsSystemImpl.java:init(158)) - HddsDatanode metrics system started (again)
2019-07-31 00:26:17,885 INFO  ozone.HddsDatanodeService (HddsDatanodeService.java:start(184)) - HddsDatanodeService host:byscane-nightly-8jrs9-2386324885 ip:192.168.69.114
2019-07-31 00:26:17,885 INFO  util.JvmPauseMonitor (JvmPauseMonitor.java:run(188)) - Starting JVM pause monitor
2019-07-31 00:26:17,887 INFO  datanode.InitDatanodeState (InitDatanodeState.java:persistContainerDatanodeDetails(140)) - DatanodeDetails is persisted to /workdir/hadoop-ozone/integration-test/target/test-dir/MiniOzoneClusterImpl-13a63858-ce33-4116-bb88-f0b17f8ea069/datanode-1/meta/datanode.id
2019-07-31 00:26:17,894 INFO  volume.HddsVolume (HddsVolume.java:<init>(176)) - Creating Volume: /workdir/hadoop-ozone/integration-test/target/test-dir/MiniOzoneClusterImpl-13a63858-ce33-4116-bb88-f0b17f8ea069/datanode-2/data/containers/hdds of  storage type : DISK and capacity : 52710309888
2019-07-31 00:26:17,894 INFO  volume.VolumeSet (VolumeSet.java:initializeVolumeSet(170)) - Added Volume : /workdir/hadoop-ozone/integration-test/target/test-dir/MiniOzoneClusterImpl-13a63858-ce33-4116-bb88-f0b17f8ea069/datanode-2/data/containers/hdds to VolumeSet
2019-07-31 00:26:17,894 INFO  volume.ThrottledAsyncChecker (ThrottledAsyncChecker.java:schedule(140)) - Scheduling a check for org.apache.hadoop.ozone.container.common.volume.HddsVolume@658098a2
2019-07-31 00:26:17,895 INFO  volume.HddsVolumeChecker (HddsVolumeChecker.java:checkAllVolumes(203)) - Scheduled health check for volume org.apache.hadoop.ozone.container.common.volume.HddsVolume@658098a2
2019-07-31 00:26:17,910 INFO  impl.RaftServerProxy (ConfUtils.java:logGet(43)) - raft.rpc.type = GRPC (default)
2019-07-31 00:26:17,910 INFO  grpc.GrpcFactory (GrpcFactory.java:checkPooledByteBufAllocatorUseCacheForAllThreads(45)) - PERFORMANCE WARNING: useCacheForAllThreads is true that may cause Netty to create a lot garbage objects and, as a result, trigger GC.
	It is recommended to disable useCacheForAllThreads by setting -Dorg.apache.ratis.thirdparty.io.netty.allocator.useCacheForAllThreads=false in command line.
2019-07-31 00:26:17,910 INFO  grpc.GrpcConfigKeys$Server (ConfUtils.java:logGet(43)) - raft.grpc.server.port = 0 (default)
2019-07-31 00:26:17,911 INFO  server.GrpcService (ConfUtils.java:logGet(43)) - raft.grpc.message.size.max = 33570816 (custom)
2019-07-31 00:26:17,911 INFO  server.RaftServerConfigKeys (ConfUtils.java:logGet(43)) - raft.server.log.appender.buffer.byte-limit = 33554432 (custom)
2019-07-31 00:26:17,911 INFO  server.GrpcService (ConfUtils.java:logGet(43)) - raft.grpc.flow.control.window = 1MB (=1048576) (default)
2019-07-31 00:26:17,911 INFO  server.RaftServerConfigKeys (ConfUtils.java:logGet(43)) - raft.server.rpc.request.timeout = 3000ms (default)
2019-07-31 00:26:17,912 INFO  server.RaftServerConfigKeys (ConfUtils.java:logGet(43)) - raft.server.storage.dir = [/workdir/hadoop-ozone/integration-test/target/test-dir/MiniOzoneClusterImpl-13a63858-ce33-4116-bb88-f0b17f8ea069/datanode-2/data/ratis] (custom)
2019-07-31 00:26:17,912 INFO  replication.SimpleContainerDownloader (SimpleContainerDownloader.java:<init>(72)) - Starting container downloader service to copy containers to replicate.
2019-07-31 00:26:17,913 INFO  hdfs.DFSUtil (DFSUtil.java:httpServerTemplateForNNAndJN(1641)) - Starting Web-server for hddsDatanode at: http://0.0.0.0:0
2019-07-31 00:26:17,914 INFO  server.AuthenticationFilter (AuthenticationFilter.java:constructSecretProvider(240)) - Unable to initialize FileSignerSecretProvider, falling back to use random secrets.
2019-07-31 00:26:17,915 WARN  http.HttpRequestLog (HttpRequestLog.java:getRequestLog(97)) - Jetty request log can only be enabled using Log4j
2019-07-31 00:26:17,916 INFO  http.HttpServer2 (HttpServer2.java:addGlobalFilter(975)) - Added global filter 'safety' (class=org.apache.hadoop.http.HttpServer2$QuotingInputFilter)
2019-07-31 00:26:17,916 INFO  http.HttpServer2 (HttpServer2.java:addFilter(948)) - Added filter static_user_filter (class=org.apache.hadoop.http.lib.StaticUserWebFilter$StaticUserFilter) to context hddsDatanode
2019-07-31 00:26:17,916 INFO  http.HttpServer2 (HttpServer2.java:addFilter(958)) - Added filter static_user_filter (class=org.apache.hadoop.http.lib.StaticUserWebFilter$StaticUserFilter) to context static
2019-07-31 00:26:17,917 INFO  http.HttpServer2 (HttpServer2.java:addFilter(958)) - Added filter static_user_filter (class=org.apache.hadoop.http.lib.StaticUserWebFilter$StaticUserFilter) to context logs
2019-07-31 00:26:17,917 INFO  http.HttpServer2 (HttpServer2.java:bindListener(1191)) - Jetty bound to port 36713
2019-07-31 00:26:17,917 INFO  server.Server (Server.java:doStart(351)) - jetty-9.3.24.v20180605, build timestamp: 2018-06-05T17:11:56Z, git hash: 84205aa28f11a4f31f2a3b86d1bba2cc8ab69827
2019-07-31 00:26:17,919 INFO  handler.ContextHandler (ContextHandler.java:doStart(781)) - Started o.e.j.s.ServletContextHandler@4bac0be5{/logs,file:///workdir/hadoop-ozone/integration-test/target/log,AVAILABLE}
2019-07-31 00:26:17,919 INFO  handler.ContextHandler (ContextHandler.java:doStart(781)) - Started o.e.j.s.ServletContextHandler@2a349a73{/static,jar:file:/home/user/.m2/repository/org/apache/hadoop/hadoop-hdds-container-service/0.4.1-SNAPSHOT/hadoop-hdds-container-service-0.4.1-SNAPSHOT.jar!/webapps/static,AVAILABLE}
2019-07-31 00:26:17,946 INFO  handler.ContextHandler (ContextHandler.java:doStart(781)) - Started o.e.j.w.WebAppContext@7fc5a558{/,file:///tmp/jetty-0.0.0.0-36713-hddsDatanode-_-any-3434129056910274873.dir/webapp/,AVAILABLE}{/hddsDatanode}
2019-07-31 00:26:17,946 INFO  server.AbstractConnector (AbstractConnector.java:doStart(278)) - Started ServerConnector@42fd8f2f{HTTP/1.1,[http/1.1]}{0.0.0.0:36713}
2019-07-31 00:26:17,948 INFO  server.Server (Server.java:doStart(419)) - Started @123507ms
2019-07-31 00:26:17,949 INFO  server.BaseHttpServer (BaseHttpServer.java:updateConnectorAddress(207)) - HTTP server of HDDSDATANODE is listening at http://0.0.0.0:36713
2019-07-31 00:26:18,051 INFO  ozone.HddsDatanodeService (HddsDatanodeService.java:startPlugins(395)) - Started plug-in org.apache.hadoop.ozone.web.OzoneHddsDatanodeService@222eda8a
2019-07-31 00:26:18,051 INFO  impl.MetricsSystemImpl (MetricsSystemImpl.java:init(158)) - HddsDatanode metrics system started (again)
2019-07-31 00:26:18,055 INFO  util.JvmPauseMonitor (JvmPauseMonitor.java:run(188)) - Starting JVM pause monitor
2019-07-31 00:26:18,056 INFO  ozone.HddsDatanodeService (HddsDatanodeService.java:start(184)) - HddsDatanodeService host:byscane-nightly-8jrs9-2386324885 ip:192.168.69.114
2019-07-31 00:26:18,056 INFO  datanode.InitDatanodeState (InitDatanodeState.java:persistContainerDatanodeDetails(140)) - DatanodeDetails is persisted to /workdir/hadoop-ozone/integration-test/target/test-dir/MiniOzoneClusterImpl-13a63858-ce33-4116-bb88-f0b17f8ea069/datanode-2/meta/datanode.id
2019-07-31 00:26:18,063 INFO  volume.HddsVolume (HddsVolume.java:<init>(176)) - Creating Volume: /workdir/hadoop-ozone/integration-test/target/test-dir/MiniOzoneClusterImpl-13a63858-ce33-4116-bb88-f0b17f8ea069/datanode-3/data/containers/hdds of  storage type : DISK and capacity : 52710309888
2019-07-31 00:26:18,063 INFO  volume.VolumeSet (VolumeSet.java:initializeVolumeSet(170)) - Added Volume : /workdir/hadoop-ozone/integration-test/target/test-dir/MiniOzoneClusterImpl-13a63858-ce33-4116-bb88-f0b17f8ea069/datanode-3/data/containers/hdds to VolumeSet
2019-07-31 00:26:18,063 INFO  volume.ThrottledAsyncChecker (ThrottledAsyncChecker.java:schedule(140)) - Scheduling a check for org.apache.hadoop.ozone.container.common.volume.HddsVolume@5c0d3715
2019-07-31 00:26:18,064 INFO  volume.HddsVolumeChecker (HddsVolumeChecker.java:checkAllVolumes(203)) - Scheduled health check for volume org.apache.hadoop.ozone.container.common.volume.HddsVolume@5c0d3715
2019-07-31 00:26:18,080 INFO  impl.RaftServerProxy (ConfUtils.java:logGet(43)) - raft.rpc.type = GRPC (default)
2019-07-31 00:26:18,080 INFO  grpc.GrpcFactory (GrpcFactory.java:checkPooledByteBufAllocatorUseCacheForAllThreads(45)) - PERFORMANCE WARNING: useCacheForAllThreads is true that may cause Netty to create a lot garbage objects and, as a result, trigger GC.
	It is recommended to disable useCacheForAllThreads by setting -Dorg.apache.ratis.thirdparty.io.netty.allocator.useCacheForAllThreads=false in command line.
2019-07-31 00:26:18,081 INFO  grpc.GrpcConfigKeys$Server (ConfUtils.java:logGet(43)) - raft.grpc.server.port = 0 (default)
2019-07-31 00:26:18,081 INFO  server.GrpcService (ConfUtils.java:logGet(43)) - raft.grpc.message.size.max = 33570816 (custom)
2019-07-31 00:26:18,081 INFO  server.RaftServerConfigKeys (ConfUtils.java:logGet(43)) - raft.server.log.appender.buffer.byte-limit = 33554432 (custom)
2019-07-31 00:26:18,081 INFO  server.GrpcService (ConfUtils.java:logGet(43)) - raft.grpc.flow.control.window = 1MB (=1048576) (default)
2019-07-31 00:26:18,082 INFO  server.RaftServerConfigKeys (ConfUtils.java:logGet(43)) - raft.server.rpc.request.timeout = 3000ms (default)
2019-07-31 00:26:18,082 INFO  server.RaftServerConfigKeys (ConfUtils.java:logGet(43)) - raft.server.storage.dir = [/workdir/hadoop-ozone/integration-test/target/test-dir/MiniOzoneClusterImpl-13a63858-ce33-4116-bb88-f0b17f8ea069/datanode-3/data/ratis] (custom)
2019-07-31 00:26:18,083 INFO  replication.SimpleContainerDownloader (SimpleContainerDownloader.java:<init>(72)) - Starting container downloader service to copy containers to replicate.
2019-07-31 00:26:18,084 INFO  hdfs.DFSUtil (DFSUtil.java:httpServerTemplateForNNAndJN(1641)) - Starting Web-server for hddsDatanode at: http://0.0.0.0:0
2019-07-31 00:26:18,085 INFO  server.AuthenticationFilter (AuthenticationFilter.java:constructSecretProvider(240)) - Unable to initialize FileSignerSecretProvider, falling back to use random secrets.
2019-07-31 00:26:18,086 WARN  http.HttpRequestLog (HttpRequestLog.java:getRequestLog(97)) - Jetty request log can only be enabled using Log4j
2019-07-31 00:26:18,087 INFO  http.HttpServer2 (HttpServer2.java:addGlobalFilter(975)) - Added global filter 'safety' (class=org.apache.hadoop.http.HttpServer2$QuotingInputFilter)
2019-07-31 00:26:18,087 INFO  http.HttpServer2 (HttpServer2.java:addFilter(948)) - Added filter static_user_filter (class=org.apache.hadoop.http.lib.StaticUserWebFilter$StaticUserFilter) to context hddsDatanode
2019-07-31 00:26:18,087 INFO  http.HttpServer2 (HttpServer2.java:addFilter(958)) - Added filter static_user_filter (class=org.apache.hadoop.http.lib.StaticUserWebFilter$StaticUserFilter) to context logs
2019-07-31 00:26:18,088 INFO  http.HttpServer2 (HttpServer2.java:addFilter(958)) - Added filter static_user_filter (class=org.apache.hadoop.http.lib.StaticUserWebFilter$StaticUserFilter) to context static
2019-07-31 00:26:18,088 INFO  http.HttpServer2 (HttpServer2.java:bindListener(1191)) - Jetty bound to port 34051
2019-07-31 00:26:18,088 INFO  server.Server (Server.java:doStart(351)) - jetty-9.3.24.v20180605, build timestamp: 2018-06-05T17:11:56Z, git hash: 84205aa28f11a4f31f2a3b86d1bba2cc8ab69827
2019-07-31 00:26:18,090 INFO  handler.ContextHandler (ContextHandler.java:doStart(781)) - Started o.e.j.s.ServletContextHandler@7f584d0c{/logs,file:///workdir/hadoop-ozone/integration-test/target/log,AVAILABLE}
2019-07-31 00:26:18,090 INFO  handler.ContextHandler (ContextHandler.java:doStart(781)) - Started o.e.j.s.ServletContextHandler@15fd3088{/static,jar:file:/home/user/.m2/repository/org/apache/hadoop/hadoop-hdds-container-service/0.4.1-SNAPSHOT/hadoop-hdds-container-service-0.4.1-SNAPSHOT.jar!/webapps/static,AVAILABLE}
2019-07-31 00:26:18,117 INFO  handler.ContextHandler (ContextHandler.java:doStart(781)) - Started o.e.j.w.WebAppContext@3d213a2b{/,file:///tmp/jetty-0.0.0.0-34051-hddsDatanode-_-any-5540604672297977323.dir/webapp/,AVAILABLE}{/hddsDatanode}
2019-07-31 00:26:18,118 INFO  server.AbstractConnector (AbstractConnector.java:doStart(278)) - Started ServerConnector@27691ee8{HTTP/1.1,[http/1.1]}{0.0.0.0:34051}
2019-07-31 00:26:18,119 INFO  server.Server (Server.java:doStart(419)) - Started @123678ms
2019-07-31 00:26:18,120 INFO  server.BaseHttpServer (BaseHttpServer.java:updateConnectorAddress(207)) - HTTP server of HDDSDATANODE is listening at http://0.0.0.0:34051
2019-07-31 00:26:18,222 INFO  ozone.HddsDatanodeService (HddsDatanodeService.java:startPlugins(395)) - Started plug-in org.apache.hadoop.ozone.web.OzoneHddsDatanodeService@4acdf6e7
2019-07-31 00:26:18,223 INFO  impl.MetricsSystemImpl (MetricsSystemImpl.java:init(158)) - HddsDatanode metrics system started (again)
2019-07-31 00:26:18,228 INFO  ozone.HddsDatanodeService (HddsDatanodeService.java:start(184)) - HddsDatanodeService host:byscane-nightly-8jrs9-2386324885 ip:192.168.69.114
2019-07-31 00:26:18,228 INFO  util.JvmPauseMonitor (JvmPauseMonitor.java:run(188)) - Starting JVM pause monitor
2019-07-31 00:26:18,230 INFO  datanode.InitDatanodeState (InitDatanodeState.java:persistContainerDatanodeDetails(140)) - DatanodeDetails is persisted to /workdir/hadoop-ozone/integration-test/target/test-dir/MiniOzoneClusterImpl-13a63858-ce33-4116-bb88-f0b17f8ea069/datanode-3/meta/datanode.id
2019-07-31 00:26:18,237 INFO  volume.HddsVolume (HddsVolume.java:<init>(176)) - Creating Volume: /workdir/hadoop-ozone/integration-test/target/test-dir/MiniOzoneClusterImpl-13a63858-ce33-4116-bb88-f0b17f8ea069/datanode-4/data/containers/hdds of  storage type : DISK and capacity : 52710309888
2019-07-31 00:26:18,238 INFO  volume.VolumeSet (VolumeSet.java:initializeVolumeSet(170)) - Added Volume : /workdir/hadoop-ozone/integration-test/target/test-dir/MiniOzoneClusterImpl-13a63858-ce33-4116-bb88-f0b17f8ea069/datanode-4/data/containers/hdds to VolumeSet
2019-07-31 00:26:18,238 INFO  volume.ThrottledAsyncChecker (ThrottledAsyncChecker.java:schedule(140)) - Scheduling a check for org.apache.hadoop.ozone.container.common.volume.HddsVolume@2643ed03
2019-07-31 00:26:18,238 INFO  volume.HddsVolumeChecker (HddsVolumeChecker.java:checkAllVolumes(203)) - Scheduled health check for volume org.apache.hadoop.ozone.container.common.volume.HddsVolume@2643ed03
2019-07-31 00:26:18,252 INFO  impl.RaftServerProxy (ConfUtils.java:logGet(43)) - raft.rpc.type = GRPC (default)
2019-07-31 00:26:18,252 INFO  grpc.GrpcFactory (GrpcFactory.java:checkPooledByteBufAllocatorUseCacheForAllThreads(45)) - PERFORMANCE WARNING: useCacheForAllThreads is true that may cause Netty to create a lot garbage objects and, as a result, trigger GC.
	It is recommended to disable useCacheForAllThreads by setting -Dorg.apache.ratis.thirdparty.io.netty.allocator.useCacheForAllThreads=false in command line.
2019-07-31 00:26:18,253 INFO  grpc.GrpcConfigKeys$Server (ConfUtils.java:logGet(43)) - raft.grpc.server.port = 0 (default)
2019-07-31 00:26:18,253 INFO  server.GrpcService (ConfUtils.java:logGet(43)) - raft.grpc.message.size.max = 33570816 (custom)
2019-07-31 00:26:18,253 INFO  server.RaftServerConfigKeys (ConfUtils.java:logGet(43)) - raft.server.log.appender.buffer.byte-limit = 33554432 (custom)
2019-07-31 00:26:18,253 INFO  server.GrpcService (ConfUtils.java:logGet(43)) - raft.grpc.flow.control.window = 1MB (=1048576) (default)
2019-07-31 00:26:18,253 INFO  server.RaftServerConfigKeys (ConfUtils.java:logGet(43)) - raft.server.rpc.request.timeout = 3000ms (default)
2019-07-31 00:26:18,254 INFO  server.RaftServerConfigKeys (ConfUtils.java:logGet(43)) - raft.server.storage.dir = [/workdir/hadoop-ozone/integration-test/target/test-dir/MiniOzoneClusterImpl-13a63858-ce33-4116-bb88-f0b17f8ea069/datanode-4/data/ratis] (custom)
2019-07-31 00:26:18,254 INFO  replication.SimpleContainerDownloader (SimpleContainerDownloader.java:<init>(72)) - Starting container downloader service to copy containers to replicate.
2019-07-31 00:26:18,255 INFO  hdfs.DFSUtil (DFSUtil.java:httpServerTemplateForNNAndJN(1641)) - Starting Web-server for hddsDatanode at: http://0.0.0.0:0
2019-07-31 00:26:18,256 INFO  server.AuthenticationFilter (AuthenticationFilter.java:constructSecretProvider(240)) - Unable to initialize FileSignerSecretProvider, falling back to use random secrets.
2019-07-31 00:26:18,257 WARN  http.HttpRequestLog (HttpRequestLog.java:getRequestLog(97)) - Jetty request log can only be enabled using Log4j
2019-07-31 00:26:18,258 INFO  http.HttpServer2 (HttpServer2.java:addGlobalFilter(975)) - Added global filter 'safety' (class=org.apache.hadoop.http.HttpServer2$QuotingInputFilter)
2019-07-31 00:26:18,258 INFO  http.HttpServer2 (HttpServer2.java:addFilter(948)) - Added filter static_user_filter (class=org.apache.hadoop.http.lib.StaticUserWebFilter$StaticUserFilter) to context hddsDatanode
2019-07-31 00:26:18,258 INFO  http.HttpServer2 (HttpServer2.java:addFilter(958)) - Added filter static_user_filter (class=org.apache.hadoop.http.lib.StaticUserWebFilter$StaticUserFilter) to context logs
2019-07-31 00:26:18,258 INFO  http.HttpServer2 (HttpServer2.java:addFilter(958)) - Added filter static_user_filter (class=org.apache.hadoop.http.lib.StaticUserWebFilter$StaticUserFilter) to context static
2019-07-31 00:26:18,259 INFO  http.HttpServer2 (HttpServer2.java:bindListener(1191)) - Jetty bound to port 37767
2019-07-31 00:26:18,259 INFO  server.Server (Server.java:doStart(351)) - jetty-9.3.24.v20180605, build timestamp: 2018-06-05T17:11:56Z, git hash: 84205aa28f11a4f31f2a3b86d1bba2cc8ab69827
2019-07-31 00:26:18,261 INFO  handler.ContextHandler (ContextHandler.java:doStart(781)) - Started o.e.j.s.ServletContextHandler@7bd7c4cf{/logs,file:///workdir/hadoop-ozone/integration-test/target/log,AVAILABLE}
2019-07-31 00:26:18,261 INFO  handler.ContextHandler (ContextHandler.java:doStart(781)) - Started o.e.j.s.ServletContextHandler@67b20b4c{/static,jar:file:/home/user/.m2/repository/org/apache/hadoop/hadoop-hdds-container-service/0.4.1-SNAPSHOT/hadoop-hdds-container-service-0.4.1-SNAPSHOT.jar!/webapps/static,AVAILABLE}
2019-07-31 00:26:18,312 INFO  handler.ContextHandler (ContextHandler.java:doStart(781)) - Started o.e.j.w.WebAppContext@41e76252{/,file:///tmp/jetty-0.0.0.0-37767-hddsDatanode-_-any-680102010640499310.dir/webapp/,AVAILABLE}{/hddsDatanode}
2019-07-31 00:26:18,312 INFO  server.AbstractConnector (AbstractConnector.java:doStart(278)) - Started ServerConnector@16602333{HTTP/1.1,[http/1.1]}{0.0.0.0:37767}
2019-07-31 00:26:18,314 INFO  server.Server (Server.java:doStart(419)) - Started @123873ms
2019-07-31 00:26:18,315 INFO  server.BaseHttpServer (BaseHttpServer.java:updateConnectorAddress(207)) - HTTP server of HDDSDATANODE is listening at http://0.0.0.0:37767
2019-07-31 00:26:18,451 INFO  ozone.HddsDatanodeService (HddsDatanodeService.java:startPlugins(395)) - Started plug-in org.apache.hadoop.ozone.web.OzoneHddsDatanodeService@2e51ede1
2019-07-31 00:26:18,452 INFO  impl.MetricsSystemImpl (MetricsSystemImpl.java:init(158)) - HddsDatanode metrics system started (again)
2019-07-31 00:26:18,459 INFO  ozone.HddsDatanodeService (HddsDatanodeService.java:start(184)) - HddsDatanodeService host:byscane-nightly-8jrs9-2386324885 ip:192.168.69.114
2019-07-31 00:26:18,459 INFO  util.JvmPauseMonitor (JvmPauseMonitor.java:run(188)) - Starting JVM pause monitor
2019-07-31 00:26:18,460 INFO  datanode.InitDatanodeState (InitDatanodeState.java:persistContainerDatanodeDetails(140)) - DatanodeDetails is persisted to /workdir/hadoop-ozone/integration-test/target/test-dir/MiniOzoneClusterImpl-13a63858-ce33-4116-bb88-f0b17f8ea069/datanode-4/meta/datanode.id
2019-07-31 00:26:18,468 INFO  volume.HddsVolume (HddsVolume.java:<init>(176)) - Creating Volume: /workdir/hadoop-ozone/integration-test/target/test-dir/MiniOzoneClusterImpl-13a63858-ce33-4116-bb88-f0b17f8ea069/datanode-5/data/containers/hdds of  storage type : DISK and capacity : 52710309888
2019-07-31 00:26:18,468 INFO  volume.VolumeSet (VolumeSet.java:initializeVolumeSet(170)) - Added Volume : /workdir/hadoop-ozone/integration-test/target/test-dir/MiniOzoneClusterImpl-13a63858-ce33-4116-bb88-f0b17f8ea069/datanode-5/data/containers/hdds to VolumeSet
2019-07-31 00:26:18,469 INFO  volume.ThrottledAsyncChecker (ThrottledAsyncChecker.java:schedule(140)) - Scheduling a check for org.apache.hadoop.ozone.container.common.volume.HddsVolume@682d8dad
2019-07-31 00:26:18,469 INFO  volume.HddsVolumeChecker (HddsVolumeChecker.java:checkAllVolumes(203)) - Scheduled health check for volume org.apache.hadoop.ozone.container.common.volume.HddsVolume@682d8dad
2019-07-31 00:26:18,490 INFO  impl.RaftServerProxy (ConfUtils.java:logGet(43)) - raft.rpc.type = GRPC (default)
2019-07-31 00:26:18,491 INFO  grpc.GrpcFactory (GrpcFactory.java:checkPooledByteBufAllocatorUseCacheForAllThreads(45)) - PERFORMANCE WARNING: useCacheForAllThreads is true that may cause Netty to create a lot garbage objects and, as a result, trigger GC.
	It is recommended to disable useCacheForAllThreads by setting -Dorg.apache.ratis.thirdparty.io.netty.allocator.useCacheForAllThreads=false in command line.
2019-07-31 00:26:18,491 INFO  grpc.GrpcConfigKeys$Server (ConfUtils.java:logGet(43)) - raft.grpc.server.port = 0 (default)
2019-07-31 00:26:18,491 INFO  server.GrpcService (ConfUtils.java:logGet(43)) - raft.grpc.message.size.max = 33570816 (custom)
2019-07-31 00:26:18,492 INFO  server.RaftServerConfigKeys (ConfUtils.java:logGet(43)) - raft.server.log.appender.buffer.byte-limit = 33554432 (custom)
2019-07-31 00:26:18,492 INFO  server.GrpcService (ConfUtils.java:logGet(43)) - raft.grpc.flow.control.window = 1MB (=1048576) (default)
2019-07-31 00:26:18,492 INFO  server.RaftServerConfigKeys (ConfUtils.java:logGet(43)) - raft.server.rpc.request.timeout = 3000ms (default)
2019-07-31 00:26:18,493 INFO  server.RaftServerConfigKeys (ConfUtils.java:logGet(43)) - raft.server.storage.dir = [/workdir/hadoop-ozone/integration-test/target/test-dir/MiniOzoneClusterImpl-13a63858-ce33-4116-bb88-f0b17f8ea069/datanode-5/data/ratis] (custom)
2019-07-31 00:26:18,493 INFO  replication.SimpleContainerDownloader (SimpleContainerDownloader.java:<init>(72)) - Starting container downloader service to copy containers to replicate.
2019-07-31 00:26:18,495 INFO  hdfs.DFSUtil (DFSUtil.java:httpServerTemplateForNNAndJN(1641)) - Starting Web-server for hddsDatanode at: http://0.0.0.0:0
2019-07-31 00:26:18,496 INFO  server.AuthenticationFilter (AuthenticationFilter.java:constructSecretProvider(240)) - Unable to initialize FileSignerSecretProvider, falling back to use random secrets.
2019-07-31 00:26:18,496 WARN  http.HttpRequestLog (HttpRequestLog.java:getRequestLog(97)) - Jetty request log can only be enabled using Log4j
2019-07-31 00:26:18,497 INFO  http.HttpServer2 (HttpServer2.java:addGlobalFilter(975)) - Added global filter 'safety' (class=org.apache.hadoop.http.HttpServer2$QuotingInputFilter)
2019-07-31 00:26:18,498 INFO  http.HttpServer2 (HttpServer2.java:addFilter(948)) - Added filter static_user_filter (class=org.apache.hadoop.http.lib.StaticUserWebFilter$StaticUserFilter) to context hddsDatanode
2019-07-31 00:26:18,498 INFO  http.HttpServer2 (HttpServer2.java:addFilter(958)) - Added filter static_user_filter (class=org.apache.hadoop.http.lib.StaticUserWebFilter$StaticUserFilter) to context static
2019-07-31 00:26:18,498 INFO  http.HttpServer2 (HttpServer2.java:addFilter(958)) - Added filter static_user_filter (class=org.apache.hadoop.http.lib.StaticUserWebFilter$StaticUserFilter) to context logs
2019-07-31 00:26:18,499 INFO  http.HttpServer2 (HttpServer2.java:bindListener(1191)) - Jetty bound to port 43216
2019-07-31 00:26:18,499 INFO  server.Server (Server.java:doStart(351)) - jetty-9.3.24.v20180605, build timestamp: 2018-06-05T17:11:56Z, git hash: 84205aa28f11a4f31f2a3b86d1bba2cc8ab69827
2019-07-31 00:26:18,501 INFO  handler.ContextHandler (ContextHandler.java:doStart(781)) - Started o.e.j.s.ServletContextHandler@52a0bc48{/logs,file:///workdir/hadoop-ozone/integration-test/target/log,AVAILABLE}
2019-07-31 00:26:18,501 INFO  handler.ContextHandler (ContextHandler.java:doStart(781)) - Started o.e.j.s.ServletContextHandler@24ce5d4c{/static,jar:file:/home/user/.m2/repository/org/apache/hadoop/hadoop-hdds-container-service/0.4.1-SNAPSHOT/hadoop-hdds-container-service-0.4.1-SNAPSHOT.jar!/webapps/static,AVAILABLE}
2019-07-31 00:26:18,529 INFO  handler.ContextHandler (ContextHandler.java:doStart(781)) - Started o.e.j.w.WebAppContext@7575f7e1{/,file:///tmp/jetty-0.0.0.0-43216-hddsDatanode-_-any-7053801867784348045.dir/webapp/,AVAILABLE}{/hddsDatanode}
2019-07-31 00:26:18,529 INFO  server.AbstractConnector (AbstractConnector.java:doStart(278)) - Started ServerConnector@4626f584{HTTP/1.1,[http/1.1]}{0.0.0.0:43216}
2019-07-31 00:26:18,531 INFO  server.Server (Server.java:doStart(419)) - Started @124090ms
2019-07-31 00:26:18,532 INFO  server.BaseHttpServer (BaseHttpServer.java:updateConnectorAddress(207)) - HTTP server of HDDSDATANODE is listening at http://0.0.0.0:43216
2019-07-31 00:26:18,633 INFO  ozone.HddsDatanodeService (HddsDatanodeService.java:startPlugins(395)) - Started plug-in org.apache.hadoop.ozone.web.OzoneHddsDatanodeService@337e573b
2019-07-31 00:26:18,634 INFO  ozone.MiniOzoneClusterImpl (MiniOzoneClusterImpl.java:lambda$waitForClusterToBeReady$0(142)) - Waiting for cluster to be ready. Got 0 of 6 DN Heartbeats.
2019-07-31 00:26:18,638 INFO  util.JvmPauseMonitor (JvmPauseMonitor.java:run(188)) - Starting JVM pause monitor
2019-07-31 00:26:18,640 INFO  datanode.InitDatanodeState (InitDatanodeState.java:persistContainerDatanodeDetails(140)) - DatanodeDetails is persisted to /workdir/hadoop-ozone/integration-test/target/test-dir/MiniOzoneClusterImpl-13a63858-ce33-4116-bb88-f0b17f8ea069/datanode-5/meta/datanode.id
2019-07-31 00:26:19,634 INFO  ozone.MiniOzoneClusterImpl (MiniOzoneClusterImpl.java:lambda$waitForClusterToBeReady$0(142)) - Waiting for cluster to be ready. Got 0 of 6 DN Heartbeats.
2019-07-31 00:26:19,741 INFO  ozoneimpl.OzoneContainer (OzoneContainer.java:start(186)) - Attempting to start container services.
2019-07-31 00:26:19,744 INFO  ozoneimpl.OzoneContainer (OzoneContainer.java:startContainerScrub(160)) - Background container scrubber has been disabled by hdds.containerscrub.enabled
2019-07-31 00:26:19,745 INFO  ratis.XceiverServerRatis (XceiverServerRatis.java:start(404)) - Starting XceiverServerRatis 1af9e51e-2b0f-41ac-9c83-69b8eff30174 at port 0
2019-07-31 00:26:19,752 INFO  impl.RaftServerProxy (RaftServerProxy.java:lambda$start$3(299)) - 1af9e51e-2b0f-41ac-9c83-69b8eff30174: start RPC server
2019-07-31 00:26:19,754 INFO  server.GrpcService (GrpcService.java:startImpl(149)) - 1af9e51e-2b0f-41ac-9c83-69b8eff30174: GrpcService started, listening on 0.0.0.0/0.0.0.0:37143
2019-07-31 00:26:19,754 INFO  ratis.XceiverServerRatis (XceiverServerRatis.java:start(414)) - XceiverServerRatis 1af9e51e-2b0f-41ac-9c83-69b8eff30174 is started using port 37143
2019-07-31 00:26:19,755 INFO  server.XceiverServerGrpc (XceiverServerGrpc.java:start(161)) - XceiverServerGrpc 1af9e51e-2b0f-41ac-9c83-69b8eff30174 is started using port 34136
2019-07-31 00:26:19,902 INFO  ozoneimpl.OzoneContainer (OzoneContainer.java:start(186)) - Attempting to start container services.
2019-07-31 00:26:19,905 INFO  ozoneimpl.OzoneContainer (OzoneContainer.java:startContainerScrub(160)) - Background container scrubber has been disabled by hdds.containerscrub.enabled
2019-07-31 00:26:19,905 INFO  ratis.XceiverServerRatis (XceiverServerRatis.java:start(404)) - Starting XceiverServerRatis 3a597c39-0a43-454b-a6c0-8d5437892ae9 at port 0
2019-07-31 00:26:19,913 INFO  impl.RaftServerProxy (RaftServerProxy.java:lambda$start$3(299)) - 3a597c39-0a43-454b-a6c0-8d5437892ae9: start RPC server
2019-07-31 00:26:19,914 INFO  server.GrpcService (GrpcService.java:startImpl(149)) - 3a597c39-0a43-454b-a6c0-8d5437892ae9: GrpcService started, listening on 0.0.0.0/0.0.0.0:40624
2019-07-31 00:26:19,914 INFO  ratis.XceiverServerRatis (XceiverServerRatis.java:start(414)) - XceiverServerRatis 3a597c39-0a43-454b-a6c0-8d5437892ae9 is started using port 40624
2019-07-31 00:26:19,915 INFO  server.XceiverServerGrpc (XceiverServerGrpc.java:start(161)) - XceiverServerGrpc 3a597c39-0a43-454b-a6c0-8d5437892ae9 is started using port 45257
2019-07-31 00:26:20,072 INFO  ozoneimpl.OzoneContainer (OzoneContainer.java:start(186)) - Attempting to start container services.
2019-07-31 00:26:20,076 INFO  ozoneimpl.OzoneContainer (OzoneContainer.java:startContainerScrub(160)) - Background container scrubber has been disabled by hdds.containerscrub.enabled
2019-07-31 00:26:20,076 INFO  ratis.XceiverServerRatis (XceiverServerRatis.java:start(404)) - Starting XceiverServerRatis 5d2309ef-d4d1-4471-945c-913d9d893b2e at port 0
2019-07-31 00:26:20,083 INFO  impl.RaftServerProxy (RaftServerProxy.java:lambda$start$3(299)) - 5d2309ef-d4d1-4471-945c-913d9d893b2e: start RPC server
2019-07-31 00:26:20,084 INFO  server.GrpcService (GrpcService.java:startImpl(149)) - 5d2309ef-d4d1-4471-945c-913d9d893b2e: GrpcService started, listening on 0.0.0.0/0.0.0.0:41414
2019-07-31 00:26:20,084 INFO  ratis.XceiverServerRatis (XceiverServerRatis.java:start(414)) - XceiverServerRatis 5d2309ef-d4d1-4471-945c-913d9d893b2e is started using port 41414
2019-07-31 00:26:20,084 INFO  server.XceiverServerGrpc (XceiverServerGrpc.java:start(161)) - XceiverServerGrpc 5d2309ef-d4d1-4471-945c-913d9d893b2e is started using port 38910
2019-07-31 00:26:20,244 INFO  ozoneimpl.OzoneContainer (OzoneContainer.java:start(186)) - Attempting to start container services.
2019-07-31 00:26:20,248 INFO  ozoneimpl.OzoneContainer (OzoneContainer.java:startContainerScrub(160)) - Background container scrubber has been disabled by hdds.containerscrub.enabled
2019-07-31 00:26:20,248 INFO  ratis.XceiverServerRatis (XceiverServerRatis.java:start(404)) - Starting XceiverServerRatis 00cf1b03-adbe-4ac0-9ac5-c56a223b4eaa at port 0
2019-07-31 00:26:20,255 INFO  impl.RaftServerProxy (RaftServerProxy.java:lambda$start$3(299)) - 00cf1b03-adbe-4ac0-9ac5-c56a223b4eaa: start RPC server
2019-07-31 00:26:20,256 INFO  server.GrpcService (GrpcService.java:startImpl(149)) - 00cf1b03-adbe-4ac0-9ac5-c56a223b4eaa: GrpcService started, listening on 0.0.0.0/0.0.0.0:38847
2019-07-31 00:26:20,256 INFO  ratis.XceiverServerRatis (XceiverServerRatis.java:start(414)) - XceiverServerRatis 00cf1b03-adbe-4ac0-9ac5-c56a223b4eaa is started using port 38847
2019-07-31 00:26:20,262 INFO  server.XceiverServerGrpc (XceiverServerGrpc.java:start(161)) - XceiverServerGrpc 00cf1b03-adbe-4ac0-9ac5-c56a223b4eaa is started using port 44570
2019-07-31 00:26:20,475 INFO  ozoneimpl.OzoneContainer (OzoneContainer.java:start(186)) - Attempting to start container services.
2019-07-31 00:26:20,476 INFO  ozoneimpl.OzoneContainer (OzoneContainer.java:startContainerScrub(160)) - Background container scrubber has been disabled by hdds.containerscrub.enabled
2019-07-31 00:26:20,476 INFO  ratis.XceiverServerRatis (XceiverServerRatis.java:start(404)) - Starting XceiverServerRatis 0c2d81da-dd8f-4393-998f-135e8cc84210 at port 0
2019-07-31 00:26:20,488 INFO  impl.RaftServerProxy (RaftServerProxy.java:lambda$start$3(299)) - 0c2d81da-dd8f-4393-998f-135e8cc84210: start RPC server
2019-07-31 00:26:20,496 INFO  server.GrpcService (GrpcService.java:startImpl(149)) - 0c2d81da-dd8f-4393-998f-135e8cc84210: GrpcService started, listening on 0.0.0.0/0.0.0.0:32785
2019-07-31 00:26:20,497 INFO  ratis.XceiverServerRatis (XceiverServerRatis.java:start(414)) - XceiverServerRatis 0c2d81da-dd8f-4393-998f-135e8cc84210 is started using port 32785
2019-07-31 00:26:20,497 INFO  server.XceiverServerGrpc (XceiverServerGrpc.java:start(161)) - XceiverServerGrpc 0c2d81da-dd8f-4393-998f-135e8cc84210 is started using port 36524
2019-07-31 00:26:20,635 INFO  ozone.MiniOzoneClusterImpl (MiniOzoneClusterImpl.java:lambda$waitForClusterToBeReady$0(142)) - Waiting for cluster to be ready. Got 0 of 6 DN Heartbeats.
2019-07-31 00:26:20,654 INFO  ozoneimpl.OzoneContainer (OzoneContainer.java:start(186)) - Attempting to start container services.
2019-07-31 00:26:20,654 INFO  ozoneimpl.OzoneContainer (OzoneContainer.java:startContainerScrub(160)) - Background container scrubber has been disabled by hdds.containerscrub.enabled
2019-07-31 00:26:20,654 INFO  ratis.XceiverServerRatis (XceiverServerRatis.java:start(404)) - Starting XceiverServerRatis cae8b062-5020-4563-8b07-3e1d6b67035f at port 0
2019-07-31 00:26:20,662 INFO  impl.RaftServerProxy (RaftServerProxy.java:lambda$start$3(299)) - cae8b062-5020-4563-8b07-3e1d6b67035f: start RPC server
2019-07-31 00:26:20,666 INFO  server.GrpcService (GrpcService.java:startImpl(149)) - cae8b062-5020-4563-8b07-3e1d6b67035f: GrpcService started, listening on 0.0.0.0/0.0.0.0:39040
2019-07-31 00:26:20,666 INFO  ratis.XceiverServerRatis (XceiverServerRatis.java:start(414)) - XceiverServerRatis cae8b062-5020-4563-8b07-3e1d6b67035f is started using port 39040
2019-07-31 00:26:20,668 INFO  server.XceiverServerGrpc (XceiverServerGrpc.java:start(161)) - XceiverServerGrpc cae8b062-5020-4563-8b07-3e1d6b67035f is started using port 45879
2019-07-31 00:26:21,635 INFO  ozone.MiniOzoneClusterImpl (MiniOzoneClusterImpl.java:lambda$waitForClusterToBeReady$0(142)) - Waiting for cluster to be ready. Got 0 of 6 DN Heartbeats.
2019-07-31 00:26:21,709 INFO  net.NetworkTopology (NetworkTopologyImpl.java:add(110)) - Added a new node: /default-rack/1af9e51e-2b0f-41ac-9c83-69b8eff30174
2019-07-31 00:26:21,712 INFO  node.SCMNodeManager (SCMNodeManager.java:register(273)) - Registered Data node : 1af9e51e-2b0f-41ac-9c83-69b8eff30174{ip: 192.168.69.114, host: byscane-nightly-8jrs9-2386324885, networkLocation: /default-rack, certSerialId: null}
2019-07-31 00:26:21,713 INFO  safemode.SCMSafeModeManager (DataNodeSafeModeRule.java:process(71)) - SCM in safe mode. 1 DataNodes registered, 1 required.
2019-07-31 00:26:21,716 INFO  safemode.SCMSafeModeManager (SCMSafeModeManager.java:validateSafeModeExitRules(177)) - ScmSafeModeManager, all rules are successfully validated
2019-07-31 00:26:21,716 INFO  safemode.SCMSafeModeManager (SCMSafeModeManager.java:exitSafeMode(193)) - SCM exiting safe mode.
2019-07-31 00:26:21,730 INFO  impl.RaftServerProxy (RaftServerProxy.java:addNew(89)) - 1af9e51e-2b0f-41ac-9c83-69b8eff30174: addNew group-3ED6FD4030FA:[1af9e51e-2b0f-41ac-9c83-69b8eff30174:192.168.69.114:37143] returns group-3ED6FD4030FA:java.util.concurrent.CompletableFuture@66845e4[Not completed]
2019-07-31 00:26:21,732 INFO  impl.RaftServerImpl (RaftServerImpl.java:<init>(93)) - 1af9e51e-2b0f-41ac-9c83-69b8eff30174: new RaftServerImpl for group-3ED6FD4030FA:[1af9e51e-2b0f-41ac-9c83-69b8eff30174:192.168.69.114:37143] with ContainerStateMachine:uninitialized
2019-07-31 00:26:21,733 INFO  server.RaftServerConfigKeys (ConfUtils.java:logGet(43)) - raft.server.rpc.timeout.min = 1s (custom)
2019-07-31 00:26:21,733 INFO  server.RaftServerConfigKeys (ConfUtils.java:logGet(43)) - raft.server.rpc.timeout.max = 1200ms (custom)
2019-07-31 00:26:21,733 INFO  server.RaftServerConfigKeys (ConfUtils.java:logGet(43)) - raft.server.rpcslowness.timeout = 120s (custom)
2019-07-31 00:26:21,733 INFO  server.RaftServerConfigKeys (ConfUtils.java:logGet(43)) - raft.server.sleep.deviation.threshold = 300 (default)
2019-07-31 00:26:21,733 INFO  server.RaftServerConfigKeys (ConfUtils.java:logGet(43)) - raft.server.log.appender.install.snapshot.enabled = false (custom)
2019-07-31 00:26:21,734 INFO  impl.RaftServerImpl (ServerState.java:<init>(105)) - 1af9e51e-2b0f-41ac-9c83-69b8eff30174:group-3ED6FD4030FA ConfigurationManager, init=-1: [1af9e51e-2b0f-41ac-9c83-69b8eff30174:192.168.69.114:37143], old=null, confs=<EMPTY_MAP>
2019-07-31 00:26:21,734 INFO  server.RaftServerConfigKeys (ConfUtils.java:logGet(43)) - raft.server.storage.dir = [/workdir/hadoop-ozone/integration-test/target/test-dir/MiniOzoneClusterImpl-13a63858-ce33-4116-bb88-f0b17f8ea069/datanode-0/data/ratis] (custom)
2019-07-31 00:26:21,736 INFO  storage.RaftStorageDirectory (RaftStorageDirectory.java:analyzeStorage(246)) - The storage directory /workdir/hadoop-ozone/integration-test/target/test-dir/MiniOzoneClusterImpl-13a63858-ce33-4116-bb88-f0b17f8ea069/datanode-0/data/ratis/95889579-2688-418f-a05b-3ed6fd4030fa does not exist. Creating ...
2019-07-31 00:26:21,782 INFO  storage.RaftStorageDirectory (RaftStorageDirectory.java:tryLock(328)) - Lock on /workdir/hadoop-ozone/integration-test/target/test-dir/MiniOzoneClusterImpl-13a63858-ce33-4116-bb88-f0b17f8ea069/datanode-0/data/ratis/95889579-2688-418f-a05b-3ed6fd4030fa/in_use.lock acquired by nodename 6404@byscane-nightly-8jrs9-2386324885
2019-07-31 00:26:21,787 INFO  storage.RaftStorage (RaftStorage.java:format(72)) - Storage directory /workdir/hadoop-ozone/integration-test/target/test-dir/MiniOzoneClusterImpl-13a63858-ce33-4116-bb88-f0b17f8ea069/datanode-0/data/ratis/95889579-2688-418f-a05b-3ed6fd4030fa has been successfully formatted.
2019-07-31 00:26:21,788 INFO  ratis.ContainerStateMachine (ContainerStateMachine.java:loadSnapshot(213)) - group-3ED6FD4030FA: The snapshot info is null. Setting the last applied indexto:(t:0, i:~)
2019-07-31 00:26:21,788 INFO  server.RaftServerConfigKeys (ConfUtils.java:logGet(43)) - raft.server.leader.election.timeout = 120s (custom)
2019-07-31 00:26:21,788 INFO  server.RaftServerConfigKeys (ConfUtils.java:logGet(43)) - raft.server.log.use.memory = false (default)
2019-07-31 00:26:21,788 INFO  server.RaftServerConfigKeys (ConfUtils.java:logGet(43)) - raft.server.log.purge.gap = 1000000000 (custom)
2019-07-31 00:26:21,788 INFO  server.RaftServerConfigKeys (ConfUtils.java:logGet(43)) - raft.server.log.appender.buffer.byte-limit = 33554432 (custom)
2019-07-31 00:26:21,789 INFO  server.RaftServerConfigKeys (ConfUtils.java:logGet(43)) - raft.server.log.segment.size.max = 1048576 (custom)
2019-07-31 00:26:21,789 INFO  server.RaftServerConfigKeys (ConfUtils.java:logGet(43)) - raft.server.log.segment.cache.num.max = 2 (custom)
2019-07-31 00:26:21,789 INFO  segmented.SegmentedRaftLogWorker (SegmentedRaftLogWorker.java:<init>(172)) - new 1af9e51e-2b0f-41ac-9c83-69b8eff30174-SegmentedRaftLogWorker:Storage Directory /workdir/hadoop-ozone/integration-test/target/test-dir/MiniOzoneClusterImpl-13a63858-ce33-4116-bb88-f0b17f8ea069/datanode-0/data/ratis/95889579-2688-418f-a05b-3ed6fd4030fa for RaftStorage:Storage Directory /workdir/hadoop-ozone/integration-test/target/test-dir/MiniOzoneClusterImpl-13a63858-ce33-4116-bb88-f0b17f8ea069/datanode-0/data/ratis/95889579-2688-418f-a05b-3ed6fd4030fa
2019-07-31 00:26:21,789 INFO  server.RaftServerConfigKeys (ConfUtils.java:logGet(43)) - raft.server.log.queue.byte-limit = 2147483647 (custom)
2019-07-31 00:26:21,789 INFO  server.RaftServerConfigKeys (ConfUtils.java:logGet(43)) - raft.server.log.queue.element-limit = 1024 (custom)
2019-07-31 00:26:21,790 INFO  server.RaftServerConfigKeys (ConfUtils.java:logGet(43)) - raft.server.log.segment.size.max = 1048576 (custom)
2019-07-31 00:26:21,790 INFO  server.RaftServerConfigKeys (ConfUtils.java:logGet(43)) - raft.server.log.preallocated.size = 16384 (custom)
2019-07-31 00:26:21,790 INFO  server.RaftServerConfigKeys (ConfUtils.java:logGet(43)) - raft.server.log.write.buffer.size = 33554432 (custom)
2019-07-31 00:26:21,791 INFO  server.RaftServerConfigKeys (ConfUtils.java:logGet(43)) - raft.server.log.force.sync.num = 128 (default)
2019-07-31 00:26:21,791 INFO  server.RaftServerConfigKeys (ConfUtils.java:logGet(43)) - raft.server.log.statemachine.data.sync = true (default)
2019-07-31 00:26:21,791 INFO  server.RaftServerConfigKeys (ConfUtils.java:logGet(43)) - raft.server.log.statemachine.data.sync.timeout = 10s (default)
2019-07-31 00:26:21,791 INFO  server.RaftServerConfigKeys (ConfUtils.java:logGet(43)) - raft.server.log.statemachine.data.sync.timeout.retry = -1 (default)
2019-07-31 00:26:21,791 INFO  server.RaftServerConfigKeys (ConfUtils.java:logGet(43)) - raft.server.log.statemachine.data.caching.enabled = true (custom)
2019-07-31 00:26:21,792 INFO  segmented.SegmentedRaftLogWorker (SegmentedRaftLogWorker.java:lambda$new$0(132)) - 1af9e51e-2b0f-41ac-9c83-69b8eff30174-SegmentedRaftLogWorker:Storage Directory /workdir/hadoop-ozone/integration-test/target/test-dir/MiniOzoneClusterImpl-13a63858-ce33-4116-bb88-f0b17f8ea069/datanode-0/data/ratis/95889579-2688-418f-a05b-3ed6fd4030fa: flushIndex: setUnconditionally 0 -> -1
2019-07-31 00:26:21,792 INFO  server.RaftServerConfigKeys (ConfUtils.java:logGet(43)) - raft.server.snapshot.auto.trigger.enabled = true (custom)
2019-07-31 00:26:21,792 INFO  server.RaftServerConfigKeys (ConfUtils.java:logGet(43)) - raft.server.snapshot.auto.trigger.threshold = 10000 (custom)
2019-07-31 00:26:21,793 INFO  server.RaftServerConfigKeys (ConfUtils.java:logGet(43)) - raft.server.retrycache.expirytime = 600000ms (custom)
2019-07-31 00:26:21,793 INFO  impl.RaftServerImpl (RaftServerImpl.java:start(180)) - 1af9e51e-2b0f-41ac-9c83-69b8eff30174: start group-3ED6FD4030FA
2019-07-31 00:26:21,793 INFO  impl.RaftServerImpl (RaftServerImpl.java:setRole(171)) - 1af9e51e-2b0f-41ac-9c83-69b8eff30174:group-3ED6FD4030FA changes role from null to FOLLOWER at term 0 for startAsFollower
2019-07-31 00:26:21,793 INFO  impl.RoleInfo (RoleInfo.java:updateAndGet(143)) - 1af9e51e-2b0f-41ac-9c83-69b8eff30174: start FollowerState
2019-07-31 00:26:21,794 INFO  util.JmxRegister (JmxRegister.java:tryRegister(44)) - Successfully registered JMX Bean with object name Ratis:service=RaftServer,group=group-3ED6FD4030FA,id=1af9e51e-2b0f-41ac-9c83-69b8eff30174
2019-07-31 00:26:21,800 INFO  pipeline.PipelineStateManager (PipelineStateManager.java:addPipeline(56)) - Created pipeline Pipeline[ Id: 95889579-2688-418f-a05b-3ed6fd4030fa, Nodes: 1af9e51e-2b0f-41ac-9c83-69b8eff30174{ip: 192.168.69.114, host: byscane-nightly-8jrs9-2386324885, networkLocation: /default-rack, certSerialId: null}, Type:RATIS, Factor:ONE, State:OPEN]
2019-07-31 00:26:21,888 INFO  net.NetworkTopology (NetworkTopologyImpl.java:add(110)) - Added a new node: /default-rack/3a597c39-0a43-454b-a6c0-8d5437892ae9
2019-07-31 00:26:21,888 INFO  node.SCMNodeManager (SCMNodeManager.java:register(273)) - Registered Data node : 3a597c39-0a43-454b-a6c0-8d5437892ae9{ip: 192.168.69.114, host: byscane-nightly-8jrs9-2386324885, networkLocation: /default-rack, certSerialId: null}
2019-07-31 00:26:21,917 INFO  impl.RaftServerProxy (RaftServerProxy.java:addNew(89)) - 3a597c39-0a43-454b-a6c0-8d5437892ae9: addNew group-1C26F9AB6E39:[3a597c39-0a43-454b-a6c0-8d5437892ae9:192.168.69.114:40624] returns group-1C26F9AB6E39:java.util.concurrent.CompletableFuture@1da6cd7a[Not completed]
2019-07-31 00:26:21,918 INFO  impl.RaftServerImpl (RaftServerImpl.java:<init>(93)) - 3a597c39-0a43-454b-a6c0-8d5437892ae9: new RaftServerImpl for group-1C26F9AB6E39:[3a597c39-0a43-454b-a6c0-8d5437892ae9:192.168.69.114:40624] with ContainerStateMachine:uninitialized
2019-07-31 00:26:21,919 INFO  server.RaftServerConfigKeys (ConfUtils.java:logGet(43)) - raft.server.rpc.timeout.min = 1s (custom)
2019-07-31 00:26:21,919 INFO  server.RaftServerConfigKeys (ConfUtils.java:logGet(43)) - raft.server.rpc.timeout.max = 1200ms (custom)
2019-07-31 00:26:21,919 INFO  server.RaftServerConfigKeys (ConfUtils.java:logGet(43)) - raft.server.rpcslowness.timeout = 120s (custom)
2019-07-31 00:26:21,919 INFO  server.RaftServerConfigKeys (ConfUtils.java:logGet(43)) - raft.server.sleep.deviation.threshold = 300 (default)
2019-07-31 00:26:21,919 INFO  server.RaftServerConfigKeys (ConfUtils.java:logGet(43)) - raft.server.log.appender.install.snapshot.enabled = false (custom)
2019-07-31 00:26:21,919 INFO  impl.RaftServerImpl (ServerState.java:<init>(105)) - 3a597c39-0a43-454b-a6c0-8d5437892ae9:group-1C26F9AB6E39 ConfigurationManager, init=-1: [3a597c39-0a43-454b-a6c0-8d5437892ae9:192.168.69.114:40624], old=null, confs=<EMPTY_MAP>
2019-07-31 00:26:21,920 INFO  server.RaftServerConfigKeys (ConfUtils.java:logGet(43)) - raft.server.storage.dir = [/workdir/hadoop-ozone/integration-test/target/test-dir/MiniOzoneClusterImpl-13a63858-ce33-4116-bb88-f0b17f8ea069/datanode-1/data/ratis] (custom)
2019-07-31 00:26:21,920 INFO  storage.RaftStorageDirectory (RaftStorageDirectory.java:analyzeStorage(246)) - The storage directory /workdir/hadoop-ozone/integration-test/target/test-dir/MiniOzoneClusterImpl-13a63858-ce33-4116-bb88-f0b17f8ea069/datanode-1/data/ratis/7ea4ab74-ea05-4621-ad67-1c26f9ab6e39 does not exist. Creating ...
2019-07-31 00:26:21,933 INFO  storage.RaftStorageDirectory (RaftStorageDirectory.java:tryLock(328)) - Lock on /workdir/hadoop-ozone/integration-test/target/test-dir/MiniOzoneClusterImpl-13a63858-ce33-4116-bb88-f0b17f8ea069/datanode-1/data/ratis/7ea4ab74-ea05-4621-ad67-1c26f9ab6e39/in_use.lock acquired by nodename 6404@byscane-nightly-8jrs9-2386324885
2019-07-31 00:26:21,936 INFO  storage.RaftStorage (RaftStorage.java:format(72)) - Storage directory /workdir/hadoop-ozone/integration-test/target/test-dir/MiniOzoneClusterImpl-13a63858-ce33-4116-bb88-f0b17f8ea069/datanode-1/data/ratis/7ea4ab74-ea05-4621-ad67-1c26f9ab6e39 has been successfully formatted.
2019-07-31 00:26:21,937 INFO  ratis.ContainerStateMachine (ContainerStateMachine.java:loadSnapshot(213)) - group-1C26F9AB6E39: The snapshot info is null. Setting the last applied indexto:(t:0, i:~)
2019-07-31 00:26:21,937 INFO  server.RaftServerConfigKeys (ConfUtils.java:logGet(43)) - raft.server.leader.election.timeout = 120s (custom)
2019-07-31 00:26:21,937 INFO  server.RaftServerConfigKeys (ConfUtils.java:logGet(43)) - raft.server.log.use.memory = false (default)
2019-07-31 00:26:21,937 INFO  server.RaftServerConfigKeys (ConfUtils.java:logGet(43)) - raft.server.log.purge.gap = 1000000000 (custom)
2019-07-31 00:26:21,937 INFO  server.RaftServerConfigKeys (ConfUtils.java:logGet(43)) - raft.server.log.appender.buffer.byte-limit = 33554432 (custom)
2019-07-31 00:26:21,937 INFO  server.RaftServerConfigKeys (ConfUtils.java:logGet(43)) - raft.server.log.segment.size.max = 1048576 (custom)
2019-07-31 00:26:21,938 INFO  server.RaftServerConfigKeys (ConfUtils.java:logGet(43)) - raft.server.log.segment.cache.num.max = 2 (custom)
2019-07-31 00:26:21,938 INFO  segmented.SegmentedRaftLogWorker (SegmentedRaftLogWorker.java:<init>(172)) - new 3a597c39-0a43-454b-a6c0-8d5437892ae9-SegmentedRaftLogWorker:Storage Directory /workdir/hadoop-ozone/integration-test/target/test-dir/MiniOzoneClusterImpl-13a63858-ce33-4116-bb88-f0b17f8ea069/datanode-1/data/ratis/7ea4ab74-ea05-4621-ad67-1c26f9ab6e39 for RaftStorage:Storage Directory /workdir/hadoop-ozone/integration-test/target/test-dir/MiniOzoneClusterImpl-13a63858-ce33-4116-bb88-f0b17f8ea069/datanode-1/data/ratis/7ea4ab74-ea05-4621-ad67-1c26f9ab6e39
2019-07-31 00:26:21,938 INFO  server.RaftServerConfigKeys (ConfUtils.java:logGet(43)) - raft.server.log.queue.byte-limit = 2147483647 (custom)
2019-07-31 00:26:21,938 INFO  server.RaftServerConfigKeys (ConfUtils.java:logGet(43)) - raft.server.log.queue.element-limit = 1024 (custom)
2019-07-31 00:26:21,938 INFO  server.RaftServerConfigKeys (ConfUtils.java:logGet(43)) - raft.server.log.segment.size.max = 1048576 (custom)
2019-07-31 00:26:21,939 INFO  server.RaftServerConfigKeys (ConfUtils.java:logGet(43)) - raft.server.log.preallocated.size = 16384 (custom)
2019-07-31 00:26:21,939 INFO  server.RaftServerConfigKeys (ConfUtils.java:logGet(43)) - raft.server.log.write.buffer.size = 33554432 (custom)
2019-07-31 00:26:21,939 INFO  server.RaftServerConfigKeys (ConfUtils.java:logGet(43)) - raft.server.log.force.sync.num = 128 (default)
2019-07-31 00:26:21,939 INFO  server.RaftServerConfigKeys (ConfUtils.java:logGet(43)) - raft.server.log.statemachine.data.sync = true (default)
2019-07-31 00:26:21,939 INFO  server.RaftServerConfigKeys (ConfUtils.java:logGet(43)) - raft.server.log.statemachine.data.sync.timeout = 10s (default)
2019-07-31 00:26:21,939 INFO  server.RaftServerConfigKeys (ConfUtils.java:logGet(43)) - raft.server.log.statemachine.data.sync.timeout.retry = -1 (default)
2019-07-31 00:26:21,940 INFO  server.RaftServerConfigKeys (ConfUtils.java:logGet(43)) - raft.server.log.statemachine.data.caching.enabled = true (custom)
2019-07-31 00:26:21,940 INFO  segmented.SegmentedRaftLogWorker (SegmentedRaftLogWorker.java:lambda$new$0(132)) - 3a597c39-0a43-454b-a6c0-8d5437892ae9-SegmentedRaftLogWorker:Storage Directory /workdir/hadoop-ozone/integration-test/target/test-dir/MiniOzoneClusterImpl-13a63858-ce33-4116-bb88-f0b17f8ea069/datanode-1/data/ratis/7ea4ab74-ea05-4621-ad67-1c26f9ab6e39: flushIndex: setUnconditionally 0 -> -1
2019-07-31 00:26:21,940 INFO  server.RaftServerConfigKeys (ConfUtils.java:logGet(43)) - raft.server.snapshot.auto.trigger.enabled = true (custom)
2019-07-31 00:26:21,941 INFO  server.RaftServerConfigKeys (ConfUtils.java:logGet(43)) - raft.server.snapshot.auto.trigger.threshold = 10000 (custom)
2019-07-31 00:26:21,941 INFO  server.RaftServerConfigKeys (ConfUtils.java:logGet(43)) - raft.server.retrycache.expirytime = 600000ms (custom)
2019-07-31 00:26:21,941 INFO  impl.RaftServerImpl (RaftServerImpl.java:start(180)) - 3a597c39-0a43-454b-a6c0-8d5437892ae9: start group-1C26F9AB6E39
2019-07-31 00:26:21,941 INFO  impl.RaftServerImpl (RaftServerImpl.java:setRole(171)) - 3a597c39-0a43-454b-a6c0-8d5437892ae9:group-1C26F9AB6E39 changes role from null to FOLLOWER at term 0 for startAsFollower
2019-07-31 00:26:21,941 INFO  impl.RoleInfo (RoleInfo.java:updateAndGet(143)) - 3a597c39-0a43-454b-a6c0-8d5437892ae9: start FollowerState
2019-07-31 00:26:21,942 INFO  util.JmxRegister (JmxRegister.java:tryRegister(44)) - Successfully registered JMX Bean with object name Ratis:service=RaftServer,group=group-1C26F9AB6E39,id=3a597c39-0a43-454b-a6c0-8d5437892ae9
2019-07-31 00:26:21,947 INFO  pipeline.PipelineStateManager (PipelineStateManager.java:addPipeline(56)) - Created pipeline Pipeline[ Id: 7ea4ab74-ea05-4621-ad67-1c26f9ab6e39, Nodes: 3a597c39-0a43-454b-a6c0-8d5437892ae9{ip: 192.168.69.114, host: byscane-nightly-8jrs9-2386324885, networkLocation: /default-rack, certSerialId: null}, Type:RATIS, Factor:ONE, State:OPEN]
2019-07-31 00:26:22,057 INFO  net.NetworkTopology (NetworkTopologyImpl.java:add(110)) - Added a new node: /default-rack/5d2309ef-d4d1-4471-945c-913d9d893b2e
2019-07-31 00:26:22,058 INFO  node.SCMNodeManager (SCMNodeManager.java:register(273)) - Registered Data node : 5d2309ef-d4d1-4471-945c-913d9d893b2e{ip: 192.168.69.114, host: byscane-nightly-8jrs9-2386324885, networkLocation: /default-rack, certSerialId: null}
2019-07-31 00:26:22,067 INFO  impl.RaftServerProxy (RaftServerProxy.java:addNew(89)) - 5d2309ef-d4d1-4471-945c-913d9d893b2e: addNew group-5544BBA16F1E:[5d2309ef-d4d1-4471-945c-913d9d893b2e:192.168.69.114:41414] returns group-5544BBA16F1E:java.util.concurrent.CompletableFuture@1a84a4a7[Not completed]
2019-07-31 00:26:22,068 INFO  impl.RaftServerImpl (RaftServerImpl.java:<init>(93)) - 5d2309ef-d4d1-4471-945c-913d9d893b2e: new RaftServerImpl for group-5544BBA16F1E:[5d2309ef-d4d1-4471-945c-913d9d893b2e:192.168.69.114:41414] with ContainerStateMachine:uninitialized
2019-07-31 00:26:22,068 INFO  server.RaftServerConfigKeys (ConfUtils.java:logGet(43)) - raft.server.rpc.timeout.min = 1s (custom)
2019-07-31 00:26:22,069 INFO  server.RaftServerConfigKeys (ConfUtils.java:logGet(43)) - raft.server.rpc.timeout.max = 1200ms (custom)
2019-07-31 00:26:22,069 INFO  server.RaftServerConfigKeys (ConfUtils.java:logGet(43)) - raft.server.rpcslowness.timeout = 120s (custom)
2019-07-31 00:26:22,069 INFO  server.RaftServerConfigKeys (ConfUtils.java:logGet(43)) - raft.server.sleep.deviation.threshold = 300 (default)
2019-07-31 00:26:22,069 INFO  server.RaftServerConfigKeys (ConfUtils.java:logGet(43)) - raft.server.log.appender.install.snapshot.enabled = false (custom)
2019-07-31 00:26:22,069 INFO  impl.RaftServerImpl (ServerState.java:<init>(105)) - 5d2309ef-d4d1-4471-945c-913d9d893b2e:group-5544BBA16F1E ConfigurationManager, init=-1: [5d2309ef-d4d1-4471-945c-913d9d893b2e:192.168.69.114:41414], old=null, confs=<EMPTY_MAP>
2019-07-31 00:26:22,069 INFO  server.RaftServerConfigKeys (ConfUtils.java:logGet(43)) - raft.server.storage.dir = [/workdir/hadoop-ozone/integration-test/target/test-dir/MiniOzoneClusterImpl-13a63858-ce33-4116-bb88-f0b17f8ea069/datanode-2/data/ratis] (custom)
2019-07-31 00:26:22,070 INFO  storage.RaftStorageDirectory (RaftStorageDirectory.java:analyzeStorage(246)) - The storage directory /workdir/hadoop-ozone/integration-test/target/test-dir/MiniOzoneClusterImpl-13a63858-ce33-4116-bb88-f0b17f8ea069/datanode-2/data/ratis/36e41dd6-9ddd-4781-a15b-5544bba16f1e does not exist. Creating ...
2019-07-31 00:26:22,092 INFO  storage.RaftStorageDirectory (RaftStorageDirectory.java:tryLock(328)) - Lock on /workdir/hadoop-ozone/integration-test/target/test-dir/MiniOzoneClusterImpl-13a63858-ce33-4116-bb88-f0b17f8ea069/datanode-2/data/ratis/36e41dd6-9ddd-4781-a15b-5544bba16f1e/in_use.lock acquired by nodename 6404@byscane-nightly-8jrs9-2386324885
2019-07-31 00:26:22,105 INFO  storage.RaftStorage (RaftStorage.java:format(72)) - Storage directory /workdir/hadoop-ozone/integration-test/target/test-dir/MiniOzoneClusterImpl-13a63858-ce33-4116-bb88-f0b17f8ea069/datanode-2/data/ratis/36e41dd6-9ddd-4781-a15b-5544bba16f1e has been successfully formatted.
2019-07-31 00:26:22,106 INFO  ratis.ContainerStateMachine (ContainerStateMachine.java:loadSnapshot(213)) - group-5544BBA16F1E: The snapshot info is null. Setting the last applied indexto:(t:0, i:~)
2019-07-31 00:26:22,106 INFO  server.RaftServerConfigKeys (ConfUtils.java:logGet(43)) - raft.server.leader.election.timeout = 120s (custom)
2019-07-31 00:26:22,106 INFO  server.RaftServerConfigKeys (ConfUtils.java:logGet(43)) - raft.server.log.use.memory = false (default)
2019-07-31 00:26:22,106 INFO  server.RaftServerConfigKeys (ConfUtils.java:logGet(43)) - raft.server.log.purge.gap = 1000000000 (custom)
2019-07-31 00:26:22,107 INFO  server.RaftServerConfigKeys (ConfUtils.java:logGet(43)) - raft.server.log.appender.buffer.byte-limit = 33554432 (custom)
2019-07-31 00:26:22,107 INFO  server.RaftServerConfigKeys (ConfUtils.java:logGet(43)) - raft.server.log.segment.size.max = 1048576 (custom)
2019-07-31 00:26:22,107 INFO  server.RaftServerConfigKeys (ConfUtils.java:logGet(43)) - raft.server.log.segment.cache.num.max = 2 (custom)
2019-07-31 00:26:22,107 INFO  segmented.SegmentedRaftLogWorker (SegmentedRaftLogWorker.java:<init>(172)) - new 5d2309ef-d4d1-4471-945c-913d9d893b2e-SegmentedRaftLogWorker:Storage Directory /workdir/hadoop-ozone/integration-test/target/test-dir/MiniOzoneClusterImpl-13a63858-ce33-4116-bb88-f0b17f8ea069/datanode-2/data/ratis/36e41dd6-9ddd-4781-a15b-5544bba16f1e for RaftStorage:Storage Directory /workdir/hadoop-ozone/integration-test/target/test-dir/MiniOzoneClusterImpl-13a63858-ce33-4116-bb88-f0b17f8ea069/datanode-2/data/ratis/36e41dd6-9ddd-4781-a15b-5544bba16f1e
2019-07-31 00:26:22,107 INFO  server.RaftServerConfigKeys (ConfUtils.java:logGet(43)) - raft.server.log.queue.byte-limit = 2147483647 (custom)
2019-07-31 00:26:22,108 INFO  server.RaftServerConfigKeys (ConfUtils.java:logGet(43)) - raft.server.log.queue.element-limit = 1024 (custom)
2019-07-31 00:26:22,108 INFO  server.RaftServerConfigKeys (ConfUtils.java:logGet(43)) - raft.server.log.segment.size.max = 1048576 (custom)
2019-07-31 00:26:22,108 INFO  server.RaftServerConfigKeys (ConfUtils.java:logGet(43)) - raft.server.log.preallocated.size = 16384 (custom)
2019-07-31 00:26:22,108 INFO  server.RaftServerConfigKeys (ConfUtils.java:logGet(43)) - raft.server.log.write.buffer.size = 33554432 (custom)
2019-07-31 00:26:22,108 INFO  server.RaftServerConfigKeys (ConfUtils.java:logGet(43)) - raft.server.log.force.sync.num = 128 (default)
2019-07-31 00:26:22,108 INFO  server.RaftServerConfigKeys (ConfUtils.java:logGet(43)) - raft.server.log.statemachine.data.sync = true (default)
2019-07-31 00:26:22,108 INFO  server.RaftServerConfigKeys (ConfUtils.java:logGet(43)) - raft.server.log.statemachine.data.sync.timeout = 10s (default)
2019-07-31 00:26:22,109 INFO  server.RaftServerConfigKeys (ConfUtils.java:logGet(43)) - raft.server.log.statemachine.data.sync.timeout.retry = -1 (default)
2019-07-31 00:26:22,109 INFO  server.RaftServerConfigKeys (ConfUtils.java:logGet(43)) - raft.server.log.statemachine.data.caching.enabled = true (custom)
2019-07-31 00:26:22,109 INFO  segmented.SegmentedRaftLogWorker (SegmentedRaftLogWorker.java:lambda$new$0(132)) - 5d2309ef-d4d1-4471-945c-913d9d893b2e-SegmentedRaftLogWorker:Storage Directory /workdir/hadoop-ozone/integration-test/target/test-dir/MiniOzoneClusterImpl-13a63858-ce33-4116-bb88-f0b17f8ea069/datanode-2/data/ratis/36e41dd6-9ddd-4781-a15b-5544bba16f1e: flushIndex: setUnconditionally 0 -> -1
2019-07-31 00:26:22,110 INFO  server.RaftServerConfigKeys (ConfUtils.java:logGet(43)) - raft.server.snapshot.auto.trigger.enabled = true (custom)
2019-07-31 00:26:22,110 INFO  server.RaftServerConfigKeys (ConfUtils.java:logGet(43)) - raft.server.snapshot.auto.trigger.threshold = 10000 (custom)
2019-07-31 00:26:22,110 INFO  server.RaftServerConfigKeys (ConfUtils.java:logGet(43)) - raft.server.retrycache.expirytime = 600000ms (custom)
2019-07-31 00:26:22,110 INFO  impl.RaftServerImpl (RaftServerImpl.java:start(180)) - 5d2309ef-d4d1-4471-945c-913d9d893b2e: start group-5544BBA16F1E
2019-07-31 00:26:22,110 INFO  impl.RaftServerImpl (RaftServerImpl.java:setRole(171)) - 5d2309ef-d4d1-4471-945c-913d9d893b2e:group-5544BBA16F1E changes role from null to FOLLOWER at term 0 for startAsFollower
2019-07-31 00:26:22,110 INFO  impl.RoleInfo (RoleInfo.java:updateAndGet(143)) - 5d2309ef-d4d1-4471-945c-913d9d893b2e: start FollowerState
2019-07-31 00:26:22,111 INFO  util.JmxRegister (JmxRegister.java:tryRegister(44)) - Successfully registered JMX Bean with object name Ratis:service=RaftServer,group=group-5544BBA16F1E,id=5d2309ef-d4d1-4471-945c-913d9d893b2e
2019-07-31 00:26:22,116 INFO  pipeline.PipelineStateManager (PipelineStateManager.java:addPipeline(56)) - Created pipeline Pipeline[ Id: 36e41dd6-9ddd-4781-a15b-5544bba16f1e, Nodes: 5d2309ef-d4d1-4471-945c-913d9d893b2e{ip: 192.168.69.114, host: byscane-nightly-8jrs9-2386324885, networkLocation: /default-rack, certSerialId: null}, Type:RATIS, Factor:ONE, State:OPEN]
2019-07-31 00:26:22,130 INFO  impl.RaftServerProxy (RaftServerProxy.java:addNew(89)) - 1af9e51e-2b0f-41ac-9c83-69b8eff30174: addNew group-EB025B5D104C:[1af9e51e-2b0f-41ac-9c83-69b8eff30174:192.168.69.114:37143, 3a597c39-0a43-454b-a6c0-8d5437892ae9:192.168.69.114:40624, 5d2309ef-d4d1-4471-945c-913d9d893b2e:192.168.69.114:41414] returns group-EB025B5D104C:java.util.concurrent.CompletableFuture@53aa9788[Not completed]
2019-07-31 00:26:22,132 INFO  impl.RaftServerProxy (RaftServerProxy.java:addNew(89)) - 3a597c39-0a43-454b-a6c0-8d5437892ae9: addNew group-EB025B5D104C:[1af9e51e-2b0f-41ac-9c83-69b8eff30174:192.168.69.114:37143, 3a597c39-0a43-454b-a6c0-8d5437892ae9:192.168.69.114:40624, 5d2309ef-d4d1-4471-945c-913d9d893b2e:192.168.69.114:41414] returns group-EB025B5D104C:java.util.concurrent.CompletableFuture@2f5f87bb[Not completed]
2019-07-31 00:26:22,132 INFO  impl.RaftServerProxy (RaftServerProxy.java:addNew(89)) - 5d2309ef-d4d1-4471-945c-913d9d893b2e: addNew group-EB025B5D104C:[1af9e51e-2b0f-41ac-9c83-69b8eff30174:192.168.69.114:37143, 3a597c39-0a43-454b-a6c0-8d5437892ae9:192.168.69.114:40624, 5d2309ef-d4d1-4471-945c-913d9d893b2e:192.168.69.114:41414] returns group-EB025B5D104C:java.util.concurrent.CompletableFuture@47d3a267[Not completed]
2019-07-31 00:26:22,134 INFO  impl.RaftServerImpl (RaftServerImpl.java:<init>(93)) - 1af9e51e-2b0f-41ac-9c83-69b8eff30174: new RaftServerImpl for group-EB025B5D104C:[1af9e51e-2b0f-41ac-9c83-69b8eff30174:192.168.69.114:37143, 3a597c39-0a43-454b-a6c0-8d5437892ae9:192.168.69.114:40624, 5d2309ef-d4d1-4471-945c-913d9d893b2e:192.168.69.114:41414] with ContainerStateMachine:uninitialized
2019-07-31 00:26:22,134 INFO  server.RaftServerConfigKeys (ConfUtils.java:logGet(43)) - raft.server.rpc.timeout.min = 1s (custom)
2019-07-31 00:26:22,134 INFO  server.RaftServerConfigKeys (ConfUtils.java:logGet(43)) - raft.server.rpc.timeout.max = 1200ms (custom)
2019-07-31 00:26:22,134 INFO  server.RaftServerConfigKeys (ConfUtils.java:logGet(43)) - raft.server.rpcslowness.timeout = 120s (custom)
2019-07-31 00:26:22,134 INFO  server.RaftServerConfigKeys (ConfUtils.java:logGet(43)) - raft.server.sleep.deviation.threshold = 300 (default)
2019-07-31 00:26:22,135 INFO  impl.RaftServerImpl (RaftServerImpl.java:<init>(93)) - 5d2309ef-d4d1-4471-945c-913d9d893b2e: new RaftServerImpl for group-EB025B5D104C:[1af9e51e-2b0f-41ac-9c83-69b8eff30174:192.168.69.114:37143, 3a597c39-0a43-454b-a6c0-8d5437892ae9:192.168.69.114:40624, 5d2309ef-d4d1-4471-945c-913d9d893b2e:192.168.69.114:41414] with ContainerStateMachine:uninitialized
2019-07-31 00:26:22,135 INFO  server.RaftServerConfigKeys (ConfUtils.java:logGet(43)) - raft.server.log.appender.install.snapshot.enabled = false (custom)
2019-07-31 00:26:22,135 INFO  server.RaftServerConfigKeys (ConfUtils.java:logGet(43)) - raft.server.rpc.timeout.min = 1s (custom)
2019-07-31 00:26:22,135 INFO  impl.RaftServerImpl (ServerState.java:<init>(105)) - 1af9e51e-2b0f-41ac-9c83-69b8eff30174:group-EB025B5D104C ConfigurationManager, init=-1: [1af9e51e-2b0f-41ac-9c83-69b8eff30174:192.168.69.114:37143, 3a597c39-0a43-454b-a6c0-8d5437892ae9:192.168.69.114:40624, 5d2309ef-d4d1-4471-945c-913d9d893b2e:192.168.69.114:41414], old=null, confs=<EMPTY_MAP>
2019-07-31 00:26:22,135 INFO  server.RaftServerConfigKeys (ConfUtils.java:logGet(43)) - raft.server.rpc.timeout.max = 1200ms (custom)
2019-07-31 00:26:22,135 INFO  server.RaftServerConfigKeys (ConfUtils.java:logGet(43)) - raft.server.storage.dir = [/workdir/hadoop-ozone/integration-test/target/test-dir/MiniOzoneClusterImpl-13a63858-ce33-4116-bb88-f0b17f8ea069/datanode-0/data/ratis] (custom)
2019-07-31 00:26:22,135 INFO  impl.RaftServerImpl (RaftServerImpl.java:<init>(93)) - 3a597c39-0a43-454b-a6c0-8d5437892ae9: new RaftServerImpl for group-EB025B5D104C:[1af9e51e-2b0f-41ac-9c83-69b8eff30174:192.168.69.114:37143, 3a597c39-0a43-454b-a6c0-8d5437892ae9:192.168.69.114:40624, 5d2309ef-d4d1-4471-945c-913d9d893b2e:192.168.69.114:41414] with ContainerStateMachine:uninitialized
2019-07-31 00:26:22,135 INFO  server.RaftServerConfigKeys (ConfUtils.java:logGet(43)) - raft.server.rpcslowness.timeout = 120s (custom)
2019-07-31 00:26:22,136 INFO  storage.RaftStorageDirectory (RaftStorageDirectory.java:analyzeStorage(246)) - The storage directory /workdir/hadoop-ozone/integration-test/target/test-dir/MiniOzoneClusterImpl-13a63858-ce33-4116-bb88-f0b17f8ea069/datanode-0/data/ratis/a3eae83f-b6d8-4b57-84d7-eb025b5d104c does not exist. Creating ...
2019-07-31 00:26:22,136 INFO  server.RaftServerConfigKeys (ConfUtils.java:logGet(43)) - raft.server.rpc.timeout.min = 1s (custom)
2019-07-31 00:26:22,136 INFO  server.RaftServerConfigKeys (ConfUtils.java:logGet(43)) - raft.server.sleep.deviation.threshold = 300 (default)
2019-07-31 00:26:22,136 INFO  server.RaftServerConfigKeys (ConfUtils.java:logGet(43)) - raft.server.rpc.timeout.max = 1200ms (custom)
2019-07-31 00:26:22,136 INFO  server.RaftServerConfigKeys (ConfUtils.java:logGet(43)) - raft.server.log.appender.install.snapshot.enabled = false (custom)
2019-07-31 00:26:22,137 INFO  server.RaftServerConfigKeys (ConfUtils.java:logGet(43)) - raft.server.rpcslowness.timeout = 120s (custom)
2019-07-31 00:26:22,137 INFO  impl.RaftServerImpl (ServerState.java:<init>(105)) - 5d2309ef-d4d1-4471-945c-913d9d893b2e:group-EB025B5D104C ConfigurationManager, init=-1: [1af9e51e-2b0f-41ac-9c83-69b8eff30174:192.168.69.114:37143, 3a597c39-0a43-454b-a6c0-8d5437892ae9:192.168.69.114:40624, 5d2309ef-d4d1-4471-945c-913d9d893b2e:192.168.69.114:41414], old=null, confs=<EMPTY_MAP>
2019-07-31 00:26:22,137 INFO  server.RaftServerConfigKeys (ConfUtils.java:logGet(43)) - raft.server.sleep.deviation.threshold = 300 (default)
2019-07-31 00:26:22,137 INFO  server.RaftServerConfigKeys (ConfUtils.java:logGet(43)) - raft.server.storage.dir = [/workdir/hadoop-ozone/integration-test/target/test-dir/MiniOzoneClusterImpl-13a63858-ce33-4116-bb88-f0b17f8ea069/datanode-2/data/ratis] (custom)
2019-07-31 00:26:22,137 INFO  server.RaftServerConfigKeys (ConfUtils.java:logGet(43)) - raft.server.log.appender.install.snapshot.enabled = false (custom)
2019-07-31 00:26:22,138 INFO  impl.RaftServerImpl (ServerState.java:<init>(105)) - 3a597c39-0a43-454b-a6c0-8d5437892ae9:group-EB025B5D104C ConfigurationManager, init=-1: [1af9e51e-2b0f-41ac-9c83-69b8eff30174:192.168.69.114:37143, 3a597c39-0a43-454b-a6c0-8d5437892ae9:192.168.69.114:40624, 5d2309ef-d4d1-4471-945c-913d9d893b2e:192.168.69.114:41414], old=null, confs=<EMPTY_MAP>
2019-07-31 00:26:22,138 INFO  storage.RaftStorageDirectory (RaftStorageDirectory.java:analyzeStorage(246)) - The storage directory /workdir/hadoop-ozone/integration-test/target/test-dir/MiniOzoneClusterImpl-13a63858-ce33-4116-bb88-f0b17f8ea069/datanode-2/data/ratis/a3eae83f-b6d8-4b57-84d7-eb025b5d104c does not exist. Creating ...
2019-07-31 00:26:22,138 INFO  server.RaftServerConfigKeys (ConfUtils.java:logGet(43)) - raft.server.storage.dir = [/workdir/hadoop-ozone/integration-test/target/test-dir/MiniOzoneClusterImpl-13a63858-ce33-4116-bb88-f0b17f8ea069/datanode-1/data/ratis] (custom)
2019-07-31 00:26:22,139 INFO  storage.RaftStorageDirectory (RaftStorageDirectory.java:analyzeStorage(246)) - The storage directory /workdir/hadoop-ozone/integration-test/target/test-dir/MiniOzoneClusterImpl-13a63858-ce33-4116-bb88-f0b17f8ea069/datanode-1/data/ratis/a3eae83f-b6d8-4b57-84d7-eb025b5d104c does not exist. Creating ...
2019-07-31 00:26:22,150 INFO  storage.RaftStorageDirectory (RaftStorageDirectory.java:tryLock(328)) - Lock on /workdir/hadoop-ozone/integration-test/target/test-dir/MiniOzoneClusterImpl-13a63858-ce33-4116-bb88-f0b17f8ea069/datanode-2/data/ratis/a3eae83f-b6d8-4b57-84d7-eb025b5d104c/in_use.lock acquired by nodename 6404@byscane-nightly-8jrs9-2386324885
2019-07-31 00:26:22,150 INFO  storage.RaftStorageDirectory (RaftStorageDirectory.java:tryLock(328)) - Lock on /workdir/hadoop-ozone/integration-test/target/test-dir/MiniOzoneClusterImpl-13a63858-ce33-4116-bb88-f0b17f8ea069/datanode-1/data/ratis/a3eae83f-b6d8-4b57-84d7-eb025b5d104c/in_use.lock acquired by nodename 6404@byscane-nightly-8jrs9-2386324885
2019-07-31 00:26:22,150 INFO  storage.RaftStorageDirectory (RaftStorageDirectory.java:tryLock(328)) - Lock on /workdir/hadoop-ozone/integration-test/target/test-dir/MiniOzoneClusterImpl-13a63858-ce33-4116-bb88-f0b17f8ea069/datanode-0/data/ratis/a3eae83f-b6d8-4b57-84d7-eb025b5d104c/in_use.lock acquired by nodename 6404@byscane-nightly-8jrs9-2386324885
2019-07-31 00:26:22,163 INFO  storage.RaftStorage (RaftStorage.java:format(72)) - Storage directory /workdir/hadoop-ozone/integration-test/target/test-dir/MiniOzoneClusterImpl-13a63858-ce33-4116-bb88-f0b17f8ea069/datanode-2/data/ratis/a3eae83f-b6d8-4b57-84d7-eb025b5d104c has been successfully formatted.
2019-07-31 00:26:22,163 INFO  storage.RaftStorage (RaftStorage.java:format(72)) - Storage directory /workdir/hadoop-ozone/integration-test/target/test-dir/MiniOzoneClusterImpl-13a63858-ce33-4116-bb88-f0b17f8ea069/datanode-1/data/ratis/a3eae83f-b6d8-4b57-84d7-eb025b5d104c has been successfully formatted.
2019-07-31 00:26:22,163 INFO  storage.RaftStorage (RaftStorage.java:format(72)) - Storage directory /workdir/hadoop-ozone/integration-test/target/test-dir/MiniOzoneClusterImpl-13a63858-ce33-4116-bb88-f0b17f8ea069/datanode-0/data/ratis/a3eae83f-b6d8-4b57-84d7-eb025b5d104c has been successfully formatted.
2019-07-31 00:26:22,164 INFO  ratis.ContainerStateMachine (ContainerStateMachine.java:loadSnapshot(213)) - group-EB025B5D104C: The snapshot info is null. Setting the last applied indexto:(t:0, i:~)
2019-07-31 00:26:22,164 INFO  ratis.ContainerStateMachine (ContainerStateMachine.java:loadSnapshot(213)) - group-EB025B5D104C: The snapshot info is null. Setting the last applied indexto:(t:0, i:~)
2019-07-31 00:26:22,164 INFO  ratis.ContainerStateMachine (ContainerStateMachine.java:loadSnapshot(213)) - group-EB025B5D104C: The snapshot info is null. Setting the last applied indexto:(t:0, i:~)
2019-07-31 00:26:22,164 INFO  server.RaftServerConfigKeys (ConfUtils.java:logGet(43)) - raft.server.leader.election.timeout = 120s (custom)
2019-07-31 00:26:22,164 INFO  server.RaftServerConfigKeys (ConfUtils.java:logGet(43)) - raft.server.leader.election.timeout = 120s (custom)
2019-07-31 00:26:22,165 INFO  server.RaftServerConfigKeys (ConfUtils.java:logGet(43)) - raft.server.log.use.memory = false (default)
2019-07-31 00:26:22,164 INFO  server.RaftServerConfigKeys (ConfUtils.java:logGet(43)) - raft.server.leader.election.timeout = 120s (custom)
2019-07-31 00:26:22,165 INFO  server.RaftServerConfigKeys (ConfUtils.java:logGet(43)) - raft.server.log.purge.gap = 1000000000 (custom)
2019-07-31 00:26:22,165 INFO  server.RaftServerConfigKeys (ConfUtils.java:logGet(43)) - raft.server.log.appender.buffer.byte-limit = 33554432 (custom)
2019-07-31 00:26:22,165 INFO  server.RaftServerConfigKeys (ConfUtils.java:logGet(43)) - raft.server.log.use.memory = false (default)
2019-07-31 00:26:22,165 INFO  server.RaftServerConfigKeys (ConfUtils.java:logGet(43)) - raft.server.log.segment.size.max = 1048576 (custom)
2019-07-31 00:26:22,165 INFO  server.RaftServerConfigKeys (ConfUtils.java:logGet(43)) - raft.server.log.use.memory = false (default)
2019-07-31 00:26:22,166 INFO  server.RaftServerConfigKeys (ConfUtils.java:logGet(43)) - raft.server.log.segment.cache.num.max = 2 (custom)
2019-07-31 00:26:22,166 INFO  server.RaftServerConfigKeys (ConfUtils.java:logGet(43)) - raft.server.log.purge.gap = 1000000000 (custom)
2019-07-31 00:26:22,166 INFO  segmented.SegmentedRaftLogWorker (SegmentedRaftLogWorker.java:<init>(172)) - new 1af9e51e-2b0f-41ac-9c83-69b8eff30174-SegmentedRaftLogWorker:Storage Directory /workdir/hadoop-ozone/integration-test/target/test-dir/MiniOzoneClusterImpl-13a63858-ce33-4116-bb88-f0b17f8ea069/datanode-0/data/ratis/a3eae83f-b6d8-4b57-84d7-eb025b5d104c for RaftStorage:Storage Directory /workdir/hadoop-ozone/integration-test/target/test-dir/MiniOzoneClusterImpl-13a63858-ce33-4116-bb88-f0b17f8ea069/datanode-0/data/ratis/a3eae83f-b6d8-4b57-84d7-eb025b5d104c
2019-07-31 00:26:22,166 INFO  server.RaftServerConfigKeys (ConfUtils.java:logGet(43)) - raft.server.log.purge.gap = 1000000000 (custom)
2019-07-31 00:26:22,166 INFO  server.RaftServerConfigKeys (ConfUtils.java:logGet(43)) - raft.server.log.queue.byte-limit = 2147483647 (custom)
2019-07-31 00:26:22,167 INFO  server.RaftServerConfigKeys (ConfUtils.java:logGet(43)) - raft.server.log.queue.element-limit = 1024 (custom)
2019-07-31 00:26:22,166 INFO  server.RaftServerConfigKeys (ConfUtils.java:logGet(43)) - raft.server.log.appender.buffer.byte-limit = 33554432 (custom)
2019-07-31 00:26:22,167 INFO  server.RaftServerConfigKeys (ConfUtils.java:logGet(43)) - raft.server.log.segment.size.max = 1048576 (custom)
2019-07-31 00:26:22,167 INFO  server.RaftServerConfigKeys (ConfUtils.java:logGet(43)) - raft.server.log.appender.buffer.byte-limit = 33554432 (custom)
2019-07-31 00:26:22,167 INFO  server.RaftServerConfigKeys (ConfUtils.java:logGet(43)) - raft.server.log.preallocated.size = 16384 (custom)
2019-07-31 00:26:22,167 INFO  server.RaftServerConfigKeys (ConfUtils.java:logGet(43)) - raft.server.log.segment.size.max = 1048576 (custom)
2019-07-31 00:26:22,168 INFO  server.RaftServerConfigKeys (ConfUtils.java:logGet(43)) - raft.server.log.write.buffer.size = 33554432 (custom)
2019-07-31 00:26:22,167 INFO  server.RaftServerConfigKeys (ConfUtils.java:logGet(43)) - raft.server.log.segment.size.max = 1048576 (custom)
2019-07-31 00:26:22,168 INFO  server.RaftServerConfigKeys (ConfUtils.java:logGet(43)) - raft.server.log.force.sync.num = 128 (default)
2019-07-31 00:26:22,168 INFO  server.RaftServerConfigKeys (ConfUtils.java:logGet(43)) - raft.server.log.segment.cache.num.max = 2 (custom)
2019-07-31 00:26:22,168 INFO  server.RaftServerConfigKeys (ConfUtils.java:logGet(43)) - raft.server.log.statemachine.data.sync = true (default)
2019-07-31 00:26:22,168 INFO  server.RaftServerConfigKeys (ConfUtils.java:logGet(43)) - raft.server.log.segment.cache.num.max = 2 (custom)
2019-07-31 00:26:22,169 INFO  server.RaftServerConfigKeys (ConfUtils.java:logGet(43)) - raft.server.log.statemachine.data.sync.timeout = 10s (default)
2019-07-31 00:26:22,169 INFO  server.RaftServerConfigKeys (ConfUtils.java:logGet(43)) - raft.server.log.statemachine.data.sync.timeout.retry = -1 (default)
2019-07-31 00:26:22,168 INFO  segmented.SegmentedRaftLogWorker (SegmentedRaftLogWorker.java:<init>(172)) - new 3a597c39-0a43-454b-a6c0-8d5437892ae9-SegmentedRaftLogWorker:Storage Directory /workdir/hadoop-ozone/integration-test/target/test-dir/MiniOzoneClusterImpl-13a63858-ce33-4116-bb88-f0b17f8ea069/datanode-1/data/ratis/a3eae83f-b6d8-4b57-84d7-eb025b5d104c for RaftStorage:Storage Directory /workdir/hadoop-ozone/integration-test/target/test-dir/MiniOzoneClusterImpl-13a63858-ce33-4116-bb88-f0b17f8ea069/datanode-1/data/ratis/a3eae83f-b6d8-4b57-84d7-eb025b5d104c
2019-07-31 00:26:22,169 INFO  server.RaftServerConfigKeys (ConfUtils.java:logGet(43)) - raft.server.log.statemachine.data.caching.enabled = true (custom)
2019-07-31 00:26:22,169 INFO  segmented.SegmentedRaftLogWorker (SegmentedRaftLogWorker.java:<init>(172)) - new 5d2309ef-d4d1-4471-945c-913d9d893b2e-SegmentedRaftLogWorker:Storage Directory /workdir/hadoop-ozone/integration-test/target/test-dir/MiniOzoneClusterImpl-13a63858-ce33-4116-bb88-f0b17f8ea069/datanode-2/data/ratis/a3eae83f-b6d8-4b57-84d7-eb025b5d104c for RaftStorage:Storage Directory /workdir/hadoop-ozone/integration-test/target/test-dir/MiniOzoneClusterImpl-13a63858-ce33-4116-bb88-f0b17f8ea069/datanode-2/data/ratis/a3eae83f-b6d8-4b57-84d7-eb025b5d104c
2019-07-31 00:26:22,169 INFO  server.RaftServerConfigKeys (ConfUtils.java:logGet(43)) - raft.server.log.queue.byte-limit = 2147483647 (custom)
2019-07-31 00:26:22,170 INFO  segmented.SegmentedRaftLogWorker (SegmentedRaftLogWorker.java:lambda$new$0(132)) - 1af9e51e-2b0f-41ac-9c83-69b8eff30174-SegmentedRaftLogWorker:Storage Directory /workdir/hadoop-ozone/integration-test/target/test-dir/MiniOzoneClusterImpl-13a63858-ce33-4116-bb88-f0b17f8ea069/datanode-0/data/ratis/a3eae83f-b6d8-4b57-84d7-eb025b5d104c: flushIndex: setUnconditionally 0 -> -1
2019-07-31 00:26:22,170 INFO  server.RaftServerConfigKeys (ConfUtils.java:logGet(43)) - raft.server.log.queue.byte-limit = 2147483647 (custom)
2019-07-31 00:26:22,170 INFO  server.RaftServerConfigKeys (ConfUtils.java:logGet(43)) - raft.server.log.queue.element-limit = 1024 (custom)
2019-07-31 00:26:22,170 INFO  server.RaftServerConfigKeys (ConfUtils.java:logGet(43)) - raft.server.log.queue.element-limit = 1024 (custom)
2019-07-31 00:26:22,170 INFO  server.RaftServerConfigKeys (ConfUtils.java:logGet(43)) - raft.server.log.segment.size.max = 1048576 (custom)
2019-07-31 00:26:22,170 INFO  server.RaftServerConfigKeys (ConfUtils.java:logGet(43)) - raft.server.snapshot.auto.trigger.enabled = true (custom)
2019-07-31 00:26:22,171 INFO  server.RaftServerConfigKeys (ConfUtils.java:logGet(43)) - raft.server.log.preallocated.size = 16384 (custom)
2019-07-31 00:26:22,171 INFO  server.RaftServerConfigKeys (ConfUtils.java:logGet(43)) - raft.server.log.segment.size.max = 1048576 (custom)
2019-07-31 00:26:22,171 INFO  server.RaftServerConfigKeys (ConfUtils.java:logGet(43)) - raft.server.log.write.buffer.size = 33554432 (custom)
2019-07-31 00:26:22,171 INFO  server.RaftServerConfigKeys (ConfUtils.java:logGet(43)) - raft.server.snapshot.auto.trigger.threshold = 10000 (custom)
2019-07-31 00:26:22,171 INFO  server.RaftServerConfigKeys (ConfUtils.java:logGet(43)) - raft.server.log.force.sync.num = 128 (default)
2019-07-31 00:26:22,172 INFO  server.RaftServerConfigKeys (ConfUtils.java:logGet(43)) - raft.server.log.statemachine.data.sync = true (default)
2019-07-31 00:26:22,171 INFO  server.RaftServerConfigKeys (ConfUtils.java:logGet(43)) - raft.server.log.preallocated.size = 16384 (custom)
2019-07-31 00:26:22,172 INFO  server.RaftServerConfigKeys (ConfUtils.java:logGet(43)) - raft.server.log.statemachine.data.sync.timeout = 10s (default)
2019-07-31 00:26:22,171 INFO  server.RaftServerConfigKeys (ConfUtils.java:logGet(43)) - raft.server.retrycache.expirytime = 600000ms (custom)
2019-07-31 00:26:22,172 INFO  server.RaftServerConfigKeys (ConfUtils.java:logGet(43)) - raft.server.log.statemachine.data.sync.timeout.retry = -1 (default)
2019-07-31 00:26:22,172 INFO  impl.RaftServerImpl (RaftServerImpl.java:start(180)) - 1af9e51e-2b0f-41ac-9c83-69b8eff30174: start group-EB025B5D104C
2019-07-31 00:26:22,172 INFO  server.RaftServerConfigKeys (ConfUtils.java:logGet(43)) - raft.server.log.write.buffer.size = 33554432 (custom)
2019-07-31 00:26:22,172 INFO  impl.RaftServerImpl (RaftServerImpl.java:setRole(171)) - 1af9e51e-2b0f-41ac-9c83-69b8eff30174:group-EB025B5D104C changes role from null to FOLLOWER at term 0 for startAsFollower
2019-07-31 00:26:22,172 INFO  server.RaftServerConfigKeys (ConfUtils.java:logGet(43)) - raft.server.log.statemachine.data.caching.enabled = true (custom)
2019-07-31 00:26:22,173 INFO  impl.RoleInfo (RoleInfo.java:updateAndGet(143)) - 1af9e51e-2b0f-41ac-9c83-69b8eff30174: start FollowerState
2019-07-31 00:26:22,173 INFO  segmented.SegmentedRaftLogWorker (SegmentedRaftLogWorker.java:lambda$new$0(132)) - 5d2309ef-d4d1-4471-945c-913d9d893b2e-SegmentedRaftLogWorker:Storage Directory /workdir/hadoop-ozone/integration-test/target/test-dir/MiniOzoneClusterImpl-13a63858-ce33-4116-bb88-f0b17f8ea069/datanode-2/data/ratis/a3eae83f-b6d8-4b57-84d7-eb025b5d104c: flushIndex: setUnconditionally 0 -> -1
2019-07-31 00:26:22,173 INFO  server.RaftServerConfigKeys (ConfUtils.java:logGet(43)) - raft.server.log.force.sync.num = 128 (default)
2019-07-31 00:26:22,173 INFO  server.RaftServerConfigKeys (ConfUtils.java:logGet(43)) - raft.server.log.statemachine.data.sync = true (default)
2019-07-31 00:26:22,173 INFO  util.JmxRegister (JmxRegister.java:tryRegister(44)) - Successfully registered JMX Bean with object name Ratis:service=RaftServer,group=group-EB025B5D104C,id=1af9e51e-2b0f-41ac-9c83-69b8eff30174
2019-07-31 00:26:22,173 INFO  server.RaftServerConfigKeys (ConfUtils.java:logGet(43)) - raft.server.snapshot.auto.trigger.enabled = true (custom)
2019-07-31 00:26:22,174 INFO  server.RaftServerConfigKeys (ConfUtils.java:logGet(43)) - raft.server.log.statemachine.data.sync.timeout = 10s (default)
2019-07-31 00:26:22,174 INFO  server.RaftServerConfigKeys (ConfUtils.java:logGet(43)) - raft.server.snapshot.auto.trigger.threshold = 10000 (custom)
2019-07-31 00:26:22,174 INFO  server.RaftServerConfigKeys (ConfUtils.java:logGet(43)) - raft.server.log.statemachine.data.sync.timeout.retry = -1 (default)
2019-07-31 00:26:22,174 INFO  server.RaftServerConfigKeys (ConfUtils.java:logGet(43)) - raft.server.retrycache.expirytime = 600000ms (custom)
2019-07-31 00:26:22,174 INFO  server.RaftServerConfigKeys (ConfUtils.java:logGet(43)) - raft.server.log.statemachine.data.caching.enabled = true (custom)
2019-07-31 00:26:22,174 INFO  impl.RaftServerImpl (RaftServerImpl.java:start(180)) - 5d2309ef-d4d1-4471-945c-913d9d893b2e: start group-EB025B5D104C
2019-07-31 00:26:22,175 INFO  impl.RaftServerImpl (RaftServerImpl.java:setRole(171)) - 5d2309ef-d4d1-4471-945c-913d9d893b2e:group-EB025B5D104C changes role from null to FOLLOWER at term 0 for startAsFollower
2019-07-31 00:26:22,175 INFO  segmented.SegmentedRaftLogWorker (SegmentedRaftLogWorker.java:lambda$new$0(132)) - 3a597c39-0a43-454b-a6c0-8d5437892ae9-SegmentedRaftLogWorker:Storage Directory /workdir/hadoop-ozone/integration-test/target/test-dir/MiniOzoneClusterImpl-13a63858-ce33-4116-bb88-f0b17f8ea069/datanode-1/data/ratis/a3eae83f-b6d8-4b57-84d7-eb025b5d104c: flushIndex: setUnconditionally 0 -> -1
2019-07-31 00:26:22,175 INFO  impl.RoleInfo (RoleInfo.java:updateAndGet(143)) - 5d2309ef-d4d1-4471-945c-913d9d893b2e: start FollowerState
2019-07-31 00:26:22,179 INFO  server.RaftServerConfigKeys (ConfUtils.java:logGet(43)) - raft.server.snapshot.auto.trigger.enabled = true (custom)
2019-07-31 00:26:22,179 INFO  server.RaftServerConfigKeys (ConfUtils.java:logGet(43)) - raft.server.snapshot.auto.trigger.threshold = 10000 (custom)
2019-07-31 00:26:22,179 INFO  util.JmxRegister (JmxRegister.java:tryRegister(44)) - Successfully registered JMX Bean with object name Ratis:service=RaftServer,group=group-EB025B5D104C,id=5d2309ef-d4d1-4471-945c-913d9d893b2e
2019-07-31 00:26:22,179 INFO  server.RaftServerConfigKeys (ConfUtils.java:logGet(43)) - raft.server.retrycache.expirytime = 600000ms (custom)
2019-07-31 00:26:22,179 INFO  impl.RaftServerImpl (RaftServerImpl.java:start(180)) - 3a597c39-0a43-454b-a6c0-8d5437892ae9: start group-EB025B5D104C
2019-07-31 00:26:22,180 INFO  impl.RaftServerImpl (RaftServerImpl.java:setRole(171)) - 3a597c39-0a43-454b-a6c0-8d5437892ae9:group-EB025B5D104C changes role from null to FOLLOWER at term 0 for startAsFollower
2019-07-31 00:26:22,180 INFO  impl.RoleInfo (RoleInfo.java:updateAndGet(143)) - 3a597c39-0a43-454b-a6c0-8d5437892ae9: start FollowerState
2019-07-31 00:26:22,183 INFO  util.JmxRegister (JmxRegister.java:tryRegister(44)) - Successfully registered JMX Bean with object name Ratis:service=RaftServer,group=group-EB025B5D104C,id=3a597c39-0a43-454b-a6c0-8d5437892ae9
2019-07-31 00:26:22,188 INFO  pipeline.PipelineStateManager (PipelineStateManager.java:addPipeline(56)) - Created pipeline Pipeline[ Id: a3eae83f-b6d8-4b57-84d7-eb025b5d104c, Nodes: 1af9e51e-2b0f-41ac-9c83-69b8eff30174{ip: 192.168.69.114, host: byscane-nightly-8jrs9-2386324885, networkLocation: /default-rack, certSerialId: null}5d2309ef-d4d1-4471-945c-913d9d893b2e{ip: 192.168.69.114, host: byscane-nightly-8jrs9-2386324885, networkLocation: /default-rack, certSerialId: null}3a597c39-0a43-454b-a6c0-8d5437892ae9{ip: 192.168.69.114, host: byscane-nightly-8jrs9-2386324885, networkLocation: /default-rack, certSerialId: null}, Type:RATIS, Factor:THREE, State:OPEN]
2019-07-31 00:26:22,230 INFO  net.NetworkTopology (NetworkTopologyImpl.java:add(110)) - Added a new node: /default-rack/00cf1b03-adbe-4ac0-9ac5-c56a223b4eaa
2019-07-31 00:26:22,230 INFO  node.SCMNodeManager (SCMNodeManager.java:register(273)) - Registered Data node : 00cf1b03-adbe-4ac0-9ac5-c56a223b4eaa{ip: 192.168.69.114, host: byscane-nightly-8jrs9-2386324885, networkLocation: /default-rack, certSerialId: null}
2019-07-31 00:26:22,238 INFO  impl.RaftServerProxy (RaftServerProxy.java:addNew(89)) - 00cf1b03-adbe-4ac0-9ac5-c56a223b4eaa: addNew group-358812C03AE4:[00cf1b03-adbe-4ac0-9ac5-c56a223b4eaa:192.168.69.114:38847] returns group-358812C03AE4:java.util.concurrent.CompletableFuture@1585a41d[Not completed]
2019-07-31 00:26:22,243 INFO  impl.RaftServerImpl (RaftServerImpl.java:<init>(93)) - 00cf1b03-adbe-4ac0-9ac5-c56a223b4eaa: new RaftServerImpl for group-358812C03AE4:[00cf1b03-adbe-4ac0-9ac5-c56a223b4eaa:192.168.69.114:38847] with ContainerStateMachine:uninitialized
2019-07-31 00:26:22,244 INFO  server.RaftServerConfigKeys (ConfUtils.java:logGet(43)) - raft.server.rpc.timeout.min = 1s (custom)
2019-07-31 00:26:22,244 INFO  server.RaftServerConfigKeys (ConfUtils.java:logGet(43)) - raft.server.rpc.timeout.max = 1200ms (custom)
2019-07-31 00:26:22,244 INFO  server.RaftServerConfigKeys (ConfUtils.java:logGet(43)) - raft.server.rpcslowness.timeout = 120s (custom)
2019-07-31 00:26:22,244 INFO  server.RaftServerConfigKeys (ConfUtils.java:logGet(43)) - raft.server.sleep.deviation.threshold = 300 (default)
2019-07-31 00:26:22,244 INFO  server.RaftServerConfigKeys (ConfUtils.java:logGet(43)) - raft.server.log.appender.install.snapshot.enabled = false (custom)
2019-07-31 00:26:22,244 INFO  impl.RaftServerImpl (ServerState.java:<init>(105)) - 00cf1b03-adbe-4ac0-9ac5-c56a223b4eaa:group-358812C03AE4 ConfigurationManager, init=-1: [00cf1b03-adbe-4ac0-9ac5-c56a223b4eaa:192.168.69.114:38847], old=null, confs=<EMPTY_MAP>
2019-07-31 00:26:22,244 INFO  server.RaftServerConfigKeys (ConfUtils.java:logGet(43)) - raft.server.storage.dir = [/workdir/hadoop-ozone/integration-test/target/test-dir/MiniOzoneClusterImpl-13a63858-ce33-4116-bb88-f0b17f8ea069/datanode-3/data/ratis] (custom)
2019-07-31 00:26:22,245 INFO  storage.RaftStorageDirectory (RaftStorageDirectory.java:analyzeStorage(246)) - The storage directory /workdir/hadoop-ozone/integration-test/target/test-dir/MiniOzoneClusterImpl-13a63858-ce33-4116-bb88-f0b17f8ea069/datanode-3/data/ratis/1b3538f0-6b8b-411d-a35f-358812c03ae4 does not exist. Creating ...
2019-07-31 00:26:22,258 INFO  storage.RaftStorageDirectory (RaftStorageDirectory.java:tryLock(328)) - Lock on /workdir/hadoop-ozone/integration-test/target/test-dir/MiniOzoneClusterImpl-13a63858-ce33-4116-bb88-f0b17f8ea069/datanode-3/data/ratis/1b3538f0-6b8b-411d-a35f-358812c03ae4/in_use.lock acquired by nodename 6404@byscane-nightly-8jrs9-2386324885
2019-07-31 00:26:22,272 INFO  storage.RaftStorage (RaftStorage.java:format(72)) - Storage directory /workdir/hadoop-ozone/integration-test/target/test-dir/MiniOzoneClusterImpl-13a63858-ce33-4116-bb88-f0b17f8ea069/datanode-3/data/ratis/1b3538f0-6b8b-411d-a35f-358812c03ae4 has been successfully formatted.
2019-07-31 00:26:22,272 INFO  ratis.ContainerStateMachine (ContainerStateMachine.java:loadSnapshot(213)) - group-358812C03AE4: The snapshot info is null. Setting the last applied indexto:(t:0, i:~)
2019-07-31 00:26:22,272 INFO  server.RaftServerConfigKeys (ConfUtils.java:logGet(43)) - raft.server.leader.election.timeout = 120s (custom)
2019-07-31 00:26:22,273 INFO  server.RaftServerConfigKeys (ConfUtils.java:logGet(43)) - raft.server.log.use.memory = false (default)
2019-07-31 00:26:22,273 INFO  server.RaftServerConfigKeys (ConfUtils.java:logGet(43)) - raft.server.log.purge.gap = 1000000000 (custom)
2019-07-31 00:26:22,273 INFO  server.RaftServerConfigKeys (ConfUtils.java:logGet(43)) - raft.server.log.appender.buffer.byte-limit = 33554432 (custom)
2019-07-31 00:26:22,273 INFO  server.RaftServerConfigKeys (ConfUtils.java:logGet(43)) - raft.server.log.segment.size.max = 1048576 (custom)
2019-07-31 00:26:22,273 INFO  server.RaftServerConfigKeys (ConfUtils.java:logGet(43)) - raft.server.log.segment.cache.num.max = 2 (custom)
2019-07-31 00:26:22,273 INFO  segmented.SegmentedRaftLogWorker (SegmentedRaftLogWorker.java:<init>(172)) - new 00cf1b03-adbe-4ac0-9ac5-c56a223b4eaa-SegmentedRaftLogWorker:Storage Directory /workdir/hadoop-ozone/integration-test/target/test-dir/MiniOzoneClusterImpl-13a63858-ce33-4116-bb88-f0b17f8ea069/datanode-3/data/ratis/1b3538f0-6b8b-411d-a35f-358812c03ae4 for RaftStorage:Storage Directory /workdir/hadoop-ozone/integration-test/target/test-dir/MiniOzoneClusterImpl-13a63858-ce33-4116-bb88-f0b17f8ea069/datanode-3/data/ratis/1b3538f0-6b8b-411d-a35f-358812c03ae4
2019-07-31 00:26:22,274 INFO  server.RaftServerConfigKeys (ConfUtils.java:logGet(43)) - raft.server.log.queue.byte-limit = 2147483647 (custom)
2019-07-31 00:26:22,274 INFO  server.RaftServerConfigKeys (ConfUtils.java:logGet(43)) - raft.server.log.queue.element-limit = 1024 (custom)
2019-07-31 00:26:22,274 INFO  server.RaftServerConfigKeys (ConfUtils.java:logGet(43)) - raft.server.log.segment.size.max = 1048576 (custom)
2019-07-31 00:26:22,274 INFO  server.RaftServerConfigKeys (ConfUtils.java:logGet(43)) - raft.server.log.preallocated.size = 16384 (custom)
2019-07-31 00:26:22,274 INFO  server.RaftServerConfigKeys (ConfUtils.java:logGet(43)) - raft.server.log.write.buffer.size = 33554432 (custom)
2019-07-31 00:26:22,274 INFO  server.RaftServerConfigKeys (ConfUtils.java:logGet(43)) - raft.server.log.force.sync.num = 128 (default)
2019-07-31 00:26:22,274 INFO  server.RaftServerConfigKeys (ConfUtils.java:logGet(43)) - raft.server.log.statemachine.data.sync = true (default)
2019-07-31 00:26:22,275 INFO  server.RaftServerConfigKeys (ConfUtils.java:logGet(43)) - raft.server.log.statemachine.data.sync.timeout = 10s (default)
2019-07-31 00:26:22,275 INFO  server.RaftServerConfigKeys (ConfUtils.java:logGet(43)) - raft.server.log.statemachine.data.sync.timeout.retry = -1 (default)
2019-07-31 00:26:22,275 INFO  server.RaftServerConfigKeys (ConfUtils.java:logGet(43)) - raft.server.log.statemachine.data.caching.enabled = true (custom)
2019-07-31 00:26:22,275 INFO  segmented.SegmentedRaftLogWorker (SegmentedRaftLogWorker.java:lambda$new$0(132)) - 00cf1b03-adbe-4ac0-9ac5-c56a223b4eaa-SegmentedRaftLogWorker:Storage Directory /workdir/hadoop-ozone/integration-test/target/test-dir/MiniOzoneClusterImpl-13a63858-ce33-4116-bb88-f0b17f8ea069/datanode-3/data/ratis/1b3538f0-6b8b-411d-a35f-358812c03ae4: flushIndex: setUnconditionally 0 -> -1
2019-07-31 00:26:22,276 INFO  server.RaftServerConfigKeys (ConfUtils.java:logGet(43)) - raft.server.snapshot.auto.trigger.enabled = true (custom)
2019-07-31 00:26:22,276 INFO  server.RaftServerConfigKeys (ConfUtils.java:logGet(43)) - raft.server.snapshot.auto.trigger.threshold = 10000 (custom)
2019-07-31 00:26:22,276 INFO  server.RaftServerConfigKeys (ConfUtils.java:logGet(43)) - raft.server.retrycache.expirytime = 600000ms (custom)
2019-07-31 00:26:22,276 INFO  impl.RaftServerImpl (RaftServerImpl.java:start(180)) - 00cf1b03-adbe-4ac0-9ac5-c56a223b4eaa: start group-358812C03AE4
2019-07-31 00:26:22,276 INFO  impl.RaftServerImpl (RaftServerImpl.java:setRole(171)) - 00cf1b03-adbe-4ac0-9ac5-c56a223b4eaa:group-358812C03AE4 changes role from null to FOLLOWER at term 0 for startAsFollower
2019-07-31 00:26:22,277 INFO  impl.RoleInfo (RoleInfo.java:updateAndGet(143)) - 00cf1b03-adbe-4ac0-9ac5-c56a223b4eaa: start FollowerState
2019-07-31 00:26:22,277 INFO  util.JmxRegister (JmxRegister.java:tryRegister(44)) - Successfully registered JMX Bean with object name Ratis:service=RaftServer,group=group-358812C03AE4,id=00cf1b03-adbe-4ac0-9ac5-c56a223b4eaa
2019-07-31 00:26:22,282 INFO  pipeline.PipelineStateManager (PipelineStateManager.java:addPipeline(56)) - Created pipeline Pipeline[ Id: 1b3538f0-6b8b-411d-a35f-358812c03ae4, Nodes: 00cf1b03-adbe-4ac0-9ac5-c56a223b4eaa{ip: 192.168.69.114, host: byscane-nightly-8jrs9-2386324885, networkLocation: /default-rack, certSerialId: null}, Type:RATIS, Factor:ONE, State:OPEN]
2019-07-31 00:26:22,460 INFO  net.NetworkTopology (NetworkTopologyImpl.java:add(110)) - Added a new node: /default-rack/0c2d81da-dd8f-4393-998f-135e8cc84210
2019-07-31 00:26:22,460 INFO  node.SCMNodeManager (SCMNodeManager.java:register(273)) - Registered Data node : 0c2d81da-dd8f-4393-998f-135e8cc84210{ip: 192.168.69.114, host: byscane-nightly-8jrs9-2386324885, networkLocation: /default-rack, certSerialId: null}
2019-07-31 00:26:22,468 INFO  impl.RaftServerProxy (RaftServerProxy.java:addNew(89)) - 0c2d81da-dd8f-4393-998f-135e8cc84210: addNew group-5E229D7D5F7A:[0c2d81da-dd8f-4393-998f-135e8cc84210:192.168.69.114:32785] returns group-5E229D7D5F7A:java.util.concurrent.CompletableFuture@1ae11de[Not completed]
2019-07-31 00:26:22,474 INFO  impl.RaftServerImpl (RaftServerImpl.java:<init>(93)) - 0c2d81da-dd8f-4393-998f-135e8cc84210: new RaftServerImpl for group-5E229D7D5F7A:[0c2d81da-dd8f-4393-998f-135e8cc84210:192.168.69.114:32785] with ContainerStateMachine:uninitialized
2019-07-31 00:26:22,474 INFO  server.RaftServerConfigKeys (ConfUtils.java:logGet(43)) - raft.server.rpc.timeout.min = 1s (custom)
2019-07-31 00:26:22,474 INFO  server.RaftServerConfigKeys (ConfUtils.java:logGet(43)) - raft.server.rpc.timeout.max = 1200ms (custom)
2019-07-31 00:26:22,474 INFO  server.RaftServerConfigKeys (ConfUtils.java:logGet(43)) - raft.server.rpcslowness.timeout = 120s (custom)
2019-07-31 00:26:22,475 INFO  server.RaftServerConfigKeys (ConfUtils.java:logGet(43)) - raft.server.sleep.deviation.threshold = 300 (default)
2019-07-31 00:26:22,475 INFO  server.RaftServerConfigKeys (ConfUtils.java:logGet(43)) - raft.server.log.appender.install.snapshot.enabled = false (custom)
2019-07-31 00:26:22,475 INFO  impl.RaftServerImpl (ServerState.java:<init>(105)) - 0c2d81da-dd8f-4393-998f-135e8cc84210:group-5E229D7D5F7A ConfigurationManager, init=-1: [0c2d81da-dd8f-4393-998f-135e8cc84210:192.168.69.114:32785], old=null, confs=<EMPTY_MAP>
2019-07-31 00:26:22,475 INFO  server.RaftServerConfigKeys (ConfUtils.java:logGet(43)) - raft.server.storage.dir = [/workdir/hadoop-ozone/integration-test/target/test-dir/MiniOzoneClusterImpl-13a63858-ce33-4116-bb88-f0b17f8ea069/datanode-4/data/ratis] (custom)
2019-07-31 00:26:22,476 INFO  storage.RaftStorageDirectory (RaftStorageDirectory.java:analyzeStorage(246)) - The storage directory /workdir/hadoop-ozone/integration-test/target/test-dir/MiniOzoneClusterImpl-13a63858-ce33-4116-bb88-f0b17f8ea069/datanode-4/data/ratis/de77e88f-cfe3-4501-810a-5e229d7d5f7a does not exist. Creating ...
2019-07-31 00:26:22,502 INFO  storage.RaftStorageDirectory (RaftStorageDirectory.java:tryLock(328)) - Lock on /workdir/hadoop-ozone/integration-test/target/test-dir/MiniOzoneClusterImpl-13a63858-ce33-4116-bb88-f0b17f8ea069/datanode-4/data/ratis/de77e88f-cfe3-4501-810a-5e229d7d5f7a/in_use.lock acquired by nodename 6404@byscane-nightly-8jrs9-2386324885
2019-07-31 00:26:22,515 INFO  storage.RaftStorage (RaftStorage.java:format(72)) - Storage directory /workdir/hadoop-ozone/integration-test/target/test-dir/MiniOzoneClusterImpl-13a63858-ce33-4116-bb88-f0b17f8ea069/datanode-4/data/ratis/de77e88f-cfe3-4501-810a-5e229d7d5f7a has been successfully formatted.
2019-07-31 00:26:22,515 INFO  ratis.ContainerStateMachine (ContainerStateMachine.java:loadSnapshot(213)) - group-5E229D7D5F7A: The snapshot info is null. Setting the last applied indexto:(t:0, i:~)
2019-07-31 00:26:22,516 INFO  server.RaftServerConfigKeys (ConfUtils.java:logGet(43)) - raft.server.leader.election.timeout = 120s (custom)
2019-07-31 00:26:22,516 INFO  server.RaftServerConfigKeys (ConfUtils.java:logGet(43)) - raft.server.log.use.memory = false (default)
2019-07-31 00:26:22,516 INFO  server.RaftServerConfigKeys (ConfUtils.java:logGet(43)) - raft.server.log.purge.gap = 1000000000 (custom)
2019-07-31 00:26:22,516 INFO  server.RaftServerConfigKeys (ConfUtils.java:logGet(43)) - raft.server.log.appender.buffer.byte-limit = 33554432 (custom)
2019-07-31 00:26:22,516 INFO  server.RaftServerConfigKeys (ConfUtils.java:logGet(43)) - raft.server.log.segment.size.max = 1048576 (custom)
2019-07-31 00:26:22,516 INFO  server.RaftServerConfigKeys (ConfUtils.java:logGet(43)) - raft.server.log.segment.cache.num.max = 2 (custom)
2019-07-31 00:26:22,517 INFO  segmented.SegmentedRaftLogWorker (SegmentedRaftLogWorker.java:<init>(172)) - new 0c2d81da-dd8f-4393-998f-135e8cc84210-SegmentedRaftLogWorker:Storage Directory /workdir/hadoop-ozone/integration-test/target/test-dir/MiniOzoneClusterImpl-13a63858-ce33-4116-bb88-f0b17f8ea069/datanode-4/data/ratis/de77e88f-cfe3-4501-810a-5e229d7d5f7a for RaftStorage:Storage Directory /workdir/hadoop-ozone/integration-test/target/test-dir/MiniOzoneClusterImpl-13a63858-ce33-4116-bb88-f0b17f8ea069/datanode-4/data/ratis/de77e88f-cfe3-4501-810a-5e229d7d5f7a
2019-07-31 00:26:22,517 INFO  server.RaftServerConfigKeys (ConfUtils.java:logGet(43)) - raft.server.log.queue.byte-limit = 2147483647 (custom)
2019-07-31 00:26:22,517 INFO  server.RaftServerConfigKeys (ConfUtils.java:logGet(43)) - raft.server.log.queue.element-limit = 1024 (custom)
2019-07-31 00:26:22,517 INFO  server.RaftServerConfigKeys (ConfUtils.java:logGet(43)) - raft.server.log.segment.size.max = 1048576 (custom)
2019-07-31 00:26:22,517 INFO  server.RaftServerConfigKeys (ConfUtils.java:logGet(43)) - raft.server.log.preallocated.size = 16384 (custom)
2019-07-31 00:26:22,518 INFO  server.RaftServerConfigKeys (ConfUtils.java:logGet(43)) - raft.server.log.write.buffer.size = 33554432 (custom)
2019-07-31 00:26:22,518 INFO  server.RaftServerConfigKeys (ConfUtils.java:logGet(43)) - raft.server.log.force.sync.num = 128 (default)
2019-07-31 00:26:22,518 INFO  server.RaftServerConfigKeys (ConfUtils.java:logGet(43)) - raft.server.log.statemachine.data.sync = true (default)
2019-07-31 00:26:22,518 INFO  server.RaftServerConfigKeys (ConfUtils.java:logGet(43)) - raft.server.log.statemachine.data.sync.timeout = 10s (default)
2019-07-31 00:26:22,518 INFO  server.RaftServerConfigKeys (ConfUtils.java:logGet(43)) - raft.server.log.statemachine.data.sync.timeout.retry = -1 (default)
2019-07-31 00:26:22,519 INFO  server.RaftServerConfigKeys (ConfUtils.java:logGet(43)) - raft.server.log.statemachine.data.caching.enabled = true (custom)
2019-07-31 00:26:22,519 INFO  segmented.SegmentedRaftLogWorker (SegmentedRaftLogWorker.java:lambda$new$0(132)) - 0c2d81da-dd8f-4393-998f-135e8cc84210-SegmentedRaftLogWorker:Storage Directory /workdir/hadoop-ozone/integration-test/target/test-dir/MiniOzoneClusterImpl-13a63858-ce33-4116-bb88-f0b17f8ea069/datanode-4/data/ratis/de77e88f-cfe3-4501-810a-5e229d7d5f7a: flushIndex: setUnconditionally 0 -> -1
2019-07-31 00:26:22,519 INFO  server.RaftServerConfigKeys (ConfUtils.java:logGet(43)) - raft.server.snapshot.auto.trigger.enabled = true (custom)
2019-07-31 00:26:22,519 INFO  server.RaftServerConfigKeys (ConfUtils.java:logGet(43)) - raft.server.snapshot.auto.trigger.threshold = 10000 (custom)
2019-07-31 00:26:22,520 INFO  server.RaftServerConfigKeys (ConfUtils.java:logGet(43)) - raft.server.retrycache.expirytime = 600000ms (custom)
2019-07-31 00:26:22,520 INFO  impl.RaftServerImpl (RaftServerImpl.java:start(180)) - 0c2d81da-dd8f-4393-998f-135e8cc84210: start group-5E229D7D5F7A
2019-07-31 00:26:22,520 INFO  impl.RaftServerImpl (RaftServerImpl.java:setRole(171)) - 0c2d81da-dd8f-4393-998f-135e8cc84210:group-5E229D7D5F7A changes role from null to FOLLOWER at term 0 for startAsFollower
2019-07-31 00:26:22,520 INFO  impl.RoleInfo (RoleInfo.java:updateAndGet(143)) - 0c2d81da-dd8f-4393-998f-135e8cc84210: start FollowerState
2019-07-31 00:26:22,530 INFO  util.JmxRegister (JmxRegister.java:tryRegister(44)) - Successfully registered JMX Bean with object name Ratis:service=RaftServer,group=group-5E229D7D5F7A,id=0c2d81da-dd8f-4393-998f-135e8cc84210
2019-07-31 00:26:22,542 INFO  pipeline.PipelineStateManager (PipelineStateManager.java:addPipeline(56)) - Created pipeline Pipeline[ Id: de77e88f-cfe3-4501-810a-5e229d7d5f7a, Nodes: 0c2d81da-dd8f-4393-998f-135e8cc84210{ip: 192.168.69.114, host: byscane-nightly-8jrs9-2386324885, networkLocation: /default-rack, certSerialId: null}, Type:RATIS, Factor:ONE, State:OPEN]
2019-07-31 00:26:22,636 INFO  ozone.MiniOzoneClusterImpl (MiniOzoneClusterImpl.java:lambda$waitForClusterToBeReady$0(142)) - Waiting for cluster to be ready. Got 5 of 6 DN Heartbeats.
2019-07-31 00:26:22,640 INFO  net.NetworkTopology (NetworkTopologyImpl.java:add(110)) - Added a new node: /default-rack/cae8b062-5020-4563-8b07-3e1d6b67035f
2019-07-31 00:26:22,640 INFO  node.SCMNodeManager (SCMNodeManager.java:register(273)) - Registered Data node : cae8b062-5020-4563-8b07-3e1d6b67035f{ip: 192.168.69.114, host: byscane-nightly-8jrs9-2386324885, networkLocation: /default-rack, certSerialId: null}
2019-07-31 00:26:22,648 INFO  impl.RaftServerProxy (RaftServerProxy.java:addNew(89)) - cae8b062-5020-4563-8b07-3e1d6b67035f: addNew group-6853797CCE1F:[cae8b062-5020-4563-8b07-3e1d6b67035f:192.168.69.114:39040] returns group-6853797CCE1F:java.util.concurrent.CompletableFuture@53956611[Not completed]
2019-07-31 00:26:22,654 INFO  impl.RaftServerImpl (RaftServerImpl.java:<init>(93)) - cae8b062-5020-4563-8b07-3e1d6b67035f: new RaftServerImpl for group-6853797CCE1F:[cae8b062-5020-4563-8b07-3e1d6b67035f:192.168.69.114:39040] with ContainerStateMachine:uninitialized
2019-07-31 00:26:22,654 INFO  server.RaftServerConfigKeys (ConfUtils.java:logGet(43)) - raft.server.rpc.timeout.min = 1s (custom)
2019-07-31 00:26:22,655 INFO  server.RaftServerConfigKeys (ConfUtils.java:logGet(43)) - raft.server.rpc.timeout.max = 1200ms (custom)
2019-07-31 00:26:22,655 INFO  server.RaftServerConfigKeys (ConfUtils.java:logGet(43)) - raft.server.rpcslowness.timeout = 120s (custom)
2019-07-31 00:26:22,655 INFO  server.RaftServerConfigKeys (ConfUtils.java:logGet(43)) - raft.server.sleep.deviation.threshold = 300 (default)
2019-07-31 00:26:22,655 INFO  server.RaftServerConfigKeys (ConfUtils.java:logGet(43)) - raft.server.log.appender.install.snapshot.enabled = false (custom)
2019-07-31 00:26:22,655 INFO  impl.RaftServerImpl (ServerState.java:<init>(105)) - cae8b062-5020-4563-8b07-3e1d6b67035f:group-6853797CCE1F ConfigurationManager, init=-1: [cae8b062-5020-4563-8b07-3e1d6b67035f:192.168.69.114:39040], old=null, confs=<EMPTY_MAP>
2019-07-31 00:26:22,655 INFO  server.RaftServerConfigKeys (ConfUtils.java:logGet(43)) - raft.server.storage.dir = [/workdir/hadoop-ozone/integration-test/target/test-dir/MiniOzoneClusterImpl-13a63858-ce33-4116-bb88-f0b17f8ea069/datanode-5/data/ratis] (custom)
2019-07-31 00:26:22,656 INFO  storage.RaftStorageDirectory (RaftStorageDirectory.java:analyzeStorage(246)) - The storage directory /workdir/hadoop-ozone/integration-test/target/test-dir/MiniOzoneClusterImpl-13a63858-ce33-4116-bb88-f0b17f8ea069/datanode-5/data/ratis/6be43af4-32a2-497b-bd7c-6853797cce1f does not exist. Creating ...
2019-07-31 00:26:22,676 INFO  storage.RaftStorageDirectory (RaftStorageDirectory.java:tryLock(328)) - Lock on /workdir/hadoop-ozone/integration-test/target/test-dir/MiniOzoneClusterImpl-13a63858-ce33-4116-bb88-f0b17f8ea069/datanode-5/data/ratis/6be43af4-32a2-497b-bd7c-6853797cce1f/in_use.lock acquired by nodename 6404@byscane-nightly-8jrs9-2386324885
2019-07-31 00:26:22,703 INFO  storage.RaftStorage (RaftStorage.java:format(72)) - Storage directory /workdir/hadoop-ozone/integration-test/target/test-dir/MiniOzoneClusterImpl-13a63858-ce33-4116-bb88-f0b17f8ea069/datanode-5/data/ratis/6be43af4-32a2-497b-bd7c-6853797cce1f has been successfully formatted.
2019-07-31 00:26:22,703 INFO  ratis.ContainerStateMachine (ContainerStateMachine.java:loadSnapshot(213)) - group-6853797CCE1F: The snapshot info is null. Setting the last applied indexto:(t:0, i:~)
2019-07-31 00:26:22,703 INFO  server.RaftServerConfigKeys (ConfUtils.java:logGet(43)) - raft.server.leader.election.timeout = 120s (custom)
2019-07-31 00:26:22,704 INFO  server.RaftServerConfigKeys (ConfUtils.java:logGet(43)) - raft.server.log.use.memory = false (default)
2019-07-31 00:26:22,704 INFO  server.RaftServerConfigKeys (ConfUtils.java:logGet(43)) - raft.server.log.purge.gap = 1000000000 (custom)
2019-07-31 00:26:22,704 INFO  server.RaftServerConfigKeys (ConfUtils.java:logGet(43)) - raft.server.log.appender.buffer.byte-limit = 33554432 (custom)
2019-07-31 00:26:22,704 INFO  server.RaftServerConfigKeys (ConfUtils.java:logGet(43)) - raft.server.log.segment.size.max = 1048576 (custom)
2019-07-31 00:26:22,704 INFO  server.RaftServerConfigKeys (ConfUtils.java:logGet(43)) - raft.server.log.segment.cache.num.max = 2 (custom)
2019-07-31 00:26:22,705 INFO  segmented.SegmentedRaftLogWorker (SegmentedRaftLogWorker.java:<init>(172)) - new cae8b062-5020-4563-8b07-3e1d6b67035f-SegmentedRaftLogWorker:Storage Directory /workdir/hadoop-ozone/integration-test/target/test-dir/MiniOzoneClusterImpl-13a63858-ce33-4116-bb88-f0b17f8ea069/datanode-5/data/ratis/6be43af4-32a2-497b-bd7c-6853797cce1f for RaftStorage:Storage Directory /workdir/hadoop-ozone/integration-test/target/test-dir/MiniOzoneClusterImpl-13a63858-ce33-4116-bb88-f0b17f8ea069/datanode-5/data/ratis/6be43af4-32a2-497b-bd7c-6853797cce1f
2019-07-31 00:26:22,705 INFO  server.RaftServerConfigKeys (ConfUtils.java:logGet(43)) - raft.server.log.queue.byte-limit = 2147483647 (custom)
2019-07-31 00:26:22,705 INFO  server.RaftServerConfigKeys (ConfUtils.java:logGet(43)) - raft.server.log.queue.element-limit = 1024 (custom)
2019-07-31 00:26:22,705 INFO  server.RaftServerConfigKeys (ConfUtils.java:logGet(43)) - raft.server.log.segment.size.max = 1048576 (custom)
2019-07-31 00:26:22,705 INFO  server.RaftServerConfigKeys (ConfUtils.java:logGet(43)) - raft.server.log.preallocated.size = 16384 (custom)
2019-07-31 00:26:22,706 INFO  server.RaftServerConfigKeys (ConfUtils.java:logGet(43)) - raft.server.log.write.buffer.size = 33554432 (custom)
2019-07-31 00:26:22,706 INFO  server.RaftServerConfigKeys (ConfUtils.java:logGet(43)) - raft.server.log.force.sync.num = 128 (default)
2019-07-31 00:26:22,706 INFO  server.RaftServerConfigKeys (ConfUtils.java:logGet(43)) - raft.server.log.statemachine.data.sync = true (default)
2019-07-31 00:26:22,706 INFO  server.RaftServerConfigKeys (ConfUtils.java:logGet(43)) - raft.server.log.statemachine.data.sync.timeout = 10s (default)
2019-07-31 00:26:22,706 INFO  server.RaftServerConfigKeys (ConfUtils.java:logGet(43)) - raft.server.log.statemachine.data.sync.timeout.retry = -1 (default)
2019-07-31 00:26:22,707 INFO  server.RaftServerConfigKeys (ConfUtils.java:logGet(43)) - raft.server.log.statemachine.data.caching.enabled = true (custom)
2019-07-31 00:26:22,707 INFO  segmented.SegmentedRaftLogWorker (SegmentedRaftLogWorker.java:lambda$new$0(132)) - cae8b062-5020-4563-8b07-3e1d6b67035f-SegmentedRaftLogWorker:Storage Directory /workdir/hadoop-ozone/integration-test/target/test-dir/MiniOzoneClusterImpl-13a63858-ce33-4116-bb88-f0b17f8ea069/datanode-5/data/ratis/6be43af4-32a2-497b-bd7c-6853797cce1f: flushIndex: setUnconditionally 0 -> -1
2019-07-31 00:26:22,708 INFO  server.RaftServerConfigKeys (ConfUtils.java:logGet(43)) - raft.server.snapshot.auto.trigger.enabled = true (custom)
2019-07-31 00:26:22,708 INFO  server.RaftServerConfigKeys (ConfUtils.java:logGet(43)) - raft.server.snapshot.auto.trigger.threshold = 10000 (custom)
2019-07-31 00:26:22,708 INFO  server.RaftServerConfigKeys (ConfUtils.java:logGet(43)) - raft.server.retrycache.expirytime = 600000ms (custom)
2019-07-31 00:26:22,708 INFO  impl.RaftServerImpl (RaftServerImpl.java:start(180)) - cae8b062-5020-4563-8b07-3e1d6b67035f: start group-6853797CCE1F
2019-07-31 00:26:22,708 INFO  impl.RaftServerImpl (RaftServerImpl.java:setRole(171)) - cae8b062-5020-4563-8b07-3e1d6b67035f:group-6853797CCE1F changes role from null to FOLLOWER at term 0 for startAsFollower
2019-07-31 00:26:22,709 INFO  impl.RoleInfo (RoleInfo.java:updateAndGet(143)) - cae8b062-5020-4563-8b07-3e1d6b67035f: start FollowerState
2019-07-31 00:26:22,709 INFO  util.JmxRegister (JmxRegister.java:tryRegister(44)) - Successfully registered JMX Bean with object name Ratis:service=RaftServer,group=group-6853797CCE1F,id=cae8b062-5020-4563-8b07-3e1d6b67035f
2019-07-31 00:26:22,716 INFO  pipeline.PipelineStateManager (PipelineStateManager.java:addPipeline(56)) - Created pipeline Pipeline[ Id: 6be43af4-32a2-497b-bd7c-6853797cce1f, Nodes: cae8b062-5020-4563-8b07-3e1d6b67035f{ip: 192.168.69.114, host: byscane-nightly-8jrs9-2386324885, networkLocation: /default-rack, certSerialId: null}, Type:RATIS, Factor:ONE, State:OPEN]
2019-07-31 00:26:22,736 INFO  impl.RaftServerProxy (RaftServerProxy.java:addNew(89)) - cae8b062-5020-4563-8b07-3e1d6b67035f: addNew group-C4FE71295043:[cae8b062-5020-4563-8b07-3e1d6b67035f:192.168.69.114:39040, 00cf1b03-adbe-4ac0-9ac5-c56a223b4eaa:192.168.69.114:38847, 0c2d81da-dd8f-4393-998f-135e8cc84210:192.168.69.114:32785] returns group-C4FE71295043:java.util.concurrent.CompletableFuture@494f796[Not completed]
2019-07-31 00:26:22,737 INFO  impl.RaftServerProxy (RaftServerProxy.java:addNew(89)) - 00cf1b03-adbe-4ac0-9ac5-c56a223b4eaa: addNew group-C4FE71295043:[cae8b062-5020-4563-8b07-3e1d6b67035f:192.168.69.114:39040, 00cf1b03-adbe-4ac0-9ac5-c56a223b4eaa:192.168.69.114:38847, 0c2d81da-dd8f-4393-998f-135e8cc84210:192.168.69.114:32785] returns group-C4FE71295043:java.util.concurrent.CompletableFuture@7be3f8d3[Not completed]
2019-07-31 00:26:22,736 INFO  impl.RaftServerProxy (RaftServerProxy.java:addNew(89)) - 0c2d81da-dd8f-4393-998f-135e8cc84210: addNew group-C4FE71295043:[cae8b062-5020-4563-8b07-3e1d6b67035f:192.168.69.114:39040, 00cf1b03-adbe-4ac0-9ac5-c56a223b4eaa:192.168.69.114:38847, 0c2d81da-dd8f-4393-998f-135e8cc84210:192.168.69.114:32785] returns group-C4FE71295043:java.util.concurrent.CompletableFuture@38e114e1[Not completed]
2019-07-31 00:26:22,738 INFO  impl.RaftServerImpl (RaftServerImpl.java:<init>(93)) - cae8b062-5020-4563-8b07-3e1d6b67035f: new RaftServerImpl for group-C4FE71295043:[cae8b062-5020-4563-8b07-3e1d6b67035f:192.168.69.114:39040, 00cf1b03-adbe-4ac0-9ac5-c56a223b4eaa:192.168.69.114:38847, 0c2d81da-dd8f-4393-998f-135e8cc84210:192.168.69.114:32785] with ContainerStateMachine:uninitialized
2019-07-31 00:26:22,738 INFO  server.RaftServerConfigKeys (ConfUtils.java:logGet(43)) - raft.server.rpc.timeout.min = 1s (custom)
2019-07-31 00:26:22,739 INFO  server.RaftServerConfigKeys (ConfUtils.java:logGet(43)) - raft.server.rpc.timeout.max = 1200ms (custom)
2019-07-31 00:26:22,739 INFO  server.RaftServerConfigKeys (ConfUtils.java:logGet(43)) - raft.server.rpcslowness.timeout = 120s (custom)
2019-07-31 00:26:22,739 INFO  server.RaftServerConfigKeys (ConfUtils.java:logGet(43)) - raft.server.sleep.deviation.threshold = 300 (default)
2019-07-31 00:26:22,739 INFO  impl.RaftServerImpl (RaftServerImpl.java:<init>(93)) - 00cf1b03-adbe-4ac0-9ac5-c56a223b4eaa: new RaftServerImpl for group-C4FE71295043:[cae8b062-5020-4563-8b07-3e1d6b67035f:192.168.69.114:39040, 00cf1b03-adbe-4ac0-9ac5-c56a223b4eaa:192.168.69.114:38847, 0c2d81da-dd8f-4393-998f-135e8cc84210:192.168.69.114:32785] with ContainerStateMachine:uninitialized
2019-07-31 00:26:22,739 INFO  server.RaftServerConfigKeys (ConfUtils.java:logGet(43)) - raft.server.log.appender.install.snapshot.enabled = false (custom)
2019-07-31 00:26:22,739 INFO  server.RaftServerConfigKeys (ConfUtils.java:logGet(43)) - raft.server.rpc.timeout.min = 1s (custom)
2019-07-31 00:26:22,739 INFO  impl.RaftServerImpl (ServerState.java:<init>(105)) - cae8b062-5020-4563-8b07-3e1d6b67035f:group-C4FE71295043 ConfigurationManager, init=-1: [cae8b062-5020-4563-8b07-3e1d6b67035f:192.168.69.114:39040, 00cf1b03-adbe-4ac0-9ac5-c56a223b4eaa:192.168.69.114:38847, 0c2d81da-dd8f-4393-998f-135e8cc84210:192.168.69.114:32785], old=null, confs=<EMPTY_MAP>
2019-07-31 00:26:22,740 INFO  impl.RaftServerImpl (RaftServerImpl.java:<init>(93)) - 0c2d81da-dd8f-4393-998f-135e8cc84210: new RaftServerImpl for group-C4FE71295043:[cae8b062-5020-4563-8b07-3e1d6b67035f:192.168.69.114:39040, 00cf1b03-adbe-4ac0-9ac5-c56a223b4eaa:192.168.69.114:38847, 0c2d81da-dd8f-4393-998f-135e8cc84210:192.168.69.114:32785] with ContainerStateMachine:uninitialized
2019-07-31 00:26:22,740 INFO  server.RaftServerConfigKeys (ConfUtils.java:logGet(43)) - raft.server.storage.dir = [/workdir/hadoop-ozone/integration-test/target/test-dir/MiniOzoneClusterImpl-13a63858-ce33-4116-bb88-f0b17f8ea069/datanode-5/data/ratis] (custom)
2019-07-31 00:26:22,739 INFO  server.RaftServerConfigKeys (ConfUtils.java:logGet(43)) - raft.server.rpc.timeout.max = 1200ms (custom)
2019-07-31 00:26:22,740 INFO  server.RaftServerConfigKeys (ConfUtils.java:logGet(43)) - raft.server.rpc.timeout.min = 1s (custom)
2019-07-31 00:26:22,740 INFO  server.RaftServerConfigKeys (ConfUtils.java:logGet(43)) - raft.server.rpcslowness.timeout = 120s (custom)
2019-07-31 00:26:22,740 INFO  storage.RaftStorageDirectory (RaftStorageDirectory.java:analyzeStorage(246)) - The storage directory /workdir/hadoop-ozone/integration-test/target/test-dir/MiniOzoneClusterImpl-13a63858-ce33-4116-bb88-f0b17f8ea069/datanode-5/data/ratis/f1217c29-e71c-46d5-9aa3-c4fe71295043 does not exist. Creating ...
2019-07-31 00:26:22,740 INFO  server.RaftServerConfigKeys (ConfUtils.java:logGet(43)) - raft.server.rpc.timeout.max = 1200ms (custom)
2019-07-31 00:26:22,740 INFO  server.RaftServerConfigKeys (ConfUtils.java:logGet(43)) - raft.server.sleep.deviation.threshold = 300 (default)
2019-07-31 00:26:22,741 INFO  server.RaftServerConfigKeys (ConfUtils.java:logGet(43)) - raft.server.rpcslowness.timeout = 120s (custom)
2019-07-31 00:26:22,741 INFO  server.RaftServerConfigKeys (ConfUtils.java:logGet(43)) - raft.server.log.appender.install.snapshot.enabled = false (custom)
2019-07-31 00:26:22,741 INFO  server.RaftServerConfigKeys (ConfUtils.java:logGet(43)) - raft.server.sleep.deviation.threshold = 300 (default)
2019-07-31 00:26:22,741 INFO  impl.RaftServerImpl (ServerState.java:<init>(105)) - 00cf1b03-adbe-4ac0-9ac5-c56a223b4eaa:group-C4FE71295043 ConfigurationManager, init=-1: [cae8b062-5020-4563-8b07-3e1d6b67035f:192.168.69.114:39040, 00cf1b03-adbe-4ac0-9ac5-c56a223b4eaa:192.168.69.114:38847, 0c2d81da-dd8f-4393-998f-135e8cc84210:192.168.69.114:32785], old=null, confs=<EMPTY_MAP>
2019-07-31 00:26:22,741 INFO  server.RaftServerConfigKeys (ConfUtils.java:logGet(43)) - raft.server.log.appender.install.snapshot.enabled = false (custom)
2019-07-31 00:26:22,742 INFO  server.RaftServerConfigKeys (ConfUtils.java:logGet(43)) - raft.server.storage.dir = [/workdir/hadoop-ozone/integration-test/target/test-dir/MiniOzoneClusterImpl-13a63858-ce33-4116-bb88-f0b17f8ea069/datanode-3/data/ratis] (custom)
2019-07-31 00:26:22,742 INFO  impl.RaftServerImpl (ServerState.java:<init>(105)) - 0c2d81da-dd8f-4393-998f-135e8cc84210:group-C4FE71295043 ConfigurationManager, init=-1: [cae8b062-5020-4563-8b07-3e1d6b67035f:192.168.69.114:39040, 00cf1b03-adbe-4ac0-9ac5-c56a223b4eaa:192.168.69.114:38847, 0c2d81da-dd8f-4393-998f-135e8cc84210:192.168.69.114:32785], old=null, confs=<EMPTY_MAP>
2019-07-31 00:26:22,742 INFO  server.RaftServerConfigKeys (ConfUtils.java:logGet(43)) - raft.server.storage.dir = [/workdir/hadoop-ozone/integration-test/target/test-dir/MiniOzoneClusterImpl-13a63858-ce33-4116-bb88-f0b17f8ea069/datanode-4/data/ratis] (custom)
2019-07-31 00:26:22,742 INFO  storage.RaftStorageDirectory (RaftStorageDirectory.java:analyzeStorage(246)) - The storage directory /workdir/hadoop-ozone/integration-test/target/test-dir/MiniOzoneClusterImpl-13a63858-ce33-4116-bb88-f0b17f8ea069/datanode-3/data/ratis/f1217c29-e71c-46d5-9aa3-c4fe71295043 does not exist. Creating ...
2019-07-31 00:26:22,742 INFO  storage.RaftStorageDirectory (RaftStorageDirectory.java:analyzeStorage(246)) - The storage directory /workdir/hadoop-ozone/integration-test/target/test-dir/MiniOzoneClusterImpl-13a63858-ce33-4116-bb88-f0b17f8ea069/datanode-4/data/ratis/f1217c29-e71c-46d5-9aa3-c4fe71295043 does not exist. Creating ...
2019-07-31 00:26:22,754 INFO  storage.RaftStorageDirectory (RaftStorageDirectory.java:tryLock(328)) - Lock on /workdir/hadoop-ozone/integration-test/target/test-dir/MiniOzoneClusterImpl-13a63858-ce33-4116-bb88-f0b17f8ea069/datanode-5/data/ratis/f1217c29-e71c-46d5-9aa3-c4fe71295043/in_use.lock acquired by nodename 6404@byscane-nightly-8jrs9-2386324885
2019-07-31 00:26:22,754 INFO  storage.RaftStorageDirectory (RaftStorageDirectory.java:tryLock(328)) - Lock on /workdir/hadoop-ozone/integration-test/target/test-dir/MiniOzoneClusterImpl-13a63858-ce33-4116-bb88-f0b17f8ea069/datanode-3/data/ratis/f1217c29-e71c-46d5-9aa3-c4fe71295043/in_use.lock acquired by nodename 6404@byscane-nightly-8jrs9-2386324885
2019-07-31 00:26:22,754 INFO  storage.RaftStorageDirectory (RaftStorageDirectory.java:tryLock(328)) - Lock on /workdir/hadoop-ozone/integration-test/target/test-dir/MiniOzoneClusterImpl-13a63858-ce33-4116-bb88-f0b17f8ea069/datanode-4/data/ratis/f1217c29-e71c-46d5-9aa3-c4fe71295043/in_use.lock acquired by nodename 6404@byscane-nightly-8jrs9-2386324885
2019-07-31 00:26:22,768 INFO  storage.RaftStorage (RaftStorage.java:format(72)) - Storage directory /workdir/hadoop-ozone/integration-test/target/test-dir/MiniOzoneClusterImpl-13a63858-ce33-4116-bb88-f0b17f8ea069/datanode-5/data/ratis/f1217c29-e71c-46d5-9aa3-c4fe71295043 has been successfully formatted.
2019-07-31 00:26:22,768 INFO  storage.RaftStorage (RaftStorage.java:format(72)) - Storage directory /workdir/hadoop-ozone/integration-test/target/test-dir/MiniOzoneClusterImpl-13a63858-ce33-4116-bb88-f0b17f8ea069/datanode-3/data/ratis/f1217c29-e71c-46d5-9aa3-c4fe71295043 has been successfully formatted.
2019-07-31 00:26:22,768 INFO  storage.RaftStorage (RaftStorage.java:format(72)) - Storage directory /workdir/hadoop-ozone/integration-test/target/test-dir/MiniOzoneClusterImpl-13a63858-ce33-4116-bb88-f0b17f8ea069/datanode-4/data/ratis/f1217c29-e71c-46d5-9aa3-c4fe71295043 has been successfully formatted.
2019-07-31 00:26:22,769 INFO  ratis.ContainerStateMachine (ContainerStateMachine.java:loadSnapshot(213)) - group-C4FE71295043: The snapshot info is null. Setting the last applied indexto:(t:0, i:~)
2019-07-31 00:26:22,769 INFO  ratis.ContainerStateMachine (ContainerStateMachine.java:loadSnapshot(213)) - group-C4FE71295043: The snapshot info is null. Setting the last applied indexto:(t:0, i:~)
2019-07-31 00:26:22,769 INFO  server.RaftServerConfigKeys (ConfUtils.java:logGet(43)) - raft.server.leader.election.timeout = 120s (custom)
2019-07-31 00:26:22,769 INFO  ratis.ContainerStateMachine (ContainerStateMachine.java:loadSnapshot(213)) - group-C4FE71295043: The snapshot info is null. Setting the last applied indexto:(t:0, i:~)
2019-07-31 00:26:22,769 INFO  server.RaftServerConfigKeys (ConfUtils.java:logGet(43)) - raft.server.log.use.memory = false (default)
2019-07-31 00:26:22,769 INFO  server.RaftServerConfigKeys (ConfUtils.java:logGet(43)) - raft.server.leader.election.timeout = 120s (custom)
2019-07-31 00:26:22,770 INFO  server.RaftServerConfigKeys (ConfUtils.java:logGet(43)) - raft.server.log.purge.gap = 1000000000 (custom)
2019-07-31 00:26:22,770 INFO  server.RaftServerConfigKeys (ConfUtils.java:logGet(43)) - raft.server.leader.election.timeout = 120s (custom)
2019-07-31 00:26:22,770 INFO  server.RaftServerConfigKeys (ConfUtils.java:logGet(43)) - raft.server.log.appender.buffer.byte-limit = 33554432 (custom)
2019-07-31 00:26:22,770 INFO  server.RaftServerConfigKeys (ConfUtils.java:logGet(43)) - raft.server.log.use.memory = false (default)
2019-07-31 00:26:22,770 INFO  server.RaftServerConfigKeys (ConfUtils.java:logGet(43)) - raft.server.log.segment.size.max = 1048576 (custom)
2019-07-31 00:26:22,770 INFO  server.RaftServerConfigKeys (ConfUtils.java:logGet(43)) - raft.server.log.use.memory = false (default)
2019-07-31 00:26:22,771 INFO  server.RaftServerConfigKeys (ConfUtils.java:logGet(43)) - raft.server.log.segment.cache.num.max = 2 (custom)
2019-07-31 00:26:22,771 INFO  segmented.SegmentedRaftLogWorker (SegmentedRaftLogWorker.java:<init>(172)) - new 00cf1b03-adbe-4ac0-9ac5-c56a223b4eaa-SegmentedRaftLogWorker:Storage Directory /workdir/hadoop-ozone/integration-test/target/test-dir/MiniOzoneClusterImpl-13a63858-ce33-4116-bb88-f0b17f8ea069/datanode-3/data/ratis/f1217c29-e71c-46d5-9aa3-c4fe71295043 for RaftStorage:Storage Directory /workdir/hadoop-ozone/integration-test/target/test-dir/MiniOzoneClusterImpl-13a63858-ce33-4116-bb88-f0b17f8ea069/datanode-3/data/ratis/f1217c29-e71c-46d5-9aa3-c4fe71295043
2019-07-31 00:26:22,771 INFO  server.RaftServerConfigKeys (ConfUtils.java:logGet(43)) - raft.server.log.purge.gap = 1000000000 (custom)
2019-07-31 00:26:22,771 INFO  server.RaftServerConfigKeys (ConfUtils.java:logGet(43)) - raft.server.log.queue.byte-limit = 2147483647 (custom)
2019-07-31 00:26:22,771 INFO  server.RaftServerConfigKeys (ConfUtils.java:logGet(43)) - raft.server.log.purge.gap = 1000000000 (custom)
2019-07-31 00:26:22,772 INFO  server.RaftServerConfigKeys (ConfUtils.java:logGet(43)) - raft.server.log.queue.element-limit = 1024 (custom)
2019-07-31 00:26:22,772 INFO  server.RaftServerConfigKeys (ConfUtils.java:logGet(43)) - raft.server.log.appender.buffer.byte-limit = 33554432 (custom)
2019-07-31 00:26:22,772 INFO  server.RaftServerConfigKeys (ConfUtils.java:logGet(43)) - raft.server.log.segment.size.max = 1048576 (custom)
2019-07-31 00:26:22,772 INFO  server.RaftServerConfigKeys (ConfUtils.java:logGet(43)) - raft.server.log.appender.buffer.byte-limit = 33554432 (custom)
2019-07-31 00:26:22,772 INFO  server.RaftServerConfigKeys (ConfUtils.java:logGet(43)) - raft.server.log.preallocated.size = 16384 (custom)
2019-07-31 00:26:22,773 INFO  server.RaftServerConfigKeys (ConfUtils.java:logGet(43)) - raft.server.log.write.buffer.size = 33554432 (custom)
2019-07-31 00:26:22,772 INFO  server.RaftServerConfigKeys (ConfUtils.java:logGet(43)) - raft.server.log.segment.size.max = 1048576 (custom)
2019-07-31 00:26:22,773 INFO  server.RaftServerConfigKeys (ConfUtils.java:logGet(43)) - raft.server.log.force.sync.num = 128 (default)
2019-07-31 00:26:22,773 INFO  server.RaftServerConfigKeys (ConfUtils.java:logGet(43)) - raft.server.log.statemachine.data.sync = true (default)
2019-07-31 00:26:22,773 INFO  server.RaftServerConfigKeys (ConfUtils.java:logGet(43)) - raft.server.log.segment.size.max = 1048576 (custom)
2019-07-31 00:26:22,773 INFO  server.RaftServerConfigKeys (ConfUtils.java:logGet(43)) - raft.server.log.statemachine.data.sync.timeout = 10s (default)
2019-07-31 00:26:22,773 INFO  server.RaftServerConfigKeys (ConfUtils.java:logGet(43)) - raft.server.log.segment.cache.num.max = 2 (custom)
2019-07-31 00:26:22,774 INFO  server.RaftServerConfigKeys (ConfUtils.java:logGet(43)) - raft.server.log.statemachine.data.sync.timeout.retry = -1 (default)
2019-07-31 00:26:22,774 INFO  server.RaftServerConfigKeys (ConfUtils.java:logGet(43)) - raft.server.log.segment.cache.num.max = 2 (custom)
2019-07-31 00:26:22,774 INFO  server.RaftServerConfigKeys (ConfUtils.java:logGet(43)) - raft.server.log.statemachine.data.caching.enabled = true (custom)
2019-07-31 00:26:22,774 INFO  segmented.SegmentedRaftLogWorker (SegmentedRaftLogWorker.java:<init>(172)) - new cae8b062-5020-4563-8b07-3e1d6b67035f-SegmentedRaftLogWorker:Storage Directory /workdir/hadoop-ozone/integration-test/target/test-dir/MiniOzoneClusterImpl-13a63858-ce33-4116-bb88-f0b17f8ea069/datanode-5/data/ratis/f1217c29-e71c-46d5-9aa3-c4fe71295043 for RaftStorage:Storage Directory /workdir/hadoop-ozone/integration-test/target/test-dir/MiniOzoneClusterImpl-13a63858-ce33-4116-bb88-f0b17f8ea069/datanode-5/data/ratis/f1217c29-e71c-46d5-9aa3-c4fe71295043
2019-07-31 00:26:22,774 INFO  segmented.SegmentedRaftLogWorker (SegmentedRaftLogWorker.java:<init>(172)) - new 0c2d81da-dd8f-4393-998f-135e8cc84210-SegmentedRaftLogWorker:Storage Directory /workdir/hadoop-ozone/integration-test/target/test-dir/MiniOzoneClusterImpl-13a63858-ce33-4116-bb88-f0b17f8ea069/datanode-4/data/ratis/f1217c29-e71c-46d5-9aa3-c4fe71295043 for RaftStorage:Storage Directory /workdir/hadoop-ozone/integration-test/target/test-dir/MiniOzoneClusterImpl-13a63858-ce33-4116-bb88-f0b17f8ea069/datanode-4/data/ratis/f1217c29-e71c-46d5-9aa3-c4fe71295043
2019-07-31 00:26:22,775 INFO  segmented.SegmentedRaftLogWorker (SegmentedRaftLogWorker.java:lambda$new$0(132)) - 00cf1b03-adbe-4ac0-9ac5-c56a223b4eaa-SegmentedRaftLogWorker:Storage Directory /workdir/hadoop-ozone/integration-test/target/test-dir/MiniOzoneClusterImpl-13a63858-ce33-4116-bb88-f0b17f8ea069/datanode-3/data/ratis/f1217c29-e71c-46d5-9aa3-c4fe71295043: flushIndex: setUnconditionally 0 -> -1
2019-07-31 00:26:22,775 INFO  server.RaftServerConfigKeys (ConfUtils.java:logGet(43)) - raft.server.log.queue.byte-limit = 2147483647 (custom)
2019-07-31 00:26:22,775 INFO  server.RaftServerConfigKeys (ConfUtils.java:logGet(43)) - raft.server.log.queue.byte-limit = 2147483647 (custom)
2019-07-31 00:26:22,775 INFO  server.RaftServerConfigKeys (ConfUtils.java:logGet(43)) - raft.server.snapshot.auto.trigger.enabled = true (custom)
2019-07-31 00:26:22,775 INFO  server.RaftServerConfigKeys (ConfUtils.java:logGet(43)) - raft.server.snapshot.auto.trigger.threshold = 10000 (custom)
2019-07-31 00:26:22,775 INFO  server.RaftServerConfigKeys (ConfUtils.java:logGet(43)) - raft.server.log.queue.element-limit = 1024 (custom)
2019-07-31 00:26:22,776 INFO  server.RaftServerConfigKeys (ConfUtils.java:logGet(43)) - raft.server.retrycache.expirytime = 600000ms (custom)
2019-07-31 00:26:22,775 INFO  server.RaftServerConfigKeys (ConfUtils.java:logGet(43)) - raft.server.log.queue.element-limit = 1024 (custom)
2019-07-31 00:26:22,776 INFO  impl.RaftServerImpl (RaftServerImpl.java:start(180)) - 00cf1b03-adbe-4ac0-9ac5-c56a223b4eaa: start group-C4FE71295043
2019-07-31 00:26:22,776 INFO  impl.RaftServerImpl (RaftServerImpl.java:setRole(171)) - 00cf1b03-adbe-4ac0-9ac5-c56a223b4eaa:group-C4FE71295043 changes role from null to FOLLOWER at term 0 for startAsFollower
2019-07-31 00:26:22,776 INFO  server.RaftServerConfigKeys (ConfUtils.java:logGet(43)) - raft.server.log.segment.size.max = 1048576 (custom)
2019-07-31 00:26:22,776 INFO  impl.RoleInfo (RoleInfo.java:updateAndGet(143)) - 00cf1b03-adbe-4ac0-9ac5-c56a223b4eaa: start FollowerState
2019-07-31 00:26:22,776 INFO  server.RaftServerConfigKeys (ConfUtils.java:logGet(43)) - raft.server.log.segment.size.max = 1048576 (custom)
2019-07-31 00:26:22,777 INFO  server.RaftServerConfigKeys (ConfUtils.java:logGet(43)) - raft.server.log.preallocated.size = 16384 (custom)
2019-07-31 00:26:22,777 INFO  util.JmxRegister (JmxRegister.java:tryRegister(44)) - Successfully registered JMX Bean with object name Ratis:service=RaftServer,group=group-C4FE71295043,id=00cf1b03-adbe-4ac0-9ac5-c56a223b4eaa
2019-07-31 00:26:22,777 INFO  server.RaftServerConfigKeys (ConfUtils.java:logGet(43)) - raft.server.log.preallocated.size = 16384 (custom)
2019-07-31 00:26:22,778 INFO  server.RaftServerConfigKeys (ConfUtils.java:logGet(43)) - raft.server.log.write.buffer.size = 33554432 (custom)
2019-07-31 00:26:22,777 INFO  server.RaftServerConfigKeys (ConfUtils.java:logGet(43)) - raft.server.log.write.buffer.size = 33554432 (custom)
2019-07-31 00:26:22,778 INFO  server.RaftServerConfigKeys (ConfUtils.java:logGet(43)) - raft.server.log.force.sync.num = 128 (default)
2019-07-31 00:26:22,778 INFO  server.RaftServerConfigKeys (ConfUtils.java:logGet(43)) - raft.server.log.force.sync.num = 128 (default)
2019-07-31 00:26:22,778 INFO  server.RaftServerConfigKeys (ConfUtils.java:logGet(43)) - raft.server.log.statemachine.data.sync = true (default)
2019-07-31 00:26:22,778 INFO  server.RaftServerConfigKeys (ConfUtils.java:logGet(43)) - raft.server.log.statemachine.data.sync = true (default)
2019-07-31 00:26:22,778 INFO  server.RaftServerConfigKeys (ConfUtils.java:logGet(43)) - raft.server.log.statemachine.data.sync.timeout = 10s (default)
2019-07-31 00:26:22,779 INFO  server.RaftServerConfigKeys (ConfUtils.java:logGet(43)) - raft.server.log.statemachine.data.sync.timeout = 10s (default)
2019-07-31 00:26:22,782 INFO  server.RaftServerConfigKeys (ConfUtils.java:logGet(43)) - raft.server.log.statemachine.data.sync.timeout.retry = -1 (default)
2019-07-31 00:26:22,782 INFO  server.RaftServerConfigKeys (ConfUtils.java:logGet(43)) - raft.server.log.statemachine.data.sync.timeout.retry = -1 (default)
2019-07-31 00:26:22,783 INFO  server.RaftServerConfigKeys (ConfUtils.java:logGet(43)) - raft.server.log.statemachine.data.caching.enabled = true (custom)
2019-07-31 00:26:22,783 INFO  server.RaftServerConfigKeys (ConfUtils.java:logGet(43)) - raft.server.log.statemachine.data.caching.enabled = true (custom)
2019-07-31 00:26:22,783 INFO  segmented.SegmentedRaftLogWorker (SegmentedRaftLogWorker.java:lambda$new$0(132)) - 0c2d81da-dd8f-4393-998f-135e8cc84210-SegmentedRaftLogWorker:Storage Directory /workdir/hadoop-ozone/integration-test/target/test-dir/MiniOzoneClusterImpl-13a63858-ce33-4116-bb88-f0b17f8ea069/datanode-4/data/ratis/f1217c29-e71c-46d5-9aa3-c4fe71295043: flushIndex: setUnconditionally 0 -> -1
2019-07-31 00:26:22,783 INFO  segmented.SegmentedRaftLogWorker (SegmentedRaftLogWorker.java:lambda$new$0(132)) - cae8b062-5020-4563-8b07-3e1d6b67035f-SegmentedRaftLogWorker:Storage Directory /workdir/hadoop-ozone/integration-test/target/test-dir/MiniOzoneClusterImpl-13a63858-ce33-4116-bb88-f0b17f8ea069/datanode-5/data/ratis/f1217c29-e71c-46d5-9aa3-c4fe71295043: flushIndex: setUnconditionally 0 -> -1
2019-07-31 00:26:22,784 INFO  server.RaftServerConfigKeys (ConfUtils.java:logGet(43)) - raft.server.snapshot.auto.trigger.enabled = true (custom)
2019-07-31 00:26:22,784 INFO  server.RaftServerConfigKeys (ConfUtils.java:logGet(43)) - raft.server.snapshot.auto.trigger.enabled = true (custom)
2019-07-31 00:26:22,784 INFO  server.RaftServerConfigKeys (ConfUtils.java:logGet(43)) - raft.server.snapshot.auto.trigger.threshold = 10000 (custom)
2019-07-31 00:26:22,784 INFO  server.RaftServerConfigKeys (ConfUtils.java:logGet(43)) - raft.server.snapshot.auto.trigger.threshold = 10000 (custom)
2019-07-31 00:26:22,784 INFO  server.RaftServerConfigKeys (ConfUtils.java:logGet(43)) - raft.server.retrycache.expirytime = 600000ms (custom)
2019-07-31 00:26:22,784 INFO  server.RaftServerConfigKeys (ConfUtils.java:logGet(43)) - raft.server.retrycache.expirytime = 600000ms (custom)
2019-07-31 00:26:22,784 INFO  impl.RaftServerImpl (RaftServerImpl.java:start(180)) - 0c2d81da-dd8f-4393-998f-135e8cc84210: start group-C4FE71295043
2019-07-31 00:26:22,785 INFO  impl.RaftServerImpl (RaftServerImpl.java:start(180)) - cae8b062-5020-4563-8b07-3e1d6b67035f: start group-C4FE71295043
2019-07-31 00:26:22,785 INFO  impl.RaftServerImpl (RaftServerImpl.java:setRole(171)) - 0c2d81da-dd8f-4393-998f-135e8cc84210:group-C4FE71295043 changes role from null to FOLLOWER at term 0 for startAsFollower
2019-07-31 00:26:22,785 INFO  impl.RaftServerImpl (RaftServerImpl.java:setRole(171)) - cae8b062-5020-4563-8b07-3e1d6b67035f:group-C4FE71295043 changes role from null to FOLLOWER at term 0 for startAsFollower
2019-07-31 00:26:22,785 INFO  impl.RoleInfo (RoleInfo.java:updateAndGet(143)) - 0c2d81da-dd8f-4393-998f-135e8cc84210: start FollowerState
2019-07-31 00:26:22,785 INFO  impl.RoleInfo (RoleInfo.java:updateAndGet(143)) - cae8b062-5020-4563-8b07-3e1d6b67035f: start FollowerState
2019-07-31 00:26:22,786 INFO  util.JmxRegister (JmxRegister.java:tryRegister(44)) - Successfully registered JMX Bean with object name Ratis:service=RaftServer,group=group-C4FE71295043,id=0c2d81da-dd8f-4393-998f-135e8cc84210
2019-07-31 00:26:22,786 INFO  util.JmxRegister (JmxRegister.java:tryRegister(44)) - Successfully registered JMX Bean with object name Ratis:service=RaftServer,group=group-C4FE71295043,id=cae8b062-5020-4563-8b07-3e1d6b67035f
2019-07-31 00:26:22,792 INFO  pipeline.PipelineStateManager (PipelineStateManager.java:addPipeline(56)) - Created pipeline Pipeline[ Id: f1217c29-e71c-46d5-9aa3-c4fe71295043, Nodes: 0c2d81da-dd8f-4393-998f-135e8cc84210{ip: 192.168.69.114, host: byscane-nightly-8jrs9-2386324885, networkLocation: /default-rack, certSerialId: null}cae8b062-5020-4563-8b07-3e1d6b67035f{ip: 192.168.69.114, host: byscane-nightly-8jrs9-2386324885, networkLocation: /default-rack, certSerialId: null}00cf1b03-adbe-4ac0-9ac5-c56a223b4eaa{ip: 192.168.69.114, host: byscane-nightly-8jrs9-2386324885, networkLocation: /default-rack, certSerialId: null}, Type:RATIS, Factor:THREE, State:OPEN]
2019-07-31 00:26:22,994 INFO  impl.FollowerState (FollowerState.java:run(106)) - 1af9e51e-2b0f-41ac-9c83-69b8eff30174:group-3ED6FD4030FA changes to CANDIDATE, lastRpcTime:1200, electionTimeout:1200ms
2019-07-31 00:26:22,994 INFO  impl.RoleInfo (RoleInfo.java:shutdownFollowerState(121)) - 1af9e51e-2b0f-41ac-9c83-69b8eff30174: shutdown FollowerState
2019-07-31 00:26:22,994 INFO  impl.RaftServerImpl (RaftServerImpl.java:setRole(171)) - 1af9e51e-2b0f-41ac-9c83-69b8eff30174:group-3ED6FD4030FA changes role from FOLLOWER to CANDIDATE at term 0 for changeToCandidate
2019-07-31 00:26:22,994 INFO  impl.RoleInfo (RoleInfo.java:updateAndGet(143)) - 1af9e51e-2b0f-41ac-9c83-69b8eff30174: start LeaderElection
2019-07-31 00:26:23,013 INFO  impl.LeaderElection (LeaderElection.java:askForVotes(181)) - 1af9e51e-2b0f-41ac-9c83-69b8eff30174:group-3ED6FD4030FA:LeaderElection57: begin an election at term 1 for -1: [1af9e51e-2b0f-41ac-9c83-69b8eff30174:192.168.69.114:37143], old=null
2019-07-31 00:26:23,013 INFO  impl.RoleInfo (RoleInfo.java:shutdownLeaderElection(134)) - 1af9e51e-2b0f-41ac-9c83-69b8eff30174: shutdown LeaderElection
2019-07-31 00:26:23,013 INFO  impl.RaftServerImpl (RaftServerImpl.java:setRole(171)) - 1af9e51e-2b0f-41ac-9c83-69b8eff30174:group-3ED6FD4030FA changes role from CANDIDATE to LEADER at term 1 for changeToLeader
2019-07-31 00:26:23,013 INFO  impl.RaftServerImpl (ServerState.java:setLeader(263)) - 1af9e51e-2b0f-41ac-9c83-69b8eff30174:group-3ED6FD4030FA change Leader from null to 1af9e51e-2b0f-41ac-9c83-69b8eff30174 at term 1 for becomeLeader, leader elected after 1225ms
2019-07-31 00:26:23,015 INFO  server.RaftServerConfigKeys (ConfUtils.java:logGet(43)) - raft.server.staging.catchup.gap = 1000 (default)
2019-07-31 00:26:23,016 INFO  server.RaftServerConfigKeys (ConfUtils.java:logGet(43)) - raft.server.rpc.sleep.time = 25ms (default)
2019-07-31 00:26:23,016 INFO  server.RaftServerConfigKeys (ConfUtils.java:logGet(43)) - raft.server.write.element-limit = 4096 (default)
2019-07-31 00:26:23,016 INFO  server.RaftServerConfigKeys (ConfUtils.java:logGet(43)) - raft.server.watch.timeout = 10s (default)
2019-07-31 00:26:23,016 INFO  server.RaftServerConfigKeys (ConfUtils.java:logGet(43)) - raft.server.watch.timeout.denomination = 1s (default)
2019-07-31 00:26:23,016 INFO  server.RaftServerConfigKeys (ConfUtils.java:logGet(43)) - raft.server.watch.element-limit = 65536 (default)
2019-07-31 00:26:23,017 INFO  impl.RoleInfo (RoleInfo.java:updateAndGet(143)) - 1af9e51e-2b0f-41ac-9c83-69b8eff30174: start LeaderState
2019-07-31 00:26:23,017 INFO  segmented.SegmentedRaftLogWorker (SegmentedRaftLogWorker.java:startLogSegment(380)) - 1af9e51e-2b0f-41ac-9c83-69b8eff30174-SegmentedRaftLogWorker:Storage Directory /workdir/hadoop-ozone/integration-test/target/test-dir/MiniOzoneClusterImpl-13a63858-ce33-4116-bb88-f0b17f8ea069/datanode-0/data/ratis/95889579-2688-418f-a05b-3ed6fd4030fa: Starting segment from index:0
2019-07-31 00:26:23,018 INFO  impl.RaftServerImpl (ServerState.java:setRaftConf(361)) - 1af9e51e-2b0f-41ac-9c83-69b8eff30174:group-3ED6FD4030FA set configuration 0: [1af9e51e-2b0f-41ac-9c83-69b8eff30174:192.168.69.114:37143], old=null at 0
2019-07-31 00:26:23,049 INFO  segmented.SegmentedRaftLogWorker (SegmentedRaftLogWorker.java:execute(569)) - 1af9e51e-2b0f-41ac-9c83-69b8eff30174-SegmentedRaftLogWorker:Storage Directory /workdir/hadoop-ozone/integration-test/target/test-dir/MiniOzoneClusterImpl-13a63858-ce33-4116-bb88-f0b17f8ea069/datanode-0/data/ratis/95889579-2688-418f-a05b-3ed6fd4030fa: created new log segment /workdir/hadoop-ozone/integration-test/target/test-dir/MiniOzoneClusterImpl-13a63858-ce33-4116-bb88-f0b17f8ea069/datanode-0/data/ratis/95889579-2688-418f-a05b-3ed6fd4030fa/current/log_inprogress_0
2019-07-31 00:26:23,113 INFO  impl.FollowerState (FollowerState.java:run(106)) - 3a597c39-0a43-454b-a6c0-8d5437892ae9:group-1C26F9AB6E39 changes to CANDIDATE, lastRpcTime:1171, electionTimeout:1171ms
2019-07-31 00:26:23,113 INFO  impl.RoleInfo (RoleInfo.java:shutdownFollowerState(121)) - 3a597c39-0a43-454b-a6c0-8d5437892ae9: shutdown FollowerState
2019-07-31 00:26:23,113 INFO  impl.RaftServerImpl (RaftServerImpl.java:setRole(171)) - 3a597c39-0a43-454b-a6c0-8d5437892ae9:group-1C26F9AB6E39 changes role from FOLLOWER to CANDIDATE at term 0 for changeToCandidate
2019-07-31 00:26:23,113 INFO  impl.RoleInfo (RoleInfo.java:updateAndGet(143)) - 3a597c39-0a43-454b-a6c0-8d5437892ae9: start LeaderElection
2019-07-31 00:26:23,144 INFO  impl.LeaderElection (LeaderElection.java:askForVotes(181)) - 3a597c39-0a43-454b-a6c0-8d5437892ae9:group-1C26F9AB6E39:LeaderElection58: begin an election at term 1 for -1: [3a597c39-0a43-454b-a6c0-8d5437892ae9:192.168.69.114:40624], old=null
2019-07-31 00:26:23,144 INFO  impl.RoleInfo (RoleInfo.java:shutdownLeaderElection(134)) - 3a597c39-0a43-454b-a6c0-8d5437892ae9: shutdown LeaderElection
2019-07-31 00:26:23,144 INFO  impl.RaftServerImpl (RaftServerImpl.java:setRole(171)) - 3a597c39-0a43-454b-a6c0-8d5437892ae9:group-1C26F9AB6E39 changes role from CANDIDATE to LEADER at term 1 for changeToLeader
2019-07-31 00:26:23,144 INFO  impl.RaftServerImpl (ServerState.java:setLeader(263)) - 3a597c39-0a43-454b-a6c0-8d5437892ae9:group-1C26F9AB6E39 change Leader from null to 3a597c39-0a43-454b-a6c0-8d5437892ae9 at term 1 for becomeLeader, leader elected after 1207ms
2019-07-31 00:26:23,147 INFO  server.RaftServerConfigKeys (ConfUtils.java:logGet(43)) - raft.server.staging.catchup.gap = 1000 (default)
2019-07-31 00:26:23,147 INFO  server.RaftServerConfigKeys (ConfUtils.java:logGet(43)) - raft.server.rpc.sleep.time = 25ms (default)
2019-07-31 00:26:23,148 INFO  server.RaftServerConfigKeys (ConfUtils.java:logGet(43)) - raft.server.write.element-limit = 4096 (default)
2019-07-31 00:26:23,148 INFO  server.RaftServerConfigKeys (ConfUtils.java:logGet(43)) - raft.server.watch.timeout = 10s (default)
2019-07-31 00:26:23,148 INFO  server.RaftServerConfigKeys (ConfUtils.java:logGet(43)) - raft.server.watch.timeout.denomination = 1s (default)
2019-07-31 00:26:23,148 INFO  server.RaftServerConfigKeys (ConfUtils.java:logGet(43)) - raft.server.watch.element-limit = 65536 (default)
2019-07-31 00:26:23,148 INFO  impl.RoleInfo (RoleInfo.java:updateAndGet(143)) - 3a597c39-0a43-454b-a6c0-8d5437892ae9: start LeaderState
2019-07-31 00:26:23,149 INFO  segmented.SegmentedRaftLogWorker (SegmentedRaftLogWorker.java:startLogSegment(380)) - 3a597c39-0a43-454b-a6c0-8d5437892ae9-SegmentedRaftLogWorker:Storage Directory /workdir/hadoop-ozone/integration-test/target/test-dir/MiniOzoneClusterImpl-13a63858-ce33-4116-bb88-f0b17f8ea069/datanode-1/data/ratis/7ea4ab74-ea05-4621-ad67-1c26f9ab6e39: Starting segment from index:0
2019-07-31 00:26:23,149 INFO  impl.RaftServerImpl (ServerState.java:setRaftConf(361)) - 3a597c39-0a43-454b-a6c0-8d5437892ae9:group-1C26F9AB6E39 set configuration 0: [3a597c39-0a43-454b-a6c0-8d5437892ae9:192.168.69.114:40624], old=null at 0
2019-07-31 00:26:23,191 INFO  segmented.SegmentedRaftLogWorker (SegmentedRaftLogWorker.java:execute(569)) - 3a597c39-0a43-454b-a6c0-8d5437892ae9-SegmentedRaftLogWorker:Storage Directory /workdir/hadoop-ozone/integration-test/target/test-dir/MiniOzoneClusterImpl-13a63858-ce33-4116-bb88-f0b17f8ea069/datanode-1/data/ratis/7ea4ab74-ea05-4621-ad67-1c26f9ab6e39: created new log segment /workdir/hadoop-ozone/integration-test/target/test-dir/MiniOzoneClusterImpl-13a63858-ce33-4116-bb88-f0b17f8ea069/datanode-1/data/ratis/7ea4ab74-ea05-4621-ad67-1c26f9ab6e39/current/log_inprogress_0
2019-07-31 00:26:23,220 INFO  impl.FollowerState (FollowerState.java:run(106)) - 5d2309ef-d4d1-4471-945c-913d9d893b2e:group-EB025B5D104C changes to CANDIDATE, lastRpcTime:1045, electionTimeout:1041ms
2019-07-31 00:26:23,220 INFO  impl.RoleInfo (RoleInfo.java:shutdownFollowerState(121)) - 5d2309ef-d4d1-4471-945c-913d9d893b2e: shutdown FollowerState
2019-07-31 00:26:23,220 INFO  impl.RaftServerImpl (RaftServerImpl.java:setRole(171)) - 5d2309ef-d4d1-4471-945c-913d9d893b2e:group-EB025B5D104C changes role from FOLLOWER to CANDIDATE at term 0 for changeToCandidate
2019-07-31 00:26:23,221 INFO  impl.RoleInfo (RoleInfo.java:updateAndGet(143)) - 5d2309ef-d4d1-4471-945c-913d9d893b2e: start LeaderElection
2019-07-31 00:26:23,239 INFO  impl.LeaderElection (LeaderElection.java:askForVotes(181)) - 5d2309ef-d4d1-4471-945c-913d9d893b2e:group-EB025B5D104C:LeaderElection59: begin an election at term 1 for -1: [1af9e51e-2b0f-41ac-9c83-69b8eff30174:192.168.69.114:37143, 3a597c39-0a43-454b-a6c0-8d5437892ae9:192.168.69.114:40624, 5d2309ef-d4d1-4471-945c-913d9d893b2e:192.168.69.114:41414], old=null
2019-07-31 00:26:23,353 INFO  impl.FollowerState (FollowerState.java:run(106)) - 5d2309ef-d4d1-4471-945c-913d9d893b2e:group-5544BBA16F1E changes to CANDIDATE, lastRpcTime:1242, electionTimeout:1165ms
2019-07-31 00:26:23,353 INFO  impl.FollowerState (FollowerState.java:run(106)) - 3a597c39-0a43-454b-a6c0-8d5437892ae9:group-EB025B5D104C changes to CANDIDATE, lastRpcTime:1173, electionTimeout:1103ms
2019-07-31 00:26:23,353 INFO  impl.FollowerState (FollowerState.java:run(106)) - 1af9e51e-2b0f-41ac-9c83-69b8eff30174:group-EB025B5D104C changes to CANDIDATE, lastRpcTime:1180, electionTimeout:1102ms
2019-07-31 00:26:23,355 INFO  impl.RoleInfo (RoleInfo.java:shutdownFollowerState(121)) - 3a597c39-0a43-454b-a6c0-8d5437892ae9: shutdown FollowerState
2019-07-31 00:26:23,354 INFO  impl.RoleInfo (RoleInfo.java:shutdownFollowerState(121)) - 5d2309ef-d4d1-4471-945c-913d9d893b2e: shutdown FollowerState
2019-07-31 00:26:23,356 INFO  impl.RaftServerImpl (RaftServerImpl.java:setRole(171)) - 3a597c39-0a43-454b-a6c0-8d5437892ae9:group-EB025B5D104C changes role from FOLLOWER to CANDIDATE at term 0 for changeToCandidate
2019-07-31 00:26:23,356 INFO  impl.RoleInfo (RoleInfo.java:shutdownFollowerState(121)) - 1af9e51e-2b0f-41ac-9c83-69b8eff30174: shutdown FollowerState
2019-07-31 00:26:23,357 INFO  impl.RoleInfo (RoleInfo.java:updateAndGet(143)) - 3a597c39-0a43-454b-a6c0-8d5437892ae9: start LeaderElection
2019-07-31 00:26:23,357 INFO  impl.RaftServerImpl (RaftServerImpl.java:setRole(171)) - 5d2309ef-d4d1-4471-945c-913d9d893b2e:group-5544BBA16F1E changes role from FOLLOWER to CANDIDATE at term 0 for changeToCandidate
2019-07-31 00:26:23,360 INFO  impl.RoleInfo (RoleInfo.java:updateAndGet(143)) - 5d2309ef-d4d1-4471-945c-913d9d893b2e: start LeaderElection
2019-07-31 00:26:23,359 INFO  impl.RaftServerImpl (RaftServerImpl.java:setRole(171)) - 1af9e51e-2b0f-41ac-9c83-69b8eff30174:group-EB025B5D104C changes role from FOLLOWER to CANDIDATE at term 0 for changeToCandidate
2019-07-31 00:26:23,363 INFO  impl.RoleInfo (RoleInfo.java:updateAndGet(143)) - 1af9e51e-2b0f-41ac-9c83-69b8eff30174: start LeaderElection
2019-07-31 00:26:23,374 INFO  impl.RaftServerImpl (RaftServerImpl.java:setRole(171)) - 3a597c39-0a43-454b-a6c0-8d5437892ae9:group-EB025B5D104C changes role from CANDIDATE to FOLLOWER at term 1 for recognizeCandidate:5d2309ef-d4d1-4471-945c-913d9d893b2e
2019-07-31 00:26:23,377 INFO  impl.RaftServerImpl (RaftServerImpl.java:setRole(171)) - 1af9e51e-2b0f-41ac-9c83-69b8eff30174:group-EB025B5D104C changes role from CANDIDATE to FOLLOWER at term 1 for recognizeCandidate:5d2309ef-d4d1-4471-945c-913d9d893b2e
2019-07-31 00:26:23,379 INFO  impl.RoleInfo (RoleInfo.java:shutdownLeaderElection(134)) - 1af9e51e-2b0f-41ac-9c83-69b8eff30174: shutdown LeaderElection
2019-07-31 00:26:23,377 INFO  impl.RoleInfo (RoleInfo.java:shutdownLeaderElection(134)) - 3a597c39-0a43-454b-a6c0-8d5437892ae9: shutdown LeaderElection
2019-07-31 00:26:23,381 INFO  impl.RoleInfo (RoleInfo.java:updateAndGet(143)) - 1af9e51e-2b0f-41ac-9c83-69b8eff30174: start FollowerState
2019-07-31 00:26:23,383 INFO  impl.RoleInfo (RoleInfo.java:updateAndGet(143)) - 3a597c39-0a43-454b-a6c0-8d5437892ae9: start FollowerState
2019-07-31 00:26:23,412 INFO  impl.LeaderElection (LeaderElection.java:askForVotes(181)) - 5d2309ef-d4d1-4471-945c-913d9d893b2e:group-5544BBA16F1E:LeaderElection61: begin an election at term 1 for -1: [5d2309ef-d4d1-4471-945c-913d9d893b2e:192.168.69.114:41414], old=null
2019-07-31 00:26:23,425 INFO  impl.RoleInfo (RoleInfo.java:shutdownLeaderElection(134)) - 5d2309ef-d4d1-4471-945c-913d9d893b2e: shutdown LeaderElection
2019-07-31 00:26:23,425 INFO  impl.RaftServerImpl (RaftServerImpl.java:setRole(171)) - 5d2309ef-d4d1-4471-945c-913d9d893b2e:group-5544BBA16F1E changes role from CANDIDATE to LEADER at term 1 for changeToLeader
2019-07-31 00:26:23,425 INFO  impl.RaftServerImpl (ServerState.java:setLeader(263)) - 5d2309ef-d4d1-4471-945c-913d9d893b2e:group-5544BBA16F1E change Leader from null to 5d2309ef-d4d1-4471-945c-913d9d893b2e at term 1 for becomeLeader, leader elected after 1319ms
2019-07-31 00:26:23,427 INFO  server.RaftServerConfigKeys (ConfUtils.java:logGet(43)) - raft.server.staging.catchup.gap = 1000 (default)
2019-07-31 00:26:23,434 INFO  server.RaftServerConfigKeys (ConfUtils.java:logGet(43)) - raft.server.rpc.sleep.time = 25ms (default)
2019-07-31 00:26:23,434 INFO  server.RaftServerConfigKeys (ConfUtils.java:logGet(43)) - raft.server.write.element-limit = 4096 (default)
2019-07-31 00:26:23,434 INFO  server.RaftServerConfigKeys (ConfUtils.java:logGet(43)) - raft.server.watch.timeout = 10s (default)
2019-07-31 00:26:23,436 INFO  server.RaftServerConfigKeys (ConfUtils.java:logGet(43)) - raft.server.watch.timeout.denomination = 1s (default)
2019-07-31 00:26:23,436 INFO  server.RaftServerConfigKeys (ConfUtils.java:logGet(43)) - raft.server.watch.element-limit = 65536 (default)
2019-07-31 00:26:23,438 INFO  impl.RoleInfo (RoleInfo.java:updateAndGet(143)) - 5d2309ef-d4d1-4471-945c-913d9d893b2e: start LeaderState
2019-07-31 00:26:23,438 INFO  impl.LeaderElection (LeaderElection.java:logAndReturn(56)) - 5d2309ef-d4d1-4471-945c-913d9d893b2e:group-EB025B5D104C:LeaderElection59: Election REJECTED; received 2 response(s) [5d2309ef-d4d1-4471-945c-913d9d893b2e<-1af9e51e-2b0f-41ac-9c83-69b8eff30174#0:FAIL-t1, 5d2309ef-d4d1-4471-945c-913d9d893b2e<-3a597c39-0a43-454b-a6c0-8d5437892ae9#0:FAIL-t1] and 0 exception(s); 5d2309ef-d4d1-4471-945c-913d9d893b2e:t1, leader=null, voted=5d2309ef-d4d1-4471-945c-913d9d893b2e, raftlog=5d2309ef-d4d1-4471-945c-913d9d893b2e-SegmentedRaftLog:OPENED:c-1,f-1,i0, conf=-1: [1af9e51e-2b0f-41ac-9c83-69b8eff30174:192.168.69.114:37143, 3a597c39-0a43-454b-a6c0-8d5437892ae9:192.168.69.114:40624, 5d2309ef-d4d1-4471-945c-913d9d893b2e:192.168.69.114:41414], old=null
2019-07-31 00:26:23,438 INFO  segmented.SegmentedRaftLogWorker (SegmentedRaftLogWorker.java:startLogSegment(380)) - 5d2309ef-d4d1-4471-945c-913d9d893b2e-SegmentedRaftLogWorker:Storage Directory /workdir/hadoop-ozone/integration-test/target/test-dir/MiniOzoneClusterImpl-13a63858-ce33-4116-bb88-f0b17f8ea069/datanode-2/data/ratis/36e41dd6-9ddd-4781-a15b-5544bba16f1e: Starting segment from index:0
2019-07-31 00:26:23,439 INFO  impl.RaftServerImpl (RaftServerImpl.java:setRole(171)) - 5d2309ef-d4d1-4471-945c-913d9d893b2e:group-EB025B5D104C changes role from CANDIDATE to FOLLOWER at term 1 for DISCOVERED_A_NEW_TERM
2019-07-31 00:26:23,439 INFO  impl.RoleInfo (RoleInfo.java:shutdownLeaderElection(134)) - 5d2309ef-d4d1-4471-945c-913d9d893b2e: shutdown LeaderElection
2019-07-31 00:26:23,439 INFO  impl.RoleInfo (RoleInfo.java:updateAndGet(143)) - 5d2309ef-d4d1-4471-945c-913d9d893b2e: start FollowerState
2019-07-31 00:26:23,439 INFO  impl.RaftServerImpl (ServerState.java:setRaftConf(361)) - 5d2309ef-d4d1-4471-945c-913d9d893b2e:group-5544BBA16F1E set configuration 0: [5d2309ef-d4d1-4471-945c-913d9d893b2e:192.168.69.114:41414], old=null at 0
2019-07-31 00:26:23,448 INFO  impl.LeaderElection (LeaderElection.java:askForVotes(181)) - 3a597c39-0a43-454b-a6c0-8d5437892ae9:group-EB025B5D104C:LeaderElection60: begin an election at term 2 for -1: [1af9e51e-2b0f-41ac-9c83-69b8eff30174:192.168.69.114:37143, 3a597c39-0a43-454b-a6c0-8d5437892ae9:192.168.69.114:40624, 5d2309ef-d4d1-4471-945c-913d9d893b2e:192.168.69.114:41414], old=null
2019-07-31 00:26:23,448 INFO  impl.LeaderElection (LeaderElection.java:askForVotes(181)) - 1af9e51e-2b0f-41ac-9c83-69b8eff30174:group-EB025B5D104C:LeaderElection62: begin an election at term 2 for -1: [1af9e51e-2b0f-41ac-9c83-69b8eff30174:192.168.69.114:37143, 3a597c39-0a43-454b-a6c0-8d5437892ae9:192.168.69.114:40624, 5d2309ef-d4d1-4471-945c-913d9d893b2e:192.168.69.114:41414], old=null
2019-07-31 00:26:23,450 INFO  impl.LeaderElection (LeaderElection.java:logAndReturn(56)) - 3a597c39-0a43-454b-a6c0-8d5437892ae9:group-EB025B5D104C:LeaderElection60: Election REJECTED; received 0 response(s) [] and 0 exception(s); 3a597c39-0a43-454b-a6c0-8d5437892ae9:t2, leader=null, voted=3a597c39-0a43-454b-a6c0-8d5437892ae9, raftlog=3a597c39-0a43-454b-a6c0-8d5437892ae9-SegmentedRaftLog:OPENED:c-1,f-1,i0, conf=-1: [1af9e51e-2b0f-41ac-9c83-69b8eff30174:192.168.69.114:37143, 3a597c39-0a43-454b-a6c0-8d5437892ae9:192.168.69.114:40624, 5d2309ef-d4d1-4471-945c-913d9d893b2e:192.168.69.114:41414], old=null
2019-07-31 00:26:23,451 INFO  impl.LeaderElection (LeaderElection.java:logAndReturn(56)) - 1af9e51e-2b0f-41ac-9c83-69b8eff30174:group-EB025B5D104C:LeaderElection62: Election REJECTED; received 0 response(s) [] and 0 exception(s); 1af9e51e-2b0f-41ac-9c83-69b8eff30174:t2, leader=null, voted=1af9e51e-2b0f-41ac-9c83-69b8eff30174, raftlog=1af9e51e-2b0f-41ac-9c83-69b8eff30174-SegmentedRaftLog:OPENED:c-1,f-1,i0, conf=-1: [1af9e51e-2b0f-41ac-9c83-69b8eff30174:192.168.69.114:37143, 3a597c39-0a43-454b-a6c0-8d5437892ae9:192.168.69.114:40624, 5d2309ef-d4d1-4471-945c-913d9d893b2e:192.168.69.114:41414], old=null
2019-07-31 00:26:23,459 INFO  impl.FollowerState (FollowerState.java:run(106)) - 00cf1b03-adbe-4ac0-9ac5-c56a223b4eaa:group-358812C03AE4 changes to CANDIDATE, lastRpcTime:1182, electionTimeout:1181ms
2019-07-31 00:26:23,460 INFO  impl.RoleInfo (RoleInfo.java:shutdownFollowerState(121)) - 00cf1b03-adbe-4ac0-9ac5-c56a223b4eaa: shutdown FollowerState
2019-07-31 00:26:23,460 INFO  impl.RaftServerImpl (RaftServerImpl.java:setRole(171)) - 00cf1b03-adbe-4ac0-9ac5-c56a223b4eaa:group-358812C03AE4 changes role from FOLLOWER to CANDIDATE at term 0 for changeToCandidate
2019-07-31 00:26:23,460 INFO  impl.RoleInfo (RoleInfo.java:updateAndGet(143)) - 00cf1b03-adbe-4ac0-9ac5-c56a223b4eaa: start LeaderElection
2019-07-31 00:26:23,467 INFO  impl.RaftServerImpl (RaftServerImpl.java:setRole(171)) - 5d2309ef-d4d1-4471-945c-913d9d893b2e:group-EB025B5D104C changes role from FOLLOWER to FOLLOWER at term 2 for recognizeCandidate:3a597c39-0a43-454b-a6c0-8d5437892ae9
2019-07-31 00:26:23,467 INFO  impl.RoleInfo (RoleInfo.java:shutdownFollowerState(121)) - 5d2309ef-d4d1-4471-945c-913d9d893b2e: shutdown FollowerState
2019-07-31 00:26:23,467 INFO  impl.RoleInfo (RoleInfo.java:updateAndGet(143)) - 5d2309ef-d4d1-4471-945c-913d9d893b2e: start FollowerState
2019-07-31 00:26:23,467 INFO  impl.FollowerState (FollowerState.java:run(114)) - 5d2309ef-d4d1-4471-945c-913d9d893b2e: FollowerState was interrupted: java.lang.InterruptedException: sleep interrupted
2019-07-31 00:26:23,476 INFO  segmented.SegmentedRaftLogWorker (SegmentedRaftLogWorker.java:execute(569)) - 5d2309ef-d4d1-4471-945c-913d9d893b2e-SegmentedRaftLogWorker:Storage Directory /workdir/hadoop-ozone/integration-test/target/test-dir/MiniOzoneClusterImpl-13a63858-ce33-4116-bb88-f0b17f8ea069/datanode-2/data/ratis/36e41dd6-9ddd-4781-a15b-5544bba16f1e: created new log segment /workdir/hadoop-ozone/integration-test/target/test-dir/MiniOzoneClusterImpl-13a63858-ce33-4116-bb88-f0b17f8ea069/datanode-2/data/ratis/36e41dd6-9ddd-4781-a15b-5544bba16f1e/current/log_inprogress_0
2019-07-31 00:26:23,476 INFO  impl.LeaderElection (LeaderElection.java:askForVotes(181)) - 00cf1b03-adbe-4ac0-9ac5-c56a223b4eaa:group-358812C03AE4:LeaderElection63: begin an election at term 1 for -1: [00cf1b03-adbe-4ac0-9ac5-c56a223b4eaa:192.168.69.114:38847], old=null
2019-07-31 00:26:23,476 INFO  impl.RoleInfo (RoleInfo.java:shutdownLeaderElection(134)) - 00cf1b03-adbe-4ac0-9ac5-c56a223b4eaa: shutdown LeaderElection
2019-07-31 00:26:23,477 INFO  impl.RaftServerImpl (RaftServerImpl.java:setRole(171)) - 00cf1b03-adbe-4ac0-9ac5-c56a223b4eaa:group-358812C03AE4 changes role from CANDIDATE to LEADER at term 1 for changeToLeader
2019-07-31 00:26:23,477 INFO  impl.RaftServerImpl (ServerState.java:setLeader(263)) - 00cf1b03-adbe-4ac0-9ac5-c56a223b4eaa:group-358812C03AE4 change Leader from null to 00cf1b03-adbe-4ac0-9ac5-c56a223b4eaa at term 1 for becomeLeader, leader elected after 1204ms
2019-07-31 00:26:23,479 INFO  server.RaftServerConfigKeys (ConfUtils.java:logGet(43)) - raft.server.staging.catchup.gap = 1000 (default)
2019-07-31 00:26:23,479 INFO  server.RaftServerConfigKeys (ConfUtils.java:logGet(43)) - raft.server.rpc.sleep.time = 25ms (default)
2019-07-31 00:26:23,479 INFO  server.RaftServerConfigKeys (ConfUtils.java:logGet(43)) - raft.server.write.element-limit = 4096 (default)
2019-07-31 00:26:23,479 INFO  server.RaftServerConfigKeys (ConfUtils.java:logGet(43)) - raft.server.watch.timeout = 10s (default)
2019-07-31 00:26:23,479 INFO  server.RaftServerConfigKeys (ConfUtils.java:logGet(43)) - raft.server.watch.timeout.denomination = 1s (default)
2019-07-31 00:26:23,479 INFO  server.RaftServerConfigKeys (ConfUtils.java:logGet(43)) - raft.server.watch.element-limit = 65536 (default)
2019-07-31 00:26:23,479 INFO  impl.RoleInfo (RoleInfo.java:updateAndGet(143)) - 00cf1b03-adbe-4ac0-9ac5-c56a223b4eaa: start LeaderState
2019-07-31 00:26:23,480 INFO  segmented.SegmentedRaftLogWorker (SegmentedRaftLogWorker.java:startLogSegment(380)) - 00cf1b03-adbe-4ac0-9ac5-c56a223b4eaa-SegmentedRaftLogWorker:Storage Directory /workdir/hadoop-ozone/integration-test/target/test-dir/MiniOzoneClusterImpl-13a63858-ce33-4116-bb88-f0b17f8ea069/datanode-3/data/ratis/1b3538f0-6b8b-411d-a35f-358812c03ae4: Starting segment from index:0
2019-07-31 00:26:23,480 INFO  impl.RaftServerImpl (ServerState.java:setRaftConf(361)) - 00cf1b03-adbe-4ac0-9ac5-c56a223b4eaa:group-358812C03AE4 set configuration 0: [00cf1b03-adbe-4ac0-9ac5-c56a223b4eaa:192.168.69.114:38847], old=null at 0
2019-07-31 00:26:23,508 INFO  segmented.SegmentedRaftLogWorker (SegmentedRaftLogWorker.java:execute(569)) - 00cf1b03-adbe-4ac0-9ac5-c56a223b4eaa-SegmentedRaftLogWorker:Storage Directory /workdir/hadoop-ozone/integration-test/target/test-dir/MiniOzoneClusterImpl-13a63858-ce33-4116-bb88-f0b17f8ea069/datanode-3/data/ratis/1b3538f0-6b8b-411d-a35f-358812c03ae4: created new log segment /workdir/hadoop-ozone/integration-test/target/test-dir/MiniOzoneClusterImpl-13a63858-ce33-4116-bb88-f0b17f8ea069/datanode-3/data/ratis/1b3538f0-6b8b-411d-a35f-358812c03ae4/current/log_inprogress_0
2019-07-31 00:26:23,636 INFO  ozone.MiniOzoneClusterImpl (MiniOzoneClusterImpl.java:lambda$waitForClusterToBeReady$0(142)) - Cluster is ready. Got 6 of 6 DN Heartbeats.
2019-07-31 00:26:23,676 INFO  rpc.RpcClient (RpcClient.java:createVolume(288)) - Creating Volume: datanodefailurehandlingtest, with jenkins1000 as owner.
2019-07-31 00:26:23,691 INFO  rpc.RpcClient (RpcClient.java:createBucket(425)) - Creating Bucket: datanodefailurehandlingtest/datanodefailurehandlingtest, with Versioning false and Storage Type set to DISK and Encryption set to false 
2019-07-31 00:26:23,712 INFO  impl.FollowerState (FollowerState.java:run(106)) - 0c2d81da-dd8f-4393-998f-135e8cc84210:group-5E229D7D5F7A changes to CANDIDATE, lastRpcTime:1191, electionTimeout:1191ms
2019-07-31 00:26:23,712 INFO  impl.RoleInfo (RoleInfo.java:shutdownFollowerState(121)) - 0c2d81da-dd8f-4393-998f-135e8cc84210: shutdown FollowerState
2019-07-31 00:26:23,712 INFO  impl.RaftServerImpl (RaftServerImpl.java:setRole(171)) - 0c2d81da-dd8f-4393-998f-135e8cc84210:group-5E229D7D5F7A changes role from FOLLOWER to CANDIDATE at term 0 for changeToCandidate
2019-07-31 00:26:23,712 INFO  impl.RoleInfo (RoleInfo.java:updateAndGet(143)) - 0c2d81da-dd8f-4393-998f-135e8cc84210: start LeaderElection
2019-07-31 00:26:23,744 INFO  impl.LeaderElection (LeaderElection.java:askForVotes(181)) - 0c2d81da-dd8f-4393-998f-135e8cc84210:group-5E229D7D5F7A:LeaderElection64: begin an election at term 1 for -1: [0c2d81da-dd8f-4393-998f-135e8cc84210:192.168.69.114:32785], old=null
2019-07-31 00:26:23,745 INFO  impl.RoleInfo (RoleInfo.java:shutdownLeaderElection(134)) - 0c2d81da-dd8f-4393-998f-135e8cc84210: shutdown LeaderElection
2019-07-31 00:26:23,745 INFO  impl.RaftServerImpl (RaftServerImpl.java:setRole(171)) - 0c2d81da-dd8f-4393-998f-135e8cc84210:group-5E229D7D5F7A changes role from CANDIDATE to LEADER at term 1 for changeToLeader
2019-07-31 00:26:23,745 INFO  impl.RaftServerImpl (ServerState.java:setLeader(263)) - 0c2d81da-dd8f-4393-998f-135e8cc84210:group-5E229D7D5F7A change Leader from null to 0c2d81da-dd8f-4393-998f-135e8cc84210 at term 1 for becomeLeader, leader elected after 1229ms
2019-07-31 00:26:23,748 INFO  server.RaftServerConfigKeys (ConfUtils.java:logGet(43)) - raft.server.staging.catchup.gap = 1000 (default)
2019-07-31 00:26:23,748 INFO  server.RaftServerConfigKeys (ConfUtils.java:logGet(43)) - raft.server.rpc.sleep.time = 25ms (default)
2019-07-31 00:26:23,749 INFO  server.RaftServerConfigKeys (ConfUtils.java:logGet(43)) - raft.server.write.element-limit = 4096 (default)
2019-07-31 00:26:23,749 INFO  server.RaftServerConfigKeys (ConfUtils.java:logGet(43)) - raft.server.watch.timeout = 10s (default)
2019-07-31 00:26:23,749 INFO  server.RaftServerConfigKeys (ConfUtils.java:logGet(43)) - raft.server.watch.timeout.denomination = 1s (default)
2019-07-31 00:26:23,749 INFO  server.RaftServerConfigKeys (ConfUtils.java:logGet(43)) - raft.server.watch.element-limit = 65536 (default)
2019-07-31 00:26:23,749 INFO  impl.RoleInfo (RoleInfo.java:updateAndGet(143)) - 0c2d81da-dd8f-4393-998f-135e8cc84210: start LeaderState
2019-07-31 00:26:23,750 INFO  segmented.SegmentedRaftLogWorker (SegmentedRaftLogWorker.java:startLogSegment(380)) - 0c2d81da-dd8f-4393-998f-135e8cc84210-SegmentedRaftLogWorker:Storage Directory /workdir/hadoop-ozone/integration-test/target/test-dir/MiniOzoneClusterImpl-13a63858-ce33-4116-bb88-f0b17f8ea069/datanode-4/data/ratis/de77e88f-cfe3-4501-810a-5e229d7d5f7a: Starting segment from index:0
2019-07-31 00:26:23,750 INFO  impl.RaftServerImpl (ServerState.java:setRaftConf(361)) - 0c2d81da-dd8f-4393-998f-135e8cc84210:group-5E229D7D5F7A set configuration 0: [0c2d81da-dd8f-4393-998f-135e8cc84210:192.168.69.114:32785], old=null at 0
2019-07-31 00:26:23,794 INFO  segmented.SegmentedRaftLogWorker (SegmentedRaftLogWorker.java:execute(569)) - 0c2d81da-dd8f-4393-998f-135e8cc84210-SegmentedRaftLogWorker:Storage Directory /workdir/hadoop-ozone/integration-test/target/test-dir/MiniOzoneClusterImpl-13a63858-ce33-4116-bb88-f0b17f8ea069/datanode-4/data/ratis/de77e88f-cfe3-4501-810a-5e229d7d5f7a: created new log segment /workdir/hadoop-ozone/integration-test/target/test-dir/MiniOzoneClusterImpl-13a63858-ce33-4116-bb88-f0b17f8ea069/datanode-4/data/ratis/de77e88f-cfe3-4501-810a-5e229d7d5f7a/current/log_inprogress_0
2019-07-31 00:26:23,796 INFO  impl.FollowerState (FollowerState.java:run(106)) - cae8b062-5020-4563-8b07-3e1d6b67035f:group-6853797CCE1F changes to CANDIDATE, lastRpcTime:1087, electionTimeout:1087ms
2019-07-31 00:26:23,797 INFO  impl.RoleInfo (RoleInfo.java:shutdownFollowerState(121)) - cae8b062-5020-4563-8b07-3e1d6b67035f: shutdown FollowerState
2019-07-31 00:26:23,797 INFO  impl.RaftServerImpl (RaftServerImpl.java:setRole(171)) - cae8b062-5020-4563-8b07-3e1d6b67035f:group-6853797CCE1F changes role from FOLLOWER to CANDIDATE at term 0 for changeToCandidate
2019-07-31 00:26:23,797 INFO  impl.RoleInfo (RoleInfo.java:updateAndGet(143)) - cae8b062-5020-4563-8b07-3e1d6b67035f: start LeaderElection
2019-07-31 00:26:23,808 INFO  impl.LeaderElection (LeaderElection.java:askForVotes(181)) - cae8b062-5020-4563-8b07-3e1d6b67035f:group-6853797CCE1F:LeaderElection65: begin an election at term 1 for -1: [cae8b062-5020-4563-8b07-3e1d6b67035f:192.168.69.114:39040], old=null
2019-07-31 00:26:23,808 INFO  impl.RoleInfo (RoleInfo.java:shutdownLeaderElection(134)) - cae8b062-5020-4563-8b07-3e1d6b67035f: shutdown LeaderElection
2019-07-31 00:26:23,808 INFO  impl.RaftServerImpl (RaftServerImpl.java:setRole(171)) - cae8b062-5020-4563-8b07-3e1d6b67035f:group-6853797CCE1F changes role from CANDIDATE to LEADER at term 1 for changeToLeader
2019-07-31 00:26:23,808 INFO  impl.RaftServerImpl (ServerState.java:setLeader(263)) - cae8b062-5020-4563-8b07-3e1d6b67035f:group-6853797CCE1F change Leader from null to cae8b062-5020-4563-8b07-3e1d6b67035f at term 1 for becomeLeader, leader elected after 1104ms
2019-07-31 00:26:23,810 INFO  server.RaftServerConfigKeys (ConfUtils.java:logGet(43)) - raft.server.staging.catchup.gap = 1000 (default)
2019-07-31 00:26:23,810 INFO  server.RaftServerConfigKeys (ConfUtils.java:logGet(43)) - raft.server.rpc.sleep.time = 25ms (default)
2019-07-31 00:26:23,810 INFO  server.RaftServerConfigKeys (ConfUtils.java:logGet(43)) - raft.server.write.element-limit = 4096 (default)
2019-07-31 00:26:23,810 INFO  server.RaftServerConfigKeys (ConfUtils.java:logGet(43)) - raft.server.watch.timeout = 10s (default)
2019-07-31 00:26:23,810 INFO  server.RaftServerConfigKeys (ConfUtils.java:logGet(43)) - raft.server.watch.timeout.denomination = 1s (default)
2019-07-31 00:26:23,810 INFO  server.RaftServerConfigKeys (ConfUtils.java:logGet(43)) - raft.server.watch.element-limit = 65536 (default)
2019-07-31 00:26:23,811 INFO  impl.RoleInfo (RoleInfo.java:updateAndGet(143)) - cae8b062-5020-4563-8b07-3e1d6b67035f: start LeaderState
2019-07-31 00:26:23,811 INFO  segmented.SegmentedRaftLogWorker (SegmentedRaftLogWorker.java:startLogSegment(380)) - cae8b062-5020-4563-8b07-3e1d6b67035f-SegmentedRaftLogWorker:Storage Directory /workdir/hadoop-ozone/integration-test/target/test-dir/MiniOzoneClusterImpl-13a63858-ce33-4116-bb88-f0b17f8ea069/datanode-5/data/ratis/6be43af4-32a2-497b-bd7c-6853797cce1f: Starting segment from index:0
2019-07-31 00:26:23,811 INFO  impl.RaftServerImpl (ServerState.java:setRaftConf(361)) - cae8b062-5020-4563-8b07-3e1d6b67035f:group-6853797CCE1F set configuration 0: [cae8b062-5020-4563-8b07-3e1d6b67035f:192.168.69.114:39040], old=null at 0
2019-07-31 00:26:23,836 INFO  client.GrpcClientProtocolClient (GrpcClientProtocolClient.java:onNext(255)) - client-00F96F322889->0c2d81da-dd8f-4393-998f-135e8cc84210: receive RaftClientReply:client-00F96F322889->0c2d81da-dd8f-4393-998f-135e8cc84210@group-C4FE71295043, cid=68, FAILED org.apache.ratis.protocol.NotLeaderException: Server 0c2d81da-dd8f-4393-998f-135e8cc84210 is not the leader (null). Request must be sent to leader., logIndex=0, commits[0c2d81da-dd8f-4393-998f-135e8cc84210:c-1]
2019-07-31 00:26:23,838 INFO  impl.FollowerState (FollowerState.java:run(106)) - 00cf1b03-adbe-4ac0-9ac5-c56a223b4eaa:group-C4FE71295043 changes to CANDIDATE, lastRpcTime:1061, electionTimeout:1060ms
2019-07-31 00:26:23,838 INFO  impl.RoleInfo (RoleInfo.java:shutdownFollowerState(121)) - 00cf1b03-adbe-4ac0-9ac5-c56a223b4eaa: shutdown FollowerState
2019-07-31 00:26:23,839 INFO  impl.RaftServerImpl (RaftServerImpl.java:setRole(171)) - 00cf1b03-adbe-4ac0-9ac5-c56a223b4eaa:group-C4FE71295043 changes role from FOLLOWER to CANDIDATE at term 0 for changeToCandidate
2019-07-31 00:26:23,841 INFO  impl.RoleInfo (RoleInfo.java:updateAndGet(143)) - 00cf1b03-adbe-4ac0-9ac5-c56a223b4eaa: start LeaderElection
2019-07-31 00:26:23,843 INFO  segmented.SegmentedRaftLogWorker (SegmentedRaftLogWorker.java:execute(569)) - cae8b062-5020-4563-8b07-3e1d6b67035f-SegmentedRaftLogWorker:Storage Directory /workdir/hadoop-ozone/integration-test/target/test-dir/MiniOzoneClusterImpl-13a63858-ce33-4116-bb88-f0b17f8ea069/datanode-5/data/ratis/6be43af4-32a2-497b-bd7c-6853797cce1f: created new log segment /workdir/hadoop-ozone/integration-test/target/test-dir/MiniOzoneClusterImpl-13a63858-ce33-4116-bb88-f0b17f8ea069/datanode-5/data/ratis/6be43af4-32a2-497b-bd7c-6853797cce1f/current/log_inprogress_0
2019-07-31 00:26:23,856 INFO  impl.LeaderElection (LeaderElection.java:askForVotes(181)) - 00cf1b03-adbe-4ac0-9ac5-c56a223b4eaa:group-C4FE71295043:LeaderElection66: begin an election at term 1 for -1: [cae8b062-5020-4563-8b07-3e1d6b67035f:192.168.69.114:39040, 00cf1b03-adbe-4ac0-9ac5-c56a223b4eaa:192.168.69.114:38847, 0c2d81da-dd8f-4393-998f-135e8cc84210:192.168.69.114:32785], old=null
2019-07-31 00:26:23,861 INFO  impl.RaftServerImpl (RaftServerImpl.java:setRole(171)) - cae8b062-5020-4563-8b07-3e1d6b67035f:group-C4FE71295043 changes role from FOLLOWER to FOLLOWER at term 1 for recognizeCandidate:00cf1b03-adbe-4ac0-9ac5-c56a223b4eaa
2019-07-31 00:26:23,861 INFO  impl.RaftServerImpl (RaftServerImpl.java:setRole(171)) - 0c2d81da-dd8f-4393-998f-135e8cc84210:group-C4FE71295043 changes role from FOLLOWER to FOLLOWER at term 1 for recognizeCandidate:00cf1b03-adbe-4ac0-9ac5-c56a223b4eaa
2019-07-31 00:26:23,862 INFO  impl.RoleInfo (RoleInfo.java:shutdownFollowerState(121)) - cae8b062-5020-4563-8b07-3e1d6b67035f: shutdown FollowerState
2019-07-31 00:26:23,862 INFO  impl.RoleInfo (RoleInfo.java:shutdownFollowerState(121)) - 0c2d81da-dd8f-4393-998f-135e8cc84210: shutdown FollowerState
2019-07-31 00:26:23,862 INFO  impl.FollowerState (FollowerState.java:run(114)) - cae8b062-5020-4563-8b07-3e1d6b67035f: FollowerState was interrupted: java.lang.InterruptedException: sleep interrupted
2019-07-31 00:26:23,862 INFO  impl.RoleInfo (RoleInfo.java:updateAndGet(143)) - cae8b062-5020-4563-8b07-3e1d6b67035f: start FollowerState
2019-07-31 00:26:23,862 INFO  impl.FollowerState (FollowerState.java:run(114)) - 0c2d81da-dd8f-4393-998f-135e8cc84210: FollowerState was interrupted: java.lang.InterruptedException: sleep interrupted
2019-07-31 00:26:23,862 INFO  impl.RoleInfo (RoleInfo.java:updateAndGet(143)) - 0c2d81da-dd8f-4393-998f-135e8cc84210: start FollowerState
2019-07-31 00:26:23,951 INFO  impl.LeaderElection (LeaderElection.java:logAndReturn(56)) - 00cf1b03-adbe-4ac0-9ac5-c56a223b4eaa:group-C4FE71295043:LeaderElection66: Election PASSED; received 1 response(s) [00cf1b03-adbe-4ac0-9ac5-c56a223b4eaa<-0c2d81da-dd8f-4393-998f-135e8cc84210#0:OK-t1] and 0 exception(s); 00cf1b03-adbe-4ac0-9ac5-c56a223b4eaa:t1, leader=null, voted=00cf1b03-adbe-4ac0-9ac5-c56a223b4eaa, raftlog=00cf1b03-adbe-4ac0-9ac5-c56a223b4eaa-SegmentedRaftLog:OPENED:c-1,f-1,i0, conf=-1: [cae8b062-5020-4563-8b07-3e1d6b67035f:192.168.69.114:39040, 00cf1b03-adbe-4ac0-9ac5-c56a223b4eaa:192.168.69.114:38847, 0c2d81da-dd8f-4393-998f-135e8cc84210:192.168.69.114:32785], old=null
2019-07-31 00:26:23,951 INFO  impl.RoleInfo (RoleInfo.java:shutdownLeaderElection(134)) - 00cf1b03-adbe-4ac0-9ac5-c56a223b4eaa: shutdown LeaderElection
2019-07-31 00:26:23,951 INFO  impl.RaftServerImpl (RaftServerImpl.java:setRole(171)) - 00cf1b03-adbe-4ac0-9ac5-c56a223b4eaa:group-C4FE71295043 changes role from CANDIDATE to LEADER at term 1 for changeToLeader
2019-07-31 00:26:23,951 INFO  impl.RaftServerImpl (ServerState.java:setLeader(263)) - 00cf1b03-adbe-4ac0-9ac5-c56a223b4eaa:group-C4FE71295043 change Leader from null to 00cf1b03-adbe-4ac0-9ac5-c56a223b4eaa at term 1 for becomeLeader, leader elected after 1181ms
2019-07-31 00:26:23,951 INFO  server.RaftServerConfigKeys (ConfUtils.java:logGet(43)) - raft.server.staging.catchup.gap = 1000 (default)
2019-07-31 00:26:23,951 INFO  server.RaftServerConfigKeys (ConfUtils.java:logGet(43)) - raft.server.rpc.sleep.time = 25ms (default)
2019-07-31 00:26:23,951 INFO  server.RaftServerConfigKeys (ConfUtils.java:logGet(43)) - raft.server.write.element-limit = 4096 (default)
2019-07-31 00:26:23,952 INFO  server.RaftServerConfigKeys (ConfUtils.java:logGet(43)) - raft.server.watch.timeout = 10s (default)
2019-07-31 00:26:23,952 INFO  server.RaftServerConfigKeys (ConfUtils.java:logGet(43)) - raft.server.watch.timeout.denomination = 1s (default)
2019-07-31 00:26:23,952 INFO  server.RaftServerConfigKeys (ConfUtils.java:logGet(43)) - raft.server.watch.element-limit = 65536 (default)
2019-07-31 00:26:23,952 INFO  server.RaftServerConfigKeys (ConfUtils.java:logGet(43)) - raft.server.log.appender.snapshot.chunk.size.max = 16MB (=16777216) (default)
2019-07-31 00:26:23,952 INFO  server.RaftServerConfigKeys (ConfUtils.java:logGet(43)) - raft.server.log.appender.buffer.byte-limit = 33554432 (custom)
2019-07-31 00:26:23,953 INFO  server.RaftServerConfigKeys (ConfUtils.java:logGet(43)) - raft.server.log.appender.buffer.element-limit = 1 (custom)
2019-07-31 00:26:23,953 INFO  grpc.GrpcConfigKeys$Server (ConfUtils.java:logGet(43)) - raft.grpc.server.leader.outstanding.appends.max = 128 (default)
2019-07-31 00:26:23,953 INFO  server.RaftServerConfigKeys (ConfUtils.java:logGet(43)) - raft.server.rpc.request.timeout = 3000ms (default)
2019-07-31 00:26:23,953 INFO  server.RaftServerConfigKeys (ConfUtils.java:logGet(43)) - raft.server.log.appender.install.snapshot.enabled = false (custom)
2019-07-31 00:26:23,954 INFO  server.RaftServerConfigKeys (ConfUtils.java:logGet(43)) - raft.server.log.appender.snapshot.chunk.size.max = 16MB (=16777216) (default)
2019-07-31 00:26:23,954 INFO  server.RaftServerConfigKeys (ConfUtils.java:logGet(43)) - raft.server.log.appender.buffer.byte-limit = 33554432 (custom)
2019-07-31 00:26:23,954 INFO  server.RaftServerConfigKeys (ConfUtils.java:logGet(43)) - raft.server.log.appender.buffer.element-limit = 1 (custom)
2019-07-31 00:26:23,954 INFO  grpc.GrpcConfigKeys$Server (ConfUtils.java:logGet(43)) - raft.grpc.server.leader.outstanding.appends.max = 128 (default)
2019-07-31 00:26:23,954 INFO  server.RaftServerConfigKeys (ConfUtils.java:logGet(43)) - raft.server.rpc.request.timeout = 3000ms (default)
2019-07-31 00:26:23,954 INFO  server.RaftServerConfigKeys (ConfUtils.java:logGet(43)) - raft.server.log.appender.install.snapshot.enabled = false (custom)
2019-07-31 00:26:23,955 INFO  impl.RoleInfo (RoleInfo.java:updateAndGet(143)) - 00cf1b03-adbe-4ac0-9ac5-c56a223b4eaa: start LeaderState
2019-07-31 00:26:23,955 INFO  segmented.SegmentedRaftLogWorker (SegmentedRaftLogWorker.java:startLogSegment(380)) - 00cf1b03-adbe-4ac0-9ac5-c56a223b4eaa-SegmentedRaftLogWorker:Storage Directory /workdir/hadoop-ozone/integration-test/target/test-dir/MiniOzoneClusterImpl-13a63858-ce33-4116-bb88-f0b17f8ea069/datanode-3/data/ratis/f1217c29-e71c-46d5-9aa3-c4fe71295043: Starting segment from index:0
2019-07-31 00:26:23,956 INFO  impl.RaftServerImpl (ServerState.java:setRaftConf(361)) - 00cf1b03-adbe-4ac0-9ac5-c56a223b4eaa:group-C4FE71295043 set configuration 0: [cae8b062-5020-4563-8b07-3e1d6b67035f:192.168.69.114:39040, 00cf1b03-adbe-4ac0-9ac5-c56a223b4eaa:192.168.69.114:38847, 0c2d81da-dd8f-4393-998f-135e8cc84210:192.168.69.114:32785], old=null at 0
2019-07-31 00:26:23,979 INFO  impl.RaftServerImpl (ServerState.java:setLeader(263)) - 0c2d81da-dd8f-4393-998f-135e8cc84210:group-C4FE71295043 change Leader from null to 00cf1b03-adbe-4ac0-9ac5-c56a223b4eaa at term 1 for appendEntries, leader elected after 1209ms
2019-07-31 00:26:23,981 INFO  impl.RaftServerImpl (ServerState.java:setLeader(263)) - cae8b062-5020-4563-8b07-3e1d6b67035f:group-C4FE71295043 change Leader from null to 00cf1b03-adbe-4ac0-9ac5-c56a223b4eaa at term 1 for appendEntries, leader elected after 1211ms
2019-07-31 00:26:23,983 INFO  impl.RaftServerImpl (ServerState.java:setRaftConf(361)) - 0c2d81da-dd8f-4393-998f-135e8cc84210:group-C4FE71295043 set configuration 0: [cae8b062-5020-4563-8b07-3e1d6b67035f:192.168.69.114:39040, 00cf1b03-adbe-4ac0-9ac5-c56a223b4eaa:192.168.69.114:38847, 0c2d81da-dd8f-4393-998f-135e8cc84210:192.168.69.114:32785], old=null at 0
2019-07-31 00:26:23,983 INFO  impl.RaftServerImpl (ServerState.java:setRaftConf(361)) - cae8b062-5020-4563-8b07-3e1d6b67035f:group-C4FE71295043 set configuration 0: [cae8b062-5020-4563-8b07-3e1d6b67035f:192.168.69.114:39040, 00cf1b03-adbe-4ac0-9ac5-c56a223b4eaa:192.168.69.114:38847, 0c2d81da-dd8f-4393-998f-135e8cc84210:192.168.69.114:32785], old=null at 0
2019-07-31 00:26:23,984 INFO  segmented.SegmentedRaftLogWorker (SegmentedRaftLogWorker.java:startLogSegment(380)) - 0c2d81da-dd8f-4393-998f-135e8cc84210-SegmentedRaftLogWorker:Storage Directory /workdir/hadoop-ozone/integration-test/target/test-dir/MiniOzoneClusterImpl-13a63858-ce33-4116-bb88-f0b17f8ea069/datanode-4/data/ratis/f1217c29-e71c-46d5-9aa3-c4fe71295043: Starting segment from index:0
2019-07-31 00:26:23,984 INFO  segmented.SegmentedRaftLogWorker (SegmentedRaftLogWorker.java:startLogSegment(380)) - cae8b062-5020-4563-8b07-3e1d6b67035f-SegmentedRaftLogWorker:Storage Directory /workdir/hadoop-ozone/integration-test/target/test-dir/MiniOzoneClusterImpl-13a63858-ce33-4116-bb88-f0b17f8ea069/datanode-5/data/ratis/f1217c29-e71c-46d5-9aa3-c4fe71295043: Starting segment from index:0
2019-07-31 00:26:23,988 INFO  segmented.SegmentedRaftLogWorker (SegmentedRaftLogWorker.java:execute(569)) - 00cf1b03-adbe-4ac0-9ac5-c56a223b4eaa-SegmentedRaftLogWorker:Storage Directory /workdir/hadoop-ozone/integration-test/target/test-dir/MiniOzoneClusterImpl-13a63858-ce33-4116-bb88-f0b17f8ea069/datanode-3/data/ratis/f1217c29-e71c-46d5-9aa3-c4fe71295043: created new log segment /workdir/hadoop-ozone/integration-test/target/test-dir/MiniOzoneClusterImpl-13a63858-ce33-4116-bb88-f0b17f8ea069/datanode-3/data/ratis/f1217c29-e71c-46d5-9aa3-c4fe71295043/current/log_inprogress_0
2019-07-31 00:26:24,016 INFO  segmented.SegmentedRaftLogWorker (SegmentedRaftLogWorker.java:execute(569)) - cae8b062-5020-4563-8b07-3e1d6b67035f-SegmentedRaftLogWorker:Storage Directory /workdir/hadoop-ozone/integration-test/target/test-dir/MiniOzoneClusterImpl-13a63858-ce33-4116-bb88-f0b17f8ea069/datanode-5/data/ratis/f1217c29-e71c-46d5-9aa3-c4fe71295043: created new log segment /workdir/hadoop-ozone/integration-test/target/test-dir/MiniOzoneClusterImpl-13a63858-ce33-4116-bb88-f0b17f8ea069/datanode-5/data/ratis/f1217c29-e71c-46d5-9aa3-c4fe71295043/current/log_inprogress_0
2019-07-31 00:26:24,016 INFO  segmented.SegmentedRaftLogWorker (SegmentedRaftLogWorker.java:execute(569)) - 0c2d81da-dd8f-4393-998f-135e8cc84210-SegmentedRaftLogWorker:Storage Directory /workdir/hadoop-ozone/integration-test/target/test-dir/MiniOzoneClusterImpl-13a63858-ce33-4116-bb88-f0b17f8ea069/datanode-4/data/ratis/f1217c29-e71c-46d5-9aa3-c4fe71295043: created new log segment /workdir/hadoop-ozone/integration-test/target/test-dir/MiniOzoneClusterImpl-13a63858-ce33-4116-bb88-f0b17f8ea069/datanode-4/data/ratis/f1217c29-e71c-46d5-9aa3-c4fe71295043/current/log_inprogress_0
2019-07-31 00:26:24,522 INFO  impl.FollowerState (FollowerState.java:run(106)) - 1af9e51e-2b0f-41ac-9c83-69b8eff30174:group-EB025B5D104C changes to CANDIDATE, lastRpcTime:1140, electionTimeout:1138ms
2019-07-31 00:26:24,522 INFO  impl.RoleInfo (RoleInfo.java:shutdownFollowerState(121)) - 1af9e51e-2b0f-41ac-9c83-69b8eff30174: shutdown FollowerState
2019-07-31 00:26:24,522 INFO  impl.RaftServerImpl (RaftServerImpl.java:setRole(171)) - 1af9e51e-2b0f-41ac-9c83-69b8eff30174:group-EB025B5D104C changes role from FOLLOWER to CANDIDATE at term 2 for changeToCandidate
2019-07-31 00:26:24,523 INFO  impl.RoleInfo (RoleInfo.java:updateAndGet(143)) - 1af9e51e-2b0f-41ac-9c83-69b8eff30174: start LeaderElection
2019-07-31 00:26:24,536 INFO  impl.LeaderElection (LeaderElection.java:askForVotes(181)) - 1af9e51e-2b0f-41ac-9c83-69b8eff30174:group-EB025B5D104C:LeaderElection67: begin an election at term 3 for -1: [1af9e51e-2b0f-41ac-9c83-69b8eff30174:192.168.69.114:37143, 3a597c39-0a43-454b-a6c0-8d5437892ae9:192.168.69.114:40624, 5d2309ef-d4d1-4471-945c-913d9d893b2e:192.168.69.114:41414], old=null
2019-07-31 00:26:24,539 INFO  impl.RaftServerImpl (RaftServerImpl.java:setRole(171)) - 5d2309ef-d4d1-4471-945c-913d9d893b2e:group-EB025B5D104C changes role from FOLLOWER to FOLLOWER at term 3 for recognizeCandidate:1af9e51e-2b0f-41ac-9c83-69b8eff30174
2019-07-31 00:26:24,539 INFO  impl.RaftServerImpl (RaftServerImpl.java:setRole(171)) - 3a597c39-0a43-454b-a6c0-8d5437892ae9:group-EB025B5D104C changes role from FOLLOWER to FOLLOWER at term 3 for recognizeCandidate:1af9e51e-2b0f-41ac-9c83-69b8eff30174
2019-07-31 00:26:24,539 INFO  impl.RoleInfo (RoleInfo.java:shutdownFollowerState(121)) - 5d2309ef-d4d1-4471-945c-913d9d893b2e: shutdown FollowerState
2019-07-31 00:26:24,540 INFO  impl.RoleInfo (RoleInfo.java:shutdownFollowerState(121)) - 3a597c39-0a43-454b-a6c0-8d5437892ae9: shutdown FollowerState
2019-07-31 00:26:24,540 INFO  impl.FollowerState (FollowerState.java:run(114)) - 5d2309ef-d4d1-4471-945c-913d9d893b2e: FollowerState was interrupted: java.lang.InterruptedException: sleep interrupted
2019-07-31 00:26:24,540 INFO  impl.RoleInfo (RoleInfo.java:updateAndGet(143)) - 5d2309ef-d4d1-4471-945c-913d9d893b2e: start FollowerState
2019-07-31 00:26:24,540 INFO  impl.FollowerState (FollowerState.java:run(114)) - 3a597c39-0a43-454b-a6c0-8d5437892ae9: FollowerState was interrupted: java.lang.InterruptedException: sleep interrupted
2019-07-31 00:26:24,540 INFO  impl.RoleInfo (RoleInfo.java:updateAndGet(143)) - 3a597c39-0a43-454b-a6c0-8d5437892ae9: start FollowerState
2019-07-31 00:26:24,551 INFO  impl.LeaderElection (LeaderElection.java:logAndReturn(56)) - 1af9e51e-2b0f-41ac-9c83-69b8eff30174:group-EB025B5D104C:LeaderElection67: Election PASSED; received 1 response(s) [1af9e51e-2b0f-41ac-9c83-69b8eff30174<-5d2309ef-d4d1-4471-945c-913d9d893b2e#0:OK-t3] and 0 exception(s); 1af9e51e-2b0f-41ac-9c83-69b8eff30174:t3, leader=null, voted=1af9e51e-2b0f-41ac-9c83-69b8eff30174, raftlog=1af9e51e-2b0f-41ac-9c83-69b8eff30174-SegmentedRaftLog:OPENED:c-1,f-1,i0, conf=-1: [1af9e51e-2b0f-41ac-9c83-69b8eff30174:192.168.69.114:37143, 3a597c39-0a43-454b-a6c0-8d5437892ae9:192.168.69.114:40624, 5d2309ef-d4d1-4471-945c-913d9d893b2e:192.168.69.114:41414], old=null
2019-07-31 00:26:24,551 INFO  impl.RoleInfo (RoleInfo.java:shutdownLeaderElection(134)) - 1af9e51e-2b0f-41ac-9c83-69b8eff30174: shutdown LeaderElection
2019-07-31 00:26:24,551 INFO  impl.RaftServerImpl (RaftServerImpl.java:setRole(171)) - 1af9e51e-2b0f-41ac-9c83-69b8eff30174:group-EB025B5D104C changes role from CANDIDATE to LEADER at term 3 for changeToLeader
2019-07-31 00:26:24,551 INFO  impl.RaftServerImpl (ServerState.java:setLeader(263)) - 1af9e51e-2b0f-41ac-9c83-69b8eff30174:group-EB025B5D104C change Leader from null to 1af9e51e-2b0f-41ac-9c83-69b8eff30174 at term 3 for becomeLeader, leader elected after 2387ms
2019-07-31 00:26:24,552 INFO  server.RaftServerConfigKeys (ConfUtils.java:logGet(43)) - raft.server.staging.catchup.gap = 1000 (default)
2019-07-31 00:26:24,552 INFO  server.RaftServerConfigKeys (ConfUtils.java:logGet(43)) - raft.server.rpc.sleep.time = 25ms (default)
2019-07-31 00:26:24,552 INFO  server.RaftServerConfigKeys (ConfUtils.java:logGet(43)) - raft.server.write.element-limit = 4096 (default)
2019-07-31 00:26:24,552 INFO  server.RaftServerConfigKeys (ConfUtils.java:logGet(43)) - raft.server.watch.timeout = 10s (default)
2019-07-31 00:26:24,552 INFO  server.RaftServerConfigKeys (ConfUtils.java:logGet(43)) - raft.server.watch.timeout.denomination = 1s (default)
2019-07-31 00:26:24,552 INFO  server.RaftServerConfigKeys (ConfUtils.java:logGet(43)) - raft.server.watch.element-limit = 65536 (default)
2019-07-31 00:26:24,553 INFO  server.RaftServerConfigKeys (ConfUtils.java:logGet(43)) - raft.server.log.appender.snapshot.chunk.size.max = 16MB (=16777216) (default)
2019-07-31 00:26:24,553 INFO  server.RaftServerConfigKeys (ConfUtils.java:logGet(43)) - raft.server.log.appender.buffer.byte-limit = 33554432 (custom)
2019-07-31 00:26:24,553 INFO  server.RaftServerConfigKeys (ConfUtils.java:logGet(43)) - raft.server.log.appender.buffer.element-limit = 1 (custom)
2019-07-31 00:26:24,553 INFO  grpc.GrpcConfigKeys$Server (ConfUtils.java:logGet(43)) - raft.grpc.server.leader.outstanding.appends.max = 128 (default)
2019-07-31 00:26:24,554 INFO  server.RaftServerConfigKeys (ConfUtils.java:logGet(43)) - raft.server.rpc.request.timeout = 3000ms (default)
2019-07-31 00:26:24,554 INFO  server.RaftServerConfigKeys (ConfUtils.java:logGet(43)) - raft.server.log.appender.install.snapshot.enabled = false (custom)
2019-07-31 00:26:24,554 INFO  server.RaftServerConfigKeys (ConfUtils.java:logGet(43)) - raft.server.log.appender.snapshot.chunk.size.max = 16MB (=16777216) (default)
2019-07-31 00:26:24,554 INFO  server.RaftServerConfigKeys (ConfUtils.java:logGet(43)) - raft.server.log.appender.buffer.byte-limit = 33554432 (custom)
2019-07-31 00:26:24,554 INFO  server.RaftServerConfigKeys (ConfUtils.java:logGet(43)) - raft.server.log.appender.buffer.element-limit = 1 (custom)
2019-07-31 00:26:24,555 INFO  grpc.GrpcConfigKeys$Server (ConfUtils.java:logGet(43)) - raft.grpc.server.leader.outstanding.appends.max = 128 (default)
2019-07-31 00:26:24,555 INFO  server.RaftServerConfigKeys (ConfUtils.java:logGet(43)) - raft.server.rpc.request.timeout = 3000ms (default)
2019-07-31 00:26:24,555 INFO  server.RaftServerConfigKeys (ConfUtils.java:logGet(43)) - raft.server.log.appender.install.snapshot.enabled = false (custom)
2019-07-31 00:26:24,555 INFO  impl.RoleInfo (RoleInfo.java:updateAndGet(143)) - 1af9e51e-2b0f-41ac-9c83-69b8eff30174: start LeaderState
2019-07-31 00:26:24,555 INFO  segmented.SegmentedRaftLogWorker (SegmentedRaftLogWorker.java:startLogSegment(380)) - 1af9e51e-2b0f-41ac-9c83-69b8eff30174-SegmentedRaftLogWorker:Storage Directory /workdir/hadoop-ozone/integration-test/target/test-dir/MiniOzoneClusterImpl-13a63858-ce33-4116-bb88-f0b17f8ea069/datanode-0/data/ratis/a3eae83f-b6d8-4b57-84d7-eb025b5d104c: Starting segment from index:0
2019-07-31 00:26:24,556 INFO  impl.RaftServerImpl (ServerState.java:setRaftConf(361)) - 1af9e51e-2b0f-41ac-9c83-69b8eff30174:group-EB025B5D104C set configuration 0: [1af9e51e-2b0f-41ac-9c83-69b8eff30174:192.168.69.114:37143, 3a597c39-0a43-454b-a6c0-8d5437892ae9:192.168.69.114:40624, 5d2309ef-d4d1-4471-945c-913d9d893b2e:192.168.69.114:41414], old=null at 0
2019-07-31 00:26:24,557 INFO  impl.RaftServerImpl (ServerState.java:setLeader(263)) - 3a597c39-0a43-454b-a6c0-8d5437892ae9:group-EB025B5D104C change Leader from null to 1af9e51e-2b0f-41ac-9c83-69b8eff30174 at term 3 for appendEntries, leader elected after 2393ms
2019-07-31 00:26:24,558 INFO  impl.RaftServerImpl (ServerState.java:setLeader(263)) - 5d2309ef-d4d1-4471-945c-913d9d893b2e:group-EB025B5D104C change Leader from null to 1af9e51e-2b0f-41ac-9c83-69b8eff30174 at term 3 for appendEntries, leader elected after 2393ms
2019-07-31 00:26:24,561 INFO  impl.RaftServerImpl (ServerState.java:setRaftConf(361)) - 3a597c39-0a43-454b-a6c0-8d5437892ae9:group-EB025B5D104C set configuration 0: [1af9e51e-2b0f-41ac-9c83-69b8eff30174:192.168.69.114:37143, 3a597c39-0a43-454b-a6c0-8d5437892ae9:192.168.69.114:40624, 5d2309ef-d4d1-4471-945c-913d9d893b2e:192.168.69.114:41414], old=null at 0
2019-07-31 00:26:24,562 INFO  segmented.SegmentedRaftLogWorker (SegmentedRaftLogWorker.java:startLogSegment(380)) - 3a597c39-0a43-454b-a6c0-8d5437892ae9-SegmentedRaftLogWorker:Storage Directory /workdir/hadoop-ozone/integration-test/target/test-dir/MiniOzoneClusterImpl-13a63858-ce33-4116-bb88-f0b17f8ea069/datanode-1/data/ratis/a3eae83f-b6d8-4b57-84d7-eb025b5d104c: Starting segment from index:0
2019-07-31 00:26:24,562 INFO  impl.RaftServerImpl (ServerState.java:setRaftConf(361)) - 5d2309ef-d4d1-4471-945c-913d9d893b2e:group-EB025B5D104C set configuration 0: [1af9e51e-2b0f-41ac-9c83-69b8eff30174:192.168.69.114:37143, 3a597c39-0a43-454b-a6c0-8d5437892ae9:192.168.69.114:40624, 5d2309ef-d4d1-4471-945c-913d9d893b2e:192.168.69.114:41414], old=null at 0
2019-07-31 00:26:24,563 INFO  segmented.SegmentedRaftLogWorker (SegmentedRaftLogWorker.java:startLogSegment(380)) - 5d2309ef-d4d1-4471-945c-913d9d893b2e-SegmentedRaftLogWorker:Storage Directory /workdir/hadoop-ozone/integration-test/target/test-dir/MiniOzoneClusterImpl-13a63858-ce33-4116-bb88-f0b17f8ea069/datanode-2/data/ratis/a3eae83f-b6d8-4b57-84d7-eb025b5d104c: Starting segment from index:0
2019-07-31 00:26:24,598 INFO  segmented.SegmentedRaftLogWorker (SegmentedRaftLogWorker.java:execute(569)) - 3a597c39-0a43-454b-a6c0-8d5437892ae9-SegmentedRaftLogWorker:Storage Directory /workdir/hadoop-ozone/integration-test/target/test-dir/MiniOzoneClusterImpl-13a63858-ce33-4116-bb88-f0b17f8ea069/datanode-1/data/ratis/a3eae83f-b6d8-4b57-84d7-eb025b5d104c: created new log segment /workdir/hadoop-ozone/integration-test/target/test-dir/MiniOzoneClusterImpl-13a63858-ce33-4116-bb88-f0b17f8ea069/datanode-1/data/ratis/a3eae83f-b6d8-4b57-84d7-eb025b5d104c/current/log_inprogress_0
2019-07-31 00:26:24,598 INFO  segmented.SegmentedRaftLogWorker (SegmentedRaftLogWorker.java:execute(569)) - 5d2309ef-d4d1-4471-945c-913d9d893b2e-SegmentedRaftLogWorker:Storage Directory /workdir/hadoop-ozone/integration-test/target/test-dir/MiniOzoneClusterImpl-13a63858-ce33-4116-bb88-f0b17f8ea069/datanode-2/data/ratis/a3eae83f-b6d8-4b57-84d7-eb025b5d104c: created new log segment /workdir/hadoop-ozone/integration-test/target/test-dir/MiniOzoneClusterImpl-13a63858-ce33-4116-bb88-f0b17f8ea069/datanode-2/data/ratis/a3eae83f-b6d8-4b57-84d7-eb025b5d104c/current/log_inprogress_0
2019-07-31 00:26:24,598 INFO  segmented.SegmentedRaftLogWorker (SegmentedRaftLogWorker.java:execute(569)) - 1af9e51e-2b0f-41ac-9c83-69b8eff30174-SegmentedRaftLogWorker:Storage Directory /workdir/hadoop-ozone/integration-test/target/test-dir/MiniOzoneClusterImpl-13a63858-ce33-4116-bb88-f0b17f8ea069/datanode-0/data/ratis/a3eae83f-b6d8-4b57-84d7-eb025b5d104c: created new log segment /workdir/hadoop-ozone/integration-test/target/test-dir/MiniOzoneClusterImpl-13a63858-ce33-4116-bb88-f0b17f8ea069/datanode-0/data/ratis/a3eae83f-b6d8-4b57-84d7-eb025b5d104c/current/log_inprogress_0
2019-07-31 00:26:24,721 INFO  container.ReplicationManager (ReplicationManager.java:start(155)) - Starting Replication Monitor Thread.
2019-07-31 00:26:24,725 INFO  container.ReplicationManager (ReplicationManager.java:run(207)) - Replication Monitor Thread took 0 milliseconds for processing 6 containers.
2019-07-31 00:26:25,012 INFO  client.GrpcClientProtocolClient (GrpcClientProtocolClient.java:onNext(255)) - client-00F96F322889->00cf1b03-adbe-4ac0-9ac5-c56a223b4eaa: receive RaftClientReply:client-00F96F322889->00cf1b03-adbe-4ac0-9ac5-c56a223b4eaa@group-C4FE71295043, cid=68, SUCCESS, logIndex=1, commits[00cf1b03-adbe-4ac0-9ac5-c56a223b4eaa:c1, cae8b062-5020-4563-8b07-3e1d6b67035f:c0, 0c2d81da-dd8f-4393-998f-135e8cc84210:c0]
2019-07-31 00:26:25,103 INFO  client.GrpcClientProtocolClient (GrpcClientProtocolClient.java:onNext(255)) - client-00F96F322889->00cf1b03-adbe-4ac0-9ac5-c56a223b4eaa: receive RaftClientReply:client-00F96F322889->00cf1b03-adbe-4ac0-9ac5-c56a223b4eaa@group-C4FE71295043, cid=69, SUCCESS, logIndex=3, commits[00cf1b03-adbe-4ac0-9ac5-c56a223b4eaa:c8, cae8b062-5020-4563-8b07-3e1d6b67035f:c5, 0c2d81da-dd8f-4393-998f-135e8cc84210:c5]
2019-07-31 00:26:25,104 INFO  client.GrpcClientProtocolClient (GrpcClientProtocolClient.java:onNext(255)) - client-00F96F322889->00cf1b03-adbe-4ac0-9ac5-c56a223b4eaa: receive RaftClientReply:client-00F96F322889->00cf1b03-adbe-4ac0-9ac5-c56a223b4eaa@group-C4FE71295043, cid=70, SUCCESS, logIndex=4, commits[00cf1b03-adbe-4ac0-9ac5-c56a223b4eaa:c8, cae8b062-5020-4563-8b07-3e1d6b67035f:c5, 0c2d81da-dd8f-4393-998f-135e8cc84210:c5]
2019-07-31 00:26:25,200 INFO  client.GrpcClientProtocolClient (GrpcClientProtocolClient.java:onNext(255)) - client-00F96F322889->00cf1b03-adbe-4ac0-9ac5-c56a223b4eaa: receive RaftClientReply:client-00F96F322889->00cf1b03-adbe-4ac0-9ac5-c56a223b4eaa@group-C4FE71295043, cid=71, SUCCESS, logIndex=5, commits[00cf1b03-adbe-4ac0-9ac5-c56a223b4eaa:c8, cae8b062-5020-4563-8b07-3e1d6b67035f:c5, 0c2d81da-dd8f-4393-998f-135e8cc84210:c5]
2019-07-31 00:26:25,239 INFO  client.GrpcClientProtocolClient (GrpcClientProtocolClient.java:onNext(255)) - client-00F96F322889->00cf1b03-adbe-4ac0-9ac5-c56a223b4eaa: receive RaftClientReply:client-00F96F322889->00cf1b03-adbe-4ac0-9ac5-c56a223b4eaa@group-C4FE71295043, cid=72, SUCCESS, logIndex=9, commits[00cf1b03-adbe-4ac0-9ac5-c56a223b4eaa:c10, cae8b062-5020-4563-8b07-3e1d6b67035f:c8, 0c2d81da-dd8f-4393-998f-135e8cc84210:c8]
2019-07-31 00:26:25,240 INFO  client.GrpcClientProtocolClient (GrpcClientProtocolClient.java:onNext(255)) - client-00F96F322889->00cf1b03-adbe-4ac0-9ac5-c56a223b4eaa: receive RaftClientReply:client-00F96F322889->00cf1b03-adbe-4ac0-9ac5-c56a223b4eaa@group-C4FE71295043, cid=73, SUCCESS, logIndex=10, commits[00cf1b03-adbe-4ac0-9ac5-c56a223b4eaa:c10, cae8b062-5020-4563-8b07-3e1d6b67035f:c8, 0c2d81da-dd8f-4393-998f-135e8cc84210:c8]
2019-07-31 00:26:25,244 INFO  client.GrpcClientProtocolClient (GrpcClientProtocolClient.java:onNext(255)) - client-00F96F322889->00cf1b03-adbe-4ac0-9ac5-c56a223b4eaa: receive RaftClientReply:client-00F96F322889->00cf1b03-adbe-4ac0-9ac5-c56a223b4eaa@group-C4FE71295043, cid=74, SUCCESS, logIndex=11, commits[00cf1b03-adbe-4ac0-9ac5-c56a223b4eaa:c12, cae8b062-5020-4563-8b07-3e1d6b67035f:c8, 0c2d81da-dd8f-4393-998f-135e8cc84210:c8]
2019-07-31 00:26:25,246 INFO  client.GrpcClientProtocolClient (GrpcClientProtocolClient.java:onNext(255)) - client-00F96F322889->00cf1b03-adbe-4ac0-9ac5-c56a223b4eaa: receive RaftClientReply:client-00F96F322889->00cf1b03-adbe-4ac0-9ac5-c56a223b4eaa@group-C4FE71295043, cid=75, SUCCESS, logIndex=12, commits[00cf1b03-adbe-4ac0-9ac5-c56a223b4eaa:c14, cae8b062-5020-4563-8b07-3e1d6b67035f:c10, 0c2d81da-dd8f-4393-998f-135e8cc84210:c10]
2019-07-31 00:26:25,285 INFO  client.GrpcClientProtocolClient (GrpcClientProtocolClient.java:onNext(255)) - client-00F96F322889->00cf1b03-adbe-4ac0-9ac5-c56a223b4eaa: receive RaftClientReply:client-00F96F322889->00cf1b03-adbe-4ac0-9ac5-c56a223b4eaa@group-C4FE71295043, cid=76, SUCCESS, logIndex=0, commits[00cf1b03-adbe-4ac0-9ac5-c56a223b4eaa:c16, cae8b062-5020-4563-8b07-3e1d6b67035f:c12, 0c2d81da-dd8f-4393-998f-135e8cc84210:c12]
2019-07-31 00:26:25,480 INFO  client.GrpcClientProtocolClient (GrpcClientProtocolClient.java:onNext(255)) - client-374D99C11D70->1af9e51e-2b0f-41ac-9c83-69b8eff30174: receive RaftClientReply:client-374D99C11D70->1af9e51e-2b0f-41ac-9c83-69b8eff30174@group-EB025B5D104C, cid=77, SUCCESS, logIndex=1, commits[1af9e51e-2b0f-41ac-9c83-69b8eff30174:c1, 3a597c39-0a43-454b-a6c0-8d5437892ae9:c0, 5d2309ef-d4d1-4471-945c-913d9d893b2e:c0]
2019-07-31 00:26:25,563 INFO  client.GrpcClientProtocolClient (GrpcClientProtocolClient.java:onNext(255)) - client-374D99C11D70->1af9e51e-2b0f-41ac-9c83-69b8eff30174: receive RaftClientReply:client-374D99C11D70->1af9e51e-2b0f-41ac-9c83-69b8eff30174@group-EB025B5D104C, cid=78, SUCCESS, logIndex=3, commits[1af9e51e-2b0f-41ac-9c83-69b8eff30174:c8, 3a597c39-0a43-454b-a6c0-8d5437892ae9:c5, 5d2309ef-d4d1-4471-945c-913d9d893b2e:c5]
2019-07-31 00:26:25,564 INFO  client.GrpcClientProtocolClient (GrpcClientProtocolClient.java:onNext(255)) - client-374D99C11D70->1af9e51e-2b0f-41ac-9c83-69b8eff30174: receive RaftClientReply:client-374D99C11D70->1af9e51e-2b0f-41ac-9c83-69b8eff30174@group-EB025B5D104C, cid=79, SUCCESS, logIndex=4, commits[1af9e51e-2b0f-41ac-9c83-69b8eff30174:c8, 3a597c39-0a43-454b-a6c0-8d5437892ae9:c5, 5d2309ef-d4d1-4471-945c-913d9d893b2e:c5]
2019-07-31 00:26:26,055 INFO  client.GrpcClientProtocolClient (GrpcClientProtocolClient.java:onNext(255)) - client-374D99C11D70->1af9e51e-2b0f-41ac-9c83-69b8eff30174: receive RaftClientReply:client-374D99C11D70->1af9e51e-2b0f-41ac-9c83-69b8eff30174@group-EB025B5D104C, cid=80, SUCCESS, logIndex=5, commits[1af9e51e-2b0f-41ac-9c83-69b8eff30174:c8, 3a597c39-0a43-454b-a6c0-8d5437892ae9:c8, 5d2309ef-d4d1-4471-945c-913d9d893b2e:c8]
2019-07-31 00:26:26,091 INFO  client.GrpcClientProtocolClient (GrpcClientProtocolClient.java:onNext(255)) - client-374D99C11D70->1af9e51e-2b0f-41ac-9c83-69b8eff30174: receive RaftClientReply:client-374D99C11D70->1af9e51e-2b0f-41ac-9c83-69b8eff30174@group-EB025B5D104C, cid=81, SUCCESS, logIndex=9, commits[1af9e51e-2b0f-41ac-9c83-69b8eff30174:c12, 3a597c39-0a43-454b-a6c0-8d5437892ae9:c8, 5d2309ef-d4d1-4471-945c-913d9d893b2e:c8]
2019-07-31 00:26:26,092 INFO  client.GrpcClientProtocolClient (GrpcClientProtocolClient.java:onNext(255)) - client-374D99C11D70->1af9e51e-2b0f-41ac-9c83-69b8eff30174: receive RaftClientReply:client-374D99C11D70->1af9e51e-2b0f-41ac-9c83-69b8eff30174@group-EB025B5D104C, cid=82, SUCCESS, logIndex=10, commits[1af9e51e-2b0f-41ac-9c83-69b8eff30174:c12, 3a597c39-0a43-454b-a6c0-8d5437892ae9:c8, 5d2309ef-d4d1-4471-945c-913d9d893b2e:c8]
2019-07-31 00:26:26,093 INFO  client.GrpcClientProtocolClient (GrpcClientProtocolClient.java:onNext(255)) - client-374D99C11D70->1af9e51e-2b0f-41ac-9c83-69b8eff30174: receive RaftClientReply:client-374D99C11D70->1af9e51e-2b0f-41ac-9c83-69b8eff30174@group-EB025B5D104C, cid=83, SUCCESS, logIndex=11, commits[1af9e51e-2b0f-41ac-9c83-69b8eff30174:c12, 3a597c39-0a43-454b-a6c0-8d5437892ae9:c8, 5d2309ef-d4d1-4471-945c-913d9d893b2e:c8]
2019-07-31 00:26:26,094 INFO  client.GrpcClientProtocolClient (GrpcClientProtocolClient.java:onNext(255)) - client-374D99C11D70->1af9e51e-2b0f-41ac-9c83-69b8eff30174: receive RaftClientReply:client-374D99C11D70->1af9e51e-2b0f-41ac-9c83-69b8eff30174@group-EB025B5D104C, cid=84, SUCCESS, logIndex=12, commits[1af9e51e-2b0f-41ac-9c83-69b8eff30174:c12, 3a597c39-0a43-454b-a6c0-8d5437892ae9:c8, 5d2309ef-d4d1-4471-945c-913d9d893b2e:c8]
2019-07-31 00:26:26,126 INFO  client.GrpcClientProtocolClient (GrpcClientProtocolClient.java:onNext(255)) - client-374D99C11D70->1af9e51e-2b0f-41ac-9c83-69b8eff30174: receive RaftClientReply:client-374D99C11D70->1af9e51e-2b0f-41ac-9c83-69b8eff30174@group-EB025B5D104C, cid=85, SUCCESS, logIndex=0, commits[1af9e51e-2b0f-41ac-9c83-69b8eff30174:c14, 3a597c39-0a43-454b-a6c0-8d5437892ae9:c12, 5d2309ef-d4d1-4471-945c-913d9d893b2e:c12]
2019-07-31 00:26:26,128 INFO  client.GrpcClientProtocolClient (GrpcClientProtocolClient.java:onNext(255)) - client-374D99C11D70->1af9e51e-2b0f-41ac-9c83-69b8eff30174: receive RaftClientReply:client-374D99C11D70->1af9e51e-2b0f-41ac-9c83-69b8eff30174@group-EB025B5D104C, cid=86, SUCCESS, logIndex=0, commits[1af9e51e-2b0f-41ac-9c83-69b8eff30174:c14, 3a597c39-0a43-454b-a6c0-8d5437892ae9:c12, 5d2309ef-d4d1-4471-945c-913d9d893b2e:c12]
2019-07-31 00:26:26,138 INFO  keyvalue.KeyValueHandler (ContainerUtils.java:logAndReturnError(146)) - Operation: CreateContainer : Trace ID: be78ce6ce345d101:be78ce6ce345d101:0:0 : Message: Container creation failed, due to disk out of space : Result: DISK_OUT_OF_SPACE
00:26:26.139 [pool-319-thread-13] ERROR DNAudit - user=null | ip=null | op=WRITE_CHUNK {blockData=conID: 3 locID: 102533220512890892 bcsId: 0} | ret=FAILURE
org.apache.hadoop.hdds.scm.container.common.helpers.StorageContainerException: ContainerID 3 creation failed
	at org.apache.hadoop.ozone.container.common.impl.HddsDispatcher.dispatchRequest(HddsDispatcher.java:227) ~[hadoop-hdds-container-service-0.4.1-SNAPSHOT.jar:?]
	at org.apache.hadoop.ozone.container.common.impl.HddsDispatcher.dispatch(HddsDispatcher.java:148) ~[hadoop-hdds-container-service-0.4.1-SNAPSHOT.jar:?]
	at org.apache.hadoop.ozone.container.common.transport.server.ratis.ContainerStateMachine.dispatchCommand(ContainerStateMachine.java:374) ~[hadoop-hdds-container-service-0.4.1-SNAPSHOT.jar:?]
	at org.apache.hadoop.ozone.container.common.transport.server.ratis.ContainerStateMachine.runCommand(ContainerStateMachine.java:381) ~[hadoop-hdds-container-service-0.4.1-SNAPSHOT.jar:?]
	at org.apache.hadoop.ozone.container.common.transport.server.ratis.ContainerStateMachine.lambda$handleWriteChunk$1(ContainerStateMachine.java:412) ~[hadoop-hdds-container-service-0.4.1-SNAPSHOT.jar:?]
	at java.util.concurrent.CompletableFuture$AsyncSupply.run(CompletableFuture.java:1590) [?:1.8.0_212]
	at java.util.concurrent.ThreadPoolExecutor.runWorker(ThreadPoolExecutor.java:1149) [?:1.8.0_212]
	at java.util.concurrent.ThreadPoolExecutor$Worker.run(ThreadPoolExecutor.java:624) [?:1.8.0_212]
	at java.lang.Thread.run(Thread.java:748) [?:1.8.0_212]
2019-07-31 00:26:26,140 INFO  impl.HddsDispatcher (ContainerUtils.java:logAndReturnError(146)) - Operation: WriteChunk : Trace ID: be78ce6ce345d101:be78ce6ce345d101:0:0 : Message: ContainerID 3 creation failed : Result: DISK_OUT_OF_SPACE
2019-07-31 00:26:26,141 INFO  keyvalue.KeyValueHandler (ContainerUtils.java:logAndReturnError(146)) - Operation: CreateContainer : Trace ID: f40c46298b13ca2b:f40c46298b13ca2b:0:0 : Message: Container creation failed, due to disk out of space : Result: DISK_OUT_OF_SPACE
00:26:26.146 [pool-319-thread-16] ERROR DNAudit - user=null | ip=null | op=WRITE_CHUNK {blockData=conID: 3 locID: 102533220512890892 bcsId: 0} | ret=FAILURE
org.apache.hadoop.hdds.scm.container.common.helpers.StorageContainerException: ContainerID 3 creation failed
	at org.apache.hadoop.ozone.container.common.impl.HddsDispatcher.dispatchRequest(HddsDispatcher.java:227) ~[hadoop-hdds-container-service-0.4.1-SNAPSHOT.jar:?]
	at org.apache.hadoop.ozone.container.common.impl.HddsDispatcher.dispatch(HddsDispatcher.java:148) ~[hadoop-hdds-container-service-0.4.1-SNAPSHOT.jar:?]
	at org.apache.hadoop.ozone.container.common.transport.server.ratis.ContainerStateMachine.dispatchCommand(ContainerStateMachine.java:374) ~[hadoop-hdds-container-service-0.4.1-SNAPSHOT.jar:?]
	at org.apache.hadoop.ozone.container.common.transport.server.ratis.ContainerStateMachine.runCommand(ContainerStateMachine.java:381) ~[hadoop-hdds-container-service-0.4.1-SNAPSHOT.jar:?]
	at org.apache.hadoop.ozone.container.common.transport.server.ratis.ContainerStateMachine.lambda$handleWriteChunk$1(ContainerStateMachine.java:412) ~[hadoop-hdds-container-service-0.4.1-SNAPSHOT.jar:?]
	at java.util.concurrent.CompletableFuture$AsyncSupply.run(CompletableFuture.java:1590) [?:1.8.0_212]
	at java.util.concurrent.ThreadPoolExecutor.runWorker(ThreadPoolExecutor.java:1149) [?:1.8.0_212]
	at java.util.concurrent.ThreadPoolExecutor$Worker.run(ThreadPoolExecutor.java:624) [?:1.8.0_212]
	at java.lang.Thread.run(Thread.java:748) [?:1.8.0_212]
2019-07-31 00:26:26,147 INFO  impl.HddsDispatcher (ContainerUtils.java:logAndReturnError(146)) - Operation: WriteChunk : Trace ID: f40c46298b13ca2b:f40c46298b13ca2b:0:0 : Message: ContainerID 3 creation failed : Result: DISK_OUT_OF_SPACE
2019-07-31 00:26:26,152 INFO  keyvalue.KeyValueHandler (ContainerUtils.java:logAndReturnError(146)) - Operation: CreateContainer : Trace ID: be78ce6ce345d101:be78ce6ce345d101:0:0 : Message: Container creation failed, due to disk out of space : Result: DISK_OUT_OF_SPACE
2019-07-31 00:26:26,152 INFO  keyvalue.KeyValueHandler (ContainerUtils.java:logAndReturnError(146)) - Operation: CreateContainer : Trace ID: be78ce6ce345d101:be78ce6ce345d101:0:0 : Message: Container creation failed, due to disk out of space : Result: DISK_OUT_OF_SPACE
00:26:26.152 [pool-341-thread-5] ERROR DNAudit - user=null | ip=null | op=WRITE_CHUNK {blockData=conID: 3 locID: 102533220512890892 bcsId: 0} | ret=FAILURE
org.apache.hadoop.hdds.scm.container.common.helpers.StorageContainerException: ContainerID 3 creation failed
	at org.apache.hadoop.ozone.container.common.impl.HddsDispatcher.dispatchRequest(HddsDispatcher.java:227) ~[hadoop-hdds-container-service-0.4.1-SNAPSHOT.jar:?]
	at org.apache.hadoop.ozone.container.common.impl.HddsDispatcher.dispatch(HddsDispatcher.java:148) ~[hadoop-hdds-container-service-0.4.1-SNAPSHOT.jar:?]
	at org.apache.hadoop.ozone.container.common.transport.server.ratis.ContainerStateMachine.dispatchCommand(ContainerStateMachine.java:374) ~[hadoop-hdds-container-service-0.4.1-SNAPSHOT.jar:?]
	at org.apache.hadoop.ozone.container.common.transport.server.ratis.ContainerStateMachine.runCommand(ContainerStateMachine.java:381) ~[hadoop-hdds-container-service-0.4.1-SNAPSHOT.jar:?]
	at org.apache.hadoop.ozone.container.common.transport.server.ratis.ContainerStateMachine.lambda$handleWriteChunk$1(ContainerStateMachine.java:412) ~[hadoop-hdds-container-service-0.4.1-SNAPSHOT.jar:?]
	at java.util.concurrent.CompletableFuture$AsyncSupply.run(CompletableFuture.java:1590) [?:1.8.0_212]
	at java.util.concurrent.ThreadPoolExecutor.runWorker(ThreadPoolExecutor.java:1149) [?:1.8.0_212]
	at java.util.concurrent.ThreadPoolExecutor$Worker.run(ThreadPoolExecutor.java:624) [?:1.8.0_212]
	at java.lang.Thread.run(Thread.java:748) [?:1.8.0_212]
2019-07-31 00:26:26,153 INFO  impl.HddsDispatcher (ContainerUtils.java:logAndReturnError(146)) - Operation: WriteChunk : Trace ID: be78ce6ce345d101:be78ce6ce345d101:0:0 : Message: ContainerID 3 creation failed : Result: DISK_OUT_OF_SPACE
00:26:26.152 [pool-330-thread-5] ERROR DNAudit - user=null | ip=null | op=WRITE_CHUNK {blockData=conID: 3 locID: 102533220512890892 bcsId: 0} | ret=FAILURE
org.apache.hadoop.hdds.scm.container.common.helpers.StorageContainerException: ContainerID 3 creation failed
	at org.apache.hadoop.ozone.container.common.impl.HddsDispatcher.dispatchRequest(HddsDispatcher.java:227) ~[hadoop-hdds-container-service-0.4.1-SNAPSHOT.jar:?]
	at org.apache.hadoop.ozone.container.common.impl.HddsDispatcher.dispatch(HddsDispatcher.java:148) ~[hadoop-hdds-container-service-0.4.1-SNAPSHOT.jar:?]
	at org.apache.hadoop.ozone.container.common.transport.server.ratis.ContainerStateMachine.dispatchCommand(ContainerStateMachine.java:374) ~[hadoop-hdds-container-service-0.4.1-SNAPSHOT.jar:?]
	at org.apache.hadoop.ozone.container.common.transport.server.ratis.ContainerStateMachine.runCommand(ContainerStateMachine.java:381) ~[hadoop-hdds-container-service-0.4.1-SNAPSHOT.jar:?]
	at org.apache.hadoop.ozone.container.common.transport.server.ratis.ContainerStateMachine.lambda$handleWriteChunk$1(ContainerStateMachine.java:412) ~[hadoop-hdds-container-service-0.4.1-SNAPSHOT.jar:?]
	at java.util.concurrent.CompletableFuture$AsyncSupply.run(CompletableFuture.java:1590) [?:1.8.0_212]
	at java.util.concurrent.ThreadPoolExecutor.runWorker(ThreadPoolExecutor.java:1149) [?:1.8.0_212]
	at java.util.concurrent.ThreadPoolExecutor$Worker.run(ThreadPoolExecutor.java:624) [?:1.8.0_212]
	at java.lang.Thread.run(Thread.java:748) [?:1.8.0_212]
2019-07-31 00:26:26,153 INFO  impl.HddsDispatcher (ContainerUtils.java:logAndReturnError(146)) - Operation: WriteChunk : Trace ID: be78ce6ce345d101:be78ce6ce345d101:0:0 : Message: ContainerID 3 creation failed : Result: DISK_OUT_OF_SPACE
2019-07-31 00:26:26,154 INFO  keyvalue.KeyValueHandler (ContainerUtils.java:logAndReturnError(146)) - Operation: CreateContainer : Trace ID: f40c46298b13ca2b:f40c46298b13ca2b:0:0 : Message: Container creation failed, due to disk out of space : Result: DISK_OUT_OF_SPACE
00:26:26.154 [pool-341-thread-6] ERROR DNAudit - user=null | ip=null | op=WRITE_CHUNK {blockData=conID: 3 locID: 102533220512890892 bcsId: 0} | ret=FAILURE
org.apache.hadoop.hdds.scm.container.common.helpers.StorageContainerException: ContainerID 3 creation failed
	at org.apache.hadoop.ozone.container.common.impl.HddsDispatcher.dispatchRequest(HddsDispatcher.java:227) ~[hadoop-hdds-container-service-0.4.1-SNAPSHOT.jar:?]
	at org.apache.hadoop.ozone.container.common.impl.HddsDispatcher.dispatch(HddsDispatcher.java:148) ~[hadoop-hdds-container-service-0.4.1-SNAPSHOT.jar:?]
	at org.apache.hadoop.ozone.container.common.transport.server.ratis.ContainerStateMachine.dispatchCommand(ContainerStateMachine.java:374) ~[hadoop-hdds-container-service-0.4.1-SNAPSHOT.jar:?]
	at org.apache.hadoop.ozone.container.common.transport.server.ratis.ContainerStateMachine.runCommand(ContainerStateMachine.java:381) ~[hadoop-hdds-container-service-0.4.1-SNAPSHOT.jar:?]
	at org.apache.hadoop.ozone.container.common.transport.server.ratis.ContainerStateMachine.lambda$handleWriteChunk$1(ContainerStateMachine.java:412) ~[hadoop-hdds-container-service-0.4.1-SNAPSHOT.jar:?]
	at java.util.concurrent.CompletableFuture$AsyncSupply.run(CompletableFuture.java:1590) [?:1.8.0_212]
	at java.util.concurrent.ThreadPoolExecutor.runWorker(ThreadPoolExecutor.java:1149) [?:1.8.0_212]
	at java.util.concurrent.ThreadPoolExecutor$Worker.run(ThreadPoolExecutor.java:624) [?:1.8.0_212]
	at java.lang.Thread.run(Thread.java:748) [?:1.8.0_212]
2019-07-31 00:26:26,155 INFO  impl.HddsDispatcher (ContainerUtils.java:logAndReturnError(146)) - Operation: WriteChunk : Trace ID: f40c46298b13ca2b:f40c46298b13ca2b:0:0 : Message: ContainerID 3 creation failed : Result: DISK_OUT_OF_SPACE
2019-07-31 00:26:26,156 INFO  keyvalue.KeyValueHandler (ContainerUtils.java:logAndReturnError(146)) - Operation: CreateContainer : Trace ID: f40c46298b13ca2b:f40c46298b13ca2b:0:0 : Message: Container creation failed, due to disk out of space : Result: DISK_OUT_OF_SPACE
00:26:26.156 [pool-330-thread-6] ERROR DNAudit - user=null | ip=null | op=WRITE_CHUNK {blockData=conID: 3 locID: 102533220512890892 bcsId: 0} | ret=FAILURE
org.apache.hadoop.hdds.scm.container.common.helpers.StorageContainerException: ContainerID 3 creation failed
	at org.apache.hadoop.ozone.container.common.impl.HddsDispatcher.dispatchRequest(HddsDispatcher.java:227) ~[hadoop-hdds-container-service-0.4.1-SNAPSHOT.jar:?]
	at org.apache.hadoop.ozone.container.common.impl.HddsDispatcher.dispatch(HddsDispatcher.java:148) ~[hadoop-hdds-container-service-0.4.1-SNAPSHOT.jar:?]
	at org.apache.hadoop.ozone.container.common.transport.server.ratis.ContainerStateMachine.dispatchCommand(ContainerStateMachine.java:374) ~[hadoop-hdds-container-service-0.4.1-SNAPSHOT.jar:?]
	at org.apache.hadoop.ozone.container.common.transport.server.ratis.ContainerStateMachine.runCommand(ContainerStateMachine.java:381) ~[hadoop-hdds-container-service-0.4.1-SNAPSHOT.jar:?]
	at org.apache.hadoop.ozone.container.common.transport.server.ratis.ContainerStateMachine.lambda$handleWriteChunk$1(ContainerStateMachine.java:412) ~[hadoop-hdds-container-service-0.4.1-SNAPSHOT.jar:?]
	at java.util.concurrent.CompletableFuture$AsyncSupply.run(CompletableFuture.java:1590) [?:1.8.0_212]
	at java.util.concurrent.ThreadPoolExecutor.runWorker(ThreadPoolExecutor.java:1149) [?:1.8.0_212]
	at java.util.concurrent.ThreadPoolExecutor$Worker.run(ThreadPoolExecutor.java:624) [?:1.8.0_212]
	at java.lang.Thread.run(Thread.java:748) [?:1.8.0_212]
2019-07-31 00:26:26,157 INFO  impl.HddsDispatcher (ContainerUtils.java:logAndReturnError(146)) - Operation: WriteChunk : Trace ID: f40c46298b13ca2b:f40c46298b13ca2b:0:0 : Message: ContainerID 3 creation failed : Result: DISK_OUT_OF_SPACE
00:26:26.157 [RatisApplyTransactionExecutor 3] ERROR DNAudit - user=null | ip=null | op=WRITE_CHUNK {blockData=conID: 3 locID: 102533220512890892 bcsId: 0} | ret=FAILURE
org.apache.hadoop.hdds.scm.container.common.helpers.StorageContainerException: ContainerID 3 does not exist
	at org.apache.hadoop.ozone.container.common.impl.HddsDispatcher.dispatchRequest(HddsDispatcher.java:242) ~[hadoop-hdds-container-service-0.4.1-SNAPSHOT.jar:?]
	at org.apache.hadoop.ozone.container.common.impl.HddsDispatcher.dispatch(HddsDispatcher.java:148) ~[hadoop-hdds-container-service-0.4.1-SNAPSHOT.jar:?]
	at org.apache.hadoop.ozone.container.common.transport.server.ratis.ContainerStateMachine.dispatchCommand(ContainerStateMachine.java:374) ~[hadoop-hdds-container-service-0.4.1-SNAPSHOT.jar:?]
	at org.apache.hadoop.ozone.container.common.transport.server.ratis.ContainerStateMachine.runCommand(ContainerStateMachine.java:381) ~[hadoop-hdds-container-service-0.4.1-SNAPSHOT.jar:?]
	at org.apache.hadoop.ozone.container.common.transport.server.ratis.ContainerStateMachine.lambda$applyTransaction$6(ContainerStateMachine.java:647) ~[hadoop-hdds-container-service-0.4.1-SNAPSHOT.jar:?]
	at java.util.concurrent.CompletableFuture$AsyncSupply.run(CompletableFuture.java:1590) [?:1.8.0_212]
	at java.util.concurrent.ThreadPoolExecutor.runWorker(ThreadPoolExecutor.java:1149) [?:1.8.0_212]
	at java.util.concurrent.ThreadPoolExecutor$Worker.run(ThreadPoolExecutor.java:624) [?:1.8.0_212]
	at java.lang.Thread.run(Thread.java:748) [?:1.8.0_212]
2019-07-31 00:26:26,158 INFO  impl.HddsDispatcher (ContainerUtils.java:logAndReturnError(146)) - Operation: WriteChunk : Trace ID: be78ce6ce345d101:be78ce6ce345d101:0:0 : Message: ContainerID 3 does not exist : Result: CONTAINER_NOT_FOUND
00:26:26.162 [RatisApplyTransactionExecutor 3] ERROR DNAudit - user=null | ip=null | op=PUT_BLOCK {blockData=[blockId=conID: 3 locID: 102533220512890892 bcsId: 0,size=1048576]} | ret=FAILURE
org.apache.hadoop.hdds.scm.container.common.helpers.StorageContainerException: ContainerID 3 does not exist
	at org.apache.hadoop.ozone.container.common.impl.HddsDispatcher.dispatchRequest(HddsDispatcher.java:242) ~[hadoop-hdds-container-service-0.4.1-SNAPSHOT.jar:?]
	at org.apache.hadoop.ozone.container.common.impl.HddsDispatcher.dispatch(HddsDispatcher.java:148) ~[hadoop-hdds-container-service-0.4.1-SNAPSHOT.jar:?]
	at org.apache.hadoop.ozone.container.common.transport.server.ratis.ContainerStateMachine.dispatchCommand(ContainerStateMachine.java:374) ~[hadoop-hdds-container-service-0.4.1-SNAPSHOT.jar:?]
	at org.apache.hadoop.ozone.container.common.transport.server.ratis.ContainerStateMachine.runCommand(ContainerStateMachine.java:381) ~[hadoop-hdds-container-service-0.4.1-SNAPSHOT.jar:?]
	at org.apache.hadoop.ozone.container.common.transport.server.ratis.ContainerStateMachine.lambda$applyTransaction$6(ContainerStateMachine.java:647) ~[hadoop-hdds-container-service-0.4.1-SNAPSHOT.jar:?]
	at java.util.concurrent.CompletableFuture$AsyncSupply.run(CompletableFuture.java:1590) [?:1.8.0_212]
	at java.util.concurrent.ThreadPoolExecutor.runWorker(ThreadPoolExecutor.java:1149) [?:1.8.0_212]
	at java.util.concurrent.ThreadPoolExecutor$Worker.run(ThreadPoolExecutor.java:624) [?:1.8.0_212]
	at java.lang.Thread.run(Thread.java:748) [?:1.8.0_212]
2019-07-31 00:26:26,162 INFO  impl.HddsDispatcher (ContainerUtils.java:logAndReturnError(146)) - Operation: PutBlock : Trace ID: cc7fed3dffbd0fdc:cc7fed3dffbd0fdc:0:0 : Message: ContainerID 3 does not exist : Result: CONTAINER_NOT_FOUND
2019-07-31 00:26:26,162 INFO  client.GrpcClientProtocolClient (GrpcClientProtocolClient.java:onNext(255)) - client-00F96F322889->00cf1b03-adbe-4ac0-9ac5-c56a223b4eaa: receive RaftClientReply:client-00F96F322889->00cf1b03-adbe-4ac0-9ac5-c56a223b4eaa@group-C4FE71295043, cid=87, SUCCESS, logIndex=17, commits[00cf1b03-adbe-4ac0-9ac5-c56a223b4eaa:c18, cae8b062-5020-4563-8b07-3e1d6b67035f:c16, 0c2d81da-dd8f-4393-998f-135e8cc84210:c16]
00:26:26.163 [RatisApplyTransactionExecutor 3] ERROR DNAudit - user=null | ip=null | op=WRITE_CHUNK {blockData=conID: 3 locID: 102533220512890892 bcsId: 0} | ret=FAILURE
org.apache.hadoop.hdds.scm.container.common.helpers.StorageContainerException: ContainerID 3 does not exist
	at org.apache.hadoop.ozone.container.common.impl.HddsDispatcher.dispatchRequest(HddsDispatcher.java:242) ~[hadoop-hdds-container-service-0.4.1-SNAPSHOT.jar:?]
	at org.apache.hadoop.ozone.container.common.impl.HddsDispatcher.dispatch(HddsDispatcher.java:148) ~[hadoop-hdds-container-service-0.4.1-SNAPSHOT.jar:?]
	at org.apache.hadoop.ozone.container.common.transport.server.ratis.ContainerStateMachine.dispatchCommand(ContainerStateMachine.java:374) ~[hadoop-hdds-container-service-0.4.1-SNAPSHOT.jar:?]
	at org.apache.hadoop.ozone.container.common.transport.server.ratis.ContainerStateMachine.runCommand(ContainerStateMachine.java:381) ~[hadoop-hdds-container-service-0.4.1-SNAPSHOT.jar:?]
	at org.apache.hadoop.ozone.container.common.transport.server.ratis.ContainerStateMachine.lambda$applyTransaction$6(ContainerStateMachine.java:647) ~[hadoop-hdds-container-service-0.4.1-SNAPSHOT.jar:?]
	at java.util.concurrent.CompletableFuture$AsyncSupply.run(CompletableFuture.java:1590) [?:1.8.0_212]
	at java.util.concurrent.ThreadPoolExecutor.runWorker(ThreadPoolExecutor.java:1149) [?:1.8.0_212]
	at java.util.concurrent.ThreadPoolExecutor$Worker.run(ThreadPoolExecutor.java:624) [?:1.8.0_212]
	at java.lang.Thread.run(Thread.java:748) [?:1.8.0_212]
2019-07-31 00:26:26,164 ERROR storage.BlockOutputStream (BlockOutputStream.java:validateResponse(531)) - Unexpected Storage Container Exception: 
org.apache.hadoop.hdds.scm.container.common.helpers.StorageContainerException: ContainerID 3 does not exist
	at org.apache.hadoop.hdds.scm.storage.ContainerProtocolCalls.validateContainerResponse(ContainerProtocolCalls.java:536)
	at org.apache.hadoop.hdds.scm.storage.BlockOutputStream.validateResponse(BlockOutputStream.java:529)
	at org.apache.hadoop.hdds.scm.storage.BlockOutputStream.lambda$writeChunkToContainer$2(BlockOutputStream.java:606)
	at java.util.concurrent.CompletableFuture.uniApply(CompletableFuture.java:602)
	at java.util.concurrent.CompletableFuture$UniApply.tryFire(CompletableFuture.java:577)
	at java.util.concurrent.CompletableFuture$Completion.run(CompletableFuture.java:442)
	at java.util.concurrent.ThreadPoolExecutor.runWorker(ThreadPoolExecutor.java:1149)
	at java.util.concurrent.ThreadPoolExecutor$Worker.run(ThreadPoolExecutor.java:624)
	at java.lang.Thread.run(Thread.java:748)
2019-07-31 00:26:26,164 INFO  impl.HddsDispatcher (ContainerUtils.java:logAndReturnError(146)) - Operation: WriteChunk : Trace ID: be78ce6ce345d101:be78ce6ce345d101:0:0 : Message: ContainerID 3 does not exist : Result: CONTAINER_NOT_FOUND
00:26:26.164 [RatisApplyTransactionExecutor 3] ERROR DNAudit - user=null | ip=null | op=WRITE_CHUNK {blockData=conID: 3 locID: 102533220512890892 bcsId: 0} | ret=FAILURE
org.apache.hadoop.hdds.scm.container.common.helpers.StorageContainerException: ContainerID 3 does not exist
	at org.apache.hadoop.ozone.container.common.impl.HddsDispatcher.dispatchRequest(HddsDispatcher.java:242) ~[hadoop-hdds-container-service-0.4.1-SNAPSHOT.jar:?]
	at org.apache.hadoop.ozone.container.common.impl.HddsDispatcher.dispatch(HddsDispatcher.java:148) ~[hadoop-hdds-container-service-0.4.1-SNAPSHOT.jar:?]
	at org.apache.hadoop.ozone.container.common.transport.server.ratis.ContainerStateMachine.dispatchCommand(ContainerStateMachine.java:374) ~[hadoop-hdds-container-service-0.4.1-SNAPSHOT.jar:?]
	at org.apache.hadoop.ozone.container.common.transport.server.ratis.ContainerStateMachine.runCommand(ContainerStateMachine.java:381) ~[hadoop-hdds-container-service-0.4.1-SNAPSHOT.jar:?]
	at org.apache.hadoop.ozone.container.common.transport.server.ratis.ContainerStateMachine.lambda$applyTransaction$6(ContainerStateMachine.java:647) ~[hadoop-hdds-container-service-0.4.1-SNAPSHOT.jar:?]
	at java.util.concurrent.CompletableFuture$AsyncSupply.run(CompletableFuture.java:1590) [?:1.8.0_212]
	at java.util.concurrent.ThreadPoolExecutor.runWorker(ThreadPoolExecutor.java:1149) [?:1.8.0_212]
	at java.util.concurrent.ThreadPoolExecutor$Worker.run(ThreadPoolExecutor.java:624) [?:1.8.0_212]
	at java.lang.Thread.run(Thread.java:748) [?:1.8.0_212]
2019-07-31 00:26:26,167 INFO  client.GrpcClientProtocolClient (GrpcClientProtocolClient.java:onNext(255)) - client-00F96F322889->00cf1b03-adbe-4ac0-9ac5-c56a223b4eaa: receive RaftClientReply:client-00F96F322889->00cf1b03-adbe-4ac0-9ac5-c56a223b4eaa@group-C4FE71295043, cid=88, SUCCESS, logIndex=18, commits[00cf1b03-adbe-4ac0-9ac5-c56a223b4eaa:c18, cae8b062-5020-4563-8b07-3e1d6b67035f:c16, 0c2d81da-dd8f-4393-998f-135e8cc84210:c16]
2019-07-31 00:26:26,167 INFO  impl.HddsDispatcher (ContainerUtils.java:logAndReturnError(146)) - Operation: WriteChunk : Trace ID: f40c46298b13ca2b:f40c46298b13ca2b:0:0 : Message: ContainerID 3 does not exist : Result: CONTAINER_NOT_FOUND
00:26:26.167 [RatisApplyTransactionExecutor 3] ERROR DNAudit - user=null | ip=null | op=PUT_BLOCK {blockData=[blockId=conID: 3 locID: 102533220512890892 bcsId: 0,size=1048576]} | ret=FAILURE
org.apache.hadoop.hdds.scm.container.common.helpers.StorageContainerException: ContainerID 3 does not exist
	at org.apache.hadoop.ozone.container.common.impl.HddsDispatcher.dispatchRequest(HddsDispatcher.java:242) ~[hadoop-hdds-container-service-0.4.1-SNAPSHOT.jar:?]
	at org.apache.hadoop.ozone.container.common.impl.HddsDispatcher.dispatch(HddsDispatcher.java:148) ~[hadoop-hdds-container-service-0.4.1-SNAPSHOT.jar:?]
	at org.apache.hadoop.ozone.container.common.transport.server.ratis.ContainerStateMachine.dispatchCommand(ContainerStateMachine.java:374) ~[hadoop-hdds-container-service-0.4.1-SNAPSHOT.jar:?]
	at org.apache.hadoop.ozone.container.common.transport.server.ratis.ContainerStateMachine.runCommand(ContainerStateMachine.java:381) ~[hadoop-hdds-container-service-0.4.1-SNAPSHOT.jar:?]
	at org.apache.hadoop.ozone.container.common.transport.server.ratis.ContainerStateMachine.lambda$applyTransaction$6(ContainerStateMachine.java:647) ~[hadoop-hdds-container-service-0.4.1-SNAPSHOT.jar:?]
	at java.util.concurrent.CompletableFuture$AsyncSupply.run(CompletableFuture.java:1590) [?:1.8.0_212]
	at java.util.concurrent.ThreadPoolExecutor.runWorker(ThreadPoolExecutor.java:1149) [?:1.8.0_212]
	at java.util.concurrent.ThreadPoolExecutor$Worker.run(ThreadPoolExecutor.java:624) [?:1.8.0_212]
	at java.lang.Thread.run(Thread.java:748) [?:1.8.0_212]
2019-07-31 00:26:26,168 INFO  impl.HddsDispatcher (ContainerUtils.java:logAndReturnError(146)) - Operation: PutBlock : Trace ID: cc7fed3dffbd0fdc:cc7fed3dffbd0fdc:0:0 : Message: ContainerID 3 does not exist : Result: CONTAINER_NOT_FOUND
00:26:26.168 [RatisApplyTransactionExecutor 3] ERROR DNAudit - user=null | ip=null | op=PUT_BLOCK {blockData=[blockId=conID: 3 locID: 102533220512890892 bcsId: 0,size=2097152]} | ret=FAILURE
org.apache.hadoop.hdds.scm.container.common.helpers.StorageContainerException: ContainerID 3 does not exist
	at org.apache.hadoop.ozone.container.common.impl.HddsDispatcher.dispatchRequest(HddsDispatcher.java:242) ~[hadoop-hdds-container-service-0.4.1-SNAPSHOT.jar:?]
	at org.apache.hadoop.ozone.container.common.impl.HddsDispatcher.dispatch(HddsDispatcher.java:148) ~[hadoop-hdds-container-service-0.4.1-SNAPSHOT.jar:?]
	at org.apache.hadoop.ozone.container.common.transport.server.ratis.ContainerStateMachine.dispatchCommand(ContainerStateMachine.java:374) ~[hadoop-hdds-container-service-0.4.1-SNAPSHOT.jar:?]
	at org.apache.hadoop.ozone.container.common.transport.server.ratis.ContainerStateMachine.runCommand(ContainerStateMachine.java:381) ~[hadoop-hdds-container-service-0.4.1-SNAPSHOT.jar:?]
	at org.apache.hadoop.ozone.container.common.transport.server.ratis.ContainerStateMachine.lambda$applyTransaction$6(ContainerStateMachine.java:647) ~[hadoop-hdds-container-service-0.4.1-SNAPSHOT.jar:?]
	at java.util.concurrent.CompletableFuture$AsyncSupply.run(CompletableFuture.java:1590) [?:1.8.0_212]
	at java.util.concurrent.ThreadPoolExecutor.runWorker(ThreadPoolExecutor.java:1149) [?:1.8.0_212]
	at java.util.concurrent.ThreadPoolExecutor$Worker.run(ThreadPoolExecutor.java:624) [?:1.8.0_212]
	at java.lang.Thread.run(Thread.java:748) [?:1.8.0_212]
2019-07-31 00:26:26,169 INFO  client.GrpcClientProtocolClient (GrpcClientProtocolClient.java:onNext(255)) - client-00F96F322889->00cf1b03-adbe-4ac0-9ac5-c56a223b4eaa: receive RaftClientReply:client-00F96F322889->00cf1b03-adbe-4ac0-9ac5-c56a223b4eaa@group-C4FE71295043, cid=89, SUCCESS, logIndex=19, commits[00cf1b03-adbe-4ac0-9ac5-c56a223b4eaa:c21, cae8b062-5020-4563-8b07-3e1d6b67035f:c16, 0c2d81da-dd8f-4393-998f-135e8cc84210:c18]
2019-07-31 00:26:26,169 INFO  impl.HddsDispatcher (ContainerUtils.java:logAndReturnError(146)) - Operation: PutBlock : Trace ID: 9a9273a63b9fc3ce:9a9273a63b9fc3ce:0:0 : Message: ContainerID 3 does not exist : Result: CONTAINER_NOT_FOUND
2019-07-31 00:26:26,170 INFO  client.GrpcClientProtocolClient (GrpcClientProtocolClient.java:onNext(255)) - client-00F96F322889->00cf1b03-adbe-4ac0-9ac5-c56a223b4eaa: receive RaftClientReply:client-00F96F322889->00cf1b03-adbe-4ac0-9ac5-c56a223b4eaa@group-C4FE71295043, cid=90, SUCCESS, logIndex=20, commits[00cf1b03-adbe-4ac0-9ac5-c56a223b4eaa:c21, cae8b062-5020-4563-8b07-3e1d6b67035f:c16, 0c2d81da-dd8f-4393-998f-135e8cc84210:c18]
00:26:26.176 [RatisApplyTransactionExecutor 3] ERROR DNAudit - user=null | ip=null | op=WRITE_CHUNK {blockData=conID: 3 locID: 102533220512890892 bcsId: 0} | ret=FAILURE
org.apache.hadoop.hdds.scm.container.common.helpers.StorageContainerException: ContainerID 3 does not exist
	at org.apache.hadoop.ozone.container.common.impl.HddsDispatcher.dispatchRequest(HddsDispatcher.java:242) ~[hadoop-hdds-container-service-0.4.1-SNAPSHOT.jar:?]
	at org.apache.hadoop.ozone.container.common.impl.HddsDispatcher.dispatch(HddsDispatcher.java:148) ~[hadoop-hdds-container-service-0.4.1-SNAPSHOT.jar:?]
	at org.apache.hadoop.ozone.container.common.transport.server.ratis.ContainerStateMachine.dispatchCommand(ContainerStateMachine.java:374) ~[hadoop-hdds-container-service-0.4.1-SNAPSHOT.jar:?]
	at org.apache.hadoop.ozone.container.common.transport.server.ratis.ContainerStateMachine.runCommand(ContainerStateMachine.java:381) ~[hadoop-hdds-container-service-0.4.1-SNAPSHOT.jar:?]
	at org.apache.hadoop.ozone.container.common.transport.server.ratis.ContainerStateMachine.lambda$applyTransaction$6(ContainerStateMachine.java:647) ~[hadoop-hdds-container-service-0.4.1-SNAPSHOT.jar:?]
	at java.util.concurrent.CompletableFuture$AsyncSupply.run(CompletableFuture.java:1590) [?:1.8.0_212]
	at java.util.concurrent.ThreadPoolExecutor.runWorker(ThreadPoolExecutor.java:1149) [?:1.8.0_212]
	at java.util.concurrent.ThreadPoolExecutor$Worker.run(ThreadPoolExecutor.java:624) [?:1.8.0_212]
	at java.lang.Thread.run(Thread.java:748) [?:1.8.0_212]
2019-07-31 00:26:26,177 INFO  impl.HddsDispatcher (ContainerUtils.java:logAndReturnError(146)) - Operation: WriteChunk : Trace ID: be78ce6ce345d101:be78ce6ce345d101:0:0 : Message: ContainerID 3 does not exist : Result: CONTAINER_NOT_FOUND
00:26:26.179 [RatisApplyTransactionExecutor 3] ERROR DNAudit - user=null | ip=null | op=PUT_BLOCK {blockData=[blockId=conID: 3 locID: 102533220512890892 bcsId: 0,size=1048576]} | ret=FAILURE
org.apache.hadoop.hdds.scm.container.common.helpers.StorageContainerException: ContainerID 3 does not exist
	at org.apache.hadoop.ozone.container.common.impl.HddsDispatcher.dispatchRequest(HddsDispatcher.java:242) ~[hadoop-hdds-container-service-0.4.1-SNAPSHOT.jar:?]
	at org.apache.hadoop.ozone.container.common.impl.HddsDispatcher.dispatch(HddsDispatcher.java:148) ~[hadoop-hdds-container-service-0.4.1-SNAPSHOT.jar:?]
	at org.apache.hadoop.ozone.container.common.transport.server.ratis.ContainerStateMachine.dispatchCommand(ContainerStateMachine.java:374) ~[hadoop-hdds-container-service-0.4.1-SNAPSHOT.jar:?]
	at org.apache.hadoop.ozone.container.common.transport.server.ratis.ContainerStateMachine.runCommand(ContainerStateMachine.java:381) ~[hadoop-hdds-container-service-0.4.1-SNAPSHOT.jar:?]
	at org.apache.hadoop.ozone.container.common.transport.server.ratis.ContainerStateMachine.lambda$applyTransaction$6(ContainerStateMachine.java:647) ~[hadoop-hdds-container-service-0.4.1-SNAPSHOT.jar:?]
	at java.util.concurrent.CompletableFuture$AsyncSupply.run(CompletableFuture.java:1590) [?:1.8.0_212]
	at java.util.concurrent.ThreadPoolExecutor.runWorker(ThreadPoolExecutor.java:1149) [?:1.8.0_212]
	at java.util.concurrent.ThreadPoolExecutor$Worker.run(ThreadPoolExecutor.java:624) [?:1.8.0_212]
	at java.lang.Thread.run(Thread.java:748) [?:1.8.0_212]
2019-07-31 00:26:26,180 INFO  impl.HddsDispatcher (ContainerUtils.java:logAndReturnError(146)) - Operation: PutBlock : Trace ID: cc7fed3dffbd0fdc:cc7fed3dffbd0fdc:0:0 : Message: ContainerID 3 does not exist : Result: CONTAINER_NOT_FOUND
00:26:26.186 [RatisApplyTransactionExecutor 3] ERROR DNAudit - user=null | ip=null | op=WRITE_CHUNK {blockData=conID: 3 locID: 102533220512890892 bcsId: 0} | ret=FAILURE
org.apache.hadoop.hdds.scm.container.common.helpers.StorageContainerException: ContainerID 3 does not exist
	at org.apache.hadoop.ozone.container.common.impl.HddsDispatcher.dispatchRequest(HddsDispatcher.java:242) ~[hadoop-hdds-container-service-0.4.1-SNAPSHOT.jar:?]
	at org.apache.hadoop.ozone.container.common.impl.HddsDispatcher.dispatch(HddsDispatcher.java:148) ~[hadoop-hdds-container-service-0.4.1-SNAPSHOT.jar:?]
	at org.apache.hadoop.ozone.container.common.transport.server.ratis.ContainerStateMachine.dispatchCommand(ContainerStateMachine.java:374) ~[hadoop-hdds-container-service-0.4.1-SNAPSHOT.jar:?]
	at org.apache.hadoop.ozone.container.common.transport.server.ratis.ContainerStateMachine.runCommand(ContainerStateMachine.java:381) ~[hadoop-hdds-container-service-0.4.1-SNAPSHOT.jar:?]
	at org.apache.hadoop.ozone.container.common.transport.server.ratis.ContainerStateMachine.lambda$applyTransaction$6(ContainerStateMachine.java:647) ~[hadoop-hdds-container-service-0.4.1-SNAPSHOT.jar:?]
	at java.util.concurrent.CompletableFuture$AsyncSupply.run(CompletableFuture.java:1590) [?:1.8.0_212]
	at java.util.concurrent.ThreadPoolExecutor.runWorker(ThreadPoolExecutor.java:1149) [?:1.8.0_212]
	at java.util.concurrent.ThreadPoolExecutor$Worker.run(ThreadPoolExecutor.java:624) [?:1.8.0_212]
	at java.lang.Thread.run(Thread.java:748) [?:1.8.0_212]
2019-07-31 00:26:26,186 INFO  impl.HddsDispatcher (ContainerUtils.java:logAndReturnError(146)) - Operation: WriteChunk : Trace ID: f40c46298b13ca2b:f40c46298b13ca2b:0:0 : Message: ContainerID 3 does not exist : Result: CONTAINER_NOT_FOUND
00:26:26.186 [RatisApplyTransactionExecutor 3] ERROR DNAudit - user=null | ip=null | op=WRITE_CHUNK {blockData=conID: 3 locID: 102533220512890892 bcsId: 0} | ret=FAILURE
org.apache.hadoop.hdds.scm.container.common.helpers.StorageContainerException: ContainerID 3 does not exist
	at org.apache.hadoop.ozone.container.common.impl.HddsDispatcher.dispatchRequest(HddsDispatcher.java:242) ~[hadoop-hdds-container-service-0.4.1-SNAPSHOT.jar:?]
	at org.apache.hadoop.ozone.container.common.impl.HddsDispatcher.dispatch(HddsDispatcher.java:148) ~[hadoop-hdds-container-service-0.4.1-SNAPSHOT.jar:?]
	at org.apache.hadoop.ozone.container.common.transport.server.ratis.ContainerStateMachine.dispatchCommand(ContainerStateMachine.java:374) ~[hadoop-hdds-container-service-0.4.1-SNAPSHOT.jar:?]
	at org.apache.hadoop.ozone.container.common.transport.server.ratis.ContainerStateMachine.runCommand(ContainerStateMachine.java:381) ~[hadoop-hdds-container-service-0.4.1-SNAPSHOT.jar:?]
	at org.apache.hadoop.ozone.container.common.transport.server.ratis.ContainerStateMachine.lambda$applyTransaction$6(ContainerStateMachine.java:647) ~[hadoop-hdds-container-service-0.4.1-SNAPSHOT.jar:?]
	at java.util.concurrent.CompletableFuture$AsyncSupply.run(CompletableFuture.java:1590) [?:1.8.0_212]
	at java.util.concurrent.ThreadPoolExecutor.runWorker(ThreadPoolExecutor.java:1149) [?:1.8.0_212]
	at java.util.concurrent.ThreadPoolExecutor$Worker.run(ThreadPoolExecutor.java:624) [?:1.8.0_212]
	at java.lang.Thread.run(Thread.java:748) [?:1.8.0_212]
2019-07-31 00:26:26,186 INFO  impl.HddsDispatcher (ContainerUtils.java:logAndReturnError(146)) - Operation: WriteChunk : Trace ID: f40c46298b13ca2b:f40c46298b13ca2b:0:0 : Message: ContainerID 3 does not exist : Result: CONTAINER_NOT_FOUND
00:26:26.187 [RatisApplyTransactionExecutor 3] ERROR DNAudit - user=null | ip=null | op=PUT_BLOCK {blockData=[blockId=conID: 3 locID: 102533220512890892 bcsId: 0,size=2097152]} | ret=FAILURE
org.apache.hadoop.hdds.scm.container.common.helpers.StorageContainerException: ContainerID 3 does not exist
	at org.apache.hadoop.ozone.container.common.impl.HddsDispatcher.dispatchRequest(HddsDispatcher.java:242) ~[hadoop-hdds-container-service-0.4.1-SNAPSHOT.jar:?]
	at org.apache.hadoop.ozone.container.common.impl.HddsDispatcher.dispatch(HddsDispatcher.java:148) ~[hadoop-hdds-container-service-0.4.1-SNAPSHOT.jar:?]
	at org.apache.hadoop.ozone.container.common.transport.server.ratis.ContainerStateMachine.dispatchCommand(ContainerStateMachine.java:374) ~[hadoop-hdds-container-service-0.4.1-SNAPSHOT.jar:?]
	at org.apache.hadoop.ozone.container.common.transport.server.ratis.ContainerStateMachine.runCommand(ContainerStateMachine.java:381) ~[hadoop-hdds-container-service-0.4.1-SNAPSHOT.jar:?]
	at org.apache.hadoop.ozone.container.common.transport.server.ratis.ContainerStateMachine.lambda$applyTransaction$6(ContainerStateMachine.java:647) ~[hadoop-hdds-container-service-0.4.1-SNAPSHOT.jar:?]
	at java.util.concurrent.CompletableFuture$AsyncSupply.run(CompletableFuture.java:1590) [?:1.8.0_212]
	at java.util.concurrent.ThreadPoolExecutor.runWorker(ThreadPoolExecutor.java:1149) [?:1.8.0_212]
	at java.util.concurrent.ThreadPoolExecutor$Worker.run(ThreadPoolExecutor.java:624) [?:1.8.0_212]
	at java.lang.Thread.run(Thread.java:748) [?:1.8.0_212]
2019-07-31 00:26:26,187 INFO  impl.HddsDispatcher (ContainerUtils.java:logAndReturnError(146)) - Operation: PutBlock : Trace ID: 9a9273a63b9fc3ce:9a9273a63b9fc3ce:0:0 : Message: ContainerID 3 does not exist : Result: CONTAINER_NOT_FOUND
00:26:26.187 [RatisApplyTransactionExecutor 3] ERROR DNAudit - user=null | ip=null | op=PUT_BLOCK {blockData=[blockId=conID: 3 locID: 102533220512890892 bcsId: 0,size=2097152]} | ret=FAILURE
org.apache.hadoop.hdds.scm.container.common.helpers.StorageContainerException: ContainerID 3 does not exist
	at org.apache.hadoop.ozone.container.common.impl.HddsDispatcher.dispatchRequest(HddsDispatcher.java:242) ~[hadoop-hdds-container-service-0.4.1-SNAPSHOT.jar:?]
	at org.apache.hadoop.ozone.container.common.impl.HddsDispatcher.dispatch(HddsDispatcher.java:148) ~[hadoop-hdds-container-service-0.4.1-SNAPSHOT.jar:?]
	at org.apache.hadoop.ozone.container.common.transport.server.ratis.ContainerStateMachine.dispatchCommand(ContainerStateMachine.java:374) ~[hadoop-hdds-container-service-0.4.1-SNAPSHOT.jar:?]
	at org.apache.hadoop.ozone.container.common.transport.server.ratis.ContainerStateMachine.runCommand(ContainerStateMachine.java:381) ~[hadoop-hdds-container-service-0.4.1-SNAPSHOT.jar:?]
	at org.apache.hadoop.ozone.container.common.transport.server.ratis.ContainerStateMachine.lambda$applyTransaction$6(ContainerStateMachine.java:647) ~[hadoop-hdds-container-service-0.4.1-SNAPSHOT.jar:?]
	at java.util.concurrent.CompletableFuture$AsyncSupply.run(CompletableFuture.java:1590) [?:1.8.0_212]
	at java.util.concurrent.ThreadPoolExecutor.runWorker(ThreadPoolExecutor.java:1149) [?:1.8.0_212]
	at java.util.concurrent.ThreadPoolExecutor$Worker.run(ThreadPoolExecutor.java:624) [?:1.8.0_212]
	at java.lang.Thread.run(Thread.java:748) [?:1.8.0_212]
2019-07-31 00:26:26,187 INFO  impl.HddsDispatcher (ContainerUtils.java:logAndReturnError(146)) - Operation: PutBlock : Trace ID: 9a9273a63b9fc3ce:9a9273a63b9fc3ce:0:0 : Message: ContainerID 3 does not exist : Result: CONTAINER_NOT_FOUND
]]></system-out>
    <system-err><![CDATA[Jul 31, 2019 12:26:17 AM com.sun.jersey.server.impl.application.WebApplicationImpl _initiate
INFO: Initiating Jersey application, version 'Jersey: 1.19 02/11/2015 03:25 AM'
Jul 31, 2019 12:26:17 AM com.sun.jersey.server.impl.application.WebApplicationImpl _initiate
INFO: Initiating Jersey application, version 'Jersey: 1.19 02/11/2015 03:25 AM'
Jul 31, 2019 12:26:17 AM com.sun.jersey.server.impl.application.WebApplicationImpl _initiate
INFO: Initiating Jersey application, version 'Jersey: 1.19 02/11/2015 03:25 AM'
Jul 31, 2019 12:26:18 AM com.sun.jersey.server.impl.application.WebApplicationImpl _initiate
INFO: Initiating Jersey application, version 'Jersey: 1.19 02/11/2015 03:25 AM'
Jul 31, 2019 12:26:18 AM com.sun.jersey.server.impl.application.WebApplicationImpl _initiate
INFO: Initiating Jersey application, version 'Jersey: 1.19 02/11/2015 03:25 AM'
Jul 31, 2019 12:26:18 AM com.sun.jersey.server.impl.application.WebApplicationImpl _initiate
INFO: Initiating Jersey application, version 'Jersey: 1.19 02/11/2015 03:25 AM'
Jul 31, 2019 12:26:23 AM org.apache.ratis.thirdparty.io.grpc.internal.ManagedChannelOrphanWrapper$ManagedChannelReference cleanQueue
SEVERE: *~*~*~ Channel ManagedChannelImpl{logId=1361, target=192.168.69.114:41773} was not shutdown properly!!! ~*~*~*
    Make sure to call shutdown()/shutdownNow() and wait until awaitTermination() returns true.
java.lang.RuntimeException: ManagedChannel allocation site
	at org.apache.ratis.thirdparty.io.grpc.internal.ManagedChannelOrphanWrapper$ManagedChannelReference.<init>(ManagedChannelOrphanWrapper.java:103)
	at org.apache.ratis.thirdparty.io.grpc.internal.ManagedChannelOrphanWrapper.<init>(ManagedChannelOrphanWrapper.java:53)
	at org.apache.ratis.thirdparty.io.grpc.internal.ManagedChannelOrphanWrapper.<init>(ManagedChannelOrphanWrapper.java:44)
	at org.apache.ratis.thirdparty.io.grpc.internal.AbstractManagedChannelImplBuilder.build(AbstractManagedChannelImplBuilder.java:411)
	at org.apache.hadoop.hdds.scm.XceiverClientGrpc.connectToDatanode(XceiverClientGrpc.java:174)
	at org.apache.hadoop.hdds.scm.XceiverClientGrpc.reconnect(XceiverClientGrpc.java:422)
	at org.apache.hadoop.hdds.scm.XceiverClientGrpc.sendCommandAsync(XceiverClientGrpc.java:371)
	at org.apache.hadoop.hdds.scm.XceiverClientGrpc.sendCommandWithRetry(XceiverClientGrpc.java:284)
	at org.apache.hadoop.hdds.scm.XceiverClientGrpc.sendCommandWithTraceIDAndRetry(XceiverClientGrpc.java:250)
	at org.apache.hadoop.hdds.scm.XceiverClientGrpc.sendCommand(XceiverClientGrpc.java:233)
	at org.apache.hadoop.hdds.scm.storage.ContainerProtocolCalls.getBlock(ContainerProtocolCalls.java:118)
	at org.apache.hadoop.hdds.scm.storage.BlockInputStream.getChunkInfos(BlockInputStream.java:167)
	at org.apache.hadoop.hdds.scm.storage.BlockInputStream.initialize(BlockInputStream.java:118)
	at org.apache.hadoop.hdds.scm.storage.BlockInputStream.read(BlockInputStream.java:222)
	at org.apache.hadoop.ozone.client.io.KeyInputStream.read(KeyInputStream.java:171)
	at org.apache.hadoop.ozone.client.io.OzoneInputStream.read(OzoneInputStream.java:47)
	at java.io.InputStream.read(InputStream.java:101)
	at org.apache.hadoop.ozone.container.ContainerTestHelper.validateData(ContainerTestHelper.java:709)
	at org.apache.hadoop.ozone.client.rpc.TestFailureHandlingByClient.validateData(TestFailureHandlingByClient.java:461)
	at org.apache.hadoop.ozone.client.rpc.TestFailureHandlingByClient.testWriteSmallFile(TestFailureHandlingByClient.java:261)
	at sun.reflect.NativeMethodAccessorImpl.invoke0(Native Method)
	at sun.reflect.NativeMethodAccessorImpl.invoke(NativeMethodAccessorImpl.java:62)
	at sun.reflect.DelegatingMethodAccessorImpl.invoke(DelegatingMethodAccessorImpl.java:43)
	at java.lang.reflect.Method.invoke(Method.java:498)
	at org.junit.runners.model.FrameworkMethod$1.runReflectiveCall(FrameworkMethod.java:47)
	at org.junit.internal.runners.model.ReflectiveCallable.run(ReflectiveCallable.java:12)
	at org.junit.runners.model.FrameworkMethod.invokeExplosively(FrameworkMethod.java:44)
	at org.junit.internal.runners.statements.InvokeMethod.evaluate(InvokeMethod.java:17)
	at org.junit.runners.ParentRunner.runLeaf(ParentRunner.java:271)
	at org.junit.runners.BlockJUnit4ClassRunner.runChild(BlockJUnit4ClassRunner.java:70)
	at org.junit.runners.BlockJUnit4ClassRunner.runChild(BlockJUnit4ClassRunner.java:50)
	at org.junit.runners.ParentRunner$3.run(ParentRunner.java:238)
	at org.junit.runners.ParentRunner$1.schedule(ParentRunner.java:63)
	at org.junit.runners.ParentRunner.runChildren(ParentRunner.java:236)
	at org.junit.runners.ParentRunner.access$000(ParentRunner.java:53)
	at org.junit.runners.ParentRunner$2.evaluate(ParentRunner.java:229)
	at org.junit.runners.ParentRunner.run(ParentRunner.java:309)
	at org.apache.maven.surefire.junit4.JUnit4Provider.execute(JUnit4Provider.java:365)
	at org.apache.maven.surefire.junit4.JUnit4Provider.executeWithRerun(JUnit4Provider.java:273)
	at org.apache.maven.surefire.junit4.JUnit4Provider.executeTestSet(JUnit4Provider.java:238)
	at org.apache.maven.surefire.junit4.JUnit4Provider.invoke(JUnit4Provider.java:159)
	at org.apache.maven.surefire.booter.ForkedBooter.invokeProviderInSameClassLoader(ForkedBooter.java:384)
	at org.apache.maven.surefire.booter.ForkedBooter.runSuitesInProcess(ForkedBooter.java:345)
	at org.apache.maven.surefire.booter.ForkedBooter.execute(ForkedBooter.java:126)
	at org.apache.maven.surefire.booter.ForkedBooter.main(ForkedBooter.java:418)

Jul 31, 2019 12:26:23 AM org.apache.ratis.thirdparty.io.grpc.internal.ManagedChannelOrphanWrapper$ManagedChannelReference cleanQueue
SEVERE: *~*~*~ Channel ManagedChannelImpl{logId=1356, target=192.168.69.114:40167} was not shutdown properly!!! ~*~*~*
    Make sure to call shutdown()/shutdownNow() and wait until awaitTermination() returns true.
java.lang.RuntimeException: ManagedChannel allocation site
	at org.apache.ratis.thirdparty.io.grpc.internal.ManagedChannelOrphanWrapper$ManagedChannelReference.<init>(ManagedChannelOrphanWrapper.java:103)
	at org.apache.ratis.thirdparty.io.grpc.internal.ManagedChannelOrphanWrapper.<init>(ManagedChannelOrphanWrapper.java:53)
	at org.apache.ratis.thirdparty.io.grpc.internal.ManagedChannelOrphanWrapper.<init>(ManagedChannelOrphanWrapper.java:44)
	at org.apache.ratis.thirdparty.io.grpc.internal.AbstractManagedChannelImplBuilder.build(AbstractManagedChannelImplBuilder.java:411)
	at org.apache.ratis.grpc.client.GrpcClientProtocolClient.<init>(GrpcClientProtocolClient.java:119)
	at org.apache.ratis.grpc.client.GrpcClientRpc.lambda$new$0(GrpcClientRpc.java:55)
	at org.apache.ratis.util.PeerProxyMap$PeerAndProxy.lambda$getProxy$0(PeerProxyMap.java:61)
	at org.apache.ratis.util.LifeCycle.startAndTransition(LifeCycle.java:202)
	at org.apache.ratis.util.PeerProxyMap$PeerAndProxy.getProxy(PeerProxyMap.java:60)
	at org.apache.ratis.util.PeerProxyMap.getProxy(PeerProxyMap.java:107)
	at org.apache.ratis.grpc.client.GrpcClientRpc.sendRequestAsync(GrpcClientRpc.java:66)
	at org.apache.ratis.client.impl.OrderedAsync.sendRequest(OrderedAsync.java:208)
	at org.apache.ratis.client.impl.OrderedAsync.sendRequestWithRetry(OrderedAsync.java:169)
	at org.apache.ratis.util.SlidingWindow$Client.sendOrDelayRequest(SlidingWindow.java:278)
	at org.apache.ratis.util.SlidingWindow$Client.retry(SlidingWindow.java:294)
	at org.apache.ratis.client.impl.OrderedAsync.lambda$scheduleWithTimeout$7(OrderedAsync.java:195)
	at org.apache.ratis.util.TimeoutScheduler.lambda$onTimeout$0(TimeoutScheduler.java:85)
	at org.apache.ratis.util.TimeoutScheduler.lambda$onTimeout$1(TimeoutScheduler.java:104)
	at org.apache.ratis.util.LogUtils.runAndLog(LogUtils.java:50)
	at org.apache.ratis.util.LogUtils$1.run(LogUtils.java:91)
	at java.util.concurrent.Executors$RunnableAdapter.call(Executors.java:511)
	at java.util.concurrent.FutureTask.run(FutureTask.java:266)
	at java.util.concurrent.ScheduledThreadPoolExecutor$ScheduledFutureTask.access$201(ScheduledThreadPoolExecutor.java:180)
	at java.util.concurrent.ScheduledThreadPoolExecutor$ScheduledFutureTask.run(ScheduledThreadPoolExecutor.java:293)
	at java.util.concurrent.ThreadPoolExecutor.runWorker(ThreadPoolExecutor.java:1149)
	at java.util.concurrent.ThreadPoolExecutor$Worker.run(ThreadPoolExecutor.java:624)
	at java.lang.Thread.run(Thread.java:748)

]]></system-err>
  </testcase>
  <testcase name="testBlockWritesWithDnFailures" classname="org.apache.hadoop.ozone.client.rpc.TestFailureHandlingByClient" time="46.746"/>
  <testcase name="testDatanodeExclusionWithMajorityCommit" classname="org.apache.hadoop.ozone.client.rpc.TestFailureHandlingByClient" time="40.385"/>
</testsuite>