<?xml version="1.0" encoding="UTF-8"?>
<testsuite xmlns:xsi="http://www.w3.org/2001/XMLSchema-instance" xsi:noNamespaceSchemaLocation="https://maven.apache.org/surefire/maven-surefire-plugin/xsd/surefire-test-report.xsd" name="org.apache.hadoop.ozone.client.rpc.TestBlockOutputStreamWithFailures" time="765.556" tests="8" errors="0" skipped="0" failures="1">
  <properties>
    <property name="awt.toolkit" value="sun.awt.X11.XToolkit"/>
    <property name="file.encoding.pkg" value="sun.io"/>
    <property name="java.specification.version" value="1.8"/>
    <property name="sun.cpu.isalist" value=""/>
    <property name="sun.jnu.encoding" value="UTF-8"/>
    <property name="java.class.path" value="/workdir/hadoop-ozone/integration-test/target/test-classes:/workdir/hadoop-ozone/integration-test/target/classes:/home/user/.m2/repository/org/apache/hadoop/hadoop-ozone-common/0.4.1-SNAPSHOT/hadoop-ozone-common-0.4.1-SNAPSHOT.jar:/home/user/.m2/repository/org/apache/commons/commons-compress/1.4.1/commons-compress-1.4.1.jar:/home/user/.m2/repository/org/tukaani/xz/1.0/xz-1.0.jar:/home/user/.m2/repository/org/apache/hadoop/hadoop-common/3.2.0/hadoop-common-3.2.0.jar:/home/user/.m2/repository/org/apache/hadoop/hadoop-hdfs/3.2.0/hadoop-hdfs-3.2.0.jar:/home/user/.m2/repository/org/apache/hadoop/hadoop-hdfs-client/3.2.0/hadoop-hdfs-client-3.2.0.jar:/home/user/.m2/repository/com/fasterxml/jackson/core/jackson-annotations/2.9.5/jackson-annotations-2.9.5.jar:/home/user/.m2/repository/org/apache/hadoop/hadoop-hdds-common/0.4.1-SNAPSHOT/hadoop-hdds-common-0.4.1-SNAPSHOT.jar:/home/user/.m2/repository/javax/annotation/javax.annotation-api/1.2/javax.annotation-api-1.2.jar:/home/user/.m2/repository/org/apache/ratis/ratis-server/0.4.0-2337318-SNAPSHOT/ratis-server-0.4.0-2337318-SNAPSHOT.jar:/home/user/.m2/repository/org/apache/ratis/ratis-thirdparty-misc/0.2.0/ratis-thirdparty-misc-0.2.0.jar:/home/user/.m2/repository/org/apache/ratis/ratis-proto/0.4.0-2337318-SNAPSHOT/ratis-proto-0.4.0-2337318-SNAPSHOT.jar:/home/user/.m2/repository/org/apache/ratis/ratis-common/0.4.0-2337318-SNAPSHOT/ratis-common-0.4.0-2337318-SNAPSHOT.jar:/home/user/.m2/repository/org/apache/ratis/ratis-client/0.4.0-2337318-SNAPSHOT/ratis-client-0.4.0-2337318-SNAPSHOT.jar:/home/user/.m2/repository/org/apache/ratis/ratis-metrics/0.4.0-2337318-SNAPSHOT/ratis-metrics-0.4.0-2337318-SNAPSHOT.jar:/home/user/.m2/repository/org/apache/ratis/ratis-netty/0.4.0-2337318-SNAPSHOT/ratis-netty-0.4.0-2337318-SNAPSHOT.jar:/home/user/.m2/repository/org/apache/ratis/ratis-grpc/0.4.0-2337318-SNAPSHOT/ratis-grpc-0.4.0-2337318-SNAPSHOT.jar:/home/user/.m2/repository/org/rocksdb/rocksdbjni/6.0.1/rocksdbjni-6.0.1.jar:/home/user/.m2/repository/org/apache/logging/log4j/log4j-api/2.11.0/log4j-api-2.11.0.jar:/home/user/.m2/repository/org/apache/logging/log4j/log4j-core/2.11.0/log4j-core-2.11.0.jar:/home/user/.m2/repository/com/lmax/disruptor/3.4.2/disruptor-3.4.2.jar:/home/user/.m2/repository/org/apache/commons/commons-pool2/2.6.0/commons-pool2-2.6.0.jar:/home/user/.m2/repository/org/bouncycastle/bcpkix-jdk15on/1.60/bcpkix-jdk15on-1.60.jar:/home/user/.m2/repository/commons-validator/commons-validator/1.6/commons-validator-1.6.jar:/home/user/.m2/repository/commons-digester/commons-digester/1.8.1/commons-digester-1.8.1.jar:/home/user/.m2/repository/io/jaegertracing/jaeger-client/0.33.1/jaeger-client-0.33.1.jar:/home/user/.m2/repository/io/jaegertracing/jaeger-thrift/0.33.1/jaeger-thrift-0.33.1.jar:/home/user/.m2/repository/org/apache/thrift/libthrift/0.11.0/libthrift-0.11.0.jar:/home/user/.m2/repository/com/squareup/okhttp3/okhttp/3.9.0/okhttp-3.9.0.jar:/home/user/.m2/repository/com/squareup/okio/okio/1.13.0/okio-1.13.0.jar:/home/user/.m2/repository/io/jaegertracing/jaeger-core/0.33.1/jaeger-core-0.33.1.jar:/home/user/.m2/repository/io/jaegertracing/jaeger-tracerresolver/0.33.1/jaeger-tracerresolver-0.33.1.jar:/home/user/.m2/repository/io/opentracing/contrib/opentracing-tracerresolver/0.1.5/opentracing-tracerresolver-0.1.5.jar:/home/user/.m2/repository/io/opentracing/opentracing-util/0.31.0/opentracing-util-0.31.0.jar:/home/user/.m2/repository/io/opentracing/opentracing-api/0.31.0/opentracing-api-0.31.0.jar:/home/user/.m2/repository/io/opentracing/opentracing-noop/0.31.0/opentracing-noop-0.31.0.jar:/home/user/.m2/repository/org/apache/hadoop/hadoop-hdds-server-framework/0.4.1-SNAPSHOT/hadoop-hdds-server-framework-0.4.1-SNAPSHOT.jar:/home/user/.m2/repository/org/apache/hadoop/hadoop-hdds-container-service/0.4.1-SNAPSHOT/hadoop-hdds-container-service-0.4.1-SNAPSHOT.jar:/home/user/.m2/repository/org/apache/hadoop/hadoop-hdds-client/0.4.1-SNAPSHOT/hadoop-hdds-client-0.4.1-SNAPSHOT.jar:/home/user/.m2/repository/org/apache/hadoop/hadoop-hdds-tools/0.4.1-SNAPSHOT/hadoop-hdds-tools-0.4.1-SNAPSHOT.jar:/home/user/.m2/repository/org/apache/hadoop/hadoop-hdds-server-scm/0.4.1-SNAPSHOT/hadoop-hdds-server-scm-0.4.1-SNAPSHOT.jar:/home/user/.m2/repository/org/apache/hadoop/hadoop-hdds-docs/0.4.1-SNAPSHOT/hadoop-hdds-docs-0.4.1-SNAPSHOT.jar:/home/user/.m2/repository/io/dropwizard/metrics/metrics-core/3.2.4/metrics-core-3.2.4.jar:/home/user/.m2/repository/org/hamcrest/hamcrest-all/1.3/hamcrest-all-1.3.jar:/home/user/.m2/repository/org/bouncycastle/bcprov-jdk15on/1.60/bcprov-jdk15on-1.60.jar:/home/user/.m2/repository/info/picocli/picocli/3.9.6/picocli-3.9.6.jar:/home/user/.m2/repository/com/google/protobuf/protobuf-java/2.5.0/protobuf-java-2.5.0.jar:/home/user/.m2/repository/com/google/guava/guava/11.0.2/guava-11.0.2.jar:/home/user/.m2/repository/org/apache/hadoop/hadoop-ozone-ozone-manager/0.4.1-SNAPSHOT/hadoop-ozone-ozone-manager-0.4.1-SNAPSHOT.jar:/home/user/.m2/repository/org/apache/hadoop/hadoop-minikdc/3.2.0/hadoop-minikdc-3.2.0.jar:/home/user/.m2/repository/commons-io/commons-io/2.5/commons-io-2.5.jar:/home/user/.m2/repository/org/apache/kerby/kerb-simplekdc/1.0.1/kerb-simplekdc-1.0.1.jar:/home/user/.m2/repository/org/apache/kerby/kerb-client/1.0.1/kerb-client-1.0.1.jar:/home/user/.m2/repository/org/apache/kerby/kerby-config/1.0.1/kerby-config-1.0.1.jar:/home/user/.m2/repository/org/apache/kerby/kerb-core/1.0.1/kerb-core-1.0.1.jar:/home/user/.m2/repository/org/apache/kerby/kerby-pkix/1.0.1/kerby-pkix-1.0.1.jar:/home/user/.m2/repository/org/apache/kerby/kerby-asn1/1.0.1/kerby-asn1-1.0.1.jar:/home/user/.m2/repository/org/apache/kerby/kerby-util/1.0.1/kerby-util-1.0.1.jar:/home/user/.m2/repository/org/apache/kerby/kerb-common/1.0.1/kerb-common-1.0.1.jar:/home/user/.m2/repository/org/apache/kerby/kerb-crypto/1.0.1/kerb-crypto-1.0.1.jar:/home/user/.m2/repository/org/apache/kerby/kerb-util/1.0.1/kerb-util-1.0.1.jar:/home/user/.m2/repository/org/apache/kerby/token-provider/1.0.1/token-provider-1.0.1.jar:/home/user/.m2/repository/org/apache/kerby/kerb-admin/1.0.1/kerb-admin-1.0.1.jar:/home/user/.m2/repository/org/apache/kerby/kerb-server/1.0.1/kerb-server-1.0.1.jar:/home/user/.m2/repository/org/apache/kerby/kerb-identity/1.0.1/kerb-identity-1.0.1.jar:/home/user/.m2/repository/org/apache/kerby/kerby-xdr/1.0.1/kerby-xdr-1.0.1.jar:/home/user/.m2/repository/org/slf4j/slf4j-log4j12/1.7.25/slf4j-log4j12-1.7.25.jar:/home/user/.m2/repository/org/apache/hadoop/hadoop-ozone-objectstore-service/0.4.1-SNAPSHOT/hadoop-ozone-objectstore-service-0.4.1-SNAPSHOT.jar:/home/user/.m2/repository/org/apache/hadoop/hadoop-ozone-s3gateway/0.4.1-SNAPSHOT/hadoop-ozone-s3gateway-0.4.1-SNAPSHOT.jar:/home/user/.m2/repository/org/jboss/weld/servlet/weld-servlet/2.4.7.Final/weld-servlet-2.4.7.Final.jar:/home/user/.m2/repository/org/glassfish/jersey/containers/jersey-container-servlet-core/2.27/jersey-container-servlet-core-2.27.jar:/home/user/.m2/repository/org/glassfish/hk2/external/javax.inject/2.5.0-b42/javax.inject-2.5.0-b42.jar:/home/user/.m2/repository/org/glassfish/jersey/core/jersey-common/2.27/jersey-common-2.27.jar:/home/user/.m2/repository/org/glassfish/hk2/osgi-resource-locator/1.0.1/osgi-resource-locator-1.0.1.jar:/home/user/.m2/repository/javax/ws/rs/javax.ws.rs-api/2.1/javax.ws.rs-api-2.1.jar:/home/user/.m2/repository/org/glassfish/jersey/ext/cdi/jersey-cdi1x/2.27/jersey-cdi1x-2.27.jar:/home/user/.m2/repository/org/glassfish/jersey/inject/jersey-hk2/2.27/jersey-hk2-2.27.jar:/home/user/.m2/repository/org/glassfish/hk2/hk2-locator/2.5.0-b42/hk2-locator-2.5.0-b42.jar:/home/user/.m2/repository/org/javassist/javassist/3.22.0-CR2/javassist-3.22.0-CR2.jar:/home/user/.m2/repository/org/glassfish/hk2/hk2-api/2.5.0/hk2-api-2.5.0.jar:/home/user/.m2/repository/org/glassfish/hk2/external/jakarta.inject/2.5.0/jakarta.inject-2.5.0.jar:/home/user/.m2/repository/org/glassfish/hk2/hk2-utils/2.5.0/hk2-utils-2.5.0.jar:/home/user/.m2/repository/jakarta/annotation/jakarta.annotation-api/1.3.4/jakarta.annotation-api-1.3.4.jar:/home/user/.m2/repository/org/glassfish/hk2/external/aopalliance-repackaged/2.5.0/aopalliance-repackaged-2.5.0.jar:/home/user/.m2/repository/com/fasterxml/jackson/dataformat/jackson-dataformat-xml/2.9.0/jackson-dataformat-xml-2.9.0.jar:/home/user/.m2/repository/com/fasterxml/jackson/core/jackson-core/2.9.5/jackson-core-2.9.5.jar:/home/user/.m2/repository/com/fasterxml/jackson/module/jackson-module-jaxb-annotations/2.9.5/jackson-module-jaxb-annotations-2.9.5.jar:/home/user/.m2/repository/javax/enterprise/cdi-api/1.2/cdi-api-1.2.jar:/home/user/.m2/repository/javax/el/javax.el-api/3.0.0/javax.el-api-3.0.0.jar:/home/user/.m2/repository/javax/interceptor/javax.interceptor-api/1.2/javax.interceptor-api-1.2.jar:/home/user/.m2/repository/javax/inject/javax.inject/1/javax.inject-1.jar:/home/user/.m2/repository/com/sun/xml/bind/jaxb-impl/2.3.0.1/jaxb-impl-2.3.0.1.jar:/home/user/.m2/repository/com/sun/xml/bind/jaxb-core/2.3.0.1/jaxb-core-2.3.0.1.jar:/home/user/.m2/repository/javax/xml/bind/jaxb-api/2.3.0/jaxb-api-2.3.0.jar:/home/user/.m2/repository/javax/activation/activation/1.1.1/activation-1.1.1.jar:/home/user/.m2/repository/org/apache/hadoop/hadoop-ozone-csi/0.4.1-SNAPSHOT/hadoop-ozone-csi-0.4.1-SNAPSHOT.jar:/home/user/.m2/repository/com/google/protobuf/protobuf-java-util/3.5.1/protobuf-java-util-3.5.1.jar:/home/user/.m2/repository/org/apache/hadoop/hadoop-hdds-config/0.4.1-SNAPSHOT/hadoop-hdds-config-0.4.1-SNAPSHOT.jar:/home/user/.m2/repository/io/grpc/grpc-netty/1.17.1/grpc-netty-1.17.1.jar:/home/user/.m2/repository/io/grpc/grpc-core/1.17.1/grpc-core-1.17.1.jar:/home/user/.m2/repository/io/grpc/grpc-context/1.17.1/grpc-context-1.17.1.jar:/home/user/.m2/repository/com/google/errorprone/error_prone_annotations/2.2.0/error_prone_annotations-2.2.0.jar:/home/user/.m2/repository/org/codehaus/mojo/animal-sniffer-annotations/1.17/animal-sniffer-annotations-1.17.jar:/home/user/.m2/repository/io/opencensus/opencensus-api/0.17.0/opencensus-api-0.17.0.jar:/home/user/.m2/repository/io/opencensus/opencensus-contrib-grpc-metrics/0.17.0/opencensus-contrib-grpc-metrics-0.17.0.jar:/home/user/.m2/repository/io/netty/netty-codec-http2/4.1.30.Final/netty-codec-http2-4.1.30.Final.jar:/home/user/.m2/repository/io/netty/netty-codec-http/4.1.30.Final/netty-codec-http-4.1.30.Final.jar:/home/user/.m2/repository/io/netty/netty-codec/4.1.30.Final/netty-codec-4.1.30.Final.jar:/home/user/.m2/repository/io/netty/netty-handler/4.1.30.Final/netty-handler-4.1.30.Final.jar:/home/user/.m2/repository/io/netty/netty-handler-proxy/4.1.30.Final/netty-handler-proxy-4.1.30.Final.jar:/home/user/.m2/repository/io/netty/netty-codec-socks/4.1.30.Final/netty-codec-socks-4.1.30.Final.jar:/home/user/.m2/repository/io/netty/netty-transport-native-epoll/4.1.30.Final/netty-transport-native-epoll-4.1.30.Final.jar:/home/user/.m2/repository/io/netty/netty-common/4.1.30.Final/netty-common-4.1.30.Final.jar:/home/user/.m2/repository/io/netty/netty-buffer/4.1.30.Final/netty-buffer-4.1.30.Final.jar:/home/user/.m2/repository/io/netty/netty-transport/4.1.30.Final/netty-transport-4.1.30.Final.jar:/home/user/.m2/repository/io/netty/netty-resolver/4.1.30.Final/netty-resolver-4.1.30.Final.jar:/home/user/.m2/repository/io/netty/netty-transport-native-unix-common/4.1.30.Final/netty-transport-native-unix-common-4.1.30.Final.jar:/home/user/.m2/repository/io/grpc/grpc-protobuf/1.17.1/grpc-protobuf-1.17.1.jar:/home/user/.m2/repository/com/google/api/grpc/proto-google-common-protos/1.0.0/proto-google-common-protos-1.0.0.jar:/home/user/.m2/repository/io/grpc/grpc-protobuf-lite/1.17.1/grpc-protobuf-lite-1.17.1.jar:/home/user/.m2/repository/io/grpc/grpc-stub/1.17.1/grpc-stub-1.17.1.jar:/home/user/.m2/repository/org/apache/hadoop/hadoop-ozone-recon/0.4.1-SNAPSHOT/hadoop-ozone-recon-0.4.1-SNAPSHOT.jar:/home/user/.m2/repository/org/apache/hadoop/hadoop-ozone-reconcodegen/0.4.1-SNAPSHOT/hadoop-ozone-reconcodegen-0.4.1-SNAPSHOT.jar:/home/user/.m2/repository/com/google/inject/extensions/guice-multibindings/4.0/guice-multibindings-4.0.jar:/home/user/.m2/repository/com/google/inject/guice/4.0/guice-4.0.jar:/home/user/.m2/repository/aopalliance/aopalliance/1.0/aopalliance-1.0.jar:/home/user/.m2/repository/com/google/inject/extensions/guice-servlet/4.0/guice-servlet-4.0.jar:/home/user/.m2/repository/org/glassfish/jersey/containers/jersey-container-servlet/2.27/jersey-container-servlet-2.27.jar:/home/user/.m2/repository/org/glassfish/hk2/guice-bridge/2.5.0/guice-bridge-2.5.0.jar:/home/user/.m2/repository/org/glassfish/jersey/core/jersey-server/2.27/jersey-server-2.27.jar:/home/user/.m2/repository/org/glassfish/jersey/core/jersey-client/2.27/jersey-client-2.27.jar:/home/user/.m2/repository/org/glassfish/jersey/media/jersey-media-jaxb/2.27/jersey-media-jaxb-2.27.jar:/home/user/.m2/repository/javax/validation/validation-api/1.1.0.Final/validation-api-1.1.0.Final.jar:/home/user/.m2/repository/org/glassfish/jersey/media/jersey-media-json-jackson/2.27/jersey-media-json-jackson-2.27.jar:/home/user/.m2/repository/org/glassfish/jersey/ext/jersey-entity-filtering/2.27/jersey-entity-filtering-2.27.jar:/home/user/.m2/repository/com/google/inject/extensions/guice-assistedinject/4.0/guice-assistedinject-4.0.jar:/home/user/.m2/repository/org/jooq/jooq/3.11.10/jooq-3.11.10.jar:/home/user/.m2/repository/org/jooq/jooq-meta/3.11.10/jooq-meta-3.11.10.jar:/home/user/.m2/repository/org/jooq/jooq-codegen/3.11.10/jooq-codegen-3.11.10.jar:/home/user/.m2/repository/com/jolbox/bonecp/0.8.0.RELEASE/bonecp-0.8.0.RELEASE.jar:/home/user/.m2/repository/org/xerial/sqlite-jdbc/3.25.2/sqlite-jdbc-3.25.2.jar:/home/user/.m2/repository/org/springframework/spring-jdbc/5.1.3.RELEASE/spring-jdbc-5.1.3.RELEASE.jar:/home/user/.m2/repository/org/springframework/spring-beans/5.1.3.RELEASE/spring-beans-5.1.3.RELEASE.jar:/home/user/.m2/repository/org/springframework/spring-core/5.1.3.RELEASE/spring-core-5.1.3.RELEASE.jar:/home/user/.m2/repository/org/springframework/spring-jcl/5.1.3.RELEASE/spring-jcl-5.1.3.RELEASE.jar:/home/user/.m2/repository/org/springframework/spring-tx/5.1.3.RELEASE/spring-tx-5.1.3.RELEASE.jar:/home/user/.m2/repository/org/apache/hadoop/hadoop-ozone-client/0.4.1-SNAPSHOT/hadoop-ozone-client-0.4.1-SNAPSHOT.jar:/home/user/.m2/repository/commons-lang/commons-lang/2.6/commons-lang-2.6.jar:/home/user/.m2/repository/org/apache/hadoop/hadoop-ozone-ozone-manager/0.4.1-SNAPSHOT/hadoop-ozone-ozone-manager-0.4.1-SNAPSHOT-tests.jar:/home/user/.m2/repository/junit/junit/4.11/junit-4.11.jar:/home/user/.m2/repository/org/hamcrest/hamcrest-core/1.3/hamcrest-core-1.3.jar:/home/user/.m2/repository/org/openjdk/jmh/jmh-core/1.19/jmh-core-1.19.jar:/home/user/.m2/repository/net/sf/jopt-simple/jopt-simple/4.6/jopt-simple-4.6.jar:/home/user/.m2/repository/org/apache/commons/commons-math3/3.1.1/commons-math3-3.1.1.jar:/home/user/.m2/repository/org/openjdk/jmh/jmh-generator-annprocess/1.19/jmh-generator-annprocess-1.19.jar:/home/user/.m2/repository/org/mockito/mockito-all/1.8.5/mockito-all-1.8.5.jar:/home/user/.m2/repository/org/apache/hadoop/hadoop-kms/3.2.0/hadoop-kms-3.2.0.jar:/home/user/.m2/repository/org/apache/hadoop/hadoop-auth/3.2.0/hadoop-auth-3.2.0.jar:/home/user/.m2/repository/com/nimbusds/nimbus-jose-jwt/4.41.1/nimbus-jose-jwt-4.41.1.jar:/home/user/.m2/repository/com/github/stephenc/jcip/jcip-annotations/1.0-1/jcip-annotations-1.0-1.jar:/home/user/.m2/repository/net/minidev/json-smart/2.3/json-smart-2.3.jar:/home/user/.m2/repository/net/minidev/accessors-smart/1.2/accessors-smart-1.2.jar:/home/user/.m2/repository/org/ow2/asm/asm/5.0.4/asm-5.0.4.jar:/home/user/.m2/repository/org/apache/curator/curator-framework/2.12.0/curator-framework-2.12.0.jar:/home/user/.m2/repository/com/sun/jersey/jersey-core/1.19/jersey-core-1.19.jar:/home/user/.m2/repository/javax/ws/rs/jsr311-api/1.1.1/jsr311-api-1.1.1.jar:/home/user/.m2/repository/com/sun/jersey/jersey-server/1.19/jersey-server-1.19.jar:/home/user/.m2/repository/javax/servlet/javax.servlet-api/3.1.0/javax.servlet-api-3.1.0.jar:/home/user/.m2/repository/org/eclipse/jetty/jetty-server/9.3.24.v20180605/jetty-server-9.3.24.v20180605.jar:/home/user/.m2/repository/org/eclipse/jetty/jetty-http/9.3.24.v20180605/jetty-http-9.3.24.v20180605.jar:/home/user/.m2/repository/org/eclipse/jetty/jetty-io/9.3.24.v20180605/jetty-io-9.3.24.v20180605.jar:/home/user/.m2/repository/org/eclipse/jetty/jetty-webapp/9.3.24.v20180605/jetty-webapp-9.3.24.v20180605.jar:/home/user/.m2/repository/org/eclipse/jetty/jetty-xml/9.3.24.v20180605/jetty-xml-9.3.24.v20180605.jar:/home/user/.m2/repository/log4j/log4j/1.2.17/log4j-1.2.17.jar:/home/user/.m2/repository/org/slf4j/slf4j-api/1.7.25/slf4j-api-1.7.25.jar:/home/user/.m2/repository/org/slf4j/jul-to-slf4j/1.7.25/jul-to-slf4j-1.7.25.jar:/home/user/.m2/repository/org/eclipse/jetty/jetty-util/9.3.24.v20180605/jetty-util-9.3.24.v20180605.jar:/home/user/.m2/repository/com/fasterxml/jackson/core/jackson-databind/2.9.5/jackson-databind-2.9.5.jar:/home/user/.m2/repository/org/apache/hadoop/hadoop-kms/3.2.0/hadoop-kms-3.2.0-tests.jar:/home/user/.m2/repository/org/apache/hadoop/hadoop-hdds-server-scm/0.4.1-SNAPSHOT/hadoop-hdds-server-scm-0.4.1-SNAPSHOT-tests.jar:/home/user/.m2/repository/org/apache/hadoop/hadoop-hdds-container-service/0.4.1-SNAPSHOT/hadoop-hdds-container-service-0.4.1-SNAPSHOT-tests.jar:/home/user/.m2/repository/org/yaml/snakeyaml/1.16/snakeyaml-1.16.jar:/home/user/.m2/repository/org/apache/hadoop/hadoop-common/3.2.0/hadoop-common-3.2.0-tests.jar:/home/user/.m2/repository/org/apache/hadoop/hadoop-annotations/3.2.0/hadoop-annotations-3.2.0.jar:/usr/lib/jvm/java-1.8-openjdk/jre/../lib/tools.jar:/home/user/.m2/repository/commons-cli/commons-cli/1.2/commons-cli-1.2.jar:/home/user/.m2/repository/org/apache/httpcomponents/httpclient/4.5.2/httpclient-4.5.2.jar:/home/user/.m2/repository/org/apache/httpcomponents/httpcore/4.4.4/httpcore-4.4.4.jar:/home/user/.m2/repository/commons-codec/commons-codec/1.11/commons-codec-1.11.jar:/home/user/.m2/repository/commons-net/commons-net/3.6/commons-net-3.6.jar:/home/user/.m2/repository/commons-collections/commons-collections/3.2.2/commons-collections-3.2.2.jar:/home/user/.m2/repository/org/eclipse/jetty/jetty-servlet/9.3.24.v20180605/jetty-servlet-9.3.24.v20180605.jar:/home/user/.m2/repository/org/eclipse/jetty/jetty-security/9.3.24.v20180605/jetty-security-9.3.24.v20180605.jar:/home/user/.m2/repository/javax/servlet/jsp/jsp-api/2.1/jsp-api-2.1.jar:/home/user/.m2/repository/com/sun/jersey/jersey-servlet/1.19/jersey-servlet-1.19.jar:/home/user/.m2/repository/com/sun/jersey/jersey-json/1.19/jersey-json-1.19.jar:/home/user/.m2/repository/org/codehaus/jettison/jettison/1.1/jettison-1.1.jar:/home/user/.m2/repository/org/codehaus/jackson/jackson-core-asl/1.9.13/jackson-core-asl-1.9.13.jar:/home/user/.m2/repository/org/codehaus/jackson/jackson-mapper-asl/1.9.13/jackson-mapper-asl-1.9.13.jar:/home/user/.m2/repository/org/codehaus/jackson/jackson-jaxrs/1.9.13/jackson-jaxrs-1.9.13.jar:/home/user/.m2/repository/org/codehaus/jackson/jackson-xc/1.9.13/jackson-xc-1.9.13.jar:/home/user/.m2/repository/commons-logging/commons-logging/1.1.3/commons-logging-1.1.3.jar:/home/user/.m2/repository/commons-beanutils/commons-beanutils/1.9.3/commons-beanutils-1.9.3.jar:/home/user/.m2/repository/org/apache/commons/commons-configuration2/2.1.1/commons-configuration2-2.1.1.jar:/home/user/.m2/repository/org/apache/commons/commons-lang3/3.7/commons-lang3-3.7.jar:/home/user/.m2/repository/org/apache/commons/commons-text/1.4/commons-text-1.4.jar:/home/user/.m2/repository/org/apache/avro/avro/1.7.7/avro-1.7.7.jar:/home/user/.m2/repository/com/thoughtworks/paranamer/paranamer/2.3/paranamer-2.3.jar:/home/user/.m2/repository/org/xerial/snappy/snappy-java/1.0.5/snappy-java-1.0.5.jar:/home/user/.m2/repository/com/google/re2j/re2j/1.1/re2j-1.1.jar:/home/user/.m2/repository/com/google/code/gson/gson/2.2.4/gson-2.2.4.jar:/home/user/.m2/repository/com/jcraft/jsch/0.1.54/jsch-0.1.54.jar:/home/user/.m2/repository/org/apache/curator/curator-client/2.12.0/curator-client-2.12.0.jar:/home/user/.m2/repository/org/apache/curator/curator-recipes/2.12.0/curator-recipes-2.12.0.jar:/home/user/.m2/repository/com/google/code/findbugs/jsr305/3.0.0/jsr305-3.0.0.jar:/home/user/.m2/repository/org/apache/htrace/htrace-core4/4.1.0-incubating/htrace-core4-4.1.0-incubating.jar:/home/user/.m2/repository/org/apache/zookeeper/zookeeper/3.4.13/zookeeper-3.4.13.jar:/home/user/.m2/repository/org/apache/yetus/audience-annotations/0.5.0/audience-annotations-0.5.0.jar:/home/user/.m2/repository/org/codehaus/woodstox/stax2-api/3.1.4/stax2-api-3.1.4.jar:/home/user/.m2/repository/com/fasterxml/woodstox/woodstox-core/5.0.3/woodstox-core-5.0.3.jar:/home/user/.m2/repository/dnsjava/dnsjava/2.1.7/dnsjava-2.1.7.jar:/home/user/.m2/repository/org/apache/hadoop/hadoop-hdfs/3.2.0/hadoop-hdfs-3.2.0-tests.jar:/home/user/.m2/repository/org/eclipse/jetty/jetty-util-ajax/9.3.24.v20180605/jetty-util-ajax-9.3.24.v20180605.jar:/home/user/.m2/repository/commons-daemon/commons-daemon/1.0.13/commons-daemon-1.0.13.jar:/home/user/.m2/repository/io/netty/netty/3.10.5.Final/netty-3.10.5.Final.jar:/home/user/.m2/repository/io/netty/netty-all/4.0.52.Final/netty-all-4.0.52.Final.jar:/home/user/.m2/repository/org/fusesource/leveldbjni/leveldbjni-all/1.8/leveldbjni-all-1.8.jar:"/>
    <property name="java.vm.vendor" value="IcedTea"/>
    <property name="sun.arch.data.model" value="64"/>
    <property name="test.build.dir" value="/workdir/hadoop-ozone/integration-test/target/test-dir"/>
    <property name="test.cache.data" value=""/>
    <property name="java.vendor.url" value="https://icedtea.classpath.org"/>
    <property name="user.timezone" value=""/>
    <property name="java.vm.specification.version" value="1.8"/>
    <property name="os.name" value="Linux"/>
    <property name="test.build.data" value="/workdir/hadoop-ozone/integration-test/target/test-dir"/>
    <property name="user.country" value="US"/>
    <property name="sun.java.launcher" value="SUN_STANDARD"/>
    <property name="sun.boot.library.path" value="/usr/lib/jvm/java-1.8-openjdk/jre/lib/amd64"/>
    <property name="sun.java.command" value="/workdir/hadoop-ozone/integration-test/target/surefire/surefirebooter6071933350277235462.jar /workdir/hadoop-ozone/integration-test/target/surefire 2019-07-30T23-42-47_820-jvmRun1 surefire4514729562898300127tmp surefire_716447520610665881746tmp"/>
    <property name="surefire.test.class.path" value="/workdir/hadoop-ozone/integration-test/target/test-classes:/workdir/hadoop-ozone/integration-test/target/classes:/home/user/.m2/repository/org/apache/hadoop/hadoop-ozone-common/0.4.1-SNAPSHOT/hadoop-ozone-common-0.4.1-SNAPSHOT.jar:/home/user/.m2/repository/org/apache/commons/commons-compress/1.4.1/commons-compress-1.4.1.jar:/home/user/.m2/repository/org/tukaani/xz/1.0/xz-1.0.jar:/home/user/.m2/repository/org/apache/hadoop/hadoop-common/3.2.0/hadoop-common-3.2.0.jar:/home/user/.m2/repository/org/apache/hadoop/hadoop-hdfs/3.2.0/hadoop-hdfs-3.2.0.jar:/home/user/.m2/repository/org/apache/hadoop/hadoop-hdfs-client/3.2.0/hadoop-hdfs-client-3.2.0.jar:/home/user/.m2/repository/com/fasterxml/jackson/core/jackson-annotations/2.9.5/jackson-annotations-2.9.5.jar:/home/user/.m2/repository/org/apache/hadoop/hadoop-hdds-common/0.4.1-SNAPSHOT/hadoop-hdds-common-0.4.1-SNAPSHOT.jar:/home/user/.m2/repository/javax/annotation/javax.annotation-api/1.2/javax.annotation-api-1.2.jar:/home/user/.m2/repository/org/apache/ratis/ratis-server/0.4.0-2337318-SNAPSHOT/ratis-server-0.4.0-2337318-SNAPSHOT.jar:/home/user/.m2/repository/org/apache/ratis/ratis-thirdparty-misc/0.2.0/ratis-thirdparty-misc-0.2.0.jar:/home/user/.m2/repository/org/apache/ratis/ratis-proto/0.4.0-2337318-SNAPSHOT/ratis-proto-0.4.0-2337318-SNAPSHOT.jar:/home/user/.m2/repository/org/apache/ratis/ratis-common/0.4.0-2337318-SNAPSHOT/ratis-common-0.4.0-2337318-SNAPSHOT.jar:/home/user/.m2/repository/org/apache/ratis/ratis-client/0.4.0-2337318-SNAPSHOT/ratis-client-0.4.0-2337318-SNAPSHOT.jar:/home/user/.m2/repository/org/apache/ratis/ratis-metrics/0.4.0-2337318-SNAPSHOT/ratis-metrics-0.4.0-2337318-SNAPSHOT.jar:/home/user/.m2/repository/org/apache/ratis/ratis-netty/0.4.0-2337318-SNAPSHOT/ratis-netty-0.4.0-2337318-SNAPSHOT.jar:/home/user/.m2/repository/org/apache/ratis/ratis-grpc/0.4.0-2337318-SNAPSHOT/ratis-grpc-0.4.0-2337318-SNAPSHOT.jar:/home/user/.m2/repository/org/rocksdb/rocksdbjni/6.0.1/rocksdbjni-6.0.1.jar:/home/user/.m2/repository/org/apache/logging/log4j/log4j-api/2.11.0/log4j-api-2.11.0.jar:/home/user/.m2/repository/org/apache/logging/log4j/log4j-core/2.11.0/log4j-core-2.11.0.jar:/home/user/.m2/repository/com/lmax/disruptor/3.4.2/disruptor-3.4.2.jar:/home/user/.m2/repository/org/apache/commons/commons-pool2/2.6.0/commons-pool2-2.6.0.jar:/home/user/.m2/repository/org/bouncycastle/bcpkix-jdk15on/1.60/bcpkix-jdk15on-1.60.jar:/home/user/.m2/repository/commons-validator/commons-validator/1.6/commons-validator-1.6.jar:/home/user/.m2/repository/commons-digester/commons-digester/1.8.1/commons-digester-1.8.1.jar:/home/user/.m2/repository/io/jaegertracing/jaeger-client/0.33.1/jaeger-client-0.33.1.jar:/home/user/.m2/repository/io/jaegertracing/jaeger-thrift/0.33.1/jaeger-thrift-0.33.1.jar:/home/user/.m2/repository/org/apache/thrift/libthrift/0.11.0/libthrift-0.11.0.jar:/home/user/.m2/repository/com/squareup/okhttp3/okhttp/3.9.0/okhttp-3.9.0.jar:/home/user/.m2/repository/com/squareup/okio/okio/1.13.0/okio-1.13.0.jar:/home/user/.m2/repository/io/jaegertracing/jaeger-core/0.33.1/jaeger-core-0.33.1.jar:/home/user/.m2/repository/io/jaegertracing/jaeger-tracerresolver/0.33.1/jaeger-tracerresolver-0.33.1.jar:/home/user/.m2/repository/io/opentracing/contrib/opentracing-tracerresolver/0.1.5/opentracing-tracerresolver-0.1.5.jar:/home/user/.m2/repository/io/opentracing/opentracing-util/0.31.0/opentracing-util-0.31.0.jar:/home/user/.m2/repository/io/opentracing/opentracing-api/0.31.0/opentracing-api-0.31.0.jar:/home/user/.m2/repository/io/opentracing/opentracing-noop/0.31.0/opentracing-noop-0.31.0.jar:/home/user/.m2/repository/org/apache/hadoop/hadoop-hdds-server-framework/0.4.1-SNAPSHOT/hadoop-hdds-server-framework-0.4.1-SNAPSHOT.jar:/home/user/.m2/repository/org/apache/hadoop/hadoop-hdds-container-service/0.4.1-SNAPSHOT/hadoop-hdds-container-service-0.4.1-SNAPSHOT.jar:/home/user/.m2/repository/org/apache/hadoop/hadoop-hdds-client/0.4.1-SNAPSHOT/hadoop-hdds-client-0.4.1-SNAPSHOT.jar:/home/user/.m2/repository/org/apache/hadoop/hadoop-hdds-tools/0.4.1-SNAPSHOT/hadoop-hdds-tools-0.4.1-SNAPSHOT.jar:/home/user/.m2/repository/org/apache/hadoop/hadoop-hdds-server-scm/0.4.1-SNAPSHOT/hadoop-hdds-server-scm-0.4.1-SNAPSHOT.jar:/home/user/.m2/repository/org/apache/hadoop/hadoop-hdds-docs/0.4.1-SNAPSHOT/hadoop-hdds-docs-0.4.1-SNAPSHOT.jar:/home/user/.m2/repository/io/dropwizard/metrics/metrics-core/3.2.4/metrics-core-3.2.4.jar:/home/user/.m2/repository/org/hamcrest/hamcrest-all/1.3/hamcrest-all-1.3.jar:/home/user/.m2/repository/org/bouncycastle/bcprov-jdk15on/1.60/bcprov-jdk15on-1.60.jar:/home/user/.m2/repository/info/picocli/picocli/3.9.6/picocli-3.9.6.jar:/home/user/.m2/repository/com/google/protobuf/protobuf-java/2.5.0/protobuf-java-2.5.0.jar:/home/user/.m2/repository/com/google/guava/guava/11.0.2/guava-11.0.2.jar:/home/user/.m2/repository/org/apache/hadoop/hadoop-ozone-ozone-manager/0.4.1-SNAPSHOT/hadoop-ozone-ozone-manager-0.4.1-SNAPSHOT.jar:/home/user/.m2/repository/org/apache/hadoop/hadoop-minikdc/3.2.0/hadoop-minikdc-3.2.0.jar:/home/user/.m2/repository/commons-io/commons-io/2.5/commons-io-2.5.jar:/home/user/.m2/repository/org/apache/kerby/kerb-simplekdc/1.0.1/kerb-simplekdc-1.0.1.jar:/home/user/.m2/repository/org/apache/kerby/kerb-client/1.0.1/kerb-client-1.0.1.jar:/home/user/.m2/repository/org/apache/kerby/kerby-config/1.0.1/kerby-config-1.0.1.jar:/home/user/.m2/repository/org/apache/kerby/kerb-core/1.0.1/kerb-core-1.0.1.jar:/home/user/.m2/repository/org/apache/kerby/kerby-pkix/1.0.1/kerby-pkix-1.0.1.jar:/home/user/.m2/repository/org/apache/kerby/kerby-asn1/1.0.1/kerby-asn1-1.0.1.jar:/home/user/.m2/repository/org/apache/kerby/kerby-util/1.0.1/kerby-util-1.0.1.jar:/home/user/.m2/repository/org/apache/kerby/kerb-common/1.0.1/kerb-common-1.0.1.jar:/home/user/.m2/repository/org/apache/kerby/kerb-crypto/1.0.1/kerb-crypto-1.0.1.jar:/home/user/.m2/repository/org/apache/kerby/kerb-util/1.0.1/kerb-util-1.0.1.jar:/home/user/.m2/repository/org/apache/kerby/token-provider/1.0.1/token-provider-1.0.1.jar:/home/user/.m2/repository/org/apache/kerby/kerb-admin/1.0.1/kerb-admin-1.0.1.jar:/home/user/.m2/repository/org/apache/kerby/kerb-server/1.0.1/kerb-server-1.0.1.jar:/home/user/.m2/repository/org/apache/kerby/kerb-identity/1.0.1/kerb-identity-1.0.1.jar:/home/user/.m2/repository/org/apache/kerby/kerby-xdr/1.0.1/kerby-xdr-1.0.1.jar:/home/user/.m2/repository/org/slf4j/slf4j-log4j12/1.7.25/slf4j-log4j12-1.7.25.jar:/home/user/.m2/repository/org/apache/hadoop/hadoop-ozone-objectstore-service/0.4.1-SNAPSHOT/hadoop-ozone-objectstore-service-0.4.1-SNAPSHOT.jar:/home/user/.m2/repository/org/apache/hadoop/hadoop-ozone-s3gateway/0.4.1-SNAPSHOT/hadoop-ozone-s3gateway-0.4.1-SNAPSHOT.jar:/home/user/.m2/repository/org/jboss/weld/servlet/weld-servlet/2.4.7.Final/weld-servlet-2.4.7.Final.jar:/home/user/.m2/repository/org/glassfish/jersey/containers/jersey-container-servlet-core/2.27/jersey-container-servlet-core-2.27.jar:/home/user/.m2/repository/org/glassfish/hk2/external/javax.inject/2.5.0-b42/javax.inject-2.5.0-b42.jar:/home/user/.m2/repository/org/glassfish/jersey/core/jersey-common/2.27/jersey-common-2.27.jar:/home/user/.m2/repository/org/glassfish/hk2/osgi-resource-locator/1.0.1/osgi-resource-locator-1.0.1.jar:/home/user/.m2/repository/javax/ws/rs/javax.ws.rs-api/2.1/javax.ws.rs-api-2.1.jar:/home/user/.m2/repository/org/glassfish/jersey/ext/cdi/jersey-cdi1x/2.27/jersey-cdi1x-2.27.jar:/home/user/.m2/repository/org/glassfish/jersey/inject/jersey-hk2/2.27/jersey-hk2-2.27.jar:/home/user/.m2/repository/org/glassfish/hk2/hk2-locator/2.5.0-b42/hk2-locator-2.5.0-b42.jar:/home/user/.m2/repository/org/javassist/javassist/3.22.0-CR2/javassist-3.22.0-CR2.jar:/home/user/.m2/repository/org/glassfish/hk2/hk2-api/2.5.0/hk2-api-2.5.0.jar:/home/user/.m2/repository/org/glassfish/hk2/external/jakarta.inject/2.5.0/jakarta.inject-2.5.0.jar:/home/user/.m2/repository/org/glassfish/hk2/hk2-utils/2.5.0/hk2-utils-2.5.0.jar:/home/user/.m2/repository/jakarta/annotation/jakarta.annotation-api/1.3.4/jakarta.annotation-api-1.3.4.jar:/home/user/.m2/repository/org/glassfish/hk2/external/aopalliance-repackaged/2.5.0/aopalliance-repackaged-2.5.0.jar:/home/user/.m2/repository/com/fasterxml/jackson/dataformat/jackson-dataformat-xml/2.9.0/jackson-dataformat-xml-2.9.0.jar:/home/user/.m2/repository/com/fasterxml/jackson/core/jackson-core/2.9.5/jackson-core-2.9.5.jar:/home/user/.m2/repository/com/fasterxml/jackson/module/jackson-module-jaxb-annotations/2.9.5/jackson-module-jaxb-annotations-2.9.5.jar:/home/user/.m2/repository/javax/enterprise/cdi-api/1.2/cdi-api-1.2.jar:/home/user/.m2/repository/javax/el/javax.el-api/3.0.0/javax.el-api-3.0.0.jar:/home/user/.m2/repository/javax/interceptor/javax.interceptor-api/1.2/javax.interceptor-api-1.2.jar:/home/user/.m2/repository/javax/inject/javax.inject/1/javax.inject-1.jar:/home/user/.m2/repository/com/sun/xml/bind/jaxb-impl/2.3.0.1/jaxb-impl-2.3.0.1.jar:/home/user/.m2/repository/com/sun/xml/bind/jaxb-core/2.3.0.1/jaxb-core-2.3.0.1.jar:/home/user/.m2/repository/javax/xml/bind/jaxb-api/2.3.0/jaxb-api-2.3.0.jar:/home/user/.m2/repository/javax/activation/activation/1.1.1/activation-1.1.1.jar:/home/user/.m2/repository/org/apache/hadoop/hadoop-ozone-csi/0.4.1-SNAPSHOT/hadoop-ozone-csi-0.4.1-SNAPSHOT.jar:/home/user/.m2/repository/com/google/protobuf/protobuf-java-util/3.5.1/protobuf-java-util-3.5.1.jar:/home/user/.m2/repository/org/apache/hadoop/hadoop-hdds-config/0.4.1-SNAPSHOT/hadoop-hdds-config-0.4.1-SNAPSHOT.jar:/home/user/.m2/repository/io/grpc/grpc-netty/1.17.1/grpc-netty-1.17.1.jar:/home/user/.m2/repository/io/grpc/grpc-core/1.17.1/grpc-core-1.17.1.jar:/home/user/.m2/repository/io/grpc/grpc-context/1.17.1/grpc-context-1.17.1.jar:/home/user/.m2/repository/com/google/errorprone/error_prone_annotations/2.2.0/error_prone_annotations-2.2.0.jar:/home/user/.m2/repository/org/codehaus/mojo/animal-sniffer-annotations/1.17/animal-sniffer-annotations-1.17.jar:/home/user/.m2/repository/io/opencensus/opencensus-api/0.17.0/opencensus-api-0.17.0.jar:/home/user/.m2/repository/io/opencensus/opencensus-contrib-grpc-metrics/0.17.0/opencensus-contrib-grpc-metrics-0.17.0.jar:/home/user/.m2/repository/io/netty/netty-codec-http2/4.1.30.Final/netty-codec-http2-4.1.30.Final.jar:/home/user/.m2/repository/io/netty/netty-codec-http/4.1.30.Final/netty-codec-http-4.1.30.Final.jar:/home/user/.m2/repository/io/netty/netty-codec/4.1.30.Final/netty-codec-4.1.30.Final.jar:/home/user/.m2/repository/io/netty/netty-handler/4.1.30.Final/netty-handler-4.1.30.Final.jar:/home/user/.m2/repository/io/netty/netty-handler-proxy/4.1.30.Final/netty-handler-proxy-4.1.30.Final.jar:/home/user/.m2/repository/io/netty/netty-codec-socks/4.1.30.Final/netty-codec-socks-4.1.30.Final.jar:/home/user/.m2/repository/io/netty/netty-transport-native-epoll/4.1.30.Final/netty-transport-native-epoll-4.1.30.Final.jar:/home/user/.m2/repository/io/netty/netty-common/4.1.30.Final/netty-common-4.1.30.Final.jar:/home/user/.m2/repository/io/netty/netty-buffer/4.1.30.Final/netty-buffer-4.1.30.Final.jar:/home/user/.m2/repository/io/netty/netty-transport/4.1.30.Final/netty-transport-4.1.30.Final.jar:/home/user/.m2/repository/io/netty/netty-resolver/4.1.30.Final/netty-resolver-4.1.30.Final.jar:/home/user/.m2/repository/io/netty/netty-transport-native-unix-common/4.1.30.Final/netty-transport-native-unix-common-4.1.30.Final.jar:/home/user/.m2/repository/io/grpc/grpc-protobuf/1.17.1/grpc-protobuf-1.17.1.jar:/home/user/.m2/repository/com/google/api/grpc/proto-google-common-protos/1.0.0/proto-google-common-protos-1.0.0.jar:/home/user/.m2/repository/io/grpc/grpc-protobuf-lite/1.17.1/grpc-protobuf-lite-1.17.1.jar:/home/user/.m2/repository/io/grpc/grpc-stub/1.17.1/grpc-stub-1.17.1.jar:/home/user/.m2/repository/org/apache/hadoop/hadoop-ozone-recon/0.4.1-SNAPSHOT/hadoop-ozone-recon-0.4.1-SNAPSHOT.jar:/home/user/.m2/repository/org/apache/hadoop/hadoop-ozone-reconcodegen/0.4.1-SNAPSHOT/hadoop-ozone-reconcodegen-0.4.1-SNAPSHOT.jar:/home/user/.m2/repository/com/google/inject/extensions/guice-multibindings/4.0/guice-multibindings-4.0.jar:/home/user/.m2/repository/com/google/inject/guice/4.0/guice-4.0.jar:/home/user/.m2/repository/aopalliance/aopalliance/1.0/aopalliance-1.0.jar:/home/user/.m2/repository/com/google/inject/extensions/guice-servlet/4.0/guice-servlet-4.0.jar:/home/user/.m2/repository/org/glassfish/jersey/containers/jersey-container-servlet/2.27/jersey-container-servlet-2.27.jar:/home/user/.m2/repository/org/glassfish/hk2/guice-bridge/2.5.0/guice-bridge-2.5.0.jar:/home/user/.m2/repository/org/glassfish/jersey/core/jersey-server/2.27/jersey-server-2.27.jar:/home/user/.m2/repository/org/glassfish/jersey/core/jersey-client/2.27/jersey-client-2.27.jar:/home/user/.m2/repository/org/glassfish/jersey/media/jersey-media-jaxb/2.27/jersey-media-jaxb-2.27.jar:/home/user/.m2/repository/javax/validation/validation-api/1.1.0.Final/validation-api-1.1.0.Final.jar:/home/user/.m2/repository/org/glassfish/jersey/media/jersey-media-json-jackson/2.27/jersey-media-json-jackson-2.27.jar:/home/user/.m2/repository/org/glassfish/jersey/ext/jersey-entity-filtering/2.27/jersey-entity-filtering-2.27.jar:/home/user/.m2/repository/com/google/inject/extensions/guice-assistedinject/4.0/guice-assistedinject-4.0.jar:/home/user/.m2/repository/org/jooq/jooq/3.11.10/jooq-3.11.10.jar:/home/user/.m2/repository/org/jooq/jooq-meta/3.11.10/jooq-meta-3.11.10.jar:/home/user/.m2/repository/org/jooq/jooq-codegen/3.11.10/jooq-codegen-3.11.10.jar:/home/user/.m2/repository/com/jolbox/bonecp/0.8.0.RELEASE/bonecp-0.8.0.RELEASE.jar:/home/user/.m2/repository/org/xerial/sqlite-jdbc/3.25.2/sqlite-jdbc-3.25.2.jar:/home/user/.m2/repository/org/springframework/spring-jdbc/5.1.3.RELEASE/spring-jdbc-5.1.3.RELEASE.jar:/home/user/.m2/repository/org/springframework/spring-beans/5.1.3.RELEASE/spring-beans-5.1.3.RELEASE.jar:/home/user/.m2/repository/org/springframework/spring-core/5.1.3.RELEASE/spring-core-5.1.3.RELEASE.jar:/home/user/.m2/repository/org/springframework/spring-jcl/5.1.3.RELEASE/spring-jcl-5.1.3.RELEASE.jar:/home/user/.m2/repository/org/springframework/spring-tx/5.1.3.RELEASE/spring-tx-5.1.3.RELEASE.jar:/home/user/.m2/repository/org/apache/hadoop/hadoop-ozone-client/0.4.1-SNAPSHOT/hadoop-ozone-client-0.4.1-SNAPSHOT.jar:/home/user/.m2/repository/commons-lang/commons-lang/2.6/commons-lang-2.6.jar:/home/user/.m2/repository/org/apache/hadoop/hadoop-ozone-ozone-manager/0.4.1-SNAPSHOT/hadoop-ozone-ozone-manager-0.4.1-SNAPSHOT-tests.jar:/home/user/.m2/repository/junit/junit/4.11/junit-4.11.jar:/home/user/.m2/repository/org/hamcrest/hamcrest-core/1.3/hamcrest-core-1.3.jar:/home/user/.m2/repository/org/openjdk/jmh/jmh-core/1.19/jmh-core-1.19.jar:/home/user/.m2/repository/net/sf/jopt-simple/jopt-simple/4.6/jopt-simple-4.6.jar:/home/user/.m2/repository/org/apache/commons/commons-math3/3.1.1/commons-math3-3.1.1.jar:/home/user/.m2/repository/org/openjdk/jmh/jmh-generator-annprocess/1.19/jmh-generator-annprocess-1.19.jar:/home/user/.m2/repository/org/mockito/mockito-all/1.8.5/mockito-all-1.8.5.jar:/home/user/.m2/repository/org/apache/hadoop/hadoop-kms/3.2.0/hadoop-kms-3.2.0.jar:/home/user/.m2/repository/org/apache/hadoop/hadoop-auth/3.2.0/hadoop-auth-3.2.0.jar:/home/user/.m2/repository/com/nimbusds/nimbus-jose-jwt/4.41.1/nimbus-jose-jwt-4.41.1.jar:/home/user/.m2/repository/com/github/stephenc/jcip/jcip-annotations/1.0-1/jcip-annotations-1.0-1.jar:/home/user/.m2/repository/net/minidev/json-smart/2.3/json-smart-2.3.jar:/home/user/.m2/repository/net/minidev/accessors-smart/1.2/accessors-smart-1.2.jar:/home/user/.m2/repository/org/ow2/asm/asm/5.0.4/asm-5.0.4.jar:/home/user/.m2/repository/org/apache/curator/curator-framework/2.12.0/curator-framework-2.12.0.jar:/home/user/.m2/repository/com/sun/jersey/jersey-core/1.19/jersey-core-1.19.jar:/home/user/.m2/repository/javax/ws/rs/jsr311-api/1.1.1/jsr311-api-1.1.1.jar:/home/user/.m2/repository/com/sun/jersey/jersey-server/1.19/jersey-server-1.19.jar:/home/user/.m2/repository/javax/servlet/javax.servlet-api/3.1.0/javax.servlet-api-3.1.0.jar:/home/user/.m2/repository/org/eclipse/jetty/jetty-server/9.3.24.v20180605/jetty-server-9.3.24.v20180605.jar:/home/user/.m2/repository/org/eclipse/jetty/jetty-http/9.3.24.v20180605/jetty-http-9.3.24.v20180605.jar:/home/user/.m2/repository/org/eclipse/jetty/jetty-io/9.3.24.v20180605/jetty-io-9.3.24.v20180605.jar:/home/user/.m2/repository/org/eclipse/jetty/jetty-webapp/9.3.24.v20180605/jetty-webapp-9.3.24.v20180605.jar:/home/user/.m2/repository/org/eclipse/jetty/jetty-xml/9.3.24.v20180605/jetty-xml-9.3.24.v20180605.jar:/home/user/.m2/repository/log4j/log4j/1.2.17/log4j-1.2.17.jar:/home/user/.m2/repository/org/slf4j/slf4j-api/1.7.25/slf4j-api-1.7.25.jar:/home/user/.m2/repository/org/slf4j/jul-to-slf4j/1.7.25/jul-to-slf4j-1.7.25.jar:/home/user/.m2/repository/org/eclipse/jetty/jetty-util/9.3.24.v20180605/jetty-util-9.3.24.v20180605.jar:/home/user/.m2/repository/com/fasterxml/jackson/core/jackson-databind/2.9.5/jackson-databind-2.9.5.jar:/home/user/.m2/repository/org/apache/hadoop/hadoop-kms/3.2.0/hadoop-kms-3.2.0-tests.jar:/home/user/.m2/repository/org/apache/hadoop/hadoop-hdds-server-scm/0.4.1-SNAPSHOT/hadoop-hdds-server-scm-0.4.1-SNAPSHOT-tests.jar:/home/user/.m2/repository/org/apache/hadoop/hadoop-hdds-container-service/0.4.1-SNAPSHOT/hadoop-hdds-container-service-0.4.1-SNAPSHOT-tests.jar:/home/user/.m2/repository/org/yaml/snakeyaml/1.16/snakeyaml-1.16.jar:/home/user/.m2/repository/org/apache/hadoop/hadoop-common/3.2.0/hadoop-common-3.2.0-tests.jar:/home/user/.m2/repository/org/apache/hadoop/hadoop-annotations/3.2.0/hadoop-annotations-3.2.0.jar:/usr/lib/jvm/java-1.8-openjdk/jre/../lib/tools.jar:/home/user/.m2/repository/commons-cli/commons-cli/1.2/commons-cli-1.2.jar:/home/user/.m2/repository/org/apache/httpcomponents/httpclient/4.5.2/httpclient-4.5.2.jar:/home/user/.m2/repository/org/apache/httpcomponents/httpcore/4.4.4/httpcore-4.4.4.jar:/home/user/.m2/repository/commons-codec/commons-codec/1.11/commons-codec-1.11.jar:/home/user/.m2/repository/commons-net/commons-net/3.6/commons-net-3.6.jar:/home/user/.m2/repository/commons-collections/commons-collections/3.2.2/commons-collections-3.2.2.jar:/home/user/.m2/repository/org/eclipse/jetty/jetty-servlet/9.3.24.v20180605/jetty-servlet-9.3.24.v20180605.jar:/home/user/.m2/repository/org/eclipse/jetty/jetty-security/9.3.24.v20180605/jetty-security-9.3.24.v20180605.jar:/home/user/.m2/repository/javax/servlet/jsp/jsp-api/2.1/jsp-api-2.1.jar:/home/user/.m2/repository/com/sun/jersey/jersey-servlet/1.19/jersey-servlet-1.19.jar:/home/user/.m2/repository/com/sun/jersey/jersey-json/1.19/jersey-json-1.19.jar:/home/user/.m2/repository/org/codehaus/jettison/jettison/1.1/jettison-1.1.jar:/home/user/.m2/repository/org/codehaus/jackson/jackson-core-asl/1.9.13/jackson-core-asl-1.9.13.jar:/home/user/.m2/repository/org/codehaus/jackson/jackson-mapper-asl/1.9.13/jackson-mapper-asl-1.9.13.jar:/home/user/.m2/repository/org/codehaus/jackson/jackson-jaxrs/1.9.13/jackson-jaxrs-1.9.13.jar:/home/user/.m2/repository/org/codehaus/jackson/jackson-xc/1.9.13/jackson-xc-1.9.13.jar:/home/user/.m2/repository/commons-logging/commons-logging/1.1.3/commons-logging-1.1.3.jar:/home/user/.m2/repository/commons-beanutils/commons-beanutils/1.9.3/commons-beanutils-1.9.3.jar:/home/user/.m2/repository/org/apache/commons/commons-configuration2/2.1.1/commons-configuration2-2.1.1.jar:/home/user/.m2/repository/org/apache/commons/commons-lang3/3.7/commons-lang3-3.7.jar:/home/user/.m2/repository/org/apache/commons/commons-text/1.4/commons-text-1.4.jar:/home/user/.m2/repository/org/apache/avro/avro/1.7.7/avro-1.7.7.jar:/home/user/.m2/repository/com/thoughtworks/paranamer/paranamer/2.3/paranamer-2.3.jar:/home/user/.m2/repository/org/xerial/snappy/snappy-java/1.0.5/snappy-java-1.0.5.jar:/home/user/.m2/repository/com/google/re2j/re2j/1.1/re2j-1.1.jar:/home/user/.m2/repository/com/google/code/gson/gson/2.2.4/gson-2.2.4.jar:/home/user/.m2/repository/com/jcraft/jsch/0.1.54/jsch-0.1.54.jar:/home/user/.m2/repository/org/apache/curator/curator-client/2.12.0/curator-client-2.12.0.jar:/home/user/.m2/repository/org/apache/curator/curator-recipes/2.12.0/curator-recipes-2.12.0.jar:/home/user/.m2/repository/com/google/code/findbugs/jsr305/3.0.0/jsr305-3.0.0.jar:/home/user/.m2/repository/org/apache/htrace/htrace-core4/4.1.0-incubating/htrace-core4-4.1.0-incubating.jar:/home/user/.m2/repository/org/apache/zookeeper/zookeeper/3.4.13/zookeeper-3.4.13.jar:/home/user/.m2/repository/org/apache/yetus/audience-annotations/0.5.0/audience-annotations-0.5.0.jar:/home/user/.m2/repository/org/codehaus/woodstox/stax2-api/3.1.4/stax2-api-3.1.4.jar:/home/user/.m2/repository/com/fasterxml/woodstox/woodstox-core/5.0.3/woodstox-core-5.0.3.jar:/home/user/.m2/repository/dnsjava/dnsjava/2.1.7/dnsjava-2.1.7.jar:/home/user/.m2/repository/org/apache/hadoop/hadoop-hdfs/3.2.0/hadoop-hdfs-3.2.0-tests.jar:/home/user/.m2/repository/org/eclipse/jetty/jetty-util-ajax/9.3.24.v20180605/jetty-util-ajax-9.3.24.v20180605.jar:/home/user/.m2/repository/commons-daemon/commons-daemon/1.0.13/commons-daemon-1.0.13.jar:/home/user/.m2/repository/io/netty/netty/3.10.5.Final/netty-3.10.5.Final.jar:/home/user/.m2/repository/io/netty/netty-all/4.0.52.Final/netty-all-4.0.52.Final.jar:/home/user/.m2/repository/org/fusesource/leveldbjni/leveldbjni-all/1.8/leveldbjni-all-1.8.jar:"/>
    <property name="sun.cpu.endian" value="little"/>
    <property name="user.home" value="/home/user"/>
    <property name="user.language" value="en"/>
    <property name="java.specification.vendor" value="Oracle Corporation"/>
    <property name="java.home" value="/usr/lib/jvm/java-1.8-openjdk/jre"/>
    <property name="java.security.krb5.conf" value="/workdir/hadoop-ozone/integration-test/target/test-classes/krb5.conf"/>
    <property name="basedir" value="/workdir/hadoop-ozone/integration-test"/>
    <property name="file.separator" value="/"/>
    <property name="line.separator" value="&#10;"/>
    <property name="java.vm.specification.vendor" value="Oracle Corporation"/>
    <property name="java.specification.name" value="Java Platform API Specification"/>
    <property name="java.awt.graphicsenv" value="sun.awt.X11GraphicsEnvironment"/>
    <property name="surefire.real.class.path" value="/workdir/hadoop-ozone/integration-test/target/surefire/surefirebooter6071933350277235462.jar"/>
    <property name="hadoop.log.dir" value="/workdir/hadoop-ozone/integration-test/target/log"/>
    <property name="sun.boot.class.path" value="/usr/lib/jvm/java-1.8-openjdk/jre/lib/resources.jar:/usr/lib/jvm/java-1.8-openjdk/jre/lib/rt.jar:/usr/lib/jvm/java-1.8-openjdk/jre/lib/sunrsasign.jar:/usr/lib/jvm/java-1.8-openjdk/jre/lib/jsse.jar:/usr/lib/jvm/java-1.8-openjdk/jre/lib/jce.jar:/usr/lib/jvm/java-1.8-openjdk/jre/lib/charsets.jar:/usr/lib/jvm/java-1.8-openjdk/jre/lib/jfr.jar:/usr/lib/jvm/java-1.8-openjdk/jre/classes"/>
    <property name="sun.management.compiler" value="HotSpot 64-Bit Tiered Compilers"/>
    <property name="java.runtime.version" value="1.8.0_212-b04"/>
    <property name="java.net.preferIPv4Stack" value="true"/>
    <property name="user.name" value="jenkins1000"/>
    <property name="path.separator" value=":"/>
    <property name="java.security.egd" value="file:///dev/urandom"/>
    <property name="os.version" value="3.10.0-957.12.2.el7.x86_64"/>
    <property name="java.endorsed.dirs" value="/usr/lib/jvm/java-1.8-openjdk/jre/lib/endorsed"/>
    <property name="java.runtime.name" value="OpenJDK Runtime Environment"/>
    <property name="file.encoding" value="UTF-8"/>
    <property name="java.vm.name" value="OpenJDK 64-Bit Server VM"/>
    <property name="test.build.webapps" value=""/>
    <property name="localRepository" value="/home/user/.m2/repository"/>
    <property name="java.vendor.url.bug" value="https://icedtea.classpath.org/bugzilla"/>
    <property name="java.io.tmpdir" value="/tmp"/>
    <property name="require.test.libhadoop" value=""/>
    <property name="java.version" value="1.8.0_212"/>
    <property name="user.dir" value="/workdir/hadoop-ozone/integration-test"/>
    <property name="os.arch" value="amd64"/>
    <property name="java.vm.specification.name" value="Java Virtual Machine Specification"/>
    <property name="test.build.classes" value="/workdir/hadoop-ozone/integration-test/target/test-classes"/>
    <property name="java.awt.printerjob" value="sun.print.PSPrinterJob"/>
    <property name="sun.os.patch.level" value="unknown"/>
    <property name="hadoop.tmp.dir" value="/workdir/hadoop-ozone/integration-test/target/tmp"/>
    <property name="java.library.path" value="/usr/lib/jvm/java-1.8-openjdk/jre/lib/amd64/server:/usr/lib/jvm/java-1.8-openjdk/jre/lib/amd64:/usr/lib/jvm/java-1.8-openjdk/jre/../lib/amd64:/workdir/hadoop-ozone/integration-test/target/native/target/usr/local/lib:/workdir/hadoop-ozone/integration-test/../../hadoop-common-project/hadoop-common/target/native/target/usr/local/lib:/usr/java/packages/lib/amd64:/usr/lib64:/lib64:/lib:/usr/lib"/>
    <property name="java.vm.info" value="mixed mode"/>
    <property name="java.vendor" value="IcedTea"/>
    <property name="java.vm.version" value="25.212-b04"/>
    <property name="java.ext.dirs" value="/usr/lib/jvm/java-1.8-openjdk/jre/lib/ext:/usr/java/packages/lib/ext"/>
    <property name="sun.io.unicode.encoding" value="UnicodeLittle"/>
    <property name="java.class.version" value="52.0"/>
  </properties>
  <testcase name="test2DatanodesFailure" classname="org.apache.hadoop.ozone.client.rpc.TestBlockOutputStreamWithFailures" time="114.624"/>
  <testcase name="testDatanodeFailureWithPreAllocation" classname="org.apache.hadoop.ozone.client.rpc.TestBlockOutputStreamWithFailures" time="228.053"/>
  <testcase name="testDatanodeFailureWithSingleNodeRatis" classname="org.apache.hadoop.ozone.client.rpc.TestBlockOutputStreamWithFailures" time="224.749"/>
  <testcase name="testWatchForCommitWithSingleNodeRatis" classname="org.apache.hadoop.ozone.client.rpc.TestBlockOutputStreamWithFailures" time="35.306"/>
  <testcase name="testWatchForCommitDatanodeFailure" classname="org.apache.hadoop.ozone.client.rpc.TestBlockOutputStreamWithFailures" time="47.879">
    <failure message="expected:&lt;2&gt; but was:&lt;3&gt;" type="java.lang.AssertionError"><![CDATA[java.lang.AssertionError: expected:<2> but was:<3>
	at org.junit.Assert.fail(Assert.java:88)
	at org.junit.Assert.failNotEquals(Assert.java:743)
	at org.junit.Assert.assertEquals(Assert.java:118)
	at org.junit.Assert.assertEquals(Assert.java:555)
	at org.junit.Assert.assertEquals(Assert.java:542)
	at org.apache.hadoop.ozone.client.rpc.TestBlockOutputStreamWithFailures.testWatchForCommitDatanodeFailure(TestBlockOutputStreamWithFailures.java:366)
	at sun.reflect.NativeMethodAccessorImpl.invoke0(Native Method)
	at sun.reflect.NativeMethodAccessorImpl.invoke(NativeMethodAccessorImpl.java:62)
	at sun.reflect.DelegatingMethodAccessorImpl.invoke(DelegatingMethodAccessorImpl.java:43)
	at java.lang.reflect.Method.invoke(Method.java:498)
	at org.junit.runners.model.FrameworkMethod$1.runReflectiveCall(FrameworkMethod.java:47)
	at org.junit.internal.runners.model.ReflectiveCallable.run(ReflectiveCallable.java:12)
	at org.junit.runners.model.FrameworkMethod.invokeExplosively(FrameworkMethod.java:44)
	at org.junit.internal.runners.statements.InvokeMethod.evaluate(InvokeMethod.java:17)
	at org.junit.internal.runners.statements.RunBefores.evaluate(RunBefores.java:26)
	at org.junit.internal.runners.statements.RunAfters.evaluate(RunAfters.java:27)
	at org.junit.runners.ParentRunner.runLeaf(ParentRunner.java:271)
	at org.junit.runners.BlockJUnit4ClassRunner.runChild(BlockJUnit4ClassRunner.java:70)
	at org.junit.runners.BlockJUnit4ClassRunner.runChild(BlockJUnit4ClassRunner.java:50)
	at org.junit.runners.ParentRunner$3.run(ParentRunner.java:238)
	at org.junit.runners.ParentRunner$1.schedule(ParentRunner.java:63)
	at org.junit.runners.ParentRunner.runChildren(ParentRunner.java:236)
	at org.junit.runners.ParentRunner.access$000(ParentRunner.java:53)
	at org.junit.runners.ParentRunner$2.evaluate(ParentRunner.java:229)
	at org.junit.runners.ParentRunner.run(ParentRunner.java:309)
	at org.apache.maven.surefire.junit4.JUnit4Provider.execute(JUnit4Provider.java:365)
	at org.apache.maven.surefire.junit4.JUnit4Provider.executeWithRerun(JUnit4Provider.java:273)
	at org.apache.maven.surefire.junit4.JUnit4Provider.executeTestSet(JUnit4Provider.java:238)
	at org.apache.maven.surefire.junit4.JUnit4Provider.invoke(JUnit4Provider.java:159)
	at org.apache.maven.surefire.booter.ForkedBooter.invokeProviderInSameClassLoader(ForkedBooter.java:384)
	at org.apache.maven.surefire.booter.ForkedBooter.runSuitesInProcess(ForkedBooter.java:345)
	at org.apache.maven.surefire.booter.ForkedBooter.execute(ForkedBooter.java:126)
	at org.apache.maven.surefire.booter.ForkedBooter.main(ForkedBooter.java:418)
]]></failure>
    <system-out><![CDATA[2019-07-31 00:42:06,646 WARN  server.ServerUtils (ServerUtils.java:getScmDbDir(145)) - ozone.scm.db.dirs is not configured. We recommend adding this setting. Falling back to ozone.metadata.dirs instead.
2019-07-31 00:42:06,702 WARN  server.ServerUtils (ServerUtils.java:getScmDbDir(145)) - ozone.scm.db.dirs is not configured. We recommend adding this setting. Falling back to ozone.metadata.dirs instead.
2019-07-31 00:42:06,702 WARN  server.ServerUtils (ServerUtils.java:getScmDbDir(145)) - ozone.scm.db.dirs is not configured. We recommend adding this setting. Falling back to ozone.metadata.dirs instead.
2019-07-31 00:42:06,703 INFO  db.DBStoreBuilder (DBStoreBuilder.java:addTable(110)) - using custom profile for table: deletedBlocks
2019-07-31 00:42:06,703 INFO  db.DBStoreBuilder (DBStoreBuilder.java:processTables(161)) - Using default column profile:DBProfile.DISK for Table:deletedBlocks
2019-07-31 00:42:06,704 INFO  db.DBStoreBuilder (DBStoreBuilder.java:addTable(110)) - using custom profile for table: validCerts
2019-07-31 00:42:06,704 INFO  db.DBStoreBuilder (DBStoreBuilder.java:processTables(161)) - Using default column profile:DBProfile.DISK for Table:validCerts
2019-07-31 00:42:06,704 INFO  db.DBStoreBuilder (DBStoreBuilder.java:addTable(110)) - using custom profile for table: revokedCerts
2019-07-31 00:42:06,705 INFO  db.DBStoreBuilder (DBStoreBuilder.java:processTables(161)) - Using default column profile:DBProfile.DISK for Table:revokedCerts
2019-07-31 00:42:06,705 INFO  db.DBStoreBuilder (DBStoreBuilder.java:addTable(110)) - using custom profile for table: default
2019-07-31 00:42:06,705 INFO  db.DBStoreBuilder (DBStoreBuilder.java:processTables(167)) - Using default column profile:DBProfile.DISK for Table:default
2019-07-31 00:42:06,706 INFO  db.DBStoreBuilder (DBStoreBuilder.java:getDbProfile(198)) - Using default options. DBProfile.DISK
2019-07-31 00:42:06,874 INFO  net.NodeSchemaLoader (NodeSchemaLoader.java:loadSchemaFromFile(125)) - Loading file from sun.misc.CompoundEnumeration@16448827
2019-07-31 00:42:06,875 INFO  net.NodeSchemaLoader (NodeSchemaLoader.java:loadSchema(171)) - Loading network topology layer schema file
2019-07-31 00:42:06,881 INFO  node.SCMNodeManager (SCMNodeManager.java:<init>(121)) - Entering startup safe mode.
2019-07-31 00:42:06,882 WARN  server.ServerUtils (ServerUtils.java:getScmDbDir(145)) - ozone.scm.db.dirs is not configured. We recommend adding this setting. Falling back to ozone.metadata.dirs instead.
2019-07-31 00:42:06,933 INFO  pipeline.SCMPipelineManager (SCMPipelineManager.java:initializePipelineState(126)) - No pipeline exists in current db
2019-07-31 00:42:06,934 WARN  server.ServerUtils (ServerUtils.java:getScmDbDir(145)) - ozone.scm.db.dirs is not configured. We recommend adding this setting. Falling back to ozone.metadata.dirs instead.
2019-07-31 00:42:06,987 WARN  events.EventQueue (EventQueue.java:fireEvent(175)) - No event handler registered for event TypedEvent{payloadType=SafeModeStatus, name='SafeModeStatus'}
2019-07-31 00:42:06,988 INFO  ipc.CallQueueManager (CallQueueManager.java:<init>(84)) - Using callQueue: class java.util.concurrent.LinkedBlockingQueue, queueCapacity: 2000, scheduler: class org.apache.hadoop.ipc.DefaultRpcScheduler, ipcBackoff: false.
2019-07-31 00:42:06,989 INFO  ipc.Server (Server.java:run(1074)) - Starting Socket Reader #1 for port 44802
2019-07-31 00:42:06,991 INFO  ipc.CallQueueManager (CallQueueManager.java:<init>(84)) - Using callQueue: class java.util.concurrent.LinkedBlockingQueue, queueCapacity: 2000, scheduler: class org.apache.hadoop.ipc.DefaultRpcScheduler, ipcBackoff: false.
2019-07-31 00:42:06,992 INFO  ipc.Server (Server.java:run(1074)) - Starting Socket Reader #1 for port 41086
2019-07-31 00:42:06,993 INFO  ipc.CallQueueManager (CallQueueManager.java:<init>(84)) - Using callQueue: class java.util.concurrent.LinkedBlockingQueue, queueCapacity: 2000, scheduler: class org.apache.hadoop.ipc.DefaultRpcScheduler, ipcBackoff: false.
2019-07-31 00:42:06,994 INFO  ipc.Server (Server.java:run(1074)) - Starting Socket Reader #1 for port 42138
2019-07-31 00:42:06,997 INFO  hdfs.DFSUtil (DFSUtil.java:httpServerTemplateForNNAndJN(1641)) - Starting Web-server for scm at: http://0.0.0.0:0
2019-07-31 00:42:07,000 INFO  server.AuthenticationFilter (AuthenticationFilter.java:constructSecretProvider(240)) - Unable to initialize FileSignerSecretProvider, falling back to use random secrets.
2019-07-31 00:42:07,001 WARN  http.HttpRequestLog (HttpRequestLog.java:getRequestLog(97)) - Jetty request log can only be enabled using Log4j
2019-07-31 00:42:07,003 INFO  http.HttpServer2 (HttpServer2.java:addGlobalFilter(975)) - Added global filter 'safety' (class=org.apache.hadoop.http.HttpServer2$QuotingInputFilter)
2019-07-31 00:42:07,003 INFO  http.HttpServer2 (HttpServer2.java:addFilter(948)) - Added filter static_user_filter (class=org.apache.hadoop.http.lib.StaticUserWebFilter$StaticUserFilter) to context scm
2019-07-31 00:42:07,004 INFO  http.HttpServer2 (HttpServer2.java:addFilter(958)) - Added filter static_user_filter (class=org.apache.hadoop.http.lib.StaticUserWebFilter$StaticUserFilter) to context logs
2019-07-31 00:42:07,004 INFO  http.HttpServer2 (HttpServer2.java:addFilter(958)) - Added filter static_user_filter (class=org.apache.hadoop.http.lib.StaticUserWebFilter$StaticUserFilter) to context static
2019-07-31 00:42:07,006 INFO  server.StorageContainerManager (StorageContainerManager.java:start(758)) - StorageContainerLocationProtocol RPC server is listening at /0.0.0.0:42138
2019-07-31 00:42:07,008 WARN  impl.MetricsConfig (MetricsConfig.java:loadFirst(134)) - Cannot locate configuration: tried hadoop-metrics2-storagecontainermanager.properties,hadoop-metrics2.properties
2019-07-31 00:42:07,009 INFO  impl.MetricsSystemImpl (MetricsSystemImpl.java:startTimer(374)) - Scheduled Metric snapshot period at 10 second(s).
2019-07-31 00:42:07,010 INFO  impl.MetricsSystemImpl (MetricsSystemImpl.java:start(191)) - StorageContainerManager metrics system started
2019-07-31 00:42:07,086 INFO  server.SCMClientProtocolServer (SCMClientProtocolServer.java:start(151)) - RPC server for Client  is listening at /0.0.0.0:42138
2019-07-31 00:42:07,086 INFO  ipc.Server (Server.java:run(1314)) - IPC Server Responder: starting
2019-07-31 00:42:07,086 INFO  ipc.Server (Server.java:run(1153)) - IPC Server listener on 42138: starting
2019-07-31 00:42:07,090 INFO  server.StorageContainerManager (StorageContainerManager.java:start(768)) - ScmBlockLocationProtocol RPC server is listening at /0.0.0.0:41086
2019-07-31 00:42:07,090 INFO  server.SCMBlockProtocolServer (SCMBlockProtocolServer.java:start(140)) - RPC server for Block Protocol is listening at /0.0.0.0:41086
2019-07-31 00:42:07,091 INFO  ipc.Server (Server.java:run(1314)) - IPC Server Responder: starting
2019-07-31 00:42:07,091 INFO  ipc.Server (Server.java:run(1153)) - IPC Server listener on 41086: starting
2019-07-31 00:42:07,095 INFO  server.StorageContainerManager (StorageContainerManager.java:start(772)) - ScmDatanodeProtocl RPC server is listening at /0.0.0.0:44802
2019-07-31 00:42:07,095 INFO  server.SCMDatanodeProtocolServer (SCMDatanodeProtocolServer.java:start(191)) - RPC server for DataNodes is listening at /0.0.0.0:44802
2019-07-31 00:42:07,095 INFO  ipc.Server (Server.java:run(1314)) - IPC Server Responder: starting
2019-07-31 00:42:07,095 INFO  ipc.Server (Server.java:run(1153)) - IPC Server listener on 44802: starting
2019-07-31 00:42:07,099 INFO  http.HttpServer2 (HttpServer2.java:bindListener(1191)) - Jetty bound to port 46280
2019-07-31 00:42:07,099 INFO  server.Server (Server.java:doStart(351)) - jetty-9.3.24.v20180605, build timestamp: 2018-06-05T17:11:56Z, git hash: 84205aa28f11a4f31f2a3b86d1bba2cc8ab69827
2019-07-31 00:42:07,101 INFO  handler.ContextHandler (ContextHandler.java:doStart(781)) - Started o.e.j.s.ServletContextHandler@76e4df53{/logs,file:///workdir/hadoop-ozone/integration-test/target/log,AVAILABLE}
2019-07-31 00:42:07,101 INFO  handler.ContextHandler (ContextHandler.java:doStart(781)) - Started o.e.j.s.ServletContextHandler@43069adf{/static,file:///workdir/hadoop-ozone/integration-test/target/test-classes/webapps/static,AVAILABLE}
2019-07-31 00:42:07,105 INFO  handler.ContextHandler (ContextHandler.java:doStart(781)) - Started o.e.j.w.WebAppContext@77c1a7ce{/,file:///workdir/hadoop-ozone/integration-test/target/test-classes/webapps/scm/,AVAILABLE}{/scm}
2019-07-31 00:42:07,105 INFO  server.AbstractConnector (AbstractConnector.java:doStart(278)) - Started ServerConnector@14a488ed{HTTP/1.1,[http/1.1]}{0.0.0.0:46280}
2019-07-31 00:42:07,105 INFO  server.Server (Server.java:doStart(419)) - Started @603770ms
2019-07-31 00:42:07,107 INFO  server.BaseHttpServer (BaseHttpServer.java:updateConnectorAddress(207)) - HTTP server of SCM is listening at http://0.0.0.0:46280
2019-07-31 00:42:07,107 WARN  server.ServerUtils (ServerUtils.java:getDBPath(222)) - ozone.om.db.dirs is not configured. We recommend adding this setting. Falling back to ozone.metadata.dirs instead.
2019-07-31 00:42:07,108 INFO  util.JvmPauseMonitor (JvmPauseMonitor.java:run(188)) - Starting JVM pause monitor
2019-07-31 00:42:07,122 WARN  server.ServerUtils (ServerUtils.java:getDBPath(222)) - ozone.om.db.dirs is not configured. We recommend adding this setting. Falling back to ozone.metadata.dirs instead.
2019-07-31 00:42:07,122 WARN  server.ServerUtils (ServerUtils.java:getDBPath(222)) - ozone.om.db.dirs is not configured. We recommend adding this setting. Falling back to ozone.metadata.dirs instead.
2019-07-31 00:42:07,122 INFO  om.OzoneManager (OzoneManager.java:setOMNodeDetails(644)) - OM Service ID is not set. Setting it to the default ID: omServiceIdDefault
2019-07-31 00:42:07,122 INFO  om.OzoneManager (OzoneManager.java:setOMNodeDetails(650)) - OM Node ID is not set. Setting it to the OmStorage's OmID: 31c44dd7-ce6a-4c3d-8ab9-c2796a40ea97
2019-07-31 00:42:07,123 INFO  om.OzoneManager (OzoneManager.java:loadOMHAConfigs(601)) - Found matching OM address with OMServiceId: null, OMNodeId: null, RPC Address: localhost:0 and Ratis port: 9872
2019-07-31 00:42:07,128 WARN  server.ServerUtils (ServerUtils.java:getDBPath(222)) - ozone.om.db.dirs is not configured. We recommend adding this setting. Falling back to ozone.metadata.dirs instead.
2019-07-31 00:42:07,128 INFO  db.DBStoreBuilder (DBStoreBuilder.java:addTable(110)) - using custom profile for table: userTable
2019-07-31 00:42:07,128 INFO  db.DBStoreBuilder (DBStoreBuilder.java:processTables(161)) - Using default column profile:DBProfile.DISK for Table:userTable
2019-07-31 00:42:07,128 INFO  db.DBStoreBuilder (DBStoreBuilder.java:addTable(110)) - using custom profile for table: volumeTable
2019-07-31 00:42:07,128 INFO  db.DBStoreBuilder (DBStoreBuilder.java:processTables(161)) - Using default column profile:DBProfile.DISK for Table:volumeTable
2019-07-31 00:42:07,129 INFO  db.DBStoreBuilder (DBStoreBuilder.java:addTable(110)) - using custom profile for table: bucketTable
2019-07-31 00:42:07,129 INFO  db.DBStoreBuilder (DBStoreBuilder.java:processTables(161)) - Using default column profile:DBProfile.DISK for Table:bucketTable
2019-07-31 00:42:07,129 INFO  db.DBStoreBuilder (DBStoreBuilder.java:addTable(110)) - using custom profile for table: keyTable
2019-07-31 00:42:07,129 INFO  db.DBStoreBuilder (DBStoreBuilder.java:processTables(161)) - Using default column profile:DBProfile.DISK for Table:keyTable
2019-07-31 00:42:07,129 INFO  db.DBStoreBuilder (DBStoreBuilder.java:addTable(110)) - using custom profile for table: deletedTable
2019-07-31 00:42:07,129 INFO  db.DBStoreBuilder (DBStoreBuilder.java:processTables(161)) - Using default column profile:DBProfile.DISK for Table:deletedTable
2019-07-31 00:42:07,130 INFO  db.DBStoreBuilder (DBStoreBuilder.java:addTable(110)) - using custom profile for table: openKeyTable
2019-07-31 00:42:07,130 INFO  db.DBStoreBuilder (DBStoreBuilder.java:processTables(161)) - Using default column profile:DBProfile.DISK for Table:openKeyTable
2019-07-31 00:42:07,130 INFO  db.DBStoreBuilder (DBStoreBuilder.java:addTable(110)) - using custom profile for table: s3Table
2019-07-31 00:42:07,130 INFO  db.DBStoreBuilder (DBStoreBuilder.java:processTables(161)) - Using default column profile:DBProfile.DISK for Table:s3Table
2019-07-31 00:42:07,130 INFO  db.DBStoreBuilder (DBStoreBuilder.java:addTable(110)) - using custom profile for table: multipartInfoTable
2019-07-31 00:42:07,130 INFO  db.DBStoreBuilder (DBStoreBuilder.java:processTables(161)) - Using default column profile:DBProfile.DISK for Table:multipartInfoTable
2019-07-31 00:42:07,131 INFO  db.DBStoreBuilder (DBStoreBuilder.java:addTable(110)) - using custom profile for table: dTokenTable
2019-07-31 00:42:07,131 INFO  db.DBStoreBuilder (DBStoreBuilder.java:processTables(161)) - Using default column profile:DBProfile.DISK for Table:dTokenTable
2019-07-31 00:42:07,131 INFO  db.DBStoreBuilder (DBStoreBuilder.java:addTable(110)) - using custom profile for table: s3SecretTable
2019-07-31 00:42:07,131 INFO  db.DBStoreBuilder (DBStoreBuilder.java:processTables(161)) - Using default column profile:DBProfile.DISK for Table:s3SecretTable
2019-07-31 00:42:07,131 INFO  db.DBStoreBuilder (DBStoreBuilder.java:addTable(110)) - using custom profile for table: prefixTable
2019-07-31 00:42:07,131 INFO  db.DBStoreBuilder (DBStoreBuilder.java:processTables(161)) - Using default column profile:DBProfile.DISK for Table:prefixTable
2019-07-31 00:42:07,132 INFO  db.DBStoreBuilder (DBStoreBuilder.java:addTable(110)) - using custom profile for table: default
2019-07-31 00:42:07,132 INFO  db.DBStoreBuilder (DBStoreBuilder.java:processTables(167)) - Using default column profile:DBProfile.DISK for Table:default
2019-07-31 00:42:07,132 INFO  db.DBStoreBuilder (DBStoreBuilder.java:getDbProfile(198)) - Using default options. DBProfile.DISK
2019-07-31 00:42:07,631 INFO  ipc.CallQueueManager (CallQueueManager.java:<init>(84)) - Using callQueue: class java.util.concurrent.LinkedBlockingQueue, queueCapacity: 2000, scheduler: class org.apache.hadoop.ipc.DefaultRpcScheduler, ipcBackoff: false.
2019-07-31 00:42:07,632 INFO  ipc.Server (Server.java:run(1074)) - Starting Socket Reader #1 for port 37305
2019-07-31 00:42:07,650 INFO  om.OzoneManager (OzoneManager.java:start(1255)) - OzoneManager RPC server is listening at localhost/127.0.0.1:37305
2019-07-31 00:42:07,650 INFO  impl.MetricsSystemImpl (MetricsSystemImpl.java:init(158)) - OzoneManager metrics system started (again)
2019-07-31 00:42:07,651 INFO  ipc.Server (Server.java:run(1314)) - IPC Server Responder: starting
2019-07-31 00:42:07,651 INFO  ipc.Server (Server.java:run(1153)) - IPC Server listener on 37305: starting
2019-07-31 00:42:07,658 INFO  hdfs.DFSUtil (DFSUtil.java:httpServerTemplateForNNAndJN(1641)) - Starting Web-server for ozoneManager at: http://0.0.0.0:0
2019-07-31 00:42:07,659 INFO  server.AuthenticationFilter (AuthenticationFilter.java:constructSecretProvider(240)) - Unable to initialize FileSignerSecretProvider, falling back to use random secrets.
2019-07-31 00:42:07,660 WARN  http.HttpRequestLog (HttpRequestLog.java:getRequestLog(97)) - Jetty request log can only be enabled using Log4j
2019-07-31 00:42:07,662 INFO  http.HttpServer2 (HttpServer2.java:addGlobalFilter(975)) - Added global filter 'safety' (class=org.apache.hadoop.http.HttpServer2$QuotingInputFilter)
2019-07-31 00:42:07,662 INFO  http.HttpServer2 (HttpServer2.java:addFilter(948)) - Added filter static_user_filter (class=org.apache.hadoop.http.lib.StaticUserWebFilter$StaticUserFilter) to context ozoneManager
2019-07-31 00:42:07,663 INFO  http.HttpServer2 (HttpServer2.java:addFilter(958)) - Added filter static_user_filter (class=org.apache.hadoop.http.lib.StaticUserWebFilter$StaticUserFilter) to context static
2019-07-31 00:42:07,663 INFO  http.HttpServer2 (HttpServer2.java:addFilter(958)) - Added filter static_user_filter (class=org.apache.hadoop.http.lib.StaticUserWebFilter$StaticUserFilter) to context logs
2019-07-31 00:42:07,664 INFO  http.HttpServer2 (HttpServer2.java:bindListener(1191)) - Jetty bound to port 40712
2019-07-31 00:42:07,664 INFO  server.Server (Server.java:doStart(351)) - jetty-9.3.24.v20180605, build timestamp: 2018-06-05T17:11:56Z, git hash: 84205aa28f11a4f31f2a3b86d1bba2cc8ab69827
2019-07-31 00:42:07,666 INFO  handler.ContextHandler (ContextHandler.java:doStart(781)) - Started o.e.j.s.ServletContextHandler@776b7fa2{/logs,file:///workdir/hadoop-ozone/integration-test/target/log,AVAILABLE}
2019-07-31 00:42:07,666 INFO  handler.ContextHandler (ContextHandler.java:doStart(781)) - Started o.e.j.s.ServletContextHandler@6d76aa05{/static,file:///workdir/hadoop-ozone/integration-test/target/test-classes/webapps/static,AVAILABLE}
2019-07-31 00:42:07,671 INFO  handler.ContextHandler (ContextHandler.java:doStart(781)) - Started o.e.j.w.WebAppContext@786de0a3{/,file:///workdir/hadoop-ozone/integration-test/target/test-classes/webapps/ozoneManager/,AVAILABLE}{/ozoneManager}
2019-07-31 00:42:07,672 INFO  server.AbstractConnector (AbstractConnector.java:doStart(278)) - Started ServerConnector@472dc215{HTTP/1.1,[http/1.1]}{0.0.0.0:40712}
2019-07-31 00:42:07,673 INFO  server.Server (Server.java:doStart(419)) - Started @604337ms
2019-07-31 00:42:07,674 INFO  server.BaseHttpServer (BaseHttpServer.java:updateConnectorAddress(207)) - HTTP server of OZONEMANAGER is listening at http://0.0.0.0:40712
2019-07-31 00:42:07,690 INFO  impl.MetricsSystemImpl (MetricsSystemImpl.java:init(158)) - HddsDatanode metrics system started (again)
2019-07-31 00:42:07,692 INFO  ozone.HddsDatanodeService (HddsDatanodeService.java:start(184)) - HddsDatanodeService host:byscane-nightly-8jrs9-2386324885 ip:192.168.69.114
2019-07-31 00:42:07,702 INFO  volume.HddsVolume (HddsVolume.java:<init>(176)) - Creating Volume: /workdir/hadoop-ozone/integration-test/target/test-dir/MiniOzoneClusterImpl-3651a17c-520d-479a-aff9-57061945e126/datanode-0/data/containers/hdds of  storage type : DISK and capacity : 52710309888
2019-07-31 00:42:07,702 INFO  volume.VolumeSet (VolumeSet.java:initializeVolumeSet(170)) - Added Volume : /workdir/hadoop-ozone/integration-test/target/test-dir/MiniOzoneClusterImpl-3651a17c-520d-479a-aff9-57061945e126/datanode-0/data/containers/hdds to VolumeSet
2019-07-31 00:42:07,702 INFO  volume.ThrottledAsyncChecker (ThrottledAsyncChecker.java:schedule(140)) - Scheduling a check for org.apache.hadoop.ozone.container.common.volume.HddsVolume@65a7bc80
2019-07-31 00:42:07,703 INFO  volume.HddsVolumeChecker (HddsVolumeChecker.java:checkAllVolumes(203)) - Scheduled health check for volume org.apache.hadoop.ozone.container.common.volume.HddsVolume@65a7bc80
2019-07-31 00:42:07,718 INFO  impl.RaftServerProxy (ConfUtils.java:logGet(43)) - raft.rpc.type = GRPC (default)
2019-07-31 00:42:07,718 INFO  grpc.GrpcFactory (GrpcFactory.java:checkPooledByteBufAllocatorUseCacheForAllThreads(45)) - PERFORMANCE WARNING: useCacheForAllThreads is true that may cause Netty to create a lot garbage objects and, as a result, trigger GC.
	It is recommended to disable useCacheForAllThreads by setting -Dorg.apache.ratis.thirdparty.io.netty.allocator.useCacheForAllThreads=false in command line.
2019-07-31 00:42:07,718 INFO  grpc.GrpcConfigKeys$Server (ConfUtils.java:logGet(43)) - raft.grpc.server.port = 0 (default)
2019-07-31 00:42:07,718 INFO  server.GrpcService (ConfUtils.java:logGet(43)) - raft.grpc.message.size.max = 33570816 (custom)
2019-07-31 00:42:07,719 INFO  server.RaftServerConfigKeys (ConfUtils.java:logGet(43)) - raft.server.log.appender.buffer.byte-limit = 33554432 (custom)
2019-07-31 00:42:07,719 INFO  server.GrpcService (ConfUtils.java:logGet(43)) - raft.grpc.flow.control.window = 1MB (=1048576) (default)
2019-07-31 00:42:07,719 INFO  server.RaftServerConfigKeys (ConfUtils.java:logGet(43)) - raft.server.rpc.request.timeout = 3000ms (default)
2019-07-31 00:42:07,720 INFO  server.RaftServerConfigKeys (ConfUtils.java:logGet(43)) - raft.server.storage.dir = [/workdir/hadoop-ozone/integration-test/target/test-dir/MiniOzoneClusterImpl-3651a17c-520d-479a-aff9-57061945e126/datanode-0/data/ratis] (custom)
2019-07-31 00:42:07,720 INFO  replication.SimpleContainerDownloader (SimpleContainerDownloader.java:<init>(72)) - Starting container downloader service to copy containers to replicate.
2019-07-31 00:42:07,721 INFO  hdfs.DFSUtil (DFSUtil.java:httpServerTemplateForNNAndJN(1641)) - Starting Web-server for hddsDatanode at: http://0.0.0.0:0
2019-07-31 00:42:07,723 INFO  server.AuthenticationFilter (AuthenticationFilter.java:constructSecretProvider(240)) - Unable to initialize FileSignerSecretProvider, falling back to use random secrets.
2019-07-31 00:42:07,723 WARN  http.HttpRequestLog (HttpRequestLog.java:getRequestLog(97)) - Jetty request log can only be enabled using Log4j
2019-07-31 00:42:07,724 INFO  http.HttpServer2 (HttpServer2.java:addGlobalFilter(975)) - Added global filter 'safety' (class=org.apache.hadoop.http.HttpServer2$QuotingInputFilter)
2019-07-31 00:42:07,725 INFO  http.HttpServer2 (HttpServer2.java:addFilter(948)) - Added filter static_user_filter (class=org.apache.hadoop.http.lib.StaticUserWebFilter$StaticUserFilter) to context hddsDatanode
2019-07-31 00:42:07,725 INFO  http.HttpServer2 (HttpServer2.java:addFilter(958)) - Added filter static_user_filter (class=org.apache.hadoop.http.lib.StaticUserWebFilter$StaticUserFilter) to context static
2019-07-31 00:42:07,725 INFO  http.HttpServer2 (HttpServer2.java:addFilter(958)) - Added filter static_user_filter (class=org.apache.hadoop.http.lib.StaticUserWebFilter$StaticUserFilter) to context logs
2019-07-31 00:42:07,726 INFO  http.HttpServer2 (HttpServer2.java:bindListener(1191)) - Jetty bound to port 44362
2019-07-31 00:42:07,726 INFO  server.Server (Server.java:doStart(351)) - jetty-9.3.24.v20180605, build timestamp: 2018-06-05T17:11:56Z, git hash: 84205aa28f11a4f31f2a3b86d1bba2cc8ab69827
2019-07-31 00:42:07,727 INFO  handler.ContextHandler (ContextHandler.java:doStart(781)) - Started o.e.j.s.ServletContextHandler@5b166420{/logs,file:///workdir/hadoop-ozone/integration-test/target/log,AVAILABLE}
2019-07-31 00:42:07,728 INFO  handler.ContextHandler (ContextHandler.java:doStart(781)) - Started o.e.j.s.ServletContextHandler@17adbecf{/static,jar:file:/home/user/.m2/repository/org/apache/hadoop/hadoop-hdds-container-service/0.4.1-SNAPSHOT/hadoop-hdds-container-service-0.4.1-SNAPSHOT.jar!/webapps/static,AVAILABLE}
2019-07-31 00:42:07,761 INFO  handler.ContextHandler (ContextHandler.java:doStart(781)) - Started o.e.j.w.WebAppContext@139da216{/,file:///tmp/jetty-0.0.0.0-44362-hddsDatanode-_-any-213580488879921218.dir/webapp/,AVAILABLE}{/hddsDatanode}
2019-07-31 00:42:07,761 INFO  server.AbstractConnector (AbstractConnector.java:doStart(278)) - Started ServerConnector@6a35cccf{HTTP/1.1,[http/1.1]}{0.0.0.0:44362}
2019-07-31 00:42:07,761 INFO  server.Server (Server.java:doStart(419)) - Started @604426ms
2019-07-31 00:42:07,763 INFO  server.BaseHttpServer (BaseHttpServer.java:updateConnectorAddress(207)) - HTTP server of HDDSDATANODE is listening at http://0.0.0.0:44362
2019-07-31 00:42:07,863 INFO  ozone.HddsDatanodeService (HddsDatanodeService.java:startPlugins(395)) - Started plug-in org.apache.hadoop.ozone.web.OzoneHddsDatanodeService@27aa0720
2019-07-31 00:42:07,864 INFO  impl.MetricsSystemImpl (MetricsSystemImpl.java:init(158)) - HddsDatanode metrics system started (again)
2019-07-31 00:42:07,866 INFO  ozone.HddsDatanodeService (HddsDatanodeService.java:start(184)) - HddsDatanodeService host:byscane-nightly-8jrs9-2386324885 ip:192.168.69.114
2019-07-31 00:42:07,866 INFO  util.JvmPauseMonitor (JvmPauseMonitor.java:run(188)) - Starting JVM pause monitor
2019-07-31 00:42:07,868 INFO  datanode.InitDatanodeState (InitDatanodeState.java:persistContainerDatanodeDetails(140)) - DatanodeDetails is persisted to /workdir/hadoop-ozone/integration-test/target/test-dir/MiniOzoneClusterImpl-3651a17c-520d-479a-aff9-57061945e126/datanode-0/meta/datanode.id
2019-07-31 00:42:07,875 INFO  volume.HddsVolume (HddsVolume.java:<init>(176)) - Creating Volume: /workdir/hadoop-ozone/integration-test/target/test-dir/MiniOzoneClusterImpl-3651a17c-520d-479a-aff9-57061945e126/datanode-1/data/containers/hdds of  storage type : DISK and capacity : 52710309888
2019-07-31 00:42:07,875 INFO  volume.VolumeSet (VolumeSet.java:initializeVolumeSet(170)) - Added Volume : /workdir/hadoop-ozone/integration-test/target/test-dir/MiniOzoneClusterImpl-3651a17c-520d-479a-aff9-57061945e126/datanode-1/data/containers/hdds to VolumeSet
2019-07-31 00:42:07,876 INFO  volume.ThrottledAsyncChecker (ThrottledAsyncChecker.java:schedule(140)) - Scheduling a check for org.apache.hadoop.ozone.container.common.volume.HddsVolume@35ffe3ac
2019-07-31 00:42:07,876 INFO  volume.HddsVolumeChecker (HddsVolumeChecker.java:checkAllVolumes(203)) - Scheduled health check for volume org.apache.hadoop.ozone.container.common.volume.HddsVolume@35ffe3ac
2019-07-31 00:42:07,888 INFO  impl.RaftServerProxy (ConfUtils.java:logGet(43)) - raft.rpc.type = GRPC (default)
2019-07-31 00:42:07,888 INFO  grpc.GrpcFactory (GrpcFactory.java:checkPooledByteBufAllocatorUseCacheForAllThreads(45)) - PERFORMANCE WARNING: useCacheForAllThreads is true that may cause Netty to create a lot garbage objects and, as a result, trigger GC.
	It is recommended to disable useCacheForAllThreads by setting -Dorg.apache.ratis.thirdparty.io.netty.allocator.useCacheForAllThreads=false in command line.
2019-07-31 00:42:07,888 INFO  grpc.GrpcConfigKeys$Server (ConfUtils.java:logGet(43)) - raft.grpc.server.port = 0 (default)
2019-07-31 00:42:07,888 INFO  server.GrpcService (ConfUtils.java:logGet(43)) - raft.grpc.message.size.max = 33570816 (custom)
2019-07-31 00:42:07,888 INFO  server.RaftServerConfigKeys (ConfUtils.java:logGet(43)) - raft.server.log.appender.buffer.byte-limit = 33554432 (custom)
2019-07-31 00:42:07,889 INFO  server.GrpcService (ConfUtils.java:logGet(43)) - raft.grpc.flow.control.window = 1MB (=1048576) (default)
2019-07-31 00:42:07,889 INFO  server.RaftServerConfigKeys (ConfUtils.java:logGet(43)) - raft.server.rpc.request.timeout = 3000ms (default)
2019-07-31 00:42:07,889 INFO  server.RaftServerConfigKeys (ConfUtils.java:logGet(43)) - raft.server.storage.dir = [/workdir/hadoop-ozone/integration-test/target/test-dir/MiniOzoneClusterImpl-3651a17c-520d-479a-aff9-57061945e126/datanode-1/data/ratis] (custom)
2019-07-31 00:42:07,890 INFO  replication.SimpleContainerDownloader (SimpleContainerDownloader.java:<init>(72)) - Starting container downloader service to copy containers to replicate.
2019-07-31 00:42:07,891 INFO  hdfs.DFSUtil (DFSUtil.java:httpServerTemplateForNNAndJN(1641)) - Starting Web-server for hddsDatanode at: http://0.0.0.0:0
2019-07-31 00:42:07,892 INFO  server.AuthenticationFilter (AuthenticationFilter.java:constructSecretProvider(240)) - Unable to initialize FileSignerSecretProvider, falling back to use random secrets.
2019-07-31 00:42:07,892 WARN  http.HttpRequestLog (HttpRequestLog.java:getRequestLog(97)) - Jetty request log can only be enabled using Log4j
2019-07-31 00:42:07,894 INFO  http.HttpServer2 (HttpServer2.java:addGlobalFilter(975)) - Added global filter 'safety' (class=org.apache.hadoop.http.HttpServer2$QuotingInputFilter)
2019-07-31 00:42:07,894 INFO  http.HttpServer2 (HttpServer2.java:addFilter(948)) - Added filter static_user_filter (class=org.apache.hadoop.http.lib.StaticUserWebFilter$StaticUserFilter) to context hddsDatanode
2019-07-31 00:42:07,894 INFO  http.HttpServer2 (HttpServer2.java:addFilter(958)) - Added filter static_user_filter (class=org.apache.hadoop.http.lib.StaticUserWebFilter$StaticUserFilter) to context static
2019-07-31 00:42:07,894 INFO  http.HttpServer2 (HttpServer2.java:addFilter(958)) - Added filter static_user_filter (class=org.apache.hadoop.http.lib.StaticUserWebFilter$StaticUserFilter) to context logs
2019-07-31 00:42:07,895 INFO  http.HttpServer2 (HttpServer2.java:bindListener(1191)) - Jetty bound to port 45331
2019-07-31 00:42:07,895 INFO  server.Server (Server.java:doStart(351)) - jetty-9.3.24.v20180605, build timestamp: 2018-06-05T17:11:56Z, git hash: 84205aa28f11a4f31f2a3b86d1bba2cc8ab69827
2019-07-31 00:42:07,896 INFO  handler.ContextHandler (ContextHandler.java:doStart(781)) - Started o.e.j.s.ServletContextHandler@5f4f198c{/logs,file:///workdir/hadoop-ozone/integration-test/target/log,AVAILABLE}
2019-07-31 00:42:07,896 INFO  handler.ContextHandler (ContextHandler.java:doStart(781)) - Started o.e.j.s.ServletContextHandler@7b6e196e{/static,jar:file:/home/user/.m2/repository/org/apache/hadoop/hadoop-hdds-container-service/0.4.1-SNAPSHOT/hadoop-hdds-container-service-0.4.1-SNAPSHOT.jar!/webapps/static,AVAILABLE}
2019-07-31 00:42:07,923 INFO  handler.ContextHandler (ContextHandler.java:doStart(781)) - Started o.e.j.w.WebAppContext@6101fd7d{/,file:///tmp/jetty-0.0.0.0-45331-hddsDatanode-_-any-5663410077013343322.dir/webapp/,AVAILABLE}{/hddsDatanode}
2019-07-31 00:42:07,923 INFO  server.AbstractConnector (AbstractConnector.java:doStart(278)) - Started ServerConnector@b22bebc{HTTP/1.1,[http/1.1]}{0.0.0.0:45331}
2019-07-31 00:42:07,924 INFO  server.Server (Server.java:doStart(419)) - Started @604588ms
2019-07-31 00:42:07,925 INFO  server.BaseHttpServer (BaseHttpServer.java:updateConnectorAddress(207)) - HTTP server of HDDSDATANODE is listening at http://0.0.0.0:45331
2019-07-31 00:42:08,135 INFO  ozone.HddsDatanodeService (HddsDatanodeService.java:startPlugins(395)) - Started plug-in org.apache.hadoop.ozone.web.OzoneHddsDatanodeService@533165e7
2019-07-31 00:42:08,135 INFO  impl.MetricsSystemImpl (MetricsSystemImpl.java:init(158)) - HddsDatanode metrics system started (again)
2019-07-31 00:42:08,138 INFO  util.JvmPauseMonitor (JvmPauseMonitor.java:run(188)) - Starting JVM pause monitor
2019-07-31 00:42:08,138 INFO  ozone.HddsDatanodeService (HddsDatanodeService.java:start(184)) - HddsDatanodeService host:byscane-nightly-8jrs9-2386324885 ip:192.168.69.114
2019-07-31 00:42:08,139 INFO  datanode.InitDatanodeState (InitDatanodeState.java:persistContainerDatanodeDetails(140)) - DatanodeDetails is persisted to /workdir/hadoop-ozone/integration-test/target/test-dir/MiniOzoneClusterImpl-3651a17c-520d-479a-aff9-57061945e126/datanode-1/meta/datanode.id
2019-07-31 00:42:08,148 INFO  volume.HddsVolume (HddsVolume.java:<init>(176)) - Creating Volume: /workdir/hadoop-ozone/integration-test/target/test-dir/MiniOzoneClusterImpl-3651a17c-520d-479a-aff9-57061945e126/datanode-2/data/containers/hdds of  storage type : DISK and capacity : 52710309888
2019-07-31 00:42:08,149 INFO  volume.VolumeSet (VolumeSet.java:initializeVolumeSet(170)) - Added Volume : /workdir/hadoop-ozone/integration-test/target/test-dir/MiniOzoneClusterImpl-3651a17c-520d-479a-aff9-57061945e126/datanode-2/data/containers/hdds to VolumeSet
2019-07-31 00:42:08,149 INFO  volume.ThrottledAsyncChecker (ThrottledAsyncChecker.java:schedule(140)) - Scheduling a check for org.apache.hadoop.ozone.container.common.volume.HddsVolume@4a2bc71f
2019-07-31 00:42:08,150 INFO  volume.HddsVolumeChecker (HddsVolumeChecker.java:checkAllVolumes(203)) - Scheduled health check for volume org.apache.hadoop.ozone.container.common.volume.HddsVolume@4a2bc71f
2019-07-31 00:42:08,164 INFO  impl.RaftServerProxy (ConfUtils.java:logGet(43)) - raft.rpc.type = GRPC (default)
2019-07-31 00:42:08,164 INFO  grpc.GrpcFactory (GrpcFactory.java:checkPooledByteBufAllocatorUseCacheForAllThreads(45)) - PERFORMANCE WARNING: useCacheForAllThreads is true that may cause Netty to create a lot garbage objects and, as a result, trigger GC.
	It is recommended to disable useCacheForAllThreads by setting -Dorg.apache.ratis.thirdparty.io.netty.allocator.useCacheForAllThreads=false in command line.
2019-07-31 00:42:08,165 INFO  grpc.GrpcConfigKeys$Server (ConfUtils.java:logGet(43)) - raft.grpc.server.port = 0 (default)
2019-07-31 00:42:08,165 INFO  server.GrpcService (ConfUtils.java:logGet(43)) - raft.grpc.message.size.max = 33570816 (custom)
2019-07-31 00:42:08,165 INFO  server.RaftServerConfigKeys (ConfUtils.java:logGet(43)) - raft.server.log.appender.buffer.byte-limit = 33554432 (custom)
2019-07-31 00:42:08,165 INFO  server.GrpcService (ConfUtils.java:logGet(43)) - raft.grpc.flow.control.window = 1MB (=1048576) (default)
2019-07-31 00:42:08,165 INFO  server.RaftServerConfigKeys (ConfUtils.java:logGet(43)) - raft.server.rpc.request.timeout = 3000ms (default)
2019-07-31 00:42:08,166 INFO  server.RaftServerConfigKeys (ConfUtils.java:logGet(43)) - raft.server.storage.dir = [/workdir/hadoop-ozone/integration-test/target/test-dir/MiniOzoneClusterImpl-3651a17c-520d-479a-aff9-57061945e126/datanode-2/data/ratis] (custom)
2019-07-31 00:42:08,166 INFO  replication.SimpleContainerDownloader (SimpleContainerDownloader.java:<init>(72)) - Starting container downloader service to copy containers to replicate.
2019-07-31 00:42:08,167 INFO  hdfs.DFSUtil (DFSUtil.java:httpServerTemplateForNNAndJN(1641)) - Starting Web-server for hddsDatanode at: http://0.0.0.0:0
2019-07-31 00:42:08,169 INFO  server.AuthenticationFilter (AuthenticationFilter.java:constructSecretProvider(240)) - Unable to initialize FileSignerSecretProvider, falling back to use random secrets.
2019-07-31 00:42:08,169 WARN  http.HttpRequestLog (HttpRequestLog.java:getRequestLog(97)) - Jetty request log can only be enabled using Log4j
2019-07-31 00:42:08,171 INFO  http.HttpServer2 (HttpServer2.java:addGlobalFilter(975)) - Added global filter 'safety' (class=org.apache.hadoop.http.HttpServer2$QuotingInputFilter)
2019-07-31 00:42:08,171 INFO  http.HttpServer2 (HttpServer2.java:addFilter(948)) - Added filter static_user_filter (class=org.apache.hadoop.http.lib.StaticUserWebFilter$StaticUserFilter) to context hddsDatanode
2019-07-31 00:42:08,171 INFO  http.HttpServer2 (HttpServer2.java:addFilter(958)) - Added filter static_user_filter (class=org.apache.hadoop.http.lib.StaticUserWebFilter$StaticUserFilter) to context static
2019-07-31 00:42:08,172 INFO  http.HttpServer2 (HttpServer2.java:addFilter(958)) - Added filter static_user_filter (class=org.apache.hadoop.http.lib.StaticUserWebFilter$StaticUserFilter) to context logs
2019-07-31 00:42:08,172 INFO  http.HttpServer2 (HttpServer2.java:bindListener(1191)) - Jetty bound to port 43598
2019-07-31 00:42:08,172 INFO  server.Server (Server.java:doStart(351)) - jetty-9.3.24.v20180605, build timestamp: 2018-06-05T17:11:56Z, git hash: 84205aa28f11a4f31f2a3b86d1bba2cc8ab69827
2019-07-31 00:42:08,174 INFO  handler.ContextHandler (ContextHandler.java:doStart(781)) - Started o.e.j.s.ServletContextHandler@5ca896af{/logs,file:///workdir/hadoop-ozone/integration-test/target/log,AVAILABLE}
2019-07-31 00:42:08,174 INFO  handler.ContextHandler (ContextHandler.java:doStart(781)) - Started o.e.j.s.ServletContextHandler@324ee3ca{/static,jar:file:/home/user/.m2/repository/org/apache/hadoop/hadoop-hdds-container-service/0.4.1-SNAPSHOT/hadoop-hdds-container-service-0.4.1-SNAPSHOT.jar!/webapps/static,AVAILABLE}
2019-07-31 00:42:08,204 INFO  handler.ContextHandler (ContextHandler.java:doStart(781)) - Started o.e.j.w.WebAppContext@2122b4bd{/,file:///tmp/jetty-0.0.0.0-43598-hddsDatanode-_-any-5583943886130073943.dir/webapp/,AVAILABLE}{/hddsDatanode}
2019-07-31 00:42:08,204 INFO  server.AbstractConnector (AbstractConnector.java:doStart(278)) - Started ServerConnector@5dd79a57{HTTP/1.1,[http/1.1]}{0.0.0.0:43598}
2019-07-31 00:42:08,205 INFO  server.Server (Server.java:doStart(419)) - Started @604870ms
2019-07-31 00:42:08,206 INFO  server.BaseHttpServer (BaseHttpServer.java:updateConnectorAddress(207)) - HTTP server of HDDSDATANODE is listening at http://0.0.0.0:43598
2019-07-31 00:42:08,304 INFO  ozone.HddsDatanodeService (HddsDatanodeService.java:startPlugins(395)) - Started plug-in org.apache.hadoop.ozone.web.OzoneHddsDatanodeService@6f5df147
2019-07-31 00:42:08,305 INFO  impl.MetricsSystemImpl (MetricsSystemImpl.java:init(158)) - HddsDatanode metrics system started (again)
2019-07-31 00:42:08,307 INFO  util.JvmPauseMonitor (JvmPauseMonitor.java:run(188)) - Starting JVM pause monitor
2019-07-31 00:42:08,307 INFO  ozone.HddsDatanodeService (HddsDatanodeService.java:start(184)) - HddsDatanodeService host:byscane-nightly-8jrs9-2386324885 ip:192.168.69.114
2019-07-31 00:42:08,309 INFO  datanode.InitDatanodeState (InitDatanodeState.java:persistContainerDatanodeDetails(140)) - DatanodeDetails is persisted to /workdir/hadoop-ozone/integration-test/target/test-dir/MiniOzoneClusterImpl-3651a17c-520d-479a-aff9-57061945e126/datanode-2/meta/datanode.id
2019-07-31 00:42:08,316 INFO  volume.HddsVolume (HddsVolume.java:<init>(176)) - Creating Volume: /workdir/hadoop-ozone/integration-test/target/test-dir/MiniOzoneClusterImpl-3651a17c-520d-479a-aff9-57061945e126/datanode-3/data/containers/hdds of  storage type : DISK and capacity : 52710309888
2019-07-31 00:42:08,316 INFO  volume.VolumeSet (VolumeSet.java:initializeVolumeSet(170)) - Added Volume : /workdir/hadoop-ozone/integration-test/target/test-dir/MiniOzoneClusterImpl-3651a17c-520d-479a-aff9-57061945e126/datanode-3/data/containers/hdds to VolumeSet
2019-07-31 00:42:08,317 INFO  volume.ThrottledAsyncChecker (ThrottledAsyncChecker.java:schedule(140)) - Scheduling a check for org.apache.hadoop.ozone.container.common.volume.HddsVolume@92fa950
2019-07-31 00:42:08,317 INFO  volume.HddsVolumeChecker (HddsVolumeChecker.java:checkAllVolumes(203)) - Scheduled health check for volume org.apache.hadoop.ozone.container.common.volume.HddsVolume@92fa950
2019-07-31 00:42:08,329 INFO  impl.RaftServerProxy (ConfUtils.java:logGet(43)) - raft.rpc.type = GRPC (default)
2019-07-31 00:42:08,329 INFO  grpc.GrpcFactory (GrpcFactory.java:checkPooledByteBufAllocatorUseCacheForAllThreads(45)) - PERFORMANCE WARNING: useCacheForAllThreads is true that may cause Netty to create a lot garbage objects and, as a result, trigger GC.
	It is recommended to disable useCacheForAllThreads by setting -Dorg.apache.ratis.thirdparty.io.netty.allocator.useCacheForAllThreads=false in command line.
2019-07-31 00:42:08,330 INFO  grpc.GrpcConfigKeys$Server (ConfUtils.java:logGet(43)) - raft.grpc.server.port = 0 (default)
2019-07-31 00:42:08,330 INFO  server.GrpcService (ConfUtils.java:logGet(43)) - raft.grpc.message.size.max = 33570816 (custom)
2019-07-31 00:42:08,330 INFO  server.RaftServerConfigKeys (ConfUtils.java:logGet(43)) - raft.server.log.appender.buffer.byte-limit = 33554432 (custom)
2019-07-31 00:42:08,330 INFO  server.GrpcService (ConfUtils.java:logGet(43)) - raft.grpc.flow.control.window = 1MB (=1048576) (default)
2019-07-31 00:42:08,330 INFO  server.RaftServerConfigKeys (ConfUtils.java:logGet(43)) - raft.server.rpc.request.timeout = 3000ms (default)
2019-07-31 00:42:08,331 INFO  server.RaftServerConfigKeys (ConfUtils.java:logGet(43)) - raft.server.storage.dir = [/workdir/hadoop-ozone/integration-test/target/test-dir/MiniOzoneClusterImpl-3651a17c-520d-479a-aff9-57061945e126/datanode-3/data/ratis] (custom)
2019-07-31 00:42:08,331 INFO  replication.SimpleContainerDownloader (SimpleContainerDownloader.java:<init>(72)) - Starting container downloader service to copy containers to replicate.
2019-07-31 00:42:08,332 INFO  hdfs.DFSUtil (DFSUtil.java:httpServerTemplateForNNAndJN(1641)) - Starting Web-server for hddsDatanode at: http://0.0.0.0:0
2019-07-31 00:42:08,333 INFO  server.AuthenticationFilter (AuthenticationFilter.java:constructSecretProvider(240)) - Unable to initialize FileSignerSecretProvider, falling back to use random secrets.
2019-07-31 00:42:08,333 WARN  http.HttpRequestLog (HttpRequestLog.java:getRequestLog(97)) - Jetty request log can only be enabled using Log4j
2019-07-31 00:42:08,334 INFO  http.HttpServer2 (HttpServer2.java:addGlobalFilter(975)) - Added global filter 'safety' (class=org.apache.hadoop.http.HttpServer2$QuotingInputFilter)
2019-07-31 00:42:08,335 INFO  http.HttpServer2 (HttpServer2.java:addFilter(948)) - Added filter static_user_filter (class=org.apache.hadoop.http.lib.StaticUserWebFilter$StaticUserFilter) to context hddsDatanode
2019-07-31 00:42:08,335 INFO  http.HttpServer2 (HttpServer2.java:addFilter(958)) - Added filter static_user_filter (class=org.apache.hadoop.http.lib.StaticUserWebFilter$StaticUserFilter) to context static
2019-07-31 00:42:08,335 INFO  http.HttpServer2 (HttpServer2.java:addFilter(958)) - Added filter static_user_filter (class=org.apache.hadoop.http.lib.StaticUserWebFilter$StaticUserFilter) to context logs
2019-07-31 00:42:08,335 INFO  http.HttpServer2 (HttpServer2.java:bindListener(1191)) - Jetty bound to port 46394
2019-07-31 00:42:08,336 INFO  server.Server (Server.java:doStart(351)) - jetty-9.3.24.v20180605, build timestamp: 2018-06-05T17:11:56Z, git hash: 84205aa28f11a4f31f2a3b86d1bba2cc8ab69827
2019-07-31 00:42:08,337 INFO  handler.ContextHandler (ContextHandler.java:doStart(781)) - Started o.e.j.s.ServletContextHandler@19cad9f0{/logs,file:///workdir/hadoop-ozone/integration-test/target/log,AVAILABLE}
2019-07-31 00:42:08,337 INFO  handler.ContextHandler (ContextHandler.java:doStart(781)) - Started o.e.j.s.ServletContextHandler@3681c285{/static,jar:file:/home/user/.m2/repository/org/apache/hadoop/hadoop-hdds-container-service/0.4.1-SNAPSHOT/hadoop-hdds-container-service-0.4.1-SNAPSHOT.jar!/webapps/static,AVAILABLE}
2019-07-31 00:42:08,363 INFO  handler.ContextHandler (ContextHandler.java:doStart(781)) - Started o.e.j.w.WebAppContext@3df496d9{/,file:///tmp/jetty-0.0.0.0-46394-hddsDatanode-_-any-1794280072279717412.dir/webapp/,AVAILABLE}{/hddsDatanode}
2019-07-31 00:42:08,363 INFO  server.AbstractConnector (AbstractConnector.java:doStart(278)) - Started ServerConnector@13e12ab6{HTTP/1.1,[http/1.1]}{0.0.0.0:46394}
2019-07-31 00:42:08,365 INFO  server.Server (Server.java:doStart(419)) - Started @605029ms
2019-07-31 00:42:08,365 INFO  server.BaseHttpServer (BaseHttpServer.java:updateConnectorAddress(207)) - HTTP server of HDDSDATANODE is listening at http://0.0.0.0:46394
2019-07-31 00:42:08,460 INFO  ozone.HddsDatanodeService (HddsDatanodeService.java:startPlugins(395)) - Started plug-in org.apache.hadoop.ozone.web.OzoneHddsDatanodeService@2a5917f6
2019-07-31 00:42:08,460 INFO  impl.MetricsSystemImpl (MetricsSystemImpl.java:init(158)) - HddsDatanode metrics system started (again)
2019-07-31 00:42:08,463 INFO  ozone.HddsDatanodeService (HddsDatanodeService.java:start(184)) - HddsDatanodeService host:byscane-nightly-8jrs9-2386324885 ip:192.168.69.114
2019-07-31 00:42:08,463 INFO  util.JvmPauseMonitor (JvmPauseMonitor.java:run(188)) - Starting JVM pause monitor
2019-07-31 00:42:08,464 INFO  datanode.InitDatanodeState (InitDatanodeState.java:persistContainerDatanodeDetails(140)) - DatanodeDetails is persisted to /workdir/hadoop-ozone/integration-test/target/test-dir/MiniOzoneClusterImpl-3651a17c-520d-479a-aff9-57061945e126/datanode-3/meta/datanode.id
2019-07-31 00:42:08,473 INFO  volume.HddsVolume (HddsVolume.java:<init>(176)) - Creating Volume: /workdir/hadoop-ozone/integration-test/target/test-dir/MiniOzoneClusterImpl-3651a17c-520d-479a-aff9-57061945e126/datanode-4/data/containers/hdds of  storage type : DISK and capacity : 52710309888
2019-07-31 00:42:08,473 INFO  volume.VolumeSet (VolumeSet.java:initializeVolumeSet(170)) - Added Volume : /workdir/hadoop-ozone/integration-test/target/test-dir/MiniOzoneClusterImpl-3651a17c-520d-479a-aff9-57061945e126/datanode-4/data/containers/hdds to VolumeSet
2019-07-31 00:42:08,473 INFO  volume.ThrottledAsyncChecker (ThrottledAsyncChecker.java:schedule(140)) - Scheduling a check for org.apache.hadoop.ozone.container.common.volume.HddsVolume@2d036335
2019-07-31 00:42:08,474 INFO  volume.HddsVolumeChecker (HddsVolumeChecker.java:checkAllVolumes(203)) - Scheduled health check for volume org.apache.hadoop.ozone.container.common.volume.HddsVolume@2d036335
2019-07-31 00:42:08,486 INFO  impl.RaftServerProxy (ConfUtils.java:logGet(43)) - raft.rpc.type = GRPC (default)
2019-07-31 00:42:08,487 INFO  grpc.GrpcFactory (GrpcFactory.java:checkPooledByteBufAllocatorUseCacheForAllThreads(45)) - PERFORMANCE WARNING: useCacheForAllThreads is true that may cause Netty to create a lot garbage objects and, as a result, trigger GC.
	It is recommended to disable useCacheForAllThreads by setting -Dorg.apache.ratis.thirdparty.io.netty.allocator.useCacheForAllThreads=false in command line.
2019-07-31 00:42:08,487 INFO  grpc.GrpcConfigKeys$Server (ConfUtils.java:logGet(43)) - raft.grpc.server.port = 0 (default)
2019-07-31 00:42:08,487 INFO  server.GrpcService (ConfUtils.java:logGet(43)) - raft.grpc.message.size.max = 33570816 (custom)
2019-07-31 00:42:08,487 INFO  server.RaftServerConfigKeys (ConfUtils.java:logGet(43)) - raft.server.log.appender.buffer.byte-limit = 33554432 (custom)
2019-07-31 00:42:08,487 INFO  server.GrpcService (ConfUtils.java:logGet(43)) - raft.grpc.flow.control.window = 1MB (=1048576) (default)
2019-07-31 00:42:08,487 INFO  server.RaftServerConfigKeys (ConfUtils.java:logGet(43)) - raft.server.rpc.request.timeout = 3000ms (default)
2019-07-31 00:42:08,488 INFO  server.RaftServerConfigKeys (ConfUtils.java:logGet(43)) - raft.server.storage.dir = [/workdir/hadoop-ozone/integration-test/target/test-dir/MiniOzoneClusterImpl-3651a17c-520d-479a-aff9-57061945e126/datanode-4/data/ratis] (custom)
2019-07-31 00:42:08,488 INFO  replication.SimpleContainerDownloader (SimpleContainerDownloader.java:<init>(72)) - Starting container downloader service to copy containers to replicate.
2019-07-31 00:42:08,489 INFO  hdfs.DFSUtil (DFSUtil.java:httpServerTemplateForNNAndJN(1641)) - Starting Web-server for hddsDatanode at: http://0.0.0.0:0
2019-07-31 00:42:08,490 INFO  server.AuthenticationFilter (AuthenticationFilter.java:constructSecretProvider(240)) - Unable to initialize FileSignerSecretProvider, falling back to use random secrets.
2019-07-31 00:42:08,490 WARN  http.HttpRequestLog (HttpRequestLog.java:getRequestLog(97)) - Jetty request log can only be enabled using Log4j
2019-07-31 00:42:08,491 INFO  http.HttpServer2 (HttpServer2.java:addGlobalFilter(975)) - Added global filter 'safety' (class=org.apache.hadoop.http.HttpServer2$QuotingInputFilter)
2019-07-31 00:42:08,492 INFO  http.HttpServer2 (HttpServer2.java:addFilter(948)) - Added filter static_user_filter (class=org.apache.hadoop.http.lib.StaticUserWebFilter$StaticUserFilter) to context hddsDatanode
2019-07-31 00:42:08,492 INFO  http.HttpServer2 (HttpServer2.java:addFilter(958)) - Added filter static_user_filter (class=org.apache.hadoop.http.lib.StaticUserWebFilter$StaticUserFilter) to context logs
2019-07-31 00:42:08,492 INFO  http.HttpServer2 (HttpServer2.java:addFilter(958)) - Added filter static_user_filter (class=org.apache.hadoop.http.lib.StaticUserWebFilter$StaticUserFilter) to context static
2019-07-31 00:42:08,493 INFO  http.HttpServer2 (HttpServer2.java:bindListener(1191)) - Jetty bound to port 45297
2019-07-31 00:42:08,493 INFO  server.Server (Server.java:doStart(351)) - jetty-9.3.24.v20180605, build timestamp: 2018-06-05T17:11:56Z, git hash: 84205aa28f11a4f31f2a3b86d1bba2cc8ab69827
2019-07-31 00:42:08,494 INFO  handler.ContextHandler (ContextHandler.java:doStart(781)) - Started o.e.j.s.ServletContextHandler@f1e8753{/logs,file:///workdir/hadoop-ozone/integration-test/target/log,AVAILABLE}
2019-07-31 00:42:08,494 INFO  handler.ContextHandler (ContextHandler.java:doStart(781)) - Started o.e.j.s.ServletContextHandler@1ed763aa{/static,jar:file:/home/user/.m2/repository/org/apache/hadoop/hadoop-hdds-container-service/0.4.1-SNAPSHOT/hadoop-hdds-container-service-0.4.1-SNAPSHOT.jar!/webapps/static,AVAILABLE}
2019-07-31 00:42:08,520 INFO  handler.ContextHandler (ContextHandler.java:doStart(781)) - Started o.e.j.w.WebAppContext@1e11d73c{/,file:///tmp/jetty-0.0.0.0-45297-hddsDatanode-_-any-7227305857529291478.dir/webapp/,AVAILABLE}{/hddsDatanode}
2019-07-31 00:42:08,521 INFO  server.AbstractConnector (AbstractConnector.java:doStart(278)) - Started ServerConnector@62a09668{HTTP/1.1,[http/1.1]}{0.0.0.0:45297}
2019-07-31 00:42:08,521 INFO  server.Server (Server.java:doStart(419)) - Started @605185ms
2019-07-31 00:42:08,523 INFO  server.BaseHttpServer (BaseHttpServer.java:updateConnectorAddress(207)) - HTTP server of HDDSDATANODE is listening at http://0.0.0.0:45297
2019-07-31 00:42:08,627 INFO  ozone.HddsDatanodeService (HddsDatanodeService.java:startPlugins(395)) - Started plug-in org.apache.hadoop.ozone.web.OzoneHddsDatanodeService@3edb09b9
2019-07-31 00:42:08,627 INFO  impl.MetricsSystemImpl (MetricsSystemImpl.java:init(158)) - HddsDatanode metrics system started (again)
2019-07-31 00:42:08,630 INFO  ozone.HddsDatanodeService (HddsDatanodeService.java:start(184)) - HddsDatanodeService host:byscane-nightly-8jrs9-2386324885 ip:192.168.69.114
2019-07-31 00:42:08,630 INFO  util.JvmPauseMonitor (JvmPauseMonitor.java:run(188)) - Starting JVM pause monitor
2019-07-31 00:42:08,632 INFO  datanode.InitDatanodeState (InitDatanodeState.java:persistContainerDatanodeDetails(140)) - DatanodeDetails is persisted to /workdir/hadoop-ozone/integration-test/target/test-dir/MiniOzoneClusterImpl-3651a17c-520d-479a-aff9-57061945e126/datanode-4/meta/datanode.id
2019-07-31 00:42:08,642 INFO  volume.HddsVolume (HddsVolume.java:<init>(176)) - Creating Volume: /workdir/hadoop-ozone/integration-test/target/test-dir/MiniOzoneClusterImpl-3651a17c-520d-479a-aff9-57061945e126/datanode-5/data/containers/hdds of  storage type : DISK and capacity : 52710309888
2019-07-31 00:42:08,642 INFO  volume.VolumeSet (VolumeSet.java:initializeVolumeSet(170)) - Added Volume : /workdir/hadoop-ozone/integration-test/target/test-dir/MiniOzoneClusterImpl-3651a17c-520d-479a-aff9-57061945e126/datanode-5/data/containers/hdds to VolumeSet
2019-07-31 00:42:08,643 INFO  volume.ThrottledAsyncChecker (ThrottledAsyncChecker.java:schedule(140)) - Scheduling a check for org.apache.hadoop.ozone.container.common.volume.HddsVolume@30fba306
2019-07-31 00:42:08,643 INFO  volume.HddsVolumeChecker (HddsVolumeChecker.java:checkAllVolumes(203)) - Scheduled health check for volume org.apache.hadoop.ozone.container.common.volume.HddsVolume@30fba306
2019-07-31 00:42:08,662 INFO  impl.RaftServerProxy (ConfUtils.java:logGet(43)) - raft.rpc.type = GRPC (default)
2019-07-31 00:42:08,662 INFO  grpc.GrpcFactory (GrpcFactory.java:checkPooledByteBufAllocatorUseCacheForAllThreads(45)) - PERFORMANCE WARNING: useCacheForAllThreads is true that may cause Netty to create a lot garbage objects and, as a result, trigger GC.
	It is recommended to disable useCacheForAllThreads by setting -Dorg.apache.ratis.thirdparty.io.netty.allocator.useCacheForAllThreads=false in command line.
2019-07-31 00:42:08,662 INFO  grpc.GrpcConfigKeys$Server (ConfUtils.java:logGet(43)) - raft.grpc.server.port = 0 (default)
2019-07-31 00:42:08,663 INFO  server.GrpcService (ConfUtils.java:logGet(43)) - raft.grpc.message.size.max = 33570816 (custom)
2019-07-31 00:42:08,663 INFO  server.RaftServerConfigKeys (ConfUtils.java:logGet(43)) - raft.server.log.appender.buffer.byte-limit = 33554432 (custom)
2019-07-31 00:42:08,663 INFO  server.GrpcService (ConfUtils.java:logGet(43)) - raft.grpc.flow.control.window = 1MB (=1048576) (default)
2019-07-31 00:42:08,663 INFO  server.RaftServerConfigKeys (ConfUtils.java:logGet(43)) - raft.server.rpc.request.timeout = 3000ms (default)
2019-07-31 00:42:08,664 INFO  server.RaftServerConfigKeys (ConfUtils.java:logGet(43)) - raft.server.storage.dir = [/workdir/hadoop-ozone/integration-test/target/test-dir/MiniOzoneClusterImpl-3651a17c-520d-479a-aff9-57061945e126/datanode-5/data/ratis] (custom)
2019-07-31 00:42:08,664 INFO  replication.SimpleContainerDownloader (SimpleContainerDownloader.java:<init>(72)) - Starting container downloader service to copy containers to replicate.
2019-07-31 00:42:08,665 INFO  hdfs.DFSUtil (DFSUtil.java:httpServerTemplateForNNAndJN(1641)) - Starting Web-server for hddsDatanode at: http://0.0.0.0:0
2019-07-31 00:42:08,666 INFO  server.AuthenticationFilter (AuthenticationFilter.java:constructSecretProvider(240)) - Unable to initialize FileSignerSecretProvider, falling back to use random secrets.
2019-07-31 00:42:08,666 WARN  http.HttpRequestLog (HttpRequestLog.java:getRequestLog(97)) - Jetty request log can only be enabled using Log4j
2019-07-31 00:42:08,668 INFO  http.HttpServer2 (HttpServer2.java:addGlobalFilter(975)) - Added global filter 'safety' (class=org.apache.hadoop.http.HttpServer2$QuotingInputFilter)
2019-07-31 00:42:08,668 INFO  http.HttpServer2 (HttpServer2.java:addFilter(948)) - Added filter static_user_filter (class=org.apache.hadoop.http.lib.StaticUserWebFilter$StaticUserFilter) to context hddsDatanode
2019-07-31 00:42:08,668 INFO  http.HttpServer2 (HttpServer2.java:addFilter(958)) - Added filter static_user_filter (class=org.apache.hadoop.http.lib.StaticUserWebFilter$StaticUserFilter) to context static
2019-07-31 00:42:08,668 INFO  http.HttpServer2 (HttpServer2.java:addFilter(958)) - Added filter static_user_filter (class=org.apache.hadoop.http.lib.StaticUserWebFilter$StaticUserFilter) to context logs
2019-07-31 00:42:08,669 INFO  http.HttpServer2 (HttpServer2.java:bindListener(1191)) - Jetty bound to port 42945
2019-07-31 00:42:08,669 INFO  server.Server (Server.java:doStart(351)) - jetty-9.3.24.v20180605, build timestamp: 2018-06-05T17:11:56Z, git hash: 84205aa28f11a4f31f2a3b86d1bba2cc8ab69827
2019-07-31 00:42:08,670 INFO  handler.ContextHandler (ContextHandler.java:doStart(781)) - Started o.e.j.s.ServletContextHandler@52dfd7f5{/logs,file:///workdir/hadoop-ozone/integration-test/target/log,AVAILABLE}
2019-07-31 00:42:08,670 INFO  handler.ContextHandler (ContextHandler.java:doStart(781)) - Started o.e.j.s.ServletContextHandler@421c4c3e{/static,jar:file:/home/user/.m2/repository/org/apache/hadoop/hadoop-hdds-container-service/0.4.1-SNAPSHOT/hadoop-hdds-container-service-0.4.1-SNAPSHOT.jar!/webapps/static,AVAILABLE}
2019-07-31 00:42:08,697 INFO  handler.ContextHandler (ContextHandler.java:doStart(781)) - Started o.e.j.w.WebAppContext@745c25ed{/,file:///tmp/jetty-0.0.0.0-42945-hddsDatanode-_-any-7971431060123604990.dir/webapp/,AVAILABLE}{/hddsDatanode}
2019-07-31 00:42:08,697 INFO  server.AbstractConnector (AbstractConnector.java:doStart(278)) - Started ServerConnector@4fb1bffd{HTTP/1.1,[http/1.1]}{0.0.0.0:42945}
2019-07-31 00:42:08,699 INFO  server.Server (Server.java:doStart(419)) - Started @605363ms
2019-07-31 00:42:08,700 INFO  server.BaseHttpServer (BaseHttpServer.java:updateConnectorAddress(207)) - HTTP server of HDDSDATANODE is listening at http://0.0.0.0:42945
2019-07-31 00:42:08,796 INFO  ozone.HddsDatanodeService (HddsDatanodeService.java:startPlugins(395)) - Started plug-in org.apache.hadoop.ozone.web.OzoneHddsDatanodeService@2c4142f8
2019-07-31 00:42:08,796 INFO  impl.MetricsSystemImpl (MetricsSystemImpl.java:init(158)) - HddsDatanode metrics system started (again)
2019-07-31 00:42:08,799 INFO  ozone.HddsDatanodeService (HddsDatanodeService.java:start(184)) - HddsDatanodeService host:byscane-nightly-8jrs9-2386324885 ip:192.168.69.114
2019-07-31 00:42:08,799 INFO  util.JvmPauseMonitor (JvmPauseMonitor.java:run(188)) - Starting JVM pause monitor
2019-07-31 00:42:08,800 INFO  datanode.InitDatanodeState (InitDatanodeState.java:persistContainerDatanodeDetails(140)) - DatanodeDetails is persisted to /workdir/hadoop-ozone/integration-test/target/test-dir/MiniOzoneClusterImpl-3651a17c-520d-479a-aff9-57061945e126/datanode-5/meta/datanode.id
2019-07-31 00:42:08,809 INFO  volume.HddsVolume (HddsVolume.java:<init>(176)) - Creating Volume: /workdir/hadoop-ozone/integration-test/target/test-dir/MiniOzoneClusterImpl-3651a17c-520d-479a-aff9-57061945e126/datanode-6/data/containers/hdds of  storage type : DISK and capacity : 52710309888
2019-07-31 00:42:08,809 INFO  volume.VolumeSet (VolumeSet.java:initializeVolumeSet(170)) - Added Volume : /workdir/hadoop-ozone/integration-test/target/test-dir/MiniOzoneClusterImpl-3651a17c-520d-479a-aff9-57061945e126/datanode-6/data/containers/hdds to VolumeSet
2019-07-31 00:42:08,809 INFO  volume.ThrottledAsyncChecker (ThrottledAsyncChecker.java:schedule(140)) - Scheduling a check for org.apache.hadoop.ozone.container.common.volume.HddsVolume@1d7914a5
2019-07-31 00:42:08,810 INFO  volume.HddsVolumeChecker (HddsVolumeChecker.java:checkAllVolumes(203)) - Scheduled health check for volume org.apache.hadoop.ozone.container.common.volume.HddsVolume@1d7914a5
2019-07-31 00:42:08,823 INFO  impl.RaftServerProxy (ConfUtils.java:logGet(43)) - raft.rpc.type = GRPC (default)
2019-07-31 00:42:08,823 INFO  grpc.GrpcFactory (GrpcFactory.java:checkPooledByteBufAllocatorUseCacheForAllThreads(45)) - PERFORMANCE WARNING: useCacheForAllThreads is true that may cause Netty to create a lot garbage objects and, as a result, trigger GC.
	It is recommended to disable useCacheForAllThreads by setting -Dorg.apache.ratis.thirdparty.io.netty.allocator.useCacheForAllThreads=false in command line.
2019-07-31 00:42:08,823 INFO  grpc.GrpcConfigKeys$Server (ConfUtils.java:logGet(43)) - raft.grpc.server.port = 0 (default)
2019-07-31 00:42:08,823 INFO  server.GrpcService (ConfUtils.java:logGet(43)) - raft.grpc.message.size.max = 33570816 (custom)
2019-07-31 00:42:08,823 INFO  server.RaftServerConfigKeys (ConfUtils.java:logGet(43)) - raft.server.log.appender.buffer.byte-limit = 33554432 (custom)
2019-07-31 00:42:08,823 INFO  server.GrpcService (ConfUtils.java:logGet(43)) - raft.grpc.flow.control.window = 1MB (=1048576) (default)
2019-07-31 00:42:08,824 INFO  server.RaftServerConfigKeys (ConfUtils.java:logGet(43)) - raft.server.rpc.request.timeout = 3000ms (default)
2019-07-31 00:42:08,824 INFO  server.RaftServerConfigKeys (ConfUtils.java:logGet(43)) - raft.server.storage.dir = [/workdir/hadoop-ozone/integration-test/target/test-dir/MiniOzoneClusterImpl-3651a17c-520d-479a-aff9-57061945e126/datanode-6/data/ratis] (custom)
2019-07-31 00:42:08,824 INFO  replication.SimpleContainerDownloader (SimpleContainerDownloader.java:<init>(72)) - Starting container downloader service to copy containers to replicate.
2019-07-31 00:42:08,825 INFO  hdfs.DFSUtil (DFSUtil.java:httpServerTemplateForNNAndJN(1641)) - Starting Web-server for hddsDatanode at: http://0.0.0.0:0
2019-07-31 00:42:08,826 INFO  server.AuthenticationFilter (AuthenticationFilter.java:constructSecretProvider(240)) - Unable to initialize FileSignerSecretProvider, falling back to use random secrets.
2019-07-31 00:42:08,827 WARN  http.HttpRequestLog (HttpRequestLog.java:getRequestLog(97)) - Jetty request log can only be enabled using Log4j
2019-07-31 00:42:08,828 INFO  http.HttpServer2 (HttpServer2.java:addGlobalFilter(975)) - Added global filter 'safety' (class=org.apache.hadoop.http.HttpServer2$QuotingInputFilter)
2019-07-31 00:42:08,828 INFO  http.HttpServer2 (HttpServer2.java:addFilter(948)) - Added filter static_user_filter (class=org.apache.hadoop.http.lib.StaticUserWebFilter$StaticUserFilter) to context hddsDatanode
2019-07-31 00:42:08,828 INFO  http.HttpServer2 (HttpServer2.java:addFilter(958)) - Added filter static_user_filter (class=org.apache.hadoop.http.lib.StaticUserWebFilter$StaticUserFilter) to context static
2019-07-31 00:42:08,828 INFO  http.HttpServer2 (HttpServer2.java:addFilter(958)) - Added filter static_user_filter (class=org.apache.hadoop.http.lib.StaticUserWebFilter$StaticUserFilter) to context logs
2019-07-31 00:42:08,829 INFO  http.HttpServer2 (HttpServer2.java:bindListener(1191)) - Jetty bound to port 45061
2019-07-31 00:42:08,829 INFO  server.Server (Server.java:doStart(351)) - jetty-9.3.24.v20180605, build timestamp: 2018-06-05T17:11:56Z, git hash: 84205aa28f11a4f31f2a3b86d1bba2cc8ab69827
2019-07-31 00:42:08,830 INFO  handler.ContextHandler (ContextHandler.java:doStart(781)) - Started o.e.j.s.ServletContextHandler@6419726f{/logs,file:///workdir/hadoop-ozone/integration-test/target/log,AVAILABLE}
2019-07-31 00:42:08,831 INFO  handler.ContextHandler (ContextHandler.java:doStart(781)) - Started o.e.j.s.ServletContextHandler@63f093a{/static,jar:file:/home/user/.m2/repository/org/apache/hadoop/hadoop-hdds-container-service/0.4.1-SNAPSHOT/hadoop-hdds-container-service-0.4.1-SNAPSHOT.jar!/webapps/static,AVAILABLE}
2019-07-31 00:42:08,857 INFO  handler.ContextHandler (ContextHandler.java:doStart(781)) - Started o.e.j.w.WebAppContext@43ab4e83{/,file:///tmp/jetty-0.0.0.0-45061-hddsDatanode-_-any-6485658077521465102.dir/webapp/,AVAILABLE}{/hddsDatanode}
2019-07-31 00:42:08,857 INFO  server.AbstractConnector (AbstractConnector.java:doStart(278)) - Started ServerConnector@343b3399{HTTP/1.1,[http/1.1]}{0.0.0.0:45061}
2019-07-31 00:42:08,857 INFO  server.Server (Server.java:doStart(419)) - Started @605522ms
2019-07-31 00:42:08,863 INFO  server.BaseHttpServer (BaseHttpServer.java:updateConnectorAddress(207)) - HTTP server of HDDSDATANODE is listening at http://0.0.0.0:45061
2019-07-31 00:42:08,954 INFO  ozone.HddsDatanodeService (HddsDatanodeService.java:startPlugins(395)) - Started plug-in org.apache.hadoop.ozone.web.OzoneHddsDatanodeService@27bfa57f
2019-07-31 00:42:08,954 INFO  ozone.MiniOzoneClusterImpl (MiniOzoneClusterImpl.java:lambda$waitForClusterToBeReady$0(142)) - Waiting for cluster to be ready. Got 0 of 7 DN Heartbeats.
2019-07-31 00:42:08,955 INFO  util.JvmPauseMonitor (JvmPauseMonitor.java:run(188)) - Starting JVM pause monitor
2019-07-31 00:42:08,957 INFO  datanode.InitDatanodeState (InitDatanodeState.java:persistContainerDatanodeDetails(140)) - DatanodeDetails is persisted to /workdir/hadoop-ozone/integration-test/target/test-dir/MiniOzoneClusterImpl-3651a17c-520d-479a-aff9-57061945e126/datanode-6/meta/datanode.id
2019-07-31 00:42:09,888 INFO  ozoneimpl.OzoneContainer (OzoneContainer.java:start(186)) - Attempting to start container services.
2019-07-31 00:42:09,888 INFO  ozoneimpl.OzoneContainer (OzoneContainer.java:startContainerScrub(160)) - Background container scrubber has been disabled by hdds.containerscrub.enabled
2019-07-31 00:42:09,888 INFO  ratis.XceiverServerRatis (XceiverServerRatis.java:start(404)) - Starting XceiverServerRatis 68530759-a9b4-429d-a744-d9196cfd04d9 at port 0
2019-07-31 00:42:09,894 INFO  impl.RaftServerProxy (RaftServerProxy.java:lambda$start$3(299)) - 68530759-a9b4-429d-a744-d9196cfd04d9: start RPC server
2019-07-31 00:42:09,895 INFO  server.GrpcService (GrpcService.java:startImpl(149)) - 68530759-a9b4-429d-a744-d9196cfd04d9: GrpcService started, listening on 0.0.0.0/0.0.0.0:44195
2019-07-31 00:42:09,896 INFO  ratis.XceiverServerRatis (XceiverServerRatis.java:start(414)) - XceiverServerRatis 68530759-a9b4-429d-a744-d9196cfd04d9 is started using port 44195
2019-07-31 00:42:09,896 INFO  server.XceiverServerGrpc (XceiverServerGrpc.java:start(161)) - XceiverServerGrpc 68530759-a9b4-429d-a744-d9196cfd04d9 is started using port 39230
2019-07-31 00:42:09,954 INFO  ozone.MiniOzoneClusterImpl (MiniOzoneClusterImpl.java:lambda$waitForClusterToBeReady$0(142)) - Waiting for cluster to be ready. Got 0 of 7 DN Heartbeats.
2019-07-31 00:42:10,153 INFO  ozoneimpl.OzoneContainer (OzoneContainer.java:start(186)) - Attempting to start container services.
2019-07-31 00:42:10,154 INFO  ozoneimpl.OzoneContainer (OzoneContainer.java:startContainerScrub(160)) - Background container scrubber has been disabled by hdds.containerscrub.enabled
2019-07-31 00:42:10,154 INFO  ratis.XceiverServerRatis (XceiverServerRatis.java:start(404)) - Starting XceiverServerRatis 1498636e-be33-47ac-bb18-f5fe604b271f at port 0
2019-07-31 00:42:10,159 INFO  impl.RaftServerProxy (RaftServerProxy.java:lambda$start$3(299)) - 1498636e-be33-47ac-bb18-f5fe604b271f: start RPC server
2019-07-31 00:42:10,162 INFO  server.GrpcService (GrpcService.java:startImpl(149)) - 1498636e-be33-47ac-bb18-f5fe604b271f: GrpcService started, listening on 0.0.0.0/0.0.0.0:41388
2019-07-31 00:42:10,162 INFO  ratis.XceiverServerRatis (XceiverServerRatis.java:start(414)) - XceiverServerRatis 1498636e-be33-47ac-bb18-f5fe604b271f is started using port 41388
2019-07-31 00:42:10,164 INFO  server.XceiverServerGrpc (XceiverServerGrpc.java:start(161)) - XceiverServerGrpc 1498636e-be33-47ac-bb18-f5fe604b271f is started using port 45685
2019-07-31 00:42:10,325 INFO  ozoneimpl.OzoneContainer (OzoneContainer.java:start(186)) - Attempting to start container services.
2019-07-31 00:42:10,325 INFO  ozoneimpl.OzoneContainer (OzoneContainer.java:startContainerScrub(160)) - Background container scrubber has been disabled by hdds.containerscrub.enabled
2019-07-31 00:42:10,325 INFO  ratis.XceiverServerRatis (XceiverServerRatis.java:start(404)) - Starting XceiverServerRatis b21db089-cc86-4e23-83e0-adc12698a3e5 at port 0
2019-07-31 00:42:10,330 INFO  impl.RaftServerProxy (RaftServerProxy.java:lambda$start$3(299)) - b21db089-cc86-4e23-83e0-adc12698a3e5: start RPC server
2019-07-31 00:42:10,331 INFO  server.GrpcService (GrpcService.java:startImpl(149)) - b21db089-cc86-4e23-83e0-adc12698a3e5: GrpcService started, listening on 0.0.0.0/0.0.0.0:43309
2019-07-31 00:42:10,331 INFO  ratis.XceiverServerRatis (XceiverServerRatis.java:start(414)) - XceiverServerRatis b21db089-cc86-4e23-83e0-adc12698a3e5 is started using port 43309
2019-07-31 00:42:10,331 INFO  server.XceiverServerGrpc (XceiverServerGrpc.java:start(161)) - XceiverServerGrpc b21db089-cc86-4e23-83e0-adc12698a3e5 is started using port 43768
2019-07-31 00:42:10,478 INFO  ozoneimpl.OzoneContainer (OzoneContainer.java:start(186)) - Attempting to start container services.
2019-07-31 00:42:10,478 INFO  ozoneimpl.OzoneContainer (OzoneContainer.java:startContainerScrub(160)) - Background container scrubber has been disabled by hdds.containerscrub.enabled
2019-07-31 00:42:10,478 INFO  ratis.XceiverServerRatis (XceiverServerRatis.java:start(404)) - Starting XceiverServerRatis d65af000-2156-4231-a394-22380e486286 at port 0
2019-07-31 00:42:10,484 INFO  impl.RaftServerProxy (RaftServerProxy.java:lambda$start$3(299)) - d65af000-2156-4231-a394-22380e486286: start RPC server
2019-07-31 00:42:10,488 INFO  server.GrpcService (GrpcService.java:startImpl(149)) - d65af000-2156-4231-a394-22380e486286: GrpcService started, listening on 0.0.0.0/0.0.0.0:43478
2019-07-31 00:42:10,488 INFO  ratis.XceiverServerRatis (XceiverServerRatis.java:start(414)) - XceiverServerRatis d65af000-2156-4231-a394-22380e486286 is started using port 43478
2019-07-31 00:42:10,488 INFO  server.XceiverServerGrpc (XceiverServerGrpc.java:start(161)) - XceiverServerGrpc d65af000-2156-4231-a394-22380e486286 is started using port 43128
2019-07-31 00:42:10,648 INFO  ozoneimpl.OzoneContainer (OzoneContainer.java:start(186)) - Attempting to start container services.
2019-07-31 00:42:10,648 INFO  ozoneimpl.OzoneContainer (OzoneContainer.java:startContainerScrub(160)) - Background container scrubber has been disabled by hdds.containerscrub.enabled
2019-07-31 00:42:10,648 INFO  ratis.XceiverServerRatis (XceiverServerRatis.java:start(404)) - Starting XceiverServerRatis b7140eff-5703-4e09-9ea1-6d7697fb69a9 at port 0
2019-07-31 00:42:10,655 INFO  impl.RaftServerProxy (RaftServerProxy.java:lambda$start$3(299)) - b7140eff-5703-4e09-9ea1-6d7697fb69a9: start RPC server
2019-07-31 00:42:10,659 INFO  server.GrpcService (GrpcService.java:startImpl(149)) - b7140eff-5703-4e09-9ea1-6d7697fb69a9: GrpcService started, listening on 0.0.0.0/0.0.0.0:37829
2019-07-31 00:42:10,659 INFO  ratis.XceiverServerRatis (XceiverServerRatis.java:start(414)) - XceiverServerRatis b7140eff-5703-4e09-9ea1-6d7697fb69a9 is started using port 37829
2019-07-31 00:42:10,659 INFO  server.XceiverServerGrpc (XceiverServerGrpc.java:start(161)) - XceiverServerGrpc b7140eff-5703-4e09-9ea1-6d7697fb69a9 is started using port 33770
2019-07-31 00:42:10,814 INFO  ozoneimpl.OzoneContainer (OzoneContainer.java:start(186)) - Attempting to start container services.
2019-07-31 00:42:10,815 INFO  ozoneimpl.OzoneContainer (OzoneContainer.java:startContainerScrub(160)) - Background container scrubber has been disabled by hdds.containerscrub.enabled
2019-07-31 00:42:10,815 INFO  ratis.XceiverServerRatis (XceiverServerRatis.java:start(404)) - Starting XceiverServerRatis cb86e675-92ae-4063-a828-dc70313734de at port 0
2019-07-31 00:42:10,820 INFO  impl.RaftServerProxy (RaftServerProxy.java:lambda$start$3(299)) - cb86e675-92ae-4063-a828-dc70313734de: start RPC server
2019-07-31 00:42:10,820 INFO  server.GrpcService (GrpcService.java:startImpl(149)) - cb86e675-92ae-4063-a828-dc70313734de: GrpcService started, listening on 0.0.0.0/0.0.0.0:43071
2019-07-31 00:42:10,821 INFO  ratis.XceiverServerRatis (XceiverServerRatis.java:start(414)) - XceiverServerRatis cb86e675-92ae-4063-a828-dc70313734de is started using port 43071
2019-07-31 00:42:10,824 INFO  server.XceiverServerGrpc (XceiverServerGrpc.java:start(161)) - XceiverServerGrpc cb86e675-92ae-4063-a828-dc70313734de is started using port 38087
2019-07-31 00:42:10,955 INFO  ozone.MiniOzoneClusterImpl (MiniOzoneClusterImpl.java:lambda$waitForClusterToBeReady$0(142)) - Waiting for cluster to be ready. Got 0 of 7 DN Heartbeats.
2019-07-31 00:42:10,970 INFO  ozoneimpl.OzoneContainer (OzoneContainer.java:start(186)) - Attempting to start container services.
2019-07-31 00:42:10,970 INFO  ozoneimpl.OzoneContainer (OzoneContainer.java:startContainerScrub(160)) - Background container scrubber has been disabled by hdds.containerscrub.enabled
2019-07-31 00:42:10,970 INFO  ratis.XceiverServerRatis (XceiverServerRatis.java:start(404)) - Starting XceiverServerRatis 0f029971-9dd8-40d4-879b-021d46ddb30f at port 0
2019-07-31 00:42:10,975 INFO  impl.RaftServerProxy (RaftServerProxy.java:lambda$start$3(299)) - 0f029971-9dd8-40d4-879b-021d46ddb30f: start RPC server
2019-07-31 00:42:10,988 INFO  server.GrpcService (GrpcService.java:startImpl(149)) - 0f029971-9dd8-40d4-879b-021d46ddb30f: GrpcService started, listening on 0.0.0.0/0.0.0.0:34033
2019-07-31 00:42:10,988 INFO  ratis.XceiverServerRatis (XceiverServerRatis.java:start(414)) - XceiverServerRatis 0f029971-9dd8-40d4-879b-021d46ddb30f is started using port 34033
2019-07-31 00:42:10,991 INFO  server.XceiverServerGrpc (XceiverServerGrpc.java:start(161)) - XceiverServerGrpc 0f029971-9dd8-40d4-879b-021d46ddb30f is started using port 39569
2019-07-31 00:42:11,871 INFO  net.NetworkTopology (NetworkTopologyImpl.java:add(110)) - Added a new node: /default-rack/68530759-a9b4-429d-a744-d9196cfd04d9
2019-07-31 00:42:11,873 INFO  node.SCMNodeManager (SCMNodeManager.java:register(273)) - Registered Data node : 68530759-a9b4-429d-a744-d9196cfd04d9{ip: 192.168.69.114, host: byscane-nightly-8jrs9-2386324885, networkLocation: /default-rack, certSerialId: null}
2019-07-31 00:42:11,874 INFO  safemode.SCMSafeModeManager (DataNodeSafeModeRule.java:process(71)) - SCM in safe mode. 1 DataNodes registered, 1 required.
2019-07-31 00:42:11,876 INFO  safemode.SCMSafeModeManager (SCMSafeModeManager.java:validateSafeModeExitRules(177)) - ScmSafeModeManager, all rules are successfully validated
2019-07-31 00:42:11,877 INFO  safemode.SCMSafeModeManager (SCMSafeModeManager.java:exitSafeMode(193)) - SCM exiting safe mode.
2019-07-31 00:42:11,902 INFO  impl.RaftServerProxy (RaftServerProxy.java:addNew(89)) - 68530759-a9b4-429d-a744-d9196cfd04d9: addNew group-D9F3618D6260:[68530759-a9b4-429d-a744-d9196cfd04d9:192.168.69.114:44195] returns group-D9F3618D6260:java.util.concurrent.CompletableFuture@64c83185[Not completed]
2019-07-31 00:42:11,903 INFO  impl.RaftServerImpl (RaftServerImpl.java:<init>(93)) - 68530759-a9b4-429d-a744-d9196cfd04d9: new RaftServerImpl for group-D9F3618D6260:[68530759-a9b4-429d-a744-d9196cfd04d9:192.168.69.114:44195] with ContainerStateMachine:uninitialized
2019-07-31 00:42:11,903 INFO  server.RaftServerConfigKeys (ConfUtils.java:logGet(43)) - raft.server.rpc.timeout.min = 5s (custom)
2019-07-31 00:42:11,903 INFO  server.RaftServerConfigKeys (ConfUtils.java:logGet(43)) - raft.server.rpc.timeout.max = 5200ms (custom)
2019-07-31 00:42:11,903 INFO  server.RaftServerConfigKeys (ConfUtils.java:logGet(43)) - raft.server.rpcslowness.timeout = 120s (custom)
2019-07-31 00:42:11,903 INFO  server.RaftServerConfigKeys (ConfUtils.java:logGet(43)) - raft.server.sleep.deviation.threshold = 300 (default)
2019-07-31 00:42:11,904 INFO  server.RaftServerConfigKeys (ConfUtils.java:logGet(43)) - raft.server.log.appender.install.snapshot.enabled = false (custom)
2019-07-31 00:42:11,904 INFO  impl.RaftServerImpl (ServerState.java:<init>(105)) - 68530759-a9b4-429d-a744-d9196cfd04d9:group-D9F3618D6260 ConfigurationManager, init=-1: [68530759-a9b4-429d-a744-d9196cfd04d9:192.168.69.114:44195], old=null, confs=<EMPTY_MAP>
2019-07-31 00:42:11,904 INFO  server.RaftServerConfigKeys (ConfUtils.java:logGet(43)) - raft.server.storage.dir = [/workdir/hadoop-ozone/integration-test/target/test-dir/MiniOzoneClusterImpl-3651a17c-520d-479a-aff9-57061945e126/datanode-0/data/ratis] (custom)
2019-07-31 00:42:11,904 INFO  storage.RaftStorageDirectory (RaftStorageDirectory.java:analyzeStorage(246)) - The storage directory /workdir/hadoop-ozone/integration-test/target/test-dir/MiniOzoneClusterImpl-3651a17c-520d-479a-aff9-57061945e126/datanode-0/data/ratis/61450644-9829-4a3e-b189-d9f3618d6260 does not exist. Creating ...
2019-07-31 00:42:11,918 INFO  storage.RaftStorageDirectory (RaftStorageDirectory.java:tryLock(328)) - Lock on /workdir/hadoop-ozone/integration-test/target/test-dir/MiniOzoneClusterImpl-3651a17c-520d-479a-aff9-57061945e126/datanode-0/data/ratis/61450644-9829-4a3e-b189-d9f3618d6260/in_use.lock acquired by nodename 19366@byscane-nightly-8jrs9-2386324885
2019-07-31 00:42:11,932 INFO  storage.RaftStorage (RaftStorage.java:format(72)) - Storage directory /workdir/hadoop-ozone/integration-test/target/test-dir/MiniOzoneClusterImpl-3651a17c-520d-479a-aff9-57061945e126/datanode-0/data/ratis/61450644-9829-4a3e-b189-d9f3618d6260 has been successfully formatted.
2019-07-31 00:42:11,932 INFO  ratis.ContainerStateMachine (ContainerStateMachine.java:loadSnapshot(213)) - group-D9F3618D6260: The snapshot info is null. Setting the last applied indexto:(t:0, i:~)
2019-07-31 00:42:11,932 INFO  server.RaftServerConfigKeys (ConfUtils.java:logGet(43)) - raft.server.leader.election.timeout = 120s (custom)
2019-07-31 00:42:11,933 INFO  server.RaftServerConfigKeys (ConfUtils.java:logGet(43)) - raft.server.log.use.memory = false (default)
2019-07-31 00:42:11,933 INFO  server.RaftServerConfigKeys (ConfUtils.java:logGet(43)) - raft.server.log.purge.gap = 1000000000 (custom)
2019-07-31 00:42:11,933 INFO  server.RaftServerConfigKeys (ConfUtils.java:logGet(43)) - raft.server.log.appender.buffer.byte-limit = 33554432 (custom)
2019-07-31 00:42:11,933 INFO  server.RaftServerConfigKeys (ConfUtils.java:logGet(43)) - raft.server.log.segment.size.max = 1048576 (custom)
2019-07-31 00:42:11,933 INFO  server.RaftServerConfigKeys (ConfUtils.java:logGet(43)) - raft.server.log.segment.cache.num.max = 2 (custom)
2019-07-31 00:42:11,934 INFO  segmented.SegmentedRaftLogWorker (SegmentedRaftLogWorker.java:<init>(172)) - new 68530759-a9b4-429d-a744-d9196cfd04d9-SegmentedRaftLogWorker:Storage Directory /workdir/hadoop-ozone/integration-test/target/test-dir/MiniOzoneClusterImpl-3651a17c-520d-479a-aff9-57061945e126/datanode-0/data/ratis/61450644-9829-4a3e-b189-d9f3618d6260 for RaftStorage:Storage Directory /workdir/hadoop-ozone/integration-test/target/test-dir/MiniOzoneClusterImpl-3651a17c-520d-479a-aff9-57061945e126/datanode-0/data/ratis/61450644-9829-4a3e-b189-d9f3618d6260
2019-07-31 00:42:11,934 INFO  server.RaftServerConfigKeys (ConfUtils.java:logGet(43)) - raft.server.log.queue.byte-limit = 2147483647 (custom)
2019-07-31 00:42:11,934 INFO  server.RaftServerConfigKeys (ConfUtils.java:logGet(43)) - raft.server.log.queue.element-limit = 1024 (custom)
2019-07-31 00:42:11,934 INFO  server.RaftServerConfigKeys (ConfUtils.java:logGet(43)) - raft.server.log.segment.size.max = 1048576 (custom)
2019-07-31 00:42:11,934 INFO  server.RaftServerConfigKeys (ConfUtils.java:logGet(43)) - raft.server.log.preallocated.size = 16384 (custom)
2019-07-31 00:42:11,935 INFO  server.RaftServerConfigKeys (ConfUtils.java:logGet(43)) - raft.server.log.write.buffer.size = 33554432 (custom)
2019-07-31 00:42:11,935 INFO  server.RaftServerConfigKeys (ConfUtils.java:logGet(43)) - raft.server.log.force.sync.num = 128 (default)
2019-07-31 00:42:11,935 INFO  server.RaftServerConfigKeys (ConfUtils.java:logGet(43)) - raft.server.log.statemachine.data.sync = true (default)
2019-07-31 00:42:11,935 INFO  server.RaftServerConfigKeys (ConfUtils.java:logGet(43)) - raft.server.log.statemachine.data.sync.timeout = 10s (default)
2019-07-31 00:42:11,935 INFO  server.RaftServerConfigKeys (ConfUtils.java:logGet(43)) - raft.server.log.statemachine.data.sync.timeout.retry = -1 (default)
2019-07-31 00:42:11,936 INFO  server.RaftServerConfigKeys (ConfUtils.java:logGet(43)) - raft.server.log.statemachine.data.caching.enabled = true (custom)
2019-07-31 00:42:11,936 INFO  segmented.SegmentedRaftLogWorker (SegmentedRaftLogWorker.java:lambda$new$0(132)) - 68530759-a9b4-429d-a744-d9196cfd04d9-SegmentedRaftLogWorker:Storage Directory /workdir/hadoop-ozone/integration-test/target/test-dir/MiniOzoneClusterImpl-3651a17c-520d-479a-aff9-57061945e126/datanode-0/data/ratis/61450644-9829-4a3e-b189-d9f3618d6260: flushIndex: setUnconditionally 0 -> -1
2019-07-31 00:42:11,936 INFO  server.RaftServerConfigKeys (ConfUtils.java:logGet(43)) - raft.server.snapshot.auto.trigger.enabled = true (custom)
2019-07-31 00:42:11,936 INFO  server.RaftServerConfigKeys (ConfUtils.java:logGet(43)) - raft.server.snapshot.auto.trigger.threshold = 10000 (custom)
2019-07-31 00:42:11,937 INFO  server.RaftServerConfigKeys (ConfUtils.java:logGet(43)) - raft.server.retrycache.expirytime = 600000ms (custom)
2019-07-31 00:42:11,937 INFO  impl.RaftServerImpl (RaftServerImpl.java:start(180)) - 68530759-a9b4-429d-a744-d9196cfd04d9: start group-D9F3618D6260
2019-07-31 00:42:11,937 INFO  impl.RaftServerImpl (RaftServerImpl.java:setRole(171)) - 68530759-a9b4-429d-a744-d9196cfd04d9:group-D9F3618D6260 changes role from null to FOLLOWER at term 0 for startAsFollower
2019-07-31 00:42:11,937 INFO  impl.RoleInfo (RoleInfo.java:updateAndGet(143)) - 68530759-a9b4-429d-a744-d9196cfd04d9: start FollowerState
2019-07-31 00:42:11,938 INFO  util.JmxRegister (JmxRegister.java:tryRegister(44)) - Successfully registered JMX Bean with object name Ratis:service=RaftServer,group=group-D9F3618D6260,id=68530759-a9b4-429d-a744-d9196cfd04d9
2019-07-31 00:42:11,943 INFO  pipeline.PipelineStateManager (PipelineStateManager.java:addPipeline(56)) - Created pipeline Pipeline[ Id: 61450644-9829-4a3e-b189-d9f3618d6260, Nodes: 68530759-a9b4-429d-a744-d9196cfd04d9{ip: 192.168.69.114, host: byscane-nightly-8jrs9-2386324885, networkLocation: /default-rack, certSerialId: null}, Type:RATIS, Factor:ONE, State:OPEN]
2019-07-31 00:42:11,955 INFO  ozone.MiniOzoneClusterImpl (MiniOzoneClusterImpl.java:lambda$waitForClusterToBeReady$0(142)) - Waiting for cluster to be ready. Got 1 of 7 DN Heartbeats.
2019-07-31 00:42:12,139 INFO  net.NetworkTopology (NetworkTopologyImpl.java:add(110)) - Added a new node: /default-rack/1498636e-be33-47ac-bb18-f5fe604b271f
2019-07-31 00:42:12,140 INFO  node.SCMNodeManager (SCMNodeManager.java:register(273)) - Registered Data node : 1498636e-be33-47ac-bb18-f5fe604b271f{ip: 192.168.69.114, host: byscane-nightly-8jrs9-2386324885, networkLocation: /default-rack, certSerialId: null}
2019-07-31 00:42:12,147 INFO  impl.RaftServerProxy (RaftServerProxy.java:addNew(89)) - 1498636e-be33-47ac-bb18-f5fe604b271f: addNew group-75908C924B4D:[1498636e-be33-47ac-bb18-f5fe604b271f:192.168.69.114:41388] returns group-75908C924B4D:java.util.concurrent.CompletableFuture@612003f4[Not completed]
2019-07-31 00:42:12,148 INFO  impl.RaftServerImpl (RaftServerImpl.java:<init>(93)) - 1498636e-be33-47ac-bb18-f5fe604b271f: new RaftServerImpl for group-75908C924B4D:[1498636e-be33-47ac-bb18-f5fe604b271f:192.168.69.114:41388] with ContainerStateMachine:uninitialized
2019-07-31 00:42:12,148 INFO  server.RaftServerConfigKeys (ConfUtils.java:logGet(43)) - raft.server.rpc.timeout.min = 5s (custom)
2019-07-31 00:42:12,148 INFO  server.RaftServerConfigKeys (ConfUtils.java:logGet(43)) - raft.server.rpc.timeout.max = 5200ms (custom)
2019-07-31 00:42:12,148 INFO  server.RaftServerConfigKeys (ConfUtils.java:logGet(43)) - raft.server.rpcslowness.timeout = 120s (custom)
2019-07-31 00:42:12,149 INFO  server.RaftServerConfigKeys (ConfUtils.java:logGet(43)) - raft.server.sleep.deviation.threshold = 300 (default)
2019-07-31 00:42:12,149 INFO  server.RaftServerConfigKeys (ConfUtils.java:logGet(43)) - raft.server.log.appender.install.snapshot.enabled = false (custom)
2019-07-31 00:42:12,149 INFO  impl.RaftServerImpl (ServerState.java:<init>(105)) - 1498636e-be33-47ac-bb18-f5fe604b271f:group-75908C924B4D ConfigurationManager, init=-1: [1498636e-be33-47ac-bb18-f5fe604b271f:192.168.69.114:41388], old=null, confs=<EMPTY_MAP>
2019-07-31 00:42:12,149 INFO  server.RaftServerConfigKeys (ConfUtils.java:logGet(43)) - raft.server.storage.dir = [/workdir/hadoop-ozone/integration-test/target/test-dir/MiniOzoneClusterImpl-3651a17c-520d-479a-aff9-57061945e126/datanode-1/data/ratis] (custom)
2019-07-31 00:42:12,149 INFO  storage.RaftStorageDirectory (RaftStorageDirectory.java:analyzeStorage(246)) - The storage directory /workdir/hadoop-ozone/integration-test/target/test-dir/MiniOzoneClusterImpl-3651a17c-520d-479a-aff9-57061945e126/datanode-1/data/ratis/7dbaeb9f-e245-4f36-95e6-75908c924b4d does not exist. Creating ...
2019-07-31 00:42:12,167 INFO  storage.RaftStorageDirectory (RaftStorageDirectory.java:tryLock(328)) - Lock on /workdir/hadoop-ozone/integration-test/target/test-dir/MiniOzoneClusterImpl-3651a17c-520d-479a-aff9-57061945e126/datanode-1/data/ratis/7dbaeb9f-e245-4f36-95e6-75908c924b4d/in_use.lock acquired by nodename 19366@byscane-nightly-8jrs9-2386324885
2019-07-31 00:42:12,182 INFO  storage.RaftStorage (RaftStorage.java:format(72)) - Storage directory /workdir/hadoop-ozone/integration-test/target/test-dir/MiniOzoneClusterImpl-3651a17c-520d-479a-aff9-57061945e126/datanode-1/data/ratis/7dbaeb9f-e245-4f36-95e6-75908c924b4d has been successfully formatted.
2019-07-31 00:42:12,182 INFO  ratis.ContainerStateMachine (ContainerStateMachine.java:loadSnapshot(213)) - group-75908C924B4D: The snapshot info is null. Setting the last applied indexto:(t:0, i:~)
2019-07-31 00:42:12,182 INFO  server.RaftServerConfigKeys (ConfUtils.java:logGet(43)) - raft.server.leader.election.timeout = 120s (custom)
2019-07-31 00:42:12,182 INFO  server.RaftServerConfigKeys (ConfUtils.java:logGet(43)) - raft.server.log.use.memory = false (default)
2019-07-31 00:42:12,182 INFO  server.RaftServerConfigKeys (ConfUtils.java:logGet(43)) - raft.server.log.purge.gap = 1000000000 (custom)
2019-07-31 00:42:12,183 INFO  server.RaftServerConfigKeys (ConfUtils.java:logGet(43)) - raft.server.log.appender.buffer.byte-limit = 33554432 (custom)
2019-07-31 00:42:12,183 INFO  server.RaftServerConfigKeys (ConfUtils.java:logGet(43)) - raft.server.log.segment.size.max = 1048576 (custom)
2019-07-31 00:42:12,183 INFO  server.RaftServerConfigKeys (ConfUtils.java:logGet(43)) - raft.server.log.segment.cache.num.max = 2 (custom)
2019-07-31 00:42:12,183 INFO  segmented.SegmentedRaftLogWorker (SegmentedRaftLogWorker.java:<init>(172)) - new 1498636e-be33-47ac-bb18-f5fe604b271f-SegmentedRaftLogWorker:Storage Directory /workdir/hadoop-ozone/integration-test/target/test-dir/MiniOzoneClusterImpl-3651a17c-520d-479a-aff9-57061945e126/datanode-1/data/ratis/7dbaeb9f-e245-4f36-95e6-75908c924b4d for RaftStorage:Storage Directory /workdir/hadoop-ozone/integration-test/target/test-dir/MiniOzoneClusterImpl-3651a17c-520d-479a-aff9-57061945e126/datanode-1/data/ratis/7dbaeb9f-e245-4f36-95e6-75908c924b4d
2019-07-31 00:42:12,183 INFO  server.RaftServerConfigKeys (ConfUtils.java:logGet(43)) - raft.server.log.queue.byte-limit = 2147483647 (custom)
2019-07-31 00:42:12,183 INFO  server.RaftServerConfigKeys (ConfUtils.java:logGet(43)) - raft.server.log.queue.element-limit = 1024 (custom)
2019-07-31 00:42:12,184 INFO  server.RaftServerConfigKeys (ConfUtils.java:logGet(43)) - raft.server.log.segment.size.max = 1048576 (custom)
2019-07-31 00:42:12,184 INFO  server.RaftServerConfigKeys (ConfUtils.java:logGet(43)) - raft.server.log.preallocated.size = 16384 (custom)
2019-07-31 00:42:12,184 INFO  server.RaftServerConfigKeys (ConfUtils.java:logGet(43)) - raft.server.log.write.buffer.size = 33554432 (custom)
2019-07-31 00:42:12,184 INFO  server.RaftServerConfigKeys (ConfUtils.java:logGet(43)) - raft.server.log.force.sync.num = 128 (default)
2019-07-31 00:42:12,184 INFO  server.RaftServerConfigKeys (ConfUtils.java:logGet(43)) - raft.server.log.statemachine.data.sync = true (default)
2019-07-31 00:42:12,184 INFO  server.RaftServerConfigKeys (ConfUtils.java:logGet(43)) - raft.server.log.statemachine.data.sync.timeout = 10s (default)
2019-07-31 00:42:12,185 INFO  server.RaftServerConfigKeys (ConfUtils.java:logGet(43)) - raft.server.log.statemachine.data.sync.timeout.retry = -1 (default)
2019-07-31 00:42:12,185 INFO  server.RaftServerConfigKeys (ConfUtils.java:logGet(43)) - raft.server.log.statemachine.data.caching.enabled = true (custom)
2019-07-31 00:42:12,186 INFO  segmented.SegmentedRaftLogWorker (SegmentedRaftLogWorker.java:lambda$new$0(132)) - 1498636e-be33-47ac-bb18-f5fe604b271f-SegmentedRaftLogWorker:Storage Directory /workdir/hadoop-ozone/integration-test/target/test-dir/MiniOzoneClusterImpl-3651a17c-520d-479a-aff9-57061945e126/datanode-1/data/ratis/7dbaeb9f-e245-4f36-95e6-75908c924b4d: flushIndex: setUnconditionally 0 -> -1
2019-07-31 00:42:12,186 INFO  server.RaftServerConfigKeys (ConfUtils.java:logGet(43)) - raft.server.snapshot.auto.trigger.enabled = true (custom)
2019-07-31 00:42:12,186 INFO  server.RaftServerConfigKeys (ConfUtils.java:logGet(43)) - raft.server.snapshot.auto.trigger.threshold = 10000 (custom)
2019-07-31 00:42:12,186 INFO  server.RaftServerConfigKeys (ConfUtils.java:logGet(43)) - raft.server.retrycache.expirytime = 600000ms (custom)
2019-07-31 00:42:12,187 INFO  impl.RaftServerImpl (RaftServerImpl.java:start(180)) - 1498636e-be33-47ac-bb18-f5fe604b271f: start group-75908C924B4D
2019-07-31 00:42:12,187 INFO  impl.RaftServerImpl (RaftServerImpl.java:setRole(171)) - 1498636e-be33-47ac-bb18-f5fe604b271f:group-75908C924B4D changes role from null to FOLLOWER at term 0 for startAsFollower
2019-07-31 00:42:12,187 INFO  impl.RoleInfo (RoleInfo.java:updateAndGet(143)) - 1498636e-be33-47ac-bb18-f5fe604b271f: start FollowerState
2019-07-31 00:42:12,187 INFO  util.JmxRegister (JmxRegister.java:tryRegister(44)) - Successfully registered JMX Bean with object name Ratis:service=RaftServer,group=group-75908C924B4D,id=1498636e-be33-47ac-bb18-f5fe604b271f
2019-07-31 00:42:12,189 INFO  pipeline.PipelineStateManager (PipelineStateManager.java:addPipeline(56)) - Created pipeline Pipeline[ Id: 7dbaeb9f-e245-4f36-95e6-75908c924b4d, Nodes: 1498636e-be33-47ac-bb18-f5fe604b271f{ip: 192.168.69.114, host: byscane-nightly-8jrs9-2386324885, networkLocation: /default-rack, certSerialId: null}, Type:RATIS, Factor:ONE, State:OPEN]
2019-07-31 00:42:12,309 INFO  net.NetworkTopology (NetworkTopologyImpl.java:add(110)) - Added a new node: /default-rack/b21db089-cc86-4e23-83e0-adc12698a3e5
2019-07-31 00:42:12,309 INFO  node.SCMNodeManager (SCMNodeManager.java:register(273)) - Registered Data node : b21db089-cc86-4e23-83e0-adc12698a3e5{ip: 192.168.69.114, host: byscane-nightly-8jrs9-2386324885, networkLocation: /default-rack, certSerialId: null}
2019-07-31 00:42:12,315 INFO  impl.RaftServerProxy (RaftServerProxy.java:addNew(89)) - b21db089-cc86-4e23-83e0-adc12698a3e5: addNew group-66D197728FCC:[b21db089-cc86-4e23-83e0-adc12698a3e5:192.168.69.114:43309] returns group-66D197728FCC:java.util.concurrent.CompletableFuture@fbe82b0[Not completed]
2019-07-31 00:42:12,316 INFO  impl.RaftServerImpl (RaftServerImpl.java:<init>(93)) - b21db089-cc86-4e23-83e0-adc12698a3e5: new RaftServerImpl for group-66D197728FCC:[b21db089-cc86-4e23-83e0-adc12698a3e5:192.168.69.114:43309] with ContainerStateMachine:uninitialized
2019-07-31 00:42:12,316 INFO  server.RaftServerConfigKeys (ConfUtils.java:logGet(43)) - raft.server.rpc.timeout.min = 5s (custom)
2019-07-31 00:42:12,316 INFO  server.RaftServerConfigKeys (ConfUtils.java:logGet(43)) - raft.server.rpc.timeout.max = 5200ms (custom)
2019-07-31 00:42:12,316 INFO  server.RaftServerConfigKeys (ConfUtils.java:logGet(43)) - raft.server.rpcslowness.timeout = 120s (custom)
2019-07-31 00:42:12,317 INFO  server.RaftServerConfigKeys (ConfUtils.java:logGet(43)) - raft.server.sleep.deviation.threshold = 300 (default)
2019-07-31 00:42:12,317 INFO  server.RaftServerConfigKeys (ConfUtils.java:logGet(43)) - raft.server.log.appender.install.snapshot.enabled = false (custom)
2019-07-31 00:42:12,317 INFO  impl.RaftServerImpl (ServerState.java:<init>(105)) - b21db089-cc86-4e23-83e0-adc12698a3e5:group-66D197728FCC ConfigurationManager, init=-1: [b21db089-cc86-4e23-83e0-adc12698a3e5:192.168.69.114:43309], old=null, confs=<EMPTY_MAP>
2019-07-31 00:42:12,317 INFO  server.RaftServerConfigKeys (ConfUtils.java:logGet(43)) - raft.server.storage.dir = [/workdir/hadoop-ozone/integration-test/target/test-dir/MiniOzoneClusterImpl-3651a17c-520d-479a-aff9-57061945e126/datanode-2/data/ratis] (custom)
2019-07-31 00:42:12,317 INFO  storage.RaftStorageDirectory (RaftStorageDirectory.java:analyzeStorage(246)) - The storage directory /workdir/hadoop-ozone/integration-test/target/test-dir/MiniOzoneClusterImpl-3651a17c-520d-479a-aff9-57061945e126/datanode-2/data/ratis/59920647-a534-4050-aa87-66d197728fcc does not exist. Creating ...
2019-07-31 00:42:12,331 INFO  storage.RaftStorageDirectory (RaftStorageDirectory.java:tryLock(328)) - Lock on /workdir/hadoop-ozone/integration-test/target/test-dir/MiniOzoneClusterImpl-3651a17c-520d-479a-aff9-57061945e126/datanode-2/data/ratis/59920647-a534-4050-aa87-66d197728fcc/in_use.lock acquired by nodename 19366@byscane-nightly-8jrs9-2386324885
2019-07-31 00:42:12,344 INFO  storage.RaftStorage (RaftStorage.java:format(72)) - Storage directory /workdir/hadoop-ozone/integration-test/target/test-dir/MiniOzoneClusterImpl-3651a17c-520d-479a-aff9-57061945e126/datanode-2/data/ratis/59920647-a534-4050-aa87-66d197728fcc has been successfully formatted.
2019-07-31 00:42:12,345 INFO  ratis.ContainerStateMachine (ContainerStateMachine.java:loadSnapshot(213)) - group-66D197728FCC: The snapshot info is null. Setting the last applied indexto:(t:0, i:~)
2019-07-31 00:42:12,345 INFO  server.RaftServerConfigKeys (ConfUtils.java:logGet(43)) - raft.server.leader.election.timeout = 120s (custom)
2019-07-31 00:42:12,345 INFO  server.RaftServerConfigKeys (ConfUtils.java:logGet(43)) - raft.server.log.use.memory = false (default)
2019-07-31 00:42:12,345 INFO  server.RaftServerConfigKeys (ConfUtils.java:logGet(43)) - raft.server.log.purge.gap = 1000000000 (custom)
2019-07-31 00:42:12,345 INFO  server.RaftServerConfigKeys (ConfUtils.java:logGet(43)) - raft.server.log.appender.buffer.byte-limit = 33554432 (custom)
2019-07-31 00:42:12,345 INFO  server.RaftServerConfigKeys (ConfUtils.java:logGet(43)) - raft.server.log.segment.size.max = 1048576 (custom)
2019-07-31 00:42:12,346 INFO  server.RaftServerConfigKeys (ConfUtils.java:logGet(43)) - raft.server.log.segment.cache.num.max = 2 (custom)
2019-07-31 00:42:12,346 INFO  segmented.SegmentedRaftLogWorker (SegmentedRaftLogWorker.java:<init>(172)) - new b21db089-cc86-4e23-83e0-adc12698a3e5-SegmentedRaftLogWorker:Storage Directory /workdir/hadoop-ozone/integration-test/target/test-dir/MiniOzoneClusterImpl-3651a17c-520d-479a-aff9-57061945e126/datanode-2/data/ratis/59920647-a534-4050-aa87-66d197728fcc for RaftStorage:Storage Directory /workdir/hadoop-ozone/integration-test/target/test-dir/MiniOzoneClusterImpl-3651a17c-520d-479a-aff9-57061945e126/datanode-2/data/ratis/59920647-a534-4050-aa87-66d197728fcc
2019-07-31 00:42:12,346 INFO  server.RaftServerConfigKeys (ConfUtils.java:logGet(43)) - raft.server.log.queue.byte-limit = 2147483647 (custom)
2019-07-31 00:42:12,346 INFO  server.RaftServerConfigKeys (ConfUtils.java:logGet(43)) - raft.server.log.queue.element-limit = 1024 (custom)
2019-07-31 00:42:12,346 INFO  server.RaftServerConfigKeys (ConfUtils.java:logGet(43)) - raft.server.log.segment.size.max = 1048576 (custom)
2019-07-31 00:42:12,346 INFO  server.RaftServerConfigKeys (ConfUtils.java:logGet(43)) - raft.server.log.preallocated.size = 16384 (custom)
2019-07-31 00:42:12,347 INFO  server.RaftServerConfigKeys (ConfUtils.java:logGet(43)) - raft.server.log.write.buffer.size = 33554432 (custom)
2019-07-31 00:42:12,347 INFO  server.RaftServerConfigKeys (ConfUtils.java:logGet(43)) - raft.server.log.force.sync.num = 128 (default)
2019-07-31 00:42:12,347 INFO  server.RaftServerConfigKeys (ConfUtils.java:logGet(43)) - raft.server.log.statemachine.data.sync = true (default)
2019-07-31 00:42:12,347 INFO  server.RaftServerConfigKeys (ConfUtils.java:logGet(43)) - raft.server.log.statemachine.data.sync.timeout = 10s (default)
2019-07-31 00:42:12,347 INFO  server.RaftServerConfigKeys (ConfUtils.java:logGet(43)) - raft.server.log.statemachine.data.sync.timeout.retry = -1 (default)
2019-07-31 00:42:12,347 INFO  server.RaftServerConfigKeys (ConfUtils.java:logGet(43)) - raft.server.log.statemachine.data.caching.enabled = true (custom)
2019-07-31 00:42:12,348 INFO  segmented.SegmentedRaftLogWorker (SegmentedRaftLogWorker.java:lambda$new$0(132)) - b21db089-cc86-4e23-83e0-adc12698a3e5-SegmentedRaftLogWorker:Storage Directory /workdir/hadoop-ozone/integration-test/target/test-dir/MiniOzoneClusterImpl-3651a17c-520d-479a-aff9-57061945e126/datanode-2/data/ratis/59920647-a534-4050-aa87-66d197728fcc: flushIndex: setUnconditionally 0 -> -1
2019-07-31 00:42:12,348 INFO  server.RaftServerConfigKeys (ConfUtils.java:logGet(43)) - raft.server.snapshot.auto.trigger.enabled = true (custom)
2019-07-31 00:42:12,348 INFO  server.RaftServerConfigKeys (ConfUtils.java:logGet(43)) - raft.server.snapshot.auto.trigger.threshold = 10000 (custom)
2019-07-31 00:42:12,348 INFO  server.RaftServerConfigKeys (ConfUtils.java:logGet(43)) - raft.server.retrycache.expirytime = 600000ms (custom)
2019-07-31 00:42:12,349 INFO  impl.RaftServerImpl (RaftServerImpl.java:start(180)) - b21db089-cc86-4e23-83e0-adc12698a3e5: start group-66D197728FCC
2019-07-31 00:42:12,349 INFO  impl.RaftServerImpl (RaftServerImpl.java:setRole(171)) - b21db089-cc86-4e23-83e0-adc12698a3e5:group-66D197728FCC changes role from null to FOLLOWER at term 0 for startAsFollower
2019-07-31 00:42:12,349 INFO  impl.RoleInfo (RoleInfo.java:updateAndGet(143)) - b21db089-cc86-4e23-83e0-adc12698a3e5: start FollowerState
2019-07-31 00:42:12,349 INFO  util.JmxRegister (JmxRegister.java:tryRegister(44)) - Successfully registered JMX Bean with object name Ratis:service=RaftServer,group=group-66D197728FCC,id=b21db089-cc86-4e23-83e0-adc12698a3e5
2019-07-31 00:42:12,351 INFO  pipeline.PipelineStateManager (PipelineStateManager.java:addPipeline(56)) - Created pipeline Pipeline[ Id: 59920647-a534-4050-aa87-66d197728fcc, Nodes: b21db089-cc86-4e23-83e0-adc12698a3e5{ip: 192.168.69.114, host: byscane-nightly-8jrs9-2386324885, networkLocation: /default-rack, certSerialId: null}, Type:RATIS, Factor:ONE, State:OPEN]
2019-07-31 00:42:12,364 INFO  impl.RaftServerProxy (RaftServerProxy.java:addNew(89)) - 68530759-a9b4-429d-a744-d9196cfd04d9: addNew group-A2F98B5D1D34:[b21db089-cc86-4e23-83e0-adc12698a3e5:192.168.69.114:43309, 68530759-a9b4-429d-a744-d9196cfd04d9:192.168.69.114:44195, 1498636e-be33-47ac-bb18-f5fe604b271f:192.168.69.114:41388] returns group-A2F98B5D1D34:java.util.concurrent.CompletableFuture@3af82275[Not completed]
2019-07-31 00:42:12,364 INFO  impl.RaftServerProxy (RaftServerProxy.java:addNew(89)) - b21db089-cc86-4e23-83e0-adc12698a3e5: addNew group-A2F98B5D1D34:[b21db089-cc86-4e23-83e0-adc12698a3e5:192.168.69.114:43309, 68530759-a9b4-429d-a744-d9196cfd04d9:192.168.69.114:44195, 1498636e-be33-47ac-bb18-f5fe604b271f:192.168.69.114:41388] returns group-A2F98B5D1D34:java.util.concurrent.CompletableFuture@20fd73b2[Not completed]
2019-07-31 00:42:12,364 INFO  impl.RaftServerProxy (RaftServerProxy.java:addNew(89)) - 1498636e-be33-47ac-bb18-f5fe604b271f: addNew group-A2F98B5D1D34:[b21db089-cc86-4e23-83e0-adc12698a3e5:192.168.69.114:43309, 68530759-a9b4-429d-a744-d9196cfd04d9:192.168.69.114:44195, 1498636e-be33-47ac-bb18-f5fe604b271f:192.168.69.114:41388] returns group-A2F98B5D1D34:java.util.concurrent.CompletableFuture@557d3cf0[Not completed]
2019-07-31 00:42:12,365 INFO  impl.RaftServerImpl (RaftServerImpl.java:<init>(93)) - b21db089-cc86-4e23-83e0-adc12698a3e5: new RaftServerImpl for group-A2F98B5D1D34:[b21db089-cc86-4e23-83e0-adc12698a3e5:192.168.69.114:43309, 68530759-a9b4-429d-a744-d9196cfd04d9:192.168.69.114:44195, 1498636e-be33-47ac-bb18-f5fe604b271f:192.168.69.114:41388] with ContainerStateMachine:uninitialized
2019-07-31 00:42:12,365 INFO  server.RaftServerConfigKeys (ConfUtils.java:logGet(43)) - raft.server.rpc.timeout.min = 5s (custom)
2019-07-31 00:42:12,365 INFO  server.RaftServerConfigKeys (ConfUtils.java:logGet(43)) - raft.server.rpc.timeout.max = 5200ms (custom)
2019-07-31 00:42:12,365 INFO  impl.RaftServerImpl (RaftServerImpl.java:<init>(93)) - 1498636e-be33-47ac-bb18-f5fe604b271f: new RaftServerImpl for group-A2F98B5D1D34:[b21db089-cc86-4e23-83e0-adc12698a3e5:192.168.69.114:43309, 68530759-a9b4-429d-a744-d9196cfd04d9:192.168.69.114:44195, 1498636e-be33-47ac-bb18-f5fe604b271f:192.168.69.114:41388] with ContainerStateMachine:uninitialized
2019-07-31 00:42:12,365 INFO  server.RaftServerConfigKeys (ConfUtils.java:logGet(43)) - raft.server.rpcslowness.timeout = 120s (custom)
2019-07-31 00:42:12,365 INFO  server.RaftServerConfigKeys (ConfUtils.java:logGet(43)) - raft.server.rpc.timeout.min = 5s (custom)
2019-07-31 00:42:12,365 INFO  impl.RaftServerImpl (RaftServerImpl.java:<init>(93)) - 68530759-a9b4-429d-a744-d9196cfd04d9: new RaftServerImpl for group-A2F98B5D1D34:[b21db089-cc86-4e23-83e0-adc12698a3e5:192.168.69.114:43309, 68530759-a9b4-429d-a744-d9196cfd04d9:192.168.69.114:44195, 1498636e-be33-47ac-bb18-f5fe604b271f:192.168.69.114:41388] with ContainerStateMachine:uninitialized
2019-07-31 00:42:12,365 INFO  server.RaftServerConfigKeys (ConfUtils.java:logGet(43)) - raft.server.sleep.deviation.threshold = 300 (default)
2019-07-31 00:42:12,366 INFO  server.RaftServerConfigKeys (ConfUtils.java:logGet(43)) - raft.server.rpc.timeout.min = 5s (custom)
2019-07-31 00:42:12,365 INFO  server.RaftServerConfigKeys (ConfUtils.java:logGet(43)) - raft.server.rpc.timeout.max = 5200ms (custom)
2019-07-31 00:42:12,366 INFO  server.RaftServerConfigKeys (ConfUtils.java:logGet(43)) - raft.server.rpc.timeout.max = 5200ms (custom)
2019-07-31 00:42:12,366 INFO  server.RaftServerConfigKeys (ConfUtils.java:logGet(43)) - raft.server.log.appender.install.snapshot.enabled = false (custom)
2019-07-31 00:42:12,366 INFO  server.RaftServerConfigKeys (ConfUtils.java:logGet(43)) - raft.server.rpcslowness.timeout = 120s (custom)
2019-07-31 00:42:12,366 INFO  server.RaftServerConfigKeys (ConfUtils.java:logGet(43)) - raft.server.rpcslowness.timeout = 120s (custom)
2019-07-31 00:42:12,366 INFO  server.RaftServerConfigKeys (ConfUtils.java:logGet(43)) - raft.server.sleep.deviation.threshold = 300 (default)
2019-07-31 00:42:12,366 INFO  impl.RaftServerImpl (ServerState.java:<init>(105)) - b21db089-cc86-4e23-83e0-adc12698a3e5:group-A2F98B5D1D34 ConfigurationManager, init=-1: [b21db089-cc86-4e23-83e0-adc12698a3e5:192.168.69.114:43309, 68530759-a9b4-429d-a744-d9196cfd04d9:192.168.69.114:44195, 1498636e-be33-47ac-bb18-f5fe604b271f:192.168.69.114:41388], old=null, confs=<EMPTY_MAP>
2019-07-31 00:42:12,366 INFO  server.RaftServerConfigKeys (ConfUtils.java:logGet(43)) - raft.server.log.appender.install.snapshot.enabled = false (custom)
2019-07-31 00:42:12,366 INFO  server.RaftServerConfigKeys (ConfUtils.java:logGet(43)) - raft.server.sleep.deviation.threshold = 300 (default)
2019-07-31 00:42:12,367 INFO  impl.RaftServerImpl (ServerState.java:<init>(105)) - 68530759-a9b4-429d-a744-d9196cfd04d9:group-A2F98B5D1D34 ConfigurationManager, init=-1: [b21db089-cc86-4e23-83e0-adc12698a3e5:192.168.69.114:43309, 68530759-a9b4-429d-a744-d9196cfd04d9:192.168.69.114:44195, 1498636e-be33-47ac-bb18-f5fe604b271f:192.168.69.114:41388], old=null, confs=<EMPTY_MAP>
2019-07-31 00:42:12,367 INFO  server.RaftServerConfigKeys (ConfUtils.java:logGet(43)) - raft.server.storage.dir = [/workdir/hadoop-ozone/integration-test/target/test-dir/MiniOzoneClusterImpl-3651a17c-520d-479a-aff9-57061945e126/datanode-2/data/ratis] (custom)
2019-07-31 00:42:12,367 INFO  server.RaftServerConfigKeys (ConfUtils.java:logGet(43)) - raft.server.storage.dir = [/workdir/hadoop-ozone/integration-test/target/test-dir/MiniOzoneClusterImpl-3651a17c-520d-479a-aff9-57061945e126/datanode-0/data/ratis] (custom)
2019-07-31 00:42:12,367 INFO  server.RaftServerConfigKeys (ConfUtils.java:logGet(43)) - raft.server.log.appender.install.snapshot.enabled = false (custom)
2019-07-31 00:42:12,367 INFO  storage.RaftStorageDirectory (RaftStorageDirectory.java:analyzeStorage(246)) - The storage directory /workdir/hadoop-ozone/integration-test/target/test-dir/MiniOzoneClusterImpl-3651a17c-520d-479a-aff9-57061945e126/datanode-2/data/ratis/b4c368e9-0a7f-4579-a366-a2f98b5d1d34 does not exist. Creating ...
2019-07-31 00:42:12,367 INFO  storage.RaftStorageDirectory (RaftStorageDirectory.java:analyzeStorage(246)) - The storage directory /workdir/hadoop-ozone/integration-test/target/test-dir/MiniOzoneClusterImpl-3651a17c-520d-479a-aff9-57061945e126/datanode-0/data/ratis/b4c368e9-0a7f-4579-a366-a2f98b5d1d34 does not exist. Creating ...
2019-07-31 00:42:12,367 INFO  impl.RaftServerImpl (ServerState.java:<init>(105)) - 1498636e-be33-47ac-bb18-f5fe604b271f:group-A2F98B5D1D34 ConfigurationManager, init=-1: [b21db089-cc86-4e23-83e0-adc12698a3e5:192.168.69.114:43309, 68530759-a9b4-429d-a744-d9196cfd04d9:192.168.69.114:44195, 1498636e-be33-47ac-bb18-f5fe604b271f:192.168.69.114:41388], old=null, confs=<EMPTY_MAP>
2019-07-31 00:42:12,368 INFO  server.RaftServerConfigKeys (ConfUtils.java:logGet(43)) - raft.server.storage.dir = [/workdir/hadoop-ozone/integration-test/target/test-dir/MiniOzoneClusterImpl-3651a17c-520d-479a-aff9-57061945e126/datanode-1/data/ratis] (custom)
2019-07-31 00:42:12,368 INFO  storage.RaftStorageDirectory (RaftStorageDirectory.java:analyzeStorage(246)) - The storage directory /workdir/hadoop-ozone/integration-test/target/test-dir/MiniOzoneClusterImpl-3651a17c-520d-479a-aff9-57061945e126/datanode-1/data/ratis/b4c368e9-0a7f-4579-a366-a2f98b5d1d34 does not exist. Creating ...
2019-07-31 00:42:12,381 INFO  storage.RaftStorageDirectory (RaftStorageDirectory.java:tryLock(328)) - Lock on /workdir/hadoop-ozone/integration-test/target/test-dir/MiniOzoneClusterImpl-3651a17c-520d-479a-aff9-57061945e126/datanode-2/data/ratis/b4c368e9-0a7f-4579-a366-a2f98b5d1d34/in_use.lock acquired by nodename 19366@byscane-nightly-8jrs9-2386324885
2019-07-31 00:42:12,381 INFO  storage.RaftStorageDirectory (RaftStorageDirectory.java:tryLock(328)) - Lock on /workdir/hadoop-ozone/integration-test/target/test-dir/MiniOzoneClusterImpl-3651a17c-520d-479a-aff9-57061945e126/datanode-0/data/ratis/b4c368e9-0a7f-4579-a366-a2f98b5d1d34/in_use.lock acquired by nodename 19366@byscane-nightly-8jrs9-2386324885
2019-07-31 00:42:12,381 INFO  storage.RaftStorageDirectory (RaftStorageDirectory.java:tryLock(328)) - Lock on /workdir/hadoop-ozone/integration-test/target/test-dir/MiniOzoneClusterImpl-3651a17c-520d-479a-aff9-57061945e126/datanode-1/data/ratis/b4c368e9-0a7f-4579-a366-a2f98b5d1d34/in_use.lock acquired by nodename 19366@byscane-nightly-8jrs9-2386324885
2019-07-31 00:42:12,394 INFO  storage.RaftStorage (RaftStorage.java:format(72)) - Storage directory /workdir/hadoop-ozone/integration-test/target/test-dir/MiniOzoneClusterImpl-3651a17c-520d-479a-aff9-57061945e126/datanode-1/data/ratis/b4c368e9-0a7f-4579-a366-a2f98b5d1d34 has been successfully formatted.
2019-07-31 00:42:12,394 INFO  storage.RaftStorage (RaftStorage.java:format(72)) - Storage directory /workdir/hadoop-ozone/integration-test/target/test-dir/MiniOzoneClusterImpl-3651a17c-520d-479a-aff9-57061945e126/datanode-2/data/ratis/b4c368e9-0a7f-4579-a366-a2f98b5d1d34 has been successfully formatted.
2019-07-31 00:42:12,394 INFO  storage.RaftStorage (RaftStorage.java:format(72)) - Storage directory /workdir/hadoop-ozone/integration-test/target/test-dir/MiniOzoneClusterImpl-3651a17c-520d-479a-aff9-57061945e126/datanode-0/data/ratis/b4c368e9-0a7f-4579-a366-a2f98b5d1d34 has been successfully formatted.
2019-07-31 00:42:12,395 INFO  ratis.ContainerStateMachine (ContainerStateMachine.java:loadSnapshot(213)) - group-A2F98B5D1D34: The snapshot info is null. Setting the last applied indexto:(t:0, i:~)
2019-07-31 00:42:12,394 INFO  ratis.ContainerStateMachine (ContainerStateMachine.java:loadSnapshot(213)) - group-A2F98B5D1D34: The snapshot info is null. Setting the last applied indexto:(t:0, i:~)
2019-07-31 00:42:12,395 INFO  server.RaftServerConfigKeys (ConfUtils.java:logGet(43)) - raft.server.leader.election.timeout = 120s (custom)
2019-07-31 00:42:12,395 INFO  ratis.ContainerStateMachine (ContainerStateMachine.java:loadSnapshot(213)) - group-A2F98B5D1D34: The snapshot info is null. Setting the last applied indexto:(t:0, i:~)
2019-07-31 00:42:12,395 INFO  server.RaftServerConfigKeys (ConfUtils.java:logGet(43)) - raft.server.log.use.memory = false (default)
2019-07-31 00:42:12,395 INFO  server.RaftServerConfigKeys (ConfUtils.java:logGet(43)) - raft.server.leader.election.timeout = 120s (custom)
2019-07-31 00:42:12,395 INFO  server.RaftServerConfigKeys (ConfUtils.java:logGet(43)) - raft.server.log.purge.gap = 1000000000 (custom)
2019-07-31 00:42:12,395 INFO  server.RaftServerConfigKeys (ConfUtils.java:logGet(43)) - raft.server.leader.election.timeout = 120s (custom)
2019-07-31 00:42:12,396 INFO  server.RaftServerConfigKeys (ConfUtils.java:logGet(43)) - raft.server.log.appender.buffer.byte-limit = 33554432 (custom)
2019-07-31 00:42:12,395 INFO  server.RaftServerConfigKeys (ConfUtils.java:logGet(43)) - raft.server.log.use.memory = false (default)
2019-07-31 00:42:12,396 INFO  server.RaftServerConfigKeys (ConfUtils.java:logGet(43)) - raft.server.log.segment.size.max = 1048576 (custom)
2019-07-31 00:42:12,396 INFO  server.RaftServerConfigKeys (ConfUtils.java:logGet(43)) - raft.server.log.use.memory = false (default)
2019-07-31 00:42:12,396 INFO  server.RaftServerConfigKeys (ConfUtils.java:logGet(43)) - raft.server.log.segment.cache.num.max = 2 (custom)
2019-07-31 00:42:12,396 INFO  server.RaftServerConfigKeys (ConfUtils.java:logGet(43)) - raft.server.log.purge.gap = 1000000000 (custom)
2019-07-31 00:42:12,396 INFO  segmented.SegmentedRaftLogWorker (SegmentedRaftLogWorker.java:<init>(172)) - new b21db089-cc86-4e23-83e0-adc12698a3e5-SegmentedRaftLogWorker:Storage Directory /workdir/hadoop-ozone/integration-test/target/test-dir/MiniOzoneClusterImpl-3651a17c-520d-479a-aff9-57061945e126/datanode-2/data/ratis/b4c368e9-0a7f-4579-a366-a2f98b5d1d34 for RaftStorage:Storage Directory /workdir/hadoop-ozone/integration-test/target/test-dir/MiniOzoneClusterImpl-3651a17c-520d-479a-aff9-57061945e126/datanode-2/data/ratis/b4c368e9-0a7f-4579-a366-a2f98b5d1d34
2019-07-31 00:42:12,396 INFO  server.RaftServerConfigKeys (ConfUtils.java:logGet(43)) - raft.server.log.purge.gap = 1000000000 (custom)
2019-07-31 00:42:12,397 INFO  server.RaftServerConfigKeys (ConfUtils.java:logGet(43)) - raft.server.log.queue.byte-limit = 2147483647 (custom)
2019-07-31 00:42:12,396 INFO  server.RaftServerConfigKeys (ConfUtils.java:logGet(43)) - raft.server.log.appender.buffer.byte-limit = 33554432 (custom)
2019-07-31 00:42:12,397 INFO  server.RaftServerConfigKeys (ConfUtils.java:logGet(43)) - raft.server.log.queue.element-limit = 1024 (custom)
2019-07-31 00:42:12,397 INFO  server.RaftServerConfigKeys (ConfUtils.java:logGet(43)) - raft.server.log.appender.buffer.byte-limit = 33554432 (custom)
2019-07-31 00:42:12,397 INFO  server.RaftServerConfigKeys (ConfUtils.java:logGet(43)) - raft.server.log.segment.size.max = 1048576 (custom)
2019-07-31 00:42:12,397 INFO  server.RaftServerConfigKeys (ConfUtils.java:logGet(43)) - raft.server.log.segment.size.max = 1048576 (custom)
2019-07-31 00:42:12,397 INFO  server.RaftServerConfigKeys (ConfUtils.java:logGet(43)) - raft.server.log.preallocated.size = 16384 (custom)
2019-07-31 00:42:12,398 INFO  server.RaftServerConfigKeys (ConfUtils.java:logGet(43)) - raft.server.log.write.buffer.size = 33554432 (custom)
2019-07-31 00:42:12,397 INFO  server.RaftServerConfigKeys (ConfUtils.java:logGet(43)) - raft.server.log.segment.size.max = 1048576 (custom)
2019-07-31 00:42:12,398 INFO  server.RaftServerConfigKeys (ConfUtils.java:logGet(43)) - raft.server.log.force.sync.num = 128 (default)
2019-07-31 00:42:12,398 INFO  server.RaftServerConfigKeys (ConfUtils.java:logGet(43)) - raft.server.log.segment.cache.num.max = 2 (custom)
2019-07-31 00:42:12,398 INFO  server.RaftServerConfigKeys (ConfUtils.java:logGet(43)) - raft.server.log.statemachine.data.sync = true (default)
2019-07-31 00:42:12,398 INFO  server.RaftServerConfigKeys (ConfUtils.java:logGet(43)) - raft.server.log.segment.cache.num.max = 2 (custom)
2019-07-31 00:42:12,398 INFO  server.RaftServerConfigKeys (ConfUtils.java:logGet(43)) - raft.server.log.statemachine.data.sync.timeout = 10s (default)
2019-07-31 00:42:12,399 INFO  server.RaftServerConfigKeys (ConfUtils.java:logGet(43)) - raft.server.log.statemachine.data.sync.timeout.retry = -1 (default)
2019-07-31 00:42:12,398 INFO  segmented.SegmentedRaftLogWorker (SegmentedRaftLogWorker.java:<init>(172)) - new 1498636e-be33-47ac-bb18-f5fe604b271f-SegmentedRaftLogWorker:Storage Directory /workdir/hadoop-ozone/integration-test/target/test-dir/MiniOzoneClusterImpl-3651a17c-520d-479a-aff9-57061945e126/datanode-1/data/ratis/b4c368e9-0a7f-4579-a366-a2f98b5d1d34 for RaftStorage:Storage Directory /workdir/hadoop-ozone/integration-test/target/test-dir/MiniOzoneClusterImpl-3651a17c-520d-479a-aff9-57061945e126/datanode-1/data/ratis/b4c368e9-0a7f-4579-a366-a2f98b5d1d34
2019-07-31 00:42:12,399 INFO  server.RaftServerConfigKeys (ConfUtils.java:logGet(43)) - raft.server.log.statemachine.data.caching.enabled = true (custom)
2019-07-31 00:42:12,399 INFO  segmented.SegmentedRaftLogWorker (SegmentedRaftLogWorker.java:<init>(172)) - new 68530759-a9b4-429d-a744-d9196cfd04d9-SegmentedRaftLogWorker:Storage Directory /workdir/hadoop-ozone/integration-test/target/test-dir/MiniOzoneClusterImpl-3651a17c-520d-479a-aff9-57061945e126/datanode-0/data/ratis/b4c368e9-0a7f-4579-a366-a2f98b5d1d34 for RaftStorage:Storage Directory /workdir/hadoop-ozone/integration-test/target/test-dir/MiniOzoneClusterImpl-3651a17c-520d-479a-aff9-57061945e126/datanode-0/data/ratis/b4c368e9-0a7f-4579-a366-a2f98b5d1d34
2019-07-31 00:42:12,399 INFO  server.RaftServerConfigKeys (ConfUtils.java:logGet(43)) - raft.server.log.queue.byte-limit = 2147483647 (custom)
2019-07-31 00:42:12,399 INFO  segmented.SegmentedRaftLogWorker (SegmentedRaftLogWorker.java:lambda$new$0(132)) - b21db089-cc86-4e23-83e0-adc12698a3e5-SegmentedRaftLogWorker:Storage Directory /workdir/hadoop-ozone/integration-test/target/test-dir/MiniOzoneClusterImpl-3651a17c-520d-479a-aff9-57061945e126/datanode-2/data/ratis/b4c368e9-0a7f-4579-a366-a2f98b5d1d34: flushIndex: setUnconditionally 0 -> -1
2019-07-31 00:42:12,399 INFO  server.RaftServerConfigKeys (ConfUtils.java:logGet(43)) - raft.server.log.queue.byte-limit = 2147483647 (custom)
2019-07-31 00:42:12,399 INFO  server.RaftServerConfigKeys (ConfUtils.java:logGet(43)) - raft.server.log.queue.element-limit = 1024 (custom)
2019-07-31 00:42:12,400 INFO  server.RaftServerConfigKeys (ConfUtils.java:logGet(43)) - raft.server.snapshot.auto.trigger.enabled = true (custom)
2019-07-31 00:42:12,400 INFO  server.RaftServerConfigKeys (ConfUtils.java:logGet(43)) - raft.server.log.queue.element-limit = 1024 (custom)
2019-07-31 00:42:12,400 INFO  server.RaftServerConfigKeys (ConfUtils.java:logGet(43)) - raft.server.snapshot.auto.trigger.threshold = 10000 (custom)
2019-07-31 00:42:12,400 INFO  server.RaftServerConfigKeys (ConfUtils.java:logGet(43)) - raft.server.log.segment.size.max = 1048576 (custom)
2019-07-31 00:42:12,400 INFO  server.RaftServerConfigKeys (ConfUtils.java:logGet(43)) - raft.server.retrycache.expirytime = 600000ms (custom)
2019-07-31 00:42:12,400 INFO  server.RaftServerConfigKeys (ConfUtils.java:logGet(43)) - raft.server.log.segment.size.max = 1048576 (custom)
2019-07-31 00:42:12,400 INFO  impl.RaftServerImpl (RaftServerImpl.java:start(180)) - b21db089-cc86-4e23-83e0-adc12698a3e5: start group-A2F98B5D1D34
2019-07-31 00:42:12,400 INFO  server.RaftServerConfigKeys (ConfUtils.java:logGet(43)) - raft.server.log.preallocated.size = 16384 (custom)
2019-07-31 00:42:12,401 INFO  impl.RaftServerImpl (RaftServerImpl.java:setRole(171)) - b21db089-cc86-4e23-83e0-adc12698a3e5:group-A2F98B5D1D34 changes role from null to FOLLOWER at term 0 for startAsFollower
2019-07-31 00:42:12,401 INFO  server.RaftServerConfigKeys (ConfUtils.java:logGet(43)) - raft.server.log.preallocated.size = 16384 (custom)
2019-07-31 00:42:12,401 INFO  impl.RoleInfo (RoleInfo.java:updateAndGet(143)) - b21db089-cc86-4e23-83e0-adc12698a3e5: start FollowerState
2019-07-31 00:42:12,401 INFO  server.RaftServerConfigKeys (ConfUtils.java:logGet(43)) - raft.server.log.write.buffer.size = 33554432 (custom)
2019-07-31 00:42:12,401 INFO  server.RaftServerConfigKeys (ConfUtils.java:logGet(43)) - raft.server.log.write.buffer.size = 33554432 (custom)
2019-07-31 00:42:12,401 INFO  server.RaftServerConfigKeys (ConfUtils.java:logGet(43)) - raft.server.log.force.sync.num = 128 (default)
2019-07-31 00:42:12,410 INFO  util.JmxRegister (JmxRegister.java:tryRegister(44)) - Successfully registered JMX Bean with object name Ratis:service=RaftServer,group=group-A2F98B5D1D34,id=b21db089-cc86-4e23-83e0-adc12698a3e5
2019-07-31 00:42:12,401 INFO  server.RaftServerConfigKeys (ConfUtils.java:logGet(43)) - raft.server.log.force.sync.num = 128 (default)
2019-07-31 00:42:12,410 INFO  server.RaftServerConfigKeys (ConfUtils.java:logGet(43)) - raft.server.log.statemachine.data.sync = true (default)
2019-07-31 00:42:12,410 INFO  server.RaftServerConfigKeys (ConfUtils.java:logGet(43)) - raft.server.log.statemachine.data.sync = true (default)
2019-07-31 00:42:12,417 INFO  server.RaftServerConfigKeys (ConfUtils.java:logGet(43)) - raft.server.log.statemachine.data.sync.timeout = 10s (default)
2019-07-31 00:42:12,417 INFO  server.RaftServerConfigKeys (ConfUtils.java:logGet(43)) - raft.server.log.statemachine.data.sync.timeout = 10s (default)
2019-07-31 00:42:12,417 INFO  server.RaftServerConfigKeys (ConfUtils.java:logGet(43)) - raft.server.log.statemachine.data.sync.timeout.retry = -1 (default)
2019-07-31 00:42:12,417 INFO  server.RaftServerConfigKeys (ConfUtils.java:logGet(43)) - raft.server.log.statemachine.data.sync.timeout.retry = -1 (default)
2019-07-31 00:42:12,417 INFO  server.RaftServerConfigKeys (ConfUtils.java:logGet(43)) - raft.server.log.statemachine.data.caching.enabled = true (custom)
2019-07-31 00:42:12,418 INFO  server.RaftServerConfigKeys (ConfUtils.java:logGet(43)) - raft.server.log.statemachine.data.caching.enabled = true (custom)
2019-07-31 00:42:12,418 INFO  segmented.SegmentedRaftLogWorker (SegmentedRaftLogWorker.java:lambda$new$0(132)) - 1498636e-be33-47ac-bb18-f5fe604b271f-SegmentedRaftLogWorker:Storage Directory /workdir/hadoop-ozone/integration-test/target/test-dir/MiniOzoneClusterImpl-3651a17c-520d-479a-aff9-57061945e126/datanode-1/data/ratis/b4c368e9-0a7f-4579-a366-a2f98b5d1d34: flushIndex: setUnconditionally 0 -> -1
2019-07-31 00:42:12,418 INFO  segmented.SegmentedRaftLogWorker (SegmentedRaftLogWorker.java:lambda$new$0(132)) - 68530759-a9b4-429d-a744-d9196cfd04d9-SegmentedRaftLogWorker:Storage Directory /workdir/hadoop-ozone/integration-test/target/test-dir/MiniOzoneClusterImpl-3651a17c-520d-479a-aff9-57061945e126/datanode-0/data/ratis/b4c368e9-0a7f-4579-a366-a2f98b5d1d34: flushIndex: setUnconditionally 0 -> -1
2019-07-31 00:42:12,418 INFO  server.RaftServerConfigKeys (ConfUtils.java:logGet(43)) - raft.server.snapshot.auto.trigger.enabled = true (custom)
2019-07-31 00:42:12,418 INFO  server.RaftServerConfigKeys (ConfUtils.java:logGet(43)) - raft.server.snapshot.auto.trigger.enabled = true (custom)
2019-07-31 00:42:12,418 INFO  server.RaftServerConfigKeys (ConfUtils.java:logGet(43)) - raft.server.snapshot.auto.trigger.threshold = 10000 (custom)
2019-07-31 00:42:12,418 INFO  server.RaftServerConfigKeys (ConfUtils.java:logGet(43)) - raft.server.snapshot.auto.trigger.threshold = 10000 (custom)
2019-07-31 00:42:12,419 INFO  server.RaftServerConfigKeys (ConfUtils.java:logGet(43)) - raft.server.retrycache.expirytime = 600000ms (custom)
2019-07-31 00:42:12,419 INFO  server.RaftServerConfigKeys (ConfUtils.java:logGet(43)) - raft.server.retrycache.expirytime = 600000ms (custom)
2019-07-31 00:42:12,419 INFO  impl.RaftServerImpl (RaftServerImpl.java:start(180)) - 1498636e-be33-47ac-bb18-f5fe604b271f: start group-A2F98B5D1D34
2019-07-31 00:42:12,419 INFO  impl.RaftServerImpl (RaftServerImpl.java:start(180)) - 68530759-a9b4-429d-a744-d9196cfd04d9: start group-A2F98B5D1D34
2019-07-31 00:42:12,419 INFO  impl.RaftServerImpl (RaftServerImpl.java:setRole(171)) - 1498636e-be33-47ac-bb18-f5fe604b271f:group-A2F98B5D1D34 changes role from null to FOLLOWER at term 0 for startAsFollower
2019-07-31 00:42:12,419 INFO  impl.RaftServerImpl (RaftServerImpl.java:setRole(171)) - 68530759-a9b4-429d-a744-d9196cfd04d9:group-A2F98B5D1D34 changes role from null to FOLLOWER at term 0 for startAsFollower
2019-07-31 00:42:12,419 INFO  impl.RoleInfo (RoleInfo.java:updateAndGet(143)) - 1498636e-be33-47ac-bb18-f5fe604b271f: start FollowerState
2019-07-31 00:42:12,419 INFO  impl.RoleInfo (RoleInfo.java:updateAndGet(143)) - 68530759-a9b4-429d-a744-d9196cfd04d9: start FollowerState
2019-07-31 00:42:12,420 INFO  util.JmxRegister (JmxRegister.java:tryRegister(44)) - Successfully registered JMX Bean with object name Ratis:service=RaftServer,group=group-A2F98B5D1D34,id=1498636e-be33-47ac-bb18-f5fe604b271f
2019-07-31 00:42:12,420 INFO  util.JmxRegister (JmxRegister.java:tryRegister(44)) - Successfully registered JMX Bean with object name Ratis:service=RaftServer,group=group-A2F98B5D1D34,id=68530759-a9b4-429d-a744-d9196cfd04d9
2019-07-31 00:42:12,421 INFO  pipeline.PipelineStateManager (PipelineStateManager.java:addPipeline(56)) - Created pipeline Pipeline[ Id: b4c368e9-0a7f-4579-a366-a2f98b5d1d34, Nodes: 68530759-a9b4-429d-a744-d9196cfd04d9{ip: 192.168.69.114, host: byscane-nightly-8jrs9-2386324885, networkLocation: /default-rack, certSerialId: null}1498636e-be33-47ac-bb18-f5fe604b271f{ip: 192.168.69.114, host: byscane-nightly-8jrs9-2386324885, networkLocation: /default-rack, certSerialId: null}b21db089-cc86-4e23-83e0-adc12698a3e5{ip: 192.168.69.114, host: byscane-nightly-8jrs9-2386324885, networkLocation: /default-rack, certSerialId: null}, Type:RATIS, Factor:THREE, State:OPEN]
2019-07-31 00:42:12,463 INFO  net.NetworkTopology (NetworkTopologyImpl.java:add(110)) - Added a new node: /default-rack/d65af000-2156-4231-a394-22380e486286
2019-07-31 00:42:12,464 INFO  node.SCMNodeManager (SCMNodeManager.java:register(273)) - Registered Data node : d65af000-2156-4231-a394-22380e486286{ip: 192.168.69.114, host: byscane-nightly-8jrs9-2386324885, networkLocation: /default-rack, certSerialId: null}
2019-07-31 00:42:12,471 INFO  impl.RaftServerProxy (RaftServerProxy.java:addNew(89)) - d65af000-2156-4231-a394-22380e486286: addNew group-F6301ADBD7B9:[d65af000-2156-4231-a394-22380e486286:192.168.69.114:43478] returns group-F6301ADBD7B9:java.util.concurrent.CompletableFuture@9c278d1[Not completed]
2019-07-31 00:42:12,472 INFO  impl.RaftServerImpl (RaftServerImpl.java:<init>(93)) - d65af000-2156-4231-a394-22380e486286: new RaftServerImpl for group-F6301ADBD7B9:[d65af000-2156-4231-a394-22380e486286:192.168.69.114:43478] with ContainerStateMachine:uninitialized
2019-07-31 00:42:12,472 INFO  server.RaftServerConfigKeys (ConfUtils.java:logGet(43)) - raft.server.rpc.timeout.min = 5s (custom)
2019-07-31 00:42:12,472 INFO  server.RaftServerConfigKeys (ConfUtils.java:logGet(43)) - raft.server.rpc.timeout.max = 5200ms (custom)
2019-07-31 00:42:12,472 INFO  server.RaftServerConfigKeys (ConfUtils.java:logGet(43)) - raft.server.rpcslowness.timeout = 120s (custom)
2019-07-31 00:42:12,472 INFO  server.RaftServerConfigKeys (ConfUtils.java:logGet(43)) - raft.server.sleep.deviation.threshold = 300 (default)
2019-07-31 00:42:12,472 INFO  server.RaftServerConfigKeys (ConfUtils.java:logGet(43)) - raft.server.log.appender.install.snapshot.enabled = false (custom)
2019-07-31 00:42:12,472 INFO  impl.RaftServerImpl (ServerState.java:<init>(105)) - d65af000-2156-4231-a394-22380e486286:group-F6301ADBD7B9 ConfigurationManager, init=-1: [d65af000-2156-4231-a394-22380e486286:192.168.69.114:43478], old=null, confs=<EMPTY_MAP>
2019-07-31 00:42:12,472 INFO  server.RaftServerConfigKeys (ConfUtils.java:logGet(43)) - raft.server.storage.dir = [/workdir/hadoop-ozone/integration-test/target/test-dir/MiniOzoneClusterImpl-3651a17c-520d-479a-aff9-57061945e126/datanode-3/data/ratis] (custom)
2019-07-31 00:42:12,473 INFO  storage.RaftStorageDirectory (RaftStorageDirectory.java:analyzeStorage(246)) - The storage directory /workdir/hadoop-ozone/integration-test/target/test-dir/MiniOzoneClusterImpl-3651a17c-520d-479a-aff9-57061945e126/datanode-3/data/ratis/5e6b767f-45ab-4609-9cdf-f6301adbd7b9 does not exist. Creating ...
2019-07-31 00:42:12,486 INFO  storage.RaftStorageDirectory (RaftStorageDirectory.java:tryLock(328)) - Lock on /workdir/hadoop-ozone/integration-test/target/test-dir/MiniOzoneClusterImpl-3651a17c-520d-479a-aff9-57061945e126/datanode-3/data/ratis/5e6b767f-45ab-4609-9cdf-f6301adbd7b9/in_use.lock acquired by nodename 19366@byscane-nightly-8jrs9-2386324885
2019-07-31 00:42:12,499 INFO  storage.RaftStorage (RaftStorage.java:format(72)) - Storage directory /workdir/hadoop-ozone/integration-test/target/test-dir/MiniOzoneClusterImpl-3651a17c-520d-479a-aff9-57061945e126/datanode-3/data/ratis/5e6b767f-45ab-4609-9cdf-f6301adbd7b9 has been successfully formatted.
2019-07-31 00:42:12,500 INFO  ratis.ContainerStateMachine (ContainerStateMachine.java:loadSnapshot(213)) - group-F6301ADBD7B9: The snapshot info is null. Setting the last applied indexto:(t:0, i:~)
2019-07-31 00:42:12,500 INFO  server.RaftServerConfigKeys (ConfUtils.java:logGet(43)) - raft.server.leader.election.timeout = 120s (custom)
2019-07-31 00:42:12,500 INFO  server.RaftServerConfigKeys (ConfUtils.java:logGet(43)) - raft.server.log.use.memory = false (default)
2019-07-31 00:42:12,500 INFO  server.RaftServerConfigKeys (ConfUtils.java:logGet(43)) - raft.server.log.purge.gap = 1000000000 (custom)
2019-07-31 00:42:12,500 INFO  server.RaftServerConfigKeys (ConfUtils.java:logGet(43)) - raft.server.log.appender.buffer.byte-limit = 33554432 (custom)
2019-07-31 00:42:12,500 INFO  server.RaftServerConfigKeys (ConfUtils.java:logGet(43)) - raft.server.log.segment.size.max = 1048576 (custom)
2019-07-31 00:42:12,500 INFO  server.RaftServerConfigKeys (ConfUtils.java:logGet(43)) - raft.server.log.segment.cache.num.max = 2 (custom)
2019-07-31 00:42:12,501 INFO  segmented.SegmentedRaftLogWorker (SegmentedRaftLogWorker.java:<init>(172)) - new d65af000-2156-4231-a394-22380e486286-SegmentedRaftLogWorker:Storage Directory /workdir/hadoop-ozone/integration-test/target/test-dir/MiniOzoneClusterImpl-3651a17c-520d-479a-aff9-57061945e126/datanode-3/data/ratis/5e6b767f-45ab-4609-9cdf-f6301adbd7b9 for RaftStorage:Storage Directory /workdir/hadoop-ozone/integration-test/target/test-dir/MiniOzoneClusterImpl-3651a17c-520d-479a-aff9-57061945e126/datanode-3/data/ratis/5e6b767f-45ab-4609-9cdf-f6301adbd7b9
2019-07-31 00:42:12,501 INFO  server.RaftServerConfigKeys (ConfUtils.java:logGet(43)) - raft.server.log.queue.byte-limit = 2147483647 (custom)
2019-07-31 00:42:12,501 INFO  server.RaftServerConfigKeys (ConfUtils.java:logGet(43)) - raft.server.log.queue.element-limit = 1024 (custom)
2019-07-31 00:42:12,501 INFO  server.RaftServerConfigKeys (ConfUtils.java:logGet(43)) - raft.server.log.segment.size.max = 1048576 (custom)
2019-07-31 00:42:12,501 INFO  server.RaftServerConfigKeys (ConfUtils.java:logGet(43)) - raft.server.log.preallocated.size = 16384 (custom)
2019-07-31 00:42:12,501 INFO  server.RaftServerConfigKeys (ConfUtils.java:logGet(43)) - raft.server.log.write.buffer.size = 33554432 (custom)
2019-07-31 00:42:12,501 INFO  server.RaftServerConfigKeys (ConfUtils.java:logGet(43)) - raft.server.log.force.sync.num = 128 (default)
2019-07-31 00:42:12,502 INFO  server.RaftServerConfigKeys (ConfUtils.java:logGet(43)) - raft.server.log.statemachine.data.sync = true (default)
2019-07-31 00:42:12,502 INFO  server.RaftServerConfigKeys (ConfUtils.java:logGet(43)) - raft.server.log.statemachine.data.sync.timeout = 10s (default)
2019-07-31 00:42:12,502 INFO  server.RaftServerConfigKeys (ConfUtils.java:logGet(43)) - raft.server.log.statemachine.data.sync.timeout.retry = -1 (default)
2019-07-31 00:42:12,502 INFO  server.RaftServerConfigKeys (ConfUtils.java:logGet(43)) - raft.server.log.statemachine.data.caching.enabled = true (custom)
2019-07-31 00:42:12,502 INFO  segmented.SegmentedRaftLogWorker (SegmentedRaftLogWorker.java:lambda$new$0(132)) - d65af000-2156-4231-a394-22380e486286-SegmentedRaftLogWorker:Storage Directory /workdir/hadoop-ozone/integration-test/target/test-dir/MiniOzoneClusterImpl-3651a17c-520d-479a-aff9-57061945e126/datanode-3/data/ratis/5e6b767f-45ab-4609-9cdf-f6301adbd7b9: flushIndex: setUnconditionally 0 -> -1
2019-07-31 00:42:12,503 INFO  server.RaftServerConfigKeys (ConfUtils.java:logGet(43)) - raft.server.snapshot.auto.trigger.enabled = true (custom)
2019-07-31 00:42:12,503 INFO  server.RaftServerConfigKeys (ConfUtils.java:logGet(43)) - raft.server.snapshot.auto.trigger.threshold = 10000 (custom)
2019-07-31 00:42:12,503 INFO  server.RaftServerConfigKeys (ConfUtils.java:logGet(43)) - raft.server.retrycache.expirytime = 600000ms (custom)
2019-07-31 00:42:12,503 INFO  impl.RaftServerImpl (RaftServerImpl.java:start(180)) - d65af000-2156-4231-a394-22380e486286: start group-F6301ADBD7B9
2019-07-31 00:42:12,503 INFO  impl.RaftServerImpl (RaftServerImpl.java:setRole(171)) - d65af000-2156-4231-a394-22380e486286:group-F6301ADBD7B9 changes role from null to FOLLOWER at term 0 for startAsFollower
2019-07-31 00:42:12,504 INFO  impl.RoleInfo (RoleInfo.java:updateAndGet(143)) - d65af000-2156-4231-a394-22380e486286: start FollowerState
2019-07-31 00:42:12,504 INFO  util.JmxRegister (JmxRegister.java:tryRegister(44)) - Successfully registered JMX Bean with object name Ratis:service=RaftServer,group=group-F6301ADBD7B9,id=d65af000-2156-4231-a394-22380e486286
2019-07-31 00:42:12,506 INFO  pipeline.PipelineStateManager (PipelineStateManager.java:addPipeline(56)) - Created pipeline Pipeline[ Id: 5e6b767f-45ab-4609-9cdf-f6301adbd7b9, Nodes: d65af000-2156-4231-a394-22380e486286{ip: 192.168.69.114, host: byscane-nightly-8jrs9-2386324885, networkLocation: /default-rack, certSerialId: null}, Type:RATIS, Factor:ONE, State:OPEN]
2019-07-31 00:42:12,632 INFO  net.NetworkTopology (NetworkTopologyImpl.java:add(110)) - Added a new node: /default-rack/b7140eff-5703-4e09-9ea1-6d7697fb69a9
2019-07-31 00:42:12,632 INFO  node.SCMNodeManager (SCMNodeManager.java:register(273)) - Registered Data node : b7140eff-5703-4e09-9ea1-6d7697fb69a9{ip: 192.168.69.114, host: byscane-nightly-8jrs9-2386324885, networkLocation: /default-rack, certSerialId: null}
2019-07-31 00:42:12,639 INFO  impl.RaftServerProxy (RaftServerProxy.java:addNew(89)) - b7140eff-5703-4e09-9ea1-6d7697fb69a9: addNew group-823431FEE393:[b7140eff-5703-4e09-9ea1-6d7697fb69a9:192.168.69.114:37829] returns group-823431FEE393:java.util.concurrent.CompletableFuture@6b6028f0[Not completed]
2019-07-31 00:42:12,640 INFO  impl.RaftServerImpl (RaftServerImpl.java:<init>(93)) - b7140eff-5703-4e09-9ea1-6d7697fb69a9: new RaftServerImpl for group-823431FEE393:[b7140eff-5703-4e09-9ea1-6d7697fb69a9:192.168.69.114:37829] with ContainerStateMachine:uninitialized
2019-07-31 00:42:12,640 INFO  server.RaftServerConfigKeys (ConfUtils.java:logGet(43)) - raft.server.rpc.timeout.min = 5s (custom)
2019-07-31 00:42:12,640 INFO  server.RaftServerConfigKeys (ConfUtils.java:logGet(43)) - raft.server.rpc.timeout.max = 5200ms (custom)
2019-07-31 00:42:12,641 INFO  server.RaftServerConfigKeys (ConfUtils.java:logGet(43)) - raft.server.rpcslowness.timeout = 120s (custom)
2019-07-31 00:42:12,641 INFO  server.RaftServerConfigKeys (ConfUtils.java:logGet(43)) - raft.server.sleep.deviation.threshold = 300 (default)
2019-07-31 00:42:12,641 INFO  server.RaftServerConfigKeys (ConfUtils.java:logGet(43)) - raft.server.log.appender.install.snapshot.enabled = false (custom)
2019-07-31 00:42:12,641 INFO  impl.RaftServerImpl (ServerState.java:<init>(105)) - b7140eff-5703-4e09-9ea1-6d7697fb69a9:group-823431FEE393 ConfigurationManager, init=-1: [b7140eff-5703-4e09-9ea1-6d7697fb69a9:192.168.69.114:37829], old=null, confs=<EMPTY_MAP>
2019-07-31 00:42:12,641 INFO  server.RaftServerConfigKeys (ConfUtils.java:logGet(43)) - raft.server.storage.dir = [/workdir/hadoop-ozone/integration-test/target/test-dir/MiniOzoneClusterImpl-3651a17c-520d-479a-aff9-57061945e126/datanode-4/data/ratis] (custom)
2019-07-31 00:42:12,642 INFO  storage.RaftStorageDirectory (RaftStorageDirectory.java:analyzeStorage(246)) - The storage directory /workdir/hadoop-ozone/integration-test/target/test-dir/MiniOzoneClusterImpl-3651a17c-520d-479a-aff9-57061945e126/datanode-4/data/ratis/fc079b58-2130-491f-bd09-823431fee393 does not exist. Creating ...
2019-07-31 00:42:12,654 INFO  storage.RaftStorageDirectory (RaftStorageDirectory.java:tryLock(328)) - Lock on /workdir/hadoop-ozone/integration-test/target/test-dir/MiniOzoneClusterImpl-3651a17c-520d-479a-aff9-57061945e126/datanode-4/data/ratis/fc079b58-2130-491f-bd09-823431fee393/in_use.lock acquired by nodename 19366@byscane-nightly-8jrs9-2386324885
2019-07-31 00:42:12,672 INFO  storage.RaftStorage (RaftStorage.java:format(72)) - Storage directory /workdir/hadoop-ozone/integration-test/target/test-dir/MiniOzoneClusterImpl-3651a17c-520d-479a-aff9-57061945e126/datanode-4/data/ratis/fc079b58-2130-491f-bd09-823431fee393 has been successfully formatted.
2019-07-31 00:42:12,673 INFO  ratis.ContainerStateMachine (ContainerStateMachine.java:loadSnapshot(213)) - group-823431FEE393: The snapshot info is null. Setting the last applied indexto:(t:0, i:~)
2019-07-31 00:42:12,673 INFO  server.RaftServerConfigKeys (ConfUtils.java:logGet(43)) - raft.server.leader.election.timeout = 120s (custom)
2019-07-31 00:42:12,673 INFO  server.RaftServerConfigKeys (ConfUtils.java:logGet(43)) - raft.server.log.use.memory = false (default)
2019-07-31 00:42:12,673 INFO  server.RaftServerConfigKeys (ConfUtils.java:logGet(43)) - raft.server.log.purge.gap = 1000000000 (custom)
2019-07-31 00:42:12,673 INFO  server.RaftServerConfigKeys (ConfUtils.java:logGet(43)) - raft.server.log.appender.buffer.byte-limit = 33554432 (custom)
2019-07-31 00:42:12,674 INFO  server.RaftServerConfigKeys (ConfUtils.java:logGet(43)) - raft.server.log.segment.size.max = 1048576 (custom)
2019-07-31 00:42:12,674 INFO  server.RaftServerConfigKeys (ConfUtils.java:logGet(43)) - raft.server.log.segment.cache.num.max = 2 (custom)
2019-07-31 00:42:12,674 INFO  segmented.SegmentedRaftLogWorker (SegmentedRaftLogWorker.java:<init>(172)) - new b7140eff-5703-4e09-9ea1-6d7697fb69a9-SegmentedRaftLogWorker:Storage Directory /workdir/hadoop-ozone/integration-test/target/test-dir/MiniOzoneClusterImpl-3651a17c-520d-479a-aff9-57061945e126/datanode-4/data/ratis/fc079b58-2130-491f-bd09-823431fee393 for RaftStorage:Storage Directory /workdir/hadoop-ozone/integration-test/target/test-dir/MiniOzoneClusterImpl-3651a17c-520d-479a-aff9-57061945e126/datanode-4/data/ratis/fc079b58-2130-491f-bd09-823431fee393
2019-07-31 00:42:12,674 INFO  server.RaftServerConfigKeys (ConfUtils.java:logGet(43)) - raft.server.log.queue.byte-limit = 2147483647 (custom)
2019-07-31 00:42:12,674 INFO  server.RaftServerConfigKeys (ConfUtils.java:logGet(43)) - raft.server.log.queue.element-limit = 1024 (custom)
2019-07-31 00:42:12,674 INFO  server.RaftServerConfigKeys (ConfUtils.java:logGet(43)) - raft.server.log.segment.size.max = 1048576 (custom)
2019-07-31 00:42:12,675 INFO  server.RaftServerConfigKeys (ConfUtils.java:logGet(43)) - raft.server.log.preallocated.size = 16384 (custom)
2019-07-31 00:42:12,675 INFO  server.RaftServerConfigKeys (ConfUtils.java:logGet(43)) - raft.server.log.write.buffer.size = 33554432 (custom)
2019-07-31 00:42:12,675 INFO  server.RaftServerConfigKeys (ConfUtils.java:logGet(43)) - raft.server.log.force.sync.num = 128 (default)
2019-07-31 00:42:12,675 INFO  server.RaftServerConfigKeys (ConfUtils.java:logGet(43)) - raft.server.log.statemachine.data.sync = true (default)
2019-07-31 00:42:12,675 INFO  server.RaftServerConfigKeys (ConfUtils.java:logGet(43)) - raft.server.log.statemachine.data.sync.timeout = 10s (default)
2019-07-31 00:42:12,675 INFO  server.RaftServerConfigKeys (ConfUtils.java:logGet(43)) - raft.server.log.statemachine.data.sync.timeout.retry = -1 (default)
2019-07-31 00:42:12,676 INFO  server.RaftServerConfigKeys (ConfUtils.java:logGet(43)) - raft.server.log.statemachine.data.caching.enabled = true (custom)
2019-07-31 00:42:12,676 INFO  segmented.SegmentedRaftLogWorker (SegmentedRaftLogWorker.java:lambda$new$0(132)) - b7140eff-5703-4e09-9ea1-6d7697fb69a9-SegmentedRaftLogWorker:Storage Directory /workdir/hadoop-ozone/integration-test/target/test-dir/MiniOzoneClusterImpl-3651a17c-520d-479a-aff9-57061945e126/datanode-4/data/ratis/fc079b58-2130-491f-bd09-823431fee393: flushIndex: setUnconditionally 0 -> -1
2019-07-31 00:42:12,676 INFO  server.RaftServerConfigKeys (ConfUtils.java:logGet(43)) - raft.server.snapshot.auto.trigger.enabled = true (custom)
2019-07-31 00:42:12,676 INFO  server.RaftServerConfigKeys (ConfUtils.java:logGet(43)) - raft.server.snapshot.auto.trigger.threshold = 10000 (custom)
2019-07-31 00:42:12,676 INFO  server.RaftServerConfigKeys (ConfUtils.java:logGet(43)) - raft.server.retrycache.expirytime = 600000ms (custom)
2019-07-31 00:42:12,677 INFO  impl.RaftServerImpl (RaftServerImpl.java:start(180)) - b7140eff-5703-4e09-9ea1-6d7697fb69a9: start group-823431FEE393
2019-07-31 00:42:12,677 INFO  impl.RaftServerImpl (RaftServerImpl.java:setRole(171)) - b7140eff-5703-4e09-9ea1-6d7697fb69a9:group-823431FEE393 changes role from null to FOLLOWER at term 0 for startAsFollower
2019-07-31 00:42:12,677 INFO  impl.RoleInfo (RoleInfo.java:updateAndGet(143)) - b7140eff-5703-4e09-9ea1-6d7697fb69a9: start FollowerState
2019-07-31 00:42:12,677 INFO  util.JmxRegister (JmxRegister.java:tryRegister(44)) - Successfully registered JMX Bean with object name Ratis:service=RaftServer,group=group-823431FEE393,id=b7140eff-5703-4e09-9ea1-6d7697fb69a9
2019-07-31 00:42:12,679 INFO  pipeline.PipelineStateManager (PipelineStateManager.java:addPipeline(56)) - Created pipeline Pipeline[ Id: fc079b58-2130-491f-bd09-823431fee393, Nodes: b7140eff-5703-4e09-9ea1-6d7697fb69a9{ip: 192.168.69.114, host: byscane-nightly-8jrs9-2386324885, networkLocation: /default-rack, certSerialId: null}, Type:RATIS, Factor:ONE, State:OPEN]
2019-07-31 00:42:12,800 INFO  net.NetworkTopology (NetworkTopologyImpl.java:add(110)) - Added a new node: /default-rack/cb86e675-92ae-4063-a828-dc70313734de
2019-07-31 00:42:12,800 INFO  node.SCMNodeManager (SCMNodeManager.java:register(273)) - Registered Data node : cb86e675-92ae-4063-a828-dc70313734de{ip: 192.168.69.114, host: byscane-nightly-8jrs9-2386324885, networkLocation: /default-rack, certSerialId: null}
2019-07-31 00:42:12,810 INFO  impl.RaftServerProxy (RaftServerProxy.java:addNew(89)) - cb86e675-92ae-4063-a828-dc70313734de: addNew group-9BBC21F21F71:[cb86e675-92ae-4063-a828-dc70313734de:192.168.69.114:43071] returns group-9BBC21F21F71:java.util.concurrent.CompletableFuture@5d878f03[Not completed]
2019-07-31 00:42:12,811 INFO  impl.RaftServerImpl (RaftServerImpl.java:<init>(93)) - cb86e675-92ae-4063-a828-dc70313734de: new RaftServerImpl for group-9BBC21F21F71:[cb86e675-92ae-4063-a828-dc70313734de:192.168.69.114:43071] with ContainerStateMachine:uninitialized
2019-07-31 00:42:12,811 INFO  server.RaftServerConfigKeys (ConfUtils.java:logGet(43)) - raft.server.rpc.timeout.min = 5s (custom)
2019-07-31 00:42:12,811 INFO  server.RaftServerConfigKeys (ConfUtils.java:logGet(43)) - raft.server.rpc.timeout.max = 5200ms (custom)
2019-07-31 00:42:12,811 INFO  server.RaftServerConfigKeys (ConfUtils.java:logGet(43)) - raft.server.rpcslowness.timeout = 120s (custom)
2019-07-31 00:42:12,811 INFO  server.RaftServerConfigKeys (ConfUtils.java:logGet(43)) - raft.server.sleep.deviation.threshold = 300 (default)
2019-07-31 00:42:12,811 INFO  server.RaftServerConfigKeys (ConfUtils.java:logGet(43)) - raft.server.log.appender.install.snapshot.enabled = false (custom)
2019-07-31 00:42:12,811 INFO  impl.RaftServerImpl (ServerState.java:<init>(105)) - cb86e675-92ae-4063-a828-dc70313734de:group-9BBC21F21F71 ConfigurationManager, init=-1: [cb86e675-92ae-4063-a828-dc70313734de:192.168.69.114:43071], old=null, confs=<EMPTY_MAP>
2019-07-31 00:42:12,811 INFO  server.RaftServerConfigKeys (ConfUtils.java:logGet(43)) - raft.server.storage.dir = [/workdir/hadoop-ozone/integration-test/target/test-dir/MiniOzoneClusterImpl-3651a17c-520d-479a-aff9-57061945e126/datanode-5/data/ratis] (custom)
2019-07-31 00:42:12,812 INFO  storage.RaftStorageDirectory (RaftStorageDirectory.java:analyzeStorage(246)) - The storage directory /workdir/hadoop-ozone/integration-test/target/test-dir/MiniOzoneClusterImpl-3651a17c-520d-479a-aff9-57061945e126/datanode-5/data/ratis/4900a0e0-03dd-4114-9920-9bbc21f21f71 does not exist. Creating ...
2019-07-31 00:42:12,826 INFO  storage.RaftStorageDirectory (RaftStorageDirectory.java:tryLock(328)) - Lock on /workdir/hadoop-ozone/integration-test/target/test-dir/MiniOzoneClusterImpl-3651a17c-520d-479a-aff9-57061945e126/datanode-5/data/ratis/4900a0e0-03dd-4114-9920-9bbc21f21f71/in_use.lock acquired by nodename 19366@byscane-nightly-8jrs9-2386324885
2019-07-31 00:42:12,839 INFO  storage.RaftStorage (RaftStorage.java:format(72)) - Storage directory /workdir/hadoop-ozone/integration-test/target/test-dir/MiniOzoneClusterImpl-3651a17c-520d-479a-aff9-57061945e126/datanode-5/data/ratis/4900a0e0-03dd-4114-9920-9bbc21f21f71 has been successfully formatted.
2019-07-31 00:42:12,839 INFO  ratis.ContainerStateMachine (ContainerStateMachine.java:loadSnapshot(213)) - group-9BBC21F21F71: The snapshot info is null. Setting the last applied indexto:(t:0, i:~)
2019-07-31 00:42:12,840 INFO  server.RaftServerConfigKeys (ConfUtils.java:logGet(43)) - raft.server.leader.election.timeout = 120s (custom)
2019-07-31 00:42:12,840 INFO  server.RaftServerConfigKeys (ConfUtils.java:logGet(43)) - raft.server.log.use.memory = false (default)
2019-07-31 00:42:12,840 INFO  server.RaftServerConfigKeys (ConfUtils.java:logGet(43)) - raft.server.log.purge.gap = 1000000000 (custom)
2019-07-31 00:42:12,840 INFO  server.RaftServerConfigKeys (ConfUtils.java:logGet(43)) - raft.server.log.appender.buffer.byte-limit = 33554432 (custom)
2019-07-31 00:42:12,840 INFO  server.RaftServerConfigKeys (ConfUtils.java:logGet(43)) - raft.server.log.segment.size.max = 1048576 (custom)
2019-07-31 00:42:12,840 INFO  server.RaftServerConfigKeys (ConfUtils.java:logGet(43)) - raft.server.log.segment.cache.num.max = 2 (custom)
2019-07-31 00:42:12,840 INFO  segmented.SegmentedRaftLogWorker (SegmentedRaftLogWorker.java:<init>(172)) - new cb86e675-92ae-4063-a828-dc70313734de-SegmentedRaftLogWorker:Storage Directory /workdir/hadoop-ozone/integration-test/target/test-dir/MiniOzoneClusterImpl-3651a17c-520d-479a-aff9-57061945e126/datanode-5/data/ratis/4900a0e0-03dd-4114-9920-9bbc21f21f71 for RaftStorage:Storage Directory /workdir/hadoop-ozone/integration-test/target/test-dir/MiniOzoneClusterImpl-3651a17c-520d-479a-aff9-57061945e126/datanode-5/data/ratis/4900a0e0-03dd-4114-9920-9bbc21f21f71
2019-07-31 00:42:12,840 INFO  server.RaftServerConfigKeys (ConfUtils.java:logGet(43)) - raft.server.log.queue.byte-limit = 2147483647 (custom)
2019-07-31 00:42:12,840 INFO  server.RaftServerConfigKeys (ConfUtils.java:logGet(43)) - raft.server.log.queue.element-limit = 1024 (custom)
2019-07-31 00:42:12,840 INFO  server.RaftServerConfigKeys (ConfUtils.java:logGet(43)) - raft.server.log.segment.size.max = 1048576 (custom)
2019-07-31 00:42:12,841 INFO  server.RaftServerConfigKeys (ConfUtils.java:logGet(43)) - raft.server.log.preallocated.size = 16384 (custom)
2019-07-31 00:42:12,841 INFO  server.RaftServerConfigKeys (ConfUtils.java:logGet(43)) - raft.server.log.write.buffer.size = 33554432 (custom)
2019-07-31 00:42:12,841 INFO  server.RaftServerConfigKeys (ConfUtils.java:logGet(43)) - raft.server.log.force.sync.num = 128 (default)
2019-07-31 00:42:12,841 INFO  server.RaftServerConfigKeys (ConfUtils.java:logGet(43)) - raft.server.log.statemachine.data.sync = true (default)
2019-07-31 00:42:12,841 INFO  server.RaftServerConfigKeys (ConfUtils.java:logGet(43)) - raft.server.log.statemachine.data.sync.timeout = 10s (default)
2019-07-31 00:42:12,841 INFO  server.RaftServerConfigKeys (ConfUtils.java:logGet(43)) - raft.server.log.statemachine.data.sync.timeout.retry = -1 (default)
2019-07-31 00:42:12,841 INFO  server.RaftServerConfigKeys (ConfUtils.java:logGet(43)) - raft.server.log.statemachine.data.caching.enabled = true (custom)
2019-07-31 00:42:12,841 INFO  segmented.SegmentedRaftLogWorker (SegmentedRaftLogWorker.java:lambda$new$0(132)) - cb86e675-92ae-4063-a828-dc70313734de-SegmentedRaftLogWorker:Storage Directory /workdir/hadoop-ozone/integration-test/target/test-dir/MiniOzoneClusterImpl-3651a17c-520d-479a-aff9-57061945e126/datanode-5/data/ratis/4900a0e0-03dd-4114-9920-9bbc21f21f71: flushIndex: setUnconditionally 0 -> -1
2019-07-31 00:42:12,842 INFO  server.RaftServerConfigKeys (ConfUtils.java:logGet(43)) - raft.server.snapshot.auto.trigger.enabled = true (custom)
2019-07-31 00:42:12,842 INFO  server.RaftServerConfigKeys (ConfUtils.java:logGet(43)) - raft.server.snapshot.auto.trigger.threshold = 10000 (custom)
2019-07-31 00:42:12,842 INFO  server.RaftServerConfigKeys (ConfUtils.java:logGet(43)) - raft.server.retrycache.expirytime = 600000ms (custom)
2019-07-31 00:42:12,843 INFO  impl.RaftServerImpl (RaftServerImpl.java:start(180)) - cb86e675-92ae-4063-a828-dc70313734de: start group-9BBC21F21F71
2019-07-31 00:42:12,843 INFO  impl.RaftServerImpl (RaftServerImpl.java:setRole(171)) - cb86e675-92ae-4063-a828-dc70313734de:group-9BBC21F21F71 changes role from null to FOLLOWER at term 0 for startAsFollower
2019-07-31 00:42:12,843 INFO  impl.RoleInfo (RoleInfo.java:updateAndGet(143)) - cb86e675-92ae-4063-a828-dc70313734de: start FollowerState
2019-07-31 00:42:12,843 INFO  util.JmxRegister (JmxRegister.java:tryRegister(44)) - Successfully registered JMX Bean with object name Ratis:service=RaftServer,group=group-9BBC21F21F71,id=cb86e675-92ae-4063-a828-dc70313734de
2019-07-31 00:42:12,845 INFO  pipeline.PipelineStateManager (PipelineStateManager.java:addPipeline(56)) - Created pipeline Pipeline[ Id: 4900a0e0-03dd-4114-9920-9bbc21f21f71, Nodes: cb86e675-92ae-4063-a828-dc70313734de{ip: 192.168.69.114, host: byscane-nightly-8jrs9-2386324885, networkLocation: /default-rack, certSerialId: null}, Type:RATIS, Factor:ONE, State:OPEN]
2019-07-31 00:42:12,854 INFO  impl.RaftServerProxy (RaftServerProxy.java:addNew(89)) - b7140eff-5703-4e09-9ea1-6d7697fb69a9: addNew group-24F9E45514A0:[d65af000-2156-4231-a394-22380e486286:192.168.69.114:43478, cb86e675-92ae-4063-a828-dc70313734de:192.168.69.114:43071, b7140eff-5703-4e09-9ea1-6d7697fb69a9:192.168.69.114:37829] returns group-24F9E45514A0:java.util.concurrent.CompletableFuture@382fef49[Not completed]
2019-07-31 00:42:12,854 INFO  impl.RaftServerProxy (RaftServerProxy.java:addNew(89)) - cb86e675-92ae-4063-a828-dc70313734de: addNew group-24F9E45514A0:[d65af000-2156-4231-a394-22380e486286:192.168.69.114:43478, cb86e675-92ae-4063-a828-dc70313734de:192.168.69.114:43071, b7140eff-5703-4e09-9ea1-6d7697fb69a9:192.168.69.114:37829] returns group-24F9E45514A0:java.util.concurrent.CompletableFuture@198e4ae9[Not completed]
2019-07-31 00:42:12,854 INFO  impl.RaftServerProxy (RaftServerProxy.java:addNew(89)) - d65af000-2156-4231-a394-22380e486286: addNew group-24F9E45514A0:[d65af000-2156-4231-a394-22380e486286:192.168.69.114:43478, cb86e675-92ae-4063-a828-dc70313734de:192.168.69.114:43071, b7140eff-5703-4e09-9ea1-6d7697fb69a9:192.168.69.114:37829] returns group-24F9E45514A0:java.util.concurrent.CompletableFuture@30bec796[Not completed]
2019-07-31 00:42:12,855 INFO  impl.RaftServerImpl (RaftServerImpl.java:<init>(93)) - b7140eff-5703-4e09-9ea1-6d7697fb69a9: new RaftServerImpl for group-24F9E45514A0:[d65af000-2156-4231-a394-22380e486286:192.168.69.114:43478, cb86e675-92ae-4063-a828-dc70313734de:192.168.69.114:43071, b7140eff-5703-4e09-9ea1-6d7697fb69a9:192.168.69.114:37829] with ContainerStateMachine:uninitialized
2019-07-31 00:42:12,855 INFO  server.RaftServerConfigKeys (ConfUtils.java:logGet(43)) - raft.server.rpc.timeout.min = 5s (custom)
2019-07-31 00:42:12,855 INFO  server.RaftServerConfigKeys (ConfUtils.java:logGet(43)) - raft.server.rpc.timeout.max = 5200ms (custom)
2019-07-31 00:42:12,856 INFO  server.RaftServerConfigKeys (ConfUtils.java:logGet(43)) - raft.server.rpcslowness.timeout = 120s (custom)
2019-07-31 00:42:12,856 INFO  impl.RaftServerImpl (RaftServerImpl.java:<init>(93)) - d65af000-2156-4231-a394-22380e486286: new RaftServerImpl for group-24F9E45514A0:[d65af000-2156-4231-a394-22380e486286:192.168.69.114:43478, cb86e675-92ae-4063-a828-dc70313734de:192.168.69.114:43071, b7140eff-5703-4e09-9ea1-6d7697fb69a9:192.168.69.114:37829] with ContainerStateMachine:uninitialized
2019-07-31 00:42:12,856 INFO  server.RaftServerConfigKeys (ConfUtils.java:logGet(43)) - raft.server.sleep.deviation.threshold = 300 (default)
2019-07-31 00:42:12,856 INFO  impl.RaftServerImpl (RaftServerImpl.java:<init>(93)) - cb86e675-92ae-4063-a828-dc70313734de: new RaftServerImpl for group-24F9E45514A0:[d65af000-2156-4231-a394-22380e486286:192.168.69.114:43478, cb86e675-92ae-4063-a828-dc70313734de:192.168.69.114:43071, b7140eff-5703-4e09-9ea1-6d7697fb69a9:192.168.69.114:37829] with ContainerStateMachine:uninitialized
2019-07-31 00:42:12,856 INFO  server.RaftServerConfigKeys (ConfUtils.java:logGet(43)) - raft.server.rpc.timeout.min = 5s (custom)
2019-07-31 00:42:12,856 INFO  server.RaftServerConfigKeys (ConfUtils.java:logGet(43)) - raft.server.log.appender.install.snapshot.enabled = false (custom)
2019-07-31 00:42:12,856 INFO  server.RaftServerConfigKeys (ConfUtils.java:logGet(43)) - raft.server.rpc.timeout.min = 5s (custom)
2019-07-31 00:42:12,857 INFO  impl.RaftServerImpl (ServerState.java:<init>(105)) - b7140eff-5703-4e09-9ea1-6d7697fb69a9:group-24F9E45514A0 ConfigurationManager, init=-1: [d65af000-2156-4231-a394-22380e486286:192.168.69.114:43478, cb86e675-92ae-4063-a828-dc70313734de:192.168.69.114:43071, b7140eff-5703-4e09-9ea1-6d7697fb69a9:192.168.69.114:37829], old=null, confs=<EMPTY_MAP>
2019-07-31 00:42:12,856 INFO  server.RaftServerConfigKeys (ConfUtils.java:logGet(43)) - raft.server.rpc.timeout.max = 5200ms (custom)
2019-07-31 00:42:12,857 INFO  server.RaftServerConfigKeys (ConfUtils.java:logGet(43)) - raft.server.storage.dir = [/workdir/hadoop-ozone/integration-test/target/test-dir/MiniOzoneClusterImpl-3651a17c-520d-479a-aff9-57061945e126/datanode-4/data/ratis] (custom)
2019-07-31 00:42:12,857 INFO  server.RaftServerConfigKeys (ConfUtils.java:logGet(43)) - raft.server.rpc.timeout.max = 5200ms (custom)
2019-07-31 00:42:12,857 INFO  server.RaftServerConfigKeys (ConfUtils.java:logGet(43)) - raft.server.rpcslowness.timeout = 120s (custom)
2019-07-31 00:42:12,857 INFO  server.RaftServerConfigKeys (ConfUtils.java:logGet(43)) - raft.server.rpcslowness.timeout = 120s (custom)
2019-07-31 00:42:12,857 INFO  storage.RaftStorageDirectory (RaftStorageDirectory.java:analyzeStorage(246)) - The storage directory /workdir/hadoop-ozone/integration-test/target/test-dir/MiniOzoneClusterImpl-3651a17c-520d-479a-aff9-57061945e126/datanode-4/data/ratis/9e7bb542-41ba-4133-98f3-24f9e45514a0 does not exist. Creating ...
2019-07-31 00:42:12,857 INFO  server.RaftServerConfigKeys (ConfUtils.java:logGet(43)) - raft.server.sleep.deviation.threshold = 300 (default)
2019-07-31 00:42:12,857 INFO  server.RaftServerConfigKeys (ConfUtils.java:logGet(43)) - raft.server.sleep.deviation.threshold = 300 (default)
2019-07-31 00:42:12,858 INFO  server.RaftServerConfigKeys (ConfUtils.java:logGet(43)) - raft.server.log.appender.install.snapshot.enabled = false (custom)
2019-07-31 00:42:12,858 INFO  server.RaftServerConfigKeys (ConfUtils.java:logGet(43)) - raft.server.log.appender.install.snapshot.enabled = false (custom)
2019-07-31 00:42:12,858 INFO  impl.RaftServerImpl (ServerState.java:<init>(105)) - d65af000-2156-4231-a394-22380e486286:group-24F9E45514A0 ConfigurationManager, init=-1: [d65af000-2156-4231-a394-22380e486286:192.168.69.114:43478, cb86e675-92ae-4063-a828-dc70313734de:192.168.69.114:43071, b7140eff-5703-4e09-9ea1-6d7697fb69a9:192.168.69.114:37829], old=null, confs=<EMPTY_MAP>
2019-07-31 00:42:12,858 INFO  impl.RaftServerImpl (ServerState.java:<init>(105)) - cb86e675-92ae-4063-a828-dc70313734de:group-24F9E45514A0 ConfigurationManager, init=-1: [d65af000-2156-4231-a394-22380e486286:192.168.69.114:43478, cb86e675-92ae-4063-a828-dc70313734de:192.168.69.114:43071, b7140eff-5703-4e09-9ea1-6d7697fb69a9:192.168.69.114:37829], old=null, confs=<EMPTY_MAP>
2019-07-31 00:42:12,858 INFO  server.RaftServerConfigKeys (ConfUtils.java:logGet(43)) - raft.server.storage.dir = [/workdir/hadoop-ozone/integration-test/target/test-dir/MiniOzoneClusterImpl-3651a17c-520d-479a-aff9-57061945e126/datanode-5/data/ratis] (custom)
2019-07-31 00:42:12,858 INFO  server.RaftServerConfigKeys (ConfUtils.java:logGet(43)) - raft.server.storage.dir = [/workdir/hadoop-ozone/integration-test/target/test-dir/MiniOzoneClusterImpl-3651a17c-520d-479a-aff9-57061945e126/datanode-3/data/ratis] (custom)
2019-07-31 00:42:12,859 INFO  storage.RaftStorageDirectory (RaftStorageDirectory.java:analyzeStorage(246)) - The storage directory /workdir/hadoop-ozone/integration-test/target/test-dir/MiniOzoneClusterImpl-3651a17c-520d-479a-aff9-57061945e126/datanode-5/data/ratis/9e7bb542-41ba-4133-98f3-24f9e45514a0 does not exist. Creating ...
2019-07-31 00:42:12,859 INFO  storage.RaftStorageDirectory (RaftStorageDirectory.java:analyzeStorage(246)) - The storage directory /workdir/hadoop-ozone/integration-test/target/test-dir/MiniOzoneClusterImpl-3651a17c-520d-479a-aff9-57061945e126/datanode-3/data/ratis/9e7bb542-41ba-4133-98f3-24f9e45514a0 does not exist. Creating ...
2019-07-31 00:42:12,872 INFO  storage.RaftStorageDirectory (RaftStorageDirectory.java:tryLock(328)) - Lock on /workdir/hadoop-ozone/integration-test/target/test-dir/MiniOzoneClusterImpl-3651a17c-520d-479a-aff9-57061945e126/datanode-5/data/ratis/9e7bb542-41ba-4133-98f3-24f9e45514a0/in_use.lock acquired by nodename 19366@byscane-nightly-8jrs9-2386324885
2019-07-31 00:42:12,872 INFO  storage.RaftStorageDirectory (RaftStorageDirectory.java:tryLock(328)) - Lock on /workdir/hadoop-ozone/integration-test/target/test-dir/MiniOzoneClusterImpl-3651a17c-520d-479a-aff9-57061945e126/datanode-4/data/ratis/9e7bb542-41ba-4133-98f3-24f9e45514a0/in_use.lock acquired by nodename 19366@byscane-nightly-8jrs9-2386324885
2019-07-31 00:42:12,872 INFO  storage.RaftStorageDirectory (RaftStorageDirectory.java:tryLock(328)) - Lock on /workdir/hadoop-ozone/integration-test/target/test-dir/MiniOzoneClusterImpl-3651a17c-520d-479a-aff9-57061945e126/datanode-3/data/ratis/9e7bb542-41ba-4133-98f3-24f9e45514a0/in_use.lock acquired by nodename 19366@byscane-nightly-8jrs9-2386324885
2019-07-31 00:42:12,885 INFO  storage.RaftStorage (RaftStorage.java:format(72)) - Storage directory /workdir/hadoop-ozone/integration-test/target/test-dir/MiniOzoneClusterImpl-3651a17c-520d-479a-aff9-57061945e126/datanode-3/data/ratis/9e7bb542-41ba-4133-98f3-24f9e45514a0 has been successfully formatted.
2019-07-31 00:42:12,885 INFO  storage.RaftStorage (RaftStorage.java:format(72)) - Storage directory /workdir/hadoop-ozone/integration-test/target/test-dir/MiniOzoneClusterImpl-3651a17c-520d-479a-aff9-57061945e126/datanode-4/data/ratis/9e7bb542-41ba-4133-98f3-24f9e45514a0 has been successfully formatted.
2019-07-31 00:42:12,885 INFO  storage.RaftStorage (RaftStorage.java:format(72)) - Storage directory /workdir/hadoop-ozone/integration-test/target/test-dir/MiniOzoneClusterImpl-3651a17c-520d-479a-aff9-57061945e126/datanode-5/data/ratis/9e7bb542-41ba-4133-98f3-24f9e45514a0 has been successfully formatted.
2019-07-31 00:42:12,886 INFO  ratis.ContainerStateMachine (ContainerStateMachine.java:loadSnapshot(213)) - group-24F9E45514A0: The snapshot info is null. Setting the last applied indexto:(t:0, i:~)
2019-07-31 00:42:12,886 INFO  ratis.ContainerStateMachine (ContainerStateMachine.java:loadSnapshot(213)) - group-24F9E45514A0: The snapshot info is null. Setting the last applied indexto:(t:0, i:~)
2019-07-31 00:42:12,886 INFO  server.RaftServerConfigKeys (ConfUtils.java:logGet(43)) - raft.server.leader.election.timeout = 120s (custom)
2019-07-31 00:42:12,886 INFO  ratis.ContainerStateMachine (ContainerStateMachine.java:loadSnapshot(213)) - group-24F9E45514A0: The snapshot info is null. Setting the last applied indexto:(t:0, i:~)
2019-07-31 00:42:12,886 INFO  server.RaftServerConfigKeys (ConfUtils.java:logGet(43)) - raft.server.log.use.memory = false (default)
2019-07-31 00:42:12,886 INFO  server.RaftServerConfigKeys (ConfUtils.java:logGet(43)) - raft.server.leader.election.timeout = 120s (custom)
2019-07-31 00:42:12,887 INFO  server.RaftServerConfigKeys (ConfUtils.java:logGet(43)) - raft.server.log.purge.gap = 1000000000 (custom)
2019-07-31 00:42:12,886 INFO  server.RaftServerConfigKeys (ConfUtils.java:logGet(43)) - raft.server.leader.election.timeout = 120s (custom)
2019-07-31 00:42:12,887 INFO  server.RaftServerConfigKeys (ConfUtils.java:logGet(43)) - raft.server.log.appender.buffer.byte-limit = 33554432 (custom)
2019-07-31 00:42:12,887 INFO  server.RaftServerConfigKeys (ConfUtils.java:logGet(43)) - raft.server.log.use.memory = false (default)
2019-07-31 00:42:12,887 INFO  server.RaftServerConfigKeys (ConfUtils.java:logGet(43)) - raft.server.log.segment.size.max = 1048576 (custom)
2019-07-31 00:42:12,887 INFO  server.RaftServerConfigKeys (ConfUtils.java:logGet(43)) - raft.server.log.use.memory = false (default)
2019-07-31 00:42:12,888 INFO  server.RaftServerConfigKeys (ConfUtils.java:logGet(43)) - raft.server.log.segment.cache.num.max = 2 (custom)
2019-07-31 00:42:12,887 INFO  server.RaftServerConfigKeys (ConfUtils.java:logGet(43)) - raft.server.log.purge.gap = 1000000000 (custom)
2019-07-31 00:42:12,888 INFO  segmented.SegmentedRaftLogWorker (SegmentedRaftLogWorker.java:<init>(172)) - new b7140eff-5703-4e09-9ea1-6d7697fb69a9-SegmentedRaftLogWorker:Storage Directory /workdir/hadoop-ozone/integration-test/target/test-dir/MiniOzoneClusterImpl-3651a17c-520d-479a-aff9-57061945e126/datanode-4/data/ratis/9e7bb542-41ba-4133-98f3-24f9e45514a0 for RaftStorage:Storage Directory /workdir/hadoop-ozone/integration-test/target/test-dir/MiniOzoneClusterImpl-3651a17c-520d-479a-aff9-57061945e126/datanode-4/data/ratis/9e7bb542-41ba-4133-98f3-24f9e45514a0
2019-07-31 00:42:12,888 INFO  server.RaftServerConfigKeys (ConfUtils.java:logGet(43)) - raft.server.log.purge.gap = 1000000000 (custom)
2019-07-31 00:42:12,888 INFO  server.RaftServerConfigKeys (ConfUtils.java:logGet(43)) - raft.server.log.queue.byte-limit = 2147483647 (custom)
2019-07-31 00:42:12,888 INFO  server.RaftServerConfigKeys (ConfUtils.java:logGet(43)) - raft.server.log.appender.buffer.byte-limit = 33554432 (custom)
2019-07-31 00:42:12,888 INFO  server.RaftServerConfigKeys (ConfUtils.java:logGet(43)) - raft.server.log.queue.element-limit = 1024 (custom)
2019-07-31 00:42:12,888 INFO  server.RaftServerConfigKeys (ConfUtils.java:logGet(43)) - raft.server.log.appender.buffer.byte-limit = 33554432 (custom)
2019-07-31 00:42:12,889 INFO  server.RaftServerConfigKeys (ConfUtils.java:logGet(43)) - raft.server.log.segment.size.max = 1048576 (custom)
2019-07-31 00:42:12,889 INFO  server.RaftServerConfigKeys (ConfUtils.java:logGet(43)) - raft.server.log.segment.size.max = 1048576 (custom)
2019-07-31 00:42:12,889 INFO  server.RaftServerConfigKeys (ConfUtils.java:logGet(43)) - raft.server.log.preallocated.size = 16384 (custom)
2019-07-31 00:42:12,889 INFO  server.RaftServerConfigKeys (ConfUtils.java:logGet(43)) - raft.server.log.segment.size.max = 1048576 (custom)
2019-07-31 00:42:12,889 INFO  server.RaftServerConfigKeys (ConfUtils.java:logGet(43)) - raft.server.log.write.buffer.size = 33554432 (custom)
2019-07-31 00:42:12,890 INFO  server.RaftServerConfigKeys (ConfUtils.java:logGet(43)) - raft.server.log.force.sync.num = 128 (default)
2019-07-31 00:42:12,889 INFO  server.RaftServerConfigKeys (ConfUtils.java:logGet(43)) - raft.server.log.segment.cache.num.max = 2 (custom)
2019-07-31 00:42:12,890 INFO  server.RaftServerConfigKeys (ConfUtils.java:logGet(43)) - raft.server.log.statemachine.data.sync = true (default)
2019-07-31 00:42:12,889 INFO  server.RaftServerConfigKeys (ConfUtils.java:logGet(43)) - raft.server.log.segment.cache.num.max = 2 (custom)
2019-07-31 00:42:12,890 INFO  server.RaftServerConfigKeys (ConfUtils.java:logGet(43)) - raft.server.log.statemachine.data.sync.timeout = 10s (default)
2019-07-31 00:42:12,890 INFO  segmented.SegmentedRaftLogWorker (SegmentedRaftLogWorker.java:<init>(172)) - new d65af000-2156-4231-a394-22380e486286-SegmentedRaftLogWorker:Storage Directory /workdir/hadoop-ozone/integration-test/target/test-dir/MiniOzoneClusterImpl-3651a17c-520d-479a-aff9-57061945e126/datanode-3/data/ratis/9e7bb542-41ba-4133-98f3-24f9e45514a0 for RaftStorage:Storage Directory /workdir/hadoop-ozone/integration-test/target/test-dir/MiniOzoneClusterImpl-3651a17c-520d-479a-aff9-57061945e126/datanode-3/data/ratis/9e7bb542-41ba-4133-98f3-24f9e45514a0
2019-07-31 00:42:12,890 INFO  server.RaftServerConfigKeys (ConfUtils.java:logGet(43)) - raft.server.log.statemachine.data.sync.timeout.retry = -1 (default)
2019-07-31 00:42:12,890 INFO  segmented.SegmentedRaftLogWorker (SegmentedRaftLogWorker.java:<init>(172)) - new cb86e675-92ae-4063-a828-dc70313734de-SegmentedRaftLogWorker:Storage Directory /workdir/hadoop-ozone/integration-test/target/test-dir/MiniOzoneClusterImpl-3651a17c-520d-479a-aff9-57061945e126/datanode-5/data/ratis/9e7bb542-41ba-4133-98f3-24f9e45514a0 for RaftStorage:Storage Directory /workdir/hadoop-ozone/integration-test/target/test-dir/MiniOzoneClusterImpl-3651a17c-520d-479a-aff9-57061945e126/datanode-5/data/ratis/9e7bb542-41ba-4133-98f3-24f9e45514a0
2019-07-31 00:42:12,891 INFO  server.RaftServerConfigKeys (ConfUtils.java:logGet(43)) - raft.server.log.statemachine.data.caching.enabled = true (custom)
2019-07-31 00:42:12,891 INFO  server.RaftServerConfigKeys (ConfUtils.java:logGet(43)) - raft.server.log.queue.byte-limit = 2147483647 (custom)
2019-07-31 00:42:12,891 INFO  server.RaftServerConfigKeys (ConfUtils.java:logGet(43)) - raft.server.log.queue.byte-limit = 2147483647 (custom)
2019-07-31 00:42:12,891 INFO  segmented.SegmentedRaftLogWorker (SegmentedRaftLogWorker.java:lambda$new$0(132)) - b7140eff-5703-4e09-9ea1-6d7697fb69a9-SegmentedRaftLogWorker:Storage Directory /workdir/hadoop-ozone/integration-test/target/test-dir/MiniOzoneClusterImpl-3651a17c-520d-479a-aff9-57061945e126/datanode-4/data/ratis/9e7bb542-41ba-4133-98f3-24f9e45514a0: flushIndex: setUnconditionally 0 -> -1
2019-07-31 00:42:12,891 INFO  server.RaftServerConfigKeys (ConfUtils.java:logGet(43)) - raft.server.log.queue.element-limit = 1024 (custom)
2019-07-31 00:42:12,891 INFO  server.RaftServerConfigKeys (ConfUtils.java:logGet(43)) - raft.server.log.queue.element-limit = 1024 (custom)
2019-07-31 00:42:12,892 INFO  server.RaftServerConfigKeys (ConfUtils.java:logGet(43)) - raft.server.snapshot.auto.trigger.enabled = true (custom)
2019-07-31 00:42:12,892 INFO  server.RaftServerConfigKeys (ConfUtils.java:logGet(43)) - raft.server.log.segment.size.max = 1048576 (custom)
2019-07-31 00:42:12,892 INFO  server.RaftServerConfigKeys (ConfUtils.java:logGet(43)) - raft.server.snapshot.auto.trigger.threshold = 10000 (custom)
2019-07-31 00:42:12,892 INFO  server.RaftServerConfigKeys (ConfUtils.java:logGet(43)) - raft.server.log.segment.size.max = 1048576 (custom)
2019-07-31 00:42:12,892 INFO  server.RaftServerConfigKeys (ConfUtils.java:logGet(43)) - raft.server.retrycache.expirytime = 600000ms (custom)
2019-07-31 00:42:12,892 INFO  server.RaftServerConfigKeys (ConfUtils.java:logGet(43)) - raft.server.log.preallocated.size = 16384 (custom)
2019-07-31 00:42:12,893 INFO  impl.RaftServerImpl (RaftServerImpl.java:start(180)) - b7140eff-5703-4e09-9ea1-6d7697fb69a9: start group-24F9E45514A0
2019-07-31 00:42:12,893 INFO  impl.RaftServerImpl (RaftServerImpl.java:setRole(171)) - b7140eff-5703-4e09-9ea1-6d7697fb69a9:group-24F9E45514A0 changes role from null to FOLLOWER at term 0 for startAsFollower
2019-07-31 00:42:12,892 INFO  server.RaftServerConfigKeys (ConfUtils.java:logGet(43)) - raft.server.log.preallocated.size = 16384 (custom)
2019-07-31 00:42:12,893 INFO  impl.RoleInfo (RoleInfo.java:updateAndGet(143)) - b7140eff-5703-4e09-9ea1-6d7697fb69a9: start FollowerState
2019-07-31 00:42:12,893 INFO  server.RaftServerConfigKeys (ConfUtils.java:logGet(43)) - raft.server.log.write.buffer.size = 33554432 (custom)
2019-07-31 00:42:12,893 INFO  server.RaftServerConfigKeys (ConfUtils.java:logGet(43)) - raft.server.log.write.buffer.size = 33554432 (custom)
2019-07-31 00:42:12,894 INFO  util.JmxRegister (JmxRegister.java:tryRegister(44)) - Successfully registered JMX Bean with object name Ratis:service=RaftServer,group=group-24F9E45514A0,id=b7140eff-5703-4e09-9ea1-6d7697fb69a9
2019-07-31 00:42:12,893 INFO  server.RaftServerConfigKeys (ConfUtils.java:logGet(43)) - raft.server.log.force.sync.num = 128 (default)
2019-07-31 00:42:12,894 INFO  server.RaftServerConfigKeys (ConfUtils.java:logGet(43)) - raft.server.log.force.sync.num = 128 (default)
2019-07-31 00:42:12,894 INFO  server.RaftServerConfigKeys (ConfUtils.java:logGet(43)) - raft.server.log.statemachine.data.sync = true (default)
2019-07-31 00:42:12,894 INFO  server.RaftServerConfigKeys (ConfUtils.java:logGet(43)) - raft.server.log.statemachine.data.sync = true (default)
2019-07-31 00:42:12,894 INFO  server.RaftServerConfigKeys (ConfUtils.java:logGet(43)) - raft.server.log.statemachine.data.sync.timeout = 10s (default)
2019-07-31 00:42:12,894 INFO  server.RaftServerConfigKeys (ConfUtils.java:logGet(43)) - raft.server.log.statemachine.data.sync.timeout = 10s (default)
2019-07-31 00:42:12,895 INFO  server.RaftServerConfigKeys (ConfUtils.java:logGet(43)) - raft.server.log.statemachine.data.sync.timeout.retry = -1 (default)
2019-07-31 00:42:12,895 INFO  server.RaftServerConfigKeys (ConfUtils.java:logGet(43)) - raft.server.log.statemachine.data.sync.timeout.retry = -1 (default)
2019-07-31 00:42:12,895 INFO  server.RaftServerConfigKeys (ConfUtils.java:logGet(43)) - raft.server.log.statemachine.data.caching.enabled = true (custom)
2019-07-31 00:42:12,895 INFO  server.RaftServerConfigKeys (ConfUtils.java:logGet(43)) - raft.server.log.statemachine.data.caching.enabled = true (custom)
2019-07-31 00:42:12,895 INFO  segmented.SegmentedRaftLogWorker (SegmentedRaftLogWorker.java:lambda$new$0(132)) - d65af000-2156-4231-a394-22380e486286-SegmentedRaftLogWorker:Storage Directory /workdir/hadoop-ozone/integration-test/target/test-dir/MiniOzoneClusterImpl-3651a17c-520d-479a-aff9-57061945e126/datanode-3/data/ratis/9e7bb542-41ba-4133-98f3-24f9e45514a0: flushIndex: setUnconditionally 0 -> -1
2019-07-31 00:42:12,895 INFO  segmented.SegmentedRaftLogWorker (SegmentedRaftLogWorker.java:lambda$new$0(132)) - cb86e675-92ae-4063-a828-dc70313734de-SegmentedRaftLogWorker:Storage Directory /workdir/hadoop-ozone/integration-test/target/test-dir/MiniOzoneClusterImpl-3651a17c-520d-479a-aff9-57061945e126/datanode-5/data/ratis/9e7bb542-41ba-4133-98f3-24f9e45514a0: flushIndex: setUnconditionally 0 -> -1
2019-07-31 00:42:12,896 INFO  server.RaftServerConfigKeys (ConfUtils.java:logGet(43)) - raft.server.snapshot.auto.trigger.enabled = true (custom)
2019-07-31 00:42:12,896 INFO  server.RaftServerConfigKeys (ConfUtils.java:logGet(43)) - raft.server.snapshot.auto.trigger.enabled = true (custom)
2019-07-31 00:42:12,896 INFO  server.RaftServerConfigKeys (ConfUtils.java:logGet(43)) - raft.server.snapshot.auto.trigger.threshold = 10000 (custom)
2019-07-31 00:42:12,896 INFO  server.RaftServerConfigKeys (ConfUtils.java:logGet(43)) - raft.server.snapshot.auto.trigger.threshold = 10000 (custom)
2019-07-31 00:42:12,896 INFO  server.RaftServerConfigKeys (ConfUtils.java:logGet(43)) - raft.server.retrycache.expirytime = 600000ms (custom)
2019-07-31 00:42:12,896 INFO  server.RaftServerConfigKeys (ConfUtils.java:logGet(43)) - raft.server.retrycache.expirytime = 600000ms (custom)
2019-07-31 00:42:12,897 INFO  impl.RaftServerImpl (RaftServerImpl.java:start(180)) - d65af000-2156-4231-a394-22380e486286: start group-24F9E45514A0
2019-07-31 00:42:12,897 INFO  impl.RaftServerImpl (RaftServerImpl.java:start(180)) - cb86e675-92ae-4063-a828-dc70313734de: start group-24F9E45514A0
2019-07-31 00:42:12,897 INFO  impl.RaftServerImpl (RaftServerImpl.java:setRole(171)) - d65af000-2156-4231-a394-22380e486286:group-24F9E45514A0 changes role from null to FOLLOWER at term 0 for startAsFollower
2019-07-31 00:42:12,897 INFO  impl.RaftServerImpl (RaftServerImpl.java:setRole(171)) - cb86e675-92ae-4063-a828-dc70313734de:group-24F9E45514A0 changes role from null to FOLLOWER at term 0 for startAsFollower
2019-07-31 00:42:12,897 INFO  impl.RoleInfo (RoleInfo.java:updateAndGet(143)) - d65af000-2156-4231-a394-22380e486286: start FollowerState
2019-07-31 00:42:12,897 INFO  impl.RoleInfo (RoleInfo.java:updateAndGet(143)) - cb86e675-92ae-4063-a828-dc70313734de: start FollowerState
2019-07-31 00:42:12,897 INFO  util.JmxRegister (JmxRegister.java:tryRegister(44)) - Successfully registered JMX Bean with object name Ratis:service=RaftServer,group=group-24F9E45514A0,id=d65af000-2156-4231-a394-22380e486286
2019-07-31 00:42:12,898 INFO  util.JmxRegister (JmxRegister.java:tryRegister(44)) - Successfully registered JMX Bean with object name Ratis:service=RaftServer,group=group-24F9E45514A0,id=cb86e675-92ae-4063-a828-dc70313734de
2019-07-31 00:42:12,899 INFO  pipeline.PipelineStateManager (PipelineStateManager.java:addPipeline(56)) - Created pipeline Pipeline[ Id: 9e7bb542-41ba-4133-98f3-24f9e45514a0, Nodes: b7140eff-5703-4e09-9ea1-6d7697fb69a9{ip: 192.168.69.114, host: byscane-nightly-8jrs9-2386324885, networkLocation: /default-rack, certSerialId: null}d65af000-2156-4231-a394-22380e486286{ip: 192.168.69.114, host: byscane-nightly-8jrs9-2386324885, networkLocation: /default-rack, certSerialId: null}cb86e675-92ae-4063-a828-dc70313734de{ip: 192.168.69.114, host: byscane-nightly-8jrs9-2386324885, networkLocation: /default-rack, certSerialId: null}, Type:RATIS, Factor:THREE, State:OPEN]
2019-07-31 00:42:12,956 INFO  ozone.MiniOzoneClusterImpl (MiniOzoneClusterImpl.java:lambda$waitForClusterToBeReady$0(142)) - Waiting for cluster to be ready. Got 6 of 7 DN Heartbeats.
2019-07-31 00:42:12,957 INFO  net.NetworkTopology (NetworkTopologyImpl.java:add(110)) - Added a new node: /default-rack/0f029971-9dd8-40d4-879b-021d46ddb30f
2019-07-31 00:42:12,957 INFO  node.SCMNodeManager (SCMNodeManager.java:register(273)) - Registered Data node : 0f029971-9dd8-40d4-879b-021d46ddb30f{ip: 192.168.69.114, host: byscane-nightly-8jrs9-2386324885, networkLocation: /default-rack, certSerialId: null}
2019-07-31 00:42:12,963 INFO  impl.RaftServerProxy (RaftServerProxy.java:addNew(89)) - 0f029971-9dd8-40d4-879b-021d46ddb30f: addNew group-47EAFE541D50:[0f029971-9dd8-40d4-879b-021d46ddb30f:192.168.69.114:34033] returns group-47EAFE541D50:java.util.concurrent.CompletableFuture@51cfa8ef[Not completed]
2019-07-31 00:42:12,964 INFO  impl.RaftServerImpl (RaftServerImpl.java:<init>(93)) - 0f029971-9dd8-40d4-879b-021d46ddb30f: new RaftServerImpl for group-47EAFE541D50:[0f029971-9dd8-40d4-879b-021d46ddb30f:192.168.69.114:34033] with ContainerStateMachine:uninitialized
2019-07-31 00:42:12,964 INFO  server.RaftServerConfigKeys (ConfUtils.java:logGet(43)) - raft.server.rpc.timeout.min = 5s (custom)
2019-07-31 00:42:12,964 INFO  server.RaftServerConfigKeys (ConfUtils.java:logGet(43)) - raft.server.rpc.timeout.max = 5200ms (custom)
2019-07-31 00:42:12,965 INFO  server.RaftServerConfigKeys (ConfUtils.java:logGet(43)) - raft.server.rpcslowness.timeout = 120s (custom)
2019-07-31 00:42:12,965 INFO  server.RaftServerConfigKeys (ConfUtils.java:logGet(43)) - raft.server.sleep.deviation.threshold = 300 (default)
2019-07-31 00:42:12,965 INFO  server.RaftServerConfigKeys (ConfUtils.java:logGet(43)) - raft.server.log.appender.install.snapshot.enabled = false (custom)
2019-07-31 00:42:12,965 INFO  impl.RaftServerImpl (ServerState.java:<init>(105)) - 0f029971-9dd8-40d4-879b-021d46ddb30f:group-47EAFE541D50 ConfigurationManager, init=-1: [0f029971-9dd8-40d4-879b-021d46ddb30f:192.168.69.114:34033], old=null, confs=<EMPTY_MAP>
2019-07-31 00:42:12,965 INFO  server.RaftServerConfigKeys (ConfUtils.java:logGet(43)) - raft.server.storage.dir = [/workdir/hadoop-ozone/integration-test/target/test-dir/MiniOzoneClusterImpl-3651a17c-520d-479a-aff9-57061945e126/datanode-6/data/ratis] (custom)
2019-07-31 00:42:12,966 INFO  storage.RaftStorageDirectory (RaftStorageDirectory.java:analyzeStorage(246)) - The storage directory /workdir/hadoop-ozone/integration-test/target/test-dir/MiniOzoneClusterImpl-3651a17c-520d-479a-aff9-57061945e126/datanode-6/data/ratis/70e135d6-4ae8-42d5-9414-47eafe541d50 does not exist. Creating ...
2019-07-31 00:42:12,979 INFO  storage.RaftStorageDirectory (RaftStorageDirectory.java:tryLock(328)) - Lock on /workdir/hadoop-ozone/integration-test/target/test-dir/MiniOzoneClusterImpl-3651a17c-520d-479a-aff9-57061945e126/datanode-6/data/ratis/70e135d6-4ae8-42d5-9414-47eafe541d50/in_use.lock acquired by nodename 19366@byscane-nightly-8jrs9-2386324885
2019-07-31 00:42:12,993 INFO  storage.RaftStorage (RaftStorage.java:format(72)) - Storage directory /workdir/hadoop-ozone/integration-test/target/test-dir/MiniOzoneClusterImpl-3651a17c-520d-479a-aff9-57061945e126/datanode-6/data/ratis/70e135d6-4ae8-42d5-9414-47eafe541d50 has been successfully formatted.
2019-07-31 00:42:12,993 INFO  ratis.ContainerStateMachine (ContainerStateMachine.java:loadSnapshot(213)) - group-47EAFE541D50: The snapshot info is null. Setting the last applied indexto:(t:0, i:~)
2019-07-31 00:42:12,993 INFO  server.RaftServerConfigKeys (ConfUtils.java:logGet(43)) - raft.server.leader.election.timeout = 120s (custom)
2019-07-31 00:42:12,993 INFO  server.RaftServerConfigKeys (ConfUtils.java:logGet(43)) - raft.server.log.use.memory = false (default)
2019-07-31 00:42:12,993 INFO  server.RaftServerConfigKeys (ConfUtils.java:logGet(43)) - raft.server.log.purge.gap = 1000000000 (custom)
2019-07-31 00:42:12,993 INFO  server.RaftServerConfigKeys (ConfUtils.java:logGet(43)) - raft.server.log.appender.buffer.byte-limit = 33554432 (custom)
2019-07-31 00:42:12,994 INFO  server.RaftServerConfigKeys (ConfUtils.java:logGet(43)) - raft.server.log.segment.size.max = 1048576 (custom)
2019-07-31 00:42:12,994 INFO  server.RaftServerConfigKeys (ConfUtils.java:logGet(43)) - raft.server.log.segment.cache.num.max = 2 (custom)
2019-07-31 00:42:12,994 INFO  segmented.SegmentedRaftLogWorker (SegmentedRaftLogWorker.java:<init>(172)) - new 0f029971-9dd8-40d4-879b-021d46ddb30f-SegmentedRaftLogWorker:Storage Directory /workdir/hadoop-ozone/integration-test/target/test-dir/MiniOzoneClusterImpl-3651a17c-520d-479a-aff9-57061945e126/datanode-6/data/ratis/70e135d6-4ae8-42d5-9414-47eafe541d50 for RaftStorage:Storage Directory /workdir/hadoop-ozone/integration-test/target/test-dir/MiniOzoneClusterImpl-3651a17c-520d-479a-aff9-57061945e126/datanode-6/data/ratis/70e135d6-4ae8-42d5-9414-47eafe541d50
2019-07-31 00:42:12,994 INFO  server.RaftServerConfigKeys (ConfUtils.java:logGet(43)) - raft.server.log.queue.byte-limit = 2147483647 (custom)
2019-07-31 00:42:12,994 INFO  server.RaftServerConfigKeys (ConfUtils.java:logGet(43)) - raft.server.log.queue.element-limit = 1024 (custom)
2019-07-31 00:42:12,994 INFO  server.RaftServerConfigKeys (ConfUtils.java:logGet(43)) - raft.server.log.segment.size.max = 1048576 (custom)
2019-07-31 00:42:12,995 INFO  server.RaftServerConfigKeys (ConfUtils.java:logGet(43)) - raft.server.log.preallocated.size = 16384 (custom)
2019-07-31 00:42:12,995 INFO  server.RaftServerConfigKeys (ConfUtils.java:logGet(43)) - raft.server.log.write.buffer.size = 33554432 (custom)
2019-07-31 00:42:12,995 INFO  server.RaftServerConfigKeys (ConfUtils.java:logGet(43)) - raft.server.log.force.sync.num = 128 (default)
2019-07-31 00:42:12,995 INFO  server.RaftServerConfigKeys (ConfUtils.java:logGet(43)) - raft.server.log.statemachine.data.sync = true (default)
2019-07-31 00:42:12,995 INFO  server.RaftServerConfigKeys (ConfUtils.java:logGet(43)) - raft.server.log.statemachine.data.sync.timeout = 10s (default)
2019-07-31 00:42:12,995 INFO  server.RaftServerConfigKeys (ConfUtils.java:logGet(43)) - raft.server.log.statemachine.data.sync.timeout.retry = -1 (default)
2019-07-31 00:42:12,996 INFO  server.RaftServerConfigKeys (ConfUtils.java:logGet(43)) - raft.server.log.statemachine.data.caching.enabled = true (custom)
2019-07-31 00:42:12,996 INFO  segmented.SegmentedRaftLogWorker (SegmentedRaftLogWorker.java:lambda$new$0(132)) - 0f029971-9dd8-40d4-879b-021d46ddb30f-SegmentedRaftLogWorker:Storage Directory /workdir/hadoop-ozone/integration-test/target/test-dir/MiniOzoneClusterImpl-3651a17c-520d-479a-aff9-57061945e126/datanode-6/data/ratis/70e135d6-4ae8-42d5-9414-47eafe541d50: flushIndex: setUnconditionally 0 -> -1
2019-07-31 00:42:12,996 INFO  server.RaftServerConfigKeys (ConfUtils.java:logGet(43)) - raft.server.snapshot.auto.trigger.enabled = true (custom)
2019-07-31 00:42:12,996 INFO  server.RaftServerConfigKeys (ConfUtils.java:logGet(43)) - raft.server.snapshot.auto.trigger.threshold = 10000 (custom)
2019-07-31 00:42:12,996 INFO  server.RaftServerConfigKeys (ConfUtils.java:logGet(43)) - raft.server.retrycache.expirytime = 600000ms (custom)
2019-07-31 00:42:12,997 INFO  impl.RaftServerImpl (RaftServerImpl.java:start(180)) - 0f029971-9dd8-40d4-879b-021d46ddb30f: start group-47EAFE541D50
2019-07-31 00:42:12,997 INFO  impl.RaftServerImpl (RaftServerImpl.java:setRole(171)) - 0f029971-9dd8-40d4-879b-021d46ddb30f:group-47EAFE541D50 changes role from null to FOLLOWER at term 0 for startAsFollower
2019-07-31 00:42:12,997 INFO  impl.RoleInfo (RoleInfo.java:updateAndGet(143)) - 0f029971-9dd8-40d4-879b-021d46ddb30f: start FollowerState
2019-07-31 00:42:12,997 INFO  util.JmxRegister (JmxRegister.java:tryRegister(44)) - Successfully registered JMX Bean with object name Ratis:service=RaftServer,group=group-47EAFE541D50,id=0f029971-9dd8-40d4-879b-021d46ddb30f
2019-07-31 00:42:12,999 INFO  pipeline.PipelineStateManager (PipelineStateManager.java:addPipeline(56)) - Created pipeline Pipeline[ Id: 70e135d6-4ae8-42d5-9414-47eafe541d50, Nodes: 0f029971-9dd8-40d4-879b-021d46ddb30f{ip: 192.168.69.114, host: byscane-nightly-8jrs9-2386324885, networkLocation: /default-rack, certSerialId: null}, Type:RATIS, Factor:ONE, State:OPEN]
2019-07-31 00:42:13,956 INFO  ozone.MiniOzoneClusterImpl (MiniOzoneClusterImpl.java:lambda$waitForClusterToBeReady$0(142)) - Cluster is ready. Got 7 of 7 DN Heartbeats.
2019-07-31 00:42:13,984 INFO  rpc.RpcClient (RpcClient.java:createVolume(288)) - Creating Volume: testblockoutputstream, with jenkins1000 as owner.
2019-07-31 00:42:13,998 INFO  rpc.RpcClient (RpcClient.java:createBucket(425)) - Creating Bucket: testblockoutputstream/testblockoutputstream, with Versioning false and Storage Type set to DISK and Encryption set to false 
2019-07-31 00:42:14,021 INFO  client.GrpcClientProtocolClient (GrpcClientProtocolClient.java:onNext(255)) - client-6792AA486DCA->68530759-a9b4-429d-a744-d9196cfd04d9: receive RaftClientReply:client-6792AA486DCA->68530759-a9b4-429d-a744-d9196cfd04d9@group-A2F98B5D1D34, cid=183, FAILED org.apache.ratis.protocol.NotLeaderException: Server 68530759-a9b4-429d-a744-d9196cfd04d9 is not the leader (null). Request must be sent to leader., logIndex=0, commits[68530759-a9b4-429d-a744-d9196cfd04d9:c-1]
2019-07-31 00:42:14,877 INFO  container.ReplicationManager (ReplicationManager.java:start(155)) - Starting Replication Monitor Thread.
2019-07-31 00:42:14,881 INFO  container.ReplicationManager (ReplicationManager.java:run(207)) - Replication Monitor Thread took 0 milliseconds for processing 1 containers.
2019-07-31 00:42:15,031 INFO  client.GrpcClientProtocolClient (GrpcClientProtocolClient.java:onNext(255)) - client-6792AA486DCA->b21db089-cc86-4e23-83e0-adc12698a3e5: receive RaftClientReply:client-6792AA486DCA->b21db089-cc86-4e23-83e0-adc12698a3e5@group-A2F98B5D1D34, cid=183, FAILED org.apache.ratis.protocol.NotLeaderException: Server b21db089-cc86-4e23-83e0-adc12698a3e5 is not the leader (null). Request must be sent to leader., logIndex=0, commits[b21db089-cc86-4e23-83e0-adc12698a3e5:c-1]
2019-07-31 00:42:16,041 INFO  client.GrpcClientProtocolClient (GrpcClientProtocolClient.java:onNext(255)) - client-6792AA486DCA->68530759-a9b4-429d-a744-d9196cfd04d9: receive RaftClientReply:client-6792AA486DCA->68530759-a9b4-429d-a744-d9196cfd04d9@group-A2F98B5D1D34, cid=183, FAILED org.apache.ratis.protocol.NotLeaderException: Server 68530759-a9b4-429d-a744-d9196cfd04d9 is not the leader (null). Request must be sent to leader., logIndex=0, commits[68530759-a9b4-429d-a744-d9196cfd04d9:c-1]
2019-07-31 00:42:17,051 INFO  client.GrpcClientProtocolClient (GrpcClientProtocolClient.java:onNext(255)) - client-6792AA486DCA->1498636e-be33-47ac-bb18-f5fe604b271f: receive RaftClientReply:client-6792AA486DCA->1498636e-be33-47ac-bb18-f5fe604b271f@group-A2F98B5D1D34, cid=183, FAILED org.apache.ratis.protocol.NotLeaderException: Server 1498636e-be33-47ac-bb18-f5fe604b271f is not the leader (null). Request must be sent to leader., logIndex=0, commits[1498636e-be33-47ac-bb18-f5fe604b271f:c-1]
2019-07-31 00:42:17,103 INFO  impl.FollowerState (FollowerState.java:run(106)) - 68530759-a9b4-429d-a744-d9196cfd04d9:group-D9F3618D6260 changes to CANDIDATE, lastRpcTime:5165, electionTimeout:5165ms
2019-07-31 00:42:17,103 INFO  impl.RoleInfo (RoleInfo.java:shutdownFollowerState(121)) - 68530759-a9b4-429d-a744-d9196cfd04d9: shutdown FollowerState
2019-07-31 00:42:17,103 INFO  impl.RaftServerImpl (RaftServerImpl.java:setRole(171)) - 68530759-a9b4-429d-a744-d9196cfd04d9:group-D9F3618D6260 changes role from FOLLOWER to CANDIDATE at term 0 for changeToCandidate
2019-07-31 00:42:17,103 INFO  impl.RoleInfo (RoleInfo.java:updateAndGet(143)) - 68530759-a9b4-429d-a744-d9196cfd04d9: start LeaderElection
2019-07-31 00:42:17,134 INFO  impl.LeaderElection (LeaderElection.java:askForVotes(181)) - 68530759-a9b4-429d-a744-d9196cfd04d9:group-D9F3618D6260:LeaderElection62: begin an election at term 1 for -1: [68530759-a9b4-429d-a744-d9196cfd04d9:192.168.69.114:44195], old=null
2019-07-31 00:42:17,134 INFO  impl.RoleInfo (RoleInfo.java:shutdownLeaderElection(134)) - 68530759-a9b4-429d-a744-d9196cfd04d9: shutdown LeaderElection
2019-07-31 00:42:17,134 INFO  impl.RaftServerImpl (RaftServerImpl.java:setRole(171)) - 68530759-a9b4-429d-a744-d9196cfd04d9:group-D9F3618D6260 changes role from CANDIDATE to LEADER at term 1 for changeToLeader
2019-07-31 00:42:17,135 INFO  impl.RaftServerImpl (ServerState.java:setLeader(263)) - 68530759-a9b4-429d-a744-d9196cfd04d9:group-D9F3618D6260 change Leader from null to 68530759-a9b4-429d-a744-d9196cfd04d9 at term 1 for becomeLeader, leader elected after 5202ms
2019-07-31 00:42:17,135 INFO  server.RaftServerConfigKeys (ConfUtils.java:logGet(43)) - raft.server.staging.catchup.gap = 1000 (default)
2019-07-31 00:42:17,135 INFO  server.RaftServerConfigKeys (ConfUtils.java:logGet(43)) - raft.server.rpc.sleep.time = 25ms (default)
2019-07-31 00:42:17,135 INFO  server.RaftServerConfigKeys (ConfUtils.java:logGet(43)) - raft.server.write.element-limit = 4096 (default)
2019-07-31 00:42:17,135 INFO  server.RaftServerConfigKeys (ConfUtils.java:logGet(43)) - raft.server.watch.timeout = 10s (default)
2019-07-31 00:42:17,135 INFO  server.RaftServerConfigKeys (ConfUtils.java:logGet(43)) - raft.server.watch.timeout.denomination = 1s (default)
2019-07-31 00:42:17,135 INFO  server.RaftServerConfigKeys (ConfUtils.java:logGet(43)) - raft.server.watch.element-limit = 65536 (default)
2019-07-31 00:42:17,136 INFO  impl.RoleInfo (RoleInfo.java:updateAndGet(143)) - 68530759-a9b4-429d-a744-d9196cfd04d9: start LeaderState
2019-07-31 00:42:17,136 INFO  segmented.SegmentedRaftLogWorker (SegmentedRaftLogWorker.java:startLogSegment(380)) - 68530759-a9b4-429d-a744-d9196cfd04d9-SegmentedRaftLogWorker:Storage Directory /workdir/hadoop-ozone/integration-test/target/test-dir/MiniOzoneClusterImpl-3651a17c-520d-479a-aff9-57061945e126/datanode-0/data/ratis/61450644-9829-4a3e-b189-d9f3618d6260: Starting segment from index:0
2019-07-31 00:42:17,136 INFO  impl.RaftServerImpl (ServerState.java:setRaftConf(361)) - 68530759-a9b4-429d-a744-d9196cfd04d9:group-D9F3618D6260 set configuration 0: [68530759-a9b4-429d-a744-d9196cfd04d9:192.168.69.114:44195], old=null at 0
2019-07-31 00:42:17,165 INFO  segmented.SegmentedRaftLogWorker (SegmentedRaftLogWorker.java:execute(569)) - 68530759-a9b4-429d-a744-d9196cfd04d9-SegmentedRaftLogWorker:Storage Directory /workdir/hadoop-ozone/integration-test/target/test-dir/MiniOzoneClusterImpl-3651a17c-520d-479a-aff9-57061945e126/datanode-0/data/ratis/61450644-9829-4a3e-b189-d9f3618d6260: created new log segment /workdir/hadoop-ozone/integration-test/target/test-dir/MiniOzoneClusterImpl-3651a17c-520d-479a-aff9-57061945e126/datanode-0/data/ratis/61450644-9829-4a3e-b189-d9f3618d6260/current/log_inprogress_0
2019-07-31 00:42:17,195 INFO  impl.FollowerState (FollowerState.java:run(106)) - 1498636e-be33-47ac-bb18-f5fe604b271f:group-75908C924B4D changes to CANDIDATE, lastRpcTime:5008, electionTimeout:5008ms
2019-07-31 00:42:17,196 INFO  impl.RoleInfo (RoleInfo.java:shutdownFollowerState(121)) - 1498636e-be33-47ac-bb18-f5fe604b271f: shutdown FollowerState
2019-07-31 00:42:17,196 INFO  impl.RaftServerImpl (RaftServerImpl.java:setRole(171)) - 1498636e-be33-47ac-bb18-f5fe604b271f:group-75908C924B4D changes role from FOLLOWER to CANDIDATE at term 0 for changeToCandidate
2019-07-31 00:42:17,196 INFO  impl.RoleInfo (RoleInfo.java:updateAndGet(143)) - 1498636e-be33-47ac-bb18-f5fe604b271f: start LeaderElection
2019-07-31 00:42:17,214 INFO  impl.LeaderElection (LeaderElection.java:askForVotes(181)) - 1498636e-be33-47ac-bb18-f5fe604b271f:group-75908C924B4D:LeaderElection63: begin an election at term 1 for -1: [1498636e-be33-47ac-bb18-f5fe604b271f:192.168.69.114:41388], old=null
2019-07-31 00:42:17,214 INFO  impl.RoleInfo (RoleInfo.java:shutdownLeaderElection(134)) - 1498636e-be33-47ac-bb18-f5fe604b271f: shutdown LeaderElection
2019-07-31 00:42:17,214 INFO  impl.RaftServerImpl (RaftServerImpl.java:setRole(171)) - 1498636e-be33-47ac-bb18-f5fe604b271f:group-75908C924B4D changes role from CANDIDATE to LEADER at term 1 for changeToLeader
2019-07-31 00:42:17,214 INFO  impl.RaftServerImpl (ServerState.java:setLeader(263)) - 1498636e-be33-47ac-bb18-f5fe604b271f:group-75908C924B4D change Leader from null to 1498636e-be33-47ac-bb18-f5fe604b271f at term 1 for becomeLeader, leader elected after 5032ms
2019-07-31 00:42:17,215 INFO  server.RaftServerConfigKeys (ConfUtils.java:logGet(43)) - raft.server.staging.catchup.gap = 1000 (default)
2019-07-31 00:42:17,215 INFO  server.RaftServerConfigKeys (ConfUtils.java:logGet(43)) - raft.server.rpc.sleep.time = 25ms (default)
2019-07-31 00:42:17,215 INFO  server.RaftServerConfigKeys (ConfUtils.java:logGet(43)) - raft.server.write.element-limit = 4096 (default)
2019-07-31 00:42:17,215 INFO  server.RaftServerConfigKeys (ConfUtils.java:logGet(43)) - raft.server.watch.timeout = 10s (default)
2019-07-31 00:42:17,215 INFO  server.RaftServerConfigKeys (ConfUtils.java:logGet(43)) - raft.server.watch.timeout.denomination = 1s (default)
2019-07-31 00:42:17,215 INFO  server.RaftServerConfigKeys (ConfUtils.java:logGet(43)) - raft.server.watch.element-limit = 65536 (default)
2019-07-31 00:42:17,215 INFO  impl.RoleInfo (RoleInfo.java:updateAndGet(143)) - 1498636e-be33-47ac-bb18-f5fe604b271f: start LeaderState
2019-07-31 00:42:17,216 INFO  segmented.SegmentedRaftLogWorker (SegmentedRaftLogWorker.java:startLogSegment(380)) - 1498636e-be33-47ac-bb18-f5fe604b271f-SegmentedRaftLogWorker:Storage Directory /workdir/hadoop-ozone/integration-test/target/test-dir/MiniOzoneClusterImpl-3651a17c-520d-479a-aff9-57061945e126/datanode-1/data/ratis/7dbaeb9f-e245-4f36-95e6-75908c924b4d: Starting segment from index:0
2019-07-31 00:42:17,216 INFO  impl.RaftServerImpl (ServerState.java:setRaftConf(361)) - 1498636e-be33-47ac-bb18-f5fe604b271f:group-75908C924B4D set configuration 0: [1498636e-be33-47ac-bb18-f5fe604b271f:192.168.69.114:41388], old=null at 0
2019-07-31 00:42:17,243 INFO  segmented.SegmentedRaftLogWorker (SegmentedRaftLogWorker.java:execute(569)) - 1498636e-be33-47ac-bb18-f5fe604b271f-SegmentedRaftLogWorker:Storage Directory /workdir/hadoop-ozone/integration-test/target/test-dir/MiniOzoneClusterImpl-3651a17c-520d-479a-aff9-57061945e126/datanode-1/data/ratis/7dbaeb9f-e245-4f36-95e6-75908c924b4d: created new log segment /workdir/hadoop-ozone/integration-test/target/test-dir/MiniOzoneClusterImpl-3651a17c-520d-479a-aff9-57061945e126/datanode-1/data/ratis/7dbaeb9f-e245-4f36-95e6-75908c924b4d/current/log_inprogress_0
2019-07-31 00:42:17,423 INFO  impl.FollowerState (FollowerState.java:run(106)) - b21db089-cc86-4e23-83e0-adc12698a3e5:group-66D197728FCC changes to CANDIDATE, lastRpcTime:5074, electionTimeout:5074ms
2019-07-31 00:42:17,423 INFO  impl.RoleInfo (RoleInfo.java:shutdownFollowerState(121)) - b21db089-cc86-4e23-83e0-adc12698a3e5: shutdown FollowerState
2019-07-31 00:42:17,424 INFO  impl.RaftServerImpl (RaftServerImpl.java:setRole(171)) - b21db089-cc86-4e23-83e0-adc12698a3e5:group-66D197728FCC changes role from FOLLOWER to CANDIDATE at term 0 for changeToCandidate
2019-07-31 00:42:17,424 INFO  impl.RoleInfo (RoleInfo.java:updateAndGet(143)) - b21db089-cc86-4e23-83e0-adc12698a3e5: start LeaderElection
2019-07-31 00:42:17,437 INFO  impl.LeaderElection (LeaderElection.java:askForVotes(181)) - b21db089-cc86-4e23-83e0-adc12698a3e5:group-66D197728FCC:LeaderElection64: begin an election at term 1 for -1: [b21db089-cc86-4e23-83e0-adc12698a3e5:192.168.69.114:43309], old=null
2019-07-31 00:42:17,437 INFO  impl.RoleInfo (RoleInfo.java:shutdownLeaderElection(134)) - b21db089-cc86-4e23-83e0-adc12698a3e5: shutdown LeaderElection
2019-07-31 00:42:17,437 INFO  impl.RaftServerImpl (RaftServerImpl.java:setRole(171)) - b21db089-cc86-4e23-83e0-adc12698a3e5:group-66D197728FCC changes role from CANDIDATE to LEADER at term 1 for changeToLeader
2019-07-31 00:42:17,437 INFO  impl.RaftServerImpl (ServerState.java:setLeader(263)) - b21db089-cc86-4e23-83e0-adc12698a3e5:group-66D197728FCC change Leader from null to b21db089-cc86-4e23-83e0-adc12698a3e5 at term 1 for becomeLeader, leader elected after 5092ms
2019-07-31 00:42:17,437 INFO  server.RaftServerConfigKeys (ConfUtils.java:logGet(43)) - raft.server.staging.catchup.gap = 1000 (default)
2019-07-31 00:42:17,438 INFO  server.RaftServerConfigKeys (ConfUtils.java:logGet(43)) - raft.server.rpc.sleep.time = 25ms (default)
2019-07-31 00:42:17,438 INFO  server.RaftServerConfigKeys (ConfUtils.java:logGet(43)) - raft.server.write.element-limit = 4096 (default)
2019-07-31 00:42:17,438 INFO  server.RaftServerConfigKeys (ConfUtils.java:logGet(43)) - raft.server.watch.timeout = 10s (default)
2019-07-31 00:42:17,438 INFO  server.RaftServerConfigKeys (ConfUtils.java:logGet(43)) - raft.server.watch.timeout.denomination = 1s (default)
2019-07-31 00:42:17,438 INFO  server.RaftServerConfigKeys (ConfUtils.java:logGet(43)) - raft.server.watch.element-limit = 65536 (default)
2019-07-31 00:42:17,438 INFO  impl.RoleInfo (RoleInfo.java:updateAndGet(143)) - b21db089-cc86-4e23-83e0-adc12698a3e5: start LeaderState
2019-07-31 00:42:17,439 INFO  segmented.SegmentedRaftLogWorker (SegmentedRaftLogWorker.java:startLogSegment(380)) - b21db089-cc86-4e23-83e0-adc12698a3e5-SegmentedRaftLogWorker:Storage Directory /workdir/hadoop-ozone/integration-test/target/test-dir/MiniOzoneClusterImpl-3651a17c-520d-479a-aff9-57061945e126/datanode-2/data/ratis/59920647-a534-4050-aa87-66d197728fcc: Starting segment from index:0
2019-07-31 00:42:17,439 INFO  impl.RaftServerImpl (ServerState.java:setRaftConf(361)) - b21db089-cc86-4e23-83e0-adc12698a3e5:group-66D197728FCC set configuration 0: [b21db089-cc86-4e23-83e0-adc12698a3e5:192.168.69.114:43309], old=null at 0
2019-07-31 00:42:17,463 INFO  impl.FollowerState (FollowerState.java:run(106)) - 68530759-a9b4-429d-a744-d9196cfd04d9:group-A2F98B5D1D34 changes to CANDIDATE, lastRpcTime:5043, electionTimeout:5043ms
2019-07-31 00:42:17,463 INFO  impl.RoleInfo (RoleInfo.java:shutdownFollowerState(121)) - 68530759-a9b4-429d-a744-d9196cfd04d9: shutdown FollowerState
2019-07-31 00:42:17,463 INFO  impl.RaftServerImpl (RaftServerImpl.java:setRole(171)) - 68530759-a9b4-429d-a744-d9196cfd04d9:group-A2F98B5D1D34 changes role from FOLLOWER to CANDIDATE at term 0 for changeToCandidate
2019-07-31 00:42:17,463 INFO  impl.RoleInfo (RoleInfo.java:updateAndGet(143)) - 68530759-a9b4-429d-a744-d9196cfd04d9: start LeaderElection
2019-07-31 00:42:17,466 INFO  segmented.SegmentedRaftLogWorker (SegmentedRaftLogWorker.java:execute(569)) - b21db089-cc86-4e23-83e0-adc12698a3e5-SegmentedRaftLogWorker:Storage Directory /workdir/hadoop-ozone/integration-test/target/test-dir/MiniOzoneClusterImpl-3651a17c-520d-479a-aff9-57061945e126/datanode-2/data/ratis/59920647-a534-4050-aa87-66d197728fcc: created new log segment /workdir/hadoop-ozone/integration-test/target/test-dir/MiniOzoneClusterImpl-3651a17c-520d-479a-aff9-57061945e126/datanode-2/data/ratis/59920647-a534-4050-aa87-66d197728fcc/current/log_inprogress_0
2019-07-31 00:42:17,480 INFO  impl.LeaderElection (LeaderElection.java:askForVotes(181)) - 68530759-a9b4-429d-a744-d9196cfd04d9:group-A2F98B5D1D34:LeaderElection65: begin an election at term 1 for -1: [b21db089-cc86-4e23-83e0-adc12698a3e5:192.168.69.114:43309, 68530759-a9b4-429d-a744-d9196cfd04d9:192.168.69.114:44195, 1498636e-be33-47ac-bb18-f5fe604b271f:192.168.69.114:41388], old=null
2019-07-31 00:42:17,482 INFO  impl.FollowerState (FollowerState.java:run(106)) - b21db089-cc86-4e23-83e0-adc12698a3e5:group-A2F98B5D1D34 changes to CANDIDATE, lastRpcTime:5080, electionTimeout:5080ms
2019-07-31 00:42:17,482 INFO  impl.RoleInfo (RoleInfo.java:shutdownFollowerState(121)) - b21db089-cc86-4e23-83e0-adc12698a3e5: shutdown FollowerState
2019-07-31 00:42:17,482 INFO  impl.RaftServerImpl (RaftServerImpl.java:setRole(171)) - b21db089-cc86-4e23-83e0-adc12698a3e5:group-A2F98B5D1D34 changes role from FOLLOWER to CANDIDATE at term 0 for changeToCandidate
2019-07-31 00:42:17,482 INFO  impl.RoleInfo (RoleInfo.java:updateAndGet(143)) - b21db089-cc86-4e23-83e0-adc12698a3e5: start LeaderElection
2019-07-31 00:42:17,488 INFO  impl.RaftServerImpl (RaftServerImpl.java:setRole(171)) - 1498636e-be33-47ac-bb18-f5fe604b271f:group-A2F98B5D1D34 changes role from FOLLOWER to FOLLOWER at term 1 for recognizeCandidate:68530759-a9b4-429d-a744-d9196cfd04d9
2019-07-31 00:42:17,488 INFO  impl.RoleInfo (RoleInfo.java:shutdownFollowerState(121)) - 1498636e-be33-47ac-bb18-f5fe604b271f: shutdown FollowerState
2019-07-31 00:42:17,488 INFO  impl.RoleInfo (RoleInfo.java:updateAndGet(143)) - 1498636e-be33-47ac-bb18-f5fe604b271f: start FollowerState
2019-07-31 00:42:17,489 INFO  impl.FollowerState (FollowerState.java:run(114)) - 1498636e-be33-47ac-bb18-f5fe604b271f: FollowerState was interrupted: java.lang.InterruptedException: sleep interrupted
2019-07-31 00:42:17,500 INFO  impl.LeaderElection (LeaderElection.java:askForVotes(181)) - b21db089-cc86-4e23-83e0-adc12698a3e5:group-A2F98B5D1D34:LeaderElection66: begin an election at term 1 for -1: [b21db089-cc86-4e23-83e0-adc12698a3e5:192.168.69.114:43309, 68530759-a9b4-429d-a744-d9196cfd04d9:192.168.69.114:44195, 1498636e-be33-47ac-bb18-f5fe604b271f:192.168.69.114:41388], old=null
2019-07-31 00:42:17,501 INFO  impl.LeaderElection (LeaderElection.java:logAndReturn(56)) - 68530759-a9b4-429d-a744-d9196cfd04d9:group-A2F98B5D1D34:LeaderElection65: Election PASSED; received 1 response(s) [68530759-a9b4-429d-a744-d9196cfd04d9<-1498636e-be33-47ac-bb18-f5fe604b271f#0:OK-t1] and 0 exception(s); 68530759-a9b4-429d-a744-d9196cfd04d9:t1, leader=null, voted=68530759-a9b4-429d-a744-d9196cfd04d9, raftlog=68530759-a9b4-429d-a744-d9196cfd04d9-SegmentedRaftLog:OPENED:c-1,f-1,i0, conf=-1: [b21db089-cc86-4e23-83e0-adc12698a3e5:192.168.69.114:43309, 68530759-a9b4-429d-a744-d9196cfd04d9:192.168.69.114:44195, 1498636e-be33-47ac-bb18-f5fe604b271f:192.168.69.114:41388], old=null
2019-07-31 00:42:17,501 INFO  impl.RoleInfo (RoleInfo.java:shutdownLeaderElection(134)) - 68530759-a9b4-429d-a744-d9196cfd04d9: shutdown LeaderElection
2019-07-31 00:42:17,505 INFO  impl.RaftServerImpl (RaftServerImpl.java:setRole(171)) - 68530759-a9b4-429d-a744-d9196cfd04d9:group-A2F98B5D1D34 changes role from CANDIDATE to LEADER at term 1 for changeToLeader
2019-07-31 00:42:17,505 INFO  impl.RaftServerImpl (ServerState.java:setLeader(263)) - 68530759-a9b4-429d-a744-d9196cfd04d9:group-A2F98B5D1D34 change Leader from null to 68530759-a9b4-429d-a744-d9196cfd04d9 at term 1 for becomeLeader, leader elected after 5109ms
2019-07-31 00:42:17,505 INFO  server.RaftServerConfigKeys (ConfUtils.java:logGet(43)) - raft.server.staging.catchup.gap = 1000 (default)
2019-07-31 00:42:17,505 INFO  server.RaftServerConfigKeys (ConfUtils.java:logGet(43)) - raft.server.rpc.sleep.time = 25ms (default)
2019-07-31 00:42:17,505 INFO  server.RaftServerConfigKeys (ConfUtils.java:logGet(43)) - raft.server.write.element-limit = 4096 (default)
2019-07-31 00:42:17,508 INFO  server.RaftServerConfigKeys (ConfUtils.java:logGet(43)) - raft.server.watch.timeout = 10s (default)
2019-07-31 00:42:17,508 INFO  server.RaftServerConfigKeys (ConfUtils.java:logGet(43)) - raft.server.watch.timeout.denomination = 1s (default)
2019-07-31 00:42:17,508 INFO  server.RaftServerConfigKeys (ConfUtils.java:logGet(43)) - raft.server.watch.element-limit = 65536 (default)
2019-07-31 00:42:17,509 INFO  server.RaftServerConfigKeys (ConfUtils.java:logGet(43)) - raft.server.log.appender.snapshot.chunk.size.max = 16MB (=16777216) (default)
2019-07-31 00:42:17,509 INFO  server.RaftServerConfigKeys (ConfUtils.java:logGet(43)) - raft.server.log.appender.buffer.byte-limit = 33554432 (custom)
2019-07-31 00:42:17,509 INFO  server.RaftServerConfigKeys (ConfUtils.java:logGet(43)) - raft.server.log.appender.buffer.element-limit = 1 (custom)
2019-07-31 00:42:17,510 INFO  grpc.GrpcConfigKeys$Server (ConfUtils.java:logGet(43)) - raft.grpc.server.leader.outstanding.appends.max = 128 (default)
2019-07-31 00:42:17,510 INFO  server.RaftServerConfigKeys (ConfUtils.java:logGet(43)) - raft.server.rpc.request.timeout = 3000ms (default)
2019-07-31 00:42:17,510 INFO  server.RaftServerConfigKeys (ConfUtils.java:logGet(43)) - raft.server.log.appender.install.snapshot.enabled = false (custom)
2019-07-31 00:42:17,510 INFO  server.RaftServerConfigKeys (ConfUtils.java:logGet(43)) - raft.server.log.appender.snapshot.chunk.size.max = 16MB (=16777216) (default)
2019-07-31 00:42:17,511 INFO  server.RaftServerConfigKeys (ConfUtils.java:logGet(43)) - raft.server.log.appender.buffer.byte-limit = 33554432 (custom)
2019-07-31 00:42:17,511 INFO  server.RaftServerConfigKeys (ConfUtils.java:logGet(43)) - raft.server.log.appender.buffer.element-limit = 1 (custom)
2019-07-31 00:42:17,511 INFO  grpc.GrpcConfigKeys$Server (ConfUtils.java:logGet(43)) - raft.grpc.server.leader.outstanding.appends.max = 128 (default)
2019-07-31 00:42:17,511 INFO  server.RaftServerConfigKeys (ConfUtils.java:logGet(43)) - raft.server.rpc.request.timeout = 3000ms (default)
2019-07-31 00:42:17,511 INFO  server.RaftServerConfigKeys (ConfUtils.java:logGet(43)) - raft.server.log.appender.install.snapshot.enabled = false (custom)
2019-07-31 00:42:17,512 INFO  impl.RoleInfo (RoleInfo.java:updateAndGet(143)) - 68530759-a9b4-429d-a744-d9196cfd04d9: start LeaderState
2019-07-31 00:42:17,512 INFO  segmented.SegmentedRaftLogWorker (SegmentedRaftLogWorker.java:startLogSegment(380)) - 68530759-a9b4-429d-a744-d9196cfd04d9-SegmentedRaftLogWorker:Storage Directory /workdir/hadoop-ozone/integration-test/target/test-dir/MiniOzoneClusterImpl-3651a17c-520d-479a-aff9-57061945e126/datanode-0/data/ratis/b4c368e9-0a7f-4579-a366-a2f98b5d1d34: Starting segment from index:0
2019-07-31 00:42:17,513 INFO  impl.RaftServerImpl (ServerState.java:setRaftConf(361)) - 68530759-a9b4-429d-a744-d9196cfd04d9:group-A2F98B5D1D34 set configuration 0: [b21db089-cc86-4e23-83e0-adc12698a3e5:192.168.69.114:43309, 68530759-a9b4-429d-a744-d9196cfd04d9:192.168.69.114:44195, 1498636e-be33-47ac-bb18-f5fe604b271f:192.168.69.114:41388], old=null at 0
2019-07-31 00:42:17,527 INFO  impl.RaftServerImpl (RaftServerImpl.java:requestVote(754)) - 68530759-a9b4-429d-a744-d9196cfd04d9-LEADER: Withhold vote from candidate b21db089-cc86-4e23-83e0-adc12698a3e5 with term 1. State: leader=68530759-a9b4-429d-a744-d9196cfd04d9, term=1, lastRpcElapsed=null
2019-07-31 00:42:17,528 INFO  impl.RaftServerImpl (RaftServerImpl.java:setRole(171)) - b21db089-cc86-4e23-83e0-adc12698a3e5:group-A2F98B5D1D34 changes role from CANDIDATE to FOLLOWER at term 1 for appendEntries
2019-07-31 00:42:17,528 INFO  impl.RoleInfo (RoleInfo.java:shutdownLeaderElection(134)) - b21db089-cc86-4e23-83e0-adc12698a3e5: shutdown LeaderElection
2019-07-31 00:42:17,528 INFO  impl.RoleInfo (RoleInfo.java:updateAndGet(143)) - b21db089-cc86-4e23-83e0-adc12698a3e5: start FollowerState
2019-07-31 00:42:17,537 INFO  impl.RaftServerImpl (ServerState.java:setLeader(263)) - 1498636e-be33-47ac-bb18-f5fe604b271f:group-A2F98B5D1D34 change Leader from null to 68530759-a9b4-429d-a744-d9196cfd04d9 at term 1 for appendEntries, leader elected after 5142ms
2019-07-31 00:42:17,538 INFO  impl.RaftServerImpl (ServerState.java:setLeader(263)) - b21db089-cc86-4e23-83e0-adc12698a3e5:group-A2F98B5D1D34 change Leader from null to 68530759-a9b4-429d-a744-d9196cfd04d9 at term 1 for appendEntries, leader elected after 5133ms
2019-07-31 00:42:17,538 INFO  impl.LeaderElection (LeaderElection.java:logAndReturn(56)) - b21db089-cc86-4e23-83e0-adc12698a3e5:group-A2F98B5D1D34:LeaderElection66: Election REJECTED; received 2 response(s) [b21db089-cc86-4e23-83e0-adc12698a3e5<-68530759-a9b4-429d-a744-d9196cfd04d9#0:FAIL-t1, b21db089-cc86-4e23-83e0-adc12698a3e5<-1498636e-be33-47ac-bb18-f5fe604b271f#0:FAIL-t1] and 0 exception(s); b21db089-cc86-4e23-83e0-adc12698a3e5:t1, leader=null, voted=b21db089-cc86-4e23-83e0-adc12698a3e5, raftlog=b21db089-cc86-4e23-83e0-adc12698a3e5-SegmentedRaftLog:OPENED:c-1,f-1,i0, conf=-1: [b21db089-cc86-4e23-83e0-adc12698a3e5:192.168.69.114:43309, 68530759-a9b4-429d-a744-d9196cfd04d9:192.168.69.114:44195, 1498636e-be33-47ac-bb18-f5fe604b271f:192.168.69.114:41388], old=null
2019-07-31 00:42:17,540 INFO  segmented.SegmentedRaftLogWorker (SegmentedRaftLogWorker.java:execute(569)) - 68530759-a9b4-429d-a744-d9196cfd04d9-SegmentedRaftLogWorker:Storage Directory /workdir/hadoop-ozone/integration-test/target/test-dir/MiniOzoneClusterImpl-3651a17c-520d-479a-aff9-57061945e126/datanode-0/data/ratis/b4c368e9-0a7f-4579-a366-a2f98b5d1d34: created new log segment /workdir/hadoop-ozone/integration-test/target/test-dir/MiniOzoneClusterImpl-3651a17c-520d-479a-aff9-57061945e126/datanode-0/data/ratis/b4c368e9-0a7f-4579-a366-a2f98b5d1d34/current/log_inprogress_0
2019-07-31 00:42:17,548 INFO  impl.RaftServerImpl (ServerState.java:setRaftConf(361)) - b21db089-cc86-4e23-83e0-adc12698a3e5:group-A2F98B5D1D34 set configuration 0: [b21db089-cc86-4e23-83e0-adc12698a3e5:192.168.69.114:43309, 68530759-a9b4-429d-a744-d9196cfd04d9:192.168.69.114:44195, 1498636e-be33-47ac-bb18-f5fe604b271f:192.168.69.114:41388], old=null at 0
2019-07-31 00:42:17,548 INFO  impl.RaftServerImpl (ServerState.java:setRaftConf(361)) - 1498636e-be33-47ac-bb18-f5fe604b271f:group-A2F98B5D1D34 set configuration 0: [b21db089-cc86-4e23-83e0-adc12698a3e5:192.168.69.114:43309, 68530759-a9b4-429d-a744-d9196cfd04d9:192.168.69.114:44195, 1498636e-be33-47ac-bb18-f5fe604b271f:192.168.69.114:41388], old=null at 0
2019-07-31 00:42:17,548 INFO  segmented.SegmentedRaftLogWorker (SegmentedRaftLogWorker.java:startLogSegment(380)) - b21db089-cc86-4e23-83e0-adc12698a3e5-SegmentedRaftLogWorker:Storage Directory /workdir/hadoop-ozone/integration-test/target/test-dir/MiniOzoneClusterImpl-3651a17c-520d-479a-aff9-57061945e126/datanode-2/data/ratis/b4c368e9-0a7f-4579-a366-a2f98b5d1d34: Starting segment from index:0
2019-07-31 00:42:17,548 INFO  segmented.SegmentedRaftLogWorker (SegmentedRaftLogWorker.java:startLogSegment(380)) - 1498636e-be33-47ac-bb18-f5fe604b271f-SegmentedRaftLogWorker:Storage Directory /workdir/hadoop-ozone/integration-test/target/test-dir/MiniOzoneClusterImpl-3651a17c-520d-479a-aff9-57061945e126/datanode-1/data/ratis/b4c368e9-0a7f-4579-a366-a2f98b5d1d34: Starting segment from index:0
2019-07-31 00:42:17,576 INFO  segmented.SegmentedRaftLogWorker (SegmentedRaftLogWorker.java:execute(569)) - b21db089-cc86-4e23-83e0-adc12698a3e5-SegmentedRaftLogWorker:Storage Directory /workdir/hadoop-ozone/integration-test/target/test-dir/MiniOzoneClusterImpl-3651a17c-520d-479a-aff9-57061945e126/datanode-2/data/ratis/b4c368e9-0a7f-4579-a366-a2f98b5d1d34: created new log segment /workdir/hadoop-ozone/integration-test/target/test-dir/MiniOzoneClusterImpl-3651a17c-520d-479a-aff9-57061945e126/datanode-2/data/ratis/b4c368e9-0a7f-4579-a366-a2f98b5d1d34/current/log_inprogress_0
2019-07-31 00:42:17,576 INFO  segmented.SegmentedRaftLogWorker (SegmentedRaftLogWorker.java:execute(569)) - 1498636e-be33-47ac-bb18-f5fe604b271f-SegmentedRaftLogWorker:Storage Directory /workdir/hadoop-ozone/integration-test/target/test-dir/MiniOzoneClusterImpl-3651a17c-520d-479a-aff9-57061945e126/datanode-1/data/ratis/b4c368e9-0a7f-4579-a366-a2f98b5d1d34: created new log segment /workdir/hadoop-ozone/integration-test/target/test-dir/MiniOzoneClusterImpl-3651a17c-520d-479a-aff9-57061945e126/datanode-1/data/ratis/b4c368e9-0a7f-4579-a366-a2f98b5d1d34/current/log_inprogress_0
2019-07-31 00:42:17,697 INFO  impl.FollowerState (FollowerState.java:run(106)) - d65af000-2156-4231-a394-22380e486286:group-F6301ADBD7B9 changes to CANDIDATE, lastRpcTime:5193, electionTimeout:5193ms
2019-07-31 00:42:17,697 INFO  impl.RoleInfo (RoleInfo.java:shutdownFollowerState(121)) - d65af000-2156-4231-a394-22380e486286: shutdown FollowerState
2019-07-31 00:42:17,697 INFO  impl.RaftServerImpl (RaftServerImpl.java:setRole(171)) - d65af000-2156-4231-a394-22380e486286:group-F6301ADBD7B9 changes role from FOLLOWER to CANDIDATE at term 0 for changeToCandidate
2019-07-31 00:42:17,697 INFO  impl.RoleInfo (RoleInfo.java:updateAndGet(143)) - d65af000-2156-4231-a394-22380e486286: start LeaderElection
2019-07-31 00:42:17,717 INFO  impl.LeaderElection (LeaderElection.java:askForVotes(181)) - d65af000-2156-4231-a394-22380e486286:group-F6301ADBD7B9:LeaderElection67: begin an election at term 1 for -1: [d65af000-2156-4231-a394-22380e486286:192.168.69.114:43478], old=null
2019-07-31 00:42:17,717 INFO  impl.RoleInfo (RoleInfo.java:shutdownLeaderElection(134)) - d65af000-2156-4231-a394-22380e486286: shutdown LeaderElection
2019-07-31 00:42:17,717 INFO  impl.RaftServerImpl (RaftServerImpl.java:setRole(171)) - d65af000-2156-4231-a394-22380e486286:group-F6301ADBD7B9 changes role from CANDIDATE to LEADER at term 1 for changeToLeader
2019-07-31 00:42:17,717 INFO  impl.RaftServerImpl (ServerState.java:setLeader(263)) - d65af000-2156-4231-a394-22380e486286:group-F6301ADBD7B9 change Leader from null to d65af000-2156-4231-a394-22380e486286 at term 1 for becomeLeader, leader elected after 5217ms
2019-07-31 00:42:17,717 INFO  server.RaftServerConfigKeys (ConfUtils.java:logGet(43)) - raft.server.staging.catchup.gap = 1000 (default)
2019-07-31 00:42:17,718 INFO  server.RaftServerConfigKeys (ConfUtils.java:logGet(43)) - raft.server.rpc.sleep.time = 25ms (default)
2019-07-31 00:42:17,718 INFO  server.RaftServerConfigKeys (ConfUtils.java:logGet(43)) - raft.server.write.element-limit = 4096 (default)
2019-07-31 00:42:17,718 INFO  server.RaftServerConfigKeys (ConfUtils.java:logGet(43)) - raft.server.watch.timeout = 10s (default)
2019-07-31 00:42:17,718 INFO  server.RaftServerConfigKeys (ConfUtils.java:logGet(43)) - raft.server.watch.timeout.denomination = 1s (default)
2019-07-31 00:42:17,718 INFO  server.RaftServerConfigKeys (ConfUtils.java:logGet(43)) - raft.server.watch.element-limit = 65536 (default)
2019-07-31 00:42:17,718 INFO  impl.RoleInfo (RoleInfo.java:updateAndGet(143)) - d65af000-2156-4231-a394-22380e486286: start LeaderState
2019-07-31 00:42:17,719 INFO  segmented.SegmentedRaftLogWorker (SegmentedRaftLogWorker.java:startLogSegment(380)) - d65af000-2156-4231-a394-22380e486286-SegmentedRaftLogWorker:Storage Directory /workdir/hadoop-ozone/integration-test/target/test-dir/MiniOzoneClusterImpl-3651a17c-520d-479a-aff9-57061945e126/datanode-3/data/ratis/5e6b767f-45ab-4609-9cdf-f6301adbd7b9: Starting segment from index:0
2019-07-31 00:42:17,719 INFO  impl.RaftServerImpl (ServerState.java:setRaftConf(361)) - d65af000-2156-4231-a394-22380e486286:group-F6301ADBD7B9 set configuration 0: [d65af000-2156-4231-a394-22380e486286:192.168.69.114:43478], old=null at 0
2019-07-31 00:42:17,747 INFO  segmented.SegmentedRaftLogWorker (SegmentedRaftLogWorker.java:execute(569)) - d65af000-2156-4231-a394-22380e486286-SegmentedRaftLogWorker:Storage Directory /workdir/hadoop-ozone/integration-test/target/test-dir/MiniOzoneClusterImpl-3651a17c-520d-479a-aff9-57061945e126/datanode-3/data/ratis/5e6b767f-45ab-4609-9cdf-f6301adbd7b9: created new log segment /workdir/hadoop-ozone/integration-test/target/test-dir/MiniOzoneClusterImpl-3651a17c-520d-479a-aff9-57061945e126/datanode-3/data/ratis/5e6b767f-45ab-4609-9cdf-f6301adbd7b9/current/log_inprogress_0
2019-07-31 00:42:17,867 INFO  impl.FollowerState (FollowerState.java:run(106)) - b7140eff-5703-4e09-9ea1-6d7697fb69a9:group-823431FEE393 changes to CANDIDATE, lastRpcTime:5190, electionTimeout:5190ms
2019-07-31 00:42:17,868 INFO  impl.RoleInfo (RoleInfo.java:shutdownFollowerState(121)) - b7140eff-5703-4e09-9ea1-6d7697fb69a9: shutdown FollowerState
2019-07-31 00:42:17,868 INFO  impl.RaftServerImpl (RaftServerImpl.java:setRole(171)) - b7140eff-5703-4e09-9ea1-6d7697fb69a9:group-823431FEE393 changes role from FOLLOWER to CANDIDATE at term 0 for changeToCandidate
2019-07-31 00:42:17,868 INFO  impl.RoleInfo (RoleInfo.java:updateAndGet(143)) - b7140eff-5703-4e09-9ea1-6d7697fb69a9: start LeaderElection
2019-07-31 00:42:17,886 INFO  impl.LeaderElection (LeaderElection.java:askForVotes(181)) - b7140eff-5703-4e09-9ea1-6d7697fb69a9:group-823431FEE393:LeaderElection68: begin an election at term 1 for -1: [b7140eff-5703-4e09-9ea1-6d7697fb69a9:192.168.69.114:37829], old=null
2019-07-31 00:42:17,886 INFO  impl.RoleInfo (RoleInfo.java:shutdownLeaderElection(134)) - b7140eff-5703-4e09-9ea1-6d7697fb69a9: shutdown LeaderElection
2019-07-31 00:42:17,886 INFO  impl.RaftServerImpl (RaftServerImpl.java:setRole(171)) - b7140eff-5703-4e09-9ea1-6d7697fb69a9:group-823431FEE393 changes role from CANDIDATE to LEADER at term 1 for changeToLeader
2019-07-31 00:42:17,886 INFO  impl.RaftServerImpl (ServerState.java:setLeader(263)) - b7140eff-5703-4e09-9ea1-6d7697fb69a9:group-823431FEE393 change Leader from null to b7140eff-5703-4e09-9ea1-6d7697fb69a9 at term 1 for becomeLeader, leader elected after 5213ms
2019-07-31 00:42:17,887 INFO  server.RaftServerConfigKeys (ConfUtils.java:logGet(43)) - raft.server.staging.catchup.gap = 1000 (default)
2019-07-31 00:42:17,887 INFO  server.RaftServerConfigKeys (ConfUtils.java:logGet(43)) - raft.server.rpc.sleep.time = 25ms (default)
2019-07-31 00:42:17,887 INFO  server.RaftServerConfigKeys (ConfUtils.java:logGet(43)) - raft.server.write.element-limit = 4096 (default)
2019-07-31 00:42:17,887 INFO  server.RaftServerConfigKeys (ConfUtils.java:logGet(43)) - raft.server.watch.timeout = 10s (default)
2019-07-31 00:42:17,887 INFO  server.RaftServerConfigKeys (ConfUtils.java:logGet(43)) - raft.server.watch.timeout.denomination = 1s (default)
2019-07-31 00:42:17,887 INFO  server.RaftServerConfigKeys (ConfUtils.java:logGet(43)) - raft.server.watch.element-limit = 65536 (default)
2019-07-31 00:42:17,887 INFO  impl.RoleInfo (RoleInfo.java:updateAndGet(143)) - b7140eff-5703-4e09-9ea1-6d7697fb69a9: start LeaderState
2019-07-31 00:42:17,887 INFO  segmented.SegmentedRaftLogWorker (SegmentedRaftLogWorker.java:startLogSegment(380)) - b7140eff-5703-4e09-9ea1-6d7697fb69a9-SegmentedRaftLogWorker:Storage Directory /workdir/hadoop-ozone/integration-test/target/test-dir/MiniOzoneClusterImpl-3651a17c-520d-479a-aff9-57061945e126/datanode-4/data/ratis/fc079b58-2130-491f-bd09-823431fee393: Starting segment from index:0
2019-07-31 00:42:17,888 INFO  impl.RaftServerImpl (ServerState.java:setRaftConf(361)) - b7140eff-5703-4e09-9ea1-6d7697fb69a9:group-823431FEE393 set configuration 0: [b7140eff-5703-4e09-9ea1-6d7697fb69a9:192.168.69.114:37829], old=null at 0
2019-07-31 00:42:17,909 INFO  segmented.SegmentedRaftLogWorker (SegmentedRaftLogWorker.java:execute(569)) - b7140eff-5703-4e09-9ea1-6d7697fb69a9-SegmentedRaftLogWorker:Storage Directory /workdir/hadoop-ozone/integration-test/target/test-dir/MiniOzoneClusterImpl-3651a17c-520d-479a-aff9-57061945e126/datanode-4/data/ratis/fc079b58-2130-491f-bd09-823431fee393: created new log segment /workdir/hadoop-ozone/integration-test/target/test-dir/MiniOzoneClusterImpl-3651a17c-520d-479a-aff9-57061945e126/datanode-4/data/ratis/fc079b58-2130-491f-bd09-823431fee393/current/log_inprogress_0
2019-07-31 00:42:17,914 INFO  impl.FollowerState (FollowerState.java:run(106)) - cb86e675-92ae-4063-a828-dc70313734de:group-9BBC21F21F71 changes to CANDIDATE, lastRpcTime:5071, electionTimeout:5071ms
2019-07-31 00:42:17,914 INFO  impl.RoleInfo (RoleInfo.java:shutdownFollowerState(121)) - cb86e675-92ae-4063-a828-dc70313734de: shutdown FollowerState
2019-07-31 00:42:17,914 INFO  impl.RaftServerImpl (RaftServerImpl.java:setRole(171)) - cb86e675-92ae-4063-a828-dc70313734de:group-9BBC21F21F71 changes role from FOLLOWER to CANDIDATE at term 0 for changeToCandidate
2019-07-31 00:42:17,915 INFO  impl.RoleInfo (RoleInfo.java:updateAndGet(143)) - cb86e675-92ae-4063-a828-dc70313734de: start LeaderElection
2019-07-31 00:42:17,933 INFO  impl.LeaderElection (LeaderElection.java:askForVotes(181)) - cb86e675-92ae-4063-a828-dc70313734de:group-9BBC21F21F71:LeaderElection69: begin an election at term 1 for -1: [cb86e675-92ae-4063-a828-dc70313734de:192.168.69.114:43071], old=null
2019-07-31 00:42:17,933 INFO  impl.RoleInfo (RoleInfo.java:shutdownLeaderElection(134)) - cb86e675-92ae-4063-a828-dc70313734de: shutdown LeaderElection
2019-07-31 00:42:17,933 INFO  impl.RaftServerImpl (RaftServerImpl.java:setRole(171)) - cb86e675-92ae-4063-a828-dc70313734de:group-9BBC21F21F71 changes role from CANDIDATE to LEADER at term 1 for changeToLeader
2019-07-31 00:42:17,933 INFO  impl.RaftServerImpl (ServerState.java:setLeader(263)) - cb86e675-92ae-4063-a828-dc70313734de:group-9BBC21F21F71 change Leader from null to cb86e675-92ae-4063-a828-dc70313734de at term 1 for becomeLeader, leader elected after 5093ms
2019-07-31 00:42:17,933 INFO  server.RaftServerConfigKeys (ConfUtils.java:logGet(43)) - raft.server.staging.catchup.gap = 1000 (default)
2019-07-31 00:42:17,933 INFO  server.RaftServerConfigKeys (ConfUtils.java:logGet(43)) - raft.server.rpc.sleep.time = 25ms (default)
2019-07-31 00:42:17,934 INFO  server.RaftServerConfigKeys (ConfUtils.java:logGet(43)) - raft.server.write.element-limit = 4096 (default)
2019-07-31 00:42:17,934 INFO  server.RaftServerConfigKeys (ConfUtils.java:logGet(43)) - raft.server.watch.timeout = 10s (default)
2019-07-31 00:42:17,934 INFO  server.RaftServerConfigKeys (ConfUtils.java:logGet(43)) - raft.server.watch.timeout.denomination = 1s (default)
2019-07-31 00:42:17,934 INFO  server.RaftServerConfigKeys (ConfUtils.java:logGet(43)) - raft.server.watch.element-limit = 65536 (default)
2019-07-31 00:42:17,934 INFO  impl.RoleInfo (RoleInfo.java:updateAndGet(143)) - cb86e675-92ae-4063-a828-dc70313734de: start LeaderState
2019-07-31 00:42:17,934 INFO  segmented.SegmentedRaftLogWorker (SegmentedRaftLogWorker.java:startLogSegment(380)) - cb86e675-92ae-4063-a828-dc70313734de-SegmentedRaftLogWorker:Storage Directory /workdir/hadoop-ozone/integration-test/target/test-dir/MiniOzoneClusterImpl-3651a17c-520d-479a-aff9-57061945e126/datanode-5/data/ratis/4900a0e0-03dd-4114-9920-9bbc21f21f71: Starting segment from index:0
2019-07-31 00:42:17,935 INFO  impl.RaftServerImpl (ServerState.java:setRaftConf(361)) - cb86e675-92ae-4063-a828-dc70313734de:group-9BBC21F21F71 set configuration 0: [cb86e675-92ae-4063-a828-dc70313734de:192.168.69.114:43071], old=null at 0
2019-07-31 00:42:17,963 INFO  segmented.SegmentedRaftLogWorker (SegmentedRaftLogWorker.java:execute(569)) - cb86e675-92ae-4063-a828-dc70313734de-SegmentedRaftLogWorker:Storage Directory /workdir/hadoop-ozone/integration-test/target/test-dir/MiniOzoneClusterImpl-3651a17c-520d-479a-aff9-57061945e126/datanode-5/data/ratis/4900a0e0-03dd-4114-9920-9bbc21f21f71: created new log segment /workdir/hadoop-ozone/integration-test/target/test-dir/MiniOzoneClusterImpl-3651a17c-520d-479a-aff9-57061945e126/datanode-5/data/ratis/4900a0e0-03dd-4114-9920-9bbc21f21f71/current/log_inprogress_0
2019-07-31 00:42:17,982 INFO  impl.FollowerState (FollowerState.java:run(106)) - d65af000-2156-4231-a394-22380e486286:group-24F9E45514A0 changes to CANDIDATE, lastRpcTime:5084, electionTimeout:5084ms
2019-07-31 00:42:17,982 INFO  impl.RoleInfo (RoleInfo.java:shutdownFollowerState(121)) - d65af000-2156-4231-a394-22380e486286: shutdown FollowerState
2019-07-31 00:42:17,982 INFO  impl.RaftServerImpl (RaftServerImpl.java:setRole(171)) - d65af000-2156-4231-a394-22380e486286:group-24F9E45514A0 changes role from FOLLOWER to CANDIDATE at term 0 for changeToCandidate
2019-07-31 00:42:17,982 INFO  impl.RoleInfo (RoleInfo.java:updateAndGet(143)) - d65af000-2156-4231-a394-22380e486286: start LeaderElection
2019-07-31 00:42:17,989 INFO  impl.FollowerState (FollowerState.java:run(106)) - cb86e675-92ae-4063-a828-dc70313734de:group-24F9E45514A0 changes to CANDIDATE, lastRpcTime:5091, electionTimeout:5091ms
2019-07-31 00:42:17,989 INFO  impl.RoleInfo (RoleInfo.java:shutdownFollowerState(121)) - cb86e675-92ae-4063-a828-dc70313734de: shutdown FollowerState
2019-07-31 00:42:17,989 INFO  impl.RaftServerImpl (RaftServerImpl.java:setRole(171)) - cb86e675-92ae-4063-a828-dc70313734de:group-24F9E45514A0 changes role from FOLLOWER to CANDIDATE at term 0 for changeToCandidate
2019-07-31 00:42:17,989 INFO  impl.RoleInfo (RoleInfo.java:updateAndGet(143)) - cb86e675-92ae-4063-a828-dc70313734de: start LeaderElection
2019-07-31 00:42:17,996 INFO  impl.LeaderElection (LeaderElection.java:askForVotes(181)) - d65af000-2156-4231-a394-22380e486286:group-24F9E45514A0:LeaderElection70: begin an election at term 1 for -1: [d65af000-2156-4231-a394-22380e486286:192.168.69.114:43478, cb86e675-92ae-4063-a828-dc70313734de:192.168.69.114:43071, b7140eff-5703-4e09-9ea1-6d7697fb69a9:192.168.69.114:37829], old=null
2019-07-31 00:42:17,996 INFO  impl.LeaderElection (LeaderElection.java:askForVotes(181)) - cb86e675-92ae-4063-a828-dc70313734de:group-24F9E45514A0:LeaderElection71: begin an election at term 1 for -1: [d65af000-2156-4231-a394-22380e486286:192.168.69.114:43478, cb86e675-92ae-4063-a828-dc70313734de:192.168.69.114:43071, b7140eff-5703-4e09-9ea1-6d7697fb69a9:192.168.69.114:37829], old=null
2019-07-31 00:42:18,006 INFO  impl.FollowerState (FollowerState.java:run(106)) - b7140eff-5703-4e09-9ea1-6d7697fb69a9:group-24F9E45514A0 changes to CANDIDATE, lastRpcTime:5113, electionTimeout:5110ms
2019-07-31 00:42:18,006 INFO  impl.RoleInfo (RoleInfo.java:shutdownFollowerState(121)) - b7140eff-5703-4e09-9ea1-6d7697fb69a9: shutdown FollowerState
2019-07-31 00:42:18,006 INFO  impl.RaftServerImpl (RaftServerImpl.java:setRole(171)) - b7140eff-5703-4e09-9ea1-6d7697fb69a9:group-24F9E45514A0 changes role from FOLLOWER to CANDIDATE at term 0 for changeToCandidate
2019-07-31 00:42:18,007 INFO  impl.RoleInfo (RoleInfo.java:updateAndGet(143)) - b7140eff-5703-4e09-9ea1-6d7697fb69a9: start LeaderElection
2019-07-31 00:42:18,024 INFO  impl.LeaderElection (LeaderElection.java:askForVotes(181)) - b7140eff-5703-4e09-9ea1-6d7697fb69a9:group-24F9E45514A0:LeaderElection72: begin an election at term 1 for -1: [d65af000-2156-4231-a394-22380e486286:192.168.69.114:43478, cb86e675-92ae-4063-a828-dc70313734de:192.168.69.114:43071, b7140eff-5703-4e09-9ea1-6d7697fb69a9:192.168.69.114:37829], old=null
2019-07-31 00:42:18,026 INFO  impl.LeaderElection (LeaderElection.java:logAndReturn(56)) - cb86e675-92ae-4063-a828-dc70313734de:group-24F9E45514A0:LeaderElection71: Election REJECTED; received 2 response(s) [cb86e675-92ae-4063-a828-dc70313734de<-d65af000-2156-4231-a394-22380e486286#0:FAIL-t1, cb86e675-92ae-4063-a828-dc70313734de<-b7140eff-5703-4e09-9ea1-6d7697fb69a9#0:FAIL-t1] and 0 exception(s); cb86e675-92ae-4063-a828-dc70313734de:t1, leader=null, voted=cb86e675-92ae-4063-a828-dc70313734de, raftlog=cb86e675-92ae-4063-a828-dc70313734de-SegmentedRaftLog:OPENED:c-1,f-1,i0, conf=-1: [d65af000-2156-4231-a394-22380e486286:192.168.69.114:43478, cb86e675-92ae-4063-a828-dc70313734de:192.168.69.114:43071, b7140eff-5703-4e09-9ea1-6d7697fb69a9:192.168.69.114:37829], old=null
2019-07-31 00:42:18,026 INFO  impl.LeaderElection (LeaderElection.java:logAndReturn(56)) - d65af000-2156-4231-a394-22380e486286:group-24F9E45514A0:LeaderElection70: Election REJECTED; received 2 response(s) [d65af000-2156-4231-a394-22380e486286<-cb86e675-92ae-4063-a828-dc70313734de#0:FAIL-t1, d65af000-2156-4231-a394-22380e486286<-b7140eff-5703-4e09-9ea1-6d7697fb69a9#0:FAIL-t1] and 0 exception(s); d65af000-2156-4231-a394-22380e486286:t1, leader=null, voted=d65af000-2156-4231-a394-22380e486286, raftlog=d65af000-2156-4231-a394-22380e486286-SegmentedRaftLog:OPENED:c-1,f-1,i0, conf=-1: [d65af000-2156-4231-a394-22380e486286:192.168.69.114:43478, cb86e675-92ae-4063-a828-dc70313734de:192.168.69.114:43071, b7140eff-5703-4e09-9ea1-6d7697fb69a9:192.168.69.114:37829], old=null
2019-07-31 00:42:18,026 INFO  impl.RaftServerImpl (RaftServerImpl.java:setRole(171)) - cb86e675-92ae-4063-a828-dc70313734de:group-24F9E45514A0 changes role from CANDIDATE to FOLLOWER at term 1 for DISCOVERED_A_NEW_TERM
2019-07-31 00:42:18,030 INFO  impl.RoleInfo (RoleInfo.java:shutdownLeaderElection(134)) - cb86e675-92ae-4063-a828-dc70313734de: shutdown LeaderElection
2019-07-31 00:42:18,030 INFO  impl.RaftServerImpl (RaftServerImpl.java:setRole(171)) - d65af000-2156-4231-a394-22380e486286:group-24F9E45514A0 changes role from CANDIDATE to FOLLOWER at term 1 for DISCOVERED_A_NEW_TERM
2019-07-31 00:42:18,032 INFO  impl.RoleInfo (RoleInfo.java:updateAndGet(143)) - cb86e675-92ae-4063-a828-dc70313734de: start FollowerState
2019-07-31 00:42:18,032 INFO  impl.RoleInfo (RoleInfo.java:shutdownLeaderElection(134)) - d65af000-2156-4231-a394-22380e486286: shutdown LeaderElection
2019-07-31 00:42:18,033 INFO  impl.RoleInfo (RoleInfo.java:updateAndGet(143)) - d65af000-2156-4231-a394-22380e486286: start FollowerState
2019-07-31 00:42:18,044 INFO  impl.LeaderElection (LeaderElection.java:logAndReturn(56)) - b7140eff-5703-4e09-9ea1-6d7697fb69a9:group-24F9E45514A0:LeaderElection72: Election REJECTED; received 2 response(s) [b7140eff-5703-4e09-9ea1-6d7697fb69a9<-d65af000-2156-4231-a394-22380e486286#0:FAIL-t1, b7140eff-5703-4e09-9ea1-6d7697fb69a9<-cb86e675-92ae-4063-a828-dc70313734de#0:FAIL-t1] and 0 exception(s); b7140eff-5703-4e09-9ea1-6d7697fb69a9:t1, leader=null, voted=b7140eff-5703-4e09-9ea1-6d7697fb69a9, raftlog=b7140eff-5703-4e09-9ea1-6d7697fb69a9-SegmentedRaftLog:OPENED:c-1,f-1,i0, conf=-1: [d65af000-2156-4231-a394-22380e486286:192.168.69.114:43478, cb86e675-92ae-4063-a828-dc70313734de:192.168.69.114:43071, b7140eff-5703-4e09-9ea1-6d7697fb69a9:192.168.69.114:37829], old=null
2019-07-31 00:42:18,044 INFO  impl.RaftServerImpl (RaftServerImpl.java:setRole(171)) - b7140eff-5703-4e09-9ea1-6d7697fb69a9:group-24F9E45514A0 changes role from CANDIDATE to FOLLOWER at term 1 for DISCOVERED_A_NEW_TERM
2019-07-31 00:42:18,044 INFO  impl.RoleInfo (RoleInfo.java:shutdownLeaderElection(134)) - b7140eff-5703-4e09-9ea1-6d7697fb69a9: shutdown LeaderElection
2019-07-31 00:42:18,044 INFO  impl.RoleInfo (RoleInfo.java:updateAndGet(143)) - b7140eff-5703-4e09-9ea1-6d7697fb69a9: start FollowerState
2019-07-31 00:42:18,062 INFO  client.GrpcClientProtocolClient (GrpcClientProtocolClient.java:onNext(255)) - client-6792AA486DCA->b21db089-cc86-4e23-83e0-adc12698a3e5: receive RaftClientReply:client-6792AA486DCA->b21db089-cc86-4e23-83e0-adc12698a3e5@group-A2F98B5D1D34, cid=183, FAILED org.apache.ratis.protocol.NotLeaderException: Server b21db089-cc86-4e23-83e0-adc12698a3e5 is not the leader (68530759-a9b4-429d-a744-d9196cfd04d9:192.168.69.114:44195). Request must be sent to leader., logIndex=0, commits[b21db089-cc86-4e23-83e0-adc12698a3e5:c-1, 68530759-a9b4-429d-a744-d9196cfd04d9:c-1, 1498636e-be33-47ac-bb18-f5fe604b271f:c-1]
2019-07-31 00:42:18,135 INFO  impl.FollowerState (FollowerState.java:run(106)) - 0f029971-9dd8-40d4-879b-021d46ddb30f:group-47EAFE541D50 changes to CANDIDATE, lastRpcTime:5138, electionTimeout:5138ms
2019-07-31 00:42:18,136 INFO  impl.RoleInfo (RoleInfo.java:shutdownFollowerState(121)) - 0f029971-9dd8-40d4-879b-021d46ddb30f: shutdown FollowerState
2019-07-31 00:42:18,136 INFO  impl.RaftServerImpl (RaftServerImpl.java:setRole(171)) - 0f029971-9dd8-40d4-879b-021d46ddb30f:group-47EAFE541D50 changes role from FOLLOWER to CANDIDATE at term 0 for changeToCandidate
2019-07-31 00:42:18,136 INFO  impl.RoleInfo (RoleInfo.java:updateAndGet(143)) - 0f029971-9dd8-40d4-879b-021d46ddb30f: start LeaderElection
2019-07-31 00:42:18,154 INFO  impl.LeaderElection (LeaderElection.java:askForVotes(181)) - 0f029971-9dd8-40d4-879b-021d46ddb30f:group-47EAFE541D50:LeaderElection73: begin an election at term 1 for -1: [0f029971-9dd8-40d4-879b-021d46ddb30f:192.168.69.114:34033], old=null
2019-07-31 00:42:18,154 INFO  impl.RoleInfo (RoleInfo.java:shutdownLeaderElection(134)) - 0f029971-9dd8-40d4-879b-021d46ddb30f: shutdown LeaderElection
2019-07-31 00:42:18,155 INFO  impl.RaftServerImpl (RaftServerImpl.java:setRole(171)) - 0f029971-9dd8-40d4-879b-021d46ddb30f:group-47EAFE541D50 changes role from CANDIDATE to LEADER at term 1 for changeToLeader
2019-07-31 00:42:18,155 INFO  impl.RaftServerImpl (ServerState.java:setLeader(263)) - 0f029971-9dd8-40d4-879b-021d46ddb30f:group-47EAFE541D50 change Leader from null to 0f029971-9dd8-40d4-879b-021d46ddb30f at term 1 for becomeLeader, leader elected after 5161ms
2019-07-31 00:42:18,155 INFO  server.RaftServerConfigKeys (ConfUtils.java:logGet(43)) - raft.server.staging.catchup.gap = 1000 (default)
2019-07-31 00:42:18,155 INFO  server.RaftServerConfigKeys (ConfUtils.java:logGet(43)) - raft.server.rpc.sleep.time = 25ms (default)
2019-07-31 00:42:18,155 INFO  server.RaftServerConfigKeys (ConfUtils.java:logGet(43)) - raft.server.write.element-limit = 4096 (default)
2019-07-31 00:42:18,155 INFO  server.RaftServerConfigKeys (ConfUtils.java:logGet(43)) - raft.server.watch.timeout = 10s (default)
2019-07-31 00:42:18,155 INFO  server.RaftServerConfigKeys (ConfUtils.java:logGet(43)) - raft.server.watch.timeout.denomination = 1s (default)
2019-07-31 00:42:18,156 INFO  server.RaftServerConfigKeys (ConfUtils.java:logGet(43)) - raft.server.watch.element-limit = 65536 (default)
2019-07-31 00:42:18,156 INFO  impl.RoleInfo (RoleInfo.java:updateAndGet(143)) - 0f029971-9dd8-40d4-879b-021d46ddb30f: start LeaderState
2019-07-31 00:42:18,156 INFO  segmented.SegmentedRaftLogWorker (SegmentedRaftLogWorker.java:startLogSegment(380)) - 0f029971-9dd8-40d4-879b-021d46ddb30f-SegmentedRaftLogWorker:Storage Directory /workdir/hadoop-ozone/integration-test/target/test-dir/MiniOzoneClusterImpl-3651a17c-520d-479a-aff9-57061945e126/datanode-6/data/ratis/70e135d6-4ae8-42d5-9414-47eafe541d50: Starting segment from index:0
2019-07-31 00:42:18,156 INFO  impl.RaftServerImpl (ServerState.java:setRaftConf(361)) - 0f029971-9dd8-40d4-879b-021d46ddb30f:group-47EAFE541D50 set configuration 0: [0f029971-9dd8-40d4-879b-021d46ddb30f:192.168.69.114:34033], old=null at 0
2019-07-31 00:42:18,184 INFO  segmented.SegmentedRaftLogWorker (SegmentedRaftLogWorker.java:execute(569)) - 0f029971-9dd8-40d4-879b-021d46ddb30f-SegmentedRaftLogWorker:Storage Directory /workdir/hadoop-ozone/integration-test/target/test-dir/MiniOzoneClusterImpl-3651a17c-520d-479a-aff9-57061945e126/datanode-6/data/ratis/70e135d6-4ae8-42d5-9414-47eafe541d50: created new log segment /workdir/hadoop-ozone/integration-test/target/test-dir/MiniOzoneClusterImpl-3651a17c-520d-479a-aff9-57061945e126/datanode-6/data/ratis/70e135d6-4ae8-42d5-9414-47eafe541d50/current/log_inprogress_0
2019-07-31 00:42:18,203 INFO  client.GrpcClientProtocolClient (GrpcClientProtocolClient.java:onNext(255)) - client-6792AA486DCA->68530759-a9b4-429d-a744-d9196cfd04d9: receive RaftClientReply:client-6792AA486DCA->68530759-a9b4-429d-a744-d9196cfd04d9@group-A2F98B5D1D34, cid=183, SUCCESS, logIndex=1, commits[68530759-a9b4-429d-a744-d9196cfd04d9:c1, b21db089-cc86-4e23-83e0-adc12698a3e5:c0, 1498636e-be33-47ac-bb18-f5fe604b271f:c0]
2019-07-31 00:42:18,219 INFO  client.GrpcClientProtocolClient (GrpcClientProtocolClient.java:onNext(255)) - client-6792AA486DCA->68530759-a9b4-429d-a744-d9196cfd04d9: receive RaftClientReply:client-6792AA486DCA->68530759-a9b4-429d-a744-d9196cfd04d9@group-A2F98B5D1D34, cid=184, SUCCESS, logIndex=3, commits[68530759-a9b4-429d-a744-d9196cfd04d9:c4, b21db089-cc86-4e23-83e0-adc12698a3e5:c1, 1498636e-be33-47ac-bb18-f5fe604b271f:c1]
2019-07-31 00:42:18,259 INFO  client.GrpcClientProtocolClient (GrpcClientProtocolClient.java:onNext(255)) - client-6792AA486DCA->68530759-a9b4-429d-a744-d9196cfd04d9: receive RaftClientReply:client-6792AA486DCA->68530759-a9b4-429d-a744-d9196cfd04d9@group-A2F98B5D1D34, cid=185, SUCCESS, logIndex=4, commits[68530759-a9b4-429d-a744-d9196cfd04d9:c12, b21db089-cc86-4e23-83e0-adc12698a3e5:c7, 1498636e-be33-47ac-bb18-f5fe604b271f:c7]
2019-07-31 00:42:18,260 INFO  client.GrpcClientProtocolClient (GrpcClientProtocolClient.java:onNext(255)) - client-6792AA486DCA->68530759-a9b4-429d-a744-d9196cfd04d9: receive RaftClientReply:client-6792AA486DCA->68530759-a9b4-429d-a744-d9196cfd04d9@group-A2F98B5D1D34, cid=186, SUCCESS, logIndex=5, commits[68530759-a9b4-429d-a744-d9196cfd04d9:c12, b21db089-cc86-4e23-83e0-adc12698a3e5:c7, 1498636e-be33-47ac-bb18-f5fe604b271f:c7]
2019-07-31 00:42:18,262 INFO  client.GrpcClientProtocolClient (GrpcClientProtocolClient.java:onNext(255)) - client-6792AA486DCA->68530759-a9b4-429d-a744-d9196cfd04d9: receive RaftClientReply:client-6792AA486DCA->68530759-a9b4-429d-a744-d9196cfd04d9@group-A2F98B5D1D34, cid=187, SUCCESS, logIndex=6, commits[68530759-a9b4-429d-a744-d9196cfd04d9:c12, b21db089-cc86-4e23-83e0-adc12698a3e5:c7, 1498636e-be33-47ac-bb18-f5fe604b271f:c7]
2019-07-31 00:42:18,349 INFO  client.GrpcClientProtocolClient (GrpcClientProtocolClient.java:onNext(255)) - client-6792AA486DCA->68530759-a9b4-429d-a744-d9196cfd04d9: receive RaftClientReply:client-6792AA486DCA->68530759-a9b4-429d-a744-d9196cfd04d9@group-A2F98B5D1D34, cid=188, SUCCESS, logIndex=7, commits[68530759-a9b4-429d-a744-d9196cfd04d9:c12, b21db089-cc86-4e23-83e0-adc12698a3e5:c7, 1498636e-be33-47ac-bb18-f5fe604b271f:c7]
2019-07-31 00:42:18,392 INFO  client.GrpcClientProtocolClient (GrpcClientProtocolClient.java:onNext(255)) - client-6792AA486DCA->68530759-a9b4-429d-a744-d9196cfd04d9: receive RaftClientReply:client-6792AA486DCA->68530759-a9b4-429d-a744-d9196cfd04d9@group-A2F98B5D1D34, cid=189, SUCCESS, logIndex=13, commits[68530759-a9b4-429d-a744-d9196cfd04d9:c14, b21db089-cc86-4e23-83e0-adc12698a3e5:c12, 1498636e-be33-47ac-bb18-f5fe604b271f:c12]
2019-07-31 00:42:18,396 INFO  client.GrpcClientProtocolClient (GrpcClientProtocolClient.java:onNext(255)) - client-6792AA486DCA->68530759-a9b4-429d-a744-d9196cfd04d9: receive RaftClientReply:client-6792AA486DCA->68530759-a9b4-429d-a744-d9196cfd04d9@group-A2F98B5D1D34, cid=190, SUCCESS, logIndex=14, commits[68530759-a9b4-429d-a744-d9196cfd04d9:c14, b21db089-cc86-4e23-83e0-adc12698a3e5:c13, 1498636e-be33-47ac-bb18-f5fe604b271f:c12]
2019-07-31 00:42:18,406 INFO  client.GrpcClientProtocolClient (GrpcClientProtocolClient.java:onNext(255)) - client-6792AA486DCA->68530759-a9b4-429d-a744-d9196cfd04d9: receive RaftClientReply:client-6792AA486DCA->68530759-a9b4-429d-a744-d9196cfd04d9@group-A2F98B5D1D34, cid=191, SUCCESS, logIndex=0, commits[68530759-a9b4-429d-a744-d9196cfd04d9:c16, b21db089-cc86-4e23-83e0-adc12698a3e5:c14, 1498636e-be33-47ac-bb18-f5fe604b271f:c14]
2019-07-31 00:42:18,407 INFO  datanode.ObjectStoreHandler (ObjectStoreHandler.java:close(155)) - Closing ObjectStoreHandler.
2019-07-31 00:42:18,407 INFO  ozone.HddsDatanodeService (HddsDatanodeService.java:stop(451)) - Stopped plug-in org.apache.hadoop.ozone.web.OzoneHddsDatanodeService@27aa0720
2019-07-31 00:42:19,186 INFO  statemachine.DatanodeStateMachine (DatanodeStateMachine.java:lambda$startDaemon$0(350)) - Ozone container server started.
2019-07-31 00:42:23,101 INFO  impl.FollowerState (FollowerState.java:run(106)) - b7140eff-5703-4e09-9ea1-6d7697fb69a9:group-24F9E45514A0 changes to CANDIDATE, lastRpcTime:5056, electionTimeout:5056ms
2019-07-31 00:42:23,101 INFO  impl.RoleInfo (RoleInfo.java:shutdownFollowerState(121)) - b7140eff-5703-4e09-9ea1-6d7697fb69a9: shutdown FollowerState
2019-07-31 00:42:23,101 INFO  impl.RaftServerImpl (RaftServerImpl.java:setRole(171)) - b7140eff-5703-4e09-9ea1-6d7697fb69a9:group-24F9E45514A0 changes role from FOLLOWER to CANDIDATE at term 1 for changeToCandidate
2019-07-31 00:42:23,101 INFO  impl.RoleInfo (RoleInfo.java:updateAndGet(143)) - b7140eff-5703-4e09-9ea1-6d7697fb69a9: start LeaderElection
2019-07-31 00:42:23,108 INFO  impl.FollowerState (FollowerState.java:run(106)) - cb86e675-92ae-4063-a828-dc70313734de:group-24F9E45514A0 changes to CANDIDATE, lastRpcTime:5075, electionTimeout:5066ms
2019-07-31 00:42:23,108 INFO  impl.RoleInfo (RoleInfo.java:shutdownFollowerState(121)) - cb86e675-92ae-4063-a828-dc70313734de: shutdown FollowerState
2019-07-31 00:42:23,109 INFO  impl.RaftServerImpl (RaftServerImpl.java:setRole(171)) - cb86e675-92ae-4063-a828-dc70313734de:group-24F9E45514A0 changes role from FOLLOWER to CANDIDATE at term 1 for changeToCandidate
2019-07-31 00:42:23,109 INFO  impl.RoleInfo (RoleInfo.java:updateAndGet(143)) - cb86e675-92ae-4063-a828-dc70313734de: start LeaderElection
2019-07-31 00:42:23,112 INFO  impl.FollowerState (FollowerState.java:run(106)) - d65af000-2156-4231-a394-22380e486286:group-24F9E45514A0 changes to CANDIDATE, lastRpcTime:5079, electionTimeout:5070ms
2019-07-31 00:42:23,113 INFO  impl.RoleInfo (RoleInfo.java:shutdownFollowerState(121)) - d65af000-2156-4231-a394-22380e486286: shutdown FollowerState
2019-07-31 00:42:23,113 INFO  impl.RaftServerImpl (RaftServerImpl.java:setRole(171)) - d65af000-2156-4231-a394-22380e486286:group-24F9E45514A0 changes role from FOLLOWER to CANDIDATE at term 1 for changeToCandidate
2019-07-31 00:42:23,113 INFO  impl.RoleInfo (RoleInfo.java:updateAndGet(143)) - d65af000-2156-4231-a394-22380e486286: start LeaderElection
2019-07-31 00:42:23,135 INFO  impl.LeaderElection (LeaderElection.java:askForVotes(181)) - cb86e675-92ae-4063-a828-dc70313734de:group-24F9E45514A0:LeaderElection75: begin an election at term 2 for -1: [d65af000-2156-4231-a394-22380e486286:192.168.69.114:43478, cb86e675-92ae-4063-a828-dc70313734de:192.168.69.114:43071, b7140eff-5703-4e09-9ea1-6d7697fb69a9:192.168.69.114:37829], old=null
2019-07-31 00:42:23,135 INFO  impl.LeaderElection (LeaderElection.java:askForVotes(181)) - b7140eff-5703-4e09-9ea1-6d7697fb69a9:group-24F9E45514A0:LeaderElection74: begin an election at term 2 for -1: [d65af000-2156-4231-a394-22380e486286:192.168.69.114:43478, cb86e675-92ae-4063-a828-dc70313734de:192.168.69.114:43071, b7140eff-5703-4e09-9ea1-6d7697fb69a9:192.168.69.114:37829], old=null
2019-07-31 00:42:23,135 INFO  impl.LeaderElection (LeaderElection.java:askForVotes(181)) - d65af000-2156-4231-a394-22380e486286:group-24F9E45514A0:LeaderElection76: begin an election at term 2 for -1: [d65af000-2156-4231-a394-22380e486286:192.168.69.114:43478, cb86e675-92ae-4063-a828-dc70313734de:192.168.69.114:43071, b7140eff-5703-4e09-9ea1-6d7697fb69a9:192.168.69.114:37829], old=null
2019-07-31 00:42:23,138 INFO  impl.LeaderElection (LeaderElection.java:logAndReturn(56)) - d65af000-2156-4231-a394-22380e486286:group-24F9E45514A0:LeaderElection76: Election REJECTED; received 2 response(s) [d65af000-2156-4231-a394-22380e486286<-cb86e675-92ae-4063-a828-dc70313734de#0:FAIL-t2, d65af000-2156-4231-a394-22380e486286<-b7140eff-5703-4e09-9ea1-6d7697fb69a9#0:FAIL-t2] and 0 exception(s); d65af000-2156-4231-a394-22380e486286:t2, leader=null, voted=d65af000-2156-4231-a394-22380e486286, raftlog=d65af000-2156-4231-a394-22380e486286-SegmentedRaftLog:OPENED:c-1,f-1,i0, conf=-1: [d65af000-2156-4231-a394-22380e486286:192.168.69.114:43478, cb86e675-92ae-4063-a828-dc70313734de:192.168.69.114:43071, b7140eff-5703-4e09-9ea1-6d7697fb69a9:192.168.69.114:37829], old=null
2019-07-31 00:42:23,139 INFO  impl.RaftServerImpl (RaftServerImpl.java:setRole(171)) - d65af000-2156-4231-a394-22380e486286:group-24F9E45514A0 changes role from CANDIDATE to FOLLOWER at term 2 for DISCOVERED_A_NEW_TERM
2019-07-31 00:42:23,141 INFO  impl.RoleInfo (RoleInfo.java:shutdownLeaderElection(134)) - d65af000-2156-4231-a394-22380e486286: shutdown LeaderElection
2019-07-31 00:42:23,141 INFO  impl.LeaderElection (LeaderElection.java:logAndReturn(56)) - b7140eff-5703-4e09-9ea1-6d7697fb69a9:group-24F9E45514A0:LeaderElection74: Election REJECTED; received 2 response(s) [b7140eff-5703-4e09-9ea1-6d7697fb69a9<-d65af000-2156-4231-a394-22380e486286#0:FAIL-t2, b7140eff-5703-4e09-9ea1-6d7697fb69a9<-cb86e675-92ae-4063-a828-dc70313734de#0:FAIL-t2] and 0 exception(s); b7140eff-5703-4e09-9ea1-6d7697fb69a9:t2, leader=null, voted=b7140eff-5703-4e09-9ea1-6d7697fb69a9, raftlog=b7140eff-5703-4e09-9ea1-6d7697fb69a9-SegmentedRaftLog:OPENED:c-1,f-1,i0, conf=-1: [d65af000-2156-4231-a394-22380e486286:192.168.69.114:43478, cb86e675-92ae-4063-a828-dc70313734de:192.168.69.114:43071, b7140eff-5703-4e09-9ea1-6d7697fb69a9:192.168.69.114:37829], old=null
2019-07-31 00:42:23,142 INFO  impl.RoleInfo (RoleInfo.java:updateAndGet(143)) - d65af000-2156-4231-a394-22380e486286: start FollowerState
2019-07-31 00:42:23,142 INFO  impl.LeaderElection (LeaderElection.java:logAndReturn(56)) - cb86e675-92ae-4063-a828-dc70313734de:group-24F9E45514A0:LeaderElection75: Election REJECTED; received 2 response(s) [cb86e675-92ae-4063-a828-dc70313734de<-d65af000-2156-4231-a394-22380e486286#0:FAIL-t2, cb86e675-92ae-4063-a828-dc70313734de<-b7140eff-5703-4e09-9ea1-6d7697fb69a9#0:FAIL-t2] and 0 exception(s); cb86e675-92ae-4063-a828-dc70313734de:t2, leader=null, voted=cb86e675-92ae-4063-a828-dc70313734de, raftlog=cb86e675-92ae-4063-a828-dc70313734de-SegmentedRaftLog:OPENED:c-1,f-1,i0, conf=-1: [d65af000-2156-4231-a394-22380e486286:192.168.69.114:43478, cb86e675-92ae-4063-a828-dc70313734de:192.168.69.114:43071, b7140eff-5703-4e09-9ea1-6d7697fb69a9:192.168.69.114:37829], old=null
2019-07-31 00:42:23,142 INFO  impl.RaftServerImpl (RaftServerImpl.java:setRole(171)) - b7140eff-5703-4e09-9ea1-6d7697fb69a9:group-24F9E45514A0 changes role from CANDIDATE to FOLLOWER at term 2 for DISCOVERED_A_NEW_TERM
2019-07-31 00:42:23,148 INFO  impl.RoleInfo (RoleInfo.java:shutdownLeaderElection(134)) - b7140eff-5703-4e09-9ea1-6d7697fb69a9: shutdown LeaderElection
2019-07-31 00:42:23,146 INFO  impl.RaftServerImpl (RaftServerImpl.java:setRole(171)) - cb86e675-92ae-4063-a828-dc70313734de:group-24F9E45514A0 changes role from CANDIDATE to FOLLOWER at term 2 for DISCOVERED_A_NEW_TERM
2019-07-31 00:42:23,150 INFO  impl.RoleInfo (RoleInfo.java:updateAndGet(143)) - b7140eff-5703-4e09-9ea1-6d7697fb69a9: start FollowerState
2019-07-31 00:42:23,150 INFO  impl.RoleInfo (RoleInfo.java:shutdownLeaderElection(134)) - cb86e675-92ae-4063-a828-dc70313734de: shutdown LeaderElection
2019-07-31 00:42:23,150 INFO  impl.RoleInfo (RoleInfo.java:updateAndGet(143)) - cb86e675-92ae-4063-a828-dc70313734de: start FollowerState
2019-07-31 00:42:23,259 INFO  node.StaleNodeHandler (StaleNodeHandler.java:onMessage(58)) - Datanode 68530759-a9b4-429d-a744-d9196cfd04d9{ip: 192.168.69.114, host: byscane-nightly-8jrs9-2386324885, networkLocation: /default-rack, certSerialId: null} moved to stale state. Finalizing its pipelines [PipelineID=61450644-9829-4a3e-b189-d9f3618d6260, PipelineID=b4c368e9-0a7f-4579-a366-a2f98b5d1d34]
2019-07-31 00:42:23,259 INFO  pipeline.SCMPipelineManager (SCMPipelineManager.java:finalizeAndDestroyPipeline(309)) - destroying pipeline:Pipeline[ Id: 61450644-9829-4a3e-b189-d9f3618d6260, Nodes: 68530759-a9b4-429d-a744-d9196cfd04d9{ip: 192.168.69.114, host: byscane-nightly-8jrs9-2386324885, networkLocation: /default-rack, certSerialId: null}, Type:RATIS, Factor:ONE, State:OPEN]
2019-07-31 00:42:23,259 INFO  pipeline.PipelineStateManager (PipelineStateManager.java:finalizePipeline(123)) - Pipeline Pipeline[ Id: 61450644-9829-4a3e-b189-d9f3618d6260, Nodes: 68530759-a9b4-429d-a744-d9196cfd04d9{ip: 192.168.69.114, host: byscane-nightly-8jrs9-2386324885, networkLocation: /default-rack, certSerialId: null}, Type:RATIS, Factor:ONE, State:CLOSED] moved to CLOSED state
2019-07-31 00:42:23,260 INFO  pipeline.SCMPipelineManager (SCMPipelineManager.java:finalizeAndDestroyPipeline(309)) - destroying pipeline:Pipeline[ Id: b4c368e9-0a7f-4579-a366-a2f98b5d1d34, Nodes: 68530759-a9b4-429d-a744-d9196cfd04d9{ip: 192.168.69.114, host: byscane-nightly-8jrs9-2386324885, networkLocation: /default-rack, certSerialId: null}1498636e-be33-47ac-bb18-f5fe604b271f{ip: 192.168.69.114, host: byscane-nightly-8jrs9-2386324885, networkLocation: /default-rack, certSerialId: null}b21db089-cc86-4e23-83e0-adc12698a3e5{ip: 192.168.69.114, host: byscane-nightly-8jrs9-2386324885, networkLocation: /default-rack, certSerialId: null}, Type:RATIS, Factor:THREE, State:OPEN]
2019-07-31 00:42:23,260 INFO  pipeline.PipelineStateManager (PipelineStateManager.java:finalizePipeline(123)) - Pipeline Pipeline[ Id: b4c368e9-0a7f-4579-a366-a2f98b5d1d34, Nodes: 68530759-a9b4-429d-a744-d9196cfd04d9{ip: 192.168.69.114, host: byscane-nightly-8jrs9-2386324885, networkLocation: /default-rack, certSerialId: null}1498636e-be33-47ac-bb18-f5fe604b271f{ip: 192.168.69.114, host: byscane-nightly-8jrs9-2386324885, networkLocation: /default-rack, certSerialId: null}b21db089-cc86-4e23-83e0-adc12698a3e5{ip: 192.168.69.114, host: byscane-nightly-8jrs9-2386324885, networkLocation: /default-rack, certSerialId: null}, Type:RATIS, Factor:THREE, State:CLOSED] moved to CLOSED state
2019-07-31 00:42:23,261 INFO  container.CloseContainerEventHandler (CloseContainerEventHandler.java:onMessage(61)) - Close container Event triggered for container : #1
2019-07-31 00:42:23,408 INFO  ozoneimpl.OzoneContainer (OzoneContainer.java:stop(199)) - Attempting to stop container services.
2019-07-31 00:42:23,408 INFO  impl.RaftServerProxy (RaftServerProxy.java:lambda$close$4(314)) - 68530759-a9b4-429d-a744-d9196cfd04d9: close
2019-07-31 00:42:23,409 INFO  impl.RaftServerImpl (RaftServerImpl.java:lambda$shutdown$3(245)) - 68530759-a9b4-429d-a744-d9196cfd04d9: shutdown group-D9F3618D6260
2019-07-31 00:42:23,409 INFO  impl.RaftServerImpl (RaftServerImpl.java:lambda$shutdown$3(245)) - 68530759-a9b4-429d-a744-d9196cfd04d9: shutdown group-A2F98B5D1D34
2019-07-31 00:42:23,410 INFO  util.JmxRegister (JmxRegister.java:unregister(73)) - Successfully un-registered JMX Bean with object name Ratis:service=RaftServer,group=group-D9F3618D6260,id=68530759-a9b4-429d-a744-d9196cfd04d9
2019-07-31 00:42:23,410 INFO  impl.RoleInfo (RoleInfo.java:shutdownLeaderState(104)) - 68530759-a9b4-429d-a744-d9196cfd04d9: shutdown LeaderState
2019-07-31 00:42:23,410 INFO  util.JmxRegister (JmxRegister.java:unregister(73)) - Successfully un-registered JMX Bean with object name Ratis:service=RaftServer,group=group-A2F98B5D1D34,id=68530759-a9b4-429d-a744-d9196cfd04d9
2019-07-31 00:42:23,410 INFO  impl.PendingRequests (PendingRequests.java:sendNotLeaderResponses(202)) - 68530759-a9b4-429d-a744-d9196cfd04d9-PendingRequests: sendNotLeaderResponses
2019-07-31 00:42:23,411 INFO  impl.RoleInfo (RoleInfo.java:shutdownLeaderState(104)) - 68530759-a9b4-429d-a744-d9196cfd04d9: shutdown LeaderState
2019-07-31 00:42:23,411 INFO  impl.StateMachineUpdater (StateMachineUpdater.java:stopAndJoin(115)) - StateMachineUpdater:68530759-a9b4-429d-a744-d9196cfd04d9:group-D9F3618D6260: set stopIndex = 0
2019-07-31 00:42:23,418 WARN  server.GrpcLogAppender (GrpcLogAppender.java:mayWait(143)) - GrpcLogAppender(68530759-a9b4-429d-a744-d9196cfd04d9->b21db089-cc86-4e23-83e0-adc12698a3e5): Wait interrupted by java.lang.InterruptedException
2019-07-31 00:42:23,418 INFO  impl.PendingRequests (PendingRequests.java:sendNotLeaderResponses(202)) - 68530759-a9b4-429d-a744-d9196cfd04d9-PendingRequests: sendNotLeaderResponses
2019-07-31 00:42:23,418 WARN  server.GrpcLogAppender (GrpcLogAppender.java:mayWait(143)) - GrpcLogAppender(68530759-a9b4-429d-a744-d9196cfd04d9->1498636e-be33-47ac-bb18-f5fe604b271f): Wait interrupted by java.lang.InterruptedException
2019-07-31 00:42:23,418 INFO  impl.RaftServerImpl (ServerState.java:close(394)) - 68530759-a9b4-429d-a744-d9196cfd04d9:group-D9F3618D6260 closes. The last applied log index is 0
2019-07-31 00:42:23,423 INFO  impl.StateMachineUpdater (StateMachineUpdater.java:stopAndJoin(115)) - StateMachineUpdater:68530759-a9b4-429d-a744-d9196cfd04d9:group-A2F98B5D1D34: set stopIndex = 16
2019-07-31 00:42:23,423 INFO  segmented.SegmentedRaftLogWorker (SegmentedRaftLogWorker.java:run(313)) - 68530759-a9b4-429d-a744-d9196cfd04d9-SegmentedRaftLogWorker:Storage Directory /workdir/hadoop-ozone/integration-test/target/test-dir/MiniOzoneClusterImpl-3651a17c-520d-479a-aff9-57061945e126/datanode-0/data/ratis/61450644-9829-4a3e-b189-d9f3618d6260 was interrupted, exiting. There are 0 tasks remaining in the queue.
2019-07-31 00:42:23,423 INFO  server.GrpcServerProtocolService (GrpcServerProtocolService.java:onCompleted(104)) - 1498636e-be33-47ac-bb18-f5fe604b271f: appendEntries completed
2019-07-31 00:42:23,423 INFO  server.GrpcServerProtocolService (GrpcServerProtocolService.java:onCompleted(104)) - b21db089-cc86-4e23-83e0-adc12698a3e5: appendEntries completed
2019-07-31 00:42:23,423 INFO  ratis.ContainerStateMachine (ContainerStateMachine.java:takeSnapshot(262)) - group-A2F98B5D1D34: Taking a snapshot at:(t:1, i:15) file /workdir/hadoop-ozone/integration-test/target/test-dir/MiniOzoneClusterImpl-3651a17c-520d-479a-aff9-57061945e126/datanode-0/data/ratis/b4c368e9-0a7f-4579-a366-a2f98b5d1d34/sm/snapshot.1_15
2019-07-31 00:42:23,426 INFO  segmented.SegmentedRaftLogWorker (SegmentedRaftLogWorker.java:close(228)) - 68530759-a9b4-429d-a744-d9196cfd04d9-SegmentedRaftLogWorker:Storage Directory /workdir/hadoop-ozone/integration-test/target/test-dir/MiniOzoneClusterImpl-3651a17c-520d-479a-aff9-57061945e126/datanode-0/data/ratis/61450644-9829-4a3e-b189-d9f3618d6260 close()
2019-07-31 00:42:23,426 INFO  server.GrpcLogAppender (GrpcLogAppender.java:onCompleted(292)) - 68530759-a9b4-429d-a744-d9196cfd04d9->1498636e-be33-47ac-bb18-f5fe604b271f: follower responses appendEntries COMPLETED
2019-07-31 00:42:23,426 INFO  server.GrpcLogAppender (GrpcLogAppender.java:onCompleted(292)) - 68530759-a9b4-429d-a744-d9196cfd04d9->b21db089-cc86-4e23-83e0-adc12698a3e5: follower responses appendEntries COMPLETED
2019-07-31 00:42:23,431 INFO  impl.FollowerInfo (FollowerInfo.java:lambda$new$0(50)) - 68530759-a9b4-429d-a744-d9196cfd04d9->1498636e-be33-47ac-bb18-f5fe604b271f: nextIndex: updateUnconditionally 17 -> 16
2019-07-31 00:42:23,431 INFO  impl.FollowerInfo (FollowerInfo.java:lambda$new$0(50)) - 68530759-a9b4-429d-a744-d9196cfd04d9->b21db089-cc86-4e23-83e0-adc12698a3e5: nextIndex: updateUnconditionally 17 -> 16
2019-07-31 00:42:23,439 INFO  ratis.ContainerStateMachine (ContainerStateMachine.java:takeSnapshot(273)) - group-A2F98B5D1D34: Finished taking a snapshot at:(t:1, i:15) file:/workdir/hadoop-ozone/integration-test/target/test-dir/MiniOzoneClusterImpl-3651a17c-520d-479a-aff9-57061945e126/datanode-0/data/ratis/b4c368e9-0a7f-4579-a366-a2f98b5d1d34/sm/snapshot.1_15 time:17
2019-07-31 00:42:23,439 INFO  impl.StateMachineUpdater (StateMachineUpdater.java:takeSnapshot(242)) - StateMachineUpdater:68530759-a9b4-429d-a744-d9196cfd04d9:group-A2F98B5D1D34: Took a snapshot at index 15
2019-07-31 00:42:23,439 INFO  impl.StateMachineUpdater (StateMachineUpdater.java:lambda$new$0(80)) - StateMachineUpdater:68530759-a9b4-429d-a744-d9196cfd04d9:group-A2F98B5D1D34: snapshotIndex: updateIncreasingly -1 -> 15
2019-07-31 00:42:23,439 INFO  impl.RaftServerImpl (ServerState.java:close(394)) - 68530759-a9b4-429d-a744-d9196cfd04d9:group-A2F98B5D1D34 closes. The last applied log index is 16
2019-07-31 00:42:23,440 INFO  segmented.SegmentedRaftLogWorker (SegmentedRaftLogWorker.java:run(313)) - 68530759-a9b4-429d-a744-d9196cfd04d9-SegmentedRaftLogWorker:Storage Directory /workdir/hadoop-ozone/integration-test/target/test-dir/MiniOzoneClusterImpl-3651a17c-520d-479a-aff9-57061945e126/datanode-0/data/ratis/b4c368e9-0a7f-4579-a366-a2f98b5d1d34 was interrupted, exiting. There are 0 tasks remaining in the queue.
2019-07-31 00:42:23,442 INFO  segmented.SegmentedRaftLogWorker (SegmentedRaftLogWorker.java:close(228)) - 68530759-a9b4-429d-a744-d9196cfd04d9-SegmentedRaftLogWorker:Storage Directory /workdir/hadoop-ozone/integration-test/target/test-dir/MiniOzoneClusterImpl-3651a17c-520d-479a-aff9-57061945e126/datanode-0/data/ratis/b4c368e9-0a7f-4579-a366-a2f98b5d1d34 close()
2019-07-31 00:42:23,447 INFO  server.GrpcService (GrpcService.java:closeImpl(155)) - 68530759-a9b4-429d-a744-d9196cfd04d9: shutdown server with port 44195 now
2019-07-31 00:42:23,448 WARN  client.GrpcClientProtocolService (LogUtils.java:warn(134)) - 3-UnorderedRequestStreamObserver3: onError: org.apache.ratis.thirdparty.io.grpc.StatusRuntimeException: CANCELLED: cancelled before receiving half close
2019-07-31 00:42:23,448 INFO  server.GrpcService (GrpcService.java:closeImpl(163)) - 68530759-a9b4-429d-a744-d9196cfd04d9: shutdown server with port 44195 successfully
2019-07-31 00:42:23,449 INFO  utils.BackgroundService (BackgroundService.java:shutdown(148)) - Shutting down service BlockDeletingService
2019-07-31 00:42:23,450 WARN  fs.CachingGetSpaceUsed (CachingGetSpaceUsed.java:run(183)) - Thread Interrupted waiting to refresh disk information: sleep interrupted
2019-07-31 00:42:23,472 INFO  statemachine.DatanodeStateMachine (DatanodeStateMachine.java:stopDaemon(395)) - Ozone container server stopped.
2019-07-31 00:42:23,473 INFO  handler.ContextHandler (ContextHandler.java:doStop(910)) - Stopped o.e.j.w.WebAppContext@139da216{/,null,UNAVAILABLE}{/hddsDatanode}
2019-07-31 00:42:23,473 INFO  server.AbstractConnector (AbstractConnector.java:doStop(318)) - Stopped ServerConnector@6a35cccf{HTTP/1.1,[http/1.1]}{0.0.0.0:0}
2019-07-31 00:42:23,474 INFO  handler.ContextHandler (ContextHandler.java:doStop(910)) - Stopped o.e.j.s.ServletContextHandler@17adbecf{/static,jar:file:/home/user/.m2/repository/org/apache/hadoop/hadoop-hdds-container-service/0.4.1-SNAPSHOT/hadoop-hdds-container-service-0.4.1-SNAPSHOT.jar!/webapps/static,UNAVAILABLE}
2019-07-31 00:42:23,474 INFO  handler.ContextHandler (ContextHandler.java:doStop(910)) - Stopped o.e.j.s.ServletContextHandler@5b166420{/logs,file:///workdir/hadoop-ozone/integration-test/target/log,UNAVAILABLE}
2019-07-31 00:42:25,486 INFO  client.GrpcClientProtocolClient (GrpcClientProtocolClient.java:onNext(255)) - client-6792AA486DCA->b21db089-cc86-4e23-83e0-adc12698a3e5: receive RaftClientReply:client-6792AA486DCA->b21db089-cc86-4e23-83e0-adc12698a3e5@group-A2F98B5D1D34, cid=192, FAILED org.apache.ratis.protocol.NotLeaderException: Server b21db089-cc86-4e23-83e0-adc12698a3e5 is not the leader (68530759-a9b4-429d-a744-d9196cfd04d9:192.168.69.114:44195). Request must be sent to leader., logIndex=0, commits[b21db089-cc86-4e23-83e0-adc12698a3e5:c16, 68530759-a9b4-429d-a744-d9196cfd04d9:c16, 1498636e-be33-47ac-bb18-f5fe604b271f:c16]
2019-07-31 00:42:26,498 INFO  client.GrpcClientProtocolClient (GrpcClientProtocolClient.java:onNext(255)) - client-6792AA486DCA->b21db089-cc86-4e23-83e0-adc12698a3e5: receive RaftClientReply:client-6792AA486DCA->b21db089-cc86-4e23-83e0-adc12698a3e5@group-A2F98B5D1D34, cid=192, FAILED org.apache.ratis.protocol.NotLeaderException: Server b21db089-cc86-4e23-83e0-adc12698a3e5 is not the leader (68530759-a9b4-429d-a744-d9196cfd04d9:192.168.69.114:44195). Request must be sent to leader., logIndex=0, commits[b21db089-cc86-4e23-83e0-adc12698a3e5:c16, 68530759-a9b4-429d-a744-d9196cfd04d9:c16, 1498636e-be33-47ac-bb18-f5fe604b271f:c16]
2019-07-31 00:42:27,511 INFO  client.GrpcClientProtocolClient (GrpcClientProtocolClient.java:onNext(255)) - client-6792AA486DCA->1498636e-be33-47ac-bb18-f5fe604b271f: receive RaftClientReply:client-6792AA486DCA->1498636e-be33-47ac-bb18-f5fe604b271f@group-A2F98B5D1D34, cid=192, FAILED org.apache.ratis.protocol.NotLeaderException: Server 1498636e-be33-47ac-bb18-f5fe604b271f is not the leader (68530759-a9b4-429d-a744-d9196cfd04d9:192.168.69.114:44195). Request must be sent to leader., logIndex=0, commits[1498636e-be33-47ac-bb18-f5fe604b271f:c16, b21db089-cc86-4e23-83e0-adc12698a3e5:c16, 68530759-a9b4-429d-a744-d9196cfd04d9:c16]
2019-07-31 00:42:28,258 INFO  impl.FollowerState (FollowerState.java:run(106)) - b7140eff-5703-4e09-9ea1-6d7697fb69a9:group-24F9E45514A0 changes to CANDIDATE, lastRpcTime:5108, electionTimeout:5106ms
2019-07-31 00:42:28,258 INFO  impl.RoleInfo (RoleInfo.java:shutdownFollowerState(121)) - b7140eff-5703-4e09-9ea1-6d7697fb69a9: shutdown FollowerState
2019-07-31 00:42:28,259 INFO  impl.RaftServerImpl (RaftServerImpl.java:setRole(171)) - b7140eff-5703-4e09-9ea1-6d7697fb69a9:group-24F9E45514A0 changes role from FOLLOWER to CANDIDATE at term 2 for changeToCandidate
2019-07-31 00:42:28,259 INFO  impl.RoleInfo (RoleInfo.java:updateAndGet(143)) - b7140eff-5703-4e09-9ea1-6d7697fb69a9: start LeaderElection
2019-07-31 00:42:28,262 INFO  impl.FollowerState (FollowerState.java:run(106)) - cb86e675-92ae-4063-a828-dc70313734de:group-24F9E45514A0 changes to CANDIDATE, lastRpcTime:5111, electionTimeout:5108ms
2019-07-31 00:42:28,262 INFO  impl.RoleInfo (RoleInfo.java:shutdownFollowerState(121)) - cb86e675-92ae-4063-a828-dc70313734de: shutdown FollowerState
2019-07-31 00:42:28,262 INFO  impl.RaftServerImpl (RaftServerImpl.java:setRole(171)) - cb86e675-92ae-4063-a828-dc70313734de:group-24F9E45514A0 changes role from FOLLOWER to CANDIDATE at term 2 for changeToCandidate
2019-07-31 00:42:28,262 INFO  impl.RoleInfo (RoleInfo.java:updateAndGet(143)) - cb86e675-92ae-4063-a828-dc70313734de: start LeaderElection
2019-07-31 00:42:28,292 INFO  impl.LeaderElection (LeaderElection.java:askForVotes(181)) - cb86e675-92ae-4063-a828-dc70313734de:group-24F9E45514A0:LeaderElection78: begin an election at term 3 for -1: [d65af000-2156-4231-a394-22380e486286:192.168.69.114:43478, cb86e675-92ae-4063-a828-dc70313734de:192.168.69.114:43071, b7140eff-5703-4e09-9ea1-6d7697fb69a9:192.168.69.114:37829], old=null
2019-07-31 00:42:28,292 INFO  impl.LeaderElection (LeaderElection.java:askForVotes(181)) - b7140eff-5703-4e09-9ea1-6d7697fb69a9:group-24F9E45514A0:LeaderElection77: begin an election at term 3 for -1: [d65af000-2156-4231-a394-22380e486286:192.168.69.114:43478, cb86e675-92ae-4063-a828-dc70313734de:192.168.69.114:43071, b7140eff-5703-4e09-9ea1-6d7697fb69a9:192.168.69.114:37829], old=null
2019-07-31 00:42:28,294 INFO  impl.RaftServerImpl (RaftServerImpl.java:setRole(171)) - d65af000-2156-4231-a394-22380e486286:group-24F9E45514A0 changes role from FOLLOWER to FOLLOWER at term 3 for recognizeCandidate:b7140eff-5703-4e09-9ea1-6d7697fb69a9
2019-07-31 00:42:28,294 INFO  impl.RoleInfo (RoleInfo.java:shutdownFollowerState(121)) - d65af000-2156-4231-a394-22380e486286: shutdown FollowerState
2019-07-31 00:42:28,295 INFO  impl.RoleInfo (RoleInfo.java:updateAndGet(143)) - d65af000-2156-4231-a394-22380e486286: start FollowerState
2019-07-31 00:42:28,295 INFO  impl.FollowerState (FollowerState.java:run(114)) - d65af000-2156-4231-a394-22380e486286: FollowerState was interrupted: java.lang.InterruptedException: sleep interrupted
2019-07-31 00:42:28,312 INFO  impl.LeaderElection (LeaderElection.java:logAndReturn(56)) - b7140eff-5703-4e09-9ea1-6d7697fb69a9:group-24F9E45514A0:LeaderElection77: Election PASSED; received 2 response(s) [b7140eff-5703-4e09-9ea1-6d7697fb69a9<-d65af000-2156-4231-a394-22380e486286#0:OK-t3, b7140eff-5703-4e09-9ea1-6d7697fb69a9<-cb86e675-92ae-4063-a828-dc70313734de#0:FAIL-t3] and 0 exception(s); b7140eff-5703-4e09-9ea1-6d7697fb69a9:t3, leader=null, voted=b7140eff-5703-4e09-9ea1-6d7697fb69a9, raftlog=b7140eff-5703-4e09-9ea1-6d7697fb69a9-SegmentedRaftLog:OPENED:c-1,f-1,i0, conf=-1: [d65af000-2156-4231-a394-22380e486286:192.168.69.114:43478, cb86e675-92ae-4063-a828-dc70313734de:192.168.69.114:43071, b7140eff-5703-4e09-9ea1-6d7697fb69a9:192.168.69.114:37829], old=null
2019-07-31 00:42:28,312 INFO  impl.LeaderElection (LeaderElection.java:logAndReturn(56)) - cb86e675-92ae-4063-a828-dc70313734de:group-24F9E45514A0:LeaderElection78: Election REJECTED; received 2 response(s) [cb86e675-92ae-4063-a828-dc70313734de<-d65af000-2156-4231-a394-22380e486286#0:FAIL-t3, cb86e675-92ae-4063-a828-dc70313734de<-b7140eff-5703-4e09-9ea1-6d7697fb69a9#0:FAIL-t3] and 0 exception(s); cb86e675-92ae-4063-a828-dc70313734de:t3, leader=null, voted=cb86e675-92ae-4063-a828-dc70313734de, raftlog=cb86e675-92ae-4063-a828-dc70313734de-SegmentedRaftLog:OPENED:c-1,f-1,i0, conf=-1: [d65af000-2156-4231-a394-22380e486286:192.168.69.114:43478, cb86e675-92ae-4063-a828-dc70313734de:192.168.69.114:43071, b7140eff-5703-4e09-9ea1-6d7697fb69a9:192.168.69.114:37829], old=null
2019-07-31 00:42:28,312 INFO  impl.RoleInfo (RoleInfo.java:shutdownLeaderElection(134)) - b7140eff-5703-4e09-9ea1-6d7697fb69a9: shutdown LeaderElection
2019-07-31 00:42:28,316 INFO  impl.RaftServerImpl (RaftServerImpl.java:setRole(171)) - cb86e675-92ae-4063-a828-dc70313734de:group-24F9E45514A0 changes role from CANDIDATE to FOLLOWER at term 3 for DISCOVERED_A_NEW_TERM
2019-07-31 00:42:28,320 INFO  impl.RaftServerImpl (RaftServerImpl.java:setRole(171)) - b7140eff-5703-4e09-9ea1-6d7697fb69a9:group-24F9E45514A0 changes role from CANDIDATE to LEADER at term 3 for changeToLeader
2019-07-31 00:42:28,320 INFO  impl.RoleInfo (RoleInfo.java:shutdownLeaderElection(134)) - cb86e675-92ae-4063-a828-dc70313734de: shutdown LeaderElection
2019-07-31 00:42:28,320 INFO  impl.RaftServerImpl (ServerState.java:setLeader(263)) - b7140eff-5703-4e09-9ea1-6d7697fb69a9:group-24F9E45514A0 change Leader from null to b7140eff-5703-4e09-9ea1-6d7697fb69a9 at term 3 for becomeLeader, leader elected after 15433ms
2019-07-31 00:42:28,320 INFO  impl.RoleInfo (RoleInfo.java:updateAndGet(143)) - cb86e675-92ae-4063-a828-dc70313734de: start FollowerState
2019-07-31 00:42:28,320 INFO  server.RaftServerConfigKeys (ConfUtils.java:logGet(43)) - raft.server.staging.catchup.gap = 1000 (default)
2019-07-31 00:42:28,320 INFO  server.RaftServerConfigKeys (ConfUtils.java:logGet(43)) - raft.server.rpc.sleep.time = 25ms (default)
2019-07-31 00:42:28,322 INFO  server.RaftServerConfigKeys (ConfUtils.java:logGet(43)) - raft.server.write.element-limit = 4096 (default)
2019-07-31 00:42:28,322 INFO  server.RaftServerConfigKeys (ConfUtils.java:logGet(43)) - raft.server.watch.timeout = 10s (default)
2019-07-31 00:42:28,322 INFO  server.RaftServerConfigKeys (ConfUtils.java:logGet(43)) - raft.server.watch.timeout.denomination = 1s (default)
2019-07-31 00:42:28,322 INFO  server.RaftServerConfigKeys (ConfUtils.java:logGet(43)) - raft.server.watch.element-limit = 65536 (default)
2019-07-31 00:42:28,323 INFO  server.RaftServerConfigKeys (ConfUtils.java:logGet(43)) - raft.server.log.appender.snapshot.chunk.size.max = 16MB (=16777216) (default)
2019-07-31 00:42:28,323 INFO  server.RaftServerConfigKeys (ConfUtils.java:logGet(43)) - raft.server.log.appender.buffer.byte-limit = 33554432 (custom)
2019-07-31 00:42:28,323 INFO  server.RaftServerConfigKeys (ConfUtils.java:logGet(43)) - raft.server.log.appender.buffer.element-limit = 1 (custom)
2019-07-31 00:42:28,323 INFO  grpc.GrpcConfigKeys$Server (ConfUtils.java:logGet(43)) - raft.grpc.server.leader.outstanding.appends.max = 128 (default)
2019-07-31 00:42:28,323 INFO  server.RaftServerConfigKeys (ConfUtils.java:logGet(43)) - raft.server.rpc.request.timeout = 3000ms (default)
2019-07-31 00:42:28,323 INFO  server.RaftServerConfigKeys (ConfUtils.java:logGet(43)) - raft.server.log.appender.install.snapshot.enabled = false (custom)
2019-07-31 00:42:28,323 INFO  server.RaftServerConfigKeys (ConfUtils.java:logGet(43)) - raft.server.log.appender.snapshot.chunk.size.max = 16MB (=16777216) (default)
2019-07-31 00:42:28,324 INFO  server.RaftServerConfigKeys (ConfUtils.java:logGet(43)) - raft.server.log.appender.buffer.byte-limit = 33554432 (custom)
2019-07-31 00:42:28,324 INFO  server.RaftServerConfigKeys (ConfUtils.java:logGet(43)) - raft.server.log.appender.buffer.element-limit = 1 (custom)
2019-07-31 00:42:28,324 INFO  grpc.GrpcConfigKeys$Server (ConfUtils.java:logGet(43)) - raft.grpc.server.leader.outstanding.appends.max = 128 (default)
2019-07-31 00:42:28,324 INFO  server.RaftServerConfigKeys (ConfUtils.java:logGet(43)) - raft.server.rpc.request.timeout = 3000ms (default)
2019-07-31 00:42:28,324 INFO  server.RaftServerConfigKeys (ConfUtils.java:logGet(43)) - raft.server.log.appender.install.snapshot.enabled = false (custom)
2019-07-31 00:42:28,324 INFO  impl.RoleInfo (RoleInfo.java:updateAndGet(143)) - b7140eff-5703-4e09-9ea1-6d7697fb69a9: start LeaderState
2019-07-31 00:42:28,324 INFO  segmented.SegmentedRaftLogWorker (SegmentedRaftLogWorker.java:startLogSegment(380)) - b7140eff-5703-4e09-9ea1-6d7697fb69a9-SegmentedRaftLogWorker:Storage Directory /workdir/hadoop-ozone/integration-test/target/test-dir/MiniOzoneClusterImpl-3651a17c-520d-479a-aff9-57061945e126/datanode-4/data/ratis/9e7bb542-41ba-4133-98f3-24f9e45514a0: Starting segment from index:0
2019-07-31 00:42:28,325 INFO  impl.RaftServerImpl (ServerState.java:setRaftConf(361)) - b7140eff-5703-4e09-9ea1-6d7697fb69a9:group-24F9E45514A0 set configuration 0: [d65af000-2156-4231-a394-22380e486286:192.168.69.114:43478, cb86e675-92ae-4063-a828-dc70313734de:192.168.69.114:43071, b7140eff-5703-4e09-9ea1-6d7697fb69a9:192.168.69.114:37829], old=null at 0
2019-07-31 00:42:28,344 INFO  impl.RaftServerImpl (ServerState.java:setLeader(263)) - cb86e675-92ae-4063-a828-dc70313734de:group-24F9E45514A0 change Leader from null to b7140eff-5703-4e09-9ea1-6d7697fb69a9 at term 3 for appendEntries, leader elected after 15457ms
2019-07-31 00:42:28,344 INFO  impl.RaftServerImpl (ServerState.java:setLeader(263)) - d65af000-2156-4231-a394-22380e486286:group-24F9E45514A0 change Leader from null to b7140eff-5703-4e09-9ea1-6d7697fb69a9 at term 3 for appendEntries, leader elected after 15458ms
2019-07-31 00:42:28,346 INFO  impl.RaftServerImpl (ServerState.java:setRaftConf(361)) - d65af000-2156-4231-a394-22380e486286:group-24F9E45514A0 set configuration 0: [d65af000-2156-4231-a394-22380e486286:192.168.69.114:43478, cb86e675-92ae-4063-a828-dc70313734de:192.168.69.114:43071, b7140eff-5703-4e09-9ea1-6d7697fb69a9:192.168.69.114:37829], old=null at 0
2019-07-31 00:42:28,346 INFO  impl.RaftServerImpl (ServerState.java:setRaftConf(361)) - cb86e675-92ae-4063-a828-dc70313734de:group-24F9E45514A0 set configuration 0: [d65af000-2156-4231-a394-22380e486286:192.168.69.114:43478, cb86e675-92ae-4063-a828-dc70313734de:192.168.69.114:43071, b7140eff-5703-4e09-9ea1-6d7697fb69a9:192.168.69.114:37829], old=null at 0
2019-07-31 00:42:28,347 INFO  segmented.SegmentedRaftLogWorker (SegmentedRaftLogWorker.java:startLogSegment(380)) - d65af000-2156-4231-a394-22380e486286-SegmentedRaftLogWorker:Storage Directory /workdir/hadoop-ozone/integration-test/target/test-dir/MiniOzoneClusterImpl-3651a17c-520d-479a-aff9-57061945e126/datanode-3/data/ratis/9e7bb542-41ba-4133-98f3-24f9e45514a0: Starting segment from index:0
2019-07-31 00:42:28,347 INFO  segmented.SegmentedRaftLogWorker (SegmentedRaftLogWorker.java:startLogSegment(380)) - cb86e675-92ae-4063-a828-dc70313734de-SegmentedRaftLogWorker:Storage Directory /workdir/hadoop-ozone/integration-test/target/test-dir/MiniOzoneClusterImpl-3651a17c-520d-479a-aff9-57061945e126/datanode-5/data/ratis/9e7bb542-41ba-4133-98f3-24f9e45514a0: Starting segment from index:0
2019-07-31 00:42:28,356 INFO  segmented.SegmentedRaftLogWorker (SegmentedRaftLogWorker.java:execute(569)) - b7140eff-5703-4e09-9ea1-6d7697fb69a9-SegmentedRaftLogWorker:Storage Directory /workdir/hadoop-ozone/integration-test/target/test-dir/MiniOzoneClusterImpl-3651a17c-520d-479a-aff9-57061945e126/datanode-4/data/ratis/9e7bb542-41ba-4133-98f3-24f9e45514a0: created new log segment /workdir/hadoop-ozone/integration-test/target/test-dir/MiniOzoneClusterImpl-3651a17c-520d-479a-aff9-57061945e126/datanode-4/data/ratis/9e7bb542-41ba-4133-98f3-24f9e45514a0/current/log_inprogress_0
2019-07-31 00:42:28,371 INFO  segmented.SegmentedRaftLogWorker (SegmentedRaftLogWorker.java:execute(569)) - cb86e675-92ae-4063-a828-dc70313734de-SegmentedRaftLogWorker:Storage Directory /workdir/hadoop-ozone/integration-test/target/test-dir/MiniOzoneClusterImpl-3651a17c-520d-479a-aff9-57061945e126/datanode-5/data/ratis/9e7bb542-41ba-4133-98f3-24f9e45514a0: created new log segment /workdir/hadoop-ozone/integration-test/target/test-dir/MiniOzoneClusterImpl-3651a17c-520d-479a-aff9-57061945e126/datanode-5/data/ratis/9e7bb542-41ba-4133-98f3-24f9e45514a0/current/log_inprogress_0
2019-07-31 00:42:28,371 INFO  segmented.SegmentedRaftLogWorker (SegmentedRaftLogWorker.java:execute(569)) - d65af000-2156-4231-a394-22380e486286-SegmentedRaftLogWorker:Storage Directory /workdir/hadoop-ozone/integration-test/target/test-dir/MiniOzoneClusterImpl-3651a17c-520d-479a-aff9-57061945e126/datanode-3/data/ratis/9e7bb542-41ba-4133-98f3-24f9e45514a0: created new log segment /workdir/hadoop-ozone/integration-test/target/test-dir/MiniOzoneClusterImpl-3651a17c-520d-479a-aff9-57061945e126/datanode-3/data/ratis/9e7bb542-41ba-4133-98f3-24f9e45514a0/current/log_inprogress_0
2019-07-31 00:42:28,524 INFO  client.GrpcClientProtocolClient (GrpcClientProtocolClient.java:onNext(255)) - client-6792AA486DCA->b21db089-cc86-4e23-83e0-adc12698a3e5: receive RaftClientReply:client-6792AA486DCA->b21db089-cc86-4e23-83e0-adc12698a3e5@group-A2F98B5D1D34, cid=192, FAILED org.apache.ratis.protocol.NotLeaderException: Server b21db089-cc86-4e23-83e0-adc12698a3e5 is not the leader (68530759-a9b4-429d-a744-d9196cfd04d9:192.168.69.114:44195). Request must be sent to leader., logIndex=0, commits[b21db089-cc86-4e23-83e0-adc12698a3e5:c16, 68530759-a9b4-429d-a744-d9196cfd04d9:c16, 1498636e-be33-47ac-bb18-f5fe604b271f:c16]
2019-07-31 00:42:29,536 INFO  client.GrpcClientProtocolClient (GrpcClientProtocolClient.java:onNext(255)) - client-6792AA486DCA->b21db089-cc86-4e23-83e0-adc12698a3e5: receive RaftClientReply:client-6792AA486DCA->b21db089-cc86-4e23-83e0-adc12698a3e5@group-A2F98B5D1D34, cid=192, FAILED org.apache.ratis.protocol.NotLeaderException: Server b21db089-cc86-4e23-83e0-adc12698a3e5 is not the leader (68530759-a9b4-429d-a744-d9196cfd04d9:192.168.69.114:44195). Request must be sent to leader., logIndex=0, commits[b21db089-cc86-4e23-83e0-adc12698a3e5:c16, 68530759-a9b4-429d-a744-d9196cfd04d9:c16, 1498636e-be33-47ac-bb18-f5fe604b271f:c16]
2019-07-31 00:42:30,547 INFO  client.GrpcClientProtocolClient (GrpcClientProtocolClient.java:onNext(255)) - client-6792AA486DCA->b21db089-cc86-4e23-83e0-adc12698a3e5: receive RaftClientReply:client-6792AA486DCA->b21db089-cc86-4e23-83e0-adc12698a3e5@group-A2F98B5D1D34, cid=192, FAILED org.apache.ratis.protocol.NotLeaderException: Server b21db089-cc86-4e23-83e0-adc12698a3e5 is not the leader (68530759-a9b4-429d-a744-d9196cfd04d9:192.168.69.114:44195). Request must be sent to leader., logIndex=0, commits[b21db089-cc86-4e23-83e0-adc12698a3e5:c16, 68530759-a9b4-429d-a744-d9196cfd04d9:c16, 1498636e-be33-47ac-bb18-f5fe604b271f:c16]
2019-07-31 00:42:31,558 INFO  client.GrpcClientProtocolClient (GrpcClientProtocolClient.java:onNext(255)) - client-6792AA486DCA->b21db089-cc86-4e23-83e0-adc12698a3e5: receive RaftClientReply:client-6792AA486DCA->b21db089-cc86-4e23-83e0-adc12698a3e5@group-A2F98B5D1D34, cid=192, FAILED org.apache.ratis.protocol.NotLeaderException: Server b21db089-cc86-4e23-83e0-adc12698a3e5 is not the leader (68530759-a9b4-429d-a744-d9196cfd04d9:192.168.69.114:44195). Request must be sent to leader., logIndex=0, commits[b21db089-cc86-4e23-83e0-adc12698a3e5:c16, 68530759-a9b4-429d-a744-d9196cfd04d9:c16, 1498636e-be33-47ac-bb18-f5fe604b271f:c16]
2019-07-31 00:42:32,570 INFO  client.GrpcClientProtocolClient (GrpcClientProtocolClient.java:onNext(255)) - client-6792AA486DCA->b21db089-cc86-4e23-83e0-adc12698a3e5: receive RaftClientReply:client-6792AA486DCA->b21db089-cc86-4e23-83e0-adc12698a3e5@group-A2F98B5D1D34, cid=192, FAILED org.apache.ratis.protocol.NotLeaderException: Server b21db089-cc86-4e23-83e0-adc12698a3e5 is not the leader (68530759-a9b4-429d-a744-d9196cfd04d9:192.168.69.114:44195). Request must be sent to leader., logIndex=0, commits[b21db089-cc86-4e23-83e0-adc12698a3e5:c16, 68530759-a9b4-429d-a744-d9196cfd04d9:c16, 1498636e-be33-47ac-bb18-f5fe604b271f:c16]
2019-07-31 00:42:32,694 INFO  impl.FollowerState (FollowerState.java:run(106)) - b21db089-cc86-4e23-83e0-adc12698a3e5:group-A2F98B5D1D34 changes to CANDIDATE, lastRpcTime:9286, electionTimeout:5004ms
2019-07-31 00:42:32,694 INFO  impl.RoleInfo (RoleInfo.java:shutdownFollowerState(121)) - b21db089-cc86-4e23-83e0-adc12698a3e5: shutdown FollowerState
2019-07-31 00:42:32,695 INFO  impl.RaftServerImpl (RaftServerImpl.java:setRole(171)) - b21db089-cc86-4e23-83e0-adc12698a3e5:group-A2F98B5D1D34 changes role from FOLLOWER to CANDIDATE at term 1 for changeToCandidate
2019-07-31 00:42:32,695 INFO  impl.RoleInfo (RoleInfo.java:updateAndGet(143)) - b21db089-cc86-4e23-83e0-adc12698a3e5: start LeaderElection
2019-07-31 00:42:32,707 INFO  impl.RaftServerImpl (ServerState.java:setLeader(263)) - b21db089-cc86-4e23-83e0-adc12698a3e5:group-A2F98B5D1D34 change Leader from 68530759-a9b4-429d-a744-d9196cfd04d9 to null at term 1 for initElection
2019-07-31 00:42:32,717 INFO  impl.FollowerState (FollowerState.java:run(106)) - 1498636e-be33-47ac-bb18-f5fe604b271f:group-A2F98B5D1D34 changes to CANDIDATE, lastRpcTime:9310, electionTimeout:5060ms
2019-07-31 00:42:32,718 INFO  impl.RoleInfo (RoleInfo.java:shutdownFollowerState(121)) - 1498636e-be33-47ac-bb18-f5fe604b271f: shutdown FollowerState
2019-07-31 00:42:32,718 INFO  impl.RaftServerImpl (RaftServerImpl.java:setRole(171)) - 1498636e-be33-47ac-bb18-f5fe604b271f:group-A2F98B5D1D34 changes role from FOLLOWER to CANDIDATE at term 1 for changeToCandidate
2019-07-31 00:42:32,718 INFO  impl.RoleInfo (RoleInfo.java:updateAndGet(143)) - 1498636e-be33-47ac-bb18-f5fe604b271f: start LeaderElection
2019-07-31 00:42:32,718 INFO  impl.RaftServerImpl (ServerState.java:setLeader(263)) - 1498636e-be33-47ac-bb18-f5fe604b271f:group-A2F98B5D1D34 change Leader from 68530759-a9b4-429d-a744-d9196cfd04d9 to null at term 1 for initElection
2019-07-31 00:42:32,722 INFO  impl.LeaderElection (LeaderElection.java:askForVotes(181)) - b21db089-cc86-4e23-83e0-adc12698a3e5:group-A2F98B5D1D34:LeaderElection79: begin an election at term 2 for 0: [b21db089-cc86-4e23-83e0-adc12698a3e5:192.168.69.114:43309, 68530759-a9b4-429d-a744-d9196cfd04d9:192.168.69.114:44195, 1498636e-be33-47ac-bb18-f5fe604b271f:192.168.69.114:41388], old=null
2019-07-31 00:42:32,722 INFO  impl.LeaderElection (LeaderElection.java:askForVotes(181)) - 1498636e-be33-47ac-bb18-f5fe604b271f:group-A2F98B5D1D34:LeaderElection80: begin an election at term 2 for 0: [b21db089-cc86-4e23-83e0-adc12698a3e5:192.168.69.114:43309, 68530759-a9b4-429d-a744-d9196cfd04d9:192.168.69.114:44195, 1498636e-be33-47ac-bb18-f5fe604b271f:192.168.69.114:41388], old=null
2019-07-31 00:42:32,725 INFO  impl.LeaderElection (LogUtils.java:infoOrTrace(149)) - b21db089-cc86-4e23-83e0-adc12698a3e5:group-A2F98B5D1D34:LeaderElection79 got exception when requesting votes: {}
java.util.concurrent.ExecutionException: org.apache.ratis.thirdparty.io.grpc.StatusRuntimeException: UNAVAILABLE: io exception
	at java.util.concurrent.FutureTask.report(FutureTask.java:122)
	at java.util.concurrent.FutureTask.get(FutureTask.java:192)
	at org.apache.ratis.server.impl.LeaderElection.waitForResults(LeaderElection.java:262)
	at org.apache.ratis.server.impl.LeaderElection.askForVotes(LeaderElection.java:200)
	at org.apache.ratis.server.impl.LeaderElection.run(LeaderElection.java:130)
	at java.lang.Thread.run(Thread.java:748)
Caused by: org.apache.ratis.thirdparty.io.grpc.StatusRuntimeException: UNAVAILABLE: io exception
	at org.apache.ratis.thirdparty.io.grpc.stub.ClientCalls.toStatusRuntimeException(ClientCalls.java:233)
	at org.apache.ratis.thirdparty.io.grpc.stub.ClientCalls.getUnchecked(ClientCalls.java:214)
	at org.apache.ratis.thirdparty.io.grpc.stub.ClientCalls.blockingUnaryCall(ClientCalls.java:139)
	at org.apache.ratis.proto.grpc.RaftServerProtocolServiceGrpc$RaftServerProtocolServiceBlockingStub.requestVote(RaftServerProtocolServiceGrpc.java:265)
	at org.apache.ratis.grpc.server.GrpcServerProtocolClient.requestVote(GrpcServerProtocolClient.java:83)
	at org.apache.ratis.grpc.server.GrpcService.requestVote(GrpcService.java:195)
	at org.apache.ratis.server.impl.LeaderElection.lambda$submitRequests$1(LeaderElection.java:237)
	at java.util.concurrent.FutureTask.run(FutureTask.java:266)
	at java.util.concurrent.Executors$RunnableAdapter.call(Executors.java:511)
	at java.util.concurrent.FutureTask.run(FutureTask.java:266)
	at java.util.concurrent.ThreadPoolExecutor.runWorker(ThreadPoolExecutor.java:1149)
	at java.util.concurrent.ThreadPoolExecutor$Worker.run(ThreadPoolExecutor.java:624)
	... 1 more
Caused by: org.apache.ratis.thirdparty.io.netty.channel.AbstractChannel$AnnotatedConnectException: Connection refused: /192.168.69.114:44195
	at sun.nio.ch.SocketChannelImpl.checkConnect(Native Method)
	at sun.nio.ch.SocketChannelImpl.finishConnect(SocketChannelImpl.java:717)
	at org.apache.ratis.thirdparty.io.netty.channel.socket.nio.NioSocketChannel.doFinishConnect(NioSocketChannel.java:327)
	at org.apache.ratis.thirdparty.io.netty.channel.nio.AbstractNioChannel$AbstractNioUnsafe.finishConnect(AbstractNioChannel.java:340)
	at org.apache.ratis.thirdparty.io.netty.channel.nio.NioEventLoop.processSelectedKey(NioEventLoop.java:632)
	at org.apache.ratis.thirdparty.io.netty.channel.nio.NioEventLoop.processSelectedKeysOptimized(NioEventLoop.java:579)
	at org.apache.ratis.thirdparty.io.netty.channel.nio.NioEventLoop.processSelectedKeys(NioEventLoop.java:496)
	at org.apache.ratis.thirdparty.io.netty.channel.nio.NioEventLoop.run(NioEventLoop.java:458)
	at org.apache.ratis.thirdparty.io.netty.util.concurrent.SingleThreadEventExecutor$5.run(SingleThreadEventExecutor.java:897)
	at org.apache.ratis.thirdparty.io.netty.util.concurrent.FastThreadLocalRunnable.run(FastThreadLocalRunnable.java:30)
	... 1 more
Caused by: java.net.ConnectException: Connection refused
	... 11 more
2019-07-31 00:42:32,725 INFO  impl.LeaderElection (LogUtils.java:infoOrTrace(149)) - 1498636e-be33-47ac-bb18-f5fe604b271f:group-A2F98B5D1D34:LeaderElection80 got exception when requesting votes: {}
java.util.concurrent.ExecutionException: org.apache.ratis.thirdparty.io.grpc.StatusRuntimeException: UNAVAILABLE: io exception
	at java.util.concurrent.FutureTask.report(FutureTask.java:122)
	at java.util.concurrent.FutureTask.get(FutureTask.java:192)
	at org.apache.ratis.server.impl.LeaderElection.waitForResults(LeaderElection.java:262)
	at org.apache.ratis.server.impl.LeaderElection.askForVotes(LeaderElection.java:200)
	at org.apache.ratis.server.impl.LeaderElection.run(LeaderElection.java:130)
	at java.lang.Thread.run(Thread.java:748)
Caused by: org.apache.ratis.thirdparty.io.grpc.StatusRuntimeException: UNAVAILABLE: io exception
	at org.apache.ratis.thirdparty.io.grpc.stub.ClientCalls.toStatusRuntimeException(ClientCalls.java:233)
	at org.apache.ratis.thirdparty.io.grpc.stub.ClientCalls.getUnchecked(ClientCalls.java:214)
	at org.apache.ratis.thirdparty.io.grpc.stub.ClientCalls.blockingUnaryCall(ClientCalls.java:139)
	at org.apache.ratis.proto.grpc.RaftServerProtocolServiceGrpc$RaftServerProtocolServiceBlockingStub.requestVote(RaftServerProtocolServiceGrpc.java:265)
	at org.apache.ratis.grpc.server.GrpcServerProtocolClient.requestVote(GrpcServerProtocolClient.java:83)
	at org.apache.ratis.grpc.server.GrpcService.requestVote(GrpcService.java:195)
	at org.apache.ratis.server.impl.LeaderElection.lambda$submitRequests$1(LeaderElection.java:237)
	at java.util.concurrent.FutureTask.run(FutureTask.java:266)
	at java.util.concurrent.Executors$RunnableAdapter.call(Executors.java:511)
	at java.util.concurrent.FutureTask.run(FutureTask.java:266)
	at java.util.concurrent.ThreadPoolExecutor.runWorker(ThreadPoolExecutor.java:1149)
	at java.util.concurrent.ThreadPoolExecutor$Worker.run(ThreadPoolExecutor.java:624)
	... 1 more
Caused by: org.apache.ratis.thirdparty.io.netty.channel.AbstractChannel$AnnotatedConnectException: Connection refused: /192.168.69.114:44195
	at sun.nio.ch.SocketChannelImpl.checkConnect(Native Method)
	at sun.nio.ch.SocketChannelImpl.finishConnect(SocketChannelImpl.java:717)
	at org.apache.ratis.thirdparty.io.netty.channel.socket.nio.NioSocketChannel.doFinishConnect(NioSocketChannel.java:327)
	at org.apache.ratis.thirdparty.io.netty.channel.nio.AbstractNioChannel$AbstractNioUnsafe.finishConnect(AbstractNioChannel.java:340)
	at org.apache.ratis.thirdparty.io.netty.channel.nio.NioEventLoop.processSelectedKey(NioEventLoop.java:632)
	at org.apache.ratis.thirdparty.io.netty.channel.nio.NioEventLoop.processSelectedKeysOptimized(NioEventLoop.java:579)
	at org.apache.ratis.thirdparty.io.netty.channel.nio.NioEventLoop.processSelectedKeys(NioEventLoop.java:496)
	at org.apache.ratis.thirdparty.io.netty.channel.nio.NioEventLoop.run(NioEventLoop.java:458)
	at org.apache.ratis.thirdparty.io.netty.util.concurrent.SingleThreadEventExecutor$5.run(SingleThreadEventExecutor.java:897)
	at org.apache.ratis.thirdparty.io.netty.util.concurrent.FastThreadLocalRunnable.run(FastThreadLocalRunnable.java:30)
	... 1 more
Caused by: java.net.ConnectException: Connection refused
	... 11 more
2019-07-31 00:42:32,732 INFO  impl.LeaderElection (LeaderElection.java:logAndReturn(56)) - b21db089-cc86-4e23-83e0-adc12698a3e5:group-A2F98B5D1D34:LeaderElection79: Election REJECTED; received 1 response(s) [b21db089-cc86-4e23-83e0-adc12698a3e5<-1498636e-be33-47ac-bb18-f5fe604b271f#0:FAIL-t2] and 1 exception(s); b21db089-cc86-4e23-83e0-adc12698a3e5:t2, leader=null, voted=b21db089-cc86-4e23-83e0-adc12698a3e5, raftlog=b21db089-cc86-4e23-83e0-adc12698a3e5-SegmentedRaftLog:OPENED:c16,f16,i16, conf=0: [b21db089-cc86-4e23-83e0-adc12698a3e5:192.168.69.114:43309, 68530759-a9b4-429d-a744-d9196cfd04d9:192.168.69.114:44195, 1498636e-be33-47ac-bb18-f5fe604b271f:192.168.69.114:41388], old=null
2019-07-31 00:42:32,732 INFO  impl.LeaderElection (LogUtils.java:infoOrTrace(149)) -   Exception 0: {}
java.util.concurrent.ExecutionException: org.apache.ratis.thirdparty.io.grpc.StatusRuntimeException: UNAVAILABLE: io exception
	at java.util.concurrent.FutureTask.report(FutureTask.java:122)
	at java.util.concurrent.FutureTask.get(FutureTask.java:192)
	at org.apache.ratis.server.impl.LeaderElection.waitForResults(LeaderElection.java:262)
	at org.apache.ratis.server.impl.LeaderElection.askForVotes(LeaderElection.java:200)
	at org.apache.ratis.server.impl.LeaderElection.run(LeaderElection.java:130)
	at java.lang.Thread.run(Thread.java:748)
Caused by: org.apache.ratis.thirdparty.io.grpc.StatusRuntimeException: UNAVAILABLE: io exception
	at org.apache.ratis.thirdparty.io.grpc.stub.ClientCalls.toStatusRuntimeException(ClientCalls.java:233)
	at org.apache.ratis.thirdparty.io.grpc.stub.ClientCalls.getUnchecked(ClientCalls.java:214)
	at org.apache.ratis.thirdparty.io.grpc.stub.ClientCalls.blockingUnaryCall(ClientCalls.java:139)
	at org.apache.ratis.proto.grpc.RaftServerProtocolServiceGrpc$RaftServerProtocolServiceBlockingStub.requestVote(RaftServerProtocolServiceGrpc.java:265)
	at org.apache.ratis.grpc.server.GrpcServerProtocolClient.requestVote(GrpcServerProtocolClient.java:83)
	at org.apache.ratis.grpc.server.GrpcService.requestVote(GrpcService.java:195)
	at org.apache.ratis.server.impl.LeaderElection.lambda$submitRequests$1(LeaderElection.java:237)
	at java.util.concurrent.FutureTask.run(FutureTask.java:266)
	at java.util.concurrent.Executors$RunnableAdapter.call(Executors.java:511)
	at java.util.concurrent.FutureTask.run(FutureTask.java:266)
	at java.util.concurrent.ThreadPoolExecutor.runWorker(ThreadPoolExecutor.java:1149)
	at java.util.concurrent.ThreadPoolExecutor$Worker.run(ThreadPoolExecutor.java:624)
	... 1 more
Caused by: org.apache.ratis.thirdparty.io.netty.channel.AbstractChannel$AnnotatedConnectException: Connection refused: /192.168.69.114:44195
	at sun.nio.ch.SocketChannelImpl.checkConnect(Native Method)
	at sun.nio.ch.SocketChannelImpl.finishConnect(SocketChannelImpl.java:717)
	at org.apache.ratis.thirdparty.io.netty.channel.socket.nio.NioSocketChannel.doFinishConnect(NioSocketChannel.java:327)
	at org.apache.ratis.thirdparty.io.netty.channel.nio.AbstractNioChannel$AbstractNioUnsafe.finishConnect(AbstractNioChannel.java:340)
	at org.apache.ratis.thirdparty.io.netty.channel.nio.NioEventLoop.processSelectedKey(NioEventLoop.java:632)
	at org.apache.ratis.thirdparty.io.netty.channel.nio.NioEventLoop.processSelectedKeysOptimized(NioEventLoop.java:579)
	at org.apache.ratis.thirdparty.io.netty.channel.nio.NioEventLoop.processSelectedKeys(NioEventLoop.java:496)
	at org.apache.ratis.thirdparty.io.netty.channel.nio.NioEventLoop.run(NioEventLoop.java:458)
	at org.apache.ratis.thirdparty.io.netty.util.concurrent.SingleThreadEventExecutor$5.run(SingleThreadEventExecutor.java:897)
	at org.apache.ratis.thirdparty.io.netty.util.concurrent.FastThreadLocalRunnable.run(FastThreadLocalRunnable.java:30)
	... 1 more
Caused by: java.net.ConnectException: Connection refused
	... 11 more
2019-07-31 00:42:32,732 INFO  impl.LeaderElection (LeaderElection.java:logAndReturn(56)) - 1498636e-be33-47ac-bb18-f5fe604b271f:group-A2F98B5D1D34:LeaderElection80: Election REJECTED; received 1 response(s) [1498636e-be33-47ac-bb18-f5fe604b271f<-b21db089-cc86-4e23-83e0-adc12698a3e5#0:FAIL-t2] and 1 exception(s); 1498636e-be33-47ac-bb18-f5fe604b271f:t2, leader=null, voted=1498636e-be33-47ac-bb18-f5fe604b271f, raftlog=1498636e-be33-47ac-bb18-f5fe604b271f-SegmentedRaftLog:OPENED:c16,f16,i16, conf=0: [b21db089-cc86-4e23-83e0-adc12698a3e5:192.168.69.114:43309, 68530759-a9b4-429d-a744-d9196cfd04d9:192.168.69.114:44195, 1498636e-be33-47ac-bb18-f5fe604b271f:192.168.69.114:41388], old=null
2019-07-31 00:42:32,732 INFO  impl.RaftServerImpl (RaftServerImpl.java:setRole(171)) - b21db089-cc86-4e23-83e0-adc12698a3e5:group-A2F98B5D1D34 changes role from CANDIDATE to FOLLOWER at term 2 for DISCOVERED_A_NEW_TERM
2019-07-31 00:42:32,741 INFO  impl.LeaderElection (LogUtils.java:infoOrTrace(149)) -   Exception 0: {}
java.util.concurrent.ExecutionException: org.apache.ratis.thirdparty.io.grpc.StatusRuntimeException: UNAVAILABLE: io exception
	at java.util.concurrent.FutureTask.report(FutureTask.java:122)
	at java.util.concurrent.FutureTask.get(FutureTask.java:192)
	at org.apache.ratis.server.impl.LeaderElection.waitForResults(LeaderElection.java:262)
	at org.apache.ratis.server.impl.LeaderElection.askForVotes(LeaderElection.java:200)
	at org.apache.ratis.server.impl.LeaderElection.run(LeaderElection.java:130)
	at java.lang.Thread.run(Thread.java:748)
Caused by: org.apache.ratis.thirdparty.io.grpc.StatusRuntimeException: UNAVAILABLE: io exception
	at org.apache.ratis.thirdparty.io.grpc.stub.ClientCalls.toStatusRuntimeException(ClientCalls.java:233)
	at org.apache.ratis.thirdparty.io.grpc.stub.ClientCalls.getUnchecked(ClientCalls.java:214)
	at org.apache.ratis.thirdparty.io.grpc.stub.ClientCalls.blockingUnaryCall(ClientCalls.java:139)
	at org.apache.ratis.proto.grpc.RaftServerProtocolServiceGrpc$RaftServerProtocolServiceBlockingStub.requestVote(RaftServerProtocolServiceGrpc.java:265)
	at org.apache.ratis.grpc.server.GrpcServerProtocolClient.requestVote(GrpcServerProtocolClient.java:83)
	at org.apache.ratis.grpc.server.GrpcService.requestVote(GrpcService.java:195)
	at org.apache.ratis.server.impl.LeaderElection.lambda$submitRequests$1(LeaderElection.java:237)
	at java.util.concurrent.FutureTask.run(FutureTask.java:266)
	at java.util.concurrent.Executors$RunnableAdapter.call(Executors.java:511)
	at java.util.concurrent.FutureTask.run(FutureTask.java:266)
	at java.util.concurrent.ThreadPoolExecutor.runWorker(ThreadPoolExecutor.java:1149)
	at java.util.concurrent.ThreadPoolExecutor$Worker.run(ThreadPoolExecutor.java:624)
	... 1 more
Caused by: org.apache.ratis.thirdparty.io.netty.channel.AbstractChannel$AnnotatedConnectException: Connection refused: /192.168.69.114:44195
	at sun.nio.ch.SocketChannelImpl.checkConnect(Native Method)
	at sun.nio.ch.SocketChannelImpl.finishConnect(SocketChannelImpl.java:717)
	at org.apache.ratis.thirdparty.io.netty.channel.socket.nio.NioSocketChannel.doFinishConnect(NioSocketChannel.java:327)
	at org.apache.ratis.thirdparty.io.netty.channel.nio.AbstractNioChannel$AbstractNioUnsafe.finishConnect(AbstractNioChannel.java:340)
	at org.apache.ratis.thirdparty.io.netty.channel.nio.NioEventLoop.processSelectedKey(NioEventLoop.java:632)
	at org.apache.ratis.thirdparty.io.netty.channel.nio.NioEventLoop.processSelectedKeysOptimized(NioEventLoop.java:579)
	at org.apache.ratis.thirdparty.io.netty.channel.nio.NioEventLoop.processSelectedKeys(NioEventLoop.java:496)
	at org.apache.ratis.thirdparty.io.netty.channel.nio.NioEventLoop.run(NioEventLoop.java:458)
	at org.apache.ratis.thirdparty.io.netty.util.concurrent.SingleThreadEventExecutor$5.run(SingleThreadEventExecutor.java:897)
	at org.apache.ratis.thirdparty.io.netty.util.concurrent.FastThreadLocalRunnable.run(FastThreadLocalRunnable.java:30)
	... 1 more
Caused by: java.net.ConnectException: Connection refused
	... 11 more
2019-07-31 00:42:32,742 INFO  impl.RoleInfo (RoleInfo.java:shutdownLeaderElection(134)) - b21db089-cc86-4e23-83e0-adc12698a3e5: shutdown LeaderElection
2019-07-31 00:42:32,742 INFO  impl.RaftServerImpl (RaftServerImpl.java:setRole(171)) - 1498636e-be33-47ac-bb18-f5fe604b271f:group-A2F98B5D1D34 changes role from CANDIDATE to FOLLOWER at term 2 for DISCOVERED_A_NEW_TERM
2019-07-31 00:42:32,742 INFO  impl.RoleInfo (RoleInfo.java:updateAndGet(143)) - b21db089-cc86-4e23-83e0-adc12698a3e5: start FollowerState
2019-07-31 00:42:32,742 INFO  impl.RoleInfo (RoleInfo.java:shutdownLeaderElection(134)) - 1498636e-be33-47ac-bb18-f5fe604b271f: shutdown LeaderElection
2019-07-31 00:42:32,742 INFO  impl.RoleInfo (RoleInfo.java:updateAndGet(143)) - 1498636e-be33-47ac-bb18-f5fe604b271f: start FollowerState
2019-07-31 00:42:33,582 INFO  client.GrpcClientProtocolClient (GrpcClientProtocolClient.java:onNext(255)) - client-6792AA486DCA->1498636e-be33-47ac-bb18-f5fe604b271f: receive RaftClientReply:client-6792AA486DCA->1498636e-be33-47ac-bb18-f5fe604b271f@group-A2F98B5D1D34, cid=192, FAILED org.apache.ratis.protocol.NotLeaderException: Server 1498636e-be33-47ac-bb18-f5fe604b271f is not the leader (null). Request must be sent to leader., logIndex=0, commits[1498636e-be33-47ac-bb18-f5fe604b271f:c16, b21db089-cc86-4e23-83e0-adc12698a3e5:c16, 68530759-a9b4-429d-a744-d9196cfd04d9:c16]
2019-07-31 00:42:33,587 WARN  nio.NioEventLoop (NioEventLoop.java:select(786)) - Selector.select() returned prematurely {} times in a row; rebuilding Selector {}.
2019-07-31 00:42:33,588 INFO  nio.NioEventLoop (NioEventLoop.java:rebuildSelector0(396)) - Migrated 4 channel(s) to the new Selector.
2019-07-31 00:42:35,594 INFO  client.GrpcClientProtocolClient (GrpcClientProtocolClient.java:onNext(255)) - client-6792AA486DCA->b21db089-cc86-4e23-83e0-adc12698a3e5: receive RaftClientReply:client-6792AA486DCA->b21db089-cc86-4e23-83e0-adc12698a3e5@group-A2F98B5D1D34, cid=192, FAILED org.apache.ratis.protocol.NotLeaderException: Server b21db089-cc86-4e23-83e0-adc12698a3e5 is not the leader (null). Request must be sent to leader., logIndex=0, commits[b21db089-cc86-4e23-83e0-adc12698a3e5:c16, 68530759-a9b4-429d-a744-d9196cfd04d9:c16, 1498636e-be33-47ac-bb18-f5fe604b271f:c16]
2019-07-31 00:42:37,610 INFO  client.GrpcClientProtocolClient (GrpcClientProtocolClient.java:onNext(255)) - client-6792AA486DCA->1498636e-be33-47ac-bb18-f5fe604b271f: receive RaftClientReply:client-6792AA486DCA->1498636e-be33-47ac-bb18-f5fe604b271f@group-A2F98B5D1D34, cid=192, FAILED org.apache.ratis.protocol.NotLeaderException: Server 1498636e-be33-47ac-bb18-f5fe604b271f is not the leader (null). Request must be sent to leader., logIndex=0, commits[1498636e-be33-47ac-bb18-f5fe604b271f:c16, b21db089-cc86-4e23-83e0-adc12698a3e5:c16, 68530759-a9b4-429d-a744-d9196cfd04d9:c16]
2019-07-31 00:42:37,769 INFO  impl.FollowerState (FollowerState.java:run(106)) - 1498636e-be33-47ac-bb18-f5fe604b271f:group-A2F98B5D1D34 changes to CANDIDATE, lastRpcTime:5026, electionTimeout:5026ms
2019-07-31 00:42:37,769 INFO  impl.RoleInfo (RoleInfo.java:shutdownFollowerState(121)) - 1498636e-be33-47ac-bb18-f5fe604b271f: shutdown FollowerState
2019-07-31 00:42:37,769 INFO  impl.RaftServerImpl (RaftServerImpl.java:setRole(171)) - 1498636e-be33-47ac-bb18-f5fe604b271f:group-A2F98B5D1D34 changes role from FOLLOWER to CANDIDATE at term 2 for changeToCandidate
2019-07-31 00:42:37,770 INFO  impl.RoleInfo (RoleInfo.java:updateAndGet(143)) - 1498636e-be33-47ac-bb18-f5fe604b271f: start LeaderElection
2019-07-31 00:42:37,787 INFO  impl.LeaderElection (LeaderElection.java:askForVotes(181)) - 1498636e-be33-47ac-bb18-f5fe604b271f:group-A2F98B5D1D34:LeaderElection81: begin an election at term 3 for 0: [b21db089-cc86-4e23-83e0-adc12698a3e5:192.168.69.114:43309, 68530759-a9b4-429d-a744-d9196cfd04d9:192.168.69.114:44195, 1498636e-be33-47ac-bb18-f5fe604b271f:192.168.69.114:41388], old=null
2019-07-31 00:42:37,788 INFO  impl.LeaderElection (LogUtils.java:infoOrTrace(149)) - 1498636e-be33-47ac-bb18-f5fe604b271f:group-A2F98B5D1D34:LeaderElection81 got exception when requesting votes: {}
java.util.concurrent.ExecutionException: org.apache.ratis.thirdparty.io.grpc.StatusRuntimeException: UNAVAILABLE: io exception
	at java.util.concurrent.FutureTask.report(FutureTask.java:122)
	at java.util.concurrent.FutureTask.get(FutureTask.java:192)
	at org.apache.ratis.server.impl.LeaderElection.waitForResults(LeaderElection.java:262)
	at org.apache.ratis.server.impl.LeaderElection.askForVotes(LeaderElection.java:200)
	at org.apache.ratis.server.impl.LeaderElection.run(LeaderElection.java:130)
	at java.lang.Thread.run(Thread.java:748)
Caused by: org.apache.ratis.thirdparty.io.grpc.StatusRuntimeException: UNAVAILABLE: io exception
	at org.apache.ratis.thirdparty.io.grpc.stub.ClientCalls.toStatusRuntimeException(ClientCalls.java:233)
	at org.apache.ratis.thirdparty.io.grpc.stub.ClientCalls.getUnchecked(ClientCalls.java:214)
	at org.apache.ratis.thirdparty.io.grpc.stub.ClientCalls.blockingUnaryCall(ClientCalls.java:139)
	at org.apache.ratis.proto.grpc.RaftServerProtocolServiceGrpc$RaftServerProtocolServiceBlockingStub.requestVote(RaftServerProtocolServiceGrpc.java:265)
	at org.apache.ratis.grpc.server.GrpcServerProtocolClient.requestVote(GrpcServerProtocolClient.java:83)
	at org.apache.ratis.grpc.server.GrpcService.requestVote(GrpcService.java:195)
	at org.apache.ratis.server.impl.LeaderElection.lambda$submitRequests$1(LeaderElection.java:237)
	at java.util.concurrent.FutureTask.run(FutureTask.java:266)
	at java.util.concurrent.Executors$RunnableAdapter.call(Executors.java:511)
	at java.util.concurrent.FutureTask.run(FutureTask.java:266)
	at java.util.concurrent.ThreadPoolExecutor.runWorker(ThreadPoolExecutor.java:1149)
	at java.util.concurrent.ThreadPoolExecutor$Worker.run(ThreadPoolExecutor.java:624)
	... 1 more
Caused by: org.apache.ratis.thirdparty.io.netty.channel.AbstractChannel$AnnotatedConnectException: Connection refused: /192.168.69.114:44195
	at sun.nio.ch.SocketChannelImpl.checkConnect(Native Method)
	at sun.nio.ch.SocketChannelImpl.finishConnect(SocketChannelImpl.java:717)
	at org.apache.ratis.thirdparty.io.netty.channel.socket.nio.NioSocketChannel.doFinishConnect(NioSocketChannel.java:327)
	at org.apache.ratis.thirdparty.io.netty.channel.nio.AbstractNioChannel$AbstractNioUnsafe.finishConnect(AbstractNioChannel.java:340)
	at org.apache.ratis.thirdparty.io.netty.channel.nio.NioEventLoop.processSelectedKey(NioEventLoop.java:632)
	at org.apache.ratis.thirdparty.io.netty.channel.nio.NioEventLoop.processSelectedKeysOptimized(NioEventLoop.java:579)
	at org.apache.ratis.thirdparty.io.netty.channel.nio.NioEventLoop.processSelectedKeys(NioEventLoop.java:496)
	at org.apache.ratis.thirdparty.io.netty.channel.nio.NioEventLoop.run(NioEventLoop.java:458)
	at org.apache.ratis.thirdparty.io.netty.util.concurrent.SingleThreadEventExecutor$5.run(SingleThreadEventExecutor.java:897)
	at org.apache.ratis.thirdparty.io.netty.util.concurrent.FastThreadLocalRunnable.run(FastThreadLocalRunnable.java:30)
	... 1 more
Caused by: java.net.ConnectException: Connection refused
	... 11 more
2019-07-31 00:42:37,791 INFO  impl.RaftServerImpl (RaftServerImpl.java:setRole(171)) - b21db089-cc86-4e23-83e0-adc12698a3e5:group-A2F98B5D1D34 changes role from FOLLOWER to FOLLOWER at term 3 for recognizeCandidate:1498636e-be33-47ac-bb18-f5fe604b271f
2019-07-31 00:42:37,791 INFO  impl.RoleInfo (RoleInfo.java:shutdownFollowerState(121)) - b21db089-cc86-4e23-83e0-adc12698a3e5: shutdown FollowerState
2019-07-31 00:42:37,792 INFO  impl.RoleInfo (RoleInfo.java:updateAndGet(143)) - b21db089-cc86-4e23-83e0-adc12698a3e5: start FollowerState
2019-07-31 00:42:37,792 INFO  impl.FollowerState (FollowerState.java:run(114)) - b21db089-cc86-4e23-83e0-adc12698a3e5: FollowerState was interrupted: java.lang.InterruptedException: sleep interrupted
2019-07-31 00:42:37,808 INFO  impl.LeaderElection (LeaderElection.java:logAndReturn(56)) - 1498636e-be33-47ac-bb18-f5fe604b271f:group-A2F98B5D1D34:LeaderElection81: Election PASSED; received 1 response(s) [1498636e-be33-47ac-bb18-f5fe604b271f<-b21db089-cc86-4e23-83e0-adc12698a3e5#0:OK-t3] and 1 exception(s); 1498636e-be33-47ac-bb18-f5fe604b271f:t3, leader=null, voted=1498636e-be33-47ac-bb18-f5fe604b271f, raftlog=1498636e-be33-47ac-bb18-f5fe604b271f-SegmentedRaftLog:OPENED:c16,f16,i16, conf=0: [b21db089-cc86-4e23-83e0-adc12698a3e5:192.168.69.114:43309, 68530759-a9b4-429d-a744-d9196cfd04d9:192.168.69.114:44195, 1498636e-be33-47ac-bb18-f5fe604b271f:192.168.69.114:41388], old=null
2019-07-31 00:42:37,808 INFO  impl.LeaderElection (LogUtils.java:infoOrTrace(149)) -   Exception 0: {}
java.util.concurrent.ExecutionException: org.apache.ratis.thirdparty.io.grpc.StatusRuntimeException: UNAVAILABLE: io exception
	at java.util.concurrent.FutureTask.report(FutureTask.java:122)
	at java.util.concurrent.FutureTask.get(FutureTask.java:192)
	at org.apache.ratis.server.impl.LeaderElection.waitForResults(LeaderElection.java:262)
	at org.apache.ratis.server.impl.LeaderElection.askForVotes(LeaderElection.java:200)
	at org.apache.ratis.server.impl.LeaderElection.run(LeaderElection.java:130)
	at java.lang.Thread.run(Thread.java:748)
Caused by: org.apache.ratis.thirdparty.io.grpc.StatusRuntimeException: UNAVAILABLE: io exception
	at org.apache.ratis.thirdparty.io.grpc.stub.ClientCalls.toStatusRuntimeException(ClientCalls.java:233)
	at org.apache.ratis.thirdparty.io.grpc.stub.ClientCalls.getUnchecked(ClientCalls.java:214)
	at org.apache.ratis.thirdparty.io.grpc.stub.ClientCalls.blockingUnaryCall(ClientCalls.java:139)
	at org.apache.ratis.proto.grpc.RaftServerProtocolServiceGrpc$RaftServerProtocolServiceBlockingStub.requestVote(RaftServerProtocolServiceGrpc.java:265)
	at org.apache.ratis.grpc.server.GrpcServerProtocolClient.requestVote(GrpcServerProtocolClient.java:83)
	at org.apache.ratis.grpc.server.GrpcService.requestVote(GrpcService.java:195)
	at org.apache.ratis.server.impl.LeaderElection.lambda$submitRequests$1(LeaderElection.java:237)
	at java.util.concurrent.FutureTask.run(FutureTask.java:266)
	at java.util.concurrent.Executors$RunnableAdapter.call(Executors.java:511)
	at java.util.concurrent.FutureTask.run(FutureTask.java:266)
	at java.util.concurrent.ThreadPoolExecutor.runWorker(ThreadPoolExecutor.java:1149)
	at java.util.concurrent.ThreadPoolExecutor$Worker.run(ThreadPoolExecutor.java:624)
	... 1 more
Caused by: org.apache.ratis.thirdparty.io.netty.channel.AbstractChannel$AnnotatedConnectException: Connection refused: /192.168.69.114:44195
	at sun.nio.ch.SocketChannelImpl.checkConnect(Native Method)
	at sun.nio.ch.SocketChannelImpl.finishConnect(SocketChannelImpl.java:717)
	at org.apache.ratis.thirdparty.io.netty.channel.socket.nio.NioSocketChannel.doFinishConnect(NioSocketChannel.java:327)
	at org.apache.ratis.thirdparty.io.netty.channel.nio.AbstractNioChannel$AbstractNioUnsafe.finishConnect(AbstractNioChannel.java:340)
	at org.apache.ratis.thirdparty.io.netty.channel.nio.NioEventLoop.processSelectedKey(NioEventLoop.java:632)
	at org.apache.ratis.thirdparty.io.netty.channel.nio.NioEventLoop.processSelectedKeysOptimized(NioEventLoop.java:579)
	at org.apache.ratis.thirdparty.io.netty.channel.nio.NioEventLoop.processSelectedKeys(NioEventLoop.java:496)
	at org.apache.ratis.thirdparty.io.netty.channel.nio.NioEventLoop.run(NioEventLoop.java:458)
	at org.apache.ratis.thirdparty.io.netty.util.concurrent.SingleThreadEventExecutor$5.run(SingleThreadEventExecutor.java:897)
	at org.apache.ratis.thirdparty.io.netty.util.concurrent.FastThreadLocalRunnable.run(FastThreadLocalRunnable.java:30)
	... 1 more
Caused by: java.net.ConnectException: Connection refused
	... 11 more
2019-07-31 00:42:37,808 INFO  impl.RoleInfo (RoleInfo.java:shutdownLeaderElection(134)) - 1498636e-be33-47ac-bb18-f5fe604b271f: shutdown LeaderElection
2019-07-31 00:42:37,808 INFO  impl.RaftServerImpl (RaftServerImpl.java:setRole(171)) - 1498636e-be33-47ac-bb18-f5fe604b271f:group-A2F98B5D1D34 changes role from CANDIDATE to LEADER at term 3 for changeToLeader
2019-07-31 00:42:37,809 INFO  impl.RaftServerImpl (ServerState.java:setLeader(263)) - 1498636e-be33-47ac-bb18-f5fe604b271f:group-A2F98B5D1D34 change Leader from null to 1498636e-be33-47ac-bb18-f5fe604b271f at term 3 for becomeLeader, leader elected after 5090ms
2019-07-31 00:42:37,809 INFO  server.RaftServerConfigKeys (ConfUtils.java:logGet(43)) - raft.server.staging.catchup.gap = 1000 (default)
2019-07-31 00:42:37,809 INFO  server.RaftServerConfigKeys (ConfUtils.java:logGet(43)) - raft.server.rpc.sleep.time = 25ms (default)
2019-07-31 00:42:37,809 INFO  server.RaftServerConfigKeys (ConfUtils.java:logGet(43)) - raft.server.write.element-limit = 4096 (default)
2019-07-31 00:42:37,809 INFO  server.RaftServerConfigKeys (ConfUtils.java:logGet(43)) - raft.server.watch.timeout = 10s (default)
2019-07-31 00:42:37,809 INFO  server.RaftServerConfigKeys (ConfUtils.java:logGet(43)) - raft.server.watch.timeout.denomination = 1s (default)
2019-07-31 00:42:37,809 INFO  server.RaftServerConfigKeys (ConfUtils.java:logGet(43)) - raft.server.watch.element-limit = 65536 (default)
2019-07-31 00:42:37,810 INFO  server.RaftServerConfigKeys (ConfUtils.java:logGet(43)) - raft.server.log.appender.snapshot.chunk.size.max = 16MB (=16777216) (default)
2019-07-31 00:42:37,810 INFO  server.RaftServerConfigKeys (ConfUtils.java:logGet(43)) - raft.server.log.appender.buffer.byte-limit = 33554432 (custom)
2019-07-31 00:42:37,810 INFO  server.RaftServerConfigKeys (ConfUtils.java:logGet(43)) - raft.server.log.appender.buffer.element-limit = 1 (custom)
2019-07-31 00:42:37,810 INFO  grpc.GrpcConfigKeys$Server (ConfUtils.java:logGet(43)) - raft.grpc.server.leader.outstanding.appends.max = 128 (default)
2019-07-31 00:42:37,810 INFO  server.RaftServerConfigKeys (ConfUtils.java:logGet(43)) - raft.server.rpc.request.timeout = 3000ms (default)
2019-07-31 00:42:37,810 INFO  server.RaftServerConfigKeys (ConfUtils.java:logGet(43)) - raft.server.log.appender.install.snapshot.enabled = false (custom)
2019-07-31 00:42:37,811 INFO  server.RaftServerConfigKeys (ConfUtils.java:logGet(43)) - raft.server.log.appender.snapshot.chunk.size.max = 16MB (=16777216) (default)
2019-07-31 00:42:37,811 INFO  server.RaftServerConfigKeys (ConfUtils.java:logGet(43)) - raft.server.log.appender.buffer.byte-limit = 33554432 (custom)
2019-07-31 00:42:37,811 INFO  server.RaftServerConfigKeys (ConfUtils.java:logGet(43)) - raft.server.log.appender.buffer.element-limit = 1 (custom)
2019-07-31 00:42:37,811 INFO  grpc.GrpcConfigKeys$Server (ConfUtils.java:logGet(43)) - raft.grpc.server.leader.outstanding.appends.max = 128 (default)
2019-07-31 00:42:37,811 INFO  server.RaftServerConfigKeys (ConfUtils.java:logGet(43)) - raft.server.rpc.request.timeout = 3000ms (default)
2019-07-31 00:42:37,811 INFO  server.RaftServerConfigKeys (ConfUtils.java:logGet(43)) - raft.server.log.appender.install.snapshot.enabled = false (custom)
2019-07-31 00:42:37,812 INFO  impl.RoleInfo (RoleInfo.java:updateAndGet(143)) - 1498636e-be33-47ac-bb18-f5fe604b271f: start LeaderState
2019-07-31 00:42:37,812 INFO  segmented.SegmentedRaftLogWorker (SegmentedRaftLogWorker.java:rollLogSegment(385)) - 1498636e-be33-47ac-bb18-f5fe604b271f-SegmentedRaftLogWorker:Storage Directory /workdir/hadoop-ozone/integration-test/target/test-dir/MiniOzoneClusterImpl-3651a17c-520d-479a-aff9-57061945e126/datanode-1/data/ratis/b4c368e9-0a7f-4579-a366-a2f98b5d1d34: Rolling segment log-0_16 to index:16
2019-07-31 00:42:37,813 INFO  impl.RaftServerImpl (ServerState.java:setRaftConf(361)) - 1498636e-be33-47ac-bb18-f5fe604b271f:group-A2F98B5D1D34 set configuration 17: [b21db089-cc86-4e23-83e0-adc12698a3e5:192.168.69.114:43309, 68530759-a9b4-429d-a744-d9196cfd04d9:192.168.69.114:44195, 1498636e-be33-47ac-bb18-f5fe604b271f:192.168.69.114:41388], old=null at 17
2019-07-31 00:42:37,813 INFO  segmented.SegmentedRaftLogWorker (SegmentedRaftLogWorker.java:execute(526)) - 1498636e-be33-47ac-bb18-f5fe604b271f-SegmentedRaftLogWorker:Storage Directory /workdir/hadoop-ozone/integration-test/target/test-dir/MiniOzoneClusterImpl-3651a17c-520d-479a-aff9-57061945e126/datanode-1/data/ratis/b4c368e9-0a7f-4579-a366-a2f98b5d1d34: Rolled log segment from /workdir/hadoop-ozone/integration-test/target/test-dir/MiniOzoneClusterImpl-3651a17c-520d-479a-aff9-57061945e126/datanode-1/data/ratis/b4c368e9-0a7f-4579-a366-a2f98b5d1d34/current/log_inprogress_0 to /workdir/hadoop-ozone/integration-test/target/test-dir/MiniOzoneClusterImpl-3651a17c-520d-479a-aff9-57061945e126/datanode-1/data/ratis/b4c368e9-0a7f-4579-a366-a2f98b5d1d34/current/log_0-16
2019-07-31 00:42:37,813 WARN  server.GrpcLogAppender (LogUtils.java:warn(134)) - 1498636e-be33-47ac-bb18-f5fe604b271f->68530759-a9b4-429d-a744-d9196cfd04d9: Failed appendEntries: org.apache.ratis.thirdparty.io.grpc.StatusRuntimeException: UNAVAILABLE: io exception
2019-07-31 00:42:37,813 INFO  impl.FollowerInfo (FollowerInfo.java:lambda$new$0(50)) - 1498636e-be33-47ac-bb18-f5fe604b271f->68530759-a9b4-429d-a744-d9196cfd04d9: nextIndex: updateUnconditionally 17 -> 1
2019-07-31 00:42:37,814 INFO  impl.RaftServerImpl (ServerState.java:setLeader(263)) - b21db089-cc86-4e23-83e0-adc12698a3e5:group-A2F98B5D1D34 change Leader from null to 1498636e-be33-47ac-bb18-f5fe604b271f at term 3 for appendEntries, leader elected after 5106ms
2019-07-31 00:42:37,816 INFO  impl.RaftServerImpl (ServerState.java:setRaftConf(361)) - b21db089-cc86-4e23-83e0-adc12698a3e5:group-A2F98B5D1D34 set configuration 17: [b21db089-cc86-4e23-83e0-adc12698a3e5:192.168.69.114:43309, 68530759-a9b4-429d-a744-d9196cfd04d9:192.168.69.114:44195, 1498636e-be33-47ac-bb18-f5fe604b271f:192.168.69.114:41388], old=null at 17
2019-07-31 00:42:37,816 INFO  segmented.SegmentedRaftLogWorker (SegmentedRaftLogWorker.java:rollLogSegment(385)) - b21db089-cc86-4e23-83e0-adc12698a3e5-SegmentedRaftLogWorker:Storage Directory /workdir/hadoop-ozone/integration-test/target/test-dir/MiniOzoneClusterImpl-3651a17c-520d-479a-aff9-57061945e126/datanode-2/data/ratis/b4c368e9-0a7f-4579-a366-a2f98b5d1d34: Rolling segment log-0_16 to index:16
2019-07-31 00:42:37,817 INFO  segmented.SegmentedRaftLogWorker (SegmentedRaftLogWorker.java:execute(526)) - b21db089-cc86-4e23-83e0-adc12698a3e5-SegmentedRaftLogWorker:Storage Directory /workdir/hadoop-ozone/integration-test/target/test-dir/MiniOzoneClusterImpl-3651a17c-520d-479a-aff9-57061945e126/datanode-2/data/ratis/b4c368e9-0a7f-4579-a366-a2f98b5d1d34: Rolled log segment from /workdir/hadoop-ozone/integration-test/target/test-dir/MiniOzoneClusterImpl-3651a17c-520d-479a-aff9-57061945e126/datanode-2/data/ratis/b4c368e9-0a7f-4579-a366-a2f98b5d1d34/current/log_inprogress_0 to /workdir/hadoop-ozone/integration-test/target/test-dir/MiniOzoneClusterImpl-3651a17c-520d-479a-aff9-57061945e126/datanode-2/data/ratis/b4c368e9-0a7f-4579-a366-a2f98b5d1d34/current/log_0-16
2019-07-31 00:42:37,840 INFO  segmented.SegmentedRaftLogWorker (SegmentedRaftLogWorker.java:execute(569)) - b21db089-cc86-4e23-83e0-adc12698a3e5-SegmentedRaftLogWorker:Storage Directory /workdir/hadoop-ozone/integration-test/target/test-dir/MiniOzoneClusterImpl-3651a17c-520d-479a-aff9-57061945e126/datanode-2/data/ratis/b4c368e9-0a7f-4579-a366-a2f98b5d1d34: created new log segment /workdir/hadoop-ozone/integration-test/target/test-dir/MiniOzoneClusterImpl-3651a17c-520d-479a-aff9-57061945e126/datanode-2/data/ratis/b4c368e9-0a7f-4579-a366-a2f98b5d1d34/current/log_inprogress_17
2019-07-31 00:42:37,840 INFO  segmented.SegmentedRaftLogWorker (SegmentedRaftLogWorker.java:execute(569)) - 1498636e-be33-47ac-bb18-f5fe604b271f-SegmentedRaftLogWorker:Storage Directory /workdir/hadoop-ozone/integration-test/target/test-dir/MiniOzoneClusterImpl-3651a17c-520d-479a-aff9-57061945e126/datanode-1/data/ratis/b4c368e9-0a7f-4579-a366-a2f98b5d1d34: created new log segment /workdir/hadoop-ozone/integration-test/target/test-dir/MiniOzoneClusterImpl-3651a17c-520d-479a-aff9-57061945e126/datanode-1/data/ratis/b4c368e9-0a7f-4579-a366-a2f98b5d1d34/current/log_inprogress_17
2019-07-31 00:42:37,866 WARN  server.GrpcLogAppender (LogUtils.java:warn(134)) - 1498636e-be33-47ac-bb18-f5fe604b271f->68530759-a9b4-429d-a744-d9196cfd04d9: Failed appendEntries: org.apache.ratis.thirdparty.io.grpc.StatusRuntimeException: UNAVAILABLE: io exception
2019-07-31 00:42:37,867 INFO  impl.FollowerInfo (FollowerInfo.java:lambda$new$0(50)) - 1498636e-be33-47ac-bb18-f5fe604b271f->68530759-a9b4-429d-a744-d9196cfd04d9: nextIndex: updateUnconditionally 2 -> 1
2019-07-31 00:42:37,873 WARN  server.GrpcLogAppender (LogUtils.java:warn(134)) - 1498636e-be33-47ac-bb18-f5fe604b271f->68530759-a9b4-429d-a744-d9196cfd04d9: Failed appendEntries: org.apache.ratis.thirdparty.io.grpc.StatusRuntimeException: UNAVAILABLE: io exception
2019-07-31 00:42:37,873 INFO  impl.FollowerInfo (FollowerInfo.java:lambda$new$0(50)) - 1498636e-be33-47ac-bb18-f5fe604b271f->68530759-a9b4-429d-a744-d9196cfd04d9: nextIndex: updateUnconditionally 2 -> 1
2019-07-31 00:42:38,618 INFO  client.GrpcClientProtocolClient (GrpcClientProtocolClient.java:onNext(255)) - client-6792AA486DCA->b21db089-cc86-4e23-83e0-adc12698a3e5: receive RaftClientReply:client-6792AA486DCA->b21db089-cc86-4e23-83e0-adc12698a3e5@group-A2F98B5D1D34, cid=192, FAILED org.apache.ratis.protocol.NotLeaderException: Server b21db089-cc86-4e23-83e0-adc12698a3e5 is not the leader (1498636e-be33-47ac-bb18-f5fe604b271f:192.168.69.114:41388). Request must be sent to leader., logIndex=0, commits[b21db089-cc86-4e23-83e0-adc12698a3e5:c17, 68530759-a9b4-429d-a744-d9196cfd04d9:c16, 1498636e-be33-47ac-bb18-f5fe604b271f:c17]
00:42:38.625 [grpc-default-executor-10] ERROR DNAudit - user=null | ip=null | op=WRITE_CHUNK {blockData=conID: 1 locID: 102533282791948302 bcsId: 14} | ret=FAILURE
org.apache.hadoop.hdds.scm.container.common.helpers.ContainerNotOpenException: Container 1 in CLOSING state
	at org.apache.hadoop.ozone.container.common.impl.HddsDispatcher.validateContainerCommand(HddsDispatcher.java:408) ~[hadoop-hdds-container-service-0.4.1-SNAPSHOT.jar:?]
	at org.apache.hadoop.ozone.container.common.transport.server.ratis.ContainerStateMachine.startTransaction(ContainerStateMachine.java:288) ~[hadoop-hdds-container-service-0.4.1-SNAPSHOT.jar:?]
	at org.apache.ratis.server.impl.RaftServerImpl.submitClientRequestAsync(RaftServerImpl.java:566) ~[ratis-server-0.4.0-2337318-SNAPSHOT.jar:0.4.0-2337318-SNAPSHOT]
	at org.apache.ratis.server.impl.RaftServerProxy.lambda$submitClientRequestAsync$7(RaftServerProxy.java:333) ~[ratis-server-0.4.0-2337318-SNAPSHOT.jar:0.4.0-2337318-SNAPSHOT]
	at org.apache.ratis.server.impl.RaftServerProxy.lambda$null$5(RaftServerProxy.java:328) ~[ratis-server-0.4.0-2337318-SNAPSHOT.jar:0.4.0-2337318-SNAPSHOT]
	at org.apache.ratis.util.JavaUtils.callAsUnchecked(JavaUtils.java:109) ~[ratis-common-0.4.0-2337318-SNAPSHOT.jar:0.4.0-2337318-SNAPSHOT]
	at org.apache.ratis.server.impl.RaftServerProxy.lambda$submitRequest$6(RaftServerProxy.java:328) ~[ratis-server-0.4.0-2337318-SNAPSHOT.jar:0.4.0-2337318-SNAPSHOT]
	at java.util.concurrent.CompletableFuture.uniComposeStage(CompletableFuture.java:981) ~[?:1.8.0_212]
	at java.util.concurrent.CompletableFuture.thenCompose(CompletableFuture.java:2124) ~[?:1.8.0_212]
	at org.apache.ratis.server.impl.RaftServerProxy.submitRequest(RaftServerProxy.java:327) ~[ratis-server-0.4.0-2337318-SNAPSHOT.jar:0.4.0-2337318-SNAPSHOT]
	at org.apache.ratis.server.impl.RaftServerProxy.submitClientRequestAsync(RaftServerProxy.java:333) ~[ratis-server-0.4.0-2337318-SNAPSHOT.jar:0.4.0-2337318-SNAPSHOT]
	at org.apache.ratis.grpc.client.GrpcClientProtocolService$RequestStreamObserver.processClientRequest(GrpcClientProtocolService.java:220) ~[ratis-grpc-0.4.0-2337318-SNAPSHOT.jar:0.4.0-2337318-SNAPSHOT]
	at org.apache.ratis.grpc.client.GrpcClientProtocolService$OrderedRequestStreamObserver.processClientRequest(GrpcClientProtocolService.java:326) ~[ratis-grpc-0.4.0-2337318-SNAPSHOT.jar:0.4.0-2337318-SNAPSHOT]
	at org.apache.ratis.util.SlidingWindow$Server.processRequestsFromHead(SlidingWindow.java:429) [ratis-common-0.4.0-2337318-SNAPSHOT.jar:0.4.0-2337318-SNAPSHOT]
	at org.apache.ratis.util.SlidingWindow$Server.receivedRequest(SlidingWindow.java:421) [ratis-common-0.4.0-2337318-SNAPSHOT.jar:0.4.0-2337318-SNAPSHOT]
	at org.apache.ratis.grpc.client.GrpcClientProtocolService$OrderedRequestStreamObserver.processClientRequest(GrpcClientProtocolService.java:345) [ratis-grpc-0.4.0-2337318-SNAPSHOT.jar:0.4.0-2337318-SNAPSHOT]
	at org.apache.ratis.grpc.client.GrpcClientProtocolService$RequestStreamObserver.onNext(GrpcClientProtocolService.java:240) [ratis-grpc-0.4.0-2337318-SNAPSHOT.jar:0.4.0-2337318-SNAPSHOT]
	at org.apache.ratis.grpc.client.GrpcClientProtocolService$RequestStreamObserver.onNext(GrpcClientProtocolService.java:168) [ratis-grpc-0.4.0-2337318-SNAPSHOT.jar:0.4.0-2337318-SNAPSHOT]
	at org.apache.ratis.thirdparty.io.grpc.stub.ServerCalls$StreamingServerCallHandler$StreamingServerCallListener.onMessage(ServerCalls.java:248) [ratis-thirdparty-misc-0.2.0.jar:0.2.0]
	at org.apache.ratis.thirdparty.io.grpc.internal.ServerCallImpl$ServerStreamListenerImpl.messagesAvailable(ServerCallImpl.java:263) [ratis-thirdparty-misc-0.2.0.jar:0.2.0]
	at org.apache.ratis.thirdparty.io.grpc.internal.ServerImpl$JumpToApplicationThreadServerStreamListener$1MessagesAvailable.runInContext(ServerImpl.java:686) [ratis-thirdparty-misc-0.2.0.jar:0.2.0]
	at org.apache.ratis.thirdparty.io.grpc.internal.ContextRunnable.run(ContextRunnable.java:37) [ratis-thirdparty-misc-0.2.0.jar:0.2.0]
	at org.apache.ratis.thirdparty.io.grpc.internal.SerializingExecutor.run(SerializingExecutor.java:123) [ratis-thirdparty-misc-0.2.0.jar:0.2.0]
	at java.util.concurrent.ThreadPoolExecutor.runWorker(ThreadPoolExecutor.java:1149) [?:1.8.0_212]
	at java.util.concurrent.ThreadPoolExecutor$Worker.run(ThreadPoolExecutor.java:624) [?:1.8.0_212]
	at java.lang.Thread.run(Thread.java:748) [?:1.8.0_212]
2019-07-31 00:42:38,641 INFO  client.GrpcClientProtocolClient (GrpcClientProtocolClient.java:onNext(255)) - client-6792AA486DCA->1498636e-be33-47ac-bb18-f5fe604b271f: receive RaftClientReply:client-6792AA486DCA->1498636e-be33-47ac-bb18-f5fe604b271f@group-A2F98B5D1D34, cid=192, FAILED org.apache.ratis.protocol.StateMachineException: org.apache.hadoop.hdds.scm.container.common.helpers.ContainerNotOpenException from Server 1498636e-be33-47ac-bb18-f5fe604b271f: Container 1 in CLOSING state, logIndex=0, commits[1498636e-be33-47ac-bb18-f5fe604b271f:c18, b21db089-cc86-4e23-83e0-adc12698a3e5:c17, 68530759-a9b4-429d-a744-d9196cfd04d9:c16]
00:42:38.643 [grpc-default-executor-11] ERROR DNAudit - user=null | ip=null | op=WRITE_CHUNK {blockData=conID: 1 locID: 102533282791948302 bcsId: 14} | ret=FAILURE
org.apache.hadoop.hdds.scm.container.common.helpers.ContainerNotOpenException: Container 1 in CLOSING state
	at org.apache.hadoop.ozone.container.common.impl.HddsDispatcher.validateContainerCommand(HddsDispatcher.java:408) ~[hadoop-hdds-container-service-0.4.1-SNAPSHOT.jar:?]
	at org.apache.hadoop.ozone.container.common.transport.server.ratis.ContainerStateMachine.startTransaction(ContainerStateMachine.java:288) ~[hadoop-hdds-container-service-0.4.1-SNAPSHOT.jar:?]
	at org.apache.ratis.server.impl.RaftServerImpl.submitClientRequestAsync(RaftServerImpl.java:566) ~[ratis-server-0.4.0-2337318-SNAPSHOT.jar:0.4.0-2337318-SNAPSHOT]
	at org.apache.ratis.server.impl.RaftServerProxy.lambda$submitClientRequestAsync$7(RaftServerProxy.java:333) ~[ratis-server-0.4.0-2337318-SNAPSHOT.jar:0.4.0-2337318-SNAPSHOT]
	at org.apache.ratis.server.impl.RaftServerProxy.lambda$null$5(RaftServerProxy.java:328) ~[ratis-server-0.4.0-2337318-SNAPSHOT.jar:0.4.0-2337318-SNAPSHOT]
	at org.apache.ratis.util.JavaUtils.callAsUnchecked(JavaUtils.java:109) ~[ratis-common-0.4.0-2337318-SNAPSHOT.jar:0.4.0-2337318-SNAPSHOT]
	at org.apache.ratis.server.impl.RaftServerProxy.lambda$submitRequest$6(RaftServerProxy.java:328) ~[ratis-server-0.4.0-2337318-SNAPSHOT.jar:0.4.0-2337318-SNAPSHOT]
	at java.util.concurrent.CompletableFuture.uniComposeStage(CompletableFuture.java:981) ~[?:1.8.0_212]
	at java.util.concurrent.CompletableFuture.thenCompose(CompletableFuture.java:2124) ~[?:1.8.0_212]
	at org.apache.ratis.server.impl.RaftServerProxy.submitRequest(RaftServerProxy.java:327) ~[ratis-server-0.4.0-2337318-SNAPSHOT.jar:0.4.0-2337318-SNAPSHOT]
	at org.apache.ratis.server.impl.RaftServerProxy.submitClientRequestAsync(RaftServerProxy.java:333) ~[ratis-server-0.4.0-2337318-SNAPSHOT.jar:0.4.0-2337318-SNAPSHOT]
	at org.apache.ratis.grpc.client.GrpcClientProtocolService$RequestStreamObserver.processClientRequest(GrpcClientProtocolService.java:220) ~[ratis-grpc-0.4.0-2337318-SNAPSHOT.jar:0.4.0-2337318-SNAPSHOT]
	at org.apache.ratis.grpc.client.GrpcClientProtocolService$OrderedRequestStreamObserver.processClientRequest(GrpcClientProtocolService.java:326) ~[ratis-grpc-0.4.0-2337318-SNAPSHOT.jar:0.4.0-2337318-SNAPSHOT]
	at org.apache.ratis.util.SlidingWindow$Server.processRequestsFromHead(SlidingWindow.java:429) [ratis-common-0.4.0-2337318-SNAPSHOT.jar:0.4.0-2337318-SNAPSHOT]
	at org.apache.ratis.util.SlidingWindow$Server.receivedRequest(SlidingWindow.java:421) [ratis-common-0.4.0-2337318-SNAPSHOT.jar:0.4.0-2337318-SNAPSHOT]
	at org.apache.ratis.grpc.client.GrpcClientProtocolService$OrderedRequestStreamObserver.processClientRequest(GrpcClientProtocolService.java:345) [ratis-grpc-0.4.0-2337318-SNAPSHOT.jar:0.4.0-2337318-SNAPSHOT]
	at org.apache.ratis.grpc.client.GrpcClientProtocolService$RequestStreamObserver.onNext(GrpcClientProtocolService.java:240) [ratis-grpc-0.4.0-2337318-SNAPSHOT.jar:0.4.0-2337318-SNAPSHOT]
	at org.apache.ratis.grpc.client.GrpcClientProtocolService$RequestStreamObserver.onNext(GrpcClientProtocolService.java:168) [ratis-grpc-0.4.0-2337318-SNAPSHOT.jar:0.4.0-2337318-SNAPSHOT]
	at org.apache.ratis.thirdparty.io.grpc.stub.ServerCalls$StreamingServerCallHandler$StreamingServerCallListener.onMessage(ServerCalls.java:248) [ratis-thirdparty-misc-0.2.0.jar:0.2.0]
	at org.apache.ratis.thirdparty.io.grpc.internal.ServerCallImpl$ServerStreamListenerImpl.messagesAvailable(ServerCallImpl.java:263) [ratis-thirdparty-misc-0.2.0.jar:0.2.0]
	at org.apache.ratis.thirdparty.io.grpc.internal.ServerImpl$JumpToApplicationThreadServerStreamListener$1MessagesAvailable.runInContext(ServerImpl.java:686) [ratis-thirdparty-misc-0.2.0.jar:0.2.0]
	at org.apache.ratis.thirdparty.io.grpc.internal.ContextRunnable.run(ContextRunnable.java:37) [ratis-thirdparty-misc-0.2.0.jar:0.2.0]
	at org.apache.ratis.thirdparty.io.grpc.internal.SerializingExecutor.run(SerializingExecutor.java:123) [ratis-thirdparty-misc-0.2.0.jar:0.2.0]
	at java.util.concurrent.ThreadPoolExecutor.runWorker(ThreadPoolExecutor.java:1149) [?:1.8.0_212]
	at java.util.concurrent.ThreadPoolExecutor$Worker.run(ThreadPoolExecutor.java:624) [?:1.8.0_212]
	at java.lang.Thread.run(Thread.java:748) [?:1.8.0_212]
2019-07-31 00:42:38,653 INFO  client.GrpcClientProtocolClient (GrpcClientProtocolClient.java:onNext(255)) - client-6792AA486DCA->1498636e-be33-47ac-bb18-f5fe604b271f: receive RaftClientReply:client-6792AA486DCA->1498636e-be33-47ac-bb18-f5fe604b271f@group-A2F98B5D1D34, cid=193, FAILED org.apache.ratis.protocol.StateMachineException: org.apache.hadoop.hdds.scm.container.common.helpers.ContainerNotOpenException from Server 1498636e-be33-47ac-bb18-f5fe604b271f: Container 1 in CLOSING state, logIndex=0, commits[1498636e-be33-47ac-bb18-f5fe604b271f:c18, b21db089-cc86-4e23-83e0-adc12698a3e5:c17, 68530759-a9b4-429d-a744-d9196cfd04d9:c16]
00:42:38.652 [grpc-default-executor-11] ERROR DNAudit - user=null | ip=null | op=PUT_BLOCK {blockData=[blockId=conID: 1 locID: 102533282791948302 bcsId: 0,size=650]} | ret=FAILURE
org.apache.hadoop.hdds.scm.container.common.helpers.ContainerNotOpenException: Container 1 in CLOSING state
	at org.apache.hadoop.ozone.container.common.impl.HddsDispatcher.validateContainerCommand(HddsDispatcher.java:408) ~[hadoop-hdds-container-service-0.4.1-SNAPSHOT.jar:?]
	at org.apache.hadoop.ozone.container.common.transport.server.ratis.ContainerStateMachine.startTransaction(ContainerStateMachine.java:288) ~[hadoop-hdds-container-service-0.4.1-SNAPSHOT.jar:?]
	at org.apache.ratis.server.impl.RaftServerImpl.submitClientRequestAsync(RaftServerImpl.java:566) ~[ratis-server-0.4.0-2337318-SNAPSHOT.jar:0.4.0-2337318-SNAPSHOT]
	at org.apache.ratis.server.impl.RaftServerProxy.lambda$submitClientRequestAsync$7(RaftServerProxy.java:333) ~[ratis-server-0.4.0-2337318-SNAPSHOT.jar:0.4.0-2337318-SNAPSHOT]
	at org.apache.ratis.server.impl.RaftServerProxy.lambda$null$5(RaftServerProxy.java:328) ~[ratis-server-0.4.0-2337318-SNAPSHOT.jar:0.4.0-2337318-SNAPSHOT]
	at org.apache.ratis.util.JavaUtils.callAsUnchecked(JavaUtils.java:109) ~[ratis-common-0.4.0-2337318-SNAPSHOT.jar:0.4.0-2337318-SNAPSHOT]
	at org.apache.ratis.server.impl.RaftServerProxy.lambda$submitRequest$6(RaftServerProxy.java:328) ~[ratis-server-0.4.0-2337318-SNAPSHOT.jar:0.4.0-2337318-SNAPSHOT]
	at java.util.concurrent.CompletableFuture.uniComposeStage(CompletableFuture.java:981) ~[?:1.8.0_212]
	at java.util.concurrent.CompletableFuture.thenCompose(CompletableFuture.java:2124) ~[?:1.8.0_212]
	at org.apache.ratis.server.impl.RaftServerProxy.submitRequest(RaftServerProxy.java:327) ~[ratis-server-0.4.0-2337318-SNAPSHOT.jar:0.4.0-2337318-SNAPSHOT]
	at org.apache.ratis.server.impl.RaftServerProxy.submitClientRequestAsync(RaftServerProxy.java:333) ~[ratis-server-0.4.0-2337318-SNAPSHOT.jar:0.4.0-2337318-SNAPSHOT]
	at org.apache.ratis.grpc.client.GrpcClientProtocolService$RequestStreamObserver.processClientRequest(GrpcClientProtocolService.java:220) ~[ratis-grpc-0.4.0-2337318-SNAPSHOT.jar:0.4.0-2337318-SNAPSHOT]
	at org.apache.ratis.grpc.client.GrpcClientProtocolService$OrderedRequestStreamObserver.processClientRequest(GrpcClientProtocolService.java:326) ~[ratis-grpc-0.4.0-2337318-SNAPSHOT.jar:0.4.0-2337318-SNAPSHOT]
	at org.apache.ratis.util.SlidingWindow$Server.processRequestsFromHead(SlidingWindow.java:429) [ratis-common-0.4.0-2337318-SNAPSHOT.jar:0.4.0-2337318-SNAPSHOT]
	at org.apache.ratis.util.SlidingWindow$Server.receivedRequest(SlidingWindow.java:421) [ratis-common-0.4.0-2337318-SNAPSHOT.jar:0.4.0-2337318-SNAPSHOT]
	at org.apache.ratis.grpc.client.GrpcClientProtocolService$OrderedRequestStreamObserver.processClientRequest(GrpcClientProtocolService.java:345) [ratis-grpc-0.4.0-2337318-SNAPSHOT.jar:0.4.0-2337318-SNAPSHOT]
	at org.apache.ratis.grpc.client.GrpcClientProtocolService$RequestStreamObserver.onNext(GrpcClientProtocolService.java:240) [ratis-grpc-0.4.0-2337318-SNAPSHOT.jar:0.4.0-2337318-SNAPSHOT]
	at org.apache.ratis.grpc.client.GrpcClientProtocolService$RequestStreamObserver.onNext(GrpcClientProtocolService.java:168) [ratis-grpc-0.4.0-2337318-SNAPSHOT.jar:0.4.0-2337318-SNAPSHOT]
	at org.apache.ratis.thirdparty.io.grpc.stub.ServerCalls$StreamingServerCallHandler$StreamingServerCallListener.onMessage(ServerCalls.java:248) [ratis-thirdparty-misc-0.2.0.jar:0.2.0]
	at org.apache.ratis.thirdparty.io.grpc.internal.ServerCallImpl$ServerStreamListenerImpl.messagesAvailable(ServerCallImpl.java:263) [ratis-thirdparty-misc-0.2.0.jar:0.2.0]
	at org.apache.ratis.thirdparty.io.grpc.internal.ServerImpl$JumpToApplicationThreadServerStreamListener$1MessagesAvailable.runInContext(ServerImpl.java:686) [ratis-thirdparty-misc-0.2.0.jar:0.2.0]
	at org.apache.ratis.thirdparty.io.grpc.internal.ContextRunnable.run(ContextRunnable.java:37) [ratis-thirdparty-misc-0.2.0.jar:0.2.0]
	at org.apache.ratis.thirdparty.io.grpc.internal.SerializingExecutor.run(SerializingExecutor.java:123) [ratis-thirdparty-misc-0.2.0.jar:0.2.0]
	at java.util.concurrent.ThreadPoolExecutor.runWorker(ThreadPoolExecutor.java:1149) [?:1.8.0_212]
	at java.util.concurrent.ThreadPoolExecutor$Worker.run(ThreadPoolExecutor.java:624) [?:1.8.0_212]
	at java.lang.Thread.run(Thread.java:748) [?:1.8.0_212]
00:42:38.654 [grpc-default-executor-11] ERROR DNAudit - user=null | ip=null | op=WRITE_CHUNK {blockData=conID: 1 locID: 102533282791948302 bcsId: 14} | ret=FAILURE
org.apache.hadoop.hdds.scm.container.common.helpers.ContainerNotOpenException: Container 1 in CLOSING state
	at org.apache.hadoop.ozone.container.common.impl.HddsDispatcher.validateContainerCommand(HddsDispatcher.java:408) ~[hadoop-hdds-container-service-0.4.1-SNAPSHOT.jar:?]
	at org.apache.hadoop.ozone.container.common.transport.server.ratis.ContainerStateMachine.startTransaction(ContainerStateMachine.java:288) ~[hadoop-hdds-container-service-0.4.1-SNAPSHOT.jar:?]
	at org.apache.ratis.server.impl.RaftServerImpl.submitClientRequestAsync(RaftServerImpl.java:566) ~[ratis-server-0.4.0-2337318-SNAPSHOT.jar:0.4.0-2337318-SNAPSHOT]
	at org.apache.ratis.server.impl.RaftServerProxy.lambda$submitClientRequestAsync$7(RaftServerProxy.java:333) ~[ratis-server-0.4.0-2337318-SNAPSHOT.jar:0.4.0-2337318-SNAPSHOT]
	at org.apache.ratis.server.impl.RaftServerProxy.lambda$null$5(RaftServerProxy.java:328) ~[ratis-server-0.4.0-2337318-SNAPSHOT.jar:0.4.0-2337318-SNAPSHOT]
	at org.apache.ratis.util.JavaUtils.callAsUnchecked(JavaUtils.java:109) ~[ratis-common-0.4.0-2337318-SNAPSHOT.jar:0.4.0-2337318-SNAPSHOT]
	at org.apache.ratis.server.impl.RaftServerProxy.lambda$submitRequest$6(RaftServerProxy.java:328) ~[ratis-server-0.4.0-2337318-SNAPSHOT.jar:0.4.0-2337318-SNAPSHOT]
	at java.util.concurrent.CompletableFuture.uniComposeStage(CompletableFuture.java:981) ~[?:1.8.0_212]
	at java.util.concurrent.CompletableFuture.thenCompose(CompletableFuture.java:2124) ~[?:1.8.0_212]
	at org.apache.ratis.server.impl.RaftServerProxy.submitRequest(RaftServerProxy.java:327) ~[ratis-server-0.4.0-2337318-SNAPSHOT.jar:0.4.0-2337318-SNAPSHOT]
	at org.apache.ratis.server.impl.RaftServerProxy.submitClientRequestAsync(RaftServerProxy.java:333) ~[ratis-server-0.4.0-2337318-SNAPSHOT.jar:0.4.0-2337318-SNAPSHOT]
	at org.apache.ratis.grpc.client.GrpcClientProtocolService$RequestStreamObserver.processClientRequest(GrpcClientProtocolService.java:220) ~[ratis-grpc-0.4.0-2337318-SNAPSHOT.jar:0.4.0-2337318-SNAPSHOT]
	at org.apache.ratis.grpc.client.GrpcClientProtocolService$OrderedRequestStreamObserver.processClientRequest(GrpcClientProtocolService.java:326) ~[ratis-grpc-0.4.0-2337318-SNAPSHOT.jar:0.4.0-2337318-SNAPSHOT]
	at org.apache.ratis.util.SlidingWindow$Server.processRequestsFromHead(SlidingWindow.java:429) [ratis-common-0.4.0-2337318-SNAPSHOT.jar:0.4.0-2337318-SNAPSHOT]
	at org.apache.ratis.util.SlidingWindow$Server.receivedRequest(SlidingWindow.java:421) [ratis-common-0.4.0-2337318-SNAPSHOT.jar:0.4.0-2337318-SNAPSHOT]
	at org.apache.ratis.grpc.client.GrpcClientProtocolService$OrderedRequestStreamObserver.processClientRequest(GrpcClientProtocolService.java:345) [ratis-grpc-0.4.0-2337318-SNAPSHOT.jar:0.4.0-2337318-SNAPSHOT]
	at org.apache.ratis.grpc.client.GrpcClientProtocolService$RequestStreamObserver.onNext(GrpcClientProtocolService.java:240) [ratis-grpc-0.4.0-2337318-SNAPSHOT.jar:0.4.0-2337318-SNAPSHOT]
	at org.apache.ratis.grpc.client.GrpcClientProtocolService$RequestStreamObserver.onNext(GrpcClientProtocolService.java:168) [ratis-grpc-0.4.0-2337318-SNAPSHOT.jar:0.4.0-2337318-SNAPSHOT]
	at org.apache.ratis.thirdparty.io.grpc.stub.ServerCalls$StreamingServerCallHandler$StreamingServerCallListener.onMessage(ServerCalls.java:248) [ratis-thirdparty-misc-0.2.0.jar:0.2.0]
	at org.apache.ratis.thirdparty.io.grpc.internal.ServerCallImpl$ServerStreamListenerImpl.messagesAvailable(ServerCallImpl.java:263) [ratis-thirdparty-misc-0.2.0.jar:0.2.0]
	at org.apache.ratis.thirdparty.io.grpc.internal.ServerImpl$JumpToApplicationThreadServerStreamListener$1MessagesAvailable.runInContext(ServerImpl.java:686) [ratis-thirdparty-misc-0.2.0.jar:0.2.0]
	at org.apache.ratis.thirdparty.io.grpc.internal.ContextRunnable.run(ContextRunnable.java:37) [ratis-thirdparty-misc-0.2.0.jar:0.2.0]
	at org.apache.ratis.thirdparty.io.grpc.internal.SerializingExecutor.run(SerializingExecutor.java:123) [ratis-thirdparty-misc-0.2.0.jar:0.2.0]
	at java.util.concurrent.ThreadPoolExecutor.runWorker(ThreadPoolExecutor.java:1149) [?:1.8.0_212]
	at java.util.concurrent.ThreadPoolExecutor$Worker.run(ThreadPoolExecutor.java:624) [?:1.8.0_212]
	at java.lang.Thread.run(Thread.java:748) [?:1.8.0_212]
2019-07-31 00:42:38,667 INFO  client.GrpcClientProtocolClient (GrpcClientProtocolClient.java:onNext(255)) - client-6792AA486DCA->1498636e-be33-47ac-bb18-f5fe604b271f: receive RaftClientReply:client-6792AA486DCA->1498636e-be33-47ac-bb18-f5fe604b271f@group-A2F98B5D1D34, cid=194, FAILED org.apache.ratis.protocol.StateMachineException: org.apache.hadoop.hdds.scm.container.common.helpers.ContainerNotOpenException from Server 1498636e-be33-47ac-bb18-f5fe604b271f: Container 1 in CLOSING state, logIndex=0, commits[1498636e-be33-47ac-bb18-f5fe604b271f:c18, b21db089-cc86-4e23-83e0-adc12698a3e5:c17, 68530759-a9b4-429d-a744-d9196cfd04d9:c16]
00:42:38.667 [grpc-default-executor-11] ERROR DNAudit - user=null | ip=null | op=WRITE_CHUNK {blockData=conID: 1 locID: 102533282791948302 bcsId: 14} | ret=FAILURE
org.apache.hadoop.hdds.scm.container.common.helpers.ContainerNotOpenException: Container 1 in CLOSING state
	at org.apache.hadoop.ozone.container.common.impl.HddsDispatcher.validateContainerCommand(HddsDispatcher.java:408) ~[hadoop-hdds-container-service-0.4.1-SNAPSHOT.jar:?]
	at org.apache.hadoop.ozone.container.common.transport.server.ratis.ContainerStateMachine.startTransaction(ContainerStateMachine.java:288) ~[hadoop-hdds-container-service-0.4.1-SNAPSHOT.jar:?]
	at org.apache.ratis.server.impl.RaftServerImpl.submitClientRequestAsync(RaftServerImpl.java:566) ~[ratis-server-0.4.0-2337318-SNAPSHOT.jar:0.4.0-2337318-SNAPSHOT]
	at org.apache.ratis.server.impl.RaftServerProxy.lambda$submitClientRequestAsync$7(RaftServerProxy.java:333) ~[ratis-server-0.4.0-2337318-SNAPSHOT.jar:0.4.0-2337318-SNAPSHOT]
	at org.apache.ratis.server.impl.RaftServerProxy.lambda$null$5(RaftServerProxy.java:328) ~[ratis-server-0.4.0-2337318-SNAPSHOT.jar:0.4.0-2337318-SNAPSHOT]
	at org.apache.ratis.util.JavaUtils.callAsUnchecked(JavaUtils.java:109) ~[ratis-common-0.4.0-2337318-SNAPSHOT.jar:0.4.0-2337318-SNAPSHOT]
	at org.apache.ratis.server.impl.RaftServerProxy.lambda$submitRequest$6(RaftServerProxy.java:328) ~[ratis-server-0.4.0-2337318-SNAPSHOT.jar:0.4.0-2337318-SNAPSHOT]
	at java.util.concurrent.CompletableFuture.uniComposeStage(CompletableFuture.java:981) ~[?:1.8.0_212]
	at java.util.concurrent.CompletableFuture.thenCompose(CompletableFuture.java:2124) ~[?:1.8.0_212]
	at org.apache.ratis.server.impl.RaftServerProxy.submitRequest(RaftServerProxy.java:327) ~[ratis-server-0.4.0-2337318-SNAPSHOT.jar:0.4.0-2337318-SNAPSHOT]
	at org.apache.ratis.server.impl.RaftServerProxy.submitClientRequestAsync(RaftServerProxy.java:333) ~[ratis-server-0.4.0-2337318-SNAPSHOT.jar:0.4.0-2337318-SNAPSHOT]
	at org.apache.ratis.grpc.client.GrpcClientProtocolService$RequestStreamObserver.processClientRequest(GrpcClientProtocolService.java:220) ~[ratis-grpc-0.4.0-2337318-SNAPSHOT.jar:0.4.0-2337318-SNAPSHOT]
	at org.apache.ratis.grpc.client.GrpcClientProtocolService$OrderedRequestStreamObserver.processClientRequest(GrpcClientProtocolService.java:326) ~[ratis-grpc-0.4.0-2337318-SNAPSHOT.jar:0.4.0-2337318-SNAPSHOT]
	at org.apache.ratis.util.SlidingWindow$Server.processRequestsFromHead(SlidingWindow.java:429) [ratis-common-0.4.0-2337318-SNAPSHOT.jar:0.4.0-2337318-SNAPSHOT]
	at org.apache.ratis.util.SlidingWindow$Server.receivedRequest(SlidingWindow.java:421) [ratis-common-0.4.0-2337318-SNAPSHOT.jar:0.4.0-2337318-SNAPSHOT]
	at org.apache.ratis.grpc.client.GrpcClientProtocolService$OrderedRequestStreamObserver.processClientRequest(GrpcClientProtocolService.java:345) [ratis-grpc-0.4.0-2337318-SNAPSHOT.jar:0.4.0-2337318-SNAPSHOT]
	at org.apache.ratis.grpc.client.GrpcClientProtocolService$RequestStreamObserver.onNext(GrpcClientProtocolService.java:240) [ratis-grpc-0.4.0-2337318-SNAPSHOT.jar:0.4.0-2337318-SNAPSHOT]
	at org.apache.ratis.grpc.client.GrpcClientProtocolService$RequestStreamObserver.onNext(GrpcClientProtocolService.java:168) [ratis-grpc-0.4.0-2337318-SNAPSHOT.jar:0.4.0-2337318-SNAPSHOT]
	at org.apache.ratis.thirdparty.io.grpc.stub.ServerCalls$StreamingServerCallHandler$StreamingServerCallListener.onMessage(ServerCalls.java:248) [ratis-thirdparty-misc-0.2.0.jar:0.2.0]
	at org.apache.ratis.thirdparty.io.grpc.internal.ServerCallImpl$ServerStreamListenerImpl.messagesAvailable(ServerCallImpl.java:263) [ratis-thirdparty-misc-0.2.0.jar:0.2.0]
	at org.apache.ratis.thirdparty.io.grpc.internal.ServerImpl$JumpToApplicationThreadServerStreamListener$1MessagesAvailable.runInContext(ServerImpl.java:686) [ratis-thirdparty-misc-0.2.0.jar:0.2.0]
	at org.apache.ratis.thirdparty.io.grpc.internal.ContextRunnable.run(ContextRunnable.java:37) [ratis-thirdparty-misc-0.2.0.jar:0.2.0]
	at org.apache.ratis.thirdparty.io.grpc.internal.SerializingExecutor.run(SerializingExecutor.java:123) [ratis-thirdparty-misc-0.2.0.jar:0.2.0]
	at java.util.concurrent.ThreadPoolExecutor.runWorker(ThreadPoolExecutor.java:1149) [?:1.8.0_212]
	at java.util.concurrent.ThreadPoolExecutor$Worker.run(ThreadPoolExecutor.java:624) [?:1.8.0_212]
	at java.lang.Thread.run(Thread.java:748) [?:1.8.0_212]
2019-07-31 00:42:38,668 INFO  client.GrpcClientProtocolClient (GrpcClientProtocolClient.java:onNext(255)) - client-6792AA486DCA->1498636e-be33-47ac-bb18-f5fe604b271f: receive RaftClientReply:client-6792AA486DCA->1498636e-be33-47ac-bb18-f5fe604b271f@group-A2F98B5D1D34, cid=195, FAILED org.apache.ratis.protocol.StateMachineException: org.apache.hadoop.hdds.scm.container.common.helpers.ContainerNotOpenException from Server 1498636e-be33-47ac-bb18-f5fe604b271f: Container 1 in CLOSING state, logIndex=0, commits[1498636e-be33-47ac-bb18-f5fe604b271f:c18, b21db089-cc86-4e23-83e0-adc12698a3e5:c17, 68530759-a9b4-429d-a744-d9196cfd04d9:c16]
2019-07-31 00:42:38,679 INFO  client.GrpcClientProtocolClient (GrpcClientProtocolClient.java:onNext(255)) - client-6792AA486DCA->1498636e-be33-47ac-bb18-f5fe604b271f: receive RaftClientReply:client-6792AA486DCA->1498636e-be33-47ac-bb18-f5fe604b271f@group-A2F98B5D1D34, cid=196, FAILED org.apache.ratis.protocol.StateMachineException: org.apache.hadoop.hdds.scm.container.common.helpers.ContainerNotOpenException from Server 1498636e-be33-47ac-bb18-f5fe604b271f: Container 1 in CLOSING state, logIndex=0, commits[1498636e-be33-47ac-bb18-f5fe604b271f:c18, b21db089-cc86-4e23-83e0-adc12698a3e5:c17, 68530759-a9b4-429d-a744-d9196cfd04d9:c16]
00:42:38.678 [grpc-default-executor-11] ERROR DNAudit - user=null | ip=null | op=PUT_BLOCK {blockData=[blockId=conID: 1 locID: 102533282791948302 bcsId: 0,size=800]} | ret=FAILURE
org.apache.hadoop.hdds.scm.container.common.helpers.ContainerNotOpenException: Container 1 in CLOSING state
	at org.apache.hadoop.ozone.container.common.impl.HddsDispatcher.validateContainerCommand(HddsDispatcher.java:408) ~[hadoop-hdds-container-service-0.4.1-SNAPSHOT.jar:?]
	at org.apache.hadoop.ozone.container.common.transport.server.ratis.ContainerStateMachine.startTransaction(ContainerStateMachine.java:288) ~[hadoop-hdds-container-service-0.4.1-SNAPSHOT.jar:?]
	at org.apache.ratis.server.impl.RaftServerImpl.submitClientRequestAsync(RaftServerImpl.java:566) ~[ratis-server-0.4.0-2337318-SNAPSHOT.jar:0.4.0-2337318-SNAPSHOT]
	at org.apache.ratis.server.impl.RaftServerProxy.lambda$submitClientRequestAsync$7(RaftServerProxy.java:333) ~[ratis-server-0.4.0-2337318-SNAPSHOT.jar:0.4.0-2337318-SNAPSHOT]
	at org.apache.ratis.server.impl.RaftServerProxy.lambda$null$5(RaftServerProxy.java:328) ~[ratis-server-0.4.0-2337318-SNAPSHOT.jar:0.4.0-2337318-SNAPSHOT]
	at org.apache.ratis.util.JavaUtils.callAsUnchecked(JavaUtils.java:109) ~[ratis-common-0.4.0-2337318-SNAPSHOT.jar:0.4.0-2337318-SNAPSHOT]
	at org.apache.ratis.server.impl.RaftServerProxy.lambda$submitRequest$6(RaftServerProxy.java:328) ~[ratis-server-0.4.0-2337318-SNAPSHOT.jar:0.4.0-2337318-SNAPSHOT]
	at java.util.concurrent.CompletableFuture.uniComposeStage(CompletableFuture.java:981) ~[?:1.8.0_212]
	at java.util.concurrent.CompletableFuture.thenCompose(CompletableFuture.java:2124) ~[?:1.8.0_212]
	at org.apache.ratis.server.impl.RaftServerProxy.submitRequest(RaftServerProxy.java:327) ~[ratis-server-0.4.0-2337318-SNAPSHOT.jar:0.4.0-2337318-SNAPSHOT]
	at org.apache.ratis.server.impl.RaftServerProxy.submitClientRequestAsync(RaftServerProxy.java:333) ~[ratis-server-0.4.0-2337318-SNAPSHOT.jar:0.4.0-2337318-SNAPSHOT]
	at org.apache.ratis.grpc.client.GrpcClientProtocolService$RequestStreamObserver.processClientRequest(GrpcClientProtocolService.java:220) ~[ratis-grpc-0.4.0-2337318-SNAPSHOT.jar:0.4.0-2337318-SNAPSHOT]
	at org.apache.ratis.grpc.client.GrpcClientProtocolService$OrderedRequestStreamObserver.processClientRequest(GrpcClientProtocolService.java:326) ~[ratis-grpc-0.4.0-2337318-SNAPSHOT.jar:0.4.0-2337318-SNAPSHOT]
	at org.apache.ratis.util.SlidingWindow$Server.processRequestsFromHead(SlidingWindow.java:429) [ratis-common-0.4.0-2337318-SNAPSHOT.jar:0.4.0-2337318-SNAPSHOT]
	at org.apache.ratis.util.SlidingWindow$Server.receivedRequest(SlidingWindow.java:421) [ratis-common-0.4.0-2337318-SNAPSHOT.jar:0.4.0-2337318-SNAPSHOT]
	at org.apache.ratis.grpc.client.GrpcClientProtocolService$OrderedRequestStreamObserver.processClientRequest(GrpcClientProtocolService.java:345) [ratis-grpc-0.4.0-2337318-SNAPSHOT.jar:0.4.0-2337318-SNAPSHOT]
	at org.apache.ratis.grpc.client.GrpcClientProtocolService$RequestStreamObserver.onNext(GrpcClientProtocolService.java:240) [ratis-grpc-0.4.0-2337318-SNAPSHOT.jar:0.4.0-2337318-SNAPSHOT]
	at org.apache.ratis.grpc.client.GrpcClientProtocolService$RequestStreamObserver.onNext(GrpcClientProtocolService.java:168) [ratis-grpc-0.4.0-2337318-SNAPSHOT.jar:0.4.0-2337318-SNAPSHOT]
	at org.apache.ratis.thirdparty.io.grpc.stub.ServerCalls$StreamingServerCallHandler$StreamingServerCallListener.onMessage(ServerCalls.java:248) [ratis-thirdparty-misc-0.2.0.jar:0.2.0]
	at org.apache.ratis.thirdparty.io.grpc.internal.ServerCallImpl$ServerStreamListenerImpl.messagesAvailable(ServerCallImpl.java:263) [ratis-thirdparty-misc-0.2.0.jar:0.2.0]
	at org.apache.ratis.thirdparty.io.grpc.internal.ServerImpl$JumpToApplicationThreadServerStreamListener$1MessagesAvailable.runInContext(ServerImpl.java:686) [ratis-thirdparty-misc-0.2.0.jar:0.2.0]
	at org.apache.ratis.thirdparty.io.grpc.internal.ContextRunnable.run(ContextRunnable.java:37) [ratis-thirdparty-misc-0.2.0.jar:0.2.0]
	at org.apache.ratis.thirdparty.io.grpc.internal.SerializingExecutor.run(SerializingExecutor.java:123) [ratis-thirdparty-misc-0.2.0.jar:0.2.0]
	at java.util.concurrent.ThreadPoolExecutor.runWorker(ThreadPoolExecutor.java:1149) [?:1.8.0_212]
	at java.util.concurrent.ThreadPoolExecutor$Worker.run(ThreadPoolExecutor.java:624) [?:1.8.0_212]
	at java.lang.Thread.run(Thread.java:748) [?:1.8.0_212]
2019-07-31 00:42:38,687 INFO  client.GrpcClientProtocolClient (GrpcClientProtocolClient.java:onNext(255)) - client-6792AA486DCA->1498636e-be33-47ac-bb18-f5fe604b271f: receive RaftClientReply:client-6792AA486DCA->1498636e-be33-47ac-bb18-f5fe604b271f@group-A2F98B5D1D34, cid=197, FAILED org.apache.ratis.protocol.StateMachineException: org.apache.hadoop.hdds.scm.container.common.helpers.ContainerNotOpenException from Server 1498636e-be33-47ac-bb18-f5fe604b271f: Container 1 in CLOSING state, logIndex=0, commits[1498636e-be33-47ac-bb18-f5fe604b271f:c18, b21db089-cc86-4e23-83e0-adc12698a3e5:c17, 68530759-a9b4-429d-a744-d9196cfd04d9:c16]
2019-07-31 00:42:38,850 INFO  client.GrpcClientProtocolClient (GrpcClientProtocolClient.java:onNext(255)) - client-5CCB58D4FF6B->b7140eff-5703-4e09-9ea1-6d7697fb69a9: receive RaftClientReply:client-5CCB58D4FF6B->b7140eff-5703-4e09-9ea1-6d7697fb69a9@group-24F9E45514A0, cid=198, SUCCESS, logIndex=1, commits[b7140eff-5703-4e09-9ea1-6d7697fb69a9:c1, d65af000-2156-4231-a394-22380e486286:c0, cb86e675-92ae-4063-a828-dc70313734de:c0]
2019-07-31 00:42:38,864 INFO  client.GrpcClientProtocolClient (GrpcClientProtocolClient.java:onNext(255)) - client-5CCB58D4FF6B->b7140eff-5703-4e09-9ea1-6d7697fb69a9: receive RaftClientReply:client-5CCB58D4FF6B->b7140eff-5703-4e09-9ea1-6d7697fb69a9@group-24F9E45514A0, cid=199, SUCCESS, logIndex=3, commits[b7140eff-5703-4e09-9ea1-6d7697fb69a9:c6, d65af000-2156-4231-a394-22380e486286:c1, cb86e675-92ae-4063-a828-dc70313734de:c1]
2019-07-31 00:42:38,906 INFO  client.GrpcClientProtocolClient (GrpcClientProtocolClient.java:onNext(255)) - client-5CCB58D4FF6B->b7140eff-5703-4e09-9ea1-6d7697fb69a9: receive RaftClientReply:client-5CCB58D4FF6B->b7140eff-5703-4e09-9ea1-6d7697fb69a9@group-24F9E45514A0, cid=200, SUCCESS, logIndex=4, commits[b7140eff-5703-4e09-9ea1-6d7697fb69a9:c11, d65af000-2156-4231-a394-22380e486286:c7, cb86e675-92ae-4063-a828-dc70313734de:c7]
2019-07-31 00:42:38,909 INFO  client.GrpcClientProtocolClient (GrpcClientProtocolClient.java:onNext(255)) - client-5CCB58D4FF6B->b7140eff-5703-4e09-9ea1-6d7697fb69a9: receive RaftClientReply:client-5CCB58D4FF6B->b7140eff-5703-4e09-9ea1-6d7697fb69a9@group-24F9E45514A0, cid=201, SUCCESS, logIndex=5, commits[b7140eff-5703-4e09-9ea1-6d7697fb69a9:c11, d65af000-2156-4231-a394-22380e486286:c7, cb86e675-92ae-4063-a828-dc70313734de:c7]
2019-07-31 00:42:38,910 INFO  client.GrpcClientProtocolClient (GrpcClientProtocolClient.java:onNext(255)) - client-5CCB58D4FF6B->b7140eff-5703-4e09-9ea1-6d7697fb69a9: receive RaftClientReply:client-5CCB58D4FF6B->b7140eff-5703-4e09-9ea1-6d7697fb69a9@group-24F9E45514A0, cid=202, SUCCESS, logIndex=6, commits[b7140eff-5703-4e09-9ea1-6d7697fb69a9:c11, d65af000-2156-4231-a394-22380e486286:c7, cb86e675-92ae-4063-a828-dc70313734de:c7]
2019-07-31 00:42:39,006 INFO  client.GrpcClientProtocolClient (GrpcClientProtocolClient.java:onNext(255)) - client-5CCB58D4FF6B->b7140eff-5703-4e09-9ea1-6d7697fb69a9: receive RaftClientReply:client-5CCB58D4FF6B->b7140eff-5703-4e09-9ea1-6d7697fb69a9@group-24F9E45514A0, cid=203, SUCCESS, logIndex=7, commits[b7140eff-5703-4e09-9ea1-6d7697fb69a9:c11, d65af000-2156-4231-a394-22380e486286:c7, cb86e675-92ae-4063-a828-dc70313734de:c7]
2019-07-31 00:42:39,023 INFO  client.GrpcClientProtocolClient (GrpcClientProtocolClient.java:onNext(255)) - client-5CCB58D4FF6B->b7140eff-5703-4e09-9ea1-6d7697fb69a9: receive RaftClientReply:client-5CCB58D4FF6B->b7140eff-5703-4e09-9ea1-6d7697fb69a9@group-24F9E45514A0, cid=204, SUCCESS, logIndex=12, commits[b7140eff-5703-4e09-9ea1-6d7697fb69a9:c13, d65af000-2156-4231-a394-22380e486286:c11, cb86e675-92ae-4063-a828-dc70313734de:c11]
2019-07-31 00:42:39,024 INFO  client.GrpcClientProtocolClient (GrpcClientProtocolClient.java:onNext(255)) - client-5CCB58D4FF6B->b7140eff-5703-4e09-9ea1-6d7697fb69a9: receive RaftClientReply:client-5CCB58D4FF6B->b7140eff-5703-4e09-9ea1-6d7697fb69a9@group-24F9E45514A0, cid=205, SUCCESS, logIndex=13, commits[b7140eff-5703-4e09-9ea1-6d7697fb69a9:c13, d65af000-2156-4231-a394-22380e486286:c11, cb86e675-92ae-4063-a828-dc70313734de:c11]
2019-07-31 00:42:39,041 INFO  client.GrpcClientProtocolClient (GrpcClientProtocolClient.java:onNext(255)) - client-5CCB58D4FF6B->b7140eff-5703-4e09-9ea1-6d7697fb69a9: receive RaftClientReply:client-5CCB58D4FF6B->b7140eff-5703-4e09-9ea1-6d7697fb69a9@group-24F9E45514A0, cid=206, SUCCESS, logIndex=0, commits[b7140eff-5703-4e09-9ea1-6d7697fb69a9:c14, d65af000-2156-4231-a394-22380e486286:c13, cb86e675-92ae-4063-a828-dc70313734de:c13]
2019-07-31 00:42:39,042 INFO  ozone.MiniOzoneClusterImpl (MiniOzoneClusterImpl.java:shutdown(321)) - Shutting down the Mini Ozone Cluster
2019-07-31 00:42:39,042 INFO  ozone.MiniOzoneClusterImpl (MiniOzoneClusterImpl.java:stop(336)) - Stopping the Mini Ozone Cluster
2019-07-31 00:42:39,042 INFO  ozone.MiniOzoneClusterImpl (MiniOzoneClusterImpl.java:stop(338)) - Stopping the OzoneManager
2019-07-31 00:42:39,042 INFO  ipc.Server (Server.java:stop(3082)) - Stopping server on 37305
2019-07-31 00:42:39,054 INFO  ipc.Server (Server.java:run(1185)) - Stopping IPC Server listener on 37305
2019-07-31 00:42:39,057 INFO  ipc.Server (Server.java:run(1319)) - Stopping IPC Server Responder
2019-07-31 00:42:39,056 INFO  utils.BackgroundService (BackgroundService.java:shutdown(148)) - Shutting down service KeyDeletingService
2019-07-31 00:42:39,066 INFO  handler.ContextHandler (ContextHandler.java:doStop(910)) - Stopped o.e.j.w.WebAppContext@786de0a3{/,null,UNAVAILABLE}{/ozoneManager}
2019-07-31 00:42:39,067 INFO  server.AbstractConnector (AbstractConnector.java:doStop(318)) - Stopped ServerConnector@472dc215{HTTP/1.1,[http/1.1]}{0.0.0.0:0}
2019-07-31 00:42:39,067 INFO  handler.ContextHandler (ContextHandler.java:doStop(910)) - Stopped o.e.j.s.ServletContextHandler@6d76aa05{/static,file:///workdir/hadoop-ozone/integration-test/target/test-classes/webapps/static,UNAVAILABLE}
2019-07-31 00:42:39,067 INFO  handler.ContextHandler (ContextHandler.java:doStop(910)) - Stopped o.e.j.s.ServletContextHandler@776b7fa2{/logs,file:///workdir/hadoop-ozone/integration-test/target/log,UNAVAILABLE}
2019-07-31 00:42:39,081 INFO  ozone.MiniOzoneClusterImpl (MiniOzoneClusterImpl.java:stop(344)) - Shutting the HddsDatanodes
2019-07-31 00:42:39,081 INFO  datanode.ObjectStoreHandler (ObjectStoreHandler.java:close(155)) - Closing ObjectStoreHandler.
2019-07-31 00:42:39,081 INFO  datanode.ObjectStoreHandler (ObjectStoreHandler.java:close(155)) - Closing ObjectStoreHandler.
2019-07-31 00:42:39,081 INFO  ozone.HddsDatanodeService (HddsDatanodeService.java:stop(451)) - Stopped plug-in org.apache.hadoop.ozone.web.OzoneHddsDatanodeService@3edb09b9
2019-07-31 00:42:39,081 INFO  ozone.HddsDatanodeService (HddsDatanodeService.java:stop(451)) - Stopped plug-in org.apache.hadoop.ozone.web.OzoneHddsDatanodeService@533165e7
2019-07-31 00:42:39,239 INFO  statemachine.DatanodeStateMachine (DatanodeStateMachine.java:lambda$startDaemon$0(350)) - Ozone container server started.
2019-07-31 00:42:39,832 INFO  statemachine.DatanodeStateMachine (DatanodeStateMachine.java:lambda$startDaemon$0(350)) - Ozone container server started.
2019-07-31 00:42:40,374 WARN  server.GrpcLogAppender (LogUtils.java:warn(134)) - 1498636e-be33-47ac-bb18-f5fe604b271f->68530759-a9b4-429d-a744-d9196cfd04d9: Failed appendEntries: org.apache.ratis.thirdparty.io.grpc.StatusRuntimeException: UNAVAILABLE: io exception
2019-07-31 00:42:40,374 INFO  impl.FollowerInfo (FollowerInfo.java:lambda$new$0(50)) - 1498636e-be33-47ac-bb18-f5fe604b271f->68530759-a9b4-429d-a744-d9196cfd04d9: nextIndex: updateUnconditionally 1 -> 0
2019-07-31 00:42:42,875 WARN  server.GrpcLogAppender (LogUtils.java:warn(134)) - 1498636e-be33-47ac-bb18-f5fe604b271f->68530759-a9b4-429d-a744-d9196cfd04d9: Failed appendEntries: org.apache.ratis.thirdparty.io.grpc.StatusRuntimeException: UNAVAILABLE: io exception
2019-07-31 00:42:42,875 INFO  impl.FollowerInfo (FollowerInfo.java:lambda$new$0(50)) - 1498636e-be33-47ac-bb18-f5fe604b271f->68530759-a9b4-429d-a744-d9196cfd04d9: nextIndex: updateUnconditionally 0 -> 0
2019-07-31 00:42:43,287 INFO  node.StaleNodeHandler (StaleNodeHandler.java:onMessage(58)) - Datanode 1498636e-be33-47ac-bb18-f5fe604b271f{ip: 192.168.69.114, host: byscane-nightly-8jrs9-2386324885, networkLocation: /default-rack, certSerialId: null} moved to stale state. Finalizing its pipelines [PipelineID=b4c368e9-0a7f-4579-a366-a2f98b5d1d34, PipelineID=7dbaeb9f-e245-4f36-95e6-75908c924b4d]
2019-07-31 00:42:43,287 INFO  pipeline.SCMPipelineManager (SCMPipelineManager.java:finalizeAndDestroyPipeline(309)) - destroying pipeline:Pipeline[ Id: b4c368e9-0a7f-4579-a366-a2f98b5d1d34, Nodes: 68530759-a9b4-429d-a744-d9196cfd04d9{ip: 192.168.69.114, host: byscane-nightly-8jrs9-2386324885, networkLocation: /default-rack, certSerialId: null}1498636e-be33-47ac-bb18-f5fe604b271f{ip: 192.168.69.114, host: byscane-nightly-8jrs9-2386324885, networkLocation: /default-rack, certSerialId: null}b21db089-cc86-4e23-83e0-adc12698a3e5{ip: 192.168.69.114, host: byscane-nightly-8jrs9-2386324885, networkLocation: /default-rack, certSerialId: null}, Type:RATIS, Factor:THREE, State:CLOSED]
2019-07-31 00:42:43,288 INFO  pipeline.SCMPipelineManager (SCMPipelineManager.java:finalizeAndDestroyPipeline(309)) - destroying pipeline:Pipeline[ Id: 7dbaeb9f-e245-4f36-95e6-75908c924b4d, Nodes: 1498636e-be33-47ac-bb18-f5fe604b271f{ip: 192.168.69.114, host: byscane-nightly-8jrs9-2386324885, networkLocation: /default-rack, certSerialId: null}, Type:RATIS, Factor:ONE, State:OPEN]
2019-07-31 00:42:43,288 INFO  pipeline.PipelineStateManager (PipelineStateManager.java:finalizePipeline(123)) - Pipeline Pipeline[ Id: 7dbaeb9f-e245-4f36-95e6-75908c924b4d, Nodes: 1498636e-be33-47ac-bb18-f5fe604b271f{ip: 192.168.69.114, host: byscane-nightly-8jrs9-2386324885, networkLocation: /default-rack, certSerialId: null}, Type:RATIS, Factor:ONE, State:CLOSED] moved to CLOSED state
2019-07-31 00:42:43,888 INFO  node.StaleNodeHandler (StaleNodeHandler.java:onMessage(58)) - Datanode b7140eff-5703-4e09-9ea1-6d7697fb69a9{ip: 192.168.69.114, host: byscane-nightly-8jrs9-2386324885, networkLocation: /default-rack, certSerialId: null} moved to stale state. Finalizing its pipelines [PipelineID=fc079b58-2130-491f-bd09-823431fee393, PipelineID=9e7bb542-41ba-4133-98f3-24f9e45514a0]
2019-07-31 00:42:43,888 INFO  pipeline.SCMPipelineManager (SCMPipelineManager.java:finalizeAndDestroyPipeline(309)) - destroying pipeline:Pipeline[ Id: fc079b58-2130-491f-bd09-823431fee393, Nodes: b7140eff-5703-4e09-9ea1-6d7697fb69a9{ip: 192.168.69.114, host: byscane-nightly-8jrs9-2386324885, networkLocation: /default-rack, certSerialId: null}, Type:RATIS, Factor:ONE, State:OPEN]
2019-07-31 00:42:43,889 INFO  pipeline.PipelineStateManager (PipelineStateManager.java:finalizePipeline(123)) - Pipeline Pipeline[ Id: fc079b58-2130-491f-bd09-823431fee393, Nodes: b7140eff-5703-4e09-9ea1-6d7697fb69a9{ip: 192.168.69.114, host: byscane-nightly-8jrs9-2386324885, networkLocation: /default-rack, certSerialId: null}, Type:RATIS, Factor:ONE, State:CLOSED] moved to CLOSED state
2019-07-31 00:42:43,889 INFO  pipeline.SCMPipelineManager (SCMPipelineManager.java:finalizeAndDestroyPipeline(309)) - destroying pipeline:Pipeline[ Id: 9e7bb542-41ba-4133-98f3-24f9e45514a0, Nodes: b7140eff-5703-4e09-9ea1-6d7697fb69a9{ip: 192.168.69.114, host: byscane-nightly-8jrs9-2386324885, networkLocation: /default-rack, certSerialId: null}d65af000-2156-4231-a394-22380e486286{ip: 192.168.69.114, host: byscane-nightly-8jrs9-2386324885, networkLocation: /default-rack, certSerialId: null}cb86e675-92ae-4063-a828-dc70313734de{ip: 192.168.69.114, host: byscane-nightly-8jrs9-2386324885, networkLocation: /default-rack, certSerialId: null}, Type:RATIS, Factor:THREE, State:OPEN]
2019-07-31 00:42:43,889 INFO  pipeline.PipelineStateManager (PipelineStateManager.java:finalizePipeline(123)) - Pipeline Pipeline[ Id: 9e7bb542-41ba-4133-98f3-24f9e45514a0, Nodes: b7140eff-5703-4e09-9ea1-6d7697fb69a9{ip: 192.168.69.114, host: byscane-nightly-8jrs9-2386324885, networkLocation: /default-rack, certSerialId: null}d65af000-2156-4231-a394-22380e486286{ip: 192.168.69.114, host: byscane-nightly-8jrs9-2386324885, networkLocation: /default-rack, certSerialId: null}cb86e675-92ae-4063-a828-dc70313734de{ip: 192.168.69.114, host: byscane-nightly-8jrs9-2386324885, networkLocation: /default-rack, certSerialId: null}, Type:RATIS, Factor:THREE, State:CLOSED] moved to CLOSED state
2019-07-31 00:42:43,889 INFO  container.CloseContainerEventHandler (CloseContainerEventHandler.java:onMessage(61)) - Close container Event triggered for container : #2
2019-07-31 00:42:44,082 INFO  ozoneimpl.OzoneContainer (OzoneContainer.java:stop(199)) - Attempting to stop container services.
2019-07-31 00:42:44,082 INFO  ozoneimpl.OzoneContainer (OzoneContainer.java:stop(199)) - Attempting to stop container services.
2019-07-31 00:42:44,083 INFO  impl.RaftServerProxy (RaftServerProxy.java:lambda$close$4(314)) - b7140eff-5703-4e09-9ea1-6d7697fb69a9: close
2019-07-31 00:42:44,083 INFO  impl.RaftServerProxy (RaftServerProxy.java:lambda$close$4(314)) - 1498636e-be33-47ac-bb18-f5fe604b271f: close
2019-07-31 00:42:44,083 INFO  impl.RaftServerImpl (RaftServerImpl.java:lambda$shutdown$3(245)) - b7140eff-5703-4e09-9ea1-6d7697fb69a9: shutdown group-823431FEE393
2019-07-31 00:42:44,084 INFO  impl.RaftServerImpl (RaftServerImpl.java:lambda$shutdown$3(245)) - 1498636e-be33-47ac-bb18-f5fe604b271f: shutdown group-A2F98B5D1D34
2019-07-31 00:42:44,084 INFO  util.JmxRegister (JmxRegister.java:unregister(73)) - Successfully un-registered JMX Bean with object name Ratis:service=RaftServer,group=group-823431FEE393,id=b7140eff-5703-4e09-9ea1-6d7697fb69a9
2019-07-31 00:42:44,084 INFO  util.JmxRegister (JmxRegister.java:unregister(73)) - Successfully un-registered JMX Bean with object name Ratis:service=RaftServer,group=group-A2F98B5D1D34,id=1498636e-be33-47ac-bb18-f5fe604b271f
2019-07-31 00:42:44,085 INFO  impl.RoleInfo (RoleInfo.java:shutdownLeaderState(104)) - b7140eff-5703-4e09-9ea1-6d7697fb69a9: shutdown LeaderState
2019-07-31 00:42:44,085 INFO  impl.RoleInfo (RoleInfo.java:shutdownLeaderState(104)) - 1498636e-be33-47ac-bb18-f5fe604b271f: shutdown LeaderState
2019-07-31 00:42:44,085 INFO  impl.PendingRequests (PendingRequests.java:sendNotLeaderResponses(202)) - b7140eff-5703-4e09-9ea1-6d7697fb69a9-PendingRequests: sendNotLeaderResponses
2019-07-31 00:42:44,089 WARN  server.GrpcLogAppender (GrpcLogAppender.java:mayWait(143)) - GrpcLogAppender(1498636e-be33-47ac-bb18-f5fe604b271f->b21db089-cc86-4e23-83e0-adc12698a3e5): Wait interrupted by java.lang.InterruptedException
2019-07-31 00:42:44,090 INFO  impl.StateMachineUpdater (StateMachineUpdater.java:stopAndJoin(115)) - StateMachineUpdater:b7140eff-5703-4e09-9ea1-6d7697fb69a9:group-823431FEE393: set stopIndex = 0
2019-07-31 00:42:44,090 INFO  impl.RaftServerImpl (ServerState.java:close(394)) - b7140eff-5703-4e09-9ea1-6d7697fb69a9:group-823431FEE393 closes. The last applied log index is 0
2019-07-31 00:42:44,089 WARN  server.GrpcLogAppender (GrpcLogAppender.java:mayWait(143)) - GrpcLogAppender(1498636e-be33-47ac-bb18-f5fe604b271f->68530759-a9b4-429d-a744-d9196cfd04d9): Wait interrupted by java.lang.InterruptedException
2019-07-31 00:42:44,089 INFO  impl.PendingRequests (PendingRequests.java:sendNotLeaderResponses(202)) - 1498636e-be33-47ac-bb18-f5fe604b271f-PendingRequests: sendNotLeaderResponses
2019-07-31 00:42:44,091 INFO  segmented.SegmentedRaftLogWorker (SegmentedRaftLogWorker.java:run(313)) - b7140eff-5703-4e09-9ea1-6d7697fb69a9-SegmentedRaftLogWorker:Storage Directory /workdir/hadoop-ozone/integration-test/target/test-dir/MiniOzoneClusterImpl-3651a17c-520d-479a-aff9-57061945e126/datanode-4/data/ratis/fc079b58-2130-491f-bd09-823431fee393 was interrupted, exiting. There are 0 tasks remaining in the queue.
2019-07-31 00:42:44,091 INFO  impl.StateMachineUpdater (StateMachineUpdater.java:stopAndJoin(115)) - StateMachineUpdater:1498636e-be33-47ac-bb18-f5fe604b271f:group-A2F98B5D1D34: set stopIndex = 18
2019-07-31 00:42:44,090 INFO  server.GrpcServerProtocolService (GrpcServerProtocolService.java:onCompleted(104)) - b21db089-cc86-4e23-83e0-adc12698a3e5: appendEntries completed
2019-07-31 00:42:44,094 INFO  segmented.SegmentedRaftLogWorker (SegmentedRaftLogWorker.java:close(228)) - b7140eff-5703-4e09-9ea1-6d7697fb69a9-SegmentedRaftLogWorker:Storage Directory /workdir/hadoop-ozone/integration-test/target/test-dir/MiniOzoneClusterImpl-3651a17c-520d-479a-aff9-57061945e126/datanode-4/data/ratis/fc079b58-2130-491f-bd09-823431fee393 close()
2019-07-31 00:42:44,091 INFO  ratis.ContainerStateMachine (ContainerStateMachine.java:takeSnapshot(262)) - group-A2F98B5D1D34: Taking a snapshot at:(t:1, i:14) file /workdir/hadoop-ozone/integration-test/target/test-dir/MiniOzoneClusterImpl-3651a17c-520d-479a-aff9-57061945e126/datanode-1/data/ratis/b4c368e9-0a7f-4579-a366-a2f98b5d1d34/sm/snapshot.1_14
2019-07-31 00:42:44,099 INFO  impl.RaftServerImpl (RaftServerImpl.java:lambda$shutdown$3(245)) - b7140eff-5703-4e09-9ea1-6d7697fb69a9: shutdown group-24F9E45514A0
2019-07-31 00:42:44,094 INFO  server.GrpcLogAppender (GrpcLogAppender.java:onCompleted(292)) - 1498636e-be33-47ac-bb18-f5fe604b271f->b21db089-cc86-4e23-83e0-adc12698a3e5: follower responses appendEntries COMPLETED
2019-07-31 00:42:44,099 INFO  util.JmxRegister (JmxRegister.java:unregister(73)) - Successfully un-registered JMX Bean with object name Ratis:service=RaftServer,group=group-24F9E45514A0,id=b7140eff-5703-4e09-9ea1-6d7697fb69a9
2019-07-31 00:42:44,100 INFO  impl.FollowerInfo (FollowerInfo.java:lambda$new$0(50)) - 1498636e-be33-47ac-bb18-f5fe604b271f->b21db089-cc86-4e23-83e0-adc12698a3e5: nextIndex: updateUnconditionally 19 -> 18
2019-07-31 00:42:44,100 INFO  impl.RoleInfo (RoleInfo.java:shutdownLeaderState(104)) - b7140eff-5703-4e09-9ea1-6d7697fb69a9: shutdown LeaderState
2019-07-31 00:42:44,105 INFO  impl.PendingRequests (PendingRequests.java:sendNotLeaderResponses(202)) - b7140eff-5703-4e09-9ea1-6d7697fb69a9-PendingRequests: sendNotLeaderResponses
2019-07-31 00:42:44,105 WARN  server.GrpcLogAppender (GrpcLogAppender.java:mayWait(143)) - GrpcLogAppender(b7140eff-5703-4e09-9ea1-6d7697fb69a9->d65af000-2156-4231-a394-22380e486286): Wait interrupted by java.lang.InterruptedException
2019-07-31 00:42:44,105 WARN  server.GrpcLogAppender (GrpcLogAppender.java:mayWait(143)) - GrpcLogAppender(b7140eff-5703-4e09-9ea1-6d7697fb69a9->cb86e675-92ae-4063-a828-dc70313734de): Wait interrupted by java.lang.InterruptedException
2019-07-31 00:42:44,110 INFO  server.GrpcServerProtocolService (GrpcServerProtocolService.java:onCompleted(104)) - d65af000-2156-4231-a394-22380e486286: appendEntries completed
2019-07-31 00:42:44,109 INFO  ratis.ContainerStateMachine (ContainerStateMachine.java:takeSnapshot(262)) - group-24F9E45514A0: Taking a snapshot at:(t:3, i:13) file /workdir/hadoop-ozone/integration-test/target/test-dir/MiniOzoneClusterImpl-3651a17c-520d-479a-aff9-57061945e126/datanode-4/data/ratis/9e7bb542-41ba-4133-98f3-24f9e45514a0/sm/snapshot.3_13
2019-07-31 00:42:44,109 INFO  impl.StateMachineUpdater (StateMachineUpdater.java:stopAndJoin(115)) - StateMachineUpdater:b7140eff-5703-4e09-9ea1-6d7697fb69a9:group-24F9E45514A0: set stopIndex = 15
2019-07-31 00:42:44,110 INFO  server.GrpcLogAppender (GrpcLogAppender.java:onCompleted(292)) - b7140eff-5703-4e09-9ea1-6d7697fb69a9->d65af000-2156-4231-a394-22380e486286: follower responses appendEntries COMPLETED
2019-07-31 00:42:44,110 INFO  server.GrpcServerProtocolService (GrpcServerProtocolService.java:onCompleted(104)) - cb86e675-92ae-4063-a828-dc70313734de: appendEntries completed
2019-07-31 00:42:44,111 INFO  impl.FollowerInfo (FollowerInfo.java:lambda$new$0(50)) - b7140eff-5703-4e09-9ea1-6d7697fb69a9->d65af000-2156-4231-a394-22380e486286: nextIndex: updateUnconditionally 16 -> 15
2019-07-31 00:42:44,111 INFO  server.GrpcLogAppender (GrpcLogAppender.java:onCompleted(292)) - b7140eff-5703-4e09-9ea1-6d7697fb69a9->cb86e675-92ae-4063-a828-dc70313734de: follower responses appendEntries COMPLETED
2019-07-31 00:42:44,111 INFO  impl.FollowerInfo (FollowerInfo.java:lambda$new$0(50)) - b7140eff-5703-4e09-9ea1-6d7697fb69a9->cb86e675-92ae-4063-a828-dc70313734de: nextIndex: updateUnconditionally 16 -> 15
2019-07-31 00:42:44,122 INFO  ratis.ContainerStateMachine (ContainerStateMachine.java:takeSnapshot(273)) - group-24F9E45514A0: Finished taking a snapshot at:(t:3, i:13) file:/workdir/hadoop-ozone/integration-test/target/test-dir/MiniOzoneClusterImpl-3651a17c-520d-479a-aff9-57061945e126/datanode-4/data/ratis/9e7bb542-41ba-4133-98f3-24f9e45514a0/sm/snapshot.3_13 time:13
2019-07-31 00:42:44,122 INFO  ratis.ContainerStateMachine (ContainerStateMachine.java:takeSnapshot(273)) - group-A2F98B5D1D34: Finished taking a snapshot at:(t:1, i:14) file:/workdir/hadoop-ozone/integration-test/target/test-dir/MiniOzoneClusterImpl-3651a17c-520d-479a-aff9-57061945e126/datanode-1/data/ratis/b4c368e9-0a7f-4579-a366-a2f98b5d1d34/sm/snapshot.1_14 time:31
2019-07-31 00:42:44,123 INFO  impl.StateMachineUpdater (StateMachineUpdater.java:takeSnapshot(242)) - StateMachineUpdater:b7140eff-5703-4e09-9ea1-6d7697fb69a9:group-24F9E45514A0: Took a snapshot at index 13
2019-07-31 00:42:44,123 INFO  impl.StateMachineUpdater (StateMachineUpdater.java:takeSnapshot(242)) - StateMachineUpdater:1498636e-be33-47ac-bb18-f5fe604b271f:group-A2F98B5D1D34: Took a snapshot at index 14
2019-07-31 00:42:44,123 INFO  impl.StateMachineUpdater (StateMachineUpdater.java:lambda$new$0(80)) - StateMachineUpdater:b7140eff-5703-4e09-9ea1-6d7697fb69a9:group-24F9E45514A0: snapshotIndex: updateIncreasingly -1 -> 13
2019-07-31 00:42:44,123 INFO  impl.StateMachineUpdater (StateMachineUpdater.java:lambda$new$0(80)) - StateMachineUpdater:1498636e-be33-47ac-bb18-f5fe604b271f:group-A2F98B5D1D34: snapshotIndex: updateIncreasingly -1 -> 14
2019-07-31 00:42:44,123 INFO  impl.RaftServerImpl (ServerState.java:close(394)) - b7140eff-5703-4e09-9ea1-6d7697fb69a9:group-24F9E45514A0 closes. The last applied log index is 15
2019-07-31 00:42:44,123 INFO  impl.RaftServerImpl (ServerState.java:close(394)) - 1498636e-be33-47ac-bb18-f5fe604b271f:group-A2F98B5D1D34 closes. The last applied log index is 18
2019-07-31 00:42:44,124 INFO  segmented.SegmentedRaftLogWorker (SegmentedRaftLogWorker.java:run(313)) - b7140eff-5703-4e09-9ea1-6d7697fb69a9-SegmentedRaftLogWorker:Storage Directory /workdir/hadoop-ozone/integration-test/target/test-dir/MiniOzoneClusterImpl-3651a17c-520d-479a-aff9-57061945e126/datanode-4/data/ratis/9e7bb542-41ba-4133-98f3-24f9e45514a0 was interrupted, exiting. There are 0 tasks remaining in the queue.
2019-07-31 00:42:44,124 INFO  segmented.SegmentedRaftLogWorker (SegmentedRaftLogWorker.java:run(313)) - 1498636e-be33-47ac-bb18-f5fe604b271f-SegmentedRaftLogWorker:Storage Directory /workdir/hadoop-ozone/integration-test/target/test-dir/MiniOzoneClusterImpl-3651a17c-520d-479a-aff9-57061945e126/datanode-1/data/ratis/b4c368e9-0a7f-4579-a366-a2f98b5d1d34 was interrupted, exiting. There are 0 tasks remaining in the queue.
2019-07-31 00:42:44,126 INFO  segmented.SegmentedRaftLogWorker (SegmentedRaftLogWorker.java:close(228)) - b7140eff-5703-4e09-9ea1-6d7697fb69a9-SegmentedRaftLogWorker:Storage Directory /workdir/hadoop-ozone/integration-test/target/test-dir/MiniOzoneClusterImpl-3651a17c-520d-479a-aff9-57061945e126/datanode-4/data/ratis/9e7bb542-41ba-4133-98f3-24f9e45514a0 close()
2019-07-31 00:42:44,128 INFO  segmented.SegmentedRaftLogWorker (SegmentedRaftLogWorker.java:close(228)) - 1498636e-be33-47ac-bb18-f5fe604b271f-SegmentedRaftLogWorker:Storage Directory /workdir/hadoop-ozone/integration-test/target/test-dir/MiniOzoneClusterImpl-3651a17c-520d-479a-aff9-57061945e126/datanode-1/data/ratis/b4c368e9-0a7f-4579-a366-a2f98b5d1d34 close()
2019-07-31 00:42:44,132 INFO  server.GrpcService (GrpcService.java:closeImpl(155)) - b7140eff-5703-4e09-9ea1-6d7697fb69a9: shutdown server with port 37829 now
2019-07-31 00:42:44,135 INFO  impl.RaftServerImpl (RaftServerImpl.java:lambda$shutdown$3(245)) - 1498636e-be33-47ac-bb18-f5fe604b271f: shutdown group-75908C924B4D
2019-07-31 00:42:44,136 INFO  util.JmxRegister (JmxRegister.java:unregister(73)) - Successfully un-registered JMX Bean with object name Ratis:service=RaftServer,group=group-75908C924B4D,id=1498636e-be33-47ac-bb18-f5fe604b271f
2019-07-31 00:42:44,136 WARN  client.GrpcClientProtocolService (LogUtils.java:warn(134)) - 1-UnorderedRequestStreamObserver1: onError: org.apache.ratis.thirdparty.io.grpc.StatusRuntimeException: CANCELLED: cancelled before receiving half close
2019-07-31 00:42:44,136 INFO  impl.RoleInfo (RoleInfo.java:shutdownLeaderState(104)) - 1498636e-be33-47ac-bb18-f5fe604b271f: shutdown LeaderState
2019-07-31 00:42:44,136 INFO  server.GrpcService (GrpcService.java:closeImpl(163)) - b7140eff-5703-4e09-9ea1-6d7697fb69a9: shutdown server with port 37829 successfully
2019-07-31 00:42:44,137 INFO  impl.PendingRequests (PendingRequests.java:sendNotLeaderResponses(202)) - 1498636e-be33-47ac-bb18-f5fe604b271f-PendingRequests: sendNotLeaderResponses
2019-07-31 00:42:44,137 INFO  impl.StateMachineUpdater (StateMachineUpdater.java:stopAndJoin(115)) - StateMachineUpdater:1498636e-be33-47ac-bb18-f5fe604b271f:group-75908C924B4D: set stopIndex = 0
2019-07-31 00:42:44,138 INFO  impl.RaftServerImpl (ServerState.java:close(394)) - 1498636e-be33-47ac-bb18-f5fe604b271f:group-75908C924B4D closes. The last applied log index is 0
2019-07-31 00:42:44,138 INFO  utils.BackgroundService (BackgroundService.java:shutdown(148)) - Shutting down service BlockDeletingService
2019-07-31 00:42:44,138 INFO  segmented.SegmentedRaftLogWorker (SegmentedRaftLogWorker.java:run(313)) - 1498636e-be33-47ac-bb18-f5fe604b271f-SegmentedRaftLogWorker:Storage Directory /workdir/hadoop-ozone/integration-test/target/test-dir/MiniOzoneClusterImpl-3651a17c-520d-479a-aff9-57061945e126/datanode-1/data/ratis/7dbaeb9f-e245-4f36-95e6-75908c924b4d was interrupted, exiting. There are 0 tasks remaining in the queue.
2019-07-31 00:42:44,141 INFO  segmented.SegmentedRaftLogWorker (SegmentedRaftLogWorker.java:close(228)) - 1498636e-be33-47ac-bb18-f5fe604b271f-SegmentedRaftLogWorker:Storage Directory /workdir/hadoop-ozone/integration-test/target/test-dir/MiniOzoneClusterImpl-3651a17c-520d-479a-aff9-57061945e126/datanode-1/data/ratis/7dbaeb9f-e245-4f36-95e6-75908c924b4d close()
2019-07-31 00:42:44,145 INFO  server.GrpcService (GrpcService.java:closeImpl(155)) - 1498636e-be33-47ac-bb18-f5fe604b271f: shutdown server with port 41388 now
2019-07-31 00:42:44,146 INFO  server.GrpcService (GrpcService.java:closeImpl(163)) - 1498636e-be33-47ac-bb18-f5fe604b271f: shutdown server with port 41388 successfully
2019-07-31 00:42:44,146 WARN  fs.CachingGetSpaceUsed (CachingGetSpaceUsed.java:run(183)) - Thread Interrupted waiting to refresh disk information: sleep interrupted
2019-07-31 00:42:44,149 INFO  utils.BackgroundService (BackgroundService.java:shutdown(148)) - Shutting down service BlockDeletingService
2019-07-31 00:42:44,150 WARN  fs.CachingGetSpaceUsed (CachingGetSpaceUsed.java:run(183)) - Thread Interrupted waiting to refresh disk information: sleep interrupted
2019-07-31 00:42:44,167 INFO  statemachine.DatanodeStateMachine (DatanodeStateMachine.java:stopDaemon(395)) - Ozone container server stopped.
2019-07-31 00:42:44,175 INFO  statemachine.DatanodeStateMachine (DatanodeStateMachine.java:stopDaemon(395)) - Ozone container server stopped.
2019-07-31 00:42:44,184 INFO  handler.ContextHandler (ContextHandler.java:doStop(910)) - Stopped o.e.j.w.WebAppContext@6101fd7d{/,null,UNAVAILABLE}{/hddsDatanode}
2019-07-31 00:42:44,184 INFO  handler.ContextHandler (ContextHandler.java:doStop(910)) - Stopped o.e.j.w.WebAppContext@1e11d73c{/,null,UNAVAILABLE}{/hddsDatanode}
2019-07-31 00:42:44,184 INFO  server.AbstractConnector (AbstractConnector.java:doStop(318)) - Stopped ServerConnector@b22bebc{HTTP/1.1,[http/1.1]}{0.0.0.0:0}
2019-07-31 00:42:44,191 INFO  handler.ContextHandler (ContextHandler.java:doStop(910)) - Stopped o.e.j.s.ServletContextHandler@7b6e196e{/static,jar:file:/home/user/.m2/repository/org/apache/hadoop/hadoop-hdds-container-service/0.4.1-SNAPSHOT/hadoop-hdds-container-service-0.4.1-SNAPSHOT.jar!/webapps/static,UNAVAILABLE}
2019-07-31 00:42:44,191 INFO  server.AbstractConnector (AbstractConnector.java:doStop(318)) - Stopped ServerConnector@62a09668{HTTP/1.1,[http/1.1]}{0.0.0.0:0}
2019-07-31 00:42:44,191 INFO  handler.ContextHandler (ContextHandler.java:doStop(910)) - Stopped o.e.j.s.ServletContextHandler@5f4f198c{/logs,file:///workdir/hadoop-ozone/integration-test/target/log,UNAVAILABLE}
2019-07-31 00:42:44,192 INFO  handler.ContextHandler (ContextHandler.java:doStop(910)) - Stopped o.e.j.s.ServletContextHandler@1ed763aa{/static,jar:file:/home/user/.m2/repository/org/apache/hadoop/hadoop-hdds-container-service/0.4.1-SNAPSHOT/hadoop-hdds-container-service-0.4.1-SNAPSHOT.jar!/webapps/static,UNAVAILABLE}
2019-07-31 00:42:44,192 INFO  handler.ContextHandler (ContextHandler.java:doStop(910)) - Stopped o.e.j.s.ServletContextHandler@f1e8753{/logs,file:///workdir/hadoop-ozone/integration-test/target/log,UNAVAILABLE}
2019-07-31 00:42:44,192 INFO  datanode.ObjectStoreHandler (ObjectStoreHandler.java:close(155)) - Closing ObjectStoreHandler.
2019-07-31 00:42:44,193 INFO  ozone.HddsDatanodeService (HddsDatanodeService.java:stop(451)) - Stopped plug-in org.apache.hadoop.ozone.web.OzoneHddsDatanodeService@6f5df147
2019-07-31 00:42:44,193 INFO  datanode.ObjectStoreHandler (ObjectStoreHandler.java:close(155)) - Closing ObjectStoreHandler.
2019-07-31 00:42:44,193 INFO  ozone.HddsDatanodeService (HddsDatanodeService.java:stop(451)) - Stopped plug-in org.apache.hadoop.ozone.web.OzoneHddsDatanodeService@2a5917f6
2019-07-31 00:42:44,219 INFO  statemachine.DatanodeStateMachine (DatanodeStateMachine.java:lambda$startDaemon$0(350)) - Ozone container server started.
2019-07-31 00:42:44,833 INFO  statemachine.DatanodeStateMachine (DatanodeStateMachine.java:lambda$startDaemon$0(350)) - Ozone container server started.
2019-07-31 00:42:48,014 INFO  impl.FollowerState (FollowerState.java:run(106)) - b21db089-cc86-4e23-83e0-adc12698a3e5:group-A2F98B5D1D34 changes to CANDIDATE, lastRpcTime:5141, electionTimeout:5042ms
2019-07-31 00:42:48,014 INFO  impl.RoleInfo (RoleInfo.java:shutdownFollowerState(121)) - b21db089-cc86-4e23-83e0-adc12698a3e5: shutdown FollowerState
2019-07-31 00:42:48,015 INFO  impl.RaftServerImpl (RaftServerImpl.java:setRole(171)) - b21db089-cc86-4e23-83e0-adc12698a3e5:group-A2F98B5D1D34 changes role from FOLLOWER to CANDIDATE at term 3 for changeToCandidate
2019-07-31 00:42:48,015 INFO  impl.RoleInfo (RoleInfo.java:updateAndGet(143)) - b21db089-cc86-4e23-83e0-adc12698a3e5: start LeaderElection
2019-07-31 00:42:48,018 INFO  impl.RaftServerImpl (ServerState.java:setLeader(263)) - b21db089-cc86-4e23-83e0-adc12698a3e5:group-A2F98B5D1D34 change Leader from 1498636e-be33-47ac-bb18-f5fe604b271f to null at term 3 for initElection
2019-07-31 00:42:48,047 INFO  impl.LeaderElection (LeaderElection.java:askForVotes(181)) - b21db089-cc86-4e23-83e0-adc12698a3e5:group-A2F98B5D1D34:LeaderElection82: begin an election at term 4 for 17: [b21db089-cc86-4e23-83e0-adc12698a3e5:192.168.69.114:43309, 68530759-a9b4-429d-a744-d9196cfd04d9:192.168.69.114:44195, 1498636e-be33-47ac-bb18-f5fe604b271f:192.168.69.114:41388], old=null
2019-07-31 00:42:48,048 INFO  impl.LeaderElection (LogUtils.java:infoOrTrace(149)) - b21db089-cc86-4e23-83e0-adc12698a3e5:group-A2F98B5D1D34:LeaderElection82 got exception when requesting votes: {}
java.util.concurrent.ExecutionException: org.apache.ratis.thirdparty.io.grpc.StatusRuntimeException: UNAVAILABLE: io exception
	at java.util.concurrent.FutureTask.report(FutureTask.java:122)
	at java.util.concurrent.FutureTask.get(FutureTask.java:192)
	at org.apache.ratis.server.impl.LeaderElection.waitForResults(LeaderElection.java:262)
	at org.apache.ratis.server.impl.LeaderElection.askForVotes(LeaderElection.java:200)
	at org.apache.ratis.server.impl.LeaderElection.run(LeaderElection.java:130)
	at java.lang.Thread.run(Thread.java:748)
Caused by: org.apache.ratis.thirdparty.io.grpc.StatusRuntimeException: UNAVAILABLE: io exception
	at org.apache.ratis.thirdparty.io.grpc.stub.ClientCalls.toStatusRuntimeException(ClientCalls.java:233)
	at org.apache.ratis.thirdparty.io.grpc.stub.ClientCalls.getUnchecked(ClientCalls.java:214)
	at org.apache.ratis.thirdparty.io.grpc.stub.ClientCalls.blockingUnaryCall(ClientCalls.java:139)
	at org.apache.ratis.proto.grpc.RaftServerProtocolServiceGrpc$RaftServerProtocolServiceBlockingStub.requestVote(RaftServerProtocolServiceGrpc.java:265)
	at org.apache.ratis.grpc.server.GrpcServerProtocolClient.requestVote(GrpcServerProtocolClient.java:83)
	at org.apache.ratis.grpc.server.GrpcService.requestVote(GrpcService.java:195)
	at org.apache.ratis.server.impl.LeaderElection.lambda$submitRequests$1(LeaderElection.java:237)
	at java.util.concurrent.FutureTask.run(FutureTask.java:266)
	at java.util.concurrent.Executors$RunnableAdapter.call(Executors.java:511)
	at java.util.concurrent.FutureTask.run(FutureTask.java:266)
	at java.util.concurrent.ThreadPoolExecutor.runWorker(ThreadPoolExecutor.java:1149)
	at java.util.concurrent.ThreadPoolExecutor$Worker.run(ThreadPoolExecutor.java:624)
	... 1 more
Caused by: org.apache.ratis.thirdparty.io.netty.channel.AbstractChannel$AnnotatedConnectException: Connection refused: /192.168.69.114:44195
	at sun.nio.ch.SocketChannelImpl.checkConnect(Native Method)
	at sun.nio.ch.SocketChannelImpl.finishConnect(SocketChannelImpl.java:717)
	at org.apache.ratis.thirdparty.io.netty.channel.socket.nio.NioSocketChannel.doFinishConnect(NioSocketChannel.java:327)
	at org.apache.ratis.thirdparty.io.netty.channel.nio.AbstractNioChannel$AbstractNioUnsafe.finishConnect(AbstractNioChannel.java:340)
	at org.apache.ratis.thirdparty.io.netty.channel.nio.NioEventLoop.processSelectedKey(NioEventLoop.java:632)
	at org.apache.ratis.thirdparty.io.netty.channel.nio.NioEventLoop.processSelectedKeysOptimized(NioEventLoop.java:579)
	at org.apache.ratis.thirdparty.io.netty.channel.nio.NioEventLoop.processSelectedKeys(NioEventLoop.java:496)
	at org.apache.ratis.thirdparty.io.netty.channel.nio.NioEventLoop.run(NioEventLoop.java:458)
	at org.apache.ratis.thirdparty.io.netty.util.concurrent.SingleThreadEventExecutor$5.run(SingleThreadEventExecutor.java:897)
	at org.apache.ratis.thirdparty.io.netty.util.concurrent.FastThreadLocalRunnable.run(FastThreadLocalRunnable.java:30)
	... 1 more
Caused by: java.net.ConnectException: Connection refused
	... 11 more
2019-07-31 00:42:48,051 INFO  impl.LeaderElection (LogUtils.java:infoOrTrace(149)) - b21db089-cc86-4e23-83e0-adc12698a3e5:group-A2F98B5D1D34:LeaderElection82 got exception when requesting votes: {}
java.util.concurrent.ExecutionException: org.apache.ratis.thirdparty.io.grpc.StatusRuntimeException: UNAVAILABLE: io exception
	at java.util.concurrent.FutureTask.report(FutureTask.java:122)
	at java.util.concurrent.FutureTask.get(FutureTask.java:192)
	at org.apache.ratis.server.impl.LeaderElection.waitForResults(LeaderElection.java:262)
	at org.apache.ratis.server.impl.LeaderElection.askForVotes(LeaderElection.java:200)
	at org.apache.ratis.server.impl.LeaderElection.run(LeaderElection.java:130)
	at java.lang.Thread.run(Thread.java:748)
Caused by: org.apache.ratis.thirdparty.io.grpc.StatusRuntimeException: UNAVAILABLE: io exception
	at org.apache.ratis.thirdparty.io.grpc.stub.ClientCalls.toStatusRuntimeException(ClientCalls.java:233)
	at org.apache.ratis.thirdparty.io.grpc.stub.ClientCalls.getUnchecked(ClientCalls.java:214)
	at org.apache.ratis.thirdparty.io.grpc.stub.ClientCalls.blockingUnaryCall(ClientCalls.java:139)
	at org.apache.ratis.proto.grpc.RaftServerProtocolServiceGrpc$RaftServerProtocolServiceBlockingStub.requestVote(RaftServerProtocolServiceGrpc.java:265)
	at org.apache.ratis.grpc.server.GrpcServerProtocolClient.requestVote(GrpcServerProtocolClient.java:83)
	at org.apache.ratis.grpc.server.GrpcService.requestVote(GrpcService.java:195)
	at org.apache.ratis.server.impl.LeaderElection.lambda$submitRequests$1(LeaderElection.java:237)
	at java.util.concurrent.FutureTask.run(FutureTask.java:266)
	at java.util.concurrent.Executors$RunnableAdapter.call(Executors.java:511)
	at java.util.concurrent.FutureTask.run(FutureTask.java:266)
	at java.util.concurrent.ThreadPoolExecutor.runWorker(ThreadPoolExecutor.java:1149)
	at java.util.concurrent.ThreadPoolExecutor$Worker.run(ThreadPoolExecutor.java:624)
	... 1 more
Caused by: org.apache.ratis.thirdparty.io.netty.channel.AbstractChannel$AnnotatedConnectException: Connection refused: /192.168.69.114:41388
	at sun.nio.ch.SocketChannelImpl.checkConnect(Native Method)
	at sun.nio.ch.SocketChannelImpl.finishConnect(SocketChannelImpl.java:717)
	at org.apache.ratis.thirdparty.io.netty.channel.socket.nio.NioSocketChannel.doFinishConnect(NioSocketChannel.java:327)
	at org.apache.ratis.thirdparty.io.netty.channel.nio.AbstractNioChannel$AbstractNioUnsafe.finishConnect(AbstractNioChannel.java:340)
	at org.apache.ratis.thirdparty.io.netty.channel.nio.NioEventLoop.processSelectedKey(NioEventLoop.java:632)
	at org.apache.ratis.thirdparty.io.netty.channel.nio.NioEventLoop.processSelectedKeysOptimized(NioEventLoop.java:579)
	at org.apache.ratis.thirdparty.io.netty.channel.nio.NioEventLoop.processSelectedKeys(NioEventLoop.java:496)
	at org.apache.ratis.thirdparty.io.netty.channel.nio.NioEventLoop.run(NioEventLoop.java:458)
	at org.apache.ratis.thirdparty.io.netty.util.concurrent.SingleThreadEventExecutor$5.run(SingleThreadEventExecutor.java:897)
	at org.apache.ratis.thirdparty.io.netty.util.concurrent.FastThreadLocalRunnable.run(FastThreadLocalRunnable.java:30)
	... 1 more
Caused by: java.net.ConnectException: Connection refused
	... 11 more
2019-07-31 00:42:48,055 INFO  impl.LeaderElection (LeaderElection.java:logAndReturn(56)) - b21db089-cc86-4e23-83e0-adc12698a3e5:group-A2F98B5D1D34:LeaderElection82: Election REJECTED; received 0 response(s) [] and 2 exception(s); b21db089-cc86-4e23-83e0-adc12698a3e5:t4, leader=null, voted=b21db089-cc86-4e23-83e0-adc12698a3e5, raftlog=b21db089-cc86-4e23-83e0-adc12698a3e5-SegmentedRaftLog:OPENED:c18,f18,i18, conf=17: [b21db089-cc86-4e23-83e0-adc12698a3e5:192.168.69.114:43309, 68530759-a9b4-429d-a744-d9196cfd04d9:192.168.69.114:44195, 1498636e-be33-47ac-bb18-f5fe604b271f:192.168.69.114:41388], old=null
2019-07-31 00:42:48,055 INFO  impl.LeaderElection (LogUtils.java:infoOrTrace(149)) -   Exception 0: {}
java.util.concurrent.ExecutionException: org.apache.ratis.thirdparty.io.grpc.StatusRuntimeException: UNAVAILABLE: io exception
	at java.util.concurrent.FutureTask.report(FutureTask.java:122)
	at java.util.concurrent.FutureTask.get(FutureTask.java:192)
	at org.apache.ratis.server.impl.LeaderElection.waitForResults(LeaderElection.java:262)
	at org.apache.ratis.server.impl.LeaderElection.askForVotes(LeaderElection.java:200)
	at org.apache.ratis.server.impl.LeaderElection.run(LeaderElection.java:130)
	at java.lang.Thread.run(Thread.java:748)
Caused by: org.apache.ratis.thirdparty.io.grpc.StatusRuntimeException: UNAVAILABLE: io exception
	at org.apache.ratis.thirdparty.io.grpc.stub.ClientCalls.toStatusRuntimeException(ClientCalls.java:233)
	at org.apache.ratis.thirdparty.io.grpc.stub.ClientCalls.getUnchecked(ClientCalls.java:214)
	at org.apache.ratis.thirdparty.io.grpc.stub.ClientCalls.blockingUnaryCall(ClientCalls.java:139)
	at org.apache.ratis.proto.grpc.RaftServerProtocolServiceGrpc$RaftServerProtocolServiceBlockingStub.requestVote(RaftServerProtocolServiceGrpc.java:265)
	at org.apache.ratis.grpc.server.GrpcServerProtocolClient.requestVote(GrpcServerProtocolClient.java:83)
	at org.apache.ratis.grpc.server.GrpcService.requestVote(GrpcService.java:195)
	at org.apache.ratis.server.impl.LeaderElection.lambda$submitRequests$1(LeaderElection.java:237)
	at java.util.concurrent.FutureTask.run(FutureTask.java:266)
	at java.util.concurrent.Executors$RunnableAdapter.call(Executors.java:511)
	at java.util.concurrent.FutureTask.run(FutureTask.java:266)
	at java.util.concurrent.ThreadPoolExecutor.runWorker(ThreadPoolExecutor.java:1149)
	at java.util.concurrent.ThreadPoolExecutor$Worker.run(ThreadPoolExecutor.java:624)
	... 1 more
Caused by: org.apache.ratis.thirdparty.io.netty.channel.AbstractChannel$AnnotatedConnectException: Connection refused: /192.168.69.114:44195
	at sun.nio.ch.SocketChannelImpl.checkConnect(Native Method)
	at sun.nio.ch.SocketChannelImpl.finishConnect(SocketChannelImpl.java:717)
	at org.apache.ratis.thirdparty.io.netty.channel.socket.nio.NioSocketChannel.doFinishConnect(NioSocketChannel.java:327)
	at org.apache.ratis.thirdparty.io.netty.channel.nio.AbstractNioChannel$AbstractNioUnsafe.finishConnect(AbstractNioChannel.java:340)
	at org.apache.ratis.thirdparty.io.netty.channel.nio.NioEventLoop.processSelectedKey(NioEventLoop.java:632)
	at org.apache.ratis.thirdparty.io.netty.channel.nio.NioEventLoop.processSelectedKeysOptimized(NioEventLoop.java:579)
	at org.apache.ratis.thirdparty.io.netty.channel.nio.NioEventLoop.processSelectedKeys(NioEventLoop.java:496)
	at org.apache.ratis.thirdparty.io.netty.channel.nio.NioEventLoop.run(NioEventLoop.java:458)
	at org.apache.ratis.thirdparty.io.netty.util.concurrent.SingleThreadEventExecutor$5.run(SingleThreadEventExecutor.java:897)
	at org.apache.ratis.thirdparty.io.netty.util.concurrent.FastThreadLocalRunnable.run(FastThreadLocalRunnable.java:30)
	... 1 more
Caused by: java.net.ConnectException: Connection refused
	... 11 more
2019-07-31 00:42:48,055 INFO  impl.LeaderElection (LogUtils.java:infoOrTrace(149)) -   Exception 1: {}
java.util.concurrent.ExecutionException: org.apache.ratis.thirdparty.io.grpc.StatusRuntimeException: UNAVAILABLE: io exception
	at java.util.concurrent.FutureTask.report(FutureTask.java:122)
	at java.util.concurrent.FutureTask.get(FutureTask.java:192)
	at org.apache.ratis.server.impl.LeaderElection.waitForResults(LeaderElection.java:262)
	at org.apache.ratis.server.impl.LeaderElection.askForVotes(LeaderElection.java:200)
	at org.apache.ratis.server.impl.LeaderElection.run(LeaderElection.java:130)
	at java.lang.Thread.run(Thread.java:748)
Caused by: org.apache.ratis.thirdparty.io.grpc.StatusRuntimeException: UNAVAILABLE: io exception
	at org.apache.ratis.thirdparty.io.grpc.stub.ClientCalls.toStatusRuntimeException(ClientCalls.java:233)
	at org.apache.ratis.thirdparty.io.grpc.stub.ClientCalls.getUnchecked(ClientCalls.java:214)
	at org.apache.ratis.thirdparty.io.grpc.stub.ClientCalls.blockingUnaryCall(ClientCalls.java:139)
	at org.apache.ratis.proto.grpc.RaftServerProtocolServiceGrpc$RaftServerProtocolServiceBlockingStub.requestVote(RaftServerProtocolServiceGrpc.java:265)
	at org.apache.ratis.grpc.server.GrpcServerProtocolClient.requestVote(GrpcServerProtocolClient.java:83)
	at org.apache.ratis.grpc.server.GrpcService.requestVote(GrpcService.java:195)
	at org.apache.ratis.server.impl.LeaderElection.lambda$submitRequests$1(LeaderElection.java:237)
	at java.util.concurrent.FutureTask.run(FutureTask.java:266)
	at java.util.concurrent.Executors$RunnableAdapter.call(Executors.java:511)
	at java.util.concurrent.FutureTask.run(FutureTask.java:266)
	at java.util.concurrent.ThreadPoolExecutor.runWorker(ThreadPoolExecutor.java:1149)
	at java.util.concurrent.ThreadPoolExecutor$Worker.run(ThreadPoolExecutor.java:624)
	... 1 more
Caused by: org.apache.ratis.thirdparty.io.netty.channel.AbstractChannel$AnnotatedConnectException: Connection refused: /192.168.69.114:41388
	at sun.nio.ch.SocketChannelImpl.checkConnect(Native Method)
	at sun.nio.ch.SocketChannelImpl.finishConnect(SocketChannelImpl.java:717)
	at org.apache.ratis.thirdparty.io.netty.channel.socket.nio.NioSocketChannel.doFinishConnect(NioSocketChannel.java:327)
	at org.apache.ratis.thirdparty.io.netty.channel.nio.AbstractNioChannel$AbstractNioUnsafe.finishConnect(AbstractNioChannel.java:340)
	at org.apache.ratis.thirdparty.io.netty.channel.nio.NioEventLoop.processSelectedKey(NioEventLoop.java:632)
	at org.apache.ratis.thirdparty.io.netty.channel.nio.NioEventLoop.processSelectedKeysOptimized(NioEventLoop.java:579)
	at org.apache.ratis.thirdparty.io.netty.channel.nio.NioEventLoop.processSelectedKeys(NioEventLoop.java:496)
	at org.apache.ratis.thirdparty.io.netty.channel.nio.NioEventLoop.run(NioEventLoop.java:458)
	at org.apache.ratis.thirdparty.io.netty.util.concurrent.SingleThreadEventExecutor$5.run(SingleThreadEventExecutor.java:897)
	at org.apache.ratis.thirdparty.io.netty.util.concurrent.FastThreadLocalRunnable.run(FastThreadLocalRunnable.java:30)
	... 1 more
Caused by: java.net.ConnectException: Connection refused
	... 11 more
2019-07-31 00:42:48,055 INFO  impl.RaftServerImpl (RaftServerImpl.java:setRole(171)) - b21db089-cc86-4e23-83e0-adc12698a3e5:group-A2F98B5D1D34 changes role from CANDIDATE to FOLLOWER at term 4 for DISCOVERED_A_NEW_TERM
2019-07-31 00:42:48,055 INFO  impl.RoleInfo (RoleInfo.java:shutdownLeaderElection(134)) - b21db089-cc86-4e23-83e0-adc12698a3e5: shutdown LeaderElection
2019-07-31 00:42:48,056 INFO  impl.RoleInfo (RoleInfo.java:updateAndGet(143)) - b21db089-cc86-4e23-83e0-adc12698a3e5: start FollowerState
2019-07-31 00:42:48,297 INFO  node.StaleNodeHandler (StaleNodeHandler.java:onMessage(58)) - Datanode b21db089-cc86-4e23-83e0-adc12698a3e5{ip: 192.168.69.114, host: byscane-nightly-8jrs9-2386324885, networkLocation: /default-rack, certSerialId: null} moved to stale state. Finalizing its pipelines [PipelineID=59920647-a534-4050-aa87-66d197728fcc, PipelineID=b4c368e9-0a7f-4579-a366-a2f98b5d1d34]
2019-07-31 00:42:48,297 INFO  pipeline.SCMPipelineManager (SCMPipelineManager.java:finalizeAndDestroyPipeline(309)) - destroying pipeline:Pipeline[ Id: 59920647-a534-4050-aa87-66d197728fcc, Nodes: b21db089-cc86-4e23-83e0-adc12698a3e5{ip: 192.168.69.114, host: byscane-nightly-8jrs9-2386324885, networkLocation: /default-rack, certSerialId: null}, Type:RATIS, Factor:ONE, State:OPEN]
2019-07-31 00:42:48,297 INFO  pipeline.PipelineStateManager (PipelineStateManager.java:finalizePipeline(123)) - Pipeline Pipeline[ Id: 59920647-a534-4050-aa87-66d197728fcc, Nodes: b21db089-cc86-4e23-83e0-adc12698a3e5{ip: 192.168.69.114, host: byscane-nightly-8jrs9-2386324885, networkLocation: /default-rack, certSerialId: null}, Type:RATIS, Factor:ONE, State:CLOSED] moved to CLOSED state
2019-07-31 00:42:48,297 INFO  pipeline.SCMPipelineManager (SCMPipelineManager.java:finalizeAndDestroyPipeline(309)) - destroying pipeline:Pipeline[ Id: b4c368e9-0a7f-4579-a366-a2f98b5d1d34, Nodes: 68530759-a9b4-429d-a744-d9196cfd04d9{ip: 192.168.69.114, host: byscane-nightly-8jrs9-2386324885, networkLocation: /default-rack, certSerialId: null}1498636e-be33-47ac-bb18-f5fe604b271f{ip: 192.168.69.114, host: byscane-nightly-8jrs9-2386324885, networkLocation: /default-rack, certSerialId: null}b21db089-cc86-4e23-83e0-adc12698a3e5{ip: 192.168.69.114, host: byscane-nightly-8jrs9-2386324885, networkLocation: /default-rack, certSerialId: null}, Type:RATIS, Factor:THREE, State:CLOSED]
2019-07-31 00:42:48,897 INFO  node.StaleNodeHandler (StaleNodeHandler.java:onMessage(58)) - Datanode d65af000-2156-4231-a394-22380e486286{ip: 192.168.69.114, host: byscane-nightly-8jrs9-2386324885, networkLocation: /default-rack, certSerialId: null} moved to stale state. Finalizing its pipelines [PipelineID=5e6b767f-45ab-4609-9cdf-f6301adbd7b9, PipelineID=9e7bb542-41ba-4133-98f3-24f9e45514a0]
2019-07-31 00:42:48,898 INFO  pipeline.SCMPipelineManager (SCMPipelineManager.java:finalizeAndDestroyPipeline(309)) - destroying pipeline:Pipeline[ Id: 5e6b767f-45ab-4609-9cdf-f6301adbd7b9, Nodes: d65af000-2156-4231-a394-22380e486286{ip: 192.168.69.114, host: byscane-nightly-8jrs9-2386324885, networkLocation: /default-rack, certSerialId: null}, Type:RATIS, Factor:ONE, State:OPEN]
2019-07-31 00:42:48,898 INFO  pipeline.PipelineStateManager (PipelineStateManager.java:finalizePipeline(123)) - Pipeline Pipeline[ Id: 5e6b767f-45ab-4609-9cdf-f6301adbd7b9, Nodes: d65af000-2156-4231-a394-22380e486286{ip: 192.168.69.114, host: byscane-nightly-8jrs9-2386324885, networkLocation: /default-rack, certSerialId: null}, Type:RATIS, Factor:ONE, State:CLOSED] moved to CLOSED state
2019-07-31 00:42:48,898 INFO  pipeline.SCMPipelineManager (SCMPipelineManager.java:finalizeAndDestroyPipeline(309)) - destroying pipeline:Pipeline[ Id: 9e7bb542-41ba-4133-98f3-24f9e45514a0, Nodes: b7140eff-5703-4e09-9ea1-6d7697fb69a9{ip: 192.168.69.114, host: byscane-nightly-8jrs9-2386324885, networkLocation: /default-rack, certSerialId: null}d65af000-2156-4231-a394-22380e486286{ip: 192.168.69.114, host: byscane-nightly-8jrs9-2386324885, networkLocation: /default-rack, certSerialId: null}cb86e675-92ae-4063-a828-dc70313734de{ip: 192.168.69.114, host: byscane-nightly-8jrs9-2386324885, networkLocation: /default-rack, certSerialId: null}, Type:RATIS, Factor:THREE, State:CLOSED]
2019-07-31 00:42:49,194 INFO  ozoneimpl.OzoneContainer (OzoneContainer.java:stop(199)) - Attempting to stop container services.
2019-07-31 00:42:49,194 INFO  impl.RaftServerProxy (RaftServerProxy.java:lambda$close$4(314)) - b21db089-cc86-4e23-83e0-adc12698a3e5: close
2019-07-31 00:42:49,194 INFO  ozoneimpl.OzoneContainer (OzoneContainer.java:stop(199)) - Attempting to stop container services.
2019-07-31 00:42:49,194 INFO  impl.RaftServerImpl (RaftServerImpl.java:lambda$shutdown$3(245)) - b21db089-cc86-4e23-83e0-adc12698a3e5: shutdown group-66D197728FCC
2019-07-31 00:42:49,195 INFO  impl.RaftServerProxy (RaftServerProxy.java:lambda$close$4(314)) - d65af000-2156-4231-a394-22380e486286: close
2019-07-31 00:42:49,195 INFO  util.JmxRegister (JmxRegister.java:unregister(73)) - Successfully un-registered JMX Bean with object name Ratis:service=RaftServer,group=group-66D197728FCC,id=b21db089-cc86-4e23-83e0-adc12698a3e5
2019-07-31 00:42:49,195 INFO  impl.RaftServerImpl (RaftServerImpl.java:lambda$shutdown$3(245)) - d65af000-2156-4231-a394-22380e486286: shutdown group-F6301ADBD7B9
2019-07-31 00:42:49,196 INFO  impl.RoleInfo (RoleInfo.java:shutdownLeaderState(104)) - b21db089-cc86-4e23-83e0-adc12698a3e5: shutdown LeaderState
2019-07-31 00:42:49,196 INFO  util.JmxRegister (JmxRegister.java:unregister(73)) - Successfully un-registered JMX Bean with object name Ratis:service=RaftServer,group=group-F6301ADBD7B9,id=d65af000-2156-4231-a394-22380e486286
2019-07-31 00:42:49,196 INFO  impl.PendingRequests (PendingRequests.java:sendNotLeaderResponses(202)) - b21db089-cc86-4e23-83e0-adc12698a3e5-PendingRequests: sendNotLeaderResponses
2019-07-31 00:42:49,196 INFO  impl.RoleInfo (RoleInfo.java:shutdownLeaderState(104)) - d65af000-2156-4231-a394-22380e486286: shutdown LeaderState
2019-07-31 00:42:49,197 INFO  impl.StateMachineUpdater (StateMachineUpdater.java:stopAndJoin(115)) - StateMachineUpdater:b21db089-cc86-4e23-83e0-adc12698a3e5:group-66D197728FCC: set stopIndex = 0
2019-07-31 00:42:49,197 INFO  impl.PendingRequests (PendingRequests.java:sendNotLeaderResponses(202)) - d65af000-2156-4231-a394-22380e486286-PendingRequests: sendNotLeaderResponses
2019-07-31 00:42:49,197 INFO  impl.RaftServerImpl (ServerState.java:close(394)) - b21db089-cc86-4e23-83e0-adc12698a3e5:group-66D197728FCC closes. The last applied log index is 0
2019-07-31 00:42:49,198 INFO  impl.StateMachineUpdater (StateMachineUpdater.java:stopAndJoin(115)) - StateMachineUpdater:d65af000-2156-4231-a394-22380e486286:group-F6301ADBD7B9: set stopIndex = 0
2019-07-31 00:42:49,198 INFO  impl.RaftServerImpl (ServerState.java:close(394)) - d65af000-2156-4231-a394-22380e486286:group-F6301ADBD7B9 closes. The last applied log index is 0
2019-07-31 00:42:49,198 INFO  segmented.SegmentedRaftLogWorker (SegmentedRaftLogWorker.java:run(313)) - b21db089-cc86-4e23-83e0-adc12698a3e5-SegmentedRaftLogWorker:Storage Directory /workdir/hadoop-ozone/integration-test/target/test-dir/MiniOzoneClusterImpl-3651a17c-520d-479a-aff9-57061945e126/datanode-2/data/ratis/59920647-a534-4050-aa87-66d197728fcc was interrupted, exiting. There are 0 tasks remaining in the queue.
2019-07-31 00:42:49,199 INFO  segmented.SegmentedRaftLogWorker (SegmentedRaftLogWorker.java:run(313)) - d65af000-2156-4231-a394-22380e486286-SegmentedRaftLogWorker:Storage Directory /workdir/hadoop-ozone/integration-test/target/test-dir/MiniOzoneClusterImpl-3651a17c-520d-479a-aff9-57061945e126/datanode-3/data/ratis/5e6b767f-45ab-4609-9cdf-f6301adbd7b9 was interrupted, exiting. There are 0 tasks remaining in the queue.
2019-07-31 00:42:49,202 INFO  segmented.SegmentedRaftLogWorker (SegmentedRaftLogWorker.java:close(228)) - b21db089-cc86-4e23-83e0-adc12698a3e5-SegmentedRaftLogWorker:Storage Directory /workdir/hadoop-ozone/integration-test/target/test-dir/MiniOzoneClusterImpl-3651a17c-520d-479a-aff9-57061945e126/datanode-2/data/ratis/59920647-a534-4050-aa87-66d197728fcc close()
2019-07-31 00:42:49,204 INFO  segmented.SegmentedRaftLogWorker (SegmentedRaftLogWorker.java:close(228)) - d65af000-2156-4231-a394-22380e486286-SegmentedRaftLogWorker:Storage Directory /workdir/hadoop-ozone/integration-test/target/test-dir/MiniOzoneClusterImpl-3651a17c-520d-479a-aff9-57061945e126/datanode-3/data/ratis/5e6b767f-45ab-4609-9cdf-f6301adbd7b9 close()
2019-07-31 00:42:49,207 INFO  impl.RaftServerImpl (RaftServerImpl.java:lambda$shutdown$3(245)) - b21db089-cc86-4e23-83e0-adc12698a3e5: shutdown group-A2F98B5D1D34
2019-07-31 00:42:49,210 INFO  impl.RaftServerImpl (RaftServerImpl.java:lambda$shutdown$3(245)) - d65af000-2156-4231-a394-22380e486286: shutdown group-24F9E45514A0
2019-07-31 00:42:49,210 INFO  util.JmxRegister (JmxRegister.java:unregister(73)) - Successfully un-registered JMX Bean with object name Ratis:service=RaftServer,group=group-A2F98B5D1D34,id=b21db089-cc86-4e23-83e0-adc12698a3e5
2019-07-31 00:42:49,211 INFO  util.JmxRegister (JmxRegister.java:unregister(73)) - Successfully un-registered JMX Bean with object name Ratis:service=RaftServer,group=group-24F9E45514A0,id=d65af000-2156-4231-a394-22380e486286
2019-07-31 00:42:49,211 INFO  impl.RoleInfo (RoleInfo.java:shutdownFollowerState(121)) - b21db089-cc86-4e23-83e0-adc12698a3e5: shutdown FollowerState
2019-07-31 00:42:49,211 INFO  impl.RoleInfo (RoleInfo.java:shutdownFollowerState(121)) - d65af000-2156-4231-a394-22380e486286: shutdown FollowerState
2019-07-31 00:42:49,212 INFO  impl.FollowerState (FollowerState.java:run(114)) - b21db089-cc86-4e23-83e0-adc12698a3e5: FollowerState was interrupted: java.lang.InterruptedException: sleep interrupted
2019-07-31 00:42:49,212 INFO  ratis.ContainerStateMachine (ContainerStateMachine.java:takeSnapshot(262)) - group-24F9E45514A0: Taking a snapshot at:(t:3, i:13) file /workdir/hadoop-ozone/integration-test/target/test-dir/MiniOzoneClusterImpl-3651a17c-520d-479a-aff9-57061945e126/datanode-3/data/ratis/9e7bb542-41ba-4133-98f3-24f9e45514a0/sm/snapshot.3_13
2019-07-31 00:42:49,212 INFO  ratis.ContainerStateMachine (ContainerStateMachine.java:takeSnapshot(262)) - group-A2F98B5D1D34: Taking a snapshot at:(t:1, i:14) file /workdir/hadoop-ozone/integration-test/target/test-dir/MiniOzoneClusterImpl-3651a17c-520d-479a-aff9-57061945e126/datanode-2/data/ratis/b4c368e9-0a7f-4579-a366-a2f98b5d1d34/sm/snapshot.1_14
2019-07-31 00:42:49,211 INFO  impl.StateMachineUpdater (StateMachineUpdater.java:stopAndJoin(115)) - StateMachineUpdater:b21db089-cc86-4e23-83e0-adc12698a3e5:group-A2F98B5D1D34: set stopIndex = 18
2019-07-31 00:42:49,214 INFO  impl.FollowerState (FollowerState.java:run(114)) - d65af000-2156-4231-a394-22380e486286: FollowerState was interrupted: java.lang.InterruptedException: sleep interrupted
2019-07-31 00:42:49,212 INFO  impl.StateMachineUpdater (StateMachineUpdater.java:stopAndJoin(115)) - StateMachineUpdater:d65af000-2156-4231-a394-22380e486286:group-24F9E45514A0: set stopIndex = 15
2019-07-31 00:42:49,255 INFO  ratis.ContainerStateMachine (ContainerStateMachine.java:takeSnapshot(273)) - group-24F9E45514A0: Finished taking a snapshot at:(t:3, i:13) file:/workdir/hadoop-ozone/integration-test/target/test-dir/MiniOzoneClusterImpl-3651a17c-520d-479a-aff9-57061945e126/datanode-3/data/ratis/9e7bb542-41ba-4133-98f3-24f9e45514a0/sm/snapshot.3_13 time:44
2019-07-31 00:42:49,255 INFO  impl.StateMachineUpdater (StateMachineUpdater.java:takeSnapshot(242)) - StateMachineUpdater:d65af000-2156-4231-a394-22380e486286:group-24F9E45514A0: Took a snapshot at index 13
2019-07-31 00:42:49,255 INFO  ratis.ContainerStateMachine (ContainerStateMachine.java:takeSnapshot(273)) - group-A2F98B5D1D34: Finished taking a snapshot at:(t:1, i:14) file:/workdir/hadoop-ozone/integration-test/target/test-dir/MiniOzoneClusterImpl-3651a17c-520d-479a-aff9-57061945e126/datanode-2/data/ratis/b4c368e9-0a7f-4579-a366-a2f98b5d1d34/sm/snapshot.1_14 time:44
2019-07-31 00:42:49,256 INFO  impl.StateMachineUpdater (StateMachineUpdater.java:lambda$new$0(80)) - StateMachineUpdater:d65af000-2156-4231-a394-22380e486286:group-24F9E45514A0: snapshotIndex: updateIncreasingly -1 -> 13
2019-07-31 00:42:49,256 INFO  impl.StateMachineUpdater (StateMachineUpdater.java:takeSnapshot(242)) - StateMachineUpdater:b21db089-cc86-4e23-83e0-adc12698a3e5:group-A2F98B5D1D34: Took a snapshot at index 14
2019-07-31 00:42:49,256 INFO  impl.StateMachineUpdater (StateMachineUpdater.java:lambda$new$0(80)) - StateMachineUpdater:b21db089-cc86-4e23-83e0-adc12698a3e5:group-A2F98B5D1D34: snapshotIndex: updateIncreasingly -1 -> 14
2019-07-31 00:42:49,256 INFO  impl.RaftServerImpl (ServerState.java:close(394)) - d65af000-2156-4231-a394-22380e486286:group-24F9E45514A0 closes. The last applied log index is 15
2019-07-31 00:42:49,256 INFO  impl.RaftServerImpl (ServerState.java:close(394)) - b21db089-cc86-4e23-83e0-adc12698a3e5:group-A2F98B5D1D34 closes. The last applied log index is 18
2019-07-31 00:42:49,256 INFO  segmented.SegmentedRaftLogWorker (SegmentedRaftLogWorker.java:run(313)) - d65af000-2156-4231-a394-22380e486286-SegmentedRaftLogWorker:Storage Directory /workdir/hadoop-ozone/integration-test/target/test-dir/MiniOzoneClusterImpl-3651a17c-520d-479a-aff9-57061945e126/datanode-3/data/ratis/9e7bb542-41ba-4133-98f3-24f9e45514a0 was interrupted, exiting. There are 0 tasks remaining in the queue.
2019-07-31 00:42:49,257 INFO  segmented.SegmentedRaftLogWorker (SegmentedRaftLogWorker.java:run(313)) - b21db089-cc86-4e23-83e0-adc12698a3e5-SegmentedRaftLogWorker:Storage Directory /workdir/hadoop-ozone/integration-test/target/test-dir/MiniOzoneClusterImpl-3651a17c-520d-479a-aff9-57061945e126/datanode-2/data/ratis/b4c368e9-0a7f-4579-a366-a2f98b5d1d34 was interrupted, exiting. There are 0 tasks remaining in the queue.
2019-07-31 00:42:49,259 INFO  segmented.SegmentedRaftLogWorker (SegmentedRaftLogWorker.java:close(228)) - d65af000-2156-4231-a394-22380e486286-SegmentedRaftLogWorker:Storage Directory /workdir/hadoop-ozone/integration-test/target/test-dir/MiniOzoneClusterImpl-3651a17c-520d-479a-aff9-57061945e126/datanode-3/data/ratis/9e7bb542-41ba-4133-98f3-24f9e45514a0 close()
2019-07-31 00:42:49,261 INFO  segmented.SegmentedRaftLogWorker (SegmentedRaftLogWorker.java:close(228)) - b21db089-cc86-4e23-83e0-adc12698a3e5-SegmentedRaftLogWorker:Storage Directory /workdir/hadoop-ozone/integration-test/target/test-dir/MiniOzoneClusterImpl-3651a17c-520d-479a-aff9-57061945e126/datanode-2/data/ratis/b4c368e9-0a7f-4579-a366-a2f98b5d1d34 close()
2019-07-31 00:42:49,271 INFO  server.GrpcService (GrpcService.java:closeImpl(155)) - d65af000-2156-4231-a394-22380e486286: shutdown server with port 43478 now
2019-07-31 00:42:49,273 INFO  server.GrpcService (GrpcService.java:closeImpl(155)) - b21db089-cc86-4e23-83e0-adc12698a3e5: shutdown server with port 43309 now
2019-07-31 00:42:49,273 INFO  server.GrpcService (GrpcService.java:closeImpl(163)) - b21db089-cc86-4e23-83e0-adc12698a3e5: shutdown server with port 43309 successfully
2019-07-31 00:42:49,274 INFO  server.GrpcService (GrpcService.java:closeImpl(163)) - d65af000-2156-4231-a394-22380e486286: shutdown server with port 43478 successfully
2019-07-31 00:42:49,275 INFO  utils.BackgroundService (BackgroundService.java:shutdown(148)) - Shutting down service BlockDeletingService
2019-07-31 00:42:49,276 INFO  utils.BackgroundService (BackgroundService.java:shutdown(148)) - Shutting down service BlockDeletingService
2019-07-31 00:42:49,277 WARN  fs.CachingGetSpaceUsed (CachingGetSpaceUsed.java:run(183)) - Thread Interrupted waiting to refresh disk information: sleep interrupted
2019-07-31 00:42:49,278 WARN  fs.CachingGetSpaceUsed (CachingGetSpaceUsed.java:run(183)) - Thread Interrupted waiting to refresh disk information: sleep interrupted
2019-07-31 00:42:49,296 INFO  statemachine.DatanodeStateMachine (DatanodeStateMachine.java:stopDaemon(395)) - Ozone container server stopped.
2019-07-31 00:42:49,301 INFO  statemachine.DatanodeStateMachine (DatanodeStateMachine.java:stopDaemon(395)) - Ozone container server stopped.
2019-07-31 00:42:49,310 INFO  handler.ContextHandler (ContextHandler.java:doStop(910)) - Stopped o.e.j.w.WebAppContext@3df496d9{/,null,UNAVAILABLE}{/hddsDatanode}
2019-07-31 00:42:49,311 INFO  handler.ContextHandler (ContextHandler.java:doStop(910)) - Stopped o.e.j.w.WebAppContext@2122b4bd{/,null,UNAVAILABLE}{/hddsDatanode}
2019-07-31 00:42:49,312 INFO  server.AbstractConnector (AbstractConnector.java:doStop(318)) - Stopped ServerConnector@13e12ab6{HTTP/1.1,[http/1.1]}{0.0.0.0:0}
2019-07-31 00:42:49,312 INFO  server.AbstractConnector (AbstractConnector.java:doStop(318)) - Stopped ServerConnector@5dd79a57{HTTP/1.1,[http/1.1]}{0.0.0.0:0}
2019-07-31 00:42:49,312 INFO  handler.ContextHandler (ContextHandler.java:doStop(910)) - Stopped o.e.j.s.ServletContextHandler@3681c285{/static,jar:file:/home/user/.m2/repository/org/apache/hadoop/hadoop-hdds-container-service/0.4.1-SNAPSHOT/hadoop-hdds-container-service-0.4.1-SNAPSHOT.jar!/webapps/static,UNAVAILABLE}
2019-07-31 00:42:49,312 INFO  handler.ContextHandler (ContextHandler.java:doStop(910)) - Stopped o.e.j.s.ServletContextHandler@324ee3ca{/static,jar:file:/home/user/.m2/repository/org/apache/hadoop/hadoop-hdds-container-service/0.4.1-SNAPSHOT/hadoop-hdds-container-service-0.4.1-SNAPSHOT.jar!/webapps/static,UNAVAILABLE}
2019-07-31 00:42:49,313 INFO  handler.ContextHandler (ContextHandler.java:doStop(910)) - Stopped o.e.j.s.ServletContextHandler@19cad9f0{/logs,file:///workdir/hadoop-ozone/integration-test/target/log,UNAVAILABLE}
2019-07-31 00:42:49,313 INFO  handler.ContextHandler (ContextHandler.java:doStop(910)) - Stopped o.e.j.s.ServletContextHandler@5ca896af{/logs,file:///workdir/hadoop-ozone/integration-test/target/log,UNAVAILABLE}
2019-07-31 00:42:49,314 INFO  datanode.ObjectStoreHandler (ObjectStoreHandler.java:close(155)) - Closing ObjectStoreHandler.
2019-07-31 00:42:49,314 INFO  datanode.ObjectStoreHandler (ObjectStoreHandler.java:close(155)) - Closing ObjectStoreHandler.
2019-07-31 00:42:49,314 INFO  ozone.HddsDatanodeService (HddsDatanodeService.java:stop(451)) - Stopped plug-in org.apache.hadoop.ozone.web.OzoneHddsDatanodeService@27bfa57f
2019-07-31 00:42:49,314 INFO  ozone.HddsDatanodeService (HddsDatanodeService.java:stop(451)) - Stopped plug-in org.apache.hadoop.ozone.web.OzoneHddsDatanodeService@2c4142f8
2019-07-31 00:42:49,851 INFO  statemachine.DatanodeStateMachine (DatanodeStateMachine.java:lambda$startDaemon$0(350)) - Ozone container server started.
2019-07-31 00:42:49,960 INFO  statemachine.DatanodeStateMachine (DatanodeStateMachine.java:lambda$startDaemon$0(350)) - Ozone container server started.
2019-07-31 00:42:53,896 INFO  impl.FollowerState (FollowerState.java:run(106)) - cb86e675-92ae-4063-a828-dc70313734de:group-24F9E45514A0 changes to CANDIDATE, lastRpcTime:9853, electionTimeout:5005ms
2019-07-31 00:42:53,896 INFO  impl.RoleInfo (RoleInfo.java:shutdownFollowerState(121)) - cb86e675-92ae-4063-a828-dc70313734de: shutdown FollowerState
2019-07-31 00:42:53,896 INFO  impl.RaftServerImpl (RaftServerImpl.java:setRole(171)) - cb86e675-92ae-4063-a828-dc70313734de:group-24F9E45514A0 changes role from FOLLOWER to CANDIDATE at term 3 for changeToCandidate
2019-07-31 00:42:53,896 INFO  impl.RoleInfo (RoleInfo.java:updateAndGet(143)) - cb86e675-92ae-4063-a828-dc70313734de: start LeaderElection
2019-07-31 00:42:53,897 INFO  impl.RaftServerImpl (ServerState.java:setLeader(263)) - cb86e675-92ae-4063-a828-dc70313734de:group-24F9E45514A0 change Leader from b7140eff-5703-4e09-9ea1-6d7697fb69a9 to null at term 3 for initElection
2019-07-31 00:42:53,904 INFO  node.StaleNodeHandler (StaleNodeHandler.java:onMessage(58)) - Datanode cb86e675-92ae-4063-a828-dc70313734de{ip: 192.168.69.114, host: byscane-nightly-8jrs9-2386324885, networkLocation: /default-rack, certSerialId: null} moved to stale state. Finalizing its pipelines [PipelineID=4900a0e0-03dd-4114-9920-9bbc21f21f71, PipelineID=9e7bb542-41ba-4133-98f3-24f9e45514a0]
2019-07-31 00:42:53,904 INFO  pipeline.SCMPipelineManager (SCMPipelineManager.java:finalizeAndDestroyPipeline(309)) - destroying pipeline:Pipeline[ Id: 4900a0e0-03dd-4114-9920-9bbc21f21f71, Nodes: cb86e675-92ae-4063-a828-dc70313734de{ip: 192.168.69.114, host: byscane-nightly-8jrs9-2386324885, networkLocation: /default-rack, certSerialId: null}, Type:RATIS, Factor:ONE, State:OPEN]
2019-07-31 00:42:53,904 INFO  pipeline.PipelineStateManager (PipelineStateManager.java:finalizePipeline(123)) - Pipeline Pipeline[ Id: 4900a0e0-03dd-4114-9920-9bbc21f21f71, Nodes: cb86e675-92ae-4063-a828-dc70313734de{ip: 192.168.69.114, host: byscane-nightly-8jrs9-2386324885, networkLocation: /default-rack, certSerialId: null}, Type:RATIS, Factor:ONE, State:CLOSED] moved to CLOSED state
2019-07-31 00:42:53,904 INFO  pipeline.SCMPipelineManager (SCMPipelineManager.java:finalizeAndDestroyPipeline(309)) - destroying pipeline:Pipeline[ Id: 9e7bb542-41ba-4133-98f3-24f9e45514a0, Nodes: b7140eff-5703-4e09-9ea1-6d7697fb69a9{ip: 192.168.69.114, host: byscane-nightly-8jrs9-2386324885, networkLocation: /default-rack, certSerialId: null}d65af000-2156-4231-a394-22380e486286{ip: 192.168.69.114, host: byscane-nightly-8jrs9-2386324885, networkLocation: /default-rack, certSerialId: null}cb86e675-92ae-4063-a828-dc70313734de{ip: 192.168.69.114, host: byscane-nightly-8jrs9-2386324885, networkLocation: /default-rack, certSerialId: null}, Type:RATIS, Factor:THREE, State:CLOSED]
2019-07-31 00:42:53,932 INFO  impl.LeaderElection (LeaderElection.java:askForVotes(181)) - cb86e675-92ae-4063-a828-dc70313734de:group-24F9E45514A0:LeaderElection83: begin an election at term 4 for 0: [d65af000-2156-4231-a394-22380e486286:192.168.69.114:43478, cb86e675-92ae-4063-a828-dc70313734de:192.168.69.114:43071, b7140eff-5703-4e09-9ea1-6d7697fb69a9:192.168.69.114:37829], old=null
2019-07-31 00:42:53,935 INFO  impl.LeaderElection (LogUtils.java:infoOrTrace(149)) - cb86e675-92ae-4063-a828-dc70313734de:group-24F9E45514A0:LeaderElection83 got exception when requesting votes: {}
java.util.concurrent.ExecutionException: org.apache.ratis.thirdparty.io.grpc.StatusRuntimeException: UNAVAILABLE: io exception
	at java.util.concurrent.FutureTask.report(FutureTask.java:122)
	at java.util.concurrent.FutureTask.get(FutureTask.java:192)
	at org.apache.ratis.server.impl.LeaderElection.waitForResults(LeaderElection.java:262)
	at org.apache.ratis.server.impl.LeaderElection.askForVotes(LeaderElection.java:200)
	at org.apache.ratis.server.impl.LeaderElection.run(LeaderElection.java:130)
	at java.lang.Thread.run(Thread.java:748)
Caused by: org.apache.ratis.thirdparty.io.grpc.StatusRuntimeException: UNAVAILABLE: io exception
	at org.apache.ratis.thirdparty.io.grpc.stub.ClientCalls.toStatusRuntimeException(ClientCalls.java:233)
	at org.apache.ratis.thirdparty.io.grpc.stub.ClientCalls.getUnchecked(ClientCalls.java:214)
	at org.apache.ratis.thirdparty.io.grpc.stub.ClientCalls.blockingUnaryCall(ClientCalls.java:139)
	at org.apache.ratis.proto.grpc.RaftServerProtocolServiceGrpc$RaftServerProtocolServiceBlockingStub.requestVote(RaftServerProtocolServiceGrpc.java:265)
	at org.apache.ratis.grpc.server.GrpcServerProtocolClient.requestVote(GrpcServerProtocolClient.java:83)
	at org.apache.ratis.grpc.server.GrpcService.requestVote(GrpcService.java:195)
	at org.apache.ratis.server.impl.LeaderElection.lambda$submitRequests$1(LeaderElection.java:237)
	at java.util.concurrent.FutureTask.run(FutureTask.java:266)
	at java.util.concurrent.Executors$RunnableAdapter.call(Executors.java:511)
	at java.util.concurrent.FutureTask.run(FutureTask.java:266)
	at java.util.concurrent.ThreadPoolExecutor.runWorker(ThreadPoolExecutor.java:1149)
	at java.util.concurrent.ThreadPoolExecutor$Worker.run(ThreadPoolExecutor.java:624)
	... 1 more
Caused by: org.apache.ratis.thirdparty.io.netty.channel.AbstractChannel$AnnotatedConnectException: Connection refused: /192.168.69.114:43478
	at sun.nio.ch.SocketChannelImpl.checkConnect(Native Method)
	at sun.nio.ch.SocketChannelImpl.finishConnect(SocketChannelImpl.java:717)
	at org.apache.ratis.thirdparty.io.netty.channel.socket.nio.NioSocketChannel.doFinishConnect(NioSocketChannel.java:327)
	at org.apache.ratis.thirdparty.io.netty.channel.nio.AbstractNioChannel$AbstractNioUnsafe.finishConnect(AbstractNioChannel.java:340)
	at org.apache.ratis.thirdparty.io.netty.channel.nio.NioEventLoop.processSelectedKey(NioEventLoop.java:632)
	at org.apache.ratis.thirdparty.io.netty.channel.nio.NioEventLoop.processSelectedKeysOptimized(NioEventLoop.java:579)
	at org.apache.ratis.thirdparty.io.netty.channel.nio.NioEventLoop.processSelectedKeys(NioEventLoop.java:496)
	at org.apache.ratis.thirdparty.io.netty.channel.nio.NioEventLoop.run(NioEventLoop.java:458)
	at org.apache.ratis.thirdparty.io.netty.util.concurrent.SingleThreadEventExecutor$5.run(SingleThreadEventExecutor.java:897)
	at org.apache.ratis.thirdparty.io.netty.util.concurrent.FastThreadLocalRunnable.run(FastThreadLocalRunnable.java:30)
	... 1 more
Caused by: java.net.ConnectException: Connection refused
	... 11 more
2019-07-31 00:42:53,939 INFO  impl.LeaderElection (LogUtils.java:infoOrTrace(149)) - cb86e675-92ae-4063-a828-dc70313734de:group-24F9E45514A0:LeaderElection83 got exception when requesting votes: {}
java.util.concurrent.ExecutionException: org.apache.ratis.thirdparty.io.grpc.StatusRuntimeException: UNAVAILABLE: io exception
	at java.util.concurrent.FutureTask.report(FutureTask.java:122)
	at java.util.concurrent.FutureTask.get(FutureTask.java:192)
	at org.apache.ratis.server.impl.LeaderElection.waitForResults(LeaderElection.java:262)
	at org.apache.ratis.server.impl.LeaderElection.askForVotes(LeaderElection.java:200)
	at org.apache.ratis.server.impl.LeaderElection.run(LeaderElection.java:130)
	at java.lang.Thread.run(Thread.java:748)
Caused by: org.apache.ratis.thirdparty.io.grpc.StatusRuntimeException: UNAVAILABLE: io exception
	at org.apache.ratis.thirdparty.io.grpc.stub.ClientCalls.toStatusRuntimeException(ClientCalls.java:233)
	at org.apache.ratis.thirdparty.io.grpc.stub.ClientCalls.getUnchecked(ClientCalls.java:214)
	at org.apache.ratis.thirdparty.io.grpc.stub.ClientCalls.blockingUnaryCall(ClientCalls.java:139)
	at org.apache.ratis.proto.grpc.RaftServerProtocolServiceGrpc$RaftServerProtocolServiceBlockingStub.requestVote(RaftServerProtocolServiceGrpc.java:265)
	at org.apache.ratis.grpc.server.GrpcServerProtocolClient.requestVote(GrpcServerProtocolClient.java:83)
	at org.apache.ratis.grpc.server.GrpcService.requestVote(GrpcService.java:195)
	at org.apache.ratis.server.impl.LeaderElection.lambda$submitRequests$1(LeaderElection.java:237)
	at java.util.concurrent.FutureTask.run(FutureTask.java:266)
	at java.util.concurrent.Executors$RunnableAdapter.call(Executors.java:511)
	at java.util.concurrent.FutureTask.run(FutureTask.java:266)
	at java.util.concurrent.ThreadPoolExecutor.runWorker(ThreadPoolExecutor.java:1149)
	at java.util.concurrent.ThreadPoolExecutor$Worker.run(ThreadPoolExecutor.java:624)
	... 1 more
Caused by: org.apache.ratis.thirdparty.io.netty.channel.AbstractChannel$AnnotatedConnectException: Connection refused: /192.168.69.114:37829
	at sun.nio.ch.SocketChannelImpl.checkConnect(Native Method)
	at sun.nio.ch.SocketChannelImpl.finishConnect(SocketChannelImpl.java:717)
	at org.apache.ratis.thirdparty.io.netty.channel.socket.nio.NioSocketChannel.doFinishConnect(NioSocketChannel.java:327)
	at org.apache.ratis.thirdparty.io.netty.channel.nio.AbstractNioChannel$AbstractNioUnsafe.finishConnect(AbstractNioChannel.java:340)
	at org.apache.ratis.thirdparty.io.netty.channel.nio.NioEventLoop.processSelectedKey(NioEventLoop.java:632)
	at org.apache.ratis.thirdparty.io.netty.channel.nio.NioEventLoop.processSelectedKeysOptimized(NioEventLoop.java:579)
	at org.apache.ratis.thirdparty.io.netty.channel.nio.NioEventLoop.processSelectedKeys(NioEventLoop.java:496)
	at org.apache.ratis.thirdparty.io.netty.channel.nio.NioEventLoop.run(NioEventLoop.java:458)
	at org.apache.ratis.thirdparty.io.netty.util.concurrent.SingleThreadEventExecutor$5.run(SingleThreadEventExecutor.java:897)
	at org.apache.ratis.thirdparty.io.netty.util.concurrent.FastThreadLocalRunnable.run(FastThreadLocalRunnable.java:30)
	... 1 more
Caused by: java.net.ConnectException: Connection refused
	... 11 more
2019-07-31 00:42:53,941 INFO  impl.LeaderElection (LeaderElection.java:logAndReturn(56)) - cb86e675-92ae-4063-a828-dc70313734de:group-24F9E45514A0:LeaderElection83: Election REJECTED; received 0 response(s) [] and 2 exception(s); cb86e675-92ae-4063-a828-dc70313734de:t4, leader=null, voted=cb86e675-92ae-4063-a828-dc70313734de, raftlog=cb86e675-92ae-4063-a828-dc70313734de-SegmentedRaftLog:OPENED:c15,f15,i15, conf=0: [d65af000-2156-4231-a394-22380e486286:192.168.69.114:43478, cb86e675-92ae-4063-a828-dc70313734de:192.168.69.114:43071, b7140eff-5703-4e09-9ea1-6d7697fb69a9:192.168.69.114:37829], old=null
2019-07-31 00:42:53,941 INFO  impl.LeaderElection (LogUtils.java:infoOrTrace(149)) -   Exception 0: {}
java.util.concurrent.ExecutionException: org.apache.ratis.thirdparty.io.grpc.StatusRuntimeException: UNAVAILABLE: io exception
	at java.util.concurrent.FutureTask.report(FutureTask.java:122)
	at java.util.concurrent.FutureTask.get(FutureTask.java:192)
	at org.apache.ratis.server.impl.LeaderElection.waitForResults(LeaderElection.java:262)
	at org.apache.ratis.server.impl.LeaderElection.askForVotes(LeaderElection.java:200)
	at org.apache.ratis.server.impl.LeaderElection.run(LeaderElection.java:130)
	at java.lang.Thread.run(Thread.java:748)
Caused by: org.apache.ratis.thirdparty.io.grpc.StatusRuntimeException: UNAVAILABLE: io exception
	at org.apache.ratis.thirdparty.io.grpc.stub.ClientCalls.toStatusRuntimeException(ClientCalls.java:233)
	at org.apache.ratis.thirdparty.io.grpc.stub.ClientCalls.getUnchecked(ClientCalls.java:214)
	at org.apache.ratis.thirdparty.io.grpc.stub.ClientCalls.blockingUnaryCall(ClientCalls.java:139)
	at org.apache.ratis.proto.grpc.RaftServerProtocolServiceGrpc$RaftServerProtocolServiceBlockingStub.requestVote(RaftServerProtocolServiceGrpc.java:265)
	at org.apache.ratis.grpc.server.GrpcServerProtocolClient.requestVote(GrpcServerProtocolClient.java:83)
	at org.apache.ratis.grpc.server.GrpcService.requestVote(GrpcService.java:195)
	at org.apache.ratis.server.impl.LeaderElection.lambda$submitRequests$1(LeaderElection.java:237)
	at java.util.concurrent.FutureTask.run(FutureTask.java:266)
	at java.util.concurrent.Executors$RunnableAdapter.call(Executors.java:511)
	at java.util.concurrent.FutureTask.run(FutureTask.java:266)
	at java.util.concurrent.ThreadPoolExecutor.runWorker(ThreadPoolExecutor.java:1149)
	at java.util.concurrent.ThreadPoolExecutor$Worker.run(ThreadPoolExecutor.java:624)
	... 1 more
Caused by: org.apache.ratis.thirdparty.io.netty.channel.AbstractChannel$AnnotatedConnectException: Connection refused: /192.168.69.114:43478
	at sun.nio.ch.SocketChannelImpl.checkConnect(Native Method)
	at sun.nio.ch.SocketChannelImpl.finishConnect(SocketChannelImpl.java:717)
	at org.apache.ratis.thirdparty.io.netty.channel.socket.nio.NioSocketChannel.doFinishConnect(NioSocketChannel.java:327)
	at org.apache.ratis.thirdparty.io.netty.channel.nio.AbstractNioChannel$AbstractNioUnsafe.finishConnect(AbstractNioChannel.java:340)
	at org.apache.ratis.thirdparty.io.netty.channel.nio.NioEventLoop.processSelectedKey(NioEventLoop.java:632)
	at org.apache.ratis.thirdparty.io.netty.channel.nio.NioEventLoop.processSelectedKeysOptimized(NioEventLoop.java:579)
	at org.apache.ratis.thirdparty.io.netty.channel.nio.NioEventLoop.processSelectedKeys(NioEventLoop.java:496)
	at org.apache.ratis.thirdparty.io.netty.channel.nio.NioEventLoop.run(NioEventLoop.java:458)
	at org.apache.ratis.thirdparty.io.netty.util.concurrent.SingleThreadEventExecutor$5.run(SingleThreadEventExecutor.java:897)
	at org.apache.ratis.thirdparty.io.netty.util.concurrent.FastThreadLocalRunnable.run(FastThreadLocalRunnable.java:30)
	... 1 more
Caused by: java.net.ConnectException: Connection refused
	... 11 more
2019-07-31 00:42:53,941 INFO  impl.LeaderElection (LogUtils.java:infoOrTrace(149)) -   Exception 1: {}
java.util.concurrent.ExecutionException: org.apache.ratis.thirdparty.io.grpc.StatusRuntimeException: UNAVAILABLE: io exception
	at java.util.concurrent.FutureTask.report(FutureTask.java:122)
	at java.util.concurrent.FutureTask.get(FutureTask.java:192)
	at org.apache.ratis.server.impl.LeaderElection.waitForResults(LeaderElection.java:262)
	at org.apache.ratis.server.impl.LeaderElection.askForVotes(LeaderElection.java:200)
	at org.apache.ratis.server.impl.LeaderElection.run(LeaderElection.java:130)
	at java.lang.Thread.run(Thread.java:748)
Caused by: org.apache.ratis.thirdparty.io.grpc.StatusRuntimeException: UNAVAILABLE: io exception
	at org.apache.ratis.thirdparty.io.grpc.stub.ClientCalls.toStatusRuntimeException(ClientCalls.java:233)
	at org.apache.ratis.thirdparty.io.grpc.stub.ClientCalls.getUnchecked(ClientCalls.java:214)
	at org.apache.ratis.thirdparty.io.grpc.stub.ClientCalls.blockingUnaryCall(ClientCalls.java:139)
	at org.apache.ratis.proto.grpc.RaftServerProtocolServiceGrpc$RaftServerProtocolServiceBlockingStub.requestVote(RaftServerProtocolServiceGrpc.java:265)
	at org.apache.ratis.grpc.server.GrpcServerProtocolClient.requestVote(GrpcServerProtocolClient.java:83)
	at org.apache.ratis.grpc.server.GrpcService.requestVote(GrpcService.java:195)
	at org.apache.ratis.server.impl.LeaderElection.lambda$submitRequests$1(LeaderElection.java:237)
	at java.util.concurrent.FutureTask.run(FutureTask.java:266)
	at java.util.concurrent.Executors$RunnableAdapter.call(Executors.java:511)
	at java.util.concurrent.FutureTask.run(FutureTask.java:266)
	at java.util.concurrent.ThreadPoolExecutor.runWorker(ThreadPoolExecutor.java:1149)
	at java.util.concurrent.ThreadPoolExecutor$Worker.run(ThreadPoolExecutor.java:624)
	... 1 more
Caused by: org.apache.ratis.thirdparty.io.netty.channel.AbstractChannel$AnnotatedConnectException: Connection refused: /192.168.69.114:37829
	at sun.nio.ch.SocketChannelImpl.checkConnect(Native Method)
	at sun.nio.ch.SocketChannelImpl.finishConnect(SocketChannelImpl.java:717)
	at org.apache.ratis.thirdparty.io.netty.channel.socket.nio.NioSocketChannel.doFinishConnect(NioSocketChannel.java:327)
	at org.apache.ratis.thirdparty.io.netty.channel.nio.AbstractNioChannel$AbstractNioUnsafe.finishConnect(AbstractNioChannel.java:340)
	at org.apache.ratis.thirdparty.io.netty.channel.nio.NioEventLoop.processSelectedKey(NioEventLoop.java:632)
	at org.apache.ratis.thirdparty.io.netty.channel.nio.NioEventLoop.processSelectedKeysOptimized(NioEventLoop.java:579)
	at org.apache.ratis.thirdparty.io.netty.channel.nio.NioEventLoop.processSelectedKeys(NioEventLoop.java:496)
	at org.apache.ratis.thirdparty.io.netty.channel.nio.NioEventLoop.run(NioEventLoop.java:458)
	at org.apache.ratis.thirdparty.io.netty.util.concurrent.SingleThreadEventExecutor$5.run(SingleThreadEventExecutor.java:897)
	at org.apache.ratis.thirdparty.io.netty.util.concurrent.FastThreadLocalRunnable.run(FastThreadLocalRunnable.java:30)
	... 1 more
Caused by: java.net.ConnectException: Connection refused
	... 11 more
2019-07-31 00:42:53,942 INFO  impl.RaftServerImpl (RaftServerImpl.java:setRole(171)) - cb86e675-92ae-4063-a828-dc70313734de:group-24F9E45514A0 changes role from CANDIDATE to FOLLOWER at term 4 for DISCOVERED_A_NEW_TERM
2019-07-31 00:42:53,942 INFO  impl.RoleInfo (RoleInfo.java:shutdownLeaderElection(134)) - cb86e675-92ae-4063-a828-dc70313734de: shutdown LeaderElection
2019-07-31 00:42:53,942 INFO  impl.RoleInfo (RoleInfo.java:updateAndGet(143)) - cb86e675-92ae-4063-a828-dc70313734de: start FollowerState
2019-07-31 00:42:54,004 INFO  node.StaleNodeHandler (StaleNodeHandler.java:onMessage(58)) - Datanode 0f029971-9dd8-40d4-879b-021d46ddb30f{ip: 192.168.69.114, host: byscane-nightly-8jrs9-2386324885, networkLocation: /default-rack, certSerialId: null} moved to stale state. Finalizing its pipelines [PipelineID=70e135d6-4ae8-42d5-9414-47eafe541d50]
2019-07-31 00:42:54,004 INFO  pipeline.SCMPipelineManager (SCMPipelineManager.java:finalizeAndDestroyPipeline(309)) - destroying pipeline:Pipeline[ Id: 70e135d6-4ae8-42d5-9414-47eafe541d50, Nodes: 0f029971-9dd8-40d4-879b-021d46ddb30f{ip: 192.168.69.114, host: byscane-nightly-8jrs9-2386324885, networkLocation: /default-rack, certSerialId: null}, Type:RATIS, Factor:ONE, State:OPEN]
2019-07-31 00:42:54,005 INFO  pipeline.PipelineStateManager (PipelineStateManager.java:finalizePipeline(123)) - Pipeline Pipeline[ Id: 70e135d6-4ae8-42d5-9414-47eafe541d50, Nodes: 0f029971-9dd8-40d4-879b-021d46ddb30f{ip: 192.168.69.114, host: byscane-nightly-8jrs9-2386324885, networkLocation: /default-rack, certSerialId: null}, Type:RATIS, Factor:ONE, State:CLOSED] moved to CLOSED state
2019-07-31 00:42:54,315 INFO  ozoneimpl.OzoneContainer (OzoneContainer.java:stop(199)) - Attempting to stop container services.
2019-07-31 00:42:54,315 INFO  ozoneimpl.OzoneContainer (OzoneContainer.java:stop(199)) - Attempting to stop container services.
2019-07-31 00:42:54,316 INFO  impl.RaftServerProxy (RaftServerProxy.java:lambda$close$4(314)) - cb86e675-92ae-4063-a828-dc70313734de: close
2019-07-31 00:42:54,317 INFO  impl.RaftServerProxy (RaftServerProxy.java:lambda$close$4(314)) - 0f029971-9dd8-40d4-879b-021d46ddb30f: close
2019-07-31 00:42:54,317 INFO  impl.RaftServerImpl (RaftServerImpl.java:lambda$shutdown$3(245)) - cb86e675-92ae-4063-a828-dc70313734de: shutdown group-9BBC21F21F71
2019-07-31 00:42:54,318 INFO  impl.RaftServerImpl (RaftServerImpl.java:lambda$shutdown$3(245)) - 0f029971-9dd8-40d4-879b-021d46ddb30f: shutdown group-47EAFE541D50
2019-07-31 00:42:54,318 INFO  util.JmxRegister (JmxRegister.java:unregister(73)) - Successfully un-registered JMX Bean with object name Ratis:service=RaftServer,group=group-9BBC21F21F71,id=cb86e675-92ae-4063-a828-dc70313734de
2019-07-31 00:42:54,318 INFO  util.JmxRegister (JmxRegister.java:unregister(73)) - Successfully un-registered JMX Bean with object name Ratis:service=RaftServer,group=group-47EAFE541D50,id=0f029971-9dd8-40d4-879b-021d46ddb30f
2019-07-31 00:42:54,319 INFO  impl.RoleInfo (RoleInfo.java:shutdownLeaderState(104)) - 0f029971-9dd8-40d4-879b-021d46ddb30f: shutdown LeaderState
2019-07-31 00:42:54,319 INFO  impl.RoleInfo (RoleInfo.java:shutdownLeaderState(104)) - cb86e675-92ae-4063-a828-dc70313734de: shutdown LeaderState
2019-07-31 00:42:54,319 INFO  impl.PendingRequests (PendingRequests.java:sendNotLeaderResponses(202)) - 0f029971-9dd8-40d4-879b-021d46ddb30f-PendingRequests: sendNotLeaderResponses
2019-07-31 00:42:54,320 INFO  impl.PendingRequests (PendingRequests.java:sendNotLeaderResponses(202)) - cb86e675-92ae-4063-a828-dc70313734de-PendingRequests: sendNotLeaderResponses
2019-07-31 00:42:54,320 INFO  impl.StateMachineUpdater (StateMachineUpdater.java:stopAndJoin(115)) - StateMachineUpdater:0f029971-9dd8-40d4-879b-021d46ddb30f:group-47EAFE541D50: set stopIndex = 0
2019-07-31 00:42:54,321 INFO  impl.StateMachineUpdater (StateMachineUpdater.java:stopAndJoin(115)) - StateMachineUpdater:cb86e675-92ae-4063-a828-dc70313734de:group-9BBC21F21F71: set stopIndex = 0
2019-07-31 00:42:54,321 INFO  impl.RaftServerImpl (ServerState.java:close(394)) - 0f029971-9dd8-40d4-879b-021d46ddb30f:group-47EAFE541D50 closes. The last applied log index is 0
2019-07-31 00:42:54,321 INFO  impl.RaftServerImpl (ServerState.java:close(394)) - cb86e675-92ae-4063-a828-dc70313734de:group-9BBC21F21F71 closes. The last applied log index is 0
2019-07-31 00:42:54,322 INFO  segmented.SegmentedRaftLogWorker (SegmentedRaftLogWorker.java:run(313)) - 0f029971-9dd8-40d4-879b-021d46ddb30f-SegmentedRaftLogWorker:Storage Directory /workdir/hadoop-ozone/integration-test/target/test-dir/MiniOzoneClusterImpl-3651a17c-520d-479a-aff9-57061945e126/datanode-6/data/ratis/70e135d6-4ae8-42d5-9414-47eafe541d50 was interrupted, exiting. There are 0 tasks remaining in the queue.
2019-07-31 00:42:54,322 INFO  segmented.SegmentedRaftLogWorker (SegmentedRaftLogWorker.java:run(313)) - cb86e675-92ae-4063-a828-dc70313734de-SegmentedRaftLogWorker:Storage Directory /workdir/hadoop-ozone/integration-test/target/test-dir/MiniOzoneClusterImpl-3651a17c-520d-479a-aff9-57061945e126/datanode-5/data/ratis/4900a0e0-03dd-4114-9920-9bbc21f21f71 was interrupted, exiting. There are 0 tasks remaining in the queue.
2019-07-31 00:42:54,322 INFO  segmented.SegmentedRaftLogWorker (SegmentedRaftLogWorker.java:close(228)) - cb86e675-92ae-4063-a828-dc70313734de-SegmentedRaftLogWorker:Storage Directory /workdir/hadoop-ozone/integration-test/target/test-dir/MiniOzoneClusterImpl-3651a17c-520d-479a-aff9-57061945e126/datanode-5/data/ratis/4900a0e0-03dd-4114-9920-9bbc21f21f71 close()
2019-07-31 00:42:54,322 INFO  segmented.SegmentedRaftLogWorker (SegmentedRaftLogWorker.java:close(228)) - 0f029971-9dd8-40d4-879b-021d46ddb30f-SegmentedRaftLogWorker:Storage Directory /workdir/hadoop-ozone/integration-test/target/test-dir/MiniOzoneClusterImpl-3651a17c-520d-479a-aff9-57061945e126/datanode-6/data/ratis/70e135d6-4ae8-42d5-9414-47eafe541d50 close()
2019-07-31 00:42:54,325 INFO  impl.RaftServerImpl (RaftServerImpl.java:lambda$shutdown$3(245)) - cb86e675-92ae-4063-a828-dc70313734de: shutdown group-24F9E45514A0
2019-07-31 00:42:54,327 INFO  server.GrpcService (GrpcService.java:closeImpl(155)) - 0f029971-9dd8-40d4-879b-021d46ddb30f: shutdown server with port 34033 now
2019-07-31 00:42:54,327 INFO  util.JmxRegister (JmxRegister.java:unregister(73)) - Successfully un-registered JMX Bean with object name Ratis:service=RaftServer,group=group-24F9E45514A0,id=cb86e675-92ae-4063-a828-dc70313734de
2019-07-31 00:42:54,328 INFO  server.GrpcService (GrpcService.java:closeImpl(163)) - 0f029971-9dd8-40d4-879b-021d46ddb30f: shutdown server with port 34033 successfully
2019-07-31 00:42:54,328 INFO  impl.RoleInfo (RoleInfo.java:shutdownFollowerState(121)) - cb86e675-92ae-4063-a828-dc70313734de: shutdown FollowerState
2019-07-31 00:42:54,328 INFO  impl.StateMachineUpdater (StateMachineUpdater.java:stopAndJoin(115)) - StateMachineUpdater:cb86e675-92ae-4063-a828-dc70313734de:group-24F9E45514A0: set stopIndex = 15
2019-07-31 00:42:54,329 INFO  ratis.ContainerStateMachine (ContainerStateMachine.java:takeSnapshot(262)) - group-24F9E45514A0: Taking a snapshot at:(t:3, i:13) file /workdir/hadoop-ozone/integration-test/target/test-dir/MiniOzoneClusterImpl-3651a17c-520d-479a-aff9-57061945e126/datanode-5/data/ratis/9e7bb542-41ba-4133-98f3-24f9e45514a0/sm/snapshot.3_13
2019-07-31 00:42:54,329 INFO  impl.FollowerState (FollowerState.java:run(114)) - cb86e675-92ae-4063-a828-dc70313734de: FollowerState was interrupted: java.lang.InterruptedException: sleep interrupted
2019-07-31 00:42:54,332 INFO  utils.BackgroundService (BackgroundService.java:shutdown(148)) - Shutting down service BlockDeletingService
2019-07-31 00:42:54,335 WARN  fs.CachingGetSpaceUsed (CachingGetSpaceUsed.java:run(183)) - Thread Interrupted waiting to refresh disk information: sleep interrupted
2019-07-31 00:42:54,343 INFO  ratis.ContainerStateMachine (ContainerStateMachine.java:takeSnapshot(273)) - group-24F9E45514A0: Finished taking a snapshot at:(t:3, i:13) file:/workdir/hadoop-ozone/integration-test/target/test-dir/MiniOzoneClusterImpl-3651a17c-520d-479a-aff9-57061945e126/datanode-5/data/ratis/9e7bb542-41ba-4133-98f3-24f9e45514a0/sm/snapshot.3_13 time:14
2019-07-31 00:42:54,343 INFO  impl.StateMachineUpdater (StateMachineUpdater.java:takeSnapshot(242)) - StateMachineUpdater:cb86e675-92ae-4063-a828-dc70313734de:group-24F9E45514A0: Took a snapshot at index 13
2019-07-31 00:42:54,343 INFO  impl.StateMachineUpdater (StateMachineUpdater.java:lambda$new$0(80)) - StateMachineUpdater:cb86e675-92ae-4063-a828-dc70313734de:group-24F9E45514A0: snapshotIndex: updateIncreasingly -1 -> 13
2019-07-31 00:42:54,343 INFO  impl.RaftServerImpl (ServerState.java:close(394)) - cb86e675-92ae-4063-a828-dc70313734de:group-24F9E45514A0 closes. The last applied log index is 15
2019-07-31 00:42:54,344 INFO  segmented.SegmentedRaftLogWorker (SegmentedRaftLogWorker.java:run(313)) - cb86e675-92ae-4063-a828-dc70313734de-SegmentedRaftLogWorker:Storage Directory /workdir/hadoop-ozone/integration-test/target/test-dir/MiniOzoneClusterImpl-3651a17c-520d-479a-aff9-57061945e126/datanode-5/data/ratis/9e7bb542-41ba-4133-98f3-24f9e45514a0 was interrupted, exiting. There are 0 tasks remaining in the queue.
2019-07-31 00:42:54,344 INFO  segmented.SegmentedRaftLogWorker (SegmentedRaftLogWorker.java:close(228)) - cb86e675-92ae-4063-a828-dc70313734de-SegmentedRaftLogWorker:Storage Directory /workdir/hadoop-ozone/integration-test/target/test-dir/MiniOzoneClusterImpl-3651a17c-520d-479a-aff9-57061945e126/datanode-5/data/ratis/9e7bb542-41ba-4133-98f3-24f9e45514a0 close()
2019-07-31 00:42:54,346 INFO  server.GrpcService (GrpcService.java:closeImpl(155)) - cb86e675-92ae-4063-a828-dc70313734de: shutdown server with port 43071 now
2019-07-31 00:42:54,346 INFO  server.GrpcService (GrpcService.java:closeImpl(163)) - cb86e675-92ae-4063-a828-dc70313734de: shutdown server with port 43071 successfully
2019-07-31 00:42:54,347 INFO  utils.BackgroundService (BackgroundService.java:shutdown(148)) - Shutting down service BlockDeletingService
2019-07-31 00:42:54,350 WARN  fs.CachingGetSpaceUsed (CachingGetSpaceUsed.java:run(183)) - Thread Interrupted waiting to refresh disk information: sleep interrupted
2019-07-31 00:42:54,357 INFO  statemachine.DatanodeStateMachine (DatanodeStateMachine.java:stopDaemon(395)) - Ozone container server stopped.
2019-07-31 00:42:54,358 INFO  handler.ContextHandler (ContextHandler.java:doStop(910)) - Stopped o.e.j.w.WebAppContext@43ab4e83{/,null,UNAVAILABLE}{/hddsDatanode}
2019-07-31 00:42:54,362 INFO  server.AbstractConnector (AbstractConnector.java:doStop(318)) - Stopped ServerConnector@343b3399{HTTP/1.1,[http/1.1]}{0.0.0.0:0}
2019-07-31 00:42:54,363 INFO  handler.ContextHandler (ContextHandler.java:doStop(910)) - Stopped o.e.j.s.ServletContextHandler@63f093a{/static,jar:file:/home/user/.m2/repository/org/apache/hadoop/hadoop-hdds-container-service/0.4.1-SNAPSHOT/hadoop-hdds-container-service-0.4.1-SNAPSHOT.jar!/webapps/static,UNAVAILABLE}
2019-07-31 00:42:54,364 INFO  handler.ContextHandler (ContextHandler.java:doStop(910)) - Stopped o.e.j.s.ServletContextHandler@6419726f{/logs,file:///workdir/hadoop-ozone/integration-test/target/log,UNAVAILABLE}
2019-07-31 00:42:54,372 INFO  statemachine.DatanodeStateMachine (DatanodeStateMachine.java:stopDaemon(395)) - Ozone container server stopped.
2019-07-31 00:42:54,375 INFO  handler.ContextHandler (ContextHandler.java:doStop(910)) - Stopped o.e.j.w.WebAppContext@745c25ed{/,null,UNAVAILABLE}{/hddsDatanode}
2019-07-31 00:42:54,376 INFO  server.AbstractConnector (AbstractConnector.java:doStop(318)) - Stopped ServerConnector@4fb1bffd{HTTP/1.1,[http/1.1]}{0.0.0.0:0}
2019-07-31 00:42:54,376 INFO  handler.ContextHandler (ContextHandler.java:doStop(910)) - Stopped o.e.j.s.ServletContextHandler@421c4c3e{/static,jar:file:/home/user/.m2/repository/org/apache/hadoop/hadoop-hdds-container-service/0.4.1-SNAPSHOT/hadoop-hdds-container-service-0.4.1-SNAPSHOT.jar!/webapps/static,UNAVAILABLE}
2019-07-31 00:42:54,376 INFO  handler.ContextHandler (ContextHandler.java:doStop(910)) - Stopped o.e.j.s.ServletContextHandler@52dfd7f5{/logs,file:///workdir/hadoop-ozone/integration-test/target/log,UNAVAILABLE}
2019-07-31 00:42:54,377 INFO  ozone.MiniOzoneClusterImpl (MiniOzoneClusterImpl.java:stop(353)) - Stopping the StorageContainerManager
2019-07-31 00:42:54,377 INFO  server.StorageContainerManager (StorageContainerManager.java:stop(796)) - Stopping Replication Manager Service.
2019-07-31 00:42:54,377 INFO  container.ReplicationManager (ReplicationManager.java:stop(187)) - Stopping Replication Monitor Thread.
2019-07-31 00:42:54,378 INFO  server.StorageContainerManager (StorageContainerManager.java:stop(803)) - Stopping Lease Manager of the command watchers
2019-07-31 00:42:54,378 INFO  server.StorageContainerManager (StorageContainerManager.java:stop(810)) - Stopping datanode service RPC server
2019-07-31 00:42:54,378 INFO  server.SCMDatanodeProtocolServer (SCMDatanodeProtocolServer.java:stop(367)) - Stopping the RPC server for DataNodes
2019-07-31 00:42:54,378 INFO  ipc.Server (Server.java:stop(3082)) - Stopping server on 44802
2019-07-31 00:42:54,382 INFO  ipc.Server (Server.java:run(1185)) - Stopping IPC Server listener on 44802
2019-07-31 00:42:54,382 INFO  ipc.Server (Server.java:run(1319)) - Stopping IPC Server Responder
2019-07-31 00:42:54,404 WARN  node.NodeStateManager (NodeStateManager.java:scheduleNextHealthCheck(631)) - Current Thread is interrupted, shutting down HB processing thread for Node Manager.
2019-07-31 00:42:54,405 INFO  server.StorageContainerManager (StorageContainerManager.java:stop(818)) - Stopping block service RPC server
2019-07-31 00:42:54,405 INFO  server.SCMBlockProtocolServer (SCMBlockProtocolServer.java:stop(148)) - Stopping the RPC server for Block Protocol
2019-07-31 00:42:54,405 INFO  ipc.Server (Server.java:stop(3082)) - Stopping server on 41086
2019-07-31 00:42:54,407 INFO  server.StorageContainerManager (StorageContainerManager.java:stop(825)) - Stopping the StorageContainerLocationProtocol RPC server
2019-07-31 00:42:54,407 INFO  ipc.Server (Server.java:run(1185)) - Stopping IPC Server listener on 41086
2019-07-31 00:42:54,408 INFO  ipc.Server (Server.java:run(1319)) - Stopping IPC Server Responder
2019-07-31 00:42:54,408 INFO  server.SCMClientProtocolServer (SCMClientProtocolServer.java:stop(159)) - Stopping the RPC server for Client Protocol
2019-07-31 00:42:54,408 INFO  ipc.Server (Server.java:stop(3082)) - Stopping server on 42138
2019-07-31 00:42:54,411 INFO  ipc.Server (Server.java:run(1185)) - Stopping IPC Server listener on 42138
2019-07-31 00:42:54,411 INFO  server.StorageContainerManager (StorageContainerManager.java:stop(832)) - Stopping Storage Container Manager HTTP server.
2019-07-31 00:42:54,411 INFO  ipc.Server (Server.java:run(1319)) - Stopping IPC Server Responder
2019-07-31 00:42:54,412 INFO  handler.ContextHandler (ContextHandler.java:doStop(910)) - Stopped o.e.j.w.WebAppContext@77c1a7ce{/,null,UNAVAILABLE}{/scm}
2019-07-31 00:42:54,413 INFO  server.AbstractConnector (AbstractConnector.java:doStop(318)) - Stopped ServerConnector@14a488ed{HTTP/1.1,[http/1.1]}{0.0.0.0:0}
2019-07-31 00:42:54,413 INFO  handler.ContextHandler (ContextHandler.java:doStop(910)) - Stopped o.e.j.s.ServletContextHandler@43069adf{/static,file:///workdir/hadoop-ozone/integration-test/target/test-classes/webapps/static,UNAVAILABLE}
2019-07-31 00:42:54,413 INFO  handler.ContextHandler (ContextHandler.java:doStop(910)) - Stopped o.e.j.s.ServletContextHandler@76e4df53{/logs,file:///workdir/hadoop-ozone/integration-test/target/log,UNAVAILABLE}
2019-07-31 00:42:54,414 INFO  server.StorageContainerManager (StorageContainerManager.java:stop(843)) - Stopping Block Manager Service.
2019-07-31 00:42:54,414 INFO  utils.BackgroundService (BackgroundService.java:shutdown(148)) - Shutting down service SCMBlockDeletingService
2019-07-31 00:42:54,415 INFO  utils.BackgroundService (BackgroundService.java:shutdown(148)) - Shutting down service SCMBlockDeletingService
2019-07-31 00:42:54,415 INFO  server.StorageContainerManager (StorageContainerManager.java:stop(865)) - Stopping SCM Event Queue.
2019-07-31 00:42:54,440 INFO  impl.MetricsSystemImpl (MetricsSystemImpl.java:stop(210)) - Stopping HddsDatanode metrics system...
2019-07-31 00:42:54,448 INFO  impl.MetricsSystemImpl (MetricsSystemImpl.java:stop(216)) - HddsDatanode metrics system stopped.
]]></system-out>
    <system-err><![CDATA[Jul 31, 2019 12:42:07 AM com.sun.jersey.server.impl.application.WebApplicationImpl _initiate
INFO: Initiating Jersey application, version 'Jersey: 1.19 02/11/2015 03:25 AM'
Jul 31, 2019 12:42:07 AM com.sun.jersey.server.impl.application.WebApplicationImpl _initiate
INFO: Initiating Jersey application, version 'Jersey: 1.19 02/11/2015 03:25 AM'
Jul 31, 2019 12:42:08 AM com.sun.jersey.server.impl.application.WebApplicationImpl _initiate
INFO: Initiating Jersey application, version 'Jersey: 1.19 02/11/2015 03:25 AM'
Jul 31, 2019 12:42:08 AM com.sun.jersey.server.impl.application.WebApplicationImpl _initiate
INFO: Initiating Jersey application, version 'Jersey: 1.19 02/11/2015 03:25 AM'
Jul 31, 2019 12:42:08 AM com.sun.jersey.server.impl.application.WebApplicationImpl _initiate
INFO: Initiating Jersey application, version 'Jersey: 1.19 02/11/2015 03:25 AM'
Jul 31, 2019 12:42:08 AM com.sun.jersey.server.impl.application.WebApplicationImpl _initiate
INFO: Initiating Jersey application, version 'Jersey: 1.19 02/11/2015 03:25 AM'
Jul 31, 2019 12:42:08 AM com.sun.jersey.server.impl.application.WebApplicationImpl _initiate
INFO: Initiating Jersey application, version 'Jersey: 1.19 02/11/2015 03:25 AM'
Jul 31, 2019 12:42:11 AM org.apache.ratis.thirdparty.io.grpc.internal.ManagedChannelOrphanWrapper$ManagedChannelReference cleanQueue
SEVERE: *~*~*~ Channel ManagedChannelImpl{logId=2940, target=192.168.69.114:34890} was not shutdown properly!!! ~*~*~*
    Make sure to call shutdown()/shutdownNow() and wait until awaitTermination() returns true.
java.lang.RuntimeException: ManagedChannel allocation site
	at org.apache.ratis.thirdparty.io.grpc.internal.ManagedChannelOrphanWrapper$ManagedChannelReference.<init>(ManagedChannelOrphanWrapper.java:103)
	at org.apache.ratis.thirdparty.io.grpc.internal.ManagedChannelOrphanWrapper.<init>(ManagedChannelOrphanWrapper.java:53)
	at org.apache.ratis.thirdparty.io.grpc.internal.ManagedChannelOrphanWrapper.<init>(ManagedChannelOrphanWrapper.java:44)
	at org.apache.ratis.thirdparty.io.grpc.internal.AbstractManagedChannelImplBuilder.build(AbstractManagedChannelImplBuilder.java:411)
	at org.apache.ratis.grpc.client.GrpcClientProtocolClient.<init>(GrpcClientProtocolClient.java:119)
	at org.apache.ratis.grpc.client.GrpcClientRpc.lambda$new$0(GrpcClientRpc.java:55)
	at org.apache.ratis.util.PeerProxyMap$PeerAndProxy.lambda$getProxy$0(PeerProxyMap.java:61)
	at org.apache.ratis.util.LifeCycle.startAndTransition(LifeCycle.java:202)
	at org.apache.ratis.util.PeerProxyMap$PeerAndProxy.getProxy(PeerProxyMap.java:60)
	at org.apache.ratis.util.PeerProxyMap.getProxy(PeerProxyMap.java:107)
	at org.apache.ratis.grpc.client.GrpcClientRpc.sendRequestAsync(GrpcClientRpc.java:66)
	at org.apache.ratis.client.impl.OrderedAsync.sendRequest(OrderedAsync.java:208)
	at org.apache.ratis.client.impl.OrderedAsync.sendRequestWithRetry(OrderedAsync.java:169)
	at org.apache.ratis.util.SlidingWindow$Client.sendOrDelayRequest(SlidingWindow.java:278)
	at org.apache.ratis.util.SlidingWindow$Client.retry(SlidingWindow.java:294)
	at org.apache.ratis.client.impl.OrderedAsync.lambda$scheduleWithTimeout$7(OrderedAsync.java:195)
	at org.apache.ratis.util.TimeoutScheduler.lambda$onTimeout$0(TimeoutScheduler.java:85)
	at org.apache.ratis.util.TimeoutScheduler.lambda$onTimeout$1(TimeoutScheduler.java:104)
	at org.apache.ratis.util.LogUtils.runAndLog(LogUtils.java:50)
	at org.apache.ratis.util.LogUtils$1.run(LogUtils.java:91)
	at java.util.concurrent.Executors$RunnableAdapter.call(Executors.java:511)
	at java.util.concurrent.FutureTask.run(FutureTask.java:266)
	at java.util.concurrent.ScheduledThreadPoolExecutor$ScheduledFutureTask.access$201(ScheduledThreadPoolExecutor.java:180)
	at java.util.concurrent.ScheduledThreadPoolExecutor$ScheduledFutureTask.run(ScheduledThreadPoolExecutor.java:293)
	at java.util.concurrent.ThreadPoolExecutor.runWorker(ThreadPoolExecutor.java:1149)
	at java.util.concurrent.ThreadPoolExecutor$Worker.run(ThreadPoolExecutor.java:624)
	at java.lang.Thread.run(Thread.java:748)

Jul 31, 2019 12:42:11 AM org.apache.ratis.thirdparty.io.grpc.internal.ManagedChannelOrphanWrapper$ManagedChannelReference cleanQueue
SEVERE: *~*~*~ Channel ManagedChannelImpl{logId=2955, target=192.168.69.114:43701} was not shutdown properly!!! ~*~*~*
    Make sure to call shutdown()/shutdownNow() and wait until awaitTermination() returns true.
java.lang.RuntimeException: ManagedChannel allocation site
	at org.apache.ratis.thirdparty.io.grpc.internal.ManagedChannelOrphanWrapper$ManagedChannelReference.<init>(ManagedChannelOrphanWrapper.java:103)
	at org.apache.ratis.thirdparty.io.grpc.internal.ManagedChannelOrphanWrapper.<init>(ManagedChannelOrphanWrapper.java:53)
	at org.apache.ratis.thirdparty.io.grpc.internal.ManagedChannelOrphanWrapper.<init>(ManagedChannelOrphanWrapper.java:44)
	at org.apache.ratis.thirdparty.io.grpc.internal.AbstractManagedChannelImplBuilder.build(AbstractManagedChannelImplBuilder.java:411)
	at org.apache.hadoop.hdds.scm.XceiverClientGrpc.connectToDatanode(XceiverClientGrpc.java:174)
	at org.apache.hadoop.hdds.scm.XceiverClientGrpc.reconnect(XceiverClientGrpc.java:422)
	at org.apache.hadoop.hdds.scm.XceiverClientGrpc.sendCommandAsync(XceiverClientGrpc.java:371)
	at org.apache.hadoop.hdds.scm.XceiverClientGrpc.sendCommandWithRetry(XceiverClientGrpc.java:284)
	at org.apache.hadoop.hdds.scm.XceiverClientGrpc.sendCommandWithTraceIDAndRetry(XceiverClientGrpc.java:250)
	at org.apache.hadoop.hdds.scm.XceiverClientGrpc.sendCommand(XceiverClientGrpc.java:233)
	at org.apache.hadoop.hdds.scm.storage.ContainerProtocolCalls.getBlock(ContainerProtocolCalls.java:118)
	at org.apache.hadoop.hdds.scm.storage.BlockInputStream.getChunkInfos(BlockInputStream.java:167)
	at org.apache.hadoop.hdds.scm.storage.BlockInputStream.initialize(BlockInputStream.java:118)
	at org.apache.hadoop.hdds.scm.storage.BlockInputStream.read(BlockInputStream.java:222)
	at org.apache.hadoop.ozone.client.io.KeyInputStream.read(KeyInputStream.java:171)
	at org.apache.hadoop.ozone.client.io.OzoneInputStream.read(OzoneInputStream.java:47)
	at java.io.InputStream.read(InputStream.java:101)
	at org.apache.hadoop.ozone.container.ContainerTestHelper.validateData(ContainerTestHelper.java:709)
	at org.apache.hadoop.ozone.client.rpc.TestBlockOutputStreamWithFailures.validateData(TestBlockOutputStreamWithFailures.java:1212)
	at org.apache.hadoop.ozone.client.rpc.TestBlockOutputStreamWithFailures.testWatchForCommitWithSingleNodeRatis(TestBlockOutputStreamWithFailures.java:914)
	at sun.reflect.NativeMethodAccessorImpl.invoke0(Native Method)
	at sun.reflect.NativeMethodAccessorImpl.invoke(NativeMethodAccessorImpl.java:62)
	at sun.reflect.DelegatingMethodAccessorImpl.invoke(DelegatingMethodAccessorImpl.java:43)
	at java.lang.reflect.Method.invoke(Method.java:498)
	at org.junit.runners.model.FrameworkMethod$1.runReflectiveCall(FrameworkMethod.java:47)
	at org.junit.internal.runners.model.ReflectiveCallable.run(ReflectiveCallable.java:12)
	at org.junit.runners.model.FrameworkMethod.invokeExplosively(FrameworkMethod.java:44)
	at org.junit.internal.runners.statements.InvokeMethod.evaluate(InvokeMethod.java:17)
	at org.junit.internal.runners.statements.RunBefores.evaluate(RunBefores.java:26)
	at org.junit.internal.runners.statements.RunAfters.evaluate(RunAfters.java:27)
	at org.junit.runners.ParentRunner.runLeaf(ParentRunner.java:271)
	at org.junit.runners.BlockJUnit4ClassRunner.runChild(BlockJUnit4ClassRunner.java:70)
	at org.junit.runners.BlockJUnit4ClassRunner.runChild(BlockJUnit4ClassRunner.java:50)
	at org.junit.runners.ParentRunner$3.run(ParentRunner.java:238)
	at org.junit.runners.ParentRunner$1.schedule(ParentRunner.java:63)
	at org.junit.runners.ParentRunner.runChildren(ParentRunner.java:236)
	at org.junit.runners.ParentRunner.access$000(ParentRunner.java:53)
	at org.junit.runners.ParentRunner$2.evaluate(ParentRunner.java:229)
	at org.junit.runners.ParentRunner.run(ParentRunner.java:309)
	at org.apache.maven.surefire.junit4.JUnit4Provider.execute(JUnit4Provider.java:365)
	at org.apache.maven.surefire.junit4.JUnit4Provider.executeWithRerun(JUnit4Provider.java:273)
	at org.apache.maven.surefire.junit4.JUnit4Provider.executeTestSet(JUnit4Provider.java:238)
	at org.apache.maven.surefire.junit4.JUnit4Provider.invoke(JUnit4Provider.java:159)
	at org.apache.maven.surefire.booter.ForkedBooter.invokeProviderInSameClassLoader(ForkedBooter.java:384)
	at org.apache.maven.surefire.booter.ForkedBooter.runSuitesInProcess(ForkedBooter.java:345)
	at org.apache.maven.surefire.booter.ForkedBooter.execute(ForkedBooter.java:126)
	at org.apache.maven.surefire.booter.ForkedBooter.main(ForkedBooter.java:418)

Jul 31, 2019 12:42:11 AM org.apache.ratis.thirdparty.io.grpc.internal.ManagedChannelOrphanWrapper$ManagedChannelReference cleanQueue
SEVERE: *~*~*~ Channel ManagedChannelImpl{logId=2740, target=192.168.69.114:37828} was not shutdown properly!!! ~*~*~*
    Make sure to call shutdown()/shutdownNow() and wait until awaitTermination() returns true.
java.lang.RuntimeException: ManagedChannel allocation site
	at org.apache.ratis.thirdparty.io.grpc.internal.ManagedChannelOrphanWrapper$ManagedChannelReference.<init>(ManagedChannelOrphanWrapper.java:103)
	at org.apache.ratis.thirdparty.io.grpc.internal.ManagedChannelOrphanWrapper.<init>(ManagedChannelOrphanWrapper.java:53)
	at org.apache.ratis.thirdparty.io.grpc.internal.ManagedChannelOrphanWrapper.<init>(ManagedChannelOrphanWrapper.java:44)
	at org.apache.ratis.thirdparty.io.grpc.internal.AbstractManagedChannelImplBuilder.build(AbstractManagedChannelImplBuilder.java:411)
	at org.apache.ratis.grpc.client.GrpcClientProtocolClient.<init>(GrpcClientProtocolClient.java:119)
	at org.apache.ratis.grpc.client.GrpcClientRpc.lambda$new$0(GrpcClientRpc.java:55)
	at org.apache.ratis.util.PeerProxyMap$PeerAndProxy.lambda$getProxy$0(PeerProxyMap.java:61)
	at org.apache.ratis.util.LifeCycle.startAndTransition(LifeCycle.java:202)
	at org.apache.ratis.util.PeerProxyMap$PeerAndProxy.getProxy(PeerProxyMap.java:60)
	at org.apache.ratis.util.PeerProxyMap.getProxy(PeerProxyMap.java:107)
	at org.apache.ratis.grpc.client.GrpcClientRpc.sendRequestAsync(GrpcClientRpc.java:66)
	at org.apache.ratis.client.impl.OrderedAsync.sendRequest(OrderedAsync.java:208)
	at org.apache.ratis.client.impl.OrderedAsync.sendRequestWithRetry(OrderedAsync.java:169)
	at org.apache.ratis.util.SlidingWindow$Client.sendOrDelayRequest(SlidingWindow.java:278)
	at org.apache.ratis.util.SlidingWindow$Client.submitNewRequest(SlidingWindow.java:257)
	at org.apache.ratis.client.impl.OrderedAsync.send(OrderedAsync.java:155)
	at org.apache.ratis.client.impl.RaftClientImpl.sendAsync(RaftClientImpl.java:145)
	at org.apache.ratis.client.impl.RaftClientImpl.sendAsync(RaftClientImpl.java:125)
	at org.apache.hadoop.hdds.scm.XceiverClientRatis.sendRequestAsync(XceiverClientRatis.java:224)
	at org.apache.hadoop.hdds.scm.XceiverClientRatis.sendCommandAsync(XceiverClientRatis.java:302)
	at org.apache.hadoop.hdds.scm.storage.ContainerProtocolCalls.writeChunkAsync(ContainerProtocolCalls.java:310)
	at org.apache.hadoop.hdds.scm.storage.BlockOutputStream.writeChunkToContainer(BlockOutputStream.java:601)
	at org.apache.hadoop.hdds.scm.storage.BlockOutputStream.writeChunk(BlockOutputStream.java:459)
	at org.apache.hadoop.hdds.scm.storage.BlockOutputStream.writeOnRetry(BlockOutputStream.java:285)
	at org.apache.hadoop.ozone.client.io.BlockOutputStreamEntry.writeOnRetry(BlockOutputStreamEntry.java:200)
	at org.apache.hadoop.ozone.client.io.KeyOutputStream.handleWrite(KeyOutputStream.java:209)
	at org.apache.hadoop.ozone.client.io.KeyOutputStream.handleRetry(KeyOutputStream.java:376)
	at org.apache.hadoop.ozone.client.io.KeyOutputStream.handleException(KeyOutputStream.java:325)
	at org.apache.hadoop.ozone.client.io.KeyOutputStream.handleFlushOrClose(KeyOutputStream.java:448)
	at org.apache.hadoop.ozone.client.io.KeyOutputStream.handleWrite(KeyOutputStream.java:235)
	at org.apache.hadoop.ozone.client.io.KeyOutputStream.write(KeyOutputStream.java:193)
	at org.apache.hadoop.ozone.client.io.OzoneOutputStream.write(OzoneOutputStream.java:49)
	at java.io.OutputStream.write(OutputStream.java:75)
	at org.apache.hadoop.ozone.client.rpc.TestBlockOutputStreamWithFailures.testDatanodeFailureWithSingleNodeRatis(TestBlockOutputStreamWithFailures.java:1017)
	at sun.reflect.NativeMethodAccessorImpl.invoke0(Native Method)
	at sun.reflect.NativeMethodAccessorImpl.invoke(NativeMethodAccessorImpl.java:62)
	at sun.reflect.DelegatingMethodAccessorImpl.invoke(DelegatingMethodAccessorImpl.java:43)
	at java.lang.reflect.Method.invoke(Method.java:498)
	at org.junit.runners.model.FrameworkMethod$1.runReflectiveCall(FrameworkMethod.java:47)
	at org.junit.internal.runners.model.ReflectiveCallable.run(ReflectiveCallable.java:12)
	at org.junit.runners.model.FrameworkMethod.invokeExplosively(FrameworkMethod.java:44)
	at org.junit.internal.runners.statements.InvokeMethod.evaluate(InvokeMethod.java:17)
	at org.junit.internal.runners.statements.RunBefores.evaluate(RunBefores.java:26)
	at org.junit.internal.runners.statements.RunAfters.evaluate(RunAfters.java:27)
	at org.junit.runners.ParentRunner.runLeaf(ParentRunner.java:271)
	at org.junit.runners.BlockJUnit4ClassRunner.runChild(BlockJUnit4ClassRunner.java:70)
	at org.junit.runners.BlockJUnit4ClassRunner.runChild(BlockJUnit4ClassRunner.java:50)
	at org.junit.runners.ParentRunner$3.run(ParentRunner.java:238)
	at org.junit.runners.ParentRunner$1.schedule(ParentRunner.java:63)
	at org.junit.runners.ParentRunner.runChildren(ParentRunner.java:236)
	at org.junit.runners.ParentRunner.access$000(ParentRunner.java:53)
	at org.junit.runners.ParentRunner$2.evaluate(ParentRunner.java:229)
	at org.junit.runners.ParentRunner.run(ParentRunner.java:309)
	at org.apache.maven.surefire.junit4.JUnit4Provider.execute(JUnit4Provider.java:365)
	at org.apache.maven.surefire.junit4.JUnit4Provider.executeWithRerun(JUnit4Provider.java:273)
	at org.apache.maven.surefire.junit4.JUnit4Provider.executeTestSet(JUnit4Provider.java:238)
	at org.apache.maven.surefire.junit4.JUnit4Provider.invoke(JUnit4Provider.java:159)
	at org.apache.maven.surefire.booter.ForkedBooter.invokeProviderInSameClassLoader(ForkedBooter.java:384)
	at org.apache.maven.surefire.booter.ForkedBooter.runSuitesInProcess(ForkedBooter.java:345)
	at org.apache.maven.surefire.booter.ForkedBooter.execute(ForkedBooter.java:126)
	at org.apache.maven.surefire.booter.ForkedBooter.main(ForkedBooter.java:418)

Jul 31, 2019 12:42:11 AM org.apache.ratis.thirdparty.io.grpc.internal.ManagedChannelOrphanWrapper$ManagedChannelReference cleanQueue
SEVERE: *~*~*~ Channel ManagedChannelImpl{logId=2950, target=192.168.69.114:38422} was not shutdown properly!!! ~*~*~*
    Make sure to call shutdown()/shutdownNow() and wait until awaitTermination() returns true.
java.lang.RuntimeException: ManagedChannel allocation site
	at org.apache.ratis.thirdparty.io.grpc.internal.ManagedChannelOrphanWrapper$ManagedChannelReference.<init>(ManagedChannelOrphanWrapper.java:103)
	at org.apache.ratis.thirdparty.io.grpc.internal.ManagedChannelOrphanWrapper.<init>(ManagedChannelOrphanWrapper.java:53)
	at org.apache.ratis.thirdparty.io.grpc.internal.ManagedChannelOrphanWrapper.<init>(ManagedChannelOrphanWrapper.java:44)
	at org.apache.ratis.thirdparty.io.grpc.internal.AbstractManagedChannelImplBuilder.build(AbstractManagedChannelImplBuilder.java:411)
	at org.apache.hadoop.hdds.scm.XceiverClientGrpc.connectToDatanode(XceiverClientGrpc.java:174)
	at org.apache.hadoop.hdds.scm.XceiverClientGrpc.reconnect(XceiverClientGrpc.java:422)
	at org.apache.hadoop.hdds.scm.XceiverClientGrpc.sendCommandAsync(XceiverClientGrpc.java:371)
	at org.apache.hadoop.hdds.scm.XceiverClientGrpc.sendCommandWithRetry(XceiverClientGrpc.java:284)
	at org.apache.hadoop.hdds.scm.XceiverClientGrpc.sendCommandWithTraceIDAndRetry(XceiverClientGrpc.java:250)
	at org.apache.hadoop.hdds.scm.XceiverClientGrpc.sendCommand(XceiverClientGrpc.java:233)
	at org.apache.hadoop.hdds.scm.storage.ContainerProtocolCalls.getBlock(ContainerProtocolCalls.java:118)
	at org.apache.hadoop.hdds.scm.storage.BlockInputStream.getChunkInfos(BlockInputStream.java:167)
	at org.apache.hadoop.hdds.scm.storage.BlockInputStream.initialize(BlockInputStream.java:118)
	at org.apache.hadoop.hdds.scm.storage.BlockInputStream.read(BlockInputStream.java:222)
	at org.apache.hadoop.ozone.client.io.KeyInputStream.read(KeyInputStream.java:171)
	at org.apache.hadoop.ozone.client.io.OzoneInputStream.read(OzoneInputStream.java:47)
	at java.io.InputStream.read(InputStream.java:101)
	at org.apache.hadoop.ozone.container.ContainerTestHelper.validateData(ContainerTestHelper.java:709)
	at org.apache.hadoop.ozone.client.rpc.TestBlockOutputStreamWithFailures.validateData(TestBlockOutputStreamWithFailures.java:1212)
	at org.apache.hadoop.ozone.client.rpc.TestBlockOutputStreamWithFailures.testWatchForCommitWithSingleNodeRatis(TestBlockOutputStreamWithFailures.java:914)
	at sun.reflect.NativeMethodAccessorImpl.invoke0(Native Method)
	at sun.reflect.NativeMethodAccessorImpl.invoke(NativeMethodAccessorImpl.java:62)
	at sun.reflect.DelegatingMethodAccessorImpl.invoke(DelegatingMethodAccessorImpl.java:43)
	at java.lang.reflect.Method.invoke(Method.java:498)
	at org.junit.runners.model.FrameworkMethod$1.runReflectiveCall(FrameworkMethod.java:47)
	at org.junit.internal.runners.model.ReflectiveCallable.run(ReflectiveCallable.java:12)
	at org.junit.runners.model.FrameworkMethod.invokeExplosively(FrameworkMethod.java:44)
	at org.junit.internal.runners.statements.InvokeMethod.evaluate(InvokeMethod.java:17)
	at org.junit.internal.runners.statements.RunBefores.evaluate(RunBefores.java:26)
	at org.junit.internal.runners.statements.RunAfters.evaluate(RunAfters.java:27)
	at org.junit.runners.ParentRunner.runLeaf(ParentRunner.java:271)
	at org.junit.runners.BlockJUnit4ClassRunner.runChild(BlockJUnit4ClassRunner.java:70)
	at org.junit.runners.BlockJUnit4ClassRunner.runChild(BlockJUnit4ClassRunner.java:50)
	at org.junit.runners.ParentRunner$3.run(ParentRunner.java:238)
	at org.junit.runners.ParentRunner$1.schedule(ParentRunner.java:63)
	at org.junit.runners.ParentRunner.runChildren(ParentRunner.java:236)
	at org.junit.runners.ParentRunner.access$000(ParentRunner.java:53)
	at org.junit.runners.ParentRunner$2.evaluate(ParentRunner.java:229)
	at org.junit.runners.ParentRunner.run(ParentRunner.java:309)
	at org.apache.maven.surefire.junit4.JUnit4Provider.execute(JUnit4Provider.java:365)
	at org.apache.maven.surefire.junit4.JUnit4Provider.executeWithRerun(JUnit4Provider.java:273)
	at org.apache.maven.surefire.junit4.JUnit4Provider.executeTestSet(JUnit4Provider.java:238)
	at org.apache.maven.surefire.junit4.JUnit4Provider.invoke(JUnit4Provider.java:159)
	at org.apache.maven.surefire.booter.ForkedBooter.invokeProviderInSameClassLoader(ForkedBooter.java:384)
	at org.apache.maven.surefire.booter.ForkedBooter.runSuitesInProcess(ForkedBooter.java:345)
	at org.apache.maven.surefire.booter.ForkedBooter.execute(ForkedBooter.java:126)
	at org.apache.maven.surefire.booter.ForkedBooter.main(ForkedBooter.java:418)

Jul 31, 2019 12:42:11 AM org.apache.ratis.thirdparty.io.grpc.internal.ManagedChannelOrphanWrapper$ManagedChannelReference cleanQueue
SEVERE: *~*~*~ Channel ManagedChannelImpl{logId=2766, target=192.168.69.114:40674} was not shutdown properly!!! ~*~*~*
    Make sure to call shutdown()/shutdownNow() and wait until awaitTermination() returns true.
java.lang.RuntimeException: ManagedChannel allocation site
	at org.apache.ratis.thirdparty.io.grpc.internal.ManagedChannelOrphanWrapper$ManagedChannelReference.<init>(ManagedChannelOrphanWrapper.java:103)
	at org.apache.ratis.thirdparty.io.grpc.internal.ManagedChannelOrphanWrapper.<init>(ManagedChannelOrphanWrapper.java:53)
	at org.apache.ratis.thirdparty.io.grpc.internal.ManagedChannelOrphanWrapper.<init>(ManagedChannelOrphanWrapper.java:44)
	at org.apache.ratis.thirdparty.io.grpc.internal.AbstractManagedChannelImplBuilder.build(AbstractManagedChannelImplBuilder.java:411)
	at org.apache.hadoop.hdds.scm.XceiverClientGrpc.connectToDatanode(XceiverClientGrpc.java:174)
	at org.apache.hadoop.hdds.scm.XceiverClientGrpc.reconnect(XceiverClientGrpc.java:422)
	at org.apache.hadoop.hdds.scm.XceiverClientGrpc.sendCommandAsync(XceiverClientGrpc.java:371)
	at org.apache.hadoop.hdds.scm.XceiverClientGrpc.sendCommandWithRetry(XceiverClientGrpc.java:284)
	at org.apache.hadoop.hdds.scm.XceiverClientGrpc.sendCommandWithTraceIDAndRetry(XceiverClientGrpc.java:250)
	at org.apache.hadoop.hdds.scm.XceiverClientGrpc.sendCommand(XceiverClientGrpc.java:233)
	at org.apache.hadoop.hdds.scm.storage.ContainerProtocolCalls.getBlock(ContainerProtocolCalls.java:118)
	at org.apache.hadoop.hdds.scm.storage.BlockInputStream.getChunkInfos(BlockInputStream.java:167)
	at org.apache.hadoop.hdds.scm.storage.BlockInputStream.initialize(BlockInputStream.java:118)
	at org.apache.hadoop.hdds.scm.storage.BlockInputStream.read(BlockInputStream.java:222)
	at org.apache.hadoop.ozone.client.io.KeyInputStream.read(KeyInputStream.java:171)
	at org.apache.hadoop.ozone.client.io.OzoneInputStream.read(OzoneInputStream.java:47)
	at java.io.InputStream.read(InputStream.java:101)
	at org.apache.hadoop.ozone.container.ContainerTestHelper.validateData(ContainerTestHelper.java:709)
	at org.apache.hadoop.ozone.client.rpc.TestBlockOutputStreamWithFailures.validateData(TestBlockOutputStreamWithFailures.java:1212)
	at org.apache.hadoop.ozone.client.rpc.TestBlockOutputStreamWithFailures.testDatanodeFailureWithSingleNodeRatis(TestBlockOutputStreamWithFailures.java:1054)
	at sun.reflect.NativeMethodAccessorImpl.invoke0(Native Method)
	at sun.reflect.NativeMethodAccessorImpl.invoke(NativeMethodAccessorImpl.java:62)
	at sun.reflect.DelegatingMethodAccessorImpl.invoke(DelegatingMethodAccessorImpl.java:43)
	at java.lang.reflect.Method.invoke(Method.java:498)
	at org.junit.runners.model.FrameworkMethod$1.runReflectiveCall(FrameworkMethod.java:47)
	at org.junit.internal.runners.model.ReflectiveCallable.run(ReflectiveCallable.java:12)
	at org.junit.runners.model.FrameworkMethod.invokeExplosively(FrameworkMethod.java:44)
	at org.junit.internal.runners.statements.InvokeMethod.evaluate(InvokeMethod.java:17)
	at org.junit.internal.runners.statements.RunBefores.evaluate(RunBefores.java:26)
	at org.junit.internal.runners.statements.RunAfters.evaluate(RunAfters.java:27)
	at org.junit.runners.ParentRunner.runLeaf(ParentRunner.java:271)
	at org.junit.runners.BlockJUnit4ClassRunner.runChild(BlockJUnit4ClassRunner.java:70)
	at org.junit.runners.BlockJUnit4ClassRunner.runChild(BlockJUnit4ClassRunner.java:50)
	at org.junit.runners.ParentRunner$3.run(ParentRunner.java:238)
	at org.junit.runners.ParentRunner$1.schedule(ParentRunner.java:63)
	at org.junit.runners.ParentRunner.runChildren(ParentRunner.java:236)
	at org.junit.runners.ParentRunner.access$000(ParentRunner.java:53)
	at org.junit.runners.ParentRunner$2.evaluate(ParentRunner.java:229)
	at org.junit.runners.ParentRunner.run(ParentRunner.java:309)
	at org.apache.maven.surefire.junit4.JUnit4Provider.execute(JUnit4Provider.java:365)
	at org.apache.maven.surefire.junit4.JUnit4Provider.executeWithRerun(JUnit4Provider.java:273)
	at org.apache.maven.surefire.junit4.JUnit4Provider.executeTestSet(JUnit4Provider.java:238)
	at org.apache.maven.surefire.junit4.JUnit4Provider.invoke(JUnit4Provider.java:159)
	at org.apache.maven.surefire.booter.ForkedBooter.invokeProviderInSameClassLoader(ForkedBooter.java:384)
	at org.apache.maven.surefire.booter.ForkedBooter.runSuitesInProcess(ForkedBooter.java:345)
	at org.apache.maven.surefire.booter.ForkedBooter.execute(ForkedBooter.java:126)
	at org.apache.maven.surefire.booter.ForkedBooter.main(ForkedBooter.java:418)

Jul 31, 2019 12:42:11 AM org.apache.ratis.thirdparty.io.grpc.internal.ManagedChannelOrphanWrapper$ManagedChannelReference cleanQueue
SEVERE: *~*~*~ Channel ManagedChannelImpl{logId=2771, target=192.168.69.114:37438} was not shutdown properly!!! ~*~*~*
    Make sure to call shutdown()/shutdownNow() and wait until awaitTermination() returns true.
java.lang.RuntimeException: ManagedChannel allocation site
	at org.apache.ratis.thirdparty.io.grpc.internal.ManagedChannelOrphanWrapper$ManagedChannelReference.<init>(ManagedChannelOrphanWrapper.java:103)
	at org.apache.ratis.thirdparty.io.grpc.internal.ManagedChannelOrphanWrapper.<init>(ManagedChannelOrphanWrapper.java:53)
	at org.apache.ratis.thirdparty.io.grpc.internal.ManagedChannelOrphanWrapper.<init>(ManagedChannelOrphanWrapper.java:44)
	at org.apache.ratis.thirdparty.io.grpc.internal.AbstractManagedChannelImplBuilder.build(AbstractManagedChannelImplBuilder.java:411)
	at org.apache.hadoop.hdds.scm.XceiverClientGrpc.connectToDatanode(XceiverClientGrpc.java:174)
	at org.apache.hadoop.hdds.scm.XceiverClientGrpc.reconnect(XceiverClientGrpc.java:422)
	at org.apache.hadoop.hdds.scm.XceiverClientGrpc.sendCommandAsync(XceiverClientGrpc.java:371)
	at org.apache.hadoop.hdds.scm.XceiverClientGrpc.sendCommandWithRetry(XceiverClientGrpc.java:284)
	at org.apache.hadoop.hdds.scm.XceiverClientGrpc.sendCommandWithTraceIDAndRetry(XceiverClientGrpc.java:250)
	at org.apache.hadoop.hdds.scm.XceiverClientGrpc.sendCommand(XceiverClientGrpc.java:233)
	at org.apache.hadoop.hdds.scm.storage.ContainerProtocolCalls.getBlock(ContainerProtocolCalls.java:118)
	at org.apache.hadoop.hdds.scm.storage.BlockInputStream.getChunkInfos(BlockInputStream.java:167)
	at org.apache.hadoop.hdds.scm.storage.BlockInputStream.initialize(BlockInputStream.java:118)
	at org.apache.hadoop.hdds.scm.storage.BlockInputStream.read(BlockInputStream.java:222)
	at org.apache.hadoop.ozone.client.io.KeyInputStream.read(KeyInputStream.java:171)
	at org.apache.hadoop.ozone.client.io.OzoneInputStream.read(OzoneInputStream.java:47)
	at java.io.InputStream.read(InputStream.java:101)
	at org.apache.hadoop.ozone.container.ContainerTestHelper.validateData(ContainerTestHelper.java:709)
	at org.apache.hadoop.ozone.client.rpc.TestBlockOutputStreamWithFailures.validateData(TestBlockOutputStreamWithFailures.java:1212)
	at org.apache.hadoop.ozone.client.rpc.TestBlockOutputStreamWithFailures.testDatanodeFailureWithSingleNodeRatis(TestBlockOutputStreamWithFailures.java:1054)
	at sun.reflect.NativeMethodAccessorImpl.invoke0(Native Method)
	at sun.reflect.NativeMethodAccessorImpl.invoke(NativeMethodAccessorImpl.java:62)
	at sun.reflect.DelegatingMethodAccessorImpl.invoke(DelegatingMethodAccessorImpl.java:43)
	at java.lang.reflect.Method.invoke(Method.java:498)
	at org.junit.runners.model.FrameworkMethod$1.runReflectiveCall(FrameworkMethod.java:47)
	at org.junit.internal.runners.model.ReflectiveCallable.run(ReflectiveCallable.java:12)
	at org.junit.runners.model.FrameworkMethod.invokeExplosively(FrameworkMethod.java:44)
	at org.junit.internal.runners.statements.InvokeMethod.evaluate(InvokeMethod.java:17)
	at org.junit.internal.runners.statements.RunBefores.evaluate(RunBefores.java:26)
	at org.junit.internal.runners.statements.RunAfters.evaluate(RunAfters.java:27)
	at org.junit.runners.ParentRunner.runLeaf(ParentRunner.java:271)
	at org.junit.runners.BlockJUnit4ClassRunner.runChild(BlockJUnit4ClassRunner.java:70)
	at org.junit.runners.BlockJUnit4ClassRunner.runChild(BlockJUnit4ClassRunner.java:50)
	at org.junit.runners.ParentRunner$3.run(ParentRunner.java:238)
	at org.junit.runners.ParentRunner$1.schedule(ParentRunner.java:63)
	at org.junit.runners.ParentRunner.runChildren(ParentRunner.java:236)
	at org.junit.runners.ParentRunner.access$000(ParentRunner.java:53)
	at org.junit.runners.ParentRunner$2.evaluate(ParentRunner.java:229)
	at org.junit.runners.ParentRunner.run(ParentRunner.java:309)
	at org.apache.maven.surefire.junit4.JUnit4Provider.execute(JUnit4Provider.java:365)
	at org.apache.maven.surefire.junit4.JUnit4Provider.executeWithRerun(JUnit4Provider.java:273)
	at org.apache.maven.surefire.junit4.JUnit4Provider.executeTestSet(JUnit4Provider.java:238)
	at org.apache.maven.surefire.junit4.JUnit4Provider.invoke(JUnit4Provider.java:159)
	at org.apache.maven.surefire.booter.ForkedBooter.invokeProviderInSameClassLoader(ForkedBooter.java:384)
	at org.apache.maven.surefire.booter.ForkedBooter.runSuitesInProcess(ForkedBooter.java:345)
	at org.apache.maven.surefire.booter.ForkedBooter.execute(ForkedBooter.java:126)
	at org.apache.maven.surefire.booter.ForkedBooter.main(ForkedBooter.java:418)

Jul 31, 2019 12:42:11 AM org.apache.ratis.thirdparty.io.grpc.internal.ManagedChannelOrphanWrapper$ManagedChannelReference cleanQueue
SEVERE: *~*~*~ Channel ManagedChannelImpl{logId=2945, target=192.168.69.114:40931} was not shutdown properly!!! ~*~*~*
    Make sure to call shutdown()/shutdownNow() and wait until awaitTermination() returns true.
java.lang.RuntimeException: ManagedChannel allocation site
	at org.apache.ratis.thirdparty.io.grpc.internal.ManagedChannelOrphanWrapper$ManagedChannelReference.<init>(ManagedChannelOrphanWrapper.java:103)
	at org.apache.ratis.thirdparty.io.grpc.internal.ManagedChannelOrphanWrapper.<init>(ManagedChannelOrphanWrapper.java:53)
	at org.apache.ratis.thirdparty.io.grpc.internal.ManagedChannelOrphanWrapper.<init>(ManagedChannelOrphanWrapper.java:44)
	at org.apache.ratis.thirdparty.io.grpc.internal.AbstractManagedChannelImplBuilder.build(AbstractManagedChannelImplBuilder.java:411)
	at org.apache.ratis.grpc.client.GrpcClientProtocolClient.<init>(GrpcClientProtocolClient.java:119)
	at org.apache.ratis.grpc.client.GrpcClientRpc.lambda$new$0(GrpcClientRpc.java:55)
	at org.apache.ratis.util.PeerProxyMap$PeerAndProxy.lambda$getProxy$0(PeerProxyMap.java:61)
	at org.apache.ratis.util.LifeCycle.startAndTransition(LifeCycle.java:202)
	at org.apache.ratis.util.PeerProxyMap$PeerAndProxy.getProxy(PeerProxyMap.java:60)
	at org.apache.ratis.util.PeerProxyMap.getProxy(PeerProxyMap.java:107)
	at org.apache.ratis.grpc.client.GrpcClientRpc.sendRequestAsync(GrpcClientRpc.java:66)
	at org.apache.ratis.client.impl.OrderedAsync.sendRequest(OrderedAsync.java:208)
	at org.apache.ratis.client.impl.OrderedAsync.sendRequestWithRetry(OrderedAsync.java:169)
	at org.apache.ratis.util.SlidingWindow$Client.sendOrDelayRequest(SlidingWindow.java:278)
	at org.apache.ratis.util.SlidingWindow$Client.submitNewRequest(SlidingWindow.java:257)
	at org.apache.ratis.client.impl.OrderedAsync.send(OrderedAsync.java:155)
	at org.apache.ratis.client.impl.RaftClientImpl.sendAsync(RaftClientImpl.java:145)
	at org.apache.ratis.client.impl.RaftClientImpl.sendAsync(RaftClientImpl.java:125)
	at org.apache.hadoop.hdds.scm.XceiverClientRatis.sendRequestAsync(XceiverClientRatis.java:224)
	at org.apache.hadoop.hdds.scm.XceiverClientRatis.sendCommandAsync(XceiverClientRatis.java:302)
	at org.apache.hadoop.hdds.scm.storage.ContainerProtocolCalls.writeChunkAsync(ContainerProtocolCalls.java:310)
	at org.apache.hadoop.hdds.scm.storage.BlockOutputStream.writeChunkToContainer(BlockOutputStream.java:601)
	at org.apache.hadoop.hdds.scm.storage.BlockOutputStream.writeChunk(BlockOutputStream.java:459)
	at org.apache.hadoop.hdds.scm.storage.BlockOutputStream.writeOnRetry(BlockOutputStream.java:285)
	at org.apache.hadoop.ozone.client.io.BlockOutputStreamEntry.writeOnRetry(BlockOutputStreamEntry.java:200)
	at org.apache.hadoop.ozone.client.io.KeyOutputStream.handleWrite(KeyOutputStream.java:209)
	at org.apache.hadoop.ozone.client.io.KeyOutputStream.handleRetry(KeyOutputStream.java:376)
	at org.apache.hadoop.ozone.client.io.KeyOutputStream.handleException(KeyOutputStream.java:325)
	at org.apache.hadoop.ozone.client.io.KeyOutputStream.handleFlushOrClose(KeyOutputStream.java:448)
	at org.apache.hadoop.ozone.client.io.KeyOutputStream.handleWrite(KeyOutputStream.java:235)
	at org.apache.hadoop.ozone.client.io.KeyOutputStream.write(KeyOutputStream.java:193)
	at org.apache.hadoop.ozone.client.io.OzoneOutputStream.write(OzoneOutputStream.java:49)
	at java.io.OutputStream.write(OutputStream.java:75)
	at org.apache.hadoop.ozone.client.rpc.TestBlockOutputStreamWithFailures.testWatchForCommitWithSingleNodeRatis(TestBlockOutputStreamWithFailures.java:881)
	at sun.reflect.NativeMethodAccessorImpl.invoke0(Native Method)
	at sun.reflect.NativeMethodAccessorImpl.invoke(NativeMethodAccessorImpl.java:62)
	at sun.reflect.DelegatingMethodAccessorImpl.invoke(DelegatingMethodAccessorImpl.java:43)
	at java.lang.reflect.Method.invoke(Method.java:498)
	at org.junit.runners.model.FrameworkMethod$1.runReflectiveCall(FrameworkMethod.java:47)
	at org.junit.internal.runners.model.ReflectiveCallable.run(ReflectiveCallable.java:12)
	at org.junit.runners.model.FrameworkMethod.invokeExplosively(FrameworkMethod.java:44)
	at org.junit.internal.runners.statements.InvokeMethod.evaluate(InvokeMethod.java:17)
	at org.junit.internal.runners.statements.RunBefores.evaluate(RunBefores.java:26)
	at org.junit.internal.runners.statements.RunAfters.evaluate(RunAfters.java:27)
	at org.junit.runners.ParentRunner.runLeaf(ParentRunner.java:271)
	at org.junit.runners.BlockJUnit4ClassRunner.runChild(BlockJUnit4ClassRunner.java:70)
	at org.junit.runners.BlockJUnit4ClassRunner.runChild(BlockJUnit4ClassRunner.java:50)
	at org.junit.runners.ParentRunner$3.run(ParentRunner.java:238)
	at org.junit.runners.ParentRunner$1.schedule(ParentRunner.java:63)
	at org.junit.runners.ParentRunner.runChildren(ParentRunner.java:236)
	at org.junit.runners.ParentRunner.access$000(ParentRunner.java:53)
	at org.junit.runners.ParentRunner$2.evaluate(ParentRunner.java:229)
	at org.junit.runners.ParentRunner.run(ParentRunner.java:309)
	at org.apache.maven.surefire.junit4.JUnit4Provider.execute(JUnit4Provider.java:365)
	at org.apache.maven.surefire.junit4.JUnit4Provider.executeWithRerun(JUnit4Provider.java:273)
	at org.apache.maven.surefire.junit4.JUnit4Provider.executeTestSet(JUnit4Provider.java:238)
	at org.apache.maven.surefire.junit4.JUnit4Provider.invoke(JUnit4Provider.java:159)
	at org.apache.maven.surefire.booter.ForkedBooter.invokeProviderInSameClassLoader(ForkedBooter.java:384)
	at org.apache.maven.surefire.booter.ForkedBooter.runSuitesInProcess(ForkedBooter.java:345)
	at org.apache.maven.surefire.booter.ForkedBooter.execute(ForkedBooter.java:126)
	at org.apache.maven.surefire.booter.ForkedBooter.main(ForkedBooter.java:418)

]]></system-err>
  </testcase>
  <testcase name="testFailureWithPrimeSizedData" classname="org.apache.hadoop.ozone.client.rpc.TestBlockOutputStreamWithFailures" time="43.573"/>
  <testcase name="testWatchForCommitWithCloseContainerException" classname="org.apache.hadoop.ozone.client.rpc.TestBlockOutputStreamWithFailures" time="34.837"/>
  <testcase name="testExceptionDuringClose" classname="org.apache.hadoop.ozone.client.rpc.TestBlockOutputStreamWithFailures" time="36.295"/>
</testsuite>