<?xml version="1.0" encoding="UTF-8"?>
<testsuite xmlns:xsi="http://www.w3.org/2001/XMLSchema-instance" xsi:noNamespaceSchemaLocation="https://maven.apache.org/surefire/maven-surefire-plugin/xsd/surefire-test-report.xsd" name="org.apache.hadoop.ozone.client.rpc.TestOzoneClientRetriesOnException" time="73.057" tests="2" errors="1" skipped="0" failures="0">
  <properties>
    <property name="awt.toolkit" value="sun.awt.X11.XToolkit"/>
    <property name="file.encoding.pkg" value="sun.io"/>
    <property name="java.specification.version" value="1.8"/>
    <property name="sun.cpu.isalist" value=""/>
    <property name="sun.jnu.encoding" value="UTF-8"/>
    <property name="java.class.path" value="/workdir/hadoop-ozone/integration-test/target/test-classes:/workdir/hadoop-ozone/integration-test/target/classes:/home/user/.m2/repository/org/apache/hadoop/hadoop-ozone-common/0.4.1-SNAPSHOT/hadoop-ozone-common-0.4.1-SNAPSHOT.jar:/home/user/.m2/repository/org/apache/commons/commons-compress/1.4.1/commons-compress-1.4.1.jar:/home/user/.m2/repository/org/tukaani/xz/1.0/xz-1.0.jar:/home/user/.m2/repository/org/apache/hadoop/hadoop-common/3.2.0/hadoop-common-3.2.0.jar:/home/user/.m2/repository/org/apache/hadoop/hadoop-hdfs/3.2.0/hadoop-hdfs-3.2.0.jar:/home/user/.m2/repository/org/apache/hadoop/hadoop-hdfs-client/3.2.0/hadoop-hdfs-client-3.2.0.jar:/home/user/.m2/repository/com/fasterxml/jackson/core/jackson-annotations/2.9.5/jackson-annotations-2.9.5.jar:/home/user/.m2/repository/org/apache/hadoop/hadoop-hdds-common/0.4.1-SNAPSHOT/hadoop-hdds-common-0.4.1-SNAPSHOT.jar:/home/user/.m2/repository/javax/annotation/javax.annotation-api/1.2/javax.annotation-api-1.2.jar:/home/user/.m2/repository/org/apache/ratis/ratis-server/0.4.0-2337318-SNAPSHOT/ratis-server-0.4.0-2337318-SNAPSHOT.jar:/home/user/.m2/repository/org/apache/ratis/ratis-thirdparty-misc/0.2.0/ratis-thirdparty-misc-0.2.0.jar:/home/user/.m2/repository/org/apache/ratis/ratis-proto/0.4.0-2337318-SNAPSHOT/ratis-proto-0.4.0-2337318-SNAPSHOT.jar:/home/user/.m2/repository/org/apache/ratis/ratis-common/0.4.0-2337318-SNAPSHOT/ratis-common-0.4.0-2337318-SNAPSHOT.jar:/home/user/.m2/repository/org/apache/ratis/ratis-client/0.4.0-2337318-SNAPSHOT/ratis-client-0.4.0-2337318-SNAPSHOT.jar:/home/user/.m2/repository/org/apache/ratis/ratis-metrics/0.4.0-2337318-SNAPSHOT/ratis-metrics-0.4.0-2337318-SNAPSHOT.jar:/home/user/.m2/repository/org/apache/ratis/ratis-netty/0.4.0-2337318-SNAPSHOT/ratis-netty-0.4.0-2337318-SNAPSHOT.jar:/home/user/.m2/repository/org/apache/ratis/ratis-grpc/0.4.0-2337318-SNAPSHOT/ratis-grpc-0.4.0-2337318-SNAPSHOT.jar:/home/user/.m2/repository/org/rocksdb/rocksdbjni/6.0.1/rocksdbjni-6.0.1.jar:/home/user/.m2/repository/org/apache/logging/log4j/log4j-api/2.11.0/log4j-api-2.11.0.jar:/home/user/.m2/repository/org/apache/logging/log4j/log4j-core/2.11.0/log4j-core-2.11.0.jar:/home/user/.m2/repository/com/lmax/disruptor/3.4.2/disruptor-3.4.2.jar:/home/user/.m2/repository/org/apache/commons/commons-pool2/2.6.0/commons-pool2-2.6.0.jar:/home/user/.m2/repository/org/bouncycastle/bcpkix-jdk15on/1.60/bcpkix-jdk15on-1.60.jar:/home/user/.m2/repository/commons-validator/commons-validator/1.6/commons-validator-1.6.jar:/home/user/.m2/repository/commons-digester/commons-digester/1.8.1/commons-digester-1.8.1.jar:/home/user/.m2/repository/io/jaegertracing/jaeger-client/0.33.1/jaeger-client-0.33.1.jar:/home/user/.m2/repository/io/jaegertracing/jaeger-thrift/0.33.1/jaeger-thrift-0.33.1.jar:/home/user/.m2/repository/org/apache/thrift/libthrift/0.11.0/libthrift-0.11.0.jar:/home/user/.m2/repository/com/squareup/okhttp3/okhttp/3.9.0/okhttp-3.9.0.jar:/home/user/.m2/repository/com/squareup/okio/okio/1.13.0/okio-1.13.0.jar:/home/user/.m2/repository/io/jaegertracing/jaeger-core/0.33.1/jaeger-core-0.33.1.jar:/home/user/.m2/repository/io/jaegertracing/jaeger-tracerresolver/0.33.1/jaeger-tracerresolver-0.33.1.jar:/home/user/.m2/repository/io/opentracing/contrib/opentracing-tracerresolver/0.1.5/opentracing-tracerresolver-0.1.5.jar:/home/user/.m2/repository/io/opentracing/opentracing-util/0.31.0/opentracing-util-0.31.0.jar:/home/user/.m2/repository/io/opentracing/opentracing-api/0.31.0/opentracing-api-0.31.0.jar:/home/user/.m2/repository/io/opentracing/opentracing-noop/0.31.0/opentracing-noop-0.31.0.jar:/home/user/.m2/repository/org/apache/hadoop/hadoop-hdds-server-framework/0.4.1-SNAPSHOT/hadoop-hdds-server-framework-0.4.1-SNAPSHOT.jar:/home/user/.m2/repository/org/apache/hadoop/hadoop-hdds-container-service/0.4.1-SNAPSHOT/hadoop-hdds-container-service-0.4.1-SNAPSHOT.jar:/home/user/.m2/repository/org/apache/hadoop/hadoop-hdds-client/0.4.1-SNAPSHOT/hadoop-hdds-client-0.4.1-SNAPSHOT.jar:/home/user/.m2/repository/org/apache/hadoop/hadoop-hdds-tools/0.4.1-SNAPSHOT/hadoop-hdds-tools-0.4.1-SNAPSHOT.jar:/home/user/.m2/repository/org/apache/hadoop/hadoop-hdds-server-scm/0.4.1-SNAPSHOT/hadoop-hdds-server-scm-0.4.1-SNAPSHOT.jar:/home/user/.m2/repository/org/apache/hadoop/hadoop-hdds-docs/0.4.1-SNAPSHOT/hadoop-hdds-docs-0.4.1-SNAPSHOT.jar:/home/user/.m2/repository/io/dropwizard/metrics/metrics-core/3.2.4/metrics-core-3.2.4.jar:/home/user/.m2/repository/org/hamcrest/hamcrest-all/1.3/hamcrest-all-1.3.jar:/home/user/.m2/repository/org/bouncycastle/bcprov-jdk15on/1.60/bcprov-jdk15on-1.60.jar:/home/user/.m2/repository/info/picocli/picocli/3.9.6/picocli-3.9.6.jar:/home/user/.m2/repository/com/google/protobuf/protobuf-java/2.5.0/protobuf-java-2.5.0.jar:/home/user/.m2/repository/com/google/guava/guava/11.0.2/guava-11.0.2.jar:/home/user/.m2/repository/org/apache/hadoop/hadoop-ozone-ozone-manager/0.4.1-SNAPSHOT/hadoop-ozone-ozone-manager-0.4.1-SNAPSHOT.jar:/home/user/.m2/repository/org/apache/hadoop/hadoop-minikdc/3.2.0/hadoop-minikdc-3.2.0.jar:/home/user/.m2/repository/commons-io/commons-io/2.5/commons-io-2.5.jar:/home/user/.m2/repository/org/apache/kerby/kerb-simplekdc/1.0.1/kerb-simplekdc-1.0.1.jar:/home/user/.m2/repository/org/apache/kerby/kerb-client/1.0.1/kerb-client-1.0.1.jar:/home/user/.m2/repository/org/apache/kerby/kerby-config/1.0.1/kerby-config-1.0.1.jar:/home/user/.m2/repository/org/apache/kerby/kerb-core/1.0.1/kerb-core-1.0.1.jar:/home/user/.m2/repository/org/apache/kerby/kerby-pkix/1.0.1/kerby-pkix-1.0.1.jar:/home/user/.m2/repository/org/apache/kerby/kerby-asn1/1.0.1/kerby-asn1-1.0.1.jar:/home/user/.m2/repository/org/apache/kerby/kerby-util/1.0.1/kerby-util-1.0.1.jar:/home/user/.m2/repository/org/apache/kerby/kerb-common/1.0.1/kerb-common-1.0.1.jar:/home/user/.m2/repository/org/apache/kerby/kerb-crypto/1.0.1/kerb-crypto-1.0.1.jar:/home/user/.m2/repository/org/apache/kerby/kerb-util/1.0.1/kerb-util-1.0.1.jar:/home/user/.m2/repository/org/apache/kerby/token-provider/1.0.1/token-provider-1.0.1.jar:/home/user/.m2/repository/org/apache/kerby/kerb-admin/1.0.1/kerb-admin-1.0.1.jar:/home/user/.m2/repository/org/apache/kerby/kerb-server/1.0.1/kerb-server-1.0.1.jar:/home/user/.m2/repository/org/apache/kerby/kerb-identity/1.0.1/kerb-identity-1.0.1.jar:/home/user/.m2/repository/org/apache/kerby/kerby-xdr/1.0.1/kerby-xdr-1.0.1.jar:/home/user/.m2/repository/org/slf4j/slf4j-log4j12/1.7.25/slf4j-log4j12-1.7.25.jar:/home/user/.m2/repository/org/apache/hadoop/hadoop-ozone-objectstore-service/0.4.1-SNAPSHOT/hadoop-ozone-objectstore-service-0.4.1-SNAPSHOT.jar:/home/user/.m2/repository/org/apache/hadoop/hadoop-ozone-s3gateway/0.4.1-SNAPSHOT/hadoop-ozone-s3gateway-0.4.1-SNAPSHOT.jar:/home/user/.m2/repository/org/jboss/weld/servlet/weld-servlet/2.4.7.Final/weld-servlet-2.4.7.Final.jar:/home/user/.m2/repository/org/glassfish/jersey/containers/jersey-container-servlet-core/2.27/jersey-container-servlet-core-2.27.jar:/home/user/.m2/repository/org/glassfish/hk2/external/javax.inject/2.5.0-b42/javax.inject-2.5.0-b42.jar:/home/user/.m2/repository/org/glassfish/jersey/core/jersey-common/2.27/jersey-common-2.27.jar:/home/user/.m2/repository/org/glassfish/hk2/osgi-resource-locator/1.0.1/osgi-resource-locator-1.0.1.jar:/home/user/.m2/repository/javax/ws/rs/javax.ws.rs-api/2.1/javax.ws.rs-api-2.1.jar:/home/user/.m2/repository/org/glassfish/jersey/ext/cdi/jersey-cdi1x/2.27/jersey-cdi1x-2.27.jar:/home/user/.m2/repository/org/glassfish/jersey/inject/jersey-hk2/2.27/jersey-hk2-2.27.jar:/home/user/.m2/repository/org/glassfish/hk2/hk2-locator/2.5.0-b42/hk2-locator-2.5.0-b42.jar:/home/user/.m2/repository/org/javassist/javassist/3.22.0-CR2/javassist-3.22.0-CR2.jar:/home/user/.m2/repository/org/glassfish/hk2/hk2-api/2.5.0/hk2-api-2.5.0.jar:/home/user/.m2/repository/org/glassfish/hk2/external/jakarta.inject/2.5.0/jakarta.inject-2.5.0.jar:/home/user/.m2/repository/org/glassfish/hk2/hk2-utils/2.5.0/hk2-utils-2.5.0.jar:/home/user/.m2/repository/jakarta/annotation/jakarta.annotation-api/1.3.4/jakarta.annotation-api-1.3.4.jar:/home/user/.m2/repository/org/glassfish/hk2/external/aopalliance-repackaged/2.5.0/aopalliance-repackaged-2.5.0.jar:/home/user/.m2/repository/com/fasterxml/jackson/dataformat/jackson-dataformat-xml/2.9.0/jackson-dataformat-xml-2.9.0.jar:/home/user/.m2/repository/com/fasterxml/jackson/core/jackson-core/2.9.5/jackson-core-2.9.5.jar:/home/user/.m2/repository/com/fasterxml/jackson/module/jackson-module-jaxb-annotations/2.9.5/jackson-module-jaxb-annotations-2.9.5.jar:/home/user/.m2/repository/javax/enterprise/cdi-api/1.2/cdi-api-1.2.jar:/home/user/.m2/repository/javax/el/javax.el-api/3.0.0/javax.el-api-3.0.0.jar:/home/user/.m2/repository/javax/interceptor/javax.interceptor-api/1.2/javax.interceptor-api-1.2.jar:/home/user/.m2/repository/javax/inject/javax.inject/1/javax.inject-1.jar:/home/user/.m2/repository/com/sun/xml/bind/jaxb-impl/2.3.0.1/jaxb-impl-2.3.0.1.jar:/home/user/.m2/repository/com/sun/xml/bind/jaxb-core/2.3.0.1/jaxb-core-2.3.0.1.jar:/home/user/.m2/repository/javax/xml/bind/jaxb-api/2.3.0/jaxb-api-2.3.0.jar:/home/user/.m2/repository/javax/activation/activation/1.1.1/activation-1.1.1.jar:/home/user/.m2/repository/org/apache/hadoop/hadoop-ozone-csi/0.4.1-SNAPSHOT/hadoop-ozone-csi-0.4.1-SNAPSHOT.jar:/home/user/.m2/repository/com/google/protobuf/protobuf-java-util/3.5.1/protobuf-java-util-3.5.1.jar:/home/user/.m2/repository/org/apache/hadoop/hadoop-hdds-config/0.4.1-SNAPSHOT/hadoop-hdds-config-0.4.1-SNAPSHOT.jar:/home/user/.m2/repository/io/grpc/grpc-netty/1.17.1/grpc-netty-1.17.1.jar:/home/user/.m2/repository/io/grpc/grpc-core/1.17.1/grpc-core-1.17.1.jar:/home/user/.m2/repository/io/grpc/grpc-context/1.17.1/grpc-context-1.17.1.jar:/home/user/.m2/repository/com/google/errorprone/error_prone_annotations/2.2.0/error_prone_annotations-2.2.0.jar:/home/user/.m2/repository/org/codehaus/mojo/animal-sniffer-annotations/1.17/animal-sniffer-annotations-1.17.jar:/home/user/.m2/repository/io/opencensus/opencensus-api/0.17.0/opencensus-api-0.17.0.jar:/home/user/.m2/repository/io/opencensus/opencensus-contrib-grpc-metrics/0.17.0/opencensus-contrib-grpc-metrics-0.17.0.jar:/home/user/.m2/repository/io/netty/netty-codec-http2/4.1.30.Final/netty-codec-http2-4.1.30.Final.jar:/home/user/.m2/repository/io/netty/netty-codec-http/4.1.30.Final/netty-codec-http-4.1.30.Final.jar:/home/user/.m2/repository/io/netty/netty-codec/4.1.30.Final/netty-codec-4.1.30.Final.jar:/home/user/.m2/repository/io/netty/netty-handler/4.1.30.Final/netty-handler-4.1.30.Final.jar:/home/user/.m2/repository/io/netty/netty-handler-proxy/4.1.30.Final/netty-handler-proxy-4.1.30.Final.jar:/home/user/.m2/repository/io/netty/netty-codec-socks/4.1.30.Final/netty-codec-socks-4.1.30.Final.jar:/home/user/.m2/repository/io/netty/netty-transport-native-epoll/4.1.30.Final/netty-transport-native-epoll-4.1.30.Final.jar:/home/user/.m2/repository/io/netty/netty-common/4.1.30.Final/netty-common-4.1.30.Final.jar:/home/user/.m2/repository/io/netty/netty-buffer/4.1.30.Final/netty-buffer-4.1.30.Final.jar:/home/user/.m2/repository/io/netty/netty-transport/4.1.30.Final/netty-transport-4.1.30.Final.jar:/home/user/.m2/repository/io/netty/netty-resolver/4.1.30.Final/netty-resolver-4.1.30.Final.jar:/home/user/.m2/repository/io/netty/netty-transport-native-unix-common/4.1.30.Final/netty-transport-native-unix-common-4.1.30.Final.jar:/home/user/.m2/repository/io/grpc/grpc-protobuf/1.17.1/grpc-protobuf-1.17.1.jar:/home/user/.m2/repository/com/google/api/grpc/proto-google-common-protos/1.0.0/proto-google-common-protos-1.0.0.jar:/home/user/.m2/repository/io/grpc/grpc-protobuf-lite/1.17.1/grpc-protobuf-lite-1.17.1.jar:/home/user/.m2/repository/io/grpc/grpc-stub/1.17.1/grpc-stub-1.17.1.jar:/home/user/.m2/repository/org/apache/hadoop/hadoop-ozone-recon/0.4.1-SNAPSHOT/hadoop-ozone-recon-0.4.1-SNAPSHOT.jar:/home/user/.m2/repository/org/apache/hadoop/hadoop-ozone-reconcodegen/0.4.1-SNAPSHOT/hadoop-ozone-reconcodegen-0.4.1-SNAPSHOT.jar:/home/user/.m2/repository/com/google/inject/extensions/guice-multibindings/4.0/guice-multibindings-4.0.jar:/home/user/.m2/repository/com/google/inject/guice/4.0/guice-4.0.jar:/home/user/.m2/repository/aopalliance/aopalliance/1.0/aopalliance-1.0.jar:/home/user/.m2/repository/com/google/inject/extensions/guice-servlet/4.0/guice-servlet-4.0.jar:/home/user/.m2/repository/org/glassfish/jersey/containers/jersey-container-servlet/2.27/jersey-container-servlet-2.27.jar:/home/user/.m2/repository/org/glassfish/hk2/guice-bridge/2.5.0/guice-bridge-2.5.0.jar:/home/user/.m2/repository/org/glassfish/jersey/core/jersey-server/2.27/jersey-server-2.27.jar:/home/user/.m2/repository/org/glassfish/jersey/core/jersey-client/2.27/jersey-client-2.27.jar:/home/user/.m2/repository/org/glassfish/jersey/media/jersey-media-jaxb/2.27/jersey-media-jaxb-2.27.jar:/home/user/.m2/repository/javax/validation/validation-api/1.1.0.Final/validation-api-1.1.0.Final.jar:/home/user/.m2/repository/org/glassfish/jersey/media/jersey-media-json-jackson/2.27/jersey-media-json-jackson-2.27.jar:/home/user/.m2/repository/org/glassfish/jersey/ext/jersey-entity-filtering/2.27/jersey-entity-filtering-2.27.jar:/home/user/.m2/repository/com/google/inject/extensions/guice-assistedinject/4.0/guice-assistedinject-4.0.jar:/home/user/.m2/repository/org/jooq/jooq/3.11.10/jooq-3.11.10.jar:/home/user/.m2/repository/org/jooq/jooq-meta/3.11.10/jooq-meta-3.11.10.jar:/home/user/.m2/repository/org/jooq/jooq-codegen/3.11.10/jooq-codegen-3.11.10.jar:/home/user/.m2/repository/com/jolbox/bonecp/0.8.0.RELEASE/bonecp-0.8.0.RELEASE.jar:/home/user/.m2/repository/org/xerial/sqlite-jdbc/3.25.2/sqlite-jdbc-3.25.2.jar:/home/user/.m2/repository/org/springframework/spring-jdbc/5.1.3.RELEASE/spring-jdbc-5.1.3.RELEASE.jar:/home/user/.m2/repository/org/springframework/spring-beans/5.1.3.RELEASE/spring-beans-5.1.3.RELEASE.jar:/home/user/.m2/repository/org/springframework/spring-core/5.1.3.RELEASE/spring-core-5.1.3.RELEASE.jar:/home/user/.m2/repository/org/springframework/spring-jcl/5.1.3.RELEASE/spring-jcl-5.1.3.RELEASE.jar:/home/user/.m2/repository/org/springframework/spring-tx/5.1.3.RELEASE/spring-tx-5.1.3.RELEASE.jar:/home/user/.m2/repository/org/apache/hadoop/hadoop-ozone-client/0.4.1-SNAPSHOT/hadoop-ozone-client-0.4.1-SNAPSHOT.jar:/home/user/.m2/repository/commons-lang/commons-lang/2.6/commons-lang-2.6.jar:/home/user/.m2/repository/org/apache/hadoop/hadoop-ozone-ozone-manager/0.4.1-SNAPSHOT/hadoop-ozone-ozone-manager-0.4.1-SNAPSHOT-tests.jar:/home/user/.m2/repository/junit/junit/4.11/junit-4.11.jar:/home/user/.m2/repository/org/hamcrest/hamcrest-core/1.3/hamcrest-core-1.3.jar:/home/user/.m2/repository/org/openjdk/jmh/jmh-core/1.19/jmh-core-1.19.jar:/home/user/.m2/repository/net/sf/jopt-simple/jopt-simple/4.6/jopt-simple-4.6.jar:/home/user/.m2/repository/org/apache/commons/commons-math3/3.1.1/commons-math3-3.1.1.jar:/home/user/.m2/repository/org/openjdk/jmh/jmh-generator-annprocess/1.19/jmh-generator-annprocess-1.19.jar:/home/user/.m2/repository/org/mockito/mockito-all/1.8.5/mockito-all-1.8.5.jar:/home/user/.m2/repository/org/apache/hadoop/hadoop-kms/3.2.0/hadoop-kms-3.2.0.jar:/home/user/.m2/repository/org/apache/hadoop/hadoop-auth/3.2.0/hadoop-auth-3.2.0.jar:/home/user/.m2/repository/com/nimbusds/nimbus-jose-jwt/4.41.1/nimbus-jose-jwt-4.41.1.jar:/home/user/.m2/repository/com/github/stephenc/jcip/jcip-annotations/1.0-1/jcip-annotations-1.0-1.jar:/home/user/.m2/repository/net/minidev/json-smart/2.3/json-smart-2.3.jar:/home/user/.m2/repository/net/minidev/accessors-smart/1.2/accessors-smart-1.2.jar:/home/user/.m2/repository/org/ow2/asm/asm/5.0.4/asm-5.0.4.jar:/home/user/.m2/repository/org/apache/curator/curator-framework/2.12.0/curator-framework-2.12.0.jar:/home/user/.m2/repository/com/sun/jersey/jersey-core/1.19/jersey-core-1.19.jar:/home/user/.m2/repository/javax/ws/rs/jsr311-api/1.1.1/jsr311-api-1.1.1.jar:/home/user/.m2/repository/com/sun/jersey/jersey-server/1.19/jersey-server-1.19.jar:/home/user/.m2/repository/javax/servlet/javax.servlet-api/3.1.0/javax.servlet-api-3.1.0.jar:/home/user/.m2/repository/org/eclipse/jetty/jetty-server/9.3.24.v20180605/jetty-server-9.3.24.v20180605.jar:/home/user/.m2/repository/org/eclipse/jetty/jetty-http/9.3.24.v20180605/jetty-http-9.3.24.v20180605.jar:/home/user/.m2/repository/org/eclipse/jetty/jetty-io/9.3.24.v20180605/jetty-io-9.3.24.v20180605.jar:/home/user/.m2/repository/org/eclipse/jetty/jetty-webapp/9.3.24.v20180605/jetty-webapp-9.3.24.v20180605.jar:/home/user/.m2/repository/org/eclipse/jetty/jetty-xml/9.3.24.v20180605/jetty-xml-9.3.24.v20180605.jar:/home/user/.m2/repository/log4j/log4j/1.2.17/log4j-1.2.17.jar:/home/user/.m2/repository/org/slf4j/slf4j-api/1.7.25/slf4j-api-1.7.25.jar:/home/user/.m2/repository/org/slf4j/jul-to-slf4j/1.7.25/jul-to-slf4j-1.7.25.jar:/home/user/.m2/repository/org/eclipse/jetty/jetty-util/9.3.24.v20180605/jetty-util-9.3.24.v20180605.jar:/home/user/.m2/repository/com/fasterxml/jackson/core/jackson-databind/2.9.5/jackson-databind-2.9.5.jar:/home/user/.m2/repository/org/apache/hadoop/hadoop-kms/3.2.0/hadoop-kms-3.2.0-tests.jar:/home/user/.m2/repository/org/apache/hadoop/hadoop-hdds-server-scm/0.4.1-SNAPSHOT/hadoop-hdds-server-scm-0.4.1-SNAPSHOT-tests.jar:/home/user/.m2/repository/org/apache/hadoop/hadoop-hdds-container-service/0.4.1-SNAPSHOT/hadoop-hdds-container-service-0.4.1-SNAPSHOT-tests.jar:/home/user/.m2/repository/org/yaml/snakeyaml/1.16/snakeyaml-1.16.jar:/home/user/.m2/repository/org/apache/hadoop/hadoop-common/3.2.0/hadoop-common-3.2.0-tests.jar:/home/user/.m2/repository/org/apache/hadoop/hadoop-annotations/3.2.0/hadoop-annotations-3.2.0.jar:/usr/lib/jvm/java-1.8-openjdk/jre/../lib/tools.jar:/home/user/.m2/repository/commons-cli/commons-cli/1.2/commons-cli-1.2.jar:/home/user/.m2/repository/org/apache/httpcomponents/httpclient/4.5.2/httpclient-4.5.2.jar:/home/user/.m2/repository/org/apache/httpcomponents/httpcore/4.4.4/httpcore-4.4.4.jar:/home/user/.m2/repository/commons-codec/commons-codec/1.11/commons-codec-1.11.jar:/home/user/.m2/repository/commons-net/commons-net/3.6/commons-net-3.6.jar:/home/user/.m2/repository/commons-collections/commons-collections/3.2.2/commons-collections-3.2.2.jar:/home/user/.m2/repository/org/eclipse/jetty/jetty-servlet/9.3.24.v20180605/jetty-servlet-9.3.24.v20180605.jar:/home/user/.m2/repository/org/eclipse/jetty/jetty-security/9.3.24.v20180605/jetty-security-9.3.24.v20180605.jar:/home/user/.m2/repository/javax/servlet/jsp/jsp-api/2.1/jsp-api-2.1.jar:/home/user/.m2/repository/com/sun/jersey/jersey-servlet/1.19/jersey-servlet-1.19.jar:/home/user/.m2/repository/com/sun/jersey/jersey-json/1.19/jersey-json-1.19.jar:/home/user/.m2/repository/org/codehaus/jettison/jettison/1.1/jettison-1.1.jar:/home/user/.m2/repository/org/codehaus/jackson/jackson-core-asl/1.9.13/jackson-core-asl-1.9.13.jar:/home/user/.m2/repository/org/codehaus/jackson/jackson-mapper-asl/1.9.13/jackson-mapper-asl-1.9.13.jar:/home/user/.m2/repository/org/codehaus/jackson/jackson-jaxrs/1.9.13/jackson-jaxrs-1.9.13.jar:/home/user/.m2/repository/org/codehaus/jackson/jackson-xc/1.9.13/jackson-xc-1.9.13.jar:/home/user/.m2/repository/commons-logging/commons-logging/1.1.3/commons-logging-1.1.3.jar:/home/user/.m2/repository/commons-beanutils/commons-beanutils/1.9.3/commons-beanutils-1.9.3.jar:/home/user/.m2/repository/org/apache/commons/commons-configuration2/2.1.1/commons-configuration2-2.1.1.jar:/home/user/.m2/repository/org/apache/commons/commons-lang3/3.7/commons-lang3-3.7.jar:/home/user/.m2/repository/org/apache/commons/commons-text/1.4/commons-text-1.4.jar:/home/user/.m2/repository/org/apache/avro/avro/1.7.7/avro-1.7.7.jar:/home/user/.m2/repository/com/thoughtworks/paranamer/paranamer/2.3/paranamer-2.3.jar:/home/user/.m2/repository/org/xerial/snappy/snappy-java/1.0.5/snappy-java-1.0.5.jar:/home/user/.m2/repository/com/google/re2j/re2j/1.1/re2j-1.1.jar:/home/user/.m2/repository/com/google/code/gson/gson/2.2.4/gson-2.2.4.jar:/home/user/.m2/repository/com/jcraft/jsch/0.1.54/jsch-0.1.54.jar:/home/user/.m2/repository/org/apache/curator/curator-client/2.12.0/curator-client-2.12.0.jar:/home/user/.m2/repository/org/apache/curator/curator-recipes/2.12.0/curator-recipes-2.12.0.jar:/home/user/.m2/repository/com/google/code/findbugs/jsr305/3.0.0/jsr305-3.0.0.jar:/home/user/.m2/repository/org/apache/htrace/htrace-core4/4.1.0-incubating/htrace-core4-4.1.0-incubating.jar:/home/user/.m2/repository/org/apache/zookeeper/zookeeper/3.4.13/zookeeper-3.4.13.jar:/home/user/.m2/repository/org/apache/yetus/audience-annotations/0.5.0/audience-annotations-0.5.0.jar:/home/user/.m2/repository/org/codehaus/woodstox/stax2-api/3.1.4/stax2-api-3.1.4.jar:/home/user/.m2/repository/com/fasterxml/woodstox/woodstox-core/5.0.3/woodstox-core-5.0.3.jar:/home/user/.m2/repository/dnsjava/dnsjava/2.1.7/dnsjava-2.1.7.jar:/home/user/.m2/repository/org/apache/hadoop/hadoop-hdfs/3.2.0/hadoop-hdfs-3.2.0-tests.jar:/home/user/.m2/repository/org/eclipse/jetty/jetty-util-ajax/9.3.24.v20180605/jetty-util-ajax-9.3.24.v20180605.jar:/home/user/.m2/repository/commons-daemon/commons-daemon/1.0.13/commons-daemon-1.0.13.jar:/home/user/.m2/repository/io/netty/netty/3.10.5.Final/netty-3.10.5.Final.jar:/home/user/.m2/repository/io/netty/netty-all/4.0.52.Final/netty-all-4.0.52.Final.jar:/home/user/.m2/repository/org/fusesource/leveldbjni/leveldbjni-all/1.8/leveldbjni-all-1.8.jar:"/>
    <property name="java.vm.vendor" value="IcedTea"/>
    <property name="sun.arch.data.model" value="64"/>
    <property name="test.build.dir" value="/workdir/hadoop-ozone/integration-test/target/test-dir"/>
    <property name="test.cache.data" value=""/>
    <property name="java.vendor.url" value="https://icedtea.classpath.org"/>
    <property name="user.timezone" value=""/>
    <property name="java.vm.specification.version" value="1.8"/>
    <property name="os.name" value="Linux"/>
    <property name="test.build.data" value="/workdir/hadoop-ozone/integration-test/target/test-dir"/>
    <property name="user.country" value="US"/>
    <property name="sun.java.launcher" value="SUN_STANDARD"/>
    <property name="sun.boot.library.path" value="/usr/lib/jvm/java-1.8-openjdk/jre/lib/amd64"/>
    <property name="sun.java.command" value="/workdir/hadoop-ozone/integration-test/target/surefire/surefirebooter4643752036886748169.jar /workdir/hadoop-ozone/integration-test/target/surefire 2019-07-30T23-42-47_820-jvmRun1 surefire5455080664432709611tmp surefire_766718116471959894326tmp"/>
    <property name="surefire.test.class.path" value="/workdir/hadoop-ozone/integration-test/target/test-classes:/workdir/hadoop-ozone/integration-test/target/classes:/home/user/.m2/repository/org/apache/hadoop/hadoop-ozone-common/0.4.1-SNAPSHOT/hadoop-ozone-common-0.4.1-SNAPSHOT.jar:/home/user/.m2/repository/org/apache/commons/commons-compress/1.4.1/commons-compress-1.4.1.jar:/home/user/.m2/repository/org/tukaani/xz/1.0/xz-1.0.jar:/home/user/.m2/repository/org/apache/hadoop/hadoop-common/3.2.0/hadoop-common-3.2.0.jar:/home/user/.m2/repository/org/apache/hadoop/hadoop-hdfs/3.2.0/hadoop-hdfs-3.2.0.jar:/home/user/.m2/repository/org/apache/hadoop/hadoop-hdfs-client/3.2.0/hadoop-hdfs-client-3.2.0.jar:/home/user/.m2/repository/com/fasterxml/jackson/core/jackson-annotations/2.9.5/jackson-annotations-2.9.5.jar:/home/user/.m2/repository/org/apache/hadoop/hadoop-hdds-common/0.4.1-SNAPSHOT/hadoop-hdds-common-0.4.1-SNAPSHOT.jar:/home/user/.m2/repository/javax/annotation/javax.annotation-api/1.2/javax.annotation-api-1.2.jar:/home/user/.m2/repository/org/apache/ratis/ratis-server/0.4.0-2337318-SNAPSHOT/ratis-server-0.4.0-2337318-SNAPSHOT.jar:/home/user/.m2/repository/org/apache/ratis/ratis-thirdparty-misc/0.2.0/ratis-thirdparty-misc-0.2.0.jar:/home/user/.m2/repository/org/apache/ratis/ratis-proto/0.4.0-2337318-SNAPSHOT/ratis-proto-0.4.0-2337318-SNAPSHOT.jar:/home/user/.m2/repository/org/apache/ratis/ratis-common/0.4.0-2337318-SNAPSHOT/ratis-common-0.4.0-2337318-SNAPSHOT.jar:/home/user/.m2/repository/org/apache/ratis/ratis-client/0.4.0-2337318-SNAPSHOT/ratis-client-0.4.0-2337318-SNAPSHOT.jar:/home/user/.m2/repository/org/apache/ratis/ratis-metrics/0.4.0-2337318-SNAPSHOT/ratis-metrics-0.4.0-2337318-SNAPSHOT.jar:/home/user/.m2/repository/org/apache/ratis/ratis-netty/0.4.0-2337318-SNAPSHOT/ratis-netty-0.4.0-2337318-SNAPSHOT.jar:/home/user/.m2/repository/org/apache/ratis/ratis-grpc/0.4.0-2337318-SNAPSHOT/ratis-grpc-0.4.0-2337318-SNAPSHOT.jar:/home/user/.m2/repository/org/rocksdb/rocksdbjni/6.0.1/rocksdbjni-6.0.1.jar:/home/user/.m2/repository/org/apache/logging/log4j/log4j-api/2.11.0/log4j-api-2.11.0.jar:/home/user/.m2/repository/org/apache/logging/log4j/log4j-core/2.11.0/log4j-core-2.11.0.jar:/home/user/.m2/repository/com/lmax/disruptor/3.4.2/disruptor-3.4.2.jar:/home/user/.m2/repository/org/apache/commons/commons-pool2/2.6.0/commons-pool2-2.6.0.jar:/home/user/.m2/repository/org/bouncycastle/bcpkix-jdk15on/1.60/bcpkix-jdk15on-1.60.jar:/home/user/.m2/repository/commons-validator/commons-validator/1.6/commons-validator-1.6.jar:/home/user/.m2/repository/commons-digester/commons-digester/1.8.1/commons-digester-1.8.1.jar:/home/user/.m2/repository/io/jaegertracing/jaeger-client/0.33.1/jaeger-client-0.33.1.jar:/home/user/.m2/repository/io/jaegertracing/jaeger-thrift/0.33.1/jaeger-thrift-0.33.1.jar:/home/user/.m2/repository/org/apache/thrift/libthrift/0.11.0/libthrift-0.11.0.jar:/home/user/.m2/repository/com/squareup/okhttp3/okhttp/3.9.0/okhttp-3.9.0.jar:/home/user/.m2/repository/com/squareup/okio/okio/1.13.0/okio-1.13.0.jar:/home/user/.m2/repository/io/jaegertracing/jaeger-core/0.33.1/jaeger-core-0.33.1.jar:/home/user/.m2/repository/io/jaegertracing/jaeger-tracerresolver/0.33.1/jaeger-tracerresolver-0.33.1.jar:/home/user/.m2/repository/io/opentracing/contrib/opentracing-tracerresolver/0.1.5/opentracing-tracerresolver-0.1.5.jar:/home/user/.m2/repository/io/opentracing/opentracing-util/0.31.0/opentracing-util-0.31.0.jar:/home/user/.m2/repository/io/opentracing/opentracing-api/0.31.0/opentracing-api-0.31.0.jar:/home/user/.m2/repository/io/opentracing/opentracing-noop/0.31.0/opentracing-noop-0.31.0.jar:/home/user/.m2/repository/org/apache/hadoop/hadoop-hdds-server-framework/0.4.1-SNAPSHOT/hadoop-hdds-server-framework-0.4.1-SNAPSHOT.jar:/home/user/.m2/repository/org/apache/hadoop/hadoop-hdds-container-service/0.4.1-SNAPSHOT/hadoop-hdds-container-service-0.4.1-SNAPSHOT.jar:/home/user/.m2/repository/org/apache/hadoop/hadoop-hdds-client/0.4.1-SNAPSHOT/hadoop-hdds-client-0.4.1-SNAPSHOT.jar:/home/user/.m2/repository/org/apache/hadoop/hadoop-hdds-tools/0.4.1-SNAPSHOT/hadoop-hdds-tools-0.4.1-SNAPSHOT.jar:/home/user/.m2/repository/org/apache/hadoop/hadoop-hdds-server-scm/0.4.1-SNAPSHOT/hadoop-hdds-server-scm-0.4.1-SNAPSHOT.jar:/home/user/.m2/repository/org/apache/hadoop/hadoop-hdds-docs/0.4.1-SNAPSHOT/hadoop-hdds-docs-0.4.1-SNAPSHOT.jar:/home/user/.m2/repository/io/dropwizard/metrics/metrics-core/3.2.4/metrics-core-3.2.4.jar:/home/user/.m2/repository/org/hamcrest/hamcrest-all/1.3/hamcrest-all-1.3.jar:/home/user/.m2/repository/org/bouncycastle/bcprov-jdk15on/1.60/bcprov-jdk15on-1.60.jar:/home/user/.m2/repository/info/picocli/picocli/3.9.6/picocli-3.9.6.jar:/home/user/.m2/repository/com/google/protobuf/protobuf-java/2.5.0/protobuf-java-2.5.0.jar:/home/user/.m2/repository/com/google/guava/guava/11.0.2/guava-11.0.2.jar:/home/user/.m2/repository/org/apache/hadoop/hadoop-ozone-ozone-manager/0.4.1-SNAPSHOT/hadoop-ozone-ozone-manager-0.4.1-SNAPSHOT.jar:/home/user/.m2/repository/org/apache/hadoop/hadoop-minikdc/3.2.0/hadoop-minikdc-3.2.0.jar:/home/user/.m2/repository/commons-io/commons-io/2.5/commons-io-2.5.jar:/home/user/.m2/repository/org/apache/kerby/kerb-simplekdc/1.0.1/kerb-simplekdc-1.0.1.jar:/home/user/.m2/repository/org/apache/kerby/kerb-client/1.0.1/kerb-client-1.0.1.jar:/home/user/.m2/repository/org/apache/kerby/kerby-config/1.0.1/kerby-config-1.0.1.jar:/home/user/.m2/repository/org/apache/kerby/kerb-core/1.0.1/kerb-core-1.0.1.jar:/home/user/.m2/repository/org/apache/kerby/kerby-pkix/1.0.1/kerby-pkix-1.0.1.jar:/home/user/.m2/repository/org/apache/kerby/kerby-asn1/1.0.1/kerby-asn1-1.0.1.jar:/home/user/.m2/repository/org/apache/kerby/kerby-util/1.0.1/kerby-util-1.0.1.jar:/home/user/.m2/repository/org/apache/kerby/kerb-common/1.0.1/kerb-common-1.0.1.jar:/home/user/.m2/repository/org/apache/kerby/kerb-crypto/1.0.1/kerb-crypto-1.0.1.jar:/home/user/.m2/repository/org/apache/kerby/kerb-util/1.0.1/kerb-util-1.0.1.jar:/home/user/.m2/repository/org/apache/kerby/token-provider/1.0.1/token-provider-1.0.1.jar:/home/user/.m2/repository/org/apache/kerby/kerb-admin/1.0.1/kerb-admin-1.0.1.jar:/home/user/.m2/repository/org/apache/kerby/kerb-server/1.0.1/kerb-server-1.0.1.jar:/home/user/.m2/repository/org/apache/kerby/kerb-identity/1.0.1/kerb-identity-1.0.1.jar:/home/user/.m2/repository/org/apache/kerby/kerby-xdr/1.0.1/kerby-xdr-1.0.1.jar:/home/user/.m2/repository/org/slf4j/slf4j-log4j12/1.7.25/slf4j-log4j12-1.7.25.jar:/home/user/.m2/repository/org/apache/hadoop/hadoop-ozone-objectstore-service/0.4.1-SNAPSHOT/hadoop-ozone-objectstore-service-0.4.1-SNAPSHOT.jar:/home/user/.m2/repository/org/apache/hadoop/hadoop-ozone-s3gateway/0.4.1-SNAPSHOT/hadoop-ozone-s3gateway-0.4.1-SNAPSHOT.jar:/home/user/.m2/repository/org/jboss/weld/servlet/weld-servlet/2.4.7.Final/weld-servlet-2.4.7.Final.jar:/home/user/.m2/repository/org/glassfish/jersey/containers/jersey-container-servlet-core/2.27/jersey-container-servlet-core-2.27.jar:/home/user/.m2/repository/org/glassfish/hk2/external/javax.inject/2.5.0-b42/javax.inject-2.5.0-b42.jar:/home/user/.m2/repository/org/glassfish/jersey/core/jersey-common/2.27/jersey-common-2.27.jar:/home/user/.m2/repository/org/glassfish/hk2/osgi-resource-locator/1.0.1/osgi-resource-locator-1.0.1.jar:/home/user/.m2/repository/javax/ws/rs/javax.ws.rs-api/2.1/javax.ws.rs-api-2.1.jar:/home/user/.m2/repository/org/glassfish/jersey/ext/cdi/jersey-cdi1x/2.27/jersey-cdi1x-2.27.jar:/home/user/.m2/repository/org/glassfish/jersey/inject/jersey-hk2/2.27/jersey-hk2-2.27.jar:/home/user/.m2/repository/org/glassfish/hk2/hk2-locator/2.5.0-b42/hk2-locator-2.5.0-b42.jar:/home/user/.m2/repository/org/javassist/javassist/3.22.0-CR2/javassist-3.22.0-CR2.jar:/home/user/.m2/repository/org/glassfish/hk2/hk2-api/2.5.0/hk2-api-2.5.0.jar:/home/user/.m2/repository/org/glassfish/hk2/external/jakarta.inject/2.5.0/jakarta.inject-2.5.0.jar:/home/user/.m2/repository/org/glassfish/hk2/hk2-utils/2.5.0/hk2-utils-2.5.0.jar:/home/user/.m2/repository/jakarta/annotation/jakarta.annotation-api/1.3.4/jakarta.annotation-api-1.3.4.jar:/home/user/.m2/repository/org/glassfish/hk2/external/aopalliance-repackaged/2.5.0/aopalliance-repackaged-2.5.0.jar:/home/user/.m2/repository/com/fasterxml/jackson/dataformat/jackson-dataformat-xml/2.9.0/jackson-dataformat-xml-2.9.0.jar:/home/user/.m2/repository/com/fasterxml/jackson/core/jackson-core/2.9.5/jackson-core-2.9.5.jar:/home/user/.m2/repository/com/fasterxml/jackson/module/jackson-module-jaxb-annotations/2.9.5/jackson-module-jaxb-annotations-2.9.5.jar:/home/user/.m2/repository/javax/enterprise/cdi-api/1.2/cdi-api-1.2.jar:/home/user/.m2/repository/javax/el/javax.el-api/3.0.0/javax.el-api-3.0.0.jar:/home/user/.m2/repository/javax/interceptor/javax.interceptor-api/1.2/javax.interceptor-api-1.2.jar:/home/user/.m2/repository/javax/inject/javax.inject/1/javax.inject-1.jar:/home/user/.m2/repository/com/sun/xml/bind/jaxb-impl/2.3.0.1/jaxb-impl-2.3.0.1.jar:/home/user/.m2/repository/com/sun/xml/bind/jaxb-core/2.3.0.1/jaxb-core-2.3.0.1.jar:/home/user/.m2/repository/javax/xml/bind/jaxb-api/2.3.0/jaxb-api-2.3.0.jar:/home/user/.m2/repository/javax/activation/activation/1.1.1/activation-1.1.1.jar:/home/user/.m2/repository/org/apache/hadoop/hadoop-ozone-csi/0.4.1-SNAPSHOT/hadoop-ozone-csi-0.4.1-SNAPSHOT.jar:/home/user/.m2/repository/com/google/protobuf/protobuf-java-util/3.5.1/protobuf-java-util-3.5.1.jar:/home/user/.m2/repository/org/apache/hadoop/hadoop-hdds-config/0.4.1-SNAPSHOT/hadoop-hdds-config-0.4.1-SNAPSHOT.jar:/home/user/.m2/repository/io/grpc/grpc-netty/1.17.1/grpc-netty-1.17.1.jar:/home/user/.m2/repository/io/grpc/grpc-core/1.17.1/grpc-core-1.17.1.jar:/home/user/.m2/repository/io/grpc/grpc-context/1.17.1/grpc-context-1.17.1.jar:/home/user/.m2/repository/com/google/errorprone/error_prone_annotations/2.2.0/error_prone_annotations-2.2.0.jar:/home/user/.m2/repository/org/codehaus/mojo/animal-sniffer-annotations/1.17/animal-sniffer-annotations-1.17.jar:/home/user/.m2/repository/io/opencensus/opencensus-api/0.17.0/opencensus-api-0.17.0.jar:/home/user/.m2/repository/io/opencensus/opencensus-contrib-grpc-metrics/0.17.0/opencensus-contrib-grpc-metrics-0.17.0.jar:/home/user/.m2/repository/io/netty/netty-codec-http2/4.1.30.Final/netty-codec-http2-4.1.30.Final.jar:/home/user/.m2/repository/io/netty/netty-codec-http/4.1.30.Final/netty-codec-http-4.1.30.Final.jar:/home/user/.m2/repository/io/netty/netty-codec/4.1.30.Final/netty-codec-4.1.30.Final.jar:/home/user/.m2/repository/io/netty/netty-handler/4.1.30.Final/netty-handler-4.1.30.Final.jar:/home/user/.m2/repository/io/netty/netty-handler-proxy/4.1.30.Final/netty-handler-proxy-4.1.30.Final.jar:/home/user/.m2/repository/io/netty/netty-codec-socks/4.1.30.Final/netty-codec-socks-4.1.30.Final.jar:/home/user/.m2/repository/io/netty/netty-transport-native-epoll/4.1.30.Final/netty-transport-native-epoll-4.1.30.Final.jar:/home/user/.m2/repository/io/netty/netty-common/4.1.30.Final/netty-common-4.1.30.Final.jar:/home/user/.m2/repository/io/netty/netty-buffer/4.1.30.Final/netty-buffer-4.1.30.Final.jar:/home/user/.m2/repository/io/netty/netty-transport/4.1.30.Final/netty-transport-4.1.30.Final.jar:/home/user/.m2/repository/io/netty/netty-resolver/4.1.30.Final/netty-resolver-4.1.30.Final.jar:/home/user/.m2/repository/io/netty/netty-transport-native-unix-common/4.1.30.Final/netty-transport-native-unix-common-4.1.30.Final.jar:/home/user/.m2/repository/io/grpc/grpc-protobuf/1.17.1/grpc-protobuf-1.17.1.jar:/home/user/.m2/repository/com/google/api/grpc/proto-google-common-protos/1.0.0/proto-google-common-protos-1.0.0.jar:/home/user/.m2/repository/io/grpc/grpc-protobuf-lite/1.17.1/grpc-protobuf-lite-1.17.1.jar:/home/user/.m2/repository/io/grpc/grpc-stub/1.17.1/grpc-stub-1.17.1.jar:/home/user/.m2/repository/org/apache/hadoop/hadoop-ozone-recon/0.4.1-SNAPSHOT/hadoop-ozone-recon-0.4.1-SNAPSHOT.jar:/home/user/.m2/repository/org/apache/hadoop/hadoop-ozone-reconcodegen/0.4.1-SNAPSHOT/hadoop-ozone-reconcodegen-0.4.1-SNAPSHOT.jar:/home/user/.m2/repository/com/google/inject/extensions/guice-multibindings/4.0/guice-multibindings-4.0.jar:/home/user/.m2/repository/com/google/inject/guice/4.0/guice-4.0.jar:/home/user/.m2/repository/aopalliance/aopalliance/1.0/aopalliance-1.0.jar:/home/user/.m2/repository/com/google/inject/extensions/guice-servlet/4.0/guice-servlet-4.0.jar:/home/user/.m2/repository/org/glassfish/jersey/containers/jersey-container-servlet/2.27/jersey-container-servlet-2.27.jar:/home/user/.m2/repository/org/glassfish/hk2/guice-bridge/2.5.0/guice-bridge-2.5.0.jar:/home/user/.m2/repository/org/glassfish/jersey/core/jersey-server/2.27/jersey-server-2.27.jar:/home/user/.m2/repository/org/glassfish/jersey/core/jersey-client/2.27/jersey-client-2.27.jar:/home/user/.m2/repository/org/glassfish/jersey/media/jersey-media-jaxb/2.27/jersey-media-jaxb-2.27.jar:/home/user/.m2/repository/javax/validation/validation-api/1.1.0.Final/validation-api-1.1.0.Final.jar:/home/user/.m2/repository/org/glassfish/jersey/media/jersey-media-json-jackson/2.27/jersey-media-json-jackson-2.27.jar:/home/user/.m2/repository/org/glassfish/jersey/ext/jersey-entity-filtering/2.27/jersey-entity-filtering-2.27.jar:/home/user/.m2/repository/com/google/inject/extensions/guice-assistedinject/4.0/guice-assistedinject-4.0.jar:/home/user/.m2/repository/org/jooq/jooq/3.11.10/jooq-3.11.10.jar:/home/user/.m2/repository/org/jooq/jooq-meta/3.11.10/jooq-meta-3.11.10.jar:/home/user/.m2/repository/org/jooq/jooq-codegen/3.11.10/jooq-codegen-3.11.10.jar:/home/user/.m2/repository/com/jolbox/bonecp/0.8.0.RELEASE/bonecp-0.8.0.RELEASE.jar:/home/user/.m2/repository/org/xerial/sqlite-jdbc/3.25.2/sqlite-jdbc-3.25.2.jar:/home/user/.m2/repository/org/springframework/spring-jdbc/5.1.3.RELEASE/spring-jdbc-5.1.3.RELEASE.jar:/home/user/.m2/repository/org/springframework/spring-beans/5.1.3.RELEASE/spring-beans-5.1.3.RELEASE.jar:/home/user/.m2/repository/org/springframework/spring-core/5.1.3.RELEASE/spring-core-5.1.3.RELEASE.jar:/home/user/.m2/repository/org/springframework/spring-jcl/5.1.3.RELEASE/spring-jcl-5.1.3.RELEASE.jar:/home/user/.m2/repository/org/springframework/spring-tx/5.1.3.RELEASE/spring-tx-5.1.3.RELEASE.jar:/home/user/.m2/repository/org/apache/hadoop/hadoop-ozone-client/0.4.1-SNAPSHOT/hadoop-ozone-client-0.4.1-SNAPSHOT.jar:/home/user/.m2/repository/commons-lang/commons-lang/2.6/commons-lang-2.6.jar:/home/user/.m2/repository/org/apache/hadoop/hadoop-ozone-ozone-manager/0.4.1-SNAPSHOT/hadoop-ozone-ozone-manager-0.4.1-SNAPSHOT-tests.jar:/home/user/.m2/repository/junit/junit/4.11/junit-4.11.jar:/home/user/.m2/repository/org/hamcrest/hamcrest-core/1.3/hamcrest-core-1.3.jar:/home/user/.m2/repository/org/openjdk/jmh/jmh-core/1.19/jmh-core-1.19.jar:/home/user/.m2/repository/net/sf/jopt-simple/jopt-simple/4.6/jopt-simple-4.6.jar:/home/user/.m2/repository/org/apache/commons/commons-math3/3.1.1/commons-math3-3.1.1.jar:/home/user/.m2/repository/org/openjdk/jmh/jmh-generator-annprocess/1.19/jmh-generator-annprocess-1.19.jar:/home/user/.m2/repository/org/mockito/mockito-all/1.8.5/mockito-all-1.8.5.jar:/home/user/.m2/repository/org/apache/hadoop/hadoop-kms/3.2.0/hadoop-kms-3.2.0.jar:/home/user/.m2/repository/org/apache/hadoop/hadoop-auth/3.2.0/hadoop-auth-3.2.0.jar:/home/user/.m2/repository/com/nimbusds/nimbus-jose-jwt/4.41.1/nimbus-jose-jwt-4.41.1.jar:/home/user/.m2/repository/com/github/stephenc/jcip/jcip-annotations/1.0-1/jcip-annotations-1.0-1.jar:/home/user/.m2/repository/net/minidev/json-smart/2.3/json-smart-2.3.jar:/home/user/.m2/repository/net/minidev/accessors-smart/1.2/accessors-smart-1.2.jar:/home/user/.m2/repository/org/ow2/asm/asm/5.0.4/asm-5.0.4.jar:/home/user/.m2/repository/org/apache/curator/curator-framework/2.12.0/curator-framework-2.12.0.jar:/home/user/.m2/repository/com/sun/jersey/jersey-core/1.19/jersey-core-1.19.jar:/home/user/.m2/repository/javax/ws/rs/jsr311-api/1.1.1/jsr311-api-1.1.1.jar:/home/user/.m2/repository/com/sun/jersey/jersey-server/1.19/jersey-server-1.19.jar:/home/user/.m2/repository/javax/servlet/javax.servlet-api/3.1.0/javax.servlet-api-3.1.0.jar:/home/user/.m2/repository/org/eclipse/jetty/jetty-server/9.3.24.v20180605/jetty-server-9.3.24.v20180605.jar:/home/user/.m2/repository/org/eclipse/jetty/jetty-http/9.3.24.v20180605/jetty-http-9.3.24.v20180605.jar:/home/user/.m2/repository/org/eclipse/jetty/jetty-io/9.3.24.v20180605/jetty-io-9.3.24.v20180605.jar:/home/user/.m2/repository/org/eclipse/jetty/jetty-webapp/9.3.24.v20180605/jetty-webapp-9.3.24.v20180605.jar:/home/user/.m2/repository/org/eclipse/jetty/jetty-xml/9.3.24.v20180605/jetty-xml-9.3.24.v20180605.jar:/home/user/.m2/repository/log4j/log4j/1.2.17/log4j-1.2.17.jar:/home/user/.m2/repository/org/slf4j/slf4j-api/1.7.25/slf4j-api-1.7.25.jar:/home/user/.m2/repository/org/slf4j/jul-to-slf4j/1.7.25/jul-to-slf4j-1.7.25.jar:/home/user/.m2/repository/org/eclipse/jetty/jetty-util/9.3.24.v20180605/jetty-util-9.3.24.v20180605.jar:/home/user/.m2/repository/com/fasterxml/jackson/core/jackson-databind/2.9.5/jackson-databind-2.9.5.jar:/home/user/.m2/repository/org/apache/hadoop/hadoop-kms/3.2.0/hadoop-kms-3.2.0-tests.jar:/home/user/.m2/repository/org/apache/hadoop/hadoop-hdds-server-scm/0.4.1-SNAPSHOT/hadoop-hdds-server-scm-0.4.1-SNAPSHOT-tests.jar:/home/user/.m2/repository/org/apache/hadoop/hadoop-hdds-container-service/0.4.1-SNAPSHOT/hadoop-hdds-container-service-0.4.1-SNAPSHOT-tests.jar:/home/user/.m2/repository/org/yaml/snakeyaml/1.16/snakeyaml-1.16.jar:/home/user/.m2/repository/org/apache/hadoop/hadoop-common/3.2.0/hadoop-common-3.2.0-tests.jar:/home/user/.m2/repository/org/apache/hadoop/hadoop-annotations/3.2.0/hadoop-annotations-3.2.0.jar:/usr/lib/jvm/java-1.8-openjdk/jre/../lib/tools.jar:/home/user/.m2/repository/commons-cli/commons-cli/1.2/commons-cli-1.2.jar:/home/user/.m2/repository/org/apache/httpcomponents/httpclient/4.5.2/httpclient-4.5.2.jar:/home/user/.m2/repository/org/apache/httpcomponents/httpcore/4.4.4/httpcore-4.4.4.jar:/home/user/.m2/repository/commons-codec/commons-codec/1.11/commons-codec-1.11.jar:/home/user/.m2/repository/commons-net/commons-net/3.6/commons-net-3.6.jar:/home/user/.m2/repository/commons-collections/commons-collections/3.2.2/commons-collections-3.2.2.jar:/home/user/.m2/repository/org/eclipse/jetty/jetty-servlet/9.3.24.v20180605/jetty-servlet-9.3.24.v20180605.jar:/home/user/.m2/repository/org/eclipse/jetty/jetty-security/9.3.24.v20180605/jetty-security-9.3.24.v20180605.jar:/home/user/.m2/repository/javax/servlet/jsp/jsp-api/2.1/jsp-api-2.1.jar:/home/user/.m2/repository/com/sun/jersey/jersey-servlet/1.19/jersey-servlet-1.19.jar:/home/user/.m2/repository/com/sun/jersey/jersey-json/1.19/jersey-json-1.19.jar:/home/user/.m2/repository/org/codehaus/jettison/jettison/1.1/jettison-1.1.jar:/home/user/.m2/repository/org/codehaus/jackson/jackson-core-asl/1.9.13/jackson-core-asl-1.9.13.jar:/home/user/.m2/repository/org/codehaus/jackson/jackson-mapper-asl/1.9.13/jackson-mapper-asl-1.9.13.jar:/home/user/.m2/repository/org/codehaus/jackson/jackson-jaxrs/1.9.13/jackson-jaxrs-1.9.13.jar:/home/user/.m2/repository/org/codehaus/jackson/jackson-xc/1.9.13/jackson-xc-1.9.13.jar:/home/user/.m2/repository/commons-logging/commons-logging/1.1.3/commons-logging-1.1.3.jar:/home/user/.m2/repository/commons-beanutils/commons-beanutils/1.9.3/commons-beanutils-1.9.3.jar:/home/user/.m2/repository/org/apache/commons/commons-configuration2/2.1.1/commons-configuration2-2.1.1.jar:/home/user/.m2/repository/org/apache/commons/commons-lang3/3.7/commons-lang3-3.7.jar:/home/user/.m2/repository/org/apache/commons/commons-text/1.4/commons-text-1.4.jar:/home/user/.m2/repository/org/apache/avro/avro/1.7.7/avro-1.7.7.jar:/home/user/.m2/repository/com/thoughtworks/paranamer/paranamer/2.3/paranamer-2.3.jar:/home/user/.m2/repository/org/xerial/snappy/snappy-java/1.0.5/snappy-java-1.0.5.jar:/home/user/.m2/repository/com/google/re2j/re2j/1.1/re2j-1.1.jar:/home/user/.m2/repository/com/google/code/gson/gson/2.2.4/gson-2.2.4.jar:/home/user/.m2/repository/com/jcraft/jsch/0.1.54/jsch-0.1.54.jar:/home/user/.m2/repository/org/apache/curator/curator-client/2.12.0/curator-client-2.12.0.jar:/home/user/.m2/repository/org/apache/curator/curator-recipes/2.12.0/curator-recipes-2.12.0.jar:/home/user/.m2/repository/com/google/code/findbugs/jsr305/3.0.0/jsr305-3.0.0.jar:/home/user/.m2/repository/org/apache/htrace/htrace-core4/4.1.0-incubating/htrace-core4-4.1.0-incubating.jar:/home/user/.m2/repository/org/apache/zookeeper/zookeeper/3.4.13/zookeeper-3.4.13.jar:/home/user/.m2/repository/org/apache/yetus/audience-annotations/0.5.0/audience-annotations-0.5.0.jar:/home/user/.m2/repository/org/codehaus/woodstox/stax2-api/3.1.4/stax2-api-3.1.4.jar:/home/user/.m2/repository/com/fasterxml/woodstox/woodstox-core/5.0.3/woodstox-core-5.0.3.jar:/home/user/.m2/repository/dnsjava/dnsjava/2.1.7/dnsjava-2.1.7.jar:/home/user/.m2/repository/org/apache/hadoop/hadoop-hdfs/3.2.0/hadoop-hdfs-3.2.0-tests.jar:/home/user/.m2/repository/org/eclipse/jetty/jetty-util-ajax/9.3.24.v20180605/jetty-util-ajax-9.3.24.v20180605.jar:/home/user/.m2/repository/commons-daemon/commons-daemon/1.0.13/commons-daemon-1.0.13.jar:/home/user/.m2/repository/io/netty/netty/3.10.5.Final/netty-3.10.5.Final.jar:/home/user/.m2/repository/io/netty/netty-all/4.0.52.Final/netty-all-4.0.52.Final.jar:/home/user/.m2/repository/org/fusesource/leveldbjni/leveldbjni-all/1.8/leveldbjni-all-1.8.jar:"/>
    <property name="sun.cpu.endian" value="little"/>
    <property name="user.home" value="/home/user"/>
    <property name="user.language" value="en"/>
    <property name="java.specification.vendor" value="Oracle Corporation"/>
    <property name="java.home" value="/usr/lib/jvm/java-1.8-openjdk/jre"/>
    <property name="java.security.krb5.conf" value="/workdir/hadoop-ozone/integration-test/target/test-classes/krb5.conf"/>
    <property name="basedir" value="/workdir/hadoop-ozone/integration-test"/>
    <property name="file.separator" value="/"/>
    <property name="line.separator" value="&#10;"/>
    <property name="java.vm.specification.vendor" value="Oracle Corporation"/>
    <property name="java.specification.name" value="Java Platform API Specification"/>
    <property name="java.awt.graphicsenv" value="sun.awt.X11GraphicsEnvironment"/>
    <property name="surefire.real.class.path" value="/workdir/hadoop-ozone/integration-test/target/surefire/surefirebooter4643752036886748169.jar"/>
    <property name="hadoop.log.dir" value="/workdir/hadoop-ozone/integration-test/target/log"/>
    <property name="sun.boot.class.path" value="/usr/lib/jvm/java-1.8-openjdk/jre/lib/resources.jar:/usr/lib/jvm/java-1.8-openjdk/jre/lib/rt.jar:/usr/lib/jvm/java-1.8-openjdk/jre/lib/sunrsasign.jar:/usr/lib/jvm/java-1.8-openjdk/jre/lib/jsse.jar:/usr/lib/jvm/java-1.8-openjdk/jre/lib/jce.jar:/usr/lib/jvm/java-1.8-openjdk/jre/lib/charsets.jar:/usr/lib/jvm/java-1.8-openjdk/jre/lib/jfr.jar:/usr/lib/jvm/java-1.8-openjdk/jre/classes"/>
    <property name="sun.management.compiler" value="HotSpot 64-Bit Tiered Compilers"/>
    <property name="java.runtime.version" value="1.8.0_212-b04"/>
    <property name="java.net.preferIPv4Stack" value="true"/>
    <property name="user.name" value="jenkins1000"/>
    <property name="path.separator" value=":"/>
    <property name="java.security.egd" value="file:///dev/urandom"/>
    <property name="os.version" value="3.10.0-957.12.2.el7.x86_64"/>
    <property name="java.endorsed.dirs" value="/usr/lib/jvm/java-1.8-openjdk/jre/lib/endorsed"/>
    <property name="java.runtime.name" value="OpenJDK Runtime Environment"/>
    <property name="file.encoding" value="UTF-8"/>
    <property name="java.vm.name" value="OpenJDK 64-Bit Server VM"/>
    <property name="test.build.webapps" value=""/>
    <property name="localRepository" value="/home/user/.m2/repository"/>
    <property name="java.vendor.url.bug" value="https://icedtea.classpath.org/bugzilla"/>
    <property name="java.io.tmpdir" value="/tmp"/>
    <property name="require.test.libhadoop" value=""/>
    <property name="java.version" value="1.8.0_212"/>
    <property name="user.dir" value="/workdir/hadoop-ozone/integration-test"/>
    <property name="os.arch" value="amd64"/>
    <property name="java.vm.specification.name" value="Java Virtual Machine Specification"/>
    <property name="test.build.classes" value="/workdir/hadoop-ozone/integration-test/target/test-classes"/>
    <property name="java.awt.printerjob" value="sun.print.PSPrinterJob"/>
    <property name="sun.os.patch.level" value="unknown"/>
    <property name="hadoop.tmp.dir" value="/workdir/hadoop-ozone/integration-test/target/tmp"/>
    <property name="java.library.path" value="/usr/lib/jvm/java-1.8-openjdk/jre/lib/amd64/server:/usr/lib/jvm/java-1.8-openjdk/jre/lib/amd64:/usr/lib/jvm/java-1.8-openjdk/jre/../lib/amd64:/workdir/hadoop-ozone/integration-test/target/native/target/usr/local/lib:/workdir/hadoop-ozone/integration-test/../../hadoop-common-project/hadoop-common/target/native/target/usr/local/lib:/usr/java/packages/lib/amd64:/usr/lib64:/lib64:/lib:/usr/lib"/>
    <property name="java.vm.info" value="mixed mode"/>
    <property name="java.vendor" value="IcedTea"/>
    <property name="java.vm.version" value="25.212-b04"/>
    <property name="java.ext.dirs" value="/usr/lib/jvm/java-1.8-openjdk/jre/lib/ext:/usr/java/packages/lib/ext"/>
    <property name="sun.io.unicode.encoding" value="UnicodeLittle"/>
    <property name="java.class.version" value="52.0"/>
  </properties>
  <testcase name="testGroupMismatchExceptionHandling" classname="org.apache.hadoop.ozone.client.rpc.TestOzoneClientRetriesOnException" time="40.462"/>
  <testcase name="testMaxRetriesByOzoneClient" classname="org.apache.hadoop.ozone.client.rpc.TestOzoneClientRetriesOnException" time="32.372">
    <error message="Failed to command cmdType: CreateContainer&#10;containerID: 2&#10;datanodeUuid: &quot;592200f1-3e1f-45d0-86ec-8b332dbc6e1e&quot;&#10;createContainer {&#10;}&#10;" type="java.io.IOException">java.io.IOException: 
Failed to command cmdType: CreateContainer
containerID: 2
datanodeUuid: "592200f1-3e1f-45d0-86ec-8b332dbc6e1e"
createContainer {
}

	at org.apache.hadoop.hdds.scm.XceiverClientSpi.sendCommand(XceiverClientSpi.java:113)
	at org.apache.hadoop.ozone.client.rpc.TestOzoneClientRetriesOnException.testMaxRetriesByOzoneClient(TestOzoneClientRetriesOnException.java:190)
	at sun.reflect.NativeMethodAccessorImpl.invoke0(Native Method)
	at sun.reflect.NativeMethodAccessorImpl.invoke(NativeMethodAccessorImpl.java:62)
	at sun.reflect.DelegatingMethodAccessorImpl.invoke(DelegatingMethodAccessorImpl.java:43)
	at java.lang.reflect.Method.invoke(Method.java:498)
	at org.junit.runners.model.FrameworkMethod$1.runReflectiveCall(FrameworkMethod.java:47)
	at org.junit.internal.runners.model.ReflectiveCallable.run(ReflectiveCallable.java:12)
	at org.junit.runners.model.FrameworkMethod.invokeExplosively(FrameworkMethod.java:44)
	at org.junit.internal.runners.statements.InvokeMethod.evaluate(InvokeMethod.java:17)
	at org.junit.internal.runners.statements.RunBefores.evaluate(RunBefores.java:26)
	at org.junit.internal.runners.statements.RunAfters.evaluate(RunAfters.java:27)
	at org.junit.runners.ParentRunner.runLeaf(ParentRunner.java:271)
	at org.junit.runners.BlockJUnit4ClassRunner.runChild(BlockJUnit4ClassRunner.java:70)
	at org.junit.runners.BlockJUnit4ClassRunner.runChild(BlockJUnit4ClassRunner.java:50)
	at org.junit.runners.ParentRunner$3.run(ParentRunner.java:238)
	at org.junit.runners.ParentRunner$1.schedule(ParentRunner.java:63)
	at org.junit.runners.ParentRunner.runChildren(ParentRunner.java:236)
	at org.junit.runners.ParentRunner.access$000(ParentRunner.java:53)
	at org.junit.runners.ParentRunner$2.evaluate(ParentRunner.java:229)
	at org.junit.runners.ParentRunner.run(ParentRunner.java:309)
	at org.apache.maven.surefire.junit4.JUnit4Provider.execute(JUnit4Provider.java:365)
	at org.apache.maven.surefire.junit4.JUnit4Provider.executeWithRerun(JUnit4Provider.java:273)
	at org.apache.maven.surefire.junit4.JUnit4Provider.executeTestSet(JUnit4Provider.java:238)
	at org.apache.maven.surefire.junit4.JUnit4Provider.invoke(JUnit4Provider.java:159)
	at org.apache.maven.surefire.booter.ForkedBooter.invokeProviderInSameClassLoader(ForkedBooter.java:384)
	at org.apache.maven.surefire.booter.ForkedBooter.runSuitesInProcess(ForkedBooter.java:345)
	at org.apache.maven.surefire.booter.ForkedBooter.execute(ForkedBooter.java:126)
	at org.apache.maven.surefire.booter.ForkedBooter.main(ForkedBooter.java:418)
Caused by: java.util.concurrent.ExecutionException: org.apache.ratis.protocol.StateMachineException: java.util.concurrent.CompletionException: java.lang.NullPointerException
	at java.util.concurrent.CompletableFuture.reportGet(CompletableFuture.java:357)
	at java.util.concurrent.CompletableFuture.get(CompletableFuture.java:1895)
	at org.apache.hadoop.hdds.scm.XceiverClientSpi.sendCommand(XceiverClientSpi.java:110)
	... 28 more
Caused by: org.apache.ratis.protocol.StateMachineException: java.util.concurrent.CompletionException: java.lang.NullPointerException
	at java.util.concurrent.CompletableFuture.encodeThrowable(CompletableFuture.java:273)
	at java.util.concurrent.CompletableFuture.completeThrowable(CompletableFuture.java:280)
	at java.util.concurrent.CompletableFuture$AsyncSupply.run(CompletableFuture.java:1592)
	at java.util.concurrent.ThreadPoolExecutor.runWorker(ThreadPoolExecutor.java:1149)
	at java.util.concurrent.ThreadPoolExecutor$Worker.run(ThreadPoolExecutor.java:624)
	at java.lang.Thread.run(Thread.java:748)
</error>
    <system-out><![CDATA[2019-07-31 00:48:56,059 WARN  server.ServerUtils (ServerUtils.java:getScmDbDir(145)) - ozone.scm.db.dirs is not configured. We recommend adding this setting. Falling back to ozone.metadata.dirs instead.
2019-07-31 00:48:56,076 WARN  server.ServerUtils (ServerUtils.java:getScmDbDir(145)) - ozone.scm.db.dirs is not configured. We recommend adding this setting. Falling back to ozone.metadata.dirs instead.
2019-07-31 00:48:56,076 WARN  server.ServerUtils (ServerUtils.java:getScmDbDir(145)) - ozone.scm.db.dirs is not configured. We recommend adding this setting. Falling back to ozone.metadata.dirs instead.
2019-07-31 00:48:56,077 INFO  db.DBStoreBuilder (DBStoreBuilder.java:addTable(110)) - using custom profile for table: deletedBlocks
2019-07-31 00:48:56,077 INFO  db.DBStoreBuilder (DBStoreBuilder.java:processTables(161)) - Using default column profile:DBProfile.DISK for Table:deletedBlocks
2019-07-31 00:48:56,077 INFO  db.DBStoreBuilder (DBStoreBuilder.java:addTable(110)) - using custom profile for table: validCerts
2019-07-31 00:48:56,077 INFO  db.DBStoreBuilder (DBStoreBuilder.java:processTables(161)) - Using default column profile:DBProfile.DISK for Table:validCerts
2019-07-31 00:48:56,078 INFO  db.DBStoreBuilder (DBStoreBuilder.java:addTable(110)) - using custom profile for table: revokedCerts
2019-07-31 00:48:56,078 INFO  db.DBStoreBuilder (DBStoreBuilder.java:processTables(161)) - Using default column profile:DBProfile.DISK for Table:revokedCerts
2019-07-31 00:48:56,078 INFO  db.DBStoreBuilder (DBStoreBuilder.java:addTable(110)) - using custom profile for table: default
2019-07-31 00:48:56,079 INFO  db.DBStoreBuilder (DBStoreBuilder.java:processTables(167)) - Using default column profile:DBProfile.DISK for Table:default
2019-07-31 00:48:56,079 INFO  db.DBStoreBuilder (DBStoreBuilder.java:getDbProfile(198)) - Using default options. DBProfile.DISK
2019-07-31 00:48:56,238 INFO  net.NodeSchemaLoader (NodeSchemaLoader.java:loadSchemaFromFile(125)) - Loading file from sun.misc.CompoundEnumeration@65e4cb84
2019-07-31 00:48:56,238 INFO  net.NodeSchemaLoader (NodeSchemaLoader.java:loadSchema(171)) - Loading network topology layer schema file
2019-07-31 00:48:56,244 WARN  server.ServerUtils (ServerUtils.java:sanitizeUserArgs(70)) - ozone.scm.stale.node.interval value = 300000 is larger than max = 100000 based on the key value of ozone.scm.heartbeat.thread.interval, reset to the max value 100000.
2019-07-31 00:48:56,244 WARN  server.ServerUtils (ServerUtils.java:sanitizeUserArgs(70)) - ozone.scm.stale.node.interval value = 300000 is larger than max = 100000 based on the key value of ozone.scm.heartbeat.thread.interval, reset to the max value 100000.
2019-07-31 00:48:56,245 INFO  node.SCMNodeManager (SCMNodeManager.java:<init>(121)) - Entering startup safe mode.
2019-07-31 00:48:56,246 WARN  server.ServerUtils (ServerUtils.java:getScmDbDir(145)) - ozone.scm.db.dirs is not configured. We recommend adding this setting. Falling back to ozone.metadata.dirs instead.
2019-07-31 00:48:56,295 INFO  pipeline.SCMPipelineManager (SCMPipelineManager.java:initializePipelineState(126)) - No pipeline exists in current db
2019-07-31 00:48:56,295 WARN  server.ServerUtils (ServerUtils.java:getScmDbDir(145)) - ozone.scm.db.dirs is not configured. We recommend adding this setting. Falling back to ozone.metadata.dirs instead.
2019-07-31 00:48:56,358 WARN  events.EventQueue (EventQueue.java:fireEvent(175)) - No event handler registered for event TypedEvent{payloadType=SafeModeStatus, name='SafeModeStatus'}
2019-07-31 00:48:56,359 INFO  ipc.CallQueueManager (CallQueueManager.java:<init>(84)) - Using callQueue: class java.util.concurrent.LinkedBlockingQueue, queueCapacity: 2000, scheduler: class org.apache.hadoop.ipc.DefaultRpcScheduler, ipcBackoff: false.
2019-07-31 00:48:56,360 INFO  ipc.Server (Server.java:run(1074)) - Starting Socket Reader #1 for port 37231
2019-07-31 00:48:56,363 INFO  ipc.CallQueueManager (CallQueueManager.java:<init>(84)) - Using callQueue: class java.util.concurrent.LinkedBlockingQueue, queueCapacity: 2000, scheduler: class org.apache.hadoop.ipc.DefaultRpcScheduler, ipcBackoff: false.
2019-07-31 00:48:56,363 INFO  ipc.Server (Server.java:run(1074)) - Starting Socket Reader #1 for port 35817
2019-07-31 00:48:56,365 INFO  ipc.CallQueueManager (CallQueueManager.java:<init>(84)) - Using callQueue: class java.util.concurrent.LinkedBlockingQueue, queueCapacity: 2000, scheduler: class org.apache.hadoop.ipc.DefaultRpcScheduler, ipcBackoff: false.
2019-07-31 00:48:56,366 INFO  ipc.Server (Server.java:run(1074)) - Starting Socket Reader #1 for port 34750
2019-07-31 00:48:56,368 INFO  hdfs.DFSUtil (DFSUtil.java:httpServerTemplateForNNAndJN(1641)) - Starting Web-server for scm at: http://0.0.0.0:0
2019-07-31 00:48:56,370 INFO  server.AuthenticationFilter (AuthenticationFilter.java:constructSecretProvider(240)) - Unable to initialize FileSignerSecretProvider, falling back to use random secrets.
2019-07-31 00:48:56,371 WARN  http.HttpRequestLog (HttpRequestLog.java:getRequestLog(97)) - Jetty request log can only be enabled using Log4j
2019-07-31 00:48:56,373 INFO  http.HttpServer2 (HttpServer2.java:addGlobalFilter(975)) - Added global filter 'safety' (class=org.apache.hadoop.http.HttpServer2$QuotingInputFilter)
2019-07-31 00:48:56,374 INFO  http.HttpServer2 (HttpServer2.java:addFilter(948)) - Added filter static_user_filter (class=org.apache.hadoop.http.lib.StaticUserWebFilter$StaticUserFilter) to context scm
2019-07-31 00:48:56,374 INFO  http.HttpServer2 (HttpServer2.java:addFilter(958)) - Added filter static_user_filter (class=org.apache.hadoop.http.lib.StaticUserWebFilter$StaticUserFilter) to context static
2019-07-31 00:48:56,374 INFO  http.HttpServer2 (HttpServer2.java:addFilter(958)) - Added filter static_user_filter (class=org.apache.hadoop.http.lib.StaticUserWebFilter$StaticUserFilter) to context logs
2019-07-31 00:48:56,376 INFO  server.StorageContainerManager (StorageContainerManager.java:start(758)) - StorageContainerLocationProtocol RPC server is listening at /0.0.0.0:34750
2019-07-31 00:48:56,378 WARN  impl.MetricsConfig (MetricsConfig.java:loadFirst(134)) - Cannot locate configuration: tried hadoop-metrics2-storagecontainermanager.properties,hadoop-metrics2.properties
2019-07-31 00:48:56,380 INFO  impl.MetricsSystemImpl (MetricsSystemImpl.java:startTimer(374)) - Scheduled Metric snapshot period at 10 second(s).
2019-07-31 00:48:56,380 INFO  impl.MetricsSystemImpl (MetricsSystemImpl.java:start(191)) - StorageContainerManager metrics system started
2019-07-31 00:48:56,427 INFO  server.SCMClientProtocolServer (SCMClientProtocolServer.java:start(151)) - RPC server for Client  is listening at /0.0.0.0:34750
2019-07-31 00:48:56,428 INFO  ipc.Server (Server.java:run(1314)) - IPC Server Responder: starting
2019-07-31 00:48:56,428 INFO  ipc.Server (Server.java:run(1153)) - IPC Server listener on 34750: starting
2019-07-31 00:48:56,432 INFO  server.StorageContainerManager (StorageContainerManager.java:start(768)) - ScmBlockLocationProtocol RPC server is listening at /0.0.0.0:35817
2019-07-31 00:48:56,432 INFO  server.SCMBlockProtocolServer (SCMBlockProtocolServer.java:start(140)) - RPC server for Block Protocol is listening at /0.0.0.0:35817
2019-07-31 00:48:56,433 INFO  ipc.Server (Server.java:run(1153)) - IPC Server listener on 35817: starting
2019-07-31 00:48:56,433 INFO  ipc.Server (Server.java:run(1314)) - IPC Server Responder: starting
2019-07-31 00:48:56,437 INFO  server.StorageContainerManager (StorageContainerManager.java:start(772)) - ScmDatanodeProtocl RPC server is listening at /0.0.0.0:37231
2019-07-31 00:48:56,437 INFO  server.SCMDatanodeProtocolServer (SCMDatanodeProtocolServer.java:start(191)) - RPC server for DataNodes is listening at /0.0.0.0:37231
2019-07-31 00:48:56,438 INFO  ipc.Server (Server.java:run(1314)) - IPC Server Responder: starting
2019-07-31 00:48:56,438 INFO  ipc.Server (Server.java:run(1153)) - IPC Server listener on 37231: starting
2019-07-31 00:48:56,443 INFO  http.HttpServer2 (HttpServer2.java:bindListener(1191)) - Jetty bound to port 40895
2019-07-31 00:48:56,443 INFO  server.Server (Server.java:doStart(351)) - jetty-9.3.24.v20180605, build timestamp: 2018-06-05T17:11:56Z, git hash: 84205aa28f11a4f31f2a3b86d1bba2cc8ab69827
2019-07-31 00:48:56,445 INFO  handler.ContextHandler (ContextHandler.java:doStart(781)) - Started o.e.j.s.ServletContextHandler@d16209e{/logs,file:///workdir/hadoop-ozone/integration-test/target/log,AVAILABLE}
2019-07-31 00:48:56,446 INFO  handler.ContextHandler (ContextHandler.java:doStart(781)) - Started o.e.j.s.ServletContextHandler@76596288{/static,file:///workdir/hadoop-ozone/integration-test/target/test-classes/webapps/static,AVAILABLE}
2019-07-31 00:48:56,450 INFO  handler.ContextHandler (ContextHandler.java:doStart(781)) - Started o.e.j.w.WebAppContext@7f93f4c{/,file:///workdir/hadoop-ozone/integration-test/target/test-classes/webapps/scm/,AVAILABLE}{/scm}
2019-07-31 00:48:56,451 INFO  server.AbstractConnector (AbstractConnector.java:doStart(278)) - Started ServerConnector@598657cd{HTTP/1.1,[http/1.1]}{0.0.0.0:40895}
2019-07-31 00:48:56,452 INFO  server.Server (Server.java:doStart(419)) - Started @41433ms
2019-07-31 00:48:56,453 INFO  server.BaseHttpServer (BaseHttpServer.java:updateConnectorAddress(207)) - HTTP server of SCM is listening at http://0.0.0.0:40895
2019-07-31 00:48:56,453 WARN  server.ServerUtils (ServerUtils.java:getDBPath(222)) - ozone.om.db.dirs is not configured. We recommend adding this setting. Falling back to ozone.metadata.dirs instead.
2019-07-31 00:48:56,453 INFO  util.JvmPauseMonitor (JvmPauseMonitor.java:run(188)) - Starting JVM pause monitor
2019-07-31 00:48:56,467 WARN  server.ServerUtils (ServerUtils.java:getDBPath(222)) - ozone.om.db.dirs is not configured. We recommend adding this setting. Falling back to ozone.metadata.dirs instead.
2019-07-31 00:48:56,468 WARN  server.ServerUtils (ServerUtils.java:getDBPath(222)) - ozone.om.db.dirs is not configured. We recommend adding this setting. Falling back to ozone.metadata.dirs instead.
2019-07-31 00:48:56,468 INFO  om.OzoneManager (OzoneManager.java:setOMNodeDetails(644)) - OM Service ID is not set. Setting it to the default ID: omServiceIdDefault
2019-07-31 00:48:56,468 INFO  om.OzoneManager (OzoneManager.java:setOMNodeDetails(650)) - OM Node ID is not set. Setting it to the OmStorage's OmID: e9dfcf0a-f5f5-47ef-a2cd-04a653631c74
2019-07-31 00:48:56,468 INFO  om.OzoneManager (OzoneManager.java:loadOMHAConfigs(601)) - Found matching OM address with OMServiceId: null, OMNodeId: null, RPC Address: localhost:0 and Ratis port: 9872
2019-07-31 00:48:56,476 WARN  server.ServerUtils (ServerUtils.java:getDBPath(222)) - ozone.om.db.dirs is not configured. We recommend adding this setting. Falling back to ozone.metadata.dirs instead.
2019-07-31 00:48:56,477 INFO  db.DBStoreBuilder (DBStoreBuilder.java:addTable(110)) - using custom profile for table: userTable
2019-07-31 00:48:56,477 INFO  db.DBStoreBuilder (DBStoreBuilder.java:processTables(161)) - Using default column profile:DBProfile.DISK for Table:userTable
2019-07-31 00:48:56,477 INFO  db.DBStoreBuilder (DBStoreBuilder.java:addTable(110)) - using custom profile for table: volumeTable
2019-07-31 00:48:56,477 INFO  db.DBStoreBuilder (DBStoreBuilder.java:processTables(161)) - Using default column profile:DBProfile.DISK for Table:volumeTable
2019-07-31 00:48:56,478 INFO  db.DBStoreBuilder (DBStoreBuilder.java:addTable(110)) - using custom profile for table: bucketTable
2019-07-31 00:48:56,478 INFO  db.DBStoreBuilder (DBStoreBuilder.java:processTables(161)) - Using default column profile:DBProfile.DISK for Table:bucketTable
2019-07-31 00:48:56,478 INFO  db.DBStoreBuilder (DBStoreBuilder.java:addTable(110)) - using custom profile for table: keyTable
2019-07-31 00:48:56,478 INFO  db.DBStoreBuilder (DBStoreBuilder.java:processTables(161)) - Using default column profile:DBProfile.DISK for Table:keyTable
2019-07-31 00:48:56,478 INFO  db.DBStoreBuilder (DBStoreBuilder.java:addTable(110)) - using custom profile for table: deletedTable
2019-07-31 00:48:56,479 INFO  db.DBStoreBuilder (DBStoreBuilder.java:processTables(161)) - Using default column profile:DBProfile.DISK for Table:deletedTable
2019-07-31 00:48:56,479 INFO  db.DBStoreBuilder (DBStoreBuilder.java:addTable(110)) - using custom profile for table: openKeyTable
2019-07-31 00:48:56,479 INFO  db.DBStoreBuilder (DBStoreBuilder.java:processTables(161)) - Using default column profile:DBProfile.DISK for Table:openKeyTable
2019-07-31 00:48:56,479 INFO  db.DBStoreBuilder (DBStoreBuilder.java:addTable(110)) - using custom profile for table: s3Table
2019-07-31 00:48:56,479 INFO  db.DBStoreBuilder (DBStoreBuilder.java:processTables(161)) - Using default column profile:DBProfile.DISK for Table:s3Table
2019-07-31 00:48:56,480 INFO  db.DBStoreBuilder (DBStoreBuilder.java:addTable(110)) - using custom profile for table: multipartInfoTable
2019-07-31 00:48:56,480 INFO  db.DBStoreBuilder (DBStoreBuilder.java:processTables(161)) - Using default column profile:DBProfile.DISK for Table:multipartInfoTable
2019-07-31 00:48:56,480 INFO  db.DBStoreBuilder (DBStoreBuilder.java:addTable(110)) - using custom profile for table: dTokenTable
2019-07-31 00:48:56,480 INFO  db.DBStoreBuilder (DBStoreBuilder.java:processTables(161)) - Using default column profile:DBProfile.DISK for Table:dTokenTable
2019-07-31 00:48:56,480 INFO  db.DBStoreBuilder (DBStoreBuilder.java:addTable(110)) - using custom profile for table: s3SecretTable
2019-07-31 00:48:56,480 INFO  db.DBStoreBuilder (DBStoreBuilder.java:processTables(161)) - Using default column profile:DBProfile.DISK for Table:s3SecretTable
2019-07-31 00:48:56,481 INFO  db.DBStoreBuilder (DBStoreBuilder.java:addTable(110)) - using custom profile for table: prefixTable
2019-07-31 00:48:56,481 INFO  db.DBStoreBuilder (DBStoreBuilder.java:processTables(161)) - Using default column profile:DBProfile.DISK for Table:prefixTable
2019-07-31 00:48:56,481 INFO  db.DBStoreBuilder (DBStoreBuilder.java:addTable(110)) - using custom profile for table: default
2019-07-31 00:48:56,481 INFO  db.DBStoreBuilder (DBStoreBuilder.java:processTables(167)) - Using default column profile:DBProfile.DISK for Table:default
2019-07-31 00:48:56,481 INFO  db.DBStoreBuilder (DBStoreBuilder.java:getDbProfile(198)) - Using default options. DBProfile.DISK
2019-07-31 00:48:56,975 INFO  ipc.CallQueueManager (CallQueueManager.java:<init>(84)) - Using callQueue: class java.util.concurrent.LinkedBlockingQueue, queueCapacity: 2000, scheduler: class org.apache.hadoop.ipc.DefaultRpcScheduler, ipcBackoff: false.
2019-07-31 00:48:56,977 INFO  ipc.Server (Server.java:run(1074)) - Starting Socket Reader #1 for port 41298
2019-07-31 00:48:56,996 INFO  om.OzoneManager (OzoneManager.java:start(1255)) - OzoneManager RPC server is listening at localhost/127.0.0.1:41298
2019-07-31 00:48:56,996 INFO  impl.MetricsSystemImpl (MetricsSystemImpl.java:init(158)) - OzoneManager metrics system started (again)
2019-07-31 00:48:56,997 INFO  ipc.Server (Server.java:run(1314)) - IPC Server Responder: starting
2019-07-31 00:48:56,998 INFO  ipc.Server (Server.java:run(1153)) - IPC Server listener on 41298: starting
2019-07-31 00:48:57,005 INFO  hdfs.DFSUtil (DFSUtil.java:httpServerTemplateForNNAndJN(1641)) - Starting Web-server for ozoneManager at: http://0.0.0.0:0
2019-07-31 00:48:57,007 INFO  server.AuthenticationFilter (AuthenticationFilter.java:constructSecretProvider(240)) - Unable to initialize FileSignerSecretProvider, falling back to use random secrets.
2019-07-31 00:48:57,008 WARN  http.HttpRequestLog (HttpRequestLog.java:getRequestLog(97)) - Jetty request log can only be enabled using Log4j
2019-07-31 00:48:57,010 INFO  http.HttpServer2 (HttpServer2.java:addGlobalFilter(975)) - Added global filter 'safety' (class=org.apache.hadoop.http.HttpServer2$QuotingInputFilter)
2019-07-31 00:48:57,012 INFO  http.HttpServer2 (HttpServer2.java:addFilter(948)) - Added filter static_user_filter (class=org.apache.hadoop.http.lib.StaticUserWebFilter$StaticUserFilter) to context ozoneManager
2019-07-31 00:48:57,012 INFO  http.HttpServer2 (HttpServer2.java:addFilter(958)) - Added filter static_user_filter (class=org.apache.hadoop.http.lib.StaticUserWebFilter$StaticUserFilter) to context logs
2019-07-31 00:48:57,012 INFO  http.HttpServer2 (HttpServer2.java:addFilter(958)) - Added filter static_user_filter (class=org.apache.hadoop.http.lib.StaticUserWebFilter$StaticUserFilter) to context static
2019-07-31 00:48:57,013 INFO  http.HttpServer2 (HttpServer2.java:bindListener(1191)) - Jetty bound to port 42834
2019-07-31 00:48:57,014 INFO  server.Server (Server.java:doStart(351)) - jetty-9.3.24.v20180605, build timestamp: 2018-06-05T17:11:56Z, git hash: 84205aa28f11a4f31f2a3b86d1bba2cc8ab69827
2019-07-31 00:48:57,016 INFO  handler.ContextHandler (ContextHandler.java:doStart(781)) - Started o.e.j.s.ServletContextHandler@7996d0d4{/logs,file:///workdir/hadoop-ozone/integration-test/target/log,AVAILABLE}
2019-07-31 00:48:57,016 INFO  handler.ContextHandler (ContextHandler.java:doStart(781)) - Started o.e.j.s.ServletContextHandler@300bb303{/static,file:///workdir/hadoop-ozone/integration-test/target/test-classes/webapps/static,AVAILABLE}
2019-07-31 00:48:57,022 INFO  handler.ContextHandler (ContextHandler.java:doStart(781)) - Started o.e.j.w.WebAppContext@612af486{/,file:///workdir/hadoop-ozone/integration-test/target/test-classes/webapps/ozoneManager/,AVAILABLE}{/ozoneManager}
2019-07-31 00:48:57,023 INFO  server.AbstractConnector (AbstractConnector.java:doStart(278)) - Started ServerConnector@3d033453{HTTP/1.1,[http/1.1]}{0.0.0.0:42834}
2019-07-31 00:48:57,024 INFO  server.Server (Server.java:doStart(419)) - Started @42005ms
2019-07-31 00:48:57,025 INFO  server.BaseHttpServer (BaseHttpServer.java:updateConnectorAddress(207)) - HTTP server of OZONEMANAGER is listening at http://0.0.0.0:42834
2019-07-31 00:48:57,044 INFO  impl.MetricsSystemImpl (MetricsSystemImpl.java:init(158)) - HddsDatanode metrics system started (again)
2019-07-31 00:48:57,047 INFO  ozone.HddsDatanodeService (HddsDatanodeService.java:start(184)) - HddsDatanodeService host:byscane-nightly-8jrs9-2386324885 ip:192.168.69.114
2019-07-31 00:48:57,055 INFO  volume.HddsVolume (HddsVolume.java:<init>(176)) - Creating Volume: /workdir/hadoop-ozone/integration-test/target/test-dir/MiniOzoneClusterImpl-5e7578f6-c7d5-4fb0-a9a6-c5f08596d10b/datanode-0/data/containers/hdds of  storage type : DISK and capacity : 52710309888
2019-07-31 00:48:57,056 INFO  volume.VolumeSet (VolumeSet.java:initializeVolumeSet(170)) - Added Volume : /workdir/hadoop-ozone/integration-test/target/test-dir/MiniOzoneClusterImpl-5e7578f6-c7d5-4fb0-a9a6-c5f08596d10b/datanode-0/data/containers/hdds to VolumeSet
2019-07-31 00:48:57,056 INFO  volume.ThrottledAsyncChecker (ThrottledAsyncChecker.java:schedule(140)) - Scheduling a check for org.apache.hadoop.ozone.container.common.volume.HddsVolume@50ff7063
2019-07-31 00:48:57,057 INFO  volume.HddsVolumeChecker (HddsVolumeChecker.java:checkAllVolumes(203)) - Scheduled health check for volume org.apache.hadoop.ozone.container.common.volume.HddsVolume@50ff7063
2019-07-31 00:48:57,073 INFO  impl.RaftServerProxy (ConfUtils.java:logGet(43)) - raft.rpc.type = GRPC (default)
2019-07-31 00:48:57,074 INFO  grpc.GrpcFactory (GrpcFactory.java:checkPooledByteBufAllocatorUseCacheForAllThreads(45)) - PERFORMANCE WARNING: useCacheForAllThreads is true that may cause Netty to create a lot garbage objects and, as a result, trigger GC.
	It is recommended to disable useCacheForAllThreads by setting -Dorg.apache.ratis.thirdparty.io.netty.allocator.useCacheForAllThreads=false in command line.
2019-07-31 00:48:57,074 INFO  grpc.GrpcConfigKeys$Server (ConfUtils.java:logGet(43)) - raft.grpc.server.port = 0 (default)
2019-07-31 00:48:57,074 INFO  server.GrpcService (ConfUtils.java:logGet(43)) - raft.grpc.message.size.max = 33570816 (custom)
2019-07-31 00:48:57,074 INFO  server.RaftServerConfigKeys (ConfUtils.java:logGet(43)) - raft.server.log.appender.buffer.byte-limit = 33554432 (custom)
2019-07-31 00:48:57,075 INFO  server.GrpcService (ConfUtils.java:logGet(43)) - raft.grpc.flow.control.window = 1MB (=1048576) (default)
2019-07-31 00:48:57,075 INFO  server.RaftServerConfigKeys (ConfUtils.java:logGet(43)) - raft.server.rpc.request.timeout = 3000ms (default)
2019-07-31 00:48:57,076 INFO  server.RaftServerConfigKeys (ConfUtils.java:logGet(43)) - raft.server.storage.dir = [/workdir/hadoop-ozone/integration-test/target/test-dir/MiniOzoneClusterImpl-5e7578f6-c7d5-4fb0-a9a6-c5f08596d10b/datanode-0/data/ratis] (custom)
2019-07-31 00:48:57,076 INFO  replication.SimpleContainerDownloader (SimpleContainerDownloader.java:<init>(72)) - Starting container downloader service to copy containers to replicate.
2019-07-31 00:48:57,077 INFO  hdfs.DFSUtil (DFSUtil.java:httpServerTemplateForNNAndJN(1641)) - Starting Web-server for hddsDatanode at: http://0.0.0.0:0
2019-07-31 00:48:57,078 INFO  server.AuthenticationFilter (AuthenticationFilter.java:constructSecretProvider(240)) - Unable to initialize FileSignerSecretProvider, falling back to use random secrets.
2019-07-31 00:48:57,079 WARN  http.HttpRequestLog (HttpRequestLog.java:getRequestLog(97)) - Jetty request log can only be enabled using Log4j
2019-07-31 00:48:57,080 INFO  http.HttpServer2 (HttpServer2.java:addGlobalFilter(975)) - Added global filter 'safety' (class=org.apache.hadoop.http.HttpServer2$QuotingInputFilter)
2019-07-31 00:48:57,081 INFO  http.HttpServer2 (HttpServer2.java:addFilter(948)) - Added filter static_user_filter (class=org.apache.hadoop.http.lib.StaticUserWebFilter$StaticUserFilter) to context hddsDatanode
2019-07-31 00:48:57,081 INFO  http.HttpServer2 (HttpServer2.java:addFilter(958)) - Added filter static_user_filter (class=org.apache.hadoop.http.lib.StaticUserWebFilter$StaticUserFilter) to context static
2019-07-31 00:48:57,081 INFO  http.HttpServer2 (HttpServer2.java:addFilter(958)) - Added filter static_user_filter (class=org.apache.hadoop.http.lib.StaticUserWebFilter$StaticUserFilter) to context logs
2019-07-31 00:48:57,082 INFO  http.HttpServer2 (HttpServer2.java:bindListener(1191)) - Jetty bound to port 35963
2019-07-31 00:48:57,082 INFO  server.Server (Server.java:doStart(351)) - jetty-9.3.24.v20180605, build timestamp: 2018-06-05T17:11:56Z, git hash: 84205aa28f11a4f31f2a3b86d1bba2cc8ab69827
2019-07-31 00:48:57,084 INFO  handler.ContextHandler (ContextHandler.java:doStart(781)) - Started o.e.j.s.ServletContextHandler@12f9f896{/logs,file:///workdir/hadoop-ozone/integration-test/target/log,AVAILABLE}
2019-07-31 00:48:57,084 INFO  handler.ContextHandler (ContextHandler.java:doStart(781)) - Started o.e.j.s.ServletContextHandler@505f45cc{/static,jar:file:/home/user/.m2/repository/org/apache/hadoop/hadoop-hdds-container-service/0.4.1-SNAPSHOT/hadoop-hdds-container-service-0.4.1-SNAPSHOT.jar!/webapps/static,AVAILABLE}
2019-07-31 00:48:57,114 INFO  handler.ContextHandler (ContextHandler.java:doStart(781)) - Started o.e.j.w.WebAppContext@4656fcc5{/,file:///tmp/jetty-0.0.0.0-35963-hddsDatanode-_-any-5006349985364867934.dir/webapp/,AVAILABLE}{/hddsDatanode}
2019-07-31 00:48:57,114 INFO  server.AbstractConnector (AbstractConnector.java:doStart(278)) - Started ServerConnector@2c16677c{HTTP/1.1,[http/1.1]}{0.0.0.0:35963}
2019-07-31 00:48:57,115 INFO  server.Server (Server.java:doStart(419)) - Started @42097ms
2019-07-31 00:48:57,116 INFO  server.BaseHttpServer (BaseHttpServer.java:updateConnectorAddress(207)) - HTTP server of HDDSDATANODE is listening at http://0.0.0.0:35963
2019-07-31 00:48:57,234 INFO  ozone.HddsDatanodeService (HddsDatanodeService.java:startPlugins(395)) - Started plug-in org.apache.hadoop.ozone.web.OzoneHddsDatanodeService@3316527e
2019-07-31 00:48:57,234 INFO  impl.MetricsSystemImpl (MetricsSystemImpl.java:init(158)) - HddsDatanode metrics system started (again)
2019-07-31 00:48:57,238 INFO  ozone.HddsDatanodeService (HddsDatanodeService.java:start(184)) - HddsDatanodeService host:byscane-nightly-8jrs9-2386324885 ip:192.168.69.114
2019-07-31 00:48:57,238 INFO  util.JvmPauseMonitor (JvmPauseMonitor.java:run(188)) - Starting JVM pause monitor
2019-07-31 00:48:57,241 INFO  datanode.InitDatanodeState (InitDatanodeState.java:persistContainerDatanodeDetails(140)) - DatanodeDetails is persisted to /workdir/hadoop-ozone/integration-test/target/test-dir/MiniOzoneClusterImpl-5e7578f6-c7d5-4fb0-a9a6-c5f08596d10b/datanode-0/meta/datanode.id
2019-07-31 00:48:57,246 INFO  volume.HddsVolume (HddsVolume.java:<init>(176)) - Creating Volume: /workdir/hadoop-ozone/integration-test/target/test-dir/MiniOzoneClusterImpl-5e7578f6-c7d5-4fb0-a9a6-c5f08596d10b/datanode-1/data/containers/hdds of  storage type : DISK and capacity : 52710309888
2019-07-31 00:48:57,246 INFO  volume.VolumeSet (VolumeSet.java:initializeVolumeSet(170)) - Added Volume : /workdir/hadoop-ozone/integration-test/target/test-dir/MiniOzoneClusterImpl-5e7578f6-c7d5-4fb0-a9a6-c5f08596d10b/datanode-1/data/containers/hdds to VolumeSet
2019-07-31 00:48:57,246 INFO  volume.ThrottledAsyncChecker (ThrottledAsyncChecker.java:schedule(140)) - Scheduling a check for org.apache.hadoop.ozone.container.common.volume.HddsVolume@4dd1548e
2019-07-31 00:48:57,247 INFO  volume.HddsVolumeChecker (HddsVolumeChecker.java:checkAllVolumes(203)) - Scheduled health check for volume org.apache.hadoop.ozone.container.common.volume.HddsVolume@4dd1548e
2019-07-31 00:48:57,259 INFO  impl.RaftServerProxy (ConfUtils.java:logGet(43)) - raft.rpc.type = GRPC (default)
2019-07-31 00:48:57,260 INFO  grpc.GrpcFactory (GrpcFactory.java:checkPooledByteBufAllocatorUseCacheForAllThreads(45)) - PERFORMANCE WARNING: useCacheForAllThreads is true that may cause Netty to create a lot garbage objects and, as a result, trigger GC.
	It is recommended to disable useCacheForAllThreads by setting -Dorg.apache.ratis.thirdparty.io.netty.allocator.useCacheForAllThreads=false in command line.
2019-07-31 00:48:57,260 INFO  grpc.GrpcConfigKeys$Server (ConfUtils.java:logGet(43)) - raft.grpc.server.port = 0 (default)
2019-07-31 00:48:57,260 INFO  server.GrpcService (ConfUtils.java:logGet(43)) - raft.grpc.message.size.max = 33570816 (custom)
2019-07-31 00:48:57,260 INFO  server.RaftServerConfigKeys (ConfUtils.java:logGet(43)) - raft.server.log.appender.buffer.byte-limit = 33554432 (custom)
2019-07-31 00:48:57,260 INFO  server.GrpcService (ConfUtils.java:logGet(43)) - raft.grpc.flow.control.window = 1MB (=1048576) (default)
2019-07-31 00:48:57,260 INFO  server.RaftServerConfigKeys (ConfUtils.java:logGet(43)) - raft.server.rpc.request.timeout = 3000ms (default)
2019-07-31 00:48:57,261 INFO  server.RaftServerConfigKeys (ConfUtils.java:logGet(43)) - raft.server.storage.dir = [/workdir/hadoop-ozone/integration-test/target/test-dir/MiniOzoneClusterImpl-5e7578f6-c7d5-4fb0-a9a6-c5f08596d10b/datanode-1/data/ratis] (custom)
2019-07-31 00:48:57,261 INFO  replication.SimpleContainerDownloader (SimpleContainerDownloader.java:<init>(72)) - Starting container downloader service to copy containers to replicate.
2019-07-31 00:48:57,262 INFO  hdfs.DFSUtil (DFSUtil.java:httpServerTemplateForNNAndJN(1641)) - Starting Web-server for hddsDatanode at: http://0.0.0.0:0
2019-07-31 00:48:57,264 INFO  server.AuthenticationFilter (AuthenticationFilter.java:constructSecretProvider(240)) - Unable to initialize FileSignerSecretProvider, falling back to use random secrets.
2019-07-31 00:48:57,264 WARN  http.HttpRequestLog (HttpRequestLog.java:getRequestLog(97)) - Jetty request log can only be enabled using Log4j
2019-07-31 00:48:57,265 INFO  http.HttpServer2 (HttpServer2.java:addGlobalFilter(975)) - Added global filter 'safety' (class=org.apache.hadoop.http.HttpServer2$QuotingInputFilter)
2019-07-31 00:48:57,266 INFO  http.HttpServer2 (HttpServer2.java:addFilter(948)) - Added filter static_user_filter (class=org.apache.hadoop.http.lib.StaticUserWebFilter$StaticUserFilter) to context hddsDatanode
2019-07-31 00:48:57,266 INFO  http.HttpServer2 (HttpServer2.java:addFilter(958)) - Added filter static_user_filter (class=org.apache.hadoop.http.lib.StaticUserWebFilter$StaticUserFilter) to context static
2019-07-31 00:48:57,266 INFO  http.HttpServer2 (HttpServer2.java:addFilter(958)) - Added filter static_user_filter (class=org.apache.hadoop.http.lib.StaticUserWebFilter$StaticUserFilter) to context logs
2019-07-31 00:48:57,267 INFO  http.HttpServer2 (HttpServer2.java:bindListener(1191)) - Jetty bound to port 43489
2019-07-31 00:48:57,267 INFO  server.Server (Server.java:doStart(351)) - jetty-9.3.24.v20180605, build timestamp: 2018-06-05T17:11:56Z, git hash: 84205aa28f11a4f31f2a3b86d1bba2cc8ab69827
2019-07-31 00:48:57,268 INFO  handler.ContextHandler (ContextHandler.java:doStart(781)) - Started o.e.j.s.ServletContextHandler@4cc26df{/logs,file:///workdir/hadoop-ozone/integration-test/target/log,AVAILABLE}
2019-07-31 00:48:57,269 INFO  handler.ContextHandler (ContextHandler.java:doStart(781)) - Started o.e.j.s.ServletContextHandler@f4f843f{/static,jar:file:/home/user/.m2/repository/org/apache/hadoop/hadoop-hdds-container-service/0.4.1-SNAPSHOT/hadoop-hdds-container-service-0.4.1-SNAPSHOT.jar!/webapps/static,AVAILABLE}
2019-07-31 00:48:57,315 INFO  handler.ContextHandler (ContextHandler.java:doStart(781)) - Started o.e.j.w.WebAppContext@42ecc554{/,file:///tmp/jetty-0.0.0.0-43489-hddsDatanode-_-any-2652010011424375762.dir/webapp/,AVAILABLE}{/hddsDatanode}
2019-07-31 00:48:57,315 INFO  server.AbstractConnector (AbstractConnector.java:doStart(278)) - Started ServerConnector@443af394{HTTP/1.1,[http/1.1]}{0.0.0.0:43489}
2019-07-31 00:48:57,317 INFO  server.Server (Server.java:doStart(419)) - Started @42298ms
2019-07-31 00:48:57,317 INFO  server.BaseHttpServer (BaseHttpServer.java:updateConnectorAddress(207)) - HTTP server of HDDSDATANODE is listening at http://0.0.0.0:43489
2019-07-31 00:48:57,459 INFO  ozone.HddsDatanodeService (HddsDatanodeService.java:startPlugins(395)) - Started plug-in org.apache.hadoop.ozone.web.OzoneHddsDatanodeService@27db45f
2019-07-31 00:48:57,459 INFO  impl.MetricsSystemImpl (MetricsSystemImpl.java:init(158)) - HddsDatanode metrics system started (again)
2019-07-31 00:48:57,464 INFO  ozone.HddsDatanodeService (HddsDatanodeService.java:start(184)) - HddsDatanodeService host:byscane-nightly-8jrs9-2386324885 ip:192.168.69.114
2019-07-31 00:48:57,464 INFO  util.JvmPauseMonitor (JvmPauseMonitor.java:run(188)) - Starting JVM pause monitor
2019-07-31 00:48:57,466 INFO  datanode.InitDatanodeState (InitDatanodeState.java:persistContainerDatanodeDetails(140)) - DatanodeDetails is persisted to /workdir/hadoop-ozone/integration-test/target/test-dir/MiniOzoneClusterImpl-5e7578f6-c7d5-4fb0-a9a6-c5f08596d10b/datanode-1/meta/datanode.id
2019-07-31 00:48:57,471 INFO  volume.HddsVolume (HddsVolume.java:<init>(176)) - Creating Volume: /workdir/hadoop-ozone/integration-test/target/test-dir/MiniOzoneClusterImpl-5e7578f6-c7d5-4fb0-a9a6-c5f08596d10b/datanode-2/data/containers/hdds of  storage type : DISK and capacity : 52710309888
2019-07-31 00:48:57,472 INFO  volume.VolumeSet (VolumeSet.java:initializeVolumeSet(170)) - Added Volume : /workdir/hadoop-ozone/integration-test/target/test-dir/MiniOzoneClusterImpl-5e7578f6-c7d5-4fb0-a9a6-c5f08596d10b/datanode-2/data/containers/hdds to VolumeSet
2019-07-31 00:48:57,472 INFO  volume.ThrottledAsyncChecker (ThrottledAsyncChecker.java:schedule(140)) - Scheduling a check for org.apache.hadoop.ozone.container.common.volume.HddsVolume@4b32465
2019-07-31 00:48:57,472 INFO  volume.HddsVolumeChecker (HddsVolumeChecker.java:checkAllVolumes(203)) - Scheduled health check for volume org.apache.hadoop.ozone.container.common.volume.HddsVolume@4b32465
2019-07-31 00:48:57,487 INFO  impl.RaftServerProxy (ConfUtils.java:logGet(43)) - raft.rpc.type = GRPC (default)
2019-07-31 00:48:57,487 INFO  grpc.GrpcFactory (GrpcFactory.java:checkPooledByteBufAllocatorUseCacheForAllThreads(45)) - PERFORMANCE WARNING: useCacheForAllThreads is true that may cause Netty to create a lot garbage objects and, as a result, trigger GC.
	It is recommended to disable useCacheForAllThreads by setting -Dorg.apache.ratis.thirdparty.io.netty.allocator.useCacheForAllThreads=false in command line.
2019-07-31 00:48:57,487 INFO  grpc.GrpcConfigKeys$Server (ConfUtils.java:logGet(43)) - raft.grpc.server.port = 0 (default)
2019-07-31 00:48:57,487 INFO  server.GrpcService (ConfUtils.java:logGet(43)) - raft.grpc.message.size.max = 33570816 (custom)
2019-07-31 00:48:57,488 INFO  server.RaftServerConfigKeys (ConfUtils.java:logGet(43)) - raft.server.log.appender.buffer.byte-limit = 33554432 (custom)
2019-07-31 00:48:57,488 INFO  server.GrpcService (ConfUtils.java:logGet(43)) - raft.grpc.flow.control.window = 1MB (=1048576) (default)
2019-07-31 00:48:57,488 INFO  server.RaftServerConfigKeys (ConfUtils.java:logGet(43)) - raft.server.rpc.request.timeout = 3000ms (default)
2019-07-31 00:48:57,489 INFO  server.RaftServerConfigKeys (ConfUtils.java:logGet(43)) - raft.server.storage.dir = [/workdir/hadoop-ozone/integration-test/target/test-dir/MiniOzoneClusterImpl-5e7578f6-c7d5-4fb0-a9a6-c5f08596d10b/datanode-2/data/ratis] (custom)
2019-07-31 00:48:57,489 INFO  replication.SimpleContainerDownloader (SimpleContainerDownloader.java:<init>(72)) - Starting container downloader service to copy containers to replicate.
2019-07-31 00:48:57,490 INFO  hdfs.DFSUtil (DFSUtil.java:httpServerTemplateForNNAndJN(1641)) - Starting Web-server for hddsDatanode at: http://0.0.0.0:0
2019-07-31 00:48:57,491 INFO  server.AuthenticationFilter (AuthenticationFilter.java:constructSecretProvider(240)) - Unable to initialize FileSignerSecretProvider, falling back to use random secrets.
2019-07-31 00:48:57,492 WARN  http.HttpRequestLog (HttpRequestLog.java:getRequestLog(97)) - Jetty request log can only be enabled using Log4j
2019-07-31 00:48:57,493 INFO  http.HttpServer2 (HttpServer2.java:addGlobalFilter(975)) - Added global filter 'safety' (class=org.apache.hadoop.http.HttpServer2$QuotingInputFilter)
2019-07-31 00:48:57,493 INFO  http.HttpServer2 (HttpServer2.java:addFilter(948)) - Added filter static_user_filter (class=org.apache.hadoop.http.lib.StaticUserWebFilter$StaticUserFilter) to context hddsDatanode
2019-07-31 00:48:57,493 INFO  http.HttpServer2 (HttpServer2.java:addFilter(958)) - Added filter static_user_filter (class=org.apache.hadoop.http.lib.StaticUserWebFilter$StaticUserFilter) to context static
2019-07-31 00:48:57,493 INFO  http.HttpServer2 (HttpServer2.java:addFilter(958)) - Added filter static_user_filter (class=org.apache.hadoop.http.lib.StaticUserWebFilter$StaticUserFilter) to context logs
2019-07-31 00:48:57,494 INFO  http.HttpServer2 (HttpServer2.java:bindListener(1191)) - Jetty bound to port 34904
2019-07-31 00:48:57,494 INFO  server.Server (Server.java:doStart(351)) - jetty-9.3.24.v20180605, build timestamp: 2018-06-05T17:11:56Z, git hash: 84205aa28f11a4f31f2a3b86d1bba2cc8ab69827
2019-07-31 00:48:57,497 INFO  handler.ContextHandler (ContextHandler.java:doStart(781)) - Started o.e.j.s.ServletContextHandler@f10d055{/logs,file:///workdir/hadoop-ozone/integration-test/target/log,AVAILABLE}
2019-07-31 00:48:57,497 INFO  handler.ContextHandler (ContextHandler.java:doStart(781)) - Started o.e.j.s.ServletContextHandler@2d801d8{/static,jar:file:/home/user/.m2/repository/org/apache/hadoop/hadoop-hdds-container-service/0.4.1-SNAPSHOT/hadoop-hdds-container-service-0.4.1-SNAPSHOT.jar!/webapps/static,AVAILABLE}
2019-07-31 00:48:57,525 INFO  handler.ContextHandler (ContextHandler.java:doStart(781)) - Started o.e.j.w.WebAppContext@6210666c{/,file:///tmp/jetty-0.0.0.0-34904-hddsDatanode-_-any-2968233529531052235.dir/webapp/,AVAILABLE}{/hddsDatanode}
2019-07-31 00:48:57,525 INFO  server.AbstractConnector (AbstractConnector.java:doStart(278)) - Started ServerConnector@1dca62c2{HTTP/1.1,[http/1.1]}{0.0.0.0:34904}
2019-07-31 00:48:57,526 INFO  server.Server (Server.java:doStart(419)) - Started @42507ms
2019-07-31 00:48:57,527 INFO  server.BaseHttpServer (BaseHttpServer.java:updateConnectorAddress(207)) - HTTP server of HDDSDATANODE is listening at http://0.0.0.0:34904
2019-07-31 00:48:57,634 INFO  ozone.HddsDatanodeService (HddsDatanodeService.java:startPlugins(395)) - Started plug-in org.apache.hadoop.ozone.web.OzoneHddsDatanodeService@6e3b2dd3
2019-07-31 00:48:57,634 INFO  impl.MetricsSystemImpl (MetricsSystemImpl.java:init(158)) - HddsDatanode metrics system started (again)
2019-07-31 00:48:57,639 INFO  ozone.HddsDatanodeService (HddsDatanodeService.java:start(184)) - HddsDatanodeService host:byscane-nightly-8jrs9-2386324885 ip:192.168.69.114
2019-07-31 00:48:57,639 INFO  util.JvmPauseMonitor (JvmPauseMonitor.java:run(188)) - Starting JVM pause monitor
2019-07-31 00:48:57,641 INFO  datanode.InitDatanodeState (InitDatanodeState.java:persistContainerDatanodeDetails(140)) - DatanodeDetails is persisted to /workdir/hadoop-ozone/integration-test/target/test-dir/MiniOzoneClusterImpl-5e7578f6-c7d5-4fb0-a9a6-c5f08596d10b/datanode-2/meta/datanode.id
2019-07-31 00:48:57,647 INFO  volume.HddsVolume (HddsVolume.java:<init>(176)) - Creating Volume: /workdir/hadoop-ozone/integration-test/target/test-dir/MiniOzoneClusterImpl-5e7578f6-c7d5-4fb0-a9a6-c5f08596d10b/datanode-3/data/containers/hdds of  storage type : DISK and capacity : 52710309888
2019-07-31 00:48:57,647 INFO  volume.VolumeSet (VolumeSet.java:initializeVolumeSet(170)) - Added Volume : /workdir/hadoop-ozone/integration-test/target/test-dir/MiniOzoneClusterImpl-5e7578f6-c7d5-4fb0-a9a6-c5f08596d10b/datanode-3/data/containers/hdds to VolumeSet
2019-07-31 00:48:57,647 INFO  volume.ThrottledAsyncChecker (ThrottledAsyncChecker.java:schedule(140)) - Scheduling a check for org.apache.hadoop.ozone.container.common.volume.HddsVolume@37806be6
2019-07-31 00:48:57,648 INFO  volume.HddsVolumeChecker (HddsVolumeChecker.java:checkAllVolumes(203)) - Scheduled health check for volume org.apache.hadoop.ozone.container.common.volume.HddsVolume@37806be6
2019-07-31 00:48:57,663 INFO  impl.RaftServerProxy (ConfUtils.java:logGet(43)) - raft.rpc.type = GRPC (default)
2019-07-31 00:48:57,664 INFO  grpc.GrpcFactory (GrpcFactory.java:checkPooledByteBufAllocatorUseCacheForAllThreads(45)) - PERFORMANCE WARNING: useCacheForAllThreads is true that may cause Netty to create a lot garbage objects and, as a result, trigger GC.
	It is recommended to disable useCacheForAllThreads by setting -Dorg.apache.ratis.thirdparty.io.netty.allocator.useCacheForAllThreads=false in command line.
2019-07-31 00:48:57,664 INFO  grpc.GrpcConfigKeys$Server (ConfUtils.java:logGet(43)) - raft.grpc.server.port = 0 (default)
2019-07-31 00:48:57,664 INFO  server.GrpcService (ConfUtils.java:logGet(43)) - raft.grpc.message.size.max = 33570816 (custom)
2019-07-31 00:48:57,664 INFO  server.RaftServerConfigKeys (ConfUtils.java:logGet(43)) - raft.server.log.appender.buffer.byte-limit = 33554432 (custom)
2019-07-31 00:48:57,664 INFO  server.GrpcService (ConfUtils.java:logGet(43)) - raft.grpc.flow.control.window = 1MB (=1048576) (default)
2019-07-31 00:48:57,665 INFO  server.RaftServerConfigKeys (ConfUtils.java:logGet(43)) - raft.server.rpc.request.timeout = 3000ms (default)
2019-07-31 00:48:57,665 INFO  server.RaftServerConfigKeys (ConfUtils.java:logGet(43)) - raft.server.storage.dir = [/workdir/hadoop-ozone/integration-test/target/test-dir/MiniOzoneClusterImpl-5e7578f6-c7d5-4fb0-a9a6-c5f08596d10b/datanode-3/data/ratis] (custom)
2019-07-31 00:48:57,666 INFO  replication.SimpleContainerDownloader (SimpleContainerDownloader.java:<init>(72)) - Starting container downloader service to copy containers to replicate.
2019-07-31 00:48:57,667 INFO  hdfs.DFSUtil (DFSUtil.java:httpServerTemplateForNNAndJN(1641)) - Starting Web-server for hddsDatanode at: http://0.0.0.0:0
2019-07-31 00:48:57,668 INFO  server.AuthenticationFilter (AuthenticationFilter.java:constructSecretProvider(240)) - Unable to initialize FileSignerSecretProvider, falling back to use random secrets.
2019-07-31 00:48:57,668 WARN  http.HttpRequestLog (HttpRequestLog.java:getRequestLog(97)) - Jetty request log can only be enabled using Log4j
2019-07-31 00:48:57,669 INFO  http.HttpServer2 (HttpServer2.java:addGlobalFilter(975)) - Added global filter 'safety' (class=org.apache.hadoop.http.HttpServer2$QuotingInputFilter)
2019-07-31 00:48:57,670 INFO  http.HttpServer2 (HttpServer2.java:addFilter(948)) - Added filter static_user_filter (class=org.apache.hadoop.http.lib.StaticUserWebFilter$StaticUserFilter) to context hddsDatanode
2019-07-31 00:48:57,670 INFO  http.HttpServer2 (HttpServer2.java:addFilter(958)) - Added filter static_user_filter (class=org.apache.hadoop.http.lib.StaticUserWebFilter$StaticUserFilter) to context logs
2019-07-31 00:48:57,670 INFO  http.HttpServer2 (HttpServer2.java:addFilter(958)) - Added filter static_user_filter (class=org.apache.hadoop.http.lib.StaticUserWebFilter$StaticUserFilter) to context static
2019-07-31 00:48:57,671 INFO  http.HttpServer2 (HttpServer2.java:bindListener(1191)) - Jetty bound to port 45272
2019-07-31 00:48:57,671 INFO  server.Server (Server.java:doStart(351)) - jetty-9.3.24.v20180605, build timestamp: 2018-06-05T17:11:56Z, git hash: 84205aa28f11a4f31f2a3b86d1bba2cc8ab69827
2019-07-31 00:48:57,673 INFO  handler.ContextHandler (ContextHandler.java:doStart(781)) - Started o.e.j.s.ServletContextHandler@53e28097{/logs,file:///workdir/hadoop-ozone/integration-test/target/log,AVAILABLE}
2019-07-31 00:48:57,673 INFO  handler.ContextHandler (ContextHandler.java:doStart(781)) - Started o.e.j.s.ServletContextHandler@75f4d8a8{/static,jar:file:/home/user/.m2/repository/org/apache/hadoop/hadoop-hdds-container-service/0.4.1-SNAPSHOT/hadoop-hdds-container-service-0.4.1-SNAPSHOT.jar!/webapps/static,AVAILABLE}
2019-07-31 00:48:57,700 INFO  handler.ContextHandler (ContextHandler.java:doStart(781)) - Started o.e.j.w.WebAppContext@54e0f76f{/,file:///tmp/jetty-0.0.0.0-45272-hddsDatanode-_-any-32222136857481541.dir/webapp/,AVAILABLE}{/hddsDatanode}
2019-07-31 00:48:57,700 INFO  server.AbstractConnector (AbstractConnector.java:doStart(278)) - Started ServerConnector@3fe8ad3f{HTTP/1.1,[http/1.1]}{0.0.0.0:45272}
2019-07-31 00:48:57,702 INFO  server.Server (Server.java:doStart(419)) - Started @42683ms
2019-07-31 00:48:57,702 INFO  server.BaseHttpServer (BaseHttpServer.java:updateConnectorAddress(207)) - HTTP server of HDDSDATANODE is listening at http://0.0.0.0:45272
2019-07-31 00:48:57,812 INFO  ozone.HddsDatanodeService (HddsDatanodeService.java:startPlugins(395)) - Started plug-in org.apache.hadoop.ozone.web.OzoneHddsDatanodeService@7a62d697
2019-07-31 00:48:57,813 INFO  impl.MetricsSystemImpl (MetricsSystemImpl.java:init(158)) - HddsDatanode metrics system started (again)
2019-07-31 00:48:57,817 INFO  ozone.HddsDatanodeService (HddsDatanodeService.java:start(184)) - HddsDatanodeService host:byscane-nightly-8jrs9-2386324885 ip:192.168.69.114
2019-07-31 00:48:57,817 INFO  util.JvmPauseMonitor (JvmPauseMonitor.java:run(188)) - Starting JVM pause monitor
2019-07-31 00:48:57,819 INFO  datanode.InitDatanodeState (InitDatanodeState.java:persistContainerDatanodeDetails(140)) - DatanodeDetails is persisted to /workdir/hadoop-ozone/integration-test/target/test-dir/MiniOzoneClusterImpl-5e7578f6-c7d5-4fb0-a9a6-c5f08596d10b/datanode-3/meta/datanode.id
2019-07-31 00:48:57,825 INFO  volume.HddsVolume (HddsVolume.java:<init>(176)) - Creating Volume: /workdir/hadoop-ozone/integration-test/target/test-dir/MiniOzoneClusterImpl-5e7578f6-c7d5-4fb0-a9a6-c5f08596d10b/datanode-4/data/containers/hdds of  storage type : DISK and capacity : 52710309888
2019-07-31 00:48:57,826 INFO  volume.VolumeSet (VolumeSet.java:initializeVolumeSet(170)) - Added Volume : /workdir/hadoop-ozone/integration-test/target/test-dir/MiniOzoneClusterImpl-5e7578f6-c7d5-4fb0-a9a6-c5f08596d10b/datanode-4/data/containers/hdds to VolumeSet
2019-07-31 00:48:57,826 INFO  volume.ThrottledAsyncChecker (ThrottledAsyncChecker.java:schedule(140)) - Scheduling a check for org.apache.hadoop.ozone.container.common.volume.HddsVolume@6ac9b66b
2019-07-31 00:48:57,826 INFO  volume.HddsVolumeChecker (HddsVolumeChecker.java:checkAllVolumes(203)) - Scheduled health check for volume org.apache.hadoop.ozone.container.common.volume.HddsVolume@6ac9b66b
2019-07-31 00:48:57,840 INFO  impl.RaftServerProxy (ConfUtils.java:logGet(43)) - raft.rpc.type = GRPC (default)
2019-07-31 00:48:57,840 INFO  grpc.GrpcFactory (GrpcFactory.java:checkPooledByteBufAllocatorUseCacheForAllThreads(45)) - PERFORMANCE WARNING: useCacheForAllThreads is true that may cause Netty to create a lot garbage objects and, as a result, trigger GC.
	It is recommended to disable useCacheForAllThreads by setting -Dorg.apache.ratis.thirdparty.io.netty.allocator.useCacheForAllThreads=false in command line.
2019-07-31 00:48:57,840 INFO  grpc.GrpcConfigKeys$Server (ConfUtils.java:logGet(43)) - raft.grpc.server.port = 0 (default)
2019-07-31 00:48:57,840 INFO  server.GrpcService (ConfUtils.java:logGet(43)) - raft.grpc.message.size.max = 33570816 (custom)
2019-07-31 00:48:57,840 INFO  server.RaftServerConfigKeys (ConfUtils.java:logGet(43)) - raft.server.log.appender.buffer.byte-limit = 33554432 (custom)
2019-07-31 00:48:57,841 INFO  server.GrpcService (ConfUtils.java:logGet(43)) - raft.grpc.flow.control.window = 1MB (=1048576) (default)
2019-07-31 00:48:57,841 INFO  server.RaftServerConfigKeys (ConfUtils.java:logGet(43)) - raft.server.rpc.request.timeout = 3000ms (default)
2019-07-31 00:48:57,841 INFO  server.RaftServerConfigKeys (ConfUtils.java:logGet(43)) - raft.server.storage.dir = [/workdir/hadoop-ozone/integration-test/target/test-dir/MiniOzoneClusterImpl-5e7578f6-c7d5-4fb0-a9a6-c5f08596d10b/datanode-4/data/ratis] (custom)
2019-07-31 00:48:57,842 INFO  replication.SimpleContainerDownloader (SimpleContainerDownloader.java:<init>(72)) - Starting container downloader service to copy containers to replicate.
2019-07-31 00:48:57,843 INFO  hdfs.DFSUtil (DFSUtil.java:httpServerTemplateForNNAndJN(1641)) - Starting Web-server for hddsDatanode at: http://0.0.0.0:0
2019-07-31 00:48:57,844 INFO  server.AuthenticationFilter (AuthenticationFilter.java:constructSecretProvider(240)) - Unable to initialize FileSignerSecretProvider, falling back to use random secrets.
2019-07-31 00:48:57,845 WARN  http.HttpRequestLog (HttpRequestLog.java:getRequestLog(97)) - Jetty request log can only be enabled using Log4j
2019-07-31 00:48:57,846 INFO  http.HttpServer2 (HttpServer2.java:addGlobalFilter(975)) - Added global filter 'safety' (class=org.apache.hadoop.http.HttpServer2$QuotingInputFilter)
2019-07-31 00:48:57,846 INFO  http.HttpServer2 (HttpServer2.java:addFilter(948)) - Added filter static_user_filter (class=org.apache.hadoop.http.lib.StaticUserWebFilter$StaticUserFilter) to context hddsDatanode
2019-07-31 00:48:57,847 INFO  http.HttpServer2 (HttpServer2.java:addFilter(958)) - Added filter static_user_filter (class=org.apache.hadoop.http.lib.StaticUserWebFilter$StaticUserFilter) to context static
2019-07-31 00:48:57,847 INFO  http.HttpServer2 (HttpServer2.java:addFilter(958)) - Added filter static_user_filter (class=org.apache.hadoop.http.lib.StaticUserWebFilter$StaticUserFilter) to context logs
2019-07-31 00:48:57,848 INFO  http.HttpServer2 (HttpServer2.java:bindListener(1191)) - Jetty bound to port 40893
2019-07-31 00:48:57,848 INFO  server.Server (Server.java:doStart(351)) - jetty-9.3.24.v20180605, build timestamp: 2018-06-05T17:11:56Z, git hash: 84205aa28f11a4f31f2a3b86d1bba2cc8ab69827
2019-07-31 00:48:57,850 INFO  handler.ContextHandler (ContextHandler.java:doStart(781)) - Started o.e.j.s.ServletContextHandler@35ceec81{/logs,file:///workdir/hadoop-ozone/integration-test/target/log,AVAILABLE}
2019-07-31 00:48:57,850 INFO  handler.ContextHandler (ContextHandler.java:doStart(781)) - Started o.e.j.s.ServletContextHandler@7c8df667{/static,jar:file:/home/user/.m2/repository/org/apache/hadoop/hadoop-hdds-container-service/0.4.1-SNAPSHOT/hadoop-hdds-container-service-0.4.1-SNAPSHOT.jar!/webapps/static,AVAILABLE}
2019-07-31 00:48:57,879 INFO  handler.ContextHandler (ContextHandler.java:doStart(781)) - Started o.e.j.w.WebAppContext@3d764641{/,file:///tmp/jetty-0.0.0.0-40893-hddsDatanode-_-any-4725029585064129199.dir/webapp/,AVAILABLE}{/hddsDatanode}
2019-07-31 00:48:57,879 INFO  server.AbstractConnector (AbstractConnector.java:doStart(278)) - Started ServerConnector@1e8bccfb{HTTP/1.1,[http/1.1]}{0.0.0.0:40893}
2019-07-31 00:48:57,880 INFO  server.Server (Server.java:doStart(419)) - Started @42861ms
2019-07-31 00:48:57,881 INFO  server.BaseHttpServer (BaseHttpServer.java:updateConnectorAddress(207)) - HTTP server of HDDSDATANODE is listening at http://0.0.0.0:40893
2019-07-31 00:48:58,071 INFO  ozone.HddsDatanodeService (HddsDatanodeService.java:startPlugins(395)) - Started plug-in org.apache.hadoop.ozone.web.OzoneHddsDatanodeService@35af52dc
2019-07-31 00:48:58,072 INFO  impl.MetricsSystemImpl (MetricsSystemImpl.java:init(158)) - HddsDatanode metrics system started (again)
2019-07-31 00:48:58,080 INFO  util.JvmPauseMonitor (JvmPauseMonitor.java:run(188)) - Starting JVM pause monitor
2019-07-31 00:48:58,080 INFO  ozone.HddsDatanodeService (HddsDatanodeService.java:start(184)) - HddsDatanodeService host:byscane-nightly-8jrs9-2386324885 ip:192.168.69.114
2019-07-31 00:48:58,081 INFO  datanode.InitDatanodeState (InitDatanodeState.java:persistContainerDatanodeDetails(140)) - DatanodeDetails is persisted to /workdir/hadoop-ozone/integration-test/target/test-dir/MiniOzoneClusterImpl-5e7578f6-c7d5-4fb0-a9a6-c5f08596d10b/datanode-4/meta/datanode.id
2019-07-31 00:48:58,087 INFO  volume.HddsVolume (HddsVolume.java:<init>(176)) - Creating Volume: /workdir/hadoop-ozone/integration-test/target/test-dir/MiniOzoneClusterImpl-5e7578f6-c7d5-4fb0-a9a6-c5f08596d10b/datanode-5/data/containers/hdds of  storage type : DISK and capacity : 52710309888
2019-07-31 00:48:58,088 INFO  volume.VolumeSet (VolumeSet.java:initializeVolumeSet(170)) - Added Volume : /workdir/hadoop-ozone/integration-test/target/test-dir/MiniOzoneClusterImpl-5e7578f6-c7d5-4fb0-a9a6-c5f08596d10b/datanode-5/data/containers/hdds to VolumeSet
2019-07-31 00:48:58,089 INFO  volume.ThrottledAsyncChecker (ThrottledAsyncChecker.java:schedule(140)) - Scheduling a check for org.apache.hadoop.ozone.container.common.volume.HddsVolume@aa8dce8
2019-07-31 00:48:58,089 INFO  volume.HddsVolumeChecker (HddsVolumeChecker.java:checkAllVolumes(203)) - Scheduled health check for volume org.apache.hadoop.ozone.container.common.volume.HddsVolume@aa8dce8
2019-07-31 00:48:58,108 INFO  impl.RaftServerProxy (ConfUtils.java:logGet(43)) - raft.rpc.type = GRPC (default)
2019-07-31 00:48:58,109 INFO  grpc.GrpcFactory (GrpcFactory.java:checkPooledByteBufAllocatorUseCacheForAllThreads(45)) - PERFORMANCE WARNING: useCacheForAllThreads is true that may cause Netty to create a lot garbage objects and, as a result, trigger GC.
	It is recommended to disable useCacheForAllThreads by setting -Dorg.apache.ratis.thirdparty.io.netty.allocator.useCacheForAllThreads=false in command line.
2019-07-31 00:48:58,109 INFO  grpc.GrpcConfigKeys$Server (ConfUtils.java:logGet(43)) - raft.grpc.server.port = 0 (default)
2019-07-31 00:48:58,109 INFO  server.GrpcService (ConfUtils.java:logGet(43)) - raft.grpc.message.size.max = 33570816 (custom)
2019-07-31 00:48:58,109 INFO  server.RaftServerConfigKeys (ConfUtils.java:logGet(43)) - raft.server.log.appender.buffer.byte-limit = 33554432 (custom)
2019-07-31 00:48:58,110 INFO  server.GrpcService (ConfUtils.java:logGet(43)) - raft.grpc.flow.control.window = 1MB (=1048576) (default)
2019-07-31 00:48:58,110 INFO  server.RaftServerConfigKeys (ConfUtils.java:logGet(43)) - raft.server.rpc.request.timeout = 3000ms (default)
2019-07-31 00:48:58,111 INFO  server.RaftServerConfigKeys (ConfUtils.java:logGet(43)) - raft.server.storage.dir = [/workdir/hadoop-ozone/integration-test/target/test-dir/MiniOzoneClusterImpl-5e7578f6-c7d5-4fb0-a9a6-c5f08596d10b/datanode-5/data/ratis] (custom)
2019-07-31 00:48:58,111 INFO  replication.SimpleContainerDownloader (SimpleContainerDownloader.java:<init>(72)) - Starting container downloader service to copy containers to replicate.
2019-07-31 00:48:58,112 INFO  hdfs.DFSUtil (DFSUtil.java:httpServerTemplateForNNAndJN(1641)) - Starting Web-server for hddsDatanode at: http://0.0.0.0:0
2019-07-31 00:48:58,114 INFO  server.AuthenticationFilter (AuthenticationFilter.java:constructSecretProvider(240)) - Unable to initialize FileSignerSecretProvider, falling back to use random secrets.
2019-07-31 00:48:58,114 WARN  http.HttpRequestLog (HttpRequestLog.java:getRequestLog(97)) - Jetty request log can only be enabled using Log4j
2019-07-31 00:48:58,115 INFO  http.HttpServer2 (HttpServer2.java:addGlobalFilter(975)) - Added global filter 'safety' (class=org.apache.hadoop.http.HttpServer2$QuotingInputFilter)
2019-07-31 00:48:58,116 INFO  http.HttpServer2 (HttpServer2.java:addFilter(948)) - Added filter static_user_filter (class=org.apache.hadoop.http.lib.StaticUserWebFilter$StaticUserFilter) to context hddsDatanode
2019-07-31 00:48:58,116 INFO  http.HttpServer2 (HttpServer2.java:addFilter(958)) - Added filter static_user_filter (class=org.apache.hadoop.http.lib.StaticUserWebFilter$StaticUserFilter) to context static
2019-07-31 00:48:58,116 INFO  http.HttpServer2 (HttpServer2.java:addFilter(958)) - Added filter static_user_filter (class=org.apache.hadoop.http.lib.StaticUserWebFilter$StaticUserFilter) to context logs
2019-07-31 00:48:58,117 INFO  http.HttpServer2 (HttpServer2.java:bindListener(1191)) - Jetty bound to port 32937
2019-07-31 00:48:58,117 INFO  server.Server (Server.java:doStart(351)) - jetty-9.3.24.v20180605, build timestamp: 2018-06-05T17:11:56Z, git hash: 84205aa28f11a4f31f2a3b86d1bba2cc8ab69827
2019-07-31 00:48:58,119 INFO  handler.ContextHandler (ContextHandler.java:doStart(781)) - Started o.e.j.s.ServletContextHandler@2cdb5974{/logs,file:///workdir/hadoop-ozone/integration-test/target/log,AVAILABLE}
2019-07-31 00:48:58,119 INFO  handler.ContextHandler (ContextHandler.java:doStart(781)) - Started o.e.j.s.ServletContextHandler@53e4a19e{/static,jar:file:/home/user/.m2/repository/org/apache/hadoop/hadoop-hdds-container-service/0.4.1-SNAPSHOT/hadoop-hdds-container-service-0.4.1-SNAPSHOT.jar!/webapps/static,AVAILABLE}
2019-07-31 00:48:58,146 INFO  handler.ContextHandler (ContextHandler.java:doStart(781)) - Started o.e.j.w.WebAppContext@3d59933{/,file:///tmp/jetty-0.0.0.0-32937-hddsDatanode-_-any-1112691649577647749.dir/webapp/,AVAILABLE}{/hddsDatanode}
2019-07-31 00:48:58,147 INFO  server.AbstractConnector (AbstractConnector.java:doStart(278)) - Started ServerConnector@4a0c3aa8{HTTP/1.1,[http/1.1]}{0.0.0.0:32937}
2019-07-31 00:48:58,148 INFO  server.Server (Server.java:doStart(419)) - Started @43129ms
2019-07-31 00:48:58,149 INFO  server.BaseHttpServer (BaseHttpServer.java:updateConnectorAddress(207)) - HTTP server of HDDSDATANODE is listening at http://0.0.0.0:32937
2019-07-31 00:48:58,257 INFO  ozone.HddsDatanodeService (HddsDatanodeService.java:startPlugins(395)) - Started plug-in org.apache.hadoop.ozone.web.OzoneHddsDatanodeService@112530c3
2019-07-31 00:48:58,258 INFO  impl.MetricsSystemImpl (MetricsSystemImpl.java:init(158)) - HddsDatanode metrics system started (again)
2019-07-31 00:48:58,263 INFO  util.JvmPauseMonitor (JvmPauseMonitor.java:run(188)) - Starting JVM pause monitor
2019-07-31 00:48:58,263 INFO  ozone.HddsDatanodeService (HddsDatanodeService.java:start(184)) - HddsDatanodeService host:byscane-nightly-8jrs9-2386324885 ip:192.168.69.114
2019-07-31 00:48:58,265 INFO  datanode.InitDatanodeState (InitDatanodeState.java:persistContainerDatanodeDetails(140)) - DatanodeDetails is persisted to /workdir/hadoop-ozone/integration-test/target/test-dir/MiniOzoneClusterImpl-5e7578f6-c7d5-4fb0-a9a6-c5f08596d10b/datanode-5/meta/datanode.id
2019-07-31 00:48:58,271 INFO  volume.HddsVolume (HddsVolume.java:<init>(176)) - Creating Volume: /workdir/hadoop-ozone/integration-test/target/test-dir/MiniOzoneClusterImpl-5e7578f6-c7d5-4fb0-a9a6-c5f08596d10b/datanode-6/data/containers/hdds of  storage type : DISK and capacity : 52710309888
2019-07-31 00:48:58,272 INFO  volume.VolumeSet (VolumeSet.java:initializeVolumeSet(170)) - Added Volume : /workdir/hadoop-ozone/integration-test/target/test-dir/MiniOzoneClusterImpl-5e7578f6-c7d5-4fb0-a9a6-c5f08596d10b/datanode-6/data/containers/hdds to VolumeSet
2019-07-31 00:48:58,272 INFO  volume.ThrottledAsyncChecker (ThrottledAsyncChecker.java:schedule(140)) - Scheduling a check for org.apache.hadoop.ozone.container.common.volume.HddsVolume@21d8da75
2019-07-31 00:48:58,272 INFO  volume.HddsVolumeChecker (HddsVolumeChecker.java:checkAllVolumes(203)) - Scheduled health check for volume org.apache.hadoop.ozone.container.common.volume.HddsVolume@21d8da75
2019-07-31 00:48:58,285 INFO  impl.RaftServerProxy (ConfUtils.java:logGet(43)) - raft.rpc.type = GRPC (default)
2019-07-31 00:48:58,285 INFO  grpc.GrpcFactory (GrpcFactory.java:checkPooledByteBufAllocatorUseCacheForAllThreads(45)) - PERFORMANCE WARNING: useCacheForAllThreads is true that may cause Netty to create a lot garbage objects and, as a result, trigger GC.
	It is recommended to disable useCacheForAllThreads by setting -Dorg.apache.ratis.thirdparty.io.netty.allocator.useCacheForAllThreads=false in command line.
2019-07-31 00:48:58,285 INFO  grpc.GrpcConfigKeys$Server (ConfUtils.java:logGet(43)) - raft.grpc.server.port = 0 (default)
2019-07-31 00:48:58,286 INFO  server.GrpcService (ConfUtils.java:logGet(43)) - raft.grpc.message.size.max = 33570816 (custom)
2019-07-31 00:48:58,286 INFO  server.RaftServerConfigKeys (ConfUtils.java:logGet(43)) - raft.server.log.appender.buffer.byte-limit = 33554432 (custom)
2019-07-31 00:48:58,286 INFO  server.GrpcService (ConfUtils.java:logGet(43)) - raft.grpc.flow.control.window = 1MB (=1048576) (default)
2019-07-31 00:48:58,286 INFO  server.RaftServerConfigKeys (ConfUtils.java:logGet(43)) - raft.server.rpc.request.timeout = 3000ms (default)
2019-07-31 00:48:58,287 INFO  server.RaftServerConfigKeys (ConfUtils.java:logGet(43)) - raft.server.storage.dir = [/workdir/hadoop-ozone/integration-test/target/test-dir/MiniOzoneClusterImpl-5e7578f6-c7d5-4fb0-a9a6-c5f08596d10b/datanode-6/data/ratis] (custom)
2019-07-31 00:48:58,287 INFO  replication.SimpleContainerDownloader (SimpleContainerDownloader.java:<init>(72)) - Starting container downloader service to copy containers to replicate.
2019-07-31 00:48:58,288 INFO  hdfs.DFSUtil (DFSUtil.java:httpServerTemplateForNNAndJN(1641)) - Starting Web-server for hddsDatanode at: http://0.0.0.0:0
2019-07-31 00:48:58,289 INFO  server.AuthenticationFilter (AuthenticationFilter.java:constructSecretProvider(240)) - Unable to initialize FileSignerSecretProvider, falling back to use random secrets.
2019-07-31 00:48:58,290 WARN  http.HttpRequestLog (HttpRequestLog.java:getRequestLog(97)) - Jetty request log can only be enabled using Log4j
2019-07-31 00:48:58,291 INFO  http.HttpServer2 (HttpServer2.java:addGlobalFilter(975)) - Added global filter 'safety' (class=org.apache.hadoop.http.HttpServer2$QuotingInputFilter)
2019-07-31 00:48:58,291 INFO  http.HttpServer2 (HttpServer2.java:addFilter(948)) - Added filter static_user_filter (class=org.apache.hadoop.http.lib.StaticUserWebFilter$StaticUserFilter) to context hddsDatanode
2019-07-31 00:48:58,291 INFO  http.HttpServer2 (HttpServer2.java:addFilter(958)) - Added filter static_user_filter (class=org.apache.hadoop.http.lib.StaticUserWebFilter$StaticUserFilter) to context static
2019-07-31 00:48:58,292 INFO  http.HttpServer2 (HttpServer2.java:addFilter(958)) - Added filter static_user_filter (class=org.apache.hadoop.http.lib.StaticUserWebFilter$StaticUserFilter) to context logs
2019-07-31 00:48:58,292 INFO  http.HttpServer2 (HttpServer2.java:bindListener(1191)) - Jetty bound to port 41838
2019-07-31 00:48:58,292 INFO  server.Server (Server.java:doStart(351)) - jetty-9.3.24.v20180605, build timestamp: 2018-06-05T17:11:56Z, git hash: 84205aa28f11a4f31f2a3b86d1bba2cc8ab69827
2019-07-31 00:48:58,294 INFO  handler.ContextHandler (ContextHandler.java:doStart(781)) - Started o.e.j.s.ServletContextHandler@2299f6d7{/logs,file:///workdir/hadoop-ozone/integration-test/target/log,AVAILABLE}
2019-07-31 00:48:58,295 INFO  handler.ContextHandler (ContextHandler.java:doStart(781)) - Started o.e.j.s.ServletContextHandler@6c9151c1{/static,jar:file:/home/user/.m2/repository/org/apache/hadoop/hadoop-hdds-container-service/0.4.1-SNAPSHOT/hadoop-hdds-container-service-0.4.1-SNAPSHOT.jar!/webapps/static,AVAILABLE}
2019-07-31 00:48:58,322 INFO  handler.ContextHandler (ContextHandler.java:doStart(781)) - Started o.e.j.w.WebAppContext@5b64f771{/,file:///tmp/jetty-0.0.0.0-41838-hddsDatanode-_-any-3486098647980460160.dir/webapp/,AVAILABLE}{/hddsDatanode}
2019-07-31 00:48:58,322 INFO  server.AbstractConnector (AbstractConnector.java:doStart(278)) - Started ServerConnector@153c6603{HTTP/1.1,[http/1.1]}{0.0.0.0:41838}
2019-07-31 00:48:58,323 INFO  server.Server (Server.java:doStart(419)) - Started @43304ms
2019-07-31 00:48:58,324 INFO  server.BaseHttpServer (BaseHttpServer.java:updateConnectorAddress(207)) - HTTP server of HDDSDATANODE is listening at http://0.0.0.0:41838
2019-07-31 00:48:58,432 INFO  ozone.HddsDatanodeService (HddsDatanodeService.java:startPlugins(395)) - Started plug-in org.apache.hadoop.ozone.web.OzoneHddsDatanodeService@4ac7856f
2019-07-31 00:48:58,432 INFO  ozone.MiniOzoneClusterImpl (MiniOzoneClusterImpl.java:lambda$waitForClusterToBeReady$0(142)) - Waiting for cluster to be ready. Got 0 of 7 DN Heartbeats.
2019-07-31 00:48:58,436 INFO  util.JvmPauseMonitor (JvmPauseMonitor.java:run(188)) - Starting JVM pause monitor
2019-07-31 00:48:58,438 INFO  datanode.InitDatanodeState (InitDatanodeState.java:persistContainerDatanodeDetails(140)) - DatanodeDetails is persisted to /workdir/hadoop-ozone/integration-test/target/test-dir/MiniOzoneClusterImpl-5e7578f6-c7d5-4fb0-a9a6-c5f08596d10b/datanode-6/meta/datanode.id
2019-07-31 00:48:59,260 INFO  ozoneimpl.OzoneContainer (OzoneContainer.java:start(186)) - Attempting to start container services.
2019-07-31 00:48:59,263 INFO  ozoneimpl.OzoneContainer (OzoneContainer.java:startContainerScrub(160)) - Background container scrubber has been disabled by hdds.containerscrub.enabled
2019-07-31 00:48:59,263 INFO  ratis.XceiverServerRatis (XceiverServerRatis.java:start(404)) - Starting XceiverServerRatis 6035a6a3-d448-4ff9-8fe3-eebf4fa5ff66 at port 0
2019-07-31 00:48:59,270 INFO  impl.RaftServerProxy (RaftServerProxy.java:lambda$start$3(299)) - 6035a6a3-d448-4ff9-8fe3-eebf4fa5ff66: start RPC server
2019-07-31 00:48:59,272 INFO  server.GrpcService (GrpcService.java:startImpl(149)) - 6035a6a3-d448-4ff9-8fe3-eebf4fa5ff66: GrpcService started, listening on 0.0.0.0/0.0.0.0:33208
2019-07-31 00:48:59,272 INFO  ratis.XceiverServerRatis (XceiverServerRatis.java:start(414)) - XceiverServerRatis 6035a6a3-d448-4ff9-8fe3-eebf4fa5ff66 is started using port 33208
2019-07-31 00:48:59,273 INFO  server.XceiverServerGrpc (XceiverServerGrpc.java:start(161)) - XceiverServerGrpc 6035a6a3-d448-4ff9-8fe3-eebf4fa5ff66 is started using port 40331
2019-07-31 00:48:59,435 INFO  ozone.MiniOzoneClusterImpl (MiniOzoneClusterImpl.java:lambda$waitForClusterToBeReady$0(142)) - Waiting for cluster to be ready. Got 0 of 7 DN Heartbeats.
2019-07-31 00:48:59,479 INFO  ozoneimpl.OzoneContainer (OzoneContainer.java:start(186)) - Attempting to start container services.
2019-07-31 00:48:59,485 INFO  ozoneimpl.OzoneContainer (OzoneContainer.java:startContainerScrub(160)) - Background container scrubber has been disabled by hdds.containerscrub.enabled
2019-07-31 00:48:59,486 INFO  ratis.XceiverServerRatis (XceiverServerRatis.java:start(404)) - Starting XceiverServerRatis 2ffbce9c-38d9-435c-bbc9-44adb415d185 at port 0
2019-07-31 00:48:59,493 INFO  impl.RaftServerProxy (RaftServerProxy.java:lambda$start$3(299)) - 2ffbce9c-38d9-435c-bbc9-44adb415d185: start RPC server
2019-07-31 00:48:59,496 INFO  server.GrpcService (GrpcService.java:startImpl(149)) - 2ffbce9c-38d9-435c-bbc9-44adb415d185: GrpcService started, listening on 0.0.0.0/0.0.0.0:42215
2019-07-31 00:48:59,496 INFO  ratis.XceiverServerRatis (XceiverServerRatis.java:start(414)) - XceiverServerRatis 2ffbce9c-38d9-435c-bbc9-44adb415d185 is started using port 42215
2019-07-31 00:48:59,496 INFO  server.XceiverServerGrpc (XceiverServerGrpc.java:start(161)) - XceiverServerGrpc 2ffbce9c-38d9-435c-bbc9-44adb415d185 is started using port 33883
2019-07-31 00:48:59,647 INFO  ozoneimpl.OzoneContainer (OzoneContainer.java:start(186)) - Attempting to start container services.
2019-07-31 00:48:59,647 INFO  ozoneimpl.OzoneContainer (OzoneContainer.java:startContainerScrub(160)) - Background container scrubber has been disabled by hdds.containerscrub.enabled
2019-07-31 00:48:59,647 INFO  ratis.XceiverServerRatis (XceiverServerRatis.java:start(404)) - Starting XceiverServerRatis 57d56d22-c073-4cf9-913f-0296d8493da6 at port 0
2019-07-31 00:48:59,655 INFO  impl.RaftServerProxy (RaftServerProxy.java:lambda$start$3(299)) - 57d56d22-c073-4cf9-913f-0296d8493da6: start RPC server
2019-07-31 00:48:59,663 INFO  server.GrpcService (GrpcService.java:startImpl(149)) - 57d56d22-c073-4cf9-913f-0296d8493da6: GrpcService started, listening on 0.0.0.0/0.0.0.0:33295
2019-07-31 00:48:59,663 INFO  ratis.XceiverServerRatis (XceiverServerRatis.java:start(414)) - XceiverServerRatis 57d56d22-c073-4cf9-913f-0296d8493da6 is started using port 33295
2019-07-31 00:48:59,669 INFO  server.XceiverServerGrpc (XceiverServerGrpc.java:start(161)) - XceiverServerGrpc 57d56d22-c073-4cf9-913f-0296d8493da6 is started using port 33168
2019-07-31 00:48:59,833 INFO  ozoneimpl.OzoneContainer (OzoneContainer.java:start(186)) - Attempting to start container services.
2019-07-31 00:48:59,833 INFO  ozoneimpl.OzoneContainer (OzoneContainer.java:startContainerScrub(160)) - Background container scrubber has been disabled by hdds.containerscrub.enabled
2019-07-31 00:48:59,833 INFO  ratis.XceiverServerRatis (XceiverServerRatis.java:start(404)) - Starting XceiverServerRatis f34c4c6f-d2eb-407d-ac06-47c21c7abed1 at port 0
2019-07-31 00:48:59,839 INFO  impl.RaftServerProxy (RaftServerProxy.java:lambda$start$3(299)) - f34c4c6f-d2eb-407d-ac06-47c21c7abed1: start RPC server
2019-07-31 00:48:59,840 INFO  server.GrpcService (GrpcService.java:startImpl(149)) - f34c4c6f-d2eb-407d-ac06-47c21c7abed1: GrpcService started, listening on 0.0.0.0/0.0.0.0:34313
2019-07-31 00:48:59,841 INFO  ratis.XceiverServerRatis (XceiverServerRatis.java:start(414)) - XceiverServerRatis f34c4c6f-d2eb-407d-ac06-47c21c7abed1 is started using port 34313
2019-07-31 00:48:59,841 INFO  server.XceiverServerGrpc (XceiverServerGrpc.java:start(161)) - XceiverServerGrpc f34c4c6f-d2eb-407d-ac06-47c21c7abed1 is started using port 46853
2019-07-31 00:49:00,095 INFO  ozoneimpl.OzoneContainer (OzoneContainer.java:start(186)) - Attempting to start container services.
2019-07-31 00:49:00,096 INFO  ozoneimpl.OzoneContainer (OzoneContainer.java:startContainerScrub(160)) - Background container scrubber has been disabled by hdds.containerscrub.enabled
2019-07-31 00:49:00,096 INFO  ratis.XceiverServerRatis (XceiverServerRatis.java:start(404)) - Starting XceiverServerRatis 592200f1-3e1f-45d0-86ec-8b332dbc6e1e at port 0
2019-07-31 00:49:00,106 INFO  impl.RaftServerProxy (RaftServerProxy.java:lambda$start$3(299)) - 592200f1-3e1f-45d0-86ec-8b332dbc6e1e: start RPC server
2019-07-31 00:49:00,107 INFO  server.GrpcService (GrpcService.java:startImpl(149)) - 592200f1-3e1f-45d0-86ec-8b332dbc6e1e: GrpcService started, listening on 0.0.0.0/0.0.0.0:32846
2019-07-31 00:49:00,107 INFO  ratis.XceiverServerRatis (XceiverServerRatis.java:start(414)) - XceiverServerRatis 592200f1-3e1f-45d0-86ec-8b332dbc6e1e is started using port 32846
2019-07-31 00:49:00,110 INFO  server.XceiverServerGrpc (XceiverServerGrpc.java:start(161)) - XceiverServerGrpc 592200f1-3e1f-45d0-86ec-8b332dbc6e1e is started using port 44308
2019-07-31 00:49:00,279 INFO  ozoneimpl.OzoneContainer (OzoneContainer.java:start(186)) - Attempting to start container services.
2019-07-31 00:49:00,279 INFO  ozoneimpl.OzoneContainer (OzoneContainer.java:startContainerScrub(160)) - Background container scrubber has been disabled by hdds.containerscrub.enabled
2019-07-31 00:49:00,280 INFO  ratis.XceiverServerRatis (XceiverServerRatis.java:start(404)) - Starting XceiverServerRatis ea6a2b66-52a7-40dd-bf1f-b91ff39ef7ab at port 0
2019-07-31 00:49:00,286 INFO  impl.RaftServerProxy (RaftServerProxy.java:lambda$start$3(299)) - ea6a2b66-52a7-40dd-bf1f-b91ff39ef7ab: start RPC server
2019-07-31 00:49:00,287 INFO  server.GrpcService (GrpcService.java:startImpl(149)) - ea6a2b66-52a7-40dd-bf1f-b91ff39ef7ab: GrpcService started, listening on 0.0.0.0/0.0.0.0:42146
2019-07-31 00:49:00,287 INFO  ratis.XceiverServerRatis (XceiverServerRatis.java:start(414)) - XceiverServerRatis ea6a2b66-52a7-40dd-bf1f-b91ff39ef7ab is started using port 42146
2019-07-31 00:49:00,288 INFO  server.XceiverServerGrpc (XceiverServerGrpc.java:start(161)) - XceiverServerGrpc ea6a2b66-52a7-40dd-bf1f-b91ff39ef7ab is started using port 35772
2019-07-31 00:49:00,435 INFO  ozone.MiniOzoneClusterImpl (MiniOzoneClusterImpl.java:lambda$waitForClusterToBeReady$0(142)) - Waiting for cluster to be ready. Got 0 of 7 DN Heartbeats.
2019-07-31 00:49:00,451 INFO  ozoneimpl.OzoneContainer (OzoneContainer.java:start(186)) - Attempting to start container services.
2019-07-31 00:49:00,451 INFO  ozoneimpl.OzoneContainer (OzoneContainer.java:startContainerScrub(160)) - Background container scrubber has been disabled by hdds.containerscrub.enabled
2019-07-31 00:49:00,451 INFO  ratis.XceiverServerRatis (XceiverServerRatis.java:start(404)) - Starting XceiverServerRatis e19866aa-6389-4d91-b29b-65753a74cb74 at port 0
2019-07-31 00:49:00,458 INFO  impl.RaftServerProxy (RaftServerProxy.java:lambda$start$3(299)) - e19866aa-6389-4d91-b29b-65753a74cb74: start RPC server
2019-07-31 00:49:00,462 INFO  server.GrpcService (GrpcService.java:startImpl(149)) - e19866aa-6389-4d91-b29b-65753a74cb74: GrpcService started, listening on 0.0.0.0/0.0.0.0:34369
2019-07-31 00:49:00,462 INFO  ratis.XceiverServerRatis (XceiverServerRatis.java:start(414)) - XceiverServerRatis e19866aa-6389-4d91-b29b-65753a74cb74 is started using port 34369
2019-07-31 00:49:00,465 INFO  server.XceiverServerGrpc (XceiverServerGrpc.java:start(161)) - XceiverServerGrpc e19866aa-6389-4d91-b29b-65753a74cb74 is started using port 41353
2019-07-31 00:49:01,245 INFO  net.NetworkTopology (NetworkTopologyImpl.java:add(110)) - Added a new node: /default-rack/6035a6a3-d448-4ff9-8fe3-eebf4fa5ff66
2019-07-31 00:49:01,248 INFO  node.SCMNodeManager (SCMNodeManager.java:register(273)) - Registered Data node : 6035a6a3-d448-4ff9-8fe3-eebf4fa5ff66{ip: 192.168.69.114, host: byscane-nightly-8jrs9-2386324885, networkLocation: /default-rack, certSerialId: null}
2019-07-31 00:49:01,249 INFO  safemode.SCMSafeModeManager (DataNodeSafeModeRule.java:process(71)) - SCM in safe mode. 1 DataNodes registered, 1 required.
2019-07-31 00:49:01,252 INFO  safemode.SCMSafeModeManager (SCMSafeModeManager.java:validateSafeModeExitRules(177)) - ScmSafeModeManager, all rules are successfully validated
2019-07-31 00:49:01,252 INFO  safemode.SCMSafeModeManager (SCMSafeModeManager.java:exitSafeMode(193)) - SCM exiting safe mode.
2019-07-31 00:49:01,266 INFO  impl.RaftServerProxy (RaftServerProxy.java:addNew(89)) - 6035a6a3-d448-4ff9-8fe3-eebf4fa5ff66: addNew group-67817332B604:[6035a6a3-d448-4ff9-8fe3-eebf4fa5ff66:192.168.69.114:33208] returns group-67817332B604:java.util.concurrent.CompletableFuture@57e6b369[Not completed]
2019-07-31 00:49:01,268 INFO  impl.RaftServerImpl (RaftServerImpl.java:<init>(93)) - 6035a6a3-d448-4ff9-8fe3-eebf4fa5ff66: new RaftServerImpl for group-67817332B604:[6035a6a3-d448-4ff9-8fe3-eebf4fa5ff66:192.168.69.114:33208] with ContainerStateMachine:uninitialized
2019-07-31 00:49:01,268 INFO  server.RaftServerConfigKeys (ConfUtils.java:logGet(43)) - raft.server.rpc.timeout.min = 5s (custom)
2019-07-31 00:49:01,268 INFO  server.RaftServerConfigKeys (ConfUtils.java:logGet(43)) - raft.server.rpc.timeout.max = 5200ms (custom)
2019-07-31 00:49:01,268 INFO  server.RaftServerConfigKeys (ConfUtils.java:logGet(43)) - raft.server.rpcslowness.timeout = 120s (custom)
2019-07-31 00:49:01,269 INFO  server.RaftServerConfigKeys (ConfUtils.java:logGet(43)) - raft.server.sleep.deviation.threshold = 300 (default)
2019-07-31 00:49:01,269 INFO  server.RaftServerConfigKeys (ConfUtils.java:logGet(43)) - raft.server.log.appender.install.snapshot.enabled = false (custom)
2019-07-31 00:49:01,269 INFO  impl.RaftServerImpl (ServerState.java:<init>(105)) - 6035a6a3-d448-4ff9-8fe3-eebf4fa5ff66:group-67817332B604 ConfigurationManager, init=-1: [6035a6a3-d448-4ff9-8fe3-eebf4fa5ff66:192.168.69.114:33208], old=null, confs=<EMPTY_MAP>
2019-07-31 00:49:01,269 INFO  server.RaftServerConfigKeys (ConfUtils.java:logGet(43)) - raft.server.storage.dir = [/workdir/hadoop-ozone/integration-test/target/test-dir/MiniOzoneClusterImpl-5e7578f6-c7d5-4fb0-a9a6-c5f08596d10b/datanode-0/data/ratis] (custom)
2019-07-31 00:49:01,270 INFO  storage.RaftStorageDirectory (RaftStorageDirectory.java:analyzeStorage(246)) - The storage directory /workdir/hadoop-ozone/integration-test/target/test-dir/MiniOzoneClusterImpl-5e7578f6-c7d5-4fb0-a9a6-c5f08596d10b/datanode-0/data/ratis/94ba4c86-9657-40f7-8b2d-67817332b604 does not exist. Creating ...
2019-07-31 00:49:01,284 INFO  storage.RaftStorageDirectory (RaftStorageDirectory.java:tryLock(328)) - Lock on /workdir/hadoop-ozone/integration-test/target/test-dir/MiniOzoneClusterImpl-5e7578f6-c7d5-4fb0-a9a6-c5f08596d10b/datanode-0/data/ratis/94ba4c86-9657-40f7-8b2d-67817332b604/in_use.lock acquired by nodename 6174@byscane-nightly-8jrs9-2386324885
2019-07-31 00:49:01,298 INFO  storage.RaftStorage (RaftStorage.java:format(72)) - Storage directory /workdir/hadoop-ozone/integration-test/target/test-dir/MiniOzoneClusterImpl-5e7578f6-c7d5-4fb0-a9a6-c5f08596d10b/datanode-0/data/ratis/94ba4c86-9657-40f7-8b2d-67817332b604 has been successfully formatted.
2019-07-31 00:49:01,298 INFO  ratis.ContainerStateMachine (ContainerStateMachine.java:loadSnapshot(213)) - group-67817332B604: The snapshot info is null. Setting the last applied indexto:(t:0, i:~)
2019-07-31 00:49:01,298 INFO  server.RaftServerConfigKeys (ConfUtils.java:logGet(43)) - raft.server.leader.election.timeout = 120s (custom)
2019-07-31 00:49:01,298 INFO  server.RaftServerConfigKeys (ConfUtils.java:logGet(43)) - raft.server.log.use.memory = false (default)
2019-07-31 00:49:01,299 INFO  server.RaftServerConfigKeys (ConfUtils.java:logGet(43)) - raft.server.log.purge.gap = 1000000000 (custom)
2019-07-31 00:49:01,299 INFO  server.RaftServerConfigKeys (ConfUtils.java:logGet(43)) - raft.server.log.appender.buffer.byte-limit = 33554432 (custom)
2019-07-31 00:49:01,299 INFO  server.RaftServerConfigKeys (ConfUtils.java:logGet(43)) - raft.server.log.segment.size.max = 1048576 (custom)
2019-07-31 00:49:01,299 INFO  server.RaftServerConfigKeys (ConfUtils.java:logGet(43)) - raft.server.log.segment.cache.num.max = 2 (custom)
2019-07-31 00:49:01,299 INFO  segmented.SegmentedRaftLogWorker (SegmentedRaftLogWorker.java:<init>(172)) - new 6035a6a3-d448-4ff9-8fe3-eebf4fa5ff66-SegmentedRaftLogWorker:Storage Directory /workdir/hadoop-ozone/integration-test/target/test-dir/MiniOzoneClusterImpl-5e7578f6-c7d5-4fb0-a9a6-c5f08596d10b/datanode-0/data/ratis/94ba4c86-9657-40f7-8b2d-67817332b604 for RaftStorage:Storage Directory /workdir/hadoop-ozone/integration-test/target/test-dir/MiniOzoneClusterImpl-5e7578f6-c7d5-4fb0-a9a6-c5f08596d10b/datanode-0/data/ratis/94ba4c86-9657-40f7-8b2d-67817332b604
2019-07-31 00:49:01,300 INFO  server.RaftServerConfigKeys (ConfUtils.java:logGet(43)) - raft.server.log.queue.byte-limit = 2147483647 (custom)
2019-07-31 00:49:01,300 INFO  server.RaftServerConfigKeys (ConfUtils.java:logGet(43)) - raft.server.log.queue.element-limit = 1024 (custom)
2019-07-31 00:49:01,300 INFO  server.RaftServerConfigKeys (ConfUtils.java:logGet(43)) - raft.server.log.segment.size.max = 1048576 (custom)
2019-07-31 00:49:01,300 INFO  server.RaftServerConfigKeys (ConfUtils.java:logGet(43)) - raft.server.log.preallocated.size = 16384 (custom)
2019-07-31 00:49:01,301 INFO  server.RaftServerConfigKeys (ConfUtils.java:logGet(43)) - raft.server.log.write.buffer.size = 33554432 (custom)
2019-07-31 00:49:01,301 INFO  server.RaftServerConfigKeys (ConfUtils.java:logGet(43)) - raft.server.log.force.sync.num = 128 (default)
2019-07-31 00:49:01,301 INFO  server.RaftServerConfigKeys (ConfUtils.java:logGet(43)) - raft.server.log.statemachine.data.sync = true (default)
2019-07-31 00:49:01,301 INFO  server.RaftServerConfigKeys (ConfUtils.java:logGet(43)) - raft.server.log.statemachine.data.sync.timeout = 10s (default)
2019-07-31 00:49:01,301 INFO  server.RaftServerConfigKeys (ConfUtils.java:logGet(43)) - raft.server.log.statemachine.data.sync.timeout.retry = -1 (default)
2019-07-31 00:49:01,302 INFO  server.RaftServerConfigKeys (ConfUtils.java:logGet(43)) - raft.server.log.statemachine.data.caching.enabled = true (custom)
2019-07-31 00:49:01,302 INFO  segmented.SegmentedRaftLogWorker (SegmentedRaftLogWorker.java:lambda$new$0(132)) - 6035a6a3-d448-4ff9-8fe3-eebf4fa5ff66-SegmentedRaftLogWorker:Storage Directory /workdir/hadoop-ozone/integration-test/target/test-dir/MiniOzoneClusterImpl-5e7578f6-c7d5-4fb0-a9a6-c5f08596d10b/datanode-0/data/ratis/94ba4c86-9657-40f7-8b2d-67817332b604: flushIndex: setUnconditionally 0 -> -1
2019-07-31 00:49:01,303 INFO  server.RaftServerConfigKeys (ConfUtils.java:logGet(43)) - raft.server.snapshot.auto.trigger.enabled = true (custom)
2019-07-31 00:49:01,303 INFO  server.RaftServerConfigKeys (ConfUtils.java:logGet(43)) - raft.server.snapshot.auto.trigger.threshold = 10000 (custom)
2019-07-31 00:49:01,303 INFO  server.RaftServerConfigKeys (ConfUtils.java:logGet(43)) - raft.server.retrycache.expirytime = 600000ms (custom)
2019-07-31 00:49:01,303 INFO  impl.RaftServerImpl (RaftServerImpl.java:start(180)) - 6035a6a3-d448-4ff9-8fe3-eebf4fa5ff66: start group-67817332B604
2019-07-31 00:49:01,304 INFO  impl.RaftServerImpl (RaftServerImpl.java:setRole(171)) - 6035a6a3-d448-4ff9-8fe3-eebf4fa5ff66:group-67817332B604 changes role from null to FOLLOWER at term 0 for startAsFollower
2019-07-31 00:49:01,304 INFO  impl.RoleInfo (RoleInfo.java:updateAndGet(143)) - 6035a6a3-d448-4ff9-8fe3-eebf4fa5ff66: start FollowerState
2019-07-31 00:49:01,305 INFO  util.JmxRegister (JmxRegister.java:tryRegister(44)) - Successfully registered JMX Bean with object name Ratis:service=RaftServer,group=group-67817332B604,id=6035a6a3-d448-4ff9-8fe3-eebf4fa5ff66
2019-07-31 00:49:01,309 INFO  pipeline.PipelineStateManager (PipelineStateManager.java:addPipeline(56)) - Created pipeline Pipeline[ Id: 94ba4c86-9657-40f7-8b2d-67817332b604, Nodes: 6035a6a3-d448-4ff9-8fe3-eebf4fa5ff66{ip: 192.168.69.114, host: byscane-nightly-8jrs9-2386324885, networkLocation: /default-rack, certSerialId: null}, Type:RATIS, Factor:ONE, State:OPEN]
2019-07-31 00:49:01,436 INFO  ozone.MiniOzoneClusterImpl (MiniOzoneClusterImpl.java:lambda$waitForClusterToBeReady$0(142)) - Waiting for cluster to be ready. Got 1 of 7 DN Heartbeats.
2019-07-31 00:49:01,465 INFO  net.NetworkTopology (NetworkTopologyImpl.java:add(110)) - Added a new node: /default-rack/2ffbce9c-38d9-435c-bbc9-44adb415d185
2019-07-31 00:49:01,466 INFO  node.SCMNodeManager (SCMNodeManager.java:register(273)) - Registered Data node : 2ffbce9c-38d9-435c-bbc9-44adb415d185{ip: 192.168.69.114, host: byscane-nightly-8jrs9-2386324885, networkLocation: /default-rack, certSerialId: null}
2019-07-31 00:49:01,476 INFO  impl.RaftServerProxy (RaftServerProxy.java:addNew(89)) - 2ffbce9c-38d9-435c-bbc9-44adb415d185: addNew group-87AB533FEA26:[2ffbce9c-38d9-435c-bbc9-44adb415d185:192.168.69.114:42215] returns group-87AB533FEA26:java.util.concurrent.CompletableFuture@53731bc6[Not completed]
2019-07-31 00:49:01,480 INFO  impl.RaftServerImpl (RaftServerImpl.java:<init>(93)) - 2ffbce9c-38d9-435c-bbc9-44adb415d185: new RaftServerImpl for group-87AB533FEA26:[2ffbce9c-38d9-435c-bbc9-44adb415d185:192.168.69.114:42215] with ContainerStateMachine:uninitialized
2019-07-31 00:49:01,480 INFO  server.RaftServerConfigKeys (ConfUtils.java:logGet(43)) - raft.server.rpc.timeout.min = 5s (custom)
2019-07-31 00:49:01,480 INFO  server.RaftServerConfigKeys (ConfUtils.java:logGet(43)) - raft.server.rpc.timeout.max = 5200ms (custom)
2019-07-31 00:49:01,480 INFO  server.RaftServerConfigKeys (ConfUtils.java:logGet(43)) - raft.server.rpcslowness.timeout = 120s (custom)
2019-07-31 00:49:01,480 INFO  server.RaftServerConfigKeys (ConfUtils.java:logGet(43)) - raft.server.sleep.deviation.threshold = 300 (default)
2019-07-31 00:49:01,480 INFO  server.RaftServerConfigKeys (ConfUtils.java:logGet(43)) - raft.server.log.appender.install.snapshot.enabled = false (custom)
2019-07-31 00:49:01,481 INFO  impl.RaftServerImpl (ServerState.java:<init>(105)) - 2ffbce9c-38d9-435c-bbc9-44adb415d185:group-87AB533FEA26 ConfigurationManager, init=-1: [2ffbce9c-38d9-435c-bbc9-44adb415d185:192.168.69.114:42215], old=null, confs=<EMPTY_MAP>
2019-07-31 00:49:01,481 INFO  server.RaftServerConfigKeys (ConfUtils.java:logGet(43)) - raft.server.storage.dir = [/workdir/hadoop-ozone/integration-test/target/test-dir/MiniOzoneClusterImpl-5e7578f6-c7d5-4fb0-a9a6-c5f08596d10b/datanode-1/data/ratis] (custom)
2019-07-31 00:49:01,481 INFO  storage.RaftStorageDirectory (RaftStorageDirectory.java:analyzeStorage(246)) - The storage directory /workdir/hadoop-ozone/integration-test/target/test-dir/MiniOzoneClusterImpl-5e7578f6-c7d5-4fb0-a9a6-c5f08596d10b/datanode-1/data/ratis/19206706-4b88-4346-8088-87ab533fea26 does not exist. Creating ...
2019-07-31 00:49:01,495 INFO  storage.RaftStorageDirectory (RaftStorageDirectory.java:tryLock(328)) - Lock on /workdir/hadoop-ozone/integration-test/target/test-dir/MiniOzoneClusterImpl-5e7578f6-c7d5-4fb0-a9a6-c5f08596d10b/datanode-1/data/ratis/19206706-4b88-4346-8088-87ab533fea26/in_use.lock acquired by nodename 6174@byscane-nightly-8jrs9-2386324885
2019-07-31 00:49:01,508 INFO  storage.RaftStorage (RaftStorage.java:format(72)) - Storage directory /workdir/hadoop-ozone/integration-test/target/test-dir/MiniOzoneClusterImpl-5e7578f6-c7d5-4fb0-a9a6-c5f08596d10b/datanode-1/data/ratis/19206706-4b88-4346-8088-87ab533fea26 has been successfully formatted.
2019-07-31 00:49:01,508 INFO  ratis.ContainerStateMachine (ContainerStateMachine.java:loadSnapshot(213)) - group-87AB533FEA26: The snapshot info is null. Setting the last applied indexto:(t:0, i:~)
2019-07-31 00:49:01,508 INFO  server.RaftServerConfigKeys (ConfUtils.java:logGet(43)) - raft.server.leader.election.timeout = 120s (custom)
2019-07-31 00:49:01,508 INFO  server.RaftServerConfigKeys (ConfUtils.java:logGet(43)) - raft.server.log.use.memory = false (default)
2019-07-31 00:49:01,509 INFO  server.RaftServerConfigKeys (ConfUtils.java:logGet(43)) - raft.server.log.purge.gap = 1000000000 (custom)
2019-07-31 00:49:01,509 INFO  server.RaftServerConfigKeys (ConfUtils.java:logGet(43)) - raft.server.log.appender.buffer.byte-limit = 33554432 (custom)
2019-07-31 00:49:01,509 INFO  server.RaftServerConfigKeys (ConfUtils.java:logGet(43)) - raft.server.log.segment.size.max = 1048576 (custom)
2019-07-31 00:49:01,509 INFO  server.RaftServerConfigKeys (ConfUtils.java:logGet(43)) - raft.server.log.segment.cache.num.max = 2 (custom)
2019-07-31 00:49:01,509 INFO  segmented.SegmentedRaftLogWorker (SegmentedRaftLogWorker.java:<init>(172)) - new 2ffbce9c-38d9-435c-bbc9-44adb415d185-SegmentedRaftLogWorker:Storage Directory /workdir/hadoop-ozone/integration-test/target/test-dir/MiniOzoneClusterImpl-5e7578f6-c7d5-4fb0-a9a6-c5f08596d10b/datanode-1/data/ratis/19206706-4b88-4346-8088-87ab533fea26 for RaftStorage:Storage Directory /workdir/hadoop-ozone/integration-test/target/test-dir/MiniOzoneClusterImpl-5e7578f6-c7d5-4fb0-a9a6-c5f08596d10b/datanode-1/data/ratis/19206706-4b88-4346-8088-87ab533fea26
2019-07-31 00:49:01,510 INFO  server.RaftServerConfigKeys (ConfUtils.java:logGet(43)) - raft.server.log.queue.byte-limit = 2147483647 (custom)
2019-07-31 00:49:01,510 INFO  server.RaftServerConfigKeys (ConfUtils.java:logGet(43)) - raft.server.log.queue.element-limit = 1024 (custom)
2019-07-31 00:49:01,510 INFO  server.RaftServerConfigKeys (ConfUtils.java:logGet(43)) - raft.server.log.segment.size.max = 1048576 (custom)
2019-07-31 00:49:01,510 INFO  server.RaftServerConfigKeys (ConfUtils.java:logGet(43)) - raft.server.log.preallocated.size = 16384 (custom)
2019-07-31 00:49:01,510 INFO  server.RaftServerConfigKeys (ConfUtils.java:logGet(43)) - raft.server.log.write.buffer.size = 33554432 (custom)
2019-07-31 00:49:01,511 INFO  server.RaftServerConfigKeys (ConfUtils.java:logGet(43)) - raft.server.log.force.sync.num = 128 (default)
2019-07-31 00:49:01,511 INFO  server.RaftServerConfigKeys (ConfUtils.java:logGet(43)) - raft.server.log.statemachine.data.sync = true (default)
2019-07-31 00:49:01,511 INFO  server.RaftServerConfigKeys (ConfUtils.java:logGet(43)) - raft.server.log.statemachine.data.sync.timeout = 10s (default)
2019-07-31 00:49:01,511 INFO  server.RaftServerConfigKeys (ConfUtils.java:logGet(43)) - raft.server.log.statemachine.data.sync.timeout.retry = -1 (default)
2019-07-31 00:49:01,511 INFO  server.RaftServerConfigKeys (ConfUtils.java:logGet(43)) - raft.server.log.statemachine.data.caching.enabled = true (custom)
2019-07-31 00:49:01,512 INFO  segmented.SegmentedRaftLogWorker (SegmentedRaftLogWorker.java:lambda$new$0(132)) - 2ffbce9c-38d9-435c-bbc9-44adb415d185-SegmentedRaftLogWorker:Storage Directory /workdir/hadoop-ozone/integration-test/target/test-dir/MiniOzoneClusterImpl-5e7578f6-c7d5-4fb0-a9a6-c5f08596d10b/datanode-1/data/ratis/19206706-4b88-4346-8088-87ab533fea26: flushIndex: setUnconditionally 0 -> -1
2019-07-31 00:49:01,512 INFO  server.RaftServerConfigKeys (ConfUtils.java:logGet(43)) - raft.server.snapshot.auto.trigger.enabled = true (custom)
2019-07-31 00:49:01,512 INFO  server.RaftServerConfigKeys (ConfUtils.java:logGet(43)) - raft.server.snapshot.auto.trigger.threshold = 10000 (custom)
2019-07-31 00:49:01,513 INFO  server.RaftServerConfigKeys (ConfUtils.java:logGet(43)) - raft.server.retrycache.expirytime = 600000ms (custom)
2019-07-31 00:49:01,513 INFO  impl.RaftServerImpl (RaftServerImpl.java:start(180)) - 2ffbce9c-38d9-435c-bbc9-44adb415d185: start group-87AB533FEA26
2019-07-31 00:49:01,513 INFO  impl.RaftServerImpl (RaftServerImpl.java:setRole(171)) - 2ffbce9c-38d9-435c-bbc9-44adb415d185:group-87AB533FEA26 changes role from null to FOLLOWER at term 0 for startAsFollower
2019-07-31 00:49:01,513 INFO  impl.RoleInfo (RoleInfo.java:updateAndGet(143)) - 2ffbce9c-38d9-435c-bbc9-44adb415d185: start FollowerState
2019-07-31 00:49:01,514 INFO  util.JmxRegister (JmxRegister.java:tryRegister(44)) - Successfully registered JMX Bean with object name Ratis:service=RaftServer,group=group-87AB533FEA26,id=2ffbce9c-38d9-435c-bbc9-44adb415d185
2019-07-31 00:49:01,517 INFO  pipeline.PipelineStateManager (PipelineStateManager.java:addPipeline(56)) - Created pipeline Pipeline[ Id: 19206706-4b88-4346-8088-87ab533fea26, Nodes: 2ffbce9c-38d9-435c-bbc9-44adb415d185{ip: 192.168.69.114, host: byscane-nightly-8jrs9-2386324885, networkLocation: /default-rack, certSerialId: null}, Type:RATIS, Factor:ONE, State:OPEN]
2019-07-31 00:49:01,640 INFO  net.NetworkTopology (NetworkTopologyImpl.java:add(110)) - Added a new node: /default-rack/57d56d22-c073-4cf9-913f-0296d8493da6
2019-07-31 00:49:01,640 INFO  node.SCMNodeManager (SCMNodeManager.java:register(273)) - Registered Data node : 57d56d22-c073-4cf9-913f-0296d8493da6{ip: 192.168.69.114, host: byscane-nightly-8jrs9-2386324885, networkLocation: /default-rack, certSerialId: null}
2019-07-31 00:49:01,653 INFO  impl.RaftServerProxy (RaftServerProxy.java:addNew(89)) - 57d56d22-c073-4cf9-913f-0296d8493da6: addNew group-D6988D65D439:[57d56d22-c073-4cf9-913f-0296d8493da6:192.168.69.114:33295] returns group-D6988D65D439:java.util.concurrent.CompletableFuture@3d7d9cb[Not completed]
2019-07-31 00:49:01,659 INFO  impl.RaftServerImpl (RaftServerImpl.java:<init>(93)) - 57d56d22-c073-4cf9-913f-0296d8493da6: new RaftServerImpl for group-D6988D65D439:[57d56d22-c073-4cf9-913f-0296d8493da6:192.168.69.114:33295] with ContainerStateMachine:uninitialized
2019-07-31 00:49:01,659 INFO  server.RaftServerConfigKeys (ConfUtils.java:logGet(43)) - raft.server.rpc.timeout.min = 5s (custom)
2019-07-31 00:49:01,660 INFO  server.RaftServerConfigKeys (ConfUtils.java:logGet(43)) - raft.server.rpc.timeout.max = 5200ms (custom)
2019-07-31 00:49:01,660 INFO  server.RaftServerConfigKeys (ConfUtils.java:logGet(43)) - raft.server.rpcslowness.timeout = 120s (custom)
2019-07-31 00:49:01,660 INFO  server.RaftServerConfigKeys (ConfUtils.java:logGet(43)) - raft.server.sleep.deviation.threshold = 300 (default)
2019-07-31 00:49:01,660 INFO  server.RaftServerConfigKeys (ConfUtils.java:logGet(43)) - raft.server.log.appender.install.snapshot.enabled = false (custom)
2019-07-31 00:49:01,660 INFO  impl.RaftServerImpl (ServerState.java:<init>(105)) - 57d56d22-c073-4cf9-913f-0296d8493da6:group-D6988D65D439 ConfigurationManager, init=-1: [57d56d22-c073-4cf9-913f-0296d8493da6:192.168.69.114:33295], old=null, confs=<EMPTY_MAP>
2019-07-31 00:49:01,661 INFO  server.RaftServerConfigKeys (ConfUtils.java:logGet(43)) - raft.server.storage.dir = [/workdir/hadoop-ozone/integration-test/target/test-dir/MiniOzoneClusterImpl-5e7578f6-c7d5-4fb0-a9a6-c5f08596d10b/datanode-2/data/ratis] (custom)
2019-07-31 00:49:01,661 INFO  storage.RaftStorageDirectory (RaftStorageDirectory.java:analyzeStorage(246)) - The storage directory /workdir/hadoop-ozone/integration-test/target/test-dir/MiniOzoneClusterImpl-5e7578f6-c7d5-4fb0-a9a6-c5f08596d10b/datanode-2/data/ratis/ab721920-dac0-42d8-bf99-d6988d65d439 does not exist. Creating ...
2019-07-31 00:49:01,674 INFO  storage.RaftStorageDirectory (RaftStorageDirectory.java:tryLock(328)) - Lock on /workdir/hadoop-ozone/integration-test/target/test-dir/MiniOzoneClusterImpl-5e7578f6-c7d5-4fb0-a9a6-c5f08596d10b/datanode-2/data/ratis/ab721920-dac0-42d8-bf99-d6988d65d439/in_use.lock acquired by nodename 6174@byscane-nightly-8jrs9-2386324885
2019-07-31 00:49:01,698 INFO  storage.RaftStorage (RaftStorage.java:format(72)) - Storage directory /workdir/hadoop-ozone/integration-test/target/test-dir/MiniOzoneClusterImpl-5e7578f6-c7d5-4fb0-a9a6-c5f08596d10b/datanode-2/data/ratis/ab721920-dac0-42d8-bf99-d6988d65d439 has been successfully formatted.
2019-07-31 00:49:01,698 INFO  ratis.ContainerStateMachine (ContainerStateMachine.java:loadSnapshot(213)) - group-D6988D65D439: The snapshot info is null. Setting the last applied indexto:(t:0, i:~)
2019-07-31 00:49:01,699 INFO  server.RaftServerConfigKeys (ConfUtils.java:logGet(43)) - raft.server.leader.election.timeout = 120s (custom)
2019-07-31 00:49:01,699 INFO  server.RaftServerConfigKeys (ConfUtils.java:logGet(43)) - raft.server.log.use.memory = false (default)
2019-07-31 00:49:01,699 INFO  server.RaftServerConfigKeys (ConfUtils.java:logGet(43)) - raft.server.log.purge.gap = 1000000000 (custom)
2019-07-31 00:49:01,699 INFO  server.RaftServerConfigKeys (ConfUtils.java:logGet(43)) - raft.server.log.appender.buffer.byte-limit = 33554432 (custom)
2019-07-31 00:49:01,699 INFO  server.RaftServerConfigKeys (ConfUtils.java:logGet(43)) - raft.server.log.segment.size.max = 1048576 (custom)
2019-07-31 00:49:01,699 INFO  server.RaftServerConfigKeys (ConfUtils.java:logGet(43)) - raft.server.log.segment.cache.num.max = 2 (custom)
2019-07-31 00:49:01,700 INFO  segmented.SegmentedRaftLogWorker (SegmentedRaftLogWorker.java:<init>(172)) - new 57d56d22-c073-4cf9-913f-0296d8493da6-SegmentedRaftLogWorker:Storage Directory /workdir/hadoop-ozone/integration-test/target/test-dir/MiniOzoneClusterImpl-5e7578f6-c7d5-4fb0-a9a6-c5f08596d10b/datanode-2/data/ratis/ab721920-dac0-42d8-bf99-d6988d65d439 for RaftStorage:Storage Directory /workdir/hadoop-ozone/integration-test/target/test-dir/MiniOzoneClusterImpl-5e7578f6-c7d5-4fb0-a9a6-c5f08596d10b/datanode-2/data/ratis/ab721920-dac0-42d8-bf99-d6988d65d439
2019-07-31 00:49:01,700 INFO  server.RaftServerConfigKeys (ConfUtils.java:logGet(43)) - raft.server.log.queue.byte-limit = 2147483647 (custom)
2019-07-31 00:49:01,700 INFO  server.RaftServerConfigKeys (ConfUtils.java:logGet(43)) - raft.server.log.queue.element-limit = 1024 (custom)
2019-07-31 00:49:01,700 INFO  server.RaftServerConfigKeys (ConfUtils.java:logGet(43)) - raft.server.log.segment.size.max = 1048576 (custom)
2019-07-31 00:49:01,701 INFO  server.RaftServerConfigKeys (ConfUtils.java:logGet(43)) - raft.server.log.preallocated.size = 16384 (custom)
2019-07-31 00:49:01,701 INFO  server.RaftServerConfigKeys (ConfUtils.java:logGet(43)) - raft.server.log.write.buffer.size = 33554432 (custom)
2019-07-31 00:49:01,701 INFO  server.RaftServerConfigKeys (ConfUtils.java:logGet(43)) - raft.server.log.force.sync.num = 128 (default)
2019-07-31 00:49:01,701 INFO  server.RaftServerConfigKeys (ConfUtils.java:logGet(43)) - raft.server.log.statemachine.data.sync = true (default)
2019-07-31 00:49:01,701 INFO  server.RaftServerConfigKeys (ConfUtils.java:logGet(43)) - raft.server.log.statemachine.data.sync.timeout = 10s (default)
2019-07-31 00:49:01,701 INFO  server.RaftServerConfigKeys (ConfUtils.java:logGet(43)) - raft.server.log.statemachine.data.sync.timeout.retry = -1 (default)
2019-07-31 00:49:01,702 INFO  server.RaftServerConfigKeys (ConfUtils.java:logGet(43)) - raft.server.log.statemachine.data.caching.enabled = true (custom)
2019-07-31 00:49:01,702 INFO  segmented.SegmentedRaftLogWorker (SegmentedRaftLogWorker.java:lambda$new$0(132)) - 57d56d22-c073-4cf9-913f-0296d8493da6-SegmentedRaftLogWorker:Storage Directory /workdir/hadoop-ozone/integration-test/target/test-dir/MiniOzoneClusterImpl-5e7578f6-c7d5-4fb0-a9a6-c5f08596d10b/datanode-2/data/ratis/ab721920-dac0-42d8-bf99-d6988d65d439: flushIndex: setUnconditionally 0 -> -1
2019-07-31 00:49:01,703 INFO  server.RaftServerConfigKeys (ConfUtils.java:logGet(43)) - raft.server.snapshot.auto.trigger.enabled = true (custom)
2019-07-31 00:49:01,703 INFO  server.RaftServerConfigKeys (ConfUtils.java:logGet(43)) - raft.server.snapshot.auto.trigger.threshold = 10000 (custom)
2019-07-31 00:49:01,703 INFO  server.RaftServerConfigKeys (ConfUtils.java:logGet(43)) - raft.server.retrycache.expirytime = 600000ms (custom)
2019-07-31 00:49:01,703 INFO  impl.RaftServerImpl (RaftServerImpl.java:start(180)) - 57d56d22-c073-4cf9-913f-0296d8493da6: start group-D6988D65D439
2019-07-31 00:49:01,703 INFO  impl.RaftServerImpl (RaftServerImpl.java:setRole(171)) - 57d56d22-c073-4cf9-913f-0296d8493da6:group-D6988D65D439 changes role from null to FOLLOWER at term 0 for startAsFollower
2019-07-31 00:49:01,704 INFO  impl.RoleInfo (RoleInfo.java:updateAndGet(143)) - 57d56d22-c073-4cf9-913f-0296d8493da6: start FollowerState
2019-07-31 00:49:01,704 INFO  util.JmxRegister (JmxRegister.java:tryRegister(44)) - Successfully registered JMX Bean with object name Ratis:service=RaftServer,group=group-D6988D65D439,id=57d56d22-c073-4cf9-913f-0296d8493da6
2019-07-31 00:49:01,707 INFO  pipeline.PipelineStateManager (PipelineStateManager.java:addPipeline(56)) - Created pipeline Pipeline[ Id: ab721920-dac0-42d8-bf99-d6988d65d439, Nodes: 57d56d22-c073-4cf9-913f-0296d8493da6{ip: 192.168.69.114, host: byscane-nightly-8jrs9-2386324885, networkLocation: /default-rack, certSerialId: null}, Type:RATIS, Factor:ONE, State:OPEN]
2019-07-31 00:49:01,724 INFO  impl.RaftServerProxy (RaftServerProxy.java:addNew(89)) - 57d56d22-c073-4cf9-913f-0296d8493da6: addNew group-3EFC94A02EDD:[2ffbce9c-38d9-435c-bbc9-44adb415d185:192.168.69.114:42215, 6035a6a3-d448-4ff9-8fe3-eebf4fa5ff66:192.168.69.114:33208, 57d56d22-c073-4cf9-913f-0296d8493da6:192.168.69.114:33295] returns group-3EFC94A02EDD:java.util.concurrent.CompletableFuture@7ba8d803[Not completed]
2019-07-31 00:49:01,724 INFO  impl.RaftServerProxy (RaftServerProxy.java:addNew(89)) - 6035a6a3-d448-4ff9-8fe3-eebf4fa5ff66: addNew group-3EFC94A02EDD:[2ffbce9c-38d9-435c-bbc9-44adb415d185:192.168.69.114:42215, 6035a6a3-d448-4ff9-8fe3-eebf4fa5ff66:192.168.69.114:33208, 57d56d22-c073-4cf9-913f-0296d8493da6:192.168.69.114:33295] returns group-3EFC94A02EDD:java.util.concurrent.CompletableFuture@1d315437[Not completed]
2019-07-31 00:49:01,725 INFO  impl.RaftServerProxy (RaftServerProxy.java:addNew(89)) - 2ffbce9c-38d9-435c-bbc9-44adb415d185: addNew group-3EFC94A02EDD:[2ffbce9c-38d9-435c-bbc9-44adb415d185:192.168.69.114:42215, 6035a6a3-d448-4ff9-8fe3-eebf4fa5ff66:192.168.69.114:33208, 57d56d22-c073-4cf9-913f-0296d8493da6:192.168.69.114:33295] returns group-3EFC94A02EDD:java.util.concurrent.CompletableFuture@7c0c73b9[Not completed]
2019-07-31 00:49:01,725 INFO  impl.RaftServerImpl (RaftServerImpl.java:<init>(93)) - 57d56d22-c073-4cf9-913f-0296d8493da6: new RaftServerImpl for group-3EFC94A02EDD:[2ffbce9c-38d9-435c-bbc9-44adb415d185:192.168.69.114:42215, 6035a6a3-d448-4ff9-8fe3-eebf4fa5ff66:192.168.69.114:33208, 57d56d22-c073-4cf9-913f-0296d8493da6:192.168.69.114:33295] with ContainerStateMachine:uninitialized
2019-07-31 00:49:01,726 INFO  server.RaftServerConfigKeys (ConfUtils.java:logGet(43)) - raft.server.rpc.timeout.min = 5s (custom)
2019-07-31 00:49:01,726 INFO  server.RaftServerConfigKeys (ConfUtils.java:logGet(43)) - raft.server.rpc.timeout.max = 5200ms (custom)
2019-07-31 00:49:01,726 INFO  impl.RaftServerImpl (RaftServerImpl.java:<init>(93)) - 2ffbce9c-38d9-435c-bbc9-44adb415d185: new RaftServerImpl for group-3EFC94A02EDD:[2ffbce9c-38d9-435c-bbc9-44adb415d185:192.168.69.114:42215, 6035a6a3-d448-4ff9-8fe3-eebf4fa5ff66:192.168.69.114:33208, 57d56d22-c073-4cf9-913f-0296d8493da6:192.168.69.114:33295] with ContainerStateMachine:uninitialized
2019-07-31 00:49:01,726 INFO  server.RaftServerConfigKeys (ConfUtils.java:logGet(43)) - raft.server.rpcslowness.timeout = 120s (custom)
2019-07-31 00:49:01,726 INFO  server.RaftServerConfigKeys (ConfUtils.java:logGet(43)) - raft.server.rpc.timeout.min = 5s (custom)
2019-07-31 00:49:01,726 INFO  server.RaftServerConfigKeys (ConfUtils.java:logGet(43)) - raft.server.sleep.deviation.threshold = 300 (default)
2019-07-31 00:49:01,726 INFO  server.RaftServerConfigKeys (ConfUtils.java:logGet(43)) - raft.server.rpc.timeout.max = 5200ms (custom)
2019-07-31 00:49:01,727 INFO  server.RaftServerConfigKeys (ConfUtils.java:logGet(43)) - raft.server.log.appender.install.snapshot.enabled = false (custom)
2019-07-31 00:49:01,727 INFO  impl.RaftServerImpl (RaftServerImpl.java:<init>(93)) - 6035a6a3-d448-4ff9-8fe3-eebf4fa5ff66: new RaftServerImpl for group-3EFC94A02EDD:[2ffbce9c-38d9-435c-bbc9-44adb415d185:192.168.69.114:42215, 6035a6a3-d448-4ff9-8fe3-eebf4fa5ff66:192.168.69.114:33208, 57d56d22-c073-4cf9-913f-0296d8493da6:192.168.69.114:33295] with ContainerStateMachine:uninitialized
2019-07-31 00:49:01,727 INFO  server.RaftServerConfigKeys (ConfUtils.java:logGet(43)) - raft.server.rpcslowness.timeout = 120s (custom)
2019-07-31 00:49:01,727 INFO  server.RaftServerConfigKeys (ConfUtils.java:logGet(43)) - raft.server.rpc.timeout.min = 5s (custom)
2019-07-31 00:49:01,727 INFO  impl.RaftServerImpl (ServerState.java:<init>(105)) - 57d56d22-c073-4cf9-913f-0296d8493da6:group-3EFC94A02EDD ConfigurationManager, init=-1: [2ffbce9c-38d9-435c-bbc9-44adb415d185:192.168.69.114:42215, 6035a6a3-d448-4ff9-8fe3-eebf4fa5ff66:192.168.69.114:33208, 57d56d22-c073-4cf9-913f-0296d8493da6:192.168.69.114:33295], old=null, confs=<EMPTY_MAP>
2019-07-31 00:49:01,727 INFO  server.RaftServerConfigKeys (ConfUtils.java:logGet(43)) - raft.server.rpc.timeout.max = 5200ms (custom)
2019-07-31 00:49:01,727 INFO  server.RaftServerConfigKeys (ConfUtils.java:logGet(43)) - raft.server.sleep.deviation.threshold = 300 (default)
2019-07-31 00:49:01,728 INFO  server.RaftServerConfigKeys (ConfUtils.java:logGet(43)) - raft.server.rpcslowness.timeout = 120s (custom)
2019-07-31 00:49:01,728 INFO  server.RaftServerConfigKeys (ConfUtils.java:logGet(43)) - raft.server.storage.dir = [/workdir/hadoop-ozone/integration-test/target/test-dir/MiniOzoneClusterImpl-5e7578f6-c7d5-4fb0-a9a6-c5f08596d10b/datanode-2/data/ratis] (custom)
2019-07-31 00:49:01,728 INFO  server.RaftServerConfigKeys (ConfUtils.java:logGet(43)) - raft.server.sleep.deviation.threshold = 300 (default)
2019-07-31 00:49:01,728 INFO  server.RaftServerConfigKeys (ConfUtils.java:logGet(43)) - raft.server.log.appender.install.snapshot.enabled = false (custom)
2019-07-31 00:49:01,729 INFO  server.RaftServerConfigKeys (ConfUtils.java:logGet(43)) - raft.server.log.appender.install.snapshot.enabled = false (custom)
2019-07-31 00:49:01,729 INFO  impl.RaftServerImpl (ServerState.java:<init>(105)) - 2ffbce9c-38d9-435c-bbc9-44adb415d185:group-3EFC94A02EDD ConfigurationManager, init=-1: [2ffbce9c-38d9-435c-bbc9-44adb415d185:192.168.69.114:42215, 6035a6a3-d448-4ff9-8fe3-eebf4fa5ff66:192.168.69.114:33208, 57d56d22-c073-4cf9-913f-0296d8493da6:192.168.69.114:33295], old=null, confs=<EMPTY_MAP>
2019-07-31 00:49:01,729 INFO  storage.RaftStorageDirectory (RaftStorageDirectory.java:analyzeStorage(246)) - The storage directory /workdir/hadoop-ozone/integration-test/target/test-dir/MiniOzoneClusterImpl-5e7578f6-c7d5-4fb0-a9a6-c5f08596d10b/datanode-2/data/ratis/8aad4de8-67eb-4193-8c2c-3efc94a02edd does not exist. Creating ...
2019-07-31 00:49:01,729 INFO  server.RaftServerConfigKeys (ConfUtils.java:logGet(43)) - raft.server.storage.dir = [/workdir/hadoop-ozone/integration-test/target/test-dir/MiniOzoneClusterImpl-5e7578f6-c7d5-4fb0-a9a6-c5f08596d10b/datanode-1/data/ratis] (custom)
2019-07-31 00:49:01,729 INFO  impl.RaftServerImpl (ServerState.java:<init>(105)) - 6035a6a3-d448-4ff9-8fe3-eebf4fa5ff66:group-3EFC94A02EDD ConfigurationManager, init=-1: [2ffbce9c-38d9-435c-bbc9-44adb415d185:192.168.69.114:42215, 6035a6a3-d448-4ff9-8fe3-eebf4fa5ff66:192.168.69.114:33208, 57d56d22-c073-4cf9-913f-0296d8493da6:192.168.69.114:33295], old=null, confs=<EMPTY_MAP>
2019-07-31 00:49:01,730 INFO  server.RaftServerConfigKeys (ConfUtils.java:logGet(43)) - raft.server.storage.dir = [/workdir/hadoop-ozone/integration-test/target/test-dir/MiniOzoneClusterImpl-5e7578f6-c7d5-4fb0-a9a6-c5f08596d10b/datanode-0/data/ratis] (custom)
2019-07-31 00:49:01,730 INFO  storage.RaftStorageDirectory (RaftStorageDirectory.java:analyzeStorage(246)) - The storage directory /workdir/hadoop-ozone/integration-test/target/test-dir/MiniOzoneClusterImpl-5e7578f6-c7d5-4fb0-a9a6-c5f08596d10b/datanode-1/data/ratis/8aad4de8-67eb-4193-8c2c-3efc94a02edd does not exist. Creating ...
2019-07-31 00:49:01,730 INFO  storage.RaftStorageDirectory (RaftStorageDirectory.java:analyzeStorage(246)) - The storage directory /workdir/hadoop-ozone/integration-test/target/test-dir/MiniOzoneClusterImpl-5e7578f6-c7d5-4fb0-a9a6-c5f08596d10b/datanode-0/data/ratis/8aad4de8-67eb-4193-8c2c-3efc94a02edd does not exist. Creating ...
2019-07-31 00:49:01,755 INFO  storage.RaftStorageDirectory (RaftStorageDirectory.java:tryLock(328)) - Lock on /workdir/hadoop-ozone/integration-test/target/test-dir/MiniOzoneClusterImpl-5e7578f6-c7d5-4fb0-a9a6-c5f08596d10b/datanode-2/data/ratis/8aad4de8-67eb-4193-8c2c-3efc94a02edd/in_use.lock acquired by nodename 6174@byscane-nightly-8jrs9-2386324885
2019-07-31 00:49:01,755 INFO  storage.RaftStorageDirectory (RaftStorageDirectory.java:tryLock(328)) - Lock on /workdir/hadoop-ozone/integration-test/target/test-dir/MiniOzoneClusterImpl-5e7578f6-c7d5-4fb0-a9a6-c5f08596d10b/datanode-1/data/ratis/8aad4de8-67eb-4193-8c2c-3efc94a02edd/in_use.lock acquired by nodename 6174@byscane-nightly-8jrs9-2386324885
2019-07-31 00:49:01,755 INFO  storage.RaftStorageDirectory (RaftStorageDirectory.java:tryLock(328)) - Lock on /workdir/hadoop-ozone/integration-test/target/test-dir/MiniOzoneClusterImpl-5e7578f6-c7d5-4fb0-a9a6-c5f08596d10b/datanode-0/data/ratis/8aad4de8-67eb-4193-8c2c-3efc94a02edd/in_use.lock acquired by nodename 6174@byscane-nightly-8jrs9-2386324885
2019-07-31 00:49:01,769 INFO  storage.RaftStorage (RaftStorage.java:format(72)) - Storage directory /workdir/hadoop-ozone/integration-test/target/test-dir/MiniOzoneClusterImpl-5e7578f6-c7d5-4fb0-a9a6-c5f08596d10b/datanode-2/data/ratis/8aad4de8-67eb-4193-8c2c-3efc94a02edd has been successfully formatted.
2019-07-31 00:49:01,770 INFO  storage.RaftStorage (RaftStorage.java:format(72)) - Storage directory /workdir/hadoop-ozone/integration-test/target/test-dir/MiniOzoneClusterImpl-5e7578f6-c7d5-4fb0-a9a6-c5f08596d10b/datanode-0/data/ratis/8aad4de8-67eb-4193-8c2c-3efc94a02edd has been successfully formatted.
2019-07-31 00:49:01,770 INFO  storage.RaftStorage (RaftStorage.java:format(72)) - Storage directory /workdir/hadoop-ozone/integration-test/target/test-dir/MiniOzoneClusterImpl-5e7578f6-c7d5-4fb0-a9a6-c5f08596d10b/datanode-1/data/ratis/8aad4de8-67eb-4193-8c2c-3efc94a02edd has been successfully formatted.
2019-07-31 00:49:01,770 INFO  ratis.ContainerStateMachine (ContainerStateMachine.java:loadSnapshot(213)) - group-3EFC94A02EDD: The snapshot info is null. Setting the last applied indexto:(t:0, i:~)
2019-07-31 00:49:01,770 INFO  ratis.ContainerStateMachine (ContainerStateMachine.java:loadSnapshot(213)) - group-3EFC94A02EDD: The snapshot info is null. Setting the last applied indexto:(t:0, i:~)
2019-07-31 00:49:01,770 INFO  ratis.ContainerStateMachine (ContainerStateMachine.java:loadSnapshot(213)) - group-3EFC94A02EDD: The snapshot info is null. Setting the last applied indexto:(t:0, i:~)
2019-07-31 00:49:01,770 INFO  server.RaftServerConfigKeys (ConfUtils.java:logGet(43)) - raft.server.leader.election.timeout = 120s (custom)
2019-07-31 00:49:01,770 INFO  server.RaftServerConfigKeys (ConfUtils.java:logGet(43)) - raft.server.leader.election.timeout = 120s (custom)
2019-07-31 00:49:01,771 INFO  server.RaftServerConfigKeys (ConfUtils.java:logGet(43)) - raft.server.log.use.memory = false (default)
2019-07-31 00:49:01,771 INFO  server.RaftServerConfigKeys (ConfUtils.java:logGet(43)) - raft.server.leader.election.timeout = 120s (custom)
2019-07-31 00:49:01,771 INFO  server.RaftServerConfigKeys (ConfUtils.java:logGet(43)) - raft.server.log.purge.gap = 1000000000 (custom)
2019-07-31 00:49:01,771 INFO  server.RaftServerConfigKeys (ConfUtils.java:logGet(43)) - raft.server.log.use.memory = false (default)
2019-07-31 00:49:01,771 INFO  server.RaftServerConfigKeys (ConfUtils.java:logGet(43)) - raft.server.log.appender.buffer.byte-limit = 33554432 (custom)
2019-07-31 00:49:01,771 INFO  server.RaftServerConfigKeys (ConfUtils.java:logGet(43)) - raft.server.log.use.memory = false (default)
2019-07-31 00:49:01,772 INFO  server.RaftServerConfigKeys (ConfUtils.java:logGet(43)) - raft.server.log.segment.size.max = 1048576 (custom)
2019-07-31 00:49:01,771 INFO  server.RaftServerConfigKeys (ConfUtils.java:logGet(43)) - raft.server.log.purge.gap = 1000000000 (custom)
2019-07-31 00:49:01,772 INFO  server.RaftServerConfigKeys (ConfUtils.java:logGet(43)) - raft.server.log.segment.cache.num.max = 2 (custom)
2019-07-31 00:49:01,772 INFO  server.RaftServerConfigKeys (ConfUtils.java:logGet(43)) - raft.server.log.purge.gap = 1000000000 (custom)
2019-07-31 00:49:01,772 INFO  segmented.SegmentedRaftLogWorker (SegmentedRaftLogWorker.java:<init>(172)) - new 2ffbce9c-38d9-435c-bbc9-44adb415d185-SegmentedRaftLogWorker:Storage Directory /workdir/hadoop-ozone/integration-test/target/test-dir/MiniOzoneClusterImpl-5e7578f6-c7d5-4fb0-a9a6-c5f08596d10b/datanode-1/data/ratis/8aad4de8-67eb-4193-8c2c-3efc94a02edd for RaftStorage:Storage Directory /workdir/hadoop-ozone/integration-test/target/test-dir/MiniOzoneClusterImpl-5e7578f6-c7d5-4fb0-a9a6-c5f08596d10b/datanode-1/data/ratis/8aad4de8-67eb-4193-8c2c-3efc94a02edd
2019-07-31 00:49:01,772 INFO  server.RaftServerConfigKeys (ConfUtils.java:logGet(43)) - raft.server.log.appender.buffer.byte-limit = 33554432 (custom)
2019-07-31 00:49:01,772 INFO  server.RaftServerConfigKeys (ConfUtils.java:logGet(43)) - raft.server.log.queue.byte-limit = 2147483647 (custom)
2019-07-31 00:49:01,772 INFO  server.RaftServerConfigKeys (ConfUtils.java:logGet(43)) - raft.server.log.appender.buffer.byte-limit = 33554432 (custom)
2019-07-31 00:49:01,773 INFO  server.RaftServerConfigKeys (ConfUtils.java:logGet(43)) - raft.server.log.queue.element-limit = 1024 (custom)
2019-07-31 00:49:01,773 INFO  server.RaftServerConfigKeys (ConfUtils.java:logGet(43)) - raft.server.log.segment.size.max = 1048576 (custom)
2019-07-31 00:49:01,773 INFO  server.RaftServerConfigKeys (ConfUtils.java:logGet(43)) - raft.server.log.segment.size.max = 1048576 (custom)
2019-07-31 00:49:01,773 INFO  server.RaftServerConfigKeys (ConfUtils.java:logGet(43)) - raft.server.log.segment.size.max = 1048576 (custom)
2019-07-31 00:49:01,773 INFO  server.RaftServerConfigKeys (ConfUtils.java:logGet(43)) - raft.server.log.preallocated.size = 16384 (custom)
2019-07-31 00:49:01,773 INFO  server.RaftServerConfigKeys (ConfUtils.java:logGet(43)) - raft.server.log.segment.cache.num.max = 2 (custom)
2019-07-31 00:49:01,774 INFO  server.RaftServerConfigKeys (ConfUtils.java:logGet(43)) - raft.server.log.write.buffer.size = 33554432 (custom)
2019-07-31 00:49:01,774 INFO  server.RaftServerConfigKeys (ConfUtils.java:logGet(43)) - raft.server.log.segment.cache.num.max = 2 (custom)
2019-07-31 00:49:01,774 INFO  server.RaftServerConfigKeys (ConfUtils.java:logGet(43)) - raft.server.log.force.sync.num = 128 (default)
2019-07-31 00:49:01,774 INFO  segmented.SegmentedRaftLogWorker (SegmentedRaftLogWorker.java:<init>(172)) - new 57d56d22-c073-4cf9-913f-0296d8493da6-SegmentedRaftLogWorker:Storage Directory /workdir/hadoop-ozone/integration-test/target/test-dir/MiniOzoneClusterImpl-5e7578f6-c7d5-4fb0-a9a6-c5f08596d10b/datanode-2/data/ratis/8aad4de8-67eb-4193-8c2c-3efc94a02edd for RaftStorage:Storage Directory /workdir/hadoop-ozone/integration-test/target/test-dir/MiniOzoneClusterImpl-5e7578f6-c7d5-4fb0-a9a6-c5f08596d10b/datanode-2/data/ratis/8aad4de8-67eb-4193-8c2c-3efc94a02edd
2019-07-31 00:49:01,774 INFO  server.RaftServerConfigKeys (ConfUtils.java:logGet(43)) - raft.server.log.statemachine.data.sync = true (default)
2019-07-31 00:49:01,774 INFO  segmented.SegmentedRaftLogWorker (SegmentedRaftLogWorker.java:<init>(172)) - new 6035a6a3-d448-4ff9-8fe3-eebf4fa5ff66-SegmentedRaftLogWorker:Storage Directory /workdir/hadoop-ozone/integration-test/target/test-dir/MiniOzoneClusterImpl-5e7578f6-c7d5-4fb0-a9a6-c5f08596d10b/datanode-0/data/ratis/8aad4de8-67eb-4193-8c2c-3efc94a02edd for RaftStorage:Storage Directory /workdir/hadoop-ozone/integration-test/target/test-dir/MiniOzoneClusterImpl-5e7578f6-c7d5-4fb0-a9a6-c5f08596d10b/datanode-0/data/ratis/8aad4de8-67eb-4193-8c2c-3efc94a02edd
2019-07-31 00:49:01,774 INFO  server.RaftServerConfigKeys (ConfUtils.java:logGet(43)) - raft.server.log.statemachine.data.sync.timeout = 10s (default)
2019-07-31 00:49:01,774 INFO  server.RaftServerConfigKeys (ConfUtils.java:logGet(43)) - raft.server.log.queue.byte-limit = 2147483647 (custom)
2019-07-31 00:49:01,775 INFO  server.RaftServerConfigKeys (ConfUtils.java:logGet(43)) - raft.server.log.statemachine.data.sync.timeout.retry = -1 (default)
2019-07-31 00:49:01,775 INFO  server.RaftServerConfigKeys (ConfUtils.java:logGet(43)) - raft.server.log.queue.byte-limit = 2147483647 (custom)
2019-07-31 00:49:01,775 INFO  server.RaftServerConfigKeys (ConfUtils.java:logGet(43)) - raft.server.log.statemachine.data.caching.enabled = true (custom)
2019-07-31 00:49:01,775 INFO  server.RaftServerConfigKeys (ConfUtils.java:logGet(43)) - raft.server.log.queue.element-limit = 1024 (custom)
2019-07-31 00:49:01,775 INFO  server.RaftServerConfigKeys (ConfUtils.java:logGet(43)) - raft.server.log.queue.element-limit = 1024 (custom)
2019-07-31 00:49:01,776 INFO  segmented.SegmentedRaftLogWorker (SegmentedRaftLogWorker.java:lambda$new$0(132)) - 2ffbce9c-38d9-435c-bbc9-44adb415d185-SegmentedRaftLogWorker:Storage Directory /workdir/hadoop-ozone/integration-test/target/test-dir/MiniOzoneClusterImpl-5e7578f6-c7d5-4fb0-a9a6-c5f08596d10b/datanode-1/data/ratis/8aad4de8-67eb-4193-8c2c-3efc94a02edd: flushIndex: setUnconditionally 0 -> -1
2019-07-31 00:49:01,776 INFO  server.RaftServerConfigKeys (ConfUtils.java:logGet(43)) - raft.server.log.segment.size.max = 1048576 (custom)
2019-07-31 00:49:01,776 INFO  server.RaftServerConfigKeys (ConfUtils.java:logGet(43)) - raft.server.log.segment.size.max = 1048576 (custom)
2019-07-31 00:49:01,776 INFO  server.RaftServerConfigKeys (ConfUtils.java:logGet(43)) - raft.server.snapshot.auto.trigger.enabled = true (custom)
2019-07-31 00:49:01,776 INFO  server.RaftServerConfigKeys (ConfUtils.java:logGet(43)) - raft.server.log.preallocated.size = 16384 (custom)
2019-07-31 00:49:01,776 INFO  server.RaftServerConfigKeys (ConfUtils.java:logGet(43)) - raft.server.snapshot.auto.trigger.threshold = 10000 (custom)
2019-07-31 00:49:01,776 INFO  server.RaftServerConfigKeys (ConfUtils.java:logGet(43)) - raft.server.log.preallocated.size = 16384 (custom)
2019-07-31 00:49:01,777 INFO  server.RaftServerConfigKeys (ConfUtils.java:logGet(43)) - raft.server.retrycache.expirytime = 600000ms (custom)
2019-07-31 00:49:01,777 INFO  server.RaftServerConfigKeys (ConfUtils.java:logGet(43)) - raft.server.log.write.buffer.size = 33554432 (custom)
2019-07-31 00:49:01,777 INFO  server.RaftServerConfigKeys (ConfUtils.java:logGet(43)) - raft.server.log.write.buffer.size = 33554432 (custom)
2019-07-31 00:49:01,777 INFO  server.RaftServerConfigKeys (ConfUtils.java:logGet(43)) - raft.server.log.force.sync.num = 128 (default)
2019-07-31 00:49:01,777 INFO  impl.RaftServerImpl (RaftServerImpl.java:start(180)) - 2ffbce9c-38d9-435c-bbc9-44adb415d185: start group-3EFC94A02EDD
2019-07-31 00:49:01,777 INFO  server.RaftServerConfigKeys (ConfUtils.java:logGet(43)) - raft.server.log.statemachine.data.sync = true (default)
2019-07-31 00:49:01,777 INFO  server.RaftServerConfigKeys (ConfUtils.java:logGet(43)) - raft.server.log.force.sync.num = 128 (default)
2019-07-31 00:49:01,778 INFO  server.RaftServerConfigKeys (ConfUtils.java:logGet(43)) - raft.server.log.statemachine.data.sync.timeout = 10s (default)
2019-07-31 00:49:01,778 INFO  impl.RaftServerImpl (RaftServerImpl.java:setRole(171)) - 2ffbce9c-38d9-435c-bbc9-44adb415d185:group-3EFC94A02EDD changes role from null to FOLLOWER at term 0 for startAsFollower
2019-07-31 00:49:01,778 INFO  server.RaftServerConfigKeys (ConfUtils.java:logGet(43)) - raft.server.log.statemachine.data.sync.timeout.retry = -1 (default)
2019-07-31 00:49:01,778 INFO  server.RaftServerConfigKeys (ConfUtils.java:logGet(43)) - raft.server.log.statemachine.data.sync = true (default)
2019-07-31 00:49:01,778 INFO  server.RaftServerConfigKeys (ConfUtils.java:logGet(43)) - raft.server.log.statemachine.data.caching.enabled = true (custom)
2019-07-31 00:49:01,778 INFO  impl.RoleInfo (RoleInfo.java:updateAndGet(143)) - 2ffbce9c-38d9-435c-bbc9-44adb415d185: start FollowerState
2019-07-31 00:49:01,778 INFO  server.RaftServerConfigKeys (ConfUtils.java:logGet(43)) - raft.server.log.statemachine.data.sync.timeout = 10s (default)
2019-07-31 00:49:01,779 INFO  segmented.SegmentedRaftLogWorker (SegmentedRaftLogWorker.java:lambda$new$0(132)) - 57d56d22-c073-4cf9-913f-0296d8493da6-SegmentedRaftLogWorker:Storage Directory /workdir/hadoop-ozone/integration-test/target/test-dir/MiniOzoneClusterImpl-5e7578f6-c7d5-4fb0-a9a6-c5f08596d10b/datanode-2/data/ratis/8aad4de8-67eb-4193-8c2c-3efc94a02edd: flushIndex: setUnconditionally 0 -> -1
2019-07-31 00:49:01,779 INFO  server.RaftServerConfigKeys (ConfUtils.java:logGet(43)) - raft.server.log.statemachine.data.sync.timeout.retry = -1 (default)
2019-07-31 00:49:01,792 INFO  util.JmxRegister (JmxRegister.java:tryRegister(44)) - Successfully registered JMX Bean with object name Ratis:service=RaftServer,group=group-3EFC94A02EDD,id=2ffbce9c-38d9-435c-bbc9-44adb415d185
2019-07-31 00:49:01,792 INFO  server.RaftServerConfigKeys (ConfUtils.java:logGet(43)) - raft.server.snapshot.auto.trigger.enabled = true (custom)
2019-07-31 00:49:01,792 INFO  server.RaftServerConfigKeys (ConfUtils.java:logGet(43)) - raft.server.log.statemachine.data.caching.enabled = true (custom)
2019-07-31 00:49:01,792 INFO  server.RaftServerConfigKeys (ConfUtils.java:logGet(43)) - raft.server.snapshot.auto.trigger.threshold = 10000 (custom)
2019-07-31 00:49:01,800 INFO  segmented.SegmentedRaftLogWorker (SegmentedRaftLogWorker.java:lambda$new$0(132)) - 6035a6a3-d448-4ff9-8fe3-eebf4fa5ff66-SegmentedRaftLogWorker:Storage Directory /workdir/hadoop-ozone/integration-test/target/test-dir/MiniOzoneClusterImpl-5e7578f6-c7d5-4fb0-a9a6-c5f08596d10b/datanode-0/data/ratis/8aad4de8-67eb-4193-8c2c-3efc94a02edd: flushIndex: setUnconditionally 0 -> -1
2019-07-31 00:49:01,800 INFO  server.RaftServerConfigKeys (ConfUtils.java:logGet(43)) - raft.server.retrycache.expirytime = 600000ms (custom)
2019-07-31 00:49:01,801 INFO  server.RaftServerConfigKeys (ConfUtils.java:logGet(43)) - raft.server.snapshot.auto.trigger.enabled = true (custom)
2019-07-31 00:49:01,801 INFO  impl.RaftServerImpl (RaftServerImpl.java:start(180)) - 57d56d22-c073-4cf9-913f-0296d8493da6: start group-3EFC94A02EDD
2019-07-31 00:49:01,801 INFO  server.RaftServerConfigKeys (ConfUtils.java:logGet(43)) - raft.server.snapshot.auto.trigger.threshold = 10000 (custom)
2019-07-31 00:49:01,801 INFO  impl.RaftServerImpl (RaftServerImpl.java:setRole(171)) - 57d56d22-c073-4cf9-913f-0296d8493da6:group-3EFC94A02EDD changes role from null to FOLLOWER at term 0 for startAsFollower
2019-07-31 00:49:01,801 INFO  server.RaftServerConfigKeys (ConfUtils.java:logGet(43)) - raft.server.retrycache.expirytime = 600000ms (custom)
2019-07-31 00:49:01,801 INFO  impl.RoleInfo (RoleInfo.java:updateAndGet(143)) - 57d56d22-c073-4cf9-913f-0296d8493da6: start FollowerState
2019-07-31 00:49:01,801 INFO  impl.RaftServerImpl (RaftServerImpl.java:start(180)) - 6035a6a3-d448-4ff9-8fe3-eebf4fa5ff66: start group-3EFC94A02EDD
2019-07-31 00:49:01,802 INFO  impl.RaftServerImpl (RaftServerImpl.java:setRole(171)) - 6035a6a3-d448-4ff9-8fe3-eebf4fa5ff66:group-3EFC94A02EDD changes role from null to FOLLOWER at term 0 for startAsFollower
2019-07-31 00:49:01,802 INFO  impl.RoleInfo (RoleInfo.java:updateAndGet(143)) - 6035a6a3-d448-4ff9-8fe3-eebf4fa5ff66: start FollowerState
2019-07-31 00:49:01,802 INFO  util.JmxRegister (JmxRegister.java:tryRegister(44)) - Successfully registered JMX Bean with object name Ratis:service=RaftServer,group=group-3EFC94A02EDD,id=57d56d22-c073-4cf9-913f-0296d8493da6
2019-07-31 00:49:01,802 INFO  util.JmxRegister (JmxRegister.java:tryRegister(44)) - Successfully registered JMX Bean with object name Ratis:service=RaftServer,group=group-3EFC94A02EDD,id=6035a6a3-d448-4ff9-8fe3-eebf4fa5ff66
2019-07-31 00:49:01,806 INFO  pipeline.PipelineStateManager (PipelineStateManager.java:addPipeline(56)) - Created pipeline Pipeline[ Id: 8aad4de8-67eb-4193-8c2c-3efc94a02edd, Nodes: 2ffbce9c-38d9-435c-bbc9-44adb415d185{ip: 192.168.69.114, host: byscane-nightly-8jrs9-2386324885, networkLocation: /default-rack, certSerialId: null}6035a6a3-d448-4ff9-8fe3-eebf4fa5ff66{ip: 192.168.69.114, host: byscane-nightly-8jrs9-2386324885, networkLocation: /default-rack, certSerialId: null}57d56d22-c073-4cf9-913f-0296d8493da6{ip: 192.168.69.114, host: byscane-nightly-8jrs9-2386324885, networkLocation: /default-rack, certSerialId: null}, Type:RATIS, Factor:THREE, State:OPEN]
2019-07-31 00:49:01,819 INFO  net.NetworkTopology (NetworkTopologyImpl.java:add(110)) - Added a new node: /default-rack/f34c4c6f-d2eb-407d-ac06-47c21c7abed1
2019-07-31 00:49:01,820 INFO  node.SCMNodeManager (SCMNodeManager.java:register(273)) - Registered Data node : f34c4c6f-d2eb-407d-ac06-47c21c7abed1{ip: 192.168.69.114, host: byscane-nightly-8jrs9-2386324885, networkLocation: /default-rack, certSerialId: null}
2019-07-31 00:49:01,829 INFO  impl.RaftServerProxy (RaftServerProxy.java:addNew(89)) - f34c4c6f-d2eb-407d-ac06-47c21c7abed1: addNew group-9EED6E166ED7:[f34c4c6f-d2eb-407d-ac06-47c21c7abed1:192.168.69.114:34313] returns group-9EED6E166ED7:java.util.concurrent.CompletableFuture@42e70125[Not completed]
2019-07-31 00:49:01,836 INFO  impl.RaftServerImpl (RaftServerImpl.java:<init>(93)) - f34c4c6f-d2eb-407d-ac06-47c21c7abed1: new RaftServerImpl for group-9EED6E166ED7:[f34c4c6f-d2eb-407d-ac06-47c21c7abed1:192.168.69.114:34313] with ContainerStateMachine:uninitialized
2019-07-31 00:49:01,836 INFO  server.RaftServerConfigKeys (ConfUtils.java:logGet(43)) - raft.server.rpc.timeout.min = 5s (custom)
2019-07-31 00:49:01,836 INFO  server.RaftServerConfigKeys (ConfUtils.java:logGet(43)) - raft.server.rpc.timeout.max = 5200ms (custom)
2019-07-31 00:49:01,836 INFO  server.RaftServerConfigKeys (ConfUtils.java:logGet(43)) - raft.server.rpcslowness.timeout = 120s (custom)
2019-07-31 00:49:01,836 INFO  server.RaftServerConfigKeys (ConfUtils.java:logGet(43)) - raft.server.sleep.deviation.threshold = 300 (default)
2019-07-31 00:49:01,836 INFO  server.RaftServerConfigKeys (ConfUtils.java:logGet(43)) - raft.server.log.appender.install.snapshot.enabled = false (custom)
2019-07-31 00:49:01,837 INFO  impl.RaftServerImpl (ServerState.java:<init>(105)) - f34c4c6f-d2eb-407d-ac06-47c21c7abed1:group-9EED6E166ED7 ConfigurationManager, init=-1: [f34c4c6f-d2eb-407d-ac06-47c21c7abed1:192.168.69.114:34313], old=null, confs=<EMPTY_MAP>
2019-07-31 00:49:01,837 INFO  server.RaftServerConfigKeys (ConfUtils.java:logGet(43)) - raft.server.storage.dir = [/workdir/hadoop-ozone/integration-test/target/test-dir/MiniOzoneClusterImpl-5e7578f6-c7d5-4fb0-a9a6-c5f08596d10b/datanode-3/data/ratis] (custom)
2019-07-31 00:49:01,837 INFO  storage.RaftStorageDirectory (RaftStorageDirectory.java:analyzeStorage(246)) - The storage directory /workdir/hadoop-ozone/integration-test/target/test-dir/MiniOzoneClusterImpl-5e7578f6-c7d5-4fb0-a9a6-c5f08596d10b/datanode-3/data/ratis/99aafdbe-3ca9-40b5-9a33-9eed6e166ed7 does not exist. Creating ...
2019-07-31 00:49:01,851 INFO  storage.RaftStorageDirectory (RaftStorageDirectory.java:tryLock(328)) - Lock on /workdir/hadoop-ozone/integration-test/target/test-dir/MiniOzoneClusterImpl-5e7578f6-c7d5-4fb0-a9a6-c5f08596d10b/datanode-3/data/ratis/99aafdbe-3ca9-40b5-9a33-9eed6e166ed7/in_use.lock acquired by nodename 6174@byscane-nightly-8jrs9-2386324885
2019-07-31 00:49:01,863 INFO  storage.RaftStorage (RaftStorage.java:format(72)) - Storage directory /workdir/hadoop-ozone/integration-test/target/test-dir/MiniOzoneClusterImpl-5e7578f6-c7d5-4fb0-a9a6-c5f08596d10b/datanode-3/data/ratis/99aafdbe-3ca9-40b5-9a33-9eed6e166ed7 has been successfully formatted.
2019-07-31 00:49:01,863 INFO  ratis.ContainerStateMachine (ContainerStateMachine.java:loadSnapshot(213)) - group-9EED6E166ED7: The snapshot info is null. Setting the last applied indexto:(t:0, i:~)
2019-07-31 00:49:01,864 INFO  server.RaftServerConfigKeys (ConfUtils.java:logGet(43)) - raft.server.leader.election.timeout = 120s (custom)
2019-07-31 00:49:01,864 INFO  server.RaftServerConfigKeys (ConfUtils.java:logGet(43)) - raft.server.log.use.memory = false (default)
2019-07-31 00:49:01,864 INFO  server.RaftServerConfigKeys (ConfUtils.java:logGet(43)) - raft.server.log.purge.gap = 1000000000 (custom)
2019-07-31 00:49:01,864 INFO  server.RaftServerConfigKeys (ConfUtils.java:logGet(43)) - raft.server.log.appender.buffer.byte-limit = 33554432 (custom)
2019-07-31 00:49:01,864 INFO  server.RaftServerConfigKeys (ConfUtils.java:logGet(43)) - raft.server.log.segment.size.max = 1048576 (custom)
2019-07-31 00:49:01,864 INFO  server.RaftServerConfigKeys (ConfUtils.java:logGet(43)) - raft.server.log.segment.cache.num.max = 2 (custom)
2019-07-31 00:49:01,865 INFO  segmented.SegmentedRaftLogWorker (SegmentedRaftLogWorker.java:<init>(172)) - new f34c4c6f-d2eb-407d-ac06-47c21c7abed1-SegmentedRaftLogWorker:Storage Directory /workdir/hadoop-ozone/integration-test/target/test-dir/MiniOzoneClusterImpl-5e7578f6-c7d5-4fb0-a9a6-c5f08596d10b/datanode-3/data/ratis/99aafdbe-3ca9-40b5-9a33-9eed6e166ed7 for RaftStorage:Storage Directory /workdir/hadoop-ozone/integration-test/target/test-dir/MiniOzoneClusterImpl-5e7578f6-c7d5-4fb0-a9a6-c5f08596d10b/datanode-3/data/ratis/99aafdbe-3ca9-40b5-9a33-9eed6e166ed7
2019-07-31 00:49:01,865 INFO  server.RaftServerConfigKeys (ConfUtils.java:logGet(43)) - raft.server.log.queue.byte-limit = 2147483647 (custom)
2019-07-31 00:49:01,865 INFO  server.RaftServerConfigKeys (ConfUtils.java:logGet(43)) - raft.server.log.queue.element-limit = 1024 (custom)
2019-07-31 00:49:01,865 INFO  server.RaftServerConfigKeys (ConfUtils.java:logGet(43)) - raft.server.log.segment.size.max = 1048576 (custom)
2019-07-31 00:49:01,865 INFO  server.RaftServerConfigKeys (ConfUtils.java:logGet(43)) - raft.server.log.preallocated.size = 16384 (custom)
2019-07-31 00:49:01,866 INFO  server.RaftServerConfigKeys (ConfUtils.java:logGet(43)) - raft.server.log.write.buffer.size = 33554432 (custom)
2019-07-31 00:49:01,866 INFO  server.RaftServerConfigKeys (ConfUtils.java:logGet(43)) - raft.server.log.force.sync.num = 128 (default)
2019-07-31 00:49:01,866 INFO  server.RaftServerConfigKeys (ConfUtils.java:logGet(43)) - raft.server.log.statemachine.data.sync = true (default)
2019-07-31 00:49:01,866 INFO  server.RaftServerConfigKeys (ConfUtils.java:logGet(43)) - raft.server.log.statemachine.data.sync.timeout = 10s (default)
2019-07-31 00:49:01,866 INFO  server.RaftServerConfigKeys (ConfUtils.java:logGet(43)) - raft.server.log.statemachine.data.sync.timeout.retry = -1 (default)
2019-07-31 00:49:01,867 INFO  server.RaftServerConfigKeys (ConfUtils.java:logGet(43)) - raft.server.log.statemachine.data.caching.enabled = true (custom)
2019-07-31 00:49:01,867 INFO  segmented.SegmentedRaftLogWorker (SegmentedRaftLogWorker.java:lambda$new$0(132)) - f34c4c6f-d2eb-407d-ac06-47c21c7abed1-SegmentedRaftLogWorker:Storage Directory /workdir/hadoop-ozone/integration-test/target/test-dir/MiniOzoneClusterImpl-5e7578f6-c7d5-4fb0-a9a6-c5f08596d10b/datanode-3/data/ratis/99aafdbe-3ca9-40b5-9a33-9eed6e166ed7: flushIndex: setUnconditionally 0 -> -1
2019-07-31 00:49:01,867 INFO  server.RaftServerConfigKeys (ConfUtils.java:logGet(43)) - raft.server.snapshot.auto.trigger.enabled = true (custom)
2019-07-31 00:49:01,867 INFO  server.RaftServerConfigKeys (ConfUtils.java:logGet(43)) - raft.server.snapshot.auto.trigger.threshold = 10000 (custom)
2019-07-31 00:49:01,868 INFO  server.RaftServerConfigKeys (ConfUtils.java:logGet(43)) - raft.server.retrycache.expirytime = 600000ms (custom)
2019-07-31 00:49:01,868 INFO  impl.RaftServerImpl (RaftServerImpl.java:start(180)) - f34c4c6f-d2eb-407d-ac06-47c21c7abed1: start group-9EED6E166ED7
2019-07-31 00:49:01,868 INFO  impl.RaftServerImpl (RaftServerImpl.java:setRole(171)) - f34c4c6f-d2eb-407d-ac06-47c21c7abed1:group-9EED6E166ED7 changes role from null to FOLLOWER at term 0 for startAsFollower
2019-07-31 00:49:01,868 INFO  impl.RoleInfo (RoleInfo.java:updateAndGet(143)) - f34c4c6f-d2eb-407d-ac06-47c21c7abed1: start FollowerState
2019-07-31 00:49:01,869 INFO  util.JmxRegister (JmxRegister.java:tryRegister(44)) - Successfully registered JMX Bean with object name Ratis:service=RaftServer,group=group-9EED6E166ED7,id=f34c4c6f-d2eb-407d-ac06-47c21c7abed1
2019-07-31 00:49:01,871 INFO  pipeline.PipelineStateManager (PipelineStateManager.java:addPipeline(56)) - Created pipeline Pipeline[ Id: 99aafdbe-3ca9-40b5-9a33-9eed6e166ed7, Nodes: f34c4c6f-d2eb-407d-ac06-47c21c7abed1{ip: 192.168.69.114, host: byscane-nightly-8jrs9-2386324885, networkLocation: /default-rack, certSerialId: null}, Type:RATIS, Factor:ONE, State:OPEN]
2019-07-31 00:49:02,081 INFO  net.NetworkTopology (NetworkTopologyImpl.java:add(110)) - Added a new node: /default-rack/592200f1-3e1f-45d0-86ec-8b332dbc6e1e
2019-07-31 00:49:02,081 INFO  node.SCMNodeManager (SCMNodeManager.java:register(273)) - Registered Data node : 592200f1-3e1f-45d0-86ec-8b332dbc6e1e{ip: 192.168.69.114, host: byscane-nightly-8jrs9-2386324885, networkLocation: /default-rack, certSerialId: null}
2019-07-31 00:49:02,097 INFO  impl.RaftServerProxy (RaftServerProxy.java:addNew(89)) - 592200f1-3e1f-45d0-86ec-8b332dbc6e1e: addNew group-B4DB5C5AC6A0:[592200f1-3e1f-45d0-86ec-8b332dbc6e1e:192.168.69.114:32846] returns group-B4DB5C5AC6A0:java.util.concurrent.CompletableFuture@3cfe2288[Not completed]
2019-07-31 00:49:02,104 INFO  impl.RaftServerImpl (RaftServerImpl.java:<init>(93)) - 592200f1-3e1f-45d0-86ec-8b332dbc6e1e: new RaftServerImpl for group-B4DB5C5AC6A0:[592200f1-3e1f-45d0-86ec-8b332dbc6e1e:192.168.69.114:32846] with ContainerStateMachine:uninitialized
2019-07-31 00:49:02,104 INFO  server.RaftServerConfigKeys (ConfUtils.java:logGet(43)) - raft.server.rpc.timeout.min = 5s (custom)
2019-07-31 00:49:02,105 INFO  server.RaftServerConfigKeys (ConfUtils.java:logGet(43)) - raft.server.rpc.timeout.max = 5200ms (custom)
2019-07-31 00:49:02,105 INFO  server.RaftServerConfigKeys (ConfUtils.java:logGet(43)) - raft.server.rpcslowness.timeout = 120s (custom)
2019-07-31 00:49:02,105 INFO  server.RaftServerConfigKeys (ConfUtils.java:logGet(43)) - raft.server.sleep.deviation.threshold = 300 (default)
2019-07-31 00:49:02,105 INFO  server.RaftServerConfigKeys (ConfUtils.java:logGet(43)) - raft.server.log.appender.install.snapshot.enabled = false (custom)
2019-07-31 00:49:02,105 INFO  impl.RaftServerImpl (ServerState.java:<init>(105)) - 592200f1-3e1f-45d0-86ec-8b332dbc6e1e:group-B4DB5C5AC6A0 ConfigurationManager, init=-1: [592200f1-3e1f-45d0-86ec-8b332dbc6e1e:192.168.69.114:32846], old=null, confs=<EMPTY_MAP>
2019-07-31 00:49:02,105 INFO  server.RaftServerConfigKeys (ConfUtils.java:logGet(43)) - raft.server.storage.dir = [/workdir/hadoop-ozone/integration-test/target/test-dir/MiniOzoneClusterImpl-5e7578f6-c7d5-4fb0-a9a6-c5f08596d10b/datanode-4/data/ratis] (custom)
2019-07-31 00:49:02,106 INFO  storage.RaftStorageDirectory (RaftStorageDirectory.java:analyzeStorage(246)) - The storage directory /workdir/hadoop-ozone/integration-test/target/test-dir/MiniOzoneClusterImpl-5e7578f6-c7d5-4fb0-a9a6-c5f08596d10b/datanode-4/data/ratis/39056b2a-e0be-47e0-bc52-b4db5c5ac6a0 does not exist. Creating ...
2019-07-31 00:49:02,119 INFO  storage.RaftStorageDirectory (RaftStorageDirectory.java:tryLock(328)) - Lock on /workdir/hadoop-ozone/integration-test/target/test-dir/MiniOzoneClusterImpl-5e7578f6-c7d5-4fb0-a9a6-c5f08596d10b/datanode-4/data/ratis/39056b2a-e0be-47e0-bc52-b4db5c5ac6a0/in_use.lock acquired by nodename 6174@byscane-nightly-8jrs9-2386324885
2019-07-31 00:49:02,132 INFO  storage.RaftStorage (RaftStorage.java:format(72)) - Storage directory /workdir/hadoop-ozone/integration-test/target/test-dir/MiniOzoneClusterImpl-5e7578f6-c7d5-4fb0-a9a6-c5f08596d10b/datanode-4/data/ratis/39056b2a-e0be-47e0-bc52-b4db5c5ac6a0 has been successfully formatted.
2019-07-31 00:49:02,133 INFO  ratis.ContainerStateMachine (ContainerStateMachine.java:loadSnapshot(213)) - group-B4DB5C5AC6A0: The snapshot info is null. Setting the last applied indexto:(t:0, i:~)
2019-07-31 00:49:02,133 INFO  server.RaftServerConfigKeys (ConfUtils.java:logGet(43)) - raft.server.leader.election.timeout = 120s (custom)
2019-07-31 00:49:02,133 INFO  server.RaftServerConfigKeys (ConfUtils.java:logGet(43)) - raft.server.log.use.memory = false (default)
2019-07-31 00:49:02,133 INFO  server.RaftServerConfigKeys (ConfUtils.java:logGet(43)) - raft.server.log.purge.gap = 1000000000 (custom)
2019-07-31 00:49:02,134 INFO  server.RaftServerConfigKeys (ConfUtils.java:logGet(43)) - raft.server.log.appender.buffer.byte-limit = 33554432 (custom)
2019-07-31 00:49:02,134 INFO  server.RaftServerConfigKeys (ConfUtils.java:logGet(43)) - raft.server.log.segment.size.max = 1048576 (custom)
2019-07-31 00:49:02,134 INFO  server.RaftServerConfigKeys (ConfUtils.java:logGet(43)) - raft.server.log.segment.cache.num.max = 2 (custom)
2019-07-31 00:49:02,134 INFO  segmented.SegmentedRaftLogWorker (SegmentedRaftLogWorker.java:<init>(172)) - new 592200f1-3e1f-45d0-86ec-8b332dbc6e1e-SegmentedRaftLogWorker:Storage Directory /workdir/hadoop-ozone/integration-test/target/test-dir/MiniOzoneClusterImpl-5e7578f6-c7d5-4fb0-a9a6-c5f08596d10b/datanode-4/data/ratis/39056b2a-e0be-47e0-bc52-b4db5c5ac6a0 for RaftStorage:Storage Directory /workdir/hadoop-ozone/integration-test/target/test-dir/MiniOzoneClusterImpl-5e7578f6-c7d5-4fb0-a9a6-c5f08596d10b/datanode-4/data/ratis/39056b2a-e0be-47e0-bc52-b4db5c5ac6a0
2019-07-31 00:49:02,134 INFO  server.RaftServerConfigKeys (ConfUtils.java:logGet(43)) - raft.server.log.queue.byte-limit = 2147483647 (custom)
2019-07-31 00:49:02,135 INFO  server.RaftServerConfigKeys (ConfUtils.java:logGet(43)) - raft.server.log.queue.element-limit = 1024 (custom)
2019-07-31 00:49:02,135 INFO  server.RaftServerConfigKeys (ConfUtils.java:logGet(43)) - raft.server.log.segment.size.max = 1048576 (custom)
2019-07-31 00:49:02,135 INFO  server.RaftServerConfigKeys (ConfUtils.java:logGet(43)) - raft.server.log.preallocated.size = 16384 (custom)
2019-07-31 00:49:02,135 INFO  server.RaftServerConfigKeys (ConfUtils.java:logGet(43)) - raft.server.log.write.buffer.size = 33554432 (custom)
2019-07-31 00:49:02,136 INFO  server.RaftServerConfigKeys (ConfUtils.java:logGet(43)) - raft.server.log.force.sync.num = 128 (default)
2019-07-31 00:49:02,136 INFO  server.RaftServerConfigKeys (ConfUtils.java:logGet(43)) - raft.server.log.statemachine.data.sync = true (default)
2019-07-31 00:49:02,136 INFO  server.RaftServerConfigKeys (ConfUtils.java:logGet(43)) - raft.server.log.statemachine.data.sync.timeout = 10s (default)
2019-07-31 00:49:02,136 INFO  server.RaftServerConfigKeys (ConfUtils.java:logGet(43)) - raft.server.log.statemachine.data.sync.timeout.retry = -1 (default)
2019-07-31 00:49:02,136 INFO  server.RaftServerConfigKeys (ConfUtils.java:logGet(43)) - raft.server.log.statemachine.data.caching.enabled = true (custom)
2019-07-31 00:49:02,137 INFO  segmented.SegmentedRaftLogWorker (SegmentedRaftLogWorker.java:lambda$new$0(132)) - 592200f1-3e1f-45d0-86ec-8b332dbc6e1e-SegmentedRaftLogWorker:Storage Directory /workdir/hadoop-ozone/integration-test/target/test-dir/MiniOzoneClusterImpl-5e7578f6-c7d5-4fb0-a9a6-c5f08596d10b/datanode-4/data/ratis/39056b2a-e0be-47e0-bc52-b4db5c5ac6a0: flushIndex: setUnconditionally 0 -> -1
2019-07-31 00:49:02,137 INFO  server.RaftServerConfigKeys (ConfUtils.java:logGet(43)) - raft.server.snapshot.auto.trigger.enabled = true (custom)
2019-07-31 00:49:02,138 INFO  server.RaftServerConfigKeys (ConfUtils.java:logGet(43)) - raft.server.snapshot.auto.trigger.threshold = 10000 (custom)
2019-07-31 00:49:02,138 INFO  server.RaftServerConfigKeys (ConfUtils.java:logGet(43)) - raft.server.retrycache.expirytime = 600000ms (custom)
2019-07-31 00:49:02,138 INFO  impl.RaftServerImpl (RaftServerImpl.java:start(180)) - 592200f1-3e1f-45d0-86ec-8b332dbc6e1e: start group-B4DB5C5AC6A0
2019-07-31 00:49:02,138 INFO  impl.RaftServerImpl (RaftServerImpl.java:setRole(171)) - 592200f1-3e1f-45d0-86ec-8b332dbc6e1e:group-B4DB5C5AC6A0 changes role from null to FOLLOWER at term 0 for startAsFollower
2019-07-31 00:49:02,139 INFO  impl.RoleInfo (RoleInfo.java:updateAndGet(143)) - 592200f1-3e1f-45d0-86ec-8b332dbc6e1e: start FollowerState
2019-07-31 00:49:02,139 INFO  util.JmxRegister (JmxRegister.java:tryRegister(44)) - Successfully registered JMX Bean with object name Ratis:service=RaftServer,group=group-B4DB5C5AC6A0,id=592200f1-3e1f-45d0-86ec-8b332dbc6e1e
2019-07-31 00:49:02,143 INFO  pipeline.PipelineStateManager (PipelineStateManager.java:addPipeline(56)) - Created pipeline Pipeline[ Id: 39056b2a-e0be-47e0-bc52-b4db5c5ac6a0, Nodes: 592200f1-3e1f-45d0-86ec-8b332dbc6e1e{ip: 192.168.69.114, host: byscane-nightly-8jrs9-2386324885, networkLocation: /default-rack, certSerialId: null}, Type:RATIS, Factor:ONE, State:OPEN]
2019-07-31 00:49:02,265 INFO  net.NetworkTopology (NetworkTopologyImpl.java:add(110)) - Added a new node: /default-rack/ea6a2b66-52a7-40dd-bf1f-b91ff39ef7ab
2019-07-31 00:49:02,265 INFO  node.SCMNodeManager (SCMNodeManager.java:register(273)) - Registered Data node : ea6a2b66-52a7-40dd-bf1f-b91ff39ef7ab{ip: 192.168.69.114, host: byscane-nightly-8jrs9-2386324885, networkLocation: /default-rack, certSerialId: null}
2019-07-31 00:49:02,276 INFO  impl.RaftServerProxy (RaftServerProxy.java:addNew(89)) - ea6a2b66-52a7-40dd-bf1f-b91ff39ef7ab: addNew group-A285D15AC18E:[ea6a2b66-52a7-40dd-bf1f-b91ff39ef7ab:192.168.69.114:42146] returns group-A285D15AC18E:java.util.concurrent.CompletableFuture@341f6087[Not completed]
2019-07-31 00:49:02,282 INFO  impl.RaftServerImpl (RaftServerImpl.java:<init>(93)) - ea6a2b66-52a7-40dd-bf1f-b91ff39ef7ab: new RaftServerImpl for group-A285D15AC18E:[ea6a2b66-52a7-40dd-bf1f-b91ff39ef7ab:192.168.69.114:42146] with ContainerStateMachine:uninitialized
2019-07-31 00:49:02,283 INFO  server.RaftServerConfigKeys (ConfUtils.java:logGet(43)) - raft.server.rpc.timeout.min = 5s (custom)
2019-07-31 00:49:02,283 INFO  server.RaftServerConfigKeys (ConfUtils.java:logGet(43)) - raft.server.rpc.timeout.max = 5200ms (custom)
2019-07-31 00:49:02,283 INFO  server.RaftServerConfigKeys (ConfUtils.java:logGet(43)) - raft.server.rpcslowness.timeout = 120s (custom)
2019-07-31 00:49:02,283 INFO  server.RaftServerConfigKeys (ConfUtils.java:logGet(43)) - raft.server.sleep.deviation.threshold = 300 (default)
2019-07-31 00:49:02,283 INFO  server.RaftServerConfigKeys (ConfUtils.java:logGet(43)) - raft.server.log.appender.install.snapshot.enabled = false (custom)
2019-07-31 00:49:02,284 INFO  impl.RaftServerImpl (ServerState.java:<init>(105)) - ea6a2b66-52a7-40dd-bf1f-b91ff39ef7ab:group-A285D15AC18E ConfigurationManager, init=-1: [ea6a2b66-52a7-40dd-bf1f-b91ff39ef7ab:192.168.69.114:42146], old=null, confs=<EMPTY_MAP>
2019-07-31 00:49:02,284 INFO  server.RaftServerConfigKeys (ConfUtils.java:logGet(43)) - raft.server.storage.dir = [/workdir/hadoop-ozone/integration-test/target/test-dir/MiniOzoneClusterImpl-5e7578f6-c7d5-4fb0-a9a6-c5f08596d10b/datanode-5/data/ratis] (custom)
2019-07-31 00:49:02,284 INFO  storage.RaftStorageDirectory (RaftStorageDirectory.java:analyzeStorage(246)) - The storage directory /workdir/hadoop-ozone/integration-test/target/test-dir/MiniOzoneClusterImpl-5e7578f6-c7d5-4fb0-a9a6-c5f08596d10b/datanode-5/data/ratis/de5ae3b0-d23b-4bf8-aa87-a285d15ac18e does not exist. Creating ...
2019-07-31 00:49:02,298 INFO  storage.RaftStorageDirectory (RaftStorageDirectory.java:tryLock(328)) - Lock on /workdir/hadoop-ozone/integration-test/target/test-dir/MiniOzoneClusterImpl-5e7578f6-c7d5-4fb0-a9a6-c5f08596d10b/datanode-5/data/ratis/de5ae3b0-d23b-4bf8-aa87-a285d15ac18e/in_use.lock acquired by nodename 6174@byscane-nightly-8jrs9-2386324885
2019-07-31 00:49:02,311 INFO  storage.RaftStorage (RaftStorage.java:format(72)) - Storage directory /workdir/hadoop-ozone/integration-test/target/test-dir/MiniOzoneClusterImpl-5e7578f6-c7d5-4fb0-a9a6-c5f08596d10b/datanode-5/data/ratis/de5ae3b0-d23b-4bf8-aa87-a285d15ac18e has been successfully formatted.
2019-07-31 00:49:02,312 INFO  ratis.ContainerStateMachine (ContainerStateMachine.java:loadSnapshot(213)) - group-A285D15AC18E: The snapshot info is null. Setting the last applied indexto:(t:0, i:~)
2019-07-31 00:49:02,312 INFO  server.RaftServerConfigKeys (ConfUtils.java:logGet(43)) - raft.server.leader.election.timeout = 120s (custom)
2019-07-31 00:49:02,312 INFO  server.RaftServerConfigKeys (ConfUtils.java:logGet(43)) - raft.server.log.use.memory = false (default)
2019-07-31 00:49:02,312 INFO  server.RaftServerConfigKeys (ConfUtils.java:logGet(43)) - raft.server.log.purge.gap = 1000000000 (custom)
2019-07-31 00:49:02,313 INFO  server.RaftServerConfigKeys (ConfUtils.java:logGet(43)) - raft.server.log.appender.buffer.byte-limit = 33554432 (custom)
2019-07-31 00:49:02,313 INFO  server.RaftServerConfigKeys (ConfUtils.java:logGet(43)) - raft.server.log.segment.size.max = 1048576 (custom)
2019-07-31 00:49:02,313 INFO  server.RaftServerConfigKeys (ConfUtils.java:logGet(43)) - raft.server.log.segment.cache.num.max = 2 (custom)
2019-07-31 00:49:02,313 INFO  segmented.SegmentedRaftLogWorker (SegmentedRaftLogWorker.java:<init>(172)) - new ea6a2b66-52a7-40dd-bf1f-b91ff39ef7ab-SegmentedRaftLogWorker:Storage Directory /workdir/hadoop-ozone/integration-test/target/test-dir/MiniOzoneClusterImpl-5e7578f6-c7d5-4fb0-a9a6-c5f08596d10b/datanode-5/data/ratis/de5ae3b0-d23b-4bf8-aa87-a285d15ac18e for RaftStorage:Storage Directory /workdir/hadoop-ozone/integration-test/target/test-dir/MiniOzoneClusterImpl-5e7578f6-c7d5-4fb0-a9a6-c5f08596d10b/datanode-5/data/ratis/de5ae3b0-d23b-4bf8-aa87-a285d15ac18e
2019-07-31 00:49:02,313 INFO  server.RaftServerConfigKeys (ConfUtils.java:logGet(43)) - raft.server.log.queue.byte-limit = 2147483647 (custom)
2019-07-31 00:49:02,314 INFO  server.RaftServerConfigKeys (ConfUtils.java:logGet(43)) - raft.server.log.queue.element-limit = 1024 (custom)
2019-07-31 00:49:02,314 INFO  server.RaftServerConfigKeys (ConfUtils.java:logGet(43)) - raft.server.log.segment.size.max = 1048576 (custom)
2019-07-31 00:49:02,314 INFO  server.RaftServerConfigKeys (ConfUtils.java:logGet(43)) - raft.server.log.preallocated.size = 16384 (custom)
2019-07-31 00:49:02,314 INFO  server.RaftServerConfigKeys (ConfUtils.java:logGet(43)) - raft.server.log.write.buffer.size = 33554432 (custom)
2019-07-31 00:49:02,314 INFO  server.RaftServerConfigKeys (ConfUtils.java:logGet(43)) - raft.server.log.force.sync.num = 128 (default)
2019-07-31 00:49:02,315 INFO  server.RaftServerConfigKeys (ConfUtils.java:logGet(43)) - raft.server.log.statemachine.data.sync = true (default)
2019-07-31 00:49:02,315 INFO  server.RaftServerConfigKeys (ConfUtils.java:logGet(43)) - raft.server.log.statemachine.data.sync.timeout = 10s (default)
2019-07-31 00:49:02,315 INFO  server.RaftServerConfigKeys (ConfUtils.java:logGet(43)) - raft.server.log.statemachine.data.sync.timeout.retry = -1 (default)
2019-07-31 00:49:02,315 INFO  server.RaftServerConfigKeys (ConfUtils.java:logGet(43)) - raft.server.log.statemachine.data.caching.enabled = true (custom)
2019-07-31 00:49:02,316 INFO  segmented.SegmentedRaftLogWorker (SegmentedRaftLogWorker.java:lambda$new$0(132)) - ea6a2b66-52a7-40dd-bf1f-b91ff39ef7ab-SegmentedRaftLogWorker:Storage Directory /workdir/hadoop-ozone/integration-test/target/test-dir/MiniOzoneClusterImpl-5e7578f6-c7d5-4fb0-a9a6-c5f08596d10b/datanode-5/data/ratis/de5ae3b0-d23b-4bf8-aa87-a285d15ac18e: flushIndex: setUnconditionally 0 -> -1
2019-07-31 00:49:02,316 INFO  server.RaftServerConfigKeys (ConfUtils.java:logGet(43)) - raft.server.snapshot.auto.trigger.enabled = true (custom)
2019-07-31 00:49:02,316 INFO  server.RaftServerConfigKeys (ConfUtils.java:logGet(43)) - raft.server.snapshot.auto.trigger.threshold = 10000 (custom)
2019-07-31 00:49:02,317 INFO  server.RaftServerConfigKeys (ConfUtils.java:logGet(43)) - raft.server.retrycache.expirytime = 600000ms (custom)
2019-07-31 00:49:02,317 INFO  impl.RaftServerImpl (RaftServerImpl.java:start(180)) - ea6a2b66-52a7-40dd-bf1f-b91ff39ef7ab: start group-A285D15AC18E
2019-07-31 00:49:02,317 INFO  impl.RaftServerImpl (RaftServerImpl.java:setRole(171)) - ea6a2b66-52a7-40dd-bf1f-b91ff39ef7ab:group-A285D15AC18E changes role from null to FOLLOWER at term 0 for startAsFollower
2019-07-31 00:49:02,317 INFO  impl.RoleInfo (RoleInfo.java:updateAndGet(143)) - ea6a2b66-52a7-40dd-bf1f-b91ff39ef7ab: start FollowerState
2019-07-31 00:49:02,318 INFO  util.JmxRegister (JmxRegister.java:tryRegister(44)) - Successfully registered JMX Bean with object name Ratis:service=RaftServer,group=group-A285D15AC18E,id=ea6a2b66-52a7-40dd-bf1f-b91ff39ef7ab
2019-07-31 00:49:02,321 INFO  pipeline.PipelineStateManager (PipelineStateManager.java:addPipeline(56)) - Created pipeline Pipeline[ Id: de5ae3b0-d23b-4bf8-aa87-a285d15ac18e, Nodes: ea6a2b66-52a7-40dd-bf1f-b91ff39ef7ab{ip: 192.168.69.114, host: byscane-nightly-8jrs9-2386324885, networkLocation: /default-rack, certSerialId: null}, Type:RATIS, Factor:ONE, State:OPEN]
2019-07-31 00:49:02,336 INFO  impl.RaftServerProxy (RaftServerProxy.java:addNew(89)) - 592200f1-3e1f-45d0-86ec-8b332dbc6e1e: addNew group-789CA09DFC1D:[ea6a2b66-52a7-40dd-bf1f-b91ff39ef7ab:192.168.69.114:42146, 592200f1-3e1f-45d0-86ec-8b332dbc6e1e:192.168.69.114:32846, f34c4c6f-d2eb-407d-ac06-47c21c7abed1:192.168.69.114:34313] returns group-789CA09DFC1D:java.util.concurrent.CompletableFuture@685331e8[Not completed]
2019-07-31 00:49:02,336 INFO  impl.RaftServerProxy (RaftServerProxy.java:addNew(89)) - f34c4c6f-d2eb-407d-ac06-47c21c7abed1: addNew group-789CA09DFC1D:[ea6a2b66-52a7-40dd-bf1f-b91ff39ef7ab:192.168.69.114:42146, 592200f1-3e1f-45d0-86ec-8b332dbc6e1e:192.168.69.114:32846, f34c4c6f-d2eb-407d-ac06-47c21c7abed1:192.168.69.114:34313] returns group-789CA09DFC1D:java.util.concurrent.CompletableFuture@7a8d0091[Not completed]
2019-07-31 00:49:02,336 INFO  impl.RaftServerProxy (RaftServerProxy.java:addNew(89)) - ea6a2b66-52a7-40dd-bf1f-b91ff39ef7ab: addNew group-789CA09DFC1D:[ea6a2b66-52a7-40dd-bf1f-b91ff39ef7ab:192.168.69.114:42146, 592200f1-3e1f-45d0-86ec-8b332dbc6e1e:192.168.69.114:32846, f34c4c6f-d2eb-407d-ac06-47c21c7abed1:192.168.69.114:34313] returns group-789CA09DFC1D:java.util.concurrent.CompletableFuture@64863887[Not completed]
2019-07-31 00:49:02,338 INFO  impl.RaftServerImpl (RaftServerImpl.java:<init>(93)) - 592200f1-3e1f-45d0-86ec-8b332dbc6e1e: new RaftServerImpl for group-789CA09DFC1D:[ea6a2b66-52a7-40dd-bf1f-b91ff39ef7ab:192.168.69.114:42146, 592200f1-3e1f-45d0-86ec-8b332dbc6e1e:192.168.69.114:32846, f34c4c6f-d2eb-407d-ac06-47c21c7abed1:192.168.69.114:34313] with ContainerStateMachine:uninitialized
2019-07-31 00:49:02,338 INFO  server.RaftServerConfigKeys (ConfUtils.java:logGet(43)) - raft.server.rpc.timeout.min = 5s (custom)
2019-07-31 00:49:02,338 INFO  server.RaftServerConfigKeys (ConfUtils.java:logGet(43)) - raft.server.rpc.timeout.max = 5200ms (custom)
2019-07-31 00:49:02,338 INFO  server.RaftServerConfigKeys (ConfUtils.java:logGet(43)) - raft.server.rpcslowness.timeout = 120s (custom)
2019-07-31 00:49:02,338 INFO  impl.RaftServerImpl (RaftServerImpl.java:<init>(93)) - ea6a2b66-52a7-40dd-bf1f-b91ff39ef7ab: new RaftServerImpl for group-789CA09DFC1D:[ea6a2b66-52a7-40dd-bf1f-b91ff39ef7ab:192.168.69.114:42146, 592200f1-3e1f-45d0-86ec-8b332dbc6e1e:192.168.69.114:32846, f34c4c6f-d2eb-407d-ac06-47c21c7abed1:192.168.69.114:34313] with ContainerStateMachine:uninitialized
2019-07-31 00:49:02,338 INFO  server.RaftServerConfigKeys (ConfUtils.java:logGet(43)) - raft.server.sleep.deviation.threshold = 300 (default)
2019-07-31 00:49:02,339 INFO  server.RaftServerConfigKeys (ConfUtils.java:logGet(43)) - raft.server.rpc.timeout.min = 5s (custom)
2019-07-31 00:49:02,339 INFO  server.RaftServerConfigKeys (ConfUtils.java:logGet(43)) - raft.server.log.appender.install.snapshot.enabled = false (custom)
2019-07-31 00:49:02,339 INFO  server.RaftServerConfigKeys (ConfUtils.java:logGet(43)) - raft.server.rpc.timeout.max = 5200ms (custom)
2019-07-31 00:49:02,339 INFO  impl.RaftServerImpl (RaftServerImpl.java:<init>(93)) - f34c4c6f-d2eb-407d-ac06-47c21c7abed1: new RaftServerImpl for group-789CA09DFC1D:[ea6a2b66-52a7-40dd-bf1f-b91ff39ef7ab:192.168.69.114:42146, 592200f1-3e1f-45d0-86ec-8b332dbc6e1e:192.168.69.114:32846, f34c4c6f-d2eb-407d-ac06-47c21c7abed1:192.168.69.114:34313] with ContainerStateMachine:uninitialized
2019-07-31 00:49:02,339 INFO  impl.RaftServerImpl (ServerState.java:<init>(105)) - 592200f1-3e1f-45d0-86ec-8b332dbc6e1e:group-789CA09DFC1D ConfigurationManager, init=-1: [ea6a2b66-52a7-40dd-bf1f-b91ff39ef7ab:192.168.69.114:42146, 592200f1-3e1f-45d0-86ec-8b332dbc6e1e:192.168.69.114:32846, f34c4c6f-d2eb-407d-ac06-47c21c7abed1:192.168.69.114:34313], old=null, confs=<EMPTY_MAP>
2019-07-31 00:49:02,339 INFO  server.RaftServerConfigKeys (ConfUtils.java:logGet(43)) - raft.server.rpc.timeout.min = 5s (custom)
2019-07-31 00:49:02,339 INFO  server.RaftServerConfigKeys (ConfUtils.java:logGet(43)) - raft.server.rpcslowness.timeout = 120s (custom)
2019-07-31 00:49:02,340 INFO  server.RaftServerConfigKeys (ConfUtils.java:logGet(43)) - raft.server.rpc.timeout.max = 5200ms (custom)
2019-07-31 00:49:02,340 INFO  server.RaftServerConfigKeys (ConfUtils.java:logGet(43)) - raft.server.storage.dir = [/workdir/hadoop-ozone/integration-test/target/test-dir/MiniOzoneClusterImpl-5e7578f6-c7d5-4fb0-a9a6-c5f08596d10b/datanode-4/data/ratis] (custom)
2019-07-31 00:49:02,340 INFO  server.RaftServerConfigKeys (ConfUtils.java:logGet(43)) - raft.server.rpcslowness.timeout = 120s (custom)
2019-07-31 00:49:02,340 INFO  server.RaftServerConfigKeys (ConfUtils.java:logGet(43)) - raft.server.sleep.deviation.threshold = 300 (default)
2019-07-31 00:49:02,340 INFO  server.RaftServerConfigKeys (ConfUtils.java:logGet(43)) - raft.server.sleep.deviation.threshold = 300 (default)
2019-07-31 00:49:02,340 INFO  server.RaftServerConfigKeys (ConfUtils.java:logGet(43)) - raft.server.log.appender.install.snapshot.enabled = false (custom)
2019-07-31 00:49:02,340 INFO  storage.RaftStorageDirectory (RaftStorageDirectory.java:analyzeStorage(246)) - The storage directory /workdir/hadoop-ozone/integration-test/target/test-dir/MiniOzoneClusterImpl-5e7578f6-c7d5-4fb0-a9a6-c5f08596d10b/datanode-4/data/ratis/7029892e-6ab9-4dca-8571-789ca09dfc1d does not exist. Creating ...
2019-07-31 00:49:02,341 INFO  impl.RaftServerImpl (ServerState.java:<init>(105)) - ea6a2b66-52a7-40dd-bf1f-b91ff39ef7ab:group-789CA09DFC1D ConfigurationManager, init=-1: [ea6a2b66-52a7-40dd-bf1f-b91ff39ef7ab:192.168.69.114:42146, 592200f1-3e1f-45d0-86ec-8b332dbc6e1e:192.168.69.114:32846, f34c4c6f-d2eb-407d-ac06-47c21c7abed1:192.168.69.114:34313], old=null, confs=<EMPTY_MAP>
2019-07-31 00:49:02,341 INFO  server.RaftServerConfigKeys (ConfUtils.java:logGet(43)) - raft.server.log.appender.install.snapshot.enabled = false (custom)
2019-07-31 00:49:02,341 INFO  server.RaftServerConfigKeys (ConfUtils.java:logGet(43)) - raft.server.storage.dir = [/workdir/hadoop-ozone/integration-test/target/test-dir/MiniOzoneClusterImpl-5e7578f6-c7d5-4fb0-a9a6-c5f08596d10b/datanode-5/data/ratis] (custom)
2019-07-31 00:49:02,341 INFO  impl.RaftServerImpl (ServerState.java:<init>(105)) - f34c4c6f-d2eb-407d-ac06-47c21c7abed1:group-789CA09DFC1D ConfigurationManager, init=-1: [ea6a2b66-52a7-40dd-bf1f-b91ff39ef7ab:192.168.69.114:42146, 592200f1-3e1f-45d0-86ec-8b332dbc6e1e:192.168.69.114:32846, f34c4c6f-d2eb-407d-ac06-47c21c7abed1:192.168.69.114:34313], old=null, confs=<EMPTY_MAP>
2019-07-31 00:49:02,342 INFO  server.RaftServerConfigKeys (ConfUtils.java:logGet(43)) - raft.server.storage.dir = [/workdir/hadoop-ozone/integration-test/target/test-dir/MiniOzoneClusterImpl-5e7578f6-c7d5-4fb0-a9a6-c5f08596d10b/datanode-3/data/ratis] (custom)
2019-07-31 00:49:02,342 INFO  storage.RaftStorageDirectory (RaftStorageDirectory.java:analyzeStorage(246)) - The storage directory /workdir/hadoop-ozone/integration-test/target/test-dir/MiniOzoneClusterImpl-5e7578f6-c7d5-4fb0-a9a6-c5f08596d10b/datanode-5/data/ratis/7029892e-6ab9-4dca-8571-789ca09dfc1d does not exist. Creating ...
2019-07-31 00:49:02,342 INFO  storage.RaftStorageDirectory (RaftStorageDirectory.java:analyzeStorage(246)) - The storage directory /workdir/hadoop-ozone/integration-test/target/test-dir/MiniOzoneClusterImpl-5e7578f6-c7d5-4fb0-a9a6-c5f08596d10b/datanode-3/data/ratis/7029892e-6ab9-4dca-8571-789ca09dfc1d does not exist. Creating ...
2019-07-31 00:49:02,354 INFO  storage.RaftStorageDirectory (RaftStorageDirectory.java:tryLock(328)) - Lock on /workdir/hadoop-ozone/integration-test/target/test-dir/MiniOzoneClusterImpl-5e7578f6-c7d5-4fb0-a9a6-c5f08596d10b/datanode-5/data/ratis/7029892e-6ab9-4dca-8571-789ca09dfc1d/in_use.lock acquired by nodename 6174@byscane-nightly-8jrs9-2386324885
2019-07-31 00:49:02,354 INFO  storage.RaftStorageDirectory (RaftStorageDirectory.java:tryLock(328)) - Lock on /workdir/hadoop-ozone/integration-test/target/test-dir/MiniOzoneClusterImpl-5e7578f6-c7d5-4fb0-a9a6-c5f08596d10b/datanode-4/data/ratis/7029892e-6ab9-4dca-8571-789ca09dfc1d/in_use.lock acquired by nodename 6174@byscane-nightly-8jrs9-2386324885
2019-07-31 00:49:02,354 INFO  storage.RaftStorageDirectory (RaftStorageDirectory.java:tryLock(328)) - Lock on /workdir/hadoop-ozone/integration-test/target/test-dir/MiniOzoneClusterImpl-5e7578f6-c7d5-4fb0-a9a6-c5f08596d10b/datanode-3/data/ratis/7029892e-6ab9-4dca-8571-789ca09dfc1d/in_use.lock acquired by nodename 6174@byscane-nightly-8jrs9-2386324885
2019-07-31 00:49:02,368 INFO  storage.RaftStorage (RaftStorage.java:format(72)) - Storage directory /workdir/hadoop-ozone/integration-test/target/test-dir/MiniOzoneClusterImpl-5e7578f6-c7d5-4fb0-a9a6-c5f08596d10b/datanode-5/data/ratis/7029892e-6ab9-4dca-8571-789ca09dfc1d has been successfully formatted.
2019-07-31 00:49:02,368 INFO  storage.RaftStorage (RaftStorage.java:format(72)) - Storage directory /workdir/hadoop-ozone/integration-test/target/test-dir/MiniOzoneClusterImpl-5e7578f6-c7d5-4fb0-a9a6-c5f08596d10b/datanode-4/data/ratis/7029892e-6ab9-4dca-8571-789ca09dfc1d has been successfully formatted.
2019-07-31 00:49:02,368 INFO  storage.RaftStorage (RaftStorage.java:format(72)) - Storage directory /workdir/hadoop-ozone/integration-test/target/test-dir/MiniOzoneClusterImpl-5e7578f6-c7d5-4fb0-a9a6-c5f08596d10b/datanode-3/data/ratis/7029892e-6ab9-4dca-8571-789ca09dfc1d has been successfully formatted.
2019-07-31 00:49:02,369 INFO  ratis.ContainerStateMachine (ContainerStateMachine.java:loadSnapshot(213)) - group-789CA09DFC1D: The snapshot info is null. Setting the last applied indexto:(t:0, i:~)
2019-07-31 00:49:02,369 INFO  ratis.ContainerStateMachine (ContainerStateMachine.java:loadSnapshot(213)) - group-789CA09DFC1D: The snapshot info is null. Setting the last applied indexto:(t:0, i:~)
2019-07-31 00:49:02,368 INFO  ratis.ContainerStateMachine (ContainerStateMachine.java:loadSnapshot(213)) - group-789CA09DFC1D: The snapshot info is null. Setting the last applied indexto:(t:0, i:~)
2019-07-31 00:49:02,369 INFO  server.RaftServerConfigKeys (ConfUtils.java:logGet(43)) - raft.server.leader.election.timeout = 120s (custom)
2019-07-31 00:49:02,369 INFO  server.RaftServerConfigKeys (ConfUtils.java:logGet(43)) - raft.server.leader.election.timeout = 120s (custom)
2019-07-31 00:49:02,369 INFO  server.RaftServerConfigKeys (ConfUtils.java:logGet(43)) - raft.server.log.use.memory = false (default)
2019-07-31 00:49:02,369 INFO  server.RaftServerConfigKeys (ConfUtils.java:logGet(43)) - raft.server.leader.election.timeout = 120s (custom)
2019-07-31 00:49:02,370 INFO  server.RaftServerConfigKeys (ConfUtils.java:logGet(43)) - raft.server.log.purge.gap = 1000000000 (custom)
2019-07-31 00:49:02,370 INFO  server.RaftServerConfigKeys (ConfUtils.java:logGet(43)) - raft.server.log.use.memory = false (default)
2019-07-31 00:49:02,370 INFO  server.RaftServerConfigKeys (ConfUtils.java:logGet(43)) - raft.server.log.appender.buffer.byte-limit = 33554432 (custom)
2019-07-31 00:49:02,370 INFO  server.RaftServerConfigKeys (ConfUtils.java:logGet(43)) - raft.server.log.use.memory = false (default)
2019-07-31 00:49:02,370 INFO  server.RaftServerConfigKeys (ConfUtils.java:logGet(43)) - raft.server.log.segment.size.max = 1048576 (custom)
2019-07-31 00:49:02,370 INFO  server.RaftServerConfigKeys (ConfUtils.java:logGet(43)) - raft.server.log.purge.gap = 1000000000 (custom)
2019-07-31 00:49:02,371 INFO  server.RaftServerConfigKeys (ConfUtils.java:logGet(43)) - raft.server.log.segment.cache.num.max = 2 (custom)
2019-07-31 00:49:02,371 INFO  server.RaftServerConfigKeys (ConfUtils.java:logGet(43)) - raft.server.log.purge.gap = 1000000000 (custom)
2019-07-31 00:49:02,371 INFO  segmented.SegmentedRaftLogWorker (SegmentedRaftLogWorker.java:<init>(172)) - new f34c4c6f-d2eb-407d-ac06-47c21c7abed1-SegmentedRaftLogWorker:Storage Directory /workdir/hadoop-ozone/integration-test/target/test-dir/MiniOzoneClusterImpl-5e7578f6-c7d5-4fb0-a9a6-c5f08596d10b/datanode-3/data/ratis/7029892e-6ab9-4dca-8571-789ca09dfc1d for RaftStorage:Storage Directory /workdir/hadoop-ozone/integration-test/target/test-dir/MiniOzoneClusterImpl-5e7578f6-c7d5-4fb0-a9a6-c5f08596d10b/datanode-3/data/ratis/7029892e-6ab9-4dca-8571-789ca09dfc1d
2019-07-31 00:49:02,371 INFO  server.RaftServerConfigKeys (ConfUtils.java:logGet(43)) - raft.server.log.appender.buffer.byte-limit = 33554432 (custom)
2019-07-31 00:49:02,371 INFO  server.RaftServerConfigKeys (ConfUtils.java:logGet(43)) - raft.server.log.queue.byte-limit = 2147483647 (custom)
2019-07-31 00:49:02,371 INFO  server.RaftServerConfigKeys (ConfUtils.java:logGet(43)) - raft.server.log.appender.buffer.byte-limit = 33554432 (custom)
2019-07-31 00:49:02,372 INFO  server.RaftServerConfigKeys (ConfUtils.java:logGet(43)) - raft.server.log.queue.element-limit = 1024 (custom)
2019-07-31 00:49:02,372 INFO  server.RaftServerConfigKeys (ConfUtils.java:logGet(43)) - raft.server.log.segment.size.max = 1048576 (custom)
2019-07-31 00:49:02,372 INFO  server.RaftServerConfigKeys (ConfUtils.java:logGet(43)) - raft.server.log.segment.size.max = 1048576 (custom)
2019-07-31 00:49:02,372 INFO  server.RaftServerConfigKeys (ConfUtils.java:logGet(43)) - raft.server.log.segment.size.max = 1048576 (custom)
2019-07-31 00:49:02,372 INFO  server.RaftServerConfigKeys (ConfUtils.java:logGet(43)) - raft.server.log.preallocated.size = 16384 (custom)
2019-07-31 00:49:02,372 INFO  server.RaftServerConfigKeys (ConfUtils.java:logGet(43)) - raft.server.log.segment.cache.num.max = 2 (custom)
2019-07-31 00:49:02,373 INFO  server.RaftServerConfigKeys (ConfUtils.java:logGet(43)) - raft.server.log.write.buffer.size = 33554432 (custom)
2019-07-31 00:49:02,373 INFO  server.RaftServerConfigKeys (ConfUtils.java:logGet(43)) - raft.server.log.segment.cache.num.max = 2 (custom)
2019-07-31 00:49:02,373 INFO  server.RaftServerConfigKeys (ConfUtils.java:logGet(43)) - raft.server.log.force.sync.num = 128 (default)
2019-07-31 00:49:02,373 INFO  segmented.SegmentedRaftLogWorker (SegmentedRaftLogWorker.java:<init>(172)) - new 592200f1-3e1f-45d0-86ec-8b332dbc6e1e-SegmentedRaftLogWorker:Storage Directory /workdir/hadoop-ozone/integration-test/target/test-dir/MiniOzoneClusterImpl-5e7578f6-c7d5-4fb0-a9a6-c5f08596d10b/datanode-4/data/ratis/7029892e-6ab9-4dca-8571-789ca09dfc1d for RaftStorage:Storage Directory /workdir/hadoop-ozone/integration-test/target/test-dir/MiniOzoneClusterImpl-5e7578f6-c7d5-4fb0-a9a6-c5f08596d10b/datanode-4/data/ratis/7029892e-6ab9-4dca-8571-789ca09dfc1d
2019-07-31 00:49:02,373 INFO  server.RaftServerConfigKeys (ConfUtils.java:logGet(43)) - raft.server.log.statemachine.data.sync = true (default)
2019-07-31 00:49:02,373 INFO  segmented.SegmentedRaftLogWorker (SegmentedRaftLogWorker.java:<init>(172)) - new ea6a2b66-52a7-40dd-bf1f-b91ff39ef7ab-SegmentedRaftLogWorker:Storage Directory /workdir/hadoop-ozone/integration-test/target/test-dir/MiniOzoneClusterImpl-5e7578f6-c7d5-4fb0-a9a6-c5f08596d10b/datanode-5/data/ratis/7029892e-6ab9-4dca-8571-789ca09dfc1d for RaftStorage:Storage Directory /workdir/hadoop-ozone/integration-test/target/test-dir/MiniOzoneClusterImpl-5e7578f6-c7d5-4fb0-a9a6-c5f08596d10b/datanode-5/data/ratis/7029892e-6ab9-4dca-8571-789ca09dfc1d
2019-07-31 00:49:02,374 INFO  server.RaftServerConfigKeys (ConfUtils.java:logGet(43)) - raft.server.log.statemachine.data.sync.timeout = 10s (default)
2019-07-31 00:49:02,374 INFO  server.RaftServerConfigKeys (ConfUtils.java:logGet(43)) - raft.server.log.queue.byte-limit = 2147483647 (custom)
2019-07-31 00:49:02,374 INFO  server.RaftServerConfigKeys (ConfUtils.java:logGet(43)) - raft.server.log.statemachine.data.sync.timeout.retry = -1 (default)
2019-07-31 00:49:02,374 INFO  server.RaftServerConfigKeys (ConfUtils.java:logGet(43)) - raft.server.log.queue.byte-limit = 2147483647 (custom)
2019-07-31 00:49:02,375 INFO  server.RaftServerConfigKeys (ConfUtils.java:logGet(43)) - raft.server.log.statemachine.data.caching.enabled = true (custom)
2019-07-31 00:49:02,374 INFO  server.RaftServerConfigKeys (ConfUtils.java:logGet(43)) - raft.server.log.queue.element-limit = 1024 (custom)
2019-07-31 00:49:02,375 INFO  server.RaftServerConfigKeys (ConfUtils.java:logGet(43)) - raft.server.log.queue.element-limit = 1024 (custom)
2019-07-31 00:49:02,375 INFO  server.RaftServerConfigKeys (ConfUtils.java:logGet(43)) - raft.server.log.segment.size.max = 1048576 (custom)
2019-07-31 00:49:02,375 INFO  segmented.SegmentedRaftLogWorker (SegmentedRaftLogWorker.java:lambda$new$0(132)) - f34c4c6f-d2eb-407d-ac06-47c21c7abed1-SegmentedRaftLogWorker:Storage Directory /workdir/hadoop-ozone/integration-test/target/test-dir/MiniOzoneClusterImpl-5e7578f6-c7d5-4fb0-a9a6-c5f08596d10b/datanode-3/data/ratis/7029892e-6ab9-4dca-8571-789ca09dfc1d: flushIndex: setUnconditionally 0 -> -1
2019-07-31 00:49:02,375 INFO  server.RaftServerConfigKeys (ConfUtils.java:logGet(43)) - raft.server.log.preallocated.size = 16384 (custom)
2019-07-31 00:49:02,376 INFO  server.RaftServerConfigKeys (ConfUtils.java:logGet(43)) - raft.server.log.write.buffer.size = 33554432 (custom)
2019-07-31 00:49:02,375 INFO  server.RaftServerConfigKeys (ConfUtils.java:logGet(43)) - raft.server.log.segment.size.max = 1048576 (custom)
2019-07-31 00:49:02,376 INFO  server.RaftServerConfigKeys (ConfUtils.java:logGet(43)) - raft.server.log.force.sync.num = 128 (default)
2019-07-31 00:49:02,376 INFO  server.RaftServerConfigKeys (ConfUtils.java:logGet(43)) - raft.server.snapshot.auto.trigger.enabled = true (custom)
2019-07-31 00:49:02,376 INFO  server.RaftServerConfigKeys (ConfUtils.java:logGet(43)) - raft.server.log.statemachine.data.sync = true (default)
2019-07-31 00:49:02,377 INFO  server.RaftServerConfigKeys (ConfUtils.java:logGet(43)) - raft.server.log.statemachine.data.sync.timeout = 10s (default)
2019-07-31 00:49:02,376 INFO  server.RaftServerConfigKeys (ConfUtils.java:logGet(43)) - raft.server.log.preallocated.size = 16384 (custom)
2019-07-31 00:49:02,377 INFO  server.RaftServerConfigKeys (ConfUtils.java:logGet(43)) - raft.server.log.statemachine.data.sync.timeout.retry = -1 (default)
2019-07-31 00:49:02,376 INFO  server.RaftServerConfigKeys (ConfUtils.java:logGet(43)) - raft.server.snapshot.auto.trigger.threshold = 10000 (custom)
2019-07-31 00:49:02,377 INFO  server.RaftServerConfigKeys (ConfUtils.java:logGet(43)) - raft.server.log.statemachine.data.caching.enabled = true (custom)
2019-07-31 00:49:02,377 INFO  server.RaftServerConfigKeys (ConfUtils.java:logGet(43)) - raft.server.log.write.buffer.size = 33554432 (custom)
2019-07-31 00:49:02,377 INFO  server.RaftServerConfigKeys (ConfUtils.java:logGet(43)) - raft.server.retrycache.expirytime = 600000ms (custom)
2019-07-31 00:49:02,378 INFO  segmented.SegmentedRaftLogWorker (SegmentedRaftLogWorker.java:lambda$new$0(132)) - 592200f1-3e1f-45d0-86ec-8b332dbc6e1e-SegmentedRaftLogWorker:Storage Directory /workdir/hadoop-ozone/integration-test/target/test-dir/MiniOzoneClusterImpl-5e7578f6-c7d5-4fb0-a9a6-c5f08596d10b/datanode-4/data/ratis/7029892e-6ab9-4dca-8571-789ca09dfc1d: flushIndex: setUnconditionally 0 -> -1
2019-07-31 00:49:02,378 INFO  server.RaftServerConfigKeys (ConfUtils.java:logGet(43)) - raft.server.log.force.sync.num = 128 (default)
2019-07-31 00:49:02,378 INFO  impl.RaftServerImpl (RaftServerImpl.java:start(180)) - f34c4c6f-d2eb-407d-ac06-47c21c7abed1: start group-789CA09DFC1D
2019-07-31 00:49:02,378 INFO  server.RaftServerConfigKeys (ConfUtils.java:logGet(43)) - raft.server.log.statemachine.data.sync = true (default)
2019-07-31 00:49:02,378 INFO  server.RaftServerConfigKeys (ConfUtils.java:logGet(43)) - raft.server.snapshot.auto.trigger.enabled = true (custom)
2019-07-31 00:49:02,378 INFO  server.RaftServerConfigKeys (ConfUtils.java:logGet(43)) - raft.server.log.statemachine.data.sync.timeout = 10s (default)
2019-07-31 00:49:02,378 INFO  impl.RaftServerImpl (RaftServerImpl.java:setRole(171)) - f34c4c6f-d2eb-407d-ac06-47c21c7abed1:group-789CA09DFC1D changes role from null to FOLLOWER at term 0 for startAsFollower
2019-07-31 00:49:02,379 INFO  server.RaftServerConfigKeys (ConfUtils.java:logGet(43)) - raft.server.log.statemachine.data.sync.timeout.retry = -1 (default)
2019-07-31 00:49:02,379 INFO  server.RaftServerConfigKeys (ConfUtils.java:logGet(43)) - raft.server.snapshot.auto.trigger.threshold = 10000 (custom)
2019-07-31 00:49:02,379 INFO  server.RaftServerConfigKeys (ConfUtils.java:logGet(43)) - raft.server.log.statemachine.data.caching.enabled = true (custom)
2019-07-31 00:49:02,379 INFO  impl.RoleInfo (RoleInfo.java:updateAndGet(143)) - f34c4c6f-d2eb-407d-ac06-47c21c7abed1: start FollowerState
2019-07-31 00:49:02,379 INFO  server.RaftServerConfigKeys (ConfUtils.java:logGet(43)) - raft.server.retrycache.expirytime = 600000ms (custom)
2019-07-31 00:49:02,380 INFO  segmented.SegmentedRaftLogWorker (SegmentedRaftLogWorker.java:lambda$new$0(132)) - ea6a2b66-52a7-40dd-bf1f-b91ff39ef7ab-SegmentedRaftLogWorker:Storage Directory /workdir/hadoop-ozone/integration-test/target/test-dir/MiniOzoneClusterImpl-5e7578f6-c7d5-4fb0-a9a6-c5f08596d10b/datanode-5/data/ratis/7029892e-6ab9-4dca-8571-789ca09dfc1d: flushIndex: setUnconditionally 0 -> -1
2019-07-31 00:49:02,380 INFO  impl.RaftServerImpl (RaftServerImpl.java:start(180)) - 592200f1-3e1f-45d0-86ec-8b332dbc6e1e: start group-789CA09DFC1D
2019-07-31 00:49:02,380 INFO  util.JmxRegister (JmxRegister.java:tryRegister(44)) - Successfully registered JMX Bean with object name Ratis:service=RaftServer,group=group-789CA09DFC1D,id=f34c4c6f-d2eb-407d-ac06-47c21c7abed1
2019-07-31 00:49:02,380 INFO  server.RaftServerConfigKeys (ConfUtils.java:logGet(43)) - raft.server.snapshot.auto.trigger.enabled = true (custom)
2019-07-31 00:49:02,380 INFO  impl.RaftServerImpl (RaftServerImpl.java:setRole(171)) - 592200f1-3e1f-45d0-86ec-8b332dbc6e1e:group-789CA09DFC1D changes role from null to FOLLOWER at term 0 for startAsFollower
2019-07-31 00:49:02,380 INFO  server.RaftServerConfigKeys (ConfUtils.java:logGet(43)) - raft.server.snapshot.auto.trigger.threshold = 10000 (custom)
2019-07-31 00:49:02,381 INFO  impl.RoleInfo (RoleInfo.java:updateAndGet(143)) - 592200f1-3e1f-45d0-86ec-8b332dbc6e1e: start FollowerState
2019-07-31 00:49:02,381 INFO  server.RaftServerConfigKeys (ConfUtils.java:logGet(43)) - raft.server.retrycache.expirytime = 600000ms (custom)
2019-07-31 00:49:02,381 INFO  impl.RaftServerImpl (RaftServerImpl.java:start(180)) - ea6a2b66-52a7-40dd-bf1f-b91ff39ef7ab: start group-789CA09DFC1D
2019-07-31 00:49:02,381 INFO  util.JmxRegister (JmxRegister.java:tryRegister(44)) - Successfully registered JMX Bean with object name Ratis:service=RaftServer,group=group-789CA09DFC1D,id=592200f1-3e1f-45d0-86ec-8b332dbc6e1e
2019-07-31 00:49:02,381 INFO  impl.RaftServerImpl (RaftServerImpl.java:setRole(171)) - ea6a2b66-52a7-40dd-bf1f-b91ff39ef7ab:group-789CA09DFC1D changes role from null to FOLLOWER at term 0 for startAsFollower
2019-07-31 00:49:02,382 INFO  impl.RoleInfo (RoleInfo.java:updateAndGet(143)) - ea6a2b66-52a7-40dd-bf1f-b91ff39ef7ab: start FollowerState
2019-07-31 00:49:02,382 INFO  util.JmxRegister (JmxRegister.java:tryRegister(44)) - Successfully registered JMX Bean with object name Ratis:service=RaftServer,group=group-789CA09DFC1D,id=ea6a2b66-52a7-40dd-bf1f-b91ff39ef7ab
2019-07-31 00:49:02,385 INFO  pipeline.PipelineStateManager (PipelineStateManager.java:addPipeline(56)) - Created pipeline Pipeline[ Id: 7029892e-6ab9-4dca-8571-789ca09dfc1d, Nodes: 592200f1-3e1f-45d0-86ec-8b332dbc6e1e{ip: 192.168.69.114, host: byscane-nightly-8jrs9-2386324885, networkLocation: /default-rack, certSerialId: null}ea6a2b66-52a7-40dd-bf1f-b91ff39ef7ab{ip: 192.168.69.114, host: byscane-nightly-8jrs9-2386324885, networkLocation: /default-rack, certSerialId: null}f34c4c6f-d2eb-407d-ac06-47c21c7abed1{ip: 192.168.69.114, host: byscane-nightly-8jrs9-2386324885, networkLocation: /default-rack, certSerialId: null}, Type:RATIS, Factor:THREE, State:OPEN]
2019-07-31 00:49:02,437 INFO  ozone.MiniOzoneClusterImpl (MiniOzoneClusterImpl.java:lambda$waitForClusterToBeReady$0(142)) - Waiting for cluster to be ready. Got 6 of 7 DN Heartbeats.
2019-07-31 00:49:02,438 INFO  net.NetworkTopology (NetworkTopologyImpl.java:add(110)) - Added a new node: /default-rack/e19866aa-6389-4d91-b29b-65753a74cb74
2019-07-31 00:49:02,438 INFO  node.SCMNodeManager (SCMNodeManager.java:register(273)) - Registered Data node : e19866aa-6389-4d91-b29b-65753a74cb74{ip: 192.168.69.114, host: byscane-nightly-8jrs9-2386324885, networkLocation: /default-rack, certSerialId: null}
2019-07-31 00:49:02,451 INFO  impl.RaftServerProxy (RaftServerProxy.java:addNew(89)) - e19866aa-6389-4d91-b29b-65753a74cb74: addNew group-6785628329F7:[e19866aa-6389-4d91-b29b-65753a74cb74:192.168.69.114:34369] returns group-6785628329F7:java.util.concurrent.CompletableFuture@7db9b055[Not completed]
2019-07-31 00:49:02,456 INFO  impl.RaftServerImpl (RaftServerImpl.java:<init>(93)) - e19866aa-6389-4d91-b29b-65753a74cb74: new RaftServerImpl for group-6785628329F7:[e19866aa-6389-4d91-b29b-65753a74cb74:192.168.69.114:34369] with ContainerStateMachine:uninitialized
2019-07-31 00:49:02,456 INFO  server.RaftServerConfigKeys (ConfUtils.java:logGet(43)) - raft.server.rpc.timeout.min = 5s (custom)
2019-07-31 00:49:02,457 INFO  server.RaftServerConfigKeys (ConfUtils.java:logGet(43)) - raft.server.rpc.timeout.max = 5200ms (custom)
2019-07-31 00:49:02,457 INFO  server.RaftServerConfigKeys (ConfUtils.java:logGet(43)) - raft.server.rpcslowness.timeout = 120s (custom)
2019-07-31 00:49:02,457 INFO  server.RaftServerConfigKeys (ConfUtils.java:logGet(43)) - raft.server.sleep.deviation.threshold = 300 (default)
2019-07-31 00:49:02,457 INFO  server.RaftServerConfigKeys (ConfUtils.java:logGet(43)) - raft.server.log.appender.install.snapshot.enabled = false (custom)
2019-07-31 00:49:02,457 INFO  impl.RaftServerImpl (ServerState.java:<init>(105)) - e19866aa-6389-4d91-b29b-65753a74cb74:group-6785628329F7 ConfigurationManager, init=-1: [e19866aa-6389-4d91-b29b-65753a74cb74:192.168.69.114:34369], old=null, confs=<EMPTY_MAP>
2019-07-31 00:49:02,457 INFO  server.RaftServerConfigKeys (ConfUtils.java:logGet(43)) - raft.server.storage.dir = [/workdir/hadoop-ozone/integration-test/target/test-dir/MiniOzoneClusterImpl-5e7578f6-c7d5-4fb0-a9a6-c5f08596d10b/datanode-6/data/ratis] (custom)
2019-07-31 00:49:02,458 INFO  storage.RaftStorageDirectory (RaftStorageDirectory.java:analyzeStorage(246)) - The storage directory /workdir/hadoop-ozone/integration-test/target/test-dir/MiniOzoneClusterImpl-5e7578f6-c7d5-4fb0-a9a6-c5f08596d10b/datanode-6/data/ratis/b0f69874-fb31-4ff6-8134-6785628329f7 does not exist. Creating ...
2019-07-31 00:49:02,471 INFO  storage.RaftStorageDirectory (RaftStorageDirectory.java:tryLock(328)) - Lock on /workdir/hadoop-ozone/integration-test/target/test-dir/MiniOzoneClusterImpl-5e7578f6-c7d5-4fb0-a9a6-c5f08596d10b/datanode-6/data/ratis/b0f69874-fb31-4ff6-8134-6785628329f7/in_use.lock acquired by nodename 6174@byscane-nightly-8jrs9-2386324885
2019-07-31 00:49:02,484 INFO  storage.RaftStorage (RaftStorage.java:format(72)) - Storage directory /workdir/hadoop-ozone/integration-test/target/test-dir/MiniOzoneClusterImpl-5e7578f6-c7d5-4fb0-a9a6-c5f08596d10b/datanode-6/data/ratis/b0f69874-fb31-4ff6-8134-6785628329f7 has been successfully formatted.
2019-07-31 00:49:02,484 INFO  ratis.ContainerStateMachine (ContainerStateMachine.java:loadSnapshot(213)) - group-6785628329F7: The snapshot info is null. Setting the last applied indexto:(t:0, i:~)
2019-07-31 00:49:02,484 INFO  server.RaftServerConfigKeys (ConfUtils.java:logGet(43)) - raft.server.leader.election.timeout = 120s (custom)
2019-07-31 00:49:02,484 INFO  server.RaftServerConfigKeys (ConfUtils.java:logGet(43)) - raft.server.log.use.memory = false (default)
2019-07-31 00:49:02,484 INFO  server.RaftServerConfigKeys (ConfUtils.java:logGet(43)) - raft.server.log.purge.gap = 1000000000 (custom)
2019-07-31 00:49:02,485 INFO  server.RaftServerConfigKeys (ConfUtils.java:logGet(43)) - raft.server.log.appender.buffer.byte-limit = 33554432 (custom)
2019-07-31 00:49:02,485 INFO  server.RaftServerConfigKeys (ConfUtils.java:logGet(43)) - raft.server.log.segment.size.max = 1048576 (custom)
2019-07-31 00:49:02,485 INFO  server.RaftServerConfigKeys (ConfUtils.java:logGet(43)) - raft.server.log.segment.cache.num.max = 2 (custom)
2019-07-31 00:49:02,485 INFO  segmented.SegmentedRaftLogWorker (SegmentedRaftLogWorker.java:<init>(172)) - new e19866aa-6389-4d91-b29b-65753a74cb74-SegmentedRaftLogWorker:Storage Directory /workdir/hadoop-ozone/integration-test/target/test-dir/MiniOzoneClusterImpl-5e7578f6-c7d5-4fb0-a9a6-c5f08596d10b/datanode-6/data/ratis/b0f69874-fb31-4ff6-8134-6785628329f7 for RaftStorage:Storage Directory /workdir/hadoop-ozone/integration-test/target/test-dir/MiniOzoneClusterImpl-5e7578f6-c7d5-4fb0-a9a6-c5f08596d10b/datanode-6/data/ratis/b0f69874-fb31-4ff6-8134-6785628329f7
2019-07-31 00:49:02,485 INFO  server.RaftServerConfigKeys (ConfUtils.java:logGet(43)) - raft.server.log.queue.byte-limit = 2147483647 (custom)
2019-07-31 00:49:02,485 INFO  server.RaftServerConfigKeys (ConfUtils.java:logGet(43)) - raft.server.log.queue.element-limit = 1024 (custom)
2019-07-31 00:49:02,486 INFO  server.RaftServerConfigKeys (ConfUtils.java:logGet(43)) - raft.server.log.segment.size.max = 1048576 (custom)
2019-07-31 00:49:02,486 INFO  server.RaftServerConfigKeys (ConfUtils.java:logGet(43)) - raft.server.log.preallocated.size = 16384 (custom)
2019-07-31 00:49:02,486 INFO  server.RaftServerConfigKeys (ConfUtils.java:logGet(43)) - raft.server.log.write.buffer.size = 33554432 (custom)
2019-07-31 00:49:02,486 INFO  server.RaftServerConfigKeys (ConfUtils.java:logGet(43)) - raft.server.log.force.sync.num = 128 (default)
2019-07-31 00:49:02,486 INFO  server.RaftServerConfigKeys (ConfUtils.java:logGet(43)) - raft.server.log.statemachine.data.sync = true (default)
2019-07-31 00:49:02,486 INFO  server.RaftServerConfigKeys (ConfUtils.java:logGet(43)) - raft.server.log.statemachine.data.sync.timeout = 10s (default)
2019-07-31 00:49:02,487 INFO  server.RaftServerConfigKeys (ConfUtils.java:logGet(43)) - raft.server.log.statemachine.data.sync.timeout.retry = -1 (default)
2019-07-31 00:49:02,487 INFO  server.RaftServerConfigKeys (ConfUtils.java:logGet(43)) - raft.server.log.statemachine.data.caching.enabled = true (custom)
2019-07-31 00:49:02,487 INFO  segmented.SegmentedRaftLogWorker (SegmentedRaftLogWorker.java:lambda$new$0(132)) - e19866aa-6389-4d91-b29b-65753a74cb74-SegmentedRaftLogWorker:Storage Directory /workdir/hadoop-ozone/integration-test/target/test-dir/MiniOzoneClusterImpl-5e7578f6-c7d5-4fb0-a9a6-c5f08596d10b/datanode-6/data/ratis/b0f69874-fb31-4ff6-8134-6785628329f7: flushIndex: setUnconditionally 0 -> -1
2019-07-31 00:49:02,488 INFO  server.RaftServerConfigKeys (ConfUtils.java:logGet(43)) - raft.server.snapshot.auto.trigger.enabled = true (custom)
2019-07-31 00:49:02,488 INFO  server.RaftServerConfigKeys (ConfUtils.java:logGet(43)) - raft.server.snapshot.auto.trigger.threshold = 10000 (custom)
2019-07-31 00:49:02,488 INFO  server.RaftServerConfigKeys (ConfUtils.java:logGet(43)) - raft.server.retrycache.expirytime = 600000ms (custom)
2019-07-31 00:49:02,488 INFO  impl.RaftServerImpl (RaftServerImpl.java:start(180)) - e19866aa-6389-4d91-b29b-65753a74cb74: start group-6785628329F7
2019-07-31 00:49:02,488 INFO  impl.RaftServerImpl (RaftServerImpl.java:setRole(171)) - e19866aa-6389-4d91-b29b-65753a74cb74:group-6785628329F7 changes role from null to FOLLOWER at term 0 for startAsFollower
2019-07-31 00:49:02,488 INFO  impl.RoleInfo (RoleInfo.java:updateAndGet(143)) - e19866aa-6389-4d91-b29b-65753a74cb74: start FollowerState
2019-07-31 00:49:02,489 INFO  util.JmxRegister (JmxRegister.java:tryRegister(44)) - Successfully registered JMX Bean with object name Ratis:service=RaftServer,group=group-6785628329F7,id=e19866aa-6389-4d91-b29b-65753a74cb74
2019-07-31 00:49:02,492 INFO  pipeline.PipelineStateManager (PipelineStateManager.java:addPipeline(56)) - Created pipeline Pipeline[ Id: b0f69874-fb31-4ff6-8134-6785628329f7, Nodes: e19866aa-6389-4d91-b29b-65753a74cb74{ip: 192.168.69.114, host: byscane-nightly-8jrs9-2386324885, networkLocation: /default-rack, certSerialId: null}, Type:RATIS, Factor:ONE, State:OPEN]
2019-07-31 00:49:03,437 INFO  ozone.MiniOzoneClusterImpl (MiniOzoneClusterImpl.java:lambda$waitForClusterToBeReady$0(142)) - Cluster is ready. Got 7 of 7 DN Heartbeats.
2019-07-31 00:49:03,485 INFO  rpc.RpcClient (RpcClient.java:createVolume(288)) - Creating Volume: testblockoutputstreamwithretries, with jenkins1000 as owner.
2019-07-31 00:49:03,501 INFO  rpc.RpcClient (RpcClient.java:createBucket(425)) - Creating Bucket: testblockoutputstreamwithretries/testblockoutputstreamwithretries, with Versioning false and Storage Type set to DISK and Encryption set to false 
2019-07-31 00:49:03,550 INFO  client.GrpcClientProtocolClient (GrpcClientProtocolClient.java:onNext(255)) - client-1A8A5DFA1A07->592200f1-3e1f-45d0-86ec-8b332dbc6e1e: receive RaftClientReply:client-1A8A5DFA1A07->592200f1-3e1f-45d0-86ec-8b332dbc6e1e@group-789CA09DFC1D, cid=42, FAILED org.apache.ratis.protocol.NotLeaderException: Server 592200f1-3e1f-45d0-86ec-8b332dbc6e1e is not the leader (null). Request must be sent to leader., logIndex=0, commits[592200f1-3e1f-45d0-86ec-8b332dbc6e1e:c-1]
2019-07-31 00:49:04,256 INFO  container.ReplicationManager (ReplicationManager.java:start(155)) - Starting Replication Monitor Thread.
2019-07-31 00:49:04,261 INFO  container.ReplicationManager (ReplicationManager.java:run(207)) - Replication Monitor Thread took 1 milliseconds for processing 4 containers.
2019-07-31 00:49:04,579 INFO  client.GrpcClientProtocolClient (GrpcClientProtocolClient.java:onNext(255)) - client-1A8A5DFA1A07->f34c4c6f-d2eb-407d-ac06-47c21c7abed1: receive RaftClientReply:client-1A8A5DFA1A07->f34c4c6f-d2eb-407d-ac06-47c21c7abed1@group-789CA09DFC1D, cid=42, FAILED org.apache.ratis.protocol.NotLeaderException: Server f34c4c6f-d2eb-407d-ac06-47c21c7abed1 is not the leader (null). Request must be sent to leader., logIndex=0, commits[f34c4c6f-d2eb-407d-ac06-47c21c7abed1:c-1]
2019-07-31 00:49:05,602 INFO  client.GrpcClientProtocolClient (GrpcClientProtocolClient.java:onNext(255)) - client-1A8A5DFA1A07->592200f1-3e1f-45d0-86ec-8b332dbc6e1e: receive RaftClientReply:client-1A8A5DFA1A07->592200f1-3e1f-45d0-86ec-8b332dbc6e1e@group-789CA09DFC1D, cid=42, FAILED org.apache.ratis.protocol.NotLeaderException: Server 592200f1-3e1f-45d0-86ec-8b332dbc6e1e is not the leader (null). Request must be sent to leader., logIndex=0, commits[592200f1-3e1f-45d0-86ec-8b332dbc6e1e:c-1]
2019-07-31 00:49:06,362 INFO  impl.FollowerState (FollowerState.java:run(106)) - 6035a6a3-d448-4ff9-8fe3-eebf4fa5ff66:group-67817332B604 changes to CANDIDATE, lastRpcTime:5058, electionTimeout:5058ms
2019-07-31 00:49:06,363 INFO  impl.RoleInfo (RoleInfo.java:shutdownFollowerState(121)) - 6035a6a3-d448-4ff9-8fe3-eebf4fa5ff66: shutdown FollowerState
2019-07-31 00:49:06,363 INFO  impl.RaftServerImpl (RaftServerImpl.java:setRole(171)) - 6035a6a3-d448-4ff9-8fe3-eebf4fa5ff66:group-67817332B604 changes role from FOLLOWER to CANDIDATE at term 0 for changeToCandidate
2019-07-31 00:49:06,363 INFO  impl.RoleInfo (RoleInfo.java:updateAndGet(143)) - 6035a6a3-d448-4ff9-8fe3-eebf4fa5ff66: start LeaderElection
2019-07-31 00:49:06,386 INFO  impl.LeaderElection (LeaderElection.java:askForVotes(181)) - 6035a6a3-d448-4ff9-8fe3-eebf4fa5ff66:group-67817332B604:LeaderElection14: begin an election at term 1 for -1: [6035a6a3-d448-4ff9-8fe3-eebf4fa5ff66:192.168.69.114:33208], old=null
2019-07-31 00:49:06,387 INFO  impl.RoleInfo (RoleInfo.java:shutdownLeaderElection(134)) - 6035a6a3-d448-4ff9-8fe3-eebf4fa5ff66: shutdown LeaderElection
2019-07-31 00:49:06,387 INFO  impl.RaftServerImpl (RaftServerImpl.java:setRole(171)) - 6035a6a3-d448-4ff9-8fe3-eebf4fa5ff66:group-67817332B604 changes role from CANDIDATE to LEADER at term 1 for changeToLeader
2019-07-31 00:49:06,387 INFO  impl.RaftServerImpl (ServerState.java:setLeader(263)) - 6035a6a3-d448-4ff9-8fe3-eebf4fa5ff66:group-67817332B604 change Leader from null to 6035a6a3-d448-4ff9-8fe3-eebf4fa5ff66 at term 1 for becomeLeader, leader elected after 5088ms
2019-07-31 00:49:06,389 INFO  server.RaftServerConfigKeys (ConfUtils.java:logGet(43)) - raft.server.staging.catchup.gap = 1000 (default)
2019-07-31 00:49:06,390 INFO  server.RaftServerConfigKeys (ConfUtils.java:logGet(43)) - raft.server.rpc.sleep.time = 25ms (default)
2019-07-31 00:49:06,390 INFO  server.RaftServerConfigKeys (ConfUtils.java:logGet(43)) - raft.server.write.element-limit = 4096 (default)
2019-07-31 00:49:06,390 INFO  server.RaftServerConfigKeys (ConfUtils.java:logGet(43)) - raft.server.watch.timeout = 10s (default)
2019-07-31 00:49:06,390 INFO  server.RaftServerConfigKeys (ConfUtils.java:logGet(43)) - raft.server.watch.timeout.denomination = 1s (default)
2019-07-31 00:49:06,390 INFO  server.RaftServerConfigKeys (ConfUtils.java:logGet(43)) - raft.server.watch.element-limit = 65536 (default)
2019-07-31 00:49:06,391 INFO  impl.RoleInfo (RoleInfo.java:updateAndGet(143)) - 6035a6a3-d448-4ff9-8fe3-eebf4fa5ff66: start LeaderState
2019-07-31 00:49:06,391 INFO  segmented.SegmentedRaftLogWorker (SegmentedRaftLogWorker.java:startLogSegment(380)) - 6035a6a3-d448-4ff9-8fe3-eebf4fa5ff66-SegmentedRaftLogWorker:Storage Directory /workdir/hadoop-ozone/integration-test/target/test-dir/MiniOzoneClusterImpl-5e7578f6-c7d5-4fb0-a9a6-c5f08596d10b/datanode-0/data/ratis/94ba4c86-9657-40f7-8b2d-67817332b604: Starting segment from index:0
2019-07-31 00:49:06,392 INFO  impl.RaftServerImpl (ServerState.java:setRaftConf(361)) - 6035a6a3-d448-4ff9-8fe3-eebf4fa5ff66:group-67817332B604 set configuration 0: [6035a6a3-d448-4ff9-8fe3-eebf4fa5ff66:192.168.69.114:33208], old=null at 0
2019-07-31 00:49:06,424 INFO  segmented.SegmentedRaftLogWorker (SegmentedRaftLogWorker.java:execute(569)) - 6035a6a3-d448-4ff9-8fe3-eebf4fa5ff66-SegmentedRaftLogWorker:Storage Directory /workdir/hadoop-ozone/integration-test/target/test-dir/MiniOzoneClusterImpl-5e7578f6-c7d5-4fb0-a9a6-c5f08596d10b/datanode-0/data/ratis/94ba4c86-9657-40f7-8b2d-67817332b604: created new log segment /workdir/hadoop-ozone/integration-test/target/test-dir/MiniOzoneClusterImpl-5e7578f6-c7d5-4fb0-a9a6-c5f08596d10b/datanode-0/data/ratis/94ba4c86-9657-40f7-8b2d-67817332b604/current/log_inprogress_0
2019-07-31 00:49:06,631 INFO  client.GrpcClientProtocolClient (GrpcClientProtocolClient.java:onNext(255)) - client-1A8A5DFA1A07->ea6a2b66-52a7-40dd-bf1f-b91ff39ef7ab: receive RaftClientReply:client-1A8A5DFA1A07->ea6a2b66-52a7-40dd-bf1f-b91ff39ef7ab@group-789CA09DFC1D, cid=42, FAILED org.apache.ratis.protocol.NotLeaderException: Server ea6a2b66-52a7-40dd-bf1f-b91ff39ef7ab is not the leader (null). Request must be sent to leader., logIndex=0, commits[ea6a2b66-52a7-40dd-bf1f-b91ff39ef7ab:c-1]
2019-07-31 00:49:06,704 INFO  impl.FollowerState (FollowerState.java:run(106)) - 57d56d22-c073-4cf9-913f-0296d8493da6:group-D6988D65D439 changes to CANDIDATE, lastRpcTime:5000, electionTimeout:5000ms
2019-07-31 00:49:06,704 INFO  impl.RoleInfo (RoleInfo.java:shutdownFollowerState(121)) - 57d56d22-c073-4cf9-913f-0296d8493da6: shutdown FollowerState
2019-07-31 00:49:06,705 INFO  impl.RaftServerImpl (RaftServerImpl.java:setRole(171)) - 57d56d22-c073-4cf9-913f-0296d8493da6:group-D6988D65D439 changes role from FOLLOWER to CANDIDATE at term 0 for changeToCandidate
2019-07-31 00:49:06,705 INFO  impl.RoleInfo (RoleInfo.java:updateAndGet(143)) - 57d56d22-c073-4cf9-913f-0296d8493da6: start LeaderElection
2019-07-31 00:49:06,711 INFO  impl.FollowerState (FollowerState.java:run(106)) - 2ffbce9c-38d9-435c-bbc9-44adb415d185:group-87AB533FEA26 changes to CANDIDATE, lastRpcTime:5198, electionTimeout:5197ms
2019-07-31 00:49:06,711 INFO  impl.RoleInfo (RoleInfo.java:shutdownFollowerState(121)) - 2ffbce9c-38d9-435c-bbc9-44adb415d185: shutdown FollowerState
2019-07-31 00:49:06,711 INFO  impl.RaftServerImpl (RaftServerImpl.java:setRole(171)) - 2ffbce9c-38d9-435c-bbc9-44adb415d185:group-87AB533FEA26 changes role from FOLLOWER to CANDIDATE at term 0 for changeToCandidate
2019-07-31 00:49:06,712 INFO  impl.RoleInfo (RoleInfo.java:updateAndGet(143)) - 2ffbce9c-38d9-435c-bbc9-44adb415d185: start LeaderElection
2019-07-31 00:49:06,730 INFO  impl.LeaderElection (LeaderElection.java:askForVotes(181)) - 2ffbce9c-38d9-435c-bbc9-44adb415d185:group-87AB533FEA26:LeaderElection16: begin an election at term 1 for -1: [2ffbce9c-38d9-435c-bbc9-44adb415d185:192.168.69.114:42215], old=null
2019-07-31 00:49:06,730 INFO  impl.LeaderElection (LeaderElection.java:askForVotes(181)) - 57d56d22-c073-4cf9-913f-0296d8493da6:group-D6988D65D439:LeaderElection15: begin an election at term 1 for -1: [57d56d22-c073-4cf9-913f-0296d8493da6:192.168.69.114:33295], old=null
2019-07-31 00:49:06,730 INFO  impl.RoleInfo (RoleInfo.java:shutdownLeaderElection(134)) - 2ffbce9c-38d9-435c-bbc9-44adb415d185: shutdown LeaderElection
2019-07-31 00:49:06,730 INFO  impl.RoleInfo (RoleInfo.java:shutdownLeaderElection(134)) - 57d56d22-c073-4cf9-913f-0296d8493da6: shutdown LeaderElection
2019-07-31 00:49:06,731 INFO  impl.RaftServerImpl (RaftServerImpl.java:setRole(171)) - 2ffbce9c-38d9-435c-bbc9-44adb415d185:group-87AB533FEA26 changes role from CANDIDATE to LEADER at term 1 for changeToLeader
2019-07-31 00:49:06,731 INFO  impl.RaftServerImpl (RaftServerImpl.java:setRole(171)) - 57d56d22-c073-4cf9-913f-0296d8493da6:group-D6988D65D439 changes role from CANDIDATE to LEADER at term 1 for changeToLeader
2019-07-31 00:49:06,731 INFO  impl.RaftServerImpl (ServerState.java:setLeader(263)) - 2ffbce9c-38d9-435c-bbc9-44adb415d185:group-87AB533FEA26 change Leader from null to 2ffbce9c-38d9-435c-bbc9-44adb415d185 at term 1 for becomeLeader, leader elected after 5222ms
2019-07-31 00:49:06,731 INFO  impl.RaftServerImpl (ServerState.java:setLeader(263)) - 57d56d22-c073-4cf9-913f-0296d8493da6:group-D6988D65D439 change Leader from null to 57d56d22-c073-4cf9-913f-0296d8493da6 at term 1 for becomeLeader, leader elected after 5032ms
2019-07-31 00:49:06,734 INFO  server.RaftServerConfigKeys (ConfUtils.java:logGet(43)) - raft.server.staging.catchup.gap = 1000 (default)
2019-07-31 00:49:06,736 INFO  server.RaftServerConfigKeys (ConfUtils.java:logGet(43)) - raft.server.staging.catchup.gap = 1000 (default)
2019-07-31 00:49:06,736 INFO  server.RaftServerConfigKeys (ConfUtils.java:logGet(43)) - raft.server.rpc.sleep.time = 25ms (default)
2019-07-31 00:49:06,737 INFO  server.RaftServerConfigKeys (ConfUtils.java:logGet(43)) - raft.server.rpc.sleep.time = 25ms (default)
2019-07-31 00:49:06,737 INFO  server.RaftServerConfigKeys (ConfUtils.java:logGet(43)) - raft.server.write.element-limit = 4096 (default)
2019-07-31 00:49:06,737 INFO  server.RaftServerConfigKeys (ConfUtils.java:logGet(43)) - raft.server.write.element-limit = 4096 (default)
2019-07-31 00:49:06,737 INFO  server.RaftServerConfigKeys (ConfUtils.java:logGet(43)) - raft.server.watch.timeout = 10s (default)
2019-07-31 00:49:06,737 INFO  server.RaftServerConfigKeys (ConfUtils.java:logGet(43)) - raft.server.watch.timeout = 10s (default)
2019-07-31 00:49:06,737 INFO  server.RaftServerConfigKeys (ConfUtils.java:logGet(43)) - raft.server.watch.timeout.denomination = 1s (default)
2019-07-31 00:49:06,737 INFO  server.RaftServerConfigKeys (ConfUtils.java:logGet(43)) - raft.server.watch.timeout.denomination = 1s (default)
2019-07-31 00:49:06,738 INFO  server.RaftServerConfigKeys (ConfUtils.java:logGet(43)) - raft.server.watch.element-limit = 65536 (default)
2019-07-31 00:49:06,738 INFO  server.RaftServerConfigKeys (ConfUtils.java:logGet(43)) - raft.server.watch.element-limit = 65536 (default)
2019-07-31 00:49:06,738 INFO  impl.RoleInfo (RoleInfo.java:updateAndGet(143)) - 2ffbce9c-38d9-435c-bbc9-44adb415d185: start LeaderState
2019-07-31 00:49:06,738 INFO  impl.RoleInfo (RoleInfo.java:updateAndGet(143)) - 57d56d22-c073-4cf9-913f-0296d8493da6: start LeaderState
2019-07-31 00:49:06,738 INFO  segmented.SegmentedRaftLogWorker (SegmentedRaftLogWorker.java:startLogSegment(380)) - 2ffbce9c-38d9-435c-bbc9-44adb415d185-SegmentedRaftLogWorker:Storage Directory /workdir/hadoop-ozone/integration-test/target/test-dir/MiniOzoneClusterImpl-5e7578f6-c7d5-4fb0-a9a6-c5f08596d10b/datanode-1/data/ratis/19206706-4b88-4346-8088-87ab533fea26: Starting segment from index:0
2019-07-31 00:49:06,738 INFO  segmented.SegmentedRaftLogWorker (SegmentedRaftLogWorker.java:startLogSegment(380)) - 57d56d22-c073-4cf9-913f-0296d8493da6-SegmentedRaftLogWorker:Storage Directory /workdir/hadoop-ozone/integration-test/target/test-dir/MiniOzoneClusterImpl-5e7578f6-c7d5-4fb0-a9a6-c5f08596d10b/datanode-2/data/ratis/ab721920-dac0-42d8-bf99-d6988d65d439: Starting segment from index:0
2019-07-31 00:49:06,739 INFO  impl.RaftServerImpl (ServerState.java:setRaftConf(361)) - 2ffbce9c-38d9-435c-bbc9-44adb415d185:group-87AB533FEA26 set configuration 0: [2ffbce9c-38d9-435c-bbc9-44adb415d185:192.168.69.114:42215], old=null at 0
2019-07-31 00:49:06,739 INFO  impl.RaftServerImpl (ServerState.java:setRaftConf(361)) - 57d56d22-c073-4cf9-913f-0296d8493da6:group-D6988D65D439 set configuration 0: [57d56d22-c073-4cf9-913f-0296d8493da6:192.168.69.114:33295], old=null at 0
2019-07-31 00:49:06,772 INFO  segmented.SegmentedRaftLogWorker (SegmentedRaftLogWorker.java:execute(569)) - 2ffbce9c-38d9-435c-bbc9-44adb415d185-SegmentedRaftLogWorker:Storage Directory /workdir/hadoop-ozone/integration-test/target/test-dir/MiniOzoneClusterImpl-5e7578f6-c7d5-4fb0-a9a6-c5f08596d10b/datanode-1/data/ratis/19206706-4b88-4346-8088-87ab533fea26: created new log segment /workdir/hadoop-ozone/integration-test/target/test-dir/MiniOzoneClusterImpl-5e7578f6-c7d5-4fb0-a9a6-c5f08596d10b/datanode-1/data/ratis/19206706-4b88-4346-8088-87ab533fea26/current/log_inprogress_0
2019-07-31 00:49:06,772 INFO  segmented.SegmentedRaftLogWorker (SegmentedRaftLogWorker.java:execute(569)) - 57d56d22-c073-4cf9-913f-0296d8493da6-SegmentedRaftLogWorker:Storage Directory /workdir/hadoop-ozone/integration-test/target/test-dir/MiniOzoneClusterImpl-5e7578f6-c7d5-4fb0-a9a6-c5f08596d10b/datanode-2/data/ratis/ab721920-dac0-42d8-bf99-d6988d65d439: created new log segment /workdir/hadoop-ozone/integration-test/target/test-dir/MiniOzoneClusterImpl-5e7578f6-c7d5-4fb0-a9a6-c5f08596d10b/datanode-2/data/ratis/ab721920-dac0-42d8-bf99-d6988d65d439/current/log_inprogress_0
2019-07-31 00:49:06,804 INFO  impl.FollowerState (FollowerState.java:run(106)) - 57d56d22-c073-4cf9-913f-0296d8493da6:group-3EFC94A02EDD changes to CANDIDATE, lastRpcTime:5002, electionTimeout:5002ms
2019-07-31 00:49:06,804 INFO  impl.RoleInfo (RoleInfo.java:shutdownFollowerState(121)) - 57d56d22-c073-4cf9-913f-0296d8493da6: shutdown FollowerState
2019-07-31 00:49:06,804 INFO  impl.RaftServerImpl (RaftServerImpl.java:setRole(171)) - 57d56d22-c073-4cf9-913f-0296d8493da6:group-3EFC94A02EDD changes role from FOLLOWER to CANDIDATE at term 0 for changeToCandidate
2019-07-31 00:49:06,805 INFO  impl.RoleInfo (RoleInfo.java:updateAndGet(143)) - 57d56d22-c073-4cf9-913f-0296d8493da6: start LeaderElection
2019-07-31 00:49:06,832 INFO  impl.LeaderElection (LeaderElection.java:askForVotes(181)) - 57d56d22-c073-4cf9-913f-0296d8493da6:group-3EFC94A02EDD:LeaderElection17: begin an election at term 1 for -1: [2ffbce9c-38d9-435c-bbc9-44adb415d185:192.168.69.114:42215, 6035a6a3-d448-4ff9-8fe3-eebf4fa5ff66:192.168.69.114:33208, 57d56d22-c073-4cf9-913f-0296d8493da6:192.168.69.114:33295], old=null
2019-07-31 00:49:06,839 INFO  impl.RaftServerImpl (RaftServerImpl.java:setRole(171)) - 2ffbce9c-38d9-435c-bbc9-44adb415d185:group-3EFC94A02EDD changes role from FOLLOWER to FOLLOWER at term 1 for recognizeCandidate:57d56d22-c073-4cf9-913f-0296d8493da6
2019-07-31 00:49:06,839 INFO  impl.RaftServerImpl (RaftServerImpl.java:setRole(171)) - 6035a6a3-d448-4ff9-8fe3-eebf4fa5ff66:group-3EFC94A02EDD changes role from FOLLOWER to FOLLOWER at term 1 for recognizeCandidate:57d56d22-c073-4cf9-913f-0296d8493da6
2019-07-31 00:49:06,839 INFO  impl.RoleInfo (RoleInfo.java:shutdownFollowerState(121)) - 2ffbce9c-38d9-435c-bbc9-44adb415d185: shutdown FollowerState
2019-07-31 00:49:06,840 INFO  impl.RoleInfo (RoleInfo.java:shutdownFollowerState(121)) - 6035a6a3-d448-4ff9-8fe3-eebf4fa5ff66: shutdown FollowerState
2019-07-31 00:49:06,840 INFO  impl.RoleInfo (RoleInfo.java:updateAndGet(143)) - 2ffbce9c-38d9-435c-bbc9-44adb415d185: start FollowerState
2019-07-31 00:49:06,840 INFO  impl.FollowerState (FollowerState.java:run(114)) - 6035a6a3-d448-4ff9-8fe3-eebf4fa5ff66: FollowerState was interrupted: java.lang.InterruptedException: sleep interrupted
2019-07-31 00:49:06,840 INFO  impl.RoleInfo (RoleInfo.java:updateAndGet(143)) - 6035a6a3-d448-4ff9-8fe3-eebf4fa5ff66: start FollowerState
2019-07-31 00:49:06,840 INFO  impl.FollowerState (FollowerState.java:run(114)) - 2ffbce9c-38d9-435c-bbc9-44adb415d185: FollowerState was interrupted: java.lang.InterruptedException: sleep interrupted
2019-07-31 00:49:06,862 INFO  impl.LeaderElection (LeaderElection.java:logAndReturn(56)) - 57d56d22-c073-4cf9-913f-0296d8493da6:group-3EFC94A02EDD:LeaderElection17: Election PASSED; received 1 response(s) [57d56d22-c073-4cf9-913f-0296d8493da6<-6035a6a3-d448-4ff9-8fe3-eebf4fa5ff66#0:OK-t1] and 0 exception(s); 57d56d22-c073-4cf9-913f-0296d8493da6:t1, leader=null, voted=57d56d22-c073-4cf9-913f-0296d8493da6, raftlog=57d56d22-c073-4cf9-913f-0296d8493da6-SegmentedRaftLog:OPENED:c-1,f-1,i0, conf=-1: [2ffbce9c-38d9-435c-bbc9-44adb415d185:192.168.69.114:42215, 6035a6a3-d448-4ff9-8fe3-eebf4fa5ff66:192.168.69.114:33208, 57d56d22-c073-4cf9-913f-0296d8493da6:192.168.69.114:33295], old=null
2019-07-31 00:49:06,862 INFO  impl.RoleInfo (RoleInfo.java:shutdownLeaderElection(134)) - 57d56d22-c073-4cf9-913f-0296d8493da6: shutdown LeaderElection
2019-07-31 00:49:06,862 INFO  impl.RaftServerImpl (RaftServerImpl.java:setRole(171)) - 57d56d22-c073-4cf9-913f-0296d8493da6:group-3EFC94A02EDD changes role from CANDIDATE to LEADER at term 1 for changeToLeader
2019-07-31 00:49:06,862 INFO  impl.RaftServerImpl (ServerState.java:setLeader(263)) - 57d56d22-c073-4cf9-913f-0296d8493da6:group-3EFC94A02EDD change Leader from null to 57d56d22-c073-4cf9-913f-0296d8493da6 at term 1 for becomeLeader, leader elected after 5092ms
2019-07-31 00:49:06,863 INFO  server.RaftServerConfigKeys (ConfUtils.java:logGet(43)) - raft.server.staging.catchup.gap = 1000 (default)
2019-07-31 00:49:06,863 INFO  server.RaftServerConfigKeys (ConfUtils.java:logGet(43)) - raft.server.rpc.sleep.time = 25ms (default)
2019-07-31 00:49:06,863 INFO  server.RaftServerConfigKeys (ConfUtils.java:logGet(43)) - raft.server.write.element-limit = 4096 (default)
2019-07-31 00:49:06,863 INFO  server.RaftServerConfigKeys (ConfUtils.java:logGet(43)) - raft.server.watch.timeout = 10s (default)
2019-07-31 00:49:06,863 INFO  server.RaftServerConfigKeys (ConfUtils.java:logGet(43)) - raft.server.watch.timeout.denomination = 1s (default)
2019-07-31 00:49:06,863 INFO  server.RaftServerConfigKeys (ConfUtils.java:logGet(43)) - raft.server.watch.element-limit = 65536 (default)
2019-07-31 00:49:06,864 INFO  server.RaftServerConfigKeys (ConfUtils.java:logGet(43)) - raft.server.log.appender.snapshot.chunk.size.max = 16MB (=16777216) (default)
2019-07-31 00:49:06,864 INFO  server.RaftServerConfigKeys (ConfUtils.java:logGet(43)) - raft.server.log.appender.buffer.byte-limit = 33554432 (custom)
2019-07-31 00:49:06,864 INFO  server.RaftServerConfigKeys (ConfUtils.java:logGet(43)) - raft.server.log.appender.buffer.element-limit = 1 (custom)
2019-07-31 00:49:06,865 INFO  grpc.GrpcConfigKeys$Server (ConfUtils.java:logGet(43)) - raft.grpc.server.leader.outstanding.appends.max = 128 (default)
2019-07-31 00:49:06,865 INFO  server.RaftServerConfigKeys (ConfUtils.java:logGet(43)) - raft.server.rpc.request.timeout = 3000ms (default)
2019-07-31 00:49:06,865 INFO  server.RaftServerConfigKeys (ConfUtils.java:logGet(43)) - raft.server.log.appender.install.snapshot.enabled = false (custom)
2019-07-31 00:49:06,865 INFO  server.RaftServerConfigKeys (ConfUtils.java:logGet(43)) - raft.server.log.appender.snapshot.chunk.size.max = 16MB (=16777216) (default)
2019-07-31 00:49:06,866 INFO  server.RaftServerConfigKeys (ConfUtils.java:logGet(43)) - raft.server.log.appender.buffer.byte-limit = 33554432 (custom)
2019-07-31 00:49:06,866 INFO  server.RaftServerConfigKeys (ConfUtils.java:logGet(43)) - raft.server.log.appender.buffer.element-limit = 1 (custom)
2019-07-31 00:49:06,866 INFO  grpc.GrpcConfigKeys$Server (ConfUtils.java:logGet(43)) - raft.grpc.server.leader.outstanding.appends.max = 128 (default)
2019-07-31 00:49:06,866 INFO  server.RaftServerConfigKeys (ConfUtils.java:logGet(43)) - raft.server.rpc.request.timeout = 3000ms (default)
2019-07-31 00:49:06,867 INFO  server.RaftServerConfigKeys (ConfUtils.java:logGet(43)) - raft.server.log.appender.install.snapshot.enabled = false (custom)
2019-07-31 00:49:06,867 INFO  impl.RoleInfo (RoleInfo.java:updateAndGet(143)) - 57d56d22-c073-4cf9-913f-0296d8493da6: start LeaderState
2019-07-31 00:49:06,867 INFO  segmented.SegmentedRaftLogWorker (SegmentedRaftLogWorker.java:startLogSegment(380)) - 57d56d22-c073-4cf9-913f-0296d8493da6-SegmentedRaftLogWorker:Storage Directory /workdir/hadoop-ozone/integration-test/target/test-dir/MiniOzoneClusterImpl-5e7578f6-c7d5-4fb0-a9a6-c5f08596d10b/datanode-2/data/ratis/8aad4de8-67eb-4193-8c2c-3efc94a02edd: Starting segment from index:0
2019-07-31 00:49:06,889 INFO  impl.RaftServerImpl (ServerState.java:setRaftConf(361)) - 57d56d22-c073-4cf9-913f-0296d8493da6:group-3EFC94A02EDD set configuration 0: [2ffbce9c-38d9-435c-bbc9-44adb415d185:192.168.69.114:42215, 6035a6a3-d448-4ff9-8fe3-eebf4fa5ff66:192.168.69.114:33208, 57d56d22-c073-4cf9-913f-0296d8493da6:192.168.69.114:33295], old=null at 0
2019-07-31 00:49:06,895 INFO  impl.RaftServerImpl (ServerState.java:setLeader(263)) - 6035a6a3-d448-4ff9-8fe3-eebf4fa5ff66:group-3EFC94A02EDD change Leader from null to 57d56d22-c073-4cf9-913f-0296d8493da6 at term 1 for appendEntries, leader elected after 5124ms
2019-07-31 00:49:06,895 INFO  impl.RaftServerImpl (ServerState.java:setLeader(263)) - 2ffbce9c-38d9-435c-bbc9-44adb415d185:group-3EFC94A02EDD change Leader from null to 57d56d22-c073-4cf9-913f-0296d8493da6 at term 1 for appendEntries, leader elected after 5124ms
2019-07-31 00:49:06,902 INFO  segmented.SegmentedRaftLogWorker (SegmentedRaftLogWorker.java:execute(569)) - 57d56d22-c073-4cf9-913f-0296d8493da6-SegmentedRaftLogWorker:Storage Directory /workdir/hadoop-ozone/integration-test/target/test-dir/MiniOzoneClusterImpl-5e7578f6-c7d5-4fb0-a9a6-c5f08596d10b/datanode-2/data/ratis/8aad4de8-67eb-4193-8c2c-3efc94a02edd: created new log segment /workdir/hadoop-ozone/integration-test/target/test-dir/MiniOzoneClusterImpl-5e7578f6-c7d5-4fb0-a9a6-c5f08596d10b/datanode-2/data/ratis/8aad4de8-67eb-4193-8c2c-3efc94a02edd/current/log_inprogress_0
2019-07-31 00:49:06,903 INFO  impl.RaftServerImpl (ServerState.java:setRaftConf(361)) - 6035a6a3-d448-4ff9-8fe3-eebf4fa5ff66:group-3EFC94A02EDD set configuration 0: [2ffbce9c-38d9-435c-bbc9-44adb415d185:192.168.69.114:42215, 6035a6a3-d448-4ff9-8fe3-eebf4fa5ff66:192.168.69.114:33208, 57d56d22-c073-4cf9-913f-0296d8493da6:192.168.69.114:33295], old=null at 0
2019-07-31 00:49:06,903 INFO  impl.RaftServerImpl (ServerState.java:setRaftConf(361)) - 2ffbce9c-38d9-435c-bbc9-44adb415d185:group-3EFC94A02EDD set configuration 0: [2ffbce9c-38d9-435c-bbc9-44adb415d185:192.168.69.114:42215, 6035a6a3-d448-4ff9-8fe3-eebf4fa5ff66:192.168.69.114:33208, 57d56d22-c073-4cf9-913f-0296d8493da6:192.168.69.114:33295], old=null at 0
2019-07-31 00:49:06,903 INFO  segmented.SegmentedRaftLogWorker (SegmentedRaftLogWorker.java:startLogSegment(380)) - 6035a6a3-d448-4ff9-8fe3-eebf4fa5ff66-SegmentedRaftLogWorker:Storage Directory /workdir/hadoop-ozone/integration-test/target/test-dir/MiniOzoneClusterImpl-5e7578f6-c7d5-4fb0-a9a6-c5f08596d10b/datanode-0/data/ratis/8aad4de8-67eb-4193-8c2c-3efc94a02edd: Starting segment from index:0
2019-07-31 00:49:06,904 INFO  segmented.SegmentedRaftLogWorker (SegmentedRaftLogWorker.java:startLogSegment(380)) - 2ffbce9c-38d9-435c-bbc9-44adb415d185-SegmentedRaftLogWorker:Storage Directory /workdir/hadoop-ozone/integration-test/target/test-dir/MiniOzoneClusterImpl-5e7578f6-c7d5-4fb0-a9a6-c5f08596d10b/datanode-1/data/ratis/8aad4de8-67eb-4193-8c2c-3efc94a02edd: Starting segment from index:0
2019-07-31 00:49:06,931 INFO  impl.FollowerState (FollowerState.java:run(106)) - f34c4c6f-d2eb-407d-ac06-47c21c7abed1:group-9EED6E166ED7 changes to CANDIDATE, lastRpcTime:5062, electionTimeout:5062ms
2019-07-31 00:49:06,931 INFO  impl.RoleInfo (RoleInfo.java:shutdownFollowerState(121)) - f34c4c6f-d2eb-407d-ac06-47c21c7abed1: shutdown FollowerState
2019-07-31 00:49:06,931 INFO  impl.RaftServerImpl (RaftServerImpl.java:setRole(171)) - f34c4c6f-d2eb-407d-ac06-47c21c7abed1:group-9EED6E166ED7 changes role from FOLLOWER to CANDIDATE at term 0 for changeToCandidate
2019-07-31 00:49:06,931 INFO  impl.RoleInfo (RoleInfo.java:updateAndGet(143)) - f34c4c6f-d2eb-407d-ac06-47c21c7abed1: start LeaderElection
2019-07-31 00:49:06,936 INFO  segmented.SegmentedRaftLogWorker (SegmentedRaftLogWorker.java:execute(569)) - 6035a6a3-d448-4ff9-8fe3-eebf4fa5ff66-SegmentedRaftLogWorker:Storage Directory /workdir/hadoop-ozone/integration-test/target/test-dir/MiniOzoneClusterImpl-5e7578f6-c7d5-4fb0-a9a6-c5f08596d10b/datanode-0/data/ratis/8aad4de8-67eb-4193-8c2c-3efc94a02edd: created new log segment /workdir/hadoop-ozone/integration-test/target/test-dir/MiniOzoneClusterImpl-5e7578f6-c7d5-4fb0-a9a6-c5f08596d10b/datanode-0/data/ratis/8aad4de8-67eb-4193-8c2c-3efc94a02edd/current/log_inprogress_0
2019-07-31 00:49:06,938 INFO  segmented.SegmentedRaftLogWorker (SegmentedRaftLogWorker.java:execute(569)) - 2ffbce9c-38d9-435c-bbc9-44adb415d185-SegmentedRaftLogWorker:Storage Directory /workdir/hadoop-ozone/integration-test/target/test-dir/MiniOzoneClusterImpl-5e7578f6-c7d5-4fb0-a9a6-c5f08596d10b/datanode-1/data/ratis/8aad4de8-67eb-4193-8c2c-3efc94a02edd: created new log segment /workdir/hadoop-ozone/integration-test/target/test-dir/MiniOzoneClusterImpl-5e7578f6-c7d5-4fb0-a9a6-c5f08596d10b/datanode-1/data/ratis/8aad4de8-67eb-4193-8c2c-3efc94a02edd/current/log_inprogress_0
2019-07-31 00:49:06,951 INFO  impl.LeaderElection (LeaderElection.java:askForVotes(181)) - f34c4c6f-d2eb-407d-ac06-47c21c7abed1:group-9EED6E166ED7:LeaderElection18: begin an election at term 1 for -1: [f34c4c6f-d2eb-407d-ac06-47c21c7abed1:192.168.69.114:34313], old=null
2019-07-31 00:49:06,952 INFO  impl.RoleInfo (RoleInfo.java:shutdownLeaderElection(134)) - f34c4c6f-d2eb-407d-ac06-47c21c7abed1: shutdown LeaderElection
2019-07-31 00:49:06,952 INFO  impl.RaftServerImpl (RaftServerImpl.java:setRole(171)) - f34c4c6f-d2eb-407d-ac06-47c21c7abed1:group-9EED6E166ED7 changes role from CANDIDATE to LEADER at term 1 for changeToLeader
2019-07-31 00:49:06,952 INFO  impl.RaftServerImpl (ServerState.java:setLeader(263)) - f34c4c6f-d2eb-407d-ac06-47c21c7abed1:group-9EED6E166ED7 change Leader from null to f34c4c6f-d2eb-407d-ac06-47c21c7abed1 at term 1 for becomeLeader, leader elected after 5088ms
2019-07-31 00:49:06,954 INFO  server.RaftServerConfigKeys (ConfUtils.java:logGet(43)) - raft.server.staging.catchup.gap = 1000 (default)
2019-07-31 00:49:06,954 INFO  server.RaftServerConfigKeys (ConfUtils.java:logGet(43)) - raft.server.rpc.sleep.time = 25ms (default)
2019-07-31 00:49:06,955 INFO  server.RaftServerConfigKeys (ConfUtils.java:logGet(43)) - raft.server.write.element-limit = 4096 (default)
2019-07-31 00:49:06,955 INFO  server.RaftServerConfigKeys (ConfUtils.java:logGet(43)) - raft.server.watch.timeout = 10s (default)
2019-07-31 00:49:06,955 INFO  server.RaftServerConfigKeys (ConfUtils.java:logGet(43)) - raft.server.watch.timeout.denomination = 1s (default)
2019-07-31 00:49:06,955 INFO  server.RaftServerConfigKeys (ConfUtils.java:logGet(43)) - raft.server.watch.element-limit = 65536 (default)
2019-07-31 00:49:06,955 INFO  impl.RoleInfo (RoleInfo.java:updateAndGet(143)) - f34c4c6f-d2eb-407d-ac06-47c21c7abed1: start LeaderState
2019-07-31 00:49:06,956 INFO  segmented.SegmentedRaftLogWorker (SegmentedRaftLogWorker.java:startLogSegment(380)) - f34c4c6f-d2eb-407d-ac06-47c21c7abed1-SegmentedRaftLogWorker:Storage Directory /workdir/hadoop-ozone/integration-test/target/test-dir/MiniOzoneClusterImpl-5e7578f6-c7d5-4fb0-a9a6-c5f08596d10b/datanode-3/data/ratis/99aafdbe-3ca9-40b5-9a33-9eed6e166ed7: Starting segment from index:0
2019-07-31 00:49:06,956 INFO  impl.RaftServerImpl (ServerState.java:setRaftConf(361)) - f34c4c6f-d2eb-407d-ac06-47c21c7abed1:group-9EED6E166ED7 set configuration 0: [f34c4c6f-d2eb-407d-ac06-47c21c7abed1:192.168.69.114:34313], old=null at 0
2019-07-31 00:49:06,990 INFO  segmented.SegmentedRaftLogWorker (SegmentedRaftLogWorker.java:execute(569)) - f34c4c6f-d2eb-407d-ac06-47c21c7abed1-SegmentedRaftLogWorker:Storage Directory /workdir/hadoop-ozone/integration-test/target/test-dir/MiniOzoneClusterImpl-5e7578f6-c7d5-4fb0-a9a6-c5f08596d10b/datanode-3/data/ratis/99aafdbe-3ca9-40b5-9a33-9eed6e166ed7: created new log segment /workdir/hadoop-ozone/integration-test/target/test-dir/MiniOzoneClusterImpl-5e7578f6-c7d5-4fb0-a9a6-c5f08596d10b/datanode-3/data/ratis/99aafdbe-3ca9-40b5-9a33-9eed6e166ed7/current/log_inprogress_0
2019-07-31 00:49:07,220 INFO  impl.FollowerState (FollowerState.java:run(106)) - 592200f1-3e1f-45d0-86ec-8b332dbc6e1e:group-B4DB5C5AC6A0 changes to CANDIDATE, lastRpcTime:5081, electionTimeout:5081ms
2019-07-31 00:49:07,220 INFO  impl.RoleInfo (RoleInfo.java:shutdownFollowerState(121)) - 592200f1-3e1f-45d0-86ec-8b332dbc6e1e: shutdown FollowerState
2019-07-31 00:49:07,221 INFO  impl.RaftServerImpl (RaftServerImpl.java:setRole(171)) - 592200f1-3e1f-45d0-86ec-8b332dbc6e1e:group-B4DB5C5AC6A0 changes role from FOLLOWER to CANDIDATE at term 0 for changeToCandidate
2019-07-31 00:49:07,221 INFO  impl.RoleInfo (RoleInfo.java:updateAndGet(143)) - 592200f1-3e1f-45d0-86ec-8b332dbc6e1e: start LeaderElection
2019-07-31 00:49:07,240 INFO  impl.LeaderElection (LeaderElection.java:askForVotes(181)) - 592200f1-3e1f-45d0-86ec-8b332dbc6e1e:group-B4DB5C5AC6A0:LeaderElection19: begin an election at term 1 for -1: [592200f1-3e1f-45d0-86ec-8b332dbc6e1e:192.168.69.114:32846], old=null
2019-07-31 00:49:07,241 INFO  impl.RoleInfo (RoleInfo.java:shutdownLeaderElection(134)) - 592200f1-3e1f-45d0-86ec-8b332dbc6e1e: shutdown LeaderElection
2019-07-31 00:49:07,241 INFO  impl.RaftServerImpl (RaftServerImpl.java:setRole(171)) - 592200f1-3e1f-45d0-86ec-8b332dbc6e1e:group-B4DB5C5AC6A0 changes role from CANDIDATE to LEADER at term 1 for changeToLeader
2019-07-31 00:49:07,241 INFO  impl.RaftServerImpl (ServerState.java:setLeader(263)) - 592200f1-3e1f-45d0-86ec-8b332dbc6e1e:group-B4DB5C5AC6A0 change Leader from null to 592200f1-3e1f-45d0-86ec-8b332dbc6e1e at term 1 for becomeLeader, leader elected after 5107ms
2019-07-31 00:49:07,243 INFO  server.RaftServerConfigKeys (ConfUtils.java:logGet(43)) - raft.server.staging.catchup.gap = 1000 (default)
2019-07-31 00:49:07,243 INFO  server.RaftServerConfigKeys (ConfUtils.java:logGet(43)) - raft.server.rpc.sleep.time = 25ms (default)
2019-07-31 00:49:07,244 INFO  server.RaftServerConfigKeys (ConfUtils.java:logGet(43)) - raft.server.write.element-limit = 4096 (default)
2019-07-31 00:49:07,244 INFO  server.RaftServerConfigKeys (ConfUtils.java:logGet(43)) - raft.server.watch.timeout = 10s (default)
2019-07-31 00:49:07,244 INFO  server.RaftServerConfigKeys (ConfUtils.java:logGet(43)) - raft.server.watch.timeout.denomination = 1s (default)
2019-07-31 00:49:07,244 INFO  server.RaftServerConfigKeys (ConfUtils.java:logGet(43)) - raft.server.watch.element-limit = 65536 (default)
2019-07-31 00:49:07,244 INFO  impl.RoleInfo (RoleInfo.java:updateAndGet(143)) - 592200f1-3e1f-45d0-86ec-8b332dbc6e1e: start LeaderState
2019-07-31 00:49:07,245 INFO  segmented.SegmentedRaftLogWorker (SegmentedRaftLogWorker.java:startLogSegment(380)) - 592200f1-3e1f-45d0-86ec-8b332dbc6e1e-SegmentedRaftLogWorker:Storage Directory /workdir/hadoop-ozone/integration-test/target/test-dir/MiniOzoneClusterImpl-5e7578f6-c7d5-4fb0-a9a6-c5f08596d10b/datanode-4/data/ratis/39056b2a-e0be-47e0-bc52-b4db5c5ac6a0: Starting segment from index:0
2019-07-31 00:49:07,245 INFO  impl.RaftServerImpl (ServerState.java:setRaftConf(361)) - 592200f1-3e1f-45d0-86ec-8b332dbc6e1e:group-B4DB5C5AC6A0 set configuration 0: [592200f1-3e1f-45d0-86ec-8b332dbc6e1e:192.168.69.114:32846], old=null at 0
2019-07-31 00:49:07,279 INFO  segmented.SegmentedRaftLogWorker (SegmentedRaftLogWorker.java:execute(569)) - 592200f1-3e1f-45d0-86ec-8b332dbc6e1e-SegmentedRaftLogWorker:Storage Directory /workdir/hadoop-ozone/integration-test/target/test-dir/MiniOzoneClusterImpl-5e7578f6-c7d5-4fb0-a9a6-c5f08596d10b/datanode-4/data/ratis/39056b2a-e0be-47e0-bc52-b4db5c5ac6a0: created new log segment /workdir/hadoop-ozone/integration-test/target/test-dir/MiniOzoneClusterImpl-5e7578f6-c7d5-4fb0-a9a6-c5f08596d10b/datanode-4/data/ratis/39056b2a-e0be-47e0-bc52-b4db5c5ac6a0/current/log_inprogress_0
2019-07-31 00:49:07,410 INFO  impl.FollowerState (FollowerState.java:run(106)) - ea6a2b66-52a7-40dd-bf1f-b91ff39ef7ab:group-A285D15AC18E changes to CANDIDATE, lastRpcTime:5092, electionTimeout:5092ms
2019-07-31 00:49:07,410 INFO  impl.RoleInfo (RoleInfo.java:shutdownFollowerState(121)) - ea6a2b66-52a7-40dd-bf1f-b91ff39ef7ab: shutdown FollowerState
2019-07-31 00:49:07,410 INFO  impl.RaftServerImpl (RaftServerImpl.java:setRole(171)) - ea6a2b66-52a7-40dd-bf1f-b91ff39ef7ab:group-A285D15AC18E changes role from FOLLOWER to CANDIDATE at term 0 for changeToCandidate
2019-07-31 00:49:07,410 INFO  impl.RoleInfo (RoleInfo.java:updateAndGet(143)) - ea6a2b66-52a7-40dd-bf1f-b91ff39ef7ab: start LeaderElection
2019-07-31 00:49:07,419 INFO  impl.FollowerState (FollowerState.java:run(106)) - ea6a2b66-52a7-40dd-bf1f-b91ff39ef7ab:group-789CA09DFC1D changes to CANDIDATE, lastRpcTime:5037, electionTimeout:5037ms
2019-07-31 00:49:07,420 INFO  impl.RoleInfo (RoleInfo.java:shutdownFollowerState(121)) - ea6a2b66-52a7-40dd-bf1f-b91ff39ef7ab: shutdown FollowerState
2019-07-31 00:49:07,420 INFO  impl.RaftServerImpl (RaftServerImpl.java:setRole(171)) - ea6a2b66-52a7-40dd-bf1f-b91ff39ef7ab:group-789CA09DFC1D changes role from FOLLOWER to CANDIDATE at term 0 for changeToCandidate
2019-07-31 00:49:07,420 INFO  impl.RoleInfo (RoleInfo.java:updateAndGet(143)) - ea6a2b66-52a7-40dd-bf1f-b91ff39ef7ab: start LeaderElection
2019-07-31 00:49:07,431 INFO  impl.LeaderElection (LeaderElection.java:askForVotes(181)) - ea6a2b66-52a7-40dd-bf1f-b91ff39ef7ab:group-789CA09DFC1D:LeaderElection21: begin an election at term 1 for -1: [ea6a2b66-52a7-40dd-bf1f-b91ff39ef7ab:192.168.69.114:42146, 592200f1-3e1f-45d0-86ec-8b332dbc6e1e:192.168.69.114:32846, f34c4c6f-d2eb-407d-ac06-47c21c7abed1:192.168.69.114:34313], old=null
2019-07-31 00:49:07,431 INFO  impl.LeaderElection (LeaderElection.java:askForVotes(181)) - ea6a2b66-52a7-40dd-bf1f-b91ff39ef7ab:group-A285D15AC18E:LeaderElection20: begin an election at term 1 for -1: [ea6a2b66-52a7-40dd-bf1f-b91ff39ef7ab:192.168.69.114:42146], old=null
2019-07-31 00:49:07,432 INFO  impl.RoleInfo (RoleInfo.java:shutdownLeaderElection(134)) - ea6a2b66-52a7-40dd-bf1f-b91ff39ef7ab: shutdown LeaderElection
2019-07-31 00:49:07,432 INFO  impl.RaftServerImpl (RaftServerImpl.java:setRole(171)) - ea6a2b66-52a7-40dd-bf1f-b91ff39ef7ab:group-A285D15AC18E changes role from CANDIDATE to LEADER at term 1 for changeToLeader
2019-07-31 00:49:07,432 INFO  impl.RaftServerImpl (ServerState.java:setLeader(263)) - ea6a2b66-52a7-40dd-bf1f-b91ff39ef7ab:group-A285D15AC18E change Leader from null to ea6a2b66-52a7-40dd-bf1f-b91ff39ef7ab at term 1 for becomeLeader, leader elected after 5120ms
2019-07-31 00:49:07,435 INFO  server.RaftServerConfigKeys (ConfUtils.java:logGet(43)) - raft.server.staging.catchup.gap = 1000 (default)
2019-07-31 00:49:07,435 INFO  server.RaftServerConfigKeys (ConfUtils.java:logGet(43)) - raft.server.rpc.sleep.time = 25ms (default)
2019-07-31 00:49:07,435 INFO  impl.FollowerState (FollowerState.java:run(106)) - 592200f1-3e1f-45d0-86ec-8b332dbc6e1e:group-789CA09DFC1D changes to CANDIDATE, lastRpcTime:5054, electionTimeout:5051ms
2019-07-31 00:49:07,435 INFO  server.RaftServerConfigKeys (ConfUtils.java:logGet(43)) - raft.server.write.element-limit = 4096 (default)
2019-07-31 00:49:07,435 INFO  impl.RoleInfo (RoleInfo.java:shutdownFollowerState(121)) - 592200f1-3e1f-45d0-86ec-8b332dbc6e1e: shutdown FollowerState
2019-07-31 00:49:07,435 INFO  server.RaftServerConfigKeys (ConfUtils.java:logGet(43)) - raft.server.watch.timeout = 10s (default)
2019-07-31 00:49:07,436 INFO  impl.RaftServerImpl (RaftServerImpl.java:setRole(171)) - 592200f1-3e1f-45d0-86ec-8b332dbc6e1e:group-789CA09DFC1D changes role from FOLLOWER to CANDIDATE at term 0 for changeToCandidate
2019-07-31 00:49:07,436 INFO  server.RaftServerConfigKeys (ConfUtils.java:logGet(43)) - raft.server.watch.timeout.denomination = 1s (default)
2019-07-31 00:49:07,436 INFO  server.RaftServerConfigKeys (ConfUtils.java:logGet(43)) - raft.server.watch.element-limit = 65536 (default)
2019-07-31 00:49:07,436 INFO  impl.RoleInfo (RoleInfo.java:updateAndGet(143)) - 592200f1-3e1f-45d0-86ec-8b332dbc6e1e: start LeaderElection
2019-07-31 00:49:07,436 INFO  impl.RoleInfo (RoleInfo.java:updateAndGet(143)) - ea6a2b66-52a7-40dd-bf1f-b91ff39ef7ab: start LeaderState
2019-07-31 00:49:07,443 INFO  segmented.SegmentedRaftLogWorker (SegmentedRaftLogWorker.java:startLogSegment(380)) - ea6a2b66-52a7-40dd-bf1f-b91ff39ef7ab-SegmentedRaftLogWorker:Storage Directory /workdir/hadoop-ozone/integration-test/target/test-dir/MiniOzoneClusterImpl-5e7578f6-c7d5-4fb0-a9a6-c5f08596d10b/datanode-5/data/ratis/de5ae3b0-d23b-4bf8-aa87-a285d15ac18e: Starting segment from index:0
2019-07-31 00:49:07,444 INFO  impl.RaftServerImpl (ServerState.java:setRaftConf(361)) - ea6a2b66-52a7-40dd-bf1f-b91ff39ef7ab:group-A285D15AC18E set configuration 0: [ea6a2b66-52a7-40dd-bf1f-b91ff39ef7ab:192.168.69.114:42146], old=null at 0
2019-07-31 00:49:07,451 INFO  impl.RaftServerImpl (RaftServerImpl.java:setRole(171)) - f34c4c6f-d2eb-407d-ac06-47c21c7abed1:group-789CA09DFC1D changes role from FOLLOWER to FOLLOWER at term 1 for recognizeCandidate:ea6a2b66-52a7-40dd-bf1f-b91ff39ef7ab
2019-07-31 00:49:07,451 INFO  impl.RoleInfo (RoleInfo.java:shutdownFollowerState(121)) - f34c4c6f-d2eb-407d-ac06-47c21c7abed1: shutdown FollowerState
2019-07-31 00:49:07,452 INFO  impl.RoleInfo (RoleInfo.java:updateAndGet(143)) - f34c4c6f-d2eb-407d-ac06-47c21c7abed1: start FollowerState
2019-07-31 00:49:07,452 INFO  impl.FollowerState (FollowerState.java:run(114)) - f34c4c6f-d2eb-407d-ac06-47c21c7abed1: FollowerState was interrupted: java.lang.InterruptedException: sleep interrupted
2019-07-31 00:49:07,469 INFO  impl.LeaderElection (LeaderElection.java:askForVotes(181)) - 592200f1-3e1f-45d0-86ec-8b332dbc6e1e:group-789CA09DFC1D:LeaderElection22: begin an election at term 1 for -1: [ea6a2b66-52a7-40dd-bf1f-b91ff39ef7ab:192.168.69.114:42146, 592200f1-3e1f-45d0-86ec-8b332dbc6e1e:192.168.69.114:32846, f34c4c6f-d2eb-407d-ac06-47c21c7abed1:192.168.69.114:34313], old=null
2019-07-31 00:49:07,482 INFO  segmented.SegmentedRaftLogWorker (SegmentedRaftLogWorker.java:execute(569)) - ea6a2b66-52a7-40dd-bf1f-b91ff39ef7ab-SegmentedRaftLogWorker:Storage Directory /workdir/hadoop-ozone/integration-test/target/test-dir/MiniOzoneClusterImpl-5e7578f6-c7d5-4fb0-a9a6-c5f08596d10b/datanode-5/data/ratis/de5ae3b0-d23b-4bf8-aa87-a285d15ac18e: created new log segment /workdir/hadoop-ozone/integration-test/target/test-dir/MiniOzoneClusterImpl-5e7578f6-c7d5-4fb0-a9a6-c5f08596d10b/datanode-5/data/ratis/de5ae3b0-d23b-4bf8-aa87-a285d15ac18e/current/log_inprogress_0
2019-07-31 00:49:07,484 INFO  impl.LeaderElection (LeaderElection.java:logAndReturn(56)) - ea6a2b66-52a7-40dd-bf1f-b91ff39ef7ab:group-789CA09DFC1D:LeaderElection21: Election PASSED; received 2 response(s) [ea6a2b66-52a7-40dd-bf1f-b91ff39ef7ab<-592200f1-3e1f-45d0-86ec-8b332dbc6e1e#0:FAIL-t1, ea6a2b66-52a7-40dd-bf1f-b91ff39ef7ab<-f34c4c6f-d2eb-407d-ac06-47c21c7abed1#0:OK-t1] and 0 exception(s); ea6a2b66-52a7-40dd-bf1f-b91ff39ef7ab:t1, leader=null, voted=ea6a2b66-52a7-40dd-bf1f-b91ff39ef7ab, raftlog=ea6a2b66-52a7-40dd-bf1f-b91ff39ef7ab-SegmentedRaftLog:OPENED:c-1,f-1,i0, conf=-1: [ea6a2b66-52a7-40dd-bf1f-b91ff39ef7ab:192.168.69.114:42146, 592200f1-3e1f-45d0-86ec-8b332dbc6e1e:192.168.69.114:32846, f34c4c6f-d2eb-407d-ac06-47c21c7abed1:192.168.69.114:34313], old=null
2019-07-31 00:49:07,484 INFO  impl.RoleInfo (RoleInfo.java:shutdownLeaderElection(134)) - ea6a2b66-52a7-40dd-bf1f-b91ff39ef7ab: shutdown LeaderElection
2019-07-31 00:49:07,485 INFO  impl.RaftServerImpl (RaftServerImpl.java:setRole(171)) - ea6a2b66-52a7-40dd-bf1f-b91ff39ef7ab:group-789CA09DFC1D changes role from CANDIDATE to LEADER at term 1 for changeToLeader
2019-07-31 00:49:07,485 INFO  impl.RaftServerImpl (ServerState.java:setLeader(263)) - ea6a2b66-52a7-40dd-bf1f-b91ff39ef7ab:group-789CA09DFC1D change Leader from null to ea6a2b66-52a7-40dd-bf1f-b91ff39ef7ab at term 1 for becomeLeader, leader elected after 5115ms
2019-07-31 00:49:07,485 INFO  impl.LeaderElection (LeaderElection.java:logAndReturn(56)) - 592200f1-3e1f-45d0-86ec-8b332dbc6e1e:group-789CA09DFC1D:LeaderElection22: Election REJECTED; received 2 response(s) [592200f1-3e1f-45d0-86ec-8b332dbc6e1e<-ea6a2b66-52a7-40dd-bf1f-b91ff39ef7ab#0:FAIL-t1, 592200f1-3e1f-45d0-86ec-8b332dbc6e1e<-f34c4c6f-d2eb-407d-ac06-47c21c7abed1#0:FAIL-t1] and 0 exception(s); 592200f1-3e1f-45d0-86ec-8b332dbc6e1e:t1, leader=null, voted=592200f1-3e1f-45d0-86ec-8b332dbc6e1e, raftlog=592200f1-3e1f-45d0-86ec-8b332dbc6e1e-SegmentedRaftLog:OPENED:c-1,f-1,i0, conf=-1: [ea6a2b66-52a7-40dd-bf1f-b91ff39ef7ab:192.168.69.114:42146, 592200f1-3e1f-45d0-86ec-8b332dbc6e1e:192.168.69.114:32846, f34c4c6f-d2eb-407d-ac06-47c21c7abed1:192.168.69.114:34313], old=null
2019-07-31 00:49:07,485 INFO  server.RaftServerConfigKeys (ConfUtils.java:logGet(43)) - raft.server.staging.catchup.gap = 1000 (default)
2019-07-31 00:49:07,485 INFO  impl.RaftServerImpl (RaftServerImpl.java:setRole(171)) - 592200f1-3e1f-45d0-86ec-8b332dbc6e1e:group-789CA09DFC1D changes role from CANDIDATE to FOLLOWER at term 1 for DISCOVERED_A_NEW_TERM
2019-07-31 00:49:07,485 INFO  server.RaftServerConfigKeys (ConfUtils.java:logGet(43)) - raft.server.rpc.sleep.time = 25ms (default)
2019-07-31 00:49:07,485 INFO  impl.RoleInfo (RoleInfo.java:shutdownLeaderElection(134)) - 592200f1-3e1f-45d0-86ec-8b332dbc6e1e: shutdown LeaderElection
2019-07-31 00:49:07,486 INFO  server.RaftServerConfigKeys (ConfUtils.java:logGet(43)) - raft.server.write.element-limit = 4096 (default)
2019-07-31 00:49:07,486 INFO  impl.RoleInfo (RoleInfo.java:updateAndGet(143)) - 592200f1-3e1f-45d0-86ec-8b332dbc6e1e: start FollowerState
2019-07-31 00:49:07,486 INFO  server.RaftServerConfigKeys (ConfUtils.java:logGet(43)) - raft.server.watch.timeout = 10s (default)
2019-07-31 00:49:07,486 INFO  server.RaftServerConfigKeys (ConfUtils.java:logGet(43)) - raft.server.watch.timeout.denomination = 1s (default)
2019-07-31 00:49:07,486 INFO  server.RaftServerConfigKeys (ConfUtils.java:logGet(43)) - raft.server.watch.element-limit = 65536 (default)
2019-07-31 00:49:07,487 INFO  server.RaftServerConfigKeys (ConfUtils.java:logGet(43)) - raft.server.log.appender.snapshot.chunk.size.max = 16MB (=16777216) (default)
2019-07-31 00:49:07,487 INFO  server.RaftServerConfigKeys (ConfUtils.java:logGet(43)) - raft.server.log.appender.buffer.byte-limit = 33554432 (custom)
2019-07-31 00:49:07,487 INFO  server.RaftServerConfigKeys (ConfUtils.java:logGet(43)) - raft.server.log.appender.buffer.element-limit = 1 (custom)
2019-07-31 00:49:07,487 INFO  grpc.GrpcConfigKeys$Server (ConfUtils.java:logGet(43)) - raft.grpc.server.leader.outstanding.appends.max = 128 (default)
2019-07-31 00:49:07,488 INFO  server.RaftServerConfigKeys (ConfUtils.java:logGet(43)) - raft.server.rpc.request.timeout = 3000ms (default)
2019-07-31 00:49:07,488 INFO  server.RaftServerConfigKeys (ConfUtils.java:logGet(43)) - raft.server.log.appender.install.snapshot.enabled = false (custom)
2019-07-31 00:49:07,488 INFO  server.RaftServerConfigKeys (ConfUtils.java:logGet(43)) - raft.server.log.appender.snapshot.chunk.size.max = 16MB (=16777216) (default)
2019-07-31 00:49:07,488 INFO  server.RaftServerConfigKeys (ConfUtils.java:logGet(43)) - raft.server.log.appender.buffer.byte-limit = 33554432 (custom)
2019-07-31 00:49:07,488 INFO  server.RaftServerConfigKeys (ConfUtils.java:logGet(43)) - raft.server.log.appender.buffer.element-limit = 1 (custom)
2019-07-31 00:49:07,489 INFO  grpc.GrpcConfigKeys$Server (ConfUtils.java:logGet(43)) - raft.grpc.server.leader.outstanding.appends.max = 128 (default)
2019-07-31 00:49:07,489 INFO  server.RaftServerConfigKeys (ConfUtils.java:logGet(43)) - raft.server.rpc.request.timeout = 3000ms (default)
2019-07-31 00:49:07,489 INFO  server.RaftServerConfigKeys (ConfUtils.java:logGet(43)) - raft.server.log.appender.install.snapshot.enabled = false (custom)
2019-07-31 00:49:07,489 INFO  impl.RoleInfo (RoleInfo.java:updateAndGet(143)) - ea6a2b66-52a7-40dd-bf1f-b91ff39ef7ab: start LeaderState
2019-07-31 00:49:07,490 INFO  segmented.SegmentedRaftLogWorker (SegmentedRaftLogWorker.java:startLogSegment(380)) - ea6a2b66-52a7-40dd-bf1f-b91ff39ef7ab-SegmentedRaftLogWorker:Storage Directory /workdir/hadoop-ozone/integration-test/target/test-dir/MiniOzoneClusterImpl-5e7578f6-c7d5-4fb0-a9a6-c5f08596d10b/datanode-5/data/ratis/7029892e-6ab9-4dca-8571-789ca09dfc1d: Starting segment from index:0
2019-07-31 00:49:07,491 INFO  impl.RaftServerImpl (ServerState.java:setRaftConf(361)) - ea6a2b66-52a7-40dd-bf1f-b91ff39ef7ab:group-789CA09DFC1D set configuration 0: [ea6a2b66-52a7-40dd-bf1f-b91ff39ef7ab:192.168.69.114:42146, 592200f1-3e1f-45d0-86ec-8b332dbc6e1e:192.168.69.114:32846, f34c4c6f-d2eb-407d-ac06-47c21c7abed1:192.168.69.114:34313], old=null at 0
2019-07-31 00:49:07,492 INFO  impl.RaftServerImpl (ServerState.java:setLeader(263)) - 592200f1-3e1f-45d0-86ec-8b332dbc6e1e:group-789CA09DFC1D change Leader from null to ea6a2b66-52a7-40dd-bf1f-b91ff39ef7ab at term 1 for appendEntries, leader elected after 5123ms
2019-07-31 00:49:07,492 INFO  impl.RaftServerImpl (ServerState.java:setLeader(263)) - f34c4c6f-d2eb-407d-ac06-47c21c7abed1:group-789CA09DFC1D change Leader from null to ea6a2b66-52a7-40dd-bf1f-b91ff39ef7ab at term 1 for appendEntries, leader elected after 5123ms
2019-07-31 00:49:07,496 INFO  impl.RaftServerImpl (ServerState.java:setRaftConf(361)) - 592200f1-3e1f-45d0-86ec-8b332dbc6e1e:group-789CA09DFC1D set configuration 0: [ea6a2b66-52a7-40dd-bf1f-b91ff39ef7ab:192.168.69.114:42146, 592200f1-3e1f-45d0-86ec-8b332dbc6e1e:192.168.69.114:32846, f34c4c6f-d2eb-407d-ac06-47c21c7abed1:192.168.69.114:34313], old=null at 0
2019-07-31 00:49:07,496 INFO  segmented.SegmentedRaftLogWorker (SegmentedRaftLogWorker.java:startLogSegment(380)) - 592200f1-3e1f-45d0-86ec-8b332dbc6e1e-SegmentedRaftLogWorker:Storage Directory /workdir/hadoop-ozone/integration-test/target/test-dir/MiniOzoneClusterImpl-5e7578f6-c7d5-4fb0-a9a6-c5f08596d10b/datanode-4/data/ratis/7029892e-6ab9-4dca-8571-789ca09dfc1d: Starting segment from index:0
2019-07-31 00:49:07,496 INFO  impl.RaftServerImpl (ServerState.java:setRaftConf(361)) - f34c4c6f-d2eb-407d-ac06-47c21c7abed1:group-789CA09DFC1D set configuration 0: [ea6a2b66-52a7-40dd-bf1f-b91ff39ef7ab:192.168.69.114:42146, 592200f1-3e1f-45d0-86ec-8b332dbc6e1e:192.168.69.114:32846, f34c4c6f-d2eb-407d-ac06-47c21c7abed1:192.168.69.114:34313], old=null at 0
2019-07-31 00:49:07,497 INFO  segmented.SegmentedRaftLogWorker (SegmentedRaftLogWorker.java:startLogSegment(380)) - f34c4c6f-d2eb-407d-ac06-47c21c7abed1-SegmentedRaftLogWorker:Storage Directory /workdir/hadoop-ozone/integration-test/target/test-dir/MiniOzoneClusterImpl-5e7578f6-c7d5-4fb0-a9a6-c5f08596d10b/datanode-3/data/ratis/7029892e-6ab9-4dca-8571-789ca09dfc1d: Starting segment from index:0
2019-07-31 00:49:07,516 INFO  segmented.SegmentedRaftLogWorker (SegmentedRaftLogWorker.java:execute(569)) - ea6a2b66-52a7-40dd-bf1f-b91ff39ef7ab-SegmentedRaftLogWorker:Storage Directory /workdir/hadoop-ozone/integration-test/target/test-dir/MiniOzoneClusterImpl-5e7578f6-c7d5-4fb0-a9a6-c5f08596d10b/datanode-5/data/ratis/7029892e-6ab9-4dca-8571-789ca09dfc1d: created new log segment /workdir/hadoop-ozone/integration-test/target/test-dir/MiniOzoneClusterImpl-5e7578f6-c7d5-4fb0-a9a6-c5f08596d10b/datanode-5/data/ratis/7029892e-6ab9-4dca-8571-789ca09dfc1d/current/log_inprogress_0
2019-07-31 00:49:07,519 INFO  segmented.SegmentedRaftLogWorker (SegmentedRaftLogWorker.java:execute(569)) - f34c4c6f-d2eb-407d-ac06-47c21c7abed1-SegmentedRaftLogWorker:Storage Directory /workdir/hadoop-ozone/integration-test/target/test-dir/MiniOzoneClusterImpl-5e7578f6-c7d5-4fb0-a9a6-c5f08596d10b/datanode-3/data/ratis/7029892e-6ab9-4dca-8571-789ca09dfc1d: created new log segment /workdir/hadoop-ozone/integration-test/target/test-dir/MiniOzoneClusterImpl-5e7578f6-c7d5-4fb0-a9a6-c5f08596d10b/datanode-3/data/ratis/7029892e-6ab9-4dca-8571-789ca09dfc1d/current/log_inprogress_0
2019-07-31 00:49:07,519 INFO  segmented.SegmentedRaftLogWorker (SegmentedRaftLogWorker.java:execute(569)) - 592200f1-3e1f-45d0-86ec-8b332dbc6e1e-SegmentedRaftLogWorker:Storage Directory /workdir/hadoop-ozone/integration-test/target/test-dir/MiniOzoneClusterImpl-5e7578f6-c7d5-4fb0-a9a6-c5f08596d10b/datanode-4/data/ratis/7029892e-6ab9-4dca-8571-789ca09dfc1d: created new log segment /workdir/hadoop-ozone/integration-test/target/test-dir/MiniOzoneClusterImpl-5e7578f6-c7d5-4fb0-a9a6-c5f08596d10b/datanode-4/data/ratis/7029892e-6ab9-4dca-8571-789ca09dfc1d/current/log_inprogress_0
2019-07-31 00:49:07,611 INFO  impl.FollowerState (FollowerState.java:run(106)) - e19866aa-6389-4d91-b29b-65753a74cb74:group-6785628329F7 changes to CANDIDATE, lastRpcTime:5122, electionTimeout:5122ms
2019-07-31 00:49:07,611 INFO  impl.RoleInfo (RoleInfo.java:shutdownFollowerState(121)) - e19866aa-6389-4d91-b29b-65753a74cb74: shutdown FollowerState
2019-07-31 00:49:07,611 INFO  impl.RaftServerImpl (RaftServerImpl.java:setRole(171)) - e19866aa-6389-4d91-b29b-65753a74cb74:group-6785628329F7 changes role from FOLLOWER to CANDIDATE at term 0 for changeToCandidate
2019-07-31 00:49:07,612 INFO  impl.RoleInfo (RoleInfo.java:updateAndGet(143)) - e19866aa-6389-4d91-b29b-65753a74cb74: start LeaderElection
2019-07-31 00:49:07,631 INFO  impl.LeaderElection (LeaderElection.java:askForVotes(181)) - e19866aa-6389-4d91-b29b-65753a74cb74:group-6785628329F7:LeaderElection23: begin an election at term 1 for -1: [e19866aa-6389-4d91-b29b-65753a74cb74:192.168.69.114:34369], old=null
2019-07-31 00:49:07,632 INFO  impl.RoleInfo (RoleInfo.java:shutdownLeaderElection(134)) - e19866aa-6389-4d91-b29b-65753a74cb74: shutdown LeaderElection
2019-07-31 00:49:07,632 INFO  impl.RaftServerImpl (RaftServerImpl.java:setRole(171)) - e19866aa-6389-4d91-b29b-65753a74cb74:group-6785628329F7 changes role from CANDIDATE to LEADER at term 1 for changeToLeader
2019-07-31 00:49:07,632 INFO  impl.RaftServerImpl (ServerState.java:setLeader(263)) - e19866aa-6389-4d91-b29b-65753a74cb74:group-6785628329F7 change Leader from null to e19866aa-6389-4d91-b29b-65753a74cb74 at term 1 for becomeLeader, leader elected after 5147ms
2019-07-31 00:49:07,642 INFO  server.RaftServerConfigKeys (ConfUtils.java:logGet(43)) - raft.server.staging.catchup.gap = 1000 (default)
2019-07-31 00:49:07,643 INFO  server.RaftServerConfigKeys (ConfUtils.java:logGet(43)) - raft.server.rpc.sleep.time = 25ms (default)
2019-07-31 00:49:07,643 INFO  server.RaftServerConfigKeys (ConfUtils.java:logGet(43)) - raft.server.write.element-limit = 4096 (default)
2019-07-31 00:49:07,643 INFO  server.RaftServerConfigKeys (ConfUtils.java:logGet(43)) - raft.server.watch.timeout = 10s (default)
2019-07-31 00:49:07,643 INFO  server.RaftServerConfigKeys (ConfUtils.java:logGet(43)) - raft.server.watch.timeout.denomination = 1s (default)
2019-07-31 00:49:07,643 INFO  server.RaftServerConfigKeys (ConfUtils.java:logGet(43)) - raft.server.watch.element-limit = 65536 (default)
2019-07-31 00:49:07,644 INFO  impl.RoleInfo (RoleInfo.java:updateAndGet(143)) - e19866aa-6389-4d91-b29b-65753a74cb74: start LeaderState
2019-07-31 00:49:07,644 INFO  segmented.SegmentedRaftLogWorker (SegmentedRaftLogWorker.java:startLogSegment(380)) - e19866aa-6389-4d91-b29b-65753a74cb74-SegmentedRaftLogWorker:Storage Directory /workdir/hadoop-ozone/integration-test/target/test-dir/MiniOzoneClusterImpl-5e7578f6-c7d5-4fb0-a9a6-c5f08596d10b/datanode-6/data/ratis/b0f69874-fb31-4ff6-8134-6785628329f7: Starting segment from index:0
2019-07-31 00:49:07,645 INFO  impl.RaftServerImpl (ServerState.java:setRaftConf(361)) - e19866aa-6389-4d91-b29b-65753a74cb74:group-6785628329F7 set configuration 0: [e19866aa-6389-4d91-b29b-65753a74cb74:192.168.69.114:34369], old=null at 0
2019-07-31 00:49:07,675 INFO  client.GrpcClientProtocolClient (GrpcClientProtocolClient.java:onNext(255)) - client-1A8A5DFA1A07->f34c4c6f-d2eb-407d-ac06-47c21c7abed1: receive RaftClientReply:client-1A8A5DFA1A07->f34c4c6f-d2eb-407d-ac06-47c21c7abed1@group-789CA09DFC1D, cid=42, FAILED org.apache.ratis.protocol.NotLeaderException: Server f34c4c6f-d2eb-407d-ac06-47c21c7abed1 is not the leader (ea6a2b66-52a7-40dd-bf1f-b91ff39ef7ab:192.168.69.114:42146). Request must be sent to leader., logIndex=0, commits[f34c4c6f-d2eb-407d-ac06-47c21c7abed1:c-1, ea6a2b66-52a7-40dd-bf1f-b91ff39ef7ab:c-1, 592200f1-3e1f-45d0-86ec-8b332dbc6e1e:c-1]
2019-07-31 00:49:07,680 INFO  segmented.SegmentedRaftLogWorker (SegmentedRaftLogWorker.java:execute(569)) - e19866aa-6389-4d91-b29b-65753a74cb74-SegmentedRaftLogWorker:Storage Directory /workdir/hadoop-ozone/integration-test/target/test-dir/MiniOzoneClusterImpl-5e7578f6-c7d5-4fb0-a9a6-c5f08596d10b/datanode-6/data/ratis/b0f69874-fb31-4ff6-8134-6785628329f7: created new log segment /workdir/hadoop-ozone/integration-test/target/test-dir/MiniOzoneClusterImpl-5e7578f6-c7d5-4fb0-a9a6-c5f08596d10b/datanode-6/data/ratis/b0f69874-fb31-4ff6-8134-6785628329f7/current/log_inprogress_0
2019-07-31 00:49:07,787 INFO  client.GrpcClientProtocolClient (GrpcClientProtocolClient.java:onNext(255)) - client-1A8A5DFA1A07->ea6a2b66-52a7-40dd-bf1f-b91ff39ef7ab: receive RaftClientReply:client-1A8A5DFA1A07->ea6a2b66-52a7-40dd-bf1f-b91ff39ef7ab@group-789CA09DFC1D, cid=42, SUCCESS, logIndex=1, commits[ea6a2b66-52a7-40dd-bf1f-b91ff39ef7ab:c2, 592200f1-3e1f-45d0-86ec-8b332dbc6e1e:c1, f34c4c6f-d2eb-407d-ac06-47c21c7abed1:c1]
2019-07-31 00:49:07,812 INFO  keyvalue.KeyValueHandler (ContainerUtils.java:logAndReturnError(146)) - Operation: CreateContainer : Trace ID: a5873d8ef4959aac:a5873d8ef4959aac:0:0 : Message: Container creation failed, due to disk out of space : Result: DISK_OUT_OF_SPACE
2019-07-31 00:49:07,828 INFO  keyvalue.KeyValueHandler (ContainerUtils.java:logAndReturnError(146)) - Operation: CreateContainer : Trace ID: a5873d8ef4959aac:a5873d8ef4959aac:0:0 : Message: Container creation failed, due to disk out of space : Result: DISK_OUT_OF_SPACE
2019-07-31 00:49:07,830 INFO  keyvalue.KeyValueHandler (ContainerUtils.java:logAndReturnError(146)) - Operation: CreateContainer : Trace ID: a5873d8ef4959aac:a5873d8ef4959aac:0:0 : Message: Container creation failed, due to disk out of space : Result: DISK_OUT_OF_SPACE
2019-07-31 00:49:07,831 INFO  client.GrpcClientProtocolClient (GrpcClientProtocolClient.java:onNext(255)) - client-1A8A5DFA1A07->ea6a2b66-52a7-40dd-bf1f-b91ff39ef7ab: receive RaftClientReply:client-1A8A5DFA1A07->ea6a2b66-52a7-40dd-bf1f-b91ff39ef7ab@group-789CA09DFC1D, cid=43, FAILED org.apache.ratis.protocol.StateMachineException: java.util.concurrent.CompletionException: java.lang.NullPointerException, logIndex=3, commits[ea6a2b66-52a7-40dd-bf1f-b91ff39ef7ab:c3, 592200f1-3e1f-45d0-86ec-8b332dbc6e1e:c2, f34c4c6f-d2eb-407d-ac06-47c21c7abed1:c2]
2019-07-31 00:49:07,839 INFO  ozone.MiniOzoneClusterImpl (MiniOzoneClusterImpl.java:shutdown(321)) - Shutting down the Mini Ozone Cluster
2019-07-31 00:49:07,840 INFO  ozone.MiniOzoneClusterImpl (MiniOzoneClusterImpl.java:stop(336)) - Stopping the Mini Ozone Cluster
2019-07-31 00:49:07,840 INFO  ozone.MiniOzoneClusterImpl (MiniOzoneClusterImpl.java:stop(338)) - Stopping the OzoneManager
2019-07-31 00:49:07,840 INFO  ipc.Server (Server.java:stop(3082)) - Stopping server on 41298
2019-07-31 00:49:07,850 INFO  ipc.Server (Server.java:run(1185)) - Stopping IPC Server listener on 41298
2019-07-31 00:49:07,852 INFO  ipc.Server (Server.java:run(1319)) - Stopping IPC Server Responder
2019-07-31 00:49:07,852 INFO  utils.BackgroundService (BackgroundService.java:shutdown(148)) - Shutting down service KeyDeletingService
2019-07-31 00:49:07,881 INFO  handler.ContextHandler (ContextHandler.java:doStop(910)) - Stopped o.e.j.w.WebAppContext@612af486{/,null,UNAVAILABLE}{/ozoneManager}
2019-07-31 00:49:07,881 INFO  server.AbstractConnector (AbstractConnector.java:doStop(318)) - Stopped ServerConnector@3d033453{HTTP/1.1,[http/1.1]}{0.0.0.0:0}
2019-07-31 00:49:07,882 INFO  handler.ContextHandler (ContextHandler.java:doStop(910)) - Stopped o.e.j.s.ServletContextHandler@300bb303{/static,file:///workdir/hadoop-ozone/integration-test/target/test-classes/webapps/static,UNAVAILABLE}
2019-07-31 00:49:07,882 INFO  handler.ContextHandler (ContextHandler.java:doStop(910)) - Stopped o.e.j.s.ServletContextHandler@7996d0d4{/logs,file:///workdir/hadoop-ozone/integration-test/target/log,UNAVAILABLE}
2019-07-31 00:49:07,896 INFO  ozone.MiniOzoneClusterImpl (MiniOzoneClusterImpl.java:stop(344)) - Shutting the HddsDatanodes
2019-07-31 00:49:07,897 INFO  datanode.ObjectStoreHandler (ObjectStoreHandler.java:close(155)) - Closing ObjectStoreHandler.
2019-07-31 00:49:07,897 INFO  datanode.ObjectStoreHandler (ObjectStoreHandler.java:close(155)) - Closing ObjectStoreHandler.
2019-07-31 00:49:07,898 INFO  ozone.HddsDatanodeService (HddsDatanodeService.java:stop(451)) - Stopped plug-in org.apache.hadoop.ozone.web.OzoneHddsDatanodeService@35af52dc
2019-07-31 00:49:07,898 INFO  ozone.HddsDatanodeService (HddsDatanodeService.java:stop(451)) - Stopped plug-in org.apache.hadoop.ozone.web.OzoneHddsDatanodeService@27db45f
2019-07-31 00:49:08,469 INFO  statemachine.DatanodeStateMachine (DatanodeStateMachine.java:lambda$startDaemon$0(350)) - Ozone container server started.
2019-07-31 00:49:08,810 INFO  statemachine.DatanodeStateMachine (DatanodeStateMachine.java:lambda$startDaemon$0(350)) - Ozone container server started.
2019-07-31 00:49:12,899 INFO  ozoneimpl.OzoneContainer (OzoneContainer.java:stop(199)) - Attempting to stop container services.
2019-07-31 00:49:12,899 INFO  ozoneimpl.OzoneContainer (OzoneContainer.java:stop(199)) - Attempting to stop container services.
2019-07-31 00:49:12,900 INFO  impl.RaftServerProxy (RaftServerProxy.java:lambda$close$4(314)) - 592200f1-3e1f-45d0-86ec-8b332dbc6e1e: close
2019-07-31 00:49:12,900 INFO  impl.RaftServerProxy (RaftServerProxy.java:lambda$close$4(314)) - 2ffbce9c-38d9-435c-bbc9-44adb415d185: close
2019-07-31 00:49:12,901 INFO  impl.RaftServerImpl (RaftServerImpl.java:lambda$shutdown$3(245)) - 592200f1-3e1f-45d0-86ec-8b332dbc6e1e: shutdown group-B4DB5C5AC6A0
2019-07-31 00:49:12,901 INFO  impl.RaftServerImpl (RaftServerImpl.java:lambda$shutdown$3(245)) - 2ffbce9c-38d9-435c-bbc9-44adb415d185: shutdown group-3EFC94A02EDD
2019-07-31 00:49:12,902 INFO  util.JmxRegister (JmxRegister.java:unregister(73)) - Successfully un-registered JMX Bean with object name Ratis:service=RaftServer,group=group-B4DB5C5AC6A0,id=592200f1-3e1f-45d0-86ec-8b332dbc6e1e
2019-07-31 00:49:12,902 INFO  util.JmxRegister (JmxRegister.java:unregister(73)) - Successfully un-registered JMX Bean with object name Ratis:service=RaftServer,group=group-3EFC94A02EDD,id=2ffbce9c-38d9-435c-bbc9-44adb415d185
2019-07-31 00:49:12,902 INFO  impl.RoleInfo (RoleInfo.java:shutdownLeaderState(104)) - 592200f1-3e1f-45d0-86ec-8b332dbc6e1e: shutdown LeaderState
2019-07-31 00:49:12,903 INFO  impl.RoleInfo (RoleInfo.java:shutdownFollowerState(121)) - 2ffbce9c-38d9-435c-bbc9-44adb415d185: shutdown FollowerState
2019-07-31 00:49:12,903 INFO  impl.PendingRequests (PendingRequests.java:sendNotLeaderResponses(202)) - 592200f1-3e1f-45d0-86ec-8b332dbc6e1e-PendingRequests: sendNotLeaderResponses
2019-07-31 00:49:12,904 INFO  impl.FollowerState (FollowerState.java:run(114)) - 2ffbce9c-38d9-435c-bbc9-44adb415d185: FollowerState was interrupted: java.lang.InterruptedException: sleep interrupted
2019-07-31 00:49:12,903 INFO  impl.StateMachineUpdater (StateMachineUpdater.java:stopAndJoin(115)) - StateMachineUpdater:2ffbce9c-38d9-435c-bbc9-44adb415d185:group-3EFC94A02EDD: set stopIndex = 0
2019-07-31 00:49:12,910 INFO  impl.StateMachineUpdater (StateMachineUpdater.java:stopAndJoin(115)) - StateMachineUpdater:592200f1-3e1f-45d0-86ec-8b332dbc6e1e:group-B4DB5C5AC6A0: set stopIndex = 0
2019-07-31 00:49:12,910 INFO  impl.RaftServerImpl (ServerState.java:close(394)) - 2ffbce9c-38d9-435c-bbc9-44adb415d185:group-3EFC94A02EDD closes. The last applied log index is 0
2019-07-31 00:49:12,911 INFO  impl.RaftServerImpl (ServerState.java:close(394)) - 592200f1-3e1f-45d0-86ec-8b332dbc6e1e:group-B4DB5C5AC6A0 closes. The last applied log index is 0
2019-07-31 00:49:12,911 INFO  segmented.SegmentedRaftLogWorker (SegmentedRaftLogWorker.java:run(313)) - 2ffbce9c-38d9-435c-bbc9-44adb415d185-SegmentedRaftLogWorker:Storage Directory /workdir/hadoop-ozone/integration-test/target/test-dir/MiniOzoneClusterImpl-5e7578f6-c7d5-4fb0-a9a6-c5f08596d10b/datanode-1/data/ratis/8aad4de8-67eb-4193-8c2c-3efc94a02edd was interrupted, exiting. There are 0 tasks remaining in the queue.
2019-07-31 00:49:12,912 INFO  segmented.SegmentedRaftLogWorker (SegmentedRaftLogWorker.java:run(313)) - 592200f1-3e1f-45d0-86ec-8b332dbc6e1e-SegmentedRaftLogWorker:Storage Directory /workdir/hadoop-ozone/integration-test/target/test-dir/MiniOzoneClusterImpl-5e7578f6-c7d5-4fb0-a9a6-c5f08596d10b/datanode-4/data/ratis/39056b2a-e0be-47e0-bc52-b4db5c5ac6a0 was interrupted, exiting. There are 0 tasks remaining in the queue.
2019-07-31 00:49:12,917 INFO  segmented.SegmentedRaftLogWorker (SegmentedRaftLogWorker.java:close(228)) - 592200f1-3e1f-45d0-86ec-8b332dbc6e1e-SegmentedRaftLogWorker:Storage Directory /workdir/hadoop-ozone/integration-test/target/test-dir/MiniOzoneClusterImpl-5e7578f6-c7d5-4fb0-a9a6-c5f08596d10b/datanode-4/data/ratis/39056b2a-e0be-47e0-bc52-b4db5c5ac6a0 close()
2019-07-31 00:49:12,917 INFO  segmented.SegmentedRaftLogWorker (SegmentedRaftLogWorker.java:close(228)) - 2ffbce9c-38d9-435c-bbc9-44adb415d185-SegmentedRaftLogWorker:Storage Directory /workdir/hadoop-ozone/integration-test/target/test-dir/MiniOzoneClusterImpl-5e7578f6-c7d5-4fb0-a9a6-c5f08596d10b/datanode-1/data/ratis/8aad4de8-67eb-4193-8c2c-3efc94a02edd close()
2019-07-31 00:49:12,922 INFO  impl.RaftServerImpl (RaftServerImpl.java:lambda$shutdown$3(245)) - 592200f1-3e1f-45d0-86ec-8b332dbc6e1e: shutdown group-789CA09DFC1D
2019-07-31 00:49:12,927 INFO  impl.RaftServerImpl (RaftServerImpl.java:lambda$shutdown$3(245)) - 2ffbce9c-38d9-435c-bbc9-44adb415d185: shutdown group-87AB533FEA26
2019-07-31 00:49:12,927 INFO  util.JmxRegister (JmxRegister.java:unregister(73)) - Successfully un-registered JMX Bean with object name Ratis:service=RaftServer,group=group-789CA09DFC1D,id=592200f1-3e1f-45d0-86ec-8b332dbc6e1e
2019-07-31 00:49:12,927 INFO  util.JmxRegister (JmxRegister.java:unregister(73)) - Successfully un-registered JMX Bean with object name Ratis:service=RaftServer,group=group-87AB533FEA26,id=2ffbce9c-38d9-435c-bbc9-44adb415d185
2019-07-31 00:49:12,928 INFO  impl.RoleInfo (RoleInfo.java:shutdownFollowerState(121)) - 592200f1-3e1f-45d0-86ec-8b332dbc6e1e: shutdown FollowerState
2019-07-31 00:49:12,928 INFO  impl.RoleInfo (RoleInfo.java:shutdownLeaderState(104)) - 2ffbce9c-38d9-435c-bbc9-44adb415d185: shutdown LeaderState
2019-07-31 00:49:12,929 INFO  ratis.ContainerStateMachine (ContainerStateMachine.java:takeSnapshot(262)) - group-789CA09DFC1D: Taking a snapshot at:(t:1, i:2) file /workdir/hadoop-ozone/integration-test/target/test-dir/MiniOzoneClusterImpl-5e7578f6-c7d5-4fb0-a9a6-c5f08596d10b/datanode-4/data/ratis/7029892e-6ab9-4dca-8571-789ca09dfc1d/sm/snapshot.1_2
2019-07-31 00:49:12,929 INFO  impl.FollowerState (FollowerState.java:run(114)) - 592200f1-3e1f-45d0-86ec-8b332dbc6e1e: FollowerState was interrupted: java.lang.InterruptedException: sleep interrupted
2019-07-31 00:49:12,929 INFO  impl.StateMachineUpdater (StateMachineUpdater.java:stopAndJoin(115)) - StateMachineUpdater:592200f1-3e1f-45d0-86ec-8b332dbc6e1e:group-789CA09DFC1D: set stopIndex = 4
2019-07-31 00:49:12,929 INFO  impl.PendingRequests (PendingRequests.java:sendNotLeaderResponses(202)) - 2ffbce9c-38d9-435c-bbc9-44adb415d185-PendingRequests: sendNotLeaderResponses
2019-07-31 00:49:12,933 INFO  impl.StateMachineUpdater (StateMachineUpdater.java:stopAndJoin(115)) - StateMachineUpdater:2ffbce9c-38d9-435c-bbc9-44adb415d185:group-87AB533FEA26: set stopIndex = 0
2019-07-31 00:49:12,933 INFO  impl.RaftServerImpl (ServerState.java:close(394)) - 2ffbce9c-38d9-435c-bbc9-44adb415d185:group-87AB533FEA26 closes. The last applied log index is 0
2019-07-31 00:49:12,934 INFO  segmented.SegmentedRaftLogWorker (SegmentedRaftLogWorker.java:run(313)) - 2ffbce9c-38d9-435c-bbc9-44adb415d185-SegmentedRaftLogWorker:Storage Directory /workdir/hadoop-ozone/integration-test/target/test-dir/MiniOzoneClusterImpl-5e7578f6-c7d5-4fb0-a9a6-c5f08596d10b/datanode-1/data/ratis/19206706-4b88-4346-8088-87ab533fea26 was interrupted, exiting. There are 0 tasks remaining in the queue.
2019-07-31 00:49:12,946 INFO  segmented.SegmentedRaftLogWorker (SegmentedRaftLogWorker.java:close(228)) - 2ffbce9c-38d9-435c-bbc9-44adb415d185-SegmentedRaftLogWorker:Storage Directory /workdir/hadoop-ozone/integration-test/target/test-dir/MiniOzoneClusterImpl-5e7578f6-c7d5-4fb0-a9a6-c5f08596d10b/datanode-1/data/ratis/19206706-4b88-4346-8088-87ab533fea26 close()
2019-07-31 00:49:12,951 INFO  ratis.ContainerStateMachine (ContainerStateMachine.java:takeSnapshot(273)) - group-789CA09DFC1D: Finished taking a snapshot at:(t:1, i:2) file:/workdir/hadoop-ozone/integration-test/target/test-dir/MiniOzoneClusterImpl-5e7578f6-c7d5-4fb0-a9a6-c5f08596d10b/datanode-4/data/ratis/7029892e-6ab9-4dca-8571-789ca09dfc1d/sm/snapshot.1_2 time:20
2019-07-31 00:49:12,951 INFO  impl.StateMachineUpdater (StateMachineUpdater.java:takeSnapshot(242)) - StateMachineUpdater:592200f1-3e1f-45d0-86ec-8b332dbc6e1e:group-789CA09DFC1D: Took a snapshot at index 2
2019-07-31 00:49:12,951 INFO  server.GrpcService (GrpcService.java:closeImpl(155)) - 2ffbce9c-38d9-435c-bbc9-44adb415d185: shutdown server with port 42215 now
2019-07-31 00:49:12,951 INFO  impl.StateMachineUpdater (StateMachineUpdater.java:lambda$new$0(80)) - StateMachineUpdater:592200f1-3e1f-45d0-86ec-8b332dbc6e1e:group-789CA09DFC1D: snapshotIndex: updateIncreasingly -1 -> 2
2019-07-31 00:49:12,955 INFO  impl.RaftServerImpl (ServerState.java:close(394)) - 592200f1-3e1f-45d0-86ec-8b332dbc6e1e:group-789CA09DFC1D closes. The last applied log index is 4
2019-07-31 00:49:12,956 INFO  segmented.SegmentedRaftLogWorker (SegmentedRaftLogWorker.java:run(313)) - 592200f1-3e1f-45d0-86ec-8b332dbc6e1e-SegmentedRaftLogWorker:Storage Directory /workdir/hadoop-ozone/integration-test/target/test-dir/MiniOzoneClusterImpl-5e7578f6-c7d5-4fb0-a9a6-c5f08596d10b/datanode-4/data/ratis/7029892e-6ab9-4dca-8571-789ca09dfc1d was interrupted, exiting. There are 0 tasks remaining in the queue.
2019-07-31 00:49:12,956 WARN  server.GrpcServerProtocolService (LogUtils.java:warn(134)) - 2ffbce9c-38d9-435c-bbc9-44adb415d185: appendEntries onError: org.apache.ratis.thirdparty.io.grpc.StatusRuntimeException: CANCELLED: cancelled before receiving half close
2019-07-31 00:49:12,959 INFO  segmented.SegmentedRaftLogWorker (SegmentedRaftLogWorker.java:close(228)) - 592200f1-3e1f-45d0-86ec-8b332dbc6e1e-SegmentedRaftLogWorker:Storage Directory /workdir/hadoop-ozone/integration-test/target/test-dir/MiniOzoneClusterImpl-5e7578f6-c7d5-4fb0-a9a6-c5f08596d10b/datanode-4/data/ratis/7029892e-6ab9-4dca-8571-789ca09dfc1d close()
2019-07-31 00:49:12,959 INFO  server.GrpcService (GrpcService.java:closeImpl(163)) - 2ffbce9c-38d9-435c-bbc9-44adb415d185: shutdown server with port 42215 successfully
2019-07-31 00:49:12,959 WARN  server.GrpcLogAppender (LogUtils.java:warn(134)) - 57d56d22-c073-4cf9-913f-0296d8493da6->2ffbce9c-38d9-435c-bbc9-44adb415d185: Failed appendEntries: org.apache.ratis.thirdparty.io.grpc.StatusRuntimeException: CANCELLED: HTTP/2 error code: CANCEL
Received Rst Stream
2019-07-31 00:49:12,976 INFO  server.GrpcService (GrpcService.java:closeImpl(155)) - 592200f1-3e1f-45d0-86ec-8b332dbc6e1e: shutdown server with port 32846 now
2019-07-31 00:49:12,979 INFO  utils.BackgroundService (BackgroundService.java:shutdown(148)) - Shutting down service BlockDeletingService
2019-07-31 00:49:12,979 INFO  impl.FollowerInfo (FollowerInfo.java:lambda$new$0(50)) - 57d56d22-c073-4cf9-913f-0296d8493da6->2ffbce9c-38d9-435c-bbc9-44adb415d185: nextIndex: updateUnconditionally 1 -> 0
2019-07-31 00:49:12,985 WARN  server.GrpcServerProtocolService (LogUtils.java:warn(134)) - 592200f1-3e1f-45d0-86ec-8b332dbc6e1e: appendEntries onError: org.apache.ratis.thirdparty.io.grpc.StatusRuntimeException: CANCELLED: cancelled before receiving half close
2019-07-31 00:49:12,986 INFO  server.GrpcService (GrpcService.java:closeImpl(163)) - 592200f1-3e1f-45d0-86ec-8b332dbc6e1e: shutdown server with port 32846 successfully
2019-07-31 00:49:12,986 WARN  server.GrpcLogAppender (LogUtils.java:warn(134)) - ea6a2b66-52a7-40dd-bf1f-b91ff39ef7ab->592200f1-3e1f-45d0-86ec-8b332dbc6e1e: Failed appendEntries: org.apache.ratis.thirdparty.io.grpc.StatusRuntimeException: CANCELLED: HTTP/2 error code: CANCEL
Received Rst Stream
2019-07-31 00:49:12,989 INFO  impl.FollowerInfo (FollowerInfo.java:lambda$new$0(50)) - ea6a2b66-52a7-40dd-bf1f-b91ff39ef7ab->592200f1-3e1f-45d0-86ec-8b332dbc6e1e: nextIndex: updateUnconditionally 5 -> 4
2019-07-31 00:49:12,989 WARN  fs.CachingGetSpaceUsed (CachingGetSpaceUsed.java:run(183)) - Thread Interrupted waiting to refresh disk information: sleep interrupted
2019-07-31 00:49:12,995 INFO  utils.BackgroundService (BackgroundService.java:shutdown(148)) - Shutting down service BlockDeletingService
2019-07-31 00:49:13,002 WARN  fs.CachingGetSpaceUsed (CachingGetSpaceUsed.java:run(183)) - Thread Interrupted waiting to refresh disk information: sleep interrupted
2019-07-31 00:49:13,020 INFO  statemachine.DatanodeStateMachine (DatanodeStateMachine.java:stopDaemon(395)) - Ozone container server stopped.
2019-07-31 00:49:13,027 INFO  handler.ContextHandler (ContextHandler.java:doStop(910)) - Stopped o.e.j.w.WebAppContext@42ecc554{/,null,UNAVAILABLE}{/hddsDatanode}
2019-07-31 00:49:13,028 INFO  server.AbstractConnector (AbstractConnector.java:doStop(318)) - Stopped ServerConnector@443af394{HTTP/1.1,[http/1.1]}{0.0.0.0:0}
2019-07-31 00:49:13,030 INFO  handler.ContextHandler (ContextHandler.java:doStop(910)) - Stopped o.e.j.s.ServletContextHandler@f4f843f{/static,jar:file:/home/user/.m2/repository/org/apache/hadoop/hadoop-hdds-container-service/0.4.1-SNAPSHOT/hadoop-hdds-container-service-0.4.1-SNAPSHOT.jar!/webapps/static,UNAVAILABLE}
2019-07-31 00:49:13,034 INFO  handler.ContextHandler (ContextHandler.java:doStop(910)) - Stopped o.e.j.s.ServletContextHandler@4cc26df{/logs,file:///workdir/hadoop-ozone/integration-test/target/log,UNAVAILABLE}
2019-07-31 00:49:13,035 INFO  statemachine.DatanodeStateMachine (DatanodeStateMachine.java:stopDaemon(395)) - Ozone container server stopped.
2019-07-31 00:49:13,037 INFO  handler.ContextHandler (ContextHandler.java:doStop(910)) - Stopped o.e.j.w.WebAppContext@3d764641{/,null,UNAVAILABLE}{/hddsDatanode}
2019-07-31 00:49:13,037 INFO  datanode.ObjectStoreHandler (ObjectStoreHandler.java:close(155)) - Closing ObjectStoreHandler.
2019-07-31 00:49:13,038 INFO  server.AbstractConnector (AbstractConnector.java:doStop(318)) - Stopped ServerConnector@1e8bccfb{HTTP/1.1,[http/1.1]}{0.0.0.0:0}
2019-07-31 00:49:13,038 INFO  ozone.HddsDatanodeService (HddsDatanodeService.java:stop(451)) - Stopped plug-in org.apache.hadoop.ozone.web.OzoneHddsDatanodeService@6e3b2dd3
2019-07-31 00:49:13,038 INFO  handler.ContextHandler (ContextHandler.java:doStop(910)) - Stopped o.e.j.s.ServletContextHandler@7c8df667{/static,jar:file:/home/user/.m2/repository/org/apache/hadoop/hadoop-hdds-container-service/0.4.1-SNAPSHOT/hadoop-hdds-container-service-0.4.1-SNAPSHOT.jar!/webapps/static,UNAVAILABLE}
2019-07-31 00:49:13,039 INFO  handler.ContextHandler (ContextHandler.java:doStop(910)) - Stopped o.e.j.s.ServletContextHandler@35ceec81{/logs,file:///workdir/hadoop-ozone/integration-test/target/log,UNAVAILABLE}
2019-07-31 00:49:13,040 INFO  datanode.ObjectStoreHandler (ObjectStoreHandler.java:close(155)) - Closing ObjectStoreHandler.
2019-07-31 00:49:13,041 INFO  ozone.HddsDatanodeService (HddsDatanodeService.java:stop(451)) - Stopped plug-in org.apache.hadoop.ozone.web.OzoneHddsDatanodeService@7a62d697
2019-07-31 00:49:13,642 INFO  statemachine.DatanodeStateMachine (DatanodeStateMachine.java:lambda$startDaemon$0(350)) - Ozone container server started.
2019-07-31 00:49:13,810 INFO  statemachine.DatanodeStateMachine (DatanodeStateMachine.java:lambda$startDaemon$0(350)) - Ozone container server started.
2019-07-31 00:49:14,468 WARN  server.GrpcLogAppender (LogUtils.java:warn(134)) - 57d56d22-c073-4cf9-913f-0296d8493da6->2ffbce9c-38d9-435c-bbc9-44adb415d185: Failed appendEntries: org.apache.ratis.thirdparty.io.grpc.StatusRuntimeException: UNAVAILABLE: io exception
2019-07-31 00:49:14,471 INFO  impl.FollowerInfo (FollowerInfo.java:lambda$new$0(50)) - 57d56d22-c073-4cf9-913f-0296d8493da6->2ffbce9c-38d9-435c-bbc9-44adb415d185: nextIndex: updateUnconditionally 0 -> 0
2019-07-31 00:49:15,338 WARN  server.GrpcLogAppender (LogUtils.java:warn(134)) - ea6a2b66-52a7-40dd-bf1f-b91ff39ef7ab->592200f1-3e1f-45d0-86ec-8b332dbc6e1e: Failed appendEntries: org.apache.ratis.thirdparty.io.grpc.StatusRuntimeException: UNAVAILABLE: io exception
2019-07-31 00:49:15,342 INFO  impl.FollowerInfo (FollowerInfo.java:lambda$new$0(50)) - ea6a2b66-52a7-40dd-bf1f-b91ff39ef7ab->592200f1-3e1f-45d0-86ec-8b332dbc6e1e: nextIndex: updateUnconditionally 4 -> 3
2019-07-31 00:49:16,969 WARN  server.GrpcLogAppender (LogUtils.java:warn(134)) - 57d56d22-c073-4cf9-913f-0296d8493da6->2ffbce9c-38d9-435c-bbc9-44adb415d185: Failed appendEntries: org.apache.ratis.thirdparty.io.grpc.StatusRuntimeException: UNAVAILABLE: io exception
2019-07-31 00:49:16,973 INFO  impl.FollowerInfo (FollowerInfo.java:lambda$new$0(50)) - 57d56d22-c073-4cf9-913f-0296d8493da6->2ffbce9c-38d9-435c-bbc9-44adb415d185: nextIndex: updateUnconditionally 0 -> 0
2019-07-31 00:49:17,839 WARN  server.GrpcLogAppender (LogUtils.java:warn(134)) - ea6a2b66-52a7-40dd-bf1f-b91ff39ef7ab->592200f1-3e1f-45d0-86ec-8b332dbc6e1e: Failed appendEntries: org.apache.ratis.thirdparty.io.grpc.StatusRuntimeException: UNAVAILABLE: io exception
2019-07-31 00:49:17,843 INFO  impl.FollowerInfo (FollowerInfo.java:lambda$new$0(50)) - ea6a2b66-52a7-40dd-bf1f-b91ff39ef7ab->592200f1-3e1f-45d0-86ec-8b332dbc6e1e: nextIndex: updateUnconditionally 3 -> 2
2019-07-31 00:49:18,039 INFO  ozoneimpl.OzoneContainer (OzoneContainer.java:stop(199)) - Attempting to stop container services.
2019-07-31 00:49:18,040 INFO  impl.RaftServerProxy (RaftServerProxy.java:lambda$close$4(314)) - 57d56d22-c073-4cf9-913f-0296d8493da6: close
2019-07-31 00:49:18,040 INFO  impl.RaftServerImpl (RaftServerImpl.java:lambda$shutdown$3(245)) - 57d56d22-c073-4cf9-913f-0296d8493da6: shutdown group-3EFC94A02EDD
2019-07-31 00:49:18,040 INFO  util.JmxRegister (JmxRegister.java:unregister(73)) - Successfully un-registered JMX Bean with object name Ratis:service=RaftServer,group=group-3EFC94A02EDD,id=57d56d22-c073-4cf9-913f-0296d8493da6
2019-07-31 00:49:18,041 INFO  impl.RoleInfo (RoleInfo.java:shutdownLeaderState(104)) - 57d56d22-c073-4cf9-913f-0296d8493da6: shutdown LeaderState
2019-07-31 00:49:18,045 WARN  server.GrpcLogAppender (GrpcLogAppender.java:mayWait(143)) - GrpcLogAppender(57d56d22-c073-4cf9-913f-0296d8493da6->2ffbce9c-38d9-435c-bbc9-44adb415d185): Wait interrupted by java.lang.InterruptedException
2019-07-31 00:49:18,045 INFO  impl.PendingRequests (PendingRequests.java:sendNotLeaderResponses(202)) - 57d56d22-c073-4cf9-913f-0296d8493da6-PendingRequests: sendNotLeaderResponses
2019-07-31 00:49:18,045 WARN  server.GrpcLogAppender (GrpcLogAppender.java:mayWait(143)) - GrpcLogAppender(57d56d22-c073-4cf9-913f-0296d8493da6->6035a6a3-d448-4ff9-8fe3-eebf4fa5ff66): Wait interrupted by java.lang.InterruptedException
2019-07-31 00:49:18,046 INFO  impl.StateMachineUpdater (StateMachineUpdater.java:stopAndJoin(115)) - StateMachineUpdater:57d56d22-c073-4cf9-913f-0296d8493da6:group-3EFC94A02EDD: set stopIndex = 0
2019-07-31 00:49:18,045 INFO  ozoneimpl.OzoneContainer (OzoneContainer.java:stop(199)) - Attempting to stop container services.
2019-07-31 00:49:18,046 INFO  impl.RaftServerImpl (ServerState.java:close(394)) - 57d56d22-c073-4cf9-913f-0296d8493da6:group-3EFC94A02EDD closes. The last applied log index is 0
2019-07-31 00:49:18,047 INFO  server.GrpcServerProtocolService (GrpcServerProtocolService.java:onCompleted(104)) - 6035a6a3-d448-4ff9-8fe3-eebf4fa5ff66: appendEntries completed
2019-07-31 00:49:18,047 INFO  segmented.SegmentedRaftLogWorker (SegmentedRaftLogWorker.java:run(313)) - 57d56d22-c073-4cf9-913f-0296d8493da6-SegmentedRaftLogWorker:Storage Directory /workdir/hadoop-ozone/integration-test/target/test-dir/MiniOzoneClusterImpl-5e7578f6-c7d5-4fb0-a9a6-c5f08596d10b/datanode-2/data/ratis/8aad4de8-67eb-4193-8c2c-3efc94a02edd was interrupted, exiting. There are 0 tasks remaining in the queue.
2019-07-31 00:49:18,047 INFO  impl.RaftServerProxy (RaftServerProxy.java:lambda$close$4(314)) - f34c4c6f-d2eb-407d-ac06-47c21c7abed1: close
2019-07-31 00:49:18,049 INFO  segmented.SegmentedRaftLogWorker (SegmentedRaftLogWorker.java:close(228)) - 57d56d22-c073-4cf9-913f-0296d8493da6-SegmentedRaftLogWorker:Storage Directory /workdir/hadoop-ozone/integration-test/target/test-dir/MiniOzoneClusterImpl-5e7578f6-c7d5-4fb0-a9a6-c5f08596d10b/datanode-2/data/ratis/8aad4de8-67eb-4193-8c2c-3efc94a02edd close()
2019-07-31 00:49:18,049 INFO  impl.RaftServerImpl (RaftServerImpl.java:lambda$shutdown$3(245)) - f34c4c6f-d2eb-407d-ac06-47c21c7abed1: shutdown group-9EED6E166ED7
2019-07-31 00:49:18,051 INFO  impl.RaftServerImpl (RaftServerImpl.java:lambda$shutdown$3(245)) - 57d56d22-c073-4cf9-913f-0296d8493da6: shutdown group-D6988D65D439
2019-07-31 00:49:18,051 INFO  server.GrpcLogAppender (GrpcLogAppender.java:onCompleted(292)) - 57d56d22-c073-4cf9-913f-0296d8493da6->6035a6a3-d448-4ff9-8fe3-eebf4fa5ff66: follower responses appendEntries COMPLETED
2019-07-31 00:49:18,052 INFO  util.JmxRegister (JmxRegister.java:unregister(73)) - Successfully un-registered JMX Bean with object name Ratis:service=RaftServer,group=group-D6988D65D439,id=57d56d22-c073-4cf9-913f-0296d8493da6
2019-07-31 00:49:18,054 INFO  impl.FollowerInfo (FollowerInfo.java:lambda$new$0(50)) - 57d56d22-c073-4cf9-913f-0296d8493da6->6035a6a3-d448-4ff9-8fe3-eebf4fa5ff66: nextIndex: updateUnconditionally 1 -> 0
2019-07-31 00:49:18,051 INFO  util.JmxRegister (JmxRegister.java:unregister(73)) - Successfully un-registered JMX Bean with object name Ratis:service=RaftServer,group=group-9EED6E166ED7,id=f34c4c6f-d2eb-407d-ac06-47c21c7abed1
2019-07-31 00:49:18,055 INFO  impl.RoleInfo (RoleInfo.java:shutdownLeaderState(104)) - f34c4c6f-d2eb-407d-ac06-47c21c7abed1: shutdown LeaderState
2019-07-31 00:49:18,054 INFO  impl.RoleInfo (RoleInfo.java:shutdownLeaderState(104)) - 57d56d22-c073-4cf9-913f-0296d8493da6: shutdown LeaderState
2019-07-31 00:49:18,055 INFO  impl.PendingRequests (PendingRequests.java:sendNotLeaderResponses(202)) - f34c4c6f-d2eb-407d-ac06-47c21c7abed1-PendingRequests: sendNotLeaderResponses
2019-07-31 00:49:18,055 INFO  impl.PendingRequests (PendingRequests.java:sendNotLeaderResponses(202)) - 57d56d22-c073-4cf9-913f-0296d8493da6-PendingRequests: sendNotLeaderResponses
2019-07-31 00:49:18,056 INFO  impl.StateMachineUpdater (StateMachineUpdater.java:stopAndJoin(115)) - StateMachineUpdater:f34c4c6f-d2eb-407d-ac06-47c21c7abed1:group-9EED6E166ED7: set stopIndex = 0
2019-07-31 00:49:18,056 INFO  impl.StateMachineUpdater (StateMachineUpdater.java:stopAndJoin(115)) - StateMachineUpdater:57d56d22-c073-4cf9-913f-0296d8493da6:group-D6988D65D439: set stopIndex = 0
2019-07-31 00:49:18,056 INFO  impl.RaftServerImpl (ServerState.java:close(394)) - f34c4c6f-d2eb-407d-ac06-47c21c7abed1:group-9EED6E166ED7 closes. The last applied log index is 0
2019-07-31 00:49:18,057 INFO  impl.RaftServerImpl (ServerState.java:close(394)) - 57d56d22-c073-4cf9-913f-0296d8493da6:group-D6988D65D439 closes. The last applied log index is 0
2019-07-31 00:49:18,057 INFO  segmented.SegmentedRaftLogWorker (SegmentedRaftLogWorker.java:run(313)) - f34c4c6f-d2eb-407d-ac06-47c21c7abed1-SegmentedRaftLogWorker:Storage Directory /workdir/hadoop-ozone/integration-test/target/test-dir/MiniOzoneClusterImpl-5e7578f6-c7d5-4fb0-a9a6-c5f08596d10b/datanode-3/data/ratis/99aafdbe-3ca9-40b5-9a33-9eed6e166ed7 was interrupted, exiting. There are 0 tasks remaining in the queue.
2019-07-31 00:49:18,057 INFO  segmented.SegmentedRaftLogWorker (SegmentedRaftLogWorker.java:run(313)) - 57d56d22-c073-4cf9-913f-0296d8493da6-SegmentedRaftLogWorker:Storage Directory /workdir/hadoop-ozone/integration-test/target/test-dir/MiniOzoneClusterImpl-5e7578f6-c7d5-4fb0-a9a6-c5f08596d10b/datanode-2/data/ratis/ab721920-dac0-42d8-bf99-d6988d65d439 was interrupted, exiting. There are 0 tasks remaining in the queue.
2019-07-31 00:49:18,061 INFO  segmented.SegmentedRaftLogWorker (SegmentedRaftLogWorker.java:close(228)) - f34c4c6f-d2eb-407d-ac06-47c21c7abed1-SegmentedRaftLogWorker:Storage Directory /workdir/hadoop-ozone/integration-test/target/test-dir/MiniOzoneClusterImpl-5e7578f6-c7d5-4fb0-a9a6-c5f08596d10b/datanode-3/data/ratis/99aafdbe-3ca9-40b5-9a33-9eed6e166ed7 close()
2019-07-31 00:49:18,061 INFO  segmented.SegmentedRaftLogWorker (SegmentedRaftLogWorker.java:close(228)) - 57d56d22-c073-4cf9-913f-0296d8493da6-SegmentedRaftLogWorker:Storage Directory /workdir/hadoop-ozone/integration-test/target/test-dir/MiniOzoneClusterImpl-5e7578f6-c7d5-4fb0-a9a6-c5f08596d10b/datanode-2/data/ratis/ab721920-dac0-42d8-bf99-d6988d65d439 close()
2019-07-31 00:49:18,063 INFO  impl.RaftServerImpl (RaftServerImpl.java:lambda$shutdown$3(245)) - f34c4c6f-d2eb-407d-ac06-47c21c7abed1: shutdown group-789CA09DFC1D
2019-07-31 00:49:18,065 INFO  server.GrpcService (GrpcService.java:closeImpl(155)) - 57d56d22-c073-4cf9-913f-0296d8493da6: shutdown server with port 33295 now
2019-07-31 00:49:18,066 INFO  util.JmxRegister (JmxRegister.java:unregister(73)) - Successfully un-registered JMX Bean with object name Ratis:service=RaftServer,group=group-789CA09DFC1D,id=f34c4c6f-d2eb-407d-ac06-47c21c7abed1
2019-07-31 00:49:18,066 INFO  server.GrpcService (GrpcService.java:closeImpl(163)) - 57d56d22-c073-4cf9-913f-0296d8493da6: shutdown server with port 33295 successfully
2019-07-31 00:49:18,066 INFO  impl.RoleInfo (RoleInfo.java:shutdownFollowerState(121)) - f34c4c6f-d2eb-407d-ac06-47c21c7abed1: shutdown FollowerState
2019-07-31 00:49:18,067 INFO  impl.StateMachineUpdater (StateMachineUpdater.java:stopAndJoin(115)) - StateMachineUpdater:f34c4c6f-d2eb-407d-ac06-47c21c7abed1:group-789CA09DFC1D: set stopIndex = 4
2019-07-31 00:49:18,067 INFO  utils.BackgroundService (BackgroundService.java:shutdown(148)) - Shutting down service BlockDeletingService
2019-07-31 00:49:18,067 INFO  ratis.ContainerStateMachine (ContainerStateMachine.java:takeSnapshot(262)) - group-789CA09DFC1D: Taking a snapshot at:(t:1, i:2) file /workdir/hadoop-ozone/integration-test/target/test-dir/MiniOzoneClusterImpl-5e7578f6-c7d5-4fb0-a9a6-c5f08596d10b/datanode-3/data/ratis/7029892e-6ab9-4dca-8571-789ca09dfc1d/sm/snapshot.1_2
2019-07-31 00:49:18,067 INFO  impl.FollowerState (FollowerState.java:run(114)) - f34c4c6f-d2eb-407d-ac06-47c21c7abed1: FollowerState was interrupted: java.lang.InterruptedException: sleep interrupted
2019-07-31 00:49:18,082 WARN  fs.CachingGetSpaceUsed (CachingGetSpaceUsed.java:run(183)) - Thread Interrupted waiting to refresh disk information: sleep interrupted
2019-07-31 00:49:18,083 INFO  ratis.ContainerStateMachine (ContainerStateMachine.java:takeSnapshot(273)) - group-789CA09DFC1D: Finished taking a snapshot at:(t:1, i:2) file:/workdir/hadoop-ozone/integration-test/target/test-dir/MiniOzoneClusterImpl-5e7578f6-c7d5-4fb0-a9a6-c5f08596d10b/datanode-3/data/ratis/7029892e-6ab9-4dca-8571-789ca09dfc1d/sm/snapshot.1_2 time:15
2019-07-31 00:49:18,083 INFO  impl.StateMachineUpdater (StateMachineUpdater.java:takeSnapshot(242)) - StateMachineUpdater:f34c4c6f-d2eb-407d-ac06-47c21c7abed1:group-789CA09DFC1D: Took a snapshot at index 2
2019-07-31 00:49:18,083 INFO  impl.StateMachineUpdater (StateMachineUpdater.java:lambda$new$0(80)) - StateMachineUpdater:f34c4c6f-d2eb-407d-ac06-47c21c7abed1:group-789CA09DFC1D: snapshotIndex: updateIncreasingly -1 -> 2
2019-07-31 00:49:18,084 INFO  impl.RaftServerImpl (ServerState.java:close(394)) - f34c4c6f-d2eb-407d-ac06-47c21c7abed1:group-789CA09DFC1D closes. The last applied log index is 4
2019-07-31 00:49:18,084 INFO  segmented.SegmentedRaftLogWorker (SegmentedRaftLogWorker.java:run(313)) - f34c4c6f-d2eb-407d-ac06-47c21c7abed1-SegmentedRaftLogWorker:Storage Directory /workdir/hadoop-ozone/integration-test/target/test-dir/MiniOzoneClusterImpl-5e7578f6-c7d5-4fb0-a9a6-c5f08596d10b/datanode-3/data/ratis/7029892e-6ab9-4dca-8571-789ca09dfc1d was interrupted, exiting. There are 0 tasks remaining in the queue.
2019-07-31 00:49:18,087 INFO  segmented.SegmentedRaftLogWorker (SegmentedRaftLogWorker.java:close(228)) - f34c4c6f-d2eb-407d-ac06-47c21c7abed1-SegmentedRaftLogWorker:Storage Directory /workdir/hadoop-ozone/integration-test/target/test-dir/MiniOzoneClusterImpl-5e7578f6-c7d5-4fb0-a9a6-c5f08596d10b/datanode-3/data/ratis/7029892e-6ab9-4dca-8571-789ca09dfc1d close()
2019-07-31 00:49:18,089 INFO  server.GrpcService (GrpcService.java:closeImpl(155)) - f34c4c6f-d2eb-407d-ac06-47c21c7abed1: shutdown server with port 34313 now
2019-07-31 00:49:18,090 WARN  server.GrpcServerProtocolService (LogUtils.java:warn(134)) - f34c4c6f-d2eb-407d-ac06-47c21c7abed1: appendEntries onError: org.apache.ratis.thirdparty.io.grpc.StatusRuntimeException: CANCELLED: cancelled before receiving half close
2019-07-31 00:49:18,090 INFO  server.GrpcService (GrpcService.java:closeImpl(163)) - f34c4c6f-d2eb-407d-ac06-47c21c7abed1: shutdown server with port 34313 successfully
2019-07-31 00:49:18,090 WARN  server.GrpcLogAppender (LogUtils.java:warn(134)) - ea6a2b66-52a7-40dd-bf1f-b91ff39ef7ab->f34c4c6f-d2eb-407d-ac06-47c21c7abed1: Failed appendEntries: org.apache.ratis.thirdparty.io.grpc.StatusRuntimeException: CANCELLED: HTTP/2 error code: CANCEL
Received Rst Stream
2019-07-31 00:49:18,093 INFO  impl.FollowerInfo (FollowerInfo.java:lambda$new$0(50)) - ea6a2b66-52a7-40dd-bf1f-b91ff39ef7ab->f34c4c6f-d2eb-407d-ac06-47c21c7abed1: nextIndex: updateUnconditionally 5 -> 4
2019-07-31 00:49:18,093 INFO  utils.BackgroundService (BackgroundService.java:shutdown(148)) - Shutting down service BlockDeletingService
2019-07-31 00:49:18,095 WARN  fs.CachingGetSpaceUsed (CachingGetSpaceUsed.java:run(183)) - Thread Interrupted waiting to refresh disk information: sleep interrupted
2019-07-31 00:49:18,105 INFO  statemachine.DatanodeStateMachine (DatanodeStateMachine.java:stopDaemon(395)) - Ozone container server stopped.
2019-07-31 00:49:18,110 INFO  handler.ContextHandler (ContextHandler.java:doStop(910)) - Stopped o.e.j.w.WebAppContext@6210666c{/,null,UNAVAILABLE}{/hddsDatanode}
2019-07-31 00:49:18,111 INFO  server.AbstractConnector (AbstractConnector.java:doStop(318)) - Stopped ServerConnector@1dca62c2{HTTP/1.1,[http/1.1]}{0.0.0.0:0}
2019-07-31 00:49:18,112 INFO  handler.ContextHandler (ContextHandler.java:doStop(910)) - Stopped o.e.j.s.ServletContextHandler@2d801d8{/static,jar:file:/home/user/.m2/repository/org/apache/hadoop/hadoop-hdds-container-service/0.4.1-SNAPSHOT/hadoop-hdds-container-service-0.4.1-SNAPSHOT.jar!/webapps/static,UNAVAILABLE}
2019-07-31 00:49:18,114 INFO  handler.ContextHandler (ContextHandler.java:doStop(910)) - Stopped o.e.j.s.ServletContextHandler@f10d055{/logs,file:///workdir/hadoop-ozone/integration-test/target/log,UNAVAILABLE}
2019-07-31 00:49:18,116 INFO  datanode.ObjectStoreHandler (ObjectStoreHandler.java:close(155)) - Closing ObjectStoreHandler.
2019-07-31 00:49:18,116 INFO  ozone.HddsDatanodeService (HddsDatanodeService.java:stop(451)) - Stopped plug-in org.apache.hadoop.ozone.web.OzoneHddsDatanodeService@3316527e
2019-07-31 00:49:18,121 INFO  statemachine.DatanodeStateMachine (DatanodeStateMachine.java:stopDaemon(395)) - Ozone container server stopped.
2019-07-31 00:49:18,122 INFO  handler.ContextHandler (ContextHandler.java:doStop(910)) - Stopped o.e.j.w.WebAppContext@54e0f76f{/,null,UNAVAILABLE}{/hddsDatanode}
2019-07-31 00:49:18,123 INFO  server.AbstractConnector (AbstractConnector.java:doStop(318)) - Stopped ServerConnector@3fe8ad3f{HTTP/1.1,[http/1.1]}{0.0.0.0:0}
2019-07-31 00:49:18,123 INFO  handler.ContextHandler (ContextHandler.java:doStop(910)) - Stopped o.e.j.s.ServletContextHandler@75f4d8a8{/static,jar:file:/home/user/.m2/repository/org/apache/hadoop/hadoop-hdds-container-service/0.4.1-SNAPSHOT/hadoop-hdds-container-service-0.4.1-SNAPSHOT.jar!/webapps/static,UNAVAILABLE}
2019-07-31 00:49:18,123 INFO  handler.ContextHandler (ContextHandler.java:doStop(910)) - Stopped o.e.j.s.ServletContextHandler@53e28097{/logs,file:///workdir/hadoop-ozone/integration-test/target/log,UNAVAILABLE}
2019-07-31 00:49:18,125 INFO  datanode.ObjectStoreHandler (ObjectStoreHandler.java:close(155)) - Closing ObjectStoreHandler.
2019-07-31 00:49:18,125 INFO  ozone.HddsDatanodeService (HddsDatanodeService.java:stop(451)) - Stopped plug-in org.apache.hadoop.ozone.web.OzoneHddsDatanodeService@4ac7856f
2019-07-31 00:49:18,238 INFO  statemachine.DatanodeStateMachine (DatanodeStateMachine.java:lambda$startDaemon$0(350)) - Ozone container server started.
2019-07-31 00:49:18,441 INFO  statemachine.DatanodeStateMachine (DatanodeStateMachine.java:lambda$startDaemon$0(350)) - Ozone container server started.
2019-07-31 00:49:20,341 WARN  server.GrpcLogAppender (LogUtils.java:warn(134)) - ea6a2b66-52a7-40dd-bf1f-b91ff39ef7ab->592200f1-3e1f-45d0-86ec-8b332dbc6e1e: Failed appendEntries: org.apache.ratis.thirdparty.io.grpc.StatusRuntimeException: UNAVAILABLE: io exception
2019-07-31 00:49:20,344 INFO  impl.FollowerInfo (FollowerInfo.java:lambda$new$0(50)) - ea6a2b66-52a7-40dd-bf1f-b91ff39ef7ab->592200f1-3e1f-45d0-86ec-8b332dbc6e1e: nextIndex: updateUnconditionally 2 -> 1
2019-07-31 00:49:20,350 WARN  server.GrpcLogAppender (LogUtils.java:warn(134)) - ea6a2b66-52a7-40dd-bf1f-b91ff39ef7ab->f34c4c6f-d2eb-407d-ac06-47c21c7abed1: Failed appendEntries: org.apache.ratis.thirdparty.io.grpc.StatusRuntimeException: UNAVAILABLE: io exception
2019-07-31 00:49:20,352 INFO  impl.FollowerInfo (FollowerInfo.java:lambda$new$0(50)) - ea6a2b66-52a7-40dd-bf1f-b91ff39ef7ab->f34c4c6f-d2eb-407d-ac06-47c21c7abed1: nextIndex: updateUnconditionally 4 -> 3
2019-07-31 00:49:22,106 INFO  impl.FollowerState (FollowerState.java:run(106)) - 6035a6a3-d448-4ff9-8fe3-eebf4fa5ff66:group-3EFC94A02EDD changes to CANDIDATE, lastRpcTime:5132, electionTimeout:5006ms
2019-07-31 00:49:22,106 INFO  impl.RoleInfo (RoleInfo.java:shutdownFollowerState(121)) - 6035a6a3-d448-4ff9-8fe3-eebf4fa5ff66: shutdown FollowerState
2019-07-31 00:49:22,106 INFO  impl.RaftServerImpl (RaftServerImpl.java:setRole(171)) - 6035a6a3-d448-4ff9-8fe3-eebf4fa5ff66:group-3EFC94A02EDD changes role from FOLLOWER to CANDIDATE at term 1 for changeToCandidate
2019-07-31 00:49:22,107 INFO  impl.RoleInfo (RoleInfo.java:updateAndGet(143)) - 6035a6a3-d448-4ff9-8fe3-eebf4fa5ff66: start LeaderElection
2019-07-31 00:49:22,110 INFO  impl.RaftServerImpl (ServerState.java:setLeader(263)) - 6035a6a3-d448-4ff9-8fe3-eebf4fa5ff66:group-3EFC94A02EDD change Leader from 57d56d22-c073-4cf9-913f-0296d8493da6 to null at term 1 for initElection
2019-07-31 00:49:22,118 INFO  impl.LeaderElection (LeaderElection.java:askForVotes(181)) - 6035a6a3-d448-4ff9-8fe3-eebf4fa5ff66:group-3EFC94A02EDD:LeaderElection24: begin an election at term 2 for 0: [2ffbce9c-38d9-435c-bbc9-44adb415d185:192.168.69.114:42215, 6035a6a3-d448-4ff9-8fe3-eebf4fa5ff66:192.168.69.114:33208, 57d56d22-c073-4cf9-913f-0296d8493da6:192.168.69.114:33295], old=null
2019-07-31 00:49:22,134 INFO  impl.LeaderElection (LogUtils.java:infoOrTrace(149)) - 6035a6a3-d448-4ff9-8fe3-eebf4fa5ff66:group-3EFC94A02EDD:LeaderElection24 got exception when requesting votes: {}
java.util.concurrent.ExecutionException: org.apache.ratis.thirdparty.io.grpc.StatusRuntimeException: UNAVAILABLE: io exception
	at java.util.concurrent.FutureTask.report(FutureTask.java:122)
	at java.util.concurrent.FutureTask.get(FutureTask.java:192)
	at org.apache.ratis.server.impl.LeaderElection.waitForResults(LeaderElection.java:262)
	at org.apache.ratis.server.impl.LeaderElection.askForVotes(LeaderElection.java:200)
	at org.apache.ratis.server.impl.LeaderElection.run(LeaderElection.java:130)
	at java.lang.Thread.run(Thread.java:748)
Caused by: org.apache.ratis.thirdparty.io.grpc.StatusRuntimeException: UNAVAILABLE: io exception
	at org.apache.ratis.thirdparty.io.grpc.stub.ClientCalls.toStatusRuntimeException(ClientCalls.java:233)
	at org.apache.ratis.thirdparty.io.grpc.stub.ClientCalls.getUnchecked(ClientCalls.java:214)
	at org.apache.ratis.thirdparty.io.grpc.stub.ClientCalls.blockingUnaryCall(ClientCalls.java:139)
	at org.apache.ratis.proto.grpc.RaftServerProtocolServiceGrpc$RaftServerProtocolServiceBlockingStub.requestVote(RaftServerProtocolServiceGrpc.java:265)
	at org.apache.ratis.grpc.server.GrpcServerProtocolClient.requestVote(GrpcServerProtocolClient.java:83)
	at org.apache.ratis.grpc.server.GrpcService.requestVote(GrpcService.java:195)
	at org.apache.ratis.server.impl.LeaderElection.lambda$submitRequests$1(LeaderElection.java:237)
	at java.util.concurrent.FutureTask.run(FutureTask.java:266)
	at java.util.concurrent.Executors$RunnableAdapter.call(Executors.java:511)
	at java.util.concurrent.FutureTask.run(FutureTask.java:266)
	at java.util.concurrent.ThreadPoolExecutor.runWorker(ThreadPoolExecutor.java:1149)
	at java.util.concurrent.ThreadPoolExecutor$Worker.run(ThreadPoolExecutor.java:624)
	... 1 more
Caused by: org.apache.ratis.thirdparty.io.netty.channel.AbstractChannel$AnnotatedConnectException: Connection refused: /192.168.69.114:33295
	at sun.nio.ch.SocketChannelImpl.checkConnect(Native Method)
	at sun.nio.ch.SocketChannelImpl.finishConnect(SocketChannelImpl.java:717)
	at org.apache.ratis.thirdparty.io.netty.channel.socket.nio.NioSocketChannel.doFinishConnect(NioSocketChannel.java:327)
	at org.apache.ratis.thirdparty.io.netty.channel.nio.AbstractNioChannel$AbstractNioUnsafe.finishConnect(AbstractNioChannel.java:340)
	at org.apache.ratis.thirdparty.io.netty.channel.nio.NioEventLoop.processSelectedKey(NioEventLoop.java:632)
	at org.apache.ratis.thirdparty.io.netty.channel.nio.NioEventLoop.processSelectedKeysOptimized(NioEventLoop.java:579)
	at org.apache.ratis.thirdparty.io.netty.channel.nio.NioEventLoop.processSelectedKeys(NioEventLoop.java:496)
	at org.apache.ratis.thirdparty.io.netty.channel.nio.NioEventLoop.run(NioEventLoop.java:458)
	at org.apache.ratis.thirdparty.io.netty.util.concurrent.SingleThreadEventExecutor$5.run(SingleThreadEventExecutor.java:897)
	at org.apache.ratis.thirdparty.io.netty.util.concurrent.FastThreadLocalRunnable.run(FastThreadLocalRunnable.java:30)
	... 1 more
Caused by: java.net.ConnectException: Connection refused
	... 11 more
2019-07-31 00:49:22,137 INFO  impl.LeaderElection (LogUtils.java:infoOrTrace(149)) - 6035a6a3-d448-4ff9-8fe3-eebf4fa5ff66:group-3EFC94A02EDD:LeaderElection24 got exception when requesting votes: {}
java.util.concurrent.ExecutionException: org.apache.ratis.thirdparty.io.grpc.StatusRuntimeException: UNAVAILABLE: io exception
	at java.util.concurrent.FutureTask.report(FutureTask.java:122)
	at java.util.concurrent.FutureTask.get(FutureTask.java:192)
	at org.apache.ratis.server.impl.LeaderElection.waitForResults(LeaderElection.java:262)
	at org.apache.ratis.server.impl.LeaderElection.askForVotes(LeaderElection.java:200)
	at org.apache.ratis.server.impl.LeaderElection.run(LeaderElection.java:130)
	at java.lang.Thread.run(Thread.java:748)
Caused by: org.apache.ratis.thirdparty.io.grpc.StatusRuntimeException: UNAVAILABLE: io exception
	at org.apache.ratis.thirdparty.io.grpc.stub.ClientCalls.toStatusRuntimeException(ClientCalls.java:233)
	at org.apache.ratis.thirdparty.io.grpc.stub.ClientCalls.getUnchecked(ClientCalls.java:214)
	at org.apache.ratis.thirdparty.io.grpc.stub.ClientCalls.blockingUnaryCall(ClientCalls.java:139)
	at org.apache.ratis.proto.grpc.RaftServerProtocolServiceGrpc$RaftServerProtocolServiceBlockingStub.requestVote(RaftServerProtocolServiceGrpc.java:265)
	at org.apache.ratis.grpc.server.GrpcServerProtocolClient.requestVote(GrpcServerProtocolClient.java:83)
	at org.apache.ratis.grpc.server.GrpcService.requestVote(GrpcService.java:195)
	at org.apache.ratis.server.impl.LeaderElection.lambda$submitRequests$1(LeaderElection.java:237)
	at java.util.concurrent.FutureTask.run(FutureTask.java:266)
	at java.util.concurrent.Executors$RunnableAdapter.call(Executors.java:511)
	at java.util.concurrent.FutureTask.run(FutureTask.java:266)
	at java.util.concurrent.ThreadPoolExecutor.runWorker(ThreadPoolExecutor.java:1149)
	at java.util.concurrent.ThreadPoolExecutor$Worker.run(ThreadPoolExecutor.java:624)
	... 1 more
Caused by: org.apache.ratis.thirdparty.io.netty.channel.AbstractChannel$AnnotatedConnectException: Connection refused: /192.168.69.114:42215
	at sun.nio.ch.SocketChannelImpl.checkConnect(Native Method)
	at sun.nio.ch.SocketChannelImpl.finishConnect(SocketChannelImpl.java:717)
	at org.apache.ratis.thirdparty.io.netty.channel.socket.nio.NioSocketChannel.doFinishConnect(NioSocketChannel.java:327)
	at org.apache.ratis.thirdparty.io.netty.channel.nio.AbstractNioChannel$AbstractNioUnsafe.finishConnect(AbstractNioChannel.java:340)
	at org.apache.ratis.thirdparty.io.netty.channel.nio.NioEventLoop.processSelectedKey(NioEventLoop.java:632)
	at org.apache.ratis.thirdparty.io.netty.channel.nio.NioEventLoop.processSelectedKeysOptimized(NioEventLoop.java:579)
	at org.apache.ratis.thirdparty.io.netty.channel.nio.NioEventLoop.processSelectedKeys(NioEventLoop.java:496)
	at org.apache.ratis.thirdparty.io.netty.channel.nio.NioEventLoop.run(NioEventLoop.java:458)
	at org.apache.ratis.thirdparty.io.netty.util.concurrent.SingleThreadEventExecutor$5.run(SingleThreadEventExecutor.java:897)
	at org.apache.ratis.thirdparty.io.netty.util.concurrent.FastThreadLocalRunnable.run(FastThreadLocalRunnable.java:30)
	... 1 more
Caused by: java.net.ConnectException: Connection refused
	... 11 more
2019-07-31 00:49:22,139 INFO  impl.LeaderElection (LeaderElection.java:logAndReturn(56)) - 6035a6a3-d448-4ff9-8fe3-eebf4fa5ff66:group-3EFC94A02EDD:LeaderElection24: Election REJECTED; received 0 response(s) [] and 2 exception(s); 6035a6a3-d448-4ff9-8fe3-eebf4fa5ff66:t2, leader=null, voted=6035a6a3-d448-4ff9-8fe3-eebf4fa5ff66, raftlog=6035a6a3-d448-4ff9-8fe3-eebf4fa5ff66-SegmentedRaftLog:OPENED:c0,f0,i0, conf=0: [2ffbce9c-38d9-435c-bbc9-44adb415d185:192.168.69.114:42215, 6035a6a3-d448-4ff9-8fe3-eebf4fa5ff66:192.168.69.114:33208, 57d56d22-c073-4cf9-913f-0296d8493da6:192.168.69.114:33295], old=null
2019-07-31 00:49:22,139 INFO  impl.LeaderElection (LogUtils.java:infoOrTrace(149)) -   Exception 0: {}
java.util.concurrent.ExecutionException: org.apache.ratis.thirdparty.io.grpc.StatusRuntimeException: UNAVAILABLE: io exception
	at java.util.concurrent.FutureTask.report(FutureTask.java:122)
	at java.util.concurrent.FutureTask.get(FutureTask.java:192)
	at org.apache.ratis.server.impl.LeaderElection.waitForResults(LeaderElection.java:262)
	at org.apache.ratis.server.impl.LeaderElection.askForVotes(LeaderElection.java:200)
	at org.apache.ratis.server.impl.LeaderElection.run(LeaderElection.java:130)
	at java.lang.Thread.run(Thread.java:748)
Caused by: org.apache.ratis.thirdparty.io.grpc.StatusRuntimeException: UNAVAILABLE: io exception
	at org.apache.ratis.thirdparty.io.grpc.stub.ClientCalls.toStatusRuntimeException(ClientCalls.java:233)
	at org.apache.ratis.thirdparty.io.grpc.stub.ClientCalls.getUnchecked(ClientCalls.java:214)
	at org.apache.ratis.thirdparty.io.grpc.stub.ClientCalls.blockingUnaryCall(ClientCalls.java:139)
	at org.apache.ratis.proto.grpc.RaftServerProtocolServiceGrpc$RaftServerProtocolServiceBlockingStub.requestVote(RaftServerProtocolServiceGrpc.java:265)
	at org.apache.ratis.grpc.server.GrpcServerProtocolClient.requestVote(GrpcServerProtocolClient.java:83)
	at org.apache.ratis.grpc.server.GrpcService.requestVote(GrpcService.java:195)
	at org.apache.ratis.server.impl.LeaderElection.lambda$submitRequests$1(LeaderElection.java:237)
	at java.util.concurrent.FutureTask.run(FutureTask.java:266)
	at java.util.concurrent.Executors$RunnableAdapter.call(Executors.java:511)
	at java.util.concurrent.FutureTask.run(FutureTask.java:266)
	at java.util.concurrent.ThreadPoolExecutor.runWorker(ThreadPoolExecutor.java:1149)
	at java.util.concurrent.ThreadPoolExecutor$Worker.run(ThreadPoolExecutor.java:624)
	... 1 more
Caused by: org.apache.ratis.thirdparty.io.netty.channel.AbstractChannel$AnnotatedConnectException: Connection refused: /192.168.69.114:33295
	at sun.nio.ch.SocketChannelImpl.checkConnect(Native Method)
	at sun.nio.ch.SocketChannelImpl.finishConnect(SocketChannelImpl.java:717)
	at org.apache.ratis.thirdparty.io.netty.channel.socket.nio.NioSocketChannel.doFinishConnect(NioSocketChannel.java:327)
	at org.apache.ratis.thirdparty.io.netty.channel.nio.AbstractNioChannel$AbstractNioUnsafe.finishConnect(AbstractNioChannel.java:340)
	at org.apache.ratis.thirdparty.io.netty.channel.nio.NioEventLoop.processSelectedKey(NioEventLoop.java:632)
	at org.apache.ratis.thirdparty.io.netty.channel.nio.NioEventLoop.processSelectedKeysOptimized(NioEventLoop.java:579)
	at org.apache.ratis.thirdparty.io.netty.channel.nio.NioEventLoop.processSelectedKeys(NioEventLoop.java:496)
	at org.apache.ratis.thirdparty.io.netty.channel.nio.NioEventLoop.run(NioEventLoop.java:458)
	at org.apache.ratis.thirdparty.io.netty.util.concurrent.SingleThreadEventExecutor$5.run(SingleThreadEventExecutor.java:897)
	at org.apache.ratis.thirdparty.io.netty.util.concurrent.FastThreadLocalRunnable.run(FastThreadLocalRunnable.java:30)
	... 1 more
Caused by: java.net.ConnectException: Connection refused
	... 11 more
2019-07-31 00:49:22,139 INFO  impl.LeaderElection (LogUtils.java:infoOrTrace(149)) -   Exception 1: {}
java.util.concurrent.ExecutionException: org.apache.ratis.thirdparty.io.grpc.StatusRuntimeException: UNAVAILABLE: io exception
	at java.util.concurrent.FutureTask.report(FutureTask.java:122)
	at java.util.concurrent.FutureTask.get(FutureTask.java:192)
	at org.apache.ratis.server.impl.LeaderElection.waitForResults(LeaderElection.java:262)
	at org.apache.ratis.server.impl.LeaderElection.askForVotes(LeaderElection.java:200)
	at org.apache.ratis.server.impl.LeaderElection.run(LeaderElection.java:130)
	at java.lang.Thread.run(Thread.java:748)
Caused by: org.apache.ratis.thirdparty.io.grpc.StatusRuntimeException: UNAVAILABLE: io exception
	at org.apache.ratis.thirdparty.io.grpc.stub.ClientCalls.toStatusRuntimeException(ClientCalls.java:233)
	at org.apache.ratis.thirdparty.io.grpc.stub.ClientCalls.getUnchecked(ClientCalls.java:214)
	at org.apache.ratis.thirdparty.io.grpc.stub.ClientCalls.blockingUnaryCall(ClientCalls.java:139)
	at org.apache.ratis.proto.grpc.RaftServerProtocolServiceGrpc$RaftServerProtocolServiceBlockingStub.requestVote(RaftServerProtocolServiceGrpc.java:265)
	at org.apache.ratis.grpc.server.GrpcServerProtocolClient.requestVote(GrpcServerProtocolClient.java:83)
	at org.apache.ratis.grpc.server.GrpcService.requestVote(GrpcService.java:195)
	at org.apache.ratis.server.impl.LeaderElection.lambda$submitRequests$1(LeaderElection.java:237)
	at java.util.concurrent.FutureTask.run(FutureTask.java:266)
	at java.util.concurrent.Executors$RunnableAdapter.call(Executors.java:511)
	at java.util.concurrent.FutureTask.run(FutureTask.java:266)
	at java.util.concurrent.ThreadPoolExecutor.runWorker(ThreadPoolExecutor.java:1149)
	at java.util.concurrent.ThreadPoolExecutor$Worker.run(ThreadPoolExecutor.java:624)
	... 1 more
Caused by: org.apache.ratis.thirdparty.io.netty.channel.AbstractChannel$AnnotatedConnectException: Connection refused: /192.168.69.114:42215
	at sun.nio.ch.SocketChannelImpl.checkConnect(Native Method)
	at sun.nio.ch.SocketChannelImpl.finishConnect(SocketChannelImpl.java:717)
	at org.apache.ratis.thirdparty.io.netty.channel.socket.nio.NioSocketChannel.doFinishConnect(NioSocketChannel.java:327)
	at org.apache.ratis.thirdparty.io.netty.channel.nio.AbstractNioChannel$AbstractNioUnsafe.finishConnect(AbstractNioChannel.java:340)
	at org.apache.ratis.thirdparty.io.netty.channel.nio.NioEventLoop.processSelectedKey(NioEventLoop.java:632)
	at org.apache.ratis.thirdparty.io.netty.channel.nio.NioEventLoop.processSelectedKeysOptimized(NioEventLoop.java:579)
	at org.apache.ratis.thirdparty.io.netty.channel.nio.NioEventLoop.processSelectedKeys(NioEventLoop.java:496)
	at org.apache.ratis.thirdparty.io.netty.channel.nio.NioEventLoop.run(NioEventLoop.java:458)
	at org.apache.ratis.thirdparty.io.netty.util.concurrent.SingleThreadEventExecutor$5.run(SingleThreadEventExecutor.java:897)
	at org.apache.ratis.thirdparty.io.netty.util.concurrent.FastThreadLocalRunnable.run(FastThreadLocalRunnable.java:30)
	... 1 more
Caused by: java.net.ConnectException: Connection refused
	... 11 more
2019-07-31 00:49:22,139 INFO  impl.RaftServerImpl (RaftServerImpl.java:setRole(171)) - 6035a6a3-d448-4ff9-8fe3-eebf4fa5ff66:group-3EFC94A02EDD changes role from CANDIDATE to FOLLOWER at term 2 for DISCOVERED_A_NEW_TERM
2019-07-31 00:49:22,140 INFO  impl.RoleInfo (RoleInfo.java:shutdownLeaderElection(134)) - 6035a6a3-d448-4ff9-8fe3-eebf4fa5ff66: shutdown LeaderElection
2019-07-31 00:49:22,140 INFO  impl.RoleInfo (RoleInfo.java:updateAndGet(143)) - 6035a6a3-d448-4ff9-8fe3-eebf4fa5ff66: start FollowerState
2019-07-31 00:49:22,842 WARN  server.GrpcLogAppender (LogUtils.java:warn(134)) - ea6a2b66-52a7-40dd-bf1f-b91ff39ef7ab->592200f1-3e1f-45d0-86ec-8b332dbc6e1e: Failed appendEntries: org.apache.ratis.thirdparty.io.grpc.StatusRuntimeException: UNAVAILABLE: io exception
2019-07-31 00:49:22,845 INFO  impl.FollowerInfo (FollowerInfo.java:lambda$new$0(50)) - ea6a2b66-52a7-40dd-bf1f-b91ff39ef7ab->592200f1-3e1f-45d0-86ec-8b332dbc6e1e: nextIndex: updateUnconditionally 1 -> 0
2019-07-31 00:49:22,851 WARN  server.GrpcLogAppender (LogUtils.java:warn(134)) - ea6a2b66-52a7-40dd-bf1f-b91ff39ef7ab->f34c4c6f-d2eb-407d-ac06-47c21c7abed1: Failed appendEntries: org.apache.ratis.thirdparty.io.grpc.StatusRuntimeException: UNAVAILABLE: io exception
2019-07-31 00:49:22,853 INFO  impl.FollowerInfo (FollowerInfo.java:lambda$new$0(50)) - ea6a2b66-52a7-40dd-bf1f-b91ff39ef7ab->f34c4c6f-d2eb-407d-ac06-47c21c7abed1: nextIndex: updateUnconditionally 3 -> 2
2019-07-31 00:49:23,117 INFO  ozoneimpl.OzoneContainer (OzoneContainer.java:stop(199)) - Attempting to stop container services.
2019-07-31 00:49:23,118 INFO  impl.RaftServerProxy (RaftServerProxy.java:lambda$close$4(314)) - 6035a6a3-d448-4ff9-8fe3-eebf4fa5ff66: close
2019-07-31 00:49:23,118 INFO  impl.RaftServerImpl (RaftServerImpl.java:lambda$shutdown$3(245)) - 6035a6a3-d448-4ff9-8fe3-eebf4fa5ff66: shutdown group-3EFC94A02EDD
2019-07-31 00:49:23,118 INFO  util.JmxRegister (JmxRegister.java:unregister(73)) - Successfully un-registered JMX Bean with object name Ratis:service=RaftServer,group=group-3EFC94A02EDD,id=6035a6a3-d448-4ff9-8fe3-eebf4fa5ff66
2019-07-31 00:49:23,119 INFO  impl.RoleInfo (RoleInfo.java:shutdownFollowerState(121)) - 6035a6a3-d448-4ff9-8fe3-eebf4fa5ff66: shutdown FollowerState
2019-07-31 00:49:23,119 INFO  impl.StateMachineUpdater (StateMachineUpdater.java:stopAndJoin(115)) - StateMachineUpdater:6035a6a3-d448-4ff9-8fe3-eebf4fa5ff66:group-3EFC94A02EDD: set stopIndex = 0
2019-07-31 00:49:23,119 INFO  impl.FollowerState (FollowerState.java:run(114)) - 6035a6a3-d448-4ff9-8fe3-eebf4fa5ff66: FollowerState was interrupted: java.lang.InterruptedException: sleep interrupted
2019-07-31 00:49:23,119 INFO  impl.RaftServerImpl (ServerState.java:close(394)) - 6035a6a3-d448-4ff9-8fe3-eebf4fa5ff66:group-3EFC94A02EDD closes. The last applied log index is 0
2019-07-31 00:49:23,122 INFO  segmented.SegmentedRaftLogWorker (SegmentedRaftLogWorker.java:run(313)) - 6035a6a3-d448-4ff9-8fe3-eebf4fa5ff66-SegmentedRaftLogWorker:Storage Directory /workdir/hadoop-ozone/integration-test/target/test-dir/MiniOzoneClusterImpl-5e7578f6-c7d5-4fb0-a9a6-c5f08596d10b/datanode-0/data/ratis/8aad4de8-67eb-4193-8c2c-3efc94a02edd was interrupted, exiting. There are 0 tasks remaining in the queue.
2019-07-31 00:49:23,123 INFO  segmented.SegmentedRaftLogWorker (SegmentedRaftLogWorker.java:close(228)) - 6035a6a3-d448-4ff9-8fe3-eebf4fa5ff66-SegmentedRaftLogWorker:Storage Directory /workdir/hadoop-ozone/integration-test/target/test-dir/MiniOzoneClusterImpl-5e7578f6-c7d5-4fb0-a9a6-c5f08596d10b/datanode-0/data/ratis/8aad4de8-67eb-4193-8c2c-3efc94a02edd close()
2019-07-31 00:49:23,126 INFO  impl.RaftServerImpl (RaftServerImpl.java:lambda$shutdown$3(245)) - 6035a6a3-d448-4ff9-8fe3-eebf4fa5ff66: shutdown group-67817332B604
2019-07-31 00:49:23,127 INFO  ozoneimpl.OzoneContainer (OzoneContainer.java:stop(199)) - Attempting to stop container services.
2019-07-31 00:49:23,127 INFO  util.JmxRegister (JmxRegister.java:unregister(73)) - Successfully un-registered JMX Bean with object name Ratis:service=RaftServer,group=group-67817332B604,id=6035a6a3-d448-4ff9-8fe3-eebf4fa5ff66
2019-07-31 00:49:23,127 INFO  impl.RaftServerProxy (RaftServerProxy.java:lambda$close$4(314)) - e19866aa-6389-4d91-b29b-65753a74cb74: close
2019-07-31 00:49:23,128 INFO  impl.RoleInfo (RoleInfo.java:shutdownLeaderState(104)) - 6035a6a3-d448-4ff9-8fe3-eebf4fa5ff66: shutdown LeaderState
2019-07-31 00:49:23,128 INFO  impl.RaftServerImpl (RaftServerImpl.java:lambda$shutdown$3(245)) - e19866aa-6389-4d91-b29b-65753a74cb74: shutdown group-6785628329F7
2019-07-31 00:49:23,128 INFO  impl.PendingRequests (PendingRequests.java:sendNotLeaderResponses(202)) - 6035a6a3-d448-4ff9-8fe3-eebf4fa5ff66-PendingRequests: sendNotLeaderResponses
2019-07-31 00:49:23,129 INFO  util.JmxRegister (JmxRegister.java:unregister(73)) - Successfully un-registered JMX Bean with object name Ratis:service=RaftServer,group=group-6785628329F7,id=e19866aa-6389-4d91-b29b-65753a74cb74
2019-07-31 00:49:23,129 INFO  impl.StateMachineUpdater (StateMachineUpdater.java:stopAndJoin(115)) - StateMachineUpdater:6035a6a3-d448-4ff9-8fe3-eebf4fa5ff66:group-67817332B604: set stopIndex = 0
2019-07-31 00:49:23,129 INFO  impl.RoleInfo (RoleInfo.java:shutdownLeaderState(104)) - e19866aa-6389-4d91-b29b-65753a74cb74: shutdown LeaderState
2019-07-31 00:49:23,130 INFO  impl.RaftServerImpl (ServerState.java:close(394)) - 6035a6a3-d448-4ff9-8fe3-eebf4fa5ff66:group-67817332B604 closes. The last applied log index is 0
2019-07-31 00:49:23,130 INFO  impl.PendingRequests (PendingRequests.java:sendNotLeaderResponses(202)) - e19866aa-6389-4d91-b29b-65753a74cb74-PendingRequests: sendNotLeaderResponses
2019-07-31 00:49:23,131 INFO  segmented.SegmentedRaftLogWorker (SegmentedRaftLogWorker.java:run(313)) - 6035a6a3-d448-4ff9-8fe3-eebf4fa5ff66-SegmentedRaftLogWorker:Storage Directory /workdir/hadoop-ozone/integration-test/target/test-dir/MiniOzoneClusterImpl-5e7578f6-c7d5-4fb0-a9a6-c5f08596d10b/datanode-0/data/ratis/94ba4c86-9657-40f7-8b2d-67817332b604 was interrupted, exiting. There are 0 tasks remaining in the queue.
2019-07-31 00:49:23,131 INFO  impl.StateMachineUpdater (StateMachineUpdater.java:stopAndJoin(115)) - StateMachineUpdater:e19866aa-6389-4d91-b29b-65753a74cb74:group-6785628329F7: set stopIndex = 0
2019-07-31 00:49:23,133 INFO  segmented.SegmentedRaftLogWorker (SegmentedRaftLogWorker.java:close(228)) - 6035a6a3-d448-4ff9-8fe3-eebf4fa5ff66-SegmentedRaftLogWorker:Storage Directory /workdir/hadoop-ozone/integration-test/target/test-dir/MiniOzoneClusterImpl-5e7578f6-c7d5-4fb0-a9a6-c5f08596d10b/datanode-0/data/ratis/94ba4c86-9657-40f7-8b2d-67817332b604 close()
2019-07-31 00:49:23,133 INFO  impl.RaftServerImpl (ServerState.java:close(394)) - e19866aa-6389-4d91-b29b-65753a74cb74:group-6785628329F7 closes. The last applied log index is 0
2019-07-31 00:49:23,140 INFO  server.GrpcService (GrpcService.java:closeImpl(155)) - 6035a6a3-d448-4ff9-8fe3-eebf4fa5ff66: shutdown server with port 33208 now
2019-07-31 00:49:23,140 INFO  segmented.SegmentedRaftLogWorker (SegmentedRaftLogWorker.java:run(313)) - e19866aa-6389-4d91-b29b-65753a74cb74-SegmentedRaftLogWorker:Storage Directory /workdir/hadoop-ozone/integration-test/target/test-dir/MiniOzoneClusterImpl-5e7578f6-c7d5-4fb0-a9a6-c5f08596d10b/datanode-6/data/ratis/b0f69874-fb31-4ff6-8134-6785628329f7 was interrupted, exiting. There are 0 tasks remaining in the queue.
2019-07-31 00:49:23,142 INFO  segmented.SegmentedRaftLogWorker (SegmentedRaftLogWorker.java:close(228)) - e19866aa-6389-4d91-b29b-65753a74cb74-SegmentedRaftLogWorker:Storage Directory /workdir/hadoop-ozone/integration-test/target/test-dir/MiniOzoneClusterImpl-5e7578f6-c7d5-4fb0-a9a6-c5f08596d10b/datanode-6/data/ratis/b0f69874-fb31-4ff6-8134-6785628329f7 close()
2019-07-31 00:49:23,144 INFO  server.GrpcService (GrpcService.java:closeImpl(163)) - 6035a6a3-d448-4ff9-8fe3-eebf4fa5ff66: shutdown server with port 33208 successfully
2019-07-31 00:49:23,144 INFO  server.GrpcService (GrpcService.java:closeImpl(155)) - e19866aa-6389-4d91-b29b-65753a74cb74: shutdown server with port 34369 now
2019-07-31 00:49:23,146 INFO  server.GrpcService (GrpcService.java:closeImpl(163)) - e19866aa-6389-4d91-b29b-65753a74cb74: shutdown server with port 34369 successfully
2019-07-31 00:49:23,147 INFO  utils.BackgroundService (BackgroundService.java:shutdown(148)) - Shutting down service BlockDeletingService
2019-07-31 00:49:23,149 WARN  fs.CachingGetSpaceUsed (CachingGetSpaceUsed.java:run(183)) - Thread Interrupted waiting to refresh disk information: sleep interrupted
2019-07-31 00:49:23,151 INFO  utils.BackgroundService (BackgroundService.java:shutdown(148)) - Shutting down service BlockDeletingService
2019-07-31 00:49:23,155 WARN  fs.CachingGetSpaceUsed (CachingGetSpaceUsed.java:run(183)) - Thread Interrupted waiting to refresh disk information: sleep interrupted
2019-07-31 00:49:23,170 INFO  statemachine.DatanodeStateMachine (DatanodeStateMachine.java:stopDaemon(395)) - Ozone container server stopped.
2019-07-31 00:49:23,175 INFO  handler.ContextHandler (ContextHandler.java:doStop(910)) - Stopped o.e.j.w.WebAppContext@4656fcc5{/,null,UNAVAILABLE}{/hddsDatanode}
2019-07-31 00:49:23,175 INFO  server.AbstractConnector (AbstractConnector.java:doStop(318)) - Stopped ServerConnector@2c16677c{HTTP/1.1,[http/1.1]}{0.0.0.0:0}
2019-07-31 00:49:23,177 INFO  handler.ContextHandler (ContextHandler.java:doStop(910)) - Stopped o.e.j.s.ServletContextHandler@505f45cc{/static,jar:file:/home/user/.m2/repository/org/apache/hadoop/hadoop-hdds-container-service/0.4.1-SNAPSHOT/hadoop-hdds-container-service-0.4.1-SNAPSHOT.jar!/webapps/static,UNAVAILABLE}
2019-07-31 00:49:23,178 INFO  handler.ContextHandler (ContextHandler.java:doStop(910)) - Stopped o.e.j.s.ServletContextHandler@12f9f896{/logs,file:///workdir/hadoop-ozone/integration-test/target/log,UNAVAILABLE}
2019-07-31 00:49:23,182 INFO  statemachine.DatanodeStateMachine (DatanodeStateMachine.java:stopDaemon(395)) - Ozone container server stopped.
2019-07-31 00:49:23,183 INFO  datanode.ObjectStoreHandler (ObjectStoreHandler.java:close(155)) - Closing ObjectStoreHandler.
2019-07-31 00:49:23,183 INFO  handler.ContextHandler (ContextHandler.java:doStop(910)) - Stopped o.e.j.w.WebAppContext@5b64f771{/,null,UNAVAILABLE}{/hddsDatanode}
2019-07-31 00:49:23,184 INFO  ozone.HddsDatanodeService (HddsDatanodeService.java:stop(451)) - Stopped plug-in org.apache.hadoop.ozone.web.OzoneHddsDatanodeService@112530c3
2019-07-31 00:49:23,184 INFO  server.AbstractConnector (AbstractConnector.java:doStop(318)) - Stopped ServerConnector@153c6603{HTTP/1.1,[http/1.1]}{0.0.0.0:0}
2019-07-31 00:49:23,185 INFO  handler.ContextHandler (ContextHandler.java:doStop(910)) - Stopped o.e.j.s.ServletContextHandler@6c9151c1{/static,jar:file:/home/user/.m2/repository/org/apache/hadoop/hadoop-hdds-container-service/0.4.1-SNAPSHOT/hadoop-hdds-container-service-0.4.1-SNAPSHOT.jar!/webapps/static,UNAVAILABLE}
2019-07-31 00:49:23,185 INFO  handler.ContextHandler (ContextHandler.java:doStop(910)) - Stopped o.e.j.s.ServletContextHandler@2299f6d7{/logs,file:///workdir/hadoop-ozone/integration-test/target/log,UNAVAILABLE}
2019-07-31 00:49:23,781 INFO  statemachine.DatanodeStateMachine (DatanodeStateMachine.java:lambda$startDaemon$0(350)) - Ozone container server started.
2019-07-31 00:49:25,344 WARN  server.GrpcLogAppender (LogUtils.java:warn(134)) - ea6a2b66-52a7-40dd-bf1f-b91ff39ef7ab->592200f1-3e1f-45d0-86ec-8b332dbc6e1e: Failed appendEntries: org.apache.ratis.thirdparty.io.grpc.StatusRuntimeException: UNAVAILABLE: io exception
2019-07-31 00:49:25,346 INFO  impl.FollowerInfo (FollowerInfo.java:lambda$new$0(50)) - ea6a2b66-52a7-40dd-bf1f-b91ff39ef7ab->592200f1-3e1f-45d0-86ec-8b332dbc6e1e: nextIndex: updateUnconditionally 0 -> 0
2019-07-31 00:49:25,352 WARN  server.GrpcLogAppender (LogUtils.java:warn(134)) - ea6a2b66-52a7-40dd-bf1f-b91ff39ef7ab->f34c4c6f-d2eb-407d-ac06-47c21c7abed1: Failed appendEntries: org.apache.ratis.thirdparty.io.grpc.StatusRuntimeException: UNAVAILABLE: io exception
2019-07-31 00:49:25,354 INFO  impl.FollowerInfo (FollowerInfo.java:lambda$new$0(50)) - ea6a2b66-52a7-40dd-bf1f-b91ff39ef7ab->f34c4c6f-d2eb-407d-ac06-47c21c7abed1: nextIndex: updateUnconditionally 2 -> 1
2019-07-31 00:49:27,844 WARN  server.GrpcLogAppender (LogUtils.java:warn(134)) - ea6a2b66-52a7-40dd-bf1f-b91ff39ef7ab->592200f1-3e1f-45d0-86ec-8b332dbc6e1e: Failed appendEntries: org.apache.ratis.thirdparty.io.grpc.StatusRuntimeException: UNAVAILABLE: io exception
2019-07-31 00:49:27,846 INFO  impl.FollowerInfo (FollowerInfo.java:lambda$new$0(50)) - ea6a2b66-52a7-40dd-bf1f-b91ff39ef7ab->592200f1-3e1f-45d0-86ec-8b332dbc6e1e: nextIndex: updateUnconditionally 0 -> 0
2019-07-31 00:49:27,852 WARN  server.GrpcLogAppender (LogUtils.java:warn(134)) - ea6a2b66-52a7-40dd-bf1f-b91ff39ef7ab->f34c4c6f-d2eb-407d-ac06-47c21c7abed1: Failed appendEntries: org.apache.ratis.thirdparty.io.grpc.StatusRuntimeException: UNAVAILABLE: io exception
2019-07-31 00:49:27,853 INFO  impl.FollowerInfo (FollowerInfo.java:lambda$new$0(50)) - ea6a2b66-52a7-40dd-bf1f-b91ff39ef7ab->f34c4c6f-d2eb-407d-ac06-47c21c7abed1: nextIndex: updateUnconditionally 1 -> 0
2019-07-31 00:49:28,184 INFO  ozoneimpl.OzoneContainer (OzoneContainer.java:stop(199)) - Attempting to stop container services.
2019-07-31 00:49:28,185 INFO  impl.RaftServerProxy (RaftServerProxy.java:lambda$close$4(314)) - ea6a2b66-52a7-40dd-bf1f-b91ff39ef7ab: close
2019-07-31 00:49:28,185 INFO  impl.RaftServerImpl (RaftServerImpl.java:lambda$shutdown$3(245)) - ea6a2b66-52a7-40dd-bf1f-b91ff39ef7ab: shutdown group-789CA09DFC1D
2019-07-31 00:49:28,186 INFO  util.JmxRegister (JmxRegister.java:unregister(73)) - Successfully un-registered JMX Bean with object name Ratis:service=RaftServer,group=group-789CA09DFC1D,id=ea6a2b66-52a7-40dd-bf1f-b91ff39ef7ab
2019-07-31 00:49:28,186 INFO  impl.RoleInfo (RoleInfo.java:shutdownLeaderState(104)) - ea6a2b66-52a7-40dd-bf1f-b91ff39ef7ab: shutdown LeaderState
2019-07-31 00:49:28,189 WARN  server.GrpcLogAppender (GrpcLogAppender.java:mayWait(143)) - GrpcLogAppender(ea6a2b66-52a7-40dd-bf1f-b91ff39ef7ab->592200f1-3e1f-45d0-86ec-8b332dbc6e1e): Wait interrupted by java.lang.InterruptedException
2019-07-31 00:49:28,189 WARN  server.GrpcLogAppender (GrpcLogAppender.java:mayWait(143)) - GrpcLogAppender(ea6a2b66-52a7-40dd-bf1f-b91ff39ef7ab->f34c4c6f-d2eb-407d-ac06-47c21c7abed1): Wait interrupted by java.lang.InterruptedException
2019-07-31 00:49:28,189 INFO  impl.PendingRequests (PendingRequests.java:sendNotLeaderResponses(202)) - ea6a2b66-52a7-40dd-bf1f-b91ff39ef7ab-PendingRequests: sendNotLeaderResponses
2019-07-31 00:49:28,192 INFO  impl.StateMachineUpdater (StateMachineUpdater.java:stopAndJoin(115)) - StateMachineUpdater:ea6a2b66-52a7-40dd-bf1f-b91ff39ef7ab:group-789CA09DFC1D: set stopIndex = 4
2019-07-31 00:49:28,192 INFO  ratis.ContainerStateMachine (ContainerStateMachine.java:takeSnapshot(262)) - group-789CA09DFC1D: Taking a snapshot at:(t:1, i:2) file /workdir/hadoop-ozone/integration-test/target/test-dir/MiniOzoneClusterImpl-5e7578f6-c7d5-4fb0-a9a6-c5f08596d10b/datanode-5/data/ratis/7029892e-6ab9-4dca-8571-789ca09dfc1d/sm/snapshot.1_2
2019-07-31 00:49:28,206 INFO  ratis.ContainerStateMachine (ContainerStateMachine.java:takeSnapshot(273)) - group-789CA09DFC1D: Finished taking a snapshot at:(t:1, i:2) file:/workdir/hadoop-ozone/integration-test/target/test-dir/MiniOzoneClusterImpl-5e7578f6-c7d5-4fb0-a9a6-c5f08596d10b/datanode-5/data/ratis/7029892e-6ab9-4dca-8571-789ca09dfc1d/sm/snapshot.1_2 time:14
2019-07-31 00:49:28,206 INFO  impl.StateMachineUpdater (StateMachineUpdater.java:takeSnapshot(242)) - StateMachineUpdater:ea6a2b66-52a7-40dd-bf1f-b91ff39ef7ab:group-789CA09DFC1D: Took a snapshot at index 2
2019-07-31 00:49:28,206 INFO  impl.StateMachineUpdater (StateMachineUpdater.java:lambda$new$0(80)) - StateMachineUpdater:ea6a2b66-52a7-40dd-bf1f-b91ff39ef7ab:group-789CA09DFC1D: snapshotIndex: updateIncreasingly -1 -> 2
2019-07-31 00:49:28,207 INFO  impl.RaftServerImpl (ServerState.java:close(394)) - ea6a2b66-52a7-40dd-bf1f-b91ff39ef7ab:group-789CA09DFC1D closes. The last applied log index is 4
2019-07-31 00:49:28,207 INFO  segmented.SegmentedRaftLogWorker (SegmentedRaftLogWorker.java:run(313)) - ea6a2b66-52a7-40dd-bf1f-b91ff39ef7ab-SegmentedRaftLogWorker:Storage Directory /workdir/hadoop-ozone/integration-test/target/test-dir/MiniOzoneClusterImpl-5e7578f6-c7d5-4fb0-a9a6-c5f08596d10b/datanode-5/data/ratis/7029892e-6ab9-4dca-8571-789ca09dfc1d was interrupted, exiting. There are 0 tasks remaining in the queue.
2019-07-31 00:49:28,207 INFO  segmented.SegmentedRaftLogWorker (SegmentedRaftLogWorker.java:close(228)) - ea6a2b66-52a7-40dd-bf1f-b91ff39ef7ab-SegmentedRaftLogWorker:Storage Directory /workdir/hadoop-ozone/integration-test/target/test-dir/MiniOzoneClusterImpl-5e7578f6-c7d5-4fb0-a9a6-c5f08596d10b/datanode-5/data/ratis/7029892e-6ab9-4dca-8571-789ca09dfc1d close()
2019-07-31 00:49:28,207 INFO  impl.RaftServerImpl (RaftServerImpl.java:lambda$shutdown$3(245)) - ea6a2b66-52a7-40dd-bf1f-b91ff39ef7ab: shutdown group-A285D15AC18E
2019-07-31 00:49:28,208 INFO  util.JmxRegister (JmxRegister.java:unregister(73)) - Successfully un-registered JMX Bean with object name Ratis:service=RaftServer,group=group-A285D15AC18E,id=ea6a2b66-52a7-40dd-bf1f-b91ff39ef7ab
2019-07-31 00:49:28,208 INFO  impl.RoleInfo (RoleInfo.java:shutdownLeaderState(104)) - ea6a2b66-52a7-40dd-bf1f-b91ff39ef7ab: shutdown LeaderState
2019-07-31 00:49:28,208 INFO  impl.PendingRequests (PendingRequests.java:sendNotLeaderResponses(202)) - ea6a2b66-52a7-40dd-bf1f-b91ff39ef7ab-PendingRequests: sendNotLeaderResponses
2019-07-31 00:49:28,208 INFO  impl.StateMachineUpdater (StateMachineUpdater.java:stopAndJoin(115)) - StateMachineUpdater:ea6a2b66-52a7-40dd-bf1f-b91ff39ef7ab:group-A285D15AC18E: set stopIndex = 0
2019-07-31 00:49:28,208 INFO  impl.RaftServerImpl (ServerState.java:close(394)) - ea6a2b66-52a7-40dd-bf1f-b91ff39ef7ab:group-A285D15AC18E closes. The last applied log index is 0
2019-07-31 00:49:28,209 INFO  segmented.SegmentedRaftLogWorker (SegmentedRaftLogWorker.java:run(313)) - ea6a2b66-52a7-40dd-bf1f-b91ff39ef7ab-SegmentedRaftLogWorker:Storage Directory /workdir/hadoop-ozone/integration-test/target/test-dir/MiniOzoneClusterImpl-5e7578f6-c7d5-4fb0-a9a6-c5f08596d10b/datanode-5/data/ratis/de5ae3b0-d23b-4bf8-aa87-a285d15ac18e was interrupted, exiting. There are 0 tasks remaining in the queue.
2019-07-31 00:49:28,209 INFO  segmented.SegmentedRaftLogWorker (SegmentedRaftLogWorker.java:close(228)) - ea6a2b66-52a7-40dd-bf1f-b91ff39ef7ab-SegmentedRaftLogWorker:Storage Directory /workdir/hadoop-ozone/integration-test/target/test-dir/MiniOzoneClusterImpl-5e7578f6-c7d5-4fb0-a9a6-c5f08596d10b/datanode-5/data/ratis/de5ae3b0-d23b-4bf8-aa87-a285d15ac18e close()
2019-07-31 00:49:28,209 INFO  server.GrpcService (GrpcService.java:closeImpl(155)) - ea6a2b66-52a7-40dd-bf1f-b91ff39ef7ab: shutdown server with port 42146 now
2019-07-31 00:49:28,210 INFO  server.GrpcService (GrpcService.java:closeImpl(163)) - ea6a2b66-52a7-40dd-bf1f-b91ff39ef7ab: shutdown server with port 42146 successfully
2019-07-31 00:49:28,211 INFO  utils.BackgroundService (BackgroundService.java:shutdown(148)) - Shutting down service BlockDeletingService
2019-07-31 00:49:28,212 WARN  fs.CachingGetSpaceUsed (CachingGetSpaceUsed.java:run(183)) - Thread Interrupted waiting to refresh disk information: sleep interrupted
2019-07-31 00:49:28,223 INFO  statemachine.DatanodeStateMachine (DatanodeStateMachine.java:stopDaemon(395)) - Ozone container server stopped.
2019-07-31 00:49:28,227 INFO  handler.ContextHandler (ContextHandler.java:doStop(910)) - Stopped o.e.j.w.WebAppContext@3d59933{/,null,UNAVAILABLE}{/hddsDatanode}
2019-07-31 00:49:28,227 INFO  server.AbstractConnector (AbstractConnector.java:doStop(318)) - Stopped ServerConnector@4a0c3aa8{HTTP/1.1,[http/1.1]}{0.0.0.0:0}
2019-07-31 00:49:28,230 INFO  handler.ContextHandler (ContextHandler.java:doStop(910)) - Stopped o.e.j.s.ServletContextHandler@53e4a19e{/static,jar:file:/home/user/.m2/repository/org/apache/hadoop/hadoop-hdds-container-service/0.4.1-SNAPSHOT/hadoop-hdds-container-service-0.4.1-SNAPSHOT.jar!/webapps/static,UNAVAILABLE}
2019-07-31 00:49:28,231 INFO  handler.ContextHandler (ContextHandler.java:doStop(910)) - Stopped o.e.j.s.ServletContextHandler@2cdb5974{/logs,file:///workdir/hadoop-ozone/integration-test/target/log,UNAVAILABLE}
2019-07-31 00:49:28,232 INFO  ozone.MiniOzoneClusterImpl (MiniOzoneClusterImpl.java:stop(353)) - Stopping the StorageContainerManager
2019-07-31 00:49:28,232 INFO  server.StorageContainerManager (StorageContainerManager.java:stop(796)) - Stopping Replication Manager Service.
2019-07-31 00:49:28,232 INFO  container.ReplicationManager (ReplicationManager.java:stop(187)) - Stopping Replication Monitor Thread.
2019-07-31 00:49:28,233 INFO  server.StorageContainerManager (StorageContainerManager.java:stop(803)) - Stopping Lease Manager of the command watchers
2019-07-31 00:49:28,233 INFO  server.StorageContainerManager (StorageContainerManager.java:stop(810)) - Stopping datanode service RPC server
2019-07-31 00:49:28,233 INFO  server.SCMDatanodeProtocolServer (SCMDatanodeProtocolServer.java:stop(367)) - Stopping the RPC server for DataNodes
2019-07-31 00:49:28,233 INFO  ipc.Server (Server.java:stop(3082)) - Stopping server on 37231
2019-07-31 00:49:28,236 INFO  ipc.Server (Server.java:run(1185)) - Stopping IPC Server listener on 37231
2019-07-31 00:49:28,236 INFO  ipc.Server (Server.java:run(1319)) - Stopping IPC Server Responder
2019-07-31 00:49:28,326 WARN  node.NodeStateManager (NodeStateManager.java:scheduleNextHealthCheck(631)) - Current Thread is interrupted, shutting down HB processing thread for Node Manager.
2019-07-31 00:49:28,326 INFO  server.StorageContainerManager (StorageContainerManager.java:stop(818)) - Stopping block service RPC server
2019-07-31 00:49:28,326 INFO  server.SCMBlockProtocolServer (SCMBlockProtocolServer.java:stop(148)) - Stopping the RPC server for Block Protocol
2019-07-31 00:49:28,327 INFO  ipc.Server (Server.java:stop(3082)) - Stopping server on 35817
2019-07-31 00:49:28,328 INFO  server.StorageContainerManager (StorageContainerManager.java:stop(825)) - Stopping the StorageContainerLocationProtocol RPC server
2019-07-31 00:49:28,330 INFO  server.SCMClientProtocolServer (SCMClientProtocolServer.java:stop(159)) - Stopping the RPC server for Client Protocol
2019-07-31 00:49:28,330 INFO  ipc.Server (Server.java:stop(3082)) - Stopping server on 34750
2019-07-31 00:49:28,330 INFO  ipc.Server (Server.java:run(1185)) - Stopping IPC Server listener on 35817
2019-07-31 00:49:28,330 INFO  ipc.Server (Server.java:run(1319)) - Stopping IPC Server Responder
2019-07-31 00:49:28,334 INFO  ipc.Server (Server.java:run(1185)) - Stopping IPC Server listener on 34750
2019-07-31 00:49:28,334 INFO  server.StorageContainerManager (StorageContainerManager.java:stop(832)) - Stopping Storage Container Manager HTTP server.
2019-07-31 00:49:28,335 INFO  ipc.Server (Server.java:run(1319)) - Stopping IPC Server Responder
2019-07-31 00:49:28,336 INFO  handler.ContextHandler (ContextHandler.java:doStop(910)) - Stopped o.e.j.w.WebAppContext@7f93f4c{/,null,UNAVAILABLE}{/scm}
2019-07-31 00:49:28,337 INFO  server.AbstractConnector (AbstractConnector.java:doStop(318)) - Stopped ServerConnector@598657cd{HTTP/1.1,[http/1.1]}{0.0.0.0:0}
2019-07-31 00:49:28,337 INFO  handler.ContextHandler (ContextHandler.java:doStop(910)) - Stopped o.e.j.s.ServletContextHandler@76596288{/static,file:///workdir/hadoop-ozone/integration-test/target/test-classes/webapps/static,UNAVAILABLE}
2019-07-31 00:49:28,337 INFO  handler.ContextHandler (ContextHandler.java:doStop(910)) - Stopped o.e.j.s.ServletContextHandler@d16209e{/logs,file:///workdir/hadoop-ozone/integration-test/target/log,UNAVAILABLE}
2019-07-31 00:49:28,339 INFO  server.StorageContainerManager (StorageContainerManager.java:stop(843)) - Stopping Block Manager Service.
2019-07-31 00:49:28,339 INFO  utils.BackgroundService (BackgroundService.java:shutdown(148)) - Shutting down service SCMBlockDeletingService
2019-07-31 00:49:28,340 INFO  utils.BackgroundService (BackgroundService.java:shutdown(148)) - Shutting down service SCMBlockDeletingService
2019-07-31 00:49:28,340 INFO  server.StorageContainerManager (StorageContainerManager.java:stop(865)) - Stopping SCM Event Queue.
2019-07-31 00:49:28,367 INFO  impl.MetricsSystemImpl (MetricsSystemImpl.java:stop(210)) - Stopping HddsDatanode metrics system...
2019-07-31 00:49:28,375 INFO  impl.MetricsSystemImpl (MetricsSystemImpl.java:stop(216)) - HddsDatanode metrics system stopped.
]]></system-out>
    <system-err><![CDATA[Jul 31, 2019 12:48:57 AM com.sun.jersey.server.impl.application.WebApplicationImpl _initiate
INFO: Initiating Jersey application, version 'Jersey: 1.19 02/11/2015 03:25 AM'
Jul 31, 2019 12:48:57 AM com.sun.jersey.server.impl.application.WebApplicationImpl _initiate
INFO: Initiating Jersey application, version 'Jersey: 1.19 02/11/2015 03:25 AM'
Jul 31, 2019 12:48:57 AM com.sun.jersey.server.impl.application.WebApplicationImpl _initiate
INFO: Initiating Jersey application, version 'Jersey: 1.19 02/11/2015 03:25 AM'
Jul 31, 2019 12:48:57 AM com.sun.jersey.server.impl.application.WebApplicationImpl _initiate
INFO: Initiating Jersey application, version 'Jersey: 1.19 02/11/2015 03:25 AM'
Jul 31, 2019 12:48:57 AM com.sun.jersey.server.impl.application.WebApplicationImpl _initiate
INFO: Initiating Jersey application, version 'Jersey: 1.19 02/11/2015 03:25 AM'
Jul 31, 2019 12:48:58 AM com.sun.jersey.server.impl.application.WebApplicationImpl _initiate
INFO: Initiating Jersey application, version 'Jersey: 1.19 02/11/2015 03:25 AM'
Jul 31, 2019 12:48:58 AM com.sun.jersey.server.impl.application.WebApplicationImpl _initiate
INFO: Initiating Jersey application, version 'Jersey: 1.19 02/11/2015 03:25 AM'
]]></system-err>
  </testcase>
</testsuite>