<?xml version="1.0" encoding="UTF-8"?>
<testsuite xmlns:xsi="http://www.w3.org/2001/XMLSchema-instance" xsi:noNamespaceSchemaLocation="https://maven.apache.org/surefire/maven-surefire-plugin/xsd/surefire-test-report.xsd" name="org.apache.hadoop.ozone.client.rpc.TestContainerReplicationEndToEnd" time="26.441" tests="1" errors="1" skipped="0" failures="0">
  <properties>
    <property name="awt.toolkit" value="sun.awt.X11.XToolkit"/>
    <property name="file.encoding.pkg" value="sun.io"/>
    <property name="java.specification.version" value="1.8"/>
    <property name="sun.cpu.isalist" value=""/>
    <property name="sun.jnu.encoding" value="UTF-8"/>
    <property name="java.class.path" value="/workdir/hadoop-ozone/integration-test/target/test-classes:/workdir/hadoop-ozone/integration-test/target/classes:/home/user/.m2/repository/org/apache/hadoop/hadoop-ozone-common/0.5.0-SNAPSHOT/hadoop-ozone-common-0.5.0-SNAPSHOT.jar:/home/user/.m2/repository/org/apache/commons/commons-compress/1.4.1/commons-compress-1.4.1.jar:/home/user/.m2/repository/org/tukaani/xz/1.0/xz-1.0.jar:/home/user/.m2/repository/org/apache/hadoop/hadoop-common/3.2.0/hadoop-common-3.2.0.jar:/home/user/.m2/repository/org/apache/hadoop/hadoop-hdfs/3.2.0/hadoop-hdfs-3.2.0.jar:/home/user/.m2/repository/org/apache/hadoop/hadoop-hdfs-client/3.2.0/hadoop-hdfs-client-3.2.0.jar:/home/user/.m2/repository/com/fasterxml/jackson/core/jackson-annotations/2.9.5/jackson-annotations-2.9.5.jar:/home/user/.m2/repository/org/apache/hadoop/hadoop-hdds-common/0.5.0-SNAPSHOT/hadoop-hdds-common-0.5.0-SNAPSHOT.jar:/home/user/.m2/repository/javax/annotation/javax.annotation-api/1.2/javax.annotation-api-1.2.jar:/home/user/.m2/repository/org/apache/ratis/ratis-server/0.4.0-78e95b9-SNAPSHOT/ratis-server-0.4.0-78e95b9-SNAPSHOT.jar:/home/user/.m2/repository/org/apache/ratis/ratis-thirdparty-misc/0.2.0/ratis-thirdparty-misc-0.2.0.jar:/home/user/.m2/repository/org/apache/ratis/ratis-proto/0.4.0-78e95b9-SNAPSHOT/ratis-proto-0.4.0-78e95b9-SNAPSHOT.jar:/home/user/.m2/repository/org/apache/ratis/ratis-common/0.4.0-78e95b9-SNAPSHOT/ratis-common-0.4.0-78e95b9-SNAPSHOT.jar:/home/user/.m2/repository/org/apache/ratis/ratis-client/0.4.0-78e95b9-SNAPSHOT/ratis-client-0.4.0-78e95b9-SNAPSHOT.jar:/home/user/.m2/repository/org/apache/ratis/ratis-metrics/0.4.0-78e95b9-SNAPSHOT/ratis-metrics-0.4.0-78e95b9-SNAPSHOT.jar:/home/user/.m2/repository/com/github/joshelser/dropwizard-metrics-hadoop-metrics2-reporter/0.1.2/dropwizard-metrics-hadoop-metrics2-reporter-0.1.2.jar:/home/user/.m2/repository/io/dropwizard/metrics/metrics-jvm/3.2.5/metrics-jvm-3.2.5.jar:/home/user/.m2/repository/io/dropwizard/metrics/metrics-ganglia/3.2.5/metrics-ganglia-3.2.5.jar:/home/user/.m2/repository/info/ganglia/gmetric4j/gmetric4j/1.0.7/gmetric4j-1.0.7.jar:/home/user/.m2/repository/org/apache/ratis/ratis-netty/0.4.0-78e95b9-SNAPSHOT/ratis-netty-0.4.0-78e95b9-SNAPSHOT.jar:/home/user/.m2/repository/org/apache/ratis/ratis-grpc/0.4.0-78e95b9-SNAPSHOT/ratis-grpc-0.4.0-78e95b9-SNAPSHOT.jar:/home/user/.m2/repository/org/rocksdb/rocksdbjni/6.0.1/rocksdbjni-6.0.1.jar:/home/user/.m2/repository/org/apache/logging/log4j/log4j-api/2.11.0/log4j-api-2.11.0.jar:/home/user/.m2/repository/org/apache/logging/log4j/log4j-core/2.11.0/log4j-core-2.11.0.jar:/home/user/.m2/repository/com/lmax/disruptor/3.4.2/disruptor-3.4.2.jar:/home/user/.m2/repository/org/apache/commons/commons-pool2/2.6.0/commons-pool2-2.6.0.jar:/home/user/.m2/repository/org/bouncycastle/bcpkix-jdk15on/1.60/bcpkix-jdk15on-1.60.jar:/home/user/.m2/repository/commons-validator/commons-validator/1.6/commons-validator-1.6.jar:/home/user/.m2/repository/commons-digester/commons-digester/1.8.1/commons-digester-1.8.1.jar:/home/user/.m2/repository/io/jaegertracing/jaeger-client/0.33.1/jaeger-client-0.33.1.jar:/home/user/.m2/repository/io/jaegertracing/jaeger-thrift/0.33.1/jaeger-thrift-0.33.1.jar:/home/user/.m2/repository/org/apache/thrift/libthrift/0.11.0/libthrift-0.11.0.jar:/home/user/.m2/repository/com/squareup/okhttp3/okhttp/3.9.0/okhttp-3.9.0.jar:/home/user/.m2/repository/com/squareup/okio/okio/1.13.0/okio-1.13.0.jar:/home/user/.m2/repository/io/jaegertracing/jaeger-core/0.33.1/jaeger-core-0.33.1.jar:/home/user/.m2/repository/io/jaegertracing/jaeger-tracerresolver/0.33.1/jaeger-tracerresolver-0.33.1.jar:/home/user/.m2/repository/io/opentracing/contrib/opentracing-tracerresolver/0.1.5/opentracing-tracerresolver-0.1.5.jar:/home/user/.m2/repository/io/opentracing/opentracing-util/0.31.0/opentracing-util-0.31.0.jar:/home/user/.m2/repository/io/opentracing/opentracing-api/0.31.0/opentracing-api-0.31.0.jar:/home/user/.m2/repository/io/opentracing/opentracing-noop/0.31.0/opentracing-noop-0.31.0.jar:/home/user/.m2/repository/org/apache/hadoop/hadoop-hdds-server-framework/0.5.0-SNAPSHOT/hadoop-hdds-server-framework-0.5.0-SNAPSHOT.jar:/home/user/.m2/repository/org/apache/hadoop/hadoop-hdds-container-service/0.5.0-SNAPSHOT/hadoop-hdds-container-service-0.5.0-SNAPSHOT.jar:/home/user/.m2/repository/org/apache/hadoop/hadoop-hdds-client/0.5.0-SNAPSHOT/hadoop-hdds-client-0.5.0-SNAPSHOT.jar:/home/user/.m2/repository/org/apache/hadoop/hadoop-hdds-tools/0.5.0-SNAPSHOT/hadoop-hdds-tools-0.5.0-SNAPSHOT.jar:/home/user/.m2/repository/org/apache/hadoop/hadoop-hdds-server-scm/0.5.0-SNAPSHOT/hadoop-hdds-server-scm-0.5.0-SNAPSHOT.jar:/home/user/.m2/repository/org/apache/hadoop/hadoop-hdds-docs/0.5.0-SNAPSHOT/hadoop-hdds-docs-0.5.0-SNAPSHOT.jar:/home/user/.m2/repository/io/dropwizard/metrics/metrics-core/3.2.4/metrics-core-3.2.4.jar:/home/user/.m2/repository/org/hamcrest/hamcrest-all/1.3/hamcrest-all-1.3.jar:/home/user/.m2/repository/org/bouncycastle/bcprov-jdk15on/1.60/bcprov-jdk15on-1.60.jar:/home/user/.m2/repository/info/picocli/picocli/3.9.6/picocli-3.9.6.jar:/home/user/.m2/repository/com/google/protobuf/protobuf-java/2.5.0/protobuf-java-2.5.0.jar:/home/user/.m2/repository/com/google/guava/guava/11.0.2/guava-11.0.2.jar:/home/user/.m2/repository/org/apache/hadoop/hadoop-ozone-ozone-manager/0.5.0-SNAPSHOT/hadoop-ozone-ozone-manager-0.5.0-SNAPSHOT.jar:/home/user/.m2/repository/org/apache/hadoop/hadoop-minikdc/3.2.0/hadoop-minikdc-3.2.0.jar:/home/user/.m2/repository/commons-io/commons-io/2.5/commons-io-2.5.jar:/home/user/.m2/repository/org/apache/kerby/kerb-simplekdc/1.0.1/kerb-simplekdc-1.0.1.jar:/home/user/.m2/repository/org/apache/kerby/kerb-client/1.0.1/kerb-client-1.0.1.jar:/home/user/.m2/repository/org/apache/kerby/kerby-config/1.0.1/kerby-config-1.0.1.jar:/home/user/.m2/repository/org/apache/kerby/kerb-core/1.0.1/kerb-core-1.0.1.jar:/home/user/.m2/repository/org/apache/kerby/kerby-pkix/1.0.1/kerby-pkix-1.0.1.jar:/home/user/.m2/repository/org/apache/kerby/kerby-asn1/1.0.1/kerby-asn1-1.0.1.jar:/home/user/.m2/repository/org/apache/kerby/kerby-util/1.0.1/kerby-util-1.0.1.jar:/home/user/.m2/repository/org/apache/kerby/kerb-common/1.0.1/kerb-common-1.0.1.jar:/home/user/.m2/repository/org/apache/kerby/kerb-crypto/1.0.1/kerb-crypto-1.0.1.jar:/home/user/.m2/repository/org/apache/kerby/kerb-util/1.0.1/kerb-util-1.0.1.jar:/home/user/.m2/repository/org/apache/kerby/token-provider/1.0.1/token-provider-1.0.1.jar:/home/user/.m2/repository/org/apache/kerby/kerb-admin/1.0.1/kerb-admin-1.0.1.jar:/home/user/.m2/repository/org/apache/kerby/kerb-server/1.0.1/kerb-server-1.0.1.jar:/home/user/.m2/repository/org/apache/kerby/kerb-identity/1.0.1/kerb-identity-1.0.1.jar:/home/user/.m2/repository/org/apache/kerby/kerby-xdr/1.0.1/kerby-xdr-1.0.1.jar:/home/user/.m2/repository/org/slf4j/slf4j-log4j12/1.7.25/slf4j-log4j12-1.7.25.jar:/home/user/.m2/repository/org/apache/hadoop/hadoop-ozone-s3gateway/0.5.0-SNAPSHOT/hadoop-ozone-s3gateway-0.5.0-SNAPSHOT.jar:/home/user/.m2/repository/org/jboss/weld/servlet/weld-servlet/2.4.7.Final/weld-servlet-2.4.7.Final.jar:/home/user/.m2/repository/org/glassfish/jersey/containers/jersey-container-servlet-core/2.27/jersey-container-servlet-core-2.27.jar:/home/user/.m2/repository/org/glassfish/hk2/external/javax.inject/2.5.0-b42/javax.inject-2.5.0-b42.jar:/home/user/.m2/repository/org/glassfish/jersey/core/jersey-common/2.27/jersey-common-2.27.jar:/home/user/.m2/repository/org/glassfish/hk2/osgi-resource-locator/1.0.1/osgi-resource-locator-1.0.1.jar:/home/user/.m2/repository/javax/ws/rs/javax.ws.rs-api/2.1/javax.ws.rs-api-2.1.jar:/home/user/.m2/repository/org/glassfish/jersey/ext/cdi/jersey-cdi1x/2.27/jersey-cdi1x-2.27.jar:/home/user/.m2/repository/org/glassfish/jersey/inject/jersey-hk2/2.27/jersey-hk2-2.27.jar:/home/user/.m2/repository/org/glassfish/hk2/hk2-locator/2.5.0-b42/hk2-locator-2.5.0-b42.jar:/home/user/.m2/repository/org/javassist/javassist/3.22.0-CR2/javassist-3.22.0-CR2.jar:/home/user/.m2/repository/org/glassfish/hk2/hk2-api/2.5.0/hk2-api-2.5.0.jar:/home/user/.m2/repository/org/glassfish/hk2/external/jakarta.inject/2.5.0/jakarta.inject-2.5.0.jar:/home/user/.m2/repository/org/glassfish/hk2/hk2-utils/2.5.0/hk2-utils-2.5.0.jar:/home/user/.m2/repository/jakarta/annotation/jakarta.annotation-api/1.3.4/jakarta.annotation-api-1.3.4.jar:/home/user/.m2/repository/org/glassfish/hk2/external/aopalliance-repackaged/2.5.0/aopalliance-repackaged-2.5.0.jar:/home/user/.m2/repository/com/fasterxml/jackson/dataformat/jackson-dataformat-xml/2.9.0/jackson-dataformat-xml-2.9.0.jar:/home/user/.m2/repository/com/fasterxml/jackson/core/jackson-core/2.9.5/jackson-core-2.9.5.jar:/home/user/.m2/repository/com/fasterxml/jackson/module/jackson-module-jaxb-annotations/2.9.5/jackson-module-jaxb-annotations-2.9.5.jar:/home/user/.m2/repository/javax/enterprise/cdi-api/1.2/cdi-api-1.2.jar:/home/user/.m2/repository/javax/el/javax.el-api/3.0.0/javax.el-api-3.0.0.jar:/home/user/.m2/repository/javax/interceptor/javax.interceptor-api/1.2/javax.interceptor-api-1.2.jar:/home/user/.m2/repository/javax/inject/javax.inject/1/javax.inject-1.jar:/home/user/.m2/repository/com/sun/xml/bind/jaxb-impl/2.3.0.1/jaxb-impl-2.3.0.1.jar:/home/user/.m2/repository/com/sun/xml/bind/jaxb-core/2.3.0.1/jaxb-core-2.3.0.1.jar:/home/user/.m2/repository/javax/xml/bind/jaxb-api/2.3.0/jaxb-api-2.3.0.jar:/home/user/.m2/repository/javax/activation/activation/1.1.1/activation-1.1.1.jar:/home/user/.m2/repository/org/apache/hadoop/hadoop-ozone-csi/0.5.0-SNAPSHOT/hadoop-ozone-csi-0.5.0-SNAPSHOT.jar:/home/user/.m2/repository/com/google/protobuf/protobuf-java-util/3.5.1/protobuf-java-util-3.5.1.jar:/home/user/.m2/repository/org/apache/hadoop/hadoop-hdds-config/0.5.0-SNAPSHOT/hadoop-hdds-config-0.5.0-SNAPSHOT.jar:/home/user/.m2/repository/io/grpc/grpc-netty/1.17.1/grpc-netty-1.17.1.jar:/home/user/.m2/repository/io/grpc/grpc-core/1.17.1/grpc-core-1.17.1.jar:/home/user/.m2/repository/io/grpc/grpc-context/1.17.1/grpc-context-1.17.1.jar:/home/user/.m2/repository/com/google/errorprone/error_prone_annotations/2.2.0/error_prone_annotations-2.2.0.jar:/home/user/.m2/repository/org/codehaus/mojo/animal-sniffer-annotations/1.17/animal-sniffer-annotations-1.17.jar:/home/user/.m2/repository/io/opencensus/opencensus-api/0.17.0/opencensus-api-0.17.0.jar:/home/user/.m2/repository/io/opencensus/opencensus-contrib-grpc-metrics/0.17.0/opencensus-contrib-grpc-metrics-0.17.0.jar:/home/user/.m2/repository/io/netty/netty-codec-http2/4.1.30.Final/netty-codec-http2-4.1.30.Final.jar:/home/user/.m2/repository/io/netty/netty-codec-http/4.1.30.Final/netty-codec-http-4.1.30.Final.jar:/home/user/.m2/repository/io/netty/netty-codec/4.1.30.Final/netty-codec-4.1.30.Final.jar:/home/user/.m2/repository/io/netty/netty-handler/4.1.30.Final/netty-handler-4.1.30.Final.jar:/home/user/.m2/repository/io/netty/netty-handler-proxy/4.1.30.Final/netty-handler-proxy-4.1.30.Final.jar:/home/user/.m2/repository/io/netty/netty-codec-socks/4.1.30.Final/netty-codec-socks-4.1.30.Final.jar:/home/user/.m2/repository/io/netty/netty-transport-native-epoll/4.1.30.Final/netty-transport-native-epoll-4.1.30.Final.jar:/home/user/.m2/repository/io/netty/netty-common/4.1.30.Final/netty-common-4.1.30.Final.jar:/home/user/.m2/repository/io/netty/netty-buffer/4.1.30.Final/netty-buffer-4.1.30.Final.jar:/home/user/.m2/repository/io/netty/netty-transport/4.1.30.Final/netty-transport-4.1.30.Final.jar:/home/user/.m2/repository/io/netty/netty-resolver/4.1.30.Final/netty-resolver-4.1.30.Final.jar:/home/user/.m2/repository/io/netty/netty-transport-native-unix-common/4.1.30.Final/netty-transport-native-unix-common-4.1.30.Final.jar:/home/user/.m2/repository/io/grpc/grpc-protobuf/1.17.1/grpc-protobuf-1.17.1.jar:/home/user/.m2/repository/com/google/api/grpc/proto-google-common-protos/1.0.0/proto-google-common-protos-1.0.0.jar:/home/user/.m2/repository/io/grpc/grpc-protobuf-lite/1.17.1/grpc-protobuf-lite-1.17.1.jar:/home/user/.m2/repository/io/grpc/grpc-stub/1.17.1/grpc-stub-1.17.1.jar:/home/user/.m2/repository/org/apache/hadoop/hadoop-ozone-recon/0.5.0-SNAPSHOT/hadoop-ozone-recon-0.5.0-SNAPSHOT.jar:/home/user/.m2/repository/org/apache/hadoop/hadoop-ozone-reconcodegen/0.5.0-SNAPSHOT/hadoop-ozone-reconcodegen-0.5.0-SNAPSHOT.jar:/home/user/.m2/repository/com/google/inject/extensions/guice-multibindings/4.0/guice-multibindings-4.0.jar:/home/user/.m2/repository/com/google/inject/guice/4.0/guice-4.0.jar:/home/user/.m2/repository/aopalliance/aopalliance/1.0/aopalliance-1.0.jar:/home/user/.m2/repository/com/google/inject/extensions/guice-servlet/4.0/guice-servlet-4.0.jar:/home/user/.m2/repository/org/glassfish/jersey/containers/jersey-container-servlet/2.27/jersey-container-servlet-2.27.jar:/home/user/.m2/repository/org/glassfish/hk2/guice-bridge/2.5.0/guice-bridge-2.5.0.jar:/home/user/.m2/repository/org/glassfish/jersey/core/jersey-server/2.27/jersey-server-2.27.jar:/home/user/.m2/repository/org/glassfish/jersey/core/jersey-client/2.27/jersey-client-2.27.jar:/home/user/.m2/repository/org/glassfish/jersey/media/jersey-media-jaxb/2.27/jersey-media-jaxb-2.27.jar:/home/user/.m2/repository/javax/validation/validation-api/1.1.0.Final/validation-api-1.1.0.Final.jar:/home/user/.m2/repository/org/glassfish/jersey/media/jersey-media-json-jackson/2.27/jersey-media-json-jackson-2.27.jar:/home/user/.m2/repository/org/glassfish/jersey/ext/jersey-entity-filtering/2.27/jersey-entity-filtering-2.27.jar:/home/user/.m2/repository/com/google/inject/extensions/guice-assistedinject/4.0/guice-assistedinject-4.0.jar:/home/user/.m2/repository/org/jooq/jooq/3.11.10/jooq-3.11.10.jar:/home/user/.m2/repository/org/jooq/jooq-meta/3.11.10/jooq-meta-3.11.10.jar:/home/user/.m2/repository/org/jooq/jooq-codegen/3.11.10/jooq-codegen-3.11.10.jar:/home/user/.m2/repository/com/jolbox/bonecp/0.8.0.RELEASE/bonecp-0.8.0.RELEASE.jar:/home/user/.m2/repository/org/xerial/sqlite-jdbc/3.25.2/sqlite-jdbc-3.25.2.jar:/home/user/.m2/repository/org/springframework/spring-jdbc/5.1.3.RELEASE/spring-jdbc-5.1.3.RELEASE.jar:/home/user/.m2/repository/org/springframework/spring-beans/5.1.3.RELEASE/spring-beans-5.1.3.RELEASE.jar:/home/user/.m2/repository/org/springframework/spring-core/5.1.3.RELEASE/spring-core-5.1.3.RELEASE.jar:/home/user/.m2/repository/org/springframework/spring-jcl/5.1.3.RELEASE/spring-jcl-5.1.3.RELEASE.jar:/home/user/.m2/repository/org/springframework/spring-tx/5.1.3.RELEASE/spring-tx-5.1.3.RELEASE.jar:/home/user/.m2/repository/org/apache/hadoop/hadoop-ozone-client/0.5.0-SNAPSHOT/hadoop-ozone-client-0.5.0-SNAPSHOT.jar:/home/user/.m2/repository/commons-lang/commons-lang/2.6/commons-lang-2.6.jar:/home/user/.m2/repository/org/apache/hadoop/hadoop-ozone-ozone-manager/0.5.0-SNAPSHOT/hadoop-ozone-ozone-manager-0.5.0-SNAPSHOT-tests.jar:/home/user/.m2/repository/junit/junit/4.11/junit-4.11.jar:/home/user/.m2/repository/org/hamcrest/hamcrest-core/1.3/hamcrest-core-1.3.jar:/home/user/.m2/repository/org/openjdk/jmh/jmh-core/1.19/jmh-core-1.19.jar:/home/user/.m2/repository/net/sf/jopt-simple/jopt-simple/4.6/jopt-simple-4.6.jar:/home/user/.m2/repository/org/apache/commons/commons-math3/3.1.1/commons-math3-3.1.1.jar:/home/user/.m2/repository/org/openjdk/jmh/jmh-generator-annprocess/1.19/jmh-generator-annprocess-1.19.jar:/home/user/.m2/repository/org/mockito/mockito-all/1.8.5/mockito-all-1.8.5.jar:/home/user/.m2/repository/org/apache/hadoop/hadoop-kms/3.2.0/hadoop-kms-3.2.0.jar:/home/user/.m2/repository/org/apache/hadoop/hadoop-auth/3.2.0/hadoop-auth-3.2.0.jar:/home/user/.m2/repository/com/nimbusds/nimbus-jose-jwt/4.41.1/nimbus-jose-jwt-4.41.1.jar:/home/user/.m2/repository/com/github/stephenc/jcip/jcip-annotations/1.0-1/jcip-annotations-1.0-1.jar:/home/user/.m2/repository/net/minidev/json-smart/2.3/json-smart-2.3.jar:/home/user/.m2/repository/net/minidev/accessors-smart/1.2/accessors-smart-1.2.jar:/home/user/.m2/repository/org/ow2/asm/asm/5.0.4/asm-5.0.4.jar:/home/user/.m2/repository/org/apache/curator/curator-framework/2.12.0/curator-framework-2.12.0.jar:/home/user/.m2/repository/com/sun/jersey/jersey-core/1.19/jersey-core-1.19.jar:/home/user/.m2/repository/javax/ws/rs/jsr311-api/1.1.1/jsr311-api-1.1.1.jar:/home/user/.m2/repository/com/sun/jersey/jersey-server/1.19/jersey-server-1.19.jar:/home/user/.m2/repository/javax/servlet/javax.servlet-api/3.1.0/javax.servlet-api-3.1.0.jar:/home/user/.m2/repository/org/eclipse/jetty/jetty-server/9.3.24.v20180605/jetty-server-9.3.24.v20180605.jar:/home/user/.m2/repository/org/eclipse/jetty/jetty-http/9.3.24.v20180605/jetty-http-9.3.24.v20180605.jar:/home/user/.m2/repository/org/eclipse/jetty/jetty-io/9.3.24.v20180605/jetty-io-9.3.24.v20180605.jar:/home/user/.m2/repository/org/eclipse/jetty/jetty-webapp/9.3.24.v20180605/jetty-webapp-9.3.24.v20180605.jar:/home/user/.m2/repository/org/eclipse/jetty/jetty-xml/9.3.24.v20180605/jetty-xml-9.3.24.v20180605.jar:/home/user/.m2/repository/log4j/log4j/1.2.17/log4j-1.2.17.jar:/home/user/.m2/repository/org/slf4j/slf4j-api/1.7.25/slf4j-api-1.7.25.jar:/home/user/.m2/repository/org/slf4j/jul-to-slf4j/1.7.25/jul-to-slf4j-1.7.25.jar:/home/user/.m2/repository/org/eclipse/jetty/jetty-util/9.3.24.v20180605/jetty-util-9.3.24.v20180605.jar:/home/user/.m2/repository/com/fasterxml/jackson/core/jackson-databind/2.9.5/jackson-databind-2.9.5.jar:/home/user/.m2/repository/org/apache/hadoop/hadoop-kms/3.2.0/hadoop-kms-3.2.0-tests.jar:/home/user/.m2/repository/org/apache/hadoop/hadoop-hdds-server-scm/0.5.0-SNAPSHOT/hadoop-hdds-server-scm-0.5.0-SNAPSHOT-tests.jar:/home/user/.m2/repository/org/apache/hadoop/hadoop-hdds-container-service/0.5.0-SNAPSHOT/hadoop-hdds-container-service-0.5.0-SNAPSHOT-tests.jar:/home/user/.m2/repository/org/yaml/snakeyaml/1.16/snakeyaml-1.16.jar:/home/user/.m2/repository/org/apache/hadoop/hadoop-common/3.2.0/hadoop-common-3.2.0-tests.jar:/home/user/.m2/repository/org/apache/hadoop/hadoop-annotations/3.2.0/hadoop-annotations-3.2.0.jar:/usr/lib/jvm/java-1.8-openjdk/jre/../lib/tools.jar:/home/user/.m2/repository/commons-cli/commons-cli/1.2/commons-cli-1.2.jar:/home/user/.m2/repository/org/apache/httpcomponents/httpclient/4.5.2/httpclient-4.5.2.jar:/home/user/.m2/repository/org/apache/httpcomponents/httpcore/4.4.4/httpcore-4.4.4.jar:/home/user/.m2/repository/commons-codec/commons-codec/1.11/commons-codec-1.11.jar:/home/user/.m2/repository/commons-net/commons-net/3.6/commons-net-3.6.jar:/home/user/.m2/repository/commons-collections/commons-collections/3.2.2/commons-collections-3.2.2.jar:/home/user/.m2/repository/org/eclipse/jetty/jetty-servlet/9.3.24.v20180605/jetty-servlet-9.3.24.v20180605.jar:/home/user/.m2/repository/org/eclipse/jetty/jetty-security/9.3.24.v20180605/jetty-security-9.3.24.v20180605.jar:/home/user/.m2/repository/javax/servlet/jsp/jsp-api/2.1/jsp-api-2.1.jar:/home/user/.m2/repository/com/sun/jersey/jersey-servlet/1.19/jersey-servlet-1.19.jar:/home/user/.m2/repository/com/sun/jersey/jersey-json/1.19/jersey-json-1.19.jar:/home/user/.m2/repository/org/codehaus/jettison/jettison/1.1/jettison-1.1.jar:/home/user/.m2/repository/org/codehaus/jackson/jackson-core-asl/1.9.13/jackson-core-asl-1.9.13.jar:/home/user/.m2/repository/org/codehaus/jackson/jackson-mapper-asl/1.9.13/jackson-mapper-asl-1.9.13.jar:/home/user/.m2/repository/org/codehaus/jackson/jackson-jaxrs/1.9.13/jackson-jaxrs-1.9.13.jar:/home/user/.m2/repository/org/codehaus/jackson/jackson-xc/1.9.13/jackson-xc-1.9.13.jar:/home/user/.m2/repository/commons-logging/commons-logging/1.1.3/commons-logging-1.1.3.jar:/home/user/.m2/repository/commons-beanutils/commons-beanutils/1.9.3/commons-beanutils-1.9.3.jar:/home/user/.m2/repository/org/apache/commons/commons-configuration2/2.1.1/commons-configuration2-2.1.1.jar:/home/user/.m2/repository/org/apache/commons/commons-lang3/3.7/commons-lang3-3.7.jar:/home/user/.m2/repository/org/apache/commons/commons-text/1.4/commons-text-1.4.jar:/home/user/.m2/repository/org/apache/avro/avro/1.7.7/avro-1.7.7.jar:/home/user/.m2/repository/com/thoughtworks/paranamer/paranamer/2.3/paranamer-2.3.jar:/home/user/.m2/repository/org/xerial/snappy/snappy-java/1.0.5/snappy-java-1.0.5.jar:/home/user/.m2/repository/com/google/re2j/re2j/1.1/re2j-1.1.jar:/home/user/.m2/repository/com/google/code/gson/gson/2.2.4/gson-2.2.4.jar:/home/user/.m2/repository/com/jcraft/jsch/0.1.54/jsch-0.1.54.jar:/home/user/.m2/repository/org/apache/curator/curator-client/2.12.0/curator-client-2.12.0.jar:/home/user/.m2/repository/org/apache/curator/curator-recipes/2.12.0/curator-recipes-2.12.0.jar:/home/user/.m2/repository/com/google/code/findbugs/jsr305/3.0.0/jsr305-3.0.0.jar:/home/user/.m2/repository/org/apache/htrace/htrace-core4/4.1.0-incubating/htrace-core4-4.1.0-incubating.jar:/home/user/.m2/repository/org/apache/zookeeper/zookeeper/3.4.13/zookeeper-3.4.13.jar:/home/user/.m2/repository/org/apache/yetus/audience-annotations/0.5.0/audience-annotations-0.5.0.jar:/home/user/.m2/repository/org/codehaus/woodstox/stax2-api/3.1.4/stax2-api-3.1.4.jar:/home/user/.m2/repository/com/fasterxml/woodstox/woodstox-core/5.0.3/woodstox-core-5.0.3.jar:/home/user/.m2/repository/dnsjava/dnsjava/2.1.7/dnsjava-2.1.7.jar:/home/user/.m2/repository/org/apache/hadoop/hadoop-hdfs/3.2.0/hadoop-hdfs-3.2.0-tests.jar:/home/user/.m2/repository/org/eclipse/jetty/jetty-util-ajax/9.3.24.v20180605/jetty-util-ajax-9.3.24.v20180605.jar:/home/user/.m2/repository/commons-daemon/commons-daemon/1.0.13/commons-daemon-1.0.13.jar:/home/user/.m2/repository/io/netty/netty/3.10.5.Final/netty-3.10.5.Final.jar:/home/user/.m2/repository/io/netty/netty-all/4.0.52.Final/netty-all-4.0.52.Final.jar:/home/user/.m2/repository/org/fusesource/leveldbjni/leveldbjni-all/1.8/leveldbjni-all-1.8.jar:"/>
    <property name="java.vm.vendor" value="IcedTea"/>
    <property name="sun.arch.data.model" value="64"/>
    <property name="test.build.dir" value="/workdir/hadoop-ozone/integration-test/target/test-dir"/>
    <property name="test.cache.data" value=""/>
    <property name="java.vendor.url" value="https://icedtea.classpath.org"/>
    <property name="user.timezone" value=""/>
    <property name="java.vm.specification.version" value="1.8"/>
    <property name="os.name" value="Linux"/>
    <property name="test.build.data" value="/workdir/hadoop-ozone/integration-test/target/test-dir"/>
    <property name="user.country" value="US"/>
    <property name="sun.java.launcher" value="SUN_STANDARD"/>
    <property name="sun.boot.library.path" value="/usr/lib/jvm/java-1.8-openjdk/jre/lib/amd64"/>
    <property name="sun.java.command" value="/workdir/hadoop-ozone/integration-test/target/surefire/surefirebooter2705444169107988233.jar /workdir/hadoop-ozone/integration-test/target/surefire 2019-09-17T08-55-12_190-jvmRun1 surefire6002790211592153350tmp surefire_493191669167726935381tmp"/>
    <property name="test" value="!TestMiniChaosOzoneCluster"/>
    <property name="surefire.test.class.path" value="/workdir/hadoop-ozone/integration-test/target/test-classes:/workdir/hadoop-ozone/integration-test/target/classes:/home/user/.m2/repository/org/apache/hadoop/hadoop-ozone-common/0.5.0-SNAPSHOT/hadoop-ozone-common-0.5.0-SNAPSHOT.jar:/home/user/.m2/repository/org/apache/commons/commons-compress/1.4.1/commons-compress-1.4.1.jar:/home/user/.m2/repository/org/tukaani/xz/1.0/xz-1.0.jar:/home/user/.m2/repository/org/apache/hadoop/hadoop-common/3.2.0/hadoop-common-3.2.0.jar:/home/user/.m2/repository/org/apache/hadoop/hadoop-hdfs/3.2.0/hadoop-hdfs-3.2.0.jar:/home/user/.m2/repository/org/apache/hadoop/hadoop-hdfs-client/3.2.0/hadoop-hdfs-client-3.2.0.jar:/home/user/.m2/repository/com/fasterxml/jackson/core/jackson-annotations/2.9.5/jackson-annotations-2.9.5.jar:/home/user/.m2/repository/org/apache/hadoop/hadoop-hdds-common/0.5.0-SNAPSHOT/hadoop-hdds-common-0.5.0-SNAPSHOT.jar:/home/user/.m2/repository/javax/annotation/javax.annotation-api/1.2/javax.annotation-api-1.2.jar:/home/user/.m2/repository/org/apache/ratis/ratis-server/0.4.0-78e95b9-SNAPSHOT/ratis-server-0.4.0-78e95b9-SNAPSHOT.jar:/home/user/.m2/repository/org/apache/ratis/ratis-thirdparty-misc/0.2.0/ratis-thirdparty-misc-0.2.0.jar:/home/user/.m2/repository/org/apache/ratis/ratis-proto/0.4.0-78e95b9-SNAPSHOT/ratis-proto-0.4.0-78e95b9-SNAPSHOT.jar:/home/user/.m2/repository/org/apache/ratis/ratis-common/0.4.0-78e95b9-SNAPSHOT/ratis-common-0.4.0-78e95b9-SNAPSHOT.jar:/home/user/.m2/repository/org/apache/ratis/ratis-client/0.4.0-78e95b9-SNAPSHOT/ratis-client-0.4.0-78e95b9-SNAPSHOT.jar:/home/user/.m2/repository/org/apache/ratis/ratis-metrics/0.4.0-78e95b9-SNAPSHOT/ratis-metrics-0.4.0-78e95b9-SNAPSHOT.jar:/home/user/.m2/repository/com/github/joshelser/dropwizard-metrics-hadoop-metrics2-reporter/0.1.2/dropwizard-metrics-hadoop-metrics2-reporter-0.1.2.jar:/home/user/.m2/repository/io/dropwizard/metrics/metrics-jvm/3.2.5/metrics-jvm-3.2.5.jar:/home/user/.m2/repository/io/dropwizard/metrics/metrics-ganglia/3.2.5/metrics-ganglia-3.2.5.jar:/home/user/.m2/repository/info/ganglia/gmetric4j/gmetric4j/1.0.7/gmetric4j-1.0.7.jar:/home/user/.m2/repository/org/apache/ratis/ratis-netty/0.4.0-78e95b9-SNAPSHOT/ratis-netty-0.4.0-78e95b9-SNAPSHOT.jar:/home/user/.m2/repository/org/apache/ratis/ratis-grpc/0.4.0-78e95b9-SNAPSHOT/ratis-grpc-0.4.0-78e95b9-SNAPSHOT.jar:/home/user/.m2/repository/org/rocksdb/rocksdbjni/6.0.1/rocksdbjni-6.0.1.jar:/home/user/.m2/repository/org/apache/logging/log4j/log4j-api/2.11.0/log4j-api-2.11.0.jar:/home/user/.m2/repository/org/apache/logging/log4j/log4j-core/2.11.0/log4j-core-2.11.0.jar:/home/user/.m2/repository/com/lmax/disruptor/3.4.2/disruptor-3.4.2.jar:/home/user/.m2/repository/org/apache/commons/commons-pool2/2.6.0/commons-pool2-2.6.0.jar:/home/user/.m2/repository/org/bouncycastle/bcpkix-jdk15on/1.60/bcpkix-jdk15on-1.60.jar:/home/user/.m2/repository/commons-validator/commons-validator/1.6/commons-validator-1.6.jar:/home/user/.m2/repository/commons-digester/commons-digester/1.8.1/commons-digester-1.8.1.jar:/home/user/.m2/repository/io/jaegertracing/jaeger-client/0.33.1/jaeger-client-0.33.1.jar:/home/user/.m2/repository/io/jaegertracing/jaeger-thrift/0.33.1/jaeger-thrift-0.33.1.jar:/home/user/.m2/repository/org/apache/thrift/libthrift/0.11.0/libthrift-0.11.0.jar:/home/user/.m2/repository/com/squareup/okhttp3/okhttp/3.9.0/okhttp-3.9.0.jar:/home/user/.m2/repository/com/squareup/okio/okio/1.13.0/okio-1.13.0.jar:/home/user/.m2/repository/io/jaegertracing/jaeger-core/0.33.1/jaeger-core-0.33.1.jar:/home/user/.m2/repository/io/jaegertracing/jaeger-tracerresolver/0.33.1/jaeger-tracerresolver-0.33.1.jar:/home/user/.m2/repository/io/opentracing/contrib/opentracing-tracerresolver/0.1.5/opentracing-tracerresolver-0.1.5.jar:/home/user/.m2/repository/io/opentracing/opentracing-util/0.31.0/opentracing-util-0.31.0.jar:/home/user/.m2/repository/io/opentracing/opentracing-api/0.31.0/opentracing-api-0.31.0.jar:/home/user/.m2/repository/io/opentracing/opentracing-noop/0.31.0/opentracing-noop-0.31.0.jar:/home/user/.m2/repository/org/apache/hadoop/hadoop-hdds-server-framework/0.5.0-SNAPSHOT/hadoop-hdds-server-framework-0.5.0-SNAPSHOT.jar:/home/user/.m2/repository/org/apache/hadoop/hadoop-hdds-container-service/0.5.0-SNAPSHOT/hadoop-hdds-container-service-0.5.0-SNAPSHOT.jar:/home/user/.m2/repository/org/apache/hadoop/hadoop-hdds-client/0.5.0-SNAPSHOT/hadoop-hdds-client-0.5.0-SNAPSHOT.jar:/home/user/.m2/repository/org/apache/hadoop/hadoop-hdds-tools/0.5.0-SNAPSHOT/hadoop-hdds-tools-0.5.0-SNAPSHOT.jar:/home/user/.m2/repository/org/apache/hadoop/hadoop-hdds-server-scm/0.5.0-SNAPSHOT/hadoop-hdds-server-scm-0.5.0-SNAPSHOT.jar:/home/user/.m2/repository/org/apache/hadoop/hadoop-hdds-docs/0.5.0-SNAPSHOT/hadoop-hdds-docs-0.5.0-SNAPSHOT.jar:/home/user/.m2/repository/io/dropwizard/metrics/metrics-core/3.2.4/metrics-core-3.2.4.jar:/home/user/.m2/repository/org/hamcrest/hamcrest-all/1.3/hamcrest-all-1.3.jar:/home/user/.m2/repository/org/bouncycastle/bcprov-jdk15on/1.60/bcprov-jdk15on-1.60.jar:/home/user/.m2/repository/info/picocli/picocli/3.9.6/picocli-3.9.6.jar:/home/user/.m2/repository/com/google/protobuf/protobuf-java/2.5.0/protobuf-java-2.5.0.jar:/home/user/.m2/repository/com/google/guava/guava/11.0.2/guava-11.0.2.jar:/home/user/.m2/repository/org/apache/hadoop/hadoop-ozone-ozone-manager/0.5.0-SNAPSHOT/hadoop-ozone-ozone-manager-0.5.0-SNAPSHOT.jar:/home/user/.m2/repository/org/apache/hadoop/hadoop-minikdc/3.2.0/hadoop-minikdc-3.2.0.jar:/home/user/.m2/repository/commons-io/commons-io/2.5/commons-io-2.5.jar:/home/user/.m2/repository/org/apache/kerby/kerb-simplekdc/1.0.1/kerb-simplekdc-1.0.1.jar:/home/user/.m2/repository/org/apache/kerby/kerb-client/1.0.1/kerb-client-1.0.1.jar:/home/user/.m2/repository/org/apache/kerby/kerby-config/1.0.1/kerby-config-1.0.1.jar:/home/user/.m2/repository/org/apache/kerby/kerb-core/1.0.1/kerb-core-1.0.1.jar:/home/user/.m2/repository/org/apache/kerby/kerby-pkix/1.0.1/kerby-pkix-1.0.1.jar:/home/user/.m2/repository/org/apache/kerby/kerby-asn1/1.0.1/kerby-asn1-1.0.1.jar:/home/user/.m2/repository/org/apache/kerby/kerby-util/1.0.1/kerby-util-1.0.1.jar:/home/user/.m2/repository/org/apache/kerby/kerb-common/1.0.1/kerb-common-1.0.1.jar:/home/user/.m2/repository/org/apache/kerby/kerb-crypto/1.0.1/kerb-crypto-1.0.1.jar:/home/user/.m2/repository/org/apache/kerby/kerb-util/1.0.1/kerb-util-1.0.1.jar:/home/user/.m2/repository/org/apache/kerby/token-provider/1.0.1/token-provider-1.0.1.jar:/home/user/.m2/repository/org/apache/kerby/kerb-admin/1.0.1/kerb-admin-1.0.1.jar:/home/user/.m2/repository/org/apache/kerby/kerb-server/1.0.1/kerb-server-1.0.1.jar:/home/user/.m2/repository/org/apache/kerby/kerb-identity/1.0.1/kerb-identity-1.0.1.jar:/home/user/.m2/repository/org/apache/kerby/kerby-xdr/1.0.1/kerby-xdr-1.0.1.jar:/home/user/.m2/repository/org/slf4j/slf4j-log4j12/1.7.25/slf4j-log4j12-1.7.25.jar:/home/user/.m2/repository/org/apache/hadoop/hadoop-ozone-s3gateway/0.5.0-SNAPSHOT/hadoop-ozone-s3gateway-0.5.0-SNAPSHOT.jar:/home/user/.m2/repository/org/jboss/weld/servlet/weld-servlet/2.4.7.Final/weld-servlet-2.4.7.Final.jar:/home/user/.m2/repository/org/glassfish/jersey/containers/jersey-container-servlet-core/2.27/jersey-container-servlet-core-2.27.jar:/home/user/.m2/repository/org/glassfish/hk2/external/javax.inject/2.5.0-b42/javax.inject-2.5.0-b42.jar:/home/user/.m2/repository/org/glassfish/jersey/core/jersey-common/2.27/jersey-common-2.27.jar:/home/user/.m2/repository/org/glassfish/hk2/osgi-resource-locator/1.0.1/osgi-resource-locator-1.0.1.jar:/home/user/.m2/repository/javax/ws/rs/javax.ws.rs-api/2.1/javax.ws.rs-api-2.1.jar:/home/user/.m2/repository/org/glassfish/jersey/ext/cdi/jersey-cdi1x/2.27/jersey-cdi1x-2.27.jar:/home/user/.m2/repository/org/glassfish/jersey/inject/jersey-hk2/2.27/jersey-hk2-2.27.jar:/home/user/.m2/repository/org/glassfish/hk2/hk2-locator/2.5.0-b42/hk2-locator-2.5.0-b42.jar:/home/user/.m2/repository/org/javassist/javassist/3.22.0-CR2/javassist-3.22.0-CR2.jar:/home/user/.m2/repository/org/glassfish/hk2/hk2-api/2.5.0/hk2-api-2.5.0.jar:/home/user/.m2/repository/org/glassfish/hk2/external/jakarta.inject/2.5.0/jakarta.inject-2.5.0.jar:/home/user/.m2/repository/org/glassfish/hk2/hk2-utils/2.5.0/hk2-utils-2.5.0.jar:/home/user/.m2/repository/jakarta/annotation/jakarta.annotation-api/1.3.4/jakarta.annotation-api-1.3.4.jar:/home/user/.m2/repository/org/glassfish/hk2/external/aopalliance-repackaged/2.5.0/aopalliance-repackaged-2.5.0.jar:/home/user/.m2/repository/com/fasterxml/jackson/dataformat/jackson-dataformat-xml/2.9.0/jackson-dataformat-xml-2.9.0.jar:/home/user/.m2/repository/com/fasterxml/jackson/core/jackson-core/2.9.5/jackson-core-2.9.5.jar:/home/user/.m2/repository/com/fasterxml/jackson/module/jackson-module-jaxb-annotations/2.9.5/jackson-module-jaxb-annotations-2.9.5.jar:/home/user/.m2/repository/javax/enterprise/cdi-api/1.2/cdi-api-1.2.jar:/home/user/.m2/repository/javax/el/javax.el-api/3.0.0/javax.el-api-3.0.0.jar:/home/user/.m2/repository/javax/interceptor/javax.interceptor-api/1.2/javax.interceptor-api-1.2.jar:/home/user/.m2/repository/javax/inject/javax.inject/1/javax.inject-1.jar:/home/user/.m2/repository/com/sun/xml/bind/jaxb-impl/2.3.0.1/jaxb-impl-2.3.0.1.jar:/home/user/.m2/repository/com/sun/xml/bind/jaxb-core/2.3.0.1/jaxb-core-2.3.0.1.jar:/home/user/.m2/repository/javax/xml/bind/jaxb-api/2.3.0/jaxb-api-2.3.0.jar:/home/user/.m2/repository/javax/activation/activation/1.1.1/activation-1.1.1.jar:/home/user/.m2/repository/org/apache/hadoop/hadoop-ozone-csi/0.5.0-SNAPSHOT/hadoop-ozone-csi-0.5.0-SNAPSHOT.jar:/home/user/.m2/repository/com/google/protobuf/protobuf-java-util/3.5.1/protobuf-java-util-3.5.1.jar:/home/user/.m2/repository/org/apache/hadoop/hadoop-hdds-config/0.5.0-SNAPSHOT/hadoop-hdds-config-0.5.0-SNAPSHOT.jar:/home/user/.m2/repository/io/grpc/grpc-netty/1.17.1/grpc-netty-1.17.1.jar:/home/user/.m2/repository/io/grpc/grpc-core/1.17.1/grpc-core-1.17.1.jar:/home/user/.m2/repository/io/grpc/grpc-context/1.17.1/grpc-context-1.17.1.jar:/home/user/.m2/repository/com/google/errorprone/error_prone_annotations/2.2.0/error_prone_annotations-2.2.0.jar:/home/user/.m2/repository/org/codehaus/mojo/animal-sniffer-annotations/1.17/animal-sniffer-annotations-1.17.jar:/home/user/.m2/repository/io/opencensus/opencensus-api/0.17.0/opencensus-api-0.17.0.jar:/home/user/.m2/repository/io/opencensus/opencensus-contrib-grpc-metrics/0.17.0/opencensus-contrib-grpc-metrics-0.17.0.jar:/home/user/.m2/repository/io/netty/netty-codec-http2/4.1.30.Final/netty-codec-http2-4.1.30.Final.jar:/home/user/.m2/repository/io/netty/netty-codec-http/4.1.30.Final/netty-codec-http-4.1.30.Final.jar:/home/user/.m2/repository/io/netty/netty-codec/4.1.30.Final/netty-codec-4.1.30.Final.jar:/home/user/.m2/repository/io/netty/netty-handler/4.1.30.Final/netty-handler-4.1.30.Final.jar:/home/user/.m2/repository/io/netty/netty-handler-proxy/4.1.30.Final/netty-handler-proxy-4.1.30.Final.jar:/home/user/.m2/repository/io/netty/netty-codec-socks/4.1.30.Final/netty-codec-socks-4.1.30.Final.jar:/home/user/.m2/repository/io/netty/netty-transport-native-epoll/4.1.30.Final/netty-transport-native-epoll-4.1.30.Final.jar:/home/user/.m2/repository/io/netty/netty-common/4.1.30.Final/netty-common-4.1.30.Final.jar:/home/user/.m2/repository/io/netty/netty-buffer/4.1.30.Final/netty-buffer-4.1.30.Final.jar:/home/user/.m2/repository/io/netty/netty-transport/4.1.30.Final/netty-transport-4.1.30.Final.jar:/home/user/.m2/repository/io/netty/netty-resolver/4.1.30.Final/netty-resolver-4.1.30.Final.jar:/home/user/.m2/repository/io/netty/netty-transport-native-unix-common/4.1.30.Final/netty-transport-native-unix-common-4.1.30.Final.jar:/home/user/.m2/repository/io/grpc/grpc-protobuf/1.17.1/grpc-protobuf-1.17.1.jar:/home/user/.m2/repository/com/google/api/grpc/proto-google-common-protos/1.0.0/proto-google-common-protos-1.0.0.jar:/home/user/.m2/repository/io/grpc/grpc-protobuf-lite/1.17.1/grpc-protobuf-lite-1.17.1.jar:/home/user/.m2/repository/io/grpc/grpc-stub/1.17.1/grpc-stub-1.17.1.jar:/home/user/.m2/repository/org/apache/hadoop/hadoop-ozone-recon/0.5.0-SNAPSHOT/hadoop-ozone-recon-0.5.0-SNAPSHOT.jar:/home/user/.m2/repository/org/apache/hadoop/hadoop-ozone-reconcodegen/0.5.0-SNAPSHOT/hadoop-ozone-reconcodegen-0.5.0-SNAPSHOT.jar:/home/user/.m2/repository/com/google/inject/extensions/guice-multibindings/4.0/guice-multibindings-4.0.jar:/home/user/.m2/repository/com/google/inject/guice/4.0/guice-4.0.jar:/home/user/.m2/repository/aopalliance/aopalliance/1.0/aopalliance-1.0.jar:/home/user/.m2/repository/com/google/inject/extensions/guice-servlet/4.0/guice-servlet-4.0.jar:/home/user/.m2/repository/org/glassfish/jersey/containers/jersey-container-servlet/2.27/jersey-container-servlet-2.27.jar:/home/user/.m2/repository/org/glassfish/hk2/guice-bridge/2.5.0/guice-bridge-2.5.0.jar:/home/user/.m2/repository/org/glassfish/jersey/core/jersey-server/2.27/jersey-server-2.27.jar:/home/user/.m2/repository/org/glassfish/jersey/core/jersey-client/2.27/jersey-client-2.27.jar:/home/user/.m2/repository/org/glassfish/jersey/media/jersey-media-jaxb/2.27/jersey-media-jaxb-2.27.jar:/home/user/.m2/repository/javax/validation/validation-api/1.1.0.Final/validation-api-1.1.0.Final.jar:/home/user/.m2/repository/org/glassfish/jersey/media/jersey-media-json-jackson/2.27/jersey-media-json-jackson-2.27.jar:/home/user/.m2/repository/org/glassfish/jersey/ext/jersey-entity-filtering/2.27/jersey-entity-filtering-2.27.jar:/home/user/.m2/repository/com/google/inject/extensions/guice-assistedinject/4.0/guice-assistedinject-4.0.jar:/home/user/.m2/repository/org/jooq/jooq/3.11.10/jooq-3.11.10.jar:/home/user/.m2/repository/org/jooq/jooq-meta/3.11.10/jooq-meta-3.11.10.jar:/home/user/.m2/repository/org/jooq/jooq-codegen/3.11.10/jooq-codegen-3.11.10.jar:/home/user/.m2/repository/com/jolbox/bonecp/0.8.0.RELEASE/bonecp-0.8.0.RELEASE.jar:/home/user/.m2/repository/org/xerial/sqlite-jdbc/3.25.2/sqlite-jdbc-3.25.2.jar:/home/user/.m2/repository/org/springframework/spring-jdbc/5.1.3.RELEASE/spring-jdbc-5.1.3.RELEASE.jar:/home/user/.m2/repository/org/springframework/spring-beans/5.1.3.RELEASE/spring-beans-5.1.3.RELEASE.jar:/home/user/.m2/repository/org/springframework/spring-core/5.1.3.RELEASE/spring-core-5.1.3.RELEASE.jar:/home/user/.m2/repository/org/springframework/spring-jcl/5.1.3.RELEASE/spring-jcl-5.1.3.RELEASE.jar:/home/user/.m2/repository/org/springframework/spring-tx/5.1.3.RELEASE/spring-tx-5.1.3.RELEASE.jar:/home/user/.m2/repository/org/apache/hadoop/hadoop-ozone-client/0.5.0-SNAPSHOT/hadoop-ozone-client-0.5.0-SNAPSHOT.jar:/home/user/.m2/repository/commons-lang/commons-lang/2.6/commons-lang-2.6.jar:/home/user/.m2/repository/org/apache/hadoop/hadoop-ozone-ozone-manager/0.5.0-SNAPSHOT/hadoop-ozone-ozone-manager-0.5.0-SNAPSHOT-tests.jar:/home/user/.m2/repository/junit/junit/4.11/junit-4.11.jar:/home/user/.m2/repository/org/hamcrest/hamcrest-core/1.3/hamcrest-core-1.3.jar:/home/user/.m2/repository/org/openjdk/jmh/jmh-core/1.19/jmh-core-1.19.jar:/home/user/.m2/repository/net/sf/jopt-simple/jopt-simple/4.6/jopt-simple-4.6.jar:/home/user/.m2/repository/org/apache/commons/commons-math3/3.1.1/commons-math3-3.1.1.jar:/home/user/.m2/repository/org/openjdk/jmh/jmh-generator-annprocess/1.19/jmh-generator-annprocess-1.19.jar:/home/user/.m2/repository/org/mockito/mockito-all/1.8.5/mockito-all-1.8.5.jar:/home/user/.m2/repository/org/apache/hadoop/hadoop-kms/3.2.0/hadoop-kms-3.2.0.jar:/home/user/.m2/repository/org/apache/hadoop/hadoop-auth/3.2.0/hadoop-auth-3.2.0.jar:/home/user/.m2/repository/com/nimbusds/nimbus-jose-jwt/4.41.1/nimbus-jose-jwt-4.41.1.jar:/home/user/.m2/repository/com/github/stephenc/jcip/jcip-annotations/1.0-1/jcip-annotations-1.0-1.jar:/home/user/.m2/repository/net/minidev/json-smart/2.3/json-smart-2.3.jar:/home/user/.m2/repository/net/minidev/accessors-smart/1.2/accessors-smart-1.2.jar:/home/user/.m2/repository/org/ow2/asm/asm/5.0.4/asm-5.0.4.jar:/home/user/.m2/repository/org/apache/curator/curator-framework/2.12.0/curator-framework-2.12.0.jar:/home/user/.m2/repository/com/sun/jersey/jersey-core/1.19/jersey-core-1.19.jar:/home/user/.m2/repository/javax/ws/rs/jsr311-api/1.1.1/jsr311-api-1.1.1.jar:/home/user/.m2/repository/com/sun/jersey/jersey-server/1.19/jersey-server-1.19.jar:/home/user/.m2/repository/javax/servlet/javax.servlet-api/3.1.0/javax.servlet-api-3.1.0.jar:/home/user/.m2/repository/org/eclipse/jetty/jetty-server/9.3.24.v20180605/jetty-server-9.3.24.v20180605.jar:/home/user/.m2/repository/org/eclipse/jetty/jetty-http/9.3.24.v20180605/jetty-http-9.3.24.v20180605.jar:/home/user/.m2/repository/org/eclipse/jetty/jetty-io/9.3.24.v20180605/jetty-io-9.3.24.v20180605.jar:/home/user/.m2/repository/org/eclipse/jetty/jetty-webapp/9.3.24.v20180605/jetty-webapp-9.3.24.v20180605.jar:/home/user/.m2/repository/org/eclipse/jetty/jetty-xml/9.3.24.v20180605/jetty-xml-9.3.24.v20180605.jar:/home/user/.m2/repository/log4j/log4j/1.2.17/log4j-1.2.17.jar:/home/user/.m2/repository/org/slf4j/slf4j-api/1.7.25/slf4j-api-1.7.25.jar:/home/user/.m2/repository/org/slf4j/jul-to-slf4j/1.7.25/jul-to-slf4j-1.7.25.jar:/home/user/.m2/repository/org/eclipse/jetty/jetty-util/9.3.24.v20180605/jetty-util-9.3.24.v20180605.jar:/home/user/.m2/repository/com/fasterxml/jackson/core/jackson-databind/2.9.5/jackson-databind-2.9.5.jar:/home/user/.m2/repository/org/apache/hadoop/hadoop-kms/3.2.0/hadoop-kms-3.2.0-tests.jar:/home/user/.m2/repository/org/apache/hadoop/hadoop-hdds-server-scm/0.5.0-SNAPSHOT/hadoop-hdds-server-scm-0.5.0-SNAPSHOT-tests.jar:/home/user/.m2/repository/org/apache/hadoop/hadoop-hdds-container-service/0.5.0-SNAPSHOT/hadoop-hdds-container-service-0.5.0-SNAPSHOT-tests.jar:/home/user/.m2/repository/org/yaml/snakeyaml/1.16/snakeyaml-1.16.jar:/home/user/.m2/repository/org/apache/hadoop/hadoop-common/3.2.0/hadoop-common-3.2.0-tests.jar:/home/user/.m2/repository/org/apache/hadoop/hadoop-annotations/3.2.0/hadoop-annotations-3.2.0.jar:/usr/lib/jvm/java-1.8-openjdk/jre/../lib/tools.jar:/home/user/.m2/repository/commons-cli/commons-cli/1.2/commons-cli-1.2.jar:/home/user/.m2/repository/org/apache/httpcomponents/httpclient/4.5.2/httpclient-4.5.2.jar:/home/user/.m2/repository/org/apache/httpcomponents/httpcore/4.4.4/httpcore-4.4.4.jar:/home/user/.m2/repository/commons-codec/commons-codec/1.11/commons-codec-1.11.jar:/home/user/.m2/repository/commons-net/commons-net/3.6/commons-net-3.6.jar:/home/user/.m2/repository/commons-collections/commons-collections/3.2.2/commons-collections-3.2.2.jar:/home/user/.m2/repository/org/eclipse/jetty/jetty-servlet/9.3.24.v20180605/jetty-servlet-9.3.24.v20180605.jar:/home/user/.m2/repository/org/eclipse/jetty/jetty-security/9.3.24.v20180605/jetty-security-9.3.24.v20180605.jar:/home/user/.m2/repository/javax/servlet/jsp/jsp-api/2.1/jsp-api-2.1.jar:/home/user/.m2/repository/com/sun/jersey/jersey-servlet/1.19/jersey-servlet-1.19.jar:/home/user/.m2/repository/com/sun/jersey/jersey-json/1.19/jersey-json-1.19.jar:/home/user/.m2/repository/org/codehaus/jettison/jettison/1.1/jettison-1.1.jar:/home/user/.m2/repository/org/codehaus/jackson/jackson-core-asl/1.9.13/jackson-core-asl-1.9.13.jar:/home/user/.m2/repository/org/codehaus/jackson/jackson-mapper-asl/1.9.13/jackson-mapper-asl-1.9.13.jar:/home/user/.m2/repository/org/codehaus/jackson/jackson-jaxrs/1.9.13/jackson-jaxrs-1.9.13.jar:/home/user/.m2/repository/org/codehaus/jackson/jackson-xc/1.9.13/jackson-xc-1.9.13.jar:/home/user/.m2/repository/commons-logging/commons-logging/1.1.3/commons-logging-1.1.3.jar:/home/user/.m2/repository/commons-beanutils/commons-beanutils/1.9.3/commons-beanutils-1.9.3.jar:/home/user/.m2/repository/org/apache/commons/commons-configuration2/2.1.1/commons-configuration2-2.1.1.jar:/home/user/.m2/repository/org/apache/commons/commons-lang3/3.7/commons-lang3-3.7.jar:/home/user/.m2/repository/org/apache/commons/commons-text/1.4/commons-text-1.4.jar:/home/user/.m2/repository/org/apache/avro/avro/1.7.7/avro-1.7.7.jar:/home/user/.m2/repository/com/thoughtworks/paranamer/paranamer/2.3/paranamer-2.3.jar:/home/user/.m2/repository/org/xerial/snappy/snappy-java/1.0.5/snappy-java-1.0.5.jar:/home/user/.m2/repository/com/google/re2j/re2j/1.1/re2j-1.1.jar:/home/user/.m2/repository/com/google/code/gson/gson/2.2.4/gson-2.2.4.jar:/home/user/.m2/repository/com/jcraft/jsch/0.1.54/jsch-0.1.54.jar:/home/user/.m2/repository/org/apache/curator/curator-client/2.12.0/curator-client-2.12.0.jar:/home/user/.m2/repository/org/apache/curator/curator-recipes/2.12.0/curator-recipes-2.12.0.jar:/home/user/.m2/repository/com/google/code/findbugs/jsr305/3.0.0/jsr305-3.0.0.jar:/home/user/.m2/repository/org/apache/htrace/htrace-core4/4.1.0-incubating/htrace-core4-4.1.0-incubating.jar:/home/user/.m2/repository/org/apache/zookeeper/zookeeper/3.4.13/zookeeper-3.4.13.jar:/home/user/.m2/repository/org/apache/yetus/audience-annotations/0.5.0/audience-annotations-0.5.0.jar:/home/user/.m2/repository/org/codehaus/woodstox/stax2-api/3.1.4/stax2-api-3.1.4.jar:/home/user/.m2/repository/com/fasterxml/woodstox/woodstox-core/5.0.3/woodstox-core-5.0.3.jar:/home/user/.m2/repository/dnsjava/dnsjava/2.1.7/dnsjava-2.1.7.jar:/home/user/.m2/repository/org/apache/hadoop/hadoop-hdfs/3.2.0/hadoop-hdfs-3.2.0-tests.jar:/home/user/.m2/repository/org/eclipse/jetty/jetty-util-ajax/9.3.24.v20180605/jetty-util-ajax-9.3.24.v20180605.jar:/home/user/.m2/repository/commons-daemon/commons-daemon/1.0.13/commons-daemon-1.0.13.jar:/home/user/.m2/repository/io/netty/netty/3.10.5.Final/netty-3.10.5.Final.jar:/home/user/.m2/repository/io/netty/netty-all/4.0.52.Final/netty-all-4.0.52.Final.jar:/home/user/.m2/repository/org/fusesource/leveldbjni/leveldbjni-all/1.8/leveldbjni-all-1.8.jar:"/>
    <property name="sun.cpu.endian" value="little"/>
    <property name="user.home" value="/home/user"/>
    <property name="user.language" value="en"/>
    <property name="java.specification.vendor" value="Oracle Corporation"/>
    <property name="java.home" value="/usr/lib/jvm/java-1.8-openjdk/jre"/>
    <property name="java.security.krb5.conf" value="/workdir/hadoop-ozone/integration-test/target/test-classes/krb5.conf"/>
    <property name="basedir" value="/workdir/hadoop-ozone/integration-test"/>
    <property name="file.separator" value="/"/>
    <property name="line.separator" value="&#10;"/>
    <property name="java.vm.specification.vendor" value="Oracle Corporation"/>
    <property name="java.specification.name" value="Java Platform API Specification"/>
    <property name="java.awt.graphicsenv" value="sun.awt.X11GraphicsEnvironment"/>
    <property name="surefire.real.class.path" value="/workdir/hadoop-ozone/integration-test/target/surefire/surefirebooter2705444169107988233.jar"/>
    <property name="hadoop.log.dir" value="/workdir/hadoop-ozone/integration-test/target/log"/>
    <property name="sun.boot.class.path" value="/usr/lib/jvm/java-1.8-openjdk/jre/lib/resources.jar:/usr/lib/jvm/java-1.8-openjdk/jre/lib/rt.jar:/usr/lib/jvm/java-1.8-openjdk/jre/lib/sunrsasign.jar:/usr/lib/jvm/java-1.8-openjdk/jre/lib/jsse.jar:/usr/lib/jvm/java-1.8-openjdk/jre/lib/jce.jar:/usr/lib/jvm/java-1.8-openjdk/jre/lib/charsets.jar:/usr/lib/jvm/java-1.8-openjdk/jre/lib/jfr.jar:/usr/lib/jvm/java-1.8-openjdk/jre/classes"/>
    <property name="sun.management.compiler" value="HotSpot 64-Bit Tiered Compilers"/>
    <property name="java.runtime.version" value="1.8.0_212-b04"/>
    <property name="java.net.preferIPv4Stack" value="true"/>
    <property name="user.name" value="jenkins1000"/>
    <property name="path.separator" value=":"/>
    <property name="java.security.egd" value="file:///dev/urandom"/>
    <property name="os.version" value="3.10.0-957.12.2.el7.x86_64"/>
    <property name="java.endorsed.dirs" value="/usr/lib/jvm/java-1.8-openjdk/jre/lib/endorsed"/>
    <property name="java.runtime.name" value="OpenJDK Runtime Environment"/>
    <property name="file.encoding" value="UTF-8"/>
    <property name="java.vm.name" value="OpenJDK 64-Bit Server VM"/>
    <property name="test.build.webapps" value=""/>
    <property name="localRepository" value="/home/user/.m2/repository"/>
    <property name="java.vendor.url.bug" value="https://icedtea.classpath.org/bugzilla"/>
    <property name="java.io.tmpdir" value="/tmp"/>
    <property name="require.test.libhadoop" value=""/>
    <property name="java.version" value="1.8.0_212"/>
    <property name="user.dir" value="/workdir/hadoop-ozone/integration-test"/>
    <property name="os.arch" value="amd64"/>
    <property name="java.vm.specification.name" value="Java Virtual Machine Specification"/>
    <property name="test.build.classes" value="/workdir/hadoop-ozone/integration-test/target/test-classes"/>
    <property name="java.awt.printerjob" value="sun.print.PSPrinterJob"/>
    <property name="sun.os.patch.level" value="unknown"/>
    <property name="hadoop.tmp.dir" value="/workdir/hadoop-ozone/integration-test/target/tmp"/>
    <property name="java.library.path" value="/usr/lib/jvm/java-1.8-openjdk/jre/lib/amd64/server:/usr/lib/jvm/java-1.8-openjdk/jre/lib/amd64:/usr/lib/jvm/java-1.8-openjdk/jre/../lib/amd64:/workdir/hadoop-ozone/integration-test/target/native/target/usr/local/lib:/workdir/hadoop-ozone/integration-test/../../hadoop-common-project/hadoop-common/target/native/target/usr/local/lib:/usr/java/packages/lib/amd64:/usr/lib64:/lib64:/lib:/usr/lib"/>
    <property name="java.vm.info" value="mixed mode"/>
    <property name="java.vendor" value="IcedTea"/>
    <property name="java.vm.version" value="25.212-b04"/>
    <property name="java.ext.dirs" value="/usr/lib/jvm/java-1.8-openjdk/jre/lib/ext:/usr/java/packages/lib/ext"/>
    <property name="sun.io.unicode.encoding" value="UnicodeLittle"/>
    <property name="java.class.version" value="52.0"/>
  </properties>
  <testcase name="testContainerReplication" classname="org.apache.hadoop.ozone.client.rpc.TestContainerReplicationEndToEnd" time="5.172">
    <error message="Failed to update container state #1, reason: invalid state transition from state: CLOSING upon event: FINALIZE." type="org.apache.hadoop.hdds.scm.exceptions.SCMException">org.apache.hadoop.hdds.scm.exceptions.SCMException: Failed to update container state #1, reason: invalid state transition from state: CLOSING upon event: FINALIZE.
	at org.apache.hadoop.hdds.scm.container.ContainerStateManager.updateContainerState(ContainerStateManager.java:336)
	at org.apache.hadoop.hdds.scm.container.SCMContainerManager.updateContainerState(SCMContainerManager.java:312)
	at org.apache.hadoop.ozone.client.rpc.TestContainerReplicationEndToEnd.testContainerReplication(TestContainerReplicationEndToEnd.java:159)
	at sun.reflect.NativeMethodAccessorImpl.invoke0(Native Method)
	at sun.reflect.NativeMethodAccessorImpl.invoke(NativeMethodAccessorImpl.java:62)
	at sun.reflect.DelegatingMethodAccessorImpl.invoke(DelegatingMethodAccessorImpl.java:43)
	at java.lang.reflect.Method.invoke(Method.java:498)
	at org.junit.runners.model.FrameworkMethod$1.runReflectiveCall(FrameworkMethod.java:47)
	at org.junit.internal.runners.model.ReflectiveCallable.run(ReflectiveCallable.java:12)
	at org.junit.runners.model.FrameworkMethod.invokeExplosively(FrameworkMethod.java:44)
	at org.junit.internal.runners.statements.InvokeMethod.evaluate(InvokeMethod.java:17)
	at org.junit.runners.ParentRunner.runLeaf(ParentRunner.java:271)
	at org.junit.runners.BlockJUnit4ClassRunner.runChild(BlockJUnit4ClassRunner.java:70)
	at org.junit.runners.BlockJUnit4ClassRunner.runChild(BlockJUnit4ClassRunner.java:50)
	at org.junit.runners.ParentRunner$3.run(ParentRunner.java:238)
	at org.junit.runners.ParentRunner$1.schedule(ParentRunner.java:63)
	at org.junit.runners.ParentRunner.runChildren(ParentRunner.java:236)
	at org.junit.runners.ParentRunner.access$000(ParentRunner.java:53)
	at org.junit.runners.ParentRunner$2.evaluate(ParentRunner.java:229)
	at org.junit.internal.runners.statements.RunBefores.evaluate(RunBefores.java:26)
	at org.junit.internal.runners.statements.RunAfters.evaluate(RunAfters.java:27)
	at org.junit.runners.ParentRunner.run(ParentRunner.java:309)
	at org.apache.maven.surefire.junit4.JUnit4Provider.execute(JUnit4Provider.java:365)
	at org.apache.maven.surefire.junit4.JUnit4Provider.executeWithRerun(JUnit4Provider.java:273)
	at org.apache.maven.surefire.junit4.JUnit4Provider.executeTestSet(JUnit4Provider.java:238)
	at org.apache.maven.surefire.junit4.JUnit4Provider.invoke(JUnit4Provider.java:159)
	at org.apache.maven.surefire.booter.ForkedBooter.invokeProviderInSameClassLoader(ForkedBooter.java:384)
	at org.apache.maven.surefire.booter.ForkedBooter.runSuitesInProcess(ForkedBooter.java:345)
	at org.apache.maven.surefire.booter.ForkedBooter.execute(ForkedBooter.java:126)
	at org.apache.maven.surefire.booter.ForkedBooter.main(ForkedBooter.java:418)
</error>
    <system-out><![CDATA[2019-09-17 10:06:49,125 [main] WARN  server.ServerUtils (ServerUtils.java:getScmDbDir(145)) - ozone.scm.db.dirs is not configured. We recommend adding this setting. Falling back to ozone.metadata.dirs instead.
2019-09-17 10:06:49,233 [main] WARN  server.ServerUtils (ServerUtils.java:getScmDbDir(145)) - ozone.scm.db.dirs is not configured. We recommend adding this setting. Falling back to ozone.metadata.dirs instead.
2019-09-17 10:06:49,239 [main] WARN  server.ServerUtils (ServerUtils.java:getScmDbDir(145)) - ozone.scm.db.dirs is not configured. We recommend adding this setting. Falling back to ozone.metadata.dirs instead.
2019-09-17 10:06:49,266 [main] INFO  util.log (Log.java:initialized(192)) - Logging initialized @828ms
2019-09-17 10:06:49,381 [main] INFO  db.DBStoreBuilder (DBStoreBuilder.java:addTable(110)) - using custom profile for table: deletedBlocks
2019-09-17 10:06:49,381 [main] INFO  db.DBStoreBuilder (DBStoreBuilder.java:processTables(161)) - Using default column profile:DBProfile.DISK for Table:deletedBlocks
2019-09-17 10:06:49,382 [main] INFO  db.DBStoreBuilder (DBStoreBuilder.java:addTable(110)) - using custom profile for table: validCerts
2019-09-17 10:06:49,382 [main] INFO  db.DBStoreBuilder (DBStoreBuilder.java:processTables(161)) - Using default column profile:DBProfile.DISK for Table:validCerts
2019-09-17 10:06:49,382 [main] INFO  db.DBStoreBuilder (DBStoreBuilder.java:addTable(110)) - using custom profile for table: revokedCerts
2019-09-17 10:06:49,382 [main] INFO  db.DBStoreBuilder (DBStoreBuilder.java:processTables(161)) - Using default column profile:DBProfile.DISK for Table:revokedCerts
2019-09-17 10:06:49,394 [main] INFO  db.DBStoreBuilder (DBStoreBuilder.java:addTable(110)) - using custom profile for table: default
2019-09-17 10:06:49,395 [main] INFO  db.DBStoreBuilder (DBStoreBuilder.java:processTables(167)) - Using default column profile:DBProfile.DISK for Table:default
2019-09-17 10:06:49,396 [main] INFO  db.DBStoreBuilder (DBStoreBuilder.java:getDbProfile(198)) - Using default options. DBProfile.DISK
2019-09-17 10:06:49,700 [main] INFO  net.NodeSchemaLoader (NodeSchemaLoader.java:loadSchemaFromFile(125)) - Loading file from sun.misc.CompoundEnumeration@4218d6a3
2019-09-17 10:06:49,702 [main] INFO  net.NodeSchemaLoader (NodeSchemaLoader.java:loadSchema(171)) - Loading network topology layer schema file
2019-09-17 10:06:49,776 [main] INFO  node.SCMNodeManager (SCMNodeManager.java:<init>(114)) - Entering startup safe mode.
2019-09-17 10:06:49,863 [main] INFO  algorithms.ContainerPlacementPolicyFactory (ContainerPlacementPolicyFactory.java:getPolicy(57)) - Create container placement policy of type org.apache.hadoop.hdds.scm.container.placement.algorithms.SCMContainerPlacementRandom
2019-09-17 10:06:49,878 [main] WARN  server.ServerUtils (ServerUtils.java:getScmDbDir(145)) - ozone.scm.db.dirs is not configured. We recommend adding this setting. Falling back to ozone.metadata.dirs instead.
2019-09-17 10:06:49,982 [main] INFO  pipeline.SCMPipelineManager (SCMPipelineManager.java:initializePipelineState(128)) - No pipeline exists in current db
2019-09-17 10:06:49,986 [main] WARN  server.ServerUtils (ServerUtils.java:getScmDbDir(145)) - ozone.scm.db.dirs is not configured. We recommend adding this setting. Falling back to ozone.metadata.dirs instead.
2019-09-17 10:06:50,095 [main] INFO  Configuration.deprecation (Configuration.java:logDeprecation(1394)) - No unit for hdds.scm.replication.thread.interval(2000) assuming MILLISECONDS
2019-09-17 10:06:50,124 [main] WARN  events.EventQueue (EventQueue.java:fireEvent(183)) - No event handler registered for event TypedEvent{payloadType=SafeModeStatus, name='SafeModeStatus'}
2019-09-17 10:06:50,514 [main] INFO  ipc.CallQueueManager (CallQueueManager.java:<init>(84)) - Using callQueue: class java.util.concurrent.LinkedBlockingQueue, queueCapacity: 2000, scheduler: class org.apache.hadoop.ipc.DefaultRpcScheduler, ipcBackoff: false.
2019-09-17 10:06:50,541 [Socket Reader #1 for port 45870] INFO  ipc.Server (Server.java:run(1074)) - Starting Socket Reader #1 for port 45870
2019-09-17 10:06:50,678 [main] INFO  ipc.CallQueueManager (CallQueueManager.java:<init>(84)) - Using callQueue: class java.util.concurrent.LinkedBlockingQueue, queueCapacity: 2000, scheduler: class org.apache.hadoop.ipc.DefaultRpcScheduler, ipcBackoff: false.
2019-09-17 10:06:50,679 [Socket Reader #1 for port 42594] INFO  ipc.Server (Server.java:run(1074)) - Starting Socket Reader #1 for port 42594
2019-09-17 10:06:50,688 [main] INFO  ipc.CallQueueManager (CallQueueManager.java:<init>(84)) - Using callQueue: class java.util.concurrent.LinkedBlockingQueue, queueCapacity: 2000, scheduler: class org.apache.hadoop.ipc.DefaultRpcScheduler, ipcBackoff: false.
2019-09-17 10:06:50,689 [Socket Reader #1 for port 38804] INFO  ipc.Server (Server.java:run(1074)) - Starting Socket Reader #1 for port 38804
2019-09-17 10:06:50,713 [main] INFO  hdfs.DFSUtil (DFSUtil.java:httpServerTemplateForNNAndJN(1641)) - Starting Web-server for scm at: http://0.0.0.0:0
2019-09-17 10:06:50,894 [main] INFO  server.AuthenticationFilter (AuthenticationFilter.java:constructSecretProvider(240)) - Unable to initialize FileSignerSecretProvider, falling back to use random secrets.
2019-09-17 10:06:50,903 [main] WARN  http.HttpRequestLog (HttpRequestLog.java:getRequestLog(97)) - Jetty request log can only be enabled using Log4j
2019-09-17 10:06:50,911 [main] INFO  http.HttpServer2 (HttpServer2.java:addGlobalFilter(975)) - Added global filter 'safety' (class=org.apache.hadoop.http.HttpServer2$QuotingInputFilter)
2019-09-17 10:06:50,914 [main] INFO  http.HttpServer2 (HttpServer2.java:addFilter(948)) - Added filter static_user_filter (class=org.apache.hadoop.http.lib.StaticUserWebFilter$StaticUserFilter) to context scm
2019-09-17 10:06:50,914 [main] INFO  http.HttpServer2 (HttpServer2.java:addFilter(958)) - Added filter static_user_filter (class=org.apache.hadoop.http.lib.StaticUserWebFilter$StaticUserFilter) to context static
2019-09-17 10:06:50,915 [main] INFO  http.HttpServer2 (HttpServer2.java:addFilter(958)) - Added filter static_user_filter (class=org.apache.hadoop.http.lib.StaticUserWebFilter$StaticUserFilter) to context logs
2019-09-17 10:06:50,946 [main] INFO  server.StorageContainerManager (StorageContainerManager.java:start(763)) - StorageContainerLocationProtocol RPC server is listening at /0.0.0.0:38804
2019-09-17 10:06:51,039 [main] WARN  impl.MetricsConfig (MetricsConfig.java:loadFirst(134)) - Cannot locate configuration: tried hadoop-metrics2-storagecontainermanager.properties,hadoop-metrics2.properties
2019-09-17 10:06:51,057 [main] INFO  impl.MetricsSystemImpl (MetricsSystemImpl.java:startTimer(374)) - Scheduled Metric snapshot period at 10 second(s).
2019-09-17 10:06:51,058 [main] INFO  impl.MetricsSystemImpl (MetricsSystemImpl.java:start(191)) - StorageContainerManager metrics system started
2019-09-17 10:06:51,323 [main] INFO  server.SCMClientProtocolServer (SCMClientProtocolServer.java:start(151)) - RPC server for Client  is listening at /0.0.0.0:38804
2019-09-17 10:06:51,323 [IPC Server Responder] INFO  ipc.Server (Server.java:run(1314)) - IPC Server Responder: starting
2019-09-17 10:06:51,324 [IPC Server listener on 38804] INFO  ipc.Server (Server.java:run(1153)) - IPC Server listener on 38804: starting
2019-09-17 10:06:51,326 [main] INFO  server.StorageContainerManager (StorageContainerManager.java:start(773)) - ScmBlockLocationProtocol RPC server is listening at /0.0.0.0:42594
2019-09-17 10:06:51,328 [main] INFO  server.SCMBlockProtocolServer (SCMBlockProtocolServer.java:start(146)) - RPC server for Block Protocol is listening at /0.0.0.0:42594
2019-09-17 10:06:51,329 [IPC Server Responder] INFO  ipc.Server (Server.java:run(1314)) - IPC Server Responder: starting
2019-09-17 10:06:51,329 [IPC Server listener on 42594] INFO  ipc.Server (Server.java:run(1153)) - IPC Server listener on 42594: starting
2019-09-17 10:06:51,331 [main] INFO  server.StorageContainerManager (StorageContainerManager.java:start(777)) - ScmDatanodeProtocl RPC server is listening at /0.0.0.0:45870
2019-09-17 10:06:51,331 [main] INFO  server.SCMDatanodeProtocolServer (SCMDatanodeProtocolServer.java:start(191)) - RPC server for DataNodes is listening at /0.0.0.0:45870
2019-09-17 10:06:51,332 [IPC Server Responder] INFO  ipc.Server (Server.java:run(1314)) - IPC Server Responder: starting
2019-09-17 10:06:51,332 [IPC Server listener on 45870] INFO  ipc.Server (Server.java:run(1153)) - IPC Server listener on 45870: starting
2019-09-17 10:06:51,336 [main] INFO  http.HttpServer2 (HttpServer2.java:bindListener(1191)) - Jetty bound to port 40707
2019-09-17 10:06:51,338 [main] INFO  server.Server (Server.java:doStart(351)) - jetty-9.3.24.v20180605, build timestamp: 2018-06-05T17:11:56Z, git hash: 84205aa28f11a4f31f2a3b86d1bba2cc8ab69827
2019-09-17 10:06:51,380 [main] INFO  handler.ContextHandler (ContextHandler.java:doStart(781)) - Started o.e.j.s.ServletContextHandler@45815ffc{/logs,file:///workdir/hadoop-ozone/integration-test/target/log,AVAILABLE}
2019-09-17 10:06:51,381 [main] INFO  handler.ContextHandler (ContextHandler.java:doStart(781)) - Started o.e.j.s.ServletContextHandler@d3957fe{/static,file:///workdir/hadoop-ozone/integration-test/target/test-classes/webapps/static,AVAILABLE}
2019-09-17 10:06:51,415 [main] INFO  handler.ContextHandler (ContextHandler.java:doStart(781)) - Started o.e.j.w.WebAppContext@4cc547a{/,file:///workdir/hadoop-ozone/integration-test/target/test-classes/webapps/scm/,AVAILABLE}{/scm}
2019-09-17 10:06:51,421 [main] INFO  server.AbstractConnector (AbstractConnector.java:doStart(278)) - Started ServerConnector@3574e198{HTTP/1.1,[http/1.1]}{0.0.0.0:40707}
2019-09-17 10:06:51,422 [main] INFO  server.Server (Server.java:doStart(419)) - Started @2984ms
2019-09-17 10:06:51,424 [main] INFO  impl.MetricsSinkAdapter (MetricsSinkAdapter.java:start(204)) - Sink prometheus started
2019-09-17 10:06:51,424 [main] INFO  impl.MetricsSystemImpl (MetricsSystemImpl.java:registerSink(301)) - Registered sink prometheus
2019-09-17 10:06:51,425 [main] INFO  server.BaseHttpServer (BaseHttpServer.java:updateConnectorAddress(215)) - HTTP server of SCM is listening at http://0.0.0.0:40707
2019-09-17 10:06:51,432 [org.apache.hadoop.util.JvmPauseMonitor$Monitor@67427b69] INFO  util.JvmPauseMonitor (JvmPauseMonitor.java:run(188)) - Starting JVM pause monitor
2019-09-17 10:06:51,435 [main] WARN  server.ServerUtils (ServerUtils.java:getDBPath(222)) - ozone.om.db.dirs is not configured. We recommend adding this setting. Falling back to ozone.metadata.dirs instead.
2019-09-17 10:06:51,571 [main] WARN  server.ServerUtils (ServerUtils.java:getDBPath(222)) - ozone.om.db.dirs is not configured. We recommend adding this setting. Falling back to ozone.metadata.dirs instead.
2019-09-17 10:06:51,571 [main] WARN  server.ServerUtils (ServerUtils.java:getDBPath(222)) - ozone.om.db.dirs is not configured. We recommend adding this setting. Falling back to ozone.metadata.dirs instead.
2019-09-17 10:06:51,572 [main] INFO  om.OzoneManager (OzoneManager.java:setOMNodeDetails(649)) - OM Service ID is not set. Setting it to the default ID: omServiceIdDefault
2019-09-17 10:06:51,572 [main] INFO  om.OzoneManager (OzoneManager.java:setOMNodeDetails(655)) - OM Node ID is not set. Setting it to the OmStorage's OmID: c155d163-069c-44da-9534-1c50b821b0db
2019-09-17 10:06:51,574 [main] INFO  om.OzoneManager (OzoneManager.java:loadOMHAConfigs(606)) - Found matching OM address with OMServiceId: null, OMNodeId: null, RPC Address: localhost:0 and Ratis port: 9872
2019-09-17 10:06:52,344 [main] WARN  server.ServerUtils (ServerUtils.java:getDBPath(222)) - ozone.om.db.dirs is not configured. We recommend adding this setting. Falling back to ozone.metadata.dirs instead.
2019-09-17 10:06:52,352 [main] INFO  db.DBStoreBuilder (DBStoreBuilder.java:addTable(110)) - using custom profile for table: userTable
2019-09-17 10:06:52,352 [main] INFO  db.DBStoreBuilder (DBStoreBuilder.java:processTables(161)) - Using default column profile:DBProfile.DISK for Table:userTable
2019-09-17 10:06:52,352 [main] INFO  db.DBStoreBuilder (DBStoreBuilder.java:addTable(110)) - using custom profile for table: volumeTable
2019-09-17 10:06:52,353 [main] INFO  db.DBStoreBuilder (DBStoreBuilder.java:processTables(161)) - Using default column profile:DBProfile.DISK for Table:volumeTable
2019-09-17 10:06:52,353 [main] INFO  db.DBStoreBuilder (DBStoreBuilder.java:addTable(110)) - using custom profile for table: bucketTable
2019-09-17 10:06:52,353 [main] INFO  db.DBStoreBuilder (DBStoreBuilder.java:processTables(161)) - Using default column profile:DBProfile.DISK for Table:bucketTable
2019-09-17 10:06:52,353 [main] INFO  db.DBStoreBuilder (DBStoreBuilder.java:addTable(110)) - using custom profile for table: keyTable
2019-09-17 10:06:52,354 [main] INFO  db.DBStoreBuilder (DBStoreBuilder.java:processTables(161)) - Using default column profile:DBProfile.DISK for Table:keyTable
2019-09-17 10:06:52,354 [main] INFO  db.DBStoreBuilder (DBStoreBuilder.java:addTable(110)) - using custom profile for table: deletedTable
2019-09-17 10:06:52,354 [main] INFO  db.DBStoreBuilder (DBStoreBuilder.java:processTables(161)) - Using default column profile:DBProfile.DISK for Table:deletedTable
2019-09-17 10:06:52,354 [main] INFO  db.DBStoreBuilder (DBStoreBuilder.java:addTable(110)) - using custom profile for table: openKeyTable
2019-09-17 10:06:52,354 [main] INFO  db.DBStoreBuilder (DBStoreBuilder.java:processTables(161)) - Using default column profile:DBProfile.DISK for Table:openKeyTable
2019-09-17 10:06:52,355 [main] INFO  db.DBStoreBuilder (DBStoreBuilder.java:addTable(110)) - using custom profile for table: s3Table
2019-09-17 10:06:52,355 [main] INFO  db.DBStoreBuilder (DBStoreBuilder.java:processTables(161)) - Using default column profile:DBProfile.DISK for Table:s3Table
2019-09-17 10:06:52,355 [main] INFO  db.DBStoreBuilder (DBStoreBuilder.java:addTable(110)) - using custom profile for table: multipartInfoTable
2019-09-17 10:06:52,355 [main] INFO  db.DBStoreBuilder (DBStoreBuilder.java:processTables(161)) - Using default column profile:DBProfile.DISK for Table:multipartInfoTable
2019-09-17 10:06:52,356 [main] INFO  db.DBStoreBuilder (DBStoreBuilder.java:addTable(110)) - using custom profile for table: dTokenTable
2019-09-17 10:06:52,356 [main] INFO  db.DBStoreBuilder (DBStoreBuilder.java:processTables(161)) - Using default column profile:DBProfile.DISK for Table:dTokenTable
2019-09-17 10:06:52,356 [main] INFO  db.DBStoreBuilder (DBStoreBuilder.java:addTable(110)) - using custom profile for table: s3SecretTable
2019-09-17 10:06:52,356 [main] INFO  db.DBStoreBuilder (DBStoreBuilder.java:processTables(161)) - Using default column profile:DBProfile.DISK for Table:s3SecretTable
2019-09-17 10:06:52,357 [main] INFO  db.DBStoreBuilder (DBStoreBuilder.java:addTable(110)) - using custom profile for table: prefixTable
2019-09-17 10:06:52,357 [main] INFO  db.DBStoreBuilder (DBStoreBuilder.java:processTables(161)) - Using default column profile:DBProfile.DISK for Table:prefixTable
2019-09-17 10:06:52,357 [main] INFO  db.DBStoreBuilder (DBStoreBuilder.java:addTable(110)) - using custom profile for table: default
2019-09-17 10:06:52,357 [main] INFO  db.DBStoreBuilder (DBStoreBuilder.java:processTables(167)) - Using default column profile:DBProfile.DISK for Table:default
2019-09-17 10:06:52,358 [main] INFO  db.DBStoreBuilder (DBStoreBuilder.java:getDbProfile(198)) - Using default options. DBProfile.DISK
2019-09-17 10:06:52,886 [main] INFO  ipc.CallQueueManager (CallQueueManager.java:<init>(84)) - Using callQueue: class java.util.concurrent.LinkedBlockingQueue, queueCapacity: 2000, scheduler: class org.apache.hadoop.ipc.DefaultRpcScheduler, ipcBackoff: false.
2019-09-17 10:06:52,887 [Socket Reader #1 for port 37973] INFO  ipc.Server (Server.java:run(1074)) - Starting Socket Reader #1 for port 37973
2019-09-17 10:06:52,909 [main] INFO  om.OzoneManager (OzoneManager.java:start(1240)) - OzoneManager RPC server is listening at localhost/127.0.0.1:37973
2019-09-17 10:06:52,909 [main] INFO  impl.MetricsSystemImpl (MetricsSystemImpl.java:init(158)) - OzoneManager metrics system started (again)
2019-09-17 10:06:52,910 [IPC Server Responder] INFO  ipc.Server (Server.java:run(1314)) - IPC Server Responder: starting
2019-09-17 10:06:52,911 [IPC Server listener on 37973] INFO  ipc.Server (Server.java:run(1153)) - IPC Server listener on 37973: starting
2019-09-17 10:06:52,916 [main] INFO  hdfs.DFSUtil (DFSUtil.java:httpServerTemplateForNNAndJN(1641)) - Starting Web-server for ozoneManager at: http://0.0.0.0:0
2019-09-17 10:06:52,919 [main] INFO  server.AuthenticationFilter (AuthenticationFilter.java:constructSecretProvider(240)) - Unable to initialize FileSignerSecretProvider, falling back to use random secrets.
2019-09-17 10:06:52,920 [main] WARN  http.HttpRequestLog (HttpRequestLog.java:getRequestLog(97)) - Jetty request log can only be enabled using Log4j
2019-09-17 10:06:52,923 [main] INFO  http.HttpServer2 (HttpServer2.java:addGlobalFilter(975)) - Added global filter 'safety' (class=org.apache.hadoop.http.HttpServer2$QuotingInputFilter)
2019-09-17 10:06:52,925 [main] INFO  http.HttpServer2 (HttpServer2.java:addFilter(948)) - Added filter static_user_filter (class=org.apache.hadoop.http.lib.StaticUserWebFilter$StaticUserFilter) to context ozoneManager
2019-09-17 10:06:52,925 [main] INFO  http.HttpServer2 (HttpServer2.java:addFilter(958)) - Added filter static_user_filter (class=org.apache.hadoop.http.lib.StaticUserWebFilter$StaticUserFilter) to context logs
2019-09-17 10:06:52,926 [main] INFO  http.HttpServer2 (HttpServer2.java:addFilter(958)) - Added filter static_user_filter (class=org.apache.hadoop.http.lib.StaticUserWebFilter$StaticUserFilter) to context static
2019-09-17 10:06:52,930 [main] INFO  http.HttpServer2 (HttpServer2.java:bindListener(1191)) - Jetty bound to port 39509
2019-09-17 10:06:52,930 [main] INFO  server.Server (Server.java:doStart(351)) - jetty-9.3.24.v20180605, build timestamp: 2018-06-05T17:11:56Z, git hash: 84205aa28f11a4f31f2a3b86d1bba2cc8ab69827
2019-09-17 10:06:52,933 [main] INFO  handler.ContextHandler (ContextHandler.java:doStart(781)) - Started o.e.j.s.ServletContextHandler@6c37bd27{/logs,file:///workdir/hadoop-ozone/integration-test/target/log,AVAILABLE}
2019-09-17 10:06:52,935 [main] INFO  handler.ContextHandler (ContextHandler.java:doStart(781)) - Started o.e.j.s.ServletContextHandler@30331109{/static,file:///workdir/hadoop-ozone/integration-test/target/test-classes/webapps/static,AVAILABLE}
2019-09-17 10:06:52,945 [main] INFO  handler.ContextHandler (ContextHandler.java:doStart(781)) - Started o.e.j.w.WebAppContext@66e889df{/,file:///workdir/hadoop-ozone/integration-test/target/test-classes/webapps/ozoneManager/,AVAILABLE}{/ozoneManager}
2019-09-17 10:06:52,946 [main] INFO  server.AbstractConnector (AbstractConnector.java:doStart(278)) - Started ServerConnector@444548a0{HTTP/1.1,[http/1.1]}{0.0.0.0:39509}
2019-09-17 10:06:52,948 [main] INFO  server.Server (Server.java:doStart(419)) - Started @4510ms
2019-09-17 10:06:52,948 [main] WARN  impl.MetricsSystemImpl (MetricsSystemImpl.java:register(276)) - Sink prometheus already exists!
2019-09-17 10:06:52,949 [main] INFO  server.BaseHttpServer (BaseHttpServer.java:updateConnectorAddress(215)) - HTTP server of OZONEMANAGER is listening at http://0.0.0.0:39509
2019-09-17 10:06:53,336 [main] INFO  impl.MetricsSystemImpl (MetricsSystemImpl.java:init(158)) - HddsDatanode metrics system started (again)
2019-09-17 10:06:53,392 [main] INFO  ozone.HddsDatanodeService (HddsDatanodeService.java:start(184)) - HddsDatanodeService host:pr-hdds-2110-rdjw6-11158954 ip:192.168.34.37
2019-09-17 10:06:53,426 [main] INFO  volume.HddsVolume (HddsVolume.java:<init>(176)) - Creating Volume: /workdir/hadoop-ozone/integration-test/target/test-dir/MiniOzoneClusterImpl-99e3a453-5364-4b0b-a752-7eb5dbce83dc/datanode-0/data/containers/hdds of  storage type : DISK and capacity : 1482555576320
2019-09-17 10:06:53,428 [main] INFO  volume.VolumeSet (VolumeSet.java:initializeVolumeSet(170)) - Added Volume : /workdir/hadoop-ozone/integration-test/target/test-dir/MiniOzoneClusterImpl-99e3a453-5364-4b0b-a752-7eb5dbce83dc/datanode-0/data/containers/hdds to VolumeSet
2019-09-17 10:06:53,431 [main] INFO  volume.ThrottledAsyncChecker (ThrottledAsyncChecker.java:schedule(139)) - Scheduling a check for org.apache.hadoop.ozone.container.common.volume.HddsVolume@3c6aa04a
2019-09-17 10:06:53,450 [main] INFO  volume.HddsVolumeChecker (HddsVolumeChecker.java:checkAllVolumes(202)) - Scheduled health check for volume org.apache.hadoop.ozone.container.common.volume.HddsVolume@3c6aa04a
2019-09-17 10:06:53,564 [main] INFO  impl.RaftServerProxy (ConfUtils.java:logGet(43)) - raft.rpc.type = GRPC (default)
2019-09-17 10:06:53,637 [main] INFO  grpc.GrpcFactory (GrpcFactory.java:checkPooledByteBufAllocatorUseCacheForAllThreads(45)) - PERFORMANCE WARNING: useCacheForAllThreads is true that may cause Netty to create a lot garbage objects and, as a result, trigger GC.
	It is recommended to disable useCacheForAllThreads by setting -Dorg.apache.ratis.thirdparty.io.netty.allocator.useCacheForAllThreads=false in command line.
2019-09-17 10:06:53,642 [main] INFO  grpc.GrpcConfigKeys$Server (ConfUtils.java:logGet(43)) - raft.grpc.server.port = 0 (default)
2019-09-17 10:06:53,643 [main] INFO  server.GrpcService (ConfUtils.java:logGet(43)) - raft.grpc.message.size.max = 33570816 (custom)
2019-09-17 10:06:53,644 [main] INFO  server.RaftServerConfigKeys (ConfUtils.java:logGet(43)) - raft.server.log.appender.buffer.byte-limit = 33554432 (custom)
2019-09-17 10:06:53,645 [main] INFO  server.GrpcService (ConfUtils.java:logGet(43)) - raft.grpc.flow.control.window = 1MB (=1048576) (default)
2019-09-17 10:06:53,646 [main] INFO  server.RaftServerConfigKeys (ConfUtils.java:logGet(43)) - raft.server.rpc.request.timeout = 3000ms (default)
2019-09-17 10:06:53,815 [main] INFO  server.RaftServerConfigKeys (ConfUtils.java:logGet(43)) - raft.server.storage.dir = [/workdir/hadoop-ozone/integration-test/target/test-dir/MiniOzoneClusterImpl-99e3a453-5364-4b0b-a752-7eb5dbce83dc/datanode-0/data/ratis] (custom)
2019-09-17 10:06:53,873 [main] INFO  hdfs.DFSUtil (DFSUtil.java:httpServerTemplateForNNAndJN(1641)) - Starting Web-server for hddsDatanode at: http://0.0.0.0:0
2019-09-17 10:06:53,877 [main] INFO  server.AuthenticationFilter (AuthenticationFilter.java:constructSecretProvider(240)) - Unable to initialize FileSignerSecretProvider, falling back to use random secrets.
2019-09-17 10:06:53,877 [main] WARN  http.HttpRequestLog (HttpRequestLog.java:getRequestLog(97)) - Jetty request log can only be enabled using Log4j
2019-09-17 10:06:53,881 [main] INFO  http.HttpServer2 (HttpServer2.java:addGlobalFilter(975)) - Added global filter 'safety' (class=org.apache.hadoop.http.HttpServer2$QuotingInputFilter)
2019-09-17 10:06:53,882 [main] INFO  http.HttpServer2 (HttpServer2.java:addFilter(948)) - Added filter static_user_filter (class=org.apache.hadoop.http.lib.StaticUserWebFilter$StaticUserFilter) to context hddsDatanode
2019-09-17 10:06:53,882 [main] INFO  http.HttpServer2 (HttpServer2.java:addFilter(958)) - Added filter static_user_filter (class=org.apache.hadoop.http.lib.StaticUserWebFilter$StaticUserFilter) to context logs
2019-09-17 10:06:53,882 [main] INFO  http.HttpServer2 (HttpServer2.java:addFilter(958)) - Added filter static_user_filter (class=org.apache.hadoop.http.lib.StaticUserWebFilter$StaticUserFilter) to context static
2019-09-17 10:06:53,884 [main] INFO  http.HttpServer2 (HttpServer2.java:bindListener(1191)) - Jetty bound to port 46017
2019-09-17 10:06:53,884 [main] INFO  server.Server (Server.java:doStart(351)) - jetty-9.3.24.v20180605, build timestamp: 2018-06-05T17:11:56Z, git hash: 84205aa28f11a4f31f2a3b86d1bba2cc8ab69827
2019-09-17 10:06:53,887 [main] INFO  handler.ContextHandler (ContextHandler.java:doStart(781)) - Started o.e.j.s.ServletContextHandler@38d17d80{/logs,file:///workdir/hadoop-ozone/integration-test/target/log,AVAILABLE}
2019-09-17 10:06:53,888 [main] INFO  handler.ContextHandler (ContextHandler.java:doStart(781)) - Started o.e.j.s.ServletContextHandler@66273da0{/static,jar:file:/home/user/.m2/repository/org/apache/hadoop/hadoop-hdds-container-service/0.5.0-SNAPSHOT/hadoop-hdds-container-service-0.5.0-SNAPSHOT.jar!/webapps/static,AVAILABLE}
2019-09-17 10:06:53,931 [main] INFO  handler.ContextHandler (ContextHandler.java:doStart(781)) - Started o.e.j.w.WebAppContext@26f46fa6{/,file:///tmp/jetty-0.0.0.0-46017-hddsDatanode-_-any-1018676191409236334.dir/webapp/,AVAILABLE}{/hddsDatanode}
2019-09-17 10:06:53,932 [main] INFO  server.AbstractConnector (AbstractConnector.java:doStart(278)) - Started ServerConnector@227a47{HTTP/1.1,[http/1.1]}{0.0.0.0:46017}
2019-09-17 10:06:53,933 [main] INFO  server.Server (Server.java:doStart(419)) - Started @5495ms
2019-09-17 10:06:53,933 [main] WARN  impl.MetricsSystemImpl (MetricsSystemImpl.java:register(276)) - Sink prometheus already exists!
2019-09-17 10:06:53,934 [main] INFO  server.BaseHttpServer (BaseHttpServer.java:updateConnectorAddress(215)) - HTTP server of HDDSDATANODE is listening at http://0.0.0.0:46017
2019-09-17 10:06:53,935 [main] INFO  impl.MetricsSystemImpl (MetricsSystemImpl.java:init(158)) - HddsDatanode metrics system started (again)
2019-09-17 10:06:53,938 [main] INFO  ozone.HddsDatanodeService (HddsDatanodeService.java:start(184)) - HddsDatanodeService host:pr-hdds-2110-rdjw6-11158954 ip:192.168.34.37
2019-09-17 10:06:53,941 [org.apache.hadoop.util.JvmPauseMonitor$Monitor@7af5808e] INFO  util.JvmPauseMonitor (JvmPauseMonitor.java:run(188)) - Starting JVM pause monitor
2019-09-17 10:06:53,945 [main] INFO  volume.HddsVolume (HddsVolume.java:<init>(176)) - Creating Volume: /workdir/hadoop-ozone/integration-test/target/test-dir/MiniOzoneClusterImpl-99e3a453-5364-4b0b-a752-7eb5dbce83dc/datanode-1/data/containers/hdds of  storage type : DISK and capacity : 1482555576320
2019-09-17 10:06:53,946 [main] INFO  volume.VolumeSet (VolumeSet.java:initializeVolumeSet(170)) - Added Volume : /workdir/hadoop-ozone/integration-test/target/test-dir/MiniOzoneClusterImpl-99e3a453-5364-4b0b-a752-7eb5dbce83dc/datanode-1/data/containers/hdds to VolumeSet
2019-09-17 10:06:53,946 [main] INFO  volume.ThrottledAsyncChecker (ThrottledAsyncChecker.java:schedule(139)) - Scheduling a check for org.apache.hadoop.ozone.container.common.volume.HddsVolume@a66e580
2019-09-17 10:06:53,947 [main] INFO  volume.HddsVolumeChecker (HddsVolumeChecker.java:checkAllVolumes(202)) - Scheduled health check for volume org.apache.hadoop.ozone.container.common.volume.HddsVolume@a66e580
2019-09-17 10:06:53,960 [main] INFO  impl.RaftServerProxy (ConfUtils.java:logGet(43)) - raft.rpc.type = GRPC (default)
2019-09-17 10:06:53,960 [main] INFO  grpc.GrpcFactory (GrpcFactory.java:checkPooledByteBufAllocatorUseCacheForAllThreads(45)) - PERFORMANCE WARNING: useCacheForAllThreads is true that may cause Netty to create a lot garbage objects and, as a result, trigger GC.
	It is recommended to disable useCacheForAllThreads by setting -Dorg.apache.ratis.thirdparty.io.netty.allocator.useCacheForAllThreads=false in command line.
2019-09-17 10:06:53,961 [main] INFO  grpc.GrpcConfigKeys$Server (ConfUtils.java:logGet(43)) - raft.grpc.server.port = 0 (default)
2019-09-17 10:06:53,961 [main] INFO  server.GrpcService (ConfUtils.java:logGet(43)) - raft.grpc.message.size.max = 33570816 (custom)
2019-09-17 10:06:53,961 [main] INFO  server.RaftServerConfigKeys (ConfUtils.java:logGet(43)) - raft.server.log.appender.buffer.byte-limit = 33554432 (custom)
2019-09-17 10:06:53,961 [main] INFO  server.GrpcService (ConfUtils.java:logGet(43)) - raft.grpc.flow.control.window = 1MB (=1048576) (default)
2019-09-17 10:06:53,962 [main] INFO  server.RaftServerConfigKeys (ConfUtils.java:logGet(43)) - raft.server.rpc.request.timeout = 3000ms (default)
2019-09-17 10:06:53,962 [main] INFO  server.RaftServerConfigKeys (ConfUtils.java:logGet(43)) - raft.server.storage.dir = [/workdir/hadoop-ozone/integration-test/target/test-dir/MiniOzoneClusterImpl-99e3a453-5364-4b0b-a752-7eb5dbce83dc/datanode-1/data/ratis] (custom)
2019-09-17 10:06:53,964 [main] INFO  hdfs.DFSUtil (DFSUtil.java:httpServerTemplateForNNAndJN(1641)) - Starting Web-server for hddsDatanode at: http://0.0.0.0:0
2019-09-17 10:06:53,965 [main] INFO  server.AuthenticationFilter (AuthenticationFilter.java:constructSecretProvider(240)) - Unable to initialize FileSignerSecretProvider, falling back to use random secrets.
2019-09-17 10:06:53,966 [main] WARN  http.HttpRequestLog (HttpRequestLog.java:getRequestLog(97)) - Jetty request log can only be enabled using Log4j
2019-09-17 10:06:53,968 [main] INFO  http.HttpServer2 (HttpServer2.java:addGlobalFilter(975)) - Added global filter 'safety' (class=org.apache.hadoop.http.HttpServer2$QuotingInputFilter)
2019-09-17 10:06:53,968 [main] INFO  http.HttpServer2 (HttpServer2.java:addFilter(948)) - Added filter static_user_filter (class=org.apache.hadoop.http.lib.StaticUserWebFilter$StaticUserFilter) to context hddsDatanode
2019-09-17 10:06:53,968 [main] INFO  http.HttpServer2 (HttpServer2.java:addFilter(958)) - Added filter static_user_filter (class=org.apache.hadoop.http.lib.StaticUserWebFilter$StaticUserFilter) to context logs
2019-09-17 10:06:53,969 [main] INFO  http.HttpServer2 (HttpServer2.java:addFilter(958)) - Added filter static_user_filter (class=org.apache.hadoop.http.lib.StaticUserWebFilter$StaticUserFilter) to context static
2019-09-17 10:06:53,969 [main] INFO  http.HttpServer2 (HttpServer2.java:bindListener(1191)) - Jetty bound to port 38989
2019-09-17 10:06:53,969 [main] INFO  server.Server (Server.java:doStart(351)) - jetty-9.3.24.v20180605, build timestamp: 2018-06-05T17:11:56Z, git hash: 84205aa28f11a4f31f2a3b86d1bba2cc8ab69827
2019-09-17 10:06:53,973 [main] INFO  handler.ContextHandler (ContextHandler.java:doStart(781)) - Started o.e.j.s.ServletContextHandler@5bc28f40{/logs,file:///workdir/hadoop-ozone/integration-test/target/log,AVAILABLE}
2019-09-17 10:06:53,974 [main] INFO  handler.ContextHandler (ContextHandler.java:doStart(781)) - Started o.e.j.s.ServletContextHandler@7e74a380{/static,jar:file:/home/user/.m2/repository/org/apache/hadoop/hadoop-hdds-container-service/0.5.0-SNAPSHOT/hadoop-hdds-container-service-0.5.0-SNAPSHOT.jar!/webapps/static,AVAILABLE}
2019-09-17 10:06:54,008 [main] INFO  handler.ContextHandler (ContextHandler.java:doStart(781)) - Started o.e.j.w.WebAppContext@5679e96b{/,file:///tmp/jetty-0.0.0.0-38989-hddsDatanode-_-any-337565715925129588.dir/webapp/,AVAILABLE}{/hddsDatanode}
2019-09-17 10:06:54,010 [main] INFO  server.AbstractConnector (AbstractConnector.java:doStart(278)) - Started ServerConnector@3ed7821{HTTP/1.1,[http/1.1]}{0.0.0.0:38989}
2019-09-17 10:06:54,011 [main] INFO  server.Server (Server.java:doStart(419)) - Started @5573ms
2019-09-17 10:06:54,011 [main] WARN  impl.MetricsSystemImpl (MetricsSystemImpl.java:register(276)) - Sink prometheus already exists!
2019-09-17 10:06:54,012 [main] INFO  server.BaseHttpServer (BaseHttpServer.java:updateConnectorAddress(215)) - HTTP server of HDDSDATANODE is listening at http://0.0.0.0:38989
2019-09-17 10:06:54,013 [main] INFO  impl.MetricsSystemImpl (MetricsSystemImpl.java:init(158)) - HddsDatanode metrics system started (again)
2019-09-17 10:06:54,015 [org.apache.hadoop.util.JvmPauseMonitor$Monitor@167319f9] INFO  util.JvmPauseMonitor (JvmPauseMonitor.java:run(188)) - Starting JVM pause monitor
2019-09-17 10:06:54,017 [main] INFO  ozone.HddsDatanodeService (HddsDatanodeService.java:start(184)) - HddsDatanodeService host:pr-hdds-2110-rdjw6-11158954 ip:192.168.34.37
2019-09-17 10:06:54,025 [main] INFO  volume.HddsVolume (HddsVolume.java:<init>(176)) - Creating Volume: /workdir/hadoop-ozone/integration-test/target/test-dir/MiniOzoneClusterImpl-99e3a453-5364-4b0b-a752-7eb5dbce83dc/datanode-2/data/containers/hdds of  storage type : DISK and capacity : 1482555576320
2019-09-17 10:06:54,025 [main] INFO  volume.VolumeSet (VolumeSet.java:initializeVolumeSet(170)) - Added Volume : /workdir/hadoop-ozone/integration-test/target/test-dir/MiniOzoneClusterImpl-99e3a453-5364-4b0b-a752-7eb5dbce83dc/datanode-2/data/containers/hdds to VolumeSet
2019-09-17 10:06:54,025 [main] INFO  volume.ThrottledAsyncChecker (ThrottledAsyncChecker.java:schedule(139)) - Scheduling a check for org.apache.hadoop.ozone.container.common.volume.HddsVolume@5e519ad3
2019-09-17 10:06:54,026 [main] INFO  volume.HddsVolumeChecker (HddsVolumeChecker.java:checkAllVolumes(202)) - Scheduled health check for volume org.apache.hadoop.ozone.container.common.volume.HddsVolume@5e519ad3
2019-09-17 10:06:54,049 [main] INFO  impl.RaftServerProxy (ConfUtils.java:logGet(43)) - raft.rpc.type = GRPC (default)
2019-09-17 10:06:54,049 [main] INFO  grpc.GrpcFactory (GrpcFactory.java:checkPooledByteBufAllocatorUseCacheForAllThreads(45)) - PERFORMANCE WARNING: useCacheForAllThreads is true that may cause Netty to create a lot garbage objects and, as a result, trigger GC.
	It is recommended to disable useCacheForAllThreads by setting -Dorg.apache.ratis.thirdparty.io.netty.allocator.useCacheForAllThreads=false in command line.
2019-09-17 10:06:54,049 [main] INFO  grpc.GrpcConfigKeys$Server (ConfUtils.java:logGet(43)) - raft.grpc.server.port = 0 (default)
2019-09-17 10:06:54,050 [main] INFO  server.GrpcService (ConfUtils.java:logGet(43)) - raft.grpc.message.size.max = 33570816 (custom)
2019-09-17 10:06:54,050 [main] INFO  server.RaftServerConfigKeys (ConfUtils.java:logGet(43)) - raft.server.log.appender.buffer.byte-limit = 33554432 (custom)
2019-09-17 10:06:54,051 [main] INFO  server.GrpcService (ConfUtils.java:logGet(43)) - raft.grpc.flow.control.window = 1MB (=1048576) (default)
2019-09-17 10:06:54,051 [main] INFO  server.RaftServerConfigKeys (ConfUtils.java:logGet(43)) - raft.server.rpc.request.timeout = 3000ms (default)
2019-09-17 10:06:54,052 [main] INFO  server.RaftServerConfigKeys (ConfUtils.java:logGet(43)) - raft.server.storage.dir = [/workdir/hadoop-ozone/integration-test/target/test-dir/MiniOzoneClusterImpl-99e3a453-5364-4b0b-a752-7eb5dbce83dc/datanode-2/data/ratis] (custom)
2019-09-17 10:06:54,055 [main] INFO  hdfs.DFSUtil (DFSUtil.java:httpServerTemplateForNNAndJN(1641)) - Starting Web-server for hddsDatanode at: http://0.0.0.0:0
2019-09-17 10:06:54,057 [main] INFO  server.AuthenticationFilter (AuthenticationFilter.java:constructSecretProvider(240)) - Unable to initialize FileSignerSecretProvider, falling back to use random secrets.
2019-09-17 10:06:54,057 [main] WARN  http.HttpRequestLog (HttpRequestLog.java:getRequestLog(97)) - Jetty request log can only be enabled using Log4j
2019-09-17 10:06:54,059 [main] INFO  http.HttpServer2 (HttpServer2.java:addGlobalFilter(975)) - Added global filter 'safety' (class=org.apache.hadoop.http.HttpServer2$QuotingInputFilter)
2019-09-17 10:06:54,059 [main] INFO  http.HttpServer2 (HttpServer2.java:addFilter(948)) - Added filter static_user_filter (class=org.apache.hadoop.http.lib.StaticUserWebFilter$StaticUserFilter) to context hddsDatanode
2019-09-17 10:06:54,059 [main] INFO  http.HttpServer2 (HttpServer2.java:addFilter(958)) - Added filter static_user_filter (class=org.apache.hadoop.http.lib.StaticUserWebFilter$StaticUserFilter) to context logs
2019-09-17 10:06:54,060 [main] INFO  http.HttpServer2 (HttpServer2.java:addFilter(958)) - Added filter static_user_filter (class=org.apache.hadoop.http.lib.StaticUserWebFilter$StaticUserFilter) to context static
2019-09-17 10:06:54,060 [main] INFO  http.HttpServer2 (HttpServer2.java:bindListener(1191)) - Jetty bound to port 40647
2019-09-17 10:06:54,060 [main] INFO  server.Server (Server.java:doStart(351)) - jetty-9.3.24.v20180605, build timestamp: 2018-06-05T17:11:56Z, git hash: 84205aa28f11a4f31f2a3b86d1bba2cc8ab69827
2019-09-17 10:06:54,063 [main] INFO  handler.ContextHandler (ContextHandler.java:doStart(781)) - Started o.e.j.s.ServletContextHandler@7cbeac65{/logs,file:///workdir/hadoop-ozone/integration-test/target/log,AVAILABLE}
2019-09-17 10:06:54,064 [main] INFO  handler.ContextHandler (ContextHandler.java:doStart(781)) - Started o.e.j.s.ServletContextHandler@50850539{/static,jar:file:/home/user/.m2/repository/org/apache/hadoop/hadoop-hdds-container-service/0.5.0-SNAPSHOT/hadoop-hdds-container-service-0.5.0-SNAPSHOT.jar!/webapps/static,AVAILABLE}
2019-09-17 10:06:54,067 [Datanode State Machine Thread - 0] INFO  datanode.InitDatanodeState (InitDatanodeState.java:persistContainerDatanodeDetails(140)) - DatanodeDetails is persisted to /workdir/hadoop-ozone/integration-test/target/test-dir/MiniOzoneClusterImpl-99e3a453-5364-4b0b-a752-7eb5dbce83dc/datanode-0/meta/datanode.id
2019-09-17 10:06:54,071 [Datanode State Machine Thread - 0] INFO  datanode.InitDatanodeState (InitDatanodeState.java:persistContainerDatanodeDetails(140)) - DatanodeDetails is persisted to /workdir/hadoop-ozone/integration-test/target/test-dir/MiniOzoneClusterImpl-99e3a453-5364-4b0b-a752-7eb5dbce83dc/datanode-1/meta/datanode.id
2019-09-17 10:06:54,096 [main] INFO  handler.ContextHandler (ContextHandler.java:doStart(781)) - Started o.e.j.w.WebAppContext@5a6d30e2{/,file:///tmp/jetty-0.0.0.0-40647-hddsDatanode-_-any-4618676720822389727.dir/webapp/,AVAILABLE}{/hddsDatanode}
2019-09-17 10:06:54,098 [main] INFO  server.AbstractConnector (AbstractConnector.java:doStart(278)) - Started ServerConnector@b52b755{HTTP/1.1,[http/1.1]}{0.0.0.0:40647}
2019-09-17 10:06:54,098 [main] INFO  server.Server (Server.java:doStart(419)) - Started @5661ms
2019-09-17 10:06:54,099 [main] WARN  impl.MetricsSystemImpl (MetricsSystemImpl.java:register(276)) - Sink prometheus already exists!
2019-09-17 10:06:54,100 [main] INFO  server.BaseHttpServer (BaseHttpServer.java:updateConnectorAddress(215)) - HTTP server of HDDSDATANODE is listening at http://0.0.0.0:40647
2019-09-17 10:06:54,100 [main] INFO  impl.MetricsSystemImpl (MetricsSystemImpl.java:init(158)) - HddsDatanode metrics system started (again)
2019-09-17 10:06:54,103 [main] INFO  ozone.HddsDatanodeService (HddsDatanodeService.java:start(184)) - HddsDatanodeService host:pr-hdds-2110-rdjw6-11158954 ip:192.168.34.37
2019-09-17 10:06:54,103 [org.apache.hadoop.util.JvmPauseMonitor$Monitor@3d69bd19] INFO  util.JvmPauseMonitor (JvmPauseMonitor.java:run(188)) - Starting JVM pause monitor
2019-09-17 10:06:54,105 [Datanode State Machine Thread - 0] INFO  datanode.InitDatanodeState (InitDatanodeState.java:persistContainerDatanodeDetails(140)) - DatanodeDetails is persisted to /workdir/hadoop-ozone/integration-test/target/test-dir/MiniOzoneClusterImpl-99e3a453-5364-4b0b-a752-7eb5dbce83dc/datanode-2/meta/datanode.id
2019-09-17 10:06:54,110 [main] INFO  volume.HddsVolume (HddsVolume.java:<init>(176)) - Creating Volume: /workdir/hadoop-ozone/integration-test/target/test-dir/MiniOzoneClusterImpl-99e3a453-5364-4b0b-a752-7eb5dbce83dc/datanode-3/data/containers/hdds of  storage type : DISK and capacity : 1482555576320
2019-09-17 10:06:54,110 [main] INFO  volume.VolumeSet (VolumeSet.java:initializeVolumeSet(170)) - Added Volume : /workdir/hadoop-ozone/integration-test/target/test-dir/MiniOzoneClusterImpl-99e3a453-5364-4b0b-a752-7eb5dbce83dc/datanode-3/data/containers/hdds to VolumeSet
2019-09-17 10:06:54,111 [main] INFO  volume.ThrottledAsyncChecker (ThrottledAsyncChecker.java:schedule(139)) - Scheduling a check for org.apache.hadoop.ozone.container.common.volume.HddsVolume@59cda16e
2019-09-17 10:06:54,111 [main] INFO  volume.HddsVolumeChecker (HddsVolumeChecker.java:checkAllVolumes(202)) - Scheduled health check for volume org.apache.hadoop.ozone.container.common.volume.HddsVolume@59cda16e
2019-09-17 10:06:54,124 [main] INFO  impl.RaftServerProxy (ConfUtils.java:logGet(43)) - raft.rpc.type = GRPC (default)
2019-09-17 10:06:54,125 [main] INFO  grpc.GrpcFactory (GrpcFactory.java:checkPooledByteBufAllocatorUseCacheForAllThreads(45)) - PERFORMANCE WARNING: useCacheForAllThreads is true that may cause Netty to create a lot garbage objects and, as a result, trigger GC.
	It is recommended to disable useCacheForAllThreads by setting -Dorg.apache.ratis.thirdparty.io.netty.allocator.useCacheForAllThreads=false in command line.
2019-09-17 10:06:54,125 [main] INFO  grpc.GrpcConfigKeys$Server (ConfUtils.java:logGet(43)) - raft.grpc.server.port = 0 (default)
2019-09-17 10:06:54,125 [main] INFO  server.GrpcService (ConfUtils.java:logGet(43)) - raft.grpc.message.size.max = 33570816 (custom)
2019-09-17 10:06:54,125 [main] INFO  server.RaftServerConfigKeys (ConfUtils.java:logGet(43)) - raft.server.log.appender.buffer.byte-limit = 33554432 (custom)
2019-09-17 10:06:54,126 [main] INFO  server.GrpcService (ConfUtils.java:logGet(43)) - raft.grpc.flow.control.window = 1MB (=1048576) (default)
2019-09-17 10:06:54,126 [main] INFO  server.RaftServerConfigKeys (ConfUtils.java:logGet(43)) - raft.server.rpc.request.timeout = 3000ms (default)
2019-09-17 10:06:54,126 [main] INFO  server.RaftServerConfigKeys (ConfUtils.java:logGet(43)) - raft.server.storage.dir = [/workdir/hadoop-ozone/integration-test/target/test-dir/MiniOzoneClusterImpl-99e3a453-5364-4b0b-a752-7eb5dbce83dc/datanode-3/data/ratis] (custom)
2019-09-17 10:06:54,128 [main] INFO  hdfs.DFSUtil (DFSUtil.java:httpServerTemplateForNNAndJN(1641)) - Starting Web-server for hddsDatanode at: http://0.0.0.0:0
2019-09-17 10:06:54,130 [main] INFO  server.AuthenticationFilter (AuthenticationFilter.java:constructSecretProvider(240)) - Unable to initialize FileSignerSecretProvider, falling back to use random secrets.
2019-09-17 10:06:54,130 [main] WARN  http.HttpRequestLog (HttpRequestLog.java:getRequestLog(97)) - Jetty request log can only be enabled using Log4j
2019-09-17 10:06:54,132 [main] INFO  http.HttpServer2 (HttpServer2.java:addGlobalFilter(975)) - Added global filter 'safety' (class=org.apache.hadoop.http.HttpServer2$QuotingInputFilter)
2019-09-17 10:06:54,132 [main] INFO  http.HttpServer2 (HttpServer2.java:addFilter(948)) - Added filter static_user_filter (class=org.apache.hadoop.http.lib.StaticUserWebFilter$StaticUserFilter) to context hddsDatanode
2019-09-17 10:06:54,132 [main] INFO  http.HttpServer2 (HttpServer2.java:addFilter(958)) - Added filter static_user_filter (class=org.apache.hadoop.http.lib.StaticUserWebFilter$StaticUserFilter) to context static
2019-09-17 10:06:54,132 [main] INFO  http.HttpServer2 (HttpServer2.java:addFilter(958)) - Added filter static_user_filter (class=org.apache.hadoop.http.lib.StaticUserWebFilter$StaticUserFilter) to context logs
2019-09-17 10:06:54,133 [main] INFO  http.HttpServer2 (HttpServer2.java:bindListener(1191)) - Jetty bound to port 39547
2019-09-17 10:06:54,133 [main] INFO  server.Server (Server.java:doStart(351)) - jetty-9.3.24.v20180605, build timestamp: 2018-06-05T17:11:56Z, git hash: 84205aa28f11a4f31f2a3b86d1bba2cc8ab69827
2019-09-17 10:06:54,137 [main] INFO  handler.ContextHandler (ContextHandler.java:doStart(781)) - Started o.e.j.s.ServletContextHandler@6540cf1d{/logs,file:///workdir/hadoop-ozone/integration-test/target/log,AVAILABLE}
2019-09-17 10:06:54,137 [main] INFO  handler.ContextHandler (ContextHandler.java:doStart(781)) - Started o.e.j.s.ServletContextHandler@bc042d5{/static,jar:file:/home/user/.m2/repository/org/apache/hadoop/hadoop-hdds-container-service/0.5.0-SNAPSHOT/hadoop-hdds-container-service-0.5.0-SNAPSHOT.jar!/webapps/static,AVAILABLE}
2019-09-17 10:06:54,172 [main] INFO  handler.ContextHandler (ContextHandler.java:doStart(781)) - Started o.e.j.w.WebAppContext@5634d0f4{/,file:///tmp/jetty-0.0.0.0-39547-hddsDatanode-_-any-314833162929239201.dir/webapp/,AVAILABLE}{/hddsDatanode}
2019-09-17 10:06:54,174 [main] INFO  server.AbstractConnector (AbstractConnector.java:doStart(278)) - Started ServerConnector@252a8aae{HTTP/1.1,[http/1.1]}{0.0.0.0:39547}
2019-09-17 10:06:54,175 [main] INFO  server.Server (Server.java:doStart(419)) - Started @5737ms
2019-09-17 10:06:54,175 [main] WARN  impl.MetricsSystemImpl (MetricsSystemImpl.java:register(276)) - Sink prometheus already exists!
2019-09-17 10:06:54,176 [main] INFO  server.BaseHttpServer (BaseHttpServer.java:updateConnectorAddress(215)) - HTTP server of HDDSDATANODE is listening at http://0.0.0.0:39547
2019-09-17 10:06:54,179 [main] INFO  ozone.MiniOzoneClusterImpl (MiniOzoneClusterImpl.java:lambda$waitForClusterToBeReady$0(140)) - Waiting for cluster to be ready. Got 0 of 4 DN Heartbeats.
2019-09-17 10:06:54,180 [org.apache.hadoop.util.JvmPauseMonitor$Monitor@5defae21] INFO  util.JvmPauseMonitor (JvmPauseMonitor.java:run(188)) - Starting JVM pause monitor
2019-09-17 10:06:54,182 [Datanode State Machine Thread - 0] INFO  datanode.InitDatanodeState (InitDatanodeState.java:persistContainerDatanodeDetails(140)) - DatanodeDetails is persisted to /workdir/hadoop-ozone/integration-test/target/test-dir/MiniOzoneClusterImpl-99e3a453-5364-4b0b-a752-7eb5dbce83dc/datanode-3/meta/datanode.id
2019-09-17 10:06:55,179 [main] INFO  ozone.MiniOzoneClusterImpl (MiniOzoneClusterImpl.java:lambda$waitForClusterToBeReady$0(140)) - Waiting for cluster to be ready. Got 0 of 4 DN Heartbeats.
2019-09-17 10:06:55,993 [Datanode State Machine Thread - 0] INFO  ozoneimpl.OzoneContainer (OzoneContainer.java:start(217)) - Attempting to start container services.
2019-09-17 10:06:55,996 [Datanode State Machine Thread - 0] INFO  ozoneimpl.OzoneContainer (OzoneContainer.java:startContainerScrub(179)) - Background container scanner has been disabled.
2019-09-17 10:06:55,996 [Datanode State Machine Thread - 0] INFO  ratis.XceiverServerRatis (XceiverServerRatis.java:start(404)) - Starting XceiverServerRatis 01ddd04e-873c-47a2-843b-0bba86a87443 at port 0
2019-09-17 10:06:56,020 [Datanode State Machine Thread - 0] INFO  impl.RaftServerProxy (RaftServerProxy.java:lambda$start$3(299)) - 01ddd04e-873c-47a2-843b-0bba86a87443: start RPC server
2019-09-17 10:06:56,032 [Datanode State Machine Thread - 0] INFO  ozoneimpl.OzoneContainer (OzoneContainer.java:start(217)) - Attempting to start container services.
2019-09-17 10:06:56,035 [Datanode State Machine Thread - 0] INFO  ozoneimpl.OzoneContainer (OzoneContainer.java:startContainerScrub(179)) - Background container scanner has been disabled.
2019-09-17 10:06:56,036 [Datanode State Machine Thread - 0] INFO  ratis.XceiverServerRatis (XceiverServerRatis.java:start(404)) - Starting XceiverServerRatis d65c2122-76ad-4590-8bd5-4069304cd132 at port 0
2019-09-17 10:06:56,046 [Datanode State Machine Thread - 0] INFO  impl.RaftServerProxy (RaftServerProxy.java:lambda$start$3(299)) - d65c2122-76ad-4590-8bd5-4069304cd132: start RPC server
2019-09-17 10:06:56,119 [Datanode State Machine Thread - 0] INFO  ozoneimpl.OzoneContainer (OzoneContainer.java:start(217)) - Attempting to start container services.
2019-09-17 10:06:56,121 [Datanode State Machine Thread - 0] INFO  ozoneimpl.OzoneContainer (OzoneContainer.java:startContainerScrub(179)) - Background container scanner has been disabled.
2019-09-17 10:06:56,121 [Datanode State Machine Thread - 0] INFO  ratis.XceiverServerRatis (XceiverServerRatis.java:start(404)) - Starting XceiverServerRatis 0dd15b35-2362-4edc-a10a-41adb2053487 at port 0
2019-09-17 10:06:56,134 [Datanode State Machine Thread - 0] INFO  impl.RaftServerProxy (RaftServerProxy.java:lambda$start$3(299)) - 0dd15b35-2362-4edc-a10a-41adb2053487: start RPC server
2019-09-17 10:06:56,160 [Datanode State Machine Thread - 0] INFO  server.GrpcService (GrpcService.java:startImpl(158)) - 0dd15b35-2362-4edc-a10a-41adb2053487: GrpcService started, listening on 0.0.0.0/0.0.0.0:35653
2019-09-17 10:06:56,160 [Datanode State Machine Thread - 0] INFO  server.GrpcService (GrpcService.java:startImpl(158)) - d65c2122-76ad-4590-8bd5-4069304cd132: GrpcService started, listening on 0.0.0.0/0.0.0.0:45554
2019-09-17 10:06:56,160 [Datanode State Machine Thread - 0] INFO  server.GrpcService (GrpcService.java:startImpl(158)) - 01ddd04e-873c-47a2-843b-0bba86a87443: GrpcService started, listening on 0.0.0.0/0.0.0.0:36576
2019-09-17 10:06:56,161 [Datanode State Machine Thread - 0] INFO  ratis.XceiverServerRatis (XceiverServerRatis.java:start(414)) - XceiverServerRatis d65c2122-76ad-4590-8bd5-4069304cd132 is started using port 45554
2019-09-17 10:06:56,161 [Datanode State Machine Thread - 0] INFO  ratis.XceiverServerRatis (XceiverServerRatis.java:start(414)) - XceiverServerRatis 0dd15b35-2362-4edc-a10a-41adb2053487 is started using port 35653
2019-09-17 10:06:56,161 [Datanode State Machine Thread - 0] INFO  ratis.XceiverServerRatis (XceiverServerRatis.java:start(414)) - XceiverServerRatis 01ddd04e-873c-47a2-843b-0bba86a87443 is started using port 36576
2019-09-17 10:06:56,169 [Datanode State Machine Thread - 0] INFO  server.XceiverServerGrpc (XceiverServerGrpc.java:start(163)) - XceiverServerGrpc 0dd15b35-2362-4edc-a10a-41adb2053487 is started using port 37052
2019-09-17 10:06:56,169 [Datanode State Machine Thread - 0] INFO  server.XceiverServerGrpc (XceiverServerGrpc.java:start(163)) - XceiverServerGrpc d65c2122-76ad-4590-8bd5-4069304cd132 is started using port 38140
2019-09-17 10:06:56,170 [Datanode State Machine Thread - 0] INFO  server.XceiverServerGrpc (XceiverServerGrpc.java:start(163)) - XceiverServerGrpc 01ddd04e-873c-47a2-843b-0bba86a87443 is started using port 41548
2019-09-17 10:06:56,180 [main] INFO  ozone.MiniOzoneClusterImpl (MiniOzoneClusterImpl.java:lambda$waitForClusterToBeReady$0(140)) - Waiting for cluster to be ready. Got 0 of 4 DN Heartbeats.
2019-09-17 10:06:56,196 [Datanode State Machine Thread - 0] INFO  ozoneimpl.OzoneContainer (OzoneContainer.java:start(217)) - Attempting to start container services.
2019-09-17 10:06:56,198 [Datanode State Machine Thread - 0] INFO  ozoneimpl.OzoneContainer (OzoneContainer.java:startContainerScrub(179)) - Background container scanner has been disabled.
2019-09-17 10:06:56,198 [Datanode State Machine Thread - 0] INFO  ratis.XceiverServerRatis (XceiverServerRatis.java:start(404)) - Starting XceiverServerRatis 2d3bddf7-5e55-4833-926f-b331e5cd1612 at port 0
2019-09-17 10:06:56,203 [Datanode State Machine Thread - 0] INFO  impl.RaftServerProxy (RaftServerProxy.java:lambda$start$3(299)) - 2d3bddf7-5e55-4833-926f-b331e5cd1612: start RPC server
2019-09-17 10:06:56,206 [Datanode State Machine Thread - 0] INFO  server.GrpcService (GrpcService.java:startImpl(158)) - 2d3bddf7-5e55-4833-926f-b331e5cd1612: GrpcService started, listening on 0.0.0.0/0.0.0.0:43312
2019-09-17 10:06:56,206 [Datanode State Machine Thread - 0] INFO  ratis.XceiverServerRatis (XceiverServerRatis.java:start(414)) - XceiverServerRatis 2d3bddf7-5e55-4833-926f-b331e5cd1612 is started using port 43312
2019-09-17 10:06:56,209 [Datanode State Machine Thread - 0] INFO  server.XceiverServerGrpc (XceiverServerGrpc.java:start(163)) - XceiverServerGrpc 2d3bddf7-5e55-4833-926f-b331e5cd1612 is started using port 41954
2019-09-17 10:06:57,181 [main] INFO  ozone.MiniOzoneClusterImpl (MiniOzoneClusterImpl.java:lambda$waitForClusterToBeReady$0(140)) - Waiting for cluster to be ready. Got 0 of 4 DN Heartbeats.
2019-09-17 10:06:57,983 [IPC Server handler 3 on 45870] INFO  net.NetworkTopology (NetworkTopologyImpl.java:add(110)) - Added a new node: /default-rack/01ddd04e-873c-47a2-843b-0bba86a87443
2019-09-17 10:06:57,984 [IPC Server handler 3 on 45870] INFO  node.SCMNodeManager (SCMNodeManager.java:register(266)) - Registered Data node : 01ddd04e-873c-47a2-843b-0bba86a87443{ip: 192.168.34.37, host: pr-hdds-2110-rdjw6-11158954, networkLocation: /default-rack, certSerialId: null}
2019-09-17 10:06:57,990 [EventQueue-NodeRegistrationContainerReportForDataNodeSafeModeRule] INFO  safemode.SCMSafeModeManager (DataNodeSafeModeRule.java:process(71)) - SCM in safe mode. 1 DataNodes registered, 1 required.
2019-09-17 10:06:57,990 [EventQueue-NodeRegistrationContainerReportForDataNodeSafeModeRule] INFO  safemode.SCMSafeModeManager (SCMSafeModeManager.java:validateSafeModeExitRules(177)) - ScmSafeModeManager, all rules are successfully validated
2019-09-17 10:06:57,990 [EventQueue-NodeRegistrationContainerReportForDataNodeSafeModeRule] INFO  safemode.SCMSafeModeManager (SCMSafeModeManager.java:exitSafeMode(193)) - SCM exiting safe mode.
2019-09-17 10:06:58,017 [IPC Server handler 1 on 45870] INFO  net.NetworkTopology (NetworkTopologyImpl.java:add(110)) - Added a new node: /default-rack/d65c2122-76ad-4590-8bd5-4069304cd132
2019-09-17 10:06:58,017 [IPC Server handler 1 on 45870] INFO  node.SCMNodeManager (SCMNodeManager.java:register(266)) - Registered Data node : d65c2122-76ad-4590-8bd5-4069304cd132{ip: 192.168.34.37, host: pr-hdds-2110-rdjw6-11158954, networkLocation: /default-rack, certSerialId: null}
2019-09-17 10:06:58,106 [IPC Server handler 2 on 45870] INFO  net.NetworkTopology (NetworkTopologyImpl.java:add(110)) - Added a new node: /default-rack/0dd15b35-2362-4edc-a10a-41adb2053487
2019-09-17 10:06:58,107 [IPC Server handler 2 on 45870] INFO  node.SCMNodeManager (SCMNodeManager.java:register(266)) - Registered Data node : 0dd15b35-2362-4edc-a10a-41adb2053487{ip: 192.168.34.37, host: pr-hdds-2110-rdjw6-11158954, networkLocation: /default-rack, certSerialId: null}
2019-09-17 10:06:58,182 [main] INFO  ozone.MiniOzoneClusterImpl (MiniOzoneClusterImpl.java:lambda$waitForClusterToBeReady$0(140)) - Waiting for cluster to be ready. Got 3 of 4 DN Heartbeats.
2019-09-17 10:06:58,183 [IPC Server handler 4 on 45870] INFO  net.NetworkTopology (NetworkTopologyImpl.java:add(110)) - Added a new node: /default-rack/2d3bddf7-5e55-4833-926f-b331e5cd1612
2019-09-17 10:06:58,183 [IPC Server handler 4 on 45870] INFO  node.SCMNodeManager (SCMNodeManager.java:register(266)) - Registered Data node : 2d3bddf7-5e55-4833-926f-b331e5cd1612{ip: 192.168.34.37, host: pr-hdds-2110-rdjw6-11158954, networkLocation: /default-rack, certSerialId: null}
2019-09-17 10:06:58,457 [grpc-default-executor-0] INFO  impl.RaftServerProxy (RaftServerProxy.java:addNew(89)) - 01ddd04e-873c-47a2-843b-0bba86a87443: addNew group-D747C3920934:[01ddd04e-873c-47a2-843b-0bba86a87443:192.168.34.37:36576] returns group-D747C3920934:java.util.concurrent.CompletableFuture@751acc41[Not completed]
2019-09-17 10:06:58,477 [pool-27-thread-1] INFO  impl.RaftServerImpl (RaftServerImpl.java:<init>(95)) - 01ddd04e-873c-47a2-843b-0bba86a87443: new RaftServerImpl for group-D747C3920934:[01ddd04e-873c-47a2-843b-0bba86a87443:192.168.34.37:36576] with ContainerStateMachine:uninitialized
2019-09-17 10:06:58,480 [pool-27-thread-1] INFO  server.RaftServerConfigKeys (ConfUtils.java:logGet(43)) - raft.server.rpc.timeout.min = 5s (custom)
2019-09-17 10:06:58,481 [pool-27-thread-1] INFO  server.RaftServerConfigKeys (ConfUtils.java:logGet(43)) - raft.server.rpc.timeout.max = 5200ms (custom)
2019-09-17 10:06:58,482 [pool-27-thread-1] INFO  server.RaftServerConfigKeys (ConfUtils.java:logGet(43)) - raft.server.rpcslowness.timeout = 1000s (custom)
2019-09-17 10:06:58,482 [pool-27-thread-1] INFO  server.RaftServerConfigKeys (ConfUtils.java:logGet(43)) - raft.server.sleep.deviation.threshold = 300 (default)
2019-09-17 10:06:58,484 [pool-27-thread-1] INFO  server.RaftServerConfigKeys (ConfUtils.java:logGet(43)) - raft.server.log.appender.install.snapshot.enabled = false (custom)
2019-09-17 10:06:58,496 [pool-27-thread-1] INFO  impl.RaftServerImpl (ServerState.java:<init>(103)) - 01ddd04e-873c-47a2-843b-0bba86a87443@group-D747C3920934: ConfigurationManager, init=-1: [01ddd04e-873c-47a2-843b-0bba86a87443:192.168.34.37:36576], old=null, confs=<EMPTY_MAP>
2019-09-17 10:06:58,497 [pool-27-thread-1] INFO  server.RaftServerConfigKeys (ConfUtils.java:logGet(43)) - raft.server.storage.dir = [/workdir/hadoop-ozone/integration-test/target/test-dir/MiniOzoneClusterImpl-99e3a453-5364-4b0b-a752-7eb5dbce83dc/datanode-0/data/ratis] (custom)
2019-09-17 10:06:58,508 [pool-27-thread-1] INFO  storage.RaftStorageDirectory (RaftStorageDirectory.java:analyzeStorage(246)) - The storage directory /workdir/hadoop-ozone/integration-test/target/test-dir/MiniOzoneClusterImpl-99e3a453-5364-4b0b-a752-7eb5dbce83dc/datanode-0/data/ratis/cfcd86db-c2e0-4aa8-98ea-d747c3920934 does not exist. Creating ...
2019-09-17 10:06:58,528 [pool-27-thread-1] INFO  storage.RaftStorageDirectory (RaftStorageDirectory.java:tryLock(328)) - Lock on /workdir/hadoop-ozone/integration-test/target/test-dir/MiniOzoneClusterImpl-99e3a453-5364-4b0b-a752-7eb5dbce83dc/datanode-0/data/ratis/cfcd86db-c2e0-4aa8-98ea-d747c3920934/in_use.lock acquired by nodename 651@pr-hdds-2110-rdjw6-11158954
2019-09-17 10:06:58,543 [pool-27-thread-1] INFO  storage.RaftStorage (RaftStorage.java:format(72)) - Storage directory /workdir/hadoop-ozone/integration-test/target/test-dir/MiniOzoneClusterImpl-99e3a453-5364-4b0b-a752-7eb5dbce83dc/datanode-0/data/ratis/cfcd86db-c2e0-4aa8-98ea-d747c3920934 has been successfully formatted.
2019-09-17 10:06:58,547 [pool-27-thread-1] INFO  ratis.ContainerStateMachine (ContainerStateMachine.java:loadSnapshot(230)) - group-D747C3920934: The snapshot info is null. Setting the last applied indexto:(t:0, i:~)
2019-09-17 10:06:58,547 [pool-27-thread-1] INFO  server.RaftServerConfigKeys (ConfUtils.java:logGet(43)) - raft.server.notification.no-leader.timeout = 1000s (custom)
2019-09-17 10:06:58,549 [pool-27-thread-1] INFO  server.RaftServerConfigKeys (ConfUtils.java:logGet(43)) - raft.server.log.use.memory = false (default)
2019-09-17 10:06:58,554 [pool-27-thread-1] INFO  server.RaftServerConfigKeys (ConfUtils.java:logGet(43)) - raft.server.log.purge.gap = 1000000 (custom)
2019-09-17 10:06:58,555 [pool-27-thread-1] INFO  server.RaftServerConfigKeys (ConfUtils.java:logGet(43)) - raft.server.log.appender.buffer.byte-limit = 33554432 (custom)
2019-09-17 10:06:58,557 [pool-27-thread-1] INFO  server.RaftServerConfigKeys (ConfUtils.java:logGet(43)) - raft.server.log.segment.size.max = 1048576 (custom)
2019-09-17 10:06:58,561 [pool-27-thread-1] INFO  server.RaftServerConfigKeys (ConfUtils.java:logGet(43)) - raft.server.log.segment.cache.num.max = 2 (custom)
2019-09-17 10:06:58,567 [pool-27-thread-1] INFO  segmented.SegmentedRaftLogWorker (SegmentedRaftLogWorker.java:<init>(172)) - new 01ddd04e-873c-47a2-843b-0bba86a87443@group-D747C3920934-SegmentedRaftLogWorker for RaftStorage:Storage Directory /workdir/hadoop-ozone/integration-test/target/test-dir/MiniOzoneClusterImpl-99e3a453-5364-4b0b-a752-7eb5dbce83dc/datanode-0/data/ratis/cfcd86db-c2e0-4aa8-98ea-d747c3920934
2019-09-17 10:06:58,568 [pool-27-thread-1] INFO  impl.MetricsSystemImpl (MetricsSystemImpl.java:init(158)) - ratis metrics system started (again)
2019-09-17 10:06:58,598 [pool-27-thread-1] INFO  server.RaftServerConfigKeys (ConfUtils.java:logGet(43)) - raft.server.log.queue.byte-limit = 2147483647 (custom)
2019-09-17 10:06:58,599 [pool-27-thread-1] INFO  server.RaftServerConfigKeys (ConfUtils.java:logGet(43)) - raft.server.log.queue.element-limit = 1024 (custom)
2019-09-17 10:06:58,602 [pool-27-thread-1] INFO  server.RaftServerConfigKeys (ConfUtils.java:logGet(43)) - raft.server.log.segment.size.max = 1048576 (custom)
2019-09-17 10:06:58,602 [pool-27-thread-1] INFO  server.RaftServerConfigKeys (ConfUtils.java:logGet(43)) - raft.server.log.preallocated.size = 16384 (custom)
2019-09-17 10:06:58,602 [pool-27-thread-1] INFO  server.RaftServerConfigKeys (ConfUtils.java:logGet(43)) - raft.server.log.write.buffer.size = 33554432 (custom)
2019-09-17 10:06:58,603 [pool-27-thread-1] INFO  server.RaftServerConfigKeys (ConfUtils.java:logGet(43)) - raft.server.log.force.sync.num = 128 (default)
2019-09-17 10:06:58,604 [pool-27-thread-1] INFO  server.RaftServerConfigKeys (ConfUtils.java:logGet(43)) - raft.server.log.statemachine.data.sync = true (default)
2019-09-17 10:06:58,604 [pool-27-thread-1] INFO  server.RaftServerConfigKeys (ConfUtils.java:logGet(43)) - raft.server.log.statemachine.data.sync.timeout = 10s (default)
2019-09-17 10:06:58,604 [pool-27-thread-1] INFO  server.RaftServerConfigKeys (ConfUtils.java:logGet(43)) - raft.server.log.statemachine.data.sync.timeout.retry = -1 (default)
2019-09-17 10:06:58,612 [pool-27-thread-1] INFO  server.RaftServerConfigKeys (ConfUtils.java:logGet(43)) - raft.server.log.statemachine.data.caching.enabled = true (custom)
2019-09-17 10:06:58,616 [pool-27-thread-1] INFO  segmented.SegmentedRaftLogWorker (SegmentedRaftLogWorker.java:lambda$new$0(132)) - 01ddd04e-873c-47a2-843b-0bba86a87443@group-D747C3920934-SegmentedRaftLogWorker: flushIndex: setUnconditionally 0 -> -1
2019-09-17 10:06:58,619 [pool-27-thread-1] INFO  server.RaftServerConfigKeys (ConfUtils.java:logGet(43)) - raft.server.snapshot.auto.trigger.enabled = true (custom)
2019-09-17 10:06:58,620 [pool-27-thread-1] INFO  server.RaftServerConfigKeys (ConfUtils.java:logGet(43)) - raft.server.snapshot.auto.trigger.threshold = 10000 (custom)
2019-09-17 10:06:58,621 [pool-27-thread-1] INFO  server.RaftServerConfigKeys (ConfUtils.java:logGet(43)) - raft.server.snapshot.retention.num.files = -1 (default)
2019-09-17 10:06:58,621 [pool-27-thread-1] INFO  server.RaftServerConfigKeys (ConfUtils.java:logGet(43)) - raft.server.retrycache.expirytime = 600000ms (custom)
2019-09-17 10:06:58,645 [pool-27-thread-1] INFO  impl.RaftServerImpl (RaftServerImpl.java:start(185)) - 01ddd04e-873c-47a2-843b-0bba86a87443@group-D747C3920934: start as a follower, conf=-1: [01ddd04e-873c-47a2-843b-0bba86a87443:192.168.34.37:36576], old=null
2019-09-17 10:06:58,646 [pool-27-thread-1] INFO  impl.RaftServerImpl (RaftServerImpl.java:setRole(174)) - 01ddd04e-873c-47a2-843b-0bba86a87443@group-D747C3920934: changes role from      null to FOLLOWER at term 0 for startAsFollower
2019-09-17 10:06:58,647 [pool-27-thread-1] INFO  impl.RoleInfo (RoleInfo.java:updateAndGet(143)) - 01ddd04e-873c-47a2-843b-0bba86a87443: start FollowerState
2019-09-17 10:06:58,648 [pool-27-thread-1] INFO  util.JmxRegister (JmxRegister.java:tryRegister(44)) - Successfully registered JMX Bean with object name Ratis:service=RaftServer,group=group-D747C3920934,id=01ddd04e-873c-47a2-843b-0bba86a87443
2019-09-17 10:06:58,709 [RatisPipelineUtilsThread] INFO  pipeline.PipelineStateManager (PipelineStateManager.java:addPipeline(56)) - Created pipeline Pipeline[ Id: cfcd86db-c2e0-4aa8-98ea-d747c3920934, Nodes: 01ddd04e-873c-47a2-843b-0bba86a87443{ip: 192.168.34.37, host: pr-hdds-2110-rdjw6-11158954, networkLocation: /default-rack, certSerialId: null}, Type:RATIS, Factor:ONE, State:OPEN]
2019-09-17 10:06:58,727 [grpc-default-executor-0] INFO  impl.RaftServerProxy (RaftServerProxy.java:addNew(89)) - d65c2122-76ad-4590-8bd5-4069304cd132: addNew group-67B8F495984A:[d65c2122-76ad-4590-8bd5-4069304cd132:192.168.34.37:45554] returns group-67B8F495984A:java.util.concurrent.CompletableFuture@2d01e7bc[Not completed]
2019-09-17 10:06:58,766 [pool-37-thread-1] INFO  impl.RaftServerImpl (RaftServerImpl.java:<init>(95)) - d65c2122-76ad-4590-8bd5-4069304cd132: new RaftServerImpl for group-67B8F495984A:[d65c2122-76ad-4590-8bd5-4069304cd132:192.168.34.37:45554] with ContainerStateMachine:uninitialized
2019-09-17 10:06:58,768 [pool-37-thread-1] INFO  server.RaftServerConfigKeys (ConfUtils.java:logGet(43)) - raft.server.rpc.timeout.min = 5s (custom)
2019-09-17 10:06:58,769 [pool-37-thread-1] INFO  server.RaftServerConfigKeys (ConfUtils.java:logGet(43)) - raft.server.rpc.timeout.max = 5200ms (custom)
2019-09-17 10:06:58,769 [pool-37-thread-1] INFO  server.RaftServerConfigKeys (ConfUtils.java:logGet(43)) - raft.server.rpcslowness.timeout = 1000s (custom)
2019-09-17 10:06:58,769 [pool-37-thread-1] INFO  server.RaftServerConfigKeys (ConfUtils.java:logGet(43)) - raft.server.sleep.deviation.threshold = 300 (default)
2019-09-17 10:06:58,769 [pool-37-thread-1] INFO  server.RaftServerConfigKeys (ConfUtils.java:logGet(43)) - raft.server.log.appender.install.snapshot.enabled = false (custom)
2019-09-17 10:06:58,769 [pool-37-thread-1] INFO  impl.RaftServerImpl (ServerState.java:<init>(103)) - d65c2122-76ad-4590-8bd5-4069304cd132@group-67B8F495984A: ConfigurationManager, init=-1: [d65c2122-76ad-4590-8bd5-4069304cd132:192.168.34.37:45554], old=null, confs=<EMPTY_MAP>
2019-09-17 10:06:58,769 [pool-37-thread-1] INFO  server.RaftServerConfigKeys (ConfUtils.java:logGet(43)) - raft.server.storage.dir = [/workdir/hadoop-ozone/integration-test/target/test-dir/MiniOzoneClusterImpl-99e3a453-5364-4b0b-a752-7eb5dbce83dc/datanode-1/data/ratis] (custom)
2019-09-17 10:06:58,770 [pool-37-thread-1] INFO  storage.RaftStorageDirectory (RaftStorageDirectory.java:analyzeStorage(246)) - The storage directory /workdir/hadoop-ozone/integration-test/target/test-dir/MiniOzoneClusterImpl-99e3a453-5364-4b0b-a752-7eb5dbce83dc/datanode-1/data/ratis/1ae36b0c-f8f7-4320-8ed5-67b8f495984a does not exist. Creating ...
2019-09-17 10:06:58,783 [pool-37-thread-1] INFO  storage.RaftStorageDirectory (RaftStorageDirectory.java:tryLock(328)) - Lock on /workdir/hadoop-ozone/integration-test/target/test-dir/MiniOzoneClusterImpl-99e3a453-5364-4b0b-a752-7eb5dbce83dc/datanode-1/data/ratis/1ae36b0c-f8f7-4320-8ed5-67b8f495984a/in_use.lock acquired by nodename 651@pr-hdds-2110-rdjw6-11158954
2019-09-17 10:06:58,807 [pool-37-thread-1] INFO  storage.RaftStorage (RaftStorage.java:format(72)) - Storage directory /workdir/hadoop-ozone/integration-test/target/test-dir/MiniOzoneClusterImpl-99e3a453-5364-4b0b-a752-7eb5dbce83dc/datanode-1/data/ratis/1ae36b0c-f8f7-4320-8ed5-67b8f495984a has been successfully formatted.
2019-09-17 10:06:58,809 [pool-37-thread-1] INFO  ratis.ContainerStateMachine (ContainerStateMachine.java:loadSnapshot(230)) - group-67B8F495984A: The snapshot info is null. Setting the last applied indexto:(t:0, i:~)
2019-09-17 10:06:58,810 [pool-37-thread-1] INFO  server.RaftServerConfigKeys (ConfUtils.java:logGet(43)) - raft.server.notification.no-leader.timeout = 1000s (custom)
2019-09-17 10:06:58,810 [pool-37-thread-1] INFO  server.RaftServerConfigKeys (ConfUtils.java:logGet(43)) - raft.server.log.use.memory = false (default)
2019-09-17 10:06:58,810 [pool-37-thread-1] INFO  server.RaftServerConfigKeys (ConfUtils.java:logGet(43)) - raft.server.log.purge.gap = 1000000 (custom)
2019-09-17 10:06:58,811 [pool-37-thread-1] INFO  server.RaftServerConfigKeys (ConfUtils.java:logGet(43)) - raft.server.log.appender.buffer.byte-limit = 33554432 (custom)
2019-09-17 10:06:58,811 [pool-37-thread-1] INFO  server.RaftServerConfigKeys (ConfUtils.java:logGet(43)) - raft.server.log.segment.size.max = 1048576 (custom)
2019-09-17 10:06:58,811 [pool-37-thread-1] INFO  server.RaftServerConfigKeys (ConfUtils.java:logGet(43)) - raft.server.log.segment.cache.num.max = 2 (custom)
2019-09-17 10:06:58,811 [pool-37-thread-1] INFO  segmented.SegmentedRaftLogWorker (SegmentedRaftLogWorker.java:<init>(172)) - new d65c2122-76ad-4590-8bd5-4069304cd132@group-67B8F495984A-SegmentedRaftLogWorker for RaftStorage:Storage Directory /workdir/hadoop-ozone/integration-test/target/test-dir/MiniOzoneClusterImpl-99e3a453-5364-4b0b-a752-7eb5dbce83dc/datanode-1/data/ratis/1ae36b0c-f8f7-4320-8ed5-67b8f495984a
2019-09-17 10:06:58,818 [pool-37-thread-1] INFO  server.RaftServerConfigKeys (ConfUtils.java:logGet(43)) - raft.server.log.queue.byte-limit = 2147483647 (custom)
2019-09-17 10:06:58,818 [pool-37-thread-1] INFO  server.RaftServerConfigKeys (ConfUtils.java:logGet(43)) - raft.server.log.queue.element-limit = 1024 (custom)
2019-09-17 10:06:58,819 [pool-37-thread-1] INFO  server.RaftServerConfigKeys (ConfUtils.java:logGet(43)) - raft.server.log.segment.size.max = 1048576 (custom)
2019-09-17 10:06:58,819 [pool-37-thread-1] INFO  server.RaftServerConfigKeys (ConfUtils.java:logGet(43)) - raft.server.log.preallocated.size = 16384 (custom)
2019-09-17 10:06:58,819 [pool-37-thread-1] INFO  server.RaftServerConfigKeys (ConfUtils.java:logGet(43)) - raft.server.log.write.buffer.size = 33554432 (custom)
2019-09-17 10:06:58,819 [pool-37-thread-1] INFO  server.RaftServerConfigKeys (ConfUtils.java:logGet(43)) - raft.server.log.force.sync.num = 128 (default)
2019-09-17 10:06:58,819 [pool-37-thread-1] INFO  server.RaftServerConfigKeys (ConfUtils.java:logGet(43)) - raft.server.log.statemachine.data.sync = true (default)
2019-09-17 10:06:58,820 [pool-37-thread-1] INFO  server.RaftServerConfigKeys (ConfUtils.java:logGet(43)) - raft.server.log.statemachine.data.sync.timeout = 10s (default)
2019-09-17 10:06:58,820 [pool-37-thread-1] INFO  server.RaftServerConfigKeys (ConfUtils.java:logGet(43)) - raft.server.log.statemachine.data.sync.timeout.retry = -1 (default)
2019-09-17 10:06:58,820 [pool-37-thread-1] INFO  server.RaftServerConfigKeys (ConfUtils.java:logGet(43)) - raft.server.log.statemachine.data.caching.enabled = true (custom)
2019-09-17 10:06:58,821 [pool-37-thread-1] INFO  segmented.SegmentedRaftLogWorker (SegmentedRaftLogWorker.java:lambda$new$0(132)) - d65c2122-76ad-4590-8bd5-4069304cd132@group-67B8F495984A-SegmentedRaftLogWorker: flushIndex: setUnconditionally 0 -> -1
2019-09-17 10:06:58,821 [pool-37-thread-1] INFO  server.RaftServerConfigKeys (ConfUtils.java:logGet(43)) - raft.server.snapshot.auto.trigger.enabled = true (custom)
2019-09-17 10:06:58,821 [pool-37-thread-1] INFO  server.RaftServerConfigKeys (ConfUtils.java:logGet(43)) - raft.server.snapshot.auto.trigger.threshold = 10000 (custom)
2019-09-17 10:06:58,822 [pool-37-thread-1] INFO  server.RaftServerConfigKeys (ConfUtils.java:logGet(43)) - raft.server.snapshot.retention.num.files = -1 (default)
2019-09-17 10:06:58,822 [pool-37-thread-1] INFO  server.RaftServerConfigKeys (ConfUtils.java:logGet(43)) - raft.server.retrycache.expirytime = 600000ms (custom)
2019-09-17 10:06:58,827 [pool-37-thread-1] INFO  impl.RaftServerImpl (RaftServerImpl.java:start(185)) - d65c2122-76ad-4590-8bd5-4069304cd132@group-67B8F495984A: start as a follower, conf=-1: [d65c2122-76ad-4590-8bd5-4069304cd132:192.168.34.37:45554], old=null
2019-09-17 10:06:58,828 [pool-37-thread-1] INFO  impl.RaftServerImpl (RaftServerImpl.java:setRole(174)) - d65c2122-76ad-4590-8bd5-4069304cd132@group-67B8F495984A: changes role from      null to FOLLOWER at term 0 for startAsFollower
2019-09-17 10:06:58,828 [pool-37-thread-1] INFO  impl.RoleInfo (RoleInfo.java:updateAndGet(143)) - d65c2122-76ad-4590-8bd5-4069304cd132: start FollowerState
2019-09-17 10:06:58,829 [pool-37-thread-1] INFO  util.JmxRegister (JmxRegister.java:tryRegister(44)) - Successfully registered JMX Bean with object name Ratis:service=RaftServer,group=group-67B8F495984A,id=d65c2122-76ad-4590-8bd5-4069304cd132
2019-09-17 10:06:58,838 [RatisPipelineUtilsThread] INFO  pipeline.PipelineStateManager (PipelineStateManager.java:addPipeline(56)) - Created pipeline Pipeline[ Id: 1ae36b0c-f8f7-4320-8ed5-67b8f495984a, Nodes: d65c2122-76ad-4590-8bd5-4069304cd132{ip: 192.168.34.37, host: pr-hdds-2110-rdjw6-11158954, networkLocation: /default-rack, certSerialId: null}, Type:RATIS, Factor:ONE, State:OPEN]
2019-09-17 10:06:58,854 [grpc-default-executor-0] INFO  impl.RaftServerProxy (RaftServerProxy.java:addNew(89)) - 2d3bddf7-5e55-4833-926f-b331e5cd1612: addNew group-13D7247641BB:[2d3bddf7-5e55-4833-926f-b331e5cd1612:192.168.34.37:43312] returns group-13D7247641BB:java.util.concurrent.CompletableFuture@6db4c52c[Not completed]
2019-09-17 10:06:58,868 [pool-57-thread-1] INFO  impl.RaftServerImpl (RaftServerImpl.java:<init>(95)) - 2d3bddf7-5e55-4833-926f-b331e5cd1612: new RaftServerImpl for group-13D7247641BB:[2d3bddf7-5e55-4833-926f-b331e5cd1612:192.168.34.37:43312] with ContainerStateMachine:uninitialized
2019-09-17 10:06:58,871 [pool-57-thread-1] INFO  server.RaftServerConfigKeys (ConfUtils.java:logGet(43)) - raft.server.rpc.timeout.min = 5s (custom)
2019-09-17 10:06:58,871 [pool-57-thread-1] INFO  server.RaftServerConfigKeys (ConfUtils.java:logGet(43)) - raft.server.rpc.timeout.max = 5200ms (custom)
2019-09-17 10:06:58,872 [pool-57-thread-1] INFO  server.RaftServerConfigKeys (ConfUtils.java:logGet(43)) - raft.server.rpcslowness.timeout = 1000s (custom)
2019-09-17 10:06:58,872 [pool-57-thread-1] INFO  server.RaftServerConfigKeys (ConfUtils.java:logGet(43)) - raft.server.sleep.deviation.threshold = 300 (default)
2019-09-17 10:06:58,872 [pool-57-thread-1] INFO  server.RaftServerConfigKeys (ConfUtils.java:logGet(43)) - raft.server.log.appender.install.snapshot.enabled = false (custom)
2019-09-17 10:06:58,872 [pool-57-thread-1] INFO  impl.RaftServerImpl (ServerState.java:<init>(103)) - 2d3bddf7-5e55-4833-926f-b331e5cd1612@group-13D7247641BB: ConfigurationManager, init=-1: [2d3bddf7-5e55-4833-926f-b331e5cd1612:192.168.34.37:43312], old=null, confs=<EMPTY_MAP>
2019-09-17 10:06:58,872 [pool-57-thread-1] INFO  server.RaftServerConfigKeys (ConfUtils.java:logGet(43)) - raft.server.storage.dir = [/workdir/hadoop-ozone/integration-test/target/test-dir/MiniOzoneClusterImpl-99e3a453-5364-4b0b-a752-7eb5dbce83dc/datanode-3/data/ratis] (custom)
2019-09-17 10:06:58,873 [pool-57-thread-1] INFO  storage.RaftStorageDirectory (RaftStorageDirectory.java:analyzeStorage(246)) - The storage directory /workdir/hadoop-ozone/integration-test/target/test-dir/MiniOzoneClusterImpl-99e3a453-5364-4b0b-a752-7eb5dbce83dc/datanode-3/data/ratis/82f689b6-cb8f-4133-a8be-13d7247641bb does not exist. Creating ...
2019-09-17 10:06:58,886 [pool-57-thread-1] INFO  storage.RaftStorageDirectory (RaftStorageDirectory.java:tryLock(328)) - Lock on /workdir/hadoop-ozone/integration-test/target/test-dir/MiniOzoneClusterImpl-99e3a453-5364-4b0b-a752-7eb5dbce83dc/datanode-3/data/ratis/82f689b6-cb8f-4133-a8be-13d7247641bb/in_use.lock acquired by nodename 651@pr-hdds-2110-rdjw6-11158954
2019-09-17 10:06:58,899 [pool-57-thread-1] INFO  storage.RaftStorage (RaftStorage.java:format(72)) - Storage directory /workdir/hadoop-ozone/integration-test/target/test-dir/MiniOzoneClusterImpl-99e3a453-5364-4b0b-a752-7eb5dbce83dc/datanode-3/data/ratis/82f689b6-cb8f-4133-a8be-13d7247641bb has been successfully formatted.
2019-09-17 10:06:58,899 [pool-57-thread-1] INFO  ratis.ContainerStateMachine (ContainerStateMachine.java:loadSnapshot(230)) - group-13D7247641BB: The snapshot info is null. Setting the last applied indexto:(t:0, i:~)
2019-09-17 10:06:58,900 [pool-57-thread-1] INFO  server.RaftServerConfigKeys (ConfUtils.java:logGet(43)) - raft.server.notification.no-leader.timeout = 1000s (custom)
2019-09-17 10:06:58,900 [pool-57-thread-1] INFO  server.RaftServerConfigKeys (ConfUtils.java:logGet(43)) - raft.server.log.use.memory = false (default)
2019-09-17 10:06:58,900 [pool-57-thread-1] INFO  server.RaftServerConfigKeys (ConfUtils.java:logGet(43)) - raft.server.log.purge.gap = 1000000 (custom)
2019-09-17 10:06:58,901 [pool-57-thread-1] INFO  server.RaftServerConfigKeys (ConfUtils.java:logGet(43)) - raft.server.log.appender.buffer.byte-limit = 33554432 (custom)
2019-09-17 10:06:58,901 [pool-57-thread-1] INFO  server.RaftServerConfigKeys (ConfUtils.java:logGet(43)) - raft.server.log.segment.size.max = 1048576 (custom)
2019-09-17 10:06:58,901 [pool-57-thread-1] INFO  server.RaftServerConfigKeys (ConfUtils.java:logGet(43)) - raft.server.log.segment.cache.num.max = 2 (custom)
2019-09-17 10:06:58,901 [pool-57-thread-1] INFO  segmented.SegmentedRaftLogWorker (SegmentedRaftLogWorker.java:<init>(172)) - new 2d3bddf7-5e55-4833-926f-b331e5cd1612@group-13D7247641BB-SegmentedRaftLogWorker for RaftStorage:Storage Directory /workdir/hadoop-ozone/integration-test/target/test-dir/MiniOzoneClusterImpl-99e3a453-5364-4b0b-a752-7eb5dbce83dc/datanode-3/data/ratis/82f689b6-cb8f-4133-a8be-13d7247641bb
2019-09-17 10:06:58,936 [pool-57-thread-1] INFO  server.RaftServerConfigKeys (ConfUtils.java:logGet(43)) - raft.server.log.queue.byte-limit = 2147483647 (custom)
2019-09-17 10:06:58,936 [pool-57-thread-1] INFO  server.RaftServerConfigKeys (ConfUtils.java:logGet(43)) - raft.server.log.queue.element-limit = 1024 (custom)
2019-09-17 10:06:58,937 [pool-57-thread-1] INFO  server.RaftServerConfigKeys (ConfUtils.java:logGet(43)) - raft.server.log.segment.size.max = 1048576 (custom)
2019-09-17 10:06:58,937 [pool-57-thread-1] INFO  server.RaftServerConfigKeys (ConfUtils.java:logGet(43)) - raft.server.log.preallocated.size = 16384 (custom)
2019-09-17 10:06:58,937 [pool-57-thread-1] INFO  server.RaftServerConfigKeys (ConfUtils.java:logGet(43)) - raft.server.log.write.buffer.size = 33554432 (custom)
2019-09-17 10:06:58,937 [pool-57-thread-1] INFO  server.RaftServerConfigKeys (ConfUtils.java:logGet(43)) - raft.server.log.force.sync.num = 128 (default)
2019-09-17 10:06:58,937 [pool-57-thread-1] INFO  server.RaftServerConfigKeys (ConfUtils.java:logGet(43)) - raft.server.log.statemachine.data.sync = true (default)
2019-09-17 10:06:58,938 [pool-57-thread-1] INFO  server.RaftServerConfigKeys (ConfUtils.java:logGet(43)) - raft.server.log.statemachine.data.sync.timeout = 10s (default)
2019-09-17 10:06:58,938 [pool-57-thread-1] INFO  server.RaftServerConfigKeys (ConfUtils.java:logGet(43)) - raft.server.log.statemachine.data.sync.timeout.retry = -1 (default)
2019-09-17 10:06:58,938 [pool-57-thread-1] INFO  server.RaftServerConfigKeys (ConfUtils.java:logGet(43)) - raft.server.log.statemachine.data.caching.enabled = true (custom)
2019-09-17 10:06:58,939 [pool-57-thread-1] INFO  segmented.SegmentedRaftLogWorker (SegmentedRaftLogWorker.java:lambda$new$0(132)) - 2d3bddf7-5e55-4833-926f-b331e5cd1612@group-13D7247641BB-SegmentedRaftLogWorker: flushIndex: setUnconditionally 0 -> -1
2019-09-17 10:06:58,939 [pool-57-thread-1] INFO  server.RaftServerConfigKeys (ConfUtils.java:logGet(43)) - raft.server.snapshot.auto.trigger.enabled = true (custom)
2019-09-17 10:06:58,940 [pool-57-thread-1] INFO  server.RaftServerConfigKeys (ConfUtils.java:logGet(43)) - raft.server.snapshot.auto.trigger.threshold = 10000 (custom)
2019-09-17 10:06:58,940 [pool-57-thread-1] INFO  server.RaftServerConfigKeys (ConfUtils.java:logGet(43)) - raft.server.snapshot.retention.num.files = -1 (default)
2019-09-17 10:06:58,940 [pool-57-thread-1] INFO  server.RaftServerConfigKeys (ConfUtils.java:logGet(43)) - raft.server.retrycache.expirytime = 600000ms (custom)
2019-09-17 10:06:58,946 [pool-57-thread-1] INFO  impl.RaftServerImpl (RaftServerImpl.java:start(185)) - 2d3bddf7-5e55-4833-926f-b331e5cd1612@group-13D7247641BB: start as a follower, conf=-1: [2d3bddf7-5e55-4833-926f-b331e5cd1612:192.168.34.37:43312], old=null
2019-09-17 10:06:58,946 [pool-57-thread-1] INFO  impl.RaftServerImpl (RaftServerImpl.java:setRole(174)) - 2d3bddf7-5e55-4833-926f-b331e5cd1612@group-13D7247641BB: changes role from      null to FOLLOWER at term 0 for startAsFollower
2019-09-17 10:06:58,946 [pool-57-thread-1] INFO  impl.RoleInfo (RoleInfo.java:updateAndGet(143)) - 2d3bddf7-5e55-4833-926f-b331e5cd1612: start FollowerState
2019-09-17 10:06:58,947 [pool-57-thread-1] INFO  util.JmxRegister (JmxRegister.java:tryRegister(44)) - Successfully registered JMX Bean with object name Ratis:service=RaftServer,group=group-13D7247641BB,id=2d3bddf7-5e55-4833-926f-b331e5cd1612
2019-09-17 10:06:58,960 [RatisPipelineUtilsThread] INFO  pipeline.PipelineStateManager (PipelineStateManager.java:addPipeline(56)) - Created pipeline Pipeline[ Id: 82f689b6-cb8f-4133-a8be-13d7247641bb, Nodes: 2d3bddf7-5e55-4833-926f-b331e5cd1612{ip: 192.168.34.37, host: pr-hdds-2110-rdjw6-11158954, networkLocation: /default-rack, certSerialId: null}, Type:RATIS, Factor:ONE, State:OPEN]
2019-09-17 10:06:58,976 [grpc-default-executor-0] INFO  impl.RaftServerProxy (RaftServerProxy.java:addNew(89)) - 0dd15b35-2362-4edc-a10a-41adb2053487: addNew group-3068D18D3D2B:[0dd15b35-2362-4edc-a10a-41adb2053487:192.168.34.37:35653] returns group-3068D18D3D2B:java.util.concurrent.CompletableFuture@13099424[Not completed]
2019-09-17 10:06:58,978 [pool-47-thread-1] INFO  impl.RaftServerImpl (RaftServerImpl.java:<init>(95)) - 0dd15b35-2362-4edc-a10a-41adb2053487: new RaftServerImpl for group-3068D18D3D2B:[0dd15b35-2362-4edc-a10a-41adb2053487:192.168.34.37:35653] with ContainerStateMachine:uninitialized
2019-09-17 10:06:58,978 [pool-47-thread-1] INFO  server.RaftServerConfigKeys (ConfUtils.java:logGet(43)) - raft.server.rpc.timeout.min = 5s (custom)
2019-09-17 10:06:58,979 [pool-47-thread-1] INFO  server.RaftServerConfigKeys (ConfUtils.java:logGet(43)) - raft.server.rpc.timeout.max = 5200ms (custom)
2019-09-17 10:06:58,979 [pool-47-thread-1] INFO  server.RaftServerConfigKeys (ConfUtils.java:logGet(43)) - raft.server.rpcslowness.timeout = 1000s (custom)
2019-09-17 10:06:58,979 [pool-47-thread-1] INFO  server.RaftServerConfigKeys (ConfUtils.java:logGet(43)) - raft.server.sleep.deviation.threshold = 300 (default)
2019-09-17 10:06:58,979 [pool-47-thread-1] INFO  server.RaftServerConfigKeys (ConfUtils.java:logGet(43)) - raft.server.log.appender.install.snapshot.enabled = false (custom)
2019-09-17 10:06:58,979 [pool-47-thread-1] INFO  impl.RaftServerImpl (ServerState.java:<init>(103)) - 0dd15b35-2362-4edc-a10a-41adb2053487@group-3068D18D3D2B: ConfigurationManager, init=-1: [0dd15b35-2362-4edc-a10a-41adb2053487:192.168.34.37:35653], old=null, confs=<EMPTY_MAP>
2019-09-17 10:06:58,980 [pool-47-thread-1] INFO  server.RaftServerConfigKeys (ConfUtils.java:logGet(43)) - raft.server.storage.dir = [/workdir/hadoop-ozone/integration-test/target/test-dir/MiniOzoneClusterImpl-99e3a453-5364-4b0b-a752-7eb5dbce83dc/datanode-2/data/ratis] (custom)
2019-09-17 10:06:58,980 [pool-47-thread-1] INFO  storage.RaftStorageDirectory (RaftStorageDirectory.java:analyzeStorage(246)) - The storage directory /workdir/hadoop-ozone/integration-test/target/test-dir/MiniOzoneClusterImpl-99e3a453-5364-4b0b-a752-7eb5dbce83dc/datanode-2/data/ratis/2afb98e1-0340-4e23-8fba-3068d18d3d2b does not exist. Creating ...
2019-09-17 10:06:58,993 [pool-47-thread-1] INFO  storage.RaftStorageDirectory (RaftStorageDirectory.java:tryLock(328)) - Lock on /workdir/hadoop-ozone/integration-test/target/test-dir/MiniOzoneClusterImpl-99e3a453-5364-4b0b-a752-7eb5dbce83dc/datanode-2/data/ratis/2afb98e1-0340-4e23-8fba-3068d18d3d2b/in_use.lock acquired by nodename 651@pr-hdds-2110-rdjw6-11158954
2019-09-17 10:06:59,006 [pool-47-thread-1] INFO  storage.RaftStorage (RaftStorage.java:format(72)) - Storage directory /workdir/hadoop-ozone/integration-test/target/test-dir/MiniOzoneClusterImpl-99e3a453-5364-4b0b-a752-7eb5dbce83dc/datanode-2/data/ratis/2afb98e1-0340-4e23-8fba-3068d18d3d2b has been successfully formatted.
2019-09-17 10:06:59,007 [pool-47-thread-1] INFO  ratis.ContainerStateMachine (ContainerStateMachine.java:loadSnapshot(230)) - group-3068D18D3D2B: The snapshot info is null. Setting the last applied indexto:(t:0, i:~)
2019-09-17 10:06:59,007 [pool-47-thread-1] INFO  server.RaftServerConfigKeys (ConfUtils.java:logGet(43)) - raft.server.notification.no-leader.timeout = 1000s (custom)
2019-09-17 10:06:59,007 [pool-47-thread-1] INFO  server.RaftServerConfigKeys (ConfUtils.java:logGet(43)) - raft.server.log.use.memory = false (default)
2019-09-17 10:06:59,007 [pool-47-thread-1] INFO  server.RaftServerConfigKeys (ConfUtils.java:logGet(43)) - raft.server.log.purge.gap = 1000000 (custom)
2019-09-17 10:06:59,008 [pool-47-thread-1] INFO  server.RaftServerConfigKeys (ConfUtils.java:logGet(43)) - raft.server.log.appender.buffer.byte-limit = 33554432 (custom)
2019-09-17 10:06:59,008 [pool-47-thread-1] INFO  server.RaftServerConfigKeys (ConfUtils.java:logGet(43)) - raft.server.log.segment.size.max = 1048576 (custom)
2019-09-17 10:06:59,008 [pool-47-thread-1] INFO  server.RaftServerConfigKeys (ConfUtils.java:logGet(43)) - raft.server.log.segment.cache.num.max = 2 (custom)
2019-09-17 10:06:59,008 [pool-47-thread-1] INFO  segmented.SegmentedRaftLogWorker (SegmentedRaftLogWorker.java:<init>(172)) - new 0dd15b35-2362-4edc-a10a-41adb2053487@group-3068D18D3D2B-SegmentedRaftLogWorker for RaftStorage:Storage Directory /workdir/hadoop-ozone/integration-test/target/test-dir/MiniOzoneClusterImpl-99e3a453-5364-4b0b-a752-7eb5dbce83dc/datanode-2/data/ratis/2afb98e1-0340-4e23-8fba-3068d18d3d2b
2019-09-17 10:06:59,012 [pool-47-thread-1] INFO  server.RaftServerConfigKeys (ConfUtils.java:logGet(43)) - raft.server.log.queue.byte-limit = 2147483647 (custom)
2019-09-17 10:06:59,012 [pool-47-thread-1] INFO  server.RaftServerConfigKeys (ConfUtils.java:logGet(43)) - raft.server.log.queue.element-limit = 1024 (custom)
2019-09-17 10:06:59,013 [pool-47-thread-1] INFO  server.RaftServerConfigKeys (ConfUtils.java:logGet(43)) - raft.server.log.segment.size.max = 1048576 (custom)
2019-09-17 10:06:59,013 [pool-47-thread-1] INFO  server.RaftServerConfigKeys (ConfUtils.java:logGet(43)) - raft.server.log.preallocated.size = 16384 (custom)
2019-09-17 10:06:59,013 [pool-47-thread-1] INFO  server.RaftServerConfigKeys (ConfUtils.java:logGet(43)) - raft.server.log.write.buffer.size = 33554432 (custom)
2019-09-17 10:06:59,013 [pool-47-thread-1] INFO  server.RaftServerConfigKeys (ConfUtils.java:logGet(43)) - raft.server.log.force.sync.num = 128 (default)
2019-09-17 10:06:59,013 [pool-47-thread-1] INFO  server.RaftServerConfigKeys (ConfUtils.java:logGet(43)) - raft.server.log.statemachine.data.sync = true (default)
2019-09-17 10:06:59,014 [pool-47-thread-1] INFO  server.RaftServerConfigKeys (ConfUtils.java:logGet(43)) - raft.server.log.statemachine.data.sync.timeout = 10s (default)
2019-09-17 10:06:59,014 [pool-47-thread-1] INFO  server.RaftServerConfigKeys (ConfUtils.java:logGet(43)) - raft.server.log.statemachine.data.sync.timeout.retry = -1 (default)
2019-09-17 10:06:59,014 [pool-47-thread-1] INFO  server.RaftServerConfigKeys (ConfUtils.java:logGet(43)) - raft.server.log.statemachine.data.caching.enabled = true (custom)
2019-09-17 10:06:59,014 [pool-47-thread-1] INFO  segmented.SegmentedRaftLogWorker (SegmentedRaftLogWorker.java:lambda$new$0(132)) - 0dd15b35-2362-4edc-a10a-41adb2053487@group-3068D18D3D2B-SegmentedRaftLogWorker: flushIndex: setUnconditionally 0 -> -1
2019-09-17 10:06:59,015 [pool-47-thread-1] INFO  server.RaftServerConfigKeys (ConfUtils.java:logGet(43)) - raft.server.snapshot.auto.trigger.enabled = true (custom)
2019-09-17 10:06:59,015 [pool-47-thread-1] INFO  server.RaftServerConfigKeys (ConfUtils.java:logGet(43)) - raft.server.snapshot.auto.trigger.threshold = 10000 (custom)
2019-09-17 10:06:59,015 [pool-47-thread-1] INFO  server.RaftServerConfigKeys (ConfUtils.java:logGet(43)) - raft.server.snapshot.retention.num.files = -1 (default)
2019-09-17 10:06:59,015 [pool-47-thread-1] INFO  server.RaftServerConfigKeys (ConfUtils.java:logGet(43)) - raft.server.retrycache.expirytime = 600000ms (custom)
2019-09-17 10:06:59,020 [pool-47-thread-1] INFO  impl.RaftServerImpl (RaftServerImpl.java:start(185)) - 0dd15b35-2362-4edc-a10a-41adb2053487@group-3068D18D3D2B: start as a follower, conf=-1: [0dd15b35-2362-4edc-a10a-41adb2053487:192.168.34.37:35653], old=null
2019-09-17 10:06:59,020 [pool-47-thread-1] INFO  impl.RaftServerImpl (RaftServerImpl.java:setRole(174)) - 0dd15b35-2362-4edc-a10a-41adb2053487@group-3068D18D3D2B: changes role from      null to FOLLOWER at term 0 for startAsFollower
2019-09-17 10:06:59,021 [pool-47-thread-1] INFO  impl.RoleInfo (RoleInfo.java:updateAndGet(143)) - 0dd15b35-2362-4edc-a10a-41adb2053487: start FollowerState
2019-09-17 10:06:59,021 [pool-47-thread-1] INFO  util.JmxRegister (JmxRegister.java:tryRegister(44)) - Successfully registered JMX Bean with object name Ratis:service=RaftServer,group=group-3068D18D3D2B,id=0dd15b35-2362-4edc-a10a-41adb2053487
2019-09-17 10:06:59,036 [RatisPipelineUtilsThread] INFO  pipeline.PipelineStateManager (PipelineStateManager.java:addPipeline(56)) - Created pipeline Pipeline[ Id: 2afb98e1-0340-4e23-8fba-3068d18d3d2b, Nodes: 0dd15b35-2362-4edc-a10a-41adb2053487{ip: 192.168.34.37, host: pr-hdds-2110-rdjw6-11158954, networkLocation: /default-rack, certSerialId: null}, Type:RATIS, Factor:ONE, State:OPEN]
2019-09-17 10:06:59,095 [grpc-default-executor-0] INFO  impl.RaftServerProxy (RaftServerProxy.java:addNew(89)) - d65c2122-76ad-4590-8bd5-4069304cd132: addNew group-52DD40189D0B:[01ddd04e-873c-47a2-843b-0bba86a87443:192.168.34.37:36576, 2d3bddf7-5e55-4833-926f-b331e5cd1612:192.168.34.37:43312, d65c2122-76ad-4590-8bd5-4069304cd132:192.168.34.37:45554] returns group-52DD40189D0B:java.util.concurrent.CompletableFuture@141878d7[Not completed]
2019-09-17 10:06:59,095 [grpc-default-executor-1] INFO  impl.RaftServerProxy (RaftServerProxy.java:addNew(89)) - 01ddd04e-873c-47a2-843b-0bba86a87443: addNew group-52DD40189D0B:[01ddd04e-873c-47a2-843b-0bba86a87443:192.168.34.37:36576, 2d3bddf7-5e55-4833-926f-b331e5cd1612:192.168.34.37:43312, d65c2122-76ad-4590-8bd5-4069304cd132:192.168.34.37:45554] returns group-52DD40189D0B:java.util.concurrent.CompletableFuture@7ce4fd44[Not completed]
2019-09-17 10:06:59,095 [grpc-default-executor-2] INFO  impl.RaftServerProxy (RaftServerProxy.java:addNew(89)) - 2d3bddf7-5e55-4833-926f-b331e5cd1612: addNew group-52DD40189D0B:[01ddd04e-873c-47a2-843b-0bba86a87443:192.168.34.37:36576, 2d3bddf7-5e55-4833-926f-b331e5cd1612:192.168.34.37:43312, d65c2122-76ad-4590-8bd5-4069304cd132:192.168.34.37:45554] returns group-52DD40189D0B:java.util.concurrent.CompletableFuture@17298aeb[Not completed]
2019-09-17 10:06:59,097 [pool-57-thread-1] INFO  impl.RaftServerImpl (RaftServerImpl.java:<init>(95)) - 2d3bddf7-5e55-4833-926f-b331e5cd1612: new RaftServerImpl for group-52DD40189D0B:[01ddd04e-873c-47a2-843b-0bba86a87443:192.168.34.37:36576, 2d3bddf7-5e55-4833-926f-b331e5cd1612:192.168.34.37:43312, d65c2122-76ad-4590-8bd5-4069304cd132:192.168.34.37:45554] with ContainerStateMachine:uninitialized
2019-09-17 10:06:59,097 [pool-57-thread-1] INFO  server.RaftServerConfigKeys (ConfUtils.java:logGet(43)) - raft.server.rpc.timeout.min = 5s (custom)
2019-09-17 10:06:59,097 [pool-57-thread-1] INFO  server.RaftServerConfigKeys (ConfUtils.java:logGet(43)) - raft.server.rpc.timeout.max = 5200ms (custom)
2019-09-17 10:06:59,098 [pool-57-thread-1] INFO  server.RaftServerConfigKeys (ConfUtils.java:logGet(43)) - raft.server.rpcslowness.timeout = 1000s (custom)
2019-09-17 10:06:59,098 [pool-57-thread-1] INFO  server.RaftServerConfigKeys (ConfUtils.java:logGet(43)) - raft.server.sleep.deviation.threshold = 300 (default)
2019-09-17 10:06:59,098 [pool-57-thread-1] INFO  server.RaftServerConfigKeys (ConfUtils.java:logGet(43)) - raft.server.log.appender.install.snapshot.enabled = false (custom)
2019-09-17 10:06:59,098 [pool-57-thread-1] INFO  impl.RaftServerImpl (ServerState.java:<init>(103)) - 2d3bddf7-5e55-4833-926f-b331e5cd1612@group-52DD40189D0B: ConfigurationManager, init=-1: [01ddd04e-873c-47a2-843b-0bba86a87443:192.168.34.37:36576, 2d3bddf7-5e55-4833-926f-b331e5cd1612:192.168.34.37:43312, d65c2122-76ad-4590-8bd5-4069304cd132:192.168.34.37:45554], old=null, confs=<EMPTY_MAP>
2019-09-17 10:06:59,098 [pool-57-thread-1] INFO  server.RaftServerConfigKeys (ConfUtils.java:logGet(43)) - raft.server.storage.dir = [/workdir/hadoop-ozone/integration-test/target/test-dir/MiniOzoneClusterImpl-99e3a453-5364-4b0b-a752-7eb5dbce83dc/datanode-3/data/ratis] (custom)
2019-09-17 10:06:59,098 [pool-27-thread-1] INFO  impl.RaftServerImpl (RaftServerImpl.java:<init>(95)) - 01ddd04e-873c-47a2-843b-0bba86a87443: new RaftServerImpl for group-52DD40189D0B:[01ddd04e-873c-47a2-843b-0bba86a87443:192.168.34.37:36576, 2d3bddf7-5e55-4833-926f-b331e5cd1612:192.168.34.37:43312, d65c2122-76ad-4590-8bd5-4069304cd132:192.168.34.37:45554] with ContainerStateMachine:uninitialized
2019-09-17 10:06:59,098 [pool-57-thread-1] INFO  storage.RaftStorageDirectory (RaftStorageDirectory.java:analyzeStorage(246)) - The storage directory /workdir/hadoop-ozone/integration-test/target/test-dir/MiniOzoneClusterImpl-99e3a453-5364-4b0b-a752-7eb5dbce83dc/datanode-3/data/ratis/ab7ab017-4b61-48b1-b103-52dd40189d0b does not exist. Creating ...
2019-09-17 10:06:59,098 [pool-27-thread-1] INFO  server.RaftServerConfigKeys (ConfUtils.java:logGet(43)) - raft.server.rpc.timeout.min = 5s (custom)
2019-09-17 10:06:59,099 [pool-27-thread-1] INFO  server.RaftServerConfigKeys (ConfUtils.java:logGet(43)) - raft.server.rpc.timeout.max = 5200ms (custom)
2019-09-17 10:06:59,099 [pool-37-thread-1] INFO  impl.RaftServerImpl (RaftServerImpl.java:<init>(95)) - d65c2122-76ad-4590-8bd5-4069304cd132: new RaftServerImpl for group-52DD40189D0B:[01ddd04e-873c-47a2-843b-0bba86a87443:192.168.34.37:36576, 2d3bddf7-5e55-4833-926f-b331e5cd1612:192.168.34.37:43312, d65c2122-76ad-4590-8bd5-4069304cd132:192.168.34.37:45554] with ContainerStateMachine:uninitialized
2019-09-17 10:06:59,099 [pool-27-thread-1] INFO  server.RaftServerConfigKeys (ConfUtils.java:logGet(43)) - raft.server.rpcslowness.timeout = 1000s (custom)
2019-09-17 10:06:59,099 [pool-37-thread-1] INFO  server.RaftServerConfigKeys (ConfUtils.java:logGet(43)) - raft.server.rpc.timeout.min = 5s (custom)
2019-09-17 10:06:59,099 [pool-27-thread-1] INFO  server.RaftServerConfigKeys (ConfUtils.java:logGet(43)) - raft.server.sleep.deviation.threshold = 300 (default)
2019-09-17 10:06:59,099 [pool-37-thread-1] INFO  server.RaftServerConfigKeys (ConfUtils.java:logGet(43)) - raft.server.rpc.timeout.max = 5200ms (custom)
2019-09-17 10:06:59,099 [pool-27-thread-1] INFO  server.RaftServerConfigKeys (ConfUtils.java:logGet(43)) - raft.server.log.appender.install.snapshot.enabled = false (custom)
2019-09-17 10:06:59,099 [pool-37-thread-1] INFO  server.RaftServerConfigKeys (ConfUtils.java:logGet(43)) - raft.server.rpcslowness.timeout = 1000s (custom)
2019-09-17 10:06:59,100 [pool-27-thread-1] INFO  impl.RaftServerImpl (ServerState.java:<init>(103)) - 01ddd04e-873c-47a2-843b-0bba86a87443@group-52DD40189D0B: ConfigurationManager, init=-1: [01ddd04e-873c-47a2-843b-0bba86a87443:192.168.34.37:36576, 2d3bddf7-5e55-4833-926f-b331e5cd1612:192.168.34.37:43312, d65c2122-76ad-4590-8bd5-4069304cd132:192.168.34.37:45554], old=null, confs=<EMPTY_MAP>
2019-09-17 10:06:59,100 [pool-37-thread-1] INFO  server.RaftServerConfigKeys (ConfUtils.java:logGet(43)) - raft.server.sleep.deviation.threshold = 300 (default)
2019-09-17 10:06:59,100 [pool-37-thread-1] INFO  server.RaftServerConfigKeys (ConfUtils.java:logGet(43)) - raft.server.log.appender.install.snapshot.enabled = false (custom)
2019-09-17 10:06:59,100 [pool-27-thread-1] INFO  server.RaftServerConfigKeys (ConfUtils.java:logGet(43)) - raft.server.storage.dir = [/workdir/hadoop-ozone/integration-test/target/test-dir/MiniOzoneClusterImpl-99e3a453-5364-4b0b-a752-7eb5dbce83dc/datanode-0/data/ratis] (custom)
2019-09-17 10:06:59,100 [pool-37-thread-1] INFO  impl.RaftServerImpl (ServerState.java:<init>(103)) - d65c2122-76ad-4590-8bd5-4069304cd132@group-52DD40189D0B: ConfigurationManager, init=-1: [01ddd04e-873c-47a2-843b-0bba86a87443:192.168.34.37:36576, 2d3bddf7-5e55-4833-926f-b331e5cd1612:192.168.34.37:43312, d65c2122-76ad-4590-8bd5-4069304cd132:192.168.34.37:45554], old=null, confs=<EMPTY_MAP>
2019-09-17 10:06:59,100 [pool-37-thread-1] INFO  server.RaftServerConfigKeys (ConfUtils.java:logGet(43)) - raft.server.storage.dir = [/workdir/hadoop-ozone/integration-test/target/test-dir/MiniOzoneClusterImpl-99e3a453-5364-4b0b-a752-7eb5dbce83dc/datanode-1/data/ratis] (custom)
2019-09-17 10:06:59,100 [pool-27-thread-1] INFO  storage.RaftStorageDirectory (RaftStorageDirectory.java:analyzeStorage(246)) - The storage directory /workdir/hadoop-ozone/integration-test/target/test-dir/MiniOzoneClusterImpl-99e3a453-5364-4b0b-a752-7eb5dbce83dc/datanode-0/data/ratis/ab7ab017-4b61-48b1-b103-52dd40189d0b does not exist. Creating ...
2019-09-17 10:06:59,101 [pool-37-thread-1] INFO  storage.RaftStorageDirectory (RaftStorageDirectory.java:analyzeStorage(246)) - The storage directory /workdir/hadoop-ozone/integration-test/target/test-dir/MiniOzoneClusterImpl-99e3a453-5364-4b0b-a752-7eb5dbce83dc/datanode-1/data/ratis/ab7ab017-4b61-48b1-b103-52dd40189d0b does not exist. Creating ...
2019-09-17 10:06:59,112 [pool-37-thread-1] INFO  storage.RaftStorageDirectory (RaftStorageDirectory.java:tryLock(328)) - Lock on /workdir/hadoop-ozone/integration-test/target/test-dir/MiniOzoneClusterImpl-99e3a453-5364-4b0b-a752-7eb5dbce83dc/datanode-1/data/ratis/ab7ab017-4b61-48b1-b103-52dd40189d0b/in_use.lock acquired by nodename 651@pr-hdds-2110-rdjw6-11158954
2019-09-17 10:06:59,112 [pool-27-thread-1] INFO  storage.RaftStorageDirectory (RaftStorageDirectory.java:tryLock(328)) - Lock on /workdir/hadoop-ozone/integration-test/target/test-dir/MiniOzoneClusterImpl-99e3a453-5364-4b0b-a752-7eb5dbce83dc/datanode-0/data/ratis/ab7ab017-4b61-48b1-b103-52dd40189d0b/in_use.lock acquired by nodename 651@pr-hdds-2110-rdjw6-11158954
2019-09-17 10:06:59,112 [pool-57-thread-1] INFO  storage.RaftStorageDirectory (RaftStorageDirectory.java:tryLock(328)) - Lock on /workdir/hadoop-ozone/integration-test/target/test-dir/MiniOzoneClusterImpl-99e3a453-5364-4b0b-a752-7eb5dbce83dc/datanode-3/data/ratis/ab7ab017-4b61-48b1-b103-52dd40189d0b/in_use.lock acquired by nodename 651@pr-hdds-2110-rdjw6-11158954
2019-09-17 10:06:59,126 [pool-37-thread-1] INFO  storage.RaftStorage (RaftStorage.java:format(72)) - Storage directory /workdir/hadoop-ozone/integration-test/target/test-dir/MiniOzoneClusterImpl-99e3a453-5364-4b0b-a752-7eb5dbce83dc/datanode-1/data/ratis/ab7ab017-4b61-48b1-b103-52dd40189d0b has been successfully formatted.
2019-09-17 10:06:59,126 [pool-27-thread-1] INFO  storage.RaftStorage (RaftStorage.java:format(72)) - Storage directory /workdir/hadoop-ozone/integration-test/target/test-dir/MiniOzoneClusterImpl-99e3a453-5364-4b0b-a752-7eb5dbce83dc/datanode-0/data/ratis/ab7ab017-4b61-48b1-b103-52dd40189d0b has been successfully formatted.
2019-09-17 10:06:59,126 [pool-57-thread-1] INFO  storage.RaftStorage (RaftStorage.java:format(72)) - Storage directory /workdir/hadoop-ozone/integration-test/target/test-dir/MiniOzoneClusterImpl-99e3a453-5364-4b0b-a752-7eb5dbce83dc/datanode-3/data/ratis/ab7ab017-4b61-48b1-b103-52dd40189d0b has been successfully formatted.
2019-09-17 10:06:59,127 [pool-37-thread-1] INFO  ratis.ContainerStateMachine (ContainerStateMachine.java:loadSnapshot(230)) - group-52DD40189D0B: The snapshot info is null. Setting the last applied indexto:(t:0, i:~)
2019-09-17 10:06:59,127 [pool-57-thread-1] INFO  ratis.ContainerStateMachine (ContainerStateMachine.java:loadSnapshot(230)) - group-52DD40189D0B: The snapshot info is null. Setting the last applied indexto:(t:0, i:~)
2019-09-17 10:06:59,127 [pool-37-thread-1] INFO  server.RaftServerConfigKeys (ConfUtils.java:logGet(43)) - raft.server.notification.no-leader.timeout = 1000s (custom)
2019-09-17 10:06:59,127 [pool-27-thread-1] INFO  ratis.ContainerStateMachine (ContainerStateMachine.java:loadSnapshot(230)) - group-52DD40189D0B: The snapshot info is null. Setting the last applied indexto:(t:0, i:~)
2019-09-17 10:06:59,127 [pool-37-thread-1] INFO  server.RaftServerConfigKeys (ConfUtils.java:logGet(43)) - raft.server.log.use.memory = false (default)
2019-09-17 10:06:59,127 [pool-57-thread-1] INFO  server.RaftServerConfigKeys (ConfUtils.java:logGet(43)) - raft.server.notification.no-leader.timeout = 1000s (custom)
2019-09-17 10:06:59,127 [pool-37-thread-1] INFO  server.RaftServerConfigKeys (ConfUtils.java:logGet(43)) - raft.server.log.purge.gap = 1000000 (custom)
2019-09-17 10:06:59,127 [pool-27-thread-1] INFO  server.RaftServerConfigKeys (ConfUtils.java:logGet(43)) - raft.server.notification.no-leader.timeout = 1000s (custom)
2019-09-17 10:06:59,127 [pool-37-thread-1] INFO  server.RaftServerConfigKeys (ConfUtils.java:logGet(43)) - raft.server.log.appender.buffer.byte-limit = 33554432 (custom)
2019-09-17 10:06:59,127 [pool-57-thread-1] INFO  server.RaftServerConfigKeys (ConfUtils.java:logGet(43)) - raft.server.log.use.memory = false (default)
2019-09-17 10:06:59,128 [pool-37-thread-1] INFO  server.RaftServerConfigKeys (ConfUtils.java:logGet(43)) - raft.server.log.segment.size.max = 1048576 (custom)
2019-09-17 10:06:59,128 [pool-27-thread-1] INFO  server.RaftServerConfigKeys (ConfUtils.java:logGet(43)) - raft.server.log.use.memory = false (default)
2019-09-17 10:06:59,128 [pool-37-thread-1] INFO  server.RaftServerConfigKeys (ConfUtils.java:logGet(43)) - raft.server.log.segment.cache.num.max = 2 (custom)
2019-09-17 10:06:59,128 [pool-57-thread-1] INFO  server.RaftServerConfigKeys (ConfUtils.java:logGet(43)) - raft.server.log.purge.gap = 1000000 (custom)
2019-09-17 10:06:59,128 [pool-37-thread-1] INFO  segmented.SegmentedRaftLogWorker (SegmentedRaftLogWorker.java:<init>(172)) - new d65c2122-76ad-4590-8bd5-4069304cd132@group-52DD40189D0B-SegmentedRaftLogWorker for RaftStorage:Storage Directory /workdir/hadoop-ozone/integration-test/target/test-dir/MiniOzoneClusterImpl-99e3a453-5364-4b0b-a752-7eb5dbce83dc/datanode-1/data/ratis/ab7ab017-4b61-48b1-b103-52dd40189d0b
2019-09-17 10:06:59,128 [pool-27-thread-1] INFO  server.RaftServerConfigKeys (ConfUtils.java:logGet(43)) - raft.server.log.purge.gap = 1000000 (custom)
2019-09-17 10:06:59,128 [pool-37-thread-1] INFO  server.RaftServerConfigKeys (ConfUtils.java:logGet(43)) - raft.server.log.queue.byte-limit = 2147483647 (custom)
2019-09-17 10:06:59,128 [pool-57-thread-1] INFO  server.RaftServerConfigKeys (ConfUtils.java:logGet(43)) - raft.server.log.appender.buffer.byte-limit = 33554432 (custom)
2019-09-17 10:06:59,129 [pool-37-thread-1] INFO  server.RaftServerConfigKeys (ConfUtils.java:logGet(43)) - raft.server.log.queue.element-limit = 1024 (custom)
2019-09-17 10:06:59,128 [pool-27-thread-1] INFO  server.RaftServerConfigKeys (ConfUtils.java:logGet(43)) - raft.server.log.appender.buffer.byte-limit = 33554432 (custom)
2019-09-17 10:06:59,129 [pool-37-thread-1] INFO  server.RaftServerConfigKeys (ConfUtils.java:logGet(43)) - raft.server.log.segment.size.max = 1048576 (custom)
2019-09-17 10:06:59,129 [pool-57-thread-1] INFO  server.RaftServerConfigKeys (ConfUtils.java:logGet(43)) - raft.server.log.segment.size.max = 1048576 (custom)
2019-09-17 10:06:59,129 [pool-37-thread-1] INFO  server.RaftServerConfigKeys (ConfUtils.java:logGet(43)) - raft.server.log.preallocated.size = 16384 (custom)
2019-09-17 10:06:59,129 [pool-27-thread-1] INFO  server.RaftServerConfigKeys (ConfUtils.java:logGet(43)) - raft.server.log.segment.size.max = 1048576 (custom)
2019-09-17 10:06:59,129 [pool-37-thread-1] INFO  server.RaftServerConfigKeys (ConfUtils.java:logGet(43)) - raft.server.log.write.buffer.size = 33554432 (custom)
2019-09-17 10:06:59,129 [pool-57-thread-1] INFO  server.RaftServerConfigKeys (ConfUtils.java:logGet(43)) - raft.server.log.segment.cache.num.max = 2 (custom)
2019-09-17 10:06:59,129 [pool-37-thread-1] INFO  server.RaftServerConfigKeys (ConfUtils.java:logGet(43)) - raft.server.log.force.sync.num = 128 (default)
2019-09-17 10:06:59,129 [pool-27-thread-1] INFO  server.RaftServerConfigKeys (ConfUtils.java:logGet(43)) - raft.server.log.segment.cache.num.max = 2 (custom)
2019-09-17 10:06:59,130 [pool-37-thread-1] INFO  server.RaftServerConfigKeys (ConfUtils.java:logGet(43)) - raft.server.log.statemachine.data.sync = true (default)
2019-09-17 10:06:59,130 [pool-57-thread-1] INFO  segmented.SegmentedRaftLogWorker (SegmentedRaftLogWorker.java:<init>(172)) - new 2d3bddf7-5e55-4833-926f-b331e5cd1612@group-52DD40189D0B-SegmentedRaftLogWorker for RaftStorage:Storage Directory /workdir/hadoop-ozone/integration-test/target/test-dir/MiniOzoneClusterImpl-99e3a453-5364-4b0b-a752-7eb5dbce83dc/datanode-3/data/ratis/ab7ab017-4b61-48b1-b103-52dd40189d0b
2019-09-17 10:06:59,130 [pool-37-thread-1] INFO  server.RaftServerConfigKeys (ConfUtils.java:logGet(43)) - raft.server.log.statemachine.data.sync.timeout = 10s (default)
2019-09-17 10:06:59,130 [pool-27-thread-1] INFO  segmented.SegmentedRaftLogWorker (SegmentedRaftLogWorker.java:<init>(172)) - new 01ddd04e-873c-47a2-843b-0bba86a87443@group-52DD40189D0B-SegmentedRaftLogWorker for RaftStorage:Storage Directory /workdir/hadoop-ozone/integration-test/target/test-dir/MiniOzoneClusterImpl-99e3a453-5364-4b0b-a752-7eb5dbce83dc/datanode-0/data/ratis/ab7ab017-4b61-48b1-b103-52dd40189d0b
2019-09-17 10:06:59,130 [pool-37-thread-1] INFO  server.RaftServerConfigKeys (ConfUtils.java:logGet(43)) - raft.server.log.statemachine.data.sync.timeout.retry = -1 (default)
2019-09-17 10:06:59,130 [pool-57-thread-1] INFO  server.RaftServerConfigKeys (ConfUtils.java:logGet(43)) - raft.server.log.queue.byte-limit = 2147483647 (custom)
2019-09-17 10:06:59,131 [pool-37-thread-1] INFO  server.RaftServerConfigKeys (ConfUtils.java:logGet(43)) - raft.server.log.statemachine.data.caching.enabled = true (custom)
2019-09-17 10:06:59,130 [pool-27-thread-1] INFO  server.RaftServerConfigKeys (ConfUtils.java:logGet(43)) - raft.server.log.queue.byte-limit = 2147483647 (custom)
2019-09-17 10:06:59,131 [pool-57-thread-1] INFO  server.RaftServerConfigKeys (ConfUtils.java:logGet(43)) - raft.server.log.queue.element-limit = 1024 (custom)
2019-09-17 10:06:59,131 [pool-27-thread-1] INFO  server.RaftServerConfigKeys (ConfUtils.java:logGet(43)) - raft.server.log.queue.element-limit = 1024 (custom)
2019-09-17 10:06:59,131 [pool-57-thread-1] INFO  server.RaftServerConfigKeys (ConfUtils.java:logGet(43)) - raft.server.log.segment.size.max = 1048576 (custom)
2019-09-17 10:06:59,131 [pool-37-thread-1] INFO  segmented.SegmentedRaftLogWorker (SegmentedRaftLogWorker.java:lambda$new$0(132)) - d65c2122-76ad-4590-8bd5-4069304cd132@group-52DD40189D0B-SegmentedRaftLogWorker: flushIndex: setUnconditionally 0 -> -1
2019-09-17 10:06:59,131 [pool-57-thread-1] INFO  server.RaftServerConfigKeys (ConfUtils.java:logGet(43)) - raft.server.log.preallocated.size = 16384 (custom)
2019-09-17 10:06:59,131 [pool-27-thread-1] INFO  server.RaftServerConfigKeys (ConfUtils.java:logGet(43)) - raft.server.log.segment.size.max = 1048576 (custom)
2019-09-17 10:06:59,131 [pool-37-thread-1] INFO  server.RaftServerConfigKeys (ConfUtils.java:logGet(43)) - raft.server.snapshot.auto.trigger.enabled = true (custom)
2019-09-17 10:06:59,131 [pool-57-thread-1] INFO  server.RaftServerConfigKeys (ConfUtils.java:logGet(43)) - raft.server.log.write.buffer.size = 33554432 (custom)
2019-09-17 10:06:59,132 [pool-37-thread-1] INFO  server.RaftServerConfigKeys (ConfUtils.java:logGet(43)) - raft.server.snapshot.auto.trigger.threshold = 10000 (custom)
2019-09-17 10:06:59,132 [pool-27-thread-1] INFO  server.RaftServerConfigKeys (ConfUtils.java:logGet(43)) - raft.server.log.preallocated.size = 16384 (custom)
2019-09-17 10:06:59,132 [pool-37-thread-1] INFO  server.RaftServerConfigKeys (ConfUtils.java:logGet(43)) - raft.server.snapshot.retention.num.files = -1 (default)
2019-09-17 10:06:59,132 [pool-57-thread-1] INFO  server.RaftServerConfigKeys (ConfUtils.java:logGet(43)) - raft.server.log.force.sync.num = 128 (default)
2019-09-17 10:06:59,132 [pool-27-thread-1] INFO  server.RaftServerConfigKeys (ConfUtils.java:logGet(43)) - raft.server.log.write.buffer.size = 33554432 (custom)
2019-09-17 10:06:59,132 [pool-37-thread-1] INFO  server.RaftServerConfigKeys (ConfUtils.java:logGet(43)) - raft.server.retrycache.expirytime = 600000ms (custom)
2019-09-17 10:06:59,132 [pool-57-thread-1] INFO  server.RaftServerConfigKeys (ConfUtils.java:logGet(43)) - raft.server.log.statemachine.data.sync = true (default)
2019-09-17 10:06:59,132 [pool-27-thread-1] INFO  server.RaftServerConfigKeys (ConfUtils.java:logGet(43)) - raft.server.log.force.sync.num = 128 (default)
2019-09-17 10:06:59,133 [pool-57-thread-1] INFO  server.RaftServerConfigKeys (ConfUtils.java:logGet(43)) - raft.server.log.statemachine.data.sync.timeout = 10s (default)
2019-09-17 10:06:59,133 [pool-27-thread-1] INFO  server.RaftServerConfigKeys (ConfUtils.java:logGet(43)) - raft.server.log.statemachine.data.sync = true (default)
2019-09-17 10:06:59,133 [pool-57-thread-1] INFO  server.RaftServerConfigKeys (ConfUtils.java:logGet(43)) - raft.server.log.statemachine.data.sync.timeout.retry = -1 (default)
2019-09-17 10:06:59,133 [pool-27-thread-1] INFO  server.RaftServerConfigKeys (ConfUtils.java:logGet(43)) - raft.server.log.statemachine.data.sync.timeout = 10s (default)
2019-09-17 10:06:59,133 [pool-57-thread-1] INFO  server.RaftServerConfigKeys (ConfUtils.java:logGet(43)) - raft.server.log.statemachine.data.caching.enabled = true (custom)
2019-09-17 10:06:59,133 [pool-27-thread-1] INFO  server.RaftServerConfigKeys (ConfUtils.java:logGet(43)) - raft.server.log.statemachine.data.sync.timeout.retry = -1 (default)
2019-09-17 10:06:59,133 [pool-57-thread-1] INFO  segmented.SegmentedRaftLogWorker (SegmentedRaftLogWorker.java:lambda$new$0(132)) - 2d3bddf7-5e55-4833-926f-b331e5cd1612@group-52DD40189D0B-SegmentedRaftLogWorker: flushIndex: setUnconditionally 0 -> -1
2019-09-17 10:06:59,133 [pool-27-thread-1] INFO  server.RaftServerConfigKeys (ConfUtils.java:logGet(43)) - raft.server.log.statemachine.data.caching.enabled = true (custom)
2019-09-17 10:06:59,134 [pool-57-thread-1] INFO  server.RaftServerConfigKeys (ConfUtils.java:logGet(43)) - raft.server.snapshot.auto.trigger.enabled = true (custom)
2019-09-17 10:06:59,134 [pool-57-thread-1] INFO  server.RaftServerConfigKeys (ConfUtils.java:logGet(43)) - raft.server.snapshot.auto.trigger.threshold = 10000 (custom)
2019-09-17 10:06:59,134 [pool-27-thread-1] INFO  segmented.SegmentedRaftLogWorker (SegmentedRaftLogWorker.java:lambda$new$0(132)) - 01ddd04e-873c-47a2-843b-0bba86a87443@group-52DD40189D0B-SegmentedRaftLogWorker: flushIndex: setUnconditionally 0 -> -1
2019-09-17 10:06:59,134 [pool-57-thread-1] INFO  server.RaftServerConfigKeys (ConfUtils.java:logGet(43)) - raft.server.snapshot.retention.num.files = -1 (default)
2019-09-17 10:06:59,134 [pool-27-thread-1] INFO  server.RaftServerConfigKeys (ConfUtils.java:logGet(43)) - raft.server.snapshot.auto.trigger.enabled = true (custom)
2019-09-17 10:06:59,134 [pool-57-thread-1] INFO  server.RaftServerConfigKeys (ConfUtils.java:logGet(43)) - raft.server.retrycache.expirytime = 600000ms (custom)
2019-09-17 10:06:59,134 [pool-27-thread-1] INFO  server.RaftServerConfigKeys (ConfUtils.java:logGet(43)) - raft.server.snapshot.auto.trigger.threshold = 10000 (custom)
2019-09-17 10:06:59,134 [pool-27-thread-1] INFO  server.RaftServerConfigKeys (ConfUtils.java:logGet(43)) - raft.server.snapshot.retention.num.files = -1 (default)
2019-09-17 10:06:59,135 [pool-27-thread-1] INFO  server.RaftServerConfigKeys (ConfUtils.java:logGet(43)) - raft.server.retrycache.expirytime = 600000ms (custom)
2019-09-17 10:06:59,136 [pool-37-thread-1] INFO  impl.RaftServerImpl (RaftServerImpl.java:start(185)) - d65c2122-76ad-4590-8bd5-4069304cd132@group-52DD40189D0B: start as a follower, conf=-1: [01ddd04e-873c-47a2-843b-0bba86a87443:192.168.34.37:36576, 2d3bddf7-5e55-4833-926f-b331e5cd1612:192.168.34.37:43312, d65c2122-76ad-4590-8bd5-4069304cd132:192.168.34.37:45554], old=null
2019-09-17 10:06:59,136 [pool-37-thread-1] INFO  impl.RaftServerImpl (RaftServerImpl.java:setRole(174)) - d65c2122-76ad-4590-8bd5-4069304cd132@group-52DD40189D0B: changes role from      null to FOLLOWER at term 0 for startAsFollower
2019-09-17 10:06:59,137 [pool-37-thread-1] INFO  impl.RoleInfo (RoleInfo.java:updateAndGet(143)) - d65c2122-76ad-4590-8bd5-4069304cd132: start FollowerState
2019-09-17 10:06:59,137 [pool-37-thread-1] INFO  util.JmxRegister (JmxRegister.java:tryRegister(44)) - Successfully registered JMX Bean with object name Ratis:service=RaftServer,group=group-52DD40189D0B,id=d65c2122-76ad-4590-8bd5-4069304cd132
2019-09-17 10:06:59,138 [pool-57-thread-1] INFO  impl.RaftServerImpl (RaftServerImpl.java:start(185)) - 2d3bddf7-5e55-4833-926f-b331e5cd1612@group-52DD40189D0B: start as a follower, conf=-1: [01ddd04e-873c-47a2-843b-0bba86a87443:192.168.34.37:36576, 2d3bddf7-5e55-4833-926f-b331e5cd1612:192.168.34.37:43312, d65c2122-76ad-4590-8bd5-4069304cd132:192.168.34.37:45554], old=null
2019-09-17 10:06:59,138 [pool-57-thread-1] INFO  impl.RaftServerImpl (RaftServerImpl.java:setRole(174)) - 2d3bddf7-5e55-4833-926f-b331e5cd1612@group-52DD40189D0B: changes role from      null to FOLLOWER at term 0 for startAsFollower
2019-09-17 10:06:59,138 [pool-27-thread-1] INFO  impl.RaftServerImpl (RaftServerImpl.java:start(185)) - 01ddd04e-873c-47a2-843b-0bba86a87443@group-52DD40189D0B: start as a follower, conf=-1: [01ddd04e-873c-47a2-843b-0bba86a87443:192.168.34.37:36576, 2d3bddf7-5e55-4833-926f-b331e5cd1612:192.168.34.37:43312, d65c2122-76ad-4590-8bd5-4069304cd132:192.168.34.37:45554], old=null
2019-09-17 10:06:59,140 [pool-57-thread-1] INFO  impl.RoleInfo (RoleInfo.java:updateAndGet(143)) - 2d3bddf7-5e55-4833-926f-b331e5cd1612: start FollowerState
2019-09-17 10:06:59,140 [pool-27-thread-1] INFO  impl.RaftServerImpl (RaftServerImpl.java:setRole(174)) - 01ddd04e-873c-47a2-843b-0bba86a87443@group-52DD40189D0B: changes role from      null to FOLLOWER at term 0 for startAsFollower
2019-09-17 10:06:59,140 [pool-27-thread-1] INFO  impl.RoleInfo (RoleInfo.java:updateAndGet(143)) - 01ddd04e-873c-47a2-843b-0bba86a87443: start FollowerState
2019-09-17 10:06:59,140 [pool-57-thread-1] INFO  util.JmxRegister (JmxRegister.java:tryRegister(44)) - Successfully registered JMX Bean with object name Ratis:service=RaftServer,group=group-52DD40189D0B,id=2d3bddf7-5e55-4833-926f-b331e5cd1612
2019-09-17 10:06:59,140 [pool-27-thread-1] INFO  util.JmxRegister (JmxRegister.java:tryRegister(44)) - Successfully registered JMX Bean with object name Ratis:service=RaftServer,group=group-52DD40189D0B,id=01ddd04e-873c-47a2-843b-0bba86a87443
2019-09-17 10:06:59,157 [RatisPipelineUtilsThread] INFO  pipeline.PipelineStateManager (PipelineStateManager.java:addPipeline(56)) - Created pipeline Pipeline[ Id: ab7ab017-4b61-48b1-b103-52dd40189d0b, Nodes: d65c2122-76ad-4590-8bd5-4069304cd132{ip: 192.168.34.37, host: pr-hdds-2110-rdjw6-11158954, networkLocation: /default-rack, certSerialId: null}01ddd04e-873c-47a2-843b-0bba86a87443{ip: 192.168.34.37, host: pr-hdds-2110-rdjw6-11158954, networkLocation: /default-rack, certSerialId: null}2d3bddf7-5e55-4833-926f-b331e5cd1612{ip: 192.168.34.37, host: pr-hdds-2110-rdjw6-11158954, networkLocation: /default-rack, certSerialId: null}, Type:RATIS, Factor:THREE, State:OPEN]
2019-09-17 10:06:59,183 [main] INFO  ozone.MiniOzoneClusterImpl (MiniOzoneClusterImpl.java:lambda$waitForClusterToBeReady$0(140)) - Cluster is ready. Got 4 of 4 DN Heartbeats.
2019-09-17 10:06:59,186 [main] INFO  container.ReplicationManager (ReplicationManager.java:start(162)) - Starting Replication Monitor Thread.
2019-09-17 10:06:59,188 [ReplicationMonitor] INFO  container.ReplicationManager (ReplicationManager.java:run(225)) - Replication Monitor Thread took 0 milliseconds for processing 0 containers.
2019-09-17 10:06:59,619 [main] INFO  rpc.RpcClient (RpcClient.java:createVolume(301)) - Creating Volume: testcontainerstatemachinefailures, with jenkins1000 as owner.
2019-09-17 10:06:59,712 [IPC Server handler 1 on 37973] INFO  volume.OMVolumeCreateRequest (OMVolumeCreateRequest.java:validateAndUpdateCache(189)) - created volume:testcontainerstatemachinefailures for user:jenkins1000
2019-09-17 10:06:59,736 [main] INFO  rpc.RpcClient (RpcClient.java:createBucket(440)) - Creating Bucket: testcontainerstatemachinefailures/testcontainerstatemachinefailures, with Versioning false and Storage Type set to DISK and Encryption set to false 
2019-09-17 10:07:00,261 [EventQueue-StaleNodeForStaleNodeHandler] INFO  node.StaleNodeHandler (StaleNodeHandler.java:onMessage(58)) - Datanode d65c2122-76ad-4590-8bd5-4069304cd132{ip: 192.168.34.37, host: pr-hdds-2110-rdjw6-11158954, networkLocation: /default-rack, certSerialId: null} moved to stale state. Finalizing its pipelines [PipelineID=ab7ab017-4b61-48b1-b103-52dd40189d0b, PipelineID=1ae36b0c-f8f7-4320-8ed5-67b8f495984a]
2019-09-17 10:07:00,265 [EventQueue-StaleNodeForStaleNodeHandler] INFO  pipeline.SCMPipelineManager (SCMPipelineManager.java:finalizeAndDestroyPipeline(311)) - destroying pipeline:Pipeline[ Id: ab7ab017-4b61-48b1-b103-52dd40189d0b, Nodes: d65c2122-76ad-4590-8bd5-4069304cd132{ip: 192.168.34.37, host: pr-hdds-2110-rdjw6-11158954, networkLocation: /default-rack, certSerialId: null}01ddd04e-873c-47a2-843b-0bba86a87443{ip: 192.168.34.37, host: pr-hdds-2110-rdjw6-11158954, networkLocation: /default-rack, certSerialId: null}2d3bddf7-5e55-4833-926f-b331e5cd1612{ip: 192.168.34.37, host: pr-hdds-2110-rdjw6-11158954, networkLocation: /default-rack, certSerialId: null}, Type:RATIS, Factor:THREE, State:OPEN]
2019-09-17 10:07:00,268 [EventQueue-StaleNodeForStaleNodeHandler] INFO  pipeline.PipelineStateManager (PipelineStateManager.java:finalizePipeline(123)) - Pipeline Pipeline[ Id: ab7ab017-4b61-48b1-b103-52dd40189d0b, Nodes: d65c2122-76ad-4590-8bd5-4069304cd132{ip: 192.168.34.37, host: pr-hdds-2110-rdjw6-11158954, networkLocation: /default-rack, certSerialId: null}01ddd04e-873c-47a2-843b-0bba86a87443{ip: 192.168.34.37, host: pr-hdds-2110-rdjw6-11158954, networkLocation: /default-rack, certSerialId: null}2d3bddf7-5e55-4833-926f-b331e5cd1612{ip: 192.168.34.37, host: pr-hdds-2110-rdjw6-11158954, networkLocation: /default-rack, certSerialId: null}, Type:RATIS, Factor:THREE, State:CLOSED] moved to CLOSED state
2019-09-17 10:07:00,269 [EventQueue-CloseContainerForCloseContainerEventHandler] INFO  container.CloseContainerEventHandler (CloseContainerEventHandler.java:onMessage(61)) - Close container Event triggered for container : #1
2019-09-17 10:07:00,272 [EventQueue-StaleNodeForStaleNodeHandler] INFO  pipeline.SCMPipelineManager (SCMPipelineManager.java:finalizeAndDestroyPipeline(311)) - destroying pipeline:Pipeline[ Id: 1ae36b0c-f8f7-4320-8ed5-67b8f495984a, Nodes: d65c2122-76ad-4590-8bd5-4069304cd132{ip: 192.168.34.37, host: pr-hdds-2110-rdjw6-11158954, networkLocation: /default-rack, certSerialId: null}, Type:RATIS, Factor:ONE, State:OPEN]
2019-09-17 10:07:00,280 [EventQueue-StaleNodeForStaleNodeHandler] INFO  pipeline.PipelineStateManager (PipelineStateManager.java:finalizePipeline(123)) - Pipeline Pipeline[ Id: 1ae36b0c-f8f7-4320-8ed5-67b8f495984a, Nodes: d65c2122-76ad-4590-8bd5-4069304cd132{ip: 192.168.34.37, host: pr-hdds-2110-rdjw6-11158954, networkLocation: /default-rack, certSerialId: null}, Type:RATIS, Factor:ONE, State:CLOSED] moved to CLOSED state
2019-09-17 10:07:00,299 [EventQueue-StaleNodeForStaleNodeHandler] INFO  node.StaleNodeHandler (StaleNodeHandler.java:onMessage(58)) - Datanode 01ddd04e-873c-47a2-843b-0bba86a87443{ip: 192.168.34.37, host: pr-hdds-2110-rdjw6-11158954, networkLocation: /default-rack, certSerialId: null} moved to stale state. Finalizing its pipelines [PipelineID=ab7ab017-4b61-48b1-b103-52dd40189d0b, PipelineID=cfcd86db-c2e0-4aa8-98ea-d747c3920934]
2019-09-17 10:07:00,299 [EventQueue-StaleNodeForStaleNodeHandler] INFO  pipeline.SCMPipelineManager (SCMPipelineManager.java:finalizeAndDestroyPipeline(311)) - destroying pipeline:Pipeline[ Id: ab7ab017-4b61-48b1-b103-52dd40189d0b, Nodes: d65c2122-76ad-4590-8bd5-4069304cd132{ip: 192.168.34.37, host: pr-hdds-2110-rdjw6-11158954, networkLocation: /default-rack, certSerialId: null}01ddd04e-873c-47a2-843b-0bba86a87443{ip: 192.168.34.37, host: pr-hdds-2110-rdjw6-11158954, networkLocation: /default-rack, certSerialId: null}2d3bddf7-5e55-4833-926f-b331e5cd1612{ip: 192.168.34.37, host: pr-hdds-2110-rdjw6-11158954, networkLocation: /default-rack, certSerialId: null}, Type:RATIS, Factor:THREE, State:CLOSED]
2019-09-17 10:07:00,300 [EventQueue-StaleNodeForStaleNodeHandler] INFO  pipeline.SCMPipelineManager (SCMPipelineManager.java:finalizeAndDestroyPipeline(311)) - destroying pipeline:Pipeline[ Id: cfcd86db-c2e0-4aa8-98ea-d747c3920934, Nodes: 01ddd04e-873c-47a2-843b-0bba86a87443{ip: 192.168.34.37, host: pr-hdds-2110-rdjw6-11158954, networkLocation: /default-rack, certSerialId: null}, Type:RATIS, Factor:ONE, State:OPEN]
2019-09-17 10:07:00,300 [EventQueue-StaleNodeForStaleNodeHandler] INFO  pipeline.PipelineStateManager (PipelineStateManager.java:finalizePipeline(123)) - Pipeline Pipeline[ Id: cfcd86db-c2e0-4aa8-98ea-d747c3920934, Nodes: 01ddd04e-873c-47a2-843b-0bba86a87443{ip: 192.168.34.37, host: pr-hdds-2110-rdjw6-11158954, networkLocation: /default-rack, certSerialId: null}, Type:RATIS, Factor:ONE, State:CLOSED] moved to CLOSED state
2019-09-17 10:07:00,302 [EventQueue-StaleNodeForStaleNodeHandler] INFO  node.StaleNodeHandler (StaleNodeHandler.java:onMessage(58)) - Datanode 2d3bddf7-5e55-4833-926f-b331e5cd1612{ip: 192.168.34.37, host: pr-hdds-2110-rdjw6-11158954, networkLocation: /default-rack, certSerialId: null} moved to stale state. Finalizing its pipelines [PipelineID=ab7ab017-4b61-48b1-b103-52dd40189d0b, PipelineID=82f689b6-cb8f-4133-a8be-13d7247641bb]
2019-09-17 10:07:00,302 [EventQueue-StaleNodeForStaleNodeHandler] INFO  pipeline.SCMPipelineManager (SCMPipelineManager.java:finalizeAndDestroyPipeline(311)) - destroying pipeline:Pipeline[ Id: ab7ab017-4b61-48b1-b103-52dd40189d0b, Nodes: d65c2122-76ad-4590-8bd5-4069304cd132{ip: 192.168.34.37, host: pr-hdds-2110-rdjw6-11158954, networkLocation: /default-rack, certSerialId: null}01ddd04e-873c-47a2-843b-0bba86a87443{ip: 192.168.34.37, host: pr-hdds-2110-rdjw6-11158954, networkLocation: /default-rack, certSerialId: null}2d3bddf7-5e55-4833-926f-b331e5cd1612{ip: 192.168.34.37, host: pr-hdds-2110-rdjw6-11158954, networkLocation: /default-rack, certSerialId: null}, Type:RATIS, Factor:THREE, State:CLOSED]
2019-09-17 10:07:00,302 [EventQueue-StaleNodeForStaleNodeHandler] INFO  pipeline.SCMPipelineManager (SCMPipelineManager.java:finalizeAndDestroyPipeline(311)) - destroying pipeline:Pipeline[ Id: 82f689b6-cb8f-4133-a8be-13d7247641bb, Nodes: 2d3bddf7-5e55-4833-926f-b331e5cd1612{ip: 192.168.34.37, host: pr-hdds-2110-rdjw6-11158954, networkLocation: /default-rack, certSerialId: null}, Type:RATIS, Factor:ONE, State:OPEN]
2019-09-17 10:07:00,303 [EventQueue-StaleNodeForStaleNodeHandler] INFO  pipeline.PipelineStateManager (PipelineStateManager.java:finalizePipeline(123)) - Pipeline Pipeline[ Id: 82f689b6-cb8f-4133-a8be-13d7247641bb, Nodes: 2d3bddf7-5e55-4833-926f-b331e5cd1612{ip: 192.168.34.37, host: pr-hdds-2110-rdjw6-11158954, networkLocation: /default-rack, certSerialId: null}, Type:RATIS, Factor:ONE, State:CLOSED] moved to CLOSED state
2019-09-17 10:07:00,303 [EventQueue-StaleNodeForStaleNodeHandler] INFO  node.StaleNodeHandler (StaleNodeHandler.java:onMessage(58)) - Datanode 0dd15b35-2362-4edc-a10a-41adb2053487{ip: 192.168.34.37, host: pr-hdds-2110-rdjw6-11158954, networkLocation: /default-rack, certSerialId: null} moved to stale state. Finalizing its pipelines [PipelineID=2afb98e1-0340-4e23-8fba-3068d18d3d2b]
2019-09-17 10:07:00,303 [EventQueue-StaleNodeForStaleNodeHandler] INFO  pipeline.SCMPipelineManager (SCMPipelineManager.java:finalizeAndDestroyPipeline(311)) - destroying pipeline:Pipeline[ Id: 2afb98e1-0340-4e23-8fba-3068d18d3d2b, Nodes: 0dd15b35-2362-4edc-a10a-41adb2053487{ip: 192.168.34.37, host: pr-hdds-2110-rdjw6-11158954, networkLocation: /default-rack, certSerialId: null}, Type:RATIS, Factor:ONE, State:OPEN]
2019-09-17 10:07:00,303 [EventQueue-StaleNodeForStaleNodeHandler] INFO  pipeline.PipelineStateManager (PipelineStateManager.java:finalizePipeline(123)) - Pipeline Pipeline[ Id: 2afb98e1-0340-4e23-8fba-3068d18d3d2b, Nodes: 0dd15b35-2362-4edc-a10a-41adb2053487{ip: 192.168.34.37, host: pr-hdds-2110-rdjw6-11158954, networkLocation: /default-rack, certSerialId: null}, Type:RATIS, Factor:ONE, State:CLOSED] moved to CLOSED state
2019-09-17 10:07:00,319 [main] INFO  impl.MetricsSystemImpl (MetricsSystemImpl.java:init(158)) - XceiverClientMetrics metrics system started (again)
2019-09-17 10:07:00,374 [grpc-default-executor-2] INFO  impl.RaftServerProxy (RaftServerProxy.java:addNew(89)) - d65c2122-76ad-4590-8bd5-4069304cd132: addNew group-A91B6947E1B7:[d65c2122-76ad-4590-8bd5-4069304cd132:192.168.34.37:45554] returns group-A91B6947E1B7:java.util.concurrent.CompletableFuture@561480d0[Not completed]
2019-09-17 10:07:00,375 [pool-37-thread-1] INFO  impl.RaftServerImpl (RaftServerImpl.java:<init>(95)) - d65c2122-76ad-4590-8bd5-4069304cd132: new RaftServerImpl for group-A91B6947E1B7:[d65c2122-76ad-4590-8bd5-4069304cd132:192.168.34.37:45554] with ContainerStateMachine:uninitialized
2019-09-17 10:07:00,376 [pool-37-thread-1] INFO  server.RaftServerConfigKeys (ConfUtils.java:logGet(43)) - raft.server.rpc.timeout.min = 5s (custom)
2019-09-17 10:07:00,376 [pool-37-thread-1] INFO  server.RaftServerConfigKeys (ConfUtils.java:logGet(43)) - raft.server.rpc.timeout.max = 5200ms (custom)
2019-09-17 10:07:00,376 [pool-37-thread-1] INFO  server.RaftServerConfigKeys (ConfUtils.java:logGet(43)) - raft.server.rpcslowness.timeout = 1000s (custom)
2019-09-17 10:07:00,376 [pool-37-thread-1] INFO  server.RaftServerConfigKeys (ConfUtils.java:logGet(43)) - raft.server.sleep.deviation.threshold = 300 (default)
2019-09-17 10:07:00,376 [pool-37-thread-1] INFO  server.RaftServerConfigKeys (ConfUtils.java:logGet(43)) - raft.server.log.appender.install.snapshot.enabled = false (custom)
2019-09-17 10:07:00,377 [pool-37-thread-1] INFO  impl.RaftServerImpl (ServerState.java:<init>(103)) - d65c2122-76ad-4590-8bd5-4069304cd132@group-A91B6947E1B7: ConfigurationManager, init=-1: [d65c2122-76ad-4590-8bd5-4069304cd132:192.168.34.37:45554], old=null, confs=<EMPTY_MAP>
2019-09-17 10:07:00,377 [pool-37-thread-1] INFO  server.RaftServerConfigKeys (ConfUtils.java:logGet(43)) - raft.server.storage.dir = [/workdir/hadoop-ozone/integration-test/target/test-dir/MiniOzoneClusterImpl-99e3a453-5364-4b0b-a752-7eb5dbce83dc/datanode-1/data/ratis] (custom)
2019-09-17 10:07:00,377 [pool-37-thread-1] INFO  storage.RaftStorageDirectory (RaftStorageDirectory.java:analyzeStorage(246)) - The storage directory /workdir/hadoop-ozone/integration-test/target/test-dir/MiniOzoneClusterImpl-99e3a453-5364-4b0b-a752-7eb5dbce83dc/datanode-1/data/ratis/bed908a9-9725-41b9-ad24-a91b6947e1b7 does not exist. Creating ...
2019-09-17 10:07:00,391 [pool-37-thread-1] INFO  storage.RaftStorageDirectory (RaftStorageDirectory.java:tryLock(328)) - Lock on /workdir/hadoop-ozone/integration-test/target/test-dir/MiniOzoneClusterImpl-99e3a453-5364-4b0b-a752-7eb5dbce83dc/datanode-1/data/ratis/bed908a9-9725-41b9-ad24-a91b6947e1b7/in_use.lock acquired by nodename 651@pr-hdds-2110-rdjw6-11158954
2019-09-17 10:07:00,405 [pool-37-thread-1] INFO  storage.RaftStorage (RaftStorage.java:format(72)) - Storage directory /workdir/hadoop-ozone/integration-test/target/test-dir/MiniOzoneClusterImpl-99e3a453-5364-4b0b-a752-7eb5dbce83dc/datanode-1/data/ratis/bed908a9-9725-41b9-ad24-a91b6947e1b7 has been successfully formatted.
2019-09-17 10:07:00,405 [pool-37-thread-1] INFO  ratis.ContainerStateMachine (ContainerStateMachine.java:loadSnapshot(230)) - group-A91B6947E1B7: The snapshot info is null. Setting the last applied indexto:(t:0, i:~)
2019-09-17 10:07:00,405 [pool-37-thread-1] INFO  server.RaftServerConfigKeys (ConfUtils.java:logGet(43)) - raft.server.notification.no-leader.timeout = 1000s (custom)
2019-09-17 10:07:00,405 [pool-37-thread-1] INFO  server.RaftServerConfigKeys (ConfUtils.java:logGet(43)) - raft.server.log.use.memory = false (default)
2019-09-17 10:07:00,405 [pool-37-thread-1] INFO  server.RaftServerConfigKeys (ConfUtils.java:logGet(43)) - raft.server.log.purge.gap = 1000000 (custom)
2019-09-17 10:07:00,406 [pool-37-thread-1] INFO  server.RaftServerConfigKeys (ConfUtils.java:logGet(43)) - raft.server.log.appender.buffer.byte-limit = 33554432 (custom)
2019-09-17 10:07:00,406 [pool-37-thread-1] INFO  server.RaftServerConfigKeys (ConfUtils.java:logGet(43)) - raft.server.log.segment.size.max = 1048576 (custom)
2019-09-17 10:07:00,406 [pool-37-thread-1] INFO  server.RaftServerConfigKeys (ConfUtils.java:logGet(43)) - raft.server.log.segment.cache.num.max = 2 (custom)
2019-09-17 10:07:00,406 [pool-37-thread-1] INFO  segmented.SegmentedRaftLogWorker (SegmentedRaftLogWorker.java:<init>(172)) - new d65c2122-76ad-4590-8bd5-4069304cd132@group-A91B6947E1B7-SegmentedRaftLogWorker for RaftStorage:Storage Directory /workdir/hadoop-ozone/integration-test/target/test-dir/MiniOzoneClusterImpl-99e3a453-5364-4b0b-a752-7eb5dbce83dc/datanode-1/data/ratis/bed908a9-9725-41b9-ad24-a91b6947e1b7
2019-09-17 10:07:00,407 [pool-37-thread-1] INFO  server.RaftServerConfigKeys (ConfUtils.java:logGet(43)) - raft.server.log.queue.byte-limit = 2147483647 (custom)
2019-09-17 10:07:00,407 [pool-37-thread-1] INFO  server.RaftServerConfigKeys (ConfUtils.java:logGet(43)) - raft.server.log.queue.element-limit = 1024 (custom)
2019-09-17 10:07:00,407 [pool-37-thread-1] INFO  server.RaftServerConfigKeys (ConfUtils.java:logGet(43)) - raft.server.log.segment.size.max = 1048576 (custom)
2019-09-17 10:07:00,407 [pool-37-thread-1] INFO  server.RaftServerConfigKeys (ConfUtils.java:logGet(43)) - raft.server.log.preallocated.size = 16384 (custom)
2019-09-17 10:07:00,407 [pool-37-thread-1] INFO  server.RaftServerConfigKeys (ConfUtils.java:logGet(43)) - raft.server.log.write.buffer.size = 33554432 (custom)
2019-09-17 10:07:00,408 [pool-37-thread-1] INFO  server.RaftServerConfigKeys (ConfUtils.java:logGet(43)) - raft.server.log.force.sync.num = 128 (default)
2019-09-17 10:07:00,408 [pool-37-thread-1] INFO  server.RaftServerConfigKeys (ConfUtils.java:logGet(43)) - raft.server.log.statemachine.data.sync = true (default)
2019-09-17 10:07:00,408 [pool-37-thread-1] INFO  server.RaftServerConfigKeys (ConfUtils.java:logGet(43)) - raft.server.log.statemachine.data.sync.timeout = 10s (default)
2019-09-17 10:07:00,408 [pool-37-thread-1] INFO  server.RaftServerConfigKeys (ConfUtils.java:logGet(43)) - raft.server.log.statemachine.data.sync.timeout.retry = -1 (default)
2019-09-17 10:07:00,408 [pool-37-thread-1] INFO  server.RaftServerConfigKeys (ConfUtils.java:logGet(43)) - raft.server.log.statemachine.data.caching.enabled = true (custom)
2019-09-17 10:07:00,408 [pool-37-thread-1] INFO  segmented.SegmentedRaftLogWorker (SegmentedRaftLogWorker.java:lambda$new$0(132)) - d65c2122-76ad-4590-8bd5-4069304cd132@group-A91B6947E1B7-SegmentedRaftLogWorker: flushIndex: setUnconditionally 0 -> -1
2019-09-17 10:07:00,408 [pool-37-thread-1] INFO  server.RaftServerConfigKeys (ConfUtils.java:logGet(43)) - raft.server.snapshot.auto.trigger.enabled = true (custom)
2019-09-17 10:07:00,409 [pool-37-thread-1] INFO  server.RaftServerConfigKeys (ConfUtils.java:logGet(43)) - raft.server.snapshot.auto.trigger.threshold = 10000 (custom)
2019-09-17 10:07:00,409 [pool-37-thread-1] INFO  server.RaftServerConfigKeys (ConfUtils.java:logGet(43)) - raft.server.snapshot.retention.num.files = -1 (default)
2019-09-17 10:07:00,409 [pool-37-thread-1] INFO  server.RaftServerConfigKeys (ConfUtils.java:logGet(43)) - raft.server.retrycache.expirytime = 600000ms (custom)
2019-09-17 10:07:00,409 [grpc-default-executor-2] INFO  client.GrpcClientProtocolClient (GrpcClientProtocolClient.java:onNext(264)) - client-FC7B651799C6->d65c2122-76ad-4590-8bd5-4069304cd132: receive RaftClientReply:client-FC7B651799C6->d65c2122-76ad-4590-8bd5-4069304cd132@group-52DD40189D0B, cid=7, FAILED org.apache.ratis.protocol.NotLeaderException: Server d65c2122-76ad-4590-8bd5-4069304cd132@group-52DD40189D0B is not the leader, logIndex=0, commits[d65c2122-76ad-4590-8bd5-4069304cd132:c-1]
2019-09-17 10:07:00,413 [pool-37-thread-1] INFO  impl.RaftServerImpl (RaftServerImpl.java:start(185)) - d65c2122-76ad-4590-8bd5-4069304cd132@group-A91B6947E1B7: start as a follower, conf=-1: [d65c2122-76ad-4590-8bd5-4069304cd132:192.168.34.37:45554], old=null
2019-09-17 10:07:00,413 [pool-37-thread-1] INFO  impl.RaftServerImpl (RaftServerImpl.java:setRole(174)) - d65c2122-76ad-4590-8bd5-4069304cd132@group-A91B6947E1B7: changes role from      null to FOLLOWER at term 0 for startAsFollower
2019-09-17 10:07:00,413 [pool-37-thread-1] INFO  impl.RoleInfo (RoleInfo.java:updateAndGet(143)) - d65c2122-76ad-4590-8bd5-4069304cd132: start FollowerState
2019-09-17 10:07:00,414 [pool-37-thread-1] INFO  util.JmxRegister (JmxRegister.java:tryRegister(44)) - Successfully registered JMX Bean with object name Ratis:service=RaftServer,group=group-A91B6947E1B7,id=d65c2122-76ad-4590-8bd5-4069304cd132
2019-09-17 10:07:00,422 [RatisPipelineUtilsThread] INFO  pipeline.PipelineStateManager (PipelineStateManager.java:addPipeline(56)) - Created pipeline Pipeline[ Id: bed908a9-9725-41b9-ad24-a91b6947e1b7, Nodes: d65c2122-76ad-4590-8bd5-4069304cd132{ip: 192.168.34.37, host: pr-hdds-2110-rdjw6-11158954, networkLocation: /default-rack, certSerialId: null}, Type:RATIS, Factor:ONE, State:OPEN]
2019-09-17 10:07:00,434 [grpc-default-executor-2] INFO  impl.RaftServerProxy (RaftServerProxy.java:addNew(89)) - 01ddd04e-873c-47a2-843b-0bba86a87443: addNew group-CB625DD48F41:[01ddd04e-873c-47a2-843b-0bba86a87443:192.168.34.37:36576] returns group-CB625DD48F41:java.util.concurrent.CompletableFuture@72de4a8c[Not completed]
2019-09-17 10:07:00,436 [pool-27-thread-1] INFO  impl.RaftServerImpl (RaftServerImpl.java:<init>(95)) - 01ddd04e-873c-47a2-843b-0bba86a87443: new RaftServerImpl for group-CB625DD48F41:[01ddd04e-873c-47a2-843b-0bba86a87443:192.168.34.37:36576] with ContainerStateMachine:uninitialized
2019-09-17 10:07:00,436 [pool-27-thread-1] INFO  server.RaftServerConfigKeys (ConfUtils.java:logGet(43)) - raft.server.rpc.timeout.min = 5s (custom)
2019-09-17 10:07:00,436 [pool-27-thread-1] INFO  server.RaftServerConfigKeys (ConfUtils.java:logGet(43)) - raft.server.rpc.timeout.max = 5200ms (custom)
2019-09-17 10:07:00,436 [pool-27-thread-1] INFO  server.RaftServerConfigKeys (ConfUtils.java:logGet(43)) - raft.server.rpcslowness.timeout = 1000s (custom)
2019-09-17 10:07:00,437 [pool-27-thread-1] INFO  server.RaftServerConfigKeys (ConfUtils.java:logGet(43)) - raft.server.sleep.deviation.threshold = 300 (default)
2019-09-17 10:07:00,437 [pool-27-thread-1] INFO  server.RaftServerConfigKeys (ConfUtils.java:logGet(43)) - raft.server.log.appender.install.snapshot.enabled = false (custom)
2019-09-17 10:07:00,437 [pool-27-thread-1] INFO  impl.RaftServerImpl (ServerState.java:<init>(103)) - 01ddd04e-873c-47a2-843b-0bba86a87443@group-CB625DD48F41: ConfigurationManager, init=-1: [01ddd04e-873c-47a2-843b-0bba86a87443:192.168.34.37:36576], old=null, confs=<EMPTY_MAP>
2019-09-17 10:07:00,437 [pool-27-thread-1] INFO  server.RaftServerConfigKeys (ConfUtils.java:logGet(43)) - raft.server.storage.dir = [/workdir/hadoop-ozone/integration-test/target/test-dir/MiniOzoneClusterImpl-99e3a453-5364-4b0b-a752-7eb5dbce83dc/datanode-0/data/ratis] (custom)
2019-09-17 10:07:00,437 [pool-27-thread-1] INFO  storage.RaftStorageDirectory (RaftStorageDirectory.java:analyzeStorage(246)) - The storage directory /workdir/hadoop-ozone/integration-test/target/test-dir/MiniOzoneClusterImpl-99e3a453-5364-4b0b-a752-7eb5dbce83dc/datanode-0/data/ratis/9e88de22-d157-45cb-8962-cb625dd48f41 does not exist. Creating ...
2019-09-17 10:07:00,450 [pool-27-thread-1] INFO  storage.RaftStorageDirectory (RaftStorageDirectory.java:tryLock(328)) - Lock on /workdir/hadoop-ozone/integration-test/target/test-dir/MiniOzoneClusterImpl-99e3a453-5364-4b0b-a752-7eb5dbce83dc/datanode-0/data/ratis/9e88de22-d157-45cb-8962-cb625dd48f41/in_use.lock acquired by nodename 651@pr-hdds-2110-rdjw6-11158954
2019-09-17 10:07:00,463 [pool-27-thread-1] INFO  storage.RaftStorage (RaftStorage.java:format(72)) - Storage directory /workdir/hadoop-ozone/integration-test/target/test-dir/MiniOzoneClusterImpl-99e3a453-5364-4b0b-a752-7eb5dbce83dc/datanode-0/data/ratis/9e88de22-d157-45cb-8962-cb625dd48f41 has been successfully formatted.
2019-09-17 10:07:00,463 [pool-27-thread-1] INFO  ratis.ContainerStateMachine (ContainerStateMachine.java:loadSnapshot(230)) - group-CB625DD48F41: The snapshot info is null. Setting the last applied indexto:(t:0, i:~)
2019-09-17 10:07:00,464 [pool-27-thread-1] INFO  server.RaftServerConfigKeys (ConfUtils.java:logGet(43)) - raft.server.notification.no-leader.timeout = 1000s (custom)
2019-09-17 10:07:00,464 [pool-27-thread-1] INFO  server.RaftServerConfigKeys (ConfUtils.java:logGet(43)) - raft.server.log.use.memory = false (default)
2019-09-17 10:07:00,464 [pool-27-thread-1] INFO  server.RaftServerConfigKeys (ConfUtils.java:logGet(43)) - raft.server.log.purge.gap = 1000000 (custom)
2019-09-17 10:07:00,464 [pool-27-thread-1] INFO  server.RaftServerConfigKeys (ConfUtils.java:logGet(43)) - raft.server.log.appender.buffer.byte-limit = 33554432 (custom)
2019-09-17 10:07:00,464 [pool-27-thread-1] INFO  server.RaftServerConfigKeys (ConfUtils.java:logGet(43)) - raft.server.log.segment.size.max = 1048576 (custom)
2019-09-17 10:07:00,464 [pool-27-thread-1] INFO  server.RaftServerConfigKeys (ConfUtils.java:logGet(43)) - raft.server.log.segment.cache.num.max = 2 (custom)
2019-09-17 10:07:00,465 [pool-27-thread-1] INFO  segmented.SegmentedRaftLogWorker (SegmentedRaftLogWorker.java:<init>(172)) - new 01ddd04e-873c-47a2-843b-0bba86a87443@group-CB625DD48F41-SegmentedRaftLogWorker for RaftStorage:Storage Directory /workdir/hadoop-ozone/integration-test/target/test-dir/MiniOzoneClusterImpl-99e3a453-5364-4b0b-a752-7eb5dbce83dc/datanode-0/data/ratis/9e88de22-d157-45cb-8962-cb625dd48f41
2019-09-17 10:07:00,465 [pool-27-thread-1] INFO  server.RaftServerConfigKeys (ConfUtils.java:logGet(43)) - raft.server.log.queue.byte-limit = 2147483647 (custom)
2019-09-17 10:07:00,465 [pool-27-thread-1] INFO  server.RaftServerConfigKeys (ConfUtils.java:logGet(43)) - raft.server.log.queue.element-limit = 1024 (custom)
2019-09-17 10:07:00,465 [pool-27-thread-1] INFO  server.RaftServerConfigKeys (ConfUtils.java:logGet(43)) - raft.server.log.segment.size.max = 1048576 (custom)
2019-09-17 10:07:00,465 [pool-27-thread-1] INFO  server.RaftServerConfigKeys (ConfUtils.java:logGet(43)) - raft.server.log.preallocated.size = 16384 (custom)
2019-09-17 10:07:00,465 [pool-27-thread-1] INFO  server.RaftServerConfigKeys (ConfUtils.java:logGet(43)) - raft.server.log.write.buffer.size = 33554432 (custom)
2019-09-17 10:07:00,465 [pool-27-thread-1] INFO  server.RaftServerConfigKeys (ConfUtils.java:logGet(43)) - raft.server.log.force.sync.num = 128 (default)
2019-09-17 10:07:00,466 [pool-27-thread-1] INFO  server.RaftServerConfigKeys (ConfUtils.java:logGet(43)) - raft.server.log.statemachine.data.sync = true (default)
2019-09-17 10:07:00,466 [pool-27-thread-1] INFO  server.RaftServerConfigKeys (ConfUtils.java:logGet(43)) - raft.server.log.statemachine.data.sync.timeout = 10s (default)
2019-09-17 10:07:00,466 [pool-27-thread-1] INFO  server.RaftServerConfigKeys (ConfUtils.java:logGet(43)) - raft.server.log.statemachine.data.sync.timeout.retry = -1 (default)
2019-09-17 10:07:00,466 [pool-27-thread-1] INFO  server.RaftServerConfigKeys (ConfUtils.java:logGet(43)) - raft.server.log.statemachine.data.caching.enabled = true (custom)
2019-09-17 10:07:00,466 [pool-27-thread-1] INFO  segmented.SegmentedRaftLogWorker (SegmentedRaftLogWorker.java:lambda$new$0(132)) - 01ddd04e-873c-47a2-843b-0bba86a87443@group-CB625DD48F41-SegmentedRaftLogWorker: flushIndex: setUnconditionally 0 -> -1
2019-09-17 10:07:00,467 [pool-27-thread-1] INFO  server.RaftServerConfigKeys (ConfUtils.java:logGet(43)) - raft.server.snapshot.auto.trigger.enabled = true (custom)
2019-09-17 10:07:00,467 [pool-27-thread-1] INFO  server.RaftServerConfigKeys (ConfUtils.java:logGet(43)) - raft.server.snapshot.auto.trigger.threshold = 10000 (custom)
2019-09-17 10:07:00,467 [pool-27-thread-1] INFO  server.RaftServerConfigKeys (ConfUtils.java:logGet(43)) - raft.server.snapshot.retention.num.files = -1 (default)
2019-09-17 10:07:00,467 [pool-27-thread-1] INFO  server.RaftServerConfigKeys (ConfUtils.java:logGet(43)) - raft.server.retrycache.expirytime = 600000ms (custom)
2019-09-17 10:07:00,471 [pool-27-thread-1] INFO  impl.RaftServerImpl (RaftServerImpl.java:start(185)) - 01ddd04e-873c-47a2-843b-0bba86a87443@group-CB625DD48F41: start as a follower, conf=-1: [01ddd04e-873c-47a2-843b-0bba86a87443:192.168.34.37:36576], old=null
2019-09-17 10:07:00,471 [pool-27-thread-1] INFO  impl.RaftServerImpl (RaftServerImpl.java:setRole(174)) - 01ddd04e-873c-47a2-843b-0bba86a87443@group-CB625DD48F41: changes role from      null to FOLLOWER at term 0 for startAsFollower
2019-09-17 10:07:00,471 [pool-27-thread-1] INFO  impl.RoleInfo (RoleInfo.java:updateAndGet(143)) - 01ddd04e-873c-47a2-843b-0bba86a87443: start FollowerState
2019-09-17 10:07:00,471 [pool-27-thread-1] INFO  util.JmxRegister (JmxRegister.java:tryRegister(44)) - Successfully registered JMX Bean with object name Ratis:service=RaftServer,group=group-CB625DD48F41,id=01ddd04e-873c-47a2-843b-0bba86a87443
2019-09-17 10:07:00,479 [RatisPipelineUtilsThread] INFO  pipeline.PipelineStateManager (PipelineStateManager.java:addPipeline(56)) - Created pipeline Pipeline[ Id: 9e88de22-d157-45cb-8962-cb625dd48f41, Nodes: 01ddd04e-873c-47a2-843b-0bba86a87443{ip: 192.168.34.37, host: pr-hdds-2110-rdjw6-11158954, networkLocation: /default-rack, certSerialId: null}, Type:RATIS, Factor:ONE, State:OPEN]
2019-09-17 10:07:00,490 [grpc-default-executor-2] INFO  impl.RaftServerProxy (RaftServerProxy.java:addNew(89)) - 2d3bddf7-5e55-4833-926f-b331e5cd1612: addNew group-62025E6E65D3:[2d3bddf7-5e55-4833-926f-b331e5cd1612:192.168.34.37:43312] returns group-62025E6E65D3:java.util.concurrent.CompletableFuture@79f9d19a[Not completed]
2019-09-17 10:07:00,492 [pool-57-thread-1] INFO  impl.RaftServerImpl (RaftServerImpl.java:<init>(95)) - 2d3bddf7-5e55-4833-926f-b331e5cd1612: new RaftServerImpl for group-62025E6E65D3:[2d3bddf7-5e55-4833-926f-b331e5cd1612:192.168.34.37:43312] with ContainerStateMachine:uninitialized
2019-09-17 10:07:00,492 [pool-57-thread-1] INFO  server.RaftServerConfigKeys (ConfUtils.java:logGet(43)) - raft.server.rpc.timeout.min = 5s (custom)
2019-09-17 10:07:00,492 [pool-57-thread-1] INFO  server.RaftServerConfigKeys (ConfUtils.java:logGet(43)) - raft.server.rpc.timeout.max = 5200ms (custom)
2019-09-17 10:07:00,492 [pool-57-thread-1] INFO  server.RaftServerConfigKeys (ConfUtils.java:logGet(43)) - raft.server.rpcslowness.timeout = 1000s (custom)
2019-09-17 10:07:00,492 [pool-57-thread-1] INFO  server.RaftServerConfigKeys (ConfUtils.java:logGet(43)) - raft.server.sleep.deviation.threshold = 300 (default)
2019-09-17 10:07:00,492 [pool-57-thread-1] INFO  server.RaftServerConfigKeys (ConfUtils.java:logGet(43)) - raft.server.log.appender.install.snapshot.enabled = false (custom)
2019-09-17 10:07:00,492 [pool-57-thread-1] INFO  impl.RaftServerImpl (ServerState.java:<init>(103)) - 2d3bddf7-5e55-4833-926f-b331e5cd1612@group-62025E6E65D3: ConfigurationManager, init=-1: [2d3bddf7-5e55-4833-926f-b331e5cd1612:192.168.34.37:43312], old=null, confs=<EMPTY_MAP>
2019-09-17 10:07:00,493 [pool-57-thread-1] INFO  server.RaftServerConfigKeys (ConfUtils.java:logGet(43)) - raft.server.storage.dir = [/workdir/hadoop-ozone/integration-test/target/test-dir/MiniOzoneClusterImpl-99e3a453-5364-4b0b-a752-7eb5dbce83dc/datanode-3/data/ratis] (custom)
2019-09-17 10:07:00,493 [pool-57-thread-1] INFO  storage.RaftStorageDirectory (RaftStorageDirectory.java:analyzeStorage(246)) - The storage directory /workdir/hadoop-ozone/integration-test/target/test-dir/MiniOzoneClusterImpl-99e3a453-5364-4b0b-a752-7eb5dbce83dc/datanode-3/data/ratis/2c2bd506-2374-4386-adde-62025e6e65d3 does not exist. Creating ...
2019-09-17 10:07:00,506 [pool-57-thread-1] INFO  storage.RaftStorageDirectory (RaftStorageDirectory.java:tryLock(328)) - Lock on /workdir/hadoop-ozone/integration-test/target/test-dir/MiniOzoneClusterImpl-99e3a453-5364-4b0b-a752-7eb5dbce83dc/datanode-3/data/ratis/2c2bd506-2374-4386-adde-62025e6e65d3/in_use.lock acquired by nodename 651@pr-hdds-2110-rdjw6-11158954
2019-09-17 10:07:00,519 [pool-57-thread-1] INFO  storage.RaftStorage (RaftStorage.java:format(72)) - Storage directory /workdir/hadoop-ozone/integration-test/target/test-dir/MiniOzoneClusterImpl-99e3a453-5364-4b0b-a752-7eb5dbce83dc/datanode-3/data/ratis/2c2bd506-2374-4386-adde-62025e6e65d3 has been successfully formatted.
2019-09-17 10:07:00,519 [pool-57-thread-1] INFO  ratis.ContainerStateMachine (ContainerStateMachine.java:loadSnapshot(230)) - group-62025E6E65D3: The snapshot info is null. Setting the last applied indexto:(t:0, i:~)
2019-09-17 10:07:00,519 [pool-57-thread-1] INFO  server.RaftServerConfigKeys (ConfUtils.java:logGet(43)) - raft.server.notification.no-leader.timeout = 1000s (custom)
2019-09-17 10:07:00,519 [pool-57-thread-1] INFO  server.RaftServerConfigKeys (ConfUtils.java:logGet(43)) - raft.server.log.use.memory = false (default)
2019-09-17 10:07:00,520 [pool-57-thread-1] INFO  server.RaftServerConfigKeys (ConfUtils.java:logGet(43)) - raft.server.log.purge.gap = 1000000 (custom)
2019-09-17 10:07:00,520 [pool-57-thread-1] INFO  server.RaftServerConfigKeys (ConfUtils.java:logGet(43)) - raft.server.log.appender.buffer.byte-limit = 33554432 (custom)
2019-09-17 10:07:00,520 [pool-57-thread-1] INFO  server.RaftServerConfigKeys (ConfUtils.java:logGet(43)) - raft.server.log.segment.size.max = 1048576 (custom)
2019-09-17 10:07:00,520 [pool-57-thread-1] INFO  server.RaftServerConfigKeys (ConfUtils.java:logGet(43)) - raft.server.log.segment.cache.num.max = 2 (custom)
2019-09-17 10:07:00,520 [pool-57-thread-1] INFO  segmented.SegmentedRaftLogWorker (SegmentedRaftLogWorker.java:<init>(172)) - new 2d3bddf7-5e55-4833-926f-b331e5cd1612@group-62025E6E65D3-SegmentedRaftLogWorker for RaftStorage:Storage Directory /workdir/hadoop-ozone/integration-test/target/test-dir/MiniOzoneClusterImpl-99e3a453-5364-4b0b-a752-7eb5dbce83dc/datanode-3/data/ratis/2c2bd506-2374-4386-adde-62025e6e65d3
2019-09-17 10:07:00,520 [pool-57-thread-1] INFO  server.RaftServerConfigKeys (ConfUtils.java:logGet(43)) - raft.server.log.queue.byte-limit = 2147483647 (custom)
2019-09-17 10:07:00,520 [pool-57-thread-1] INFO  server.RaftServerConfigKeys (ConfUtils.java:logGet(43)) - raft.server.log.queue.element-limit = 1024 (custom)
2019-09-17 10:07:00,520 [pool-57-thread-1] INFO  server.RaftServerConfigKeys (ConfUtils.java:logGet(43)) - raft.server.log.segment.size.max = 1048576 (custom)
2019-09-17 10:07:00,521 [pool-57-thread-1] INFO  server.RaftServerConfigKeys (ConfUtils.java:logGet(43)) - raft.server.log.preallocated.size = 16384 (custom)
2019-09-17 10:07:00,521 [pool-57-thread-1] INFO  server.RaftServerConfigKeys (ConfUtils.java:logGet(43)) - raft.server.log.write.buffer.size = 33554432 (custom)
2019-09-17 10:07:00,521 [pool-57-thread-1] INFO  server.RaftServerConfigKeys (ConfUtils.java:logGet(43)) - raft.server.log.force.sync.num = 128 (default)
2019-09-17 10:07:00,521 [pool-57-thread-1] INFO  server.RaftServerConfigKeys (ConfUtils.java:logGet(43)) - raft.server.log.statemachine.data.sync = true (default)
2019-09-17 10:07:00,521 [pool-57-thread-1] INFO  server.RaftServerConfigKeys (ConfUtils.java:logGet(43)) - raft.server.log.statemachine.data.sync.timeout = 10s (default)
2019-09-17 10:07:00,521 [pool-57-thread-1] INFO  server.RaftServerConfigKeys (ConfUtils.java:logGet(43)) - raft.server.log.statemachine.data.sync.timeout.retry = -1 (default)
2019-09-17 10:07:00,521 [pool-57-thread-1] INFO  server.RaftServerConfigKeys (ConfUtils.java:logGet(43)) - raft.server.log.statemachine.data.caching.enabled = true (custom)
2019-09-17 10:07:00,522 [pool-57-thread-1] INFO  segmented.SegmentedRaftLogWorker (SegmentedRaftLogWorker.java:lambda$new$0(132)) - 2d3bddf7-5e55-4833-926f-b331e5cd1612@group-62025E6E65D3-SegmentedRaftLogWorker: flushIndex: setUnconditionally 0 -> -1
2019-09-17 10:07:00,522 [pool-57-thread-1] INFO  server.RaftServerConfigKeys (ConfUtils.java:logGet(43)) - raft.server.snapshot.auto.trigger.enabled = true (custom)
2019-09-17 10:07:00,522 [pool-57-thread-1] INFO  server.RaftServerConfigKeys (ConfUtils.java:logGet(43)) - raft.server.snapshot.auto.trigger.threshold = 10000 (custom)
2019-09-17 10:07:00,522 [pool-57-thread-1] INFO  server.RaftServerConfigKeys (ConfUtils.java:logGet(43)) - raft.server.snapshot.retention.num.files = -1 (default)
2019-09-17 10:07:00,522 [pool-57-thread-1] INFO  server.RaftServerConfigKeys (ConfUtils.java:logGet(43)) - raft.server.retrycache.expirytime = 600000ms (custom)
2019-09-17 10:07:00,525 [pool-57-thread-1] INFO  impl.RaftServerImpl (RaftServerImpl.java:start(185)) - 2d3bddf7-5e55-4833-926f-b331e5cd1612@group-62025E6E65D3: start as a follower, conf=-1: [2d3bddf7-5e55-4833-926f-b331e5cd1612:192.168.34.37:43312], old=null
2019-09-17 10:07:00,525 [pool-57-thread-1] INFO  impl.RaftServerImpl (RaftServerImpl.java:setRole(174)) - 2d3bddf7-5e55-4833-926f-b331e5cd1612@group-62025E6E65D3: changes role from      null to FOLLOWER at term 0 for startAsFollower
2019-09-17 10:07:00,525 [pool-57-thread-1] INFO  impl.RoleInfo (RoleInfo.java:updateAndGet(143)) - 2d3bddf7-5e55-4833-926f-b331e5cd1612: start FollowerState
2019-09-17 10:07:00,525 [pool-57-thread-1] INFO  util.JmxRegister (JmxRegister.java:tryRegister(44)) - Successfully registered JMX Bean with object name Ratis:service=RaftServer,group=group-62025E6E65D3,id=2d3bddf7-5e55-4833-926f-b331e5cd1612
2019-09-17 10:07:00,534 [RatisPipelineUtilsThread] INFO  pipeline.PipelineStateManager (PipelineStateManager.java:addPipeline(56)) - Created pipeline Pipeline[ Id: 2c2bd506-2374-4386-adde-62025e6e65d3, Nodes: 2d3bddf7-5e55-4833-926f-b331e5cd1612{ip: 192.168.34.37, host: pr-hdds-2110-rdjw6-11158954, networkLocation: /default-rack, certSerialId: null}, Type:RATIS, Factor:ONE, State:OPEN]
2019-09-17 10:07:00,547 [grpc-default-executor-2] INFO  impl.RaftServerProxy (RaftServerProxy.java:addNew(89)) - 0dd15b35-2362-4edc-a10a-41adb2053487: addNew group-F33CB055F080:[0dd15b35-2362-4edc-a10a-41adb2053487:192.168.34.37:35653] returns group-F33CB055F080:java.util.concurrent.CompletableFuture@6dc11e40[Not completed]
2019-09-17 10:07:00,549 [pool-47-thread-1] INFO  impl.RaftServerImpl (RaftServerImpl.java:<init>(95)) - 0dd15b35-2362-4edc-a10a-41adb2053487: new RaftServerImpl for group-F33CB055F080:[0dd15b35-2362-4edc-a10a-41adb2053487:192.168.34.37:35653] with ContainerStateMachine:uninitialized
2019-09-17 10:07:00,549 [pool-47-thread-1] INFO  server.RaftServerConfigKeys (ConfUtils.java:logGet(43)) - raft.server.rpc.timeout.min = 5s (custom)
2019-09-17 10:07:00,549 [pool-47-thread-1] INFO  server.RaftServerConfigKeys (ConfUtils.java:logGet(43)) - raft.server.rpc.timeout.max = 5200ms (custom)
2019-09-17 10:07:00,550 [pool-47-thread-1] INFO  server.RaftServerConfigKeys (ConfUtils.java:logGet(43)) - raft.server.rpcslowness.timeout = 1000s (custom)
2019-09-17 10:07:00,550 [pool-47-thread-1] INFO  server.RaftServerConfigKeys (ConfUtils.java:logGet(43)) - raft.server.sleep.deviation.threshold = 300 (default)
2019-09-17 10:07:00,550 [pool-47-thread-1] INFO  server.RaftServerConfigKeys (ConfUtils.java:logGet(43)) - raft.server.log.appender.install.snapshot.enabled = false (custom)
2019-09-17 10:07:00,550 [pool-47-thread-1] INFO  impl.RaftServerImpl (ServerState.java:<init>(103)) - 0dd15b35-2362-4edc-a10a-41adb2053487@group-F33CB055F080: ConfigurationManager, init=-1: [0dd15b35-2362-4edc-a10a-41adb2053487:192.168.34.37:35653], old=null, confs=<EMPTY_MAP>
2019-09-17 10:07:00,550 [pool-47-thread-1] INFO  server.RaftServerConfigKeys (ConfUtils.java:logGet(43)) - raft.server.storage.dir = [/workdir/hadoop-ozone/integration-test/target/test-dir/MiniOzoneClusterImpl-99e3a453-5364-4b0b-a752-7eb5dbce83dc/datanode-2/data/ratis] (custom)
2019-09-17 10:07:00,551 [pool-47-thread-1] INFO  storage.RaftStorageDirectory (RaftStorageDirectory.java:analyzeStorage(246)) - The storage directory /workdir/hadoop-ozone/integration-test/target/test-dir/MiniOzoneClusterImpl-99e3a453-5364-4b0b-a752-7eb5dbce83dc/datanode-2/data/ratis/bd5e0f69-4d66-4057-8892-f33cb055f080 does not exist. Creating ...
2019-09-17 10:07:00,564 [pool-47-thread-1] INFO  storage.RaftStorageDirectory (RaftStorageDirectory.java:tryLock(328)) - Lock on /workdir/hadoop-ozone/integration-test/target/test-dir/MiniOzoneClusterImpl-99e3a453-5364-4b0b-a752-7eb5dbce83dc/datanode-2/data/ratis/bd5e0f69-4d66-4057-8892-f33cb055f080/in_use.lock acquired by nodename 651@pr-hdds-2110-rdjw6-11158954
2019-09-17 10:07:00,577 [pool-47-thread-1] INFO  storage.RaftStorage (RaftStorage.java:format(72)) - Storage directory /workdir/hadoop-ozone/integration-test/target/test-dir/MiniOzoneClusterImpl-99e3a453-5364-4b0b-a752-7eb5dbce83dc/datanode-2/data/ratis/bd5e0f69-4d66-4057-8892-f33cb055f080 has been successfully formatted.
2019-09-17 10:07:00,578 [pool-47-thread-1] INFO  ratis.ContainerStateMachine (ContainerStateMachine.java:loadSnapshot(230)) - group-F33CB055F080: The snapshot info is null. Setting the last applied indexto:(t:0, i:~)
2019-09-17 10:07:00,578 [pool-47-thread-1] INFO  server.RaftServerConfigKeys (ConfUtils.java:logGet(43)) - raft.server.notification.no-leader.timeout = 1000s (custom)
2019-09-17 10:07:00,578 [pool-47-thread-1] INFO  server.RaftServerConfigKeys (ConfUtils.java:logGet(43)) - raft.server.log.use.memory = false (default)
2019-09-17 10:07:00,578 [pool-47-thread-1] INFO  server.RaftServerConfigKeys (ConfUtils.java:logGet(43)) - raft.server.log.purge.gap = 1000000 (custom)
2019-09-17 10:07:00,579 [pool-47-thread-1] INFO  server.RaftServerConfigKeys (ConfUtils.java:logGet(43)) - raft.server.log.appender.buffer.byte-limit = 33554432 (custom)
2019-09-17 10:07:00,579 [pool-47-thread-1] INFO  server.RaftServerConfigKeys (ConfUtils.java:logGet(43)) - raft.server.log.segment.size.max = 1048576 (custom)
2019-09-17 10:07:00,579 [pool-47-thread-1] INFO  server.RaftServerConfigKeys (ConfUtils.java:logGet(43)) - raft.server.log.segment.cache.num.max = 2 (custom)
2019-09-17 10:07:00,579 [pool-47-thread-1] INFO  segmented.SegmentedRaftLogWorker (SegmentedRaftLogWorker.java:<init>(172)) - new 0dd15b35-2362-4edc-a10a-41adb2053487@group-F33CB055F080-SegmentedRaftLogWorker for RaftStorage:Storage Directory /workdir/hadoop-ozone/integration-test/target/test-dir/MiniOzoneClusterImpl-99e3a453-5364-4b0b-a752-7eb5dbce83dc/datanode-2/data/ratis/bd5e0f69-4d66-4057-8892-f33cb055f080
2019-09-17 10:07:00,579 [pool-47-thread-1] INFO  server.RaftServerConfigKeys (ConfUtils.java:logGet(43)) - raft.server.log.queue.byte-limit = 2147483647 (custom)
2019-09-17 10:07:00,579 [pool-47-thread-1] INFO  server.RaftServerConfigKeys (ConfUtils.java:logGet(43)) - raft.server.log.queue.element-limit = 1024 (custom)
2019-09-17 10:07:00,580 [pool-47-thread-1] INFO  server.RaftServerConfigKeys (ConfUtils.java:logGet(43)) - raft.server.log.segment.size.max = 1048576 (custom)
2019-09-17 10:07:00,580 [pool-47-thread-1] INFO  server.RaftServerConfigKeys (ConfUtils.java:logGet(43)) - raft.server.log.preallocated.size = 16384 (custom)
2019-09-17 10:07:00,580 [pool-47-thread-1] INFO  server.RaftServerConfigKeys (ConfUtils.java:logGet(43)) - raft.server.log.write.buffer.size = 33554432 (custom)
2019-09-17 10:07:00,580 [pool-47-thread-1] INFO  server.RaftServerConfigKeys (ConfUtils.java:logGet(43)) - raft.server.log.force.sync.num = 128 (default)
2019-09-17 10:07:00,580 [pool-47-thread-1] INFO  server.RaftServerConfigKeys (ConfUtils.java:logGet(43)) - raft.server.log.statemachine.data.sync = true (default)
2019-09-17 10:07:00,581 [pool-47-thread-1] INFO  server.RaftServerConfigKeys (ConfUtils.java:logGet(43)) - raft.server.log.statemachine.data.sync.timeout = 10s (default)
2019-09-17 10:07:00,581 [pool-47-thread-1] INFO  server.RaftServerConfigKeys (ConfUtils.java:logGet(43)) - raft.server.log.statemachine.data.sync.timeout.retry = -1 (default)
2019-09-17 10:07:00,581 [pool-47-thread-1] INFO  server.RaftServerConfigKeys (ConfUtils.java:logGet(43)) - raft.server.log.statemachine.data.caching.enabled = true (custom)
2019-09-17 10:07:00,581 [pool-47-thread-1] INFO  segmented.SegmentedRaftLogWorker (SegmentedRaftLogWorker.java:lambda$new$0(132)) - 0dd15b35-2362-4edc-a10a-41adb2053487@group-F33CB055F080-SegmentedRaftLogWorker: flushIndex: setUnconditionally 0 -> -1
2019-09-17 10:07:00,582 [pool-47-thread-1] INFO  server.RaftServerConfigKeys (ConfUtils.java:logGet(43)) - raft.server.snapshot.auto.trigger.enabled = true (custom)
2019-09-17 10:07:00,582 [pool-47-thread-1] INFO  server.RaftServerConfigKeys (ConfUtils.java:logGet(43)) - raft.server.snapshot.auto.trigger.threshold = 10000 (custom)
2019-09-17 10:07:00,582 [pool-47-thread-1] INFO  server.RaftServerConfigKeys (ConfUtils.java:logGet(43)) - raft.server.snapshot.retention.num.files = -1 (default)
2019-09-17 10:07:00,582 [pool-47-thread-1] INFO  server.RaftServerConfigKeys (ConfUtils.java:logGet(43)) - raft.server.retrycache.expirytime = 600000ms (custom)
2019-09-17 10:07:00,586 [pool-47-thread-1] INFO  impl.RaftServerImpl (RaftServerImpl.java:start(185)) - 0dd15b35-2362-4edc-a10a-41adb2053487@group-F33CB055F080: start as a follower, conf=-1: [0dd15b35-2362-4edc-a10a-41adb2053487:192.168.34.37:35653], old=null
2019-09-17 10:07:00,586 [pool-47-thread-1] INFO  impl.RaftServerImpl (RaftServerImpl.java:setRole(174)) - 0dd15b35-2362-4edc-a10a-41adb2053487@group-F33CB055F080: changes role from      null to FOLLOWER at term 0 for startAsFollower
2019-09-17 10:07:00,586 [pool-47-thread-1] INFO  impl.RoleInfo (RoleInfo.java:updateAndGet(143)) - 0dd15b35-2362-4edc-a10a-41adb2053487: start FollowerState
2019-09-17 10:07:00,587 [pool-47-thread-1] INFO  util.JmxRegister (JmxRegister.java:tryRegister(44)) - Successfully registered JMX Bean with object name Ratis:service=RaftServer,group=group-F33CB055F080,id=0dd15b35-2362-4edc-a10a-41adb2053487
2019-09-17 10:07:00,596 [RatisPipelineUtilsThread] INFO  pipeline.PipelineStateManager (PipelineStateManager.java:addPipeline(56)) - Created pipeline Pipeline[ Id: bd5e0f69-4d66-4057-8892-f33cb055f080, Nodes: 0dd15b35-2362-4edc-a10a-41adb2053487{ip: 192.168.34.37, host: pr-hdds-2110-rdjw6-11158954, networkLocation: /default-rack, certSerialId: null}, Type:RATIS, Factor:ONE, State:OPEN]
2019-09-17 10:07:00,617 [grpc-default-executor-2] INFO  impl.RaftServerProxy (RaftServerProxy.java:addNew(89)) - 2d3bddf7-5e55-4833-926f-b331e5cd1612: addNew group-42C2414013EC:[01ddd04e-873c-47a2-843b-0bba86a87443:192.168.34.37:36576, 2d3bddf7-5e55-4833-926f-b331e5cd1612:192.168.34.37:43312, d65c2122-76ad-4590-8bd5-4069304cd132:192.168.34.37:45554] returns group-42C2414013EC:java.util.concurrent.CompletableFuture@6eb8a28a[Not completed]
2019-09-17 10:07:00,617 [grpc-default-executor-1] INFO  impl.RaftServerProxy (RaftServerProxy.java:addNew(89)) - d65c2122-76ad-4590-8bd5-4069304cd132: addNew group-42C2414013EC:[01ddd04e-873c-47a2-843b-0bba86a87443:192.168.34.37:36576, 2d3bddf7-5e55-4833-926f-b331e5cd1612:192.168.34.37:43312, d65c2122-76ad-4590-8bd5-4069304cd132:192.168.34.37:45554] returns group-42C2414013EC:java.util.concurrent.CompletableFuture@59c983f3[Not completed]
2019-09-17 10:07:00,617 [grpc-default-executor-0] INFO  impl.RaftServerProxy (RaftServerProxy.java:addNew(89)) - 01ddd04e-873c-47a2-843b-0bba86a87443: addNew group-42C2414013EC:[01ddd04e-873c-47a2-843b-0bba86a87443:192.168.34.37:36576, 2d3bddf7-5e55-4833-926f-b331e5cd1612:192.168.34.37:43312, d65c2122-76ad-4590-8bd5-4069304cd132:192.168.34.37:45554] returns group-42C2414013EC:java.util.concurrent.CompletableFuture@6ee388bb[Not completed]
2019-09-17 10:07:00,619 [pool-37-thread-1] INFO  impl.RaftServerImpl (RaftServerImpl.java:<init>(95)) - d65c2122-76ad-4590-8bd5-4069304cd132: new RaftServerImpl for group-42C2414013EC:[01ddd04e-873c-47a2-843b-0bba86a87443:192.168.34.37:36576, 2d3bddf7-5e55-4833-926f-b331e5cd1612:192.168.34.37:43312, d65c2122-76ad-4590-8bd5-4069304cd132:192.168.34.37:45554] with ContainerStateMachine:uninitialized
2019-09-17 10:07:00,619 [pool-37-thread-1] INFO  server.RaftServerConfigKeys (ConfUtils.java:logGet(43)) - raft.server.rpc.timeout.min = 5s (custom)
2019-09-17 10:07:00,619 [pool-37-thread-1] INFO  server.RaftServerConfigKeys (ConfUtils.java:logGet(43)) - raft.server.rpc.timeout.max = 5200ms (custom)
2019-09-17 10:07:00,619 [pool-37-thread-1] INFO  server.RaftServerConfigKeys (ConfUtils.java:logGet(43)) - raft.server.rpcslowness.timeout = 1000s (custom)
2019-09-17 10:07:00,619 [pool-37-thread-1] INFO  server.RaftServerConfigKeys (ConfUtils.java:logGet(43)) - raft.server.sleep.deviation.threshold = 300 (default)
2019-09-17 10:07:00,620 [pool-37-thread-1] INFO  server.RaftServerConfigKeys (ConfUtils.java:logGet(43)) - raft.server.log.appender.install.snapshot.enabled = false (custom)
2019-09-17 10:07:00,620 [pool-37-thread-1] INFO  impl.RaftServerImpl (ServerState.java:<init>(103)) - d65c2122-76ad-4590-8bd5-4069304cd132@group-42C2414013EC: ConfigurationManager, init=-1: [01ddd04e-873c-47a2-843b-0bba86a87443:192.168.34.37:36576, 2d3bddf7-5e55-4833-926f-b331e5cd1612:192.168.34.37:43312, d65c2122-76ad-4590-8bd5-4069304cd132:192.168.34.37:45554], old=null, confs=<EMPTY_MAP>
2019-09-17 10:07:00,620 [pool-37-thread-1] INFO  server.RaftServerConfigKeys (ConfUtils.java:logGet(43)) - raft.server.storage.dir = [/workdir/hadoop-ozone/integration-test/target/test-dir/MiniOzoneClusterImpl-99e3a453-5364-4b0b-a752-7eb5dbce83dc/datanode-1/data/ratis] (custom)
2019-09-17 10:07:00,620 [pool-57-thread-1] INFO  impl.RaftServerImpl (RaftServerImpl.java:<init>(95)) - 2d3bddf7-5e55-4833-926f-b331e5cd1612: new RaftServerImpl for group-42C2414013EC:[01ddd04e-873c-47a2-843b-0bba86a87443:192.168.34.37:36576, 2d3bddf7-5e55-4833-926f-b331e5cd1612:192.168.34.37:43312, d65c2122-76ad-4590-8bd5-4069304cd132:192.168.34.37:45554] with ContainerStateMachine:uninitialized
2019-09-17 10:07:00,620 [pool-37-thread-1] INFO  storage.RaftStorageDirectory (RaftStorageDirectory.java:analyzeStorage(246)) - The storage directory /workdir/hadoop-ozone/integration-test/target/test-dir/MiniOzoneClusterImpl-99e3a453-5364-4b0b-a752-7eb5dbce83dc/datanode-1/data/ratis/cae2f7d5-adb2-4640-bb04-42c2414013ec does not exist. Creating ...
2019-09-17 10:07:00,620 [pool-57-thread-1] INFO  server.RaftServerConfigKeys (ConfUtils.java:logGet(43)) - raft.server.rpc.timeout.min = 5s (custom)
2019-09-17 10:07:00,621 [pool-57-thread-1] INFO  server.RaftServerConfigKeys (ConfUtils.java:logGet(43)) - raft.server.rpc.timeout.max = 5200ms (custom)
2019-09-17 10:07:00,621 [pool-57-thread-1] INFO  server.RaftServerConfigKeys (ConfUtils.java:logGet(43)) - raft.server.rpcslowness.timeout = 1000s (custom)
2019-09-17 10:07:00,621 [pool-57-thread-1] INFO  server.RaftServerConfigKeys (ConfUtils.java:logGet(43)) - raft.server.sleep.deviation.threshold = 300 (default)
2019-09-17 10:07:00,621 [pool-57-thread-1] INFO  server.RaftServerConfigKeys (ConfUtils.java:logGet(43)) - raft.server.log.appender.install.snapshot.enabled = false (custom)
2019-09-17 10:07:00,621 [pool-27-thread-1] INFO  impl.RaftServerImpl (RaftServerImpl.java:<init>(95)) - 01ddd04e-873c-47a2-843b-0bba86a87443: new RaftServerImpl for group-42C2414013EC:[01ddd04e-873c-47a2-843b-0bba86a87443:192.168.34.37:36576, 2d3bddf7-5e55-4833-926f-b331e5cd1612:192.168.34.37:43312, d65c2122-76ad-4590-8bd5-4069304cd132:192.168.34.37:45554] with ContainerStateMachine:uninitialized
2019-09-17 10:07:00,621 [pool-57-thread-1] INFO  impl.RaftServerImpl (ServerState.java:<init>(103)) - 2d3bddf7-5e55-4833-926f-b331e5cd1612@group-42C2414013EC: ConfigurationManager, init=-1: [01ddd04e-873c-47a2-843b-0bba86a87443:192.168.34.37:36576, 2d3bddf7-5e55-4833-926f-b331e5cd1612:192.168.34.37:43312, d65c2122-76ad-4590-8bd5-4069304cd132:192.168.34.37:45554], old=null, confs=<EMPTY_MAP>
2019-09-17 10:07:00,622 [pool-27-thread-1] INFO  server.RaftServerConfigKeys (ConfUtils.java:logGet(43)) - raft.server.rpc.timeout.min = 5s (custom)
2019-09-17 10:07:00,622 [pool-57-thread-1] INFO  server.RaftServerConfigKeys (ConfUtils.java:logGet(43)) - raft.server.storage.dir = [/workdir/hadoop-ozone/integration-test/target/test-dir/MiniOzoneClusterImpl-99e3a453-5364-4b0b-a752-7eb5dbce83dc/datanode-3/data/ratis] (custom)
2019-09-17 10:07:00,622 [pool-27-thread-1] INFO  server.RaftServerConfigKeys (ConfUtils.java:logGet(43)) - raft.server.rpc.timeout.max = 5200ms (custom)
2019-09-17 10:07:00,622 [pool-27-thread-1] INFO  server.RaftServerConfigKeys (ConfUtils.java:logGet(43)) - raft.server.rpcslowness.timeout = 1000s (custom)
2019-09-17 10:07:00,622 [pool-57-thread-1] INFO  storage.RaftStorageDirectory (RaftStorageDirectory.java:analyzeStorage(246)) - The storage directory /workdir/hadoop-ozone/integration-test/target/test-dir/MiniOzoneClusterImpl-99e3a453-5364-4b0b-a752-7eb5dbce83dc/datanode-3/data/ratis/cae2f7d5-adb2-4640-bb04-42c2414013ec does not exist. Creating ...
2019-09-17 10:07:00,622 [pool-27-thread-1] INFO  server.RaftServerConfigKeys (ConfUtils.java:logGet(43)) - raft.server.sleep.deviation.threshold = 300 (default)
2019-09-17 10:07:00,623 [pool-27-thread-1] INFO  server.RaftServerConfigKeys (ConfUtils.java:logGet(43)) - raft.server.log.appender.install.snapshot.enabled = false (custom)
2019-09-17 10:07:00,623 [pool-27-thread-1] INFO  impl.RaftServerImpl (ServerState.java:<init>(103)) - 01ddd04e-873c-47a2-843b-0bba86a87443@group-42C2414013EC: ConfigurationManager, init=-1: [01ddd04e-873c-47a2-843b-0bba86a87443:192.168.34.37:36576, 2d3bddf7-5e55-4833-926f-b331e5cd1612:192.168.34.37:43312, d65c2122-76ad-4590-8bd5-4069304cd132:192.168.34.37:45554], old=null, confs=<EMPTY_MAP>
2019-09-17 10:07:00,623 [pool-27-thread-1] INFO  server.RaftServerConfigKeys (ConfUtils.java:logGet(43)) - raft.server.storage.dir = [/workdir/hadoop-ozone/integration-test/target/test-dir/MiniOzoneClusterImpl-99e3a453-5364-4b0b-a752-7eb5dbce83dc/datanode-0/data/ratis] (custom)
2019-09-17 10:07:00,624 [pool-27-thread-1] INFO  storage.RaftStorageDirectory (RaftStorageDirectory.java:analyzeStorage(246)) - The storage directory /workdir/hadoop-ozone/integration-test/target/test-dir/MiniOzoneClusterImpl-99e3a453-5364-4b0b-a752-7eb5dbce83dc/datanode-0/data/ratis/cae2f7d5-adb2-4640-bb04-42c2414013ec does not exist. Creating ...
2019-09-17 10:07:00,633 [pool-57-thread-1] INFO  storage.RaftStorageDirectory (RaftStorageDirectory.java:tryLock(328)) - Lock on /workdir/hadoop-ozone/integration-test/target/test-dir/MiniOzoneClusterImpl-99e3a453-5364-4b0b-a752-7eb5dbce83dc/datanode-3/data/ratis/cae2f7d5-adb2-4640-bb04-42c2414013ec/in_use.lock acquired by nodename 651@pr-hdds-2110-rdjw6-11158954
2019-09-17 10:07:00,633 [pool-37-thread-1] INFO  storage.RaftStorageDirectory (RaftStorageDirectory.java:tryLock(328)) - Lock on /workdir/hadoop-ozone/integration-test/target/test-dir/MiniOzoneClusterImpl-99e3a453-5364-4b0b-a752-7eb5dbce83dc/datanode-1/data/ratis/cae2f7d5-adb2-4640-bb04-42c2414013ec/in_use.lock acquired by nodename 651@pr-hdds-2110-rdjw6-11158954
2019-09-17 10:07:00,633 [pool-27-thread-1] INFO  storage.RaftStorageDirectory (RaftStorageDirectory.java:tryLock(328)) - Lock on /workdir/hadoop-ozone/integration-test/target/test-dir/MiniOzoneClusterImpl-99e3a453-5364-4b0b-a752-7eb5dbce83dc/datanode-0/data/ratis/cae2f7d5-adb2-4640-bb04-42c2414013ec/in_use.lock acquired by nodename 651@pr-hdds-2110-rdjw6-11158954
2019-09-17 10:07:00,638 [pool-57-thread-1] INFO  storage.RaftStorage (RaftStorage.java:format(72)) - Storage directory /workdir/hadoop-ozone/integration-test/target/test-dir/MiniOzoneClusterImpl-99e3a453-5364-4b0b-a752-7eb5dbce83dc/datanode-3/data/ratis/cae2f7d5-adb2-4640-bb04-42c2414013ec has been successfully formatted.
2019-09-17 10:07:00,638 [pool-37-thread-1] INFO  storage.RaftStorage (RaftStorage.java:format(72)) - Storage directory /workdir/hadoop-ozone/integration-test/target/test-dir/MiniOzoneClusterImpl-99e3a453-5364-4b0b-a752-7eb5dbce83dc/datanode-1/data/ratis/cae2f7d5-adb2-4640-bb04-42c2414013ec has been successfully formatted.
2019-09-17 10:07:00,638 [pool-27-thread-1] INFO  storage.RaftStorage (RaftStorage.java:format(72)) - Storage directory /workdir/hadoop-ozone/integration-test/target/test-dir/MiniOzoneClusterImpl-99e3a453-5364-4b0b-a752-7eb5dbce83dc/datanode-0/data/ratis/cae2f7d5-adb2-4640-bb04-42c2414013ec has been successfully formatted.
2019-09-17 10:07:00,638 [pool-57-thread-1] INFO  ratis.ContainerStateMachine (ContainerStateMachine.java:loadSnapshot(230)) - group-42C2414013EC: The snapshot info is null. Setting the last applied indexto:(t:0, i:~)
2019-09-17 10:07:00,638 [pool-27-thread-1] INFO  ratis.ContainerStateMachine (ContainerStateMachine.java:loadSnapshot(230)) - group-42C2414013EC: The snapshot info is null. Setting the last applied indexto:(t:0, i:~)
2019-09-17 10:07:00,638 [pool-37-thread-1] INFO  ratis.ContainerStateMachine (ContainerStateMachine.java:loadSnapshot(230)) - group-42C2414013EC: The snapshot info is null. Setting the last applied indexto:(t:0, i:~)
2019-09-17 10:07:00,639 [pool-27-thread-1] INFO  server.RaftServerConfigKeys (ConfUtils.java:logGet(43)) - raft.server.notification.no-leader.timeout = 1000s (custom)
2019-09-17 10:07:00,638 [pool-57-thread-1] INFO  server.RaftServerConfigKeys (ConfUtils.java:logGet(43)) - raft.server.notification.no-leader.timeout = 1000s (custom)
2019-09-17 10:07:00,639 [pool-27-thread-1] INFO  server.RaftServerConfigKeys (ConfUtils.java:logGet(43)) - raft.server.log.use.memory = false (default)
2019-09-17 10:07:00,639 [pool-37-thread-1] INFO  server.RaftServerConfigKeys (ConfUtils.java:logGet(43)) - raft.server.notification.no-leader.timeout = 1000s (custom)
2019-09-17 10:07:00,639 [pool-27-thread-1] INFO  server.RaftServerConfigKeys (ConfUtils.java:logGet(43)) - raft.server.log.purge.gap = 1000000 (custom)
2019-09-17 10:07:00,639 [pool-57-thread-1] INFO  server.RaftServerConfigKeys (ConfUtils.java:logGet(43)) - raft.server.log.use.memory = false (default)
2019-09-17 10:07:00,639 [pool-27-thread-1] INFO  server.RaftServerConfigKeys (ConfUtils.java:logGet(43)) - raft.server.log.appender.buffer.byte-limit = 33554432 (custom)
2019-09-17 10:07:00,639 [pool-37-thread-1] INFO  server.RaftServerConfigKeys (ConfUtils.java:logGet(43)) - raft.server.log.use.memory = false (default)
2019-09-17 10:07:00,640 [pool-27-thread-1] INFO  server.RaftServerConfigKeys (ConfUtils.java:logGet(43)) - raft.server.log.segment.size.max = 1048576 (custom)
2019-09-17 10:07:00,639 [pool-57-thread-1] INFO  server.RaftServerConfigKeys (ConfUtils.java:logGet(43)) - raft.server.log.purge.gap = 1000000 (custom)
2019-09-17 10:07:00,640 [pool-27-thread-1] INFO  server.RaftServerConfigKeys (ConfUtils.java:logGet(43)) - raft.server.log.segment.cache.num.max = 2 (custom)
2019-09-17 10:07:00,640 [pool-37-thread-1] INFO  server.RaftServerConfigKeys (ConfUtils.java:logGet(43)) - raft.server.log.purge.gap = 1000000 (custom)
2019-09-17 10:07:00,640 [pool-27-thread-1] INFO  segmented.SegmentedRaftLogWorker (SegmentedRaftLogWorker.java:<init>(172)) - new 01ddd04e-873c-47a2-843b-0bba86a87443@group-42C2414013EC-SegmentedRaftLogWorker for RaftStorage:Storage Directory /workdir/hadoop-ozone/integration-test/target/test-dir/MiniOzoneClusterImpl-99e3a453-5364-4b0b-a752-7eb5dbce83dc/datanode-0/data/ratis/cae2f7d5-adb2-4640-bb04-42c2414013ec
2019-09-17 10:07:00,640 [pool-57-thread-1] INFO  server.RaftServerConfigKeys (ConfUtils.java:logGet(43)) - raft.server.log.appender.buffer.byte-limit = 33554432 (custom)
2019-09-17 10:07:00,640 [pool-27-thread-1] INFO  server.RaftServerConfigKeys (ConfUtils.java:logGet(43)) - raft.server.log.queue.byte-limit = 2147483647 (custom)
2019-09-17 10:07:00,640 [pool-37-thread-1] INFO  server.RaftServerConfigKeys (ConfUtils.java:logGet(43)) - raft.server.log.appender.buffer.byte-limit = 33554432 (custom)
2019-09-17 10:07:00,641 [pool-27-thread-1] INFO  server.RaftServerConfigKeys (ConfUtils.java:logGet(43)) - raft.server.log.queue.element-limit = 1024 (custom)
2019-09-17 10:07:00,641 [pool-57-thread-1] INFO  server.RaftServerConfigKeys (ConfUtils.java:logGet(43)) - raft.server.log.segment.size.max = 1048576 (custom)
2019-09-17 10:07:00,641 [pool-27-thread-1] INFO  server.RaftServerConfigKeys (ConfUtils.java:logGet(43)) - raft.server.log.segment.size.max = 1048576 (custom)
2019-09-17 10:07:00,641 [pool-37-thread-1] INFO  server.RaftServerConfigKeys (ConfUtils.java:logGet(43)) - raft.server.log.segment.size.max = 1048576 (custom)
2019-09-17 10:07:00,641 [pool-27-thread-1] INFO  server.RaftServerConfigKeys (ConfUtils.java:logGet(43)) - raft.server.log.preallocated.size = 16384 (custom)
2019-09-17 10:07:00,641 [pool-57-thread-1] INFO  server.RaftServerConfigKeys (ConfUtils.java:logGet(43)) - raft.server.log.segment.cache.num.max = 2 (custom)
2019-09-17 10:07:00,641 [pool-27-thread-1] INFO  server.RaftServerConfigKeys (ConfUtils.java:logGet(43)) - raft.server.log.write.buffer.size = 33554432 (custom)
2019-09-17 10:07:00,642 [pool-27-thread-1] INFO  server.RaftServerConfigKeys (ConfUtils.java:logGet(43)) - raft.server.log.force.sync.num = 128 (default)
2019-09-17 10:07:00,641 [pool-37-thread-1] INFO  server.RaftServerConfigKeys (ConfUtils.java:logGet(43)) - raft.server.log.segment.cache.num.max = 2 (custom)
2019-09-17 10:07:00,642 [pool-27-thread-1] INFO  server.RaftServerConfigKeys (ConfUtils.java:logGet(43)) - raft.server.log.statemachine.data.sync = true (default)
2019-09-17 10:07:00,642 [pool-57-thread-1] INFO  segmented.SegmentedRaftLogWorker (SegmentedRaftLogWorker.java:<init>(172)) - new 2d3bddf7-5e55-4833-926f-b331e5cd1612@group-42C2414013EC-SegmentedRaftLogWorker for RaftStorage:Storage Directory /workdir/hadoop-ozone/integration-test/target/test-dir/MiniOzoneClusterImpl-99e3a453-5364-4b0b-a752-7eb5dbce83dc/datanode-3/data/ratis/cae2f7d5-adb2-4640-bb04-42c2414013ec
2019-09-17 10:07:00,642 [pool-27-thread-1] INFO  server.RaftServerConfigKeys (ConfUtils.java:logGet(43)) - raft.server.log.statemachine.data.sync.timeout = 10s (default)
2019-09-17 10:07:00,642 [pool-37-thread-1] INFO  segmented.SegmentedRaftLogWorker (SegmentedRaftLogWorker.java:<init>(172)) - new d65c2122-76ad-4590-8bd5-4069304cd132@group-42C2414013EC-SegmentedRaftLogWorker for RaftStorage:Storage Directory /workdir/hadoop-ozone/integration-test/target/test-dir/MiniOzoneClusterImpl-99e3a453-5364-4b0b-a752-7eb5dbce83dc/datanode-1/data/ratis/cae2f7d5-adb2-4640-bb04-42c2414013ec
2019-09-17 10:07:00,643 [pool-27-thread-1] INFO  server.RaftServerConfigKeys (ConfUtils.java:logGet(43)) - raft.server.log.statemachine.data.sync.timeout.retry = -1 (default)
2019-09-17 10:07:00,642 [pool-57-thread-1] INFO  server.RaftServerConfigKeys (ConfUtils.java:logGet(43)) - raft.server.log.queue.byte-limit = 2147483647 (custom)
2019-09-17 10:07:00,643 [pool-27-thread-1] INFO  server.RaftServerConfigKeys (ConfUtils.java:logGet(43)) - raft.server.log.statemachine.data.caching.enabled = true (custom)
2019-09-17 10:07:00,643 [pool-37-thread-1] INFO  server.RaftServerConfigKeys (ConfUtils.java:logGet(43)) - raft.server.log.queue.byte-limit = 2147483647 (custom)
2019-09-17 10:07:00,643 [pool-57-thread-1] INFO  server.RaftServerConfigKeys (ConfUtils.java:logGet(43)) - raft.server.log.queue.element-limit = 1024 (custom)
2019-09-17 10:07:00,643 [pool-27-thread-1] INFO  segmented.SegmentedRaftLogWorker (SegmentedRaftLogWorker.java:lambda$new$0(132)) - 01ddd04e-873c-47a2-843b-0bba86a87443@group-42C2414013EC-SegmentedRaftLogWorker: flushIndex: setUnconditionally 0 -> -1
2019-09-17 10:07:00,643 [pool-37-thread-1] INFO  server.RaftServerConfigKeys (ConfUtils.java:logGet(43)) - raft.server.log.queue.element-limit = 1024 (custom)
2019-09-17 10:07:00,643 [pool-57-thread-1] INFO  server.RaftServerConfigKeys (ConfUtils.java:logGet(43)) - raft.server.log.segment.size.max = 1048576 (custom)
2019-09-17 10:07:00,644 [pool-37-thread-1] INFO  server.RaftServerConfigKeys (ConfUtils.java:logGet(43)) - raft.server.log.segment.size.max = 1048576 (custom)
2019-09-17 10:07:00,644 [pool-27-thread-1] INFO  server.RaftServerConfigKeys (ConfUtils.java:logGet(43)) - raft.server.snapshot.auto.trigger.enabled = true (custom)
2019-09-17 10:07:00,644 [pool-37-thread-1] INFO  server.RaftServerConfigKeys (ConfUtils.java:logGet(43)) - raft.server.log.preallocated.size = 16384 (custom)
2019-09-17 10:07:00,644 [pool-57-thread-1] INFO  server.RaftServerConfigKeys (ConfUtils.java:logGet(43)) - raft.server.log.preallocated.size = 16384 (custom)
2019-09-17 10:07:00,644 [pool-37-thread-1] INFO  server.RaftServerConfigKeys (ConfUtils.java:logGet(43)) - raft.server.log.write.buffer.size = 33554432 (custom)
2019-09-17 10:07:00,644 [pool-27-thread-1] INFO  server.RaftServerConfigKeys (ConfUtils.java:logGet(43)) - raft.server.snapshot.auto.trigger.threshold = 10000 (custom)
2019-09-17 10:07:00,644 [pool-37-thread-1] INFO  server.RaftServerConfigKeys (ConfUtils.java:logGet(43)) - raft.server.log.force.sync.num = 128 (default)
2019-09-17 10:07:00,644 [pool-57-thread-1] INFO  server.RaftServerConfigKeys (ConfUtils.java:logGet(43)) - raft.server.log.write.buffer.size = 33554432 (custom)
2019-09-17 10:07:00,645 [pool-37-thread-1] INFO  server.RaftServerConfigKeys (ConfUtils.java:logGet(43)) - raft.server.log.statemachine.data.sync = true (default)
2019-09-17 10:07:00,644 [pool-27-thread-1] INFO  server.RaftServerConfigKeys (ConfUtils.java:logGet(43)) - raft.server.snapshot.retention.num.files = -1 (default)
2019-09-17 10:07:00,645 [pool-37-thread-1] INFO  server.RaftServerConfigKeys (ConfUtils.java:logGet(43)) - raft.server.log.statemachine.data.sync.timeout = 10s (default)
2019-09-17 10:07:00,645 [pool-57-thread-1] INFO  server.RaftServerConfigKeys (ConfUtils.java:logGet(43)) - raft.server.log.force.sync.num = 128 (default)
2019-09-17 10:07:00,645 [pool-37-thread-1] INFO  server.RaftServerConfigKeys (ConfUtils.java:logGet(43)) - raft.server.log.statemachine.data.sync.timeout.retry = -1 (default)
2019-09-17 10:07:00,645 [pool-27-thread-1] INFO  server.RaftServerConfigKeys (ConfUtils.java:logGet(43)) - raft.server.retrycache.expirytime = 600000ms (custom)
2019-09-17 10:07:00,645 [pool-37-thread-1] INFO  server.RaftServerConfigKeys (ConfUtils.java:logGet(43)) - raft.server.log.statemachine.data.caching.enabled = true (custom)
2019-09-17 10:07:00,645 [pool-57-thread-1] INFO  server.RaftServerConfigKeys (ConfUtils.java:logGet(43)) - raft.server.log.statemachine.data.sync = true (default)
2019-09-17 10:07:00,646 [pool-57-thread-1] INFO  server.RaftServerConfigKeys (ConfUtils.java:logGet(43)) - raft.server.log.statemachine.data.sync.timeout = 10s (default)
2019-09-17 10:07:00,646 [pool-37-thread-1] INFO  segmented.SegmentedRaftLogWorker (SegmentedRaftLogWorker.java:lambda$new$0(132)) - d65c2122-76ad-4590-8bd5-4069304cd132@group-42C2414013EC-SegmentedRaftLogWorker: flushIndex: setUnconditionally 0 -> -1
2019-09-17 10:07:00,646 [pool-57-thread-1] INFO  server.RaftServerConfigKeys (ConfUtils.java:logGet(43)) - raft.server.log.statemachine.data.sync.timeout.retry = -1 (default)
2019-09-17 10:07:00,646 [pool-57-thread-1] INFO  server.RaftServerConfigKeys (ConfUtils.java:logGet(43)) - raft.server.log.statemachine.data.caching.enabled = true (custom)
2019-09-17 10:07:00,646 [pool-37-thread-1] INFO  server.RaftServerConfigKeys (ConfUtils.java:logGet(43)) - raft.server.snapshot.auto.trigger.enabled = true (custom)
2019-09-17 10:07:00,646 [pool-37-thread-1] INFO  server.RaftServerConfigKeys (ConfUtils.java:logGet(43)) - raft.server.snapshot.auto.trigger.threshold = 10000 (custom)
2019-09-17 10:07:00,646 [pool-57-thread-1] INFO  segmented.SegmentedRaftLogWorker (SegmentedRaftLogWorker.java:lambda$new$0(132)) - 2d3bddf7-5e55-4833-926f-b331e5cd1612@group-42C2414013EC-SegmentedRaftLogWorker: flushIndex: setUnconditionally 0 -> -1
2019-09-17 10:07:00,647 [pool-37-thread-1] INFO  server.RaftServerConfigKeys (ConfUtils.java:logGet(43)) - raft.server.snapshot.retention.num.files = -1 (default)
2019-09-17 10:07:00,647 [pool-57-thread-1] INFO  server.RaftServerConfigKeys (ConfUtils.java:logGet(43)) - raft.server.snapshot.auto.trigger.enabled = true (custom)
2019-09-17 10:07:00,647 [pool-37-thread-1] INFO  server.RaftServerConfigKeys (ConfUtils.java:logGet(43)) - raft.server.retrycache.expirytime = 600000ms (custom)
2019-09-17 10:07:00,647 [pool-57-thread-1] INFO  server.RaftServerConfigKeys (ConfUtils.java:logGet(43)) - raft.server.snapshot.auto.trigger.threshold = 10000 (custom)
2019-09-17 10:07:00,647 [pool-57-thread-1] INFO  server.RaftServerConfigKeys (ConfUtils.java:logGet(43)) - raft.server.snapshot.retention.num.files = -1 (default)
2019-09-17 10:07:00,647 [pool-57-thread-1] INFO  server.RaftServerConfigKeys (ConfUtils.java:logGet(43)) - raft.server.retrycache.expirytime = 600000ms (custom)
2019-09-17 10:07:00,648 [pool-27-thread-1] INFO  impl.RaftServerImpl (RaftServerImpl.java:start(185)) - 01ddd04e-873c-47a2-843b-0bba86a87443@group-42C2414013EC: start as a follower, conf=-1: [01ddd04e-873c-47a2-843b-0bba86a87443:192.168.34.37:36576, 2d3bddf7-5e55-4833-926f-b331e5cd1612:192.168.34.37:43312, d65c2122-76ad-4590-8bd5-4069304cd132:192.168.34.37:45554], old=null
2019-09-17 10:07:00,648 [pool-27-thread-1] INFO  impl.RaftServerImpl (RaftServerImpl.java:setRole(174)) - 01ddd04e-873c-47a2-843b-0bba86a87443@group-42C2414013EC: changes role from      null to FOLLOWER at term 0 for startAsFollower
2019-09-17 10:07:00,648 [pool-27-thread-1] INFO  impl.RoleInfo (RoleInfo.java:updateAndGet(143)) - 01ddd04e-873c-47a2-843b-0bba86a87443: start FollowerState
2019-09-17 10:07:00,649 [pool-27-thread-1] INFO  util.JmxRegister (JmxRegister.java:tryRegister(44)) - Successfully registered JMX Bean with object name Ratis:service=RaftServer,group=group-42C2414013EC,id=01ddd04e-873c-47a2-843b-0bba86a87443
2019-09-17 10:07:00,650 [pool-57-thread-1] INFO  impl.RaftServerImpl (RaftServerImpl.java:start(185)) - 2d3bddf7-5e55-4833-926f-b331e5cd1612@group-42C2414013EC: start as a follower, conf=-1: [01ddd04e-873c-47a2-843b-0bba86a87443:192.168.34.37:36576, 2d3bddf7-5e55-4833-926f-b331e5cd1612:192.168.34.37:43312, d65c2122-76ad-4590-8bd5-4069304cd132:192.168.34.37:45554], old=null
2019-09-17 10:07:00,650 [pool-37-thread-1] INFO  impl.RaftServerImpl (RaftServerImpl.java:start(185)) - d65c2122-76ad-4590-8bd5-4069304cd132@group-42C2414013EC: start as a follower, conf=-1: [01ddd04e-873c-47a2-843b-0bba86a87443:192.168.34.37:36576, 2d3bddf7-5e55-4833-926f-b331e5cd1612:192.168.34.37:43312, d65c2122-76ad-4590-8bd5-4069304cd132:192.168.34.37:45554], old=null
2019-09-17 10:07:00,650 [pool-57-thread-1] INFO  impl.RaftServerImpl (RaftServerImpl.java:setRole(174)) - 2d3bddf7-5e55-4833-926f-b331e5cd1612@group-42C2414013EC: changes role from      null to FOLLOWER at term 0 for startAsFollower
2019-09-17 10:07:00,650 [pool-37-thread-1] INFO  impl.RaftServerImpl (RaftServerImpl.java:setRole(174)) - d65c2122-76ad-4590-8bd5-4069304cd132@group-42C2414013EC: changes role from      null to FOLLOWER at term 0 for startAsFollower
2019-09-17 10:07:00,651 [pool-57-thread-1] INFO  impl.RoleInfo (RoleInfo.java:updateAndGet(143)) - 2d3bddf7-5e55-4833-926f-b331e5cd1612: start FollowerState
2019-09-17 10:07:00,651 [pool-37-thread-1] INFO  impl.RoleInfo (RoleInfo.java:updateAndGet(143)) - d65c2122-76ad-4590-8bd5-4069304cd132: start FollowerState
2019-09-17 10:07:00,653 [pool-57-thread-1] INFO  util.JmxRegister (JmxRegister.java:tryRegister(44)) - Successfully registered JMX Bean with object name Ratis:service=RaftServer,group=group-42C2414013EC,id=2d3bddf7-5e55-4833-926f-b331e5cd1612
2019-09-17 10:07:00,654 [pool-37-thread-1] INFO  util.JmxRegister (JmxRegister.java:tryRegister(44)) - Successfully registered JMX Bean with object name Ratis:service=RaftServer,group=group-42C2414013EC,id=d65c2122-76ad-4590-8bd5-4069304cd132
2019-09-17 10:07:00,673 [RatisPipelineUtilsThread] INFO  pipeline.PipelineStateManager (PipelineStateManager.java:addPipeline(56)) - Created pipeline Pipeline[ Id: cae2f7d5-adb2-4640-bb04-42c2414013ec, Nodes: d65c2122-76ad-4590-8bd5-4069304cd132{ip: 192.168.34.37, host: pr-hdds-2110-rdjw6-11158954, networkLocation: /default-rack, certSerialId: null}01ddd04e-873c-47a2-843b-0bba86a87443{ip: 192.168.34.37, host: pr-hdds-2110-rdjw6-11158954, networkLocation: /default-rack, certSerialId: null}2d3bddf7-5e55-4833-926f-b331e5cd1612{ip: 192.168.34.37, host: pr-hdds-2110-rdjw6-11158954, networkLocation: /default-rack, certSerialId: null}, Type:RATIS, Factor:THREE, State:OPEN]
2019-09-17 10:07:00,942 [Command processor thread] ERROR commandhandler.CloseContainerCommandHandler (CloseContainerCommandHandler.java:handle(84)) - Container #1 does not exist in datanode. Container close failed.
2019-09-17 10:07:00,992 [Thread-193] INFO  container.ReplicationManager (ReplicationManager.java:start(169)) - Replication Monitor Thread is already running.
2019-09-17 10:07:01,015 [Command processor thread] ERROR commandhandler.CloseContainerCommandHandler (CloseContainerCommandHandler.java:handle(84)) - Container #1 does not exist in datanode. Container close failed.
2019-09-17 10:07:01,182 [Command processor thread] ERROR commandhandler.CloseContainerCommandHandler (CloseContainerCommandHandler.java:handle(84)) - Container #1 does not exist in datanode. Container close failed.
2019-09-17 10:07:01,191 [ReplicationMonitor] INFO  container.ReplicationManager (ReplicationManager.java:run(225)) - Replication Monitor Thread took 1 milliseconds for processing 1 containers.
2019-09-17 10:07:01,449 [grpc-default-executor-0] INFO  client.GrpcClientProtocolClient (GrpcClientProtocolClient.java:onNext(264)) - client-FC7B651799C6->01ddd04e-873c-47a2-843b-0bba86a87443: receive RaftClientReply:client-FC7B651799C6->01ddd04e-873c-47a2-843b-0bba86a87443@group-52DD40189D0B, cid=7, FAILED org.apache.ratis.protocol.NotLeaderException: Server 01ddd04e-873c-47a2-843b-0bba86a87443@group-52DD40189D0B is not the leader, logIndex=0, commits[01ddd04e-873c-47a2-843b-0bba86a87443:c-1]
2019-09-17 10:07:02,472 [grpc-default-executor-0] INFO  client.GrpcClientProtocolClient (GrpcClientProtocolClient.java:onNext(264)) - client-FC7B651799C6->d65c2122-76ad-4590-8bd5-4069304cd132: receive RaftClientReply:client-FC7B651799C6->d65c2122-76ad-4590-8bd5-4069304cd132@group-52DD40189D0B, cid=7, FAILED org.apache.ratis.protocol.NotLeaderException: Server d65c2122-76ad-4590-8bd5-4069304cd132@group-52DD40189D0B is not the leader, logIndex=0, commits[d65c2122-76ad-4590-8bd5-4069304cd132:c-1]
2019-09-17 10:07:03,192 [ReplicationMonitor] INFO  container.ReplicationManager (ReplicationManager.java:run(225)) - Replication Monitor Thread took 0 milliseconds for processing 1 containers.
2019-09-17 10:07:03,496 [grpc-default-executor-0] INFO  client.GrpcClientProtocolClient (GrpcClientProtocolClient.java:onNext(264)) - client-FC7B651799C6->2d3bddf7-5e55-4833-926f-b331e5cd1612: receive RaftClientReply:client-FC7B651799C6->2d3bddf7-5e55-4833-926f-b331e5cd1612@group-52DD40189D0B, cid=7, FAILED org.apache.ratis.protocol.NotLeaderException: Server 2d3bddf7-5e55-4833-926f-b331e5cd1612@group-52DD40189D0B is not the leader, logIndex=0, commits[2d3bddf7-5e55-4833-926f-b331e5cd1612:c-1]
2019-09-17 10:07:03,686 [Thread-195] INFO  impl.FollowerState (FollowerState.java:run(106)) - 01ddd04e-873c-47a2-843b-0bba86a87443:group-D747C3920934 changes to CANDIDATE, lastRpcTime:5039, electionTimeout:5038ms
2019-09-17 10:07:03,689 [Thread-195] INFO  impl.RoleInfo (RoleInfo.java:shutdownFollowerState(121)) - 01ddd04e-873c-47a2-843b-0bba86a87443: shutdown FollowerState
2019-09-17 10:07:03,689 [Thread-195] INFO  impl.RaftServerImpl (RaftServerImpl.java:setRole(174)) - 01ddd04e-873c-47a2-843b-0bba86a87443@group-D747C3920934: changes role from  FOLLOWER to CANDIDATE at term 0 for changeToCandidate
2019-09-17 10:07:03,694 [Thread-195] INFO  impl.RoleInfo (RoleInfo.java:updateAndGet(143)) - 01ddd04e-873c-47a2-843b-0bba86a87443: start LeaderElection
2019-09-17 10:07:03,710 [01ddd04e-873c-47a2-843b-0bba86a87443@group-D747C3920934:LeaderElection1] INFO  impl.LeaderElection (LeaderElection.java:askForVotes(182)) - 01ddd04e-873c-47a2-843b-0bba86a87443@group-D747C3920934:LeaderElection1: begin an election at term 1 for -1: [01ddd04e-873c-47a2-843b-0bba86a87443:192.168.34.37:36576], old=null
2019-09-17 10:07:03,712 [01ddd04e-873c-47a2-843b-0bba86a87443@group-D747C3920934:LeaderElection1] INFO  impl.RoleInfo (RoleInfo.java:shutdownLeaderElection(134)) - 01ddd04e-873c-47a2-843b-0bba86a87443: shutdown LeaderElection
2019-09-17 10:07:03,712 [01ddd04e-873c-47a2-843b-0bba86a87443@group-D747C3920934:LeaderElection1] INFO  impl.RaftServerImpl (RaftServerImpl.java:setRole(174)) - 01ddd04e-873c-47a2-843b-0bba86a87443@group-D747C3920934: changes role from CANDIDATE to LEADER at term 1 for changeToLeader
2019-09-17 10:07:03,713 [01ddd04e-873c-47a2-843b-0bba86a87443@group-D747C3920934:LeaderElection1] INFO  impl.RaftServerImpl (ServerState.java:setLeader(253)) - 01ddd04e-873c-47a2-843b-0bba86a87443@group-D747C3920934: change Leader from null to 01ddd04e-873c-47a2-843b-0bba86a87443 at term 1 for becomeLeader, leader elected after 5165ms
2019-09-17 10:07:03,718 [01ddd04e-873c-47a2-843b-0bba86a87443@group-D747C3920934:LeaderElection1] INFO  server.RaftServerConfigKeys (ConfUtils.java:logGet(43)) - raft.server.staging.catchup.gap = 1000 (default)
2019-09-17 10:07:03,718 [01ddd04e-873c-47a2-843b-0bba86a87443@group-D747C3920934:LeaderElection1] INFO  server.RaftServerConfigKeys (ConfUtils.java:logGet(43)) - raft.server.rpc.sleep.time = 25ms (default)
2019-09-17 10:07:03,721 [01ddd04e-873c-47a2-843b-0bba86a87443@group-D747C3920934:LeaderElection1] INFO  server.RaftServerConfigKeys (ConfUtils.java:logGet(43)) - raft.server.write.element-limit = 4096 (default)
2019-09-17 10:07:03,723 [01ddd04e-873c-47a2-843b-0bba86a87443@group-D747C3920934:LeaderElection1] INFO  server.RaftServerConfigKeys (ConfUtils.java:logGet(43)) - raft.server.watch.timeout = 10s (default)
2019-09-17 10:07:03,723 [01ddd04e-873c-47a2-843b-0bba86a87443@group-D747C3920934:LeaderElection1] INFO  server.RaftServerConfigKeys (ConfUtils.java:logGet(43)) - raft.server.watch.timeout.denomination = 1s (default)
2019-09-17 10:07:03,724 [01ddd04e-873c-47a2-843b-0bba86a87443@group-D747C3920934:LeaderElection1] INFO  server.RaftServerConfigKeys (ConfUtils.java:logGet(43)) - raft.server.watch.element-limit = 65536 (default)
2019-09-17 10:07:03,734 [01ddd04e-873c-47a2-843b-0bba86a87443@group-D747C3920934:LeaderElection1] INFO  impl.RoleInfo (RoleInfo.java:updateAndGet(143)) - 01ddd04e-873c-47a2-843b-0bba86a87443: start LeaderState
2019-09-17 10:07:03,754 [01ddd04e-873c-47a2-843b-0bba86a87443@group-D747C3920934:LeaderElection1] INFO  segmented.SegmentedRaftLogWorker (SegmentedRaftLogWorker.java:startLogSegment(380)) - 01ddd04e-873c-47a2-843b-0bba86a87443@group-D747C3920934-SegmentedRaftLogWorker: Starting segment from index:0
2019-09-17 10:07:03,763 [01ddd04e-873c-47a2-843b-0bba86a87443@group-D747C3920934:LeaderElection1] INFO  impl.RaftServerImpl (ServerState.java:setRaftConf(354)) - 01ddd04e-873c-47a2-843b-0bba86a87443@group-D747C3920934: set configuration 0: [01ddd04e-873c-47a2-843b-0bba86a87443:192.168.34.37:36576], old=null at 0
2019-09-17 10:07:03,890 [Thread-198] INFO  impl.FollowerState (FollowerState.java:run(106)) - d65c2122-76ad-4590-8bd5-4069304cd132:group-67B8F495984A changes to CANDIDATE, lastRpcTime:5062, electionTimeout:5061ms
2019-09-17 10:07:03,904 [Thread-198] INFO  impl.RoleInfo (RoleInfo.java:shutdownFollowerState(121)) - d65c2122-76ad-4590-8bd5-4069304cd132: shutdown FollowerState
2019-09-17 10:07:03,904 [Thread-198] INFO  impl.RaftServerImpl (RaftServerImpl.java:setRole(174)) - d65c2122-76ad-4590-8bd5-4069304cd132@group-67B8F495984A: changes role from  FOLLOWER to CANDIDATE at term 0 for changeToCandidate
2019-09-17 10:07:03,904 [Thread-198] INFO  impl.RoleInfo (RoleInfo.java:updateAndGet(143)) - d65c2122-76ad-4590-8bd5-4069304cd132: start LeaderElection
2019-09-17 10:07:03,923 [01ddd04e-873c-47a2-843b-0bba86a87443@group-D747C3920934-SegmentedRaftLogWorker] INFO  segmented.SegmentedRaftLogWorker (SegmentedRaftLogWorker.java:execute(569)) - 01ddd04e-873c-47a2-843b-0bba86a87443@group-D747C3920934-SegmentedRaftLogWorker: created new log segment /workdir/hadoop-ozone/integration-test/target/test-dir/MiniOzoneClusterImpl-99e3a453-5364-4b0b-a752-7eb5dbce83dc/datanode-0/data/ratis/cfcd86db-c2e0-4aa8-98ea-d747c3920934/current/log_inprogress_0
2019-09-17 10:07:03,923 [d65c2122-76ad-4590-8bd5-4069304cd132@group-67B8F495984A:LeaderElection2] INFO  impl.LeaderElection (LeaderElection.java:askForVotes(182)) - d65c2122-76ad-4590-8bd5-4069304cd132@group-67B8F495984A:LeaderElection2: begin an election at term 1 for -1: [d65c2122-76ad-4590-8bd5-4069304cd132:192.168.34.37:45554], old=null
2019-09-17 10:07:03,935 [d65c2122-76ad-4590-8bd5-4069304cd132@group-67B8F495984A:LeaderElection2] INFO  impl.RoleInfo (RoleInfo.java:shutdownLeaderElection(134)) - d65c2122-76ad-4590-8bd5-4069304cd132: shutdown LeaderElection
2019-09-17 10:07:03,935 [d65c2122-76ad-4590-8bd5-4069304cd132@group-67B8F495984A:LeaderElection2] INFO  impl.RaftServerImpl (RaftServerImpl.java:setRole(174)) - d65c2122-76ad-4590-8bd5-4069304cd132@group-67B8F495984A: changes role from CANDIDATE to LEADER at term 1 for changeToLeader
2019-09-17 10:07:03,935 [d65c2122-76ad-4590-8bd5-4069304cd132@group-67B8F495984A:LeaderElection2] INFO  impl.RaftServerImpl (ServerState.java:setLeader(253)) - d65c2122-76ad-4590-8bd5-4069304cd132@group-67B8F495984A: change Leader from null to d65c2122-76ad-4590-8bd5-4069304cd132 at term 1 for becomeLeader, leader elected after 5125ms
2019-09-17 10:07:03,935 [d65c2122-76ad-4590-8bd5-4069304cd132@group-67B8F495984A:LeaderElection2] INFO  server.RaftServerConfigKeys (ConfUtils.java:logGet(43)) - raft.server.staging.catchup.gap = 1000 (default)
2019-09-17 10:07:03,935 [d65c2122-76ad-4590-8bd5-4069304cd132@group-67B8F495984A:LeaderElection2] INFO  server.RaftServerConfigKeys (ConfUtils.java:logGet(43)) - raft.server.rpc.sleep.time = 25ms (default)
2019-09-17 10:07:03,936 [d65c2122-76ad-4590-8bd5-4069304cd132@group-67B8F495984A:LeaderElection2] INFO  server.RaftServerConfigKeys (ConfUtils.java:logGet(43)) - raft.server.write.element-limit = 4096 (default)
2019-09-17 10:07:03,936 [d65c2122-76ad-4590-8bd5-4069304cd132@group-67B8F495984A:LeaderElection2] INFO  server.RaftServerConfigKeys (ConfUtils.java:logGet(43)) - raft.server.watch.timeout = 10s (default)
2019-09-17 10:07:03,936 [d65c2122-76ad-4590-8bd5-4069304cd132@group-67B8F495984A:LeaderElection2] INFO  server.RaftServerConfigKeys (ConfUtils.java:logGet(43)) - raft.server.watch.timeout.denomination = 1s (default)
2019-09-17 10:07:03,936 [d65c2122-76ad-4590-8bd5-4069304cd132@group-67B8F495984A:LeaderElection2] INFO  server.RaftServerConfigKeys (ConfUtils.java:logGet(43)) - raft.server.watch.element-limit = 65536 (default)
2019-09-17 10:07:03,938 [d65c2122-76ad-4590-8bd5-4069304cd132@group-67B8F495984A:LeaderElection2] INFO  impl.RoleInfo (RoleInfo.java:updateAndGet(143)) - d65c2122-76ad-4590-8bd5-4069304cd132: start LeaderState
2019-09-17 10:07:03,938 [d65c2122-76ad-4590-8bd5-4069304cd132@group-67B8F495984A:LeaderElection2] INFO  segmented.SegmentedRaftLogWorker (SegmentedRaftLogWorker.java:startLogSegment(380)) - d65c2122-76ad-4590-8bd5-4069304cd132@group-67B8F495984A-SegmentedRaftLogWorker: Starting segment from index:0
2019-09-17 10:07:03,939 [d65c2122-76ad-4590-8bd5-4069304cd132@group-67B8F495984A:LeaderElection2] INFO  impl.RaftServerImpl (ServerState.java:setRaftConf(354)) - d65c2122-76ad-4590-8bd5-4069304cd132@group-67B8F495984A: set configuration 0: [d65c2122-76ad-4590-8bd5-4069304cd132:192.168.34.37:45554], old=null at 0
2019-09-17 10:07:03,972 [d65c2122-76ad-4590-8bd5-4069304cd132@group-67B8F495984A-SegmentedRaftLogWorker] INFO  segmented.SegmentedRaftLogWorker (SegmentedRaftLogWorker.java:execute(569)) - d65c2122-76ad-4590-8bd5-4069304cd132@group-67B8F495984A-SegmentedRaftLogWorker: created new log segment /workdir/hadoop-ozone/integration-test/target/test-dir/MiniOzoneClusterImpl-99e3a453-5364-4b0b-a752-7eb5dbce83dc/datanode-1/data/ratis/1ae36b0c-f8f7-4320-8ed5-67b8f495984a/current/log_inprogress_0
2019-09-17 10:07:03,994 [Thread-201] INFO  impl.FollowerState (FollowerState.java:run(106)) - 2d3bddf7-5e55-4833-926f-b331e5cd1612:group-13D7247641BB changes to CANDIDATE, lastRpcTime:5047, electionTimeout:5047ms
2019-09-17 10:07:03,994 [Thread-201] INFO  impl.RoleInfo (RoleInfo.java:shutdownFollowerState(121)) - 2d3bddf7-5e55-4833-926f-b331e5cd1612: shutdown FollowerState
2019-09-17 10:07:03,994 [Thread-201] INFO  impl.RaftServerImpl (RaftServerImpl.java:setRole(174)) - 2d3bddf7-5e55-4833-926f-b331e5cd1612@group-13D7247641BB: changes role from  FOLLOWER to CANDIDATE at term 0 for changeToCandidate
2019-09-17 10:07:03,994 [Thread-201] INFO  impl.RoleInfo (RoleInfo.java:updateAndGet(143)) - 2d3bddf7-5e55-4833-926f-b331e5cd1612: start LeaderElection
2019-09-17 10:07:04,011 [2d3bddf7-5e55-4833-926f-b331e5cd1612@group-13D7247641BB:LeaderElection3] INFO  impl.LeaderElection (LeaderElection.java:askForVotes(182)) - 2d3bddf7-5e55-4833-926f-b331e5cd1612@group-13D7247641BB:LeaderElection3: begin an election at term 1 for -1: [2d3bddf7-5e55-4833-926f-b331e5cd1612:192.168.34.37:43312], old=null
2019-09-17 10:07:04,013 [2d3bddf7-5e55-4833-926f-b331e5cd1612@group-13D7247641BB:LeaderElection3] INFO  impl.RoleInfo (RoleInfo.java:shutdownLeaderElection(134)) - 2d3bddf7-5e55-4833-926f-b331e5cd1612: shutdown LeaderElection
2019-09-17 10:07:04,013 [2d3bddf7-5e55-4833-926f-b331e5cd1612@group-13D7247641BB:LeaderElection3] INFO  impl.RaftServerImpl (RaftServerImpl.java:setRole(174)) - 2d3bddf7-5e55-4833-926f-b331e5cd1612@group-13D7247641BB: changes role from CANDIDATE to LEADER at term 1 for changeToLeader
2019-09-17 10:07:04,013 [2d3bddf7-5e55-4833-926f-b331e5cd1612@group-13D7247641BB:LeaderElection3] INFO  impl.RaftServerImpl (ServerState.java:setLeader(253)) - 2d3bddf7-5e55-4833-926f-b331e5cd1612@group-13D7247641BB: change Leader from null to 2d3bddf7-5e55-4833-926f-b331e5cd1612 at term 1 for becomeLeader, leader elected after 5113ms
2019-09-17 10:07:04,014 [2d3bddf7-5e55-4833-926f-b331e5cd1612@group-13D7247641BB:LeaderElection3] INFO  server.RaftServerConfigKeys (ConfUtils.java:logGet(43)) - raft.server.staging.catchup.gap = 1000 (default)
2019-09-17 10:07:04,014 [2d3bddf7-5e55-4833-926f-b331e5cd1612@group-13D7247641BB:LeaderElection3] INFO  server.RaftServerConfigKeys (ConfUtils.java:logGet(43)) - raft.server.rpc.sleep.time = 25ms (default)
2019-09-17 10:07:04,014 [2d3bddf7-5e55-4833-926f-b331e5cd1612@group-13D7247641BB:LeaderElection3] INFO  server.RaftServerConfigKeys (ConfUtils.java:logGet(43)) - raft.server.write.element-limit = 4096 (default)
2019-09-17 10:07:04,014 [2d3bddf7-5e55-4833-926f-b331e5cd1612@group-13D7247641BB:LeaderElection3] INFO  server.RaftServerConfigKeys (ConfUtils.java:logGet(43)) - raft.server.watch.timeout = 10s (default)
2019-09-17 10:07:04,014 [2d3bddf7-5e55-4833-926f-b331e5cd1612@group-13D7247641BB:LeaderElection3] INFO  server.RaftServerConfigKeys (ConfUtils.java:logGet(43)) - raft.server.watch.timeout.denomination = 1s (default)
2019-09-17 10:07:04,014 [2d3bddf7-5e55-4833-926f-b331e5cd1612@group-13D7247641BB:LeaderElection3] INFO  server.RaftServerConfigKeys (ConfUtils.java:logGet(43)) - raft.server.watch.element-limit = 65536 (default)
2019-09-17 10:07:04,016 [2d3bddf7-5e55-4833-926f-b331e5cd1612@group-13D7247641BB:LeaderElection3] INFO  impl.RoleInfo (RoleInfo.java:updateAndGet(143)) - 2d3bddf7-5e55-4833-926f-b331e5cd1612: start LeaderState
2019-09-17 10:07:04,017 [2d3bddf7-5e55-4833-926f-b331e5cd1612@group-13D7247641BB:LeaderElection3] INFO  segmented.SegmentedRaftLogWorker (SegmentedRaftLogWorker.java:startLogSegment(380)) - 2d3bddf7-5e55-4833-926f-b331e5cd1612@group-13D7247641BB-SegmentedRaftLogWorker: Starting segment from index:0
2019-09-17 10:07:04,017 [2d3bddf7-5e55-4833-926f-b331e5cd1612@group-13D7247641BB:LeaderElection3] INFO  impl.RaftServerImpl (ServerState.java:setRaftConf(354)) - 2d3bddf7-5e55-4833-926f-b331e5cd1612@group-13D7247641BB: set configuration 0: [2d3bddf7-5e55-4833-926f-b331e5cd1612:192.168.34.37:43312], old=null at 0
2019-09-17 10:07:04,046 [Thread-204] INFO  impl.FollowerState (FollowerState.java:run(106)) - 0dd15b35-2362-4edc-a10a-41adb2053487:group-3068D18D3D2B changes to CANDIDATE, lastRpcTime:5025, electionTimeout:5004ms
2019-09-17 10:07:04,047 [Thread-204] INFO  impl.RoleInfo (RoleInfo.java:shutdownFollowerState(121)) - 0dd15b35-2362-4edc-a10a-41adb2053487: shutdown FollowerState
2019-09-17 10:07:04,047 [Thread-204] INFO  impl.RaftServerImpl (RaftServerImpl.java:setRole(174)) - 0dd15b35-2362-4edc-a10a-41adb2053487@group-3068D18D3D2B: changes role from  FOLLOWER to CANDIDATE at term 0 for changeToCandidate
2019-09-17 10:07:04,047 [Thread-204] INFO  impl.RoleInfo (RoleInfo.java:updateAndGet(143)) - 0dd15b35-2362-4edc-a10a-41adb2053487: start LeaderElection
2019-09-17 10:07:04,059 [2d3bddf7-5e55-4833-926f-b331e5cd1612@group-13D7247641BB-SegmentedRaftLogWorker] INFO  segmented.SegmentedRaftLogWorker (SegmentedRaftLogWorker.java:execute(569)) - 2d3bddf7-5e55-4833-926f-b331e5cd1612@group-13D7247641BB-SegmentedRaftLogWorker: created new log segment /workdir/hadoop-ozone/integration-test/target/test-dir/MiniOzoneClusterImpl-99e3a453-5364-4b0b-a752-7eb5dbce83dc/datanode-3/data/ratis/82f689b6-cb8f-4133-a8be-13d7247641bb/current/log_inprogress_0
2019-09-17 10:07:04,059 [0dd15b35-2362-4edc-a10a-41adb2053487@group-3068D18D3D2B:LeaderElection4] INFO  impl.LeaderElection (LeaderElection.java:askForVotes(182)) - 0dd15b35-2362-4edc-a10a-41adb2053487@group-3068D18D3D2B:LeaderElection4: begin an election at term 1 for -1: [0dd15b35-2362-4edc-a10a-41adb2053487:192.168.34.37:35653], old=null
2019-09-17 10:07:04,060 [0dd15b35-2362-4edc-a10a-41adb2053487@group-3068D18D3D2B:LeaderElection4] INFO  impl.RoleInfo (RoleInfo.java:shutdownLeaderElection(134)) - 0dd15b35-2362-4edc-a10a-41adb2053487: shutdown LeaderElection
2019-09-17 10:07:04,060 [0dd15b35-2362-4edc-a10a-41adb2053487@group-3068D18D3D2B:LeaderElection4] INFO  impl.RaftServerImpl (RaftServerImpl.java:setRole(174)) - 0dd15b35-2362-4edc-a10a-41adb2053487@group-3068D18D3D2B: changes role from CANDIDATE to LEADER at term 1 for changeToLeader
2019-09-17 10:07:04,060 [0dd15b35-2362-4edc-a10a-41adb2053487@group-3068D18D3D2B:LeaderElection4] INFO  impl.RaftServerImpl (ServerState.java:setLeader(253)) - 0dd15b35-2362-4edc-a10a-41adb2053487@group-3068D18D3D2B: change Leader from null to 0dd15b35-2362-4edc-a10a-41adb2053487 at term 1 for becomeLeader, leader elected after 5052ms
2019-09-17 10:07:04,063 [0dd15b35-2362-4edc-a10a-41adb2053487@group-3068D18D3D2B:LeaderElection4] INFO  server.RaftServerConfigKeys (ConfUtils.java:logGet(43)) - raft.server.staging.catchup.gap = 1000 (default)
2019-09-17 10:07:04,063 [0dd15b35-2362-4edc-a10a-41adb2053487@group-3068D18D3D2B:LeaderElection4] INFO  server.RaftServerConfigKeys (ConfUtils.java:logGet(43)) - raft.server.rpc.sleep.time = 25ms (default)
2019-09-17 10:07:04,063 [0dd15b35-2362-4edc-a10a-41adb2053487@group-3068D18D3D2B:LeaderElection4] INFO  server.RaftServerConfigKeys (ConfUtils.java:logGet(43)) - raft.server.write.element-limit = 4096 (default)
2019-09-17 10:07:04,063 [0dd15b35-2362-4edc-a10a-41adb2053487@group-3068D18D3D2B:LeaderElection4] INFO  server.RaftServerConfigKeys (ConfUtils.java:logGet(43)) - raft.server.watch.timeout = 10s (default)
2019-09-17 10:07:04,063 [0dd15b35-2362-4edc-a10a-41adb2053487@group-3068D18D3D2B:LeaderElection4] INFO  server.RaftServerConfigKeys (ConfUtils.java:logGet(43)) - raft.server.watch.timeout.denomination = 1s (default)
2019-09-17 10:07:04,064 [0dd15b35-2362-4edc-a10a-41adb2053487@group-3068D18D3D2B:LeaderElection4] INFO  server.RaftServerConfigKeys (ConfUtils.java:logGet(43)) - raft.server.watch.element-limit = 65536 (default)
2019-09-17 10:07:04,066 [0dd15b35-2362-4edc-a10a-41adb2053487@group-3068D18D3D2B:LeaderElection4] INFO  impl.RoleInfo (RoleInfo.java:updateAndGet(143)) - 0dd15b35-2362-4edc-a10a-41adb2053487: start LeaderState
2019-09-17 10:07:04,066 [0dd15b35-2362-4edc-a10a-41adb2053487@group-3068D18D3D2B:LeaderElection4] INFO  segmented.SegmentedRaftLogWorker (SegmentedRaftLogWorker.java:startLogSegment(380)) - 0dd15b35-2362-4edc-a10a-41adb2053487@group-3068D18D3D2B-SegmentedRaftLogWorker: Starting segment from index:0
2019-09-17 10:07:04,067 [0dd15b35-2362-4edc-a10a-41adb2053487@group-3068D18D3D2B:LeaderElection4] INFO  impl.RaftServerImpl (ServerState.java:setRaftConf(354)) - 0dd15b35-2362-4edc-a10a-41adb2053487@group-3068D18D3D2B: set configuration 0: [0dd15b35-2362-4edc-a10a-41adb2053487:192.168.34.37:35653], old=null at 0
2019-09-17 10:07:04,106 [0dd15b35-2362-4edc-a10a-41adb2053487@group-3068D18D3D2B-SegmentedRaftLogWorker] INFO  segmented.SegmentedRaftLogWorker (SegmentedRaftLogWorker.java:execute(569)) - 0dd15b35-2362-4edc-a10a-41adb2053487@group-3068D18D3D2B-SegmentedRaftLogWorker: created new log segment /workdir/hadoop-ozone/integration-test/target/test-dir/MiniOzoneClusterImpl-99e3a453-5364-4b0b-a752-7eb5dbce83dc/datanode-2/data/ratis/2afb98e1-0340-4e23-8fba-3068d18d3d2b/current/log_inprogress_0
2019-09-17 10:07:04,198 [Thread-212] INFO  impl.FollowerState (FollowerState.java:run(106)) - 01ddd04e-873c-47a2-843b-0bba86a87443:group-52DD40189D0B changes to CANDIDATE, lastRpcTime:5057, electionTimeout:5057ms
2019-09-17 10:07:04,198 [Thread-212] INFO  impl.RoleInfo (RoleInfo.java:shutdownFollowerState(121)) - 01ddd04e-873c-47a2-843b-0bba86a87443: shutdown FollowerState
2019-09-17 10:07:04,198 [Thread-212] INFO  impl.RaftServerImpl (RaftServerImpl.java:setRole(174)) - 01ddd04e-873c-47a2-843b-0bba86a87443@group-52DD40189D0B: changes role from  FOLLOWER to CANDIDATE at term 0 for changeToCandidate
2019-09-17 10:07:04,198 [Thread-212] INFO  impl.RoleInfo (RoleInfo.java:updateAndGet(143)) - 01ddd04e-873c-47a2-843b-0bba86a87443: start LeaderElection
2019-09-17 10:07:04,201 [Thread-211] INFO  impl.FollowerState (FollowerState.java:run(106)) - 2d3bddf7-5e55-4833-926f-b331e5cd1612:group-52DD40189D0B changes to CANDIDATE, lastRpcTime:5060, electionTimeout:5059ms
2019-09-17 10:07:04,201 [Thread-211] INFO  impl.RoleInfo (RoleInfo.java:shutdownFollowerState(121)) - 2d3bddf7-5e55-4833-926f-b331e5cd1612: shutdown FollowerState
2019-09-17 10:07:04,201 [Thread-211] INFO  impl.RaftServerImpl (RaftServerImpl.java:setRole(174)) - 2d3bddf7-5e55-4833-926f-b331e5cd1612@group-52DD40189D0B: changes role from  FOLLOWER to CANDIDATE at term 0 for changeToCandidate
2019-09-17 10:07:04,201 [Thread-211] INFO  impl.RoleInfo (RoleInfo.java:updateAndGet(143)) - 2d3bddf7-5e55-4833-926f-b331e5cd1612: start LeaderElection
2019-09-17 10:07:04,214 [01ddd04e-873c-47a2-843b-0bba86a87443@group-52DD40189D0B:LeaderElection5] INFO  impl.LeaderElection (LeaderElection.java:askForVotes(182)) - 01ddd04e-873c-47a2-843b-0bba86a87443@group-52DD40189D0B:LeaderElection5: begin an election at term 1 for -1: [01ddd04e-873c-47a2-843b-0bba86a87443:192.168.34.37:36576, 2d3bddf7-5e55-4833-926f-b331e5cd1612:192.168.34.37:43312, d65c2122-76ad-4590-8bd5-4069304cd132:192.168.34.37:45554], old=null
2019-09-17 10:07:04,214 [2d3bddf7-5e55-4833-926f-b331e5cd1612@group-52DD40189D0B:LeaderElection6] INFO  impl.LeaderElection (LeaderElection.java:askForVotes(182)) - 2d3bddf7-5e55-4833-926f-b331e5cd1612@group-52DD40189D0B:LeaderElection6: begin an election at term 1 for -1: [01ddd04e-873c-47a2-843b-0bba86a87443:192.168.34.37:36576, 2d3bddf7-5e55-4833-926f-b331e5cd1612:192.168.34.37:43312, d65c2122-76ad-4590-8bd5-4069304cd132:192.168.34.37:45554], old=null
2019-09-17 10:07:04,240 [grpc-default-executor-2] INFO  impl.RaftServerImpl (RaftServerImpl.java:setRole(174)) - d65c2122-76ad-4590-8bd5-4069304cd132@group-52DD40189D0B: changes role from  FOLLOWER to FOLLOWER at term 1 for recognizeCandidate:2d3bddf7-5e55-4833-926f-b331e5cd1612
2019-09-17 10:07:04,240 [grpc-default-executor-2] INFO  impl.RoleInfo (RoleInfo.java:shutdownFollowerState(121)) - d65c2122-76ad-4590-8bd5-4069304cd132: shutdown FollowerState
2019-09-17 10:07:04,240 [grpc-default-executor-2] INFO  impl.RoleInfo (RoleInfo.java:updateAndGet(143)) - d65c2122-76ad-4590-8bd5-4069304cd132: start FollowerState
2019-09-17 10:07:04,240 [Thread-209] INFO  impl.FollowerState (FollowerState.java:run(115)) - d65c2122-76ad-4590-8bd5-4069304cd132: FollowerState was interrupted: java.lang.InterruptedException: sleep interrupted
2019-09-17 10:07:04,266 [01ddd04e-873c-47a2-843b-0bba86a87443@group-52DD40189D0B:LeaderElection5] INFO  impl.LeaderElection (LeaderElection.java:logAndReturn(56)) - 01ddd04e-873c-47a2-843b-0bba86a87443@group-52DD40189D0B:LeaderElection5: Election REJECTED; received 2 response(s) [01ddd04e-873c-47a2-843b-0bba86a87443<-2d3bddf7-5e55-4833-926f-b331e5cd1612#0:FAIL-t1, 01ddd04e-873c-47a2-843b-0bba86a87443<-d65c2122-76ad-4590-8bd5-4069304cd132#0:FAIL-t1] and 0 exception(s); 01ddd04e-873c-47a2-843b-0bba86a87443@group-52DD40189D0B:t1, leader=null, voted=01ddd04e-873c-47a2-843b-0bba86a87443, raftlog=01ddd04e-873c-47a2-843b-0bba86a87443@group-52DD40189D0B-SegmentedRaftLog:OPENED:c-1,f-1,i0, conf=-1: [01ddd04e-873c-47a2-843b-0bba86a87443:192.168.34.37:36576, 2d3bddf7-5e55-4833-926f-b331e5cd1612:192.168.34.37:43312, d65c2122-76ad-4590-8bd5-4069304cd132:192.168.34.37:45554], old=null
2019-09-17 10:07:04,266 [2d3bddf7-5e55-4833-926f-b331e5cd1612@group-52DD40189D0B:LeaderElection6] INFO  impl.LeaderElection (LeaderElection.java:logAndReturn(56)) - 2d3bddf7-5e55-4833-926f-b331e5cd1612@group-52DD40189D0B:LeaderElection6: Election PASSED; received 2 response(s) [2d3bddf7-5e55-4833-926f-b331e5cd1612<-01ddd04e-873c-47a2-843b-0bba86a87443#0:FAIL-t1, 2d3bddf7-5e55-4833-926f-b331e5cd1612<-d65c2122-76ad-4590-8bd5-4069304cd132#0:OK-t1] and 0 exception(s); 2d3bddf7-5e55-4833-926f-b331e5cd1612@group-52DD40189D0B:t1, leader=null, voted=2d3bddf7-5e55-4833-926f-b331e5cd1612, raftlog=2d3bddf7-5e55-4833-926f-b331e5cd1612@group-52DD40189D0B-SegmentedRaftLog:OPENED:c-1,f-1,i0, conf=-1: [01ddd04e-873c-47a2-843b-0bba86a87443:192.168.34.37:36576, 2d3bddf7-5e55-4833-926f-b331e5cd1612:192.168.34.37:43312, d65c2122-76ad-4590-8bd5-4069304cd132:192.168.34.37:45554], old=null
2019-09-17 10:07:04,266 [01ddd04e-873c-47a2-843b-0bba86a87443@group-52DD40189D0B:LeaderElection5] INFO  impl.RaftServerImpl (RaftServerImpl.java:setRole(174)) - 01ddd04e-873c-47a2-843b-0bba86a87443@group-52DD40189D0B: changes role from CANDIDATE to FOLLOWER at term 1 for DISCOVERED_A_NEW_TERM
2019-09-17 10:07:04,268 [2d3bddf7-5e55-4833-926f-b331e5cd1612@group-52DD40189D0B:LeaderElection6] INFO  impl.RoleInfo (RoleInfo.java:shutdownLeaderElection(134)) - 2d3bddf7-5e55-4833-926f-b331e5cd1612: shutdown LeaderElection
2019-09-17 10:07:04,268 [01ddd04e-873c-47a2-843b-0bba86a87443@group-52DD40189D0B:LeaderElection5] INFO  impl.RoleInfo (RoleInfo.java:shutdownLeaderElection(134)) - 01ddd04e-873c-47a2-843b-0bba86a87443: shutdown LeaderElection
2019-09-17 10:07:04,269 [2d3bddf7-5e55-4833-926f-b331e5cd1612@group-52DD40189D0B:LeaderElection6] INFO  impl.RaftServerImpl (RaftServerImpl.java:setRole(174)) - 2d3bddf7-5e55-4833-926f-b331e5cd1612@group-52DD40189D0B: changes role from CANDIDATE to LEADER at term 1 for changeToLeader
2019-09-17 10:07:04,269 [01ddd04e-873c-47a2-843b-0bba86a87443@group-52DD40189D0B:LeaderElection5] INFO  impl.RoleInfo (RoleInfo.java:updateAndGet(143)) - 01ddd04e-873c-47a2-843b-0bba86a87443: start FollowerState
2019-09-17 10:07:04,269 [2d3bddf7-5e55-4833-926f-b331e5cd1612@group-52DD40189D0B:LeaderElection6] INFO  impl.RaftServerImpl (ServerState.java:setLeader(253)) - 2d3bddf7-5e55-4833-926f-b331e5cd1612@group-52DD40189D0B: change Leader from null to 2d3bddf7-5e55-4833-926f-b331e5cd1612 at term 1 for becomeLeader, leader elected after 5142ms
2019-09-17 10:07:04,270 [2d3bddf7-5e55-4833-926f-b331e5cd1612@group-52DD40189D0B:LeaderElection6] INFO  server.RaftServerConfigKeys (ConfUtils.java:logGet(43)) - raft.server.staging.catchup.gap = 1000 (default)
2019-09-17 10:07:04,270 [2d3bddf7-5e55-4833-926f-b331e5cd1612@group-52DD40189D0B:LeaderElection6] INFO  server.RaftServerConfigKeys (ConfUtils.java:logGet(43)) - raft.server.rpc.sleep.time = 25ms (default)
2019-09-17 10:07:04,271 [2d3bddf7-5e55-4833-926f-b331e5cd1612@group-52DD40189D0B:LeaderElection6] INFO  server.RaftServerConfigKeys (ConfUtils.java:logGet(43)) - raft.server.write.element-limit = 4096 (default)
2019-09-17 10:07:04,271 [2d3bddf7-5e55-4833-926f-b331e5cd1612@group-52DD40189D0B:LeaderElection6] INFO  server.RaftServerConfigKeys (ConfUtils.java:logGet(43)) - raft.server.watch.timeout = 10s (default)
2019-09-17 10:07:04,271 [2d3bddf7-5e55-4833-926f-b331e5cd1612@group-52DD40189D0B:LeaderElection6] INFO  server.RaftServerConfigKeys (ConfUtils.java:logGet(43)) - raft.server.watch.timeout.denomination = 1s (default)
2019-09-17 10:07:04,271 [2d3bddf7-5e55-4833-926f-b331e5cd1612@group-52DD40189D0B:LeaderElection6] INFO  server.RaftServerConfigKeys (ConfUtils.java:logGet(43)) - raft.server.watch.element-limit = 65536 (default)
2019-09-17 10:07:04,275 [2d3bddf7-5e55-4833-926f-b331e5cd1612@group-52DD40189D0B:LeaderElection6] INFO  server.RaftServerConfigKeys (ConfUtils.java:logGet(43)) - raft.server.log.appender.snapshot.chunk.size.max = 16MB (=16777216) (default)
2019-09-17 10:07:04,276 [2d3bddf7-5e55-4833-926f-b331e5cd1612@group-52DD40189D0B:LeaderElection6] INFO  server.RaftServerConfigKeys (ConfUtils.java:logGet(43)) - raft.server.log.appender.buffer.byte-limit = 33554432 (custom)
2019-09-17 10:07:04,276 [2d3bddf7-5e55-4833-926f-b331e5cd1612@group-52DD40189D0B:LeaderElection6] INFO  server.RaftServerConfigKeys (ConfUtils.java:logGet(43)) - raft.server.log.appender.buffer.element-limit = 1 (custom)
2019-09-17 10:07:04,280 [2d3bddf7-5e55-4833-926f-b331e5cd1612@group-52DD40189D0B:LeaderElection6] INFO  grpc.GrpcConfigKeys$Server (ConfUtils.java:logGet(43)) - raft.grpc.server.leader.outstanding.appends.max = 128 (default)
2019-09-17 10:07:04,280 [2d3bddf7-5e55-4833-926f-b331e5cd1612@group-52DD40189D0B:LeaderElection6] INFO  server.RaftServerConfigKeys (ConfUtils.java:logGet(43)) - raft.server.rpc.request.timeout = 3000ms (default)
2019-09-17 10:07:04,280 [2d3bddf7-5e55-4833-926f-b331e5cd1612@group-52DD40189D0B:LeaderElection6] INFO  server.RaftServerConfigKeys (ConfUtils.java:logGet(43)) - raft.server.log.appender.install.snapshot.enabled = false (custom)
2019-09-17 10:07:04,281 [2d3bddf7-5e55-4833-926f-b331e5cd1612@group-52DD40189D0B:LeaderElection6] INFO  server.RaftServerConfigKeys (ConfUtils.java:logGet(43)) - raft.server.log.appender.snapshot.chunk.size.max = 16MB (=16777216) (default)
2019-09-17 10:07:04,281 [2d3bddf7-5e55-4833-926f-b331e5cd1612@group-52DD40189D0B:LeaderElection6] INFO  server.RaftServerConfigKeys (ConfUtils.java:logGet(43)) - raft.server.log.appender.buffer.byte-limit = 33554432 (custom)
2019-09-17 10:07:04,282 [2d3bddf7-5e55-4833-926f-b331e5cd1612@group-52DD40189D0B:LeaderElection6] INFO  server.RaftServerConfigKeys (ConfUtils.java:logGet(43)) - raft.server.log.appender.buffer.element-limit = 1 (custom)
2019-09-17 10:07:04,282 [2d3bddf7-5e55-4833-926f-b331e5cd1612@group-52DD40189D0B:LeaderElection6] INFO  grpc.GrpcConfigKeys$Server (ConfUtils.java:logGet(43)) - raft.grpc.server.leader.outstanding.appends.max = 128 (default)
2019-09-17 10:07:04,282 [2d3bddf7-5e55-4833-926f-b331e5cd1612@group-52DD40189D0B:LeaderElection6] INFO  server.RaftServerConfigKeys (ConfUtils.java:logGet(43)) - raft.server.rpc.request.timeout = 3000ms (default)
2019-09-17 10:07:04,282 [2d3bddf7-5e55-4833-926f-b331e5cd1612@group-52DD40189D0B:LeaderElection6] INFO  server.RaftServerConfigKeys (ConfUtils.java:logGet(43)) - raft.server.log.appender.install.snapshot.enabled = false (custom)
2019-09-17 10:07:04,284 [2d3bddf7-5e55-4833-926f-b331e5cd1612@group-52DD40189D0B:LeaderElection6] INFO  impl.RoleInfo (RoleInfo.java:updateAndGet(143)) - 2d3bddf7-5e55-4833-926f-b331e5cd1612: start LeaderState
2019-09-17 10:07:04,284 [2d3bddf7-5e55-4833-926f-b331e5cd1612@group-52DD40189D0B:LeaderElection6] INFO  segmented.SegmentedRaftLogWorker (SegmentedRaftLogWorker.java:startLogSegment(380)) - 2d3bddf7-5e55-4833-926f-b331e5cd1612@group-52DD40189D0B-SegmentedRaftLogWorker: Starting segment from index:0
2019-09-17 10:07:04,285 [2d3bddf7-5e55-4833-926f-b331e5cd1612@group-52DD40189D0B:LeaderElection6] INFO  impl.RaftServerImpl (ServerState.java:setRaftConf(354)) - 2d3bddf7-5e55-4833-926f-b331e5cd1612@group-52DD40189D0B: set configuration 0: [01ddd04e-873c-47a2-843b-0bba86a87443:192.168.34.37:36576, 2d3bddf7-5e55-4833-926f-b331e5cd1612:192.168.34.37:43312, d65c2122-76ad-4590-8bd5-4069304cd132:192.168.34.37:45554], old=null at 0
2019-09-17 10:07:04,325 [2d3bddf7-5e55-4833-926f-b331e5cd1612@group-52DD40189D0B-SegmentedRaftLogWorker] INFO  segmented.SegmentedRaftLogWorker (SegmentedRaftLogWorker.java:execute(569)) - 2d3bddf7-5e55-4833-926f-b331e5cd1612@group-52DD40189D0B-SegmentedRaftLogWorker: created new log segment /workdir/hadoop-ozone/integration-test/target/test-dir/MiniOzoneClusterImpl-99e3a453-5364-4b0b-a752-7eb5dbce83dc/datanode-3/data/ratis/ab7ab017-4b61-48b1-b103-52dd40189d0b/current/log_inprogress_0
2019-09-17 10:07:04,332 [grpc-default-executor-2] INFO  impl.RaftServerImpl (ServerState.java:setLeader(253)) - d65c2122-76ad-4590-8bd5-4069304cd132@group-52DD40189D0B: change Leader from null to 2d3bddf7-5e55-4833-926f-b331e5cd1612 at term 1 for appendEntries, leader elected after 5205ms
2019-09-17 10:07:04,332 [grpc-default-executor-0] INFO  impl.RaftServerImpl (ServerState.java:setLeader(253)) - 01ddd04e-873c-47a2-843b-0bba86a87443@group-52DD40189D0B: change Leader from null to 2d3bddf7-5e55-4833-926f-b331e5cd1612 at term 1 for appendEntries, leader elected after 5205ms
2019-09-17 10:07:04,356 [grpc-default-executor-0] INFO  impl.RaftServerImpl (ServerState.java:setRaftConf(354)) - 01ddd04e-873c-47a2-843b-0bba86a87443@group-52DD40189D0B: set configuration 0: [01ddd04e-873c-47a2-843b-0bba86a87443:192.168.34.37:36576, 2d3bddf7-5e55-4833-926f-b331e5cd1612:192.168.34.37:43312, d65c2122-76ad-4590-8bd5-4069304cd132:192.168.34.37:45554], old=null at 0
2019-09-17 10:07:04,356 [grpc-default-executor-2] INFO  impl.RaftServerImpl (ServerState.java:setRaftConf(354)) - d65c2122-76ad-4590-8bd5-4069304cd132@group-52DD40189D0B: set configuration 0: [01ddd04e-873c-47a2-843b-0bba86a87443:192.168.34.37:36576, 2d3bddf7-5e55-4833-926f-b331e5cd1612:192.168.34.37:43312, d65c2122-76ad-4590-8bd5-4069304cd132:192.168.34.37:45554], old=null at 0
2019-09-17 10:07:04,356 [grpc-default-executor-0] INFO  segmented.SegmentedRaftLogWorker (SegmentedRaftLogWorker.java:startLogSegment(380)) - 01ddd04e-873c-47a2-843b-0bba86a87443@group-52DD40189D0B-SegmentedRaftLogWorker: Starting segment from index:0
2019-09-17 10:07:04,357 [grpc-default-executor-2] INFO  segmented.SegmentedRaftLogWorker (SegmentedRaftLogWorker.java:startLogSegment(380)) - d65c2122-76ad-4590-8bd5-4069304cd132@group-52DD40189D0B-SegmentedRaftLogWorker: Starting segment from index:0
2019-09-17 10:07:04,393 [01ddd04e-873c-47a2-843b-0bba86a87443@group-52DD40189D0B-SegmentedRaftLogWorker] INFO  segmented.SegmentedRaftLogWorker (SegmentedRaftLogWorker.java:execute(569)) - 01ddd04e-873c-47a2-843b-0bba86a87443@group-52DD40189D0B-SegmentedRaftLogWorker: created new log segment /workdir/hadoop-ozone/integration-test/target/test-dir/MiniOzoneClusterImpl-99e3a453-5364-4b0b-a752-7eb5dbce83dc/datanode-0/data/ratis/ab7ab017-4b61-48b1-b103-52dd40189d0b/current/log_inprogress_0
2019-09-17 10:07:04,393 [d65c2122-76ad-4590-8bd5-4069304cd132@group-52DD40189D0B-SegmentedRaftLogWorker] INFO  segmented.SegmentedRaftLogWorker (SegmentedRaftLogWorker.java:execute(569)) - d65c2122-76ad-4590-8bd5-4069304cd132@group-52DD40189D0B-SegmentedRaftLogWorker: created new log segment /workdir/hadoop-ozone/integration-test/target/test-dir/MiniOzoneClusterImpl-99e3a453-5364-4b0b-a752-7eb5dbce83dc/datanode-1/data/ratis/ab7ab017-4b61-48b1-b103-52dd40189d0b/current/log_inprogress_0
2019-09-17 10:07:04,517 [grpc-default-executor-0] INFO  client.GrpcClientProtocolClient (GrpcClientProtocolClient.java:onNext(264)) - client-FC7B651799C6->01ddd04e-873c-47a2-843b-0bba86a87443: receive RaftClientReply:client-FC7B651799C6->01ddd04e-873c-47a2-843b-0bba86a87443@group-52DD40189D0B, cid=7, FAILED org.apache.ratis.protocol.NotLeaderException: Server 01ddd04e-873c-47a2-843b-0bba86a87443@group-52DD40189D0B is not the leader 2d3bddf7-5e55-4833-926f-b331e5cd1612:192.168.34.37:43312, logIndex=0, commits[01ddd04e-873c-47a2-843b-0bba86a87443:c0, 2d3bddf7-5e55-4833-926f-b331e5cd1612:c0, d65c2122-76ad-4590-8bd5-4069304cd132:c-1]
2019-09-17 10:07:04,788 [grpc-default-executor-2] INFO  client.GrpcClientProtocolClient (GrpcClientProtocolClient.java:onNext(264)) - client-FC7B651799C6->2d3bddf7-5e55-4833-926f-b331e5cd1612: receive RaftClientReply:client-FC7B651799C6->2d3bddf7-5e55-4833-926f-b331e5cd1612@group-52DD40189D0B, cid=7, SUCCESS, logIndex=1, commits[2d3bddf7-5e55-4833-926f-b331e5cd1612:c1, 01ddd04e-873c-47a2-843b-0bba86a87443:c0, d65c2122-76ad-4590-8bd5-4069304cd132:c0]
2019-09-17 10:07:04,891 [grpc-default-executor-0] INFO  client.GrpcClientProtocolClient (GrpcClientProtocolClient.java:onNext(264)) - client-FC7B651799C6->2d3bddf7-5e55-4833-926f-b331e5cd1612: receive RaftClientReply:client-FC7B651799C6->2d3bddf7-5e55-4833-926f-b331e5cd1612@group-52DD40189D0B, cid=9, SUCCESS, logIndex=3, commits[2d3bddf7-5e55-4833-926f-b331e5cd1612:c4, 01ddd04e-873c-47a2-843b-0bba86a87443:c3, d65c2122-76ad-4590-8bd5-4069304cd132:c3]
2019-09-17 10:07:04,920 [main] ERROR container.ContainerStateManager (ContainerStateManager.java:updateContainerState(335)) - Failed to update container state #1, reason: invalid state transition from state: CLOSING upon event: FINALIZE.
]]></system-out>
    <system-err><![CDATA[ERROR StatusLogger No Log4j 2 configuration file found. Using default configuration (logging only errors to the console), or user programmatically provided configurations. Set system property 'log4j2.debug' to show Log4j 2 internal initialization logging. See https://logging.apache.org/log4j/2.x/manual/configuration.html for instructions on how to configure Log4j 2
]]></system-err>
  </testcase>
</testsuite>