<?xml version="1.0" encoding="UTF-8"?>
<testsuite xmlns:xsi="http://www.w3.org/2001/XMLSchema-instance" xsi:noNamespaceSchemaLocation="https://maven.apache.org/surefire/maven-surefire-plugin/xsd/surefire-test-report.xsd" name="org.apache.hadoop.ozone.client.rpc.TestMultiBlockWritesWithDnFailures" time="141.525" tests="2" errors="1" skipped="0" failures="0">
  <properties>
    <property name="awt.toolkit" value="sun.awt.X11.XToolkit"/>
    <property name="file.encoding.pkg" value="sun.io"/>
    <property name="java.specification.version" value="1.8"/>
    <property name="sun.cpu.isalist" value=""/>
    <property name="sun.jnu.encoding" value="UTF-8"/>
    <property name="java.class.path" value="/workdir/hadoop-ozone/integration-test/target/test-classes:/workdir/hadoop-ozone/integration-test/target/classes:/home/user/.m2/repository/org/apache/hadoop/hadoop-ozone-common/0.5.0-SNAPSHOT/hadoop-ozone-common-0.5.0-SNAPSHOT.jar:/home/user/.m2/repository/org/apache/commons/commons-compress/1.4.1/commons-compress-1.4.1.jar:/home/user/.m2/repository/org/tukaani/xz/1.0/xz-1.0.jar:/home/user/.m2/repository/org/apache/hadoop/hadoop-common/3.2.0/hadoop-common-3.2.0.jar:/home/user/.m2/repository/org/apache/hadoop/hadoop-hdfs/3.2.0/hadoop-hdfs-3.2.0.jar:/home/user/.m2/repository/org/apache/hadoop/hadoop-hdfs-client/3.2.0/hadoop-hdfs-client-3.2.0.jar:/home/user/.m2/repository/com/fasterxml/jackson/core/jackson-annotations/2.9.5/jackson-annotations-2.9.5.jar:/home/user/.m2/repository/org/apache/hadoop/hadoop-hdds-common/0.5.0-SNAPSHOT/hadoop-hdds-common-0.5.0-SNAPSHOT.jar:/home/user/.m2/repository/javax/annotation/javax.annotation-api/1.2/javax.annotation-api-1.2.jar:/home/user/.m2/repository/org/apache/ratis/ratis-server/0.4.0-78e95b9-SNAPSHOT/ratis-server-0.4.0-78e95b9-SNAPSHOT.jar:/home/user/.m2/repository/org/apache/ratis/ratis-thirdparty-misc/0.2.0/ratis-thirdparty-misc-0.2.0.jar:/home/user/.m2/repository/org/apache/ratis/ratis-proto/0.4.0-78e95b9-SNAPSHOT/ratis-proto-0.4.0-78e95b9-SNAPSHOT.jar:/home/user/.m2/repository/org/apache/ratis/ratis-common/0.4.0-78e95b9-SNAPSHOT/ratis-common-0.4.0-78e95b9-SNAPSHOT.jar:/home/user/.m2/repository/org/apache/ratis/ratis-client/0.4.0-78e95b9-SNAPSHOT/ratis-client-0.4.0-78e95b9-SNAPSHOT.jar:/home/user/.m2/repository/org/apache/ratis/ratis-metrics/0.4.0-78e95b9-SNAPSHOT/ratis-metrics-0.4.0-78e95b9-SNAPSHOT.jar:/home/user/.m2/repository/com/github/joshelser/dropwizard-metrics-hadoop-metrics2-reporter/0.1.2/dropwizard-metrics-hadoop-metrics2-reporter-0.1.2.jar:/home/user/.m2/repository/io/dropwizard/metrics/metrics-jvm/3.2.5/metrics-jvm-3.2.5.jar:/home/user/.m2/repository/io/dropwizard/metrics/metrics-ganglia/3.2.5/metrics-ganglia-3.2.5.jar:/home/user/.m2/repository/info/ganglia/gmetric4j/gmetric4j/1.0.7/gmetric4j-1.0.7.jar:/home/user/.m2/repository/org/apache/ratis/ratis-netty/0.4.0-78e95b9-SNAPSHOT/ratis-netty-0.4.0-78e95b9-SNAPSHOT.jar:/home/user/.m2/repository/org/apache/ratis/ratis-grpc/0.4.0-78e95b9-SNAPSHOT/ratis-grpc-0.4.0-78e95b9-SNAPSHOT.jar:/home/user/.m2/repository/org/rocksdb/rocksdbjni/6.0.1/rocksdbjni-6.0.1.jar:/home/user/.m2/repository/org/apache/logging/log4j/log4j-api/2.11.0/log4j-api-2.11.0.jar:/home/user/.m2/repository/org/apache/logging/log4j/log4j-core/2.11.0/log4j-core-2.11.0.jar:/home/user/.m2/repository/com/lmax/disruptor/3.4.2/disruptor-3.4.2.jar:/home/user/.m2/repository/org/apache/commons/commons-pool2/2.6.0/commons-pool2-2.6.0.jar:/home/user/.m2/repository/org/bouncycastle/bcpkix-jdk15on/1.60/bcpkix-jdk15on-1.60.jar:/home/user/.m2/repository/commons-validator/commons-validator/1.6/commons-validator-1.6.jar:/home/user/.m2/repository/commons-digester/commons-digester/1.8.1/commons-digester-1.8.1.jar:/home/user/.m2/repository/io/jaegertracing/jaeger-client/0.33.1/jaeger-client-0.33.1.jar:/home/user/.m2/repository/io/jaegertracing/jaeger-thrift/0.33.1/jaeger-thrift-0.33.1.jar:/home/user/.m2/repository/org/apache/thrift/libthrift/0.11.0/libthrift-0.11.0.jar:/home/user/.m2/repository/com/squareup/okhttp3/okhttp/3.9.0/okhttp-3.9.0.jar:/home/user/.m2/repository/com/squareup/okio/okio/1.13.0/okio-1.13.0.jar:/home/user/.m2/repository/io/jaegertracing/jaeger-core/0.33.1/jaeger-core-0.33.1.jar:/home/user/.m2/repository/io/jaegertracing/jaeger-tracerresolver/0.33.1/jaeger-tracerresolver-0.33.1.jar:/home/user/.m2/repository/io/opentracing/contrib/opentracing-tracerresolver/0.1.5/opentracing-tracerresolver-0.1.5.jar:/home/user/.m2/repository/io/opentracing/opentracing-util/0.31.0/opentracing-util-0.31.0.jar:/home/user/.m2/repository/io/opentracing/opentracing-api/0.31.0/opentracing-api-0.31.0.jar:/home/user/.m2/repository/io/opentracing/opentracing-noop/0.31.0/opentracing-noop-0.31.0.jar:/home/user/.m2/repository/org/apache/hadoop/hadoop-hdds-server-framework/0.5.0-SNAPSHOT/hadoop-hdds-server-framework-0.5.0-SNAPSHOT.jar:/home/user/.m2/repository/org/apache/hadoop/hadoop-hdds-container-service/0.5.0-SNAPSHOT/hadoop-hdds-container-service-0.5.0-SNAPSHOT.jar:/home/user/.m2/repository/org/apache/hadoop/hadoop-hdds-client/0.5.0-SNAPSHOT/hadoop-hdds-client-0.5.0-SNAPSHOT.jar:/home/user/.m2/repository/org/apache/hadoop/hadoop-hdds-tools/0.5.0-SNAPSHOT/hadoop-hdds-tools-0.5.0-SNAPSHOT.jar:/home/user/.m2/repository/org/apache/hadoop/hadoop-hdds-server-scm/0.5.0-SNAPSHOT/hadoop-hdds-server-scm-0.5.0-SNAPSHOT.jar:/home/user/.m2/repository/org/apache/hadoop/hadoop-hdds-docs/0.5.0-SNAPSHOT/hadoop-hdds-docs-0.5.0-SNAPSHOT.jar:/home/user/.m2/repository/io/dropwizard/metrics/metrics-core/3.2.4/metrics-core-3.2.4.jar:/home/user/.m2/repository/org/hamcrest/hamcrest-all/1.3/hamcrest-all-1.3.jar:/home/user/.m2/repository/org/bouncycastle/bcprov-jdk15on/1.60/bcprov-jdk15on-1.60.jar:/home/user/.m2/repository/info/picocli/picocli/3.9.6/picocli-3.9.6.jar:/home/user/.m2/repository/com/google/protobuf/protobuf-java/2.5.0/protobuf-java-2.5.0.jar:/home/user/.m2/repository/com/google/guava/guava/11.0.2/guava-11.0.2.jar:/home/user/.m2/repository/org/apache/hadoop/hadoop-ozone-ozone-manager/0.5.0-SNAPSHOT/hadoop-ozone-ozone-manager-0.5.0-SNAPSHOT.jar:/home/user/.m2/repository/org/apache/hadoop/hadoop-minikdc/3.2.0/hadoop-minikdc-3.2.0.jar:/home/user/.m2/repository/commons-io/commons-io/2.5/commons-io-2.5.jar:/home/user/.m2/repository/org/apache/kerby/kerb-simplekdc/1.0.1/kerb-simplekdc-1.0.1.jar:/home/user/.m2/repository/org/apache/kerby/kerb-client/1.0.1/kerb-client-1.0.1.jar:/home/user/.m2/repository/org/apache/kerby/kerby-config/1.0.1/kerby-config-1.0.1.jar:/home/user/.m2/repository/org/apache/kerby/kerb-core/1.0.1/kerb-core-1.0.1.jar:/home/user/.m2/repository/org/apache/kerby/kerby-pkix/1.0.1/kerby-pkix-1.0.1.jar:/home/user/.m2/repository/org/apache/kerby/kerby-asn1/1.0.1/kerby-asn1-1.0.1.jar:/home/user/.m2/repository/org/apache/kerby/kerby-util/1.0.1/kerby-util-1.0.1.jar:/home/user/.m2/repository/org/apache/kerby/kerb-common/1.0.1/kerb-common-1.0.1.jar:/home/user/.m2/repository/org/apache/kerby/kerb-crypto/1.0.1/kerb-crypto-1.0.1.jar:/home/user/.m2/repository/org/apache/kerby/kerb-util/1.0.1/kerb-util-1.0.1.jar:/home/user/.m2/repository/org/apache/kerby/token-provider/1.0.1/token-provider-1.0.1.jar:/home/user/.m2/repository/org/apache/kerby/kerb-admin/1.0.1/kerb-admin-1.0.1.jar:/home/user/.m2/repository/org/apache/kerby/kerb-server/1.0.1/kerb-server-1.0.1.jar:/home/user/.m2/repository/org/apache/kerby/kerb-identity/1.0.1/kerb-identity-1.0.1.jar:/home/user/.m2/repository/org/apache/kerby/kerby-xdr/1.0.1/kerby-xdr-1.0.1.jar:/home/user/.m2/repository/org/slf4j/slf4j-log4j12/1.7.25/slf4j-log4j12-1.7.25.jar:/home/user/.m2/repository/org/apache/hadoop/hadoop-ozone-s3gateway/0.5.0-SNAPSHOT/hadoop-ozone-s3gateway-0.5.0-SNAPSHOT.jar:/home/user/.m2/repository/org/jboss/weld/servlet/weld-servlet/2.4.7.Final/weld-servlet-2.4.7.Final.jar:/home/user/.m2/repository/org/glassfish/jersey/containers/jersey-container-servlet-core/2.27/jersey-container-servlet-core-2.27.jar:/home/user/.m2/repository/org/glassfish/hk2/external/javax.inject/2.5.0-b42/javax.inject-2.5.0-b42.jar:/home/user/.m2/repository/org/glassfish/jersey/core/jersey-common/2.27/jersey-common-2.27.jar:/home/user/.m2/repository/org/glassfish/hk2/osgi-resource-locator/1.0.1/osgi-resource-locator-1.0.1.jar:/home/user/.m2/repository/javax/ws/rs/javax.ws.rs-api/2.1/javax.ws.rs-api-2.1.jar:/home/user/.m2/repository/org/glassfish/jersey/ext/cdi/jersey-cdi1x/2.27/jersey-cdi1x-2.27.jar:/home/user/.m2/repository/org/glassfish/jersey/inject/jersey-hk2/2.27/jersey-hk2-2.27.jar:/home/user/.m2/repository/org/glassfish/hk2/hk2-locator/2.5.0-b42/hk2-locator-2.5.0-b42.jar:/home/user/.m2/repository/org/javassist/javassist/3.22.0-CR2/javassist-3.22.0-CR2.jar:/home/user/.m2/repository/org/glassfish/hk2/hk2-api/2.5.0/hk2-api-2.5.0.jar:/home/user/.m2/repository/org/glassfish/hk2/external/jakarta.inject/2.5.0/jakarta.inject-2.5.0.jar:/home/user/.m2/repository/org/glassfish/hk2/hk2-utils/2.5.0/hk2-utils-2.5.0.jar:/home/user/.m2/repository/jakarta/annotation/jakarta.annotation-api/1.3.4/jakarta.annotation-api-1.3.4.jar:/home/user/.m2/repository/org/glassfish/hk2/external/aopalliance-repackaged/2.5.0/aopalliance-repackaged-2.5.0.jar:/home/user/.m2/repository/com/fasterxml/jackson/dataformat/jackson-dataformat-xml/2.9.0/jackson-dataformat-xml-2.9.0.jar:/home/user/.m2/repository/com/fasterxml/jackson/core/jackson-core/2.9.5/jackson-core-2.9.5.jar:/home/user/.m2/repository/com/fasterxml/jackson/module/jackson-module-jaxb-annotations/2.9.5/jackson-module-jaxb-annotations-2.9.5.jar:/home/user/.m2/repository/javax/enterprise/cdi-api/1.2/cdi-api-1.2.jar:/home/user/.m2/repository/javax/el/javax.el-api/3.0.0/javax.el-api-3.0.0.jar:/home/user/.m2/repository/javax/interceptor/javax.interceptor-api/1.2/javax.interceptor-api-1.2.jar:/home/user/.m2/repository/javax/inject/javax.inject/1/javax.inject-1.jar:/home/user/.m2/repository/com/sun/xml/bind/jaxb-impl/2.3.0.1/jaxb-impl-2.3.0.1.jar:/home/user/.m2/repository/com/sun/xml/bind/jaxb-core/2.3.0.1/jaxb-core-2.3.0.1.jar:/home/user/.m2/repository/javax/xml/bind/jaxb-api/2.3.0/jaxb-api-2.3.0.jar:/home/user/.m2/repository/javax/activation/activation/1.1.1/activation-1.1.1.jar:/home/user/.m2/repository/org/apache/hadoop/hadoop-ozone-csi/0.5.0-SNAPSHOT/hadoop-ozone-csi-0.5.0-SNAPSHOT.jar:/home/user/.m2/repository/com/google/protobuf/protobuf-java-util/3.5.1/protobuf-java-util-3.5.1.jar:/home/user/.m2/repository/org/apache/hadoop/hadoop-hdds-config/0.5.0-SNAPSHOT/hadoop-hdds-config-0.5.0-SNAPSHOT.jar:/home/user/.m2/repository/io/grpc/grpc-netty/1.17.1/grpc-netty-1.17.1.jar:/home/user/.m2/repository/io/grpc/grpc-core/1.17.1/grpc-core-1.17.1.jar:/home/user/.m2/repository/io/grpc/grpc-context/1.17.1/grpc-context-1.17.1.jar:/home/user/.m2/repository/com/google/errorprone/error_prone_annotations/2.2.0/error_prone_annotations-2.2.0.jar:/home/user/.m2/repository/org/codehaus/mojo/animal-sniffer-annotations/1.17/animal-sniffer-annotations-1.17.jar:/home/user/.m2/repository/io/opencensus/opencensus-api/0.17.0/opencensus-api-0.17.0.jar:/home/user/.m2/repository/io/opencensus/opencensus-contrib-grpc-metrics/0.17.0/opencensus-contrib-grpc-metrics-0.17.0.jar:/home/user/.m2/repository/io/netty/netty-codec-http2/4.1.30.Final/netty-codec-http2-4.1.30.Final.jar:/home/user/.m2/repository/io/netty/netty-codec-http/4.1.30.Final/netty-codec-http-4.1.30.Final.jar:/home/user/.m2/repository/io/netty/netty-codec/4.1.30.Final/netty-codec-4.1.30.Final.jar:/home/user/.m2/repository/io/netty/netty-handler/4.1.30.Final/netty-handler-4.1.30.Final.jar:/home/user/.m2/repository/io/netty/netty-handler-proxy/4.1.30.Final/netty-handler-proxy-4.1.30.Final.jar:/home/user/.m2/repository/io/netty/netty-codec-socks/4.1.30.Final/netty-codec-socks-4.1.30.Final.jar:/home/user/.m2/repository/io/netty/netty-transport-native-epoll/4.1.30.Final/netty-transport-native-epoll-4.1.30.Final.jar:/home/user/.m2/repository/io/netty/netty-common/4.1.30.Final/netty-common-4.1.30.Final.jar:/home/user/.m2/repository/io/netty/netty-buffer/4.1.30.Final/netty-buffer-4.1.30.Final.jar:/home/user/.m2/repository/io/netty/netty-transport/4.1.30.Final/netty-transport-4.1.30.Final.jar:/home/user/.m2/repository/io/netty/netty-resolver/4.1.30.Final/netty-resolver-4.1.30.Final.jar:/home/user/.m2/repository/io/netty/netty-transport-native-unix-common/4.1.30.Final/netty-transport-native-unix-common-4.1.30.Final.jar:/home/user/.m2/repository/io/grpc/grpc-protobuf/1.17.1/grpc-protobuf-1.17.1.jar:/home/user/.m2/repository/com/google/api/grpc/proto-google-common-protos/1.0.0/proto-google-common-protos-1.0.0.jar:/home/user/.m2/repository/io/grpc/grpc-protobuf-lite/1.17.1/grpc-protobuf-lite-1.17.1.jar:/home/user/.m2/repository/io/grpc/grpc-stub/1.17.1/grpc-stub-1.17.1.jar:/home/user/.m2/repository/org/apache/hadoop/hadoop-ozone-recon/0.5.0-SNAPSHOT/hadoop-ozone-recon-0.5.0-SNAPSHOT.jar:/home/user/.m2/repository/org/apache/hadoop/hadoop-ozone-reconcodegen/0.5.0-SNAPSHOT/hadoop-ozone-reconcodegen-0.5.0-SNAPSHOT.jar:/home/user/.m2/repository/com/google/inject/extensions/guice-multibindings/4.0/guice-multibindings-4.0.jar:/home/user/.m2/repository/com/google/inject/guice/4.0/guice-4.0.jar:/home/user/.m2/repository/aopalliance/aopalliance/1.0/aopalliance-1.0.jar:/home/user/.m2/repository/com/google/inject/extensions/guice-servlet/4.0/guice-servlet-4.0.jar:/home/user/.m2/repository/org/glassfish/jersey/containers/jersey-container-servlet/2.27/jersey-container-servlet-2.27.jar:/home/user/.m2/repository/org/glassfish/hk2/guice-bridge/2.5.0/guice-bridge-2.5.0.jar:/home/user/.m2/repository/org/glassfish/jersey/core/jersey-server/2.27/jersey-server-2.27.jar:/home/user/.m2/repository/org/glassfish/jersey/core/jersey-client/2.27/jersey-client-2.27.jar:/home/user/.m2/repository/org/glassfish/jersey/media/jersey-media-jaxb/2.27/jersey-media-jaxb-2.27.jar:/home/user/.m2/repository/javax/validation/validation-api/1.1.0.Final/validation-api-1.1.0.Final.jar:/home/user/.m2/repository/org/glassfish/jersey/media/jersey-media-json-jackson/2.27/jersey-media-json-jackson-2.27.jar:/home/user/.m2/repository/org/glassfish/jersey/ext/jersey-entity-filtering/2.27/jersey-entity-filtering-2.27.jar:/home/user/.m2/repository/com/google/inject/extensions/guice-assistedinject/4.0/guice-assistedinject-4.0.jar:/home/user/.m2/repository/org/jooq/jooq/3.11.10/jooq-3.11.10.jar:/home/user/.m2/repository/org/jooq/jooq-meta/3.11.10/jooq-meta-3.11.10.jar:/home/user/.m2/repository/org/jooq/jooq-codegen/3.11.10/jooq-codegen-3.11.10.jar:/home/user/.m2/repository/com/jolbox/bonecp/0.8.0.RELEASE/bonecp-0.8.0.RELEASE.jar:/home/user/.m2/repository/org/xerial/sqlite-jdbc/3.25.2/sqlite-jdbc-3.25.2.jar:/home/user/.m2/repository/org/springframework/spring-jdbc/5.1.3.RELEASE/spring-jdbc-5.1.3.RELEASE.jar:/home/user/.m2/repository/org/springframework/spring-beans/5.1.3.RELEASE/spring-beans-5.1.3.RELEASE.jar:/home/user/.m2/repository/org/springframework/spring-core/5.1.3.RELEASE/spring-core-5.1.3.RELEASE.jar:/home/user/.m2/repository/org/springframework/spring-jcl/5.1.3.RELEASE/spring-jcl-5.1.3.RELEASE.jar:/home/user/.m2/repository/org/springframework/spring-tx/5.1.3.RELEASE/spring-tx-5.1.3.RELEASE.jar:/home/user/.m2/repository/org/apache/hadoop/hadoop-ozone-client/0.5.0-SNAPSHOT/hadoop-ozone-client-0.5.0-SNAPSHOT.jar:/home/user/.m2/repository/commons-lang/commons-lang/2.6/commons-lang-2.6.jar:/home/user/.m2/repository/org/apache/hadoop/hadoop-ozone-ozone-manager/0.5.0-SNAPSHOT/hadoop-ozone-ozone-manager-0.5.0-SNAPSHOT-tests.jar:/home/user/.m2/repository/junit/junit/4.11/junit-4.11.jar:/home/user/.m2/repository/org/hamcrest/hamcrest-core/1.3/hamcrest-core-1.3.jar:/home/user/.m2/repository/org/openjdk/jmh/jmh-core/1.19/jmh-core-1.19.jar:/home/user/.m2/repository/net/sf/jopt-simple/jopt-simple/4.6/jopt-simple-4.6.jar:/home/user/.m2/repository/org/apache/commons/commons-math3/3.1.1/commons-math3-3.1.1.jar:/home/user/.m2/repository/org/openjdk/jmh/jmh-generator-annprocess/1.19/jmh-generator-annprocess-1.19.jar:/home/user/.m2/repository/org/mockito/mockito-all/1.8.5/mockito-all-1.8.5.jar:/home/user/.m2/repository/org/apache/hadoop/hadoop-kms/3.2.0/hadoop-kms-3.2.0.jar:/home/user/.m2/repository/org/apache/hadoop/hadoop-auth/3.2.0/hadoop-auth-3.2.0.jar:/home/user/.m2/repository/com/nimbusds/nimbus-jose-jwt/4.41.1/nimbus-jose-jwt-4.41.1.jar:/home/user/.m2/repository/com/github/stephenc/jcip/jcip-annotations/1.0-1/jcip-annotations-1.0-1.jar:/home/user/.m2/repository/net/minidev/json-smart/2.3/json-smart-2.3.jar:/home/user/.m2/repository/net/minidev/accessors-smart/1.2/accessors-smart-1.2.jar:/home/user/.m2/repository/org/ow2/asm/asm/5.0.4/asm-5.0.4.jar:/home/user/.m2/repository/org/apache/curator/curator-framework/2.12.0/curator-framework-2.12.0.jar:/home/user/.m2/repository/com/sun/jersey/jersey-core/1.19/jersey-core-1.19.jar:/home/user/.m2/repository/javax/ws/rs/jsr311-api/1.1.1/jsr311-api-1.1.1.jar:/home/user/.m2/repository/com/sun/jersey/jersey-server/1.19/jersey-server-1.19.jar:/home/user/.m2/repository/javax/servlet/javax.servlet-api/3.1.0/javax.servlet-api-3.1.0.jar:/home/user/.m2/repository/org/eclipse/jetty/jetty-server/9.3.24.v20180605/jetty-server-9.3.24.v20180605.jar:/home/user/.m2/repository/org/eclipse/jetty/jetty-http/9.3.24.v20180605/jetty-http-9.3.24.v20180605.jar:/home/user/.m2/repository/org/eclipse/jetty/jetty-io/9.3.24.v20180605/jetty-io-9.3.24.v20180605.jar:/home/user/.m2/repository/org/eclipse/jetty/jetty-webapp/9.3.24.v20180605/jetty-webapp-9.3.24.v20180605.jar:/home/user/.m2/repository/org/eclipse/jetty/jetty-xml/9.3.24.v20180605/jetty-xml-9.3.24.v20180605.jar:/home/user/.m2/repository/log4j/log4j/1.2.17/log4j-1.2.17.jar:/home/user/.m2/repository/org/slf4j/slf4j-api/1.7.25/slf4j-api-1.7.25.jar:/home/user/.m2/repository/org/slf4j/jul-to-slf4j/1.7.25/jul-to-slf4j-1.7.25.jar:/home/user/.m2/repository/org/eclipse/jetty/jetty-util/9.3.24.v20180605/jetty-util-9.3.24.v20180605.jar:/home/user/.m2/repository/com/fasterxml/jackson/core/jackson-databind/2.9.5/jackson-databind-2.9.5.jar:/home/user/.m2/repository/org/apache/hadoop/hadoop-kms/3.2.0/hadoop-kms-3.2.0-tests.jar:/home/user/.m2/repository/org/apache/hadoop/hadoop-hdds-server-scm/0.5.0-SNAPSHOT/hadoop-hdds-server-scm-0.5.0-SNAPSHOT-tests.jar:/home/user/.m2/repository/org/apache/hadoop/hadoop-hdds-container-service/0.5.0-SNAPSHOT/hadoop-hdds-container-service-0.5.0-SNAPSHOT-tests.jar:/home/user/.m2/repository/org/yaml/snakeyaml/1.16/snakeyaml-1.16.jar:/home/user/.m2/repository/org/apache/hadoop/hadoop-common/3.2.0/hadoop-common-3.2.0-tests.jar:/home/user/.m2/repository/org/apache/hadoop/hadoop-annotations/3.2.0/hadoop-annotations-3.2.0.jar:/usr/lib/jvm/java-1.8-openjdk/jre/../lib/tools.jar:/home/user/.m2/repository/commons-cli/commons-cli/1.2/commons-cli-1.2.jar:/home/user/.m2/repository/org/apache/httpcomponents/httpclient/4.5.2/httpclient-4.5.2.jar:/home/user/.m2/repository/org/apache/httpcomponents/httpcore/4.4.4/httpcore-4.4.4.jar:/home/user/.m2/repository/commons-codec/commons-codec/1.11/commons-codec-1.11.jar:/home/user/.m2/repository/commons-net/commons-net/3.6/commons-net-3.6.jar:/home/user/.m2/repository/commons-collections/commons-collections/3.2.2/commons-collections-3.2.2.jar:/home/user/.m2/repository/org/eclipse/jetty/jetty-servlet/9.3.24.v20180605/jetty-servlet-9.3.24.v20180605.jar:/home/user/.m2/repository/org/eclipse/jetty/jetty-security/9.3.24.v20180605/jetty-security-9.3.24.v20180605.jar:/home/user/.m2/repository/javax/servlet/jsp/jsp-api/2.1/jsp-api-2.1.jar:/home/user/.m2/repository/com/sun/jersey/jersey-servlet/1.19/jersey-servlet-1.19.jar:/home/user/.m2/repository/com/sun/jersey/jersey-json/1.19/jersey-json-1.19.jar:/home/user/.m2/repository/org/codehaus/jettison/jettison/1.1/jettison-1.1.jar:/home/user/.m2/repository/org/codehaus/jackson/jackson-core-asl/1.9.13/jackson-core-asl-1.9.13.jar:/home/user/.m2/repository/org/codehaus/jackson/jackson-mapper-asl/1.9.13/jackson-mapper-asl-1.9.13.jar:/home/user/.m2/repository/org/codehaus/jackson/jackson-jaxrs/1.9.13/jackson-jaxrs-1.9.13.jar:/home/user/.m2/repository/org/codehaus/jackson/jackson-xc/1.9.13/jackson-xc-1.9.13.jar:/home/user/.m2/repository/commons-logging/commons-logging/1.1.3/commons-logging-1.1.3.jar:/home/user/.m2/repository/commons-beanutils/commons-beanutils/1.9.3/commons-beanutils-1.9.3.jar:/home/user/.m2/repository/org/apache/commons/commons-configuration2/2.1.1/commons-configuration2-2.1.1.jar:/home/user/.m2/repository/org/apache/commons/commons-lang3/3.7/commons-lang3-3.7.jar:/home/user/.m2/repository/org/apache/commons/commons-text/1.4/commons-text-1.4.jar:/home/user/.m2/repository/org/apache/avro/avro/1.7.7/avro-1.7.7.jar:/home/user/.m2/repository/com/thoughtworks/paranamer/paranamer/2.3/paranamer-2.3.jar:/home/user/.m2/repository/org/xerial/snappy/snappy-java/1.0.5/snappy-java-1.0.5.jar:/home/user/.m2/repository/com/google/re2j/re2j/1.1/re2j-1.1.jar:/home/user/.m2/repository/com/google/code/gson/gson/2.2.4/gson-2.2.4.jar:/home/user/.m2/repository/com/jcraft/jsch/0.1.54/jsch-0.1.54.jar:/home/user/.m2/repository/org/apache/curator/curator-client/2.12.0/curator-client-2.12.0.jar:/home/user/.m2/repository/org/apache/curator/curator-recipes/2.12.0/curator-recipes-2.12.0.jar:/home/user/.m2/repository/com/google/code/findbugs/jsr305/3.0.0/jsr305-3.0.0.jar:/home/user/.m2/repository/org/apache/htrace/htrace-core4/4.1.0-incubating/htrace-core4-4.1.0-incubating.jar:/home/user/.m2/repository/org/apache/zookeeper/zookeeper/3.4.13/zookeeper-3.4.13.jar:/home/user/.m2/repository/org/apache/yetus/audience-annotations/0.5.0/audience-annotations-0.5.0.jar:/home/user/.m2/repository/org/codehaus/woodstox/stax2-api/3.1.4/stax2-api-3.1.4.jar:/home/user/.m2/repository/com/fasterxml/woodstox/woodstox-core/5.0.3/woodstox-core-5.0.3.jar:/home/user/.m2/repository/dnsjava/dnsjava/2.1.7/dnsjava-2.1.7.jar:/home/user/.m2/repository/org/apache/hadoop/hadoop-hdfs/3.2.0/hadoop-hdfs-3.2.0-tests.jar:/home/user/.m2/repository/org/eclipse/jetty/jetty-util-ajax/9.3.24.v20180605/jetty-util-ajax-9.3.24.v20180605.jar:/home/user/.m2/repository/commons-daemon/commons-daemon/1.0.13/commons-daemon-1.0.13.jar:/home/user/.m2/repository/io/netty/netty/3.10.5.Final/netty-3.10.5.Final.jar:/home/user/.m2/repository/io/netty/netty-all/4.0.52.Final/netty-all-4.0.52.Final.jar:/home/user/.m2/repository/org/fusesource/leveldbjni/leveldbjni-all/1.8/leveldbjni-all-1.8.jar:"/>
    <property name="java.vm.vendor" value="IcedTea"/>
    <property name="sun.arch.data.model" value="64"/>
    <property name="test.build.dir" value="/workdir/hadoop-ozone/integration-test/target/test-dir"/>
    <property name="test.cache.data" value=""/>
    <property name="java.vendor.url" value="https://icedtea.classpath.org"/>
    <property name="user.timezone" value=""/>
    <property name="java.vm.specification.version" value="1.8"/>
    <property name="os.name" value="Linux"/>
    <property name="test.build.data" value="/workdir/hadoop-ozone/integration-test/target/test-dir"/>
    <property name="user.country" value="US"/>
    <property name="sun.java.launcher" value="SUN_STANDARD"/>
    <property name="sun.boot.library.path" value="/usr/lib/jvm/java-1.8-openjdk/jre/lib/amd64"/>
    <property name="sun.java.command" value="/workdir/hadoop-ozone/integration-test/target/surefire/surefirebooter5067643264468225385.jar /workdir/hadoop-ozone/integration-test/target/surefire 2019-09-17T08-55-12_190-jvmRun1 surefire273278677311202919tmp surefire_531596986465609198220tmp"/>
    <property name="test" value="!TestMiniChaosOzoneCluster"/>
    <property name="surefire.test.class.path" value="/workdir/hadoop-ozone/integration-test/target/test-classes:/workdir/hadoop-ozone/integration-test/target/classes:/home/user/.m2/repository/org/apache/hadoop/hadoop-ozone-common/0.5.0-SNAPSHOT/hadoop-ozone-common-0.5.0-SNAPSHOT.jar:/home/user/.m2/repository/org/apache/commons/commons-compress/1.4.1/commons-compress-1.4.1.jar:/home/user/.m2/repository/org/tukaani/xz/1.0/xz-1.0.jar:/home/user/.m2/repository/org/apache/hadoop/hadoop-common/3.2.0/hadoop-common-3.2.0.jar:/home/user/.m2/repository/org/apache/hadoop/hadoop-hdfs/3.2.0/hadoop-hdfs-3.2.0.jar:/home/user/.m2/repository/org/apache/hadoop/hadoop-hdfs-client/3.2.0/hadoop-hdfs-client-3.2.0.jar:/home/user/.m2/repository/com/fasterxml/jackson/core/jackson-annotations/2.9.5/jackson-annotations-2.9.5.jar:/home/user/.m2/repository/org/apache/hadoop/hadoop-hdds-common/0.5.0-SNAPSHOT/hadoop-hdds-common-0.5.0-SNAPSHOT.jar:/home/user/.m2/repository/javax/annotation/javax.annotation-api/1.2/javax.annotation-api-1.2.jar:/home/user/.m2/repository/org/apache/ratis/ratis-server/0.4.0-78e95b9-SNAPSHOT/ratis-server-0.4.0-78e95b9-SNAPSHOT.jar:/home/user/.m2/repository/org/apache/ratis/ratis-thirdparty-misc/0.2.0/ratis-thirdparty-misc-0.2.0.jar:/home/user/.m2/repository/org/apache/ratis/ratis-proto/0.4.0-78e95b9-SNAPSHOT/ratis-proto-0.4.0-78e95b9-SNAPSHOT.jar:/home/user/.m2/repository/org/apache/ratis/ratis-common/0.4.0-78e95b9-SNAPSHOT/ratis-common-0.4.0-78e95b9-SNAPSHOT.jar:/home/user/.m2/repository/org/apache/ratis/ratis-client/0.4.0-78e95b9-SNAPSHOT/ratis-client-0.4.0-78e95b9-SNAPSHOT.jar:/home/user/.m2/repository/org/apache/ratis/ratis-metrics/0.4.0-78e95b9-SNAPSHOT/ratis-metrics-0.4.0-78e95b9-SNAPSHOT.jar:/home/user/.m2/repository/com/github/joshelser/dropwizard-metrics-hadoop-metrics2-reporter/0.1.2/dropwizard-metrics-hadoop-metrics2-reporter-0.1.2.jar:/home/user/.m2/repository/io/dropwizard/metrics/metrics-jvm/3.2.5/metrics-jvm-3.2.5.jar:/home/user/.m2/repository/io/dropwizard/metrics/metrics-ganglia/3.2.5/metrics-ganglia-3.2.5.jar:/home/user/.m2/repository/info/ganglia/gmetric4j/gmetric4j/1.0.7/gmetric4j-1.0.7.jar:/home/user/.m2/repository/org/apache/ratis/ratis-netty/0.4.0-78e95b9-SNAPSHOT/ratis-netty-0.4.0-78e95b9-SNAPSHOT.jar:/home/user/.m2/repository/org/apache/ratis/ratis-grpc/0.4.0-78e95b9-SNAPSHOT/ratis-grpc-0.4.0-78e95b9-SNAPSHOT.jar:/home/user/.m2/repository/org/rocksdb/rocksdbjni/6.0.1/rocksdbjni-6.0.1.jar:/home/user/.m2/repository/org/apache/logging/log4j/log4j-api/2.11.0/log4j-api-2.11.0.jar:/home/user/.m2/repository/org/apache/logging/log4j/log4j-core/2.11.0/log4j-core-2.11.0.jar:/home/user/.m2/repository/com/lmax/disruptor/3.4.2/disruptor-3.4.2.jar:/home/user/.m2/repository/org/apache/commons/commons-pool2/2.6.0/commons-pool2-2.6.0.jar:/home/user/.m2/repository/org/bouncycastle/bcpkix-jdk15on/1.60/bcpkix-jdk15on-1.60.jar:/home/user/.m2/repository/commons-validator/commons-validator/1.6/commons-validator-1.6.jar:/home/user/.m2/repository/commons-digester/commons-digester/1.8.1/commons-digester-1.8.1.jar:/home/user/.m2/repository/io/jaegertracing/jaeger-client/0.33.1/jaeger-client-0.33.1.jar:/home/user/.m2/repository/io/jaegertracing/jaeger-thrift/0.33.1/jaeger-thrift-0.33.1.jar:/home/user/.m2/repository/org/apache/thrift/libthrift/0.11.0/libthrift-0.11.0.jar:/home/user/.m2/repository/com/squareup/okhttp3/okhttp/3.9.0/okhttp-3.9.0.jar:/home/user/.m2/repository/com/squareup/okio/okio/1.13.0/okio-1.13.0.jar:/home/user/.m2/repository/io/jaegertracing/jaeger-core/0.33.1/jaeger-core-0.33.1.jar:/home/user/.m2/repository/io/jaegertracing/jaeger-tracerresolver/0.33.1/jaeger-tracerresolver-0.33.1.jar:/home/user/.m2/repository/io/opentracing/contrib/opentracing-tracerresolver/0.1.5/opentracing-tracerresolver-0.1.5.jar:/home/user/.m2/repository/io/opentracing/opentracing-util/0.31.0/opentracing-util-0.31.0.jar:/home/user/.m2/repository/io/opentracing/opentracing-api/0.31.0/opentracing-api-0.31.0.jar:/home/user/.m2/repository/io/opentracing/opentracing-noop/0.31.0/opentracing-noop-0.31.0.jar:/home/user/.m2/repository/org/apache/hadoop/hadoop-hdds-server-framework/0.5.0-SNAPSHOT/hadoop-hdds-server-framework-0.5.0-SNAPSHOT.jar:/home/user/.m2/repository/org/apache/hadoop/hadoop-hdds-container-service/0.5.0-SNAPSHOT/hadoop-hdds-container-service-0.5.0-SNAPSHOT.jar:/home/user/.m2/repository/org/apache/hadoop/hadoop-hdds-client/0.5.0-SNAPSHOT/hadoop-hdds-client-0.5.0-SNAPSHOT.jar:/home/user/.m2/repository/org/apache/hadoop/hadoop-hdds-tools/0.5.0-SNAPSHOT/hadoop-hdds-tools-0.5.0-SNAPSHOT.jar:/home/user/.m2/repository/org/apache/hadoop/hadoop-hdds-server-scm/0.5.0-SNAPSHOT/hadoop-hdds-server-scm-0.5.0-SNAPSHOT.jar:/home/user/.m2/repository/org/apache/hadoop/hadoop-hdds-docs/0.5.0-SNAPSHOT/hadoop-hdds-docs-0.5.0-SNAPSHOT.jar:/home/user/.m2/repository/io/dropwizard/metrics/metrics-core/3.2.4/metrics-core-3.2.4.jar:/home/user/.m2/repository/org/hamcrest/hamcrest-all/1.3/hamcrest-all-1.3.jar:/home/user/.m2/repository/org/bouncycastle/bcprov-jdk15on/1.60/bcprov-jdk15on-1.60.jar:/home/user/.m2/repository/info/picocli/picocli/3.9.6/picocli-3.9.6.jar:/home/user/.m2/repository/com/google/protobuf/protobuf-java/2.5.0/protobuf-java-2.5.0.jar:/home/user/.m2/repository/com/google/guava/guava/11.0.2/guava-11.0.2.jar:/home/user/.m2/repository/org/apache/hadoop/hadoop-ozone-ozone-manager/0.5.0-SNAPSHOT/hadoop-ozone-ozone-manager-0.5.0-SNAPSHOT.jar:/home/user/.m2/repository/org/apache/hadoop/hadoop-minikdc/3.2.0/hadoop-minikdc-3.2.0.jar:/home/user/.m2/repository/commons-io/commons-io/2.5/commons-io-2.5.jar:/home/user/.m2/repository/org/apache/kerby/kerb-simplekdc/1.0.1/kerb-simplekdc-1.0.1.jar:/home/user/.m2/repository/org/apache/kerby/kerb-client/1.0.1/kerb-client-1.0.1.jar:/home/user/.m2/repository/org/apache/kerby/kerby-config/1.0.1/kerby-config-1.0.1.jar:/home/user/.m2/repository/org/apache/kerby/kerb-core/1.0.1/kerb-core-1.0.1.jar:/home/user/.m2/repository/org/apache/kerby/kerby-pkix/1.0.1/kerby-pkix-1.0.1.jar:/home/user/.m2/repository/org/apache/kerby/kerby-asn1/1.0.1/kerby-asn1-1.0.1.jar:/home/user/.m2/repository/org/apache/kerby/kerby-util/1.0.1/kerby-util-1.0.1.jar:/home/user/.m2/repository/org/apache/kerby/kerb-common/1.0.1/kerb-common-1.0.1.jar:/home/user/.m2/repository/org/apache/kerby/kerb-crypto/1.0.1/kerb-crypto-1.0.1.jar:/home/user/.m2/repository/org/apache/kerby/kerb-util/1.0.1/kerb-util-1.0.1.jar:/home/user/.m2/repository/org/apache/kerby/token-provider/1.0.1/token-provider-1.0.1.jar:/home/user/.m2/repository/org/apache/kerby/kerb-admin/1.0.1/kerb-admin-1.0.1.jar:/home/user/.m2/repository/org/apache/kerby/kerb-server/1.0.1/kerb-server-1.0.1.jar:/home/user/.m2/repository/org/apache/kerby/kerb-identity/1.0.1/kerb-identity-1.0.1.jar:/home/user/.m2/repository/org/apache/kerby/kerby-xdr/1.0.1/kerby-xdr-1.0.1.jar:/home/user/.m2/repository/org/slf4j/slf4j-log4j12/1.7.25/slf4j-log4j12-1.7.25.jar:/home/user/.m2/repository/org/apache/hadoop/hadoop-ozone-s3gateway/0.5.0-SNAPSHOT/hadoop-ozone-s3gateway-0.5.0-SNAPSHOT.jar:/home/user/.m2/repository/org/jboss/weld/servlet/weld-servlet/2.4.7.Final/weld-servlet-2.4.7.Final.jar:/home/user/.m2/repository/org/glassfish/jersey/containers/jersey-container-servlet-core/2.27/jersey-container-servlet-core-2.27.jar:/home/user/.m2/repository/org/glassfish/hk2/external/javax.inject/2.5.0-b42/javax.inject-2.5.0-b42.jar:/home/user/.m2/repository/org/glassfish/jersey/core/jersey-common/2.27/jersey-common-2.27.jar:/home/user/.m2/repository/org/glassfish/hk2/osgi-resource-locator/1.0.1/osgi-resource-locator-1.0.1.jar:/home/user/.m2/repository/javax/ws/rs/javax.ws.rs-api/2.1/javax.ws.rs-api-2.1.jar:/home/user/.m2/repository/org/glassfish/jersey/ext/cdi/jersey-cdi1x/2.27/jersey-cdi1x-2.27.jar:/home/user/.m2/repository/org/glassfish/jersey/inject/jersey-hk2/2.27/jersey-hk2-2.27.jar:/home/user/.m2/repository/org/glassfish/hk2/hk2-locator/2.5.0-b42/hk2-locator-2.5.0-b42.jar:/home/user/.m2/repository/org/javassist/javassist/3.22.0-CR2/javassist-3.22.0-CR2.jar:/home/user/.m2/repository/org/glassfish/hk2/hk2-api/2.5.0/hk2-api-2.5.0.jar:/home/user/.m2/repository/org/glassfish/hk2/external/jakarta.inject/2.5.0/jakarta.inject-2.5.0.jar:/home/user/.m2/repository/org/glassfish/hk2/hk2-utils/2.5.0/hk2-utils-2.5.0.jar:/home/user/.m2/repository/jakarta/annotation/jakarta.annotation-api/1.3.4/jakarta.annotation-api-1.3.4.jar:/home/user/.m2/repository/org/glassfish/hk2/external/aopalliance-repackaged/2.5.0/aopalliance-repackaged-2.5.0.jar:/home/user/.m2/repository/com/fasterxml/jackson/dataformat/jackson-dataformat-xml/2.9.0/jackson-dataformat-xml-2.9.0.jar:/home/user/.m2/repository/com/fasterxml/jackson/core/jackson-core/2.9.5/jackson-core-2.9.5.jar:/home/user/.m2/repository/com/fasterxml/jackson/module/jackson-module-jaxb-annotations/2.9.5/jackson-module-jaxb-annotations-2.9.5.jar:/home/user/.m2/repository/javax/enterprise/cdi-api/1.2/cdi-api-1.2.jar:/home/user/.m2/repository/javax/el/javax.el-api/3.0.0/javax.el-api-3.0.0.jar:/home/user/.m2/repository/javax/interceptor/javax.interceptor-api/1.2/javax.interceptor-api-1.2.jar:/home/user/.m2/repository/javax/inject/javax.inject/1/javax.inject-1.jar:/home/user/.m2/repository/com/sun/xml/bind/jaxb-impl/2.3.0.1/jaxb-impl-2.3.0.1.jar:/home/user/.m2/repository/com/sun/xml/bind/jaxb-core/2.3.0.1/jaxb-core-2.3.0.1.jar:/home/user/.m2/repository/javax/xml/bind/jaxb-api/2.3.0/jaxb-api-2.3.0.jar:/home/user/.m2/repository/javax/activation/activation/1.1.1/activation-1.1.1.jar:/home/user/.m2/repository/org/apache/hadoop/hadoop-ozone-csi/0.5.0-SNAPSHOT/hadoop-ozone-csi-0.5.0-SNAPSHOT.jar:/home/user/.m2/repository/com/google/protobuf/protobuf-java-util/3.5.1/protobuf-java-util-3.5.1.jar:/home/user/.m2/repository/org/apache/hadoop/hadoop-hdds-config/0.5.0-SNAPSHOT/hadoop-hdds-config-0.5.0-SNAPSHOT.jar:/home/user/.m2/repository/io/grpc/grpc-netty/1.17.1/grpc-netty-1.17.1.jar:/home/user/.m2/repository/io/grpc/grpc-core/1.17.1/grpc-core-1.17.1.jar:/home/user/.m2/repository/io/grpc/grpc-context/1.17.1/grpc-context-1.17.1.jar:/home/user/.m2/repository/com/google/errorprone/error_prone_annotations/2.2.0/error_prone_annotations-2.2.0.jar:/home/user/.m2/repository/org/codehaus/mojo/animal-sniffer-annotations/1.17/animal-sniffer-annotations-1.17.jar:/home/user/.m2/repository/io/opencensus/opencensus-api/0.17.0/opencensus-api-0.17.0.jar:/home/user/.m2/repository/io/opencensus/opencensus-contrib-grpc-metrics/0.17.0/opencensus-contrib-grpc-metrics-0.17.0.jar:/home/user/.m2/repository/io/netty/netty-codec-http2/4.1.30.Final/netty-codec-http2-4.1.30.Final.jar:/home/user/.m2/repository/io/netty/netty-codec-http/4.1.30.Final/netty-codec-http-4.1.30.Final.jar:/home/user/.m2/repository/io/netty/netty-codec/4.1.30.Final/netty-codec-4.1.30.Final.jar:/home/user/.m2/repository/io/netty/netty-handler/4.1.30.Final/netty-handler-4.1.30.Final.jar:/home/user/.m2/repository/io/netty/netty-handler-proxy/4.1.30.Final/netty-handler-proxy-4.1.30.Final.jar:/home/user/.m2/repository/io/netty/netty-codec-socks/4.1.30.Final/netty-codec-socks-4.1.30.Final.jar:/home/user/.m2/repository/io/netty/netty-transport-native-epoll/4.1.30.Final/netty-transport-native-epoll-4.1.30.Final.jar:/home/user/.m2/repository/io/netty/netty-common/4.1.30.Final/netty-common-4.1.30.Final.jar:/home/user/.m2/repository/io/netty/netty-buffer/4.1.30.Final/netty-buffer-4.1.30.Final.jar:/home/user/.m2/repository/io/netty/netty-transport/4.1.30.Final/netty-transport-4.1.30.Final.jar:/home/user/.m2/repository/io/netty/netty-resolver/4.1.30.Final/netty-resolver-4.1.30.Final.jar:/home/user/.m2/repository/io/netty/netty-transport-native-unix-common/4.1.30.Final/netty-transport-native-unix-common-4.1.30.Final.jar:/home/user/.m2/repository/io/grpc/grpc-protobuf/1.17.1/grpc-protobuf-1.17.1.jar:/home/user/.m2/repository/com/google/api/grpc/proto-google-common-protos/1.0.0/proto-google-common-protos-1.0.0.jar:/home/user/.m2/repository/io/grpc/grpc-protobuf-lite/1.17.1/grpc-protobuf-lite-1.17.1.jar:/home/user/.m2/repository/io/grpc/grpc-stub/1.17.1/grpc-stub-1.17.1.jar:/home/user/.m2/repository/org/apache/hadoop/hadoop-ozone-recon/0.5.0-SNAPSHOT/hadoop-ozone-recon-0.5.0-SNAPSHOT.jar:/home/user/.m2/repository/org/apache/hadoop/hadoop-ozone-reconcodegen/0.5.0-SNAPSHOT/hadoop-ozone-reconcodegen-0.5.0-SNAPSHOT.jar:/home/user/.m2/repository/com/google/inject/extensions/guice-multibindings/4.0/guice-multibindings-4.0.jar:/home/user/.m2/repository/com/google/inject/guice/4.0/guice-4.0.jar:/home/user/.m2/repository/aopalliance/aopalliance/1.0/aopalliance-1.0.jar:/home/user/.m2/repository/com/google/inject/extensions/guice-servlet/4.0/guice-servlet-4.0.jar:/home/user/.m2/repository/org/glassfish/jersey/containers/jersey-container-servlet/2.27/jersey-container-servlet-2.27.jar:/home/user/.m2/repository/org/glassfish/hk2/guice-bridge/2.5.0/guice-bridge-2.5.0.jar:/home/user/.m2/repository/org/glassfish/jersey/core/jersey-server/2.27/jersey-server-2.27.jar:/home/user/.m2/repository/org/glassfish/jersey/core/jersey-client/2.27/jersey-client-2.27.jar:/home/user/.m2/repository/org/glassfish/jersey/media/jersey-media-jaxb/2.27/jersey-media-jaxb-2.27.jar:/home/user/.m2/repository/javax/validation/validation-api/1.1.0.Final/validation-api-1.1.0.Final.jar:/home/user/.m2/repository/org/glassfish/jersey/media/jersey-media-json-jackson/2.27/jersey-media-json-jackson-2.27.jar:/home/user/.m2/repository/org/glassfish/jersey/ext/jersey-entity-filtering/2.27/jersey-entity-filtering-2.27.jar:/home/user/.m2/repository/com/google/inject/extensions/guice-assistedinject/4.0/guice-assistedinject-4.0.jar:/home/user/.m2/repository/org/jooq/jooq/3.11.10/jooq-3.11.10.jar:/home/user/.m2/repository/org/jooq/jooq-meta/3.11.10/jooq-meta-3.11.10.jar:/home/user/.m2/repository/org/jooq/jooq-codegen/3.11.10/jooq-codegen-3.11.10.jar:/home/user/.m2/repository/com/jolbox/bonecp/0.8.0.RELEASE/bonecp-0.8.0.RELEASE.jar:/home/user/.m2/repository/org/xerial/sqlite-jdbc/3.25.2/sqlite-jdbc-3.25.2.jar:/home/user/.m2/repository/org/springframework/spring-jdbc/5.1.3.RELEASE/spring-jdbc-5.1.3.RELEASE.jar:/home/user/.m2/repository/org/springframework/spring-beans/5.1.3.RELEASE/spring-beans-5.1.3.RELEASE.jar:/home/user/.m2/repository/org/springframework/spring-core/5.1.3.RELEASE/spring-core-5.1.3.RELEASE.jar:/home/user/.m2/repository/org/springframework/spring-jcl/5.1.3.RELEASE/spring-jcl-5.1.3.RELEASE.jar:/home/user/.m2/repository/org/springframework/spring-tx/5.1.3.RELEASE/spring-tx-5.1.3.RELEASE.jar:/home/user/.m2/repository/org/apache/hadoop/hadoop-ozone-client/0.5.0-SNAPSHOT/hadoop-ozone-client-0.5.0-SNAPSHOT.jar:/home/user/.m2/repository/commons-lang/commons-lang/2.6/commons-lang-2.6.jar:/home/user/.m2/repository/org/apache/hadoop/hadoop-ozone-ozone-manager/0.5.0-SNAPSHOT/hadoop-ozone-ozone-manager-0.5.0-SNAPSHOT-tests.jar:/home/user/.m2/repository/junit/junit/4.11/junit-4.11.jar:/home/user/.m2/repository/org/hamcrest/hamcrest-core/1.3/hamcrest-core-1.3.jar:/home/user/.m2/repository/org/openjdk/jmh/jmh-core/1.19/jmh-core-1.19.jar:/home/user/.m2/repository/net/sf/jopt-simple/jopt-simple/4.6/jopt-simple-4.6.jar:/home/user/.m2/repository/org/apache/commons/commons-math3/3.1.1/commons-math3-3.1.1.jar:/home/user/.m2/repository/org/openjdk/jmh/jmh-generator-annprocess/1.19/jmh-generator-annprocess-1.19.jar:/home/user/.m2/repository/org/mockito/mockito-all/1.8.5/mockito-all-1.8.5.jar:/home/user/.m2/repository/org/apache/hadoop/hadoop-kms/3.2.0/hadoop-kms-3.2.0.jar:/home/user/.m2/repository/org/apache/hadoop/hadoop-auth/3.2.0/hadoop-auth-3.2.0.jar:/home/user/.m2/repository/com/nimbusds/nimbus-jose-jwt/4.41.1/nimbus-jose-jwt-4.41.1.jar:/home/user/.m2/repository/com/github/stephenc/jcip/jcip-annotations/1.0-1/jcip-annotations-1.0-1.jar:/home/user/.m2/repository/net/minidev/json-smart/2.3/json-smart-2.3.jar:/home/user/.m2/repository/net/minidev/accessors-smart/1.2/accessors-smart-1.2.jar:/home/user/.m2/repository/org/ow2/asm/asm/5.0.4/asm-5.0.4.jar:/home/user/.m2/repository/org/apache/curator/curator-framework/2.12.0/curator-framework-2.12.0.jar:/home/user/.m2/repository/com/sun/jersey/jersey-core/1.19/jersey-core-1.19.jar:/home/user/.m2/repository/javax/ws/rs/jsr311-api/1.1.1/jsr311-api-1.1.1.jar:/home/user/.m2/repository/com/sun/jersey/jersey-server/1.19/jersey-server-1.19.jar:/home/user/.m2/repository/javax/servlet/javax.servlet-api/3.1.0/javax.servlet-api-3.1.0.jar:/home/user/.m2/repository/org/eclipse/jetty/jetty-server/9.3.24.v20180605/jetty-server-9.3.24.v20180605.jar:/home/user/.m2/repository/org/eclipse/jetty/jetty-http/9.3.24.v20180605/jetty-http-9.3.24.v20180605.jar:/home/user/.m2/repository/org/eclipse/jetty/jetty-io/9.3.24.v20180605/jetty-io-9.3.24.v20180605.jar:/home/user/.m2/repository/org/eclipse/jetty/jetty-webapp/9.3.24.v20180605/jetty-webapp-9.3.24.v20180605.jar:/home/user/.m2/repository/org/eclipse/jetty/jetty-xml/9.3.24.v20180605/jetty-xml-9.3.24.v20180605.jar:/home/user/.m2/repository/log4j/log4j/1.2.17/log4j-1.2.17.jar:/home/user/.m2/repository/org/slf4j/slf4j-api/1.7.25/slf4j-api-1.7.25.jar:/home/user/.m2/repository/org/slf4j/jul-to-slf4j/1.7.25/jul-to-slf4j-1.7.25.jar:/home/user/.m2/repository/org/eclipse/jetty/jetty-util/9.3.24.v20180605/jetty-util-9.3.24.v20180605.jar:/home/user/.m2/repository/com/fasterxml/jackson/core/jackson-databind/2.9.5/jackson-databind-2.9.5.jar:/home/user/.m2/repository/org/apache/hadoop/hadoop-kms/3.2.0/hadoop-kms-3.2.0-tests.jar:/home/user/.m2/repository/org/apache/hadoop/hadoop-hdds-server-scm/0.5.0-SNAPSHOT/hadoop-hdds-server-scm-0.5.0-SNAPSHOT-tests.jar:/home/user/.m2/repository/org/apache/hadoop/hadoop-hdds-container-service/0.5.0-SNAPSHOT/hadoop-hdds-container-service-0.5.0-SNAPSHOT-tests.jar:/home/user/.m2/repository/org/yaml/snakeyaml/1.16/snakeyaml-1.16.jar:/home/user/.m2/repository/org/apache/hadoop/hadoop-common/3.2.0/hadoop-common-3.2.0-tests.jar:/home/user/.m2/repository/org/apache/hadoop/hadoop-annotations/3.2.0/hadoop-annotations-3.2.0.jar:/usr/lib/jvm/java-1.8-openjdk/jre/../lib/tools.jar:/home/user/.m2/repository/commons-cli/commons-cli/1.2/commons-cli-1.2.jar:/home/user/.m2/repository/org/apache/httpcomponents/httpclient/4.5.2/httpclient-4.5.2.jar:/home/user/.m2/repository/org/apache/httpcomponents/httpcore/4.4.4/httpcore-4.4.4.jar:/home/user/.m2/repository/commons-codec/commons-codec/1.11/commons-codec-1.11.jar:/home/user/.m2/repository/commons-net/commons-net/3.6/commons-net-3.6.jar:/home/user/.m2/repository/commons-collections/commons-collections/3.2.2/commons-collections-3.2.2.jar:/home/user/.m2/repository/org/eclipse/jetty/jetty-servlet/9.3.24.v20180605/jetty-servlet-9.3.24.v20180605.jar:/home/user/.m2/repository/org/eclipse/jetty/jetty-security/9.3.24.v20180605/jetty-security-9.3.24.v20180605.jar:/home/user/.m2/repository/javax/servlet/jsp/jsp-api/2.1/jsp-api-2.1.jar:/home/user/.m2/repository/com/sun/jersey/jersey-servlet/1.19/jersey-servlet-1.19.jar:/home/user/.m2/repository/com/sun/jersey/jersey-json/1.19/jersey-json-1.19.jar:/home/user/.m2/repository/org/codehaus/jettison/jettison/1.1/jettison-1.1.jar:/home/user/.m2/repository/org/codehaus/jackson/jackson-core-asl/1.9.13/jackson-core-asl-1.9.13.jar:/home/user/.m2/repository/org/codehaus/jackson/jackson-mapper-asl/1.9.13/jackson-mapper-asl-1.9.13.jar:/home/user/.m2/repository/org/codehaus/jackson/jackson-jaxrs/1.9.13/jackson-jaxrs-1.9.13.jar:/home/user/.m2/repository/org/codehaus/jackson/jackson-xc/1.9.13/jackson-xc-1.9.13.jar:/home/user/.m2/repository/commons-logging/commons-logging/1.1.3/commons-logging-1.1.3.jar:/home/user/.m2/repository/commons-beanutils/commons-beanutils/1.9.3/commons-beanutils-1.9.3.jar:/home/user/.m2/repository/org/apache/commons/commons-configuration2/2.1.1/commons-configuration2-2.1.1.jar:/home/user/.m2/repository/org/apache/commons/commons-lang3/3.7/commons-lang3-3.7.jar:/home/user/.m2/repository/org/apache/commons/commons-text/1.4/commons-text-1.4.jar:/home/user/.m2/repository/org/apache/avro/avro/1.7.7/avro-1.7.7.jar:/home/user/.m2/repository/com/thoughtworks/paranamer/paranamer/2.3/paranamer-2.3.jar:/home/user/.m2/repository/org/xerial/snappy/snappy-java/1.0.5/snappy-java-1.0.5.jar:/home/user/.m2/repository/com/google/re2j/re2j/1.1/re2j-1.1.jar:/home/user/.m2/repository/com/google/code/gson/gson/2.2.4/gson-2.2.4.jar:/home/user/.m2/repository/com/jcraft/jsch/0.1.54/jsch-0.1.54.jar:/home/user/.m2/repository/org/apache/curator/curator-client/2.12.0/curator-client-2.12.0.jar:/home/user/.m2/repository/org/apache/curator/curator-recipes/2.12.0/curator-recipes-2.12.0.jar:/home/user/.m2/repository/com/google/code/findbugs/jsr305/3.0.0/jsr305-3.0.0.jar:/home/user/.m2/repository/org/apache/htrace/htrace-core4/4.1.0-incubating/htrace-core4-4.1.0-incubating.jar:/home/user/.m2/repository/org/apache/zookeeper/zookeeper/3.4.13/zookeeper-3.4.13.jar:/home/user/.m2/repository/org/apache/yetus/audience-annotations/0.5.0/audience-annotations-0.5.0.jar:/home/user/.m2/repository/org/codehaus/woodstox/stax2-api/3.1.4/stax2-api-3.1.4.jar:/home/user/.m2/repository/com/fasterxml/woodstox/woodstox-core/5.0.3/woodstox-core-5.0.3.jar:/home/user/.m2/repository/dnsjava/dnsjava/2.1.7/dnsjava-2.1.7.jar:/home/user/.m2/repository/org/apache/hadoop/hadoop-hdfs/3.2.0/hadoop-hdfs-3.2.0-tests.jar:/home/user/.m2/repository/org/eclipse/jetty/jetty-util-ajax/9.3.24.v20180605/jetty-util-ajax-9.3.24.v20180605.jar:/home/user/.m2/repository/commons-daemon/commons-daemon/1.0.13/commons-daemon-1.0.13.jar:/home/user/.m2/repository/io/netty/netty/3.10.5.Final/netty-3.10.5.Final.jar:/home/user/.m2/repository/io/netty/netty-all/4.0.52.Final/netty-all-4.0.52.Final.jar:/home/user/.m2/repository/org/fusesource/leveldbjni/leveldbjni-all/1.8/leveldbjni-all-1.8.jar:"/>
    <property name="sun.cpu.endian" value="little"/>
    <property name="user.home" value="/home/user"/>
    <property name="user.language" value="en"/>
    <property name="java.specification.vendor" value="Oracle Corporation"/>
    <property name="java.home" value="/usr/lib/jvm/java-1.8-openjdk/jre"/>
    <property name="java.security.krb5.conf" value="/workdir/hadoop-ozone/integration-test/target/test-classes/krb5.conf"/>
    <property name="basedir" value="/workdir/hadoop-ozone/integration-test"/>
    <property name="file.separator" value="/"/>
    <property name="line.separator" value="&#10;"/>
    <property name="java.vm.specification.vendor" value="Oracle Corporation"/>
    <property name="java.specification.name" value="Java Platform API Specification"/>
    <property name="java.awt.graphicsenv" value="sun.awt.X11GraphicsEnvironment"/>
    <property name="surefire.real.class.path" value="/workdir/hadoop-ozone/integration-test/target/surefire/surefirebooter5067643264468225385.jar"/>
    <property name="hadoop.log.dir" value="/workdir/hadoop-ozone/integration-test/target/log"/>
    <property name="sun.boot.class.path" value="/usr/lib/jvm/java-1.8-openjdk/jre/lib/resources.jar:/usr/lib/jvm/java-1.8-openjdk/jre/lib/rt.jar:/usr/lib/jvm/java-1.8-openjdk/jre/lib/sunrsasign.jar:/usr/lib/jvm/java-1.8-openjdk/jre/lib/jsse.jar:/usr/lib/jvm/java-1.8-openjdk/jre/lib/jce.jar:/usr/lib/jvm/java-1.8-openjdk/jre/lib/charsets.jar:/usr/lib/jvm/java-1.8-openjdk/jre/lib/jfr.jar:/usr/lib/jvm/java-1.8-openjdk/jre/classes"/>
    <property name="sun.management.compiler" value="HotSpot 64-Bit Tiered Compilers"/>
    <property name="java.runtime.version" value="1.8.0_212-b04"/>
    <property name="java.net.preferIPv4Stack" value="true"/>
    <property name="user.name" value="jenkins1000"/>
    <property name="path.separator" value=":"/>
    <property name="java.security.egd" value="file:///dev/urandom"/>
    <property name="os.version" value="3.10.0-957.12.2.el7.x86_64"/>
    <property name="java.endorsed.dirs" value="/usr/lib/jvm/java-1.8-openjdk/jre/lib/endorsed"/>
    <property name="java.runtime.name" value="OpenJDK Runtime Environment"/>
    <property name="file.encoding" value="UTF-8"/>
    <property name="java.vm.name" value="OpenJDK 64-Bit Server VM"/>
    <property name="test.build.webapps" value=""/>
    <property name="localRepository" value="/home/user/.m2/repository"/>
    <property name="java.vendor.url.bug" value="https://icedtea.classpath.org/bugzilla"/>
    <property name="java.io.tmpdir" value="/tmp"/>
    <property name="require.test.libhadoop" value=""/>
    <property name="java.version" value="1.8.0_212"/>
    <property name="user.dir" value="/workdir/hadoop-ozone/integration-test"/>
    <property name="os.arch" value="amd64"/>
    <property name="java.vm.specification.name" value="Java Virtual Machine Specification"/>
    <property name="test.build.classes" value="/workdir/hadoop-ozone/integration-test/target/test-classes"/>
    <property name="java.awt.printerjob" value="sun.print.PSPrinterJob"/>
    <property name="sun.os.patch.level" value="unknown"/>
    <property name="hadoop.tmp.dir" value="/workdir/hadoop-ozone/integration-test/target/tmp"/>
    <property name="java.library.path" value="/usr/lib/jvm/java-1.8-openjdk/jre/lib/amd64/server:/usr/lib/jvm/java-1.8-openjdk/jre/lib/amd64:/usr/lib/jvm/java-1.8-openjdk/jre/../lib/amd64:/workdir/hadoop-ozone/integration-test/target/native/target/usr/local/lib:/workdir/hadoop-ozone/integration-test/../../hadoop-common-project/hadoop-common/target/native/target/usr/local/lib:/usr/java/packages/lib/amd64:/usr/lib64:/lib64:/lib:/usr/lib"/>
    <property name="java.vm.info" value="mixed mode"/>
    <property name="java.vendor" value="IcedTea"/>
    <property name="java.vm.version" value="25.212-b04"/>
    <property name="java.ext.dirs" value="/usr/lib/jvm/java-1.8-openjdk/jre/lib/ext:/usr/java/packages/lib/ext"/>
    <property name="sun.io.unicode.encoding" value="UnicodeLittle"/>
    <property name="java.class.version" value="52.0"/>
  </properties>
  <testcase name="testMultiBlockWritesWithIntermittentDnFailures" classname="org.apache.hadoop.ozone.client.rpc.TestMultiBlockWritesWithDnFailures" time="102.533">
    <error message="Allocated 0 blocks. Requested 1 blocks" type="INTERNAL_ERROR org.apache.hadoop.ozone.om.exceptions.OMException">INTERNAL_ERROR org.apache.hadoop.ozone.om.exceptions.OMException: Allocated 0 blocks. Requested 1 blocks
	at org.apache.hadoop.ozone.om.protocolPB.OzoneManagerProtocolClientSideTranslatorPB.handleError(OzoneManagerProtocolClientSideTranslatorPB.java:724)
	at org.apache.hadoop.ozone.om.protocolPB.OzoneManagerProtocolClientSideTranslatorPB.allocateBlock(OzoneManagerProtocolClientSideTranslatorPB.java:756)
	at sun.reflect.NativeMethodAccessorImpl.invoke0(Native Method)
	at sun.reflect.NativeMethodAccessorImpl.invoke(NativeMethodAccessorImpl.java:62)
	at sun.reflect.DelegatingMethodAccessorImpl.invoke(DelegatingMethodAccessorImpl.java:43)
	at java.lang.reflect.Method.invoke(Method.java:498)
	at org.apache.hadoop.hdds.tracing.TraceAllMethod.invoke(TraceAllMethod.java:66)
	at com.sun.proxy.$Proxy36.allocateBlock(Unknown Source)
	at org.apache.hadoop.ozone.client.io.BlockOutputStreamEntryPool.allocateNewBlock(BlockOutputStreamEntryPool.java:248)
	at org.apache.hadoop.ozone.client.io.BlockOutputStreamEntryPool.allocateBlockIfNeeded(BlockOutputStreamEntryPool.java:296)
	at org.apache.hadoop.ozone.client.io.KeyOutputStream.handleWrite(KeyOutputStream.java:201)
	at org.apache.hadoop.ozone.client.io.KeyOutputStream.handleRetry(KeyOutputStream.java:376)
	at org.apache.hadoop.ozone.client.io.KeyOutputStream.handleException(KeyOutputStream.java:325)
	at org.apache.hadoop.ozone.client.io.KeyOutputStream.handleWrite(KeyOutputStream.java:231)
	at org.apache.hadoop.ozone.client.io.KeyOutputStream.write(KeyOutputStream.java:193)
	at org.apache.hadoop.ozone.client.io.OzoneOutputStream.write(OzoneOutputStream.java:49)
	at java.io.OutputStream.write(OutputStream.java:75)
	at org.apache.hadoop.ozone.client.rpc.TestMultiBlockWritesWithDnFailures.testMultiBlockWritesWithIntermittentDnFailures(TestMultiBlockWritesWithDnFailures.java:196)
	at sun.reflect.NativeMethodAccessorImpl.invoke0(Native Method)
	at sun.reflect.NativeMethodAccessorImpl.invoke(NativeMethodAccessorImpl.java:62)
	at sun.reflect.DelegatingMethodAccessorImpl.invoke(DelegatingMethodAccessorImpl.java:43)
	at java.lang.reflect.Method.invoke(Method.java:498)
	at org.junit.runners.model.FrameworkMethod$1.runReflectiveCall(FrameworkMethod.java:47)
	at org.junit.internal.runners.model.ReflectiveCallable.run(ReflectiveCallable.java:12)
	at org.junit.runners.model.FrameworkMethod.invokeExplosively(FrameworkMethod.java:44)
	at org.junit.internal.runners.statements.InvokeMethod.evaluate(InvokeMethod.java:17)
	at org.junit.internal.runners.statements.RunAfters.evaluate(RunAfters.java:27)
	at org.junit.runners.ParentRunner.runLeaf(ParentRunner.java:271)
	at org.junit.runners.BlockJUnit4ClassRunner.runChild(BlockJUnit4ClassRunner.java:70)
	at org.junit.runners.BlockJUnit4ClassRunner.runChild(BlockJUnit4ClassRunner.java:50)
	at org.junit.runners.ParentRunner$3.run(ParentRunner.java:238)
	at org.junit.runners.ParentRunner$1.schedule(ParentRunner.java:63)
	at org.junit.runners.ParentRunner.runChildren(ParentRunner.java:236)
	at org.junit.runners.ParentRunner.access$000(ParentRunner.java:53)
	at org.junit.runners.ParentRunner$2.evaluate(ParentRunner.java:229)
	at org.junit.runners.ParentRunner.run(ParentRunner.java:309)
	at org.apache.maven.surefire.junit4.JUnit4Provider.execute(JUnit4Provider.java:365)
	at org.apache.maven.surefire.junit4.JUnit4Provider.executeWithRerun(JUnit4Provider.java:273)
	at org.apache.maven.surefire.junit4.JUnit4Provider.executeTestSet(JUnit4Provider.java:238)
	at org.apache.maven.surefire.junit4.JUnit4Provider.invoke(JUnit4Provider.java:159)
	at org.apache.maven.surefire.booter.ForkedBooter.invokeProviderInSameClassLoader(ForkedBooter.java:384)
	at org.apache.maven.surefire.booter.ForkedBooter.runSuitesInProcess(ForkedBooter.java:345)
	at org.apache.maven.surefire.booter.ForkedBooter.execute(ForkedBooter.java:126)
	at org.apache.maven.surefire.booter.ForkedBooter.main(ForkedBooter.java:418)
</error>
    <system-out><![CDATA[2019-09-17 10:13:22,088 [main] WARN  server.ServerUtils (ServerUtils.java:getScmDbDir(145)) - ozone.scm.db.dirs is not configured. We recommend adding this setting. Falling back to ozone.metadata.dirs instead.
2019-09-17 10:13:22,192 [main] WARN  server.ServerUtils (ServerUtils.java:getScmDbDir(145)) - ozone.scm.db.dirs is not configured. We recommend adding this setting. Falling back to ozone.metadata.dirs instead.
2019-09-17 10:13:22,195 [main] WARN  server.ServerUtils (ServerUtils.java:getScmDbDir(145)) - ozone.scm.db.dirs is not configured. We recommend adding this setting. Falling back to ozone.metadata.dirs instead.
2019-09-17 10:13:22,213 [main] INFO  util.log (Log.java:initialized(192)) - Logging initialized @835ms
2019-09-17 10:13:22,314 [main] INFO  db.DBStoreBuilder (DBStoreBuilder.java:addTable(110)) - using custom profile for table: deletedBlocks
2019-09-17 10:13:22,314 [main] INFO  db.DBStoreBuilder (DBStoreBuilder.java:processTables(161)) - Using default column profile:DBProfile.DISK for Table:deletedBlocks
2019-09-17 10:13:22,315 [main] INFO  db.DBStoreBuilder (DBStoreBuilder.java:addTable(110)) - using custom profile for table: validCerts
2019-09-17 10:13:22,315 [main] INFO  db.DBStoreBuilder (DBStoreBuilder.java:processTables(161)) - Using default column profile:DBProfile.DISK for Table:validCerts
2019-09-17 10:13:22,315 [main] INFO  db.DBStoreBuilder (DBStoreBuilder.java:addTable(110)) - using custom profile for table: revokedCerts
2019-09-17 10:13:22,315 [main] INFO  db.DBStoreBuilder (DBStoreBuilder.java:processTables(161)) - Using default column profile:DBProfile.DISK for Table:revokedCerts
2019-09-17 10:13:22,328 [main] INFO  db.DBStoreBuilder (DBStoreBuilder.java:addTable(110)) - using custom profile for table: default
2019-09-17 10:13:22,328 [main] INFO  db.DBStoreBuilder (DBStoreBuilder.java:processTables(167)) - Using default column profile:DBProfile.DISK for Table:default
2019-09-17 10:13:22,329 [main] INFO  db.DBStoreBuilder (DBStoreBuilder.java:getDbProfile(198)) - Using default options. DBProfile.DISK
2019-09-17 10:13:22,641 [main] INFO  net.NodeSchemaLoader (NodeSchemaLoader.java:loadSchemaFromFile(125)) - Loading file from sun.misc.CompoundEnumeration@3270d194
2019-09-17 10:13:22,643 [main] INFO  net.NodeSchemaLoader (NodeSchemaLoader.java:loadSchema(171)) - Loading network topology layer schema file
2019-09-17 10:13:22,717 [main] INFO  node.SCMNodeManager (SCMNodeManager.java:<init>(114)) - Entering startup safe mode.
2019-09-17 10:13:22,809 [main] INFO  algorithms.ContainerPlacementPolicyFactory (ContainerPlacementPolicyFactory.java:getPolicy(57)) - Create container placement policy of type org.apache.hadoop.hdds.scm.container.placement.algorithms.SCMContainerPlacementRandom
2019-09-17 10:13:22,834 [main] WARN  server.ServerUtils (ServerUtils.java:getScmDbDir(145)) - ozone.scm.db.dirs is not configured. We recommend adding this setting. Falling back to ozone.metadata.dirs instead.
2019-09-17 10:13:22,937 [main] INFO  pipeline.SCMPipelineManager (SCMPipelineManager.java:initializePipelineState(128)) - No pipeline exists in current db
2019-09-17 10:13:22,940 [main] WARN  server.ServerUtils (ServerUtils.java:getScmDbDir(145)) - ozone.scm.db.dirs is not configured. We recommend adding this setting. Falling back to ozone.metadata.dirs instead.
2019-09-17 10:13:23,071 [main] WARN  events.EventQueue (EventQueue.java:fireEvent(183)) - No event handler registered for event TypedEvent{payloadType=SafeModeStatus, name='SafeModeStatus'}
2019-09-17 10:13:23,463 [main] INFO  ipc.CallQueueManager (CallQueueManager.java:<init>(84)) - Using callQueue: class java.util.concurrent.LinkedBlockingQueue, queueCapacity: 2000, scheduler: class org.apache.hadoop.ipc.DefaultRpcScheduler, ipcBackoff: false.
2019-09-17 10:13:23,492 [Socket Reader #1 for port 36862] INFO  ipc.Server (Server.java:run(1074)) - Starting Socket Reader #1 for port 36862
2019-09-17 10:13:23,635 [main] INFO  ipc.CallQueueManager (CallQueueManager.java:<init>(84)) - Using callQueue: class java.util.concurrent.LinkedBlockingQueue, queueCapacity: 2000, scheduler: class org.apache.hadoop.ipc.DefaultRpcScheduler, ipcBackoff: false.
2019-09-17 10:13:23,636 [Socket Reader #1 for port 39461] INFO  ipc.Server (Server.java:run(1074)) - Starting Socket Reader #1 for port 39461
2019-09-17 10:13:23,647 [main] INFO  ipc.CallQueueManager (CallQueueManager.java:<init>(84)) - Using callQueue: class java.util.concurrent.LinkedBlockingQueue, queueCapacity: 2000, scheduler: class org.apache.hadoop.ipc.DefaultRpcScheduler, ipcBackoff: false.
2019-09-17 10:13:23,648 [Socket Reader #1 for port 42530] INFO  ipc.Server (Server.java:run(1074)) - Starting Socket Reader #1 for port 42530
2019-09-17 10:13:23,675 [main] INFO  hdfs.DFSUtil (DFSUtil.java:httpServerTemplateForNNAndJN(1641)) - Starting Web-server for scm at: http://0.0.0.0:0
2019-09-17 10:13:23,843 [main] INFO  server.AuthenticationFilter (AuthenticationFilter.java:constructSecretProvider(240)) - Unable to initialize FileSignerSecretProvider, falling back to use random secrets.
2019-09-17 10:13:23,851 [main] WARN  http.HttpRequestLog (HttpRequestLog.java:getRequestLog(97)) - Jetty request log can only be enabled using Log4j
2019-09-17 10:13:23,859 [main] INFO  http.HttpServer2 (HttpServer2.java:addGlobalFilter(975)) - Added global filter 'safety' (class=org.apache.hadoop.http.HttpServer2$QuotingInputFilter)
2019-09-17 10:13:23,862 [main] INFO  http.HttpServer2 (HttpServer2.java:addFilter(948)) - Added filter static_user_filter (class=org.apache.hadoop.http.lib.StaticUserWebFilter$StaticUserFilter) to context scm
2019-09-17 10:13:23,862 [main] INFO  http.HttpServer2 (HttpServer2.java:addFilter(958)) - Added filter static_user_filter (class=org.apache.hadoop.http.lib.StaticUserWebFilter$StaticUserFilter) to context logs
2019-09-17 10:13:23,862 [main] INFO  http.HttpServer2 (HttpServer2.java:addFilter(958)) - Added filter static_user_filter (class=org.apache.hadoop.http.lib.StaticUserWebFilter$StaticUserFilter) to context static
2019-09-17 10:13:23,893 [main] INFO  server.StorageContainerManager (StorageContainerManager.java:start(763)) - StorageContainerLocationProtocol RPC server is listening at /0.0.0.0:42530
2019-09-17 10:13:23,952 [main] WARN  impl.MetricsConfig (MetricsConfig.java:loadFirst(134)) - Cannot locate configuration: tried hadoop-metrics2-storagecontainermanager.properties,hadoop-metrics2.properties
2019-09-17 10:13:23,966 [main] INFO  impl.MetricsSystemImpl (MetricsSystemImpl.java:startTimer(374)) - Scheduled Metric snapshot period at 10 second(s).
2019-09-17 10:13:23,967 [main] INFO  impl.MetricsSystemImpl (MetricsSystemImpl.java:start(191)) - StorageContainerManager metrics system started
2019-09-17 10:13:24,189 [main] INFO  server.SCMClientProtocolServer (SCMClientProtocolServer.java:start(151)) - RPC server for Client  is listening at /0.0.0.0:42530
2019-09-17 10:13:24,189 [IPC Server listener on 42530] INFO  ipc.Server (Server.java:run(1153)) - IPC Server listener on 42530: starting
2019-09-17 10:13:24,189 [IPC Server Responder] INFO  ipc.Server (Server.java:run(1314)) - IPC Server Responder: starting
2019-09-17 10:13:24,192 [main] INFO  server.StorageContainerManager (StorageContainerManager.java:start(773)) - ScmBlockLocationProtocol RPC server is listening at /0.0.0.0:39461
2019-09-17 10:13:24,193 [main] INFO  server.SCMBlockProtocolServer (SCMBlockProtocolServer.java:start(146)) - RPC server for Block Protocol is listening at /0.0.0.0:39461
2019-09-17 10:13:24,194 [IPC Server Responder] INFO  ipc.Server (Server.java:run(1314)) - IPC Server Responder: starting
2019-09-17 10:13:24,194 [IPC Server listener on 39461] INFO  ipc.Server (Server.java:run(1153)) - IPC Server listener on 39461: starting
2019-09-17 10:13:24,196 [main] INFO  server.StorageContainerManager (StorageContainerManager.java:start(777)) - ScmDatanodeProtocl RPC server is listening at /0.0.0.0:36862
2019-09-17 10:13:24,196 [main] INFO  server.SCMDatanodeProtocolServer (SCMDatanodeProtocolServer.java:start(191)) - RPC server for DataNodes is listening at /0.0.0.0:36862
2019-09-17 10:13:24,197 [IPC Server Responder] INFO  ipc.Server (Server.java:run(1314)) - IPC Server Responder: starting
2019-09-17 10:13:24,197 [IPC Server listener on 36862] INFO  ipc.Server (Server.java:run(1153)) - IPC Server listener on 36862: starting
2019-09-17 10:13:24,201 [main] INFO  http.HttpServer2 (HttpServer2.java:bindListener(1191)) - Jetty bound to port 45703
2019-09-17 10:13:24,204 [main] INFO  server.Server (Server.java:doStart(351)) - jetty-9.3.24.v20180605, build timestamp: 2018-06-05T17:11:56Z, git hash: 84205aa28f11a4f31f2a3b86d1bba2cc8ab69827
2019-09-17 10:13:24,256 [main] INFO  handler.ContextHandler (ContextHandler.java:doStart(781)) - Started o.e.j.s.ServletContextHandler@732f29af{/logs,file:///workdir/hadoop-ozone/integration-test/target/log,AVAILABLE}
2019-09-17 10:13:24,257 [main] INFO  handler.ContextHandler (ContextHandler.java:doStart(781)) - Started o.e.j.s.ServletContextHandler@6622fc65{/static,file:///workdir/hadoop-ozone/integration-test/target/test-classes/webapps/static,AVAILABLE}
2019-09-17 10:13:24,295 [main] INFO  handler.ContextHandler (ContextHandler.java:doStart(781)) - Started o.e.j.w.WebAppContext@7555b920{/,file:///workdir/hadoop-ozone/integration-test/target/test-classes/webapps/scm/,AVAILABLE}{/scm}
2019-09-17 10:13:24,301 [main] INFO  server.AbstractConnector (AbstractConnector.java:doStart(278)) - Started ServerConnector@6db66836{HTTP/1.1,[http/1.1]}{0.0.0.0:45703}
2019-09-17 10:13:24,301 [main] INFO  server.Server (Server.java:doStart(419)) - Started @2923ms
2019-09-17 10:13:24,303 [main] INFO  impl.MetricsSinkAdapter (MetricsSinkAdapter.java:start(204)) - Sink prometheus started
2019-09-17 10:13:24,303 [main] INFO  impl.MetricsSystemImpl (MetricsSystemImpl.java:registerSink(301)) - Registered sink prometheus
2019-09-17 10:13:24,305 [main] INFO  server.BaseHttpServer (BaseHttpServer.java:updateConnectorAddress(215)) - HTTP server of SCM is listening at http://0.0.0.0:45703
2019-09-17 10:13:24,314 [org.apache.hadoop.util.JvmPauseMonitor$Monitor@78461bc4] INFO  util.JvmPauseMonitor (JvmPauseMonitor.java:run(188)) - Starting JVM pause monitor
2019-09-17 10:13:24,320 [main] WARN  server.ServerUtils (ServerUtils.java:getDBPath(222)) - ozone.om.db.dirs is not configured. We recommend adding this setting. Falling back to ozone.metadata.dirs instead.
2019-09-17 10:13:24,440 [main] WARN  server.ServerUtils (ServerUtils.java:getDBPath(222)) - ozone.om.db.dirs is not configured. We recommend adding this setting. Falling back to ozone.metadata.dirs instead.
2019-09-17 10:13:24,441 [main] WARN  server.ServerUtils (ServerUtils.java:getDBPath(222)) - ozone.om.db.dirs is not configured. We recommend adding this setting. Falling back to ozone.metadata.dirs instead.
2019-09-17 10:13:24,442 [main] INFO  om.OzoneManager (OzoneManager.java:setOMNodeDetails(649)) - OM Service ID is not set. Setting it to the default ID: omServiceIdDefault
2019-09-17 10:13:24,442 [main] INFO  om.OzoneManager (OzoneManager.java:setOMNodeDetails(655)) - OM Node ID is not set. Setting it to the OmStorage's OmID: d7f88a9c-e1a2-4f00-a290-3512300ae492
2019-09-17 10:13:24,443 [main] INFO  om.OzoneManager (OzoneManager.java:loadOMHAConfigs(606)) - Found matching OM address with OMServiceId: null, OMNodeId: null, RPC Address: localhost:0 and Ratis port: 9872
2019-09-17 10:13:25,198 [main] WARN  server.ServerUtils (ServerUtils.java:getDBPath(222)) - ozone.om.db.dirs is not configured. We recommend adding this setting. Falling back to ozone.metadata.dirs instead.
2019-09-17 10:13:25,206 [main] INFO  db.DBStoreBuilder (DBStoreBuilder.java:addTable(110)) - using custom profile for table: userTable
2019-09-17 10:13:25,206 [main] INFO  db.DBStoreBuilder (DBStoreBuilder.java:processTables(161)) - Using default column profile:DBProfile.DISK for Table:userTable
2019-09-17 10:13:25,206 [main] INFO  db.DBStoreBuilder (DBStoreBuilder.java:addTable(110)) - using custom profile for table: volumeTable
2019-09-17 10:13:25,207 [main] INFO  db.DBStoreBuilder (DBStoreBuilder.java:processTables(161)) - Using default column profile:DBProfile.DISK for Table:volumeTable
2019-09-17 10:13:25,207 [main] INFO  db.DBStoreBuilder (DBStoreBuilder.java:addTable(110)) - using custom profile for table: bucketTable
2019-09-17 10:13:25,207 [main] INFO  db.DBStoreBuilder (DBStoreBuilder.java:processTables(161)) - Using default column profile:DBProfile.DISK for Table:bucketTable
2019-09-17 10:13:25,207 [main] INFO  db.DBStoreBuilder (DBStoreBuilder.java:addTable(110)) - using custom profile for table: keyTable
2019-09-17 10:13:25,208 [main] INFO  db.DBStoreBuilder (DBStoreBuilder.java:processTables(161)) - Using default column profile:DBProfile.DISK for Table:keyTable
2019-09-17 10:13:25,208 [main] INFO  db.DBStoreBuilder (DBStoreBuilder.java:addTable(110)) - using custom profile for table: deletedTable
2019-09-17 10:13:25,208 [main] INFO  db.DBStoreBuilder (DBStoreBuilder.java:processTables(161)) - Using default column profile:DBProfile.DISK for Table:deletedTable
2019-09-17 10:13:25,208 [main] INFO  db.DBStoreBuilder (DBStoreBuilder.java:addTable(110)) - using custom profile for table: openKeyTable
2019-09-17 10:13:25,209 [main] INFO  db.DBStoreBuilder (DBStoreBuilder.java:processTables(161)) - Using default column profile:DBProfile.DISK for Table:openKeyTable
2019-09-17 10:13:25,209 [main] INFO  db.DBStoreBuilder (DBStoreBuilder.java:addTable(110)) - using custom profile for table: s3Table
2019-09-17 10:13:25,209 [main] INFO  db.DBStoreBuilder (DBStoreBuilder.java:processTables(161)) - Using default column profile:DBProfile.DISK for Table:s3Table
2019-09-17 10:13:25,209 [main] INFO  db.DBStoreBuilder (DBStoreBuilder.java:addTable(110)) - using custom profile for table: multipartInfoTable
2019-09-17 10:13:25,210 [main] INFO  db.DBStoreBuilder (DBStoreBuilder.java:processTables(161)) - Using default column profile:DBProfile.DISK for Table:multipartInfoTable
2019-09-17 10:13:25,210 [main] INFO  db.DBStoreBuilder (DBStoreBuilder.java:addTable(110)) - using custom profile for table: dTokenTable
2019-09-17 10:13:25,210 [main] INFO  db.DBStoreBuilder (DBStoreBuilder.java:processTables(161)) - Using default column profile:DBProfile.DISK for Table:dTokenTable
2019-09-17 10:13:25,211 [main] INFO  db.DBStoreBuilder (DBStoreBuilder.java:addTable(110)) - using custom profile for table: s3SecretTable
2019-09-17 10:13:25,211 [main] INFO  db.DBStoreBuilder (DBStoreBuilder.java:processTables(161)) - Using default column profile:DBProfile.DISK for Table:s3SecretTable
2019-09-17 10:13:25,211 [main] INFO  db.DBStoreBuilder (DBStoreBuilder.java:addTable(110)) - using custom profile for table: prefixTable
2019-09-17 10:13:25,211 [main] INFO  db.DBStoreBuilder (DBStoreBuilder.java:processTables(161)) - Using default column profile:DBProfile.DISK for Table:prefixTable
2019-09-17 10:13:25,212 [main] INFO  db.DBStoreBuilder (DBStoreBuilder.java:addTable(110)) - using custom profile for table: default
2019-09-17 10:13:25,212 [main] INFO  db.DBStoreBuilder (DBStoreBuilder.java:processTables(167)) - Using default column profile:DBProfile.DISK for Table:default
2019-09-17 10:13:25,212 [main] INFO  db.DBStoreBuilder (DBStoreBuilder.java:getDbProfile(198)) - Using default options. DBProfile.DISK
2019-09-17 10:13:25,909 [main] INFO  ipc.CallQueueManager (CallQueueManager.java:<init>(84)) - Using callQueue: class java.util.concurrent.LinkedBlockingQueue, queueCapacity: 2000, scheduler: class org.apache.hadoop.ipc.DefaultRpcScheduler, ipcBackoff: false.
2019-09-17 10:13:25,910 [Socket Reader #1 for port 46535] INFO  ipc.Server (Server.java:run(1074)) - Starting Socket Reader #1 for port 46535
2019-09-17 10:13:25,931 [main] INFO  om.OzoneManager (OzoneManager.java:start(1240)) - OzoneManager RPC server is listening at localhost/127.0.0.1:46535
2019-09-17 10:13:25,931 [main] INFO  impl.MetricsSystemImpl (MetricsSystemImpl.java:init(158)) - OzoneManager metrics system started (again)
2019-09-17 10:13:25,932 [IPC Server Responder] INFO  ipc.Server (Server.java:run(1314)) - IPC Server Responder: starting
2019-09-17 10:13:25,932 [IPC Server listener on 46535] INFO  ipc.Server (Server.java:run(1153)) - IPC Server listener on 46535: starting
2019-09-17 10:13:25,938 [main] INFO  hdfs.DFSUtil (DFSUtil.java:httpServerTemplateForNNAndJN(1641)) - Starting Web-server for ozoneManager at: http://0.0.0.0:0
2019-09-17 10:13:25,940 [main] INFO  server.AuthenticationFilter (AuthenticationFilter.java:constructSecretProvider(240)) - Unable to initialize FileSignerSecretProvider, falling back to use random secrets.
2019-09-17 10:13:25,941 [main] WARN  http.HttpRequestLog (HttpRequestLog.java:getRequestLog(97)) - Jetty request log can only be enabled using Log4j
2019-09-17 10:13:25,945 [main] INFO  http.HttpServer2 (HttpServer2.java:addGlobalFilter(975)) - Added global filter 'safety' (class=org.apache.hadoop.http.HttpServer2$QuotingInputFilter)
2019-09-17 10:13:25,946 [main] INFO  http.HttpServer2 (HttpServer2.java:addFilter(948)) - Added filter static_user_filter (class=org.apache.hadoop.http.lib.StaticUserWebFilter$StaticUserFilter) to context ozoneManager
2019-09-17 10:13:25,947 [main] INFO  http.HttpServer2 (HttpServer2.java:addFilter(958)) - Added filter static_user_filter (class=org.apache.hadoop.http.lib.StaticUserWebFilter$StaticUserFilter) to context logs
2019-09-17 10:13:25,947 [main] INFO  http.HttpServer2 (HttpServer2.java:addFilter(958)) - Added filter static_user_filter (class=org.apache.hadoop.http.lib.StaticUserWebFilter$StaticUserFilter) to context static
2019-09-17 10:13:25,950 [main] INFO  http.HttpServer2 (HttpServer2.java:bindListener(1191)) - Jetty bound to port 35196
2019-09-17 10:13:25,951 [main] INFO  server.Server (Server.java:doStart(351)) - jetty-9.3.24.v20180605, build timestamp: 2018-06-05T17:11:56Z, git hash: 84205aa28f11a4f31f2a3b86d1bba2cc8ab69827
2019-09-17 10:13:25,953 [main] INFO  handler.ContextHandler (ContextHandler.java:doStart(781)) - Started o.e.j.s.ServletContextHandler@25d3cfc8{/logs,file:///workdir/hadoop-ozone/integration-test/target/log,AVAILABLE}
2019-09-17 10:13:25,954 [main] INFO  handler.ContextHandler (ContextHandler.java:doStart(781)) - Started o.e.j.s.ServletContextHandler@2571066a{/static,file:///workdir/hadoop-ozone/integration-test/target/test-classes/webapps/static,AVAILABLE}
2019-09-17 10:13:25,962 [main] INFO  handler.ContextHandler (ContextHandler.java:doStart(781)) - Started o.e.j.w.WebAppContext@444548a0{/,file:///workdir/hadoop-ozone/integration-test/target/test-classes/webapps/ozoneManager/,AVAILABLE}{/ozoneManager}
2019-09-17 10:13:25,963 [main] INFO  server.AbstractConnector (AbstractConnector.java:doStart(278)) - Started ServerConnector@3766c667{HTTP/1.1,[http/1.1]}{0.0.0.0:35196}
2019-09-17 10:13:25,964 [main] INFO  server.Server (Server.java:doStart(419)) - Started @4586ms
2019-09-17 10:13:25,964 [main] WARN  impl.MetricsSystemImpl (MetricsSystemImpl.java:register(276)) - Sink prometheus already exists!
2019-09-17 10:13:25,965 [main] INFO  server.BaseHttpServer (BaseHttpServer.java:updateConnectorAddress(215)) - HTTP server of OZONEMANAGER is listening at http://0.0.0.0:35196
2019-09-17 10:13:26,294 [main] INFO  impl.MetricsSystemImpl (MetricsSystemImpl.java:init(158)) - HddsDatanode metrics system started (again)
2019-09-17 10:13:26,348 [main] INFO  ozone.HddsDatanodeService (HddsDatanodeService.java:start(184)) - HddsDatanodeService host:pr-hdds-2110-rdjw6-11158954 ip:192.168.34.37
2019-09-17 10:13:26,384 [main] INFO  volume.HddsVolume (HddsVolume.java:<init>(176)) - Creating Volume: /workdir/hadoop-ozone/integration-test/target/test-dir/MiniOzoneClusterImpl-79292457-8b46-4756-affc-c3b1963f1051/datanode-0/data/containers/hdds of  storage type : DISK and capacity : 1482555576320
2019-09-17 10:13:26,386 [main] INFO  volume.VolumeSet (VolumeSet.java:initializeVolumeSet(170)) - Added Volume : /workdir/hadoop-ozone/integration-test/target/test-dir/MiniOzoneClusterImpl-79292457-8b46-4756-affc-c3b1963f1051/datanode-0/data/containers/hdds to VolumeSet
2019-09-17 10:13:26,389 [main] INFO  volume.ThrottledAsyncChecker (ThrottledAsyncChecker.java:schedule(139)) - Scheduling a check for org.apache.hadoop.ozone.container.common.volume.HddsVolume@7e2f86e6
2019-09-17 10:13:26,407 [main] INFO  volume.HddsVolumeChecker (HddsVolumeChecker.java:checkAllVolumes(202)) - Scheduled health check for volume org.apache.hadoop.ozone.container.common.volume.HddsVolume@7e2f86e6
2019-09-17 10:13:26,515 [main] INFO  impl.RaftServerProxy (ConfUtils.java:logGet(43)) - raft.rpc.type = GRPC (default)
2019-09-17 10:13:26,582 [main] INFO  grpc.GrpcFactory (GrpcFactory.java:checkPooledByteBufAllocatorUseCacheForAllThreads(45)) - PERFORMANCE WARNING: useCacheForAllThreads is true that may cause Netty to create a lot garbage objects and, as a result, trigger GC.
	It is recommended to disable useCacheForAllThreads by setting -Dorg.apache.ratis.thirdparty.io.netty.allocator.useCacheForAllThreads=false in command line.
2019-09-17 10:13:26,586 [main] INFO  grpc.GrpcConfigKeys$Server (ConfUtils.java:logGet(43)) - raft.grpc.server.port = 0 (default)
2019-09-17 10:13:26,588 [main] INFO  server.GrpcService (ConfUtils.java:logGet(43)) - raft.grpc.message.size.max = 33570816 (custom)
2019-09-17 10:13:26,589 [main] INFO  server.RaftServerConfigKeys (ConfUtils.java:logGet(43)) - raft.server.log.appender.buffer.byte-limit = 33554432 (custom)
2019-09-17 10:13:26,590 [main] INFO  server.GrpcService (ConfUtils.java:logGet(43)) - raft.grpc.flow.control.window = 1MB (=1048576) (default)
2019-09-17 10:13:26,591 [main] INFO  server.RaftServerConfigKeys (ConfUtils.java:logGet(43)) - raft.server.rpc.request.timeout = 3000ms (default)
2019-09-17 10:13:26,760 [main] INFO  server.RaftServerConfigKeys (ConfUtils.java:logGet(43)) - raft.server.storage.dir = [/workdir/hadoop-ozone/integration-test/target/test-dir/MiniOzoneClusterImpl-79292457-8b46-4756-affc-c3b1963f1051/datanode-0/data/ratis] (custom)
2019-09-17 10:13:26,817 [main] INFO  hdfs.DFSUtil (DFSUtil.java:httpServerTemplateForNNAndJN(1641)) - Starting Web-server for hddsDatanode at: http://0.0.0.0:0
2019-09-17 10:13:26,821 [main] INFO  server.AuthenticationFilter (AuthenticationFilter.java:constructSecretProvider(240)) - Unable to initialize FileSignerSecretProvider, falling back to use random secrets.
2019-09-17 10:13:26,822 [main] WARN  http.HttpRequestLog (HttpRequestLog.java:getRequestLog(97)) - Jetty request log can only be enabled using Log4j
2019-09-17 10:13:26,825 [main] INFO  http.HttpServer2 (HttpServer2.java:addGlobalFilter(975)) - Added global filter 'safety' (class=org.apache.hadoop.http.HttpServer2$QuotingInputFilter)
2019-09-17 10:13:26,826 [main] INFO  http.HttpServer2 (HttpServer2.java:addFilter(948)) - Added filter static_user_filter (class=org.apache.hadoop.http.lib.StaticUserWebFilter$StaticUserFilter) to context hddsDatanode
2019-09-17 10:13:26,826 [main] INFO  http.HttpServer2 (HttpServer2.java:addFilter(958)) - Added filter static_user_filter (class=org.apache.hadoop.http.lib.StaticUserWebFilter$StaticUserFilter) to context logs
2019-09-17 10:13:26,827 [main] INFO  http.HttpServer2 (HttpServer2.java:addFilter(958)) - Added filter static_user_filter (class=org.apache.hadoop.http.lib.StaticUserWebFilter$StaticUserFilter) to context static
2019-09-17 10:13:26,829 [main] INFO  http.HttpServer2 (HttpServer2.java:bindListener(1191)) - Jetty bound to port 46419
2019-09-17 10:13:26,829 [main] INFO  server.Server (Server.java:doStart(351)) - jetty-9.3.24.v20180605, build timestamp: 2018-06-05T17:11:56Z, git hash: 84205aa28f11a4f31f2a3b86d1bba2cc8ab69827
2019-09-17 10:13:26,832 [main] INFO  handler.ContextHandler (ContextHandler.java:doStart(781)) - Started o.e.j.s.ServletContextHandler@1effd53c{/logs,file:///workdir/hadoop-ozone/integration-test/target/log,AVAILABLE}
2019-09-17 10:13:26,833 [main] INFO  handler.ContextHandler (ContextHandler.java:doStart(781)) - Started o.e.j.s.ServletContextHandler@6920614{/static,jar:file:/home/user/.m2/repository/org/apache/hadoop/hadoop-hdds-container-service/0.5.0-SNAPSHOT/hadoop-hdds-container-service-0.5.0-SNAPSHOT.jar!/webapps/static,AVAILABLE}
2019-09-17 10:13:26,884 [main] INFO  handler.ContextHandler (ContextHandler.java:doStart(781)) - Started o.e.j.w.WebAppContext@476fe690{/,file:///tmp/jetty-0.0.0.0-46419-hddsDatanode-_-any-7519424062685333508.dir/webapp/,AVAILABLE}{/hddsDatanode}
2019-09-17 10:13:26,885 [main] INFO  server.AbstractConnector (AbstractConnector.java:doStart(278)) - Started ServerConnector@7a0e7ecd{HTTP/1.1,[http/1.1]}{0.0.0.0:46419}
2019-09-17 10:13:26,886 [main] INFO  server.Server (Server.java:doStart(419)) - Started @5508ms
2019-09-17 10:13:26,887 [main] WARN  impl.MetricsSystemImpl (MetricsSystemImpl.java:register(276)) - Sink prometheus already exists!
2019-09-17 10:13:26,888 [main] INFO  server.BaseHttpServer (BaseHttpServer.java:updateConnectorAddress(215)) - HTTP server of HDDSDATANODE is listening at http://0.0.0.0:46419
2019-09-17 10:13:26,889 [main] INFO  impl.MetricsSystemImpl (MetricsSystemImpl.java:init(158)) - HddsDatanode metrics system started (again)
2019-09-17 10:13:26,893 [main] INFO  ozone.HddsDatanodeService (HddsDatanodeService.java:start(184)) - HddsDatanodeService host:pr-hdds-2110-rdjw6-11158954 ip:192.168.34.37
2019-09-17 10:13:26,896 [org.apache.hadoop.util.JvmPauseMonitor$Monitor@33b446bf] INFO  util.JvmPauseMonitor (JvmPauseMonitor.java:run(188)) - Starting JVM pause monitor
2019-09-17 10:13:26,903 [main] INFO  volume.HddsVolume (HddsVolume.java:<init>(176)) - Creating Volume: /workdir/hadoop-ozone/integration-test/target/test-dir/MiniOzoneClusterImpl-79292457-8b46-4756-affc-c3b1963f1051/datanode-1/data/containers/hdds of  storage type : DISK and capacity : 1482555576320
2019-09-17 10:13:26,903 [main] INFO  volume.VolumeSet (VolumeSet.java:initializeVolumeSet(170)) - Added Volume : /workdir/hadoop-ozone/integration-test/target/test-dir/MiniOzoneClusterImpl-79292457-8b46-4756-affc-c3b1963f1051/datanode-1/data/containers/hdds to VolumeSet
2019-09-17 10:13:26,904 [main] INFO  volume.ThrottledAsyncChecker (ThrottledAsyncChecker.java:schedule(139)) - Scheduling a check for org.apache.hadoop.ozone.container.common.volume.HddsVolume@623dcf2a
2019-09-17 10:13:26,905 [main] INFO  volume.HddsVolumeChecker (HddsVolumeChecker.java:checkAllVolumes(202)) - Scheduled health check for volume org.apache.hadoop.ozone.container.common.volume.HddsVolume@623dcf2a
2019-09-17 10:13:26,923 [main] INFO  impl.RaftServerProxy (ConfUtils.java:logGet(43)) - raft.rpc.type = GRPC (default)
2019-09-17 10:13:26,923 [main] INFO  grpc.GrpcFactory (GrpcFactory.java:checkPooledByteBufAllocatorUseCacheForAllThreads(45)) - PERFORMANCE WARNING: useCacheForAllThreads is true that may cause Netty to create a lot garbage objects and, as a result, trigger GC.
	It is recommended to disable useCacheForAllThreads by setting -Dorg.apache.ratis.thirdparty.io.netty.allocator.useCacheForAllThreads=false in command line.
2019-09-17 10:13:26,924 [main] INFO  grpc.GrpcConfigKeys$Server (ConfUtils.java:logGet(43)) - raft.grpc.server.port = 0 (default)
2019-09-17 10:13:26,924 [main] INFO  server.GrpcService (ConfUtils.java:logGet(43)) - raft.grpc.message.size.max = 33570816 (custom)
2019-09-17 10:13:26,925 [main] INFO  server.RaftServerConfigKeys (ConfUtils.java:logGet(43)) - raft.server.log.appender.buffer.byte-limit = 33554432 (custom)
2019-09-17 10:13:26,925 [main] INFO  server.GrpcService (ConfUtils.java:logGet(43)) - raft.grpc.flow.control.window = 1MB (=1048576) (default)
2019-09-17 10:13:26,925 [main] INFO  server.RaftServerConfigKeys (ConfUtils.java:logGet(43)) - raft.server.rpc.request.timeout = 3000ms (default)
2019-09-17 10:13:26,926 [main] INFO  server.RaftServerConfigKeys (ConfUtils.java:logGet(43)) - raft.server.storage.dir = [/workdir/hadoop-ozone/integration-test/target/test-dir/MiniOzoneClusterImpl-79292457-8b46-4756-affc-c3b1963f1051/datanode-1/data/ratis] (custom)
2019-09-17 10:13:26,928 [main] INFO  hdfs.DFSUtil (DFSUtil.java:httpServerTemplateForNNAndJN(1641)) - Starting Web-server for hddsDatanode at: http://0.0.0.0:0
2019-09-17 10:13:26,930 [main] INFO  server.AuthenticationFilter (AuthenticationFilter.java:constructSecretProvider(240)) - Unable to initialize FileSignerSecretProvider, falling back to use random secrets.
2019-09-17 10:13:26,931 [main] WARN  http.HttpRequestLog (HttpRequestLog.java:getRequestLog(97)) - Jetty request log can only be enabled using Log4j
2019-09-17 10:13:26,933 [main] INFO  http.HttpServer2 (HttpServer2.java:addGlobalFilter(975)) - Added global filter 'safety' (class=org.apache.hadoop.http.HttpServer2$QuotingInputFilter)
2019-09-17 10:13:26,934 [main] INFO  http.HttpServer2 (HttpServer2.java:addFilter(948)) - Added filter static_user_filter (class=org.apache.hadoop.http.lib.StaticUserWebFilter$StaticUserFilter) to context hddsDatanode
2019-09-17 10:13:26,935 [main] INFO  http.HttpServer2 (HttpServer2.java:addFilter(958)) - Added filter static_user_filter (class=org.apache.hadoop.http.lib.StaticUserWebFilter$StaticUserFilter) to context logs
2019-09-17 10:13:26,936 [main] INFO  http.HttpServer2 (HttpServer2.java:addFilter(958)) - Added filter static_user_filter (class=org.apache.hadoop.http.lib.StaticUserWebFilter$StaticUserFilter) to context static
2019-09-17 10:13:26,937 [main] INFO  http.HttpServer2 (HttpServer2.java:bindListener(1191)) - Jetty bound to port 36256
2019-09-17 10:13:26,937 [main] INFO  server.Server (Server.java:doStart(351)) - jetty-9.3.24.v20180605, build timestamp: 2018-06-05T17:11:56Z, git hash: 84205aa28f11a4f31f2a3b86d1bba2cc8ab69827
2019-09-17 10:13:26,941 [main] INFO  handler.ContextHandler (ContextHandler.java:doStart(781)) - Started o.e.j.s.ServletContextHandler@654c7d2d{/logs,file:///workdir/hadoop-ozone/integration-test/target/log,AVAILABLE}
2019-09-17 10:13:26,942 [main] INFO  handler.ContextHandler (ContextHandler.java:doStart(781)) - Started o.e.j.s.ServletContextHandler@15400fff{/static,jar:file:/home/user/.m2/repository/org/apache/hadoop/hadoop-hdds-container-service/0.5.0-SNAPSHOT/hadoop-hdds-container-service-0.5.0-SNAPSHOT.jar!/webapps/static,AVAILABLE}
2019-09-17 10:13:26,991 [main] INFO  handler.ContextHandler (ContextHandler.java:doStart(781)) - Started o.e.j.w.WebAppContext@25ad4f71{/,file:///tmp/jetty-0.0.0.0-36256-hddsDatanode-_-any-2729656288442200737.dir/webapp/,AVAILABLE}{/hddsDatanode}
2019-09-17 10:13:26,993 [main] INFO  server.AbstractConnector (AbstractConnector.java:doStart(278)) - Started ServerConnector@49faf066{HTTP/1.1,[http/1.1]}{0.0.0.0:36256}
2019-09-17 10:13:26,995 [main] INFO  server.Server (Server.java:doStart(419)) - Started @5616ms
2019-09-17 10:13:26,995 [main] WARN  impl.MetricsSystemImpl (MetricsSystemImpl.java:register(276)) - Sink prometheus already exists!
2019-09-17 10:13:26,996 [main] INFO  server.BaseHttpServer (BaseHttpServer.java:updateConnectorAddress(215)) - HTTP server of HDDSDATANODE is listening at http://0.0.0.0:36256
2019-09-17 10:13:26,997 [main] INFO  impl.MetricsSystemImpl (MetricsSystemImpl.java:init(158)) - HddsDatanode metrics system started (again)
2019-09-17 10:13:27,000 [org.apache.hadoop.util.JvmPauseMonitor$Monitor@6db0b4dc] INFO  util.JvmPauseMonitor (JvmPauseMonitor.java:run(188)) - Starting JVM pause monitor
2019-09-17 10:13:27,001 [main] INFO  ozone.HddsDatanodeService (HddsDatanodeService.java:start(184)) - HddsDatanodeService host:pr-hdds-2110-rdjw6-11158954 ip:192.168.34.37
2019-09-17 10:13:27,011 [main] INFO  volume.HddsVolume (HddsVolume.java:<init>(176)) - Creating Volume: /workdir/hadoop-ozone/integration-test/target/test-dir/MiniOzoneClusterImpl-79292457-8b46-4756-affc-c3b1963f1051/datanode-2/data/containers/hdds of  storage type : DISK and capacity : 1482555576320
2019-09-17 10:13:27,011 [main] INFO  volume.VolumeSet (VolumeSet.java:initializeVolumeSet(170)) - Added Volume : /workdir/hadoop-ozone/integration-test/target/test-dir/MiniOzoneClusterImpl-79292457-8b46-4756-affc-c3b1963f1051/datanode-2/data/containers/hdds to VolumeSet
2019-09-17 10:13:27,012 [main] INFO  volume.ThrottledAsyncChecker (ThrottledAsyncChecker.java:schedule(139)) - Scheduling a check for org.apache.hadoop.ozone.container.common.volume.HddsVolume@524a076e
2019-09-17 10:13:27,013 [main] INFO  volume.HddsVolumeChecker (HddsVolumeChecker.java:checkAllVolumes(202)) - Scheduled health check for volume org.apache.hadoop.ozone.container.common.volume.HddsVolume@524a076e
2019-09-17 10:13:27,032 [main] INFO  impl.RaftServerProxy (ConfUtils.java:logGet(43)) - raft.rpc.type = GRPC (default)
2019-09-17 10:13:27,033 [main] INFO  grpc.GrpcFactory (GrpcFactory.java:checkPooledByteBufAllocatorUseCacheForAllThreads(45)) - PERFORMANCE WARNING: useCacheForAllThreads is true that may cause Netty to create a lot garbage objects and, as a result, trigger GC.
	It is recommended to disable useCacheForAllThreads by setting -Dorg.apache.ratis.thirdparty.io.netty.allocator.useCacheForAllThreads=false in command line.
2019-09-17 10:13:27,033 [main] INFO  grpc.GrpcConfigKeys$Server (ConfUtils.java:logGet(43)) - raft.grpc.server.port = 0 (default)
2019-09-17 10:13:27,034 [main] INFO  server.GrpcService (ConfUtils.java:logGet(43)) - raft.grpc.message.size.max = 33570816 (custom)
2019-09-17 10:13:27,034 [main] INFO  server.RaftServerConfigKeys (ConfUtils.java:logGet(43)) - raft.server.log.appender.buffer.byte-limit = 33554432 (custom)
2019-09-17 10:13:27,034 [main] INFO  server.GrpcService (ConfUtils.java:logGet(43)) - raft.grpc.flow.control.window = 1MB (=1048576) (default)
2019-09-17 10:13:27,035 [Datanode State Machine Thread - 0] INFO  datanode.InitDatanodeState (InitDatanodeState.java:persistContainerDatanodeDetails(140)) - DatanodeDetails is persisted to /workdir/hadoop-ozone/integration-test/target/test-dir/MiniOzoneClusterImpl-79292457-8b46-4756-affc-c3b1963f1051/datanode-0/meta/datanode.id
2019-09-17 10:13:27,035 [main] INFO  server.RaftServerConfigKeys (ConfUtils.java:logGet(43)) - raft.server.rpc.request.timeout = 3000ms (default)
2019-09-17 10:13:27,038 [main] INFO  server.RaftServerConfigKeys (ConfUtils.java:logGet(43)) - raft.server.storage.dir = [/workdir/hadoop-ozone/integration-test/target/test-dir/MiniOzoneClusterImpl-79292457-8b46-4756-affc-c3b1963f1051/datanode-2/data/ratis] (custom)
2019-09-17 10:13:27,040 [Datanode State Machine Thread - 0] INFO  datanode.InitDatanodeState (InitDatanodeState.java:persistContainerDatanodeDetails(140)) - DatanodeDetails is persisted to /workdir/hadoop-ozone/integration-test/target/test-dir/MiniOzoneClusterImpl-79292457-8b46-4756-affc-c3b1963f1051/datanode-1/meta/datanode.id
2019-09-17 10:13:27,042 [main] INFO  hdfs.DFSUtil (DFSUtil.java:httpServerTemplateForNNAndJN(1641)) - Starting Web-server for hddsDatanode at: http://0.0.0.0:0
2019-09-17 10:13:27,043 [main] INFO  server.AuthenticationFilter (AuthenticationFilter.java:constructSecretProvider(240)) - Unable to initialize FileSignerSecretProvider, falling back to use random secrets.
2019-09-17 10:13:27,044 [main] WARN  http.HttpRequestLog (HttpRequestLog.java:getRequestLog(97)) - Jetty request log can only be enabled using Log4j
2019-09-17 10:13:27,046 [main] INFO  http.HttpServer2 (HttpServer2.java:addGlobalFilter(975)) - Added global filter 'safety' (class=org.apache.hadoop.http.HttpServer2$QuotingInputFilter)
2019-09-17 10:13:27,047 [main] INFO  http.HttpServer2 (HttpServer2.java:addFilter(948)) - Added filter static_user_filter (class=org.apache.hadoop.http.lib.StaticUserWebFilter$StaticUserFilter) to context hddsDatanode
2019-09-17 10:13:27,047 [main] INFO  http.HttpServer2 (HttpServer2.java:addFilter(958)) - Added filter static_user_filter (class=org.apache.hadoop.http.lib.StaticUserWebFilter$StaticUserFilter) to context static
2019-09-17 10:13:27,048 [main] INFO  http.HttpServer2 (HttpServer2.java:addFilter(958)) - Added filter static_user_filter (class=org.apache.hadoop.http.lib.StaticUserWebFilter$StaticUserFilter) to context logs
2019-09-17 10:13:27,049 [main] INFO  http.HttpServer2 (HttpServer2.java:bindListener(1191)) - Jetty bound to port 45312
2019-09-17 10:13:27,049 [main] INFO  server.Server (Server.java:doStart(351)) - jetty-9.3.24.v20180605, build timestamp: 2018-06-05T17:11:56Z, git hash: 84205aa28f11a4f31f2a3b86d1bba2cc8ab69827
2019-09-17 10:13:27,052 [main] INFO  handler.ContextHandler (ContextHandler.java:doStart(781)) - Started o.e.j.s.ServletContextHandler@2e66bc32{/logs,file:///workdir/hadoop-ozone/integration-test/target/log,AVAILABLE}
2019-09-17 10:13:27,053 [main] INFO  handler.ContextHandler (ContextHandler.java:doStart(781)) - Started o.e.j.s.ServletContextHandler@4b65d9f4{/static,jar:file:/home/user/.m2/repository/org/apache/hadoop/hadoop-hdds-container-service/0.5.0-SNAPSHOT/hadoop-hdds-container-service-0.5.0-SNAPSHOT.jar!/webapps/static,AVAILABLE}
2019-09-17 10:13:27,105 [main] INFO  handler.ContextHandler (ContextHandler.java:doStart(781)) - Started o.e.j.w.WebAppContext@4745e9c{/,file:///tmp/jetty-0.0.0.0-45312-hddsDatanode-_-any-3948197899690451993.dir/webapp/,AVAILABLE}{/hddsDatanode}
2019-09-17 10:13:27,106 [main] INFO  server.AbstractConnector (AbstractConnector.java:doStart(278)) - Started ServerConnector@2f2bff16{HTTP/1.1,[http/1.1]}{0.0.0.0:45312}
2019-09-17 10:13:27,108 [main] INFO  server.Server (Server.java:doStart(419)) - Started @5729ms
2019-09-17 10:13:27,108 [main] WARN  impl.MetricsSystemImpl (MetricsSystemImpl.java:register(276)) - Sink prometheus already exists!
2019-09-17 10:13:27,109 [main] INFO  server.BaseHttpServer (BaseHttpServer.java:updateConnectorAddress(215)) - HTTP server of HDDSDATANODE is listening at http://0.0.0.0:45312
2019-09-17 10:13:27,110 [main] INFO  impl.MetricsSystemImpl (MetricsSystemImpl.java:init(158)) - HddsDatanode metrics system started (again)
2019-09-17 10:13:27,112 [org.apache.hadoop.util.JvmPauseMonitor$Monitor@66818cfa] INFO  util.JvmPauseMonitor (JvmPauseMonitor.java:run(188)) - Starting JVM pause monitor
2019-09-17 10:13:27,113 [main] INFO  ozone.HddsDatanodeService (HddsDatanodeService.java:start(184)) - HddsDatanodeService host:pr-hdds-2110-rdjw6-11158954 ip:192.168.34.37
2019-09-17 10:13:27,115 [Datanode State Machine Thread - 0] INFO  datanode.InitDatanodeState (InitDatanodeState.java:persistContainerDatanodeDetails(140)) - DatanodeDetails is persisted to /workdir/hadoop-ozone/integration-test/target/test-dir/MiniOzoneClusterImpl-79292457-8b46-4756-affc-c3b1963f1051/datanode-2/meta/datanode.id
2019-09-17 10:13:27,121 [main] INFO  volume.HddsVolume (HddsVolume.java:<init>(176)) - Creating Volume: /workdir/hadoop-ozone/integration-test/target/test-dir/MiniOzoneClusterImpl-79292457-8b46-4756-affc-c3b1963f1051/datanode-3/data/containers/hdds of  storage type : DISK and capacity : 1482555576320
2019-09-17 10:13:27,122 [main] INFO  volume.VolumeSet (VolumeSet.java:initializeVolumeSet(170)) - Added Volume : /workdir/hadoop-ozone/integration-test/target/test-dir/MiniOzoneClusterImpl-79292457-8b46-4756-affc-c3b1963f1051/datanode-3/data/containers/hdds to VolumeSet
2019-09-17 10:13:27,122 [main] INFO  volume.ThrottledAsyncChecker (ThrottledAsyncChecker.java:schedule(139)) - Scheduling a check for org.apache.hadoop.ozone.container.common.volume.HddsVolume@6342d610
2019-09-17 10:13:27,122 [main] INFO  volume.HddsVolumeChecker (HddsVolumeChecker.java:checkAllVolumes(202)) - Scheduled health check for volume org.apache.hadoop.ozone.container.common.volume.HddsVolume@6342d610
2019-09-17 10:13:27,135 [main] INFO  impl.RaftServerProxy (ConfUtils.java:logGet(43)) - raft.rpc.type = GRPC (default)
2019-09-17 10:13:27,135 [main] INFO  grpc.GrpcFactory (GrpcFactory.java:checkPooledByteBufAllocatorUseCacheForAllThreads(45)) - PERFORMANCE WARNING: useCacheForAllThreads is true that may cause Netty to create a lot garbage objects and, as a result, trigger GC.
	It is recommended to disable useCacheForAllThreads by setting -Dorg.apache.ratis.thirdparty.io.netty.allocator.useCacheForAllThreads=false in command line.
2019-09-17 10:13:27,136 [main] INFO  grpc.GrpcConfigKeys$Server (ConfUtils.java:logGet(43)) - raft.grpc.server.port = 0 (default)
2019-09-17 10:13:27,136 [main] INFO  server.GrpcService (ConfUtils.java:logGet(43)) - raft.grpc.message.size.max = 33570816 (custom)
2019-09-17 10:13:27,136 [main] INFO  server.RaftServerConfigKeys (ConfUtils.java:logGet(43)) - raft.server.log.appender.buffer.byte-limit = 33554432 (custom)
2019-09-17 10:13:27,136 [main] INFO  server.GrpcService (ConfUtils.java:logGet(43)) - raft.grpc.flow.control.window = 1MB (=1048576) (default)
2019-09-17 10:13:27,137 [main] INFO  server.RaftServerConfigKeys (ConfUtils.java:logGet(43)) - raft.server.rpc.request.timeout = 3000ms (default)
2019-09-17 10:13:27,137 [main] INFO  server.RaftServerConfigKeys (ConfUtils.java:logGet(43)) - raft.server.storage.dir = [/workdir/hadoop-ozone/integration-test/target/test-dir/MiniOzoneClusterImpl-79292457-8b46-4756-affc-c3b1963f1051/datanode-3/data/ratis] (custom)
2019-09-17 10:13:27,139 [main] INFO  hdfs.DFSUtil (DFSUtil.java:httpServerTemplateForNNAndJN(1641)) - Starting Web-server for hddsDatanode at: http://0.0.0.0:0
2019-09-17 10:13:27,141 [main] INFO  server.AuthenticationFilter (AuthenticationFilter.java:constructSecretProvider(240)) - Unable to initialize FileSignerSecretProvider, falling back to use random secrets.
2019-09-17 10:13:27,141 [main] WARN  http.HttpRequestLog (HttpRequestLog.java:getRequestLog(97)) - Jetty request log can only be enabled using Log4j
2019-09-17 10:13:27,143 [main] INFO  http.HttpServer2 (HttpServer2.java:addGlobalFilter(975)) - Added global filter 'safety' (class=org.apache.hadoop.http.HttpServer2$QuotingInputFilter)
2019-09-17 10:13:27,144 [main] INFO  http.HttpServer2 (HttpServer2.java:addFilter(948)) - Added filter static_user_filter (class=org.apache.hadoop.http.lib.StaticUserWebFilter$StaticUserFilter) to context hddsDatanode
2019-09-17 10:13:27,145 [main] INFO  http.HttpServer2 (HttpServer2.java:addFilter(958)) - Added filter static_user_filter (class=org.apache.hadoop.http.lib.StaticUserWebFilter$StaticUserFilter) to context static
2019-09-17 10:13:27,145 [main] INFO  http.HttpServer2 (HttpServer2.java:addFilter(958)) - Added filter static_user_filter (class=org.apache.hadoop.http.lib.StaticUserWebFilter$StaticUserFilter) to context logs
2019-09-17 10:13:27,146 [main] INFO  http.HttpServer2 (HttpServer2.java:bindListener(1191)) - Jetty bound to port 45201
2019-09-17 10:13:27,146 [main] INFO  server.Server (Server.java:doStart(351)) - jetty-9.3.24.v20180605, build timestamp: 2018-06-05T17:11:56Z, git hash: 84205aa28f11a4f31f2a3b86d1bba2cc8ab69827
2019-09-17 10:13:27,151 [main] INFO  handler.ContextHandler (ContextHandler.java:doStart(781)) - Started o.e.j.s.ServletContextHandler@74ecacc3{/logs,file:///workdir/hadoop-ozone/integration-test/target/log,AVAILABLE}
2019-09-17 10:13:27,152 [main] INFO  handler.ContextHandler (ContextHandler.java:doStart(781)) - Started o.e.j.s.ServletContextHandler@53b7ce6{/static,jar:file:/home/user/.m2/repository/org/apache/hadoop/hadoop-hdds-container-service/0.5.0-SNAPSHOT/hadoop-hdds-container-service-0.5.0-SNAPSHOT.jar!/webapps/static,AVAILABLE}
2019-09-17 10:13:27,190 [main] INFO  handler.ContextHandler (ContextHandler.java:doStart(781)) - Started o.e.j.w.WebAppContext@7d44a19{/,file:///tmp/jetty-0.0.0.0-45201-hddsDatanode-_-any-7432235000791946221.dir/webapp/,AVAILABLE}{/hddsDatanode}
2019-09-17 10:13:27,192 [main] INFO  server.AbstractConnector (AbstractConnector.java:doStart(278)) - Started ServerConnector@1fb2d5e{HTTP/1.1,[http/1.1]}{0.0.0.0:45201}
2019-09-17 10:13:27,194 [main] INFO  server.Server (Server.java:doStart(419)) - Started @5816ms
2019-09-17 10:13:27,195 [main] WARN  impl.MetricsSystemImpl (MetricsSystemImpl.java:register(276)) - Sink prometheus already exists!
2019-09-17 10:13:27,196 [main] INFO  server.BaseHttpServer (BaseHttpServer.java:updateConnectorAddress(215)) - HTTP server of HDDSDATANODE is listening at http://0.0.0.0:45201
2019-09-17 10:13:27,197 [main] INFO  impl.MetricsSystemImpl (MetricsSystemImpl.java:init(158)) - HddsDatanode metrics system started (again)
2019-09-17 10:13:27,200 [org.apache.hadoop.util.JvmPauseMonitor$Monitor@4ed1e510] INFO  util.JvmPauseMonitor (JvmPauseMonitor.java:run(188)) - Starting JVM pause monitor
2019-09-17 10:13:27,204 [main] INFO  ozone.HddsDatanodeService (HddsDatanodeService.java:start(184)) - HddsDatanodeService host:pr-hdds-2110-rdjw6-11158954 ip:192.168.34.37
2019-09-17 10:13:27,205 [Datanode State Machine Thread - 0] INFO  datanode.InitDatanodeState (InitDatanodeState.java:persistContainerDatanodeDetails(140)) - DatanodeDetails is persisted to /workdir/hadoop-ozone/integration-test/target/test-dir/MiniOzoneClusterImpl-79292457-8b46-4756-affc-c3b1963f1051/datanode-3/meta/datanode.id
2019-09-17 10:13:27,218 [main] INFO  volume.HddsVolume (HddsVolume.java:<init>(176)) - Creating Volume: /workdir/hadoop-ozone/integration-test/target/test-dir/MiniOzoneClusterImpl-79292457-8b46-4756-affc-c3b1963f1051/datanode-4/data/containers/hdds of  storage type : DISK and capacity : 1482555576320
2019-09-17 10:13:27,219 [main] INFO  volume.VolumeSet (VolumeSet.java:initializeVolumeSet(170)) - Added Volume : /workdir/hadoop-ozone/integration-test/target/test-dir/MiniOzoneClusterImpl-79292457-8b46-4756-affc-c3b1963f1051/datanode-4/data/containers/hdds to VolumeSet
2019-09-17 10:13:27,219 [main] INFO  volume.ThrottledAsyncChecker (ThrottledAsyncChecker.java:schedule(139)) - Scheduling a check for org.apache.hadoop.ozone.container.common.volume.HddsVolume@44f24a20
2019-09-17 10:13:27,220 [main] INFO  volume.HddsVolumeChecker (HddsVolumeChecker.java:checkAllVolumes(202)) - Scheduled health check for volume org.apache.hadoop.ozone.container.common.volume.HddsVolume@44f24a20
2019-09-17 10:13:27,239 [main] INFO  impl.RaftServerProxy (ConfUtils.java:logGet(43)) - raft.rpc.type = GRPC (default)
2019-09-17 10:13:27,239 [main] INFO  grpc.GrpcFactory (GrpcFactory.java:checkPooledByteBufAllocatorUseCacheForAllThreads(45)) - PERFORMANCE WARNING: useCacheForAllThreads is true that may cause Netty to create a lot garbage objects and, as a result, trigger GC.
	It is recommended to disable useCacheForAllThreads by setting -Dorg.apache.ratis.thirdparty.io.netty.allocator.useCacheForAllThreads=false in command line.
2019-09-17 10:13:27,240 [main] INFO  grpc.GrpcConfigKeys$Server (ConfUtils.java:logGet(43)) - raft.grpc.server.port = 0 (default)
2019-09-17 10:13:27,240 [main] INFO  server.GrpcService (ConfUtils.java:logGet(43)) - raft.grpc.message.size.max = 33570816 (custom)
2019-09-17 10:13:27,240 [main] INFO  server.RaftServerConfigKeys (ConfUtils.java:logGet(43)) - raft.server.log.appender.buffer.byte-limit = 33554432 (custom)
2019-09-17 10:13:27,241 [main] INFO  server.GrpcService (ConfUtils.java:logGet(43)) - raft.grpc.flow.control.window = 1MB (=1048576) (default)
2019-09-17 10:13:27,241 [main] INFO  server.RaftServerConfigKeys (ConfUtils.java:logGet(43)) - raft.server.rpc.request.timeout = 3000ms (default)
2019-09-17 10:13:27,242 [main] INFO  server.RaftServerConfigKeys (ConfUtils.java:logGet(43)) - raft.server.storage.dir = [/workdir/hadoop-ozone/integration-test/target/test-dir/MiniOzoneClusterImpl-79292457-8b46-4756-affc-c3b1963f1051/datanode-4/data/ratis] (custom)
2019-09-17 10:13:27,244 [main] INFO  hdfs.DFSUtil (DFSUtil.java:httpServerTemplateForNNAndJN(1641)) - Starting Web-server for hddsDatanode at: http://0.0.0.0:0
2019-09-17 10:13:27,246 [main] INFO  server.AuthenticationFilter (AuthenticationFilter.java:constructSecretProvider(240)) - Unable to initialize FileSignerSecretProvider, falling back to use random secrets.
2019-09-17 10:13:27,247 [main] WARN  http.HttpRequestLog (HttpRequestLog.java:getRequestLog(97)) - Jetty request log can only be enabled using Log4j
2019-09-17 10:13:27,250 [main] INFO  http.HttpServer2 (HttpServer2.java:addGlobalFilter(975)) - Added global filter 'safety' (class=org.apache.hadoop.http.HttpServer2$QuotingInputFilter)
2019-09-17 10:13:27,251 [main] INFO  http.HttpServer2 (HttpServer2.java:addFilter(948)) - Added filter static_user_filter (class=org.apache.hadoop.http.lib.StaticUserWebFilter$StaticUserFilter) to context hddsDatanode
2019-09-17 10:13:27,251 [main] INFO  http.HttpServer2 (HttpServer2.java:addFilter(958)) - Added filter static_user_filter (class=org.apache.hadoop.http.lib.StaticUserWebFilter$StaticUserFilter) to context static
2019-09-17 10:13:27,251 [main] INFO  http.HttpServer2 (HttpServer2.java:addFilter(958)) - Added filter static_user_filter (class=org.apache.hadoop.http.lib.StaticUserWebFilter$StaticUserFilter) to context logs
2019-09-17 10:13:27,253 [main] INFO  http.HttpServer2 (HttpServer2.java:bindListener(1191)) - Jetty bound to port 35050
2019-09-17 10:13:27,253 [main] INFO  server.Server (Server.java:doStart(351)) - jetty-9.3.24.v20180605, build timestamp: 2018-06-05T17:11:56Z, git hash: 84205aa28f11a4f31f2a3b86d1bba2cc8ab69827
2019-09-17 10:13:27,256 [main] INFO  handler.ContextHandler (ContextHandler.java:doStart(781)) - Started o.e.j.s.ServletContextHandler@333c8791{/logs,file:///workdir/hadoop-ozone/integration-test/target/log,AVAILABLE}
2019-09-17 10:13:27,257 [main] INFO  handler.ContextHandler (ContextHandler.java:doStart(781)) - Started o.e.j.s.ServletContextHandler@22eaa86e{/static,jar:file:/home/user/.m2/repository/org/apache/hadoop/hadoop-hdds-container-service/0.5.0-SNAPSHOT/hadoop-hdds-container-service-0.5.0-SNAPSHOT.jar!/webapps/static,AVAILABLE}
2019-09-17 10:13:27,298 [main] INFO  handler.ContextHandler (ContextHandler.java:doStart(781)) - Started o.e.j.w.WebAppContext@a5272be{/,file:///tmp/jetty-0.0.0.0-35050-hddsDatanode-_-any-5785038400531822151.dir/webapp/,AVAILABLE}{/hddsDatanode}
2019-09-17 10:13:27,299 [main] INFO  server.AbstractConnector (AbstractConnector.java:doStart(278)) - Started ServerConnector@58ba5b30{HTTP/1.1,[http/1.1]}{0.0.0.0:35050}
2019-09-17 10:13:27,300 [main] INFO  server.Server (Server.java:doStart(419)) - Started @5922ms
2019-09-17 10:13:27,301 [main] WARN  impl.MetricsSystemImpl (MetricsSystemImpl.java:register(276)) - Sink prometheus already exists!
2019-09-17 10:13:27,301 [main] INFO  server.BaseHttpServer (BaseHttpServer.java:updateConnectorAddress(215)) - HTTP server of HDDSDATANODE is listening at http://0.0.0.0:35050
2019-09-17 10:13:27,302 [main] INFO  impl.MetricsSystemImpl (MetricsSystemImpl.java:init(158)) - HddsDatanode metrics system started (again)
2019-09-17 10:13:27,306 [org.apache.hadoop.util.JvmPauseMonitor$Monitor@19865c6] INFO  util.JvmPauseMonitor (JvmPauseMonitor.java:run(188)) - Starting JVM pause monitor
2019-09-17 10:13:27,306 [main] INFO  ozone.HddsDatanodeService (HddsDatanodeService.java:start(184)) - HddsDatanodeService host:pr-hdds-2110-rdjw6-11158954 ip:192.168.34.37
2019-09-17 10:13:27,310 [Datanode State Machine Thread - 0] INFO  datanode.InitDatanodeState (InitDatanodeState.java:persistContainerDatanodeDetails(140)) - DatanodeDetails is persisted to /workdir/hadoop-ozone/integration-test/target/test-dir/MiniOzoneClusterImpl-79292457-8b46-4756-affc-c3b1963f1051/datanode-4/meta/datanode.id
2019-09-17 10:13:27,315 [main] INFO  volume.HddsVolume (HddsVolume.java:<init>(176)) - Creating Volume: /workdir/hadoop-ozone/integration-test/target/test-dir/MiniOzoneClusterImpl-79292457-8b46-4756-affc-c3b1963f1051/datanode-5/data/containers/hdds of  storage type : DISK and capacity : 1482555576320
2019-09-17 10:13:27,316 [main] INFO  volume.VolumeSet (VolumeSet.java:initializeVolumeSet(170)) - Added Volume : /workdir/hadoop-ozone/integration-test/target/test-dir/MiniOzoneClusterImpl-79292457-8b46-4756-affc-c3b1963f1051/datanode-5/data/containers/hdds to VolumeSet
2019-09-17 10:13:27,316 [main] INFO  volume.ThrottledAsyncChecker (ThrottledAsyncChecker.java:schedule(139)) - Scheduling a check for org.apache.hadoop.ozone.container.common.volume.HddsVolume@127a7272
2019-09-17 10:13:27,317 [main] INFO  volume.HddsVolumeChecker (HddsVolumeChecker.java:checkAllVolumes(202)) - Scheduled health check for volume org.apache.hadoop.ozone.container.common.volume.HddsVolume@127a7272
2019-09-17 10:13:27,336 [main] INFO  impl.RaftServerProxy (ConfUtils.java:logGet(43)) - raft.rpc.type = GRPC (default)
2019-09-17 10:13:27,336 [main] INFO  grpc.GrpcFactory (GrpcFactory.java:checkPooledByteBufAllocatorUseCacheForAllThreads(45)) - PERFORMANCE WARNING: useCacheForAllThreads is true that may cause Netty to create a lot garbage objects and, as a result, trigger GC.
	It is recommended to disable useCacheForAllThreads by setting -Dorg.apache.ratis.thirdparty.io.netty.allocator.useCacheForAllThreads=false in command line.
2019-09-17 10:13:27,336 [main] INFO  grpc.GrpcConfigKeys$Server (ConfUtils.java:logGet(43)) - raft.grpc.server.port = 0 (default)
2019-09-17 10:13:27,337 [main] INFO  server.GrpcService (ConfUtils.java:logGet(43)) - raft.grpc.message.size.max = 33570816 (custom)
2019-09-17 10:13:27,337 [main] INFO  server.RaftServerConfigKeys (ConfUtils.java:logGet(43)) - raft.server.log.appender.buffer.byte-limit = 33554432 (custom)
2019-09-17 10:13:27,337 [main] INFO  server.GrpcService (ConfUtils.java:logGet(43)) - raft.grpc.flow.control.window = 1MB (=1048576) (default)
2019-09-17 10:13:27,337 [main] INFO  server.RaftServerConfigKeys (ConfUtils.java:logGet(43)) - raft.server.rpc.request.timeout = 3000ms (default)
2019-09-17 10:13:27,338 [main] INFO  server.RaftServerConfigKeys (ConfUtils.java:logGet(43)) - raft.server.storage.dir = [/workdir/hadoop-ozone/integration-test/target/test-dir/MiniOzoneClusterImpl-79292457-8b46-4756-affc-c3b1963f1051/datanode-5/data/ratis] (custom)
2019-09-17 10:13:27,340 [main] INFO  hdfs.DFSUtil (DFSUtil.java:httpServerTemplateForNNAndJN(1641)) - Starting Web-server for hddsDatanode at: http://0.0.0.0:0
2019-09-17 10:13:27,341 [main] INFO  server.AuthenticationFilter (AuthenticationFilter.java:constructSecretProvider(240)) - Unable to initialize FileSignerSecretProvider, falling back to use random secrets.
2019-09-17 10:13:27,342 [main] WARN  http.HttpRequestLog (HttpRequestLog.java:getRequestLog(97)) - Jetty request log can only be enabled using Log4j
2019-09-17 10:13:27,343 [main] INFO  http.HttpServer2 (HttpServer2.java:addGlobalFilter(975)) - Added global filter 'safety' (class=org.apache.hadoop.http.HttpServer2$QuotingInputFilter)
2019-09-17 10:13:27,344 [main] INFO  http.HttpServer2 (HttpServer2.java:addFilter(948)) - Added filter static_user_filter (class=org.apache.hadoop.http.lib.StaticUserWebFilter$StaticUserFilter) to context hddsDatanode
2019-09-17 10:13:27,344 [main] INFO  http.HttpServer2 (HttpServer2.java:addFilter(958)) - Added filter static_user_filter (class=org.apache.hadoop.http.lib.StaticUserWebFilter$StaticUserFilter) to context logs
2019-09-17 10:13:27,344 [main] INFO  http.HttpServer2 (HttpServer2.java:addFilter(958)) - Added filter static_user_filter (class=org.apache.hadoop.http.lib.StaticUserWebFilter$StaticUserFilter) to context static
2019-09-17 10:13:27,345 [main] INFO  http.HttpServer2 (HttpServer2.java:bindListener(1191)) - Jetty bound to port 41025
2019-09-17 10:13:27,345 [main] INFO  server.Server (Server.java:doStart(351)) - jetty-9.3.24.v20180605, build timestamp: 2018-06-05T17:11:56Z, git hash: 84205aa28f11a4f31f2a3b86d1bba2cc8ab69827
2019-09-17 10:13:27,347 [main] INFO  handler.ContextHandler (ContextHandler.java:doStart(781)) - Started o.e.j.s.ServletContextHandler@4596f8f3{/logs,file:///workdir/hadoop-ozone/integration-test/target/log,AVAILABLE}
2019-09-17 10:13:27,347 [main] INFO  handler.ContextHandler (ContextHandler.java:doStart(781)) - Started o.e.j.s.ServletContextHandler@117d32e{/static,jar:file:/home/user/.m2/repository/org/apache/hadoop/hadoop-hdds-container-service/0.5.0-SNAPSHOT/hadoop-hdds-container-service-0.5.0-SNAPSHOT.jar!/webapps/static,AVAILABLE}
2019-09-17 10:13:27,385 [main] INFO  handler.ContextHandler (ContextHandler.java:doStart(781)) - Started o.e.j.w.WebAppContext@272ce069{/,file:///tmp/jetty-0.0.0.0-41025-hddsDatanode-_-any-7708782435718210004.dir/webapp/,AVAILABLE}{/hddsDatanode}
2019-09-17 10:13:27,387 [main] INFO  server.AbstractConnector (AbstractConnector.java:doStart(278)) - Started ServerConnector@3d7fb838{HTTP/1.1,[http/1.1]}{0.0.0.0:41025}
2019-09-17 10:13:27,387 [main] INFO  server.Server (Server.java:doStart(419)) - Started @6009ms
2019-09-17 10:13:27,388 [main] WARN  impl.MetricsSystemImpl (MetricsSystemImpl.java:register(276)) - Sink prometheus already exists!
2019-09-17 10:13:27,389 [main] INFO  server.BaseHttpServer (BaseHttpServer.java:updateConnectorAddress(215)) - HTTP server of HDDSDATANODE is listening at http://0.0.0.0:41025
2019-09-17 10:13:27,389 [main] INFO  impl.MetricsSystemImpl (MetricsSystemImpl.java:init(158)) - HddsDatanode metrics system started (again)
2019-09-17 10:13:27,393 [org.apache.hadoop.util.JvmPauseMonitor$Monitor@72ab4af9] INFO  util.JvmPauseMonitor (JvmPauseMonitor.java:run(188)) - Starting JVM pause monitor
2019-09-17 10:13:27,394 [main] INFO  ozone.HddsDatanodeService (HddsDatanodeService.java:start(184)) - HddsDatanodeService host:pr-hdds-2110-rdjw6-11158954 ip:192.168.34.37
2019-09-17 10:13:27,397 [Datanode State Machine Thread - 0] INFO  datanode.InitDatanodeState (InitDatanodeState.java:persistContainerDatanodeDetails(140)) - DatanodeDetails is persisted to /workdir/hadoop-ozone/integration-test/target/test-dir/MiniOzoneClusterImpl-79292457-8b46-4756-affc-c3b1963f1051/datanode-5/meta/datanode.id
2019-09-17 10:13:27,404 [main] INFO  volume.HddsVolume (HddsVolume.java:<init>(176)) - Creating Volume: /workdir/hadoop-ozone/integration-test/target/test-dir/MiniOzoneClusterImpl-79292457-8b46-4756-affc-c3b1963f1051/datanode-6/data/containers/hdds of  storage type : DISK and capacity : 1482555576320
2019-09-17 10:13:27,404 [main] INFO  volume.VolumeSet (VolumeSet.java:initializeVolumeSet(170)) - Added Volume : /workdir/hadoop-ozone/integration-test/target/test-dir/MiniOzoneClusterImpl-79292457-8b46-4756-affc-c3b1963f1051/datanode-6/data/containers/hdds to VolumeSet
2019-09-17 10:13:27,404 [main] INFO  volume.ThrottledAsyncChecker (ThrottledAsyncChecker.java:schedule(139)) - Scheduling a check for org.apache.hadoop.ozone.container.common.volume.HddsVolume@2dc3271b
2019-09-17 10:13:27,405 [main] INFO  volume.HddsVolumeChecker (HddsVolumeChecker.java:checkAllVolumes(202)) - Scheduled health check for volume org.apache.hadoop.ozone.container.common.volume.HddsVolume@2dc3271b
2019-09-17 10:13:27,421 [main] INFO  impl.RaftServerProxy (ConfUtils.java:logGet(43)) - raft.rpc.type = GRPC (default)
2019-09-17 10:13:27,422 [main] INFO  grpc.GrpcFactory (GrpcFactory.java:checkPooledByteBufAllocatorUseCacheForAllThreads(45)) - PERFORMANCE WARNING: useCacheForAllThreads is true that may cause Netty to create a lot garbage objects and, as a result, trigger GC.
	It is recommended to disable useCacheForAllThreads by setting -Dorg.apache.ratis.thirdparty.io.netty.allocator.useCacheForAllThreads=false in command line.
2019-09-17 10:13:27,422 [main] INFO  grpc.GrpcConfigKeys$Server (ConfUtils.java:logGet(43)) - raft.grpc.server.port = 0 (default)
2019-09-17 10:13:27,422 [main] INFO  server.GrpcService (ConfUtils.java:logGet(43)) - raft.grpc.message.size.max = 33570816 (custom)
2019-09-17 10:13:27,423 [main] INFO  server.RaftServerConfigKeys (ConfUtils.java:logGet(43)) - raft.server.log.appender.buffer.byte-limit = 33554432 (custom)
2019-09-17 10:13:27,423 [main] INFO  server.GrpcService (ConfUtils.java:logGet(43)) - raft.grpc.flow.control.window = 1MB (=1048576) (default)
2019-09-17 10:13:27,423 [main] INFO  server.RaftServerConfigKeys (ConfUtils.java:logGet(43)) - raft.server.rpc.request.timeout = 3000ms (default)
2019-09-17 10:13:27,424 [main] INFO  server.RaftServerConfigKeys (ConfUtils.java:logGet(43)) - raft.server.storage.dir = [/workdir/hadoop-ozone/integration-test/target/test-dir/MiniOzoneClusterImpl-79292457-8b46-4756-affc-c3b1963f1051/datanode-6/data/ratis] (custom)
2019-09-17 10:13:27,426 [main] INFO  hdfs.DFSUtil (DFSUtil.java:httpServerTemplateForNNAndJN(1641)) - Starting Web-server for hddsDatanode at: http://0.0.0.0:0
2019-09-17 10:13:27,428 [main] INFO  server.AuthenticationFilter (AuthenticationFilter.java:constructSecretProvider(240)) - Unable to initialize FileSignerSecretProvider, falling back to use random secrets.
2019-09-17 10:13:27,428 [main] WARN  http.HttpRequestLog (HttpRequestLog.java:getRequestLog(97)) - Jetty request log can only be enabled using Log4j
2019-09-17 10:13:27,431 [main] INFO  http.HttpServer2 (HttpServer2.java:addGlobalFilter(975)) - Added global filter 'safety' (class=org.apache.hadoop.http.HttpServer2$QuotingInputFilter)
2019-09-17 10:13:27,432 [main] INFO  http.HttpServer2 (HttpServer2.java:addFilter(948)) - Added filter static_user_filter (class=org.apache.hadoop.http.lib.StaticUserWebFilter$StaticUserFilter) to context hddsDatanode
2019-09-17 10:13:27,432 [main] INFO  http.HttpServer2 (HttpServer2.java:addFilter(958)) - Added filter static_user_filter (class=org.apache.hadoop.http.lib.StaticUserWebFilter$StaticUserFilter) to context logs
2019-09-17 10:13:27,432 [main] INFO  http.HttpServer2 (HttpServer2.java:addFilter(958)) - Added filter static_user_filter (class=org.apache.hadoop.http.lib.StaticUserWebFilter$StaticUserFilter) to context static
2019-09-17 10:13:27,433 [main] INFO  http.HttpServer2 (HttpServer2.java:bindListener(1191)) - Jetty bound to port 46807
2019-09-17 10:13:27,433 [main] INFO  server.Server (Server.java:doStart(351)) - jetty-9.3.24.v20180605, build timestamp: 2018-06-05T17:11:56Z, git hash: 84205aa28f11a4f31f2a3b86d1bba2cc8ab69827
2019-09-17 10:13:27,435 [main] INFO  handler.ContextHandler (ContextHandler.java:doStart(781)) - Started o.e.j.s.ServletContextHandler@1a22e0ef{/logs,file:///workdir/hadoop-ozone/integration-test/target/log,AVAILABLE}
2019-09-17 10:13:27,436 [main] INFO  handler.ContextHandler (ContextHandler.java:doStart(781)) - Started o.e.j.s.ServletContextHandler@3b920bdc{/static,jar:file:/home/user/.m2/repository/org/apache/hadoop/hadoop-hdds-container-service/0.5.0-SNAPSHOT/hadoop-hdds-container-service-0.5.0-SNAPSHOT.jar!/webapps/static,AVAILABLE}
2019-09-17 10:13:27,475 [main] INFO  handler.ContextHandler (ContextHandler.java:doStart(781)) - Started o.e.j.w.WebAppContext@6e4c0d8c{/,file:///tmp/jetty-0.0.0.0-46807-hddsDatanode-_-any-1699636266148471775.dir/webapp/,AVAILABLE}{/hddsDatanode}
2019-09-17 10:13:27,476 [main] INFO  server.AbstractConnector (AbstractConnector.java:doStart(278)) - Started ServerConnector@3e3315d9{HTTP/1.1,[http/1.1]}{0.0.0.0:46807}
2019-09-17 10:13:27,477 [main] INFO  server.Server (Server.java:doStart(419)) - Started @6098ms
2019-09-17 10:13:27,477 [main] WARN  impl.MetricsSystemImpl (MetricsSystemImpl.java:register(276)) - Sink prometheus already exists!
2019-09-17 10:13:27,478 [main] INFO  server.BaseHttpServer (BaseHttpServer.java:updateConnectorAddress(215)) - HTTP server of HDDSDATANODE is listening at http://0.0.0.0:46807
2019-09-17 10:13:27,478 [main] INFO  impl.MetricsSystemImpl (MetricsSystemImpl.java:init(158)) - HddsDatanode metrics system started (again)
2019-09-17 10:13:27,482 [org.apache.hadoop.util.JvmPauseMonitor$Monitor@34b5fc78] INFO  util.JvmPauseMonitor (JvmPauseMonitor.java:run(188)) - Starting JVM pause monitor
2019-09-17 10:13:27,484 [main] INFO  ozone.HddsDatanodeService (HddsDatanodeService.java:start(184)) - HddsDatanodeService host:pr-hdds-2110-rdjw6-11158954 ip:192.168.34.37
2019-09-17 10:13:27,485 [Datanode State Machine Thread - 0] INFO  datanode.InitDatanodeState (InitDatanodeState.java:persistContainerDatanodeDetails(140)) - DatanodeDetails is persisted to /workdir/hadoop-ozone/integration-test/target/test-dir/MiniOzoneClusterImpl-79292457-8b46-4756-affc-c3b1963f1051/datanode-6/meta/datanode.id
2019-09-17 10:13:27,492 [main] INFO  volume.HddsVolume (HddsVolume.java:<init>(176)) - Creating Volume: /workdir/hadoop-ozone/integration-test/target/test-dir/MiniOzoneClusterImpl-79292457-8b46-4756-affc-c3b1963f1051/datanode-7/data/containers/hdds of  storage type : DISK and capacity : 1482555576320
2019-09-17 10:13:27,492 [main] INFO  volume.VolumeSet (VolumeSet.java:initializeVolumeSet(170)) - Added Volume : /workdir/hadoop-ozone/integration-test/target/test-dir/MiniOzoneClusterImpl-79292457-8b46-4756-affc-c3b1963f1051/datanode-7/data/containers/hdds to VolumeSet
2019-09-17 10:13:27,492 [main] INFO  volume.ThrottledAsyncChecker (ThrottledAsyncChecker.java:schedule(139)) - Scheduling a check for org.apache.hadoop.ozone.container.common.volume.HddsVolume@6d6bbd35
2019-09-17 10:13:27,493 [main] INFO  volume.HddsVolumeChecker (HddsVolumeChecker.java:checkAllVolumes(202)) - Scheduled health check for volume org.apache.hadoop.ozone.container.common.volume.HddsVolume@6d6bbd35
2019-09-17 10:13:27,510 [main] INFO  impl.RaftServerProxy (ConfUtils.java:logGet(43)) - raft.rpc.type = GRPC (default)
2019-09-17 10:13:27,510 [main] INFO  grpc.GrpcFactory (GrpcFactory.java:checkPooledByteBufAllocatorUseCacheForAllThreads(45)) - PERFORMANCE WARNING: useCacheForAllThreads is true that may cause Netty to create a lot garbage objects and, as a result, trigger GC.
	It is recommended to disable useCacheForAllThreads by setting -Dorg.apache.ratis.thirdparty.io.netty.allocator.useCacheForAllThreads=false in command line.
2019-09-17 10:13:27,510 [main] INFO  grpc.GrpcConfigKeys$Server (ConfUtils.java:logGet(43)) - raft.grpc.server.port = 0 (default)
2019-09-17 10:13:27,510 [main] INFO  server.GrpcService (ConfUtils.java:logGet(43)) - raft.grpc.message.size.max = 33570816 (custom)
2019-09-17 10:13:27,511 [main] INFO  server.RaftServerConfigKeys (ConfUtils.java:logGet(43)) - raft.server.log.appender.buffer.byte-limit = 33554432 (custom)
2019-09-17 10:13:27,511 [main] INFO  server.GrpcService (ConfUtils.java:logGet(43)) - raft.grpc.flow.control.window = 1MB (=1048576) (default)
2019-09-17 10:13:27,511 [main] INFO  server.RaftServerConfigKeys (ConfUtils.java:logGet(43)) - raft.server.rpc.request.timeout = 3000ms (default)
2019-09-17 10:13:27,512 [main] INFO  server.RaftServerConfigKeys (ConfUtils.java:logGet(43)) - raft.server.storage.dir = [/workdir/hadoop-ozone/integration-test/target/test-dir/MiniOzoneClusterImpl-79292457-8b46-4756-affc-c3b1963f1051/datanode-7/data/ratis] (custom)
2019-09-17 10:13:27,513 [main] INFO  hdfs.DFSUtil (DFSUtil.java:httpServerTemplateForNNAndJN(1641)) - Starting Web-server for hddsDatanode at: http://0.0.0.0:0
2019-09-17 10:13:27,515 [main] INFO  server.AuthenticationFilter (AuthenticationFilter.java:constructSecretProvider(240)) - Unable to initialize FileSignerSecretProvider, falling back to use random secrets.
2019-09-17 10:13:27,515 [main] WARN  http.HttpRequestLog (HttpRequestLog.java:getRequestLog(97)) - Jetty request log can only be enabled using Log4j
2019-09-17 10:13:27,517 [main] INFO  http.HttpServer2 (HttpServer2.java:addGlobalFilter(975)) - Added global filter 'safety' (class=org.apache.hadoop.http.HttpServer2$QuotingInputFilter)
2019-09-17 10:13:27,518 [main] INFO  http.HttpServer2 (HttpServer2.java:addFilter(948)) - Added filter static_user_filter (class=org.apache.hadoop.http.lib.StaticUserWebFilter$StaticUserFilter) to context hddsDatanode
2019-09-17 10:13:27,518 [main] INFO  http.HttpServer2 (HttpServer2.java:addFilter(958)) - Added filter static_user_filter (class=org.apache.hadoop.http.lib.StaticUserWebFilter$StaticUserFilter) to context static
2019-09-17 10:13:27,518 [main] INFO  http.HttpServer2 (HttpServer2.java:addFilter(958)) - Added filter static_user_filter (class=org.apache.hadoop.http.lib.StaticUserWebFilter$StaticUserFilter) to context logs
2019-09-17 10:13:27,519 [main] INFO  http.HttpServer2 (HttpServer2.java:bindListener(1191)) - Jetty bound to port 39964
2019-09-17 10:13:27,519 [main] INFO  server.Server (Server.java:doStart(351)) - jetty-9.3.24.v20180605, build timestamp: 2018-06-05T17:11:56Z, git hash: 84205aa28f11a4f31f2a3b86d1bba2cc8ab69827
2019-09-17 10:13:27,521 [main] INFO  handler.ContextHandler (ContextHandler.java:doStart(781)) - Started o.e.j.s.ServletContextHandler@7a81065e{/logs,file:///workdir/hadoop-ozone/integration-test/target/log,AVAILABLE}
2019-09-17 10:13:27,522 [main] INFO  handler.ContextHandler (ContextHandler.java:doStart(781)) - Started o.e.j.s.ServletContextHandler@75181b50{/static,jar:file:/home/user/.m2/repository/org/apache/hadoop/hadoop-hdds-container-service/0.5.0-SNAPSHOT/hadoop-hdds-container-service-0.5.0-SNAPSHOT.jar!/webapps/static,AVAILABLE}
2019-09-17 10:13:27,552 [main] INFO  handler.ContextHandler (ContextHandler.java:doStart(781)) - Started o.e.j.w.WebAppContext@2f4e40d7{/,file:///tmp/jetty-0.0.0.0-39964-hddsDatanode-_-any-1281189978857080329.dir/webapp/,AVAILABLE}{/hddsDatanode}
2019-09-17 10:13:27,553 [main] INFO  server.AbstractConnector (AbstractConnector.java:doStart(278)) - Started ServerConnector@60e9c3a5{HTTP/1.1,[http/1.1]}{0.0.0.0:39964}
2019-09-17 10:13:27,554 [main] INFO  server.Server (Server.java:doStart(419)) - Started @6176ms
2019-09-17 10:13:27,554 [main] WARN  impl.MetricsSystemImpl (MetricsSystemImpl.java:register(276)) - Sink prometheus already exists!
2019-09-17 10:13:27,555 [main] INFO  server.BaseHttpServer (BaseHttpServer.java:updateConnectorAddress(215)) - HTTP server of HDDSDATANODE is listening at http://0.0.0.0:39964
2019-09-17 10:13:27,555 [main] INFO  impl.MetricsSystemImpl (MetricsSystemImpl.java:init(158)) - HddsDatanode metrics system started (again)
2019-09-17 10:13:27,560 [org.apache.hadoop.util.JvmPauseMonitor$Monitor@3adbe250] INFO  util.JvmPauseMonitor (JvmPauseMonitor.java:run(188)) - Starting JVM pause monitor
2019-09-17 10:13:27,560 [main] INFO  ozone.HddsDatanodeService (HddsDatanodeService.java:start(184)) - HddsDatanodeService host:pr-hdds-2110-rdjw6-11158954 ip:192.168.34.37
2019-09-17 10:13:27,563 [Datanode State Machine Thread - 0] INFO  datanode.InitDatanodeState (InitDatanodeState.java:persistContainerDatanodeDetails(140)) - DatanodeDetails is persisted to /workdir/hadoop-ozone/integration-test/target/test-dir/MiniOzoneClusterImpl-79292457-8b46-4756-affc-c3b1963f1051/datanode-7/meta/datanode.id
2019-09-17 10:13:27,571 [main] INFO  volume.HddsVolume (HddsVolume.java:<init>(176)) - Creating Volume: /workdir/hadoop-ozone/integration-test/target/test-dir/MiniOzoneClusterImpl-79292457-8b46-4756-affc-c3b1963f1051/datanode-8/data/containers/hdds of  storage type : DISK and capacity : 1482555576320
2019-09-17 10:13:27,571 [main] INFO  volume.VolumeSet (VolumeSet.java:initializeVolumeSet(170)) - Added Volume : /workdir/hadoop-ozone/integration-test/target/test-dir/MiniOzoneClusterImpl-79292457-8b46-4756-affc-c3b1963f1051/datanode-8/data/containers/hdds to VolumeSet
2019-09-17 10:13:27,572 [main] INFO  volume.ThrottledAsyncChecker (ThrottledAsyncChecker.java:schedule(139)) - Scheduling a check for org.apache.hadoop.ozone.container.common.volume.HddsVolume@1947596f
2019-09-17 10:13:27,572 [main] INFO  volume.HddsVolumeChecker (HddsVolumeChecker.java:checkAllVolumes(202)) - Scheduled health check for volume org.apache.hadoop.ozone.container.common.volume.HddsVolume@1947596f
2019-09-17 10:13:27,592 [main] INFO  impl.RaftServerProxy (ConfUtils.java:logGet(43)) - raft.rpc.type = GRPC (default)
2019-09-17 10:13:27,592 [main] INFO  grpc.GrpcFactory (GrpcFactory.java:checkPooledByteBufAllocatorUseCacheForAllThreads(45)) - PERFORMANCE WARNING: useCacheForAllThreads is true that may cause Netty to create a lot garbage objects and, as a result, trigger GC.
	It is recommended to disable useCacheForAllThreads by setting -Dorg.apache.ratis.thirdparty.io.netty.allocator.useCacheForAllThreads=false in command line.
2019-09-17 10:13:27,593 [main] INFO  grpc.GrpcConfigKeys$Server (ConfUtils.java:logGet(43)) - raft.grpc.server.port = 0 (default)
2019-09-17 10:13:27,593 [main] INFO  server.GrpcService (ConfUtils.java:logGet(43)) - raft.grpc.message.size.max = 33570816 (custom)
2019-09-17 10:13:27,593 [main] INFO  server.RaftServerConfigKeys (ConfUtils.java:logGet(43)) - raft.server.log.appender.buffer.byte-limit = 33554432 (custom)
2019-09-17 10:13:27,594 [main] INFO  server.GrpcService (ConfUtils.java:logGet(43)) - raft.grpc.flow.control.window = 1MB (=1048576) (default)
2019-09-17 10:13:27,594 [main] INFO  server.RaftServerConfigKeys (ConfUtils.java:logGet(43)) - raft.server.rpc.request.timeout = 3000ms (default)
2019-09-17 10:13:27,595 [main] INFO  server.RaftServerConfigKeys (ConfUtils.java:logGet(43)) - raft.server.storage.dir = [/workdir/hadoop-ozone/integration-test/target/test-dir/MiniOzoneClusterImpl-79292457-8b46-4756-affc-c3b1963f1051/datanode-8/data/ratis] (custom)
2019-09-17 10:13:27,597 [main] INFO  hdfs.DFSUtil (DFSUtil.java:httpServerTemplateForNNAndJN(1641)) - Starting Web-server for hddsDatanode at: http://0.0.0.0:0
2019-09-17 10:13:27,599 [main] INFO  server.AuthenticationFilter (AuthenticationFilter.java:constructSecretProvider(240)) - Unable to initialize FileSignerSecretProvider, falling back to use random secrets.
2019-09-17 10:13:27,600 [main] WARN  http.HttpRequestLog (HttpRequestLog.java:getRequestLog(97)) - Jetty request log can only be enabled using Log4j
2019-09-17 10:13:27,601 [main] INFO  http.HttpServer2 (HttpServer2.java:addGlobalFilter(975)) - Added global filter 'safety' (class=org.apache.hadoop.http.HttpServer2$QuotingInputFilter)
2019-09-17 10:13:27,602 [main] INFO  http.HttpServer2 (HttpServer2.java:addFilter(948)) - Added filter static_user_filter (class=org.apache.hadoop.http.lib.StaticUserWebFilter$StaticUserFilter) to context hddsDatanode
2019-09-17 10:13:27,602 [main] INFO  http.HttpServer2 (HttpServer2.java:addFilter(958)) - Added filter static_user_filter (class=org.apache.hadoop.http.lib.StaticUserWebFilter$StaticUserFilter) to context logs
2019-09-17 10:13:27,603 [main] INFO  http.HttpServer2 (HttpServer2.java:addFilter(958)) - Added filter static_user_filter (class=org.apache.hadoop.http.lib.StaticUserWebFilter$StaticUserFilter) to context static
2019-09-17 10:13:27,604 [main] INFO  http.HttpServer2 (HttpServer2.java:bindListener(1191)) - Jetty bound to port 44029
2019-09-17 10:13:27,604 [main] INFO  server.Server (Server.java:doStart(351)) - jetty-9.3.24.v20180605, build timestamp: 2018-06-05T17:11:56Z, git hash: 84205aa28f11a4f31f2a3b86d1bba2cc8ab69827
2019-09-17 10:13:27,606 [main] INFO  handler.ContextHandler (ContextHandler.java:doStart(781)) - Started o.e.j.s.ServletContextHandler@30ca0779{/logs,file:///workdir/hadoop-ozone/integration-test/target/log,AVAILABLE}
2019-09-17 10:13:27,606 [main] INFO  handler.ContextHandler (ContextHandler.java:doStart(781)) - Started o.e.j.s.ServletContextHandler@47be0f9b{/static,jar:file:/home/user/.m2/repository/org/apache/hadoop/hadoop-hdds-container-service/0.5.0-SNAPSHOT/hadoop-hdds-container-service-0.5.0-SNAPSHOT.jar!/webapps/static,AVAILABLE}
2019-09-17 10:13:27,643 [main] INFO  handler.ContextHandler (ContextHandler.java:doStart(781)) - Started o.e.j.w.WebAppContext@33063f5b{/,file:///tmp/jetty-0.0.0.0-44029-hddsDatanode-_-any-3931596289119518965.dir/webapp/,AVAILABLE}{/hddsDatanode}
2019-09-17 10:13:27,644 [main] INFO  server.AbstractConnector (AbstractConnector.java:doStart(278)) - Started ServerConnector@15405bd6{HTTP/1.1,[http/1.1]}{0.0.0.0:44029}
2019-09-17 10:13:27,645 [main] INFO  server.Server (Server.java:doStart(419)) - Started @6267ms
2019-09-17 10:13:27,645 [main] WARN  impl.MetricsSystemImpl (MetricsSystemImpl.java:register(276)) - Sink prometheus already exists!
2019-09-17 10:13:27,646 [main] INFO  server.BaseHttpServer (BaseHttpServer.java:updateConnectorAddress(215)) - HTTP server of HDDSDATANODE is listening at http://0.0.0.0:44029
2019-09-17 10:13:27,646 [main] INFO  impl.MetricsSystemImpl (MetricsSystemImpl.java:init(158)) - HddsDatanode metrics system started (again)
2019-09-17 10:13:27,651 [org.apache.hadoop.util.JvmPauseMonitor$Monitor@7621adbe] INFO  util.JvmPauseMonitor (JvmPauseMonitor.java:run(188)) - Starting JVM pause monitor
2019-09-17 10:13:27,653 [main] INFO  ozone.HddsDatanodeService (HddsDatanodeService.java:start(184)) - HddsDatanodeService host:pr-hdds-2110-rdjw6-11158954 ip:192.168.34.37
2019-09-17 10:13:27,654 [Datanode State Machine Thread - 0] INFO  datanode.InitDatanodeState (InitDatanodeState.java:persistContainerDatanodeDetails(140)) - DatanodeDetails is persisted to /workdir/hadoop-ozone/integration-test/target/test-dir/MiniOzoneClusterImpl-79292457-8b46-4756-affc-c3b1963f1051/datanode-8/meta/datanode.id
2019-09-17 10:13:27,664 [main] INFO  volume.HddsVolume (HddsVolume.java:<init>(176)) - Creating Volume: /workdir/hadoop-ozone/integration-test/target/test-dir/MiniOzoneClusterImpl-79292457-8b46-4756-affc-c3b1963f1051/datanode-9/data/containers/hdds of  storage type : DISK and capacity : 1482555576320
2019-09-17 10:13:27,664 [main] INFO  volume.VolumeSet (VolumeSet.java:initializeVolumeSet(170)) - Added Volume : /workdir/hadoop-ozone/integration-test/target/test-dir/MiniOzoneClusterImpl-79292457-8b46-4756-affc-c3b1963f1051/datanode-9/data/containers/hdds to VolumeSet
2019-09-17 10:13:27,665 [main] INFO  volume.ThrottledAsyncChecker (ThrottledAsyncChecker.java:schedule(139)) - Scheduling a check for org.apache.hadoop.ozone.container.common.volume.HddsVolume@765ffb14
2019-09-17 10:13:27,666 [main] INFO  volume.HddsVolumeChecker (HddsVolumeChecker.java:checkAllVolumes(202)) - Scheduled health check for volume org.apache.hadoop.ozone.container.common.volume.HddsVolume@765ffb14
2019-09-17 10:13:27,682 [main] INFO  impl.RaftServerProxy (ConfUtils.java:logGet(43)) - raft.rpc.type = GRPC (default)
2019-09-17 10:13:27,682 [main] INFO  grpc.GrpcFactory (GrpcFactory.java:checkPooledByteBufAllocatorUseCacheForAllThreads(45)) - PERFORMANCE WARNING: useCacheForAllThreads is true that may cause Netty to create a lot garbage objects and, as a result, trigger GC.
	It is recommended to disable useCacheForAllThreads by setting -Dorg.apache.ratis.thirdparty.io.netty.allocator.useCacheForAllThreads=false in command line.
2019-09-17 10:13:27,683 [main] INFO  grpc.GrpcConfigKeys$Server (ConfUtils.java:logGet(43)) - raft.grpc.server.port = 0 (default)
2019-09-17 10:13:27,683 [main] INFO  server.GrpcService (ConfUtils.java:logGet(43)) - raft.grpc.message.size.max = 33570816 (custom)
2019-09-17 10:13:27,684 [main] INFO  server.RaftServerConfigKeys (ConfUtils.java:logGet(43)) - raft.server.log.appender.buffer.byte-limit = 33554432 (custom)
2019-09-17 10:13:27,684 [main] INFO  server.GrpcService (ConfUtils.java:logGet(43)) - raft.grpc.flow.control.window = 1MB (=1048576) (default)
2019-09-17 10:13:27,684 [main] INFO  server.RaftServerConfigKeys (ConfUtils.java:logGet(43)) - raft.server.rpc.request.timeout = 3000ms (default)
2019-09-17 10:13:27,685 [main] INFO  server.RaftServerConfigKeys (ConfUtils.java:logGet(43)) - raft.server.storage.dir = [/workdir/hadoop-ozone/integration-test/target/test-dir/MiniOzoneClusterImpl-79292457-8b46-4756-affc-c3b1963f1051/datanode-9/data/ratis] (custom)
2019-09-17 10:13:27,687 [main] INFO  hdfs.DFSUtil (DFSUtil.java:httpServerTemplateForNNAndJN(1641)) - Starting Web-server for hddsDatanode at: http://0.0.0.0:0
2019-09-17 10:13:27,689 [main] INFO  server.AuthenticationFilter (AuthenticationFilter.java:constructSecretProvider(240)) - Unable to initialize FileSignerSecretProvider, falling back to use random secrets.
2019-09-17 10:13:27,690 [main] WARN  http.HttpRequestLog (HttpRequestLog.java:getRequestLog(97)) - Jetty request log can only be enabled using Log4j
2019-09-17 10:13:27,693 [main] INFO  http.HttpServer2 (HttpServer2.java:addGlobalFilter(975)) - Added global filter 'safety' (class=org.apache.hadoop.http.HttpServer2$QuotingInputFilter)
2019-09-17 10:13:27,694 [main] INFO  http.HttpServer2 (HttpServer2.java:addFilter(948)) - Added filter static_user_filter (class=org.apache.hadoop.http.lib.StaticUserWebFilter$StaticUserFilter) to context hddsDatanode
2019-09-17 10:13:27,694 [main] INFO  http.HttpServer2 (HttpServer2.java:addFilter(958)) - Added filter static_user_filter (class=org.apache.hadoop.http.lib.StaticUserWebFilter$StaticUserFilter) to context logs
2019-09-17 10:13:27,694 [main] INFO  http.HttpServer2 (HttpServer2.java:addFilter(958)) - Added filter static_user_filter (class=org.apache.hadoop.http.lib.StaticUserWebFilter$StaticUserFilter) to context static
2019-09-17 10:13:27,695 [main] INFO  http.HttpServer2 (HttpServer2.java:bindListener(1191)) - Jetty bound to port 44661
2019-09-17 10:13:27,696 [main] INFO  server.Server (Server.java:doStart(351)) - jetty-9.3.24.v20180605, build timestamp: 2018-06-05T17:11:56Z, git hash: 84205aa28f11a4f31f2a3b86d1bba2cc8ab69827
2019-09-17 10:13:27,698 [main] INFO  handler.ContextHandler (ContextHandler.java:doStart(781)) - Started o.e.j.s.ServletContextHandler@5578be42{/logs,file:///workdir/hadoop-ozone/integration-test/target/log,AVAILABLE}
2019-09-17 10:13:27,699 [main] INFO  handler.ContextHandler (ContextHandler.java:doStart(781)) - Started o.e.j.s.ServletContextHandler@136965e3{/static,jar:file:/home/user/.m2/repository/org/apache/hadoop/hadoop-hdds-container-service/0.5.0-SNAPSHOT/hadoop-hdds-container-service-0.5.0-SNAPSHOT.jar!/webapps/static,AVAILABLE}
2019-09-17 10:13:27,740 [main] INFO  handler.ContextHandler (ContextHandler.java:doStart(781)) - Started o.e.j.w.WebAppContext@26bbe604{/,file:///tmp/jetty-0.0.0.0-44661-hddsDatanode-_-any-4526171652387193489.dir/webapp/,AVAILABLE}{/hddsDatanode}
2019-09-17 10:13:27,741 [main] INFO  server.AbstractConnector (AbstractConnector.java:doStart(278)) - Started ServerConnector@fe34b86{HTTP/1.1,[http/1.1]}{0.0.0.0:44661}
2019-09-17 10:13:27,742 [main] INFO  server.Server (Server.java:doStart(419)) - Started @6364ms
2019-09-17 10:13:27,742 [main] WARN  impl.MetricsSystemImpl (MetricsSystemImpl.java:register(276)) - Sink prometheus already exists!
2019-09-17 10:13:27,743 [main] INFO  server.BaseHttpServer (BaseHttpServer.java:updateConnectorAddress(215)) - HTTP server of HDDSDATANODE is listening at http://0.0.0.0:44661
2019-09-17 10:13:27,749 [main] INFO  ozone.MiniOzoneClusterImpl (MiniOzoneClusterImpl.java:lambda$waitForClusterToBeReady$0(140)) - Waiting for cluster to be ready. Got 0 of 10 DN Heartbeats.
2019-09-17 10:13:27,749 [org.apache.hadoop.util.JvmPauseMonitor$Monitor@23527d] INFO  util.JvmPauseMonitor (JvmPauseMonitor.java:run(188)) - Starting JVM pause monitor
2019-09-17 10:13:27,753 [Datanode State Machine Thread - 0] INFO  datanode.InitDatanodeState (InitDatanodeState.java:persistContainerDatanodeDetails(140)) - DatanodeDetails is persisted to /workdir/hadoop-ozone/integration-test/target/test-dir/MiniOzoneClusterImpl-79292457-8b46-4756-affc-c3b1963f1051/datanode-9/meta/datanode.id
2019-09-17 10:13:28,749 [main] INFO  ozone.MiniOzoneClusterImpl (MiniOzoneClusterImpl.java:lambda$waitForClusterToBeReady$0(140)) - Waiting for cluster to be ready. Got 0 of 10 DN Heartbeats.
2019-09-17 10:13:28,972 [Datanode State Machine Thread - 0] INFO  ozoneimpl.OzoneContainer (OzoneContainer.java:start(217)) - Attempting to start container services.
2019-09-17 10:13:28,974 [Datanode State Machine Thread - 0] INFO  ozoneimpl.OzoneContainer (OzoneContainer.java:startContainerScrub(179)) - Background container scanner has been disabled.
2019-09-17 10:13:28,974 [Datanode State Machine Thread - 0] INFO  ratis.XceiverServerRatis (XceiverServerRatis.java:start(404)) - Starting XceiverServerRatis 04cd4a9b-51ef-4921-b690-09927bd9ce1f at port 0
2019-09-17 10:13:28,991 [Datanode State Machine Thread - 0] INFO  impl.RaftServerProxy (RaftServerProxy.java:lambda$start$3(299)) - 04cd4a9b-51ef-4921-b690-09927bd9ce1f: start RPC server
2019-09-17 10:13:29,016 [Datanode State Machine Thread - 0] INFO  ozoneimpl.OzoneContainer (OzoneContainer.java:start(217)) - Attempting to start container services.
2019-09-17 10:13:29,023 [Datanode State Machine Thread - 0] INFO  ozoneimpl.OzoneContainer (OzoneContainer.java:startContainerScrub(179)) - Background container scanner has been disabled.
2019-09-17 10:13:29,023 [Datanode State Machine Thread - 0] INFO  ratis.XceiverServerRatis (XceiverServerRatis.java:start(404)) - Starting XceiverServerRatis 1d843e0b-d448-4c1d-904a-b8b79ddf8dfc at port 0
2019-09-17 10:13:29,031 [Datanode State Machine Thread - 0] INFO  impl.RaftServerProxy (RaftServerProxy.java:lambda$start$3(299)) - 1d843e0b-d448-4c1d-904a-b8b79ddf8dfc: start RPC server
2019-09-17 10:13:29,132 [Datanode State Machine Thread - 0] INFO  server.GrpcService (GrpcService.java:startImpl(158)) - 04cd4a9b-51ef-4921-b690-09927bd9ce1f: GrpcService started, listening on 0.0.0.0/0.0.0.0:32905
2019-09-17 10:13:29,132 [Datanode State Machine Thread - 0] INFO  server.GrpcService (GrpcService.java:startImpl(158)) - 1d843e0b-d448-4c1d-904a-b8b79ddf8dfc: GrpcService started, listening on 0.0.0.0/0.0.0.0:43968
2019-09-17 10:13:29,133 [Datanode State Machine Thread - 0] INFO  ratis.XceiverServerRatis (XceiverServerRatis.java:start(414)) - XceiverServerRatis 04cd4a9b-51ef-4921-b690-09927bd9ce1f is started using port 32905
2019-09-17 10:13:29,133 [Datanode State Machine Thread - 0] INFO  ratis.XceiverServerRatis (XceiverServerRatis.java:start(414)) - XceiverServerRatis 1d843e0b-d448-4c1d-904a-b8b79ddf8dfc is started using port 43968
2019-09-17 10:13:29,139 [Datanode State Machine Thread - 0] INFO  ozoneimpl.OzoneContainer (OzoneContainer.java:start(217)) - Attempting to start container services.
2019-09-17 10:13:29,139 [Datanode State Machine Thread - 0] INFO  server.XceiverServerGrpc (XceiverServerGrpc.java:start(163)) - XceiverServerGrpc 1d843e0b-d448-4c1d-904a-b8b79ddf8dfc is started using port 43654
2019-09-17 10:13:29,140 [Datanode State Machine Thread - 0] INFO  ozoneimpl.OzoneContainer (OzoneContainer.java:startContainerScrub(179)) - Background container scanner has been disabled.
2019-09-17 10:13:29,139 [Datanode State Machine Thread - 0] INFO  server.XceiverServerGrpc (XceiverServerGrpc.java:start(163)) - XceiverServerGrpc 04cd4a9b-51ef-4921-b690-09927bd9ce1f is started using port 35109
2019-09-17 10:13:29,140 [Datanode State Machine Thread - 0] INFO  ratis.XceiverServerRatis (XceiverServerRatis.java:start(404)) - Starting XceiverServerRatis edf8b751-283e-4d1e-80cf-a3119e9ca034 at port 0
2019-09-17 10:13:29,150 [Datanode State Machine Thread - 0] INFO  impl.RaftServerProxy (RaftServerProxy.java:lambda$start$3(299)) - edf8b751-283e-4d1e-80cf-a3119e9ca034: start RPC server
2019-09-17 10:13:29,152 [Datanode State Machine Thread - 0] INFO  server.GrpcService (GrpcService.java:startImpl(158)) - edf8b751-283e-4d1e-80cf-a3119e9ca034: GrpcService started, listening on 0.0.0.0/0.0.0.0:37082
2019-09-17 10:13:29,152 [Datanode State Machine Thread - 0] INFO  ratis.XceiverServerRatis (XceiverServerRatis.java:start(414)) - XceiverServerRatis edf8b751-283e-4d1e-80cf-a3119e9ca034 is started using port 37082
2019-09-17 10:13:29,154 [Datanode State Machine Thread - 0] INFO  server.XceiverServerGrpc (XceiverServerGrpc.java:start(163)) - XceiverServerGrpc edf8b751-283e-4d1e-80cf-a3119e9ca034 is started using port 46337
2019-09-17 10:13:29,217 [Datanode State Machine Thread - 0] INFO  ozoneimpl.OzoneContainer (OzoneContainer.java:start(217)) - Attempting to start container services.
2019-09-17 10:13:29,217 [Datanode State Machine Thread - 0] INFO  ozoneimpl.OzoneContainer (OzoneContainer.java:startContainerScrub(179)) - Background container scanner has been disabled.
2019-09-17 10:13:29,217 [Datanode State Machine Thread - 0] INFO  ratis.XceiverServerRatis (XceiverServerRatis.java:start(404)) - Starting XceiverServerRatis 95d6cb39-2a6f-4d2b-8ab1-47b9e22fb0ea at port 0
2019-09-17 10:13:29,223 [Datanode State Machine Thread - 0] INFO  impl.RaftServerProxy (RaftServerProxy.java:lambda$start$3(299)) - 95d6cb39-2a6f-4d2b-8ab1-47b9e22fb0ea: start RPC server
2019-09-17 10:13:29,226 [Datanode State Machine Thread - 0] INFO  server.GrpcService (GrpcService.java:startImpl(158)) - 95d6cb39-2a6f-4d2b-8ab1-47b9e22fb0ea: GrpcService started, listening on 0.0.0.0/0.0.0.0:40405
2019-09-17 10:13:29,227 [Datanode State Machine Thread - 0] INFO  ratis.XceiverServerRatis (XceiverServerRatis.java:start(414)) - XceiverServerRatis 95d6cb39-2a6f-4d2b-8ab1-47b9e22fb0ea is started using port 40405
2019-09-17 10:13:29,229 [Datanode State Machine Thread - 0] INFO  server.XceiverServerGrpc (XceiverServerGrpc.java:start(163)) - XceiverServerGrpc 95d6cb39-2a6f-4d2b-8ab1-47b9e22fb0ea is started using port 35179
2019-09-17 10:13:29,323 [Datanode State Machine Thread - 0] INFO  ozoneimpl.OzoneContainer (OzoneContainer.java:start(217)) - Attempting to start container services.
2019-09-17 10:13:29,324 [Datanode State Machine Thread - 0] INFO  ozoneimpl.OzoneContainer (OzoneContainer.java:startContainerScrub(179)) - Background container scanner has been disabled.
2019-09-17 10:13:29,324 [Datanode State Machine Thread - 0] INFO  ratis.XceiverServerRatis (XceiverServerRatis.java:start(404)) - Starting XceiverServerRatis cc01c7d5-5dcf-4408-8cdb-fcf6ab2d1d3a at port 0
2019-09-17 10:13:29,331 [Datanode State Machine Thread - 0] INFO  impl.RaftServerProxy (RaftServerProxy.java:lambda$start$3(299)) - cc01c7d5-5dcf-4408-8cdb-fcf6ab2d1d3a: start RPC server
2019-09-17 10:13:29,334 [Datanode State Machine Thread - 0] INFO  server.GrpcService (GrpcService.java:startImpl(158)) - cc01c7d5-5dcf-4408-8cdb-fcf6ab2d1d3a: GrpcService started, listening on 0.0.0.0/0.0.0.0:38584
2019-09-17 10:13:29,334 [Datanode State Machine Thread - 0] INFO  ratis.XceiverServerRatis (XceiverServerRatis.java:start(414)) - XceiverServerRatis cc01c7d5-5dcf-4408-8cdb-fcf6ab2d1d3a is started using port 38584
2019-09-17 10:13:29,337 [Datanode State Machine Thread - 0] INFO  server.XceiverServerGrpc (XceiverServerGrpc.java:start(163)) - XceiverServerGrpc cc01c7d5-5dcf-4408-8cdb-fcf6ab2d1d3a is started using port 46098
2019-09-17 10:13:29,410 [Datanode State Machine Thread - 0] INFO  ozoneimpl.OzoneContainer (OzoneContainer.java:start(217)) - Attempting to start container services.
2019-09-17 10:13:29,411 [Datanode State Machine Thread - 0] INFO  ozoneimpl.OzoneContainer (OzoneContainer.java:startContainerScrub(179)) - Background container scanner has been disabled.
2019-09-17 10:13:29,411 [Datanode State Machine Thread - 0] INFO  ratis.XceiverServerRatis (XceiverServerRatis.java:start(404)) - Starting XceiverServerRatis 55583e5a-eaa2-4a32-b956-442090b04083 at port 0
2019-09-17 10:13:29,418 [Datanode State Machine Thread - 0] INFO  impl.RaftServerProxy (RaftServerProxy.java:lambda$start$3(299)) - 55583e5a-eaa2-4a32-b956-442090b04083: start RPC server
2019-09-17 10:13:29,422 [Datanode State Machine Thread - 0] INFO  server.GrpcService (GrpcService.java:startImpl(158)) - 55583e5a-eaa2-4a32-b956-442090b04083: GrpcService started, listening on 0.0.0.0/0.0.0.0:42551
2019-09-17 10:13:29,422 [Datanode State Machine Thread - 0] INFO  ratis.XceiverServerRatis (XceiverServerRatis.java:start(414)) - XceiverServerRatis 55583e5a-eaa2-4a32-b956-442090b04083 is started using port 42551
2019-09-17 10:13:29,426 [Datanode State Machine Thread - 0] INFO  server.XceiverServerGrpc (XceiverServerGrpc.java:start(163)) - XceiverServerGrpc 55583e5a-eaa2-4a32-b956-442090b04083 is started using port 37488
2019-09-17 10:13:29,499 [Datanode State Machine Thread - 0] INFO  ozoneimpl.OzoneContainer (OzoneContainer.java:start(217)) - Attempting to start container services.
2019-09-17 10:13:29,499 [Datanode State Machine Thread - 0] INFO  ozoneimpl.OzoneContainer (OzoneContainer.java:startContainerScrub(179)) - Background container scanner has been disabled.
2019-09-17 10:13:29,500 [Datanode State Machine Thread - 0] INFO  ratis.XceiverServerRatis (XceiverServerRatis.java:start(404)) - Starting XceiverServerRatis 1303f52d-d2af-4d51-a297-b30474c81d0b at port 0
2019-09-17 10:13:29,506 [Datanode State Machine Thread - 0] INFO  impl.RaftServerProxy (RaftServerProxy.java:lambda$start$3(299)) - 1303f52d-d2af-4d51-a297-b30474c81d0b: start RPC server
2019-09-17 10:13:29,511 [Datanode State Machine Thread - 0] INFO  server.GrpcService (GrpcService.java:startImpl(158)) - 1303f52d-d2af-4d51-a297-b30474c81d0b: GrpcService started, listening on 0.0.0.0/0.0.0.0:45564
2019-09-17 10:13:29,511 [Datanode State Machine Thread - 0] INFO  ratis.XceiverServerRatis (XceiverServerRatis.java:start(414)) - XceiverServerRatis 1303f52d-d2af-4d51-a297-b30474c81d0b is started using port 45564
2019-09-17 10:13:29,515 [Datanode State Machine Thread - 0] INFO  server.XceiverServerGrpc (XceiverServerGrpc.java:start(163)) - XceiverServerGrpc 1303f52d-d2af-4d51-a297-b30474c81d0b is started using port 39765
2019-09-17 10:13:29,576 [Datanode State Machine Thread - 0] INFO  ozoneimpl.OzoneContainer (OzoneContainer.java:start(217)) - Attempting to start container services.
2019-09-17 10:13:29,576 [Datanode State Machine Thread - 0] INFO  ozoneimpl.OzoneContainer (OzoneContainer.java:startContainerScrub(179)) - Background container scanner has been disabled.
2019-09-17 10:13:29,576 [Datanode State Machine Thread - 0] INFO  ratis.XceiverServerRatis (XceiverServerRatis.java:start(404)) - Starting XceiverServerRatis 7be722d9-df7a-49b7-8861-987a973deb04 at port 0
2019-09-17 10:13:29,583 [Datanode State Machine Thread - 0] INFO  impl.RaftServerProxy (RaftServerProxy.java:lambda$start$3(299)) - 7be722d9-df7a-49b7-8861-987a973deb04: start RPC server
2019-09-17 10:13:29,588 [Datanode State Machine Thread - 0] INFO  server.GrpcService (GrpcService.java:startImpl(158)) - 7be722d9-df7a-49b7-8861-987a973deb04: GrpcService started, listening on 0.0.0.0/0.0.0.0:44005
2019-09-17 10:13:29,588 [Datanode State Machine Thread - 0] INFO  ratis.XceiverServerRatis (XceiverServerRatis.java:start(414)) - XceiverServerRatis 7be722d9-df7a-49b7-8861-987a973deb04 is started using port 44005
2019-09-17 10:13:29,592 [Datanode State Machine Thread - 0] INFO  server.XceiverServerGrpc (XceiverServerGrpc.java:start(163)) - XceiverServerGrpc 7be722d9-df7a-49b7-8861-987a973deb04 is started using port 39171
2019-09-17 10:13:29,668 [Datanode State Machine Thread - 0] INFO  ozoneimpl.OzoneContainer (OzoneContainer.java:start(217)) - Attempting to start container services.
2019-09-17 10:13:29,669 [Datanode State Machine Thread - 0] INFO  ozoneimpl.OzoneContainer (OzoneContainer.java:startContainerScrub(179)) - Background container scanner has been disabled.
2019-09-17 10:13:29,669 [Datanode State Machine Thread - 0] INFO  ratis.XceiverServerRatis (XceiverServerRatis.java:start(404)) - Starting XceiverServerRatis cd7fb81c-86a4-4055-b819-d84d71d1e03b at port 0
2019-09-17 10:13:29,675 [Datanode State Machine Thread - 0] INFO  impl.RaftServerProxy (RaftServerProxy.java:lambda$start$3(299)) - cd7fb81c-86a4-4055-b819-d84d71d1e03b: start RPC server
2019-09-17 10:13:29,681 [Datanode State Machine Thread - 0] INFO  server.GrpcService (GrpcService.java:startImpl(158)) - cd7fb81c-86a4-4055-b819-d84d71d1e03b: GrpcService started, listening on 0.0.0.0/0.0.0.0:45422
2019-09-17 10:13:29,681 [Datanode State Machine Thread - 0] INFO  ratis.XceiverServerRatis (XceiverServerRatis.java:start(414)) - XceiverServerRatis cd7fb81c-86a4-4055-b819-d84d71d1e03b is started using port 45422
2019-09-17 10:13:29,686 [Datanode State Machine Thread - 0] INFO  server.XceiverServerGrpc (XceiverServerGrpc.java:start(163)) - XceiverServerGrpc cd7fb81c-86a4-4055-b819-d84d71d1e03b is started using port 42581
2019-09-17 10:13:29,752 [main] INFO  ozone.MiniOzoneClusterImpl (MiniOzoneClusterImpl.java:lambda$waitForClusterToBeReady$0(140)) - Waiting for cluster to be ready. Got 0 of 10 DN Heartbeats.
2019-09-17 10:13:29,766 [Datanode State Machine Thread - 0] INFO  ozoneimpl.OzoneContainer (OzoneContainer.java:start(217)) - Attempting to start container services.
2019-09-17 10:13:29,767 [Datanode State Machine Thread - 0] INFO  ozoneimpl.OzoneContainer (OzoneContainer.java:startContainerScrub(179)) - Background container scanner has been disabled.
2019-09-17 10:13:29,767 [Datanode State Machine Thread - 0] INFO  ratis.XceiverServerRatis (XceiverServerRatis.java:start(404)) - Starting XceiverServerRatis 2bed06ad-feb1-4a42-84de-0c97964ae469 at port 0
2019-09-17 10:13:29,774 [Datanode State Machine Thread - 0] INFO  impl.RaftServerProxy (RaftServerProxy.java:lambda$start$3(299)) - 2bed06ad-feb1-4a42-84de-0c97964ae469: start RPC server
2019-09-17 10:13:29,780 [Datanode State Machine Thread - 0] INFO  server.GrpcService (GrpcService.java:startImpl(158)) - 2bed06ad-feb1-4a42-84de-0c97964ae469: GrpcService started, listening on 0.0.0.0/0.0.0.0:36327
2019-09-17 10:13:29,780 [Datanode State Machine Thread - 0] INFO  ratis.XceiverServerRatis (XceiverServerRatis.java:start(414)) - XceiverServerRatis 2bed06ad-feb1-4a42-84de-0c97964ae469 is started using port 36327
2019-09-17 10:13:29,809 [Datanode State Machine Thread - 0] INFO  server.XceiverServerGrpc (XceiverServerGrpc.java:start(163)) - XceiverServerGrpc 2bed06ad-feb1-4a42-84de-0c97964ae469 is started using port 40367
2019-09-17 10:13:30,752 [main] INFO  ozone.MiniOzoneClusterImpl (MiniOzoneClusterImpl.java:lambda$waitForClusterToBeReady$0(140)) - Waiting for cluster to be ready. Got 0 of 10 DN Heartbeats.
2019-09-17 10:13:30,942 [IPC Server handler 14 on 36862] INFO  net.NetworkTopology (NetworkTopologyImpl.java:add(110)) - Added a new node: /default-rack/04cd4a9b-51ef-4921-b690-09927bd9ce1f
2019-09-17 10:13:30,943 [IPC Server handler 14 on 36862] INFO  node.SCMNodeManager (SCMNodeManager.java:register(266)) - Registered Data node : 04cd4a9b-51ef-4921-b690-09927bd9ce1f{ip: 192.168.34.37, host: pr-hdds-2110-rdjw6-11158954, networkLocation: /default-rack, certSerialId: null}
2019-09-17 10:13:30,949 [EventQueue-NodeRegistrationContainerReportForDataNodeSafeModeRule] INFO  safemode.SCMSafeModeManager (DataNodeSafeModeRule.java:process(71)) - SCM in safe mode. 1 DataNodes registered, 1 required.
2019-09-17 10:13:30,950 [EventQueue-NodeRegistrationContainerReportForDataNodeSafeModeRule] INFO  safemode.SCMSafeModeManager (SCMSafeModeManager.java:validateSafeModeExitRules(177)) - ScmSafeModeManager, all rules are successfully validated
2019-09-17 10:13:30,950 [EventQueue-NodeRegistrationContainerReportForDataNodeSafeModeRule] INFO  safemode.SCMSafeModeManager (SCMSafeModeManager.java:exitSafeMode(193)) - SCM exiting safe mode.
2019-09-17 10:13:31,004 [IPC Server handler 1 on 36862] INFO  net.NetworkTopology (NetworkTopologyImpl.java:add(110)) - Added a new node: /default-rack/1d843e0b-d448-4c1d-904a-b8b79ddf8dfc
2019-09-17 10:13:31,007 [IPC Server handler 1 on 36862] INFO  node.SCMNodeManager (SCMNodeManager.java:register(266)) - Registered Data node : 1d843e0b-d448-4c1d-904a-b8b79ddf8dfc{ip: 192.168.34.37, host: pr-hdds-2110-rdjw6-11158954, networkLocation: /default-rack, certSerialId: null}
2019-09-17 10:13:31,119 [IPC Server handler 4 on 36862] INFO  net.NetworkTopology (NetworkTopologyImpl.java:add(110)) - Added a new node: /default-rack/edf8b751-283e-4d1e-80cf-a3119e9ca034
2019-09-17 10:13:31,119 [IPC Server handler 4 on 36862] INFO  node.SCMNodeManager (SCMNodeManager.java:register(266)) - Registered Data node : edf8b751-283e-4d1e-80cf-a3119e9ca034{ip: 192.168.34.37, host: pr-hdds-2110-rdjw6-11158954, networkLocation: /default-rack, certSerialId: null}
2019-09-17 10:13:31,203 [IPC Server handler 12 on 36862] INFO  net.NetworkTopology (NetworkTopologyImpl.java:add(110)) - Added a new node: /default-rack/95d6cb39-2a6f-4d2b-8ab1-47b9e22fb0ea
2019-09-17 10:13:31,204 [IPC Server handler 12 on 36862] INFO  node.SCMNodeManager (SCMNodeManager.java:register(266)) - Registered Data node : 95d6cb39-2a6f-4d2b-8ab1-47b9e22fb0ea{ip: 192.168.34.37, host: pr-hdds-2110-rdjw6-11158954, networkLocation: /default-rack, certSerialId: null}
2019-09-17 10:13:31,311 [IPC Server handler 13 on 36862] INFO  net.NetworkTopology (NetworkTopologyImpl.java:add(110)) - Added a new node: /default-rack/cc01c7d5-5dcf-4408-8cdb-fcf6ab2d1d3a
2019-09-17 10:13:31,312 [IPC Server handler 13 on 36862] INFO  node.SCMNodeManager (SCMNodeManager.java:register(266)) - Registered Data node : cc01c7d5-5dcf-4408-8cdb-fcf6ab2d1d3a{ip: 192.168.34.37, host: pr-hdds-2110-rdjw6-11158954, networkLocation: /default-rack, certSerialId: null}
2019-09-17 10:13:31,398 [IPC Server handler 3 on 36862] INFO  net.NetworkTopology (NetworkTopologyImpl.java:add(110)) - Added a new node: /default-rack/55583e5a-eaa2-4a32-b956-442090b04083
2019-09-17 10:13:31,399 [IPC Server handler 3 on 36862] INFO  node.SCMNodeManager (SCMNodeManager.java:register(266)) - Registered Data node : 55583e5a-eaa2-4a32-b956-442090b04083{ip: 192.168.34.37, host: pr-hdds-2110-rdjw6-11158954, networkLocation: /default-rack, certSerialId: null}
2019-09-17 10:13:31,488 [IPC Server handler 0 on 36862] INFO  net.NetworkTopology (NetworkTopologyImpl.java:add(110)) - Added a new node: /default-rack/1303f52d-d2af-4d51-a297-b30474c81d0b
2019-09-17 10:13:31,488 [IPC Server handler 0 on 36862] INFO  node.SCMNodeManager (SCMNodeManager.java:register(266)) - Registered Data node : 1303f52d-d2af-4d51-a297-b30474c81d0b{ip: 192.168.34.37, host: pr-hdds-2110-rdjw6-11158954, networkLocation: /default-rack, certSerialId: null}
2019-09-17 10:13:31,552 [grpc-default-executor-0] INFO  impl.RaftServerProxy (RaftServerProxy.java:addNew(89)) - 04cd4a9b-51ef-4921-b690-09927bd9ce1f: addNew group-457F16CCBE1A:[04cd4a9b-51ef-4921-b690-09927bd9ce1f:192.168.34.37:32905] returns group-457F16CCBE1A:java.util.concurrent.CompletableFuture@1a597425[Not completed]
2019-09-17 10:13:31,568 [IPC Server handler 2 on 36862] INFO  net.NetworkTopology (NetworkTopologyImpl.java:add(110)) - Added a new node: /default-rack/7be722d9-df7a-49b7-8861-987a973deb04
2019-09-17 10:13:31,568 [IPC Server handler 2 on 36862] INFO  node.SCMNodeManager (SCMNodeManager.java:register(266)) - Registered Data node : 7be722d9-df7a-49b7-8861-987a973deb04{ip: 192.168.34.37, host: pr-hdds-2110-rdjw6-11158954, networkLocation: /default-rack, certSerialId: null}
2019-09-17 10:13:31,579 [pool-27-thread-1] INFO  impl.RaftServerImpl (RaftServerImpl.java:<init>(95)) - 04cd4a9b-51ef-4921-b690-09927bd9ce1f: new RaftServerImpl for group-457F16CCBE1A:[04cd4a9b-51ef-4921-b690-09927bd9ce1f:192.168.34.37:32905] with ContainerStateMachine:uninitialized
2019-09-17 10:13:31,581 [pool-27-thread-1] INFO  server.RaftServerConfigKeys (ConfUtils.java:logGet(43)) - raft.server.rpc.timeout.min = 1s (custom)
2019-09-17 10:13:31,583 [pool-27-thread-1] INFO  server.RaftServerConfigKeys (ConfUtils.java:logGet(43)) - raft.server.rpc.timeout.max = 1200ms (custom)
2019-09-17 10:13:31,583 [pool-27-thread-1] INFO  server.RaftServerConfigKeys (ConfUtils.java:logGet(43)) - raft.server.rpcslowness.timeout = 120s (custom)
2019-09-17 10:13:31,584 [pool-27-thread-1] INFO  server.RaftServerConfigKeys (ConfUtils.java:logGet(43)) - raft.server.sleep.deviation.threshold = 300 (default)
2019-09-17 10:13:31,585 [pool-27-thread-1] INFO  server.RaftServerConfigKeys (ConfUtils.java:logGet(43)) - raft.server.log.appender.install.snapshot.enabled = false (custom)
2019-09-17 10:13:31,593 [pool-27-thread-1] INFO  impl.RaftServerImpl (ServerState.java:<init>(103)) - 04cd4a9b-51ef-4921-b690-09927bd9ce1f@group-457F16CCBE1A: ConfigurationManager, init=-1: [04cd4a9b-51ef-4921-b690-09927bd9ce1f:192.168.34.37:32905], old=null, confs=<EMPTY_MAP>
2019-09-17 10:13:31,594 [pool-27-thread-1] INFO  server.RaftServerConfigKeys (ConfUtils.java:logGet(43)) - raft.server.storage.dir = [/workdir/hadoop-ozone/integration-test/target/test-dir/MiniOzoneClusterImpl-79292457-8b46-4756-affc-c3b1963f1051/datanode-0/data/ratis] (custom)
2019-09-17 10:13:31,601 [pool-27-thread-1] INFO  storage.RaftStorageDirectory (RaftStorageDirectory.java:analyzeStorage(246)) - The storage directory /workdir/hadoop-ozone/integration-test/target/test-dir/MiniOzoneClusterImpl-79292457-8b46-4756-affc-c3b1963f1051/datanode-0/data/ratis/3bdba4cc-ebd6-49ae-99c5-457f16ccbe1a does not exist. Creating ...
2019-09-17 10:13:31,618 [pool-27-thread-1] INFO  storage.RaftStorageDirectory (RaftStorageDirectory.java:tryLock(328)) - Lock on /workdir/hadoop-ozone/integration-test/target/test-dir/MiniOzoneClusterImpl-79292457-8b46-4756-affc-c3b1963f1051/datanode-0/data/ratis/3bdba4cc-ebd6-49ae-99c5-457f16ccbe1a/in_use.lock acquired by nodename 12743@pr-hdds-2110-rdjw6-11158954
2019-09-17 10:13:31,633 [pool-27-thread-1] INFO  storage.RaftStorage (RaftStorage.java:format(72)) - Storage directory /workdir/hadoop-ozone/integration-test/target/test-dir/MiniOzoneClusterImpl-79292457-8b46-4756-affc-c3b1963f1051/datanode-0/data/ratis/3bdba4cc-ebd6-49ae-99c5-457f16ccbe1a has been successfully formatted.
2019-09-17 10:13:31,635 [pool-27-thread-1] INFO  ratis.ContainerStateMachine (ContainerStateMachine.java:loadSnapshot(230)) - group-457F16CCBE1A: The snapshot info is null. Setting the last applied indexto:(t:0, i:~)
2019-09-17 10:13:31,635 [pool-27-thread-1] INFO  server.RaftServerConfigKeys (ConfUtils.java:logGet(43)) - raft.server.notification.no-leader.timeout = 120s (custom)
2019-09-17 10:13:31,637 [pool-27-thread-1] INFO  server.RaftServerConfigKeys (ConfUtils.java:logGet(43)) - raft.server.log.use.memory = false (default)
2019-09-17 10:13:31,642 [pool-27-thread-1] INFO  server.RaftServerConfigKeys (ConfUtils.java:logGet(43)) - raft.server.log.purge.gap = 1000000 (custom)
2019-09-17 10:13:31,642 [pool-27-thread-1] INFO  server.RaftServerConfigKeys (ConfUtils.java:logGet(43)) - raft.server.log.appender.buffer.byte-limit = 33554432 (custom)
2019-09-17 10:13:31,644 [pool-27-thread-1] INFO  server.RaftServerConfigKeys (ConfUtils.java:logGet(43)) - raft.server.log.segment.size.max = 1048576 (custom)
2019-09-17 10:13:31,648 [pool-27-thread-1] INFO  server.RaftServerConfigKeys (ConfUtils.java:logGet(43)) - raft.server.log.segment.cache.num.max = 2 (custom)
2019-09-17 10:13:31,653 [pool-27-thread-1] INFO  segmented.SegmentedRaftLogWorker (SegmentedRaftLogWorker.java:<init>(172)) - new 04cd4a9b-51ef-4921-b690-09927bd9ce1f@group-457F16CCBE1A-SegmentedRaftLogWorker for RaftStorage:Storage Directory /workdir/hadoop-ozone/integration-test/target/test-dir/MiniOzoneClusterImpl-79292457-8b46-4756-affc-c3b1963f1051/datanode-0/data/ratis/3bdba4cc-ebd6-49ae-99c5-457f16ccbe1a
2019-09-17 10:13:31,656 [pool-27-thread-1] INFO  impl.MetricsSystemImpl (MetricsSystemImpl.java:init(158)) - ratis metrics system started (again)
2019-09-17 10:13:31,656 [IPC Server handler 10 on 36862] INFO  net.NetworkTopology (NetworkTopologyImpl.java:add(110)) - Added a new node: /default-rack/cd7fb81c-86a4-4055-b819-d84d71d1e03b
2019-09-17 10:13:31,657 [IPC Server handler 10 on 36862] INFO  node.SCMNodeManager (SCMNodeManager.java:register(266)) - Registered Data node : cd7fb81c-86a4-4055-b819-d84d71d1e03b{ip: 192.168.34.37, host: pr-hdds-2110-rdjw6-11158954, networkLocation: /default-rack, certSerialId: null}
2019-09-17 10:13:31,688 [pool-27-thread-1] INFO  server.RaftServerConfigKeys (ConfUtils.java:logGet(43)) - raft.server.log.queue.byte-limit = 2147483647 (custom)
2019-09-17 10:13:31,689 [pool-27-thread-1] INFO  server.RaftServerConfigKeys (ConfUtils.java:logGet(43)) - raft.server.log.queue.element-limit = 1024 (custom)
2019-09-17 10:13:31,692 [pool-27-thread-1] INFO  server.RaftServerConfigKeys (ConfUtils.java:logGet(43)) - raft.server.log.segment.size.max = 1048576 (custom)
2019-09-17 10:13:31,692 [pool-27-thread-1] INFO  server.RaftServerConfigKeys (ConfUtils.java:logGet(43)) - raft.server.log.preallocated.size = 16384 (custom)
2019-09-17 10:13:31,692 [pool-27-thread-1] INFO  server.RaftServerConfigKeys (ConfUtils.java:logGet(43)) - raft.server.log.write.buffer.size = 33554432 (custom)
2019-09-17 10:13:31,693 [pool-27-thread-1] INFO  server.RaftServerConfigKeys (ConfUtils.java:logGet(43)) - raft.server.log.force.sync.num = 128 (default)
2019-09-17 10:13:31,694 [pool-27-thread-1] INFO  server.RaftServerConfigKeys (ConfUtils.java:logGet(43)) - raft.server.log.statemachine.data.sync = true (default)
2019-09-17 10:13:31,694 [pool-27-thread-1] INFO  server.RaftServerConfigKeys (ConfUtils.java:logGet(43)) - raft.server.log.statemachine.data.sync.timeout = 10s (default)
2019-09-17 10:13:31,694 [pool-27-thread-1] INFO  server.RaftServerConfigKeys (ConfUtils.java:logGet(43)) - raft.server.log.statemachine.data.sync.timeout.retry = -1 (default)
2019-09-17 10:13:31,702 [pool-27-thread-1] INFO  server.RaftServerConfigKeys (ConfUtils.java:logGet(43)) - raft.server.log.statemachine.data.caching.enabled = true (custom)
2019-09-17 10:13:31,706 [pool-27-thread-1] INFO  segmented.SegmentedRaftLogWorker (SegmentedRaftLogWorker.java:lambda$new$0(132)) - 04cd4a9b-51ef-4921-b690-09927bd9ce1f@group-457F16CCBE1A-SegmentedRaftLogWorker: flushIndex: setUnconditionally 0 -> -1
2019-09-17 10:13:31,710 [pool-27-thread-1] INFO  server.RaftServerConfigKeys (ConfUtils.java:logGet(43)) - raft.server.snapshot.auto.trigger.enabled = true (custom)
2019-09-17 10:13:31,711 [pool-27-thread-1] INFO  server.RaftServerConfigKeys (ConfUtils.java:logGet(43)) - raft.server.snapshot.auto.trigger.threshold = 10000 (custom)
2019-09-17 10:13:31,712 [pool-27-thread-1] INFO  server.RaftServerConfigKeys (ConfUtils.java:logGet(43)) - raft.server.snapshot.retention.num.files = -1 (default)
2019-09-17 10:13:31,712 [pool-27-thread-1] INFO  server.RaftServerConfigKeys (ConfUtils.java:logGet(43)) - raft.server.retrycache.expirytime = 600000ms (custom)
2019-09-17 10:13:31,738 [pool-27-thread-1] INFO  impl.RaftServerImpl (RaftServerImpl.java:start(185)) - 04cd4a9b-51ef-4921-b690-09927bd9ce1f@group-457F16CCBE1A: start as a follower, conf=-1: [04cd4a9b-51ef-4921-b690-09927bd9ce1f:192.168.34.37:32905], old=null
2019-09-17 10:13:31,739 [pool-27-thread-1] INFO  impl.RaftServerImpl (RaftServerImpl.java:setRole(174)) - 04cd4a9b-51ef-4921-b690-09927bd9ce1f@group-457F16CCBE1A: changes role from      null to FOLLOWER at term 0 for startAsFollower
2019-09-17 10:13:31,740 [pool-27-thread-1] INFO  impl.RoleInfo (RoleInfo.java:updateAndGet(143)) - 04cd4a9b-51ef-4921-b690-09927bd9ce1f: start FollowerState
2019-09-17 10:13:31,741 [pool-27-thread-1] INFO  util.JmxRegister (JmxRegister.java:tryRegister(44)) - Successfully registered JMX Bean with object name Ratis:service=RaftServer,group=group-457F16CCBE1A,id=04cd4a9b-51ef-4921-b690-09927bd9ce1f
2019-09-17 10:13:31,761 [main] INFO  ozone.MiniOzoneClusterImpl (MiniOzoneClusterImpl.java:lambda$waitForClusterToBeReady$0(140)) - Waiting for cluster to be ready. Got 9 of 10 DN Heartbeats.
2019-09-17 10:13:31,769 [IPC Server handler 14 on 36862] INFO  net.NetworkTopology (NetworkTopologyImpl.java:add(110)) - Added a new node: /default-rack/2bed06ad-feb1-4a42-84de-0c97964ae469
2019-09-17 10:13:31,769 [IPC Server handler 14 on 36862] INFO  node.SCMNodeManager (SCMNodeManager.java:register(266)) - Registered Data node : 2bed06ad-feb1-4a42-84de-0c97964ae469{ip: 192.168.34.37, host: pr-hdds-2110-rdjw6-11158954, networkLocation: /default-rack, certSerialId: null}
2019-09-17 10:13:31,829 [RatisPipelineUtilsThread] INFO  pipeline.PipelineStateManager (PipelineStateManager.java:addPipeline(56)) - Created pipeline Pipeline[ Id: 3bdba4cc-ebd6-49ae-99c5-457f16ccbe1a, Nodes: 04cd4a9b-51ef-4921-b690-09927bd9ce1f{ip: 192.168.34.37, host: pr-hdds-2110-rdjw6-11158954, networkLocation: /default-rack, certSerialId: null}, Type:RATIS, Factor:ONE, State:OPEN]
2019-09-17 10:13:31,871 [grpc-default-executor-0] INFO  impl.RaftServerProxy (RaftServerProxy.java:addNew(89)) - 1303f52d-d2af-4d51-a297-b30474c81d0b: addNew group-971C11223AD4:[1303f52d-d2af-4d51-a297-b30474c81d0b:192.168.34.37:45564] returns group-971C11223AD4:java.util.concurrent.CompletableFuture@63a18244[Not completed]
2019-09-17 10:13:31,937 [pool-87-thread-1] INFO  impl.RaftServerImpl (RaftServerImpl.java:<init>(95)) - 1303f52d-d2af-4d51-a297-b30474c81d0b: new RaftServerImpl for group-971C11223AD4:[1303f52d-d2af-4d51-a297-b30474c81d0b:192.168.34.37:45564] with ContainerStateMachine:uninitialized
2019-09-17 10:13:31,939 [pool-87-thread-1] INFO  server.RaftServerConfigKeys (ConfUtils.java:logGet(43)) - raft.server.rpc.timeout.min = 1s (custom)
2019-09-17 10:13:31,939 [pool-87-thread-1] INFO  server.RaftServerConfigKeys (ConfUtils.java:logGet(43)) - raft.server.rpc.timeout.max = 1200ms (custom)
2019-09-17 10:13:31,939 [pool-87-thread-1] INFO  server.RaftServerConfigKeys (ConfUtils.java:logGet(43)) - raft.server.rpcslowness.timeout = 120s (custom)
2019-09-17 10:13:31,939 [pool-87-thread-1] INFO  server.RaftServerConfigKeys (ConfUtils.java:logGet(43)) - raft.server.sleep.deviation.threshold = 300 (default)
2019-09-17 10:13:31,939 [pool-87-thread-1] INFO  server.RaftServerConfigKeys (ConfUtils.java:logGet(43)) - raft.server.log.appender.install.snapshot.enabled = false (custom)
2019-09-17 10:13:31,939 [pool-87-thread-1] INFO  impl.RaftServerImpl (ServerState.java:<init>(103)) - 1303f52d-d2af-4d51-a297-b30474c81d0b@group-971C11223AD4: ConfigurationManager, init=-1: [1303f52d-d2af-4d51-a297-b30474c81d0b:192.168.34.37:45564], old=null, confs=<EMPTY_MAP>
2019-09-17 10:13:31,940 [pool-87-thread-1] INFO  server.RaftServerConfigKeys (ConfUtils.java:logGet(43)) - raft.server.storage.dir = [/workdir/hadoop-ozone/integration-test/target/test-dir/MiniOzoneClusterImpl-79292457-8b46-4756-affc-c3b1963f1051/datanode-6/data/ratis] (custom)
2019-09-17 10:13:31,940 [pool-87-thread-1] INFO  storage.RaftStorageDirectory (RaftStorageDirectory.java:analyzeStorage(246)) - The storage directory /workdir/hadoop-ozone/integration-test/target/test-dir/MiniOzoneClusterImpl-79292457-8b46-4756-affc-c3b1963f1051/datanode-6/data/ratis/3021088d-58e6-419c-97ea-971c11223ad4 does not exist. Creating ...
2019-09-17 10:13:31,954 [pool-87-thread-1] INFO  storage.RaftStorageDirectory (RaftStorageDirectory.java:tryLock(328)) - Lock on /workdir/hadoop-ozone/integration-test/target/test-dir/MiniOzoneClusterImpl-79292457-8b46-4756-affc-c3b1963f1051/datanode-6/data/ratis/3021088d-58e6-419c-97ea-971c11223ad4/in_use.lock acquired by nodename 12743@pr-hdds-2110-rdjw6-11158954
2019-09-17 10:13:31,968 [pool-87-thread-1] INFO  storage.RaftStorage (RaftStorage.java:format(72)) - Storage directory /workdir/hadoop-ozone/integration-test/target/test-dir/MiniOzoneClusterImpl-79292457-8b46-4756-affc-c3b1963f1051/datanode-6/data/ratis/3021088d-58e6-419c-97ea-971c11223ad4 has been successfully formatted.
2019-09-17 10:13:31,969 [pool-87-thread-1] INFO  ratis.ContainerStateMachine (ContainerStateMachine.java:loadSnapshot(230)) - group-971C11223AD4: The snapshot info is null. Setting the last applied indexto:(t:0, i:~)
2019-09-17 10:13:31,971 [pool-87-thread-1] INFO  server.RaftServerConfigKeys (ConfUtils.java:logGet(43)) - raft.server.notification.no-leader.timeout = 120s (custom)
2019-09-17 10:13:31,971 [pool-87-thread-1] INFO  server.RaftServerConfigKeys (ConfUtils.java:logGet(43)) - raft.server.log.use.memory = false (default)
2019-09-17 10:13:31,971 [pool-87-thread-1] INFO  server.RaftServerConfigKeys (ConfUtils.java:logGet(43)) - raft.server.log.purge.gap = 1000000 (custom)
2019-09-17 10:13:31,971 [pool-87-thread-1] INFO  server.RaftServerConfigKeys (ConfUtils.java:logGet(43)) - raft.server.log.appender.buffer.byte-limit = 33554432 (custom)
2019-09-17 10:13:31,971 [pool-87-thread-1] INFO  server.RaftServerConfigKeys (ConfUtils.java:logGet(43)) - raft.server.log.segment.size.max = 1048576 (custom)
2019-09-17 10:13:31,971 [pool-87-thread-1] INFO  server.RaftServerConfigKeys (ConfUtils.java:logGet(43)) - raft.server.log.segment.cache.num.max = 2 (custom)
2019-09-17 10:13:31,971 [pool-87-thread-1] INFO  segmented.SegmentedRaftLogWorker (SegmentedRaftLogWorker.java:<init>(172)) - new 1303f52d-d2af-4d51-a297-b30474c81d0b@group-971C11223AD4-SegmentedRaftLogWorker for RaftStorage:Storage Directory /workdir/hadoop-ozone/integration-test/target/test-dir/MiniOzoneClusterImpl-79292457-8b46-4756-affc-c3b1963f1051/datanode-6/data/ratis/3021088d-58e6-419c-97ea-971c11223ad4
2019-09-17 10:13:31,977 [pool-87-thread-1] INFO  server.RaftServerConfigKeys (ConfUtils.java:logGet(43)) - raft.server.log.queue.byte-limit = 2147483647 (custom)
2019-09-17 10:13:31,977 [pool-87-thread-1] INFO  server.RaftServerConfigKeys (ConfUtils.java:logGet(43)) - raft.server.log.queue.element-limit = 1024 (custom)
2019-09-17 10:13:31,978 [pool-87-thread-1] INFO  server.RaftServerConfigKeys (ConfUtils.java:logGet(43)) - raft.server.log.segment.size.max = 1048576 (custom)
2019-09-17 10:13:31,978 [pool-87-thread-1] INFO  server.RaftServerConfigKeys (ConfUtils.java:logGet(43)) - raft.server.log.preallocated.size = 16384 (custom)
2019-09-17 10:13:31,978 [pool-87-thread-1] INFO  server.RaftServerConfigKeys (ConfUtils.java:logGet(43)) - raft.server.log.write.buffer.size = 33554432 (custom)
2019-09-17 10:13:31,978 [pool-87-thread-1] INFO  server.RaftServerConfigKeys (ConfUtils.java:logGet(43)) - raft.server.log.force.sync.num = 128 (default)
2019-09-17 10:13:31,978 [pool-87-thread-1] INFO  server.RaftServerConfigKeys (ConfUtils.java:logGet(43)) - raft.server.log.statemachine.data.sync = true (default)
2019-09-17 10:13:31,978 [pool-87-thread-1] INFO  server.RaftServerConfigKeys (ConfUtils.java:logGet(43)) - raft.server.log.statemachine.data.sync.timeout = 10s (default)
2019-09-17 10:13:31,978 [pool-87-thread-1] INFO  server.RaftServerConfigKeys (ConfUtils.java:logGet(43)) - raft.server.log.statemachine.data.sync.timeout.retry = -1 (default)
2019-09-17 10:13:31,979 [pool-87-thread-1] INFO  server.RaftServerConfigKeys (ConfUtils.java:logGet(43)) - raft.server.log.statemachine.data.caching.enabled = true (custom)
2019-09-17 10:13:31,979 [pool-87-thread-1] INFO  segmented.SegmentedRaftLogWorker (SegmentedRaftLogWorker.java:lambda$new$0(132)) - 1303f52d-d2af-4d51-a297-b30474c81d0b@group-971C11223AD4-SegmentedRaftLogWorker: flushIndex: setUnconditionally 0 -> -1
2019-09-17 10:13:31,979 [pool-87-thread-1] INFO  server.RaftServerConfigKeys (ConfUtils.java:logGet(43)) - raft.server.snapshot.auto.trigger.enabled = true (custom)
2019-09-17 10:13:31,979 [pool-87-thread-1] INFO  server.RaftServerConfigKeys (ConfUtils.java:logGet(43)) - raft.server.snapshot.auto.trigger.threshold = 10000 (custom)
2019-09-17 10:13:31,979 [pool-87-thread-1] INFO  server.RaftServerConfigKeys (ConfUtils.java:logGet(43)) - raft.server.snapshot.retention.num.files = -1 (default)
2019-09-17 10:13:31,980 [pool-87-thread-1] INFO  server.RaftServerConfigKeys (ConfUtils.java:logGet(43)) - raft.server.retrycache.expirytime = 600000ms (custom)
2019-09-17 10:13:31,984 [pool-87-thread-1] INFO  impl.RaftServerImpl (RaftServerImpl.java:start(185)) - 1303f52d-d2af-4d51-a297-b30474c81d0b@group-971C11223AD4: start as a follower, conf=-1: [1303f52d-d2af-4d51-a297-b30474c81d0b:192.168.34.37:45564], old=null
2019-09-17 10:13:31,984 [pool-87-thread-1] INFO  impl.RaftServerImpl (RaftServerImpl.java:setRole(174)) - 1303f52d-d2af-4d51-a297-b30474c81d0b@group-971C11223AD4: changes role from      null to FOLLOWER at term 0 for startAsFollower
2019-09-17 10:13:31,984 [pool-87-thread-1] INFO  impl.RoleInfo (RoleInfo.java:updateAndGet(143)) - 1303f52d-d2af-4d51-a297-b30474c81d0b: start FollowerState
2019-09-17 10:13:31,986 [pool-87-thread-1] INFO  util.JmxRegister (JmxRegister.java:tryRegister(44)) - Successfully registered JMX Bean with object name Ratis:service=RaftServer,group=group-971C11223AD4,id=1303f52d-d2af-4d51-a297-b30474c81d0b
2019-09-17 10:13:32,003 [RatisPipelineUtilsThread] INFO  pipeline.PipelineStateManager (PipelineStateManager.java:addPipeline(56)) - Created pipeline Pipeline[ Id: 3021088d-58e6-419c-97ea-971c11223ad4, Nodes: 1303f52d-d2af-4d51-a297-b30474c81d0b{ip: 192.168.34.37, host: pr-hdds-2110-rdjw6-11158954, networkLocation: /default-rack, certSerialId: null}, Type:RATIS, Factor:ONE, State:OPEN]
2019-09-17 10:13:32,032 [grpc-default-executor-0] INFO  impl.RaftServerProxy (RaftServerProxy.java:addNew(89)) - 7be722d9-df7a-49b7-8861-987a973deb04: addNew group-346B7CDB17B1:[7be722d9-df7a-49b7-8861-987a973deb04:192.168.34.37:44005] returns group-346B7CDB17B1:java.util.concurrent.CompletableFuture@3b276dd4[Not completed]
2019-09-17 10:13:32,075 [pool-97-thread-1] INFO  impl.RaftServerImpl (RaftServerImpl.java:<init>(95)) - 7be722d9-df7a-49b7-8861-987a973deb04: new RaftServerImpl for group-346B7CDB17B1:[7be722d9-df7a-49b7-8861-987a973deb04:192.168.34.37:44005] with ContainerStateMachine:uninitialized
2019-09-17 10:13:32,076 [pool-97-thread-1] INFO  server.RaftServerConfigKeys (ConfUtils.java:logGet(43)) - raft.server.rpc.timeout.min = 1s (custom)
2019-09-17 10:13:32,076 [pool-97-thread-1] INFO  server.RaftServerConfigKeys (ConfUtils.java:logGet(43)) - raft.server.rpc.timeout.max = 1200ms (custom)
2019-09-17 10:13:32,076 [pool-97-thread-1] INFO  server.RaftServerConfigKeys (ConfUtils.java:logGet(43)) - raft.server.rpcslowness.timeout = 120s (custom)
2019-09-17 10:13:32,076 [pool-97-thread-1] INFO  server.RaftServerConfigKeys (ConfUtils.java:logGet(43)) - raft.server.sleep.deviation.threshold = 300 (default)
2019-09-17 10:13:32,076 [pool-97-thread-1] INFO  server.RaftServerConfigKeys (ConfUtils.java:logGet(43)) - raft.server.log.appender.install.snapshot.enabled = false (custom)
2019-09-17 10:13:32,076 [pool-97-thread-1] INFO  impl.RaftServerImpl (ServerState.java:<init>(103)) - 7be722d9-df7a-49b7-8861-987a973deb04@group-346B7CDB17B1: ConfigurationManager, init=-1: [7be722d9-df7a-49b7-8861-987a973deb04:192.168.34.37:44005], old=null, confs=<EMPTY_MAP>
2019-09-17 10:13:32,076 [pool-97-thread-1] INFO  server.RaftServerConfigKeys (ConfUtils.java:logGet(43)) - raft.server.storage.dir = [/workdir/hadoop-ozone/integration-test/target/test-dir/MiniOzoneClusterImpl-79292457-8b46-4756-affc-c3b1963f1051/datanode-7/data/ratis] (custom)
2019-09-17 10:13:32,077 [pool-97-thread-1] INFO  storage.RaftStorageDirectory (RaftStorageDirectory.java:analyzeStorage(246)) - The storage directory /workdir/hadoop-ozone/integration-test/target/test-dir/MiniOzoneClusterImpl-79292457-8b46-4756-affc-c3b1963f1051/datanode-7/data/ratis/143b5a02-f9bb-4d66-a7d3-346b7cdb17b1 does not exist. Creating ...
2019-09-17 10:13:32,090 [pool-97-thread-1] INFO  storage.RaftStorageDirectory (RaftStorageDirectory.java:tryLock(328)) - Lock on /workdir/hadoop-ozone/integration-test/target/test-dir/MiniOzoneClusterImpl-79292457-8b46-4756-affc-c3b1963f1051/datanode-7/data/ratis/143b5a02-f9bb-4d66-a7d3-346b7cdb17b1/in_use.lock acquired by nodename 12743@pr-hdds-2110-rdjw6-11158954
2019-09-17 10:13:32,103 [pool-97-thread-1] INFO  storage.RaftStorage (RaftStorage.java:format(72)) - Storage directory /workdir/hadoop-ozone/integration-test/target/test-dir/MiniOzoneClusterImpl-79292457-8b46-4756-affc-c3b1963f1051/datanode-7/data/ratis/143b5a02-f9bb-4d66-a7d3-346b7cdb17b1 has been successfully formatted.
2019-09-17 10:13:32,103 [pool-97-thread-1] INFO  ratis.ContainerStateMachine (ContainerStateMachine.java:loadSnapshot(230)) - group-346B7CDB17B1: The snapshot info is null. Setting the last applied indexto:(t:0, i:~)
2019-09-17 10:13:32,103 [pool-97-thread-1] INFO  server.RaftServerConfigKeys (ConfUtils.java:logGet(43)) - raft.server.notification.no-leader.timeout = 120s (custom)
2019-09-17 10:13:32,104 [pool-97-thread-1] INFO  server.RaftServerConfigKeys (ConfUtils.java:logGet(43)) - raft.server.log.use.memory = false (default)
2019-09-17 10:13:32,104 [pool-97-thread-1] INFO  server.RaftServerConfigKeys (ConfUtils.java:logGet(43)) - raft.server.log.purge.gap = 1000000 (custom)
2019-09-17 10:13:32,104 [pool-97-thread-1] INFO  server.RaftServerConfigKeys (ConfUtils.java:logGet(43)) - raft.server.log.appender.buffer.byte-limit = 33554432 (custom)
2019-09-17 10:13:32,104 [pool-97-thread-1] INFO  server.RaftServerConfigKeys (ConfUtils.java:logGet(43)) - raft.server.log.segment.size.max = 1048576 (custom)
2019-09-17 10:13:32,104 [pool-97-thread-1] INFO  server.RaftServerConfigKeys (ConfUtils.java:logGet(43)) - raft.server.log.segment.cache.num.max = 2 (custom)
2019-09-17 10:13:32,104 [pool-97-thread-1] INFO  segmented.SegmentedRaftLogWorker (SegmentedRaftLogWorker.java:<init>(172)) - new 7be722d9-df7a-49b7-8861-987a973deb04@group-346B7CDB17B1-SegmentedRaftLogWorker for RaftStorage:Storage Directory /workdir/hadoop-ozone/integration-test/target/test-dir/MiniOzoneClusterImpl-79292457-8b46-4756-affc-c3b1963f1051/datanode-7/data/ratis/143b5a02-f9bb-4d66-a7d3-346b7cdb17b1
2019-09-17 10:13:32,159 [pool-97-thread-1] INFO  server.RaftServerConfigKeys (ConfUtils.java:logGet(43)) - raft.server.log.queue.byte-limit = 2147483647 (custom)
2019-09-17 10:13:32,160 [pool-97-thread-1] INFO  server.RaftServerConfigKeys (ConfUtils.java:logGet(43)) - raft.server.log.queue.element-limit = 1024 (custom)
2019-09-17 10:13:32,160 [pool-97-thread-1] INFO  server.RaftServerConfigKeys (ConfUtils.java:logGet(43)) - raft.server.log.segment.size.max = 1048576 (custom)
2019-09-17 10:13:32,160 [pool-97-thread-1] INFO  server.RaftServerConfigKeys (ConfUtils.java:logGet(43)) - raft.server.log.preallocated.size = 16384 (custom)
2019-09-17 10:13:32,160 [pool-97-thread-1] INFO  server.RaftServerConfigKeys (ConfUtils.java:logGet(43)) - raft.server.log.write.buffer.size = 33554432 (custom)
2019-09-17 10:13:32,160 [pool-97-thread-1] INFO  server.RaftServerConfigKeys (ConfUtils.java:logGet(43)) - raft.server.log.force.sync.num = 128 (default)
2019-09-17 10:13:32,160 [pool-97-thread-1] INFO  server.RaftServerConfigKeys (ConfUtils.java:logGet(43)) - raft.server.log.statemachine.data.sync = true (default)
2019-09-17 10:13:32,160 [pool-97-thread-1] INFO  server.RaftServerConfigKeys (ConfUtils.java:logGet(43)) - raft.server.log.statemachine.data.sync.timeout = 10s (default)
2019-09-17 10:13:32,161 [pool-97-thread-1] INFO  server.RaftServerConfigKeys (ConfUtils.java:logGet(43)) - raft.server.log.statemachine.data.sync.timeout.retry = -1 (default)
2019-09-17 10:13:32,161 [pool-97-thread-1] INFO  server.RaftServerConfigKeys (ConfUtils.java:logGet(43)) - raft.server.log.statemachine.data.caching.enabled = true (custom)
2019-09-17 10:13:32,161 [pool-97-thread-1] INFO  segmented.SegmentedRaftLogWorker (SegmentedRaftLogWorker.java:lambda$new$0(132)) - 7be722d9-df7a-49b7-8861-987a973deb04@group-346B7CDB17B1-SegmentedRaftLogWorker: flushIndex: setUnconditionally 0 -> -1
2019-09-17 10:13:32,161 [pool-97-thread-1] INFO  server.RaftServerConfigKeys (ConfUtils.java:logGet(43)) - raft.server.snapshot.auto.trigger.enabled = true (custom)
2019-09-17 10:13:32,161 [pool-97-thread-1] INFO  server.RaftServerConfigKeys (ConfUtils.java:logGet(43)) - raft.server.snapshot.auto.trigger.threshold = 10000 (custom)
2019-09-17 10:13:32,162 [pool-97-thread-1] INFO  server.RaftServerConfigKeys (ConfUtils.java:logGet(43)) - raft.server.snapshot.retention.num.files = -1 (default)
2019-09-17 10:13:32,162 [pool-97-thread-1] INFO  server.RaftServerConfigKeys (ConfUtils.java:logGet(43)) - raft.server.retrycache.expirytime = 600000ms (custom)
2019-09-17 10:13:32,166 [pool-97-thread-1] INFO  impl.RaftServerImpl (RaftServerImpl.java:start(185)) - 7be722d9-df7a-49b7-8861-987a973deb04@group-346B7CDB17B1: start as a follower, conf=-1: [7be722d9-df7a-49b7-8861-987a973deb04:192.168.34.37:44005], old=null
2019-09-17 10:13:32,166 [pool-97-thread-1] INFO  impl.RaftServerImpl (RaftServerImpl.java:setRole(174)) - 7be722d9-df7a-49b7-8861-987a973deb04@group-346B7CDB17B1: changes role from      null to FOLLOWER at term 0 for startAsFollower
2019-09-17 10:13:32,166 [pool-97-thread-1] INFO  impl.RoleInfo (RoleInfo.java:updateAndGet(143)) - 7be722d9-df7a-49b7-8861-987a973deb04: start FollowerState
2019-09-17 10:13:32,166 [pool-97-thread-1] INFO  util.JmxRegister (JmxRegister.java:tryRegister(44)) - Successfully registered JMX Bean with object name Ratis:service=RaftServer,group=group-346B7CDB17B1,id=7be722d9-df7a-49b7-8861-987a973deb04
2019-09-17 10:13:32,182 [RatisPipelineUtilsThread] INFO  pipeline.PipelineStateManager (PipelineStateManager.java:addPipeline(56)) - Created pipeline Pipeline[ Id: 143b5a02-f9bb-4d66-a7d3-346b7cdb17b1, Nodes: 7be722d9-df7a-49b7-8861-987a973deb04{ip: 192.168.34.37, host: pr-hdds-2110-rdjw6-11158954, networkLocation: /default-rack, certSerialId: null}, Type:RATIS, Factor:ONE, State:OPEN]
2019-09-17 10:13:32,206 [grpc-default-executor-0] INFO  impl.RaftServerProxy (RaftServerProxy.java:addNew(89)) - 1d843e0b-d448-4c1d-904a-b8b79ddf8dfc: addNew group-1C4EA16DC5D3:[1d843e0b-d448-4c1d-904a-b8b79ddf8dfc:192.168.34.37:43968] returns group-1C4EA16DC5D3:java.util.concurrent.CompletableFuture@47e3aeae[Not completed]
2019-09-17 10:13:32,211 [pool-37-thread-1] INFO  impl.RaftServerImpl (RaftServerImpl.java:<init>(95)) - 1d843e0b-d448-4c1d-904a-b8b79ddf8dfc: new RaftServerImpl for group-1C4EA16DC5D3:[1d843e0b-d448-4c1d-904a-b8b79ddf8dfc:192.168.34.37:43968] with ContainerStateMachine:uninitialized
2019-09-17 10:13:32,211 [pool-37-thread-1] INFO  server.RaftServerConfigKeys (ConfUtils.java:logGet(43)) - raft.server.rpc.timeout.min = 1s (custom)
2019-09-17 10:13:32,212 [pool-37-thread-1] INFO  server.RaftServerConfigKeys (ConfUtils.java:logGet(43)) - raft.server.rpc.timeout.max = 1200ms (custom)
2019-09-17 10:13:32,212 [pool-37-thread-1] INFO  server.RaftServerConfigKeys (ConfUtils.java:logGet(43)) - raft.server.rpcslowness.timeout = 120s (custom)
2019-09-17 10:13:32,212 [pool-37-thread-1] INFO  server.RaftServerConfigKeys (ConfUtils.java:logGet(43)) - raft.server.sleep.deviation.threshold = 300 (default)
2019-09-17 10:13:32,212 [pool-37-thread-1] INFO  server.RaftServerConfigKeys (ConfUtils.java:logGet(43)) - raft.server.log.appender.install.snapshot.enabled = false (custom)
2019-09-17 10:13:32,212 [pool-37-thread-1] INFO  impl.RaftServerImpl (ServerState.java:<init>(103)) - 1d843e0b-d448-4c1d-904a-b8b79ddf8dfc@group-1C4EA16DC5D3: ConfigurationManager, init=-1: [1d843e0b-d448-4c1d-904a-b8b79ddf8dfc:192.168.34.37:43968], old=null, confs=<EMPTY_MAP>
2019-09-17 10:13:32,212 [pool-37-thread-1] INFO  server.RaftServerConfigKeys (ConfUtils.java:logGet(43)) - raft.server.storage.dir = [/workdir/hadoop-ozone/integration-test/target/test-dir/MiniOzoneClusterImpl-79292457-8b46-4756-affc-c3b1963f1051/datanode-1/data/ratis] (custom)
2019-09-17 10:13:32,213 [pool-37-thread-1] INFO  storage.RaftStorageDirectory (RaftStorageDirectory.java:analyzeStorage(246)) - The storage directory /workdir/hadoop-ozone/integration-test/target/test-dir/MiniOzoneClusterImpl-79292457-8b46-4756-affc-c3b1963f1051/datanode-1/data/ratis/cca9a01c-c85a-40b8-9e7e-1c4ea16dc5d3 does not exist. Creating ...
2019-09-17 10:13:32,227 [pool-37-thread-1] INFO  storage.RaftStorageDirectory (RaftStorageDirectory.java:tryLock(328)) - Lock on /workdir/hadoop-ozone/integration-test/target/test-dir/MiniOzoneClusterImpl-79292457-8b46-4756-affc-c3b1963f1051/datanode-1/data/ratis/cca9a01c-c85a-40b8-9e7e-1c4ea16dc5d3/in_use.lock acquired by nodename 12743@pr-hdds-2110-rdjw6-11158954
2019-09-17 10:13:32,241 [pool-37-thread-1] INFO  storage.RaftStorage (RaftStorage.java:format(72)) - Storage directory /workdir/hadoop-ozone/integration-test/target/test-dir/MiniOzoneClusterImpl-79292457-8b46-4756-affc-c3b1963f1051/datanode-1/data/ratis/cca9a01c-c85a-40b8-9e7e-1c4ea16dc5d3 has been successfully formatted.
2019-09-17 10:13:32,241 [pool-37-thread-1] INFO  ratis.ContainerStateMachine (ContainerStateMachine.java:loadSnapshot(230)) - group-1C4EA16DC5D3: The snapshot info is null. Setting the last applied indexto:(t:0, i:~)
2019-09-17 10:13:32,241 [pool-37-thread-1] INFO  server.RaftServerConfigKeys (ConfUtils.java:logGet(43)) - raft.server.notification.no-leader.timeout = 120s (custom)
2019-09-17 10:13:32,241 [pool-37-thread-1] INFO  server.RaftServerConfigKeys (ConfUtils.java:logGet(43)) - raft.server.log.use.memory = false (default)
2019-09-17 10:13:32,242 [pool-37-thread-1] INFO  server.RaftServerConfigKeys (ConfUtils.java:logGet(43)) - raft.server.log.purge.gap = 1000000 (custom)
2019-09-17 10:13:32,242 [pool-37-thread-1] INFO  server.RaftServerConfigKeys (ConfUtils.java:logGet(43)) - raft.server.log.appender.buffer.byte-limit = 33554432 (custom)
2019-09-17 10:13:32,242 [pool-37-thread-1] INFO  server.RaftServerConfigKeys (ConfUtils.java:logGet(43)) - raft.server.log.segment.size.max = 1048576 (custom)
2019-09-17 10:13:32,242 [pool-37-thread-1] INFO  server.RaftServerConfigKeys (ConfUtils.java:logGet(43)) - raft.server.log.segment.cache.num.max = 2 (custom)
2019-09-17 10:13:32,242 [pool-37-thread-1] INFO  segmented.SegmentedRaftLogWorker (SegmentedRaftLogWorker.java:<init>(172)) - new 1d843e0b-d448-4c1d-904a-b8b79ddf8dfc@group-1C4EA16DC5D3-SegmentedRaftLogWorker for RaftStorage:Storage Directory /workdir/hadoop-ozone/integration-test/target/test-dir/MiniOzoneClusterImpl-79292457-8b46-4756-affc-c3b1963f1051/datanode-1/data/ratis/cca9a01c-c85a-40b8-9e7e-1c4ea16dc5d3
2019-09-17 10:13:32,247 [pool-37-thread-1] INFO  server.RaftServerConfigKeys (ConfUtils.java:logGet(43)) - raft.server.log.queue.byte-limit = 2147483647 (custom)
2019-09-17 10:13:32,247 [pool-37-thread-1] INFO  server.RaftServerConfigKeys (ConfUtils.java:logGet(43)) - raft.server.log.queue.element-limit = 1024 (custom)
2019-09-17 10:13:32,247 [pool-37-thread-1] INFO  server.RaftServerConfigKeys (ConfUtils.java:logGet(43)) - raft.server.log.segment.size.max = 1048576 (custom)
2019-09-17 10:13:32,247 [pool-37-thread-1] INFO  server.RaftServerConfigKeys (ConfUtils.java:logGet(43)) - raft.server.log.preallocated.size = 16384 (custom)
2019-09-17 10:13:32,247 [pool-37-thread-1] INFO  server.RaftServerConfigKeys (ConfUtils.java:logGet(43)) - raft.server.log.write.buffer.size = 33554432 (custom)
2019-09-17 10:13:32,248 [pool-37-thread-1] INFO  server.RaftServerConfigKeys (ConfUtils.java:logGet(43)) - raft.server.log.force.sync.num = 128 (default)
2019-09-17 10:13:32,248 [pool-37-thread-1] INFO  server.RaftServerConfigKeys (ConfUtils.java:logGet(43)) - raft.server.log.statemachine.data.sync = true (default)
2019-09-17 10:13:32,248 [pool-37-thread-1] INFO  server.RaftServerConfigKeys (ConfUtils.java:logGet(43)) - raft.server.log.statemachine.data.sync.timeout = 10s (default)
2019-09-17 10:13:32,248 [pool-37-thread-1] INFO  server.RaftServerConfigKeys (ConfUtils.java:logGet(43)) - raft.server.log.statemachine.data.sync.timeout.retry = -1 (default)
2019-09-17 10:13:32,248 [pool-37-thread-1] INFO  server.RaftServerConfigKeys (ConfUtils.java:logGet(43)) - raft.server.log.statemachine.data.caching.enabled = true (custom)
2019-09-17 10:13:32,249 [pool-37-thread-1] INFO  segmented.SegmentedRaftLogWorker (SegmentedRaftLogWorker.java:lambda$new$0(132)) - 1d843e0b-d448-4c1d-904a-b8b79ddf8dfc@group-1C4EA16DC5D3-SegmentedRaftLogWorker: flushIndex: setUnconditionally 0 -> -1
2019-09-17 10:13:32,249 [pool-37-thread-1] INFO  server.RaftServerConfigKeys (ConfUtils.java:logGet(43)) - raft.server.snapshot.auto.trigger.enabled = true (custom)
2019-09-17 10:13:32,249 [pool-37-thread-1] INFO  server.RaftServerConfigKeys (ConfUtils.java:logGet(43)) - raft.server.snapshot.auto.trigger.threshold = 10000 (custom)
2019-09-17 10:13:32,249 [pool-37-thread-1] INFO  server.RaftServerConfigKeys (ConfUtils.java:logGet(43)) - raft.server.snapshot.retention.num.files = -1 (default)
2019-09-17 10:13:32,250 [pool-37-thread-1] INFO  server.RaftServerConfigKeys (ConfUtils.java:logGet(43)) - raft.server.retrycache.expirytime = 600000ms (custom)
2019-09-17 10:13:32,254 [pool-37-thread-1] INFO  impl.RaftServerImpl (RaftServerImpl.java:start(185)) - 1d843e0b-d448-4c1d-904a-b8b79ddf8dfc@group-1C4EA16DC5D3: start as a follower, conf=-1: [1d843e0b-d448-4c1d-904a-b8b79ddf8dfc:192.168.34.37:43968], old=null
2019-09-17 10:13:32,254 [pool-37-thread-1] INFO  impl.RaftServerImpl (RaftServerImpl.java:setRole(174)) - 1d843e0b-d448-4c1d-904a-b8b79ddf8dfc@group-1C4EA16DC5D3: changes role from      null to FOLLOWER at term 0 for startAsFollower
2019-09-17 10:13:32,254 [pool-37-thread-1] INFO  impl.RoleInfo (RoleInfo.java:updateAndGet(143)) - 1d843e0b-d448-4c1d-904a-b8b79ddf8dfc: start FollowerState
2019-09-17 10:13:32,255 [pool-37-thread-1] INFO  util.JmxRegister (JmxRegister.java:tryRegister(44)) - Successfully registered JMX Bean with object name Ratis:service=RaftServer,group=group-1C4EA16DC5D3,id=1d843e0b-d448-4c1d-904a-b8b79ddf8dfc
2019-09-17 10:13:32,272 [RatisPipelineUtilsThread] INFO  pipeline.PipelineStateManager (PipelineStateManager.java:addPipeline(56)) - Created pipeline Pipeline[ Id: cca9a01c-c85a-40b8-9e7e-1c4ea16dc5d3, Nodes: 1d843e0b-d448-4c1d-904a-b8b79ddf8dfc{ip: 192.168.34.37, host: pr-hdds-2110-rdjw6-11158954, networkLocation: /default-rack, certSerialId: null}, Type:RATIS, Factor:ONE, State:OPEN]
2019-09-17 10:13:32,286 [grpc-default-executor-0] INFO  impl.RaftServerProxy (RaftServerProxy.java:addNew(89)) - 95d6cb39-2a6f-4d2b-8ab1-47b9e22fb0ea: addNew group-16D420F168B9:[95d6cb39-2a6f-4d2b-8ab1-47b9e22fb0ea:192.168.34.37:40405] returns group-16D420F168B9:java.util.concurrent.CompletableFuture@32d42dbc[Not completed]
2019-09-17 10:13:32,292 [pool-57-thread-1] INFO  impl.RaftServerImpl (RaftServerImpl.java:<init>(95)) - 95d6cb39-2a6f-4d2b-8ab1-47b9e22fb0ea: new RaftServerImpl for group-16D420F168B9:[95d6cb39-2a6f-4d2b-8ab1-47b9e22fb0ea:192.168.34.37:40405] with ContainerStateMachine:uninitialized
2019-09-17 10:13:32,292 [pool-57-thread-1] INFO  server.RaftServerConfigKeys (ConfUtils.java:logGet(43)) - raft.server.rpc.timeout.min = 1s (custom)
2019-09-17 10:13:32,292 [pool-57-thread-1] INFO  server.RaftServerConfigKeys (ConfUtils.java:logGet(43)) - raft.server.rpc.timeout.max = 1200ms (custom)
2019-09-17 10:13:32,292 [pool-57-thread-1] INFO  server.RaftServerConfigKeys (ConfUtils.java:logGet(43)) - raft.server.rpcslowness.timeout = 120s (custom)
2019-09-17 10:13:32,292 [pool-57-thread-1] INFO  server.RaftServerConfigKeys (ConfUtils.java:logGet(43)) - raft.server.sleep.deviation.threshold = 300 (default)
2019-09-17 10:13:32,293 [pool-57-thread-1] INFO  server.RaftServerConfigKeys (ConfUtils.java:logGet(43)) - raft.server.log.appender.install.snapshot.enabled = false (custom)
2019-09-17 10:13:32,293 [pool-57-thread-1] INFO  impl.RaftServerImpl (ServerState.java:<init>(103)) - 95d6cb39-2a6f-4d2b-8ab1-47b9e22fb0ea@group-16D420F168B9: ConfigurationManager, init=-1: [95d6cb39-2a6f-4d2b-8ab1-47b9e22fb0ea:192.168.34.37:40405], old=null, confs=<EMPTY_MAP>
2019-09-17 10:13:32,293 [pool-57-thread-1] INFO  server.RaftServerConfigKeys (ConfUtils.java:logGet(43)) - raft.server.storage.dir = [/workdir/hadoop-ozone/integration-test/target/test-dir/MiniOzoneClusterImpl-79292457-8b46-4756-affc-c3b1963f1051/datanode-3/data/ratis] (custom)
2019-09-17 10:13:32,294 [pool-57-thread-1] INFO  storage.RaftStorageDirectory (RaftStorageDirectory.java:analyzeStorage(246)) - The storage directory /workdir/hadoop-ozone/integration-test/target/test-dir/MiniOzoneClusterImpl-79292457-8b46-4756-affc-c3b1963f1051/datanode-3/data/ratis/abfeda63-f74f-4916-aec4-16d420f168b9 does not exist. Creating ...
2019-09-17 10:13:32,307 [pool-57-thread-1] INFO  storage.RaftStorageDirectory (RaftStorageDirectory.java:tryLock(328)) - Lock on /workdir/hadoop-ozone/integration-test/target/test-dir/MiniOzoneClusterImpl-79292457-8b46-4756-affc-c3b1963f1051/datanode-3/data/ratis/abfeda63-f74f-4916-aec4-16d420f168b9/in_use.lock acquired by nodename 12743@pr-hdds-2110-rdjw6-11158954
2019-09-17 10:13:32,320 [pool-57-thread-1] INFO  storage.RaftStorage (RaftStorage.java:format(72)) - Storage directory /workdir/hadoop-ozone/integration-test/target/test-dir/MiniOzoneClusterImpl-79292457-8b46-4756-affc-c3b1963f1051/datanode-3/data/ratis/abfeda63-f74f-4916-aec4-16d420f168b9 has been successfully formatted.
2019-09-17 10:13:32,320 [pool-57-thread-1] INFO  ratis.ContainerStateMachine (ContainerStateMachine.java:loadSnapshot(230)) - group-16D420F168B9: The snapshot info is null. Setting the last applied indexto:(t:0, i:~)
2019-09-17 10:13:32,320 [pool-57-thread-1] INFO  server.RaftServerConfigKeys (ConfUtils.java:logGet(43)) - raft.server.notification.no-leader.timeout = 120s (custom)
2019-09-17 10:13:32,320 [pool-57-thread-1] INFO  server.RaftServerConfigKeys (ConfUtils.java:logGet(43)) - raft.server.log.use.memory = false (default)
2019-09-17 10:13:32,321 [pool-57-thread-1] INFO  server.RaftServerConfigKeys (ConfUtils.java:logGet(43)) - raft.server.log.purge.gap = 1000000 (custom)
2019-09-17 10:13:32,321 [pool-57-thread-1] INFO  server.RaftServerConfigKeys (ConfUtils.java:logGet(43)) - raft.server.log.appender.buffer.byte-limit = 33554432 (custom)
2019-09-17 10:13:32,321 [pool-57-thread-1] INFO  server.RaftServerConfigKeys (ConfUtils.java:logGet(43)) - raft.server.log.segment.size.max = 1048576 (custom)
2019-09-17 10:13:32,321 [pool-57-thread-1] INFO  server.RaftServerConfigKeys (ConfUtils.java:logGet(43)) - raft.server.log.segment.cache.num.max = 2 (custom)
2019-09-17 10:13:32,321 [pool-57-thread-1] INFO  segmented.SegmentedRaftLogWorker (SegmentedRaftLogWorker.java:<init>(172)) - new 95d6cb39-2a6f-4d2b-8ab1-47b9e22fb0ea@group-16D420F168B9-SegmentedRaftLogWorker for RaftStorage:Storage Directory /workdir/hadoop-ozone/integration-test/target/test-dir/MiniOzoneClusterImpl-79292457-8b46-4756-affc-c3b1963f1051/datanode-3/data/ratis/abfeda63-f74f-4916-aec4-16d420f168b9
2019-09-17 10:13:32,326 [pool-57-thread-1] INFO  server.RaftServerConfigKeys (ConfUtils.java:logGet(43)) - raft.server.log.queue.byte-limit = 2147483647 (custom)
2019-09-17 10:13:32,326 [pool-57-thread-1] INFO  server.RaftServerConfigKeys (ConfUtils.java:logGet(43)) - raft.server.log.queue.element-limit = 1024 (custom)
2019-09-17 10:13:32,327 [pool-57-thread-1] INFO  server.RaftServerConfigKeys (ConfUtils.java:logGet(43)) - raft.server.log.segment.size.max = 1048576 (custom)
2019-09-17 10:13:32,327 [pool-57-thread-1] INFO  server.RaftServerConfigKeys (ConfUtils.java:logGet(43)) - raft.server.log.preallocated.size = 16384 (custom)
2019-09-17 10:13:32,327 [pool-57-thread-1] INFO  server.RaftServerConfigKeys (ConfUtils.java:logGet(43)) - raft.server.log.write.buffer.size = 33554432 (custom)
2019-09-17 10:13:32,327 [pool-57-thread-1] INFO  server.RaftServerConfigKeys (ConfUtils.java:logGet(43)) - raft.server.log.force.sync.num = 128 (default)
2019-09-17 10:13:32,327 [pool-57-thread-1] INFO  server.RaftServerConfigKeys (ConfUtils.java:logGet(43)) - raft.server.log.statemachine.data.sync = true (default)
2019-09-17 10:13:32,328 [pool-57-thread-1] INFO  server.RaftServerConfigKeys (ConfUtils.java:logGet(43)) - raft.server.log.statemachine.data.sync.timeout = 10s (default)
2019-09-17 10:13:32,328 [pool-57-thread-1] INFO  server.RaftServerConfigKeys (ConfUtils.java:logGet(43)) - raft.server.log.statemachine.data.sync.timeout.retry = -1 (default)
2019-09-17 10:13:32,328 [pool-57-thread-1] INFO  server.RaftServerConfigKeys (ConfUtils.java:logGet(43)) - raft.server.log.statemachine.data.caching.enabled = true (custom)
2019-09-17 10:13:32,329 [pool-57-thread-1] INFO  segmented.SegmentedRaftLogWorker (SegmentedRaftLogWorker.java:lambda$new$0(132)) - 95d6cb39-2a6f-4d2b-8ab1-47b9e22fb0ea@group-16D420F168B9-SegmentedRaftLogWorker: flushIndex: setUnconditionally 0 -> -1
2019-09-17 10:13:32,329 [pool-57-thread-1] INFO  server.RaftServerConfigKeys (ConfUtils.java:logGet(43)) - raft.server.snapshot.auto.trigger.enabled = true (custom)
2019-09-17 10:13:32,329 [pool-57-thread-1] INFO  server.RaftServerConfigKeys (ConfUtils.java:logGet(43)) - raft.server.snapshot.auto.trigger.threshold = 10000 (custom)
2019-09-17 10:13:32,329 [pool-57-thread-1] INFO  server.RaftServerConfigKeys (ConfUtils.java:logGet(43)) - raft.server.snapshot.retention.num.files = -1 (default)
2019-09-17 10:13:32,330 [pool-57-thread-1] INFO  server.RaftServerConfigKeys (ConfUtils.java:logGet(43)) - raft.server.retrycache.expirytime = 600000ms (custom)
2019-09-17 10:13:32,334 [pool-57-thread-1] INFO  impl.RaftServerImpl (RaftServerImpl.java:start(185)) - 95d6cb39-2a6f-4d2b-8ab1-47b9e22fb0ea@group-16D420F168B9: start as a follower, conf=-1: [95d6cb39-2a6f-4d2b-8ab1-47b9e22fb0ea:192.168.34.37:40405], old=null
2019-09-17 10:13:32,334 [pool-57-thread-1] INFO  impl.RaftServerImpl (RaftServerImpl.java:setRole(174)) - 95d6cb39-2a6f-4d2b-8ab1-47b9e22fb0ea@group-16D420F168B9: changes role from      null to FOLLOWER at term 0 for startAsFollower
2019-09-17 10:13:32,334 [pool-57-thread-1] INFO  impl.RoleInfo (RoleInfo.java:updateAndGet(143)) - 95d6cb39-2a6f-4d2b-8ab1-47b9e22fb0ea: start FollowerState
2019-09-17 10:13:32,335 [pool-57-thread-1] INFO  util.JmxRegister (JmxRegister.java:tryRegister(44)) - Successfully registered JMX Bean with object name Ratis:service=RaftServer,group=group-16D420F168B9,id=95d6cb39-2a6f-4d2b-8ab1-47b9e22fb0ea
2019-09-17 10:13:32,350 [RatisPipelineUtilsThread] INFO  pipeline.PipelineStateManager (PipelineStateManager.java:addPipeline(56)) - Created pipeline Pipeline[ Id: abfeda63-f74f-4916-aec4-16d420f168b9, Nodes: 95d6cb39-2a6f-4d2b-8ab1-47b9e22fb0ea{ip: 192.168.34.37, host: pr-hdds-2110-rdjw6-11158954, networkLocation: /default-rack, certSerialId: null}, Type:RATIS, Factor:ONE, State:OPEN]
2019-09-17 10:13:32,369 [grpc-default-executor-0] INFO  impl.RaftServerProxy (RaftServerProxy.java:addNew(89)) - 55583e5a-eaa2-4a32-b956-442090b04083: addNew group-9E7FA5046B46:[55583e5a-eaa2-4a32-b956-442090b04083:192.168.34.37:42551] returns group-9E7FA5046B46:java.util.concurrent.CompletableFuture@14d96e19[Not completed]
2019-09-17 10:13:32,374 [pool-77-thread-1] INFO  impl.RaftServerImpl (RaftServerImpl.java:<init>(95)) - 55583e5a-eaa2-4a32-b956-442090b04083: new RaftServerImpl for group-9E7FA5046B46:[55583e5a-eaa2-4a32-b956-442090b04083:192.168.34.37:42551] with ContainerStateMachine:uninitialized
2019-09-17 10:13:32,375 [pool-77-thread-1] INFO  server.RaftServerConfigKeys (ConfUtils.java:logGet(43)) - raft.server.rpc.timeout.min = 1s (custom)
2019-09-17 10:13:32,375 [pool-77-thread-1] INFO  server.RaftServerConfigKeys (ConfUtils.java:logGet(43)) - raft.server.rpc.timeout.max = 1200ms (custom)
2019-09-17 10:13:32,375 [pool-77-thread-1] INFO  server.RaftServerConfigKeys (ConfUtils.java:logGet(43)) - raft.server.rpcslowness.timeout = 120s (custom)
2019-09-17 10:13:32,375 [pool-77-thread-1] INFO  server.RaftServerConfigKeys (ConfUtils.java:logGet(43)) - raft.server.sleep.deviation.threshold = 300 (default)
2019-09-17 10:13:32,375 [pool-77-thread-1] INFO  server.RaftServerConfigKeys (ConfUtils.java:logGet(43)) - raft.server.log.appender.install.snapshot.enabled = false (custom)
2019-09-17 10:13:32,375 [pool-77-thread-1] INFO  impl.RaftServerImpl (ServerState.java:<init>(103)) - 55583e5a-eaa2-4a32-b956-442090b04083@group-9E7FA5046B46: ConfigurationManager, init=-1: [55583e5a-eaa2-4a32-b956-442090b04083:192.168.34.37:42551], old=null, confs=<EMPTY_MAP>
2019-09-17 10:13:32,375 [pool-77-thread-1] INFO  server.RaftServerConfigKeys (ConfUtils.java:logGet(43)) - raft.server.storage.dir = [/workdir/hadoop-ozone/integration-test/target/test-dir/MiniOzoneClusterImpl-79292457-8b46-4756-affc-c3b1963f1051/datanode-5/data/ratis] (custom)
2019-09-17 10:13:32,376 [pool-77-thread-1] INFO  storage.RaftStorageDirectory (RaftStorageDirectory.java:analyzeStorage(246)) - The storage directory /workdir/hadoop-ozone/integration-test/target/test-dir/MiniOzoneClusterImpl-79292457-8b46-4756-affc-c3b1963f1051/datanode-5/data/ratis/c99acb1f-4b88-499f-8709-9e7fa5046b46 does not exist. Creating ...
2019-09-17 10:13:32,389 [pool-77-thread-1] INFO  storage.RaftStorageDirectory (RaftStorageDirectory.java:tryLock(328)) - Lock on /workdir/hadoop-ozone/integration-test/target/test-dir/MiniOzoneClusterImpl-79292457-8b46-4756-affc-c3b1963f1051/datanode-5/data/ratis/c99acb1f-4b88-499f-8709-9e7fa5046b46/in_use.lock acquired by nodename 12743@pr-hdds-2110-rdjw6-11158954
2019-09-17 10:13:32,403 [pool-77-thread-1] INFO  storage.RaftStorage (RaftStorage.java:format(72)) - Storage directory /workdir/hadoop-ozone/integration-test/target/test-dir/MiniOzoneClusterImpl-79292457-8b46-4756-affc-c3b1963f1051/datanode-5/data/ratis/c99acb1f-4b88-499f-8709-9e7fa5046b46 has been successfully formatted.
2019-09-17 10:13:32,403 [pool-77-thread-1] INFO  ratis.ContainerStateMachine (ContainerStateMachine.java:loadSnapshot(230)) - group-9E7FA5046B46: The snapshot info is null. Setting the last applied indexto:(t:0, i:~)
2019-09-17 10:13:32,403 [pool-77-thread-1] INFO  server.RaftServerConfigKeys (ConfUtils.java:logGet(43)) - raft.server.notification.no-leader.timeout = 120s (custom)
2019-09-17 10:13:32,403 [pool-77-thread-1] INFO  server.RaftServerConfigKeys (ConfUtils.java:logGet(43)) - raft.server.log.use.memory = false (default)
2019-09-17 10:13:32,404 [pool-77-thread-1] INFO  server.RaftServerConfigKeys (ConfUtils.java:logGet(43)) - raft.server.log.purge.gap = 1000000 (custom)
2019-09-17 10:13:32,404 [pool-77-thread-1] INFO  server.RaftServerConfigKeys (ConfUtils.java:logGet(43)) - raft.server.log.appender.buffer.byte-limit = 33554432 (custom)
2019-09-17 10:13:32,404 [pool-77-thread-1] INFO  server.RaftServerConfigKeys (ConfUtils.java:logGet(43)) - raft.server.log.segment.size.max = 1048576 (custom)
2019-09-17 10:13:32,404 [pool-77-thread-1] INFO  server.RaftServerConfigKeys (ConfUtils.java:logGet(43)) - raft.server.log.segment.cache.num.max = 2 (custom)
2019-09-17 10:13:32,404 [pool-77-thread-1] INFO  segmented.SegmentedRaftLogWorker (SegmentedRaftLogWorker.java:<init>(172)) - new 55583e5a-eaa2-4a32-b956-442090b04083@group-9E7FA5046B46-SegmentedRaftLogWorker for RaftStorage:Storage Directory /workdir/hadoop-ozone/integration-test/target/test-dir/MiniOzoneClusterImpl-79292457-8b46-4756-affc-c3b1963f1051/datanode-5/data/ratis/c99acb1f-4b88-499f-8709-9e7fa5046b46
2019-09-17 10:13:32,408 [pool-77-thread-1] INFO  server.RaftServerConfigKeys (ConfUtils.java:logGet(43)) - raft.server.log.queue.byte-limit = 2147483647 (custom)
2019-09-17 10:13:32,408 [pool-77-thread-1] INFO  server.RaftServerConfigKeys (ConfUtils.java:logGet(43)) - raft.server.log.queue.element-limit = 1024 (custom)
2019-09-17 10:13:32,408 [pool-77-thread-1] INFO  server.RaftServerConfigKeys (ConfUtils.java:logGet(43)) - raft.server.log.segment.size.max = 1048576 (custom)
2019-09-17 10:13:32,408 [pool-77-thread-1] INFO  server.RaftServerConfigKeys (ConfUtils.java:logGet(43)) - raft.server.log.preallocated.size = 16384 (custom)
2019-09-17 10:13:32,408 [pool-77-thread-1] INFO  server.RaftServerConfigKeys (ConfUtils.java:logGet(43)) - raft.server.log.write.buffer.size = 33554432 (custom)
2019-09-17 10:13:32,408 [pool-77-thread-1] INFO  server.RaftServerConfigKeys (ConfUtils.java:logGet(43)) - raft.server.log.force.sync.num = 128 (default)
2019-09-17 10:13:32,409 [pool-77-thread-1] INFO  server.RaftServerConfigKeys (ConfUtils.java:logGet(43)) - raft.server.log.statemachine.data.sync = true (default)
2019-09-17 10:13:32,409 [pool-77-thread-1] INFO  server.RaftServerConfigKeys (ConfUtils.java:logGet(43)) - raft.server.log.statemachine.data.sync.timeout = 10s (default)
2019-09-17 10:13:32,409 [pool-77-thread-1] INFO  server.RaftServerConfigKeys (ConfUtils.java:logGet(43)) - raft.server.log.statemachine.data.sync.timeout.retry = -1 (default)
2019-09-17 10:13:32,409 [pool-77-thread-1] INFO  server.RaftServerConfigKeys (ConfUtils.java:logGet(43)) - raft.server.log.statemachine.data.caching.enabled = true (custom)
2019-09-17 10:13:32,410 [pool-77-thread-1] INFO  segmented.SegmentedRaftLogWorker (SegmentedRaftLogWorker.java:lambda$new$0(132)) - 55583e5a-eaa2-4a32-b956-442090b04083@group-9E7FA5046B46-SegmentedRaftLogWorker: flushIndex: setUnconditionally 0 -> -1
2019-09-17 10:13:32,410 [pool-77-thread-1] INFO  server.RaftServerConfigKeys (ConfUtils.java:logGet(43)) - raft.server.snapshot.auto.trigger.enabled = true (custom)
2019-09-17 10:13:32,410 [pool-77-thread-1] INFO  server.RaftServerConfigKeys (ConfUtils.java:logGet(43)) - raft.server.snapshot.auto.trigger.threshold = 10000 (custom)
2019-09-17 10:13:32,410 [pool-77-thread-1] INFO  server.RaftServerConfigKeys (ConfUtils.java:logGet(43)) - raft.server.snapshot.retention.num.files = -1 (default)
2019-09-17 10:13:32,410 [pool-77-thread-1] INFO  server.RaftServerConfigKeys (ConfUtils.java:logGet(43)) - raft.server.retrycache.expirytime = 600000ms (custom)
2019-09-17 10:13:32,414 [pool-77-thread-1] INFO  impl.RaftServerImpl (RaftServerImpl.java:start(185)) - 55583e5a-eaa2-4a32-b956-442090b04083@group-9E7FA5046B46: start as a follower, conf=-1: [55583e5a-eaa2-4a32-b956-442090b04083:192.168.34.37:42551], old=null
2019-09-17 10:13:32,414 [pool-77-thread-1] INFO  impl.RaftServerImpl (RaftServerImpl.java:setRole(174)) - 55583e5a-eaa2-4a32-b956-442090b04083@group-9E7FA5046B46: changes role from      null to FOLLOWER at term 0 for startAsFollower
2019-09-17 10:13:32,414 [pool-77-thread-1] INFO  impl.RoleInfo (RoleInfo.java:updateAndGet(143)) - 55583e5a-eaa2-4a32-b956-442090b04083: start FollowerState
2019-09-17 10:13:32,415 [pool-77-thread-1] INFO  util.JmxRegister (JmxRegister.java:tryRegister(44)) - Successfully registered JMX Bean with object name Ratis:service=RaftServer,group=group-9E7FA5046B46,id=55583e5a-eaa2-4a32-b956-442090b04083
2019-09-17 10:13:32,429 [RatisPipelineUtilsThread] INFO  pipeline.PipelineStateManager (PipelineStateManager.java:addPipeline(56)) - Created pipeline Pipeline[ Id: c99acb1f-4b88-499f-8709-9e7fa5046b46, Nodes: 55583e5a-eaa2-4a32-b956-442090b04083{ip: 192.168.34.37, host: pr-hdds-2110-rdjw6-11158954, networkLocation: /default-rack, certSerialId: null}, Type:RATIS, Factor:ONE, State:OPEN]
2019-09-17 10:13:32,448 [grpc-default-executor-0] INFO  impl.RaftServerProxy (RaftServerProxy.java:addNew(89)) - cc01c7d5-5dcf-4408-8cdb-fcf6ab2d1d3a: addNew group-20C9E1DF4DF3:[cc01c7d5-5dcf-4408-8cdb-fcf6ab2d1d3a:192.168.34.37:38584] returns group-20C9E1DF4DF3:java.util.concurrent.CompletableFuture@63c0957b[Not completed]
2019-09-17 10:13:32,454 [pool-67-thread-1] INFO  impl.RaftServerImpl (RaftServerImpl.java:<init>(95)) - cc01c7d5-5dcf-4408-8cdb-fcf6ab2d1d3a: new RaftServerImpl for group-20C9E1DF4DF3:[cc01c7d5-5dcf-4408-8cdb-fcf6ab2d1d3a:192.168.34.37:38584] with ContainerStateMachine:uninitialized
2019-09-17 10:13:32,454 [pool-67-thread-1] INFO  server.RaftServerConfigKeys (ConfUtils.java:logGet(43)) - raft.server.rpc.timeout.min = 1s (custom)
2019-09-17 10:13:32,454 [pool-67-thread-1] INFO  server.RaftServerConfigKeys (ConfUtils.java:logGet(43)) - raft.server.rpc.timeout.max = 1200ms (custom)
2019-09-17 10:13:32,454 [pool-67-thread-1] INFO  server.RaftServerConfigKeys (ConfUtils.java:logGet(43)) - raft.server.rpcslowness.timeout = 120s (custom)
2019-09-17 10:13:32,454 [pool-67-thread-1] INFO  server.RaftServerConfigKeys (ConfUtils.java:logGet(43)) - raft.server.sleep.deviation.threshold = 300 (default)
2019-09-17 10:13:32,454 [pool-67-thread-1] INFO  server.RaftServerConfigKeys (ConfUtils.java:logGet(43)) - raft.server.log.appender.install.snapshot.enabled = false (custom)
2019-09-17 10:13:32,454 [pool-67-thread-1] INFO  impl.RaftServerImpl (ServerState.java:<init>(103)) - cc01c7d5-5dcf-4408-8cdb-fcf6ab2d1d3a@group-20C9E1DF4DF3: ConfigurationManager, init=-1: [cc01c7d5-5dcf-4408-8cdb-fcf6ab2d1d3a:192.168.34.37:38584], old=null, confs=<EMPTY_MAP>
2019-09-17 10:13:32,455 [pool-67-thread-1] INFO  server.RaftServerConfigKeys (ConfUtils.java:logGet(43)) - raft.server.storage.dir = [/workdir/hadoop-ozone/integration-test/target/test-dir/MiniOzoneClusterImpl-79292457-8b46-4756-affc-c3b1963f1051/datanode-4/data/ratis] (custom)
2019-09-17 10:13:32,455 [pool-67-thread-1] INFO  storage.RaftStorageDirectory (RaftStorageDirectory.java:analyzeStorage(246)) - The storage directory /workdir/hadoop-ozone/integration-test/target/test-dir/MiniOzoneClusterImpl-79292457-8b46-4756-affc-c3b1963f1051/datanode-4/data/ratis/b00df2e1-d5eb-4db4-b560-20c9e1df4df3 does not exist. Creating ...
2019-09-17 10:13:32,468 [pool-67-thread-1] INFO  storage.RaftStorageDirectory (RaftStorageDirectory.java:tryLock(328)) - Lock on /workdir/hadoop-ozone/integration-test/target/test-dir/MiniOzoneClusterImpl-79292457-8b46-4756-affc-c3b1963f1051/datanode-4/data/ratis/b00df2e1-d5eb-4db4-b560-20c9e1df4df3/in_use.lock acquired by nodename 12743@pr-hdds-2110-rdjw6-11158954
2019-09-17 10:13:32,486 [pool-67-thread-1] INFO  storage.RaftStorage (RaftStorage.java:format(72)) - Storage directory /workdir/hadoop-ozone/integration-test/target/test-dir/MiniOzoneClusterImpl-79292457-8b46-4756-affc-c3b1963f1051/datanode-4/data/ratis/b00df2e1-d5eb-4db4-b560-20c9e1df4df3 has been successfully formatted.
2019-09-17 10:13:32,487 [pool-67-thread-1] INFO  ratis.ContainerStateMachine (ContainerStateMachine.java:loadSnapshot(230)) - group-20C9E1DF4DF3: The snapshot info is null. Setting the last applied indexto:(t:0, i:~)
2019-09-17 10:13:32,487 [pool-67-thread-1] INFO  server.RaftServerConfigKeys (ConfUtils.java:logGet(43)) - raft.server.notification.no-leader.timeout = 120s (custom)
2019-09-17 10:13:32,487 [pool-67-thread-1] INFO  server.RaftServerConfigKeys (ConfUtils.java:logGet(43)) - raft.server.log.use.memory = false (default)
2019-09-17 10:13:32,487 [pool-67-thread-1] INFO  server.RaftServerConfigKeys (ConfUtils.java:logGet(43)) - raft.server.log.purge.gap = 1000000 (custom)
2019-09-17 10:13:32,487 [pool-67-thread-1] INFO  server.RaftServerConfigKeys (ConfUtils.java:logGet(43)) - raft.server.log.appender.buffer.byte-limit = 33554432 (custom)
2019-09-17 10:13:32,487 [pool-67-thread-1] INFO  server.RaftServerConfigKeys (ConfUtils.java:logGet(43)) - raft.server.log.segment.size.max = 1048576 (custom)
2019-09-17 10:13:32,487 [pool-67-thread-1] INFO  server.RaftServerConfigKeys (ConfUtils.java:logGet(43)) - raft.server.log.segment.cache.num.max = 2 (custom)
2019-09-17 10:13:32,487 [pool-67-thread-1] INFO  segmented.SegmentedRaftLogWorker (SegmentedRaftLogWorker.java:<init>(172)) - new cc01c7d5-5dcf-4408-8cdb-fcf6ab2d1d3a@group-20C9E1DF4DF3-SegmentedRaftLogWorker for RaftStorage:Storage Directory /workdir/hadoop-ozone/integration-test/target/test-dir/MiniOzoneClusterImpl-79292457-8b46-4756-affc-c3b1963f1051/datanode-4/data/ratis/b00df2e1-d5eb-4db4-b560-20c9e1df4df3
2019-09-17 10:13:32,490 [pool-67-thread-1] INFO  server.RaftServerConfigKeys (ConfUtils.java:logGet(43)) - raft.server.log.queue.byte-limit = 2147483647 (custom)
2019-09-17 10:13:32,490 [pool-67-thread-1] INFO  server.RaftServerConfigKeys (ConfUtils.java:logGet(43)) - raft.server.log.queue.element-limit = 1024 (custom)
2019-09-17 10:13:32,490 [pool-67-thread-1] INFO  server.RaftServerConfigKeys (ConfUtils.java:logGet(43)) - raft.server.log.segment.size.max = 1048576 (custom)
2019-09-17 10:13:32,490 [pool-67-thread-1] INFO  server.RaftServerConfigKeys (ConfUtils.java:logGet(43)) - raft.server.log.preallocated.size = 16384 (custom)
2019-09-17 10:13:32,490 [pool-67-thread-1] INFO  server.RaftServerConfigKeys (ConfUtils.java:logGet(43)) - raft.server.log.write.buffer.size = 33554432 (custom)
2019-09-17 10:13:32,490 [pool-67-thread-1] INFO  server.RaftServerConfigKeys (ConfUtils.java:logGet(43)) - raft.server.log.force.sync.num = 128 (default)
2019-09-17 10:13:32,490 [pool-67-thread-1] INFO  server.RaftServerConfigKeys (ConfUtils.java:logGet(43)) - raft.server.log.statemachine.data.sync = true (default)
2019-09-17 10:13:32,491 [pool-67-thread-1] INFO  server.RaftServerConfigKeys (ConfUtils.java:logGet(43)) - raft.server.log.statemachine.data.sync.timeout = 10s (default)
2019-09-17 10:13:32,491 [pool-67-thread-1] INFO  server.RaftServerConfigKeys (ConfUtils.java:logGet(43)) - raft.server.log.statemachine.data.sync.timeout.retry = -1 (default)
2019-09-17 10:13:32,491 [pool-67-thread-1] INFO  server.RaftServerConfigKeys (ConfUtils.java:logGet(43)) - raft.server.log.statemachine.data.caching.enabled = true (custom)
2019-09-17 10:13:32,491 [pool-67-thread-1] INFO  segmented.SegmentedRaftLogWorker (SegmentedRaftLogWorker.java:lambda$new$0(132)) - cc01c7d5-5dcf-4408-8cdb-fcf6ab2d1d3a@group-20C9E1DF4DF3-SegmentedRaftLogWorker: flushIndex: setUnconditionally 0 -> -1
2019-09-17 10:13:32,491 [pool-67-thread-1] INFO  server.RaftServerConfigKeys (ConfUtils.java:logGet(43)) - raft.server.snapshot.auto.trigger.enabled = true (custom)
2019-09-17 10:13:32,492 [pool-67-thread-1] INFO  server.RaftServerConfigKeys (ConfUtils.java:logGet(43)) - raft.server.snapshot.auto.trigger.threshold = 10000 (custom)
2019-09-17 10:13:32,492 [pool-67-thread-1] INFO  server.RaftServerConfigKeys (ConfUtils.java:logGet(43)) - raft.server.snapshot.retention.num.files = -1 (default)
2019-09-17 10:13:32,492 [pool-67-thread-1] INFO  server.RaftServerConfigKeys (ConfUtils.java:logGet(43)) - raft.server.retrycache.expirytime = 600000ms (custom)
2019-09-17 10:13:32,494 [pool-67-thread-1] INFO  impl.RaftServerImpl (RaftServerImpl.java:start(185)) - cc01c7d5-5dcf-4408-8cdb-fcf6ab2d1d3a@group-20C9E1DF4DF3: start as a follower, conf=-1: [cc01c7d5-5dcf-4408-8cdb-fcf6ab2d1d3a:192.168.34.37:38584], old=null
2019-09-17 10:13:32,494 [pool-67-thread-1] INFO  impl.RaftServerImpl (RaftServerImpl.java:setRole(174)) - cc01c7d5-5dcf-4408-8cdb-fcf6ab2d1d3a@group-20C9E1DF4DF3: changes role from      null to FOLLOWER at term 0 for startAsFollower
2019-09-17 10:13:32,494 [pool-67-thread-1] INFO  impl.RoleInfo (RoleInfo.java:updateAndGet(143)) - cc01c7d5-5dcf-4408-8cdb-fcf6ab2d1d3a: start FollowerState
2019-09-17 10:13:32,494 [pool-67-thread-1] INFO  util.JmxRegister (JmxRegister.java:tryRegister(44)) - Successfully registered JMX Bean with object name Ratis:service=RaftServer,group=group-20C9E1DF4DF3,id=cc01c7d5-5dcf-4408-8cdb-fcf6ab2d1d3a
2019-09-17 10:13:32,515 [RatisPipelineUtilsThread] INFO  pipeline.PipelineStateManager (PipelineStateManager.java:addPipeline(56)) - Created pipeline Pipeline[ Id: b00df2e1-d5eb-4db4-b560-20c9e1df4df3, Nodes: cc01c7d5-5dcf-4408-8cdb-fcf6ab2d1d3a{ip: 192.168.34.37, host: pr-hdds-2110-rdjw6-11158954, networkLocation: /default-rack, certSerialId: null}, Type:RATIS, Factor:ONE, State:OPEN]
2019-09-17 10:13:32,537 [grpc-default-executor-0] INFO  impl.RaftServerProxy (RaftServerProxy.java:addNew(89)) - 2bed06ad-feb1-4a42-84de-0c97964ae469: addNew group-40A86E6D8F12:[2bed06ad-feb1-4a42-84de-0c97964ae469:192.168.34.37:36327] returns group-40A86E6D8F12:java.util.concurrent.CompletableFuture@69f118fd[Not completed]
2019-09-17 10:13:32,542 [pool-117-thread-1] INFO  impl.RaftServerImpl (RaftServerImpl.java:<init>(95)) - 2bed06ad-feb1-4a42-84de-0c97964ae469: new RaftServerImpl for group-40A86E6D8F12:[2bed06ad-feb1-4a42-84de-0c97964ae469:192.168.34.37:36327] with ContainerStateMachine:uninitialized
2019-09-17 10:13:32,542 [pool-117-thread-1] INFO  server.RaftServerConfigKeys (ConfUtils.java:logGet(43)) - raft.server.rpc.timeout.min = 1s (custom)
2019-09-17 10:13:32,543 [pool-117-thread-1] INFO  server.RaftServerConfigKeys (ConfUtils.java:logGet(43)) - raft.server.rpc.timeout.max = 1200ms (custom)
2019-09-17 10:13:32,543 [pool-117-thread-1] INFO  server.RaftServerConfigKeys (ConfUtils.java:logGet(43)) - raft.server.rpcslowness.timeout = 120s (custom)
2019-09-17 10:13:32,543 [pool-117-thread-1] INFO  server.RaftServerConfigKeys (ConfUtils.java:logGet(43)) - raft.server.sleep.deviation.threshold = 300 (default)
2019-09-17 10:13:32,543 [pool-117-thread-1] INFO  server.RaftServerConfigKeys (ConfUtils.java:logGet(43)) - raft.server.log.appender.install.snapshot.enabled = false (custom)
2019-09-17 10:13:32,543 [pool-117-thread-1] INFO  impl.RaftServerImpl (ServerState.java:<init>(103)) - 2bed06ad-feb1-4a42-84de-0c97964ae469@group-40A86E6D8F12: ConfigurationManager, init=-1: [2bed06ad-feb1-4a42-84de-0c97964ae469:192.168.34.37:36327], old=null, confs=<EMPTY_MAP>
2019-09-17 10:13:32,543 [pool-117-thread-1] INFO  server.RaftServerConfigKeys (ConfUtils.java:logGet(43)) - raft.server.storage.dir = [/workdir/hadoop-ozone/integration-test/target/test-dir/MiniOzoneClusterImpl-79292457-8b46-4756-affc-c3b1963f1051/datanode-9/data/ratis] (custom)
2019-09-17 10:13:32,544 [pool-117-thread-1] INFO  storage.RaftStorageDirectory (RaftStorageDirectory.java:analyzeStorage(246)) - The storage directory /workdir/hadoop-ozone/integration-test/target/test-dir/MiniOzoneClusterImpl-79292457-8b46-4756-affc-c3b1963f1051/datanode-9/data/ratis/a41b1e47-ecd0-4d60-a6fd-40a86e6d8f12 does not exist. Creating ...
2019-09-17 10:13:32,556 [pool-117-thread-1] INFO  storage.RaftStorageDirectory (RaftStorageDirectory.java:tryLock(328)) - Lock on /workdir/hadoop-ozone/integration-test/target/test-dir/MiniOzoneClusterImpl-79292457-8b46-4756-affc-c3b1963f1051/datanode-9/data/ratis/a41b1e47-ecd0-4d60-a6fd-40a86e6d8f12/in_use.lock acquired by nodename 12743@pr-hdds-2110-rdjw6-11158954
2019-09-17 10:13:32,570 [pool-117-thread-1] INFO  storage.RaftStorage (RaftStorage.java:format(72)) - Storage directory /workdir/hadoop-ozone/integration-test/target/test-dir/MiniOzoneClusterImpl-79292457-8b46-4756-affc-c3b1963f1051/datanode-9/data/ratis/a41b1e47-ecd0-4d60-a6fd-40a86e6d8f12 has been successfully formatted.
2019-09-17 10:13:32,570 [pool-117-thread-1] INFO  ratis.ContainerStateMachine (ContainerStateMachine.java:loadSnapshot(230)) - group-40A86E6D8F12: The snapshot info is null. Setting the last applied indexto:(t:0, i:~)
2019-09-17 10:13:32,570 [pool-117-thread-1] INFO  server.RaftServerConfigKeys (ConfUtils.java:logGet(43)) - raft.server.notification.no-leader.timeout = 120s (custom)
2019-09-17 10:13:32,570 [pool-117-thread-1] INFO  server.RaftServerConfigKeys (ConfUtils.java:logGet(43)) - raft.server.log.use.memory = false (default)
2019-09-17 10:13:32,570 [pool-117-thread-1] INFO  server.RaftServerConfigKeys (ConfUtils.java:logGet(43)) - raft.server.log.purge.gap = 1000000 (custom)
2019-09-17 10:13:32,570 [pool-117-thread-1] INFO  server.RaftServerConfigKeys (ConfUtils.java:logGet(43)) - raft.server.log.appender.buffer.byte-limit = 33554432 (custom)
2019-09-17 10:13:32,570 [pool-117-thread-1] INFO  server.RaftServerConfigKeys (ConfUtils.java:logGet(43)) - raft.server.log.segment.size.max = 1048576 (custom)
2019-09-17 10:13:32,571 [pool-117-thread-1] INFO  server.RaftServerConfigKeys (ConfUtils.java:logGet(43)) - raft.server.log.segment.cache.num.max = 2 (custom)
2019-09-17 10:13:32,571 [pool-117-thread-1] INFO  segmented.SegmentedRaftLogWorker (SegmentedRaftLogWorker.java:<init>(172)) - new 2bed06ad-feb1-4a42-84de-0c97964ae469@group-40A86E6D8F12-SegmentedRaftLogWorker for RaftStorage:Storage Directory /workdir/hadoop-ozone/integration-test/target/test-dir/MiniOzoneClusterImpl-79292457-8b46-4756-affc-c3b1963f1051/datanode-9/data/ratis/a41b1e47-ecd0-4d60-a6fd-40a86e6d8f12
2019-09-17 10:13:32,573 [pool-117-thread-1] INFO  server.RaftServerConfigKeys (ConfUtils.java:logGet(43)) - raft.server.log.queue.byte-limit = 2147483647 (custom)
2019-09-17 10:13:32,574 [pool-117-thread-1] INFO  server.RaftServerConfigKeys (ConfUtils.java:logGet(43)) - raft.server.log.queue.element-limit = 1024 (custom)
2019-09-17 10:13:32,574 [pool-117-thread-1] INFO  server.RaftServerConfigKeys (ConfUtils.java:logGet(43)) - raft.server.log.segment.size.max = 1048576 (custom)
2019-09-17 10:13:32,574 [pool-117-thread-1] INFO  server.RaftServerConfigKeys (ConfUtils.java:logGet(43)) - raft.server.log.preallocated.size = 16384 (custom)
2019-09-17 10:13:32,574 [pool-117-thread-1] INFO  server.RaftServerConfigKeys (ConfUtils.java:logGet(43)) - raft.server.log.write.buffer.size = 33554432 (custom)
2019-09-17 10:13:32,574 [pool-117-thread-1] INFO  server.RaftServerConfigKeys (ConfUtils.java:logGet(43)) - raft.server.log.force.sync.num = 128 (default)
2019-09-17 10:13:32,574 [pool-117-thread-1] INFO  server.RaftServerConfigKeys (ConfUtils.java:logGet(43)) - raft.server.log.statemachine.data.sync = true (default)
2019-09-17 10:13:32,574 [pool-117-thread-1] INFO  server.RaftServerConfigKeys (ConfUtils.java:logGet(43)) - raft.server.log.statemachine.data.sync.timeout = 10s (default)
2019-09-17 10:13:32,574 [pool-117-thread-1] INFO  server.RaftServerConfigKeys (ConfUtils.java:logGet(43)) - raft.server.log.statemachine.data.sync.timeout.retry = -1 (default)
2019-09-17 10:13:32,575 [pool-117-thread-1] INFO  server.RaftServerConfigKeys (ConfUtils.java:logGet(43)) - raft.server.log.statemachine.data.caching.enabled = true (custom)
2019-09-17 10:13:32,575 [pool-117-thread-1] INFO  segmented.SegmentedRaftLogWorker (SegmentedRaftLogWorker.java:lambda$new$0(132)) - 2bed06ad-feb1-4a42-84de-0c97964ae469@group-40A86E6D8F12-SegmentedRaftLogWorker: flushIndex: setUnconditionally 0 -> -1
2019-09-17 10:13:32,575 [pool-117-thread-1] INFO  server.RaftServerConfigKeys (ConfUtils.java:logGet(43)) - raft.server.snapshot.auto.trigger.enabled = true (custom)
2019-09-17 10:13:32,575 [pool-117-thread-1] INFO  server.RaftServerConfigKeys (ConfUtils.java:logGet(43)) - raft.server.snapshot.auto.trigger.threshold = 10000 (custom)
2019-09-17 10:13:32,575 [pool-117-thread-1] INFO  server.RaftServerConfigKeys (ConfUtils.java:logGet(43)) - raft.server.snapshot.retention.num.files = -1 (default)
2019-09-17 10:13:32,575 [pool-117-thread-1] INFO  server.RaftServerConfigKeys (ConfUtils.java:logGet(43)) - raft.server.retrycache.expirytime = 600000ms (custom)
2019-09-17 10:13:32,577 [pool-117-thread-1] INFO  impl.RaftServerImpl (RaftServerImpl.java:start(185)) - 2bed06ad-feb1-4a42-84de-0c97964ae469@group-40A86E6D8F12: start as a follower, conf=-1: [2bed06ad-feb1-4a42-84de-0c97964ae469:192.168.34.37:36327], old=null
2019-09-17 10:13:32,577 [pool-117-thread-1] INFO  impl.RaftServerImpl (RaftServerImpl.java:setRole(174)) - 2bed06ad-feb1-4a42-84de-0c97964ae469@group-40A86E6D8F12: changes role from      null to FOLLOWER at term 0 for startAsFollower
2019-09-17 10:13:32,577 [pool-117-thread-1] INFO  impl.RoleInfo (RoleInfo.java:updateAndGet(143)) - 2bed06ad-feb1-4a42-84de-0c97964ae469: start FollowerState
2019-09-17 10:13:32,578 [pool-117-thread-1] INFO  util.JmxRegister (JmxRegister.java:tryRegister(44)) - Successfully registered JMX Bean with object name Ratis:service=RaftServer,group=group-40A86E6D8F12,id=2bed06ad-feb1-4a42-84de-0c97964ae469
2019-09-17 10:13:32,594 [RatisPipelineUtilsThread] INFO  pipeline.PipelineStateManager (PipelineStateManager.java:addPipeline(56)) - Created pipeline Pipeline[ Id: a41b1e47-ecd0-4d60-a6fd-40a86e6d8f12, Nodes: 2bed06ad-feb1-4a42-84de-0c97964ae469{ip: 192.168.34.37, host: pr-hdds-2110-rdjw6-11158954, networkLocation: /default-rack, certSerialId: null}, Type:RATIS, Factor:ONE, State:OPEN]
2019-09-17 10:13:32,612 [grpc-default-executor-0] INFO  impl.RaftServerProxy (RaftServerProxy.java:addNew(89)) - cd7fb81c-86a4-4055-b819-d84d71d1e03b: addNew group-2C85587F8A6D:[cd7fb81c-86a4-4055-b819-d84d71d1e03b:192.168.34.37:45422] returns group-2C85587F8A6D:java.util.concurrent.CompletableFuture@480f9d0a[Not completed]
2019-09-17 10:13:32,618 [pool-107-thread-1] INFO  impl.RaftServerImpl (RaftServerImpl.java:<init>(95)) - cd7fb81c-86a4-4055-b819-d84d71d1e03b: new RaftServerImpl for group-2C85587F8A6D:[cd7fb81c-86a4-4055-b819-d84d71d1e03b:192.168.34.37:45422] with ContainerStateMachine:uninitialized
2019-09-17 10:13:32,618 [pool-107-thread-1] INFO  server.RaftServerConfigKeys (ConfUtils.java:logGet(43)) - raft.server.rpc.timeout.min = 1s (custom)
2019-09-17 10:13:32,619 [pool-107-thread-1] INFO  server.RaftServerConfigKeys (ConfUtils.java:logGet(43)) - raft.server.rpc.timeout.max = 1200ms (custom)
2019-09-17 10:13:32,619 [pool-107-thread-1] INFO  server.RaftServerConfigKeys (ConfUtils.java:logGet(43)) - raft.server.rpcslowness.timeout = 120s (custom)
2019-09-17 10:13:32,619 [pool-107-thread-1] INFO  server.RaftServerConfigKeys (ConfUtils.java:logGet(43)) - raft.server.sleep.deviation.threshold = 300 (default)
2019-09-17 10:13:32,619 [pool-107-thread-1] INFO  server.RaftServerConfigKeys (ConfUtils.java:logGet(43)) - raft.server.log.appender.install.snapshot.enabled = false (custom)
2019-09-17 10:13:32,619 [pool-107-thread-1] INFO  impl.RaftServerImpl (ServerState.java:<init>(103)) - cd7fb81c-86a4-4055-b819-d84d71d1e03b@group-2C85587F8A6D: ConfigurationManager, init=-1: [cd7fb81c-86a4-4055-b819-d84d71d1e03b:192.168.34.37:45422], old=null, confs=<EMPTY_MAP>
2019-09-17 10:13:32,619 [pool-107-thread-1] INFO  server.RaftServerConfigKeys (ConfUtils.java:logGet(43)) - raft.server.storage.dir = [/workdir/hadoop-ozone/integration-test/target/test-dir/MiniOzoneClusterImpl-79292457-8b46-4756-affc-c3b1963f1051/datanode-8/data/ratis] (custom)
2019-09-17 10:13:32,620 [pool-107-thread-1] INFO  storage.RaftStorageDirectory (RaftStorageDirectory.java:analyzeStorage(246)) - The storage directory /workdir/hadoop-ozone/integration-test/target/test-dir/MiniOzoneClusterImpl-79292457-8b46-4756-affc-c3b1963f1051/datanode-8/data/ratis/3d7364be-155c-4352-ba2d-2c85587f8a6d does not exist. Creating ...
2019-09-17 10:13:32,633 [pool-107-thread-1] INFO  storage.RaftStorageDirectory (RaftStorageDirectory.java:tryLock(328)) - Lock on /workdir/hadoop-ozone/integration-test/target/test-dir/MiniOzoneClusterImpl-79292457-8b46-4756-affc-c3b1963f1051/datanode-8/data/ratis/3d7364be-155c-4352-ba2d-2c85587f8a6d/in_use.lock acquired by nodename 12743@pr-hdds-2110-rdjw6-11158954
2019-09-17 10:13:32,646 [pool-107-thread-1] INFO  storage.RaftStorage (RaftStorage.java:format(72)) - Storage directory /workdir/hadoop-ozone/integration-test/target/test-dir/MiniOzoneClusterImpl-79292457-8b46-4756-affc-c3b1963f1051/datanode-8/data/ratis/3d7364be-155c-4352-ba2d-2c85587f8a6d has been successfully formatted.
2019-09-17 10:13:32,646 [pool-107-thread-1] INFO  ratis.ContainerStateMachine (ContainerStateMachine.java:loadSnapshot(230)) - group-2C85587F8A6D: The snapshot info is null. Setting the last applied indexto:(t:0, i:~)
2019-09-17 10:13:32,646 [pool-107-thread-1] INFO  server.RaftServerConfigKeys (ConfUtils.java:logGet(43)) - raft.server.notification.no-leader.timeout = 120s (custom)
2019-09-17 10:13:32,646 [pool-107-thread-1] INFO  server.RaftServerConfigKeys (ConfUtils.java:logGet(43)) - raft.server.log.use.memory = false (default)
2019-09-17 10:13:32,647 [pool-107-thread-1] INFO  server.RaftServerConfigKeys (ConfUtils.java:logGet(43)) - raft.server.log.purge.gap = 1000000 (custom)
2019-09-17 10:13:32,647 [pool-107-thread-1] INFO  server.RaftServerConfigKeys (ConfUtils.java:logGet(43)) - raft.server.log.appender.buffer.byte-limit = 33554432 (custom)
2019-09-17 10:13:32,647 [pool-107-thread-1] INFO  server.RaftServerConfigKeys (ConfUtils.java:logGet(43)) - raft.server.log.segment.size.max = 1048576 (custom)
2019-09-17 10:13:32,647 [pool-107-thread-1] INFO  server.RaftServerConfigKeys (ConfUtils.java:logGet(43)) - raft.server.log.segment.cache.num.max = 2 (custom)
2019-09-17 10:13:32,647 [pool-107-thread-1] INFO  segmented.SegmentedRaftLogWorker (SegmentedRaftLogWorker.java:<init>(172)) - new cd7fb81c-86a4-4055-b819-d84d71d1e03b@group-2C85587F8A6D-SegmentedRaftLogWorker for RaftStorage:Storage Directory /workdir/hadoop-ozone/integration-test/target/test-dir/MiniOzoneClusterImpl-79292457-8b46-4756-affc-c3b1963f1051/datanode-8/data/ratis/3d7364be-155c-4352-ba2d-2c85587f8a6d
2019-09-17 10:13:32,649 [pool-107-thread-1] INFO  server.RaftServerConfigKeys (ConfUtils.java:logGet(43)) - raft.server.log.queue.byte-limit = 2147483647 (custom)
2019-09-17 10:13:32,649 [pool-107-thread-1] INFO  server.RaftServerConfigKeys (ConfUtils.java:logGet(43)) - raft.server.log.queue.element-limit = 1024 (custom)
2019-09-17 10:13:32,649 [pool-107-thread-1] INFO  server.RaftServerConfigKeys (ConfUtils.java:logGet(43)) - raft.server.log.segment.size.max = 1048576 (custom)
2019-09-17 10:13:32,650 [pool-107-thread-1] INFO  server.RaftServerConfigKeys (ConfUtils.java:logGet(43)) - raft.server.log.preallocated.size = 16384 (custom)
2019-09-17 10:13:32,650 [pool-107-thread-1] INFO  server.RaftServerConfigKeys (ConfUtils.java:logGet(43)) - raft.server.log.write.buffer.size = 33554432 (custom)
2019-09-17 10:13:32,650 [pool-107-thread-1] INFO  server.RaftServerConfigKeys (ConfUtils.java:logGet(43)) - raft.server.log.force.sync.num = 128 (default)
2019-09-17 10:13:32,650 [pool-107-thread-1] INFO  server.RaftServerConfigKeys (ConfUtils.java:logGet(43)) - raft.server.log.statemachine.data.sync = true (default)
2019-09-17 10:13:32,650 [pool-107-thread-1] INFO  server.RaftServerConfigKeys (ConfUtils.java:logGet(43)) - raft.server.log.statemachine.data.sync.timeout = 10s (default)
2019-09-17 10:13:32,650 [pool-107-thread-1] INFO  server.RaftServerConfigKeys (ConfUtils.java:logGet(43)) - raft.server.log.statemachine.data.sync.timeout.retry = -1 (default)
2019-09-17 10:13:32,651 [pool-107-thread-1] INFO  server.RaftServerConfigKeys (ConfUtils.java:logGet(43)) - raft.server.log.statemachine.data.caching.enabled = true (custom)
2019-09-17 10:13:32,651 [pool-107-thread-1] INFO  segmented.SegmentedRaftLogWorker (SegmentedRaftLogWorker.java:lambda$new$0(132)) - cd7fb81c-86a4-4055-b819-d84d71d1e03b@group-2C85587F8A6D-SegmentedRaftLogWorker: flushIndex: setUnconditionally 0 -> -1
2019-09-17 10:13:32,651 [pool-107-thread-1] INFO  server.RaftServerConfigKeys (ConfUtils.java:logGet(43)) - raft.server.snapshot.auto.trigger.enabled = true (custom)
2019-09-17 10:13:32,652 [pool-107-thread-1] INFO  server.RaftServerConfigKeys (ConfUtils.java:logGet(43)) - raft.server.snapshot.auto.trigger.threshold = 10000 (custom)
2019-09-17 10:13:32,652 [pool-107-thread-1] INFO  server.RaftServerConfigKeys (ConfUtils.java:logGet(43)) - raft.server.snapshot.retention.num.files = -1 (default)
2019-09-17 10:13:32,652 [pool-107-thread-1] INFO  server.RaftServerConfigKeys (ConfUtils.java:logGet(43)) - raft.server.retrycache.expirytime = 600000ms (custom)
2019-09-17 10:13:32,655 [pool-107-thread-1] INFO  impl.RaftServerImpl (RaftServerImpl.java:start(185)) - cd7fb81c-86a4-4055-b819-d84d71d1e03b@group-2C85587F8A6D: start as a follower, conf=-1: [cd7fb81c-86a4-4055-b819-d84d71d1e03b:192.168.34.37:45422], old=null
2019-09-17 10:13:32,655 [pool-107-thread-1] INFO  impl.RaftServerImpl (RaftServerImpl.java:setRole(174)) - cd7fb81c-86a4-4055-b819-d84d71d1e03b@group-2C85587F8A6D: changes role from      null to FOLLOWER at term 0 for startAsFollower
2019-09-17 10:13:32,655 [pool-107-thread-1] INFO  impl.RoleInfo (RoleInfo.java:updateAndGet(143)) - cd7fb81c-86a4-4055-b819-d84d71d1e03b: start FollowerState
2019-09-17 10:13:32,656 [pool-107-thread-1] INFO  util.JmxRegister (JmxRegister.java:tryRegister(44)) - Successfully registered JMX Bean with object name Ratis:service=RaftServer,group=group-2C85587F8A6D,id=cd7fb81c-86a4-4055-b819-d84d71d1e03b
2019-09-17 10:13:32,673 [RatisPipelineUtilsThread] INFO  pipeline.PipelineStateManager (PipelineStateManager.java:addPipeline(56)) - Created pipeline Pipeline[ Id: 3d7364be-155c-4352-ba2d-2c85587f8a6d, Nodes: cd7fb81c-86a4-4055-b819-d84d71d1e03b{ip: 192.168.34.37, host: pr-hdds-2110-rdjw6-11158954, networkLocation: /default-rack, certSerialId: null}, Type:RATIS, Factor:ONE, State:OPEN]
2019-09-17 10:13:32,698 [grpc-default-executor-0] INFO  impl.RaftServerProxy (RaftServerProxy.java:addNew(89)) - edf8b751-283e-4d1e-80cf-a3119e9ca034: addNew group-F65FF930375C:[edf8b751-283e-4d1e-80cf-a3119e9ca034:192.168.34.37:37082] returns group-F65FF930375C:java.util.concurrent.CompletableFuture@7ea439af[Not completed]
2019-09-17 10:13:32,708 [pool-47-thread-1] INFO  impl.RaftServerImpl (RaftServerImpl.java:<init>(95)) - edf8b751-283e-4d1e-80cf-a3119e9ca034: new RaftServerImpl for group-F65FF930375C:[edf8b751-283e-4d1e-80cf-a3119e9ca034:192.168.34.37:37082] with ContainerStateMachine:uninitialized
2019-09-17 10:13:32,708 [pool-47-thread-1] INFO  server.RaftServerConfigKeys (ConfUtils.java:logGet(43)) - raft.server.rpc.timeout.min = 1s (custom)
2019-09-17 10:13:32,708 [pool-47-thread-1] INFO  server.RaftServerConfigKeys (ConfUtils.java:logGet(43)) - raft.server.rpc.timeout.max = 1200ms (custom)
2019-09-17 10:13:32,708 [pool-47-thread-1] INFO  server.RaftServerConfigKeys (ConfUtils.java:logGet(43)) - raft.server.rpcslowness.timeout = 120s (custom)
2019-09-17 10:13:32,708 [pool-47-thread-1] INFO  server.RaftServerConfigKeys (ConfUtils.java:logGet(43)) - raft.server.sleep.deviation.threshold = 300 (default)
2019-09-17 10:13:32,709 [pool-47-thread-1] INFO  server.RaftServerConfigKeys (ConfUtils.java:logGet(43)) - raft.server.log.appender.install.snapshot.enabled = false (custom)
2019-09-17 10:13:32,709 [pool-47-thread-1] INFO  impl.RaftServerImpl (ServerState.java:<init>(103)) - edf8b751-283e-4d1e-80cf-a3119e9ca034@group-F65FF930375C: ConfigurationManager, init=-1: [edf8b751-283e-4d1e-80cf-a3119e9ca034:192.168.34.37:37082], old=null, confs=<EMPTY_MAP>
2019-09-17 10:13:32,709 [pool-47-thread-1] INFO  server.RaftServerConfigKeys (ConfUtils.java:logGet(43)) - raft.server.storage.dir = [/workdir/hadoop-ozone/integration-test/target/test-dir/MiniOzoneClusterImpl-79292457-8b46-4756-affc-c3b1963f1051/datanode-2/data/ratis] (custom)
2019-09-17 10:13:32,709 [pool-47-thread-1] INFO  storage.RaftStorageDirectory (RaftStorageDirectory.java:analyzeStorage(246)) - The storage directory /workdir/hadoop-ozone/integration-test/target/test-dir/MiniOzoneClusterImpl-79292457-8b46-4756-affc-c3b1963f1051/datanode-2/data/ratis/ed9d2403-c60e-4c81-9958-f65ff930375c does not exist. Creating ...
2019-09-17 10:13:32,722 [pool-47-thread-1] INFO  storage.RaftStorageDirectory (RaftStorageDirectory.java:tryLock(328)) - Lock on /workdir/hadoop-ozone/integration-test/target/test-dir/MiniOzoneClusterImpl-79292457-8b46-4756-affc-c3b1963f1051/datanode-2/data/ratis/ed9d2403-c60e-4c81-9958-f65ff930375c/in_use.lock acquired by nodename 12743@pr-hdds-2110-rdjw6-11158954
2019-09-17 10:13:32,739 [pool-47-thread-1] INFO  storage.RaftStorage (RaftStorage.java:format(72)) - Storage directory /workdir/hadoop-ozone/integration-test/target/test-dir/MiniOzoneClusterImpl-79292457-8b46-4756-affc-c3b1963f1051/datanode-2/data/ratis/ed9d2403-c60e-4c81-9958-f65ff930375c has been successfully formatted.
2019-09-17 10:13:32,739 [pool-47-thread-1] INFO  ratis.ContainerStateMachine (ContainerStateMachine.java:loadSnapshot(230)) - group-F65FF930375C: The snapshot info is null. Setting the last applied indexto:(t:0, i:~)
2019-09-17 10:13:32,739 [pool-47-thread-1] INFO  server.RaftServerConfigKeys (ConfUtils.java:logGet(43)) - raft.server.notification.no-leader.timeout = 120s (custom)
2019-09-17 10:13:32,739 [pool-47-thread-1] INFO  server.RaftServerConfigKeys (ConfUtils.java:logGet(43)) - raft.server.log.use.memory = false (default)
2019-09-17 10:13:32,739 [pool-47-thread-1] INFO  server.RaftServerConfigKeys (ConfUtils.java:logGet(43)) - raft.server.log.purge.gap = 1000000 (custom)
2019-09-17 10:13:32,740 [pool-47-thread-1] INFO  server.RaftServerConfigKeys (ConfUtils.java:logGet(43)) - raft.server.log.appender.buffer.byte-limit = 33554432 (custom)
2019-09-17 10:13:32,740 [pool-47-thread-1] INFO  server.RaftServerConfigKeys (ConfUtils.java:logGet(43)) - raft.server.log.segment.size.max = 1048576 (custom)
2019-09-17 10:13:32,740 [pool-47-thread-1] INFO  server.RaftServerConfigKeys (ConfUtils.java:logGet(43)) - raft.server.log.segment.cache.num.max = 2 (custom)
2019-09-17 10:13:32,740 [pool-47-thread-1] INFO  segmented.SegmentedRaftLogWorker (SegmentedRaftLogWorker.java:<init>(172)) - new edf8b751-283e-4d1e-80cf-a3119e9ca034@group-F65FF930375C-SegmentedRaftLogWorker for RaftStorage:Storage Directory /workdir/hadoop-ozone/integration-test/target/test-dir/MiniOzoneClusterImpl-79292457-8b46-4756-affc-c3b1963f1051/datanode-2/data/ratis/ed9d2403-c60e-4c81-9958-f65ff930375c
2019-09-17 10:13:32,742 [pool-47-thread-1] INFO  server.RaftServerConfigKeys (ConfUtils.java:logGet(43)) - raft.server.log.queue.byte-limit = 2147483647 (custom)
2019-09-17 10:13:32,742 [pool-47-thread-1] INFO  server.RaftServerConfigKeys (ConfUtils.java:logGet(43)) - raft.server.log.queue.element-limit = 1024 (custom)
2019-09-17 10:13:32,742 [pool-47-thread-1] INFO  server.RaftServerConfigKeys (ConfUtils.java:logGet(43)) - raft.server.log.segment.size.max = 1048576 (custom)
2019-09-17 10:13:32,742 [pool-47-thread-1] INFO  server.RaftServerConfigKeys (ConfUtils.java:logGet(43)) - raft.server.log.preallocated.size = 16384 (custom)
2019-09-17 10:13:32,743 [pool-47-thread-1] INFO  server.RaftServerConfigKeys (ConfUtils.java:logGet(43)) - raft.server.log.write.buffer.size = 33554432 (custom)
2019-09-17 10:13:32,743 [pool-47-thread-1] INFO  server.RaftServerConfigKeys (ConfUtils.java:logGet(43)) - raft.server.log.force.sync.num = 128 (default)
2019-09-17 10:13:32,743 [pool-47-thread-1] INFO  server.RaftServerConfigKeys (ConfUtils.java:logGet(43)) - raft.server.log.statemachine.data.sync = true (default)
2019-09-17 10:13:32,743 [pool-47-thread-1] INFO  server.RaftServerConfigKeys (ConfUtils.java:logGet(43)) - raft.server.log.statemachine.data.sync.timeout = 10s (default)
2019-09-17 10:13:32,743 [pool-47-thread-1] INFO  server.RaftServerConfigKeys (ConfUtils.java:logGet(43)) - raft.server.log.statemachine.data.sync.timeout.retry = -1 (default)
2019-09-17 10:13:32,746 [pool-47-thread-1] INFO  server.RaftServerConfigKeys (ConfUtils.java:logGet(43)) - raft.server.log.statemachine.data.caching.enabled = true (custom)
2019-09-17 10:13:32,746 [pool-47-thread-1] INFO  segmented.SegmentedRaftLogWorker (SegmentedRaftLogWorker.java:lambda$new$0(132)) - edf8b751-283e-4d1e-80cf-a3119e9ca034@group-F65FF930375C-SegmentedRaftLogWorker: flushIndex: setUnconditionally 0 -> -1
2019-09-17 10:13:32,746 [pool-47-thread-1] INFO  server.RaftServerConfigKeys (ConfUtils.java:logGet(43)) - raft.server.snapshot.auto.trigger.enabled = true (custom)
2019-09-17 10:13:32,746 [pool-47-thread-1] INFO  server.RaftServerConfigKeys (ConfUtils.java:logGet(43)) - raft.server.snapshot.auto.trigger.threshold = 10000 (custom)
2019-09-17 10:13:32,746 [pool-47-thread-1] INFO  server.RaftServerConfigKeys (ConfUtils.java:logGet(43)) - raft.server.snapshot.retention.num.files = -1 (default)
2019-09-17 10:13:32,747 [pool-47-thread-1] INFO  server.RaftServerConfigKeys (ConfUtils.java:logGet(43)) - raft.server.retrycache.expirytime = 600000ms (custom)
2019-09-17 10:13:32,810 [main] INFO  ozone.MiniOzoneClusterImpl (MiniOzoneClusterImpl.java:lambda$waitForClusterToBeReady$0(140)) - Cluster is ready. Got 10 of 10 DN Heartbeats.
2019-09-17 10:13:32,816 [Thread-285] INFO  impl.FollowerState (FollowerState.java:run(106)) - 04cd4a9b-51ef-4921-b690-09927bd9ce1f:group-457F16CCBE1A changes to CANDIDATE, lastRpcTime:1070, electionTimeout:1020ms
2019-09-17 10:13:32,821 [pool-47-thread-1] INFO  impl.RaftServerImpl (RaftServerImpl.java:start(185)) - edf8b751-283e-4d1e-80cf-a3119e9ca034@group-F65FF930375C: start as a follower, conf=-1: [edf8b751-283e-4d1e-80cf-a3119e9ca034:192.168.34.37:37082], old=null
2019-09-17 10:13:32,821 [pool-47-thread-1] INFO  impl.RaftServerImpl (RaftServerImpl.java:setRole(174)) - edf8b751-283e-4d1e-80cf-a3119e9ca034@group-F65FF930375C: changes role from      null to FOLLOWER at term 0 for startAsFollower
2019-09-17 10:13:32,822 [pool-47-thread-1] INFO  impl.RoleInfo (RoleInfo.java:updateAndGet(143)) - edf8b751-283e-4d1e-80cf-a3119e9ca034: start FollowerState
2019-09-17 10:13:32,822 [pool-47-thread-1] INFO  util.JmxRegister (JmxRegister.java:tryRegister(44)) - Successfully registered JMX Bean with object name Ratis:service=RaftServer,group=group-F65FF930375C,id=edf8b751-283e-4d1e-80cf-a3119e9ca034
2019-09-17 10:13:32,822 [Thread-285] INFO  impl.RoleInfo (RoleInfo.java:shutdownFollowerState(121)) - 04cd4a9b-51ef-4921-b690-09927bd9ce1f: shutdown FollowerState
2019-09-17 10:13:32,825 [Thread-285] INFO  impl.RaftServerImpl (RaftServerImpl.java:setRole(174)) - 04cd4a9b-51ef-4921-b690-09927bd9ce1f@group-457F16CCBE1A: changes role from  FOLLOWER to CANDIDATE at term 0 for changeToCandidate
2019-09-17 10:13:32,852 [Thread-285] INFO  impl.RoleInfo (RoleInfo.java:updateAndGet(143)) - 04cd4a9b-51ef-4921-b690-09927bd9ce1f: start LeaderElection
2019-09-17 10:13:32,852 [RatisPipelineUtilsThread] INFO  pipeline.PipelineStateManager (PipelineStateManager.java:addPipeline(56)) - Created pipeline Pipeline[ Id: ed9d2403-c60e-4c81-9958-f65ff930375c, Nodes: edf8b751-283e-4d1e-80cf-a3119e9ca034{ip: 192.168.34.37, host: pr-hdds-2110-rdjw6-11158954, networkLocation: /default-rack, certSerialId: null}, Type:RATIS, Factor:ONE, State:OPEN]
2019-09-17 10:13:32,881 [04cd4a9b-51ef-4921-b690-09927bd9ce1f@group-457F16CCBE1A:LeaderElection1] INFO  impl.LeaderElection (LeaderElection.java:askForVotes(182)) - 04cd4a9b-51ef-4921-b690-09927bd9ce1f@group-457F16CCBE1A:LeaderElection1: begin an election at term 1 for -1: [04cd4a9b-51ef-4921-b690-09927bd9ce1f:192.168.34.37:32905], old=null
2019-09-17 10:13:32,923 [04cd4a9b-51ef-4921-b690-09927bd9ce1f@group-457F16CCBE1A:LeaderElection1] INFO  impl.RoleInfo (RoleInfo.java:shutdownLeaderElection(134)) - 04cd4a9b-51ef-4921-b690-09927bd9ce1f: shutdown LeaderElection
2019-09-17 10:13:32,924 [04cd4a9b-51ef-4921-b690-09927bd9ce1f@group-457F16CCBE1A:LeaderElection1] INFO  impl.RaftServerImpl (RaftServerImpl.java:setRole(174)) - 04cd4a9b-51ef-4921-b690-09927bd9ce1f@group-457F16CCBE1A: changes role from CANDIDATE to LEADER at term 1 for changeToLeader
2019-09-17 10:13:32,925 [04cd4a9b-51ef-4921-b690-09927bd9ce1f@group-457F16CCBE1A:LeaderElection1] INFO  impl.RaftServerImpl (ServerState.java:setLeader(253)) - 04cd4a9b-51ef-4921-b690-09927bd9ce1f@group-457F16CCBE1A: change Leader from null to 04cd4a9b-51ef-4921-b690-09927bd9ce1f at term 1 for becomeLeader, leader elected after 1289ms
2019-09-17 10:13:32,937 [grpc-default-executor-2] INFO  impl.RaftServerProxy (RaftServerProxy.java:addNew(89)) - 1d843e0b-d448-4c1d-904a-b8b79ddf8dfc: addNew group-C922F90D4541:[1303f52d-d2af-4d51-a297-b30474c81d0b:192.168.34.37:45564, 7be722d9-df7a-49b7-8861-987a973deb04:192.168.34.37:44005, 1d843e0b-d448-4c1d-904a-b8b79ddf8dfc:192.168.34.37:43968] returns group-C922F90D4541:java.util.concurrent.CompletableFuture@4714d24f[Not completed]
2019-09-17 10:13:32,937 [grpc-default-executor-1] INFO  impl.RaftServerProxy (RaftServerProxy.java:addNew(89)) - 7be722d9-df7a-49b7-8861-987a973deb04: addNew group-C922F90D4541:[1303f52d-d2af-4d51-a297-b30474c81d0b:192.168.34.37:45564, 7be722d9-df7a-49b7-8861-987a973deb04:192.168.34.37:44005, 1d843e0b-d448-4c1d-904a-b8b79ddf8dfc:192.168.34.37:43968] returns group-C922F90D4541:java.util.concurrent.CompletableFuture@1d08ec9d[Not completed]
2019-09-17 10:13:32,939 [grpc-default-executor-0] INFO  impl.RaftServerProxy (RaftServerProxy.java:addNew(89)) - 1303f52d-d2af-4d51-a297-b30474c81d0b: addNew group-C922F90D4541:[1303f52d-d2af-4d51-a297-b30474c81d0b:192.168.34.37:45564, 7be722d9-df7a-49b7-8861-987a973deb04:192.168.34.37:44005, 1d843e0b-d448-4c1d-904a-b8b79ddf8dfc:192.168.34.37:43968] returns group-C922F90D4541:java.util.concurrent.CompletableFuture@25822d9[Not completed]
2019-09-17 10:13:32,940 [pool-37-thread-1] INFO  impl.RaftServerImpl (RaftServerImpl.java:<init>(95)) - 1d843e0b-d448-4c1d-904a-b8b79ddf8dfc: new RaftServerImpl for group-C922F90D4541:[1303f52d-d2af-4d51-a297-b30474c81d0b:192.168.34.37:45564, 7be722d9-df7a-49b7-8861-987a973deb04:192.168.34.37:44005, 1d843e0b-d448-4c1d-904a-b8b79ddf8dfc:192.168.34.37:43968] with ContainerStateMachine:uninitialized
2019-09-17 10:13:32,941 [pool-37-thread-1] INFO  server.RaftServerConfigKeys (ConfUtils.java:logGet(43)) - raft.server.rpc.timeout.min = 1s (custom)
2019-09-17 10:13:32,941 [pool-37-thread-1] INFO  server.RaftServerConfigKeys (ConfUtils.java:logGet(43)) - raft.server.rpc.timeout.max = 1200ms (custom)
2019-09-17 10:13:32,941 [pool-37-thread-1] INFO  server.RaftServerConfigKeys (ConfUtils.java:logGet(43)) - raft.server.rpcslowness.timeout = 120s (custom)
2019-09-17 10:13:32,941 [pool-87-thread-1] INFO  impl.RaftServerImpl (RaftServerImpl.java:<init>(95)) - 1303f52d-d2af-4d51-a297-b30474c81d0b: new RaftServerImpl for group-C922F90D4541:[1303f52d-d2af-4d51-a297-b30474c81d0b:192.168.34.37:45564, 7be722d9-df7a-49b7-8861-987a973deb04:192.168.34.37:44005, 1d843e0b-d448-4c1d-904a-b8b79ddf8dfc:192.168.34.37:43968] with ContainerStateMachine:uninitialized
2019-09-17 10:13:32,941 [pool-37-thread-1] INFO  server.RaftServerConfigKeys (ConfUtils.java:logGet(43)) - raft.server.sleep.deviation.threshold = 300 (default)
2019-09-17 10:13:32,941 [04cd4a9b-51ef-4921-b690-09927bd9ce1f@group-457F16CCBE1A:LeaderElection1] INFO  server.RaftServerConfigKeys (ConfUtils.java:logGet(43)) - raft.server.staging.catchup.gap = 1000 (default)
2019-09-17 10:13:32,941 [pool-37-thread-1] INFO  server.RaftServerConfigKeys (ConfUtils.java:logGet(43)) - raft.server.log.appender.install.snapshot.enabled = false (custom)
2019-09-17 10:13:32,941 [pool-87-thread-1] INFO  server.RaftServerConfigKeys (ConfUtils.java:logGet(43)) - raft.server.rpc.timeout.min = 1s (custom)
2019-09-17 10:13:32,942 [pool-37-thread-1] INFO  impl.RaftServerImpl (ServerState.java:<init>(103)) - 1d843e0b-d448-4c1d-904a-b8b79ddf8dfc@group-C922F90D4541: ConfigurationManager, init=-1: [1303f52d-d2af-4d51-a297-b30474c81d0b:192.168.34.37:45564, 7be722d9-df7a-49b7-8861-987a973deb04:192.168.34.37:44005, 1d843e0b-d448-4c1d-904a-b8b79ddf8dfc:192.168.34.37:43968], old=null, confs=<EMPTY_MAP>
2019-09-17 10:13:32,942 [04cd4a9b-51ef-4921-b690-09927bd9ce1f@group-457F16CCBE1A:LeaderElection1] INFO  server.RaftServerConfigKeys (ConfUtils.java:logGet(43)) - raft.server.rpc.sleep.time = 25ms (default)
2019-09-17 10:13:32,941 [pool-97-thread-1] INFO  impl.RaftServerImpl (RaftServerImpl.java:<init>(95)) - 7be722d9-df7a-49b7-8861-987a973deb04: new RaftServerImpl for group-C922F90D4541:[1303f52d-d2af-4d51-a297-b30474c81d0b:192.168.34.37:45564, 7be722d9-df7a-49b7-8861-987a973deb04:192.168.34.37:44005, 1d843e0b-d448-4c1d-904a-b8b79ddf8dfc:192.168.34.37:43968] with ContainerStateMachine:uninitialized
2019-09-17 10:13:32,942 [pool-37-thread-1] INFO  server.RaftServerConfigKeys (ConfUtils.java:logGet(43)) - raft.server.storage.dir = [/workdir/hadoop-ozone/integration-test/target/test-dir/MiniOzoneClusterImpl-79292457-8b46-4756-affc-c3b1963f1051/datanode-1/data/ratis] (custom)
2019-09-17 10:13:32,942 [pool-87-thread-1] INFO  server.RaftServerConfigKeys (ConfUtils.java:logGet(43)) - raft.server.rpc.timeout.max = 1200ms (custom)
2019-09-17 10:13:32,942 [pool-97-thread-1] INFO  server.RaftServerConfigKeys (ConfUtils.java:logGet(43)) - raft.server.rpc.timeout.min = 1s (custom)
2019-09-17 10:13:32,942 [pool-87-thread-1] INFO  server.RaftServerConfigKeys (ConfUtils.java:logGet(43)) - raft.server.rpcslowness.timeout = 120s (custom)
2019-09-17 10:13:32,942 [pool-97-thread-1] INFO  server.RaftServerConfigKeys (ConfUtils.java:logGet(43)) - raft.server.rpc.timeout.max = 1200ms (custom)
2019-09-17 10:13:32,943 [pool-37-thread-1] INFO  storage.RaftStorageDirectory (RaftStorageDirectory.java:analyzeStorage(246)) - The storage directory /workdir/hadoop-ozone/integration-test/target/test-dir/MiniOzoneClusterImpl-79292457-8b46-4756-affc-c3b1963f1051/datanode-1/data/ratis/02946cee-fb43-4ea8-8058-c922f90d4541 does not exist. Creating ...
2019-09-17 10:13:32,943 [pool-87-thread-1] INFO  server.RaftServerConfigKeys (ConfUtils.java:logGet(43)) - raft.server.sleep.deviation.threshold = 300 (default)
2019-09-17 10:13:32,943 [pool-97-thread-1] INFO  server.RaftServerConfigKeys (ConfUtils.java:logGet(43)) - raft.server.rpcslowness.timeout = 120s (custom)
2019-09-17 10:13:32,943 [pool-87-thread-1] INFO  server.RaftServerConfigKeys (ConfUtils.java:logGet(43)) - raft.server.log.appender.install.snapshot.enabled = false (custom)
2019-09-17 10:13:32,943 [pool-97-thread-1] INFO  server.RaftServerConfigKeys (ConfUtils.java:logGet(43)) - raft.server.sleep.deviation.threshold = 300 (default)
2019-09-17 10:13:32,943 [pool-87-thread-1] INFO  impl.RaftServerImpl (ServerState.java:<init>(103)) - 1303f52d-d2af-4d51-a297-b30474c81d0b@group-C922F90D4541: ConfigurationManager, init=-1: [1303f52d-d2af-4d51-a297-b30474c81d0b:192.168.34.37:45564, 7be722d9-df7a-49b7-8861-987a973deb04:192.168.34.37:44005, 1d843e0b-d448-4c1d-904a-b8b79ddf8dfc:192.168.34.37:43968], old=null, confs=<EMPTY_MAP>
2019-09-17 10:13:32,943 [pool-97-thread-1] INFO  server.RaftServerConfigKeys (ConfUtils.java:logGet(43)) - raft.server.log.appender.install.snapshot.enabled = false (custom)
2019-09-17 10:13:32,943 [pool-87-thread-1] INFO  server.RaftServerConfigKeys (ConfUtils.java:logGet(43)) - raft.server.storage.dir = [/workdir/hadoop-ozone/integration-test/target/test-dir/MiniOzoneClusterImpl-79292457-8b46-4756-affc-c3b1963f1051/datanode-6/data/ratis] (custom)
2019-09-17 10:13:32,943 [pool-97-thread-1] INFO  impl.RaftServerImpl (ServerState.java:<init>(103)) - 7be722d9-df7a-49b7-8861-987a973deb04@group-C922F90D4541: ConfigurationManager, init=-1: [1303f52d-d2af-4d51-a297-b30474c81d0b:192.168.34.37:45564, 7be722d9-df7a-49b7-8861-987a973deb04:192.168.34.37:44005, 1d843e0b-d448-4c1d-904a-b8b79ddf8dfc:192.168.34.37:43968], old=null, confs=<EMPTY_MAP>
2019-09-17 10:13:32,943 [pool-97-thread-1] INFO  server.RaftServerConfigKeys (ConfUtils.java:logGet(43)) - raft.server.storage.dir = [/workdir/hadoop-ozone/integration-test/target/test-dir/MiniOzoneClusterImpl-79292457-8b46-4756-affc-c3b1963f1051/datanode-7/data/ratis] (custom)
2019-09-17 10:13:32,944 [pool-87-thread-1] INFO  storage.RaftStorageDirectory (RaftStorageDirectory.java:analyzeStorage(246)) - The storage directory /workdir/hadoop-ozone/integration-test/target/test-dir/MiniOzoneClusterImpl-79292457-8b46-4756-affc-c3b1963f1051/datanode-6/data/ratis/02946cee-fb43-4ea8-8058-c922f90d4541 does not exist. Creating ...
2019-09-17 10:13:32,944 [pool-97-thread-1] INFO  storage.RaftStorageDirectory (RaftStorageDirectory.java:analyzeStorage(246)) - The storage directory /workdir/hadoop-ozone/integration-test/target/test-dir/MiniOzoneClusterImpl-79292457-8b46-4756-affc-c3b1963f1051/datanode-7/data/ratis/02946cee-fb43-4ea8-8058-c922f90d4541 does not exist. Creating ...
2019-09-17 10:13:32,945 [04cd4a9b-51ef-4921-b690-09927bd9ce1f@group-457F16CCBE1A:LeaderElection1] INFO  server.RaftServerConfigKeys (ConfUtils.java:logGet(43)) - raft.server.write.element-limit = 4096 (default)
2019-09-17 10:13:32,948 [04cd4a9b-51ef-4921-b690-09927bd9ce1f@group-457F16CCBE1A:LeaderElection1] INFO  server.RaftServerConfigKeys (ConfUtils.java:logGet(43)) - raft.server.watch.timeout = 10s (default)
2019-09-17 10:13:32,949 [04cd4a9b-51ef-4921-b690-09927bd9ce1f@group-457F16CCBE1A:LeaderElection1] INFO  server.RaftServerConfigKeys (ConfUtils.java:logGet(43)) - raft.server.watch.timeout.denomination = 1s (default)
2019-09-17 10:13:32,950 [04cd4a9b-51ef-4921-b690-09927bd9ce1f@group-457F16CCBE1A:LeaderElection1] INFO  server.RaftServerConfigKeys (ConfUtils.java:logGet(43)) - raft.server.watch.element-limit = 65536 (default)
2019-09-17 10:13:32,956 [pool-37-thread-1] INFO  storage.RaftStorageDirectory (RaftStorageDirectory.java:tryLock(328)) - Lock on /workdir/hadoop-ozone/integration-test/target/test-dir/MiniOzoneClusterImpl-79292457-8b46-4756-affc-c3b1963f1051/datanode-1/data/ratis/02946cee-fb43-4ea8-8058-c922f90d4541/in_use.lock acquired by nodename 12743@pr-hdds-2110-rdjw6-11158954
2019-09-17 10:13:32,956 [pool-97-thread-1] INFO  storage.RaftStorageDirectory (RaftStorageDirectory.java:tryLock(328)) - Lock on /workdir/hadoop-ozone/integration-test/target/test-dir/MiniOzoneClusterImpl-79292457-8b46-4756-affc-c3b1963f1051/datanode-7/data/ratis/02946cee-fb43-4ea8-8058-c922f90d4541/in_use.lock acquired by nodename 12743@pr-hdds-2110-rdjw6-11158954
2019-09-17 10:13:32,956 [pool-87-thread-1] INFO  storage.RaftStorageDirectory (RaftStorageDirectory.java:tryLock(328)) - Lock on /workdir/hadoop-ozone/integration-test/target/test-dir/MiniOzoneClusterImpl-79292457-8b46-4756-affc-c3b1963f1051/datanode-6/data/ratis/02946cee-fb43-4ea8-8058-c922f90d4541/in_use.lock acquired by nodename 12743@pr-hdds-2110-rdjw6-11158954
2019-09-17 10:13:32,963 [04cd4a9b-51ef-4921-b690-09927bd9ce1f@group-457F16CCBE1A:LeaderElection1] INFO  impl.RoleInfo (RoleInfo.java:updateAndGet(143)) - 04cd4a9b-51ef-4921-b690-09927bd9ce1f: start LeaderState
2019-09-17 10:13:32,970 [pool-37-thread-1] INFO  storage.RaftStorage (RaftStorage.java:format(72)) - Storage directory /workdir/hadoop-ozone/integration-test/target/test-dir/MiniOzoneClusterImpl-79292457-8b46-4756-affc-c3b1963f1051/datanode-1/data/ratis/02946cee-fb43-4ea8-8058-c922f90d4541 has been successfully formatted.
2019-09-17 10:13:32,970 [pool-87-thread-1] INFO  storage.RaftStorage (RaftStorage.java:format(72)) - Storage directory /workdir/hadoop-ozone/integration-test/target/test-dir/MiniOzoneClusterImpl-79292457-8b46-4756-affc-c3b1963f1051/datanode-6/data/ratis/02946cee-fb43-4ea8-8058-c922f90d4541 has been successfully formatted.
2019-09-17 10:13:32,970 [pool-97-thread-1] INFO  storage.RaftStorage (RaftStorage.java:format(72)) - Storage directory /workdir/hadoop-ozone/integration-test/target/test-dir/MiniOzoneClusterImpl-79292457-8b46-4756-affc-c3b1963f1051/datanode-7/data/ratis/02946cee-fb43-4ea8-8058-c922f90d4541 has been successfully formatted.
2019-09-17 10:13:32,970 [pool-37-thread-1] INFO  ratis.ContainerStateMachine (ContainerStateMachine.java:loadSnapshot(230)) - group-C922F90D4541: The snapshot info is null. Setting the last applied indexto:(t:0, i:~)
2019-09-17 10:13:32,970 [pool-87-thread-1] INFO  ratis.ContainerStateMachine (ContainerStateMachine.java:loadSnapshot(230)) - group-C922F90D4541: The snapshot info is null. Setting the last applied indexto:(t:0, i:~)
2019-09-17 10:13:32,970 [pool-37-thread-1] INFO  server.RaftServerConfigKeys (ConfUtils.java:logGet(43)) - raft.server.notification.no-leader.timeout = 120s (custom)
2019-09-17 10:13:32,970 [pool-97-thread-1] INFO  ratis.ContainerStateMachine (ContainerStateMachine.java:loadSnapshot(230)) - group-C922F90D4541: The snapshot info is null. Setting the last applied indexto:(t:0, i:~)
2019-09-17 10:13:32,970 [pool-37-thread-1] INFO  server.RaftServerConfigKeys (ConfUtils.java:logGet(43)) - raft.server.log.use.memory = false (default)
2019-09-17 10:13:32,970 [pool-87-thread-1] INFO  server.RaftServerConfigKeys (ConfUtils.java:logGet(43)) - raft.server.notification.no-leader.timeout = 120s (custom)
2019-09-17 10:13:32,971 [pool-37-thread-1] INFO  server.RaftServerConfigKeys (ConfUtils.java:logGet(43)) - raft.server.log.purge.gap = 1000000 (custom)
2019-09-17 10:13:32,971 [pool-97-thread-1] INFO  server.RaftServerConfigKeys (ConfUtils.java:logGet(43)) - raft.server.notification.no-leader.timeout = 120s (custom)
2019-09-17 10:13:32,971 [pool-37-thread-1] INFO  server.RaftServerConfigKeys (ConfUtils.java:logGet(43)) - raft.server.log.appender.buffer.byte-limit = 33554432 (custom)
2019-09-17 10:13:32,971 [pool-87-thread-1] INFO  server.RaftServerConfigKeys (ConfUtils.java:logGet(43)) - raft.server.log.use.memory = false (default)
2019-09-17 10:13:32,971 [pool-37-thread-1] INFO  server.RaftServerConfigKeys (ConfUtils.java:logGet(43)) - raft.server.log.segment.size.max = 1048576 (custom)
2019-09-17 10:13:32,971 [pool-97-thread-1] INFO  server.RaftServerConfigKeys (ConfUtils.java:logGet(43)) - raft.server.log.use.memory = false (default)
2019-09-17 10:13:32,972 [pool-37-thread-1] INFO  server.RaftServerConfigKeys (ConfUtils.java:logGet(43)) - raft.server.log.segment.cache.num.max = 2 (custom)
2019-09-17 10:13:32,971 [pool-87-thread-1] INFO  server.RaftServerConfigKeys (ConfUtils.java:logGet(43)) - raft.server.log.purge.gap = 1000000 (custom)
2019-09-17 10:13:32,972 [pool-37-thread-1] INFO  segmented.SegmentedRaftLogWorker (SegmentedRaftLogWorker.java:<init>(172)) - new 1d843e0b-d448-4c1d-904a-b8b79ddf8dfc@group-C922F90D4541-SegmentedRaftLogWorker for RaftStorage:Storage Directory /workdir/hadoop-ozone/integration-test/target/test-dir/MiniOzoneClusterImpl-79292457-8b46-4756-affc-c3b1963f1051/datanode-1/data/ratis/02946cee-fb43-4ea8-8058-c922f90d4541
2019-09-17 10:13:32,972 [pool-97-thread-1] INFO  server.RaftServerConfigKeys (ConfUtils.java:logGet(43)) - raft.server.log.purge.gap = 1000000 (custom)
2019-09-17 10:13:32,972 [pool-37-thread-1] INFO  server.RaftServerConfigKeys (ConfUtils.java:logGet(43)) - raft.server.log.queue.byte-limit = 2147483647 (custom)
2019-09-17 10:13:32,972 [pool-87-thread-1] INFO  server.RaftServerConfigKeys (ConfUtils.java:logGet(43)) - raft.server.log.appender.buffer.byte-limit = 33554432 (custom)
2019-09-17 10:13:32,972 [pool-37-thread-1] INFO  server.RaftServerConfigKeys (ConfUtils.java:logGet(43)) - raft.server.log.queue.element-limit = 1024 (custom)
2019-09-17 10:13:32,972 [pool-97-thread-1] INFO  server.RaftServerConfigKeys (ConfUtils.java:logGet(43)) - raft.server.log.appender.buffer.byte-limit = 33554432 (custom)
2019-09-17 10:13:32,972 [pool-37-thread-1] INFO  server.RaftServerConfigKeys (ConfUtils.java:logGet(43)) - raft.server.log.segment.size.max = 1048576 (custom)
2019-09-17 10:13:32,972 [pool-87-thread-1] INFO  server.RaftServerConfigKeys (ConfUtils.java:logGet(43)) - raft.server.log.segment.size.max = 1048576 (custom)
2019-09-17 10:13:32,973 [pool-37-thread-1] INFO  server.RaftServerConfigKeys (ConfUtils.java:logGet(43)) - raft.server.log.preallocated.size = 16384 (custom)
2019-09-17 10:13:32,973 [pool-97-thread-1] INFO  server.RaftServerConfigKeys (ConfUtils.java:logGet(43)) - raft.server.log.segment.size.max = 1048576 (custom)
2019-09-17 10:13:32,973 [pool-37-thread-1] INFO  server.RaftServerConfigKeys (ConfUtils.java:logGet(43)) - raft.server.log.write.buffer.size = 33554432 (custom)
2019-09-17 10:13:32,973 [pool-87-thread-1] INFO  server.RaftServerConfigKeys (ConfUtils.java:logGet(43)) - raft.server.log.segment.cache.num.max = 2 (custom)
2019-09-17 10:13:32,973 [pool-37-thread-1] INFO  server.RaftServerConfigKeys (ConfUtils.java:logGet(43)) - raft.server.log.force.sync.num = 128 (default)
2019-09-17 10:13:32,973 [pool-97-thread-1] INFO  server.RaftServerConfigKeys (ConfUtils.java:logGet(43)) - raft.server.log.segment.cache.num.max = 2 (custom)
2019-09-17 10:13:32,974 [pool-37-thread-1] INFO  server.RaftServerConfigKeys (ConfUtils.java:logGet(43)) - raft.server.log.statemachine.data.sync = true (default)
2019-09-17 10:13:32,973 [pool-87-thread-1] INFO  segmented.SegmentedRaftLogWorker (SegmentedRaftLogWorker.java:<init>(172)) - new 1303f52d-d2af-4d51-a297-b30474c81d0b@group-C922F90D4541-SegmentedRaftLogWorker for RaftStorage:Storage Directory /workdir/hadoop-ozone/integration-test/target/test-dir/MiniOzoneClusterImpl-79292457-8b46-4756-affc-c3b1963f1051/datanode-6/data/ratis/02946cee-fb43-4ea8-8058-c922f90d4541
2019-09-17 10:13:32,974 [pool-37-thread-1] INFO  server.RaftServerConfigKeys (ConfUtils.java:logGet(43)) - raft.server.log.statemachine.data.sync.timeout = 10s (default)
2019-09-17 10:13:32,974 [pool-97-thread-1] INFO  segmented.SegmentedRaftLogWorker (SegmentedRaftLogWorker.java:<init>(172)) - new 7be722d9-df7a-49b7-8861-987a973deb04@group-C922F90D4541-SegmentedRaftLogWorker for RaftStorage:Storage Directory /workdir/hadoop-ozone/integration-test/target/test-dir/MiniOzoneClusterImpl-79292457-8b46-4756-affc-c3b1963f1051/datanode-7/data/ratis/02946cee-fb43-4ea8-8058-c922f90d4541
2019-09-17 10:13:32,974 [pool-37-thread-1] INFO  server.RaftServerConfigKeys (ConfUtils.java:logGet(43)) - raft.server.log.statemachine.data.sync.timeout.retry = -1 (default)
2019-09-17 10:13:32,974 [pool-87-thread-1] INFO  server.RaftServerConfigKeys (ConfUtils.java:logGet(43)) - raft.server.log.queue.byte-limit = 2147483647 (custom)
2019-09-17 10:13:32,974 [pool-37-thread-1] INFO  server.RaftServerConfigKeys (ConfUtils.java:logGet(43)) - raft.server.log.statemachine.data.caching.enabled = true (custom)
2019-09-17 10:13:32,974 [pool-97-thread-1] INFO  server.RaftServerConfigKeys (ConfUtils.java:logGet(43)) - raft.server.log.queue.byte-limit = 2147483647 (custom)
2019-09-17 10:13:32,974 [pool-87-thread-1] INFO  server.RaftServerConfigKeys (ConfUtils.java:logGet(43)) - raft.server.log.queue.element-limit = 1024 (custom)
2019-09-17 10:13:32,975 [pool-97-thread-1] INFO  server.RaftServerConfigKeys (ConfUtils.java:logGet(43)) - raft.server.log.queue.element-limit = 1024 (custom)
2019-09-17 10:13:32,975 [pool-37-thread-1] INFO  segmented.SegmentedRaftLogWorker (SegmentedRaftLogWorker.java:lambda$new$0(132)) - 1d843e0b-d448-4c1d-904a-b8b79ddf8dfc@group-C922F90D4541-SegmentedRaftLogWorker: flushIndex: setUnconditionally 0 -> -1
2019-09-17 10:13:32,975 [pool-97-thread-1] INFO  server.RaftServerConfigKeys (ConfUtils.java:logGet(43)) - raft.server.log.segment.size.max = 1048576 (custom)
2019-09-17 10:13:32,975 [pool-37-thread-1] INFO  server.RaftServerConfigKeys (ConfUtils.java:logGet(43)) - raft.server.snapshot.auto.trigger.enabled = true (custom)
2019-09-17 10:13:32,975 [pool-87-thread-1] INFO  server.RaftServerConfigKeys (ConfUtils.java:logGet(43)) - raft.server.log.segment.size.max = 1048576 (custom)
2019-09-17 10:13:32,975 [pool-37-thread-1] INFO  server.RaftServerConfigKeys (ConfUtils.java:logGet(43)) - raft.server.snapshot.auto.trigger.threshold = 10000 (custom)
2019-09-17 10:13:32,975 [pool-97-thread-1] INFO  server.RaftServerConfigKeys (ConfUtils.java:logGet(43)) - raft.server.log.preallocated.size = 16384 (custom)
2019-09-17 10:13:32,975 [pool-37-thread-1] INFO  server.RaftServerConfigKeys (ConfUtils.java:logGet(43)) - raft.server.snapshot.retention.num.files = -1 (default)
2019-09-17 10:13:32,975 [pool-87-thread-1] INFO  server.RaftServerConfigKeys (ConfUtils.java:logGet(43)) - raft.server.log.preallocated.size = 16384 (custom)
2019-09-17 10:13:32,976 [pool-37-thread-1] INFO  server.RaftServerConfigKeys (ConfUtils.java:logGet(43)) - raft.server.retrycache.expirytime = 600000ms (custom)
2019-09-17 10:13:32,976 [pool-97-thread-1] INFO  server.RaftServerConfigKeys (ConfUtils.java:logGet(43)) - raft.server.log.write.buffer.size = 33554432 (custom)
2019-09-17 10:13:32,976 [pool-87-thread-1] INFO  server.RaftServerConfigKeys (ConfUtils.java:logGet(43)) - raft.server.log.write.buffer.size = 33554432 (custom)
2019-09-17 10:13:32,976 [pool-97-thread-1] INFO  server.RaftServerConfigKeys (ConfUtils.java:logGet(43)) - raft.server.log.force.sync.num = 128 (default)
2019-09-17 10:13:32,976 [pool-87-thread-1] INFO  server.RaftServerConfigKeys (ConfUtils.java:logGet(43)) - raft.server.log.force.sync.num = 128 (default)
2019-09-17 10:13:32,976 [pool-97-thread-1] INFO  server.RaftServerConfigKeys (ConfUtils.java:logGet(43)) - raft.server.log.statemachine.data.sync = true (default)
2019-09-17 10:13:32,976 [pool-87-thread-1] INFO  server.RaftServerConfigKeys (ConfUtils.java:logGet(43)) - raft.server.log.statemachine.data.sync = true (default)
2019-09-17 10:13:32,976 [pool-97-thread-1] INFO  server.RaftServerConfigKeys (ConfUtils.java:logGet(43)) - raft.server.log.statemachine.data.sync.timeout = 10s (default)
2019-09-17 10:13:32,977 [pool-87-thread-1] INFO  server.RaftServerConfigKeys (ConfUtils.java:logGet(43)) - raft.server.log.statemachine.data.sync.timeout = 10s (default)
2019-09-17 10:13:32,977 [pool-97-thread-1] INFO  server.RaftServerConfigKeys (ConfUtils.java:logGet(43)) - raft.server.log.statemachine.data.sync.timeout.retry = -1 (default)
2019-09-17 10:13:32,977 [pool-87-thread-1] INFO  server.RaftServerConfigKeys (ConfUtils.java:logGet(43)) - raft.server.log.statemachine.data.sync.timeout.retry = -1 (default)
2019-09-17 10:13:32,977 [pool-97-thread-1] INFO  server.RaftServerConfigKeys (ConfUtils.java:logGet(43)) - raft.server.log.statemachine.data.caching.enabled = true (custom)
2019-09-17 10:13:32,977 [pool-87-thread-1] INFO  server.RaftServerConfigKeys (ConfUtils.java:logGet(43)) - raft.server.log.statemachine.data.caching.enabled = true (custom)
2019-09-17 10:13:32,977 [pool-97-thread-1] INFO  segmented.SegmentedRaftLogWorker (SegmentedRaftLogWorker.java:lambda$new$0(132)) - 7be722d9-df7a-49b7-8861-987a973deb04@group-C922F90D4541-SegmentedRaftLogWorker: flushIndex: setUnconditionally 0 -> -1
2019-09-17 10:13:32,977 [pool-87-thread-1] INFO  segmented.SegmentedRaftLogWorker (SegmentedRaftLogWorker.java:lambda$new$0(132)) - 1303f52d-d2af-4d51-a297-b30474c81d0b@group-C922F90D4541-SegmentedRaftLogWorker: flushIndex: setUnconditionally 0 -> -1
2019-09-17 10:13:32,978 [pool-87-thread-1] INFO  server.RaftServerConfigKeys (ConfUtils.java:logGet(43)) - raft.server.snapshot.auto.trigger.enabled = true (custom)
2019-09-17 10:13:32,978 [pool-97-thread-1] INFO  server.RaftServerConfigKeys (ConfUtils.java:logGet(43)) - raft.server.snapshot.auto.trigger.enabled = true (custom)
2019-09-17 10:13:32,978 [pool-87-thread-1] INFO  server.RaftServerConfigKeys (ConfUtils.java:logGet(43)) - raft.server.snapshot.auto.trigger.threshold = 10000 (custom)
2019-09-17 10:13:32,978 [pool-97-thread-1] INFO  server.RaftServerConfigKeys (ConfUtils.java:logGet(43)) - raft.server.snapshot.auto.trigger.threshold = 10000 (custom)
2019-09-17 10:13:32,978 [pool-87-thread-1] INFO  server.RaftServerConfigKeys (ConfUtils.java:logGet(43)) - raft.server.snapshot.retention.num.files = -1 (default)
2019-09-17 10:13:32,978 [pool-37-thread-1] INFO  impl.RaftServerImpl (RaftServerImpl.java:start(185)) - 1d843e0b-d448-4c1d-904a-b8b79ddf8dfc@group-C922F90D4541: start as a follower, conf=-1: [1303f52d-d2af-4d51-a297-b30474c81d0b:192.168.34.37:45564, 7be722d9-df7a-49b7-8861-987a973deb04:192.168.34.37:44005, 1d843e0b-d448-4c1d-904a-b8b79ddf8dfc:192.168.34.37:43968], old=null
2019-09-17 10:13:32,978 [pool-97-thread-1] INFO  server.RaftServerConfigKeys (ConfUtils.java:logGet(43)) - raft.server.snapshot.retention.num.files = -1 (default)
2019-09-17 10:13:32,979 [pool-37-thread-1] INFO  impl.RaftServerImpl (RaftServerImpl.java:setRole(174)) - 1d843e0b-d448-4c1d-904a-b8b79ddf8dfc@group-C922F90D4541: changes role from      null to FOLLOWER at term 0 for startAsFollower
2019-09-17 10:13:32,979 [pool-87-thread-1] INFO  server.RaftServerConfigKeys (ConfUtils.java:logGet(43)) - raft.server.retrycache.expirytime = 600000ms (custom)
2019-09-17 10:13:32,979 [pool-37-thread-1] INFO  impl.RoleInfo (RoleInfo.java:updateAndGet(143)) - 1d843e0b-d448-4c1d-904a-b8b79ddf8dfc: start FollowerState
2019-09-17 10:13:32,979 [pool-97-thread-1] INFO  server.RaftServerConfigKeys (ConfUtils.java:logGet(43)) - raft.server.retrycache.expirytime = 600000ms (custom)
2019-09-17 10:13:32,979 [pool-37-thread-1] INFO  util.JmxRegister (JmxRegister.java:tryRegister(44)) - Successfully registered JMX Bean with object name Ratis:service=RaftServer,group=group-C922F90D4541,id=1d843e0b-d448-4c1d-904a-b8b79ddf8dfc
2019-09-17 10:13:32,990 [pool-87-thread-1] INFO  impl.RaftServerImpl (RaftServerImpl.java:start(185)) - 1303f52d-d2af-4d51-a297-b30474c81d0b@group-C922F90D4541: start as a follower, conf=-1: [1303f52d-d2af-4d51-a297-b30474c81d0b:192.168.34.37:45564, 7be722d9-df7a-49b7-8861-987a973deb04:192.168.34.37:44005, 1d843e0b-d448-4c1d-904a-b8b79ddf8dfc:192.168.34.37:43968], old=null
2019-09-17 10:13:32,991 [pool-87-thread-1] INFO  impl.RaftServerImpl (RaftServerImpl.java:setRole(174)) - 1303f52d-d2af-4d51-a297-b30474c81d0b@group-C922F90D4541: changes role from      null to FOLLOWER at term 0 for startAsFollower
2019-09-17 10:13:32,991 [pool-97-thread-1] INFO  impl.RaftServerImpl (RaftServerImpl.java:start(185)) - 7be722d9-df7a-49b7-8861-987a973deb04@group-C922F90D4541: start as a follower, conf=-1: [1303f52d-d2af-4d51-a297-b30474c81d0b:192.168.34.37:45564, 7be722d9-df7a-49b7-8861-987a973deb04:192.168.34.37:44005, 1d843e0b-d448-4c1d-904a-b8b79ddf8dfc:192.168.34.37:43968], old=null
2019-09-17 10:13:32,991 [pool-87-thread-1] INFO  impl.RoleInfo (RoleInfo.java:updateAndGet(143)) - 1303f52d-d2af-4d51-a297-b30474c81d0b: start FollowerState
2019-09-17 10:13:32,991 [pool-97-thread-1] INFO  impl.RaftServerImpl (RaftServerImpl.java:setRole(174)) - 7be722d9-df7a-49b7-8861-987a973deb04@group-C922F90D4541: changes role from      null to FOLLOWER at term 0 for startAsFollower
2019-09-17 10:13:32,999 [pool-97-thread-1] INFO  impl.RoleInfo (RoleInfo.java:updateAndGet(143)) - 7be722d9-df7a-49b7-8861-987a973deb04: start FollowerState
2019-09-17 10:13:32,999 [pool-87-thread-1] INFO  util.JmxRegister (JmxRegister.java:tryRegister(44)) - Successfully registered JMX Bean with object name Ratis:service=RaftServer,group=group-C922F90D4541,id=1303f52d-d2af-4d51-a297-b30474c81d0b
2019-09-17 10:13:33,000 [pool-97-thread-1] INFO  util.JmxRegister (JmxRegister.java:tryRegister(44)) - Successfully registered JMX Bean with object name Ratis:service=RaftServer,group=group-C922F90D4541,id=7be722d9-df7a-49b7-8861-987a973deb04
2019-09-17 10:13:33,006 [04cd4a9b-51ef-4921-b690-09927bd9ce1f@group-457F16CCBE1A:LeaderElection1] INFO  segmented.SegmentedRaftLogWorker (SegmentedRaftLogWorker.java:startLogSegment(380)) - 04cd4a9b-51ef-4921-b690-09927bd9ce1f@group-457F16CCBE1A-SegmentedRaftLogWorker: Starting segment from index:0
2019-09-17 10:13:33,027 [RatisPipelineUtilsThread] INFO  pipeline.PipelineStateManager (PipelineStateManager.java:addPipeline(56)) - Created pipeline Pipeline[ Id: 02946cee-fb43-4ea8-8058-c922f90d4541, Nodes: 1303f52d-d2af-4d51-a297-b30474c81d0b{ip: 192.168.34.37, host: pr-hdds-2110-rdjw6-11158954, networkLocation: /default-rack, certSerialId: null}7be722d9-df7a-49b7-8861-987a973deb04{ip: 192.168.34.37, host: pr-hdds-2110-rdjw6-11158954, networkLocation: /default-rack, certSerialId: null}1d843e0b-d448-4c1d-904a-b8b79ddf8dfc{ip: 192.168.34.37, host: pr-hdds-2110-rdjw6-11158954, networkLocation: /default-rack, certSerialId: null}, Type:RATIS, Factor:THREE, State:OPEN]
2019-09-17 10:13:33,053 [grpc-default-executor-0] INFO  impl.RaftServerProxy (RaftServerProxy.java:addNew(89)) - 95d6cb39-2a6f-4d2b-8ab1-47b9e22fb0ea: addNew group-2E14F5217065:[cc01c7d5-5dcf-4408-8cdb-fcf6ab2d1d3a:192.168.34.37:38584, 95d6cb39-2a6f-4d2b-8ab1-47b9e22fb0ea:192.168.34.37:40405, 55583e5a-eaa2-4a32-b956-442090b04083:192.168.34.37:42551] returns group-2E14F5217065:java.util.concurrent.CompletableFuture@2f0eef91[Not completed]
2019-09-17 10:13:33,053 [grpc-default-executor-1] INFO  impl.RaftServerProxy (RaftServerProxy.java:addNew(89)) - cc01c7d5-5dcf-4408-8cdb-fcf6ab2d1d3a: addNew group-2E14F5217065:[cc01c7d5-5dcf-4408-8cdb-fcf6ab2d1d3a:192.168.34.37:38584, 95d6cb39-2a6f-4d2b-8ab1-47b9e22fb0ea:192.168.34.37:40405, 55583e5a-eaa2-4a32-b956-442090b04083:192.168.34.37:42551] returns group-2E14F5217065:java.util.concurrent.CompletableFuture@5c35e6a6[Not completed]
2019-09-17 10:13:33,053 [grpc-default-executor-2] INFO  impl.RaftServerProxy (RaftServerProxy.java:addNew(89)) - 55583e5a-eaa2-4a32-b956-442090b04083: addNew group-2E14F5217065:[cc01c7d5-5dcf-4408-8cdb-fcf6ab2d1d3a:192.168.34.37:38584, 95d6cb39-2a6f-4d2b-8ab1-47b9e22fb0ea:192.168.34.37:40405, 55583e5a-eaa2-4a32-b956-442090b04083:192.168.34.37:42551] returns group-2E14F5217065:java.util.concurrent.CompletableFuture@3765988c[Not completed]
2019-09-17 10:13:33,056 [04cd4a9b-51ef-4921-b690-09927bd9ce1f@group-457F16CCBE1A:LeaderElection1] INFO  impl.RaftServerImpl (ServerState.java:setRaftConf(354)) - 04cd4a9b-51ef-4921-b690-09927bd9ce1f@group-457F16CCBE1A: set configuration 0: [04cd4a9b-51ef-4921-b690-09927bd9ce1f:192.168.34.37:32905], old=null at 0
2019-09-17 10:13:33,058 [Thread-288] INFO  impl.FollowerState (FollowerState.java:run(106)) - 1303f52d-d2af-4d51-a297-b30474c81d0b:group-971C11223AD4 changes to CANDIDATE, lastRpcTime:1073, electionTimeout:1072ms
2019-09-17 10:13:33,061 [Thread-288] INFO  impl.RoleInfo (RoleInfo.java:shutdownFollowerState(121)) - 1303f52d-d2af-4d51-a297-b30474c81d0b: shutdown FollowerState
2019-09-17 10:13:33,061 [Thread-288] INFO  impl.RaftServerImpl (RaftServerImpl.java:setRole(174)) - 1303f52d-d2af-4d51-a297-b30474c81d0b@group-971C11223AD4: changes role from  FOLLOWER to CANDIDATE at term 0 for changeToCandidate
2019-09-17 10:13:33,061 [pool-57-thread-1] INFO  impl.RaftServerImpl (RaftServerImpl.java:<init>(95)) - 95d6cb39-2a6f-4d2b-8ab1-47b9e22fb0ea: new RaftServerImpl for group-2E14F5217065:[cc01c7d5-5dcf-4408-8cdb-fcf6ab2d1d3a:192.168.34.37:38584, 95d6cb39-2a6f-4d2b-8ab1-47b9e22fb0ea:192.168.34.37:40405, 55583e5a-eaa2-4a32-b956-442090b04083:192.168.34.37:42551] with ContainerStateMachine:uninitialized
2019-09-17 10:13:33,061 [Thread-288] INFO  impl.RoleInfo (RoleInfo.java:updateAndGet(143)) - 1303f52d-d2af-4d51-a297-b30474c81d0b: start LeaderElection
2019-09-17 10:13:33,062 [pool-57-thread-1] INFO  server.RaftServerConfigKeys (ConfUtils.java:logGet(43)) - raft.server.rpc.timeout.min = 1s (custom)
2019-09-17 10:13:33,062 [pool-57-thread-1] INFO  server.RaftServerConfigKeys (ConfUtils.java:logGet(43)) - raft.server.rpc.timeout.max = 1200ms (custom)
2019-09-17 10:13:33,062 [pool-57-thread-1] INFO  server.RaftServerConfigKeys (ConfUtils.java:logGet(43)) - raft.server.rpcslowness.timeout = 120s (custom)
2019-09-17 10:13:33,065 [pool-57-thread-1] INFO  server.RaftServerConfigKeys (ConfUtils.java:logGet(43)) - raft.server.sleep.deviation.threshold = 300 (default)
2019-09-17 10:13:33,067 [pool-57-thread-1] INFO  server.RaftServerConfigKeys (ConfUtils.java:logGet(43)) - raft.server.log.appender.install.snapshot.enabled = false (custom)
2019-09-17 10:13:33,067 [pool-57-thread-1] INFO  impl.RaftServerImpl (ServerState.java:<init>(103)) - 95d6cb39-2a6f-4d2b-8ab1-47b9e22fb0ea@group-2E14F5217065: ConfigurationManager, init=-1: [cc01c7d5-5dcf-4408-8cdb-fcf6ab2d1d3a:192.168.34.37:38584, 95d6cb39-2a6f-4d2b-8ab1-47b9e22fb0ea:192.168.34.37:40405, 55583e5a-eaa2-4a32-b956-442090b04083:192.168.34.37:42551], old=null, confs=<EMPTY_MAP>
2019-09-17 10:13:33,068 [pool-57-thread-1] INFO  server.RaftServerConfigKeys (ConfUtils.java:logGet(43)) - raft.server.storage.dir = [/workdir/hadoop-ozone/integration-test/target/test-dir/MiniOzoneClusterImpl-79292457-8b46-4756-affc-c3b1963f1051/datanode-3/data/ratis] (custom)
2019-09-17 10:13:33,068 [pool-67-thread-1] INFO  impl.RaftServerImpl (RaftServerImpl.java:<init>(95)) - cc01c7d5-5dcf-4408-8cdb-fcf6ab2d1d3a: new RaftServerImpl for group-2E14F5217065:[cc01c7d5-5dcf-4408-8cdb-fcf6ab2d1d3a:192.168.34.37:38584, 95d6cb39-2a6f-4d2b-8ab1-47b9e22fb0ea:192.168.34.37:40405, 55583e5a-eaa2-4a32-b956-442090b04083:192.168.34.37:42551] with ContainerStateMachine:uninitialized
2019-09-17 10:13:33,068 [pool-57-thread-1] INFO  storage.RaftStorageDirectory (RaftStorageDirectory.java:analyzeStorage(246)) - The storage directory /workdir/hadoop-ozone/integration-test/target/test-dir/MiniOzoneClusterImpl-79292457-8b46-4756-affc-c3b1963f1051/datanode-3/data/ratis/29db28c8-f8cf-4658-9604-2e14f5217065 does not exist. Creating ...
2019-09-17 10:13:33,068 [pool-67-thread-1] INFO  server.RaftServerConfigKeys (ConfUtils.java:logGet(43)) - raft.server.rpc.timeout.min = 1s (custom)
2019-09-17 10:13:33,068 [pool-67-thread-1] INFO  server.RaftServerConfigKeys (ConfUtils.java:logGet(43)) - raft.server.rpc.timeout.max = 1200ms (custom)
2019-09-17 10:13:33,068 [pool-77-thread-1] INFO  impl.RaftServerImpl (RaftServerImpl.java:<init>(95)) - 55583e5a-eaa2-4a32-b956-442090b04083: new RaftServerImpl for group-2E14F5217065:[cc01c7d5-5dcf-4408-8cdb-fcf6ab2d1d3a:192.168.34.37:38584, 95d6cb39-2a6f-4d2b-8ab1-47b9e22fb0ea:192.168.34.37:40405, 55583e5a-eaa2-4a32-b956-442090b04083:192.168.34.37:42551] with ContainerStateMachine:uninitialized
2019-09-17 10:13:33,068 [pool-67-thread-1] INFO  server.RaftServerConfigKeys (ConfUtils.java:logGet(43)) - raft.server.rpcslowness.timeout = 120s (custom)
2019-09-17 10:13:33,069 [pool-77-thread-1] INFO  server.RaftServerConfigKeys (ConfUtils.java:logGet(43)) - raft.server.rpc.timeout.min = 1s (custom)
2019-09-17 10:13:33,069 [pool-67-thread-1] INFO  server.RaftServerConfigKeys (ConfUtils.java:logGet(43)) - raft.server.sleep.deviation.threshold = 300 (default)
2019-09-17 10:13:33,069 [pool-77-thread-1] INFO  server.RaftServerConfigKeys (ConfUtils.java:logGet(43)) - raft.server.rpc.timeout.max = 1200ms (custom)
2019-09-17 10:13:33,069 [pool-67-thread-1] INFO  server.RaftServerConfigKeys (ConfUtils.java:logGet(43)) - raft.server.log.appender.install.snapshot.enabled = false (custom)
2019-09-17 10:13:33,069 [pool-77-thread-1] INFO  server.RaftServerConfigKeys (ConfUtils.java:logGet(43)) - raft.server.rpcslowness.timeout = 120s (custom)
2019-09-17 10:13:33,069 [pool-67-thread-1] INFO  impl.RaftServerImpl (ServerState.java:<init>(103)) - cc01c7d5-5dcf-4408-8cdb-fcf6ab2d1d3a@group-2E14F5217065: ConfigurationManager, init=-1: [cc01c7d5-5dcf-4408-8cdb-fcf6ab2d1d3a:192.168.34.37:38584, 95d6cb39-2a6f-4d2b-8ab1-47b9e22fb0ea:192.168.34.37:40405, 55583e5a-eaa2-4a32-b956-442090b04083:192.168.34.37:42551], old=null, confs=<EMPTY_MAP>
2019-09-17 10:13:33,069 [pool-77-thread-1] INFO  server.RaftServerConfigKeys (ConfUtils.java:logGet(43)) - raft.server.sleep.deviation.threshold = 300 (default)
2019-09-17 10:13:33,070 [pool-77-thread-1] INFO  server.RaftServerConfigKeys (ConfUtils.java:logGet(43)) - raft.server.log.appender.install.snapshot.enabled = false (custom)
2019-09-17 10:13:33,070 [pool-67-thread-1] INFO  server.RaftServerConfigKeys (ConfUtils.java:logGet(43)) - raft.server.storage.dir = [/workdir/hadoop-ozone/integration-test/target/test-dir/MiniOzoneClusterImpl-79292457-8b46-4756-affc-c3b1963f1051/datanode-4/data/ratis] (custom)
2019-09-17 10:13:33,070 [pool-77-thread-1] INFO  impl.RaftServerImpl (ServerState.java:<init>(103)) - 55583e5a-eaa2-4a32-b956-442090b04083@group-2E14F5217065: ConfigurationManager, init=-1: [cc01c7d5-5dcf-4408-8cdb-fcf6ab2d1d3a:192.168.34.37:38584, 95d6cb39-2a6f-4d2b-8ab1-47b9e22fb0ea:192.168.34.37:40405, 55583e5a-eaa2-4a32-b956-442090b04083:192.168.34.37:42551], old=null, confs=<EMPTY_MAP>
2019-09-17 10:13:33,070 [pool-77-thread-1] INFO  server.RaftServerConfigKeys (ConfUtils.java:logGet(43)) - raft.server.storage.dir = [/workdir/hadoop-ozone/integration-test/target/test-dir/MiniOzoneClusterImpl-79292457-8b46-4756-affc-c3b1963f1051/datanode-5/data/ratis] (custom)
2019-09-17 10:13:33,070 [pool-67-thread-1] INFO  storage.RaftStorageDirectory (RaftStorageDirectory.java:analyzeStorage(246)) - The storage directory /workdir/hadoop-ozone/integration-test/target/test-dir/MiniOzoneClusterImpl-79292457-8b46-4756-affc-c3b1963f1051/datanode-4/data/ratis/29db28c8-f8cf-4658-9604-2e14f5217065 does not exist. Creating ...
2019-09-17 10:13:33,070 [pool-77-thread-1] INFO  storage.RaftStorageDirectory (RaftStorageDirectory.java:analyzeStorage(246)) - The storage directory /workdir/hadoop-ozone/integration-test/target/test-dir/MiniOzoneClusterImpl-79292457-8b46-4756-affc-c3b1963f1051/datanode-5/data/ratis/29db28c8-f8cf-4658-9604-2e14f5217065 does not exist. Creating ...
2019-09-17 10:13:33,082 [pool-67-thread-1] INFO  storage.RaftStorageDirectory (RaftStorageDirectory.java:tryLock(328)) - Lock on /workdir/hadoop-ozone/integration-test/target/test-dir/MiniOzoneClusterImpl-79292457-8b46-4756-affc-c3b1963f1051/datanode-4/data/ratis/29db28c8-f8cf-4658-9604-2e14f5217065/in_use.lock acquired by nodename 12743@pr-hdds-2110-rdjw6-11158954
2019-09-17 10:13:33,082 [pool-57-thread-1] INFO  storage.RaftStorageDirectory (RaftStorageDirectory.java:tryLock(328)) - Lock on /workdir/hadoop-ozone/integration-test/target/test-dir/MiniOzoneClusterImpl-79292457-8b46-4756-affc-c3b1963f1051/datanode-3/data/ratis/29db28c8-f8cf-4658-9604-2e14f5217065/in_use.lock acquired by nodename 12743@pr-hdds-2110-rdjw6-11158954
2019-09-17 10:13:33,082 [pool-77-thread-1] INFO  storage.RaftStorageDirectory (RaftStorageDirectory.java:tryLock(328)) - Lock on /workdir/hadoop-ozone/integration-test/target/test-dir/MiniOzoneClusterImpl-79292457-8b46-4756-affc-c3b1963f1051/datanode-5/data/ratis/29db28c8-f8cf-4658-9604-2e14f5217065/in_use.lock acquired by nodename 12743@pr-hdds-2110-rdjw6-11158954
2019-09-17 10:13:33,082 [1303f52d-d2af-4d51-a297-b30474c81d0b@group-971C11223AD4:LeaderElection2] INFO  impl.LeaderElection (LeaderElection.java:askForVotes(182)) - 1303f52d-d2af-4d51-a297-b30474c81d0b@group-971C11223AD4:LeaderElection2: begin an election at term 1 for -1: [1303f52d-d2af-4d51-a297-b30474c81d0b:192.168.34.37:45564], old=null
2019-09-17 10:13:33,085 [1303f52d-d2af-4d51-a297-b30474c81d0b@group-971C11223AD4:LeaderElection2] INFO  impl.RoleInfo (RoleInfo.java:shutdownLeaderElection(134)) - 1303f52d-d2af-4d51-a297-b30474c81d0b: shutdown LeaderElection
2019-09-17 10:13:33,085 [1303f52d-d2af-4d51-a297-b30474c81d0b@group-971C11223AD4:LeaderElection2] INFO  impl.RaftServerImpl (RaftServerImpl.java:setRole(174)) - 1303f52d-d2af-4d51-a297-b30474c81d0b@group-971C11223AD4: changes role from CANDIDATE to LEADER at term 1 for changeToLeader
2019-09-17 10:13:33,085 [1303f52d-d2af-4d51-a297-b30474c81d0b@group-971C11223AD4:LeaderElection2] INFO  impl.RaftServerImpl (ServerState.java:setLeader(253)) - 1303f52d-d2af-4d51-a297-b30474c81d0b@group-971C11223AD4: change Leader from null to 1303f52d-d2af-4d51-a297-b30474c81d0b at term 1 for becomeLeader, leader elected after 1114ms
2019-09-17 10:13:33,086 [1303f52d-d2af-4d51-a297-b30474c81d0b@group-971C11223AD4:LeaderElection2] INFO  server.RaftServerConfigKeys (ConfUtils.java:logGet(43)) - raft.server.staging.catchup.gap = 1000 (default)
2019-09-17 10:13:33,086 [1303f52d-d2af-4d51-a297-b30474c81d0b@group-971C11223AD4:LeaderElection2] INFO  server.RaftServerConfigKeys (ConfUtils.java:logGet(43)) - raft.server.rpc.sleep.time = 25ms (default)
2019-09-17 10:13:33,086 [1303f52d-d2af-4d51-a297-b30474c81d0b@group-971C11223AD4:LeaderElection2] INFO  server.RaftServerConfigKeys (ConfUtils.java:logGet(43)) - raft.server.write.element-limit = 4096 (default)
2019-09-17 10:13:33,086 [1303f52d-d2af-4d51-a297-b30474c81d0b@group-971C11223AD4:LeaderElection2] INFO  server.RaftServerConfigKeys (ConfUtils.java:logGet(43)) - raft.server.watch.timeout = 10s (default)
2019-09-17 10:13:33,086 [1303f52d-d2af-4d51-a297-b30474c81d0b@group-971C11223AD4:LeaderElection2] INFO  server.RaftServerConfigKeys (ConfUtils.java:logGet(43)) - raft.server.watch.timeout.denomination = 1s (default)
2019-09-17 10:13:33,087 [1303f52d-d2af-4d51-a297-b30474c81d0b@group-971C11223AD4:LeaderElection2] INFO  server.RaftServerConfigKeys (ConfUtils.java:logGet(43)) - raft.server.watch.element-limit = 65536 (default)
2019-09-17 10:13:33,090 [1303f52d-d2af-4d51-a297-b30474c81d0b@group-971C11223AD4:LeaderElection2] INFO  impl.RoleInfo (RoleInfo.java:updateAndGet(143)) - 1303f52d-d2af-4d51-a297-b30474c81d0b: start LeaderState
2019-09-17 10:13:33,090 [1303f52d-d2af-4d51-a297-b30474c81d0b@group-971C11223AD4:LeaderElection2] INFO  segmented.SegmentedRaftLogWorker (SegmentedRaftLogWorker.java:startLogSegment(380)) - 1303f52d-d2af-4d51-a297-b30474c81d0b@group-971C11223AD4-SegmentedRaftLogWorker: Starting segment from index:0
2019-09-17 10:13:33,091 [1303f52d-d2af-4d51-a297-b30474c81d0b@group-971C11223AD4:LeaderElection2] INFO  impl.RaftServerImpl (ServerState.java:setRaftConf(354)) - 1303f52d-d2af-4d51-a297-b30474c81d0b@group-971C11223AD4: set configuration 0: [1303f52d-d2af-4d51-a297-b30474c81d0b:192.168.34.37:45564], old=null at 0
2019-09-17 10:13:33,099 [pool-77-thread-1] INFO  storage.RaftStorage (RaftStorage.java:format(72)) - Storage directory /workdir/hadoop-ozone/integration-test/target/test-dir/MiniOzoneClusterImpl-79292457-8b46-4756-affc-c3b1963f1051/datanode-5/data/ratis/29db28c8-f8cf-4658-9604-2e14f5217065 has been successfully formatted.
2019-09-17 10:13:33,099 [pool-67-thread-1] INFO  storage.RaftStorage (RaftStorage.java:format(72)) - Storage directory /workdir/hadoop-ozone/integration-test/target/test-dir/MiniOzoneClusterImpl-79292457-8b46-4756-affc-c3b1963f1051/datanode-4/data/ratis/29db28c8-f8cf-4658-9604-2e14f5217065 has been successfully formatted.
2019-09-17 10:13:33,099 [pool-57-thread-1] INFO  storage.RaftStorage (RaftStorage.java:format(72)) - Storage directory /workdir/hadoop-ozone/integration-test/target/test-dir/MiniOzoneClusterImpl-79292457-8b46-4756-affc-c3b1963f1051/datanode-3/data/ratis/29db28c8-f8cf-4658-9604-2e14f5217065 has been successfully formatted.
2019-09-17 10:13:33,099 [pool-77-thread-1] INFO  ratis.ContainerStateMachine (ContainerStateMachine.java:loadSnapshot(230)) - group-2E14F5217065: The snapshot info is null. Setting the last applied indexto:(t:0, i:~)
2019-09-17 10:13:33,099 [pool-57-thread-1] INFO  ratis.ContainerStateMachine (ContainerStateMachine.java:loadSnapshot(230)) - group-2E14F5217065: The snapshot info is null. Setting the last applied indexto:(t:0, i:~)
2019-09-17 10:13:33,099 [pool-67-thread-1] INFO  ratis.ContainerStateMachine (ContainerStateMachine.java:loadSnapshot(230)) - group-2E14F5217065: The snapshot info is null. Setting the last applied indexto:(t:0, i:~)
2019-09-17 10:13:33,099 [pool-57-thread-1] INFO  server.RaftServerConfigKeys (ConfUtils.java:logGet(43)) - raft.server.notification.no-leader.timeout = 120s (custom)
2019-09-17 10:13:33,099 [pool-77-thread-1] INFO  server.RaftServerConfigKeys (ConfUtils.java:logGet(43)) - raft.server.notification.no-leader.timeout = 120s (custom)
2019-09-17 10:13:33,100 [pool-57-thread-1] INFO  server.RaftServerConfigKeys (ConfUtils.java:logGet(43)) - raft.server.log.use.memory = false (default)
2019-09-17 10:13:33,100 [pool-67-thread-1] INFO  server.RaftServerConfigKeys (ConfUtils.java:logGet(43)) - raft.server.notification.no-leader.timeout = 120s (custom)
2019-09-17 10:13:33,100 [pool-57-thread-1] INFO  server.RaftServerConfigKeys (ConfUtils.java:logGet(43)) - raft.server.log.purge.gap = 1000000 (custom)
2019-09-17 10:13:33,100 [pool-77-thread-1] INFO  server.RaftServerConfigKeys (ConfUtils.java:logGet(43)) - raft.server.log.use.memory = false (default)
2019-09-17 10:13:33,100 [pool-57-thread-1] INFO  server.RaftServerConfigKeys (ConfUtils.java:logGet(43)) - raft.server.log.appender.buffer.byte-limit = 33554432 (custom)
2019-09-17 10:13:33,100 [pool-67-thread-1] INFO  server.RaftServerConfigKeys (ConfUtils.java:logGet(43)) - raft.server.log.use.memory = false (default)
2019-09-17 10:13:33,100 [pool-57-thread-1] INFO  server.RaftServerConfigKeys (ConfUtils.java:logGet(43)) - raft.server.log.segment.size.max = 1048576 (custom)
2019-09-17 10:13:33,100 [pool-77-thread-1] INFO  server.RaftServerConfigKeys (ConfUtils.java:logGet(43)) - raft.server.log.purge.gap = 1000000 (custom)
2019-09-17 10:13:33,101 [pool-57-thread-1] INFO  server.RaftServerConfigKeys (ConfUtils.java:logGet(43)) - raft.server.log.segment.cache.num.max = 2 (custom)
2019-09-17 10:13:33,101 [pool-57-thread-1] INFO  segmented.SegmentedRaftLogWorker (SegmentedRaftLogWorker.java:<init>(172)) - new 95d6cb39-2a6f-4d2b-8ab1-47b9e22fb0ea@group-2E14F5217065-SegmentedRaftLogWorker for RaftStorage:Storage Directory /workdir/hadoop-ozone/integration-test/target/test-dir/MiniOzoneClusterImpl-79292457-8b46-4756-affc-c3b1963f1051/datanode-3/data/ratis/29db28c8-f8cf-4658-9604-2e14f5217065
2019-09-17 10:13:33,101 [pool-67-thread-1] INFO  server.RaftServerConfigKeys (ConfUtils.java:logGet(43)) - raft.server.log.purge.gap = 1000000 (custom)
2019-09-17 10:13:33,101 [pool-57-thread-1] INFO  server.RaftServerConfigKeys (ConfUtils.java:logGet(43)) - raft.server.log.queue.byte-limit = 2147483647 (custom)
2019-09-17 10:13:33,101 [pool-77-thread-1] INFO  server.RaftServerConfigKeys (ConfUtils.java:logGet(43)) - raft.server.log.appender.buffer.byte-limit = 33554432 (custom)
2019-09-17 10:13:33,101 [pool-57-thread-1] INFO  server.RaftServerConfigKeys (ConfUtils.java:logGet(43)) - raft.server.log.queue.element-limit = 1024 (custom)
2019-09-17 10:13:33,101 [pool-67-thread-1] INFO  server.RaftServerConfigKeys (ConfUtils.java:logGet(43)) - raft.server.log.appender.buffer.byte-limit = 33554432 (custom)
2019-09-17 10:13:33,102 [pool-57-thread-1] INFO  server.RaftServerConfigKeys (ConfUtils.java:logGet(43)) - raft.server.log.segment.size.max = 1048576 (custom)
2019-09-17 10:13:33,102 [pool-77-thread-1] INFO  server.RaftServerConfigKeys (ConfUtils.java:logGet(43)) - raft.server.log.segment.size.max = 1048576 (custom)
2019-09-17 10:13:33,102 [pool-57-thread-1] INFO  server.RaftServerConfigKeys (ConfUtils.java:logGet(43)) - raft.server.log.preallocated.size = 16384 (custom)
2019-09-17 10:13:33,102 [pool-67-thread-1] INFO  server.RaftServerConfigKeys (ConfUtils.java:logGet(43)) - raft.server.log.segment.size.max = 1048576 (custom)
2019-09-17 10:13:33,102 [pool-57-thread-1] INFO  server.RaftServerConfigKeys (ConfUtils.java:logGet(43)) - raft.server.log.write.buffer.size = 33554432 (custom)
2019-09-17 10:13:33,102 [pool-77-thread-1] INFO  server.RaftServerConfigKeys (ConfUtils.java:logGet(43)) - raft.server.log.segment.cache.num.max = 2 (custom)
2019-09-17 10:13:33,103 [pool-57-thread-1] INFO  server.RaftServerConfigKeys (ConfUtils.java:logGet(43)) - raft.server.log.force.sync.num = 128 (default)
2019-09-17 10:13:33,102 [pool-67-thread-1] INFO  server.RaftServerConfigKeys (ConfUtils.java:logGet(43)) - raft.server.log.segment.cache.num.max = 2 (custom)
2019-09-17 10:13:33,103 [pool-57-thread-1] INFO  server.RaftServerConfigKeys (ConfUtils.java:logGet(43)) - raft.server.log.statemachine.data.sync = true (default)
2019-09-17 10:13:33,103 [pool-77-thread-1] INFO  segmented.SegmentedRaftLogWorker (SegmentedRaftLogWorker.java:<init>(172)) - new 55583e5a-eaa2-4a32-b956-442090b04083@group-2E14F5217065-SegmentedRaftLogWorker for RaftStorage:Storage Directory /workdir/hadoop-ozone/integration-test/target/test-dir/MiniOzoneClusterImpl-79292457-8b46-4756-affc-c3b1963f1051/datanode-5/data/ratis/29db28c8-f8cf-4658-9604-2e14f5217065
2019-09-17 10:13:33,103 [pool-57-thread-1] INFO  server.RaftServerConfigKeys (ConfUtils.java:logGet(43)) - raft.server.log.statemachine.data.sync.timeout = 10s (default)
2019-09-17 10:13:33,103 [pool-67-thread-1] INFO  segmented.SegmentedRaftLogWorker (SegmentedRaftLogWorker.java:<init>(172)) - new cc01c7d5-5dcf-4408-8cdb-fcf6ab2d1d3a@group-2E14F5217065-SegmentedRaftLogWorker for RaftStorage:Storage Directory /workdir/hadoop-ozone/integration-test/target/test-dir/MiniOzoneClusterImpl-79292457-8b46-4756-affc-c3b1963f1051/datanode-4/data/ratis/29db28c8-f8cf-4658-9604-2e14f5217065
2019-09-17 10:13:33,104 [pool-57-thread-1] INFO  server.RaftServerConfigKeys (ConfUtils.java:logGet(43)) - raft.server.log.statemachine.data.sync.timeout.retry = -1 (default)
2019-09-17 10:13:33,103 [pool-77-thread-1] INFO  server.RaftServerConfigKeys (ConfUtils.java:logGet(43)) - raft.server.log.queue.byte-limit = 2147483647 (custom)
2019-09-17 10:13:33,104 [pool-57-thread-1] INFO  server.RaftServerConfigKeys (ConfUtils.java:logGet(43)) - raft.server.log.statemachine.data.caching.enabled = true (custom)
2019-09-17 10:13:33,104 [pool-67-thread-1] INFO  server.RaftServerConfigKeys (ConfUtils.java:logGet(43)) - raft.server.log.queue.byte-limit = 2147483647 (custom)
2019-09-17 10:13:33,104 [pool-77-thread-1] INFO  server.RaftServerConfigKeys (ConfUtils.java:logGet(43)) - raft.server.log.queue.element-limit = 1024 (custom)
2019-09-17 10:13:33,104 [pool-57-thread-1] INFO  segmented.SegmentedRaftLogWorker (SegmentedRaftLogWorker.java:lambda$new$0(132)) - 95d6cb39-2a6f-4d2b-8ab1-47b9e22fb0ea@group-2E14F5217065-SegmentedRaftLogWorker: flushIndex: setUnconditionally 0 -> -1
2019-09-17 10:13:33,104 [pool-67-thread-1] INFO  server.RaftServerConfigKeys (ConfUtils.java:logGet(43)) - raft.server.log.queue.element-limit = 1024 (custom)
2019-09-17 10:13:33,105 [pool-77-thread-1] INFO  server.RaftServerConfigKeys (ConfUtils.java:logGet(43)) - raft.server.log.segment.size.max = 1048576 (custom)
2019-09-17 10:13:33,105 [pool-57-thread-1] INFO  server.RaftServerConfigKeys (ConfUtils.java:logGet(43)) - raft.server.snapshot.auto.trigger.enabled = true (custom)
2019-09-17 10:13:33,105 [pool-67-thread-1] INFO  server.RaftServerConfigKeys (ConfUtils.java:logGet(43)) - raft.server.log.segment.size.max = 1048576 (custom)
2019-09-17 10:13:33,105 [pool-57-thread-1] INFO  server.RaftServerConfigKeys (ConfUtils.java:logGet(43)) - raft.server.snapshot.auto.trigger.threshold = 10000 (custom)
2019-09-17 10:13:33,105 [pool-57-thread-1] INFO  server.RaftServerConfigKeys (ConfUtils.java:logGet(43)) - raft.server.snapshot.retention.num.files = -1 (default)
2019-09-17 10:13:33,105 [pool-77-thread-1] INFO  server.RaftServerConfigKeys (ConfUtils.java:logGet(43)) - raft.server.log.preallocated.size = 16384 (custom)
2019-09-17 10:13:33,106 [pool-57-thread-1] INFO  server.RaftServerConfigKeys (ConfUtils.java:logGet(43)) - raft.server.retrycache.expirytime = 600000ms (custom)
2019-09-17 10:13:33,105 [pool-67-thread-1] INFO  server.RaftServerConfigKeys (ConfUtils.java:logGet(43)) - raft.server.log.preallocated.size = 16384 (custom)
2019-09-17 10:13:33,106 [pool-77-thread-1] INFO  server.RaftServerConfigKeys (ConfUtils.java:logGet(43)) - raft.server.log.write.buffer.size = 33554432 (custom)
2019-09-17 10:13:33,106 [pool-67-thread-1] INFO  server.RaftServerConfigKeys (ConfUtils.java:logGet(43)) - raft.server.log.write.buffer.size = 33554432 (custom)
2019-09-17 10:13:33,106 [pool-77-thread-1] INFO  server.RaftServerConfigKeys (ConfUtils.java:logGet(43)) - raft.server.log.force.sync.num = 128 (default)
2019-09-17 10:13:33,106 [pool-67-thread-1] INFO  server.RaftServerConfigKeys (ConfUtils.java:logGet(43)) - raft.server.log.force.sync.num = 128 (default)
2019-09-17 10:13:33,107 [pool-77-thread-1] INFO  server.RaftServerConfigKeys (ConfUtils.java:logGet(43)) - raft.server.log.statemachine.data.sync = true (default)
2019-09-17 10:13:33,107 [pool-67-thread-1] INFO  server.RaftServerConfigKeys (ConfUtils.java:logGet(43)) - raft.server.log.statemachine.data.sync = true (default)
2019-09-17 10:13:33,107 [pool-77-thread-1] INFO  server.RaftServerConfigKeys (ConfUtils.java:logGet(43)) - raft.server.log.statemachine.data.sync.timeout = 10s (default)
2019-09-17 10:13:33,107 [pool-67-thread-1] INFO  server.RaftServerConfigKeys (ConfUtils.java:logGet(43)) - raft.server.log.statemachine.data.sync.timeout = 10s (default)
2019-09-17 10:13:33,107 [pool-77-thread-1] INFO  server.RaftServerConfigKeys (ConfUtils.java:logGet(43)) - raft.server.log.statemachine.data.sync.timeout.retry = -1 (default)
2019-09-17 10:13:33,107 [pool-67-thread-1] INFO  server.RaftServerConfigKeys (ConfUtils.java:logGet(43)) - raft.server.log.statemachine.data.sync.timeout.retry = -1 (default)
2019-09-17 10:13:33,108 [pool-77-thread-1] INFO  server.RaftServerConfigKeys (ConfUtils.java:logGet(43)) - raft.server.log.statemachine.data.caching.enabled = true (custom)
2019-09-17 10:13:33,108 [pool-67-thread-1] INFO  server.RaftServerConfigKeys (ConfUtils.java:logGet(43)) - raft.server.log.statemachine.data.caching.enabled = true (custom)
2019-09-17 10:13:33,108 [pool-77-thread-1] INFO  segmented.SegmentedRaftLogWorker (SegmentedRaftLogWorker.java:lambda$new$0(132)) - 55583e5a-eaa2-4a32-b956-442090b04083@group-2E14F5217065-SegmentedRaftLogWorker: flushIndex: setUnconditionally 0 -> -1
2019-09-17 10:13:33,108 [pool-67-thread-1] INFO  segmented.SegmentedRaftLogWorker (SegmentedRaftLogWorker.java:lambda$new$0(132)) - cc01c7d5-5dcf-4408-8cdb-fcf6ab2d1d3a@group-2E14F5217065-SegmentedRaftLogWorker: flushIndex: setUnconditionally 0 -> -1
2019-09-17 10:13:33,108 [pool-77-thread-1] INFO  server.RaftServerConfigKeys (ConfUtils.java:logGet(43)) - raft.server.snapshot.auto.trigger.enabled = true (custom)
2019-09-17 10:13:33,108 [pool-77-thread-1] INFO  server.RaftServerConfigKeys (ConfUtils.java:logGet(43)) - raft.server.snapshot.auto.trigger.threshold = 10000 (custom)
2019-09-17 10:13:33,109 [pool-67-thread-1] INFO  server.RaftServerConfigKeys (ConfUtils.java:logGet(43)) - raft.server.snapshot.auto.trigger.enabled = true (custom)
2019-09-17 10:13:33,109 [pool-77-thread-1] INFO  server.RaftServerConfigKeys (ConfUtils.java:logGet(43)) - raft.server.snapshot.retention.num.files = -1 (default)
2019-09-17 10:13:33,109 [pool-57-thread-1] INFO  impl.RaftServerImpl (RaftServerImpl.java:start(185)) - 95d6cb39-2a6f-4d2b-8ab1-47b9e22fb0ea@group-2E14F5217065: start as a follower, conf=-1: [cc01c7d5-5dcf-4408-8cdb-fcf6ab2d1d3a:192.168.34.37:38584, 95d6cb39-2a6f-4d2b-8ab1-47b9e22fb0ea:192.168.34.37:40405, 55583e5a-eaa2-4a32-b956-442090b04083:192.168.34.37:42551], old=null
2019-09-17 10:13:33,109 [pool-67-thread-1] INFO  server.RaftServerConfigKeys (ConfUtils.java:logGet(43)) - raft.server.snapshot.auto.trigger.threshold = 10000 (custom)
2019-09-17 10:13:33,109 [pool-57-thread-1] INFO  impl.RaftServerImpl (RaftServerImpl.java:setRole(174)) - 95d6cb39-2a6f-4d2b-8ab1-47b9e22fb0ea@group-2E14F5217065: changes role from      null to FOLLOWER at term 0 for startAsFollower
2019-09-17 10:13:33,109 [pool-77-thread-1] INFO  server.RaftServerConfigKeys (ConfUtils.java:logGet(43)) - raft.server.retrycache.expirytime = 600000ms (custom)
2019-09-17 10:13:33,109 [pool-57-thread-1] INFO  impl.RoleInfo (RoleInfo.java:updateAndGet(143)) - 95d6cb39-2a6f-4d2b-8ab1-47b9e22fb0ea: start FollowerState
2019-09-17 10:13:33,109 [pool-67-thread-1] INFO  server.RaftServerConfigKeys (ConfUtils.java:logGet(43)) - raft.server.snapshot.retention.num.files = -1 (default)
2019-09-17 10:13:33,110 [pool-67-thread-1] INFO  server.RaftServerConfigKeys (ConfUtils.java:logGet(43)) - raft.server.retrycache.expirytime = 600000ms (custom)
2019-09-17 10:13:33,110 [pool-57-thread-1] INFO  util.JmxRegister (JmxRegister.java:tryRegister(44)) - Successfully registered JMX Bean with object name Ratis:service=RaftServer,group=group-2E14F5217065,id=95d6cb39-2a6f-4d2b-8ab1-47b9e22fb0ea
2019-09-17 10:13:33,112 [pool-77-thread-1] INFO  impl.RaftServerImpl (RaftServerImpl.java:start(185)) - 55583e5a-eaa2-4a32-b956-442090b04083@group-2E14F5217065: start as a follower, conf=-1: [cc01c7d5-5dcf-4408-8cdb-fcf6ab2d1d3a:192.168.34.37:38584, 95d6cb39-2a6f-4d2b-8ab1-47b9e22fb0ea:192.168.34.37:40405, 55583e5a-eaa2-4a32-b956-442090b04083:192.168.34.37:42551], old=null
2019-09-17 10:13:33,121 [pool-77-thread-1] INFO  impl.RaftServerImpl (RaftServerImpl.java:setRole(174)) - 55583e5a-eaa2-4a32-b956-442090b04083@group-2E14F5217065: changes role from      null to FOLLOWER at term 0 for startAsFollower
2019-09-17 10:13:33,123 [pool-77-thread-1] INFO  impl.RoleInfo (RoleInfo.java:updateAndGet(143)) - 55583e5a-eaa2-4a32-b956-442090b04083: start FollowerState
2019-09-17 10:13:33,125 [pool-77-thread-1] INFO  util.JmxRegister (JmxRegister.java:tryRegister(44)) - Successfully registered JMX Bean with object name Ratis:service=RaftServer,group=group-2E14F5217065,id=55583e5a-eaa2-4a32-b956-442090b04083
2019-09-17 10:13:33,126 [pool-67-thread-1] INFO  impl.RaftServerImpl (RaftServerImpl.java:start(185)) - cc01c7d5-5dcf-4408-8cdb-fcf6ab2d1d3a@group-2E14F5217065: start as a follower, conf=-1: [cc01c7d5-5dcf-4408-8cdb-fcf6ab2d1d3a:192.168.34.37:38584, 95d6cb39-2a6f-4d2b-8ab1-47b9e22fb0ea:192.168.34.37:40405, 55583e5a-eaa2-4a32-b956-442090b04083:192.168.34.37:42551], old=null
2019-09-17 10:13:33,126 [pool-67-thread-1] INFO  impl.RaftServerImpl (RaftServerImpl.java:setRole(174)) - cc01c7d5-5dcf-4408-8cdb-fcf6ab2d1d3a@group-2E14F5217065: changes role from      null to FOLLOWER at term 0 for startAsFollower
2019-09-17 10:13:33,126 [pool-67-thread-1] INFO  impl.RoleInfo (RoleInfo.java:updateAndGet(143)) - cc01c7d5-5dcf-4408-8cdb-fcf6ab2d1d3a: start FollowerState
2019-09-17 10:13:33,127 [pool-67-thread-1] INFO  util.JmxRegister (JmxRegister.java:tryRegister(44)) - Successfully registered JMX Bean with object name Ratis:service=RaftServer,group=group-2E14F5217065,id=cc01c7d5-5dcf-4408-8cdb-fcf6ab2d1d3a
2019-09-17 10:13:33,134 [RatisPipelineUtilsThread] INFO  pipeline.PipelineStateManager (PipelineStateManager.java:addPipeline(56)) - Created pipeline Pipeline[ Id: 29db28c8-f8cf-4658-9604-2e14f5217065, Nodes: 95d6cb39-2a6f-4d2b-8ab1-47b9e22fb0ea{ip: 192.168.34.37, host: pr-hdds-2110-rdjw6-11158954, networkLocation: /default-rack, certSerialId: null}55583e5a-eaa2-4a32-b956-442090b04083{ip: 192.168.34.37, host: pr-hdds-2110-rdjw6-11158954, networkLocation: /default-rack, certSerialId: null}cc01c7d5-5dcf-4408-8cdb-fcf6ab2d1d3a{ip: 192.168.34.37, host: pr-hdds-2110-rdjw6-11158954, networkLocation: /default-rack, certSerialId: null}, Type:RATIS, Factor:THREE, State:OPEN]
2019-09-17 10:13:33,164 [grpc-default-executor-1] INFO  impl.RaftServerProxy (RaftServerProxy.java:addNew(89)) - 2bed06ad-feb1-4a42-84de-0c97964ae469: addNew group-BB27F83832E4:[cd7fb81c-86a4-4055-b819-d84d71d1e03b:192.168.34.37:45422, 04cd4a9b-51ef-4921-b690-09927bd9ce1f:192.168.34.37:32905, 2bed06ad-feb1-4a42-84de-0c97964ae469:192.168.34.37:36327] returns group-BB27F83832E4:java.util.concurrent.CompletableFuture@6da3787f[Not completed]
2019-09-17 10:13:33,170 [grpc-default-executor-1] INFO  impl.RaftServerProxy (RaftServerProxy.java:addNew(89)) - 04cd4a9b-51ef-4921-b690-09927bd9ce1f: addNew group-BB27F83832E4:[cd7fb81c-86a4-4055-b819-d84d71d1e03b:192.168.34.37:45422, 04cd4a9b-51ef-4921-b690-09927bd9ce1f:192.168.34.37:32905, 2bed06ad-feb1-4a42-84de-0c97964ae469:192.168.34.37:36327] returns group-BB27F83832E4:java.util.concurrent.CompletableFuture@4f69c674[Not completed]
2019-09-17 10:13:33,170 [pool-117-thread-1] INFO  impl.RaftServerImpl (RaftServerImpl.java:<init>(95)) - 2bed06ad-feb1-4a42-84de-0c97964ae469: new RaftServerImpl for group-BB27F83832E4:[cd7fb81c-86a4-4055-b819-d84d71d1e03b:192.168.34.37:45422, 04cd4a9b-51ef-4921-b690-09927bd9ce1f:192.168.34.37:32905, 2bed06ad-feb1-4a42-84de-0c97964ae469:192.168.34.37:36327] with ContainerStateMachine:uninitialized
2019-09-17 10:13:33,172 [grpc-default-executor-2] INFO  impl.RaftServerProxy (RaftServerProxy.java:addNew(89)) - cd7fb81c-86a4-4055-b819-d84d71d1e03b: addNew group-BB27F83832E4:[cd7fb81c-86a4-4055-b819-d84d71d1e03b:192.168.34.37:45422, 04cd4a9b-51ef-4921-b690-09927bd9ce1f:192.168.34.37:32905, 2bed06ad-feb1-4a42-84de-0c97964ae469:192.168.34.37:36327] returns group-BB27F83832E4:java.util.concurrent.CompletableFuture@25b23aa4[Not completed]
2019-09-17 10:13:33,172 [pool-117-thread-1] INFO  server.RaftServerConfigKeys (ConfUtils.java:logGet(43)) - raft.server.rpc.timeout.min = 1s (custom)
2019-09-17 10:13:33,172 [pool-117-thread-1] INFO  server.RaftServerConfigKeys (ConfUtils.java:logGet(43)) - raft.server.rpc.timeout.max = 1200ms (custom)
2019-09-17 10:13:33,172 [pool-117-thread-1] INFO  server.RaftServerConfigKeys (ConfUtils.java:logGet(43)) - raft.server.rpcslowness.timeout = 120s (custom)
2019-09-17 10:13:33,173 [pool-27-thread-1] INFO  impl.RaftServerImpl (RaftServerImpl.java:<init>(95)) - 04cd4a9b-51ef-4921-b690-09927bd9ce1f: new RaftServerImpl for group-BB27F83832E4:[cd7fb81c-86a4-4055-b819-d84d71d1e03b:192.168.34.37:45422, 04cd4a9b-51ef-4921-b690-09927bd9ce1f:192.168.34.37:32905, 2bed06ad-feb1-4a42-84de-0c97964ae469:192.168.34.37:36327] with ContainerStateMachine:uninitialized
2019-09-17 10:13:33,173 [pool-117-thread-1] INFO  server.RaftServerConfigKeys (ConfUtils.java:logGet(43)) - raft.server.sleep.deviation.threshold = 300 (default)
2019-09-17 10:13:33,173 [pool-27-thread-1] INFO  server.RaftServerConfigKeys (ConfUtils.java:logGet(43)) - raft.server.rpc.timeout.min = 1s (custom)
2019-09-17 10:13:33,173 [pool-117-thread-1] INFO  server.RaftServerConfigKeys (ConfUtils.java:logGet(43)) - raft.server.log.appender.install.snapshot.enabled = false (custom)
2019-09-17 10:13:33,173 [pool-27-thread-1] INFO  server.RaftServerConfigKeys (ConfUtils.java:logGet(43)) - raft.server.rpc.timeout.max = 1200ms (custom)
2019-09-17 10:13:33,173 [pool-117-thread-1] INFO  impl.RaftServerImpl (ServerState.java:<init>(103)) - 2bed06ad-feb1-4a42-84de-0c97964ae469@group-BB27F83832E4: ConfigurationManager, init=-1: [cd7fb81c-86a4-4055-b819-d84d71d1e03b:192.168.34.37:45422, 04cd4a9b-51ef-4921-b690-09927bd9ce1f:192.168.34.37:32905, 2bed06ad-feb1-4a42-84de-0c97964ae469:192.168.34.37:36327], old=null, confs=<EMPTY_MAP>
2019-09-17 10:13:33,173 [pool-27-thread-1] INFO  server.RaftServerConfigKeys (ConfUtils.java:logGet(43)) - raft.server.rpcslowness.timeout = 120s (custom)
2019-09-17 10:13:33,173 [pool-107-thread-1] INFO  impl.RaftServerImpl (RaftServerImpl.java:<init>(95)) - cd7fb81c-86a4-4055-b819-d84d71d1e03b: new RaftServerImpl for group-BB27F83832E4:[cd7fb81c-86a4-4055-b819-d84d71d1e03b:192.168.34.37:45422, 04cd4a9b-51ef-4921-b690-09927bd9ce1f:192.168.34.37:32905, 2bed06ad-feb1-4a42-84de-0c97964ae469:192.168.34.37:36327] with ContainerStateMachine:uninitialized
2019-09-17 10:13:33,173 [pool-117-thread-1] INFO  server.RaftServerConfigKeys (ConfUtils.java:logGet(43)) - raft.server.storage.dir = [/workdir/hadoop-ozone/integration-test/target/test-dir/MiniOzoneClusterImpl-79292457-8b46-4756-affc-c3b1963f1051/datanode-9/data/ratis] (custom)
2019-09-17 10:13:33,173 [pool-27-thread-1] INFO  server.RaftServerConfigKeys (ConfUtils.java:logGet(43)) - raft.server.sleep.deviation.threshold = 300 (default)
2019-09-17 10:13:33,173 [pool-107-thread-1] INFO  server.RaftServerConfigKeys (ConfUtils.java:logGet(43)) - raft.server.rpc.timeout.min = 1s (custom)
2019-09-17 10:13:33,174 [pool-27-thread-1] INFO  server.RaftServerConfigKeys (ConfUtils.java:logGet(43)) - raft.server.log.appender.install.snapshot.enabled = false (custom)
2019-09-17 10:13:33,174 [pool-107-thread-1] INFO  server.RaftServerConfigKeys (ConfUtils.java:logGet(43)) - raft.server.rpc.timeout.max = 1200ms (custom)
2019-09-17 10:13:33,174 [pool-27-thread-1] INFO  impl.RaftServerImpl (ServerState.java:<init>(103)) - 04cd4a9b-51ef-4921-b690-09927bd9ce1f@group-BB27F83832E4: ConfigurationManager, init=-1: [cd7fb81c-86a4-4055-b819-d84d71d1e03b:192.168.34.37:45422, 04cd4a9b-51ef-4921-b690-09927bd9ce1f:192.168.34.37:32905, 2bed06ad-feb1-4a42-84de-0c97964ae469:192.168.34.37:36327], old=null, confs=<EMPTY_MAP>
2019-09-17 10:13:33,174 [pool-117-thread-1] INFO  storage.RaftStorageDirectory (RaftStorageDirectory.java:analyzeStorage(246)) - The storage directory /workdir/hadoop-ozone/integration-test/target/test-dir/MiniOzoneClusterImpl-79292457-8b46-4756-affc-c3b1963f1051/datanode-9/data/ratis/6d65ff06-e079-45f6-91fb-bb27f83832e4 does not exist. Creating ...
2019-09-17 10:13:33,174 [pool-27-thread-1] INFO  server.RaftServerConfigKeys (ConfUtils.java:logGet(43)) - raft.server.storage.dir = [/workdir/hadoop-ozone/integration-test/target/test-dir/MiniOzoneClusterImpl-79292457-8b46-4756-affc-c3b1963f1051/datanode-0/data/ratis] (custom)
2019-09-17 10:13:33,174 [pool-107-thread-1] INFO  server.RaftServerConfigKeys (ConfUtils.java:logGet(43)) - raft.server.rpcslowness.timeout = 120s (custom)
2019-09-17 10:13:33,174 [pool-107-thread-1] INFO  server.RaftServerConfigKeys (ConfUtils.java:logGet(43)) - raft.server.sleep.deviation.threshold = 300 (default)
2019-09-17 10:13:33,174 [pool-107-thread-1] INFO  server.RaftServerConfigKeys (ConfUtils.java:logGet(43)) - raft.server.log.appender.install.snapshot.enabled = false (custom)
2019-09-17 10:13:33,174 [pool-27-thread-1] INFO  storage.RaftStorageDirectory (RaftStorageDirectory.java:analyzeStorage(246)) - The storage directory /workdir/hadoop-ozone/integration-test/target/test-dir/MiniOzoneClusterImpl-79292457-8b46-4756-affc-c3b1963f1051/datanode-0/data/ratis/6d65ff06-e079-45f6-91fb-bb27f83832e4 does not exist. Creating ...
2019-09-17 10:13:33,175 [pool-107-thread-1] INFO  impl.RaftServerImpl (ServerState.java:<init>(103)) - cd7fb81c-86a4-4055-b819-d84d71d1e03b@group-BB27F83832E4: ConfigurationManager, init=-1: [cd7fb81c-86a4-4055-b819-d84d71d1e03b:192.168.34.37:45422, 04cd4a9b-51ef-4921-b690-09927bd9ce1f:192.168.34.37:32905, 2bed06ad-feb1-4a42-84de-0c97964ae469:192.168.34.37:36327], old=null, confs=<EMPTY_MAP>
2019-09-17 10:13:33,175 [pool-107-thread-1] INFO  server.RaftServerConfigKeys (ConfUtils.java:logGet(43)) - raft.server.storage.dir = [/workdir/hadoop-ozone/integration-test/target/test-dir/MiniOzoneClusterImpl-79292457-8b46-4756-affc-c3b1963f1051/datanode-8/data/ratis] (custom)
2019-09-17 10:13:33,175 [pool-107-thread-1] INFO  storage.RaftStorageDirectory (RaftStorageDirectory.java:analyzeStorage(246)) - The storage directory /workdir/hadoop-ozone/integration-test/target/test-dir/MiniOzoneClusterImpl-79292457-8b46-4756-affc-c3b1963f1051/datanode-8/data/ratis/6d65ff06-e079-45f6-91fb-bb27f83832e4 does not exist. Creating ...
2019-09-17 10:13:33,188 [pool-107-thread-1] INFO  storage.RaftStorageDirectory (RaftStorageDirectory.java:tryLock(328)) - Lock on /workdir/hadoop-ozone/integration-test/target/test-dir/MiniOzoneClusterImpl-79292457-8b46-4756-affc-c3b1963f1051/datanode-8/data/ratis/6d65ff06-e079-45f6-91fb-bb27f83832e4/in_use.lock acquired by nodename 12743@pr-hdds-2110-rdjw6-11158954
2019-09-17 10:13:33,188 [pool-27-thread-1] INFO  storage.RaftStorageDirectory (RaftStorageDirectory.java:tryLock(328)) - Lock on /workdir/hadoop-ozone/integration-test/target/test-dir/MiniOzoneClusterImpl-79292457-8b46-4756-affc-c3b1963f1051/datanode-0/data/ratis/6d65ff06-e079-45f6-91fb-bb27f83832e4/in_use.lock acquired by nodename 12743@pr-hdds-2110-rdjw6-11158954
2019-09-17 10:13:33,188 [pool-117-thread-1] INFO  storage.RaftStorageDirectory (RaftStorageDirectory.java:tryLock(328)) - Lock on /workdir/hadoop-ozone/integration-test/target/test-dir/MiniOzoneClusterImpl-79292457-8b46-4756-affc-c3b1963f1051/datanode-9/data/ratis/6d65ff06-e079-45f6-91fb-bb27f83832e4/in_use.lock acquired by nodename 12743@pr-hdds-2110-rdjw6-11158954
2019-09-17 10:13:33,203 [pool-117-thread-1] INFO  storage.RaftStorage (RaftStorage.java:format(72)) - Storage directory /workdir/hadoop-ozone/integration-test/target/test-dir/MiniOzoneClusterImpl-79292457-8b46-4756-affc-c3b1963f1051/datanode-9/data/ratis/6d65ff06-e079-45f6-91fb-bb27f83832e4 has been successfully formatted.
2019-09-17 10:13:33,203 [pool-107-thread-1] INFO  storage.RaftStorage (RaftStorage.java:format(72)) - Storage directory /workdir/hadoop-ozone/integration-test/target/test-dir/MiniOzoneClusterImpl-79292457-8b46-4756-affc-c3b1963f1051/datanode-8/data/ratis/6d65ff06-e079-45f6-91fb-bb27f83832e4 has been successfully formatted.
2019-09-17 10:13:33,204 [pool-117-thread-1] INFO  ratis.ContainerStateMachine (ContainerStateMachine.java:loadSnapshot(230)) - group-BB27F83832E4: The snapshot info is null. Setting the last applied indexto:(t:0, i:~)
2019-09-17 10:13:33,203 [pool-27-thread-1] INFO  storage.RaftStorage (RaftStorage.java:format(72)) - Storage directory /workdir/hadoop-ozone/integration-test/target/test-dir/MiniOzoneClusterImpl-79292457-8b46-4756-affc-c3b1963f1051/datanode-0/data/ratis/6d65ff06-e079-45f6-91fb-bb27f83832e4 has been successfully formatted.
2019-09-17 10:13:33,204 [pool-107-thread-1] INFO  ratis.ContainerStateMachine (ContainerStateMachine.java:loadSnapshot(230)) - group-BB27F83832E4: The snapshot info is null. Setting the last applied indexto:(t:0, i:~)
2019-09-17 10:13:33,204 [pool-117-thread-1] INFO  server.RaftServerConfigKeys (ConfUtils.java:logGet(43)) - raft.server.notification.no-leader.timeout = 120s (custom)
2019-09-17 10:13:33,204 [pool-107-thread-1] INFO  server.RaftServerConfigKeys (ConfUtils.java:logGet(43)) - raft.server.notification.no-leader.timeout = 120s (custom)
2019-09-17 10:13:33,204 [pool-27-thread-1] INFO  ratis.ContainerStateMachine (ContainerStateMachine.java:loadSnapshot(230)) - group-BB27F83832E4: The snapshot info is null. Setting the last applied indexto:(t:0, i:~)
2019-09-17 10:13:33,204 [pool-107-thread-1] INFO  server.RaftServerConfigKeys (ConfUtils.java:logGet(43)) - raft.server.log.use.memory = false (default)
2019-09-17 10:13:33,204 [pool-117-thread-1] INFO  server.RaftServerConfigKeys (ConfUtils.java:logGet(43)) - raft.server.log.use.memory = false (default)
2019-09-17 10:13:33,204 [pool-107-thread-1] INFO  server.RaftServerConfigKeys (ConfUtils.java:logGet(43)) - raft.server.log.purge.gap = 1000000 (custom)
2019-09-17 10:13:33,204 [pool-27-thread-1] INFO  server.RaftServerConfigKeys (ConfUtils.java:logGet(43)) - raft.server.notification.no-leader.timeout = 120s (custom)
2019-09-17 10:13:33,205 [pool-107-thread-1] INFO  server.RaftServerConfigKeys (ConfUtils.java:logGet(43)) - raft.server.log.appender.buffer.byte-limit = 33554432 (custom)
2019-09-17 10:13:33,205 [pool-117-thread-1] INFO  server.RaftServerConfigKeys (ConfUtils.java:logGet(43)) - raft.server.log.purge.gap = 1000000 (custom)
2019-09-17 10:13:33,205 [pool-107-thread-1] INFO  server.RaftServerConfigKeys (ConfUtils.java:logGet(43)) - raft.server.log.segment.size.max = 1048576 (custom)
2019-09-17 10:13:33,205 [pool-27-thread-1] INFO  server.RaftServerConfigKeys (ConfUtils.java:logGet(43)) - raft.server.log.use.memory = false (default)
2019-09-17 10:13:33,205 [pool-107-thread-1] INFO  server.RaftServerConfigKeys (ConfUtils.java:logGet(43)) - raft.server.log.segment.cache.num.max = 2 (custom)
2019-09-17 10:13:33,205 [pool-117-thread-1] INFO  server.RaftServerConfigKeys (ConfUtils.java:logGet(43)) - raft.server.log.appender.buffer.byte-limit = 33554432 (custom)
2019-09-17 10:13:33,205 [pool-107-thread-1] INFO  segmented.SegmentedRaftLogWorker (SegmentedRaftLogWorker.java:<init>(172)) - new cd7fb81c-86a4-4055-b819-d84d71d1e03b@group-BB27F83832E4-SegmentedRaftLogWorker for RaftStorage:Storage Directory /workdir/hadoop-ozone/integration-test/target/test-dir/MiniOzoneClusterImpl-79292457-8b46-4756-affc-c3b1963f1051/datanode-8/data/ratis/6d65ff06-e079-45f6-91fb-bb27f83832e4
2019-09-17 10:13:33,205 [pool-27-thread-1] INFO  server.RaftServerConfigKeys (ConfUtils.java:logGet(43)) - raft.server.log.purge.gap = 1000000 (custom)
2019-09-17 10:13:33,206 [pool-107-thread-1] INFO  server.RaftServerConfigKeys (ConfUtils.java:logGet(43)) - raft.server.log.queue.byte-limit = 2147483647 (custom)
2019-09-17 10:13:33,205 [pool-117-thread-1] INFO  server.RaftServerConfigKeys (ConfUtils.java:logGet(43)) - raft.server.log.segment.size.max = 1048576 (custom)
2019-09-17 10:13:33,206 [pool-107-thread-1] INFO  server.RaftServerConfigKeys (ConfUtils.java:logGet(43)) - raft.server.log.queue.element-limit = 1024 (custom)
2019-09-17 10:13:33,206 [pool-27-thread-1] INFO  server.RaftServerConfigKeys (ConfUtils.java:logGet(43)) - raft.server.log.appender.buffer.byte-limit = 33554432 (custom)
2019-09-17 10:13:33,206 [pool-107-thread-1] INFO  server.RaftServerConfigKeys (ConfUtils.java:logGet(43)) - raft.server.log.segment.size.max = 1048576 (custom)
2019-09-17 10:13:33,206 [pool-117-thread-1] INFO  server.RaftServerConfigKeys (ConfUtils.java:logGet(43)) - raft.server.log.segment.cache.num.max = 2 (custom)
2019-09-17 10:13:33,206 [pool-107-thread-1] INFO  server.RaftServerConfigKeys (ConfUtils.java:logGet(43)) - raft.server.log.preallocated.size = 16384 (custom)
2019-09-17 10:13:33,206 [pool-27-thread-1] INFO  server.RaftServerConfigKeys (ConfUtils.java:logGet(43)) - raft.server.log.segment.size.max = 1048576 (custom)
2019-09-17 10:13:33,206 [pool-107-thread-1] INFO  server.RaftServerConfigKeys (ConfUtils.java:logGet(43)) - raft.server.log.write.buffer.size = 33554432 (custom)
2019-09-17 10:13:33,206 [pool-117-thread-1] INFO  segmented.SegmentedRaftLogWorker (SegmentedRaftLogWorker.java:<init>(172)) - new 2bed06ad-feb1-4a42-84de-0c97964ae469@group-BB27F83832E4-SegmentedRaftLogWorker for RaftStorage:Storage Directory /workdir/hadoop-ozone/integration-test/target/test-dir/MiniOzoneClusterImpl-79292457-8b46-4756-affc-c3b1963f1051/datanode-9/data/ratis/6d65ff06-e079-45f6-91fb-bb27f83832e4
2019-09-17 10:13:33,207 [pool-107-thread-1] INFO  server.RaftServerConfigKeys (ConfUtils.java:logGet(43)) - raft.server.log.force.sync.num = 128 (default)
2019-09-17 10:13:33,207 [pool-27-thread-1] INFO  server.RaftServerConfigKeys (ConfUtils.java:logGet(43)) - raft.server.log.segment.cache.num.max = 2 (custom)
2019-09-17 10:13:33,207 [pool-107-thread-1] INFO  server.RaftServerConfigKeys (ConfUtils.java:logGet(43)) - raft.server.log.statemachine.data.sync = true (default)
2019-09-17 10:13:33,207 [pool-117-thread-1] INFO  server.RaftServerConfigKeys (ConfUtils.java:logGet(43)) - raft.server.log.queue.byte-limit = 2147483647 (custom)
2019-09-17 10:13:33,207 [pool-107-thread-1] INFO  server.RaftServerConfigKeys (ConfUtils.java:logGet(43)) - raft.server.log.statemachine.data.sync.timeout = 10s (default)
2019-09-17 10:13:33,207 [pool-27-thread-1] INFO  segmented.SegmentedRaftLogWorker (SegmentedRaftLogWorker.java:<init>(172)) - new 04cd4a9b-51ef-4921-b690-09927bd9ce1f@group-BB27F83832E4-SegmentedRaftLogWorker for RaftStorage:Storage Directory /workdir/hadoop-ozone/integration-test/target/test-dir/MiniOzoneClusterImpl-79292457-8b46-4756-affc-c3b1963f1051/datanode-0/data/ratis/6d65ff06-e079-45f6-91fb-bb27f83832e4
2019-09-17 10:13:33,207 [pool-107-thread-1] INFO  server.RaftServerConfigKeys (ConfUtils.java:logGet(43)) - raft.server.log.statemachine.data.sync.timeout.retry = -1 (default)
2019-09-17 10:13:33,207 [pool-117-thread-1] INFO  server.RaftServerConfigKeys (ConfUtils.java:logGet(43)) - raft.server.log.queue.element-limit = 1024 (custom)
2019-09-17 10:13:33,207 [pool-27-thread-1] INFO  server.RaftServerConfigKeys (ConfUtils.java:logGet(43)) - raft.server.log.queue.byte-limit = 2147483647 (custom)
2019-09-17 10:13:33,208 [pool-107-thread-1] INFO  server.RaftServerConfigKeys (ConfUtils.java:logGet(43)) - raft.server.log.statemachine.data.caching.enabled = true (custom)
2019-09-17 10:13:33,208 [pool-117-thread-1] INFO  server.RaftServerConfigKeys (ConfUtils.java:logGet(43)) - raft.server.log.segment.size.max = 1048576 (custom)
2019-09-17 10:13:33,208 [pool-27-thread-1] INFO  server.RaftServerConfigKeys (ConfUtils.java:logGet(43)) - raft.server.log.queue.element-limit = 1024 (custom)
2019-09-17 10:13:33,208 [pool-117-thread-1] INFO  server.RaftServerConfigKeys (ConfUtils.java:logGet(43)) - raft.server.log.preallocated.size = 16384 (custom)
2019-09-17 10:13:33,208 [pool-27-thread-1] INFO  server.RaftServerConfigKeys (ConfUtils.java:logGet(43)) - raft.server.log.segment.size.max = 1048576 (custom)
2019-09-17 10:13:33,208 [pool-117-thread-1] INFO  server.RaftServerConfigKeys (ConfUtils.java:logGet(43)) - raft.server.log.write.buffer.size = 33554432 (custom)
2019-09-17 10:13:33,208 [pool-107-thread-1] INFO  segmented.SegmentedRaftLogWorker (SegmentedRaftLogWorker.java:lambda$new$0(132)) - cd7fb81c-86a4-4055-b819-d84d71d1e03b@group-BB27F83832E4-SegmentedRaftLogWorker: flushIndex: setUnconditionally 0 -> -1
2019-09-17 10:13:33,208 [pool-117-thread-1] INFO  server.RaftServerConfigKeys (ConfUtils.java:logGet(43)) - raft.server.log.force.sync.num = 128 (default)
2019-09-17 10:13:33,208 [pool-27-thread-1] INFO  server.RaftServerConfigKeys (ConfUtils.java:logGet(43)) - raft.server.log.preallocated.size = 16384 (custom)
2019-09-17 10:13:33,209 [pool-117-thread-1] INFO  server.RaftServerConfigKeys (ConfUtils.java:logGet(43)) - raft.server.log.statemachine.data.sync = true (default)
2019-09-17 10:13:33,209 [pool-27-thread-1] INFO  server.RaftServerConfigKeys (ConfUtils.java:logGet(43)) - raft.server.log.write.buffer.size = 33554432 (custom)
2019-09-17 10:13:33,209 [pool-107-thread-1] INFO  server.RaftServerConfigKeys (ConfUtils.java:logGet(43)) - raft.server.snapshot.auto.trigger.enabled = true (custom)
2019-09-17 10:13:33,209 [pool-27-thread-1] INFO  server.RaftServerConfigKeys (ConfUtils.java:logGet(43)) - raft.server.log.force.sync.num = 128 (default)
2019-09-17 10:13:33,209 [pool-117-thread-1] INFO  server.RaftServerConfigKeys (ConfUtils.java:logGet(43)) - raft.server.log.statemachine.data.sync.timeout = 10s (default)
2019-09-17 10:13:33,209 [pool-27-thread-1] INFO  server.RaftServerConfigKeys (ConfUtils.java:logGet(43)) - raft.server.log.statemachine.data.sync = true (default)
2019-09-17 10:13:33,209 [pool-107-thread-1] INFO  server.RaftServerConfigKeys (ConfUtils.java:logGet(43)) - raft.server.snapshot.auto.trigger.threshold = 10000 (custom)
2019-09-17 10:13:33,209 [pool-27-thread-1] INFO  server.RaftServerConfigKeys (ConfUtils.java:logGet(43)) - raft.server.log.statemachine.data.sync.timeout = 10s (default)
2019-09-17 10:13:33,209 [pool-117-thread-1] INFO  server.RaftServerConfigKeys (ConfUtils.java:logGet(43)) - raft.server.log.statemachine.data.sync.timeout.retry = -1 (default)
2019-09-17 10:13:33,210 [pool-27-thread-1] INFO  server.RaftServerConfigKeys (ConfUtils.java:logGet(43)) - raft.server.log.statemachine.data.sync.timeout.retry = -1 (default)
2019-09-17 10:13:33,209 [pool-107-thread-1] INFO  server.RaftServerConfigKeys (ConfUtils.java:logGet(43)) - raft.server.snapshot.retention.num.files = -1 (default)
2019-09-17 10:13:33,210 [pool-27-thread-1] INFO  server.RaftServerConfigKeys (ConfUtils.java:logGet(43)) - raft.server.log.statemachine.data.caching.enabled = true (custom)
2019-09-17 10:13:33,210 [pool-117-thread-1] INFO  server.RaftServerConfigKeys (ConfUtils.java:logGet(43)) - raft.server.log.statemachine.data.caching.enabled = true (custom)
2019-09-17 10:13:33,210 [pool-107-thread-1] INFO  server.RaftServerConfigKeys (ConfUtils.java:logGet(43)) - raft.server.retrycache.expirytime = 600000ms (custom)
2019-09-17 10:13:33,210 [pool-27-thread-1] INFO  segmented.SegmentedRaftLogWorker (SegmentedRaftLogWorker.java:lambda$new$0(132)) - 04cd4a9b-51ef-4921-b690-09927bd9ce1f@group-BB27F83832E4-SegmentedRaftLogWorker: flushIndex: setUnconditionally 0 -> -1
2019-09-17 10:13:33,210 [pool-117-thread-1] INFO  segmented.SegmentedRaftLogWorker (SegmentedRaftLogWorker.java:lambda$new$0(132)) - 2bed06ad-feb1-4a42-84de-0c97964ae469@group-BB27F83832E4-SegmentedRaftLogWorker: flushIndex: setUnconditionally 0 -> -1
2019-09-17 10:13:33,210 [pool-27-thread-1] INFO  server.RaftServerConfigKeys (ConfUtils.java:logGet(43)) - raft.server.snapshot.auto.trigger.enabled = true (custom)
2019-09-17 10:13:33,211 [pool-117-thread-1] INFO  server.RaftServerConfigKeys (ConfUtils.java:logGet(43)) - raft.server.snapshot.auto.trigger.enabled = true (custom)
2019-09-17 10:13:33,211 [pool-27-thread-1] INFO  server.RaftServerConfigKeys (ConfUtils.java:logGet(43)) - raft.server.snapshot.auto.trigger.threshold = 10000 (custom)
2019-09-17 10:13:33,211 [pool-117-thread-1] INFO  server.RaftServerConfigKeys (ConfUtils.java:logGet(43)) - raft.server.snapshot.auto.trigger.threshold = 10000 (custom)
2019-09-17 10:13:33,211 [pool-27-thread-1] INFO  server.RaftServerConfigKeys (ConfUtils.java:logGet(43)) - raft.server.snapshot.retention.num.files = -1 (default)
2019-09-17 10:13:33,211 [pool-117-thread-1] INFO  server.RaftServerConfigKeys (ConfUtils.java:logGet(43)) - raft.server.snapshot.retention.num.files = -1 (default)
2019-09-17 10:13:33,211 [pool-27-thread-1] INFO  server.RaftServerConfigKeys (ConfUtils.java:logGet(43)) - raft.server.retrycache.expirytime = 600000ms (custom)
2019-09-17 10:13:33,211 [pool-117-thread-1] INFO  server.RaftServerConfigKeys (ConfUtils.java:logGet(43)) - raft.server.retrycache.expirytime = 600000ms (custom)
2019-09-17 10:13:33,214 [pool-107-thread-1] INFO  impl.RaftServerImpl (RaftServerImpl.java:start(185)) - cd7fb81c-86a4-4055-b819-d84d71d1e03b@group-BB27F83832E4: start as a follower, conf=-1: [cd7fb81c-86a4-4055-b819-d84d71d1e03b:192.168.34.37:45422, 04cd4a9b-51ef-4921-b690-09927bd9ce1f:192.168.34.37:32905, 2bed06ad-feb1-4a42-84de-0c97964ae469:192.168.34.37:36327], old=null
2019-09-17 10:13:33,214 [pool-107-thread-1] INFO  impl.RaftServerImpl (RaftServerImpl.java:setRole(174)) - cd7fb81c-86a4-4055-b819-d84d71d1e03b@group-BB27F83832E4: changes role from      null to FOLLOWER at term 0 for startAsFollower
2019-09-17 10:13:33,214 [pool-107-thread-1] INFO  impl.RoleInfo (RoleInfo.java:updateAndGet(143)) - cd7fb81c-86a4-4055-b819-d84d71d1e03b: start FollowerState
2019-09-17 10:13:33,214 [pool-27-thread-1] INFO  impl.RaftServerImpl (RaftServerImpl.java:start(185)) - 04cd4a9b-51ef-4921-b690-09927bd9ce1f@group-BB27F83832E4: start as a follower, conf=-1: [cd7fb81c-86a4-4055-b819-d84d71d1e03b:192.168.34.37:45422, 04cd4a9b-51ef-4921-b690-09927bd9ce1f:192.168.34.37:32905, 2bed06ad-feb1-4a42-84de-0c97964ae469:192.168.34.37:36327], old=null
2019-09-17 10:13:33,214 [pool-107-thread-1] INFO  util.JmxRegister (JmxRegister.java:tryRegister(44)) - Successfully registered JMX Bean with object name Ratis:service=RaftServer,group=group-BB27F83832E4,id=cd7fb81c-86a4-4055-b819-d84d71d1e03b
2019-09-17 10:13:33,214 [pool-27-thread-1] INFO  impl.RaftServerImpl (RaftServerImpl.java:setRole(174)) - 04cd4a9b-51ef-4921-b690-09927bd9ce1f@group-BB27F83832E4: changes role from      null to FOLLOWER at term 0 for startAsFollower
2019-09-17 10:13:33,214 [pool-117-thread-1] INFO  impl.RaftServerImpl (RaftServerImpl.java:start(185)) - 2bed06ad-feb1-4a42-84de-0c97964ae469@group-BB27F83832E4: start as a follower, conf=-1: [cd7fb81c-86a4-4055-b819-d84d71d1e03b:192.168.34.37:45422, 04cd4a9b-51ef-4921-b690-09927bd9ce1f:192.168.34.37:32905, 2bed06ad-feb1-4a42-84de-0c97964ae469:192.168.34.37:36327], old=null
2019-09-17 10:13:33,214 [pool-27-thread-1] INFO  impl.RoleInfo (RoleInfo.java:updateAndGet(143)) - 04cd4a9b-51ef-4921-b690-09927bd9ce1f: start FollowerState
2019-09-17 10:13:33,215 [pool-117-thread-1] INFO  impl.RaftServerImpl (RaftServerImpl.java:setRole(174)) - 2bed06ad-feb1-4a42-84de-0c97964ae469@group-BB27F83832E4: changes role from      null to FOLLOWER at term 0 for startAsFollower
2019-09-17 10:13:33,215 [pool-117-thread-1] INFO  impl.RoleInfo (RoleInfo.java:updateAndGet(143)) - 2bed06ad-feb1-4a42-84de-0c97964ae469: start FollowerState
2019-09-17 10:13:33,215 [pool-27-thread-1] INFO  util.JmxRegister (JmxRegister.java:tryRegister(44)) - Successfully registered JMX Bean with object name Ratis:service=RaftServer,group=group-BB27F83832E4,id=04cd4a9b-51ef-4921-b690-09927bd9ce1f
2019-09-17 10:13:33,215 [pool-117-thread-1] INFO  util.JmxRegister (JmxRegister.java:tryRegister(44)) - Successfully registered JMX Bean with object name Ratis:service=RaftServer,group=group-BB27F83832E4,id=2bed06ad-feb1-4a42-84de-0c97964ae469
2019-09-17 10:13:33,224 [RatisPipelineUtilsThread] INFO  pipeline.PipelineStateManager (PipelineStateManager.java:addPipeline(56)) - Created pipeline Pipeline[ Id: 6d65ff06-e079-45f6-91fb-bb27f83832e4, Nodes: 2bed06ad-feb1-4a42-84de-0c97964ae469{ip: 192.168.34.37, host: pr-hdds-2110-rdjw6-11158954, networkLocation: /default-rack, certSerialId: null}04cd4a9b-51ef-4921-b690-09927bd9ce1f{ip: 192.168.34.37, host: pr-hdds-2110-rdjw6-11158954, networkLocation: /default-rack, certSerialId: null}cd7fb81c-86a4-4055-b819-d84d71d1e03b{ip: 192.168.34.37, host: pr-hdds-2110-rdjw6-11158954, networkLocation: /default-rack, certSerialId: null}, Type:RATIS, Factor:THREE, State:OPEN]
2019-09-17 10:13:33,263 [Thread-291] INFO  impl.FollowerState (FollowerState.java:run(106)) - 7be722d9-df7a-49b7-8861-987a973deb04:group-346B7CDB17B1 changes to CANDIDATE, lastRpcTime:1096, electionTimeout:1094ms
2019-09-17 10:13:33,263 [Thread-291] INFO  impl.RoleInfo (RoleInfo.java:shutdownFollowerState(121)) - 7be722d9-df7a-49b7-8861-987a973deb04: shutdown FollowerState
2019-09-17 10:13:33,263 [Thread-291] INFO  impl.RaftServerImpl (RaftServerImpl.java:setRole(174)) - 7be722d9-df7a-49b7-8861-987a973deb04@group-346B7CDB17B1: changes role from  FOLLOWER to CANDIDATE at term 0 for changeToCandidate
2019-09-17 10:13:33,263 [Thread-291] INFO  impl.RoleInfo (RoleInfo.java:updateAndGet(143)) - 7be722d9-df7a-49b7-8861-987a973deb04: start LeaderElection
2019-09-17 10:13:33,282 [7be722d9-df7a-49b7-8861-987a973deb04@group-346B7CDB17B1:LeaderElection3] INFO  impl.LeaderElection (LeaderElection.java:askForVotes(182)) - 7be722d9-df7a-49b7-8861-987a973deb04@group-346B7CDB17B1:LeaderElection3: begin an election at term 1 for -1: [7be722d9-df7a-49b7-8861-987a973deb04:192.168.34.37:44005], old=null
2019-09-17 10:13:33,283 [7be722d9-df7a-49b7-8861-987a973deb04@group-346B7CDB17B1:LeaderElection3] INFO  impl.RoleInfo (RoleInfo.java:shutdownLeaderElection(134)) - 7be722d9-df7a-49b7-8861-987a973deb04: shutdown LeaderElection
2019-09-17 10:13:33,283 [7be722d9-df7a-49b7-8861-987a973deb04@group-346B7CDB17B1:LeaderElection3] INFO  impl.RaftServerImpl (RaftServerImpl.java:setRole(174)) - 7be722d9-df7a-49b7-8861-987a973deb04@group-346B7CDB17B1: changes role from CANDIDATE to LEADER at term 1 for changeToLeader
2019-09-17 10:13:33,284 [7be722d9-df7a-49b7-8861-987a973deb04@group-346B7CDB17B1:LeaderElection3] INFO  impl.RaftServerImpl (ServerState.java:setLeader(253)) - 7be722d9-df7a-49b7-8861-987a973deb04@group-346B7CDB17B1: change Leader from null to 7be722d9-df7a-49b7-8861-987a973deb04 at term 1 for becomeLeader, leader elected after 1180ms
2019-09-17 10:13:33,284 [7be722d9-df7a-49b7-8861-987a973deb04@group-346B7CDB17B1:LeaderElection3] INFO  server.RaftServerConfigKeys (ConfUtils.java:logGet(43)) - raft.server.staging.catchup.gap = 1000 (default)
2019-09-17 10:13:33,284 [7be722d9-df7a-49b7-8861-987a973deb04@group-346B7CDB17B1:LeaderElection3] INFO  server.RaftServerConfigKeys (ConfUtils.java:logGet(43)) - raft.server.rpc.sleep.time = 25ms (default)
2019-09-17 10:13:33,284 [7be722d9-df7a-49b7-8861-987a973deb04@group-346B7CDB17B1:LeaderElection3] INFO  server.RaftServerConfigKeys (ConfUtils.java:logGet(43)) - raft.server.write.element-limit = 4096 (default)
2019-09-17 10:13:33,284 [7be722d9-df7a-49b7-8861-987a973deb04@group-346B7CDB17B1:LeaderElection3] INFO  server.RaftServerConfigKeys (ConfUtils.java:logGet(43)) - raft.server.watch.timeout = 10s (default)
2019-09-17 10:13:33,284 [7be722d9-df7a-49b7-8861-987a973deb04@group-346B7CDB17B1:LeaderElection3] INFO  server.RaftServerConfigKeys (ConfUtils.java:logGet(43)) - raft.server.watch.timeout.denomination = 1s (default)
2019-09-17 10:13:33,284 [7be722d9-df7a-49b7-8861-987a973deb04@group-346B7CDB17B1:LeaderElection3] INFO  server.RaftServerConfigKeys (ConfUtils.java:logGet(43)) - raft.server.watch.element-limit = 65536 (default)
2019-09-17 10:13:33,287 [7be722d9-df7a-49b7-8861-987a973deb04@group-346B7CDB17B1:LeaderElection3] INFO  impl.RoleInfo (RoleInfo.java:updateAndGet(143)) - 7be722d9-df7a-49b7-8861-987a973deb04: start LeaderState
2019-09-17 10:13:33,288 [7be722d9-df7a-49b7-8861-987a973deb04@group-346B7CDB17B1:LeaderElection3] INFO  segmented.SegmentedRaftLogWorker (SegmentedRaftLogWorker.java:startLogSegment(380)) - 7be722d9-df7a-49b7-8861-987a973deb04@group-346B7CDB17B1-SegmentedRaftLogWorker: Starting segment from index:0
2019-09-17 10:13:33,288 [7be722d9-df7a-49b7-8861-987a973deb04@group-346B7CDB17B1:LeaderElection3] INFO  impl.RaftServerImpl (ServerState.java:setRaftConf(354)) - 7be722d9-df7a-49b7-8861-987a973deb04@group-346B7CDB17B1: set configuration 0: [7be722d9-df7a-49b7-8861-987a973deb04:192.168.34.37:44005], old=null at 0
2019-09-17 10:13:33,347 [1303f52d-d2af-4d51-a297-b30474c81d0b@group-971C11223AD4-SegmentedRaftLogWorker] INFO  segmented.SegmentedRaftLogWorker (SegmentedRaftLogWorker.java:execute(569)) - 1303f52d-d2af-4d51-a297-b30474c81d0b@group-971C11223AD4-SegmentedRaftLogWorker: created new log segment /workdir/hadoop-ozone/integration-test/target/test-dir/MiniOzoneClusterImpl-79292457-8b46-4756-affc-c3b1963f1051/datanode-6/data/ratis/3021088d-58e6-419c-97ea-971c11223ad4/current/log_inprogress_0
2019-09-17 10:13:33,347 [7be722d9-df7a-49b7-8861-987a973deb04@group-346B7CDB17B1-SegmentedRaftLogWorker] INFO  segmented.SegmentedRaftLogWorker (SegmentedRaftLogWorker.java:execute(569)) - 7be722d9-df7a-49b7-8861-987a973deb04@group-346B7CDB17B1-SegmentedRaftLogWorker: created new log segment /workdir/hadoop-ozone/integration-test/target/test-dir/MiniOzoneClusterImpl-79292457-8b46-4756-affc-c3b1963f1051/datanode-7/data/ratis/143b5a02-f9bb-4d66-a7d3-346b7cdb17b1/current/log_inprogress_0
2019-09-17 10:13:33,347 [04cd4a9b-51ef-4921-b690-09927bd9ce1f@group-457F16CCBE1A-SegmentedRaftLogWorker] INFO  segmented.SegmentedRaftLogWorker (SegmentedRaftLogWorker.java:execute(569)) - 04cd4a9b-51ef-4921-b690-09927bd9ce1f@group-457F16CCBE1A-SegmentedRaftLogWorker: created new log segment /workdir/hadoop-ozone/integration-test/target/test-dir/MiniOzoneClusterImpl-79292457-8b46-4756-affc-c3b1963f1051/datanode-0/data/ratis/3bdba4cc-ebd6-49ae-99c5-457f16ccbe1a/current/log_inprogress_0
2019-09-17 10:13:33,389 [Thread-294] INFO  impl.FollowerState (FollowerState.java:run(106)) - 1d843e0b-d448-4c1d-904a-b8b79ddf8dfc:group-1C4EA16DC5D3 changes to CANDIDATE, lastRpcTime:1134, electionTimeout:1134ms
2019-09-17 10:13:33,389 [Thread-294] INFO  impl.RoleInfo (RoleInfo.java:shutdownFollowerState(121)) - 1d843e0b-d448-4c1d-904a-b8b79ddf8dfc: shutdown FollowerState
2019-09-17 10:13:33,389 [Thread-294] INFO  impl.RaftServerImpl (RaftServerImpl.java:setRole(174)) - 1d843e0b-d448-4c1d-904a-b8b79ddf8dfc@group-1C4EA16DC5D3: changes role from  FOLLOWER to CANDIDATE at term 0 for changeToCandidate
2019-09-17 10:13:33,390 [Thread-294] INFO  impl.RoleInfo (RoleInfo.java:updateAndGet(143)) - 1d843e0b-d448-4c1d-904a-b8b79ddf8dfc: start LeaderElection
2019-09-17 10:13:33,408 [1d843e0b-d448-4c1d-904a-b8b79ddf8dfc@group-1C4EA16DC5D3:LeaderElection4] INFO  impl.LeaderElection (LeaderElection.java:askForVotes(182)) - 1d843e0b-d448-4c1d-904a-b8b79ddf8dfc@group-1C4EA16DC5D3:LeaderElection4: begin an election at term 1 for -1: [1d843e0b-d448-4c1d-904a-b8b79ddf8dfc:192.168.34.37:43968], old=null
2019-09-17 10:13:33,408 [1d843e0b-d448-4c1d-904a-b8b79ddf8dfc@group-1C4EA16DC5D3:LeaderElection4] INFO  impl.RoleInfo (RoleInfo.java:shutdownLeaderElection(134)) - 1d843e0b-d448-4c1d-904a-b8b79ddf8dfc: shutdown LeaderElection
2019-09-17 10:13:33,408 [1d843e0b-d448-4c1d-904a-b8b79ddf8dfc@group-1C4EA16DC5D3:LeaderElection4] INFO  impl.RaftServerImpl (RaftServerImpl.java:setRole(174)) - 1d843e0b-d448-4c1d-904a-b8b79ddf8dfc@group-1C4EA16DC5D3: changes role from CANDIDATE to LEADER at term 1 for changeToLeader
2019-09-17 10:13:33,408 [1d843e0b-d448-4c1d-904a-b8b79ddf8dfc@group-1C4EA16DC5D3:LeaderElection4] INFO  impl.RaftServerImpl (ServerState.java:setLeader(253)) - 1d843e0b-d448-4c1d-904a-b8b79ddf8dfc@group-1C4EA16DC5D3: change Leader from null to 1d843e0b-d448-4c1d-904a-b8b79ddf8dfc at term 1 for becomeLeader, leader elected after 1166ms
2019-09-17 10:13:33,408 [1d843e0b-d448-4c1d-904a-b8b79ddf8dfc@group-1C4EA16DC5D3:LeaderElection4] INFO  server.RaftServerConfigKeys (ConfUtils.java:logGet(43)) - raft.server.staging.catchup.gap = 1000 (default)
2019-09-17 10:13:33,408 [1d843e0b-d448-4c1d-904a-b8b79ddf8dfc@group-1C4EA16DC5D3:LeaderElection4] INFO  server.RaftServerConfigKeys (ConfUtils.java:logGet(43)) - raft.server.rpc.sleep.time = 25ms (default)
2019-09-17 10:13:33,409 [1d843e0b-d448-4c1d-904a-b8b79ddf8dfc@group-1C4EA16DC5D3:LeaderElection4] INFO  server.RaftServerConfigKeys (ConfUtils.java:logGet(43)) - raft.server.write.element-limit = 4096 (default)
2019-09-17 10:13:33,409 [1d843e0b-d448-4c1d-904a-b8b79ddf8dfc@group-1C4EA16DC5D3:LeaderElection4] INFO  server.RaftServerConfigKeys (ConfUtils.java:logGet(43)) - raft.server.watch.timeout = 10s (default)
2019-09-17 10:13:33,409 [1d843e0b-d448-4c1d-904a-b8b79ddf8dfc@group-1C4EA16DC5D3:LeaderElection4] INFO  server.RaftServerConfigKeys (ConfUtils.java:logGet(43)) - raft.server.watch.timeout.denomination = 1s (default)
2019-09-17 10:13:33,409 [1d843e0b-d448-4c1d-904a-b8b79ddf8dfc@group-1C4EA16DC5D3:LeaderElection4] INFO  server.RaftServerConfigKeys (ConfUtils.java:logGet(43)) - raft.server.watch.element-limit = 65536 (default)
2019-09-17 10:13:33,412 [1d843e0b-d448-4c1d-904a-b8b79ddf8dfc@group-1C4EA16DC5D3:LeaderElection4] INFO  impl.RoleInfo (RoleInfo.java:updateAndGet(143)) - 1d843e0b-d448-4c1d-904a-b8b79ddf8dfc: start LeaderState
2019-09-17 10:13:33,412 [1d843e0b-d448-4c1d-904a-b8b79ddf8dfc@group-1C4EA16DC5D3:LeaderElection4] INFO  segmented.SegmentedRaftLogWorker (SegmentedRaftLogWorker.java:startLogSegment(380)) - 1d843e0b-d448-4c1d-904a-b8b79ddf8dfc@group-1C4EA16DC5D3-SegmentedRaftLogWorker: Starting segment from index:0
2019-09-17 10:13:33,413 [1d843e0b-d448-4c1d-904a-b8b79ddf8dfc@group-1C4EA16DC5D3:LeaderElection4] INFO  impl.RaftServerImpl (ServerState.java:setRaftConf(354)) - 1d843e0b-d448-4c1d-904a-b8b79ddf8dfc@group-1C4EA16DC5D3: set configuration 0: [1d843e0b-d448-4c1d-904a-b8b79ddf8dfc:192.168.34.37:43968], old=null at 0
2019-09-17 10:13:33,440 [Thread-297] INFO  impl.FollowerState (FollowerState.java:run(106)) - 95d6cb39-2a6f-4d2b-8ab1-47b9e22fb0ea:group-16D420F168B9 changes to CANDIDATE, lastRpcTime:1105, electionTimeout:1100ms
2019-09-17 10:13:33,440 [Thread-300] INFO  impl.FollowerState (FollowerState.java:run(106)) - 55583e5a-eaa2-4a32-b956-442090b04083:group-9E7FA5046B46 changes to CANDIDATE, lastRpcTime:1026, electionTimeout:1017ms
2019-09-17 10:13:33,441 [Thread-297] INFO  impl.RoleInfo (RoleInfo.java:shutdownFollowerState(121)) - 95d6cb39-2a6f-4d2b-8ab1-47b9e22fb0ea: shutdown FollowerState
2019-09-17 10:13:33,441 [Thread-300] INFO  impl.RoleInfo (RoleInfo.java:shutdownFollowerState(121)) - 55583e5a-eaa2-4a32-b956-442090b04083: shutdown FollowerState
2019-09-17 10:13:33,441 [Thread-297] INFO  impl.RaftServerImpl (RaftServerImpl.java:setRole(174)) - 95d6cb39-2a6f-4d2b-8ab1-47b9e22fb0ea@group-16D420F168B9: changes role from  FOLLOWER to CANDIDATE at term 0 for changeToCandidate
2019-09-17 10:13:33,441 [Thread-300] INFO  impl.RaftServerImpl (RaftServerImpl.java:setRole(174)) - 55583e5a-eaa2-4a32-b956-442090b04083@group-9E7FA5046B46: changes role from  FOLLOWER to CANDIDATE at term 0 for changeToCandidate
2019-09-17 10:13:33,441 [Thread-297] INFO  impl.RoleInfo (RoleInfo.java:updateAndGet(143)) - 95d6cb39-2a6f-4d2b-8ab1-47b9e22fb0ea: start LeaderElection
2019-09-17 10:13:33,441 [Thread-300] INFO  impl.RoleInfo (RoleInfo.java:updateAndGet(143)) - 55583e5a-eaa2-4a32-b956-442090b04083: start LeaderElection
2019-09-17 10:13:33,457 [1d843e0b-d448-4c1d-904a-b8b79ddf8dfc@group-1C4EA16DC5D3-SegmentedRaftLogWorker] INFO  segmented.SegmentedRaftLogWorker (SegmentedRaftLogWorker.java:execute(569)) - 1d843e0b-d448-4c1d-904a-b8b79ddf8dfc@group-1C4EA16DC5D3-SegmentedRaftLogWorker: created new log segment /workdir/hadoop-ozone/integration-test/target/test-dir/MiniOzoneClusterImpl-79292457-8b46-4756-affc-c3b1963f1051/datanode-1/data/ratis/cca9a01c-c85a-40b8-9e7e-1c4ea16dc5d3/current/log_inprogress_0
2019-09-17 10:13:33,470 [55583e5a-eaa2-4a32-b956-442090b04083@group-9E7FA5046B46:LeaderElection6] INFO  impl.LeaderElection (LeaderElection.java:askForVotes(182)) - 55583e5a-eaa2-4a32-b956-442090b04083@group-9E7FA5046B46:LeaderElection6: begin an election at term 1 for -1: [55583e5a-eaa2-4a32-b956-442090b04083:192.168.34.37:42551], old=null
2019-09-17 10:13:33,470 [95d6cb39-2a6f-4d2b-8ab1-47b9e22fb0ea@group-16D420F168B9:LeaderElection5] INFO  impl.LeaderElection (LeaderElection.java:askForVotes(182)) - 95d6cb39-2a6f-4d2b-8ab1-47b9e22fb0ea@group-16D420F168B9:LeaderElection5: begin an election at term 1 for -1: [95d6cb39-2a6f-4d2b-8ab1-47b9e22fb0ea:192.168.34.37:40405], old=null
2019-09-17 10:13:33,471 [55583e5a-eaa2-4a32-b956-442090b04083@group-9E7FA5046B46:LeaderElection6] INFO  impl.RoleInfo (RoleInfo.java:shutdownLeaderElection(134)) - 55583e5a-eaa2-4a32-b956-442090b04083: shutdown LeaderElection
2019-09-17 10:13:33,471 [95d6cb39-2a6f-4d2b-8ab1-47b9e22fb0ea@group-16D420F168B9:LeaderElection5] INFO  impl.RoleInfo (RoleInfo.java:shutdownLeaderElection(134)) - 95d6cb39-2a6f-4d2b-8ab1-47b9e22fb0ea: shutdown LeaderElection
2019-09-17 10:13:33,471 [55583e5a-eaa2-4a32-b956-442090b04083@group-9E7FA5046B46:LeaderElection6] INFO  impl.RaftServerImpl (RaftServerImpl.java:setRole(174)) - 55583e5a-eaa2-4a32-b956-442090b04083@group-9E7FA5046B46: changes role from CANDIDATE to LEADER at term 1 for changeToLeader
2019-09-17 10:13:33,471 [95d6cb39-2a6f-4d2b-8ab1-47b9e22fb0ea@group-16D420F168B9:LeaderElection5] INFO  impl.RaftServerImpl (RaftServerImpl.java:setRole(174)) - 95d6cb39-2a6f-4d2b-8ab1-47b9e22fb0ea@group-16D420F168B9: changes role from CANDIDATE to LEADER at term 1 for changeToLeader
2019-09-17 10:13:33,471 [55583e5a-eaa2-4a32-b956-442090b04083@group-9E7FA5046B46:LeaderElection6] INFO  impl.RaftServerImpl (ServerState.java:setLeader(253)) - 55583e5a-eaa2-4a32-b956-442090b04083@group-9E7FA5046B46: change Leader from null to 55583e5a-eaa2-4a32-b956-442090b04083 at term 1 for becomeLeader, leader elected after 1067ms
2019-09-17 10:13:33,471 [95d6cb39-2a6f-4d2b-8ab1-47b9e22fb0ea@group-16D420F168B9:LeaderElection5] INFO  impl.RaftServerImpl (ServerState.java:setLeader(253)) - 95d6cb39-2a6f-4d2b-8ab1-47b9e22fb0ea@group-16D420F168B9: change Leader from null to 95d6cb39-2a6f-4d2b-8ab1-47b9e22fb0ea at term 1 for becomeLeader, leader elected after 1150ms
2019-09-17 10:13:33,471 [55583e5a-eaa2-4a32-b956-442090b04083@group-9E7FA5046B46:LeaderElection6] INFO  server.RaftServerConfigKeys (ConfUtils.java:logGet(43)) - raft.server.staging.catchup.gap = 1000 (default)
2019-09-17 10:13:33,471 [95d6cb39-2a6f-4d2b-8ab1-47b9e22fb0ea@group-16D420F168B9:LeaderElection5] INFO  server.RaftServerConfigKeys (ConfUtils.java:logGet(43)) - raft.server.staging.catchup.gap = 1000 (default)
2019-09-17 10:13:33,471 [55583e5a-eaa2-4a32-b956-442090b04083@group-9E7FA5046B46:LeaderElection6] INFO  server.RaftServerConfigKeys (ConfUtils.java:logGet(43)) - raft.server.rpc.sleep.time = 25ms (default)
2019-09-17 10:13:33,472 [95d6cb39-2a6f-4d2b-8ab1-47b9e22fb0ea@group-16D420F168B9:LeaderElection5] INFO  server.RaftServerConfigKeys (ConfUtils.java:logGet(43)) - raft.server.rpc.sleep.time = 25ms (default)
2019-09-17 10:13:33,472 [55583e5a-eaa2-4a32-b956-442090b04083@group-9E7FA5046B46:LeaderElection6] INFO  server.RaftServerConfigKeys (ConfUtils.java:logGet(43)) - raft.server.write.element-limit = 4096 (default)
2019-09-17 10:13:33,472 [95d6cb39-2a6f-4d2b-8ab1-47b9e22fb0ea@group-16D420F168B9:LeaderElection5] INFO  server.RaftServerConfigKeys (ConfUtils.java:logGet(43)) - raft.server.write.element-limit = 4096 (default)
2019-09-17 10:13:33,472 [55583e5a-eaa2-4a32-b956-442090b04083@group-9E7FA5046B46:LeaderElection6] INFO  server.RaftServerConfigKeys (ConfUtils.java:logGet(43)) - raft.server.watch.timeout = 10s (default)
2019-09-17 10:13:33,472 [95d6cb39-2a6f-4d2b-8ab1-47b9e22fb0ea@group-16D420F168B9:LeaderElection5] INFO  server.RaftServerConfigKeys (ConfUtils.java:logGet(43)) - raft.server.watch.timeout = 10s (default)
2019-09-17 10:13:33,472 [55583e5a-eaa2-4a32-b956-442090b04083@group-9E7FA5046B46:LeaderElection6] INFO  server.RaftServerConfigKeys (ConfUtils.java:logGet(43)) - raft.server.watch.timeout.denomination = 1s (default)
2019-09-17 10:13:33,472 [95d6cb39-2a6f-4d2b-8ab1-47b9e22fb0ea@group-16D420F168B9:LeaderElection5] INFO  server.RaftServerConfigKeys (ConfUtils.java:logGet(43)) - raft.server.watch.timeout.denomination = 1s (default)
2019-09-17 10:13:33,472 [55583e5a-eaa2-4a32-b956-442090b04083@group-9E7FA5046B46:LeaderElection6] INFO  server.RaftServerConfigKeys (ConfUtils.java:logGet(43)) - raft.server.watch.element-limit = 65536 (default)
2019-09-17 10:13:33,472 [95d6cb39-2a6f-4d2b-8ab1-47b9e22fb0ea@group-16D420F168B9:LeaderElection5] INFO  server.RaftServerConfigKeys (ConfUtils.java:logGet(43)) - raft.server.watch.element-limit = 65536 (default)
2019-09-17 10:13:33,475 [55583e5a-eaa2-4a32-b956-442090b04083@group-9E7FA5046B46:LeaderElection6] INFO  impl.RoleInfo (RoleInfo.java:updateAndGet(143)) - 55583e5a-eaa2-4a32-b956-442090b04083: start LeaderState
2019-09-17 10:13:33,476 [55583e5a-eaa2-4a32-b956-442090b04083@group-9E7FA5046B46:LeaderElection6] INFO  segmented.SegmentedRaftLogWorker (SegmentedRaftLogWorker.java:startLogSegment(380)) - 55583e5a-eaa2-4a32-b956-442090b04083@group-9E7FA5046B46-SegmentedRaftLogWorker: Starting segment from index:0
2019-09-17 10:13:33,476 [95d6cb39-2a6f-4d2b-8ab1-47b9e22fb0ea@group-16D420F168B9:LeaderElection5] INFO  impl.RoleInfo (RoleInfo.java:updateAndGet(143)) - 95d6cb39-2a6f-4d2b-8ab1-47b9e22fb0ea: start LeaderState
2019-09-17 10:13:33,476 [95d6cb39-2a6f-4d2b-8ab1-47b9e22fb0ea@group-16D420F168B9:LeaderElection5] INFO  segmented.SegmentedRaftLogWorker (SegmentedRaftLogWorker.java:startLogSegment(380)) - 95d6cb39-2a6f-4d2b-8ab1-47b9e22fb0ea@group-16D420F168B9-SegmentedRaftLogWorker: Starting segment from index:0
2019-09-17 10:13:33,476 [55583e5a-eaa2-4a32-b956-442090b04083@group-9E7FA5046B46:LeaderElection6] INFO  impl.RaftServerImpl (ServerState.java:setRaftConf(354)) - 55583e5a-eaa2-4a32-b956-442090b04083@group-9E7FA5046B46: set configuration 0: [55583e5a-eaa2-4a32-b956-442090b04083:192.168.34.37:42551], old=null at 0
2019-09-17 10:13:33,515 [95d6cb39-2a6f-4d2b-8ab1-47b9e22fb0ea@group-16D420F168B9:LeaderElection5] INFO  impl.RaftServerImpl (ServerState.java:setRaftConf(354)) - 95d6cb39-2a6f-4d2b-8ab1-47b9e22fb0ea@group-16D420F168B9: set configuration 0: [95d6cb39-2a6f-4d2b-8ab1-47b9e22fb0ea:192.168.34.37:40405], old=null at 0
2019-09-17 10:13:33,553 [55583e5a-eaa2-4a32-b956-442090b04083@group-9E7FA5046B46-SegmentedRaftLogWorker] INFO  segmented.SegmentedRaftLogWorker (SegmentedRaftLogWorker.java:execute(569)) - 55583e5a-eaa2-4a32-b956-442090b04083@group-9E7FA5046B46-SegmentedRaftLogWorker: created new log segment /workdir/hadoop-ozone/integration-test/target/test-dir/MiniOzoneClusterImpl-79292457-8b46-4756-affc-c3b1963f1051/datanode-5/data/ratis/c99acb1f-4b88-499f-8709-9e7fa5046b46/current/log_inprogress_0
2019-09-17 10:13:33,566 [95d6cb39-2a6f-4d2b-8ab1-47b9e22fb0ea@group-16D420F168B9-SegmentedRaftLogWorker] INFO  segmented.SegmentedRaftLogWorker (SegmentedRaftLogWorker.java:execute(569)) - 95d6cb39-2a6f-4d2b-8ab1-47b9e22fb0ea@group-16D420F168B9-SegmentedRaftLogWorker: created new log segment /workdir/hadoop-ozone/integration-test/target/test-dir/MiniOzoneClusterImpl-79292457-8b46-4756-affc-c3b1963f1051/datanode-3/data/ratis/abfeda63-f74f-4916-aec4-16d420f168b9/current/log_inprogress_0
2019-09-17 10:13:33,577 [Thread-303] INFO  impl.FollowerState (FollowerState.java:run(106)) - cc01c7d5-5dcf-4408-8cdb-fcf6ab2d1d3a:group-20C9E1DF4DF3 changes to CANDIDATE, lastRpcTime:1082, electionTimeout:1082ms
2019-09-17 10:13:33,577 [Thread-303] INFO  impl.RoleInfo (RoleInfo.java:shutdownFollowerState(121)) - cc01c7d5-5dcf-4408-8cdb-fcf6ab2d1d3a: shutdown FollowerState
2019-09-17 10:13:33,577 [Thread-303] INFO  impl.RaftServerImpl (RaftServerImpl.java:setRole(174)) - cc01c7d5-5dcf-4408-8cdb-fcf6ab2d1d3a@group-20C9E1DF4DF3: changes role from  FOLLOWER to CANDIDATE at term 0 for changeToCandidate
2019-09-17 10:13:33,577 [Thread-303] INFO  impl.RoleInfo (RoleInfo.java:updateAndGet(143)) - cc01c7d5-5dcf-4408-8cdb-fcf6ab2d1d3a: start LeaderElection
2019-09-17 10:13:33,595 [cc01c7d5-5dcf-4408-8cdb-fcf6ab2d1d3a@group-20C9E1DF4DF3:LeaderElection7] INFO  impl.LeaderElection (LeaderElection.java:askForVotes(182)) - cc01c7d5-5dcf-4408-8cdb-fcf6ab2d1d3a@group-20C9E1DF4DF3:LeaderElection7: begin an election at term 1 for -1: [cc01c7d5-5dcf-4408-8cdb-fcf6ab2d1d3a:192.168.34.37:38584], old=null
2019-09-17 10:13:33,595 [cc01c7d5-5dcf-4408-8cdb-fcf6ab2d1d3a@group-20C9E1DF4DF3:LeaderElection7] INFO  impl.RoleInfo (RoleInfo.java:shutdownLeaderElection(134)) - cc01c7d5-5dcf-4408-8cdb-fcf6ab2d1d3a: shutdown LeaderElection
2019-09-17 10:13:33,595 [cc01c7d5-5dcf-4408-8cdb-fcf6ab2d1d3a@group-20C9E1DF4DF3:LeaderElection7] INFO  impl.RaftServerImpl (RaftServerImpl.java:setRole(174)) - cc01c7d5-5dcf-4408-8cdb-fcf6ab2d1d3a@group-20C9E1DF4DF3: changes role from CANDIDATE to LEADER at term 1 for changeToLeader
2019-09-17 10:13:33,595 [cc01c7d5-5dcf-4408-8cdb-fcf6ab2d1d3a@group-20C9E1DF4DF3:LeaderElection7] INFO  impl.RaftServerImpl (ServerState.java:setLeader(253)) - cc01c7d5-5dcf-4408-8cdb-fcf6ab2d1d3a@group-20C9E1DF4DF3: change Leader from null to cc01c7d5-5dcf-4408-8cdb-fcf6ab2d1d3a at term 1 for becomeLeader, leader elected after 1108ms
2019-09-17 10:13:33,595 [cc01c7d5-5dcf-4408-8cdb-fcf6ab2d1d3a@group-20C9E1DF4DF3:LeaderElection7] INFO  server.RaftServerConfigKeys (ConfUtils.java:logGet(43)) - raft.server.staging.catchup.gap = 1000 (default)
2019-09-17 10:13:33,596 [cc01c7d5-5dcf-4408-8cdb-fcf6ab2d1d3a@group-20C9E1DF4DF3:LeaderElection7] INFO  server.RaftServerConfigKeys (ConfUtils.java:logGet(43)) - raft.server.rpc.sleep.time = 25ms (default)
2019-09-17 10:13:33,596 [cc01c7d5-5dcf-4408-8cdb-fcf6ab2d1d3a@group-20C9E1DF4DF3:LeaderElection7] INFO  server.RaftServerConfigKeys (ConfUtils.java:logGet(43)) - raft.server.write.element-limit = 4096 (default)
2019-09-17 10:13:33,596 [cc01c7d5-5dcf-4408-8cdb-fcf6ab2d1d3a@group-20C9E1DF4DF3:LeaderElection7] INFO  server.RaftServerConfigKeys (ConfUtils.java:logGet(43)) - raft.server.watch.timeout = 10s (default)
2019-09-17 10:13:33,596 [cc01c7d5-5dcf-4408-8cdb-fcf6ab2d1d3a@group-20C9E1DF4DF3:LeaderElection7] INFO  server.RaftServerConfigKeys (ConfUtils.java:logGet(43)) - raft.server.watch.timeout.denomination = 1s (default)
2019-09-17 10:13:33,596 [cc01c7d5-5dcf-4408-8cdb-fcf6ab2d1d3a@group-20C9E1DF4DF3:LeaderElection7] INFO  server.RaftServerConfigKeys (ConfUtils.java:logGet(43)) - raft.server.watch.element-limit = 65536 (default)
2019-09-17 10:13:33,599 [cc01c7d5-5dcf-4408-8cdb-fcf6ab2d1d3a@group-20C9E1DF4DF3:LeaderElection7] INFO  impl.RoleInfo (RoleInfo.java:updateAndGet(143)) - cc01c7d5-5dcf-4408-8cdb-fcf6ab2d1d3a: start LeaderState
2019-09-17 10:13:33,599 [cc01c7d5-5dcf-4408-8cdb-fcf6ab2d1d3a@group-20C9E1DF4DF3:LeaderElection7] INFO  segmented.SegmentedRaftLogWorker (SegmentedRaftLogWorker.java:startLogSegment(380)) - cc01c7d5-5dcf-4408-8cdb-fcf6ab2d1d3a@group-20C9E1DF4DF3-SegmentedRaftLogWorker: Starting segment from index:0
2019-09-17 10:13:33,599 [cc01c7d5-5dcf-4408-8cdb-fcf6ab2d1d3a@group-20C9E1DF4DF3:LeaderElection7] INFO  impl.RaftServerImpl (ServerState.java:setRaftConf(354)) - cc01c7d5-5dcf-4408-8cdb-fcf6ab2d1d3a@group-20C9E1DF4DF3: set configuration 0: [cc01c7d5-5dcf-4408-8cdb-fcf6ab2d1d3a:192.168.34.37:38584], old=null at 0
2019-09-17 10:13:33,646 [cc01c7d5-5dcf-4408-8cdb-fcf6ab2d1d3a@group-20C9E1DF4DF3-SegmentedRaftLogWorker] INFO  segmented.SegmentedRaftLogWorker (SegmentedRaftLogWorker.java:execute(569)) - cc01c7d5-5dcf-4408-8cdb-fcf6ab2d1d3a@group-20C9E1DF4DF3-SegmentedRaftLogWorker: created new log segment /workdir/hadoop-ozone/integration-test/target/test-dir/MiniOzoneClusterImpl-79292457-8b46-4756-affc-c3b1963f1051/datanode-4/data/ratis/b00df2e1-d5eb-4db4-b560-20c9e1df4df3/current/log_inprogress_0
2019-09-17 10:13:33,664 [Thread-306] INFO  impl.FollowerState (FollowerState.java:run(106)) - 2bed06ad-feb1-4a42-84de-0c97964ae469:group-40A86E6D8F12 changes to CANDIDATE, lastRpcTime:1086, electionTimeout:1086ms
2019-09-17 10:13:33,664 [Thread-306] INFO  impl.RoleInfo (RoleInfo.java:shutdownFollowerState(121)) - 2bed06ad-feb1-4a42-84de-0c97964ae469: shutdown FollowerState
2019-09-17 10:13:33,664 [Thread-306] INFO  impl.RaftServerImpl (RaftServerImpl.java:setRole(174)) - 2bed06ad-feb1-4a42-84de-0c97964ae469@group-40A86E6D8F12: changes role from  FOLLOWER to CANDIDATE at term 0 for changeToCandidate
2019-09-17 10:13:33,664 [Thread-306] INFO  impl.RoleInfo (RoleInfo.java:updateAndGet(143)) - 2bed06ad-feb1-4a42-84de-0c97964ae469: start LeaderElection
2019-09-17 10:13:33,682 [Thread-309] INFO  impl.FollowerState (FollowerState.java:run(106)) - cd7fb81c-86a4-4055-b819-d84d71d1e03b:group-2C85587F8A6D changes to CANDIDATE, lastRpcTime:1026, electionTimeout:1026ms
2019-09-17 10:13:33,682 [Thread-309] INFO  impl.RoleInfo (RoleInfo.java:shutdownFollowerState(121)) - cd7fb81c-86a4-4055-b819-d84d71d1e03b: shutdown FollowerState
2019-09-17 10:13:33,682 [Thread-309] INFO  impl.RaftServerImpl (RaftServerImpl.java:setRole(174)) - cd7fb81c-86a4-4055-b819-d84d71d1e03b@group-2C85587F8A6D: changes role from  FOLLOWER to CANDIDATE at term 0 for changeToCandidate
2019-09-17 10:13:33,682 [Thread-309] INFO  impl.RoleInfo (RoleInfo.java:updateAndGet(143)) - cd7fb81c-86a4-4055-b819-d84d71d1e03b: start LeaderElection
2019-09-17 10:13:33,686 [2bed06ad-feb1-4a42-84de-0c97964ae469@group-40A86E6D8F12:LeaderElection8] INFO  impl.LeaderElection (LeaderElection.java:askForVotes(182)) - 2bed06ad-feb1-4a42-84de-0c97964ae469@group-40A86E6D8F12:LeaderElection8: begin an election at term 1 for -1: [2bed06ad-feb1-4a42-84de-0c97964ae469:192.168.34.37:36327], old=null
2019-09-17 10:13:33,687 [2bed06ad-feb1-4a42-84de-0c97964ae469@group-40A86E6D8F12:LeaderElection8] INFO  impl.RoleInfo (RoleInfo.java:shutdownLeaderElection(134)) - 2bed06ad-feb1-4a42-84de-0c97964ae469: shutdown LeaderElection
2019-09-17 10:13:33,687 [2bed06ad-feb1-4a42-84de-0c97964ae469@group-40A86E6D8F12:LeaderElection8] INFO  impl.RaftServerImpl (RaftServerImpl.java:setRole(174)) - 2bed06ad-feb1-4a42-84de-0c97964ae469@group-40A86E6D8F12: changes role from CANDIDATE to LEADER at term 1 for changeToLeader
2019-09-17 10:13:33,687 [2bed06ad-feb1-4a42-84de-0c97964ae469@group-40A86E6D8F12:LeaderElection8] INFO  impl.RaftServerImpl (ServerState.java:setLeader(253)) - 2bed06ad-feb1-4a42-84de-0c97964ae469@group-40A86E6D8F12: change Leader from null to 2bed06ad-feb1-4a42-84de-0c97964ae469 at term 1 for becomeLeader, leader elected after 1116ms
2019-09-17 10:13:33,687 [2bed06ad-feb1-4a42-84de-0c97964ae469@group-40A86E6D8F12:LeaderElection8] INFO  server.RaftServerConfigKeys (ConfUtils.java:logGet(43)) - raft.server.staging.catchup.gap = 1000 (default)
2019-09-17 10:13:33,687 [2bed06ad-feb1-4a42-84de-0c97964ae469@group-40A86E6D8F12:LeaderElection8] INFO  server.RaftServerConfigKeys (ConfUtils.java:logGet(43)) - raft.server.rpc.sleep.time = 25ms (default)
2019-09-17 10:13:33,688 [2bed06ad-feb1-4a42-84de-0c97964ae469@group-40A86E6D8F12:LeaderElection8] INFO  server.RaftServerConfigKeys (ConfUtils.java:logGet(43)) - raft.server.write.element-limit = 4096 (default)
2019-09-17 10:13:33,688 [2bed06ad-feb1-4a42-84de-0c97964ae469@group-40A86E6D8F12:LeaderElection8] INFO  server.RaftServerConfigKeys (ConfUtils.java:logGet(43)) - raft.server.watch.timeout = 10s (default)
2019-09-17 10:13:33,688 [2bed06ad-feb1-4a42-84de-0c97964ae469@group-40A86E6D8F12:LeaderElection8] INFO  server.RaftServerConfigKeys (ConfUtils.java:logGet(43)) - raft.server.watch.timeout.denomination = 1s (default)
2019-09-17 10:13:33,688 [2bed06ad-feb1-4a42-84de-0c97964ae469@group-40A86E6D8F12:LeaderElection8] INFO  server.RaftServerConfigKeys (ConfUtils.java:logGet(43)) - raft.server.watch.element-limit = 65536 (default)
2019-09-17 10:13:33,692 [2bed06ad-feb1-4a42-84de-0c97964ae469@group-40A86E6D8F12:LeaderElection8] INFO  impl.RoleInfo (RoleInfo.java:updateAndGet(143)) - 2bed06ad-feb1-4a42-84de-0c97964ae469: start LeaderState
2019-09-17 10:13:33,692 [2bed06ad-feb1-4a42-84de-0c97964ae469@group-40A86E6D8F12:LeaderElection8] INFO  segmented.SegmentedRaftLogWorker (SegmentedRaftLogWorker.java:startLogSegment(380)) - 2bed06ad-feb1-4a42-84de-0c97964ae469@group-40A86E6D8F12-SegmentedRaftLogWorker: Starting segment from index:0
2019-09-17 10:13:33,692 [2bed06ad-feb1-4a42-84de-0c97964ae469@group-40A86E6D8F12:LeaderElection8] INFO  impl.RaftServerImpl (ServerState.java:setRaftConf(354)) - 2bed06ad-feb1-4a42-84de-0c97964ae469@group-40A86E6D8F12: set configuration 0: [2bed06ad-feb1-4a42-84de-0c97964ae469:192.168.34.37:36327], old=null at 0
2019-09-17 10:13:33,725 [cd7fb81c-86a4-4055-b819-d84d71d1e03b@group-2C85587F8A6D:LeaderElection9] INFO  impl.LeaderElection (LeaderElection.java:askForVotes(182)) - cd7fb81c-86a4-4055-b819-d84d71d1e03b@group-2C85587F8A6D:LeaderElection9: begin an election at term 1 for -1: [cd7fb81c-86a4-4055-b819-d84d71d1e03b:192.168.34.37:45422], old=null
2019-09-17 10:13:33,725 [cd7fb81c-86a4-4055-b819-d84d71d1e03b@group-2C85587F8A6D:LeaderElection9] INFO  impl.RoleInfo (RoleInfo.java:shutdownLeaderElection(134)) - cd7fb81c-86a4-4055-b819-d84d71d1e03b: shutdown LeaderElection
2019-09-17 10:13:33,725 [cd7fb81c-86a4-4055-b819-d84d71d1e03b@group-2C85587F8A6D:LeaderElection9] INFO  impl.RaftServerImpl (RaftServerImpl.java:setRole(174)) - cd7fb81c-86a4-4055-b819-d84d71d1e03b@group-2C85587F8A6D: changes role from CANDIDATE to LEADER at term 1 for changeToLeader
2019-09-17 10:13:33,725 [cd7fb81c-86a4-4055-b819-d84d71d1e03b@group-2C85587F8A6D:LeaderElection9] INFO  impl.RaftServerImpl (ServerState.java:setLeader(253)) - cd7fb81c-86a4-4055-b819-d84d71d1e03b@group-2C85587F8A6D: change Leader from null to cd7fb81c-86a4-4055-b819-d84d71d1e03b at term 1 for becomeLeader, leader elected after 1078ms
2019-09-17 10:13:33,729 [cd7fb81c-86a4-4055-b819-d84d71d1e03b@group-2C85587F8A6D:LeaderElection9] INFO  server.RaftServerConfigKeys (ConfUtils.java:logGet(43)) - raft.server.staging.catchup.gap = 1000 (default)
2019-09-17 10:13:33,729 [cd7fb81c-86a4-4055-b819-d84d71d1e03b@group-2C85587F8A6D:LeaderElection9] INFO  server.RaftServerConfigKeys (ConfUtils.java:logGet(43)) - raft.server.rpc.sleep.time = 25ms (default)
2019-09-17 10:13:33,729 [cd7fb81c-86a4-4055-b819-d84d71d1e03b@group-2C85587F8A6D:LeaderElection9] INFO  server.RaftServerConfigKeys (ConfUtils.java:logGet(43)) - raft.server.write.element-limit = 4096 (default)
2019-09-17 10:13:33,729 [cd7fb81c-86a4-4055-b819-d84d71d1e03b@group-2C85587F8A6D:LeaderElection9] INFO  server.RaftServerConfigKeys (ConfUtils.java:logGet(43)) - raft.server.watch.timeout = 10s (default)
2019-09-17 10:13:33,729 [cd7fb81c-86a4-4055-b819-d84d71d1e03b@group-2C85587F8A6D:LeaderElection9] INFO  server.RaftServerConfigKeys (ConfUtils.java:logGet(43)) - raft.server.watch.timeout.denomination = 1s (default)
2019-09-17 10:13:33,730 [cd7fb81c-86a4-4055-b819-d84d71d1e03b@group-2C85587F8A6D:LeaderElection9] INFO  server.RaftServerConfigKeys (ConfUtils.java:logGet(43)) - raft.server.watch.element-limit = 65536 (default)
2019-09-17 10:13:33,732 [cd7fb81c-86a4-4055-b819-d84d71d1e03b@group-2C85587F8A6D:LeaderElection9] INFO  impl.RoleInfo (RoleInfo.java:updateAndGet(143)) - cd7fb81c-86a4-4055-b819-d84d71d1e03b: start LeaderState
2019-09-17 10:13:33,733 [cd7fb81c-86a4-4055-b819-d84d71d1e03b@group-2C85587F8A6D:LeaderElection9] INFO  segmented.SegmentedRaftLogWorker (SegmentedRaftLogWorker.java:startLogSegment(380)) - cd7fb81c-86a4-4055-b819-d84d71d1e03b@group-2C85587F8A6D-SegmentedRaftLogWorker: Starting segment from index:0
2019-09-17 10:13:33,733 [cd7fb81c-86a4-4055-b819-d84d71d1e03b@group-2C85587F8A6D:LeaderElection9] INFO  impl.RaftServerImpl (ServerState.java:setRaftConf(354)) - cd7fb81c-86a4-4055-b819-d84d71d1e03b@group-2C85587F8A6D: set configuration 0: [cd7fb81c-86a4-4055-b819-d84d71d1e03b:192.168.34.37:45422], old=null at 0
2019-09-17 10:13:33,770 [2bed06ad-feb1-4a42-84de-0c97964ae469@group-40A86E6D8F12-SegmentedRaftLogWorker] INFO  segmented.SegmentedRaftLogWorker (SegmentedRaftLogWorker.java:execute(569)) - 2bed06ad-feb1-4a42-84de-0c97964ae469@group-40A86E6D8F12-SegmentedRaftLogWorker: created new log segment /workdir/hadoop-ozone/integration-test/target/test-dir/MiniOzoneClusterImpl-79292457-8b46-4756-affc-c3b1963f1051/datanode-9/data/ratis/a41b1e47-ecd0-4d60-a6fd-40a86e6d8f12/current/log_inprogress_0
2019-09-17 10:13:33,782 [cd7fb81c-86a4-4055-b819-d84d71d1e03b@group-2C85587F8A6D-SegmentedRaftLogWorker] INFO  segmented.SegmentedRaftLogWorker (SegmentedRaftLogWorker.java:execute(569)) - cd7fb81c-86a4-4055-b819-d84d71d1e03b@group-2C85587F8A6D-SegmentedRaftLogWorker: created new log segment /workdir/hadoop-ozone/integration-test/target/test-dir/MiniOzoneClusterImpl-79292457-8b46-4756-affc-c3b1963f1051/datanode-8/data/ratis/3d7364be-155c-4352-ba2d-2c85587f8a6d/current/log_inprogress_0
2019-09-17 10:13:33,829 [main] INFO  rpc.RpcClient (RpcClient.java:createVolume(301)) - Creating Volume: datanodefailurehandlingtest, with jenkins1000 as owner.
2019-09-17 10:13:34,199 [Thread-329] INFO  impl.FollowerState (FollowerState.java:run(106)) - 95d6cb39-2a6f-4d2b-8ab1-47b9e22fb0ea:group-2E14F5217065 changes to CANDIDATE, lastRpcTime:1089, electionTimeout:1012ms
2019-09-17 10:13:34,209 [Thread-319] INFO  impl.FollowerState (FollowerState.java:run(106)) - 1d843e0b-d448-4c1d-904a-b8b79ddf8dfc:group-C922F90D4541 changes to CANDIDATE, lastRpcTime:1212, electionTimeout:1200ms
2019-09-17 10:13:34,209 [Thread-321] INFO  impl.FollowerState (FollowerState.java:run(106)) - 1303f52d-d2af-4d51-a297-b30474c81d0b:group-C922F90D4541 changes to CANDIDATE, lastRpcTime:1200, electionTimeout:1183ms
2019-09-17 10:13:34,208 [Thread-322] INFO  impl.FollowerState (FollowerState.java:run(106)) - 7be722d9-df7a-49b7-8861-987a973deb04:group-C922F90D4541 changes to CANDIDATE, lastRpcTime:1209, electionTimeout:1058ms
2019-09-17 10:13:34,208 [Thread-312] INFO  impl.FollowerState (FollowerState.java:run(106)) - edf8b751-283e-4d1e-80cf-a3119e9ca034:group-F65FF930375C changes to CANDIDATE, lastRpcTime:1386, electionTimeout:1086ms
2019-09-17 10:13:34,208 [Thread-332] INFO  impl.FollowerState (FollowerState.java:run(106)) - 55583e5a-eaa2-4a32-b956-442090b04083:group-2E14F5217065 changes to CANDIDATE, lastRpcTime:1084, electionTimeout:1082ms
2019-09-17 10:13:34,221 [Thread-312] INFO  impl.RoleInfo (RoleInfo.java:shutdownFollowerState(121)) - edf8b751-283e-4d1e-80cf-a3119e9ca034: shutdown FollowerState
2019-09-17 10:13:34,221 [Thread-322] INFO  impl.RoleInfo (RoleInfo.java:shutdownFollowerState(121)) - 7be722d9-df7a-49b7-8861-987a973deb04: shutdown FollowerState
2019-09-17 10:13:34,220 [Thread-329] INFO  impl.RoleInfo (RoleInfo.java:shutdownFollowerState(121)) - 95d6cb39-2a6f-4d2b-8ab1-47b9e22fb0ea: shutdown FollowerState
2019-09-17 10:13:34,220 [Thread-319] INFO  impl.RoleInfo (RoleInfo.java:shutdownFollowerState(121)) - 1d843e0b-d448-4c1d-904a-b8b79ddf8dfc: shutdown FollowerState
2019-09-17 10:13:34,220 [Thread-321] INFO  impl.RoleInfo (RoleInfo.java:shutdownFollowerState(121)) - 1303f52d-d2af-4d51-a297-b30474c81d0b: shutdown FollowerState
2019-09-17 10:13:34,221 [Thread-322] INFO  impl.RaftServerImpl (RaftServerImpl.java:setRole(174)) - 7be722d9-df7a-49b7-8861-987a973deb04@group-C922F90D4541: changes role from  FOLLOWER to CANDIDATE at term 0 for changeToCandidate
2019-09-17 10:13:34,221 [Thread-329] INFO  impl.RaftServerImpl (RaftServerImpl.java:setRole(174)) - 95d6cb39-2a6f-4d2b-8ab1-47b9e22fb0ea@group-2E14F5217065: changes role from  FOLLOWER to CANDIDATE at term 0 for changeToCandidate
2019-09-17 10:13:34,221 [Thread-319] INFO  impl.RaftServerImpl (RaftServerImpl.java:setRole(174)) - 1d843e0b-d448-4c1d-904a-b8b79ddf8dfc@group-C922F90D4541: changes role from  FOLLOWER to CANDIDATE at term 0 for changeToCandidate
2019-09-17 10:13:34,221 [Thread-312] INFO  impl.RaftServerImpl (RaftServerImpl.java:setRole(174)) - edf8b751-283e-4d1e-80cf-a3119e9ca034@group-F65FF930375C: changes role from  FOLLOWER to CANDIDATE at term 0 for changeToCandidate
2019-09-17 10:13:34,222 [Thread-319] INFO  impl.RoleInfo (RoleInfo.java:updateAndGet(143)) - 1d843e0b-d448-4c1d-904a-b8b79ddf8dfc: start LeaderElection
2019-09-17 10:13:34,221 [Thread-332] INFO  impl.RoleInfo (RoleInfo.java:shutdownFollowerState(121)) - 55583e5a-eaa2-4a32-b956-442090b04083: shutdown FollowerState
2019-09-17 10:13:34,222 [Thread-312] INFO  impl.RoleInfo (RoleInfo.java:updateAndGet(143)) - edf8b751-283e-4d1e-80cf-a3119e9ca034: start LeaderElection
2019-09-17 10:13:34,222 [Thread-329] INFO  impl.RoleInfo (RoleInfo.java:updateAndGet(143)) - 95d6cb39-2a6f-4d2b-8ab1-47b9e22fb0ea: start LeaderElection
2019-09-17 10:13:34,222 [Thread-322] INFO  impl.RoleInfo (RoleInfo.java:updateAndGet(143)) - 7be722d9-df7a-49b7-8861-987a973deb04: start LeaderElection
2019-09-17 10:13:34,222 [Thread-321] INFO  impl.RaftServerImpl (RaftServerImpl.java:setRole(174)) - 1303f52d-d2af-4d51-a297-b30474c81d0b@group-C922F90D4541: changes role from  FOLLOWER to CANDIDATE at term 0 for changeToCandidate
2019-09-17 10:13:34,222 [Thread-332] INFO  impl.RaftServerImpl (RaftServerImpl.java:setRole(174)) - 55583e5a-eaa2-4a32-b956-442090b04083@group-2E14F5217065: changes role from  FOLLOWER to CANDIDATE at term 0 for changeToCandidate
2019-09-17 10:13:34,227 [Thread-321] INFO  impl.RoleInfo (RoleInfo.java:updateAndGet(143)) - 1303f52d-d2af-4d51-a297-b30474c81d0b: start LeaderElection
2019-09-17 10:13:34,227 [Thread-332] INFO  impl.RoleInfo (RoleInfo.java:updateAndGet(143)) - 55583e5a-eaa2-4a32-b956-442090b04083: start LeaderElection
2019-09-17 10:13:34,273 [Thread-334] INFO  impl.FollowerState (FollowerState.java:run(106)) - cc01c7d5-5dcf-4408-8cdb-fcf6ab2d1d3a:group-2E14F5217065 changes to CANDIDATE, lastRpcTime:1141, electionTimeout:1123ms
2019-09-17 10:13:34,284 [95d6cb39-2a6f-4d2b-8ab1-47b9e22fb0ea@group-2E14F5217065:LeaderElection11] INFO  impl.LeaderElection (LeaderElection.java:askForVotes(182)) - 95d6cb39-2a6f-4d2b-8ab1-47b9e22fb0ea@group-2E14F5217065:LeaderElection11: begin an election at term 1 for -1: [cc01c7d5-5dcf-4408-8cdb-fcf6ab2d1d3a:192.168.34.37:38584, 95d6cb39-2a6f-4d2b-8ab1-47b9e22fb0ea:192.168.34.37:40405, 55583e5a-eaa2-4a32-b956-442090b04083:192.168.34.37:42551], old=null
2019-09-17 10:13:34,284 [Thread-342] INFO  impl.FollowerState (FollowerState.java:run(106)) - 2bed06ad-feb1-4a42-84de-0c97964ae469:group-BB27F83832E4 changes to CANDIDATE, lastRpcTime:1069, electionTimeout:1057ms
2019-09-17 10:13:34,284 [Thread-334] INFO  impl.RoleInfo (RoleInfo.java:shutdownFollowerState(121)) - cc01c7d5-5dcf-4408-8cdb-fcf6ab2d1d3a: shutdown FollowerState
2019-09-17 10:13:34,284 [1d843e0b-d448-4c1d-904a-b8b79ddf8dfc@group-C922F90D4541:LeaderElection12] INFO  impl.LeaderElection (LeaderElection.java:askForVotes(182)) - 1d843e0b-d448-4c1d-904a-b8b79ddf8dfc@group-C922F90D4541:LeaderElection12: begin an election at term 1 for -1: [1303f52d-d2af-4d51-a297-b30474c81d0b:192.168.34.37:45564, 7be722d9-df7a-49b7-8861-987a973deb04:192.168.34.37:44005, 1d843e0b-d448-4c1d-904a-b8b79ddf8dfc:192.168.34.37:43968], old=null
2019-09-17 10:13:34,284 [1303f52d-d2af-4d51-a297-b30474c81d0b@group-C922F90D4541:LeaderElection14] INFO  impl.LeaderElection (LeaderElection.java:askForVotes(182)) - 1303f52d-d2af-4d51-a297-b30474c81d0b@group-C922F90D4541:LeaderElection14: begin an election at term 1 for -1: [1303f52d-d2af-4d51-a297-b30474c81d0b:192.168.34.37:45564, 7be722d9-df7a-49b7-8861-987a973deb04:192.168.34.37:44005, 1d843e0b-d448-4c1d-904a-b8b79ddf8dfc:192.168.34.37:43968], old=null
2019-09-17 10:13:34,284 [55583e5a-eaa2-4a32-b956-442090b04083@group-2E14F5217065:LeaderElection15] INFO  impl.LeaderElection (LeaderElection.java:askForVotes(182)) - 55583e5a-eaa2-4a32-b956-442090b04083@group-2E14F5217065:LeaderElection15: begin an election at term 1 for -1: [cc01c7d5-5dcf-4408-8cdb-fcf6ab2d1d3a:192.168.34.37:38584, 95d6cb39-2a6f-4d2b-8ab1-47b9e22fb0ea:192.168.34.37:40405, 55583e5a-eaa2-4a32-b956-442090b04083:192.168.34.37:42551], old=null
2019-09-17 10:13:34,284 [Thread-339] INFO  impl.FollowerState (FollowerState.java:run(106)) - cd7fb81c-86a4-4055-b819-d84d71d1e03b:group-BB27F83832E4 changes to CANDIDATE, lastRpcTime:1069, electionTimeout:1063ms
2019-09-17 10:13:34,276 [7be722d9-df7a-49b7-8861-987a973deb04@group-C922F90D4541:LeaderElection10] INFO  impl.LeaderElection (LeaderElection.java:askForVotes(182)) - 7be722d9-df7a-49b7-8861-987a973deb04@group-C922F90D4541:LeaderElection10: begin an election at term 1 for -1: [1303f52d-d2af-4d51-a297-b30474c81d0b:192.168.34.37:45564, 7be722d9-df7a-49b7-8861-987a973deb04:192.168.34.37:44005, 1d843e0b-d448-4c1d-904a-b8b79ddf8dfc:192.168.34.37:43968], old=null
2019-09-17 10:13:34,284 [edf8b751-283e-4d1e-80cf-a3119e9ca034@group-F65FF930375C:LeaderElection13] INFO  impl.LeaderElection (LeaderElection.java:askForVotes(182)) - edf8b751-283e-4d1e-80cf-a3119e9ca034@group-F65FF930375C:LeaderElection13: begin an election at term 1 for -1: [edf8b751-283e-4d1e-80cf-a3119e9ca034:192.168.34.37:37082], old=null
2019-09-17 10:13:34,285 [Thread-339] INFO  impl.RoleInfo (RoleInfo.java:shutdownFollowerState(121)) - cd7fb81c-86a4-4055-b819-d84d71d1e03b: shutdown FollowerState
2019-09-17 10:13:34,284 [Thread-342] INFO  impl.RoleInfo (RoleInfo.java:shutdownFollowerState(121)) - 2bed06ad-feb1-4a42-84de-0c97964ae469: shutdown FollowerState
2019-09-17 10:13:34,284 [Thread-334] INFO  impl.RaftServerImpl (RaftServerImpl.java:setRole(174)) - cc01c7d5-5dcf-4408-8cdb-fcf6ab2d1d3a@group-2E14F5217065: changes role from  FOLLOWER to CANDIDATE at term 0 for changeToCandidate
2019-09-17 10:13:34,285 [Thread-342] INFO  impl.RaftServerImpl (RaftServerImpl.java:setRole(174)) - 2bed06ad-feb1-4a42-84de-0c97964ae469@group-BB27F83832E4: changes role from  FOLLOWER to CANDIDATE at term 0 for changeToCandidate
2019-09-17 10:13:34,285 [Thread-339] INFO  impl.RaftServerImpl (RaftServerImpl.java:setRole(174)) - cd7fb81c-86a4-4055-b819-d84d71d1e03b@group-BB27F83832E4: changes role from  FOLLOWER to CANDIDATE at term 0 for changeToCandidate
2019-09-17 10:13:34,285 [Thread-342] INFO  impl.RoleInfo (RoleInfo.java:updateAndGet(143)) - 2bed06ad-feb1-4a42-84de-0c97964ae469: start LeaderElection
2019-09-17 10:13:34,285 [edf8b751-283e-4d1e-80cf-a3119e9ca034@group-F65FF930375C:LeaderElection13] INFO  impl.RoleInfo (RoleInfo.java:shutdownLeaderElection(134)) - edf8b751-283e-4d1e-80cf-a3119e9ca034: shutdown LeaderElection
2019-09-17 10:13:34,286 [Thread-339] INFO  impl.RoleInfo (RoleInfo.java:updateAndGet(143)) - cd7fb81c-86a4-4055-b819-d84d71d1e03b: start LeaderElection
2019-09-17 10:13:34,285 [Thread-334] INFO  impl.RoleInfo (RoleInfo.java:updateAndGet(143)) - cc01c7d5-5dcf-4408-8cdb-fcf6ab2d1d3a: start LeaderElection
2019-09-17 10:13:34,286 [edf8b751-283e-4d1e-80cf-a3119e9ca034@group-F65FF930375C:LeaderElection13] INFO  impl.RaftServerImpl (RaftServerImpl.java:setRole(174)) - edf8b751-283e-4d1e-80cf-a3119e9ca034@group-F65FF930375C: changes role from CANDIDATE to LEADER at term 1 for changeToLeader
2019-09-17 10:13:34,286 [edf8b751-283e-4d1e-80cf-a3119e9ca034@group-F65FF930375C:LeaderElection13] INFO  impl.RaftServerImpl (ServerState.java:setLeader(253)) - edf8b751-283e-4d1e-80cf-a3119e9ca034@group-F65FF930375C: change Leader from null to edf8b751-283e-4d1e-80cf-a3119e9ca034 at term 1 for becomeLeader, leader elected after 1546ms
2019-09-17 10:13:34,288 [edf8b751-283e-4d1e-80cf-a3119e9ca034@group-F65FF930375C:LeaderElection13] INFO  server.RaftServerConfigKeys (ConfUtils.java:logGet(43)) - raft.server.staging.catchup.gap = 1000 (default)
2019-09-17 10:13:34,290 [edf8b751-283e-4d1e-80cf-a3119e9ca034@group-F65FF930375C:LeaderElection13] INFO  server.RaftServerConfigKeys (ConfUtils.java:logGet(43)) - raft.server.rpc.sleep.time = 25ms (default)
2019-09-17 10:13:34,305 [cd7fb81c-86a4-4055-b819-d84d71d1e03b@group-BB27F83832E4:LeaderElection18] INFO  impl.LeaderElection (LeaderElection.java:askForVotes(182)) - cd7fb81c-86a4-4055-b819-d84d71d1e03b@group-BB27F83832E4:LeaderElection18: begin an election at term 1 for -1: [cd7fb81c-86a4-4055-b819-d84d71d1e03b:192.168.34.37:45422, 04cd4a9b-51ef-4921-b690-09927bd9ce1f:192.168.34.37:32905, 2bed06ad-feb1-4a42-84de-0c97964ae469:192.168.34.37:36327], old=null
2019-09-17 10:13:34,305 [2bed06ad-feb1-4a42-84de-0c97964ae469@group-BB27F83832E4:LeaderElection17] INFO  impl.LeaderElection (LeaderElection.java:askForVotes(182)) - 2bed06ad-feb1-4a42-84de-0c97964ae469@group-BB27F83832E4:LeaderElection17: begin an election at term 1 for -1: [cd7fb81c-86a4-4055-b819-d84d71d1e03b:192.168.34.37:45422, 04cd4a9b-51ef-4921-b690-09927bd9ce1f:192.168.34.37:32905, 2bed06ad-feb1-4a42-84de-0c97964ae469:192.168.34.37:36327], old=null
2019-09-17 10:13:34,306 [Thread-340] INFO  impl.FollowerState (FollowerState.java:run(106)) - 04cd4a9b-51ef-4921-b690-09927bd9ce1f:group-BB27F83832E4 changes to CANDIDATE, lastRpcTime:1091, electionTimeout:1091ms
2019-09-17 10:13:34,306 [Thread-340] INFO  impl.RoleInfo (RoleInfo.java:shutdownFollowerState(121)) - 04cd4a9b-51ef-4921-b690-09927bd9ce1f: shutdown FollowerState
2019-09-17 10:13:34,306 [Thread-340] INFO  impl.RaftServerImpl (RaftServerImpl.java:setRole(174)) - 04cd4a9b-51ef-4921-b690-09927bd9ce1f@group-BB27F83832E4: changes role from  FOLLOWER to CANDIDATE at term 0 for changeToCandidate
2019-09-17 10:13:34,309 [IPC Server handler 1 on 46535] INFO  volume.OMVolumeCreateRequest (OMVolumeCreateRequest.java:validateAndUpdateCache(189)) - created volume:datanodefailurehandlingtest for user:jenkins1000
2019-09-17 10:13:34,312 [Thread-340] INFO  impl.RoleInfo (RoleInfo.java:updateAndGet(143)) - 04cd4a9b-51ef-4921-b690-09927bd9ce1f: start LeaderElection
2019-09-17 10:13:34,316 [edf8b751-283e-4d1e-80cf-a3119e9ca034@group-F65FF930375C:LeaderElection13] INFO  server.RaftServerConfigKeys (ConfUtils.java:logGet(43)) - raft.server.write.element-limit = 4096 (default)
2019-09-17 10:13:34,318 [edf8b751-283e-4d1e-80cf-a3119e9ca034@group-F65FF930375C:LeaderElection13] INFO  server.RaftServerConfigKeys (ConfUtils.java:logGet(43)) - raft.server.watch.timeout = 10s (default)
2019-09-17 10:13:34,321 [edf8b751-283e-4d1e-80cf-a3119e9ca034@group-F65FF930375C:LeaderElection13] INFO  server.RaftServerConfigKeys (ConfUtils.java:logGet(43)) - raft.server.watch.timeout.denomination = 1s (default)
2019-09-17 10:13:34,322 [edf8b751-283e-4d1e-80cf-a3119e9ca034@group-F65FF930375C:LeaderElection13] INFO  server.RaftServerConfigKeys (ConfUtils.java:logGet(43)) - raft.server.watch.element-limit = 65536 (default)
2019-09-17 10:13:34,335 [cc01c7d5-5dcf-4408-8cdb-fcf6ab2d1d3a@group-2E14F5217065:LeaderElection16] INFO  impl.LeaderElection (LeaderElection.java:askForVotes(182)) - cc01c7d5-5dcf-4408-8cdb-fcf6ab2d1d3a@group-2E14F5217065:LeaderElection16: begin an election at term 1 for -1: [cc01c7d5-5dcf-4408-8cdb-fcf6ab2d1d3a:192.168.34.37:38584, 95d6cb39-2a6f-4d2b-8ab1-47b9e22fb0ea:192.168.34.37:40405, 55583e5a-eaa2-4a32-b956-442090b04083:192.168.34.37:42551], old=null
2019-09-17 10:13:34,335 [04cd4a9b-51ef-4921-b690-09927bd9ce1f@group-BB27F83832E4:LeaderElection19] INFO  impl.LeaderElection (LeaderElection.java:askForVotes(182)) - 04cd4a9b-51ef-4921-b690-09927bd9ce1f@group-BB27F83832E4:LeaderElection19: begin an election at term 1 for -1: [cd7fb81c-86a4-4055-b819-d84d71d1e03b:192.168.34.37:45422, 04cd4a9b-51ef-4921-b690-09927bd9ce1f:192.168.34.37:32905, 2bed06ad-feb1-4a42-84de-0c97964ae469:192.168.34.37:36327], old=null
2019-09-17 10:13:34,465 [main] INFO  rpc.RpcClient (RpcClient.java:createBucket(440)) - Creating Bucket: datanodefailurehandlingtest/datanodefailurehandlingtest, with Versioning false and Storage Type set to DISK and Encryption set to false 
2019-09-17 10:13:34,611 [1d843e0b-d448-4c1d-904a-b8b79ddf8dfc@group-C922F90D4541:LeaderElection12] INFO  impl.LeaderElection (LeaderElection.java:logAndReturn(56)) - 1d843e0b-d448-4c1d-904a-b8b79ddf8dfc@group-C922F90D4541:LeaderElection12: Election REJECTED; received 2 response(s) [1d843e0b-d448-4c1d-904a-b8b79ddf8dfc<-1303f52d-d2af-4d51-a297-b30474c81d0b#0:FAIL-t1, 1d843e0b-d448-4c1d-904a-b8b79ddf8dfc<-7be722d9-df7a-49b7-8861-987a973deb04#0:FAIL-t1] and 0 exception(s); 1d843e0b-d448-4c1d-904a-b8b79ddf8dfc@group-C922F90D4541:t1, leader=null, voted=1d843e0b-d448-4c1d-904a-b8b79ddf8dfc, raftlog=1d843e0b-d448-4c1d-904a-b8b79ddf8dfc@group-C922F90D4541-SegmentedRaftLog:OPENED:c-1,f-1,i0, conf=-1: [1303f52d-d2af-4d51-a297-b30474c81d0b:192.168.34.37:45564, 7be722d9-df7a-49b7-8861-987a973deb04:192.168.34.37:44005, 1d843e0b-d448-4c1d-904a-b8b79ddf8dfc:192.168.34.37:43968], old=null
2019-09-17 10:13:34,633 [1d843e0b-d448-4c1d-904a-b8b79ddf8dfc@group-C922F90D4541:LeaderElection12] INFO  impl.RaftServerImpl (RaftServerImpl.java:setRole(174)) - 1d843e0b-d448-4c1d-904a-b8b79ddf8dfc@group-C922F90D4541: changes role from CANDIDATE to FOLLOWER at term 1 for DISCOVERED_A_NEW_TERM
2019-09-17 10:13:34,633 [1d843e0b-d448-4c1d-904a-b8b79ddf8dfc@group-C922F90D4541:LeaderElection12] INFO  impl.RoleInfo (RoleInfo.java:shutdownLeaderElection(134)) - 1d843e0b-d448-4c1d-904a-b8b79ddf8dfc: shutdown LeaderElection
2019-09-17 10:13:34,633 [1d843e0b-d448-4c1d-904a-b8b79ddf8dfc@group-C922F90D4541:LeaderElection12] INFO  impl.RoleInfo (RoleInfo.java:updateAndGet(143)) - 1d843e0b-d448-4c1d-904a-b8b79ddf8dfc: start FollowerState
2019-09-17 10:13:34,641 [1303f52d-d2af-4d51-a297-b30474c81d0b@group-C922F90D4541:LeaderElection14] INFO  impl.LeaderElection (LeaderElection.java:logAndReturn(56)) - 1303f52d-d2af-4d51-a297-b30474c81d0b@group-C922F90D4541:LeaderElection14: Election REJECTED; received 2 response(s) [1303f52d-d2af-4d51-a297-b30474c81d0b<-7be722d9-df7a-49b7-8861-987a973deb04#0:FAIL-t1, 1303f52d-d2af-4d51-a297-b30474c81d0b<-1d843e0b-d448-4c1d-904a-b8b79ddf8dfc#0:FAIL-t1] and 0 exception(s); 1303f52d-d2af-4d51-a297-b30474c81d0b@group-C922F90D4541:t1, leader=null, voted=1303f52d-d2af-4d51-a297-b30474c81d0b, raftlog=1303f52d-d2af-4d51-a297-b30474c81d0b@group-C922F90D4541-SegmentedRaftLog:OPENED:c-1,f-1,i0, conf=-1: [1303f52d-d2af-4d51-a297-b30474c81d0b:192.168.34.37:45564, 7be722d9-df7a-49b7-8861-987a973deb04:192.168.34.37:44005, 1d843e0b-d448-4c1d-904a-b8b79ddf8dfc:192.168.34.37:43968], old=null
2019-09-17 10:13:34,641 [55583e5a-eaa2-4a32-b956-442090b04083@group-2E14F5217065:LeaderElection15] INFO  impl.LeaderElection (LeaderElection.java:logAndReturn(56)) - 55583e5a-eaa2-4a32-b956-442090b04083@group-2E14F5217065:LeaderElection15: Election REJECTED; received 2 response(s) [55583e5a-eaa2-4a32-b956-442090b04083<-cc01c7d5-5dcf-4408-8cdb-fcf6ab2d1d3a#0:FAIL-t1, 55583e5a-eaa2-4a32-b956-442090b04083<-95d6cb39-2a6f-4d2b-8ab1-47b9e22fb0ea#0:FAIL-t1] and 0 exception(s); 55583e5a-eaa2-4a32-b956-442090b04083@group-2E14F5217065:t1, leader=null, voted=55583e5a-eaa2-4a32-b956-442090b04083, raftlog=55583e5a-eaa2-4a32-b956-442090b04083@group-2E14F5217065-SegmentedRaftLog:OPENED:c-1,f-1,i0, conf=-1: [cc01c7d5-5dcf-4408-8cdb-fcf6ab2d1d3a:192.168.34.37:38584, 95d6cb39-2a6f-4d2b-8ab1-47b9e22fb0ea:192.168.34.37:40405, 55583e5a-eaa2-4a32-b956-442090b04083:192.168.34.37:42551], old=null
2019-09-17 10:13:34,641 [95d6cb39-2a6f-4d2b-8ab1-47b9e22fb0ea@group-2E14F5217065:LeaderElection11] INFO  impl.LeaderElection (LeaderElection.java:logAndReturn(56)) - 95d6cb39-2a6f-4d2b-8ab1-47b9e22fb0ea@group-2E14F5217065:LeaderElection11: Election REJECTED; received 2 response(s) [95d6cb39-2a6f-4d2b-8ab1-47b9e22fb0ea<-cc01c7d5-5dcf-4408-8cdb-fcf6ab2d1d3a#0:FAIL-t1, 95d6cb39-2a6f-4d2b-8ab1-47b9e22fb0ea<-55583e5a-eaa2-4a32-b956-442090b04083#0:FAIL-t1] and 0 exception(s); 95d6cb39-2a6f-4d2b-8ab1-47b9e22fb0ea@group-2E14F5217065:t1, leader=null, voted=95d6cb39-2a6f-4d2b-8ab1-47b9e22fb0ea, raftlog=95d6cb39-2a6f-4d2b-8ab1-47b9e22fb0ea@group-2E14F5217065-SegmentedRaftLog:OPENED:c-1,f-1,i0, conf=-1: [cc01c7d5-5dcf-4408-8cdb-fcf6ab2d1d3a:192.168.34.37:38584, 95d6cb39-2a6f-4d2b-8ab1-47b9e22fb0ea:192.168.34.37:40405, 55583e5a-eaa2-4a32-b956-442090b04083:192.168.34.37:42551], old=null
2019-09-17 10:13:34,662 [55583e5a-eaa2-4a32-b956-442090b04083@group-2E14F5217065:LeaderElection15] INFO  impl.RaftServerImpl (RaftServerImpl.java:setRole(174)) - 55583e5a-eaa2-4a32-b956-442090b04083@group-2E14F5217065: changes role from CANDIDATE to FOLLOWER at term 1 for DISCOVERED_A_NEW_TERM
2019-09-17 10:13:34,659 [1303f52d-d2af-4d51-a297-b30474c81d0b@group-C922F90D4541:LeaderElection14] INFO  impl.RaftServerImpl (RaftServerImpl.java:setRole(174)) - 1303f52d-d2af-4d51-a297-b30474c81d0b@group-C922F90D4541: changes role from CANDIDATE to FOLLOWER at term 1 for DISCOVERED_A_NEW_TERM
2019-09-17 10:13:34,674 [7be722d9-df7a-49b7-8861-987a973deb04@group-C922F90D4541:LeaderElection10] INFO  impl.LeaderElection (LeaderElection.java:logAndReturn(56)) - 7be722d9-df7a-49b7-8861-987a973deb04@group-C922F90D4541:LeaderElection10: Election REJECTED; received 2 response(s) [7be722d9-df7a-49b7-8861-987a973deb04<-1303f52d-d2af-4d51-a297-b30474c81d0b#0:FAIL-t1, 7be722d9-df7a-49b7-8861-987a973deb04<-1d843e0b-d448-4c1d-904a-b8b79ddf8dfc#0:FAIL-t1] and 0 exception(s); 7be722d9-df7a-49b7-8861-987a973deb04@group-C922F90D4541:t1, leader=null, voted=7be722d9-df7a-49b7-8861-987a973deb04, raftlog=7be722d9-df7a-49b7-8861-987a973deb04@group-C922F90D4541-SegmentedRaftLog:OPENED:c-1,f-1,i0, conf=-1: [1303f52d-d2af-4d51-a297-b30474c81d0b:192.168.34.37:45564, 7be722d9-df7a-49b7-8861-987a973deb04:192.168.34.37:44005, 1d843e0b-d448-4c1d-904a-b8b79ddf8dfc:192.168.34.37:43968], old=null
2019-09-17 10:13:34,670 [55583e5a-eaa2-4a32-b956-442090b04083@group-2E14F5217065:LeaderElection15] INFO  impl.RoleInfo (RoleInfo.java:shutdownLeaderElection(134)) - 55583e5a-eaa2-4a32-b956-442090b04083: shutdown LeaderElection
2019-09-17 10:13:34,668 [95d6cb39-2a6f-4d2b-8ab1-47b9e22fb0ea@group-2E14F5217065:LeaderElection11] INFO  impl.RaftServerImpl (RaftServerImpl.java:setRole(174)) - 95d6cb39-2a6f-4d2b-8ab1-47b9e22fb0ea@group-2E14F5217065: changes role from CANDIDATE to FOLLOWER at term 1 for DISCOVERED_A_NEW_TERM
2019-09-17 10:13:34,695 [7be722d9-df7a-49b7-8861-987a973deb04@group-C922F90D4541:LeaderElection10] INFO  impl.RaftServerImpl (RaftServerImpl.java:setRole(174)) - 7be722d9-df7a-49b7-8861-987a973deb04@group-C922F90D4541: changes role from CANDIDATE to FOLLOWER at term 1 for DISCOVERED_A_NEW_TERM
2019-09-17 10:13:34,693 [55583e5a-eaa2-4a32-b956-442090b04083@group-2E14F5217065:LeaderElection15] INFO  impl.RoleInfo (RoleInfo.java:updateAndGet(143)) - 55583e5a-eaa2-4a32-b956-442090b04083: start FollowerState
2019-09-17 10:13:34,675 [2bed06ad-feb1-4a42-84de-0c97964ae469@group-BB27F83832E4:LeaderElection17] INFO  impl.LeaderElection (LeaderElection.java:logAndReturn(56)) - 2bed06ad-feb1-4a42-84de-0c97964ae469@group-BB27F83832E4:LeaderElection17: Election REJECTED; received 2 response(s) [2bed06ad-feb1-4a42-84de-0c97964ae469<-cd7fb81c-86a4-4055-b819-d84d71d1e03b#0:FAIL-t1, 2bed06ad-feb1-4a42-84de-0c97964ae469<-04cd4a9b-51ef-4921-b690-09927bd9ce1f#0:FAIL-t1] and 0 exception(s); 2bed06ad-feb1-4a42-84de-0c97964ae469@group-BB27F83832E4:t1, leader=null, voted=2bed06ad-feb1-4a42-84de-0c97964ae469, raftlog=2bed06ad-feb1-4a42-84de-0c97964ae469@group-BB27F83832E4-SegmentedRaftLog:OPENED:c-1,f-1,i0, conf=-1: [cd7fb81c-86a4-4055-b819-d84d71d1e03b:192.168.34.37:45422, 04cd4a9b-51ef-4921-b690-09927bd9ce1f:192.168.34.37:32905, 2bed06ad-feb1-4a42-84de-0c97964ae469:192.168.34.37:36327], old=null
2019-09-17 10:13:34,674 [1303f52d-d2af-4d51-a297-b30474c81d0b@group-C922F90D4541:LeaderElection14] INFO  impl.RoleInfo (RoleInfo.java:shutdownLeaderElection(134)) - 1303f52d-d2af-4d51-a297-b30474c81d0b: shutdown LeaderElection
2019-09-17 10:13:34,703 [2bed06ad-feb1-4a42-84de-0c97964ae469@group-BB27F83832E4:LeaderElection17] INFO  impl.RaftServerImpl (RaftServerImpl.java:setRole(174)) - 2bed06ad-feb1-4a42-84de-0c97964ae469@group-BB27F83832E4: changes role from CANDIDATE to FOLLOWER at term 1 for DISCOVERED_A_NEW_TERM
2019-09-17 10:13:34,705 [1303f52d-d2af-4d51-a297-b30474c81d0b@group-C922F90D4541:LeaderElection14] INFO  impl.RoleInfo (RoleInfo.java:updateAndGet(143)) - 1303f52d-d2af-4d51-a297-b30474c81d0b: start FollowerState
2019-09-17 10:13:34,703 [7be722d9-df7a-49b7-8861-987a973deb04@group-C922F90D4541:LeaderElection10] INFO  impl.RoleInfo (RoleInfo.java:shutdownLeaderElection(134)) - 7be722d9-df7a-49b7-8861-987a973deb04: shutdown LeaderElection
2019-09-17 10:13:34,703 [95d6cb39-2a6f-4d2b-8ab1-47b9e22fb0ea@group-2E14F5217065:LeaderElection11] INFO  impl.RoleInfo (RoleInfo.java:shutdownLeaderElection(134)) - 95d6cb39-2a6f-4d2b-8ab1-47b9e22fb0ea: shutdown LeaderElection
2019-09-17 10:13:34,706 [7be722d9-df7a-49b7-8861-987a973deb04@group-C922F90D4541:LeaderElection10] INFO  impl.RoleInfo (RoleInfo.java:updateAndGet(143)) - 7be722d9-df7a-49b7-8861-987a973deb04: start FollowerState
2019-09-17 10:13:34,705 [2bed06ad-feb1-4a42-84de-0c97964ae469@group-BB27F83832E4:LeaderElection17] INFO  impl.RoleInfo (RoleInfo.java:shutdownLeaderElection(134)) - 2bed06ad-feb1-4a42-84de-0c97964ae469: shutdown LeaderElection
2019-09-17 10:13:34,708 [04cd4a9b-51ef-4921-b690-09927bd9ce1f@group-BB27F83832E4:LeaderElection19] INFO  impl.LeaderElection (LeaderElection.java:logAndReturn(56)) - 04cd4a9b-51ef-4921-b690-09927bd9ce1f@group-BB27F83832E4:LeaderElection19: Election REJECTED; received 2 response(s) [04cd4a9b-51ef-4921-b690-09927bd9ce1f<-cd7fb81c-86a4-4055-b819-d84d71d1e03b#0:FAIL-t1, 04cd4a9b-51ef-4921-b690-09927bd9ce1f<-2bed06ad-feb1-4a42-84de-0c97964ae469#0:FAIL-t1] and 0 exception(s); 04cd4a9b-51ef-4921-b690-09927bd9ce1f@group-BB27F83832E4:t1, leader=null, voted=04cd4a9b-51ef-4921-b690-09927bd9ce1f, raftlog=04cd4a9b-51ef-4921-b690-09927bd9ce1f@group-BB27F83832E4-SegmentedRaftLog:OPENED:c-1,f-1,i0, conf=-1: [cd7fb81c-86a4-4055-b819-d84d71d1e03b:192.168.34.37:45422, 04cd4a9b-51ef-4921-b690-09927bd9ce1f:192.168.34.37:32905, 2bed06ad-feb1-4a42-84de-0c97964ae469:192.168.34.37:36327], old=null
2019-09-17 10:13:34,708 [cd7fb81c-86a4-4055-b819-d84d71d1e03b@group-BB27F83832E4:LeaderElection18] INFO  impl.LeaderElection (LeaderElection.java:logAndReturn(56)) - cd7fb81c-86a4-4055-b819-d84d71d1e03b@group-BB27F83832E4:LeaderElection18: Election REJECTED; received 2 response(s) [cd7fb81c-86a4-4055-b819-d84d71d1e03b<-04cd4a9b-51ef-4921-b690-09927bd9ce1f#0:FAIL-t1, cd7fb81c-86a4-4055-b819-d84d71d1e03b<-2bed06ad-feb1-4a42-84de-0c97964ae469#0:FAIL-t1] and 0 exception(s); cd7fb81c-86a4-4055-b819-d84d71d1e03b@group-BB27F83832E4:t1, leader=null, voted=cd7fb81c-86a4-4055-b819-d84d71d1e03b, raftlog=cd7fb81c-86a4-4055-b819-d84d71d1e03b@group-BB27F83832E4-SegmentedRaftLog:OPENED:c-1,f-1,i0, conf=-1: [cd7fb81c-86a4-4055-b819-d84d71d1e03b:192.168.34.37:45422, 04cd4a9b-51ef-4921-b690-09927bd9ce1f:192.168.34.37:32905, 2bed06ad-feb1-4a42-84de-0c97964ae469:192.168.34.37:36327], old=null
2019-09-17 10:13:34,709 [cc01c7d5-5dcf-4408-8cdb-fcf6ab2d1d3a@group-2E14F5217065:LeaderElection16] INFO  impl.LeaderElection (LeaderElection.java:logAndReturn(56)) - cc01c7d5-5dcf-4408-8cdb-fcf6ab2d1d3a@group-2E14F5217065:LeaderElection16: Election REJECTED; received 2 response(s) [cc01c7d5-5dcf-4408-8cdb-fcf6ab2d1d3a<-95d6cb39-2a6f-4d2b-8ab1-47b9e22fb0ea#0:FAIL-t1, cc01c7d5-5dcf-4408-8cdb-fcf6ab2d1d3a<-55583e5a-eaa2-4a32-b956-442090b04083#0:FAIL-t1] and 0 exception(s); cc01c7d5-5dcf-4408-8cdb-fcf6ab2d1d3a@group-2E14F5217065:t1, leader=null, voted=cc01c7d5-5dcf-4408-8cdb-fcf6ab2d1d3a, raftlog=cc01c7d5-5dcf-4408-8cdb-fcf6ab2d1d3a@group-2E14F5217065-SegmentedRaftLog:OPENED:c-1,f-1,i0, conf=-1: [cc01c7d5-5dcf-4408-8cdb-fcf6ab2d1d3a:192.168.34.37:38584, 95d6cb39-2a6f-4d2b-8ab1-47b9e22fb0ea:192.168.34.37:40405, 55583e5a-eaa2-4a32-b956-442090b04083:192.168.34.37:42551], old=null
2019-09-17 10:13:34,728 [95d6cb39-2a6f-4d2b-8ab1-47b9e22fb0ea@group-2E14F5217065:LeaderElection11] INFO  impl.RoleInfo (RoleInfo.java:updateAndGet(143)) - 95d6cb39-2a6f-4d2b-8ab1-47b9e22fb0ea: start FollowerState
2019-09-17 10:13:34,728 [04cd4a9b-51ef-4921-b690-09927bd9ce1f@group-BB27F83832E4:LeaderElection19] INFO  impl.RaftServerImpl (RaftServerImpl.java:setRole(174)) - 04cd4a9b-51ef-4921-b690-09927bd9ce1f@group-BB27F83832E4: changes role from CANDIDATE to FOLLOWER at term 1 for DISCOVERED_A_NEW_TERM
2019-09-17 10:13:34,728 [2bed06ad-feb1-4a42-84de-0c97964ae469@group-BB27F83832E4:LeaderElection17] INFO  impl.RoleInfo (RoleInfo.java:updateAndGet(143)) - 2bed06ad-feb1-4a42-84de-0c97964ae469: start FollowerState
2019-09-17 10:13:34,732 [04cd4a9b-51ef-4921-b690-09927bd9ce1f@group-BB27F83832E4:LeaderElection19] INFO  impl.RoleInfo (RoleInfo.java:shutdownLeaderElection(134)) - 04cd4a9b-51ef-4921-b690-09927bd9ce1f: shutdown LeaderElection
2019-09-17 10:13:34,730 [cc01c7d5-5dcf-4408-8cdb-fcf6ab2d1d3a@group-2E14F5217065:LeaderElection16] INFO  impl.RaftServerImpl (RaftServerImpl.java:setRole(174)) - cc01c7d5-5dcf-4408-8cdb-fcf6ab2d1d3a@group-2E14F5217065: changes role from CANDIDATE to FOLLOWER at term 1 for DISCOVERED_A_NEW_TERM
2019-09-17 10:13:34,728 [cd7fb81c-86a4-4055-b819-d84d71d1e03b@group-BB27F83832E4:LeaderElection18] INFO  impl.RaftServerImpl (RaftServerImpl.java:setRole(174)) - cd7fb81c-86a4-4055-b819-d84d71d1e03b@group-BB27F83832E4: changes role from CANDIDATE to FOLLOWER at term 1 for DISCOVERED_A_NEW_TERM
2019-09-17 10:13:34,732 [cc01c7d5-5dcf-4408-8cdb-fcf6ab2d1d3a@group-2E14F5217065:LeaderElection16] INFO  impl.RoleInfo (RoleInfo.java:shutdownLeaderElection(134)) - cc01c7d5-5dcf-4408-8cdb-fcf6ab2d1d3a: shutdown LeaderElection
2019-09-17 10:13:34,732 [04cd4a9b-51ef-4921-b690-09927bd9ce1f@group-BB27F83832E4:LeaderElection19] INFO  impl.RoleInfo (RoleInfo.java:updateAndGet(143)) - 04cd4a9b-51ef-4921-b690-09927bd9ce1f: start FollowerState
2019-09-17 10:13:34,733 [cc01c7d5-5dcf-4408-8cdb-fcf6ab2d1d3a@group-2E14F5217065:LeaderElection16] INFO  impl.RoleInfo (RoleInfo.java:updateAndGet(143)) - cc01c7d5-5dcf-4408-8cdb-fcf6ab2d1d3a: start FollowerState
2019-09-17 10:13:34,732 [cd7fb81c-86a4-4055-b819-d84d71d1e03b@group-BB27F83832E4:LeaderElection18] INFO  impl.RoleInfo (RoleInfo.java:shutdownLeaderElection(134)) - cd7fb81c-86a4-4055-b819-d84d71d1e03b: shutdown LeaderElection
2019-09-17 10:13:34,736 [cd7fb81c-86a4-4055-b819-d84d71d1e03b@group-BB27F83832E4:LeaderElection18] INFO  impl.RoleInfo (RoleInfo.java:updateAndGet(143)) - cd7fb81c-86a4-4055-b819-d84d71d1e03b: start FollowerState
2019-09-17 10:13:34,772 [Thread-283] INFO  container.ReplicationManager (ReplicationManager.java:start(162)) - Starting Replication Monitor Thread.
2019-09-17 10:13:34,772 [edf8b751-283e-4d1e-80cf-a3119e9ca034@group-F65FF930375C:LeaderElection13] INFO  impl.RoleInfo (RoleInfo.java:updateAndGet(143)) - edf8b751-283e-4d1e-80cf-a3119e9ca034: start LeaderState
2019-09-17 10:13:34,772 [edf8b751-283e-4d1e-80cf-a3119e9ca034@group-F65FF930375C:LeaderElection13] INFO  segmented.SegmentedRaftLogWorker (SegmentedRaftLogWorker.java:startLogSegment(380)) - edf8b751-283e-4d1e-80cf-a3119e9ca034@group-F65FF930375C-SegmentedRaftLogWorker: Starting segment from index:0
2019-09-17 10:13:34,773 [edf8b751-283e-4d1e-80cf-a3119e9ca034@group-F65FF930375C:LeaderElection13] INFO  impl.RaftServerImpl (ServerState.java:setRaftConf(354)) - edf8b751-283e-4d1e-80cf-a3119e9ca034@group-F65FF930375C: set configuration 0: [edf8b751-283e-4d1e-80cf-a3119e9ca034:192.168.34.37:37082], old=null at 0
2019-09-17 10:13:34,773 [ReplicationMonitor] INFO  container.ReplicationManager (ReplicationManager.java:run(225)) - Replication Monitor Thread took 1 milliseconds for processing 5 containers.
2019-09-17 10:13:34,808 [edf8b751-283e-4d1e-80cf-a3119e9ca034@group-F65FF930375C-SegmentedRaftLogWorker] INFO  segmented.SegmentedRaftLogWorker (SegmentedRaftLogWorker.java:execute(569)) - edf8b751-283e-4d1e-80cf-a3119e9ca034@group-F65FF930375C-SegmentedRaftLogWorker: created new log segment /workdir/hadoop-ozone/integration-test/target/test-dir/MiniOzoneClusterImpl-79292457-8b46-4756-affc-c3b1963f1051/datanode-2/data/ratis/ed9d2403-c60e-4c81-9958-f65ff930375c/current/log_inprogress_0
2019-09-17 10:13:34,905 [main] INFO  impl.MetricsSystemImpl (MetricsSystemImpl.java:init(158)) - XceiverClientMetrics metrics system started (again)
2019-09-17 10:13:35,033 [grpc-default-executor-17] INFO  client.GrpcClientProtocolClient (GrpcClientProtocolClient.java:onNext(264)) - client-DD787AC5056F->2bed06ad-feb1-4a42-84de-0c97964ae469: receive RaftClientReply:client-DD787AC5056F->2bed06ad-feb1-4a42-84de-0c97964ae469@group-BB27F83832E4, cid=19, FAILED org.apache.ratis.protocol.NotLeaderException: Server 2bed06ad-feb1-4a42-84de-0c97964ae469@group-BB27F83832E4 is not the leader, logIndex=0, commits[2bed06ad-feb1-4a42-84de-0c97964ae469:c-1]
2019-09-17 10:13:35,657 [Thread-391] INFO  impl.FollowerState (FollowerState.java:run(106)) - 1d843e0b-d448-4c1d-904a-b8b79ddf8dfc:group-C922F90D4541 changes to CANDIDATE, lastRpcTime:1023, electionTimeout:1019ms
2019-09-17 10:13:35,658 [Thread-391] INFO  impl.RoleInfo (RoleInfo.java:shutdownFollowerState(121)) - 1d843e0b-d448-4c1d-904a-b8b79ddf8dfc: shutdown FollowerState
2019-09-17 10:13:35,658 [Thread-391] INFO  impl.RaftServerImpl (RaftServerImpl.java:setRole(174)) - 1d843e0b-d448-4c1d-904a-b8b79ddf8dfc@group-C922F90D4541: changes role from  FOLLOWER to CANDIDATE at term 1 for changeToCandidate
2019-09-17 10:13:35,658 [Thread-391] INFO  impl.RoleInfo (RoleInfo.java:updateAndGet(143)) - 1d843e0b-d448-4c1d-904a-b8b79ddf8dfc: start LeaderElection
2019-09-17 10:13:35,683 [1d843e0b-d448-4c1d-904a-b8b79ddf8dfc@group-C922F90D4541:LeaderElection20] INFO  impl.LeaderElection (LeaderElection.java:askForVotes(182)) - 1d843e0b-d448-4c1d-904a-b8b79ddf8dfc@group-C922F90D4541:LeaderElection20: begin an election at term 2 for -1: [1303f52d-d2af-4d51-a297-b30474c81d0b:192.168.34.37:45564, 7be722d9-df7a-49b7-8861-987a973deb04:192.168.34.37:44005, 1d843e0b-d448-4c1d-904a-b8b79ddf8dfc:192.168.34.37:43968], old=null
2019-09-17 10:13:35,698 [grpc-default-executor-17] INFO  impl.RaftServerImpl (RaftServerImpl.java:setRole(174)) - 1303f52d-d2af-4d51-a297-b30474c81d0b@group-C922F90D4541: changes role from  FOLLOWER to FOLLOWER at term 2 for recognizeCandidate:1d843e0b-d448-4c1d-904a-b8b79ddf8dfc
2019-09-17 10:13:35,698 [grpc-default-executor-4] INFO  impl.RaftServerImpl (RaftServerImpl.java:setRole(174)) - 7be722d9-df7a-49b7-8861-987a973deb04@group-C922F90D4541: changes role from  FOLLOWER to FOLLOWER at term 2 for recognizeCandidate:1d843e0b-d448-4c1d-904a-b8b79ddf8dfc
2019-09-17 10:13:35,699 [grpc-default-executor-17] INFO  impl.RoleInfo (RoleInfo.java:shutdownFollowerState(121)) - 1303f52d-d2af-4d51-a297-b30474c81d0b: shutdown FollowerState
2019-09-17 10:13:35,699 [grpc-default-executor-4] INFO  impl.RoleInfo (RoleInfo.java:shutdownFollowerState(121)) - 7be722d9-df7a-49b7-8861-987a973deb04: shutdown FollowerState
2019-09-17 10:13:35,699 [grpc-default-executor-17] INFO  impl.RoleInfo (RoleInfo.java:updateAndGet(143)) - 1303f52d-d2af-4d51-a297-b30474c81d0b: start FollowerState
2019-09-17 10:13:35,699 [Thread-394] INFO  impl.FollowerState (FollowerState.java:run(115)) - 7be722d9-df7a-49b7-8861-987a973deb04: FollowerState was interrupted: java.lang.InterruptedException: sleep interrupted
2019-09-17 10:13:35,699 [grpc-default-executor-4] INFO  impl.RoleInfo (RoleInfo.java:updateAndGet(143)) - 7be722d9-df7a-49b7-8861-987a973deb04: start FollowerState
2019-09-17 10:13:35,699 [Thread-393] INFO  impl.FollowerState (FollowerState.java:run(115)) - 1303f52d-d2af-4d51-a297-b30474c81d0b: FollowerState was interrupted: java.lang.InterruptedException: sleep interrupted
2019-09-17 10:13:35,719 [1d843e0b-d448-4c1d-904a-b8b79ddf8dfc@group-C922F90D4541:LeaderElection20] INFO  impl.LeaderElection (LeaderElection.java:logAndReturn(56)) - 1d843e0b-d448-4c1d-904a-b8b79ddf8dfc@group-C922F90D4541:LeaderElection20: Election PASSED; received 1 response(s) [1d843e0b-d448-4c1d-904a-b8b79ddf8dfc<-1303f52d-d2af-4d51-a297-b30474c81d0b#0:OK-t2] and 0 exception(s); 1d843e0b-d448-4c1d-904a-b8b79ddf8dfc@group-C922F90D4541:t2, leader=null, voted=1d843e0b-d448-4c1d-904a-b8b79ddf8dfc, raftlog=1d843e0b-d448-4c1d-904a-b8b79ddf8dfc@group-C922F90D4541-SegmentedRaftLog:OPENED:c-1,f-1,i0, conf=-1: [1303f52d-d2af-4d51-a297-b30474c81d0b:192.168.34.37:45564, 7be722d9-df7a-49b7-8861-987a973deb04:192.168.34.37:44005, 1d843e0b-d448-4c1d-904a-b8b79ddf8dfc:192.168.34.37:43968], old=null
2019-09-17 10:13:35,719 [1d843e0b-d448-4c1d-904a-b8b79ddf8dfc@group-C922F90D4541:LeaderElection20] INFO  impl.RoleInfo (RoleInfo.java:shutdownLeaderElection(134)) - 1d843e0b-d448-4c1d-904a-b8b79ddf8dfc: shutdown LeaderElection
2019-09-17 10:13:35,722 [1d843e0b-d448-4c1d-904a-b8b79ddf8dfc@group-C922F90D4541:LeaderElection20] INFO  impl.RaftServerImpl (RaftServerImpl.java:setRole(174)) - 1d843e0b-d448-4c1d-904a-b8b79ddf8dfc@group-C922F90D4541: changes role from CANDIDATE to LEADER at term 2 for changeToLeader
2019-09-17 10:13:35,722 [1d843e0b-d448-4c1d-904a-b8b79ddf8dfc@group-C922F90D4541:LeaderElection20] INFO  impl.RaftServerImpl (ServerState.java:setLeader(253)) - 1d843e0b-d448-4c1d-904a-b8b79ddf8dfc@group-C922F90D4541: change Leader from null to 1d843e0b-d448-4c1d-904a-b8b79ddf8dfc at term 2 for becomeLeader, leader elected after 2752ms
2019-09-17 10:13:35,723 [1d843e0b-d448-4c1d-904a-b8b79ddf8dfc@group-C922F90D4541:LeaderElection20] INFO  server.RaftServerConfigKeys (ConfUtils.java:logGet(43)) - raft.server.staging.catchup.gap = 1000 (default)
2019-09-17 10:13:35,723 [1d843e0b-d448-4c1d-904a-b8b79ddf8dfc@group-C922F90D4541:LeaderElection20] INFO  server.RaftServerConfigKeys (ConfUtils.java:logGet(43)) - raft.server.rpc.sleep.time = 25ms (default)
2019-09-17 10:13:35,723 [1d843e0b-d448-4c1d-904a-b8b79ddf8dfc@group-C922F90D4541:LeaderElection20] INFO  server.RaftServerConfigKeys (ConfUtils.java:logGet(43)) - raft.server.write.element-limit = 4096 (default)
2019-09-17 10:13:35,723 [1d843e0b-d448-4c1d-904a-b8b79ddf8dfc@group-C922F90D4541:LeaderElection20] INFO  server.RaftServerConfigKeys (ConfUtils.java:logGet(43)) - raft.server.watch.timeout = 10s (default)
2019-09-17 10:13:35,723 [1d843e0b-d448-4c1d-904a-b8b79ddf8dfc@group-C922F90D4541:LeaderElection20] INFO  server.RaftServerConfigKeys (ConfUtils.java:logGet(43)) - raft.server.watch.timeout.denomination = 1s (default)
2019-09-17 10:13:35,723 [1d843e0b-d448-4c1d-904a-b8b79ddf8dfc@group-C922F90D4541:LeaderElection20] INFO  server.RaftServerConfigKeys (ConfUtils.java:logGet(43)) - raft.server.watch.element-limit = 65536 (default)
2019-09-17 10:13:35,727 [1d843e0b-d448-4c1d-904a-b8b79ddf8dfc@group-C922F90D4541:LeaderElection20] INFO  server.RaftServerConfigKeys (ConfUtils.java:logGet(43)) - raft.server.log.appender.snapshot.chunk.size.max = 16MB (=16777216) (default)
2019-09-17 10:13:35,727 [1d843e0b-d448-4c1d-904a-b8b79ddf8dfc@group-C922F90D4541:LeaderElection20] INFO  server.RaftServerConfigKeys (ConfUtils.java:logGet(43)) - raft.server.log.appender.buffer.byte-limit = 33554432 (custom)
2019-09-17 10:13:35,728 [1d843e0b-d448-4c1d-904a-b8b79ddf8dfc@group-C922F90D4541:LeaderElection20] INFO  server.RaftServerConfigKeys (ConfUtils.java:logGet(43)) - raft.server.log.appender.buffer.element-limit = 1 (custom)
2019-09-17 10:13:35,730 [1d843e0b-d448-4c1d-904a-b8b79ddf8dfc@group-C922F90D4541:LeaderElection20] INFO  grpc.GrpcConfigKeys$Server (ConfUtils.java:logGet(43)) - raft.grpc.server.leader.outstanding.appends.max = 128 (default)
2019-09-17 10:13:35,733 [1d843e0b-d448-4c1d-904a-b8b79ddf8dfc@group-C922F90D4541:LeaderElection20] INFO  server.RaftServerConfigKeys (ConfUtils.java:logGet(43)) - raft.server.rpc.request.timeout = 3000ms (default)
2019-09-17 10:13:35,733 [1d843e0b-d448-4c1d-904a-b8b79ddf8dfc@group-C922F90D4541:LeaderElection20] INFO  server.RaftServerConfigKeys (ConfUtils.java:logGet(43)) - raft.server.log.appender.install.snapshot.enabled = false (custom)
2019-09-17 10:13:35,734 [1d843e0b-d448-4c1d-904a-b8b79ddf8dfc@group-C922F90D4541:LeaderElection20] INFO  server.RaftServerConfigKeys (ConfUtils.java:logGet(43)) - raft.server.log.appender.snapshot.chunk.size.max = 16MB (=16777216) (default)
2019-09-17 10:13:35,734 [1d843e0b-d448-4c1d-904a-b8b79ddf8dfc@group-C922F90D4541:LeaderElection20] INFO  server.RaftServerConfigKeys (ConfUtils.java:logGet(43)) - raft.server.log.appender.buffer.byte-limit = 33554432 (custom)
2019-09-17 10:13:35,734 [1d843e0b-d448-4c1d-904a-b8b79ddf8dfc@group-C922F90D4541:LeaderElection20] INFO  server.RaftServerConfigKeys (ConfUtils.java:logGet(43)) - raft.server.log.appender.buffer.element-limit = 1 (custom)
2019-09-17 10:13:35,735 [1d843e0b-d448-4c1d-904a-b8b79ddf8dfc@group-C922F90D4541:LeaderElection20] INFO  grpc.GrpcConfigKeys$Server (ConfUtils.java:logGet(43)) - raft.grpc.server.leader.outstanding.appends.max = 128 (default)
2019-09-17 10:13:35,735 [1d843e0b-d448-4c1d-904a-b8b79ddf8dfc@group-C922F90D4541:LeaderElection20] INFO  server.RaftServerConfigKeys (ConfUtils.java:logGet(43)) - raft.server.rpc.request.timeout = 3000ms (default)
2019-09-17 10:13:35,735 [1d843e0b-d448-4c1d-904a-b8b79ddf8dfc@group-C922F90D4541:LeaderElection20] INFO  server.RaftServerConfigKeys (ConfUtils.java:logGet(43)) - raft.server.log.appender.install.snapshot.enabled = false (custom)
2019-09-17 10:13:35,736 [1d843e0b-d448-4c1d-904a-b8b79ddf8dfc@group-C922F90D4541:LeaderElection20] INFO  impl.RoleInfo (RoleInfo.java:updateAndGet(143)) - 1d843e0b-d448-4c1d-904a-b8b79ddf8dfc: start LeaderState
2019-09-17 10:13:35,736 [1d843e0b-d448-4c1d-904a-b8b79ddf8dfc@group-C922F90D4541:LeaderElection20] INFO  segmented.SegmentedRaftLogWorker (SegmentedRaftLogWorker.java:startLogSegment(380)) - 1d843e0b-d448-4c1d-904a-b8b79ddf8dfc@group-C922F90D4541-SegmentedRaftLogWorker: Starting segment from index:0
2019-09-17 10:13:35,737 [1d843e0b-d448-4c1d-904a-b8b79ddf8dfc@group-C922F90D4541:LeaderElection20] INFO  impl.RaftServerImpl (ServerState.java:setRaftConf(354)) - 1d843e0b-d448-4c1d-904a-b8b79ddf8dfc@group-C922F90D4541: set configuration 0: [1303f52d-d2af-4d51-a297-b30474c81d0b:192.168.34.37:45564, 7be722d9-df7a-49b7-8861-987a973deb04:192.168.34.37:44005, 1d843e0b-d448-4c1d-904a-b8b79ddf8dfc:192.168.34.37:43968], old=null at 0
2019-09-17 10:13:35,774 [Thread-397] INFO  impl.FollowerState (FollowerState.java:run(106)) - 04cd4a9b-51ef-4921-b690-09927bd9ce1f:group-BB27F83832E4 changes to CANDIDATE, lastRpcTime:1042, electionTimeout:1036ms
2019-09-17 10:13:35,777 [Thread-397] INFO  impl.RoleInfo (RoleInfo.java:shutdownFollowerState(121)) - 04cd4a9b-51ef-4921-b690-09927bd9ce1f: shutdown FollowerState
2019-09-17 10:13:35,777 [Thread-397] INFO  impl.RaftServerImpl (RaftServerImpl.java:setRole(174)) - 04cd4a9b-51ef-4921-b690-09927bd9ce1f@group-BB27F83832E4: changes role from  FOLLOWER to CANDIDATE at term 1 for changeToCandidate
2019-09-17 10:13:35,777 [Thread-397] INFO  impl.RoleInfo (RoleInfo.java:updateAndGet(143)) - 04cd4a9b-51ef-4921-b690-09927bd9ce1f: start LeaderElection
2019-09-17 10:13:35,791 [1d843e0b-d448-4c1d-904a-b8b79ddf8dfc@group-C922F90D4541-SegmentedRaftLogWorker] INFO  segmented.SegmentedRaftLogWorker (SegmentedRaftLogWorker.java:execute(569)) - 1d843e0b-d448-4c1d-904a-b8b79ddf8dfc@group-C922F90D4541-SegmentedRaftLogWorker: created new log segment /workdir/hadoop-ozone/integration-test/target/test-dir/MiniOzoneClusterImpl-79292457-8b46-4756-affc-c3b1963f1051/datanode-1/data/ratis/02946cee-fb43-4ea8-8058-c922f90d4541/current/log_inprogress_0
2019-09-17 10:13:35,791 [04cd4a9b-51ef-4921-b690-09927bd9ce1f@group-BB27F83832E4:LeaderElection21] INFO  impl.LeaderElection (LeaderElection.java:askForVotes(182)) - 04cd4a9b-51ef-4921-b690-09927bd9ce1f@group-BB27F83832E4:LeaderElection21: begin an election at term 2 for -1: [cd7fb81c-86a4-4055-b819-d84d71d1e03b:192.168.34.37:45422, 04cd4a9b-51ef-4921-b690-09927bd9ce1f:192.168.34.37:32905, 2bed06ad-feb1-4a42-84de-0c97964ae469:192.168.34.37:36327], old=null
2019-09-17 10:13:35,794 [grpc-default-executor-16] INFO  impl.RaftServerImpl (RaftServerImpl.java:setRole(174)) - 2bed06ad-feb1-4a42-84de-0c97964ae469@group-BB27F83832E4: changes role from  FOLLOWER to FOLLOWER at term 2 for recognizeCandidate:04cd4a9b-51ef-4921-b690-09927bd9ce1f
2019-09-17 10:13:35,794 [grpc-default-executor-16] INFO  impl.RoleInfo (RoleInfo.java:shutdownFollowerState(121)) - 2bed06ad-feb1-4a42-84de-0c97964ae469: shutdown FollowerState
2019-09-17 10:13:35,795 [grpc-default-executor-13] INFO  impl.RaftServerImpl (RaftServerImpl.java:setRole(174)) - cd7fb81c-86a4-4055-b819-d84d71d1e03b@group-BB27F83832E4: changes role from  FOLLOWER to FOLLOWER at term 2 for recognizeCandidate:04cd4a9b-51ef-4921-b690-09927bd9ce1f
2019-09-17 10:13:35,795 [Thread-396] INFO  impl.FollowerState (FollowerState.java:run(115)) - 2bed06ad-feb1-4a42-84de-0c97964ae469: FollowerState was interrupted: java.lang.InterruptedException: sleep interrupted
2019-09-17 10:13:35,795 [grpc-default-executor-16] INFO  impl.RoleInfo (RoleInfo.java:updateAndGet(143)) - 2bed06ad-feb1-4a42-84de-0c97964ae469: start FollowerState
2019-09-17 10:13:35,795 [grpc-default-executor-13] INFO  impl.RoleInfo (RoleInfo.java:shutdownFollowerState(121)) - cd7fb81c-86a4-4055-b819-d84d71d1e03b: shutdown FollowerState
2019-09-17 10:13:35,795 [grpc-default-executor-13] INFO  impl.RoleInfo (RoleInfo.java:updateAndGet(143)) - cd7fb81c-86a4-4055-b819-d84d71d1e03b: start FollowerState
2019-09-17 10:13:35,795 [Thread-399] INFO  impl.FollowerState (FollowerState.java:run(115)) - cd7fb81c-86a4-4055-b819-d84d71d1e03b: FollowerState was interrupted: java.lang.InterruptedException: sleep interrupted
2019-09-17 10:13:35,805 [grpc-default-executor-4] INFO  impl.RaftServerImpl (ServerState.java:setLeader(253)) - 1303f52d-d2af-4d51-a297-b30474c81d0b@group-C922F90D4541: change Leader from null to 1d843e0b-d448-4c1d-904a-b8b79ddf8dfc at term 2 for appendEntries, leader elected after 2834ms
2019-09-17 10:13:35,805 [grpc-default-executor-17] INFO  impl.RaftServerImpl (ServerState.java:setLeader(253)) - 7be722d9-df7a-49b7-8861-987a973deb04@group-C922F90D4541: change Leader from null to 1d843e0b-d448-4c1d-904a-b8b79ddf8dfc at term 2 for appendEntries, leader elected after 2834ms
2019-09-17 10:13:35,807 [04cd4a9b-51ef-4921-b690-09927bd9ce1f@group-BB27F83832E4:LeaderElection21] INFO  impl.LeaderElection (LeaderElection.java:logAndReturn(56)) - 04cd4a9b-51ef-4921-b690-09927bd9ce1f@group-BB27F83832E4:LeaderElection21: Election PASSED; received 1 response(s) [04cd4a9b-51ef-4921-b690-09927bd9ce1f<-2bed06ad-feb1-4a42-84de-0c97964ae469#0:OK-t2] and 0 exception(s); 04cd4a9b-51ef-4921-b690-09927bd9ce1f@group-BB27F83832E4:t2, leader=null, voted=04cd4a9b-51ef-4921-b690-09927bd9ce1f, raftlog=04cd4a9b-51ef-4921-b690-09927bd9ce1f@group-BB27F83832E4-SegmentedRaftLog:OPENED:c-1,f-1,i0, conf=-1: [cd7fb81c-86a4-4055-b819-d84d71d1e03b:192.168.34.37:45422, 04cd4a9b-51ef-4921-b690-09927bd9ce1f:192.168.34.37:32905, 2bed06ad-feb1-4a42-84de-0c97964ae469:192.168.34.37:36327], old=null
2019-09-17 10:13:35,810 [04cd4a9b-51ef-4921-b690-09927bd9ce1f@group-BB27F83832E4:LeaderElection21] INFO  impl.RoleInfo (RoleInfo.java:shutdownLeaderElection(134)) - 04cd4a9b-51ef-4921-b690-09927bd9ce1f: shutdown LeaderElection
2019-09-17 10:13:35,812 [04cd4a9b-51ef-4921-b690-09927bd9ce1f@group-BB27F83832E4:LeaderElection21] INFO  impl.RaftServerImpl (RaftServerImpl.java:setRole(174)) - 04cd4a9b-51ef-4921-b690-09927bd9ce1f@group-BB27F83832E4: changes role from CANDIDATE to LEADER at term 2 for changeToLeader
2019-09-17 10:13:35,815 [04cd4a9b-51ef-4921-b690-09927bd9ce1f@group-BB27F83832E4:LeaderElection21] INFO  impl.RaftServerImpl (ServerState.java:setLeader(253)) - 04cd4a9b-51ef-4921-b690-09927bd9ce1f@group-BB27F83832E4: change Leader from null to 04cd4a9b-51ef-4921-b690-09927bd9ce1f at term 2 for becomeLeader, leader elected after 2610ms
2019-09-17 10:13:35,815 [04cd4a9b-51ef-4921-b690-09927bd9ce1f@group-BB27F83832E4:LeaderElection21] INFO  server.RaftServerConfigKeys (ConfUtils.java:logGet(43)) - raft.server.staging.catchup.gap = 1000 (default)
2019-09-17 10:13:35,817 [04cd4a9b-51ef-4921-b690-09927bd9ce1f@group-BB27F83832E4:LeaderElection21] INFO  server.RaftServerConfigKeys (ConfUtils.java:logGet(43)) - raft.server.rpc.sleep.time = 25ms (default)
2019-09-17 10:13:35,818 [04cd4a9b-51ef-4921-b690-09927bd9ce1f@group-BB27F83832E4:LeaderElection21] INFO  server.RaftServerConfigKeys (ConfUtils.java:logGet(43)) - raft.server.write.element-limit = 4096 (default)
2019-09-17 10:13:35,822 [04cd4a9b-51ef-4921-b690-09927bd9ce1f@group-BB27F83832E4:LeaderElection21] INFO  server.RaftServerConfigKeys (ConfUtils.java:logGet(43)) - raft.server.watch.timeout = 10s (default)
2019-09-17 10:13:35,822 [04cd4a9b-51ef-4921-b690-09927bd9ce1f@group-BB27F83832E4:LeaderElection21] INFO  server.RaftServerConfigKeys (ConfUtils.java:logGet(43)) - raft.server.watch.timeout.denomination = 1s (default)
2019-09-17 10:13:35,822 [04cd4a9b-51ef-4921-b690-09927bd9ce1f@group-BB27F83832E4:LeaderElection21] INFO  server.RaftServerConfigKeys (ConfUtils.java:logGet(43)) - raft.server.watch.element-limit = 65536 (default)
2019-09-17 10:13:35,823 [Thread-395] INFO  impl.FollowerState (FollowerState.java:run(106)) - 95d6cb39-2a6f-4d2b-8ab1-47b9e22fb0ea:group-2E14F5217065 changes to CANDIDATE, lastRpcTime:1094, electionTimeout:1091ms
2019-09-17 10:13:35,825 [Thread-395] INFO  impl.RoleInfo (RoleInfo.java:shutdownFollowerState(121)) - 95d6cb39-2a6f-4d2b-8ab1-47b9e22fb0ea: shutdown FollowerState
2019-09-17 10:13:35,825 [Thread-395] INFO  impl.RaftServerImpl (RaftServerImpl.java:setRole(174)) - 95d6cb39-2a6f-4d2b-8ab1-47b9e22fb0ea@group-2E14F5217065: changes role from  FOLLOWER to CANDIDATE at term 1 for changeToCandidate
2019-09-17 10:13:35,826 [Thread-395] INFO  impl.RoleInfo (RoleInfo.java:updateAndGet(143)) - 95d6cb39-2a6f-4d2b-8ab1-47b9e22fb0ea: start LeaderElection
2019-09-17 10:13:35,828 [04cd4a9b-51ef-4921-b690-09927bd9ce1f@group-BB27F83832E4:LeaderElection21] INFO  server.RaftServerConfigKeys (ConfUtils.java:logGet(43)) - raft.server.log.appender.snapshot.chunk.size.max = 16MB (=16777216) (default)
2019-09-17 10:13:35,828 [04cd4a9b-51ef-4921-b690-09927bd9ce1f@group-BB27F83832E4:LeaderElection21] INFO  server.RaftServerConfigKeys (ConfUtils.java:logGet(43)) - raft.server.log.appender.buffer.byte-limit = 33554432 (custom)
2019-09-17 10:13:35,828 [04cd4a9b-51ef-4921-b690-09927bd9ce1f@group-BB27F83832E4:LeaderElection21] INFO  server.RaftServerConfigKeys (ConfUtils.java:logGet(43)) - raft.server.log.appender.buffer.element-limit = 1 (custom)
2019-09-17 10:13:35,829 [04cd4a9b-51ef-4921-b690-09927bd9ce1f@group-BB27F83832E4:LeaderElection21] INFO  grpc.GrpcConfigKeys$Server (ConfUtils.java:logGet(43)) - raft.grpc.server.leader.outstanding.appends.max = 128 (default)
2019-09-17 10:13:35,829 [04cd4a9b-51ef-4921-b690-09927bd9ce1f@group-BB27F83832E4:LeaderElection21] INFO  server.RaftServerConfigKeys (ConfUtils.java:logGet(43)) - raft.server.rpc.request.timeout = 3000ms (default)
2019-09-17 10:13:35,829 [04cd4a9b-51ef-4921-b690-09927bd9ce1f@group-BB27F83832E4:LeaderElection21] INFO  server.RaftServerConfigKeys (ConfUtils.java:logGet(43)) - raft.server.log.appender.install.snapshot.enabled = false (custom)
2019-09-17 10:13:35,830 [04cd4a9b-51ef-4921-b690-09927bd9ce1f@group-BB27F83832E4:LeaderElection21] INFO  server.RaftServerConfigKeys (ConfUtils.java:logGet(43)) - raft.server.log.appender.snapshot.chunk.size.max = 16MB (=16777216) (default)
2019-09-17 10:13:35,830 [04cd4a9b-51ef-4921-b690-09927bd9ce1f@group-BB27F83832E4:LeaderElection21] INFO  server.RaftServerConfigKeys (ConfUtils.java:logGet(43)) - raft.server.log.appender.buffer.byte-limit = 33554432 (custom)
2019-09-17 10:13:35,830 [04cd4a9b-51ef-4921-b690-09927bd9ce1f@group-BB27F83832E4:LeaderElection21] INFO  server.RaftServerConfigKeys (ConfUtils.java:logGet(43)) - raft.server.log.appender.buffer.element-limit = 1 (custom)
2019-09-17 10:13:35,830 [04cd4a9b-51ef-4921-b690-09927bd9ce1f@group-BB27F83832E4:LeaderElection21] INFO  grpc.GrpcConfigKeys$Server (ConfUtils.java:logGet(43)) - raft.grpc.server.leader.outstanding.appends.max = 128 (default)
2019-09-17 10:13:35,830 [04cd4a9b-51ef-4921-b690-09927bd9ce1f@group-BB27F83832E4:LeaderElection21] INFO  server.RaftServerConfigKeys (ConfUtils.java:logGet(43)) - raft.server.rpc.request.timeout = 3000ms (default)
2019-09-17 10:13:35,831 [04cd4a9b-51ef-4921-b690-09927bd9ce1f@group-BB27F83832E4:LeaderElection21] INFO  server.RaftServerConfigKeys (ConfUtils.java:logGet(43)) - raft.server.log.appender.install.snapshot.enabled = false (custom)
2019-09-17 10:13:35,833 [04cd4a9b-51ef-4921-b690-09927bd9ce1f@group-BB27F83832E4:LeaderElection21] INFO  impl.RoleInfo (RoleInfo.java:updateAndGet(143)) - 04cd4a9b-51ef-4921-b690-09927bd9ce1f: start LeaderState
2019-09-17 10:13:35,834 [04cd4a9b-51ef-4921-b690-09927bd9ce1f@group-BB27F83832E4:LeaderElection21] INFO  segmented.SegmentedRaftLogWorker (SegmentedRaftLogWorker.java:startLogSegment(380)) - 04cd4a9b-51ef-4921-b690-09927bd9ce1f@group-BB27F83832E4-SegmentedRaftLogWorker: Starting segment from index:0
2019-09-17 10:13:35,871 [04cd4a9b-51ef-4921-b690-09927bd9ce1f@group-BB27F83832E4:LeaderElection21] INFO  impl.RaftServerImpl (ServerState.java:setRaftConf(354)) - 04cd4a9b-51ef-4921-b690-09927bd9ce1f@group-BB27F83832E4: set configuration 0: [cd7fb81c-86a4-4055-b819-d84d71d1e03b:192.168.34.37:45422, 04cd4a9b-51ef-4921-b690-09927bd9ce1f:192.168.34.37:32905, 2bed06ad-feb1-4a42-84de-0c97964ae469:192.168.34.37:36327], old=null at 0
2019-09-17 10:13:35,874 [95d6cb39-2a6f-4d2b-8ab1-47b9e22fb0ea@group-2E14F5217065:LeaderElection22] INFO  impl.LeaderElection (LeaderElection.java:askForVotes(182)) - 95d6cb39-2a6f-4d2b-8ab1-47b9e22fb0ea@group-2E14F5217065:LeaderElection22: begin an election at term 2 for -1: [cc01c7d5-5dcf-4408-8cdb-fcf6ab2d1d3a:192.168.34.37:38584, 95d6cb39-2a6f-4d2b-8ab1-47b9e22fb0ea:192.168.34.37:40405, 55583e5a-eaa2-4a32-b956-442090b04083:192.168.34.37:42551], old=null
2019-09-17 10:13:35,877 [grpc-default-executor-4] INFO  impl.RaftServerImpl (ServerState.java:setLeader(253)) - 2bed06ad-feb1-4a42-84de-0c97964ae469@group-BB27F83832E4: change Leader from null to 04cd4a9b-51ef-4921-b690-09927bd9ce1f at term 2 for appendEntries, leader elected after 2672ms
2019-09-17 10:13:35,877 [grpc-default-executor-17] INFO  impl.RaftServerImpl (ServerState.java:setLeader(253)) - cd7fb81c-86a4-4055-b819-d84d71d1e03b@group-BB27F83832E4: change Leader from null to 04cd4a9b-51ef-4921-b690-09927bd9ce1f at term 2 for appendEntries, leader elected after 2673ms
2019-09-17 10:13:35,878 [grpc-default-executor-17] INFO  impl.RaftServerImpl (RaftServerImpl.java:setRole(174)) - 55583e5a-eaa2-4a32-b956-442090b04083@group-2E14F5217065: changes role from  FOLLOWER to FOLLOWER at term 2 for recognizeCandidate:95d6cb39-2a6f-4d2b-8ab1-47b9e22fb0ea
2019-09-17 10:13:35,878 [grpc-default-executor-17] INFO  impl.RoleInfo (RoleInfo.java:shutdownFollowerState(121)) - 55583e5a-eaa2-4a32-b956-442090b04083: shutdown FollowerState
2019-09-17 10:13:35,878 [grpc-default-executor-13] INFO  impl.RaftServerImpl (RaftServerImpl.java:setRole(174)) - cc01c7d5-5dcf-4408-8cdb-fcf6ab2d1d3a@group-2E14F5217065: changes role from  FOLLOWER to FOLLOWER at term 2 for recognizeCandidate:95d6cb39-2a6f-4d2b-8ab1-47b9e22fb0ea
2019-09-17 10:13:35,879 [Thread-392] INFO  impl.FollowerState (FollowerState.java:run(115)) - 55583e5a-eaa2-4a32-b956-442090b04083: FollowerState was interrupted: java.lang.InterruptedException: sleep interrupted
2019-09-17 10:13:35,879 [grpc-default-executor-17] INFO  impl.RoleInfo (RoleInfo.java:updateAndGet(143)) - 55583e5a-eaa2-4a32-b956-442090b04083: start FollowerState
2019-09-17 10:13:35,879 [grpc-default-executor-13] INFO  impl.RoleInfo (RoleInfo.java:shutdownFollowerState(121)) - cc01c7d5-5dcf-4408-8cdb-fcf6ab2d1d3a: shutdown FollowerState
2019-09-17 10:13:35,880 [Thread-398] INFO  impl.FollowerState (FollowerState.java:run(115)) - cc01c7d5-5dcf-4408-8cdb-fcf6ab2d1d3a: FollowerState was interrupted: java.lang.InterruptedException: sleep interrupted
2019-09-17 10:13:35,880 [grpc-default-executor-13] INFO  impl.RoleInfo (RoleInfo.java:updateAndGet(143)) - cc01c7d5-5dcf-4408-8cdb-fcf6ab2d1d3a: start FollowerState
2019-09-17 10:13:35,881 [grpc-default-executor-16] INFO  impl.RaftServerImpl (ServerState.java:setRaftConf(354)) - 1303f52d-d2af-4d51-a297-b30474c81d0b@group-C922F90D4541: set configuration 0: [1303f52d-d2af-4d51-a297-b30474c81d0b:192.168.34.37:45564, 7be722d9-df7a-49b7-8861-987a973deb04:192.168.34.37:44005, 1d843e0b-d448-4c1d-904a-b8b79ddf8dfc:192.168.34.37:43968], old=null at 0
2019-09-17 10:13:35,881 [grpc-default-executor-4] INFO  impl.RaftServerImpl (ServerState.java:setRaftConf(354)) - 7be722d9-df7a-49b7-8861-987a973deb04@group-C922F90D4541: set configuration 0: [1303f52d-d2af-4d51-a297-b30474c81d0b:192.168.34.37:45564, 7be722d9-df7a-49b7-8861-987a973deb04:192.168.34.37:44005, 1d843e0b-d448-4c1d-904a-b8b79ddf8dfc:192.168.34.37:43968], old=null at 0
2019-09-17 10:13:35,881 [grpc-default-executor-5] INFO  impl.RaftServerImpl (ServerState.java:setRaftConf(354)) - cd7fb81c-86a4-4055-b819-d84d71d1e03b@group-BB27F83832E4: set configuration 0: [cd7fb81c-86a4-4055-b819-d84d71d1e03b:192.168.34.37:45422, 04cd4a9b-51ef-4921-b690-09927bd9ce1f:192.168.34.37:32905, 2bed06ad-feb1-4a42-84de-0c97964ae469:192.168.34.37:36327], old=null at 0
2019-09-17 10:13:35,881 [grpc-default-executor-16] INFO  segmented.SegmentedRaftLogWorker (SegmentedRaftLogWorker.java:startLogSegment(380)) - 1303f52d-d2af-4d51-a297-b30474c81d0b@group-C922F90D4541-SegmentedRaftLogWorker: Starting segment from index:0
2019-09-17 10:13:35,881 [grpc-default-executor-8] INFO  impl.RaftServerImpl (ServerState.java:setRaftConf(354)) - 2bed06ad-feb1-4a42-84de-0c97964ae469@group-BB27F83832E4: set configuration 0: [cd7fb81c-86a4-4055-b819-d84d71d1e03b:192.168.34.37:45422, 04cd4a9b-51ef-4921-b690-09927bd9ce1f:192.168.34.37:32905, 2bed06ad-feb1-4a42-84de-0c97964ae469:192.168.34.37:36327], old=null at 0
2019-09-17 10:13:35,881 [grpc-default-executor-5] INFO  segmented.SegmentedRaftLogWorker (SegmentedRaftLogWorker.java:startLogSegment(380)) - cd7fb81c-86a4-4055-b819-d84d71d1e03b@group-BB27F83832E4-SegmentedRaftLogWorker: Starting segment from index:0
2019-09-17 10:13:35,881 [grpc-default-executor-4] INFO  segmented.SegmentedRaftLogWorker (SegmentedRaftLogWorker.java:startLogSegment(380)) - 7be722d9-df7a-49b7-8861-987a973deb04@group-C922F90D4541-SegmentedRaftLogWorker: Starting segment from index:0
2019-09-17 10:13:35,882 [grpc-default-executor-8] INFO  segmented.SegmentedRaftLogWorker (SegmentedRaftLogWorker.java:startLogSegment(380)) - 2bed06ad-feb1-4a42-84de-0c97964ae469@group-BB27F83832E4-SegmentedRaftLogWorker: Starting segment from index:0
2019-09-17 10:13:35,888 [04cd4a9b-51ef-4921-b690-09927bd9ce1f@group-BB27F83832E4-SegmentedRaftLogWorker] INFO  segmented.SegmentedRaftLogWorker (SegmentedRaftLogWorker.java:execute(569)) - 04cd4a9b-51ef-4921-b690-09927bd9ce1f@group-BB27F83832E4-SegmentedRaftLogWorker: created new log segment /workdir/hadoop-ozone/integration-test/target/test-dir/MiniOzoneClusterImpl-79292457-8b46-4756-affc-c3b1963f1051/datanode-0/data/ratis/6d65ff06-e079-45f6-91fb-bb27f83832e4/current/log_inprogress_0
2019-09-17 10:13:35,890 [95d6cb39-2a6f-4d2b-8ab1-47b9e22fb0ea@group-2E14F5217065:LeaderElection22] INFO  impl.LeaderElection (LeaderElection.java:logAndReturn(56)) - 95d6cb39-2a6f-4d2b-8ab1-47b9e22fb0ea@group-2E14F5217065:LeaderElection22: Election PASSED; received 1 response(s) [95d6cb39-2a6f-4d2b-8ab1-47b9e22fb0ea<-cc01c7d5-5dcf-4408-8cdb-fcf6ab2d1d3a#0:OK-t2] and 0 exception(s); 95d6cb39-2a6f-4d2b-8ab1-47b9e22fb0ea@group-2E14F5217065:t2, leader=null, voted=95d6cb39-2a6f-4d2b-8ab1-47b9e22fb0ea, raftlog=95d6cb39-2a6f-4d2b-8ab1-47b9e22fb0ea@group-2E14F5217065-SegmentedRaftLog:OPENED:c-1,f-1,i0, conf=-1: [cc01c7d5-5dcf-4408-8cdb-fcf6ab2d1d3a:192.168.34.37:38584, 95d6cb39-2a6f-4d2b-8ab1-47b9e22fb0ea:192.168.34.37:40405, 55583e5a-eaa2-4a32-b956-442090b04083:192.168.34.37:42551], old=null
2019-09-17 10:13:35,890 [95d6cb39-2a6f-4d2b-8ab1-47b9e22fb0ea@group-2E14F5217065:LeaderElection22] INFO  impl.RoleInfo (RoleInfo.java:shutdownLeaderElection(134)) - 95d6cb39-2a6f-4d2b-8ab1-47b9e22fb0ea: shutdown LeaderElection
2019-09-17 10:13:35,923 [95d6cb39-2a6f-4d2b-8ab1-47b9e22fb0ea@group-2E14F5217065:LeaderElection22] INFO  impl.RaftServerImpl (RaftServerImpl.java:setRole(174)) - 95d6cb39-2a6f-4d2b-8ab1-47b9e22fb0ea@group-2E14F5217065: changes role from CANDIDATE to LEADER at term 2 for changeToLeader
2019-09-17 10:13:35,923 [95d6cb39-2a6f-4d2b-8ab1-47b9e22fb0ea@group-2E14F5217065:LeaderElection22] INFO  impl.RaftServerImpl (ServerState.java:setLeader(253)) - 95d6cb39-2a6f-4d2b-8ab1-47b9e22fb0ea@group-2E14F5217065: change Leader from null to 95d6cb39-2a6f-4d2b-8ab1-47b9e22fb0ea at term 2 for becomeLeader, leader elected after 2823ms
2019-09-17 10:13:35,923 [95d6cb39-2a6f-4d2b-8ab1-47b9e22fb0ea@group-2E14F5217065:LeaderElection22] INFO  server.RaftServerConfigKeys (ConfUtils.java:logGet(43)) - raft.server.staging.catchup.gap = 1000 (default)
2019-09-17 10:13:35,923 [95d6cb39-2a6f-4d2b-8ab1-47b9e22fb0ea@group-2E14F5217065:LeaderElection22] INFO  server.RaftServerConfigKeys (ConfUtils.java:logGet(43)) - raft.server.rpc.sleep.time = 25ms (default)
2019-09-17 10:13:35,924 [95d6cb39-2a6f-4d2b-8ab1-47b9e22fb0ea@group-2E14F5217065:LeaderElection22] INFO  server.RaftServerConfigKeys (ConfUtils.java:logGet(43)) - raft.server.write.element-limit = 4096 (default)
2019-09-17 10:13:35,924 [95d6cb39-2a6f-4d2b-8ab1-47b9e22fb0ea@group-2E14F5217065:LeaderElection22] INFO  server.RaftServerConfigKeys (ConfUtils.java:logGet(43)) - raft.server.watch.timeout = 10s (default)
2019-09-17 10:13:35,924 [95d6cb39-2a6f-4d2b-8ab1-47b9e22fb0ea@group-2E14F5217065:LeaderElection22] INFO  server.RaftServerConfigKeys (ConfUtils.java:logGet(43)) - raft.server.watch.timeout.denomination = 1s (default)
2019-09-17 10:13:35,924 [95d6cb39-2a6f-4d2b-8ab1-47b9e22fb0ea@group-2E14F5217065:LeaderElection22] INFO  server.RaftServerConfigKeys (ConfUtils.java:logGet(43)) - raft.server.watch.element-limit = 65536 (default)
2019-09-17 10:13:35,927 [95d6cb39-2a6f-4d2b-8ab1-47b9e22fb0ea@group-2E14F5217065:LeaderElection22] INFO  server.RaftServerConfigKeys (ConfUtils.java:logGet(43)) - raft.server.log.appender.snapshot.chunk.size.max = 16MB (=16777216) (default)
2019-09-17 10:13:35,927 [95d6cb39-2a6f-4d2b-8ab1-47b9e22fb0ea@group-2E14F5217065:LeaderElection22] INFO  server.RaftServerConfigKeys (ConfUtils.java:logGet(43)) - raft.server.log.appender.buffer.byte-limit = 33554432 (custom)
2019-09-17 10:13:35,928 [95d6cb39-2a6f-4d2b-8ab1-47b9e22fb0ea@group-2E14F5217065:LeaderElection22] INFO  server.RaftServerConfigKeys (ConfUtils.java:logGet(43)) - raft.server.log.appender.buffer.element-limit = 1 (custom)
2019-09-17 10:13:35,928 [95d6cb39-2a6f-4d2b-8ab1-47b9e22fb0ea@group-2E14F5217065:LeaderElection22] INFO  grpc.GrpcConfigKeys$Server (ConfUtils.java:logGet(43)) - raft.grpc.server.leader.outstanding.appends.max = 128 (default)
2019-09-17 10:13:35,928 [95d6cb39-2a6f-4d2b-8ab1-47b9e22fb0ea@group-2E14F5217065:LeaderElection22] INFO  server.RaftServerConfigKeys (ConfUtils.java:logGet(43)) - raft.server.rpc.request.timeout = 3000ms (default)
2019-09-17 10:13:35,928 [95d6cb39-2a6f-4d2b-8ab1-47b9e22fb0ea@group-2E14F5217065:LeaderElection22] INFO  server.RaftServerConfigKeys (ConfUtils.java:logGet(43)) - raft.server.log.appender.install.snapshot.enabled = false (custom)
2019-09-17 10:13:35,929 [95d6cb39-2a6f-4d2b-8ab1-47b9e22fb0ea@group-2E14F5217065:LeaderElection22] INFO  server.RaftServerConfigKeys (ConfUtils.java:logGet(43)) - raft.server.log.appender.snapshot.chunk.size.max = 16MB (=16777216) (default)
2019-09-17 10:13:35,929 [95d6cb39-2a6f-4d2b-8ab1-47b9e22fb0ea@group-2E14F5217065:LeaderElection22] INFO  server.RaftServerConfigKeys (ConfUtils.java:logGet(43)) - raft.server.log.appender.buffer.byte-limit = 33554432 (custom)
2019-09-17 10:13:35,929 [95d6cb39-2a6f-4d2b-8ab1-47b9e22fb0ea@group-2E14F5217065:LeaderElection22] INFO  server.RaftServerConfigKeys (ConfUtils.java:logGet(43)) - raft.server.log.appender.buffer.element-limit = 1 (custom)
2019-09-17 10:13:35,929 [95d6cb39-2a6f-4d2b-8ab1-47b9e22fb0ea@group-2E14F5217065:LeaderElection22] INFO  grpc.GrpcConfigKeys$Server (ConfUtils.java:logGet(43)) - raft.grpc.server.leader.outstanding.appends.max = 128 (default)
2019-09-17 10:13:35,929 [95d6cb39-2a6f-4d2b-8ab1-47b9e22fb0ea@group-2E14F5217065:LeaderElection22] INFO  server.RaftServerConfigKeys (ConfUtils.java:logGet(43)) - raft.server.rpc.request.timeout = 3000ms (default)
2019-09-17 10:13:35,929 [95d6cb39-2a6f-4d2b-8ab1-47b9e22fb0ea@group-2E14F5217065:LeaderElection22] INFO  server.RaftServerConfigKeys (ConfUtils.java:logGet(43)) - raft.server.log.appender.install.snapshot.enabled = false (custom)
2019-09-17 10:13:35,930 [95d6cb39-2a6f-4d2b-8ab1-47b9e22fb0ea@group-2E14F5217065:LeaderElection22] INFO  impl.RoleInfo (RoleInfo.java:updateAndGet(143)) - 95d6cb39-2a6f-4d2b-8ab1-47b9e22fb0ea: start LeaderState
2019-09-17 10:13:35,930 [95d6cb39-2a6f-4d2b-8ab1-47b9e22fb0ea@group-2E14F5217065:LeaderElection22] INFO  segmented.SegmentedRaftLogWorker (SegmentedRaftLogWorker.java:startLogSegment(380)) - 95d6cb39-2a6f-4d2b-8ab1-47b9e22fb0ea@group-2E14F5217065-SegmentedRaftLogWorker: Starting segment from index:0
2019-09-17 10:13:35,942 [1303f52d-d2af-4d51-a297-b30474c81d0b@group-C922F90D4541-SegmentedRaftLogWorker] INFO  segmented.SegmentedRaftLogWorker (SegmentedRaftLogWorker.java:execute(569)) - 1303f52d-d2af-4d51-a297-b30474c81d0b@group-C922F90D4541-SegmentedRaftLogWorker: created new log segment /workdir/hadoop-ozone/integration-test/target/test-dir/MiniOzoneClusterImpl-79292457-8b46-4756-affc-c3b1963f1051/datanode-6/data/ratis/02946cee-fb43-4ea8-8058-c922f90d4541/current/log_inprogress_0
2019-09-17 10:13:35,944 [2bed06ad-feb1-4a42-84de-0c97964ae469@group-BB27F83832E4-SegmentedRaftLogWorker] INFO  segmented.SegmentedRaftLogWorker (SegmentedRaftLogWorker.java:execute(569)) - 2bed06ad-feb1-4a42-84de-0c97964ae469@group-BB27F83832E4-SegmentedRaftLogWorker: created new log segment /workdir/hadoop-ozone/integration-test/target/test-dir/MiniOzoneClusterImpl-79292457-8b46-4756-affc-c3b1963f1051/datanode-9/data/ratis/6d65ff06-e079-45f6-91fb-bb27f83832e4/current/log_inprogress_0
2019-09-17 10:13:35,944 [cd7fb81c-86a4-4055-b819-d84d71d1e03b@group-BB27F83832E4-SegmentedRaftLogWorker] INFO  segmented.SegmentedRaftLogWorker (SegmentedRaftLogWorker.java:execute(569)) - cd7fb81c-86a4-4055-b819-d84d71d1e03b@group-BB27F83832E4-SegmentedRaftLogWorker: created new log segment /workdir/hadoop-ozone/integration-test/target/test-dir/MiniOzoneClusterImpl-79292457-8b46-4756-affc-c3b1963f1051/datanode-8/data/ratis/6d65ff06-e079-45f6-91fb-bb27f83832e4/current/log_inprogress_0
2019-09-17 10:13:35,944 [7be722d9-df7a-49b7-8861-987a973deb04@group-C922F90D4541-SegmentedRaftLogWorker] INFO  segmented.SegmentedRaftLogWorker (SegmentedRaftLogWorker.java:execute(569)) - 7be722d9-df7a-49b7-8861-987a973deb04@group-C922F90D4541-SegmentedRaftLogWorker: created new log segment /workdir/hadoop-ozone/integration-test/target/test-dir/MiniOzoneClusterImpl-79292457-8b46-4756-affc-c3b1963f1051/datanode-7/data/ratis/02946cee-fb43-4ea8-8058-c922f90d4541/current/log_inprogress_0
2019-09-17 10:13:35,945 [95d6cb39-2a6f-4d2b-8ab1-47b9e22fb0ea@group-2E14F5217065:LeaderElection22] INFO  impl.RaftServerImpl (ServerState.java:setRaftConf(354)) - 95d6cb39-2a6f-4d2b-8ab1-47b9e22fb0ea@group-2E14F5217065: set configuration 0: [cc01c7d5-5dcf-4408-8cdb-fcf6ab2d1d3a:192.168.34.37:38584, 95d6cb39-2a6f-4d2b-8ab1-47b9e22fb0ea:192.168.34.37:40405, 55583e5a-eaa2-4a32-b956-442090b04083:192.168.34.37:42551], old=null at 0
2019-09-17 10:13:35,985 [grpc-default-executor-13] INFO  impl.RaftServerImpl (ServerState.java:setLeader(253)) - cc01c7d5-5dcf-4408-8cdb-fcf6ab2d1d3a@group-2E14F5217065: change Leader from null to 95d6cb39-2a6f-4d2b-8ab1-47b9e22fb0ea at term 2 for appendEntries, leader elected after 2885ms
2019-09-17 10:13:35,985 [grpc-default-executor-17] INFO  impl.RaftServerImpl (ServerState.java:setLeader(253)) - 55583e5a-eaa2-4a32-b956-442090b04083@group-2E14F5217065: change Leader from null to 95d6cb39-2a6f-4d2b-8ab1-47b9e22fb0ea at term 2 for appendEntries, leader elected after 2886ms
2019-09-17 10:13:35,989 [grpc-default-executor-17] INFO  impl.RaftServerImpl (ServerState.java:setRaftConf(354)) - cc01c7d5-5dcf-4408-8cdb-fcf6ab2d1d3a@group-2E14F5217065: set configuration 0: [cc01c7d5-5dcf-4408-8cdb-fcf6ab2d1d3a:192.168.34.37:38584, 95d6cb39-2a6f-4d2b-8ab1-47b9e22fb0ea:192.168.34.37:40405, 55583e5a-eaa2-4a32-b956-442090b04083:192.168.34.37:42551], old=null at 0
2019-09-17 10:13:35,990 [grpc-default-executor-13] INFO  impl.RaftServerImpl (ServerState.java:setRaftConf(354)) - 55583e5a-eaa2-4a32-b956-442090b04083@group-2E14F5217065: set configuration 0: [cc01c7d5-5dcf-4408-8cdb-fcf6ab2d1d3a:192.168.34.37:38584, 95d6cb39-2a6f-4d2b-8ab1-47b9e22fb0ea:192.168.34.37:40405, 55583e5a-eaa2-4a32-b956-442090b04083:192.168.34.37:42551], old=null at 0
2019-09-17 10:13:35,990 [grpc-default-executor-17] INFO  segmented.SegmentedRaftLogWorker (SegmentedRaftLogWorker.java:startLogSegment(380)) - cc01c7d5-5dcf-4408-8cdb-fcf6ab2d1d3a@group-2E14F5217065-SegmentedRaftLogWorker: Starting segment from index:0
2019-09-17 10:13:35,990 [grpc-default-executor-13] INFO  segmented.SegmentedRaftLogWorker (SegmentedRaftLogWorker.java:startLogSegment(380)) - 55583e5a-eaa2-4a32-b956-442090b04083@group-2E14F5217065-SegmentedRaftLogWorker: Starting segment from index:0
2019-09-17 10:13:35,995 [95d6cb39-2a6f-4d2b-8ab1-47b9e22fb0ea@group-2E14F5217065-SegmentedRaftLogWorker] INFO  segmented.SegmentedRaftLogWorker (SegmentedRaftLogWorker.java:execute(569)) - 95d6cb39-2a6f-4d2b-8ab1-47b9e22fb0ea@group-2E14F5217065-SegmentedRaftLogWorker: created new log segment /workdir/hadoop-ozone/integration-test/target/test-dir/MiniOzoneClusterImpl-79292457-8b46-4756-affc-c3b1963f1051/datanode-3/data/ratis/29db28c8-f8cf-4658-9604-2e14f5217065/current/log_inprogress_0
2019-09-17 10:13:36,038 [cc01c7d5-5dcf-4408-8cdb-fcf6ab2d1d3a@group-2E14F5217065-SegmentedRaftLogWorker] INFO  segmented.SegmentedRaftLogWorker (SegmentedRaftLogWorker.java:execute(569)) - cc01c7d5-5dcf-4408-8cdb-fcf6ab2d1d3a@group-2E14F5217065-SegmentedRaftLogWorker: created new log segment /workdir/hadoop-ozone/integration-test/target/test-dir/MiniOzoneClusterImpl-79292457-8b46-4756-affc-c3b1963f1051/datanode-4/data/ratis/29db28c8-f8cf-4658-9604-2e14f5217065/current/log_inprogress_0
2019-09-17 10:13:36,038 [55583e5a-eaa2-4a32-b956-442090b04083@group-2E14F5217065-SegmentedRaftLogWorker] INFO  segmented.SegmentedRaftLogWorker (SegmentedRaftLogWorker.java:execute(569)) - 55583e5a-eaa2-4a32-b956-442090b04083@group-2E14F5217065-SegmentedRaftLogWorker: created new log segment /workdir/hadoop-ozone/integration-test/target/test-dir/MiniOzoneClusterImpl-79292457-8b46-4756-affc-c3b1963f1051/datanode-5/data/ratis/29db28c8-f8cf-4658-9604-2e14f5217065/current/log_inprogress_0
2019-09-17 10:13:36,368 [grpc-default-executor-8] INFO  client.GrpcClientProtocolClient (GrpcClientProtocolClient.java:onNext(264)) - client-DD787AC5056F->04cd4a9b-51ef-4921-b690-09927bd9ce1f: receive RaftClientReply:client-DD787AC5056F->04cd4a9b-51ef-4921-b690-09927bd9ce1f@group-BB27F83832E4, cid=19, SUCCESS, logIndex=1, commits[04cd4a9b-51ef-4921-b690-09927bd9ce1f:c1, cd7fb81c-86a4-4055-b819-d84d71d1e03b:c0, 2bed06ad-feb1-4a42-84de-0c97964ae469:c0]
2019-09-17 10:13:36,492 [grpc-default-executor-13] INFO  client.GrpcClientProtocolClient (GrpcClientProtocolClient.java:onNext(264)) - client-DD787AC5056F->04cd4a9b-51ef-4921-b690-09927bd9ce1f: receive RaftClientReply:client-DD787AC5056F->04cd4a9b-51ef-4921-b690-09927bd9ce1f@group-BB27F83832E4, cid=20, SUCCESS, logIndex=3, commits[04cd4a9b-51ef-4921-b690-09927bd9ce1f:c8, cd7fb81c-86a4-4055-b819-d84d71d1e03b:c6, 2bed06ad-feb1-4a42-84de-0c97964ae469:c5]
2019-09-17 10:13:36,498 [grpc-default-executor-13] INFO  client.GrpcClientProtocolClient (GrpcClientProtocolClient.java:onNext(264)) - client-DD787AC5056F->04cd4a9b-51ef-4921-b690-09927bd9ce1f: receive RaftClientReply:client-DD787AC5056F->04cd4a9b-51ef-4921-b690-09927bd9ce1f@group-BB27F83832E4, cid=21, SUCCESS, logIndex=4, commits[04cd4a9b-51ef-4921-b690-09927bd9ce1f:c8, cd7fb81c-86a4-4055-b819-d84d71d1e03b:c6, 2bed06ad-feb1-4a42-84de-0c97964ae469:c5]
2019-09-17 10:13:36,595 [grpc-default-executor-13] INFO  client.GrpcClientProtocolClient (GrpcClientProtocolClient.java:onNext(264)) - client-DD787AC5056F->04cd4a9b-51ef-4921-b690-09927bd9ce1f: receive RaftClientReply:client-DD787AC5056F->04cd4a9b-51ef-4921-b690-09927bd9ce1f@group-BB27F83832E4, cid=22, SUCCESS, logIndex=5, commits[04cd4a9b-51ef-4921-b690-09927bd9ce1f:c8, cd7fb81c-86a4-4055-b819-d84d71d1e03b:c6, 2bed06ad-feb1-4a42-84de-0c97964ae469:c5]
2019-09-17 10:13:36,639 [grpc-default-executor-17] INFO  client.GrpcClientProtocolClient (GrpcClientProtocolClient.java:onNext(264)) - client-DD787AC5056F->04cd4a9b-51ef-4921-b690-09927bd9ce1f: receive RaftClientReply:client-DD787AC5056F->04cd4a9b-51ef-4921-b690-09927bd9ce1f@group-BB27F83832E4, cid=23, SUCCESS, logIndex=9, commits[04cd4a9b-51ef-4921-b690-09927bd9ce1f:c10, cd7fb81c-86a4-4055-b819-d84d71d1e03b:c8, 2bed06ad-feb1-4a42-84de-0c97964ae469:c8]
2019-09-17 10:13:36,640 [grpc-default-executor-17] INFO  client.GrpcClientProtocolClient (GrpcClientProtocolClient.java:onNext(264)) - client-DD787AC5056F->04cd4a9b-51ef-4921-b690-09927bd9ce1f: receive RaftClientReply:client-DD787AC5056F->04cd4a9b-51ef-4921-b690-09927bd9ce1f@group-BB27F83832E4, cid=24, SUCCESS, logIndex=10, commits[04cd4a9b-51ef-4921-b690-09927bd9ce1f:c10, cd7fb81c-86a4-4055-b819-d84d71d1e03b:c8, 2bed06ad-feb1-4a42-84de-0c97964ae469:c8]
2019-09-17 10:13:36,649 [grpc-default-executor-17] INFO  client.GrpcClientProtocolClient (GrpcClientProtocolClient.java:onNext(264)) - client-DD787AC5056F->04cd4a9b-51ef-4921-b690-09927bd9ce1f: receive RaftClientReply:client-DD787AC5056F->04cd4a9b-51ef-4921-b690-09927bd9ce1f@group-BB27F83832E4, cid=25, SUCCESS, logIndex=11, commits[04cd4a9b-51ef-4921-b690-09927bd9ce1f:c13, cd7fb81c-86a4-4055-b819-d84d71d1e03b:c10, 2bed06ad-feb1-4a42-84de-0c97964ae469:c8]
2019-09-17 10:13:36,650 [grpc-default-executor-17] INFO  client.GrpcClientProtocolClient (GrpcClientProtocolClient.java:onNext(264)) - client-DD787AC5056F->04cd4a9b-51ef-4921-b690-09927bd9ce1f: receive RaftClientReply:client-DD787AC5056F->04cd4a9b-51ef-4921-b690-09927bd9ce1f@group-BB27F83832E4, cid=26, SUCCESS, logIndex=12, commits[04cd4a9b-51ef-4921-b690-09927bd9ce1f:c14, cd7fb81c-86a4-4055-b819-d84d71d1e03b:c10, 2bed06ad-feb1-4a42-84de-0c97964ae469:c10]
2019-09-17 10:13:36,672 [grpc-default-executor-17] INFO  client.GrpcClientProtocolClient (GrpcClientProtocolClient.java:onNext(264)) - client-DD787AC5056F->04cd4a9b-51ef-4921-b690-09927bd9ce1f: receive RaftClientReply:client-DD787AC5056F->04cd4a9b-51ef-4921-b690-09927bd9ce1f@group-BB27F83832E4, cid=27, SUCCESS, logIndex=0, commits[04cd4a9b-51ef-4921-b690-09927bd9ce1f:c16, cd7fb81c-86a4-4055-b819-d84d71d1e03b:c13, 2bed06ad-feb1-4a42-84de-0c97964ae469:c13]
2019-09-17 10:13:39,690 [java.util.concurrent.ThreadPoolExecutor$Worker@2b753c64[State = -1, empty queue]] WARN  server.GrpcLogAppender (GrpcLogAppender.java:timeoutAppendRequest(200)) - 04cd4a9b-51ef-4921-b690-09927bd9ce1f@group-BB27F83832E4->2bed06ad-feb1-4a42-84de-0c97964ae469-GrpcLogAppender: appendEntries Timeout, request=04cd4a9b-51ef-4921-b690-09927bd9ce1f->2bed06ad-feb1-4a42-84de-0c97964ae469#18-t2, previous=(t:2, i:16), leaderCommit=16, initializing? false, entries: size=1, first=(t:2, i:17), STATEMACHINELOGENTRY, client-DD787AC5056F, cid=28
2019-09-17 10:13:39,690 [java.util.concurrent.ThreadPoolExecutor$Worker@ffdc692[State = -1, empty queue]] WARN  server.GrpcLogAppender (GrpcLogAppender.java:timeoutAppendRequest(200)) - 04cd4a9b-51ef-4921-b690-09927bd9ce1f@group-BB27F83832E4->cd7fb81c-86a4-4055-b819-d84d71d1e03b-GrpcLogAppender: appendEntries Timeout, request=04cd4a9b-51ef-4921-b690-09927bd9ce1f->cd7fb81c-86a4-4055-b819-d84d71d1e03b#18-t2, previous=(t:2, i:16), leaderCommit=16, initializing? false, entries: size=1, first=(t:2, i:17), STATEMACHINELOGENTRY, client-DD787AC5056F, cid=28
2019-09-17 10:13:39,703 [java.util.concurrent.ThreadPoolExecutor$Worker@2b753c64[State = -1, empty queue]] WARN  server.GrpcLogAppender (GrpcLogAppender.java:timeoutAppendRequest(200)) - 04cd4a9b-51ef-4921-b690-09927bd9ce1f@group-BB27F83832E4->2bed06ad-feb1-4a42-84de-0c97964ae469-GrpcLogAppender: appendEntries Timeout, request=04cd4a9b-51ef-4921-b690-09927bd9ce1f->2bed06ad-feb1-4a42-84de-0c97964ae469#19-t2, previous=(t:2, i:17), leaderCommit=16, initializing? false, entries: size=1, first=(t:2, i:18), STATEMACHINELOGENTRY, client-DD787AC5056F, cid=29
2019-09-17 10:13:39,708 [java.util.concurrent.ThreadPoolExecutor$Worker@ffdc692[State = -1, empty queue]] WARN  server.GrpcLogAppender (GrpcLogAppender.java:timeoutAppendRequest(200)) - 04cd4a9b-51ef-4921-b690-09927bd9ce1f@group-BB27F83832E4->cd7fb81c-86a4-4055-b819-d84d71d1e03b-GrpcLogAppender: appendEntries Timeout, request=04cd4a9b-51ef-4921-b690-09927bd9ce1f->cd7fb81c-86a4-4055-b819-d84d71d1e03b#19-t2, previous=(t:2, i:17), leaderCommit=16, initializing? false, entries: size=1, first=(t:2, i:18), STATEMACHINELOGENTRY, client-DD787AC5056F, cid=29
2019-09-17 10:13:39,711 [java.util.concurrent.ThreadPoolExecutor$Worker@2b753c64[State = -1, empty queue]] WARN  server.GrpcLogAppender (GrpcLogAppender.java:timeoutAppendRequest(200)) - 04cd4a9b-51ef-4921-b690-09927bd9ce1f@group-BB27F83832E4->2bed06ad-feb1-4a42-84de-0c97964ae469-GrpcLogAppender: appendEntries Timeout, request=04cd4a9b-51ef-4921-b690-09927bd9ce1f->2bed06ad-feb1-4a42-84de-0c97964ae469#20-t2, previous=(t:2, i:18), leaderCommit=16, initializing? false, entries: size=1, first=(t:2, i:19), STATEMACHINELOGENTRY, client-DD787AC5056F, cid=30
2019-09-17 10:13:39,714 [java.util.concurrent.ThreadPoolExecutor$Worker@ffdc692[State = -1, empty queue]] WARN  server.GrpcLogAppender (GrpcLogAppender.java:timeoutAppendRequest(200)) - 04cd4a9b-51ef-4921-b690-09927bd9ce1f@group-BB27F83832E4->cd7fb81c-86a4-4055-b819-d84d71d1e03b-GrpcLogAppender: appendEntries Timeout, request=04cd4a9b-51ef-4921-b690-09927bd9ce1f->cd7fb81c-86a4-4055-b819-d84d71d1e03b#20-t2, previous=(t:2, i:18), leaderCommit=16, initializing? false, entries: size=1, first=(t:2, i:19), STATEMACHINELOGENTRY, client-DD787AC5056F, cid=30
2019-09-17 10:13:39,716 [java.util.concurrent.ThreadPoolExecutor$Worker@2b753c64[State = -1, empty queue]] WARN  server.GrpcLogAppender (GrpcLogAppender.java:timeoutAppendRequest(200)) - 04cd4a9b-51ef-4921-b690-09927bd9ce1f@group-BB27F83832E4->2bed06ad-feb1-4a42-84de-0c97964ae469-GrpcLogAppender: appendEntries Timeout, request=04cd4a9b-51ef-4921-b690-09927bd9ce1f->2bed06ad-feb1-4a42-84de-0c97964ae469#21-t2, previous=(t:2, i:19), leaderCommit=16, initializing? false, entries: size=1, first=(t:2, i:20), STATEMACHINELOGENTRY, client-DD787AC5056F, cid=31
2019-09-17 10:13:39,722 [java.util.concurrent.ThreadPoolExecutor$Worker@ffdc692[State = -1, empty queue]] WARN  server.GrpcLogAppender (GrpcLogAppender.java:timeoutAppendRequest(200)) - 04cd4a9b-51ef-4921-b690-09927bd9ce1f@group-BB27F83832E4->cd7fb81c-86a4-4055-b819-d84d71d1e03b-GrpcLogAppender: appendEntries Timeout, request=04cd4a9b-51ef-4921-b690-09927bd9ce1f->cd7fb81c-86a4-4055-b819-d84d71d1e03b#21-t2, previous=(t:2, i:19), leaderCommit=16, initializing? false, entries: size=1, first=(t:2, i:20), STATEMACHINELOGENTRY, client-DD787AC5056F, cid=31
2019-09-17 10:13:40,201 [java.util.concurrent.ThreadPoolExecutor$Worker@2b753c64[State = -1, empty queue]] WARN  server.GrpcLogAppender (GrpcLogAppender.java:timeoutAppendRequest(200)) - 04cd4a9b-51ef-4921-b690-09927bd9ce1f@group-BB27F83832E4->2bed06ad-feb1-4a42-84de-0c97964ae469-GrpcLogAppender: appendEntries Timeout, request=04cd4a9b-51ef-4921-b690-09927bd9ce1f->2bed06ad-feb1-4a42-84de-0c97964ae469#22-t2, previous=(t:2, i:20), leaderCommit=16, initializing? false, entries: <empty>
2019-09-17 10:13:40,201 [java.util.concurrent.ThreadPoolExecutor$Worker@ffdc692[State = -1, empty queue]] WARN  server.GrpcLogAppender (GrpcLogAppender.java:timeoutAppendRequest(200)) - 04cd4a9b-51ef-4921-b690-09927bd9ce1f@group-BB27F83832E4->cd7fb81c-86a4-4055-b819-d84d71d1e03b-GrpcLogAppender: appendEntries Timeout, request=04cd4a9b-51ef-4921-b690-09927bd9ce1f->cd7fb81c-86a4-4055-b819-d84d71d1e03b#22-t2, previous=(t:2, i:20), leaderCommit=16, initializing? false, entries: <empty>
2019-09-17 10:13:40,702 [java.util.concurrent.ThreadPoolExecutor$Worker@ffdc692[State = -1, empty queue]] WARN  server.GrpcLogAppender (GrpcLogAppender.java:timeoutAppendRequest(200)) - 04cd4a9b-51ef-4921-b690-09927bd9ce1f@group-BB27F83832E4->cd7fb81c-86a4-4055-b819-d84d71d1e03b-GrpcLogAppender: appendEntries Timeout, request=04cd4a9b-51ef-4921-b690-09927bd9ce1f->cd7fb81c-86a4-4055-b819-d84d71d1e03b#23-t2, previous=(t:2, i:20), leaderCommit=16, initializing? false, entries: <empty>
2019-09-17 10:13:40,702 [java.util.concurrent.ThreadPoolExecutor$Worker@2b753c64[State = -1, empty queue]] WARN  server.GrpcLogAppender (GrpcLogAppender.java:timeoutAppendRequest(200)) - 04cd4a9b-51ef-4921-b690-09927bd9ce1f@group-BB27F83832E4->2bed06ad-feb1-4a42-84de-0c97964ae469-GrpcLogAppender: appendEntries Timeout, request=04cd4a9b-51ef-4921-b690-09927bd9ce1f->2bed06ad-feb1-4a42-84de-0c97964ae469#23-t2, previous=(t:2, i:20), leaderCommit=16, initializing? false, entries: <empty>
2019-09-17 10:13:41,203 [java.util.concurrent.ThreadPoolExecutor$Worker@ffdc692[State = -1, empty queue]] WARN  server.GrpcLogAppender (GrpcLogAppender.java:timeoutAppendRequest(200)) - 04cd4a9b-51ef-4921-b690-09927bd9ce1f@group-BB27F83832E4->cd7fb81c-86a4-4055-b819-d84d71d1e03b-GrpcLogAppender: appendEntries Timeout, request=04cd4a9b-51ef-4921-b690-09927bd9ce1f->cd7fb81c-86a4-4055-b819-d84d71d1e03b#24-t2, previous=(t:2, i:20), leaderCommit=16, initializing? false, entries: <empty>
2019-09-17 10:13:41,203 [java.util.concurrent.ThreadPoolExecutor$Worker@2b753c64[State = -1, empty queue]] WARN  server.GrpcLogAppender (GrpcLogAppender.java:timeoutAppendRequest(200)) - 04cd4a9b-51ef-4921-b690-09927bd9ce1f@group-BB27F83832E4->2bed06ad-feb1-4a42-84de-0c97964ae469-GrpcLogAppender: appendEntries Timeout, request=04cd4a9b-51ef-4921-b690-09927bd9ce1f->2bed06ad-feb1-4a42-84de-0c97964ae469#24-t2, previous=(t:2, i:20), leaderCommit=16, initializing? false, entries: <empty>
2019-09-17 10:13:41,703 [java.util.concurrent.ThreadPoolExecutor$Worker@2b753c64[State = -1, empty queue]] WARN  server.GrpcLogAppender (GrpcLogAppender.java:timeoutAppendRequest(200)) - 04cd4a9b-51ef-4921-b690-09927bd9ce1f@group-BB27F83832E4->2bed06ad-feb1-4a42-84de-0c97964ae469-GrpcLogAppender: appendEntries Timeout, request=04cd4a9b-51ef-4921-b690-09927bd9ce1f->2bed06ad-feb1-4a42-84de-0c97964ae469#25-t2, previous=(t:2, i:20), leaderCommit=16, initializing? false, entries: <empty>
2019-09-17 10:13:41,703 [java.util.concurrent.ThreadPoolExecutor$Worker@ffdc692[State = -1, empty queue]] WARN  server.GrpcLogAppender (GrpcLogAppender.java:timeoutAppendRequest(200)) - 04cd4a9b-51ef-4921-b690-09927bd9ce1f@group-BB27F83832E4->cd7fb81c-86a4-4055-b819-d84d71d1e03b-GrpcLogAppender: appendEntries Timeout, request=04cd4a9b-51ef-4921-b690-09927bd9ce1f->cd7fb81c-86a4-4055-b819-d84d71d1e03b#25-t2, previous=(t:2, i:20), leaderCommit=16, initializing? false, entries: <empty>
2019-09-17 10:13:41,766 [grpc-default-executor-8] INFO  client.GrpcClientProtocolClient (GrpcClientProtocolClient.java:onNext(264)) - client-DD787AC5056F->2bed06ad-feb1-4a42-84de-0c97964ae469: receive RaftClientReply:client-DD787AC5056F->2bed06ad-feb1-4a42-84de-0c97964ae469@group-BB27F83832E4, cid=28, FAILED org.apache.ratis.protocol.NotLeaderException: Server 2bed06ad-feb1-4a42-84de-0c97964ae469@group-BB27F83832E4 is not the leader 04cd4a9b-51ef-4921-b690-09927bd9ce1f:192.168.34.37:32905, logIndex=0, commits[2bed06ad-feb1-4a42-84de-0c97964ae469:c16, cd7fb81c-86a4-4055-b819-d84d71d1e03b:c13, 04cd4a9b-51ef-4921-b690-09927bd9ce1f:c16]
2019-09-17 10:13:42,204 [java.util.concurrent.ThreadPoolExecutor$Worker@ffdc692[State = -1, empty queue]] WARN  server.GrpcLogAppender (GrpcLogAppender.java:timeoutAppendRequest(200)) - 04cd4a9b-51ef-4921-b690-09927bd9ce1f@group-BB27F83832E4->cd7fb81c-86a4-4055-b819-d84d71d1e03b-GrpcLogAppender: appendEntries Timeout, request=04cd4a9b-51ef-4921-b690-09927bd9ce1f->cd7fb81c-86a4-4055-b819-d84d71d1e03b#26-t2, previous=(t:2, i:20), leaderCommit=16, initializing? false, entries: <empty>
2019-09-17 10:13:42,204 [java.util.concurrent.ThreadPoolExecutor$Worker@2b753c64[State = -1, empty queue]] WARN  server.GrpcLogAppender (GrpcLogAppender.java:timeoutAppendRequest(200)) - 04cd4a9b-51ef-4921-b690-09927bd9ce1f@group-BB27F83832E4->2bed06ad-feb1-4a42-84de-0c97964ae469-GrpcLogAppender: appendEntries Timeout, request=04cd4a9b-51ef-4921-b690-09927bd9ce1f->2bed06ad-feb1-4a42-84de-0c97964ae469#26-t2, previous=(t:2, i:20), leaderCommit=16, initializing? false, entries: <empty>
2019-09-17 10:13:42,711 [java.util.concurrent.ThreadPoolExecutor$Worker@ffdc692[State = -1, empty queue]] WARN  server.GrpcLogAppender (GrpcLogAppender.java:timeoutAppendRequest(200)) - 04cd4a9b-51ef-4921-b690-09927bd9ce1f@group-BB27F83832E4->cd7fb81c-86a4-4055-b819-d84d71d1e03b-GrpcLogAppender: appendEntries Timeout, request=04cd4a9b-51ef-4921-b690-09927bd9ce1f->cd7fb81c-86a4-4055-b819-d84d71d1e03b#27-t2, previous=(t:2, i:20), leaderCommit=16, initializing? false, entries: <empty>
2019-09-17 10:13:42,711 [java.util.concurrent.ThreadPoolExecutor$Worker@2b753c64[State = -1, empty queue]] WARN  server.GrpcLogAppender (GrpcLogAppender.java:timeoutAppendRequest(200)) - 04cd4a9b-51ef-4921-b690-09927bd9ce1f@group-BB27F83832E4->2bed06ad-feb1-4a42-84de-0c97964ae469-GrpcLogAppender: appendEntries Timeout, request=04cd4a9b-51ef-4921-b690-09927bd9ce1f->2bed06ad-feb1-4a42-84de-0c97964ae469#27-t2, previous=(t:2, i:20), leaderCommit=16, initializing? false, entries: <empty>
2019-09-17 10:13:43,212 [java.util.concurrent.ThreadPoolExecutor$Worker@ffdc692[State = -1, empty queue]] WARN  server.GrpcLogAppender (GrpcLogAppender.java:timeoutAppendRequest(200)) - 04cd4a9b-51ef-4921-b690-09927bd9ce1f@group-BB27F83832E4->cd7fb81c-86a4-4055-b819-d84d71d1e03b-GrpcLogAppender: appendEntries Timeout, request=04cd4a9b-51ef-4921-b690-09927bd9ce1f->cd7fb81c-86a4-4055-b819-d84d71d1e03b#28-t2, previous=(t:2, i:20), leaderCommit=16, initializing? false, entries: <empty>
2019-09-17 10:13:43,212 [java.util.concurrent.ThreadPoolExecutor$Worker@2b753c64[State = -1, empty queue]] WARN  server.GrpcLogAppender (GrpcLogAppender.java:timeoutAppendRequest(200)) - 04cd4a9b-51ef-4921-b690-09927bd9ce1f@group-BB27F83832E4->2bed06ad-feb1-4a42-84de-0c97964ae469-GrpcLogAppender: appendEntries Timeout, request=04cd4a9b-51ef-4921-b690-09927bd9ce1f->2bed06ad-feb1-4a42-84de-0c97964ae469#28-t2, previous=(t:2, i:20), leaderCommit=16, initializing? false, entries: <empty>
2019-09-17 10:13:43,713 [java.util.concurrent.ThreadPoolExecutor$Worker@ffdc692[State = -1, empty queue]] WARN  server.GrpcLogAppender (GrpcLogAppender.java:timeoutAppendRequest(200)) - 04cd4a9b-51ef-4921-b690-09927bd9ce1f@group-BB27F83832E4->cd7fb81c-86a4-4055-b819-d84d71d1e03b-GrpcLogAppender: appendEntries Timeout, request=04cd4a9b-51ef-4921-b690-09927bd9ce1f->cd7fb81c-86a4-4055-b819-d84d71d1e03b#29-t2, previous=(t:2, i:20), leaderCommit=16, initializing? false, entries: <empty>
2019-09-17 10:13:43,713 [java.util.concurrent.ThreadPoolExecutor$Worker@2b753c64[State = -1, empty queue]] WARN  server.GrpcLogAppender (GrpcLogAppender.java:timeoutAppendRequest(200)) - 04cd4a9b-51ef-4921-b690-09927bd9ce1f@group-BB27F83832E4->2bed06ad-feb1-4a42-84de-0c97964ae469-GrpcLogAppender: appendEntries Timeout, request=04cd4a9b-51ef-4921-b690-09927bd9ce1f->2bed06ad-feb1-4a42-84de-0c97964ae469#29-t2, previous=(t:2, i:20), leaderCommit=16, initializing? false, entries: <empty>
2019-09-17 10:13:44,213 [java.util.concurrent.ThreadPoolExecutor$Worker@ffdc692[State = -1, empty queue]] WARN  server.GrpcLogAppender (GrpcLogAppender.java:timeoutAppendRequest(200)) - 04cd4a9b-51ef-4921-b690-09927bd9ce1f@group-BB27F83832E4->cd7fb81c-86a4-4055-b819-d84d71d1e03b-GrpcLogAppender: appendEntries Timeout, request=04cd4a9b-51ef-4921-b690-09927bd9ce1f->cd7fb81c-86a4-4055-b819-d84d71d1e03b#30-t2, previous=(t:2, i:20), leaderCommit=16, initializing? false, entries: <empty>
2019-09-17 10:13:44,213 [java.util.concurrent.ThreadPoolExecutor$Worker@2b753c64[State = -1, empty queue]] WARN  server.GrpcLogAppender (GrpcLogAppender.java:timeoutAppendRequest(200)) - 04cd4a9b-51ef-4921-b690-09927bd9ce1f@group-BB27F83832E4->2bed06ad-feb1-4a42-84de-0c97964ae469-GrpcLogAppender: appendEntries Timeout, request=04cd4a9b-51ef-4921-b690-09927bd9ce1f->2bed06ad-feb1-4a42-84de-0c97964ae469#30-t2, previous=(t:2, i:20), leaderCommit=16, initializing? false, entries: <empty>
2019-09-17 10:13:44,714 [java.util.concurrent.ThreadPoolExecutor$Worker@ffdc692[State = -1, empty queue]] WARN  server.GrpcLogAppender (GrpcLogAppender.java:timeoutAppendRequest(200)) - 04cd4a9b-51ef-4921-b690-09927bd9ce1f@group-BB27F83832E4->cd7fb81c-86a4-4055-b819-d84d71d1e03b-GrpcLogAppender: appendEntries Timeout, request=04cd4a9b-51ef-4921-b690-09927bd9ce1f->cd7fb81c-86a4-4055-b819-d84d71d1e03b#31-t2, previous=(t:2, i:20), leaderCommit=16, initializing? false, entries: <empty>
2019-09-17 10:13:44,714 [java.util.concurrent.ThreadPoolExecutor$Worker@2b753c64[State = -1, empty queue]] WARN  server.GrpcLogAppender (GrpcLogAppender.java:timeoutAppendRequest(200)) - 04cd4a9b-51ef-4921-b690-09927bd9ce1f@group-BB27F83832E4->2bed06ad-feb1-4a42-84de-0c97964ae469-GrpcLogAppender: appendEntries Timeout, request=04cd4a9b-51ef-4921-b690-09927bd9ce1f->2bed06ad-feb1-4a42-84de-0c97964ae469#31-t2, previous=(t:2, i:20), leaderCommit=16, initializing? false, entries: <empty>
2019-09-17 10:13:45,214 [java.util.concurrent.ThreadPoolExecutor$Worker@ffdc692[State = -1, empty queue]] WARN  server.GrpcLogAppender (GrpcLogAppender.java:timeoutAppendRequest(200)) - 04cd4a9b-51ef-4921-b690-09927bd9ce1f@group-BB27F83832E4->cd7fb81c-86a4-4055-b819-d84d71d1e03b-GrpcLogAppender: appendEntries Timeout, request=04cd4a9b-51ef-4921-b690-09927bd9ce1f->cd7fb81c-86a4-4055-b819-d84d71d1e03b#32-t2, previous=(t:2, i:20), leaderCommit=16, initializing? false, entries: <empty>
2019-09-17 10:13:45,214 [java.util.concurrent.ThreadPoolExecutor$Worker@2b753c64[State = -1, empty queue]] WARN  server.GrpcLogAppender (GrpcLogAppender.java:timeoutAppendRequest(200)) - 04cd4a9b-51ef-4921-b690-09927bd9ce1f@group-BB27F83832E4->2bed06ad-feb1-4a42-84de-0c97964ae469-GrpcLogAppender: appendEntries Timeout, request=04cd4a9b-51ef-4921-b690-09927bd9ce1f->2bed06ad-feb1-4a42-84de-0c97964ae469#32-t2, previous=(t:2, i:20), leaderCommit=16, initializing? false, entries: <empty>
2019-09-17 10:13:45,715 [java.util.concurrent.ThreadPoolExecutor$Worker@ffdc692[State = -1, empty queue]] WARN  server.GrpcLogAppender (GrpcLogAppender.java:timeoutAppendRequest(200)) - 04cd4a9b-51ef-4921-b690-09927bd9ce1f@group-BB27F83832E4->cd7fb81c-86a4-4055-b819-d84d71d1e03b-GrpcLogAppender: appendEntries Timeout, request=04cd4a9b-51ef-4921-b690-09927bd9ce1f->cd7fb81c-86a4-4055-b819-d84d71d1e03b#33-t2, previous=(t:2, i:20), leaderCommit=16, initializing? false, entries: <empty>
2019-09-17 10:13:45,715 [java.util.concurrent.ThreadPoolExecutor$Worker@2b753c64[State = -1, empty queue]] WARN  server.GrpcLogAppender (GrpcLogAppender.java:timeoutAppendRequest(200)) - 04cd4a9b-51ef-4921-b690-09927bd9ce1f@group-BB27F83832E4->2bed06ad-feb1-4a42-84de-0c97964ae469-GrpcLogAppender: appendEntries Timeout, request=04cd4a9b-51ef-4921-b690-09927bd9ce1f->2bed06ad-feb1-4a42-84de-0c97964ae469#33-t2, previous=(t:2, i:20), leaderCommit=16, initializing? false, entries: <empty>
2019-09-17 10:13:46,215 [java.util.concurrent.ThreadPoolExecutor$Worker@ffdc692[State = -1, empty queue]] WARN  server.GrpcLogAppender (GrpcLogAppender.java:timeoutAppendRequest(200)) - 04cd4a9b-51ef-4921-b690-09927bd9ce1f@group-BB27F83832E4->cd7fb81c-86a4-4055-b819-d84d71d1e03b-GrpcLogAppender: appendEntries Timeout, request=04cd4a9b-51ef-4921-b690-09927bd9ce1f->cd7fb81c-86a4-4055-b819-d84d71d1e03b#34-t2, previous=(t:2, i:20), leaderCommit=16, initializing? false, entries: <empty>
2019-09-17 10:13:46,216 [java.util.concurrent.ThreadPoolExecutor$Worker@2b753c64[State = -1, empty queue]] WARN  server.GrpcLogAppender (GrpcLogAppender.java:timeoutAppendRequest(200)) - 04cd4a9b-51ef-4921-b690-09927bd9ce1f@group-BB27F83832E4->2bed06ad-feb1-4a42-84de-0c97964ae469-GrpcLogAppender: appendEntries Timeout, request=04cd4a9b-51ef-4921-b690-09927bd9ce1f->2bed06ad-feb1-4a42-84de-0c97964ae469#34-t2, previous=(t:2, i:20), leaderCommit=16, initializing? false, entries: <empty>
2019-09-17 10:13:46,716 [java.util.concurrent.ThreadPoolExecutor$Worker@2b753c64[State = -1, empty queue]] WARN  server.GrpcLogAppender (GrpcLogAppender.java:timeoutAppendRequest(200)) - 04cd4a9b-51ef-4921-b690-09927bd9ce1f@group-BB27F83832E4->2bed06ad-feb1-4a42-84de-0c97964ae469-GrpcLogAppender: appendEntries Timeout, request=04cd4a9b-51ef-4921-b690-09927bd9ce1f->2bed06ad-feb1-4a42-84de-0c97964ae469#35-t2, previous=(t:2, i:20), leaderCommit=16, initializing? false, entries: <empty>
2019-09-17 10:13:46,716 [java.util.concurrent.ThreadPoolExecutor$Worker@ffdc692[State = -1, empty queue]] WARN  server.GrpcLogAppender (GrpcLogAppender.java:timeoutAppendRequest(200)) - 04cd4a9b-51ef-4921-b690-09927bd9ce1f@group-BB27F83832E4->cd7fb81c-86a4-4055-b819-d84d71d1e03b-GrpcLogAppender: appendEntries Timeout, request=04cd4a9b-51ef-4921-b690-09927bd9ce1f->cd7fb81c-86a4-4055-b819-d84d71d1e03b#35-t2, previous=(t:2, i:20), leaderCommit=16, initializing? false, entries: <empty>
2019-09-17 10:13:46,801 [04cd4a9b-51ef-4921-b690-09927bd9ce1f@group-BB27F83832E4-SegmentedRaftLogWorker] WARN  segmented.SegmentedRaftLogWorker (SegmentedRaftLogWorker.java:getFromFuture(90)) - Timeout 0/~
org.apache.ratis.protocol.TimeoutIOException: Timeout 10s: WriteLog:19: (t:2, i:19), STATEMACHINELOGENTRY, client-DD787AC5056F, cid=30-writeStateMachineData
	at org.apache.ratis.util.IOUtils.getFromFuture(IOUtils.java:87)
	at org.apache.ratis.server.raftlog.segmented.SegmentedRaftLogWorker$StateMachineDataPolicy.getFromFuture(SegmentedRaftLogWorker.java:87)
	at org.apache.ratis.server.raftlog.segmented.SegmentedRaftLogWorker$WriteLog.execute(SegmentedRaftLogWorker.java:477)
	at org.apache.ratis.server.raftlog.segmented.SegmentedRaftLogWorker.run(SegmentedRaftLogWorker.java:289)
	at java.lang.Thread.run(Thread.java:748)
Caused by: java.util.concurrent.TimeoutException
	at java.util.concurrent.CompletableFuture.timedGet(CompletableFuture.java:1771)
	at java.util.concurrent.CompletableFuture.get(CompletableFuture.java:1915)
	at org.apache.ratis.util.IOUtils.getFromFuture(IOUtils.java:79)
	... 4 more
2019-09-17 10:13:46,801 [2bed06ad-feb1-4a42-84de-0c97964ae469@group-BB27F83832E4-SegmentedRaftLogWorker] WARN  segmented.SegmentedRaftLogWorker (SegmentedRaftLogWorker.java:getFromFuture(90)) - Timeout 0/~
org.apache.ratis.protocol.TimeoutIOException: Timeout 10s: WriteLog:19: (t:2, i:19), STATEMACHINELOGENTRY, client-DD787AC5056F, cid=30-writeStateMachineData
	at org.apache.ratis.util.IOUtils.getFromFuture(IOUtils.java:87)
	at org.apache.ratis.server.raftlog.segmented.SegmentedRaftLogWorker$StateMachineDataPolicy.getFromFuture(SegmentedRaftLogWorker.java:87)
	at org.apache.ratis.server.raftlog.segmented.SegmentedRaftLogWorker$WriteLog.execute(SegmentedRaftLogWorker.java:477)
	at org.apache.ratis.server.raftlog.segmented.SegmentedRaftLogWorker.run(SegmentedRaftLogWorker.java:289)
	at java.lang.Thread.run(Thread.java:748)
Caused by: java.util.concurrent.TimeoutException
	at java.util.concurrent.CompletableFuture.timedGet(CompletableFuture.java:1771)
	at java.util.concurrent.CompletableFuture.get(CompletableFuture.java:1915)
	at org.apache.ratis.util.IOUtils.getFromFuture(IOUtils.java:79)
	... 4 more
2019-09-17 10:13:46,801 [cd7fb81c-86a4-4055-b819-d84d71d1e03b@group-BB27F83832E4-SegmentedRaftLogWorker] WARN  segmented.SegmentedRaftLogWorker (SegmentedRaftLogWorker.java:getFromFuture(90)) - Timeout 0/~
org.apache.ratis.protocol.TimeoutIOException: Timeout 10s: WriteLog:19: (t:2, i:19), STATEMACHINELOGENTRY, client-DD787AC5056F, cid=30-writeStateMachineData
	at org.apache.ratis.util.IOUtils.getFromFuture(IOUtils.java:87)
	at org.apache.ratis.server.raftlog.segmented.SegmentedRaftLogWorker$StateMachineDataPolicy.getFromFuture(SegmentedRaftLogWorker.java:87)
	at org.apache.ratis.server.raftlog.segmented.SegmentedRaftLogWorker$WriteLog.execute(SegmentedRaftLogWorker.java:477)
	at org.apache.ratis.server.raftlog.segmented.SegmentedRaftLogWorker.run(SegmentedRaftLogWorker.java:289)
	at java.lang.Thread.run(Thread.java:748)
Caused by: java.util.concurrent.TimeoutException
	at java.util.concurrent.CompletableFuture.timedGet(CompletableFuture.java:1771)
	at java.util.concurrent.CompletableFuture.get(CompletableFuture.java:1915)
	at org.apache.ratis.util.IOUtils.getFromFuture(IOUtils.java:79)
	... 4 more
2019-09-17 10:13:46,857 [grpc-default-executor-8] INFO  client.GrpcClientProtocolClient (GrpcClientProtocolClient.java:onNext(264)) - client-DD787AC5056F->cd7fb81c-86a4-4055-b819-d84d71d1e03b: receive RaftClientReply:client-DD787AC5056F->cd7fb81c-86a4-4055-b819-d84d71d1e03b@group-BB27F83832E4, cid=28, FAILED org.apache.ratis.protocol.NotLeaderException: Server cd7fb81c-86a4-4055-b819-d84d71d1e03b@group-BB27F83832E4 is not the leader 04cd4a9b-51ef-4921-b690-09927bd9ce1f:192.168.34.37:32905, logIndex=0, commits[cd7fb81c-86a4-4055-b819-d84d71d1e03b:c16, 04cd4a9b-51ef-4921-b690-09927bd9ce1f:c16, 2bed06ad-feb1-4a42-84de-0c97964ae469:c13]
2019-09-17 10:13:47,216 [java.util.concurrent.ThreadPoolExecutor$Worker@2b753c64[State = -1, empty queue]] WARN  server.GrpcLogAppender (GrpcLogAppender.java:timeoutAppendRequest(200)) - 04cd4a9b-51ef-4921-b690-09927bd9ce1f@group-BB27F83832E4->2bed06ad-feb1-4a42-84de-0c97964ae469-GrpcLogAppender: appendEntries Timeout, request=04cd4a9b-51ef-4921-b690-09927bd9ce1f->2bed06ad-feb1-4a42-84de-0c97964ae469#36-t2, previous=(t:2, i:20), leaderCommit=16, initializing? false, entries: <empty>
2019-09-17 10:13:47,217 [java.util.concurrent.ThreadPoolExecutor$Worker@ffdc692[State = -1, empty queue]] WARN  server.GrpcLogAppender (GrpcLogAppender.java:timeoutAppendRequest(200)) - 04cd4a9b-51ef-4921-b690-09927bd9ce1f@group-BB27F83832E4->cd7fb81c-86a4-4055-b819-d84d71d1e03b-GrpcLogAppender: appendEntries Timeout, request=04cd4a9b-51ef-4921-b690-09927bd9ce1f->cd7fb81c-86a4-4055-b819-d84d71d1e03b#36-t2, previous=(t:2, i:20), leaderCommit=16, initializing? false, entries: <empty>
2019-09-17 10:13:47,717 [java.util.concurrent.ThreadPoolExecutor$Worker@2b753c64[State = -1, empty queue]] WARN  server.GrpcLogAppender (GrpcLogAppender.java:timeoutAppendRequest(200)) - 04cd4a9b-51ef-4921-b690-09927bd9ce1f@group-BB27F83832E4->2bed06ad-feb1-4a42-84de-0c97964ae469-GrpcLogAppender: appendEntries Timeout, request=04cd4a9b-51ef-4921-b690-09927bd9ce1f->2bed06ad-feb1-4a42-84de-0c97964ae469#37-t2, previous=(t:2, i:20), leaderCommit=16, initializing? false, entries: <empty>
2019-09-17 10:13:47,717 [java.util.concurrent.ThreadPoolExecutor$Worker@ffdc692[State = -1, empty queue]] WARN  server.GrpcLogAppender (GrpcLogAppender.java:timeoutAppendRequest(200)) - 04cd4a9b-51ef-4921-b690-09927bd9ce1f@group-BB27F83832E4->cd7fb81c-86a4-4055-b819-d84d71d1e03b-GrpcLogAppender: appendEntries Timeout, request=04cd4a9b-51ef-4921-b690-09927bd9ce1f->cd7fb81c-86a4-4055-b819-d84d71d1e03b#37-t2, previous=(t:2, i:20), leaderCommit=16, initializing? false, entries: <empty>
2019-09-17 10:13:48,217 [java.util.concurrent.ThreadPoolExecutor$Worker@2b753c64[State = -1, empty queue]] WARN  server.GrpcLogAppender (GrpcLogAppender.java:timeoutAppendRequest(200)) - 04cd4a9b-51ef-4921-b690-09927bd9ce1f@group-BB27F83832E4->2bed06ad-feb1-4a42-84de-0c97964ae469-GrpcLogAppender: appendEntries Timeout, request=04cd4a9b-51ef-4921-b690-09927bd9ce1f->2bed06ad-feb1-4a42-84de-0c97964ae469#38-t2, previous=(t:2, i:20), leaderCommit=16, initializing? false, entries: <empty>
2019-09-17 10:13:48,218 [java.util.concurrent.ThreadPoolExecutor$Worker@ffdc692[State = -1, empty queue]] WARN  server.GrpcLogAppender (GrpcLogAppender.java:timeoutAppendRequest(200)) - 04cd4a9b-51ef-4921-b690-09927bd9ce1f@group-BB27F83832E4->cd7fb81c-86a4-4055-b819-d84d71d1e03b-GrpcLogAppender: appendEntries Timeout, request=04cd4a9b-51ef-4921-b690-09927bd9ce1f->cd7fb81c-86a4-4055-b819-d84d71d1e03b#38-t2, previous=(t:2, i:20), leaderCommit=16, initializing? false, entries: <empty>
2019-09-17 10:13:48,718 [java.util.concurrent.ThreadPoolExecutor$Worker@2b753c64[State = -1, empty queue]] WARN  server.GrpcLogAppender (GrpcLogAppender.java:timeoutAppendRequest(200)) - 04cd4a9b-51ef-4921-b690-09927bd9ce1f@group-BB27F83832E4->2bed06ad-feb1-4a42-84de-0c97964ae469-GrpcLogAppender: appendEntries Timeout, request=04cd4a9b-51ef-4921-b690-09927bd9ce1f->2bed06ad-feb1-4a42-84de-0c97964ae469#39-t2, previous=(t:2, i:20), leaderCommit=16, initializing? false, entries: <empty>
2019-09-17 10:13:48,718 [java.util.concurrent.ThreadPoolExecutor$Worker@ffdc692[State = -1, empty queue]] WARN  server.GrpcLogAppender (GrpcLogAppender.java:timeoutAppendRequest(200)) - 04cd4a9b-51ef-4921-b690-09927bd9ce1f@group-BB27F83832E4->cd7fb81c-86a4-4055-b819-d84d71d1e03b-GrpcLogAppender: appendEntries Timeout, request=04cd4a9b-51ef-4921-b690-09927bd9ce1f->cd7fb81c-86a4-4055-b819-d84d71d1e03b#39-t2, previous=(t:2, i:20), leaderCommit=16, initializing? false, entries: <empty>
2019-09-17 10:13:49,218 [java.util.concurrent.ThreadPoolExecutor$Worker@2b753c64[State = -1, empty queue]] WARN  server.GrpcLogAppender (GrpcLogAppender.java:timeoutAppendRequest(200)) - 04cd4a9b-51ef-4921-b690-09927bd9ce1f@group-BB27F83832E4->2bed06ad-feb1-4a42-84de-0c97964ae469-GrpcLogAppender: appendEntries Timeout, request=04cd4a9b-51ef-4921-b690-09927bd9ce1f->2bed06ad-feb1-4a42-84de-0c97964ae469#40-t2, previous=(t:2, i:20), leaderCommit=16, initializing? false, entries: <empty>
2019-09-17 10:13:49,218 [java.util.concurrent.ThreadPoolExecutor$Worker@ffdc692[State = -1, empty queue]] WARN  server.GrpcLogAppender (GrpcLogAppender.java:timeoutAppendRequest(200)) - 04cd4a9b-51ef-4921-b690-09927bd9ce1f@group-BB27F83832E4->cd7fb81c-86a4-4055-b819-d84d71d1e03b-GrpcLogAppender: appendEntries Timeout, request=04cd4a9b-51ef-4921-b690-09927bd9ce1f->cd7fb81c-86a4-4055-b819-d84d71d1e03b#40-t2, previous=(t:2, i:20), leaderCommit=16, initializing? false, entries: <empty>
2019-09-17 10:13:49,718 [java.util.concurrent.ThreadPoolExecutor$Worker@2b753c64[State = -1, empty queue]] WARN  server.GrpcLogAppender (GrpcLogAppender.java:timeoutAppendRequest(200)) - 04cd4a9b-51ef-4921-b690-09927bd9ce1f@group-BB27F83832E4->2bed06ad-feb1-4a42-84de-0c97964ae469-GrpcLogAppender: appendEntries Timeout, request=04cd4a9b-51ef-4921-b690-09927bd9ce1f->2bed06ad-feb1-4a42-84de-0c97964ae469#41-t2, previous=(t:2, i:20), leaderCommit=16, initializing? false, entries: <empty>
2019-09-17 10:13:49,719 [java.util.concurrent.ThreadPoolExecutor$Worker@ffdc692[State = -1, empty queue]] WARN  server.GrpcLogAppender (GrpcLogAppender.java:timeoutAppendRequest(200)) - 04cd4a9b-51ef-4921-b690-09927bd9ce1f@group-BB27F83832E4->cd7fb81c-86a4-4055-b819-d84d71d1e03b-GrpcLogAppender: appendEntries Timeout, request=04cd4a9b-51ef-4921-b690-09927bd9ce1f->cd7fb81c-86a4-4055-b819-d84d71d1e03b#41-t2, previous=(t:2, i:20), leaderCommit=16, initializing? false, entries: <empty>
2019-09-17 10:13:50,220 [java.util.concurrent.ThreadPoolExecutor$Worker@2b753c64[State = -1, empty queue]] WARN  server.GrpcLogAppender (GrpcLogAppender.java:timeoutAppendRequest(200)) - 04cd4a9b-51ef-4921-b690-09927bd9ce1f@group-BB27F83832E4->2bed06ad-feb1-4a42-84de-0c97964ae469-GrpcLogAppender: appendEntries Timeout, request=04cd4a9b-51ef-4921-b690-09927bd9ce1f->2bed06ad-feb1-4a42-84de-0c97964ae469#42-t2, previous=(t:2, i:20), leaderCommit=16, initializing? false, entries: <empty>
2019-09-17 10:13:50,220 [java.util.concurrent.ThreadPoolExecutor$Worker@ffdc692[State = -1, empty queue]] WARN  server.GrpcLogAppender (GrpcLogAppender.java:timeoutAppendRequest(200)) - 04cd4a9b-51ef-4921-b690-09927bd9ce1f@group-BB27F83832E4->cd7fb81c-86a4-4055-b819-d84d71d1e03b-GrpcLogAppender: appendEntries Timeout, request=04cd4a9b-51ef-4921-b690-09927bd9ce1f->cd7fb81c-86a4-4055-b819-d84d71d1e03b#42-t2, previous=(t:2, i:20), leaderCommit=16, initializing? false, entries: <empty>
2019-09-17 10:13:50,721 [java.util.concurrent.ThreadPoolExecutor$Worker@2b753c64[State = -1, empty queue]] WARN  server.GrpcLogAppender (GrpcLogAppender.java:timeoutAppendRequest(200)) - 04cd4a9b-51ef-4921-b690-09927bd9ce1f@group-BB27F83832E4->2bed06ad-feb1-4a42-84de-0c97964ae469-GrpcLogAppender: appendEntries Timeout, request=04cd4a9b-51ef-4921-b690-09927bd9ce1f->2bed06ad-feb1-4a42-84de-0c97964ae469#43-t2, previous=(t:2, i:20), leaderCommit=16, initializing? false, entries: <empty>
2019-09-17 10:13:50,721 [java.util.concurrent.ThreadPoolExecutor$Worker@ffdc692[State = -1, empty queue]] WARN  server.GrpcLogAppender (GrpcLogAppender.java:timeoutAppendRequest(200)) - 04cd4a9b-51ef-4921-b690-09927bd9ce1f@group-BB27F83832E4->cd7fb81c-86a4-4055-b819-d84d71d1e03b-GrpcLogAppender: appendEntries Timeout, request=04cd4a9b-51ef-4921-b690-09927bd9ce1f->cd7fb81c-86a4-4055-b819-d84d71d1e03b#43-t2, previous=(t:2, i:20), leaderCommit=16, initializing? false, entries: <empty>
2019-09-17 10:13:51,221 [java.util.concurrent.ThreadPoolExecutor$Worker@2b753c64[State = -1, empty queue]] WARN  server.GrpcLogAppender (GrpcLogAppender.java:timeoutAppendRequest(200)) - 04cd4a9b-51ef-4921-b690-09927bd9ce1f@group-BB27F83832E4->2bed06ad-feb1-4a42-84de-0c97964ae469-GrpcLogAppender: appendEntries Timeout, request=04cd4a9b-51ef-4921-b690-09927bd9ce1f->2bed06ad-feb1-4a42-84de-0c97964ae469#44-t2, previous=(t:2, i:20), leaderCommit=16, initializing? false, entries: <empty>
2019-09-17 10:13:51,221 [java.util.concurrent.ThreadPoolExecutor$Worker@ffdc692[State = -1, empty queue]] WARN  server.GrpcLogAppender (GrpcLogAppender.java:timeoutAppendRequest(200)) - 04cd4a9b-51ef-4921-b690-09927bd9ce1f@group-BB27F83832E4->cd7fb81c-86a4-4055-b819-d84d71d1e03b-GrpcLogAppender: appendEntries Timeout, request=04cd4a9b-51ef-4921-b690-09927bd9ce1f->cd7fb81c-86a4-4055-b819-d84d71d1e03b#44-t2, previous=(t:2, i:20), leaderCommit=16, initializing? false, entries: <empty>
2019-09-17 10:13:51,721 [java.util.concurrent.ThreadPoolExecutor$Worker@2b753c64[State = -1, empty queue]] WARN  server.GrpcLogAppender (GrpcLogAppender.java:timeoutAppendRequest(200)) - 04cd4a9b-51ef-4921-b690-09927bd9ce1f@group-BB27F83832E4->2bed06ad-feb1-4a42-84de-0c97964ae469-GrpcLogAppender: appendEntries Timeout, request=04cd4a9b-51ef-4921-b690-09927bd9ce1f->2bed06ad-feb1-4a42-84de-0c97964ae469#45-t2, previous=(t:2, i:20), leaderCommit=16, initializing? false, entries: <empty>
2019-09-17 10:13:51,722 [java.util.concurrent.ThreadPoolExecutor$Worker@ffdc692[State = -1, empty queue]] WARN  server.GrpcLogAppender (GrpcLogAppender.java:timeoutAppendRequest(200)) - 04cd4a9b-51ef-4921-b690-09927bd9ce1f@group-BB27F83832E4->cd7fb81c-86a4-4055-b819-d84d71d1e03b-GrpcLogAppender: appendEntries Timeout, request=04cd4a9b-51ef-4921-b690-09927bd9ce1f->cd7fb81c-86a4-4055-b819-d84d71d1e03b#45-t2, previous=(t:2, i:20), leaderCommit=16, initializing? false, entries: <empty>
2019-09-17 10:13:51,927 [grpc-default-executor-17] INFO  client.GrpcClientProtocolClient (GrpcClientProtocolClient.java:onNext(264)) - client-DD787AC5056F->cd7fb81c-86a4-4055-b819-d84d71d1e03b: receive RaftClientReply:client-DD787AC5056F->cd7fb81c-86a4-4055-b819-d84d71d1e03b@group-BB27F83832E4, cid=28, FAILED org.apache.ratis.protocol.NotLeaderException: Server cd7fb81c-86a4-4055-b819-d84d71d1e03b@group-BB27F83832E4 is not the leader 04cd4a9b-51ef-4921-b690-09927bd9ce1f:192.168.34.37:32905, logIndex=0, commits[cd7fb81c-86a4-4055-b819-d84d71d1e03b:c16, 04cd4a9b-51ef-4921-b690-09927bd9ce1f:c16, 2bed06ad-feb1-4a42-84de-0c97964ae469:c13]
2019-09-17 10:13:52,222 [java.util.concurrent.ThreadPoolExecutor$Worker@ffdc692[State = -1, empty queue]] WARN  server.GrpcLogAppender (GrpcLogAppender.java:timeoutAppendRequest(200)) - 04cd4a9b-51ef-4921-b690-09927bd9ce1f@group-BB27F83832E4->cd7fb81c-86a4-4055-b819-d84d71d1e03b-GrpcLogAppender: appendEntries Timeout, request=04cd4a9b-51ef-4921-b690-09927bd9ce1f->cd7fb81c-86a4-4055-b819-d84d71d1e03b#46-t2, previous=(t:2, i:20), leaderCommit=16, initializing? false, entries: <empty>
2019-09-17 10:13:52,222 [java.util.concurrent.ThreadPoolExecutor$Worker@2b753c64[State = -1, empty queue]] WARN  server.GrpcLogAppender (GrpcLogAppender.java:timeoutAppendRequest(200)) - 04cd4a9b-51ef-4921-b690-09927bd9ce1f@group-BB27F83832E4->2bed06ad-feb1-4a42-84de-0c97964ae469-GrpcLogAppender: appendEntries Timeout, request=04cd4a9b-51ef-4921-b690-09927bd9ce1f->2bed06ad-feb1-4a42-84de-0c97964ae469#46-t2, previous=(t:2, i:20), leaderCommit=16, initializing? false, entries: <empty>
2019-09-17 10:13:52,723 [java.util.concurrent.ThreadPoolExecutor$Worker@ffdc692[State = -1, empty queue]] WARN  server.GrpcLogAppender (GrpcLogAppender.java:timeoutAppendRequest(200)) - 04cd4a9b-51ef-4921-b690-09927bd9ce1f@group-BB27F83832E4->cd7fb81c-86a4-4055-b819-d84d71d1e03b-GrpcLogAppender: appendEntries Timeout, request=04cd4a9b-51ef-4921-b690-09927bd9ce1f->cd7fb81c-86a4-4055-b819-d84d71d1e03b#47-t2, previous=(t:2, i:20), leaderCommit=16, initializing? false, entries: <empty>
2019-09-17 10:13:52,723 [java.util.concurrent.ThreadPoolExecutor$Worker@2b753c64[State = -1, empty queue]] WARN  server.GrpcLogAppender (GrpcLogAppender.java:timeoutAppendRequest(200)) - 04cd4a9b-51ef-4921-b690-09927bd9ce1f@group-BB27F83832E4->2bed06ad-feb1-4a42-84de-0c97964ae469-GrpcLogAppender: appendEntries Timeout, request=04cd4a9b-51ef-4921-b690-09927bd9ce1f->2bed06ad-feb1-4a42-84de-0c97964ae469#47-t2, previous=(t:2, i:20), leaderCommit=16, initializing? false, entries: <empty>
2019-09-17 10:13:53,223 [java.util.concurrent.ThreadPoolExecutor$Worker@2b753c64[State = -1, empty queue]] WARN  server.GrpcLogAppender (GrpcLogAppender.java:timeoutAppendRequest(200)) - 04cd4a9b-51ef-4921-b690-09927bd9ce1f@group-BB27F83832E4->2bed06ad-feb1-4a42-84de-0c97964ae469-GrpcLogAppender: appendEntries Timeout, request=04cd4a9b-51ef-4921-b690-09927bd9ce1f->2bed06ad-feb1-4a42-84de-0c97964ae469#48-t2, previous=(t:2, i:20), leaderCommit=16, initializing? false, entries: <empty>
2019-09-17 10:13:53,223 [java.util.concurrent.ThreadPoolExecutor$Worker@ffdc692[State = -1, empty queue]] WARN  server.GrpcLogAppender (GrpcLogAppender.java:timeoutAppendRequest(200)) - 04cd4a9b-51ef-4921-b690-09927bd9ce1f@group-BB27F83832E4->cd7fb81c-86a4-4055-b819-d84d71d1e03b-GrpcLogAppender: appendEntries Timeout, request=04cd4a9b-51ef-4921-b690-09927bd9ce1f->cd7fb81c-86a4-4055-b819-d84d71d1e03b#48-t2, previous=(t:2, i:20), leaderCommit=16, initializing? false, entries: <empty>
2019-09-17 10:13:53,724 [java.util.concurrent.ThreadPoolExecutor$Worker@2b753c64[State = -1, empty queue]] WARN  server.GrpcLogAppender (GrpcLogAppender.java:timeoutAppendRequest(200)) - 04cd4a9b-51ef-4921-b690-09927bd9ce1f@group-BB27F83832E4->2bed06ad-feb1-4a42-84de-0c97964ae469-GrpcLogAppender: appendEntries Timeout, request=04cd4a9b-51ef-4921-b690-09927bd9ce1f->2bed06ad-feb1-4a42-84de-0c97964ae469#49-t2, previous=(t:2, i:20), leaderCommit=16, initializing? false, entries: <empty>
2019-09-17 10:13:53,724 [java.util.concurrent.ThreadPoolExecutor$Worker@ffdc692[State = -1, empty queue]] WARN  server.GrpcLogAppender (GrpcLogAppender.java:timeoutAppendRequest(200)) - 04cd4a9b-51ef-4921-b690-09927bd9ce1f@group-BB27F83832E4->cd7fb81c-86a4-4055-b819-d84d71d1e03b-GrpcLogAppender: appendEntries Timeout, request=04cd4a9b-51ef-4921-b690-09927bd9ce1f->cd7fb81c-86a4-4055-b819-d84d71d1e03b#49-t2, previous=(t:2, i:20), leaderCommit=16, initializing? false, entries: <empty>
2019-09-17 10:13:54,234 [java.util.concurrent.ThreadPoolExecutor$Worker@2b753c64[State = -1, empty queue]] WARN  server.GrpcLogAppender (GrpcLogAppender.java:timeoutAppendRequest(200)) - 04cd4a9b-51ef-4921-b690-09927bd9ce1f@group-BB27F83832E4->2bed06ad-feb1-4a42-84de-0c97964ae469-GrpcLogAppender: appendEntries Timeout, request=04cd4a9b-51ef-4921-b690-09927bd9ce1f->2bed06ad-feb1-4a42-84de-0c97964ae469#50-t2, previous=(t:2, i:20), leaderCommit=16, initializing? false, entries: <empty>
2019-09-17 10:13:54,234 [java.util.concurrent.ThreadPoolExecutor$Worker@ffdc692[State = -1, empty queue]] WARN  server.GrpcLogAppender (GrpcLogAppender.java:timeoutAppendRequest(200)) - 04cd4a9b-51ef-4921-b690-09927bd9ce1f@group-BB27F83832E4->cd7fb81c-86a4-4055-b819-d84d71d1e03b-GrpcLogAppender: appendEntries Timeout, request=04cd4a9b-51ef-4921-b690-09927bd9ce1f->cd7fb81c-86a4-4055-b819-d84d71d1e03b#50-t2, previous=(t:2, i:20), leaderCommit=16, initializing? false, entries: <empty>
2019-09-17 10:13:54,724 [java.util.concurrent.ThreadPoolExecutor$Worker@2b753c64[State = -1, empty queue]] WARN  server.GrpcLogAppender (GrpcLogAppender.java:timeoutAppendRequest(200)) - 04cd4a9b-51ef-4921-b690-09927bd9ce1f@group-BB27F83832E4->2bed06ad-feb1-4a42-84de-0c97964ae469-GrpcLogAppender: appendEntries Timeout, request=04cd4a9b-51ef-4921-b690-09927bd9ce1f->2bed06ad-feb1-4a42-84de-0c97964ae469#51-t2, previous=(t:2, i:20), leaderCommit=16, initializing? false, entries: <empty>
2019-09-17 10:13:54,725 [java.util.concurrent.ThreadPoolExecutor$Worker@ffdc692[State = -1, empty queue]] WARN  server.GrpcLogAppender (GrpcLogAppender.java:timeoutAppendRequest(200)) - 04cd4a9b-51ef-4921-b690-09927bd9ce1f@group-BB27F83832E4->cd7fb81c-86a4-4055-b819-d84d71d1e03b-GrpcLogAppender: appendEntries Timeout, request=04cd4a9b-51ef-4921-b690-09927bd9ce1f->cd7fb81c-86a4-4055-b819-d84d71d1e03b#51-t2, previous=(t:2, i:20), leaderCommit=16, initializing? false, entries: <empty>
2019-09-17 10:13:54,960 [main] WARN  io.KeyOutputStream (KeyOutputStream.java:handleException(276)) - Encountered exception java.io.IOException: Unexpected Storage Container Exception: java.util.concurrent.CompletionException: java.util.concurrent.CompletionException: org.apache.ratis.protocol.RaftRetryFailureException: Failed RaftClientRequest:client-DD787AC5056F->04cd4a9b-51ef-4921-b690-09927bd9ce1f@group-BB27F83832E4, cid=28, seq=9*, RW, org.apache.hadoop.hdds.scm.XceiverClientRatis$$Lambda$461/1566285515@6e9ce5a4 for 10 attempts with RetryLimited(maxAttempts=10, sleepTime=1000ms) on the pipeline Pipeline[ Id: 6d65ff06-e079-45f6-91fb-bb27f83832e4, Nodes: 2bed06ad-feb1-4a42-84de-0c97964ae469{ip: 192.168.34.37, host: pr-hdds-2110-rdjw6-11158954, networkLocation: /default-rack, certSerialId: null}04cd4a9b-51ef-4921-b690-09927bd9ce1f{ip: 192.168.34.37, host: pr-hdds-2110-rdjw6-11158954, networkLocation: /default-rack, certSerialId: null}cd7fb81c-86a4-4055-b819-d84d71d1e03b{ip: 192.168.34.37, host: pr-hdds-2110-rdjw6-11158954, networkLocation: /default-rack, certSerialId: null}, Type:RATIS, Factor:THREE, State:OPEN]. The last committed block length is 0, uncommitted data length is 2097152 retry count 0
2019-09-17 10:13:55,003 [grpc-default-executor-8] INFO  client.GrpcClientProtocolClient (GrpcClientProtocolClient.java:onNext(264)) - client-AD774C541694->1303f52d-d2af-4d51-a297-b30474c81d0b: receive RaftClientReply:client-AD774C541694->1303f52d-d2af-4d51-a297-b30474c81d0b@group-C922F90D4541, cid=32, FAILED org.apache.ratis.protocol.NotLeaderException: Server 1303f52d-d2af-4d51-a297-b30474c81d0b@group-C922F90D4541 is not the leader 1d843e0b-d448-4c1d-904a-b8b79ddf8dfc:192.168.34.37:43968, logIndex=0, commits[1303f52d-d2af-4d51-a297-b30474c81d0b:c0, 7be722d9-df7a-49b7-8861-987a973deb04:c0, 1d843e0b-d448-4c1d-904a-b8b79ddf8dfc:c0]
2019-09-17 10:13:55,200 [grpc-default-executor-13] INFO  client.GrpcClientProtocolClient (GrpcClientProtocolClient.java:onNext(264)) - client-AD774C541694->1d843e0b-d448-4c1d-904a-b8b79ddf8dfc: receive RaftClientReply:client-AD774C541694->1d843e0b-d448-4c1d-904a-b8b79ddf8dfc@group-C922F90D4541, cid=32, SUCCESS, logIndex=1, commits[1d843e0b-d448-4c1d-904a-b8b79ddf8dfc:c1, 1303f52d-d2af-4d51-a297-b30474c81d0b:c0, 7be722d9-df7a-49b7-8861-987a973deb04:c0]
2019-09-17 10:13:55,227 [java.util.concurrent.ThreadPoolExecutor$Worker@2b753c64[State = -1, empty queue]] WARN  server.GrpcLogAppender (GrpcLogAppender.java:timeoutAppendRequest(200)) - 04cd4a9b-51ef-4921-b690-09927bd9ce1f@group-BB27F83832E4->2bed06ad-feb1-4a42-84de-0c97964ae469-GrpcLogAppender: appendEntries Timeout, request=04cd4a9b-51ef-4921-b690-09927bd9ce1f->2bed06ad-feb1-4a42-84de-0c97964ae469#52-t2, previous=(t:2, i:20), leaderCommit=16, initializing? false, entries: <empty>
2019-09-17 10:13:55,227 [java.util.concurrent.ThreadPoolExecutor$Worker@ffdc692[State = -1, empty queue]] WARN  server.GrpcLogAppender (GrpcLogAppender.java:timeoutAppendRequest(200)) - 04cd4a9b-51ef-4921-b690-09927bd9ce1f@group-BB27F83832E4->cd7fb81c-86a4-4055-b819-d84d71d1e03b-GrpcLogAppender: appendEntries Timeout, request=04cd4a9b-51ef-4921-b690-09927bd9ce1f->cd7fb81c-86a4-4055-b819-d84d71d1e03b#52-t2, previous=(t:2, i:20), leaderCommit=16, initializing? false, entries: <empty>
2019-09-17 10:13:55,288 [grpc-default-executor-13] INFO  client.GrpcClientProtocolClient (GrpcClientProtocolClient.java:onNext(264)) - client-AD774C541694->1d843e0b-d448-4c1d-904a-b8b79ddf8dfc: receive RaftClientReply:client-AD774C541694->1d843e0b-d448-4c1d-904a-b8b79ddf8dfc@group-C922F90D4541, cid=33, SUCCESS, logIndex=3, commits[1d843e0b-d448-4c1d-904a-b8b79ddf8dfc:c8, 1303f52d-d2af-4d51-a297-b30474c81d0b:c6, 7be722d9-df7a-49b7-8861-987a973deb04:c6]
2019-09-17 10:13:55,288 [grpc-default-executor-13] INFO  client.GrpcClientProtocolClient (GrpcClientProtocolClient.java:onNext(264)) - client-AD774C541694->1d843e0b-d448-4c1d-904a-b8b79ddf8dfc: receive RaftClientReply:client-AD774C541694->1d843e0b-d448-4c1d-904a-b8b79ddf8dfc@group-C922F90D4541, cid=34, SUCCESS, logIndex=4, commits[1d843e0b-d448-4c1d-904a-b8b79ddf8dfc:c8, 1303f52d-d2af-4d51-a297-b30474c81d0b:c6, 7be722d9-df7a-49b7-8861-987a973deb04:c6]
2019-09-17 10:13:55,419 [grpc-default-executor-13] INFO  client.GrpcClientProtocolClient (GrpcClientProtocolClient.java:onNext(264)) - client-AD774C541694->1d843e0b-d448-4c1d-904a-b8b79ddf8dfc: receive RaftClientReply:client-AD774C541694->1d843e0b-d448-4c1d-904a-b8b79ddf8dfc@group-C922F90D4541, cid=35, SUCCESS, logIndex=6, commits[1d843e0b-d448-4c1d-904a-b8b79ddf8dfc:c8, 1303f52d-d2af-4d51-a297-b30474c81d0b:c6, 7be722d9-df7a-49b7-8861-987a973deb04:c6]
2019-09-17 10:13:55,454 [grpc-default-executor-8] INFO  client.GrpcClientProtocolClient (GrpcClientProtocolClient.java:onNext(264)) - client-AD774C541694->1d843e0b-d448-4c1d-904a-b8b79ddf8dfc: receive RaftClientReply:client-AD774C541694->1d843e0b-d448-4c1d-904a-b8b79ddf8dfc@group-C922F90D4541, cid=36, SUCCESS, logIndex=9, commits[1d843e0b-d448-4c1d-904a-b8b79ddf8dfc:c10, 1303f52d-d2af-4d51-a297-b30474c81d0b:c8, 7be722d9-df7a-49b7-8861-987a973deb04:c8]
2019-09-17 10:13:55,455 [grpc-default-executor-8] INFO  client.GrpcClientProtocolClient (GrpcClientProtocolClient.java:onNext(264)) - client-AD774C541694->1d843e0b-d448-4c1d-904a-b8b79ddf8dfc: receive RaftClientReply:client-AD774C541694->1d843e0b-d448-4c1d-904a-b8b79ddf8dfc@group-C922F90D4541, cid=37, SUCCESS, logIndex=10, commits[1d843e0b-d448-4c1d-904a-b8b79ddf8dfc:c10, 1303f52d-d2af-4d51-a297-b30474c81d0b:c8, 7be722d9-df7a-49b7-8861-987a973deb04:c8]
2019-09-17 10:13:55,469 [grpc-default-executor-4] INFO  client.GrpcClientProtocolClient (GrpcClientProtocolClient.java:onNext(264)) - client-AD774C541694->1d843e0b-d448-4c1d-904a-b8b79ddf8dfc: receive RaftClientReply:client-AD774C541694->1d843e0b-d448-4c1d-904a-b8b79ddf8dfc@group-C922F90D4541, cid=38, SUCCESS, logIndex=11, commits[1d843e0b-d448-4c1d-904a-b8b79ddf8dfc:c12, 1303f52d-d2af-4d51-a297-b30474c81d0b:c8, 7be722d9-df7a-49b7-8861-987a973deb04:c8]
2019-09-17 10:13:55,470 [grpc-default-executor-4] INFO  client.GrpcClientProtocolClient (GrpcClientProtocolClient.java:onNext(264)) - client-AD774C541694->1d843e0b-d448-4c1d-904a-b8b79ddf8dfc: receive RaftClientReply:client-AD774C541694->1d843e0b-d448-4c1d-904a-b8b79ddf8dfc@group-C922F90D4541, cid=39, SUCCESS, logIndex=12, commits[1d843e0b-d448-4c1d-904a-b8b79ddf8dfc:c13, 1303f52d-d2af-4d51-a297-b30474c81d0b:c10, 7be722d9-df7a-49b7-8861-987a973deb04:c8]
2019-09-17 10:13:55,476 [grpc-default-executor-4] INFO  client.GrpcClientProtocolClient (GrpcClientProtocolClient.java:onNext(264)) - client-AD774C541694->1d843e0b-d448-4c1d-904a-b8b79ddf8dfc: receive RaftClientReply:client-AD774C541694->1d843e0b-d448-4c1d-904a-b8b79ddf8dfc@group-C922F90D4541, cid=40, SUCCESS, logIndex=0, commits[1d843e0b-d448-4c1d-904a-b8b79ddf8dfc:c15, 1303f52d-d2af-4d51-a297-b30474c81d0b:c11, 7be722d9-df7a-49b7-8861-987a973deb04:c10]
2019-09-17 10:13:55,491 [grpc-default-executor-4] INFO  client.GrpcClientProtocolClient (GrpcClientProtocolClient.java:onNext(264)) - client-AD774C541694->1d843e0b-d448-4c1d-904a-b8b79ddf8dfc: receive RaftClientReply:client-AD774C541694->1d843e0b-d448-4c1d-904a-b8b79ddf8dfc@group-C922F90D4541, cid=41, SUCCESS, logIndex=0, commits[1d843e0b-d448-4c1d-904a-b8b79ddf8dfc:c16, 1303f52d-d2af-4d51-a297-b30474c81d0b:c12, 7be722d9-df7a-49b7-8861-987a973deb04:c12]
2019-09-17 10:13:55,671 [grpc-default-executor-8] INFO  client.GrpcClientProtocolClient (GrpcClientProtocolClient.java:onNext(264)) - client-4B6CA9A66071->95d6cb39-2a6f-4d2b-8ab1-47b9e22fb0ea: receive RaftClientReply:client-4B6CA9A66071->95d6cb39-2a6f-4d2b-8ab1-47b9e22fb0ea@group-2E14F5217065, cid=42, SUCCESS, logIndex=1, commits[95d6cb39-2a6f-4d2b-8ab1-47b9e22fb0ea:c1, cc01c7d5-5dcf-4408-8cdb-fcf6ab2d1d3a:c0, 55583e5a-eaa2-4a32-b956-442090b04083:c0]
2019-09-17 10:13:55,727 [java.util.concurrent.ThreadPoolExecutor$Worker@ffdc692[State = -1, empty queue]] WARN  server.GrpcLogAppender (GrpcLogAppender.java:timeoutAppendRequest(200)) - 04cd4a9b-51ef-4921-b690-09927bd9ce1f@group-BB27F83832E4->cd7fb81c-86a4-4055-b819-d84d71d1e03b-GrpcLogAppender: appendEntries Timeout, request=04cd4a9b-51ef-4921-b690-09927bd9ce1f->cd7fb81c-86a4-4055-b819-d84d71d1e03b#53-t2, previous=(t:2, i:20), leaderCommit=16, initializing? false, entries: <empty>
2019-09-17 10:13:55,727 [java.util.concurrent.ThreadPoolExecutor$Worker@2b753c64[State = -1, empty queue]] WARN  server.GrpcLogAppender (GrpcLogAppender.java:timeoutAppendRequest(200)) - 04cd4a9b-51ef-4921-b690-09927bd9ce1f@group-BB27F83832E4->2bed06ad-feb1-4a42-84de-0c97964ae469-GrpcLogAppender: appendEntries Timeout, request=04cd4a9b-51ef-4921-b690-09927bd9ce1f->2bed06ad-feb1-4a42-84de-0c97964ae469#53-t2, previous=(t:2, i:20), leaderCommit=16, initializing? false, entries: <empty>
2019-09-17 10:13:55,760 [grpc-default-executor-4] INFO  client.GrpcClientProtocolClient (GrpcClientProtocolClient.java:onNext(264)) - client-4B6CA9A66071->95d6cb39-2a6f-4d2b-8ab1-47b9e22fb0ea: receive RaftClientReply:client-4B6CA9A66071->95d6cb39-2a6f-4d2b-8ab1-47b9e22fb0ea@group-2E14F5217065, cid=43, SUCCESS, logIndex=3, commits[95d6cb39-2a6f-4d2b-8ab1-47b9e22fb0ea:c8, cc01c7d5-5dcf-4408-8cdb-fcf6ab2d1d3a:c6, 55583e5a-eaa2-4a32-b956-442090b04083:c5]
2019-09-17 10:13:55,761 [grpc-default-executor-4] INFO  client.GrpcClientProtocolClient (GrpcClientProtocolClient.java:onNext(264)) - client-4B6CA9A66071->95d6cb39-2a6f-4d2b-8ab1-47b9e22fb0ea: receive RaftClientReply:client-4B6CA9A66071->95d6cb39-2a6f-4d2b-8ab1-47b9e22fb0ea@group-2E14F5217065, cid=44, SUCCESS, logIndex=4, commits[95d6cb39-2a6f-4d2b-8ab1-47b9e22fb0ea:c8, cc01c7d5-5dcf-4408-8cdb-fcf6ab2d1d3a:c6, 55583e5a-eaa2-4a32-b956-442090b04083:c5]
2019-09-17 10:13:55,866 [grpc-default-executor-4] INFO  client.GrpcClientProtocolClient (GrpcClientProtocolClient.java:onNext(264)) - client-4B6CA9A66071->95d6cb39-2a6f-4d2b-8ab1-47b9e22fb0ea: receive RaftClientReply:client-4B6CA9A66071->95d6cb39-2a6f-4d2b-8ab1-47b9e22fb0ea@group-2E14F5217065, cid=45, SUCCESS, logIndex=5, commits[95d6cb39-2a6f-4d2b-8ab1-47b9e22fb0ea:c8, cc01c7d5-5dcf-4408-8cdb-fcf6ab2d1d3a:c6, 55583e5a-eaa2-4a32-b956-442090b04083:c5]
2019-09-17 10:13:56,227 [java.util.concurrent.ThreadPoolExecutor$Worker@ffdc692[State = -1, empty queue]] WARN  server.GrpcLogAppender (GrpcLogAppender.java:timeoutAppendRequest(200)) - 04cd4a9b-51ef-4921-b690-09927bd9ce1f@group-BB27F83832E4->cd7fb81c-86a4-4055-b819-d84d71d1e03b-GrpcLogAppender: appendEntries Timeout, request=04cd4a9b-51ef-4921-b690-09927bd9ce1f->cd7fb81c-86a4-4055-b819-d84d71d1e03b#54-t2, previous=(t:2, i:20), leaderCommit=16, initializing? false, entries: <empty>
2019-09-17 10:13:56,228 [java.util.concurrent.ThreadPoolExecutor$Worker@2b753c64[State = -1, empty queue]] WARN  server.GrpcLogAppender (GrpcLogAppender.java:timeoutAppendRequest(200)) - 04cd4a9b-51ef-4921-b690-09927bd9ce1f@group-BB27F83832E4->2bed06ad-feb1-4a42-84de-0c97964ae469-GrpcLogAppender: appendEntries Timeout, request=04cd4a9b-51ef-4921-b690-09927bd9ce1f->2bed06ad-feb1-4a42-84de-0c97964ae469#54-t2, previous=(t:2, i:20), leaderCommit=16, initializing? false, entries: <empty>
2019-09-17 10:13:56,728 [java.util.concurrent.ThreadPoolExecutor$Worker@2b753c64[State = -1, empty queue]] WARN  server.GrpcLogAppender (GrpcLogAppender.java:timeoutAppendRequest(200)) - 04cd4a9b-51ef-4921-b690-09927bd9ce1f@group-BB27F83832E4->2bed06ad-feb1-4a42-84de-0c97964ae469-GrpcLogAppender: appendEntries Timeout, request=04cd4a9b-51ef-4921-b690-09927bd9ce1f->2bed06ad-feb1-4a42-84de-0c97964ae469#55-t2, previous=(t:2, i:20), leaderCommit=16, initializing? false, entries: <empty>
2019-09-17 10:13:56,728 [java.util.concurrent.ThreadPoolExecutor$Worker@ffdc692[State = -1, empty queue]] WARN  server.GrpcLogAppender (GrpcLogAppender.java:timeoutAppendRequest(200)) - 04cd4a9b-51ef-4921-b690-09927bd9ce1f@group-BB27F83832E4->cd7fb81c-86a4-4055-b819-d84d71d1e03b-GrpcLogAppender: appendEntries Timeout, request=04cd4a9b-51ef-4921-b690-09927bd9ce1f->cd7fb81c-86a4-4055-b819-d84d71d1e03b#55-t2, previous=(t:2, i:20), leaderCommit=16, initializing? false, entries: <empty>
2019-09-17 10:13:56,803 [04cd4a9b-51ef-4921-b690-09927bd9ce1f@group-BB27F83832E4-SegmentedRaftLogWorker] WARN  segmented.SegmentedRaftLogWorker (SegmentedRaftLogWorker.java:getFromFuture(90)) - Timeout 1/~
org.apache.ratis.protocol.TimeoutIOException: Timeout 10s: WriteLog:19: (t:2, i:19), STATEMACHINELOGENTRY, client-DD787AC5056F, cid=30-writeStateMachineData
	at org.apache.ratis.util.IOUtils.getFromFuture(IOUtils.java:87)
	at org.apache.ratis.server.raftlog.segmented.SegmentedRaftLogWorker$StateMachineDataPolicy.getFromFuture(SegmentedRaftLogWorker.java:87)
	at org.apache.ratis.server.raftlog.segmented.SegmentedRaftLogWorker$WriteLog.execute(SegmentedRaftLogWorker.java:477)
	at org.apache.ratis.server.raftlog.segmented.SegmentedRaftLogWorker.run(SegmentedRaftLogWorker.java:289)
	at java.lang.Thread.run(Thread.java:748)
Caused by: java.util.concurrent.TimeoutException
	at java.util.concurrent.CompletableFuture.timedGet(CompletableFuture.java:1771)
	at java.util.concurrent.CompletableFuture.get(CompletableFuture.java:1915)
	at org.apache.ratis.util.IOUtils.getFromFuture(IOUtils.java:79)
	... 4 more
2019-09-17 10:13:56,803 [2bed06ad-feb1-4a42-84de-0c97964ae469@group-BB27F83832E4-SegmentedRaftLogWorker] WARN  segmented.SegmentedRaftLogWorker (SegmentedRaftLogWorker.java:getFromFuture(90)) - Timeout 1/~
org.apache.ratis.protocol.TimeoutIOException: Timeout 10s: WriteLog:19: (t:2, i:19), STATEMACHINELOGENTRY, client-DD787AC5056F, cid=30-writeStateMachineData
	at org.apache.ratis.util.IOUtils.getFromFuture(IOUtils.java:87)
	at org.apache.ratis.server.raftlog.segmented.SegmentedRaftLogWorker$StateMachineDataPolicy.getFromFuture(SegmentedRaftLogWorker.java:87)
	at org.apache.ratis.server.raftlog.segmented.SegmentedRaftLogWorker$WriteLog.execute(SegmentedRaftLogWorker.java:477)
	at org.apache.ratis.server.raftlog.segmented.SegmentedRaftLogWorker.run(SegmentedRaftLogWorker.java:289)
	at java.lang.Thread.run(Thread.java:748)
Caused by: java.util.concurrent.TimeoutException
	at java.util.concurrent.CompletableFuture.timedGet(CompletableFuture.java:1771)
	at java.util.concurrent.CompletableFuture.get(CompletableFuture.java:1915)
	at org.apache.ratis.util.IOUtils.getFromFuture(IOUtils.java:79)
	... 4 more
2019-09-17 10:13:56,804 [Datanode State Machine Thread - 0] INFO  statemachine.DatanodeStateMachine (DatanodeStateMachine.java:lambda$startDaemon$0(350)) - Ozone container server started.
2019-09-17 10:13:56,804 [cd7fb81c-86a4-4055-b819-d84d71d1e03b@group-BB27F83832E4-SegmentedRaftLogWorker] WARN  segmented.SegmentedRaftLogWorker (SegmentedRaftLogWorker.java:getFromFuture(90)) - Timeout 1/~
org.apache.ratis.protocol.TimeoutIOException: Timeout 10s: WriteLog:19: (t:2, i:19), STATEMACHINELOGENTRY, client-DD787AC5056F, cid=30-writeStateMachineData
	at org.apache.ratis.util.IOUtils.getFromFuture(IOUtils.java:87)
	at org.apache.ratis.server.raftlog.segmented.SegmentedRaftLogWorker$StateMachineDataPolicy.getFromFuture(SegmentedRaftLogWorker.java:87)
	at org.apache.ratis.server.raftlog.segmented.SegmentedRaftLogWorker$WriteLog.execute(SegmentedRaftLogWorker.java:477)
	at org.apache.ratis.server.raftlog.segmented.SegmentedRaftLogWorker.run(SegmentedRaftLogWorker.java:289)
	at java.lang.Thread.run(Thread.java:748)
Caused by: java.util.concurrent.TimeoutException
	at java.util.concurrent.CompletableFuture.timedGet(CompletableFuture.java:1771)
	at java.util.concurrent.CompletableFuture.get(CompletableFuture.java:1915)
	at org.apache.ratis.util.IOUtils.getFromFuture(IOUtils.java:79)
	... 4 more
2019-09-17 10:13:57,234 [java.util.concurrent.ThreadPoolExecutor$Worker@ffdc692[State = -1, empty queue]] WARN  server.GrpcLogAppender (GrpcLogAppender.java:timeoutAppendRequest(200)) - 04cd4a9b-51ef-4921-b690-09927bd9ce1f@group-BB27F83832E4->cd7fb81c-86a4-4055-b819-d84d71d1e03b-GrpcLogAppender: appendEntries Timeout, request=04cd4a9b-51ef-4921-b690-09927bd9ce1f->cd7fb81c-86a4-4055-b819-d84d71d1e03b#56-t2, previous=(t:2, i:20), leaderCommit=16, initializing? false, entries: <empty>
2019-09-17 10:13:57,234 [java.util.concurrent.ThreadPoolExecutor$Worker@2b753c64[State = -1, empty queue]] WARN  server.GrpcLogAppender (GrpcLogAppender.java:timeoutAppendRequest(200)) - 04cd4a9b-51ef-4921-b690-09927bd9ce1f@group-BB27F83832E4->2bed06ad-feb1-4a42-84de-0c97964ae469-GrpcLogAppender: appendEntries Timeout, request=04cd4a9b-51ef-4921-b690-09927bd9ce1f->2bed06ad-feb1-4a42-84de-0c97964ae469#56-t2, previous=(t:2, i:20), leaderCommit=16, initializing? false, entries: <empty>
2019-09-17 10:13:57,734 [java.util.concurrent.ThreadPoolExecutor$Worker@2b753c64[State = -1, empty queue]] WARN  server.GrpcLogAppender (GrpcLogAppender.java:timeoutAppendRequest(200)) - 04cd4a9b-51ef-4921-b690-09927bd9ce1f@group-BB27F83832E4->2bed06ad-feb1-4a42-84de-0c97964ae469-GrpcLogAppender: appendEntries Timeout, request=04cd4a9b-51ef-4921-b690-09927bd9ce1f->2bed06ad-feb1-4a42-84de-0c97964ae469#57-t2, previous=(t:2, i:20), leaderCommit=16, initializing? false, entries: <empty>
2019-09-17 10:13:57,735 [java.util.concurrent.ThreadPoolExecutor$Worker@ffdc692[State = -1, empty queue]] WARN  server.GrpcLogAppender (GrpcLogAppender.java:timeoutAppendRequest(200)) - 04cd4a9b-51ef-4921-b690-09927bd9ce1f@group-BB27F83832E4->cd7fb81c-86a4-4055-b819-d84d71d1e03b-GrpcLogAppender: appendEntries Timeout, request=04cd4a9b-51ef-4921-b690-09927bd9ce1f->cd7fb81c-86a4-4055-b819-d84d71d1e03b#57-t2, previous=(t:2, i:20), leaderCommit=16, initializing? false, entries: <empty>
2019-09-17 10:13:58,235 [java.util.concurrent.ThreadPoolExecutor$Worker@2b753c64[State = -1, empty queue]] WARN  server.GrpcLogAppender (GrpcLogAppender.java:timeoutAppendRequest(200)) - 04cd4a9b-51ef-4921-b690-09927bd9ce1f@group-BB27F83832E4->2bed06ad-feb1-4a42-84de-0c97964ae469-GrpcLogAppender: appendEntries Timeout, request=04cd4a9b-51ef-4921-b690-09927bd9ce1f->2bed06ad-feb1-4a42-84de-0c97964ae469#58-t2, previous=(t:2, i:20), leaderCommit=16, initializing? false, entries: <empty>
2019-09-17 10:13:58,235 [java.util.concurrent.ThreadPoolExecutor$Worker@ffdc692[State = -1, empty queue]] WARN  server.GrpcLogAppender (GrpcLogAppender.java:timeoutAppendRequest(200)) - 04cd4a9b-51ef-4921-b690-09927bd9ce1f@group-BB27F83832E4->cd7fb81c-86a4-4055-b819-d84d71d1e03b-GrpcLogAppender: appendEntries Timeout, request=04cd4a9b-51ef-4921-b690-09927bd9ce1f->cd7fb81c-86a4-4055-b819-d84d71d1e03b#58-t2, previous=(t:2, i:20), leaderCommit=16, initializing? false, entries: <empty>
2019-09-17 10:13:58,735 [java.util.concurrent.ThreadPoolExecutor$Worker@2b753c64[State = -1, empty queue]] WARN  server.GrpcLogAppender (GrpcLogAppender.java:timeoutAppendRequest(200)) - 04cd4a9b-51ef-4921-b690-09927bd9ce1f@group-BB27F83832E4->2bed06ad-feb1-4a42-84de-0c97964ae469-GrpcLogAppender: appendEntries Timeout, request=04cd4a9b-51ef-4921-b690-09927bd9ce1f->2bed06ad-feb1-4a42-84de-0c97964ae469#59-t2, previous=(t:2, i:20), leaderCommit=16, initializing? false, entries: <empty>
2019-09-17 10:13:58,735 [java.util.concurrent.ThreadPoolExecutor$Worker@ffdc692[State = -1, empty queue]] WARN  server.GrpcLogAppender (GrpcLogAppender.java:timeoutAppendRequest(200)) - 04cd4a9b-51ef-4921-b690-09927bd9ce1f@group-BB27F83832E4->cd7fb81c-86a4-4055-b819-d84d71d1e03b-GrpcLogAppender: appendEntries Timeout, request=04cd4a9b-51ef-4921-b690-09927bd9ce1f->cd7fb81c-86a4-4055-b819-d84d71d1e03b#59-t2, previous=(t:2, i:20), leaderCommit=16, initializing? false, entries: <empty>
2019-09-17 10:13:59,400 [java.util.concurrent.ThreadPoolExecutor$Worker@ffdc692[State = -1, empty queue]] WARN  server.GrpcLogAppender (GrpcLogAppender.java:timeoutAppendRequest(200)) - 04cd4a9b-51ef-4921-b690-09927bd9ce1f@group-BB27F83832E4->cd7fb81c-86a4-4055-b819-d84d71d1e03b-GrpcLogAppender: appendEntries Timeout, request=04cd4a9b-51ef-4921-b690-09927bd9ce1f->cd7fb81c-86a4-4055-b819-d84d71d1e03b#60-t2, previous=(t:2, i:20), leaderCommit=16, initializing? false, entries: <empty>
2019-09-17 10:13:59,400 [java.util.concurrent.ThreadPoolExecutor$Worker@2b753c64[State = -1, empty queue]] WARN  server.GrpcLogAppender (GrpcLogAppender.java:timeoutAppendRequest(200)) - 04cd4a9b-51ef-4921-b690-09927bd9ce1f@group-BB27F83832E4->2bed06ad-feb1-4a42-84de-0c97964ae469-GrpcLogAppender: appendEntries Timeout, request=04cd4a9b-51ef-4921-b690-09927bd9ce1f->2bed06ad-feb1-4a42-84de-0c97964ae469#60-t2, previous=(t:2, i:20), leaderCommit=16, initializing? false, entries: <empty>
2019-09-17 10:13:59,900 [java.util.concurrent.ThreadPoolExecutor$Worker@ffdc692[State = -1, empty queue]] WARN  server.GrpcLogAppender (GrpcLogAppender.java:timeoutAppendRequest(200)) - 04cd4a9b-51ef-4921-b690-09927bd9ce1f@group-BB27F83832E4->cd7fb81c-86a4-4055-b819-d84d71d1e03b-GrpcLogAppender: appendEntries Timeout, request=04cd4a9b-51ef-4921-b690-09927bd9ce1f->cd7fb81c-86a4-4055-b819-d84d71d1e03b#61-t2, previous=(t:2, i:20), leaderCommit=16, initializing? false, entries: <empty>
2019-09-17 10:13:59,900 [java.util.concurrent.ThreadPoolExecutor$Worker@2b753c64[State = -1, empty queue]] WARN  server.GrpcLogAppender (GrpcLogAppender.java:timeoutAppendRequest(200)) - 04cd4a9b-51ef-4921-b690-09927bd9ce1f@group-BB27F83832E4->2bed06ad-feb1-4a42-84de-0c97964ae469-GrpcLogAppender: appendEntries Timeout, request=04cd4a9b-51ef-4921-b690-09927bd9ce1f->2bed06ad-feb1-4a42-84de-0c97964ae469#61-t2, previous=(t:2, i:20), leaderCommit=16, initializing? false, entries: <empty>
2019-09-17 10:14:00,404 [java.util.concurrent.ThreadPoolExecutor$Worker@ffdc692[State = -1, empty queue]] WARN  server.GrpcLogAppender (GrpcLogAppender.java:timeoutAppendRequest(200)) - 04cd4a9b-51ef-4921-b690-09927bd9ce1f@group-BB27F83832E4->cd7fb81c-86a4-4055-b819-d84d71d1e03b-GrpcLogAppender: appendEntries Timeout, request=04cd4a9b-51ef-4921-b690-09927bd9ce1f->cd7fb81c-86a4-4055-b819-d84d71d1e03b#62-t2, previous=(t:2, i:20), leaderCommit=16, initializing? false, entries: <empty>
2019-09-17 10:14:00,404 [java.util.concurrent.ThreadPoolExecutor$Worker@2b753c64[State = -1, empty queue]] WARN  server.GrpcLogAppender (GrpcLogAppender.java:timeoutAppendRequest(200)) - 04cd4a9b-51ef-4921-b690-09927bd9ce1f@group-BB27F83832E4->2bed06ad-feb1-4a42-84de-0c97964ae469-GrpcLogAppender: appendEntries Timeout, request=04cd4a9b-51ef-4921-b690-09927bd9ce1f->2bed06ad-feb1-4a42-84de-0c97964ae469#62-t2, previous=(t:2, i:20), leaderCommit=16, initializing? false, entries: <empty>
2019-09-17 10:14:00,870 [main] INFO  ozoneimpl.OzoneContainer (OzoneContainer.java:stop(231)) - Attempting to stop container services.
2019-09-17 10:14:00,871 [main] INFO  impl.RaftServerProxy (RaftServerProxy.java:lambda$close$4(314)) - 2bed06ad-feb1-4a42-84de-0c97964ae469: close
2019-09-17 10:14:00,872 [ForkJoinPool.commonPool-worker-0] INFO  impl.RaftServerImpl (RaftServerImpl.java:lambda$shutdown$3(251)) - 2bed06ad-feb1-4a42-84de-0c97964ae469@group-BB27F83832E4: shutdown
2019-09-17 10:14:00,872 [main] INFO  impl.RaftServerImpl (RaftServerImpl.java:lambda$shutdown$3(251)) - 2bed06ad-feb1-4a42-84de-0c97964ae469@group-40A86E6D8F12: shutdown
2019-09-17 10:14:00,872 [ForkJoinPool.commonPool-worker-0] INFO  util.JmxRegister (JmxRegister.java:unregister(73)) - Successfully un-registered JMX Bean with object name Ratis:service=RaftServer,group=group-BB27F83832E4,id=2bed06ad-feb1-4a42-84de-0c97964ae469
2019-09-17 10:14:00,873 [main] INFO  util.JmxRegister (JmxRegister.java:unregister(73)) - Successfully un-registered JMX Bean with object name Ratis:service=RaftServer,group=group-40A86E6D8F12,id=2bed06ad-feb1-4a42-84de-0c97964ae469
2019-09-17 10:14:00,873 [ForkJoinPool.commonPool-worker-0] INFO  impl.RoleInfo (RoleInfo.java:shutdownFollowerState(121)) - 2bed06ad-feb1-4a42-84de-0c97964ae469: shutdown FollowerState
2019-09-17 10:14:00,873 [main] INFO  impl.RoleInfo (RoleInfo.java:shutdownLeaderState(104)) - 2bed06ad-feb1-4a42-84de-0c97964ae469: shutdown LeaderState
2019-09-17 10:14:00,873 [Thread-417] INFO  impl.FollowerState (FollowerState.java:run(115)) - 2bed06ad-feb1-4a42-84de-0c97964ae469: FollowerState was interrupted: java.lang.InterruptedException: sleep interrupted
2019-09-17 10:14:00,873 [ForkJoinPool.commonPool-worker-0] INFO  impl.StateMachineUpdater (StateMachineUpdater.java:stopAndJoin(125)) - 2bed06ad-feb1-4a42-84de-0c97964ae469@group-BB27F83832E4-StateMachineUpdater: set stopIndex = 16
2019-09-17 10:14:00,880 [main] INFO  impl.PendingRequests (PendingRequests.java:sendNotLeaderResponses(202)) - 2bed06ad-feb1-4a42-84de-0c97964ae469-PendingRequests: sendNotLeaderResponses
2019-09-17 10:14:00,873 [2bed06ad-feb1-4a42-84de-0c97964ae469@group-BB27F83832E4-StateMachineUpdater] INFO  ratis.ContainerStateMachine (ContainerStateMachine.java:takeSnapshot(289)) - group-BB27F83832E4: Taking a snapshot at:(t:2, i:13) file /workdir/hadoop-ozone/integration-test/target/test-dir/MiniOzoneClusterImpl-79292457-8b46-4756-affc-c3b1963f1051/datanode-9/data/ratis/6d65ff06-e079-45f6-91fb-bb27f83832e4/sm/snapshot.2_13
2019-09-17 10:14:00,882 [main] INFO  impl.StateMachineUpdater (StateMachineUpdater.java:stopAndJoin(125)) - 2bed06ad-feb1-4a42-84de-0c97964ae469@group-40A86E6D8F12-StateMachineUpdater: set stopIndex = 0
2019-09-17 10:14:00,885 [main] INFO  impl.RaftServerImpl (ServerState.java:close(385)) - 2bed06ad-feb1-4a42-84de-0c97964ae469@group-40A86E6D8F12: closes. applyIndex: 0
2019-09-17 10:14:00,887 [2bed06ad-feb1-4a42-84de-0c97964ae469@group-40A86E6D8F12-SegmentedRaftLogWorker] INFO  segmented.SegmentedRaftLogWorker (SegmentedRaftLogWorker.java:run(313)) - 2bed06ad-feb1-4a42-84de-0c97964ae469@group-40A86E6D8F12-SegmentedRaftLogWorker was interrupted, exiting. There are 0 tasks remaining in the queue.
2019-09-17 10:14:00,892 [main] INFO  segmented.SegmentedRaftLogWorker (SegmentedRaftLogWorker.java:close(228)) - 2bed06ad-feb1-4a42-84de-0c97964ae469@group-40A86E6D8F12-SegmentedRaftLogWorker close()
2019-09-17 10:14:00,904 [java.util.concurrent.ThreadPoolExecutor$Worker@2b753c64[State = -1, empty queue]] WARN  server.GrpcLogAppender (GrpcLogAppender.java:timeoutAppendRequest(200)) - 04cd4a9b-51ef-4921-b690-09927bd9ce1f@group-BB27F83832E4->2bed06ad-feb1-4a42-84de-0c97964ae469-GrpcLogAppender: appendEntries Timeout, request=04cd4a9b-51ef-4921-b690-09927bd9ce1f->2bed06ad-feb1-4a42-84de-0c97964ae469#63-t2, previous=(t:2, i:20), leaderCommit=16, initializing? false, entries: <empty>
2019-09-17 10:14:00,904 [java.util.concurrent.ThreadPoolExecutor$Worker@ffdc692[State = -1, empty queue]] WARN  server.GrpcLogAppender (GrpcLogAppender.java:timeoutAppendRequest(200)) - 04cd4a9b-51ef-4921-b690-09927bd9ce1f@group-BB27F83832E4->cd7fb81c-86a4-4055-b819-d84d71d1e03b-GrpcLogAppender: appendEntries Timeout, request=04cd4a9b-51ef-4921-b690-09927bd9ce1f->cd7fb81c-86a4-4055-b819-d84d71d1e03b#63-t2, previous=(t:2, i:20), leaderCommit=16, initializing? false, entries: <empty>
2019-09-17 10:14:00,923 [2bed06ad-feb1-4a42-84de-0c97964ae469@group-BB27F83832E4-StateMachineUpdater] INFO  ratis.ContainerStateMachine (ContainerStateMachine.java:takeSnapshot(300)) - group-BB27F83832E4: Finished taking a snapshot at:(t:2, i:13) file:/workdir/hadoop-ozone/integration-test/target/test-dir/MiniOzoneClusterImpl-79292457-8b46-4756-affc-c3b1963f1051/datanode-9/data/ratis/6d65ff06-e079-45f6-91fb-bb27f83832e4/sm/snapshot.2_13 time:49
2019-09-17 10:14:00,923 [2bed06ad-feb1-4a42-84de-0c97964ae469@group-BB27F83832E4-StateMachineUpdater] INFO  impl.StateMachineUpdater (StateMachineUpdater.java:takeSnapshot(258)) - 2bed06ad-feb1-4a42-84de-0c97964ae469@group-BB27F83832E4-StateMachineUpdater: Took a snapshot at index 13
2019-09-17 10:14:00,923 [2bed06ad-feb1-4a42-84de-0c97964ae469@group-BB27F83832E4-StateMachineUpdater] INFO  impl.StateMachineUpdater (StateMachineUpdater.java:lambda$new$0(83)) - 2bed06ad-feb1-4a42-84de-0c97964ae469@group-BB27F83832E4-StateMachineUpdater: snapshotIndex: updateIncreasingly -1 -> 13
2019-09-17 10:14:00,930 [2bed06ad-feb1-4a42-84de-0c97964ae469@group-BB27F83832E4-StateMachineUpdater] INFO  ratis.ContainerStateMachine (ContainerStateMachine.java:takeSnapshot(289)) - group-BB27F83832E4: Taking a snapshot at:(t:2, i:13) file /workdir/hadoop-ozone/integration-test/target/test-dir/MiniOzoneClusterImpl-79292457-8b46-4756-affc-c3b1963f1051/datanode-9/data/ratis/6d65ff06-e079-45f6-91fb-bb27f83832e4/sm/snapshot.2_13
2019-09-17 10:14:00,943 [2bed06ad-feb1-4a42-84de-0c97964ae469@group-BB27F83832E4-StateMachineUpdater] INFO  ratis.ContainerStateMachine (ContainerStateMachine.java:takeSnapshot(300)) - group-BB27F83832E4: Finished taking a snapshot at:(t:2, i:13) file:/workdir/hadoop-ozone/integration-test/target/test-dir/MiniOzoneClusterImpl-79292457-8b46-4756-affc-c3b1963f1051/datanode-9/data/ratis/6d65ff06-e079-45f6-91fb-bb27f83832e4/sm/snapshot.2_13 time:14
2019-09-17 10:14:00,943 [2bed06ad-feb1-4a42-84de-0c97964ae469@group-BB27F83832E4-StateMachineUpdater] INFO  impl.StateMachineUpdater (StateMachineUpdater.java:takeSnapshot(258)) - 2bed06ad-feb1-4a42-84de-0c97964ae469@group-BB27F83832E4-StateMachineUpdater: Took a snapshot at index 13
2019-09-17 10:14:00,943 [2bed06ad-feb1-4a42-84de-0c97964ae469@group-BB27F83832E4-StateMachineUpdater] INFO  impl.StateMachineUpdater (StateMachineUpdater.java:lambda$new$0(83)) - 2bed06ad-feb1-4a42-84de-0c97964ae469@group-BB27F83832E4-StateMachineUpdater: snapshotIndex: updateIncreasingly 13 -> 13
2019-09-17 10:14:00,944 [ForkJoinPool.commonPool-worker-0] INFO  impl.RaftServerImpl (ServerState.java:close(385)) - 2bed06ad-feb1-4a42-84de-0c97964ae469@group-BB27F83832E4: closes. applyIndex: 16
2019-09-17 10:14:00,956 [2bed06ad-feb1-4a42-84de-0c97964ae469@group-BB27F83832E4-SegmentedRaftLogWorker] ERROR ratis.XceiverServerRatis (XceiverServerRatis.java:triggerPipelineClose(568)) - pipeline Action CLOSE  on pipeline PipelineID=6d65ff06-e079-45f6-91fb-bb27f83832e4.Reason : WriteLog:19: (t:2, i:19), STATEMACHINELOGENTRY, client-DD787AC5056F, cid=30-writeStateMachineData interrupted.
2019-09-17 10:14:00,969 [ForkJoinPool.commonPool-worker-0] INFO  segmented.SegmentedRaftLogWorker (SegmentedRaftLogWorker.java:close(228)) - 2bed06ad-feb1-4a42-84de-0c97964ae469@group-BB27F83832E4-SegmentedRaftLogWorker close()
2019-09-17 10:14:00,969 [main] INFO  server.GrpcService (GrpcService.java:closeImpl(164)) - 2bed06ad-feb1-4a42-84de-0c97964ae469: shutdown server with port 36327 now
2019-09-17 10:14:00,976 [main] INFO  server.GrpcService (GrpcService.java:closeImpl(172)) - 2bed06ad-feb1-4a42-84de-0c97964ae469: shutdown server with port 36327 successfully
2019-09-17 10:14:00,977 [grpc-default-executor-4] WARN  server.GrpcServerProtocolService (LogUtils.java:warn(134)) - 2bed06ad-feb1-4a42-84de-0c97964ae469: installSnapshot onError, lastRequest: 04cd4a9b-51ef-4921-b690-09927bd9ce1f->2bed06ad-feb1-4a42-84de-0c97964ae469#69-t2, previous=(t:2, i:20), leaderCommit=16, initializing? false, entries: <empty>: org.apache.ratis.thirdparty.io.grpc.StatusRuntimeException: CANCELLED: cancelled before receiving half close
2019-09-17 10:14:00,978 [grpc-default-executor-8] WARN  server.GrpcLogAppender (LogUtils.java:warn(134)) - 04cd4a9b-51ef-4921-b690-09927bd9ce1f@group-BB27F83832E4->2bed06ad-feb1-4a42-84de-0c97964ae469-AppendLogResponseHandler: Failed appendEntries: org.apache.ratis.thirdparty.io.grpc.StatusRuntimeException: CANCELLED: HTTP/2 error code: CANCEL
Received Rst Stream
2019-09-17 10:14:00,983 [refreshUsed-/workdir/hadoop-ozone/integration-test/target/test-dir/MiniOzoneClusterImpl-79292457-8b46-4756-affc-c3b1963f1051/datanode-9/data/containers] WARN  fs.CachingGetSpaceUsed (CachingGetSpaceUsed.java:run(183)) - Thread Interrupted waiting to refresh disk information: sleep interrupted
2019-09-17 10:14:00,984 [grpc-default-executor-8] INFO  impl.FollowerInfo (FollowerInfo.java:lambda$new$0(51)) - 04cd4a9b-51ef-4921-b690-09927bd9ce1f@group-BB27F83832E4->2bed06ad-feb1-4a42-84de-0c97964ae469: nextIndex: updateUnconditionally 21 -> 17
2019-09-17 10:14:00,998 [main] INFO  utils.BackgroundService (BackgroundService.java:shutdown(148)) - Shutting down service BlockDeletingService
2019-09-17 10:14:01,003 [main] INFO  statemachine.DatanodeStateMachine (DatanodeStateMachine.java:stopDaemon(395)) - Ozone container server stopped.
2019-09-17 10:14:01,008 [main] INFO  handler.ContextHandler (ContextHandler.java:doStop(910)) - Stopped o.e.j.w.WebAppContext@26bbe604{/,null,UNAVAILABLE}{/hddsDatanode}
2019-09-17 10:14:01,013 [main] INFO  server.AbstractConnector (AbstractConnector.java:doStop(318)) - Stopped ServerConnector@fe34b86{HTTP/1.1,[http/1.1]}{0.0.0.0:0}
2019-09-17 10:14:01,013 [main] INFO  handler.ContextHandler (ContextHandler.java:doStop(910)) - Stopped o.e.j.s.ServletContextHandler@136965e3{/static,jar:file:/home/user/.m2/repository/org/apache/hadoop/hadoop-hdds-container-service/0.5.0-SNAPSHOT/hadoop-hdds-container-service-0.5.0-SNAPSHOT.jar!/webapps/static,UNAVAILABLE}
2019-09-17 10:14:01,013 [main] INFO  handler.ContextHandler (ContextHandler.java:doStop(910)) - Stopped o.e.j.s.ServletContextHandler@5578be42{/logs,file:///workdir/hadoop-ozone/integration-test/target/log,UNAVAILABLE}
2019-09-17 10:14:01,079 [grpc-default-executor-4] INFO  client.GrpcClientProtocolClient (GrpcClientProtocolClient.java:onNext(264)) - client-4B6CA9A66071->95d6cb39-2a6f-4d2b-8ab1-47b9e22fb0ea: receive RaftClientReply:client-4B6CA9A66071->95d6cb39-2a6f-4d2b-8ab1-47b9e22fb0ea@group-2E14F5217065, cid=46, SUCCESS, logIndex=9, commits[95d6cb39-2a6f-4d2b-8ab1-47b9e22fb0ea:c10, cc01c7d5-5dcf-4408-8cdb-fcf6ab2d1d3a:c8, 55583e5a-eaa2-4a32-b956-442090b04083:c8]
2019-09-17 10:14:01,080 [grpc-default-executor-4] INFO  client.GrpcClientProtocolClient (GrpcClientProtocolClient.java:onNext(264)) - client-4B6CA9A66071->95d6cb39-2a6f-4d2b-8ab1-47b9e22fb0ea: receive RaftClientReply:client-4B6CA9A66071->95d6cb39-2a6f-4d2b-8ab1-47b9e22fb0ea@group-2E14F5217065, cid=47, SUCCESS, logIndex=10, commits[95d6cb39-2a6f-4d2b-8ab1-47b9e22fb0ea:c10, cc01c7d5-5dcf-4408-8cdb-fcf6ab2d1d3a:c8, 55583e5a-eaa2-4a32-b956-442090b04083:c8]
2019-09-17 10:14:01,100 [grpc-default-executor-4] INFO  client.GrpcClientProtocolClient (GrpcClientProtocolClient.java:onNext(264)) - client-4B6CA9A66071->95d6cb39-2a6f-4d2b-8ab1-47b9e22fb0ea: receive RaftClientReply:client-4B6CA9A66071->95d6cb39-2a6f-4d2b-8ab1-47b9e22fb0ea@group-2E14F5217065, cid=48, SUCCESS, logIndex=11, commits[95d6cb39-2a6f-4d2b-8ab1-47b9e22fb0ea:c12, cc01c7d5-5dcf-4408-8cdb-fcf6ab2d1d3a:c8, 55583e5a-eaa2-4a32-b956-442090b04083:c8]
2019-09-17 10:14:01,101 [grpc-default-executor-4] INFO  client.GrpcClientProtocolClient (GrpcClientProtocolClient.java:onNext(264)) - client-4B6CA9A66071->95d6cb39-2a6f-4d2b-8ab1-47b9e22fb0ea: receive RaftClientReply:client-4B6CA9A66071->95d6cb39-2a6f-4d2b-8ab1-47b9e22fb0ea@group-2E14F5217065, cid=49, SUCCESS, logIndex=12, commits[95d6cb39-2a6f-4d2b-8ab1-47b9e22fb0ea:c14, cc01c7d5-5dcf-4408-8cdb-fcf6ab2d1d3a:c10, 55583e5a-eaa2-4a32-b956-442090b04083:c10]
2019-09-17 10:14:01,115 [grpc-default-executor-4] INFO  client.GrpcClientProtocolClient (GrpcClientProtocolClient.java:onNext(264)) - client-4B6CA9A66071->95d6cb39-2a6f-4d2b-8ab1-47b9e22fb0ea: receive RaftClientReply:client-4B6CA9A66071->95d6cb39-2a6f-4d2b-8ab1-47b9e22fb0ea@group-2E14F5217065, cid=50, SUCCESS, logIndex=0, commits[95d6cb39-2a6f-4d2b-8ab1-47b9e22fb0ea:c16, cc01c7d5-5dcf-4408-8cdb-fcf6ab2d1d3a:c12, 55583e5a-eaa2-4a32-b956-442090b04083:c12]
2019-09-17 10:14:01,404 [java.util.concurrent.ThreadPoolExecutor$Worker@ffdc692[State = -1, empty queue]] WARN  server.GrpcLogAppender (GrpcLogAppender.java:timeoutAppendRequest(200)) - 04cd4a9b-51ef-4921-b690-09927bd9ce1f@group-BB27F83832E4->cd7fb81c-86a4-4055-b819-d84d71d1e03b-GrpcLogAppender: appendEntries Timeout, request=04cd4a9b-51ef-4921-b690-09927bd9ce1f->cd7fb81c-86a4-4055-b819-d84d71d1e03b#64-t2, previous=(t:2, i:20), leaderCommit=16, initializing? false, entries: <empty>
2019-09-17 10:14:01,416 [grpc-default-executor-8] WARN  server.GrpcLogAppender (LogUtils.java:warn(134)) - 04cd4a9b-51ef-4921-b690-09927bd9ce1f@group-BB27F83832E4->2bed06ad-feb1-4a42-84de-0c97964ae469-AppendLogResponseHandler: Failed appendEntries: org.apache.ratis.thirdparty.io.grpc.StatusRuntimeException: UNAVAILABLE: io exception
2019-09-17 10:14:01,419 [grpc-default-executor-8] INFO  impl.FollowerInfo (FollowerInfo.java:lambda$new$0(51)) - 04cd4a9b-51ef-4921-b690-09927bd9ce1f@group-BB27F83832E4->2bed06ad-feb1-4a42-84de-0c97964ae469: nextIndex: updateUnconditionally 17 -> 16
2019-09-17 10:14:01,905 [java.util.concurrent.ThreadPoolExecutor$Worker@ffdc692[State = -1, empty queue]] WARN  server.GrpcLogAppender (GrpcLogAppender.java:timeoutAppendRequest(200)) - 04cd4a9b-51ef-4921-b690-09927bd9ce1f@group-BB27F83832E4->cd7fb81c-86a4-4055-b819-d84d71d1e03b-GrpcLogAppender: appendEntries Timeout, request=04cd4a9b-51ef-4921-b690-09927bd9ce1f->cd7fb81c-86a4-4055-b819-d84d71d1e03b#65-t2, previous=(t:2, i:20), leaderCommit=16, initializing? false, entries: <empty>
2019-09-17 10:14:01,910 [grpc-default-executor-13] WARN  server.GrpcLogAppender (LogUtils.java:warn(134)) - 04cd4a9b-51ef-4921-b690-09927bd9ce1f@group-BB27F83832E4->2bed06ad-feb1-4a42-84de-0c97964ae469-AppendLogResponseHandler: Failed appendEntries: org.apache.ratis.thirdparty.io.grpc.StatusRuntimeException: UNAVAILABLE: io exception
2019-09-17 10:14:01,914 [grpc-default-executor-13] INFO  impl.FollowerInfo (FollowerInfo.java:lambda$new$0(51)) - 04cd4a9b-51ef-4921-b690-09927bd9ce1f@group-BB27F83832E4->2bed06ad-feb1-4a42-84de-0c97964ae469: nextIndex: updateUnconditionally 16 -> 15
2019-09-17 10:14:02,405 [java.util.concurrent.ThreadPoolExecutor$Worker@ffdc692[State = -1, empty queue]] WARN  server.GrpcLogAppender (GrpcLogAppender.java:timeoutAppendRequest(200)) - 04cd4a9b-51ef-4921-b690-09927bd9ce1f@group-BB27F83832E4->cd7fb81c-86a4-4055-b819-d84d71d1e03b-GrpcLogAppender: appendEntries Timeout, request=04cd4a9b-51ef-4921-b690-09927bd9ce1f->cd7fb81c-86a4-4055-b819-d84d71d1e03b#66-t2, previous=(t:2, i:20), leaderCommit=16, initializing? false, entries: <empty>
2019-09-17 10:14:02,410 [grpc-default-executor-8] WARN  server.GrpcLogAppender (LogUtils.java:warn(134)) - 04cd4a9b-51ef-4921-b690-09927bd9ce1f@group-BB27F83832E4->2bed06ad-feb1-4a42-84de-0c97964ae469-AppendLogResponseHandler: Failed appendEntries: org.apache.ratis.thirdparty.io.grpc.StatusRuntimeException: UNAVAILABLE: io exception
2019-09-17 10:14:02,414 [grpc-default-executor-8] INFO  impl.FollowerInfo (FollowerInfo.java:lambda$new$0(51)) - 04cd4a9b-51ef-4921-b690-09927bd9ce1f@group-BB27F83832E4->2bed06ad-feb1-4a42-84de-0c97964ae469: nextIndex: updateUnconditionally 15 -> 14
2019-09-17 10:14:02,905 [java.util.concurrent.ThreadPoolExecutor$Worker@ffdc692[State = -1, empty queue]] WARN  server.GrpcLogAppender (GrpcLogAppender.java:timeoutAppendRequest(200)) - 04cd4a9b-51ef-4921-b690-09927bd9ce1f@group-BB27F83832E4->cd7fb81c-86a4-4055-b819-d84d71d1e03b-GrpcLogAppender: appendEntries Timeout, request=04cd4a9b-51ef-4921-b690-09927bd9ce1f->cd7fb81c-86a4-4055-b819-d84d71d1e03b#67-t2, previous=(t:2, i:20), leaderCommit=16, initializing? false, entries: <empty>
2019-09-17 10:14:02,911 [grpc-default-executor-4] WARN  server.GrpcLogAppender (LogUtils.java:warn(134)) - 04cd4a9b-51ef-4921-b690-09927bd9ce1f@group-BB27F83832E4->2bed06ad-feb1-4a42-84de-0c97964ae469-AppendLogResponseHandler: Failed appendEntries: org.apache.ratis.thirdparty.io.grpc.StatusRuntimeException: UNAVAILABLE: io exception
2019-09-17 10:14:02,915 [grpc-default-executor-4] INFO  impl.FollowerInfo (FollowerInfo.java:lambda$new$0(51)) - 04cd4a9b-51ef-4921-b690-09927bd9ce1f@group-BB27F83832E4->2bed06ad-feb1-4a42-84de-0c97964ae469: nextIndex: updateUnconditionally 14 -> 13
2019-09-17 10:14:03,406 [java.util.concurrent.ThreadPoolExecutor$Worker@ffdc692[State = -1, empty queue]] WARN  server.GrpcLogAppender (GrpcLogAppender.java:timeoutAppendRequest(200)) - 04cd4a9b-51ef-4921-b690-09927bd9ce1f@group-BB27F83832E4->cd7fb81c-86a4-4055-b819-d84d71d1e03b-GrpcLogAppender: appendEntries Timeout, request=04cd4a9b-51ef-4921-b690-09927bd9ce1f->cd7fb81c-86a4-4055-b819-d84d71d1e03b#68-t2, previous=(t:2, i:20), leaderCommit=16, initializing? false, entries: <empty>
2019-09-17 10:14:03,412 [grpc-default-executor-8] WARN  server.GrpcLogAppender (LogUtils.java:warn(134)) - 04cd4a9b-51ef-4921-b690-09927bd9ce1f@group-BB27F83832E4->2bed06ad-feb1-4a42-84de-0c97964ae469-AppendLogResponseHandler: Failed appendEntries: org.apache.ratis.thirdparty.io.grpc.StatusRuntimeException: UNAVAILABLE: io exception
2019-09-17 10:14:03,416 [grpc-default-executor-8] INFO  impl.FollowerInfo (FollowerInfo.java:lambda$new$0(51)) - 04cd4a9b-51ef-4921-b690-09927bd9ce1f@group-BB27F83832E4->2bed06ad-feb1-4a42-84de-0c97964ae469: nextIndex: updateUnconditionally 13 -> 12
2019-09-17 10:14:03,906 [java.util.concurrent.ThreadPoolExecutor$Worker@ffdc692[State = -1, empty queue]] WARN  server.GrpcLogAppender (GrpcLogAppender.java:timeoutAppendRequest(200)) - 04cd4a9b-51ef-4921-b690-09927bd9ce1f@group-BB27F83832E4->cd7fb81c-86a4-4055-b819-d84d71d1e03b-GrpcLogAppender: appendEntries Timeout, request=04cd4a9b-51ef-4921-b690-09927bd9ce1f->cd7fb81c-86a4-4055-b819-d84d71d1e03b#69-t2, previous=(t:2, i:20), leaderCommit=16, initializing? false, entries: <empty>
2019-09-17 10:14:03,914 [grpc-default-executor-13] WARN  server.GrpcLogAppender (LogUtils.java:warn(134)) - 04cd4a9b-51ef-4921-b690-09927bd9ce1f@group-BB27F83832E4->2bed06ad-feb1-4a42-84de-0c97964ae469-AppendLogResponseHandler: Failed appendEntries: org.apache.ratis.thirdparty.io.grpc.StatusRuntimeException: UNAVAILABLE: io exception
2019-09-17 10:14:03,919 [grpc-default-executor-13] INFO  impl.FollowerInfo (FollowerInfo.java:lambda$new$0(51)) - 04cd4a9b-51ef-4921-b690-09927bd9ce1f@group-BB27F83832E4->2bed06ad-feb1-4a42-84de-0c97964ae469: nextIndex: updateUnconditionally 12 -> 11
2019-09-17 10:14:04,167 [java.util.concurrent.ThreadPoolExecutor$Worker@1abe7d4f[State = -1, empty queue]] WARN  server.GrpcLogAppender (GrpcLogAppender.java:timeoutAppendRequest(200)) - 95d6cb39-2a6f-4d2b-8ab1-47b9e22fb0ea@group-2E14F5217065->55583e5a-eaa2-4a32-b956-442090b04083-GrpcLogAppender: appendEntries Timeout, request=95d6cb39-2a6f-4d2b-8ab1-47b9e22fb0ea->55583e5a-eaa2-4a32-b956-442090b04083#66-t2, previous=(t:2, i:16), leaderCommit=16, initializing? false, entries: size=1, first=(t:2, i:17), STATEMACHINELOGENTRY, client-4B6CA9A66071, cid=51
2019-09-17 10:14:04,168 [java.util.concurrent.ThreadPoolExecutor$Worker@1abe7d4f[State = -1, empty queue]] WARN  server.GrpcLogAppender (GrpcLogAppender.java:timeoutAppendRequest(200)) - 95d6cb39-2a6f-4d2b-8ab1-47b9e22fb0ea@group-2E14F5217065->55583e5a-eaa2-4a32-b956-442090b04083-GrpcLogAppender: appendEntries Timeout, request=95d6cb39-2a6f-4d2b-8ab1-47b9e22fb0ea->55583e5a-eaa2-4a32-b956-442090b04083#67-t2, previous=(t:2, i:17), leaderCommit=16, initializing? false, entries: size=1, first=(t:2, i:18), STATEMACHINELOGENTRY, client-4B6CA9A66071, cid=52
2019-09-17 10:14:04,172 [java.util.concurrent.ThreadPoolExecutor$Worker@1abe7d4f[State = -1, empty queue]] WARN  server.GrpcLogAppender (GrpcLogAppender.java:timeoutAppendRequest(200)) - 95d6cb39-2a6f-4d2b-8ab1-47b9e22fb0ea@group-2E14F5217065->55583e5a-eaa2-4a32-b956-442090b04083-GrpcLogAppender: appendEntries Timeout, request=95d6cb39-2a6f-4d2b-8ab1-47b9e22fb0ea->55583e5a-eaa2-4a32-b956-442090b04083#68-t2, previous=(t:2, i:18), leaderCommit=16, initializing? false, entries: size=1, first=(t:2, i:19), STATEMACHINELOGENTRY, client-4B6CA9A66071, cid=53
2019-09-17 10:14:04,172 [java.util.concurrent.ThreadPoolExecutor$Worker@1abe7d4f[State = -1, empty queue]] WARN  server.GrpcLogAppender (GrpcLogAppender.java:timeoutAppendRequest(200)) - 95d6cb39-2a6f-4d2b-8ab1-47b9e22fb0ea@group-2E14F5217065->55583e5a-eaa2-4a32-b956-442090b04083-GrpcLogAppender: appendEntries Timeout, request=95d6cb39-2a6f-4d2b-8ab1-47b9e22fb0ea->55583e5a-eaa2-4a32-b956-442090b04083#69-t2, previous=(t:2, i:19), leaderCommit=16, initializing? false, entries: size=1, first=(t:2, i:20), STATEMACHINELOGENTRY, client-4B6CA9A66071, cid=54
2019-09-17 10:14:04,407 [java.util.concurrent.ThreadPoolExecutor$Worker@ffdc692[State = -1, empty queue]] WARN  server.GrpcLogAppender (GrpcLogAppender.java:timeoutAppendRequest(200)) - 04cd4a9b-51ef-4921-b690-09927bd9ce1f@group-BB27F83832E4->cd7fb81c-86a4-4055-b819-d84d71d1e03b-GrpcLogAppender: appendEntries Timeout, request=04cd4a9b-51ef-4921-b690-09927bd9ce1f->cd7fb81c-86a4-4055-b819-d84d71d1e03b#70-t2, previous=(t:2, i:20), leaderCommit=16, initializing? false, entries: <empty>
2019-09-17 10:14:04,417 [grpc-default-executor-4] WARN  server.GrpcLogAppender (LogUtils.java:warn(134)) - 04cd4a9b-51ef-4921-b690-09927bd9ce1f@group-BB27F83832E4->2bed06ad-feb1-4a42-84de-0c97964ae469-AppendLogResponseHandler: Failed appendEntries: org.apache.ratis.thirdparty.io.grpc.StatusRuntimeException: UNAVAILABLE: io exception
2019-09-17 10:14:04,420 [grpc-default-executor-4] INFO  impl.FollowerInfo (FollowerInfo.java:lambda$new$0(51)) - 04cd4a9b-51ef-4921-b690-09927bd9ce1f@group-BB27F83832E4->2bed06ad-feb1-4a42-84de-0c97964ae469: nextIndex: updateUnconditionally 11 -> 10
2019-09-17 10:14:04,672 [java.util.concurrent.ThreadPoolExecutor$Worker@1abe7d4f[State = -1, empty queue]] WARN  server.GrpcLogAppender (GrpcLogAppender.java:timeoutAppendRequest(200)) - 95d6cb39-2a6f-4d2b-8ab1-47b9e22fb0ea@group-2E14F5217065->55583e5a-eaa2-4a32-b956-442090b04083-GrpcLogAppender: appendEntries Timeout, request=95d6cb39-2a6f-4d2b-8ab1-47b9e22fb0ea->55583e5a-eaa2-4a32-b956-442090b04083#70-t2, previous=(t:2, i:20), leaderCommit=16, initializing? false, entries: <empty>
2019-09-17 10:14:04,907 [java.util.concurrent.ThreadPoolExecutor$Worker@ffdc692[State = -1, empty queue]] WARN  server.GrpcLogAppender (GrpcLogAppender.java:timeoutAppendRequest(200)) - 04cd4a9b-51ef-4921-b690-09927bd9ce1f@group-BB27F83832E4->cd7fb81c-86a4-4055-b819-d84d71d1e03b-GrpcLogAppender: appendEntries Timeout, request=04cd4a9b-51ef-4921-b690-09927bd9ce1f->cd7fb81c-86a4-4055-b819-d84d71d1e03b#71-t2, previous=(t:2, i:20), leaderCommit=16, initializing? false, entries: <empty>
2019-09-17 10:14:04,917 [grpc-default-executor-8] WARN  server.GrpcLogAppender (LogUtils.java:warn(134)) - 04cd4a9b-51ef-4921-b690-09927bd9ce1f@group-BB27F83832E4->2bed06ad-feb1-4a42-84de-0c97964ae469-AppendLogResponseHandler: Failed appendEntries: org.apache.ratis.thirdparty.io.grpc.StatusRuntimeException: UNAVAILABLE: io exception
2019-09-17 10:14:04,932 [grpc-default-executor-8] INFO  impl.FollowerInfo (FollowerInfo.java:lambda$new$0(51)) - 04cd4a9b-51ef-4921-b690-09927bd9ce1f@group-BB27F83832E4->2bed06ad-feb1-4a42-84de-0c97964ae469: nextIndex: updateUnconditionally 10 -> 9
2019-09-17 10:14:05,175 [java.util.concurrent.ThreadPoolExecutor$Worker@1abe7d4f[State = -1, empty queue]] WARN  server.GrpcLogAppender (GrpcLogAppender.java:timeoutAppendRequest(200)) - 95d6cb39-2a6f-4d2b-8ab1-47b9e22fb0ea@group-2E14F5217065->55583e5a-eaa2-4a32-b956-442090b04083-GrpcLogAppender: appendEntries Timeout, request=95d6cb39-2a6f-4d2b-8ab1-47b9e22fb0ea->55583e5a-eaa2-4a32-b956-442090b04083#71-t2, previous=(t:2, i:20), leaderCommit=16, initializing? false, entries: <empty>
2019-09-17 10:14:05,407 [java.util.concurrent.ThreadPoolExecutor$Worker@ffdc692[State = -1, empty queue]] WARN  server.GrpcLogAppender (GrpcLogAppender.java:timeoutAppendRequest(200)) - 04cd4a9b-51ef-4921-b690-09927bd9ce1f@group-BB27F83832E4->cd7fb81c-86a4-4055-b819-d84d71d1e03b-GrpcLogAppender: appendEntries Timeout, request=04cd4a9b-51ef-4921-b690-09927bd9ce1f->cd7fb81c-86a4-4055-b819-d84d71d1e03b#72-t2, previous=(t:2, i:20), leaderCommit=16, initializing? false, entries: <empty>
2019-09-17 10:14:05,418 [grpc-default-executor-13] WARN  server.GrpcLogAppender (LogUtils.java:warn(134)) - 04cd4a9b-51ef-4921-b690-09927bd9ce1f@group-BB27F83832E4->2bed06ad-feb1-4a42-84de-0c97964ae469-AppendLogResponseHandler: Failed appendEntries: org.apache.ratis.thirdparty.io.grpc.StatusRuntimeException: UNAVAILABLE: io exception
2019-09-17 10:14:05,421 [grpc-default-executor-13] INFO  impl.FollowerInfo (FollowerInfo.java:lambda$new$0(51)) - 04cd4a9b-51ef-4921-b690-09927bd9ce1f@group-BB27F83832E4->2bed06ad-feb1-4a42-84de-0c97964ae469: nextIndex: updateUnconditionally 9 -> 8
2019-09-17 10:14:05,673 [java.util.concurrent.ThreadPoolExecutor$Worker@1abe7d4f[State = -1, empty queue]] WARN  server.GrpcLogAppender (GrpcLogAppender.java:timeoutAppendRequest(200)) - 95d6cb39-2a6f-4d2b-8ab1-47b9e22fb0ea@group-2E14F5217065->55583e5a-eaa2-4a32-b956-442090b04083-GrpcLogAppender: appendEntries Timeout, request=95d6cb39-2a6f-4d2b-8ab1-47b9e22fb0ea->55583e5a-eaa2-4a32-b956-442090b04083#72-t2, previous=(t:2, i:20), leaderCommit=16, initializing? false, entries: <empty>
2019-09-17 10:14:05,907 [java.util.concurrent.ThreadPoolExecutor$Worker@ffdc692[State = -1, empty queue]] WARN  server.GrpcLogAppender (GrpcLogAppender.java:timeoutAppendRequest(200)) - 04cd4a9b-51ef-4921-b690-09927bd9ce1f@group-BB27F83832E4->cd7fb81c-86a4-4055-b819-d84d71d1e03b-GrpcLogAppender: appendEntries Timeout, request=04cd4a9b-51ef-4921-b690-09927bd9ce1f->cd7fb81c-86a4-4055-b819-d84d71d1e03b#73-t2, previous=(t:2, i:20), leaderCommit=16, initializing? false, entries: <empty>
2019-09-17 10:14:05,920 [grpc-default-executor-13] WARN  server.GrpcLogAppender (LogUtils.java:warn(134)) - 04cd4a9b-51ef-4921-b690-09927bd9ce1f@group-BB27F83832E4->2bed06ad-feb1-4a42-84de-0c97964ae469-AppendLogResponseHandler: Failed appendEntries: org.apache.ratis.thirdparty.io.grpc.StatusRuntimeException: UNAVAILABLE: io exception
2019-09-17 10:14:05,928 [grpc-default-executor-13] INFO  impl.FollowerInfo (FollowerInfo.java:lambda$new$0(51)) - 04cd4a9b-51ef-4921-b690-09927bd9ce1f@group-BB27F83832E4->2bed06ad-feb1-4a42-84de-0c97964ae469: nextIndex: updateUnconditionally 8 -> 7
2019-09-17 10:14:06,173 [java.util.concurrent.ThreadPoolExecutor$Worker@1abe7d4f[State = -1, empty queue]] WARN  server.GrpcLogAppender (GrpcLogAppender.java:timeoutAppendRequest(200)) - 95d6cb39-2a6f-4d2b-8ab1-47b9e22fb0ea@group-2E14F5217065->55583e5a-eaa2-4a32-b956-442090b04083-GrpcLogAppender: appendEntries Timeout, request=95d6cb39-2a6f-4d2b-8ab1-47b9e22fb0ea->55583e5a-eaa2-4a32-b956-442090b04083#73-t2, previous=(t:2, i:20), leaderCommit=16, initializing? false, entries: <empty>
2019-09-17 10:14:06,211 [grpc-default-executor-8] INFO  client.GrpcClientProtocolClient (GrpcClientProtocolClient.java:onNext(264)) - client-4B6CA9A66071->55583e5a-eaa2-4a32-b956-442090b04083: receive RaftClientReply:client-4B6CA9A66071->55583e5a-eaa2-4a32-b956-442090b04083@group-2E14F5217065, cid=51, FAILED org.apache.ratis.protocol.NotLeaderException: Server 55583e5a-eaa2-4a32-b956-442090b04083@group-2E14F5217065 is not the leader 95d6cb39-2a6f-4d2b-8ab1-47b9e22fb0ea:192.168.34.37:40405, logIndex=0, commits[55583e5a-eaa2-4a32-b956-442090b04083:c16, cc01c7d5-5dcf-4408-8cdb-fcf6ab2d1d3a:c16, 95d6cb39-2a6f-4d2b-8ab1-47b9e22fb0ea:c16]
2019-09-17 10:14:06,407 [java.util.concurrent.ThreadPoolExecutor$Worker@ffdc692[State = -1, empty queue]] WARN  server.GrpcLogAppender (GrpcLogAppender.java:timeoutAppendRequest(200)) - 04cd4a9b-51ef-4921-b690-09927bd9ce1f@group-BB27F83832E4->cd7fb81c-86a4-4055-b819-d84d71d1e03b-GrpcLogAppender: appendEntries Timeout, request=04cd4a9b-51ef-4921-b690-09927bd9ce1f->cd7fb81c-86a4-4055-b819-d84d71d1e03b#74-t2, previous=(t:2, i:20), leaderCommit=16, initializing? false, entries: <empty>
2019-09-17 10:14:06,420 [grpc-default-executor-4] WARN  server.GrpcLogAppender (LogUtils.java:warn(134)) - 04cd4a9b-51ef-4921-b690-09927bd9ce1f@group-BB27F83832E4->2bed06ad-feb1-4a42-84de-0c97964ae469-AppendLogResponseHandler: Failed appendEntries: org.apache.ratis.thirdparty.io.grpc.StatusRuntimeException: UNAVAILABLE: io exception
2019-09-17 10:14:06,426 [grpc-default-executor-4] INFO  impl.FollowerInfo (FollowerInfo.java:lambda$new$0(51)) - 04cd4a9b-51ef-4921-b690-09927bd9ce1f@group-BB27F83832E4->2bed06ad-feb1-4a42-84de-0c97964ae469: nextIndex: updateUnconditionally 7 -> 6
2019-09-17 10:14:06,674 [java.util.concurrent.ThreadPoolExecutor$Worker@1abe7d4f[State = -1, empty queue]] WARN  server.GrpcLogAppender (GrpcLogAppender.java:timeoutAppendRequest(200)) - 95d6cb39-2a6f-4d2b-8ab1-47b9e22fb0ea@group-2E14F5217065->55583e5a-eaa2-4a32-b956-442090b04083-GrpcLogAppender: appendEntries Timeout, request=95d6cb39-2a6f-4d2b-8ab1-47b9e22fb0ea->55583e5a-eaa2-4a32-b956-442090b04083#74-t2, previous=(t:2, i:20), leaderCommit=16, initializing? false, entries: <empty>
2019-09-17 10:14:06,804 [04cd4a9b-51ef-4921-b690-09927bd9ce1f@group-BB27F83832E4-SegmentedRaftLogWorker] WARN  segmented.SegmentedRaftLogWorker (SegmentedRaftLogWorker.java:getFromFuture(90)) - Timeout 2/~
org.apache.ratis.protocol.TimeoutIOException: Timeout 10s: WriteLog:19: (t:2, i:19), STATEMACHINELOGENTRY, client-DD787AC5056F, cid=30-writeStateMachineData
	at org.apache.ratis.util.IOUtils.getFromFuture(IOUtils.java:87)
	at org.apache.ratis.server.raftlog.segmented.SegmentedRaftLogWorker$StateMachineDataPolicy.getFromFuture(SegmentedRaftLogWorker.java:87)
	at org.apache.ratis.server.raftlog.segmented.SegmentedRaftLogWorker$WriteLog.execute(SegmentedRaftLogWorker.java:477)
	at org.apache.ratis.server.raftlog.segmented.SegmentedRaftLogWorker.run(SegmentedRaftLogWorker.java:289)
	at java.lang.Thread.run(Thread.java:748)
Caused by: java.util.concurrent.TimeoutException
	at java.util.concurrent.CompletableFuture.timedGet(CompletableFuture.java:1771)
	at java.util.concurrent.CompletableFuture.get(CompletableFuture.java:1915)
	at org.apache.ratis.util.IOUtils.getFromFuture(IOUtils.java:79)
	... 4 more
2019-09-17 10:14:06,805 [cd7fb81c-86a4-4055-b819-d84d71d1e03b@group-BB27F83832E4-SegmentedRaftLogWorker] WARN  segmented.SegmentedRaftLogWorker (SegmentedRaftLogWorker.java:getFromFuture(90)) - Timeout 2/~
org.apache.ratis.protocol.TimeoutIOException: Timeout 10s: WriteLog:19: (t:2, i:19), STATEMACHINELOGENTRY, client-DD787AC5056F, cid=30-writeStateMachineData
	at org.apache.ratis.util.IOUtils.getFromFuture(IOUtils.java:87)
	at org.apache.ratis.server.raftlog.segmented.SegmentedRaftLogWorker$StateMachineDataPolicy.getFromFuture(SegmentedRaftLogWorker.java:87)
	at org.apache.ratis.server.raftlog.segmented.SegmentedRaftLogWorker$WriteLog.execute(SegmentedRaftLogWorker.java:477)
	at org.apache.ratis.server.raftlog.segmented.SegmentedRaftLogWorker.run(SegmentedRaftLogWorker.java:289)
	at java.lang.Thread.run(Thread.java:748)
Caused by: java.util.concurrent.TimeoutException
	at java.util.concurrent.CompletableFuture.timedGet(CompletableFuture.java:1771)
	at java.util.concurrent.CompletableFuture.get(CompletableFuture.java:1915)
	at org.apache.ratis.util.IOUtils.getFromFuture(IOUtils.java:79)
	... 4 more
2019-09-17 10:14:06,908 [java.util.concurrent.ThreadPoolExecutor$Worker@ffdc692[State = -1, empty queue]] WARN  server.GrpcLogAppender (GrpcLogAppender.java:timeoutAppendRequest(200)) - 04cd4a9b-51ef-4921-b690-09927bd9ce1f@group-BB27F83832E4->cd7fb81c-86a4-4055-b819-d84d71d1e03b-GrpcLogAppender: appendEntries Timeout, request=04cd4a9b-51ef-4921-b690-09927bd9ce1f->cd7fb81c-86a4-4055-b819-d84d71d1e03b#75-t2, previous=(t:2, i:20), leaderCommit=16, initializing? false, entries: <empty>
2019-09-17 10:14:06,920 [grpc-default-executor-4] WARN  server.GrpcLogAppender (LogUtils.java:warn(134)) - 04cd4a9b-51ef-4921-b690-09927bd9ce1f@group-BB27F83832E4->2bed06ad-feb1-4a42-84de-0c97964ae469-AppendLogResponseHandler: Failed appendEntries: org.apache.ratis.thirdparty.io.grpc.StatusRuntimeException: UNAVAILABLE: io exception
2019-09-17 10:14:06,924 [grpc-default-executor-4] INFO  impl.FollowerInfo (FollowerInfo.java:lambda$new$0(51)) - 04cd4a9b-51ef-4921-b690-09927bd9ce1f@group-BB27F83832E4->2bed06ad-feb1-4a42-84de-0c97964ae469: nextIndex: updateUnconditionally 6 -> 5
2019-09-17 10:14:07,174 [java.util.concurrent.ThreadPoolExecutor$Worker@1abe7d4f[State = -1, empty queue]] WARN  server.GrpcLogAppender (GrpcLogAppender.java:timeoutAppendRequest(200)) - 95d6cb39-2a6f-4d2b-8ab1-47b9e22fb0ea@group-2E14F5217065->55583e5a-eaa2-4a32-b956-442090b04083-GrpcLogAppender: appendEntries Timeout, request=95d6cb39-2a6f-4d2b-8ab1-47b9e22fb0ea->55583e5a-eaa2-4a32-b956-442090b04083#75-t2, previous=(t:2, i:20), leaderCommit=16, initializing? false, entries: <empty>
2019-09-17 10:14:07,412 [java.util.concurrent.ThreadPoolExecutor$Worker@ffdc692[State = -1, empty queue]] WARN  server.GrpcLogAppender (GrpcLogAppender.java:timeoutAppendRequest(200)) - 04cd4a9b-51ef-4921-b690-09927bd9ce1f@group-BB27F83832E4->cd7fb81c-86a4-4055-b819-d84d71d1e03b-GrpcLogAppender: appendEntries Timeout, request=04cd4a9b-51ef-4921-b690-09927bd9ce1f->cd7fb81c-86a4-4055-b819-d84d71d1e03b#76-t2, previous=(t:2, i:20), leaderCommit=16, initializing? false, entries: <empty>
2019-09-17 10:14:07,421 [grpc-default-executor-8] WARN  server.GrpcLogAppender (LogUtils.java:warn(134)) - 04cd4a9b-51ef-4921-b690-09927bd9ce1f@group-BB27F83832E4->2bed06ad-feb1-4a42-84de-0c97964ae469-AppendLogResponseHandler: Failed appendEntries: org.apache.ratis.thirdparty.io.grpc.StatusRuntimeException: UNAVAILABLE: io exception
2019-09-17 10:14:07,425 [grpc-default-executor-8] INFO  impl.FollowerInfo (FollowerInfo.java:lambda$new$0(51)) - 04cd4a9b-51ef-4921-b690-09927bd9ce1f@group-BB27F83832E4->2bed06ad-feb1-4a42-84de-0c97964ae469: nextIndex: updateUnconditionally 5 -> 4
2019-09-17 10:14:07,675 [java.util.concurrent.ThreadPoolExecutor$Worker@1abe7d4f[State = -1, empty queue]] WARN  server.GrpcLogAppender (GrpcLogAppender.java:timeoutAppendRequest(200)) - 95d6cb39-2a6f-4d2b-8ab1-47b9e22fb0ea@group-2E14F5217065->55583e5a-eaa2-4a32-b956-442090b04083-GrpcLogAppender: appendEntries Timeout, request=95d6cb39-2a6f-4d2b-8ab1-47b9e22fb0ea->55583e5a-eaa2-4a32-b956-442090b04083#76-t2, previous=(t:2, i:20), leaderCommit=16, initializing? false, entries: <empty>
2019-09-17 10:14:07,912 [java.util.concurrent.ThreadPoolExecutor$Worker@ffdc692[State = -1, empty queue]] WARN  server.GrpcLogAppender (GrpcLogAppender.java:timeoutAppendRequest(200)) - 04cd4a9b-51ef-4921-b690-09927bd9ce1f@group-BB27F83832E4->cd7fb81c-86a4-4055-b819-d84d71d1e03b-GrpcLogAppender: appendEntries Timeout, request=04cd4a9b-51ef-4921-b690-09927bd9ce1f->cd7fb81c-86a4-4055-b819-d84d71d1e03b#77-t2, previous=(t:2, i:20), leaderCommit=16, initializing? false, entries: <empty>
2019-09-17 10:14:07,922 [grpc-default-executor-8] WARN  server.GrpcLogAppender (LogUtils.java:warn(134)) - 04cd4a9b-51ef-4921-b690-09927bd9ce1f@group-BB27F83832E4->2bed06ad-feb1-4a42-84de-0c97964ae469-AppendLogResponseHandler: Failed appendEntries: org.apache.ratis.thirdparty.io.grpc.StatusRuntimeException: UNAVAILABLE: io exception
2019-09-17 10:14:07,925 [grpc-default-executor-8] INFO  impl.FollowerInfo (FollowerInfo.java:lambda$new$0(51)) - 04cd4a9b-51ef-4921-b690-09927bd9ce1f@group-BB27F83832E4->2bed06ad-feb1-4a42-84de-0c97964ae469: nextIndex: updateUnconditionally 4 -> 3
2019-09-17 10:14:08,176 [java.util.concurrent.ThreadPoolExecutor$Worker@1abe7d4f[State = -1, empty queue]] WARN  server.GrpcLogAppender (GrpcLogAppender.java:timeoutAppendRequest(200)) - 95d6cb39-2a6f-4d2b-8ab1-47b9e22fb0ea@group-2E14F5217065->55583e5a-eaa2-4a32-b956-442090b04083-GrpcLogAppender: appendEntries Timeout, request=95d6cb39-2a6f-4d2b-8ab1-47b9e22fb0ea->55583e5a-eaa2-4a32-b956-442090b04083#77-t2, previous=(t:2, i:20), leaderCommit=16, initializing? false, entries: <empty>
2019-09-17 10:14:08,412 [java.util.concurrent.ThreadPoolExecutor$Worker@ffdc692[State = -1, empty queue]] WARN  server.GrpcLogAppender (GrpcLogAppender.java:timeoutAppendRequest(200)) - 04cd4a9b-51ef-4921-b690-09927bd9ce1f@group-BB27F83832E4->cd7fb81c-86a4-4055-b819-d84d71d1e03b-GrpcLogAppender: appendEntries Timeout, request=04cd4a9b-51ef-4921-b690-09927bd9ce1f->cd7fb81c-86a4-4055-b819-d84d71d1e03b#78-t2, previous=(t:2, i:20), leaderCommit=16, initializing? false, entries: <empty>
2019-09-17 10:14:08,423 [grpc-default-executor-4] WARN  server.GrpcLogAppender (LogUtils.java:warn(134)) - 04cd4a9b-51ef-4921-b690-09927bd9ce1f@group-BB27F83832E4->2bed06ad-feb1-4a42-84de-0c97964ae469-AppendLogResponseHandler: Failed appendEntries: org.apache.ratis.thirdparty.io.grpc.StatusRuntimeException: UNAVAILABLE: io exception
2019-09-17 10:14:08,427 [grpc-default-executor-4] INFO  impl.FollowerInfo (FollowerInfo.java:lambda$new$0(51)) - 04cd4a9b-51ef-4921-b690-09927bd9ce1f@group-BB27F83832E4->2bed06ad-feb1-4a42-84de-0c97964ae469: nextIndex: updateUnconditionally 3 -> 2
2019-09-17 10:14:08,676 [java.util.concurrent.ThreadPoolExecutor$Worker@1abe7d4f[State = -1, empty queue]] WARN  server.GrpcLogAppender (GrpcLogAppender.java:timeoutAppendRequest(200)) - 95d6cb39-2a6f-4d2b-8ab1-47b9e22fb0ea@group-2E14F5217065->55583e5a-eaa2-4a32-b956-442090b04083-GrpcLogAppender: appendEntries Timeout, request=95d6cb39-2a6f-4d2b-8ab1-47b9e22fb0ea->55583e5a-eaa2-4a32-b956-442090b04083#78-t2, previous=(t:2, i:20), leaderCommit=16, initializing? false, entries: <empty>
2019-09-17 10:14:08,913 [java.util.concurrent.ThreadPoolExecutor$Worker@ffdc692[State = -1, empty queue]] WARN  server.GrpcLogAppender (GrpcLogAppender.java:timeoutAppendRequest(200)) - 04cd4a9b-51ef-4921-b690-09927bd9ce1f@group-BB27F83832E4->cd7fb81c-86a4-4055-b819-d84d71d1e03b-GrpcLogAppender: appendEntries Timeout, request=04cd4a9b-51ef-4921-b690-09927bd9ce1f->cd7fb81c-86a4-4055-b819-d84d71d1e03b#79-t2, previous=(t:2, i:20), leaderCommit=16, initializing? false, entries: <empty>
2019-09-17 10:14:08,927 [grpc-default-executor-13] WARN  server.GrpcLogAppender (LogUtils.java:warn(134)) - 04cd4a9b-51ef-4921-b690-09927bd9ce1f@group-BB27F83832E4->2bed06ad-feb1-4a42-84de-0c97964ae469-AppendLogResponseHandler: Failed appendEntries: org.apache.ratis.thirdparty.io.grpc.StatusRuntimeException: UNAVAILABLE: io exception
2019-09-17 10:14:08,935 [grpc-default-executor-13] INFO  impl.FollowerInfo (FollowerInfo.java:lambda$new$0(51)) - 04cd4a9b-51ef-4921-b690-09927bd9ce1f@group-BB27F83832E4->2bed06ad-feb1-4a42-84de-0c97964ae469: nextIndex: updateUnconditionally 2 -> 1
2019-09-17 10:14:09,177 [java.util.concurrent.ThreadPoolExecutor$Worker@1abe7d4f[State = -1, empty queue]] WARN  server.GrpcLogAppender (GrpcLogAppender.java:timeoutAppendRequest(200)) - 95d6cb39-2a6f-4d2b-8ab1-47b9e22fb0ea@group-2E14F5217065->55583e5a-eaa2-4a32-b956-442090b04083-GrpcLogAppender: appendEntries Timeout, request=95d6cb39-2a6f-4d2b-8ab1-47b9e22fb0ea->55583e5a-eaa2-4a32-b956-442090b04083#79-t2, previous=(t:2, i:20), leaderCommit=16, initializing? false, entries: <empty>
2019-09-17 10:14:09,413 [java.util.concurrent.ThreadPoolExecutor$Worker@ffdc692[State = -1, empty queue]] WARN  server.GrpcLogAppender (GrpcLogAppender.java:timeoutAppendRequest(200)) - 04cd4a9b-51ef-4921-b690-09927bd9ce1f@group-BB27F83832E4->cd7fb81c-86a4-4055-b819-d84d71d1e03b-GrpcLogAppender: appendEntries Timeout, request=04cd4a9b-51ef-4921-b690-09927bd9ce1f->cd7fb81c-86a4-4055-b819-d84d71d1e03b#80-t2, previous=(t:2, i:20), leaderCommit=16, initializing? false, entries: <empty>
2019-09-17 10:14:09,427 [grpc-default-executor-8] WARN  server.GrpcLogAppender (LogUtils.java:warn(134)) - 04cd4a9b-51ef-4921-b690-09927bd9ce1f@group-BB27F83832E4->2bed06ad-feb1-4a42-84de-0c97964ae469-AppendLogResponseHandler: Failed appendEntries: org.apache.ratis.thirdparty.io.grpc.StatusRuntimeException: UNAVAILABLE: io exception
2019-09-17 10:14:09,431 [grpc-default-executor-8] INFO  impl.FollowerInfo (FollowerInfo.java:lambda$new$0(51)) - 04cd4a9b-51ef-4921-b690-09927bd9ce1f@group-BB27F83832E4->2bed06ad-feb1-4a42-84de-0c97964ae469: nextIndex: updateUnconditionally 1 -> 0
2019-09-17 10:14:09,677 [java.util.concurrent.ThreadPoolExecutor$Worker@1abe7d4f[State = -1, empty queue]] WARN  server.GrpcLogAppender (GrpcLogAppender.java:timeoutAppendRequest(200)) - 95d6cb39-2a6f-4d2b-8ab1-47b9e22fb0ea@group-2E14F5217065->55583e5a-eaa2-4a32-b956-442090b04083-GrpcLogAppender: appendEntries Timeout, request=95d6cb39-2a6f-4d2b-8ab1-47b9e22fb0ea->55583e5a-eaa2-4a32-b956-442090b04083#80-t2, previous=(t:2, i:20), leaderCommit=16, initializing? false, entries: <empty>
2019-09-17 10:14:09,913 [java.util.concurrent.ThreadPoolExecutor$Worker@ffdc692[State = -1, empty queue]] WARN  server.GrpcLogAppender (GrpcLogAppender.java:timeoutAppendRequest(200)) - 04cd4a9b-51ef-4921-b690-09927bd9ce1f@group-BB27F83832E4->cd7fb81c-86a4-4055-b819-d84d71d1e03b-GrpcLogAppender: appendEntries Timeout, request=04cd4a9b-51ef-4921-b690-09927bd9ce1f->cd7fb81c-86a4-4055-b819-d84d71d1e03b#81-t2, previous=(t:2, i:20), leaderCommit=16, initializing? false, entries: <empty>
2019-09-17 10:14:09,929 [grpc-default-executor-13] WARN  server.GrpcLogAppender (LogUtils.java:warn(134)) - 04cd4a9b-51ef-4921-b690-09927bd9ce1f@group-BB27F83832E4->2bed06ad-feb1-4a42-84de-0c97964ae469-AppendLogResponseHandler: Failed appendEntries: org.apache.ratis.thirdparty.io.grpc.StatusRuntimeException: UNAVAILABLE: io exception
2019-09-17 10:14:09,935 [grpc-default-executor-13] INFO  impl.FollowerInfo (FollowerInfo.java:lambda$new$0(51)) - 04cd4a9b-51ef-4921-b690-09927bd9ce1f@group-BB27F83832E4->2bed06ad-feb1-4a42-84de-0c97964ae469: nextIndex: updateUnconditionally 0 -> 0
2019-09-17 10:14:10,177 [java.util.concurrent.ThreadPoolExecutor$Worker@1abe7d4f[State = -1, empty queue]] WARN  server.GrpcLogAppender (GrpcLogAppender.java:timeoutAppendRequest(200)) - 95d6cb39-2a6f-4d2b-8ab1-47b9e22fb0ea@group-2E14F5217065->55583e5a-eaa2-4a32-b956-442090b04083-GrpcLogAppender: appendEntries Timeout, request=95d6cb39-2a6f-4d2b-8ab1-47b9e22fb0ea->55583e5a-eaa2-4a32-b956-442090b04083#81-t2, previous=(t:2, i:20), leaderCommit=16, initializing? false, entries: <empty>
2019-09-17 10:14:10,413 [java.util.concurrent.ThreadPoolExecutor$Worker@ffdc692[State = -1, empty queue]] WARN  server.GrpcLogAppender (GrpcLogAppender.java:timeoutAppendRequest(200)) - 04cd4a9b-51ef-4921-b690-09927bd9ce1f@group-BB27F83832E4->cd7fb81c-86a4-4055-b819-d84d71d1e03b-GrpcLogAppender: appendEntries Timeout, request=04cd4a9b-51ef-4921-b690-09927bd9ce1f->cd7fb81c-86a4-4055-b819-d84d71d1e03b#82-t2, previous=(t:2, i:20), leaderCommit=16, initializing? false, entries: <empty>
2019-09-17 10:14:10,430 [grpc-default-executor-8] WARN  server.GrpcLogAppender (LogUtils.java:warn(134)) - 04cd4a9b-51ef-4921-b690-09927bd9ce1f@group-BB27F83832E4->2bed06ad-feb1-4a42-84de-0c97964ae469-AppendLogResponseHandler: Failed appendEntries: org.apache.ratis.thirdparty.io.grpc.StatusRuntimeException: UNAVAILABLE: io exception
2019-09-17 10:14:10,435 [grpc-default-executor-8] INFO  impl.FollowerInfo (FollowerInfo.java:lambda$new$0(51)) - 04cd4a9b-51ef-4921-b690-09927bd9ce1f@group-BB27F83832E4->2bed06ad-feb1-4a42-84de-0c97964ae469: nextIndex: updateUnconditionally 0 -> 0
2019-09-17 10:14:10,678 [java.util.concurrent.ThreadPoolExecutor$Worker@1abe7d4f[State = -1, empty queue]] WARN  server.GrpcLogAppender (GrpcLogAppender.java:timeoutAppendRequest(200)) - 95d6cb39-2a6f-4d2b-8ab1-47b9e22fb0ea@group-2E14F5217065->55583e5a-eaa2-4a32-b956-442090b04083-GrpcLogAppender: appendEntries Timeout, request=95d6cb39-2a6f-4d2b-8ab1-47b9e22fb0ea->55583e5a-eaa2-4a32-b956-442090b04083#82-t2, previous=(t:2, i:20), leaderCommit=16, initializing? false, entries: <empty>
2019-09-17 10:14:10,914 [java.util.concurrent.ThreadPoolExecutor$Worker@ffdc692[State = -1, empty queue]] WARN  server.GrpcLogAppender (GrpcLogAppender.java:timeoutAppendRequest(200)) - 04cd4a9b-51ef-4921-b690-09927bd9ce1f@group-BB27F83832E4->cd7fb81c-86a4-4055-b819-d84d71d1e03b-GrpcLogAppender: appendEntries Timeout, request=04cd4a9b-51ef-4921-b690-09927bd9ce1f->cd7fb81c-86a4-4055-b819-d84d71d1e03b#83-t2, previous=(t:2, i:20), leaderCommit=16, initializing? false, entries: <empty>
2019-09-17 10:14:10,953 [grpc-default-executor-4] WARN  server.GrpcLogAppender (LogUtils.java:warn(134)) - 04cd4a9b-51ef-4921-b690-09927bd9ce1f@group-BB27F83832E4->2bed06ad-feb1-4a42-84de-0c97964ae469-AppendLogResponseHandler: Failed appendEntries: org.apache.ratis.thirdparty.io.grpc.StatusRuntimeException: UNAVAILABLE: io exception
2019-09-17 10:14:10,955 [grpc-default-executor-4] INFO  impl.FollowerInfo (FollowerInfo.java:lambda$new$0(51)) - 04cd4a9b-51ef-4921-b690-09927bd9ce1f@group-BB27F83832E4->2bed06ad-feb1-4a42-84de-0c97964ae469: nextIndex: updateUnconditionally 0 -> 0
2019-09-17 10:14:11,167 [95d6cb39-2a6f-4d2b-8ab1-47b9e22fb0ea@group-2E14F5217065-SegmentedRaftLogWorker] WARN  segmented.SegmentedRaftLogWorker (SegmentedRaftLogWorker.java:getFromFuture(90)) - Timeout 0/~
org.apache.ratis.protocol.TimeoutIOException: Timeout 10s: WriteLog:17: (t:2, i:17), STATEMACHINELOGENTRY, client-4B6CA9A66071, cid=51-writeStateMachineData
	at org.apache.ratis.util.IOUtils.getFromFuture(IOUtils.java:87)
	at org.apache.ratis.server.raftlog.segmented.SegmentedRaftLogWorker$StateMachineDataPolicy.getFromFuture(SegmentedRaftLogWorker.java:87)
	at org.apache.ratis.server.raftlog.segmented.SegmentedRaftLogWorker$WriteLog.execute(SegmentedRaftLogWorker.java:477)
	at org.apache.ratis.server.raftlog.segmented.SegmentedRaftLogWorker.run(SegmentedRaftLogWorker.java:289)
	at java.lang.Thread.run(Thread.java:748)
Caused by: java.util.concurrent.TimeoutException
	at java.util.concurrent.CompletableFuture.timedGet(CompletableFuture.java:1771)
	at java.util.concurrent.CompletableFuture.get(CompletableFuture.java:1915)
	at org.apache.ratis.util.IOUtils.getFromFuture(IOUtils.java:79)
	... 4 more
2019-09-17 10:14:11,171 [55583e5a-eaa2-4a32-b956-442090b04083@group-2E14F5217065-SegmentedRaftLogWorker] WARN  segmented.SegmentedRaftLogWorker (SegmentedRaftLogWorker.java:getFromFuture(90)) - Timeout 0/~
org.apache.ratis.protocol.TimeoutIOException: Timeout 10s: WriteLog:17: (t:2, i:17), STATEMACHINELOGENTRY, client-4B6CA9A66071, cid=51-writeStateMachineData
	at org.apache.ratis.util.IOUtils.getFromFuture(IOUtils.java:87)
	at org.apache.ratis.server.raftlog.segmented.SegmentedRaftLogWorker$StateMachineDataPolicy.getFromFuture(SegmentedRaftLogWorker.java:87)
	at org.apache.ratis.server.raftlog.segmented.SegmentedRaftLogWorker$WriteLog.execute(SegmentedRaftLogWorker.java:477)
	at org.apache.ratis.server.raftlog.segmented.SegmentedRaftLogWorker.run(SegmentedRaftLogWorker.java:289)
	at java.lang.Thread.run(Thread.java:748)
Caused by: java.util.concurrent.TimeoutException
	at java.util.concurrent.CompletableFuture.timedGet(CompletableFuture.java:1771)
	at java.util.concurrent.CompletableFuture.get(CompletableFuture.java:1915)
	at org.apache.ratis.util.IOUtils.getFromFuture(IOUtils.java:79)
	... 4 more
2019-09-17 10:14:11,178 [java.util.concurrent.ThreadPoolExecutor$Worker@1abe7d4f[State = -1, empty queue]] WARN  server.GrpcLogAppender (GrpcLogAppender.java:timeoutAppendRequest(200)) - 95d6cb39-2a6f-4d2b-8ab1-47b9e22fb0ea@group-2E14F5217065->55583e5a-eaa2-4a32-b956-442090b04083-GrpcLogAppender: appendEntries Timeout, request=95d6cb39-2a6f-4d2b-8ab1-47b9e22fb0ea->55583e5a-eaa2-4a32-b956-442090b04083#83-t2, previous=(t:2, i:20), leaderCommit=16, initializing? false, entries: <empty>
2019-09-17 10:14:11,270 [grpc-default-executor-4] INFO  client.GrpcClientProtocolClient (GrpcClientProtocolClient.java:onNext(264)) - client-4B6CA9A66071->cc01c7d5-5dcf-4408-8cdb-fcf6ab2d1d3a: receive RaftClientReply:client-4B6CA9A66071->cc01c7d5-5dcf-4408-8cdb-fcf6ab2d1d3a@group-2E14F5217065, cid=51, FAILED org.apache.ratis.protocol.NotLeaderException: Server cc01c7d5-5dcf-4408-8cdb-fcf6ab2d1d3a@group-2E14F5217065 is not the leader 95d6cb39-2a6f-4d2b-8ab1-47b9e22fb0ea:192.168.34.37:40405, logIndex=0, commits[cc01c7d5-5dcf-4408-8cdb-fcf6ab2d1d3a:c16, 95d6cb39-2a6f-4d2b-8ab1-47b9e22fb0ea:c16, 55583e5a-eaa2-4a32-b956-442090b04083:c12]
2019-09-17 10:14:11,414 [java.util.concurrent.ThreadPoolExecutor$Worker@ffdc692[State = -1, empty queue]] WARN  server.GrpcLogAppender (GrpcLogAppender.java:timeoutAppendRequest(200)) - 04cd4a9b-51ef-4921-b690-09927bd9ce1f@group-BB27F83832E4->cd7fb81c-86a4-4055-b819-d84d71d1e03b-GrpcLogAppender: appendEntries Timeout, request=04cd4a9b-51ef-4921-b690-09927bd9ce1f->cd7fb81c-86a4-4055-b819-d84d71d1e03b#84-t2, previous=(t:2, i:20), leaderCommit=16, initializing? false, entries: <empty>
2019-09-17 10:14:11,432 [grpc-default-executor-8] WARN  server.GrpcLogAppender (LogUtils.java:warn(134)) - 04cd4a9b-51ef-4921-b690-09927bd9ce1f@group-BB27F83832E4->2bed06ad-feb1-4a42-84de-0c97964ae469-AppendLogResponseHandler: Failed appendEntries: org.apache.ratis.thirdparty.io.grpc.StatusRuntimeException: UNAVAILABLE: io exception
2019-09-17 10:14:11,439 [grpc-default-executor-8] INFO  impl.FollowerInfo (FollowerInfo.java:lambda$new$0(51)) - 04cd4a9b-51ef-4921-b690-09927bd9ce1f@group-BB27F83832E4->2bed06ad-feb1-4a42-84de-0c97964ae469: nextIndex: updateUnconditionally 0 -> 0
2019-09-17 10:14:11,679 [java.util.concurrent.ThreadPoolExecutor$Worker@1abe7d4f[State = -1, empty queue]] WARN  server.GrpcLogAppender (GrpcLogAppender.java:timeoutAppendRequest(200)) - 95d6cb39-2a6f-4d2b-8ab1-47b9e22fb0ea@group-2E14F5217065->55583e5a-eaa2-4a32-b956-442090b04083-GrpcLogAppender: appendEntries Timeout, request=95d6cb39-2a6f-4d2b-8ab1-47b9e22fb0ea->55583e5a-eaa2-4a32-b956-442090b04083#84-t2, previous=(t:2, i:20), leaderCommit=16, initializing? false, entries: <empty>
2019-09-17 10:14:11,914 [java.util.concurrent.ThreadPoolExecutor$Worker@ffdc692[State = -1, empty queue]] WARN  server.GrpcLogAppender (GrpcLogAppender.java:timeoutAppendRequest(200)) - 04cd4a9b-51ef-4921-b690-09927bd9ce1f@group-BB27F83832E4->cd7fb81c-86a4-4055-b819-d84d71d1e03b-GrpcLogAppender: appendEntries Timeout, request=04cd4a9b-51ef-4921-b690-09927bd9ce1f->cd7fb81c-86a4-4055-b819-d84d71d1e03b#85-t2, previous=(t:2, i:20), leaderCommit=16, initializing? false, entries: <empty>
2019-09-17 10:14:11,933 [grpc-default-executor-4] WARN  server.GrpcLogAppender (LogUtils.java:warn(134)) - 04cd4a9b-51ef-4921-b690-09927bd9ce1f@group-BB27F83832E4->2bed06ad-feb1-4a42-84de-0c97964ae469-AppendLogResponseHandler: Failed appendEntries: org.apache.ratis.thirdparty.io.grpc.StatusRuntimeException: UNAVAILABLE: io exception
2019-09-17 10:14:11,938 [grpc-default-executor-4] INFO  impl.FollowerInfo (FollowerInfo.java:lambda$new$0(51)) - 04cd4a9b-51ef-4921-b690-09927bd9ce1f@group-BB27F83832E4->2bed06ad-feb1-4a42-84de-0c97964ae469: nextIndex: updateUnconditionally 0 -> 0
2019-09-17 10:14:12,179 [java.util.concurrent.ThreadPoolExecutor$Worker@1abe7d4f[State = -1, empty queue]] WARN  server.GrpcLogAppender (GrpcLogAppender.java:timeoutAppendRequest(200)) - 95d6cb39-2a6f-4d2b-8ab1-47b9e22fb0ea@group-2E14F5217065->55583e5a-eaa2-4a32-b956-442090b04083-GrpcLogAppender: appendEntries Timeout, request=95d6cb39-2a6f-4d2b-8ab1-47b9e22fb0ea->55583e5a-eaa2-4a32-b956-442090b04083#85-t2, previous=(t:2, i:20), leaderCommit=16, initializing? false, entries: <empty>
2019-09-17 10:14:12,414 [java.util.concurrent.ThreadPoolExecutor$Worker@ffdc692[State = -1, empty queue]] WARN  server.GrpcLogAppender (GrpcLogAppender.java:timeoutAppendRequest(200)) - 04cd4a9b-51ef-4921-b690-09927bd9ce1f@group-BB27F83832E4->cd7fb81c-86a4-4055-b819-d84d71d1e03b-GrpcLogAppender: appendEntries Timeout, request=04cd4a9b-51ef-4921-b690-09927bd9ce1f->cd7fb81c-86a4-4055-b819-d84d71d1e03b#86-t2, previous=(t:2, i:20), leaderCommit=16, initializing? false, entries: <empty>
2019-09-17 10:14:12,433 [grpc-default-executor-8] WARN  server.GrpcLogAppender (LogUtils.java:warn(134)) - 04cd4a9b-51ef-4921-b690-09927bd9ce1f@group-BB27F83832E4->2bed06ad-feb1-4a42-84de-0c97964ae469-AppendLogResponseHandler: Failed appendEntries: org.apache.ratis.thirdparty.io.grpc.StatusRuntimeException: UNAVAILABLE: io exception
2019-09-17 10:14:12,438 [grpc-default-executor-8] INFO  impl.FollowerInfo (FollowerInfo.java:lambda$new$0(51)) - 04cd4a9b-51ef-4921-b690-09927bd9ce1f@group-BB27F83832E4->2bed06ad-feb1-4a42-84de-0c97964ae469: nextIndex: updateUnconditionally 0 -> 0
2019-09-17 10:14:12,679 [java.util.concurrent.ThreadPoolExecutor$Worker@1abe7d4f[State = -1, empty queue]] WARN  server.GrpcLogAppender (GrpcLogAppender.java:timeoutAppendRequest(200)) - 95d6cb39-2a6f-4d2b-8ab1-47b9e22fb0ea@group-2E14F5217065->55583e5a-eaa2-4a32-b956-442090b04083-GrpcLogAppender: appendEntries Timeout, request=95d6cb39-2a6f-4d2b-8ab1-47b9e22fb0ea->55583e5a-eaa2-4a32-b956-442090b04083#86-t2, previous=(t:2, i:20), leaderCommit=16, initializing? false, entries: <empty>
2019-09-17 10:14:12,915 [java.util.concurrent.ThreadPoolExecutor$Worker@ffdc692[State = -1, empty queue]] WARN  server.GrpcLogAppender (GrpcLogAppender.java:timeoutAppendRequest(200)) - 04cd4a9b-51ef-4921-b690-09927bd9ce1f@group-BB27F83832E4->cd7fb81c-86a4-4055-b819-d84d71d1e03b-GrpcLogAppender: appendEntries Timeout, request=04cd4a9b-51ef-4921-b690-09927bd9ce1f->cd7fb81c-86a4-4055-b819-d84d71d1e03b#87-t2, previous=(t:2, i:20), leaderCommit=16, initializing? false, entries: <empty>
2019-09-17 10:14:12,935 [grpc-default-executor-13] WARN  server.GrpcLogAppender (LogUtils.java:warn(134)) - 04cd4a9b-51ef-4921-b690-09927bd9ce1f@group-BB27F83832E4->2bed06ad-feb1-4a42-84de-0c97964ae469-AppendLogResponseHandler: Failed appendEntries: org.apache.ratis.thirdparty.io.grpc.StatusRuntimeException: UNAVAILABLE: io exception
2019-09-17 10:14:12,941 [grpc-default-executor-13] INFO  impl.FollowerInfo (FollowerInfo.java:lambda$new$0(51)) - 04cd4a9b-51ef-4921-b690-09927bd9ce1f@group-BB27F83832E4->2bed06ad-feb1-4a42-84de-0c97964ae469: nextIndex: updateUnconditionally 0 -> 0
2019-09-17 10:14:13,180 [java.util.concurrent.ThreadPoolExecutor$Worker@1abe7d4f[State = -1, empty queue]] WARN  server.GrpcLogAppender (GrpcLogAppender.java:timeoutAppendRequest(200)) - 95d6cb39-2a6f-4d2b-8ab1-47b9e22fb0ea@group-2E14F5217065->55583e5a-eaa2-4a32-b956-442090b04083-GrpcLogAppender: appendEntries Timeout, request=95d6cb39-2a6f-4d2b-8ab1-47b9e22fb0ea->55583e5a-eaa2-4a32-b956-442090b04083#87-t2, previous=(t:2, i:20), leaderCommit=16, initializing? false, entries: <empty>
2019-09-17 10:14:13,415 [java.util.concurrent.ThreadPoolExecutor$Worker@ffdc692[State = -1, empty queue]] WARN  server.GrpcLogAppender (GrpcLogAppender.java:timeoutAppendRequest(200)) - 04cd4a9b-51ef-4921-b690-09927bd9ce1f@group-BB27F83832E4->cd7fb81c-86a4-4055-b819-d84d71d1e03b-GrpcLogAppender: appendEntries Timeout, request=04cd4a9b-51ef-4921-b690-09927bd9ce1f->cd7fb81c-86a4-4055-b819-d84d71d1e03b#88-t2, previous=(t:2, i:20), leaderCommit=16, initializing? false, entries: <empty>
2019-09-17 10:14:13,436 [grpc-default-executor-4] WARN  server.GrpcLogAppender (LogUtils.java:warn(134)) - 04cd4a9b-51ef-4921-b690-09927bd9ce1f@group-BB27F83832E4->2bed06ad-feb1-4a42-84de-0c97964ae469-AppendLogResponseHandler: Failed appendEntries: org.apache.ratis.thirdparty.io.grpc.StatusRuntimeException: UNAVAILABLE: io exception
2019-09-17 10:14:13,453 [grpc-default-executor-4] INFO  impl.FollowerInfo (FollowerInfo.java:lambda$new$0(51)) - 04cd4a9b-51ef-4921-b690-09927bd9ce1f@group-BB27F83832E4->2bed06ad-feb1-4a42-84de-0c97964ae469: nextIndex: updateUnconditionally 0 -> 0
2019-09-17 10:14:13,680 [java.util.concurrent.ThreadPoolExecutor$Worker@1abe7d4f[State = -1, empty queue]] WARN  server.GrpcLogAppender (GrpcLogAppender.java:timeoutAppendRequest(200)) - 95d6cb39-2a6f-4d2b-8ab1-47b9e22fb0ea@group-2E14F5217065->55583e5a-eaa2-4a32-b956-442090b04083-GrpcLogAppender: appendEntries Timeout, request=95d6cb39-2a6f-4d2b-8ab1-47b9e22fb0ea->55583e5a-eaa2-4a32-b956-442090b04083#88-t2, previous=(t:2, i:20), leaderCommit=16, initializing? false, entries: <empty>
2019-09-17 10:14:13,915 [java.util.concurrent.ThreadPoolExecutor$Worker@ffdc692[State = -1, empty queue]] WARN  server.GrpcLogAppender (GrpcLogAppender.java:timeoutAppendRequest(200)) - 04cd4a9b-51ef-4921-b690-09927bd9ce1f@group-BB27F83832E4->cd7fb81c-86a4-4055-b819-d84d71d1e03b-GrpcLogAppender: appendEntries Timeout, request=04cd4a9b-51ef-4921-b690-09927bd9ce1f->cd7fb81c-86a4-4055-b819-d84d71d1e03b#89-t2, previous=(t:2, i:20), leaderCommit=16, initializing? false, entries: <empty>
2019-09-17 10:14:13,937 [grpc-default-executor-13] WARN  server.GrpcLogAppender (LogUtils.java:warn(134)) - 04cd4a9b-51ef-4921-b690-09927bd9ce1f@group-BB27F83832E4->2bed06ad-feb1-4a42-84de-0c97964ae469-AppendLogResponseHandler: Failed appendEntries: org.apache.ratis.thirdparty.io.grpc.StatusRuntimeException: UNAVAILABLE: io exception
2019-09-17 10:14:13,938 [grpc-default-executor-13] INFO  impl.FollowerInfo (FollowerInfo.java:lambda$new$0(51)) - 04cd4a9b-51ef-4921-b690-09927bd9ce1f@group-BB27F83832E4->2bed06ad-feb1-4a42-84de-0c97964ae469: nextIndex: updateUnconditionally 0 -> 0
2019-09-17 10:14:14,181 [java.util.concurrent.ThreadPoolExecutor$Worker@1abe7d4f[State = -1, empty queue]] WARN  server.GrpcLogAppender (GrpcLogAppender.java:timeoutAppendRequest(200)) - 95d6cb39-2a6f-4d2b-8ab1-47b9e22fb0ea@group-2E14F5217065->55583e5a-eaa2-4a32-b956-442090b04083-GrpcLogAppender: appendEntries Timeout, request=95d6cb39-2a6f-4d2b-8ab1-47b9e22fb0ea->55583e5a-eaa2-4a32-b956-442090b04083#89-t2, previous=(t:2, i:20), leaderCommit=16, initializing? false, entries: <empty>
2019-09-17 10:14:14,416 [java.util.concurrent.ThreadPoolExecutor$Worker@ffdc692[State = -1, empty queue]] WARN  server.GrpcLogAppender (GrpcLogAppender.java:timeoutAppendRequest(200)) - 04cd4a9b-51ef-4921-b690-09927bd9ce1f@group-BB27F83832E4->cd7fb81c-86a4-4055-b819-d84d71d1e03b-GrpcLogAppender: appendEntries Timeout, request=04cd4a9b-51ef-4921-b690-09927bd9ce1f->cd7fb81c-86a4-4055-b819-d84d71d1e03b#90-t2, previous=(t:2, i:20), leaderCommit=16, initializing? false, entries: <empty>
2019-09-17 10:14:14,438 [grpc-default-executor-8] WARN  server.GrpcLogAppender (LogUtils.java:warn(134)) - 04cd4a9b-51ef-4921-b690-09927bd9ce1f@group-BB27F83832E4->2bed06ad-feb1-4a42-84de-0c97964ae469-AppendLogResponseHandler: Failed appendEntries: org.apache.ratis.thirdparty.io.grpc.StatusRuntimeException: UNAVAILABLE: io exception
2019-09-17 10:14:14,439 [grpc-default-executor-8] INFO  impl.FollowerInfo (FollowerInfo.java:lambda$new$0(51)) - 04cd4a9b-51ef-4921-b690-09927bd9ce1f@group-BB27F83832E4->2bed06ad-feb1-4a42-84de-0c97964ae469: nextIndex: updateUnconditionally 0 -> 0
2019-09-17 10:14:14,681 [java.util.concurrent.ThreadPoolExecutor$Worker@1abe7d4f[State = -1, empty queue]] WARN  server.GrpcLogAppender (GrpcLogAppender.java:timeoutAppendRequest(200)) - 95d6cb39-2a6f-4d2b-8ab1-47b9e22fb0ea@group-2E14F5217065->55583e5a-eaa2-4a32-b956-442090b04083-GrpcLogAppender: appendEntries Timeout, request=95d6cb39-2a6f-4d2b-8ab1-47b9e22fb0ea->55583e5a-eaa2-4a32-b956-442090b04083#90-t2, previous=(t:2, i:20), leaderCommit=16, initializing? false, entries: <empty>
2019-09-17 10:14:14,916 [java.util.concurrent.ThreadPoolExecutor$Worker@ffdc692[State = -1, empty queue]] WARN  server.GrpcLogAppender (GrpcLogAppender.java:timeoutAppendRequest(200)) - 04cd4a9b-51ef-4921-b690-09927bd9ce1f@group-BB27F83832E4->cd7fb81c-86a4-4055-b819-d84d71d1e03b-GrpcLogAppender: appendEntries Timeout, request=04cd4a9b-51ef-4921-b690-09927bd9ce1f->cd7fb81c-86a4-4055-b819-d84d71d1e03b#91-t2, previous=(t:2, i:20), leaderCommit=16, initializing? false, entries: <empty>
2019-09-17 10:14:14,940 [grpc-default-executor-4] WARN  server.GrpcLogAppender (LogUtils.java:warn(134)) - 04cd4a9b-51ef-4921-b690-09927bd9ce1f@group-BB27F83832E4->2bed06ad-feb1-4a42-84de-0c97964ae469-AppendLogResponseHandler: Failed appendEntries: org.apache.ratis.thirdparty.io.grpc.StatusRuntimeException: UNAVAILABLE: io exception
2019-09-17 10:14:14,940 [grpc-default-executor-4] INFO  impl.FollowerInfo (FollowerInfo.java:lambda$new$0(51)) - 04cd4a9b-51ef-4921-b690-09927bd9ce1f@group-BB27F83832E4->2bed06ad-feb1-4a42-84de-0c97964ae469: nextIndex: updateUnconditionally 0 -> 0
2019-09-17 10:14:15,182 [java.util.concurrent.ThreadPoolExecutor$Worker@1abe7d4f[State = -1, empty queue]] WARN  server.GrpcLogAppender (GrpcLogAppender.java:timeoutAppendRequest(200)) - 95d6cb39-2a6f-4d2b-8ab1-47b9e22fb0ea@group-2E14F5217065->55583e5a-eaa2-4a32-b956-442090b04083-GrpcLogAppender: appendEntries Timeout, request=95d6cb39-2a6f-4d2b-8ab1-47b9e22fb0ea->55583e5a-eaa2-4a32-b956-442090b04083#91-t2, previous=(t:2, i:20), leaderCommit=16, initializing? false, entries: <empty>
2019-09-17 10:14:15,416 [java.util.concurrent.ThreadPoolExecutor$Worker@ffdc692[State = -1, empty queue]] WARN  server.GrpcLogAppender (GrpcLogAppender.java:timeoutAppendRequest(200)) - 04cd4a9b-51ef-4921-b690-09927bd9ce1f@group-BB27F83832E4->cd7fb81c-86a4-4055-b819-d84d71d1e03b-GrpcLogAppender: appendEntries Timeout, request=04cd4a9b-51ef-4921-b690-09927bd9ce1f->cd7fb81c-86a4-4055-b819-d84d71d1e03b#92-t2, previous=(t:2, i:20), leaderCommit=16, initializing? false, entries: <empty>
2019-09-17 10:14:15,440 [grpc-default-executor-8] WARN  server.GrpcLogAppender (LogUtils.java:warn(134)) - 04cd4a9b-51ef-4921-b690-09927bd9ce1f@group-BB27F83832E4->2bed06ad-feb1-4a42-84de-0c97964ae469-AppendLogResponseHandler: Failed appendEntries: org.apache.ratis.thirdparty.io.grpc.StatusRuntimeException: UNAVAILABLE: io exception
2019-09-17 10:14:15,440 [grpc-default-executor-8] INFO  impl.FollowerInfo (FollowerInfo.java:lambda$new$0(51)) - 04cd4a9b-51ef-4921-b690-09927bd9ce1f@group-BB27F83832E4->2bed06ad-feb1-4a42-84de-0c97964ae469: nextIndex: updateUnconditionally 0 -> 0
2019-09-17 10:14:15,683 [java.util.concurrent.ThreadPoolExecutor$Worker@1abe7d4f[State = -1, empty queue]] WARN  server.GrpcLogAppender (GrpcLogAppender.java:timeoutAppendRequest(200)) - 95d6cb39-2a6f-4d2b-8ab1-47b9e22fb0ea@group-2E14F5217065->55583e5a-eaa2-4a32-b956-442090b04083-GrpcLogAppender: appendEntries Timeout, request=95d6cb39-2a6f-4d2b-8ab1-47b9e22fb0ea->55583e5a-eaa2-4a32-b956-442090b04083#92-t2, previous=(t:2, i:20), leaderCommit=16, initializing? false, entries: <empty>
2019-09-17 10:14:15,917 [java.util.concurrent.ThreadPoolExecutor$Worker@ffdc692[State = -1, empty queue]] WARN  server.GrpcLogAppender (GrpcLogAppender.java:timeoutAppendRequest(200)) - 04cd4a9b-51ef-4921-b690-09927bd9ce1f@group-BB27F83832E4->cd7fb81c-86a4-4055-b819-d84d71d1e03b-GrpcLogAppender: appendEntries Timeout, request=04cd4a9b-51ef-4921-b690-09927bd9ce1f->cd7fb81c-86a4-4055-b819-d84d71d1e03b#93-t2, previous=(t:2, i:20), leaderCommit=16, initializing? false, entries: <empty>
2019-09-17 10:14:15,941 [grpc-default-executor-13] WARN  server.GrpcLogAppender (LogUtils.java:warn(134)) - 04cd4a9b-51ef-4921-b690-09927bd9ce1f@group-BB27F83832E4->2bed06ad-feb1-4a42-84de-0c97964ae469-AppendLogResponseHandler: Failed appendEntries: org.apache.ratis.thirdparty.io.grpc.StatusRuntimeException: UNAVAILABLE: io exception
2019-09-17 10:14:15,942 [grpc-default-executor-13] INFO  impl.FollowerInfo (FollowerInfo.java:lambda$new$0(51)) - 04cd4a9b-51ef-4921-b690-09927bd9ce1f@group-BB27F83832E4->2bed06ad-feb1-4a42-84de-0c97964ae469: nextIndex: updateUnconditionally 0 -> 0
2019-09-17 10:14:16,183 [java.util.concurrent.ThreadPoolExecutor$Worker@1abe7d4f[State = -1, empty queue]] WARN  server.GrpcLogAppender (GrpcLogAppender.java:timeoutAppendRequest(200)) - 95d6cb39-2a6f-4d2b-8ab1-47b9e22fb0ea@group-2E14F5217065->55583e5a-eaa2-4a32-b956-442090b04083-GrpcLogAppender: appendEntries Timeout, request=95d6cb39-2a6f-4d2b-8ab1-47b9e22fb0ea->55583e5a-eaa2-4a32-b956-442090b04083#93-t2, previous=(t:2, i:20), leaderCommit=16, initializing? false, entries: <empty>
2019-09-17 10:14:16,351 [grpc-default-executor-8] INFO  client.GrpcClientProtocolClient (GrpcClientProtocolClient.java:onNext(264)) - client-4B6CA9A66071->55583e5a-eaa2-4a32-b956-442090b04083: receive RaftClientReply:client-4B6CA9A66071->55583e5a-eaa2-4a32-b956-442090b04083@group-2E14F5217065, cid=51, FAILED org.apache.ratis.protocol.NotLeaderException: Server 55583e5a-eaa2-4a32-b956-442090b04083@group-2E14F5217065 is not the leader 95d6cb39-2a6f-4d2b-8ab1-47b9e22fb0ea:192.168.34.37:40405, logIndex=0, commits[55583e5a-eaa2-4a32-b956-442090b04083:c16, cc01c7d5-5dcf-4408-8cdb-fcf6ab2d1d3a:c16, 95d6cb39-2a6f-4d2b-8ab1-47b9e22fb0ea:c16]
2019-09-17 10:14:16,417 [java.util.concurrent.ThreadPoolExecutor$Worker@ffdc692[State = -1, empty queue]] WARN  server.GrpcLogAppender (GrpcLogAppender.java:timeoutAppendRequest(200)) - 04cd4a9b-51ef-4921-b690-09927bd9ce1f@group-BB27F83832E4->cd7fb81c-86a4-4055-b819-d84d71d1e03b-GrpcLogAppender: appendEntries Timeout, request=04cd4a9b-51ef-4921-b690-09927bd9ce1f->cd7fb81c-86a4-4055-b819-d84d71d1e03b#94-t2, previous=(t:2, i:20), leaderCommit=16, initializing? false, entries: <empty>
2019-09-17 10:14:16,441 [grpc-default-executor-4] WARN  server.GrpcLogAppender (LogUtils.java:warn(134)) - 04cd4a9b-51ef-4921-b690-09927bd9ce1f@group-BB27F83832E4->2bed06ad-feb1-4a42-84de-0c97964ae469-AppendLogResponseHandler: Failed appendEntries: org.apache.ratis.thirdparty.io.grpc.StatusRuntimeException: UNAVAILABLE: io exception
2019-09-17 10:14:16,445 [grpc-default-executor-4] INFO  impl.FollowerInfo (FollowerInfo.java:lambda$new$0(51)) - 04cd4a9b-51ef-4921-b690-09927bd9ce1f@group-BB27F83832E4->2bed06ad-feb1-4a42-84de-0c97964ae469: nextIndex: updateUnconditionally 0 -> 0
2019-09-17 10:14:16,683 [java.util.concurrent.ThreadPoolExecutor$Worker@1abe7d4f[State = -1, empty queue]] WARN  server.GrpcLogAppender (GrpcLogAppender.java:timeoutAppendRequest(200)) - 95d6cb39-2a6f-4d2b-8ab1-47b9e22fb0ea@group-2E14F5217065->55583e5a-eaa2-4a32-b956-442090b04083-GrpcLogAppender: appendEntries Timeout, request=95d6cb39-2a6f-4d2b-8ab1-47b9e22fb0ea->55583e5a-eaa2-4a32-b956-442090b04083#94-t2, previous=(t:2, i:20), leaderCommit=16, initializing? false, entries: <empty>
2019-09-17 10:14:16,806 [04cd4a9b-51ef-4921-b690-09927bd9ce1f@group-BB27F83832E4-SegmentedRaftLogWorker] WARN  segmented.SegmentedRaftLogWorker (SegmentedRaftLogWorker.java:getFromFuture(90)) - Timeout 3/~
org.apache.ratis.protocol.TimeoutIOException: Timeout 10s: WriteLog:19: (t:2, i:19), STATEMACHINELOGENTRY, client-DD787AC5056F, cid=30-writeStateMachineData
	at org.apache.ratis.util.IOUtils.getFromFuture(IOUtils.java:87)
	at org.apache.ratis.server.raftlog.segmented.SegmentedRaftLogWorker$StateMachineDataPolicy.getFromFuture(SegmentedRaftLogWorker.java:87)
	at org.apache.ratis.server.raftlog.segmented.SegmentedRaftLogWorker$WriteLog.execute(SegmentedRaftLogWorker.java:477)
	at org.apache.ratis.server.raftlog.segmented.SegmentedRaftLogWorker.run(SegmentedRaftLogWorker.java:289)
	at java.lang.Thread.run(Thread.java:748)
Caused by: java.util.concurrent.TimeoutException
	at java.util.concurrent.CompletableFuture.timedGet(CompletableFuture.java:1771)
	at java.util.concurrent.CompletableFuture.get(CompletableFuture.java:1915)
	at org.apache.ratis.util.IOUtils.getFromFuture(IOUtils.java:79)
	... 4 more
2019-09-17 10:14:16,806 [cd7fb81c-86a4-4055-b819-d84d71d1e03b@group-BB27F83832E4-SegmentedRaftLogWorker] WARN  segmented.SegmentedRaftLogWorker (SegmentedRaftLogWorker.java:getFromFuture(90)) - Timeout 3/~
org.apache.ratis.protocol.TimeoutIOException: Timeout 10s: WriteLog:19: (t:2, i:19), STATEMACHINELOGENTRY, client-DD787AC5056F, cid=30-writeStateMachineData
	at org.apache.ratis.util.IOUtils.getFromFuture(IOUtils.java:87)
	at org.apache.ratis.server.raftlog.segmented.SegmentedRaftLogWorker$StateMachineDataPolicy.getFromFuture(SegmentedRaftLogWorker.java:87)
	at org.apache.ratis.server.raftlog.segmented.SegmentedRaftLogWorker$WriteLog.execute(SegmentedRaftLogWorker.java:477)
	at org.apache.ratis.server.raftlog.segmented.SegmentedRaftLogWorker.run(SegmentedRaftLogWorker.java:289)
	at java.lang.Thread.run(Thread.java:748)
Caused by: java.util.concurrent.TimeoutException
	at java.util.concurrent.CompletableFuture.timedGet(CompletableFuture.java:1771)
	at java.util.concurrent.CompletableFuture.get(CompletableFuture.java:1915)
	at org.apache.ratis.util.IOUtils.getFromFuture(IOUtils.java:79)
	... 4 more
2019-09-17 10:14:16,917 [java.util.concurrent.ThreadPoolExecutor$Worker@ffdc692[State = -1, empty queue]] WARN  server.GrpcLogAppender (GrpcLogAppender.java:timeoutAppendRequest(200)) - 04cd4a9b-51ef-4921-b690-09927bd9ce1f@group-BB27F83832E4->cd7fb81c-86a4-4055-b819-d84d71d1e03b-GrpcLogAppender: appendEntries Timeout, request=04cd4a9b-51ef-4921-b690-09927bd9ce1f->cd7fb81c-86a4-4055-b819-d84d71d1e03b#95-t2, previous=(t:2, i:20), leaderCommit=16, initializing? false, entries: <empty>
2019-09-17 10:14:16,945 [grpc-default-executor-13] WARN  server.GrpcLogAppender (LogUtils.java:warn(134)) - 04cd4a9b-51ef-4921-b690-09927bd9ce1f@group-BB27F83832E4->2bed06ad-feb1-4a42-84de-0c97964ae469-AppendLogResponseHandler: Failed appendEntries: org.apache.ratis.thirdparty.io.grpc.StatusRuntimeException: UNAVAILABLE: io exception
2019-09-17 10:14:16,945 [grpc-default-executor-13] INFO  impl.FollowerInfo (FollowerInfo.java:lambda$new$0(51)) - 04cd4a9b-51ef-4921-b690-09927bd9ce1f@group-BB27F83832E4->2bed06ad-feb1-4a42-84de-0c97964ae469: nextIndex: updateUnconditionally 0 -> 0
2019-09-17 10:14:17,184 [java.util.concurrent.ThreadPoolExecutor$Worker@1abe7d4f[State = -1, empty queue]] WARN  server.GrpcLogAppender (GrpcLogAppender.java:timeoutAppendRequest(200)) - 95d6cb39-2a6f-4d2b-8ab1-47b9e22fb0ea@group-2E14F5217065->55583e5a-eaa2-4a32-b956-442090b04083-GrpcLogAppender: appendEntries Timeout, request=95d6cb39-2a6f-4d2b-8ab1-47b9e22fb0ea->55583e5a-eaa2-4a32-b956-442090b04083#95-t2, previous=(t:2, i:20), leaderCommit=16, initializing? false, entries: <empty>
2019-09-17 10:14:17,417 [java.util.concurrent.ThreadPoolExecutor$Worker@ffdc692[State = -1, empty queue]] WARN  server.GrpcLogAppender (GrpcLogAppender.java:timeoutAppendRequest(200)) - 04cd4a9b-51ef-4921-b690-09927bd9ce1f@group-BB27F83832E4->cd7fb81c-86a4-4055-b819-d84d71d1e03b-GrpcLogAppender: appendEntries Timeout, request=04cd4a9b-51ef-4921-b690-09927bd9ce1f->cd7fb81c-86a4-4055-b819-d84d71d1e03b#96-t2, previous=(t:2, i:20), leaderCommit=16, initializing? false, entries: <empty>
2019-09-17 10:14:17,444 [grpc-default-executor-8] WARN  server.GrpcLogAppender (LogUtils.java:warn(134)) - 04cd4a9b-51ef-4921-b690-09927bd9ce1f@group-BB27F83832E4->2bed06ad-feb1-4a42-84de-0c97964ae469-AppendLogResponseHandler: Failed appendEntries: org.apache.ratis.thirdparty.io.grpc.StatusRuntimeException: UNAVAILABLE: io exception
2019-09-17 10:14:17,450 [grpc-default-executor-8] INFO  impl.FollowerInfo (FollowerInfo.java:lambda$new$0(51)) - 04cd4a9b-51ef-4921-b690-09927bd9ce1f@group-BB27F83832E4->2bed06ad-feb1-4a42-84de-0c97964ae469: nextIndex: updateUnconditionally 0 -> 0
2019-09-17 10:14:17,685 [java.util.concurrent.ThreadPoolExecutor$Worker@1abe7d4f[State = -1, empty queue]] WARN  server.GrpcLogAppender (GrpcLogAppender.java:timeoutAppendRequest(200)) - 95d6cb39-2a6f-4d2b-8ab1-47b9e22fb0ea@group-2E14F5217065->55583e5a-eaa2-4a32-b956-442090b04083-GrpcLogAppender: appendEntries Timeout, request=95d6cb39-2a6f-4d2b-8ab1-47b9e22fb0ea->55583e5a-eaa2-4a32-b956-442090b04083#96-t2, previous=(t:2, i:20), leaderCommit=16, initializing? false, entries: <empty>
2019-09-17 10:14:17,918 [java.util.concurrent.ThreadPoolExecutor$Worker@ffdc692[State = -1, empty queue]] WARN  server.GrpcLogAppender (GrpcLogAppender.java:timeoutAppendRequest(200)) - 04cd4a9b-51ef-4921-b690-09927bd9ce1f@group-BB27F83832E4->cd7fb81c-86a4-4055-b819-d84d71d1e03b-GrpcLogAppender: appendEntries Timeout, request=04cd4a9b-51ef-4921-b690-09927bd9ce1f->cd7fb81c-86a4-4055-b819-d84d71d1e03b#97-t2, previous=(t:2, i:20), leaderCommit=16, initializing? false, entries: <empty>
2019-09-17 10:14:17,946 [grpc-default-executor-13] WARN  server.GrpcLogAppender (LogUtils.java:warn(134)) - 04cd4a9b-51ef-4921-b690-09927bd9ce1f@group-BB27F83832E4->2bed06ad-feb1-4a42-84de-0c97964ae469-AppendLogResponseHandler: Failed appendEntries: org.apache.ratis.thirdparty.io.grpc.StatusRuntimeException: UNAVAILABLE: io exception
2019-09-17 10:14:17,946 [grpc-default-executor-13] INFO  impl.FollowerInfo (FollowerInfo.java:lambda$new$0(51)) - 04cd4a9b-51ef-4921-b690-09927bd9ce1f@group-BB27F83832E4->2bed06ad-feb1-4a42-84de-0c97964ae469: nextIndex: updateUnconditionally 0 -> 0
2019-09-17 10:14:18,185 [java.util.concurrent.ThreadPoolExecutor$Worker@1abe7d4f[State = -1, empty queue]] WARN  server.GrpcLogAppender (GrpcLogAppender.java:timeoutAppendRequest(200)) - 95d6cb39-2a6f-4d2b-8ab1-47b9e22fb0ea@group-2E14F5217065->55583e5a-eaa2-4a32-b956-442090b04083-GrpcLogAppender: appendEntries Timeout, request=95d6cb39-2a6f-4d2b-8ab1-47b9e22fb0ea->55583e5a-eaa2-4a32-b956-442090b04083#97-t2, previous=(t:2, i:20), leaderCommit=16, initializing? false, entries: <empty>
2019-09-17 10:14:18,418 [java.util.concurrent.ThreadPoolExecutor$Worker@ffdc692[State = -1, empty queue]] WARN  server.GrpcLogAppender (GrpcLogAppender.java:timeoutAppendRequest(200)) - 04cd4a9b-51ef-4921-b690-09927bd9ce1f@group-BB27F83832E4->cd7fb81c-86a4-4055-b819-d84d71d1e03b-GrpcLogAppender: appendEntries Timeout, request=04cd4a9b-51ef-4921-b690-09927bd9ce1f->cd7fb81c-86a4-4055-b819-d84d71d1e03b#98-t2, previous=(t:2, i:20), leaderCommit=16, initializing? false, entries: <empty>
2019-09-17 10:14:18,446 [grpc-default-executor-13] WARN  server.GrpcLogAppender (LogUtils.java:warn(134)) - 04cd4a9b-51ef-4921-b690-09927bd9ce1f@group-BB27F83832E4->2bed06ad-feb1-4a42-84de-0c97964ae469-AppendLogResponseHandler: Failed appendEntries: org.apache.ratis.thirdparty.io.grpc.StatusRuntimeException: UNAVAILABLE: io exception
2019-09-17 10:14:18,446 [grpc-default-executor-13] INFO  impl.FollowerInfo (FollowerInfo.java:lambda$new$0(51)) - 04cd4a9b-51ef-4921-b690-09927bd9ce1f@group-BB27F83832E4->2bed06ad-feb1-4a42-84de-0c97964ae469: nextIndex: updateUnconditionally 0 -> 0
2019-09-17 10:14:18,685 [java.util.concurrent.ThreadPoolExecutor$Worker@1abe7d4f[State = -1, empty queue]] WARN  server.GrpcLogAppender (GrpcLogAppender.java:timeoutAppendRequest(200)) - 95d6cb39-2a6f-4d2b-8ab1-47b9e22fb0ea@group-2E14F5217065->55583e5a-eaa2-4a32-b956-442090b04083-GrpcLogAppender: appendEntries Timeout, request=95d6cb39-2a6f-4d2b-8ab1-47b9e22fb0ea->55583e5a-eaa2-4a32-b956-442090b04083#98-t2, previous=(t:2, i:20), leaderCommit=16, initializing? false, entries: <empty>
2019-09-17 10:14:18,918 [java.util.concurrent.ThreadPoolExecutor$Worker@ffdc692[State = -1, empty queue]] WARN  server.GrpcLogAppender (GrpcLogAppender.java:timeoutAppendRequest(200)) - 04cd4a9b-51ef-4921-b690-09927bd9ce1f@group-BB27F83832E4->cd7fb81c-86a4-4055-b819-d84d71d1e03b-GrpcLogAppender: appendEntries Timeout, request=04cd4a9b-51ef-4921-b690-09927bd9ce1f->cd7fb81c-86a4-4055-b819-d84d71d1e03b#99-t2, previous=(t:2, i:20), leaderCommit=16, initializing? false, entries: <empty>
2019-09-17 10:14:18,948 [grpc-default-executor-8] WARN  server.GrpcLogAppender (LogUtils.java:warn(134)) - 04cd4a9b-51ef-4921-b690-09927bd9ce1f@group-BB27F83832E4->2bed06ad-feb1-4a42-84de-0c97964ae469-AppendLogResponseHandler: Failed appendEntries: org.apache.ratis.thirdparty.io.grpc.StatusRuntimeException: UNAVAILABLE: io exception
2019-09-17 10:14:18,949 [grpc-default-executor-8] INFO  impl.FollowerInfo (FollowerInfo.java:lambda$new$0(51)) - 04cd4a9b-51ef-4921-b690-09927bd9ce1f@group-BB27F83832E4->2bed06ad-feb1-4a42-84de-0c97964ae469: nextIndex: updateUnconditionally 0 -> 0
2019-09-17 10:14:19,186 [java.util.concurrent.ThreadPoolExecutor$Worker@1abe7d4f[State = -1, empty queue]] WARN  server.GrpcLogAppender (GrpcLogAppender.java:timeoutAppendRequest(200)) - 95d6cb39-2a6f-4d2b-8ab1-47b9e22fb0ea@group-2E14F5217065->55583e5a-eaa2-4a32-b956-442090b04083-GrpcLogAppender: appendEntries Timeout, request=95d6cb39-2a6f-4d2b-8ab1-47b9e22fb0ea->55583e5a-eaa2-4a32-b956-442090b04083#99-t2, previous=(t:2, i:20), leaderCommit=16, initializing? false, entries: <empty>
2019-09-17 10:14:19,386 [main] WARN  io.KeyOutputStream (KeyOutputStream.java:handleException(276)) - Encountered exception java.io.IOException: Unexpected Storage Container Exception: java.util.concurrent.CompletionException: java.util.concurrent.CompletionException: org.apache.ratis.protocol.RaftRetryFailureException: Failed RaftClientRequest:client-4B6CA9A66071->95d6cb39-2a6f-4d2b-8ab1-47b9e22fb0ea@group-2E14F5217065, cid=51, seq=9*, RW, org.apache.hadoop.hdds.scm.XceiverClientRatis$$Lambda$461/1566285515@5dd4cdfc for 10 attempts with RetryLimited(maxAttempts=10, sleepTime=1000ms) on the pipeline Pipeline[ Id: 29db28c8-f8cf-4658-9604-2e14f5217065, Nodes: 95d6cb39-2a6f-4d2b-8ab1-47b9e22fb0ea{ip: 192.168.34.37, host: pr-hdds-2110-rdjw6-11158954, networkLocation: /default-rack, certSerialId: null}55583e5a-eaa2-4a32-b956-442090b04083{ip: 192.168.34.37, host: pr-hdds-2110-rdjw6-11158954, networkLocation: /default-rack, certSerialId: null}cc01c7d5-5dcf-4408-8cdb-fcf6ab2d1d3a{ip: 192.168.34.37, host: pr-hdds-2110-rdjw6-11158954, networkLocation: /default-rack, certSerialId: null}, Type:RATIS, Factor:THREE, State:OPEN]. The last committed block length is 0, uncommitted data length is 2097152 retry count 0
2019-09-17 10:14:19,420 [java.util.concurrent.ThreadPoolExecutor$Worker@ffdc692[State = -1, empty queue]] WARN  server.GrpcLogAppender (GrpcLogAppender.java:timeoutAppendRequest(200)) - 04cd4a9b-51ef-4921-b690-09927bd9ce1f@group-BB27F83832E4->cd7fb81c-86a4-4055-b819-d84d71d1e03b-GrpcLogAppender: appendEntries Timeout, request=04cd4a9b-51ef-4921-b690-09927bd9ce1f->cd7fb81c-86a4-4055-b819-d84d71d1e03b#100-t2, previous=(t:2, i:20), leaderCommit=16, initializing? false, entries: <empty>
2019-09-17 10:14:19,458 [grpc-default-executor-4] WARN  server.GrpcLogAppender (LogUtils.java:warn(134)) - 04cd4a9b-51ef-4921-b690-09927bd9ce1f@group-BB27F83832E4->2bed06ad-feb1-4a42-84de-0c97964ae469-AppendLogResponseHandler: Failed appendEntries: org.apache.ratis.thirdparty.io.grpc.StatusRuntimeException: UNAVAILABLE: io exception
2019-09-17 10:14:19,462 [grpc-default-executor-4] INFO  impl.FollowerInfo (FollowerInfo.java:lambda$new$0(51)) - 04cd4a9b-51ef-4921-b690-09927bd9ce1f@group-BB27F83832E4->2bed06ad-feb1-4a42-84de-0c97964ae469: nextIndex: updateUnconditionally 0 -> 0
2019-09-17 10:14:19,472 [grpc-default-executor-8] INFO  client.GrpcClientProtocolClient (GrpcClientProtocolClient.java:onNext(264)) - client-66C77A4C703B->1303f52d-d2af-4d51-a297-b30474c81d0b: receive RaftClientReply:client-66C77A4C703B->1303f52d-d2af-4d51-a297-b30474c81d0b@group-C922F90D4541, cid=55, FAILED org.apache.ratis.protocol.NotLeaderException: Server 1303f52d-d2af-4d51-a297-b30474c81d0b@group-C922F90D4541 is not the leader 1d843e0b-d448-4c1d-904a-b8b79ddf8dfc:192.168.34.37:43968, logIndex=0, commits[1303f52d-d2af-4d51-a297-b30474c81d0b:c16, 7be722d9-df7a-49b7-8861-987a973deb04:c16, 1d843e0b-d448-4c1d-904a-b8b79ddf8dfc:c16]
2019-09-17 10:14:19,645 [grpc-default-executor-13] INFO  client.GrpcClientProtocolClient (GrpcClientProtocolClient.java:onNext(264)) - client-66C77A4C703B->1d843e0b-d448-4c1d-904a-b8b79ddf8dfc: receive RaftClientReply:client-66C77A4C703B->1d843e0b-d448-4c1d-904a-b8b79ddf8dfc@group-C922F90D4541, cid=55, SUCCESS, logIndex=17, commits[1d843e0b-d448-4c1d-904a-b8b79ddf8dfc:c17, 1303f52d-d2af-4d51-a297-b30474c81d0b:c16, 7be722d9-df7a-49b7-8861-987a973deb04:c16]
2019-09-17 10:14:19,686 [java.util.concurrent.ThreadPoolExecutor$Worker@1abe7d4f[State = -1, empty queue]] WARN  server.GrpcLogAppender (GrpcLogAppender.java:timeoutAppendRequest(200)) - 95d6cb39-2a6f-4d2b-8ab1-47b9e22fb0ea@group-2E14F5217065->55583e5a-eaa2-4a32-b956-442090b04083-GrpcLogAppender: appendEntries Timeout, request=95d6cb39-2a6f-4d2b-8ab1-47b9e22fb0ea->55583e5a-eaa2-4a32-b956-442090b04083#100-t2, previous=(t:2, i:20), leaderCommit=16, initializing? false, entries: <empty>
2019-09-17 10:14:19,736 [grpc-default-executor-17] INFO  client.GrpcClientProtocolClient (GrpcClientProtocolClient.java:onNext(264)) - client-66C77A4C703B->1d843e0b-d448-4c1d-904a-b8b79ddf8dfc: receive RaftClientReply:client-66C77A4C703B->1d843e0b-d448-4c1d-904a-b8b79ddf8dfc@group-C922F90D4541, cid=56, SUCCESS, logIndex=19, commits[1d843e0b-d448-4c1d-904a-b8b79ddf8dfc:c23, 1303f52d-d2af-4d51-a297-b30474c81d0b:c20, 7be722d9-df7a-49b7-8861-987a973deb04:c20]
2019-09-17 10:14:19,737 [grpc-default-executor-17] INFO  client.GrpcClientProtocolClient (GrpcClientProtocolClient.java:onNext(264)) - client-66C77A4C703B->1d843e0b-d448-4c1d-904a-b8b79ddf8dfc: receive RaftClientReply:client-66C77A4C703B->1d843e0b-d448-4c1d-904a-b8b79ddf8dfc@group-C922F90D4541, cid=57, SUCCESS, logIndex=20, commits[1d843e0b-d448-4c1d-904a-b8b79ddf8dfc:c23, 1303f52d-d2af-4d51-a297-b30474c81d0b:c20, 7be722d9-df7a-49b7-8861-987a973deb04:c20]
2019-09-17 10:14:19,865 [grpc-default-executor-17] INFO  client.GrpcClientProtocolClient (GrpcClientProtocolClient.java:onNext(264)) - client-66C77A4C703B->1d843e0b-d448-4c1d-904a-b8b79ddf8dfc: receive RaftClientReply:client-66C77A4C703B->1d843e0b-d448-4c1d-904a-b8b79ddf8dfc@group-C922F90D4541, cid=58, SUCCESS, logIndex=21, commits[1d843e0b-d448-4c1d-904a-b8b79ddf8dfc:c23, 1303f52d-d2af-4d51-a297-b30474c81d0b:c20, 7be722d9-df7a-49b7-8861-987a973deb04:c20]
2019-09-17 10:14:19,898 [grpc-default-executor-8] INFO  client.GrpcClientProtocolClient (GrpcClientProtocolClient.java:onNext(264)) - client-66C77A4C703B->1d843e0b-d448-4c1d-904a-b8b79ddf8dfc: receive RaftClientReply:client-66C77A4C703B->1d843e0b-d448-4c1d-904a-b8b79ddf8dfc@group-C922F90D4541, cid=59, SUCCESS, logIndex=24, commits[1d843e0b-d448-4c1d-904a-b8b79ddf8dfc:c25, 1303f52d-d2af-4d51-a297-b30474c81d0b:c23, 7be722d9-df7a-49b7-8861-987a973deb04:c23]
2019-09-17 10:14:19,899 [grpc-default-executor-8] INFO  client.GrpcClientProtocolClient (GrpcClientProtocolClient.java:onNext(264)) - client-66C77A4C703B->1d843e0b-d448-4c1d-904a-b8b79ddf8dfc: receive RaftClientReply:client-66C77A4C703B->1d843e0b-d448-4c1d-904a-b8b79ddf8dfc@group-C922F90D4541, cid=60, SUCCESS, logIndex=25, commits[1d843e0b-d448-4c1d-904a-b8b79ddf8dfc:c25, 1303f52d-d2af-4d51-a297-b30474c81d0b:c23, 7be722d9-df7a-49b7-8861-987a973deb04:c23]
2019-09-17 10:14:19,919 [java.util.concurrent.ThreadPoolExecutor$Worker@ffdc692[State = -1, empty queue]] WARN  server.GrpcLogAppender (GrpcLogAppender.java:timeoutAppendRequest(200)) - 04cd4a9b-51ef-4921-b690-09927bd9ce1f@group-BB27F83832E4->cd7fb81c-86a4-4055-b819-d84d71d1e03b-GrpcLogAppender: appendEntries Timeout, request=04cd4a9b-51ef-4921-b690-09927bd9ce1f->cd7fb81c-86a4-4055-b819-d84d71d1e03b#101-t2, previous=(t:2, i:20), leaderCommit=16, initializing? false, entries: <empty>
2019-09-17 10:14:19,960 [grpc-default-executor-13] WARN  server.GrpcLogAppender (LogUtils.java:warn(134)) - 04cd4a9b-51ef-4921-b690-09927bd9ce1f@group-BB27F83832E4->2bed06ad-feb1-4a42-84de-0c97964ae469-AppendLogResponseHandler: Failed appendEntries: org.apache.ratis.thirdparty.io.grpc.StatusRuntimeException: UNAVAILABLE: io exception
2019-09-17 10:14:19,960 [grpc-default-executor-13] INFO  impl.FollowerInfo (FollowerInfo.java:lambda$new$0(51)) - 04cd4a9b-51ef-4921-b690-09927bd9ce1f@group-BB27F83832E4->2bed06ad-feb1-4a42-84de-0c97964ae469: nextIndex: updateUnconditionally 0 -> 0
2019-09-17 10:14:20,186 [java.util.concurrent.ThreadPoolExecutor$Worker@1abe7d4f[State = -1, empty queue]] WARN  server.GrpcLogAppender (GrpcLogAppender.java:timeoutAppendRequest(200)) - 95d6cb39-2a6f-4d2b-8ab1-47b9e22fb0ea@group-2E14F5217065->55583e5a-eaa2-4a32-b956-442090b04083-GrpcLogAppender: appendEntries Timeout, request=95d6cb39-2a6f-4d2b-8ab1-47b9e22fb0ea->55583e5a-eaa2-4a32-b956-442090b04083#101-t2, previous=(t:2, i:20), leaderCommit=16, initializing? false, entries: <empty>
2019-09-17 10:14:20,419 [java.util.concurrent.ThreadPoolExecutor$Worker@ffdc692[State = -1, empty queue]] WARN  server.GrpcLogAppender (GrpcLogAppender.java:timeoutAppendRequest(200)) - 04cd4a9b-51ef-4921-b690-09927bd9ce1f@group-BB27F83832E4->cd7fb81c-86a4-4055-b819-d84d71d1e03b-GrpcLogAppender: appendEntries Timeout, request=04cd4a9b-51ef-4921-b690-09927bd9ce1f->cd7fb81c-86a4-4055-b819-d84d71d1e03b#102-t2, previous=(t:2, i:20), leaderCommit=16, initializing? false, entries: <empty>
2019-09-17 10:14:20,461 [grpc-default-executor-17] WARN  server.GrpcLogAppender (LogUtils.java:warn(134)) - 04cd4a9b-51ef-4921-b690-09927bd9ce1f@group-BB27F83832E4->2bed06ad-feb1-4a42-84de-0c97964ae469-AppendLogResponseHandler: Failed appendEntries: org.apache.ratis.thirdparty.io.grpc.StatusRuntimeException: UNAVAILABLE: io exception
2019-09-17 10:14:20,461 [grpc-default-executor-17] INFO  impl.FollowerInfo (FollowerInfo.java:lambda$new$0(51)) - 04cd4a9b-51ef-4921-b690-09927bd9ce1f@group-BB27F83832E4->2bed06ad-feb1-4a42-84de-0c97964ae469: nextIndex: updateUnconditionally 0 -> 0
2019-09-17 10:14:20,686 [java.util.concurrent.ThreadPoolExecutor$Worker@1abe7d4f[State = -1, empty queue]] WARN  server.GrpcLogAppender (GrpcLogAppender.java:timeoutAppendRequest(200)) - 95d6cb39-2a6f-4d2b-8ab1-47b9e22fb0ea@group-2E14F5217065->55583e5a-eaa2-4a32-b956-442090b04083-GrpcLogAppender: appendEntries Timeout, request=95d6cb39-2a6f-4d2b-8ab1-47b9e22fb0ea->55583e5a-eaa2-4a32-b956-442090b04083#102-t2, previous=(t:2, i:20), leaderCommit=16, initializing? false, entries: <empty>
2019-09-17 10:14:20,808 [Datanode State Machine Thread - 0] INFO  statemachine.DatanodeStateMachine (DatanodeStateMachine.java:lambda$startDaemon$0(350)) - Ozone container server started.
2019-09-17 10:14:20,919 [java.util.concurrent.ThreadPoolExecutor$Worker@ffdc692[State = -1, empty queue]] WARN  server.GrpcLogAppender (GrpcLogAppender.java:timeoutAppendRequest(200)) - 04cd4a9b-51ef-4921-b690-09927bd9ce1f@group-BB27F83832E4->cd7fb81c-86a4-4055-b819-d84d71d1e03b-GrpcLogAppender: appendEntries Timeout, request=04cd4a9b-51ef-4921-b690-09927bd9ce1f->cd7fb81c-86a4-4055-b819-d84d71d1e03b#103-t2, previous=(t:2, i:20), leaderCommit=16, initializing? false, entries: <empty>
2019-09-17 10:14:20,984 [grpc-default-executor-8] WARN  server.GrpcLogAppender (LogUtils.java:warn(134)) - 04cd4a9b-51ef-4921-b690-09927bd9ce1f@group-BB27F83832E4->2bed06ad-feb1-4a42-84de-0c97964ae469-AppendLogResponseHandler: Failed appendEntries: org.apache.ratis.thirdparty.io.grpc.StatusRuntimeException: UNAVAILABLE: io exception
2019-09-17 10:14:20,985 [grpc-default-executor-8] INFO  impl.FollowerInfo (FollowerInfo.java:lambda$new$0(51)) - 04cd4a9b-51ef-4921-b690-09927bd9ce1f@group-BB27F83832E4->2bed06ad-feb1-4a42-84de-0c97964ae469: nextIndex: updateUnconditionally 0 -> 0
2019-09-17 10:14:21,168 [95d6cb39-2a6f-4d2b-8ab1-47b9e22fb0ea@group-2E14F5217065-SegmentedRaftLogWorker] WARN  segmented.SegmentedRaftLogWorker (SegmentedRaftLogWorker.java:getFromFuture(90)) - Timeout 1/~
org.apache.ratis.protocol.TimeoutIOException: Timeout 10s: WriteLog:17: (t:2, i:17), STATEMACHINELOGENTRY, client-4B6CA9A66071, cid=51-writeStateMachineData
	at org.apache.ratis.util.IOUtils.getFromFuture(IOUtils.java:87)
	at org.apache.ratis.server.raftlog.segmented.SegmentedRaftLogWorker$StateMachineDataPolicy.getFromFuture(SegmentedRaftLogWorker.java:87)
	at org.apache.ratis.server.raftlog.segmented.SegmentedRaftLogWorker$WriteLog.execute(SegmentedRaftLogWorker.java:477)
	at org.apache.ratis.server.raftlog.segmented.SegmentedRaftLogWorker.run(SegmentedRaftLogWorker.java:289)
	at java.lang.Thread.run(Thread.java:748)
Caused by: java.util.concurrent.TimeoutException
	at java.util.concurrent.CompletableFuture.timedGet(CompletableFuture.java:1771)
	at java.util.concurrent.CompletableFuture.get(CompletableFuture.java:1915)
	at org.apache.ratis.util.IOUtils.getFromFuture(IOUtils.java:79)
	... 4 more
2019-09-17 10:14:21,172 [55583e5a-eaa2-4a32-b956-442090b04083@group-2E14F5217065-SegmentedRaftLogWorker] WARN  segmented.SegmentedRaftLogWorker (SegmentedRaftLogWorker.java:getFromFuture(90)) - Timeout 1/~
org.apache.ratis.protocol.TimeoutIOException: Timeout 10s: WriteLog:17: (t:2, i:17), STATEMACHINELOGENTRY, client-4B6CA9A66071, cid=51-writeStateMachineData
	at org.apache.ratis.util.IOUtils.getFromFuture(IOUtils.java:87)
	at org.apache.ratis.server.raftlog.segmented.SegmentedRaftLogWorker$StateMachineDataPolicy.getFromFuture(SegmentedRaftLogWorker.java:87)
	at org.apache.ratis.server.raftlog.segmented.SegmentedRaftLogWorker$WriteLog.execute(SegmentedRaftLogWorker.java:477)
	at org.apache.ratis.server.raftlog.segmented.SegmentedRaftLogWorker.run(SegmentedRaftLogWorker.java:289)
	at java.lang.Thread.run(Thread.java:748)
Caused by: java.util.concurrent.TimeoutException
	at java.util.concurrent.CompletableFuture.timedGet(CompletableFuture.java:1771)
	at java.util.concurrent.CompletableFuture.get(CompletableFuture.java:1915)
	at org.apache.ratis.util.IOUtils.getFromFuture(IOUtils.java:79)
	... 4 more
2019-09-17 10:14:21,187 [java.util.concurrent.ThreadPoolExecutor$Worker@1abe7d4f[State = -1, empty queue]] WARN  server.GrpcLogAppender (GrpcLogAppender.java:timeoutAppendRequest(200)) - 95d6cb39-2a6f-4d2b-8ab1-47b9e22fb0ea@group-2E14F5217065->55583e5a-eaa2-4a32-b956-442090b04083-GrpcLogAppender: appendEntries Timeout, request=95d6cb39-2a6f-4d2b-8ab1-47b9e22fb0ea->55583e5a-eaa2-4a32-b956-442090b04083#103-t2, previous=(t:2, i:20), leaderCommit=16, initializing? false, entries: <empty>
2019-09-17 10:14:21,420 [java.util.concurrent.ThreadPoolExecutor$Worker@ffdc692[State = -1, empty queue]] WARN  server.GrpcLogAppender (GrpcLogAppender.java:timeoutAppendRequest(200)) - 04cd4a9b-51ef-4921-b690-09927bd9ce1f@group-BB27F83832E4->cd7fb81c-86a4-4055-b819-d84d71d1e03b-GrpcLogAppender: appendEntries Timeout, request=04cd4a9b-51ef-4921-b690-09927bd9ce1f->cd7fb81c-86a4-4055-b819-d84d71d1e03b#104-t2, previous=(t:2, i:20), leaderCommit=16, initializing? false, entries: <empty>
2019-09-17 10:14:21,463 [grpc-default-executor-13] WARN  server.GrpcLogAppender (LogUtils.java:warn(134)) - 04cd4a9b-51ef-4921-b690-09927bd9ce1f@group-BB27F83832E4->2bed06ad-feb1-4a42-84de-0c97964ae469-AppendLogResponseHandler: Failed appendEntries: org.apache.ratis.thirdparty.io.grpc.StatusRuntimeException: UNAVAILABLE: io exception
2019-09-17 10:14:21,463 [grpc-default-executor-13] INFO  impl.FollowerInfo (FollowerInfo.java:lambda$new$0(51)) - 04cd4a9b-51ef-4921-b690-09927bd9ce1f@group-BB27F83832E4->2bed06ad-feb1-4a42-84de-0c97964ae469: nextIndex: updateUnconditionally 0 -> 0
2019-09-17 10:14:21,687 [java.util.concurrent.ThreadPoolExecutor$Worker@1abe7d4f[State = -1, empty queue]] WARN  server.GrpcLogAppender (GrpcLogAppender.java:timeoutAppendRequest(200)) - 95d6cb39-2a6f-4d2b-8ab1-47b9e22fb0ea@group-2E14F5217065->55583e5a-eaa2-4a32-b956-442090b04083-GrpcLogAppender: appendEntries Timeout, request=95d6cb39-2a6f-4d2b-8ab1-47b9e22fb0ea->55583e5a-eaa2-4a32-b956-442090b04083#104-t2, previous=(t:2, i:20), leaderCommit=16, initializing? false, entries: <empty>
2019-09-17 10:14:21,920 [java.util.concurrent.ThreadPoolExecutor$Worker@ffdc692[State = -1, empty queue]] WARN  server.GrpcLogAppender (GrpcLogAppender.java:timeoutAppendRequest(200)) - 04cd4a9b-51ef-4921-b690-09927bd9ce1f@group-BB27F83832E4->cd7fb81c-86a4-4055-b819-d84d71d1e03b-GrpcLogAppender: appendEntries Timeout, request=04cd4a9b-51ef-4921-b690-09927bd9ce1f->cd7fb81c-86a4-4055-b819-d84d71d1e03b#105-t2, previous=(t:2, i:20), leaderCommit=16, initializing? false, entries: <empty>
2019-09-17 10:14:21,963 [grpc-default-executor-17] WARN  server.GrpcLogAppender (LogUtils.java:warn(134)) - 04cd4a9b-51ef-4921-b690-09927bd9ce1f@group-BB27F83832E4->2bed06ad-feb1-4a42-84de-0c97964ae469-AppendLogResponseHandler: Failed appendEntries: org.apache.ratis.thirdparty.io.grpc.StatusRuntimeException: UNAVAILABLE: io exception
2019-09-17 10:14:21,964 [grpc-default-executor-17] INFO  impl.FollowerInfo (FollowerInfo.java:lambda$new$0(51)) - 04cd4a9b-51ef-4921-b690-09927bd9ce1f@group-BB27F83832E4->2bed06ad-feb1-4a42-84de-0c97964ae469: nextIndex: updateUnconditionally 0 -> 0
2019-09-17 10:14:22,188 [java.util.concurrent.ThreadPoolExecutor$Worker@1abe7d4f[State = -1, empty queue]] WARN  server.GrpcLogAppender (GrpcLogAppender.java:timeoutAppendRequest(200)) - 95d6cb39-2a6f-4d2b-8ab1-47b9e22fb0ea@group-2E14F5217065->55583e5a-eaa2-4a32-b956-442090b04083-GrpcLogAppender: appendEntries Timeout, request=95d6cb39-2a6f-4d2b-8ab1-47b9e22fb0ea->55583e5a-eaa2-4a32-b956-442090b04083#105-t2, previous=(t:2, i:20), leaderCommit=16, initializing? false, entries: <empty>
2019-09-17 10:14:22,422 [java.util.concurrent.ThreadPoolExecutor$Worker@ffdc692[State = -1, empty queue]] WARN  server.GrpcLogAppender (GrpcLogAppender.java:timeoutAppendRequest(200)) - 04cd4a9b-51ef-4921-b690-09927bd9ce1f@group-BB27F83832E4->cd7fb81c-86a4-4055-b819-d84d71d1e03b-GrpcLogAppender: appendEntries Timeout, request=04cd4a9b-51ef-4921-b690-09927bd9ce1f->cd7fb81c-86a4-4055-b819-d84d71d1e03b#106-t2, previous=(t:2, i:20), leaderCommit=16, initializing? false, entries: <empty>
2019-09-17 10:14:22,464 [grpc-default-executor-13] WARN  server.GrpcLogAppender (LogUtils.java:warn(134)) - 04cd4a9b-51ef-4921-b690-09927bd9ce1f@group-BB27F83832E4->2bed06ad-feb1-4a42-84de-0c97964ae469-AppendLogResponseHandler: Failed appendEntries: org.apache.ratis.thirdparty.io.grpc.StatusRuntimeException: UNAVAILABLE: io exception
2019-09-17 10:14:22,465 [grpc-default-executor-13] INFO  impl.FollowerInfo (FollowerInfo.java:lambda$new$0(51)) - 04cd4a9b-51ef-4921-b690-09927bd9ce1f@group-BB27F83832E4->2bed06ad-feb1-4a42-84de-0c97964ae469: nextIndex: updateUnconditionally 0 -> 0
2019-09-17 10:14:22,689 [java.util.concurrent.ThreadPoolExecutor$Worker@1abe7d4f[State = -1, empty queue]] WARN  server.GrpcLogAppender (GrpcLogAppender.java:timeoutAppendRequest(200)) - 95d6cb39-2a6f-4d2b-8ab1-47b9e22fb0ea@group-2E14F5217065->55583e5a-eaa2-4a32-b956-442090b04083-GrpcLogAppender: appendEntries Timeout, request=95d6cb39-2a6f-4d2b-8ab1-47b9e22fb0ea->55583e5a-eaa2-4a32-b956-442090b04083#106-t2, previous=(t:2, i:20), leaderCommit=16, initializing? false, entries: <empty>
2019-09-17 10:14:22,923 [java.util.concurrent.ThreadPoolExecutor$Worker@ffdc692[State = -1, empty queue]] WARN  server.GrpcLogAppender (GrpcLogAppender.java:timeoutAppendRequest(200)) - 04cd4a9b-51ef-4921-b690-09927bd9ce1f@group-BB27F83832E4->cd7fb81c-86a4-4055-b819-d84d71d1e03b-GrpcLogAppender: appendEntries Timeout, request=04cd4a9b-51ef-4921-b690-09927bd9ce1f->cd7fb81c-86a4-4055-b819-d84d71d1e03b#107-t2, previous=(t:2, i:20), leaderCommit=16, initializing? false, entries: <empty>
2019-09-17 10:14:22,966 [grpc-default-executor-17] WARN  server.GrpcLogAppender (LogUtils.java:warn(134)) - 04cd4a9b-51ef-4921-b690-09927bd9ce1f@group-BB27F83832E4->2bed06ad-feb1-4a42-84de-0c97964ae469-AppendLogResponseHandler: Failed appendEntries: org.apache.ratis.thirdparty.io.grpc.StatusRuntimeException: UNAVAILABLE: io exception
2019-09-17 10:14:22,966 [grpc-default-executor-17] INFO  impl.FollowerInfo (FollowerInfo.java:lambda$new$0(51)) - 04cd4a9b-51ef-4921-b690-09927bd9ce1f@group-BB27F83832E4->2bed06ad-feb1-4a42-84de-0c97964ae469: nextIndex: updateUnconditionally 0 -> 0
2019-09-17 10:14:23,189 [java.util.concurrent.ThreadPoolExecutor$Worker@1abe7d4f[State = -1, empty queue]] WARN  server.GrpcLogAppender (GrpcLogAppender.java:timeoutAppendRequest(200)) - 95d6cb39-2a6f-4d2b-8ab1-47b9e22fb0ea@group-2E14F5217065->55583e5a-eaa2-4a32-b956-442090b04083-GrpcLogAppender: appendEntries Timeout, request=95d6cb39-2a6f-4d2b-8ab1-47b9e22fb0ea->55583e5a-eaa2-4a32-b956-442090b04083#107-t2, previous=(t:2, i:20), leaderCommit=16, initializing? false, entries: <empty>
2019-09-17 10:14:23,423 [java.util.concurrent.ThreadPoolExecutor$Worker@ffdc692[State = -1, empty queue]] WARN  server.GrpcLogAppender (GrpcLogAppender.java:timeoutAppendRequest(200)) - 04cd4a9b-51ef-4921-b690-09927bd9ce1f@group-BB27F83832E4->cd7fb81c-86a4-4055-b819-d84d71d1e03b-GrpcLogAppender: appendEntries Timeout, request=04cd4a9b-51ef-4921-b690-09927bd9ce1f->cd7fb81c-86a4-4055-b819-d84d71d1e03b#108-t2, previous=(t:2, i:20), leaderCommit=16, initializing? false, entries: <empty>
2019-09-17 10:14:23,467 [grpc-default-executor-8] WARN  server.GrpcLogAppender (LogUtils.java:warn(134)) - 04cd4a9b-51ef-4921-b690-09927bd9ce1f@group-BB27F83832E4->2bed06ad-feb1-4a42-84de-0c97964ae469-AppendLogResponseHandler: Failed appendEntries: org.apache.ratis.thirdparty.io.grpc.StatusRuntimeException: UNAVAILABLE: io exception
2019-09-17 10:14:23,467 [grpc-default-executor-8] INFO  impl.FollowerInfo (FollowerInfo.java:lambda$new$0(51)) - 04cd4a9b-51ef-4921-b690-09927bd9ce1f@group-BB27F83832E4->2bed06ad-feb1-4a42-84de-0c97964ae469: nextIndex: updateUnconditionally 0 -> 0
2019-09-17 10:14:23,690 [java.util.concurrent.ThreadPoolExecutor$Worker@1abe7d4f[State = -1, empty queue]] WARN  server.GrpcLogAppender (GrpcLogAppender.java:timeoutAppendRequest(200)) - 95d6cb39-2a6f-4d2b-8ab1-47b9e22fb0ea@group-2E14F5217065->55583e5a-eaa2-4a32-b956-442090b04083-GrpcLogAppender: appendEntries Timeout, request=95d6cb39-2a6f-4d2b-8ab1-47b9e22fb0ea->55583e5a-eaa2-4a32-b956-442090b04083#108-t2, previous=(t:2, i:20), leaderCommit=16, initializing? false, entries: <empty>
2019-09-17 10:14:23,932 [java.util.concurrent.ThreadPoolExecutor$Worker@ffdc692[State = -1, empty queue]] WARN  server.GrpcLogAppender (GrpcLogAppender.java:timeoutAppendRequest(200)) - 04cd4a9b-51ef-4921-b690-09927bd9ce1f@group-BB27F83832E4->cd7fb81c-86a4-4055-b819-d84d71d1e03b-GrpcLogAppender: appendEntries Timeout, request=04cd4a9b-51ef-4921-b690-09927bd9ce1f->cd7fb81c-86a4-4055-b819-d84d71d1e03b#109-t2, previous=(t:2, i:20), leaderCommit=16, initializing? false, entries: <empty>
2019-09-17 10:14:23,969 [grpc-default-executor-8] WARN  server.GrpcLogAppender (LogUtils.java:warn(134)) - 04cd4a9b-51ef-4921-b690-09927bd9ce1f@group-BB27F83832E4->2bed06ad-feb1-4a42-84de-0c97964ae469-AppendLogResponseHandler: Failed appendEntries: org.apache.ratis.thirdparty.io.grpc.StatusRuntimeException: UNAVAILABLE: io exception
2019-09-17 10:14:23,970 [grpc-default-executor-8] INFO  impl.FollowerInfo (FollowerInfo.java:lambda$new$0(51)) - 04cd4a9b-51ef-4921-b690-09927bd9ce1f@group-BB27F83832E4->2bed06ad-feb1-4a42-84de-0c97964ae469: nextIndex: updateUnconditionally 0 -> 0
2019-09-17 10:14:24,190 [java.util.concurrent.ThreadPoolExecutor$Worker@1abe7d4f[State = -1, empty queue]] WARN  server.GrpcLogAppender (GrpcLogAppender.java:timeoutAppendRequest(200)) - 95d6cb39-2a6f-4d2b-8ab1-47b9e22fb0ea@group-2E14F5217065->55583e5a-eaa2-4a32-b956-442090b04083-GrpcLogAppender: appendEntries Timeout, request=95d6cb39-2a6f-4d2b-8ab1-47b9e22fb0ea->55583e5a-eaa2-4a32-b956-442090b04083#109-t2, previous=(t:2, i:20), leaderCommit=16, initializing? false, entries: <empty>
2019-09-17 10:14:24,423 [java.util.concurrent.ThreadPoolExecutor$Worker@ffdc692[State = -1, empty queue]] WARN  server.GrpcLogAppender (GrpcLogAppender.java:timeoutAppendRequest(200)) - 04cd4a9b-51ef-4921-b690-09927bd9ce1f@group-BB27F83832E4->cd7fb81c-86a4-4055-b819-d84d71d1e03b-GrpcLogAppender: appendEntries Timeout, request=04cd4a9b-51ef-4921-b690-09927bd9ce1f->cd7fb81c-86a4-4055-b819-d84d71d1e03b#110-t2, previous=(t:2, i:20), leaderCommit=16, initializing? false, entries: <empty>
2019-09-17 10:14:24,469 [grpc-default-executor-17] WARN  server.GrpcLogAppender (LogUtils.java:warn(134)) - 04cd4a9b-51ef-4921-b690-09927bd9ce1f@group-BB27F83832E4->2bed06ad-feb1-4a42-84de-0c97964ae469-AppendLogResponseHandler: Failed appendEntries: org.apache.ratis.thirdparty.io.grpc.StatusRuntimeException: UNAVAILABLE: io exception
2019-09-17 10:14:24,469 [grpc-default-executor-17] INFO  impl.FollowerInfo (FollowerInfo.java:lambda$new$0(51)) - 04cd4a9b-51ef-4921-b690-09927bd9ce1f@group-BB27F83832E4->2bed06ad-feb1-4a42-84de-0c97964ae469: nextIndex: updateUnconditionally 0 -> 0
2019-09-17 10:14:24,690 [java.util.concurrent.ThreadPoolExecutor$Worker@1abe7d4f[State = -1, empty queue]] WARN  server.GrpcLogAppender (GrpcLogAppender.java:timeoutAppendRequest(200)) - 95d6cb39-2a6f-4d2b-8ab1-47b9e22fb0ea@group-2E14F5217065->55583e5a-eaa2-4a32-b956-442090b04083-GrpcLogAppender: appendEntries Timeout, request=95d6cb39-2a6f-4d2b-8ab1-47b9e22fb0ea->55583e5a-eaa2-4a32-b956-442090b04083#110-t2, previous=(t:2, i:20), leaderCommit=16, initializing? false, entries: <empty>
2019-09-17 10:14:24,901 [main] INFO  ozoneimpl.OzoneContainer (OzoneContainer.java:stop(231)) - Attempting to stop container services.
2019-09-17 10:14:24,903 [main] INFO  impl.RaftServerProxy (RaftServerProxy.java:lambda$close$4(314)) - 04cd4a9b-51ef-4921-b690-09927bd9ce1f: close
2019-09-17 10:14:24,903 [main] INFO  impl.RaftServerImpl (RaftServerImpl.java:lambda$shutdown$3(251)) - 04cd4a9b-51ef-4921-b690-09927bd9ce1f@group-457F16CCBE1A: shutdown
2019-09-17 10:14:24,904 [ForkJoinPool.commonPool-worker-0] INFO  impl.RaftServerImpl (RaftServerImpl.java:lambda$shutdown$3(251)) - 04cd4a9b-51ef-4921-b690-09927bd9ce1f@group-BB27F83832E4: shutdown
2019-09-17 10:14:24,904 [main] INFO  util.JmxRegister (JmxRegister.java:unregister(73)) - Successfully un-registered JMX Bean with object name Ratis:service=RaftServer,group=group-457F16CCBE1A,id=04cd4a9b-51ef-4921-b690-09927bd9ce1f
2019-09-17 10:14:24,904 [ForkJoinPool.commonPool-worker-0] INFO  util.JmxRegister (JmxRegister.java:unregister(73)) - Successfully un-registered JMX Bean with object name Ratis:service=RaftServer,group=group-BB27F83832E4,id=04cd4a9b-51ef-4921-b690-09927bd9ce1f
2019-09-17 10:14:24,905 [main] INFO  impl.RoleInfo (RoleInfo.java:shutdownLeaderState(104)) - 04cd4a9b-51ef-4921-b690-09927bd9ce1f: shutdown LeaderState
2019-09-17 10:14:24,905 [ForkJoinPool.commonPool-worker-0] INFO  impl.RoleInfo (RoleInfo.java:shutdownLeaderState(104)) - 04cd4a9b-51ef-4921-b690-09927bd9ce1f: shutdown LeaderState
2019-09-17 10:14:24,905 [main] INFO  impl.PendingRequests (PendingRequests.java:sendNotLeaderResponses(202)) - 04cd4a9b-51ef-4921-b690-09927bd9ce1f-PendingRequests: sendNotLeaderResponses
2019-09-17 10:14:24,912 [ForkJoinPool.commonPool-worker-0] INFO  impl.PendingRequests (PendingRequests.java:sendNotLeaderResponses(202)) - 04cd4a9b-51ef-4921-b690-09927bd9ce1f-PendingRequests: sendNotLeaderResponses
2019-09-17 10:14:24,916 [org.apache.ratis.server.impl.LogAppender$AppenderDaemon$$Lambda$532/325629640@134edb5] WARN  server.GrpcLogAppender (GrpcLogAppender.java:mayWait(143)) - 04cd4a9b-51ef-4921-b690-09927bd9ce1f@group-BB27F83832E4->cd7fb81c-86a4-4055-b819-d84d71d1e03b-GrpcLogAppender: Wait interrupted by java.lang.InterruptedException
2019-09-17 10:14:24,916 [org.apache.ratis.server.impl.LogAppender$AppenderDaemon$$Lambda$532/325629640@3f451a8c] WARN  server.GrpcLogAppender (GrpcLogAppender.java:mayWait(143)) - 04cd4a9b-51ef-4921-b690-09927bd9ce1f@group-BB27F83832E4->2bed06ad-feb1-4a42-84de-0c97964ae469-GrpcLogAppender: Wait interrupted by java.lang.InterruptedException
2019-09-17 10:14:24,916 [main] INFO  impl.StateMachineUpdater (StateMachineUpdater.java:stopAndJoin(125)) - 04cd4a9b-51ef-4921-b690-09927bd9ce1f@group-457F16CCBE1A-StateMachineUpdater: set stopIndex = 0
2019-09-17 10:14:24,917 [main] INFO  impl.RaftServerImpl (ServerState.java:close(385)) - 04cd4a9b-51ef-4921-b690-09927bd9ce1f@group-457F16CCBE1A: closes. applyIndex: 0
2019-09-17 10:14:24,920 [ForkJoinPool.commonPool-worker-0] INFO  impl.StateMachineUpdater (StateMachineUpdater.java:stopAndJoin(125)) - 04cd4a9b-51ef-4921-b690-09927bd9ce1f@group-BB27F83832E4-StateMachineUpdater: set stopIndex = 16
2019-09-17 10:14:24,921 [04cd4a9b-51ef-4921-b690-09927bd9ce1f@group-457F16CCBE1A-SegmentedRaftLogWorker] INFO  segmented.SegmentedRaftLogWorker (SegmentedRaftLogWorker.java:run(313)) - 04cd4a9b-51ef-4921-b690-09927bd9ce1f@group-457F16CCBE1A-SegmentedRaftLogWorker was interrupted, exiting. There are 0 tasks remaining in the queue.
2019-09-17 10:14:24,921 [04cd4a9b-51ef-4921-b690-09927bd9ce1f@group-BB27F83832E4-StateMachineUpdater] INFO  ratis.ContainerStateMachine (ContainerStateMachine.java:takeSnapshot(289)) - group-BB27F83832E4: Taking a snapshot at:(t:2, i:14) file /workdir/hadoop-ozone/integration-test/target/test-dir/MiniOzoneClusterImpl-79292457-8b46-4756-affc-c3b1963f1051/datanode-0/data/ratis/6d65ff06-e079-45f6-91fb-bb27f83832e4/sm/snapshot.2_14
2019-09-17 10:14:24,923 [main] INFO  segmented.SegmentedRaftLogWorker (SegmentedRaftLogWorker.java:close(228)) - 04cd4a9b-51ef-4921-b690-09927bd9ce1f@group-457F16CCBE1A-SegmentedRaftLogWorker close()
2019-09-17 10:14:24,923 [java.util.concurrent.ThreadPoolExecutor$Worker@ffdc692[State = -1, empty queue]] WARN  server.GrpcLogAppender (GrpcLogAppender.java:timeoutAppendRequest(200)) - 04cd4a9b-51ef-4921-b690-09927bd9ce1f@group-BB27F83832E4->cd7fb81c-86a4-4055-b819-d84d71d1e03b-GrpcLogAppender: appendEntries Timeout, request=04cd4a9b-51ef-4921-b690-09927bd9ce1f->cd7fb81c-86a4-4055-b819-d84d71d1e03b#111-t2, previous=(t:2, i:20), leaderCommit=16, initializing? false, entries: <empty>
2019-09-17 10:14:24,930 [grpc-default-executor-17] INFO  server.GrpcServerProtocolService (GrpcServerProtocolService.java:onCompleted(113)) - cd7fb81c-86a4-4055-b819-d84d71d1e03b: Completed APPEND_ENTRIES, lastRequest: 04cd4a9b-51ef-4921-b690-09927bd9ce1f->cd7fb81c-86a4-4055-b819-d84d71d1e03b#116-t2, previous=(t:2, i:20), leaderCommit=16, initializing? false, entries: <empty>
2019-09-17 10:14:24,934 [grpc-default-executor-17] INFO  server.GrpcLogAppender (GrpcLogAppender.java:onCompleted(293)) - 04cd4a9b-51ef-4921-b690-09927bd9ce1f@group-BB27F83832E4->cd7fb81c-86a4-4055-b819-d84d71d1e03b-AppendLogResponseHandler: follower responses appendEntries COMPLETED
2019-09-17 10:14:24,934 [grpc-default-executor-17] INFO  impl.FollowerInfo (FollowerInfo.java:lambda$new$0(51)) - 04cd4a9b-51ef-4921-b690-09927bd9ce1f@group-BB27F83832E4->cd7fb81c-86a4-4055-b819-d84d71d1e03b: nextIndex: updateUnconditionally 21 -> 17
2019-09-17 10:14:24,950 [04cd4a9b-51ef-4921-b690-09927bd9ce1f@group-BB27F83832E4-StateMachineUpdater] INFO  ratis.ContainerStateMachine (ContainerStateMachine.java:takeSnapshot(300)) - group-BB27F83832E4: Finished taking a snapshot at:(t:2, i:14) file:/workdir/hadoop-ozone/integration-test/target/test-dir/MiniOzoneClusterImpl-79292457-8b46-4756-affc-c3b1963f1051/datanode-0/data/ratis/6d65ff06-e079-45f6-91fb-bb27f83832e4/sm/snapshot.2_14 time:29
2019-09-17 10:14:24,950 [04cd4a9b-51ef-4921-b690-09927bd9ce1f@group-BB27F83832E4-StateMachineUpdater] INFO  impl.StateMachineUpdater (StateMachineUpdater.java:takeSnapshot(258)) - 04cd4a9b-51ef-4921-b690-09927bd9ce1f@group-BB27F83832E4-StateMachineUpdater: Took a snapshot at index 14
2019-09-17 10:14:24,950 [04cd4a9b-51ef-4921-b690-09927bd9ce1f@group-BB27F83832E4-StateMachineUpdater] INFO  impl.StateMachineUpdater (StateMachineUpdater.java:lambda$new$0(83)) - 04cd4a9b-51ef-4921-b690-09927bd9ce1f@group-BB27F83832E4-StateMachineUpdater: snapshotIndex: updateIncreasingly -1 -> 14
2019-09-17 10:14:24,950 [04cd4a9b-51ef-4921-b690-09927bd9ce1f@group-BB27F83832E4-StateMachineUpdater] INFO  ratis.ContainerStateMachine (ContainerStateMachine.java:takeSnapshot(289)) - group-BB27F83832E4: Taking a snapshot at:(t:2, i:14) file /workdir/hadoop-ozone/integration-test/target/test-dir/MiniOzoneClusterImpl-79292457-8b46-4756-affc-c3b1963f1051/datanode-0/data/ratis/6d65ff06-e079-45f6-91fb-bb27f83832e4/sm/snapshot.2_14
2019-09-17 10:14:24,957 [04cd4a9b-51ef-4921-b690-09927bd9ce1f@group-BB27F83832E4-StateMachineUpdater] INFO  ratis.ContainerStateMachine (ContainerStateMachine.java:takeSnapshot(300)) - group-BB27F83832E4: Finished taking a snapshot at:(t:2, i:14) file:/workdir/hadoop-ozone/integration-test/target/test-dir/MiniOzoneClusterImpl-79292457-8b46-4756-affc-c3b1963f1051/datanode-0/data/ratis/6d65ff06-e079-45f6-91fb-bb27f83832e4/sm/snapshot.2_14 time:7
2019-09-17 10:14:24,957 [04cd4a9b-51ef-4921-b690-09927bd9ce1f@group-BB27F83832E4-StateMachineUpdater] INFO  impl.StateMachineUpdater (StateMachineUpdater.java:takeSnapshot(258)) - 04cd4a9b-51ef-4921-b690-09927bd9ce1f@group-BB27F83832E4-StateMachineUpdater: Took a snapshot at index 14
2019-09-17 10:14:24,958 [04cd4a9b-51ef-4921-b690-09927bd9ce1f@group-BB27F83832E4-StateMachineUpdater] INFO  impl.StateMachineUpdater (StateMachineUpdater.java:lambda$new$0(83)) - 04cd4a9b-51ef-4921-b690-09927bd9ce1f@group-BB27F83832E4-StateMachineUpdater: snapshotIndex: updateIncreasingly 14 -> 14
2019-09-17 10:14:24,958 [ForkJoinPool.commonPool-worker-0] INFO  impl.RaftServerImpl (ServerState.java:close(385)) - 04cd4a9b-51ef-4921-b690-09927bd9ce1f@group-BB27F83832E4: closes. applyIndex: 16
2019-09-17 10:14:24,962 [04cd4a9b-51ef-4921-b690-09927bd9ce1f@group-BB27F83832E4-SegmentedRaftLogWorker] ERROR ratis.XceiverServerRatis (XceiverServerRatis.java:triggerPipelineClose(568)) - pipeline Action CLOSE  on pipeline PipelineID=6d65ff06-e079-45f6-91fb-bb27f83832e4.Reason : WriteLog:19: (t:2, i:19), STATEMACHINELOGENTRY, client-DD787AC5056F, cid=30-writeStateMachineData interrupted.
2019-09-17 10:14:24,975 [ForkJoinPool.commonPool-worker-0] INFO  segmented.SegmentedRaftLogWorker (SegmentedRaftLogWorker.java:close(228)) - 04cd4a9b-51ef-4921-b690-09927bd9ce1f@group-BB27F83832E4-SegmentedRaftLogWorker close()
2019-09-17 10:14:24,976 [main] INFO  server.GrpcService (GrpcService.java:closeImpl(164)) - 04cd4a9b-51ef-4921-b690-09927bd9ce1f: shutdown server with port 32905 now
2019-09-17 10:14:24,977 [main] INFO  server.GrpcService (GrpcService.java:closeImpl(172)) - 04cd4a9b-51ef-4921-b690-09927bd9ce1f: shutdown server with port 32905 successfully
2019-09-17 10:14:24,985 [refreshUsed-/workdir/hadoop-ozone/integration-test/target/test-dir/MiniOzoneClusterImpl-79292457-8b46-4756-affc-c3b1963f1051/datanode-0/data/containers] WARN  fs.CachingGetSpaceUsed (CachingGetSpaceUsed.java:run(183)) - Thread Interrupted waiting to refresh disk information: sleep interrupted
2019-09-17 10:14:25,011 [main] INFO  utils.BackgroundService (BackgroundService.java:shutdown(148)) - Shutting down service BlockDeletingService
2019-09-17 10:14:25,018 [main] INFO  statemachine.DatanodeStateMachine (DatanodeStateMachine.java:stopDaemon(395)) - Ozone container server stopped.
2019-09-17 10:14:25,021 [main] INFO  handler.ContextHandler (ContextHandler.java:doStop(910)) - Stopped o.e.j.w.WebAppContext@476fe690{/,null,UNAVAILABLE}{/hddsDatanode}
2019-09-17 10:14:25,022 [main] INFO  server.AbstractConnector (AbstractConnector.java:doStop(318)) - Stopped ServerConnector@7a0e7ecd{HTTP/1.1,[http/1.1]}{0.0.0.0:0}
2019-09-17 10:14:25,023 [main] INFO  handler.ContextHandler (ContextHandler.java:doStop(910)) - Stopped o.e.j.s.ServletContextHandler@6920614{/static,jar:file:/home/user/.m2/repository/org/apache/hadoop/hadoop-hdds-container-service/0.5.0-SNAPSHOT/hadoop-hdds-container-service-0.5.0-SNAPSHOT.jar!/webapps/static,UNAVAILABLE}
2019-09-17 10:14:25,023 [main] INFO  handler.ContextHandler (ContextHandler.java:doStop(910)) - Stopped o.e.j.s.ServletContextHandler@1effd53c{/logs,file:///workdir/hadoop-ozone/integration-test/target/log,UNAVAILABLE}
2019-09-17 10:14:25,076 [grpc-default-executor-8] INFO  client.GrpcClientProtocolClient (GrpcClientProtocolClient.java:onNext(264)) - client-66C77A4C703B->1d843e0b-d448-4c1d-904a-b8b79ddf8dfc: receive RaftClientReply:client-66C77A4C703B->1d843e0b-d448-4c1d-904a-b8b79ddf8dfc@group-C922F90D4541, cid=61, SUCCESS, logIndex=28, commits[1d843e0b-d448-4c1d-904a-b8b79ddf8dfc:c29, 1303f52d-d2af-4d51-a297-b30474c81d0b:c27, 7be722d9-df7a-49b7-8861-987a973deb04:c27]
2019-09-17 10:14:25,078 [grpc-default-executor-8] INFO  client.GrpcClientProtocolClient (GrpcClientProtocolClient.java:onNext(264)) - client-66C77A4C703B->1d843e0b-d448-4c1d-904a-b8b79ddf8dfc: receive RaftClientReply:client-66C77A4C703B->1d843e0b-d448-4c1d-904a-b8b79ddf8dfc@group-C922F90D4541, cid=62, SUCCESS, logIndex=29, commits[1d843e0b-d448-4c1d-904a-b8b79ddf8dfc:c29, 1303f52d-d2af-4d51-a297-b30474c81d0b:c27, 7be722d9-df7a-49b7-8861-987a973deb04:c27]
2019-09-17 10:14:25,103 [grpc-default-executor-13] INFO  client.GrpcClientProtocolClient (GrpcClientProtocolClient.java:onNext(264)) - client-66C77A4C703B->1d843e0b-d448-4c1d-904a-b8b79ddf8dfc: receive RaftClientReply:client-66C77A4C703B->1d843e0b-d448-4c1d-904a-b8b79ddf8dfc@group-C922F90D4541, cid=63, SUCCESS, logIndex=0, commits[1d843e0b-d448-4c1d-904a-b8b79ddf8dfc:c31, 1303f52d-d2af-4d51-a297-b30474c81d0b:c29, 7be722d9-df7a-49b7-8861-987a973deb04:c29]
2019-09-17 10:14:25,191 [java.util.concurrent.ThreadPoolExecutor$Worker@1abe7d4f[State = -1, empty queue]] WARN  server.GrpcLogAppender (GrpcLogAppender.java:timeoutAppendRequest(200)) - 95d6cb39-2a6f-4d2b-8ab1-47b9e22fb0ea@group-2E14F5217065->55583e5a-eaa2-4a32-b956-442090b04083-GrpcLogAppender: appendEntries Timeout, request=95d6cb39-2a6f-4d2b-8ab1-47b9e22fb0ea->55583e5a-eaa2-4a32-b956-442090b04083#111-t2, previous=(t:2, i:20), leaderCommit=16, initializing? false, entries: <empty>
2019-09-17 10:14:25,691 [java.util.concurrent.ThreadPoolExecutor$Worker@1abe7d4f[State = -1, empty queue]] WARN  server.GrpcLogAppender (GrpcLogAppender.java:timeoutAppendRequest(200)) - 95d6cb39-2a6f-4d2b-8ab1-47b9e22fb0ea@group-2E14F5217065->55583e5a-eaa2-4a32-b956-442090b04083-GrpcLogAppender: appendEntries Timeout, request=95d6cb39-2a6f-4d2b-8ab1-47b9e22fb0ea->55583e5a-eaa2-4a32-b956-442090b04083#112-t2, previous=(t:2, i:20), leaderCommit=16, initializing? false, entries: <empty>
2019-09-17 10:14:26,192 [java.util.concurrent.ThreadPoolExecutor$Worker@1abe7d4f[State = -1, empty queue]] WARN  server.GrpcLogAppender (GrpcLogAppender.java:timeoutAppendRequest(200)) - 95d6cb39-2a6f-4d2b-8ab1-47b9e22fb0ea@group-2E14F5217065->55583e5a-eaa2-4a32-b956-442090b04083-GrpcLogAppender: appendEntries Timeout, request=95d6cb39-2a6f-4d2b-8ab1-47b9e22fb0ea->55583e5a-eaa2-4a32-b956-442090b04083#113-t2, previous=(t:2, i:20), leaderCommit=16, initializing? false, entries: <empty>
2019-09-17 10:14:26,693 [java.util.concurrent.ThreadPoolExecutor$Worker@1abe7d4f[State = -1, empty queue]] WARN  server.GrpcLogAppender (GrpcLogAppender.java:timeoutAppendRequest(200)) - 95d6cb39-2a6f-4d2b-8ab1-47b9e22fb0ea@group-2E14F5217065->55583e5a-eaa2-4a32-b956-442090b04083-GrpcLogAppender: appendEntries Timeout, request=95d6cb39-2a6f-4d2b-8ab1-47b9e22fb0ea->55583e5a-eaa2-4a32-b956-442090b04083#114-t2, previous=(t:2, i:20), leaderCommit=16, initializing? false, entries: <empty>
2019-09-17 10:14:26,809 [cd7fb81c-86a4-4055-b819-d84d71d1e03b@group-BB27F83832E4-SegmentedRaftLogWorker] WARN  segmented.SegmentedRaftLogWorker (SegmentedRaftLogWorker.java:getFromFuture(90)) - Timeout 4/~
org.apache.ratis.protocol.TimeoutIOException: Timeout 10s: WriteLog:19: (t:2, i:19), STATEMACHINELOGENTRY, client-DD787AC5056F, cid=30-writeStateMachineData
	at org.apache.ratis.util.IOUtils.getFromFuture(IOUtils.java:87)
	at org.apache.ratis.server.raftlog.segmented.SegmentedRaftLogWorker$StateMachineDataPolicy.getFromFuture(SegmentedRaftLogWorker.java:87)
	at org.apache.ratis.server.raftlog.segmented.SegmentedRaftLogWorker$WriteLog.execute(SegmentedRaftLogWorker.java:477)
	at org.apache.ratis.server.raftlog.segmented.SegmentedRaftLogWorker.run(SegmentedRaftLogWorker.java:289)
	at java.lang.Thread.run(Thread.java:748)
Caused by: java.util.concurrent.TimeoutException
	at java.util.concurrent.CompletableFuture.timedGet(CompletableFuture.java:1771)
	at java.util.concurrent.CompletableFuture.get(CompletableFuture.java:1915)
	at org.apache.ratis.util.IOUtils.getFromFuture(IOUtils.java:79)
	... 4 more
2019-09-17 10:14:27,193 [java.util.concurrent.ThreadPoolExecutor$Worker@1abe7d4f[State = -1, empty queue]] WARN  server.GrpcLogAppender (GrpcLogAppender.java:timeoutAppendRequest(200)) - 95d6cb39-2a6f-4d2b-8ab1-47b9e22fb0ea@group-2E14F5217065->55583e5a-eaa2-4a32-b956-442090b04083-GrpcLogAppender: appendEntries Timeout, request=95d6cb39-2a6f-4d2b-8ab1-47b9e22fb0ea->55583e5a-eaa2-4a32-b956-442090b04083#115-t2, previous=(t:2, i:20), leaderCommit=16, initializing? false, entries: <empty>
2019-09-17 10:14:27,693 [java.util.concurrent.ThreadPoolExecutor$Worker@1abe7d4f[State = -1, empty queue]] WARN  server.GrpcLogAppender (GrpcLogAppender.java:timeoutAppendRequest(200)) - 95d6cb39-2a6f-4d2b-8ab1-47b9e22fb0ea@group-2E14F5217065->55583e5a-eaa2-4a32-b956-442090b04083-GrpcLogAppender: appendEntries Timeout, request=95d6cb39-2a6f-4d2b-8ab1-47b9e22fb0ea->55583e5a-eaa2-4a32-b956-442090b04083#116-t2, previous=(t:2, i:20), leaderCommit=16, initializing? false, entries: <empty>
2019-09-17 10:14:28,128 [java.util.concurrent.ThreadPoolExecutor$Worker@4a8ecabd[State = -1, empty queue]] WARN  server.GrpcLogAppender (GrpcLogAppender.java:timeoutAppendRequest(200)) - 1d843e0b-d448-4c1d-904a-b8b79ddf8dfc@group-C922F90D4541->7be722d9-df7a-49b7-8861-987a973deb04-GrpcLogAppender: appendEntries Timeout, request=1d843e0b-d448-4c1d-904a-b8b79ddf8dfc->7be722d9-df7a-49b7-8861-987a973deb04#127-t2, previous=(t:2, i:31), leaderCommit=31, initializing? false, entries: size=1, first=(t:2, i:32), STATEMACHINELOGENTRY, client-66C77A4C703B, cid=64
2019-09-17 10:14:28,129 [java.util.concurrent.ThreadPoolExecutor$Worker@4a8ecabd[State = -1, empty queue]] WARN  server.GrpcLogAppender (GrpcLogAppender.java:timeoutAppendRequest(200)) - 1d843e0b-d448-4c1d-904a-b8b79ddf8dfc@group-C922F90D4541->7be722d9-df7a-49b7-8861-987a973deb04-GrpcLogAppender: appendEntries Timeout, request=1d843e0b-d448-4c1d-904a-b8b79ddf8dfc->7be722d9-df7a-49b7-8861-987a973deb04#128-t2, previous=(t:2, i:32), leaderCommit=31, initializing? false, entries: size=1, first=(t:2, i:33), STATEMACHINELOGENTRY, client-66C77A4C703B, cid=65
2019-09-17 10:14:28,130 [java.util.concurrent.ThreadPoolExecutor$Worker@44112706[State = -1, empty queue]] WARN  server.GrpcLogAppender (GrpcLogAppender.java:timeoutAppendRequest(200)) - 1d843e0b-d448-4c1d-904a-b8b79ddf8dfc@group-C922F90D4541->1303f52d-d2af-4d51-a297-b30474c81d0b-GrpcLogAppender: appendEntries Timeout, request=1d843e0b-d448-4c1d-904a-b8b79ddf8dfc->1303f52d-d2af-4d51-a297-b30474c81d0b#127-t2, previous=(t:2, i:31), leaderCommit=31, initializing? false, entries: size=1, first=(t:2, i:32), STATEMACHINELOGENTRY, client-66C77A4C703B, cid=64
2019-09-17 10:14:28,133 [java.util.concurrent.ThreadPoolExecutor$Worker@44112706[State = -1, empty queue]] WARN  server.GrpcLogAppender (GrpcLogAppender.java:timeoutAppendRequest(200)) - 1d843e0b-d448-4c1d-904a-b8b79ddf8dfc@group-C922F90D4541->1303f52d-d2af-4d51-a297-b30474c81d0b-GrpcLogAppender: appendEntries Timeout, request=1d843e0b-d448-4c1d-904a-b8b79ddf8dfc->1303f52d-d2af-4d51-a297-b30474c81d0b#128-t2, previous=(t:2, i:32), leaderCommit=31, initializing? false, entries: size=1, first=(t:2, i:33), STATEMACHINELOGENTRY, client-66C77A4C703B, cid=65
2019-09-17 10:14:28,133 [java.util.concurrent.ThreadPoolExecutor$Worker@4a8ecabd[State = -1, empty queue]] WARN  server.GrpcLogAppender (GrpcLogAppender.java:timeoutAppendRequest(200)) - 1d843e0b-d448-4c1d-904a-b8b79ddf8dfc@group-C922F90D4541->7be722d9-df7a-49b7-8861-987a973deb04-GrpcLogAppender: appendEntries Timeout, request=1d843e0b-d448-4c1d-904a-b8b79ddf8dfc->7be722d9-df7a-49b7-8861-987a973deb04#129-t2, previous=(t:2, i:33), leaderCommit=31, initializing? false, entries: size=1, first=(t:2, i:34), STATEMACHINELOGENTRY, client-66C77A4C703B, cid=66
2019-09-17 10:14:28,136 [java.util.concurrent.ThreadPoolExecutor$Worker@44112706[State = -1, empty queue]] WARN  server.GrpcLogAppender (GrpcLogAppender.java:timeoutAppendRequest(200)) - 1d843e0b-d448-4c1d-904a-b8b79ddf8dfc@group-C922F90D4541->1303f52d-d2af-4d51-a297-b30474c81d0b-GrpcLogAppender: appendEntries Timeout, request=1d843e0b-d448-4c1d-904a-b8b79ddf8dfc->1303f52d-d2af-4d51-a297-b30474c81d0b#129-t2, previous=(t:2, i:33), leaderCommit=31, initializing? false, entries: size=1, first=(t:2, i:34), STATEMACHINELOGENTRY, client-66C77A4C703B, cid=66
2019-09-17 10:14:28,138 [java.util.concurrent.ThreadPoolExecutor$Worker@4a8ecabd[State = -1, empty queue]] WARN  server.GrpcLogAppender (GrpcLogAppender.java:timeoutAppendRequest(200)) - 1d843e0b-d448-4c1d-904a-b8b79ddf8dfc@group-C922F90D4541->7be722d9-df7a-49b7-8861-987a973deb04-GrpcLogAppender: appendEntries Timeout, request=1d843e0b-d448-4c1d-904a-b8b79ddf8dfc->7be722d9-df7a-49b7-8861-987a973deb04#130-t2, previous=(t:2, i:34), leaderCommit=31, initializing? false, entries: size=1, first=(t:2, i:35), STATEMACHINELOGENTRY, client-66C77A4C703B, cid=67
2019-09-17 10:14:28,141 [java.util.concurrent.ThreadPoolExecutor$Worker@44112706[State = -1, empty queue]] WARN  server.GrpcLogAppender (GrpcLogAppender.java:timeoutAppendRequest(200)) - 1d843e0b-d448-4c1d-904a-b8b79ddf8dfc@group-C922F90D4541->1303f52d-d2af-4d51-a297-b30474c81d0b-GrpcLogAppender: appendEntries Timeout, request=1d843e0b-d448-4c1d-904a-b8b79ddf8dfc->1303f52d-d2af-4d51-a297-b30474c81d0b#130-t2, previous=(t:2, i:34), leaderCommit=31, initializing? false, entries: size=1, first=(t:2, i:35), STATEMACHINELOGENTRY, client-66C77A4C703B, cid=67
2019-09-17 10:14:28,194 [java.util.concurrent.ThreadPoolExecutor$Worker@1abe7d4f[State = -1, empty queue]] WARN  server.GrpcLogAppender (GrpcLogAppender.java:timeoutAppendRequest(200)) - 95d6cb39-2a6f-4d2b-8ab1-47b9e22fb0ea@group-2E14F5217065->55583e5a-eaa2-4a32-b956-442090b04083-GrpcLogAppender: appendEntries Timeout, request=95d6cb39-2a6f-4d2b-8ab1-47b9e22fb0ea->55583e5a-eaa2-4a32-b956-442090b04083#117-t2, previous=(t:2, i:20), leaderCommit=16, initializing? false, entries: <empty>
2019-09-17 10:14:28,633 [java.util.concurrent.ThreadPoolExecutor$Worker@4a8ecabd[State = -1, empty queue]] WARN  server.GrpcLogAppender (GrpcLogAppender.java:timeoutAppendRequest(200)) - 1d843e0b-d448-4c1d-904a-b8b79ddf8dfc@group-C922F90D4541->7be722d9-df7a-49b7-8861-987a973deb04-GrpcLogAppender: appendEntries Timeout, request=1d843e0b-d448-4c1d-904a-b8b79ddf8dfc->7be722d9-df7a-49b7-8861-987a973deb04#131-t2, previous=(t:2, i:35), leaderCommit=31, initializing? false, entries: <empty>
2019-09-17 10:14:28,636 [java.util.concurrent.ThreadPoolExecutor$Worker@44112706[State = -1, empty queue]] WARN  server.GrpcLogAppender (GrpcLogAppender.java:timeoutAppendRequest(200)) - 1d843e0b-d448-4c1d-904a-b8b79ddf8dfc@group-C922F90D4541->1303f52d-d2af-4d51-a297-b30474c81d0b-GrpcLogAppender: appendEntries Timeout, request=1d843e0b-d448-4c1d-904a-b8b79ddf8dfc->1303f52d-d2af-4d51-a297-b30474c81d0b#131-t2, previous=(t:2, i:35), leaderCommit=31, initializing? false, entries: <empty>
2019-09-17 10:14:28,694 [java.util.concurrent.ThreadPoolExecutor$Worker@1abe7d4f[State = -1, empty queue]] WARN  server.GrpcLogAppender (GrpcLogAppender.java:timeoutAppendRequest(200)) - 95d6cb39-2a6f-4d2b-8ab1-47b9e22fb0ea@group-2E14F5217065->55583e5a-eaa2-4a32-b956-442090b04083-GrpcLogAppender: appendEntries Timeout, request=95d6cb39-2a6f-4d2b-8ab1-47b9e22fb0ea->55583e5a-eaa2-4a32-b956-442090b04083#118-t2, previous=(t:2, i:20), leaderCommit=16, initializing? false, entries: <empty>
2019-09-17 10:14:29,133 [java.util.concurrent.ThreadPoolExecutor$Worker@4a8ecabd[State = -1, empty queue]] WARN  server.GrpcLogAppender (GrpcLogAppender.java:timeoutAppendRequest(200)) - 1d843e0b-d448-4c1d-904a-b8b79ddf8dfc@group-C922F90D4541->7be722d9-df7a-49b7-8861-987a973deb04-GrpcLogAppender: appendEntries Timeout, request=1d843e0b-d448-4c1d-904a-b8b79ddf8dfc->7be722d9-df7a-49b7-8861-987a973deb04#132-t2, previous=(t:2, i:35), leaderCommit=31, initializing? false, entries: <empty>
2019-09-17 10:14:29,133 [java.util.concurrent.ThreadPoolExecutor$Worker@44112706[State = -1, empty queue]] WARN  server.GrpcLogAppender (GrpcLogAppender.java:timeoutAppendRequest(200)) - 1d843e0b-d448-4c1d-904a-b8b79ddf8dfc@group-C922F90D4541->1303f52d-d2af-4d51-a297-b30474c81d0b-GrpcLogAppender: appendEntries Timeout, request=1d843e0b-d448-4c1d-904a-b8b79ddf8dfc->1303f52d-d2af-4d51-a297-b30474c81d0b#132-t2, previous=(t:2, i:35), leaderCommit=31, initializing? false, entries: <empty>
2019-09-17 10:14:29,194 [java.util.concurrent.ThreadPoolExecutor$Worker@1abe7d4f[State = -1, empty queue]] WARN  server.GrpcLogAppender (GrpcLogAppender.java:timeoutAppendRequest(200)) - 95d6cb39-2a6f-4d2b-8ab1-47b9e22fb0ea@group-2E14F5217065->55583e5a-eaa2-4a32-b956-442090b04083-GrpcLogAppender: appendEntries Timeout, request=95d6cb39-2a6f-4d2b-8ab1-47b9e22fb0ea->55583e5a-eaa2-4a32-b956-442090b04083#119-t2, previous=(t:2, i:20), leaderCommit=16, initializing? false, entries: <empty>
2019-09-17 10:14:29,634 [java.util.concurrent.ThreadPoolExecutor$Worker@4a8ecabd[State = -1, empty queue]] WARN  server.GrpcLogAppender (GrpcLogAppender.java:timeoutAppendRequest(200)) - 1d843e0b-d448-4c1d-904a-b8b79ddf8dfc@group-C922F90D4541->7be722d9-df7a-49b7-8861-987a973deb04-GrpcLogAppender: appendEntries Timeout, request=1d843e0b-d448-4c1d-904a-b8b79ddf8dfc->7be722d9-df7a-49b7-8861-987a973deb04#133-t2, previous=(t:2, i:35), leaderCommit=31, initializing? false, entries: <empty>
2019-09-17 10:14:29,634 [java.util.concurrent.ThreadPoolExecutor$Worker@44112706[State = -1, empty queue]] WARN  server.GrpcLogAppender (GrpcLogAppender.java:timeoutAppendRequest(200)) - 1d843e0b-d448-4c1d-904a-b8b79ddf8dfc@group-C922F90D4541->1303f52d-d2af-4d51-a297-b30474c81d0b-GrpcLogAppender: appendEntries Timeout, request=1d843e0b-d448-4c1d-904a-b8b79ddf8dfc->1303f52d-d2af-4d51-a297-b30474c81d0b#133-t2, previous=(t:2, i:35), leaderCommit=31, initializing? false, entries: <empty>
2019-09-17 10:14:29,694 [java.util.concurrent.ThreadPoolExecutor$Worker@1abe7d4f[State = -1, empty queue]] WARN  server.GrpcLogAppender (GrpcLogAppender.java:timeoutAppendRequest(200)) - 95d6cb39-2a6f-4d2b-8ab1-47b9e22fb0ea@group-2E14F5217065->55583e5a-eaa2-4a32-b956-442090b04083-GrpcLogAppender: appendEntries Timeout, request=95d6cb39-2a6f-4d2b-8ab1-47b9e22fb0ea->55583e5a-eaa2-4a32-b956-442090b04083#120-t2, previous=(t:2, i:20), leaderCommit=16, initializing? false, entries: <empty>
2019-09-17 10:14:30,134 [java.util.concurrent.ThreadPoolExecutor$Worker@4a8ecabd[State = -1, empty queue]] WARN  server.GrpcLogAppender (GrpcLogAppender.java:timeoutAppendRequest(200)) - 1d843e0b-d448-4c1d-904a-b8b79ddf8dfc@group-C922F90D4541->7be722d9-df7a-49b7-8861-987a973deb04-GrpcLogAppender: appendEntries Timeout, request=1d843e0b-d448-4c1d-904a-b8b79ddf8dfc->7be722d9-df7a-49b7-8861-987a973deb04#134-t2, previous=(t:2, i:35), leaderCommit=31, initializing? false, entries: <empty>
2019-09-17 10:14:30,134 [java.util.concurrent.ThreadPoolExecutor$Worker@44112706[State = -1, empty queue]] WARN  server.GrpcLogAppender (GrpcLogAppender.java:timeoutAppendRequest(200)) - 1d843e0b-d448-4c1d-904a-b8b79ddf8dfc@group-C922F90D4541->1303f52d-d2af-4d51-a297-b30474c81d0b-GrpcLogAppender: appendEntries Timeout, request=1d843e0b-d448-4c1d-904a-b8b79ddf8dfc->1303f52d-d2af-4d51-a297-b30474c81d0b#134-t2, previous=(t:2, i:35), leaderCommit=31, initializing? false, entries: <empty>
2019-09-17 10:14:30,158 [grpc-default-executor-17] INFO  client.GrpcClientProtocolClient (GrpcClientProtocolClient.java:onNext(264)) - client-66C77A4C703B->7be722d9-df7a-49b7-8861-987a973deb04: receive RaftClientReply:client-66C77A4C703B->7be722d9-df7a-49b7-8861-987a973deb04@group-C922F90D4541, cid=64, FAILED org.apache.ratis.protocol.NotLeaderException: Server 7be722d9-df7a-49b7-8861-987a973deb04@group-C922F90D4541 is not the leader 1d843e0b-d448-4c1d-904a-b8b79ddf8dfc:192.168.34.37:43968, logIndex=0, commits[7be722d9-df7a-49b7-8861-987a973deb04:c31, 1303f52d-d2af-4d51-a297-b30474c81d0b:c29, 1d843e0b-d448-4c1d-904a-b8b79ddf8dfc:c31]
2019-09-17 10:14:30,195 [java.util.concurrent.ThreadPoolExecutor$Worker@1abe7d4f[State = -1, empty queue]] WARN  server.GrpcLogAppender (GrpcLogAppender.java:timeoutAppendRequest(200)) - 95d6cb39-2a6f-4d2b-8ab1-47b9e22fb0ea@group-2E14F5217065->55583e5a-eaa2-4a32-b956-442090b04083-GrpcLogAppender: appendEntries Timeout, request=95d6cb39-2a6f-4d2b-8ab1-47b9e22fb0ea->55583e5a-eaa2-4a32-b956-442090b04083#121-t2, previous=(t:2, i:20), leaderCommit=16, initializing? false, entries: <empty>
2019-09-17 10:14:30,634 [java.util.concurrent.ThreadPoolExecutor$Worker@4a8ecabd[State = -1, empty queue]] WARN  server.GrpcLogAppender (GrpcLogAppender.java:timeoutAppendRequest(200)) - 1d843e0b-d448-4c1d-904a-b8b79ddf8dfc@group-C922F90D4541->7be722d9-df7a-49b7-8861-987a973deb04-GrpcLogAppender: appendEntries Timeout, request=1d843e0b-d448-4c1d-904a-b8b79ddf8dfc->7be722d9-df7a-49b7-8861-987a973deb04#135-t2, previous=(t:2, i:35), leaderCommit=31, initializing? false, entries: <empty>
2019-09-17 10:14:30,634 [java.util.concurrent.ThreadPoolExecutor$Worker@44112706[State = -1, empty queue]] WARN  server.GrpcLogAppender (GrpcLogAppender.java:timeoutAppendRequest(200)) - 1d843e0b-d448-4c1d-904a-b8b79ddf8dfc@group-C922F90D4541->1303f52d-d2af-4d51-a297-b30474c81d0b-GrpcLogAppender: appendEntries Timeout, request=1d843e0b-d448-4c1d-904a-b8b79ddf8dfc->1303f52d-d2af-4d51-a297-b30474c81d0b#135-t2, previous=(t:2, i:35), leaderCommit=31, initializing? false, entries: <empty>
2019-09-17 10:14:30,695 [java.util.concurrent.ThreadPoolExecutor$Worker@1abe7d4f[State = -1, empty queue]] WARN  server.GrpcLogAppender (GrpcLogAppender.java:timeoutAppendRequest(200)) - 95d6cb39-2a6f-4d2b-8ab1-47b9e22fb0ea@group-2E14F5217065->55583e5a-eaa2-4a32-b956-442090b04083-GrpcLogAppender: appendEntries Timeout, request=95d6cb39-2a6f-4d2b-8ab1-47b9e22fb0ea->55583e5a-eaa2-4a32-b956-442090b04083#122-t2, previous=(t:2, i:20), leaderCommit=16, initializing? false, entries: <empty>
2019-09-17 10:14:31,136 [java.util.concurrent.ThreadPoolExecutor$Worker@4a8ecabd[State = -1, empty queue]] WARN  server.GrpcLogAppender (GrpcLogAppender.java:timeoutAppendRequest(200)) - 1d843e0b-d448-4c1d-904a-b8b79ddf8dfc@group-C922F90D4541->7be722d9-df7a-49b7-8861-987a973deb04-GrpcLogAppender: appendEntries Timeout, request=1d843e0b-d448-4c1d-904a-b8b79ddf8dfc->7be722d9-df7a-49b7-8861-987a973deb04#136-t2, previous=(t:2, i:35), leaderCommit=31, initializing? false, entries: <empty>
2019-09-17 10:14:31,136 [java.util.concurrent.ThreadPoolExecutor$Worker@44112706[State = -1, empty queue]] WARN  server.GrpcLogAppender (GrpcLogAppender.java:timeoutAppendRequest(200)) - 1d843e0b-d448-4c1d-904a-b8b79ddf8dfc@group-C922F90D4541->1303f52d-d2af-4d51-a297-b30474c81d0b-GrpcLogAppender: appendEntries Timeout, request=1d843e0b-d448-4c1d-904a-b8b79ddf8dfc->1303f52d-d2af-4d51-a297-b30474c81d0b#136-t2, previous=(t:2, i:35), leaderCommit=31, initializing? false, entries: <empty>
2019-09-17 10:14:31,169 [95d6cb39-2a6f-4d2b-8ab1-47b9e22fb0ea@group-2E14F5217065-SegmentedRaftLogWorker] WARN  segmented.SegmentedRaftLogWorker (SegmentedRaftLogWorker.java:getFromFuture(90)) - Timeout 2/~
org.apache.ratis.protocol.TimeoutIOException: Timeout 10s: WriteLog:17: (t:2, i:17), STATEMACHINELOGENTRY, client-4B6CA9A66071, cid=51-writeStateMachineData
	at org.apache.ratis.util.IOUtils.getFromFuture(IOUtils.java:87)
	at org.apache.ratis.server.raftlog.segmented.SegmentedRaftLogWorker$StateMachineDataPolicy.getFromFuture(SegmentedRaftLogWorker.java:87)
	at org.apache.ratis.server.raftlog.segmented.SegmentedRaftLogWorker$WriteLog.execute(SegmentedRaftLogWorker.java:477)
	at org.apache.ratis.server.raftlog.segmented.SegmentedRaftLogWorker.run(SegmentedRaftLogWorker.java:289)
	at java.lang.Thread.run(Thread.java:748)
Caused by: java.util.concurrent.TimeoutException
	at java.util.concurrent.CompletableFuture.timedGet(CompletableFuture.java:1771)
	at java.util.concurrent.CompletableFuture.get(CompletableFuture.java:1915)
	at org.apache.ratis.util.IOUtils.getFromFuture(IOUtils.java:79)
	... 4 more
2019-09-17 10:14:31,172 [55583e5a-eaa2-4a32-b956-442090b04083@group-2E14F5217065-SegmentedRaftLogWorker] WARN  segmented.SegmentedRaftLogWorker (SegmentedRaftLogWorker.java:getFromFuture(90)) - Timeout 2/~
org.apache.ratis.protocol.TimeoutIOException: Timeout 10s: WriteLog:17: (t:2, i:17), STATEMACHINELOGENTRY, client-4B6CA9A66071, cid=51-writeStateMachineData
	at org.apache.ratis.util.IOUtils.getFromFuture(IOUtils.java:87)
	at org.apache.ratis.server.raftlog.segmented.SegmentedRaftLogWorker$StateMachineDataPolicy.getFromFuture(SegmentedRaftLogWorker.java:87)
	at org.apache.ratis.server.raftlog.segmented.SegmentedRaftLogWorker$WriteLog.execute(SegmentedRaftLogWorker.java:477)
	at org.apache.ratis.server.raftlog.segmented.SegmentedRaftLogWorker.run(SegmentedRaftLogWorker.java:289)
	at java.lang.Thread.run(Thread.java:748)
Caused by: java.util.concurrent.TimeoutException
	at java.util.concurrent.CompletableFuture.timedGet(CompletableFuture.java:1771)
	at java.util.concurrent.CompletableFuture.get(CompletableFuture.java:1915)
	at org.apache.ratis.util.IOUtils.getFromFuture(IOUtils.java:79)
	... 4 more
2019-09-17 10:14:31,196 [java.util.concurrent.ThreadPoolExecutor$Worker@1abe7d4f[State = -1, empty queue]] WARN  server.GrpcLogAppender (GrpcLogAppender.java:timeoutAppendRequest(200)) - 95d6cb39-2a6f-4d2b-8ab1-47b9e22fb0ea@group-2E14F5217065->55583e5a-eaa2-4a32-b956-442090b04083-GrpcLogAppender: appendEntries Timeout, request=95d6cb39-2a6f-4d2b-8ab1-47b9e22fb0ea->55583e5a-eaa2-4a32-b956-442090b04083#123-t2, previous=(t:2, i:20), leaderCommit=16, initializing? false, entries: <empty>
2019-09-17 10:14:31,636 [java.util.concurrent.ThreadPoolExecutor$Worker@44112706[State = -1, empty queue]] WARN  server.GrpcLogAppender (GrpcLogAppender.java:timeoutAppendRequest(200)) - 1d843e0b-d448-4c1d-904a-b8b79ddf8dfc@group-C922F90D4541->1303f52d-d2af-4d51-a297-b30474c81d0b-GrpcLogAppender: appendEntries Timeout, request=1d843e0b-d448-4c1d-904a-b8b79ddf8dfc->1303f52d-d2af-4d51-a297-b30474c81d0b#137-t2, previous=(t:2, i:35), leaderCommit=31, initializing? false, entries: <empty>
2019-09-17 10:14:31,636 [java.util.concurrent.ThreadPoolExecutor$Worker@4a8ecabd[State = -1, empty queue]] WARN  server.GrpcLogAppender (GrpcLogAppender.java:timeoutAppendRequest(200)) - 1d843e0b-d448-4c1d-904a-b8b79ddf8dfc@group-C922F90D4541->7be722d9-df7a-49b7-8861-987a973deb04-GrpcLogAppender: appendEntries Timeout, request=1d843e0b-d448-4c1d-904a-b8b79ddf8dfc->7be722d9-df7a-49b7-8861-987a973deb04#137-t2, previous=(t:2, i:35), leaderCommit=31, initializing? false, entries: <empty>
2019-09-17 10:14:31,697 [java.util.concurrent.ThreadPoolExecutor$Worker@1abe7d4f[State = -1, empty queue]] WARN  server.GrpcLogAppender (GrpcLogAppender.java:timeoutAppendRequest(200)) - 95d6cb39-2a6f-4d2b-8ab1-47b9e22fb0ea@group-2E14F5217065->55583e5a-eaa2-4a32-b956-442090b04083-GrpcLogAppender: appendEntries Timeout, request=95d6cb39-2a6f-4d2b-8ab1-47b9e22fb0ea->55583e5a-eaa2-4a32-b956-442090b04083#124-t2, previous=(t:2, i:20), leaderCommit=16, initializing? false, entries: <empty>
2019-09-17 10:14:32,144 [java.util.concurrent.ThreadPoolExecutor$Worker@44112706[State = -1, empty queue]] WARN  server.GrpcLogAppender (GrpcLogAppender.java:timeoutAppendRequest(200)) - 1d843e0b-d448-4c1d-904a-b8b79ddf8dfc@group-C922F90D4541->1303f52d-d2af-4d51-a297-b30474c81d0b-GrpcLogAppender: appendEntries Timeout, request=1d843e0b-d448-4c1d-904a-b8b79ddf8dfc->1303f52d-d2af-4d51-a297-b30474c81d0b#138-t2, previous=(t:2, i:35), leaderCommit=31, initializing? false, entries: <empty>
2019-09-17 10:14:32,144 [java.util.concurrent.ThreadPoolExecutor$Worker@4a8ecabd[State = -1, empty queue]] WARN  server.GrpcLogAppender (GrpcLogAppender.java:timeoutAppendRequest(200)) - 1d843e0b-d448-4c1d-904a-b8b79ddf8dfc@group-C922F90D4541->7be722d9-df7a-49b7-8861-987a973deb04-GrpcLogAppender: appendEntries Timeout, request=1d843e0b-d448-4c1d-904a-b8b79ddf8dfc->7be722d9-df7a-49b7-8861-987a973deb04#138-t2, previous=(t:2, i:35), leaderCommit=31, initializing? false, entries: <empty>
2019-09-17 10:14:32,197 [java.util.concurrent.ThreadPoolExecutor$Worker@1abe7d4f[State = -1, empty queue]] WARN  server.GrpcLogAppender (GrpcLogAppender.java:timeoutAppendRequest(200)) - 95d6cb39-2a6f-4d2b-8ab1-47b9e22fb0ea@group-2E14F5217065->55583e5a-eaa2-4a32-b956-442090b04083-GrpcLogAppender: appendEntries Timeout, request=95d6cb39-2a6f-4d2b-8ab1-47b9e22fb0ea->55583e5a-eaa2-4a32-b956-442090b04083#125-t2, previous=(t:2, i:20), leaderCommit=16, initializing? false, entries: <empty>
2019-09-17 10:14:32,645 [java.util.concurrent.ThreadPoolExecutor$Worker@44112706[State = -1, empty queue]] WARN  server.GrpcLogAppender (GrpcLogAppender.java:timeoutAppendRequest(200)) - 1d843e0b-d448-4c1d-904a-b8b79ddf8dfc@group-C922F90D4541->1303f52d-d2af-4d51-a297-b30474c81d0b-GrpcLogAppender: appendEntries Timeout, request=1d843e0b-d448-4c1d-904a-b8b79ddf8dfc->1303f52d-d2af-4d51-a297-b30474c81d0b#139-t2, previous=(t:2, i:35), leaderCommit=31, initializing? false, entries: <empty>
2019-09-17 10:14:32,645 [java.util.concurrent.ThreadPoolExecutor$Worker@4a8ecabd[State = -1, empty queue]] WARN  server.GrpcLogAppender (GrpcLogAppender.java:timeoutAppendRequest(200)) - 1d843e0b-d448-4c1d-904a-b8b79ddf8dfc@group-C922F90D4541->7be722d9-df7a-49b7-8861-987a973deb04-GrpcLogAppender: appendEntries Timeout, request=1d843e0b-d448-4c1d-904a-b8b79ddf8dfc->7be722d9-df7a-49b7-8861-987a973deb04#139-t2, previous=(t:2, i:35), leaderCommit=31, initializing? false, entries: <empty>
2019-09-17 10:14:32,697 [java.util.concurrent.ThreadPoolExecutor$Worker@1abe7d4f[State = -1, empty queue]] WARN  server.GrpcLogAppender (GrpcLogAppender.java:timeoutAppendRequest(200)) - 95d6cb39-2a6f-4d2b-8ab1-47b9e22fb0ea@group-2E14F5217065->55583e5a-eaa2-4a32-b956-442090b04083-GrpcLogAppender: appendEntries Timeout, request=95d6cb39-2a6f-4d2b-8ab1-47b9e22fb0ea->55583e5a-eaa2-4a32-b956-442090b04083#126-t2, previous=(t:2, i:20), leaderCommit=16, initializing? false, entries: <empty>
2019-09-17 10:14:33,147 [java.util.concurrent.ThreadPoolExecutor$Worker@4a8ecabd[State = -1, empty queue]] WARN  server.GrpcLogAppender (GrpcLogAppender.java:timeoutAppendRequest(200)) - 1d843e0b-d448-4c1d-904a-b8b79ddf8dfc@group-C922F90D4541->7be722d9-df7a-49b7-8861-987a973deb04-GrpcLogAppender: appendEntries Timeout, request=1d843e0b-d448-4c1d-904a-b8b79ddf8dfc->7be722d9-df7a-49b7-8861-987a973deb04#140-t2, previous=(t:2, i:35), leaderCommit=31, initializing? false, entries: <empty>
2019-09-17 10:14:33,147 [java.util.concurrent.ThreadPoolExecutor$Worker@44112706[State = -1, empty queue]] WARN  server.GrpcLogAppender (GrpcLogAppender.java:timeoutAppendRequest(200)) - 1d843e0b-d448-4c1d-904a-b8b79ddf8dfc@group-C922F90D4541->1303f52d-d2af-4d51-a297-b30474c81d0b-GrpcLogAppender: appendEntries Timeout, request=1d843e0b-d448-4c1d-904a-b8b79ddf8dfc->1303f52d-d2af-4d51-a297-b30474c81d0b#140-t2, previous=(t:2, i:35), leaderCommit=31, initializing? false, entries: <empty>
2019-09-17 10:14:33,198 [java.util.concurrent.ThreadPoolExecutor$Worker@1abe7d4f[State = -1, empty queue]] WARN  server.GrpcLogAppender (GrpcLogAppender.java:timeoutAppendRequest(200)) - 95d6cb39-2a6f-4d2b-8ab1-47b9e22fb0ea@group-2E14F5217065->55583e5a-eaa2-4a32-b956-442090b04083-GrpcLogAppender: appendEntries Timeout, request=95d6cb39-2a6f-4d2b-8ab1-47b9e22fb0ea->55583e5a-eaa2-4a32-b956-442090b04083#127-t2, previous=(t:2, i:20), leaderCommit=16, initializing? false, entries: <empty>
2019-09-17 10:14:33,647 [java.util.concurrent.ThreadPoolExecutor$Worker@44112706[State = -1, empty queue]] WARN  server.GrpcLogAppender (GrpcLogAppender.java:timeoutAppendRequest(200)) - 1d843e0b-d448-4c1d-904a-b8b79ddf8dfc@group-C922F90D4541->1303f52d-d2af-4d51-a297-b30474c81d0b-GrpcLogAppender: appendEntries Timeout, request=1d843e0b-d448-4c1d-904a-b8b79ddf8dfc->1303f52d-d2af-4d51-a297-b30474c81d0b#141-t2, previous=(t:2, i:35), leaderCommit=31, initializing? false, entries: <empty>
2019-09-17 10:14:33,647 [java.util.concurrent.ThreadPoolExecutor$Worker@4a8ecabd[State = -1, empty queue]] WARN  server.GrpcLogAppender (GrpcLogAppender.java:timeoutAppendRequest(200)) - 1d843e0b-d448-4c1d-904a-b8b79ddf8dfc@group-C922F90D4541->7be722d9-df7a-49b7-8861-987a973deb04-GrpcLogAppender: appendEntries Timeout, request=1d843e0b-d448-4c1d-904a-b8b79ddf8dfc->7be722d9-df7a-49b7-8861-987a973deb04#141-t2, previous=(t:2, i:35), leaderCommit=31, initializing? false, entries: <empty>
2019-09-17 10:14:33,698 [java.util.concurrent.ThreadPoolExecutor$Worker@1abe7d4f[State = -1, empty queue]] WARN  server.GrpcLogAppender (GrpcLogAppender.java:timeoutAppendRequest(200)) - 95d6cb39-2a6f-4d2b-8ab1-47b9e22fb0ea@group-2E14F5217065->55583e5a-eaa2-4a32-b956-442090b04083-GrpcLogAppender: appendEntries Timeout, request=95d6cb39-2a6f-4d2b-8ab1-47b9e22fb0ea->55583e5a-eaa2-4a32-b956-442090b04083#128-t2, previous=(t:2, i:20), leaderCommit=16, initializing? false, entries: <empty>
2019-09-17 10:14:34,147 [java.util.concurrent.ThreadPoolExecutor$Worker@4a8ecabd[State = -1, empty queue]] WARN  server.GrpcLogAppender (GrpcLogAppender.java:timeoutAppendRequest(200)) - 1d843e0b-d448-4c1d-904a-b8b79ddf8dfc@group-C922F90D4541->7be722d9-df7a-49b7-8861-987a973deb04-GrpcLogAppender: appendEntries Timeout, request=1d843e0b-d448-4c1d-904a-b8b79ddf8dfc->7be722d9-df7a-49b7-8861-987a973deb04#142-t2, previous=(t:2, i:35), leaderCommit=31, initializing? false, entries: <empty>
2019-09-17 10:14:34,147 [java.util.concurrent.ThreadPoolExecutor$Worker@44112706[State = -1, empty queue]] WARN  server.GrpcLogAppender (GrpcLogAppender.java:timeoutAppendRequest(200)) - 1d843e0b-d448-4c1d-904a-b8b79ddf8dfc@group-C922F90D4541->1303f52d-d2af-4d51-a297-b30474c81d0b-GrpcLogAppender: appendEntries Timeout, request=1d843e0b-d448-4c1d-904a-b8b79ddf8dfc->1303f52d-d2af-4d51-a297-b30474c81d0b#142-t2, previous=(t:2, i:35), leaderCommit=31, initializing? false, entries: <empty>
2019-09-17 10:14:34,198 [java.util.concurrent.ThreadPoolExecutor$Worker@1abe7d4f[State = -1, empty queue]] WARN  server.GrpcLogAppender (GrpcLogAppender.java:timeoutAppendRequest(200)) - 95d6cb39-2a6f-4d2b-8ab1-47b9e22fb0ea@group-2E14F5217065->55583e5a-eaa2-4a32-b956-442090b04083-GrpcLogAppender: appendEntries Timeout, request=95d6cb39-2a6f-4d2b-8ab1-47b9e22fb0ea->55583e5a-eaa2-4a32-b956-442090b04083#129-t2, previous=(t:2, i:20), leaderCommit=16, initializing? false, entries: <empty>
2019-09-17 10:14:34,647 [java.util.concurrent.ThreadPoolExecutor$Worker@4a8ecabd[State = -1, empty queue]] WARN  server.GrpcLogAppender (GrpcLogAppender.java:timeoutAppendRequest(200)) - 1d843e0b-d448-4c1d-904a-b8b79ddf8dfc@group-C922F90D4541->7be722d9-df7a-49b7-8861-987a973deb04-GrpcLogAppender: appendEntries Timeout, request=1d843e0b-d448-4c1d-904a-b8b79ddf8dfc->7be722d9-df7a-49b7-8861-987a973deb04#143-t2, previous=(t:2, i:35), leaderCommit=31, initializing? false, entries: <empty>
2019-09-17 10:14:34,647 [java.util.concurrent.ThreadPoolExecutor$Worker@44112706[State = -1, empty queue]] WARN  server.GrpcLogAppender (GrpcLogAppender.java:timeoutAppendRequest(200)) - 1d843e0b-d448-4c1d-904a-b8b79ddf8dfc@group-C922F90D4541->1303f52d-d2af-4d51-a297-b30474c81d0b-GrpcLogAppender: appendEntries Timeout, request=1d843e0b-d448-4c1d-904a-b8b79ddf8dfc->1303f52d-d2af-4d51-a297-b30474c81d0b#143-t2, previous=(t:2, i:35), leaderCommit=31, initializing? false, entries: <empty>
2019-09-17 10:14:34,698 [java.util.concurrent.ThreadPoolExecutor$Worker@1abe7d4f[State = -1, empty queue]] WARN  server.GrpcLogAppender (GrpcLogAppender.java:timeoutAppendRequest(200)) - 95d6cb39-2a6f-4d2b-8ab1-47b9e22fb0ea@group-2E14F5217065->55583e5a-eaa2-4a32-b956-442090b04083-GrpcLogAppender: appendEntries Timeout, request=95d6cb39-2a6f-4d2b-8ab1-47b9e22fb0ea->55583e5a-eaa2-4a32-b956-442090b04083#130-t2, previous=(t:2, i:20), leaderCommit=16, initializing? false, entries: <empty>
2019-09-17 10:14:35,128 [1d843e0b-d448-4c1d-904a-b8b79ddf8dfc@group-C922F90D4541-SegmentedRaftLogWorker] WARN  segmented.SegmentedRaftLogWorker (SegmentedRaftLogWorker.java:getFromFuture(90)) - Timeout 0/~
org.apache.ratis.protocol.TimeoutIOException: Timeout 10s: WriteLog:32: (t:2, i:32), STATEMACHINELOGENTRY, client-66C77A4C703B, cid=64-writeStateMachineData
	at org.apache.ratis.util.IOUtils.getFromFuture(IOUtils.java:87)
	at org.apache.ratis.server.raftlog.segmented.SegmentedRaftLogWorker$StateMachineDataPolicy.getFromFuture(SegmentedRaftLogWorker.java:87)
	at org.apache.ratis.server.raftlog.segmented.SegmentedRaftLogWorker$WriteLog.execute(SegmentedRaftLogWorker.java:477)
	at org.apache.ratis.server.raftlog.segmented.SegmentedRaftLogWorker.run(SegmentedRaftLogWorker.java:289)
	at java.lang.Thread.run(Thread.java:748)
Caused by: java.util.concurrent.TimeoutException
	at java.util.concurrent.CompletableFuture.timedGet(CompletableFuture.java:1771)
	at java.util.concurrent.CompletableFuture.get(CompletableFuture.java:1915)
	at org.apache.ratis.util.IOUtils.getFromFuture(IOUtils.java:79)
	... 4 more
2019-09-17 10:14:35,132 [7be722d9-df7a-49b7-8861-987a973deb04@group-C922F90D4541-SegmentedRaftLogWorker] WARN  segmented.SegmentedRaftLogWorker (SegmentedRaftLogWorker.java:getFromFuture(90)) - Timeout 0/~
org.apache.ratis.protocol.TimeoutIOException: Timeout 10s: WriteLog:32: (t:2, i:32), STATEMACHINELOGENTRY, client-66C77A4C703B, cid=64-writeStateMachineData
	at org.apache.ratis.util.IOUtils.getFromFuture(IOUtils.java:87)
	at org.apache.ratis.server.raftlog.segmented.SegmentedRaftLogWorker$StateMachineDataPolicy.getFromFuture(SegmentedRaftLogWorker.java:87)
	at org.apache.ratis.server.raftlog.segmented.SegmentedRaftLogWorker$WriteLog.execute(SegmentedRaftLogWorker.java:477)
	at org.apache.ratis.server.raftlog.segmented.SegmentedRaftLogWorker.run(SegmentedRaftLogWorker.java:289)
	at java.lang.Thread.run(Thread.java:748)
Caused by: java.util.concurrent.TimeoutException
	at java.util.concurrent.CompletableFuture.timedGet(CompletableFuture.java:1771)
	at java.util.concurrent.CompletableFuture.get(CompletableFuture.java:1915)
	at org.apache.ratis.util.IOUtils.getFromFuture(IOUtils.java:79)
	... 4 more
2019-09-17 10:14:35,134 [1303f52d-d2af-4d51-a297-b30474c81d0b@group-C922F90D4541-SegmentedRaftLogWorker] WARN  segmented.SegmentedRaftLogWorker (SegmentedRaftLogWorker.java:getFromFuture(90)) - Timeout 0/~
org.apache.ratis.protocol.TimeoutIOException: Timeout 10s: WriteLog:32: (t:2, i:32), STATEMACHINELOGENTRY, client-66C77A4C703B, cid=64-writeStateMachineData
	at org.apache.ratis.util.IOUtils.getFromFuture(IOUtils.java:87)
	at org.apache.ratis.server.raftlog.segmented.SegmentedRaftLogWorker$StateMachineDataPolicy.getFromFuture(SegmentedRaftLogWorker.java:87)
	at org.apache.ratis.server.raftlog.segmented.SegmentedRaftLogWorker$WriteLog.execute(SegmentedRaftLogWorker.java:477)
	at org.apache.ratis.server.raftlog.segmented.SegmentedRaftLogWorker.run(SegmentedRaftLogWorker.java:289)
	at java.lang.Thread.run(Thread.java:748)
Caused by: java.util.concurrent.TimeoutException
	at java.util.concurrent.CompletableFuture.timedGet(CompletableFuture.java:1771)
	at java.util.concurrent.CompletableFuture.get(CompletableFuture.java:1915)
	at org.apache.ratis.util.IOUtils.getFromFuture(IOUtils.java:79)
	... 4 more
2019-09-17 10:14:35,162 [java.util.concurrent.ThreadPoolExecutor$Worker@4a8ecabd[State = -1, empty queue]] WARN  server.GrpcLogAppender (GrpcLogAppender.java:timeoutAppendRequest(200)) - 1d843e0b-d448-4c1d-904a-b8b79ddf8dfc@group-C922F90D4541->7be722d9-df7a-49b7-8861-987a973deb04-GrpcLogAppender: appendEntries Timeout, request=1d843e0b-d448-4c1d-904a-b8b79ddf8dfc->7be722d9-df7a-49b7-8861-987a973deb04#144-t2, previous=(t:2, i:35), leaderCommit=31, initializing? false, entries: <empty>
2019-09-17 10:14:35,162 [java.util.concurrent.ThreadPoolExecutor$Worker@44112706[State = -1, empty queue]] WARN  server.GrpcLogAppender (GrpcLogAppender.java:timeoutAppendRequest(200)) - 1d843e0b-d448-4c1d-904a-b8b79ddf8dfc@group-C922F90D4541->1303f52d-d2af-4d51-a297-b30474c81d0b-GrpcLogAppender: appendEntries Timeout, request=1d843e0b-d448-4c1d-904a-b8b79ddf8dfc->1303f52d-d2af-4d51-a297-b30474c81d0b#144-t2, previous=(t:2, i:35), leaderCommit=31, initializing? false, entries: <empty>
2019-09-17 10:14:35,199 [java.util.concurrent.ThreadPoolExecutor$Worker@1abe7d4f[State = -1, empty queue]] WARN  server.GrpcLogAppender (GrpcLogAppender.java:timeoutAppendRequest(200)) - 95d6cb39-2a6f-4d2b-8ab1-47b9e22fb0ea@group-2E14F5217065->55583e5a-eaa2-4a32-b956-442090b04083-GrpcLogAppender: appendEntries Timeout, request=95d6cb39-2a6f-4d2b-8ab1-47b9e22fb0ea->55583e5a-eaa2-4a32-b956-442090b04083#131-t2, previous=(t:2, i:20), leaderCommit=16, initializing? false, entries: <empty>
2019-09-17 10:14:35,208 [grpc-default-executor-13] INFO  client.GrpcClientProtocolClient (GrpcClientProtocolClient.java:onNext(264)) - client-66C77A4C703B->7be722d9-df7a-49b7-8861-987a973deb04: receive RaftClientReply:client-66C77A4C703B->7be722d9-df7a-49b7-8861-987a973deb04@group-C922F90D4541, cid=64, FAILED org.apache.ratis.protocol.NotLeaderException: Server 7be722d9-df7a-49b7-8861-987a973deb04@group-C922F90D4541 is not the leader 1d843e0b-d448-4c1d-904a-b8b79ddf8dfc:192.168.34.37:43968, logIndex=0, commits[7be722d9-df7a-49b7-8861-987a973deb04:c31, 1303f52d-d2af-4d51-a297-b30474c81d0b:c29, 1d843e0b-d448-4c1d-904a-b8b79ddf8dfc:c31]
2019-09-17 10:14:35,648 [java.util.concurrent.ThreadPoolExecutor$Worker@44112706[State = -1, empty queue]] WARN  server.GrpcLogAppender (GrpcLogAppender.java:timeoutAppendRequest(200)) - 1d843e0b-d448-4c1d-904a-b8b79ddf8dfc@group-C922F90D4541->1303f52d-d2af-4d51-a297-b30474c81d0b-GrpcLogAppender: appendEntries Timeout, request=1d843e0b-d448-4c1d-904a-b8b79ddf8dfc->1303f52d-d2af-4d51-a297-b30474c81d0b#145-t2, previous=(t:2, i:35), leaderCommit=31, initializing? false, entries: <empty>
2019-09-17 10:14:35,648 [java.util.concurrent.ThreadPoolExecutor$Worker@4a8ecabd[State = -1, empty queue]] WARN  server.GrpcLogAppender (GrpcLogAppender.java:timeoutAppendRequest(200)) - 1d843e0b-d448-4c1d-904a-b8b79ddf8dfc@group-C922F90D4541->7be722d9-df7a-49b7-8861-987a973deb04-GrpcLogAppender: appendEntries Timeout, request=1d843e0b-d448-4c1d-904a-b8b79ddf8dfc->7be722d9-df7a-49b7-8861-987a973deb04#145-t2, previous=(t:2, i:35), leaderCommit=31, initializing? false, entries: <empty>
2019-09-17 10:14:35,699 [java.util.concurrent.ThreadPoolExecutor$Worker@1abe7d4f[State = -1, empty queue]] WARN  server.GrpcLogAppender (GrpcLogAppender.java:timeoutAppendRequest(200)) - 95d6cb39-2a6f-4d2b-8ab1-47b9e22fb0ea@group-2E14F5217065->55583e5a-eaa2-4a32-b956-442090b04083-GrpcLogAppender: appendEntries Timeout, request=95d6cb39-2a6f-4d2b-8ab1-47b9e22fb0ea->55583e5a-eaa2-4a32-b956-442090b04083#132-t2, previous=(t:2, i:20), leaderCommit=16, initializing? false, entries: <empty>
2019-09-17 10:14:36,148 [java.util.concurrent.ThreadPoolExecutor$Worker@4a8ecabd[State = -1, empty queue]] WARN  server.GrpcLogAppender (GrpcLogAppender.java:timeoutAppendRequest(200)) - 1d843e0b-d448-4c1d-904a-b8b79ddf8dfc@group-C922F90D4541->7be722d9-df7a-49b7-8861-987a973deb04-GrpcLogAppender: appendEntries Timeout, request=1d843e0b-d448-4c1d-904a-b8b79ddf8dfc->7be722d9-df7a-49b7-8861-987a973deb04#146-t2, previous=(t:2, i:35), leaderCommit=31, initializing? false, entries: <empty>
2019-09-17 10:14:36,148 [java.util.concurrent.ThreadPoolExecutor$Worker@44112706[State = -1, empty queue]] WARN  server.GrpcLogAppender (GrpcLogAppender.java:timeoutAppendRequest(200)) - 1d843e0b-d448-4c1d-904a-b8b79ddf8dfc@group-C922F90D4541->1303f52d-d2af-4d51-a297-b30474c81d0b-GrpcLogAppender: appendEntries Timeout, request=1d843e0b-d448-4c1d-904a-b8b79ddf8dfc->1303f52d-d2af-4d51-a297-b30474c81d0b#146-t2, previous=(t:2, i:35), leaderCommit=31, initializing? false, entries: <empty>
2019-09-17 10:14:36,200 [java.util.concurrent.ThreadPoolExecutor$Worker@1abe7d4f[State = -1, empty queue]] WARN  server.GrpcLogAppender (GrpcLogAppender.java:timeoutAppendRequest(200)) - 95d6cb39-2a6f-4d2b-8ab1-47b9e22fb0ea@group-2E14F5217065->55583e5a-eaa2-4a32-b956-442090b04083-GrpcLogAppender: appendEntries Timeout, request=95d6cb39-2a6f-4d2b-8ab1-47b9e22fb0ea->55583e5a-eaa2-4a32-b956-442090b04083#133-t2, previous=(t:2, i:20), leaderCommit=16, initializing? false, entries: <empty>
2019-09-17 10:14:36,649 [java.util.concurrent.ThreadPoolExecutor$Worker@4a8ecabd[State = -1, empty queue]] WARN  server.GrpcLogAppender (GrpcLogAppender.java:timeoutAppendRequest(200)) - 1d843e0b-d448-4c1d-904a-b8b79ddf8dfc@group-C922F90D4541->7be722d9-df7a-49b7-8861-987a973deb04-GrpcLogAppender: appendEntries Timeout, request=1d843e0b-d448-4c1d-904a-b8b79ddf8dfc->7be722d9-df7a-49b7-8861-987a973deb04#147-t2, previous=(t:2, i:35), leaderCommit=31, initializing? false, entries: <empty>
2019-09-17 10:14:36,649 [java.util.concurrent.ThreadPoolExecutor$Worker@44112706[State = -1, empty queue]] WARN  server.GrpcLogAppender (GrpcLogAppender.java:timeoutAppendRequest(200)) - 1d843e0b-d448-4c1d-904a-b8b79ddf8dfc@group-C922F90D4541->1303f52d-d2af-4d51-a297-b30474c81d0b-GrpcLogAppender: appendEntries Timeout, request=1d843e0b-d448-4c1d-904a-b8b79ddf8dfc->1303f52d-d2af-4d51-a297-b30474c81d0b#147-t2, previous=(t:2, i:35), leaderCommit=31, initializing? false, entries: <empty>
2019-09-17 10:14:36,700 [java.util.concurrent.ThreadPoolExecutor$Worker@1abe7d4f[State = -1, empty queue]] WARN  server.GrpcLogAppender (GrpcLogAppender.java:timeoutAppendRequest(200)) - 95d6cb39-2a6f-4d2b-8ab1-47b9e22fb0ea@group-2E14F5217065->55583e5a-eaa2-4a32-b956-442090b04083-GrpcLogAppender: appendEntries Timeout, request=95d6cb39-2a6f-4d2b-8ab1-47b9e22fb0ea->55583e5a-eaa2-4a32-b956-442090b04083#134-t2, previous=(t:2, i:20), leaderCommit=16, initializing? false, entries: <empty>
2019-09-17 10:14:36,810 [cd7fb81c-86a4-4055-b819-d84d71d1e03b@group-BB27F83832E4-SegmentedRaftLogWorker] WARN  segmented.SegmentedRaftLogWorker (SegmentedRaftLogWorker.java:getFromFuture(90)) - Timeout 5/~
org.apache.ratis.protocol.TimeoutIOException: Timeout 10s: WriteLog:19: (t:2, i:19), STATEMACHINELOGENTRY, client-DD787AC5056F, cid=30-writeStateMachineData
	at org.apache.ratis.util.IOUtils.getFromFuture(IOUtils.java:87)
	at org.apache.ratis.server.raftlog.segmented.SegmentedRaftLogWorker$StateMachineDataPolicy.getFromFuture(SegmentedRaftLogWorker.java:87)
	at org.apache.ratis.server.raftlog.segmented.SegmentedRaftLogWorker$WriteLog.execute(SegmentedRaftLogWorker.java:477)
	at org.apache.ratis.server.raftlog.segmented.SegmentedRaftLogWorker.run(SegmentedRaftLogWorker.java:289)
	at java.lang.Thread.run(Thread.java:748)
Caused by: java.util.concurrent.TimeoutException
	at java.util.concurrent.CompletableFuture.timedGet(CompletableFuture.java:1771)
	at java.util.concurrent.CompletableFuture.get(CompletableFuture.java:1915)
	at org.apache.ratis.util.IOUtils.getFromFuture(IOUtils.java:79)
	... 4 more
2019-09-17 10:14:37,149 [java.util.concurrent.ThreadPoolExecutor$Worker@4a8ecabd[State = -1, empty queue]] WARN  server.GrpcLogAppender (GrpcLogAppender.java:timeoutAppendRequest(200)) - 1d843e0b-d448-4c1d-904a-b8b79ddf8dfc@group-C922F90D4541->7be722d9-df7a-49b7-8861-987a973deb04-GrpcLogAppender: appendEntries Timeout, request=1d843e0b-d448-4c1d-904a-b8b79ddf8dfc->7be722d9-df7a-49b7-8861-987a973deb04#148-t2, previous=(t:2, i:35), leaderCommit=31, initializing? false, entries: <empty>
2019-09-17 10:14:37,149 [java.util.concurrent.ThreadPoolExecutor$Worker@44112706[State = -1, empty queue]] WARN  server.GrpcLogAppender (GrpcLogAppender.java:timeoutAppendRequest(200)) - 1d843e0b-d448-4c1d-904a-b8b79ddf8dfc@group-C922F90D4541->1303f52d-d2af-4d51-a297-b30474c81d0b-GrpcLogAppender: appendEntries Timeout, request=1d843e0b-d448-4c1d-904a-b8b79ddf8dfc->1303f52d-d2af-4d51-a297-b30474c81d0b#148-t2, previous=(t:2, i:35), leaderCommit=31, initializing? false, entries: <empty>
2019-09-17 10:14:37,200 [java.util.concurrent.ThreadPoolExecutor$Worker@1abe7d4f[State = -1, empty queue]] WARN  server.GrpcLogAppender (GrpcLogAppender.java:timeoutAppendRequest(200)) - 95d6cb39-2a6f-4d2b-8ab1-47b9e22fb0ea@group-2E14F5217065->55583e5a-eaa2-4a32-b956-442090b04083-GrpcLogAppender: appendEntries Timeout, request=95d6cb39-2a6f-4d2b-8ab1-47b9e22fb0ea->55583e5a-eaa2-4a32-b956-442090b04083#135-t2, previous=(t:2, i:20), leaderCommit=16, initializing? false, entries: <empty>
2019-09-17 10:14:37,649 [java.util.concurrent.ThreadPoolExecutor$Worker@4a8ecabd[State = -1, empty queue]] WARN  server.GrpcLogAppender (GrpcLogAppender.java:timeoutAppendRequest(200)) - 1d843e0b-d448-4c1d-904a-b8b79ddf8dfc@group-C922F90D4541->7be722d9-df7a-49b7-8861-987a973deb04-GrpcLogAppender: appendEntries Timeout, request=1d843e0b-d448-4c1d-904a-b8b79ddf8dfc->7be722d9-df7a-49b7-8861-987a973deb04#149-t2, previous=(t:2, i:35), leaderCommit=31, initializing? false, entries: <empty>
2019-09-17 10:14:37,649 [java.util.concurrent.ThreadPoolExecutor$Worker@44112706[State = -1, empty queue]] WARN  server.GrpcLogAppender (GrpcLogAppender.java:timeoutAppendRequest(200)) - 1d843e0b-d448-4c1d-904a-b8b79ddf8dfc@group-C922F90D4541->1303f52d-d2af-4d51-a297-b30474c81d0b-GrpcLogAppender: appendEntries Timeout, request=1d843e0b-d448-4c1d-904a-b8b79ddf8dfc->1303f52d-d2af-4d51-a297-b30474c81d0b#149-t2, previous=(t:2, i:35), leaderCommit=31, initializing? false, entries: <empty>
2019-09-17 10:14:37,700 [java.util.concurrent.ThreadPoolExecutor$Worker@1abe7d4f[State = -1, empty queue]] WARN  server.GrpcLogAppender (GrpcLogAppender.java:timeoutAppendRequest(200)) - 95d6cb39-2a6f-4d2b-8ab1-47b9e22fb0ea@group-2E14F5217065->55583e5a-eaa2-4a32-b956-442090b04083-GrpcLogAppender: appendEntries Timeout, request=95d6cb39-2a6f-4d2b-8ab1-47b9e22fb0ea->55583e5a-eaa2-4a32-b956-442090b04083#136-t2, previous=(t:2, i:20), leaderCommit=16, initializing? false, entries: <empty>
2019-09-17 10:14:38,163 [java.util.concurrent.ThreadPoolExecutor$Worker@4a8ecabd[State = -1, empty queue]] WARN  server.GrpcLogAppender (GrpcLogAppender.java:timeoutAppendRequest(200)) - 1d843e0b-d448-4c1d-904a-b8b79ddf8dfc@group-C922F90D4541->7be722d9-df7a-49b7-8861-987a973deb04-GrpcLogAppender: appendEntries Timeout, request=1d843e0b-d448-4c1d-904a-b8b79ddf8dfc->7be722d9-df7a-49b7-8861-987a973deb04#150-t2, previous=(t:2, i:35), leaderCommit=31, initializing? false, entries: <empty>
2019-09-17 10:14:38,163 [java.util.concurrent.ThreadPoolExecutor$Worker@44112706[State = -1, empty queue]] WARN  server.GrpcLogAppender (GrpcLogAppender.java:timeoutAppendRequest(200)) - 1d843e0b-d448-4c1d-904a-b8b79ddf8dfc@group-C922F90D4541->1303f52d-d2af-4d51-a297-b30474c81d0b-GrpcLogAppender: appendEntries Timeout, request=1d843e0b-d448-4c1d-904a-b8b79ddf8dfc->1303f52d-d2af-4d51-a297-b30474c81d0b#150-t2, previous=(t:2, i:35), leaderCommit=31, initializing? false, entries: <empty>
2019-09-17 10:14:38,201 [java.util.concurrent.ThreadPoolExecutor$Worker@1abe7d4f[State = -1, empty queue]] WARN  server.GrpcLogAppender (GrpcLogAppender.java:timeoutAppendRequest(200)) - 95d6cb39-2a6f-4d2b-8ab1-47b9e22fb0ea@group-2E14F5217065->55583e5a-eaa2-4a32-b956-442090b04083-GrpcLogAppender: appendEntries Timeout, request=95d6cb39-2a6f-4d2b-8ab1-47b9e22fb0ea->55583e5a-eaa2-4a32-b956-442090b04083#137-t2, previous=(t:2, i:20), leaderCommit=16, initializing? false, entries: <empty>
2019-09-17 10:14:38,663 [java.util.concurrent.ThreadPoolExecutor$Worker@4a8ecabd[State = -1, empty queue]] WARN  server.GrpcLogAppender (GrpcLogAppender.java:timeoutAppendRequest(200)) - 1d843e0b-d448-4c1d-904a-b8b79ddf8dfc@group-C922F90D4541->7be722d9-df7a-49b7-8861-987a973deb04-GrpcLogAppender: appendEntries Timeout, request=1d843e0b-d448-4c1d-904a-b8b79ddf8dfc->7be722d9-df7a-49b7-8861-987a973deb04#151-t2, previous=(t:2, i:35), leaderCommit=31, initializing? false, entries: <empty>
2019-09-17 10:14:38,663 [java.util.concurrent.ThreadPoolExecutor$Worker@44112706[State = -1, empty queue]] WARN  server.GrpcLogAppender (GrpcLogAppender.java:timeoutAppendRequest(200)) - 1d843e0b-d448-4c1d-904a-b8b79ddf8dfc@group-C922F90D4541->1303f52d-d2af-4d51-a297-b30474c81d0b-GrpcLogAppender: appendEntries Timeout, request=1d843e0b-d448-4c1d-904a-b8b79ddf8dfc->1303f52d-d2af-4d51-a297-b30474c81d0b#151-t2, previous=(t:2, i:35), leaderCommit=31, initializing? false, entries: <empty>
2019-09-17 10:14:38,701 [java.util.concurrent.ThreadPoolExecutor$Worker@1abe7d4f[State = -1, empty queue]] WARN  server.GrpcLogAppender (GrpcLogAppender.java:timeoutAppendRequest(200)) - 95d6cb39-2a6f-4d2b-8ab1-47b9e22fb0ea@group-2E14F5217065->55583e5a-eaa2-4a32-b956-442090b04083-GrpcLogAppender: appendEntries Timeout, request=95d6cb39-2a6f-4d2b-8ab1-47b9e22fb0ea->55583e5a-eaa2-4a32-b956-442090b04083#138-t2, previous=(t:2, i:20), leaderCommit=16, initializing? false, entries: <empty>
2019-09-17 10:14:39,163 [java.util.concurrent.ThreadPoolExecutor$Worker@4a8ecabd[State = -1, empty queue]] WARN  server.GrpcLogAppender (GrpcLogAppender.java:timeoutAppendRequest(200)) - 1d843e0b-d448-4c1d-904a-b8b79ddf8dfc@group-C922F90D4541->7be722d9-df7a-49b7-8861-987a973deb04-GrpcLogAppender: appendEntries Timeout, request=1d843e0b-d448-4c1d-904a-b8b79ddf8dfc->7be722d9-df7a-49b7-8861-987a973deb04#152-t2, previous=(t:2, i:35), leaderCommit=31, initializing? false, entries: <empty>
2019-09-17 10:14:39,163 [java.util.concurrent.ThreadPoolExecutor$Worker@44112706[State = -1, empty queue]] WARN  server.GrpcLogAppender (GrpcLogAppender.java:timeoutAppendRequest(200)) - 1d843e0b-d448-4c1d-904a-b8b79ddf8dfc@group-C922F90D4541->1303f52d-d2af-4d51-a297-b30474c81d0b-GrpcLogAppender: appendEntries Timeout, request=1d843e0b-d448-4c1d-904a-b8b79ddf8dfc->1303f52d-d2af-4d51-a297-b30474c81d0b#152-t2, previous=(t:2, i:35), leaderCommit=31, initializing? false, entries: <empty>
2019-09-17 10:14:39,201 [java.util.concurrent.ThreadPoolExecutor$Worker@1abe7d4f[State = -1, empty queue]] WARN  server.GrpcLogAppender (GrpcLogAppender.java:timeoutAppendRequest(200)) - 95d6cb39-2a6f-4d2b-8ab1-47b9e22fb0ea@group-2E14F5217065->55583e5a-eaa2-4a32-b956-442090b04083-GrpcLogAppender: appendEntries Timeout, request=95d6cb39-2a6f-4d2b-8ab1-47b9e22fb0ea->55583e5a-eaa2-4a32-b956-442090b04083#139-t2, previous=(t:2, i:20), leaderCommit=16, initializing? false, entries: <empty>
2019-09-17 10:14:39,664 [java.util.concurrent.ThreadPoolExecutor$Worker@4a8ecabd[State = -1, empty queue]] WARN  server.GrpcLogAppender (GrpcLogAppender.java:timeoutAppendRequest(200)) - 1d843e0b-d448-4c1d-904a-b8b79ddf8dfc@group-C922F90D4541->7be722d9-df7a-49b7-8861-987a973deb04-GrpcLogAppender: appendEntries Timeout, request=1d843e0b-d448-4c1d-904a-b8b79ddf8dfc->7be722d9-df7a-49b7-8861-987a973deb04#153-t2, previous=(t:2, i:35), leaderCommit=31, initializing? false, entries: <empty>
2019-09-17 10:14:39,664 [java.util.concurrent.ThreadPoolExecutor$Worker@44112706[State = -1, empty queue]] WARN  server.GrpcLogAppender (GrpcLogAppender.java:timeoutAppendRequest(200)) - 1d843e0b-d448-4c1d-904a-b8b79ddf8dfc@group-C922F90D4541->1303f52d-d2af-4d51-a297-b30474c81d0b-GrpcLogAppender: appendEntries Timeout, request=1d843e0b-d448-4c1d-904a-b8b79ddf8dfc->1303f52d-d2af-4d51-a297-b30474c81d0b#153-t2, previous=(t:2, i:35), leaderCommit=31, initializing? false, entries: <empty>
2019-09-17 10:14:39,701 [java.util.concurrent.ThreadPoolExecutor$Worker@1abe7d4f[State = -1, empty queue]] WARN  server.GrpcLogAppender (GrpcLogAppender.java:timeoutAppendRequest(200)) - 95d6cb39-2a6f-4d2b-8ab1-47b9e22fb0ea@group-2E14F5217065->55583e5a-eaa2-4a32-b956-442090b04083-GrpcLogAppender: appendEntries Timeout, request=95d6cb39-2a6f-4d2b-8ab1-47b9e22fb0ea->55583e5a-eaa2-4a32-b956-442090b04083#140-t2, previous=(t:2, i:20), leaderCommit=16, initializing? false, entries: <empty>
2019-09-17 10:14:40,164 [java.util.concurrent.ThreadPoolExecutor$Worker@44112706[State = -1, empty queue]] WARN  server.GrpcLogAppender (GrpcLogAppender.java:timeoutAppendRequest(200)) - 1d843e0b-d448-4c1d-904a-b8b79ddf8dfc@group-C922F90D4541->1303f52d-d2af-4d51-a297-b30474c81d0b-GrpcLogAppender: appendEntries Timeout, request=1d843e0b-d448-4c1d-904a-b8b79ddf8dfc->1303f52d-d2af-4d51-a297-b30474c81d0b#154-t2, previous=(t:2, i:35), leaderCommit=31, initializing? false, entries: <empty>
2019-09-17 10:14:40,164 [java.util.concurrent.ThreadPoolExecutor$Worker@4a8ecabd[State = -1, empty queue]] WARN  server.GrpcLogAppender (GrpcLogAppender.java:timeoutAppendRequest(200)) - 1d843e0b-d448-4c1d-904a-b8b79ddf8dfc@group-C922F90D4541->7be722d9-df7a-49b7-8861-987a973deb04-GrpcLogAppender: appendEntries Timeout, request=1d843e0b-d448-4c1d-904a-b8b79ddf8dfc->7be722d9-df7a-49b7-8861-987a973deb04#154-t2, previous=(t:2, i:35), leaderCommit=31, initializing? false, entries: <empty>
2019-09-17 10:14:40,201 [java.util.concurrent.ThreadPoolExecutor$Worker@1abe7d4f[State = -1, empty queue]] WARN  server.GrpcLogAppender (GrpcLogAppender.java:timeoutAppendRequest(200)) - 95d6cb39-2a6f-4d2b-8ab1-47b9e22fb0ea@group-2E14F5217065->55583e5a-eaa2-4a32-b956-442090b04083-GrpcLogAppender: appendEntries Timeout, request=95d6cb39-2a6f-4d2b-8ab1-47b9e22fb0ea->55583e5a-eaa2-4a32-b956-442090b04083#141-t2, previous=(t:2, i:20), leaderCommit=16, initializing? false, entries: <empty>
2019-09-17 10:14:40,277 [grpc-default-executor-17] INFO  client.GrpcClientProtocolClient (GrpcClientProtocolClient.java:onNext(264)) - client-66C77A4C703B->1303f52d-d2af-4d51-a297-b30474c81d0b: receive RaftClientReply:client-66C77A4C703B->1303f52d-d2af-4d51-a297-b30474c81d0b@group-C922F90D4541, cid=64, FAILED org.apache.ratis.protocol.NotLeaderException: Server 1303f52d-d2af-4d51-a297-b30474c81d0b@group-C922F90D4541 is not the leader 1d843e0b-d448-4c1d-904a-b8b79ddf8dfc:192.168.34.37:43968, logIndex=0, commits[1303f52d-d2af-4d51-a297-b30474c81d0b:c31, 7be722d9-df7a-49b7-8861-987a973deb04:c29, 1d843e0b-d448-4c1d-904a-b8b79ddf8dfc:c31]
2019-09-17 10:14:40,664 [java.util.concurrent.ThreadPoolExecutor$Worker@44112706[State = -1, empty queue]] WARN  server.GrpcLogAppender (GrpcLogAppender.java:timeoutAppendRequest(200)) - 1d843e0b-d448-4c1d-904a-b8b79ddf8dfc@group-C922F90D4541->1303f52d-d2af-4d51-a297-b30474c81d0b-GrpcLogAppender: appendEntries Timeout, request=1d843e0b-d448-4c1d-904a-b8b79ddf8dfc->1303f52d-d2af-4d51-a297-b30474c81d0b#155-t2, previous=(t:2, i:35), leaderCommit=31, initializing? false, entries: <empty>
2019-09-17 10:14:40,664 [java.util.concurrent.ThreadPoolExecutor$Worker@4a8ecabd[State = -1, empty queue]] WARN  server.GrpcLogAppender (GrpcLogAppender.java:timeoutAppendRequest(200)) - 1d843e0b-d448-4c1d-904a-b8b79ddf8dfc@group-C922F90D4541->7be722d9-df7a-49b7-8861-987a973deb04-GrpcLogAppender: appendEntries Timeout, request=1d843e0b-d448-4c1d-904a-b8b79ddf8dfc->7be722d9-df7a-49b7-8861-987a973deb04#155-t2, previous=(t:2, i:35), leaderCommit=31, initializing? false, entries: <empty>
2019-09-17 10:14:40,702 [java.util.concurrent.ThreadPoolExecutor$Worker@1abe7d4f[State = -1, empty queue]] WARN  server.GrpcLogAppender (GrpcLogAppender.java:timeoutAppendRequest(200)) - 95d6cb39-2a6f-4d2b-8ab1-47b9e22fb0ea@group-2E14F5217065->55583e5a-eaa2-4a32-b956-442090b04083-GrpcLogAppender: appendEntries Timeout, request=95d6cb39-2a6f-4d2b-8ab1-47b9e22fb0ea->55583e5a-eaa2-4a32-b956-442090b04083#142-t2, previous=(t:2, i:20), leaderCommit=16, initializing? false, entries: <empty>
2019-09-17 10:14:41,164 [java.util.concurrent.ThreadPoolExecutor$Worker@44112706[State = -1, empty queue]] WARN  server.GrpcLogAppender (GrpcLogAppender.java:timeoutAppendRequest(200)) - 1d843e0b-d448-4c1d-904a-b8b79ddf8dfc@group-C922F90D4541->1303f52d-d2af-4d51-a297-b30474c81d0b-GrpcLogAppender: appendEntries Timeout, request=1d843e0b-d448-4c1d-904a-b8b79ddf8dfc->1303f52d-d2af-4d51-a297-b30474c81d0b#156-t2, previous=(t:2, i:35), leaderCommit=31, initializing? false, entries: <empty>
2019-09-17 10:14:41,164 [java.util.concurrent.ThreadPoolExecutor$Worker@4a8ecabd[State = -1, empty queue]] WARN  server.GrpcLogAppender (GrpcLogAppender.java:timeoutAppendRequest(200)) - 1d843e0b-d448-4c1d-904a-b8b79ddf8dfc@group-C922F90D4541->7be722d9-df7a-49b7-8861-987a973deb04-GrpcLogAppender: appendEntries Timeout, request=1d843e0b-d448-4c1d-904a-b8b79ddf8dfc->7be722d9-df7a-49b7-8861-987a973deb04#156-t2, previous=(t:2, i:35), leaderCommit=31, initializing? false, entries: <empty>
2019-09-17 10:14:41,170 [95d6cb39-2a6f-4d2b-8ab1-47b9e22fb0ea@group-2E14F5217065-SegmentedRaftLogWorker] WARN  segmented.SegmentedRaftLogWorker (SegmentedRaftLogWorker.java:getFromFuture(90)) - Timeout 3/~
org.apache.ratis.protocol.TimeoutIOException: Timeout 10s: WriteLog:17: (t:2, i:17), STATEMACHINELOGENTRY, client-4B6CA9A66071, cid=51-writeStateMachineData
	at org.apache.ratis.util.IOUtils.getFromFuture(IOUtils.java:87)
	at org.apache.ratis.server.raftlog.segmented.SegmentedRaftLogWorker$StateMachineDataPolicy.getFromFuture(SegmentedRaftLogWorker.java:87)
	at org.apache.ratis.server.raftlog.segmented.SegmentedRaftLogWorker$WriteLog.execute(SegmentedRaftLogWorker.java:477)
	at org.apache.ratis.server.raftlog.segmented.SegmentedRaftLogWorker.run(SegmentedRaftLogWorker.java:289)
	at java.lang.Thread.run(Thread.java:748)
Caused by: java.util.concurrent.TimeoutException
	at java.util.concurrent.CompletableFuture.timedGet(CompletableFuture.java:1771)
	at java.util.concurrent.CompletableFuture.get(CompletableFuture.java:1915)
	at org.apache.ratis.util.IOUtils.getFromFuture(IOUtils.java:79)
	... 4 more
2019-09-17 10:14:41,173 [55583e5a-eaa2-4a32-b956-442090b04083@group-2E14F5217065-SegmentedRaftLogWorker] WARN  segmented.SegmentedRaftLogWorker (SegmentedRaftLogWorker.java:getFromFuture(90)) - Timeout 3/~
org.apache.ratis.protocol.TimeoutIOException: Timeout 10s: WriteLog:17: (t:2, i:17), STATEMACHINELOGENTRY, client-4B6CA9A66071, cid=51-writeStateMachineData
	at org.apache.ratis.util.IOUtils.getFromFuture(IOUtils.java:87)
	at org.apache.ratis.server.raftlog.segmented.SegmentedRaftLogWorker$StateMachineDataPolicy.getFromFuture(SegmentedRaftLogWorker.java:87)
	at org.apache.ratis.server.raftlog.segmented.SegmentedRaftLogWorker$WriteLog.execute(SegmentedRaftLogWorker.java:477)
	at org.apache.ratis.server.raftlog.segmented.SegmentedRaftLogWorker.run(SegmentedRaftLogWorker.java:289)
	at java.lang.Thread.run(Thread.java:748)
Caused by: java.util.concurrent.TimeoutException
	at java.util.concurrent.CompletableFuture.timedGet(CompletableFuture.java:1771)
	at java.util.concurrent.CompletableFuture.get(CompletableFuture.java:1915)
	at org.apache.ratis.util.IOUtils.getFromFuture(IOUtils.java:79)
	... 4 more
2019-09-17 10:14:41,202 [java.util.concurrent.ThreadPoolExecutor$Worker@1abe7d4f[State = -1, empty queue]] WARN  server.GrpcLogAppender (GrpcLogAppender.java:timeoutAppendRequest(200)) - 95d6cb39-2a6f-4d2b-8ab1-47b9e22fb0ea@group-2E14F5217065->55583e5a-eaa2-4a32-b956-442090b04083-GrpcLogAppender: appendEntries Timeout, request=95d6cb39-2a6f-4d2b-8ab1-47b9e22fb0ea->55583e5a-eaa2-4a32-b956-442090b04083#143-t2, previous=(t:2, i:20), leaderCommit=16, initializing? false, entries: <empty>
2019-09-17 10:14:41,665 [java.util.concurrent.ThreadPoolExecutor$Worker@4a8ecabd[State = -1, empty queue]] WARN  server.GrpcLogAppender (GrpcLogAppender.java:timeoutAppendRequest(200)) - 1d843e0b-d448-4c1d-904a-b8b79ddf8dfc@group-C922F90D4541->7be722d9-df7a-49b7-8861-987a973deb04-GrpcLogAppender: appendEntries Timeout, request=1d843e0b-d448-4c1d-904a-b8b79ddf8dfc->7be722d9-df7a-49b7-8861-987a973deb04#157-t2, previous=(t:2, i:35), leaderCommit=31, initializing? false, entries: <empty>
2019-09-17 10:14:41,665 [java.util.concurrent.ThreadPoolExecutor$Worker@44112706[State = -1, empty queue]] WARN  server.GrpcLogAppender (GrpcLogAppender.java:timeoutAppendRequest(200)) - 1d843e0b-d448-4c1d-904a-b8b79ddf8dfc@group-C922F90D4541->1303f52d-d2af-4d51-a297-b30474c81d0b-GrpcLogAppender: appendEntries Timeout, request=1d843e0b-d448-4c1d-904a-b8b79ddf8dfc->1303f52d-d2af-4d51-a297-b30474c81d0b#157-t2, previous=(t:2, i:35), leaderCommit=31, initializing? false, entries: <empty>
2019-09-17 10:14:41,702 [java.util.concurrent.ThreadPoolExecutor$Worker@1abe7d4f[State = -1, empty queue]] WARN  server.GrpcLogAppender (GrpcLogAppender.java:timeoutAppendRequest(200)) - 95d6cb39-2a6f-4d2b-8ab1-47b9e22fb0ea@group-2E14F5217065->55583e5a-eaa2-4a32-b956-442090b04083-GrpcLogAppender: appendEntries Timeout, request=95d6cb39-2a6f-4d2b-8ab1-47b9e22fb0ea->55583e5a-eaa2-4a32-b956-442090b04083#144-t2, previous=(t:2, i:20), leaderCommit=16, initializing? false, entries: <empty>
2019-09-17 10:14:42,165 [java.util.concurrent.ThreadPoolExecutor$Worker@4a8ecabd[State = -1, empty queue]] WARN  server.GrpcLogAppender (GrpcLogAppender.java:timeoutAppendRequest(200)) - 1d843e0b-d448-4c1d-904a-b8b79ddf8dfc@group-C922F90D4541->7be722d9-df7a-49b7-8861-987a973deb04-GrpcLogAppender: appendEntries Timeout, request=1d843e0b-d448-4c1d-904a-b8b79ddf8dfc->7be722d9-df7a-49b7-8861-987a973deb04#158-t2, previous=(t:2, i:35), leaderCommit=31, initializing? false, entries: <empty>
2019-09-17 10:14:42,165 [java.util.concurrent.ThreadPoolExecutor$Worker@44112706[State = -1, empty queue]] WARN  server.GrpcLogAppender (GrpcLogAppender.java:timeoutAppendRequest(200)) - 1d843e0b-d448-4c1d-904a-b8b79ddf8dfc@group-C922F90D4541->1303f52d-d2af-4d51-a297-b30474c81d0b-GrpcLogAppender: appendEntries Timeout, request=1d843e0b-d448-4c1d-904a-b8b79ddf8dfc->1303f52d-d2af-4d51-a297-b30474c81d0b#158-t2, previous=(t:2, i:35), leaderCommit=31, initializing? false, entries: <empty>
2019-09-17 10:14:42,202 [java.util.concurrent.ThreadPoolExecutor$Worker@1abe7d4f[State = -1, empty queue]] WARN  server.GrpcLogAppender (GrpcLogAppender.java:timeoutAppendRequest(200)) - 95d6cb39-2a6f-4d2b-8ab1-47b9e22fb0ea@group-2E14F5217065->55583e5a-eaa2-4a32-b956-442090b04083-GrpcLogAppender: appendEntries Timeout, request=95d6cb39-2a6f-4d2b-8ab1-47b9e22fb0ea->55583e5a-eaa2-4a32-b956-442090b04083#145-t2, previous=(t:2, i:20), leaderCommit=16, initializing? false, entries: <empty>
2019-09-17 10:14:42,666 [java.util.concurrent.ThreadPoolExecutor$Worker@4a8ecabd[State = -1, empty queue]] WARN  server.GrpcLogAppender (GrpcLogAppender.java:timeoutAppendRequest(200)) - 1d843e0b-d448-4c1d-904a-b8b79ddf8dfc@group-C922F90D4541->7be722d9-df7a-49b7-8861-987a973deb04-GrpcLogAppender: appendEntries Timeout, request=1d843e0b-d448-4c1d-904a-b8b79ddf8dfc->7be722d9-df7a-49b7-8861-987a973deb04#159-t2, previous=(t:2, i:35), leaderCommit=31, initializing? false, entries: <empty>
2019-09-17 10:14:42,666 [java.util.concurrent.ThreadPoolExecutor$Worker@44112706[State = -1, empty queue]] WARN  server.GrpcLogAppender (GrpcLogAppender.java:timeoutAppendRequest(200)) - 1d843e0b-d448-4c1d-904a-b8b79ddf8dfc@group-C922F90D4541->1303f52d-d2af-4d51-a297-b30474c81d0b-GrpcLogAppender: appendEntries Timeout, request=1d843e0b-d448-4c1d-904a-b8b79ddf8dfc->1303f52d-d2af-4d51-a297-b30474c81d0b#159-t2, previous=(t:2, i:35), leaderCommit=31, initializing? false, entries: <empty>
2019-09-17 10:14:42,703 [java.util.concurrent.ThreadPoolExecutor$Worker@1abe7d4f[State = -1, empty queue]] WARN  server.GrpcLogAppender (GrpcLogAppender.java:timeoutAppendRequest(200)) - 95d6cb39-2a6f-4d2b-8ab1-47b9e22fb0ea@group-2E14F5217065->55583e5a-eaa2-4a32-b956-442090b04083-GrpcLogAppender: appendEntries Timeout, request=95d6cb39-2a6f-4d2b-8ab1-47b9e22fb0ea->55583e5a-eaa2-4a32-b956-442090b04083#146-t2, previous=(t:2, i:20), leaderCommit=16, initializing? false, entries: <empty>
2019-09-17 10:14:43,166 [java.util.concurrent.ThreadPoolExecutor$Worker@4a8ecabd[State = -1, empty queue]] WARN  server.GrpcLogAppender (GrpcLogAppender.java:timeoutAppendRequest(200)) - 1d843e0b-d448-4c1d-904a-b8b79ddf8dfc@group-C922F90D4541->7be722d9-df7a-49b7-8861-987a973deb04-GrpcLogAppender: appendEntries Timeout, request=1d843e0b-d448-4c1d-904a-b8b79ddf8dfc->7be722d9-df7a-49b7-8861-987a973deb04#160-t2, previous=(t:2, i:35), leaderCommit=31, initializing? false, entries: <empty>
2019-09-17 10:14:43,166 [java.util.concurrent.ThreadPoolExecutor$Worker@44112706[State = -1, empty queue]] WARN  server.GrpcLogAppender (GrpcLogAppender.java:timeoutAppendRequest(200)) - 1d843e0b-d448-4c1d-904a-b8b79ddf8dfc@group-C922F90D4541->1303f52d-d2af-4d51-a297-b30474c81d0b-GrpcLogAppender: appendEntries Timeout, request=1d843e0b-d448-4c1d-904a-b8b79ddf8dfc->1303f52d-d2af-4d51-a297-b30474c81d0b#160-t2, previous=(t:2, i:35), leaderCommit=31, initializing? false, entries: <empty>
2019-09-17 10:14:43,203 [java.util.concurrent.ThreadPoolExecutor$Worker@1abe7d4f[State = -1, empty queue]] WARN  server.GrpcLogAppender (GrpcLogAppender.java:timeoutAppendRequest(200)) - 95d6cb39-2a6f-4d2b-8ab1-47b9e22fb0ea@group-2E14F5217065->55583e5a-eaa2-4a32-b956-442090b04083-GrpcLogAppender: appendEntries Timeout, request=95d6cb39-2a6f-4d2b-8ab1-47b9e22fb0ea->55583e5a-eaa2-4a32-b956-442090b04083#147-t2, previous=(t:2, i:20), leaderCommit=16, initializing? false, entries: <empty>
2019-09-17 10:14:43,300 [main] WARN  io.KeyOutputStream (KeyOutputStream.java:handleException(276)) - Encountered exception java.io.IOException: Unexpected Storage Container Exception: java.util.concurrent.CompletionException: java.util.concurrent.CompletionException: org.apache.ratis.protocol.RaftRetryFailureException: Failed RaftClientRequest:client-66C77A4C703B->1d843e0b-d448-4c1d-904a-b8b79ddf8dfc@group-C922F90D4541, cid=64, seq=9*, RW, org.apache.hadoop.hdds.scm.XceiverClientRatis$$Lambda$461/1566285515@1b1d89d4 for 10 attempts with RetryLimited(maxAttempts=10, sleepTime=1000ms) on the pipeline Pipeline[ Id: 02946cee-fb43-4ea8-8058-c922f90d4541, Nodes: 1303f52d-d2af-4d51-a297-b30474c81d0b{ip: 192.168.34.37, host: pr-hdds-2110-rdjw6-11158954, networkLocation: /default-rack, certSerialId: null}7be722d9-df7a-49b7-8861-987a973deb04{ip: 192.168.34.37, host: pr-hdds-2110-rdjw6-11158954, networkLocation: /default-rack, certSerialId: null}1d843e0b-d448-4c1d-904a-b8b79ddf8dfc{ip: 192.168.34.37, host: pr-hdds-2110-rdjw6-11158954, networkLocation: /default-rack, certSerialId: null}, Type:RATIS, Factor:THREE, State:OPEN]. The last committed block length is 0, uncommitted data length is 2097152 retry count 0
2019-09-17 10:14:43,329 [IPC Server handler 14 on 39461] WARN  block.BlockManagerImpl (BlockManagerImpl.java:allocateBlock(192)) - Pipeline creation failed for type:RATIS factor:THREE. Retrying get pipelines call once.
org.apache.hadoop.hdds.scm.pipeline.InsufficientDatanodesException: Cannot create pipeline of factor 3 using 1 nodes.
	at org.apache.hadoop.hdds.scm.pipeline.RatisPipelineProvider.create(RatisPipelineProvider.java:152)
	at org.apache.hadoop.hdds.scm.pipeline.PipelineFactory.create(PipelineFactory.java:57)
	at org.apache.hadoop.hdds.scm.pipeline.SCMPipelineManager.createPipeline(SCMPipelineManager.java:151)
	at org.apache.hadoop.hdds.scm.block.BlockManagerImpl.allocateBlock(BlockManagerImpl.java:190)
	at org.apache.hadoop.hdds.scm.server.SCMBlockProtocolServer.allocateBlock(SCMBlockProtocolServer.java:182)
	at org.apache.hadoop.ozone.protocolPB.ScmBlockLocationProtocolServerSideTranslatorPB.allocateScmBlock(ScmBlockLocationProtocolServerSideTranslatorPB.java:183)
	at org.apache.hadoop.ozone.protocolPB.ScmBlockLocationProtocolServerSideTranslatorPB.processMessage(ScmBlockLocationProtocolServerSideTranslatorPB.java:141)
	at org.apache.hadoop.ozone.protocolPB.ScmBlockLocationProtocolServerSideTranslatorPB.send(ScmBlockLocationProtocolServerSideTranslatorPB.java:116)
	at org.apache.hadoop.hdds.protocol.proto.ScmBlockLocationProtocolProtos$ScmBlockLocationProtocolService$2.callBlockingMethod(ScmBlockLocationProtocolProtos.java:13157)
	at org.apache.hadoop.ipc.ProtobufRpcEngine$Server$ProtoBufRpcInvoker.call(ProtobufRpcEngine.java:524)
	at org.apache.hadoop.ipc.RPC$Server.call(RPC.java:1025)
	at org.apache.hadoop.ipc.Server$RpcCall.run(Server.java:876)
	at org.apache.hadoop.ipc.Server$RpcCall.run(Server.java:822)
	at java.security.AccessController.doPrivileged(Native Method)
	at javax.security.auth.Subject.doAs(Subject.java:422)
	at org.apache.hadoop.security.UserGroupInformation.doAs(UserGroupInformation.java:1730)
	at org.apache.hadoop.ipc.Server$Handler.run(Server.java:2682)
2019-09-17 10:14:43,330 [IPC Server handler 14 on 39461] INFO  block.BlockManagerImpl (BlockManagerImpl.java:allocateBlock(198)) - Could not find available pipeline of type:RATIS and factor:THREE even after retrying
2019-09-17 10:14:43,330 [IPC Server handler 14 on 39461] ERROR block.BlockManagerImpl (BlockManagerImpl.java:allocateBlock(222)) - Unable to allocate a block for the size: 4194304, type: RATIS, factor: THREE
2019-09-17 10:14:43,334 [main] ERROR io.BlockOutputStreamEntryPool (BlockOutputStreamEntryPool.java:allocateBlockIfNeeded(299)) - Try to allocate more blocks for write failed, already allocated 0 blocks for this write.
INTERNAL_ERROR org.apache.hadoop.ozone.om.exceptions.OMException: Allocated 0 blocks. Requested 1 blocks
	at org.apache.hadoop.ozone.om.protocolPB.OzoneManagerProtocolClientSideTranslatorPB.handleError(OzoneManagerProtocolClientSideTranslatorPB.java:724)
	at org.apache.hadoop.ozone.om.protocolPB.OzoneManagerProtocolClientSideTranslatorPB.allocateBlock(OzoneManagerProtocolClientSideTranslatorPB.java:756)
	at sun.reflect.NativeMethodAccessorImpl.invoke0(Native Method)
	at sun.reflect.NativeMethodAccessorImpl.invoke(NativeMethodAccessorImpl.java:62)
	at sun.reflect.DelegatingMethodAccessorImpl.invoke(DelegatingMethodAccessorImpl.java:43)
	at java.lang.reflect.Method.invoke(Method.java:498)
	at org.apache.hadoop.hdds.tracing.TraceAllMethod.invoke(TraceAllMethod.java:66)
	at com.sun.proxy.$Proxy36.allocateBlock(Unknown Source)
	at org.apache.hadoop.ozone.client.io.BlockOutputStreamEntryPool.allocateNewBlock(BlockOutputStreamEntryPool.java:248)
	at org.apache.hadoop.ozone.client.io.BlockOutputStreamEntryPool.allocateBlockIfNeeded(BlockOutputStreamEntryPool.java:296)
	at org.apache.hadoop.ozone.client.io.KeyOutputStream.handleWrite(KeyOutputStream.java:201)
	at org.apache.hadoop.ozone.client.io.KeyOutputStream.handleRetry(KeyOutputStream.java:376)
	at org.apache.hadoop.ozone.client.io.KeyOutputStream.handleException(KeyOutputStream.java:325)
	at org.apache.hadoop.ozone.client.io.KeyOutputStream.handleWrite(KeyOutputStream.java:231)
	at org.apache.hadoop.ozone.client.io.KeyOutputStream.write(KeyOutputStream.java:193)
	at org.apache.hadoop.ozone.client.io.OzoneOutputStream.write(OzoneOutputStream.java:49)
	at java.io.OutputStream.write(OutputStream.java:75)
	at org.apache.hadoop.ozone.client.rpc.TestMultiBlockWritesWithDnFailures.testMultiBlockWritesWithIntermittentDnFailures(TestMultiBlockWritesWithDnFailures.java:196)
	at sun.reflect.NativeMethodAccessorImpl.invoke0(Native Method)
	at sun.reflect.NativeMethodAccessorImpl.invoke(NativeMethodAccessorImpl.java:62)
	at sun.reflect.DelegatingMethodAccessorImpl.invoke(DelegatingMethodAccessorImpl.java:43)
	at java.lang.reflect.Method.invoke(Method.java:498)
	at org.junit.runners.model.FrameworkMethod$1.runReflectiveCall(FrameworkMethod.java:47)
	at org.junit.internal.runners.model.ReflectiveCallable.run(ReflectiveCallable.java:12)
	at org.junit.runners.model.FrameworkMethod.invokeExplosively(FrameworkMethod.java:44)
	at org.junit.internal.runners.statements.InvokeMethod.evaluate(InvokeMethod.java:17)
	at org.junit.internal.runners.statements.RunAfters.evaluate(RunAfters.java:27)
	at org.junit.runners.ParentRunner.runLeaf(ParentRunner.java:271)
	at org.junit.runners.BlockJUnit4ClassRunner.runChild(BlockJUnit4ClassRunner.java:70)
	at org.junit.runners.BlockJUnit4ClassRunner.runChild(BlockJUnit4ClassRunner.java:50)
	at org.junit.runners.ParentRunner$3.run(ParentRunner.java:238)
	at org.junit.runners.ParentRunner$1.schedule(ParentRunner.java:63)
	at org.junit.runners.ParentRunner.runChildren(ParentRunner.java:236)
	at org.junit.runners.ParentRunner.access$000(ParentRunner.java:53)
	at org.junit.runners.ParentRunner$2.evaluate(ParentRunner.java:229)
	at org.junit.runners.ParentRunner.run(ParentRunner.java:309)
	at org.apache.maven.surefire.junit4.JUnit4Provider.execute(JUnit4Provider.java:365)
	at org.apache.maven.surefire.junit4.JUnit4Provider.executeWithRerun(JUnit4Provider.java:273)
	at org.apache.maven.surefire.junit4.JUnit4Provider.executeTestSet(JUnit4Provider.java:238)
	at org.apache.maven.surefire.junit4.JUnit4Provider.invoke(JUnit4Provider.java:159)
	at org.apache.maven.surefire.booter.ForkedBooter.invokeProviderInSameClassLoader(ForkedBooter.java:384)
	at org.apache.maven.surefire.booter.ForkedBooter.runSuitesInProcess(ForkedBooter.java:345)
	at org.apache.maven.surefire.booter.ForkedBooter.execute(ForkedBooter.java:126)
	at org.apache.maven.surefire.booter.ForkedBooter.main(ForkedBooter.java:418)
2019-09-17 10:14:43,337 [main] INFO  ozone.MiniOzoneClusterImpl (MiniOzoneClusterImpl.java:shutdown(307)) - Shutting down the Mini Ozone Cluster
2019-09-17 10:14:43,338 [main] INFO  ozone.MiniOzoneClusterImpl (MiniOzoneClusterImpl.java:stop(322)) - Stopping the Mini Ozone Cluster
2019-09-17 10:14:43,338 [main] INFO  ozone.MiniOzoneClusterImpl (MiniOzoneClusterImpl.java:stop(324)) - Stopping the OzoneManager
2019-09-17 10:14:43,338 [main] INFO  ipc.Server (Server.java:stop(3082)) - Stopping server on 46535
2019-09-17 10:14:43,346 [IPC Server listener on 46535] INFO  ipc.Server (Server.java:run(1185)) - Stopping IPC Server listener on 46535
2019-09-17 10:14:43,348 [main] INFO  ratis.OzoneManagerDoubleBuffer (OzoneManagerDoubleBuffer.java:stop(248)) - Stopping OMDoubleBuffer flush thread
2019-09-17 10:14:43,352 [IPC Server Responder] INFO  ipc.Server (Server.java:run(1319)) - Stopping IPC Server Responder
2019-09-17 10:14:43,352 [OMDoubleBufferFlushThread] INFO  ratis.OzoneManagerDoubleBuffer (OzoneManagerDoubleBuffer.java:flushTransactions(191)) - OMDoubleBuffer flush thread OMDoubleBufferFlushThread is interrupted and will exit. OMDoubleBufferFlushThread
2019-09-17 10:14:43,366 [main] INFO  utils.BackgroundService (BackgroundService.java:shutdown(148)) - Shutting down service KeyDeletingService
2019-09-17 10:14:43,383 [main] INFO  handler.ContextHandler (ContextHandler.java:doStop(910)) - Stopped o.e.j.w.WebAppContext@444548a0{/,null,UNAVAILABLE}{/ozoneManager}
2019-09-17 10:14:43,384 [main] INFO  server.AbstractConnector (AbstractConnector.java:doStop(318)) - Stopped ServerConnector@3766c667{HTTP/1.1,[http/1.1]}{0.0.0.0:0}
2019-09-17 10:14:43,384 [main] INFO  handler.ContextHandler (ContextHandler.java:doStop(910)) - Stopped o.e.j.s.ServletContextHandler@2571066a{/static,file:///workdir/hadoop-ozone/integration-test/target/test-classes/webapps/static,UNAVAILABLE}
2019-09-17 10:14:43,385 [main] INFO  handler.ContextHandler (ContextHandler.java:doStop(910)) - Stopped o.e.j.s.ServletContextHandler@25d3cfc8{/logs,file:///workdir/hadoop-ozone/integration-test/target/log,UNAVAILABLE}
2019-09-17 10:14:43,388 [main] INFO  ozone.MiniOzoneClusterImpl (MiniOzoneClusterImpl.java:stop(330)) - Shutting the HddsDatanodes
2019-09-17 10:14:43,670 [java.util.concurrent.ThreadPoolExecutor$Worker@4a8ecabd[State = -1, empty queue]] WARN  server.GrpcLogAppender (GrpcLogAppender.java:timeoutAppendRequest(200)) - 1d843e0b-d448-4c1d-904a-b8b79ddf8dfc@group-C922F90D4541->7be722d9-df7a-49b7-8861-987a973deb04-GrpcLogAppender: appendEntries Timeout, request=1d843e0b-d448-4c1d-904a-b8b79ddf8dfc->7be722d9-df7a-49b7-8861-987a973deb04#161-t2, previous=(t:2, i:35), leaderCommit=31, initializing? false, entries: <empty>
2019-09-17 10:14:43,670 [java.util.concurrent.ThreadPoolExecutor$Worker@44112706[State = -1, empty queue]] WARN  server.GrpcLogAppender (GrpcLogAppender.java:timeoutAppendRequest(200)) - 1d843e0b-d448-4c1d-904a-b8b79ddf8dfc@group-C922F90D4541->1303f52d-d2af-4d51-a297-b30474c81d0b-GrpcLogAppender: appendEntries Timeout, request=1d843e0b-d448-4c1d-904a-b8b79ddf8dfc->1303f52d-d2af-4d51-a297-b30474c81d0b#161-t2, previous=(t:2, i:35), leaderCommit=31, initializing? false, entries: <empty>
2019-09-17 10:14:43,703 [java.util.concurrent.ThreadPoolExecutor$Worker@1abe7d4f[State = -1, empty queue]] WARN  server.GrpcLogAppender (GrpcLogAppender.java:timeoutAppendRequest(200)) - 95d6cb39-2a6f-4d2b-8ab1-47b9e22fb0ea@group-2E14F5217065->55583e5a-eaa2-4a32-b956-442090b04083-GrpcLogAppender: appendEntries Timeout, request=95d6cb39-2a6f-4d2b-8ab1-47b9e22fb0ea->55583e5a-eaa2-4a32-b956-442090b04083#148-t2, previous=(t:2, i:20), leaderCommit=16, initializing? false, entries: <empty>
2019-09-17 10:14:44,170 [java.util.concurrent.ThreadPoolExecutor$Worker@44112706[State = -1, empty queue]] WARN  server.GrpcLogAppender (GrpcLogAppender.java:timeoutAppendRequest(200)) - 1d843e0b-d448-4c1d-904a-b8b79ddf8dfc@group-C922F90D4541->1303f52d-d2af-4d51-a297-b30474c81d0b-GrpcLogAppender: appendEntries Timeout, request=1d843e0b-d448-4c1d-904a-b8b79ddf8dfc->1303f52d-d2af-4d51-a297-b30474c81d0b#162-t2, previous=(t:2, i:35), leaderCommit=31, initializing? false, entries: <empty>
2019-09-17 10:14:44,170 [java.util.concurrent.ThreadPoolExecutor$Worker@4a8ecabd[State = -1, empty queue]] WARN  server.GrpcLogAppender (GrpcLogAppender.java:timeoutAppendRequest(200)) - 1d843e0b-d448-4c1d-904a-b8b79ddf8dfc@group-C922F90D4541->7be722d9-df7a-49b7-8861-987a973deb04-GrpcLogAppender: appendEntries Timeout, request=1d843e0b-d448-4c1d-904a-b8b79ddf8dfc->7be722d9-df7a-49b7-8861-987a973deb04#162-t2, previous=(t:2, i:35), leaderCommit=31, initializing? false, entries: <empty>
2019-09-17 10:14:44,203 [java.util.concurrent.ThreadPoolExecutor$Worker@1abe7d4f[State = -1, empty queue]] WARN  server.GrpcLogAppender (GrpcLogAppender.java:timeoutAppendRequest(200)) - 95d6cb39-2a6f-4d2b-8ab1-47b9e22fb0ea@group-2E14F5217065->55583e5a-eaa2-4a32-b956-442090b04083-GrpcLogAppender: appendEntries Timeout, request=95d6cb39-2a6f-4d2b-8ab1-47b9e22fb0ea->55583e5a-eaa2-4a32-b956-442090b04083#149-t2, previous=(t:2, i:20), leaderCommit=16, initializing? false, entries: <empty>
2019-09-17 10:14:44,207 [Datanode State Machine Thread - 0] INFO  statemachine.DatanodeStateMachine (DatanodeStateMachine.java:lambda$startDaemon$0(350)) - Ozone container server started.
2019-09-17 10:14:44,282 [Datanode State Machine Thread - 0] INFO  statemachine.DatanodeStateMachine (DatanodeStateMachine.java:lambda$startDaemon$0(350)) - Ozone container server started.
2019-09-17 10:14:44,676 [java.util.concurrent.ThreadPoolExecutor$Worker@4a8ecabd[State = -1, empty queue]] WARN  server.GrpcLogAppender (GrpcLogAppender.java:timeoutAppendRequest(200)) - 1d843e0b-d448-4c1d-904a-b8b79ddf8dfc@group-C922F90D4541->7be722d9-df7a-49b7-8861-987a973deb04-GrpcLogAppender: appendEntries Timeout, request=1d843e0b-d448-4c1d-904a-b8b79ddf8dfc->7be722d9-df7a-49b7-8861-987a973deb04#163-t2, previous=(t:2, i:35), leaderCommit=31, initializing? false, entries: <empty>
2019-09-17 10:14:44,676 [java.util.concurrent.ThreadPoolExecutor$Worker@44112706[State = -1, empty queue]] WARN  server.GrpcLogAppender (GrpcLogAppender.java:timeoutAppendRequest(200)) - 1d843e0b-d448-4c1d-904a-b8b79ddf8dfc@group-C922F90D4541->1303f52d-d2af-4d51-a297-b30474c81d0b-GrpcLogAppender: appendEntries Timeout, request=1d843e0b-d448-4c1d-904a-b8b79ddf8dfc->1303f52d-d2af-4d51-a297-b30474c81d0b#163-t2, previous=(t:2, i:35), leaderCommit=31, initializing? false, entries: <empty>
2019-09-17 10:14:44,704 [java.util.concurrent.ThreadPoolExecutor$Worker@1abe7d4f[State = -1, empty queue]] WARN  server.GrpcLogAppender (GrpcLogAppender.java:timeoutAppendRequest(200)) - 95d6cb39-2a6f-4d2b-8ab1-47b9e22fb0ea@group-2E14F5217065->55583e5a-eaa2-4a32-b956-442090b04083-GrpcLogAppender: appendEntries Timeout, request=95d6cb39-2a6f-4d2b-8ab1-47b9e22fb0ea->55583e5a-eaa2-4a32-b956-442090b04083#150-t2, previous=(t:2, i:20), leaderCommit=16, initializing? false, entries: <empty>
2019-09-17 10:14:45,130 [1d843e0b-d448-4c1d-904a-b8b79ddf8dfc@group-C922F90D4541-SegmentedRaftLogWorker] WARN  segmented.SegmentedRaftLogWorker (SegmentedRaftLogWorker.java:getFromFuture(90)) - Timeout 1/~
org.apache.ratis.protocol.TimeoutIOException: Timeout 10s: WriteLog:32: (t:2, i:32), STATEMACHINELOGENTRY, client-66C77A4C703B, cid=64-writeStateMachineData
	at org.apache.ratis.util.IOUtils.getFromFuture(IOUtils.java:87)
	at org.apache.ratis.server.raftlog.segmented.SegmentedRaftLogWorker$StateMachineDataPolicy.getFromFuture(SegmentedRaftLogWorker.java:87)
	at org.apache.ratis.server.raftlog.segmented.SegmentedRaftLogWorker$WriteLog.execute(SegmentedRaftLogWorker.java:477)
	at org.apache.ratis.server.raftlog.segmented.SegmentedRaftLogWorker.run(SegmentedRaftLogWorker.java:289)
	at java.lang.Thread.run(Thread.java:748)
Caused by: java.util.concurrent.TimeoutException
	at java.util.concurrent.CompletableFuture.timedGet(CompletableFuture.java:1771)
	at java.util.concurrent.CompletableFuture.get(CompletableFuture.java:1915)
	at org.apache.ratis.util.IOUtils.getFromFuture(IOUtils.java:79)
	... 4 more
2019-09-17 10:14:45,133 [7be722d9-df7a-49b7-8861-987a973deb04@group-C922F90D4541-SegmentedRaftLogWorker] WARN  segmented.SegmentedRaftLogWorker (SegmentedRaftLogWorker.java:getFromFuture(90)) - Timeout 1/~
org.apache.ratis.protocol.TimeoutIOException: Timeout 10s: WriteLog:32: (t:2, i:32), STATEMACHINELOGENTRY, client-66C77A4C703B, cid=64-writeStateMachineData
	at org.apache.ratis.util.IOUtils.getFromFuture(IOUtils.java:87)
	at org.apache.ratis.server.raftlog.segmented.SegmentedRaftLogWorker$StateMachineDataPolicy.getFromFuture(SegmentedRaftLogWorker.java:87)
	at org.apache.ratis.server.raftlog.segmented.SegmentedRaftLogWorker$WriteLog.execute(SegmentedRaftLogWorker.java:477)
	at org.apache.ratis.server.raftlog.segmented.SegmentedRaftLogWorker.run(SegmentedRaftLogWorker.java:289)
	at java.lang.Thread.run(Thread.java:748)
Caused by: java.util.concurrent.TimeoutException
	at java.util.concurrent.CompletableFuture.timedGet(CompletableFuture.java:1771)
	at java.util.concurrent.CompletableFuture.get(CompletableFuture.java:1915)
	at org.apache.ratis.util.IOUtils.getFromFuture(IOUtils.java:79)
	... 4 more
2019-09-17 10:14:45,163 [1303f52d-d2af-4d51-a297-b30474c81d0b@group-C922F90D4541-SegmentedRaftLogWorker] WARN  segmented.SegmentedRaftLogWorker (SegmentedRaftLogWorker.java:getFromFuture(90)) - Timeout 1/~
org.apache.ratis.protocol.TimeoutIOException: Timeout 10s: WriteLog:32: (t:2, i:32), STATEMACHINELOGENTRY, client-66C77A4C703B, cid=64-writeStateMachineData
	at org.apache.ratis.util.IOUtils.getFromFuture(IOUtils.java:87)
	at org.apache.ratis.server.raftlog.segmented.SegmentedRaftLogWorker$StateMachineDataPolicy.getFromFuture(SegmentedRaftLogWorker.java:87)
	at org.apache.ratis.server.raftlog.segmented.SegmentedRaftLogWorker$WriteLog.execute(SegmentedRaftLogWorker.java:477)
	at org.apache.ratis.server.raftlog.segmented.SegmentedRaftLogWorker.run(SegmentedRaftLogWorker.java:289)
	at java.lang.Thread.run(Thread.java:748)
Caused by: java.util.concurrent.TimeoutException
	at java.util.concurrent.CompletableFuture.timedGet(CompletableFuture.java:1771)
	at java.util.concurrent.CompletableFuture.get(CompletableFuture.java:1915)
	at org.apache.ratis.util.IOUtils.getFromFuture(IOUtils.java:79)
	... 4 more
2019-09-17 10:14:45,176 [java.util.concurrent.ThreadPoolExecutor$Worker@44112706[State = -1, empty queue]] WARN  server.GrpcLogAppender (GrpcLogAppender.java:timeoutAppendRequest(200)) - 1d843e0b-d448-4c1d-904a-b8b79ddf8dfc@group-C922F90D4541->1303f52d-d2af-4d51-a297-b30474c81d0b-GrpcLogAppender: appendEntries Timeout, request=1d843e0b-d448-4c1d-904a-b8b79ddf8dfc->1303f52d-d2af-4d51-a297-b30474c81d0b#164-t2, previous=(t:2, i:35), leaderCommit=31, initializing? false, entries: <empty>
2019-09-17 10:14:45,176 [java.util.concurrent.ThreadPoolExecutor$Worker@4a8ecabd[State = -1, empty queue]] WARN  server.GrpcLogAppender (GrpcLogAppender.java:timeoutAppendRequest(200)) - 1d843e0b-d448-4c1d-904a-b8b79ddf8dfc@group-C922F90D4541->7be722d9-df7a-49b7-8861-987a973deb04-GrpcLogAppender: appendEntries Timeout, request=1d843e0b-d448-4c1d-904a-b8b79ddf8dfc->7be722d9-df7a-49b7-8861-987a973deb04#164-t2, previous=(t:2, i:35), leaderCommit=31, initializing? false, entries: <empty>
2019-09-17 10:14:45,204 [java.util.concurrent.ThreadPoolExecutor$Worker@1abe7d4f[State = -1, empty queue]] WARN  server.GrpcLogAppender (GrpcLogAppender.java:timeoutAppendRequest(200)) - 95d6cb39-2a6f-4d2b-8ab1-47b9e22fb0ea@group-2E14F5217065->55583e5a-eaa2-4a32-b956-442090b04083-GrpcLogAppender: appendEntries Timeout, request=95d6cb39-2a6f-4d2b-8ab1-47b9e22fb0ea->55583e5a-eaa2-4a32-b956-442090b04083#151-t2, previous=(t:2, i:20), leaderCommit=16, initializing? false, entries: <empty>
2019-09-17 10:14:45,676 [java.util.concurrent.ThreadPoolExecutor$Worker@4a8ecabd[State = -1, empty queue]] WARN  server.GrpcLogAppender (GrpcLogAppender.java:timeoutAppendRequest(200)) - 1d843e0b-d448-4c1d-904a-b8b79ddf8dfc@group-C922F90D4541->7be722d9-df7a-49b7-8861-987a973deb04-GrpcLogAppender: appendEntries Timeout, request=1d843e0b-d448-4c1d-904a-b8b79ddf8dfc->7be722d9-df7a-49b7-8861-987a973deb04#165-t2, previous=(t:2, i:35), leaderCommit=31, initializing? false, entries: <empty>
2019-09-17 10:14:45,676 [java.util.concurrent.ThreadPoolExecutor$Worker@44112706[State = -1, empty queue]] WARN  server.GrpcLogAppender (GrpcLogAppender.java:timeoutAppendRequest(200)) - 1d843e0b-d448-4c1d-904a-b8b79ddf8dfc@group-C922F90D4541->1303f52d-d2af-4d51-a297-b30474c81d0b-GrpcLogAppender: appendEntries Timeout, request=1d843e0b-d448-4c1d-904a-b8b79ddf8dfc->1303f52d-d2af-4d51-a297-b30474c81d0b#165-t2, previous=(t:2, i:35), leaderCommit=31, initializing? false, entries: <empty>
2019-09-17 10:14:45,704 [java.util.concurrent.ThreadPoolExecutor$Worker@1abe7d4f[State = -1, empty queue]] WARN  server.GrpcLogAppender (GrpcLogAppender.java:timeoutAppendRequest(200)) - 95d6cb39-2a6f-4d2b-8ab1-47b9e22fb0ea@group-2E14F5217065->55583e5a-eaa2-4a32-b956-442090b04083-GrpcLogAppender: appendEntries Timeout, request=95d6cb39-2a6f-4d2b-8ab1-47b9e22fb0ea->55583e5a-eaa2-4a32-b956-442090b04083#152-t2, previous=(t:2, i:20), leaderCommit=16, initializing? false, entries: <empty>
2019-09-17 10:14:46,177 [java.util.concurrent.ThreadPoolExecutor$Worker@4a8ecabd[State = -1, empty queue]] WARN  server.GrpcLogAppender (GrpcLogAppender.java:timeoutAppendRequest(200)) - 1d843e0b-d448-4c1d-904a-b8b79ddf8dfc@group-C922F90D4541->7be722d9-df7a-49b7-8861-987a973deb04-GrpcLogAppender: appendEntries Timeout, request=1d843e0b-d448-4c1d-904a-b8b79ddf8dfc->7be722d9-df7a-49b7-8861-987a973deb04#166-t2, previous=(t:2, i:35), leaderCommit=31, initializing? false, entries: <empty>
2019-09-17 10:14:46,177 [java.util.concurrent.ThreadPoolExecutor$Worker@44112706[State = -1, empty queue]] WARN  server.GrpcLogAppender (GrpcLogAppender.java:timeoutAppendRequest(200)) - 1d843e0b-d448-4c1d-904a-b8b79ddf8dfc@group-C922F90D4541->1303f52d-d2af-4d51-a297-b30474c81d0b-GrpcLogAppender: appendEntries Timeout, request=1d843e0b-d448-4c1d-904a-b8b79ddf8dfc->1303f52d-d2af-4d51-a297-b30474c81d0b#166-t2, previous=(t:2, i:35), leaderCommit=31, initializing? false, entries: <empty>
2019-09-17 10:14:46,205 [java.util.concurrent.ThreadPoolExecutor$Worker@1abe7d4f[State = -1, empty queue]] WARN  server.GrpcLogAppender (GrpcLogAppender.java:timeoutAppendRequest(200)) - 95d6cb39-2a6f-4d2b-8ab1-47b9e22fb0ea@group-2E14F5217065->55583e5a-eaa2-4a32-b956-442090b04083-GrpcLogAppender: appendEntries Timeout, request=95d6cb39-2a6f-4d2b-8ab1-47b9e22fb0ea->55583e5a-eaa2-4a32-b956-442090b04083#153-t2, previous=(t:2, i:20), leaderCommit=16, initializing? false, entries: <empty>
2019-09-17 10:14:46,677 [java.util.concurrent.ThreadPoolExecutor$Worker@44112706[State = -1, empty queue]] WARN  server.GrpcLogAppender (GrpcLogAppender.java:timeoutAppendRequest(200)) - 1d843e0b-d448-4c1d-904a-b8b79ddf8dfc@group-C922F90D4541->1303f52d-d2af-4d51-a297-b30474c81d0b-GrpcLogAppender: appendEntries Timeout, request=1d843e0b-d448-4c1d-904a-b8b79ddf8dfc->1303f52d-d2af-4d51-a297-b30474c81d0b#167-t2, previous=(t:2, i:35), leaderCommit=31, initializing? false, entries: <empty>
2019-09-17 10:14:46,677 [java.util.concurrent.ThreadPoolExecutor$Worker@4a8ecabd[State = -1, empty queue]] WARN  server.GrpcLogAppender (GrpcLogAppender.java:timeoutAppendRequest(200)) - 1d843e0b-d448-4c1d-904a-b8b79ddf8dfc@group-C922F90D4541->7be722d9-df7a-49b7-8861-987a973deb04-GrpcLogAppender: appendEntries Timeout, request=1d843e0b-d448-4c1d-904a-b8b79ddf8dfc->7be722d9-df7a-49b7-8861-987a973deb04#167-t2, previous=(t:2, i:35), leaderCommit=31, initializing? false, entries: <empty>
2019-09-17 10:14:46,705 [java.util.concurrent.ThreadPoolExecutor$Worker@1abe7d4f[State = -1, empty queue]] WARN  server.GrpcLogAppender (GrpcLogAppender.java:timeoutAppendRequest(200)) - 95d6cb39-2a6f-4d2b-8ab1-47b9e22fb0ea@group-2E14F5217065->55583e5a-eaa2-4a32-b956-442090b04083-GrpcLogAppender: appendEntries Timeout, request=95d6cb39-2a6f-4d2b-8ab1-47b9e22fb0ea->55583e5a-eaa2-4a32-b956-442090b04083#154-t2, previous=(t:2, i:20), leaderCommit=16, initializing? false, entries: <empty>
2019-09-17 10:14:46,811 [cd7fb81c-86a4-4055-b819-d84d71d1e03b@group-BB27F83832E4-SegmentedRaftLogWorker] WARN  segmented.SegmentedRaftLogWorker (SegmentedRaftLogWorker.java:getFromFuture(90)) - Timeout 6/~
org.apache.ratis.protocol.TimeoutIOException: Timeout 10s: WriteLog:19: (t:2, i:19), STATEMACHINELOGENTRY, client-DD787AC5056F, cid=30-writeStateMachineData
	at org.apache.ratis.util.IOUtils.getFromFuture(IOUtils.java:87)
	at org.apache.ratis.server.raftlog.segmented.SegmentedRaftLogWorker$StateMachineDataPolicy.getFromFuture(SegmentedRaftLogWorker.java:87)
	at org.apache.ratis.server.raftlog.segmented.SegmentedRaftLogWorker$WriteLog.execute(SegmentedRaftLogWorker.java:477)
	at org.apache.ratis.server.raftlog.segmented.SegmentedRaftLogWorker.run(SegmentedRaftLogWorker.java:289)
	at java.lang.Thread.run(Thread.java:748)
Caused by: java.util.concurrent.TimeoutException
	at java.util.concurrent.CompletableFuture.timedGet(CompletableFuture.java:1771)
	at java.util.concurrent.CompletableFuture.get(CompletableFuture.java:1915)
	at org.apache.ratis.util.IOUtils.getFromFuture(IOUtils.java:79)
	... 4 more
2019-09-17 10:14:47,177 [java.util.concurrent.ThreadPoolExecutor$Worker@44112706[State = -1, empty queue]] WARN  server.GrpcLogAppender (GrpcLogAppender.java:timeoutAppendRequest(200)) - 1d843e0b-d448-4c1d-904a-b8b79ddf8dfc@group-C922F90D4541->1303f52d-d2af-4d51-a297-b30474c81d0b-GrpcLogAppender: appendEntries Timeout, request=1d843e0b-d448-4c1d-904a-b8b79ddf8dfc->1303f52d-d2af-4d51-a297-b30474c81d0b#168-t2, previous=(t:2, i:35), leaderCommit=31, initializing? false, entries: <empty>
2019-09-17 10:14:47,177 [java.util.concurrent.ThreadPoolExecutor$Worker@4a8ecabd[State = -1, empty queue]] WARN  server.GrpcLogAppender (GrpcLogAppender.java:timeoutAppendRequest(200)) - 1d843e0b-d448-4c1d-904a-b8b79ddf8dfc@group-C922F90D4541->7be722d9-df7a-49b7-8861-987a973deb04-GrpcLogAppender: appendEntries Timeout, request=1d843e0b-d448-4c1d-904a-b8b79ddf8dfc->7be722d9-df7a-49b7-8861-987a973deb04#168-t2, previous=(t:2, i:35), leaderCommit=31, initializing? false, entries: <empty>
2019-09-17 10:14:47,205 [java.util.concurrent.ThreadPoolExecutor$Worker@1abe7d4f[State = -1, empty queue]] WARN  server.GrpcLogAppender (GrpcLogAppender.java:timeoutAppendRequest(200)) - 95d6cb39-2a6f-4d2b-8ab1-47b9e22fb0ea@group-2E14F5217065->55583e5a-eaa2-4a32-b956-442090b04083-GrpcLogAppender: appendEntries Timeout, request=95d6cb39-2a6f-4d2b-8ab1-47b9e22fb0ea->55583e5a-eaa2-4a32-b956-442090b04083#155-t2, previous=(t:2, i:20), leaderCommit=16, initializing? false, entries: <empty>
2019-09-17 10:14:47,677 [java.util.concurrent.ThreadPoolExecutor$Worker@44112706[State = -1, empty queue]] WARN  server.GrpcLogAppender (GrpcLogAppender.java:timeoutAppendRequest(200)) - 1d843e0b-d448-4c1d-904a-b8b79ddf8dfc@group-C922F90D4541->1303f52d-d2af-4d51-a297-b30474c81d0b-GrpcLogAppender: appendEntries Timeout, request=1d843e0b-d448-4c1d-904a-b8b79ddf8dfc->1303f52d-d2af-4d51-a297-b30474c81d0b#169-t2, previous=(t:2, i:35), leaderCommit=31, initializing? false, entries: <empty>
2019-09-17 10:14:47,677 [java.util.concurrent.ThreadPoolExecutor$Worker@4a8ecabd[State = -1, empty queue]] WARN  server.GrpcLogAppender (GrpcLogAppender.java:timeoutAppendRequest(200)) - 1d843e0b-d448-4c1d-904a-b8b79ddf8dfc@group-C922F90D4541->7be722d9-df7a-49b7-8861-987a973deb04-GrpcLogAppender: appendEntries Timeout, request=1d843e0b-d448-4c1d-904a-b8b79ddf8dfc->7be722d9-df7a-49b7-8861-987a973deb04#169-t2, previous=(t:2, i:35), leaderCommit=31, initializing? false, entries: <empty>
2019-09-17 10:14:47,705 [java.util.concurrent.ThreadPoolExecutor$Worker@1abe7d4f[State = -1, empty queue]] WARN  server.GrpcLogAppender (GrpcLogAppender.java:timeoutAppendRequest(200)) - 95d6cb39-2a6f-4d2b-8ab1-47b9e22fb0ea@group-2E14F5217065->55583e5a-eaa2-4a32-b956-442090b04083-GrpcLogAppender: appendEntries Timeout, request=95d6cb39-2a6f-4d2b-8ab1-47b9e22fb0ea->55583e5a-eaa2-4a32-b956-442090b04083#156-t2, previous=(t:2, i:20), leaderCommit=16, initializing? false, entries: <empty>
2019-09-17 10:14:48,178 [java.util.concurrent.ThreadPoolExecutor$Worker@4a8ecabd[State = -1, empty queue]] WARN  server.GrpcLogAppender (GrpcLogAppender.java:timeoutAppendRequest(200)) - 1d843e0b-d448-4c1d-904a-b8b79ddf8dfc@group-C922F90D4541->7be722d9-df7a-49b7-8861-987a973deb04-GrpcLogAppender: appendEntries Timeout, request=1d843e0b-d448-4c1d-904a-b8b79ddf8dfc->7be722d9-df7a-49b7-8861-987a973deb04#170-t2, previous=(t:2, i:35), leaderCommit=31, initializing? false, entries: <empty>
2019-09-17 10:14:48,178 [java.util.concurrent.ThreadPoolExecutor$Worker@44112706[State = -1, empty queue]] WARN  server.GrpcLogAppender (GrpcLogAppender.java:timeoutAppendRequest(200)) - 1d843e0b-d448-4c1d-904a-b8b79ddf8dfc@group-C922F90D4541->1303f52d-d2af-4d51-a297-b30474c81d0b-GrpcLogAppender: appendEntries Timeout, request=1d843e0b-d448-4c1d-904a-b8b79ddf8dfc->1303f52d-d2af-4d51-a297-b30474c81d0b#170-t2, previous=(t:2, i:35), leaderCommit=31, initializing? false, entries: <empty>
2019-09-17 10:14:48,205 [java.util.concurrent.ThreadPoolExecutor$Worker@1abe7d4f[State = -1, empty queue]] WARN  server.GrpcLogAppender (GrpcLogAppender.java:timeoutAppendRequest(200)) - 95d6cb39-2a6f-4d2b-8ab1-47b9e22fb0ea@group-2E14F5217065->55583e5a-eaa2-4a32-b956-442090b04083-GrpcLogAppender: appendEntries Timeout, request=95d6cb39-2a6f-4d2b-8ab1-47b9e22fb0ea->55583e5a-eaa2-4a32-b956-442090b04083#157-t2, previous=(t:2, i:20), leaderCommit=16, initializing? false, entries: <empty>
2019-09-17 10:14:48,391 [main] INFO  ozoneimpl.OzoneContainer (OzoneContainer.java:stop(231)) - Attempting to stop container services.
2019-09-17 10:14:48,391 [ForkJoinPool.commonPool-worker-0] INFO  ozoneimpl.OzoneContainer (OzoneContainer.java:stop(231)) - Attempting to stop container services.
2019-09-17 10:14:48,394 [main] INFO  impl.RaftServerProxy (RaftServerProxy.java:lambda$close$4(314)) - 55583e5a-eaa2-4a32-b956-442090b04083: close
2019-09-17 10:14:48,394 [ForkJoinPool.commonPool-worker-0] INFO  impl.RaftServerProxy (RaftServerProxy.java:lambda$close$4(314)) - edf8b751-283e-4d1e-80cf-a3119e9ca034: close
2019-09-17 10:14:48,394 [main] INFO  impl.RaftServerImpl (RaftServerImpl.java:lambda$shutdown$3(251)) - 55583e5a-eaa2-4a32-b956-442090b04083@group-2E14F5217065: shutdown
2019-09-17 10:14:48,394 [ForkJoinPool.commonPool-worker-0] INFO  impl.RaftServerImpl (RaftServerImpl.java:lambda$shutdown$3(251)) - edf8b751-283e-4d1e-80cf-a3119e9ca034@group-F65FF930375C: shutdown
2019-09-17 10:14:48,395 [main] INFO  util.JmxRegister (JmxRegister.java:unregister(73)) - Successfully un-registered JMX Bean with object name Ratis:service=RaftServer,group=group-2E14F5217065,id=55583e5a-eaa2-4a32-b956-442090b04083
2019-09-17 10:14:48,395 [ForkJoinPool.commonPool-worker-0] INFO  util.JmxRegister (JmxRegister.java:unregister(73)) - Successfully un-registered JMX Bean with object name Ratis:service=RaftServer,group=group-F65FF930375C,id=edf8b751-283e-4d1e-80cf-a3119e9ca034
2019-09-17 10:14:48,396 [main] INFO  impl.RoleInfo (RoleInfo.java:shutdownFollowerState(121)) - 55583e5a-eaa2-4a32-b956-442090b04083: shutdown FollowerState
2019-09-17 10:14:48,396 [ForkJoinPool.commonPool-worker-0] INFO  impl.RoleInfo (RoleInfo.java:shutdownLeaderState(104)) - edf8b751-283e-4d1e-80cf-a3119e9ca034: shutdown LeaderState
2019-09-17 10:14:48,397 [Thread-431] INFO  impl.FollowerState (FollowerState.java:run(115)) - 55583e5a-eaa2-4a32-b956-442090b04083: FollowerState was interrupted: java.lang.InterruptedException: sleep interrupted
2019-09-17 10:14:48,396 [main] INFO  impl.StateMachineUpdater (StateMachineUpdater.java:stopAndJoin(125)) - 55583e5a-eaa2-4a32-b956-442090b04083@group-2E14F5217065-StateMachineUpdater: set stopIndex = 16
2019-09-17 10:14:48,407 [ForkJoinPool.commonPool-worker-0] INFO  impl.PendingRequests (PendingRequests.java:sendNotLeaderResponses(202)) - edf8b751-283e-4d1e-80cf-a3119e9ca034-PendingRequests: sendNotLeaderResponses
2019-09-17 10:14:48,397 [55583e5a-eaa2-4a32-b956-442090b04083@group-2E14F5217065-StateMachineUpdater] INFO  ratis.ContainerStateMachine (ContainerStateMachine.java:takeSnapshot(289)) - group-2E14F5217065: Taking a snapshot at:(t:2, i:12) file /workdir/hadoop-ozone/integration-test/target/test-dir/MiniOzoneClusterImpl-79292457-8b46-4756-affc-c3b1963f1051/datanode-5/data/ratis/29db28c8-f8cf-4658-9604-2e14f5217065/sm/snapshot.2_12
2019-09-17 10:14:48,408 [ForkJoinPool.commonPool-worker-0] INFO  impl.StateMachineUpdater (StateMachineUpdater.java:stopAndJoin(125)) - edf8b751-283e-4d1e-80cf-a3119e9ca034@group-F65FF930375C-StateMachineUpdater: set stopIndex = 0
2019-09-17 10:14:48,408 [ForkJoinPool.commonPool-worker-0] INFO  impl.RaftServerImpl (ServerState.java:close(385)) - edf8b751-283e-4d1e-80cf-a3119e9ca034@group-F65FF930375C: closes. applyIndex: 0
2019-09-17 10:14:48,409 [edf8b751-283e-4d1e-80cf-a3119e9ca034@group-F65FF930375C-SegmentedRaftLogWorker] INFO  segmented.SegmentedRaftLogWorker (SegmentedRaftLogWorker.java:run(313)) - edf8b751-283e-4d1e-80cf-a3119e9ca034@group-F65FF930375C-SegmentedRaftLogWorker was interrupted, exiting. There are 0 tasks remaining in the queue.
2019-09-17 10:14:48,427 [ForkJoinPool.commonPool-worker-0] INFO  segmented.SegmentedRaftLogWorker (SegmentedRaftLogWorker.java:close(228)) - edf8b751-283e-4d1e-80cf-a3119e9ca034@group-F65FF930375C-SegmentedRaftLogWorker close()
2019-09-17 10:14:48,432 [55583e5a-eaa2-4a32-b956-442090b04083@group-2E14F5217065-StateMachineUpdater] INFO  ratis.ContainerStateMachine (ContainerStateMachine.java:takeSnapshot(300)) - group-2E14F5217065: Finished taking a snapshot at:(t:2, i:12) file:/workdir/hadoop-ozone/integration-test/target/test-dir/MiniOzoneClusterImpl-79292457-8b46-4756-affc-c3b1963f1051/datanode-5/data/ratis/29db28c8-f8cf-4658-9604-2e14f5217065/sm/snapshot.2_12 time:35
2019-09-17 10:14:48,432 [55583e5a-eaa2-4a32-b956-442090b04083@group-2E14F5217065-StateMachineUpdater] INFO  impl.StateMachineUpdater (StateMachineUpdater.java:takeSnapshot(258)) - 55583e5a-eaa2-4a32-b956-442090b04083@group-2E14F5217065-StateMachineUpdater: Took a snapshot at index 12
2019-09-17 10:14:48,432 [ForkJoinPool.commonPool-worker-0] INFO  server.GrpcService (GrpcService.java:closeImpl(164)) - edf8b751-283e-4d1e-80cf-a3119e9ca034: shutdown server with port 37082 now
2019-09-17 10:14:48,432 [55583e5a-eaa2-4a32-b956-442090b04083@group-2E14F5217065-StateMachineUpdater] INFO  impl.StateMachineUpdater (StateMachineUpdater.java:lambda$new$0(83)) - 55583e5a-eaa2-4a32-b956-442090b04083@group-2E14F5217065-StateMachineUpdater: snapshotIndex: updateIncreasingly -1 -> 12
2019-09-17 10:14:48,433 [55583e5a-eaa2-4a32-b956-442090b04083@group-2E14F5217065-StateMachineUpdater] INFO  ratis.ContainerStateMachine (ContainerStateMachine.java:takeSnapshot(289)) - group-2E14F5217065: Taking a snapshot at:(t:2, i:12) file /workdir/hadoop-ozone/integration-test/target/test-dir/MiniOzoneClusterImpl-79292457-8b46-4756-affc-c3b1963f1051/datanode-5/data/ratis/29db28c8-f8cf-4658-9604-2e14f5217065/sm/snapshot.2_12
2019-09-17 10:14:48,435 [ForkJoinPool.commonPool-worker-0] INFO  server.GrpcService (GrpcService.java:closeImpl(172)) - edf8b751-283e-4d1e-80cf-a3119e9ca034: shutdown server with port 37082 successfully
2019-09-17 10:14:48,440 [refreshUsed-/workdir/hadoop-ozone/integration-test/target/test-dir/MiniOzoneClusterImpl-79292457-8b46-4756-affc-c3b1963f1051/datanode-2/data/containers] WARN  fs.CachingGetSpaceUsed (CachingGetSpaceUsed.java:run(183)) - Thread Interrupted waiting to refresh disk information: sleep interrupted
2019-09-17 10:14:48,447 [55583e5a-eaa2-4a32-b956-442090b04083@group-2E14F5217065-StateMachineUpdater] INFO  ratis.ContainerStateMachine (ContainerStateMachine.java:takeSnapshot(300)) - group-2E14F5217065: Finished taking a snapshot at:(t:2, i:12) file:/workdir/hadoop-ozone/integration-test/target/test-dir/MiniOzoneClusterImpl-79292457-8b46-4756-affc-c3b1963f1051/datanode-5/data/ratis/29db28c8-f8cf-4658-9604-2e14f5217065/sm/snapshot.2_12 time:15
2019-09-17 10:14:48,448 [55583e5a-eaa2-4a32-b956-442090b04083@group-2E14F5217065-StateMachineUpdater] INFO  impl.StateMachineUpdater (StateMachineUpdater.java:takeSnapshot(258)) - 55583e5a-eaa2-4a32-b956-442090b04083@group-2E14F5217065-StateMachineUpdater: Took a snapshot at index 12
2019-09-17 10:14:48,448 [55583e5a-eaa2-4a32-b956-442090b04083@group-2E14F5217065-StateMachineUpdater] INFO  impl.StateMachineUpdater (StateMachineUpdater.java:lambda$new$0(83)) - 55583e5a-eaa2-4a32-b956-442090b04083@group-2E14F5217065-StateMachineUpdater: snapshotIndex: updateIncreasingly 12 -> 12
2019-09-17 10:14:48,448 [main] INFO  impl.RaftServerImpl (ServerState.java:close(385)) - 55583e5a-eaa2-4a32-b956-442090b04083@group-2E14F5217065: closes. applyIndex: 16
2019-09-17 10:14:48,451 [55583e5a-eaa2-4a32-b956-442090b04083@group-2E14F5217065-SegmentedRaftLogWorker] ERROR ratis.XceiverServerRatis (XceiverServerRatis.java:triggerPipelineClose(568)) - pipeline Action CLOSE  on pipeline PipelineID=29db28c8-f8cf-4658-9604-2e14f5217065.Reason : WriteLog:17: (t:2, i:17), STATEMACHINELOGENTRY, client-4B6CA9A66071, cid=51-writeStateMachineData interrupted.
2019-09-17 10:14:48,453 [main] INFO  segmented.SegmentedRaftLogWorker (SegmentedRaftLogWorker.java:close(228)) - 55583e5a-eaa2-4a32-b956-442090b04083@group-2E14F5217065-SegmentedRaftLogWorker close()
2019-09-17 10:14:48,457 [main] INFO  impl.RaftServerImpl (RaftServerImpl.java:lambda$shutdown$3(251)) - 55583e5a-eaa2-4a32-b956-442090b04083@group-9E7FA5046B46: shutdown
2019-09-17 10:14:48,457 [main] INFO  util.JmxRegister (JmxRegister.java:unregister(73)) - Successfully un-registered JMX Bean with object name Ratis:service=RaftServer,group=group-9E7FA5046B46,id=55583e5a-eaa2-4a32-b956-442090b04083
2019-09-17 10:14:48,458 [main] INFO  impl.RoleInfo (RoleInfo.java:shutdownLeaderState(104)) - 55583e5a-eaa2-4a32-b956-442090b04083: shutdown LeaderState
2019-09-17 10:14:48,458 [main] INFO  impl.PendingRequests (PendingRequests.java:sendNotLeaderResponses(202)) - 55583e5a-eaa2-4a32-b956-442090b04083-PendingRequests: sendNotLeaderResponses
2019-09-17 10:14:48,459 [main] INFO  impl.StateMachineUpdater (StateMachineUpdater.java:stopAndJoin(125)) - 55583e5a-eaa2-4a32-b956-442090b04083@group-9E7FA5046B46-StateMachineUpdater: set stopIndex = 0
2019-09-17 10:14:48,459 [main] INFO  impl.RaftServerImpl (ServerState.java:close(385)) - 55583e5a-eaa2-4a32-b956-442090b04083@group-9E7FA5046B46: closes. applyIndex: 0
2019-09-17 10:14:48,459 [55583e5a-eaa2-4a32-b956-442090b04083@group-9E7FA5046B46-SegmentedRaftLogWorker] INFO  segmented.SegmentedRaftLogWorker (SegmentedRaftLogWorker.java:run(313)) - 55583e5a-eaa2-4a32-b956-442090b04083@group-9E7FA5046B46-SegmentedRaftLogWorker was interrupted, exiting. There are 0 tasks remaining in the queue.
2019-09-17 10:14:48,462 [main] INFO  segmented.SegmentedRaftLogWorker (SegmentedRaftLogWorker.java:close(228)) - 55583e5a-eaa2-4a32-b956-442090b04083@group-9E7FA5046B46-SegmentedRaftLogWorker close()
2019-09-17 10:14:48,466 [main] INFO  server.GrpcService (GrpcService.java:closeImpl(164)) - 55583e5a-eaa2-4a32-b956-442090b04083: shutdown server with port 42551 now
2019-09-17 10:14:48,467 [grpc-default-executor-8] WARN  server.GrpcServerProtocolService (LogUtils.java:warn(134)) - 55583e5a-eaa2-4a32-b956-442090b04083: installSnapshot onError, lastRequest: 95d6cb39-2a6f-4d2b-8ab1-47b9e22fb0ea->55583e5a-eaa2-4a32-b956-442090b04083#163-t2, previous=(t:2, i:20), leaderCommit=16, initializing? false, entries: <empty>: org.apache.ratis.thirdparty.io.grpc.StatusRuntimeException: CANCELLED: cancelled before receiving half close
2019-09-17 10:14:48,468 [main] INFO  server.GrpcService (GrpcService.java:closeImpl(172)) - 55583e5a-eaa2-4a32-b956-442090b04083: shutdown server with port 42551 successfully
2019-09-17 10:14:48,468 [grpc-default-executor-17] WARN  server.GrpcLogAppender (LogUtils.java:warn(134)) - 95d6cb39-2a6f-4d2b-8ab1-47b9e22fb0ea@group-2E14F5217065->55583e5a-eaa2-4a32-b956-442090b04083-AppendLogResponseHandler: Failed appendEntries: org.apache.ratis.thirdparty.io.grpc.StatusRuntimeException: CANCELLED: HTTP/2 error code: CANCEL
Received Rst Stream
2019-09-17 10:14:48,472 [grpc-default-executor-17] INFO  impl.FollowerInfo (FollowerInfo.java:lambda$new$0(51)) - 95d6cb39-2a6f-4d2b-8ab1-47b9e22fb0ea@group-2E14F5217065->55583e5a-eaa2-4a32-b956-442090b04083: nextIndex: updateUnconditionally 21 -> 17
2019-09-17 10:14:48,476 [refreshUsed-/workdir/hadoop-ozone/integration-test/target/test-dir/MiniOzoneClusterImpl-79292457-8b46-4756-affc-c3b1963f1051/datanode-5/data/containers] WARN  fs.CachingGetSpaceUsed (CachingGetSpaceUsed.java:run(183)) - Thread Interrupted waiting to refresh disk information: sleep interrupted
2019-09-17 10:14:48,489 [ForkJoinPool.commonPool-worker-0] INFO  utils.BackgroundService (BackgroundService.java:shutdown(148)) - Shutting down service BlockDeletingService
2019-09-17 10:14:48,494 [ForkJoinPool.commonPool-worker-0] INFO  statemachine.DatanodeStateMachine (DatanodeStateMachine.java:stopDaemon(395)) - Ozone container server stopped.
2019-09-17 10:14:48,501 [ForkJoinPool.commonPool-worker-0] INFO  handler.ContextHandler (ContextHandler.java:doStop(910)) - Stopped o.e.j.w.WebAppContext@4745e9c{/,null,UNAVAILABLE}{/hddsDatanode}
2019-09-17 10:14:48,502 [ForkJoinPool.commonPool-worker-0] INFO  server.AbstractConnector (AbstractConnector.java:doStop(318)) - Stopped ServerConnector@2f2bff16{HTTP/1.1,[http/1.1]}{0.0.0.0:0}
2019-09-17 10:14:48,504 [ForkJoinPool.commonPool-worker-0] INFO  handler.ContextHandler (ContextHandler.java:doStop(910)) - Stopped o.e.j.s.ServletContextHandler@4b65d9f4{/static,jar:file:/home/user/.m2/repository/org/apache/hadoop/hadoop-hdds-container-service/0.5.0-SNAPSHOT/hadoop-hdds-container-service-0.5.0-SNAPSHOT.jar!/webapps/static,UNAVAILABLE}
2019-09-17 10:14:48,506 [ForkJoinPool.commonPool-worker-0] INFO  handler.ContextHandler (ContextHandler.java:doStop(910)) - Stopped o.e.j.s.ServletContextHandler@2e66bc32{/logs,file:///workdir/hadoop-ozone/integration-test/target/log,UNAVAILABLE}
2019-09-17 10:14:48,506 [main] INFO  utils.BackgroundService (BackgroundService.java:shutdown(148)) - Shutting down service BlockDeletingService
2019-09-17 10:14:48,511 [main] INFO  statemachine.DatanodeStateMachine (DatanodeStateMachine.java:stopDaemon(395)) - Ozone container server stopped.
2019-09-17 10:14:48,512 [main] INFO  handler.ContextHandler (ContextHandler.java:doStop(910)) - Stopped o.e.j.w.WebAppContext@272ce069{/,null,UNAVAILABLE}{/hddsDatanode}
2019-09-17 10:14:48,513 [main] INFO  server.AbstractConnector (AbstractConnector.java:doStop(318)) - Stopped ServerConnector@3d7fb838{HTTP/1.1,[http/1.1]}{0.0.0.0:0}
2019-09-17 10:14:48,513 [main] INFO  handler.ContextHandler (ContextHandler.java:doStop(910)) - Stopped o.e.j.s.ServletContextHandler@117d32e{/static,jar:file:/home/user/.m2/repository/org/apache/hadoop/hadoop-hdds-container-service/0.5.0-SNAPSHOT/hadoop-hdds-container-service-0.5.0-SNAPSHOT.jar!/webapps/static,UNAVAILABLE}
2019-09-17 10:14:48,514 [main] INFO  handler.ContextHandler (ContextHandler.java:doStop(910)) - Stopped o.e.j.s.ServletContextHandler@4596f8f3{/logs,file:///workdir/hadoop-ozone/integration-test/target/log,UNAVAILABLE}
2019-09-17 10:14:48,678 [java.util.concurrent.ThreadPoolExecutor$Worker@4a8ecabd[State = -1, empty queue]] WARN  server.GrpcLogAppender (GrpcLogAppender.java:timeoutAppendRequest(200)) - 1d843e0b-d448-4c1d-904a-b8b79ddf8dfc@group-C922F90D4541->7be722d9-df7a-49b7-8861-987a973deb04-GrpcLogAppender: appendEntries Timeout, request=1d843e0b-d448-4c1d-904a-b8b79ddf8dfc->7be722d9-df7a-49b7-8861-987a973deb04#171-t2, previous=(t:2, i:35), leaderCommit=31, initializing? false, entries: <empty>
2019-09-17 10:14:48,678 [java.util.concurrent.ThreadPoolExecutor$Worker@44112706[State = -1, empty queue]] WARN  server.GrpcLogAppender (GrpcLogAppender.java:timeoutAppendRequest(200)) - 1d843e0b-d448-4c1d-904a-b8b79ddf8dfc@group-C922F90D4541->1303f52d-d2af-4d51-a297-b30474c81d0b-GrpcLogAppender: appendEntries Timeout, request=1d843e0b-d448-4c1d-904a-b8b79ddf8dfc->1303f52d-d2af-4d51-a297-b30474c81d0b#171-t2, previous=(t:2, i:35), leaderCommit=31, initializing? false, entries: <empty>
2019-09-17 10:14:48,711 [grpc-default-executor-13] WARN  server.GrpcLogAppender (LogUtils.java:warn(134)) - 95d6cb39-2a6f-4d2b-8ab1-47b9e22fb0ea@group-2E14F5217065->55583e5a-eaa2-4a32-b956-442090b04083-AppendLogResponseHandler: Failed appendEntries: org.apache.ratis.thirdparty.io.grpc.StatusRuntimeException: UNAVAILABLE: io exception
2019-09-17 10:14:48,712 [grpc-default-executor-13] INFO  impl.FollowerInfo (FollowerInfo.java:lambda$new$0(51)) - 95d6cb39-2a6f-4d2b-8ab1-47b9e22fb0ea@group-2E14F5217065->55583e5a-eaa2-4a32-b956-442090b04083: nextIndex: updateUnconditionally 17 -> 16
2019-09-17 10:14:49,178 [java.util.concurrent.ThreadPoolExecutor$Worker@44112706[State = -1, empty queue]] WARN  server.GrpcLogAppender (GrpcLogAppender.java:timeoutAppendRequest(200)) - 1d843e0b-d448-4c1d-904a-b8b79ddf8dfc@group-C922F90D4541->1303f52d-d2af-4d51-a297-b30474c81d0b-GrpcLogAppender: appendEntries Timeout, request=1d843e0b-d448-4c1d-904a-b8b79ddf8dfc->1303f52d-d2af-4d51-a297-b30474c81d0b#172-t2, previous=(t:2, i:35), leaderCommit=31, initializing? false, entries: <empty>
2019-09-17 10:14:49,178 [java.util.concurrent.ThreadPoolExecutor$Worker@4a8ecabd[State = -1, empty queue]] WARN  server.GrpcLogAppender (GrpcLogAppender.java:timeoutAppendRequest(200)) - 1d843e0b-d448-4c1d-904a-b8b79ddf8dfc@group-C922F90D4541->7be722d9-df7a-49b7-8861-987a973deb04-GrpcLogAppender: appendEntries Timeout, request=1d843e0b-d448-4c1d-904a-b8b79ddf8dfc->7be722d9-df7a-49b7-8861-987a973deb04#172-t2, previous=(t:2, i:35), leaderCommit=31, initializing? false, entries: <empty>
2019-09-17 10:14:49,211 [grpc-default-executor-13] WARN  server.GrpcLogAppender (LogUtils.java:warn(134)) - 95d6cb39-2a6f-4d2b-8ab1-47b9e22fb0ea@group-2E14F5217065->55583e5a-eaa2-4a32-b956-442090b04083-AppendLogResponseHandler: Failed appendEntries: org.apache.ratis.thirdparty.io.grpc.StatusRuntimeException: UNAVAILABLE: io exception
2019-09-17 10:14:49,212 [grpc-default-executor-13] INFO  impl.FollowerInfo (FollowerInfo.java:lambda$new$0(51)) - 95d6cb39-2a6f-4d2b-8ab1-47b9e22fb0ea@group-2E14F5217065->55583e5a-eaa2-4a32-b956-442090b04083: nextIndex: updateUnconditionally 16 -> 15
2019-09-17 10:14:49,245 [Datanode State Machine Thread - 0] INFO  statemachine.DatanodeStateMachine (DatanodeStateMachine.java:lambda$startDaemon$0(350)) - Ozone container server started.
2019-09-17 10:14:49,280 [Datanode State Machine Thread - 0] INFO  statemachine.DatanodeStateMachine (DatanodeStateMachine.java:lambda$startDaemon$0(350)) - Ozone container server started.
2019-09-17 10:14:49,678 [java.util.concurrent.ThreadPoolExecutor$Worker@4a8ecabd[State = -1, empty queue]] WARN  server.GrpcLogAppender (GrpcLogAppender.java:timeoutAppendRequest(200)) - 1d843e0b-d448-4c1d-904a-b8b79ddf8dfc@group-C922F90D4541->7be722d9-df7a-49b7-8861-987a973deb04-GrpcLogAppender: appendEntries Timeout, request=1d843e0b-d448-4c1d-904a-b8b79ddf8dfc->7be722d9-df7a-49b7-8861-987a973deb04#173-t2, previous=(t:2, i:35), leaderCommit=31, initializing? false, entries: <empty>
2019-09-17 10:14:49,678 [java.util.concurrent.ThreadPoolExecutor$Worker@44112706[State = -1, empty queue]] WARN  server.GrpcLogAppender (GrpcLogAppender.java:timeoutAppendRequest(200)) - 1d843e0b-d448-4c1d-904a-b8b79ddf8dfc@group-C922F90D4541->1303f52d-d2af-4d51-a297-b30474c81d0b-GrpcLogAppender: appendEntries Timeout, request=1d843e0b-d448-4c1d-904a-b8b79ddf8dfc->1303f52d-d2af-4d51-a297-b30474c81d0b#173-t2, previous=(t:2, i:35), leaderCommit=31, initializing? false, entries: <empty>
2019-09-17 10:14:49,713 [grpc-default-executor-17] WARN  server.GrpcLogAppender (LogUtils.java:warn(134)) - 95d6cb39-2a6f-4d2b-8ab1-47b9e22fb0ea@group-2E14F5217065->55583e5a-eaa2-4a32-b956-442090b04083-AppendLogResponseHandler: Failed appendEntries: org.apache.ratis.thirdparty.io.grpc.StatusRuntimeException: UNAVAILABLE: io exception
2019-09-17 10:14:49,713 [grpc-default-executor-17] INFO  impl.FollowerInfo (FollowerInfo.java:lambda$new$0(51)) - 95d6cb39-2a6f-4d2b-8ab1-47b9e22fb0ea@group-2E14F5217065->55583e5a-eaa2-4a32-b956-442090b04083: nextIndex: updateUnconditionally 15 -> 14
2019-09-17 10:14:50,179 [java.util.concurrent.ThreadPoolExecutor$Worker@4a8ecabd[State = -1, empty queue]] WARN  server.GrpcLogAppender (GrpcLogAppender.java:timeoutAppendRequest(200)) - 1d843e0b-d448-4c1d-904a-b8b79ddf8dfc@group-C922F90D4541->7be722d9-df7a-49b7-8861-987a973deb04-GrpcLogAppender: appendEntries Timeout, request=1d843e0b-d448-4c1d-904a-b8b79ddf8dfc->7be722d9-df7a-49b7-8861-987a973deb04#174-t2, previous=(t:2, i:35), leaderCommit=31, initializing? false, entries: <empty>
2019-09-17 10:14:50,179 [java.util.concurrent.ThreadPoolExecutor$Worker@44112706[State = -1, empty queue]] WARN  server.GrpcLogAppender (GrpcLogAppender.java:timeoutAppendRequest(200)) - 1d843e0b-d448-4c1d-904a-b8b79ddf8dfc@group-C922F90D4541->1303f52d-d2af-4d51-a297-b30474c81d0b-GrpcLogAppender: appendEntries Timeout, request=1d843e0b-d448-4c1d-904a-b8b79ddf8dfc->1303f52d-d2af-4d51-a297-b30474c81d0b#174-t2, previous=(t:2, i:35), leaderCommit=31, initializing? false, entries: <empty>
2019-09-17 10:14:50,213 [grpc-default-executor-13] WARN  server.GrpcLogAppender (LogUtils.java:warn(134)) - 95d6cb39-2a6f-4d2b-8ab1-47b9e22fb0ea@group-2E14F5217065->55583e5a-eaa2-4a32-b956-442090b04083-AppendLogResponseHandler: Failed appendEntries: org.apache.ratis.thirdparty.io.grpc.StatusRuntimeException: UNAVAILABLE: io exception
2019-09-17 10:14:50,214 [grpc-default-executor-13] INFO  impl.FollowerInfo (FollowerInfo.java:lambda$new$0(51)) - 95d6cb39-2a6f-4d2b-8ab1-47b9e22fb0ea@group-2E14F5217065->55583e5a-eaa2-4a32-b956-442090b04083: nextIndex: updateUnconditionally 14 -> 13
2019-09-17 10:14:50,679 [java.util.concurrent.ThreadPoolExecutor$Worker@44112706[State = -1, empty queue]] WARN  server.GrpcLogAppender (GrpcLogAppender.java:timeoutAppendRequest(200)) - 1d843e0b-d448-4c1d-904a-b8b79ddf8dfc@group-C922F90D4541->1303f52d-d2af-4d51-a297-b30474c81d0b-GrpcLogAppender: appendEntries Timeout, request=1d843e0b-d448-4c1d-904a-b8b79ddf8dfc->1303f52d-d2af-4d51-a297-b30474c81d0b#175-t2, previous=(t:2, i:35), leaderCommit=31, initializing? false, entries: <empty>
2019-09-17 10:14:50,679 [java.util.concurrent.ThreadPoolExecutor$Worker@4a8ecabd[State = -1, empty queue]] WARN  server.GrpcLogAppender (GrpcLogAppender.java:timeoutAppendRequest(200)) - 1d843e0b-d448-4c1d-904a-b8b79ddf8dfc@group-C922F90D4541->7be722d9-df7a-49b7-8861-987a973deb04-GrpcLogAppender: appendEntries Timeout, request=1d843e0b-d448-4c1d-904a-b8b79ddf8dfc->7be722d9-df7a-49b7-8861-987a973deb04#175-t2, previous=(t:2, i:35), leaderCommit=31, initializing? false, entries: <empty>
2019-09-17 10:14:50,714 [grpc-default-executor-17] WARN  server.GrpcLogAppender (LogUtils.java:warn(134)) - 95d6cb39-2a6f-4d2b-8ab1-47b9e22fb0ea@group-2E14F5217065->55583e5a-eaa2-4a32-b956-442090b04083-AppendLogResponseHandler: Failed appendEntries: org.apache.ratis.thirdparty.io.grpc.StatusRuntimeException: UNAVAILABLE: io exception
2019-09-17 10:14:50,714 [grpc-default-executor-17] INFO  impl.FollowerInfo (FollowerInfo.java:lambda$new$0(51)) - 95d6cb39-2a6f-4d2b-8ab1-47b9e22fb0ea@group-2E14F5217065->55583e5a-eaa2-4a32-b956-442090b04083: nextIndex: updateUnconditionally 13 -> 12
2019-09-17 10:14:51,171 [95d6cb39-2a6f-4d2b-8ab1-47b9e22fb0ea@group-2E14F5217065-SegmentedRaftLogWorker] WARN  segmented.SegmentedRaftLogWorker (SegmentedRaftLogWorker.java:getFromFuture(90)) - Timeout 4/~
org.apache.ratis.protocol.TimeoutIOException: Timeout 10s: WriteLog:17: (t:2, i:17), STATEMACHINELOGENTRY, client-4B6CA9A66071, cid=51-writeStateMachineData
	at org.apache.ratis.util.IOUtils.getFromFuture(IOUtils.java:87)
	at org.apache.ratis.server.raftlog.segmented.SegmentedRaftLogWorker$StateMachineDataPolicy.getFromFuture(SegmentedRaftLogWorker.java:87)
	at org.apache.ratis.server.raftlog.segmented.SegmentedRaftLogWorker$WriteLog.execute(SegmentedRaftLogWorker.java:477)
	at org.apache.ratis.server.raftlog.segmented.SegmentedRaftLogWorker.run(SegmentedRaftLogWorker.java:289)
	at java.lang.Thread.run(Thread.java:748)
Caused by: java.util.concurrent.TimeoutException
	at java.util.concurrent.CompletableFuture.timedGet(CompletableFuture.java:1771)
	at java.util.concurrent.CompletableFuture.get(CompletableFuture.java:1915)
	at org.apache.ratis.util.IOUtils.getFromFuture(IOUtils.java:79)
	... 4 more
2019-09-17 10:14:51,179 [java.util.concurrent.ThreadPoolExecutor$Worker@4a8ecabd[State = -1, empty queue]] WARN  server.GrpcLogAppender (GrpcLogAppender.java:timeoutAppendRequest(200)) - 1d843e0b-d448-4c1d-904a-b8b79ddf8dfc@group-C922F90D4541->7be722d9-df7a-49b7-8861-987a973deb04-GrpcLogAppender: appendEntries Timeout, request=1d843e0b-d448-4c1d-904a-b8b79ddf8dfc->7be722d9-df7a-49b7-8861-987a973deb04#176-t2, previous=(t:2, i:35), leaderCommit=31, initializing? false, entries: <empty>
2019-09-17 10:14:51,179 [java.util.concurrent.ThreadPoolExecutor$Worker@44112706[State = -1, empty queue]] WARN  server.GrpcLogAppender (GrpcLogAppender.java:timeoutAppendRequest(200)) - 1d843e0b-d448-4c1d-904a-b8b79ddf8dfc@group-C922F90D4541->1303f52d-d2af-4d51-a297-b30474c81d0b-GrpcLogAppender: appendEntries Timeout, request=1d843e0b-d448-4c1d-904a-b8b79ddf8dfc->1303f52d-d2af-4d51-a297-b30474c81d0b#176-t2, previous=(t:2, i:35), leaderCommit=31, initializing? false, entries: <empty>
2019-09-17 10:14:51,216 [grpc-default-executor-13] WARN  server.GrpcLogAppender (LogUtils.java:warn(134)) - 95d6cb39-2a6f-4d2b-8ab1-47b9e22fb0ea@group-2E14F5217065->55583e5a-eaa2-4a32-b956-442090b04083-AppendLogResponseHandler: Failed appendEntries: org.apache.ratis.thirdparty.io.grpc.StatusRuntimeException: UNAVAILABLE: io exception
2019-09-17 10:14:51,217 [grpc-default-executor-13] INFO  impl.FollowerInfo (FollowerInfo.java:lambda$new$0(51)) - 95d6cb39-2a6f-4d2b-8ab1-47b9e22fb0ea@group-2E14F5217065->55583e5a-eaa2-4a32-b956-442090b04083: nextIndex: updateUnconditionally 12 -> 11
2019-09-17 10:14:51,680 [java.util.concurrent.ThreadPoolExecutor$Worker@4a8ecabd[State = -1, empty queue]] WARN  server.GrpcLogAppender (GrpcLogAppender.java:timeoutAppendRequest(200)) - 1d843e0b-d448-4c1d-904a-b8b79ddf8dfc@group-C922F90D4541->7be722d9-df7a-49b7-8861-987a973deb04-GrpcLogAppender: appendEntries Timeout, request=1d843e0b-d448-4c1d-904a-b8b79ddf8dfc->7be722d9-df7a-49b7-8861-987a973deb04#177-t2, previous=(t:2, i:35), leaderCommit=31, initializing? false, entries: <empty>
2019-09-17 10:14:51,680 [java.util.concurrent.ThreadPoolExecutor$Worker@44112706[State = -1, empty queue]] WARN  server.GrpcLogAppender (GrpcLogAppender.java:timeoutAppendRequest(200)) - 1d843e0b-d448-4c1d-904a-b8b79ddf8dfc@group-C922F90D4541->1303f52d-d2af-4d51-a297-b30474c81d0b-GrpcLogAppender: appendEntries Timeout, request=1d843e0b-d448-4c1d-904a-b8b79ddf8dfc->1303f52d-d2af-4d51-a297-b30474c81d0b#177-t2, previous=(t:2, i:35), leaderCommit=31, initializing? false, entries: <empty>
2019-09-17 10:14:51,719 [grpc-default-executor-17] WARN  server.GrpcLogAppender (LogUtils.java:warn(134)) - 95d6cb39-2a6f-4d2b-8ab1-47b9e22fb0ea@group-2E14F5217065->55583e5a-eaa2-4a32-b956-442090b04083-AppendLogResponseHandler: Failed appendEntries: org.apache.ratis.thirdparty.io.grpc.StatusRuntimeException: UNAVAILABLE: io exception
2019-09-17 10:14:51,720 [grpc-default-executor-17] INFO  impl.FollowerInfo (FollowerInfo.java:lambda$new$0(51)) - 95d6cb39-2a6f-4d2b-8ab1-47b9e22fb0ea@group-2E14F5217065->55583e5a-eaa2-4a32-b956-442090b04083: nextIndex: updateUnconditionally 11 -> 10
2019-09-17 10:14:52,180 [java.util.concurrent.ThreadPoolExecutor$Worker@44112706[State = -1, empty queue]] WARN  server.GrpcLogAppender (GrpcLogAppender.java:timeoutAppendRequest(200)) - 1d843e0b-d448-4c1d-904a-b8b79ddf8dfc@group-C922F90D4541->1303f52d-d2af-4d51-a297-b30474c81d0b-GrpcLogAppender: appendEntries Timeout, request=1d843e0b-d448-4c1d-904a-b8b79ddf8dfc->1303f52d-d2af-4d51-a297-b30474c81d0b#178-t2, previous=(t:2, i:35), leaderCommit=31, initializing? false, entries: <empty>
2019-09-17 10:14:52,180 [java.util.concurrent.ThreadPoolExecutor$Worker@4a8ecabd[State = -1, empty queue]] WARN  server.GrpcLogAppender (GrpcLogAppender.java:timeoutAppendRequest(200)) - 1d843e0b-d448-4c1d-904a-b8b79ddf8dfc@group-C922F90D4541->7be722d9-df7a-49b7-8861-987a973deb04-GrpcLogAppender: appendEntries Timeout, request=1d843e0b-d448-4c1d-904a-b8b79ddf8dfc->7be722d9-df7a-49b7-8861-987a973deb04#178-t2, previous=(t:2, i:35), leaderCommit=31, initializing? false, entries: <empty>
2019-09-17 10:14:52,218 [grpc-default-executor-13] WARN  server.GrpcLogAppender (LogUtils.java:warn(134)) - 95d6cb39-2a6f-4d2b-8ab1-47b9e22fb0ea@group-2E14F5217065->55583e5a-eaa2-4a32-b956-442090b04083-AppendLogResponseHandler: Failed appendEntries: org.apache.ratis.thirdparty.io.grpc.StatusRuntimeException: UNAVAILABLE: io exception
2019-09-17 10:14:52,219 [grpc-default-executor-13] INFO  impl.FollowerInfo (FollowerInfo.java:lambda$new$0(51)) - 95d6cb39-2a6f-4d2b-8ab1-47b9e22fb0ea@group-2E14F5217065->55583e5a-eaa2-4a32-b956-442090b04083: nextIndex: updateUnconditionally 10 -> 9
2019-09-17 10:14:52,680 [java.util.concurrent.ThreadPoolExecutor$Worker@4a8ecabd[State = -1, empty queue]] WARN  server.GrpcLogAppender (GrpcLogAppender.java:timeoutAppendRequest(200)) - 1d843e0b-d448-4c1d-904a-b8b79ddf8dfc@group-C922F90D4541->7be722d9-df7a-49b7-8861-987a973deb04-GrpcLogAppender: appendEntries Timeout, request=1d843e0b-d448-4c1d-904a-b8b79ddf8dfc->7be722d9-df7a-49b7-8861-987a973deb04#179-t2, previous=(t:2, i:35), leaderCommit=31, initializing? false, entries: <empty>
2019-09-17 10:14:52,680 [java.util.concurrent.ThreadPoolExecutor$Worker@44112706[State = -1, empty queue]] WARN  server.GrpcLogAppender (GrpcLogAppender.java:timeoutAppendRequest(200)) - 1d843e0b-d448-4c1d-904a-b8b79ddf8dfc@group-C922F90D4541->1303f52d-d2af-4d51-a297-b30474c81d0b-GrpcLogAppender: appendEntries Timeout, request=1d843e0b-d448-4c1d-904a-b8b79ddf8dfc->1303f52d-d2af-4d51-a297-b30474c81d0b#179-t2, previous=(t:2, i:35), leaderCommit=31, initializing? false, entries: <empty>
2019-09-17 10:14:52,720 [grpc-default-executor-8] WARN  server.GrpcLogAppender (LogUtils.java:warn(134)) - 95d6cb39-2a6f-4d2b-8ab1-47b9e22fb0ea@group-2E14F5217065->55583e5a-eaa2-4a32-b956-442090b04083-AppendLogResponseHandler: Failed appendEntries: org.apache.ratis.thirdparty.io.grpc.StatusRuntimeException: UNAVAILABLE: io exception
2019-09-17 10:14:52,721 [grpc-default-executor-8] INFO  impl.FollowerInfo (FollowerInfo.java:lambda$new$0(51)) - 95d6cb39-2a6f-4d2b-8ab1-47b9e22fb0ea@group-2E14F5217065->55583e5a-eaa2-4a32-b956-442090b04083: nextIndex: updateUnconditionally 9 -> 8
2019-09-17 10:14:53,181 [java.util.concurrent.ThreadPoolExecutor$Worker@4a8ecabd[State = -1, empty queue]] WARN  server.GrpcLogAppender (GrpcLogAppender.java:timeoutAppendRequest(200)) - 1d843e0b-d448-4c1d-904a-b8b79ddf8dfc@group-C922F90D4541->7be722d9-df7a-49b7-8861-987a973deb04-GrpcLogAppender: appendEntries Timeout, request=1d843e0b-d448-4c1d-904a-b8b79ddf8dfc->7be722d9-df7a-49b7-8861-987a973deb04#180-t2, previous=(t:2, i:35), leaderCommit=31, initializing? false, entries: <empty>
2019-09-17 10:14:53,181 [java.util.concurrent.ThreadPoolExecutor$Worker@44112706[State = -1, empty queue]] WARN  server.GrpcLogAppender (GrpcLogAppender.java:timeoutAppendRequest(200)) - 1d843e0b-d448-4c1d-904a-b8b79ddf8dfc@group-C922F90D4541->1303f52d-d2af-4d51-a297-b30474c81d0b-GrpcLogAppender: appendEntries Timeout, request=1d843e0b-d448-4c1d-904a-b8b79ddf8dfc->1303f52d-d2af-4d51-a297-b30474c81d0b#180-t2, previous=(t:2, i:35), leaderCommit=31, initializing? false, entries: <empty>
2019-09-17 10:14:53,222 [grpc-default-executor-17] WARN  server.GrpcLogAppender (LogUtils.java:warn(134)) - 95d6cb39-2a6f-4d2b-8ab1-47b9e22fb0ea@group-2E14F5217065->55583e5a-eaa2-4a32-b956-442090b04083-AppendLogResponseHandler: Failed appendEntries: org.apache.ratis.thirdparty.io.grpc.StatusRuntimeException: UNAVAILABLE: io exception
2019-09-17 10:14:53,223 [grpc-default-executor-17] INFO  impl.FollowerInfo (FollowerInfo.java:lambda$new$0(51)) - 95d6cb39-2a6f-4d2b-8ab1-47b9e22fb0ea@group-2E14F5217065->55583e5a-eaa2-4a32-b956-442090b04083: nextIndex: updateUnconditionally 8 -> 7
2019-09-17 10:14:53,512 [ForkJoinPool.commonPool-worker-0] INFO  ozoneimpl.OzoneContainer (OzoneContainer.java:stop(231)) - Attempting to stop container services.
2019-09-17 10:14:53,513 [ForkJoinPool.commonPool-worker-0] INFO  impl.RaftServerProxy (RaftServerProxy.java:lambda$close$4(314)) - 95d6cb39-2a6f-4d2b-8ab1-47b9e22fb0ea: close
2019-09-17 10:14:53,514 [ForkJoinPool.commonPool-worker-0] INFO  impl.RaftServerImpl (RaftServerImpl.java:lambda$shutdown$3(251)) - 95d6cb39-2a6f-4d2b-8ab1-47b9e22fb0ea@group-2E14F5217065: shutdown
2019-09-17 10:14:53,514 [ForkJoinPool.commonPool-worker-0] INFO  util.JmxRegister (JmxRegister.java:unregister(73)) - Successfully un-registered JMX Bean with object name Ratis:service=RaftServer,group=group-2E14F5217065,id=95d6cb39-2a6f-4d2b-8ab1-47b9e22fb0ea
2019-09-17 10:14:53,515 [ForkJoinPool.commonPool-worker-0] INFO  impl.RoleInfo (RoleInfo.java:shutdownLeaderState(104)) - 95d6cb39-2a6f-4d2b-8ab1-47b9e22fb0ea: shutdown LeaderState
2019-09-17 10:14:53,515 [main] INFO  ozoneimpl.OzoneContainer (OzoneContainer.java:stop(231)) - Attempting to stop container services.
2019-09-17 10:14:53,519 [ForkJoinPool.commonPool-worker-0] INFO  impl.PendingRequests (PendingRequests.java:sendNotLeaderResponses(202)) - 95d6cb39-2a6f-4d2b-8ab1-47b9e22fb0ea-PendingRequests: sendNotLeaderResponses
2019-09-17 10:14:53,519 [org.apache.ratis.server.impl.LogAppender$AppenderDaemon$$Lambda$532/325629640@2fa36914] WARN  server.GrpcLogAppender (GrpcLogAppender.java:mayWait(143)) - 95d6cb39-2a6f-4d2b-8ab1-47b9e22fb0ea@group-2E14F5217065->cc01c7d5-5dcf-4408-8cdb-fcf6ab2d1d3a-GrpcLogAppender: Wait interrupted by java.lang.InterruptedException
2019-09-17 10:14:53,519 [org.apache.ratis.server.impl.LogAppender$AppenderDaemon$$Lambda$532/325629640@3dc9e85] WARN  server.GrpcLogAppender (GrpcLogAppender.java:mayWait(143)) - 95d6cb39-2a6f-4d2b-8ab1-47b9e22fb0ea@group-2E14F5217065->55583e5a-eaa2-4a32-b956-442090b04083-GrpcLogAppender: Wait interrupted by java.lang.InterruptedException
2019-09-17 10:14:53,520 [main] INFO  impl.RaftServerProxy (RaftServerProxy.java:lambda$close$4(314)) - 1303f52d-d2af-4d51-a297-b30474c81d0b: close
2019-09-17 10:14:53,521 [main] INFO  impl.RaftServerImpl (RaftServerImpl.java:lambda$shutdown$3(251)) - 1303f52d-d2af-4d51-a297-b30474c81d0b@group-971C11223AD4: shutdown
2019-09-17 10:14:53,521 [main] INFO  util.JmxRegister (JmxRegister.java:unregister(73)) - Successfully un-registered JMX Bean with object name Ratis:service=RaftServer,group=group-971C11223AD4,id=1303f52d-d2af-4d51-a297-b30474c81d0b
2019-09-17 10:14:53,522 [main] INFO  impl.RoleInfo (RoleInfo.java:shutdownLeaderState(104)) - 1303f52d-d2af-4d51-a297-b30474c81d0b: shutdown LeaderState
2019-09-17 10:14:53,522 [main] INFO  impl.PendingRequests (PendingRequests.java:sendNotLeaderResponses(202)) - 1303f52d-d2af-4d51-a297-b30474c81d0b-PendingRequests: sendNotLeaderResponses
2019-09-17 10:14:53,523 [grpc-default-executor-17] INFO  server.GrpcServerProtocolService (GrpcServerProtocolService.java:onCompleted(113)) - cc01c7d5-5dcf-4408-8cdb-fcf6ab2d1d3a: Completed APPEND_ENTRIES, lastRequest: 95d6cb39-2a6f-4d2b-8ab1-47b9e22fb0ea->cc01c7d5-5dcf-4408-8cdb-fcf6ab2d1d3a#172-t2, previous=(t:2, i:20), leaderCommit=16, initializing? false, entries: <empty>
2019-09-17 10:14:53,526 [ForkJoinPool.commonPool-worker-0] INFO  impl.StateMachineUpdater (StateMachineUpdater.java:stopAndJoin(125)) - 95d6cb39-2a6f-4d2b-8ab1-47b9e22fb0ea@group-2E14F5217065-StateMachineUpdater: set stopIndex = 16
2019-09-17 10:14:53,526 [main] INFO  impl.StateMachineUpdater (StateMachineUpdater.java:stopAndJoin(125)) - 1303f52d-d2af-4d51-a297-b30474c81d0b@group-971C11223AD4-StateMachineUpdater: set stopIndex = 0
2019-09-17 10:14:53,526 [95d6cb39-2a6f-4d2b-8ab1-47b9e22fb0ea@group-2E14F5217065-StateMachineUpdater] INFO  ratis.ContainerStateMachine (ContainerStateMachine.java:takeSnapshot(289)) - group-2E14F5217065: Taking a snapshot at:(t:2, i:14) file /workdir/hadoop-ozone/integration-test/target/test-dir/MiniOzoneClusterImpl-79292457-8b46-4756-affc-c3b1963f1051/datanode-3/data/ratis/29db28c8-f8cf-4658-9604-2e14f5217065/sm/snapshot.2_14
2019-09-17 10:14:53,527 [main] INFO  impl.RaftServerImpl (ServerState.java:close(385)) - 1303f52d-d2af-4d51-a297-b30474c81d0b@group-971C11223AD4: closes. applyIndex: 0
2019-09-17 10:14:53,527 [grpc-default-executor-17] INFO  server.GrpcLogAppender (GrpcLogAppender.java:onCompleted(293)) - 95d6cb39-2a6f-4d2b-8ab1-47b9e22fb0ea@group-2E14F5217065->cc01c7d5-5dcf-4408-8cdb-fcf6ab2d1d3a-AppendLogResponseHandler: follower responses appendEntries COMPLETED
2019-09-17 10:14:53,528 [1303f52d-d2af-4d51-a297-b30474c81d0b@group-971C11223AD4-SegmentedRaftLogWorker] INFO  segmented.SegmentedRaftLogWorker (SegmentedRaftLogWorker.java:run(313)) - 1303f52d-d2af-4d51-a297-b30474c81d0b@group-971C11223AD4-SegmentedRaftLogWorker was interrupted, exiting. There are 0 tasks remaining in the queue.
2019-09-17 10:14:53,528 [grpc-default-executor-17] INFO  impl.FollowerInfo (FollowerInfo.java:lambda$new$0(51)) - 95d6cb39-2a6f-4d2b-8ab1-47b9e22fb0ea@group-2E14F5217065->cc01c7d5-5dcf-4408-8cdb-fcf6ab2d1d3a: nextIndex: updateUnconditionally 21 -> 20
2019-09-17 10:14:53,540 [main] INFO  segmented.SegmentedRaftLogWorker (SegmentedRaftLogWorker.java:close(228)) - 1303f52d-d2af-4d51-a297-b30474c81d0b@group-971C11223AD4-SegmentedRaftLogWorker close()
2019-09-17 10:14:53,543 [95d6cb39-2a6f-4d2b-8ab1-47b9e22fb0ea@group-2E14F5217065-StateMachineUpdater] INFO  ratis.ContainerStateMachine (ContainerStateMachine.java:takeSnapshot(300)) - group-2E14F5217065: Finished taking a snapshot at:(t:2, i:14) file:/workdir/hadoop-ozone/integration-test/target/test-dir/MiniOzoneClusterImpl-79292457-8b46-4756-affc-c3b1963f1051/datanode-3/data/ratis/29db28c8-f8cf-4658-9604-2e14f5217065/sm/snapshot.2_14 time:17
2019-09-17 10:14:53,543 [main] INFO  impl.RaftServerImpl (RaftServerImpl.java:lambda$shutdown$3(251)) - 1303f52d-d2af-4d51-a297-b30474c81d0b@group-C922F90D4541: shutdown
2019-09-17 10:14:53,543 [95d6cb39-2a6f-4d2b-8ab1-47b9e22fb0ea@group-2E14F5217065-StateMachineUpdater] INFO  impl.StateMachineUpdater (StateMachineUpdater.java:takeSnapshot(258)) - 95d6cb39-2a6f-4d2b-8ab1-47b9e22fb0ea@group-2E14F5217065-StateMachineUpdater: Took a snapshot at index 14
2019-09-17 10:14:53,544 [95d6cb39-2a6f-4d2b-8ab1-47b9e22fb0ea@group-2E14F5217065-StateMachineUpdater] INFO  impl.StateMachineUpdater (StateMachineUpdater.java:lambda$new$0(83)) - 95d6cb39-2a6f-4d2b-8ab1-47b9e22fb0ea@group-2E14F5217065-StateMachineUpdater: snapshotIndex: updateIncreasingly -1 -> 14
2019-09-17 10:14:53,544 [main] INFO  util.JmxRegister (JmxRegister.java:unregister(73)) - Successfully un-registered JMX Bean with object name Ratis:service=RaftServer,group=group-C922F90D4541,id=1303f52d-d2af-4d51-a297-b30474c81d0b
2019-09-17 10:14:53,544 [95d6cb39-2a6f-4d2b-8ab1-47b9e22fb0ea@group-2E14F5217065-StateMachineUpdater] INFO  ratis.ContainerStateMachine (ContainerStateMachine.java:takeSnapshot(289)) - group-2E14F5217065: Taking a snapshot at:(t:2, i:14) file /workdir/hadoop-ozone/integration-test/target/test-dir/MiniOzoneClusterImpl-79292457-8b46-4756-affc-c3b1963f1051/datanode-3/data/ratis/29db28c8-f8cf-4658-9604-2e14f5217065/sm/snapshot.2_14
2019-09-17 10:14:53,544 [main] INFO  impl.RoleInfo (RoleInfo.java:shutdownFollowerState(121)) - 1303f52d-d2af-4d51-a297-b30474c81d0b: shutdown FollowerState
2019-09-17 10:14:53,545 [main] INFO  impl.StateMachineUpdater (StateMachineUpdater.java:stopAndJoin(125)) - 1303f52d-d2af-4d51-a297-b30474c81d0b@group-C922F90D4541-StateMachineUpdater: set stopIndex = 31
2019-09-17 10:14:53,545 [1303f52d-d2af-4d51-a297-b30474c81d0b@group-C922F90D4541-StateMachineUpdater] INFO  ratis.ContainerStateMachine (ContainerStateMachine.java:takeSnapshot(289)) - group-C922F90D4541: Taking a snapshot at:(t:2, i:29) file /workdir/hadoop-ozone/integration-test/target/test-dir/MiniOzoneClusterImpl-79292457-8b46-4756-affc-c3b1963f1051/datanode-6/data/ratis/02946cee-fb43-4ea8-8058-c922f90d4541/sm/snapshot.2_29
2019-09-17 10:14:53,545 [Thread-407] INFO  impl.FollowerState (FollowerState.java:run(115)) - 1303f52d-d2af-4d51-a297-b30474c81d0b: FollowerState was interrupted: java.lang.InterruptedException: sleep interrupted
2019-09-17 10:14:53,557 [1303f52d-d2af-4d51-a297-b30474c81d0b@group-C922F90D4541-StateMachineUpdater] INFO  ratis.ContainerStateMachine (ContainerStateMachine.java:takeSnapshot(300)) - group-C922F90D4541: Finished taking a snapshot at:(t:2, i:29) file:/workdir/hadoop-ozone/integration-test/target/test-dir/MiniOzoneClusterImpl-79292457-8b46-4756-affc-c3b1963f1051/datanode-6/data/ratis/02946cee-fb43-4ea8-8058-c922f90d4541/sm/snapshot.2_29 time:13
2019-09-17 10:14:53,557 [95d6cb39-2a6f-4d2b-8ab1-47b9e22fb0ea@group-2E14F5217065-StateMachineUpdater] INFO  ratis.ContainerStateMachine (ContainerStateMachine.java:takeSnapshot(300)) - group-2E14F5217065: Finished taking a snapshot at:(t:2, i:14) file:/workdir/hadoop-ozone/integration-test/target/test-dir/MiniOzoneClusterImpl-79292457-8b46-4756-affc-c3b1963f1051/datanode-3/data/ratis/29db28c8-f8cf-4658-9604-2e14f5217065/sm/snapshot.2_14 time:13
2019-09-17 10:14:53,557 [1303f52d-d2af-4d51-a297-b30474c81d0b@group-C922F90D4541-StateMachineUpdater] INFO  impl.StateMachineUpdater (StateMachineUpdater.java:takeSnapshot(258)) - 1303f52d-d2af-4d51-a297-b30474c81d0b@group-C922F90D4541-StateMachineUpdater: Took a snapshot at index 29
2019-09-17 10:14:53,557 [95d6cb39-2a6f-4d2b-8ab1-47b9e22fb0ea@group-2E14F5217065-StateMachineUpdater] INFO  impl.StateMachineUpdater (StateMachineUpdater.java:takeSnapshot(258)) - 95d6cb39-2a6f-4d2b-8ab1-47b9e22fb0ea@group-2E14F5217065-StateMachineUpdater: Took a snapshot at index 14
2019-09-17 10:14:53,558 [1303f52d-d2af-4d51-a297-b30474c81d0b@group-C922F90D4541-StateMachineUpdater] INFO  impl.StateMachineUpdater (StateMachineUpdater.java:lambda$new$0(83)) - 1303f52d-d2af-4d51-a297-b30474c81d0b@group-C922F90D4541-StateMachineUpdater: snapshotIndex: updateIncreasingly -1 -> 29
2019-09-17 10:14:53,558 [95d6cb39-2a6f-4d2b-8ab1-47b9e22fb0ea@group-2E14F5217065-StateMachineUpdater] INFO  impl.StateMachineUpdater (StateMachineUpdater.java:lambda$new$0(83)) - 95d6cb39-2a6f-4d2b-8ab1-47b9e22fb0ea@group-2E14F5217065-StateMachineUpdater: snapshotIndex: updateIncreasingly 14 -> 14
2019-09-17 10:14:53,558 [1303f52d-d2af-4d51-a297-b30474c81d0b@group-C922F90D4541-StateMachineUpdater] INFO  ratis.ContainerStateMachine (ContainerStateMachine.java:takeSnapshot(289)) - group-C922F90D4541: Taking a snapshot at:(t:2, i:29) file /workdir/hadoop-ozone/integration-test/target/test-dir/MiniOzoneClusterImpl-79292457-8b46-4756-affc-c3b1963f1051/datanode-6/data/ratis/02946cee-fb43-4ea8-8058-c922f90d4541/sm/snapshot.2_29
2019-09-17 10:14:53,558 [ForkJoinPool.commonPool-worker-0] INFO  impl.RaftServerImpl (ServerState.java:close(385)) - 95d6cb39-2a6f-4d2b-8ab1-47b9e22fb0ea@group-2E14F5217065: closes. applyIndex: 16
2019-09-17 10:14:53,561 [95d6cb39-2a6f-4d2b-8ab1-47b9e22fb0ea@group-2E14F5217065-SegmentedRaftLogWorker] ERROR ratis.XceiverServerRatis (XceiverServerRatis.java:triggerPipelineClose(568)) - pipeline Action CLOSE  on pipeline PipelineID=29db28c8-f8cf-4658-9604-2e14f5217065.Reason : WriteLog:17: (t:2, i:17), STATEMACHINELOGENTRY, client-4B6CA9A66071, cid=51-writeStateMachineData interrupted.
2019-09-17 10:14:53,562 [ForkJoinPool.commonPool-worker-0] INFO  segmented.SegmentedRaftLogWorker (SegmentedRaftLogWorker.java:close(228)) - 95d6cb39-2a6f-4d2b-8ab1-47b9e22fb0ea@group-2E14F5217065-SegmentedRaftLogWorker close()
2019-09-17 10:14:53,565 [ForkJoinPool.commonPool-worker-0] INFO  impl.RaftServerImpl (RaftServerImpl.java:lambda$shutdown$3(251)) - 95d6cb39-2a6f-4d2b-8ab1-47b9e22fb0ea@group-16D420F168B9: shutdown
2019-09-17 10:14:53,565 [ForkJoinPool.commonPool-worker-0] INFO  util.JmxRegister (JmxRegister.java:unregister(73)) - Successfully un-registered JMX Bean with object name Ratis:service=RaftServer,group=group-16D420F168B9,id=95d6cb39-2a6f-4d2b-8ab1-47b9e22fb0ea
2019-09-17 10:14:53,566 [ForkJoinPool.commonPool-worker-0] INFO  impl.RoleInfo (RoleInfo.java:shutdownLeaderState(104)) - 95d6cb39-2a6f-4d2b-8ab1-47b9e22fb0ea: shutdown LeaderState
2019-09-17 10:14:53,566 [ForkJoinPool.commonPool-worker-0] INFO  impl.PendingRequests (PendingRequests.java:sendNotLeaderResponses(202)) - 95d6cb39-2a6f-4d2b-8ab1-47b9e22fb0ea-PendingRequests: sendNotLeaderResponses
2019-09-17 10:14:53,566 [ForkJoinPool.commonPool-worker-0] INFO  impl.StateMachineUpdater (StateMachineUpdater.java:stopAndJoin(125)) - 95d6cb39-2a6f-4d2b-8ab1-47b9e22fb0ea@group-16D420F168B9-StateMachineUpdater: set stopIndex = 0
2019-09-17 10:14:53,568 [ForkJoinPool.commonPool-worker-0] INFO  impl.RaftServerImpl (ServerState.java:close(385)) - 95d6cb39-2a6f-4d2b-8ab1-47b9e22fb0ea@group-16D420F168B9: closes. applyIndex: 0
2019-09-17 10:14:53,568 [95d6cb39-2a6f-4d2b-8ab1-47b9e22fb0ea@group-16D420F168B9-SegmentedRaftLogWorker] INFO  segmented.SegmentedRaftLogWorker (SegmentedRaftLogWorker.java:run(313)) - 95d6cb39-2a6f-4d2b-8ab1-47b9e22fb0ea@group-16D420F168B9-SegmentedRaftLogWorker was interrupted, exiting. There are 0 tasks remaining in the queue.
2019-09-17 10:14:53,570 [ForkJoinPool.commonPool-worker-0] INFO  segmented.SegmentedRaftLogWorker (SegmentedRaftLogWorker.java:close(228)) - 95d6cb39-2a6f-4d2b-8ab1-47b9e22fb0ea@group-16D420F168B9-SegmentedRaftLogWorker close()
2019-09-17 10:14:53,573 [1303f52d-d2af-4d51-a297-b30474c81d0b@group-C922F90D4541-StateMachineUpdater] INFO  ratis.ContainerStateMachine (ContainerStateMachine.java:takeSnapshot(300)) - group-C922F90D4541: Finished taking a snapshot at:(t:2, i:29) file:/workdir/hadoop-ozone/integration-test/target/test-dir/MiniOzoneClusterImpl-79292457-8b46-4756-affc-c3b1963f1051/datanode-6/data/ratis/02946cee-fb43-4ea8-8058-c922f90d4541/sm/snapshot.2_29 time:15
2019-09-17 10:14:53,573 [ForkJoinPool.commonPool-worker-0] INFO  server.GrpcService (GrpcService.java:closeImpl(164)) - 95d6cb39-2a6f-4d2b-8ab1-47b9e22fb0ea: shutdown server with port 40405 now
2019-09-17 10:14:53,573 [1303f52d-d2af-4d51-a297-b30474c81d0b@group-C922F90D4541-StateMachineUpdater] INFO  impl.StateMachineUpdater (StateMachineUpdater.java:takeSnapshot(258)) - 1303f52d-d2af-4d51-a297-b30474c81d0b@group-C922F90D4541-StateMachineUpdater: Took a snapshot at index 29
2019-09-17 10:14:53,574 [1303f52d-d2af-4d51-a297-b30474c81d0b@group-C922F90D4541-StateMachineUpdater] INFO  impl.StateMachineUpdater (StateMachineUpdater.java:lambda$new$0(83)) - 1303f52d-d2af-4d51-a297-b30474c81d0b@group-C922F90D4541-StateMachineUpdater: snapshotIndex: updateIncreasingly 29 -> 29
2019-09-17 10:14:53,574 [main] INFO  impl.RaftServerImpl (ServerState.java:close(385)) - 1303f52d-d2af-4d51-a297-b30474c81d0b@group-C922F90D4541: closes. applyIndex: 31
2019-09-17 10:14:53,574 [ForkJoinPool.commonPool-worker-0] INFO  server.GrpcService (GrpcService.java:closeImpl(172)) - 95d6cb39-2a6f-4d2b-8ab1-47b9e22fb0ea: shutdown server with port 40405 successfully
2019-09-17 10:14:53,577 [1303f52d-d2af-4d51-a297-b30474c81d0b@group-C922F90D4541-SegmentedRaftLogWorker] ERROR ratis.XceiverServerRatis (XceiverServerRatis.java:triggerPipelineClose(568)) - pipeline Action CLOSE  on pipeline PipelineID=02946cee-fb43-4ea8-8058-c922f90d4541.Reason : WriteLog:32: (t:2, i:32), STATEMACHINELOGENTRY, client-66C77A4C703B, cid=64-writeStateMachineData interrupted.
2019-09-17 10:14:53,579 [main] INFO  segmented.SegmentedRaftLogWorker (SegmentedRaftLogWorker.java:close(228)) - 1303f52d-d2af-4d51-a297-b30474c81d0b@group-C922F90D4541-SegmentedRaftLogWorker close()
2019-09-17 10:14:53,590 [main] INFO  server.GrpcService (GrpcService.java:closeImpl(164)) - 1303f52d-d2af-4d51-a297-b30474c81d0b: shutdown server with port 45564 now
2019-09-17 10:14:53,591 [refreshUsed-/workdir/hadoop-ozone/integration-test/target/test-dir/MiniOzoneClusterImpl-79292457-8b46-4756-affc-c3b1963f1051/datanode-3/data/containers] WARN  fs.CachingGetSpaceUsed (CachingGetSpaceUsed.java:run(183)) - Thread Interrupted waiting to refresh disk information: sleep interrupted
2019-09-17 10:14:53,592 [main] INFO  server.GrpcService (GrpcService.java:closeImpl(172)) - 1303f52d-d2af-4d51-a297-b30474c81d0b: shutdown server with port 45564 successfully
2019-09-17 10:14:53,592 [grpc-default-executor-8] WARN  server.GrpcServerProtocolService (LogUtils.java:warn(134)) - 1303f52d-d2af-4d51-a297-b30474c81d0b: installSnapshot onError, lastRequest: 1d843e0b-d448-4c1d-904a-b8b79ddf8dfc->1303f52d-d2af-4d51-a297-b30474c81d0b#186-t2, previous=(t:2, i:35), leaderCommit=31, initializing? false, entries: <empty>: org.apache.ratis.thirdparty.io.grpc.StatusRuntimeException: CANCELLED: cancelled before receiving half close
2019-09-17 10:14:53,593 [grpc-default-executor-4] WARN  server.GrpcLogAppender (LogUtils.java:warn(134)) - 1d843e0b-d448-4c1d-904a-b8b79ddf8dfc@group-C922F90D4541->1303f52d-d2af-4d51-a297-b30474c81d0b-AppendLogResponseHandler: Failed appendEntries: org.apache.ratis.thirdparty.io.grpc.StatusRuntimeException: CANCELLED: HTTP/2 error code: CANCEL
Received Rst Stream
2019-09-17 10:14:53,736 [grpc-default-executor-4] INFO  impl.FollowerInfo (FollowerInfo.java:lambda$new$0(51)) - 1d843e0b-d448-4c1d-904a-b8b79ddf8dfc@group-C922F90D4541->1303f52d-d2af-4d51-a297-b30474c81d0b: nextIndex: updateUnconditionally 36 -> 32
2019-09-17 10:14:53,743 [java.util.concurrent.ThreadPoolExecutor$Worker@4a8ecabd[State = -1, empty queue]] WARN  server.GrpcLogAppender (GrpcLogAppender.java:timeoutAppendRequest(200)) - 1d843e0b-d448-4c1d-904a-b8b79ddf8dfc@group-C922F90D4541->7be722d9-df7a-49b7-8861-987a973deb04-GrpcLogAppender: appendEntries Timeout, request=1d843e0b-d448-4c1d-904a-b8b79ddf8dfc->7be722d9-df7a-49b7-8861-987a973deb04#181-t2, previous=(t:2, i:35), leaderCommit=31, initializing? false, entries: <empty>
2019-09-17 10:14:53,786 [refreshUsed-/workdir/hadoop-ozone/integration-test/target/test-dir/MiniOzoneClusterImpl-79292457-8b46-4756-affc-c3b1963f1051/datanode-6/data/containers] WARN  fs.CachingGetSpaceUsed (CachingGetSpaceUsed.java:run(183)) - Thread Interrupted waiting to refresh disk information: sleep interrupted
2019-09-17 10:14:53,801 [grpc-default-executor-17] WARN  server.GrpcLogAppender (LogUtils.java:warn(134)) - 1d843e0b-d448-4c1d-904a-b8b79ddf8dfc@group-C922F90D4541->1303f52d-d2af-4d51-a297-b30474c81d0b-AppendLogResponseHandler: Failed appendEntries: org.apache.ratis.thirdparty.io.grpc.StatusRuntimeException: UNAVAILABLE: io exception
2019-09-17 10:14:53,802 [grpc-default-executor-17] INFO  impl.FollowerInfo (FollowerInfo.java:lambda$new$0(51)) - 1d843e0b-d448-4c1d-904a-b8b79ddf8dfc@group-C922F90D4541->1303f52d-d2af-4d51-a297-b30474c81d0b: nextIndex: updateUnconditionally 32 -> 31
2019-09-17 10:14:53,821 [ForkJoinPool.commonPool-worker-0] INFO  utils.BackgroundService (BackgroundService.java:shutdown(148)) - Shutting down service BlockDeletingService
2019-09-17 10:14:53,825 [ForkJoinPool.commonPool-worker-0] INFO  statemachine.DatanodeStateMachine (DatanodeStateMachine.java:stopDaemon(395)) - Ozone container server stopped.
2019-09-17 10:14:53,830 [ForkJoinPool.commonPool-worker-0] INFO  handler.ContextHandler (ContextHandler.java:doStop(910)) - Stopped o.e.j.w.WebAppContext@7d44a19{/,null,UNAVAILABLE}{/hddsDatanode}
2019-09-17 10:14:53,831 [ForkJoinPool.commonPool-worker-0] INFO  server.AbstractConnector (AbstractConnector.java:doStop(318)) - Stopped ServerConnector@1fb2d5e{HTTP/1.1,[http/1.1]}{0.0.0.0:0}
2019-09-17 10:14:53,832 [ForkJoinPool.commonPool-worker-0] INFO  handler.ContextHandler (ContextHandler.java:doStop(910)) - Stopped o.e.j.s.ServletContextHandler@53b7ce6{/static,jar:file:/home/user/.m2/repository/org/apache/hadoop/hadoop-hdds-container-service/0.5.0-SNAPSHOT/hadoop-hdds-container-service-0.5.0-SNAPSHOT.jar!/webapps/static,UNAVAILABLE}
2019-09-17 10:14:53,834 [ForkJoinPool.commonPool-worker-0] INFO  handler.ContextHandler (ContextHandler.java:doStop(910)) - Stopped o.e.j.s.ServletContextHandler@74ecacc3{/logs,file:///workdir/hadoop-ozone/integration-test/target/log,UNAVAILABLE}
2019-09-17 10:14:53,835 [main] INFO  utils.BackgroundService (BackgroundService.java:shutdown(148)) - Shutting down service BlockDeletingService
2019-09-17 10:14:53,839 [main] INFO  statemachine.DatanodeStateMachine (DatanodeStateMachine.java:stopDaemon(395)) - Ozone container server stopped.
2019-09-17 10:14:53,841 [main] INFO  handler.ContextHandler (ContextHandler.java:doStop(910)) - Stopped o.e.j.w.WebAppContext@6e4c0d8c{/,null,UNAVAILABLE}{/hddsDatanode}
2019-09-17 10:14:53,841 [main] INFO  server.AbstractConnector (AbstractConnector.java:doStop(318)) - Stopped ServerConnector@3e3315d9{HTTP/1.1,[http/1.1]}{0.0.0.0:0}
2019-09-17 10:14:53,842 [main] INFO  handler.ContextHandler (ContextHandler.java:doStop(910)) - Stopped o.e.j.s.ServletContextHandler@3b920bdc{/static,jar:file:/home/user/.m2/repository/org/apache/hadoop/hadoop-hdds-container-service/0.5.0-SNAPSHOT/hadoop-hdds-container-service-0.5.0-SNAPSHOT.jar!/webapps/static,UNAVAILABLE}
2019-09-17 10:14:53,842 [main] INFO  handler.ContextHandler (ContextHandler.java:doStop(910)) - Stopped o.e.j.s.ServletContextHandler@1a22e0ef{/logs,file:///workdir/hadoop-ozone/integration-test/target/log,UNAVAILABLE}
2019-09-17 10:14:54,181 [java.util.concurrent.ThreadPoolExecutor$Worker@4a8ecabd[State = -1, empty queue]] WARN  server.GrpcLogAppender (GrpcLogAppender.java:timeoutAppendRequest(200)) - 1d843e0b-d448-4c1d-904a-b8b79ddf8dfc@group-C922F90D4541->7be722d9-df7a-49b7-8861-987a973deb04-GrpcLogAppender: appendEntries Timeout, request=1d843e0b-d448-4c1d-904a-b8b79ddf8dfc->7be722d9-df7a-49b7-8861-987a973deb04#182-t2, previous=(t:2, i:35), leaderCommit=31, initializing? false, entries: <empty>
2019-09-17 10:14:54,282 [Datanode State Machine Thread - 0] INFO  statemachine.DatanodeStateMachine (DatanodeStateMachine.java:lambda$startDaemon$0(350)) - Ozone container server started.
2019-09-17 10:14:54,285 [grpc-default-executor-8] WARN  server.GrpcLogAppender (LogUtils.java:warn(134)) - 1d843e0b-d448-4c1d-904a-b8b79ddf8dfc@group-C922F90D4541->1303f52d-d2af-4d51-a297-b30474c81d0b-AppendLogResponseHandler: Failed appendEntries: org.apache.ratis.thirdparty.io.grpc.StatusRuntimeException: UNAVAILABLE: io exception
2019-09-17 10:14:54,286 [grpc-default-executor-8] INFO  impl.FollowerInfo (FollowerInfo.java:lambda$new$0(51)) - 1d843e0b-d448-4c1d-904a-b8b79ddf8dfc@group-C922F90D4541->1303f52d-d2af-4d51-a297-b30474c81d0b: nextIndex: updateUnconditionally 31 -> 30
2019-09-17 10:14:54,681 [java.util.concurrent.ThreadPoolExecutor$Worker@4a8ecabd[State = -1, empty queue]] WARN  server.GrpcLogAppender (GrpcLogAppender.java:timeoutAppendRequest(200)) - 1d843e0b-d448-4c1d-904a-b8b79ddf8dfc@group-C922F90D4541->7be722d9-df7a-49b7-8861-987a973deb04-GrpcLogAppender: appendEntries Timeout, request=1d843e0b-d448-4c1d-904a-b8b79ddf8dfc->7be722d9-df7a-49b7-8861-987a973deb04#183-t2, previous=(t:2, i:35), leaderCommit=31, initializing? false, entries: <empty>
2019-09-17 10:14:54,786 [grpc-default-executor-8] WARN  server.GrpcLogAppender (LogUtils.java:warn(134)) - 1d843e0b-d448-4c1d-904a-b8b79ddf8dfc@group-C922F90D4541->1303f52d-d2af-4d51-a297-b30474c81d0b-AppendLogResponseHandler: Failed appendEntries: org.apache.ratis.thirdparty.io.grpc.StatusRuntimeException: UNAVAILABLE: io exception
2019-09-17 10:14:54,786 [grpc-default-executor-8] INFO  impl.FollowerInfo (FollowerInfo.java:lambda$new$0(51)) - 1d843e0b-d448-4c1d-904a-b8b79ddf8dfc@group-C922F90D4541->1303f52d-d2af-4d51-a297-b30474c81d0b: nextIndex: updateUnconditionally 30 -> 29
2019-09-17 10:14:54,816 [Datanode State Machine Thread - 0] INFO  statemachine.DatanodeStateMachine (DatanodeStateMachine.java:lambda$startDaemon$0(350)) - Ozone container server started.
2019-09-17 10:14:55,031 [Thread-432] INFO  impl.FollowerState (FollowerState.java:run(106)) - cc01c7d5-5dcf-4408-8cdb-fcf6ab2d1d3a:group-2E14F5217065 changes to CANDIDATE, lastRpcTime:1980, electionTimeout:1128ms
2019-09-17 10:14:55,031 [Thread-432] INFO  impl.RoleInfo (RoleInfo.java:shutdownFollowerState(121)) - cc01c7d5-5dcf-4408-8cdb-fcf6ab2d1d3a: shutdown FollowerState
2019-09-17 10:14:55,031 [Thread-432] INFO  impl.RaftServerImpl (RaftServerImpl.java:setRole(174)) - cc01c7d5-5dcf-4408-8cdb-fcf6ab2d1d3a@group-2E14F5217065: changes role from  FOLLOWER to CANDIDATE at term 2 for changeToCandidate
2019-09-17 10:14:55,032 [Thread-432] INFO  impl.RoleInfo (RoleInfo.java:updateAndGet(143)) - cc01c7d5-5dcf-4408-8cdb-fcf6ab2d1d3a: start LeaderElection
2019-09-17 10:14:55,035 [cc01c7d5-5dcf-4408-8cdb-fcf6ab2d1d3a@group-2E14F5217065:LeaderElection23] INFO  impl.RaftServerImpl (ServerState.java:setLeader(253)) - cc01c7d5-5dcf-4408-8cdb-fcf6ab2d1d3a@group-2E14F5217065: change Leader from 95d6cb39-2a6f-4d2b-8ab1-47b9e22fb0ea to null at term 2 for initElection
2019-09-17 10:14:55,061 [cc01c7d5-5dcf-4408-8cdb-fcf6ab2d1d3a@group-2E14F5217065:LeaderElection23] INFO  impl.LeaderElection (LeaderElection.java:askForVotes(182)) - cc01c7d5-5dcf-4408-8cdb-fcf6ab2d1d3a@group-2E14F5217065:LeaderElection23: begin an election at term 3 for 0: [cc01c7d5-5dcf-4408-8cdb-fcf6ab2d1d3a:192.168.34.37:38584, 95d6cb39-2a6f-4d2b-8ab1-47b9e22fb0ea:192.168.34.37:40405, 55583e5a-eaa2-4a32-b956-442090b04083:192.168.34.37:42551], old=null
2019-09-17 10:14:55,067 [cc01c7d5-5dcf-4408-8cdb-fcf6ab2d1d3a@group-2E14F5217065:LeaderElection23] INFO  impl.LeaderElection (LogUtils.java:infoOrTrace(149)) - cc01c7d5-5dcf-4408-8cdb-fcf6ab2d1d3a@group-2E14F5217065:LeaderElection23 got exception when requesting votes: {}
java.util.concurrent.ExecutionException: org.apache.ratis.thirdparty.io.grpc.StatusRuntimeException: UNAVAILABLE: io exception
	at java.util.concurrent.FutureTask.report(FutureTask.java:122)
	at java.util.concurrent.FutureTask.get(FutureTask.java:192)
	at org.apache.ratis.server.impl.LeaderElection.waitForResults(LeaderElection.java:263)
	at org.apache.ratis.server.impl.LeaderElection.askForVotes(LeaderElection.java:201)
	at org.apache.ratis.server.impl.LeaderElection.run(LeaderElection.java:133)
	at java.lang.Thread.run(Thread.java:748)
Caused by: org.apache.ratis.thirdparty.io.grpc.StatusRuntimeException: UNAVAILABLE: io exception
	at org.apache.ratis.thirdparty.io.grpc.stub.ClientCalls.toStatusRuntimeException(ClientCalls.java:233)
	at org.apache.ratis.thirdparty.io.grpc.stub.ClientCalls.getUnchecked(ClientCalls.java:214)
	at org.apache.ratis.thirdparty.io.grpc.stub.ClientCalls.blockingUnaryCall(ClientCalls.java:139)
	at org.apache.ratis.proto.grpc.RaftServerProtocolServiceGrpc$RaftServerProtocolServiceBlockingStub.requestVote(RaftServerProtocolServiceGrpc.java:265)
	at org.apache.ratis.grpc.server.GrpcServerProtocolClient.requestVote(GrpcServerProtocolClient.java:90)
	at org.apache.ratis.grpc.server.GrpcService.requestVote(GrpcService.java:204)
	at org.apache.ratis.server.impl.LeaderElection.lambda$submitRequests$1(LeaderElection.java:238)
	at java.util.concurrent.FutureTask.run(FutureTask.java:266)
	at java.util.concurrent.Executors$RunnableAdapter.call(Executors.java:511)
	at java.util.concurrent.FutureTask.run(FutureTask.java:266)
	at java.util.concurrent.ThreadPoolExecutor.runWorker(ThreadPoolExecutor.java:1149)
	at java.util.concurrent.ThreadPoolExecutor$Worker.run(ThreadPoolExecutor.java:624)
	... 1 more
Caused by: org.apache.ratis.thirdparty.io.netty.channel.AbstractChannel$AnnotatedConnectException: Connection refused: /192.168.34.37:42551
	at sun.nio.ch.SocketChannelImpl.checkConnect(Native Method)
	at sun.nio.ch.SocketChannelImpl.finishConnect(SocketChannelImpl.java:717)
	at org.apache.ratis.thirdparty.io.netty.channel.socket.nio.NioSocketChannel.doFinishConnect(NioSocketChannel.java:327)
	at org.apache.ratis.thirdparty.io.netty.channel.nio.AbstractNioChannel$AbstractNioUnsafe.finishConnect(AbstractNioChannel.java:340)
	at org.apache.ratis.thirdparty.io.netty.channel.nio.NioEventLoop.processSelectedKey(NioEventLoop.java:632)
	at org.apache.ratis.thirdparty.io.netty.channel.nio.NioEventLoop.processSelectedKeysOptimized(NioEventLoop.java:579)
	at org.apache.ratis.thirdparty.io.netty.channel.nio.NioEventLoop.processSelectedKeys(NioEventLoop.java:496)
	at org.apache.ratis.thirdparty.io.netty.channel.nio.NioEventLoop.run(NioEventLoop.java:458)
	at org.apache.ratis.thirdparty.io.netty.util.concurrent.SingleThreadEventExecutor$5.run(SingleThreadEventExecutor.java:897)
	at org.apache.ratis.thirdparty.io.netty.util.concurrent.FastThreadLocalRunnable.run(FastThreadLocalRunnable.java:30)
	... 1 more
Caused by: java.net.ConnectException: Connection refused
	... 11 more
2019-09-17 10:14:55,070 [cc01c7d5-5dcf-4408-8cdb-fcf6ab2d1d3a@group-2E14F5217065:LeaderElection23] INFO  impl.LeaderElection (LogUtils.java:infoOrTrace(149)) - cc01c7d5-5dcf-4408-8cdb-fcf6ab2d1d3a@group-2E14F5217065:LeaderElection23 got exception when requesting votes: {}
java.util.concurrent.ExecutionException: org.apache.ratis.thirdparty.io.grpc.StatusRuntimeException: UNAVAILABLE: io exception
	at java.util.concurrent.FutureTask.report(FutureTask.java:122)
	at java.util.concurrent.FutureTask.get(FutureTask.java:192)
	at org.apache.ratis.server.impl.LeaderElection.waitForResults(LeaderElection.java:263)
	at org.apache.ratis.server.impl.LeaderElection.askForVotes(LeaderElection.java:201)
	at org.apache.ratis.server.impl.LeaderElection.run(LeaderElection.java:133)
	at java.lang.Thread.run(Thread.java:748)
Caused by: org.apache.ratis.thirdparty.io.grpc.StatusRuntimeException: UNAVAILABLE: io exception
	at org.apache.ratis.thirdparty.io.grpc.stub.ClientCalls.toStatusRuntimeException(ClientCalls.java:233)
	at org.apache.ratis.thirdparty.io.grpc.stub.ClientCalls.getUnchecked(ClientCalls.java:214)
	at org.apache.ratis.thirdparty.io.grpc.stub.ClientCalls.blockingUnaryCall(ClientCalls.java:139)
	at org.apache.ratis.proto.grpc.RaftServerProtocolServiceGrpc$RaftServerProtocolServiceBlockingStub.requestVote(RaftServerProtocolServiceGrpc.java:265)
	at org.apache.ratis.grpc.server.GrpcServerProtocolClient.requestVote(GrpcServerProtocolClient.java:90)
	at org.apache.ratis.grpc.server.GrpcService.requestVote(GrpcService.java:204)
	at org.apache.ratis.server.impl.LeaderElection.lambda$submitRequests$1(LeaderElection.java:238)
	at java.util.concurrent.FutureTask.run(FutureTask.java:266)
	at java.util.concurrent.Executors$RunnableAdapter.call(Executors.java:511)
	at java.util.concurrent.FutureTask.run(FutureTask.java:266)
	at java.util.concurrent.ThreadPoolExecutor.runWorker(ThreadPoolExecutor.java:1149)
	at java.util.concurrent.ThreadPoolExecutor$Worker.run(ThreadPoolExecutor.java:624)
	... 1 more
Caused by: org.apache.ratis.thirdparty.io.netty.channel.AbstractChannel$AnnotatedConnectException: Connection refused: /192.168.34.37:40405
	at sun.nio.ch.SocketChannelImpl.checkConnect(Native Method)
	at sun.nio.ch.SocketChannelImpl.finishConnect(SocketChannelImpl.java:717)
	at org.apache.ratis.thirdparty.io.netty.channel.socket.nio.NioSocketChannel.doFinishConnect(NioSocketChannel.java:327)
	at org.apache.ratis.thirdparty.io.netty.channel.nio.AbstractNioChannel$AbstractNioUnsafe.finishConnect(AbstractNioChannel.java:340)
	at org.apache.ratis.thirdparty.io.netty.channel.nio.NioEventLoop.processSelectedKey(NioEventLoop.java:632)
	at org.apache.ratis.thirdparty.io.netty.channel.nio.NioEventLoop.processSelectedKeysOptimized(NioEventLoop.java:579)
	at org.apache.ratis.thirdparty.io.netty.channel.nio.NioEventLoop.processSelectedKeys(NioEventLoop.java:496)
	at org.apache.ratis.thirdparty.io.netty.channel.nio.NioEventLoop.run(NioEventLoop.java:458)
	at org.apache.ratis.thirdparty.io.netty.util.concurrent.SingleThreadEventExecutor$5.run(SingleThreadEventExecutor.java:897)
	at org.apache.ratis.thirdparty.io.netty.util.concurrent.FastThreadLocalRunnable.run(FastThreadLocalRunnable.java:30)
	... 1 more
Caused by: java.net.ConnectException: Connection refused
	... 11 more
2019-09-17 10:14:55,072 [cc01c7d5-5dcf-4408-8cdb-fcf6ab2d1d3a@group-2E14F5217065:LeaderElection23] INFO  impl.LeaderElection (LeaderElection.java:logAndReturn(56)) - cc01c7d5-5dcf-4408-8cdb-fcf6ab2d1d3a@group-2E14F5217065:LeaderElection23: Election REJECTED; received 0 response(s) [] and 2 exception(s); cc01c7d5-5dcf-4408-8cdb-fcf6ab2d1d3a@group-2E14F5217065:t3, leader=null, voted=cc01c7d5-5dcf-4408-8cdb-fcf6ab2d1d3a, raftlog=cc01c7d5-5dcf-4408-8cdb-fcf6ab2d1d3a@group-2E14F5217065-SegmentedRaftLog:OPENED:c16,f20,i20, conf=0: [cc01c7d5-5dcf-4408-8cdb-fcf6ab2d1d3a:192.168.34.37:38584, 95d6cb39-2a6f-4d2b-8ab1-47b9e22fb0ea:192.168.34.37:40405, 55583e5a-eaa2-4a32-b956-442090b04083:192.168.34.37:42551], old=null
2019-09-17 10:14:55,073 [cc01c7d5-5dcf-4408-8cdb-fcf6ab2d1d3a@group-2E14F5217065:LeaderElection23] INFO  impl.LeaderElection (LogUtils.java:infoOrTrace(149)) -   Exception 0: {}
java.util.concurrent.ExecutionException: org.apache.ratis.thirdparty.io.grpc.StatusRuntimeException: UNAVAILABLE: io exception
	at java.util.concurrent.FutureTask.report(FutureTask.java:122)
	at java.util.concurrent.FutureTask.get(FutureTask.java:192)
	at org.apache.ratis.server.impl.LeaderElection.waitForResults(LeaderElection.java:263)
	at org.apache.ratis.server.impl.LeaderElection.askForVotes(LeaderElection.java:201)
	at org.apache.ratis.server.impl.LeaderElection.run(LeaderElection.java:133)
	at java.lang.Thread.run(Thread.java:748)
Caused by: org.apache.ratis.thirdparty.io.grpc.StatusRuntimeException: UNAVAILABLE: io exception
	at org.apache.ratis.thirdparty.io.grpc.stub.ClientCalls.toStatusRuntimeException(ClientCalls.java:233)
	at org.apache.ratis.thirdparty.io.grpc.stub.ClientCalls.getUnchecked(ClientCalls.java:214)
	at org.apache.ratis.thirdparty.io.grpc.stub.ClientCalls.blockingUnaryCall(ClientCalls.java:139)
	at org.apache.ratis.proto.grpc.RaftServerProtocolServiceGrpc$RaftServerProtocolServiceBlockingStub.requestVote(RaftServerProtocolServiceGrpc.java:265)
	at org.apache.ratis.grpc.server.GrpcServerProtocolClient.requestVote(GrpcServerProtocolClient.java:90)
	at org.apache.ratis.grpc.server.GrpcService.requestVote(GrpcService.java:204)
	at org.apache.ratis.server.impl.LeaderElection.lambda$submitRequests$1(LeaderElection.java:238)
	at java.util.concurrent.FutureTask.run(FutureTask.java:266)
	at java.util.concurrent.Executors$RunnableAdapter.call(Executors.java:511)
	at java.util.concurrent.FutureTask.run(FutureTask.java:266)
	at java.util.concurrent.ThreadPoolExecutor.runWorker(ThreadPoolExecutor.java:1149)
	at java.util.concurrent.ThreadPoolExecutor$Worker.run(ThreadPoolExecutor.java:624)
	... 1 more
Caused by: org.apache.ratis.thirdparty.io.netty.channel.AbstractChannel$AnnotatedConnectException: Connection refused: /192.168.34.37:42551
	at sun.nio.ch.SocketChannelImpl.checkConnect(Native Method)
	at sun.nio.ch.SocketChannelImpl.finishConnect(SocketChannelImpl.java:717)
	at org.apache.ratis.thirdparty.io.netty.channel.socket.nio.NioSocketChannel.doFinishConnect(NioSocketChannel.java:327)
	at org.apache.ratis.thirdparty.io.netty.channel.nio.AbstractNioChannel$AbstractNioUnsafe.finishConnect(AbstractNioChannel.java:340)
	at org.apache.ratis.thirdparty.io.netty.channel.nio.NioEventLoop.processSelectedKey(NioEventLoop.java:632)
	at org.apache.ratis.thirdparty.io.netty.channel.nio.NioEventLoop.processSelectedKeysOptimized(NioEventLoop.java:579)
	at org.apache.ratis.thirdparty.io.netty.channel.nio.NioEventLoop.processSelectedKeys(NioEventLoop.java:496)
	at org.apache.ratis.thirdparty.io.netty.channel.nio.NioEventLoop.run(NioEventLoop.java:458)
	at org.apache.ratis.thirdparty.io.netty.util.concurrent.SingleThreadEventExecutor$5.run(SingleThreadEventExecutor.java:897)
	at org.apache.ratis.thirdparty.io.netty.util.concurrent.FastThreadLocalRunnable.run(FastThreadLocalRunnable.java:30)
	... 1 more
Caused by: java.net.ConnectException: Connection refused
	... 11 more
2019-09-17 10:14:55,074 [cc01c7d5-5dcf-4408-8cdb-fcf6ab2d1d3a@group-2E14F5217065:LeaderElection23] INFO  impl.LeaderElection (LogUtils.java:infoOrTrace(149)) -   Exception 1: {}
java.util.concurrent.ExecutionException: org.apache.ratis.thirdparty.io.grpc.StatusRuntimeException: UNAVAILABLE: io exception
	at java.util.concurrent.FutureTask.report(FutureTask.java:122)
	at java.util.concurrent.FutureTask.get(FutureTask.java:192)
	at org.apache.ratis.server.impl.LeaderElection.waitForResults(LeaderElection.java:263)
	at org.apache.ratis.server.impl.LeaderElection.askForVotes(LeaderElection.java:201)
	at org.apache.ratis.server.impl.LeaderElection.run(LeaderElection.java:133)
	at java.lang.Thread.run(Thread.java:748)
Caused by: org.apache.ratis.thirdparty.io.grpc.StatusRuntimeException: UNAVAILABLE: io exception
	at org.apache.ratis.thirdparty.io.grpc.stub.ClientCalls.toStatusRuntimeException(ClientCalls.java:233)
	at org.apache.ratis.thirdparty.io.grpc.stub.ClientCalls.getUnchecked(ClientCalls.java:214)
	at org.apache.ratis.thirdparty.io.grpc.stub.ClientCalls.blockingUnaryCall(ClientCalls.java:139)
	at org.apache.ratis.proto.grpc.RaftServerProtocolServiceGrpc$RaftServerProtocolServiceBlockingStub.requestVote(RaftServerProtocolServiceGrpc.java:265)
	at org.apache.ratis.grpc.server.GrpcServerProtocolClient.requestVote(GrpcServerProtocolClient.java:90)
	at org.apache.ratis.grpc.server.GrpcService.requestVote(GrpcService.java:204)
	at org.apache.ratis.server.impl.LeaderElection.lambda$submitRequests$1(LeaderElection.java:238)
	at java.util.concurrent.FutureTask.run(FutureTask.java:266)
	at java.util.concurrent.Executors$RunnableAdapter.call(Executors.java:511)
	at java.util.concurrent.FutureTask.run(FutureTask.java:266)
	at java.util.concurrent.ThreadPoolExecutor.runWorker(ThreadPoolExecutor.java:1149)
	at java.util.concurrent.ThreadPoolExecutor$Worker.run(ThreadPoolExecutor.java:624)
	... 1 more
Caused by: org.apache.ratis.thirdparty.io.netty.channel.AbstractChannel$AnnotatedConnectException: Connection refused: /192.168.34.37:40405
	at sun.nio.ch.SocketChannelImpl.checkConnect(Native Method)
	at sun.nio.ch.SocketChannelImpl.finishConnect(SocketChannelImpl.java:717)
	at org.apache.ratis.thirdparty.io.netty.channel.socket.nio.NioSocketChannel.doFinishConnect(NioSocketChannel.java:327)
	at org.apache.ratis.thirdparty.io.netty.channel.nio.AbstractNioChannel$AbstractNioUnsafe.finishConnect(AbstractNioChannel.java:340)
	at org.apache.ratis.thirdparty.io.netty.channel.nio.NioEventLoop.processSelectedKey(NioEventLoop.java:632)
	at org.apache.ratis.thirdparty.io.netty.channel.nio.NioEventLoop.processSelectedKeysOptimized(NioEventLoop.java:579)
	at org.apache.ratis.thirdparty.io.netty.channel.nio.NioEventLoop.processSelectedKeys(NioEventLoop.java:496)
	at org.apache.ratis.thirdparty.io.netty.channel.nio.NioEventLoop.run(NioEventLoop.java:458)
	at org.apache.ratis.thirdparty.io.netty.util.concurrent.SingleThreadEventExecutor$5.run(SingleThreadEventExecutor.java:897)
	at org.apache.ratis.thirdparty.io.netty.util.concurrent.FastThreadLocalRunnable.run(FastThreadLocalRunnable.java:30)
	... 1 more
Caused by: java.net.ConnectException: Connection refused
	... 11 more
2019-09-17 10:14:55,074 [cc01c7d5-5dcf-4408-8cdb-fcf6ab2d1d3a@group-2E14F5217065:LeaderElection23] INFO  impl.RaftServerImpl (RaftServerImpl.java:setRole(174)) - cc01c7d5-5dcf-4408-8cdb-fcf6ab2d1d3a@group-2E14F5217065: changes role from CANDIDATE to FOLLOWER at term 3 for DISCOVERED_A_NEW_TERM
2019-09-17 10:14:55,076 [cc01c7d5-5dcf-4408-8cdb-fcf6ab2d1d3a@group-2E14F5217065:LeaderElection23] INFO  impl.RoleInfo (RoleInfo.java:shutdownLeaderElection(134)) - cc01c7d5-5dcf-4408-8cdb-fcf6ab2d1d3a: shutdown LeaderElection
2019-09-17 10:14:55,076 [cc01c7d5-5dcf-4408-8cdb-fcf6ab2d1d3a@group-2E14F5217065:LeaderElection23] INFO  impl.RoleInfo (RoleInfo.java:updateAndGet(143)) - cc01c7d5-5dcf-4408-8cdb-fcf6ab2d1d3a: start FollowerState
2019-09-17 10:14:55,131 [1d843e0b-d448-4c1d-904a-b8b79ddf8dfc@group-C922F90D4541-SegmentedRaftLogWorker] WARN  segmented.SegmentedRaftLogWorker (SegmentedRaftLogWorker.java:getFromFuture(90)) - Timeout 2/~
org.apache.ratis.protocol.TimeoutIOException: Timeout 10s: WriteLog:32: (t:2, i:32), STATEMACHINELOGENTRY, client-66C77A4C703B, cid=64-writeStateMachineData
	at org.apache.ratis.util.IOUtils.getFromFuture(IOUtils.java:87)
	at org.apache.ratis.server.raftlog.segmented.SegmentedRaftLogWorker$StateMachineDataPolicy.getFromFuture(SegmentedRaftLogWorker.java:87)
	at org.apache.ratis.server.raftlog.segmented.SegmentedRaftLogWorker$WriteLog.execute(SegmentedRaftLogWorker.java:477)
	at org.apache.ratis.server.raftlog.segmented.SegmentedRaftLogWorker.run(SegmentedRaftLogWorker.java:289)
	at java.lang.Thread.run(Thread.java:748)
Caused by: java.util.concurrent.TimeoutException
	at java.util.concurrent.CompletableFuture.timedGet(CompletableFuture.java:1771)
	at java.util.concurrent.CompletableFuture.get(CompletableFuture.java:1915)
	at org.apache.ratis.util.IOUtils.getFromFuture(IOUtils.java:79)
	... 4 more
2019-09-17 10:14:55,137 [7be722d9-df7a-49b7-8861-987a973deb04@group-C922F90D4541-SegmentedRaftLogWorker] WARN  segmented.SegmentedRaftLogWorker (SegmentedRaftLogWorker.java:getFromFuture(90)) - Timeout 2/~
org.apache.ratis.protocol.TimeoutIOException: Timeout 10s: WriteLog:32: (t:2, i:32), STATEMACHINELOGENTRY, client-66C77A4C703B, cid=64-writeStateMachineData
	at org.apache.ratis.util.IOUtils.getFromFuture(IOUtils.java:87)
	at org.apache.ratis.server.raftlog.segmented.SegmentedRaftLogWorker$StateMachineDataPolicy.getFromFuture(SegmentedRaftLogWorker.java:87)
	at org.apache.ratis.server.raftlog.segmented.SegmentedRaftLogWorker$WriteLog.execute(SegmentedRaftLogWorker.java:477)
	at org.apache.ratis.server.raftlog.segmented.SegmentedRaftLogWorker.run(SegmentedRaftLogWorker.java:289)
	at java.lang.Thread.run(Thread.java:748)
Caused by: java.util.concurrent.TimeoutException
	at java.util.concurrent.CompletableFuture.timedGet(CompletableFuture.java:1771)
	at java.util.concurrent.CompletableFuture.get(CompletableFuture.java:1915)
	at org.apache.ratis.util.IOUtils.getFromFuture(IOUtils.java:79)
	... 4 more
2019-09-17 10:14:55,182 [java.util.concurrent.ThreadPoolExecutor$Worker@4a8ecabd[State = -1, empty queue]] WARN  server.GrpcLogAppender (GrpcLogAppender.java:timeoutAppendRequest(200)) - 1d843e0b-d448-4c1d-904a-b8b79ddf8dfc@group-C922F90D4541->7be722d9-df7a-49b7-8861-987a973deb04-GrpcLogAppender: appendEntries Timeout, request=1d843e0b-d448-4c1d-904a-b8b79ddf8dfc->7be722d9-df7a-49b7-8861-987a973deb04#184-t2, previous=(t:2, i:35), leaderCommit=31, initializing? false, entries: <empty>
2019-09-17 10:14:55,287 [grpc-default-executor-4] WARN  server.GrpcLogAppender (LogUtils.java:warn(134)) - 1d843e0b-d448-4c1d-904a-b8b79ddf8dfc@group-C922F90D4541->1303f52d-d2af-4d51-a297-b30474c81d0b-AppendLogResponseHandler: Failed appendEntries: org.apache.ratis.thirdparty.io.grpc.StatusRuntimeException: UNAVAILABLE: io exception
2019-09-17 10:14:55,287 [grpc-default-executor-4] INFO  impl.FollowerInfo (FollowerInfo.java:lambda$new$0(51)) - 1d843e0b-d448-4c1d-904a-b8b79ddf8dfc@group-C922F90D4541->1303f52d-d2af-4d51-a297-b30474c81d0b: nextIndex: updateUnconditionally 29 -> 28
2019-09-17 10:14:55,682 [java.util.concurrent.ThreadPoolExecutor$Worker@4a8ecabd[State = -1, empty queue]] WARN  server.GrpcLogAppender (GrpcLogAppender.java:timeoutAppendRequest(200)) - 1d843e0b-d448-4c1d-904a-b8b79ddf8dfc@group-C922F90D4541->7be722d9-df7a-49b7-8861-987a973deb04-GrpcLogAppender: appendEntries Timeout, request=1d843e0b-d448-4c1d-904a-b8b79ddf8dfc->7be722d9-df7a-49b7-8861-987a973deb04#185-t2, previous=(t:2, i:35), leaderCommit=31, initializing? false, entries: <empty>
2019-09-17 10:14:55,787 [grpc-default-executor-17] WARN  server.GrpcLogAppender (LogUtils.java:warn(134)) - 1d843e0b-d448-4c1d-904a-b8b79ddf8dfc@group-C922F90D4541->1303f52d-d2af-4d51-a297-b30474c81d0b-AppendLogResponseHandler: Failed appendEntries: org.apache.ratis.thirdparty.io.grpc.StatusRuntimeException: UNAVAILABLE: io exception
2019-09-17 10:14:55,788 [grpc-default-executor-17] INFO  impl.FollowerInfo (FollowerInfo.java:lambda$new$0(51)) - 1d843e0b-d448-4c1d-904a-b8b79ddf8dfc@group-C922F90D4541->1303f52d-d2af-4d51-a297-b30474c81d0b: nextIndex: updateUnconditionally 28 -> 27
2019-09-17 10:14:56,183 [java.util.concurrent.ThreadPoolExecutor$Worker@4a8ecabd[State = -1, empty queue]] WARN  server.GrpcLogAppender (GrpcLogAppender.java:timeoutAppendRequest(200)) - 1d843e0b-d448-4c1d-904a-b8b79ddf8dfc@group-C922F90D4541->7be722d9-df7a-49b7-8861-987a973deb04-GrpcLogAppender: appendEntries Timeout, request=1d843e0b-d448-4c1d-904a-b8b79ddf8dfc->7be722d9-df7a-49b7-8861-987a973deb04#186-t2, previous=(t:2, i:35), leaderCommit=31, initializing? false, entries: <empty>
2019-09-17 10:14:56,205 [Thread-1437] INFO  impl.FollowerState (FollowerState.java:run(106)) - cc01c7d5-5dcf-4408-8cdb-fcf6ab2d1d3a:group-2E14F5217065 changes to CANDIDATE, lastRpcTime:1128, electionTimeout:1127ms
2019-09-17 10:14:56,205 [Thread-1437] INFO  impl.RoleInfo (RoleInfo.java:shutdownFollowerState(121)) - cc01c7d5-5dcf-4408-8cdb-fcf6ab2d1d3a: shutdown FollowerState
2019-09-17 10:14:56,205 [Thread-1437] INFO  impl.RaftServerImpl (RaftServerImpl.java:setRole(174)) - cc01c7d5-5dcf-4408-8cdb-fcf6ab2d1d3a@group-2E14F5217065: changes role from  FOLLOWER to CANDIDATE at term 3 for changeToCandidate
2019-09-17 10:14:56,206 [Thread-1437] INFO  impl.RoleInfo (RoleInfo.java:updateAndGet(143)) - cc01c7d5-5dcf-4408-8cdb-fcf6ab2d1d3a: start LeaderElection
2019-09-17 10:14:56,222 [cc01c7d5-5dcf-4408-8cdb-fcf6ab2d1d3a@group-2E14F5217065:LeaderElection24] INFO  impl.LeaderElection (LeaderElection.java:askForVotes(182)) - cc01c7d5-5dcf-4408-8cdb-fcf6ab2d1d3a@group-2E14F5217065:LeaderElection24: begin an election at term 4 for 0: [cc01c7d5-5dcf-4408-8cdb-fcf6ab2d1d3a:192.168.34.37:38584, 95d6cb39-2a6f-4d2b-8ab1-47b9e22fb0ea:192.168.34.37:40405, 55583e5a-eaa2-4a32-b956-442090b04083:192.168.34.37:42551], old=null
2019-09-17 10:14:56,223 [cc01c7d5-5dcf-4408-8cdb-fcf6ab2d1d3a@group-2E14F5217065:LeaderElection24] INFO  impl.LeaderElection (LogUtils.java:infoOrTrace(149)) - cc01c7d5-5dcf-4408-8cdb-fcf6ab2d1d3a@group-2E14F5217065:LeaderElection24 got exception when requesting votes: {}
java.util.concurrent.ExecutionException: org.apache.ratis.thirdparty.io.grpc.StatusRuntimeException: UNAVAILABLE: io exception
	at java.util.concurrent.FutureTask.report(FutureTask.java:122)
	at java.util.concurrent.FutureTask.get(FutureTask.java:192)
	at org.apache.ratis.server.impl.LeaderElection.waitForResults(LeaderElection.java:263)
	at org.apache.ratis.server.impl.LeaderElection.askForVotes(LeaderElection.java:201)
	at org.apache.ratis.server.impl.LeaderElection.run(LeaderElection.java:133)
	at java.lang.Thread.run(Thread.java:748)
Caused by: org.apache.ratis.thirdparty.io.grpc.StatusRuntimeException: UNAVAILABLE: io exception
	at org.apache.ratis.thirdparty.io.grpc.stub.ClientCalls.toStatusRuntimeException(ClientCalls.java:233)
	at org.apache.ratis.thirdparty.io.grpc.stub.ClientCalls.getUnchecked(ClientCalls.java:214)
	at org.apache.ratis.thirdparty.io.grpc.stub.ClientCalls.blockingUnaryCall(ClientCalls.java:139)
	at org.apache.ratis.proto.grpc.RaftServerProtocolServiceGrpc$RaftServerProtocolServiceBlockingStub.requestVote(RaftServerProtocolServiceGrpc.java:265)
	at org.apache.ratis.grpc.server.GrpcServerProtocolClient.requestVote(GrpcServerProtocolClient.java:90)
	at org.apache.ratis.grpc.server.GrpcService.requestVote(GrpcService.java:204)
	at org.apache.ratis.server.impl.LeaderElection.lambda$submitRequests$1(LeaderElection.java:238)
	at java.util.concurrent.FutureTask.run(FutureTask.java:266)
	at java.util.concurrent.Executors$RunnableAdapter.call(Executors.java:511)
	at java.util.concurrent.FutureTask.run(FutureTask.java:266)
	at java.util.concurrent.ThreadPoolExecutor.runWorker(ThreadPoolExecutor.java:1149)
	at java.util.concurrent.ThreadPoolExecutor$Worker.run(ThreadPoolExecutor.java:624)
	... 1 more
Caused by: org.apache.ratis.thirdparty.io.netty.channel.AbstractChannel$AnnotatedConnectException: Connection refused: /192.168.34.37:40405
	at sun.nio.ch.SocketChannelImpl.checkConnect(Native Method)
	at sun.nio.ch.SocketChannelImpl.finishConnect(SocketChannelImpl.java:717)
	at org.apache.ratis.thirdparty.io.netty.channel.socket.nio.NioSocketChannel.doFinishConnect(NioSocketChannel.java:327)
	at org.apache.ratis.thirdparty.io.netty.channel.nio.AbstractNioChannel$AbstractNioUnsafe.finishConnect(AbstractNioChannel.java:340)
	at org.apache.ratis.thirdparty.io.netty.channel.nio.NioEventLoop.processSelectedKey(NioEventLoop.java:632)
	at org.apache.ratis.thirdparty.io.netty.channel.nio.NioEventLoop.processSelectedKeysOptimized(NioEventLoop.java:579)
	at org.apache.ratis.thirdparty.io.netty.channel.nio.NioEventLoop.processSelectedKeys(NioEventLoop.java:496)
	at org.apache.ratis.thirdparty.io.netty.channel.nio.NioEventLoop.run(NioEventLoop.java:458)
	at org.apache.ratis.thirdparty.io.netty.util.concurrent.SingleThreadEventExecutor$5.run(SingleThreadEventExecutor.java:897)
	at org.apache.ratis.thirdparty.io.netty.util.concurrent.FastThreadLocalRunnable.run(FastThreadLocalRunnable.java:30)
	... 1 more
Caused by: java.net.ConnectException: Connection refused
	... 11 more
2019-09-17 10:14:56,225 [cc01c7d5-5dcf-4408-8cdb-fcf6ab2d1d3a@group-2E14F5217065:LeaderElection24] INFO  impl.LeaderElection (LogUtils.java:infoOrTrace(149)) - cc01c7d5-5dcf-4408-8cdb-fcf6ab2d1d3a@group-2E14F5217065:LeaderElection24 got exception when requesting votes: {}
java.util.concurrent.ExecutionException: org.apache.ratis.thirdparty.io.grpc.StatusRuntimeException: UNAVAILABLE: io exception
	at java.util.concurrent.FutureTask.report(FutureTask.java:122)
	at java.util.concurrent.FutureTask.get(FutureTask.java:192)
	at org.apache.ratis.server.impl.LeaderElection.waitForResults(LeaderElection.java:263)
	at org.apache.ratis.server.impl.LeaderElection.askForVotes(LeaderElection.java:201)
	at org.apache.ratis.server.impl.LeaderElection.run(LeaderElection.java:133)
	at java.lang.Thread.run(Thread.java:748)
Caused by: org.apache.ratis.thirdparty.io.grpc.StatusRuntimeException: UNAVAILABLE: io exception
	at org.apache.ratis.thirdparty.io.grpc.stub.ClientCalls.toStatusRuntimeException(ClientCalls.java:233)
	at org.apache.ratis.thirdparty.io.grpc.stub.ClientCalls.getUnchecked(ClientCalls.java:214)
	at org.apache.ratis.thirdparty.io.grpc.stub.ClientCalls.blockingUnaryCall(ClientCalls.java:139)
	at org.apache.ratis.proto.grpc.RaftServerProtocolServiceGrpc$RaftServerProtocolServiceBlockingStub.requestVote(RaftServerProtocolServiceGrpc.java:265)
	at org.apache.ratis.grpc.server.GrpcServerProtocolClient.requestVote(GrpcServerProtocolClient.java:90)
	at org.apache.ratis.grpc.server.GrpcService.requestVote(GrpcService.java:204)
	at org.apache.ratis.server.impl.LeaderElection.lambda$submitRequests$1(LeaderElection.java:238)
	at java.util.concurrent.FutureTask.run(FutureTask.java:266)
	at java.util.concurrent.Executors$RunnableAdapter.call(Executors.java:511)
	at java.util.concurrent.FutureTask.run(FutureTask.java:266)
	at java.util.concurrent.ThreadPoolExecutor.runWorker(ThreadPoolExecutor.java:1149)
	at java.util.concurrent.ThreadPoolExecutor$Worker.run(ThreadPoolExecutor.java:624)
	... 1 more
Caused by: org.apache.ratis.thirdparty.io.netty.channel.AbstractChannel$AnnotatedConnectException: Connection refused: /192.168.34.37:42551
	at sun.nio.ch.SocketChannelImpl.checkConnect(Native Method)
	at sun.nio.ch.SocketChannelImpl.finishConnect(SocketChannelImpl.java:717)
	at org.apache.ratis.thirdparty.io.netty.channel.socket.nio.NioSocketChannel.doFinishConnect(NioSocketChannel.java:327)
	at org.apache.ratis.thirdparty.io.netty.channel.nio.AbstractNioChannel$AbstractNioUnsafe.finishConnect(AbstractNioChannel.java:340)
	at org.apache.ratis.thirdparty.io.netty.channel.nio.NioEventLoop.processSelectedKey(NioEventLoop.java:632)
	at org.apache.ratis.thirdparty.io.netty.channel.nio.NioEventLoop.processSelectedKeysOptimized(NioEventLoop.java:579)
	at org.apache.ratis.thirdparty.io.netty.channel.nio.NioEventLoop.processSelectedKeys(NioEventLoop.java:496)
	at org.apache.ratis.thirdparty.io.netty.channel.nio.NioEventLoop.run(NioEventLoop.java:458)
	at org.apache.ratis.thirdparty.io.netty.util.concurrent.SingleThreadEventExecutor$5.run(SingleThreadEventExecutor.java:897)
	at org.apache.ratis.thirdparty.io.netty.util.concurrent.FastThreadLocalRunnable.run(FastThreadLocalRunnable.java:30)
	... 1 more
Caused by: java.net.ConnectException: Connection refused
	... 11 more
2019-09-17 10:14:56,227 [cc01c7d5-5dcf-4408-8cdb-fcf6ab2d1d3a@group-2E14F5217065:LeaderElection24] INFO  impl.LeaderElection (LeaderElection.java:logAndReturn(56)) - cc01c7d5-5dcf-4408-8cdb-fcf6ab2d1d3a@group-2E14F5217065:LeaderElection24: Election REJECTED; received 0 response(s) [] and 2 exception(s); cc01c7d5-5dcf-4408-8cdb-fcf6ab2d1d3a@group-2E14F5217065:t4, leader=null, voted=cc01c7d5-5dcf-4408-8cdb-fcf6ab2d1d3a, raftlog=cc01c7d5-5dcf-4408-8cdb-fcf6ab2d1d3a@group-2E14F5217065-SegmentedRaftLog:OPENED:c16,f20,i20, conf=0: [cc01c7d5-5dcf-4408-8cdb-fcf6ab2d1d3a:192.168.34.37:38584, 95d6cb39-2a6f-4d2b-8ab1-47b9e22fb0ea:192.168.34.37:40405, 55583e5a-eaa2-4a32-b956-442090b04083:192.168.34.37:42551], old=null
2019-09-17 10:14:56,228 [cc01c7d5-5dcf-4408-8cdb-fcf6ab2d1d3a@group-2E14F5217065:LeaderElection24] INFO  impl.LeaderElection (LogUtils.java:infoOrTrace(149)) -   Exception 0: {}
java.util.concurrent.ExecutionException: org.apache.ratis.thirdparty.io.grpc.StatusRuntimeException: UNAVAILABLE: io exception
	at java.util.concurrent.FutureTask.report(FutureTask.java:122)
	at java.util.concurrent.FutureTask.get(FutureTask.java:192)
	at org.apache.ratis.server.impl.LeaderElection.waitForResults(LeaderElection.java:263)
	at org.apache.ratis.server.impl.LeaderElection.askForVotes(LeaderElection.java:201)
	at org.apache.ratis.server.impl.LeaderElection.run(LeaderElection.java:133)
	at java.lang.Thread.run(Thread.java:748)
Caused by: org.apache.ratis.thirdparty.io.grpc.StatusRuntimeException: UNAVAILABLE: io exception
	at org.apache.ratis.thirdparty.io.grpc.stub.ClientCalls.toStatusRuntimeException(ClientCalls.java:233)
	at org.apache.ratis.thirdparty.io.grpc.stub.ClientCalls.getUnchecked(ClientCalls.java:214)
	at org.apache.ratis.thirdparty.io.grpc.stub.ClientCalls.blockingUnaryCall(ClientCalls.java:139)
	at org.apache.ratis.proto.grpc.RaftServerProtocolServiceGrpc$RaftServerProtocolServiceBlockingStub.requestVote(RaftServerProtocolServiceGrpc.java:265)
	at org.apache.ratis.grpc.server.GrpcServerProtocolClient.requestVote(GrpcServerProtocolClient.java:90)
	at org.apache.ratis.grpc.server.GrpcService.requestVote(GrpcService.java:204)
	at org.apache.ratis.server.impl.LeaderElection.lambda$submitRequests$1(LeaderElection.java:238)
	at java.util.concurrent.FutureTask.run(FutureTask.java:266)
	at java.util.concurrent.Executors$RunnableAdapter.call(Executors.java:511)
	at java.util.concurrent.FutureTask.run(FutureTask.java:266)
	at java.util.concurrent.ThreadPoolExecutor.runWorker(ThreadPoolExecutor.java:1149)
	at java.util.concurrent.ThreadPoolExecutor$Worker.run(ThreadPoolExecutor.java:624)
	... 1 more
Caused by: org.apache.ratis.thirdparty.io.netty.channel.AbstractChannel$AnnotatedConnectException: Connection refused: /192.168.34.37:40405
	at sun.nio.ch.SocketChannelImpl.checkConnect(Native Method)
	at sun.nio.ch.SocketChannelImpl.finishConnect(SocketChannelImpl.java:717)
	at org.apache.ratis.thirdparty.io.netty.channel.socket.nio.NioSocketChannel.doFinishConnect(NioSocketChannel.java:327)
	at org.apache.ratis.thirdparty.io.netty.channel.nio.AbstractNioChannel$AbstractNioUnsafe.finishConnect(AbstractNioChannel.java:340)
	at org.apache.ratis.thirdparty.io.netty.channel.nio.NioEventLoop.processSelectedKey(NioEventLoop.java:632)
	at org.apache.ratis.thirdparty.io.netty.channel.nio.NioEventLoop.processSelectedKeysOptimized(NioEventLoop.java:579)
	at org.apache.ratis.thirdparty.io.netty.channel.nio.NioEventLoop.processSelectedKeys(NioEventLoop.java:496)
	at org.apache.ratis.thirdparty.io.netty.channel.nio.NioEventLoop.run(NioEventLoop.java:458)
	at org.apache.ratis.thirdparty.io.netty.util.concurrent.SingleThreadEventExecutor$5.run(SingleThreadEventExecutor.java:897)
	at org.apache.ratis.thirdparty.io.netty.util.concurrent.FastThreadLocalRunnable.run(FastThreadLocalRunnable.java:30)
	... 1 more
Caused by: java.net.ConnectException: Connection refused
	... 11 more
2019-09-17 10:14:56,228 [cc01c7d5-5dcf-4408-8cdb-fcf6ab2d1d3a@group-2E14F5217065:LeaderElection24] INFO  impl.LeaderElection (LogUtils.java:infoOrTrace(149)) -   Exception 1: {}
java.util.concurrent.ExecutionException: org.apache.ratis.thirdparty.io.grpc.StatusRuntimeException: UNAVAILABLE: io exception
	at java.util.concurrent.FutureTask.report(FutureTask.java:122)
	at java.util.concurrent.FutureTask.get(FutureTask.java:192)
	at org.apache.ratis.server.impl.LeaderElection.waitForResults(LeaderElection.java:263)
	at org.apache.ratis.server.impl.LeaderElection.askForVotes(LeaderElection.java:201)
	at org.apache.ratis.server.impl.LeaderElection.run(LeaderElection.java:133)
	at java.lang.Thread.run(Thread.java:748)
Caused by: org.apache.ratis.thirdparty.io.grpc.StatusRuntimeException: UNAVAILABLE: io exception
	at org.apache.ratis.thirdparty.io.grpc.stub.ClientCalls.toStatusRuntimeException(ClientCalls.java:233)
	at org.apache.ratis.thirdparty.io.grpc.stub.ClientCalls.getUnchecked(ClientCalls.java:214)
	at org.apache.ratis.thirdparty.io.grpc.stub.ClientCalls.blockingUnaryCall(ClientCalls.java:139)
	at org.apache.ratis.proto.grpc.RaftServerProtocolServiceGrpc$RaftServerProtocolServiceBlockingStub.requestVote(RaftServerProtocolServiceGrpc.java:265)
	at org.apache.ratis.grpc.server.GrpcServerProtocolClient.requestVote(GrpcServerProtocolClient.java:90)
	at org.apache.ratis.grpc.server.GrpcService.requestVote(GrpcService.java:204)
	at org.apache.ratis.server.impl.LeaderElection.lambda$submitRequests$1(LeaderElection.java:238)
	at java.util.concurrent.FutureTask.run(FutureTask.java:266)
	at java.util.concurrent.Executors$RunnableAdapter.call(Executors.java:511)
	at java.util.concurrent.FutureTask.run(FutureTask.java:266)
	at java.util.concurrent.ThreadPoolExecutor.runWorker(ThreadPoolExecutor.java:1149)
	at java.util.concurrent.ThreadPoolExecutor$Worker.run(ThreadPoolExecutor.java:624)
	... 1 more
Caused by: org.apache.ratis.thirdparty.io.netty.channel.AbstractChannel$AnnotatedConnectException: Connection refused: /192.168.34.37:42551
	at sun.nio.ch.SocketChannelImpl.checkConnect(Native Method)
	at sun.nio.ch.SocketChannelImpl.finishConnect(SocketChannelImpl.java:717)
	at org.apache.ratis.thirdparty.io.netty.channel.socket.nio.NioSocketChannel.doFinishConnect(NioSocketChannel.java:327)
	at org.apache.ratis.thirdparty.io.netty.channel.nio.AbstractNioChannel$AbstractNioUnsafe.finishConnect(AbstractNioChannel.java:340)
	at org.apache.ratis.thirdparty.io.netty.channel.nio.NioEventLoop.processSelectedKey(NioEventLoop.java:632)
	at org.apache.ratis.thirdparty.io.netty.channel.nio.NioEventLoop.processSelectedKeysOptimized(NioEventLoop.java:579)
	at org.apache.ratis.thirdparty.io.netty.channel.nio.NioEventLoop.processSelectedKeys(NioEventLoop.java:496)
	at org.apache.ratis.thirdparty.io.netty.channel.nio.NioEventLoop.run(NioEventLoop.java:458)
	at org.apache.ratis.thirdparty.io.netty.util.concurrent.SingleThreadEventExecutor$5.run(SingleThreadEventExecutor.java:897)
	at org.apache.ratis.thirdparty.io.netty.util.concurrent.FastThreadLocalRunnable.run(FastThreadLocalRunnable.java:30)
	... 1 more
Caused by: java.net.ConnectException: Connection refused
	... 11 more
2019-09-17 10:14:56,228 [cc01c7d5-5dcf-4408-8cdb-fcf6ab2d1d3a@group-2E14F5217065:LeaderElection24] INFO  impl.RaftServerImpl (RaftServerImpl.java:setRole(174)) - cc01c7d5-5dcf-4408-8cdb-fcf6ab2d1d3a@group-2E14F5217065: changes role from CANDIDATE to FOLLOWER at term 4 for DISCOVERED_A_NEW_TERM
2019-09-17 10:14:56,230 [cc01c7d5-5dcf-4408-8cdb-fcf6ab2d1d3a@group-2E14F5217065:LeaderElection24] INFO  impl.RoleInfo (RoleInfo.java:shutdownLeaderElection(134)) - cc01c7d5-5dcf-4408-8cdb-fcf6ab2d1d3a: shutdown LeaderElection
2019-09-17 10:14:56,230 [cc01c7d5-5dcf-4408-8cdb-fcf6ab2d1d3a@group-2E14F5217065:LeaderElection24] INFO  impl.RoleInfo (RoleInfo.java:updateAndGet(143)) - cc01c7d5-5dcf-4408-8cdb-fcf6ab2d1d3a: start FollowerState
2019-09-17 10:14:56,289 [grpc-default-executor-8] WARN  server.GrpcLogAppender (LogUtils.java:warn(134)) - 1d843e0b-d448-4c1d-904a-b8b79ddf8dfc@group-C922F90D4541->1303f52d-d2af-4d51-a297-b30474c81d0b-AppendLogResponseHandler: Failed appendEntries: org.apache.ratis.thirdparty.io.grpc.StatusRuntimeException: UNAVAILABLE: io exception
2019-09-17 10:14:56,291 [grpc-default-executor-8] INFO  impl.FollowerInfo (FollowerInfo.java:lambda$new$0(51)) - 1d843e0b-d448-4c1d-904a-b8b79ddf8dfc@group-C922F90D4541->1303f52d-d2af-4d51-a297-b30474c81d0b: nextIndex: updateUnconditionally 27 -> 26
2019-09-17 10:14:56,757 [java.util.concurrent.ThreadPoolExecutor$Worker@4a8ecabd[State = -1, empty queue]] WARN  server.GrpcLogAppender (GrpcLogAppender.java:timeoutAppendRequest(200)) - 1d843e0b-d448-4c1d-904a-b8b79ddf8dfc@group-C922F90D4541->7be722d9-df7a-49b7-8861-987a973deb04-GrpcLogAppender: appendEntries Timeout, request=1d843e0b-d448-4c1d-904a-b8b79ddf8dfc->7be722d9-df7a-49b7-8861-987a973deb04#187-t2, previous=(t:2, i:35), leaderCommit=31, initializing? false, entries: <empty>
2019-09-17 10:14:56,789 [grpc-default-executor-4] WARN  server.GrpcLogAppender (LogUtils.java:warn(134)) - 1d843e0b-d448-4c1d-904a-b8b79ddf8dfc@group-C922F90D4541->1303f52d-d2af-4d51-a297-b30474c81d0b-AppendLogResponseHandler: Failed appendEntries: org.apache.ratis.thirdparty.io.grpc.StatusRuntimeException: UNAVAILABLE: io exception
2019-09-17 10:14:56,790 [grpc-default-executor-4] INFO  impl.FollowerInfo (FollowerInfo.java:lambda$new$0(51)) - 1d843e0b-d448-4c1d-904a-b8b79ddf8dfc@group-C922F90D4541->1303f52d-d2af-4d51-a297-b30474c81d0b: nextIndex: updateUnconditionally 26 -> 25
2019-09-17 10:14:56,812 [cd7fb81c-86a4-4055-b819-d84d71d1e03b@group-BB27F83832E4-SegmentedRaftLogWorker] WARN  segmented.SegmentedRaftLogWorker (SegmentedRaftLogWorker.java:getFromFuture(90)) - Timeout 7/~
org.apache.ratis.protocol.TimeoutIOException: Timeout 10s: WriteLog:19: (t:2, i:19), STATEMACHINELOGENTRY, client-DD787AC5056F, cid=30-writeStateMachineData
	at org.apache.ratis.util.IOUtils.getFromFuture(IOUtils.java:87)
	at org.apache.ratis.server.raftlog.segmented.SegmentedRaftLogWorker$StateMachineDataPolicy.getFromFuture(SegmentedRaftLogWorker.java:87)
	at org.apache.ratis.server.raftlog.segmented.SegmentedRaftLogWorker$WriteLog.execute(SegmentedRaftLogWorker.java:477)
	at org.apache.ratis.server.raftlog.segmented.SegmentedRaftLogWorker.run(SegmentedRaftLogWorker.java:289)
	at java.lang.Thread.run(Thread.java:748)
Caused by: java.util.concurrent.TimeoutException
	at java.util.concurrent.CompletableFuture.timedGet(CompletableFuture.java:1771)
	at java.util.concurrent.CompletableFuture.get(CompletableFuture.java:1915)
	at org.apache.ratis.util.IOUtils.getFromFuture(IOUtils.java:79)
	... 4 more
2019-09-17 10:14:57,258 [java.util.concurrent.ThreadPoolExecutor$Worker@4a8ecabd[State = -1, empty queue]] WARN  server.GrpcLogAppender (GrpcLogAppender.java:timeoutAppendRequest(200)) - 1d843e0b-d448-4c1d-904a-b8b79ddf8dfc@group-C922F90D4541->7be722d9-df7a-49b7-8861-987a973deb04-GrpcLogAppender: appendEntries Timeout, request=1d843e0b-d448-4c1d-904a-b8b79ddf8dfc->7be722d9-df7a-49b7-8861-987a973deb04#188-t2, previous=(t:2, i:35), leaderCommit=31, initializing? false, entries: <empty>
2019-09-17 10:14:57,298 [grpc-default-executor-4] WARN  server.GrpcLogAppender (LogUtils.java:warn(134)) - 1d843e0b-d448-4c1d-904a-b8b79ddf8dfc@group-C922F90D4541->1303f52d-d2af-4d51-a297-b30474c81d0b-AppendLogResponseHandler: Failed appendEntries: org.apache.ratis.thirdparty.io.grpc.StatusRuntimeException: UNAVAILABLE: io exception
2019-09-17 10:14:57,298 [grpc-default-executor-4] INFO  impl.FollowerInfo (FollowerInfo.java:lambda$new$0(51)) - 1d843e0b-d448-4c1d-904a-b8b79ddf8dfc@group-C922F90D4541->1303f52d-d2af-4d51-a297-b30474c81d0b: nextIndex: updateUnconditionally 25 -> 24
2019-09-17 10:14:57,343 [Thread-1443] INFO  impl.FollowerState (FollowerState.java:run(106)) - cc01c7d5-5dcf-4408-8cdb-fcf6ab2d1d3a:group-2E14F5217065 changes to CANDIDATE, lastRpcTime:1113, electionTimeout:1111ms
2019-09-17 10:14:57,344 [Thread-1443] INFO  impl.RoleInfo (RoleInfo.java:shutdownFollowerState(121)) - cc01c7d5-5dcf-4408-8cdb-fcf6ab2d1d3a: shutdown FollowerState
2019-09-17 10:14:57,344 [Thread-1443] INFO  impl.RaftServerImpl (RaftServerImpl.java:setRole(174)) - cc01c7d5-5dcf-4408-8cdb-fcf6ab2d1d3a@group-2E14F5217065: changes role from  FOLLOWER to CANDIDATE at term 4 for changeToCandidate
2019-09-17 10:14:57,344 [Thread-1443] INFO  impl.RoleInfo (RoleInfo.java:updateAndGet(143)) - cc01c7d5-5dcf-4408-8cdb-fcf6ab2d1d3a: start LeaderElection
2019-09-17 10:14:57,360 [cc01c7d5-5dcf-4408-8cdb-fcf6ab2d1d3a@group-2E14F5217065:LeaderElection25] INFO  impl.LeaderElection (LeaderElection.java:askForVotes(182)) - cc01c7d5-5dcf-4408-8cdb-fcf6ab2d1d3a@group-2E14F5217065:LeaderElection25: begin an election at term 5 for 0: [cc01c7d5-5dcf-4408-8cdb-fcf6ab2d1d3a:192.168.34.37:38584, 95d6cb39-2a6f-4d2b-8ab1-47b9e22fb0ea:192.168.34.37:40405, 55583e5a-eaa2-4a32-b956-442090b04083:192.168.34.37:42551], old=null
2019-09-17 10:14:57,361 [cc01c7d5-5dcf-4408-8cdb-fcf6ab2d1d3a@group-2E14F5217065:LeaderElection25] INFO  impl.LeaderElection (LogUtils.java:infoOrTrace(149)) - cc01c7d5-5dcf-4408-8cdb-fcf6ab2d1d3a@group-2E14F5217065:LeaderElection25 got exception when requesting votes: {}
java.util.concurrent.ExecutionException: org.apache.ratis.thirdparty.io.grpc.StatusRuntimeException: UNAVAILABLE: io exception
	at java.util.concurrent.FutureTask.report(FutureTask.java:122)
	at java.util.concurrent.FutureTask.get(FutureTask.java:192)
	at org.apache.ratis.server.impl.LeaderElection.waitForResults(LeaderElection.java:263)
	at org.apache.ratis.server.impl.LeaderElection.askForVotes(LeaderElection.java:201)
	at org.apache.ratis.server.impl.LeaderElection.run(LeaderElection.java:133)
	at java.lang.Thread.run(Thread.java:748)
Caused by: org.apache.ratis.thirdparty.io.grpc.StatusRuntimeException: UNAVAILABLE: io exception
	at org.apache.ratis.thirdparty.io.grpc.stub.ClientCalls.toStatusRuntimeException(ClientCalls.java:233)
	at org.apache.ratis.thirdparty.io.grpc.stub.ClientCalls.getUnchecked(ClientCalls.java:214)
	at org.apache.ratis.thirdparty.io.grpc.stub.ClientCalls.blockingUnaryCall(ClientCalls.java:139)
	at org.apache.ratis.proto.grpc.RaftServerProtocolServiceGrpc$RaftServerProtocolServiceBlockingStub.requestVote(RaftServerProtocolServiceGrpc.java:265)
	at org.apache.ratis.grpc.server.GrpcServerProtocolClient.requestVote(GrpcServerProtocolClient.java:90)
	at org.apache.ratis.grpc.server.GrpcService.requestVote(GrpcService.java:204)
	at org.apache.ratis.server.impl.LeaderElection.lambda$submitRequests$1(LeaderElection.java:238)
	at java.util.concurrent.FutureTask.run(FutureTask.java:266)
	at java.util.concurrent.Executors$RunnableAdapter.call(Executors.java:511)
	at java.util.concurrent.FutureTask.run(FutureTask.java:266)
	at java.util.concurrent.ThreadPoolExecutor.runWorker(ThreadPoolExecutor.java:1149)
	at java.util.concurrent.ThreadPoolExecutor$Worker.run(ThreadPoolExecutor.java:624)
	... 1 more
Caused by: org.apache.ratis.thirdparty.io.netty.channel.AbstractChannel$AnnotatedConnectException: Connection refused: /192.168.34.37:42551
	at sun.nio.ch.SocketChannelImpl.checkConnect(Native Method)
	at sun.nio.ch.SocketChannelImpl.finishConnect(SocketChannelImpl.java:717)
	at org.apache.ratis.thirdparty.io.netty.channel.socket.nio.NioSocketChannel.doFinishConnect(NioSocketChannel.java:327)
	at org.apache.ratis.thirdparty.io.netty.channel.nio.AbstractNioChannel$AbstractNioUnsafe.finishConnect(AbstractNioChannel.java:340)
	at org.apache.ratis.thirdparty.io.netty.channel.nio.NioEventLoop.processSelectedKey(NioEventLoop.java:632)
	at org.apache.ratis.thirdparty.io.netty.channel.nio.NioEventLoop.processSelectedKeysOptimized(NioEventLoop.java:579)
	at org.apache.ratis.thirdparty.io.netty.channel.nio.NioEventLoop.processSelectedKeys(NioEventLoop.java:496)
	at org.apache.ratis.thirdparty.io.netty.channel.nio.NioEventLoop.run(NioEventLoop.java:458)
	at org.apache.ratis.thirdparty.io.netty.util.concurrent.SingleThreadEventExecutor$5.run(SingleThreadEventExecutor.java:897)
	at org.apache.ratis.thirdparty.io.netty.util.concurrent.FastThreadLocalRunnable.run(FastThreadLocalRunnable.java:30)
	... 1 more
Caused by: java.net.ConnectException: Connection refused
	... 11 more
2019-09-17 10:14:57,363 [cc01c7d5-5dcf-4408-8cdb-fcf6ab2d1d3a@group-2E14F5217065:LeaderElection25] INFO  impl.LeaderElection (LogUtils.java:infoOrTrace(149)) - cc01c7d5-5dcf-4408-8cdb-fcf6ab2d1d3a@group-2E14F5217065:LeaderElection25 got exception when requesting votes: {}
java.util.concurrent.ExecutionException: org.apache.ratis.thirdparty.io.grpc.StatusRuntimeException: UNAVAILABLE: io exception
	at java.util.concurrent.FutureTask.report(FutureTask.java:122)
	at java.util.concurrent.FutureTask.get(FutureTask.java:192)
	at org.apache.ratis.server.impl.LeaderElection.waitForResults(LeaderElection.java:263)
	at org.apache.ratis.server.impl.LeaderElection.askForVotes(LeaderElection.java:201)
	at org.apache.ratis.server.impl.LeaderElection.run(LeaderElection.java:133)
	at java.lang.Thread.run(Thread.java:748)
Caused by: org.apache.ratis.thirdparty.io.grpc.StatusRuntimeException: UNAVAILABLE: io exception
	at org.apache.ratis.thirdparty.io.grpc.stub.ClientCalls.toStatusRuntimeException(ClientCalls.java:233)
	at org.apache.ratis.thirdparty.io.grpc.stub.ClientCalls.getUnchecked(ClientCalls.java:214)
	at org.apache.ratis.thirdparty.io.grpc.stub.ClientCalls.blockingUnaryCall(ClientCalls.java:139)
	at org.apache.ratis.proto.grpc.RaftServerProtocolServiceGrpc$RaftServerProtocolServiceBlockingStub.requestVote(RaftServerProtocolServiceGrpc.java:265)
	at org.apache.ratis.grpc.server.GrpcServerProtocolClient.requestVote(GrpcServerProtocolClient.java:90)
	at org.apache.ratis.grpc.server.GrpcService.requestVote(GrpcService.java:204)
	at org.apache.ratis.server.impl.LeaderElection.lambda$submitRequests$1(LeaderElection.java:238)
	at java.util.concurrent.FutureTask.run(FutureTask.java:266)
	at java.util.concurrent.Executors$RunnableAdapter.call(Executors.java:511)
	at java.util.concurrent.FutureTask.run(FutureTask.java:266)
	at java.util.concurrent.ThreadPoolExecutor.runWorker(ThreadPoolExecutor.java:1149)
	at java.util.concurrent.ThreadPoolExecutor$Worker.run(ThreadPoolExecutor.java:624)
	... 1 more
Caused by: org.apache.ratis.thirdparty.io.netty.channel.AbstractChannel$AnnotatedConnectException: Connection refused: /192.168.34.37:40405
	at sun.nio.ch.SocketChannelImpl.checkConnect(Native Method)
	at sun.nio.ch.SocketChannelImpl.finishConnect(SocketChannelImpl.java:717)
	at org.apache.ratis.thirdparty.io.netty.channel.socket.nio.NioSocketChannel.doFinishConnect(NioSocketChannel.java:327)
	at org.apache.ratis.thirdparty.io.netty.channel.nio.AbstractNioChannel$AbstractNioUnsafe.finishConnect(AbstractNioChannel.java:340)
	at org.apache.ratis.thirdparty.io.netty.channel.nio.NioEventLoop.processSelectedKey(NioEventLoop.java:632)
	at org.apache.ratis.thirdparty.io.netty.channel.nio.NioEventLoop.processSelectedKeysOptimized(NioEventLoop.java:579)
	at org.apache.ratis.thirdparty.io.netty.channel.nio.NioEventLoop.processSelectedKeys(NioEventLoop.java:496)
	at org.apache.ratis.thirdparty.io.netty.channel.nio.NioEventLoop.run(NioEventLoop.java:458)
	at org.apache.ratis.thirdparty.io.netty.util.concurrent.SingleThreadEventExecutor$5.run(SingleThreadEventExecutor.java:897)
	at org.apache.ratis.thirdparty.io.netty.util.concurrent.FastThreadLocalRunnable.run(FastThreadLocalRunnable.java:30)
	... 1 more
Caused by: java.net.ConnectException: Connection refused
	... 11 more
2019-09-17 10:14:57,366 [cc01c7d5-5dcf-4408-8cdb-fcf6ab2d1d3a@group-2E14F5217065:LeaderElection25] INFO  impl.LeaderElection (LeaderElection.java:logAndReturn(56)) - cc01c7d5-5dcf-4408-8cdb-fcf6ab2d1d3a@group-2E14F5217065:LeaderElection25: Election REJECTED; received 0 response(s) [] and 2 exception(s); cc01c7d5-5dcf-4408-8cdb-fcf6ab2d1d3a@group-2E14F5217065:t5, leader=null, voted=cc01c7d5-5dcf-4408-8cdb-fcf6ab2d1d3a, raftlog=cc01c7d5-5dcf-4408-8cdb-fcf6ab2d1d3a@group-2E14F5217065-SegmentedRaftLog:OPENED:c16,f20,i20, conf=0: [cc01c7d5-5dcf-4408-8cdb-fcf6ab2d1d3a:192.168.34.37:38584, 95d6cb39-2a6f-4d2b-8ab1-47b9e22fb0ea:192.168.34.37:40405, 55583e5a-eaa2-4a32-b956-442090b04083:192.168.34.37:42551], old=null
2019-09-17 10:14:57,366 [cc01c7d5-5dcf-4408-8cdb-fcf6ab2d1d3a@group-2E14F5217065:LeaderElection25] INFO  impl.LeaderElection (LogUtils.java:infoOrTrace(149)) -   Exception 0: {}
java.util.concurrent.ExecutionException: org.apache.ratis.thirdparty.io.grpc.StatusRuntimeException: UNAVAILABLE: io exception
	at java.util.concurrent.FutureTask.report(FutureTask.java:122)
	at java.util.concurrent.FutureTask.get(FutureTask.java:192)
	at org.apache.ratis.server.impl.LeaderElection.waitForResults(LeaderElection.java:263)
	at org.apache.ratis.server.impl.LeaderElection.askForVotes(LeaderElection.java:201)
	at org.apache.ratis.server.impl.LeaderElection.run(LeaderElection.java:133)
	at java.lang.Thread.run(Thread.java:748)
Caused by: org.apache.ratis.thirdparty.io.grpc.StatusRuntimeException: UNAVAILABLE: io exception
	at org.apache.ratis.thirdparty.io.grpc.stub.ClientCalls.toStatusRuntimeException(ClientCalls.java:233)
	at org.apache.ratis.thirdparty.io.grpc.stub.ClientCalls.getUnchecked(ClientCalls.java:214)
	at org.apache.ratis.thirdparty.io.grpc.stub.ClientCalls.blockingUnaryCall(ClientCalls.java:139)
	at org.apache.ratis.proto.grpc.RaftServerProtocolServiceGrpc$RaftServerProtocolServiceBlockingStub.requestVote(RaftServerProtocolServiceGrpc.java:265)
	at org.apache.ratis.grpc.server.GrpcServerProtocolClient.requestVote(GrpcServerProtocolClient.java:90)
	at org.apache.ratis.grpc.server.GrpcService.requestVote(GrpcService.java:204)
	at org.apache.ratis.server.impl.LeaderElection.lambda$submitRequests$1(LeaderElection.java:238)
	at java.util.concurrent.FutureTask.run(FutureTask.java:266)
	at java.util.concurrent.Executors$RunnableAdapter.call(Executors.java:511)
	at java.util.concurrent.FutureTask.run(FutureTask.java:266)
	at java.util.concurrent.ThreadPoolExecutor.runWorker(ThreadPoolExecutor.java:1149)
	at java.util.concurrent.ThreadPoolExecutor$Worker.run(ThreadPoolExecutor.java:624)
	... 1 more
Caused by: org.apache.ratis.thirdparty.io.netty.channel.AbstractChannel$AnnotatedConnectException: Connection refused: /192.168.34.37:42551
	at sun.nio.ch.SocketChannelImpl.checkConnect(Native Method)
	at sun.nio.ch.SocketChannelImpl.finishConnect(SocketChannelImpl.java:717)
	at org.apache.ratis.thirdparty.io.netty.channel.socket.nio.NioSocketChannel.doFinishConnect(NioSocketChannel.java:327)
	at org.apache.ratis.thirdparty.io.netty.channel.nio.AbstractNioChannel$AbstractNioUnsafe.finishConnect(AbstractNioChannel.java:340)
	at org.apache.ratis.thirdparty.io.netty.channel.nio.NioEventLoop.processSelectedKey(NioEventLoop.java:632)
	at org.apache.ratis.thirdparty.io.netty.channel.nio.NioEventLoop.processSelectedKeysOptimized(NioEventLoop.java:579)
	at org.apache.ratis.thirdparty.io.netty.channel.nio.NioEventLoop.processSelectedKeys(NioEventLoop.java:496)
	at org.apache.ratis.thirdparty.io.netty.channel.nio.NioEventLoop.run(NioEventLoop.java:458)
	at org.apache.ratis.thirdparty.io.netty.util.concurrent.SingleThreadEventExecutor$5.run(SingleThreadEventExecutor.java:897)
	at org.apache.ratis.thirdparty.io.netty.util.concurrent.FastThreadLocalRunnable.run(FastThreadLocalRunnable.java:30)
	... 1 more
Caused by: java.net.ConnectException: Connection refused
	... 11 more
2019-09-17 10:14:57,366 [cc01c7d5-5dcf-4408-8cdb-fcf6ab2d1d3a@group-2E14F5217065:LeaderElection25] INFO  impl.LeaderElection (LogUtils.java:infoOrTrace(149)) -   Exception 1: {}
java.util.concurrent.ExecutionException: org.apache.ratis.thirdparty.io.grpc.StatusRuntimeException: UNAVAILABLE: io exception
	at java.util.concurrent.FutureTask.report(FutureTask.java:122)
	at java.util.concurrent.FutureTask.get(FutureTask.java:192)
	at org.apache.ratis.server.impl.LeaderElection.waitForResults(LeaderElection.java:263)
	at org.apache.ratis.server.impl.LeaderElection.askForVotes(LeaderElection.java:201)
	at org.apache.ratis.server.impl.LeaderElection.run(LeaderElection.java:133)
	at java.lang.Thread.run(Thread.java:748)
Caused by: org.apache.ratis.thirdparty.io.grpc.StatusRuntimeException: UNAVAILABLE: io exception
	at org.apache.ratis.thirdparty.io.grpc.stub.ClientCalls.toStatusRuntimeException(ClientCalls.java:233)
	at org.apache.ratis.thirdparty.io.grpc.stub.ClientCalls.getUnchecked(ClientCalls.java:214)
	at org.apache.ratis.thirdparty.io.grpc.stub.ClientCalls.blockingUnaryCall(ClientCalls.java:139)
	at org.apache.ratis.proto.grpc.RaftServerProtocolServiceGrpc$RaftServerProtocolServiceBlockingStub.requestVote(RaftServerProtocolServiceGrpc.java:265)
	at org.apache.ratis.grpc.server.GrpcServerProtocolClient.requestVote(GrpcServerProtocolClient.java:90)
	at org.apache.ratis.grpc.server.GrpcService.requestVote(GrpcService.java:204)
	at org.apache.ratis.server.impl.LeaderElection.lambda$submitRequests$1(LeaderElection.java:238)
	at java.util.concurrent.FutureTask.run(FutureTask.java:266)
	at java.util.concurrent.Executors$RunnableAdapter.call(Executors.java:511)
	at java.util.concurrent.FutureTask.run(FutureTask.java:266)
	at java.util.concurrent.ThreadPoolExecutor.runWorker(ThreadPoolExecutor.java:1149)
	at java.util.concurrent.ThreadPoolExecutor$Worker.run(ThreadPoolExecutor.java:624)
	... 1 more
Caused by: org.apache.ratis.thirdparty.io.netty.channel.AbstractChannel$AnnotatedConnectException: Connection refused: /192.168.34.37:40405
	at sun.nio.ch.SocketChannelImpl.checkConnect(Native Method)
	at sun.nio.ch.SocketChannelImpl.finishConnect(SocketChannelImpl.java:717)
	at org.apache.ratis.thirdparty.io.netty.channel.socket.nio.NioSocketChannel.doFinishConnect(NioSocketChannel.java:327)
	at org.apache.ratis.thirdparty.io.netty.channel.nio.AbstractNioChannel$AbstractNioUnsafe.finishConnect(AbstractNioChannel.java:340)
	at org.apache.ratis.thirdparty.io.netty.channel.nio.NioEventLoop.processSelectedKey(NioEventLoop.java:632)
	at org.apache.ratis.thirdparty.io.netty.channel.nio.NioEventLoop.processSelectedKeysOptimized(NioEventLoop.java:579)
	at org.apache.ratis.thirdparty.io.netty.channel.nio.NioEventLoop.processSelectedKeys(NioEventLoop.java:496)
	at org.apache.ratis.thirdparty.io.netty.channel.nio.NioEventLoop.run(NioEventLoop.java:458)
	at org.apache.ratis.thirdparty.io.netty.util.concurrent.SingleThreadEventExecutor$5.run(SingleThreadEventExecutor.java:897)
	at org.apache.ratis.thirdparty.io.netty.util.concurrent.FastThreadLocalRunnable.run(FastThreadLocalRunnable.java:30)
	... 1 more
Caused by: java.net.ConnectException: Connection refused
	... 11 more
2019-09-17 10:14:57,366 [cc01c7d5-5dcf-4408-8cdb-fcf6ab2d1d3a@group-2E14F5217065:LeaderElection25] INFO  impl.RaftServerImpl (RaftServerImpl.java:setRole(174)) - cc01c7d5-5dcf-4408-8cdb-fcf6ab2d1d3a@group-2E14F5217065: changes role from CANDIDATE to FOLLOWER at term 5 for DISCOVERED_A_NEW_TERM
2019-09-17 10:14:57,368 [cc01c7d5-5dcf-4408-8cdb-fcf6ab2d1d3a@group-2E14F5217065:LeaderElection25] INFO  impl.RoleInfo (RoleInfo.java:shutdownLeaderElection(134)) - cc01c7d5-5dcf-4408-8cdb-fcf6ab2d1d3a: shutdown LeaderElection
2019-09-17 10:14:57,368 [cc01c7d5-5dcf-4408-8cdb-fcf6ab2d1d3a@group-2E14F5217065:LeaderElection25] INFO  impl.RoleInfo (RoleInfo.java:updateAndGet(143)) - cc01c7d5-5dcf-4408-8cdb-fcf6ab2d1d3a: start FollowerState
2019-09-17 10:14:57,758 [java.util.concurrent.ThreadPoolExecutor$Worker@4a8ecabd[State = -1, empty queue]] WARN  server.GrpcLogAppender (GrpcLogAppender.java:timeoutAppendRequest(200)) - 1d843e0b-d448-4c1d-904a-b8b79ddf8dfc@group-C922F90D4541->7be722d9-df7a-49b7-8861-987a973deb04-GrpcLogAppender: appendEntries Timeout, request=1d843e0b-d448-4c1d-904a-b8b79ddf8dfc->7be722d9-df7a-49b7-8861-987a973deb04#189-t2, previous=(t:2, i:35), leaderCommit=31, initializing? false, entries: <empty>
2019-09-17 10:14:57,792 [grpc-default-executor-17] WARN  server.GrpcLogAppender (LogUtils.java:warn(134)) - 1d843e0b-d448-4c1d-904a-b8b79ddf8dfc@group-C922F90D4541->1303f52d-d2af-4d51-a297-b30474c81d0b-AppendLogResponseHandler: Failed appendEntries: org.apache.ratis.thirdparty.io.grpc.StatusRuntimeException: UNAVAILABLE: io exception
2019-09-17 10:14:57,793 [grpc-default-executor-17] INFO  impl.FollowerInfo (FollowerInfo.java:lambda$new$0(51)) - 1d843e0b-d448-4c1d-904a-b8b79ddf8dfc@group-C922F90D4541->1303f52d-d2af-4d51-a297-b30474c81d0b: nextIndex: updateUnconditionally 24 -> 23
2019-09-17 10:14:58,258 [java.util.concurrent.ThreadPoolExecutor$Worker@4a8ecabd[State = -1, empty queue]] WARN  server.GrpcLogAppender (GrpcLogAppender.java:timeoutAppendRequest(200)) - 1d843e0b-d448-4c1d-904a-b8b79ddf8dfc@group-C922F90D4541->7be722d9-df7a-49b7-8861-987a973deb04-GrpcLogAppender: appendEntries Timeout, request=1d843e0b-d448-4c1d-904a-b8b79ddf8dfc->7be722d9-df7a-49b7-8861-987a973deb04#190-t2, previous=(t:2, i:35), leaderCommit=31, initializing? false, entries: <empty>
2019-09-17 10:14:58,293 [grpc-default-executor-8] WARN  server.GrpcLogAppender (LogUtils.java:warn(134)) - 1d843e0b-d448-4c1d-904a-b8b79ddf8dfc@group-C922F90D4541->1303f52d-d2af-4d51-a297-b30474c81d0b-AppendLogResponseHandler: Failed appendEntries: org.apache.ratis.thirdparty.io.grpc.StatusRuntimeException: UNAVAILABLE: io exception
2019-09-17 10:14:58,294 [grpc-default-executor-8] INFO  impl.FollowerInfo (FollowerInfo.java:lambda$new$0(51)) - 1d843e0b-d448-4c1d-904a-b8b79ddf8dfc@group-C922F90D4541->1303f52d-d2af-4d51-a297-b30474c81d0b: nextIndex: updateUnconditionally 23 -> 22
2019-09-17 10:14:58,480 [Thread-1450] INFO  impl.FollowerState (FollowerState.java:run(106)) - cc01c7d5-5dcf-4408-8cdb-fcf6ab2d1d3a:group-2E14F5217065 changes to CANDIDATE, lastRpcTime:1111, electionTimeout:1110ms
2019-09-17 10:14:58,481 [Thread-1450] INFO  impl.RoleInfo (RoleInfo.java:shutdownFollowerState(121)) - cc01c7d5-5dcf-4408-8cdb-fcf6ab2d1d3a: shutdown FollowerState
2019-09-17 10:14:58,481 [Thread-1450] INFO  impl.RaftServerImpl (RaftServerImpl.java:setRole(174)) - cc01c7d5-5dcf-4408-8cdb-fcf6ab2d1d3a@group-2E14F5217065: changes role from  FOLLOWER to CANDIDATE at term 5 for changeToCandidate
2019-09-17 10:14:58,481 [Thread-1450] INFO  impl.RoleInfo (RoleInfo.java:updateAndGet(143)) - cc01c7d5-5dcf-4408-8cdb-fcf6ab2d1d3a: start LeaderElection
2019-09-17 10:14:58,500 [cc01c7d5-5dcf-4408-8cdb-fcf6ab2d1d3a@group-2E14F5217065:LeaderElection26] INFO  impl.LeaderElection (LeaderElection.java:askForVotes(182)) - cc01c7d5-5dcf-4408-8cdb-fcf6ab2d1d3a@group-2E14F5217065:LeaderElection26: begin an election at term 6 for 0: [cc01c7d5-5dcf-4408-8cdb-fcf6ab2d1d3a:192.168.34.37:38584, 95d6cb39-2a6f-4d2b-8ab1-47b9e22fb0ea:192.168.34.37:40405, 55583e5a-eaa2-4a32-b956-442090b04083:192.168.34.37:42551], old=null
2019-09-17 10:14:58,502 [cc01c7d5-5dcf-4408-8cdb-fcf6ab2d1d3a@group-2E14F5217065:LeaderElection26] INFO  impl.LeaderElection (LogUtils.java:infoOrTrace(149)) - cc01c7d5-5dcf-4408-8cdb-fcf6ab2d1d3a@group-2E14F5217065:LeaderElection26 got exception when requesting votes: {}
java.util.concurrent.ExecutionException: org.apache.ratis.thirdparty.io.grpc.StatusRuntimeException: UNAVAILABLE: io exception
	at java.util.concurrent.FutureTask.report(FutureTask.java:122)
	at java.util.concurrent.FutureTask.get(FutureTask.java:192)
	at org.apache.ratis.server.impl.LeaderElection.waitForResults(LeaderElection.java:263)
	at org.apache.ratis.server.impl.LeaderElection.askForVotes(LeaderElection.java:201)
	at org.apache.ratis.server.impl.LeaderElection.run(LeaderElection.java:133)
	at java.lang.Thread.run(Thread.java:748)
Caused by: org.apache.ratis.thirdparty.io.grpc.StatusRuntimeException: UNAVAILABLE: io exception
	at org.apache.ratis.thirdparty.io.grpc.stub.ClientCalls.toStatusRuntimeException(ClientCalls.java:233)
	at org.apache.ratis.thirdparty.io.grpc.stub.ClientCalls.getUnchecked(ClientCalls.java:214)
	at org.apache.ratis.thirdparty.io.grpc.stub.ClientCalls.blockingUnaryCall(ClientCalls.java:139)
	at org.apache.ratis.proto.grpc.RaftServerProtocolServiceGrpc$RaftServerProtocolServiceBlockingStub.requestVote(RaftServerProtocolServiceGrpc.java:265)
	at org.apache.ratis.grpc.server.GrpcServerProtocolClient.requestVote(GrpcServerProtocolClient.java:90)
	at org.apache.ratis.grpc.server.GrpcService.requestVote(GrpcService.java:204)
	at org.apache.ratis.server.impl.LeaderElection.lambda$submitRequests$1(LeaderElection.java:238)
	at java.util.concurrent.FutureTask.run(FutureTask.java:266)
	at java.util.concurrent.Executors$RunnableAdapter.call(Executors.java:511)
	at java.util.concurrent.FutureTask.run(FutureTask.java:266)
	at java.util.concurrent.ThreadPoolExecutor.runWorker(ThreadPoolExecutor.java:1149)
	at java.util.concurrent.ThreadPoolExecutor$Worker.run(ThreadPoolExecutor.java:624)
	... 1 more
Caused by: org.apache.ratis.thirdparty.io.netty.channel.AbstractChannel$AnnotatedConnectException: Connection refused: /192.168.34.37:40405
	at sun.nio.ch.SocketChannelImpl.checkConnect(Native Method)
	at sun.nio.ch.SocketChannelImpl.finishConnect(SocketChannelImpl.java:717)
	at org.apache.ratis.thirdparty.io.netty.channel.socket.nio.NioSocketChannel.doFinishConnect(NioSocketChannel.java:327)
	at org.apache.ratis.thirdparty.io.netty.channel.nio.AbstractNioChannel$AbstractNioUnsafe.finishConnect(AbstractNioChannel.java:340)
	at org.apache.ratis.thirdparty.io.netty.channel.nio.NioEventLoop.processSelectedKey(NioEventLoop.java:632)
	at org.apache.ratis.thirdparty.io.netty.channel.nio.NioEventLoop.processSelectedKeysOptimized(NioEventLoop.java:579)
	at org.apache.ratis.thirdparty.io.netty.channel.nio.NioEventLoop.processSelectedKeys(NioEventLoop.java:496)
	at org.apache.ratis.thirdparty.io.netty.channel.nio.NioEventLoop.run(NioEventLoop.java:458)
	at org.apache.ratis.thirdparty.io.netty.util.concurrent.SingleThreadEventExecutor$5.run(SingleThreadEventExecutor.java:897)
	at org.apache.ratis.thirdparty.io.netty.util.concurrent.FastThreadLocalRunnable.run(FastThreadLocalRunnable.java:30)
	... 1 more
Caused by: java.net.ConnectException: Connection refused
	... 11 more
2019-09-17 10:14:58,506 [cc01c7d5-5dcf-4408-8cdb-fcf6ab2d1d3a@group-2E14F5217065:LeaderElection26] INFO  impl.LeaderElection (LogUtils.java:infoOrTrace(149)) - cc01c7d5-5dcf-4408-8cdb-fcf6ab2d1d3a@group-2E14F5217065:LeaderElection26 got exception when requesting votes: {}
java.util.concurrent.ExecutionException: org.apache.ratis.thirdparty.io.grpc.StatusRuntimeException: UNAVAILABLE: io exception
	at java.util.concurrent.FutureTask.report(FutureTask.java:122)
	at java.util.concurrent.FutureTask.get(FutureTask.java:192)
	at org.apache.ratis.server.impl.LeaderElection.waitForResults(LeaderElection.java:263)
	at org.apache.ratis.server.impl.LeaderElection.askForVotes(LeaderElection.java:201)
	at org.apache.ratis.server.impl.LeaderElection.run(LeaderElection.java:133)
	at java.lang.Thread.run(Thread.java:748)
Caused by: org.apache.ratis.thirdparty.io.grpc.StatusRuntimeException: UNAVAILABLE: io exception
	at org.apache.ratis.thirdparty.io.grpc.stub.ClientCalls.toStatusRuntimeException(ClientCalls.java:233)
	at org.apache.ratis.thirdparty.io.grpc.stub.ClientCalls.getUnchecked(ClientCalls.java:214)
	at org.apache.ratis.thirdparty.io.grpc.stub.ClientCalls.blockingUnaryCall(ClientCalls.java:139)
	at org.apache.ratis.proto.grpc.RaftServerProtocolServiceGrpc$RaftServerProtocolServiceBlockingStub.requestVote(RaftServerProtocolServiceGrpc.java:265)
	at org.apache.ratis.grpc.server.GrpcServerProtocolClient.requestVote(GrpcServerProtocolClient.java:90)
	at org.apache.ratis.grpc.server.GrpcService.requestVote(GrpcService.java:204)
	at org.apache.ratis.server.impl.LeaderElection.lambda$submitRequests$1(LeaderElection.java:238)
	at java.util.concurrent.FutureTask.run(FutureTask.java:266)
	at java.util.concurrent.Executors$RunnableAdapter.call(Executors.java:511)
	at java.util.concurrent.FutureTask.run(FutureTask.java:266)
	at java.util.concurrent.ThreadPoolExecutor.runWorker(ThreadPoolExecutor.java:1149)
	at java.util.concurrent.ThreadPoolExecutor$Worker.run(ThreadPoolExecutor.java:624)
	... 1 more
Caused by: org.apache.ratis.thirdparty.io.netty.channel.AbstractChannel$AnnotatedConnectException: Connection refused: /192.168.34.37:42551
	at sun.nio.ch.SocketChannelImpl.checkConnect(Native Method)
	at sun.nio.ch.SocketChannelImpl.finishConnect(SocketChannelImpl.java:717)
	at org.apache.ratis.thirdparty.io.netty.channel.socket.nio.NioSocketChannel.doFinishConnect(NioSocketChannel.java:327)
	at org.apache.ratis.thirdparty.io.netty.channel.nio.AbstractNioChannel$AbstractNioUnsafe.finishConnect(AbstractNioChannel.java:340)
	at org.apache.ratis.thirdparty.io.netty.channel.nio.NioEventLoop.processSelectedKey(NioEventLoop.java:632)
	at org.apache.ratis.thirdparty.io.netty.channel.nio.NioEventLoop.processSelectedKeysOptimized(NioEventLoop.java:579)
	at org.apache.ratis.thirdparty.io.netty.channel.nio.NioEventLoop.processSelectedKeys(NioEventLoop.java:496)
	at org.apache.ratis.thirdparty.io.netty.channel.nio.NioEventLoop.run(NioEventLoop.java:458)
	at org.apache.ratis.thirdparty.io.netty.util.concurrent.SingleThreadEventExecutor$5.run(SingleThreadEventExecutor.java:897)
	at org.apache.ratis.thirdparty.io.netty.util.concurrent.FastThreadLocalRunnable.run(FastThreadLocalRunnable.java:30)
	... 1 more
Caused by: java.net.ConnectException: Connection refused
	... 11 more
2019-09-17 10:14:58,509 [cc01c7d5-5dcf-4408-8cdb-fcf6ab2d1d3a@group-2E14F5217065:LeaderElection26] INFO  impl.LeaderElection (LeaderElection.java:logAndReturn(56)) - cc01c7d5-5dcf-4408-8cdb-fcf6ab2d1d3a@group-2E14F5217065:LeaderElection26: Election REJECTED; received 0 response(s) [] and 2 exception(s); cc01c7d5-5dcf-4408-8cdb-fcf6ab2d1d3a@group-2E14F5217065:t6, leader=null, voted=cc01c7d5-5dcf-4408-8cdb-fcf6ab2d1d3a, raftlog=cc01c7d5-5dcf-4408-8cdb-fcf6ab2d1d3a@group-2E14F5217065-SegmentedRaftLog:OPENED:c16,f20,i20, conf=0: [cc01c7d5-5dcf-4408-8cdb-fcf6ab2d1d3a:192.168.34.37:38584, 95d6cb39-2a6f-4d2b-8ab1-47b9e22fb0ea:192.168.34.37:40405, 55583e5a-eaa2-4a32-b956-442090b04083:192.168.34.37:42551], old=null
2019-09-17 10:14:58,509 [cc01c7d5-5dcf-4408-8cdb-fcf6ab2d1d3a@group-2E14F5217065:LeaderElection26] INFO  impl.LeaderElection (LogUtils.java:infoOrTrace(149)) -   Exception 0: {}
java.util.concurrent.ExecutionException: org.apache.ratis.thirdparty.io.grpc.StatusRuntimeException: UNAVAILABLE: io exception
	at java.util.concurrent.FutureTask.report(FutureTask.java:122)
	at java.util.concurrent.FutureTask.get(FutureTask.java:192)
	at org.apache.ratis.server.impl.LeaderElection.waitForResults(LeaderElection.java:263)
	at org.apache.ratis.server.impl.LeaderElection.askForVotes(LeaderElection.java:201)
	at org.apache.ratis.server.impl.LeaderElection.run(LeaderElection.java:133)
	at java.lang.Thread.run(Thread.java:748)
Caused by: org.apache.ratis.thirdparty.io.grpc.StatusRuntimeException: UNAVAILABLE: io exception
	at org.apache.ratis.thirdparty.io.grpc.stub.ClientCalls.toStatusRuntimeException(ClientCalls.java:233)
	at org.apache.ratis.thirdparty.io.grpc.stub.ClientCalls.getUnchecked(ClientCalls.java:214)
	at org.apache.ratis.thirdparty.io.grpc.stub.ClientCalls.blockingUnaryCall(ClientCalls.java:139)
	at org.apache.ratis.proto.grpc.RaftServerProtocolServiceGrpc$RaftServerProtocolServiceBlockingStub.requestVote(RaftServerProtocolServiceGrpc.java:265)
	at org.apache.ratis.grpc.server.GrpcServerProtocolClient.requestVote(GrpcServerProtocolClient.java:90)
	at org.apache.ratis.grpc.server.GrpcService.requestVote(GrpcService.java:204)
	at org.apache.ratis.server.impl.LeaderElection.lambda$submitRequests$1(LeaderElection.java:238)
	at java.util.concurrent.FutureTask.run(FutureTask.java:266)
	at java.util.concurrent.Executors$RunnableAdapter.call(Executors.java:511)
	at java.util.concurrent.FutureTask.run(FutureTask.java:266)
	at java.util.concurrent.ThreadPoolExecutor.runWorker(ThreadPoolExecutor.java:1149)
	at java.util.concurrent.ThreadPoolExecutor$Worker.run(ThreadPoolExecutor.java:624)
	... 1 more
Caused by: org.apache.ratis.thirdparty.io.netty.channel.AbstractChannel$AnnotatedConnectException: Connection refused: /192.168.34.37:40405
	at sun.nio.ch.SocketChannelImpl.checkConnect(Native Method)
	at sun.nio.ch.SocketChannelImpl.finishConnect(SocketChannelImpl.java:717)
	at org.apache.ratis.thirdparty.io.netty.channel.socket.nio.NioSocketChannel.doFinishConnect(NioSocketChannel.java:327)
	at org.apache.ratis.thirdparty.io.netty.channel.nio.AbstractNioChannel$AbstractNioUnsafe.finishConnect(AbstractNioChannel.java:340)
	at org.apache.ratis.thirdparty.io.netty.channel.nio.NioEventLoop.processSelectedKey(NioEventLoop.java:632)
	at org.apache.ratis.thirdparty.io.netty.channel.nio.NioEventLoop.processSelectedKeysOptimized(NioEventLoop.java:579)
	at org.apache.ratis.thirdparty.io.netty.channel.nio.NioEventLoop.processSelectedKeys(NioEventLoop.java:496)
	at org.apache.ratis.thirdparty.io.netty.channel.nio.NioEventLoop.run(NioEventLoop.java:458)
	at org.apache.ratis.thirdparty.io.netty.util.concurrent.SingleThreadEventExecutor$5.run(SingleThreadEventExecutor.java:897)
	at org.apache.ratis.thirdparty.io.netty.util.concurrent.FastThreadLocalRunnable.run(FastThreadLocalRunnable.java:30)
	... 1 more
Caused by: java.net.ConnectException: Connection refused
	... 11 more
2019-09-17 10:14:58,511 [cc01c7d5-5dcf-4408-8cdb-fcf6ab2d1d3a@group-2E14F5217065:LeaderElection26] INFO  impl.LeaderElection (LogUtils.java:infoOrTrace(149)) -   Exception 1: {}
java.util.concurrent.ExecutionException: org.apache.ratis.thirdparty.io.grpc.StatusRuntimeException: UNAVAILABLE: io exception
	at java.util.concurrent.FutureTask.report(FutureTask.java:122)
	at java.util.concurrent.FutureTask.get(FutureTask.java:192)
	at org.apache.ratis.server.impl.LeaderElection.waitForResults(LeaderElection.java:263)
	at org.apache.ratis.server.impl.LeaderElection.askForVotes(LeaderElection.java:201)
	at org.apache.ratis.server.impl.LeaderElection.run(LeaderElection.java:133)
	at java.lang.Thread.run(Thread.java:748)
Caused by: org.apache.ratis.thirdparty.io.grpc.StatusRuntimeException: UNAVAILABLE: io exception
	at org.apache.ratis.thirdparty.io.grpc.stub.ClientCalls.toStatusRuntimeException(ClientCalls.java:233)
	at org.apache.ratis.thirdparty.io.grpc.stub.ClientCalls.getUnchecked(ClientCalls.java:214)
	at org.apache.ratis.thirdparty.io.grpc.stub.ClientCalls.blockingUnaryCall(ClientCalls.java:139)
	at org.apache.ratis.proto.grpc.RaftServerProtocolServiceGrpc$RaftServerProtocolServiceBlockingStub.requestVote(RaftServerProtocolServiceGrpc.java:265)
	at org.apache.ratis.grpc.server.GrpcServerProtocolClient.requestVote(GrpcServerProtocolClient.java:90)
	at org.apache.ratis.grpc.server.GrpcService.requestVote(GrpcService.java:204)
	at org.apache.ratis.server.impl.LeaderElection.lambda$submitRequests$1(LeaderElection.java:238)
	at java.util.concurrent.FutureTask.run(FutureTask.java:266)
	at java.util.concurrent.Executors$RunnableAdapter.call(Executors.java:511)
	at java.util.concurrent.FutureTask.run(FutureTask.java:266)
	at java.util.concurrent.ThreadPoolExecutor.runWorker(ThreadPoolExecutor.java:1149)
	at java.util.concurrent.ThreadPoolExecutor$Worker.run(ThreadPoolExecutor.java:624)
	... 1 more
Caused by: org.apache.ratis.thirdparty.io.netty.channel.AbstractChannel$AnnotatedConnectException: Connection refused: /192.168.34.37:42551
	at sun.nio.ch.SocketChannelImpl.checkConnect(Native Method)
	at sun.nio.ch.SocketChannelImpl.finishConnect(SocketChannelImpl.java:717)
	at org.apache.ratis.thirdparty.io.netty.channel.socket.nio.NioSocketChannel.doFinishConnect(NioSocketChannel.java:327)
	at org.apache.ratis.thirdparty.io.netty.channel.nio.AbstractNioChannel$AbstractNioUnsafe.finishConnect(AbstractNioChannel.java:340)
	at org.apache.ratis.thirdparty.io.netty.channel.nio.NioEventLoop.processSelectedKey(NioEventLoop.java:632)
	at org.apache.ratis.thirdparty.io.netty.channel.nio.NioEventLoop.processSelectedKeysOptimized(NioEventLoop.java:579)
	at org.apache.ratis.thirdparty.io.netty.channel.nio.NioEventLoop.processSelectedKeys(NioEventLoop.java:496)
	at org.apache.ratis.thirdparty.io.netty.channel.nio.NioEventLoop.run(NioEventLoop.java:458)
	at org.apache.ratis.thirdparty.io.netty.util.concurrent.SingleThreadEventExecutor$5.run(SingleThreadEventExecutor.java:897)
	at org.apache.ratis.thirdparty.io.netty.util.concurrent.FastThreadLocalRunnable.run(FastThreadLocalRunnable.java:30)
	... 1 more
Caused by: java.net.ConnectException: Connection refused
	... 11 more
2019-09-17 10:14:58,511 [cc01c7d5-5dcf-4408-8cdb-fcf6ab2d1d3a@group-2E14F5217065:LeaderElection26] INFO  impl.RaftServerImpl (RaftServerImpl.java:setRole(174)) - cc01c7d5-5dcf-4408-8cdb-fcf6ab2d1d3a@group-2E14F5217065: changes role from CANDIDATE to FOLLOWER at term 6 for DISCOVERED_A_NEW_TERM
2019-09-17 10:14:58,513 [cc01c7d5-5dcf-4408-8cdb-fcf6ab2d1d3a@group-2E14F5217065:LeaderElection26] INFO  impl.RoleInfo (RoleInfo.java:shutdownLeaderElection(134)) - cc01c7d5-5dcf-4408-8cdb-fcf6ab2d1d3a: shutdown LeaderElection
2019-09-17 10:14:58,513 [cc01c7d5-5dcf-4408-8cdb-fcf6ab2d1d3a@group-2E14F5217065:LeaderElection26] INFO  impl.RoleInfo (RoleInfo.java:updateAndGet(143)) - cc01c7d5-5dcf-4408-8cdb-fcf6ab2d1d3a: start FollowerState
2019-09-17 10:14:58,759 [java.util.concurrent.ThreadPoolExecutor$Worker@4a8ecabd[State = -1, empty queue]] WARN  server.GrpcLogAppender (GrpcLogAppender.java:timeoutAppendRequest(200)) - 1d843e0b-d448-4c1d-904a-b8b79ddf8dfc@group-C922F90D4541->7be722d9-df7a-49b7-8861-987a973deb04-GrpcLogAppender: appendEntries Timeout, request=1d843e0b-d448-4c1d-904a-b8b79ddf8dfc->7be722d9-df7a-49b7-8861-987a973deb04#191-t2, previous=(t:2, i:35), leaderCommit=31, initializing? false, entries: <empty>
2019-09-17 10:14:58,797 [grpc-default-executor-4] WARN  server.GrpcLogAppender (LogUtils.java:warn(134)) - 1d843e0b-d448-4c1d-904a-b8b79ddf8dfc@group-C922F90D4541->1303f52d-d2af-4d51-a297-b30474c81d0b-AppendLogResponseHandler: Failed appendEntries: org.apache.ratis.thirdparty.io.grpc.StatusRuntimeException: UNAVAILABLE: io exception
2019-09-17 10:14:58,799 [grpc-default-executor-4] INFO  impl.FollowerInfo (FollowerInfo.java:lambda$new$0(51)) - 1d843e0b-d448-4c1d-904a-b8b79ddf8dfc@group-C922F90D4541->1303f52d-d2af-4d51-a297-b30474c81d0b: nextIndex: updateUnconditionally 22 -> 21
2019-09-17 10:14:58,837 [ForkJoinPool.commonPool-worker-0] INFO  ozoneimpl.OzoneContainer (OzoneContainer.java:stop(231)) - Attempting to stop container services.
2019-09-17 10:14:58,837 [ForkJoinPool.commonPool-worker-0] INFO  impl.RaftServerProxy (RaftServerProxy.java:lambda$close$4(314)) - cc01c7d5-5dcf-4408-8cdb-fcf6ab2d1d3a: close
2019-09-17 10:14:58,838 [ForkJoinPool.commonPool-worker-0] INFO  impl.RaftServerImpl (RaftServerImpl.java:lambda$shutdown$3(251)) - cc01c7d5-5dcf-4408-8cdb-fcf6ab2d1d3a@group-2E14F5217065: shutdown
2019-09-17 10:14:58,838 [ForkJoinPool.commonPool-worker-0] INFO  util.JmxRegister (JmxRegister.java:unregister(73)) - Successfully un-registered JMX Bean with object name Ratis:service=RaftServer,group=group-2E14F5217065,id=cc01c7d5-5dcf-4408-8cdb-fcf6ab2d1d3a
2019-09-17 10:14:58,839 [ForkJoinPool.commonPool-worker-0] INFO  impl.RoleInfo (RoleInfo.java:shutdownFollowerState(121)) - cc01c7d5-5dcf-4408-8cdb-fcf6ab2d1d3a: shutdown FollowerState
2019-09-17 10:14:58,839 [ForkJoinPool.commonPool-worker-0] INFO  impl.StateMachineUpdater (StateMachineUpdater.java:stopAndJoin(125)) - cc01c7d5-5dcf-4408-8cdb-fcf6ab2d1d3a@group-2E14F5217065-StateMachineUpdater: set stopIndex = 16
2019-09-17 10:14:58,839 [cc01c7d5-5dcf-4408-8cdb-fcf6ab2d1d3a@group-2E14F5217065-StateMachineUpdater] INFO  ratis.ContainerStateMachine (ContainerStateMachine.java:takeSnapshot(289)) - group-2E14F5217065: Taking a snapshot at:(t:2, i:12) file /workdir/hadoop-ozone/integration-test/target/test-dir/MiniOzoneClusterImpl-79292457-8b46-4756-affc-c3b1963f1051/datanode-4/data/ratis/29db28c8-f8cf-4658-9604-2e14f5217065/sm/snapshot.2_12
2019-09-17 10:14:58,839 [Thread-1456] INFO  impl.FollowerState (FollowerState.java:run(115)) - cc01c7d5-5dcf-4408-8cdb-fcf6ab2d1d3a: FollowerState was interrupted: java.lang.InterruptedException: sleep interrupted
2019-09-17 10:14:58,844 [main] INFO  ozoneimpl.OzoneContainer (OzoneContainer.java:stop(231)) - Attempting to stop container services.
2019-09-17 10:14:58,845 [main] INFO  impl.RaftServerProxy (RaftServerProxy.java:lambda$close$4(314)) - cd7fb81c-86a4-4055-b819-d84d71d1e03b: close
2019-09-17 10:14:58,845 [main] INFO  impl.RaftServerImpl (RaftServerImpl.java:lambda$shutdown$3(251)) - cd7fb81c-86a4-4055-b819-d84d71d1e03b@group-2C85587F8A6D: shutdown
2019-09-17 10:14:58,845 [main] INFO  util.JmxRegister (JmxRegister.java:unregister(73)) - Successfully un-registered JMX Bean with object name Ratis:service=RaftServer,group=group-2C85587F8A6D,id=cd7fb81c-86a4-4055-b819-d84d71d1e03b
2019-09-17 10:14:58,845 [main] INFO  impl.RoleInfo (RoleInfo.java:shutdownLeaderState(104)) - cd7fb81c-86a4-4055-b819-d84d71d1e03b: shutdown LeaderState
2019-09-17 10:14:58,846 [main] INFO  impl.PendingRequests (PendingRequests.java:sendNotLeaderResponses(202)) - cd7fb81c-86a4-4055-b819-d84d71d1e03b-PendingRequests: sendNotLeaderResponses
2019-09-17 10:14:58,846 [main] INFO  impl.StateMachineUpdater (StateMachineUpdater.java:stopAndJoin(125)) - cd7fb81c-86a4-4055-b819-d84d71d1e03b@group-2C85587F8A6D-StateMachineUpdater: set stopIndex = 0
2019-09-17 10:14:58,847 [main] INFO  impl.RaftServerImpl (ServerState.java:close(385)) - cd7fb81c-86a4-4055-b819-d84d71d1e03b@group-2C85587F8A6D: closes. applyIndex: 0
2019-09-17 10:14:58,848 [cd7fb81c-86a4-4055-b819-d84d71d1e03b@group-2C85587F8A6D-SegmentedRaftLogWorker] INFO  segmented.SegmentedRaftLogWorker (SegmentedRaftLogWorker.java:run(313)) - cd7fb81c-86a4-4055-b819-d84d71d1e03b@group-2C85587F8A6D-SegmentedRaftLogWorker was interrupted, exiting. There are 0 tasks remaining in the queue.
2019-09-17 10:14:58,848 [main] INFO  segmented.SegmentedRaftLogWorker (SegmentedRaftLogWorker.java:close(228)) - cd7fb81c-86a4-4055-b819-d84d71d1e03b@group-2C85587F8A6D-SegmentedRaftLogWorker close()
2019-09-17 10:14:58,850 [main] INFO  impl.RaftServerImpl (RaftServerImpl.java:lambda$shutdown$3(251)) - cd7fb81c-86a4-4055-b819-d84d71d1e03b@group-BB27F83832E4: shutdown
2019-09-17 10:14:58,850 [main] INFO  util.JmxRegister (JmxRegister.java:unregister(73)) - Successfully un-registered JMX Bean with object name Ratis:service=RaftServer,group=group-BB27F83832E4,id=cd7fb81c-86a4-4055-b819-d84d71d1e03b
2019-09-17 10:14:58,851 [main] INFO  impl.RoleInfo (RoleInfo.java:shutdownFollowerState(121)) - cd7fb81c-86a4-4055-b819-d84d71d1e03b: shutdown FollowerState
2019-09-17 10:14:58,851 [main] INFO  impl.StateMachineUpdater (StateMachineUpdater.java:stopAndJoin(125)) - cd7fb81c-86a4-4055-b819-d84d71d1e03b@group-BB27F83832E4-StateMachineUpdater: set stopIndex = 16
2019-09-17 10:14:58,851 [cd7fb81c-86a4-4055-b819-d84d71d1e03b@group-BB27F83832E4-StateMachineUpdater] INFO  ratis.ContainerStateMachine (ContainerStateMachine.java:takeSnapshot(289)) - group-BB27F83832E4: Taking a snapshot at:(t:2, i:12) file /workdir/hadoop-ozone/integration-test/target/test-dir/MiniOzoneClusterImpl-79292457-8b46-4756-affc-c3b1963f1051/datanode-8/data/ratis/6d65ff06-e079-45f6-91fb-bb27f83832e4/sm/snapshot.2_12
2019-09-17 10:14:58,857 [cc01c7d5-5dcf-4408-8cdb-fcf6ab2d1d3a@group-2E14F5217065-StateMachineUpdater] INFO  ratis.ContainerStateMachine (ContainerStateMachine.java:takeSnapshot(300)) - group-2E14F5217065: Finished taking a snapshot at:(t:2, i:12) file:/workdir/hadoop-ozone/integration-test/target/test-dir/MiniOzoneClusterImpl-79292457-8b46-4756-affc-c3b1963f1051/datanode-4/data/ratis/29db28c8-f8cf-4658-9604-2e14f5217065/sm/snapshot.2_12 time:17
2019-09-17 10:14:58,851 [Thread-418] INFO  impl.FollowerState (FollowerState.java:run(115)) - cd7fb81c-86a4-4055-b819-d84d71d1e03b: FollowerState was interrupted: java.lang.InterruptedException: sleep interrupted
2019-09-17 10:14:58,857 [cc01c7d5-5dcf-4408-8cdb-fcf6ab2d1d3a@group-2E14F5217065-StateMachineUpdater] INFO  impl.StateMachineUpdater (StateMachineUpdater.java:takeSnapshot(258)) - cc01c7d5-5dcf-4408-8cdb-fcf6ab2d1d3a@group-2E14F5217065-StateMachineUpdater: Took a snapshot at index 12
2019-09-17 10:14:58,859 [cc01c7d5-5dcf-4408-8cdb-fcf6ab2d1d3a@group-2E14F5217065-StateMachineUpdater] INFO  impl.StateMachineUpdater (StateMachineUpdater.java:lambda$new$0(83)) - cc01c7d5-5dcf-4408-8cdb-fcf6ab2d1d3a@group-2E14F5217065-StateMachineUpdater: snapshotIndex: updateIncreasingly -1 -> 12
2019-09-17 10:14:58,860 [cc01c7d5-5dcf-4408-8cdb-fcf6ab2d1d3a@group-2E14F5217065-StateMachineUpdater] INFO  ratis.ContainerStateMachine (ContainerStateMachine.java:takeSnapshot(289)) - group-2E14F5217065: Taking a snapshot at:(t:2, i:12) file /workdir/hadoop-ozone/integration-test/target/test-dir/MiniOzoneClusterImpl-79292457-8b46-4756-affc-c3b1963f1051/datanode-4/data/ratis/29db28c8-f8cf-4658-9604-2e14f5217065/sm/snapshot.2_12
2019-09-17 10:14:58,870 [cd7fb81c-86a4-4055-b819-d84d71d1e03b@group-BB27F83832E4-StateMachineUpdater] INFO  ratis.ContainerStateMachine (ContainerStateMachine.java:takeSnapshot(300)) - group-BB27F83832E4: Finished taking a snapshot at:(t:2, i:12) file:/workdir/hadoop-ozone/integration-test/target/test-dir/MiniOzoneClusterImpl-79292457-8b46-4756-affc-c3b1963f1051/datanode-8/data/ratis/6d65ff06-e079-45f6-91fb-bb27f83832e4/sm/snapshot.2_12 time:19
2019-09-17 10:14:58,870 [cc01c7d5-5dcf-4408-8cdb-fcf6ab2d1d3a@group-2E14F5217065-StateMachineUpdater] INFO  ratis.ContainerStateMachine (ContainerStateMachine.java:takeSnapshot(300)) - group-2E14F5217065: Finished taking a snapshot at:(t:2, i:12) file:/workdir/hadoop-ozone/integration-test/target/test-dir/MiniOzoneClusterImpl-79292457-8b46-4756-affc-c3b1963f1051/datanode-4/data/ratis/29db28c8-f8cf-4658-9604-2e14f5217065/sm/snapshot.2_12 time:11
2019-09-17 10:14:58,871 [cd7fb81c-86a4-4055-b819-d84d71d1e03b@group-BB27F83832E4-StateMachineUpdater] INFO  impl.StateMachineUpdater (StateMachineUpdater.java:takeSnapshot(258)) - cd7fb81c-86a4-4055-b819-d84d71d1e03b@group-BB27F83832E4-StateMachineUpdater: Took a snapshot at index 12
2019-09-17 10:14:58,871 [cc01c7d5-5dcf-4408-8cdb-fcf6ab2d1d3a@group-2E14F5217065-StateMachineUpdater] INFO  impl.StateMachineUpdater (StateMachineUpdater.java:takeSnapshot(258)) - cc01c7d5-5dcf-4408-8cdb-fcf6ab2d1d3a@group-2E14F5217065-StateMachineUpdater: Took a snapshot at index 12
2019-09-17 10:14:58,871 [cd7fb81c-86a4-4055-b819-d84d71d1e03b@group-BB27F83832E4-StateMachineUpdater] INFO  impl.StateMachineUpdater (StateMachineUpdater.java:lambda$new$0(83)) - cd7fb81c-86a4-4055-b819-d84d71d1e03b@group-BB27F83832E4-StateMachineUpdater: snapshotIndex: updateIncreasingly -1 -> 12
2019-09-17 10:14:58,871 [cc01c7d5-5dcf-4408-8cdb-fcf6ab2d1d3a@group-2E14F5217065-StateMachineUpdater] INFO  impl.StateMachineUpdater (StateMachineUpdater.java:lambda$new$0(83)) - cc01c7d5-5dcf-4408-8cdb-fcf6ab2d1d3a@group-2E14F5217065-StateMachineUpdater: snapshotIndex: updateIncreasingly 12 -> 12
2019-09-17 10:14:58,871 [cd7fb81c-86a4-4055-b819-d84d71d1e03b@group-BB27F83832E4-StateMachineUpdater] INFO  ratis.ContainerStateMachine (ContainerStateMachine.java:takeSnapshot(289)) - group-BB27F83832E4: Taking a snapshot at:(t:2, i:12) file /workdir/hadoop-ozone/integration-test/target/test-dir/MiniOzoneClusterImpl-79292457-8b46-4756-affc-c3b1963f1051/datanode-8/data/ratis/6d65ff06-e079-45f6-91fb-bb27f83832e4/sm/snapshot.2_12
2019-09-17 10:14:58,871 [ForkJoinPool.commonPool-worker-0] INFO  impl.RaftServerImpl (ServerState.java:close(385)) - cc01c7d5-5dcf-4408-8cdb-fcf6ab2d1d3a@group-2E14F5217065: closes. applyIndex: 16
2019-09-17 10:14:58,872 [cc01c7d5-5dcf-4408-8cdb-fcf6ab2d1d3a@group-2E14F5217065-SegmentedRaftLogWorker] INFO  segmented.SegmentedRaftLogWorker (SegmentedRaftLogWorker.java:run(313)) - cc01c7d5-5dcf-4408-8cdb-fcf6ab2d1d3a@group-2E14F5217065-SegmentedRaftLogWorker was interrupted, exiting. There are 0 tasks remaining in the queue.
2019-09-17 10:14:58,872 [ForkJoinPool.commonPool-worker-0] INFO  segmented.SegmentedRaftLogWorker (SegmentedRaftLogWorker.java:close(228)) - cc01c7d5-5dcf-4408-8cdb-fcf6ab2d1d3a@group-2E14F5217065-SegmentedRaftLogWorker close()
2019-09-17 10:14:58,874 [ForkJoinPool.commonPool-worker-0] INFO  impl.RaftServerImpl (RaftServerImpl.java:lambda$shutdown$3(251)) - cc01c7d5-5dcf-4408-8cdb-fcf6ab2d1d3a@group-20C9E1DF4DF3: shutdown
2019-09-17 10:14:58,874 [ForkJoinPool.commonPool-worker-0] INFO  util.JmxRegister (JmxRegister.java:unregister(73)) - Successfully un-registered JMX Bean with object name Ratis:service=RaftServer,group=group-20C9E1DF4DF3,id=cc01c7d5-5dcf-4408-8cdb-fcf6ab2d1d3a
2019-09-17 10:14:58,874 [ForkJoinPool.commonPool-worker-0] INFO  impl.RoleInfo (RoleInfo.java:shutdownLeaderState(104)) - cc01c7d5-5dcf-4408-8cdb-fcf6ab2d1d3a: shutdown LeaderState
2019-09-17 10:14:58,875 [ForkJoinPool.commonPool-worker-0] INFO  impl.PendingRequests (PendingRequests.java:sendNotLeaderResponses(202)) - cc01c7d5-5dcf-4408-8cdb-fcf6ab2d1d3a-PendingRequests: sendNotLeaderResponses
2019-09-17 10:14:58,877 [ForkJoinPool.commonPool-worker-0] INFO  impl.StateMachineUpdater (StateMachineUpdater.java:stopAndJoin(125)) - cc01c7d5-5dcf-4408-8cdb-fcf6ab2d1d3a@group-20C9E1DF4DF3-StateMachineUpdater: set stopIndex = 0
2019-09-17 10:14:58,877 [ForkJoinPool.commonPool-worker-0] INFO  impl.RaftServerImpl (ServerState.java:close(385)) - cc01c7d5-5dcf-4408-8cdb-fcf6ab2d1d3a@group-20C9E1DF4DF3: closes. applyIndex: 0
2019-09-17 10:14:58,877 [cc01c7d5-5dcf-4408-8cdb-fcf6ab2d1d3a@group-20C9E1DF4DF3-SegmentedRaftLogWorker] INFO  segmented.SegmentedRaftLogWorker (SegmentedRaftLogWorker.java:run(313)) - cc01c7d5-5dcf-4408-8cdb-fcf6ab2d1d3a@group-20C9E1DF4DF3-SegmentedRaftLogWorker was interrupted, exiting. There are 0 tasks remaining in the queue.
2019-09-17 10:14:58,878 [ForkJoinPool.commonPool-worker-0] INFO  segmented.SegmentedRaftLogWorker (SegmentedRaftLogWorker.java:close(228)) - cc01c7d5-5dcf-4408-8cdb-fcf6ab2d1d3a@group-20C9E1DF4DF3-SegmentedRaftLogWorker close()
2019-09-17 10:14:58,880 [ForkJoinPool.commonPool-worker-0] INFO  server.GrpcService (GrpcService.java:closeImpl(164)) - cc01c7d5-5dcf-4408-8cdb-fcf6ab2d1d3a: shutdown server with port 38584 now
2019-09-17 10:14:58,880 [ForkJoinPool.commonPool-worker-0] INFO  server.GrpcService (GrpcService.java:closeImpl(172)) - cc01c7d5-5dcf-4408-8cdb-fcf6ab2d1d3a: shutdown server with port 38584 successfully
2019-09-17 10:14:58,887 [refreshUsed-/workdir/hadoop-ozone/integration-test/target/test-dir/MiniOzoneClusterImpl-79292457-8b46-4756-affc-c3b1963f1051/datanode-4/data/containers] WARN  fs.CachingGetSpaceUsed (CachingGetSpaceUsed.java:run(183)) - Thread Interrupted waiting to refresh disk information: sleep interrupted
2019-09-17 10:14:58,893 [cd7fb81c-86a4-4055-b819-d84d71d1e03b@group-BB27F83832E4-StateMachineUpdater] INFO  ratis.ContainerStateMachine (ContainerStateMachine.java:takeSnapshot(300)) - group-BB27F83832E4: Finished taking a snapshot at:(t:2, i:12) file:/workdir/hadoop-ozone/integration-test/target/test-dir/MiniOzoneClusterImpl-79292457-8b46-4756-affc-c3b1963f1051/datanode-8/data/ratis/6d65ff06-e079-45f6-91fb-bb27f83832e4/sm/snapshot.2_12 time:22
2019-09-17 10:14:58,894 [cd7fb81c-86a4-4055-b819-d84d71d1e03b@group-BB27F83832E4-StateMachineUpdater] INFO  impl.StateMachineUpdater (StateMachineUpdater.java:takeSnapshot(258)) - cd7fb81c-86a4-4055-b819-d84d71d1e03b@group-BB27F83832E4-StateMachineUpdater: Took a snapshot at index 12
2019-09-17 10:14:58,894 [cd7fb81c-86a4-4055-b819-d84d71d1e03b@group-BB27F83832E4-StateMachineUpdater] INFO  impl.StateMachineUpdater (StateMachineUpdater.java:lambda$new$0(83)) - cd7fb81c-86a4-4055-b819-d84d71d1e03b@group-BB27F83832E4-StateMachineUpdater: snapshotIndex: updateIncreasingly 12 -> 12
2019-09-17 10:14:58,894 [main] INFO  impl.RaftServerImpl (ServerState.java:close(385)) - cd7fb81c-86a4-4055-b819-d84d71d1e03b@group-BB27F83832E4: closes. applyIndex: 16
2019-09-17 10:14:58,896 [cd7fb81c-86a4-4055-b819-d84d71d1e03b@group-BB27F83832E4-SegmentedRaftLogWorker] ERROR ratis.XceiverServerRatis (XceiverServerRatis.java:triggerPipelineClose(568)) - pipeline Action CLOSE  on pipeline PipelineID=6d65ff06-e079-45f6-91fb-bb27f83832e4.Reason : WriteLog:19: (t:2, i:19), STATEMACHINELOGENTRY, client-DD787AC5056F, cid=30-writeStateMachineData interrupted.
2019-09-17 10:14:58,908 [main] INFO  segmented.SegmentedRaftLogWorker (SegmentedRaftLogWorker.java:close(228)) - cd7fb81c-86a4-4055-b819-d84d71d1e03b@group-BB27F83832E4-SegmentedRaftLogWorker close()
2019-09-17 10:14:58,910 [main] INFO  server.GrpcService (GrpcService.java:closeImpl(164)) - cd7fb81c-86a4-4055-b819-d84d71d1e03b: shutdown server with port 45422 now
2019-09-17 10:14:58,910 [main] INFO  server.GrpcService (GrpcService.java:closeImpl(172)) - cd7fb81c-86a4-4055-b819-d84d71d1e03b: shutdown server with port 45422 successfully
2019-09-17 10:14:58,912 [refreshUsed-/workdir/hadoop-ozone/integration-test/target/test-dir/MiniOzoneClusterImpl-79292457-8b46-4756-affc-c3b1963f1051/datanode-8/data/containers] WARN  fs.CachingGetSpaceUsed (CachingGetSpaceUsed.java:run(183)) - Thread Interrupted waiting to refresh disk information: sleep interrupted
2019-09-17 10:14:58,915 [ForkJoinPool.commonPool-worker-0] INFO  utils.BackgroundService (BackgroundService.java:shutdown(148)) - Shutting down service BlockDeletingService
2019-09-17 10:14:58,920 [ForkJoinPool.commonPool-worker-0] INFO  statemachine.DatanodeStateMachine (DatanodeStateMachine.java:stopDaemon(395)) - Ozone container server stopped.
2019-09-17 10:14:58,926 [ForkJoinPool.commonPool-worker-0] INFO  handler.ContextHandler (ContextHandler.java:doStop(910)) - Stopped o.e.j.w.WebAppContext@a5272be{/,null,UNAVAILABLE}{/hddsDatanode}
2019-09-17 10:14:58,927 [ForkJoinPool.commonPool-worker-0] INFO  server.AbstractConnector (AbstractConnector.java:doStop(318)) - Stopped ServerConnector@58ba5b30{HTTP/1.1,[http/1.1]}{0.0.0.0:0}
2019-09-17 10:14:58,929 [ForkJoinPool.commonPool-worker-0] INFO  handler.ContextHandler (ContextHandler.java:doStop(910)) - Stopped o.e.j.s.ServletContextHandler@22eaa86e{/static,jar:file:/home/user/.m2/repository/org/apache/hadoop/hadoop-hdds-container-service/0.5.0-SNAPSHOT/hadoop-hdds-container-service-0.5.0-SNAPSHOT.jar!/webapps/static,UNAVAILABLE}
2019-09-17 10:14:58,930 [ForkJoinPool.commonPool-worker-0] INFO  handler.ContextHandler (ContextHandler.java:doStop(910)) - Stopped o.e.j.s.ServletContextHandler@333c8791{/logs,file:///workdir/hadoop-ozone/integration-test/target/log,UNAVAILABLE}
2019-09-17 10:14:58,936 [main] INFO  utils.BackgroundService (BackgroundService.java:shutdown(148)) - Shutting down service BlockDeletingService
2019-09-17 10:14:58,939 [main] INFO  statemachine.DatanodeStateMachine (DatanodeStateMachine.java:stopDaemon(395)) - Ozone container server stopped.
2019-09-17 10:14:58,940 [main] INFO  handler.ContextHandler (ContextHandler.java:doStop(910)) - Stopped o.e.j.w.WebAppContext@33063f5b{/,null,UNAVAILABLE}{/hddsDatanode}
2019-09-17 10:14:58,941 [main] INFO  server.AbstractConnector (AbstractConnector.java:doStop(318)) - Stopped ServerConnector@15405bd6{HTTP/1.1,[http/1.1]}{0.0.0.0:0}
2019-09-17 10:14:58,942 [main] INFO  handler.ContextHandler (ContextHandler.java:doStop(910)) - Stopped o.e.j.s.ServletContextHandler@47be0f9b{/static,jar:file:/home/user/.m2/repository/org/apache/hadoop/hadoop-hdds-container-service/0.5.0-SNAPSHOT/hadoop-hdds-container-service-0.5.0-SNAPSHOT.jar!/webapps/static,UNAVAILABLE}
2019-09-17 10:14:58,942 [main] INFO  handler.ContextHandler (ContextHandler.java:doStop(910)) - Stopped o.e.j.s.ServletContextHandler@30ca0779{/logs,file:///workdir/hadoop-ozone/integration-test/target/log,UNAVAILABLE}
2019-09-17 10:14:59,250 [Datanode State Machine Thread - 0] INFO  statemachine.DatanodeStateMachine (DatanodeStateMachine.java:lambda$startDaemon$0(350)) - Ozone container server started.
2019-09-17 10:14:59,259 [java.util.concurrent.ThreadPoolExecutor$Worker@4a8ecabd[State = -1, empty queue]] WARN  server.GrpcLogAppender (GrpcLogAppender.java:timeoutAppendRequest(200)) - 1d843e0b-d448-4c1d-904a-b8b79ddf8dfc@group-C922F90D4541->7be722d9-df7a-49b7-8861-987a973deb04-GrpcLogAppender: appendEntries Timeout, request=1d843e0b-d448-4c1d-904a-b8b79ddf8dfc->7be722d9-df7a-49b7-8861-987a973deb04#192-t2, previous=(t:2, i:35), leaderCommit=31, initializing? false, entries: <empty>
2019-09-17 10:14:59,259 [Datanode State Machine Thread - 0] INFO  statemachine.DatanodeStateMachine (DatanodeStateMachine.java:lambda$startDaemon$0(350)) - Ozone container server started.
2019-09-17 10:14:59,296 [grpc-default-executor-17] WARN  server.GrpcLogAppender (LogUtils.java:warn(134)) - 1d843e0b-d448-4c1d-904a-b8b79ddf8dfc@group-C922F90D4541->1303f52d-d2af-4d51-a297-b30474c81d0b-AppendLogResponseHandler: Failed appendEntries: org.apache.ratis.thirdparty.io.grpc.StatusRuntimeException: UNAVAILABLE: io exception
2019-09-17 10:14:59,297 [grpc-default-executor-17] INFO  impl.FollowerInfo (FollowerInfo.java:lambda$new$0(51)) - 1d843e0b-d448-4c1d-904a-b8b79ddf8dfc@group-C922F90D4541->1303f52d-d2af-4d51-a297-b30474c81d0b: nextIndex: updateUnconditionally 21 -> 20
2019-09-17 10:14:59,759 [java.util.concurrent.ThreadPoolExecutor$Worker@4a8ecabd[State = -1, empty queue]] WARN  server.GrpcLogAppender (GrpcLogAppender.java:timeoutAppendRequest(200)) - 1d843e0b-d448-4c1d-904a-b8b79ddf8dfc@group-C922F90D4541->7be722d9-df7a-49b7-8861-987a973deb04-GrpcLogAppender: appendEntries Timeout, request=1d843e0b-d448-4c1d-904a-b8b79ddf8dfc->7be722d9-df7a-49b7-8861-987a973deb04#193-t2, previous=(t:2, i:35), leaderCommit=31, initializing? false, entries: <empty>
2019-09-17 10:14:59,797 [grpc-default-executor-8] WARN  server.GrpcLogAppender (LogUtils.java:warn(134)) - 1d843e0b-d448-4c1d-904a-b8b79ddf8dfc@group-C922F90D4541->1303f52d-d2af-4d51-a297-b30474c81d0b-AppendLogResponseHandler: Failed appendEntries: org.apache.ratis.thirdparty.io.grpc.StatusRuntimeException: UNAVAILABLE: io exception
2019-09-17 10:14:59,798 [grpc-default-executor-8] INFO  impl.FollowerInfo (FollowerInfo.java:lambda$new$0(51)) - 1d843e0b-d448-4c1d-904a-b8b79ddf8dfc@group-C922F90D4541->1303f52d-d2af-4d51-a297-b30474c81d0b: nextIndex: updateUnconditionally 20 -> 19
2019-09-17 10:15:00,260 [java.util.concurrent.ThreadPoolExecutor$Worker@4a8ecabd[State = -1, empty queue]] WARN  server.GrpcLogAppender (GrpcLogAppender.java:timeoutAppendRequest(200)) - 1d843e0b-d448-4c1d-904a-b8b79ddf8dfc@group-C922F90D4541->7be722d9-df7a-49b7-8861-987a973deb04-GrpcLogAppender: appendEntries Timeout, request=1d843e0b-d448-4c1d-904a-b8b79ddf8dfc->7be722d9-df7a-49b7-8861-987a973deb04#194-t2, previous=(t:2, i:35), leaderCommit=31, initializing? false, entries: <empty>
2019-09-17 10:15:00,298 [grpc-default-executor-4] WARN  server.GrpcLogAppender (LogUtils.java:warn(134)) - 1d843e0b-d448-4c1d-904a-b8b79ddf8dfc@group-C922F90D4541->1303f52d-d2af-4d51-a297-b30474c81d0b-AppendLogResponseHandler: Failed appendEntries: org.apache.ratis.thirdparty.io.grpc.StatusRuntimeException: UNAVAILABLE: io exception
2019-09-17 10:15:00,298 [grpc-default-executor-4] INFO  impl.FollowerInfo (FollowerInfo.java:lambda$new$0(51)) - 1d843e0b-d448-4c1d-904a-b8b79ddf8dfc@group-C922F90D4541->1303f52d-d2af-4d51-a297-b30474c81d0b: nextIndex: updateUnconditionally 19 -> 18
2019-09-17 10:15:00,761 [java.util.concurrent.ThreadPoolExecutor$Worker@4a8ecabd[State = -1, empty queue]] WARN  server.GrpcLogAppender (GrpcLogAppender.java:timeoutAppendRequest(200)) - 1d843e0b-d448-4c1d-904a-b8b79ddf8dfc@group-C922F90D4541->7be722d9-df7a-49b7-8861-987a973deb04-GrpcLogAppender: appendEntries Timeout, request=1d843e0b-d448-4c1d-904a-b8b79ddf8dfc->7be722d9-df7a-49b7-8861-987a973deb04#195-t2, previous=(t:2, i:35), leaderCommit=31, initializing? false, entries: <empty>
2019-09-17 10:15:00,799 [grpc-default-executor-17] WARN  server.GrpcLogAppender (LogUtils.java:warn(134)) - 1d843e0b-d448-4c1d-904a-b8b79ddf8dfc@group-C922F90D4541->1303f52d-d2af-4d51-a297-b30474c81d0b-AppendLogResponseHandler: Failed appendEntries: org.apache.ratis.thirdparty.io.grpc.StatusRuntimeException: UNAVAILABLE: io exception
2019-09-17 10:15:00,799 [grpc-default-executor-17] INFO  impl.FollowerInfo (FollowerInfo.java:lambda$new$0(51)) - 1d843e0b-d448-4c1d-904a-b8b79ddf8dfc@group-C922F90D4541->1303f52d-d2af-4d51-a297-b30474c81d0b: nextIndex: updateUnconditionally 18 -> 17
2019-09-17 10:15:01,261 [java.util.concurrent.ThreadPoolExecutor$Worker@4a8ecabd[State = -1, empty queue]] WARN  server.GrpcLogAppender (GrpcLogAppender.java:timeoutAppendRequest(200)) - 1d843e0b-d448-4c1d-904a-b8b79ddf8dfc@group-C922F90D4541->7be722d9-df7a-49b7-8861-987a973deb04-GrpcLogAppender: appendEntries Timeout, request=1d843e0b-d448-4c1d-904a-b8b79ddf8dfc->7be722d9-df7a-49b7-8861-987a973deb04#196-t2, previous=(t:2, i:35), leaderCommit=31, initializing? false, entries: <empty>
2019-09-17 10:15:01,299 [grpc-default-executor-8] WARN  server.GrpcLogAppender (LogUtils.java:warn(134)) - 1d843e0b-d448-4c1d-904a-b8b79ddf8dfc@group-C922F90D4541->1303f52d-d2af-4d51-a297-b30474c81d0b-AppendLogResponseHandler: Failed appendEntries: org.apache.ratis.thirdparty.io.grpc.StatusRuntimeException: UNAVAILABLE: io exception
2019-09-17 10:15:01,300 [grpc-default-executor-8] INFO  impl.FollowerInfo (FollowerInfo.java:lambda$new$0(51)) - 1d843e0b-d448-4c1d-904a-b8b79ddf8dfc@group-C922F90D4541->1303f52d-d2af-4d51-a297-b30474c81d0b: nextIndex: updateUnconditionally 17 -> 16
2019-09-17 10:15:01,769 [java.util.concurrent.ThreadPoolExecutor$Worker@4a8ecabd[State = -1, empty queue]] WARN  server.GrpcLogAppender (GrpcLogAppender.java:timeoutAppendRequest(200)) - 1d843e0b-d448-4c1d-904a-b8b79ddf8dfc@group-C922F90D4541->7be722d9-df7a-49b7-8861-987a973deb04-GrpcLogAppender: appendEntries Timeout, request=1d843e0b-d448-4c1d-904a-b8b79ddf8dfc->7be722d9-df7a-49b7-8861-987a973deb04#197-t2, previous=(t:2, i:35), leaderCommit=31, initializing? false, entries: <empty>
2019-09-17 10:15:01,801 [grpc-default-executor-8] WARN  server.GrpcLogAppender (LogUtils.java:warn(134)) - 1d843e0b-d448-4c1d-904a-b8b79ddf8dfc@group-C922F90D4541->1303f52d-d2af-4d51-a297-b30474c81d0b-AppendLogResponseHandler: Failed appendEntries: org.apache.ratis.thirdparty.io.grpc.StatusRuntimeException: UNAVAILABLE: io exception
2019-09-17 10:15:01,802 [grpc-default-executor-8] INFO  impl.FollowerInfo (FollowerInfo.java:lambda$new$0(51)) - 1d843e0b-d448-4c1d-904a-b8b79ddf8dfc@group-C922F90D4541->1303f52d-d2af-4d51-a297-b30474c81d0b: nextIndex: updateUnconditionally 16 -> 15
2019-09-17 10:15:02,270 [java.util.concurrent.ThreadPoolExecutor$Worker@4a8ecabd[State = -1, empty queue]] WARN  server.GrpcLogAppender (GrpcLogAppender.java:timeoutAppendRequest(200)) - 1d843e0b-d448-4c1d-904a-b8b79ddf8dfc@group-C922F90D4541->7be722d9-df7a-49b7-8861-987a973deb04-GrpcLogAppender: appendEntries Timeout, request=1d843e0b-d448-4c1d-904a-b8b79ddf8dfc->7be722d9-df7a-49b7-8861-987a973deb04#198-t2, previous=(t:2, i:35), leaderCommit=31, initializing? false, entries: <empty>
2019-09-17 10:15:02,303 [grpc-default-executor-4] WARN  server.GrpcLogAppender (LogUtils.java:warn(134)) - 1d843e0b-d448-4c1d-904a-b8b79ddf8dfc@group-C922F90D4541->1303f52d-d2af-4d51-a297-b30474c81d0b-AppendLogResponseHandler: Failed appendEntries: org.apache.ratis.thirdparty.io.grpc.StatusRuntimeException: UNAVAILABLE: io exception
2019-09-17 10:15:02,303 [grpc-default-executor-4] INFO  impl.FollowerInfo (FollowerInfo.java:lambda$new$0(51)) - 1d843e0b-d448-4c1d-904a-b8b79ddf8dfc@group-C922F90D4541->1303f52d-d2af-4d51-a297-b30474c81d0b: nextIndex: updateUnconditionally 15 -> 14
2019-09-17 10:15:02,770 [java.util.concurrent.ThreadPoolExecutor$Worker@4a8ecabd[State = -1, empty queue]] WARN  server.GrpcLogAppender (GrpcLogAppender.java:timeoutAppendRequest(200)) - 1d843e0b-d448-4c1d-904a-b8b79ddf8dfc@group-C922F90D4541->7be722d9-df7a-49b7-8861-987a973deb04-GrpcLogAppender: appendEntries Timeout, request=1d843e0b-d448-4c1d-904a-b8b79ddf8dfc->7be722d9-df7a-49b7-8861-987a973deb04#199-t2, previous=(t:2, i:35), leaderCommit=31, initializing? false, entries: <empty>
2019-09-17 10:15:02,802 [grpc-default-executor-17] WARN  server.GrpcLogAppender (LogUtils.java:warn(134)) - 1d843e0b-d448-4c1d-904a-b8b79ddf8dfc@group-C922F90D4541->1303f52d-d2af-4d51-a297-b30474c81d0b-AppendLogResponseHandler: Failed appendEntries: org.apache.ratis.thirdparty.io.grpc.StatusRuntimeException: UNAVAILABLE: io exception
2019-09-17 10:15:02,802 [grpc-default-executor-17] INFO  impl.FollowerInfo (FollowerInfo.java:lambda$new$0(51)) - 1d843e0b-d448-4c1d-904a-b8b79ddf8dfc@group-C922F90D4541->1303f52d-d2af-4d51-a297-b30474c81d0b: nextIndex: updateUnconditionally 14 -> 13
2019-09-17 10:15:03,270 [java.util.concurrent.ThreadPoolExecutor$Worker@4a8ecabd[State = -1, empty queue]] WARN  server.GrpcLogAppender (GrpcLogAppender.java:timeoutAppendRequest(200)) - 1d843e0b-d448-4c1d-904a-b8b79ddf8dfc@group-C922F90D4541->7be722d9-df7a-49b7-8861-987a973deb04-GrpcLogAppender: appendEntries Timeout, request=1d843e0b-d448-4c1d-904a-b8b79ddf8dfc->7be722d9-df7a-49b7-8861-987a973deb04#200-t2, previous=(t:2, i:35), leaderCommit=31, initializing? false, entries: <empty>
2019-09-17 10:15:03,303 [grpc-default-executor-17] WARN  server.GrpcLogAppender (LogUtils.java:warn(134)) - 1d843e0b-d448-4c1d-904a-b8b79ddf8dfc@group-C922F90D4541->1303f52d-d2af-4d51-a297-b30474c81d0b-AppendLogResponseHandler: Failed appendEntries: org.apache.ratis.thirdparty.io.grpc.StatusRuntimeException: UNAVAILABLE: io exception
2019-09-17 10:15:03,304 [grpc-default-executor-17] INFO  impl.FollowerInfo (FollowerInfo.java:lambda$new$0(51)) - 1d843e0b-d448-4c1d-904a-b8b79ddf8dfc@group-C922F90D4541->1303f52d-d2af-4d51-a297-b30474c81d0b: nextIndex: updateUnconditionally 13 -> 12
2019-09-17 10:15:03,770 [java.util.concurrent.ThreadPoolExecutor$Worker@4a8ecabd[State = -1, empty queue]] WARN  server.GrpcLogAppender (GrpcLogAppender.java:timeoutAppendRequest(200)) - 1d843e0b-d448-4c1d-904a-b8b79ddf8dfc@group-C922F90D4541->7be722d9-df7a-49b7-8861-987a973deb04-GrpcLogAppender: appendEntries Timeout, request=1d843e0b-d448-4c1d-904a-b8b79ddf8dfc->7be722d9-df7a-49b7-8861-987a973deb04#201-t2, previous=(t:2, i:35), leaderCommit=31, initializing? false, entries: <empty>
2019-09-17 10:15:03,806 [grpc-default-executor-8] WARN  server.GrpcLogAppender (LogUtils.java:warn(134)) - 1d843e0b-d448-4c1d-904a-b8b79ddf8dfc@group-C922F90D4541->1303f52d-d2af-4d51-a297-b30474c81d0b-AppendLogResponseHandler: Failed appendEntries: org.apache.ratis.thirdparty.io.grpc.StatusRuntimeException: UNAVAILABLE: io exception
2019-09-17 10:15:03,806 [grpc-default-executor-8] INFO  impl.FollowerInfo (FollowerInfo.java:lambda$new$0(51)) - 1d843e0b-d448-4c1d-904a-b8b79ddf8dfc@group-C922F90D4541->1303f52d-d2af-4d51-a297-b30474c81d0b: nextIndex: updateUnconditionally 12 -> 11
2019-09-17 10:15:03,932 [ForkJoinPool.commonPool-worker-0] INFO  ozoneimpl.OzoneContainer (OzoneContainer.java:stop(231)) - Attempting to stop container services.
2019-09-17 10:15:03,933 [ForkJoinPool.commonPool-worker-0] INFO  impl.RaftServerProxy (RaftServerProxy.java:lambda$close$4(314)) - 1d843e0b-d448-4c1d-904a-b8b79ddf8dfc: close
2019-09-17 10:15:03,934 [ForkJoinPool.commonPool-worker-0] INFO  impl.RaftServerImpl (RaftServerImpl.java:lambda$shutdown$3(251)) - 1d843e0b-d448-4c1d-904a-b8b79ddf8dfc@group-C922F90D4541: shutdown
2019-09-17 10:15:03,934 [ForkJoinPool.commonPool-worker-0] INFO  util.JmxRegister (JmxRegister.java:unregister(73)) - Successfully un-registered JMX Bean with object name Ratis:service=RaftServer,group=group-C922F90D4541,id=1d843e0b-d448-4c1d-904a-b8b79ddf8dfc
2019-09-17 10:15:03,935 [ForkJoinPool.commonPool-worker-0] INFO  impl.RoleInfo (RoleInfo.java:shutdownLeaderState(104)) - 1d843e0b-d448-4c1d-904a-b8b79ddf8dfc: shutdown LeaderState
2019-09-17 10:15:03,940 [org.apache.ratis.server.impl.LogAppender$AppenderDaemon$$Lambda$532/325629640@4dda7ac0] WARN  server.GrpcLogAppender (GrpcLogAppender.java:mayWait(143)) - 1d843e0b-d448-4c1d-904a-b8b79ddf8dfc@group-C922F90D4541->1303f52d-d2af-4d51-a297-b30474c81d0b-GrpcLogAppender: Wait interrupted by java.lang.InterruptedException
2019-09-17 10:15:03,940 [org.apache.ratis.server.impl.LogAppender$AppenderDaemon$$Lambda$532/325629640@72d3074f] WARN  server.GrpcLogAppender (GrpcLogAppender.java:mayWait(143)) - 1d843e0b-d448-4c1d-904a-b8b79ddf8dfc@group-C922F90D4541->7be722d9-df7a-49b7-8861-987a973deb04-GrpcLogAppender: Wait interrupted by java.lang.InterruptedException
2019-09-17 10:15:03,940 [ForkJoinPool.commonPool-worker-0] INFO  impl.PendingRequests (PendingRequests.java:sendNotLeaderResponses(202)) - 1d843e0b-d448-4c1d-904a-b8b79ddf8dfc-PendingRequests: sendNotLeaderResponses
2019-09-17 10:15:03,941 [grpc-default-executor-8] INFO  server.GrpcServerProtocolService (GrpcServerProtocolService.java:onCompleted(113)) - 7be722d9-df7a-49b7-8861-987a973deb04: Completed APPEND_ENTRIES, lastRequest: 1d843e0b-d448-4c1d-904a-b8b79ddf8dfc->7be722d9-df7a-49b7-8861-987a973deb04#207-t2, previous=(t:2, i:35), leaderCommit=31, initializing? false, entries: <empty>
2019-09-17 10:15:03,944 [ForkJoinPool.commonPool-worker-0] INFO  impl.StateMachineUpdater (StateMachineUpdater.java:stopAndJoin(125)) - 1d843e0b-d448-4c1d-904a-b8b79ddf8dfc@group-C922F90D4541-StateMachineUpdater: set stopIndex = 31
2019-09-17 10:15:03,945 [1d843e0b-d448-4c1d-904a-b8b79ddf8dfc@group-C922F90D4541-StateMachineUpdater] INFO  ratis.ContainerStateMachine (ContainerStateMachine.java:takeSnapshot(289)) - group-C922F90D4541: Taking a snapshot at:(t:2, i:29) file /workdir/hadoop-ozone/integration-test/target/test-dir/MiniOzoneClusterImpl-79292457-8b46-4756-affc-c3b1963f1051/datanode-1/data/ratis/02946cee-fb43-4ea8-8058-c922f90d4541/sm/snapshot.2_29
2019-09-17 10:15:03,945 [grpc-default-executor-8] INFO  server.GrpcLogAppender (GrpcLogAppender.java:onCompleted(293)) - 1d843e0b-d448-4c1d-904a-b8b79ddf8dfc@group-C922F90D4541->7be722d9-df7a-49b7-8861-987a973deb04-AppendLogResponseHandler: follower responses appendEntries COMPLETED
2019-09-17 10:15:03,945 [main] INFO  ozoneimpl.OzoneContainer (OzoneContainer.java:stop(231)) - Attempting to stop container services.
2019-09-17 10:15:03,947 [grpc-default-executor-8] INFO  impl.FollowerInfo (FollowerInfo.java:lambda$new$0(51)) - 1d843e0b-d448-4c1d-904a-b8b79ddf8dfc@group-C922F90D4541->7be722d9-df7a-49b7-8861-987a973deb04: nextIndex: updateUnconditionally 36 -> 32
2019-09-17 10:15:03,947 [main] INFO  impl.RaftServerProxy (RaftServerProxy.java:lambda$close$4(314)) - 7be722d9-df7a-49b7-8861-987a973deb04: close
2019-09-17 10:15:03,947 [main] INFO  impl.RaftServerImpl (RaftServerImpl.java:lambda$shutdown$3(251)) - 7be722d9-df7a-49b7-8861-987a973deb04@group-346B7CDB17B1: shutdown
2019-09-17 10:15:03,948 [main] INFO  util.JmxRegister (JmxRegister.java:unregister(73)) - Successfully un-registered JMX Bean with object name Ratis:service=RaftServer,group=group-346B7CDB17B1,id=7be722d9-df7a-49b7-8861-987a973deb04
2019-09-17 10:15:03,948 [main] INFO  impl.RoleInfo (RoleInfo.java:shutdownLeaderState(104)) - 7be722d9-df7a-49b7-8861-987a973deb04: shutdown LeaderState
2019-09-17 10:15:03,949 [main] INFO  impl.PendingRequests (PendingRequests.java:sendNotLeaderResponses(202)) - 7be722d9-df7a-49b7-8861-987a973deb04-PendingRequests: sendNotLeaderResponses
2019-09-17 10:15:03,949 [main] INFO  impl.StateMachineUpdater (StateMachineUpdater.java:stopAndJoin(125)) - 7be722d9-df7a-49b7-8861-987a973deb04@group-346B7CDB17B1-StateMachineUpdater: set stopIndex = 0
2019-09-17 10:15:03,949 [main] INFO  impl.RaftServerImpl (ServerState.java:close(385)) - 7be722d9-df7a-49b7-8861-987a973deb04@group-346B7CDB17B1: closes. applyIndex: 0
2019-09-17 10:15:03,950 [7be722d9-df7a-49b7-8861-987a973deb04@group-346B7CDB17B1-SegmentedRaftLogWorker] INFO  segmented.SegmentedRaftLogWorker (SegmentedRaftLogWorker.java:run(313)) - 7be722d9-df7a-49b7-8861-987a973deb04@group-346B7CDB17B1-SegmentedRaftLogWorker was interrupted, exiting. There are 0 tasks remaining in the queue.
2019-09-17 10:15:03,965 [main] INFO  segmented.SegmentedRaftLogWorker (SegmentedRaftLogWorker.java:close(228)) - 7be722d9-df7a-49b7-8861-987a973deb04@group-346B7CDB17B1-SegmentedRaftLogWorker close()
2019-09-17 10:15:03,967 [main] INFO  impl.RaftServerImpl (RaftServerImpl.java:lambda$shutdown$3(251)) - 7be722d9-df7a-49b7-8861-987a973deb04@group-C922F90D4541: shutdown
2019-09-17 10:15:03,967 [main] INFO  util.JmxRegister (JmxRegister.java:unregister(73)) - Successfully un-registered JMX Bean with object name Ratis:service=RaftServer,group=group-C922F90D4541,id=7be722d9-df7a-49b7-8861-987a973deb04
2019-09-17 10:15:03,968 [main] INFO  impl.RoleInfo (RoleInfo.java:shutdownFollowerState(121)) - 7be722d9-df7a-49b7-8861-987a973deb04: shutdown FollowerState
2019-09-17 10:15:03,968 [1d843e0b-d448-4c1d-904a-b8b79ddf8dfc@group-C922F90D4541-StateMachineUpdater] INFO  ratis.ContainerStateMachine (ContainerStateMachine.java:takeSnapshot(300)) - group-C922F90D4541: Finished taking a snapshot at:(t:2, i:29) file:/workdir/hadoop-ozone/integration-test/target/test-dir/MiniOzoneClusterImpl-79292457-8b46-4756-affc-c3b1963f1051/datanode-1/data/ratis/02946cee-fb43-4ea8-8058-c922f90d4541/sm/snapshot.2_29 time:23
2019-09-17 10:15:03,968 [main] INFO  impl.StateMachineUpdater (StateMachineUpdater.java:stopAndJoin(125)) - 7be722d9-df7a-49b7-8861-987a973deb04@group-C922F90D4541-StateMachineUpdater: set stopIndex = 31
2019-09-17 10:15:03,968 [7be722d9-df7a-49b7-8861-987a973deb04@group-C922F90D4541-StateMachineUpdater] INFO  ratis.ContainerStateMachine (ContainerStateMachine.java:takeSnapshot(289)) - group-C922F90D4541: Taking a snapshot at:(t:2, i:29) file /workdir/hadoop-ozone/integration-test/target/test-dir/MiniOzoneClusterImpl-79292457-8b46-4756-affc-c3b1963f1051/datanode-7/data/ratis/02946cee-fb43-4ea8-8058-c922f90d4541/sm/snapshot.2_29
2019-09-17 10:15:03,968 [Thread-408] INFO  impl.FollowerState (FollowerState.java:run(115)) - 7be722d9-df7a-49b7-8861-987a973deb04: FollowerState was interrupted: java.lang.InterruptedException: sleep interrupted
2019-09-17 10:15:03,968 [1d843e0b-d448-4c1d-904a-b8b79ddf8dfc@group-C922F90D4541-StateMachineUpdater] INFO  impl.StateMachineUpdater (StateMachineUpdater.java:takeSnapshot(258)) - 1d843e0b-d448-4c1d-904a-b8b79ddf8dfc@group-C922F90D4541-StateMachineUpdater: Took a snapshot at index 29
2019-09-17 10:15:03,970 [1d843e0b-d448-4c1d-904a-b8b79ddf8dfc@group-C922F90D4541-StateMachineUpdater] INFO  impl.StateMachineUpdater (StateMachineUpdater.java:lambda$new$0(83)) - 1d843e0b-d448-4c1d-904a-b8b79ddf8dfc@group-C922F90D4541-StateMachineUpdater: snapshotIndex: updateIncreasingly -1 -> 29
2019-09-17 10:15:03,971 [1d843e0b-d448-4c1d-904a-b8b79ddf8dfc@group-C922F90D4541-StateMachineUpdater] INFO  ratis.ContainerStateMachine (ContainerStateMachine.java:takeSnapshot(289)) - group-C922F90D4541: Taking a snapshot at:(t:2, i:29) file /workdir/hadoop-ozone/integration-test/target/test-dir/MiniOzoneClusterImpl-79292457-8b46-4756-affc-c3b1963f1051/datanode-1/data/ratis/02946cee-fb43-4ea8-8058-c922f90d4541/sm/snapshot.2_29
2019-09-17 10:15:03,983 [1d843e0b-d448-4c1d-904a-b8b79ddf8dfc@group-C922F90D4541-StateMachineUpdater] INFO  ratis.ContainerStateMachine (ContainerStateMachine.java:takeSnapshot(300)) - group-C922F90D4541: Finished taking a snapshot at:(t:2, i:29) file:/workdir/hadoop-ozone/integration-test/target/test-dir/MiniOzoneClusterImpl-79292457-8b46-4756-affc-c3b1963f1051/datanode-1/data/ratis/02946cee-fb43-4ea8-8058-c922f90d4541/sm/snapshot.2_29 time:13
2019-09-17 10:15:03,983 [7be722d9-df7a-49b7-8861-987a973deb04@group-C922F90D4541-StateMachineUpdater] INFO  ratis.ContainerStateMachine (ContainerStateMachine.java:takeSnapshot(300)) - group-C922F90D4541: Finished taking a snapshot at:(t:2, i:29) file:/workdir/hadoop-ozone/integration-test/target/test-dir/MiniOzoneClusterImpl-79292457-8b46-4756-affc-c3b1963f1051/datanode-7/data/ratis/02946cee-fb43-4ea8-8058-c922f90d4541/sm/snapshot.2_29 time:16
2019-09-17 10:15:03,983 [1d843e0b-d448-4c1d-904a-b8b79ddf8dfc@group-C922F90D4541-StateMachineUpdater] INFO  impl.StateMachineUpdater (StateMachineUpdater.java:takeSnapshot(258)) - 1d843e0b-d448-4c1d-904a-b8b79ddf8dfc@group-C922F90D4541-StateMachineUpdater: Took a snapshot at index 29
2019-09-17 10:15:03,984 [7be722d9-df7a-49b7-8861-987a973deb04@group-C922F90D4541-StateMachineUpdater] INFO  impl.StateMachineUpdater (StateMachineUpdater.java:takeSnapshot(258)) - 7be722d9-df7a-49b7-8861-987a973deb04@group-C922F90D4541-StateMachineUpdater: Took a snapshot at index 29
2019-09-17 10:15:03,984 [1d843e0b-d448-4c1d-904a-b8b79ddf8dfc@group-C922F90D4541-StateMachineUpdater] INFO  impl.StateMachineUpdater (StateMachineUpdater.java:lambda$new$0(83)) - 1d843e0b-d448-4c1d-904a-b8b79ddf8dfc@group-C922F90D4541-StateMachineUpdater: snapshotIndex: updateIncreasingly 29 -> 29
2019-09-17 10:15:03,984 [7be722d9-df7a-49b7-8861-987a973deb04@group-C922F90D4541-StateMachineUpdater] INFO  impl.StateMachineUpdater (StateMachineUpdater.java:lambda$new$0(83)) - 7be722d9-df7a-49b7-8861-987a973deb04@group-C922F90D4541-StateMachineUpdater: snapshotIndex: updateIncreasingly -1 -> 29
2019-09-17 10:15:03,984 [7be722d9-df7a-49b7-8861-987a973deb04@group-C922F90D4541-StateMachineUpdater] INFO  ratis.ContainerStateMachine (ContainerStateMachine.java:takeSnapshot(289)) - group-C922F90D4541: Taking a snapshot at:(t:2, i:29) file /workdir/hadoop-ozone/integration-test/target/test-dir/MiniOzoneClusterImpl-79292457-8b46-4756-affc-c3b1963f1051/datanode-7/data/ratis/02946cee-fb43-4ea8-8058-c922f90d4541/sm/snapshot.2_29
2019-09-17 10:15:03,986 [ForkJoinPool.commonPool-worker-0] INFO  impl.RaftServerImpl (ServerState.java:close(385)) - 1d843e0b-d448-4c1d-904a-b8b79ddf8dfc@group-C922F90D4541: closes. applyIndex: 31
2019-09-17 10:15:03,988 [1d843e0b-d448-4c1d-904a-b8b79ddf8dfc@group-C922F90D4541-SegmentedRaftLogWorker] ERROR ratis.XceiverServerRatis (XceiverServerRatis.java:triggerPipelineClose(568)) - pipeline Action CLOSE  on pipeline PipelineID=02946cee-fb43-4ea8-8058-c922f90d4541.Reason : WriteLog:32: (t:2, i:32), STATEMACHINELOGENTRY, client-66C77A4C703B, cid=64-writeStateMachineData interrupted.
2019-09-17 10:15:03,988 [ForkJoinPool.commonPool-worker-0] INFO  segmented.SegmentedRaftLogWorker (SegmentedRaftLogWorker.java:close(228)) - 1d843e0b-d448-4c1d-904a-b8b79ddf8dfc@group-C922F90D4541-SegmentedRaftLogWorker close()
2019-09-17 10:15:03,992 [ForkJoinPool.commonPool-worker-0] INFO  impl.RaftServerImpl (RaftServerImpl.java:lambda$shutdown$3(251)) - 1d843e0b-d448-4c1d-904a-b8b79ddf8dfc@group-1C4EA16DC5D3: shutdown
2019-09-17 10:15:03,992 [ForkJoinPool.commonPool-worker-0] INFO  util.JmxRegister (JmxRegister.java:unregister(73)) - Successfully un-registered JMX Bean with object name Ratis:service=RaftServer,group=group-1C4EA16DC5D3,id=1d843e0b-d448-4c1d-904a-b8b79ddf8dfc
2019-09-17 10:15:03,992 [ForkJoinPool.commonPool-worker-0] INFO  impl.RoleInfo (RoleInfo.java:shutdownLeaderState(104)) - 1d843e0b-d448-4c1d-904a-b8b79ddf8dfc: shutdown LeaderState
2019-09-17 10:15:03,992 [ForkJoinPool.commonPool-worker-0] INFO  impl.PendingRequests (PendingRequests.java:sendNotLeaderResponses(202)) - 1d843e0b-d448-4c1d-904a-b8b79ddf8dfc-PendingRequests: sendNotLeaderResponses
2019-09-17 10:15:03,993 [ForkJoinPool.commonPool-worker-0] INFO  impl.StateMachineUpdater (StateMachineUpdater.java:stopAndJoin(125)) - 1d843e0b-d448-4c1d-904a-b8b79ddf8dfc@group-1C4EA16DC5D3-StateMachineUpdater: set stopIndex = 0
2019-09-17 10:15:03,993 [ForkJoinPool.commonPool-worker-0] INFO  impl.RaftServerImpl (ServerState.java:close(385)) - 1d843e0b-d448-4c1d-904a-b8b79ddf8dfc@group-1C4EA16DC5D3: closes. applyIndex: 0
2019-09-17 10:15:03,995 [1d843e0b-d448-4c1d-904a-b8b79ddf8dfc@group-1C4EA16DC5D3-SegmentedRaftLogWorker] INFO  segmented.SegmentedRaftLogWorker (SegmentedRaftLogWorker.java:run(313)) - 1d843e0b-d448-4c1d-904a-b8b79ddf8dfc@group-1C4EA16DC5D3-SegmentedRaftLogWorker was interrupted, exiting. There are 0 tasks remaining in the queue.
2019-09-17 10:15:03,996 [ForkJoinPool.commonPool-worker-0] INFO  segmented.SegmentedRaftLogWorker (SegmentedRaftLogWorker.java:close(228)) - 1d843e0b-d448-4c1d-904a-b8b79ddf8dfc@group-1C4EA16DC5D3-SegmentedRaftLogWorker close()
2019-09-17 10:15:03,997 [ForkJoinPool.commonPool-worker-0] INFO  server.GrpcService (GrpcService.java:closeImpl(164)) - 1d843e0b-d448-4c1d-904a-b8b79ddf8dfc: shutdown server with port 43968 now
2019-09-17 10:15:03,997 [7be722d9-df7a-49b7-8861-987a973deb04@group-C922F90D4541-StateMachineUpdater] INFO  ratis.ContainerStateMachine (ContainerStateMachine.java:takeSnapshot(300)) - group-C922F90D4541: Finished taking a snapshot at:(t:2, i:29) file:/workdir/hadoop-ozone/integration-test/target/test-dir/MiniOzoneClusterImpl-79292457-8b46-4756-affc-c3b1963f1051/datanode-7/data/ratis/02946cee-fb43-4ea8-8058-c922f90d4541/sm/snapshot.2_29 time:13
2019-09-17 10:15:03,998 [7be722d9-df7a-49b7-8861-987a973deb04@group-C922F90D4541-StateMachineUpdater] INFO  impl.StateMachineUpdater (StateMachineUpdater.java:takeSnapshot(258)) - 7be722d9-df7a-49b7-8861-987a973deb04@group-C922F90D4541-StateMachineUpdater: Took a snapshot at index 29
2019-09-17 10:15:03,998 [7be722d9-df7a-49b7-8861-987a973deb04@group-C922F90D4541-StateMachineUpdater] INFO  impl.StateMachineUpdater (StateMachineUpdater.java:lambda$new$0(83)) - 7be722d9-df7a-49b7-8861-987a973deb04@group-C922F90D4541-StateMachineUpdater: snapshotIndex: updateIncreasingly 29 -> 29
2019-09-17 10:15:03,998 [ForkJoinPool.commonPool-worker-0] INFO  server.GrpcService (GrpcService.java:closeImpl(172)) - 1d843e0b-d448-4c1d-904a-b8b79ddf8dfc: shutdown server with port 43968 successfully
2019-09-17 10:15:04,000 [main] INFO  impl.RaftServerImpl (ServerState.java:close(385)) - 7be722d9-df7a-49b7-8861-987a973deb04@group-C922F90D4541: closes. applyIndex: 31
2019-09-17 10:15:04,004 [7be722d9-df7a-49b7-8861-987a973deb04@group-C922F90D4541-SegmentedRaftLogWorker] ERROR ratis.XceiverServerRatis (XceiverServerRatis.java:triggerPipelineClose(568)) - pipeline Action CLOSE  on pipeline PipelineID=02946cee-fb43-4ea8-8058-c922f90d4541.Reason : WriteLog:32: (t:2, i:32), STATEMACHINELOGENTRY, client-66C77A4C703B, cid=64-writeStateMachineData interrupted.
2019-09-17 10:15:04,005 [refreshUsed-/workdir/hadoop-ozone/integration-test/target/test-dir/MiniOzoneClusterImpl-79292457-8b46-4756-affc-c3b1963f1051/datanode-1/data/containers] WARN  fs.CachingGetSpaceUsed (CachingGetSpaceUsed.java:run(183)) - Thread Interrupted waiting to refresh disk information: sleep interrupted
2019-09-17 10:15:04,005 [main] INFO  segmented.SegmentedRaftLogWorker (SegmentedRaftLogWorker.java:close(228)) - 7be722d9-df7a-49b7-8861-987a973deb04@group-C922F90D4541-SegmentedRaftLogWorker close()
2019-09-17 10:15:04,007 [main] INFO  server.GrpcService (GrpcService.java:closeImpl(164)) - 7be722d9-df7a-49b7-8861-987a973deb04: shutdown server with port 44005 now
2019-09-17 10:15:04,008 [main] INFO  server.GrpcService (GrpcService.java:closeImpl(172)) - 7be722d9-df7a-49b7-8861-987a973deb04: shutdown server with port 44005 successfully
2019-09-17 10:15:04,019 [refreshUsed-/workdir/hadoop-ozone/integration-test/target/test-dir/MiniOzoneClusterImpl-79292457-8b46-4756-affc-c3b1963f1051/datanode-7/data/containers] WARN  fs.CachingGetSpaceUsed (CachingGetSpaceUsed.java:run(183)) - Thread Interrupted waiting to refresh disk information: sleep interrupted
2019-09-17 10:15:04,027 [ForkJoinPool.commonPool-worker-0] INFO  utils.BackgroundService (BackgroundService.java:shutdown(148)) - Shutting down service BlockDeletingService
2019-09-17 10:15:04,030 [ForkJoinPool.commonPool-worker-0] INFO  statemachine.DatanodeStateMachine (DatanodeStateMachine.java:stopDaemon(395)) - Ozone container server stopped.
2019-09-17 10:15:04,033 [ForkJoinPool.commonPool-worker-0] INFO  handler.ContextHandler (ContextHandler.java:doStop(910)) - Stopped o.e.j.w.WebAppContext@25ad4f71{/,null,UNAVAILABLE}{/hddsDatanode}
2019-09-17 10:15:04,034 [ForkJoinPool.commonPool-worker-0] INFO  server.AbstractConnector (AbstractConnector.java:doStop(318)) - Stopped ServerConnector@49faf066{HTTP/1.1,[http/1.1]}{0.0.0.0:0}
2019-09-17 10:15:04,035 [ForkJoinPool.commonPool-worker-0] INFO  handler.ContextHandler (ContextHandler.java:doStop(910)) - Stopped o.e.j.s.ServletContextHandler@15400fff{/static,jar:file:/home/user/.m2/repository/org/apache/hadoop/hadoop-hdds-container-service/0.5.0-SNAPSHOT/hadoop-hdds-container-service-0.5.0-SNAPSHOT.jar!/webapps/static,UNAVAILABLE}
2019-09-17 10:15:04,036 [ForkJoinPool.commonPool-worker-0] INFO  handler.ContextHandler (ContextHandler.java:doStop(910)) - Stopped o.e.j.s.ServletContextHandler@654c7d2d{/logs,file:///workdir/hadoop-ozone/integration-test/target/log,UNAVAILABLE}
2019-09-17 10:15:04,043 [main] INFO  utils.BackgroundService (BackgroundService.java:shutdown(148)) - Shutting down service BlockDeletingService
2019-09-17 10:15:04,046 [main] INFO  statemachine.DatanodeStateMachine (DatanodeStateMachine.java:stopDaemon(395)) - Ozone container server stopped.
2019-09-17 10:15:04,047 [main] INFO  handler.ContextHandler (ContextHandler.java:doStop(910)) - Stopped o.e.j.w.WebAppContext@2f4e40d7{/,null,UNAVAILABLE}{/hddsDatanode}
2019-09-17 10:15:04,047 [main] INFO  server.AbstractConnector (AbstractConnector.java:doStop(318)) - Stopped ServerConnector@60e9c3a5{HTTP/1.1,[http/1.1]}{0.0.0.0:0}
2019-09-17 10:15:04,048 [main] INFO  handler.ContextHandler (ContextHandler.java:doStop(910)) - Stopped o.e.j.s.ServletContextHandler@75181b50{/static,jar:file:/home/user/.m2/repository/org/apache/hadoop/hadoop-hdds-container-service/0.5.0-SNAPSHOT/hadoop-hdds-container-service-0.5.0-SNAPSHOT.jar!/webapps/static,UNAVAILABLE}
2019-09-17 10:15:04,048 [main] INFO  handler.ContextHandler (ContextHandler.java:doStop(910)) - Stopped o.e.j.s.ServletContextHandler@7a81065e{/logs,file:///workdir/hadoop-ozone/integration-test/target/log,UNAVAILABLE}
2019-09-17 10:15:04,049 [main] INFO  ozone.MiniOzoneClusterImpl (MiniOzoneClusterImpl.java:stop(339)) - Stopping the StorageContainerManager
2019-09-17 10:15:04,049 [main] INFO  server.StorageContainerManager (StorageContainerManager.java:stop(801)) - Stopping Replication Manager Service.
2019-09-17 10:15:04,049 [main] INFO  container.ReplicationManager (ReplicationManager.java:stop(203)) - Stopping Replication Monitor Thread.
2019-09-17 10:15:04,049 [main] INFO  server.StorageContainerManager (StorageContainerManager.java:stop(808)) - Stopping Lease Manager of the command watchers
2019-09-17 10:15:04,050 [main] INFO  server.StorageContainerManager (StorageContainerManager.java:stop(815)) - Stopping datanode service RPC server
2019-09-17 10:15:04,050 [main] INFO  server.SCMDatanodeProtocolServer (SCMDatanodeProtocolServer.java:stop(367)) - Stopping the RPC server for DataNodes
2019-09-17 10:15:04,050 [main] INFO  ipc.Server (Server.java:stop(3082)) - Stopping server on 36862
2019-09-17 10:15:04,051 [IPC Server listener on 36862] INFO  ipc.Server (Server.java:run(1185)) - Stopping IPC Server listener on 36862
2019-09-17 10:15:04,052 [IPC Server Responder] INFO  ipc.Server (Server.java:run(1319)) - Stopping IPC Server Responder
2019-09-17 10:15:04,151 [SCM Heartbeat Processing Thread - 0] WARN  node.NodeStateManager (NodeStateManager.java:scheduleNextHealthCheck(646)) - Current Thread is interrupted, shutting down HB processing thread for Node Manager.
2019-09-17 10:15:04,151 [main] INFO  server.StorageContainerManager (StorageContainerManager.java:stop(823)) - Stopping block service RPC server
2019-09-17 10:15:04,152 [main] INFO  server.SCMBlockProtocolServer (SCMBlockProtocolServer.java:stop(155)) - Stopping the RPC server for Block Protocol
2019-09-17 10:15:04,152 [main] INFO  ipc.Server (Server.java:stop(3082)) - Stopping server on 39461
2019-09-17 10:15:04,154 [IPC Server listener on 39461] INFO  ipc.Server (Server.java:run(1185)) - Stopping IPC Server listener on 39461
2019-09-17 10:15:04,154 [main] INFO  server.StorageContainerManager (StorageContainerManager.java:stop(830)) - Stopping the StorageContainerLocationProtocol RPC server
2019-09-17 10:15:04,154 [IPC Server Responder] INFO  ipc.Server (Server.java:run(1319)) - Stopping IPC Server Responder
2019-09-17 10:15:04,154 [main] INFO  server.SCMClientProtocolServer (SCMClientProtocolServer.java:stop(159)) - Stopping the RPC server for Client Protocol
2019-09-17 10:15:04,155 [main] INFO  ipc.Server (Server.java:stop(3082)) - Stopping server on 42530
2019-09-17 10:15:04,156 [IPC Server listener on 42530] INFO  ipc.Server (Server.java:run(1185)) - Stopping IPC Server listener on 42530
2019-09-17 10:15:04,156 [main] INFO  server.StorageContainerManager (StorageContainerManager.java:stop(837)) - Stopping Storage Container Manager HTTP server.
2019-09-17 10:15:04,157 [IPC Server Responder] INFO  ipc.Server (Server.java:run(1319)) - Stopping IPC Server Responder
2019-09-17 10:15:04,158 [main] INFO  handler.ContextHandler (ContextHandler.java:doStop(910)) - Stopped o.e.j.w.WebAppContext@7555b920{/,null,UNAVAILABLE}{/scm}
2019-09-17 10:15:04,158 [main] INFO  server.AbstractConnector (AbstractConnector.java:doStop(318)) - Stopped ServerConnector@6db66836{HTTP/1.1,[http/1.1]}{0.0.0.0:0}
2019-09-17 10:15:04,159 [main] INFO  handler.ContextHandler (ContextHandler.java:doStop(910)) - Stopped o.e.j.s.ServletContextHandler@6622fc65{/static,file:///workdir/hadoop-ozone/integration-test/target/test-classes/webapps/static,UNAVAILABLE}
2019-09-17 10:15:04,159 [main] INFO  handler.ContextHandler (ContextHandler.java:doStop(910)) - Stopped o.e.j.s.ServletContextHandler@732f29af{/logs,file:///workdir/hadoop-ozone/integration-test/target/log,UNAVAILABLE}
2019-09-17 10:15:04,160 [main] INFO  server.StorageContainerManager (StorageContainerManager.java:stop(848)) - Stopping Block Manager Service.
2019-09-17 10:15:04,160 [main] INFO  utils.BackgroundService (BackgroundService.java:shutdown(148)) - Shutting down service SCMBlockDeletingService
2019-09-17 10:15:04,161 [main] INFO  utils.BackgroundService (BackgroundService.java:shutdown(148)) - Shutting down service SCMBlockDeletingService
2019-09-17 10:15:04,161 [main] INFO  server.StorageContainerManager (StorageContainerManager.java:stop(870)) - Stopping SCM Event Queue.
2019-09-17 10:15:04,168 [main] INFO  impl.MetricsSystemImpl (MetricsSystemImpl.java:stop(210)) - Stopping XceiverClientMetrics metrics system...
2019-09-17 10:15:04,181 [prometheus] INFO  impl.MetricsSinkAdapter (MetricsSinkAdapter.java:publishMetricsFromQueue(141)) - prometheus thread interrupted.
2019-09-17 10:15:04,182 [main] INFO  impl.MetricsSystemImpl (MetricsSystemImpl.java:stop(216)) - XceiverClientMetrics metrics system stopped.
]]></system-out>
    <system-err><![CDATA[ERROR StatusLogger No Log4j 2 configuration file found. Using default configuration (logging only errors to the console), or user programmatically provided configurations. Set system property 'log4j2.debug' to show Log4j 2 internal initialization logging. See https://logging.apache.org/log4j/2.x/manual/configuration.html for instructions on how to configure Log4j 2
Sep 17, 2019 10:14:00 AM org.apache.ratis.thirdparty.io.grpc.internal.SerializingExecutor run
SEVERE: Exception while executing runnable org.apache.ratis.thirdparty.io.grpc.internal.ServerImpl$JumpToApplicationThreadServerStreamListener$1Closed@1b31a7d6
org.apache.ratis.thirdparty.io.grpc.StatusRuntimeException: CANCELLED: call already cancelled
	at org.apache.ratis.thirdparty.io.grpc.Status.asRuntimeException(Status.java:517)
	at org.apache.ratis.thirdparty.io.grpc.stub.ServerCalls$ServerCallStreamObserverImpl.onCompleted(ServerCalls.java:356)
	at org.apache.ratis.grpc.server.GrpcServerProtocolService$ServerRequestStreamObserver.onError(GrpcServerProtocolService.java:121)
	at org.apache.ratis.thirdparty.io.grpc.stub.ServerCalls$StreamingServerCallHandler$StreamingServerCallListener.onCancel(ServerCalls.java:269)
	at org.apache.ratis.thirdparty.io.grpc.internal.ServerCallImpl$ServerStreamListenerImpl.closed(ServerCallImpl.java:293)
	at org.apache.ratis.thirdparty.io.grpc.internal.ServerImpl$JumpToApplicationThreadServerStreamListener$1Closed.runInContext(ServerImpl.java:741)
	at org.apache.ratis.thirdparty.io.grpc.internal.ContextRunnable.run(ContextRunnable.java:37)
	at org.apache.ratis.thirdparty.io.grpc.internal.SerializingExecutor.run(SerializingExecutor.java:123)
	at java.util.concurrent.ThreadPoolExecutor.runWorker(ThreadPoolExecutor.java:1149)
	at java.util.concurrent.ThreadPoolExecutor$Worker.run(ThreadPoolExecutor.java:624)
	at java.lang.Thread.run(Thread.java:748)

Sep 17, 2019 10:14:48 AM org.apache.ratis.thirdparty.io.grpc.internal.SerializingExecutor run
SEVERE: Exception while executing runnable org.apache.ratis.thirdparty.io.grpc.internal.ServerImpl$JumpToApplicationThreadServerStreamListener$1Closed@66993e68
org.apache.ratis.thirdparty.io.grpc.StatusRuntimeException: CANCELLED: call already cancelled
	at org.apache.ratis.thirdparty.io.grpc.Status.asRuntimeException(Status.java:517)
	at org.apache.ratis.thirdparty.io.grpc.stub.ServerCalls$ServerCallStreamObserverImpl.onCompleted(ServerCalls.java:356)
	at org.apache.ratis.grpc.server.GrpcServerProtocolService$ServerRequestStreamObserver.onError(GrpcServerProtocolService.java:121)
	at org.apache.ratis.thirdparty.io.grpc.stub.ServerCalls$StreamingServerCallHandler$StreamingServerCallListener.onCancel(ServerCalls.java:269)
	at org.apache.ratis.thirdparty.io.grpc.internal.ServerCallImpl$ServerStreamListenerImpl.closed(ServerCallImpl.java:293)
	at org.apache.ratis.thirdparty.io.grpc.internal.ServerImpl$JumpToApplicationThreadServerStreamListener$1Closed.runInContext(ServerImpl.java:741)
	at org.apache.ratis.thirdparty.io.grpc.internal.ContextRunnable.run(ContextRunnable.java:37)
	at org.apache.ratis.thirdparty.io.grpc.internal.SerializingExecutor.run(SerializingExecutor.java:123)
	at java.util.concurrent.ThreadPoolExecutor.runWorker(ThreadPoolExecutor.java:1149)
	at java.util.concurrent.ThreadPoolExecutor$Worker.run(ThreadPoolExecutor.java:624)
	at java.lang.Thread.run(Thread.java:748)

Sep 17, 2019 10:14:53 AM org.apache.ratis.thirdparty.io.grpc.internal.SerializingExecutor run
SEVERE: Exception while executing runnable org.apache.ratis.thirdparty.io.grpc.internal.ServerImpl$JumpToApplicationThreadServerStreamListener$1Closed@53aace30
org.apache.ratis.thirdparty.io.grpc.StatusRuntimeException: CANCELLED: call already cancelled
	at org.apache.ratis.thirdparty.io.grpc.Status.asRuntimeException(Status.java:517)
	at org.apache.ratis.thirdparty.io.grpc.stub.ServerCalls$ServerCallStreamObserverImpl.onCompleted(ServerCalls.java:356)
	at org.apache.ratis.grpc.server.GrpcServerProtocolService$ServerRequestStreamObserver.onError(GrpcServerProtocolService.java:121)
	at org.apache.ratis.thirdparty.io.grpc.stub.ServerCalls$StreamingServerCallHandler$StreamingServerCallListener.onCancel(ServerCalls.java:269)
	at org.apache.ratis.thirdparty.io.grpc.internal.ServerCallImpl$ServerStreamListenerImpl.closed(ServerCallImpl.java:293)
	at org.apache.ratis.thirdparty.io.grpc.internal.ServerImpl$JumpToApplicationThreadServerStreamListener$1Closed.runInContext(ServerImpl.java:741)
	at org.apache.ratis.thirdparty.io.grpc.internal.ContextRunnable.run(ContextRunnable.java:37)
	at org.apache.ratis.thirdparty.io.grpc.internal.SerializingExecutor.run(SerializingExecutor.java:123)
	at java.util.concurrent.ThreadPoolExecutor.runWorker(ThreadPoolExecutor.java:1149)
	at java.util.concurrent.ThreadPoolExecutor$Worker.run(ThreadPoolExecutor.java:624)
	at java.lang.Thread.run(Thread.java:748)

]]></system-err>
  </testcase>
  <testcase name="testMultiBlockWritesWithDnFailures" classname="org.apache.hadoop.ozone.client.rpc.TestMultiBlockWritesWithDnFailures" time="38.93"/>
</testsuite>