<?xml version="1.0" encoding="UTF-8"?>
<testsuite xmlns:xsi="http://www.w3.org/2001/XMLSchema-instance" xsi:noNamespaceSchemaLocation="https://maven.apache.org/surefire/maven-surefire-plugin/xsd/surefire-test-report.xsd" name="org.apache.hadoop.ozone.client.rpc.TestBlockOutputStream" time="235.794" tests="6" errors="0" skipped="0" failures="1">
  <properties>
    <property name="awt.toolkit" value="sun.awt.X11.XToolkit"/>
    <property name="file.encoding.pkg" value="sun.io"/>
    <property name="java.specification.version" value="1.8"/>
    <property name="sun.cpu.isalist" value=""/>
    <property name="sun.jnu.encoding" value="UTF-8"/>
    <property name="java.class.path" value="/workdir/hadoop-ozone/integration-test/target/test-classes:/workdir/hadoop-ozone/integration-test/target/classes:/home/user/.m2/repository/org/apache/hadoop/hadoop-ozone-common/0.5.0-SNAPSHOT/hadoop-ozone-common-0.5.0-SNAPSHOT.jar:/home/user/.m2/repository/org/apache/commons/commons-compress/1.4.1/commons-compress-1.4.1.jar:/home/user/.m2/repository/org/tukaani/xz/1.0/xz-1.0.jar:/home/user/.m2/repository/org/apache/hadoop/hadoop-common/3.2.0/hadoop-common-3.2.0.jar:/home/user/.m2/repository/org/apache/hadoop/hadoop-hdfs/3.2.0/hadoop-hdfs-3.2.0.jar:/home/user/.m2/repository/org/apache/hadoop/hadoop-hdfs-client/3.2.0/hadoop-hdfs-client-3.2.0.jar:/home/user/.m2/repository/com/fasterxml/jackson/core/jackson-annotations/2.9.5/jackson-annotations-2.9.5.jar:/home/user/.m2/repository/org/apache/hadoop/hadoop-hdds-common/0.5.0-SNAPSHOT/hadoop-hdds-common-0.5.0-SNAPSHOT.jar:/home/user/.m2/repository/javax/annotation/javax.annotation-api/1.2/javax.annotation-api-1.2.jar:/home/user/.m2/repository/org/apache/ratis/ratis-server/0.4.0-78e95b9-SNAPSHOT/ratis-server-0.4.0-78e95b9-SNAPSHOT.jar:/home/user/.m2/repository/org/apache/ratis/ratis-thirdparty-misc/0.2.0/ratis-thirdparty-misc-0.2.0.jar:/home/user/.m2/repository/org/apache/ratis/ratis-proto/0.4.0-78e95b9-SNAPSHOT/ratis-proto-0.4.0-78e95b9-SNAPSHOT.jar:/home/user/.m2/repository/org/apache/ratis/ratis-common/0.4.0-78e95b9-SNAPSHOT/ratis-common-0.4.0-78e95b9-SNAPSHOT.jar:/home/user/.m2/repository/org/apache/ratis/ratis-client/0.4.0-78e95b9-SNAPSHOT/ratis-client-0.4.0-78e95b9-SNAPSHOT.jar:/home/user/.m2/repository/org/apache/ratis/ratis-metrics/0.4.0-78e95b9-SNAPSHOT/ratis-metrics-0.4.0-78e95b9-SNAPSHOT.jar:/home/user/.m2/repository/com/github/joshelser/dropwizard-metrics-hadoop-metrics2-reporter/0.1.2/dropwizard-metrics-hadoop-metrics2-reporter-0.1.2.jar:/home/user/.m2/repository/io/dropwizard/metrics/metrics-jvm/3.2.5/metrics-jvm-3.2.5.jar:/home/user/.m2/repository/io/dropwizard/metrics/metrics-ganglia/3.2.5/metrics-ganglia-3.2.5.jar:/home/user/.m2/repository/info/ganglia/gmetric4j/gmetric4j/1.0.7/gmetric4j-1.0.7.jar:/home/user/.m2/repository/org/apache/ratis/ratis-netty/0.4.0-78e95b9-SNAPSHOT/ratis-netty-0.4.0-78e95b9-SNAPSHOT.jar:/home/user/.m2/repository/org/apache/ratis/ratis-grpc/0.4.0-78e95b9-SNAPSHOT/ratis-grpc-0.4.0-78e95b9-SNAPSHOT.jar:/home/user/.m2/repository/org/rocksdb/rocksdbjni/6.0.1/rocksdbjni-6.0.1.jar:/home/user/.m2/repository/org/apache/logging/log4j/log4j-api/2.11.0/log4j-api-2.11.0.jar:/home/user/.m2/repository/org/apache/logging/log4j/log4j-core/2.11.0/log4j-core-2.11.0.jar:/home/user/.m2/repository/com/lmax/disruptor/3.4.2/disruptor-3.4.2.jar:/home/user/.m2/repository/org/apache/commons/commons-pool2/2.6.0/commons-pool2-2.6.0.jar:/home/user/.m2/repository/org/bouncycastle/bcpkix-jdk15on/1.60/bcpkix-jdk15on-1.60.jar:/home/user/.m2/repository/commons-validator/commons-validator/1.6/commons-validator-1.6.jar:/home/user/.m2/repository/commons-digester/commons-digester/1.8.1/commons-digester-1.8.1.jar:/home/user/.m2/repository/io/jaegertracing/jaeger-client/0.33.1/jaeger-client-0.33.1.jar:/home/user/.m2/repository/io/jaegertracing/jaeger-thrift/0.33.1/jaeger-thrift-0.33.1.jar:/home/user/.m2/repository/org/apache/thrift/libthrift/0.11.0/libthrift-0.11.0.jar:/home/user/.m2/repository/com/squareup/okhttp3/okhttp/3.9.0/okhttp-3.9.0.jar:/home/user/.m2/repository/com/squareup/okio/okio/1.13.0/okio-1.13.0.jar:/home/user/.m2/repository/io/jaegertracing/jaeger-core/0.33.1/jaeger-core-0.33.1.jar:/home/user/.m2/repository/io/jaegertracing/jaeger-tracerresolver/0.33.1/jaeger-tracerresolver-0.33.1.jar:/home/user/.m2/repository/io/opentracing/contrib/opentracing-tracerresolver/0.1.5/opentracing-tracerresolver-0.1.5.jar:/home/user/.m2/repository/io/opentracing/opentracing-util/0.31.0/opentracing-util-0.31.0.jar:/home/user/.m2/repository/io/opentracing/opentracing-api/0.31.0/opentracing-api-0.31.0.jar:/home/user/.m2/repository/io/opentracing/opentracing-noop/0.31.0/opentracing-noop-0.31.0.jar:/home/user/.m2/repository/org/apache/hadoop/hadoop-hdds-server-framework/0.5.0-SNAPSHOT/hadoop-hdds-server-framework-0.5.0-SNAPSHOT.jar:/home/user/.m2/repository/org/apache/hadoop/hadoop-hdds-container-service/0.5.0-SNAPSHOT/hadoop-hdds-container-service-0.5.0-SNAPSHOT.jar:/home/user/.m2/repository/org/apache/hadoop/hadoop-hdds-client/0.5.0-SNAPSHOT/hadoop-hdds-client-0.5.0-SNAPSHOT.jar:/home/user/.m2/repository/org/apache/hadoop/hadoop-hdds-tools/0.5.0-SNAPSHOT/hadoop-hdds-tools-0.5.0-SNAPSHOT.jar:/home/user/.m2/repository/org/apache/hadoop/hadoop-hdds-server-scm/0.5.0-SNAPSHOT/hadoop-hdds-server-scm-0.5.0-SNAPSHOT.jar:/home/user/.m2/repository/org/apache/hadoop/hadoop-hdds-docs/0.5.0-SNAPSHOT/hadoop-hdds-docs-0.5.0-SNAPSHOT.jar:/home/user/.m2/repository/io/dropwizard/metrics/metrics-core/3.2.4/metrics-core-3.2.4.jar:/home/user/.m2/repository/org/hamcrest/hamcrest-all/1.3/hamcrest-all-1.3.jar:/home/user/.m2/repository/org/bouncycastle/bcprov-jdk15on/1.60/bcprov-jdk15on-1.60.jar:/home/user/.m2/repository/info/picocli/picocli/3.9.6/picocli-3.9.6.jar:/home/user/.m2/repository/com/google/protobuf/protobuf-java/2.5.0/protobuf-java-2.5.0.jar:/home/user/.m2/repository/com/google/guava/guava/11.0.2/guava-11.0.2.jar:/home/user/.m2/repository/org/apache/hadoop/hadoop-ozone-ozone-manager/0.5.0-SNAPSHOT/hadoop-ozone-ozone-manager-0.5.0-SNAPSHOT.jar:/home/user/.m2/repository/org/apache/hadoop/hadoop-minikdc/3.2.0/hadoop-minikdc-3.2.0.jar:/home/user/.m2/repository/commons-io/commons-io/2.5/commons-io-2.5.jar:/home/user/.m2/repository/org/apache/kerby/kerb-simplekdc/1.0.1/kerb-simplekdc-1.0.1.jar:/home/user/.m2/repository/org/apache/kerby/kerb-client/1.0.1/kerb-client-1.0.1.jar:/home/user/.m2/repository/org/apache/kerby/kerby-config/1.0.1/kerby-config-1.0.1.jar:/home/user/.m2/repository/org/apache/kerby/kerb-core/1.0.1/kerb-core-1.0.1.jar:/home/user/.m2/repository/org/apache/kerby/kerby-pkix/1.0.1/kerby-pkix-1.0.1.jar:/home/user/.m2/repository/org/apache/kerby/kerby-asn1/1.0.1/kerby-asn1-1.0.1.jar:/home/user/.m2/repository/org/apache/kerby/kerby-util/1.0.1/kerby-util-1.0.1.jar:/home/user/.m2/repository/org/apache/kerby/kerb-common/1.0.1/kerb-common-1.0.1.jar:/home/user/.m2/repository/org/apache/kerby/kerb-crypto/1.0.1/kerb-crypto-1.0.1.jar:/home/user/.m2/repository/org/apache/kerby/kerb-util/1.0.1/kerb-util-1.0.1.jar:/home/user/.m2/repository/org/apache/kerby/token-provider/1.0.1/token-provider-1.0.1.jar:/home/user/.m2/repository/org/apache/kerby/kerb-admin/1.0.1/kerb-admin-1.0.1.jar:/home/user/.m2/repository/org/apache/kerby/kerb-server/1.0.1/kerb-server-1.0.1.jar:/home/user/.m2/repository/org/apache/kerby/kerb-identity/1.0.1/kerb-identity-1.0.1.jar:/home/user/.m2/repository/org/apache/kerby/kerby-xdr/1.0.1/kerby-xdr-1.0.1.jar:/home/user/.m2/repository/org/slf4j/slf4j-log4j12/1.7.25/slf4j-log4j12-1.7.25.jar:/home/user/.m2/repository/org/apache/hadoop/hadoop-ozone-s3gateway/0.5.0-SNAPSHOT/hadoop-ozone-s3gateway-0.5.0-SNAPSHOT.jar:/home/user/.m2/repository/org/jboss/weld/servlet/weld-servlet/2.4.7.Final/weld-servlet-2.4.7.Final.jar:/home/user/.m2/repository/org/glassfish/jersey/containers/jersey-container-servlet-core/2.27/jersey-container-servlet-core-2.27.jar:/home/user/.m2/repository/org/glassfish/hk2/external/javax.inject/2.5.0-b42/javax.inject-2.5.0-b42.jar:/home/user/.m2/repository/org/glassfish/jersey/core/jersey-common/2.27/jersey-common-2.27.jar:/home/user/.m2/repository/org/glassfish/hk2/osgi-resource-locator/1.0.1/osgi-resource-locator-1.0.1.jar:/home/user/.m2/repository/javax/ws/rs/javax.ws.rs-api/2.1/javax.ws.rs-api-2.1.jar:/home/user/.m2/repository/org/glassfish/jersey/ext/cdi/jersey-cdi1x/2.27/jersey-cdi1x-2.27.jar:/home/user/.m2/repository/org/glassfish/jersey/inject/jersey-hk2/2.27/jersey-hk2-2.27.jar:/home/user/.m2/repository/org/glassfish/hk2/hk2-locator/2.5.0-b42/hk2-locator-2.5.0-b42.jar:/home/user/.m2/repository/org/javassist/javassist/3.22.0-CR2/javassist-3.22.0-CR2.jar:/home/user/.m2/repository/org/glassfish/hk2/hk2-api/2.5.0/hk2-api-2.5.0.jar:/home/user/.m2/repository/org/glassfish/hk2/external/jakarta.inject/2.5.0/jakarta.inject-2.5.0.jar:/home/user/.m2/repository/org/glassfish/hk2/hk2-utils/2.5.0/hk2-utils-2.5.0.jar:/home/user/.m2/repository/jakarta/annotation/jakarta.annotation-api/1.3.4/jakarta.annotation-api-1.3.4.jar:/home/user/.m2/repository/org/glassfish/hk2/external/aopalliance-repackaged/2.5.0/aopalliance-repackaged-2.5.0.jar:/home/user/.m2/repository/com/fasterxml/jackson/dataformat/jackson-dataformat-xml/2.9.0/jackson-dataformat-xml-2.9.0.jar:/home/user/.m2/repository/com/fasterxml/jackson/core/jackson-core/2.9.5/jackson-core-2.9.5.jar:/home/user/.m2/repository/com/fasterxml/jackson/module/jackson-module-jaxb-annotations/2.9.5/jackson-module-jaxb-annotations-2.9.5.jar:/home/user/.m2/repository/javax/enterprise/cdi-api/1.2/cdi-api-1.2.jar:/home/user/.m2/repository/javax/el/javax.el-api/3.0.0/javax.el-api-3.0.0.jar:/home/user/.m2/repository/javax/interceptor/javax.interceptor-api/1.2/javax.interceptor-api-1.2.jar:/home/user/.m2/repository/javax/inject/javax.inject/1/javax.inject-1.jar:/home/user/.m2/repository/com/sun/xml/bind/jaxb-impl/2.3.0.1/jaxb-impl-2.3.0.1.jar:/home/user/.m2/repository/com/sun/xml/bind/jaxb-core/2.3.0.1/jaxb-core-2.3.0.1.jar:/home/user/.m2/repository/javax/xml/bind/jaxb-api/2.3.0/jaxb-api-2.3.0.jar:/home/user/.m2/repository/javax/activation/activation/1.1.1/activation-1.1.1.jar:/home/user/.m2/repository/org/apache/hadoop/hadoop-ozone-csi/0.5.0-SNAPSHOT/hadoop-ozone-csi-0.5.0-SNAPSHOT.jar:/home/user/.m2/repository/com/google/protobuf/protobuf-java-util/3.5.1/protobuf-java-util-3.5.1.jar:/home/user/.m2/repository/org/apache/hadoop/hadoop-hdds-config/0.5.0-SNAPSHOT/hadoop-hdds-config-0.5.0-SNAPSHOT.jar:/home/user/.m2/repository/io/grpc/grpc-netty/1.17.1/grpc-netty-1.17.1.jar:/home/user/.m2/repository/io/grpc/grpc-core/1.17.1/grpc-core-1.17.1.jar:/home/user/.m2/repository/io/grpc/grpc-context/1.17.1/grpc-context-1.17.1.jar:/home/user/.m2/repository/com/google/errorprone/error_prone_annotations/2.2.0/error_prone_annotations-2.2.0.jar:/home/user/.m2/repository/org/codehaus/mojo/animal-sniffer-annotations/1.17/animal-sniffer-annotations-1.17.jar:/home/user/.m2/repository/io/opencensus/opencensus-api/0.17.0/opencensus-api-0.17.0.jar:/home/user/.m2/repository/io/opencensus/opencensus-contrib-grpc-metrics/0.17.0/opencensus-contrib-grpc-metrics-0.17.0.jar:/home/user/.m2/repository/io/netty/netty-codec-http2/4.1.30.Final/netty-codec-http2-4.1.30.Final.jar:/home/user/.m2/repository/io/netty/netty-codec-http/4.1.30.Final/netty-codec-http-4.1.30.Final.jar:/home/user/.m2/repository/io/netty/netty-codec/4.1.30.Final/netty-codec-4.1.30.Final.jar:/home/user/.m2/repository/io/netty/netty-handler/4.1.30.Final/netty-handler-4.1.30.Final.jar:/home/user/.m2/repository/io/netty/netty-handler-proxy/4.1.30.Final/netty-handler-proxy-4.1.30.Final.jar:/home/user/.m2/repository/io/netty/netty-codec-socks/4.1.30.Final/netty-codec-socks-4.1.30.Final.jar:/home/user/.m2/repository/io/netty/netty-transport-native-epoll/4.1.30.Final/netty-transport-native-epoll-4.1.30.Final.jar:/home/user/.m2/repository/io/netty/netty-common/4.1.30.Final/netty-common-4.1.30.Final.jar:/home/user/.m2/repository/io/netty/netty-buffer/4.1.30.Final/netty-buffer-4.1.30.Final.jar:/home/user/.m2/repository/io/netty/netty-transport/4.1.30.Final/netty-transport-4.1.30.Final.jar:/home/user/.m2/repository/io/netty/netty-resolver/4.1.30.Final/netty-resolver-4.1.30.Final.jar:/home/user/.m2/repository/io/netty/netty-transport-native-unix-common/4.1.30.Final/netty-transport-native-unix-common-4.1.30.Final.jar:/home/user/.m2/repository/io/grpc/grpc-protobuf/1.17.1/grpc-protobuf-1.17.1.jar:/home/user/.m2/repository/com/google/api/grpc/proto-google-common-protos/1.0.0/proto-google-common-protos-1.0.0.jar:/home/user/.m2/repository/io/grpc/grpc-protobuf-lite/1.17.1/grpc-protobuf-lite-1.17.1.jar:/home/user/.m2/repository/io/grpc/grpc-stub/1.17.1/grpc-stub-1.17.1.jar:/home/user/.m2/repository/org/apache/hadoop/hadoop-ozone-recon/0.5.0-SNAPSHOT/hadoop-ozone-recon-0.5.0-SNAPSHOT.jar:/home/user/.m2/repository/org/apache/hadoop/hadoop-ozone-reconcodegen/0.5.0-SNAPSHOT/hadoop-ozone-reconcodegen-0.5.0-SNAPSHOT.jar:/home/user/.m2/repository/com/google/inject/extensions/guice-multibindings/4.0/guice-multibindings-4.0.jar:/home/user/.m2/repository/com/google/inject/guice/4.0/guice-4.0.jar:/home/user/.m2/repository/aopalliance/aopalliance/1.0/aopalliance-1.0.jar:/home/user/.m2/repository/com/google/inject/extensions/guice-servlet/4.0/guice-servlet-4.0.jar:/home/user/.m2/repository/org/glassfish/jersey/containers/jersey-container-servlet/2.27/jersey-container-servlet-2.27.jar:/home/user/.m2/repository/org/glassfish/hk2/guice-bridge/2.5.0/guice-bridge-2.5.0.jar:/home/user/.m2/repository/org/glassfish/jersey/core/jersey-server/2.27/jersey-server-2.27.jar:/home/user/.m2/repository/org/glassfish/jersey/core/jersey-client/2.27/jersey-client-2.27.jar:/home/user/.m2/repository/org/glassfish/jersey/media/jersey-media-jaxb/2.27/jersey-media-jaxb-2.27.jar:/home/user/.m2/repository/javax/validation/validation-api/1.1.0.Final/validation-api-1.1.0.Final.jar:/home/user/.m2/repository/org/glassfish/jersey/media/jersey-media-json-jackson/2.27/jersey-media-json-jackson-2.27.jar:/home/user/.m2/repository/org/glassfish/jersey/ext/jersey-entity-filtering/2.27/jersey-entity-filtering-2.27.jar:/home/user/.m2/repository/com/google/inject/extensions/guice-assistedinject/4.0/guice-assistedinject-4.0.jar:/home/user/.m2/repository/org/jooq/jooq/3.11.10/jooq-3.11.10.jar:/home/user/.m2/repository/org/jooq/jooq-meta/3.11.10/jooq-meta-3.11.10.jar:/home/user/.m2/repository/org/jooq/jooq-codegen/3.11.10/jooq-codegen-3.11.10.jar:/home/user/.m2/repository/com/jolbox/bonecp/0.8.0.RELEASE/bonecp-0.8.0.RELEASE.jar:/home/user/.m2/repository/org/xerial/sqlite-jdbc/3.25.2/sqlite-jdbc-3.25.2.jar:/home/user/.m2/repository/org/springframework/spring-jdbc/5.1.3.RELEASE/spring-jdbc-5.1.3.RELEASE.jar:/home/user/.m2/repository/org/springframework/spring-beans/5.1.3.RELEASE/spring-beans-5.1.3.RELEASE.jar:/home/user/.m2/repository/org/springframework/spring-core/5.1.3.RELEASE/spring-core-5.1.3.RELEASE.jar:/home/user/.m2/repository/org/springframework/spring-jcl/5.1.3.RELEASE/spring-jcl-5.1.3.RELEASE.jar:/home/user/.m2/repository/org/springframework/spring-tx/5.1.3.RELEASE/spring-tx-5.1.3.RELEASE.jar:/home/user/.m2/repository/org/apache/hadoop/hadoop-ozone-client/0.5.0-SNAPSHOT/hadoop-ozone-client-0.5.0-SNAPSHOT.jar:/home/user/.m2/repository/commons-lang/commons-lang/2.6/commons-lang-2.6.jar:/home/user/.m2/repository/org/apache/hadoop/hadoop-ozone-ozone-manager/0.5.0-SNAPSHOT/hadoop-ozone-ozone-manager-0.5.0-SNAPSHOT-tests.jar:/home/user/.m2/repository/junit/junit/4.11/junit-4.11.jar:/home/user/.m2/repository/org/hamcrest/hamcrest-core/1.3/hamcrest-core-1.3.jar:/home/user/.m2/repository/org/openjdk/jmh/jmh-core/1.19/jmh-core-1.19.jar:/home/user/.m2/repository/net/sf/jopt-simple/jopt-simple/4.6/jopt-simple-4.6.jar:/home/user/.m2/repository/org/apache/commons/commons-math3/3.1.1/commons-math3-3.1.1.jar:/home/user/.m2/repository/org/openjdk/jmh/jmh-generator-annprocess/1.19/jmh-generator-annprocess-1.19.jar:/home/user/.m2/repository/org/mockito/mockito-all/1.8.5/mockito-all-1.8.5.jar:/home/user/.m2/repository/org/apache/hadoop/hadoop-kms/3.2.0/hadoop-kms-3.2.0.jar:/home/user/.m2/repository/org/apache/hadoop/hadoop-auth/3.2.0/hadoop-auth-3.2.0.jar:/home/user/.m2/repository/com/nimbusds/nimbus-jose-jwt/4.41.1/nimbus-jose-jwt-4.41.1.jar:/home/user/.m2/repository/com/github/stephenc/jcip/jcip-annotations/1.0-1/jcip-annotations-1.0-1.jar:/home/user/.m2/repository/net/minidev/json-smart/2.3/json-smart-2.3.jar:/home/user/.m2/repository/net/minidev/accessors-smart/1.2/accessors-smart-1.2.jar:/home/user/.m2/repository/org/ow2/asm/asm/5.0.4/asm-5.0.4.jar:/home/user/.m2/repository/org/apache/curator/curator-framework/2.12.0/curator-framework-2.12.0.jar:/home/user/.m2/repository/com/sun/jersey/jersey-core/1.19/jersey-core-1.19.jar:/home/user/.m2/repository/javax/ws/rs/jsr311-api/1.1.1/jsr311-api-1.1.1.jar:/home/user/.m2/repository/com/sun/jersey/jersey-server/1.19/jersey-server-1.19.jar:/home/user/.m2/repository/javax/servlet/javax.servlet-api/3.1.0/javax.servlet-api-3.1.0.jar:/home/user/.m2/repository/org/eclipse/jetty/jetty-server/9.3.24.v20180605/jetty-server-9.3.24.v20180605.jar:/home/user/.m2/repository/org/eclipse/jetty/jetty-http/9.3.24.v20180605/jetty-http-9.3.24.v20180605.jar:/home/user/.m2/repository/org/eclipse/jetty/jetty-io/9.3.24.v20180605/jetty-io-9.3.24.v20180605.jar:/home/user/.m2/repository/org/eclipse/jetty/jetty-webapp/9.3.24.v20180605/jetty-webapp-9.3.24.v20180605.jar:/home/user/.m2/repository/org/eclipse/jetty/jetty-xml/9.3.24.v20180605/jetty-xml-9.3.24.v20180605.jar:/home/user/.m2/repository/log4j/log4j/1.2.17/log4j-1.2.17.jar:/home/user/.m2/repository/org/slf4j/slf4j-api/1.7.25/slf4j-api-1.7.25.jar:/home/user/.m2/repository/org/slf4j/jul-to-slf4j/1.7.25/jul-to-slf4j-1.7.25.jar:/home/user/.m2/repository/org/eclipse/jetty/jetty-util/9.3.24.v20180605/jetty-util-9.3.24.v20180605.jar:/home/user/.m2/repository/com/fasterxml/jackson/core/jackson-databind/2.9.5/jackson-databind-2.9.5.jar:/home/user/.m2/repository/org/apache/hadoop/hadoop-kms/3.2.0/hadoop-kms-3.2.0-tests.jar:/home/user/.m2/repository/org/apache/hadoop/hadoop-hdds-server-scm/0.5.0-SNAPSHOT/hadoop-hdds-server-scm-0.5.0-SNAPSHOT-tests.jar:/home/user/.m2/repository/org/apache/hadoop/hadoop-hdds-container-service/0.5.0-SNAPSHOT/hadoop-hdds-container-service-0.5.0-SNAPSHOT-tests.jar:/home/user/.m2/repository/org/yaml/snakeyaml/1.16/snakeyaml-1.16.jar:/home/user/.m2/repository/org/apache/hadoop/hadoop-common/3.2.0/hadoop-common-3.2.0-tests.jar:/home/user/.m2/repository/org/apache/hadoop/hadoop-annotations/3.2.0/hadoop-annotations-3.2.0.jar:/usr/lib/jvm/java-1.8-openjdk/jre/../lib/tools.jar:/home/user/.m2/repository/commons-cli/commons-cli/1.2/commons-cli-1.2.jar:/home/user/.m2/repository/org/apache/httpcomponents/httpclient/4.5.2/httpclient-4.5.2.jar:/home/user/.m2/repository/org/apache/httpcomponents/httpcore/4.4.4/httpcore-4.4.4.jar:/home/user/.m2/repository/commons-codec/commons-codec/1.11/commons-codec-1.11.jar:/home/user/.m2/repository/commons-net/commons-net/3.6/commons-net-3.6.jar:/home/user/.m2/repository/commons-collections/commons-collections/3.2.2/commons-collections-3.2.2.jar:/home/user/.m2/repository/org/eclipse/jetty/jetty-servlet/9.3.24.v20180605/jetty-servlet-9.3.24.v20180605.jar:/home/user/.m2/repository/org/eclipse/jetty/jetty-security/9.3.24.v20180605/jetty-security-9.3.24.v20180605.jar:/home/user/.m2/repository/javax/servlet/jsp/jsp-api/2.1/jsp-api-2.1.jar:/home/user/.m2/repository/com/sun/jersey/jersey-servlet/1.19/jersey-servlet-1.19.jar:/home/user/.m2/repository/com/sun/jersey/jersey-json/1.19/jersey-json-1.19.jar:/home/user/.m2/repository/org/codehaus/jettison/jettison/1.1/jettison-1.1.jar:/home/user/.m2/repository/org/codehaus/jackson/jackson-core-asl/1.9.13/jackson-core-asl-1.9.13.jar:/home/user/.m2/repository/org/codehaus/jackson/jackson-mapper-asl/1.9.13/jackson-mapper-asl-1.9.13.jar:/home/user/.m2/repository/org/codehaus/jackson/jackson-jaxrs/1.9.13/jackson-jaxrs-1.9.13.jar:/home/user/.m2/repository/org/codehaus/jackson/jackson-xc/1.9.13/jackson-xc-1.9.13.jar:/home/user/.m2/repository/commons-logging/commons-logging/1.1.3/commons-logging-1.1.3.jar:/home/user/.m2/repository/commons-beanutils/commons-beanutils/1.9.3/commons-beanutils-1.9.3.jar:/home/user/.m2/repository/org/apache/commons/commons-configuration2/2.1.1/commons-configuration2-2.1.1.jar:/home/user/.m2/repository/org/apache/commons/commons-lang3/3.7/commons-lang3-3.7.jar:/home/user/.m2/repository/org/apache/commons/commons-text/1.4/commons-text-1.4.jar:/home/user/.m2/repository/org/apache/avro/avro/1.7.7/avro-1.7.7.jar:/home/user/.m2/repository/com/thoughtworks/paranamer/paranamer/2.3/paranamer-2.3.jar:/home/user/.m2/repository/org/xerial/snappy/snappy-java/1.0.5/snappy-java-1.0.5.jar:/home/user/.m2/repository/com/google/re2j/re2j/1.1/re2j-1.1.jar:/home/user/.m2/repository/com/google/code/gson/gson/2.2.4/gson-2.2.4.jar:/home/user/.m2/repository/com/jcraft/jsch/0.1.54/jsch-0.1.54.jar:/home/user/.m2/repository/org/apache/curator/curator-client/2.12.0/curator-client-2.12.0.jar:/home/user/.m2/repository/org/apache/curator/curator-recipes/2.12.0/curator-recipes-2.12.0.jar:/home/user/.m2/repository/com/google/code/findbugs/jsr305/3.0.0/jsr305-3.0.0.jar:/home/user/.m2/repository/org/apache/htrace/htrace-core4/4.1.0-incubating/htrace-core4-4.1.0-incubating.jar:/home/user/.m2/repository/org/apache/zookeeper/zookeeper/3.4.13/zookeeper-3.4.13.jar:/home/user/.m2/repository/org/apache/yetus/audience-annotations/0.5.0/audience-annotations-0.5.0.jar:/home/user/.m2/repository/org/codehaus/woodstox/stax2-api/3.1.4/stax2-api-3.1.4.jar:/home/user/.m2/repository/com/fasterxml/woodstox/woodstox-core/5.0.3/woodstox-core-5.0.3.jar:/home/user/.m2/repository/dnsjava/dnsjava/2.1.7/dnsjava-2.1.7.jar:/home/user/.m2/repository/org/apache/hadoop/hadoop-hdfs/3.2.0/hadoop-hdfs-3.2.0-tests.jar:/home/user/.m2/repository/org/eclipse/jetty/jetty-util-ajax/9.3.24.v20180605/jetty-util-ajax-9.3.24.v20180605.jar:/home/user/.m2/repository/commons-daemon/commons-daemon/1.0.13/commons-daemon-1.0.13.jar:/home/user/.m2/repository/io/netty/netty/3.10.5.Final/netty-3.10.5.Final.jar:/home/user/.m2/repository/io/netty/netty-all/4.0.52.Final/netty-all-4.0.52.Final.jar:/home/user/.m2/repository/org/fusesource/leveldbjni/leveldbjni-all/1.8/leveldbjni-all-1.8.jar:"/>
    <property name="java.vm.vendor" value="IcedTea"/>
    <property name="sun.arch.data.model" value="64"/>
    <property name="test.build.dir" value="/workdir/hadoop-ozone/integration-test/target/test-dir"/>
    <property name="test.cache.data" value=""/>
    <property name="java.vendor.url" value="https://icedtea.classpath.org"/>
    <property name="user.timezone" value=""/>
    <property name="java.vm.specification.version" value="1.8"/>
    <property name="os.name" value="Linux"/>
    <property name="test.build.data" value="/workdir/hadoop-ozone/integration-test/target/test-dir"/>
    <property name="user.country" value="US"/>
    <property name="sun.java.launcher" value="SUN_STANDARD"/>
    <property name="sun.boot.library.path" value="/usr/lib/jvm/java-1.8-openjdk/jre/lib/amd64"/>
    <property name="sun.java.command" value="/workdir/hadoop-ozone/integration-test/target/surefire/surefirebooter7819902188490254750.jar /workdir/hadoop-ozone/integration-test/target/surefire 2019-09-17T08-55-12_190-jvmRun1 surefire207586138575137767tmp surefire_39691270817951911678tmp"/>
    <property name="test" value="!TestMiniChaosOzoneCluster"/>
    <property name="surefire.test.class.path" value="/workdir/hadoop-ozone/integration-test/target/test-classes:/workdir/hadoop-ozone/integration-test/target/classes:/home/user/.m2/repository/org/apache/hadoop/hadoop-ozone-common/0.5.0-SNAPSHOT/hadoop-ozone-common-0.5.0-SNAPSHOT.jar:/home/user/.m2/repository/org/apache/commons/commons-compress/1.4.1/commons-compress-1.4.1.jar:/home/user/.m2/repository/org/tukaani/xz/1.0/xz-1.0.jar:/home/user/.m2/repository/org/apache/hadoop/hadoop-common/3.2.0/hadoop-common-3.2.0.jar:/home/user/.m2/repository/org/apache/hadoop/hadoop-hdfs/3.2.0/hadoop-hdfs-3.2.0.jar:/home/user/.m2/repository/org/apache/hadoop/hadoop-hdfs-client/3.2.0/hadoop-hdfs-client-3.2.0.jar:/home/user/.m2/repository/com/fasterxml/jackson/core/jackson-annotations/2.9.5/jackson-annotations-2.9.5.jar:/home/user/.m2/repository/org/apache/hadoop/hadoop-hdds-common/0.5.0-SNAPSHOT/hadoop-hdds-common-0.5.0-SNAPSHOT.jar:/home/user/.m2/repository/javax/annotation/javax.annotation-api/1.2/javax.annotation-api-1.2.jar:/home/user/.m2/repository/org/apache/ratis/ratis-server/0.4.0-78e95b9-SNAPSHOT/ratis-server-0.4.0-78e95b9-SNAPSHOT.jar:/home/user/.m2/repository/org/apache/ratis/ratis-thirdparty-misc/0.2.0/ratis-thirdparty-misc-0.2.0.jar:/home/user/.m2/repository/org/apache/ratis/ratis-proto/0.4.0-78e95b9-SNAPSHOT/ratis-proto-0.4.0-78e95b9-SNAPSHOT.jar:/home/user/.m2/repository/org/apache/ratis/ratis-common/0.4.0-78e95b9-SNAPSHOT/ratis-common-0.4.0-78e95b9-SNAPSHOT.jar:/home/user/.m2/repository/org/apache/ratis/ratis-client/0.4.0-78e95b9-SNAPSHOT/ratis-client-0.4.0-78e95b9-SNAPSHOT.jar:/home/user/.m2/repository/org/apache/ratis/ratis-metrics/0.4.0-78e95b9-SNAPSHOT/ratis-metrics-0.4.0-78e95b9-SNAPSHOT.jar:/home/user/.m2/repository/com/github/joshelser/dropwizard-metrics-hadoop-metrics2-reporter/0.1.2/dropwizard-metrics-hadoop-metrics2-reporter-0.1.2.jar:/home/user/.m2/repository/io/dropwizard/metrics/metrics-jvm/3.2.5/metrics-jvm-3.2.5.jar:/home/user/.m2/repository/io/dropwizard/metrics/metrics-ganglia/3.2.5/metrics-ganglia-3.2.5.jar:/home/user/.m2/repository/info/ganglia/gmetric4j/gmetric4j/1.0.7/gmetric4j-1.0.7.jar:/home/user/.m2/repository/org/apache/ratis/ratis-netty/0.4.0-78e95b9-SNAPSHOT/ratis-netty-0.4.0-78e95b9-SNAPSHOT.jar:/home/user/.m2/repository/org/apache/ratis/ratis-grpc/0.4.0-78e95b9-SNAPSHOT/ratis-grpc-0.4.0-78e95b9-SNAPSHOT.jar:/home/user/.m2/repository/org/rocksdb/rocksdbjni/6.0.1/rocksdbjni-6.0.1.jar:/home/user/.m2/repository/org/apache/logging/log4j/log4j-api/2.11.0/log4j-api-2.11.0.jar:/home/user/.m2/repository/org/apache/logging/log4j/log4j-core/2.11.0/log4j-core-2.11.0.jar:/home/user/.m2/repository/com/lmax/disruptor/3.4.2/disruptor-3.4.2.jar:/home/user/.m2/repository/org/apache/commons/commons-pool2/2.6.0/commons-pool2-2.6.0.jar:/home/user/.m2/repository/org/bouncycastle/bcpkix-jdk15on/1.60/bcpkix-jdk15on-1.60.jar:/home/user/.m2/repository/commons-validator/commons-validator/1.6/commons-validator-1.6.jar:/home/user/.m2/repository/commons-digester/commons-digester/1.8.1/commons-digester-1.8.1.jar:/home/user/.m2/repository/io/jaegertracing/jaeger-client/0.33.1/jaeger-client-0.33.1.jar:/home/user/.m2/repository/io/jaegertracing/jaeger-thrift/0.33.1/jaeger-thrift-0.33.1.jar:/home/user/.m2/repository/org/apache/thrift/libthrift/0.11.0/libthrift-0.11.0.jar:/home/user/.m2/repository/com/squareup/okhttp3/okhttp/3.9.0/okhttp-3.9.0.jar:/home/user/.m2/repository/com/squareup/okio/okio/1.13.0/okio-1.13.0.jar:/home/user/.m2/repository/io/jaegertracing/jaeger-core/0.33.1/jaeger-core-0.33.1.jar:/home/user/.m2/repository/io/jaegertracing/jaeger-tracerresolver/0.33.1/jaeger-tracerresolver-0.33.1.jar:/home/user/.m2/repository/io/opentracing/contrib/opentracing-tracerresolver/0.1.5/opentracing-tracerresolver-0.1.5.jar:/home/user/.m2/repository/io/opentracing/opentracing-util/0.31.0/opentracing-util-0.31.0.jar:/home/user/.m2/repository/io/opentracing/opentracing-api/0.31.0/opentracing-api-0.31.0.jar:/home/user/.m2/repository/io/opentracing/opentracing-noop/0.31.0/opentracing-noop-0.31.0.jar:/home/user/.m2/repository/org/apache/hadoop/hadoop-hdds-server-framework/0.5.0-SNAPSHOT/hadoop-hdds-server-framework-0.5.0-SNAPSHOT.jar:/home/user/.m2/repository/org/apache/hadoop/hadoop-hdds-container-service/0.5.0-SNAPSHOT/hadoop-hdds-container-service-0.5.0-SNAPSHOT.jar:/home/user/.m2/repository/org/apache/hadoop/hadoop-hdds-client/0.5.0-SNAPSHOT/hadoop-hdds-client-0.5.0-SNAPSHOT.jar:/home/user/.m2/repository/org/apache/hadoop/hadoop-hdds-tools/0.5.0-SNAPSHOT/hadoop-hdds-tools-0.5.0-SNAPSHOT.jar:/home/user/.m2/repository/org/apache/hadoop/hadoop-hdds-server-scm/0.5.0-SNAPSHOT/hadoop-hdds-server-scm-0.5.0-SNAPSHOT.jar:/home/user/.m2/repository/org/apache/hadoop/hadoop-hdds-docs/0.5.0-SNAPSHOT/hadoop-hdds-docs-0.5.0-SNAPSHOT.jar:/home/user/.m2/repository/io/dropwizard/metrics/metrics-core/3.2.4/metrics-core-3.2.4.jar:/home/user/.m2/repository/org/hamcrest/hamcrest-all/1.3/hamcrest-all-1.3.jar:/home/user/.m2/repository/org/bouncycastle/bcprov-jdk15on/1.60/bcprov-jdk15on-1.60.jar:/home/user/.m2/repository/info/picocli/picocli/3.9.6/picocli-3.9.6.jar:/home/user/.m2/repository/com/google/protobuf/protobuf-java/2.5.0/protobuf-java-2.5.0.jar:/home/user/.m2/repository/com/google/guava/guava/11.0.2/guava-11.0.2.jar:/home/user/.m2/repository/org/apache/hadoop/hadoop-ozone-ozone-manager/0.5.0-SNAPSHOT/hadoop-ozone-ozone-manager-0.5.0-SNAPSHOT.jar:/home/user/.m2/repository/org/apache/hadoop/hadoop-minikdc/3.2.0/hadoop-minikdc-3.2.0.jar:/home/user/.m2/repository/commons-io/commons-io/2.5/commons-io-2.5.jar:/home/user/.m2/repository/org/apache/kerby/kerb-simplekdc/1.0.1/kerb-simplekdc-1.0.1.jar:/home/user/.m2/repository/org/apache/kerby/kerb-client/1.0.1/kerb-client-1.0.1.jar:/home/user/.m2/repository/org/apache/kerby/kerby-config/1.0.1/kerby-config-1.0.1.jar:/home/user/.m2/repository/org/apache/kerby/kerb-core/1.0.1/kerb-core-1.0.1.jar:/home/user/.m2/repository/org/apache/kerby/kerby-pkix/1.0.1/kerby-pkix-1.0.1.jar:/home/user/.m2/repository/org/apache/kerby/kerby-asn1/1.0.1/kerby-asn1-1.0.1.jar:/home/user/.m2/repository/org/apache/kerby/kerby-util/1.0.1/kerby-util-1.0.1.jar:/home/user/.m2/repository/org/apache/kerby/kerb-common/1.0.1/kerb-common-1.0.1.jar:/home/user/.m2/repository/org/apache/kerby/kerb-crypto/1.0.1/kerb-crypto-1.0.1.jar:/home/user/.m2/repository/org/apache/kerby/kerb-util/1.0.1/kerb-util-1.0.1.jar:/home/user/.m2/repository/org/apache/kerby/token-provider/1.0.1/token-provider-1.0.1.jar:/home/user/.m2/repository/org/apache/kerby/kerb-admin/1.0.1/kerb-admin-1.0.1.jar:/home/user/.m2/repository/org/apache/kerby/kerb-server/1.0.1/kerb-server-1.0.1.jar:/home/user/.m2/repository/org/apache/kerby/kerb-identity/1.0.1/kerb-identity-1.0.1.jar:/home/user/.m2/repository/org/apache/kerby/kerby-xdr/1.0.1/kerby-xdr-1.0.1.jar:/home/user/.m2/repository/org/slf4j/slf4j-log4j12/1.7.25/slf4j-log4j12-1.7.25.jar:/home/user/.m2/repository/org/apache/hadoop/hadoop-ozone-s3gateway/0.5.0-SNAPSHOT/hadoop-ozone-s3gateway-0.5.0-SNAPSHOT.jar:/home/user/.m2/repository/org/jboss/weld/servlet/weld-servlet/2.4.7.Final/weld-servlet-2.4.7.Final.jar:/home/user/.m2/repository/org/glassfish/jersey/containers/jersey-container-servlet-core/2.27/jersey-container-servlet-core-2.27.jar:/home/user/.m2/repository/org/glassfish/hk2/external/javax.inject/2.5.0-b42/javax.inject-2.5.0-b42.jar:/home/user/.m2/repository/org/glassfish/jersey/core/jersey-common/2.27/jersey-common-2.27.jar:/home/user/.m2/repository/org/glassfish/hk2/osgi-resource-locator/1.0.1/osgi-resource-locator-1.0.1.jar:/home/user/.m2/repository/javax/ws/rs/javax.ws.rs-api/2.1/javax.ws.rs-api-2.1.jar:/home/user/.m2/repository/org/glassfish/jersey/ext/cdi/jersey-cdi1x/2.27/jersey-cdi1x-2.27.jar:/home/user/.m2/repository/org/glassfish/jersey/inject/jersey-hk2/2.27/jersey-hk2-2.27.jar:/home/user/.m2/repository/org/glassfish/hk2/hk2-locator/2.5.0-b42/hk2-locator-2.5.0-b42.jar:/home/user/.m2/repository/org/javassist/javassist/3.22.0-CR2/javassist-3.22.0-CR2.jar:/home/user/.m2/repository/org/glassfish/hk2/hk2-api/2.5.0/hk2-api-2.5.0.jar:/home/user/.m2/repository/org/glassfish/hk2/external/jakarta.inject/2.5.0/jakarta.inject-2.5.0.jar:/home/user/.m2/repository/org/glassfish/hk2/hk2-utils/2.5.0/hk2-utils-2.5.0.jar:/home/user/.m2/repository/jakarta/annotation/jakarta.annotation-api/1.3.4/jakarta.annotation-api-1.3.4.jar:/home/user/.m2/repository/org/glassfish/hk2/external/aopalliance-repackaged/2.5.0/aopalliance-repackaged-2.5.0.jar:/home/user/.m2/repository/com/fasterxml/jackson/dataformat/jackson-dataformat-xml/2.9.0/jackson-dataformat-xml-2.9.0.jar:/home/user/.m2/repository/com/fasterxml/jackson/core/jackson-core/2.9.5/jackson-core-2.9.5.jar:/home/user/.m2/repository/com/fasterxml/jackson/module/jackson-module-jaxb-annotations/2.9.5/jackson-module-jaxb-annotations-2.9.5.jar:/home/user/.m2/repository/javax/enterprise/cdi-api/1.2/cdi-api-1.2.jar:/home/user/.m2/repository/javax/el/javax.el-api/3.0.0/javax.el-api-3.0.0.jar:/home/user/.m2/repository/javax/interceptor/javax.interceptor-api/1.2/javax.interceptor-api-1.2.jar:/home/user/.m2/repository/javax/inject/javax.inject/1/javax.inject-1.jar:/home/user/.m2/repository/com/sun/xml/bind/jaxb-impl/2.3.0.1/jaxb-impl-2.3.0.1.jar:/home/user/.m2/repository/com/sun/xml/bind/jaxb-core/2.3.0.1/jaxb-core-2.3.0.1.jar:/home/user/.m2/repository/javax/xml/bind/jaxb-api/2.3.0/jaxb-api-2.3.0.jar:/home/user/.m2/repository/javax/activation/activation/1.1.1/activation-1.1.1.jar:/home/user/.m2/repository/org/apache/hadoop/hadoop-ozone-csi/0.5.0-SNAPSHOT/hadoop-ozone-csi-0.5.0-SNAPSHOT.jar:/home/user/.m2/repository/com/google/protobuf/protobuf-java-util/3.5.1/protobuf-java-util-3.5.1.jar:/home/user/.m2/repository/org/apache/hadoop/hadoop-hdds-config/0.5.0-SNAPSHOT/hadoop-hdds-config-0.5.0-SNAPSHOT.jar:/home/user/.m2/repository/io/grpc/grpc-netty/1.17.1/grpc-netty-1.17.1.jar:/home/user/.m2/repository/io/grpc/grpc-core/1.17.1/grpc-core-1.17.1.jar:/home/user/.m2/repository/io/grpc/grpc-context/1.17.1/grpc-context-1.17.1.jar:/home/user/.m2/repository/com/google/errorprone/error_prone_annotations/2.2.0/error_prone_annotations-2.2.0.jar:/home/user/.m2/repository/org/codehaus/mojo/animal-sniffer-annotations/1.17/animal-sniffer-annotations-1.17.jar:/home/user/.m2/repository/io/opencensus/opencensus-api/0.17.0/opencensus-api-0.17.0.jar:/home/user/.m2/repository/io/opencensus/opencensus-contrib-grpc-metrics/0.17.0/opencensus-contrib-grpc-metrics-0.17.0.jar:/home/user/.m2/repository/io/netty/netty-codec-http2/4.1.30.Final/netty-codec-http2-4.1.30.Final.jar:/home/user/.m2/repository/io/netty/netty-codec-http/4.1.30.Final/netty-codec-http-4.1.30.Final.jar:/home/user/.m2/repository/io/netty/netty-codec/4.1.30.Final/netty-codec-4.1.30.Final.jar:/home/user/.m2/repository/io/netty/netty-handler/4.1.30.Final/netty-handler-4.1.30.Final.jar:/home/user/.m2/repository/io/netty/netty-handler-proxy/4.1.30.Final/netty-handler-proxy-4.1.30.Final.jar:/home/user/.m2/repository/io/netty/netty-codec-socks/4.1.30.Final/netty-codec-socks-4.1.30.Final.jar:/home/user/.m2/repository/io/netty/netty-transport-native-epoll/4.1.30.Final/netty-transport-native-epoll-4.1.30.Final.jar:/home/user/.m2/repository/io/netty/netty-common/4.1.30.Final/netty-common-4.1.30.Final.jar:/home/user/.m2/repository/io/netty/netty-buffer/4.1.30.Final/netty-buffer-4.1.30.Final.jar:/home/user/.m2/repository/io/netty/netty-transport/4.1.30.Final/netty-transport-4.1.30.Final.jar:/home/user/.m2/repository/io/netty/netty-resolver/4.1.30.Final/netty-resolver-4.1.30.Final.jar:/home/user/.m2/repository/io/netty/netty-transport-native-unix-common/4.1.30.Final/netty-transport-native-unix-common-4.1.30.Final.jar:/home/user/.m2/repository/io/grpc/grpc-protobuf/1.17.1/grpc-protobuf-1.17.1.jar:/home/user/.m2/repository/com/google/api/grpc/proto-google-common-protos/1.0.0/proto-google-common-protos-1.0.0.jar:/home/user/.m2/repository/io/grpc/grpc-protobuf-lite/1.17.1/grpc-protobuf-lite-1.17.1.jar:/home/user/.m2/repository/io/grpc/grpc-stub/1.17.1/grpc-stub-1.17.1.jar:/home/user/.m2/repository/org/apache/hadoop/hadoop-ozone-recon/0.5.0-SNAPSHOT/hadoop-ozone-recon-0.5.0-SNAPSHOT.jar:/home/user/.m2/repository/org/apache/hadoop/hadoop-ozone-reconcodegen/0.5.0-SNAPSHOT/hadoop-ozone-reconcodegen-0.5.0-SNAPSHOT.jar:/home/user/.m2/repository/com/google/inject/extensions/guice-multibindings/4.0/guice-multibindings-4.0.jar:/home/user/.m2/repository/com/google/inject/guice/4.0/guice-4.0.jar:/home/user/.m2/repository/aopalliance/aopalliance/1.0/aopalliance-1.0.jar:/home/user/.m2/repository/com/google/inject/extensions/guice-servlet/4.0/guice-servlet-4.0.jar:/home/user/.m2/repository/org/glassfish/jersey/containers/jersey-container-servlet/2.27/jersey-container-servlet-2.27.jar:/home/user/.m2/repository/org/glassfish/hk2/guice-bridge/2.5.0/guice-bridge-2.5.0.jar:/home/user/.m2/repository/org/glassfish/jersey/core/jersey-server/2.27/jersey-server-2.27.jar:/home/user/.m2/repository/org/glassfish/jersey/core/jersey-client/2.27/jersey-client-2.27.jar:/home/user/.m2/repository/org/glassfish/jersey/media/jersey-media-jaxb/2.27/jersey-media-jaxb-2.27.jar:/home/user/.m2/repository/javax/validation/validation-api/1.1.0.Final/validation-api-1.1.0.Final.jar:/home/user/.m2/repository/org/glassfish/jersey/media/jersey-media-json-jackson/2.27/jersey-media-json-jackson-2.27.jar:/home/user/.m2/repository/org/glassfish/jersey/ext/jersey-entity-filtering/2.27/jersey-entity-filtering-2.27.jar:/home/user/.m2/repository/com/google/inject/extensions/guice-assistedinject/4.0/guice-assistedinject-4.0.jar:/home/user/.m2/repository/org/jooq/jooq/3.11.10/jooq-3.11.10.jar:/home/user/.m2/repository/org/jooq/jooq-meta/3.11.10/jooq-meta-3.11.10.jar:/home/user/.m2/repository/org/jooq/jooq-codegen/3.11.10/jooq-codegen-3.11.10.jar:/home/user/.m2/repository/com/jolbox/bonecp/0.8.0.RELEASE/bonecp-0.8.0.RELEASE.jar:/home/user/.m2/repository/org/xerial/sqlite-jdbc/3.25.2/sqlite-jdbc-3.25.2.jar:/home/user/.m2/repository/org/springframework/spring-jdbc/5.1.3.RELEASE/spring-jdbc-5.1.3.RELEASE.jar:/home/user/.m2/repository/org/springframework/spring-beans/5.1.3.RELEASE/spring-beans-5.1.3.RELEASE.jar:/home/user/.m2/repository/org/springframework/spring-core/5.1.3.RELEASE/spring-core-5.1.3.RELEASE.jar:/home/user/.m2/repository/org/springframework/spring-jcl/5.1.3.RELEASE/spring-jcl-5.1.3.RELEASE.jar:/home/user/.m2/repository/org/springframework/spring-tx/5.1.3.RELEASE/spring-tx-5.1.3.RELEASE.jar:/home/user/.m2/repository/org/apache/hadoop/hadoop-ozone-client/0.5.0-SNAPSHOT/hadoop-ozone-client-0.5.0-SNAPSHOT.jar:/home/user/.m2/repository/commons-lang/commons-lang/2.6/commons-lang-2.6.jar:/home/user/.m2/repository/org/apache/hadoop/hadoop-ozone-ozone-manager/0.5.0-SNAPSHOT/hadoop-ozone-ozone-manager-0.5.0-SNAPSHOT-tests.jar:/home/user/.m2/repository/junit/junit/4.11/junit-4.11.jar:/home/user/.m2/repository/org/hamcrest/hamcrest-core/1.3/hamcrest-core-1.3.jar:/home/user/.m2/repository/org/openjdk/jmh/jmh-core/1.19/jmh-core-1.19.jar:/home/user/.m2/repository/net/sf/jopt-simple/jopt-simple/4.6/jopt-simple-4.6.jar:/home/user/.m2/repository/org/apache/commons/commons-math3/3.1.1/commons-math3-3.1.1.jar:/home/user/.m2/repository/org/openjdk/jmh/jmh-generator-annprocess/1.19/jmh-generator-annprocess-1.19.jar:/home/user/.m2/repository/org/mockito/mockito-all/1.8.5/mockito-all-1.8.5.jar:/home/user/.m2/repository/org/apache/hadoop/hadoop-kms/3.2.0/hadoop-kms-3.2.0.jar:/home/user/.m2/repository/org/apache/hadoop/hadoop-auth/3.2.0/hadoop-auth-3.2.0.jar:/home/user/.m2/repository/com/nimbusds/nimbus-jose-jwt/4.41.1/nimbus-jose-jwt-4.41.1.jar:/home/user/.m2/repository/com/github/stephenc/jcip/jcip-annotations/1.0-1/jcip-annotations-1.0-1.jar:/home/user/.m2/repository/net/minidev/json-smart/2.3/json-smart-2.3.jar:/home/user/.m2/repository/net/minidev/accessors-smart/1.2/accessors-smart-1.2.jar:/home/user/.m2/repository/org/ow2/asm/asm/5.0.4/asm-5.0.4.jar:/home/user/.m2/repository/org/apache/curator/curator-framework/2.12.0/curator-framework-2.12.0.jar:/home/user/.m2/repository/com/sun/jersey/jersey-core/1.19/jersey-core-1.19.jar:/home/user/.m2/repository/javax/ws/rs/jsr311-api/1.1.1/jsr311-api-1.1.1.jar:/home/user/.m2/repository/com/sun/jersey/jersey-server/1.19/jersey-server-1.19.jar:/home/user/.m2/repository/javax/servlet/javax.servlet-api/3.1.0/javax.servlet-api-3.1.0.jar:/home/user/.m2/repository/org/eclipse/jetty/jetty-server/9.3.24.v20180605/jetty-server-9.3.24.v20180605.jar:/home/user/.m2/repository/org/eclipse/jetty/jetty-http/9.3.24.v20180605/jetty-http-9.3.24.v20180605.jar:/home/user/.m2/repository/org/eclipse/jetty/jetty-io/9.3.24.v20180605/jetty-io-9.3.24.v20180605.jar:/home/user/.m2/repository/org/eclipse/jetty/jetty-webapp/9.3.24.v20180605/jetty-webapp-9.3.24.v20180605.jar:/home/user/.m2/repository/org/eclipse/jetty/jetty-xml/9.3.24.v20180605/jetty-xml-9.3.24.v20180605.jar:/home/user/.m2/repository/log4j/log4j/1.2.17/log4j-1.2.17.jar:/home/user/.m2/repository/org/slf4j/slf4j-api/1.7.25/slf4j-api-1.7.25.jar:/home/user/.m2/repository/org/slf4j/jul-to-slf4j/1.7.25/jul-to-slf4j-1.7.25.jar:/home/user/.m2/repository/org/eclipse/jetty/jetty-util/9.3.24.v20180605/jetty-util-9.3.24.v20180605.jar:/home/user/.m2/repository/com/fasterxml/jackson/core/jackson-databind/2.9.5/jackson-databind-2.9.5.jar:/home/user/.m2/repository/org/apache/hadoop/hadoop-kms/3.2.0/hadoop-kms-3.2.0-tests.jar:/home/user/.m2/repository/org/apache/hadoop/hadoop-hdds-server-scm/0.5.0-SNAPSHOT/hadoop-hdds-server-scm-0.5.0-SNAPSHOT-tests.jar:/home/user/.m2/repository/org/apache/hadoop/hadoop-hdds-container-service/0.5.0-SNAPSHOT/hadoop-hdds-container-service-0.5.0-SNAPSHOT-tests.jar:/home/user/.m2/repository/org/yaml/snakeyaml/1.16/snakeyaml-1.16.jar:/home/user/.m2/repository/org/apache/hadoop/hadoop-common/3.2.0/hadoop-common-3.2.0-tests.jar:/home/user/.m2/repository/org/apache/hadoop/hadoop-annotations/3.2.0/hadoop-annotations-3.2.0.jar:/usr/lib/jvm/java-1.8-openjdk/jre/../lib/tools.jar:/home/user/.m2/repository/commons-cli/commons-cli/1.2/commons-cli-1.2.jar:/home/user/.m2/repository/org/apache/httpcomponents/httpclient/4.5.2/httpclient-4.5.2.jar:/home/user/.m2/repository/org/apache/httpcomponents/httpcore/4.4.4/httpcore-4.4.4.jar:/home/user/.m2/repository/commons-codec/commons-codec/1.11/commons-codec-1.11.jar:/home/user/.m2/repository/commons-net/commons-net/3.6/commons-net-3.6.jar:/home/user/.m2/repository/commons-collections/commons-collections/3.2.2/commons-collections-3.2.2.jar:/home/user/.m2/repository/org/eclipse/jetty/jetty-servlet/9.3.24.v20180605/jetty-servlet-9.3.24.v20180605.jar:/home/user/.m2/repository/org/eclipse/jetty/jetty-security/9.3.24.v20180605/jetty-security-9.3.24.v20180605.jar:/home/user/.m2/repository/javax/servlet/jsp/jsp-api/2.1/jsp-api-2.1.jar:/home/user/.m2/repository/com/sun/jersey/jersey-servlet/1.19/jersey-servlet-1.19.jar:/home/user/.m2/repository/com/sun/jersey/jersey-json/1.19/jersey-json-1.19.jar:/home/user/.m2/repository/org/codehaus/jettison/jettison/1.1/jettison-1.1.jar:/home/user/.m2/repository/org/codehaus/jackson/jackson-core-asl/1.9.13/jackson-core-asl-1.9.13.jar:/home/user/.m2/repository/org/codehaus/jackson/jackson-mapper-asl/1.9.13/jackson-mapper-asl-1.9.13.jar:/home/user/.m2/repository/org/codehaus/jackson/jackson-jaxrs/1.9.13/jackson-jaxrs-1.9.13.jar:/home/user/.m2/repository/org/codehaus/jackson/jackson-xc/1.9.13/jackson-xc-1.9.13.jar:/home/user/.m2/repository/commons-logging/commons-logging/1.1.3/commons-logging-1.1.3.jar:/home/user/.m2/repository/commons-beanutils/commons-beanutils/1.9.3/commons-beanutils-1.9.3.jar:/home/user/.m2/repository/org/apache/commons/commons-configuration2/2.1.1/commons-configuration2-2.1.1.jar:/home/user/.m2/repository/org/apache/commons/commons-lang3/3.7/commons-lang3-3.7.jar:/home/user/.m2/repository/org/apache/commons/commons-text/1.4/commons-text-1.4.jar:/home/user/.m2/repository/org/apache/avro/avro/1.7.7/avro-1.7.7.jar:/home/user/.m2/repository/com/thoughtworks/paranamer/paranamer/2.3/paranamer-2.3.jar:/home/user/.m2/repository/org/xerial/snappy/snappy-java/1.0.5/snappy-java-1.0.5.jar:/home/user/.m2/repository/com/google/re2j/re2j/1.1/re2j-1.1.jar:/home/user/.m2/repository/com/google/code/gson/gson/2.2.4/gson-2.2.4.jar:/home/user/.m2/repository/com/jcraft/jsch/0.1.54/jsch-0.1.54.jar:/home/user/.m2/repository/org/apache/curator/curator-client/2.12.0/curator-client-2.12.0.jar:/home/user/.m2/repository/org/apache/curator/curator-recipes/2.12.0/curator-recipes-2.12.0.jar:/home/user/.m2/repository/com/google/code/findbugs/jsr305/3.0.0/jsr305-3.0.0.jar:/home/user/.m2/repository/org/apache/htrace/htrace-core4/4.1.0-incubating/htrace-core4-4.1.0-incubating.jar:/home/user/.m2/repository/org/apache/zookeeper/zookeeper/3.4.13/zookeeper-3.4.13.jar:/home/user/.m2/repository/org/apache/yetus/audience-annotations/0.5.0/audience-annotations-0.5.0.jar:/home/user/.m2/repository/org/codehaus/woodstox/stax2-api/3.1.4/stax2-api-3.1.4.jar:/home/user/.m2/repository/com/fasterxml/woodstox/woodstox-core/5.0.3/woodstox-core-5.0.3.jar:/home/user/.m2/repository/dnsjava/dnsjava/2.1.7/dnsjava-2.1.7.jar:/home/user/.m2/repository/org/apache/hadoop/hadoop-hdfs/3.2.0/hadoop-hdfs-3.2.0-tests.jar:/home/user/.m2/repository/org/eclipse/jetty/jetty-util-ajax/9.3.24.v20180605/jetty-util-ajax-9.3.24.v20180605.jar:/home/user/.m2/repository/commons-daemon/commons-daemon/1.0.13/commons-daemon-1.0.13.jar:/home/user/.m2/repository/io/netty/netty/3.10.5.Final/netty-3.10.5.Final.jar:/home/user/.m2/repository/io/netty/netty-all/4.0.52.Final/netty-all-4.0.52.Final.jar:/home/user/.m2/repository/org/fusesource/leveldbjni/leveldbjni-all/1.8/leveldbjni-all-1.8.jar:"/>
    <property name="sun.cpu.endian" value="little"/>
    <property name="user.home" value="/home/user"/>
    <property name="user.language" value="en"/>
    <property name="java.specification.vendor" value="Oracle Corporation"/>
    <property name="java.home" value="/usr/lib/jvm/java-1.8-openjdk/jre"/>
    <property name="java.security.krb5.conf" value="/workdir/hadoop-ozone/integration-test/target/test-classes/krb5.conf"/>
    <property name="basedir" value="/workdir/hadoop-ozone/integration-test"/>
    <property name="file.separator" value="/"/>
    <property name="line.separator" value="&#10;"/>
    <property name="java.vm.specification.vendor" value="Oracle Corporation"/>
    <property name="java.specification.name" value="Java Platform API Specification"/>
    <property name="java.awt.graphicsenv" value="sun.awt.X11GraphicsEnvironment"/>
    <property name="surefire.real.class.path" value="/workdir/hadoop-ozone/integration-test/target/surefire/surefirebooter7819902188490254750.jar"/>
    <property name="hadoop.log.dir" value="/workdir/hadoop-ozone/integration-test/target/log"/>
    <property name="sun.boot.class.path" value="/usr/lib/jvm/java-1.8-openjdk/jre/lib/resources.jar:/usr/lib/jvm/java-1.8-openjdk/jre/lib/rt.jar:/usr/lib/jvm/java-1.8-openjdk/jre/lib/sunrsasign.jar:/usr/lib/jvm/java-1.8-openjdk/jre/lib/jsse.jar:/usr/lib/jvm/java-1.8-openjdk/jre/lib/jce.jar:/usr/lib/jvm/java-1.8-openjdk/jre/lib/charsets.jar:/usr/lib/jvm/java-1.8-openjdk/jre/lib/jfr.jar:/usr/lib/jvm/java-1.8-openjdk/jre/classes"/>
    <property name="sun.management.compiler" value="HotSpot 64-Bit Tiered Compilers"/>
    <property name="java.runtime.version" value="1.8.0_212-b04"/>
    <property name="java.net.preferIPv4Stack" value="true"/>
    <property name="user.name" value="jenkins1000"/>
    <property name="path.separator" value=":"/>
    <property name="java.security.egd" value="file:///dev/urandom"/>
    <property name="os.version" value="3.10.0-957.12.2.el7.x86_64"/>
    <property name="java.endorsed.dirs" value="/usr/lib/jvm/java-1.8-openjdk/jre/lib/endorsed"/>
    <property name="java.runtime.name" value="OpenJDK Runtime Environment"/>
    <property name="file.encoding" value="UTF-8"/>
    <property name="java.vm.name" value="OpenJDK 64-Bit Server VM"/>
    <property name="test.build.webapps" value=""/>
    <property name="localRepository" value="/home/user/.m2/repository"/>
    <property name="java.vendor.url.bug" value="https://icedtea.classpath.org/bugzilla"/>
    <property name="java.io.tmpdir" value="/tmp"/>
    <property name="require.test.libhadoop" value=""/>
    <property name="java.version" value="1.8.0_212"/>
    <property name="user.dir" value="/workdir/hadoop-ozone/integration-test"/>
    <property name="os.arch" value="amd64"/>
    <property name="java.vm.specification.name" value="Java Virtual Machine Specification"/>
    <property name="test.build.classes" value="/workdir/hadoop-ozone/integration-test/target/test-classes"/>
    <property name="java.awt.printerjob" value="sun.print.PSPrinterJob"/>
    <property name="sun.os.patch.level" value="unknown"/>
    <property name="hadoop.tmp.dir" value="/workdir/hadoop-ozone/integration-test/target/tmp"/>
    <property name="java.library.path" value="/usr/lib/jvm/java-1.8-openjdk/jre/lib/amd64/server:/usr/lib/jvm/java-1.8-openjdk/jre/lib/amd64:/usr/lib/jvm/java-1.8-openjdk/jre/../lib/amd64:/workdir/hadoop-ozone/integration-test/target/native/target/usr/local/lib:/workdir/hadoop-ozone/integration-test/../../hadoop-common-project/hadoop-common/target/native/target/usr/local/lib:/usr/java/packages/lib/amd64:/usr/lib64:/lib64:/lib:/usr/lib"/>
    <property name="java.vm.info" value="mixed mode"/>
    <property name="java.vendor" value="IcedTea"/>
    <property name="java.vm.version" value="25.212-b04"/>
    <property name="java.ext.dirs" value="/usr/lib/jvm/java-1.8-openjdk/jre/lib/ext:/usr/java/packages/lib/ext"/>
    <property name="sun.io.unicode.encoding" value="UnicodeLittle"/>
    <property name="java.class.version" value="52.0"/>
  </properties>
  <testcase name="testFlushChunk" classname="org.apache.hadoop.ozone.client.rpc.TestBlockOutputStream" time="5.651"/>
  <testcase name="testMultiChunkWrite2" classname="org.apache.hadoop.ozone.client.rpc.TestBlockOutputStream" time="4.631"/>
  <testcase name="testMultiChunkWrite" classname="org.apache.hadoop.ozone.client.rpc.TestBlockOutputStream" time="192.479">
    <failure message="expected:&lt;7&gt; but was:&lt;9&gt;" type="java.lang.AssertionError"><![CDATA[java.lang.AssertionError: expected:<7> but was:<9>
	at org.junit.Assert.fail(Assert.java:88)
	at org.junit.Assert.failNotEquals(Assert.java:743)
	at org.junit.Assert.assertEquals(Assert.java:118)
	at org.junit.Assert.assertEquals(Assert.java:555)
	at org.junit.Assert.assertEquals(Assert.java:542)
	at org.apache.hadoop.ozone.client.rpc.TestBlockOutputStream.testMultiChunkWrite(TestBlockOutputStream.java:364)
	at sun.reflect.NativeMethodAccessorImpl.invoke0(Native Method)
	at sun.reflect.NativeMethodAccessorImpl.invoke(NativeMethodAccessorImpl.java:62)
	at sun.reflect.DelegatingMethodAccessorImpl.invoke(DelegatingMethodAccessorImpl.java:43)
	at java.lang.reflect.Method.invoke(Method.java:498)
	at org.junit.runners.model.FrameworkMethod$1.runReflectiveCall(FrameworkMethod.java:47)
	at org.junit.internal.runners.model.ReflectiveCallable.run(ReflectiveCallable.java:12)
	at org.junit.runners.model.FrameworkMethod.invokeExplosively(FrameworkMethod.java:44)
	at org.junit.internal.runners.statements.InvokeMethod.evaluate(InvokeMethod.java:17)
	at org.junit.runners.ParentRunner.runLeaf(ParentRunner.java:271)
	at org.junit.runners.BlockJUnit4ClassRunner.runChild(BlockJUnit4ClassRunner.java:70)
	at org.junit.runners.BlockJUnit4ClassRunner.runChild(BlockJUnit4ClassRunner.java:50)
	at org.junit.runners.ParentRunner$3.run(ParentRunner.java:238)
	at org.junit.runners.ParentRunner$1.schedule(ParentRunner.java:63)
	at org.junit.runners.ParentRunner.runChildren(ParentRunner.java:236)
	at org.junit.runners.ParentRunner.access$000(ParentRunner.java:53)
	at org.junit.runners.ParentRunner$2.evaluate(ParentRunner.java:229)
	at org.junit.internal.runners.statements.RunBefores.evaluate(RunBefores.java:26)
	at org.junit.internal.runners.statements.RunAfters.evaluate(RunAfters.java:27)
	at org.junit.runners.ParentRunner.run(ParentRunner.java:309)
	at org.apache.maven.surefire.junit4.JUnit4Provider.execute(JUnit4Provider.java:365)
	at org.apache.maven.surefire.junit4.JUnit4Provider.executeWithRerun(JUnit4Provider.java:273)
	at org.apache.maven.surefire.junit4.JUnit4Provider.executeTestSet(JUnit4Provider.java:238)
	at org.apache.maven.surefire.junit4.JUnit4Provider.invoke(JUnit4Provider.java:159)
	at org.apache.maven.surefire.booter.ForkedBooter.invokeProviderInSameClassLoader(ForkedBooter.java:384)
	at org.apache.maven.surefire.booter.ForkedBooter.runSuitesInProcess(ForkedBooter.java:345)
	at org.apache.maven.surefire.booter.ForkedBooter.execute(ForkedBooter.java:126)
	at org.apache.maven.surefire.booter.ForkedBooter.main(ForkedBooter.java:418)
]]></failure>
    <system-out><![CDATA[2019-09-17 09:41:12,551 [java.util.concurrent.ThreadPoolExecutor$Worker@54d1f8b0[State = -1, empty queue]] WARN  server.GrpcLogAppender (GrpcLogAppender.java:timeoutAppendRequest(200)) - 09dced90-c907-4a20-a124-e2615848b753@group-B653656075C6->e1cfcbeb-5224-4a9d-b080-993c6a3e7f1d-GrpcLogAppender: appendEntries Timeout, request=09dced90-c907-4a20-a124-e2615848b753->e1cfcbeb-5224-4a9d-b080-993c6a3e7f1d#12-t2, previous=(t:2, i:10), leaderCommit=10, initializing? false, entries: size=1, first=(t:2, i:11), STATEMACHINELOGENTRY, client-004905AEEAE3, cid=21
2019-09-17 09:41:12,552 [java.util.concurrent.ThreadPoolExecutor$Worker@54d1f8b0[State = -1, empty queue]] WARN  server.GrpcLogAppender (GrpcLogAppender.java:timeoutAppendRequest(200)) - 09dced90-c907-4a20-a124-e2615848b753@group-B653656075C6->e1cfcbeb-5224-4a9d-b080-993c6a3e7f1d-GrpcLogAppender: appendEntries Timeout, request=09dced90-c907-4a20-a124-e2615848b753->e1cfcbeb-5224-4a9d-b080-993c6a3e7f1d#13-t2, previous=(t:2, i:11), leaderCommit=10, initializing? false, entries: size=1, first=(t:2, i:12), STATEMACHINELOGENTRY, client-004905AEEAE3, cid=22
2019-09-17 09:41:12,553 [java.util.concurrent.ThreadPoolExecutor$Worker@54d1f8b0[State = -1, empty queue]] WARN  server.GrpcLogAppender (GrpcLogAppender.java:timeoutAppendRequest(200)) - 09dced90-c907-4a20-a124-e2615848b753@group-B653656075C6->e1cfcbeb-5224-4a9d-b080-993c6a3e7f1d-GrpcLogAppender: appendEntries Timeout, request=09dced90-c907-4a20-a124-e2615848b753->e1cfcbeb-5224-4a9d-b080-993c6a3e7f1d#14-t2, previous=(t:2, i:12), leaderCommit=10, initializing? false, entries: size=1, first=(t:2, i:13), STATEMACHINELOGENTRY, client-004905AEEAE3, cid=23
2019-09-17 09:41:14,642 [grpc-default-executor-1] INFO  client.GrpcClientProtocolClient (GrpcClientProtocolClient.java:onNext(264)) - client-004905AEEAE3->e1cfcbeb-5224-4a9d-b080-993c6a3e7f1d: receive RaftClientReply:client-004905AEEAE3->e1cfcbeb-5224-4a9d-b080-993c6a3e7f1d@group-B653656075C6, cid=21, FAILED org.apache.ratis.protocol.NotLeaderException: Server e1cfcbeb-5224-4a9d-b080-993c6a3e7f1d@group-B653656075C6 is not the leader 09dced90-c907-4a20-a124-e2615848b753:192.168.34.37:39974, logIndex=0, commits[e1cfcbeb-5224-4a9d-b080-993c6a3e7f1d:c10, f9962b5d-8f72-4ed2-8dfc-2c7675abb12a:c10, 09dced90-c907-4a20-a124-e2615848b753:c10]
2019-09-17 09:41:15,054 [java.util.concurrent.ThreadPoolExecutor$Worker@54d1f8b0[State = -1, empty queue]] WARN  server.GrpcLogAppender (GrpcLogAppender.java:timeoutAppendRequest(200)) - 09dced90-c907-4a20-a124-e2615848b753@group-B653656075C6->e1cfcbeb-5224-4a9d-b080-993c6a3e7f1d-GrpcLogAppender: appendEntries Timeout, request=09dced90-c907-4a20-a124-e2615848b753->e1cfcbeb-5224-4a9d-b080-993c6a3e7f1d#15-t2, previous=(t:2, i:13), leaderCommit=10, initializing? false, entries: <empty>
2019-09-17 09:41:17,556 [java.util.concurrent.ThreadPoolExecutor$Worker@54d1f8b0[State = -1, empty queue]] WARN  server.GrpcLogAppender (GrpcLogAppender.java:timeoutAppendRequest(200)) - 09dced90-c907-4a20-a124-e2615848b753@group-B653656075C6->e1cfcbeb-5224-4a9d-b080-993c6a3e7f1d-GrpcLogAppender: appendEntries Timeout, request=09dced90-c907-4a20-a124-e2615848b753->e1cfcbeb-5224-4a9d-b080-993c6a3e7f1d#16-t2, previous=(t:2, i:13), leaderCommit=10, initializing? false, entries: <empty>
2019-09-17 09:41:19,682 [e1cfcbeb-5224-4a9d-b080-993c6a3e7f1d@group-B653656075C6-SegmentedRaftLogWorker] WARN  segmented.SegmentedRaftLogWorker (SegmentedRaftLogWorker.java:getFromFuture(90)) - Timeout 0/~
org.apache.ratis.protocol.TimeoutIOException: Timeout 10s: WriteLog:12: (t:2, i:12), STATEMACHINELOGENTRY, client-004905AEEAE3, cid=22-writeStateMachineData
	at org.apache.ratis.util.IOUtils.getFromFuture(IOUtils.java:87)
	at org.apache.ratis.server.raftlog.segmented.SegmentedRaftLogWorker$StateMachineDataPolicy.getFromFuture(SegmentedRaftLogWorker.java:87)
	at org.apache.ratis.server.raftlog.segmented.SegmentedRaftLogWorker$WriteLog.execute(SegmentedRaftLogWorker.java:477)
	at org.apache.ratis.server.raftlog.segmented.SegmentedRaftLogWorker.run(SegmentedRaftLogWorker.java:289)
	at java.lang.Thread.run(Thread.java:748)
Caused by: java.util.concurrent.TimeoutException
	at java.util.concurrent.CompletableFuture.timedGet(CompletableFuture.java:1771)
	at java.util.concurrent.CompletableFuture.get(CompletableFuture.java:1915)
	at org.apache.ratis.util.IOUtils.getFromFuture(IOUtils.java:79)
	... 4 more
2019-09-17 09:41:19,682 [09dced90-c907-4a20-a124-e2615848b753@group-B653656075C6-SegmentedRaftLogWorker] WARN  segmented.SegmentedRaftLogWorker (SegmentedRaftLogWorker.java:getFromFuture(90)) - Timeout 0/~
org.apache.ratis.protocol.TimeoutIOException: Timeout 10s: WriteLog:12: (t:2, i:12), STATEMACHINELOGENTRY, client-004905AEEAE3, cid=22-writeStateMachineData
	at org.apache.ratis.util.IOUtils.getFromFuture(IOUtils.java:87)
	at org.apache.ratis.server.raftlog.segmented.SegmentedRaftLogWorker$StateMachineDataPolicy.getFromFuture(SegmentedRaftLogWorker.java:87)
	at org.apache.ratis.server.raftlog.segmented.SegmentedRaftLogWorker$WriteLog.execute(SegmentedRaftLogWorker.java:477)
	at org.apache.ratis.server.raftlog.segmented.SegmentedRaftLogWorker.run(SegmentedRaftLogWorker.java:289)
	at java.lang.Thread.run(Thread.java:748)
Caused by: java.util.concurrent.TimeoutException
	at java.util.concurrent.CompletableFuture.timedGet(CompletableFuture.java:1771)
	at java.util.concurrent.CompletableFuture.get(CompletableFuture.java:1915)
	at org.apache.ratis.util.IOUtils.getFromFuture(IOUtils.java:79)
	... 4 more
2019-09-17 09:41:19,724 [grpc-default-executor-0] INFO  client.GrpcClientProtocolClient (GrpcClientProtocolClient.java:onNext(264)) - client-004905AEEAE3->f9962b5d-8f72-4ed2-8dfc-2c7675abb12a: receive RaftClientReply:client-004905AEEAE3->f9962b5d-8f72-4ed2-8dfc-2c7675abb12a@group-B653656075C6, cid=21, FAILED org.apache.ratis.protocol.NotLeaderException: Server f9962b5d-8f72-4ed2-8dfc-2c7675abb12a@group-B653656075C6 is not the leader 09dced90-c907-4a20-a124-e2615848b753:192.168.34.37:39974, logIndex=0, commits[f9962b5d-8f72-4ed2-8dfc-2c7675abb12a:c10, e1cfcbeb-5224-4a9d-b080-993c6a3e7f1d:c6, 09dced90-c907-4a20-a124-e2615848b753:c10]
2019-09-17 09:41:20,058 [java.util.concurrent.ThreadPoolExecutor$Worker@54d1f8b0[State = -1, empty queue]] WARN  server.GrpcLogAppender (GrpcLogAppender.java:timeoutAppendRequest(200)) - 09dced90-c907-4a20-a124-e2615848b753@group-B653656075C6->e1cfcbeb-5224-4a9d-b080-993c6a3e7f1d-GrpcLogAppender: appendEntries Timeout, request=09dced90-c907-4a20-a124-e2615848b753->e1cfcbeb-5224-4a9d-b080-993c6a3e7f1d#17-t2, previous=(t:2, i:13), leaderCommit=10, initializing? false, entries: <empty>
2019-09-17 09:41:22,559 [java.util.concurrent.ThreadPoolExecutor$Worker@54d1f8b0[State = -1, empty queue]] WARN  server.GrpcLogAppender (GrpcLogAppender.java:timeoutAppendRequest(200)) - 09dced90-c907-4a20-a124-e2615848b753@group-B653656075C6->e1cfcbeb-5224-4a9d-b080-993c6a3e7f1d-GrpcLogAppender: appendEntries Timeout, request=09dced90-c907-4a20-a124-e2615848b753->e1cfcbeb-5224-4a9d-b080-993c6a3e7f1d#18-t2, previous=(t:2, i:13), leaderCommit=10, initializing? false, entries: <empty>
2019-09-17 09:41:24,762 [grpc-default-executor-1] INFO  client.GrpcClientProtocolClient (GrpcClientProtocolClient.java:onNext(264)) - client-004905AEEAE3->e1cfcbeb-5224-4a9d-b080-993c6a3e7f1d: receive RaftClientReply:client-004905AEEAE3->e1cfcbeb-5224-4a9d-b080-993c6a3e7f1d@group-B653656075C6, cid=21, FAILED org.apache.ratis.protocol.NotLeaderException: Server e1cfcbeb-5224-4a9d-b080-993c6a3e7f1d@group-B653656075C6 is not the leader 09dced90-c907-4a20-a124-e2615848b753:192.168.34.37:39974, logIndex=0, commits[e1cfcbeb-5224-4a9d-b080-993c6a3e7f1d:c10, f9962b5d-8f72-4ed2-8dfc-2c7675abb12a:c10, 09dced90-c907-4a20-a124-e2615848b753:c10]
2019-09-17 09:41:25,059 [java.util.concurrent.ThreadPoolExecutor$Worker@54d1f8b0[State = -1, empty queue]] WARN  server.GrpcLogAppender (GrpcLogAppender.java:timeoutAppendRequest(200)) - 09dced90-c907-4a20-a124-e2615848b753@group-B653656075C6->e1cfcbeb-5224-4a9d-b080-993c6a3e7f1d-GrpcLogAppender: appendEntries Timeout, request=09dced90-c907-4a20-a124-e2615848b753->e1cfcbeb-5224-4a9d-b080-993c6a3e7f1d#19-t2, previous=(t:2, i:13), leaderCommit=10, initializing? false, entries: <empty>
2019-09-17 09:41:27,560 [java.util.concurrent.ThreadPoolExecutor$Worker@54d1f8b0[State = -1, empty queue]] WARN  server.GrpcLogAppender (GrpcLogAppender.java:timeoutAppendRequest(200)) - 09dced90-c907-4a20-a124-e2615848b753@group-B653656075C6->e1cfcbeb-5224-4a9d-b080-993c6a3e7f1d-GrpcLogAppender: appendEntries Timeout, request=09dced90-c907-4a20-a124-e2615848b753->e1cfcbeb-5224-4a9d-b080-993c6a3e7f1d#20-t2, previous=(t:2, i:13), leaderCommit=10, initializing? false, entries: <empty>
2019-09-17 09:41:29,689 [e1cfcbeb-5224-4a9d-b080-993c6a3e7f1d@group-B653656075C6-SegmentedRaftLogWorker] WARN  segmented.SegmentedRaftLogWorker (SegmentedRaftLogWorker.java:getFromFuture(90)) - Timeout 1/~
org.apache.ratis.protocol.TimeoutIOException: Timeout 10s: WriteLog:12: (t:2, i:12), STATEMACHINELOGENTRY, client-004905AEEAE3, cid=22-writeStateMachineData
	at org.apache.ratis.util.IOUtils.getFromFuture(IOUtils.java:87)
	at org.apache.ratis.server.raftlog.segmented.SegmentedRaftLogWorker$StateMachineDataPolicy.getFromFuture(SegmentedRaftLogWorker.java:87)
	at org.apache.ratis.server.raftlog.segmented.SegmentedRaftLogWorker$WriteLog.execute(SegmentedRaftLogWorker.java:477)
	at org.apache.ratis.server.raftlog.segmented.SegmentedRaftLogWorker.run(SegmentedRaftLogWorker.java:289)
	at java.lang.Thread.run(Thread.java:748)
Caused by: java.util.concurrent.TimeoutException
	at java.util.concurrent.CompletableFuture.timedGet(CompletableFuture.java:1771)
	at java.util.concurrent.CompletableFuture.get(CompletableFuture.java:1915)
	at org.apache.ratis.util.IOUtils.getFromFuture(IOUtils.java:79)
	... 4 more
2019-09-17 09:41:29,693 [09dced90-c907-4a20-a124-e2615848b753@group-B653656075C6-SegmentedRaftLogWorker] WARN  segmented.SegmentedRaftLogWorker (SegmentedRaftLogWorker.java:getFromFuture(90)) - Timeout 1/~
org.apache.ratis.protocol.TimeoutIOException: Timeout 10s: WriteLog:12: (t:2, i:12), STATEMACHINELOGENTRY, client-004905AEEAE3, cid=22-writeStateMachineData
	at org.apache.ratis.util.IOUtils.getFromFuture(IOUtils.java:87)
	at org.apache.ratis.server.raftlog.segmented.SegmentedRaftLogWorker$StateMachineDataPolicy.getFromFuture(SegmentedRaftLogWorker.java:87)
	at org.apache.ratis.server.raftlog.segmented.SegmentedRaftLogWorker$WriteLog.execute(SegmentedRaftLogWorker.java:477)
	at org.apache.ratis.server.raftlog.segmented.SegmentedRaftLogWorker.run(SegmentedRaftLogWorker.java:289)
	at java.lang.Thread.run(Thread.java:748)
Caused by: java.util.concurrent.TimeoutException
	at java.util.concurrent.CompletableFuture.timedGet(CompletableFuture.java:1771)
	at java.util.concurrent.CompletableFuture.get(CompletableFuture.java:1915)
	at org.apache.ratis.util.IOUtils.getFromFuture(IOUtils.java:79)
	... 4 more
2019-09-17 09:41:29,808 [grpc-default-executor-2] INFO  client.GrpcClientProtocolClient (GrpcClientProtocolClient.java:onNext(264)) - client-004905AEEAE3->f9962b5d-8f72-4ed2-8dfc-2c7675abb12a: receive RaftClientReply:client-004905AEEAE3->f9962b5d-8f72-4ed2-8dfc-2c7675abb12a@group-B653656075C6, cid=21, FAILED org.apache.ratis.protocol.NotLeaderException: Server f9962b5d-8f72-4ed2-8dfc-2c7675abb12a@group-B653656075C6 is not the leader 09dced90-c907-4a20-a124-e2615848b753:192.168.34.37:39974, logIndex=0, commits[f9962b5d-8f72-4ed2-8dfc-2c7675abb12a:c10, e1cfcbeb-5224-4a9d-b080-993c6a3e7f1d:c6, 09dced90-c907-4a20-a124-e2615848b753:c10]
2019-09-17 09:41:30,064 [java.util.concurrent.ThreadPoolExecutor$Worker@54d1f8b0[State = -1, empty queue]] WARN  server.GrpcLogAppender (GrpcLogAppender.java:timeoutAppendRequest(200)) - 09dced90-c907-4a20-a124-e2615848b753@group-B653656075C6->e1cfcbeb-5224-4a9d-b080-993c6a3e7f1d-GrpcLogAppender: appendEntries Timeout, request=09dced90-c907-4a20-a124-e2615848b753->e1cfcbeb-5224-4a9d-b080-993c6a3e7f1d#21-t2, previous=(t:2, i:13), leaderCommit=10, initializing? false, entries: <empty>
2019-09-17 09:41:32,565 [java.util.concurrent.ThreadPoolExecutor$Worker@54d1f8b0[State = -1, empty queue]] WARN  server.GrpcLogAppender (GrpcLogAppender.java:timeoutAppendRequest(200)) - 09dced90-c907-4a20-a124-e2615848b753@group-B653656075C6->e1cfcbeb-5224-4a9d-b080-993c6a3e7f1d-GrpcLogAppender: appendEntries Timeout, request=09dced90-c907-4a20-a124-e2615848b753->e1cfcbeb-5224-4a9d-b080-993c6a3e7f1d#22-t2, previous=(t:2, i:13), leaderCommit=10, initializing? false, entries: <empty>
2019-09-17 09:41:34,884 [grpc-default-executor-0] INFO  client.GrpcClientProtocolClient (GrpcClientProtocolClient.java:onNext(264)) - client-004905AEEAE3->f9962b5d-8f72-4ed2-8dfc-2c7675abb12a: receive RaftClientReply:client-004905AEEAE3->f9962b5d-8f72-4ed2-8dfc-2c7675abb12a@group-B653656075C6, cid=21, FAILED org.apache.ratis.protocol.NotLeaderException: Server f9962b5d-8f72-4ed2-8dfc-2c7675abb12a@group-B653656075C6 is not the leader 09dced90-c907-4a20-a124-e2615848b753:192.168.34.37:39974, logIndex=0, commits[f9962b5d-8f72-4ed2-8dfc-2c7675abb12a:c10, e1cfcbeb-5224-4a9d-b080-993c6a3e7f1d:c6, 09dced90-c907-4a20-a124-e2615848b753:c10]
2019-09-17 09:41:35,068 [java.util.concurrent.ThreadPoolExecutor$Worker@54d1f8b0[State = -1, empty queue]] WARN  server.GrpcLogAppender (GrpcLogAppender.java:timeoutAppendRequest(200)) - 09dced90-c907-4a20-a124-e2615848b753@group-B653656075C6->e1cfcbeb-5224-4a9d-b080-993c6a3e7f1d-GrpcLogAppender: appendEntries Timeout, request=09dced90-c907-4a20-a124-e2615848b753->e1cfcbeb-5224-4a9d-b080-993c6a3e7f1d#23-t2, previous=(t:2, i:13), leaderCommit=10, initializing? false, entries: <empty>
2019-09-17 09:41:37,570 [java.util.concurrent.ThreadPoolExecutor$Worker@54d1f8b0[State = -1, empty queue]] WARN  server.GrpcLogAppender (GrpcLogAppender.java:timeoutAppendRequest(200)) - 09dced90-c907-4a20-a124-e2615848b753@group-B653656075C6->e1cfcbeb-5224-4a9d-b080-993c6a3e7f1d-GrpcLogAppender: appendEntries Timeout, request=09dced90-c907-4a20-a124-e2615848b753->e1cfcbeb-5224-4a9d-b080-993c6a3e7f1d#24-t2, previous=(t:2, i:13), leaderCommit=10, initializing? false, entries: <empty>
2019-09-17 09:41:39,694 [09dced90-c907-4a20-a124-e2615848b753@group-B653656075C6-SegmentedRaftLogWorker] WARN  segmented.SegmentedRaftLogWorker (SegmentedRaftLogWorker.java:getFromFuture(90)) - Timeout 2/~
org.apache.ratis.protocol.TimeoutIOException: Timeout 10s: WriteLog:12: (t:2, i:12), STATEMACHINELOGENTRY, client-004905AEEAE3, cid=22-writeStateMachineData
	at org.apache.ratis.util.IOUtils.getFromFuture(IOUtils.java:87)
	at org.apache.ratis.server.raftlog.segmented.SegmentedRaftLogWorker$StateMachineDataPolicy.getFromFuture(SegmentedRaftLogWorker.java:87)
	at org.apache.ratis.server.raftlog.segmented.SegmentedRaftLogWorker$WriteLog.execute(SegmentedRaftLogWorker.java:477)
	at org.apache.ratis.server.raftlog.segmented.SegmentedRaftLogWorker.run(SegmentedRaftLogWorker.java:289)
	at java.lang.Thread.run(Thread.java:748)
Caused by: java.util.concurrent.TimeoutException
	at java.util.concurrent.CompletableFuture.timedGet(CompletableFuture.java:1771)
	at java.util.concurrent.CompletableFuture.get(CompletableFuture.java:1915)
	at org.apache.ratis.util.IOUtils.getFromFuture(IOUtils.java:79)
	... 4 more
2019-09-17 09:41:39,694 [e1cfcbeb-5224-4a9d-b080-993c6a3e7f1d@group-B653656075C6-SegmentedRaftLogWorker] WARN  segmented.SegmentedRaftLogWorker (SegmentedRaftLogWorker.java:getFromFuture(90)) - Timeout 2/~
org.apache.ratis.protocol.TimeoutIOException: Timeout 10s: WriteLog:12: (t:2, i:12), STATEMACHINELOGENTRY, client-004905AEEAE3, cid=22-writeStateMachineData
	at org.apache.ratis.util.IOUtils.getFromFuture(IOUtils.java:87)
	at org.apache.ratis.server.raftlog.segmented.SegmentedRaftLogWorker$StateMachineDataPolicy.getFromFuture(SegmentedRaftLogWorker.java:87)
	at org.apache.ratis.server.raftlog.segmented.SegmentedRaftLogWorker$WriteLog.execute(SegmentedRaftLogWorker.java:477)
	at org.apache.ratis.server.raftlog.segmented.SegmentedRaftLogWorker.run(SegmentedRaftLogWorker.java:289)
	at java.lang.Thread.run(Thread.java:748)
Caused by: java.util.concurrent.TimeoutException
	at java.util.concurrent.CompletableFuture.timedGet(CompletableFuture.java:1771)
	at java.util.concurrent.CompletableFuture.get(CompletableFuture.java:1915)
	at org.apache.ratis.util.IOUtils.getFromFuture(IOUtils.java:79)
	... 4 more
2019-09-17 09:41:39,937 [grpc-default-executor-2] INFO  client.GrpcClientProtocolClient (GrpcClientProtocolClient.java:onNext(264)) - client-004905AEEAE3->f9962b5d-8f72-4ed2-8dfc-2c7675abb12a: receive RaftClientReply:client-004905AEEAE3->f9962b5d-8f72-4ed2-8dfc-2c7675abb12a@group-B653656075C6, cid=21, FAILED org.apache.ratis.protocol.NotLeaderException: Server f9962b5d-8f72-4ed2-8dfc-2c7675abb12a@group-B653656075C6 is not the leader 09dced90-c907-4a20-a124-e2615848b753:192.168.34.37:39974, logIndex=0, commits[f9962b5d-8f72-4ed2-8dfc-2c7675abb12a:c10, e1cfcbeb-5224-4a9d-b080-993c6a3e7f1d:c6, 09dced90-c907-4a20-a124-e2615848b753:c10]
2019-09-17 09:41:40,074 [java.util.concurrent.ThreadPoolExecutor$Worker@54d1f8b0[State = -1, empty queue]] WARN  server.GrpcLogAppender (GrpcLogAppender.java:timeoutAppendRequest(200)) - 09dced90-c907-4a20-a124-e2615848b753@group-B653656075C6->e1cfcbeb-5224-4a9d-b080-993c6a3e7f1d-GrpcLogAppender: appendEntries Timeout, request=09dced90-c907-4a20-a124-e2615848b753->e1cfcbeb-5224-4a9d-b080-993c6a3e7f1d#25-t2, previous=(t:2, i:13), leaderCommit=10, initializing? false, entries: <empty>
2019-09-17 09:41:42,576 [java.util.concurrent.ThreadPoolExecutor$Worker@54d1f8b0[State = -1, empty queue]] WARN  server.GrpcLogAppender (GrpcLogAppender.java:timeoutAppendRequest(200)) - 09dced90-c907-4a20-a124-e2615848b753@group-B653656075C6->e1cfcbeb-5224-4a9d-b080-993c6a3e7f1d-GrpcLogAppender: appendEntries Timeout, request=09dced90-c907-4a20-a124-e2615848b753->e1cfcbeb-5224-4a9d-b080-993c6a3e7f1d#26-t2, previous=(t:2, i:13), leaderCommit=10, initializing? false, entries: <empty>
2019-09-17 09:41:44,980 [grpc-default-executor-2] INFO  client.GrpcClientProtocolClient (GrpcClientProtocolClient.java:onNext(264)) - client-004905AEEAE3->f9962b5d-8f72-4ed2-8dfc-2c7675abb12a: receive RaftClientReply:client-004905AEEAE3->f9962b5d-8f72-4ed2-8dfc-2c7675abb12a@group-B653656075C6, cid=21, FAILED org.apache.ratis.protocol.NotLeaderException: Server f9962b5d-8f72-4ed2-8dfc-2c7675abb12a@group-B653656075C6 is not the leader 09dced90-c907-4a20-a124-e2615848b753:192.168.34.37:39974, logIndex=0, commits[f9962b5d-8f72-4ed2-8dfc-2c7675abb12a:c10, e1cfcbeb-5224-4a9d-b080-993c6a3e7f1d:c6, 09dced90-c907-4a20-a124-e2615848b753:c10]
2019-09-17 09:41:45,079 [java.util.concurrent.ThreadPoolExecutor$Worker@54d1f8b0[State = -1, empty queue]] WARN  server.GrpcLogAppender (GrpcLogAppender.java:timeoutAppendRequest(200)) - 09dced90-c907-4a20-a124-e2615848b753@group-B653656075C6->e1cfcbeb-5224-4a9d-b080-993c6a3e7f1d-GrpcLogAppender: appendEntries Timeout, request=09dced90-c907-4a20-a124-e2615848b753->e1cfcbeb-5224-4a9d-b080-993c6a3e7f1d#27-t2, previous=(t:2, i:13), leaderCommit=10, initializing? false, entries: <empty>
2019-09-17 09:41:47,580 [java.util.concurrent.ThreadPoolExecutor$Worker@54d1f8b0[State = -1, empty queue]] WARN  server.GrpcLogAppender (GrpcLogAppender.java:timeoutAppendRequest(200)) - 09dced90-c907-4a20-a124-e2615848b753@group-B653656075C6->e1cfcbeb-5224-4a9d-b080-993c6a3e7f1d-GrpcLogAppender: appendEntries Timeout, request=09dced90-c907-4a20-a124-e2615848b753->e1cfcbeb-5224-4a9d-b080-993c6a3e7f1d#28-t2, previous=(t:2, i:13), leaderCommit=10, initializing? false, entries: <empty>
2019-09-17 09:41:49,704 [09dced90-c907-4a20-a124-e2615848b753@group-B653656075C6-SegmentedRaftLogWorker] WARN  segmented.SegmentedRaftLogWorker (SegmentedRaftLogWorker.java:getFromFuture(90)) - Timeout 3/~
org.apache.ratis.protocol.TimeoutIOException: Timeout 10s: WriteLog:12: (t:2, i:12), STATEMACHINELOGENTRY, client-004905AEEAE3, cid=22-writeStateMachineData
	at org.apache.ratis.util.IOUtils.getFromFuture(IOUtils.java:87)
	at org.apache.ratis.server.raftlog.segmented.SegmentedRaftLogWorker$StateMachineDataPolicy.getFromFuture(SegmentedRaftLogWorker.java:87)
	at org.apache.ratis.server.raftlog.segmented.SegmentedRaftLogWorker$WriteLog.execute(SegmentedRaftLogWorker.java:477)
	at org.apache.ratis.server.raftlog.segmented.SegmentedRaftLogWorker.run(SegmentedRaftLogWorker.java:289)
	at java.lang.Thread.run(Thread.java:748)
Caused by: java.util.concurrent.TimeoutException
	at java.util.concurrent.CompletableFuture.timedGet(CompletableFuture.java:1771)
	at java.util.concurrent.CompletableFuture.get(CompletableFuture.java:1915)
	at org.apache.ratis.util.IOUtils.getFromFuture(IOUtils.java:79)
	... 4 more
2019-09-17 09:41:49,728 [e1cfcbeb-5224-4a9d-b080-993c6a3e7f1d@group-B653656075C6-SegmentedRaftLogWorker] WARN  segmented.SegmentedRaftLogWorker (SegmentedRaftLogWorker.java:getFromFuture(90)) - Timeout 3/~
org.apache.ratis.protocol.TimeoutIOException: Timeout 10s: WriteLog:12: (t:2, i:12), STATEMACHINELOGENTRY, client-004905AEEAE3, cid=22-writeStateMachineData
	at org.apache.ratis.util.IOUtils.getFromFuture(IOUtils.java:87)
	at org.apache.ratis.server.raftlog.segmented.SegmentedRaftLogWorker$StateMachineDataPolicy.getFromFuture(SegmentedRaftLogWorker.java:87)
	at org.apache.ratis.server.raftlog.segmented.SegmentedRaftLogWorker$WriteLog.execute(SegmentedRaftLogWorker.java:477)
	at org.apache.ratis.server.raftlog.segmented.SegmentedRaftLogWorker.run(SegmentedRaftLogWorker.java:289)
	at java.lang.Thread.run(Thread.java:748)
Caused by: java.util.concurrent.TimeoutException
	at java.util.concurrent.CompletableFuture.timedGet(CompletableFuture.java:1771)
	at java.util.concurrent.CompletableFuture.get(CompletableFuture.java:1915)
	at org.apache.ratis.util.IOUtils.getFromFuture(IOUtils.java:79)
	... 4 more
2019-09-17 09:41:50,038 [grpc-default-executor-2] INFO  client.GrpcClientProtocolClient (GrpcClientProtocolClient.java:onNext(264)) - client-004905AEEAE3->e1cfcbeb-5224-4a9d-b080-993c6a3e7f1d: receive RaftClientReply:client-004905AEEAE3->e1cfcbeb-5224-4a9d-b080-993c6a3e7f1d@group-B653656075C6, cid=21, FAILED org.apache.ratis.protocol.NotLeaderException: Server e1cfcbeb-5224-4a9d-b080-993c6a3e7f1d@group-B653656075C6 is not the leader 09dced90-c907-4a20-a124-e2615848b753:192.168.34.37:39974, logIndex=0, commits[e1cfcbeb-5224-4a9d-b080-993c6a3e7f1d:c10, f9962b5d-8f72-4ed2-8dfc-2c7675abb12a:c10, 09dced90-c907-4a20-a124-e2615848b753:c10]
2019-09-17 09:41:50,081 [java.util.concurrent.ThreadPoolExecutor$Worker@54d1f8b0[State = -1, empty queue]] WARN  server.GrpcLogAppender (GrpcLogAppender.java:timeoutAppendRequest(200)) - 09dced90-c907-4a20-a124-e2615848b753@group-B653656075C6->e1cfcbeb-5224-4a9d-b080-993c6a3e7f1d-GrpcLogAppender: appendEntries Timeout, request=09dced90-c907-4a20-a124-e2615848b753->e1cfcbeb-5224-4a9d-b080-993c6a3e7f1d#29-t2, previous=(t:2, i:13), leaderCommit=10, initializing? false, entries: <empty>
2019-09-17 09:41:52,583 [java.util.concurrent.ThreadPoolExecutor$Worker@54d1f8b0[State = -1, empty queue]] WARN  server.GrpcLogAppender (GrpcLogAppender.java:timeoutAppendRequest(200)) - 09dced90-c907-4a20-a124-e2615848b753@group-B653656075C6->e1cfcbeb-5224-4a9d-b080-993c6a3e7f1d-GrpcLogAppender: appendEntries Timeout, request=09dced90-c907-4a20-a124-e2615848b753->e1cfcbeb-5224-4a9d-b080-993c6a3e7f1d#30-t2, previous=(t:2, i:13), leaderCommit=10, initializing? false, entries: <empty>
2019-09-17 09:41:55,080 [grpc-default-executor-0] INFO  client.GrpcClientProtocolClient (GrpcClientProtocolClient.java:onNext(264)) - client-004905AEEAE3->e1cfcbeb-5224-4a9d-b080-993c6a3e7f1d: receive RaftClientReply:client-004905AEEAE3->e1cfcbeb-5224-4a9d-b080-993c6a3e7f1d@group-B653656075C6, cid=21, FAILED org.apache.ratis.protocol.NotLeaderException: Server e1cfcbeb-5224-4a9d-b080-993c6a3e7f1d@group-B653656075C6 is not the leader 09dced90-c907-4a20-a124-e2615848b753:192.168.34.37:39974, logIndex=0, commits[e1cfcbeb-5224-4a9d-b080-993c6a3e7f1d:c10, f9962b5d-8f72-4ed2-8dfc-2c7675abb12a:c10, 09dced90-c907-4a20-a124-e2615848b753:c10]
2019-09-17 09:41:55,095 [java.util.concurrent.ThreadPoolExecutor$Worker@54d1f8b0[State = -1, empty queue]] WARN  server.GrpcLogAppender (GrpcLogAppender.java:timeoutAppendRequest(200)) - 09dced90-c907-4a20-a124-e2615848b753@group-B653656075C6->e1cfcbeb-5224-4a9d-b080-993c6a3e7f1d-GrpcLogAppender: appendEntries Timeout, request=09dced90-c907-4a20-a124-e2615848b753->e1cfcbeb-5224-4a9d-b080-993c6a3e7f1d#31-t2, previous=(t:2, i:13), leaderCommit=10, initializing? false, entries: <empty>
2019-09-17 09:41:57,584 [java.util.concurrent.ThreadPoolExecutor$Worker@54d1f8b0[State = -1, empty queue]] WARN  server.GrpcLogAppender (GrpcLogAppender.java:timeoutAppendRequest(200)) - 09dced90-c907-4a20-a124-e2615848b753@group-B653656075C6->e1cfcbeb-5224-4a9d-b080-993c6a3e7f1d-GrpcLogAppender: appendEntries Timeout, request=09dced90-c907-4a20-a124-e2615848b753->e1cfcbeb-5224-4a9d-b080-993c6a3e7f1d#32-t2, previous=(t:2, i:13), leaderCommit=10, initializing? false, entries: <empty>
2019-09-17 09:41:59,729 [09dced90-c907-4a20-a124-e2615848b753@group-B653656075C6-SegmentedRaftLogWorker] WARN  segmented.SegmentedRaftLogWorker (SegmentedRaftLogWorker.java:getFromFuture(90)) - Timeout 4/~
org.apache.ratis.protocol.TimeoutIOException: Timeout 10s: WriteLog:12: (t:2, i:12), STATEMACHINELOGENTRY, client-004905AEEAE3, cid=22-writeStateMachineData
	at org.apache.ratis.util.IOUtils.getFromFuture(IOUtils.java:87)
	at org.apache.ratis.server.raftlog.segmented.SegmentedRaftLogWorker$StateMachineDataPolicy.getFromFuture(SegmentedRaftLogWorker.java:87)
	at org.apache.ratis.server.raftlog.segmented.SegmentedRaftLogWorker$WriteLog.execute(SegmentedRaftLogWorker.java:477)
	at org.apache.ratis.server.raftlog.segmented.SegmentedRaftLogWorker.run(SegmentedRaftLogWorker.java:289)
	at java.lang.Thread.run(Thread.java:748)
Caused by: java.util.concurrent.TimeoutException
	at java.util.concurrent.CompletableFuture.timedGet(CompletableFuture.java:1771)
	at java.util.concurrent.CompletableFuture.get(CompletableFuture.java:1915)
	at org.apache.ratis.util.IOUtils.getFromFuture(IOUtils.java:79)
	... 4 more
2019-09-17 09:41:59,734 [e1cfcbeb-5224-4a9d-b080-993c6a3e7f1d@group-B653656075C6-SegmentedRaftLogWorker] WARN  segmented.SegmentedRaftLogWorker (SegmentedRaftLogWorker.java:getFromFuture(90)) - Timeout 4/~
org.apache.ratis.protocol.TimeoutIOException: Timeout 10s: WriteLog:12: (t:2, i:12), STATEMACHINELOGENTRY, client-004905AEEAE3, cid=22-writeStateMachineData
	at org.apache.ratis.util.IOUtils.getFromFuture(IOUtils.java:87)
	at org.apache.ratis.server.raftlog.segmented.SegmentedRaftLogWorker$StateMachineDataPolicy.getFromFuture(SegmentedRaftLogWorker.java:87)
	at org.apache.ratis.server.raftlog.segmented.SegmentedRaftLogWorker$WriteLog.execute(SegmentedRaftLogWorker.java:477)
	at org.apache.ratis.server.raftlog.segmented.SegmentedRaftLogWorker.run(SegmentedRaftLogWorker.java:289)
	at java.lang.Thread.run(Thread.java:748)
Caused by: java.util.concurrent.TimeoutException
	at java.util.concurrent.CompletableFuture.timedGet(CompletableFuture.java:1771)
	at java.util.concurrent.CompletableFuture.get(CompletableFuture.java:1915)
	at org.apache.ratis.util.IOUtils.getFromFuture(IOUtils.java:79)
	... 4 more
2019-09-17 09:42:00,085 [java.util.concurrent.ThreadPoolExecutor$Worker@54d1f8b0[State = -1, empty queue]] WARN  server.GrpcLogAppender (GrpcLogAppender.java:timeoutAppendRequest(200)) - 09dced90-c907-4a20-a124-e2615848b753@group-B653656075C6->e1cfcbeb-5224-4a9d-b080-993c6a3e7f1d-GrpcLogAppender: appendEntries Timeout, request=09dced90-c907-4a20-a124-e2615848b753->e1cfcbeb-5224-4a9d-b080-993c6a3e7f1d#33-t2, previous=(t:2, i:13), leaderCommit=10, initializing? false, entries: <empty>
2019-09-17 09:42:00,140 [grpc-default-executor-1] INFO  client.GrpcClientProtocolClient (GrpcClientProtocolClient.java:onNext(264)) - client-004905AEEAE3->f9962b5d-8f72-4ed2-8dfc-2c7675abb12a: receive RaftClientReply:client-004905AEEAE3->f9962b5d-8f72-4ed2-8dfc-2c7675abb12a@group-B653656075C6, cid=21, FAILED org.apache.ratis.protocol.NotLeaderException: Server f9962b5d-8f72-4ed2-8dfc-2c7675abb12a@group-B653656075C6 is not the leader 09dced90-c907-4a20-a124-e2615848b753:192.168.34.37:39974, logIndex=0, commits[f9962b5d-8f72-4ed2-8dfc-2c7675abb12a:c10, e1cfcbeb-5224-4a9d-b080-993c6a3e7f1d:c6, 09dced90-c907-4a20-a124-e2615848b753:c10]
2019-09-17 09:42:02,586 [java.util.concurrent.ThreadPoolExecutor$Worker@54d1f8b0[State = -1, empty queue]] WARN  server.GrpcLogAppender (GrpcLogAppender.java:timeoutAppendRequest(200)) - 09dced90-c907-4a20-a124-e2615848b753@group-B653656075C6->e1cfcbeb-5224-4a9d-b080-993c6a3e7f1d-GrpcLogAppender: appendEntries Timeout, request=09dced90-c907-4a20-a124-e2615848b753->e1cfcbeb-5224-4a9d-b080-993c6a3e7f1d#34-t2, previous=(t:2, i:13), leaderCommit=10, initializing? false, entries: <empty>
2019-09-17 09:42:05,088 [java.util.concurrent.ThreadPoolExecutor$Worker@54d1f8b0[State = -1, empty queue]] WARN  server.GrpcLogAppender (GrpcLogAppender.java:timeoutAppendRequest(200)) - 09dced90-c907-4a20-a124-e2615848b753@group-B653656075C6->e1cfcbeb-5224-4a9d-b080-993c6a3e7f1d-GrpcLogAppender: appendEntries Timeout, request=09dced90-c907-4a20-a124-e2615848b753->e1cfcbeb-5224-4a9d-b080-993c6a3e7f1d#35-t2, previous=(t:2, i:13), leaderCommit=10, initializing? false, entries: <empty>
2019-09-17 09:42:05,186 [grpc-default-executor-0] INFO  client.GrpcClientProtocolClient (GrpcClientProtocolClient.java:onNext(264)) - client-004905AEEAE3->f9962b5d-8f72-4ed2-8dfc-2c7675abb12a: receive RaftClientReply:client-004905AEEAE3->f9962b5d-8f72-4ed2-8dfc-2c7675abb12a@group-B653656075C6, cid=21, FAILED org.apache.ratis.protocol.NotLeaderException: Server f9962b5d-8f72-4ed2-8dfc-2c7675abb12a@group-B653656075C6 is not the leader 09dced90-c907-4a20-a124-e2615848b753:192.168.34.37:39974, logIndex=0, commits[f9962b5d-8f72-4ed2-8dfc-2c7675abb12a:c10, e1cfcbeb-5224-4a9d-b080-993c6a3e7f1d:c6, 09dced90-c907-4a20-a124-e2615848b753:c10]
2019-09-17 09:42:07,589 [java.util.concurrent.ThreadPoolExecutor$Worker@54d1f8b0[State = -1, empty queue]] WARN  server.GrpcLogAppender (GrpcLogAppender.java:timeoutAppendRequest(200)) - 09dced90-c907-4a20-a124-e2615848b753@group-B653656075C6->e1cfcbeb-5224-4a9d-b080-993c6a3e7f1d-GrpcLogAppender: appendEntries Timeout, request=09dced90-c907-4a20-a124-e2615848b753->e1cfcbeb-5224-4a9d-b080-993c6a3e7f1d#36-t2, previous=(t:2, i:13), leaderCommit=10, initializing? false, entries: <empty>
2019-09-17 09:42:09,736 [09dced90-c907-4a20-a124-e2615848b753@group-B653656075C6-SegmentedRaftLogWorker] WARN  segmented.SegmentedRaftLogWorker (SegmentedRaftLogWorker.java:getFromFuture(90)) - Timeout 5/~
org.apache.ratis.protocol.TimeoutIOException: Timeout 10s: WriteLog:12: (t:2, i:12), STATEMACHINELOGENTRY, client-004905AEEAE3, cid=22-writeStateMachineData
	at org.apache.ratis.util.IOUtils.getFromFuture(IOUtils.java:87)
	at org.apache.ratis.server.raftlog.segmented.SegmentedRaftLogWorker$StateMachineDataPolicy.getFromFuture(SegmentedRaftLogWorker.java:87)
	at org.apache.ratis.server.raftlog.segmented.SegmentedRaftLogWorker$WriteLog.execute(SegmentedRaftLogWorker.java:477)
	at org.apache.ratis.server.raftlog.segmented.SegmentedRaftLogWorker.run(SegmentedRaftLogWorker.java:289)
	at java.lang.Thread.run(Thread.java:748)
Caused by: java.util.concurrent.TimeoutException
	at java.util.concurrent.CompletableFuture.timedGet(CompletableFuture.java:1771)
	at java.util.concurrent.CompletableFuture.get(CompletableFuture.java:1915)
	at org.apache.ratis.util.IOUtils.getFromFuture(IOUtils.java:79)
	... 4 more
2019-09-17 09:42:09,736 [e1cfcbeb-5224-4a9d-b080-993c6a3e7f1d@group-B653656075C6-SegmentedRaftLogWorker] WARN  segmented.SegmentedRaftLogWorker (SegmentedRaftLogWorker.java:getFromFuture(90)) - Timeout 5/~
org.apache.ratis.protocol.TimeoutIOException: Timeout 10s: WriteLog:12: (t:2, i:12), STATEMACHINELOGENTRY, client-004905AEEAE3, cid=22-writeStateMachineData
	at org.apache.ratis.util.IOUtils.getFromFuture(IOUtils.java:87)
	at org.apache.ratis.server.raftlog.segmented.SegmentedRaftLogWorker$StateMachineDataPolicy.getFromFuture(SegmentedRaftLogWorker.java:87)
	at org.apache.ratis.server.raftlog.segmented.SegmentedRaftLogWorker$WriteLog.execute(SegmentedRaftLogWorker.java:477)
	at org.apache.ratis.server.raftlog.segmented.SegmentedRaftLogWorker.run(SegmentedRaftLogWorker.java:289)
	at java.lang.Thread.run(Thread.java:748)
Caused by: java.util.concurrent.TimeoutException
	at java.util.concurrent.CompletableFuture.timedGet(CompletableFuture.java:1771)
	at java.util.concurrent.CompletableFuture.get(CompletableFuture.java:1915)
	at org.apache.ratis.util.IOUtils.getFromFuture(IOUtils.java:79)
	... 4 more
2019-09-17 09:42:10,090 [java.util.concurrent.ThreadPoolExecutor$Worker@54d1f8b0[State = -1, empty queue]] WARN  server.GrpcLogAppender (GrpcLogAppender.java:timeoutAppendRequest(200)) - 09dced90-c907-4a20-a124-e2615848b753@group-B653656075C6->e1cfcbeb-5224-4a9d-b080-993c6a3e7f1d-GrpcLogAppender: appendEntries Timeout, request=09dced90-c907-4a20-a124-e2615848b753->e1cfcbeb-5224-4a9d-b080-993c6a3e7f1d#37-t2, previous=(t:2, i:13), leaderCommit=10, initializing? false, entries: <empty>
2019-09-17 09:42:10,241 [grpc-default-executor-2] INFO  client.GrpcClientProtocolClient (GrpcClientProtocolClient.java:onNext(264)) - client-004905AEEAE3->f9962b5d-8f72-4ed2-8dfc-2c7675abb12a: receive RaftClientReply:client-004905AEEAE3->f9962b5d-8f72-4ed2-8dfc-2c7675abb12a@group-B653656075C6, cid=21, FAILED org.apache.ratis.protocol.NotLeaderException: Server f9962b5d-8f72-4ed2-8dfc-2c7675abb12a@group-B653656075C6 is not the leader 09dced90-c907-4a20-a124-e2615848b753:192.168.34.37:39974, logIndex=0, commits[f9962b5d-8f72-4ed2-8dfc-2c7675abb12a:c10, e1cfcbeb-5224-4a9d-b080-993c6a3e7f1d:c6, 09dced90-c907-4a20-a124-e2615848b753:c10]
2019-09-17 09:42:12,592 [java.util.concurrent.ThreadPoolExecutor$Worker@54d1f8b0[State = -1, empty queue]] WARN  server.GrpcLogAppender (GrpcLogAppender.java:timeoutAppendRequest(200)) - 09dced90-c907-4a20-a124-e2615848b753@group-B653656075C6->e1cfcbeb-5224-4a9d-b080-993c6a3e7f1d-GrpcLogAppender: appendEntries Timeout, request=09dced90-c907-4a20-a124-e2615848b753->e1cfcbeb-5224-4a9d-b080-993c6a3e7f1d#38-t2, previous=(t:2, i:13), leaderCommit=10, initializing? false, entries: <empty>
2019-09-17 09:42:15,094 [java.util.concurrent.ThreadPoolExecutor$Worker@54d1f8b0[State = -1, empty queue]] WARN  server.GrpcLogAppender (GrpcLogAppender.java:timeoutAppendRequest(200)) - 09dced90-c907-4a20-a124-e2615848b753@group-B653656075C6->e1cfcbeb-5224-4a9d-b080-993c6a3e7f1d-GrpcLogAppender: appendEntries Timeout, request=09dced90-c907-4a20-a124-e2615848b753->e1cfcbeb-5224-4a9d-b080-993c6a3e7f1d#39-t2, previous=(t:2, i:13), leaderCommit=10, initializing? false, entries: <empty>
2019-09-17 09:42:15,297 [grpc-default-executor-0] INFO  client.GrpcClientProtocolClient (GrpcClientProtocolClient.java:onNext(264)) - client-004905AEEAE3->f9962b5d-8f72-4ed2-8dfc-2c7675abb12a: receive RaftClientReply:client-004905AEEAE3->f9962b5d-8f72-4ed2-8dfc-2c7675abb12a@group-B653656075C6, cid=21, FAILED org.apache.ratis.protocol.NotLeaderException: Server f9962b5d-8f72-4ed2-8dfc-2c7675abb12a@group-B653656075C6 is not the leader 09dced90-c907-4a20-a124-e2615848b753:192.168.34.37:39974, logIndex=0, commits[f9962b5d-8f72-4ed2-8dfc-2c7675abb12a:c10, e1cfcbeb-5224-4a9d-b080-993c6a3e7f1d:c6, 09dced90-c907-4a20-a124-e2615848b753:c10]
2019-09-17 09:42:17,595 [java.util.concurrent.ThreadPoolExecutor$Worker@54d1f8b0[State = -1, empty queue]] WARN  server.GrpcLogAppender (GrpcLogAppender.java:timeoutAppendRequest(200)) - 09dced90-c907-4a20-a124-e2615848b753@group-B653656075C6->e1cfcbeb-5224-4a9d-b080-993c6a3e7f1d-GrpcLogAppender: appendEntries Timeout, request=09dced90-c907-4a20-a124-e2615848b753->e1cfcbeb-5224-4a9d-b080-993c6a3e7f1d#40-t2, previous=(t:2, i:13), leaderCommit=10, initializing? false, entries: <empty>
2019-09-17 09:42:19,741 [09dced90-c907-4a20-a124-e2615848b753@group-B653656075C6-SegmentedRaftLogWorker] WARN  segmented.SegmentedRaftLogWorker (SegmentedRaftLogWorker.java:getFromFuture(90)) - Timeout 6/~
org.apache.ratis.protocol.TimeoutIOException: Timeout 10s: WriteLog:12: (t:2, i:12), STATEMACHINELOGENTRY, client-004905AEEAE3, cid=22-writeStateMachineData
	at org.apache.ratis.util.IOUtils.getFromFuture(IOUtils.java:87)
	at org.apache.ratis.server.raftlog.segmented.SegmentedRaftLogWorker$StateMachineDataPolicy.getFromFuture(SegmentedRaftLogWorker.java:87)
	at org.apache.ratis.server.raftlog.segmented.SegmentedRaftLogWorker$WriteLog.execute(SegmentedRaftLogWorker.java:477)
	at org.apache.ratis.server.raftlog.segmented.SegmentedRaftLogWorker.run(SegmentedRaftLogWorker.java:289)
	at java.lang.Thread.run(Thread.java:748)
Caused by: java.util.concurrent.TimeoutException
	at java.util.concurrent.CompletableFuture.timedGet(CompletableFuture.java:1771)
	at java.util.concurrent.CompletableFuture.get(CompletableFuture.java:1915)
	at org.apache.ratis.util.IOUtils.getFromFuture(IOUtils.java:79)
	... 4 more
2019-09-17 09:42:19,744 [e1cfcbeb-5224-4a9d-b080-993c6a3e7f1d@group-B653656075C6-SegmentedRaftLogWorker] WARN  segmented.SegmentedRaftLogWorker (SegmentedRaftLogWorker.java:getFromFuture(90)) - Timeout 6/~
org.apache.ratis.protocol.TimeoutIOException: Timeout 10s: WriteLog:12: (t:2, i:12), STATEMACHINELOGENTRY, client-004905AEEAE3, cid=22-writeStateMachineData
	at org.apache.ratis.util.IOUtils.getFromFuture(IOUtils.java:87)
	at org.apache.ratis.server.raftlog.segmented.SegmentedRaftLogWorker$StateMachineDataPolicy.getFromFuture(SegmentedRaftLogWorker.java:87)
	at org.apache.ratis.server.raftlog.segmented.SegmentedRaftLogWorker$WriteLog.execute(SegmentedRaftLogWorker.java:477)
	at org.apache.ratis.server.raftlog.segmented.SegmentedRaftLogWorker.run(SegmentedRaftLogWorker.java:289)
	at java.lang.Thread.run(Thread.java:748)
Caused by: java.util.concurrent.TimeoutException
	at java.util.concurrent.CompletableFuture.timedGet(CompletableFuture.java:1771)
	at java.util.concurrent.CompletableFuture.get(CompletableFuture.java:1915)
	at org.apache.ratis.util.IOUtils.getFromFuture(IOUtils.java:79)
	... 4 more
2019-09-17 09:42:20,097 [java.util.concurrent.ThreadPoolExecutor$Worker@54d1f8b0[State = -1, empty queue]] WARN  server.GrpcLogAppender (GrpcLogAppender.java:timeoutAppendRequest(200)) - 09dced90-c907-4a20-a124-e2615848b753@group-B653656075C6->e1cfcbeb-5224-4a9d-b080-993c6a3e7f1d-GrpcLogAppender: appendEntries Timeout, request=09dced90-c907-4a20-a124-e2615848b753->e1cfcbeb-5224-4a9d-b080-993c6a3e7f1d#41-t2, previous=(t:2, i:13), leaderCommit=10, initializing? false, entries: <empty>
2019-09-17 09:42:20,350 [grpc-default-executor-1] INFO  client.GrpcClientProtocolClient (GrpcClientProtocolClient.java:onNext(264)) - client-004905AEEAE3->f9962b5d-8f72-4ed2-8dfc-2c7675abb12a: receive RaftClientReply:client-004905AEEAE3->f9962b5d-8f72-4ed2-8dfc-2c7675abb12a@group-B653656075C6, cid=21, FAILED org.apache.ratis.protocol.NotLeaderException: Server f9962b5d-8f72-4ed2-8dfc-2c7675abb12a@group-B653656075C6 is not the leader 09dced90-c907-4a20-a124-e2615848b753:192.168.34.37:39974, logIndex=0, commits[f9962b5d-8f72-4ed2-8dfc-2c7675abb12a:c10, e1cfcbeb-5224-4a9d-b080-993c6a3e7f1d:c6, 09dced90-c907-4a20-a124-e2615848b753:c10]
2019-09-17 09:42:22,598 [java.util.concurrent.ThreadPoolExecutor$Worker@54d1f8b0[State = -1, empty queue]] WARN  server.GrpcLogAppender (GrpcLogAppender.java:timeoutAppendRequest(200)) - 09dced90-c907-4a20-a124-e2615848b753@group-B653656075C6->e1cfcbeb-5224-4a9d-b080-993c6a3e7f1d-GrpcLogAppender: appendEntries Timeout, request=09dced90-c907-4a20-a124-e2615848b753->e1cfcbeb-5224-4a9d-b080-993c6a3e7f1d#42-t2, previous=(t:2, i:13), leaderCommit=10, initializing? false, entries: <empty>
2019-09-17 09:42:25,100 [java.util.concurrent.ThreadPoolExecutor$Worker@54d1f8b0[State = -1, empty queue]] WARN  server.GrpcLogAppender (GrpcLogAppender.java:timeoutAppendRequest(200)) - 09dced90-c907-4a20-a124-e2615848b753@group-B653656075C6->e1cfcbeb-5224-4a9d-b080-993c6a3e7f1d-GrpcLogAppender: appendEntries Timeout, request=09dced90-c907-4a20-a124-e2615848b753->e1cfcbeb-5224-4a9d-b080-993c6a3e7f1d#43-t2, previous=(t:2, i:13), leaderCommit=10, initializing? false, entries: <empty>
2019-09-17 09:42:25,411 [grpc-default-executor-0] INFO  client.GrpcClientProtocolClient (GrpcClientProtocolClient.java:onNext(264)) - client-004905AEEAE3->e1cfcbeb-5224-4a9d-b080-993c6a3e7f1d: receive RaftClientReply:client-004905AEEAE3->e1cfcbeb-5224-4a9d-b080-993c6a3e7f1d@group-B653656075C6, cid=21, FAILED org.apache.ratis.protocol.NotLeaderException: Server e1cfcbeb-5224-4a9d-b080-993c6a3e7f1d@group-B653656075C6 is not the leader 09dced90-c907-4a20-a124-e2615848b753:192.168.34.37:39974, logIndex=0, commits[e1cfcbeb-5224-4a9d-b080-993c6a3e7f1d:c10, f9962b5d-8f72-4ed2-8dfc-2c7675abb12a:c10, 09dced90-c907-4a20-a124-e2615848b753:c10]
2019-09-17 09:42:27,600 [java.util.concurrent.ThreadPoolExecutor$Worker@54d1f8b0[State = -1, empty queue]] WARN  server.GrpcLogAppender (GrpcLogAppender.java:timeoutAppendRequest(200)) - 09dced90-c907-4a20-a124-e2615848b753@group-B653656075C6->e1cfcbeb-5224-4a9d-b080-993c6a3e7f1d-GrpcLogAppender: appendEntries Timeout, request=09dced90-c907-4a20-a124-e2615848b753->e1cfcbeb-5224-4a9d-b080-993c6a3e7f1d#44-t2, previous=(t:2, i:13), leaderCommit=10, initializing? false, entries: <empty>
2019-09-17 09:42:29,745 [09dced90-c907-4a20-a124-e2615848b753@group-B653656075C6-SegmentedRaftLogWorker] WARN  segmented.SegmentedRaftLogWorker (SegmentedRaftLogWorker.java:getFromFuture(90)) - Timeout 7/~
org.apache.ratis.protocol.TimeoutIOException: Timeout 10s: WriteLog:12: (t:2, i:12), STATEMACHINELOGENTRY, client-004905AEEAE3, cid=22-writeStateMachineData
	at org.apache.ratis.util.IOUtils.getFromFuture(IOUtils.java:87)
	at org.apache.ratis.server.raftlog.segmented.SegmentedRaftLogWorker$StateMachineDataPolicy.getFromFuture(SegmentedRaftLogWorker.java:87)
	at org.apache.ratis.server.raftlog.segmented.SegmentedRaftLogWorker$WriteLog.execute(SegmentedRaftLogWorker.java:477)
	at org.apache.ratis.server.raftlog.segmented.SegmentedRaftLogWorker.run(SegmentedRaftLogWorker.java:289)
	at java.lang.Thread.run(Thread.java:748)
Caused by: java.util.concurrent.TimeoutException
	at java.util.concurrent.CompletableFuture.timedGet(CompletableFuture.java:1771)
	at java.util.concurrent.CompletableFuture.get(CompletableFuture.java:1915)
	at org.apache.ratis.util.IOUtils.getFromFuture(IOUtils.java:79)
	... 4 more
2019-09-17 09:42:29,748 [e1cfcbeb-5224-4a9d-b080-993c6a3e7f1d@group-B653656075C6-SegmentedRaftLogWorker] WARN  segmented.SegmentedRaftLogWorker (SegmentedRaftLogWorker.java:getFromFuture(90)) - Timeout 7/~
org.apache.ratis.protocol.TimeoutIOException: Timeout 10s: WriteLog:12: (t:2, i:12), STATEMACHINELOGENTRY, client-004905AEEAE3, cid=22-writeStateMachineData
	at org.apache.ratis.util.IOUtils.getFromFuture(IOUtils.java:87)
	at org.apache.ratis.server.raftlog.segmented.SegmentedRaftLogWorker$StateMachineDataPolicy.getFromFuture(SegmentedRaftLogWorker.java:87)
	at org.apache.ratis.server.raftlog.segmented.SegmentedRaftLogWorker$WriteLog.execute(SegmentedRaftLogWorker.java:477)
	at org.apache.ratis.server.raftlog.segmented.SegmentedRaftLogWorker.run(SegmentedRaftLogWorker.java:289)
	at java.lang.Thread.run(Thread.java:748)
Caused by: java.util.concurrent.TimeoutException
	at java.util.concurrent.CompletableFuture.timedGet(CompletableFuture.java:1771)
	at java.util.concurrent.CompletableFuture.get(CompletableFuture.java:1915)
	at org.apache.ratis.util.IOUtils.getFromFuture(IOUtils.java:79)
	... 4 more
2019-09-17 09:42:30,101 [java.util.concurrent.ThreadPoolExecutor$Worker@54d1f8b0[State = -1, empty queue]] WARN  server.GrpcLogAppender (GrpcLogAppender.java:timeoutAppendRequest(200)) - 09dced90-c907-4a20-a124-e2615848b753@group-B653656075C6->e1cfcbeb-5224-4a9d-b080-993c6a3e7f1d-GrpcLogAppender: appendEntries Timeout, request=09dced90-c907-4a20-a124-e2615848b753->e1cfcbeb-5224-4a9d-b080-993c6a3e7f1d#45-t2, previous=(t:2, i:13), leaderCommit=10, initializing? false, entries: <empty>
2019-09-17 09:42:30,456 [grpc-default-executor-1] INFO  client.GrpcClientProtocolClient (GrpcClientProtocolClient.java:onNext(264)) - client-004905AEEAE3->f9962b5d-8f72-4ed2-8dfc-2c7675abb12a: receive RaftClientReply:client-004905AEEAE3->f9962b5d-8f72-4ed2-8dfc-2c7675abb12a@group-B653656075C6, cid=21, FAILED org.apache.ratis.protocol.NotLeaderException: Server f9962b5d-8f72-4ed2-8dfc-2c7675abb12a@group-B653656075C6 is not the leader 09dced90-c907-4a20-a124-e2615848b753:192.168.34.37:39974, logIndex=0, commits[f9962b5d-8f72-4ed2-8dfc-2c7675abb12a:c10, e1cfcbeb-5224-4a9d-b080-993c6a3e7f1d:c6, 09dced90-c907-4a20-a124-e2615848b753:c10]
2019-09-17 09:42:32,601 [java.util.concurrent.ThreadPoolExecutor$Worker@54d1f8b0[State = -1, empty queue]] WARN  server.GrpcLogAppender (GrpcLogAppender.java:timeoutAppendRequest(200)) - 09dced90-c907-4a20-a124-e2615848b753@group-B653656075C6->e1cfcbeb-5224-4a9d-b080-993c6a3e7f1d-GrpcLogAppender: appendEntries Timeout, request=09dced90-c907-4a20-a124-e2615848b753->e1cfcbeb-5224-4a9d-b080-993c6a3e7f1d#46-t2, previous=(t:2, i:13), leaderCommit=10, initializing? false, entries: <empty>
2019-09-17 09:42:35,102 [java.util.concurrent.ThreadPoolExecutor$Worker@54d1f8b0[State = -1, empty queue]] WARN  server.GrpcLogAppender (GrpcLogAppender.java:timeoutAppendRequest(200)) - 09dced90-c907-4a20-a124-e2615848b753@group-B653656075C6->e1cfcbeb-5224-4a9d-b080-993c6a3e7f1d-GrpcLogAppender: appendEntries Timeout, request=09dced90-c907-4a20-a124-e2615848b753->e1cfcbeb-5224-4a9d-b080-993c6a3e7f1d#47-t2, previous=(t:2, i:13), leaderCommit=10, initializing? false, entries: <empty>
2019-09-17 09:42:35,505 [grpc-default-executor-1] INFO  client.GrpcClientProtocolClient (GrpcClientProtocolClient.java:onNext(264)) - client-004905AEEAE3->f9962b5d-8f72-4ed2-8dfc-2c7675abb12a: receive RaftClientReply:client-004905AEEAE3->f9962b5d-8f72-4ed2-8dfc-2c7675abb12a@group-B653656075C6, cid=21, FAILED org.apache.ratis.protocol.NotLeaderException: Server f9962b5d-8f72-4ed2-8dfc-2c7675abb12a@group-B653656075C6 is not the leader 09dced90-c907-4a20-a124-e2615848b753:192.168.34.37:39974, logIndex=0, commits[f9962b5d-8f72-4ed2-8dfc-2c7675abb12a:c10, e1cfcbeb-5224-4a9d-b080-993c6a3e7f1d:c6, 09dced90-c907-4a20-a124-e2615848b753:c10]
2019-09-17 09:42:37,602 [java.util.concurrent.ThreadPoolExecutor$Worker@54d1f8b0[State = -1, empty queue]] WARN  server.GrpcLogAppender (GrpcLogAppender.java:timeoutAppendRequest(200)) - 09dced90-c907-4a20-a124-e2615848b753@group-B653656075C6->e1cfcbeb-5224-4a9d-b080-993c6a3e7f1d-GrpcLogAppender: appendEntries Timeout, request=09dced90-c907-4a20-a124-e2615848b753->e1cfcbeb-5224-4a9d-b080-993c6a3e7f1d#48-t2, previous=(t:2, i:13), leaderCommit=10, initializing? false, entries: <empty>
2019-09-17 09:42:39,748 [09dced90-c907-4a20-a124-e2615848b753@group-B653656075C6-SegmentedRaftLogWorker] WARN  segmented.SegmentedRaftLogWorker (SegmentedRaftLogWorker.java:getFromFuture(90)) - Timeout 8/~
org.apache.ratis.protocol.TimeoutIOException: Timeout 10s: WriteLog:12: (t:2, i:12), STATEMACHINELOGENTRY, client-004905AEEAE3, cid=22-writeStateMachineData
	at org.apache.ratis.util.IOUtils.getFromFuture(IOUtils.java:87)
	at org.apache.ratis.server.raftlog.segmented.SegmentedRaftLogWorker$StateMachineDataPolicy.getFromFuture(SegmentedRaftLogWorker.java:87)
	at org.apache.ratis.server.raftlog.segmented.SegmentedRaftLogWorker$WriteLog.execute(SegmentedRaftLogWorker.java:477)
	at org.apache.ratis.server.raftlog.segmented.SegmentedRaftLogWorker.run(SegmentedRaftLogWorker.java:289)
	at java.lang.Thread.run(Thread.java:748)
Caused by: java.util.concurrent.TimeoutException
	at java.util.concurrent.CompletableFuture.timedGet(CompletableFuture.java:1771)
	at java.util.concurrent.CompletableFuture.get(CompletableFuture.java:1915)
	at org.apache.ratis.util.IOUtils.getFromFuture(IOUtils.java:79)
	... 4 more
2019-09-17 09:42:39,751 [e1cfcbeb-5224-4a9d-b080-993c6a3e7f1d@group-B653656075C6-SegmentedRaftLogWorker] WARN  segmented.SegmentedRaftLogWorker (SegmentedRaftLogWorker.java:getFromFuture(90)) - Timeout 8/~
org.apache.ratis.protocol.TimeoutIOException: Timeout 10s: WriteLog:12: (t:2, i:12), STATEMACHINELOGENTRY, client-004905AEEAE3, cid=22-writeStateMachineData
	at org.apache.ratis.util.IOUtils.getFromFuture(IOUtils.java:87)
	at org.apache.ratis.server.raftlog.segmented.SegmentedRaftLogWorker$StateMachineDataPolicy.getFromFuture(SegmentedRaftLogWorker.java:87)
	at org.apache.ratis.server.raftlog.segmented.SegmentedRaftLogWorker$WriteLog.execute(SegmentedRaftLogWorker.java:477)
	at org.apache.ratis.server.raftlog.segmented.SegmentedRaftLogWorker.run(SegmentedRaftLogWorker.java:289)
	at java.lang.Thread.run(Thread.java:748)
Caused by: java.util.concurrent.TimeoutException
	at java.util.concurrent.CompletableFuture.timedGet(CompletableFuture.java:1771)
	at java.util.concurrent.CompletableFuture.get(CompletableFuture.java:1915)
	at org.apache.ratis.util.IOUtils.getFromFuture(IOUtils.java:79)
	... 4 more
2019-09-17 09:42:40,103 [java.util.concurrent.ThreadPoolExecutor$Worker@54d1f8b0[State = -1, empty queue]] WARN  server.GrpcLogAppender (GrpcLogAppender.java:timeoutAppendRequest(200)) - 09dced90-c907-4a20-a124-e2615848b753@group-B653656075C6->e1cfcbeb-5224-4a9d-b080-993c6a3e7f1d-GrpcLogAppender: appendEntries Timeout, request=09dced90-c907-4a20-a124-e2615848b753->e1cfcbeb-5224-4a9d-b080-993c6a3e7f1d#49-t2, previous=(t:2, i:13), leaderCommit=10, initializing? false, entries: <empty>
2019-09-17 09:42:40,552 [grpc-default-executor-0] INFO  client.GrpcClientProtocolClient (GrpcClientProtocolClient.java:onNext(264)) - client-004905AEEAE3->f9962b5d-8f72-4ed2-8dfc-2c7675abb12a: receive RaftClientReply:client-004905AEEAE3->f9962b5d-8f72-4ed2-8dfc-2c7675abb12a@group-B653656075C6, cid=21, FAILED org.apache.ratis.protocol.NotLeaderException: Server f9962b5d-8f72-4ed2-8dfc-2c7675abb12a@group-B653656075C6 is not the leader 09dced90-c907-4a20-a124-e2615848b753:192.168.34.37:39974, logIndex=0, commits[f9962b5d-8f72-4ed2-8dfc-2c7675abb12a:c10, e1cfcbeb-5224-4a9d-b080-993c6a3e7f1d:c6, 09dced90-c907-4a20-a124-e2615848b753:c10]
2019-09-17 09:42:42,605 [java.util.concurrent.ThreadPoolExecutor$Worker@54d1f8b0[State = -1, empty queue]] WARN  server.GrpcLogAppender (GrpcLogAppender.java:timeoutAppendRequest(200)) - 09dced90-c907-4a20-a124-e2615848b753@group-B653656075C6->e1cfcbeb-5224-4a9d-b080-993c6a3e7f1d-GrpcLogAppender: appendEntries Timeout, request=09dced90-c907-4a20-a124-e2615848b753->e1cfcbeb-5224-4a9d-b080-993c6a3e7f1d#50-t2, previous=(t:2, i:13), leaderCommit=10, initializing? false, entries: <empty>
2019-09-17 09:42:45,105 [java.util.concurrent.ThreadPoolExecutor$Worker@54d1f8b0[State = -1, empty queue]] WARN  server.GrpcLogAppender (GrpcLogAppender.java:timeoutAppendRequest(200)) - 09dced90-c907-4a20-a124-e2615848b753@group-B653656075C6->e1cfcbeb-5224-4a9d-b080-993c6a3e7f1d-GrpcLogAppender: appendEntries Timeout, request=09dced90-c907-4a20-a124-e2615848b753->e1cfcbeb-5224-4a9d-b080-993c6a3e7f1d#51-t2, previous=(t:2, i:13), leaderCommit=10, initializing? false, entries: <empty>
2019-09-17 09:42:45,600 [grpc-default-executor-0] INFO  client.GrpcClientProtocolClient (GrpcClientProtocolClient.java:onNext(264)) - client-004905AEEAE3->f9962b5d-8f72-4ed2-8dfc-2c7675abb12a: receive RaftClientReply:client-004905AEEAE3->f9962b5d-8f72-4ed2-8dfc-2c7675abb12a@group-B653656075C6, cid=21, FAILED org.apache.ratis.protocol.NotLeaderException: Server f9962b5d-8f72-4ed2-8dfc-2c7675abb12a@group-B653656075C6 is not the leader 09dced90-c907-4a20-a124-e2615848b753:192.168.34.37:39974, logIndex=0, commits[f9962b5d-8f72-4ed2-8dfc-2c7675abb12a:c10, e1cfcbeb-5224-4a9d-b080-993c6a3e7f1d:c6, 09dced90-c907-4a20-a124-e2615848b753:c10]
2019-09-17 09:42:47,606 [java.util.concurrent.ThreadPoolExecutor$Worker@54d1f8b0[State = -1, empty queue]] WARN  server.GrpcLogAppender (GrpcLogAppender.java:timeoutAppendRequest(200)) - 09dced90-c907-4a20-a124-e2615848b753@group-B653656075C6->e1cfcbeb-5224-4a9d-b080-993c6a3e7f1d-GrpcLogAppender: appendEntries Timeout, request=09dced90-c907-4a20-a124-e2615848b753->e1cfcbeb-5224-4a9d-b080-993c6a3e7f1d#52-t2, previous=(t:2, i:13), leaderCommit=10, initializing? false, entries: <empty>
2019-09-17 09:42:49,753 [09dced90-c907-4a20-a124-e2615848b753@group-B653656075C6-SegmentedRaftLogWorker] WARN  segmented.SegmentedRaftLogWorker (SegmentedRaftLogWorker.java:getFromFuture(90)) - Timeout 9/~
org.apache.ratis.protocol.TimeoutIOException: Timeout 10s: WriteLog:12: (t:2, i:12), STATEMACHINELOGENTRY, client-004905AEEAE3, cid=22-writeStateMachineData
	at org.apache.ratis.util.IOUtils.getFromFuture(IOUtils.java:87)
	at org.apache.ratis.server.raftlog.segmented.SegmentedRaftLogWorker$StateMachineDataPolicy.getFromFuture(SegmentedRaftLogWorker.java:87)
	at org.apache.ratis.server.raftlog.segmented.SegmentedRaftLogWorker$WriteLog.execute(SegmentedRaftLogWorker.java:477)
	at org.apache.ratis.server.raftlog.segmented.SegmentedRaftLogWorker.run(SegmentedRaftLogWorker.java:289)
	at java.lang.Thread.run(Thread.java:748)
Caused by: java.util.concurrent.TimeoutException
	at java.util.concurrent.CompletableFuture.timedGet(CompletableFuture.java:1771)
	at java.util.concurrent.CompletableFuture.get(CompletableFuture.java:1915)
	at org.apache.ratis.util.IOUtils.getFromFuture(IOUtils.java:79)
	... 4 more
2019-09-17 09:42:49,755 [e1cfcbeb-5224-4a9d-b080-993c6a3e7f1d@group-B653656075C6-SegmentedRaftLogWorker] WARN  segmented.SegmentedRaftLogWorker (SegmentedRaftLogWorker.java:getFromFuture(90)) - Timeout 9/~
org.apache.ratis.protocol.TimeoutIOException: Timeout 10s: WriteLog:12: (t:2, i:12), STATEMACHINELOGENTRY, client-004905AEEAE3, cid=22-writeStateMachineData
	at org.apache.ratis.util.IOUtils.getFromFuture(IOUtils.java:87)
	at org.apache.ratis.server.raftlog.segmented.SegmentedRaftLogWorker$StateMachineDataPolicy.getFromFuture(SegmentedRaftLogWorker.java:87)
	at org.apache.ratis.server.raftlog.segmented.SegmentedRaftLogWorker$WriteLog.execute(SegmentedRaftLogWorker.java:477)
	at org.apache.ratis.server.raftlog.segmented.SegmentedRaftLogWorker.run(SegmentedRaftLogWorker.java:289)
	at java.lang.Thread.run(Thread.java:748)
Caused by: java.util.concurrent.TimeoutException
	at java.util.concurrent.CompletableFuture.timedGet(CompletableFuture.java:1771)
	at java.util.concurrent.CompletableFuture.get(CompletableFuture.java:1915)
	at org.apache.ratis.util.IOUtils.getFromFuture(IOUtils.java:79)
	... 4 more
2019-09-17 09:42:50,107 [java.util.concurrent.ThreadPoolExecutor$Worker@54d1f8b0[State = -1, empty queue]] WARN  server.GrpcLogAppender (GrpcLogAppender.java:timeoutAppendRequest(200)) - 09dced90-c907-4a20-a124-e2615848b753@group-B653656075C6->e1cfcbeb-5224-4a9d-b080-993c6a3e7f1d-GrpcLogAppender: appendEntries Timeout, request=09dced90-c907-4a20-a124-e2615848b753->e1cfcbeb-5224-4a9d-b080-993c6a3e7f1d#53-t2, previous=(t:2, i:13), leaderCommit=10, initializing? false, entries: <empty>
2019-09-17 09:42:50,685 [grpc-default-executor-0] INFO  client.GrpcClientProtocolClient (GrpcClientProtocolClient.java:onNext(264)) - client-004905AEEAE3->e1cfcbeb-5224-4a9d-b080-993c6a3e7f1d: receive RaftClientReply:client-004905AEEAE3->e1cfcbeb-5224-4a9d-b080-993c6a3e7f1d@group-B653656075C6, cid=21, FAILED org.apache.ratis.protocol.NotLeaderException: Server e1cfcbeb-5224-4a9d-b080-993c6a3e7f1d@group-B653656075C6 is not the leader 09dced90-c907-4a20-a124-e2615848b753:192.168.34.37:39974, logIndex=0, commits[e1cfcbeb-5224-4a9d-b080-993c6a3e7f1d:c10, f9962b5d-8f72-4ed2-8dfc-2c7675abb12a:c10, 09dced90-c907-4a20-a124-e2615848b753:c10]
2019-09-17 09:42:52,609 [java.util.concurrent.ThreadPoolExecutor$Worker@54d1f8b0[State = -1, empty queue]] WARN  server.GrpcLogAppender (GrpcLogAppender.java:timeoutAppendRequest(200)) - 09dced90-c907-4a20-a124-e2615848b753@group-B653656075C6->e1cfcbeb-5224-4a9d-b080-993c6a3e7f1d-GrpcLogAppender: appendEntries Timeout, request=09dced90-c907-4a20-a124-e2615848b753->e1cfcbeb-5224-4a9d-b080-993c6a3e7f1d#54-t2, previous=(t:2, i:13), leaderCommit=10, initializing? false, entries: <empty>
2019-09-17 09:42:55,110 [java.util.concurrent.ThreadPoolExecutor$Worker@54d1f8b0[State = -1, empty queue]] WARN  server.GrpcLogAppender (GrpcLogAppender.java:timeoutAppendRequest(200)) - 09dced90-c907-4a20-a124-e2615848b753@group-B653656075C6->e1cfcbeb-5224-4a9d-b080-993c6a3e7f1d-GrpcLogAppender: appendEntries Timeout, request=09dced90-c907-4a20-a124-e2615848b753->e1cfcbeb-5224-4a9d-b080-993c6a3e7f1d#55-t2, previous=(t:2, i:13), leaderCommit=10, initializing? false, entries: <empty>
2019-09-17 09:42:55,740 [grpc-default-executor-2] INFO  client.GrpcClientProtocolClient (GrpcClientProtocolClient.java:onNext(264)) - client-004905AEEAE3->e1cfcbeb-5224-4a9d-b080-993c6a3e7f1d: receive RaftClientReply:client-004905AEEAE3->e1cfcbeb-5224-4a9d-b080-993c6a3e7f1d@group-B653656075C6, cid=21, FAILED org.apache.ratis.protocol.NotLeaderException: Server e1cfcbeb-5224-4a9d-b080-993c6a3e7f1d@group-B653656075C6 is not the leader 09dced90-c907-4a20-a124-e2615848b753:192.168.34.37:39974, logIndex=0, commits[e1cfcbeb-5224-4a9d-b080-993c6a3e7f1d:c10, f9962b5d-8f72-4ed2-8dfc-2c7675abb12a:c10, 09dced90-c907-4a20-a124-e2615848b753:c10]
2019-09-17 09:42:57,613 [java.util.concurrent.ThreadPoolExecutor$Worker@54d1f8b0[State = -1, empty queue]] WARN  server.GrpcLogAppender (GrpcLogAppender.java:timeoutAppendRequest(200)) - 09dced90-c907-4a20-a124-e2615848b753@group-B653656075C6->e1cfcbeb-5224-4a9d-b080-993c6a3e7f1d-GrpcLogAppender: appendEntries Timeout, request=09dced90-c907-4a20-a124-e2615848b753->e1cfcbeb-5224-4a9d-b080-993c6a3e7f1d#56-t2, previous=(t:2, i:13), leaderCommit=10, initializing? false, entries: <empty>
2019-09-17 09:42:59,757 [09dced90-c907-4a20-a124-e2615848b753@group-B653656075C6-SegmentedRaftLogWorker] WARN  segmented.SegmentedRaftLogWorker (SegmentedRaftLogWorker.java:getFromFuture(90)) - Timeout 10/~
org.apache.ratis.protocol.TimeoutIOException: Timeout 10s: WriteLog:12: (t:2, i:12), STATEMACHINELOGENTRY, client-004905AEEAE3, cid=22-writeStateMachineData
	at org.apache.ratis.util.IOUtils.getFromFuture(IOUtils.java:87)
	at org.apache.ratis.server.raftlog.segmented.SegmentedRaftLogWorker$StateMachineDataPolicy.getFromFuture(SegmentedRaftLogWorker.java:87)
	at org.apache.ratis.server.raftlog.segmented.SegmentedRaftLogWorker$WriteLog.execute(SegmentedRaftLogWorker.java:477)
	at org.apache.ratis.server.raftlog.segmented.SegmentedRaftLogWorker.run(SegmentedRaftLogWorker.java:289)
	at java.lang.Thread.run(Thread.java:748)
Caused by: java.util.concurrent.TimeoutException
	at java.util.concurrent.CompletableFuture.timedGet(CompletableFuture.java:1771)
	at java.util.concurrent.CompletableFuture.get(CompletableFuture.java:1915)
	at org.apache.ratis.util.IOUtils.getFromFuture(IOUtils.java:79)
	... 4 more
2019-09-17 09:42:59,772 [e1cfcbeb-5224-4a9d-b080-993c6a3e7f1d@group-B653656075C6-SegmentedRaftLogWorker] WARN  segmented.SegmentedRaftLogWorker (SegmentedRaftLogWorker.java:getFromFuture(90)) - Timeout 10/~
org.apache.ratis.protocol.TimeoutIOException: Timeout 10s: WriteLog:12: (t:2, i:12), STATEMACHINELOGENTRY, client-004905AEEAE3, cid=22-writeStateMachineData
	at org.apache.ratis.util.IOUtils.getFromFuture(IOUtils.java:87)
	at org.apache.ratis.server.raftlog.segmented.SegmentedRaftLogWorker$StateMachineDataPolicy.getFromFuture(SegmentedRaftLogWorker.java:87)
	at org.apache.ratis.server.raftlog.segmented.SegmentedRaftLogWorker$WriteLog.execute(SegmentedRaftLogWorker.java:477)
	at org.apache.ratis.server.raftlog.segmented.SegmentedRaftLogWorker.run(SegmentedRaftLogWorker.java:289)
	at java.lang.Thread.run(Thread.java:748)
Caused by: java.util.concurrent.TimeoutException
	at java.util.concurrent.CompletableFuture.timedGet(CompletableFuture.java:1771)
	at java.util.concurrent.CompletableFuture.get(CompletableFuture.java:1915)
	at org.apache.ratis.util.IOUtils.getFromFuture(IOUtils.java:79)
	... 4 more
2019-09-17 09:43:00,113 [java.util.concurrent.ThreadPoolExecutor$Worker@54d1f8b0[State = -1, empty queue]] WARN  server.GrpcLogAppender (GrpcLogAppender.java:timeoutAppendRequest(200)) - 09dced90-c907-4a20-a124-e2615848b753@group-B653656075C6->e1cfcbeb-5224-4a9d-b080-993c6a3e7f1d-GrpcLogAppender: appendEntries Timeout, request=09dced90-c907-4a20-a124-e2615848b753->e1cfcbeb-5224-4a9d-b080-993c6a3e7f1d#57-t2, previous=(t:2, i:13), leaderCommit=10, initializing? false, entries: <empty>
2019-09-17 09:43:00,783 [grpc-default-executor-2] INFO  client.GrpcClientProtocolClient (GrpcClientProtocolClient.java:onNext(264)) - client-004905AEEAE3->e1cfcbeb-5224-4a9d-b080-993c6a3e7f1d: receive RaftClientReply:client-004905AEEAE3->e1cfcbeb-5224-4a9d-b080-993c6a3e7f1d@group-B653656075C6, cid=21, FAILED org.apache.ratis.protocol.NotLeaderException: Server e1cfcbeb-5224-4a9d-b080-993c6a3e7f1d@group-B653656075C6 is not the leader 09dced90-c907-4a20-a124-e2615848b753:192.168.34.37:39974, logIndex=0, commits[e1cfcbeb-5224-4a9d-b080-993c6a3e7f1d:c10, f9962b5d-8f72-4ed2-8dfc-2c7675abb12a:c10, 09dced90-c907-4a20-a124-e2615848b753:c10]
2019-09-17 09:43:02,615 [java.util.concurrent.ThreadPoolExecutor$Worker@54d1f8b0[State = -1, empty queue]] WARN  server.GrpcLogAppender (GrpcLogAppender.java:timeoutAppendRequest(200)) - 09dced90-c907-4a20-a124-e2615848b753@group-B653656075C6->e1cfcbeb-5224-4a9d-b080-993c6a3e7f1d-GrpcLogAppender: appendEntries Timeout, request=09dced90-c907-4a20-a124-e2615848b753->e1cfcbeb-5224-4a9d-b080-993c6a3e7f1d#58-t2, previous=(t:2, i:13), leaderCommit=10, initializing? false, entries: <empty>
2019-09-17 09:43:05,116 [java.util.concurrent.ThreadPoolExecutor$Worker@54d1f8b0[State = -1, empty queue]] WARN  server.GrpcLogAppender (GrpcLogAppender.java:timeoutAppendRequest(200)) - 09dced90-c907-4a20-a124-e2615848b753@group-B653656075C6->e1cfcbeb-5224-4a9d-b080-993c6a3e7f1d-GrpcLogAppender: appendEntries Timeout, request=09dced90-c907-4a20-a124-e2615848b753->e1cfcbeb-5224-4a9d-b080-993c6a3e7f1d#59-t2, previous=(t:2, i:13), leaderCommit=10, initializing? false, entries: <empty>
2019-09-17 09:43:05,837 [grpc-default-executor-2] INFO  client.GrpcClientProtocolClient (GrpcClientProtocolClient.java:onNext(264)) - client-004905AEEAE3->f9962b5d-8f72-4ed2-8dfc-2c7675abb12a: receive RaftClientReply:client-004905AEEAE3->f9962b5d-8f72-4ed2-8dfc-2c7675abb12a@group-B653656075C6, cid=21, FAILED org.apache.ratis.protocol.NotLeaderException: Server f9962b5d-8f72-4ed2-8dfc-2c7675abb12a@group-B653656075C6 is not the leader 09dced90-c907-4a20-a124-e2615848b753:192.168.34.37:39974, logIndex=0, commits[f9962b5d-8f72-4ed2-8dfc-2c7675abb12a:c10, e1cfcbeb-5224-4a9d-b080-993c6a3e7f1d:c6, 09dced90-c907-4a20-a124-e2615848b753:c10]
2019-09-17 09:43:07,617 [java.util.concurrent.ThreadPoolExecutor$Worker@54d1f8b0[State = -1, empty queue]] WARN  server.GrpcLogAppender (GrpcLogAppender.java:timeoutAppendRequest(200)) - 09dced90-c907-4a20-a124-e2615848b753@group-B653656075C6->e1cfcbeb-5224-4a9d-b080-993c6a3e7f1d-GrpcLogAppender: appendEntries Timeout, request=09dced90-c907-4a20-a124-e2615848b753->e1cfcbeb-5224-4a9d-b080-993c6a3e7f1d#60-t2, previous=(t:2, i:13), leaderCommit=10, initializing? false, entries: <empty>
2019-09-17 09:43:09,664 [org.apache.ratis.server.impl.LogAppender$AppenderDaemon$$Lambda$551/1176976340@37c85f1f] ERROR ratis.XceiverServerRatis (XceiverServerRatis.java:triggerPipelineClose(568)) - pipeline Action CLOSE  on pipeline PipelineID=87d2a377-5e00-4cf9-9bfa-b653656075c6.Reason : 09dced90-c907-4a20-a124-e2615848b753 has not seen follower/s e1cfcbeb-5224-4a9d-b080-993c6a3e7f1d for 120328ms
2019-09-17 09:43:09,712 [EventQueue-PipelineActionsForPipelineActionHandler] ERROR pipeline.PipelineActionHandler (PipelineActionHandler.java:onMessage(60)) - Received pipeline action CLOSE for Pipeline[ Id: 87d2a377-5e00-4cf9-9bfa-b653656075c6, Nodes: f9962b5d-8f72-4ed2-8dfc-2c7675abb12a{ip: 192.168.34.37, host: pr-hdds-2110-rdjw6-11158954, networkLocation: /default-rack, certSerialId: null}e1cfcbeb-5224-4a9d-b080-993c6a3e7f1d{ip: 192.168.34.37, host: pr-hdds-2110-rdjw6-11158954, networkLocation: /default-rack, certSerialId: null}09dced90-c907-4a20-a124-e2615848b753{ip: 192.168.34.37, host: pr-hdds-2110-rdjw6-11158954, networkLocation: /default-rack, certSerialId: null}, Type:RATIS, Factor:THREE, State:OPEN] from datanode 09dced90-c907-4a20-a124-e2615848b753{ip: 192.168.34.37, host: pr-hdds-2110-rdjw6-11158954, networkLocation: /default-rack, certSerialId: null}. Reason : 09dced90-c907-4a20-a124-e2615848b753 has not seen follower/s e1cfcbeb-5224-4a9d-b080-993c6a3e7f1d for 120328ms
2019-09-17 09:43:09,712 [EventQueue-PipelineActionsForPipelineActionHandler] INFO  pipeline.SCMPipelineManager (SCMPipelineManager.java:finalizeAndDestroyPipeline(311)) - destroying pipeline:Pipeline[ Id: 87d2a377-5e00-4cf9-9bfa-b653656075c6, Nodes: f9962b5d-8f72-4ed2-8dfc-2c7675abb12a{ip: 192.168.34.37, host: pr-hdds-2110-rdjw6-11158954, networkLocation: /default-rack, certSerialId: null}e1cfcbeb-5224-4a9d-b080-993c6a3e7f1d{ip: 192.168.34.37, host: pr-hdds-2110-rdjw6-11158954, networkLocation: /default-rack, certSerialId: null}09dced90-c907-4a20-a124-e2615848b753{ip: 192.168.34.37, host: pr-hdds-2110-rdjw6-11158954, networkLocation: /default-rack, certSerialId: null}, Type:RATIS, Factor:THREE, State:OPEN]
2019-09-17 09:43:09,713 [EventQueue-PipelineActionsForPipelineActionHandler] INFO  pipeline.PipelineStateManager (PipelineStateManager.java:finalizePipeline(123)) - Pipeline Pipeline[ Id: 87d2a377-5e00-4cf9-9bfa-b653656075c6, Nodes: f9962b5d-8f72-4ed2-8dfc-2c7675abb12a{ip: 192.168.34.37, host: pr-hdds-2110-rdjw6-11158954, networkLocation: /default-rack, certSerialId: null}e1cfcbeb-5224-4a9d-b080-993c6a3e7f1d{ip: 192.168.34.37, host: pr-hdds-2110-rdjw6-11158954, networkLocation: /default-rack, certSerialId: null}09dced90-c907-4a20-a124-e2615848b753{ip: 192.168.34.37, host: pr-hdds-2110-rdjw6-11158954, networkLocation: /default-rack, certSerialId: null}, Type:RATIS, Factor:THREE, State:CLOSED] moved to CLOSED state
2019-09-17 09:43:09,716 [EventQueue-CloseContainerForCloseContainerEventHandler] INFO  container.CloseContainerEventHandler (CloseContainerEventHandler.java:onMessage(61)) - Close container Event triggered for container : #2
2019-09-17 09:43:09,722 [EventQueue-CloseContainerForCloseContainerEventHandler] INFO  container.CloseContainerEventHandler (CloseContainerEventHandler.java:onMessage(61)) - Close container Event triggered for container : #3
2019-09-17 09:43:09,761 [09dced90-c907-4a20-a124-e2615848b753@group-B653656075C6-SegmentedRaftLogWorker] WARN  segmented.SegmentedRaftLogWorker (SegmentedRaftLogWorker.java:getFromFuture(90)) - Timeout 11/~
org.apache.ratis.protocol.TimeoutIOException: Timeout 10s: WriteLog:12: (t:2, i:12), STATEMACHINELOGENTRY, client-004905AEEAE3, cid=22-writeStateMachineData
	at org.apache.ratis.util.IOUtils.getFromFuture(IOUtils.java:87)
	at org.apache.ratis.server.raftlog.segmented.SegmentedRaftLogWorker$StateMachineDataPolicy.getFromFuture(SegmentedRaftLogWorker.java:87)
	at org.apache.ratis.server.raftlog.segmented.SegmentedRaftLogWorker$WriteLog.execute(SegmentedRaftLogWorker.java:477)
	at org.apache.ratis.server.raftlog.segmented.SegmentedRaftLogWorker.run(SegmentedRaftLogWorker.java:289)
	at java.lang.Thread.run(Thread.java:748)
Caused by: java.util.concurrent.TimeoutException
	at java.util.concurrent.CompletableFuture.timedGet(CompletableFuture.java:1771)
	at java.util.concurrent.CompletableFuture.get(CompletableFuture.java:1915)
	at org.apache.ratis.util.IOUtils.getFromFuture(IOUtils.java:79)
	... 4 more
2019-09-17 09:43:09,773 [e1cfcbeb-5224-4a9d-b080-993c6a3e7f1d@group-B653656075C6-SegmentedRaftLogWorker] WARN  segmented.SegmentedRaftLogWorker (SegmentedRaftLogWorker.java:getFromFuture(90)) - Timeout 11/~
org.apache.ratis.protocol.TimeoutIOException: Timeout 10s: WriteLog:12: (t:2, i:12), STATEMACHINELOGENTRY, client-004905AEEAE3, cid=22-writeStateMachineData
	at org.apache.ratis.util.IOUtils.getFromFuture(IOUtils.java:87)
	at org.apache.ratis.server.raftlog.segmented.SegmentedRaftLogWorker$StateMachineDataPolicy.getFromFuture(SegmentedRaftLogWorker.java:87)
	at org.apache.ratis.server.raftlog.segmented.SegmentedRaftLogWorker$WriteLog.execute(SegmentedRaftLogWorker.java:477)
	at org.apache.ratis.server.raftlog.segmented.SegmentedRaftLogWorker.run(SegmentedRaftLogWorker.java:289)
	at java.lang.Thread.run(Thread.java:748)
Caused by: java.util.concurrent.TimeoutException
	at java.util.concurrent.CompletableFuture.timedGet(CompletableFuture.java:1771)
	at java.util.concurrent.CompletableFuture.get(CompletableFuture.java:1915)
	at org.apache.ratis.util.IOUtils.getFromFuture(IOUtils.java:79)
	... 4 more
2019-09-17 09:43:10,131 [java.util.concurrent.ThreadPoolExecutor$Worker@54d1f8b0[State = -1, empty queue]] WARN  server.GrpcLogAppender (GrpcLogAppender.java:timeoutAppendRequest(200)) - 09dced90-c907-4a20-a124-e2615848b753@group-B653656075C6->e1cfcbeb-5224-4a9d-b080-993c6a3e7f1d-GrpcLogAppender: appendEntries Timeout, request=09dced90-c907-4a20-a124-e2615848b753->e1cfcbeb-5224-4a9d-b080-993c6a3e7f1d#61-t2, previous=(t:2, i:13), leaderCommit=10, initializing? false, entries: <empty>
2019-09-17 09:43:10,894 [grpc-default-executor-0] INFO  client.GrpcClientProtocolClient (GrpcClientProtocolClient.java:onNext(264)) - client-004905AEEAE3->e1cfcbeb-5224-4a9d-b080-993c6a3e7f1d: receive RaftClientReply:client-004905AEEAE3->e1cfcbeb-5224-4a9d-b080-993c6a3e7f1d@group-B653656075C6, cid=21, FAILED org.apache.ratis.protocol.NotLeaderException: Server e1cfcbeb-5224-4a9d-b080-993c6a3e7f1d@group-B653656075C6 is not the leader 09dced90-c907-4a20-a124-e2615848b753:192.168.34.37:39974, logIndex=0, commits[e1cfcbeb-5224-4a9d-b080-993c6a3e7f1d:c10, f9962b5d-8f72-4ed2-8dfc-2c7675abb12a:c10, 09dced90-c907-4a20-a124-e2615848b753:c10]
2019-09-17 09:43:11,743 [org.apache.ratis.server.impl.LogAppender$AppenderDaemon$$Lambda$551/1176976340@37c85f1f] ERROR ratis.XceiverServerRatis (XceiverServerRatis.java:triggerPipelineClose(568)) - pipeline Action CLOSE  on pipeline PipelineID=87d2a377-5e00-4cf9-9bfa-b653656075c6.Reason : 09dced90-c907-4a20-a124-e2615848b753 has not seen follower/s e1cfcbeb-5224-4a9d-b080-993c6a3e7f1d for 122425ms
2019-09-17 09:43:12,621 [java.util.concurrent.ThreadPoolExecutor$Worker@54d1f8b0[State = -1, empty queue]] WARN  server.GrpcLogAppender (GrpcLogAppender.java:timeoutAppendRequest(200)) - 09dced90-c907-4a20-a124-e2615848b753@group-B653656075C6->e1cfcbeb-5224-4a9d-b080-993c6a3e7f1d-GrpcLogAppender: appendEntries Timeout, request=09dced90-c907-4a20-a124-e2615848b753->e1cfcbeb-5224-4a9d-b080-993c6a3e7f1d#62-t2, previous=(t:2, i:13), leaderCommit=10, initializing? false, entries: <empty>
2019-09-17 09:43:12,732 [EventQueue-PipelineActionsForPipelineActionHandler] ERROR pipeline.PipelineActionHandler (PipelineActionHandler.java:onMessage(60)) - Received pipeline action CLOSE for Pipeline[ Id: 87d2a377-5e00-4cf9-9bfa-b653656075c6, Nodes: f9962b5d-8f72-4ed2-8dfc-2c7675abb12a{ip: 192.168.34.37, host: pr-hdds-2110-rdjw6-11158954, networkLocation: /default-rack, certSerialId: null}e1cfcbeb-5224-4a9d-b080-993c6a3e7f1d{ip: 192.168.34.37, host: pr-hdds-2110-rdjw6-11158954, networkLocation: /default-rack, certSerialId: null}09dced90-c907-4a20-a124-e2615848b753{ip: 192.168.34.37, host: pr-hdds-2110-rdjw6-11158954, networkLocation: /default-rack, certSerialId: null}, Type:RATIS, Factor:THREE, State:CLOSED] from datanode 09dced90-c907-4a20-a124-e2615848b753{ip: 192.168.34.37, host: pr-hdds-2110-rdjw6-11158954, networkLocation: /default-rack, certSerialId: null}. Reason : 09dced90-c907-4a20-a124-e2615848b753 has not seen follower/s e1cfcbeb-5224-4a9d-b080-993c6a3e7f1d for 122425ms
2019-09-17 09:43:12,733 [EventQueue-PipelineActionsForPipelineActionHandler] INFO  pipeline.SCMPipelineManager (SCMPipelineManager.java:finalizeAndDestroyPipeline(311)) - destroying pipeline:Pipeline[ Id: 87d2a377-5e00-4cf9-9bfa-b653656075c6, Nodes: f9962b5d-8f72-4ed2-8dfc-2c7675abb12a{ip: 192.168.34.37, host: pr-hdds-2110-rdjw6-11158954, networkLocation: /default-rack, certSerialId: null}e1cfcbeb-5224-4a9d-b080-993c6a3e7f1d{ip: 192.168.34.37, host: pr-hdds-2110-rdjw6-11158954, networkLocation: /default-rack, certSerialId: null}09dced90-c907-4a20-a124-e2615848b753{ip: 192.168.34.37, host: pr-hdds-2110-rdjw6-11158954, networkLocation: /default-rack, certSerialId: null}, Type:RATIS, Factor:THREE, State:CLOSED]
2019-09-17 09:43:14,244 [org.apache.ratis.server.impl.LogAppender$AppenderDaemon$$Lambda$551/1176976340@37c85f1f] ERROR ratis.XceiverServerRatis (XceiverServerRatis.java:triggerPipelineClose(568)) - pipeline Action CLOSE  on pipeline PipelineID=87d2a377-5e00-4cf9-9bfa-b653656075c6.Reason : 09dced90-c907-4a20-a124-e2615848b753 has not seen follower/s e1cfcbeb-5224-4a9d-b080-993c6a3e7f1d for 124927ms
2019-09-17 09:43:14,732 [EventQueue-PipelineActionsForPipelineActionHandler] ERROR pipeline.PipelineActionHandler (PipelineActionHandler.java:onMessage(60)) - Received pipeline action CLOSE for Pipeline[ Id: 87d2a377-5e00-4cf9-9bfa-b653656075c6, Nodes: f9962b5d-8f72-4ed2-8dfc-2c7675abb12a{ip: 192.168.34.37, host: pr-hdds-2110-rdjw6-11158954, networkLocation: /default-rack, certSerialId: null}e1cfcbeb-5224-4a9d-b080-993c6a3e7f1d{ip: 192.168.34.37, host: pr-hdds-2110-rdjw6-11158954, networkLocation: /default-rack, certSerialId: null}09dced90-c907-4a20-a124-e2615848b753{ip: 192.168.34.37, host: pr-hdds-2110-rdjw6-11158954, networkLocation: /default-rack, certSerialId: null}, Type:RATIS, Factor:THREE, State:CLOSED] from datanode 09dced90-c907-4a20-a124-e2615848b753{ip: 192.168.34.37, host: pr-hdds-2110-rdjw6-11158954, networkLocation: /default-rack, certSerialId: null}. Reason : 09dced90-c907-4a20-a124-e2615848b753 has not seen follower/s e1cfcbeb-5224-4a9d-b080-993c6a3e7f1d for 124927ms
2019-09-17 09:43:14,734 [EventQueue-PipelineActionsForPipelineActionHandler] INFO  pipeline.SCMPipelineManager (SCMPipelineManager.java:finalizeAndDestroyPipeline(311)) - destroying pipeline:Pipeline[ Id: 87d2a377-5e00-4cf9-9bfa-b653656075c6, Nodes: f9962b5d-8f72-4ed2-8dfc-2c7675abb12a{ip: 192.168.34.37, host: pr-hdds-2110-rdjw6-11158954, networkLocation: /default-rack, certSerialId: null}e1cfcbeb-5224-4a9d-b080-993c6a3e7f1d{ip: 192.168.34.37, host: pr-hdds-2110-rdjw6-11158954, networkLocation: /default-rack, certSerialId: null}09dced90-c907-4a20-a124-e2615848b753{ip: 192.168.34.37, host: pr-hdds-2110-rdjw6-11158954, networkLocation: /default-rack, certSerialId: null}, Type:RATIS, Factor:THREE, State:CLOSED]
2019-09-17 09:43:14,743 [java.util.concurrent.ThreadPoolExecutor$Worker@54d1f8b0[State = -1, empty queue]] WARN  server.GrpcLogAppender (GrpcLogAppender.java:timeoutAppendRequest(200)) - 09dced90-c907-4a20-a124-e2615848b753@group-B653656075C6->e1cfcbeb-5224-4a9d-b080-993c6a3e7f1d-GrpcLogAppender: appendEntries Timeout, request=09dced90-c907-4a20-a124-e2615848b753->e1cfcbeb-5224-4a9d-b080-993c6a3e7f1d#63-t2, previous=(t:2, i:13), leaderCommit=10, initializing? false, entries: size=1, first=(t:2, i:14), STATEMACHINELOGENTRY, client-2B6BC151E074, cid=0
2019-09-17 09:43:15,930 [grpc-default-executor-0] INFO  client.GrpcClientProtocolClient (GrpcClientProtocolClient.java:onNext(264)) - client-004905AEEAE3->e1cfcbeb-5224-4a9d-b080-993c6a3e7f1d: receive RaftClientReply:client-004905AEEAE3->e1cfcbeb-5224-4a9d-b080-993c6a3e7f1d@group-B653656075C6, cid=21, FAILED org.apache.ratis.protocol.NotLeaderException: Server e1cfcbeb-5224-4a9d-b080-993c6a3e7f1d@group-B653656075C6 is not the leader 09dced90-c907-4a20-a124-e2615848b753:192.168.34.37:39974, logIndex=0, commits[e1cfcbeb-5224-4a9d-b080-993c6a3e7f1d:c10, f9962b5d-8f72-4ed2-8dfc-2c7675abb12a:c10, 09dced90-c907-4a20-a124-e2615848b753:c10]
2019-09-17 09:43:16,745 [org.apache.ratis.server.impl.LogAppender$AppenderDaemon$$Lambda$551/1176976340@37c85f1f] ERROR ratis.XceiverServerRatis (XceiverServerRatis.java:triggerPipelineClose(568)) - pipeline Action CLOSE  on pipeline PipelineID=87d2a377-5e00-4cf9-9bfa-b653656075c6.Reason : 09dced90-c907-4a20-a124-e2615848b753 has not seen follower/s e1cfcbeb-5224-4a9d-b080-993c6a3e7f1d for 127428ms
2019-09-17 09:43:17,244 [java.util.concurrent.ThreadPoolExecutor$Worker@54d1f8b0[State = -1, empty queue]] WARN  server.GrpcLogAppender (GrpcLogAppender.java:timeoutAppendRequest(200)) - 09dced90-c907-4a20-a124-e2615848b753@group-B653656075C6->e1cfcbeb-5224-4a9d-b080-993c6a3e7f1d-GrpcLogAppender: appendEntries Timeout, request=09dced90-c907-4a20-a124-e2615848b753->e1cfcbeb-5224-4a9d-b080-993c6a3e7f1d#64-t2, previous=(t:2, i:14), leaderCommit=10, initializing? false, entries: <empty>
2019-09-17 09:43:17,732 [EventQueue-PipelineActionsForPipelineActionHandler] ERROR pipeline.PipelineActionHandler (PipelineActionHandler.java:onMessage(60)) - Received pipeline action CLOSE for Pipeline[ Id: 87d2a377-5e00-4cf9-9bfa-b653656075c6, Nodes: f9962b5d-8f72-4ed2-8dfc-2c7675abb12a{ip: 192.168.34.37, host: pr-hdds-2110-rdjw6-11158954, networkLocation: /default-rack, certSerialId: null}e1cfcbeb-5224-4a9d-b080-993c6a3e7f1d{ip: 192.168.34.37, host: pr-hdds-2110-rdjw6-11158954, networkLocation: /default-rack, certSerialId: null}09dced90-c907-4a20-a124-e2615848b753{ip: 192.168.34.37, host: pr-hdds-2110-rdjw6-11158954, networkLocation: /default-rack, certSerialId: null}, Type:RATIS, Factor:THREE, State:CLOSED] from datanode 09dced90-c907-4a20-a124-e2615848b753{ip: 192.168.34.37, host: pr-hdds-2110-rdjw6-11158954, networkLocation: /default-rack, certSerialId: null}. Reason : 09dced90-c907-4a20-a124-e2615848b753 has not seen follower/s e1cfcbeb-5224-4a9d-b080-993c6a3e7f1d for 127428ms
2019-09-17 09:43:17,732 [EventQueue-PipelineActionsForPipelineActionHandler] INFO  pipeline.SCMPipelineManager (SCMPipelineManager.java:finalizeAndDestroyPipeline(311)) - destroying pipeline:Pipeline[ Id: 87d2a377-5e00-4cf9-9bfa-b653656075c6, Nodes: f9962b5d-8f72-4ed2-8dfc-2c7675abb12a{ip: 192.168.34.37, host: pr-hdds-2110-rdjw6-11158954, networkLocation: /default-rack, certSerialId: null}e1cfcbeb-5224-4a9d-b080-993c6a3e7f1d{ip: 192.168.34.37, host: pr-hdds-2110-rdjw6-11158954, networkLocation: /default-rack, certSerialId: null}09dced90-c907-4a20-a124-e2615848b753{ip: 192.168.34.37, host: pr-hdds-2110-rdjw6-11158954, networkLocation: /default-rack, certSerialId: null}, Type:RATIS, Factor:THREE, State:CLOSED]
2019-09-17 09:43:19,246 [org.apache.ratis.server.impl.LogAppender$AppenderDaemon$$Lambda$551/1176976340@37c85f1f] ERROR ratis.XceiverServerRatis (XceiverServerRatis.java:triggerPipelineClose(568)) - pipeline Action CLOSE  on pipeline PipelineID=87d2a377-5e00-4cf9-9bfa-b653656075c6.Reason : 09dced90-c907-4a20-a124-e2615848b753 has not seen follower/s e1cfcbeb-5224-4a9d-b080-993c6a3e7f1d for 129929ms
2019-09-17 09:43:19,733 [EventQueue-PipelineActionsForPipelineActionHandler] ERROR pipeline.PipelineActionHandler (PipelineActionHandler.java:onMessage(60)) - Received pipeline action CLOSE for Pipeline[ Id: 87d2a377-5e00-4cf9-9bfa-b653656075c6, Nodes: f9962b5d-8f72-4ed2-8dfc-2c7675abb12a{ip: 192.168.34.37, host: pr-hdds-2110-rdjw6-11158954, networkLocation: /default-rack, certSerialId: null}e1cfcbeb-5224-4a9d-b080-993c6a3e7f1d{ip: 192.168.34.37, host: pr-hdds-2110-rdjw6-11158954, networkLocation: /default-rack, certSerialId: null}09dced90-c907-4a20-a124-e2615848b753{ip: 192.168.34.37, host: pr-hdds-2110-rdjw6-11158954, networkLocation: /default-rack, certSerialId: null}, Type:RATIS, Factor:THREE, State:CLOSED] from datanode 09dced90-c907-4a20-a124-e2615848b753{ip: 192.168.34.37, host: pr-hdds-2110-rdjw6-11158954, networkLocation: /default-rack, certSerialId: null}. Reason : 09dced90-c907-4a20-a124-e2615848b753 has not seen follower/s e1cfcbeb-5224-4a9d-b080-993c6a3e7f1d for 129929ms
2019-09-17 09:43:19,736 [EventQueue-PipelineActionsForPipelineActionHandler] INFO  pipeline.SCMPipelineManager (SCMPipelineManager.java:finalizeAndDestroyPipeline(311)) - destroying pipeline:Pipeline[ Id: 87d2a377-5e00-4cf9-9bfa-b653656075c6, Nodes: f9962b5d-8f72-4ed2-8dfc-2c7675abb12a{ip: 192.168.34.37, host: pr-hdds-2110-rdjw6-11158954, networkLocation: /default-rack, certSerialId: null}e1cfcbeb-5224-4a9d-b080-993c6a3e7f1d{ip: 192.168.34.37, host: pr-hdds-2110-rdjw6-11158954, networkLocation: /default-rack, certSerialId: null}09dced90-c907-4a20-a124-e2615848b753{ip: 192.168.34.37, host: pr-hdds-2110-rdjw6-11158954, networkLocation: /default-rack, certSerialId: null}, Type:RATIS, Factor:THREE, State:CLOSED]
2019-09-17 09:43:19,745 [java.util.concurrent.ThreadPoolExecutor$Worker@54d1f8b0[State = -1, empty queue]] WARN  server.GrpcLogAppender (GrpcLogAppender.java:timeoutAppendRequest(200)) - 09dced90-c907-4a20-a124-e2615848b753@group-B653656075C6->e1cfcbeb-5224-4a9d-b080-993c6a3e7f1d-GrpcLogAppender: appendEntries Timeout, request=09dced90-c907-4a20-a124-e2615848b753->e1cfcbeb-5224-4a9d-b080-993c6a3e7f1d#65-t2, previous=(t:2, i:14), leaderCommit=10, initializing? false, entries: <empty>
2019-09-17 09:43:19,764 [09dced90-c907-4a20-a124-e2615848b753@group-B653656075C6-SegmentedRaftLogWorker] WARN  segmented.SegmentedRaftLogWorker (SegmentedRaftLogWorker.java:getFromFuture(90)) - Timeout 12/~
org.apache.ratis.protocol.TimeoutIOException: Timeout 10s: WriteLog:12: (t:2, i:12), STATEMACHINELOGENTRY, client-004905AEEAE3, cid=22-writeStateMachineData
	at org.apache.ratis.util.IOUtils.getFromFuture(IOUtils.java:87)
	at org.apache.ratis.server.raftlog.segmented.SegmentedRaftLogWorker$StateMachineDataPolicy.getFromFuture(SegmentedRaftLogWorker.java:87)
	at org.apache.ratis.server.raftlog.segmented.SegmentedRaftLogWorker$WriteLog.execute(SegmentedRaftLogWorker.java:477)
	at org.apache.ratis.server.raftlog.segmented.SegmentedRaftLogWorker.run(SegmentedRaftLogWorker.java:289)
	at java.lang.Thread.run(Thread.java:748)
Caused by: java.util.concurrent.TimeoutException
	at java.util.concurrent.CompletableFuture.timedGet(CompletableFuture.java:1771)
	at java.util.concurrent.CompletableFuture.get(CompletableFuture.java:1915)
	at org.apache.ratis.util.IOUtils.getFromFuture(IOUtils.java:79)
	... 4 more
2019-09-17 09:43:19,774 [e1cfcbeb-5224-4a9d-b080-993c6a3e7f1d@group-B653656075C6-SegmentedRaftLogWorker] WARN  segmented.SegmentedRaftLogWorker (SegmentedRaftLogWorker.java:getFromFuture(90)) - Timeout 12/~
org.apache.ratis.protocol.TimeoutIOException: Timeout 10s: WriteLog:12: (t:2, i:12), STATEMACHINELOGENTRY, client-004905AEEAE3, cid=22-writeStateMachineData
	at org.apache.ratis.util.IOUtils.getFromFuture(IOUtils.java:87)
	at org.apache.ratis.server.raftlog.segmented.SegmentedRaftLogWorker$StateMachineDataPolicy.getFromFuture(SegmentedRaftLogWorker.java:87)
	at org.apache.ratis.server.raftlog.segmented.SegmentedRaftLogWorker$WriteLog.execute(SegmentedRaftLogWorker.java:477)
	at org.apache.ratis.server.raftlog.segmented.SegmentedRaftLogWorker.run(SegmentedRaftLogWorker.java:289)
	at java.lang.Thread.run(Thread.java:748)
Caused by: java.util.concurrent.TimeoutException
	at java.util.concurrent.CompletableFuture.timedGet(CompletableFuture.java:1771)
	at java.util.concurrent.CompletableFuture.get(CompletableFuture.java:1915)
	at org.apache.ratis.util.IOUtils.getFromFuture(IOUtils.java:79)
	... 4 more
2019-09-17 09:43:20,966 [grpc-default-executor-0] INFO  client.GrpcClientProtocolClient (GrpcClientProtocolClient.java:onNext(264)) - client-004905AEEAE3->e1cfcbeb-5224-4a9d-b080-993c6a3e7f1d: receive RaftClientReply:client-004905AEEAE3->e1cfcbeb-5224-4a9d-b080-993c6a3e7f1d@group-B653656075C6, cid=21, FAILED org.apache.ratis.protocol.NotLeaderException: Server e1cfcbeb-5224-4a9d-b080-993c6a3e7f1d@group-B653656075C6 is not the leader 09dced90-c907-4a20-a124-e2615848b753:192.168.34.37:39974, logIndex=0, commits[e1cfcbeb-5224-4a9d-b080-993c6a3e7f1d:c10, f9962b5d-8f72-4ed2-8dfc-2c7675abb12a:c10, 09dced90-c907-4a20-a124-e2615848b753:c10]
2019-09-17 09:43:21,747 [org.apache.ratis.server.impl.LogAppender$AppenderDaemon$$Lambda$551/1176976340@37c85f1f] ERROR ratis.XceiverServerRatis (XceiverServerRatis.java:triggerPipelineClose(568)) - pipeline Action CLOSE  on pipeline PipelineID=87d2a377-5e00-4cf9-9bfa-b653656075c6.Reason : 09dced90-c907-4a20-a124-e2615848b753 has not seen follower/s e1cfcbeb-5224-4a9d-b080-993c6a3e7f1d for 132430ms
2019-09-17 09:43:22,246 [java.util.concurrent.ThreadPoolExecutor$Worker@54d1f8b0[State = -1, empty queue]] WARN  server.GrpcLogAppender (GrpcLogAppender.java:timeoutAppendRequest(200)) - 09dced90-c907-4a20-a124-e2615848b753@group-B653656075C6->e1cfcbeb-5224-4a9d-b080-993c6a3e7f1d-GrpcLogAppender: appendEntries Timeout, request=09dced90-c907-4a20-a124-e2615848b753->e1cfcbeb-5224-4a9d-b080-993c6a3e7f1d#66-t2, previous=(t:2, i:14), leaderCommit=10, initializing? false, entries: <empty>
2019-09-17 09:43:22,733 [EventQueue-PipelineActionsForPipelineActionHandler] ERROR pipeline.PipelineActionHandler (PipelineActionHandler.java:onMessage(60)) - Received pipeline action CLOSE for Pipeline[ Id: 87d2a377-5e00-4cf9-9bfa-b653656075c6, Nodes: f9962b5d-8f72-4ed2-8dfc-2c7675abb12a{ip: 192.168.34.37, host: pr-hdds-2110-rdjw6-11158954, networkLocation: /default-rack, certSerialId: null}e1cfcbeb-5224-4a9d-b080-993c6a3e7f1d{ip: 192.168.34.37, host: pr-hdds-2110-rdjw6-11158954, networkLocation: /default-rack, certSerialId: null}09dced90-c907-4a20-a124-e2615848b753{ip: 192.168.34.37, host: pr-hdds-2110-rdjw6-11158954, networkLocation: /default-rack, certSerialId: null}, Type:RATIS, Factor:THREE, State:CLOSED] from datanode 09dced90-c907-4a20-a124-e2615848b753{ip: 192.168.34.37, host: pr-hdds-2110-rdjw6-11158954, networkLocation: /default-rack, certSerialId: null}. Reason : 09dced90-c907-4a20-a124-e2615848b753 has not seen follower/s e1cfcbeb-5224-4a9d-b080-993c6a3e7f1d for 132430ms
2019-09-17 09:43:22,733 [EventQueue-PipelineActionsForPipelineActionHandler] INFO  pipeline.SCMPipelineManager (SCMPipelineManager.java:finalizeAndDestroyPipeline(311)) - destroying pipeline:Pipeline[ Id: 87d2a377-5e00-4cf9-9bfa-b653656075c6, Nodes: f9962b5d-8f72-4ed2-8dfc-2c7675abb12a{ip: 192.168.34.37, host: pr-hdds-2110-rdjw6-11158954, networkLocation: /default-rack, certSerialId: null}e1cfcbeb-5224-4a9d-b080-993c6a3e7f1d{ip: 192.168.34.37, host: pr-hdds-2110-rdjw6-11158954, networkLocation: /default-rack, certSerialId: null}09dced90-c907-4a20-a124-e2615848b753{ip: 192.168.34.37, host: pr-hdds-2110-rdjw6-11158954, networkLocation: /default-rack, certSerialId: null}, Type:RATIS, Factor:THREE, State:CLOSED]
2019-09-17 09:43:24,248 [org.apache.ratis.server.impl.LogAppender$AppenderDaemon$$Lambda$551/1176976340@37c85f1f] ERROR ratis.XceiverServerRatis (XceiverServerRatis.java:triggerPipelineClose(568)) - pipeline Action CLOSE  on pipeline PipelineID=87d2a377-5e00-4cf9-9bfa-b653656075c6.Reason : 09dced90-c907-4a20-a124-e2615848b753 has not seen follower/s e1cfcbeb-5224-4a9d-b080-993c6a3e7f1d for 134931ms
2019-09-17 09:43:24,732 [EventQueue-PipelineActionsForPipelineActionHandler] ERROR pipeline.PipelineActionHandler (PipelineActionHandler.java:onMessage(60)) - Received pipeline action CLOSE for Pipeline[ Id: 87d2a377-5e00-4cf9-9bfa-b653656075c6, Nodes: f9962b5d-8f72-4ed2-8dfc-2c7675abb12a{ip: 192.168.34.37, host: pr-hdds-2110-rdjw6-11158954, networkLocation: /default-rack, certSerialId: null}e1cfcbeb-5224-4a9d-b080-993c6a3e7f1d{ip: 192.168.34.37, host: pr-hdds-2110-rdjw6-11158954, networkLocation: /default-rack, certSerialId: null}09dced90-c907-4a20-a124-e2615848b753{ip: 192.168.34.37, host: pr-hdds-2110-rdjw6-11158954, networkLocation: /default-rack, certSerialId: null}, Type:RATIS, Factor:THREE, State:CLOSED] from datanode 09dced90-c907-4a20-a124-e2615848b753{ip: 192.168.34.37, host: pr-hdds-2110-rdjw6-11158954, networkLocation: /default-rack, certSerialId: null}. Reason : 09dced90-c907-4a20-a124-e2615848b753 has not seen follower/s e1cfcbeb-5224-4a9d-b080-993c6a3e7f1d for 134931ms
2019-09-17 09:43:24,734 [EventQueue-PipelineActionsForPipelineActionHandler] INFO  pipeline.SCMPipelineManager (SCMPipelineManager.java:finalizeAndDestroyPipeline(311)) - destroying pipeline:Pipeline[ Id: 87d2a377-5e00-4cf9-9bfa-b653656075c6, Nodes: f9962b5d-8f72-4ed2-8dfc-2c7675abb12a{ip: 192.168.34.37, host: pr-hdds-2110-rdjw6-11158954, networkLocation: /default-rack, certSerialId: null}e1cfcbeb-5224-4a9d-b080-993c6a3e7f1d{ip: 192.168.34.37, host: pr-hdds-2110-rdjw6-11158954, networkLocation: /default-rack, certSerialId: null}09dced90-c907-4a20-a124-e2615848b753{ip: 192.168.34.37, host: pr-hdds-2110-rdjw6-11158954, networkLocation: /default-rack, certSerialId: null}, Type:RATIS, Factor:THREE, State:CLOSED]
2019-09-17 09:43:24,747 [java.util.concurrent.ThreadPoolExecutor$Worker@54d1f8b0[State = -1, empty queue]] WARN  server.GrpcLogAppender (GrpcLogAppender.java:timeoutAppendRequest(200)) - 09dced90-c907-4a20-a124-e2615848b753@group-B653656075C6->e1cfcbeb-5224-4a9d-b080-993c6a3e7f1d-GrpcLogAppender: appendEntries Timeout, request=09dced90-c907-4a20-a124-e2615848b753->e1cfcbeb-5224-4a9d-b080-993c6a3e7f1d#67-t2, previous=(t:2, i:14), leaderCommit=10, initializing? false, entries: <empty>
2019-09-17 09:43:26,008 [grpc-default-executor-2] INFO  client.GrpcClientProtocolClient (GrpcClientProtocolClient.java:onNext(264)) - client-004905AEEAE3->e1cfcbeb-5224-4a9d-b080-993c6a3e7f1d: receive RaftClientReply:client-004905AEEAE3->e1cfcbeb-5224-4a9d-b080-993c6a3e7f1d@group-B653656075C6, cid=21, FAILED org.apache.ratis.protocol.NotLeaderException: Server e1cfcbeb-5224-4a9d-b080-993c6a3e7f1d@group-B653656075C6 is not the leader 09dced90-c907-4a20-a124-e2615848b753:192.168.34.37:39974, logIndex=0, commits[e1cfcbeb-5224-4a9d-b080-993c6a3e7f1d:c10, f9962b5d-8f72-4ed2-8dfc-2c7675abb12a:c10, 09dced90-c907-4a20-a124-e2615848b753:c10]
2019-09-17 09:43:26,750 [org.apache.ratis.server.impl.LogAppender$AppenderDaemon$$Lambda$551/1176976340@37c85f1f] ERROR ratis.XceiverServerRatis (XceiverServerRatis.java:triggerPipelineClose(568)) - pipeline Action CLOSE  on pipeline PipelineID=87d2a377-5e00-4cf9-9bfa-b653656075c6.Reason : 09dced90-c907-4a20-a124-e2615848b753 has not seen follower/s e1cfcbeb-5224-4a9d-b080-993c6a3e7f1d for 137433ms
2019-09-17 09:43:27,248 [java.util.concurrent.ThreadPoolExecutor$Worker@54d1f8b0[State = -1, empty queue]] WARN  server.GrpcLogAppender (GrpcLogAppender.java:timeoutAppendRequest(200)) - 09dced90-c907-4a20-a124-e2615848b753@group-B653656075C6->e1cfcbeb-5224-4a9d-b080-993c6a3e7f1d-GrpcLogAppender: appendEntries Timeout, request=09dced90-c907-4a20-a124-e2615848b753->e1cfcbeb-5224-4a9d-b080-993c6a3e7f1d#68-t2, previous=(t:2, i:14), leaderCommit=10, initializing? false, entries: <empty>
2019-09-17 09:43:27,734 [EventQueue-PipelineActionsForPipelineActionHandler] ERROR pipeline.PipelineActionHandler (PipelineActionHandler.java:onMessage(60)) - Received pipeline action CLOSE for Pipeline[ Id: 87d2a377-5e00-4cf9-9bfa-b653656075c6, Nodes: f9962b5d-8f72-4ed2-8dfc-2c7675abb12a{ip: 192.168.34.37, host: pr-hdds-2110-rdjw6-11158954, networkLocation: /default-rack, certSerialId: null}e1cfcbeb-5224-4a9d-b080-993c6a3e7f1d{ip: 192.168.34.37, host: pr-hdds-2110-rdjw6-11158954, networkLocation: /default-rack, certSerialId: null}09dced90-c907-4a20-a124-e2615848b753{ip: 192.168.34.37, host: pr-hdds-2110-rdjw6-11158954, networkLocation: /default-rack, certSerialId: null}, Type:RATIS, Factor:THREE, State:CLOSED] from datanode 09dced90-c907-4a20-a124-e2615848b753{ip: 192.168.34.37, host: pr-hdds-2110-rdjw6-11158954, networkLocation: /default-rack, certSerialId: null}. Reason : 09dced90-c907-4a20-a124-e2615848b753 has not seen follower/s e1cfcbeb-5224-4a9d-b080-993c6a3e7f1d for 137433ms
2019-09-17 09:43:27,734 [EventQueue-PipelineActionsForPipelineActionHandler] INFO  pipeline.SCMPipelineManager (SCMPipelineManager.java:finalizeAndDestroyPipeline(311)) - destroying pipeline:Pipeline[ Id: 87d2a377-5e00-4cf9-9bfa-b653656075c6, Nodes: f9962b5d-8f72-4ed2-8dfc-2c7675abb12a{ip: 192.168.34.37, host: pr-hdds-2110-rdjw6-11158954, networkLocation: /default-rack, certSerialId: null}e1cfcbeb-5224-4a9d-b080-993c6a3e7f1d{ip: 192.168.34.37, host: pr-hdds-2110-rdjw6-11158954, networkLocation: /default-rack, certSerialId: null}09dced90-c907-4a20-a124-e2615848b753{ip: 192.168.34.37, host: pr-hdds-2110-rdjw6-11158954, networkLocation: /default-rack, certSerialId: null}, Type:RATIS, Factor:THREE, State:CLOSED]
2019-09-17 09:43:29,253 [org.apache.ratis.server.impl.LogAppender$AppenderDaemon$$Lambda$551/1176976340@37c85f1f] ERROR ratis.XceiverServerRatis (XceiverServerRatis.java:triggerPipelineClose(568)) - pipeline Action CLOSE  on pipeline PipelineID=87d2a377-5e00-4cf9-9bfa-b653656075c6.Reason : 09dced90-c907-4a20-a124-e2615848b753 has not seen follower/s e1cfcbeb-5224-4a9d-b080-993c6a3e7f1d for 139935ms
2019-09-17 09:43:29,734 [EventQueue-PipelineActionsForPipelineActionHandler] ERROR pipeline.PipelineActionHandler (PipelineActionHandler.java:onMessage(60)) - Received pipeline action CLOSE for Pipeline[ Id: 87d2a377-5e00-4cf9-9bfa-b653656075c6, Nodes: f9962b5d-8f72-4ed2-8dfc-2c7675abb12a{ip: 192.168.34.37, host: pr-hdds-2110-rdjw6-11158954, networkLocation: /default-rack, certSerialId: null}e1cfcbeb-5224-4a9d-b080-993c6a3e7f1d{ip: 192.168.34.37, host: pr-hdds-2110-rdjw6-11158954, networkLocation: /default-rack, certSerialId: null}09dced90-c907-4a20-a124-e2615848b753{ip: 192.168.34.37, host: pr-hdds-2110-rdjw6-11158954, networkLocation: /default-rack, certSerialId: null}, Type:RATIS, Factor:THREE, State:CLOSED] from datanode 09dced90-c907-4a20-a124-e2615848b753{ip: 192.168.34.37, host: pr-hdds-2110-rdjw6-11158954, networkLocation: /default-rack, certSerialId: null}. Reason : 09dced90-c907-4a20-a124-e2615848b753 has not seen follower/s e1cfcbeb-5224-4a9d-b080-993c6a3e7f1d for 139935ms
2019-09-17 09:43:29,738 [EventQueue-PipelineActionsForPipelineActionHandler] INFO  pipeline.SCMPipelineManager (SCMPipelineManager.java:finalizeAndDestroyPipeline(311)) - destroying pipeline:Pipeline[ Id: 87d2a377-5e00-4cf9-9bfa-b653656075c6, Nodes: f9962b5d-8f72-4ed2-8dfc-2c7675abb12a{ip: 192.168.34.37, host: pr-hdds-2110-rdjw6-11158954, networkLocation: /default-rack, certSerialId: null}e1cfcbeb-5224-4a9d-b080-993c6a3e7f1d{ip: 192.168.34.37, host: pr-hdds-2110-rdjw6-11158954, networkLocation: /default-rack, certSerialId: null}09dced90-c907-4a20-a124-e2615848b753{ip: 192.168.34.37, host: pr-hdds-2110-rdjw6-11158954, networkLocation: /default-rack, certSerialId: null}, Type:RATIS, Factor:THREE, State:CLOSED]
2019-09-17 09:43:29,750 [java.util.concurrent.ThreadPoolExecutor$Worker@54d1f8b0[State = -1, empty queue]] WARN  server.GrpcLogAppender (GrpcLogAppender.java:timeoutAppendRequest(200)) - 09dced90-c907-4a20-a124-e2615848b753@group-B653656075C6->e1cfcbeb-5224-4a9d-b080-993c6a3e7f1d-GrpcLogAppender: appendEntries Timeout, request=09dced90-c907-4a20-a124-e2615848b753->e1cfcbeb-5224-4a9d-b080-993c6a3e7f1d#69-t2, previous=(t:2, i:14), leaderCommit=10, initializing? false, entries: <empty>
2019-09-17 09:43:29,767 [09dced90-c907-4a20-a124-e2615848b753@group-B653656075C6-SegmentedRaftLogWorker] WARN  segmented.SegmentedRaftLogWorker (SegmentedRaftLogWorker.java:getFromFuture(90)) - Timeout 13/~
org.apache.ratis.protocol.TimeoutIOException: Timeout 10s: WriteLog:12: (t:2, i:12), STATEMACHINELOGENTRY, client-004905AEEAE3, cid=22-writeStateMachineData
	at org.apache.ratis.util.IOUtils.getFromFuture(IOUtils.java:87)
	at org.apache.ratis.server.raftlog.segmented.SegmentedRaftLogWorker$StateMachineDataPolicy.getFromFuture(SegmentedRaftLogWorker.java:87)
	at org.apache.ratis.server.raftlog.segmented.SegmentedRaftLogWorker$WriteLog.execute(SegmentedRaftLogWorker.java:477)
	at org.apache.ratis.server.raftlog.segmented.SegmentedRaftLogWorker.run(SegmentedRaftLogWorker.java:289)
	at java.lang.Thread.run(Thread.java:748)
Caused by: java.util.concurrent.TimeoutException
	at java.util.concurrent.CompletableFuture.timedGet(CompletableFuture.java:1771)
	at java.util.concurrent.CompletableFuture.get(CompletableFuture.java:1915)
	at org.apache.ratis.util.IOUtils.getFromFuture(IOUtils.java:79)
	... 4 more
2019-09-17 09:43:29,774 [e1cfcbeb-5224-4a9d-b080-993c6a3e7f1d@group-B653656075C6-SegmentedRaftLogWorker] WARN  segmented.SegmentedRaftLogWorker (SegmentedRaftLogWorker.java:getFromFuture(90)) - Timeout 13/~
org.apache.ratis.protocol.TimeoutIOException: Timeout 10s: WriteLog:12: (t:2, i:12), STATEMACHINELOGENTRY, client-004905AEEAE3, cid=22-writeStateMachineData
	at org.apache.ratis.util.IOUtils.getFromFuture(IOUtils.java:87)
	at org.apache.ratis.server.raftlog.segmented.SegmentedRaftLogWorker$StateMachineDataPolicy.getFromFuture(SegmentedRaftLogWorker.java:87)
	at org.apache.ratis.server.raftlog.segmented.SegmentedRaftLogWorker$WriteLog.execute(SegmentedRaftLogWorker.java:477)
	at org.apache.ratis.server.raftlog.segmented.SegmentedRaftLogWorker.run(SegmentedRaftLogWorker.java:289)
	at java.lang.Thread.run(Thread.java:748)
Caused by: java.util.concurrent.TimeoutException
	at java.util.concurrent.CompletableFuture.timedGet(CompletableFuture.java:1771)
	at java.util.concurrent.CompletableFuture.get(CompletableFuture.java:1915)
	at org.apache.ratis.util.IOUtils.getFromFuture(IOUtils.java:79)
	... 4 more
2019-09-17 09:43:31,057 [grpc-default-executor-0] INFO  client.GrpcClientProtocolClient (GrpcClientProtocolClient.java:onNext(264)) - client-004905AEEAE3->e1cfcbeb-5224-4a9d-b080-993c6a3e7f1d: receive RaftClientReply:client-004905AEEAE3->e1cfcbeb-5224-4a9d-b080-993c6a3e7f1d@group-B653656075C6, cid=21, FAILED org.apache.ratis.protocol.NotLeaderException: Server e1cfcbeb-5224-4a9d-b080-993c6a3e7f1d@group-B653656075C6 is not the leader 09dced90-c907-4a20-a124-e2615848b753:192.168.34.37:39974, logIndex=0, commits[e1cfcbeb-5224-4a9d-b080-993c6a3e7f1d:c10, f9962b5d-8f72-4ed2-8dfc-2c7675abb12a:c10, 09dced90-c907-4a20-a124-e2615848b753:c10]
2019-09-17 09:43:31,753 [org.apache.ratis.server.impl.LogAppender$AppenderDaemon$$Lambda$551/1176976340@37c85f1f] ERROR ratis.XceiverServerRatis (XceiverServerRatis.java:triggerPipelineClose(568)) - pipeline Action CLOSE  on pipeline PipelineID=87d2a377-5e00-4cf9-9bfa-b653656075c6.Reason : 09dced90-c907-4a20-a124-e2615848b753 has not seen follower/s e1cfcbeb-5224-4a9d-b080-993c6a3e7f1d for 142436ms
2019-09-17 09:43:32,252 [java.util.concurrent.ThreadPoolExecutor$Worker@54d1f8b0[State = -1, empty queue]] WARN  server.GrpcLogAppender (GrpcLogAppender.java:timeoutAppendRequest(200)) - 09dced90-c907-4a20-a124-e2615848b753@group-B653656075C6->e1cfcbeb-5224-4a9d-b080-993c6a3e7f1d-GrpcLogAppender: appendEntries Timeout, request=09dced90-c907-4a20-a124-e2615848b753->e1cfcbeb-5224-4a9d-b080-993c6a3e7f1d#70-t2, previous=(t:2, i:14), leaderCommit=10, initializing? false, entries: <empty>
2019-09-17 09:43:32,734 [EventQueue-PipelineActionsForPipelineActionHandler] ERROR pipeline.PipelineActionHandler (PipelineActionHandler.java:onMessage(60)) - Received pipeline action CLOSE for Pipeline[ Id: 87d2a377-5e00-4cf9-9bfa-b653656075c6, Nodes: f9962b5d-8f72-4ed2-8dfc-2c7675abb12a{ip: 192.168.34.37, host: pr-hdds-2110-rdjw6-11158954, networkLocation: /default-rack, certSerialId: null}e1cfcbeb-5224-4a9d-b080-993c6a3e7f1d{ip: 192.168.34.37, host: pr-hdds-2110-rdjw6-11158954, networkLocation: /default-rack, certSerialId: null}09dced90-c907-4a20-a124-e2615848b753{ip: 192.168.34.37, host: pr-hdds-2110-rdjw6-11158954, networkLocation: /default-rack, certSerialId: null}, Type:RATIS, Factor:THREE, State:CLOSED] from datanode 09dced90-c907-4a20-a124-e2615848b753{ip: 192.168.34.37, host: pr-hdds-2110-rdjw6-11158954, networkLocation: /default-rack, certSerialId: null}. Reason : 09dced90-c907-4a20-a124-e2615848b753 has not seen follower/s e1cfcbeb-5224-4a9d-b080-993c6a3e7f1d for 142436ms
2019-09-17 09:43:32,734 [EventQueue-PipelineActionsForPipelineActionHandler] INFO  pipeline.SCMPipelineManager (SCMPipelineManager.java:finalizeAndDestroyPipeline(311)) - destroying pipeline:Pipeline[ Id: 87d2a377-5e00-4cf9-9bfa-b653656075c6, Nodes: f9962b5d-8f72-4ed2-8dfc-2c7675abb12a{ip: 192.168.34.37, host: pr-hdds-2110-rdjw6-11158954, networkLocation: /default-rack, certSerialId: null}e1cfcbeb-5224-4a9d-b080-993c6a3e7f1d{ip: 192.168.34.37, host: pr-hdds-2110-rdjw6-11158954, networkLocation: /default-rack, certSerialId: null}09dced90-c907-4a20-a124-e2615848b753{ip: 192.168.34.37, host: pr-hdds-2110-rdjw6-11158954, networkLocation: /default-rack, certSerialId: null}, Type:RATIS, Factor:THREE, State:CLOSED]
2019-09-17 09:43:34,256 [org.apache.ratis.server.impl.LogAppender$AppenderDaemon$$Lambda$551/1176976340@37c85f1f] ERROR ratis.XceiverServerRatis (XceiverServerRatis.java:triggerPipelineClose(568)) - pipeline Action CLOSE  on pipeline PipelineID=87d2a377-5e00-4cf9-9bfa-b653656075c6.Reason : 09dced90-c907-4a20-a124-e2615848b753 has not seen follower/s e1cfcbeb-5224-4a9d-b080-993c6a3e7f1d for 144938ms
2019-09-17 09:43:34,734 [EventQueue-PipelineActionsForPipelineActionHandler] ERROR pipeline.PipelineActionHandler (PipelineActionHandler.java:onMessage(60)) - Received pipeline action CLOSE for Pipeline[ Id: 87d2a377-5e00-4cf9-9bfa-b653656075c6, Nodes: f9962b5d-8f72-4ed2-8dfc-2c7675abb12a{ip: 192.168.34.37, host: pr-hdds-2110-rdjw6-11158954, networkLocation: /default-rack, certSerialId: null}e1cfcbeb-5224-4a9d-b080-993c6a3e7f1d{ip: 192.168.34.37, host: pr-hdds-2110-rdjw6-11158954, networkLocation: /default-rack, certSerialId: null}09dced90-c907-4a20-a124-e2615848b753{ip: 192.168.34.37, host: pr-hdds-2110-rdjw6-11158954, networkLocation: /default-rack, certSerialId: null}, Type:RATIS, Factor:THREE, State:CLOSED] from datanode 09dced90-c907-4a20-a124-e2615848b753{ip: 192.168.34.37, host: pr-hdds-2110-rdjw6-11158954, networkLocation: /default-rack, certSerialId: null}. Reason : 09dced90-c907-4a20-a124-e2615848b753 has not seen follower/s e1cfcbeb-5224-4a9d-b080-993c6a3e7f1d for 144938ms
2019-09-17 09:43:34,738 [EventQueue-PipelineActionsForPipelineActionHandler] INFO  pipeline.SCMPipelineManager (SCMPipelineManager.java:finalizeAndDestroyPipeline(311)) - destroying pipeline:Pipeline[ Id: 87d2a377-5e00-4cf9-9bfa-b653656075c6, Nodes: f9962b5d-8f72-4ed2-8dfc-2c7675abb12a{ip: 192.168.34.37, host: pr-hdds-2110-rdjw6-11158954, networkLocation: /default-rack, certSerialId: null}e1cfcbeb-5224-4a9d-b080-993c6a3e7f1d{ip: 192.168.34.37, host: pr-hdds-2110-rdjw6-11158954, networkLocation: /default-rack, certSerialId: null}09dced90-c907-4a20-a124-e2615848b753{ip: 192.168.34.37, host: pr-hdds-2110-rdjw6-11158954, networkLocation: /default-rack, certSerialId: null}, Type:RATIS, Factor:THREE, State:CLOSED]
2019-09-17 09:43:34,753 [java.util.concurrent.ThreadPoolExecutor$Worker@54d1f8b0[State = -1, empty queue]] WARN  server.GrpcLogAppender (GrpcLogAppender.java:timeoutAppendRequest(200)) - 09dced90-c907-4a20-a124-e2615848b753@group-B653656075C6->e1cfcbeb-5224-4a9d-b080-993c6a3e7f1d-GrpcLogAppender: appendEntries Timeout, request=09dced90-c907-4a20-a124-e2615848b753->e1cfcbeb-5224-4a9d-b080-993c6a3e7f1d#71-t2, previous=(t:2, i:14), leaderCommit=10, initializing? false, entries: <empty>
2019-09-17 09:43:36,102 [grpc-default-executor-2] INFO  client.GrpcClientProtocolClient (GrpcClientProtocolClient.java:onNext(264)) - client-004905AEEAE3->e1cfcbeb-5224-4a9d-b080-993c6a3e7f1d: receive RaftClientReply:client-004905AEEAE3->e1cfcbeb-5224-4a9d-b080-993c6a3e7f1d@group-B653656075C6, cid=21, FAILED org.apache.ratis.protocol.NotLeaderException: Server e1cfcbeb-5224-4a9d-b080-993c6a3e7f1d@group-B653656075C6 is not the leader 09dced90-c907-4a20-a124-e2615848b753:192.168.34.37:39974, logIndex=0, commits[e1cfcbeb-5224-4a9d-b080-993c6a3e7f1d:c10, f9962b5d-8f72-4ed2-8dfc-2c7675abb12a:c10, 09dced90-c907-4a20-a124-e2615848b753:c10]
2019-09-17 09:43:36,756 [org.apache.ratis.server.impl.LogAppender$AppenderDaemon$$Lambda$551/1176976340@37c85f1f] ERROR ratis.XceiverServerRatis (XceiverServerRatis.java:triggerPipelineClose(568)) - pipeline Action CLOSE  on pipeline PipelineID=87d2a377-5e00-4cf9-9bfa-b653656075c6.Reason : 09dced90-c907-4a20-a124-e2615848b753 has not seen follower/s e1cfcbeb-5224-4a9d-b080-993c6a3e7f1d for 147439ms
2019-09-17 09:43:37,255 [java.util.concurrent.ThreadPoolExecutor$Worker@54d1f8b0[State = -1, empty queue]] WARN  server.GrpcLogAppender (GrpcLogAppender.java:timeoutAppendRequest(200)) - 09dced90-c907-4a20-a124-e2615848b753@group-B653656075C6->e1cfcbeb-5224-4a9d-b080-993c6a3e7f1d-GrpcLogAppender: appendEntries Timeout, request=09dced90-c907-4a20-a124-e2615848b753->e1cfcbeb-5224-4a9d-b080-993c6a3e7f1d#72-t2, previous=(t:2, i:14), leaderCommit=10, initializing? false, entries: <empty>
2019-09-17 09:43:37,734 [EventQueue-PipelineActionsForPipelineActionHandler] ERROR pipeline.PipelineActionHandler (PipelineActionHandler.java:onMessage(60)) - Received pipeline action CLOSE for Pipeline[ Id: 87d2a377-5e00-4cf9-9bfa-b653656075c6, Nodes: f9962b5d-8f72-4ed2-8dfc-2c7675abb12a{ip: 192.168.34.37, host: pr-hdds-2110-rdjw6-11158954, networkLocation: /default-rack, certSerialId: null}e1cfcbeb-5224-4a9d-b080-993c6a3e7f1d{ip: 192.168.34.37, host: pr-hdds-2110-rdjw6-11158954, networkLocation: /default-rack, certSerialId: null}09dced90-c907-4a20-a124-e2615848b753{ip: 192.168.34.37, host: pr-hdds-2110-rdjw6-11158954, networkLocation: /default-rack, certSerialId: null}, Type:RATIS, Factor:THREE, State:CLOSED] from datanode 09dced90-c907-4a20-a124-e2615848b753{ip: 192.168.34.37, host: pr-hdds-2110-rdjw6-11158954, networkLocation: /default-rack, certSerialId: null}. Reason : 09dced90-c907-4a20-a124-e2615848b753 has not seen follower/s e1cfcbeb-5224-4a9d-b080-993c6a3e7f1d for 147439ms
2019-09-17 09:43:37,734 [EventQueue-PipelineActionsForPipelineActionHandler] INFO  pipeline.SCMPipelineManager (SCMPipelineManager.java:finalizeAndDestroyPipeline(311)) - destroying pipeline:Pipeline[ Id: 87d2a377-5e00-4cf9-9bfa-b653656075c6, Nodes: f9962b5d-8f72-4ed2-8dfc-2c7675abb12a{ip: 192.168.34.37, host: pr-hdds-2110-rdjw6-11158954, networkLocation: /default-rack, certSerialId: null}e1cfcbeb-5224-4a9d-b080-993c6a3e7f1d{ip: 192.168.34.37, host: pr-hdds-2110-rdjw6-11158954, networkLocation: /default-rack, certSerialId: null}09dced90-c907-4a20-a124-e2615848b753{ip: 192.168.34.37, host: pr-hdds-2110-rdjw6-11158954, networkLocation: /default-rack, certSerialId: null}, Type:RATIS, Factor:THREE, State:CLOSED]
2019-09-17 09:43:39,258 [org.apache.ratis.server.impl.LogAppender$AppenderDaemon$$Lambda$551/1176976340@37c85f1f] ERROR ratis.XceiverServerRatis (XceiverServerRatis.java:triggerPipelineClose(568)) - pipeline Action CLOSE  on pipeline PipelineID=87d2a377-5e00-4cf9-9bfa-b653656075c6.Reason : 09dced90-c907-4a20-a124-e2615848b753 has not seen follower/s e1cfcbeb-5224-4a9d-b080-993c6a3e7f1d for 149941ms
2019-09-17 09:43:39,734 [EventQueue-PipelineActionsForPipelineActionHandler] ERROR pipeline.PipelineActionHandler (PipelineActionHandler.java:onMessage(60)) - Received pipeline action CLOSE for Pipeline[ Id: 87d2a377-5e00-4cf9-9bfa-b653656075c6, Nodes: f9962b5d-8f72-4ed2-8dfc-2c7675abb12a{ip: 192.168.34.37, host: pr-hdds-2110-rdjw6-11158954, networkLocation: /default-rack, certSerialId: null}e1cfcbeb-5224-4a9d-b080-993c6a3e7f1d{ip: 192.168.34.37, host: pr-hdds-2110-rdjw6-11158954, networkLocation: /default-rack, certSerialId: null}09dced90-c907-4a20-a124-e2615848b753{ip: 192.168.34.37, host: pr-hdds-2110-rdjw6-11158954, networkLocation: /default-rack, certSerialId: null}, Type:RATIS, Factor:THREE, State:CLOSED] from datanode 09dced90-c907-4a20-a124-e2615848b753{ip: 192.168.34.37, host: pr-hdds-2110-rdjw6-11158954, networkLocation: /default-rack, certSerialId: null}. Reason : 09dced90-c907-4a20-a124-e2615848b753 has not seen follower/s e1cfcbeb-5224-4a9d-b080-993c6a3e7f1d for 149941ms
2019-09-17 09:43:39,735 [EventQueue-PipelineActionsForPipelineActionHandler] INFO  pipeline.SCMPipelineManager (SCMPipelineManager.java:finalizeAndDestroyPipeline(311)) - destroying pipeline:Pipeline[ Id: 87d2a377-5e00-4cf9-9bfa-b653656075c6, Nodes: f9962b5d-8f72-4ed2-8dfc-2c7675abb12a{ip: 192.168.34.37, host: pr-hdds-2110-rdjw6-11158954, networkLocation: /default-rack, certSerialId: null}e1cfcbeb-5224-4a9d-b080-993c6a3e7f1d{ip: 192.168.34.37, host: pr-hdds-2110-rdjw6-11158954, networkLocation: /default-rack, certSerialId: null}09dced90-c907-4a20-a124-e2615848b753{ip: 192.168.34.37, host: pr-hdds-2110-rdjw6-11158954, networkLocation: /default-rack, certSerialId: null}, Type:RATIS, Factor:THREE, State:CLOSED]
2019-09-17 09:43:39,756 [java.util.concurrent.ThreadPoolExecutor$Worker@54d1f8b0[State = -1, empty queue]] WARN  server.GrpcLogAppender (GrpcLogAppender.java:timeoutAppendRequest(200)) - 09dced90-c907-4a20-a124-e2615848b753@group-B653656075C6->e1cfcbeb-5224-4a9d-b080-993c6a3e7f1d-GrpcLogAppender: appendEntries Timeout, request=09dced90-c907-4a20-a124-e2615848b753->e1cfcbeb-5224-4a9d-b080-993c6a3e7f1d#73-t2, previous=(t:2, i:14), leaderCommit=10, initializing? false, entries: <empty>
2019-09-17 09:43:39,770 [09dced90-c907-4a20-a124-e2615848b753@group-B653656075C6-SegmentedRaftLogWorker] WARN  segmented.SegmentedRaftLogWorker (SegmentedRaftLogWorker.java:getFromFuture(90)) - Timeout 14/~
org.apache.ratis.protocol.TimeoutIOException: Timeout 10s: WriteLog:12: (t:2, i:12), STATEMACHINELOGENTRY, client-004905AEEAE3, cid=22-writeStateMachineData
	at org.apache.ratis.util.IOUtils.getFromFuture(IOUtils.java:87)
	at org.apache.ratis.server.raftlog.segmented.SegmentedRaftLogWorker$StateMachineDataPolicy.getFromFuture(SegmentedRaftLogWorker.java:87)
	at org.apache.ratis.server.raftlog.segmented.SegmentedRaftLogWorker$WriteLog.execute(SegmentedRaftLogWorker.java:477)
	at org.apache.ratis.server.raftlog.segmented.SegmentedRaftLogWorker.run(SegmentedRaftLogWorker.java:289)
	at java.lang.Thread.run(Thread.java:748)
Caused by: java.util.concurrent.TimeoutException
	at java.util.concurrent.CompletableFuture.timedGet(CompletableFuture.java:1771)
	at java.util.concurrent.CompletableFuture.get(CompletableFuture.java:1915)
	at org.apache.ratis.util.IOUtils.getFromFuture(IOUtils.java:79)
	... 4 more
2019-09-17 09:43:39,775 [e1cfcbeb-5224-4a9d-b080-993c6a3e7f1d@group-B653656075C6-SegmentedRaftLogWorker] WARN  segmented.SegmentedRaftLogWorker (SegmentedRaftLogWorker.java:getFromFuture(90)) - Timeout 14/~
org.apache.ratis.protocol.TimeoutIOException: Timeout 10s: WriteLog:12: (t:2, i:12), STATEMACHINELOGENTRY, client-004905AEEAE3, cid=22-writeStateMachineData
	at org.apache.ratis.util.IOUtils.getFromFuture(IOUtils.java:87)
	at org.apache.ratis.server.raftlog.segmented.SegmentedRaftLogWorker$StateMachineDataPolicy.getFromFuture(SegmentedRaftLogWorker.java:87)
	at org.apache.ratis.server.raftlog.segmented.SegmentedRaftLogWorker$WriteLog.execute(SegmentedRaftLogWorker.java:477)
	at org.apache.ratis.server.raftlog.segmented.SegmentedRaftLogWorker.run(SegmentedRaftLogWorker.java:289)
	at java.lang.Thread.run(Thread.java:748)
Caused by: java.util.concurrent.TimeoutException
	at java.util.concurrent.CompletableFuture.timedGet(CompletableFuture.java:1771)
	at java.util.concurrent.CompletableFuture.get(CompletableFuture.java:1915)
	at org.apache.ratis.util.IOUtils.getFromFuture(IOUtils.java:79)
	... 4 more
2019-09-17 09:43:41,159 [grpc-default-executor-2] INFO  client.GrpcClientProtocolClient (GrpcClientProtocolClient.java:onNext(264)) - client-004905AEEAE3->f9962b5d-8f72-4ed2-8dfc-2c7675abb12a: receive RaftClientReply:client-004905AEEAE3->f9962b5d-8f72-4ed2-8dfc-2c7675abb12a@group-B653656075C6, cid=21, FAILED org.apache.ratis.protocol.NotLeaderException: Server f9962b5d-8f72-4ed2-8dfc-2c7675abb12a@group-B653656075C6 is not the leader 09dced90-c907-4a20-a124-e2615848b753:192.168.34.37:39974, logIndex=0, commits[f9962b5d-8f72-4ed2-8dfc-2c7675abb12a:c10, e1cfcbeb-5224-4a9d-b080-993c6a3e7f1d:c6, 09dced90-c907-4a20-a124-e2615848b753:c10]
2019-09-17 09:43:41,759 [org.apache.ratis.server.impl.LogAppender$AppenderDaemon$$Lambda$551/1176976340@37c85f1f] ERROR ratis.XceiverServerRatis (XceiverServerRatis.java:triggerPipelineClose(568)) - pipeline Action CLOSE  on pipeline PipelineID=87d2a377-5e00-4cf9-9bfa-b653656075c6.Reason : 09dced90-c907-4a20-a124-e2615848b753 has not seen follower/s e1cfcbeb-5224-4a9d-b080-993c6a3e7f1d for 152442ms
2019-09-17 09:43:42,258 [java.util.concurrent.ThreadPoolExecutor$Worker@54d1f8b0[State = -1, empty queue]] WARN  server.GrpcLogAppender (GrpcLogAppender.java:timeoutAppendRequest(200)) - 09dced90-c907-4a20-a124-e2615848b753@group-B653656075C6->e1cfcbeb-5224-4a9d-b080-993c6a3e7f1d-GrpcLogAppender: appendEntries Timeout, request=09dced90-c907-4a20-a124-e2615848b753->e1cfcbeb-5224-4a9d-b080-993c6a3e7f1d#74-t2, previous=(t:2, i:14), leaderCommit=10, initializing? false, entries: <empty>
2019-09-17 09:43:42,734 [EventQueue-PipelineActionsForPipelineActionHandler] ERROR pipeline.PipelineActionHandler (PipelineActionHandler.java:onMessage(60)) - Received pipeline action CLOSE for Pipeline[ Id: 87d2a377-5e00-4cf9-9bfa-b653656075c6, Nodes: f9962b5d-8f72-4ed2-8dfc-2c7675abb12a{ip: 192.168.34.37, host: pr-hdds-2110-rdjw6-11158954, networkLocation: /default-rack, certSerialId: null}e1cfcbeb-5224-4a9d-b080-993c6a3e7f1d{ip: 192.168.34.37, host: pr-hdds-2110-rdjw6-11158954, networkLocation: /default-rack, certSerialId: null}09dced90-c907-4a20-a124-e2615848b753{ip: 192.168.34.37, host: pr-hdds-2110-rdjw6-11158954, networkLocation: /default-rack, certSerialId: null}, Type:RATIS, Factor:THREE, State:CLOSED] from datanode 09dced90-c907-4a20-a124-e2615848b753{ip: 192.168.34.37, host: pr-hdds-2110-rdjw6-11158954, networkLocation: /default-rack, certSerialId: null}. Reason : 09dced90-c907-4a20-a124-e2615848b753 has not seen follower/s e1cfcbeb-5224-4a9d-b080-993c6a3e7f1d for 152442ms
2019-09-17 09:43:42,734 [EventQueue-PipelineActionsForPipelineActionHandler] INFO  pipeline.SCMPipelineManager (SCMPipelineManager.java:finalizeAndDestroyPipeline(311)) - destroying pipeline:Pipeline[ Id: 87d2a377-5e00-4cf9-9bfa-b653656075c6, Nodes: f9962b5d-8f72-4ed2-8dfc-2c7675abb12a{ip: 192.168.34.37, host: pr-hdds-2110-rdjw6-11158954, networkLocation: /default-rack, certSerialId: null}e1cfcbeb-5224-4a9d-b080-993c6a3e7f1d{ip: 192.168.34.37, host: pr-hdds-2110-rdjw6-11158954, networkLocation: /default-rack, certSerialId: null}09dced90-c907-4a20-a124-e2615848b753{ip: 192.168.34.37, host: pr-hdds-2110-rdjw6-11158954, networkLocation: /default-rack, certSerialId: null}, Type:RATIS, Factor:THREE, State:CLOSED]
2019-09-17 09:43:44,260 [org.apache.ratis.server.impl.LogAppender$AppenderDaemon$$Lambda$551/1176976340@37c85f1f] ERROR ratis.XceiverServerRatis (XceiverServerRatis.java:triggerPipelineClose(568)) - pipeline Action CLOSE  on pipeline PipelineID=87d2a377-5e00-4cf9-9bfa-b653656075c6.Reason : 09dced90-c907-4a20-a124-e2615848b753 has not seen follower/s e1cfcbeb-5224-4a9d-b080-993c6a3e7f1d for 154943ms
2019-09-17 09:43:44,733 [EventQueue-PipelineActionsForPipelineActionHandler] ERROR pipeline.PipelineActionHandler (PipelineActionHandler.java:onMessage(60)) - Received pipeline action CLOSE for Pipeline[ Id: 87d2a377-5e00-4cf9-9bfa-b653656075c6, Nodes: f9962b5d-8f72-4ed2-8dfc-2c7675abb12a{ip: 192.168.34.37, host: pr-hdds-2110-rdjw6-11158954, networkLocation: /default-rack, certSerialId: null}e1cfcbeb-5224-4a9d-b080-993c6a3e7f1d{ip: 192.168.34.37, host: pr-hdds-2110-rdjw6-11158954, networkLocation: /default-rack, certSerialId: null}09dced90-c907-4a20-a124-e2615848b753{ip: 192.168.34.37, host: pr-hdds-2110-rdjw6-11158954, networkLocation: /default-rack, certSerialId: null}, Type:RATIS, Factor:THREE, State:CLOSED] from datanode 09dced90-c907-4a20-a124-e2615848b753{ip: 192.168.34.37, host: pr-hdds-2110-rdjw6-11158954, networkLocation: /default-rack, certSerialId: null}. Reason : 09dced90-c907-4a20-a124-e2615848b753 has not seen follower/s e1cfcbeb-5224-4a9d-b080-993c6a3e7f1d for 154943ms
2019-09-17 09:43:44,734 [EventQueue-PipelineActionsForPipelineActionHandler] INFO  pipeline.SCMPipelineManager (SCMPipelineManager.java:finalizeAndDestroyPipeline(311)) - destroying pipeline:Pipeline[ Id: 87d2a377-5e00-4cf9-9bfa-b653656075c6, Nodes: f9962b5d-8f72-4ed2-8dfc-2c7675abb12a{ip: 192.168.34.37, host: pr-hdds-2110-rdjw6-11158954, networkLocation: /default-rack, certSerialId: null}e1cfcbeb-5224-4a9d-b080-993c6a3e7f1d{ip: 192.168.34.37, host: pr-hdds-2110-rdjw6-11158954, networkLocation: /default-rack, certSerialId: null}09dced90-c907-4a20-a124-e2615848b753{ip: 192.168.34.37, host: pr-hdds-2110-rdjw6-11158954, networkLocation: /default-rack, certSerialId: null}, Type:RATIS, Factor:THREE, State:CLOSED]
2019-09-17 09:43:44,759 [java.util.concurrent.ThreadPoolExecutor$Worker@54d1f8b0[State = -1, empty queue]] WARN  server.GrpcLogAppender (GrpcLogAppender.java:timeoutAppendRequest(200)) - 09dced90-c907-4a20-a124-e2615848b753@group-B653656075C6->e1cfcbeb-5224-4a9d-b080-993c6a3e7f1d-GrpcLogAppender: appendEntries Timeout, request=09dced90-c907-4a20-a124-e2615848b753->e1cfcbeb-5224-4a9d-b080-993c6a3e7f1d#75-t2, previous=(t:2, i:14), leaderCommit=10, initializing? false, entries: <empty>
2019-09-17 09:43:46,206 [grpc-default-executor-2] INFO  client.GrpcClientProtocolClient (GrpcClientProtocolClient.java:onNext(264)) - client-004905AEEAE3->e1cfcbeb-5224-4a9d-b080-993c6a3e7f1d: receive RaftClientReply:client-004905AEEAE3->e1cfcbeb-5224-4a9d-b080-993c6a3e7f1d@group-B653656075C6, cid=21, FAILED org.apache.ratis.protocol.NotLeaderException: Server e1cfcbeb-5224-4a9d-b080-993c6a3e7f1d@group-B653656075C6 is not the leader 09dced90-c907-4a20-a124-e2615848b753:192.168.34.37:39974, logIndex=0, commits[e1cfcbeb-5224-4a9d-b080-993c6a3e7f1d:c10, f9962b5d-8f72-4ed2-8dfc-2c7675abb12a:c10, 09dced90-c907-4a20-a124-e2615848b753:c10]
2019-09-17 09:43:46,762 [org.apache.ratis.server.impl.LogAppender$AppenderDaemon$$Lambda$551/1176976340@37c85f1f] ERROR ratis.XceiverServerRatis (XceiverServerRatis.java:triggerPipelineClose(568)) - pipeline Action CLOSE  on pipeline PipelineID=87d2a377-5e00-4cf9-9bfa-b653656075c6.Reason : 09dced90-c907-4a20-a124-e2615848b753 has not seen follower/s e1cfcbeb-5224-4a9d-b080-993c6a3e7f1d for 157445ms
2019-09-17 09:43:47,260 [java.util.concurrent.ThreadPoolExecutor$Worker@54d1f8b0[State = -1, empty queue]] WARN  server.GrpcLogAppender (GrpcLogAppender.java:timeoutAppendRequest(200)) - 09dced90-c907-4a20-a124-e2615848b753@group-B653656075C6->e1cfcbeb-5224-4a9d-b080-993c6a3e7f1d-GrpcLogAppender: appendEntries Timeout, request=09dced90-c907-4a20-a124-e2615848b753->e1cfcbeb-5224-4a9d-b080-993c6a3e7f1d#76-t2, previous=(t:2, i:14), leaderCommit=10, initializing? false, entries: <empty>
2019-09-17 09:43:47,734 [EventQueue-PipelineActionsForPipelineActionHandler] ERROR pipeline.PipelineActionHandler (PipelineActionHandler.java:onMessage(60)) - Received pipeline action CLOSE for Pipeline[ Id: 87d2a377-5e00-4cf9-9bfa-b653656075c6, Nodes: f9962b5d-8f72-4ed2-8dfc-2c7675abb12a{ip: 192.168.34.37, host: pr-hdds-2110-rdjw6-11158954, networkLocation: /default-rack, certSerialId: null}e1cfcbeb-5224-4a9d-b080-993c6a3e7f1d{ip: 192.168.34.37, host: pr-hdds-2110-rdjw6-11158954, networkLocation: /default-rack, certSerialId: null}09dced90-c907-4a20-a124-e2615848b753{ip: 192.168.34.37, host: pr-hdds-2110-rdjw6-11158954, networkLocation: /default-rack, certSerialId: null}, Type:RATIS, Factor:THREE, State:CLOSED] from datanode 09dced90-c907-4a20-a124-e2615848b753{ip: 192.168.34.37, host: pr-hdds-2110-rdjw6-11158954, networkLocation: /default-rack, certSerialId: null}. Reason : 09dced90-c907-4a20-a124-e2615848b753 has not seen follower/s e1cfcbeb-5224-4a9d-b080-993c6a3e7f1d for 157445ms
2019-09-17 09:43:47,734 [EventQueue-PipelineActionsForPipelineActionHandler] INFO  pipeline.SCMPipelineManager (SCMPipelineManager.java:finalizeAndDestroyPipeline(311)) - destroying pipeline:Pipeline[ Id: 87d2a377-5e00-4cf9-9bfa-b653656075c6, Nodes: f9962b5d-8f72-4ed2-8dfc-2c7675abb12a{ip: 192.168.34.37, host: pr-hdds-2110-rdjw6-11158954, networkLocation: /default-rack, certSerialId: null}e1cfcbeb-5224-4a9d-b080-993c6a3e7f1d{ip: 192.168.34.37, host: pr-hdds-2110-rdjw6-11158954, networkLocation: /default-rack, certSerialId: null}09dced90-c907-4a20-a124-e2615848b753{ip: 192.168.34.37, host: pr-hdds-2110-rdjw6-11158954, networkLocation: /default-rack, certSerialId: null}, Type:RATIS, Factor:THREE, State:CLOSED]
2019-09-17 09:43:49,264 [org.apache.ratis.server.impl.LogAppender$AppenderDaemon$$Lambda$551/1176976340@37c85f1f] ERROR ratis.XceiverServerRatis (XceiverServerRatis.java:triggerPipelineClose(568)) - pipeline Action CLOSE  on pipeline PipelineID=87d2a377-5e00-4cf9-9bfa-b653656075c6.Reason : 09dced90-c907-4a20-a124-e2615848b753 has not seen follower/s e1cfcbeb-5224-4a9d-b080-993c6a3e7f1d for 159946ms
2019-09-17 09:43:49,734 [EventQueue-PipelineActionsForPipelineActionHandler] ERROR pipeline.PipelineActionHandler (PipelineActionHandler.java:onMessage(60)) - Received pipeline action CLOSE for Pipeline[ Id: 87d2a377-5e00-4cf9-9bfa-b653656075c6, Nodes: f9962b5d-8f72-4ed2-8dfc-2c7675abb12a{ip: 192.168.34.37, host: pr-hdds-2110-rdjw6-11158954, networkLocation: /default-rack, certSerialId: null}e1cfcbeb-5224-4a9d-b080-993c6a3e7f1d{ip: 192.168.34.37, host: pr-hdds-2110-rdjw6-11158954, networkLocation: /default-rack, certSerialId: null}09dced90-c907-4a20-a124-e2615848b753{ip: 192.168.34.37, host: pr-hdds-2110-rdjw6-11158954, networkLocation: /default-rack, certSerialId: null}, Type:RATIS, Factor:THREE, State:CLOSED] from datanode 09dced90-c907-4a20-a124-e2615848b753{ip: 192.168.34.37, host: pr-hdds-2110-rdjw6-11158954, networkLocation: /default-rack, certSerialId: null}. Reason : 09dced90-c907-4a20-a124-e2615848b753 has not seen follower/s e1cfcbeb-5224-4a9d-b080-993c6a3e7f1d for 159946ms
2019-09-17 09:43:49,734 [EventQueue-PipelineActionsForPipelineActionHandler] INFO  pipeline.SCMPipelineManager (SCMPipelineManager.java:finalizeAndDestroyPipeline(311)) - destroying pipeline:Pipeline[ Id: 87d2a377-5e00-4cf9-9bfa-b653656075c6, Nodes: f9962b5d-8f72-4ed2-8dfc-2c7675abb12a{ip: 192.168.34.37, host: pr-hdds-2110-rdjw6-11158954, networkLocation: /default-rack, certSerialId: null}e1cfcbeb-5224-4a9d-b080-993c6a3e7f1d{ip: 192.168.34.37, host: pr-hdds-2110-rdjw6-11158954, networkLocation: /default-rack, certSerialId: null}09dced90-c907-4a20-a124-e2615848b753{ip: 192.168.34.37, host: pr-hdds-2110-rdjw6-11158954, networkLocation: /default-rack, certSerialId: null}, Type:RATIS, Factor:THREE, State:CLOSED]
2019-09-17 09:43:49,762 [java.util.concurrent.ThreadPoolExecutor$Worker@54d1f8b0[State = -1, empty queue]] WARN  server.GrpcLogAppender (GrpcLogAppender.java:timeoutAppendRequest(200)) - 09dced90-c907-4a20-a124-e2615848b753@group-B653656075C6->e1cfcbeb-5224-4a9d-b080-993c6a3e7f1d-GrpcLogAppender: appendEntries Timeout, request=09dced90-c907-4a20-a124-e2615848b753->e1cfcbeb-5224-4a9d-b080-993c6a3e7f1d#77-t2, previous=(t:2, i:14), leaderCommit=10, initializing? false, entries: <empty>
2019-09-17 09:43:49,772 [09dced90-c907-4a20-a124-e2615848b753@group-B653656075C6-SegmentedRaftLogWorker] WARN  segmented.SegmentedRaftLogWorker (SegmentedRaftLogWorker.java:getFromFuture(90)) - Timeout 15/~
org.apache.ratis.protocol.TimeoutIOException: Timeout 10s: WriteLog:12: (t:2, i:12), STATEMACHINELOGENTRY, client-004905AEEAE3, cid=22-writeStateMachineData
	at org.apache.ratis.util.IOUtils.getFromFuture(IOUtils.java:87)
	at org.apache.ratis.server.raftlog.segmented.SegmentedRaftLogWorker$StateMachineDataPolicy.getFromFuture(SegmentedRaftLogWorker.java:87)
	at org.apache.ratis.server.raftlog.segmented.SegmentedRaftLogWorker$WriteLog.execute(SegmentedRaftLogWorker.java:477)
	at org.apache.ratis.server.raftlog.segmented.SegmentedRaftLogWorker.run(SegmentedRaftLogWorker.java:289)
	at java.lang.Thread.run(Thread.java:748)
Caused by: java.util.concurrent.TimeoutException
	at java.util.concurrent.CompletableFuture.timedGet(CompletableFuture.java:1771)
	at java.util.concurrent.CompletableFuture.get(CompletableFuture.java:1915)
	at org.apache.ratis.util.IOUtils.getFromFuture(IOUtils.java:79)
	... 4 more
2019-09-17 09:43:49,776 [e1cfcbeb-5224-4a9d-b080-993c6a3e7f1d@group-B653656075C6-SegmentedRaftLogWorker] WARN  segmented.SegmentedRaftLogWorker (SegmentedRaftLogWorker.java:getFromFuture(90)) - Timeout 15/~
org.apache.ratis.protocol.TimeoutIOException: Timeout 10s: WriteLog:12: (t:2, i:12), STATEMACHINELOGENTRY, client-004905AEEAE3, cid=22-writeStateMachineData
	at org.apache.ratis.util.IOUtils.getFromFuture(IOUtils.java:87)
	at org.apache.ratis.server.raftlog.segmented.SegmentedRaftLogWorker$StateMachineDataPolicy.getFromFuture(SegmentedRaftLogWorker.java:87)
	at org.apache.ratis.server.raftlog.segmented.SegmentedRaftLogWorker$WriteLog.execute(SegmentedRaftLogWorker.java:477)
	at org.apache.ratis.server.raftlog.segmented.SegmentedRaftLogWorker.run(SegmentedRaftLogWorker.java:289)
	at java.lang.Thread.run(Thread.java:748)
Caused by: java.util.concurrent.TimeoutException
	at java.util.concurrent.CompletableFuture.timedGet(CompletableFuture.java:1771)
	at java.util.concurrent.CompletableFuture.get(CompletableFuture.java:1915)
	at org.apache.ratis.util.IOUtils.getFromFuture(IOUtils.java:79)
	... 4 more
2019-09-17 09:43:51,252 [grpc-default-executor-2] INFO  client.GrpcClientProtocolClient (GrpcClientProtocolClient.java:onNext(264)) - client-004905AEEAE3->f9962b5d-8f72-4ed2-8dfc-2c7675abb12a: receive RaftClientReply:client-004905AEEAE3->f9962b5d-8f72-4ed2-8dfc-2c7675abb12a@group-B653656075C6, cid=21, FAILED org.apache.ratis.protocol.NotLeaderException: Server f9962b5d-8f72-4ed2-8dfc-2c7675abb12a@group-B653656075C6 is not the leader 09dced90-c907-4a20-a124-e2615848b753:192.168.34.37:39974, logIndex=0, commits[f9962b5d-8f72-4ed2-8dfc-2c7675abb12a:c10, e1cfcbeb-5224-4a9d-b080-993c6a3e7f1d:c6, 09dced90-c907-4a20-a124-e2615848b753:c10]
2019-09-17 09:43:51,766 [org.apache.ratis.server.impl.LogAppender$AppenderDaemon$$Lambda$551/1176976340@37c85f1f] ERROR ratis.XceiverServerRatis (XceiverServerRatis.java:triggerPipelineClose(568)) - pipeline Action CLOSE  on pipeline PipelineID=87d2a377-5e00-4cf9-9bfa-b653656075c6.Reason : 09dced90-c907-4a20-a124-e2615848b753 has not seen follower/s e1cfcbeb-5224-4a9d-b080-993c6a3e7f1d for 162449ms
2019-09-17 09:43:52,264 [java.util.concurrent.ThreadPoolExecutor$Worker@54d1f8b0[State = -1, empty queue]] WARN  server.GrpcLogAppender (GrpcLogAppender.java:timeoutAppendRequest(200)) - 09dced90-c907-4a20-a124-e2615848b753@group-B653656075C6->e1cfcbeb-5224-4a9d-b080-993c6a3e7f1d-GrpcLogAppender: appendEntries Timeout, request=09dced90-c907-4a20-a124-e2615848b753->e1cfcbeb-5224-4a9d-b080-993c6a3e7f1d#78-t2, previous=(t:2, i:14), leaderCommit=10, initializing? false, entries: <empty>
2019-09-17 09:43:52,734 [EventQueue-PipelineActionsForPipelineActionHandler] ERROR pipeline.PipelineActionHandler (PipelineActionHandler.java:onMessage(60)) - Received pipeline action CLOSE for Pipeline[ Id: 87d2a377-5e00-4cf9-9bfa-b653656075c6, Nodes: f9962b5d-8f72-4ed2-8dfc-2c7675abb12a{ip: 192.168.34.37, host: pr-hdds-2110-rdjw6-11158954, networkLocation: /default-rack, certSerialId: null}e1cfcbeb-5224-4a9d-b080-993c6a3e7f1d{ip: 192.168.34.37, host: pr-hdds-2110-rdjw6-11158954, networkLocation: /default-rack, certSerialId: null}09dced90-c907-4a20-a124-e2615848b753{ip: 192.168.34.37, host: pr-hdds-2110-rdjw6-11158954, networkLocation: /default-rack, certSerialId: null}, Type:RATIS, Factor:THREE, State:CLOSED] from datanode 09dced90-c907-4a20-a124-e2615848b753{ip: 192.168.34.37, host: pr-hdds-2110-rdjw6-11158954, networkLocation: /default-rack, certSerialId: null}. Reason : 09dced90-c907-4a20-a124-e2615848b753 has not seen follower/s e1cfcbeb-5224-4a9d-b080-993c6a3e7f1d for 162449ms
2019-09-17 09:43:52,735 [EventQueue-PipelineActionsForPipelineActionHandler] INFO  pipeline.SCMPipelineManager (SCMPipelineManager.java:finalizeAndDestroyPipeline(311)) - destroying pipeline:Pipeline[ Id: 87d2a377-5e00-4cf9-9bfa-b653656075c6, Nodes: f9962b5d-8f72-4ed2-8dfc-2c7675abb12a{ip: 192.168.34.37, host: pr-hdds-2110-rdjw6-11158954, networkLocation: /default-rack, certSerialId: null}e1cfcbeb-5224-4a9d-b080-993c6a3e7f1d{ip: 192.168.34.37, host: pr-hdds-2110-rdjw6-11158954, networkLocation: /default-rack, certSerialId: null}09dced90-c907-4a20-a124-e2615848b753{ip: 192.168.34.37, host: pr-hdds-2110-rdjw6-11158954, networkLocation: /default-rack, certSerialId: null}, Type:RATIS, Factor:THREE, State:CLOSED]
2019-09-17 09:43:54,268 [org.apache.ratis.server.impl.LogAppender$AppenderDaemon$$Lambda$551/1176976340@37c85f1f] ERROR ratis.XceiverServerRatis (XceiverServerRatis.java:triggerPipelineClose(568)) - pipeline Action CLOSE  on pipeline PipelineID=87d2a377-5e00-4cf9-9bfa-b653656075c6.Reason : 09dced90-c907-4a20-a124-e2615848b753 has not seen follower/s e1cfcbeb-5224-4a9d-b080-993c6a3e7f1d for 164950ms
2019-09-17 09:43:54,734 [EventQueue-PipelineActionsForPipelineActionHandler] ERROR pipeline.PipelineActionHandler (PipelineActionHandler.java:onMessage(60)) - Received pipeline action CLOSE for Pipeline[ Id: 87d2a377-5e00-4cf9-9bfa-b653656075c6, Nodes: f9962b5d-8f72-4ed2-8dfc-2c7675abb12a{ip: 192.168.34.37, host: pr-hdds-2110-rdjw6-11158954, networkLocation: /default-rack, certSerialId: null}e1cfcbeb-5224-4a9d-b080-993c6a3e7f1d{ip: 192.168.34.37, host: pr-hdds-2110-rdjw6-11158954, networkLocation: /default-rack, certSerialId: null}09dced90-c907-4a20-a124-e2615848b753{ip: 192.168.34.37, host: pr-hdds-2110-rdjw6-11158954, networkLocation: /default-rack, certSerialId: null}, Type:RATIS, Factor:THREE, State:CLOSED] from datanode 09dced90-c907-4a20-a124-e2615848b753{ip: 192.168.34.37, host: pr-hdds-2110-rdjw6-11158954, networkLocation: /default-rack, certSerialId: null}. Reason : 09dced90-c907-4a20-a124-e2615848b753 has not seen follower/s e1cfcbeb-5224-4a9d-b080-993c6a3e7f1d for 164950ms
2019-09-17 09:43:54,734 [EventQueue-PipelineActionsForPipelineActionHandler] INFO  pipeline.SCMPipelineManager (SCMPipelineManager.java:finalizeAndDestroyPipeline(311)) - destroying pipeline:Pipeline[ Id: 87d2a377-5e00-4cf9-9bfa-b653656075c6, Nodes: f9962b5d-8f72-4ed2-8dfc-2c7675abb12a{ip: 192.168.34.37, host: pr-hdds-2110-rdjw6-11158954, networkLocation: /default-rack, certSerialId: null}e1cfcbeb-5224-4a9d-b080-993c6a3e7f1d{ip: 192.168.34.37, host: pr-hdds-2110-rdjw6-11158954, networkLocation: /default-rack, certSerialId: null}09dced90-c907-4a20-a124-e2615848b753{ip: 192.168.34.37, host: pr-hdds-2110-rdjw6-11158954, networkLocation: /default-rack, certSerialId: null}, Type:RATIS, Factor:THREE, State:CLOSED]
2019-09-17 09:43:54,766 [java.util.concurrent.ThreadPoolExecutor$Worker@54d1f8b0[State = -1, empty queue]] WARN  server.GrpcLogAppender (GrpcLogAppender.java:timeoutAppendRequest(200)) - 09dced90-c907-4a20-a124-e2615848b753@group-B653656075C6->e1cfcbeb-5224-4a9d-b080-993c6a3e7f1d-GrpcLogAppender: appendEntries Timeout, request=09dced90-c907-4a20-a124-e2615848b753->e1cfcbeb-5224-4a9d-b080-993c6a3e7f1d#79-t2, previous=(t:2, i:14), leaderCommit=10, initializing? false, entries: <empty>
2019-09-17 09:43:56,310 [grpc-default-executor-2] INFO  client.GrpcClientProtocolClient (GrpcClientProtocolClient.java:onNext(264)) - client-004905AEEAE3->f9962b5d-8f72-4ed2-8dfc-2c7675abb12a: receive RaftClientReply:client-004905AEEAE3->f9962b5d-8f72-4ed2-8dfc-2c7675abb12a@group-B653656075C6, cid=21, FAILED org.apache.ratis.protocol.NotLeaderException: Server f9962b5d-8f72-4ed2-8dfc-2c7675abb12a@group-B653656075C6 is not the leader 09dced90-c907-4a20-a124-e2615848b753:192.168.34.37:39974, logIndex=0, commits[f9962b5d-8f72-4ed2-8dfc-2c7675abb12a:c10, e1cfcbeb-5224-4a9d-b080-993c6a3e7f1d:c6, 09dced90-c907-4a20-a124-e2615848b753:c10]
2019-09-17 09:43:56,768 [org.apache.ratis.server.impl.LogAppender$AppenderDaemon$$Lambda$551/1176976340@37c85f1f] ERROR ratis.XceiverServerRatis (XceiverServerRatis.java:triggerPipelineClose(568)) - pipeline Action CLOSE  on pipeline PipelineID=87d2a377-5e00-4cf9-9bfa-b653656075c6.Reason : 09dced90-c907-4a20-a124-e2615848b753 has not seen follower/s e1cfcbeb-5224-4a9d-b080-993c6a3e7f1d for 167451ms
2019-09-17 09:43:57,267 [java.util.concurrent.ThreadPoolExecutor$Worker@54d1f8b0[State = -1, empty queue]] WARN  server.GrpcLogAppender (GrpcLogAppender.java:timeoutAppendRequest(200)) - 09dced90-c907-4a20-a124-e2615848b753@group-B653656075C6->e1cfcbeb-5224-4a9d-b080-993c6a3e7f1d-GrpcLogAppender: appendEntries Timeout, request=09dced90-c907-4a20-a124-e2615848b753->e1cfcbeb-5224-4a9d-b080-993c6a3e7f1d#80-t2, previous=(t:2, i:14), leaderCommit=10, initializing? false, entries: <empty>
2019-09-17 09:43:57,733 [EventQueue-PipelineActionsForPipelineActionHandler] ERROR pipeline.PipelineActionHandler (PipelineActionHandler.java:onMessage(60)) - Received pipeline action CLOSE for Pipeline[ Id: 87d2a377-5e00-4cf9-9bfa-b653656075c6, Nodes: f9962b5d-8f72-4ed2-8dfc-2c7675abb12a{ip: 192.168.34.37, host: pr-hdds-2110-rdjw6-11158954, networkLocation: /default-rack, certSerialId: null}e1cfcbeb-5224-4a9d-b080-993c6a3e7f1d{ip: 192.168.34.37, host: pr-hdds-2110-rdjw6-11158954, networkLocation: /default-rack, certSerialId: null}09dced90-c907-4a20-a124-e2615848b753{ip: 192.168.34.37, host: pr-hdds-2110-rdjw6-11158954, networkLocation: /default-rack, certSerialId: null}, Type:RATIS, Factor:THREE, State:CLOSED] from datanode 09dced90-c907-4a20-a124-e2615848b753{ip: 192.168.34.37, host: pr-hdds-2110-rdjw6-11158954, networkLocation: /default-rack, certSerialId: null}. Reason : 09dced90-c907-4a20-a124-e2615848b753 has not seen follower/s e1cfcbeb-5224-4a9d-b080-993c6a3e7f1d for 167451ms
2019-09-17 09:43:57,734 [EventQueue-PipelineActionsForPipelineActionHandler] INFO  pipeline.SCMPipelineManager (SCMPipelineManager.java:finalizeAndDestroyPipeline(311)) - destroying pipeline:Pipeline[ Id: 87d2a377-5e00-4cf9-9bfa-b653656075c6, Nodes: f9962b5d-8f72-4ed2-8dfc-2c7675abb12a{ip: 192.168.34.37, host: pr-hdds-2110-rdjw6-11158954, networkLocation: /default-rack, certSerialId: null}e1cfcbeb-5224-4a9d-b080-993c6a3e7f1d{ip: 192.168.34.37, host: pr-hdds-2110-rdjw6-11158954, networkLocation: /default-rack, certSerialId: null}09dced90-c907-4a20-a124-e2615848b753{ip: 192.168.34.37, host: pr-hdds-2110-rdjw6-11158954, networkLocation: /default-rack, certSerialId: null}, Type:RATIS, Factor:THREE, State:CLOSED]
2019-09-17 09:43:59,270 [org.apache.ratis.server.impl.LogAppender$AppenderDaemon$$Lambda$551/1176976340@37c85f1f] ERROR ratis.XceiverServerRatis (XceiverServerRatis.java:triggerPipelineClose(568)) - pipeline Action CLOSE  on pipeline PipelineID=87d2a377-5e00-4cf9-9bfa-b653656075c6.Reason : 09dced90-c907-4a20-a124-e2615848b753 has not seen follower/s e1cfcbeb-5224-4a9d-b080-993c6a3e7f1d for 169953ms
2019-09-17 09:43:59,734 [EventQueue-PipelineActionsForPipelineActionHandler] ERROR pipeline.PipelineActionHandler (PipelineActionHandler.java:onMessage(60)) - Received pipeline action CLOSE for Pipeline[ Id: 87d2a377-5e00-4cf9-9bfa-b653656075c6, Nodes: f9962b5d-8f72-4ed2-8dfc-2c7675abb12a{ip: 192.168.34.37, host: pr-hdds-2110-rdjw6-11158954, networkLocation: /default-rack, certSerialId: null}e1cfcbeb-5224-4a9d-b080-993c6a3e7f1d{ip: 192.168.34.37, host: pr-hdds-2110-rdjw6-11158954, networkLocation: /default-rack, certSerialId: null}09dced90-c907-4a20-a124-e2615848b753{ip: 192.168.34.37, host: pr-hdds-2110-rdjw6-11158954, networkLocation: /default-rack, certSerialId: null}, Type:RATIS, Factor:THREE, State:CLOSED] from datanode 09dced90-c907-4a20-a124-e2615848b753{ip: 192.168.34.37, host: pr-hdds-2110-rdjw6-11158954, networkLocation: /default-rack, certSerialId: null}. Reason : 09dced90-c907-4a20-a124-e2615848b753 has not seen follower/s e1cfcbeb-5224-4a9d-b080-993c6a3e7f1d for 169953ms
2019-09-17 09:43:59,735 [EventQueue-PipelineActionsForPipelineActionHandler] INFO  pipeline.SCMPipelineManager (SCMPipelineManager.java:finalizeAndDestroyPipeline(311)) - destroying pipeline:Pipeline[ Id: 87d2a377-5e00-4cf9-9bfa-b653656075c6, Nodes: f9962b5d-8f72-4ed2-8dfc-2c7675abb12a{ip: 192.168.34.37, host: pr-hdds-2110-rdjw6-11158954, networkLocation: /default-rack, certSerialId: null}e1cfcbeb-5224-4a9d-b080-993c6a3e7f1d{ip: 192.168.34.37, host: pr-hdds-2110-rdjw6-11158954, networkLocation: /default-rack, certSerialId: null}09dced90-c907-4a20-a124-e2615848b753{ip: 192.168.34.37, host: pr-hdds-2110-rdjw6-11158954, networkLocation: /default-rack, certSerialId: null}, Type:RATIS, Factor:THREE, State:CLOSED]
2019-09-17 09:43:59,768 [java.util.concurrent.ThreadPoolExecutor$Worker@54d1f8b0[State = -1, empty queue]] WARN  server.GrpcLogAppender (GrpcLogAppender.java:timeoutAppendRequest(200)) - 09dced90-c907-4a20-a124-e2615848b753@group-B653656075C6->e1cfcbeb-5224-4a9d-b080-993c6a3e7f1d-GrpcLogAppender: appendEntries Timeout, request=09dced90-c907-4a20-a124-e2615848b753->e1cfcbeb-5224-4a9d-b080-993c6a3e7f1d#81-t2, previous=(t:2, i:14), leaderCommit=10, initializing? false, entries: <empty>
2019-09-17 09:43:59,772 [09dced90-c907-4a20-a124-e2615848b753@group-B653656075C6-SegmentedRaftLogWorker] WARN  segmented.SegmentedRaftLogWorker (SegmentedRaftLogWorker.java:getFromFuture(90)) - Timeout 16/~
org.apache.ratis.protocol.TimeoutIOException: Timeout 10s: WriteLog:12: (t:2, i:12), STATEMACHINELOGENTRY, client-004905AEEAE3, cid=22-writeStateMachineData
	at org.apache.ratis.util.IOUtils.getFromFuture(IOUtils.java:87)
	at org.apache.ratis.server.raftlog.segmented.SegmentedRaftLogWorker$StateMachineDataPolicy.getFromFuture(SegmentedRaftLogWorker.java:87)
	at org.apache.ratis.server.raftlog.segmented.SegmentedRaftLogWorker$WriteLog.execute(SegmentedRaftLogWorker.java:477)
	at org.apache.ratis.server.raftlog.segmented.SegmentedRaftLogWorker.run(SegmentedRaftLogWorker.java:289)
	at java.lang.Thread.run(Thread.java:748)
Caused by: java.util.concurrent.TimeoutException
	at java.util.concurrent.CompletableFuture.timedGet(CompletableFuture.java:1771)
	at java.util.concurrent.CompletableFuture.get(CompletableFuture.java:1915)
	at org.apache.ratis.util.IOUtils.getFromFuture(IOUtils.java:79)
	... 4 more
2019-09-17 09:43:59,777 [e1cfcbeb-5224-4a9d-b080-993c6a3e7f1d@group-B653656075C6-SegmentedRaftLogWorker] WARN  segmented.SegmentedRaftLogWorker (SegmentedRaftLogWorker.java:getFromFuture(90)) - Timeout 16/~
org.apache.ratis.protocol.TimeoutIOException: Timeout 10s: WriteLog:12: (t:2, i:12), STATEMACHINELOGENTRY, client-004905AEEAE3, cid=22-writeStateMachineData
	at org.apache.ratis.util.IOUtils.getFromFuture(IOUtils.java:87)
	at org.apache.ratis.server.raftlog.segmented.SegmentedRaftLogWorker$StateMachineDataPolicy.getFromFuture(SegmentedRaftLogWorker.java:87)
	at org.apache.ratis.server.raftlog.segmented.SegmentedRaftLogWorker$WriteLog.execute(SegmentedRaftLogWorker.java:477)
	at org.apache.ratis.server.raftlog.segmented.SegmentedRaftLogWorker.run(SegmentedRaftLogWorker.java:289)
	at java.lang.Thread.run(Thread.java:748)
Caused by: java.util.concurrent.TimeoutException
	at java.util.concurrent.CompletableFuture.timedGet(CompletableFuture.java:1771)
	at java.util.concurrent.CompletableFuture.get(CompletableFuture.java:1915)
	at org.apache.ratis.util.IOUtils.getFromFuture(IOUtils.java:79)
	... 4 more
2019-09-17 09:44:01,367 [grpc-default-executor-2] INFO  client.GrpcClientProtocolClient (GrpcClientProtocolClient.java:onNext(264)) - client-004905AEEAE3->f9962b5d-8f72-4ed2-8dfc-2c7675abb12a: receive RaftClientReply:client-004905AEEAE3->f9962b5d-8f72-4ed2-8dfc-2c7675abb12a@group-B653656075C6, cid=21, FAILED org.apache.ratis.protocol.NotLeaderException: Server f9962b5d-8f72-4ed2-8dfc-2c7675abb12a@group-B653656075C6 is not the leader 09dced90-c907-4a20-a124-e2615848b753:192.168.34.37:39974, logIndex=0, commits[f9962b5d-8f72-4ed2-8dfc-2c7675abb12a:c10, e1cfcbeb-5224-4a9d-b080-993c6a3e7f1d:c6, 09dced90-c907-4a20-a124-e2615848b753:c10]
2019-09-17 09:44:01,771 [org.apache.ratis.server.impl.LogAppender$AppenderDaemon$$Lambda$551/1176976340@37c85f1f] ERROR ratis.XceiverServerRatis (XceiverServerRatis.java:triggerPipelineClose(568)) - pipeline Action CLOSE  on pipeline PipelineID=87d2a377-5e00-4cf9-9bfa-b653656075c6.Reason : 09dced90-c907-4a20-a124-e2615848b753 has not seen follower/s e1cfcbeb-5224-4a9d-b080-993c6a3e7f1d for 172454ms
2019-09-17 09:44:02,270 [java.util.concurrent.ThreadPoolExecutor$Worker@54d1f8b0[State = -1, empty queue]] WARN  server.GrpcLogAppender (GrpcLogAppender.java:timeoutAppendRequest(200)) - 09dced90-c907-4a20-a124-e2615848b753@group-B653656075C6->e1cfcbeb-5224-4a9d-b080-993c6a3e7f1d-GrpcLogAppender: appendEntries Timeout, request=09dced90-c907-4a20-a124-e2615848b753->e1cfcbeb-5224-4a9d-b080-993c6a3e7f1d#82-t2, previous=(t:2, i:14), leaderCommit=10, initializing? false, entries: <empty>
2019-09-17 09:44:02,734 [EventQueue-PipelineActionsForPipelineActionHandler] ERROR pipeline.PipelineActionHandler (PipelineActionHandler.java:onMessage(60)) - Received pipeline action CLOSE for Pipeline[ Id: 87d2a377-5e00-4cf9-9bfa-b653656075c6, Nodes: f9962b5d-8f72-4ed2-8dfc-2c7675abb12a{ip: 192.168.34.37, host: pr-hdds-2110-rdjw6-11158954, networkLocation: /default-rack, certSerialId: null}e1cfcbeb-5224-4a9d-b080-993c6a3e7f1d{ip: 192.168.34.37, host: pr-hdds-2110-rdjw6-11158954, networkLocation: /default-rack, certSerialId: null}09dced90-c907-4a20-a124-e2615848b753{ip: 192.168.34.37, host: pr-hdds-2110-rdjw6-11158954, networkLocation: /default-rack, certSerialId: null}, Type:RATIS, Factor:THREE, State:CLOSED] from datanode 09dced90-c907-4a20-a124-e2615848b753{ip: 192.168.34.37, host: pr-hdds-2110-rdjw6-11158954, networkLocation: /default-rack, certSerialId: null}. Reason : 09dced90-c907-4a20-a124-e2615848b753 has not seen follower/s e1cfcbeb-5224-4a9d-b080-993c6a3e7f1d for 172454ms
2019-09-17 09:44:02,734 [EventQueue-PipelineActionsForPipelineActionHandler] INFO  pipeline.SCMPipelineManager (SCMPipelineManager.java:finalizeAndDestroyPipeline(311)) - destroying pipeline:Pipeline[ Id: 87d2a377-5e00-4cf9-9bfa-b653656075c6, Nodes: f9962b5d-8f72-4ed2-8dfc-2c7675abb12a{ip: 192.168.34.37, host: pr-hdds-2110-rdjw6-11158954, networkLocation: /default-rack, certSerialId: null}e1cfcbeb-5224-4a9d-b080-993c6a3e7f1d{ip: 192.168.34.37, host: pr-hdds-2110-rdjw6-11158954, networkLocation: /default-rack, certSerialId: null}09dced90-c907-4a20-a124-e2615848b753{ip: 192.168.34.37, host: pr-hdds-2110-rdjw6-11158954, networkLocation: /default-rack, certSerialId: null}, Type:RATIS, Factor:THREE, State:CLOSED]
2019-09-17 09:44:04,273 [org.apache.ratis.server.impl.LogAppender$AppenderDaemon$$Lambda$551/1176976340@37c85f1f] ERROR ratis.XceiverServerRatis (XceiverServerRatis.java:triggerPipelineClose(568)) - pipeline Action CLOSE  on pipeline PipelineID=87d2a377-5e00-4cf9-9bfa-b653656075c6.Reason : 09dced90-c907-4a20-a124-e2615848b753 has not seen follower/s e1cfcbeb-5224-4a9d-b080-993c6a3e7f1d for 174956ms
2019-09-17 09:44:04,734 [EventQueue-PipelineActionsForPipelineActionHandler] ERROR pipeline.PipelineActionHandler (PipelineActionHandler.java:onMessage(60)) - Received pipeline action CLOSE for Pipeline[ Id: 87d2a377-5e00-4cf9-9bfa-b653656075c6, Nodes: f9962b5d-8f72-4ed2-8dfc-2c7675abb12a{ip: 192.168.34.37, host: pr-hdds-2110-rdjw6-11158954, networkLocation: /default-rack, certSerialId: null}e1cfcbeb-5224-4a9d-b080-993c6a3e7f1d{ip: 192.168.34.37, host: pr-hdds-2110-rdjw6-11158954, networkLocation: /default-rack, certSerialId: null}09dced90-c907-4a20-a124-e2615848b753{ip: 192.168.34.37, host: pr-hdds-2110-rdjw6-11158954, networkLocation: /default-rack, certSerialId: null}, Type:RATIS, Factor:THREE, State:CLOSED] from datanode 09dced90-c907-4a20-a124-e2615848b753{ip: 192.168.34.37, host: pr-hdds-2110-rdjw6-11158954, networkLocation: /default-rack, certSerialId: null}. Reason : 09dced90-c907-4a20-a124-e2615848b753 has not seen follower/s e1cfcbeb-5224-4a9d-b080-993c6a3e7f1d for 174956ms
2019-09-17 09:44:04,735 [EventQueue-PipelineActionsForPipelineActionHandler] INFO  pipeline.SCMPipelineManager (SCMPipelineManager.java:finalizeAndDestroyPipeline(311)) - destroying pipeline:Pipeline[ Id: 87d2a377-5e00-4cf9-9bfa-b653656075c6, Nodes: f9962b5d-8f72-4ed2-8dfc-2c7675abb12a{ip: 192.168.34.37, host: pr-hdds-2110-rdjw6-11158954, networkLocation: /default-rack, certSerialId: null}e1cfcbeb-5224-4a9d-b080-993c6a3e7f1d{ip: 192.168.34.37, host: pr-hdds-2110-rdjw6-11158954, networkLocation: /default-rack, certSerialId: null}09dced90-c907-4a20-a124-e2615848b753{ip: 192.168.34.37, host: pr-hdds-2110-rdjw6-11158954, networkLocation: /default-rack, certSerialId: null}, Type:RATIS, Factor:THREE, State:CLOSED]
2019-09-17 09:44:04,771 [java.util.concurrent.ThreadPoolExecutor$Worker@54d1f8b0[State = -1, empty queue]] WARN  server.GrpcLogAppender (GrpcLogAppender.java:timeoutAppendRequest(200)) - 09dced90-c907-4a20-a124-e2615848b753@group-B653656075C6->e1cfcbeb-5224-4a9d-b080-993c6a3e7f1d-GrpcLogAppender: appendEntries Timeout, request=09dced90-c907-4a20-a124-e2615848b753->e1cfcbeb-5224-4a9d-b080-993c6a3e7f1d#83-t2, previous=(t:2, i:14), leaderCommit=10, initializing? false, entries: <empty>
2019-09-17 09:44:06,422 [grpc-default-executor-1] INFO  client.GrpcClientProtocolClient (GrpcClientProtocolClient.java:onNext(264)) - client-004905AEEAE3->e1cfcbeb-5224-4a9d-b080-993c6a3e7f1d: receive RaftClientReply:client-004905AEEAE3->e1cfcbeb-5224-4a9d-b080-993c6a3e7f1d@group-B653656075C6, cid=21, FAILED org.apache.ratis.protocol.NotLeaderException: Server e1cfcbeb-5224-4a9d-b080-993c6a3e7f1d@group-B653656075C6 is not the leader 09dced90-c907-4a20-a124-e2615848b753:192.168.34.37:39974, logIndex=0, commits[e1cfcbeb-5224-4a9d-b080-993c6a3e7f1d:c10, f9962b5d-8f72-4ed2-8dfc-2c7675abb12a:c10, 09dced90-c907-4a20-a124-e2615848b753:c10]
2019-09-17 09:44:06,774 [org.apache.ratis.server.impl.LogAppender$AppenderDaemon$$Lambda$551/1176976340@37c85f1f] ERROR ratis.XceiverServerRatis (XceiverServerRatis.java:triggerPipelineClose(568)) - pipeline Action CLOSE  on pipeline PipelineID=87d2a377-5e00-4cf9-9bfa-b653656075c6.Reason : 09dced90-c907-4a20-a124-e2615848b753 has not seen follower/s e1cfcbeb-5224-4a9d-b080-993c6a3e7f1d for 177457ms
2019-09-17 09:44:07,273 [java.util.concurrent.ThreadPoolExecutor$Worker@54d1f8b0[State = -1, empty queue]] WARN  server.GrpcLogAppender (GrpcLogAppender.java:timeoutAppendRequest(200)) - 09dced90-c907-4a20-a124-e2615848b753@group-B653656075C6->e1cfcbeb-5224-4a9d-b080-993c6a3e7f1d-GrpcLogAppender: appendEntries Timeout, request=09dced90-c907-4a20-a124-e2615848b753->e1cfcbeb-5224-4a9d-b080-993c6a3e7f1d#84-t2, previous=(t:2, i:14), leaderCommit=10, initializing? false, entries: <empty>
2019-09-17 09:44:07,735 [EventQueue-PipelineActionsForPipelineActionHandler] ERROR pipeline.PipelineActionHandler (PipelineActionHandler.java:onMessage(60)) - Received pipeline action CLOSE for Pipeline[ Id: 87d2a377-5e00-4cf9-9bfa-b653656075c6, Nodes: f9962b5d-8f72-4ed2-8dfc-2c7675abb12a{ip: 192.168.34.37, host: pr-hdds-2110-rdjw6-11158954, networkLocation: /default-rack, certSerialId: null}e1cfcbeb-5224-4a9d-b080-993c6a3e7f1d{ip: 192.168.34.37, host: pr-hdds-2110-rdjw6-11158954, networkLocation: /default-rack, certSerialId: null}09dced90-c907-4a20-a124-e2615848b753{ip: 192.168.34.37, host: pr-hdds-2110-rdjw6-11158954, networkLocation: /default-rack, certSerialId: null}, Type:RATIS, Factor:THREE, State:CLOSED] from datanode 09dced90-c907-4a20-a124-e2615848b753{ip: 192.168.34.37, host: pr-hdds-2110-rdjw6-11158954, networkLocation: /default-rack, certSerialId: null}. Reason : 09dced90-c907-4a20-a124-e2615848b753 has not seen follower/s e1cfcbeb-5224-4a9d-b080-993c6a3e7f1d for 177457ms
2019-09-17 09:44:07,735 [EventQueue-PipelineActionsForPipelineActionHandler] INFO  pipeline.SCMPipelineManager (SCMPipelineManager.java:finalizeAndDestroyPipeline(311)) - destroying pipeline:Pipeline[ Id: 87d2a377-5e00-4cf9-9bfa-b653656075c6, Nodes: f9962b5d-8f72-4ed2-8dfc-2c7675abb12a{ip: 192.168.34.37, host: pr-hdds-2110-rdjw6-11158954, networkLocation: /default-rack, certSerialId: null}e1cfcbeb-5224-4a9d-b080-993c6a3e7f1d{ip: 192.168.34.37, host: pr-hdds-2110-rdjw6-11158954, networkLocation: /default-rack, certSerialId: null}09dced90-c907-4a20-a124-e2615848b753{ip: 192.168.34.37, host: pr-hdds-2110-rdjw6-11158954, networkLocation: /default-rack, certSerialId: null}, Type:RATIS, Factor:THREE, State:CLOSED]
2019-09-17 09:44:09,276 [org.apache.ratis.server.impl.LogAppender$AppenderDaemon$$Lambda$551/1176976340@37c85f1f] ERROR ratis.XceiverServerRatis (XceiverServerRatis.java:triggerPipelineClose(568)) - pipeline Action CLOSE  on pipeline PipelineID=87d2a377-5e00-4cf9-9bfa-b653656075c6.Reason : 09dced90-c907-4a20-a124-e2615848b753 has not seen follower/s e1cfcbeb-5224-4a9d-b080-993c6a3e7f1d for 179959ms
2019-09-17 09:44:09,735 [EventQueue-PipelineActionsForPipelineActionHandler] ERROR pipeline.PipelineActionHandler (PipelineActionHandler.java:onMessage(60)) - Received pipeline action CLOSE for Pipeline[ Id: 87d2a377-5e00-4cf9-9bfa-b653656075c6, Nodes: f9962b5d-8f72-4ed2-8dfc-2c7675abb12a{ip: 192.168.34.37, host: pr-hdds-2110-rdjw6-11158954, networkLocation: /default-rack, certSerialId: null}e1cfcbeb-5224-4a9d-b080-993c6a3e7f1d{ip: 192.168.34.37, host: pr-hdds-2110-rdjw6-11158954, networkLocation: /default-rack, certSerialId: null}09dced90-c907-4a20-a124-e2615848b753{ip: 192.168.34.37, host: pr-hdds-2110-rdjw6-11158954, networkLocation: /default-rack, certSerialId: null}, Type:RATIS, Factor:THREE, State:CLOSED] from datanode 09dced90-c907-4a20-a124-e2615848b753{ip: 192.168.34.37, host: pr-hdds-2110-rdjw6-11158954, networkLocation: /default-rack, certSerialId: null}. Reason : 09dced90-c907-4a20-a124-e2615848b753 has not seen follower/s e1cfcbeb-5224-4a9d-b080-993c6a3e7f1d for 179959ms
2019-09-17 09:44:09,735 [EventQueue-PipelineActionsForPipelineActionHandler] INFO  pipeline.SCMPipelineManager (SCMPipelineManager.java:finalizeAndDestroyPipeline(311)) - destroying pipeline:Pipeline[ Id: 87d2a377-5e00-4cf9-9bfa-b653656075c6, Nodes: f9962b5d-8f72-4ed2-8dfc-2c7675abb12a{ip: 192.168.34.37, host: pr-hdds-2110-rdjw6-11158954, networkLocation: /default-rack, certSerialId: null}e1cfcbeb-5224-4a9d-b080-993c6a3e7f1d{ip: 192.168.34.37, host: pr-hdds-2110-rdjw6-11158954, networkLocation: /default-rack, certSerialId: null}09dced90-c907-4a20-a124-e2615848b753{ip: 192.168.34.37, host: pr-hdds-2110-rdjw6-11158954, networkLocation: /default-rack, certSerialId: null}, Type:RATIS, Factor:THREE, State:CLOSED]
2019-09-17 09:44:09,773 [09dced90-c907-4a20-a124-e2615848b753@group-B653656075C6-SegmentedRaftLogWorker] WARN  segmented.SegmentedRaftLogWorker (SegmentedRaftLogWorker.java:getFromFuture(90)) - Timeout 17/~
org.apache.ratis.protocol.TimeoutIOException: Timeout 10s: WriteLog:12: (t:2, i:12), STATEMACHINELOGENTRY, client-004905AEEAE3, cid=22-writeStateMachineData
	at org.apache.ratis.util.IOUtils.getFromFuture(IOUtils.java:87)
	at org.apache.ratis.server.raftlog.segmented.SegmentedRaftLogWorker$StateMachineDataPolicy.getFromFuture(SegmentedRaftLogWorker.java:87)
	at org.apache.ratis.server.raftlog.segmented.SegmentedRaftLogWorker$WriteLog.execute(SegmentedRaftLogWorker.java:477)
	at org.apache.ratis.server.raftlog.segmented.SegmentedRaftLogWorker.run(SegmentedRaftLogWorker.java:289)
	at java.lang.Thread.run(Thread.java:748)
Caused by: java.util.concurrent.TimeoutException
	at java.util.concurrent.CompletableFuture.timedGet(CompletableFuture.java:1771)
	at java.util.concurrent.CompletableFuture.get(CompletableFuture.java:1915)
	at org.apache.ratis.util.IOUtils.getFromFuture(IOUtils.java:79)
	... 4 more
2019-09-17 09:44:09,774 [java.util.concurrent.ThreadPoolExecutor$Worker@54d1f8b0[State = -1, empty queue]] WARN  server.GrpcLogAppender (GrpcLogAppender.java:timeoutAppendRequest(200)) - 09dced90-c907-4a20-a124-e2615848b753@group-B653656075C6->e1cfcbeb-5224-4a9d-b080-993c6a3e7f1d-GrpcLogAppender: appendEntries Timeout, request=09dced90-c907-4a20-a124-e2615848b753->e1cfcbeb-5224-4a9d-b080-993c6a3e7f1d#85-t2, previous=(t:2, i:14), leaderCommit=10, initializing? false, entries: <empty>
2019-09-17 09:44:09,782 [e1cfcbeb-5224-4a9d-b080-993c6a3e7f1d@group-B653656075C6-SegmentedRaftLogWorker] WARN  segmented.SegmentedRaftLogWorker (SegmentedRaftLogWorker.java:getFromFuture(90)) - Timeout 17/~
org.apache.ratis.protocol.TimeoutIOException: Timeout 10s: WriteLog:12: (t:2, i:12), STATEMACHINELOGENTRY, client-004905AEEAE3, cid=22-writeStateMachineData
	at org.apache.ratis.util.IOUtils.getFromFuture(IOUtils.java:87)
	at org.apache.ratis.server.raftlog.segmented.SegmentedRaftLogWorker$StateMachineDataPolicy.getFromFuture(SegmentedRaftLogWorker.java:87)
	at org.apache.ratis.server.raftlog.segmented.SegmentedRaftLogWorker$WriteLog.execute(SegmentedRaftLogWorker.java:477)
	at org.apache.ratis.server.raftlog.segmented.SegmentedRaftLogWorker.run(SegmentedRaftLogWorker.java:289)
	at java.lang.Thread.run(Thread.java:748)
Caused by: java.util.concurrent.TimeoutException
	at java.util.concurrent.CompletableFuture.timedGet(CompletableFuture.java:1771)
	at java.util.concurrent.CompletableFuture.get(CompletableFuture.java:1915)
	at org.apache.ratis.util.IOUtils.getFromFuture(IOUtils.java:79)
	... 4 more
2019-09-17 09:44:11,467 [grpc-default-executor-1] INFO  client.GrpcClientProtocolClient (GrpcClientProtocolClient.java:onNext(264)) - client-004905AEEAE3->f9962b5d-8f72-4ed2-8dfc-2c7675abb12a: receive RaftClientReply:client-004905AEEAE3->f9962b5d-8f72-4ed2-8dfc-2c7675abb12a@group-B653656075C6, cid=21, FAILED org.apache.ratis.protocol.NotLeaderException: Server f9962b5d-8f72-4ed2-8dfc-2c7675abb12a@group-B653656075C6 is not the leader 09dced90-c907-4a20-a124-e2615848b753:192.168.34.37:39974, logIndex=0, commits[f9962b5d-8f72-4ed2-8dfc-2c7675abb12a:c10, e1cfcbeb-5224-4a9d-b080-993c6a3e7f1d:c6, 09dced90-c907-4a20-a124-e2615848b753:c10]
2019-09-17 09:44:11,778 [org.apache.ratis.server.impl.LogAppender$AppenderDaemon$$Lambda$551/1176976340@37c85f1f] ERROR ratis.XceiverServerRatis (XceiverServerRatis.java:triggerPipelineClose(568)) - pipeline Action CLOSE  on pipeline PipelineID=87d2a377-5e00-4cf9-9bfa-b653656075c6.Reason : 09dced90-c907-4a20-a124-e2615848b753 has not seen follower/s e1cfcbeb-5224-4a9d-b080-993c6a3e7f1d for 182460ms
2019-09-17 09:44:12,276 [java.util.concurrent.ThreadPoolExecutor$Worker@54d1f8b0[State = -1, empty queue]] WARN  server.GrpcLogAppender (GrpcLogAppender.java:timeoutAppendRequest(200)) - 09dced90-c907-4a20-a124-e2615848b753@group-B653656075C6->e1cfcbeb-5224-4a9d-b080-993c6a3e7f1d-GrpcLogAppender: appendEntries Timeout, request=09dced90-c907-4a20-a124-e2615848b753->e1cfcbeb-5224-4a9d-b080-993c6a3e7f1d#86-t2, previous=(t:2, i:14), leaderCommit=10, initializing? false, entries: <empty>
2019-09-17 09:44:12,735 [EventQueue-PipelineActionsForPipelineActionHandler] ERROR pipeline.PipelineActionHandler (PipelineActionHandler.java:onMessage(60)) - Received pipeline action CLOSE for Pipeline[ Id: 87d2a377-5e00-4cf9-9bfa-b653656075c6, Nodes: f9962b5d-8f72-4ed2-8dfc-2c7675abb12a{ip: 192.168.34.37, host: pr-hdds-2110-rdjw6-11158954, networkLocation: /default-rack, certSerialId: null}e1cfcbeb-5224-4a9d-b080-993c6a3e7f1d{ip: 192.168.34.37, host: pr-hdds-2110-rdjw6-11158954, networkLocation: /default-rack, certSerialId: null}09dced90-c907-4a20-a124-e2615848b753{ip: 192.168.34.37, host: pr-hdds-2110-rdjw6-11158954, networkLocation: /default-rack, certSerialId: null}, Type:RATIS, Factor:THREE, State:CLOSED] from datanode 09dced90-c907-4a20-a124-e2615848b753{ip: 192.168.34.37, host: pr-hdds-2110-rdjw6-11158954, networkLocation: /default-rack, certSerialId: null}. Reason : 09dced90-c907-4a20-a124-e2615848b753 has not seen follower/s e1cfcbeb-5224-4a9d-b080-993c6a3e7f1d for 182460ms
2019-09-17 09:44:12,736 [EventQueue-PipelineActionsForPipelineActionHandler] INFO  pipeline.SCMPipelineManager (SCMPipelineManager.java:finalizeAndDestroyPipeline(311)) - destroying pipeline:Pipeline[ Id: 87d2a377-5e00-4cf9-9bfa-b653656075c6, Nodes: f9962b5d-8f72-4ed2-8dfc-2c7675abb12a{ip: 192.168.34.37, host: pr-hdds-2110-rdjw6-11158954, networkLocation: /default-rack, certSerialId: null}e1cfcbeb-5224-4a9d-b080-993c6a3e7f1d{ip: 192.168.34.37, host: pr-hdds-2110-rdjw6-11158954, networkLocation: /default-rack, certSerialId: null}09dced90-c907-4a20-a124-e2615848b753{ip: 192.168.34.37, host: pr-hdds-2110-rdjw6-11158954, networkLocation: /default-rack, certSerialId: null}, Type:RATIS, Factor:THREE, State:CLOSED]
2019-09-17 09:44:14,280 [org.apache.ratis.server.impl.LogAppender$AppenderDaemon$$Lambda$551/1176976340@37c85f1f] ERROR ratis.XceiverServerRatis (XceiverServerRatis.java:triggerPipelineClose(568)) - pipeline Action CLOSE  on pipeline PipelineID=87d2a377-5e00-4cf9-9bfa-b653656075c6.Reason : 09dced90-c907-4a20-a124-e2615848b753 has not seen follower/s e1cfcbeb-5224-4a9d-b080-993c6a3e7f1d for 184962ms
2019-09-17 09:44:14,736 [EventQueue-PipelineActionsForPipelineActionHandler] ERROR pipeline.PipelineActionHandler (PipelineActionHandler.java:onMessage(60)) - Received pipeline action CLOSE for Pipeline[ Id: 87d2a377-5e00-4cf9-9bfa-b653656075c6, Nodes: f9962b5d-8f72-4ed2-8dfc-2c7675abb12a{ip: 192.168.34.37, host: pr-hdds-2110-rdjw6-11158954, networkLocation: /default-rack, certSerialId: null}e1cfcbeb-5224-4a9d-b080-993c6a3e7f1d{ip: 192.168.34.37, host: pr-hdds-2110-rdjw6-11158954, networkLocation: /default-rack, certSerialId: null}09dced90-c907-4a20-a124-e2615848b753{ip: 192.168.34.37, host: pr-hdds-2110-rdjw6-11158954, networkLocation: /default-rack, certSerialId: null}, Type:RATIS, Factor:THREE, State:CLOSED] from datanode 09dced90-c907-4a20-a124-e2615848b753{ip: 192.168.34.37, host: pr-hdds-2110-rdjw6-11158954, networkLocation: /default-rack, certSerialId: null}. Reason : 09dced90-c907-4a20-a124-e2615848b753 has not seen follower/s e1cfcbeb-5224-4a9d-b080-993c6a3e7f1d for 184962ms
2019-09-17 09:44:14,736 [EventQueue-PipelineActionsForPipelineActionHandler] INFO  pipeline.SCMPipelineManager (SCMPipelineManager.java:finalizeAndDestroyPipeline(311)) - destroying pipeline:Pipeline[ Id: 87d2a377-5e00-4cf9-9bfa-b653656075c6, Nodes: f9962b5d-8f72-4ed2-8dfc-2c7675abb12a{ip: 192.168.34.37, host: pr-hdds-2110-rdjw6-11158954, networkLocation: /default-rack, certSerialId: null}e1cfcbeb-5224-4a9d-b080-993c6a3e7f1d{ip: 192.168.34.37, host: pr-hdds-2110-rdjw6-11158954, networkLocation: /default-rack, certSerialId: null}09dced90-c907-4a20-a124-e2615848b753{ip: 192.168.34.37, host: pr-hdds-2110-rdjw6-11158954, networkLocation: /default-rack, certSerialId: null}, Type:RATIS, Factor:THREE, State:CLOSED]
2019-09-17 09:44:14,778 [java.util.concurrent.ThreadPoolExecutor$Worker@54d1f8b0[State = -1, empty queue]] WARN  server.GrpcLogAppender (GrpcLogAppender.java:timeoutAppendRequest(200)) - 09dced90-c907-4a20-a124-e2615848b753@group-B653656075C6->e1cfcbeb-5224-4a9d-b080-993c6a3e7f1d-GrpcLogAppender: appendEntries Timeout, request=09dced90-c907-4a20-a124-e2615848b753->e1cfcbeb-5224-4a9d-b080-993c6a3e7f1d#87-t2, previous=(t:2, i:14), leaderCommit=10, initializing? false, entries: <empty>
2019-09-17 09:44:15,745 [grpc-default-executor-1] INFO  impl.RaftServerProxy (RaftServerProxy.java:remove(95)) - f9962b5d-8f72-4ed2-8dfc-2c7675abb12a: remove  FOLLOWER f9962b5d-8f72-4ed2-8dfc-2c7675abb12a@group-B653656075C6:t2, leader=09dced90-c907-4a20-a124-e2615848b753, voted=f9962b5d-8f72-4ed2-8dfc-2c7675abb12a, raftlog=f9962b5d-8f72-4ed2-8dfc-2c7675abb12a@group-B653656075C6-SegmentedRaftLog:OPENED:c10,f14,i14, conf=0: [e1cfcbeb-5224-4a9d-b080-993c6a3e7f1d:192.168.34.37:43244, f9962b5d-8f72-4ed2-8dfc-2c7675abb12a:192.168.34.37:38666, 09dced90-c907-4a20-a124-e2615848b753:192.168.34.37:39974], old=null RUNNING
2019-09-17 09:44:15,752 [grpc-default-executor-1] INFO  impl.RaftServerImpl (RaftServerImpl.java:lambda$shutdown$3(251)) - f9962b5d-8f72-4ed2-8dfc-2c7675abb12a@group-B653656075C6: shutdown
2019-09-17 09:44:15,753 [grpc-default-executor-1] INFO  util.JmxRegister (JmxRegister.java:unregister(73)) - Successfully un-registered JMX Bean with object name Ratis:service=RaftServer,group=group-B653656075C6,id=f9962b5d-8f72-4ed2-8dfc-2c7675abb12a
2019-09-17 09:44:15,753 [grpc-default-executor-1] INFO  impl.RoleInfo (RoleInfo.java:shutdownFollowerState(121)) - f9962b5d-8f72-4ed2-8dfc-2c7675abb12a: shutdown FollowerState
2019-09-17 09:44:15,753 [grpc-default-executor-1] INFO  impl.StateMachineUpdater (StateMachineUpdater.java:stopAndJoin(125)) - f9962b5d-8f72-4ed2-8dfc-2c7675abb12a@group-B653656075C6-StateMachineUpdater: set stopIndex = 10
2019-09-17 09:44:15,754 [Thread-374] INFO  impl.FollowerState (FollowerState.java:run(115)) - f9962b5d-8f72-4ed2-8dfc-2c7675abb12a: FollowerState was interrupted: java.lang.InterruptedException: sleep interrupted
2019-09-17 09:44:15,756 [f9962b5d-8f72-4ed2-8dfc-2c7675abb12a@group-B653656075C6-StateMachineUpdater] INFO  ratis.ContainerStateMachine (ContainerStateMachine.java:takeSnapshot(289)) - group-B653656075C6: Taking a snapshot at:(t:2, i:6) file /workdir/hadoop-ozone/integration-test/target/test-dir/MiniOzoneClusterImpl-fce8d8f6-cc05-4b6f-89d8-36af20ecf8a0/datanode-3/data/ratis/87d2a377-5e00-4cf9-9bfa-b653656075c6/sm/snapshot.2_6
2019-09-17 09:44:15,784 [f9962b5d-8f72-4ed2-8dfc-2c7675abb12a@group-B653656075C6-StateMachineUpdater] INFO  ratis.ContainerStateMachine (ContainerStateMachine.java:takeSnapshot(300)) - group-B653656075C6: Finished taking a snapshot at:(t:2, i:6) file:/workdir/hadoop-ozone/integration-test/target/test-dir/MiniOzoneClusterImpl-fce8d8f6-cc05-4b6f-89d8-36af20ecf8a0/datanode-3/data/ratis/87d2a377-5e00-4cf9-9bfa-b653656075c6/sm/snapshot.2_6 time:30
2019-09-17 09:44:15,784 [f9962b5d-8f72-4ed2-8dfc-2c7675abb12a@group-B653656075C6-StateMachineUpdater] INFO  impl.StateMachineUpdater (StateMachineUpdater.java:takeSnapshot(258)) - f9962b5d-8f72-4ed2-8dfc-2c7675abb12a@group-B653656075C6-StateMachineUpdater: Took a snapshot at index 6
2019-09-17 09:44:15,786 [f9962b5d-8f72-4ed2-8dfc-2c7675abb12a@group-B653656075C6-StateMachineUpdater] INFO  impl.StateMachineUpdater (StateMachineUpdater.java:lambda$new$0(83)) - f9962b5d-8f72-4ed2-8dfc-2c7675abb12a@group-B653656075C6-StateMachineUpdater: snapshotIndex: updateIncreasingly -1 -> 6
2019-09-17 09:44:15,791 [f9962b5d-8f72-4ed2-8dfc-2c7675abb12a@group-B653656075C6-StateMachineUpdater] INFO  ratis.ContainerStateMachine (ContainerStateMachine.java:takeSnapshot(289)) - group-B653656075C6: Taking a snapshot at:(t:2, i:6) file /workdir/hadoop-ozone/integration-test/target/test-dir/MiniOzoneClusterImpl-fce8d8f6-cc05-4b6f-89d8-36af20ecf8a0/datanode-3/data/ratis/87d2a377-5e00-4cf9-9bfa-b653656075c6/sm/snapshot.2_6
2019-09-17 09:44:15,803 [f9962b5d-8f72-4ed2-8dfc-2c7675abb12a@group-B653656075C6-StateMachineUpdater] INFO  ratis.ContainerStateMachine (ContainerStateMachine.java:takeSnapshot(300)) - group-B653656075C6: Finished taking a snapshot at:(t:2, i:6) file:/workdir/hadoop-ozone/integration-test/target/test-dir/MiniOzoneClusterImpl-fce8d8f6-cc05-4b6f-89d8-36af20ecf8a0/datanode-3/data/ratis/87d2a377-5e00-4cf9-9bfa-b653656075c6/sm/snapshot.2_6 time:13
2019-09-17 09:44:15,803 [f9962b5d-8f72-4ed2-8dfc-2c7675abb12a@group-B653656075C6-StateMachineUpdater] INFO  impl.StateMachineUpdater (StateMachineUpdater.java:takeSnapshot(258)) - f9962b5d-8f72-4ed2-8dfc-2c7675abb12a@group-B653656075C6-StateMachineUpdater: Took a snapshot at index 6
2019-09-17 09:44:15,803 [f9962b5d-8f72-4ed2-8dfc-2c7675abb12a@group-B653656075C6-StateMachineUpdater] INFO  impl.StateMachineUpdater (StateMachineUpdater.java:lambda$new$0(83)) - f9962b5d-8f72-4ed2-8dfc-2c7675abb12a@group-B653656075C6-StateMachineUpdater: snapshotIndex: updateIncreasingly 6 -> 6
2019-09-17 09:44:15,804 [grpc-default-executor-1] INFO  impl.RaftServerImpl (ServerState.java:close(385)) - f9962b5d-8f72-4ed2-8dfc-2c7675abb12a@group-B653656075C6: closes. applyIndex: 10
2019-09-17 09:44:15,807 [f9962b5d-8f72-4ed2-8dfc-2c7675abb12a@group-B653656075C6-SegmentedRaftLogWorker] INFO  segmented.SegmentedRaftLogWorker (SegmentedRaftLogWorker.java:run(313)) - f9962b5d-8f72-4ed2-8dfc-2c7675abb12a@group-B653656075C6-SegmentedRaftLogWorker was interrupted, exiting. There are 0 tasks remaining in the queue.
2019-09-17 09:44:15,809 [grpc-default-executor-1] INFO  segmented.SegmentedRaftLogWorker (SegmentedRaftLogWorker.java:close(228)) - f9962b5d-8f72-4ed2-8dfc-2c7675abb12a@group-B653656075C6-SegmentedRaftLogWorker close()
2019-09-17 09:44:15,832 [grpc-default-executor-1] INFO  interfaces.Container (KeyValueContainer.java:flushAndSyncDB(386)) - Container 2 is synced with bcsId 6.
2019-09-17 09:44:15,833 [grpc-default-executor-1] INFO  interfaces.Container (KeyValueContainer.java:flushAndSyncDB(386)) - Container 2 is synced with bcsId 6.
2019-09-17 09:44:15,851 [EventQueue-IncrementalContainerReportForIncrementalContainerReportHandler] INFO  container.IncrementalContainerReportHandler (AbstractContainerReportHandler.java:updateContainerState(169)) - Moving container #2 to QUASI_CLOSED state, datanode f9962b5d-8f72-4ed2-8dfc-2c7675abb12a{ip: 192.168.34.37, host: pr-hdds-2110-rdjw6-11158954, networkLocation: /default-rack, certSerialId: null} reported QUASI_CLOSED replica.
2019-09-17 09:44:15,918 [grpc-default-executor-1] INFO  interfaces.Container (KeyValueContainer.java:flushAndSyncDB(386)) - Container 3 is synced with bcsId 0.
2019-09-17 09:44:15,919 [grpc-default-executor-1] INFO  interfaces.Container (KeyValueContainer.java:flushAndSyncDB(386)) - Container 3 is synced with bcsId 0.
2019-09-17 09:44:15,934 [EventQueue-IncrementalContainerReportForIncrementalContainerReportHandler] INFO  container.IncrementalContainerReportHandler (AbstractContainerReportHandler.java:updateContainerState(169)) - Moving container #3 to QUASI_CLOSED state, datanode f9962b5d-8f72-4ed2-8dfc-2c7675abb12a{ip: 192.168.34.37, host: pr-hdds-2110-rdjw6-11158954, networkLocation: /default-rack, certSerialId: null} reported QUASI_CLOSED replica.
2019-09-17 09:44:15,941 [grpc-default-executor-1] INFO  impl.RaftServerProxy (RaftServerProxy.java:remove(95)) - e1cfcbeb-5224-4a9d-b080-993c6a3e7f1d: remove  FOLLOWER e1cfcbeb-5224-4a9d-b080-993c6a3e7f1d@group-B653656075C6:t2, leader=09dced90-c907-4a20-a124-e2615848b753, voted=09dced90-c907-4a20-a124-e2615848b753, raftlog=e1cfcbeb-5224-4a9d-b080-993c6a3e7f1d@group-B653656075C6-SegmentedRaftLog:OPENED:c10,f10,i14, conf=0: [e1cfcbeb-5224-4a9d-b080-993c6a3e7f1d:192.168.34.37:43244, f9962b5d-8f72-4ed2-8dfc-2c7675abb12a:192.168.34.37:38666, 09dced90-c907-4a20-a124-e2615848b753:192.168.34.37:39974], old=null RUNNING
2019-09-17 09:44:15,941 [grpc-default-executor-1] INFO  impl.RaftServerImpl (RaftServerImpl.java:lambda$shutdown$3(251)) - e1cfcbeb-5224-4a9d-b080-993c6a3e7f1d@group-B653656075C6: shutdown
2019-09-17 09:44:15,941 [grpc-default-executor-1] INFO  util.JmxRegister (JmxRegister.java:unregister(73)) - Successfully un-registered JMX Bean with object name Ratis:service=RaftServer,group=group-B653656075C6,id=e1cfcbeb-5224-4a9d-b080-993c6a3e7f1d
2019-09-17 09:44:15,941 [grpc-default-executor-1] INFO  impl.RoleInfo (RoleInfo.java:shutdownFollowerState(121)) - e1cfcbeb-5224-4a9d-b080-993c6a3e7f1d: shutdown FollowerState
2019-09-17 09:44:15,942 [grpc-default-executor-1] INFO  impl.StateMachineUpdater (StateMachineUpdater.java:stopAndJoin(125)) - e1cfcbeb-5224-4a9d-b080-993c6a3e7f1d@group-B653656075C6-StateMachineUpdater: set stopIndex = 10
2019-09-17 09:44:15,942 [Thread-373] INFO  impl.FollowerState (FollowerState.java:run(115)) - e1cfcbeb-5224-4a9d-b080-993c6a3e7f1d: FollowerState was interrupted: java.lang.InterruptedException: sleep interrupted
2019-09-17 09:44:15,942 [e1cfcbeb-5224-4a9d-b080-993c6a3e7f1d@group-B653656075C6-StateMachineUpdater] INFO  ratis.ContainerStateMachine (ContainerStateMachine.java:takeSnapshot(289)) - group-B653656075C6: Taking a snapshot at:(t:2, i:6) file /workdir/hadoop-ozone/integration-test/target/test-dir/MiniOzoneClusterImpl-fce8d8f6-cc05-4b6f-89d8-36af20ecf8a0/datanode-0/data/ratis/87d2a377-5e00-4cf9-9bfa-b653656075c6/sm/snapshot.2_6
2019-09-17 09:44:15,957 [e1cfcbeb-5224-4a9d-b080-993c6a3e7f1d@group-B653656075C6-StateMachineUpdater] INFO  ratis.ContainerStateMachine (ContainerStateMachine.java:takeSnapshot(300)) - group-B653656075C6: Finished taking a snapshot at:(t:2, i:6) file:/workdir/hadoop-ozone/integration-test/target/test-dir/MiniOzoneClusterImpl-fce8d8f6-cc05-4b6f-89d8-36af20ecf8a0/datanode-0/data/ratis/87d2a377-5e00-4cf9-9bfa-b653656075c6/sm/snapshot.2_6 time:15
2019-09-17 09:44:15,957 [e1cfcbeb-5224-4a9d-b080-993c6a3e7f1d@group-B653656075C6-StateMachineUpdater] INFO  impl.StateMachineUpdater (StateMachineUpdater.java:takeSnapshot(258)) - e1cfcbeb-5224-4a9d-b080-993c6a3e7f1d@group-B653656075C6-StateMachineUpdater: Took a snapshot at index 6
2019-09-17 09:44:15,957 [e1cfcbeb-5224-4a9d-b080-993c6a3e7f1d@group-B653656075C6-StateMachineUpdater] INFO  impl.StateMachineUpdater (StateMachineUpdater.java:lambda$new$0(83)) - e1cfcbeb-5224-4a9d-b080-993c6a3e7f1d@group-B653656075C6-StateMachineUpdater: snapshotIndex: updateIncreasingly -1 -> 6
2019-09-17 09:44:15,958 [e1cfcbeb-5224-4a9d-b080-993c6a3e7f1d@group-B653656075C6-StateMachineUpdater] INFO  ratis.ContainerStateMachine (ContainerStateMachine.java:takeSnapshot(289)) - group-B653656075C6: Taking a snapshot at:(t:2, i:6) file /workdir/hadoop-ozone/integration-test/target/test-dir/MiniOzoneClusterImpl-fce8d8f6-cc05-4b6f-89d8-36af20ecf8a0/datanode-0/data/ratis/87d2a377-5e00-4cf9-9bfa-b653656075c6/sm/snapshot.2_6
2019-09-17 09:44:15,960 [e1cfcbeb-5224-4a9d-b080-993c6a3e7f1d@group-B653656075C6-StateMachineUpdater] INFO  ratis.ContainerStateMachine (ContainerStateMachine.java:takeSnapshot(300)) - group-B653656075C6: Finished taking a snapshot at:(t:2, i:6) file:/workdir/hadoop-ozone/integration-test/target/test-dir/MiniOzoneClusterImpl-fce8d8f6-cc05-4b6f-89d8-36af20ecf8a0/datanode-0/data/ratis/87d2a377-5e00-4cf9-9bfa-b653656075c6/sm/snapshot.2_6 time:3
2019-09-17 09:44:15,960 [e1cfcbeb-5224-4a9d-b080-993c6a3e7f1d@group-B653656075C6-StateMachineUpdater] INFO  impl.StateMachineUpdater (StateMachineUpdater.java:takeSnapshot(258)) - e1cfcbeb-5224-4a9d-b080-993c6a3e7f1d@group-B653656075C6-StateMachineUpdater: Took a snapshot at index 6
2019-09-17 09:44:15,961 [e1cfcbeb-5224-4a9d-b080-993c6a3e7f1d@group-B653656075C6-StateMachineUpdater] INFO  impl.StateMachineUpdater (StateMachineUpdater.java:lambda$new$0(83)) - e1cfcbeb-5224-4a9d-b080-993c6a3e7f1d@group-B653656075C6-StateMachineUpdater: snapshotIndex: updateIncreasingly 6 -> 6
2019-09-17 09:44:15,961 [grpc-default-executor-1] INFO  impl.RaftServerImpl (ServerState.java:close(385)) - e1cfcbeb-5224-4a9d-b080-993c6a3e7f1d@group-B653656075C6: closes. applyIndex: 10
2019-09-17 09:44:15,964 [e1cfcbeb-5224-4a9d-b080-993c6a3e7f1d@group-B653656075C6-SegmentedRaftLogWorker] ERROR ratis.XceiverServerRatis (XceiverServerRatis.java:triggerPipelineClose(568)) - pipeline Action CLOSE  on pipeline PipelineID=87d2a377-5e00-4cf9-9bfa-b653656075c6.Reason : WriteLog:12: (t:2, i:12), STATEMACHINELOGENTRY, client-004905AEEAE3, cid=22-writeStateMachineData interrupted.
2019-09-17 09:44:15,967 [EventQueue-PipelineActionsForPipelineActionHandler] ERROR pipeline.PipelineActionHandler (PipelineActionHandler.java:onMessage(60)) - Received pipeline action CLOSE for Pipeline[ Id: 87d2a377-5e00-4cf9-9bfa-b653656075c6, Nodes: f9962b5d-8f72-4ed2-8dfc-2c7675abb12a{ip: 192.168.34.37, host: pr-hdds-2110-rdjw6-11158954, networkLocation: /default-rack, certSerialId: null}e1cfcbeb-5224-4a9d-b080-993c6a3e7f1d{ip: 192.168.34.37, host: pr-hdds-2110-rdjw6-11158954, networkLocation: /default-rack, certSerialId: null}09dced90-c907-4a20-a124-e2615848b753{ip: 192.168.34.37, host: pr-hdds-2110-rdjw6-11158954, networkLocation: /default-rack, certSerialId: null}, Type:RATIS, Factor:THREE, State:CLOSED] from datanode e1cfcbeb-5224-4a9d-b080-993c6a3e7f1d{ip: 192.168.34.37, host: pr-hdds-2110-rdjw6-11158954, networkLocation: /default-rack, certSerialId: null}. Reason : WriteLog:12: (t:2, i:12), STATEMACHINELOGENTRY, client-004905AEEAE3, cid=22-writeStateMachineData interrupted.
2019-09-17 09:44:15,967 [EventQueue-PipelineActionsForPipelineActionHandler] INFO  pipeline.SCMPipelineManager (SCMPipelineManager.java:finalizeAndDestroyPipeline(311)) - destroying pipeline:Pipeline[ Id: 87d2a377-5e00-4cf9-9bfa-b653656075c6, Nodes: f9962b5d-8f72-4ed2-8dfc-2c7675abb12a{ip: 192.168.34.37, host: pr-hdds-2110-rdjw6-11158954, networkLocation: /default-rack, certSerialId: null}e1cfcbeb-5224-4a9d-b080-993c6a3e7f1d{ip: 192.168.34.37, host: pr-hdds-2110-rdjw6-11158954, networkLocation: /default-rack, certSerialId: null}09dced90-c907-4a20-a124-e2615848b753{ip: 192.168.34.37, host: pr-hdds-2110-rdjw6-11158954, networkLocation: /default-rack, certSerialId: null}, Type:RATIS, Factor:THREE, State:CLOSED]
2019-09-17 09:44:15,976 [grpc-default-executor-1] INFO  segmented.SegmentedRaftLogWorker (SegmentedRaftLogWorker.java:close(228)) - e1cfcbeb-5224-4a9d-b080-993c6a3e7f1d@group-B653656075C6-SegmentedRaftLogWorker close()
2019-09-17 09:44:15,992 [grpc-default-executor-1] INFO  interfaces.Container (KeyValueContainer.java:flushAndSyncDB(386)) - Container 2 is synced with bcsId 6.
2019-09-17 09:44:15,992 [grpc-default-executor-1] INFO  interfaces.Container (KeyValueContainer.java:flushAndSyncDB(386)) - Container 2 is synced with bcsId 6.
2019-09-17 09:44:16,065 [grpc-default-executor-1] INFO  interfaces.Container (KeyValueContainer.java:flushAndSyncDB(386)) - Container 3 is synced with bcsId 0.
2019-09-17 09:44:16,065 [grpc-default-executor-1] INFO  interfaces.Container (KeyValueContainer.java:flushAndSyncDB(386)) - Container 3 is synced with bcsId 0.
2019-09-17 09:44:16,085 [grpc-default-executor-1] INFO  impl.RaftServerProxy (RaftServerProxy.java:remove(95)) - 09dced90-c907-4a20-a124-e2615848b753: remove    LEADER 09dced90-c907-4a20-a124-e2615848b753@group-B653656075C6:t2, leader=09dced90-c907-4a20-a124-e2615848b753, voted=09dced90-c907-4a20-a124-e2615848b753, raftlog=09dced90-c907-4a20-a124-e2615848b753@group-B653656075C6-SegmentedRaftLog:OPENED:c10,f10,i14, conf=0: [e1cfcbeb-5224-4a9d-b080-993c6a3e7f1d:192.168.34.37:43244, f9962b5d-8f72-4ed2-8dfc-2c7675abb12a:192.168.34.37:38666, 09dced90-c907-4a20-a124-e2615848b753:192.168.34.37:39974], old=null RUNNING
2019-09-17 09:44:16,085 [grpc-default-executor-1] INFO  impl.RaftServerImpl (RaftServerImpl.java:lambda$shutdown$3(251)) - 09dced90-c907-4a20-a124-e2615848b753@group-B653656075C6: shutdown
2019-09-17 09:44:16,085 [grpc-default-executor-1] INFO  util.JmxRegister (JmxRegister.java:unregister(73)) - Successfully un-registered JMX Bean with object name Ratis:service=RaftServer,group=group-B653656075C6,id=09dced90-c907-4a20-a124-e2615848b753
2019-09-17 09:44:16,086 [grpc-default-executor-1] INFO  impl.RoleInfo (RoleInfo.java:shutdownLeaderState(104)) - 09dced90-c907-4a20-a124-e2615848b753: shutdown LeaderState
2019-09-17 09:44:16,092 [grpc-default-executor-1] INFO  impl.PendingRequests (PendingRequests.java:sendNotLeaderResponses(202)) - 09dced90-c907-4a20-a124-e2615848b753-PendingRequests: sendNotLeaderResponses
2019-09-17 09:44:16,092 [org.apache.ratis.server.impl.LogAppender$AppenderDaemon$$Lambda$551/1176976340@5a356d80] WARN  server.GrpcLogAppender (GrpcLogAppender.java:mayWait(143)) - 09dced90-c907-4a20-a124-e2615848b753@group-B653656075C6->f9962b5d-8f72-4ed2-8dfc-2c7675abb12a-GrpcLogAppender: Wait interrupted by java.lang.InterruptedException
2019-09-17 09:44:16,092 [org.apache.ratis.server.impl.LogAppender$AppenderDaemon$$Lambda$551/1176976340@37c85f1f] WARN  server.GrpcLogAppender (GrpcLogAppender.java:mayWait(143)) - 09dced90-c907-4a20-a124-e2615848b753@group-B653656075C6->e1cfcbeb-5224-4a9d-b080-993c6a3e7f1d-GrpcLogAppender: Wait interrupted by java.lang.InterruptedException
2019-09-17 09:44:16,097 [grpc-default-executor-0] INFO  server.GrpcServerProtocolService (GrpcServerProtocolService.java:onCompleted(113)) - f9962b5d-8f72-4ed2-8dfc-2c7675abb12a: Completed APPEND_ENTRIES, lastRequest: 09dced90-c907-4a20-a124-e2615848b753->f9962b5d-8f72-4ed2-8dfc-2c7675abb12a#88-t2, previous=(t:2, i:14), leaderCommit=10, initializing? false, entries: <empty>
2019-09-17 09:44:16,097 [grpc-default-executor-2] INFO  server.GrpcServerProtocolService (GrpcServerProtocolService.java:onCompleted(113)) - e1cfcbeb-5224-4a9d-b080-993c6a3e7f1d: Completed APPEND_ENTRIES, lastRequest: 09dced90-c907-4a20-a124-e2615848b753->e1cfcbeb-5224-4a9d-b080-993c6a3e7f1d#88-t2, previous=(t:2, i:14), leaderCommit=10, initializing? false, entries: <empty>
2019-09-17 09:44:16,100 [grpc-default-executor-2] INFO  server.GrpcLogAppender (GrpcLogAppender.java:onCompleted(293)) - 09dced90-c907-4a20-a124-e2615848b753@group-B653656075C6->f9962b5d-8f72-4ed2-8dfc-2c7675abb12a-AppendLogResponseHandler: follower responses appendEntries COMPLETED
2019-09-17 09:44:16,100 [grpc-default-executor-0] INFO  server.GrpcLogAppender (GrpcLogAppender.java:onCompleted(293)) - 09dced90-c907-4a20-a124-e2615848b753@group-B653656075C6->e1cfcbeb-5224-4a9d-b080-993c6a3e7f1d-AppendLogResponseHandler: follower responses appendEntries COMPLETED
2019-09-17 09:44:16,101 [grpc-default-executor-2] INFO  impl.FollowerInfo (FollowerInfo.java:lambda$new$0(51)) - 09dced90-c907-4a20-a124-e2615848b753@group-B653656075C6->f9962b5d-8f72-4ed2-8dfc-2c7675abb12a: nextIndex: updateUnconditionally 15 -> 14
2019-09-17 09:44:16,101 [grpc-default-executor-0] INFO  impl.FollowerInfo (FollowerInfo.java:lambda$new$0(51)) - 09dced90-c907-4a20-a124-e2615848b753@group-B653656075C6->e1cfcbeb-5224-4a9d-b080-993c6a3e7f1d: nextIndex: updateUnconditionally 15 -> 11
2019-09-17 09:44:16,109 [grpc-default-executor-1] INFO  impl.StateMachineUpdater (StateMachineUpdater.java:stopAndJoin(125)) - 09dced90-c907-4a20-a124-e2615848b753@group-B653656075C6-StateMachineUpdater: set stopIndex = 10
2019-09-17 09:44:16,109 [09dced90-c907-4a20-a124-e2615848b753@group-B653656075C6-StateMachineUpdater] INFO  ratis.ContainerStateMachine (ContainerStateMachine.java:takeSnapshot(289)) - group-B653656075C6: Taking a snapshot at:(t:2, i:10) file /workdir/hadoop-ozone/integration-test/target/test-dir/MiniOzoneClusterImpl-fce8d8f6-cc05-4b6f-89d8-36af20ecf8a0/datanode-6/data/ratis/87d2a377-5e00-4cf9-9bfa-b653656075c6/sm/snapshot.2_10
2019-09-17 09:44:16,114 [09dced90-c907-4a20-a124-e2615848b753@group-B653656075C6-StateMachineUpdater] INFO  ratis.ContainerStateMachine (ContainerStateMachine.java:takeSnapshot(300)) - group-B653656075C6: Finished taking a snapshot at:(t:2, i:10) file:/workdir/hadoop-ozone/integration-test/target/test-dir/MiniOzoneClusterImpl-fce8d8f6-cc05-4b6f-89d8-36af20ecf8a0/datanode-6/data/ratis/87d2a377-5e00-4cf9-9bfa-b653656075c6/sm/snapshot.2_10 time:5
2019-09-17 09:44:16,115 [09dced90-c907-4a20-a124-e2615848b753@group-B653656075C6-StateMachineUpdater] INFO  impl.StateMachineUpdater (StateMachineUpdater.java:takeSnapshot(258)) - 09dced90-c907-4a20-a124-e2615848b753@group-B653656075C6-StateMachineUpdater: Took a snapshot at index 10
2019-09-17 09:44:16,115 [09dced90-c907-4a20-a124-e2615848b753@group-B653656075C6-StateMachineUpdater] INFO  impl.StateMachineUpdater (StateMachineUpdater.java:lambda$new$0(83)) - 09dced90-c907-4a20-a124-e2615848b753@group-B653656075C6-StateMachineUpdater: snapshotIndex: updateIncreasingly -1 -> 10
2019-09-17 09:44:16,115 [grpc-default-executor-1] INFO  impl.RaftServerImpl (ServerState.java:close(385)) - 09dced90-c907-4a20-a124-e2615848b753@group-B653656075C6: closes. applyIndex: 10
2019-09-17 09:44:16,116 [09dced90-c907-4a20-a124-e2615848b753@group-B653656075C6-SegmentedRaftLogWorker] ERROR ratis.XceiverServerRatis (XceiverServerRatis.java:triggerPipelineClose(568)) - pipeline Action CLOSE  on pipeline PipelineID=87d2a377-5e00-4cf9-9bfa-b653656075c6.Reason : WriteLog:12: (t:2, i:12), STATEMACHINELOGENTRY, client-004905AEEAE3, cid=22-writeStateMachineData interrupted.
2019-09-17 09:44:16,116 [Command processor thread] ERROR commandhandler.CloseContainerCommandHandler (CloseContainerCommandHandler.java:handle(125)) - Can't close container #3
java.io.IOException: org.apache.ratis.protocol.GroupMismatchException: 09dced90-c907-4a20-a124-e2615848b753: group-B653656075C6 not found.
	at org.apache.hadoop.ozone.container.common.transport.server.ratis.XceiverServerRatis.submitRequest(XceiverServerRatis.java:495)
	at org.apache.hadoop.ozone.container.common.statemachine.commandhandler.CloseContainerCommandHandler.handle(CloseContainerCommandHandler.java:102)
	at org.apache.hadoop.ozone.container.common.statemachine.commandhandler.CommandDispatcher.handle(CommandDispatcher.java:99)
	at org.apache.hadoop.ozone.container.common.statemachine.DatanodeStateMachine.lambda$initCommandHandlerThread$1(DatanodeStateMachine.java:432)
	at java.lang.Thread.run(Thread.java:748)
Caused by: java.util.concurrent.ExecutionException: org.apache.ratis.protocol.GroupMismatchException: 09dced90-c907-4a20-a124-e2615848b753: group-B653656075C6 not found.
	at java.util.concurrent.CompletableFuture.reportGet(CompletableFuture.java:357)
	at java.util.concurrent.CompletableFuture.get(CompletableFuture.java:1895)
	at org.apache.hadoop.ozone.container.common.transport.server.ratis.XceiverServerRatis.submitRequest(XceiverServerRatis.java:493)
	... 4 more
Caused by: org.apache.ratis.protocol.GroupMismatchException: 09dced90-c907-4a20-a124-e2615848b753: group-B653656075C6 not found.
	at org.apache.ratis.server.impl.RaftServerProxy$ImplMap.get(RaftServerProxy.java:122)
	at org.apache.ratis.server.impl.RaftServerProxy.getImplFuture(RaftServerProxy.java:269)
	at org.apache.ratis.server.impl.RaftServerProxy.submitRequest(RaftServerProxy.java:327)
	at org.apache.ratis.server.impl.RaftServerProxy.submitClientRequestAsync(RaftServerProxy.java:333)
	... 5 more
2019-09-17 09:44:16,119 [EventQueue-PipelineActionsForPipelineActionHandler] ERROR pipeline.PipelineActionHandler (PipelineActionHandler.java:onMessage(60)) - Received pipeline action CLOSE for Pipeline[ Id: 87d2a377-5e00-4cf9-9bfa-b653656075c6, Nodes: f9962b5d-8f72-4ed2-8dfc-2c7675abb12a{ip: 192.168.34.37, host: pr-hdds-2110-rdjw6-11158954, networkLocation: /default-rack, certSerialId: null}e1cfcbeb-5224-4a9d-b080-993c6a3e7f1d{ip: 192.168.34.37, host: pr-hdds-2110-rdjw6-11158954, networkLocation: /default-rack, certSerialId: null}09dced90-c907-4a20-a124-e2615848b753{ip: 192.168.34.37, host: pr-hdds-2110-rdjw6-11158954, networkLocation: /default-rack, certSerialId: null}, Type:RATIS, Factor:THREE, State:CLOSED] from datanode 09dced90-c907-4a20-a124-e2615848b753{ip: 192.168.34.37, host: pr-hdds-2110-rdjw6-11158954, networkLocation: /default-rack, certSerialId: null}. Reason : WriteLog:12: (t:2, i:12), STATEMACHINELOGENTRY, client-004905AEEAE3, cid=22-writeStateMachineData interrupted.
2019-09-17 09:44:16,119 [EventQueue-PipelineActionsForPipelineActionHandler] INFO  pipeline.SCMPipelineManager (SCMPipelineManager.java:finalizeAndDestroyPipeline(311)) - destroying pipeline:Pipeline[ Id: 87d2a377-5e00-4cf9-9bfa-b653656075c6, Nodes: f9962b5d-8f72-4ed2-8dfc-2c7675abb12a{ip: 192.168.34.37, host: pr-hdds-2110-rdjw6-11158954, networkLocation: /default-rack, certSerialId: null}e1cfcbeb-5224-4a9d-b080-993c6a3e7f1d{ip: 192.168.34.37, host: pr-hdds-2110-rdjw6-11158954, networkLocation: /default-rack, certSerialId: null}09dced90-c907-4a20-a124-e2615848b753{ip: 192.168.34.37, host: pr-hdds-2110-rdjw6-11158954, networkLocation: /default-rack, certSerialId: null}, Type:RATIS, Factor:THREE, State:CLOSED]
2019-09-17 09:44:16,130 [grpc-default-executor-1] INFO  segmented.SegmentedRaftLogWorker (SegmentedRaftLogWorker.java:close(228)) - 09dced90-c907-4a20-a124-e2615848b753@group-B653656075C6-SegmentedRaftLogWorker close()
2019-09-17 09:44:16,147 [grpc-default-executor-1] INFO  interfaces.Container (KeyValueContainer.java:flushAndSyncDB(386)) - Container 2 is synced with bcsId 6.
2019-09-17 09:44:16,147 [grpc-default-executor-1] INFO  interfaces.Container (KeyValueContainer.java:flushAndSyncDB(386)) - Container 2 is synced with bcsId 6.
2019-09-17 09:44:16,228 [grpc-default-executor-1] INFO  interfaces.Container (KeyValueContainer.java:flushAndSyncDB(386)) - Container 3 is synced with bcsId 0.
2019-09-17 09:44:16,229 [grpc-default-executor-1] INFO  interfaces.Container (KeyValueContainer.java:flushAndSyncDB(386)) - Container 3 is synced with bcsId 0.
2019-09-17 09:44:16,247 [RatisPipelineUtilsThread] INFO  pipeline.PipelineStateManager (PipelineStateManager.java:removePipeline(108)) - Pipeline Pipeline[ Id: 87d2a377-5e00-4cf9-9bfa-b653656075c6, Nodes: f9962b5d-8f72-4ed2-8dfc-2c7675abb12a{ip: 192.168.34.37, host: pr-hdds-2110-rdjw6-11158954, networkLocation: /default-rack, certSerialId: null}e1cfcbeb-5224-4a9d-b080-993c6a3e7f1d{ip: 192.168.34.37, host: pr-hdds-2110-rdjw6-11158954, networkLocation: /default-rack, certSerialId: null}09dced90-c907-4a20-a124-e2615848b753{ip: 192.168.34.37, host: pr-hdds-2110-rdjw6-11158954, networkLocation: /default-rack, certSerialId: null}, Type:RATIS, Factor:THREE, State:CLOSED] removed from db
2019-09-17 09:44:16,266 [grpc-default-executor-1] INFO  impl.RaftServerProxy (RaftServerProxy.java:addNew(89)) - 09dced90-c907-4a20-a124-e2615848b753: addNew group-5B0938DB2163:[e1cfcbeb-5224-4a9d-b080-993c6a3e7f1d:192.168.34.37:43244, f9962b5d-8f72-4ed2-8dfc-2c7675abb12a:192.168.34.37:38666, 09dced90-c907-4a20-a124-e2615848b753:192.168.34.37:39974] returns group-5B0938DB2163:java.util.concurrent.CompletableFuture@1f867210[Not completed]
2019-09-17 09:44:16,266 [grpc-default-executor-0] INFO  impl.RaftServerProxy (RaftServerProxy.java:addNew(89)) - f9962b5d-8f72-4ed2-8dfc-2c7675abb12a: addNew group-5B0938DB2163:[e1cfcbeb-5224-4a9d-b080-993c6a3e7f1d:192.168.34.37:43244, f9962b5d-8f72-4ed2-8dfc-2c7675abb12a:192.168.34.37:38666, 09dced90-c907-4a20-a124-e2615848b753:192.168.34.37:39974] returns group-5B0938DB2163:java.util.concurrent.CompletableFuture@15d71397[Not completed]
2019-09-17 09:44:16,266 [grpc-default-executor-1] INFO  impl.RaftServerProxy (RaftServerProxy.java:addNew(89)) - e1cfcbeb-5224-4a9d-b080-993c6a3e7f1d: addNew group-5B0938DB2163:[e1cfcbeb-5224-4a9d-b080-993c6a3e7f1d:192.168.34.37:43244, f9962b5d-8f72-4ed2-8dfc-2c7675abb12a:192.168.34.37:38666, 09dced90-c907-4a20-a124-e2615848b753:192.168.34.37:39974] returns group-5B0938DB2163:java.util.concurrent.CompletableFuture@6f8bcd57[Not completed]
2019-09-17 09:44:16,269 [pool-87-thread-1] INFO  impl.RaftServerImpl (RaftServerImpl.java:<init>(95)) - 09dced90-c907-4a20-a124-e2615848b753: new RaftServerImpl for group-5B0938DB2163:[e1cfcbeb-5224-4a9d-b080-993c6a3e7f1d:192.168.34.37:43244, f9962b5d-8f72-4ed2-8dfc-2c7675abb12a:192.168.34.37:38666, 09dced90-c907-4a20-a124-e2615848b753:192.168.34.37:39974] with ContainerStateMachine:uninitialized
2019-09-17 09:44:16,269 [pool-87-thread-1] INFO  server.RaftServerConfigKeys (ConfUtils.java:logGet(43)) - raft.server.rpc.timeout.min = 5s (custom)
2019-09-17 09:44:16,270 [pool-87-thread-1] INFO  server.RaftServerConfigKeys (ConfUtils.java:logGet(43)) - raft.server.rpc.timeout.max = 5200ms (custom)
2019-09-17 09:44:16,270 [pool-87-thread-1] INFO  server.RaftServerConfigKeys (ConfUtils.java:logGet(43)) - raft.server.rpcslowness.timeout = 120s (custom)
2019-09-17 09:44:16,270 [pool-87-thread-1] INFO  server.RaftServerConfigKeys (ConfUtils.java:logGet(43)) - raft.server.sleep.deviation.threshold = 300 (default)
2019-09-17 09:44:16,270 [pool-87-thread-1] INFO  server.RaftServerConfigKeys (ConfUtils.java:logGet(43)) - raft.server.log.appender.install.snapshot.enabled = false (custom)
2019-09-17 09:44:16,270 [pool-27-thread-1] INFO  impl.RaftServerImpl (RaftServerImpl.java:<init>(95)) - e1cfcbeb-5224-4a9d-b080-993c6a3e7f1d: new RaftServerImpl for group-5B0938DB2163:[e1cfcbeb-5224-4a9d-b080-993c6a3e7f1d:192.168.34.37:43244, f9962b5d-8f72-4ed2-8dfc-2c7675abb12a:192.168.34.37:38666, 09dced90-c907-4a20-a124-e2615848b753:192.168.34.37:39974] with ContainerStateMachine:uninitialized
2019-09-17 09:44:16,270 [pool-87-thread-1] INFO  impl.RaftServerImpl (ServerState.java:<init>(103)) - 09dced90-c907-4a20-a124-e2615848b753@group-5B0938DB2163: ConfigurationManager, init=-1: [e1cfcbeb-5224-4a9d-b080-993c6a3e7f1d:192.168.34.37:43244, f9962b5d-8f72-4ed2-8dfc-2c7675abb12a:192.168.34.37:38666, 09dced90-c907-4a20-a124-e2615848b753:192.168.34.37:39974], old=null, confs=<EMPTY_MAP>
2019-09-17 09:44:16,270 [pool-27-thread-1] INFO  server.RaftServerConfigKeys (ConfUtils.java:logGet(43)) - raft.server.rpc.timeout.min = 5s (custom)
2019-09-17 09:44:16,271 [pool-27-thread-1] INFO  server.RaftServerConfigKeys (ConfUtils.java:logGet(43)) - raft.server.rpc.timeout.max = 5200ms (custom)
2019-09-17 09:44:16,271 [pool-27-thread-1] INFO  server.RaftServerConfigKeys (ConfUtils.java:logGet(43)) - raft.server.rpcslowness.timeout = 120s (custom)
2019-09-17 09:44:16,271 [pool-87-thread-1] INFO  server.RaftServerConfigKeys (ConfUtils.java:logGet(43)) - raft.server.storage.dir = [/workdir/hadoop-ozone/integration-test/target/test-dir/MiniOzoneClusterImpl-fce8d8f6-cc05-4b6f-89d8-36af20ecf8a0/datanode-6/data/ratis] (custom)
2019-09-17 09:44:16,271 [pool-27-thread-1] INFO  server.RaftServerConfigKeys (ConfUtils.java:logGet(43)) - raft.server.sleep.deviation.threshold = 300 (default)
2019-09-17 09:44:16,271 [pool-27-thread-1] INFO  server.RaftServerConfigKeys (ConfUtils.java:logGet(43)) - raft.server.log.appender.install.snapshot.enabled = false (custom)
2019-09-17 09:44:16,271 [pool-27-thread-1] INFO  impl.RaftServerImpl (ServerState.java:<init>(103)) - e1cfcbeb-5224-4a9d-b080-993c6a3e7f1d@group-5B0938DB2163: ConfigurationManager, init=-1: [e1cfcbeb-5224-4a9d-b080-993c6a3e7f1d:192.168.34.37:43244, f9962b5d-8f72-4ed2-8dfc-2c7675abb12a:192.168.34.37:38666, 09dced90-c907-4a20-a124-e2615848b753:192.168.34.37:39974], old=null, confs=<EMPTY_MAP>
2019-09-17 09:44:16,271 [pool-57-thread-1] INFO  impl.RaftServerImpl (RaftServerImpl.java:<init>(95)) - f9962b5d-8f72-4ed2-8dfc-2c7675abb12a: new RaftServerImpl for group-5B0938DB2163:[e1cfcbeb-5224-4a9d-b080-993c6a3e7f1d:192.168.34.37:43244, f9962b5d-8f72-4ed2-8dfc-2c7675abb12a:192.168.34.37:38666, 09dced90-c907-4a20-a124-e2615848b753:192.168.34.37:39974] with ContainerStateMachine:uninitialized
2019-09-17 09:44:16,271 [pool-87-thread-1] INFO  storage.RaftStorageDirectory (RaftStorageDirectory.java:analyzeStorage(246)) - The storage directory /workdir/hadoop-ozone/integration-test/target/test-dir/MiniOzoneClusterImpl-fce8d8f6-cc05-4b6f-89d8-36af20ecf8a0/datanode-6/data/ratis/a28df8f3-01e2-41ec-b21c-5b0938db2163 does not exist. Creating ...
2019-09-17 09:44:16,271 [pool-27-thread-1] INFO  server.RaftServerConfigKeys (ConfUtils.java:logGet(43)) - raft.server.storage.dir = [/workdir/hadoop-ozone/integration-test/target/test-dir/MiniOzoneClusterImpl-fce8d8f6-cc05-4b6f-89d8-36af20ecf8a0/datanode-0/data/ratis] (custom)
2019-09-17 09:44:16,272 [pool-57-thread-1] INFO  server.RaftServerConfigKeys (ConfUtils.java:logGet(43)) - raft.server.rpc.timeout.min = 5s (custom)
2019-09-17 09:44:16,272 [pool-57-thread-1] INFO  server.RaftServerConfigKeys (ConfUtils.java:logGet(43)) - raft.server.rpc.timeout.max = 5200ms (custom)
2019-09-17 09:44:16,272 [pool-27-thread-1] INFO  storage.RaftStorageDirectory (RaftStorageDirectory.java:analyzeStorage(246)) - The storage directory /workdir/hadoop-ozone/integration-test/target/test-dir/MiniOzoneClusterImpl-fce8d8f6-cc05-4b6f-89d8-36af20ecf8a0/datanode-0/data/ratis/a28df8f3-01e2-41ec-b21c-5b0938db2163 does not exist. Creating ...
2019-09-17 09:44:16,272 [pool-57-thread-1] INFO  server.RaftServerConfigKeys (ConfUtils.java:logGet(43)) - raft.server.rpcslowness.timeout = 120s (custom)
2019-09-17 09:44:16,273 [pool-57-thread-1] INFO  server.RaftServerConfigKeys (ConfUtils.java:logGet(43)) - raft.server.sleep.deviation.threshold = 300 (default)
2019-09-17 09:44:16,273 [pool-57-thread-1] INFO  server.RaftServerConfigKeys (ConfUtils.java:logGet(43)) - raft.server.log.appender.install.snapshot.enabled = false (custom)
2019-09-17 09:44:16,273 [pool-57-thread-1] INFO  impl.RaftServerImpl (ServerState.java:<init>(103)) - f9962b5d-8f72-4ed2-8dfc-2c7675abb12a@group-5B0938DB2163: ConfigurationManager, init=-1: [e1cfcbeb-5224-4a9d-b080-993c6a3e7f1d:192.168.34.37:43244, f9962b5d-8f72-4ed2-8dfc-2c7675abb12a:192.168.34.37:38666, 09dced90-c907-4a20-a124-e2615848b753:192.168.34.37:39974], old=null, confs=<EMPTY_MAP>
2019-09-17 09:44:16,273 [pool-57-thread-1] INFO  server.RaftServerConfigKeys (ConfUtils.java:logGet(43)) - raft.server.storage.dir = [/workdir/hadoop-ozone/integration-test/target/test-dir/MiniOzoneClusterImpl-fce8d8f6-cc05-4b6f-89d8-36af20ecf8a0/datanode-3/data/ratis] (custom)
2019-09-17 09:44:16,273 [pool-57-thread-1] INFO  storage.RaftStorageDirectory (RaftStorageDirectory.java:analyzeStorage(246)) - The storage directory /workdir/hadoop-ozone/integration-test/target/test-dir/MiniOzoneClusterImpl-fce8d8f6-cc05-4b6f-89d8-36af20ecf8a0/datanode-3/data/ratis/a28df8f3-01e2-41ec-b21c-5b0938db2163 does not exist. Creating ...
2019-09-17 09:44:16,285 [pool-27-thread-1] INFO  storage.RaftStorageDirectory (RaftStorageDirectory.java:tryLock(328)) - Lock on /workdir/hadoop-ozone/integration-test/target/test-dir/MiniOzoneClusterImpl-fce8d8f6-cc05-4b6f-89d8-36af20ecf8a0/datanode-0/data/ratis/a28df8f3-01e2-41ec-b21c-5b0938db2163/in_use.lock acquired by nodename 12704@pr-hdds-2110-rdjw6-11158954
2019-09-17 09:44:16,285 [pool-87-thread-1] INFO  storage.RaftStorageDirectory (RaftStorageDirectory.java:tryLock(328)) - Lock on /workdir/hadoop-ozone/integration-test/target/test-dir/MiniOzoneClusterImpl-fce8d8f6-cc05-4b6f-89d8-36af20ecf8a0/datanode-6/data/ratis/a28df8f3-01e2-41ec-b21c-5b0938db2163/in_use.lock acquired by nodename 12704@pr-hdds-2110-rdjw6-11158954
2019-09-17 09:44:16,285 [pool-57-thread-1] INFO  storage.RaftStorageDirectory (RaftStorageDirectory.java:tryLock(328)) - Lock on /workdir/hadoop-ozone/integration-test/target/test-dir/MiniOzoneClusterImpl-fce8d8f6-cc05-4b6f-89d8-36af20ecf8a0/datanode-3/data/ratis/a28df8f3-01e2-41ec-b21c-5b0938db2163/in_use.lock acquired by nodename 12704@pr-hdds-2110-rdjw6-11158954
2019-09-17 09:44:16,297 [pool-27-thread-1] INFO  storage.RaftStorage (RaftStorage.java:format(72)) - Storage directory /workdir/hadoop-ozone/integration-test/target/test-dir/MiniOzoneClusterImpl-fce8d8f6-cc05-4b6f-89d8-36af20ecf8a0/datanode-0/data/ratis/a28df8f3-01e2-41ec-b21c-5b0938db2163 has been successfully formatted.
2019-09-17 09:44:16,297 [pool-87-thread-1] INFO  storage.RaftStorage (RaftStorage.java:format(72)) - Storage directory /workdir/hadoop-ozone/integration-test/target/test-dir/MiniOzoneClusterImpl-fce8d8f6-cc05-4b6f-89d8-36af20ecf8a0/datanode-6/data/ratis/a28df8f3-01e2-41ec-b21c-5b0938db2163 has been successfully formatted.
2019-09-17 09:44:16,297 [pool-57-thread-1] INFO  storage.RaftStorage (RaftStorage.java:format(72)) - Storage directory /workdir/hadoop-ozone/integration-test/target/test-dir/MiniOzoneClusterImpl-fce8d8f6-cc05-4b6f-89d8-36af20ecf8a0/datanode-3/data/ratis/a28df8f3-01e2-41ec-b21c-5b0938db2163 has been successfully formatted.
2019-09-17 09:44:16,298 [pool-27-thread-1] INFO  ratis.ContainerStateMachine (ContainerStateMachine.java:loadSnapshot(230)) - group-5B0938DB2163: The snapshot info is null. Setting the last applied indexto:(t:0, i:~)
2019-09-17 09:44:16,298 [pool-57-thread-1] INFO  ratis.ContainerStateMachine (ContainerStateMachine.java:loadSnapshot(230)) - group-5B0938DB2163: The snapshot info is null. Setting the last applied indexto:(t:0, i:~)
2019-09-17 09:44:16,298 [pool-87-thread-1] INFO  ratis.ContainerStateMachine (ContainerStateMachine.java:loadSnapshot(230)) - group-5B0938DB2163: The snapshot info is null. Setting the last applied indexto:(t:0, i:~)
2019-09-17 09:44:16,298 [pool-57-thread-1] INFO  server.RaftServerConfigKeys (ConfUtils.java:logGet(43)) - raft.server.notification.no-leader.timeout = 120s (custom)
2019-09-17 09:44:16,298 [pool-27-thread-1] INFO  server.RaftServerConfigKeys (ConfUtils.java:logGet(43)) - raft.server.notification.no-leader.timeout = 120s (custom)
2019-09-17 09:44:16,299 [pool-57-thread-1] INFO  server.RaftServerConfigKeys (ConfUtils.java:logGet(43)) - raft.server.log.use.memory = false (default)
2019-09-17 09:44:16,298 [pool-87-thread-1] INFO  server.RaftServerConfigKeys (ConfUtils.java:logGet(43)) - raft.server.notification.no-leader.timeout = 120s (custom)
2019-09-17 09:44:16,299 [pool-57-thread-1] INFO  server.RaftServerConfigKeys (ConfUtils.java:logGet(43)) - raft.server.log.purge.gap = 1000000 (custom)
2019-09-17 09:44:16,299 [pool-27-thread-1] INFO  server.RaftServerConfigKeys (ConfUtils.java:logGet(43)) - raft.server.log.use.memory = false (default)
2019-09-17 09:44:16,299 [pool-57-thread-1] INFO  server.RaftServerConfigKeys (ConfUtils.java:logGet(43)) - raft.server.log.appender.buffer.byte-limit = 33554432 (custom)
2019-09-17 09:44:16,299 [pool-87-thread-1] INFO  server.RaftServerConfigKeys (ConfUtils.java:logGet(43)) - raft.server.log.use.memory = false (default)
2019-09-17 09:44:16,299 [pool-57-thread-1] INFO  server.RaftServerConfigKeys (ConfUtils.java:logGet(43)) - raft.server.log.segment.size.max = 1048576 (custom)
2019-09-17 09:44:16,299 [pool-27-thread-1] INFO  server.RaftServerConfigKeys (ConfUtils.java:logGet(43)) - raft.server.log.purge.gap = 1000000 (custom)
2019-09-17 09:44:16,300 [pool-57-thread-1] INFO  server.RaftServerConfigKeys (ConfUtils.java:logGet(43)) - raft.server.log.segment.cache.num.max = 2 (custom)
2019-09-17 09:44:16,300 [pool-87-thread-1] INFO  server.RaftServerConfigKeys (ConfUtils.java:logGet(43)) - raft.server.log.purge.gap = 1000000 (custom)
2019-09-17 09:44:16,300 [pool-57-thread-1] INFO  segmented.SegmentedRaftLogWorker (SegmentedRaftLogWorker.java:<init>(172)) - new f9962b5d-8f72-4ed2-8dfc-2c7675abb12a@group-5B0938DB2163-SegmentedRaftLogWorker for RaftStorage:Storage Directory /workdir/hadoop-ozone/integration-test/target/test-dir/MiniOzoneClusterImpl-fce8d8f6-cc05-4b6f-89d8-36af20ecf8a0/datanode-3/data/ratis/a28df8f3-01e2-41ec-b21c-5b0938db2163
2019-09-17 09:44:16,300 [pool-27-thread-1] INFO  server.RaftServerConfigKeys (ConfUtils.java:logGet(43)) - raft.server.log.appender.buffer.byte-limit = 33554432 (custom)
2019-09-17 09:44:16,300 [pool-57-thread-1] INFO  server.RaftServerConfigKeys (ConfUtils.java:logGet(43)) - raft.server.log.queue.byte-limit = 2147483647 (custom)
2019-09-17 09:44:16,300 [pool-87-thread-1] INFO  server.RaftServerConfigKeys (ConfUtils.java:logGet(43)) - raft.server.log.appender.buffer.byte-limit = 33554432 (custom)
2019-09-17 09:44:16,300 [pool-57-thread-1] INFO  server.RaftServerConfigKeys (ConfUtils.java:logGet(43)) - raft.server.log.queue.element-limit = 1024 (custom)
2019-09-17 09:44:16,300 [pool-27-thread-1] INFO  server.RaftServerConfigKeys (ConfUtils.java:logGet(43)) - raft.server.log.segment.size.max = 1048576 (custom)
2019-09-17 09:44:16,301 [pool-57-thread-1] INFO  server.RaftServerConfigKeys (ConfUtils.java:logGet(43)) - raft.server.log.segment.size.max = 1048576 (custom)
2019-09-17 09:44:16,301 [pool-87-thread-1] INFO  server.RaftServerConfigKeys (ConfUtils.java:logGet(43)) - raft.server.log.segment.size.max = 1048576 (custom)
2019-09-17 09:44:16,301 [pool-57-thread-1] INFO  server.RaftServerConfigKeys (ConfUtils.java:logGet(43)) - raft.server.log.preallocated.size = 16384 (custom)
2019-09-17 09:44:16,301 [pool-57-thread-1] INFO  server.RaftServerConfigKeys (ConfUtils.java:logGet(43)) - raft.server.log.write.buffer.size = 33554432 (custom)
2019-09-17 09:44:16,301 [pool-27-thread-1] INFO  server.RaftServerConfigKeys (ConfUtils.java:logGet(43)) - raft.server.log.segment.cache.num.max = 2 (custom)
2019-09-17 09:44:16,302 [pool-57-thread-1] INFO  server.RaftServerConfigKeys (ConfUtils.java:logGet(43)) - raft.server.log.force.sync.num = 128 (default)
2019-09-17 09:44:16,302 [pool-57-thread-1] INFO  server.RaftServerConfigKeys (ConfUtils.java:logGet(43)) - raft.server.log.statemachine.data.sync = true (default)
2019-09-17 09:44:16,301 [pool-87-thread-1] INFO  server.RaftServerConfigKeys (ConfUtils.java:logGet(43)) - raft.server.log.segment.cache.num.max = 2 (custom)
2019-09-17 09:44:16,302 [pool-57-thread-1] INFO  server.RaftServerConfigKeys (ConfUtils.java:logGet(43)) - raft.server.log.statemachine.data.sync.timeout = 10s (default)
2019-09-17 09:44:16,303 [pool-57-thread-1] INFO  server.RaftServerConfigKeys (ConfUtils.java:logGet(43)) - raft.server.log.statemachine.data.sync.timeout.retry = -1 (default)
2019-09-17 09:44:16,302 [pool-27-thread-1] INFO  segmented.SegmentedRaftLogWorker (SegmentedRaftLogWorker.java:<init>(172)) - new e1cfcbeb-5224-4a9d-b080-993c6a3e7f1d@group-5B0938DB2163-SegmentedRaftLogWorker for RaftStorage:Storage Directory /workdir/hadoop-ozone/integration-test/target/test-dir/MiniOzoneClusterImpl-fce8d8f6-cc05-4b6f-89d8-36af20ecf8a0/datanode-0/data/ratis/a28df8f3-01e2-41ec-b21c-5b0938db2163
2019-09-17 09:44:16,303 [pool-57-thread-1] INFO  server.RaftServerConfigKeys (ConfUtils.java:logGet(43)) - raft.server.log.statemachine.data.caching.enabled = true (custom)
2019-09-17 09:44:16,302 [pool-87-thread-1] INFO  segmented.SegmentedRaftLogWorker (SegmentedRaftLogWorker.java:<init>(172)) - new 09dced90-c907-4a20-a124-e2615848b753@group-5B0938DB2163-SegmentedRaftLogWorker for RaftStorage:Storage Directory /workdir/hadoop-ozone/integration-test/target/test-dir/MiniOzoneClusterImpl-fce8d8f6-cc05-4b6f-89d8-36af20ecf8a0/datanode-6/data/ratis/a28df8f3-01e2-41ec-b21c-5b0938db2163
2019-09-17 09:44:16,303 [pool-27-thread-1] INFO  server.RaftServerConfigKeys (ConfUtils.java:logGet(43)) - raft.server.log.queue.byte-limit = 2147483647 (custom)
2019-09-17 09:44:16,303 [pool-87-thread-1] INFO  server.RaftServerConfigKeys (ConfUtils.java:logGet(43)) - raft.server.log.queue.byte-limit = 2147483647 (custom)
2019-09-17 09:44:16,303 [pool-57-thread-1] INFO  segmented.SegmentedRaftLogWorker (SegmentedRaftLogWorker.java:lambda$new$0(132)) - f9962b5d-8f72-4ed2-8dfc-2c7675abb12a@group-5B0938DB2163-SegmentedRaftLogWorker: flushIndex: setUnconditionally 0 -> -1
2019-09-17 09:44:16,304 [pool-87-thread-1] INFO  server.RaftServerConfigKeys (ConfUtils.java:logGet(43)) - raft.server.log.queue.element-limit = 1024 (custom)
2019-09-17 09:44:16,303 [pool-27-thread-1] INFO  server.RaftServerConfigKeys (ConfUtils.java:logGet(43)) - raft.server.log.queue.element-limit = 1024 (custom)
2019-09-17 09:44:16,304 [pool-87-thread-1] INFO  server.RaftServerConfigKeys (ConfUtils.java:logGet(43)) - raft.server.log.segment.size.max = 1048576 (custom)
2019-09-17 09:44:16,304 [pool-57-thread-1] INFO  server.RaftServerConfigKeys (ConfUtils.java:logGet(43)) - raft.server.snapshot.auto.trigger.enabled = true (custom)
2019-09-17 09:44:16,304 [pool-87-thread-1] INFO  server.RaftServerConfigKeys (ConfUtils.java:logGet(43)) - raft.server.log.preallocated.size = 16384 (custom)
2019-09-17 09:44:16,305 [pool-87-thread-1] INFO  server.RaftServerConfigKeys (ConfUtils.java:logGet(43)) - raft.server.log.write.buffer.size = 33554432 (custom)
2019-09-17 09:44:16,304 [pool-27-thread-1] INFO  server.RaftServerConfigKeys (ConfUtils.java:logGet(43)) - raft.server.log.segment.size.max = 1048576 (custom)
2019-09-17 09:44:16,305 [pool-87-thread-1] INFO  server.RaftServerConfigKeys (ConfUtils.java:logGet(43)) - raft.server.log.force.sync.num = 128 (default)
2019-09-17 09:44:16,304 [pool-57-thread-1] INFO  server.RaftServerConfigKeys (ConfUtils.java:logGet(43)) - raft.server.snapshot.auto.trigger.threshold = 10000 (custom)
2019-09-17 09:44:16,305 [pool-87-thread-1] INFO  server.RaftServerConfigKeys (ConfUtils.java:logGet(43)) - raft.server.log.statemachine.data.sync = true (default)
2019-09-17 09:44:16,305 [pool-27-thread-1] INFO  server.RaftServerConfigKeys (ConfUtils.java:logGet(43)) - raft.server.log.preallocated.size = 16384 (custom)
2019-09-17 09:44:16,305 [pool-87-thread-1] INFO  server.RaftServerConfigKeys (ConfUtils.java:logGet(43)) - raft.server.log.statemachine.data.sync.timeout = 10s (default)
2019-09-17 09:44:16,305 [pool-57-thread-1] INFO  server.RaftServerConfigKeys (ConfUtils.java:logGet(43)) - raft.server.snapshot.retention.num.files = -1 (default)
2019-09-17 09:44:16,306 [pool-87-thread-1] INFO  server.RaftServerConfigKeys (ConfUtils.java:logGet(43)) - raft.server.log.statemachine.data.sync.timeout.retry = -1 (default)
2019-09-17 09:44:16,306 [pool-27-thread-1] INFO  server.RaftServerConfigKeys (ConfUtils.java:logGet(43)) - raft.server.log.write.buffer.size = 33554432 (custom)
2019-09-17 09:44:16,306 [pool-87-thread-1] INFO  server.RaftServerConfigKeys (ConfUtils.java:logGet(43)) - raft.server.log.statemachine.data.caching.enabled = true (custom)
2019-09-17 09:44:16,306 [pool-57-thread-1] INFO  server.RaftServerConfigKeys (ConfUtils.java:logGet(43)) - raft.server.retrycache.expirytime = 600000ms (custom)
2019-09-17 09:44:16,306 [pool-27-thread-1] INFO  server.RaftServerConfigKeys (ConfUtils.java:logGet(43)) - raft.server.log.force.sync.num = 128 (default)
2019-09-17 09:44:16,307 [pool-87-thread-1] INFO  segmented.SegmentedRaftLogWorker (SegmentedRaftLogWorker.java:lambda$new$0(132)) - 09dced90-c907-4a20-a124-e2615848b753@group-5B0938DB2163-SegmentedRaftLogWorker: flushIndex: setUnconditionally 0 -> -1
2019-09-17 09:44:16,307 [pool-27-thread-1] INFO  server.RaftServerConfigKeys (ConfUtils.java:logGet(43)) - raft.server.log.statemachine.data.sync = true (default)
2019-09-17 09:44:16,307 [pool-87-thread-1] INFO  server.RaftServerConfigKeys (ConfUtils.java:logGet(43)) - raft.server.snapshot.auto.trigger.enabled = true (custom)
2019-09-17 09:44:16,307 [pool-27-thread-1] INFO  server.RaftServerConfigKeys (ConfUtils.java:logGet(43)) - raft.server.log.statemachine.data.sync.timeout = 10s (default)
2019-09-17 09:44:16,307 [pool-87-thread-1] INFO  server.RaftServerConfigKeys (ConfUtils.java:logGet(43)) - raft.server.snapshot.auto.trigger.threshold = 10000 (custom)
2019-09-17 09:44:16,308 [pool-27-thread-1] INFO  server.RaftServerConfigKeys (ConfUtils.java:logGet(43)) - raft.server.log.statemachine.data.sync.timeout.retry = -1 (default)
2019-09-17 09:44:16,308 [pool-87-thread-1] INFO  server.RaftServerConfigKeys (ConfUtils.java:logGet(43)) - raft.server.snapshot.retention.num.files = -1 (default)
2019-09-17 09:44:16,308 [pool-27-thread-1] INFO  server.RaftServerConfigKeys (ConfUtils.java:logGet(43)) - raft.server.log.statemachine.data.caching.enabled = true (custom)
2019-09-17 09:44:16,308 [pool-87-thread-1] INFO  server.RaftServerConfigKeys (ConfUtils.java:logGet(43)) - raft.server.retrycache.expirytime = 600000ms (custom)
2019-09-17 09:44:16,308 [pool-27-thread-1] INFO  segmented.SegmentedRaftLogWorker (SegmentedRaftLogWorker.java:lambda$new$0(132)) - e1cfcbeb-5224-4a9d-b080-993c6a3e7f1d@group-5B0938DB2163-SegmentedRaftLogWorker: flushIndex: setUnconditionally 0 -> -1
2019-09-17 09:44:16,309 [pool-27-thread-1] INFO  server.RaftServerConfigKeys (ConfUtils.java:logGet(43)) - raft.server.snapshot.auto.trigger.enabled = true (custom)
2019-09-17 09:44:16,309 [pool-27-thread-1] INFO  server.RaftServerConfigKeys (ConfUtils.java:logGet(43)) - raft.server.snapshot.auto.trigger.threshold = 10000 (custom)
2019-09-17 09:44:16,309 [pool-27-thread-1] INFO  server.RaftServerConfigKeys (ConfUtils.java:logGet(43)) - raft.server.snapshot.retention.num.files = -1 (default)
2019-09-17 09:44:16,309 [pool-27-thread-1] INFO  server.RaftServerConfigKeys (ConfUtils.java:logGet(43)) - raft.server.retrycache.expirytime = 600000ms (custom)
2019-09-17 09:44:16,310 [pool-57-thread-1] INFO  impl.RaftServerImpl (RaftServerImpl.java:start(185)) - f9962b5d-8f72-4ed2-8dfc-2c7675abb12a@group-5B0938DB2163: start as a follower, conf=-1: [e1cfcbeb-5224-4a9d-b080-993c6a3e7f1d:192.168.34.37:43244, f9962b5d-8f72-4ed2-8dfc-2c7675abb12a:192.168.34.37:38666, 09dced90-c907-4a20-a124-e2615848b753:192.168.34.37:39974], old=null
2019-09-17 09:44:16,310 [pool-57-thread-1] INFO  impl.RaftServerImpl (RaftServerImpl.java:setRole(174)) - f9962b5d-8f72-4ed2-8dfc-2c7675abb12a@group-5B0938DB2163: changes role from      null to FOLLOWER at term 0 for startAsFollower
2019-09-17 09:44:16,311 [pool-57-thread-1] INFO  impl.RoleInfo (RoleInfo.java:updateAndGet(143)) - f9962b5d-8f72-4ed2-8dfc-2c7675abb12a: start FollowerState
2019-09-17 09:44:16,311 [pool-57-thread-1] INFO  util.JmxRegister (JmxRegister.java:tryRegister(44)) - Successfully registered JMX Bean with object name Ratis:service=RaftServer,group=group-5B0938DB2163,id=f9962b5d-8f72-4ed2-8dfc-2c7675abb12a
2019-09-17 09:44:16,312 [pool-87-thread-1] INFO  impl.RaftServerImpl (RaftServerImpl.java:start(185)) - 09dced90-c907-4a20-a124-e2615848b753@group-5B0938DB2163: start as a follower, conf=-1: [e1cfcbeb-5224-4a9d-b080-993c6a3e7f1d:192.168.34.37:43244, f9962b5d-8f72-4ed2-8dfc-2c7675abb12a:192.168.34.37:38666, 09dced90-c907-4a20-a124-e2615848b753:192.168.34.37:39974], old=null
2019-09-17 09:44:16,312 [pool-87-thread-1] INFO  impl.RaftServerImpl (RaftServerImpl.java:setRole(174)) - 09dced90-c907-4a20-a124-e2615848b753@group-5B0938DB2163: changes role from      null to FOLLOWER at term 0 for startAsFollower
2019-09-17 09:44:16,313 [pool-87-thread-1] INFO  impl.RoleInfo (RoleInfo.java:updateAndGet(143)) - 09dced90-c907-4a20-a124-e2615848b753: start FollowerState
2019-09-17 09:44:16,313 [pool-27-thread-1] INFO  impl.RaftServerImpl (RaftServerImpl.java:start(185)) - e1cfcbeb-5224-4a9d-b080-993c6a3e7f1d@group-5B0938DB2163: start as a follower, conf=-1: [e1cfcbeb-5224-4a9d-b080-993c6a3e7f1d:192.168.34.37:43244, f9962b5d-8f72-4ed2-8dfc-2c7675abb12a:192.168.34.37:38666, 09dced90-c907-4a20-a124-e2615848b753:192.168.34.37:39974], old=null
2019-09-17 09:44:16,313 [pool-87-thread-1] INFO  util.JmxRegister (JmxRegister.java:tryRegister(44)) - Successfully registered JMX Bean with object name Ratis:service=RaftServer,group=group-5B0938DB2163,id=09dced90-c907-4a20-a124-e2615848b753
2019-09-17 09:44:16,313 [pool-27-thread-1] INFO  impl.RaftServerImpl (RaftServerImpl.java:setRole(174)) - e1cfcbeb-5224-4a9d-b080-993c6a3e7f1d@group-5B0938DB2163: changes role from      null to FOLLOWER at term 0 for startAsFollower
2019-09-17 09:44:16,314 [pool-27-thread-1] INFO  impl.RoleInfo (RoleInfo.java:updateAndGet(143)) - e1cfcbeb-5224-4a9d-b080-993c6a3e7f1d: start FollowerState
2019-09-17 09:44:16,314 [pool-27-thread-1] INFO  util.JmxRegister (JmxRegister.java:tryRegister(44)) - Successfully registered JMX Bean with object name Ratis:service=RaftServer,group=group-5B0938DB2163,id=e1cfcbeb-5224-4a9d-b080-993c6a3e7f1d
2019-09-17 09:44:16,317 [RatisPipelineUtilsThread] INFO  pipeline.PipelineStateManager (PipelineStateManager.java:addPipeline(56)) - Created pipeline Pipeline[ Id: a28df8f3-01e2-41ec-b21c-5b0938db2163, Nodes: f9962b5d-8f72-4ed2-8dfc-2c7675abb12a{ip: 192.168.34.37, host: pr-hdds-2110-rdjw6-11158954, networkLocation: /default-rack, certSerialId: null}e1cfcbeb-5224-4a9d-b080-993c6a3e7f1d{ip: 192.168.34.37, host: pr-hdds-2110-rdjw6-11158954, networkLocation: /default-rack, certSerialId: null}09dced90-c907-4a20-a124-e2615848b753{ip: 192.168.34.37, host: pr-hdds-2110-rdjw6-11158954, networkLocation: /default-rack, certSerialId: null}, Type:RATIS, Factor:THREE, State:OPEN]
2019-09-17 09:44:16,554 [main] WARN  io.KeyOutputStream (KeyOutputStream.java:handleException(276)) - Encountered exception java.io.IOException: Unexpected Storage Container Exception: java.util.concurrent.CompletionException: java.util.concurrent.CompletionException: org.apache.ratis.protocol.GroupMismatchException: f9962b5d-8f72-4ed2-8dfc-2c7675abb12a: group-B653656075C6 not found. on the pipeline Pipeline[ Id: 87d2a377-5e00-4cf9-9bfa-b653656075c6, Nodes: f9962b5d-8f72-4ed2-8dfc-2c7675abb12a{ip: 192.168.34.37, host: pr-hdds-2110-rdjw6-11158954, networkLocation: /default-rack, certSerialId: null}e1cfcbeb-5224-4a9d-b080-993c6a3e7f1d{ip: 192.168.34.37, host: pr-hdds-2110-rdjw6-11158954, networkLocation: /default-rack, certSerialId: null}09dced90-c907-4a20-a124-e2615848b753{ip: 192.168.34.37, host: pr-hdds-2110-rdjw6-11158954, networkLocation: /default-rack, certSerialId: null}, Type:RATIS, Factor:THREE, State:OPEN]. The last committed block length is 0, uncommitted data length is 150 retry count 0
2019-09-17 09:44:16,610 [grpc-default-executor-1] INFO  client.GrpcClientProtocolClient (GrpcClientProtocolClient.java:onNext(264)) - client-8F592F2DF5D4->f9962b5d-8f72-4ed2-8dfc-2c7675abb12a: receive RaftClientReply:client-8F592F2DF5D4->f9962b5d-8f72-4ed2-8dfc-2c7675abb12a@group-5B0938DB2163, cid=30, FAILED org.apache.ratis.protocol.NotLeaderException: Server f9962b5d-8f72-4ed2-8dfc-2c7675abb12a@group-5B0938DB2163 is not the leader, logIndex=0, commits[f9962b5d-8f72-4ed2-8dfc-2c7675abb12a:c-1]
2019-09-17 09:44:17,638 [grpc-default-executor-1] INFO  client.GrpcClientProtocolClient (GrpcClientProtocolClient.java:onNext(264)) - client-8F592F2DF5D4->09dced90-c907-4a20-a124-e2615848b753: receive RaftClientReply:client-8F592F2DF5D4->09dced90-c907-4a20-a124-e2615848b753@group-5B0938DB2163, cid=30, FAILED org.apache.ratis.protocol.NotLeaderException: Server 09dced90-c907-4a20-a124-e2615848b753@group-5B0938DB2163 is not the leader, logIndex=0, commits[09dced90-c907-4a20-a124-e2615848b753:c-1]
2019-09-17 09:44:18,656 [grpc-default-executor-1] INFO  client.GrpcClientProtocolClient (GrpcClientProtocolClient.java:onNext(264)) - client-8F592F2DF5D4->f9962b5d-8f72-4ed2-8dfc-2c7675abb12a: receive RaftClientReply:client-8F592F2DF5D4->f9962b5d-8f72-4ed2-8dfc-2c7675abb12a@group-5B0938DB2163, cid=30, FAILED org.apache.ratis.protocol.NotLeaderException: Server f9962b5d-8f72-4ed2-8dfc-2c7675abb12a@group-5B0938DB2163 is not the leader, logIndex=0, commits[f9962b5d-8f72-4ed2-8dfc-2c7675abb12a:c-1]
2019-09-17 09:44:18,738 [grpc-default-executor-0] INFO  impl.RaftServerProxy (RaftServerProxy.java:remove(95)) - f9962b5d-8f72-4ed2-8dfc-2c7675abb12a: remove group-B653656075C6:null
2019-09-17 09:44:18,748 [RatisPipelineUtilsThread] WARN  pipeline.RatisPipelineUtils (RatisPipelineUtils.java:destroyPipeline(66)) - Pipeline destroy failed for pipeline=PipelineID=87d2a377-5e00-4cf9-9bfa-b653656075c6 dn=f9962b5d-8f72-4ed2-8dfc-2c7675abb12a{ip: 192.168.34.37, host: pr-hdds-2110-rdjw6-11158954, networkLocation: /default-rack, certSerialId: null}
2019-09-17 09:44:18,751 [grpc-default-executor-0] INFO  impl.RaftServerProxy (RaftServerProxy.java:remove(95)) - e1cfcbeb-5224-4a9d-b080-993c6a3e7f1d: remove group-B653656075C6:null
2019-09-17 09:44:18,758 [RatisPipelineUtilsThread] WARN  pipeline.RatisPipelineUtils (RatisPipelineUtils.java:destroyPipeline(66)) - Pipeline destroy failed for pipeline=PipelineID=87d2a377-5e00-4cf9-9bfa-b653656075c6 dn=e1cfcbeb-5224-4a9d-b080-993c6a3e7f1d{ip: 192.168.34.37, host: pr-hdds-2110-rdjw6-11158954, networkLocation: /default-rack, certSerialId: null}
2019-09-17 09:44:18,761 [grpc-default-executor-0] INFO  impl.RaftServerProxy (RaftServerProxy.java:remove(95)) - 09dced90-c907-4a20-a124-e2615848b753: remove group-B653656075C6:null
2019-09-17 09:44:18,767 [RatisPipelineUtilsThread] WARN  pipeline.RatisPipelineUtils (RatisPipelineUtils.java:destroyPipeline(66)) - Pipeline destroy failed for pipeline=PipelineID=87d2a377-5e00-4cf9-9bfa-b653656075c6 dn=09dced90-c907-4a20-a124-e2615848b753{ip: 192.168.34.37, host: pr-hdds-2110-rdjw6-11158954, networkLocation: /default-rack, certSerialId: null}
2019-09-17 09:44:18,767 [RatisPipelineUtilsThread] ERROR pipeline.SCMPipelineManager (Scheduler.java:lambda$schedule$1(70)) - Destroy pipeline failed for pipeline:Pipeline[ Id: 87d2a377-5e00-4cf9-9bfa-b653656075c6, Nodes: f9962b5d-8f72-4ed2-8dfc-2c7675abb12a{ip: 192.168.34.37, host: pr-hdds-2110-rdjw6-11158954, networkLocation: /default-rack, certSerialId: null}e1cfcbeb-5224-4a9d-b080-993c6a3e7f1d{ip: 192.168.34.37, host: pr-hdds-2110-rdjw6-11158954, networkLocation: /default-rack, certSerialId: null}09dced90-c907-4a20-a124-e2615848b753{ip: 192.168.34.37, host: pr-hdds-2110-rdjw6-11158954, networkLocation: /default-rack, certSerialId: null}, Type:RATIS, Factor:THREE, State:CLOSED]
org.apache.hadoop.hdds.scm.pipeline.PipelineNotFoundException: PipelineID=87d2a377-5e00-4cf9-9bfa-b653656075c6 not found
	at org.apache.hadoop.hdds.scm.pipeline.PipelineStateMap.getPipeline(PipelineStateMap.java:132)
	at org.apache.hadoop.hdds.scm.pipeline.PipelineStateMap.removePipeline(PipelineStateMap.java:322)
	at org.apache.hadoop.hdds.scm.pipeline.PipelineStateManager.removePipeline(PipelineStateManager.java:107)
	at org.apache.hadoop.hdds.scm.pipeline.SCMPipelineManager.removePipeline(SCMPipelineManager.java:423)
	at org.apache.hadoop.hdds.scm.pipeline.SCMPipelineManager.destroyPipeline(SCMPipelineManager.java:409)
	at org.apache.hadoop.hdds.scm.pipeline.SCMPipelineManager.lambda$finalizeAndDestroyPipeline$0(SCMPipelineManager.java:318)
	at org.apache.hadoop.utils.Scheduler.lambda$schedule$1(Scheduler.java:68)
	at java.util.concurrent.Executors$RunnableAdapter.call(Executors.java:511)
	at java.util.concurrent.FutureTask.run(FutureTask.java:266)
	at java.util.concurrent.ScheduledThreadPoolExecutor$ScheduledFutureTask.access$201(ScheduledThreadPoolExecutor.java:180)
	at java.util.concurrent.ScheduledThreadPoolExecutor$ScheduledFutureTask.run(ScheduledThreadPoolExecutor.java:293)
	at java.util.concurrent.ThreadPoolExecutor.runWorker(ThreadPoolExecutor.java:1149)
	at java.util.concurrent.ThreadPoolExecutor$Worker.run(ThreadPoolExecutor.java:624)
	at java.lang.Thread.run(Thread.java:748)
2019-09-17 09:44:19,675 [grpc-default-executor-0] INFO  client.GrpcClientProtocolClient (GrpcClientProtocolClient.java:onNext(264)) - client-8F592F2DF5D4->09dced90-c907-4a20-a124-e2615848b753: receive RaftClientReply:client-8F592F2DF5D4->09dced90-c907-4a20-a124-e2615848b753@group-5B0938DB2163, cid=30, FAILED org.apache.ratis.protocol.NotLeaderException: Server 09dced90-c907-4a20-a124-e2615848b753@group-5B0938DB2163 is not the leader, logIndex=0, commits[09dced90-c907-4a20-a124-e2615848b753:c-1]
2019-09-17 09:44:20,705 [grpc-default-executor-1] INFO  client.GrpcClientProtocolClient (GrpcClientProtocolClient.java:onNext(264)) - client-8F592F2DF5D4->f9962b5d-8f72-4ed2-8dfc-2c7675abb12a: receive RaftClientReply:client-8F592F2DF5D4->f9962b5d-8f72-4ed2-8dfc-2c7675abb12a@group-5B0938DB2163, cid=30, FAILED org.apache.ratis.protocol.NotLeaderException: Server f9962b5d-8f72-4ed2-8dfc-2c7675abb12a@group-5B0938DB2163 is not the leader, logIndex=0, commits[f9962b5d-8f72-4ed2-8dfc-2c7675abb12a:c-1]
2019-09-17 09:44:20,739 [grpc-default-executor-1] INFO  impl.RaftServerProxy (RaftServerProxy.java:remove(95)) - f9962b5d-8f72-4ed2-8dfc-2c7675abb12a: remove group-B653656075C6:null
2019-09-17 09:44:20,746 [RatisPipelineUtilsThread] WARN  pipeline.RatisPipelineUtils (RatisPipelineUtils.java:destroyPipeline(66)) - Pipeline destroy failed for pipeline=PipelineID=87d2a377-5e00-4cf9-9bfa-b653656075c6 dn=f9962b5d-8f72-4ed2-8dfc-2c7675abb12a{ip: 192.168.34.37, host: pr-hdds-2110-rdjw6-11158954, networkLocation: /default-rack, certSerialId: null}
2019-09-17 09:44:20,750 [grpc-default-executor-1] INFO  impl.RaftServerProxy (RaftServerProxy.java:remove(95)) - e1cfcbeb-5224-4a9d-b080-993c6a3e7f1d: remove group-B653656075C6:null
2019-09-17 09:44:20,757 [RatisPipelineUtilsThread] WARN  pipeline.RatisPipelineUtils (RatisPipelineUtils.java:destroyPipeline(66)) - Pipeline destroy failed for pipeline=PipelineID=87d2a377-5e00-4cf9-9bfa-b653656075c6 dn=e1cfcbeb-5224-4a9d-b080-993c6a3e7f1d{ip: 192.168.34.37, host: pr-hdds-2110-rdjw6-11158954, networkLocation: /default-rack, certSerialId: null}
2019-09-17 09:44:20,761 [grpc-default-executor-1] INFO  impl.RaftServerProxy (RaftServerProxy.java:remove(95)) - 09dced90-c907-4a20-a124-e2615848b753: remove group-B653656075C6:null
2019-09-17 09:44:20,767 [RatisPipelineUtilsThread] WARN  pipeline.RatisPipelineUtils (RatisPipelineUtils.java:destroyPipeline(66)) - Pipeline destroy failed for pipeline=PipelineID=87d2a377-5e00-4cf9-9bfa-b653656075c6 dn=09dced90-c907-4a20-a124-e2615848b753{ip: 192.168.34.37, host: pr-hdds-2110-rdjw6-11158954, networkLocation: /default-rack, certSerialId: null}
2019-09-17 09:44:20,767 [RatisPipelineUtilsThread] ERROR pipeline.SCMPipelineManager (Scheduler.java:lambda$schedule$1(70)) - Destroy pipeline failed for pipeline:Pipeline[ Id: 87d2a377-5e00-4cf9-9bfa-b653656075c6, Nodes: f9962b5d-8f72-4ed2-8dfc-2c7675abb12a{ip: 192.168.34.37, host: pr-hdds-2110-rdjw6-11158954, networkLocation: /default-rack, certSerialId: null}e1cfcbeb-5224-4a9d-b080-993c6a3e7f1d{ip: 192.168.34.37, host: pr-hdds-2110-rdjw6-11158954, networkLocation: /default-rack, certSerialId: null}09dced90-c907-4a20-a124-e2615848b753{ip: 192.168.34.37, host: pr-hdds-2110-rdjw6-11158954, networkLocation: /default-rack, certSerialId: null}, Type:RATIS, Factor:THREE, State:CLOSED]
org.apache.hadoop.hdds.scm.pipeline.PipelineNotFoundException: PipelineID=87d2a377-5e00-4cf9-9bfa-b653656075c6 not found
	at org.apache.hadoop.hdds.scm.pipeline.PipelineStateMap.getPipeline(PipelineStateMap.java:132)
	at org.apache.hadoop.hdds.scm.pipeline.PipelineStateMap.removePipeline(PipelineStateMap.java:322)
	at org.apache.hadoop.hdds.scm.pipeline.PipelineStateManager.removePipeline(PipelineStateManager.java:107)
	at org.apache.hadoop.hdds.scm.pipeline.SCMPipelineManager.removePipeline(SCMPipelineManager.java:423)
	at org.apache.hadoop.hdds.scm.pipeline.SCMPipelineManager.destroyPipeline(SCMPipelineManager.java:409)
	at org.apache.hadoop.hdds.scm.pipeline.SCMPipelineManager.lambda$finalizeAndDestroyPipeline$0(SCMPipelineManager.java:318)
	at org.apache.hadoop.utils.Scheduler.lambda$schedule$1(Scheduler.java:68)
	at java.util.concurrent.Executors$RunnableAdapter.call(Executors.java:511)
	at java.util.concurrent.FutureTask.run(FutureTask.java:266)
	at java.util.concurrent.ScheduledThreadPoolExecutor$ScheduledFutureTask.access$201(ScheduledThreadPoolExecutor.java:180)
	at java.util.concurrent.ScheduledThreadPoolExecutor$ScheduledFutureTask.run(ScheduledThreadPoolExecutor.java:293)
	at java.util.concurrent.ThreadPoolExecutor.runWorker(ThreadPoolExecutor.java:1149)
	at java.util.concurrent.ThreadPoolExecutor$Worker.run(ThreadPoolExecutor.java:624)
	at java.lang.Thread.run(Thread.java:748)
2019-09-17 09:44:21,325 [Thread-860] INFO  impl.FollowerState (FollowerState.java:run(106)) - 09dced90-c907-4a20-a124-e2615848b753:group-5B0938DB2163 changes to CANDIDATE, lastRpcTime:5012, electionTimeout:5012ms
2019-09-17 09:44:21,326 [Thread-860] INFO  impl.RoleInfo (RoleInfo.java:shutdownFollowerState(121)) - 09dced90-c907-4a20-a124-e2615848b753: shutdown FollowerState
2019-09-17 09:44:21,326 [Thread-860] INFO  impl.RaftServerImpl (RaftServerImpl.java:setRole(174)) - 09dced90-c907-4a20-a124-e2615848b753@group-5B0938DB2163: changes role from  FOLLOWER to CANDIDATE at term 0 for changeToCandidate
2019-09-17 09:44:21,326 [Thread-860] INFO  impl.RoleInfo (RoleInfo.java:updateAndGet(143)) - 09dced90-c907-4a20-a124-e2615848b753: start LeaderElection
2019-09-17 09:44:21,349 [09dced90-c907-4a20-a124-e2615848b753@group-5B0938DB2163:LeaderElection15] INFO  impl.LeaderElection (LeaderElection.java:askForVotes(182)) - 09dced90-c907-4a20-a124-e2615848b753@group-5B0938DB2163:LeaderElection15: begin an election at term 1 for -1: [e1cfcbeb-5224-4a9d-b080-993c6a3e7f1d:192.168.34.37:43244, f9962b5d-8f72-4ed2-8dfc-2c7675abb12a:192.168.34.37:38666, 09dced90-c907-4a20-a124-e2615848b753:192.168.34.37:39974], old=null
2019-09-17 09:44:21,356 [grpc-default-executor-1] INFO  impl.RaftServerImpl (RaftServerImpl.java:setRole(174)) - f9962b5d-8f72-4ed2-8dfc-2c7675abb12a@group-5B0938DB2163: changes role from  FOLLOWER to FOLLOWER at term 1 for recognizeCandidate:09dced90-c907-4a20-a124-e2615848b753
2019-09-17 09:44:21,356 [grpc-default-executor-0] INFO  impl.RaftServerImpl (RaftServerImpl.java:setRole(174)) - e1cfcbeb-5224-4a9d-b080-993c6a3e7f1d@group-5B0938DB2163: changes role from  FOLLOWER to FOLLOWER at term 1 for recognizeCandidate:09dced90-c907-4a20-a124-e2615848b753
2019-09-17 09:44:21,357 [grpc-default-executor-1] INFO  impl.RoleInfo (RoleInfo.java:shutdownFollowerState(121)) - f9962b5d-8f72-4ed2-8dfc-2c7675abb12a: shutdown FollowerState
2019-09-17 09:44:21,357 [grpc-default-executor-0] INFO  impl.RoleInfo (RoleInfo.java:shutdownFollowerState(121)) - e1cfcbeb-5224-4a9d-b080-993c6a3e7f1d: shutdown FollowerState
2019-09-17 09:44:21,357 [grpc-default-executor-1] INFO  impl.RoleInfo (RoleInfo.java:updateAndGet(143)) - f9962b5d-8f72-4ed2-8dfc-2c7675abb12a: start FollowerState
2019-09-17 09:44:21,357 [Thread-861] INFO  impl.FollowerState (FollowerState.java:run(115)) - e1cfcbeb-5224-4a9d-b080-993c6a3e7f1d: FollowerState was interrupted: java.lang.InterruptedException: sleep interrupted
2019-09-17 09:44:21,357 [grpc-default-executor-0] INFO  impl.RoleInfo (RoleInfo.java:updateAndGet(143)) - e1cfcbeb-5224-4a9d-b080-993c6a3e7f1d: start FollowerState
2019-09-17 09:44:21,357 [Thread-858] INFO  impl.FollowerState (FollowerState.java:run(115)) - f9962b5d-8f72-4ed2-8dfc-2c7675abb12a: FollowerState was interrupted: java.lang.InterruptedException: sleep interrupted
2019-09-17 09:44:21,378 [09dced90-c907-4a20-a124-e2615848b753@group-5B0938DB2163:LeaderElection15] INFO  impl.LeaderElection (LeaderElection.java:logAndReturn(56)) - 09dced90-c907-4a20-a124-e2615848b753@group-5B0938DB2163:LeaderElection15: Election PASSED; received 1 response(s) [09dced90-c907-4a20-a124-e2615848b753<-e1cfcbeb-5224-4a9d-b080-993c6a3e7f1d#0:OK-t1] and 0 exception(s); 09dced90-c907-4a20-a124-e2615848b753@group-5B0938DB2163:t1, leader=null, voted=09dced90-c907-4a20-a124-e2615848b753, raftlog=09dced90-c907-4a20-a124-e2615848b753@group-5B0938DB2163-SegmentedRaftLog:OPENED:c-1,f-1,i0, conf=-1: [e1cfcbeb-5224-4a9d-b080-993c6a3e7f1d:192.168.34.37:43244, f9962b5d-8f72-4ed2-8dfc-2c7675abb12a:192.168.34.37:38666, 09dced90-c907-4a20-a124-e2615848b753:192.168.34.37:39974], old=null
2019-09-17 09:44:21,379 [09dced90-c907-4a20-a124-e2615848b753@group-5B0938DB2163:LeaderElection15] INFO  impl.RoleInfo (RoleInfo.java:shutdownLeaderElection(134)) - 09dced90-c907-4a20-a124-e2615848b753: shutdown LeaderElection
2019-09-17 09:44:21,379 [09dced90-c907-4a20-a124-e2615848b753@group-5B0938DB2163:LeaderElection15] INFO  impl.RaftServerImpl (RaftServerImpl.java:setRole(174)) - 09dced90-c907-4a20-a124-e2615848b753@group-5B0938DB2163: changes role from CANDIDATE to LEADER at term 1 for changeToLeader
2019-09-17 09:44:21,379 [09dced90-c907-4a20-a124-e2615848b753@group-5B0938DB2163:LeaderElection15] INFO  impl.RaftServerImpl (ServerState.java:setLeader(253)) - 09dced90-c907-4a20-a124-e2615848b753@group-5B0938DB2163: change Leader from null to 09dced90-c907-4a20-a124-e2615848b753 at term 1 for becomeLeader, leader elected after 5080ms
2019-09-17 09:44:21,379 [09dced90-c907-4a20-a124-e2615848b753@group-5B0938DB2163:LeaderElection15] INFO  server.RaftServerConfigKeys (ConfUtils.java:logGet(43)) - raft.server.staging.catchup.gap = 1000 (default)
2019-09-17 09:44:21,379 [09dced90-c907-4a20-a124-e2615848b753@group-5B0938DB2163:LeaderElection15] INFO  server.RaftServerConfigKeys (ConfUtils.java:logGet(43)) - raft.server.rpc.sleep.time = 25ms (default)
2019-09-17 09:44:21,380 [09dced90-c907-4a20-a124-e2615848b753@group-5B0938DB2163:LeaderElection15] INFO  server.RaftServerConfigKeys (ConfUtils.java:logGet(43)) - raft.server.write.element-limit = 4096 (default)
2019-09-17 09:44:21,380 [09dced90-c907-4a20-a124-e2615848b753@group-5B0938DB2163:LeaderElection15] INFO  server.RaftServerConfigKeys (ConfUtils.java:logGet(43)) - raft.server.watch.timeout = 10s (default)
2019-09-17 09:44:21,380 [09dced90-c907-4a20-a124-e2615848b753@group-5B0938DB2163:LeaderElection15] INFO  server.RaftServerConfigKeys (ConfUtils.java:logGet(43)) - raft.server.watch.timeout.denomination = 1s (default)
2019-09-17 09:44:21,380 [09dced90-c907-4a20-a124-e2615848b753@group-5B0938DB2163:LeaderElection15] INFO  server.RaftServerConfigKeys (ConfUtils.java:logGet(43)) - raft.server.watch.element-limit = 65536 (default)
2019-09-17 09:44:21,384 [09dced90-c907-4a20-a124-e2615848b753@group-5B0938DB2163:LeaderElection15] INFO  server.RaftServerConfigKeys (ConfUtils.java:logGet(43)) - raft.server.log.appender.snapshot.chunk.size.max = 16MB (=16777216) (default)
2019-09-17 09:44:21,384 [09dced90-c907-4a20-a124-e2615848b753@group-5B0938DB2163:LeaderElection15] INFO  server.RaftServerConfigKeys (ConfUtils.java:logGet(43)) - raft.server.log.appender.buffer.byte-limit = 33554432 (custom)
2019-09-17 09:44:21,385 [09dced90-c907-4a20-a124-e2615848b753@group-5B0938DB2163:LeaderElection15] INFO  server.RaftServerConfigKeys (ConfUtils.java:logGet(43)) - raft.server.log.appender.buffer.element-limit = 1 (custom)
2019-09-17 09:44:21,385 [09dced90-c907-4a20-a124-e2615848b753@group-5B0938DB2163:LeaderElection15] INFO  grpc.GrpcConfigKeys$Server (ConfUtils.java:logGet(43)) - raft.grpc.server.leader.outstanding.appends.max = 128 (default)
2019-09-17 09:44:21,385 [09dced90-c907-4a20-a124-e2615848b753@group-5B0938DB2163:LeaderElection15] INFO  server.RaftServerConfigKeys (ConfUtils.java:logGet(43)) - raft.server.rpc.request.timeout = 3000ms (default)
2019-09-17 09:44:21,385 [09dced90-c907-4a20-a124-e2615848b753@group-5B0938DB2163:LeaderElection15] INFO  server.RaftServerConfigKeys (ConfUtils.java:logGet(43)) - raft.server.log.appender.install.snapshot.enabled = false (custom)
2019-09-17 09:44:21,386 [09dced90-c907-4a20-a124-e2615848b753@group-5B0938DB2163:LeaderElection15] INFO  server.RaftServerConfigKeys (ConfUtils.java:logGet(43)) - raft.server.log.appender.snapshot.chunk.size.max = 16MB (=16777216) (default)
2019-09-17 09:44:21,386 [09dced90-c907-4a20-a124-e2615848b753@group-5B0938DB2163:LeaderElection15] INFO  server.RaftServerConfigKeys (ConfUtils.java:logGet(43)) - raft.server.log.appender.buffer.byte-limit = 33554432 (custom)
2019-09-17 09:44:21,386 [09dced90-c907-4a20-a124-e2615848b753@group-5B0938DB2163:LeaderElection15] INFO  server.RaftServerConfigKeys (ConfUtils.java:logGet(43)) - raft.server.log.appender.buffer.element-limit = 1 (custom)
2019-09-17 09:44:21,386 [09dced90-c907-4a20-a124-e2615848b753@group-5B0938DB2163:LeaderElection15] INFO  grpc.GrpcConfigKeys$Server (ConfUtils.java:logGet(43)) - raft.grpc.server.leader.outstanding.appends.max = 128 (default)
2019-09-17 09:44:21,386 [09dced90-c907-4a20-a124-e2615848b753@group-5B0938DB2163:LeaderElection15] INFO  server.RaftServerConfigKeys (ConfUtils.java:logGet(43)) - raft.server.rpc.request.timeout = 3000ms (default)
2019-09-17 09:44:21,387 [09dced90-c907-4a20-a124-e2615848b753@group-5B0938DB2163:LeaderElection15] INFO  server.RaftServerConfigKeys (ConfUtils.java:logGet(43)) - raft.server.log.appender.install.snapshot.enabled = false (custom)
2019-09-17 09:44:21,387 [09dced90-c907-4a20-a124-e2615848b753@group-5B0938DB2163:LeaderElection15] INFO  impl.RoleInfo (RoleInfo.java:updateAndGet(143)) - 09dced90-c907-4a20-a124-e2615848b753: start LeaderState
2019-09-17 09:44:21,387 [09dced90-c907-4a20-a124-e2615848b753@group-5B0938DB2163:LeaderElection15] INFO  segmented.SegmentedRaftLogWorker (SegmentedRaftLogWorker.java:startLogSegment(380)) - 09dced90-c907-4a20-a124-e2615848b753@group-5B0938DB2163-SegmentedRaftLogWorker: Starting segment from index:0
2019-09-17 09:44:21,388 [09dced90-c907-4a20-a124-e2615848b753@group-5B0938DB2163:LeaderElection15] INFO  impl.RaftServerImpl (ServerState.java:setRaftConf(354)) - 09dced90-c907-4a20-a124-e2615848b753@group-5B0938DB2163: set configuration 0: [e1cfcbeb-5224-4a9d-b080-993c6a3e7f1d:192.168.34.37:43244, f9962b5d-8f72-4ed2-8dfc-2c7675abb12a:192.168.34.37:38666, 09dced90-c907-4a20-a124-e2615848b753:192.168.34.37:39974], old=null at 0
2019-09-17 09:44:21,418 [grpc-default-executor-1] INFO  impl.RaftServerImpl (ServerState.java:setLeader(253)) - e1cfcbeb-5224-4a9d-b080-993c6a3e7f1d@group-5B0938DB2163: change Leader from null to 09dced90-c907-4a20-a124-e2615848b753 at term 1 for appendEntries, leader elected after 5120ms
2019-09-17 09:44:21,418 [grpc-default-executor-0] INFO  impl.RaftServerImpl (ServerState.java:setLeader(253)) - f9962b5d-8f72-4ed2-8dfc-2c7675abb12a@group-5B0938DB2163: change Leader from null to 09dced90-c907-4a20-a124-e2615848b753 at term 1 for appendEntries, leader elected after 5117ms
2019-09-17 09:44:21,421 [grpc-default-executor-1] INFO  impl.RaftServerImpl (ServerState.java:setRaftConf(354)) - f9962b5d-8f72-4ed2-8dfc-2c7675abb12a@group-5B0938DB2163: set configuration 0: [e1cfcbeb-5224-4a9d-b080-993c6a3e7f1d:192.168.34.37:43244, f9962b5d-8f72-4ed2-8dfc-2c7675abb12a:192.168.34.37:38666, 09dced90-c907-4a20-a124-e2615848b753:192.168.34.37:39974], old=null at 0
2019-09-17 09:44:21,421 [grpc-default-executor-0] INFO  impl.RaftServerImpl (ServerState.java:setRaftConf(354)) - e1cfcbeb-5224-4a9d-b080-993c6a3e7f1d@group-5B0938DB2163: set configuration 0: [e1cfcbeb-5224-4a9d-b080-993c6a3e7f1d:192.168.34.37:43244, f9962b5d-8f72-4ed2-8dfc-2c7675abb12a:192.168.34.37:38666, 09dced90-c907-4a20-a124-e2615848b753:192.168.34.37:39974], old=null at 0
2019-09-17 09:44:21,421 [grpc-default-executor-1] INFO  segmented.SegmentedRaftLogWorker (SegmentedRaftLogWorker.java:startLogSegment(380)) - f9962b5d-8f72-4ed2-8dfc-2c7675abb12a@group-5B0938DB2163-SegmentedRaftLogWorker: Starting segment from index:0
2019-09-17 09:44:21,421 [grpc-default-executor-0] INFO  segmented.SegmentedRaftLogWorker (SegmentedRaftLogWorker.java:startLogSegment(380)) - e1cfcbeb-5224-4a9d-b080-993c6a3e7f1d@group-5B0938DB2163-SegmentedRaftLogWorker: Starting segment from index:0
2019-09-17 09:44:21,425 [09dced90-c907-4a20-a124-e2615848b753@group-5B0938DB2163-SegmentedRaftLogWorker] INFO  segmented.SegmentedRaftLogWorker (SegmentedRaftLogWorker.java:execute(569)) - 09dced90-c907-4a20-a124-e2615848b753@group-5B0938DB2163-SegmentedRaftLogWorker: created new log segment /workdir/hadoop-ozone/integration-test/target/test-dir/MiniOzoneClusterImpl-fce8d8f6-cc05-4b6f-89d8-36af20ecf8a0/datanode-6/data/ratis/a28df8f3-01e2-41ec-b21c-5b0938db2163/current/log_inprogress_0
2019-09-17 09:44:21,458 [f9962b5d-8f72-4ed2-8dfc-2c7675abb12a@group-5B0938DB2163-SegmentedRaftLogWorker] INFO  segmented.SegmentedRaftLogWorker (SegmentedRaftLogWorker.java:execute(569)) - f9962b5d-8f72-4ed2-8dfc-2c7675abb12a@group-5B0938DB2163-SegmentedRaftLogWorker: created new log segment /workdir/hadoop-ozone/integration-test/target/test-dir/MiniOzoneClusterImpl-fce8d8f6-cc05-4b6f-89d8-36af20ecf8a0/datanode-3/data/ratis/a28df8f3-01e2-41ec-b21c-5b0938db2163/current/log_inprogress_0
2019-09-17 09:44:21,458 [e1cfcbeb-5224-4a9d-b080-993c6a3e7f1d@group-5B0938DB2163-SegmentedRaftLogWorker] INFO  segmented.SegmentedRaftLogWorker (SegmentedRaftLogWorker.java:execute(569)) - e1cfcbeb-5224-4a9d-b080-993c6a3e7f1d@group-5B0938DB2163-SegmentedRaftLogWorker: created new log segment /workdir/hadoop-ozone/integration-test/target/test-dir/MiniOzoneClusterImpl-fce8d8f6-cc05-4b6f-89d8-36af20ecf8a0/datanode-0/data/ratis/a28df8f3-01e2-41ec-b21c-5b0938db2163/current/log_inprogress_0
2019-09-17 09:44:21,893 [grpc-default-executor-1] INFO  client.GrpcClientProtocolClient (GrpcClientProtocolClient.java:onNext(264)) - client-8F592F2DF5D4->09dced90-c907-4a20-a124-e2615848b753: receive RaftClientReply:client-8F592F2DF5D4->09dced90-c907-4a20-a124-e2615848b753@group-5B0938DB2163, cid=30, SUCCESS, logIndex=1, commits[09dced90-c907-4a20-a124-e2615848b753:c1, e1cfcbeb-5224-4a9d-b080-993c6a3e7f1d:c0, f9962b5d-8f72-4ed2-8dfc-2c7675abb12a:c0]
2019-09-17 09:44:21,934 [grpc-default-executor-0] INFO  client.GrpcClientProtocolClient (GrpcClientProtocolClient.java:onNext(264)) - client-8F592F2DF5D4->09dced90-c907-4a20-a124-e2615848b753: receive RaftClientReply:client-8F592F2DF5D4->09dced90-c907-4a20-a124-e2615848b753@group-5B0938DB2163, cid=31, SUCCESS, logIndex=3, commits[09dced90-c907-4a20-a124-e2615848b753:c4, e1cfcbeb-5224-4a9d-b080-993c6a3e7f1d:c2, f9962b5d-8f72-4ed2-8dfc-2c7675abb12a:c2]
2019-09-17 09:44:21,993 [grpc-default-executor-0] INFO  client.GrpcClientProtocolClient (GrpcClientProtocolClient.java:onNext(264)) - client-8F592F2DF5D4->09dced90-c907-4a20-a124-e2615848b753: receive RaftClientReply:client-8F592F2DF5D4->09dced90-c907-4a20-a124-e2615848b753@group-5B0938DB2163, cid=32, SUCCESS, logIndex=4, commits[09dced90-c907-4a20-a124-e2615848b753:c6, e1cfcbeb-5224-4a9d-b080-993c6a3e7f1d:c4, f9962b5d-8f72-4ed2-8dfc-2c7675abb12a:c4]
]]></system-out>
  </testcase>
  <testcase name="testFullBufferCondition" classname="org.apache.hadoop.ozone.client.rpc.TestBlockOutputStream" time="0.417"/>
  <testcase name="testBufferCaching" classname="org.apache.hadoop.ozone.client.rpc.TestBlockOutputStream" time="0.35"/>
  <testcase name="testWriteWithExceedingMaxBufferLimit" classname="org.apache.hadoop.ozone.client.rpc.TestBlockOutputStream" time="0.147"/>
</testsuite>